<?xml version="1.0" encoding="UTF-8"?>
<testsuite xmlns:xsi="http://www.w3.org/2001/XMLSchema-instance" xsi:noNamespaceSchemaLocation="https://maven.apache.org/surefire/maven-surefire-plugin/xsd/surefire-test-report-3.0.xsd" version="3.0" name="org.apache.hadoop.fs.ozone.TestOzoneFileSystem" time="432.624" tests="156" errors="0" skipped="0" failures="1">
  <properties>
    <property name="awt.toolkit" value="sun.awt.X11.XToolkit"/>
    <property name="file.encoding.pkg" value="sun.io"/>
    <property name="java.specification.version" value="1.8"/>
    <property name="sun.cpu.isalist" value=""/>
    <property name="sun.jnu.encoding" value="UTF-8"/>
    <property name="java.class.path" value="/home/runner/work/ozone/ozone/hadoop-ozone/integration-test/target/test-classes:/home/runner/work/ozone/ozone/hadoop-ozone/integration-test/target/classes:/home/runner/.m2/repository/org/apache/ozone/ozone-common/1.3.0-SNAPSHOT/ozone-common-1.3.0-SNAPSHOT.jar:/home/runner/.m2/repository/io/grpc/grpc-netty/1.48.1/grpc-netty-1.48.1.jar:/home/runner/.m2/repository/io/grpc/grpc-core/1.48.1/grpc-core-1.48.1.jar:/home/runner/.m2/repository/com/google/android/annotations/4.1.1.4/annotations-4.1.1.4.jar:/home/runner/.m2/repository/org/codehaus/mojo/animal-sniffer-annotations/1.21/animal-sniffer-annotations-1.21.jar:/home/runner/.m2/repository/com/google/errorprone/error_prone_annotations/2.2.0/error_prone_annotations-2.2.0.jar:/home/runner/.m2/repository/io/perfmark/perfmark-api/0.25.0/perfmark-api-0.25.0.jar:/home/runner/.m2/repository/io/netty/netty-codec-http2/4.1.79.Final/netty-codec-http2-4.1.79.Final.jar:/home/runner/.m2/repository/io/netty/netty-common/4.1.79.Final/netty-common-4.1.79.Final.jar:/home/runner/.m2/repository/io/netty/netty-buffer/4.1.79.Final/netty-buffer-4.1.79.Final.jar:/home/runner/.m2/repository/io/netty/netty-codec-http/4.1.79.Final/netty-codec-http-4.1.79.Final.jar:/home/runner/.m2/repository/io/netty/netty-handler-proxy/4.1.79.Final/netty-handler-proxy-4.1.79.Final.jar:/home/runner/.m2/repository/io/netty/netty-codec-socks/4.1.79.Final/netty-codec-socks-4.1.79.Final.jar:/home/runner/.m2/repository/io/netty/netty-tcnative-boringssl-static/2.0.53.Final/netty-tcnative-boringssl-static-2.0.53.Final.jar:/home/runner/.m2/repository/io/netty/netty-tcnative-classes/2.0.53.Final/netty-tcnative-classes-2.0.53.Final.jar:/home/runner/.m2/repository/io/netty/netty-tcnative-boringssl-static/2.0.53.Final/netty-tcnative-boringssl-static-2.0.53.Final-linux-x86_64.jar:/home/runner/.m2/repository/io/netty/netty-tcnative-boringssl-static/2.0.53.Final/netty-tcnative-boringssl-static-2.0.53.Final-linux-aarch_64.jar:/home/runner/.m2/repository/io/netty/netty-tcnative-boringssl-static/2.0.53.Final/netty-tcnative-boringssl-static-2.0.53.Final-osx-x86_64.jar:/home/runner/.m2/repository/io/netty/netty-tcnative-boringssl-static/2.0.53.Final/netty-tcnative-boringssl-static-2.0.53.Final-osx-aarch_64.jar:/home/runner/.m2/repository/io/netty/netty-tcnative-boringssl-static/2.0.53.Final/netty-tcnative-boringssl-static-2.0.53.Final-windows-x86_64.jar:/home/runner/.m2/repository/org/apache/commons/commons-compress/1.21/commons-compress-1.21.jar:/home/runner/.m2/repository/org/apache/ozone/hdds-common/1.3.0-SNAPSHOT/hdds-common-1.3.0-SNAPSHOT.jar:/home/runner/.m2/repository/org/apache/ozone/hdds-client/1.3.0-SNAPSHOT/hdds-client-1.3.0-SNAPSHOT.jar:/home/runner/.m2/repository/org/apache/ozone/ozone-interface-client/1.3.0-SNAPSHOT/ozone-interface-client-1.3.0-SNAPSHOT.jar:/home/runner/.m2/repository/org/apache/ozone/hdds-test-utils/1.3.0-SNAPSHOT/hdds-test-utils-1.3.0-SNAPSHOT.jar:/home/runner/.m2/repository/com/google/guava/guava/31.1-jre/guava-31.1-jre.jar:/home/runner/.m2/repository/com/google/guava/failureaccess/1.0.1/failureaccess-1.0.1.jar:/home/runner/.m2/repository/com/google/guava/listenablefuture/9999.0-empty-to-avoid-conflict-with-guava/listenablefuture-9999.0-empty-to-avoid-conflict-with-guava.jar:/home/runner/.m2/repository/com/google/code/findbugs/jsr305/3.0.0/jsr305-3.0.0.jar:/home/runner/.m2/repository/org/checkerframework/checker-qual/3.12.0/checker-qual-3.12.0.jar:/home/runner/.m2/repository/com/google/j2objc/j2objc-annotations/1.3/j2objc-annotations-1.3.jar:/home/runner/.m2/repository/commons-io/commons-io/2.11.0/commons-io-2.11.0.jar:/home/runner/.m2/repository/commons-logging/commons-logging/1.2/commons-logging-1.2.jar:/home/runner/.m2/repository/ch/qos/reload4j/reload4j/1.2.22/reload4j-1.2.22.jar:/home/runner/.m2/repository/org/slf4j/slf4j-api/1.7.36/slf4j-api-1.7.36.jar:/home/runner/.m2/repository/org/apache/ozone/hdds-server-scm/1.3.0-SNAPSHOT/hdds-server-scm-1.3.0-SNAPSHOT.jar:/home/runner/.m2/repository/org/apache/ozone/hdds-container-service/1.3.0-SNAPSHOT/hdds-container-service-1.3.0-SNAPSHOT.jar:/home/runner/.m2/repository/org/apache/ozone/hdds-hadoop-dependency-server/1.3.0-SNAPSHOT/hdds-hadoop-dependency-server-1.3.0-SNAPSHOT.jar:/home/runner/.m2/repository/org/apache/hadoop/hadoop-hdfs/3.3.1/hadoop-hdfs-3.3.1.jar:/home/runner/.m2/repository/org/eclipse/jetty/jetty-util-ajax/9.4.43.v20210629/jetty-util-ajax-9.4.43.v20210629.jar:/home/runner/.m2/repository/commons-daemon/commons-daemon/1.0.13/commons-daemon-1.0.13.jar:/home/runner/.m2/repository/org/apache/ozone/hdds-server-framework/1.3.0-SNAPSHOT/hdds-server-framework-1.3.0-SNAPSHOT.jar:/home/runner/.m2/repository/org/apache/ozone/hdds-interface-server/1.3.0-SNAPSHOT/hdds-interface-server-1.3.0-SNAPSHOT.jar:/home/runner/.m2/repository/org/apache/logging/log4j/log4j-core/2.17.1/log4j-core-2.17.1.jar:/home/runner/.m2/repository/com/lmax/disruptor/3.4.2/disruptor-3.4.2.jar:/home/runner/.m2/repository/org/eclipse/jetty/jetty-servlet/9.4.43.v20210629/jetty-servlet-9.4.43.v20210629.jar:/home/runner/.m2/repository/org/eclipse/jetty/jetty-security/9.4.43.v20210629/jetty-security-9.4.43.v20210629.jar:/home/runner/.m2/repository/org/rocksdb/rocksdbjni/7.4.5/rocksdbjni-7.4.5.jar:/home/runner/.m2/repository/io/prometheus/simpleclient_dropwizard/0.7.0/simpleclient_dropwizard-0.7.0.jar:/home/runner/.m2/repository/io/prometheus/simpleclient/0.7.0/simpleclient-0.7.0.jar:/home/runner/.m2/repository/io/prometheus/simpleclient_common/0.7.0/simpleclient_common-0.7.0.jar:/home/runner/.m2/repository/io/dropwizard/metrics/metrics-core/3.2.4/metrics-core-3.2.4.jar:/home/runner/.m2/repository/org/apache/hadoop/hadoop-hdfs-client/3.3.1/hadoop-hdfs-client-3.3.1.jar:/home/runner/.m2/repository/org/bouncycastle/bcprov-jdk15on/1.67/bcprov-jdk15on-1.67.jar:/home/runner/.m2/repository/com/google/protobuf/protobuf-java/2.5.0/protobuf-java-2.5.0.jar:/home/runner/.m2/repository/org/apache/ozone/ozone-manager/1.3.0-SNAPSHOT/ozone-manager-1.3.0-SNAPSHOT.jar:/home/runner/.m2/repository/org/aspectj/aspectjrt/1.9.7/aspectjrt-1.9.7.jar:/home/runner/.m2/repository/org/aspectj/aspectjweaver/1.9.7/aspectjweaver-1.9.7.jar:/home/runner/.m2/repository/org/apache/ozone/hdds-interface-client/1.3.0-SNAPSHOT/hdds-interface-client-1.3.0-SNAPSHOT.jar:/home/runner/.m2/repository/org/apache/hadoop/thirdparty/hadoop-shaded-protobuf_3_7/1.1.1/hadoop-shaded-protobuf_3_7-1.1.1.jar:/home/runner/.m2/repository/org/apache/ozone/ozone-interface-storage/1.3.0-SNAPSHOT/ozone-interface-storage-1.3.0-SNAPSHOT.jar:/home/runner/.m2/repository/org/reflections/reflections/0.9.11/reflections-0.9.11.jar:/home/runner/.m2/repository/com/sun/jersey/jersey-client/1.19/jersey-client-1.19.jar:/home/runner/.m2/repository/org/apache/ranger/ranger-intg/2.3.0/ranger-intg-2.3.0.jar:/home/runner/.m2/repository/org/apache/ranger/ranger-plugins-common/2.3.0/ranger-plugins-common-2.3.0.jar:/home/runner/.m2/repository/commons-lang/commons-lang/2.6/commons-lang-2.6.jar:/home/runner/.m2/repository/org/codehaus/jackson/jackson-jaxrs/1.9.13/jackson-jaxrs-1.9.13.jar:/home/runner/.m2/repository/org/apache/ranger/ranger-plugins-cred/2.3.0/ranger-plugins-cred-2.3.0.jar:/home/runner/.m2/repository/org/apache/ranger/ranger-plugins-audit/2.3.0/ranger-plugins-audit-2.3.0.jar:/home/runner/.m2/repository/org/eclipse/jetty/jetty-client/9.4.31.v20200723/jetty-client-9.4.31.v20200723.jar:/home/runner/.m2/repository/org/apache/httpcomponents/httpmime/4.5.6/httpmime-4.5.6.jar:/home/runner/.m2/repository/org/apache/httpcomponents/httpcore-nio/4.4.6/httpcore-nio-4.4.6.jar:/home/runner/.m2/repository/org/apache/httpcomponents/httpasyncclient/4.1.3/httpasyncclient-4.1.3.jar:/home/runner/.m2/repository/com/carrotsearch/hppc/0.8.0/hppc-0.8.0.jar:/home/runner/.m2/repository/org/apache/orc/orc-core/1.5.8/orc-core-1.5.8.jar:/home/runner/.m2/repository/net/java/dev/jna/jna/5.2.0/jna-5.2.0.jar:/home/runner/.m2/repository/net/java/dev/jna/jna-platform/5.2.0/jna-platform-5.2.0.jar:/home/runner/.m2/repository/com/kstruct/gethostname4j/0.0.2/gethostname4j-0.0.2.jar:/home/runner/.m2/repository/org/apache/ranger/ranger-plugin-classloader/2.3.0/ranger-plugin-classloader-2.3.0.jar:/home/runner/.m2/repository/org/apache/hadoop/hadoop-minikdc/3.3.1/hadoop-minikdc-3.3.1.jar:/home/runner/.m2/repository/org/apache/kerby/kerb-simplekdc/1.0.1/kerb-simplekdc-1.0.1.jar:/home/runner/.m2/repository/org/apache/kerby/kerb-client/1.0.1/kerb-client-1.0.1.jar:/home/runner/.m2/repository/org/apache/kerby/kerby-config/1.0.1/kerby-config-1.0.1.jar:/home/runner/.m2/repository/org/apache/kerby/kerb-common/1.0.1/kerb-common-1.0.1.jar:/home/runner/.m2/repository/org/apache/kerby/kerb-crypto/1.0.1/kerb-crypto-1.0.1.jar:/home/runner/.m2/repository/org/apache/kerby/kerb-util/1.0.1/kerb-util-1.0.1.jar:/home/runner/.m2/repository/org/apache/kerby/token-provider/1.0.1/token-provider-1.0.1.jar:/home/runner/.m2/repository/org/apache/kerby/kerb-admin/1.0.1/kerb-admin-1.0.1.jar:/home/runner/.m2/repository/org/apache/kerby/kerb-server/1.0.1/kerb-server-1.0.1.jar:/home/runner/.m2/repository/org/apache/kerby/kerb-identity/1.0.1/kerb-identity-1.0.1.jar:/home/runner/.m2/repository/org/apache/kerby/kerby-xdr/1.0.1/kerby-xdr-1.0.1.jar:/home/runner/.m2/repository/org/apache/ozone/ozone-s3gateway/1.3.0-SNAPSHOT/ozone-s3gateway-1.3.0-SNAPSHOT.jar:/home/runner/.m2/repository/org/javassist/javassist/3.21.0-GA/javassist-3.21.0-GA.jar:/home/runner/.m2/repository/org/jboss/weld/servlet/weld-servlet/2.4.7.Final/weld-servlet-2.4.7.Final.jar:/home/runner/.m2/repository/org/glassfish/jersey/containers/jersey-container-servlet-core/2.34/jersey-container-servlet-core-2.34.jar:/home/runner/.m2/repository/org/glassfish/hk2/external/jakarta.inject/2.6.1/jakarta.inject-2.6.1.jar:/home/runner/.m2/repository/org/glassfish/jersey/core/jersey-common/2.34/jersey-common-2.34.jar:/home/runner/.m2/repository/jakarta/ws/rs/jakarta.ws.rs-api/2.1.6/jakarta.ws.rs-api-2.1.6.jar:/home/runner/.m2/repository/org/glassfish/jersey/ext/cdi/jersey-cdi1x/2.34/jersey-cdi1x-2.34.jar:/home/runner/.m2/repository/org/glassfish/jersey/inject/jersey-hk2/2.34/jersey-hk2-2.34.jar:/home/runner/.m2/repository/org/glassfish/hk2/hk2-locator/2.6.1/hk2-locator-2.6.1.jar:/home/runner/.m2/repository/org/glassfish/jersey/media/jersey-media-jaxb/2.34/jersey-media-jaxb-2.34.jar:/home/runner/.m2/repository/org/glassfish/hk2/osgi-resource-locator/1.0.3/osgi-resource-locator-1.0.3.jar:/home/runner/.m2/repository/org/glassfish/hk2/hk2-api/2.5.0/hk2-api-2.5.0.jar:/home/runner/.m2/repository/org/glassfish/hk2/hk2-utils/2.5.0/hk2-utils-2.5.0.jar:/home/runner/.m2/repository/org/glassfish/hk2/external/aopalliance-repackaged/2.5.0/aopalliance-repackaged-2.5.0.jar:/home/runner/.m2/repository/com/fasterxml/jackson/dataformat/jackson-dataformat-xml/2.13.4/jackson-dataformat-xml-2.13.4.jar:/home/runner/.m2/repository/com/fasterxml/jackson/core/jackson-core/2.13.4/jackson-core-2.13.4.jar:/home/runner/.m2/repository/org/codehaus/woodstox/stax2-api/3.1.4/stax2-api-3.1.4.jar:/home/runner/.m2/repository/com/fasterxml/woodstox/woodstox-core/5.0.3/woodstox-core-5.0.3.jar:/home/runner/.m2/repository/com/fasterxml/jackson/module/jackson-module-jaxb-annotations/2.13.4/jackson-module-jaxb-annotations-2.13.4.jar:/home/runner/.m2/repository/jakarta/xml/bind/jakarta.xml.bind-api/2.3.3/jakarta.xml.bind-api-2.3.3.jar:/home/runner/.m2/repository/jakarta/activation/jakarta.activation-api/1.2.1/jakarta.activation-api-1.2.1.jar:/home/runner/.m2/repository/javax/enterprise/cdi-api/1.2/cdi-api-1.2.jar:/home/runner/.m2/repository/javax/el/javax.el-api/3.0.0/javax.el-api-3.0.0.jar:/home/runner/.m2/repository/javax/interceptor/javax.interceptor-api/1.2/javax.interceptor-api-1.2.jar:/home/runner/.m2/repository/javax/inject/javax.inject/1/javax.inject-1.jar:/home/runner/.m2/repository/javax/xml/bind/jaxb-api/2.3.0/jaxb-api-2.3.0.jar:/home/runner/.m2/repository/org/glassfish/jaxb/jaxb-runtime/2.3.0.1/jaxb-runtime-2.3.0.1.jar:/home/runner/.m2/repository/org/glassfish/jaxb/jaxb-core/2.3.0.1/jaxb-core-2.3.0.1.jar:/home/runner/.m2/repository/org/glassfish/jaxb/txw2/2.3.0.1/txw2-2.3.0.1.jar:/home/runner/.m2/repository/com/sun/istack/istack-commons-runtime/3.0.5/istack-commons-runtime-3.0.5.jar:/home/runner/.m2/repository/org/jvnet/staxex/stax-ex/1.7.8/stax-ex-1.7.8.jar:/home/runner/.m2/repository/com/sun/xml/fastinfoset/FastInfoset/1.2.13/FastInfoset-1.2.13.jar:/home/runner/.m2/repository/javax/activation/activation/1.1.1/activation-1.1.1.jar:/home/runner/.m2/repository/io/grpc/grpc-protobuf/1.48.1/grpc-protobuf-1.48.1.jar:/home/runner/.m2/repository/io/grpc/grpc-api/1.48.1/grpc-api-1.48.1.jar:/home/runner/.m2/repository/io/grpc/grpc-context/1.48.1/grpc-context-1.48.1.jar:/home/runner/.m2/repository/com/google/api/grpc/proto-google-common-protos/2.9.0/proto-google-common-protos-2.9.0.jar:/home/runner/.m2/repository/io/grpc/grpc-protobuf-lite/1.48.1/grpc-protobuf-lite-1.48.1.jar:/home/runner/.m2/repository/io/grpc/grpc-stub/1.48.1/grpc-stub-1.48.1.jar:/home/runner/.m2/repository/io/netty/netty-transport/4.1.79.Final/netty-transport-4.1.79.Final.jar:/home/runner/.m2/repository/io/netty/netty-resolver/4.1.79.Final/netty-resolver-4.1.79.Final.jar:/home/runner/.m2/repository/org/apache/ozone/ozone-csi/1.3.0-SNAPSHOT/ozone-csi-1.3.0-SNAPSHOT.jar:/home/runner/.m2/repository/com/google/protobuf/protobuf-java-util/3.19.2/protobuf-java-util-3.19.2.jar:/home/runner/.m2/repository/com/google/code/gson/gson/2.9.0/gson-2.9.0.jar:/home/runner/.m2/repository/org/apache/ozone/hdds-config/1.3.0-SNAPSHOT/hdds-config-1.3.0-SNAPSHOT.jar:/home/runner/.m2/repository/io/netty/netty-transport-native-epoll/4.1.79.Final/netty-transport-native-epoll-4.1.79.Final-linux-x86_64.jar:/home/runner/.m2/repository/io/netty/netty-transport-classes-epoll/4.1.79.Final/netty-transport-classes-epoll-4.1.79.Final.jar:/home/runner/.m2/repository/io/netty/netty-transport-native-unix-common/4.1.79.Final/netty-transport-native-unix-common-4.1.79.Final.jar:/home/runner/.m2/repository/org/slf4j/slf4j-reload4j/1.7.36/slf4j-reload4j-1.7.36.jar:/home/runner/.m2/repository/org/apache/ozone/ozone-recon/1.3.0-SNAPSHOT/ozone-recon-1.3.0-SNAPSHOT.jar:/home/runner/.m2/repository/org/apache/ozone/ozone-reconcodegen/1.3.0-SNAPSHOT/ozone-reconcodegen-1.3.0-SNAPSHOT.jar:/home/runner/.m2/repository/com/google/inject/extensions/guice-multibindings/4.0/guice-multibindings-4.0.jar:/home/runner/.m2/repository/com/google/inject/guice/4.0/guice-4.0.jar:/home/runner/.m2/repository/aopalliance/aopalliance/1.0/aopalliance-1.0.jar:/home/runner/.m2/repository/com/google/inject/extensions/guice-assistedinject/4.0/guice-assistedinject-4.0.jar:/home/runner/.m2/repository/com/google/inject/extensions/guice-servlet/4.0/guice-servlet-4.0.jar:/home/runner/.m2/repository/org/glassfish/jersey/containers/jersey-container-servlet/2.34/jersey-container-servlet-2.34.jar:/home/runner/.m2/repository/org/glassfish/hk2/guice-bridge/2.5.0/guice-bridge-2.5.0.jar:/home/runner/.m2/repository/org/glassfish/jersey/core/jersey-server/2.34/jersey-server-2.34.jar:/home/runner/.m2/repository/org/glassfish/jersey/core/jersey-client/2.34/jersey-client-2.34.jar:/home/runner/.m2/repository/jakarta/annotation/jakarta.annotation-api/1.3.5/jakarta.annotation-api-1.3.5.jar:/home/runner/.m2/repository/jakarta/validation/jakarta.validation-api/2.0.2/jakarta.validation-api-2.0.2.jar:/home/runner/.m2/repository/org/glassfish/jersey/media/jersey-media-json-jackson/2.34/jersey-media-json-jackson-2.34.jar:/home/runner/.m2/repository/org/glassfish/jersey/ext/jersey-entity-filtering/2.34/jersey-entity-filtering-2.34.jar:/home/runner/.m2/repository/org/jooq/jooq/3.11.10/jooq-3.11.10.jar:/home/runner/.m2/repository/org/jooq/jooq-meta/3.11.10/jooq-meta-3.11.10.jar:/home/runner/.m2/repository/org/jooq/jooq-codegen/3.11.10/jooq-codegen-3.11.10.jar:/home/runner/.m2/repository/com/jolbox/bonecp/0.8.0.RELEASE/bonecp-0.8.0.RELEASE.jar:/home/runner/.m2/repository/org/apache/derby/derby/10.14.2.0/derby-10.14.2.0.jar:/home/runner/.m2/repository/org/xerial/sqlite-jdbc/3.25.2/sqlite-jdbc-3.25.2.jar:/home/runner/.m2/repository/org/springframework/spring-jdbc/5.2.20.RELEASE/spring-jdbc-5.2.20.RELEASE.jar:/home/runner/.m2/repository/org/springframework/spring-beans/5.2.20.RELEASE/spring-beans-5.2.20.RELEASE.jar:/home/runner/.m2/repository/org/springframework/spring-core/5.2.20.RELEASE/spring-core-5.2.20.RELEASE.jar:/home/runner/.m2/repository/org/springframework/spring-jcl/5.2.20.RELEASE/spring-jcl-5.2.20.RELEASE.jar:/home/runner/.m2/repository/org/springframework/spring-tx/5.2.20.RELEASE/spring-tx-5.2.20.RELEASE.jar:/home/runner/.m2/repository/org/apache/ozone/ozone-client/1.3.0-SNAPSHOT/ozone-client-1.3.0-SNAPSHOT.jar:/home/runner/.m2/repository/org/apache/ozone/hdds-erasurecode/1.3.0-SNAPSHOT/hdds-erasurecode-1.3.0-SNAPSHOT.jar:/home/runner/.m2/repository/com/github/spotbugs/spotbugs-annotations/3.1.12/spotbugs-annotations-3.1.12.jar:/home/runner/.m2/repository/org/apache/ozone/ozone-filesystem/1.3.0-SNAPSHOT/ozone-filesystem-1.3.0-SNAPSHOT.jar:/home/runner/.m2/repository/org/apache/ozone/ozone-filesystem-common/1.3.0-SNAPSHOT/ozone-filesystem-common-1.3.0-SNAPSHOT.jar:/home/runner/.m2/repository/org/apache/ozone/ozone-tools/1.3.0-SNAPSHOT/ozone-tools-1.3.0-SNAPSHOT.jar:/home/runner/.m2/repository/org/apache/ratis/ratis-tools/2.3.0/ratis-tools-2.3.0.jar:/home/runner/.m2/repository/com/amazonaws/aws-java-sdk-core/1.12.261/aws-java-sdk-core-1.12.261.jar:/home/runner/.m2/repository/org/apache/httpcomponents/httpclient/4.5.13/httpclient-4.5.13.jar:/home/runner/.m2/repository/org/apache/httpcomponents/httpcore/4.4.13/httpcore-4.4.13.jar:/home/runner/.m2/repository/software/amazon/ion/ion-java/1.0.2/ion-java-1.0.2.jar:/home/runner/.m2/repository/com/fasterxml/jackson/dataformat/jackson-dataformat-cbor/2.13.4/jackson-dataformat-cbor-2.13.4.jar:/home/runner/.m2/repository/joda-time/joda-time/2.8.1/joda-time-2.8.1.jar:/home/runner/.m2/repository/com/amazonaws/aws-java-sdk-s3/1.12.261/aws-java-sdk-s3-1.12.261.jar:/home/runner/.m2/repository/com/amazonaws/aws-java-sdk-kms/1.12.261/aws-java-sdk-kms-1.12.261.jar:/home/runner/.m2/repository/com/amazonaws/jmespath-java/1.12.261/jmespath-java-1.12.261.jar:/home/runner/.m2/repository/org/kohsuke/metainf-services/metainf-services/1.8/metainf-services-1.8.jar:/home/runner/.m2/repository/org/apache/ozone/hdds-tools/1.3.0-SNAPSHOT/hdds-tools-1.3.0-SNAPSHOT.jar:/home/runner/.m2/repository/commons-cli/commons-cli/1.2/commons-cli-1.2.jar:/home/runner/.m2/repository/org/apache/commons/commons-lang3/3.7/commons-lang3-3.7.jar:/home/runner/.m2/repository/org/apache/ozone/ozone-manager/1.3.0-SNAPSHOT/ozone-manager-1.3.0-SNAPSHOT-tests.jar:/home/runner/.m2/repository/org/apache/ozone/hdds-common/1.3.0-SNAPSHOT/hdds-common-1.3.0-SNAPSHOT-tests.jar:/home/runner/.m2/repository/org/apache/ozone/hdds-hadoop-dependency-client/1.3.0-SNAPSHOT/hdds-hadoop-dependency-client-1.3.0-SNAPSHOT.jar:/home/runner/.m2/repository/info/picocli/picocli/4.6.1/picocli-4.6.1.jar:/home/runner/.m2/repository/com/fasterxml/jackson/core/jackson-annotations/2.13.4/jackson-annotations-2.13.4.jar:/home/runner/.m2/repository/com/fasterxml/jackson/datatype/jackson-datatype-jsr310/2.13.4/jackson-datatype-jsr310-2.13.4.jar:/home/runner/.m2/repository/org/apache/ozone/hdds-annotation-processing/1.3.0-SNAPSHOT/hdds-annotation-processing-1.3.0-SNAPSHOT.jar:/home/runner/.m2/repository/javax/annotation/javax.annotation-api/1.2/javax.annotation-api-1.2.jar:/home/runner/.m2/repository/org/apache/ratis/ratis-server/2.3.0/ratis-server-2.3.0.jar:/home/runner/.m2/repository/org/apache/ratis/ratis-client/2.3.0/ratis-client-2.3.0.jar:/home/runner/.m2/repository/org/apache/ratis/ratis-server-api/2.3.0/ratis-server-api-2.3.0.jar:/home/runner/.m2/repository/org/apache/ratis/ratis-metrics/2.3.0/ratis-metrics-2.3.0.jar:/home/runner/.m2/repository/org/apache/ratis/ratis-netty/2.3.0/ratis-netty-2.3.0.jar:/home/runner/.m2/repository/org/apache/ratis/ratis-grpc/2.3.0/ratis-grpc-2.3.0.jar:/home/runner/.m2/repository/org/apache/logging/log4j/log4j-api/2.17.1/log4j-api-2.17.1.jar:/home/runner/.m2/repository/org/apache/commons/commons-pool2/2.6.0/commons-pool2-2.6.0.jar:/home/runner/.m2/repository/org/bouncycastle/bcpkix-jdk15on/1.67/bcpkix-jdk15on-1.67.jar:/home/runner/.m2/repository/commons-validator/commons-validator/1.6/commons-validator-1.6.jar:/home/runner/.m2/repository/commons-beanutils/commons-beanutils/1.9.4/commons-beanutils-1.9.4.jar:/home/runner/.m2/repository/commons-digester/commons-digester/1.8.1/commons-digester-1.8.1.jar:/home/runner/.m2/repository/commons-collections/commons-collections/3.2.2/commons-collections-3.2.2.jar:/home/runner/.m2/repository/io/jaegertracing/jaeger-client/1.6.0/jaeger-client-1.6.0.jar:/home/runner/.m2/repository/io/jaegertracing/jaeger-thrift/1.6.0/jaeger-thrift-1.6.0.jar:/home/runner/.m2/repository/org/apache/thrift/libthrift/0.14.1/libthrift-0.14.1.jar:/home/runner/.m2/repository/com/squareup/okhttp3/okhttp/4.9.0/okhttp-4.9.0.jar:/home/runner/.m2/repository/com/squareup/okio/okio/2.8.0/okio-2.8.0.jar:/home/runner/.m2/repository/io/jaegertracing/jaeger-core/1.6.0/jaeger-core-1.6.0.jar:/home/runner/.m2/repository/io/jaegertracing/jaeger-tracerresolver/1.6.0/jaeger-tracerresolver-1.6.0.jar:/home/runner/.m2/repository/io/opentracing/contrib/opentracing-tracerresolver/0.1.8/opentracing-tracerresolver-0.1.8.jar:/home/runner/.m2/repository/org/jetbrains/kotlin/kotlin-stdlib/1.6.21/kotlin-stdlib-1.6.21.jar:/home/runner/.m2/repository/org/jetbrains/kotlin/kotlin-stdlib-common/1.6.21/kotlin-stdlib-common-1.6.21.jar:/home/runner/.m2/repository/org/jetbrains/annotations/13.0/annotations-13.0.jar:/home/runner/.m2/repository/io/opentracing/opentracing-util/0.33.0/opentracing-util-0.33.0.jar:/home/runner/.m2/repository/io/opentracing/opentracing-api/0.33.0/opentracing-api-0.33.0.jar:/home/runner/.m2/repository/io/opentracing/opentracing-noop/0.33.0/opentracing-noop-0.33.0.jar:/home/runner/.m2/repository/org/yaml/snakeyaml/1.32/snakeyaml-1.32.jar:/home/runner/.m2/repository/org/apache/ozone/hdds-interface-admin/1.3.0-SNAPSHOT/hdds-interface-admin-1.3.0-SNAPSHOT.jar:/home/runner/.m2/repository/junit/junit/4.13.1/junit-4.13.1.jar:/home/runner/.m2/repository/org/hamcrest/hamcrest-core/1.3/hamcrest-core-1.3.jar:/home/runner/.m2/repository/org/junit/jupiter/junit-jupiter-api/5.8.2/junit-jupiter-api-5.8.2.jar:/home/runner/.m2/repository/org/opentest4j/opentest4j/1.2.0/opentest4j-1.2.0.jar:/home/runner/.m2/repository/org/junit/platform/junit-platform-commons/1.8.2/junit-platform-commons-1.8.2.jar:/home/runner/.m2/repository/org/apiguardian/apiguardian-api/1.1.2/apiguardian-api-1.1.2.jar:/home/runner/.m2/repository/org/junit/jupiter/junit-jupiter-params/5.8.2/junit-jupiter-params-5.8.2.jar:/home/runner/.m2/repository/org/junit/jupiter/junit-jupiter-migrationsupport/5.8.2/junit-jupiter-migrationsupport-5.8.2.jar:/home/runner/.m2/repository/org/junit/jupiter/junit-jupiter-engine/5.8.2/junit-jupiter-engine-5.8.2.jar:/home/runner/.m2/repository/org/junit/platform/junit-platform-engine/1.8.2/junit-platform-engine-1.8.2.jar:/home/runner/.m2/repository/org/junit/vintage/junit-vintage-engine/5.8.2/junit-vintage-engine-5.8.2.jar:/home/runner/.m2/repository/org/junit/platform/junit-platform-launcher/1.8.2/junit-platform-launcher-1.8.2.jar:/home/runner/.m2/repository/org/mockito/mockito-core/2.28.2/mockito-core-2.28.2.jar:/home/runner/.m2/repository/net/bytebuddy/byte-buddy/1.9.10/byte-buddy-1.9.10.jar:/home/runner/.m2/repository/net/bytebuddy/byte-buddy-agent/1.9.10/byte-buddy-agent-1.9.10.jar:/home/runner/.m2/repository/org/objenesis/objenesis/1.0/objenesis-1.0.jar:/home/runner/.m2/repository/org/apache/hadoop/hadoop-kms/3.3.1/hadoop-kms-3.3.1.jar:/home/runner/.m2/repository/org/apache/hadoop/hadoop-auth/3.3.1/hadoop-auth-3.3.1.jar:/home/runner/.m2/repository/com/nimbusds/nimbus-jose-jwt/7.9/nimbus-jose-jwt-7.9.jar:/home/runner/.m2/repository/com/github/stephenc/jcip/jcip-annotations/1.0-1/jcip-annotations-1.0-1.jar:/home/runner/.m2/repository/net/minidev/json-smart/2.4.7/json-smart-2.4.7.jar:/home/runner/.m2/repository/net/minidev/accessors-smart/2.4.7/accessors-smart-2.4.7.jar:/home/runner/.m2/repository/org/ow2/asm/asm/5.0.4/asm-5.0.4.jar:/home/runner/.m2/repository/org/apache/zookeeper/zookeeper/3.5.6/zookeeper-3.5.6.jar:/home/runner/.m2/repository/org/apache/zookeeper/zookeeper-jute/3.5.6/zookeeper-jute-3.5.6.jar:/home/runner/.m2/repository/org/apache/yetus/audience-annotations/0.5.0/audience-annotations-0.5.0.jar:/home/runner/.m2/repository/org/apache/curator/curator-framework/4.2.0/curator-framework-4.2.0.jar:/home/runner/.m2/repository/org/apache/hadoop/thirdparty/hadoop-shaded-guava/1.1.1/hadoop-shaded-guava-1.1.1.jar:/home/runner/.m2/repository/com/sun/jersey/jersey-core/1.19/jersey-core-1.19.jar:/home/runner/.m2/repository/javax/ws/rs/jsr311-api/1.1.1/jsr311-api-1.1.1.jar:/home/runner/.m2/repository/com/sun/jersey/jersey-server/1.19/jersey-server-1.19.jar:/home/runner/.m2/repository/javax/servlet/javax.servlet-api/3.1.0/javax.servlet-api-3.1.0.jar:/home/runner/.m2/repository/org/eclipse/jetty/jetty-server/9.4.43.v20210629/jetty-server-9.4.43.v20210629.jar:/home/runner/.m2/repository/org/eclipse/jetty/jetty-http/9.4.43.v20210629/jetty-http-9.4.43.v20210629.jar:/home/runner/.m2/repository/org/eclipse/jetty/jetty-io/9.4.43.v20210629/jetty-io-9.4.43.v20210629.jar:/home/runner/.m2/repository/org/eclipse/jetty/jetty-webapp/9.4.43.v20210629/jetty-webapp-9.4.43.v20210629.jar:/home/runner/.m2/repository/org/eclipse/jetty/jetty-xml/9.4.43.v20210629/jetty-xml-9.4.43.v20210629.jar:/home/runner/.m2/repository/org/apache/hadoop/hadoop-common/3.3.1/hadoop-common-3.3.1.jar:/home/runner/.m2/repository/org/apache/commons/commons-math3/3.1.1/commons-math3-3.1.1.jar:/home/runner/.m2/repository/commons-net/commons-net/3.6/commons-net-3.6.jar:/home/runner/.m2/repository/com/sun/jersey/jersey-servlet/1.19/jersey-servlet-1.19.jar:/home/runner/.m2/repository/com/sun/jersey/jersey-json/1.19/jersey-json-1.19.jar:/home/runner/.m2/repository/org/codehaus/jettison/jettison/1.1/jettison-1.1.jar:/home/runner/.m2/repository/com/sun/xml/bind/jaxb-impl/2.2.3-1/jaxb-impl-2.2.3-1.jar:/home/runner/.m2/repository/org/codehaus/jackson/jackson-xc/1.9.2/jackson-xc-1.9.2.jar:/home/runner/.m2/repository/org/apache/commons/commons-configuration2/2.1.1/commons-configuration2-2.1.1.jar:/home/runner/.m2/repository/org/apache/commons/commons-text/1.4/commons-text-1.4.jar:/home/runner/.m2/repository/com/google/re2j/re2j/1.1/re2j-1.1.jar:/home/runner/.m2/repository/com/jcraft/jsch/0.1.54/jsch-0.1.54.jar:/home/runner/.m2/repository/org/apache/curator/curator-client/4.2.0/curator-client-4.2.0.jar:/home/runner/.m2/repository/org/apache/curator/curator-recipes/4.2.0/curator-recipes-4.2.0.jar:/home/runner/.m2/repository/org/apache/htrace/htrace-core4/4.1.0-incubating/htrace-core4-4.1.0-incubating.jar:/home/runner/.m2/repository/org/apache/kerby/kerb-core/1.0.1/kerb-core-1.0.1.jar:/home/runner/.m2/repository/org/apache/kerby/kerby-pkix/1.0.1/kerby-pkix-1.0.1.jar:/home/runner/.m2/repository/org/apache/kerby/kerby-asn1/1.0.1/kerby-asn1-1.0.1.jar:/home/runner/.m2/repository/org/apache/kerby/kerby-util/1.0.1/kerby-util-1.0.1.jar:/home/runner/.m2/repository/dnsjava/dnsjava/2.1.7/dnsjava-2.1.7.jar:/home/runner/.m2/repository/org/xerial/snappy/snappy-java/1.1.8.2/snappy-java-1.1.8.2.jar:/home/runner/.m2/repository/org/eclipse/jetty/jetty-util/9.4.43.v20210629/jetty-util-9.4.43.v20210629.jar:/home/runner/.m2/repository/com/fasterxml/jackson/core/jackson-databind/2.13.4/jackson-databind-2.13.4.jar:/home/runner/.m2/repository/org/apache/hadoop/hadoop-kms/3.3.1/hadoop-kms-3.3.1-tests.jar:/home/runner/.m2/repository/org/apache/ozone/hdds-server-scm/1.3.0-SNAPSHOT/hdds-server-scm-1.3.0-SNAPSHOT-tests.jar:/home/runner/.m2/repository/org/apache/ozone/hdds-container-service/1.3.0-SNAPSHOT/hdds-container-service-1.3.0-SNAPSHOT-tests.jar:/home/runner/.m2/repository/commons-codec/commons-codec/1.11/commons-codec-1.11.jar:/home/runner/.m2/repository/io/netty/netty-codec/4.1.79.Final/netty-codec-4.1.79.Final.jar:/home/runner/.m2/repository/io/netty/netty-handler/4.1.79.Final/netty-handler-4.1.79.Final.jar:/home/runner/.m2/repository/org/apache/ozone/hdds-hadoop-dependency-test/1.3.0-SNAPSHOT/hdds-hadoop-dependency-test-1.3.0-SNAPSHOT.jar:/home/runner/.m2/repository/org/apache/hadoop/hadoop-common/3.3.1/hadoop-common-3.3.1-tests.jar:/home/runner/.m2/repository/org/apache/hadoop/hadoop-hdfs/3.3.1/hadoop-hdfs-3.3.1-tests.jar:/home/runner/.m2/repository/org/assertj/assertj-core/3.12.2/assertj-core-3.12.2.jar:/home/runner/.m2/repository/org/apache/hadoop/hadoop-distcp/3.3.1/hadoop-distcp-3.3.1.jar:/home/runner/.m2/repository/org/apache/hadoop/hadoop-mapreduce-client-jobclient/3.3.1/hadoop-mapreduce-client-jobclient-3.3.1.jar:/home/runner/.m2/repository/org/apache/hadoop/hadoop-mapreduce-client-common/3.3.1/hadoop-mapreduce-client-common-3.3.1.jar:/home/runner/.m2/repository/org/apache/hadoop/hadoop-yarn-common/3.3.1/hadoop-yarn-common-3.3.1.jar:/home/runner/.m2/repository/org/apache/hadoop/hadoop-yarn-api/3.3.1/hadoop-yarn-api-3.3.1.jar:/home/runner/.m2/repository/com/sun/jersey/contribs/jersey-guice/1.19/jersey-guice-1.19.jar:/home/runner/.m2/repository/com/fasterxml/jackson/jaxrs/jackson-jaxrs-json-provider/2.13.4/jackson-jaxrs-json-provider-2.13.4.jar:/home/runner/.m2/repository/com/fasterxml/jackson/jaxrs/jackson-jaxrs-base/2.13.4/jackson-jaxrs-base-2.13.4.jar:/home/runner/.m2/repository/org/apache/hadoop/hadoop-yarn-client/3.3.1/hadoop-yarn-client-3.3.1.jar:/home/runner/.m2/repository/org/eclipse/jetty/websocket/websocket-client/9.4.40.v20210413/websocket-client-9.4.40.v20210413.jar:/home/runner/.m2/repository/org/eclipse/jetty/websocket/websocket-common/9.4.40.v20210413/websocket-common-9.4.40.v20210413.jar:/home/runner/.m2/repository/org/eclipse/jetty/websocket/websocket-api/9.4.40.v20210413/websocket-api-9.4.40.v20210413.jar:/home/runner/.m2/repository/org/jline/jline/3.9.0/jline-3.9.0.jar:/home/runner/.m2/repository/org/apache/hadoop/hadoop-mapreduce-client-core/3.3.1/hadoop-mapreduce-client-core-3.3.1.jar:/home/runner/.m2/repository/org/apache/avro/avro/1.7.7/avro-1.7.7.jar:/home/runner/.m2/repository/org/codehaus/jackson/jackson-core-asl/1.9.13/jackson-core-asl-1.9.13.jar:/home/runner/.m2/repository/org/codehaus/jackson/jackson-mapper-asl/1.9.13/jackson-mapper-asl-1.9.13.jar:/home/runner/.m2/repository/com/thoughtworks/paranamer/paranamer/2.3/paranamer-2.3.jar:/home/runner/.m2/repository/org/apache/hadoop/hadoop-annotations/3.3.1/hadoop-annotations-3.3.1.jar:/opt/hostedtoolcache/jdk/8.0.345/x64/jre/../lib/tools.jar:/home/runner/.m2/repository/io/netty/netty/3.10.6.Final/netty-3.10.6.Final.jar:/home/runner/.m2/repository/org/apache/hadoop/hadoop-distcp/3.3.1/hadoop-distcp-3.3.1-tests.jar:/home/runner/.m2/repository/org/slf4j/jul-to-slf4j/1.7.36/jul-to-slf4j-1.7.36.jar:/home/runner/.m2/repository/org/apache/ratis/ratis-common/2.3.0/ratis-common-2.3.0.jar:/home/runner/.m2/repository/org/apache/ratis/ratis-thirdparty-misc/1.0.0/ratis-thirdparty-misc-1.0.0.jar:/home/runner/.m2/repository/org/apache/ratis/ratis-proto/2.3.0/ratis-proto-2.3.0.jar:"/>
    <property name="java.vm.vendor" value="Azul Systems, Inc."/>
    <property name="sun.arch.data.model" value="64"/>
    <property name="test.build.dir" value="/home/runner/work/ozone/ozone/hadoop-ozone/integration-test/target/test-dir"/>
    <property name="test.cache.data" value=""/>
    <property name="java.vendor.url" value="http://www.azul.com/"/>
    <property name="user.timezone" value="Etc/UTC"/>
    <property name="java.vm.specification.version" value="1.8"/>
    <property name="os.name" value="Linux"/>
    <property name="test.build.data" value="/home/runner/work/ozone/ozone/hadoop-ozone/integration-test/target/test-dir"/>
    <property name="sun.java.launcher" value="SUN_STANDARD"/>
    <property name="sun.boot.library.path" value="/opt/hostedtoolcache/jdk/8.0.345/x64/jre/lib/amd64"/>
    <property name="sun.java.command" value="/home/runner/work/ozone/ozone/hadoop-ozone/integration-test/target/surefire/surefirebooter6901605978704371596.jar /home/runner/work/ozone/ozone/hadoop-ozone/integration-test/target/surefire 2022-10-09T12-54-46_016-jvmRun1 surefire6860214218741776608tmp surefire_86091808563162026647tmp"/>
    <property name="surefire.test.class.path" value="/home/runner/work/ozone/ozone/hadoop-ozone/integration-test/target/test-classes:/home/runner/work/ozone/ozone/hadoop-ozone/integration-test/target/classes:/home/runner/.m2/repository/org/apache/ozone/ozone-common/1.3.0-SNAPSHOT/ozone-common-1.3.0-SNAPSHOT.jar:/home/runner/.m2/repository/io/grpc/grpc-netty/1.48.1/grpc-netty-1.48.1.jar:/home/runner/.m2/repository/io/grpc/grpc-core/1.48.1/grpc-core-1.48.1.jar:/home/runner/.m2/repository/com/google/android/annotations/4.1.1.4/annotations-4.1.1.4.jar:/home/runner/.m2/repository/org/codehaus/mojo/animal-sniffer-annotations/1.21/animal-sniffer-annotations-1.21.jar:/home/runner/.m2/repository/com/google/errorprone/error_prone_annotations/2.2.0/error_prone_annotations-2.2.0.jar:/home/runner/.m2/repository/io/perfmark/perfmark-api/0.25.0/perfmark-api-0.25.0.jar:/home/runner/.m2/repository/io/netty/netty-codec-http2/4.1.79.Final/netty-codec-http2-4.1.79.Final.jar:/home/runner/.m2/repository/io/netty/netty-common/4.1.79.Final/netty-common-4.1.79.Final.jar:/home/runner/.m2/repository/io/netty/netty-buffer/4.1.79.Final/netty-buffer-4.1.79.Final.jar:/home/runner/.m2/repository/io/netty/netty-codec-http/4.1.79.Final/netty-codec-http-4.1.79.Final.jar:/home/runner/.m2/repository/io/netty/netty-handler-proxy/4.1.79.Final/netty-handler-proxy-4.1.79.Final.jar:/home/runner/.m2/repository/io/netty/netty-codec-socks/4.1.79.Final/netty-codec-socks-4.1.79.Final.jar:/home/runner/.m2/repository/io/netty/netty-tcnative-boringssl-static/2.0.53.Final/netty-tcnative-boringssl-static-2.0.53.Final.jar:/home/runner/.m2/repository/io/netty/netty-tcnative-classes/2.0.53.Final/netty-tcnative-classes-2.0.53.Final.jar:/home/runner/.m2/repository/io/netty/netty-tcnative-boringssl-static/2.0.53.Final/netty-tcnative-boringssl-static-2.0.53.Final-linux-x86_64.jar:/home/runner/.m2/repository/io/netty/netty-tcnative-boringssl-static/2.0.53.Final/netty-tcnative-boringssl-static-2.0.53.Final-linux-aarch_64.jar:/home/runner/.m2/repository/io/netty/netty-tcnative-boringssl-static/2.0.53.Final/netty-tcnative-boringssl-static-2.0.53.Final-osx-x86_64.jar:/home/runner/.m2/repository/io/netty/netty-tcnative-boringssl-static/2.0.53.Final/netty-tcnative-boringssl-static-2.0.53.Final-osx-aarch_64.jar:/home/runner/.m2/repository/io/netty/netty-tcnative-boringssl-static/2.0.53.Final/netty-tcnative-boringssl-static-2.0.53.Final-windows-x86_64.jar:/home/runner/.m2/repository/org/apache/commons/commons-compress/1.21/commons-compress-1.21.jar:/home/runner/.m2/repository/org/apache/ozone/hdds-common/1.3.0-SNAPSHOT/hdds-common-1.3.0-SNAPSHOT.jar:/home/runner/.m2/repository/org/apache/ozone/hdds-client/1.3.0-SNAPSHOT/hdds-client-1.3.0-SNAPSHOT.jar:/home/runner/.m2/repository/org/apache/ozone/ozone-interface-client/1.3.0-SNAPSHOT/ozone-interface-client-1.3.0-SNAPSHOT.jar:/home/runner/.m2/repository/org/apache/ozone/hdds-test-utils/1.3.0-SNAPSHOT/hdds-test-utils-1.3.0-SNAPSHOT.jar:/home/runner/.m2/repository/com/google/guava/guava/31.1-jre/guava-31.1-jre.jar:/home/runner/.m2/repository/com/google/guava/failureaccess/1.0.1/failureaccess-1.0.1.jar:/home/runner/.m2/repository/com/google/guava/listenablefuture/9999.0-empty-to-avoid-conflict-with-guava/listenablefuture-9999.0-empty-to-avoid-conflict-with-guava.jar:/home/runner/.m2/repository/com/google/code/findbugs/jsr305/3.0.0/jsr305-3.0.0.jar:/home/runner/.m2/repository/org/checkerframework/checker-qual/3.12.0/checker-qual-3.12.0.jar:/home/runner/.m2/repository/com/google/j2objc/j2objc-annotations/1.3/j2objc-annotations-1.3.jar:/home/runner/.m2/repository/commons-io/commons-io/2.11.0/commons-io-2.11.0.jar:/home/runner/.m2/repository/commons-logging/commons-logging/1.2/commons-logging-1.2.jar:/home/runner/.m2/repository/ch/qos/reload4j/reload4j/1.2.22/reload4j-1.2.22.jar:/home/runner/.m2/repository/org/slf4j/slf4j-api/1.7.36/slf4j-api-1.7.36.jar:/home/runner/.m2/repository/org/apache/ozone/hdds-server-scm/1.3.0-SNAPSHOT/hdds-server-scm-1.3.0-SNAPSHOT.jar:/home/runner/.m2/repository/org/apache/ozone/hdds-container-service/1.3.0-SNAPSHOT/hdds-container-service-1.3.0-SNAPSHOT.jar:/home/runner/.m2/repository/org/apache/ozone/hdds-hadoop-dependency-server/1.3.0-SNAPSHOT/hdds-hadoop-dependency-server-1.3.0-SNAPSHOT.jar:/home/runner/.m2/repository/org/apache/hadoop/hadoop-hdfs/3.3.1/hadoop-hdfs-3.3.1.jar:/home/runner/.m2/repository/org/eclipse/jetty/jetty-util-ajax/9.4.43.v20210629/jetty-util-ajax-9.4.43.v20210629.jar:/home/runner/.m2/repository/commons-daemon/commons-daemon/1.0.13/commons-daemon-1.0.13.jar:/home/runner/.m2/repository/org/apache/ozone/hdds-server-framework/1.3.0-SNAPSHOT/hdds-server-framework-1.3.0-SNAPSHOT.jar:/home/runner/.m2/repository/org/apache/ozone/hdds-interface-server/1.3.0-SNAPSHOT/hdds-interface-server-1.3.0-SNAPSHOT.jar:/home/runner/.m2/repository/org/apache/logging/log4j/log4j-core/2.17.1/log4j-core-2.17.1.jar:/home/runner/.m2/repository/com/lmax/disruptor/3.4.2/disruptor-3.4.2.jar:/home/runner/.m2/repository/org/eclipse/jetty/jetty-servlet/9.4.43.v20210629/jetty-servlet-9.4.43.v20210629.jar:/home/runner/.m2/repository/org/eclipse/jetty/jetty-security/9.4.43.v20210629/jetty-security-9.4.43.v20210629.jar:/home/runner/.m2/repository/org/rocksdb/rocksdbjni/7.4.5/rocksdbjni-7.4.5.jar:/home/runner/.m2/repository/io/prometheus/simpleclient_dropwizard/0.7.0/simpleclient_dropwizard-0.7.0.jar:/home/runner/.m2/repository/io/prometheus/simpleclient/0.7.0/simpleclient-0.7.0.jar:/home/runner/.m2/repository/io/prometheus/simpleclient_common/0.7.0/simpleclient_common-0.7.0.jar:/home/runner/.m2/repository/io/dropwizard/metrics/metrics-core/3.2.4/metrics-core-3.2.4.jar:/home/runner/.m2/repository/org/apache/hadoop/hadoop-hdfs-client/3.3.1/hadoop-hdfs-client-3.3.1.jar:/home/runner/.m2/repository/org/bouncycastle/bcprov-jdk15on/1.67/bcprov-jdk15on-1.67.jar:/home/runner/.m2/repository/com/google/protobuf/protobuf-java/2.5.0/protobuf-java-2.5.0.jar:/home/runner/.m2/repository/org/apache/ozone/ozone-manager/1.3.0-SNAPSHOT/ozone-manager-1.3.0-SNAPSHOT.jar:/home/runner/.m2/repository/org/aspectj/aspectjrt/1.9.7/aspectjrt-1.9.7.jar:/home/runner/.m2/repository/org/aspectj/aspectjweaver/1.9.7/aspectjweaver-1.9.7.jar:/home/runner/.m2/repository/org/apache/ozone/hdds-interface-client/1.3.0-SNAPSHOT/hdds-interface-client-1.3.0-SNAPSHOT.jar:/home/runner/.m2/repository/org/apache/hadoop/thirdparty/hadoop-shaded-protobuf_3_7/1.1.1/hadoop-shaded-protobuf_3_7-1.1.1.jar:/home/runner/.m2/repository/org/apache/ozone/ozone-interface-storage/1.3.0-SNAPSHOT/ozone-interface-storage-1.3.0-SNAPSHOT.jar:/home/runner/.m2/repository/org/reflections/reflections/0.9.11/reflections-0.9.11.jar:/home/runner/.m2/repository/com/sun/jersey/jersey-client/1.19/jersey-client-1.19.jar:/home/runner/.m2/repository/org/apache/ranger/ranger-intg/2.3.0/ranger-intg-2.3.0.jar:/home/runner/.m2/repository/org/apache/ranger/ranger-plugins-common/2.3.0/ranger-plugins-common-2.3.0.jar:/home/runner/.m2/repository/commons-lang/commons-lang/2.6/commons-lang-2.6.jar:/home/runner/.m2/repository/org/codehaus/jackson/jackson-jaxrs/1.9.13/jackson-jaxrs-1.9.13.jar:/home/runner/.m2/repository/org/apache/ranger/ranger-plugins-cred/2.3.0/ranger-plugins-cred-2.3.0.jar:/home/runner/.m2/repository/org/apache/ranger/ranger-plugins-audit/2.3.0/ranger-plugins-audit-2.3.0.jar:/home/runner/.m2/repository/org/eclipse/jetty/jetty-client/9.4.31.v20200723/jetty-client-9.4.31.v20200723.jar:/home/runner/.m2/repository/org/apache/httpcomponents/httpmime/4.5.6/httpmime-4.5.6.jar:/home/runner/.m2/repository/org/apache/httpcomponents/httpcore-nio/4.4.6/httpcore-nio-4.4.6.jar:/home/runner/.m2/repository/org/apache/httpcomponents/httpasyncclient/4.1.3/httpasyncclient-4.1.3.jar:/home/runner/.m2/repository/com/carrotsearch/hppc/0.8.0/hppc-0.8.0.jar:/home/runner/.m2/repository/org/apache/orc/orc-core/1.5.8/orc-core-1.5.8.jar:/home/runner/.m2/repository/net/java/dev/jna/jna/5.2.0/jna-5.2.0.jar:/home/runner/.m2/repository/net/java/dev/jna/jna-platform/5.2.0/jna-platform-5.2.0.jar:/home/runner/.m2/repository/com/kstruct/gethostname4j/0.0.2/gethostname4j-0.0.2.jar:/home/runner/.m2/repository/org/apache/ranger/ranger-plugin-classloader/2.3.0/ranger-plugin-classloader-2.3.0.jar:/home/runner/.m2/repository/org/apache/hadoop/hadoop-minikdc/3.3.1/hadoop-minikdc-3.3.1.jar:/home/runner/.m2/repository/org/apache/kerby/kerb-simplekdc/1.0.1/kerb-simplekdc-1.0.1.jar:/home/runner/.m2/repository/org/apache/kerby/kerb-client/1.0.1/kerb-client-1.0.1.jar:/home/runner/.m2/repository/org/apache/kerby/kerby-config/1.0.1/kerby-config-1.0.1.jar:/home/runner/.m2/repository/org/apache/kerby/kerb-common/1.0.1/kerb-common-1.0.1.jar:/home/runner/.m2/repository/org/apache/kerby/kerb-crypto/1.0.1/kerb-crypto-1.0.1.jar:/home/runner/.m2/repository/org/apache/kerby/kerb-util/1.0.1/kerb-util-1.0.1.jar:/home/runner/.m2/repository/org/apache/kerby/token-provider/1.0.1/token-provider-1.0.1.jar:/home/runner/.m2/repository/org/apache/kerby/kerb-admin/1.0.1/kerb-admin-1.0.1.jar:/home/runner/.m2/repository/org/apache/kerby/kerb-server/1.0.1/kerb-server-1.0.1.jar:/home/runner/.m2/repository/org/apache/kerby/kerb-identity/1.0.1/kerb-identity-1.0.1.jar:/home/runner/.m2/repository/org/apache/kerby/kerby-xdr/1.0.1/kerby-xdr-1.0.1.jar:/home/runner/.m2/repository/org/apache/ozone/ozone-s3gateway/1.3.0-SNAPSHOT/ozone-s3gateway-1.3.0-SNAPSHOT.jar:/home/runner/.m2/repository/org/javassist/javassist/3.21.0-GA/javassist-3.21.0-GA.jar:/home/runner/.m2/repository/org/jboss/weld/servlet/weld-servlet/2.4.7.Final/weld-servlet-2.4.7.Final.jar:/home/runner/.m2/repository/org/glassfish/jersey/containers/jersey-container-servlet-core/2.34/jersey-container-servlet-core-2.34.jar:/home/runner/.m2/repository/org/glassfish/hk2/external/jakarta.inject/2.6.1/jakarta.inject-2.6.1.jar:/home/runner/.m2/repository/org/glassfish/jersey/core/jersey-common/2.34/jersey-common-2.34.jar:/home/runner/.m2/repository/jakarta/ws/rs/jakarta.ws.rs-api/2.1.6/jakarta.ws.rs-api-2.1.6.jar:/home/runner/.m2/repository/org/glassfish/jersey/ext/cdi/jersey-cdi1x/2.34/jersey-cdi1x-2.34.jar:/home/runner/.m2/repository/org/glassfish/jersey/inject/jersey-hk2/2.34/jersey-hk2-2.34.jar:/home/runner/.m2/repository/org/glassfish/hk2/hk2-locator/2.6.1/hk2-locator-2.6.1.jar:/home/runner/.m2/repository/org/glassfish/jersey/media/jersey-media-jaxb/2.34/jersey-media-jaxb-2.34.jar:/home/runner/.m2/repository/org/glassfish/hk2/osgi-resource-locator/1.0.3/osgi-resource-locator-1.0.3.jar:/home/runner/.m2/repository/org/glassfish/hk2/hk2-api/2.5.0/hk2-api-2.5.0.jar:/home/runner/.m2/repository/org/glassfish/hk2/hk2-utils/2.5.0/hk2-utils-2.5.0.jar:/home/runner/.m2/repository/org/glassfish/hk2/external/aopalliance-repackaged/2.5.0/aopalliance-repackaged-2.5.0.jar:/home/runner/.m2/repository/com/fasterxml/jackson/dataformat/jackson-dataformat-xml/2.13.4/jackson-dataformat-xml-2.13.4.jar:/home/runner/.m2/repository/com/fasterxml/jackson/core/jackson-core/2.13.4/jackson-core-2.13.4.jar:/home/runner/.m2/repository/org/codehaus/woodstox/stax2-api/3.1.4/stax2-api-3.1.4.jar:/home/runner/.m2/repository/com/fasterxml/woodstox/woodstox-core/5.0.3/woodstox-core-5.0.3.jar:/home/runner/.m2/repository/com/fasterxml/jackson/module/jackson-module-jaxb-annotations/2.13.4/jackson-module-jaxb-annotations-2.13.4.jar:/home/runner/.m2/repository/jakarta/xml/bind/jakarta.xml.bind-api/2.3.3/jakarta.xml.bind-api-2.3.3.jar:/home/runner/.m2/repository/jakarta/activation/jakarta.activation-api/1.2.1/jakarta.activation-api-1.2.1.jar:/home/runner/.m2/repository/javax/enterprise/cdi-api/1.2/cdi-api-1.2.jar:/home/runner/.m2/repository/javax/el/javax.el-api/3.0.0/javax.el-api-3.0.0.jar:/home/runner/.m2/repository/javax/interceptor/javax.interceptor-api/1.2/javax.interceptor-api-1.2.jar:/home/runner/.m2/repository/javax/inject/javax.inject/1/javax.inject-1.jar:/home/runner/.m2/repository/javax/xml/bind/jaxb-api/2.3.0/jaxb-api-2.3.0.jar:/home/runner/.m2/repository/org/glassfish/jaxb/jaxb-runtime/2.3.0.1/jaxb-runtime-2.3.0.1.jar:/home/runner/.m2/repository/org/glassfish/jaxb/jaxb-core/2.3.0.1/jaxb-core-2.3.0.1.jar:/home/runner/.m2/repository/org/glassfish/jaxb/txw2/2.3.0.1/txw2-2.3.0.1.jar:/home/runner/.m2/repository/com/sun/istack/istack-commons-runtime/3.0.5/istack-commons-runtime-3.0.5.jar:/home/runner/.m2/repository/org/jvnet/staxex/stax-ex/1.7.8/stax-ex-1.7.8.jar:/home/runner/.m2/repository/com/sun/xml/fastinfoset/FastInfoset/1.2.13/FastInfoset-1.2.13.jar:/home/runner/.m2/repository/javax/activation/activation/1.1.1/activation-1.1.1.jar:/home/runner/.m2/repository/io/grpc/grpc-protobuf/1.48.1/grpc-protobuf-1.48.1.jar:/home/runner/.m2/repository/io/grpc/grpc-api/1.48.1/grpc-api-1.48.1.jar:/home/runner/.m2/repository/io/grpc/grpc-context/1.48.1/grpc-context-1.48.1.jar:/home/runner/.m2/repository/com/google/api/grpc/proto-google-common-protos/2.9.0/proto-google-common-protos-2.9.0.jar:/home/runner/.m2/repository/io/grpc/grpc-protobuf-lite/1.48.1/grpc-protobuf-lite-1.48.1.jar:/home/runner/.m2/repository/io/grpc/grpc-stub/1.48.1/grpc-stub-1.48.1.jar:/home/runner/.m2/repository/io/netty/netty-transport/4.1.79.Final/netty-transport-4.1.79.Final.jar:/home/runner/.m2/repository/io/netty/netty-resolver/4.1.79.Final/netty-resolver-4.1.79.Final.jar:/home/runner/.m2/repository/org/apache/ozone/ozone-csi/1.3.0-SNAPSHOT/ozone-csi-1.3.0-SNAPSHOT.jar:/home/runner/.m2/repository/com/google/protobuf/protobuf-java-util/3.19.2/protobuf-java-util-3.19.2.jar:/home/runner/.m2/repository/com/google/code/gson/gson/2.9.0/gson-2.9.0.jar:/home/runner/.m2/repository/org/apache/ozone/hdds-config/1.3.0-SNAPSHOT/hdds-config-1.3.0-SNAPSHOT.jar:/home/runner/.m2/repository/io/netty/netty-transport-native-epoll/4.1.79.Final/netty-transport-native-epoll-4.1.79.Final-linux-x86_64.jar:/home/runner/.m2/repository/io/netty/netty-transport-classes-epoll/4.1.79.Final/netty-transport-classes-epoll-4.1.79.Final.jar:/home/runner/.m2/repository/io/netty/netty-transport-native-unix-common/4.1.79.Final/netty-transport-native-unix-common-4.1.79.Final.jar:/home/runner/.m2/repository/org/slf4j/slf4j-reload4j/1.7.36/slf4j-reload4j-1.7.36.jar:/home/runner/.m2/repository/org/apache/ozone/ozone-recon/1.3.0-SNAPSHOT/ozone-recon-1.3.0-SNAPSHOT.jar:/home/runner/.m2/repository/org/apache/ozone/ozone-reconcodegen/1.3.0-SNAPSHOT/ozone-reconcodegen-1.3.0-SNAPSHOT.jar:/home/runner/.m2/repository/com/google/inject/extensions/guice-multibindings/4.0/guice-multibindings-4.0.jar:/home/runner/.m2/repository/com/google/inject/guice/4.0/guice-4.0.jar:/home/runner/.m2/repository/aopalliance/aopalliance/1.0/aopalliance-1.0.jar:/home/runner/.m2/repository/com/google/inject/extensions/guice-assistedinject/4.0/guice-assistedinject-4.0.jar:/home/runner/.m2/repository/com/google/inject/extensions/guice-servlet/4.0/guice-servlet-4.0.jar:/home/runner/.m2/repository/org/glassfish/jersey/containers/jersey-container-servlet/2.34/jersey-container-servlet-2.34.jar:/home/runner/.m2/repository/org/glassfish/hk2/guice-bridge/2.5.0/guice-bridge-2.5.0.jar:/home/runner/.m2/repository/org/glassfish/jersey/core/jersey-server/2.34/jersey-server-2.34.jar:/home/runner/.m2/repository/org/glassfish/jersey/core/jersey-client/2.34/jersey-client-2.34.jar:/home/runner/.m2/repository/jakarta/annotation/jakarta.annotation-api/1.3.5/jakarta.annotation-api-1.3.5.jar:/home/runner/.m2/repository/jakarta/validation/jakarta.validation-api/2.0.2/jakarta.validation-api-2.0.2.jar:/home/runner/.m2/repository/org/glassfish/jersey/media/jersey-media-json-jackson/2.34/jersey-media-json-jackson-2.34.jar:/home/runner/.m2/repository/org/glassfish/jersey/ext/jersey-entity-filtering/2.34/jersey-entity-filtering-2.34.jar:/home/runner/.m2/repository/org/jooq/jooq/3.11.10/jooq-3.11.10.jar:/home/runner/.m2/repository/org/jooq/jooq-meta/3.11.10/jooq-meta-3.11.10.jar:/home/runner/.m2/repository/org/jooq/jooq-codegen/3.11.10/jooq-codegen-3.11.10.jar:/home/runner/.m2/repository/com/jolbox/bonecp/0.8.0.RELEASE/bonecp-0.8.0.RELEASE.jar:/home/runner/.m2/repository/org/apache/derby/derby/10.14.2.0/derby-10.14.2.0.jar:/home/runner/.m2/repository/org/xerial/sqlite-jdbc/3.25.2/sqlite-jdbc-3.25.2.jar:/home/runner/.m2/repository/org/springframework/spring-jdbc/5.2.20.RELEASE/spring-jdbc-5.2.20.RELEASE.jar:/home/runner/.m2/repository/org/springframework/spring-beans/5.2.20.RELEASE/spring-beans-5.2.20.RELEASE.jar:/home/runner/.m2/repository/org/springframework/spring-core/5.2.20.RELEASE/spring-core-5.2.20.RELEASE.jar:/home/runner/.m2/repository/org/springframework/spring-jcl/5.2.20.RELEASE/spring-jcl-5.2.20.RELEASE.jar:/home/runner/.m2/repository/org/springframework/spring-tx/5.2.20.RELEASE/spring-tx-5.2.20.RELEASE.jar:/home/runner/.m2/repository/org/apache/ozone/ozone-client/1.3.0-SNAPSHOT/ozone-client-1.3.0-SNAPSHOT.jar:/home/runner/.m2/repository/org/apache/ozone/hdds-erasurecode/1.3.0-SNAPSHOT/hdds-erasurecode-1.3.0-SNAPSHOT.jar:/home/runner/.m2/repository/com/github/spotbugs/spotbugs-annotations/3.1.12/spotbugs-annotations-3.1.12.jar:/home/runner/.m2/repository/org/apache/ozone/ozone-filesystem/1.3.0-SNAPSHOT/ozone-filesystem-1.3.0-SNAPSHOT.jar:/home/runner/.m2/repository/org/apache/ozone/ozone-filesystem-common/1.3.0-SNAPSHOT/ozone-filesystem-common-1.3.0-SNAPSHOT.jar:/home/runner/.m2/repository/org/apache/ozone/ozone-tools/1.3.0-SNAPSHOT/ozone-tools-1.3.0-SNAPSHOT.jar:/home/runner/.m2/repository/org/apache/ratis/ratis-tools/2.3.0/ratis-tools-2.3.0.jar:/home/runner/.m2/repository/com/amazonaws/aws-java-sdk-core/1.12.261/aws-java-sdk-core-1.12.261.jar:/home/runner/.m2/repository/org/apache/httpcomponents/httpclient/4.5.13/httpclient-4.5.13.jar:/home/runner/.m2/repository/org/apache/httpcomponents/httpcore/4.4.13/httpcore-4.4.13.jar:/home/runner/.m2/repository/software/amazon/ion/ion-java/1.0.2/ion-java-1.0.2.jar:/home/runner/.m2/repository/com/fasterxml/jackson/dataformat/jackson-dataformat-cbor/2.13.4/jackson-dataformat-cbor-2.13.4.jar:/home/runner/.m2/repository/joda-time/joda-time/2.8.1/joda-time-2.8.1.jar:/home/runner/.m2/repository/com/amazonaws/aws-java-sdk-s3/1.12.261/aws-java-sdk-s3-1.12.261.jar:/home/runner/.m2/repository/com/amazonaws/aws-java-sdk-kms/1.12.261/aws-java-sdk-kms-1.12.261.jar:/home/runner/.m2/repository/com/amazonaws/jmespath-java/1.12.261/jmespath-java-1.12.261.jar:/home/runner/.m2/repository/org/kohsuke/metainf-services/metainf-services/1.8/metainf-services-1.8.jar:/home/runner/.m2/repository/org/apache/ozone/hdds-tools/1.3.0-SNAPSHOT/hdds-tools-1.3.0-SNAPSHOT.jar:/home/runner/.m2/repository/commons-cli/commons-cli/1.2/commons-cli-1.2.jar:/home/runner/.m2/repository/org/apache/commons/commons-lang3/3.7/commons-lang3-3.7.jar:/home/runner/.m2/repository/org/apache/ozone/ozone-manager/1.3.0-SNAPSHOT/ozone-manager-1.3.0-SNAPSHOT-tests.jar:/home/runner/.m2/repository/org/apache/ozone/hdds-common/1.3.0-SNAPSHOT/hdds-common-1.3.0-SNAPSHOT-tests.jar:/home/runner/.m2/repository/org/apache/ozone/hdds-hadoop-dependency-client/1.3.0-SNAPSHOT/hdds-hadoop-dependency-client-1.3.0-SNAPSHOT.jar:/home/runner/.m2/repository/info/picocli/picocli/4.6.1/picocli-4.6.1.jar:/home/runner/.m2/repository/com/fasterxml/jackson/core/jackson-annotations/2.13.4/jackson-annotations-2.13.4.jar:/home/runner/.m2/repository/com/fasterxml/jackson/datatype/jackson-datatype-jsr310/2.13.4/jackson-datatype-jsr310-2.13.4.jar:/home/runner/.m2/repository/org/apache/ozone/hdds-annotation-processing/1.3.0-SNAPSHOT/hdds-annotation-processing-1.3.0-SNAPSHOT.jar:/home/runner/.m2/repository/javax/annotation/javax.annotation-api/1.2/javax.annotation-api-1.2.jar:/home/runner/.m2/repository/org/apache/ratis/ratis-server/2.3.0/ratis-server-2.3.0.jar:/home/runner/.m2/repository/org/apache/ratis/ratis-client/2.3.0/ratis-client-2.3.0.jar:/home/runner/.m2/repository/org/apache/ratis/ratis-server-api/2.3.0/ratis-server-api-2.3.0.jar:/home/runner/.m2/repository/org/apache/ratis/ratis-metrics/2.3.0/ratis-metrics-2.3.0.jar:/home/runner/.m2/repository/org/apache/ratis/ratis-netty/2.3.0/ratis-netty-2.3.0.jar:/home/runner/.m2/repository/org/apache/ratis/ratis-grpc/2.3.0/ratis-grpc-2.3.0.jar:/home/runner/.m2/repository/org/apache/logging/log4j/log4j-api/2.17.1/log4j-api-2.17.1.jar:/home/runner/.m2/repository/org/apache/commons/commons-pool2/2.6.0/commons-pool2-2.6.0.jar:/home/runner/.m2/repository/org/bouncycastle/bcpkix-jdk15on/1.67/bcpkix-jdk15on-1.67.jar:/home/runner/.m2/repository/commons-validator/commons-validator/1.6/commons-validator-1.6.jar:/home/runner/.m2/repository/commons-beanutils/commons-beanutils/1.9.4/commons-beanutils-1.9.4.jar:/home/runner/.m2/repository/commons-digester/commons-digester/1.8.1/commons-digester-1.8.1.jar:/home/runner/.m2/repository/commons-collections/commons-collections/3.2.2/commons-collections-3.2.2.jar:/home/runner/.m2/repository/io/jaegertracing/jaeger-client/1.6.0/jaeger-client-1.6.0.jar:/home/runner/.m2/repository/io/jaegertracing/jaeger-thrift/1.6.0/jaeger-thrift-1.6.0.jar:/home/runner/.m2/repository/org/apache/thrift/libthrift/0.14.1/libthrift-0.14.1.jar:/home/runner/.m2/repository/com/squareup/okhttp3/okhttp/4.9.0/okhttp-4.9.0.jar:/home/runner/.m2/repository/com/squareup/okio/okio/2.8.0/okio-2.8.0.jar:/home/runner/.m2/repository/io/jaegertracing/jaeger-core/1.6.0/jaeger-core-1.6.0.jar:/home/runner/.m2/repository/io/jaegertracing/jaeger-tracerresolver/1.6.0/jaeger-tracerresolver-1.6.0.jar:/home/runner/.m2/repository/io/opentracing/contrib/opentracing-tracerresolver/0.1.8/opentracing-tracerresolver-0.1.8.jar:/home/runner/.m2/repository/org/jetbrains/kotlin/kotlin-stdlib/1.6.21/kotlin-stdlib-1.6.21.jar:/home/runner/.m2/repository/org/jetbrains/kotlin/kotlin-stdlib-common/1.6.21/kotlin-stdlib-common-1.6.21.jar:/home/runner/.m2/repository/org/jetbrains/annotations/13.0/annotations-13.0.jar:/home/runner/.m2/repository/io/opentracing/opentracing-util/0.33.0/opentracing-util-0.33.0.jar:/home/runner/.m2/repository/io/opentracing/opentracing-api/0.33.0/opentracing-api-0.33.0.jar:/home/runner/.m2/repository/io/opentracing/opentracing-noop/0.33.0/opentracing-noop-0.33.0.jar:/home/runner/.m2/repository/org/yaml/snakeyaml/1.32/snakeyaml-1.32.jar:/home/runner/.m2/repository/org/apache/ozone/hdds-interface-admin/1.3.0-SNAPSHOT/hdds-interface-admin-1.3.0-SNAPSHOT.jar:/home/runner/.m2/repository/junit/junit/4.13.1/junit-4.13.1.jar:/home/runner/.m2/repository/org/hamcrest/hamcrest-core/1.3/hamcrest-core-1.3.jar:/home/runner/.m2/repository/org/junit/jupiter/junit-jupiter-api/5.8.2/junit-jupiter-api-5.8.2.jar:/home/runner/.m2/repository/org/opentest4j/opentest4j/1.2.0/opentest4j-1.2.0.jar:/home/runner/.m2/repository/org/junit/platform/junit-platform-commons/1.8.2/junit-platform-commons-1.8.2.jar:/home/runner/.m2/repository/org/apiguardian/apiguardian-api/1.1.2/apiguardian-api-1.1.2.jar:/home/runner/.m2/repository/org/junit/jupiter/junit-jupiter-params/5.8.2/junit-jupiter-params-5.8.2.jar:/home/runner/.m2/repository/org/junit/jupiter/junit-jupiter-migrationsupport/5.8.2/junit-jupiter-migrationsupport-5.8.2.jar:/home/runner/.m2/repository/org/junit/jupiter/junit-jupiter-engine/5.8.2/junit-jupiter-engine-5.8.2.jar:/home/runner/.m2/repository/org/junit/platform/junit-platform-engine/1.8.2/junit-platform-engine-1.8.2.jar:/home/runner/.m2/repository/org/junit/vintage/junit-vintage-engine/5.8.2/junit-vintage-engine-5.8.2.jar:/home/runner/.m2/repository/org/junit/platform/junit-platform-launcher/1.8.2/junit-platform-launcher-1.8.2.jar:/home/runner/.m2/repository/org/mockito/mockito-core/2.28.2/mockito-core-2.28.2.jar:/home/runner/.m2/repository/net/bytebuddy/byte-buddy/1.9.10/byte-buddy-1.9.10.jar:/home/runner/.m2/repository/net/bytebuddy/byte-buddy-agent/1.9.10/byte-buddy-agent-1.9.10.jar:/home/runner/.m2/repository/org/objenesis/objenesis/1.0/objenesis-1.0.jar:/home/runner/.m2/repository/org/apache/hadoop/hadoop-kms/3.3.1/hadoop-kms-3.3.1.jar:/home/runner/.m2/repository/org/apache/hadoop/hadoop-auth/3.3.1/hadoop-auth-3.3.1.jar:/home/runner/.m2/repository/com/nimbusds/nimbus-jose-jwt/7.9/nimbus-jose-jwt-7.9.jar:/home/runner/.m2/repository/com/github/stephenc/jcip/jcip-annotations/1.0-1/jcip-annotations-1.0-1.jar:/home/runner/.m2/repository/net/minidev/json-smart/2.4.7/json-smart-2.4.7.jar:/home/runner/.m2/repository/net/minidev/accessors-smart/2.4.7/accessors-smart-2.4.7.jar:/home/runner/.m2/repository/org/ow2/asm/asm/5.0.4/asm-5.0.4.jar:/home/runner/.m2/repository/org/apache/zookeeper/zookeeper/3.5.6/zookeeper-3.5.6.jar:/home/runner/.m2/repository/org/apache/zookeeper/zookeeper-jute/3.5.6/zookeeper-jute-3.5.6.jar:/home/runner/.m2/repository/org/apache/yetus/audience-annotations/0.5.0/audience-annotations-0.5.0.jar:/home/runner/.m2/repository/org/apache/curator/curator-framework/4.2.0/curator-framework-4.2.0.jar:/home/runner/.m2/repository/org/apache/hadoop/thirdparty/hadoop-shaded-guava/1.1.1/hadoop-shaded-guava-1.1.1.jar:/home/runner/.m2/repository/com/sun/jersey/jersey-core/1.19/jersey-core-1.19.jar:/home/runner/.m2/repository/javax/ws/rs/jsr311-api/1.1.1/jsr311-api-1.1.1.jar:/home/runner/.m2/repository/com/sun/jersey/jersey-server/1.19/jersey-server-1.19.jar:/home/runner/.m2/repository/javax/servlet/javax.servlet-api/3.1.0/javax.servlet-api-3.1.0.jar:/home/runner/.m2/repository/org/eclipse/jetty/jetty-server/9.4.43.v20210629/jetty-server-9.4.43.v20210629.jar:/home/runner/.m2/repository/org/eclipse/jetty/jetty-http/9.4.43.v20210629/jetty-http-9.4.43.v20210629.jar:/home/runner/.m2/repository/org/eclipse/jetty/jetty-io/9.4.43.v20210629/jetty-io-9.4.43.v20210629.jar:/home/runner/.m2/repository/org/eclipse/jetty/jetty-webapp/9.4.43.v20210629/jetty-webapp-9.4.43.v20210629.jar:/home/runner/.m2/repository/org/eclipse/jetty/jetty-xml/9.4.43.v20210629/jetty-xml-9.4.43.v20210629.jar:/home/runner/.m2/repository/org/apache/hadoop/hadoop-common/3.3.1/hadoop-common-3.3.1.jar:/home/runner/.m2/repository/org/apache/commons/commons-math3/3.1.1/commons-math3-3.1.1.jar:/home/runner/.m2/repository/commons-net/commons-net/3.6/commons-net-3.6.jar:/home/runner/.m2/repository/com/sun/jersey/jersey-servlet/1.19/jersey-servlet-1.19.jar:/home/runner/.m2/repository/com/sun/jersey/jersey-json/1.19/jersey-json-1.19.jar:/home/runner/.m2/repository/org/codehaus/jettison/jettison/1.1/jettison-1.1.jar:/home/runner/.m2/repository/com/sun/xml/bind/jaxb-impl/2.2.3-1/jaxb-impl-2.2.3-1.jar:/home/runner/.m2/repository/org/codehaus/jackson/jackson-xc/1.9.2/jackson-xc-1.9.2.jar:/home/runner/.m2/repository/org/apache/commons/commons-configuration2/2.1.1/commons-configuration2-2.1.1.jar:/home/runner/.m2/repository/org/apache/commons/commons-text/1.4/commons-text-1.4.jar:/home/runner/.m2/repository/com/google/re2j/re2j/1.1/re2j-1.1.jar:/home/runner/.m2/repository/com/jcraft/jsch/0.1.54/jsch-0.1.54.jar:/home/runner/.m2/repository/org/apache/curator/curator-client/4.2.0/curator-client-4.2.0.jar:/home/runner/.m2/repository/org/apache/curator/curator-recipes/4.2.0/curator-recipes-4.2.0.jar:/home/runner/.m2/repository/org/apache/htrace/htrace-core4/4.1.0-incubating/htrace-core4-4.1.0-incubating.jar:/home/runner/.m2/repository/org/apache/kerby/kerb-core/1.0.1/kerb-core-1.0.1.jar:/home/runner/.m2/repository/org/apache/kerby/kerby-pkix/1.0.1/kerby-pkix-1.0.1.jar:/home/runner/.m2/repository/org/apache/kerby/kerby-asn1/1.0.1/kerby-asn1-1.0.1.jar:/home/runner/.m2/repository/org/apache/kerby/kerby-util/1.0.1/kerby-util-1.0.1.jar:/home/runner/.m2/repository/dnsjava/dnsjava/2.1.7/dnsjava-2.1.7.jar:/home/runner/.m2/repository/org/xerial/snappy/snappy-java/1.1.8.2/snappy-java-1.1.8.2.jar:/home/runner/.m2/repository/org/eclipse/jetty/jetty-util/9.4.43.v20210629/jetty-util-9.4.43.v20210629.jar:/home/runner/.m2/repository/com/fasterxml/jackson/core/jackson-databind/2.13.4/jackson-databind-2.13.4.jar:/home/runner/.m2/repository/org/apache/hadoop/hadoop-kms/3.3.1/hadoop-kms-3.3.1-tests.jar:/home/runner/.m2/repository/org/apache/ozone/hdds-server-scm/1.3.0-SNAPSHOT/hdds-server-scm-1.3.0-SNAPSHOT-tests.jar:/home/runner/.m2/repository/org/apache/ozone/hdds-container-service/1.3.0-SNAPSHOT/hdds-container-service-1.3.0-SNAPSHOT-tests.jar:/home/runner/.m2/repository/commons-codec/commons-codec/1.11/commons-codec-1.11.jar:/home/runner/.m2/repository/io/netty/netty-codec/4.1.79.Final/netty-codec-4.1.79.Final.jar:/home/runner/.m2/repository/io/netty/netty-handler/4.1.79.Final/netty-handler-4.1.79.Final.jar:/home/runner/.m2/repository/org/apache/ozone/hdds-hadoop-dependency-test/1.3.0-SNAPSHOT/hdds-hadoop-dependency-test-1.3.0-SNAPSHOT.jar:/home/runner/.m2/repository/org/apache/hadoop/hadoop-common/3.3.1/hadoop-common-3.3.1-tests.jar:/home/runner/.m2/repository/org/apache/hadoop/hadoop-hdfs/3.3.1/hadoop-hdfs-3.3.1-tests.jar:/home/runner/.m2/repository/org/assertj/assertj-core/3.12.2/assertj-core-3.12.2.jar:/home/runner/.m2/repository/org/apache/hadoop/hadoop-distcp/3.3.1/hadoop-distcp-3.3.1.jar:/home/runner/.m2/repository/org/apache/hadoop/hadoop-mapreduce-client-jobclient/3.3.1/hadoop-mapreduce-client-jobclient-3.3.1.jar:/home/runner/.m2/repository/org/apache/hadoop/hadoop-mapreduce-client-common/3.3.1/hadoop-mapreduce-client-common-3.3.1.jar:/home/runner/.m2/repository/org/apache/hadoop/hadoop-yarn-common/3.3.1/hadoop-yarn-common-3.3.1.jar:/home/runner/.m2/repository/org/apache/hadoop/hadoop-yarn-api/3.3.1/hadoop-yarn-api-3.3.1.jar:/home/runner/.m2/repository/com/sun/jersey/contribs/jersey-guice/1.19/jersey-guice-1.19.jar:/home/runner/.m2/repository/com/fasterxml/jackson/jaxrs/jackson-jaxrs-json-provider/2.13.4/jackson-jaxrs-json-provider-2.13.4.jar:/home/runner/.m2/repository/com/fasterxml/jackson/jaxrs/jackson-jaxrs-base/2.13.4/jackson-jaxrs-base-2.13.4.jar:/home/runner/.m2/repository/org/apache/hadoop/hadoop-yarn-client/3.3.1/hadoop-yarn-client-3.3.1.jar:/home/runner/.m2/repository/org/eclipse/jetty/websocket/websocket-client/9.4.40.v20210413/websocket-client-9.4.40.v20210413.jar:/home/runner/.m2/repository/org/eclipse/jetty/websocket/websocket-common/9.4.40.v20210413/websocket-common-9.4.40.v20210413.jar:/home/runner/.m2/repository/org/eclipse/jetty/websocket/websocket-api/9.4.40.v20210413/websocket-api-9.4.40.v20210413.jar:/home/runner/.m2/repository/org/jline/jline/3.9.0/jline-3.9.0.jar:/home/runner/.m2/repository/org/apache/hadoop/hadoop-mapreduce-client-core/3.3.1/hadoop-mapreduce-client-core-3.3.1.jar:/home/runner/.m2/repository/org/apache/avro/avro/1.7.7/avro-1.7.7.jar:/home/runner/.m2/repository/org/codehaus/jackson/jackson-core-asl/1.9.13/jackson-core-asl-1.9.13.jar:/home/runner/.m2/repository/org/codehaus/jackson/jackson-mapper-asl/1.9.13/jackson-mapper-asl-1.9.13.jar:/home/runner/.m2/repository/com/thoughtworks/paranamer/paranamer/2.3/paranamer-2.3.jar:/home/runner/.m2/repository/org/apache/hadoop/hadoop-annotations/3.3.1/hadoop-annotations-3.3.1.jar:/opt/hostedtoolcache/jdk/8.0.345/x64/jre/../lib/tools.jar:/home/runner/.m2/repository/io/netty/netty/3.10.6.Final/netty-3.10.6.Final.jar:/home/runner/.m2/repository/org/apache/hadoop/hadoop-distcp/3.3.1/hadoop-distcp-3.3.1-tests.jar:/home/runner/.m2/repository/org/slf4j/jul-to-slf4j/1.7.36/jul-to-slf4j-1.7.36.jar:/home/runner/.m2/repository/org/apache/ratis/ratis-common/2.3.0/ratis-common-2.3.0.jar:/home/runner/.m2/repository/org/apache/ratis/ratis-thirdparty-misc/1.0.0/ratis-thirdparty-misc-1.0.0.jar:/home/runner/.m2/repository/org/apache/ratis/ratis-proto/2.3.0/ratis-proto-2.3.0.jar:"/>
    <property name="sun.cpu.endian" value="little"/>
    <property name="user.home" value="/home/runner"/>
    <property name="user.language" value="en"/>
    <property name="java.specification.vendor" value="Oracle Corporation"/>
    <property name="java.home" value="/opt/hostedtoolcache/jdk/8.0.345/x64/jre"/>
    <property name="java.security.krb5.conf" value="/home/runner/work/ozone/ozone/hadoop-ozone/integration-test/target/test-classes/krb5.conf"/>
    <property name="basedir" value="/home/runner/work/ozone/ozone/hadoop-ozone/integration-test"/>
    <property name="file.separator" value="/"/>
    <property name="line.separator" value="&#10;"/>
    <property name="jdk.vendor.version" value="Zulu 8.64.0.19-CA-linux64"/>
    <property name="java.vm.specification.vendor" value="Oracle Corporation"/>
    <property name="java.specification.name" value="Java Platform API Specification"/>
    <property name="java.awt.graphicsenv" value="sun.awt.X11GraphicsEnvironment"/>
    <property name="skip.installnpx" value="true"/>
    <property name="surefire.real.class.path" value="/home/runner/work/ozone/ozone/hadoop-ozone/integration-test/target/surefire/surefirebooter6901605978704371596.jar:/home/runner/.m2/repository/org/jacoco/org.jacoco.agent/0.8.5/org.jacoco.agent-0.8.5-runtime.jar"/>
    <property name="hadoop.log.dir" value="/home/runner/work/ozone/ozone/hadoop-ozone/integration-test/target/log"/>
    <property name="sun.boot.class.path" value="/opt/hostedtoolcache/jdk/8.0.345/x64/jre/lib/resources.jar:/opt/hostedtoolcache/jdk/8.0.345/x64/jre/lib/rt.jar:/opt/hostedtoolcache/jdk/8.0.345/x64/jre/lib/sunrsasign.jar:/opt/hostedtoolcache/jdk/8.0.345/x64/jre/lib/jsse.jar:/opt/hostedtoolcache/jdk/8.0.345/x64/jre/lib/jce.jar:/opt/hostedtoolcache/jdk/8.0.345/x64/jre/lib/charsets.jar:/opt/hostedtoolcache/jdk/8.0.345/x64/jre/lib/jfr.jar:/opt/hostedtoolcache/jdk/8.0.345/x64/jre/lib/cat.jar:/opt/hostedtoolcache/jdk/8.0.345/x64/jre/classes"/>
    <property name="sun.management.compiler" value="HotSpot 64-Bit Tiered Compilers"/>
    <property name="skip.npx" value="true"/>
    <property name="java.runtime.version" value="1.8.0_345-b01"/>
    <property name="java.net.preferIPv4Stack" value="true"/>
    <property name="user.name" value="runner"/>
    <property name="path.separator" value=":"/>
    <property name="java.security.egd" value="file:///dev/urandom"/>
    <property name="os.version" value="5.15.0-1020-azure"/>
    <property name="java.endorsed.dirs" value="/opt/hostedtoolcache/jdk/8.0.345/x64/jre/lib/endorsed"/>
    <property name="java.runtime.name" value="OpenJDK Runtime Environment"/>
    <property name="file.encoding" value="UTF-8"/>
    <property name="java.vm.name" value="OpenJDK 64-Bit Server VM"/>
    <property name="test.build.webapps" value=""/>
    <property name="localRepository" value="/home/runner/.m2/repository"/>
    <property name="jetty.git.hash" value="526006ecfa3af7f1a27ef3a288e2bef7ea9dd7e8"/>
    <property name="java.vendor.url.bug" value="http://www.azul.com/support/"/>
    <property name="java.io.tmpdir" value="/tmp"/>
    <property name="require.test.libhadoop" value=""/>
    <property name="java.version" value="1.8.0_345"/>
    <property name="user.dir" value="/home/runner/work/ozone/ozone/hadoop-ozone/integration-test"/>
    <property name="os.arch" value="amd64"/>
    <property name="java.vm.specification.name" value="Java Virtual Machine Specification"/>
    <property name="test.build.classes" value="/home/runner/work/ozone/ozone/hadoop-ozone/integration-test/target/test-classes"/>
    <property name="java.awt.printerjob" value="sun.print.PSPrinterJob"/>
    <property name="sun.os.patch.level" value="unknown"/>
    <property name="hadoop.tmp.dir" value="/home/runner/work/ozone/ozone/hadoop-ozone/integration-test/target/tmp"/>
    <property name="java.library.path" value="/usr/java/packages/lib/amd64:/usr/lib64:/lib64:/lib:/usr/lib"/>
    <property name="java.vm.info" value="mixed mode"/>
    <property name="java.vendor" value="Azul Systems, Inc."/>
    <property name="java.vm.version" value="25.345-b01"/>
    <property name="java.ext.dirs" value="/opt/hostedtoolcache/jdk/8.0.345/x64/jre/lib/ext:/usr/java/packages/lib/ext"/>
    <property name="sun.io.unicode.encoding" value="UnicodeLittle"/>
    <property name="java.class.version" value="52.0"/>
  </properties>
  <testcase name="testGetTrashRoot" classname="TestOzoneFileSystem" time="31.441">
    <system-out><![CDATA[2022-10-09 13:03:44,074 [main] WARN  server.ServerUtils (ServerUtils.java:getScmDbDir(148)) - ozone.scm.db.dirs is not configured. We recommend adding this setting. Falling back to ozone.metadata.dirs instead.
2022-10-09 13:03:44,162 [main] WARN  server.ServerUtils (ServerUtils.java:getScmDbDir(148)) - ozone.scm.db.dirs is not configured. We recommend adding this setting. Falling back to ozone.metadata.dirs instead.
2022-10-09 13:03:44,166 [main] INFO  ha.SCMHANodeDetails (SCMHANodeDetails.java:loadSCMHAConfig(209)) - ServiceID for StorageContainerManager is null
2022-10-09 13:03:44,176 [main] WARN  ha.SCMHANodeDetails (SCMHANodeDetails.java:validateSCMHAConfig(182)) - Invalid config ozone.scm.ratis.enable. The config was not specified, but the default value true conflicts with the expected config value false. Falling back to the expected value. Current State of SCM: SCM is running in Non-HA without Ratis Ratis SCM -> Non Ratis SCM or Non HA SCM -> HA SCM is not supported
2022-10-09 13:03:44,176 [main] INFO  ha.SCMHANodeDetails (SCMHANodeDetails.java:loadSCMHAConfig(214)) - ozone.scm.default.service.id is not defined, falling back to ozone.scm.service.ids to find serviceID for StorageContainerManager if it is HA enabled cluster
2022-10-09 13:03:44,679 [main] WARN  utils.HAUtils (HAUtils.java:getMetaDir(342)) - ozone.scm.db.dirs is not configured. We recommend adding this setting. Falling back to ozone.metadata.dirs instead.
2022-10-09 13:03:44,877 [main] WARN  db.DBStoreBuilder (DBStoreBuilder.java:applyDBDefinition(144)) - ozone.scm.db.dirs is not configured. We recommend adding this setting. Falling back to ozone.metadata.dirs instead.
2022-10-09 13:03:45,083 [main] INFO  net.NodeSchemaLoader (NodeSchemaLoader.java:loadSchemaFromFile(129)) - Loading schema from [jar:file:/home/runner/.m2/repository/org/apache/ozone/hdds-common/1.3.0-SNAPSHOT/hdds-common-1.3.0-SNAPSHOT.jar!/network-topology-default.xml]
2022-10-09 13:03:45,085 [main] INFO  net.NodeSchemaLoader (NodeSchemaLoader.java:loadSchema(176)) - Loading network topology layer schema file
2022-10-09 13:03:45,136 [main] INFO  metrics.MetricRegistries (MetricRegistriesLoader.java:load(64)) - Loaded MetricRegistries class org.apache.ratis.metrics.impl.MetricRegistriesImpl
2022-10-09 13:03:45,144 [main] INFO  upgrade.AbstractLayoutVersionManager (AbstractLayoutVersionManager.java:init(83)) - Initializing Layout version manager with metadata layout = DATANODE_SCHEMA_V3 (version = 4), software layout = DATANODE_SCHEMA_V3 (version = 4)
2022-10-09 13:03:45,381 [main] INFO  reflections.Reflections (Reflections.java:scan(232)) - Reflections took 138 ms to scan 7 urls, producing 135 keys and 327 values 
2022-10-09 13:03:45,485 [main] INFO  ha.SequenceIdGenerator (SequenceIdGenerator.java:upgradeToSequenceId(349)) - upgrade localId to 109611004723200000
2022-10-09 13:03:45,485 [main] INFO  ha.SequenceIdGenerator (SequenceIdGenerator.java:upgradeToSequenceId(359)) - upgrade delTxnId to 0
2022-10-09 13:03:45,488 [main] INFO  ha.SequenceIdGenerator (SequenceIdGenerator.java:upgradeToSequenceId(376)) - upgrade containerId to 0
2022-10-09 13:03:45,491 [main] INFO  ha.SequenceIdGenerator (SequenceIdGenerator.java:<init>(220)) - Init the HA SequenceIdGenerator.
2022-10-09 13:03:45,528 [main] WARN  server.ServerUtils (ServerUtils.java:sanitizeUserArgs(73)) - ozone.scm.stale.node.interval value = 300000 is larger than max = 100000 based on the key value of ozone.scm.heartbeat.thread.interval, reset to the max value 100000.
2022-10-09 13:03:45,529 [main] WARN  server.ServerUtils (ServerUtils.java:sanitizeUserArgs(73)) - ozone.scm.stale.node.interval value = 300000 is larger than max = 100000 based on the key value of ozone.scm.heartbeat.thread.interval, reset to the max value 100000.
2022-10-09 13:03:45,534 [main] INFO  node.SCMNodeManager (SCMNodeManager.java:<init>(149)) - Entering startup safe mode.
2022-10-09 13:03:45,608 [main] INFO  algorithms.ContainerPlacementPolicyFactory (ContainerPlacementPolicyFactory.java:getPolicyInternal(86)) - Create container placement policy of type org.apache.hadoop.hdds.scm.container.placement.algorithms.SCMContainerPlacementRandom
2022-10-09 13:03:45,610 [main] INFO  algorithms.ContainerPlacementPolicyFactory (ContainerPlacementPolicyFactory.java:getPolicyInternal(86)) - Create container placement policy of type org.apache.hadoop.hdds.scm.container.placement.algorithms.SCMContainerPlacementRackScatter
2022-10-09 13:03:45,619 [main] INFO  pipeline.PipelineStateManagerImpl (PipelineStateManagerImpl.java:initialize(78)) - No pipeline exists in current db
2022-10-09 13:03:45,655 [main] INFO  algorithms.LeaderChoosePolicyFactory (LeaderChoosePolicyFactory.java:getPolicy(57)) - Create leader choose policy of type org.apache.hadoop.hdds.scm.pipeline.leader.choose.algorithms.MinLeaderCountChoosePolicy
2022-10-09 13:03:45,656 [main] INFO  algorithms.ContainerPlacementPolicyFactory (ContainerPlacementPolicyFactory.java:getPolicyInternal(86)) - Create container placement policy of type org.apache.hadoop.hdds.scm.container.placement.algorithms.SCMContainerPlacementRackScatter
2022-10-09 13:03:45,662 [main] INFO  ha.SCMServiceManager (SCMServiceManager.java:register(42)) - Registering service BackgroundPipelineCreator.
2022-10-09 13:03:45,663 [main] INFO  pipeline.BackgroundPipelineCreator (BackgroundPipelineCreator.java:start(124)) - Starting RatisPipelineUtilsThread.
2022-10-09 13:03:45,669 [main] INFO  BackgroundPipelineScrubber (BackgroundSCMService.java:start(68)) - Starting BackgroundPipelineScrubber Service.
2022-10-09 13:03:45,669 [main] INFO  ha.SCMServiceManager (SCMServiceManager.java:register(42)) - Registering service BackgroundPipelineScrubber.
2022-10-09 13:03:45,679 [main] INFO  ExpiredContainerReplicaOpScrubber (BackgroundSCMService.java:start(68)) - Starting ExpiredContainerReplicaOpScrubber Service.
2022-10-09 13:03:45,679 [main] INFO  ha.SCMServiceManager (SCMServiceManager.java:register(42)) - Registering service ExpiredContainerReplicaOpScrubber.
2022-10-09 13:03:45,727 [main] INFO  algorithms.PipelineChoosePolicyFactory (PipelineChoosePolicyFactory.java:createPipelineChoosePolicyFromClass(73)) - Create pipeline choose policy of type org.apache.hadoop.hdds.scm.pipeline.choose.algorithms.RandomPipelineChoosePolicy
2022-10-09 13:03:45,755 [main] INFO  ha.SCMServiceManager (SCMServiceManager.java:register(42)) - Registering service SCMBlockDeletingService.
2022-10-09 13:03:45,804 [main] INFO  replication.ReplicationManager (ReplicationManager.java:start(223)) - Starting Replication Monitor Thread.
2022-10-09 13:03:45,811 [main] INFO  ha.SCMServiceManager (SCMServiceManager.java:register(42)) - Registering service ReplicationManager.
2022-10-09 13:03:45,815 [ReplicationMonitor] INFO  replication.ReplicationManager (ReplicationManager.java:processAll(291)) - Replication Manager is not ready to run until 3000ms after safemode exit
2022-10-09 13:03:45,819 [main] INFO  safemode.ContainerSafeModeRule (ContainerSafeModeRule.java:<init>(89)) - containers with one replica threshold count 0
2022-10-09 13:03:45,825 [main] INFO  safemode.HealthyPipelineSafeModeRule (HealthyPipelineSafeModeRule.java:initializeRule(169)) - Total pipeline count is 0, healthy pipeline threshold count is 1
2022-10-09 13:03:45,828 [main] INFO  safemode.OneReplicaPipelineSafeModeRule (OneReplicaPipelineSafeModeRule.java:initializeRule(180)) - Total pipeline count is 0, pipeline's with at least one datanode reported threshold count is 0
2022-10-09 13:03:46,126 [main] INFO  audit.AuditLogger (AuditLogger.java:refreshDebugCmdSet(126)) - Refresh DebugCmdSet for SCMAudit to [].
2022-10-09 13:03:46,156 [main] INFO  ipc.CallQueueManager (CallQueueManager.java:<init>(90)) - Using callQueue: class java.util.concurrent.LinkedBlockingQueue, queueCapacity: 2000, scheduler: class org.apache.hadoop.ipc.DefaultRpcScheduler, ipcBackoff: false.
2022-10-09 13:03:46,198 [Socket Reader #1 for port 0] INFO  ipc.Server (Server.java:run(1265)) - Starting Socket Reader #1 for port 0
2022-10-09 13:03:46,257 [Listener at 0.0.0.0/38579] INFO  audit.AuditLogger (AuditLogger.java:refreshDebugCmdSet(126)) - Refresh DebugCmdSet for SCMAudit to [].
2022-10-09 13:03:46,263 [Listener at 0.0.0.0/38579] INFO  ipc.CallQueueManager (CallQueueManager.java:<init>(90)) - Using callQueue: class java.util.concurrent.LinkedBlockingQueue, queueCapacity: 2000, scheduler: class org.apache.hadoop.ipc.DefaultRpcScheduler, ipcBackoff: false.
2022-10-09 13:03:46,264 [Socket Reader #1 for port 0] INFO  ipc.Server (Server.java:run(1265)) - Starting Socket Reader #1 for port 0
2022-10-09 13:03:46,299 [Listener at 0.0.0.0/38953] INFO  audit.AuditLogger (AuditLogger.java:refreshDebugCmdSet(126)) - Refresh DebugCmdSet for SCMAudit to [].
2022-10-09 13:03:46,318 [Listener at 0.0.0.0/38953] INFO  ipc.CallQueueManager (CallQueueManager.java:<init>(90)) - Using callQueue: class java.util.concurrent.LinkedBlockingQueue, queueCapacity: 2000, scheduler: class org.apache.hadoop.ipc.DefaultRpcScheduler, ipcBackoff: false.
2022-10-09 13:03:46,320 [Socket Reader #1 for port 0] INFO  ipc.Server (Server.java:run(1265)) - Starting Socket Reader #1 for port 0
2022-10-09 13:03:46,456 [Listener at 0.0.0.0/36937] INFO  ha.SCMServiceManager (SCMServiceManager.java:register(42)) - Registering service ContainerBalancer.
2022-10-09 13:03:46,457 [Listener at 0.0.0.0/36937] INFO  server.StorageContainerManager (StorageContainerManager.java:<init>(410)) - 
Container Balancer status:
Key                            Value
Running                        false
Container Balancer Configuration values:
Key                                                Value
Threshold                                          10
Max Datanodes to Involve per Iteration(percent)    20
Max Size to Move per Iteration                     500GB
Max Size Entering Target per Iteration             26GB
Max Size Leaving Source per Iteration              26GB

2022-10-09 13:03:46,458 [Listener at 0.0.0.0/36937] WARN  events.EventQueue (EventQueue.java:fireEvent(216)) - No event handler registered for event TypedEvent{payloadType=SafeModeStatus, name='Safe mode status'}
2022-10-09 13:03:46,458 [Listener at 0.0.0.0/36937] INFO  ha.SCMContext (SCMContext.java:updateSafeModeStatus(228)) - Update SafeModeStatus from SafeModeStatus{safeModeStatus=true, preCheckPassed=false} to SafeModeStatus{safeModeStatus=true, preCheckPassed=false}.
2022-10-09 13:03:46,463 [Listener at 0.0.0.0/36937] INFO  server.StorageContainerManager (StorageContainerManager.java:start(1436)) - StorageContainerLocationProtocol RPC server is listening at /0.0.0.0:36937
2022-10-09 13:03:46,529 [Listener at 0.0.0.0/36937] WARN  impl.MetricsConfig (MetricsConfig.java:loadFirst(136)) - Cannot locate configuration: tried hadoop-metrics2-storagecontainermanager.properties,hadoop-metrics2.properties
2022-10-09 13:03:46,546 [Listener at 0.0.0.0/36937] INFO  impl.MetricsSystemImpl (MetricsSystemImpl.java:startTimer(378)) - Scheduled Metric snapshot period at 10 second(s).
2022-10-09 13:03:46,547 [Listener at 0.0.0.0/36937] INFO  impl.MetricsSystemImpl (MetricsSystemImpl.java:start(191)) - StorageContainerManager metrics system started
2022-10-09 13:03:46,811 [Listener at 0.0.0.0/36937] INFO  server.SCMClientProtocolServer (SCMClientProtocolServer.java:start(170)) - RPC server for Client  is listening at /0.0.0.0:36937
2022-10-09 13:03:46,813 [IPC Server Responder] INFO  ipc.Server (Server.java:run(1507)) - IPC Server Responder: starting
2022-10-09 13:03:46,814 [IPC Server listener on 0] INFO  ipc.Server (Server.java:run(1344)) - IPC Server listener on 0: starting
2022-10-09 13:03:46,817 [Listener at 0.0.0.0/36937] INFO  server.StorageContainerManager (StorageContainerManager.java:start(1451)) - ScmBlockLocationProtocol RPC server is listening at /0.0.0.0:38953
2022-10-09 13:03:46,818 [Listener at 0.0.0.0/36937] INFO  server.SCMBlockProtocolServer (SCMBlockProtocolServer.java:start(152)) - RPC server for Block Protocol is listening at /0.0.0.0:38953
2022-10-09 13:03:46,818 [IPC Server Responder] INFO  ipc.Server (Server.java:run(1507)) - IPC Server Responder: starting
2022-10-09 13:03:46,819 [IPC Server listener on 0] INFO  ipc.Server (Server.java:run(1344)) - IPC Server listener on 0: starting
2022-10-09 13:03:46,821 [Listener at 0.0.0.0/36937] INFO  server.SCMDatanodeProtocolServer (SCMDatanodeProtocolServer.java:start(186)) - ScmDatanodeProtocol RPC server for DataNodes is listening at /0.0.0.0:38579
2022-10-09 13:03:46,822 [IPC Server Responder] INFO  ipc.Server (Server.java:run(1507)) - IPC Server Responder: starting
2022-10-09 13:03:46,822 [IPC Server listener on 0] INFO  ipc.Server (Server.java:run(1344)) - IPC Server listener on 0: starting
2022-10-09 13:03:46,845 [org.apache.hadoop.util.JvmPauseMonitor$Monitor@63c163e1] INFO  util.JvmPauseMonitor (JvmPauseMonitor.java:run(188)) - Starting JVM pause monitor
2022-10-09 13:03:46,857 [Listener at 0.0.0.0/36937] INFO  http.BaseHttpServer (BaseHttpServer.java:newHttpServer2BuilderForOzone(213)) - Starting Web-server for scm at: http://0.0.0.0:0
2022-10-09 13:03:46,858 [Listener at 0.0.0.0/36937] INFO  http.BaseHttpServer (BaseHttpServer.java:<init>(108)) - Hadoop Security Enabled: false Ozone Security Enabled: false Ozone HTTP Security Enabled: false 
2022-10-09 13:03:46,886 [Listener at 0.0.0.0/36937] INFO  util.log (Log.java:initialized(170)) - Logging initialized @4294ms to org.eclipse.jetty.util.log.Slf4jLog
2022-10-09 13:03:47,007 [Listener at 0.0.0.0/36937] INFO  server.AuthenticationFilter (AuthenticationFilter.java:constructSecretProvider(240)) - Unable to initialize FileSignerSecretProvider, falling back to use random secrets.
2022-10-09 13:03:47,015 [Listener at 0.0.0.0/36937] WARN  http.HttpRequestLog (HttpRequestLog.java:getRequestLog(103)) - Jetty request log can only be enabled using Log4j
2022-10-09 13:03:47,024 [Listener at 0.0.0.0/36937] INFO  http.HttpServer2 (HttpServer2.java:addGlobalFilter(1031)) - Added global filter 'safety' (class=org.apache.hadoop.hdds.server.http.HttpServer2$QuotingInputFilter)
2022-10-09 13:03:47,027 [Listener at 0.0.0.0/36937] INFO  http.HttpServer2 (HttpServer2.java:addFilter(1007)) - Added filter static_user_filter (class=org.apache.hadoop.http.lib.StaticUserWebFilter$StaticUserFilter) to context scm
2022-10-09 13:03:47,027 [Listener at 0.0.0.0/36937] INFO  http.HttpServer2 (HttpServer2.java:addFilter(1015)) - Added filter static_user_filter (class=org.apache.hadoop.http.lib.StaticUserWebFilter$StaticUserFilter) to context logs
2022-10-09 13:03:47,027 [Listener at 0.0.0.0/36937] INFO  http.HttpServer2 (HttpServer2.java:addFilter(1015)) - Added filter static_user_filter (class=org.apache.hadoop.http.lib.StaticUserWebFilter$StaticUserFilter) to context static
2022-10-09 13:03:47,068 [Listener at 0.0.0.0/36937] INFO  http.HttpServer2 (HttpServer2.java:bindListener(1250)) - Jetty bound to port 36187
2022-10-09 13:03:47,070 [Listener at 0.0.0.0/36937] INFO  server.Server (Server.java:doStart(375)) - jetty-9.4.43.v20210629; built: 2021-06-30T11:07:22.254Z; git: 526006ecfa3af7f1a27ef3a288e2bef7ea9dd7e8; jvm 1.8.0_345-b01
2022-10-09 13:03:47,103 [Listener at 0.0.0.0/36937] INFO  server.session (DefaultSessionIdManager.java:doStart(334)) - DefaultSessionIdManager workerName=node0
2022-10-09 13:03:47,103 [Listener at 0.0.0.0/36937] INFO  server.session (DefaultSessionIdManager.java:doStart(339)) - No SessionScavenger set, using defaults
2022-10-09 13:03:47,106 [Listener at 0.0.0.0/36937] INFO  server.session (HouseKeeper.java:startScavenging(132)) - node0 Scavenging every 660000ms
2022-10-09 13:03:47,118 [Listener at 0.0.0.0/36937] INFO  handler.ContextHandler (ContextHandler.java:doStart(915)) - Started o.e.j.s.ServletContextHandler@2e88ad38{logs,/logs,file:///home/runner/work/ozone/ozone/hadoop-ozone/integration-test/target/log,AVAILABLE}
2022-10-09 13:03:47,119 [Listener at 0.0.0.0/36937] INFO  handler.ContextHandler (ContextHandler.java:doStart(915)) - Started o.e.j.s.ServletContextHandler@5ce0f50a{static,/static,file:///home/runner/work/ozone/ozone/hadoop-ozone/integration-test/target/test-classes/webapps/static,AVAILABLE}
2022-10-09 13:03:47,176 [Listener at 0.0.0.0/36937] INFO  handler.ContextHandler (ContextHandler.java:doStart(915)) - Started o.e.j.w.WebAppContext@a2ca681{scm,/,file:///home/runner/work/ozone/ozone/hadoop-ozone/integration-test/target/test-classes/webapps/scm/,AVAILABLE}{file:/home/runner/work/ozone/ozone/hadoop-ozone/integration-test/target/test-classes/webapps/scm}
2022-10-09 13:03:47,187 [Listener at 0.0.0.0/36937] INFO  server.AbstractConnector (AbstractConnector.java:doStart(331)) - Started ServerConnector@6b64921f{HTTP/1.1, (http/1.1)}{0.0.0.0:36187}
2022-10-09 13:03:47,187 [Listener at 0.0.0.0/36937] INFO  server.Server (Server.java:doStart(415)) - Started @4596ms
2022-10-09 13:03:47,197 [Listener at 0.0.0.0/36937] INFO  impl.MetricsSinkAdapter (MetricsSinkAdapter.java:start(204)) - Sink prometheus started
2022-10-09 13:03:47,197 [Listener at 0.0.0.0/36937] INFO  impl.MetricsSystemImpl (MetricsSystemImpl.java:registerSink(305)) - Registered sink prometheus
2022-10-09 13:03:47,198 [Listener at 0.0.0.0/36937] INFO  http.BaseHttpServer (BaseHttpServer.java:updateConnectorAddress(333)) - HTTP server of scm listening at http://0.0.0.0:36187
2022-10-09 13:03:47,200 [Listener at 0.0.0.0/36937] WARN  server.ServerUtils (ServerUtils.java:getDBPath(225)) - ozone.om.db.dirs is not configured. We recommend adding this setting. Falling back to ozone.metadata.dirs instead.
2022-10-09 13:03:47,249 [Listener at 0.0.0.0/36937] INFO  audit.AuditLogger (AuditLogger.java:refreshDebugCmdSet(126)) - Refresh DebugCmdSet for OMAudit to [].
2022-10-09 13:03:47,323 [Listener at 0.0.0.0/36937] INFO  ha.OMHANodeDetails (OMHANodeDetails.java:loadOMHAConfig(115)) - ozone.om.internal.service.id is not defined, falling back to ozone.om.service.ids to find serviceID for OzoneManager if it is HA enabled cluster
2022-10-09 13:03:47,326 [Listener at 0.0.0.0/36937] INFO  ha.OMHANodeDetails (OMHANodeDetails.java:loadOMHAConfig(226)) - Configuration does not have ozone.om.address set. Falling back to the default OM address /127.0.0.1:0
2022-10-09 13:03:47,326 [Listener at 0.0.0.0/36937] INFO  ha.OMHANodeDetails (OMHANodeDetails.java:getOMNodeDetailsForNonHA(254)) - OM Service ID is not set. Setting it to the default ID: omServiceIdDefault
2022-10-09 13:03:47,327 [Listener at 0.0.0.0/36937] INFO  ha.OMHANodeDetails (OMHANodeDetails.java:getOMNodeDetailsForNonHA(261)) - OM Node ID is not set. Setting it to the default ID: om1
2022-10-09 13:03:47,331 [Listener at 0.0.0.0/36937] WARN  server.ServerUtils (ServerUtils.java:getDBPath(225)) - ozone.om.db.dirs is not configured. We recommend adding this setting. Falling back to ozone.metadata.dirs instead.
2022-10-09 13:03:47,332 [Listener at 0.0.0.0/36937] INFO  upgrade.AbstractLayoutVersionManager (AbstractLayoutVersionManager.java:init(83)) - Initializing Layout version manager with metadata layout = MULTITENANCY_SCHEMA (version = 3), software layout = MULTITENANCY_SCHEMA (version = 3)
2022-10-09 13:03:47,416 [Listener at 0.0.0.0/36937] INFO  reflections.Reflections (Reflections.java:scan(232)) - Reflections took 78 ms to scan 2 urls, producing 154 keys and 428 values [using 2 cores]
2022-10-09 13:03:47,421 [Listener at 0.0.0.0/36937] INFO  upgrade.OMLayoutVersionManager (OMLayoutVersionManager.java:lambda$0(115)) - Skipping Upgrade Action MockOmUpgradeAction since it has been finalized.
2022-10-09 13:03:47,422 [Listener at 0.0.0.0/36937] WARN  server.ServerUtils (ServerUtils.java:getDBPath(225)) - ozone.om.db.dirs is not configured. We recommend adding this setting. Falling back to ozone.metadata.dirs instead.
2022-10-09 13:03:47,586 [Listener at 0.0.0.0/36937] INFO  proxy.SCMBlockLocationFailoverProxyProvider (SCMBlockLocationFailoverProxyProvider.java:<init>(114)) - Created block location fail-over proxy with 1 nodes: [nodeId=scmNodeId,nodeAddress=/0.0.0.0:38953]
2022-10-09 13:03:47,617 [Listener at 0.0.0.0/36937] INFO  proxy.SCMBlockLocationFailoverProxyProvider (SCMBlockLocationFailoverProxyProvider.java:<init>(114)) - Created block location fail-over proxy with 1 nodes: [nodeId=scmNodeId,nodeAddress=/0.0.0.0:38953]
2022-10-09 13:03:47,819 [Listener at 0.0.0.0/36937] WARN  server.ServerUtils (ServerUtils.java:getDBPath(225)) - ozone.om.db.dirs is not configured. We recommend adding this setting. Falling back to ozone.metadata.dirs instead.
2022-10-09 13:03:47,827 [Listener at 0.0.0.0/36937] INFO  codec.OmKeyInfoCodec (OmKeyInfoCodec.java:<init>(49)) - OmKeyInfoCodec ignorePipeline = true
2022-10-09 13:03:47,828 [Listener at 0.0.0.0/36937] INFO  codec.RepeatedOmKeyInfoCodec (RepeatedOmKeyInfoCodec.java:<init>(41)) - RepeatedOmKeyInfoCodec ignorePipeline = true
2022-10-09 13:03:47,994 [Listener at 0.0.0.0/36937] INFO  om.OzoneManager (OzoneManager.java:instantiateServices(710)) - S3 Multi-Tenancy is disabled
2022-10-09 13:03:48,106 [Listener at 0.0.0.0/36937] INFO  om.OzoneManager (OzoneManager.java:addS3GVolumeToDB(4325)) - Created Volume s3v With Owner runner required for S3Gateway operations.
2022-10-09 13:03:48,166 [Listener at 0.0.0.0/36937] WARN  server.ServerUtils (ServerUtils.java:getDefaultRatisDirectory(237)) - Storage directory for Ratis is not configured. It is a good idea to map this to an SSD disk. Falling back to ozone.metadata.dirs
2022-10-09 13:03:48,167 [Listener at 0.0.0.0/36937] WARN  utils.OzoneManagerRatisUtils (OzoneManagerRatisUtils.java:getOMRatisSnapshotDirectory(434)) - ozone.om.ratis.snapshot.dir is not configured. Falling back to ozone.metadata.dirs config
2022-10-09 13:03:48,186 [Listener at 0.0.0.0/36937] WARN  server.ServerUtils (ServerUtils.java:getDefaultRatisDirectory(237)) - Storage directory for Ratis is not configured. It is a good idea to map this to an SSD disk. Falling back to ozone.metadata.dirs
2022-10-09 13:03:48,214 [Listener at 0.0.0.0/36937] INFO  ratis.OzoneManagerRatisServer (OzoneManagerRatisServer.java:<init>(160)) - Instantiating OM Ratis server with groupID: omServiceIdDefault and peers: localhost:9872
2022-10-09 13:03:48,223 [Listener at 0.0.0.0/36937] INFO  ratis.OzoneManagerStateMachine (OzoneManagerStateMachine.java:loadSnapshotInfoFromDB(632)) - LastAppliedIndex is set from TransactionInfo from OM DB as (t:0, i:~)
2022-10-09 13:03:48,273 [Listener at 0.0.0.0/36937] INFO  server.RaftServer (ConfUtils.java:logGet(46)) - raft.rpc.type = GRPC (default)
2022-10-09 13:03:48,359 [Listener at 0.0.0.0/36937] INFO  grpc.GrpcFactory (GrpcFactory.java:checkPooledByteBufAllocatorUseCacheForAllThreads(48)) - PERFORMANCE WARNING: useCacheForAllThreads is true that may cause Netty to create a lot garbage objects and, as a result, trigger GC.
	It is recommended to disable useCacheForAllThreads by setting -Dorg.apache.ratis.thirdparty.io.netty.allocator.useCacheForAllThreads=false in command line.
2022-10-09 13:03:48,363 [Listener at 0.0.0.0/36937] INFO  grpc.GrpcConfigKeys (ConfUtils.java:logGet(46)) - raft.grpc.admin.port = -1 (default)
2022-10-09 13:03:48,363 [Listener at 0.0.0.0/36937] INFO  grpc.GrpcConfigKeys (ConfUtils.java:logGet(46)) - raft.grpc.server.port = 9872 (custom)
2022-10-09 13:03:48,364 [Listener at 0.0.0.0/36937] INFO  grpc.GrpcConfigKeys (ConfUtils.java:logGet(46)) - raft.grpc.client.port = -1 (default)
2022-10-09 13:03:48,364 [Listener at 0.0.0.0/36937] INFO  grpc.GrpcConfigKeys (ConfUtils.java:logGet(46)) - raft.grpc.server.port = 9872 (custom)
2022-10-09 13:03:48,364 [Listener at 0.0.0.0/36937] INFO  grpc.GrpcConfigKeys (ConfUtils.java:logGet(46)) - raft.grpc.server.port = 9872 (custom)
2022-10-09 13:03:48,365 [Listener at 0.0.0.0/36937] INFO  server.GrpcService (ConfUtils.java:logGet(46)) - raft.grpc.message.size.max = 33554432 (custom)
2022-10-09 13:03:48,366 [Listener at 0.0.0.0/36937] INFO  server.RaftServerConfigKeys (ConfUtils.java:logGet(46)) - raft.server.log.appender.buffer.byte-limit = 33554432 (custom)
2022-10-09 13:03:48,366 [Listener at 0.0.0.0/36937] INFO  server.GrpcService (ConfUtils.java:logGet(46)) - raft.grpc.flow.control.window = 1MB (=1048576) (default)
2022-10-09 13:03:48,367 [Listener at 0.0.0.0/36937] INFO  server.RaftServerConfigKeys (ConfUtils.java:logGet(46)) - raft.server.rpc.request.timeout = 3000ms (default)
2022-10-09 13:03:48,384 [Listener at 0.0.0.0/36937] INFO  grpc.GrpcConfigKeys (ConfUtils.java:logGet(46)) - raft.grpc.server.async.request.thread.pool.cached = true (default)
2022-10-09 13:03:48,385 [Listener at 0.0.0.0/36937] INFO  grpc.GrpcConfigKeys (ConfUtils.java:logGet(46)) - raft.grpc.server.async.request.thread.pool.size = 32 (default)
2022-10-09 13:03:48,695 [Listener at 0.0.0.0/36937] INFO  impl.DataStreamServerImpl (ConfUtils.java:logGet(46)) - raft.datastream.type = DISABLED (default)
2022-10-09 13:03:48,698 [Listener at 0.0.0.0/36937] INFO  server.RaftServerConfigKeys (ConfUtils.java:logGet(46)) - raft.server.threadpool.proxy.cached = true (default)
2022-10-09 13:03:48,699 [Listener at 0.0.0.0/36937] INFO  server.RaftServerConfigKeys (ConfUtils.java:logGet(46)) - raft.server.threadpool.proxy.size = 0 (default)
2022-10-09 13:03:48,699 [Listener at 0.0.0.0/36937] INFO  server.RaftServerConfigKeys (ConfUtils.java:logGet(46)) - raft.server.rpc.slowness.timeout = 120s (custom)
2022-10-09 13:03:48,700 [Listener at 0.0.0.0/36937] INFO  server.RaftServerConfigKeys (ConfUtils.java:logGet(46)) - raft.server.leaderelection.leader.step-down.wait-time = 10s (default)
2022-10-09 13:03:48,703 [Listener at 0.0.0.0/36937] INFO  server.RaftServerConfigKeys (ConfUtils.java:logGet(46)) - raft.server.storage.dir = [/home/runner/work/ozone/ozone/hadoop-ozone/integration-test/target/test-dir/MiniOzoneClusterImpl-6b6317f5-37ef-4289-9029-d6045239d9e9/ozone-meta/ratis] (custom)
2022-10-09 13:03:48,711 [Listener at 0.0.0.0/36937] INFO  server.RaftServer (RaftServerProxy.java:addNew(96)) - om1: addNew group-C5BA1605619E:[om1|rpc:localhost:9872|priority:0] returns group-C5BA1605619E:java.util.concurrent.CompletableFuture@1310b98a[Not completed]
2022-10-09 13:03:48,712 [Listener at 0.0.0.0/36937] INFO  om.OzoneManager (OzoneManager.java:initializeRatisServer(1977)) - OzoneManager Ratis server initialized at port 9872
2022-10-09 13:03:48,742 [Listener at 0.0.0.0/36937] INFO  om.OzoneManager (OzoneManager.java:getRpcServer(1100)) - Creating RPC Server
2022-10-09 13:03:48,775 [pool-55-thread-1] INFO  server.RaftServer$Division (RaftServerImpl.java:<init>(190)) - om1: new RaftServerImpl for group-C5BA1605619E:[om1|rpc:localhost:9872|priority:0] with OzoneManagerStateMachine:uninitialized
2022-10-09 13:03:48,791 [pool-55-thread-1] INFO  server.RaftServerConfigKeys (ConfUtils.java:logGet(46)) - raft.server.rpc.timeout.min = 1s (custom)
2022-10-09 13:03:48,792 [pool-55-thread-1] INFO  server.RaftServerConfigKeys (ConfUtils.java:logGet(46)) - raft.server.rpc.timeout.max = 1200ms (custom)
2022-10-09 13:03:48,792 [pool-55-thread-1] INFO  server.RaftServerConfigKeys (ConfUtils.java:logGet(46)) - raft.server.rpc.sleep.time = 25ms (default)
2022-10-09 13:03:48,792 [pool-55-thread-1] INFO  server.RaftServerConfigKeys (ConfUtils.java:logGet(46)) - raft.server.rpc.slowness.timeout = 120s (custom)
2022-10-09 13:03:48,792 [pool-55-thread-1] INFO  server.RaftServerConfigKeys (ConfUtils.java:logGet(46)) - raft.server.leaderelection.leader.step-down.wait-time = 10s (default)
2022-10-09 13:03:48,792 [pool-55-thread-1] INFO  server.RaftServerConfigKeys (ConfUtils.java:logGet(46)) - raft.server.sleep.deviation.threshold = 300ms (default)
2022-10-09 13:03:48,803 [pool-55-thread-1] INFO  server.RaftServer$Division (ServerState.java:<init>(107)) - om1@group-C5BA1605619E: ConfigurationManager, init=-1: [om1|rpc:localhost:9872|priority:0], old=null, confs=<EMPTY_MAP>
2022-10-09 13:03:48,805 [pool-55-thread-1] INFO  server.RaftServerConfigKeys (ConfUtils.java:logGet(46)) - raft.server.storage.dir = [/home/runner/work/ozone/ozone/hadoop-ozone/integration-test/target/test-dir/MiniOzoneClusterImpl-6b6317f5-37ef-4289-9029-d6045239d9e9/ozone-meta/ratis] (custom)
2022-10-09 13:03:48,831 [pool-55-thread-1] INFO  server.RaftServerConfigKeys (ConfUtils.java:logGet(46)) - raft.server.log.corruption.policy = EXCEPTION (default)
2022-10-09 13:03:48,831 [pool-55-thread-1] INFO  server.RaftServerConfigKeys (ConfUtils.java:logGet(46)) - raft.server.storage.free-space.min = 0MB (=0) (default)
2022-10-09 13:03:48,833 [pool-55-thread-1] INFO  storage.RaftStorageDirectory (RaftStorageDirectoryImpl.java:analyzeStorage(135)) - The storage directory /home/runner/work/ozone/ozone/hadoop-ozone/integration-test/target/test-dir/MiniOzoneClusterImpl-6b6317f5-37ef-4289-9029-d6045239d9e9/ozone-meta/ratis/bf265839-605b-3f16-9796-c5ba1605619e does not exist. Creating ...
2022-10-09 13:03:48,838 [pool-55-thread-1] INFO  storage.RaftStorageDirectory (RaftStorageDirectoryImpl.java:tryLock(230)) - Lock on /home/runner/work/ozone/ozone/hadoop-ozone/integration-test/target/test-dir/MiniOzoneClusterImpl-6b6317f5-37ef-4289-9029-d6045239d9e9/ozone-meta/ratis/bf265839-605b-3f16-9796-c5ba1605619e/in_use.lock acquired by nodename 13094@fv-az212-628
2022-10-09 13:03:48,845 [pool-55-thread-1] INFO  storage.RaftStorage (RaftStorageImpl.java:format(89)) - Storage directory /home/runner/work/ozone/ozone/hadoop-ozone/integration-test/target/test-dir/MiniOzoneClusterImpl-6b6317f5-37ef-4289-9029-d6045239d9e9/ozone-meta/ratis/bf265839-605b-3f16-9796-c5ba1605619e has been successfully formatted.
2022-10-09 13:03:48,848 [pool-55-thread-1] INFO  server.RaftServerConfigKeys (ConfUtils.java:logGet(46)) - raft.server.notification.no-leader.timeout = 120s (custom)
2022-10-09 13:03:48,850 [pool-55-thread-1] INFO  server.RaftServerConfigKeys (ConfUtils.java:logGet(46)) - raft.server.log.use.memory = false (default)
2022-10-09 13:03:48,858 [pool-55-thread-1] INFO  server.RaftServerConfigKeys (ConfUtils.java:logGet(46)) - raft.server.log.purge.gap = 1000000 (custom)
2022-10-09 13:03:48,858 [pool-55-thread-1] INFO  server.RaftServerConfigKeys (ConfUtils.java:logGet(46)) - raft.server.log.appender.buffer.byte-limit = 33554432 (custom)
2022-10-09 13:03:48,860 [pool-55-thread-1] INFO  server.RaftServerConfigKeys (ConfUtils.java:logGet(46)) - raft.server.log.statemachine.data.read.timeout = 1000ms (default)
2022-10-09 13:03:48,897 [pool-55-thread-1] INFO  server.RaftServerConfigKeys (ConfUtils.java:logGet(46)) - raft.server.log.segment.size.max = 4194304 (custom)
2022-10-09 13:03:48,913 [pool-55-thread-1] INFO  server.RaftServerConfigKeys (ConfUtils.java:logGet(46)) - raft.server.log.segment.cache.num.max = 2 (custom)
2022-10-09 13:03:48,914 [pool-55-thread-1] INFO  server.RaftServerConfigKeys (ConfUtils.java:logGet(46)) - raft.server.log.segment.cache.size.max = 200MB (=209715200) (default)
2022-10-09 13:03:48,936 [pool-55-thread-1] INFO  segmented.SegmentedRaftLogWorker (SegmentedRaftLogWorker.java:<init>(187)) - new om1@group-C5BA1605619E-SegmentedRaftLogWorker for RaftStorageImpl:Storage Directory /home/runner/work/ozone/ozone/hadoop-ozone/integration-test/target/test-dir/MiniOzoneClusterImpl-6b6317f5-37ef-4289-9029-d6045239d9e9/ozone-meta/ratis/bf265839-605b-3f16-9796-c5ba1605619e
2022-10-09 13:03:48,937 [pool-55-thread-1] INFO  server.RaftServerConfigKeys (ConfUtils.java:logGet(46)) - raft.server.log.queue.byte-limit = 64MB (=67108864) (default)
2022-10-09 13:03:48,937 [pool-55-thread-1] INFO  server.RaftServerConfigKeys (ConfUtils.java:logGet(46)) - raft.server.log.queue.element-limit = 4096 (default)
2022-10-09 13:03:48,938 [pool-55-thread-1] INFO  server.RaftServerConfigKeys (ConfUtils.java:logGet(46)) - raft.server.log.segment.size.max = 4194304 (custom)
2022-10-09 13:03:48,938 [pool-55-thread-1] INFO  server.RaftServerConfigKeys (ConfUtils.java:logGet(46)) - raft.server.log.preallocated.size = 4194304 (custom)
2022-10-09 13:03:48,940 [pool-55-thread-1] INFO  server.RaftServerConfigKeys (ConfUtils.java:logGet(46)) - raft.server.log.force.sync.num = 128 (default)
2022-10-09 13:03:48,953 [pool-55-thread-1] INFO  server.RaftServerConfigKeys (ConfUtils.java:logGet(46)) - raft.server.log.statemachine.data.sync = true (default)
2022-10-09 13:03:48,953 [pool-55-thread-1] INFO  server.RaftServerConfigKeys (ConfUtils.java:logGet(46)) - raft.server.log.statemachine.data.sync.timeout = 10s (default)
2022-10-09 13:03:48,954 [pool-55-thread-1] INFO  server.RaftServerConfigKeys (ConfUtils.java:logGet(46)) - raft.server.log.statemachine.data.sync.timeout.retry = -1 (default)
2022-10-09 13:03:48,974 [pool-55-thread-1] INFO  server.RaftServerConfigKeys (ConfUtils.java:logGet(46)) - raft.server.log.write.buffer.size = 64KB (=65536) (default)
2022-10-09 13:03:48,975 [pool-55-thread-1] INFO  server.RaftServerConfigKeys (ConfUtils.java:logGet(46)) - raft.server.log.unsafe-flush.enabled = false (default)
2022-10-09 13:03:48,987 [pool-55-thread-1] INFO  server.RaftServerConfigKeys (ConfUtils.java:logGet(46)) - raft.server.log.statemachine.data.caching.enabled = false (default)
2022-10-09 13:03:49,006 [pool-55-thread-1] INFO  segmented.SegmentedRaftLogWorker (SegmentedRaftLogWorker.java:lambda$new$0(135)) - om1@group-C5BA1605619E-SegmentedRaftLogWorker: flushIndex: setUnconditionally 0 -> -1
2022-10-09 13:03:49,007 [pool-55-thread-1] INFO  segmented.SegmentedRaftLogWorker (SegmentedRaftLogWorker.java:lambda$new$0(135)) - om1@group-C5BA1605619E-SegmentedRaftLogWorker: safeCacheEvictIndex: setUnconditionally 0 -> -1
2022-10-09 13:03:49,020 [pool-55-thread-1] INFO  server.RaftServerConfigKeys (ConfUtils.java:logGet(46)) - raft.server.snapshot.auto.trigger.enabled = true (custom)
2022-10-09 13:03:49,021 [pool-55-thread-1] INFO  server.RaftServerConfigKeys (ConfUtils.java:logGet(46)) - raft.server.snapshot.auto.trigger.threshold = 400000 (default)
2022-10-09 13:03:49,022 [pool-55-thread-1] INFO  server.RaftServerConfigKeys (ConfUtils.java:logGet(46)) - raft.server.snapshot.retention.file.num = -1 (default)
2022-10-09 13:03:49,022 [pool-55-thread-1] INFO  server.RaftServerConfigKeys (ConfUtils.java:logGet(46)) - raft.server.log.purge.upto.snapshot.index = true (custom)
2022-10-09 13:03:49,025 [pool-55-thread-1] INFO  server.RaftServerConfigKeys (ConfUtils.java:logGet(46)) - raft.server.retrycache.expirytime = 300s (custom)
2022-10-09 13:03:49,025 [pool-55-thread-1] INFO  server.RaftServerConfigKeys (ConfUtils.java:logGet(46)) - raft.server.retrycache.statistics.expirytime = 100μs (default)
2022-10-09 13:03:49,155 [pool-55-thread-1] INFO  server.RaftServerConfigKeys (ConfUtils.java:logGet(46)) - raft.server.log.appender.install.snapshot.enabled = false (custom)
2022-10-09 13:03:49,168 [pool-55-thread-1] INFO  server.RaftServerConfigKeys (ConfUtils.java:logGet(46)) - raft.server.threadpool.server.cached = true (default)
2022-10-09 13:03:49,169 [pool-55-thread-1] INFO  server.RaftServerConfigKeys (ConfUtils.java:logGet(46)) - raft.server.threadpool.server.size = 0 (default)
2022-10-09 13:03:49,170 [pool-55-thread-1] INFO  server.RaftServerConfigKeys (ConfUtils.java:logGet(46)) - raft.server.threadpool.client.cached = true (default)
2022-10-09 13:03:49,170 [pool-55-thread-1] INFO  server.RaftServerConfigKeys (ConfUtils.java:logGet(46)) - raft.server.threadpool.client.size = 0 (default)
2022-10-09 13:03:49,687 [Listener at 0.0.0.0/36937] INFO  reflections.Reflections (Reflections.java:scan(232)) - Reflections took 865 ms to scan 19 urls, producing 67 keys and 4226 values [using 2 cores]
2022-10-09 13:03:49,862 [Listener at 0.0.0.0/36937] INFO  ipc.CallQueueManager (CallQueueManager.java:<init>(90)) - Using callQueue: class java.util.concurrent.LinkedBlockingQueue, queueCapacity: 2000, scheduler: class org.apache.hadoop.ipc.DefaultRpcScheduler, ipcBackoff: false.
2022-10-09 13:03:49,863 [Socket Reader #1 for port 0] INFO  ipc.Server (Server.java:run(1265)) - Starting Socket Reader #1 for port 0
2022-10-09 13:03:49,895 [Listener at 127.0.0.1/37457] INFO  impl.MetricsSystemImpl (MetricsSystemImpl.java:init(158)) - OzoneManager metrics system started (again)
2022-10-09 13:03:49,906 [Listener at 127.0.0.1/37457] INFO  om.OzoneManager (OzoneManager.java:start(1484)) - OzoneManager RPC server is listening at localhost/127.0.0.1:37457
2022-10-09 13:03:49,906 [Listener at 127.0.0.1/37457] INFO  ratis.OzoneManagerRatisServer (OzoneManagerRatisServer.java:start(555)) - Starting OzoneManagerRatisServer om1 at port 9872
2022-10-09 13:03:49,909 [om1-impl-thread1] INFO  server.RaftServer$Division (RaftServerImpl.java:start(310)) - om1@group-C5BA1605619E: start as a follower, conf=-1: [om1|rpc:localhost:9872|priority:0], old=null
2022-10-09 13:03:49,910 [om1-impl-thread1] INFO  server.RaftServer$Division (RaftServerImpl.java:setRole(299)) - om1@group-C5BA1605619E: changes role from      null to FOLLOWER at term 0 for startAsFollower
2022-10-09 13:03:49,911 [om1-impl-thread1] INFO  impl.RoleInfo (RoleInfo.java:updateAndGet(139)) - om1: start om1@group-C5BA1605619E-FollowerState
2022-10-09 13:03:49,912 [om1-impl-thread1] INFO  util.JmxRegister (JmxRegister.java:tryRegister(44)) - Successfully registered JMX Bean with object name Ratis:service=RaftServer,group=group-C5BA1605619E,id=om1
2022-10-09 13:03:49,920 [Listener at 127.0.0.1/37457] INFO  server.RaftServer (RaftServerProxy.java:lambda$start$6(382)) - om1: start RPC server
2022-10-09 13:03:49,985 [Listener at 127.0.0.1/37457] INFO  server.GrpcService (GrpcService.java:startImpl(260)) - om1: GrpcService started, listening on 9872
2022-10-09 13:03:49,987 [Listener at 127.0.0.1/37457] INFO  om.OzoneManager (OzoneManager.java:start(1500)) - Version File has different layout version (3) than OM DB (null). That is expected if this OM has never been finalized to a newer layout version.
2022-10-09 13:03:49,989 [org.apache.ratis.util.JvmPauseMonitor$$Lambda$636/1153107596@12e9ac59] INFO  util.JvmPauseMonitor (JvmPauseMonitor.java:run(103)) - JvmPauseMonitor-om1: Started
2022-10-09 13:03:50,009 [Listener at 127.0.0.1/37457] INFO  http.BaseHttpServer (BaseHttpServer.java:newHttpServer2BuilderForOzone(213)) - Starting Web-server for ozoneManager at: http://0.0.0.0:0
2022-10-09 13:03:50,009 [Listener at 127.0.0.1/37457] INFO  http.BaseHttpServer (BaseHttpServer.java:<init>(108)) - Hadoop Security Enabled: false Ozone Security Enabled: false Ozone HTTP Security Enabled: false 
2022-10-09 13:03:50,011 [Listener at 127.0.0.1/37457] INFO  server.AuthenticationFilter (AuthenticationFilter.java:constructSecretProvider(240)) - Unable to initialize FileSignerSecretProvider, falling back to use random secrets.
2022-10-09 13:03:50,015 [Listener at 127.0.0.1/37457] WARN  http.HttpRequestLog (HttpRequestLog.java:getRequestLog(103)) - Jetty request log can only be enabled using Log4j
2022-10-09 13:03:50,017 [Listener at 127.0.0.1/37457] INFO  http.HttpServer2 (HttpServer2.java:addGlobalFilter(1031)) - Added global filter 'safety' (class=org.apache.hadoop.hdds.server.http.HttpServer2$QuotingInputFilter)
2022-10-09 13:03:50,018 [Listener at 127.0.0.1/37457] INFO  http.HttpServer2 (HttpServer2.java:addFilter(1007)) - Added filter static_user_filter (class=org.apache.hadoop.http.lib.StaticUserWebFilter$StaticUserFilter) to context ozoneManager
2022-10-09 13:03:50,018 [Listener at 127.0.0.1/37457] INFO  http.HttpServer2 (HttpServer2.java:addFilter(1015)) - Added filter static_user_filter (class=org.apache.hadoop.http.lib.StaticUserWebFilter$StaticUserFilter) to context logs
2022-10-09 13:03:50,018 [Listener at 127.0.0.1/37457] INFO  http.HttpServer2 (HttpServer2.java:addFilter(1015)) - Added filter static_user_filter (class=org.apache.hadoop.http.lib.StaticUserWebFilter$StaticUserFilter) to context static
2022-10-09 13:03:50,021 [Listener at 127.0.0.1/37457] INFO  http.HttpServer2 (HttpServer2.java:bindListener(1250)) - Jetty bound to port 39759
2022-10-09 13:03:50,021 [Listener at 127.0.0.1/37457] INFO  server.Server (Server.java:doStart(375)) - jetty-9.4.43.v20210629; built: 2021-06-30T11:07:22.254Z; git: 526006ecfa3af7f1a27ef3a288e2bef7ea9dd7e8; jvm 1.8.0_345-b01
2022-10-09 13:03:50,027 [Listener at 127.0.0.1/37457] INFO  server.session (DefaultSessionIdManager.java:doStart(334)) - DefaultSessionIdManager workerName=node0
2022-10-09 13:03:50,027 [Listener at 127.0.0.1/37457] INFO  server.session (DefaultSessionIdManager.java:doStart(339)) - No SessionScavenger set, using defaults
2022-10-09 13:03:50,028 [Listener at 127.0.0.1/37457] INFO  server.session (HouseKeeper.java:startScavenging(132)) - node0 Scavenging every 660000ms
2022-10-09 13:03:50,044 [Listener at 127.0.0.1/37457] INFO  handler.ContextHandler (ContextHandler.java:doStart(915)) - Started o.e.j.s.ServletContextHandler@71280545{logs,/logs,file:///home/runner/work/ozone/ozone/hadoop-ozone/integration-test/target/log,AVAILABLE}
2022-10-09 13:03:50,045 [Listener at 127.0.0.1/37457] INFO  handler.ContextHandler (ContextHandler.java:doStart(915)) - Started o.e.j.s.ServletContextHandler@8eebc81{static,/static,file:///home/runner/work/ozone/ozone/hadoop-ozone/integration-test/target/test-classes/webapps/static,AVAILABLE}
2022-10-09 13:03:50,052 [Listener at 127.0.0.1/37457] INFO  handler.ContextHandler (ContextHandler.java:doStart(915)) - Started o.e.j.w.WebAppContext@8e41d4c{ozoneManager,/,file:///home/runner/work/ozone/ozone/hadoop-ozone/integration-test/target/test-classes/webapps/ozoneManager/,AVAILABLE}{file:/home/runner/work/ozone/ozone/hadoop-ozone/integration-test/target/test-classes/webapps/ozoneManager}
2022-10-09 13:03:50,055 [Listener at 127.0.0.1/37457] INFO  server.AbstractConnector (AbstractConnector.java:doStart(331)) - Started ServerConnector@3c52060{HTTP/1.1, (http/1.1)}{0.0.0.0:39759}
2022-10-09 13:03:50,055 [Listener at 127.0.0.1/37457] INFO  server.Server (Server.java:doStart(415)) - Started @7463ms
2022-10-09 13:03:50,055 [Listener at 127.0.0.1/37457] WARN  impl.MetricsSystemImpl (MetricsSystemImpl.java:register(279)) - Sink prometheus already exists!
2022-10-09 13:03:50,056 [Listener at 127.0.0.1/37457] INFO  http.BaseHttpServer (BaseHttpServer.java:updateConnectorAddress(333)) - HTTP server of ozoneManager listening at http://0.0.0.0:39759
2022-10-09 13:03:50,056 [IPC Server Responder] INFO  ipc.Server (Server.java:run(1507)) - IPC Server Responder: starting
2022-10-09 13:03:50,058 [IPC Server listener on 0] INFO  ipc.Server (Server.java:run(1344)) - IPC Server listener on 0: starting
2022-10-09 13:03:50,131 [Listener at 127.0.0.1/37457] INFO  om.TrashPolicyOzone (TrashPolicyOzone.java:<init>(178)) - Ozone Manager trash configuration: Deletion interval = 0 minutes, Emptier interval = 0 minutes.
2022-10-09 13:03:50,140 [org.apache.hadoop.util.JvmPauseMonitor$Monitor@7ce32d2e] INFO  util.JvmPauseMonitor (JvmPauseMonitor.java:run(188)) - Starting JVM pause monitor
2022-10-09 13:03:50,302 [Listener at 127.0.0.1/37457] WARN  impl.MetricRegistriesImpl (MetricRegistriesImpl.java:addReporterRegistration(111)) - New reporters are added after registries were created. Some metrics will be missing from the reporter. Please add reporter before adding any new registry.
2022-10-09 13:03:50,302 [Listener at 127.0.0.1/37457] WARN  impl.MetricRegistriesImpl (MetricRegistriesImpl.java:addReporterRegistration(111)) - New reporters are added after registries were created. Some metrics will be missing from the reporter. Please add reporter before adding any new registry.
2022-10-09 13:03:50,302 [Listener at 127.0.0.1/37457] INFO  impl.MetricsSystemImpl (MetricsSystemImpl.java:init(158)) - HddsDatanode metrics system started (again)
2022-10-09 13:03:50,320 [Listener at 127.0.0.1/37457] INFO  ozone.HddsDatanodeService (HddsDatanodeService.java:start(236)) - HddsDatanodeService host:fv-az212-628.zlodpucb4l4udavnfxg5s20dva.cx.internal.cloudapp.net ip:10.1.0.209
2022-10-09 13:03:50,354 [Listener at 127.0.0.1/37457] INFO  upgrade.AbstractLayoutVersionManager (AbstractLayoutVersionManager.java:init(83)) - Initializing Layout version manager with metadata layout = DATANODE_SCHEMA_V3 (version = 4), software layout = DATANODE_SCHEMA_V3 (version = 4)
2022-10-09 13:03:50,427 [Listener at 127.0.0.1/37457] INFO  reflections.Reflections (Reflections.java:scan(232)) - Reflections took 68 ms to scan 7 urls, producing 135 keys and 327 values 
2022-10-09 13:03:50,433 [Listener at 127.0.0.1/37457] INFO  statemachine.DatanodeStateMachine (DatanodeStateMachine.java:getEndPointTaskThreadPoolSize(237)) - Datanode State Machine Task Thread Pool size 2
2022-10-09 13:03:50,505 [Listener at 127.0.0.1/37457] INFO  volume.HddsVolume (HddsVolume.java:<init>(117)) - Creating HddsVolume: /home/runner/work/ozone/ozone/hadoop-ozone/integration-test/target/test-dir/MiniOzoneClusterImpl-6b6317f5-37ef-4289-9029-d6045239d9e9/datanode-0/data-0/containers/hdds of storage type : DISK capacity : 9223372036854775807
2022-10-09 13:03:50,507 [Listener at 127.0.0.1/37457] INFO  volume.MutableVolumeSet (MutableVolumeSet.java:initializeVolumeSet(174)) - Added Volume : /home/runner/work/ozone/ozone/hadoop-ozone/integration-test/target/test-dir/MiniOzoneClusterImpl-6b6317f5-37ef-4289-9029-d6045239d9e9/datanode-0/data-0/containers/hdds to VolumeSet
2022-10-09 13:03:50,508 [Listener at 127.0.0.1/37457] INFO  volume.ThrottledAsyncChecker (ThrottledAsyncChecker.java:schedule(141)) - Scheduling a check for /home/runner/work/ozone/ozone/hadoop-ozone/integration-test/target/test-dir/MiniOzoneClusterImpl-6b6317f5-37ef-4289-9029-d6045239d9e9/datanode-0/data-0/containers/hdds
2022-10-09 13:03:50,532 [Listener at 127.0.0.1/37457] INFO  volume.StorageVolumeChecker (StorageVolumeChecker.java:checkAllVolumes(202)) - Scheduled health check for volume /home/runner/work/ozone/ozone/hadoop-ozone/integration-test/target/test-dir/MiniOzoneClusterImpl-6b6317f5-37ef-4289-9029-d6045239d9e9/datanode-0/data-0/containers/hdds
2022-10-09 13:03:50,555 [Listener at 127.0.0.1/37457] INFO  volume.MutableVolumeSet (MutableVolumeSet.java:initializeVolumeSet(174)) - Added Volume : /home/runner/work/ozone/ozone/hadoop-ozone/integration-test/target/test-dir/MiniOzoneClusterImpl-6b6317f5-37ef-4289-9029-d6045239d9e9/datanode-0/data/ratis to VolumeSet
2022-10-09 13:03:50,555 [Listener at 127.0.0.1/37457] INFO  volume.ThrottledAsyncChecker (ThrottledAsyncChecker.java:schedule(141)) - Scheduling a check for /home/runner/work/ozone/ozone/hadoop-ozone/integration-test/target/test-dir/MiniOzoneClusterImpl-6b6317f5-37ef-4289-9029-d6045239d9e9/datanode-0/data/ratis
2022-10-09 13:03:50,556 [Listener at 127.0.0.1/37457] INFO  volume.StorageVolumeChecker (StorageVolumeChecker.java:checkAllVolumes(202)) - Scheduled health check for volume /home/runner/work/ozone/ozone/hadoop-ozone/integration-test/target/test-dir/MiniOzoneClusterImpl-6b6317f5-37ef-4289-9029-d6045239d9e9/datanode-0/data/ratis
2022-10-09 13:03:50,579 [Thread-136] INFO  ozoneimpl.ContainerReader (ContainerReader.java:readVolume(175)) - Finish verifying containers on volume /home/runner/work/ozone/ozone/hadoop-ozone/integration-test/target/test-dir/MiniOzoneClusterImpl-6b6317f5-37ef-4289-9029-d6045239d9e9/datanode-0/data-0/containers/hdds
2022-10-09 13:03:50,579 [Listener at 127.0.0.1/37457] INFO  ozoneimpl.OzoneContainer (OzoneContainer.java:buildContainerSet(300)) - Build ContainerSet costs 0s
2022-10-09 13:03:50,626 [Listener at 127.0.0.1/37457] INFO  audit.AuditLogger (AuditLogger.java:refreshDebugCmdSet(126)) - Refresh DebugCmdSet for DNAudit to [].
2022-10-09 13:03:50,657 [Listener at 127.0.0.1/37457] INFO  server.RaftServer (ConfUtils.java:logGet(46)) - raft.rpc.type = GRPC (default)
2022-10-09 13:03:50,657 [Listener at 127.0.0.1/37457] INFO  grpc.GrpcFactory (GrpcFactory.java:checkPooledByteBufAllocatorUseCacheForAllThreads(48)) - PERFORMANCE WARNING: useCacheForAllThreads is true that may cause Netty to create a lot garbage objects and, as a result, trigger GC.
	It is recommended to disable useCacheForAllThreads by setting -Dorg.apache.ratis.thirdparty.io.netty.allocator.useCacheForAllThreads=false in command line.
2022-10-09 13:03:50,657 [Listener at 127.0.0.1/37457] INFO  grpc.GrpcConfigKeys (ConfUtils.java:logGet(46)) - raft.grpc.admin.port = 0 (custom)
2022-10-09 13:03:50,658 [Listener at 127.0.0.1/37457] INFO  grpc.GrpcConfigKeys (ConfUtils.java:logGet(46)) - raft.grpc.client.port = 0 (custom)
2022-10-09 13:03:50,658 [Listener at 127.0.0.1/37457] INFO  grpc.GrpcConfigKeys (ConfUtils.java:logGet(46)) - raft.grpc.server.port = 0 (default)
2022-10-09 13:03:50,658 [Listener at 127.0.0.1/37457] INFO  server.GrpcService (ConfUtils.java:logGet(46)) - raft.grpc.message.size.max = 32MB (=33554432) (custom)
2022-10-09 13:03:50,658 [Listener at 127.0.0.1/37457] INFO  server.RaftServerConfigKeys (ConfUtils.java:logGet(46)) - raft.server.log.appender.buffer.byte-limit = 33554432 (custom)
2022-10-09 13:03:50,658 [Listener at 127.0.0.1/37457] INFO  server.GrpcService (ConfUtils.java:logGet(46)) - raft.grpc.flow.control.window = 5MB (=5242880) (custom)
2022-10-09 13:03:50,658 [Listener at 127.0.0.1/37457] INFO  server.RaftServerConfigKeys (ConfUtils.java:logGet(46)) - raft.server.rpc.request.timeout = 60s (custom)
2022-10-09 13:03:50,658 [Listener at 127.0.0.1/37457] INFO  grpc.GrpcConfigKeys (ConfUtils.java:logGet(46)) - raft.grpc.server.async.request.thread.pool.cached = true (default)
2022-10-09 13:03:50,659 [Listener at 127.0.0.1/37457] INFO  grpc.GrpcConfigKeys (ConfUtils.java:logGet(46)) - raft.grpc.server.async.request.thread.pool.size = 32 (default)
2022-10-09 13:03:50,660 [Listener at 127.0.0.1/37457] INFO  impl.DataStreamServerImpl (ConfUtils.java:logGet(46)) - raft.datastream.type = DISABLED (default)
2022-10-09 13:03:50,660 [Listener at 127.0.0.1/37457] INFO  server.RaftServerConfigKeys (ConfUtils.java:logGet(46)) - raft.server.threadpool.proxy.cached = true (default)
2022-10-09 13:03:50,660 [Listener at 127.0.0.1/37457] INFO  server.RaftServerConfigKeys (ConfUtils.java:logGet(46)) - raft.server.threadpool.proxy.size = 0 (default)
2022-10-09 13:03:50,661 [Listener at 127.0.0.1/37457] INFO  server.RaftServerConfigKeys (ConfUtils.java:logGet(46)) - raft.server.rpc.slowness.timeout = 300s (custom)
2022-10-09 13:03:50,661 [Listener at 127.0.0.1/37457] INFO  server.RaftServerConfigKeys (ConfUtils.java:logGet(46)) - raft.server.leaderelection.leader.step-down.wait-time = 10s (default)
2022-10-09 13:03:50,661 [Listener at 127.0.0.1/37457] INFO  server.RaftServerConfigKeys (ConfUtils.java:logGet(46)) - raft.server.storage.dir = [/home/runner/work/ozone/ozone/hadoop-ozone/integration-test/target/test-dir/MiniOzoneClusterImpl-6b6317f5-37ef-4289-9029-d6045239d9e9/datanode-0/data/ratis] (custom)
2022-10-09 13:03:50,680 [Listener at 127.0.0.1/37457] INFO  server.XceiverServerGrpc (XceiverServerGrpc.java:<init>(132)) - GrpcServer channel type EpollServerSocketChannel
2022-10-09 13:03:50,747 [Listener at 127.0.0.1/37457] INFO  http.BaseHttpServer (BaseHttpServer.java:newHttpServer2BuilderForOzone(213)) - Starting Web-server for hddsDatanode at: http://0.0.0.0:0
2022-10-09 13:03:50,748 [Listener at 127.0.0.1/37457] INFO  http.BaseHttpServer (BaseHttpServer.java:<init>(108)) - Hadoop Security Enabled: false Ozone Security Enabled: false Ozone HTTP Security Enabled: false 
2022-10-09 13:03:50,749 [Listener at 127.0.0.1/37457] INFO  server.AuthenticationFilter (AuthenticationFilter.java:constructSecretProvider(240)) - Unable to initialize FileSignerSecretProvider, falling back to use random secrets.
2022-10-09 13:03:50,750 [Listener at 127.0.0.1/37457] WARN  http.HttpRequestLog (HttpRequestLog.java:getRequestLog(103)) - Jetty request log can only be enabled using Log4j
2022-10-09 13:03:50,752 [Listener at 127.0.0.1/37457] INFO  http.HttpServer2 (HttpServer2.java:addGlobalFilter(1031)) - Added global filter 'safety' (class=org.apache.hadoop.hdds.server.http.HttpServer2$QuotingInputFilter)
2022-10-09 13:03:50,753 [Listener at 127.0.0.1/37457] INFO  http.HttpServer2 (HttpServer2.java:addFilter(1007)) - Added filter static_user_filter (class=org.apache.hadoop.http.lib.StaticUserWebFilter$StaticUserFilter) to context hddsDatanode
2022-10-09 13:03:50,753 [Listener at 127.0.0.1/37457] INFO  http.HttpServer2 (HttpServer2.java:addFilter(1015)) - Added filter static_user_filter (class=org.apache.hadoop.http.lib.StaticUserWebFilter$StaticUserFilter) to context static
2022-10-09 13:03:50,753 [Listener at 127.0.0.1/37457] INFO  http.HttpServer2 (HttpServer2.java:addFilter(1015)) - Added filter static_user_filter (class=org.apache.hadoop.http.lib.StaticUserWebFilter$StaticUserFilter) to context logs
2022-10-09 13:03:50,754 [Listener at 127.0.0.1/37457] INFO  http.HttpServer2 (HttpServer2.java:bindListener(1250)) - Jetty bound to port 38295
2022-10-09 13:03:50,754 [Listener at 127.0.0.1/37457] INFO  server.Server (Server.java:doStart(375)) - jetty-9.4.43.v20210629; built: 2021-06-30T11:07:22.254Z; git: 526006ecfa3af7f1a27ef3a288e2bef7ea9dd7e8; jvm 1.8.0_345-b01
2022-10-09 13:03:50,757 [Listener at 127.0.0.1/37457] INFO  server.session (DefaultSessionIdManager.java:doStart(334)) - DefaultSessionIdManager workerName=node0
2022-10-09 13:03:50,757 [Listener at 127.0.0.1/37457] INFO  server.session (DefaultSessionIdManager.java:doStart(339)) - No SessionScavenger set, using defaults
2022-10-09 13:03:50,758 [Listener at 127.0.0.1/37457] INFO  server.session (HouseKeeper.java:startScavenging(132)) - node0 Scavenging every 600000ms
2022-10-09 13:03:50,759 [Listener at 127.0.0.1/37457] INFO  handler.ContextHandler (ContextHandler.java:doStart(915)) - Started o.e.j.s.ServletContextHandler@158a50a1{logs,/logs,file:///home/runner/work/ozone/ozone/hadoop-ozone/integration-test/target/log,AVAILABLE}
2022-10-09 13:03:50,759 [Listener at 127.0.0.1/37457] INFO  handler.ContextHandler (ContextHandler.java:doStart(915)) - Started o.e.j.s.ServletContextHandler@6ae0e411{static,/static,jar:file:/home/runner/.m2/repository/org/apache/ozone/hdds-container-service/1.3.0-SNAPSHOT/hdds-container-service-1.3.0-SNAPSHOT.jar!/webapps/static,AVAILABLE}
2022-10-09 13:03:50,953 [Listener at 127.0.0.1/37457] INFO  handler.ContextHandler (ContextHandler.java:doStart(915)) - Started o.e.j.w.WebAppContext@1c8d42d6{hddsDatanode,/,file:///tmp/jetty-0_0_0_0-38295-hdds-container-service-1_3_0-SNAPSHOT_jar-_-any-35833488450081846/webapp/,AVAILABLE}{jar:file:/home/runner/.m2/repository/org/apache/ozone/hdds-container-service/1.3.0-SNAPSHOT/hdds-container-service-1.3.0-SNAPSHOT.jar!/webapps/hddsDatanode}
2022-10-09 13:03:50,955 [Listener at 127.0.0.1/37457] INFO  server.AbstractConnector (AbstractConnector.java:doStart(331)) - Started ServerConnector@6e5aeedf{HTTP/1.1, (http/1.1)}{0.0.0.0:38295}
2022-10-09 13:03:50,955 [Listener at 127.0.0.1/37457] INFO  server.Server (Server.java:doStart(415)) - Started @8363ms
2022-10-09 13:03:50,955 [Listener at 127.0.0.1/37457] WARN  impl.MetricsSystemImpl (MetricsSystemImpl.java:register(279)) - Sink prometheus already exists!
2022-10-09 13:03:50,956 [Listener at 127.0.0.1/37457] INFO  http.BaseHttpServer (BaseHttpServer.java:updateConnectorAddress(333)) - HTTP server of hddsDatanode listening at http://0.0.0.0:38295
2022-10-09 13:03:50,958 [Listener at 127.0.0.1/37457] WARN  impl.MetricRegistriesImpl (MetricRegistriesImpl.java:addReporterRegistration(111)) - New reporters are added after registries were created. Some metrics will be missing from the reporter. Please add reporter before adding any new registry.
2022-10-09 13:03:50,958 [Listener at 127.0.0.1/37457] WARN  impl.MetricRegistriesImpl (MetricRegistriesImpl.java:addReporterRegistration(111)) - New reporters are added after registries were created. Some metrics will be missing from the reporter. Please add reporter before adding any new registry.
2022-10-09 13:03:50,958 [Listener at 127.0.0.1/37457] INFO  impl.MetricsSystemImpl (MetricsSystemImpl.java:init(158)) - HddsDatanode metrics system started (again)
2022-10-09 13:03:50,959 [Datanode State Machine Daemon Thread] INFO  statemachine.DatanodeStateMachine (DatanodeStateMachine.java:lambda$startDaemon$0(492)) - Ozone container server started.
2022-10-09 13:03:50,972 [om1@group-C5BA1605619E-FollowerState] INFO  impl.FollowerState (FollowerState.java:run(143)) - om1@group-C5BA1605619E-FollowerState: change to CANDIDATE, lastRpcElapsedTime:1060781004ns, electionTimeout:1054ms
2022-10-09 13:03:50,993 [Listener at 127.0.0.1/37457] INFO  ozone.HddsDatanodeService (HddsDatanodeService.java:start(236)) - HddsDatanodeService host:fv-az212-628.zlodpucb4l4udavnfxg5s20dva.cx.internal.cloudapp.net ip:10.1.0.209
2022-10-09 13:03:50,973 [om1@group-C5BA1605619E-FollowerState] INFO  impl.RoleInfo (RoleInfo.java:shutdownFollowerState(110)) - om1: shutdown om1@group-C5BA1605619E-FollowerState
2022-10-09 13:03:50,996 [om1@group-C5BA1605619E-FollowerState] INFO  server.RaftServer$Division (RaftServerImpl.java:setRole(299)) - om1@group-C5BA1605619E: changes role from  FOLLOWER to CANDIDATE at term 0 for changeToCandidate
2022-10-09 13:03:50,998 [org.apache.hadoop.util.JvmPauseMonitor$Monitor@6c8e7e0] INFO  util.JvmPauseMonitor (JvmPauseMonitor.java:run(188)) - Starting JVM pause monitor
2022-10-09 13:03:51,000 [om1@group-C5BA1605619E-FollowerState] INFO  server.RaftServerConfigKeys (ConfUtils.java:logGet(46)) - raft.server.leaderelection.pre-vote = false (custom)
2022-10-09 13:03:51,006 [om1@group-C5BA1605619E-FollowerState] INFO  impl.RoleInfo (RoleInfo.java:updateAndGet(139)) - om1: start om1@group-C5BA1605619E-LeaderElection1
2022-10-09 13:03:51,018 [om1@group-C5BA1605619E-LeaderElection1] INFO  impl.LeaderElection (LeaderElection.java:askForVotes(310)) - om1@group-C5BA1605619E-LeaderElection1 ELECTION round 0: submit vote requests at term 1 for -1: [om1|rpc:localhost:9872|priority:0], old=null
2022-10-09 13:03:51,019 [om1@group-C5BA1605619E-LeaderElection1] INFO  impl.LeaderElection (LeaderElection.java:askForVotes(312)) - om1@group-C5BA1605619E-LeaderElection1 ELECTION round 0: result PASSED (term=1)
2022-10-09 13:03:51,020 [om1@group-C5BA1605619E-LeaderElection1] INFO  impl.RoleInfo (RoleInfo.java:shutdownLeaderElection(130)) - om1: shutdown om1@group-C5BA1605619E-LeaderElection1
2022-10-09 13:03:51,020 [om1@group-C5BA1605619E-LeaderElection1] INFO  server.RaftServer$Division (RaftServerImpl.java:setRole(299)) - om1@group-C5BA1605619E: changes role from CANDIDATE to LEADER at term 1 for changeToLeader
2022-10-09 13:03:51,021 [om1@group-C5BA1605619E-LeaderElection1] INFO  server.RaftServer$Division (ServerState.java:setLeader(287)) - om1@group-C5BA1605619E: change Leader from null to om1 at term 1 for becomeLeader, leader elected after 2172ms
2022-10-09 13:03:51,028 [om1@group-C5BA1605619E-LeaderElection1] INFO  server.RaftServerConfigKeys (ConfUtils.java:logGet(46)) - raft.server.staging.catchup.gap = 1000 (default)
2022-10-09 13:03:51,031 [Listener at 127.0.0.1/37457] INFO  upgrade.AbstractLayoutVersionManager (AbstractLayoutVersionManager.java:init(83)) - Initializing Layout version manager with metadata layout = DATANODE_SCHEMA_V3 (version = 4), software layout = DATANODE_SCHEMA_V3 (version = 4)
2022-10-09 13:03:51,035 [om1@group-C5BA1605619E-LeaderElection1] INFO  server.RaftServerConfigKeys (ConfUtils.java:logGet(46)) - raft.server.write.element-limit = 4096 (default)
2022-10-09 13:03:51,035 [om1@group-C5BA1605619E-LeaderElection1] INFO  server.RaftServerConfigKeys (ConfUtils.java:logGet(46)) - raft.server.write.byte-limit = 64MB (=67108864) (default)
2022-10-09 13:03:51,040 [om1@group-C5BA1605619E-LeaderElection1] INFO  server.RaftServerConfigKeys (ConfUtils.java:logGet(46)) - raft.server.watch.timeout = 10s (default)
2022-10-09 13:03:51,040 [om1@group-C5BA1605619E-LeaderElection1] INFO  server.RaftServerConfigKeys (ConfUtils.java:logGet(46)) - raft.server.watch.timeout.denomination = 1s (default)
2022-10-09 13:03:51,041 [om1@group-C5BA1605619E-LeaderElection1] INFO  server.RaftServerConfigKeys (ConfUtils.java:logGet(46)) - raft.server.watch.element-limit = 65536 (default)
2022-10-09 13:03:51,045 [om1@group-C5BA1605619E-LeaderElection1] INFO  server.RaftServerConfigKeys (ConfUtils.java:logGet(46)) - raft.server.write.element-limit = 4096 (default)
2022-10-09 13:03:51,047 [om1@group-C5BA1605619E-LeaderElection1] INFO  server.RaftServerConfigKeys (ConfUtils.java:logGet(46)) - raft.server.write.follower.gap.ratio.max = -1.0 (default)
2022-10-09 13:03:51,052 [om1@group-C5BA1605619E-LeaderElection1] INFO  impl.RoleInfo (RoleInfo.java:updateAndGet(139)) - om1: start om1@group-C5BA1605619E-LeaderStateImpl
2022-10-09 13:03:51,116 [om1@group-C5BA1605619E-LeaderElection1] INFO  segmented.SegmentedRaftLogWorker (SegmentedRaftLogWorker.java:startLogSegment(425)) - om1@group-C5BA1605619E-SegmentedRaftLogWorker: Starting segment from index:0
2022-10-09 13:03:51,132 [Listener at 127.0.0.1/37457] INFO  reflections.Reflections (Reflections.java:scan(232)) - Reflections took 99 ms to scan 7 urls, producing 135 keys and 327 values 
2022-10-09 13:03:51,134 [Listener at 127.0.0.1/37457] INFO  statemachine.DatanodeStateMachine (DatanodeStateMachine.java:getEndPointTaskThreadPoolSize(237)) - Datanode State Machine Task Thread Pool size 2
2022-10-09 13:03:51,142 [Listener at 127.0.0.1/37457] INFO  volume.HddsVolume (HddsVolume.java:<init>(117)) - Creating HddsVolume: /home/runner/work/ozone/ozone/hadoop-ozone/integration-test/target/test-dir/MiniOzoneClusterImpl-6b6317f5-37ef-4289-9029-d6045239d9e9/datanode-1/data-0/containers/hdds of storage type : DISK capacity : 9223372036854775807
2022-10-09 13:03:51,142 [Listener at 127.0.0.1/37457] INFO  volume.MutableVolumeSet (MutableVolumeSet.java:initializeVolumeSet(174)) - Added Volume : /home/runner/work/ozone/ozone/hadoop-ozone/integration-test/target/test-dir/MiniOzoneClusterImpl-6b6317f5-37ef-4289-9029-d6045239d9e9/datanode-1/data-0/containers/hdds to VolumeSet
2022-10-09 13:03:51,142 [Listener at 127.0.0.1/37457] INFO  volume.ThrottledAsyncChecker (ThrottledAsyncChecker.java:schedule(141)) - Scheduling a check for /home/runner/work/ozone/ozone/hadoop-ozone/integration-test/target/test-dir/MiniOzoneClusterImpl-6b6317f5-37ef-4289-9029-d6045239d9e9/datanode-1/data-0/containers/hdds
2022-10-09 13:03:51,156 [Listener at 127.0.0.1/37457] INFO  volume.StorageVolumeChecker (StorageVolumeChecker.java:checkAllVolumes(202)) - Scheduled health check for volume /home/runner/work/ozone/ozone/hadoop-ozone/integration-test/target/test-dir/MiniOzoneClusterImpl-6b6317f5-37ef-4289-9029-d6045239d9e9/datanode-1/data-0/containers/hdds
2022-10-09 13:03:51,167 [Listener at 127.0.0.1/37457] INFO  volume.MutableVolumeSet (MutableVolumeSet.java:initializeVolumeSet(174)) - Added Volume : /home/runner/work/ozone/ozone/hadoop-ozone/integration-test/target/test-dir/MiniOzoneClusterImpl-6b6317f5-37ef-4289-9029-d6045239d9e9/datanode-1/data/ratis to VolumeSet
2022-10-09 13:03:51,167 [Listener at 127.0.0.1/37457] INFO  volume.ThrottledAsyncChecker (ThrottledAsyncChecker.java:schedule(141)) - Scheduling a check for /home/runner/work/ozone/ozone/hadoop-ozone/integration-test/target/test-dir/MiniOzoneClusterImpl-6b6317f5-37ef-4289-9029-d6045239d9e9/datanode-1/data/ratis
2022-10-09 13:03:51,168 [Listener at 127.0.0.1/37457] INFO  volume.StorageVolumeChecker (StorageVolumeChecker.java:checkAllVolumes(202)) - Scheduled health check for volume /home/runner/work/ozone/ozone/hadoop-ozone/integration-test/target/test-dir/MiniOzoneClusterImpl-6b6317f5-37ef-4289-9029-d6045239d9e9/datanode-1/data/ratis
2022-10-09 13:03:51,232 [Thread-151] INFO  ozoneimpl.ContainerReader (ContainerReader.java:readVolume(175)) - Finish verifying containers on volume /home/runner/work/ozone/ozone/hadoop-ozone/integration-test/target/test-dir/MiniOzoneClusterImpl-6b6317f5-37ef-4289-9029-d6045239d9e9/datanode-1/data-0/containers/hdds
2022-10-09 13:03:51,253 [Listener at 127.0.0.1/37457] INFO  ozoneimpl.OzoneContainer (OzoneContainer.java:buildContainerSet(300)) - Build ContainerSet costs 0s
2022-10-09 13:03:51,257 [om1@group-C5BA1605619E-LeaderElection1] INFO  server.RaftServer$Division (ServerState.java:setRaftConf(393)) - om1@group-C5BA1605619E: set configuration 0: [om1|rpc:localhost:9872|admin:|client:|dataStream:|priority:0], old=null
2022-10-09 13:03:51,260 [Listener at 127.0.0.1/37457] INFO  server.RaftServer (ConfUtils.java:logGet(46)) - raft.rpc.type = GRPC (default)
2022-10-09 13:03:51,261 [Listener at 127.0.0.1/37457] INFO  grpc.GrpcFactory (GrpcFactory.java:checkPooledByteBufAllocatorUseCacheForAllThreads(48)) - PERFORMANCE WARNING: useCacheForAllThreads is true that may cause Netty to create a lot garbage objects and, as a result, trigger GC.
	It is recommended to disable useCacheForAllThreads by setting -Dorg.apache.ratis.thirdparty.io.netty.allocator.useCacheForAllThreads=false in command line.
2022-10-09 13:03:51,261 [Listener at 127.0.0.1/37457] INFO  grpc.GrpcConfigKeys (ConfUtils.java:logGet(46)) - raft.grpc.admin.port = 0 (custom)
2022-10-09 13:03:51,261 [Listener at 127.0.0.1/37457] INFO  grpc.GrpcConfigKeys (ConfUtils.java:logGet(46)) - raft.grpc.client.port = 0 (custom)
2022-10-09 13:03:51,261 [Listener at 127.0.0.1/37457] INFO  grpc.GrpcConfigKeys (ConfUtils.java:logGet(46)) - raft.grpc.server.port = 0 (default)
2022-10-09 13:03:51,261 [Listener at 127.0.0.1/37457] INFO  server.GrpcService (ConfUtils.java:logGet(46)) - raft.grpc.message.size.max = 32MB (=33554432) (custom)
2022-10-09 13:03:51,261 [Listener at 127.0.0.1/37457] INFO  server.RaftServerConfigKeys (ConfUtils.java:logGet(46)) - raft.server.log.appender.buffer.byte-limit = 33554432 (custom)
2022-10-09 13:03:51,261 [Listener at 127.0.0.1/37457] INFO  server.GrpcService (ConfUtils.java:logGet(46)) - raft.grpc.flow.control.window = 5MB (=5242880) (custom)
2022-10-09 13:03:51,262 [Listener at 127.0.0.1/37457] INFO  server.RaftServerConfigKeys (ConfUtils.java:logGet(46)) - raft.server.rpc.request.timeout = 60s (custom)
2022-10-09 13:03:51,262 [Listener at 127.0.0.1/37457] INFO  grpc.GrpcConfigKeys (ConfUtils.java:logGet(46)) - raft.grpc.server.async.request.thread.pool.cached = true (default)
2022-10-09 13:03:51,262 [Listener at 127.0.0.1/37457] INFO  grpc.GrpcConfigKeys (ConfUtils.java:logGet(46)) - raft.grpc.server.async.request.thread.pool.size = 32 (default)
2022-10-09 13:03:51,263 [Listener at 127.0.0.1/37457] INFO  impl.DataStreamServerImpl (ConfUtils.java:logGet(46)) - raft.datastream.type = DISABLED (default)
2022-10-09 13:03:51,263 [Listener at 127.0.0.1/37457] INFO  server.RaftServerConfigKeys (ConfUtils.java:logGet(46)) - raft.server.threadpool.proxy.cached = true (default)
2022-10-09 13:03:51,268 [Listener at 127.0.0.1/37457] INFO  server.RaftServerConfigKeys (ConfUtils.java:logGet(46)) - raft.server.threadpool.proxy.size = 0 (default)
2022-10-09 13:03:51,268 [Listener at 127.0.0.1/37457] INFO  server.RaftServerConfigKeys (ConfUtils.java:logGet(46)) - raft.server.rpc.slowness.timeout = 300s (custom)
2022-10-09 13:03:51,268 [Listener at 127.0.0.1/37457] INFO  server.RaftServerConfigKeys (ConfUtils.java:logGet(46)) - raft.server.leaderelection.leader.step-down.wait-time = 10s (default)
2022-10-09 13:03:51,268 [Listener at 127.0.0.1/37457] INFO  server.RaftServerConfigKeys (ConfUtils.java:logGet(46)) - raft.server.storage.dir = [/home/runner/work/ozone/ozone/hadoop-ozone/integration-test/target/test-dir/MiniOzoneClusterImpl-6b6317f5-37ef-4289-9029-d6045239d9e9/datanode-1/data/ratis] (custom)
2022-10-09 13:03:51,281 [Listener at 127.0.0.1/37457] INFO  server.XceiverServerGrpc (XceiverServerGrpc.java:<init>(132)) - GrpcServer channel type EpollServerSocketChannel
2022-10-09 13:03:51,301 [Listener at 127.0.0.1/37457] INFO  http.BaseHttpServer (BaseHttpServer.java:newHttpServer2BuilderForOzone(213)) - Starting Web-server for hddsDatanode at: http://0.0.0.0:0
2022-10-09 13:03:51,301 [Listener at 127.0.0.1/37457] INFO  http.BaseHttpServer (BaseHttpServer.java:<init>(108)) - Hadoop Security Enabled: false Ozone Security Enabled: false Ozone HTTP Security Enabled: false 
2022-10-09 13:03:51,302 [Listener at 127.0.0.1/37457] INFO  server.AuthenticationFilter (AuthenticationFilter.java:constructSecretProvider(240)) - Unable to initialize FileSignerSecretProvider, falling back to use random secrets.
2022-10-09 13:03:51,304 [Datanode State Machine Task Thread - 0] INFO  datanode.InitDatanodeState (InitDatanodeState.java:persistContainerDatanodeDetails(138)) - DatanodeDetails is persisted to /home/runner/work/ozone/ozone/hadoop-ozone/integration-test/target/test-dir/MiniOzoneClusterImpl-6b6317f5-37ef-4289-9029-d6045239d9e9/datanode-0/meta/datanode.id
2022-10-09 13:03:51,313 [Listener at 127.0.0.1/37457] WARN  http.HttpRequestLog (HttpRequestLog.java:getRequestLog(103)) - Jetty request log can only be enabled using Log4j
2022-10-09 13:03:51,314 [Listener at 127.0.0.1/37457] INFO  http.HttpServer2 (HttpServer2.java:addGlobalFilter(1031)) - Added global filter 'safety' (class=org.apache.hadoop.hdds.server.http.HttpServer2$QuotingInputFilter)
2022-10-09 13:03:51,315 [Listener at 127.0.0.1/37457] INFO  http.HttpServer2 (HttpServer2.java:addFilter(1007)) - Added filter static_user_filter (class=org.apache.hadoop.http.lib.StaticUserWebFilter$StaticUserFilter) to context hddsDatanode
2022-10-09 13:03:51,316 [Listener at 127.0.0.1/37457] INFO  http.HttpServer2 (HttpServer2.java:addFilter(1015)) - Added filter static_user_filter (class=org.apache.hadoop.http.lib.StaticUserWebFilter$StaticUserFilter) to context static
2022-10-09 13:03:51,316 [Listener at 127.0.0.1/37457] INFO  http.HttpServer2 (HttpServer2.java:addFilter(1015)) - Added filter static_user_filter (class=org.apache.hadoop.http.lib.StaticUserWebFilter$StaticUserFilter) to context logs
2022-10-09 13:03:51,317 [Listener at 127.0.0.1/37457] INFO  http.HttpServer2 (HttpServer2.java:bindListener(1250)) - Jetty bound to port 43353
2022-10-09 13:03:51,317 [Listener at 127.0.0.1/37457] INFO  server.Server (Server.java:doStart(375)) - jetty-9.4.43.v20210629; built: 2021-06-30T11:07:22.254Z; git: 526006ecfa3af7f1a27ef3a288e2bef7ea9dd7e8; jvm 1.8.0_345-b01
2022-10-09 13:03:51,320 [Listener at 127.0.0.1/37457] INFO  server.session (DefaultSessionIdManager.java:doStart(334)) - DefaultSessionIdManager workerName=node0
2022-10-09 13:03:51,321 [Listener at 127.0.0.1/37457] INFO  server.session (DefaultSessionIdManager.java:doStart(339)) - No SessionScavenger set, using defaults
2022-10-09 13:03:51,321 [Listener at 127.0.0.1/37457] INFO  server.session (HouseKeeper.java:startScavenging(132)) - node0 Scavenging every 600000ms
2022-10-09 13:03:51,328 [Listener at 127.0.0.1/37457] INFO  handler.ContextHandler (ContextHandler.java:doStart(915)) - Started o.e.j.s.ServletContextHandler@1d983b15{logs,/logs,file:///home/runner/work/ozone/ozone/hadoop-ozone/integration-test/target/log,AVAILABLE}
2022-10-09 13:03:51,328 [Listener at 127.0.0.1/37457] INFO  handler.ContextHandler (ContextHandler.java:doStart(915)) - Started o.e.j.s.ServletContextHandler@4388206e{static,/static,jar:file:/home/runner/.m2/repository/org/apache/ozone/hdds-container-service/1.3.0-SNAPSHOT/hdds-container-service-1.3.0-SNAPSHOT.jar!/webapps/static,AVAILABLE}
2022-10-09 13:03:51,337 [om1@group-C5BA1605619E-SegmentedRaftLogWorker] INFO  segmented.SegmentedRaftLogWorker (SegmentedRaftLogWorker.java:execute(629)) - om1@group-C5BA1605619E-SegmentedRaftLogWorker: created new log segment /home/runner/work/ozone/ozone/hadoop-ozone/integration-test/target/test-dir/MiniOzoneClusterImpl-6b6317f5-37ef-4289-9029-d6045239d9e9/ozone-meta/ratis/bf265839-605b-3f16-9796-c5ba1605619e/current/log_inprogress_0
2022-10-09 13:03:51,465 [om1@group-C5BA1605619E-StateMachineUpdater] INFO  ratis.OzoneManagerStateMachine (OzoneManagerStateMachine.java:notifyConfigurationChanged(192)) - Received Configuration change notification from Ratis. New Peer list:
[id: "om1"
address: "localhost:9872"
]
2022-10-09 13:03:51,499 [Listener at 127.0.0.1/37457] INFO  handler.ContextHandler (ContextHandler.java:doStart(915)) - Started o.e.j.w.WebAppContext@6ffb07a4{hddsDatanode,/,file:///tmp/jetty-0_0_0_0-43353-hdds-container-service-1_3_0-SNAPSHOT_jar-_-any-918341251737294206/webapp/,AVAILABLE}{jar:file:/home/runner/.m2/repository/org/apache/ozone/hdds-container-service/1.3.0-SNAPSHOT/hdds-container-service-1.3.0-SNAPSHOT.jar!/webapps/hddsDatanode}
2022-10-09 13:03:51,501 [Listener at 127.0.0.1/37457] INFO  server.AbstractConnector (AbstractConnector.java:doStart(331)) - Started ServerConnector@38407b0e{HTTP/1.1, (http/1.1)}{0.0.0.0:43353}
2022-10-09 13:03:51,501 [Listener at 127.0.0.1/37457] INFO  server.Server (Server.java:doStart(415)) - Started @8909ms
2022-10-09 13:03:51,501 [Listener at 127.0.0.1/37457] WARN  impl.MetricsSystemImpl (MetricsSystemImpl.java:register(279)) - Sink prometheus already exists!
2022-10-09 13:03:51,502 [Listener at 127.0.0.1/37457] INFO  http.BaseHttpServer (BaseHttpServer.java:updateConnectorAddress(333)) - HTTP server of hddsDatanode listening at http://0.0.0.0:43353
2022-10-09 13:03:51,504 [Listener at 127.0.0.1/37457] WARN  impl.MetricRegistriesImpl (MetricRegistriesImpl.java:addReporterRegistration(111)) - New reporters are added after registries were created. Some metrics will be missing from the reporter. Please add reporter before adding any new registry.
2022-10-09 13:03:51,504 [Listener at 127.0.0.1/37457] WARN  impl.MetricRegistriesImpl (MetricRegistriesImpl.java:addReporterRegistration(111)) - New reporters are added after registries were created. Some metrics will be missing from the reporter. Please add reporter before adding any new registry.
2022-10-09 13:03:51,504 [Listener at 127.0.0.1/37457] INFO  impl.MetricsSystemImpl (MetricsSystemImpl.java:init(158)) - HddsDatanode metrics system started (again)
2022-10-09 13:03:51,512 [Datanode State Machine Daemon Thread] INFO  statemachine.DatanodeStateMachine (DatanodeStateMachine.java:lambda$startDaemon$0(492)) - Ozone container server started.
2022-10-09 13:03:51,520 [org.apache.hadoop.util.JvmPauseMonitor$Monitor@2b905470] INFO  util.JvmPauseMonitor (JvmPauseMonitor.java:run(188)) - Starting JVM pause monitor
2022-10-09 13:03:51,525 [Listener at 127.0.0.1/37457] INFO  ozone.HddsDatanodeService (HddsDatanodeService.java:start(236)) - HddsDatanodeService host:fv-az212-628.zlodpucb4l4udavnfxg5s20dva.cx.internal.cloudapp.net ip:10.1.0.209
2022-10-09 13:03:51,542 [Datanode State Machine Task Thread - 0] INFO  datanode.InitDatanodeState (InitDatanodeState.java:persistContainerDatanodeDetails(138)) - DatanodeDetails is persisted to /home/runner/work/ozone/ozone/hadoop-ozone/integration-test/target/test-dir/MiniOzoneClusterImpl-6b6317f5-37ef-4289-9029-d6045239d9e9/datanode-1/meta/datanode.id
2022-10-09 13:03:51,550 [Listener at 127.0.0.1/37457] INFO  upgrade.AbstractLayoutVersionManager (AbstractLayoutVersionManager.java:init(83)) - Initializing Layout version manager with metadata layout = DATANODE_SCHEMA_V3 (version = 4), software layout = DATANODE_SCHEMA_V3 (version = 4)
2022-10-09 13:03:51,594 [Listener at 127.0.0.1/37457] INFO  reflections.Reflections (Reflections.java:scan(232)) - Reflections took 42 ms to scan 7 urls, producing 135 keys and 327 values 
2022-10-09 13:03:51,596 [Listener at 127.0.0.1/37457] INFO  statemachine.DatanodeStateMachine (DatanodeStateMachine.java:getEndPointTaskThreadPoolSize(237)) - Datanode State Machine Task Thread Pool size 2
2022-10-09 13:03:51,599 [Listener at 127.0.0.1/37457] INFO  volume.HddsVolume (HddsVolume.java:<init>(117)) - Creating HddsVolume: /home/runner/work/ozone/ozone/hadoop-ozone/integration-test/target/test-dir/MiniOzoneClusterImpl-6b6317f5-37ef-4289-9029-d6045239d9e9/datanode-2/data-0/containers/hdds of storage type : DISK capacity : 9223372036854775807
2022-10-09 13:03:51,599 [Listener at 127.0.0.1/37457] INFO  volume.MutableVolumeSet (MutableVolumeSet.java:initializeVolumeSet(174)) - Added Volume : /home/runner/work/ozone/ozone/hadoop-ozone/integration-test/target/test-dir/MiniOzoneClusterImpl-6b6317f5-37ef-4289-9029-d6045239d9e9/datanode-2/data-0/containers/hdds to VolumeSet
2022-10-09 13:03:51,599 [Listener at 127.0.0.1/37457] INFO  volume.ThrottledAsyncChecker (ThrottledAsyncChecker.java:schedule(141)) - Scheduling a check for /home/runner/work/ozone/ozone/hadoop-ozone/integration-test/target/test-dir/MiniOzoneClusterImpl-6b6317f5-37ef-4289-9029-d6045239d9e9/datanode-2/data-0/containers/hdds
2022-10-09 13:03:51,604 [Listener at 127.0.0.1/37457] INFO  volume.StorageVolumeChecker (StorageVolumeChecker.java:checkAllVolumes(202)) - Scheduled health check for volume /home/runner/work/ozone/ozone/hadoop-ozone/integration-test/target/test-dir/MiniOzoneClusterImpl-6b6317f5-37ef-4289-9029-d6045239d9e9/datanode-2/data-0/containers/hdds
2022-10-09 13:03:51,616 [Listener at 127.0.0.1/37457] INFO  volume.MutableVolumeSet (MutableVolumeSet.java:initializeVolumeSet(174)) - Added Volume : /home/runner/work/ozone/ozone/hadoop-ozone/integration-test/target/test-dir/MiniOzoneClusterImpl-6b6317f5-37ef-4289-9029-d6045239d9e9/datanode-2/data/ratis to VolumeSet
2022-10-09 13:03:51,616 [Listener at 127.0.0.1/37457] INFO  volume.ThrottledAsyncChecker (ThrottledAsyncChecker.java:schedule(141)) - Scheduling a check for /home/runner/work/ozone/ozone/hadoop-ozone/integration-test/target/test-dir/MiniOzoneClusterImpl-6b6317f5-37ef-4289-9029-d6045239d9e9/datanode-2/data/ratis
2022-10-09 13:03:51,616 [Listener at 127.0.0.1/37457] INFO  volume.StorageVolumeChecker (StorageVolumeChecker.java:checkAllVolumes(202)) - Scheduled health check for volume /home/runner/work/ozone/ozone/hadoop-ozone/integration-test/target/test-dir/MiniOzoneClusterImpl-6b6317f5-37ef-4289-9029-d6045239d9e9/datanode-2/data/ratis
2022-10-09 13:03:51,627 [Thread-164] INFO  ozoneimpl.ContainerReader (ContainerReader.java:readVolume(175)) - Finish verifying containers on volume /home/runner/work/ozone/ozone/hadoop-ozone/integration-test/target/test-dir/MiniOzoneClusterImpl-6b6317f5-37ef-4289-9029-d6045239d9e9/datanode-2/data-0/containers/hdds
2022-10-09 13:03:51,627 [Listener at 127.0.0.1/37457] INFO  ozoneimpl.OzoneContainer (OzoneContainer.java:buildContainerSet(300)) - Build ContainerSet costs 0s
2022-10-09 13:03:51,630 [Listener at 127.0.0.1/37457] INFO  server.RaftServer (ConfUtils.java:logGet(46)) - raft.rpc.type = GRPC (default)
2022-10-09 13:03:51,631 [Listener at 127.0.0.1/37457] INFO  grpc.GrpcFactory (GrpcFactory.java:checkPooledByteBufAllocatorUseCacheForAllThreads(48)) - PERFORMANCE WARNING: useCacheForAllThreads is true that may cause Netty to create a lot garbage objects and, as a result, trigger GC.
	It is recommended to disable useCacheForAllThreads by setting -Dorg.apache.ratis.thirdparty.io.netty.allocator.useCacheForAllThreads=false in command line.
2022-10-09 13:03:51,631 [Listener at 127.0.0.1/37457] INFO  grpc.GrpcConfigKeys (ConfUtils.java:logGet(46)) - raft.grpc.admin.port = 0 (custom)
2022-10-09 13:03:51,631 [Listener at 127.0.0.1/37457] INFO  grpc.GrpcConfigKeys (ConfUtils.java:logGet(46)) - raft.grpc.client.port = 0 (custom)
2022-10-09 13:03:51,631 [Listener at 127.0.0.1/37457] INFO  grpc.GrpcConfigKeys (ConfUtils.java:logGet(46)) - raft.grpc.server.port = 0 (default)
2022-10-09 13:03:51,631 [Listener at 127.0.0.1/37457] INFO  server.GrpcService (ConfUtils.java:logGet(46)) - raft.grpc.message.size.max = 32MB (=33554432) (custom)
2022-10-09 13:03:51,631 [Listener at 127.0.0.1/37457] INFO  server.RaftServerConfigKeys (ConfUtils.java:logGet(46)) - raft.server.log.appender.buffer.byte-limit = 33554432 (custom)
2022-10-09 13:03:51,631 [Listener at 127.0.0.1/37457] INFO  server.GrpcService (ConfUtils.java:logGet(46)) - raft.grpc.flow.control.window = 5MB (=5242880) (custom)
2022-10-09 13:03:51,632 [Listener at 127.0.0.1/37457] INFO  server.RaftServerConfigKeys (ConfUtils.java:logGet(46)) - raft.server.rpc.request.timeout = 60s (custom)
2022-10-09 13:03:51,632 [Listener at 127.0.0.1/37457] INFO  grpc.GrpcConfigKeys (ConfUtils.java:logGet(46)) - raft.grpc.server.async.request.thread.pool.cached = true (default)
2022-10-09 13:03:51,632 [Listener at 127.0.0.1/37457] INFO  grpc.GrpcConfigKeys (ConfUtils.java:logGet(46)) - raft.grpc.server.async.request.thread.pool.size = 32 (default)
2022-10-09 13:03:51,637 [Listener at 127.0.0.1/37457] INFO  impl.DataStreamServerImpl (ConfUtils.java:logGet(46)) - raft.datastream.type = DISABLED (default)
2022-10-09 13:03:51,637 [Listener at 127.0.0.1/37457] INFO  server.RaftServerConfigKeys (ConfUtils.java:logGet(46)) - raft.server.threadpool.proxy.cached = true (default)
2022-10-09 13:03:51,637 [Listener at 127.0.0.1/37457] INFO  server.RaftServerConfigKeys (ConfUtils.java:logGet(46)) - raft.server.threadpool.proxy.size = 0 (default)
2022-10-09 13:03:51,637 [Listener at 127.0.0.1/37457] INFO  server.RaftServerConfigKeys (ConfUtils.java:logGet(46)) - raft.server.rpc.slowness.timeout = 300s (custom)
2022-10-09 13:03:51,637 [Listener at 127.0.0.1/37457] INFO  server.RaftServerConfigKeys (ConfUtils.java:logGet(46)) - raft.server.leaderelection.leader.step-down.wait-time = 10s (default)
2022-10-09 13:03:51,637 [Listener at 127.0.0.1/37457] INFO  server.RaftServerConfigKeys (ConfUtils.java:logGet(46)) - raft.server.storage.dir = [/home/runner/work/ozone/ozone/hadoop-ozone/integration-test/target/test-dir/MiniOzoneClusterImpl-6b6317f5-37ef-4289-9029-d6045239d9e9/datanode-2/data/ratis] (custom)
2022-10-09 13:03:51,641 [Listener at 127.0.0.1/37457] INFO  server.XceiverServerGrpc (XceiverServerGrpc.java:<init>(132)) - GrpcServer channel type EpollServerSocketChannel
2022-10-09 13:03:51,646 [Listener at 127.0.0.1/37457] INFO  http.BaseHttpServer (BaseHttpServer.java:newHttpServer2BuilderForOzone(213)) - Starting Web-server for hddsDatanode at: http://0.0.0.0:0
2022-10-09 13:03:51,646 [Listener at 127.0.0.1/37457] INFO  http.BaseHttpServer (BaseHttpServer.java:<init>(108)) - Hadoop Security Enabled: false Ozone Security Enabled: false Ozone HTTP Security Enabled: false 
2022-10-09 13:03:51,647 [Listener at 127.0.0.1/37457] INFO  server.AuthenticationFilter (AuthenticationFilter.java:constructSecretProvider(240)) - Unable to initialize FileSignerSecretProvider, falling back to use random secrets.
2022-10-09 13:03:51,648 [Listener at 127.0.0.1/37457] WARN  http.HttpRequestLog (HttpRequestLog.java:getRequestLog(103)) - Jetty request log can only be enabled using Log4j
2022-10-09 13:03:51,650 [Listener at 127.0.0.1/37457] INFO  http.HttpServer2 (HttpServer2.java:addGlobalFilter(1031)) - Added global filter 'safety' (class=org.apache.hadoop.hdds.server.http.HttpServer2$QuotingInputFilter)
2022-10-09 13:03:51,650 [Listener at 127.0.0.1/37457] INFO  http.HttpServer2 (HttpServer2.java:addFilter(1007)) - Added filter static_user_filter (class=org.apache.hadoop.http.lib.StaticUserWebFilter$StaticUserFilter) to context hddsDatanode
2022-10-09 13:03:51,651 [Listener at 127.0.0.1/37457] INFO  http.HttpServer2 (HttpServer2.java:addFilter(1015)) - Added filter static_user_filter (class=org.apache.hadoop.http.lib.StaticUserWebFilter$StaticUserFilter) to context static
2022-10-09 13:03:51,651 [Listener at 127.0.0.1/37457] INFO  http.HttpServer2 (HttpServer2.java:addFilter(1015)) - Added filter static_user_filter (class=org.apache.hadoop.http.lib.StaticUserWebFilter$StaticUserFilter) to context logs
2022-10-09 13:03:51,651 [Listener at 127.0.0.1/37457] INFO  http.HttpServer2 (HttpServer2.java:bindListener(1250)) - Jetty bound to port 46057
2022-10-09 13:03:51,651 [Listener at 127.0.0.1/37457] INFO  server.Server (Server.java:doStart(375)) - jetty-9.4.43.v20210629; built: 2021-06-30T11:07:22.254Z; git: 526006ecfa3af7f1a27ef3a288e2bef7ea9dd7e8; jvm 1.8.0_345-b01
2022-10-09 13:03:51,653 [Listener at 127.0.0.1/37457] INFO  server.session (DefaultSessionIdManager.java:doStart(334)) - DefaultSessionIdManager workerName=node0
2022-10-09 13:03:51,653 [Listener at 127.0.0.1/37457] INFO  server.session (DefaultSessionIdManager.java:doStart(339)) - No SessionScavenger set, using defaults
2022-10-09 13:03:51,653 [Listener at 127.0.0.1/37457] INFO  server.session (HouseKeeper.java:startScavenging(132)) - node0 Scavenging every 600000ms
2022-10-09 13:03:51,654 [Listener at 127.0.0.1/37457] INFO  handler.ContextHandler (ContextHandler.java:doStart(915)) - Started o.e.j.s.ServletContextHandler@5783939e{logs,/logs,file:///home/runner/work/ozone/ozone/hadoop-ozone/integration-test/target/log,AVAILABLE}
2022-10-09 13:03:51,654 [Listener at 127.0.0.1/37457] INFO  handler.ContextHandler (ContextHandler.java:doStart(915)) - Started o.e.j.s.ServletContextHandler@7e03fe2b{static,/static,jar:file:/home/runner/.m2/repository/org/apache/ozone/hdds-container-service/1.3.0-SNAPSHOT/hdds-container-service-1.3.0-SNAPSHOT.jar!/webapps/static,AVAILABLE}
2022-10-09 13:03:51,825 [Listener at 127.0.0.1/37457] INFO  handler.ContextHandler (ContextHandler.java:doStart(915)) - Started o.e.j.w.WebAppContext@49be17f6{hddsDatanode,/,file:///tmp/jetty-0_0_0_0-46057-hdds-container-service-1_3_0-SNAPSHOT_jar-_-any-753562487531758724/webapp/,AVAILABLE}{jar:file:/home/runner/.m2/repository/org/apache/ozone/hdds-container-service/1.3.0-SNAPSHOT/hdds-container-service-1.3.0-SNAPSHOT.jar!/webapps/hddsDatanode}
2022-10-09 13:03:51,827 [Listener at 127.0.0.1/37457] INFO  server.AbstractConnector (AbstractConnector.java:doStart(331)) - Started ServerConnector@7ebc160d{HTTP/1.1, (http/1.1)}{0.0.0.0:46057}
2022-10-09 13:03:51,827 [Listener at 127.0.0.1/37457] INFO  server.Server (Server.java:doStart(415)) - Started @9235ms
2022-10-09 13:03:51,827 [Listener at 127.0.0.1/37457] WARN  impl.MetricsSystemImpl (MetricsSystemImpl.java:register(279)) - Sink prometheus already exists!
2022-10-09 13:03:51,828 [Listener at 127.0.0.1/37457] INFO  http.BaseHttpServer (BaseHttpServer.java:updateConnectorAddress(333)) - HTTP server of hddsDatanode listening at http://0.0.0.0:46057
2022-10-09 13:03:51,828 [Listener at 127.0.0.1/37457] WARN  impl.MetricRegistriesImpl (MetricRegistriesImpl.java:addReporterRegistration(111)) - New reporters are added after registries were created. Some metrics will be missing from the reporter. Please add reporter before adding any new registry.
2022-10-09 13:03:51,829 [Listener at 127.0.0.1/37457] WARN  impl.MetricRegistriesImpl (MetricRegistriesImpl.java:addReporterRegistration(111)) - New reporters are added after registries were created. Some metrics will be missing from the reporter. Please add reporter before adding any new registry.
2022-10-09 13:03:51,829 [Listener at 127.0.0.1/37457] INFO  impl.MetricsSystemImpl (MetricsSystemImpl.java:init(158)) - HddsDatanode metrics system started (again)
2022-10-09 13:03:51,829 [Datanode State Machine Daemon Thread] INFO  statemachine.DatanodeStateMachine (DatanodeStateMachine.java:lambda$startDaemon$0(492)) - Ozone container server started.
2022-10-09 13:03:51,841 [Listener at 127.0.0.1/37457] INFO  ozone.HddsDatanodeService (HddsDatanodeService.java:start(236)) - HddsDatanodeService host:fv-az212-628.zlodpucb4l4udavnfxg5s20dva.cx.internal.cloudapp.net ip:10.1.0.209
2022-10-09 13:03:51,842 [org.apache.hadoop.util.JvmPauseMonitor$Monitor@3ba0fbff] INFO  util.JvmPauseMonitor (JvmPauseMonitor.java:run(188)) - Starting JVM pause monitor
2022-10-09 13:03:51,865 [Datanode State Machine Task Thread - 0] INFO  datanode.InitDatanodeState (InitDatanodeState.java:persistContainerDatanodeDetails(138)) - DatanodeDetails is persisted to /home/runner/work/ozone/ozone/hadoop-ozone/integration-test/target/test-dir/MiniOzoneClusterImpl-6b6317f5-37ef-4289-9029-d6045239d9e9/datanode-2/meta/datanode.id
2022-10-09 13:03:51,880 [Listener at 127.0.0.1/37457] INFO  upgrade.AbstractLayoutVersionManager (AbstractLayoutVersionManager.java:init(83)) - Initializing Layout version manager with metadata layout = DATANODE_SCHEMA_V3 (version = 4), software layout = DATANODE_SCHEMA_V3 (version = 4)
2022-10-09 13:03:51,928 [Listener at 127.0.0.1/37457] INFO  reflections.Reflections (Reflections.java:scan(232)) - Reflections took 46 ms to scan 7 urls, producing 135 keys and 327 values 
2022-10-09 13:03:51,930 [Listener at 127.0.0.1/37457] INFO  statemachine.DatanodeStateMachine (DatanodeStateMachine.java:getEndPointTaskThreadPoolSize(237)) - Datanode State Machine Task Thread Pool size 2
2022-10-09 13:03:51,937 [Listener at 127.0.0.1/37457] INFO  volume.HddsVolume (HddsVolume.java:<init>(117)) - Creating HddsVolume: /home/runner/work/ozone/ozone/hadoop-ozone/integration-test/target/test-dir/MiniOzoneClusterImpl-6b6317f5-37ef-4289-9029-d6045239d9e9/datanode-3/data-0/containers/hdds of storage type : DISK capacity : 9223372036854775807
2022-10-09 13:03:51,937 [Listener at 127.0.0.1/37457] INFO  volume.MutableVolumeSet (MutableVolumeSet.java:initializeVolumeSet(174)) - Added Volume : /home/runner/work/ozone/ozone/hadoop-ozone/integration-test/target/test-dir/MiniOzoneClusterImpl-6b6317f5-37ef-4289-9029-d6045239d9e9/datanode-3/data-0/containers/hdds to VolumeSet
2022-10-09 13:03:51,937 [Listener at 127.0.0.1/37457] INFO  volume.ThrottledAsyncChecker (ThrottledAsyncChecker.java:schedule(141)) - Scheduling a check for /home/runner/work/ozone/ozone/hadoop-ozone/integration-test/target/test-dir/MiniOzoneClusterImpl-6b6317f5-37ef-4289-9029-d6045239d9e9/datanode-3/data-0/containers/hdds
2022-10-09 13:03:51,938 [Listener at 127.0.0.1/37457] INFO  volume.StorageVolumeChecker (StorageVolumeChecker.java:checkAllVolumes(202)) - Scheduled health check for volume /home/runner/work/ozone/ozone/hadoop-ozone/integration-test/target/test-dir/MiniOzoneClusterImpl-6b6317f5-37ef-4289-9029-d6045239d9e9/datanode-3/data-0/containers/hdds
2022-10-09 13:03:51,979 [Listener at 127.0.0.1/37457] INFO  volume.MutableVolumeSet (MutableVolumeSet.java:initializeVolumeSet(174)) - Added Volume : /home/runner/work/ozone/ozone/hadoop-ozone/integration-test/target/test-dir/MiniOzoneClusterImpl-6b6317f5-37ef-4289-9029-d6045239d9e9/datanode-3/data/ratis to VolumeSet
2022-10-09 13:03:51,979 [Listener at 127.0.0.1/37457] INFO  volume.ThrottledAsyncChecker (ThrottledAsyncChecker.java:schedule(141)) - Scheduling a check for /home/runner/work/ozone/ozone/hadoop-ozone/integration-test/target/test-dir/MiniOzoneClusterImpl-6b6317f5-37ef-4289-9029-d6045239d9e9/datanode-3/data/ratis
2022-10-09 13:03:51,979 [Listener at 127.0.0.1/37457] INFO  volume.StorageVolumeChecker (StorageVolumeChecker.java:checkAllVolumes(202)) - Scheduled health check for volume /home/runner/work/ozone/ozone/hadoop-ozone/integration-test/target/test-dir/MiniOzoneClusterImpl-6b6317f5-37ef-4289-9029-d6045239d9e9/datanode-3/data/ratis
2022-10-09 13:03:51,991 [Thread-177] INFO  ozoneimpl.ContainerReader (ContainerReader.java:readVolume(175)) - Finish verifying containers on volume /home/runner/work/ozone/ozone/hadoop-ozone/integration-test/target/test-dir/MiniOzoneClusterImpl-6b6317f5-37ef-4289-9029-d6045239d9e9/datanode-3/data-0/containers/hdds
2022-10-09 13:03:51,991 [Listener at 127.0.0.1/37457] INFO  ozoneimpl.OzoneContainer (OzoneContainer.java:buildContainerSet(300)) - Build ContainerSet costs 0s
2022-10-09 13:03:51,994 [Listener at 127.0.0.1/37457] INFO  server.RaftServer (ConfUtils.java:logGet(46)) - raft.rpc.type = GRPC (default)
2022-10-09 13:03:51,994 [Listener at 127.0.0.1/37457] INFO  grpc.GrpcFactory (GrpcFactory.java:checkPooledByteBufAllocatorUseCacheForAllThreads(48)) - PERFORMANCE WARNING: useCacheForAllThreads is true that may cause Netty to create a lot garbage objects and, as a result, trigger GC.
	It is recommended to disable useCacheForAllThreads by setting -Dorg.apache.ratis.thirdparty.io.netty.allocator.useCacheForAllThreads=false in command line.
2022-10-09 13:03:51,994 [Listener at 127.0.0.1/37457] INFO  grpc.GrpcConfigKeys (ConfUtils.java:logGet(46)) - raft.grpc.admin.port = 0 (custom)
2022-10-09 13:03:51,995 [Listener at 127.0.0.1/37457] INFO  grpc.GrpcConfigKeys (ConfUtils.java:logGet(46)) - raft.grpc.client.port = 0 (custom)
2022-10-09 13:03:51,995 [Listener at 127.0.0.1/37457] INFO  grpc.GrpcConfigKeys (ConfUtils.java:logGet(46)) - raft.grpc.server.port = 0 (default)
2022-10-09 13:03:51,995 [Listener at 127.0.0.1/37457] INFO  server.GrpcService (ConfUtils.java:logGet(46)) - raft.grpc.message.size.max = 32MB (=33554432) (custom)
2022-10-09 13:03:51,995 [Listener at 127.0.0.1/37457] INFO  server.RaftServerConfigKeys (ConfUtils.java:logGet(46)) - raft.server.log.appender.buffer.byte-limit = 33554432 (custom)
2022-10-09 13:03:51,995 [Listener at 127.0.0.1/37457] INFO  server.GrpcService (ConfUtils.java:logGet(46)) - raft.grpc.flow.control.window = 5MB (=5242880) (custom)
2022-10-09 13:03:51,995 [Listener at 127.0.0.1/37457] INFO  server.RaftServerConfigKeys (ConfUtils.java:logGet(46)) - raft.server.rpc.request.timeout = 60s (custom)
2022-10-09 13:03:51,995 [Listener at 127.0.0.1/37457] INFO  grpc.GrpcConfigKeys (ConfUtils.java:logGet(46)) - raft.grpc.server.async.request.thread.pool.cached = true (default)
2022-10-09 13:03:51,995 [Listener at 127.0.0.1/37457] INFO  grpc.GrpcConfigKeys (ConfUtils.java:logGet(46)) - raft.grpc.server.async.request.thread.pool.size = 32 (default)
2022-10-09 13:03:51,997 [Listener at 127.0.0.1/37457] INFO  impl.DataStreamServerImpl (ConfUtils.java:logGet(46)) - raft.datastream.type = DISABLED (default)
2022-10-09 13:03:51,997 [Listener at 127.0.0.1/37457] INFO  server.RaftServerConfigKeys (ConfUtils.java:logGet(46)) - raft.server.threadpool.proxy.cached = true (default)
2022-10-09 13:03:51,997 [Listener at 127.0.0.1/37457] INFO  server.RaftServerConfigKeys (ConfUtils.java:logGet(46)) - raft.server.threadpool.proxy.size = 0 (default)
2022-10-09 13:03:51,997 [Listener at 127.0.0.1/37457] INFO  server.RaftServerConfigKeys (ConfUtils.java:logGet(46)) - raft.server.rpc.slowness.timeout = 300s (custom)
2022-10-09 13:03:51,997 [Listener at 127.0.0.1/37457] INFO  server.RaftServerConfigKeys (ConfUtils.java:logGet(46)) - raft.server.leaderelection.leader.step-down.wait-time = 10s (default)
2022-10-09 13:03:51,998 [Listener at 127.0.0.1/37457] INFO  server.RaftServerConfigKeys (ConfUtils.java:logGet(46)) - raft.server.storage.dir = [/home/runner/work/ozone/ozone/hadoop-ozone/integration-test/target/test-dir/MiniOzoneClusterImpl-6b6317f5-37ef-4289-9029-d6045239d9e9/datanode-3/data/ratis] (custom)
2022-10-09 13:03:52,000 [Listener at 127.0.0.1/37457] INFO  server.XceiverServerGrpc (XceiverServerGrpc.java:<init>(132)) - GrpcServer channel type EpollServerSocketChannel
2022-10-09 13:03:52,004 [Listener at 127.0.0.1/37457] INFO  http.BaseHttpServer (BaseHttpServer.java:newHttpServer2BuilderForOzone(213)) - Starting Web-server for hddsDatanode at: http://0.0.0.0:0
2022-10-09 13:03:52,004 [Listener at 127.0.0.1/37457] INFO  http.BaseHttpServer (BaseHttpServer.java:<init>(108)) - Hadoop Security Enabled: false Ozone Security Enabled: false Ozone HTTP Security Enabled: false 
2022-10-09 13:03:52,005 [Listener at 127.0.0.1/37457] INFO  server.AuthenticationFilter (AuthenticationFilter.java:constructSecretProvider(240)) - Unable to initialize FileSignerSecretProvider, falling back to use random secrets.
2022-10-09 13:03:52,006 [Listener at 127.0.0.1/37457] WARN  http.HttpRequestLog (HttpRequestLog.java:getRequestLog(103)) - Jetty request log can only be enabled using Log4j
2022-10-09 13:03:52,007 [Listener at 127.0.0.1/37457] INFO  http.HttpServer2 (HttpServer2.java:addGlobalFilter(1031)) - Added global filter 'safety' (class=org.apache.hadoop.hdds.server.http.HttpServer2$QuotingInputFilter)
2022-10-09 13:03:52,008 [Listener at 127.0.0.1/37457] INFO  http.HttpServer2 (HttpServer2.java:addFilter(1007)) - Added filter static_user_filter (class=org.apache.hadoop.http.lib.StaticUserWebFilter$StaticUserFilter) to context hddsDatanode
2022-10-09 13:03:52,008 [Listener at 127.0.0.1/37457] INFO  http.HttpServer2 (HttpServer2.java:addFilter(1015)) - Added filter static_user_filter (class=org.apache.hadoop.http.lib.StaticUserWebFilter$StaticUserFilter) to context static
2022-10-09 13:03:52,008 [Listener at 127.0.0.1/37457] INFO  http.HttpServer2 (HttpServer2.java:addFilter(1015)) - Added filter static_user_filter (class=org.apache.hadoop.http.lib.StaticUserWebFilter$StaticUserFilter) to context logs
2022-10-09 13:03:52,009 [Listener at 127.0.0.1/37457] INFO  http.HttpServer2 (HttpServer2.java:bindListener(1250)) - Jetty bound to port 35581
2022-10-09 13:03:52,009 [Listener at 127.0.0.1/37457] INFO  server.Server (Server.java:doStart(375)) - jetty-9.4.43.v20210629; built: 2021-06-30T11:07:22.254Z; git: 526006ecfa3af7f1a27ef3a288e2bef7ea9dd7e8; jvm 1.8.0_345-b01
2022-10-09 13:03:52,014 [Listener at 127.0.0.1/37457] INFO  server.session (DefaultSessionIdManager.java:doStart(334)) - DefaultSessionIdManager workerName=node0
2022-10-09 13:03:52,014 [Listener at 127.0.0.1/37457] INFO  server.session (DefaultSessionIdManager.java:doStart(339)) - No SessionScavenger set, using defaults
2022-10-09 13:03:52,014 [Listener at 127.0.0.1/37457] INFO  server.session (HouseKeeper.java:startScavenging(132)) - node0 Scavenging every 660000ms
2022-10-09 13:03:52,015 [Listener at 127.0.0.1/37457] INFO  handler.ContextHandler (ContextHandler.java:doStart(915)) - Started o.e.j.s.ServletContextHandler@630e4063{logs,/logs,file:///home/runner/work/ozone/ozone/hadoop-ozone/integration-test/target/log,AVAILABLE}
2022-10-09 13:03:52,016 [Listener at 127.0.0.1/37457] INFO  handler.ContextHandler (ContextHandler.java:doStart(915)) - Started o.e.j.s.ServletContextHandler@672b0f0a{static,/static,jar:file:/home/runner/.m2/repository/org/apache/ozone/hdds-container-service/1.3.0-SNAPSHOT/hdds-container-service-1.3.0-SNAPSHOT.jar!/webapps/static,AVAILABLE}
2022-10-09 13:03:52,186 [Listener at 127.0.0.1/37457] INFO  handler.ContextHandler (ContextHandler.java:doStart(915)) - Started o.e.j.w.WebAppContext@1459dcbe{hddsDatanode,/,file:///tmp/jetty-0_0_0_0-35581-hdds-container-service-1_3_0-SNAPSHOT_jar-_-any-7302165461473308939/webapp/,AVAILABLE}{jar:file:/home/runner/.m2/repository/org/apache/ozone/hdds-container-service/1.3.0-SNAPSHOT/hdds-container-service-1.3.0-SNAPSHOT.jar!/webapps/hddsDatanode}
2022-10-09 13:03:52,187 [Listener at 127.0.0.1/37457] INFO  server.AbstractConnector (AbstractConnector.java:doStart(331)) - Started ServerConnector@2b381c76{HTTP/1.1, (http/1.1)}{0.0.0.0:35581}
2022-10-09 13:03:52,188 [Listener at 127.0.0.1/37457] INFO  server.Server (Server.java:doStart(415)) - Started @9596ms
2022-10-09 13:03:52,188 [Listener at 127.0.0.1/37457] WARN  impl.MetricsSystemImpl (MetricsSystemImpl.java:register(279)) - Sink prometheus already exists!
2022-10-09 13:03:52,189 [Listener at 127.0.0.1/37457] INFO  http.BaseHttpServer (BaseHttpServer.java:updateConnectorAddress(333)) - HTTP server of hddsDatanode listening at http://0.0.0.0:35581
2022-10-09 13:03:52,192 [Listener at 127.0.0.1/37457] WARN  impl.MetricRegistriesImpl (MetricRegistriesImpl.java:addReporterRegistration(111)) - New reporters are added after registries were created. Some metrics will be missing from the reporter. Please add reporter before adding any new registry.
2022-10-09 13:03:52,192 [Listener at 127.0.0.1/37457] WARN  impl.MetricRegistriesImpl (MetricRegistriesImpl.java:addReporterRegistration(111)) - New reporters are added after registries were created. Some metrics will be missing from the reporter. Please add reporter before adding any new registry.
2022-10-09 13:03:52,192 [Listener at 127.0.0.1/37457] INFO  impl.MetricsSystemImpl (MetricsSystemImpl.java:init(158)) - HddsDatanode metrics system started (again)
2022-10-09 13:03:52,193 [Datanode State Machine Daemon Thread] INFO  statemachine.DatanodeStateMachine (DatanodeStateMachine.java:lambda$startDaemon$0(492)) - Ozone container server started.
2022-10-09 13:03:52,204 [org.apache.hadoop.util.JvmPauseMonitor$Monitor@5ec6e885] INFO  util.JvmPauseMonitor (JvmPauseMonitor.java:run(188)) - Starting JVM pause monitor
2022-10-09 13:03:52,205 [Listener at 127.0.0.1/37457] INFO  ozone.HddsDatanodeService (HddsDatanodeService.java:start(236)) - HddsDatanodeService host:fv-az212-628.zlodpucb4l4udavnfxg5s20dva.cx.internal.cloudapp.net ip:10.1.0.209
2022-10-09 13:03:52,210 [Datanode State Machine Task Thread - 0] INFO  datanode.InitDatanodeState (InitDatanodeState.java:persistContainerDatanodeDetails(138)) - DatanodeDetails is persisted to /home/runner/work/ozone/ozone/hadoop-ozone/integration-test/target/test-dir/MiniOzoneClusterImpl-6b6317f5-37ef-4289-9029-d6045239d9e9/datanode-3/meta/datanode.id
2022-10-09 13:03:52,231 [Listener at 127.0.0.1/37457] INFO  upgrade.AbstractLayoutVersionManager (AbstractLayoutVersionManager.java:init(83)) - Initializing Layout version manager with metadata layout = DATANODE_SCHEMA_V3 (version = 4), software layout = DATANODE_SCHEMA_V3 (version = 4)
2022-10-09 13:03:52,273 [Listener at 127.0.0.1/37457] INFO  reflections.Reflections (Reflections.java:scan(232)) - Reflections took 40 ms to scan 7 urls, producing 135 keys and 327 values 
2022-10-09 13:03:52,275 [Listener at 127.0.0.1/37457] INFO  statemachine.DatanodeStateMachine (DatanodeStateMachine.java:getEndPointTaskThreadPoolSize(237)) - Datanode State Machine Task Thread Pool size 2
2022-10-09 13:03:52,277 [Listener at 127.0.0.1/37457] INFO  volume.HddsVolume (HddsVolume.java:<init>(117)) - Creating HddsVolume: /home/runner/work/ozone/ozone/hadoop-ozone/integration-test/target/test-dir/MiniOzoneClusterImpl-6b6317f5-37ef-4289-9029-d6045239d9e9/datanode-4/data-0/containers/hdds of storage type : DISK capacity : 9223372036854775807
2022-10-09 13:03:52,278 [Listener at 127.0.0.1/37457] INFO  volume.MutableVolumeSet (MutableVolumeSet.java:initializeVolumeSet(174)) - Added Volume : /home/runner/work/ozone/ozone/hadoop-ozone/integration-test/target/test-dir/MiniOzoneClusterImpl-6b6317f5-37ef-4289-9029-d6045239d9e9/datanode-4/data-0/containers/hdds to VolumeSet
2022-10-09 13:03:52,278 [Listener at 127.0.0.1/37457] INFO  volume.ThrottledAsyncChecker (ThrottledAsyncChecker.java:schedule(141)) - Scheduling a check for /home/runner/work/ozone/ozone/hadoop-ozone/integration-test/target/test-dir/MiniOzoneClusterImpl-6b6317f5-37ef-4289-9029-d6045239d9e9/datanode-4/data-0/containers/hdds
2022-10-09 13:03:52,285 [Listener at 127.0.0.1/37457] INFO  volume.StorageVolumeChecker (StorageVolumeChecker.java:checkAllVolumes(202)) - Scheduled health check for volume /home/runner/work/ozone/ozone/hadoop-ozone/integration-test/target/test-dir/MiniOzoneClusterImpl-6b6317f5-37ef-4289-9029-d6045239d9e9/datanode-4/data-0/containers/hdds
2022-10-09 13:03:52,296 [Listener at 127.0.0.1/37457] INFO  volume.MutableVolumeSet (MutableVolumeSet.java:initializeVolumeSet(174)) - Added Volume : /home/runner/work/ozone/ozone/hadoop-ozone/integration-test/target/test-dir/MiniOzoneClusterImpl-6b6317f5-37ef-4289-9029-d6045239d9e9/datanode-4/data/ratis to VolumeSet
2022-10-09 13:03:52,297 [Listener at 127.0.0.1/37457] INFO  volume.ThrottledAsyncChecker (ThrottledAsyncChecker.java:schedule(141)) - Scheduling a check for /home/runner/work/ozone/ozone/hadoop-ozone/integration-test/target/test-dir/MiniOzoneClusterImpl-6b6317f5-37ef-4289-9029-d6045239d9e9/datanode-4/data/ratis
2022-10-09 13:03:52,297 [Listener at 127.0.0.1/37457] INFO  volume.StorageVolumeChecker (StorageVolumeChecker.java:checkAllVolumes(202)) - Scheduled health check for volume /home/runner/work/ozone/ozone/hadoop-ozone/integration-test/target/test-dir/MiniOzoneClusterImpl-6b6317f5-37ef-4289-9029-d6045239d9e9/datanode-4/data/ratis
2022-10-09 13:03:52,309 [Thread-190] INFO  ozoneimpl.ContainerReader (ContainerReader.java:readVolume(175)) - Finish verifying containers on volume /home/runner/work/ozone/ozone/hadoop-ozone/integration-test/target/test-dir/MiniOzoneClusterImpl-6b6317f5-37ef-4289-9029-d6045239d9e9/datanode-4/data-0/containers/hdds
2022-10-09 13:03:52,310 [Listener at 127.0.0.1/37457] INFO  ozoneimpl.OzoneContainer (OzoneContainer.java:buildContainerSet(300)) - Build ContainerSet costs 0s
2022-10-09 13:03:52,313 [Listener at 127.0.0.1/37457] INFO  server.RaftServer (ConfUtils.java:logGet(46)) - raft.rpc.type = GRPC (default)
2022-10-09 13:03:52,313 [Listener at 127.0.0.1/37457] INFO  grpc.GrpcFactory (GrpcFactory.java:checkPooledByteBufAllocatorUseCacheForAllThreads(48)) - PERFORMANCE WARNING: useCacheForAllThreads is true that may cause Netty to create a lot garbage objects and, as a result, trigger GC.
	It is recommended to disable useCacheForAllThreads by setting -Dorg.apache.ratis.thirdparty.io.netty.allocator.useCacheForAllThreads=false in command line.
2022-10-09 13:03:52,314 [Listener at 127.0.0.1/37457] INFO  grpc.GrpcConfigKeys (ConfUtils.java:logGet(46)) - raft.grpc.admin.port = 0 (custom)
2022-10-09 13:03:52,314 [Listener at 127.0.0.1/37457] INFO  grpc.GrpcConfigKeys (ConfUtils.java:logGet(46)) - raft.grpc.client.port = 0 (custom)
2022-10-09 13:03:52,314 [Listener at 127.0.0.1/37457] INFO  grpc.GrpcConfigKeys (ConfUtils.java:logGet(46)) - raft.grpc.server.port = 0 (default)
2022-10-09 13:03:52,314 [Listener at 127.0.0.1/37457] INFO  server.GrpcService (ConfUtils.java:logGet(46)) - raft.grpc.message.size.max = 32MB (=33554432) (custom)
2022-10-09 13:03:52,314 [Listener at 127.0.0.1/37457] INFO  server.RaftServerConfigKeys (ConfUtils.java:logGet(46)) - raft.server.log.appender.buffer.byte-limit = 33554432 (custom)
2022-10-09 13:03:52,314 [Listener at 127.0.0.1/37457] INFO  server.GrpcService (ConfUtils.java:logGet(46)) - raft.grpc.flow.control.window = 5MB (=5242880) (custom)
2022-10-09 13:03:52,314 [Listener at 127.0.0.1/37457] INFO  server.RaftServerConfigKeys (ConfUtils.java:logGet(46)) - raft.server.rpc.request.timeout = 60s (custom)
2022-10-09 13:03:52,314 [Listener at 127.0.0.1/37457] INFO  grpc.GrpcConfigKeys (ConfUtils.java:logGet(46)) - raft.grpc.server.async.request.thread.pool.cached = true (default)
2022-10-09 13:03:52,315 [Listener at 127.0.0.1/37457] INFO  grpc.GrpcConfigKeys (ConfUtils.java:logGet(46)) - raft.grpc.server.async.request.thread.pool.size = 32 (default)
2022-10-09 13:03:52,316 [Listener at 127.0.0.1/37457] INFO  impl.DataStreamServerImpl (ConfUtils.java:logGet(46)) - raft.datastream.type = DISABLED (default)
2022-10-09 13:03:52,316 [Listener at 127.0.0.1/37457] INFO  server.RaftServerConfigKeys (ConfUtils.java:logGet(46)) - raft.server.threadpool.proxy.cached = true (default)
2022-10-09 13:03:52,316 [Listener at 127.0.0.1/37457] INFO  server.RaftServerConfigKeys (ConfUtils.java:logGet(46)) - raft.server.threadpool.proxy.size = 0 (default)
2022-10-09 13:03:52,316 [Listener at 127.0.0.1/37457] INFO  server.RaftServerConfigKeys (ConfUtils.java:logGet(46)) - raft.server.rpc.slowness.timeout = 300s (custom)
2022-10-09 13:03:52,316 [Listener at 127.0.0.1/37457] INFO  server.RaftServerConfigKeys (ConfUtils.java:logGet(46)) - raft.server.leaderelection.leader.step-down.wait-time = 10s (default)
2022-10-09 13:03:52,317 [Listener at 127.0.0.1/37457] INFO  server.RaftServerConfigKeys (ConfUtils.java:logGet(46)) - raft.server.storage.dir = [/home/runner/work/ozone/ozone/hadoop-ozone/integration-test/target/test-dir/MiniOzoneClusterImpl-6b6317f5-37ef-4289-9029-d6045239d9e9/datanode-4/data/ratis] (custom)
2022-10-09 13:03:52,321 [Listener at 127.0.0.1/37457] INFO  server.XceiverServerGrpc (XceiverServerGrpc.java:<init>(132)) - GrpcServer channel type EpollServerSocketChannel
2022-10-09 13:03:52,331 [Listener at 127.0.0.1/37457] INFO  http.BaseHttpServer (BaseHttpServer.java:newHttpServer2BuilderForOzone(213)) - Starting Web-server for hddsDatanode at: http://0.0.0.0:0
2022-10-09 13:03:52,332 [Listener at 127.0.0.1/37457] INFO  http.BaseHttpServer (BaseHttpServer.java:<init>(108)) - Hadoop Security Enabled: false Ozone Security Enabled: false Ozone HTTP Security Enabled: false 
2022-10-09 13:03:52,333 [Listener at 127.0.0.1/37457] INFO  server.AuthenticationFilter (AuthenticationFilter.java:constructSecretProvider(240)) - Unable to initialize FileSignerSecretProvider, falling back to use random secrets.
2022-10-09 13:03:52,336 [Listener at 127.0.0.1/37457] WARN  http.HttpRequestLog (HttpRequestLog.java:getRequestLog(103)) - Jetty request log can only be enabled using Log4j
2022-10-09 13:03:52,337 [Listener at 127.0.0.1/37457] INFO  http.HttpServer2 (HttpServer2.java:addGlobalFilter(1031)) - Added global filter 'safety' (class=org.apache.hadoop.hdds.server.http.HttpServer2$QuotingInputFilter)
2022-10-09 13:03:52,338 [Listener at 127.0.0.1/37457] INFO  http.HttpServer2 (HttpServer2.java:addFilter(1007)) - Added filter static_user_filter (class=org.apache.hadoop.http.lib.StaticUserWebFilter$StaticUserFilter) to context hddsDatanode
2022-10-09 13:03:52,338 [Listener at 127.0.0.1/37457] INFO  http.HttpServer2 (HttpServer2.java:addFilter(1015)) - Added filter static_user_filter (class=org.apache.hadoop.http.lib.StaticUserWebFilter$StaticUserFilter) to context static
2022-10-09 13:03:52,338 [Listener at 127.0.0.1/37457] INFO  http.HttpServer2 (HttpServer2.java:addFilter(1015)) - Added filter static_user_filter (class=org.apache.hadoop.http.lib.StaticUserWebFilter$StaticUserFilter) to context logs
2022-10-09 13:03:52,339 [Listener at 127.0.0.1/37457] INFO  http.HttpServer2 (HttpServer2.java:bindListener(1250)) - Jetty bound to port 43483
2022-10-09 13:03:52,339 [Listener at 127.0.0.1/37457] INFO  server.Server (Server.java:doStart(375)) - jetty-9.4.43.v20210629; built: 2021-06-30T11:07:22.254Z; git: 526006ecfa3af7f1a27ef3a288e2bef7ea9dd7e8; jvm 1.8.0_345-b01
2022-10-09 13:03:52,342 [Listener at 127.0.0.1/37457] INFO  server.session (DefaultSessionIdManager.java:doStart(334)) - DefaultSessionIdManager workerName=node0
2022-10-09 13:03:52,342 [Listener at 127.0.0.1/37457] INFO  server.session (DefaultSessionIdManager.java:doStart(339)) - No SessionScavenger set, using defaults
2022-10-09 13:03:52,342 [Listener at 127.0.0.1/37457] INFO  server.session (HouseKeeper.java:startScavenging(132)) - node0 Scavenging every 660000ms
2022-10-09 13:03:52,343 [Listener at 127.0.0.1/37457] INFO  handler.ContextHandler (ContextHandler.java:doStart(915)) - Started o.e.j.s.ServletContextHandler@67c5a4cc{logs,/logs,file:///home/runner/work/ozone/ozone/hadoop-ozone/integration-test/target/log,AVAILABLE}
2022-10-09 13:03:52,343 [Listener at 127.0.0.1/37457] INFO  handler.ContextHandler (ContextHandler.java:doStart(915)) - Started o.e.j.s.ServletContextHandler@14b4fcf0{static,/static,jar:file:/home/runner/.m2/repository/org/apache/ozone/hdds-container-service/1.3.0-SNAPSHOT/hdds-container-service-1.3.0-SNAPSHOT.jar!/webapps/static,AVAILABLE}
2022-10-09 13:03:52,508 [Listener at 127.0.0.1/37457] INFO  handler.ContextHandler (ContextHandler.java:doStart(915)) - Started o.e.j.w.WebAppContext@57db6c52{hddsDatanode,/,file:///tmp/jetty-0_0_0_0-43483-hdds-container-service-1_3_0-SNAPSHOT_jar-_-any-6504826824190876430/webapp/,AVAILABLE}{jar:file:/home/runner/.m2/repository/org/apache/ozone/hdds-container-service/1.3.0-SNAPSHOT/hdds-container-service-1.3.0-SNAPSHOT.jar!/webapps/hddsDatanode}
2022-10-09 13:03:52,509 [Listener at 127.0.0.1/37457] INFO  server.AbstractConnector (AbstractConnector.java:doStart(331)) - Started ServerConnector@7c967c35{HTTP/1.1, (http/1.1)}{0.0.0.0:43483}
2022-10-09 13:03:52,510 [Listener at 127.0.0.1/37457] INFO  server.Server (Server.java:doStart(415)) - Started @9918ms
2022-10-09 13:03:52,510 [Listener at 127.0.0.1/37457] WARN  impl.MetricsSystemImpl (MetricsSystemImpl.java:register(279)) - Sink prometheus already exists!
2022-10-09 13:03:52,510 [Listener at 127.0.0.1/37457] INFO  http.BaseHttpServer (BaseHttpServer.java:updateConnectorAddress(333)) - HTTP server of hddsDatanode listening at http://0.0.0.0:43483
2022-10-09 13:03:52,511 [Datanode State Machine Daemon Thread] INFO  statemachine.DatanodeStateMachine (DatanodeStateMachine.java:lambda$startDaemon$0(492)) - Ozone container server started.
2022-10-09 13:03:52,513 [Listener at 127.0.0.1/37457] INFO  ozone.MiniOzoneClusterImpl (MiniOzoneClusterImpl.java:lambda$waitForClusterToBeReady$0(216)) - Waiting for nodes to be ready. Got 0 of 5 DN Heartbeats.
2022-10-09 13:03:52,513 [Listener at 127.0.0.1/37457] INFO  ozone.MiniOzoneClusterImpl (MiniOzoneClusterImpl.java:lambda$waitForClusterToBeReady$0(219)) - Waiting for cluster to exit safe mode
2022-10-09 13:03:52,514 [Listener at 127.0.0.1/37457] INFO  ozone.MiniOzoneClusterImpl (MiniOzoneClusterImpl.java:lambda$waitForClusterToBeReady$0(221)) - SCM became leader
2022-10-09 13:03:52,524 [org.apache.hadoop.util.JvmPauseMonitor$Monitor@6a5a6924] INFO  util.JvmPauseMonitor (JvmPauseMonitor.java:run(188)) - Starting JVM pause monitor
2022-10-09 13:03:52,525 [Datanode State Machine Task Thread - 0] INFO  datanode.InitDatanodeState (InitDatanodeState.java:persistContainerDatanodeDetails(138)) - DatanodeDetails is persisted to /home/runner/work/ozone/ozone/hadoop-ozone/integration-test/target/test-dir/MiniOzoneClusterImpl-6b6317f5-37ef-4289-9029-d6045239d9e9/datanode-4/meta/datanode.id
2022-10-09 13:03:53,110 [EndpointStateMachine task thread for /0.0.0.0:38579 - 0 ] INFO  volume.HddsVolume (HddsVolume.java:createDbStore(307)) - SchemaV3 db is created and loaded at /home/runner/work/ozone/ozone/hadoop-ozone/integration-test/target/test-dir/MiniOzoneClusterImpl-6b6317f5-37ef-4289-9029-d6045239d9e9/datanode-0/data-0/containers/hdds/6b6317f5-37ef-4289-9029-d6045239d9e9/DS-3c7f8686-fc37-4d01-888a-059d6f6d9092/container.db for volume DS-3c7f8686-fc37-4d01-888a-059d6f6d9092
2022-10-09 13:03:53,114 [EndpointStateMachine task thread for /0.0.0.0:38579 - 0 ] INFO  volume.HddsVolume (HddsVolume.java:closeDbStore(338)) - SchemaV3 db is stopped at /home/runner/work/ozone/ozone/hadoop-ozone/integration-test/target/test-dir/MiniOzoneClusterImpl-6b6317f5-37ef-4289-9029-d6045239d9e9/datanode-0/data-0/containers/hdds/6b6317f5-37ef-4289-9029-d6045239d9e9/DS-3c7f8686-fc37-4d01-888a-059d6f6d9092/container.db for volume DS-3c7f8686-fc37-4d01-888a-059d6f6d9092
2022-10-09 13:03:53,114 [EndpointStateMachine task thread for /0.0.0.0:38579 - 0 ] INFO  ozoneimpl.OzoneContainer (OzoneContainer.java:start(378)) - Attempting to start container services.
2022-10-09 13:03:53,117 [EndpointStateMachine task thread for /0.0.0.0:38579 - 0 ] INFO  ozoneimpl.OzoneContainer (OzoneContainer.java:startContainerScrub(313)) - Background container scanner has been disabled.
2022-10-09 13:03:53,118 [EndpointStateMachine task thread for /0.0.0.0:38579 - 0 ] INFO  replication.ReplicationServer (ReplicationServer.java:start(111)) - ReplicationServer is started using port 34601
2022-10-09 13:03:53,121 [EndpointStateMachine task thread for /0.0.0.0:38579 - 0 ] INFO  ratis.XceiverServerRatis (XceiverServerRatis.java:start(481)) - Starting XceiverServerRatis 2db59515-9e3b-4889-b4e8-582beecf5a37
2022-10-09 13:03:53,122 [EndpointStateMachine task thread for /0.0.0.0:38579 - 0 ] INFO  server.RaftServer (RaftServerProxy.java:lambda$start$6(382)) - 2db59515-9e3b-4889-b4e8-582beecf5a37: start RPC server
2022-10-09 13:03:53,123 [EndpointStateMachine task thread for /0.0.0.0:38579 - 0 ] INFO  server.GrpcService (GrpcService.java:startImpl(260)) - 2db59515-9e3b-4889-b4e8-582beecf5a37: GrpcService started, listening on 43077
2022-10-09 13:03:53,124 [EndpointStateMachine task thread for /0.0.0.0:38579 - 0 ] INFO  ratis.XceiverServerRatis (XceiverServerRatis.java:getRealPort(502)) - XceiverServerRatis 2db59515-9e3b-4889-b4e8-582beecf5a37 is started using port 43077 for RATIS
2022-10-09 13:03:53,124 [org.apache.ratis.util.JvmPauseMonitor$$Lambda$636/1153107596@6d2f6cc2] INFO  util.JvmPauseMonitor (JvmPauseMonitor.java:run(103)) - JvmPauseMonitor-2db59515-9e3b-4889-b4e8-582beecf5a37: Started
2022-10-09 13:03:53,124 [EndpointStateMachine task thread for /0.0.0.0:38579 - 0 ] INFO  ratis.XceiverServerRatis (XceiverServerRatis.java:getRealPort(502)) - XceiverServerRatis 2db59515-9e3b-4889-b4e8-582beecf5a37 is started using port 43077 for RATIS_ADMIN
2022-10-09 13:03:53,124 [EndpointStateMachine task thread for /0.0.0.0:38579 - 0 ] INFO  ratis.XceiverServerRatis (XceiverServerRatis.java:getRealPort(502)) - XceiverServerRatis 2db59515-9e3b-4889-b4e8-582beecf5a37 is started using port 43077 for RATIS_SERVER
2022-10-09 13:03:53,126 [EndpointStateMachine task thread for /0.0.0.0:38579 - 0 ] INFO  server.XceiverServerGrpc (XceiverServerGrpc.java:start(180)) - XceiverServerGrpc 2db59515-9e3b-4889-b4e8-582beecf5a37 is started using port 44769
2022-10-09 13:03:53,514 [Listener at 127.0.0.1/37457] INFO  ozone.MiniOzoneClusterImpl (MiniOzoneClusterImpl.java:lambda$waitForClusterToBeReady$0(216)) - Waiting for nodes to be ready. Got 0 of 5 DN Heartbeats.
2022-10-09 13:03:53,514 [Listener at 127.0.0.1/37457] INFO  ozone.MiniOzoneClusterImpl (MiniOzoneClusterImpl.java:lambda$waitForClusterToBeReady$0(219)) - Waiting for cluster to exit safe mode
2022-10-09 13:03:53,514 [Listener at 127.0.0.1/37457] INFO  ozone.MiniOzoneClusterImpl (MiniOzoneClusterImpl.java:lambda$waitForClusterToBeReady$0(221)) - SCM became leader
2022-10-09 13:03:53,555 [EndpointStateMachine task thread for /0.0.0.0:38579 - 0 ] INFO  volume.HddsVolume (HddsVolume.java:createDbStore(307)) - SchemaV3 db is created and loaded at /home/runner/work/ozone/ozone/hadoop-ozone/integration-test/target/test-dir/MiniOzoneClusterImpl-6b6317f5-37ef-4289-9029-d6045239d9e9/datanode-1/data-0/containers/hdds/6b6317f5-37ef-4289-9029-d6045239d9e9/DS-57bfd3c0-058e-4931-bc30-bb7aab1210b0/container.db for volume DS-57bfd3c0-058e-4931-bc30-bb7aab1210b0
2022-10-09 13:03:53,555 [EndpointStateMachine task thread for /0.0.0.0:38579 - 0 ] INFO  volume.HddsVolume (HddsVolume.java:closeDbStore(338)) - SchemaV3 db is stopped at /home/runner/work/ozone/ozone/hadoop-ozone/integration-test/target/test-dir/MiniOzoneClusterImpl-6b6317f5-37ef-4289-9029-d6045239d9e9/datanode-1/data-0/containers/hdds/6b6317f5-37ef-4289-9029-d6045239d9e9/DS-57bfd3c0-058e-4931-bc30-bb7aab1210b0/container.db for volume DS-57bfd3c0-058e-4931-bc30-bb7aab1210b0
2022-10-09 13:03:53,555 [EndpointStateMachine task thread for /0.0.0.0:38579 - 0 ] INFO  ozoneimpl.OzoneContainer (OzoneContainer.java:start(378)) - Attempting to start container services.
2022-10-09 13:03:53,556 [EndpointStateMachine task thread for /0.0.0.0:38579 - 0 ] INFO  ozoneimpl.OzoneContainer (OzoneContainer.java:startContainerScrub(313)) - Background container scanner has been disabled.
2022-10-09 13:03:53,557 [EndpointStateMachine task thread for /0.0.0.0:38579 - 0 ] INFO  replication.ReplicationServer (ReplicationServer.java:start(111)) - ReplicationServer is started using port 39267
2022-10-09 13:03:53,558 [EndpointStateMachine task thread for /0.0.0.0:38579 - 0 ] INFO  ratis.XceiverServerRatis (XceiverServerRatis.java:start(481)) - Starting XceiverServerRatis 35fd77c5-1f23-44b5-b15d-a7cf87b6731e
2022-10-09 13:03:53,559 [EndpointStateMachine task thread for /0.0.0.0:38579 - 0 ] INFO  server.RaftServer (RaftServerProxy.java:lambda$start$6(382)) - 35fd77c5-1f23-44b5-b15d-a7cf87b6731e: start RPC server
2022-10-09 13:03:53,565 [EndpointStateMachine task thread for /0.0.0.0:38579 - 0 ] INFO  server.GrpcService (GrpcService.java:startImpl(260)) - 35fd77c5-1f23-44b5-b15d-a7cf87b6731e: GrpcService started, listening on 41389
2022-10-09 13:03:53,565 [EndpointStateMachine task thread for /0.0.0.0:38579 - 0 ] INFO  ratis.XceiverServerRatis (XceiverServerRatis.java:getRealPort(502)) - XceiverServerRatis 35fd77c5-1f23-44b5-b15d-a7cf87b6731e is started using port 41389 for RATIS
2022-10-09 13:03:53,565 [EndpointStateMachine task thread for /0.0.0.0:38579 - 0 ] INFO  ratis.XceiverServerRatis (XceiverServerRatis.java:getRealPort(502)) - XceiverServerRatis 35fd77c5-1f23-44b5-b15d-a7cf87b6731e is started using port 41389 for RATIS_ADMIN
2022-10-09 13:03:53,565 [EndpointStateMachine task thread for /0.0.0.0:38579 - 0 ] INFO  ratis.XceiverServerRatis (XceiverServerRatis.java:getRealPort(502)) - XceiverServerRatis 35fd77c5-1f23-44b5-b15d-a7cf87b6731e is started using port 41389 for RATIS_SERVER
2022-10-09 13:03:53,565 [org.apache.ratis.util.JvmPauseMonitor$$Lambda$636/1153107596@27c6bec6] INFO  util.JvmPauseMonitor (JvmPauseMonitor.java:run(103)) - JvmPauseMonitor-35fd77c5-1f23-44b5-b15d-a7cf87b6731e: Started
2022-10-09 13:03:53,567 [EndpointStateMachine task thread for /0.0.0.0:38579 - 0 ] INFO  server.XceiverServerGrpc (XceiverServerGrpc.java:start(180)) - XceiverServerGrpc 35fd77c5-1f23-44b5-b15d-a7cf87b6731e is started using port 43509
2022-10-09 13:03:53,875 [EndpointStateMachine task thread for /0.0.0.0:38579 - 0 ] INFO  volume.HddsVolume (HddsVolume.java:createDbStore(307)) - SchemaV3 db is created and loaded at /home/runner/work/ozone/ozone/hadoop-ozone/integration-test/target/test-dir/MiniOzoneClusterImpl-6b6317f5-37ef-4289-9029-d6045239d9e9/datanode-2/data-0/containers/hdds/6b6317f5-37ef-4289-9029-d6045239d9e9/DS-f4e3e5b8-a7af-4542-a53a-d044aa2dee89/container.db for volume DS-f4e3e5b8-a7af-4542-a53a-d044aa2dee89
2022-10-09 13:03:53,876 [EndpointStateMachine task thread for /0.0.0.0:38579 - 0 ] INFO  volume.HddsVolume (HddsVolume.java:closeDbStore(338)) - SchemaV3 db is stopped at /home/runner/work/ozone/ozone/hadoop-ozone/integration-test/target/test-dir/MiniOzoneClusterImpl-6b6317f5-37ef-4289-9029-d6045239d9e9/datanode-2/data-0/containers/hdds/6b6317f5-37ef-4289-9029-d6045239d9e9/DS-f4e3e5b8-a7af-4542-a53a-d044aa2dee89/container.db for volume DS-f4e3e5b8-a7af-4542-a53a-d044aa2dee89
2022-10-09 13:03:53,876 [EndpointStateMachine task thread for /0.0.0.0:38579 - 0 ] INFO  ozoneimpl.OzoneContainer (OzoneContainer.java:start(378)) - Attempting to start container services.
2022-10-09 13:03:53,876 [EndpointStateMachine task thread for /0.0.0.0:38579 - 0 ] INFO  ozoneimpl.OzoneContainer (OzoneContainer.java:startContainerScrub(313)) - Background container scanner has been disabled.
2022-10-09 13:03:53,883 [EndpointStateMachine task thread for /0.0.0.0:38579 - 0 ] INFO  replication.ReplicationServer (ReplicationServer.java:start(111)) - ReplicationServer is started using port 35525
2022-10-09 13:03:53,884 [EndpointStateMachine task thread for /0.0.0.0:38579 - 0 ] INFO  ratis.XceiverServerRatis (XceiverServerRatis.java:start(481)) - Starting XceiverServerRatis b3799363-510b-4b0d-b719-e4308f1034ba
2022-10-09 13:03:53,884 [EndpointStateMachine task thread for /0.0.0.0:38579 - 0 ] INFO  server.RaftServer (RaftServerProxy.java:lambda$start$6(382)) - b3799363-510b-4b0d-b719-e4308f1034ba: start RPC server
2022-10-09 13:03:53,886 [EndpointStateMachine task thread for /0.0.0.0:38579 - 0 ] INFO  server.GrpcService (GrpcService.java:startImpl(260)) - b3799363-510b-4b0d-b719-e4308f1034ba: GrpcService started, listening on 41135
2022-10-09 13:03:53,886 [EndpointStateMachine task thread for /0.0.0.0:38579 - 0 ] INFO  ratis.XceiverServerRatis (XceiverServerRatis.java:getRealPort(502)) - XceiverServerRatis b3799363-510b-4b0d-b719-e4308f1034ba is started using port 41135 for RATIS
2022-10-09 13:03:53,886 [org.apache.ratis.util.JvmPauseMonitor$$Lambda$636/1153107596@125e012e] INFO  util.JvmPauseMonitor (JvmPauseMonitor.java:run(103)) - JvmPauseMonitor-b3799363-510b-4b0d-b719-e4308f1034ba: Started
2022-10-09 13:03:53,886 [EndpointStateMachine task thread for /0.0.0.0:38579 - 0 ] INFO  ratis.XceiverServerRatis (XceiverServerRatis.java:getRealPort(502)) - XceiverServerRatis b3799363-510b-4b0d-b719-e4308f1034ba is started using port 41135 for RATIS_ADMIN
2022-10-09 13:03:53,888 [EndpointStateMachine task thread for /0.0.0.0:38579 - 0 ] INFO  ratis.XceiverServerRatis (XceiverServerRatis.java:getRealPort(502)) - XceiverServerRatis b3799363-510b-4b0d-b719-e4308f1034ba is started using port 41135 for RATIS_SERVER
2022-10-09 13:03:53,891 [EndpointStateMachine task thread for /0.0.0.0:38579 - 0 ] INFO  server.XceiverServerGrpc (XceiverServerGrpc.java:start(180)) - XceiverServerGrpc b3799363-510b-4b0d-b719-e4308f1034ba is started using port 38609
2022-10-09 13:03:54,236 [EndpointStateMachine task thread for /0.0.0.0:38579 - 0 ] INFO  volume.HddsVolume (HddsVolume.java:createDbStore(307)) - SchemaV3 db is created and loaded at /home/runner/work/ozone/ozone/hadoop-ozone/integration-test/target/test-dir/MiniOzoneClusterImpl-6b6317f5-37ef-4289-9029-d6045239d9e9/datanode-3/data-0/containers/hdds/6b6317f5-37ef-4289-9029-d6045239d9e9/DS-d1cf29bc-5244-4237-b59a-acb3053b3a6e/container.db for volume DS-d1cf29bc-5244-4237-b59a-acb3053b3a6e
2022-10-09 13:03:54,237 [EndpointStateMachine task thread for /0.0.0.0:38579 - 0 ] INFO  volume.HddsVolume (HddsVolume.java:closeDbStore(338)) - SchemaV3 db is stopped at /home/runner/work/ozone/ozone/hadoop-ozone/integration-test/target/test-dir/MiniOzoneClusterImpl-6b6317f5-37ef-4289-9029-d6045239d9e9/datanode-3/data-0/containers/hdds/6b6317f5-37ef-4289-9029-d6045239d9e9/DS-d1cf29bc-5244-4237-b59a-acb3053b3a6e/container.db for volume DS-d1cf29bc-5244-4237-b59a-acb3053b3a6e
2022-10-09 13:03:54,237 [EndpointStateMachine task thread for /0.0.0.0:38579 - 0 ] INFO  ozoneimpl.OzoneContainer (OzoneContainer.java:start(378)) - Attempting to start container services.
2022-10-09 13:03:54,237 [EndpointStateMachine task thread for /0.0.0.0:38579 - 0 ] INFO  ozoneimpl.OzoneContainer (OzoneContainer.java:startContainerScrub(313)) - Background container scanner has been disabled.
2022-10-09 13:03:54,239 [EndpointStateMachine task thread for /0.0.0.0:38579 - 0 ] INFO  replication.ReplicationServer (ReplicationServer.java:start(111)) - ReplicationServer is started using port 33479
2022-10-09 13:03:54,240 [EndpointStateMachine task thread for /0.0.0.0:38579 - 0 ] INFO  ratis.XceiverServerRatis (XceiverServerRatis.java:start(481)) - Starting XceiverServerRatis 1b6ed2ab-cf30-442c-a8fc-fc354f6c4d2f
2022-10-09 13:03:54,243 [EndpointStateMachine task thread for /0.0.0.0:38579 - 0 ] INFO  server.RaftServer (RaftServerProxy.java:lambda$start$6(382)) - 1b6ed2ab-cf30-442c-a8fc-fc354f6c4d2f: start RPC server
2022-10-09 13:03:54,244 [EndpointStateMachine task thread for /0.0.0.0:38579 - 0 ] INFO  server.GrpcService (GrpcService.java:startImpl(260)) - 1b6ed2ab-cf30-442c-a8fc-fc354f6c4d2f: GrpcService started, listening on 41789
2022-10-09 13:03:54,244 [EndpointStateMachine task thread for /0.0.0.0:38579 - 0 ] INFO  ratis.XceiverServerRatis (XceiverServerRatis.java:getRealPort(502)) - XceiverServerRatis 1b6ed2ab-cf30-442c-a8fc-fc354f6c4d2f is started using port 41789 for RATIS
2022-10-09 13:03:54,245 [EndpointStateMachine task thread for /0.0.0.0:38579 - 0 ] INFO  ratis.XceiverServerRatis (XceiverServerRatis.java:getRealPort(502)) - XceiverServerRatis 1b6ed2ab-cf30-442c-a8fc-fc354f6c4d2f is started using port 41789 for RATIS_ADMIN
2022-10-09 13:03:54,245 [EndpointStateMachine task thread for /0.0.0.0:38579 - 0 ] INFO  ratis.XceiverServerRatis (XceiverServerRatis.java:getRealPort(502)) - XceiverServerRatis 1b6ed2ab-cf30-442c-a8fc-fc354f6c4d2f is started using port 41789 for RATIS_SERVER
2022-10-09 13:03:54,250 [org.apache.ratis.util.JvmPauseMonitor$$Lambda$636/1153107596@4f7a9cf3] INFO  util.JvmPauseMonitor (JvmPauseMonitor.java:run(103)) - JvmPauseMonitor-1b6ed2ab-cf30-442c-a8fc-fc354f6c4d2f: Started
2022-10-09 13:03:54,255 [EndpointStateMachine task thread for /0.0.0.0:38579 - 0 ] INFO  server.XceiverServerGrpc (XceiverServerGrpc.java:start(180)) - XceiverServerGrpc 1b6ed2ab-cf30-442c-a8fc-fc354f6c4d2f is started using port 40861
2022-10-09 13:03:54,515 [Listener at 127.0.0.1/37457] INFO  ozone.MiniOzoneClusterImpl (MiniOzoneClusterImpl.java:lambda$waitForClusterToBeReady$0(216)) - Waiting for nodes to be ready. Got 0 of 5 DN Heartbeats.
2022-10-09 13:03:54,515 [Listener at 127.0.0.1/37457] INFO  ozone.MiniOzoneClusterImpl (MiniOzoneClusterImpl.java:lambda$waitForClusterToBeReady$0(219)) - Waiting for cluster to exit safe mode
2022-10-09 13:03:54,515 [Listener at 127.0.0.1/37457] INFO  ozone.MiniOzoneClusterImpl (MiniOzoneClusterImpl.java:lambda$waitForClusterToBeReady$0(221)) - SCM became leader
2022-10-09 13:03:54,557 [EndpointStateMachine task thread for /0.0.0.0:38579 - 0 ] INFO  volume.HddsVolume (HddsVolume.java:createDbStore(307)) - SchemaV3 db is created and loaded at /home/runner/work/ozone/ozone/hadoop-ozone/integration-test/target/test-dir/MiniOzoneClusterImpl-6b6317f5-37ef-4289-9029-d6045239d9e9/datanode-4/data-0/containers/hdds/6b6317f5-37ef-4289-9029-d6045239d9e9/DS-66d90f95-205e-4440-b93d-160d067f312c/container.db for volume DS-66d90f95-205e-4440-b93d-160d067f312c
2022-10-09 13:03:54,557 [EndpointStateMachine task thread for /0.0.0.0:38579 - 0 ] INFO  volume.HddsVolume (HddsVolume.java:closeDbStore(338)) - SchemaV3 db is stopped at /home/runner/work/ozone/ozone/hadoop-ozone/integration-test/target/test-dir/MiniOzoneClusterImpl-6b6317f5-37ef-4289-9029-d6045239d9e9/datanode-4/data-0/containers/hdds/6b6317f5-37ef-4289-9029-d6045239d9e9/DS-66d90f95-205e-4440-b93d-160d067f312c/container.db for volume DS-66d90f95-205e-4440-b93d-160d067f312c
2022-10-09 13:03:54,557 [EndpointStateMachine task thread for /0.0.0.0:38579 - 0 ] INFO  ozoneimpl.OzoneContainer (OzoneContainer.java:start(378)) - Attempting to start container services.
2022-10-09 13:03:54,558 [EndpointStateMachine task thread for /0.0.0.0:38579 - 0 ] INFO  ozoneimpl.OzoneContainer (OzoneContainer.java:startContainerScrub(313)) - Background container scanner has been disabled.
2022-10-09 13:03:54,561 [EndpointStateMachine task thread for /0.0.0.0:38579 - 0 ] INFO  replication.ReplicationServer (ReplicationServer.java:start(111)) - ReplicationServer is started using port 36845
2022-10-09 13:03:54,561 [EndpointStateMachine task thread for /0.0.0.0:38579 - 0 ] INFO  ratis.XceiverServerRatis (XceiverServerRatis.java:start(481)) - Starting XceiverServerRatis e5f66691-da51-4e4f-9357-5009f52741ee
2022-10-09 13:03:54,562 [EndpointStateMachine task thread for /0.0.0.0:38579 - 0 ] INFO  server.RaftServer (RaftServerProxy.java:lambda$start$6(382)) - e5f66691-da51-4e4f-9357-5009f52741ee: start RPC server
2022-10-09 13:03:54,565 [EndpointStateMachine task thread for /0.0.0.0:38579 - 0 ] INFO  server.GrpcService (GrpcService.java:startImpl(260)) - e5f66691-da51-4e4f-9357-5009f52741ee: GrpcService started, listening on 46869
2022-10-09 13:03:54,565 [EndpointStateMachine task thread for /0.0.0.0:38579 - 0 ] INFO  ratis.XceiverServerRatis (XceiverServerRatis.java:getRealPort(502)) - XceiverServerRatis e5f66691-da51-4e4f-9357-5009f52741ee is started using port 46869 for RATIS
2022-10-09 13:03:54,565 [org.apache.ratis.util.JvmPauseMonitor$$Lambda$636/1153107596@108d4478] INFO  util.JvmPauseMonitor (JvmPauseMonitor.java:run(103)) - JvmPauseMonitor-e5f66691-da51-4e4f-9357-5009f52741ee: Started
2022-10-09 13:03:54,565 [EndpointStateMachine task thread for /0.0.0.0:38579 - 0 ] INFO  ratis.XceiverServerRatis (XceiverServerRatis.java:getRealPort(502)) - XceiverServerRatis e5f66691-da51-4e4f-9357-5009f52741ee is started using port 46869 for RATIS_ADMIN
2022-10-09 13:03:54,565 [EndpointStateMachine task thread for /0.0.0.0:38579 - 0 ] INFO  ratis.XceiverServerRatis (XceiverServerRatis.java:getRealPort(502)) - XceiverServerRatis e5f66691-da51-4e4f-9357-5009f52741ee is started using port 46869 for RATIS_SERVER
2022-10-09 13:03:54,567 [EndpointStateMachine task thread for /0.0.0.0:38579 - 0 ] INFO  server.XceiverServerGrpc (XceiverServerGrpc.java:start(180)) - XceiverServerGrpc e5f66691-da51-4e4f-9357-5009f52741ee is started using port 39337
2022-10-09 13:03:55,032 [IPC Server handler 0 on default port 38579] INFO  net.NetworkTopologyImpl (NetworkTopologyImpl.java:add(112)) - Added a new node: /default-rack/2db59515-9e3b-4889-b4e8-582beecf5a37
2022-10-09 13:03:55,034 [IPC Server handler 0 on default port 38579] INFO  node.SCMNodeManager (SCMNodeManager.java:register(397)) - Registered Data node : 2db59515-9e3b-4889-b4e8-582beecf5a37{ip: 10.1.0.209, host: fv-az212-628.zlodpucb4l4udavnfxg5s20dva.cx.internal.cloudapp.net, ports: [REPLICATION=34601, RATIS=43077, RATIS_ADMIN=43077, RATIS_SERVER=43077, STANDALONE=44769], networkLocation: /default-rack, certSerialId: null, persistedOpState: null, persistedOpStateExpiryEpochSec: 0}
2022-10-09 13:03:55,037 [EventQueue-NewNodeForNewNodeHandler] INFO  pipeline.BackgroundPipelineCreator (BackgroundPipelineCreator.java:notifyEventTriggered(276)) - trigger a one-shot run on RatisPipelineUtilsThread.
2022-10-09 13:03:55,038 [EventQueue-NodeRegistrationContainerReportForContainerSafeModeRule] INFO  safemode.SCMSafeModeManager (SCMSafeModeManager.java:validateSafeModeExitRules(204)) - ContainerSafeModeRule rule is successfully validated
2022-10-09 13:03:55,038 [EventQueue-NodeRegistrationContainerReportForDataNodeSafeModeRule] INFO  safemode.SCMSafeModeManager (DataNodeSafeModeRule.java:process(71)) - SCM in safe mode. 1 DataNodes registered, 3 required.
2022-10-09 13:03:55,042 [EventQueue-PipelineReportForOneReplicaPipelineSafeModeRule] INFO  safemode.SCMSafeModeManager (SCMSafeModeManager.java:validateSafeModeExitRules(204)) - AtleastOneDatanodeReportedRule rule is successfully validated
2022-10-09 13:03:55,044 [RatisPipelineUtilsThread - 0] INFO  pipeline.RatisPipelineProvider (RatisPipelineProvider.java:lambda$create$0(195)) - Sending CreatePipelineCommand for pipeline:PipelineID=2a46c7ac-7320-4d26-8170-57b89b3a680d to datanode:2db59515-9e3b-4889-b4e8-582beecf5a37
2022-10-09 13:03:55,055 [RatisPipelineUtilsThread - 0] INFO  pipeline.PipelineStateManagerImpl (PipelineStateManagerImpl.java:addPipeline(103)) - Created pipeline Pipeline[ Id: 2a46c7ac-7320-4d26-8170-57b89b3a680d, Nodes: 2db59515-9e3b-4889-b4e8-582beecf5a37{ip: 10.1.0.209, host: fv-az212-628.zlodpucb4l4udavnfxg5s20dva.cx.internal.cloudapp.net, ports: [REPLICATION=34601, RATIS=43077, RATIS_ADMIN=43077, RATIS_SERVER=43077, STANDALONE=44769], networkLocation: /default-rack, certSerialId: null, persistedOpState: IN_SERVICE, persistedOpStateExpiryEpochSec: 0}, ReplicationConfig: RATIS/ONE, State:ALLOCATED, leaderId:, CreationTimestamp2022-10-09T13:03:55.043Z[Etc/UTC]].
2022-10-09 13:03:55,515 [Listener at 127.0.0.1/37457] INFO  ozone.MiniOzoneClusterImpl (MiniOzoneClusterImpl.java:lambda$waitForClusterToBeReady$0(216)) - Waiting for nodes to be ready. Got 1 of 5 DN Heartbeats.
2022-10-09 13:03:55,516 [Listener at 127.0.0.1/37457] INFO  ozone.MiniOzoneClusterImpl (MiniOzoneClusterImpl.java:lambda$waitForClusterToBeReady$0(219)) - Waiting for cluster to exit safe mode
2022-10-09 13:03:55,516 [Listener at 127.0.0.1/37457] INFO  ozone.MiniOzoneClusterImpl (MiniOzoneClusterImpl.java:lambda$waitForClusterToBeReady$0(221)) - SCM became leader
2022-10-09 13:03:55,523 [IPC Server handler 6 on default port 38579] INFO  net.NetworkTopologyImpl (NetworkTopologyImpl.java:add(112)) - Added a new node: /default-rack/35fd77c5-1f23-44b5-b15d-a7cf87b6731e
2022-10-09 13:03:55,524 [IPC Server handler 6 on default port 38579] INFO  node.SCMNodeManager (SCMNodeManager.java:register(397)) - Registered Data node : 35fd77c5-1f23-44b5-b15d-a7cf87b6731e{ip: 10.1.0.209, host: fv-az212-628.zlodpucb4l4udavnfxg5s20dva.cx.internal.cloudapp.net, ports: [REPLICATION=39267, RATIS=41389, RATIS_ADMIN=41389, RATIS_SERVER=41389, STANDALONE=43509], networkLocation: /default-rack, certSerialId: null, persistedOpState: null, persistedOpStateExpiryEpochSec: 0}
2022-10-09 13:03:55,525 [EventQueue-NewNodeForNewNodeHandler] INFO  pipeline.BackgroundPipelineCreator (BackgroundPipelineCreator.java:notifyEventTriggered(276)) - trigger a one-shot run on RatisPipelineUtilsThread.
2022-10-09 13:03:55,525 [EventQueue-NodeRegistrationContainerReportForDataNodeSafeModeRule] INFO  safemode.SCMSafeModeManager (DataNodeSafeModeRule.java:process(71)) - SCM in safe mode. 2 DataNodes registered, 3 required.
2022-10-09 13:03:55,527 [RatisPipelineUtilsThread - 0] INFO  pipeline.RatisPipelineProvider (RatisPipelineProvider.java:lambda$create$0(195)) - Sending CreatePipelineCommand for pipeline:PipelineID=547be9a3-4fcf-4668-a46b-538029f9402f to datanode:35fd77c5-1f23-44b5-b15d-a7cf87b6731e
2022-10-09 13:03:55,528 [RatisPipelineUtilsThread - 0] INFO  pipeline.PipelineStateManagerImpl (PipelineStateManagerImpl.java:addPipeline(103)) - Created pipeline Pipeline[ Id: 547be9a3-4fcf-4668-a46b-538029f9402f, Nodes: 35fd77c5-1f23-44b5-b15d-a7cf87b6731e{ip: 10.1.0.209, host: fv-az212-628.zlodpucb4l4udavnfxg5s20dva.cx.internal.cloudapp.net, ports: [REPLICATION=39267, RATIS=41389, RATIS_ADMIN=41389, RATIS_SERVER=41389, STANDALONE=43509], networkLocation: /default-rack, certSerialId: null, persistedOpState: IN_SERVICE, persistedOpStateExpiryEpochSec: 0}, ReplicationConfig: RATIS/ONE, State:ALLOCATED, leaderId:, CreationTimestamp2022-10-09T13:03:55.527Z[Etc/UTC]].
2022-10-09 13:03:55,845 [IPC Server handler 1 on default port 38579] INFO  net.NetworkTopologyImpl (NetworkTopologyImpl.java:add(112)) - Added a new node: /default-rack/b3799363-510b-4b0d-b719-e4308f1034ba
2022-10-09 13:03:55,845 [IPC Server handler 1 on default port 38579] INFO  node.SCMNodeManager (SCMNodeManager.java:register(397)) - Registered Data node : b3799363-510b-4b0d-b719-e4308f1034ba{ip: 10.1.0.209, host: fv-az212-628.zlodpucb4l4udavnfxg5s20dva.cx.internal.cloudapp.net, ports: [REPLICATION=35525, RATIS=41135, RATIS_ADMIN=41135, RATIS_SERVER=41135, STANDALONE=38609], networkLocation: /default-rack, certSerialId: null, persistedOpState: null, persistedOpStateExpiryEpochSec: 0}
2022-10-09 13:03:55,845 [EventQueue-NewNodeForNewNodeHandler] INFO  pipeline.BackgroundPipelineCreator (BackgroundPipelineCreator.java:notifyEventTriggered(276)) - trigger a one-shot run on RatisPipelineUtilsThread.
2022-10-09 13:03:55,846 [EventQueue-NodeRegistrationContainerReportForDataNodeSafeModeRule] INFO  safemode.SCMSafeModeManager (DataNodeSafeModeRule.java:process(71)) - SCM in safe mode. 3 DataNodes registered, 3 required.
2022-10-09 13:03:55,847 [EventQueue-NodeRegistrationContainerReportForDataNodeSafeModeRule] INFO  safemode.SCMSafeModeManager (SCMSafeModeManager.java:validateSafeModeExitRules(204)) - DataNodeSafeModeRule rule is successfully validated
2022-10-09 13:03:55,847 [EventQueue-NodeRegistrationContainerReportForDataNodeSafeModeRule] INFO  safemode.SCMSafeModeManager (SCMSafeModeManager.java:completePreCheck(233)) - All SCM safe mode pre check rules have passed
2022-10-09 13:03:55,847 [EventQueue-NodeRegistrationContainerReportForDataNodeSafeModeRule] WARN  events.EventQueue (EventQueue.java:fireEvent(216)) - No event handler registered for event TypedEvent{payloadType=SafeModeStatus, name='Safe mode status'}
2022-10-09 13:03:55,847 [EventQueue-NodeRegistrationContainerReportForDataNodeSafeModeRule] INFO  ha.SCMContext (SCMContext.java:updateSafeModeStatus(228)) - Update SafeModeStatus from SafeModeStatus{safeModeStatus=true, preCheckPassed=false} to SafeModeStatus{safeModeStatus=true, preCheckPassed=true}.
2022-10-09 13:03:55,847 [EventQueue-NodeRegistrationContainerReportForDataNodeSafeModeRule] INFO  pipeline.BackgroundPipelineCreator (BackgroundPipelineCreator.java:notifyEventTriggered(276)) - trigger a one-shot run on RatisPipelineUtilsThread.
2022-10-09 13:03:55,848 [RatisPipelineUtilsThread - 0] INFO  pipeline.RatisPipelineProvider (RatisPipelineProvider.java:lambda$create$0(195)) - Sending CreatePipelineCommand for pipeline:PipelineID=7b98a25b-600c-4d9e-a35b-63f2606e9a22 to datanode:b3799363-510b-4b0d-b719-e4308f1034ba
2022-10-09 13:03:55,849 [RatisPipelineUtilsThread - 0] INFO  pipeline.PipelineStateManagerImpl (PipelineStateManagerImpl.java:addPipeline(103)) - Created pipeline Pipeline[ Id: 7b98a25b-600c-4d9e-a35b-63f2606e9a22, Nodes: b3799363-510b-4b0d-b719-e4308f1034ba{ip: 10.1.0.209, host: fv-az212-628.zlodpucb4l4udavnfxg5s20dva.cx.internal.cloudapp.net, ports: [REPLICATION=35525, RATIS=41135, RATIS_ADMIN=41135, RATIS_SERVER=41135, STANDALONE=38609], networkLocation: /default-rack, certSerialId: null, persistedOpState: IN_SERVICE, persistedOpStateExpiryEpochSec: 0}, ReplicationConfig: RATIS/ONE, State:ALLOCATED, leaderId:, CreationTimestamp2022-10-09T13:03:55.848Z[Etc/UTC]].
2022-10-09 13:03:55,852 [RatisPipelineUtilsThread - 0] INFO  pipeline.RatisPipelineProvider (RatisPipelineProvider.java:lambda$create$0(195)) - Sending CreatePipelineCommand for pipeline:PipelineID=231a8a19-f884-4bf7-9930-86bb596b74d6 to datanode:35fd77c5-1f23-44b5-b15d-a7cf87b6731e
2022-10-09 13:03:55,852 [RatisPipelineUtilsThread - 0] INFO  pipeline.RatisPipelineProvider (RatisPipelineProvider.java:lambda$create$0(195)) - Sending CreatePipelineCommand for pipeline:PipelineID=231a8a19-f884-4bf7-9930-86bb596b74d6 to datanode:b3799363-510b-4b0d-b719-e4308f1034ba
2022-10-09 13:03:55,852 [RatisPipelineUtilsThread - 0] INFO  pipeline.RatisPipelineProvider (RatisPipelineProvider.java:lambda$create$0(195)) - Sending CreatePipelineCommand for pipeline:PipelineID=231a8a19-f884-4bf7-9930-86bb596b74d6 to datanode:2db59515-9e3b-4889-b4e8-582beecf5a37
2022-10-09 13:03:55,853 [RatisPipelineUtilsThread - 0] INFO  pipeline.PipelineStateManagerImpl (PipelineStateManagerImpl.java:addPipeline(103)) - Created pipeline Pipeline[ Id: 231a8a19-f884-4bf7-9930-86bb596b74d6, Nodes: 35fd77c5-1f23-44b5-b15d-a7cf87b6731e{ip: 10.1.0.209, host: fv-az212-628.zlodpucb4l4udavnfxg5s20dva.cx.internal.cloudapp.net, ports: [REPLICATION=39267, RATIS=41389, RATIS_ADMIN=41389, RATIS_SERVER=41389, STANDALONE=43509], networkLocation: /default-rack, certSerialId: null, persistedOpState: IN_SERVICE, persistedOpStateExpiryEpochSec: 0}b3799363-510b-4b0d-b719-e4308f1034ba{ip: 10.1.0.209, host: fv-az212-628.zlodpucb4l4udavnfxg5s20dva.cx.internal.cloudapp.net, ports: [REPLICATION=35525, RATIS=41135, RATIS_ADMIN=41135, RATIS_SERVER=41135, STANDALONE=38609], networkLocation: /default-rack, certSerialId: null, persistedOpState: IN_SERVICE, persistedOpStateExpiryEpochSec: 0}2db59515-9e3b-4889-b4e8-582beecf5a37{ip: 10.1.0.209, host: fv-az212-628.zlodpucb4l4udavnfxg5s20dva.cx.internal.cloudapp.net, ports: [REPLICATION=34601, RATIS=43077, RATIS_ADMIN=43077, RATIS_SERVER=43077, STANDALONE=44769], networkLocation: /default-rack, certSerialId: null, persistedOpState: IN_SERVICE, persistedOpStateExpiryEpochSec: 0}, ReplicationConfig: RATIS/THREE, State:ALLOCATED, leaderId:, CreationTimestamp2022-10-09T13:03:55.852Z[Etc/UTC]].
2022-10-09 13:03:55,855 [RatisPipelineUtilsThread - 0] INFO  pipeline.RatisPipelineProvider (RatisPipelineProvider.java:lambda$create$0(195)) - Sending CreatePipelineCommand for pipeline:PipelineID=b9e13c73-24e8-4f98-abb1-aa03175ed787 to datanode:35fd77c5-1f23-44b5-b15d-a7cf87b6731e
2022-10-09 13:03:55,855 [RatisPipelineUtilsThread - 0] INFO  pipeline.RatisPipelineProvider (RatisPipelineProvider.java:lambda$create$0(195)) - Sending CreatePipelineCommand for pipeline:PipelineID=b9e13c73-24e8-4f98-abb1-aa03175ed787 to datanode:b3799363-510b-4b0d-b719-e4308f1034ba
2022-10-09 13:03:55,855 [RatisPipelineUtilsThread - 0] INFO  pipeline.RatisPipelineProvider (RatisPipelineProvider.java:lambda$create$0(195)) - Sending CreatePipelineCommand for pipeline:PipelineID=b9e13c73-24e8-4f98-abb1-aa03175ed787 to datanode:2db59515-9e3b-4889-b4e8-582beecf5a37
2022-10-09 13:03:55,856 [RatisPipelineUtilsThread - 0] INFO  pipeline.PipelineStateManagerImpl (PipelineStateManagerImpl.java:addPipeline(103)) - Created pipeline Pipeline[ Id: b9e13c73-24e8-4f98-abb1-aa03175ed787, Nodes: 35fd77c5-1f23-44b5-b15d-a7cf87b6731e{ip: 10.1.0.209, host: fv-az212-628.zlodpucb4l4udavnfxg5s20dva.cx.internal.cloudapp.net, ports: [REPLICATION=39267, RATIS=41389, RATIS_ADMIN=41389, RATIS_SERVER=41389, STANDALONE=43509], networkLocation: /default-rack, certSerialId: null, persistedOpState: IN_SERVICE, persistedOpStateExpiryEpochSec: 0}b3799363-510b-4b0d-b719-e4308f1034ba{ip: 10.1.0.209, host: fv-az212-628.zlodpucb4l4udavnfxg5s20dva.cx.internal.cloudapp.net, ports: [REPLICATION=35525, RATIS=41135, RATIS_ADMIN=41135, RATIS_SERVER=41135, STANDALONE=38609], networkLocation: /default-rack, certSerialId: null, persistedOpState: IN_SERVICE, persistedOpStateExpiryEpochSec: 0}2db59515-9e3b-4889-b4e8-582beecf5a37{ip: 10.1.0.209, host: fv-az212-628.zlodpucb4l4udavnfxg5s20dva.cx.internal.cloudapp.net, ports: [REPLICATION=34601, RATIS=43077, RATIS_ADMIN=43077, RATIS_SERVER=43077, STANDALONE=44769], networkLocation: /default-rack, certSerialId: null, persistedOpState: IN_SERVICE, persistedOpStateExpiryEpochSec: 0}, ReplicationConfig: RATIS/THREE, State:ALLOCATED, leaderId:, CreationTimestamp2022-10-09T13:03:55.855Z[Etc/UTC]].
2022-10-09 13:03:55,856 [RatisPipelineUtilsThread - 0] INFO  pipeline.PipelineManagerImpl (PipelineManagerImpl.java:recordMetricsForPipeline(796)) - Pipeline: PipelineID=b9e13c73-24e8-4f98-abb1-aa03175ed787 contains same datanodes as previous pipelines: PipelineID=231a8a19-f884-4bf7-9930-86bb596b74d6 nodeIds: 35fd77c5-1f23-44b5-b15d-a7cf87b6731e, b3799363-510b-4b0d-b719-e4308f1034ba, 2db59515-9e3b-4889-b4e8-582beecf5a37
2022-10-09 13:03:56,207 [IPC Server handler 6 on default port 38579] INFO  net.NetworkTopologyImpl (NetworkTopologyImpl.java:add(112)) - Added a new node: /default-rack/1b6ed2ab-cf30-442c-a8fc-fc354f6c4d2f
2022-10-09 13:03:56,208 [IPC Server handler 6 on default port 38579] INFO  node.SCMNodeManager (SCMNodeManager.java:register(397)) - Registered Data node : 1b6ed2ab-cf30-442c-a8fc-fc354f6c4d2f{ip: 10.1.0.209, host: fv-az212-628.zlodpucb4l4udavnfxg5s20dva.cx.internal.cloudapp.net, ports: [REPLICATION=33479, RATIS=41789, RATIS_ADMIN=41789, RATIS_SERVER=41789, STANDALONE=40861], networkLocation: /default-rack, certSerialId: null, persistedOpState: null, persistedOpStateExpiryEpochSec: 0}
2022-10-09 13:03:56,209 [EventQueue-NewNodeForNewNodeHandler] INFO  pipeline.BackgroundPipelineCreator (BackgroundPipelineCreator.java:notifyEventTriggered(276)) - trigger a one-shot run on RatisPipelineUtilsThread.
2022-10-09 13:03:56,210 [RatisPipelineUtilsThread - 0] INFO  pipeline.RatisPipelineProvider (RatisPipelineProvider.java:lambda$create$0(195)) - Sending CreatePipelineCommand for pipeline:PipelineID=a6f12d9b-10d4-47fc-90a7-65bc4b004eed to datanode:1b6ed2ab-cf30-442c-a8fc-fc354f6c4d2f
2022-10-09 13:03:56,210 [RatisPipelineUtilsThread - 0] INFO  pipeline.PipelineStateManagerImpl (PipelineStateManagerImpl.java:addPipeline(103)) - Created pipeline Pipeline[ Id: a6f12d9b-10d4-47fc-90a7-65bc4b004eed, Nodes: 1b6ed2ab-cf30-442c-a8fc-fc354f6c4d2f{ip: 10.1.0.209, host: fv-az212-628.zlodpucb4l4udavnfxg5s20dva.cx.internal.cloudapp.net, ports: [REPLICATION=33479, RATIS=41789, RATIS_ADMIN=41789, RATIS_SERVER=41789, STANDALONE=40861], networkLocation: /default-rack, certSerialId: null, persistedOpState: IN_SERVICE, persistedOpStateExpiryEpochSec: 0}, ReplicationConfig: RATIS/ONE, State:ALLOCATED, leaderId:, CreationTimestamp2022-10-09T13:03:56.209Z[Etc/UTC]].
2022-10-09 13:03:56,516 [Listener at 127.0.0.1/37457] INFO  ozone.MiniOzoneClusterImpl (MiniOzoneClusterImpl.java:lambda$waitForClusterToBeReady$0(216)) - Waiting for nodes to be ready. Got 4 of 5 DN Heartbeats.
2022-10-09 13:03:56,517 [Listener at 127.0.0.1/37457] INFO  ozone.MiniOzoneClusterImpl (MiniOzoneClusterImpl.java:lambda$waitForClusterToBeReady$0(219)) - Waiting for cluster to exit safe mode
2022-10-09 13:03:56,517 [Listener at 127.0.0.1/37457] INFO  ozone.MiniOzoneClusterImpl (MiniOzoneClusterImpl.java:lambda$waitForClusterToBeReady$0(221)) - SCM became leader
2022-10-09 13:03:56,526 [IPC Server handler 3 on default port 38579] INFO  net.NetworkTopologyImpl (NetworkTopologyImpl.java:add(112)) - Added a new node: /default-rack/e5f66691-da51-4e4f-9357-5009f52741ee
2022-10-09 13:03:56,527 [IPC Server handler 3 on default port 38579] INFO  node.SCMNodeManager (SCMNodeManager.java:register(397)) - Registered Data node : e5f66691-da51-4e4f-9357-5009f52741ee{ip: 10.1.0.209, host: fv-az212-628.zlodpucb4l4udavnfxg5s20dva.cx.internal.cloudapp.net, ports: [REPLICATION=36845, RATIS=46869, RATIS_ADMIN=46869, RATIS_SERVER=46869, STANDALONE=39337], networkLocation: /default-rack, certSerialId: null, persistedOpState: null, persistedOpStateExpiryEpochSec: 0}
2022-10-09 13:03:56,528 [EventQueue-NewNodeForNewNodeHandler] INFO  pipeline.BackgroundPipelineCreator (BackgroundPipelineCreator.java:notifyEventTriggered(276)) - trigger a one-shot run on RatisPipelineUtilsThread.
2022-10-09 13:03:56,529 [RatisPipelineUtilsThread - 0] INFO  pipeline.RatisPipelineProvider (RatisPipelineProvider.java:lambda$create$0(195)) - Sending CreatePipelineCommand for pipeline:PipelineID=4dcf4643-7d01-4af2-a896-ff4a8e323938 to datanode:e5f66691-da51-4e4f-9357-5009f52741ee
2022-10-09 13:03:56,529 [RatisPipelineUtilsThread - 0] INFO  pipeline.PipelineStateManagerImpl (PipelineStateManagerImpl.java:addPipeline(103)) - Created pipeline Pipeline[ Id: 4dcf4643-7d01-4af2-a896-ff4a8e323938, Nodes: e5f66691-da51-4e4f-9357-5009f52741ee{ip: 10.1.0.209, host: fv-az212-628.zlodpucb4l4udavnfxg5s20dva.cx.internal.cloudapp.net, ports: [REPLICATION=36845, RATIS=46869, RATIS_ADMIN=46869, RATIS_SERVER=46869, STANDALONE=39337], networkLocation: /default-rack, certSerialId: null, persistedOpState: IN_SERVICE, persistedOpStateExpiryEpochSec: 0}, ReplicationConfig: RATIS/ONE, State:ALLOCATED, leaderId:, CreationTimestamp2022-10-09T13:03:56.529Z[Etc/UTC]].
2022-10-09 13:03:57,517 [Listener at 127.0.0.1/37457] INFO  ozone.MiniOzoneClusterImpl (MiniOzoneClusterImpl.java:lambda$waitForClusterToBeReady$0(216)) - Nodes are ready. Got 5 of 5 DN Heartbeats.
2022-10-09 13:03:57,517 [Listener at 127.0.0.1/37457] INFO  ozone.MiniOzoneClusterImpl (MiniOzoneClusterImpl.java:lambda$waitForClusterToBeReady$0(219)) - Waiting for cluster to exit safe mode
2022-10-09 13:03:57,518 [Listener at 127.0.0.1/37457] INFO  ozone.MiniOzoneClusterImpl (MiniOzoneClusterImpl.java:lambda$waitForClusterToBeReady$0(221)) - SCM became leader
2022-10-09 13:03:58,031 [Command processor thread] INFO  server.RaftServer (RaftServerProxy.java:addNew(96)) - 2db59515-9e3b-4889-b4e8-582beecf5a37: addNew group-57B89B3A680D:[2db59515-9e3b-4889-b4e8-582beecf5a37|rpc:10.1.0.209:43077|priority:1] returns group-57B89B3A680D:java.util.concurrent.CompletableFuture@75e3285c[Not completed]
2022-10-09 13:03:58,047 [pool-73-thread-1] INFO  server.RaftServer$Division (RaftServerImpl.java:<init>(190)) - 2db59515-9e3b-4889-b4e8-582beecf5a37: new RaftServerImpl for group-57B89B3A680D:[2db59515-9e3b-4889-b4e8-582beecf5a37|rpc:10.1.0.209:43077|priority:1] with ContainerStateMachine:uninitialized
2022-10-09 13:03:58,047 [pool-73-thread-1] INFO  server.RaftServerConfigKeys (ConfUtils.java:logGet(46)) - raft.server.rpc.timeout.min = 5s (custom)
2022-10-09 13:03:58,047 [pool-73-thread-1] INFO  server.RaftServerConfigKeys (ConfUtils.java:logGet(46)) - raft.server.rpc.timeout.max = 5200ms (custom)
2022-10-09 13:03:58,047 [pool-73-thread-1] INFO  server.RaftServerConfigKeys (ConfUtils.java:logGet(46)) - raft.server.rpc.sleep.time = 25ms (default)
2022-10-09 13:03:58,047 [pool-73-thread-1] INFO  server.RaftServerConfigKeys (ConfUtils.java:logGet(46)) - raft.server.rpc.slowness.timeout = 300s (custom)
2022-10-09 13:03:58,047 [pool-73-thread-1] INFO  server.RaftServerConfigKeys (ConfUtils.java:logGet(46)) - raft.server.leaderelection.leader.step-down.wait-time = 10s (default)
2022-10-09 13:03:58,047 [pool-73-thread-1] INFO  server.RaftServerConfigKeys (ConfUtils.java:logGet(46)) - raft.server.sleep.deviation.threshold = 300ms (default)
2022-10-09 13:03:58,047 [pool-73-thread-1] INFO  server.RaftServer$Division (ServerState.java:<init>(107)) - 2db59515-9e3b-4889-b4e8-582beecf5a37@group-57B89B3A680D: ConfigurationManager, init=-1: [2db59515-9e3b-4889-b4e8-582beecf5a37|rpc:10.1.0.209:43077|priority:1], old=null, confs=<EMPTY_MAP>
2022-10-09 13:03:58,048 [pool-73-thread-1] INFO  server.RaftServerConfigKeys (ConfUtils.java:logGet(46)) - raft.server.storage.dir = [/home/runner/work/ozone/ozone/hadoop-ozone/integration-test/target/test-dir/MiniOzoneClusterImpl-6b6317f5-37ef-4289-9029-d6045239d9e9/datanode-0/data/ratis] (custom)
2022-10-09 13:03:58,048 [pool-73-thread-1] INFO  server.RaftServerConfigKeys (ConfUtils.java:logGet(46)) - raft.server.log.corruption.policy = EXCEPTION (default)
2022-10-09 13:03:58,048 [pool-73-thread-1] INFO  server.RaftServerConfigKeys (ConfUtils.java:logGet(46)) - raft.server.storage.free-space.min = 0MB (=0) (default)
2022-10-09 13:03:58,048 [pool-73-thread-1] INFO  storage.RaftStorageDirectory (RaftStorageDirectoryImpl.java:analyzeStorage(135)) - The storage directory /home/runner/work/ozone/ozone/hadoop-ozone/integration-test/target/test-dir/MiniOzoneClusterImpl-6b6317f5-37ef-4289-9029-d6045239d9e9/datanode-0/data/ratis/2a46c7ac-7320-4d26-8170-57b89b3a680d does not exist. Creating ...
2022-10-09 13:03:58,050 [pool-73-thread-1] INFO  storage.RaftStorageDirectory (RaftStorageDirectoryImpl.java:tryLock(230)) - Lock on /home/runner/work/ozone/ozone/hadoop-ozone/integration-test/target/test-dir/MiniOzoneClusterImpl-6b6317f5-37ef-4289-9029-d6045239d9e9/datanode-0/data/ratis/2a46c7ac-7320-4d26-8170-57b89b3a680d/in_use.lock acquired by nodename 13094@fv-az212-628
2022-10-09 13:03:58,051 [pool-73-thread-1] INFO  storage.RaftStorage (RaftStorageImpl.java:format(89)) - Storage directory /home/runner/work/ozone/ozone/hadoop-ozone/integration-test/target/test-dir/MiniOzoneClusterImpl-6b6317f5-37ef-4289-9029-d6045239d9e9/datanode-0/data/ratis/2a46c7ac-7320-4d26-8170-57b89b3a680d has been successfully formatted.
2022-10-09 13:03:58,056 [pool-73-thread-1] INFO  ratis.ContainerStateMachine (ContainerStateMachine.java:loadSnapshot(236)) - group-57B89B3A680D: The snapshot info is null. Setting the last applied indexto:(t:0, i:~)
2022-10-09 13:03:58,056 [pool-73-thread-1] INFO  server.RaftServerConfigKeys (ConfUtils.java:logGet(46)) - raft.server.notification.no-leader.timeout = 300s (custom)
2022-10-09 13:03:58,056 [pool-73-thread-1] INFO  server.RaftServerConfigKeys (ConfUtils.java:logGet(46)) - raft.server.log.use.memory = false (default)
2022-10-09 13:03:58,056 [pool-73-thread-1] INFO  server.RaftServerConfigKeys (ConfUtils.java:logGet(46)) - raft.server.log.purge.gap = 1000000 (custom)
2022-10-09 13:03:58,056 [pool-73-thread-1] INFO  server.RaftServerConfigKeys (ConfUtils.java:logGet(46)) - raft.server.log.appender.buffer.byte-limit = 33554432 (custom)
2022-10-09 13:03:58,056 [pool-73-thread-1] INFO  server.RaftServerConfigKeys (ConfUtils.java:logGet(46)) - raft.server.log.statemachine.data.read.timeout = 1000ms (default)
2022-10-09 13:03:58,057 [pool-73-thread-1] INFO  server.RaftServerConfigKeys (ConfUtils.java:logGet(46)) - raft.server.log.segment.size.max = 1048576 (custom)
2022-10-09 13:03:58,058 [pool-73-thread-1] INFO  server.RaftServerConfigKeys (ConfUtils.java:logGet(46)) - raft.server.log.segment.cache.num.max = 2 (custom)
2022-10-09 13:03:58,058 [pool-73-thread-1] INFO  server.RaftServerConfigKeys (ConfUtils.java:logGet(46)) - raft.server.log.segment.cache.size.max = 200MB (=209715200) (default)
2022-10-09 13:03:58,058 [pool-73-thread-1] INFO  segmented.SegmentedRaftLogWorker (SegmentedRaftLogWorker.java:<init>(187)) - new 2db59515-9e3b-4889-b4e8-582beecf5a37@group-57B89B3A680D-SegmentedRaftLogWorker for RaftStorageImpl:Storage Directory /home/runner/work/ozone/ozone/hadoop-ozone/integration-test/target/test-dir/MiniOzoneClusterImpl-6b6317f5-37ef-4289-9029-d6045239d9e9/datanode-0/data/ratis/2a46c7ac-7320-4d26-8170-57b89b3a680d
2022-10-09 13:03:58,058 [pool-73-thread-1] INFO  server.RaftServerConfigKeys (ConfUtils.java:logGet(46)) - raft.server.log.queue.byte-limit = 4294967296 (custom)
2022-10-09 13:03:58,058 [pool-73-thread-1] INFO  server.RaftServerConfigKeys (ConfUtils.java:logGet(46)) - raft.server.log.queue.element-limit = 1024 (custom)
2022-10-09 13:03:58,058 [pool-73-thread-1] INFO  server.RaftServerConfigKeys (ConfUtils.java:logGet(46)) - raft.server.log.segment.size.max = 1048576 (custom)
2022-10-09 13:03:58,058 [pool-73-thread-1] INFO  server.RaftServerConfigKeys (ConfUtils.java:logGet(46)) - raft.server.log.preallocated.size = 16384 (custom)
2022-10-09 13:03:58,058 [pool-73-thread-1] INFO  server.RaftServerConfigKeys (ConfUtils.java:logGet(46)) - raft.server.log.force.sync.num = 128 (default)
2022-10-09 13:03:58,058 [pool-73-thread-1] INFO  server.RaftServerConfigKeys (ConfUtils.java:logGet(46)) - raft.server.log.statemachine.data.sync = true (default)
2022-10-09 13:03:58,058 [pool-73-thread-1] INFO  server.RaftServerConfigKeys (ConfUtils.java:logGet(46)) - raft.server.log.statemachine.data.sync.timeout = 10s (default)
2022-10-09 13:03:58,058 [pool-73-thread-1] INFO  server.RaftServerConfigKeys (ConfUtils.java:logGet(46)) - raft.server.log.statemachine.data.sync.timeout.retry = -1 (default)
2022-10-09 13:03:58,060 [pool-73-thread-1] INFO  server.RaftServerConfigKeys (ConfUtils.java:logGet(46)) - raft.server.log.write.buffer.size = 1048576 (custom)
2022-10-09 13:03:58,061 [pool-73-thread-1] INFO  server.RaftServerConfigKeys (ConfUtils.java:logGet(46)) - raft.server.log.unsafe-flush.enabled = false (default)
2022-10-09 13:03:58,061 [pool-73-thread-1] INFO  server.RaftServerConfigKeys (ConfUtils.java:logGet(46)) - raft.server.log.statemachine.data.caching.enabled = true (custom)
2022-10-09 13:03:58,061 [pool-73-thread-1] INFO  segmented.SegmentedRaftLogWorker (SegmentedRaftLogWorker.java:lambda$new$0(135)) - 2db59515-9e3b-4889-b4e8-582beecf5a37@group-57B89B3A680D-SegmentedRaftLogWorker: flushIndex: setUnconditionally 0 -> -1
2022-10-09 13:03:58,061 [pool-73-thread-1] INFO  segmented.SegmentedRaftLogWorker (SegmentedRaftLogWorker.java:lambda$new$0(135)) - 2db59515-9e3b-4889-b4e8-582beecf5a37@group-57B89B3A680D-SegmentedRaftLogWorker: safeCacheEvictIndex: setUnconditionally 0 -> -1
2022-10-09 13:03:58,061 [pool-73-thread-1] INFO  server.RaftServerConfigKeys (ConfUtils.java:logGet(46)) - raft.server.snapshot.auto.trigger.enabled = true (custom)
2022-10-09 13:03:58,061 [pool-73-thread-1] INFO  server.RaftServerConfigKeys (ConfUtils.java:logGet(46)) - raft.server.snapshot.auto.trigger.threshold = 10000 (custom)
2022-10-09 13:03:58,061 [pool-73-thread-1] INFO  server.RaftServerConfigKeys (ConfUtils.java:logGet(46)) - raft.server.snapshot.retention.file.num = 5 (custom)
2022-10-09 13:03:58,061 [pool-73-thread-1] INFO  server.RaftServerConfigKeys (ConfUtils.java:logGet(46)) - raft.server.log.purge.upto.snapshot.index = false (default)
2022-10-09 13:03:58,061 [pool-73-thread-1] INFO  server.RaftServerConfigKeys (ConfUtils.java:logGet(46)) - raft.server.retrycache.expirytime = 600000ms (custom)
2022-10-09 13:03:58,062 [pool-73-thread-1] INFO  server.RaftServerConfigKeys (ConfUtils.java:logGet(46)) - raft.server.retrycache.statistics.expirytime = 100μs (default)
2022-10-09 13:03:58,064 [pool-73-thread-1] INFO  server.RaftServerConfigKeys (ConfUtils.java:logGet(46)) - raft.server.log.appender.install.snapshot.enabled = false (custom)
2022-10-09 13:03:58,064 [pool-73-thread-1] INFO  server.RaftServerConfigKeys (ConfUtils.java:logGet(46)) - raft.server.threadpool.server.cached = true (default)
2022-10-09 13:03:58,064 [pool-73-thread-1] INFO  server.RaftServerConfigKeys (ConfUtils.java:logGet(46)) - raft.server.threadpool.server.size = 0 (default)
2022-10-09 13:03:58,064 [pool-73-thread-1] INFO  server.RaftServerConfigKeys (ConfUtils.java:logGet(46)) - raft.server.threadpool.client.cached = true (default)
2022-10-09 13:03:58,064 [pool-73-thread-1] INFO  server.RaftServerConfigKeys (ConfUtils.java:logGet(46)) - raft.server.threadpool.client.size = 0 (default)
2022-10-09 13:03:58,064 [pool-73-thread-1] INFO  server.RaftServer$Division (RaftServerImpl.java:start(310)) - 2db59515-9e3b-4889-b4e8-582beecf5a37@group-57B89B3A680D: start as a follower, conf=-1: [2db59515-9e3b-4889-b4e8-582beecf5a37|rpc:10.1.0.209:43077|priority:1], old=null
2022-10-09 13:03:58,064 [pool-73-thread-1] INFO  server.RaftServer$Division (RaftServerImpl.java:setRole(299)) - 2db59515-9e3b-4889-b4e8-582beecf5a37@group-57B89B3A680D: changes role from      null to FOLLOWER at term 0 for startAsFollower
2022-10-09 13:03:58,064 [pool-73-thread-1] INFO  impl.RoleInfo (RoleInfo.java:updateAndGet(139)) - 2db59515-9e3b-4889-b4e8-582beecf5a37: start 2db59515-9e3b-4889-b4e8-582beecf5a37@group-57B89B3A680D-FollowerState
2022-10-09 13:03:58,067 [pool-73-thread-1] INFO  util.JmxRegister (JmxRegister.java:tryRegister(44)) - Successfully registered JMX Bean with object name Ratis:service=RaftServer,group=group-57B89B3A680D,id=2db59515-9e3b-4889-b4e8-582beecf5a37
2022-10-09 13:03:58,080 [EventQueue-PipelineReportForPipelineReportHandler] INFO  pipeline.PipelineManagerImpl (PipelineManagerImpl.java:openPipeline(367)) - Pipeline Pipeline[ Id: 2a46c7ac-7320-4d26-8170-57b89b3a680d, Nodes: 2db59515-9e3b-4889-b4e8-582beecf5a37{ip: 10.1.0.209, host: fv-az212-628.zlodpucb4l4udavnfxg5s20dva.cx.internal.cloudapp.net, ports: [REPLICATION=34601, RATIS=43077, RATIS_ADMIN=43077, RATIS_SERVER=43077, STANDALONE=44769], networkLocation: /default-rack, certSerialId: null, persistedOpState: IN_SERVICE, persistedOpStateExpiryEpochSec: 0}, ReplicationConfig: RATIS/ONE, State:ALLOCATED, leaderId:2db59515-9e3b-4889-b4e8-582beecf5a37, CreationTimestamp2022-10-09T13:03:55.043Z[Etc/UTC]] moved to OPEN state
2022-10-09 13:03:58,083 [Command processor thread] INFO  ratis.XceiverServerRatis (XceiverServerRatis.java:addGroup(765)) - Created group PipelineID=2a46c7ac-7320-4d26-8170-57b89b3a680d
2022-10-09 13:03:58,084 [Command processor thread] INFO  commandhandler.CreatePipelineCommandHandler (CreatePipelineCommandHandler.java:handle(113)) - Created Pipeline RATIS ONE PipelineID=2a46c7ac-7320-4d26-8170-57b89b3a680d.
2022-10-09 13:03:58,084 [Command processor thread] INFO  server.RaftServer (RaftServerProxy.java:addNew(96)) - 2db59515-9e3b-4889-b4e8-582beecf5a37: addNew group-86BB596B74D6:[35fd77c5-1f23-44b5-b15d-a7cf87b6731e|rpc:10.1.0.209:41389|priority:1, 2db59515-9e3b-4889-b4e8-582beecf5a37|rpc:10.1.0.209:43077|priority:0, b3799363-510b-4b0d-b719-e4308f1034ba|rpc:10.1.0.209:41135|priority:0] returns group-86BB596B74D6:java.util.concurrent.CompletableFuture@2c3950b9[Not completed]
2022-10-09 13:03:58,086 [pool-73-thread-1] INFO  server.RaftServer$Division (RaftServerImpl.java:<init>(190)) - 2db59515-9e3b-4889-b4e8-582beecf5a37: new RaftServerImpl for group-86BB596B74D6:[35fd77c5-1f23-44b5-b15d-a7cf87b6731e|rpc:10.1.0.209:41389|priority:1, 2db59515-9e3b-4889-b4e8-582beecf5a37|rpc:10.1.0.209:43077|priority:0, b3799363-510b-4b0d-b719-e4308f1034ba|rpc:10.1.0.209:41135|priority:0] with ContainerStateMachine:uninitialized
2022-10-09 13:03:58,087 [pool-73-thread-1] INFO  server.RaftServerConfigKeys (ConfUtils.java:logGet(46)) - raft.server.rpc.timeout.min = 5s (custom)
2022-10-09 13:03:58,087 [pool-73-thread-1] INFO  server.RaftServerConfigKeys (ConfUtils.java:logGet(46)) - raft.server.rpc.timeout.max = 5200ms (custom)
2022-10-09 13:03:58,087 [pool-73-thread-1] INFO  server.RaftServerConfigKeys (ConfUtils.java:logGet(46)) - raft.server.rpc.sleep.time = 25ms (default)
2022-10-09 13:03:58,087 [pool-73-thread-1] INFO  server.RaftServerConfigKeys (ConfUtils.java:logGet(46)) - raft.server.rpc.slowness.timeout = 300s (custom)
2022-10-09 13:03:58,087 [pool-73-thread-1] INFO  server.RaftServerConfigKeys (ConfUtils.java:logGet(46)) - raft.server.leaderelection.leader.step-down.wait-time = 10s (default)
2022-10-09 13:03:58,087 [pool-73-thread-1] INFO  server.RaftServerConfigKeys (ConfUtils.java:logGet(46)) - raft.server.sleep.deviation.threshold = 300ms (default)
2022-10-09 13:03:58,087 [pool-73-thread-1] INFO  server.RaftServer$Division (ServerState.java:<init>(107)) - 2db59515-9e3b-4889-b4e8-582beecf5a37@group-86BB596B74D6: ConfigurationManager, init=-1: [35fd77c5-1f23-44b5-b15d-a7cf87b6731e|rpc:10.1.0.209:41389|priority:1, 2db59515-9e3b-4889-b4e8-582beecf5a37|rpc:10.1.0.209:43077|priority:0, b3799363-510b-4b0d-b719-e4308f1034ba|rpc:10.1.0.209:41135|priority:0], old=null, confs=<EMPTY_MAP>
2022-10-09 13:03:58,087 [pool-73-thread-1] INFO  server.RaftServerConfigKeys (ConfUtils.java:logGet(46)) - raft.server.storage.dir = [/home/runner/work/ozone/ozone/hadoop-ozone/integration-test/target/test-dir/MiniOzoneClusterImpl-6b6317f5-37ef-4289-9029-d6045239d9e9/datanode-0/data/ratis] (custom)
2022-10-09 13:03:58,087 [pool-73-thread-1] INFO  server.RaftServerConfigKeys (ConfUtils.java:logGet(46)) - raft.server.log.corruption.policy = EXCEPTION (default)
2022-10-09 13:03:58,087 [pool-73-thread-1] INFO  server.RaftServerConfigKeys (ConfUtils.java:logGet(46)) - raft.server.storage.free-space.min = 0MB (=0) (default)
2022-10-09 13:03:58,087 [pool-73-thread-1] INFO  storage.RaftStorageDirectory (RaftStorageDirectoryImpl.java:analyzeStorage(135)) - The storage directory /home/runner/work/ozone/ozone/hadoop-ozone/integration-test/target/test-dir/MiniOzoneClusterImpl-6b6317f5-37ef-4289-9029-d6045239d9e9/datanode-0/data/ratis/231a8a19-f884-4bf7-9930-86bb596b74d6 does not exist. Creating ...
2022-10-09 13:03:58,086 [EventQueue-OpenPipelineForHealthyPipelineSafeModeRule] INFO  safemode.SCMSafeModeManager (HealthyPipelineSafeModeRule.java:process(137)) - SCM in safe mode. Healthy pipelines reported count is 0, required healthy pipeline reported count is 1
2022-10-09 13:03:58,088 [pool-73-thread-1] INFO  storage.RaftStorageDirectory (RaftStorageDirectoryImpl.java:tryLock(230)) - Lock on /home/runner/work/ozone/ozone/hadoop-ozone/integration-test/target/test-dir/MiniOzoneClusterImpl-6b6317f5-37ef-4289-9029-d6045239d9e9/datanode-0/data/ratis/231a8a19-f884-4bf7-9930-86bb596b74d6/in_use.lock acquired by nodename 13094@fv-az212-628
2022-10-09 13:03:58,090 [pool-73-thread-1] INFO  storage.RaftStorage (RaftStorageImpl.java:format(89)) - Storage directory /home/runner/work/ozone/ozone/hadoop-ozone/integration-test/target/test-dir/MiniOzoneClusterImpl-6b6317f5-37ef-4289-9029-d6045239d9e9/datanode-0/data/ratis/231a8a19-f884-4bf7-9930-86bb596b74d6 has been successfully formatted.
2022-10-09 13:03:58,090 [pool-73-thread-1] INFO  ratis.ContainerStateMachine (ContainerStateMachine.java:loadSnapshot(236)) - group-86BB596B74D6: The snapshot info is null. Setting the last applied indexto:(t:0, i:~)
2022-10-09 13:03:58,090 [pool-73-thread-1] INFO  server.RaftServerConfigKeys (ConfUtils.java:logGet(46)) - raft.server.notification.no-leader.timeout = 300s (custom)
2022-10-09 13:03:58,090 [pool-73-thread-1] INFO  server.RaftServerConfigKeys (ConfUtils.java:logGet(46)) - raft.server.log.use.memory = false (default)
2022-10-09 13:03:58,090 [pool-73-thread-1] INFO  server.RaftServerConfigKeys (ConfUtils.java:logGet(46)) - raft.server.log.purge.gap = 1000000 (custom)
2022-10-09 13:03:58,090 [pool-73-thread-1] INFO  server.RaftServerConfigKeys (ConfUtils.java:logGet(46)) - raft.server.log.appender.buffer.byte-limit = 33554432 (custom)
2022-10-09 13:03:58,090 [pool-73-thread-1] INFO  server.RaftServerConfigKeys (ConfUtils.java:logGet(46)) - raft.server.log.statemachine.data.read.timeout = 1000ms (default)
2022-10-09 13:03:58,098 [pool-73-thread-1] INFO  server.RaftServerConfigKeys (ConfUtils.java:logGet(46)) - raft.server.log.segment.size.max = 1048576 (custom)
2022-10-09 13:03:58,098 [EventQueue-OpenPipelineForHealthyPipelineSafeModeRule] INFO  safemode.SCMSafeModeManager (HealthyPipelineSafeModeRule.java:process(137)) - SCM in safe mode. Healthy pipelines reported count is 0, required healthy pipeline reported count is 1
2022-10-09 13:03:58,099 [pool-73-thread-1] INFO  server.RaftServerConfigKeys (ConfUtils.java:logGet(46)) - raft.server.log.segment.cache.num.max = 2 (custom)
2022-10-09 13:03:58,099 [pool-73-thread-1] INFO  server.RaftServerConfigKeys (ConfUtils.java:logGet(46)) - raft.server.log.segment.cache.size.max = 200MB (=209715200) (default)
2022-10-09 13:03:58,099 [pool-73-thread-1] INFO  segmented.SegmentedRaftLogWorker (SegmentedRaftLogWorker.java:<init>(187)) - new 2db59515-9e3b-4889-b4e8-582beecf5a37@group-86BB596B74D6-SegmentedRaftLogWorker for RaftStorageImpl:Storage Directory /home/runner/work/ozone/ozone/hadoop-ozone/integration-test/target/test-dir/MiniOzoneClusterImpl-6b6317f5-37ef-4289-9029-d6045239d9e9/datanode-0/data/ratis/231a8a19-f884-4bf7-9930-86bb596b74d6
2022-10-09 13:03:58,099 [pool-73-thread-1] INFO  server.RaftServerConfigKeys (ConfUtils.java:logGet(46)) - raft.server.log.queue.byte-limit = 4294967296 (custom)
2022-10-09 13:03:58,099 [pool-73-thread-1] INFO  server.RaftServerConfigKeys (ConfUtils.java:logGet(46)) - raft.server.log.queue.element-limit = 1024 (custom)
2022-10-09 13:03:58,100 [pool-73-thread-1] INFO  server.RaftServerConfigKeys (ConfUtils.java:logGet(46)) - raft.server.log.segment.size.max = 1048576 (custom)
2022-10-09 13:03:58,100 [pool-73-thread-1] INFO  server.RaftServerConfigKeys (ConfUtils.java:logGet(46)) - raft.server.log.preallocated.size = 16384 (custom)
2022-10-09 13:03:58,100 [pool-73-thread-1] INFO  server.RaftServerConfigKeys (ConfUtils.java:logGet(46)) - raft.server.log.force.sync.num = 128 (default)
2022-10-09 13:03:58,100 [pool-73-thread-1] INFO  server.RaftServerConfigKeys (ConfUtils.java:logGet(46)) - raft.server.log.statemachine.data.sync = true (default)
2022-10-09 13:03:58,100 [pool-73-thread-1] INFO  server.RaftServerConfigKeys (ConfUtils.java:logGet(46)) - raft.server.log.statemachine.data.sync.timeout = 10s (default)
2022-10-09 13:03:58,100 [pool-73-thread-1] INFO  server.RaftServerConfigKeys (ConfUtils.java:logGet(46)) - raft.server.log.statemachine.data.sync.timeout.retry = -1 (default)
2022-10-09 13:03:58,103 [pool-73-thread-1] INFO  server.RaftServerConfigKeys (ConfUtils.java:logGet(46)) - raft.server.log.write.buffer.size = 1048576 (custom)
2022-10-09 13:03:58,104 [pool-73-thread-1] INFO  server.RaftServerConfigKeys (ConfUtils.java:logGet(46)) - raft.server.log.unsafe-flush.enabled = false (default)
2022-10-09 13:03:58,104 [pool-73-thread-1] INFO  server.RaftServerConfigKeys (ConfUtils.java:logGet(46)) - raft.server.log.statemachine.data.caching.enabled = true (custom)
2022-10-09 13:03:58,104 [pool-73-thread-1] INFO  segmented.SegmentedRaftLogWorker (SegmentedRaftLogWorker.java:lambda$new$0(135)) - 2db59515-9e3b-4889-b4e8-582beecf5a37@group-86BB596B74D6-SegmentedRaftLogWorker: flushIndex: setUnconditionally 0 -> -1
2022-10-09 13:03:58,104 [pool-73-thread-1] INFO  segmented.SegmentedRaftLogWorker (SegmentedRaftLogWorker.java:lambda$new$0(135)) - 2db59515-9e3b-4889-b4e8-582beecf5a37@group-86BB596B74D6-SegmentedRaftLogWorker: safeCacheEvictIndex: setUnconditionally 0 -> -1
2022-10-09 13:03:58,104 [pool-73-thread-1] INFO  server.RaftServerConfigKeys (ConfUtils.java:logGet(46)) - raft.server.snapshot.auto.trigger.enabled = true (custom)
2022-10-09 13:03:58,104 [pool-73-thread-1] INFO  server.RaftServerConfigKeys (ConfUtils.java:logGet(46)) - raft.server.snapshot.auto.trigger.threshold = 10000 (custom)
2022-10-09 13:03:58,104 [pool-73-thread-1] INFO  server.RaftServerConfigKeys (ConfUtils.java:logGet(46)) - raft.server.snapshot.retention.file.num = 5 (custom)
2022-10-09 13:03:58,104 [pool-73-thread-1] INFO  server.RaftServerConfigKeys (ConfUtils.java:logGet(46)) - raft.server.log.purge.upto.snapshot.index = false (default)
2022-10-09 13:03:58,105 [pool-73-thread-1] INFO  server.RaftServerConfigKeys (ConfUtils.java:logGet(46)) - raft.server.retrycache.expirytime = 600000ms (custom)
2022-10-09 13:03:58,105 [pool-73-thread-1] INFO  server.RaftServerConfigKeys (ConfUtils.java:logGet(46)) - raft.server.retrycache.statistics.expirytime = 100μs (default)
2022-10-09 13:03:58,106 [pool-73-thread-1] INFO  server.RaftServerConfigKeys (ConfUtils.java:logGet(46)) - raft.server.log.appender.install.snapshot.enabled = false (custom)
2022-10-09 13:03:58,106 [pool-73-thread-1] INFO  server.RaftServerConfigKeys (ConfUtils.java:logGet(46)) - raft.server.threadpool.server.cached = true (default)
2022-10-09 13:03:58,107 [pool-73-thread-1] INFO  server.RaftServerConfigKeys (ConfUtils.java:logGet(46)) - raft.server.threadpool.server.size = 0 (default)
2022-10-09 13:03:58,107 [pool-73-thread-1] INFO  server.RaftServerConfigKeys (ConfUtils.java:logGet(46)) - raft.server.threadpool.client.cached = true (default)
2022-10-09 13:03:58,107 [pool-73-thread-1] INFO  server.RaftServerConfigKeys (ConfUtils.java:logGet(46)) - raft.server.threadpool.client.size = 0 (default)
2022-10-09 13:03:58,107 [pool-73-thread-1] INFO  server.RaftServer$Division (RaftServerImpl.java:start(310)) - 2db59515-9e3b-4889-b4e8-582beecf5a37@group-86BB596B74D6: start as a follower, conf=-1: [35fd77c5-1f23-44b5-b15d-a7cf87b6731e|rpc:10.1.0.209:41389|priority:1, 2db59515-9e3b-4889-b4e8-582beecf5a37|rpc:10.1.0.209:43077|priority:0, b3799363-510b-4b0d-b719-e4308f1034ba|rpc:10.1.0.209:41135|priority:0], old=null
2022-10-09 13:03:58,107 [pool-73-thread-1] INFO  server.RaftServer$Division (RaftServerImpl.java:setRole(299)) - 2db59515-9e3b-4889-b4e8-582beecf5a37@group-86BB596B74D6: changes role from      null to FOLLOWER at term 0 for startAsFollower
2022-10-09 13:03:58,107 [pool-73-thread-1] INFO  impl.RoleInfo (RoleInfo.java:updateAndGet(139)) - 2db59515-9e3b-4889-b4e8-582beecf5a37: start 2db59515-9e3b-4889-b4e8-582beecf5a37@group-86BB596B74D6-FollowerState
2022-10-09 13:03:58,107 [pool-73-thread-1] INFO  util.JmxRegister (JmxRegister.java:tryRegister(44)) - Successfully registered JMX Bean with object name Ratis:service=RaftServer,group=group-86BB596B74D6,id=2db59515-9e3b-4889-b4e8-582beecf5a37
2022-10-09 13:03:58,109 [Command processor thread] INFO  ratis.XceiverServerRatis (XceiverServerRatis.java:addGroup(765)) - Created group PipelineID=231a8a19-f884-4bf7-9930-86bb596b74d6
2022-10-09 13:03:58,518 [Listener at 127.0.0.1/37457] INFO  ozone.MiniOzoneClusterImpl (MiniOzoneClusterImpl.java:lambda$waitForClusterToBeReady$0(216)) - Nodes are ready. Got 5 of 5 DN Heartbeats.
2022-10-09 13:03:58,518 [Listener at 127.0.0.1/37457] INFO  ozone.MiniOzoneClusterImpl (MiniOzoneClusterImpl.java:lambda$waitForClusterToBeReady$0(219)) - Waiting for cluster to exit safe mode
2022-10-09 13:03:58,518 [Listener at 127.0.0.1/37457] INFO  ozone.MiniOzoneClusterImpl (MiniOzoneClusterImpl.java:lambda$waitForClusterToBeReady$0(221)) - SCM became leader
2022-10-09 13:03:58,522 [Command processor thread] INFO  server.RaftServer (RaftServerProxy.java:addNew(96)) - 35fd77c5-1f23-44b5-b15d-a7cf87b6731e: addNew group-538029F9402F:[35fd77c5-1f23-44b5-b15d-a7cf87b6731e|rpc:10.1.0.209:41389|priority:1] returns group-538029F9402F:java.util.concurrent.CompletableFuture@11d61477[Not completed]
2022-10-09 13:03:58,537 [pool-96-thread-1] INFO  server.RaftServer$Division (RaftServerImpl.java:<init>(190)) - 35fd77c5-1f23-44b5-b15d-a7cf87b6731e: new RaftServerImpl for group-538029F9402F:[35fd77c5-1f23-44b5-b15d-a7cf87b6731e|rpc:10.1.0.209:41389|priority:1] with ContainerStateMachine:uninitialized
2022-10-09 13:03:58,537 [pool-96-thread-1] INFO  server.RaftServerConfigKeys (ConfUtils.java:logGet(46)) - raft.server.rpc.timeout.min = 5s (custom)
2022-10-09 13:03:58,537 [pool-96-thread-1] INFO  server.RaftServerConfigKeys (ConfUtils.java:logGet(46)) - raft.server.rpc.timeout.max = 5200ms (custom)
2022-10-09 13:03:58,537 [pool-96-thread-1] INFO  server.RaftServerConfigKeys (ConfUtils.java:logGet(46)) - raft.server.rpc.sleep.time = 25ms (default)
2022-10-09 13:03:58,537 [pool-96-thread-1] INFO  server.RaftServerConfigKeys (ConfUtils.java:logGet(46)) - raft.server.rpc.slowness.timeout = 300s (custom)
2022-10-09 13:03:58,537 [pool-96-thread-1] INFO  server.RaftServerConfigKeys (ConfUtils.java:logGet(46)) - raft.server.leaderelection.leader.step-down.wait-time = 10s (default)
2022-10-09 13:03:58,537 [pool-96-thread-1] INFO  server.RaftServerConfigKeys (ConfUtils.java:logGet(46)) - raft.server.sleep.deviation.threshold = 300ms (default)
2022-10-09 13:03:58,537 [pool-96-thread-1] INFO  server.RaftServer$Division (ServerState.java:<init>(107)) - 35fd77c5-1f23-44b5-b15d-a7cf87b6731e@group-538029F9402F: ConfigurationManager, init=-1: [35fd77c5-1f23-44b5-b15d-a7cf87b6731e|rpc:10.1.0.209:41389|priority:1], old=null, confs=<EMPTY_MAP>
2022-10-09 13:03:58,537 [pool-96-thread-1] INFO  server.RaftServerConfigKeys (ConfUtils.java:logGet(46)) - raft.server.storage.dir = [/home/runner/work/ozone/ozone/hadoop-ozone/integration-test/target/test-dir/MiniOzoneClusterImpl-6b6317f5-37ef-4289-9029-d6045239d9e9/datanode-1/data/ratis] (custom)
2022-10-09 13:03:58,537 [pool-96-thread-1] INFO  server.RaftServerConfigKeys (ConfUtils.java:logGet(46)) - raft.server.log.corruption.policy = EXCEPTION (default)
2022-10-09 13:03:58,538 [pool-96-thread-1] INFO  server.RaftServerConfigKeys (ConfUtils.java:logGet(46)) - raft.server.storage.free-space.min = 0MB (=0) (default)
2022-10-09 13:03:58,538 [pool-96-thread-1] INFO  storage.RaftStorageDirectory (RaftStorageDirectoryImpl.java:analyzeStorage(135)) - The storage directory /home/runner/work/ozone/ozone/hadoop-ozone/integration-test/target/test-dir/MiniOzoneClusterImpl-6b6317f5-37ef-4289-9029-d6045239d9e9/datanode-1/data/ratis/547be9a3-4fcf-4668-a46b-538029f9402f does not exist. Creating ...
2022-10-09 13:03:58,539 [pool-96-thread-1] INFO  storage.RaftStorageDirectory (RaftStorageDirectoryImpl.java:tryLock(230)) - Lock on /home/runner/work/ozone/ozone/hadoop-ozone/integration-test/target/test-dir/MiniOzoneClusterImpl-6b6317f5-37ef-4289-9029-d6045239d9e9/datanode-1/data/ratis/547be9a3-4fcf-4668-a46b-538029f9402f/in_use.lock acquired by nodename 13094@fv-az212-628
2022-10-09 13:03:58,540 [pool-96-thread-1] INFO  storage.RaftStorage (RaftStorageImpl.java:format(89)) - Storage directory /home/runner/work/ozone/ozone/hadoop-ozone/integration-test/target/test-dir/MiniOzoneClusterImpl-6b6317f5-37ef-4289-9029-d6045239d9e9/datanode-1/data/ratis/547be9a3-4fcf-4668-a46b-538029f9402f has been successfully formatted.
2022-10-09 13:03:58,546 [pool-96-thread-1] INFO  ratis.ContainerStateMachine (ContainerStateMachine.java:loadSnapshot(236)) - group-538029F9402F: The snapshot info is null. Setting the last applied indexto:(t:0, i:~)
2022-10-09 13:03:58,554 [pool-96-thread-1] INFO  server.RaftServerConfigKeys (ConfUtils.java:logGet(46)) - raft.server.notification.no-leader.timeout = 300s (custom)
2022-10-09 13:03:58,554 [pool-96-thread-1] INFO  server.RaftServerConfigKeys (ConfUtils.java:logGet(46)) - raft.server.log.use.memory = false (default)
2022-10-09 13:03:58,554 [pool-96-thread-1] INFO  server.RaftServerConfigKeys (ConfUtils.java:logGet(46)) - raft.server.log.purge.gap = 1000000 (custom)
2022-10-09 13:03:58,554 [pool-96-thread-1] INFO  server.RaftServerConfigKeys (ConfUtils.java:logGet(46)) - raft.server.log.appender.buffer.byte-limit = 33554432 (custom)
2022-10-09 13:03:58,554 [pool-96-thread-1] INFO  server.RaftServerConfigKeys (ConfUtils.java:logGet(46)) - raft.server.log.statemachine.data.read.timeout = 1000ms (default)
2022-10-09 13:03:58,555 [pool-96-thread-1] INFO  server.RaftServerConfigKeys (ConfUtils.java:logGet(46)) - raft.server.log.segment.size.max = 1048576 (custom)
2022-10-09 13:03:58,555 [pool-96-thread-1] INFO  server.RaftServerConfigKeys (ConfUtils.java:logGet(46)) - raft.server.log.segment.cache.num.max = 2 (custom)
2022-10-09 13:03:58,557 [pool-96-thread-1] INFO  server.RaftServerConfigKeys (ConfUtils.java:logGet(46)) - raft.server.log.segment.cache.size.max = 200MB (=209715200) (default)
2022-10-09 13:03:58,557 [EventQueue-PipelineReportForPipelineReportHandler] INFO  pipeline.PipelineManagerImpl (PipelineManagerImpl.java:openPipeline(367)) - Pipeline Pipeline[ Id: 547be9a3-4fcf-4668-a46b-538029f9402f, Nodes: 35fd77c5-1f23-44b5-b15d-a7cf87b6731e{ip: 10.1.0.209, host: fv-az212-628.zlodpucb4l4udavnfxg5s20dva.cx.internal.cloudapp.net, ports: [REPLICATION=39267, RATIS=41389, RATIS_ADMIN=41389, RATIS_SERVER=41389, STANDALONE=43509], networkLocation: /default-rack, certSerialId: null, persistedOpState: IN_SERVICE, persistedOpStateExpiryEpochSec: 0}, ReplicationConfig: RATIS/ONE, State:ALLOCATED, leaderId:35fd77c5-1f23-44b5-b15d-a7cf87b6731e, CreationTimestamp2022-10-09T13:03:55.527Z[Etc/UTC]] moved to OPEN state
2022-10-09 13:03:58,557 [pool-96-thread-1] INFO  segmented.SegmentedRaftLogWorker (SegmentedRaftLogWorker.java:<init>(187)) - new 35fd77c5-1f23-44b5-b15d-a7cf87b6731e@group-538029F9402F-SegmentedRaftLogWorker for RaftStorageImpl:Storage Directory /home/runner/work/ozone/ozone/hadoop-ozone/integration-test/target/test-dir/MiniOzoneClusterImpl-6b6317f5-37ef-4289-9029-d6045239d9e9/datanode-1/data/ratis/547be9a3-4fcf-4668-a46b-538029f9402f
2022-10-09 13:03:58,557 [pool-96-thread-1] INFO  server.RaftServerConfigKeys (ConfUtils.java:logGet(46)) - raft.server.log.queue.byte-limit = 4294967296 (custom)
2022-10-09 13:03:58,558 [pool-96-thread-1] INFO  server.RaftServerConfigKeys (ConfUtils.java:logGet(46)) - raft.server.log.queue.element-limit = 1024 (custom)
2022-10-09 13:03:58,558 [pool-96-thread-1] INFO  server.RaftServerConfigKeys (ConfUtils.java:logGet(46)) - raft.server.log.segment.size.max = 1048576 (custom)
2022-10-09 13:03:58,558 [pool-96-thread-1] INFO  server.RaftServerConfigKeys (ConfUtils.java:logGet(46)) - raft.server.log.preallocated.size = 16384 (custom)
2022-10-09 13:03:58,558 [pool-96-thread-1] INFO  server.RaftServerConfigKeys (ConfUtils.java:logGet(46)) - raft.server.log.force.sync.num = 128 (default)
2022-10-09 13:03:58,558 [pool-96-thread-1] INFO  server.RaftServerConfigKeys (ConfUtils.java:logGet(46)) - raft.server.log.statemachine.data.sync = true (default)
2022-10-09 13:03:58,558 [pool-96-thread-1] INFO  server.RaftServerConfigKeys (ConfUtils.java:logGet(46)) - raft.server.log.statemachine.data.sync.timeout = 10s (default)
2022-10-09 13:03:58,558 [pool-96-thread-1] INFO  server.RaftServerConfigKeys (ConfUtils.java:logGet(46)) - raft.server.log.statemachine.data.sync.timeout.retry = -1 (default)
2022-10-09 13:03:58,558 [EventQueue-OpenPipelineForHealthyPipelineSafeModeRule] INFO  safemode.SCMSafeModeManager (HealthyPipelineSafeModeRule.java:process(137)) - SCM in safe mode. Healthy pipelines reported count is 0, required healthy pipeline reported count is 1
2022-10-09 13:03:58,559 [pool-96-thread-1] INFO  server.RaftServerConfigKeys (ConfUtils.java:logGet(46)) - raft.server.log.write.buffer.size = 1048576 (custom)
2022-10-09 13:03:58,563 [pool-96-thread-1] INFO  server.RaftServerConfigKeys (ConfUtils.java:logGet(46)) - raft.server.log.unsafe-flush.enabled = false (default)
2022-10-09 13:03:58,563 [pool-96-thread-1] INFO  server.RaftServerConfigKeys (ConfUtils.java:logGet(46)) - raft.server.log.statemachine.data.caching.enabled = true (custom)
2022-10-09 13:03:58,563 [pool-96-thread-1] INFO  segmented.SegmentedRaftLogWorker (SegmentedRaftLogWorker.java:lambda$new$0(135)) - 35fd77c5-1f23-44b5-b15d-a7cf87b6731e@group-538029F9402F-SegmentedRaftLogWorker: flushIndex: setUnconditionally 0 -> -1
2022-10-09 13:03:58,563 [pool-96-thread-1] INFO  segmented.SegmentedRaftLogWorker (SegmentedRaftLogWorker.java:lambda$new$0(135)) - 35fd77c5-1f23-44b5-b15d-a7cf87b6731e@group-538029F9402F-SegmentedRaftLogWorker: safeCacheEvictIndex: setUnconditionally 0 -> -1
2022-10-09 13:03:58,564 [pool-96-thread-1] INFO  server.RaftServerConfigKeys (ConfUtils.java:logGet(46)) - raft.server.snapshot.auto.trigger.enabled = true (custom)
2022-10-09 13:03:58,564 [pool-96-thread-1] INFO  server.RaftServerConfigKeys (ConfUtils.java:logGet(46)) - raft.server.snapshot.auto.trigger.threshold = 10000 (custom)
2022-10-09 13:03:58,564 [pool-96-thread-1] INFO  server.RaftServerConfigKeys (ConfUtils.java:logGet(46)) - raft.server.snapshot.retention.file.num = 5 (custom)
2022-10-09 13:03:58,564 [pool-96-thread-1] INFO  server.RaftServerConfigKeys (ConfUtils.java:logGet(46)) - raft.server.log.purge.upto.snapshot.index = false (default)
2022-10-09 13:03:58,564 [pool-96-thread-1] INFO  server.RaftServerConfigKeys (ConfUtils.java:logGet(46)) - raft.server.retrycache.expirytime = 600000ms (custom)
2022-10-09 13:03:58,564 [pool-96-thread-1] INFO  server.RaftServerConfigKeys (ConfUtils.java:logGet(46)) - raft.server.retrycache.statistics.expirytime = 100μs (default)
2022-10-09 13:03:58,566 [pool-96-thread-1] INFO  server.RaftServerConfigKeys (ConfUtils.java:logGet(46)) - raft.server.log.appender.install.snapshot.enabled = false (custom)
2022-10-09 13:03:58,566 [pool-96-thread-1] INFO  server.RaftServerConfigKeys (ConfUtils.java:logGet(46)) - raft.server.threadpool.server.cached = true (default)
2022-10-09 13:03:58,566 [pool-96-thread-1] INFO  server.RaftServerConfigKeys (ConfUtils.java:logGet(46)) - raft.server.threadpool.server.size = 0 (default)
2022-10-09 13:03:58,566 [pool-96-thread-1] INFO  server.RaftServerConfigKeys (ConfUtils.java:logGet(46)) - raft.server.threadpool.client.cached = true (default)
2022-10-09 13:03:58,566 [pool-96-thread-1] INFO  server.RaftServerConfigKeys (ConfUtils.java:logGet(46)) - raft.server.threadpool.client.size = 0 (default)
2022-10-09 13:03:58,566 [pool-96-thread-1] INFO  server.RaftServer$Division (RaftServerImpl.java:start(310)) - 35fd77c5-1f23-44b5-b15d-a7cf87b6731e@group-538029F9402F: start as a follower, conf=-1: [35fd77c5-1f23-44b5-b15d-a7cf87b6731e|rpc:10.1.0.209:41389|priority:1], old=null
2022-10-09 13:03:58,566 [pool-96-thread-1] INFO  server.RaftServer$Division (RaftServerImpl.java:setRole(299)) - 35fd77c5-1f23-44b5-b15d-a7cf87b6731e@group-538029F9402F: changes role from      null to FOLLOWER at term 0 for startAsFollower
2022-10-09 13:03:58,566 [pool-96-thread-1] INFO  impl.RoleInfo (RoleInfo.java:updateAndGet(139)) - 35fd77c5-1f23-44b5-b15d-a7cf87b6731e: start 35fd77c5-1f23-44b5-b15d-a7cf87b6731e@group-538029F9402F-FollowerState
2022-10-09 13:03:58,574 [pool-96-thread-1] INFO  util.JmxRegister (JmxRegister.java:tryRegister(44)) - Successfully registered JMX Bean with object name Ratis:service=RaftServer,group=group-538029F9402F,id=35fd77c5-1f23-44b5-b15d-a7cf87b6731e
2022-10-09 13:03:58,575 [Command processor thread] INFO  ratis.XceiverServerRatis (XceiverServerRatis.java:addGroup(765)) - Created group PipelineID=547be9a3-4fcf-4668-a46b-538029f9402f
2022-10-09 13:03:58,575 [Command processor thread] INFO  commandhandler.CreatePipelineCommandHandler (CreatePipelineCommandHandler.java:handle(113)) - Created Pipeline RATIS ONE PipelineID=547be9a3-4fcf-4668-a46b-538029f9402f.
2022-10-09 13:03:58,575 [Command processor thread] INFO  server.RaftServer (RaftServerProxy.java:addNew(96)) - 35fd77c5-1f23-44b5-b15d-a7cf87b6731e: addNew group-86BB596B74D6:[35fd77c5-1f23-44b5-b15d-a7cf87b6731e|rpc:10.1.0.209:41389|priority:1, 2db59515-9e3b-4889-b4e8-582beecf5a37|rpc:10.1.0.209:43077|priority:0, b3799363-510b-4b0d-b719-e4308f1034ba|rpc:10.1.0.209:41135|priority:0] returns group-86BB596B74D6:java.util.concurrent.CompletableFuture@15e98295[Not completed]
2022-10-09 13:03:58,577 [pool-96-thread-1] INFO  server.RaftServer$Division (RaftServerImpl.java:<init>(190)) - 35fd77c5-1f23-44b5-b15d-a7cf87b6731e: new RaftServerImpl for group-86BB596B74D6:[35fd77c5-1f23-44b5-b15d-a7cf87b6731e|rpc:10.1.0.209:41389|priority:1, 2db59515-9e3b-4889-b4e8-582beecf5a37|rpc:10.1.0.209:43077|priority:0, b3799363-510b-4b0d-b719-e4308f1034ba|rpc:10.1.0.209:41135|priority:0] with ContainerStateMachine:uninitialized
2022-10-09 13:03:58,577 [pool-96-thread-1] INFO  server.RaftServerConfigKeys (ConfUtils.java:logGet(46)) - raft.server.rpc.timeout.min = 5s (custom)
2022-10-09 13:03:58,577 [pool-96-thread-1] INFO  server.RaftServerConfigKeys (ConfUtils.java:logGet(46)) - raft.server.rpc.timeout.max = 5200ms (custom)
2022-10-09 13:03:58,577 [pool-96-thread-1] INFO  server.RaftServerConfigKeys (ConfUtils.java:logGet(46)) - raft.server.rpc.sleep.time = 25ms (default)
2022-10-09 13:03:58,577 [pool-96-thread-1] INFO  server.RaftServerConfigKeys (ConfUtils.java:logGet(46)) - raft.server.rpc.slowness.timeout = 300s (custom)
2022-10-09 13:03:58,577 [pool-96-thread-1] INFO  server.RaftServerConfigKeys (ConfUtils.java:logGet(46)) - raft.server.leaderelection.leader.step-down.wait-time = 10s (default)
2022-10-09 13:03:58,577 [pool-96-thread-1] INFO  server.RaftServerConfigKeys (ConfUtils.java:logGet(46)) - raft.server.sleep.deviation.threshold = 300ms (default)
2022-10-09 13:03:58,577 [pool-96-thread-1] INFO  server.RaftServer$Division (ServerState.java:<init>(107)) - 35fd77c5-1f23-44b5-b15d-a7cf87b6731e@group-86BB596B74D6: ConfigurationManager, init=-1: [35fd77c5-1f23-44b5-b15d-a7cf87b6731e|rpc:10.1.0.209:41389|priority:1, 2db59515-9e3b-4889-b4e8-582beecf5a37|rpc:10.1.0.209:43077|priority:0, b3799363-510b-4b0d-b719-e4308f1034ba|rpc:10.1.0.209:41135|priority:0], old=null, confs=<EMPTY_MAP>
2022-10-09 13:03:58,577 [pool-96-thread-1] INFO  server.RaftServerConfigKeys (ConfUtils.java:logGet(46)) - raft.server.storage.dir = [/home/runner/work/ozone/ozone/hadoop-ozone/integration-test/target/test-dir/MiniOzoneClusterImpl-6b6317f5-37ef-4289-9029-d6045239d9e9/datanode-1/data/ratis] (custom)
2022-10-09 13:03:58,577 [pool-96-thread-1] INFO  server.RaftServerConfigKeys (ConfUtils.java:logGet(46)) - raft.server.log.corruption.policy = EXCEPTION (default)
2022-10-09 13:03:58,577 [pool-96-thread-1] INFO  server.RaftServerConfigKeys (ConfUtils.java:logGet(46)) - raft.server.storage.free-space.min = 0MB (=0) (default)
2022-10-09 13:03:58,578 [pool-96-thread-1] INFO  storage.RaftStorageDirectory (RaftStorageDirectoryImpl.java:analyzeStorage(135)) - The storage directory /home/runner/work/ozone/ozone/hadoop-ozone/integration-test/target/test-dir/MiniOzoneClusterImpl-6b6317f5-37ef-4289-9029-d6045239d9e9/datanode-1/data/ratis/231a8a19-f884-4bf7-9930-86bb596b74d6 does not exist. Creating ...
2022-10-09 13:03:58,579 [pool-96-thread-1] INFO  storage.RaftStorageDirectory (RaftStorageDirectoryImpl.java:tryLock(230)) - Lock on /home/runner/work/ozone/ozone/hadoop-ozone/integration-test/target/test-dir/MiniOzoneClusterImpl-6b6317f5-37ef-4289-9029-d6045239d9e9/datanode-1/data/ratis/231a8a19-f884-4bf7-9930-86bb596b74d6/in_use.lock acquired by nodename 13094@fv-az212-628
2022-10-09 13:03:58,580 [pool-96-thread-1] INFO  storage.RaftStorage (RaftStorageImpl.java:format(89)) - Storage directory /home/runner/work/ozone/ozone/hadoop-ozone/integration-test/target/test-dir/MiniOzoneClusterImpl-6b6317f5-37ef-4289-9029-d6045239d9e9/datanode-1/data/ratis/231a8a19-f884-4bf7-9930-86bb596b74d6 has been successfully formatted.
2022-10-09 13:03:58,581 [pool-96-thread-1] INFO  ratis.ContainerStateMachine (ContainerStateMachine.java:loadSnapshot(236)) - group-86BB596B74D6: The snapshot info is null. Setting the last applied indexto:(t:0, i:~)
2022-10-09 13:03:58,581 [pool-96-thread-1] INFO  server.RaftServerConfigKeys (ConfUtils.java:logGet(46)) - raft.server.notification.no-leader.timeout = 300s (custom)
2022-10-09 13:03:58,581 [pool-96-thread-1] INFO  server.RaftServerConfigKeys (ConfUtils.java:logGet(46)) - raft.server.log.use.memory = false (default)
2022-10-09 13:03:58,581 [pool-96-thread-1] INFO  server.RaftServerConfigKeys (ConfUtils.java:logGet(46)) - raft.server.log.purge.gap = 1000000 (custom)
2022-10-09 13:03:58,581 [pool-96-thread-1] INFO  server.RaftServerConfigKeys (ConfUtils.java:logGet(46)) - raft.server.log.appender.buffer.byte-limit = 33554432 (custom)
2022-10-09 13:03:58,581 [pool-96-thread-1] INFO  server.RaftServerConfigKeys (ConfUtils.java:logGet(46)) - raft.server.log.statemachine.data.read.timeout = 1000ms (default)
2022-10-09 13:03:58,581 [pool-96-thread-1] INFO  server.RaftServerConfigKeys (ConfUtils.java:logGet(46)) - raft.server.log.segment.size.max = 1048576 (custom)
2022-10-09 13:03:58,582 [pool-96-thread-1] INFO  server.RaftServerConfigKeys (ConfUtils.java:logGet(46)) - raft.server.log.segment.cache.num.max = 2 (custom)
2022-10-09 13:03:58,582 [pool-96-thread-1] INFO  server.RaftServerConfigKeys (ConfUtils.java:logGet(46)) - raft.server.log.segment.cache.size.max = 200MB (=209715200) (default)
2022-10-09 13:03:58,582 [pool-96-thread-1] INFO  segmented.SegmentedRaftLogWorker (SegmentedRaftLogWorker.java:<init>(187)) - new 35fd77c5-1f23-44b5-b15d-a7cf87b6731e@group-86BB596B74D6-SegmentedRaftLogWorker for RaftStorageImpl:Storage Directory /home/runner/work/ozone/ozone/hadoop-ozone/integration-test/target/test-dir/MiniOzoneClusterImpl-6b6317f5-37ef-4289-9029-d6045239d9e9/datanode-1/data/ratis/231a8a19-f884-4bf7-9930-86bb596b74d6
2022-10-09 13:03:58,582 [pool-96-thread-1] INFO  server.RaftServerConfigKeys (ConfUtils.java:logGet(46)) - raft.server.log.queue.byte-limit = 4294967296 (custom)
2022-10-09 13:03:58,582 [pool-96-thread-1] INFO  server.RaftServerConfigKeys (ConfUtils.java:logGet(46)) - raft.server.log.queue.element-limit = 1024 (custom)
2022-10-09 13:03:58,582 [pool-96-thread-1] INFO  server.RaftServerConfigKeys (ConfUtils.java:logGet(46)) - raft.server.log.segment.size.max = 1048576 (custom)
2022-10-09 13:03:58,582 [pool-96-thread-1] INFO  server.RaftServerConfigKeys (ConfUtils.java:logGet(46)) - raft.server.log.preallocated.size = 16384 (custom)
2022-10-09 13:03:58,582 [pool-96-thread-1] INFO  server.RaftServerConfigKeys (ConfUtils.java:logGet(46)) - raft.server.log.force.sync.num = 128 (default)
2022-10-09 13:03:58,582 [pool-96-thread-1] INFO  server.RaftServerConfigKeys (ConfUtils.java:logGet(46)) - raft.server.log.statemachine.data.sync = true (default)
2022-10-09 13:03:58,582 [pool-96-thread-1] INFO  server.RaftServerConfigKeys (ConfUtils.java:logGet(46)) - raft.server.log.statemachine.data.sync.timeout = 10s (default)
2022-10-09 13:03:58,582 [pool-96-thread-1] INFO  server.RaftServerConfigKeys (ConfUtils.java:logGet(46)) - raft.server.log.statemachine.data.sync.timeout.retry = -1 (default)
2022-10-09 13:03:58,583 [pool-96-thread-1] INFO  server.RaftServerConfigKeys (ConfUtils.java:logGet(46)) - raft.server.log.write.buffer.size = 1048576 (custom)
2022-10-09 13:03:58,584 [pool-96-thread-1] INFO  server.RaftServerConfigKeys (ConfUtils.java:logGet(46)) - raft.server.log.unsafe-flush.enabled = false (default)
2022-10-09 13:03:58,584 [pool-96-thread-1] INFO  server.RaftServerConfigKeys (ConfUtils.java:logGet(46)) - raft.server.log.statemachine.data.caching.enabled = true (custom)
2022-10-09 13:03:58,584 [pool-96-thread-1] INFO  segmented.SegmentedRaftLogWorker (SegmentedRaftLogWorker.java:lambda$new$0(135)) - 35fd77c5-1f23-44b5-b15d-a7cf87b6731e@group-86BB596B74D6-SegmentedRaftLogWorker: flushIndex: setUnconditionally 0 -> -1
2022-10-09 13:03:58,590 [pool-96-thread-1] INFO  segmented.SegmentedRaftLogWorker (SegmentedRaftLogWorker.java:lambda$new$0(135)) - 35fd77c5-1f23-44b5-b15d-a7cf87b6731e@group-86BB596B74D6-SegmentedRaftLogWorker: safeCacheEvictIndex: setUnconditionally 0 -> -1
2022-10-09 13:03:58,590 [pool-96-thread-1] INFO  server.RaftServerConfigKeys (ConfUtils.java:logGet(46)) - raft.server.snapshot.auto.trigger.enabled = true (custom)
2022-10-09 13:03:58,590 [pool-96-thread-1] INFO  server.RaftServerConfigKeys (ConfUtils.java:logGet(46)) - raft.server.snapshot.auto.trigger.threshold = 10000 (custom)
2022-10-09 13:03:58,590 [pool-96-thread-1] INFO  server.RaftServerConfigKeys (ConfUtils.java:logGet(46)) - raft.server.snapshot.retention.file.num = 5 (custom)
2022-10-09 13:03:58,590 [pool-96-thread-1] INFO  server.RaftServerConfigKeys (ConfUtils.java:logGet(46)) - raft.server.log.purge.upto.snapshot.index = false (default)
2022-10-09 13:03:58,590 [pool-96-thread-1] INFO  server.RaftServerConfigKeys (ConfUtils.java:logGet(46)) - raft.server.retrycache.expirytime = 600000ms (custom)
2022-10-09 13:03:58,590 [pool-96-thread-1] INFO  server.RaftServerConfigKeys (ConfUtils.java:logGet(46)) - raft.server.retrycache.statistics.expirytime = 100μs (default)
2022-10-09 13:03:58,592 [pool-96-thread-1] INFO  server.RaftServerConfigKeys (ConfUtils.java:logGet(46)) - raft.server.log.appender.install.snapshot.enabled = false (custom)
2022-10-09 13:03:58,593 [EventQueue-OpenPipelineForHealthyPipelineSafeModeRule] INFO  safemode.SCMSafeModeManager (HealthyPipelineSafeModeRule.java:process(137)) - SCM in safe mode. Healthy pipelines reported count is 0, required healthy pipeline reported count is 1
2022-10-09 13:03:58,595 [pool-96-thread-1] INFO  server.RaftServerConfigKeys (ConfUtils.java:logGet(46)) - raft.server.threadpool.server.cached = true (default)
2022-10-09 13:03:58,596 [pool-96-thread-1] INFO  server.RaftServerConfigKeys (ConfUtils.java:logGet(46)) - raft.server.threadpool.server.size = 0 (default)
2022-10-09 13:03:58,596 [pool-96-thread-1] INFO  server.RaftServerConfigKeys (ConfUtils.java:logGet(46)) - raft.server.threadpool.client.cached = true (default)
2022-10-09 13:03:58,596 [pool-96-thread-1] INFO  server.RaftServerConfigKeys (ConfUtils.java:logGet(46)) - raft.server.threadpool.client.size = 0 (default)
2022-10-09 13:03:58,596 [pool-96-thread-1] INFO  server.RaftServer$Division (RaftServerImpl.java:start(310)) - 35fd77c5-1f23-44b5-b15d-a7cf87b6731e@group-86BB596B74D6: start as a follower, conf=-1: [35fd77c5-1f23-44b5-b15d-a7cf87b6731e|rpc:10.1.0.209:41389|priority:1, 2db59515-9e3b-4889-b4e8-582beecf5a37|rpc:10.1.0.209:43077|priority:0, b3799363-510b-4b0d-b719-e4308f1034ba|rpc:10.1.0.209:41135|priority:0], old=null
2022-10-09 13:03:58,596 [pool-96-thread-1] INFO  server.RaftServer$Division (RaftServerImpl.java:setRole(299)) - 35fd77c5-1f23-44b5-b15d-a7cf87b6731e@group-86BB596B74D6: changes role from      null to FOLLOWER at term 0 for startAsFollower
2022-10-09 13:03:58,596 [pool-96-thread-1] INFO  impl.RoleInfo (RoleInfo.java:updateAndGet(139)) - 35fd77c5-1f23-44b5-b15d-a7cf87b6731e: start 35fd77c5-1f23-44b5-b15d-a7cf87b6731e@group-86BB596B74D6-FollowerState
2022-10-09 13:03:58,601 [pool-96-thread-1] INFO  util.JmxRegister (JmxRegister.java:tryRegister(44)) - Successfully registered JMX Bean with object name Ratis:service=RaftServer,group=group-86BB596B74D6,id=35fd77c5-1f23-44b5-b15d-a7cf87b6731e
2022-10-09 13:03:58,603 [Command processor thread] INFO  ratis.XceiverServerRatis (XceiverServerRatis.java:addGroup(765)) - Created group PipelineID=231a8a19-f884-4bf7-9930-86bb596b74d6
2022-10-09 13:03:58,706 [grpc-default-executor-1] INFO  server.RaftServer (RaftServerProxy.java:addNew(96)) - b3799363-510b-4b0d-b719-e4308f1034ba: addNew group-86BB596B74D6:[35fd77c5-1f23-44b5-b15d-a7cf87b6731e|rpc:10.1.0.209:41389|dataStream:|priority:1, 2db59515-9e3b-4889-b4e8-582beecf5a37|rpc:10.1.0.209:43077|dataStream:|priority:0, b3799363-510b-4b0d-b719-e4308f1034ba|rpc:10.1.0.209:41135|dataStream:|priority:0] returns group-86BB596B74D6:java.util.concurrent.CompletableFuture@3b6e556c[Not completed]
2022-10-09 13:03:58,714 [pool-119-thread-1] INFO  server.RaftServer$Division (RaftServerImpl.java:<init>(190)) - b3799363-510b-4b0d-b719-e4308f1034ba: new RaftServerImpl for group-86BB596B74D6:[35fd77c5-1f23-44b5-b15d-a7cf87b6731e|rpc:10.1.0.209:41389|dataStream:|priority:1, 2db59515-9e3b-4889-b4e8-582beecf5a37|rpc:10.1.0.209:43077|dataStream:|priority:0, b3799363-510b-4b0d-b719-e4308f1034ba|rpc:10.1.0.209:41135|dataStream:|priority:0] with ContainerStateMachine:uninitialized
2022-10-09 13:03:58,714 [pool-119-thread-1] INFO  server.RaftServerConfigKeys (ConfUtils.java:logGet(46)) - raft.server.rpc.timeout.min = 5s (custom)
2022-10-09 13:03:58,714 [pool-119-thread-1] INFO  server.RaftServerConfigKeys (ConfUtils.java:logGet(46)) - raft.server.rpc.timeout.max = 5200ms (custom)
2022-10-09 13:03:58,714 [pool-119-thread-1] INFO  server.RaftServerConfigKeys (ConfUtils.java:logGet(46)) - raft.server.rpc.sleep.time = 25ms (default)
2022-10-09 13:03:58,714 [pool-119-thread-1] INFO  server.RaftServerConfigKeys (ConfUtils.java:logGet(46)) - raft.server.rpc.slowness.timeout = 300s (custom)
2022-10-09 13:03:58,714 [pool-119-thread-1] INFO  server.RaftServerConfigKeys (ConfUtils.java:logGet(46)) - raft.server.leaderelection.leader.step-down.wait-time = 10s (default)
2022-10-09 13:03:58,715 [pool-119-thread-1] INFO  server.RaftServerConfigKeys (ConfUtils.java:logGet(46)) - raft.server.sleep.deviation.threshold = 300ms (default)
2022-10-09 13:03:58,715 [pool-119-thread-1] INFO  server.RaftServer$Division (ServerState.java:<init>(107)) - b3799363-510b-4b0d-b719-e4308f1034ba@group-86BB596B74D6: ConfigurationManager, init=-1: [35fd77c5-1f23-44b5-b15d-a7cf87b6731e|rpc:10.1.0.209:41389|dataStream:|priority:1, 2db59515-9e3b-4889-b4e8-582beecf5a37|rpc:10.1.0.209:43077|dataStream:|priority:0, b3799363-510b-4b0d-b719-e4308f1034ba|rpc:10.1.0.209:41135|dataStream:|priority:0], old=null, confs=<EMPTY_MAP>
2022-10-09 13:03:58,715 [pool-119-thread-1] INFO  server.RaftServerConfigKeys (ConfUtils.java:logGet(46)) - raft.server.storage.dir = [/home/runner/work/ozone/ozone/hadoop-ozone/integration-test/target/test-dir/MiniOzoneClusterImpl-6b6317f5-37ef-4289-9029-d6045239d9e9/datanode-2/data/ratis] (custom)
2022-10-09 13:03:58,715 [pool-119-thread-1] INFO  server.RaftServerConfigKeys (ConfUtils.java:logGet(46)) - raft.server.log.corruption.policy = EXCEPTION (default)
2022-10-09 13:03:58,715 [pool-119-thread-1] INFO  server.RaftServerConfigKeys (ConfUtils.java:logGet(46)) - raft.server.storage.free-space.min = 0MB (=0) (default)
2022-10-09 13:03:58,715 [pool-119-thread-1] INFO  storage.RaftStorageDirectory (RaftStorageDirectoryImpl.java:analyzeStorage(135)) - The storage directory /home/runner/work/ozone/ozone/hadoop-ozone/integration-test/target/test-dir/MiniOzoneClusterImpl-6b6317f5-37ef-4289-9029-d6045239d9e9/datanode-2/data/ratis/231a8a19-f884-4bf7-9930-86bb596b74d6 does not exist. Creating ...
2022-10-09 13:03:58,717 [pool-119-thread-1] INFO  storage.RaftStorageDirectory (RaftStorageDirectoryImpl.java:tryLock(230)) - Lock on /home/runner/work/ozone/ozone/hadoop-ozone/integration-test/target/test-dir/MiniOzoneClusterImpl-6b6317f5-37ef-4289-9029-d6045239d9e9/datanode-2/data/ratis/231a8a19-f884-4bf7-9930-86bb596b74d6/in_use.lock acquired by nodename 13094@fv-az212-628
2022-10-09 13:03:58,719 [pool-119-thread-1] INFO  storage.RaftStorage (RaftStorageImpl.java:format(89)) - Storage directory /home/runner/work/ozone/ozone/hadoop-ozone/integration-test/target/test-dir/MiniOzoneClusterImpl-6b6317f5-37ef-4289-9029-d6045239d9e9/datanode-2/data/ratis/231a8a19-f884-4bf7-9930-86bb596b74d6 has been successfully formatted.
2022-10-09 13:03:58,726 [pool-119-thread-1] INFO  ratis.ContainerStateMachine (ContainerStateMachine.java:loadSnapshot(236)) - group-86BB596B74D6: The snapshot info is null. Setting the last applied indexto:(t:0, i:~)
2022-10-09 13:03:58,727 [pool-119-thread-1] INFO  server.RaftServerConfigKeys (ConfUtils.java:logGet(46)) - raft.server.notification.no-leader.timeout = 300s (custom)
2022-10-09 13:03:58,727 [pool-119-thread-1] INFO  server.RaftServerConfigKeys (ConfUtils.java:logGet(46)) - raft.server.log.use.memory = false (default)
2022-10-09 13:03:58,727 [pool-119-thread-1] INFO  server.RaftServerConfigKeys (ConfUtils.java:logGet(46)) - raft.server.log.purge.gap = 1000000 (custom)
2022-10-09 13:03:58,727 [pool-119-thread-1] INFO  server.RaftServerConfigKeys (ConfUtils.java:logGet(46)) - raft.server.log.appender.buffer.byte-limit = 33554432 (custom)
2022-10-09 13:03:58,727 [pool-119-thread-1] INFO  server.RaftServerConfigKeys (ConfUtils.java:logGet(46)) - raft.server.log.statemachine.data.read.timeout = 1000ms (default)
2022-10-09 13:03:58,728 [pool-119-thread-1] INFO  server.RaftServerConfigKeys (ConfUtils.java:logGet(46)) - raft.server.log.segment.size.max = 1048576 (custom)
2022-10-09 13:03:58,728 [pool-119-thread-1] INFO  server.RaftServerConfigKeys (ConfUtils.java:logGet(46)) - raft.server.log.segment.cache.num.max = 2 (custom)
2022-10-09 13:03:58,728 [pool-119-thread-1] INFO  server.RaftServerConfigKeys (ConfUtils.java:logGet(46)) - raft.server.log.segment.cache.size.max = 200MB (=209715200) (default)
2022-10-09 13:03:58,728 [pool-119-thread-1] INFO  segmented.SegmentedRaftLogWorker (SegmentedRaftLogWorker.java:<init>(187)) - new b3799363-510b-4b0d-b719-e4308f1034ba@group-86BB596B74D6-SegmentedRaftLogWorker for RaftStorageImpl:Storage Directory /home/runner/work/ozone/ozone/hadoop-ozone/integration-test/target/test-dir/MiniOzoneClusterImpl-6b6317f5-37ef-4289-9029-d6045239d9e9/datanode-2/data/ratis/231a8a19-f884-4bf7-9930-86bb596b74d6
2022-10-09 13:03:58,728 [pool-119-thread-1] INFO  server.RaftServerConfigKeys (ConfUtils.java:logGet(46)) - raft.server.log.queue.byte-limit = 4294967296 (custom)
2022-10-09 13:03:58,728 [pool-119-thread-1] INFO  server.RaftServerConfigKeys (ConfUtils.java:logGet(46)) - raft.server.log.queue.element-limit = 1024 (custom)
2022-10-09 13:03:58,729 [pool-119-thread-1] INFO  server.RaftServerConfigKeys (ConfUtils.java:logGet(46)) - raft.server.log.segment.size.max = 1048576 (custom)
2022-10-09 13:03:58,729 [pool-119-thread-1] INFO  server.RaftServerConfigKeys (ConfUtils.java:logGet(46)) - raft.server.log.preallocated.size = 16384 (custom)
2022-10-09 13:03:58,729 [pool-119-thread-1] INFO  server.RaftServerConfigKeys (ConfUtils.java:logGet(46)) - raft.server.log.force.sync.num = 128 (default)
2022-10-09 13:03:58,729 [pool-119-thread-1] INFO  server.RaftServerConfigKeys (ConfUtils.java:logGet(46)) - raft.server.log.statemachine.data.sync = true (default)
2022-10-09 13:03:58,729 [pool-119-thread-1] INFO  server.RaftServerConfigKeys (ConfUtils.java:logGet(46)) - raft.server.log.statemachine.data.sync.timeout = 10s (default)
2022-10-09 13:03:58,729 [pool-119-thread-1] INFO  server.RaftServerConfigKeys (ConfUtils.java:logGet(46)) - raft.server.log.statemachine.data.sync.timeout.retry = -1 (default)
2022-10-09 13:03:58,729 [pool-119-thread-1] INFO  server.RaftServerConfigKeys (ConfUtils.java:logGet(46)) - raft.server.log.write.buffer.size = 1048576 (custom)
2022-10-09 13:03:58,730 [pool-119-thread-1] INFO  server.RaftServerConfigKeys (ConfUtils.java:logGet(46)) - raft.server.log.unsafe-flush.enabled = false (default)
2022-10-09 13:03:58,730 [pool-119-thread-1] INFO  server.RaftServerConfigKeys (ConfUtils.java:logGet(46)) - raft.server.log.statemachine.data.caching.enabled = true (custom)
2022-10-09 13:03:58,730 [pool-119-thread-1] INFO  segmented.SegmentedRaftLogWorker (SegmentedRaftLogWorker.java:lambda$new$0(135)) - b3799363-510b-4b0d-b719-e4308f1034ba@group-86BB596B74D6-SegmentedRaftLogWorker: flushIndex: setUnconditionally 0 -> -1
2022-10-09 13:03:58,731 [pool-119-thread-1] INFO  segmented.SegmentedRaftLogWorker (SegmentedRaftLogWorker.java:lambda$new$0(135)) - b3799363-510b-4b0d-b719-e4308f1034ba@group-86BB596B74D6-SegmentedRaftLogWorker: safeCacheEvictIndex: setUnconditionally 0 -> -1
2022-10-09 13:03:58,732 [pool-119-thread-1] INFO  server.RaftServerConfigKeys (ConfUtils.java:logGet(46)) - raft.server.snapshot.auto.trigger.enabled = true (custom)
2022-10-09 13:03:58,732 [pool-119-thread-1] INFO  server.RaftServerConfigKeys (ConfUtils.java:logGet(46)) - raft.server.snapshot.auto.trigger.threshold = 10000 (custom)
2022-10-09 13:03:58,732 [pool-119-thread-1] INFO  server.RaftServerConfigKeys (ConfUtils.java:logGet(46)) - raft.server.snapshot.retention.file.num = 5 (custom)
2022-10-09 13:03:58,732 [pool-119-thread-1] INFO  server.RaftServerConfigKeys (ConfUtils.java:logGet(46)) - raft.server.log.purge.upto.snapshot.index = false (default)
2022-10-09 13:03:58,732 [pool-119-thread-1] INFO  server.RaftServerConfigKeys (ConfUtils.java:logGet(46)) - raft.server.retrycache.expirytime = 600000ms (custom)
2022-10-09 13:03:58,733 [pool-119-thread-1] INFO  server.RaftServerConfigKeys (ConfUtils.java:logGet(46)) - raft.server.retrycache.statistics.expirytime = 100μs (default)
2022-10-09 13:03:58,734 [pool-119-thread-1] INFO  server.RaftServerConfigKeys (ConfUtils.java:logGet(46)) - raft.server.log.appender.install.snapshot.enabled = false (custom)
2022-10-09 13:03:58,734 [pool-119-thread-1] INFO  server.RaftServerConfigKeys (ConfUtils.java:logGet(46)) - raft.server.threadpool.server.cached = true (default)
2022-10-09 13:03:58,734 [pool-119-thread-1] INFO  server.RaftServerConfigKeys (ConfUtils.java:logGet(46)) - raft.server.threadpool.server.size = 0 (default)
2022-10-09 13:03:58,734 [pool-119-thread-1] INFO  server.RaftServerConfigKeys (ConfUtils.java:logGet(46)) - raft.server.threadpool.client.cached = true (default)
2022-10-09 13:03:58,734 [pool-119-thread-1] INFO  server.RaftServerConfigKeys (ConfUtils.java:logGet(46)) - raft.server.threadpool.client.size = 0 (default)
2022-10-09 13:03:58,734 [pool-119-thread-1] INFO  server.RaftServer$Division (RaftServerImpl.java:start(310)) - b3799363-510b-4b0d-b719-e4308f1034ba@group-86BB596B74D6: start as a follower, conf=-1: [35fd77c5-1f23-44b5-b15d-a7cf87b6731e|rpc:10.1.0.209:41389|dataStream:|priority:1, 2db59515-9e3b-4889-b4e8-582beecf5a37|rpc:10.1.0.209:43077|dataStream:|priority:0, b3799363-510b-4b0d-b719-e4308f1034ba|rpc:10.1.0.209:41135|dataStream:|priority:0], old=null
2022-10-09 13:03:58,734 [pool-119-thread-1] INFO  server.RaftServer$Division (RaftServerImpl.java:setRole(299)) - b3799363-510b-4b0d-b719-e4308f1034ba@group-86BB596B74D6: changes role from      null to FOLLOWER at term 0 for startAsFollower
2022-10-09 13:03:58,734 [pool-119-thread-1] INFO  impl.RoleInfo (RoleInfo.java:updateAndGet(139)) - b3799363-510b-4b0d-b719-e4308f1034ba: start b3799363-510b-4b0d-b719-e4308f1034ba@group-86BB596B74D6-FollowerState
2022-10-09 13:03:58,734 [pool-119-thread-1] INFO  util.JmxRegister (JmxRegister.java:tryRegister(44)) - Successfully registered JMX Bean with object name Ratis:service=RaftServer,group=group-86BB596B74D6,id=b3799363-510b-4b0d-b719-e4308f1034ba
2022-10-09 13:03:58,845 [Command processor thread] INFO  server.RaftServer (RaftServerProxy.java:addNew(96)) - b3799363-510b-4b0d-b719-e4308f1034ba: addNew group-63F2606E9A22:[b3799363-510b-4b0d-b719-e4308f1034ba|rpc:10.1.0.209:41135|priority:1] returns group-63F2606E9A22:java.util.concurrent.CompletableFuture@b7edb65[Not completed]
2022-10-09 13:03:58,846 [pool-119-thread-1] INFO  server.RaftServer$Division (RaftServerImpl.java:<init>(190)) - b3799363-510b-4b0d-b719-e4308f1034ba: new RaftServerImpl for group-63F2606E9A22:[b3799363-510b-4b0d-b719-e4308f1034ba|rpc:10.1.0.209:41135|priority:1] with ContainerStateMachine:uninitialized
2022-10-09 13:03:58,846 [pool-119-thread-1] INFO  server.RaftServerConfigKeys (ConfUtils.java:logGet(46)) - raft.server.rpc.timeout.min = 5s (custom)
2022-10-09 13:03:58,846 [pool-119-thread-1] INFO  server.RaftServerConfigKeys (ConfUtils.java:logGet(46)) - raft.server.rpc.timeout.max = 5200ms (custom)
2022-10-09 13:03:58,846 [pool-119-thread-1] INFO  server.RaftServerConfigKeys (ConfUtils.java:logGet(46)) - raft.server.rpc.sleep.time = 25ms (default)
2022-10-09 13:03:58,846 [pool-119-thread-1] INFO  server.RaftServerConfigKeys (ConfUtils.java:logGet(46)) - raft.server.rpc.slowness.timeout = 300s (custom)
2022-10-09 13:03:58,847 [pool-119-thread-1] INFO  server.RaftServerConfigKeys (ConfUtils.java:logGet(46)) - raft.server.leaderelection.leader.step-down.wait-time = 10s (default)
2022-10-09 13:03:58,847 [pool-119-thread-1] INFO  server.RaftServerConfigKeys (ConfUtils.java:logGet(46)) - raft.server.sleep.deviation.threshold = 300ms (default)
2022-10-09 13:03:58,847 [pool-119-thread-1] INFO  server.RaftServer$Division (ServerState.java:<init>(107)) - b3799363-510b-4b0d-b719-e4308f1034ba@group-63F2606E9A22: ConfigurationManager, init=-1: [b3799363-510b-4b0d-b719-e4308f1034ba|rpc:10.1.0.209:41135|priority:1], old=null, confs=<EMPTY_MAP>
2022-10-09 13:03:58,847 [pool-119-thread-1] INFO  server.RaftServerConfigKeys (ConfUtils.java:logGet(46)) - raft.server.storage.dir = [/home/runner/work/ozone/ozone/hadoop-ozone/integration-test/target/test-dir/MiniOzoneClusterImpl-6b6317f5-37ef-4289-9029-d6045239d9e9/datanode-2/data/ratis] (custom)
2022-10-09 13:03:58,847 [pool-119-thread-1] INFO  server.RaftServerConfigKeys (ConfUtils.java:logGet(46)) - raft.server.log.corruption.policy = EXCEPTION (default)
2022-10-09 13:03:58,847 [pool-119-thread-1] INFO  server.RaftServerConfigKeys (ConfUtils.java:logGet(46)) - raft.server.storage.free-space.min = 0MB (=0) (default)
2022-10-09 13:03:58,847 [pool-119-thread-1] INFO  storage.RaftStorageDirectory (RaftStorageDirectoryImpl.java:analyzeStorage(135)) - The storage directory /home/runner/work/ozone/ozone/hadoop-ozone/integration-test/target/test-dir/MiniOzoneClusterImpl-6b6317f5-37ef-4289-9029-d6045239d9e9/datanode-2/data/ratis/7b98a25b-600c-4d9e-a35b-63f2606e9a22 does not exist. Creating ...
2022-10-09 13:03:58,849 [pool-119-thread-1] INFO  storage.RaftStorageDirectory (RaftStorageDirectoryImpl.java:tryLock(230)) - Lock on /home/runner/work/ozone/ozone/hadoop-ozone/integration-test/target/test-dir/MiniOzoneClusterImpl-6b6317f5-37ef-4289-9029-d6045239d9e9/datanode-2/data/ratis/7b98a25b-600c-4d9e-a35b-63f2606e9a22/in_use.lock acquired by nodename 13094@fv-az212-628
2022-10-09 13:03:58,851 [pool-119-thread-1] INFO  storage.RaftStorage (RaftStorageImpl.java:format(89)) - Storage directory /home/runner/work/ozone/ozone/hadoop-ozone/integration-test/target/test-dir/MiniOzoneClusterImpl-6b6317f5-37ef-4289-9029-d6045239d9e9/datanode-2/data/ratis/7b98a25b-600c-4d9e-a35b-63f2606e9a22 has been successfully formatted.
2022-10-09 13:03:58,851 [pool-119-thread-1] INFO  ratis.ContainerStateMachine (ContainerStateMachine.java:loadSnapshot(236)) - group-63F2606E9A22: The snapshot info is null. Setting the last applied indexto:(t:0, i:~)
2022-10-09 13:03:58,851 [pool-119-thread-1] INFO  server.RaftServerConfigKeys (ConfUtils.java:logGet(46)) - raft.server.notification.no-leader.timeout = 300s (custom)
2022-10-09 13:03:58,851 [pool-119-thread-1] INFO  server.RaftServerConfigKeys (ConfUtils.java:logGet(46)) - raft.server.log.use.memory = false (default)
2022-10-09 13:03:58,851 [pool-119-thread-1] INFO  server.RaftServerConfigKeys (ConfUtils.java:logGet(46)) - raft.server.log.purge.gap = 1000000 (custom)
2022-10-09 13:03:58,851 [pool-119-thread-1] INFO  server.RaftServerConfigKeys (ConfUtils.java:logGet(46)) - raft.server.log.appender.buffer.byte-limit = 33554432 (custom)
2022-10-09 13:03:58,852 [pool-119-thread-1] INFO  server.RaftServerConfigKeys (ConfUtils.java:logGet(46)) - raft.server.log.statemachine.data.read.timeout = 1000ms (default)
2022-10-09 13:03:58,853 [pool-119-thread-1] INFO  server.RaftServerConfigKeys (ConfUtils.java:logGet(46)) - raft.server.log.segment.size.max = 1048576 (custom)
2022-10-09 13:03:58,853 [pool-119-thread-1] INFO  server.RaftServerConfigKeys (ConfUtils.java:logGet(46)) - raft.server.log.segment.cache.num.max = 2 (custom)
2022-10-09 13:03:58,853 [pool-119-thread-1] INFO  server.RaftServerConfigKeys (ConfUtils.java:logGet(46)) - raft.server.log.segment.cache.size.max = 200MB (=209715200) (default)
2022-10-09 13:03:58,853 [pool-119-thread-1] INFO  segmented.SegmentedRaftLogWorker (SegmentedRaftLogWorker.java:<init>(187)) - new b3799363-510b-4b0d-b719-e4308f1034ba@group-63F2606E9A22-SegmentedRaftLogWorker for RaftStorageImpl:Storage Directory /home/runner/work/ozone/ozone/hadoop-ozone/integration-test/target/test-dir/MiniOzoneClusterImpl-6b6317f5-37ef-4289-9029-d6045239d9e9/datanode-2/data/ratis/7b98a25b-600c-4d9e-a35b-63f2606e9a22
2022-10-09 13:03:58,853 [pool-119-thread-1] INFO  server.RaftServerConfigKeys (ConfUtils.java:logGet(46)) - raft.server.log.queue.byte-limit = 4294967296 (custom)
2022-10-09 13:03:58,853 [pool-119-thread-1] INFO  server.RaftServerConfigKeys (ConfUtils.java:logGet(46)) - raft.server.log.queue.element-limit = 1024 (custom)
2022-10-09 13:03:58,853 [pool-119-thread-1] INFO  server.RaftServerConfigKeys (ConfUtils.java:logGet(46)) - raft.server.log.segment.size.max = 1048576 (custom)
2022-10-09 13:03:58,853 [pool-119-thread-1] INFO  server.RaftServerConfigKeys (ConfUtils.java:logGet(46)) - raft.server.log.preallocated.size = 16384 (custom)
2022-10-09 13:03:58,853 [pool-119-thread-1] INFO  server.RaftServerConfigKeys (ConfUtils.java:logGet(46)) - raft.server.log.force.sync.num = 128 (default)
2022-10-09 13:03:58,853 [pool-119-thread-1] INFO  server.RaftServerConfigKeys (ConfUtils.java:logGet(46)) - raft.server.log.statemachine.data.sync = true (default)
2022-10-09 13:03:58,853 [pool-119-thread-1] INFO  server.RaftServerConfigKeys (ConfUtils.java:logGet(46)) - raft.server.log.statemachine.data.sync.timeout = 10s (default)
2022-10-09 13:03:58,853 [pool-119-thread-1] INFO  server.RaftServerConfigKeys (ConfUtils.java:logGet(46)) - raft.server.log.statemachine.data.sync.timeout.retry = -1 (default)
2022-10-09 13:03:58,854 [pool-119-thread-1] INFO  server.RaftServerConfigKeys (ConfUtils.java:logGet(46)) - raft.server.log.write.buffer.size = 1048576 (custom)
2022-10-09 13:03:58,855 [pool-119-thread-1] INFO  server.RaftServerConfigKeys (ConfUtils.java:logGet(46)) - raft.server.log.unsafe-flush.enabled = false (default)
2022-10-09 13:03:58,855 [pool-119-thread-1] INFO  server.RaftServerConfigKeys (ConfUtils.java:logGet(46)) - raft.server.log.statemachine.data.caching.enabled = true (custom)
2022-10-09 13:03:58,855 [pool-119-thread-1] INFO  segmented.SegmentedRaftLogWorker (SegmentedRaftLogWorker.java:lambda$new$0(135)) - b3799363-510b-4b0d-b719-e4308f1034ba@group-63F2606E9A22-SegmentedRaftLogWorker: flushIndex: setUnconditionally 0 -> -1
2022-10-09 13:03:58,855 [pool-119-thread-1] INFO  segmented.SegmentedRaftLogWorker (SegmentedRaftLogWorker.java:lambda$new$0(135)) - b3799363-510b-4b0d-b719-e4308f1034ba@group-63F2606E9A22-SegmentedRaftLogWorker: safeCacheEvictIndex: setUnconditionally 0 -> -1
2022-10-09 13:03:58,858 [pool-119-thread-1] INFO  server.RaftServerConfigKeys (ConfUtils.java:logGet(46)) - raft.server.snapshot.auto.trigger.enabled = true (custom)
2022-10-09 13:03:58,859 [pool-119-thread-1] INFO  server.RaftServerConfigKeys (ConfUtils.java:logGet(46)) - raft.server.snapshot.auto.trigger.threshold = 10000 (custom)
2022-10-09 13:03:58,860 [pool-119-thread-1] INFO  server.RaftServerConfigKeys (ConfUtils.java:logGet(46)) - raft.server.snapshot.retention.file.num = 5 (custom)
2022-10-09 13:03:58,860 [pool-119-thread-1] INFO  server.RaftServerConfigKeys (ConfUtils.java:logGet(46)) - raft.server.log.purge.upto.snapshot.index = false (default)
2022-10-09 13:03:58,860 [pool-119-thread-1] INFO  server.RaftServerConfigKeys (ConfUtils.java:logGet(46)) - raft.server.retrycache.expirytime = 600000ms (custom)
2022-10-09 13:03:58,860 [pool-119-thread-1] INFO  server.RaftServerConfigKeys (ConfUtils.java:logGet(46)) - raft.server.retrycache.statistics.expirytime = 100μs (default)
2022-10-09 13:03:58,861 [EventQueue-PipelineReportForPipelineReportHandler] INFO  pipeline.PipelineManagerImpl (PipelineManagerImpl.java:openPipeline(367)) - Pipeline Pipeline[ Id: 7b98a25b-600c-4d9e-a35b-63f2606e9a22, Nodes: b3799363-510b-4b0d-b719-e4308f1034ba{ip: 10.1.0.209, host: fv-az212-628.zlodpucb4l4udavnfxg5s20dva.cx.internal.cloudapp.net, ports: [REPLICATION=35525, RATIS=41135, RATIS_ADMIN=41135, RATIS_SERVER=41135, STANDALONE=38609], networkLocation: /default-rack, certSerialId: null, persistedOpState: IN_SERVICE, persistedOpStateExpiryEpochSec: 0}, ReplicationConfig: RATIS/ONE, State:ALLOCATED, leaderId:b3799363-510b-4b0d-b719-e4308f1034ba, CreationTimestamp2022-10-09T13:03:55.848Z[Etc/UTC]] moved to OPEN state
2022-10-09 13:03:58,861 [EventQueue-OpenPipelineForHealthyPipelineSafeModeRule] INFO  safemode.SCMSafeModeManager (HealthyPipelineSafeModeRule.java:process(137)) - SCM in safe mode. Healthy pipelines reported count is 0, required healthy pipeline reported count is 1
2022-10-09 13:03:58,863 [pool-119-thread-1] INFO  server.RaftServerConfigKeys (ConfUtils.java:logGet(46)) - raft.server.log.appender.install.snapshot.enabled = false (custom)
2022-10-09 13:03:58,864 [pool-119-thread-1] INFO  server.RaftServerConfigKeys (ConfUtils.java:logGet(46)) - raft.server.threadpool.server.cached = true (default)
2022-10-09 13:03:58,864 [pool-119-thread-1] INFO  server.RaftServerConfigKeys (ConfUtils.java:logGet(46)) - raft.server.threadpool.server.size = 0 (default)
2022-10-09 13:03:58,864 [pool-119-thread-1] INFO  server.RaftServerConfigKeys (ConfUtils.java:logGet(46)) - raft.server.threadpool.client.cached = true (default)
2022-10-09 13:03:58,864 [pool-119-thread-1] INFO  server.RaftServerConfigKeys (ConfUtils.java:logGet(46)) - raft.server.threadpool.client.size = 0 (default)
2022-10-09 13:03:58,865 [pool-119-thread-1] INFO  server.RaftServer$Division (RaftServerImpl.java:start(310)) - b3799363-510b-4b0d-b719-e4308f1034ba@group-63F2606E9A22: start as a follower, conf=-1: [b3799363-510b-4b0d-b719-e4308f1034ba|rpc:10.1.0.209:41135|priority:1], old=null
2022-10-09 13:03:58,865 [pool-119-thread-1] INFO  server.RaftServer$Division (RaftServerImpl.java:setRole(299)) - b3799363-510b-4b0d-b719-e4308f1034ba@group-63F2606E9A22: changes role from      null to FOLLOWER at term 0 for startAsFollower
2022-10-09 13:03:58,865 [pool-119-thread-1] INFO  impl.RoleInfo (RoleInfo.java:updateAndGet(139)) - b3799363-510b-4b0d-b719-e4308f1034ba: start b3799363-510b-4b0d-b719-e4308f1034ba@group-63F2606E9A22-FollowerState
2022-10-09 13:03:58,865 [pool-119-thread-1] INFO  util.JmxRegister (JmxRegister.java:tryRegister(44)) - Successfully registered JMX Bean with object name Ratis:service=RaftServer,group=group-63F2606E9A22,id=b3799363-510b-4b0d-b719-e4308f1034ba
2022-10-09 13:03:58,873 [Command processor thread] INFO  ratis.XceiverServerRatis (XceiverServerRatis.java:addGroup(765)) - Created group PipelineID=7b98a25b-600c-4d9e-a35b-63f2606e9a22
2022-10-09 13:03:58,873 [Command processor thread] INFO  commandhandler.CreatePipelineCommandHandler (CreatePipelineCommandHandler.java:handle(113)) - Created Pipeline RATIS ONE PipelineID=7b98a25b-600c-4d9e-a35b-63f2606e9a22.
2022-10-09 13:03:58,875 [Command processor thread] INFO  server.RaftServer (RaftServerProxy.java:addNew(96)) - b3799363-510b-4b0d-b719-e4308f1034ba: addNew group-AA03175ED787:[35fd77c5-1f23-44b5-b15d-a7cf87b6731e|rpc:10.1.0.209:41389|priority:0, 2db59515-9e3b-4889-b4e8-582beecf5a37|rpc:10.1.0.209:43077|priority:1, b3799363-510b-4b0d-b719-e4308f1034ba|rpc:10.1.0.209:41135|priority:0] returns group-AA03175ED787:java.util.concurrent.CompletableFuture@5b9347a[Not completed]
2022-10-09 13:03:58,878 [pool-119-thread-1] INFO  server.RaftServer$Division (RaftServerImpl.java:<init>(190)) - b3799363-510b-4b0d-b719-e4308f1034ba: new RaftServerImpl for group-AA03175ED787:[35fd77c5-1f23-44b5-b15d-a7cf87b6731e|rpc:10.1.0.209:41389|priority:0, 2db59515-9e3b-4889-b4e8-582beecf5a37|rpc:10.1.0.209:43077|priority:1, b3799363-510b-4b0d-b719-e4308f1034ba|rpc:10.1.0.209:41135|priority:0] with ContainerStateMachine:uninitialized
2022-10-09 13:03:58,878 [pool-119-thread-1] INFO  server.RaftServerConfigKeys (ConfUtils.java:logGet(46)) - raft.server.rpc.timeout.min = 5s (custom)
2022-10-09 13:03:58,878 [pool-119-thread-1] INFO  server.RaftServerConfigKeys (ConfUtils.java:logGet(46)) - raft.server.rpc.timeout.max = 5200ms (custom)
2022-10-09 13:03:58,878 [pool-119-thread-1] INFO  server.RaftServerConfigKeys (ConfUtils.java:logGet(46)) - raft.server.rpc.sleep.time = 25ms (default)
2022-10-09 13:03:58,878 [pool-119-thread-1] INFO  server.RaftServerConfigKeys (ConfUtils.java:logGet(46)) - raft.server.rpc.slowness.timeout = 300s (custom)
2022-10-09 13:03:58,878 [pool-119-thread-1] INFO  server.RaftServerConfigKeys (ConfUtils.java:logGet(46)) - raft.server.leaderelection.leader.step-down.wait-time = 10s (default)
2022-10-09 13:03:58,878 [pool-119-thread-1] INFO  server.RaftServerConfigKeys (ConfUtils.java:logGet(46)) - raft.server.sleep.deviation.threshold = 300ms (default)
2022-10-09 13:03:58,878 [pool-119-thread-1] INFO  server.RaftServer$Division (ServerState.java:<init>(107)) - b3799363-510b-4b0d-b719-e4308f1034ba@group-AA03175ED787: ConfigurationManager, init=-1: [35fd77c5-1f23-44b5-b15d-a7cf87b6731e|rpc:10.1.0.209:41389|priority:0, 2db59515-9e3b-4889-b4e8-582beecf5a37|rpc:10.1.0.209:43077|priority:1, b3799363-510b-4b0d-b719-e4308f1034ba|rpc:10.1.0.209:41135|priority:0], old=null, confs=<EMPTY_MAP>
2022-10-09 13:03:58,878 [pool-119-thread-1] INFO  server.RaftServerConfigKeys (ConfUtils.java:logGet(46)) - raft.server.storage.dir = [/home/runner/work/ozone/ozone/hadoop-ozone/integration-test/target/test-dir/MiniOzoneClusterImpl-6b6317f5-37ef-4289-9029-d6045239d9e9/datanode-2/data/ratis] (custom)
2022-10-09 13:03:58,878 [pool-119-thread-1] INFO  server.RaftServerConfigKeys (ConfUtils.java:logGet(46)) - raft.server.log.corruption.policy = EXCEPTION (default)
2022-10-09 13:03:58,879 [pool-119-thread-1] INFO  server.RaftServerConfigKeys (ConfUtils.java:logGet(46)) - raft.server.storage.free-space.min = 0MB (=0) (default)
2022-10-09 13:03:58,879 [pool-119-thread-1] INFO  storage.RaftStorageDirectory (RaftStorageDirectoryImpl.java:analyzeStorage(135)) - The storage directory /home/runner/work/ozone/ozone/hadoop-ozone/integration-test/target/test-dir/MiniOzoneClusterImpl-6b6317f5-37ef-4289-9029-d6045239d9e9/datanode-2/data/ratis/b9e13c73-24e8-4f98-abb1-aa03175ed787 does not exist. Creating ...
2022-10-09 13:03:58,883 [pool-119-thread-1] INFO  storage.RaftStorageDirectory (RaftStorageDirectoryImpl.java:tryLock(230)) - Lock on /home/runner/work/ozone/ozone/hadoop-ozone/integration-test/target/test-dir/MiniOzoneClusterImpl-6b6317f5-37ef-4289-9029-d6045239d9e9/datanode-2/data/ratis/b9e13c73-24e8-4f98-abb1-aa03175ed787/in_use.lock acquired by nodename 13094@fv-az212-628
2022-10-09 13:03:58,886 [pool-119-thread-1] INFO  storage.RaftStorage (RaftStorageImpl.java:format(89)) - Storage directory /home/runner/work/ozone/ozone/hadoop-ozone/integration-test/target/test-dir/MiniOzoneClusterImpl-6b6317f5-37ef-4289-9029-d6045239d9e9/datanode-2/data/ratis/b9e13c73-24e8-4f98-abb1-aa03175ed787 has been successfully formatted.
2022-10-09 13:03:58,887 [pool-119-thread-1] INFO  ratis.ContainerStateMachine (ContainerStateMachine.java:loadSnapshot(236)) - group-AA03175ED787: The snapshot info is null. Setting the last applied indexto:(t:0, i:~)
2022-10-09 13:03:58,887 [pool-119-thread-1] INFO  server.RaftServerConfigKeys (ConfUtils.java:logGet(46)) - raft.server.notification.no-leader.timeout = 300s (custom)
2022-10-09 13:03:58,887 [pool-119-thread-1] INFO  server.RaftServerConfigKeys (ConfUtils.java:logGet(46)) - raft.server.log.use.memory = false (default)
2022-10-09 13:03:58,887 [pool-119-thread-1] INFO  server.RaftServerConfigKeys (ConfUtils.java:logGet(46)) - raft.server.log.purge.gap = 1000000 (custom)
2022-10-09 13:03:58,887 [pool-119-thread-1] INFO  server.RaftServerConfigKeys (ConfUtils.java:logGet(46)) - raft.server.log.appender.buffer.byte-limit = 33554432 (custom)
2022-10-09 13:03:58,887 [pool-119-thread-1] INFO  server.RaftServerConfigKeys (ConfUtils.java:logGet(46)) - raft.server.log.statemachine.data.read.timeout = 1000ms (default)
2022-10-09 13:03:58,887 [pool-119-thread-1] INFO  server.RaftServerConfigKeys (ConfUtils.java:logGet(46)) - raft.server.log.segment.size.max = 1048576 (custom)
2022-10-09 13:03:58,888 [pool-119-thread-1] INFO  server.RaftServerConfigKeys (ConfUtils.java:logGet(46)) - raft.server.log.segment.cache.num.max = 2 (custom)
2022-10-09 13:03:58,889 [pool-119-thread-1] INFO  server.RaftServerConfigKeys (ConfUtils.java:logGet(46)) - raft.server.log.segment.cache.size.max = 200MB (=209715200) (default)
2022-10-09 13:03:58,889 [pool-119-thread-1] INFO  segmented.SegmentedRaftLogWorker (SegmentedRaftLogWorker.java:<init>(187)) - new b3799363-510b-4b0d-b719-e4308f1034ba@group-AA03175ED787-SegmentedRaftLogWorker for RaftStorageImpl:Storage Directory /home/runner/work/ozone/ozone/hadoop-ozone/integration-test/target/test-dir/MiniOzoneClusterImpl-6b6317f5-37ef-4289-9029-d6045239d9e9/datanode-2/data/ratis/b9e13c73-24e8-4f98-abb1-aa03175ed787
2022-10-09 13:03:58,889 [pool-119-thread-1] INFO  server.RaftServerConfigKeys (ConfUtils.java:logGet(46)) - raft.server.log.queue.byte-limit = 4294967296 (custom)
2022-10-09 13:03:58,889 [pool-119-thread-1] INFO  server.RaftServerConfigKeys (ConfUtils.java:logGet(46)) - raft.server.log.queue.element-limit = 1024 (custom)
2022-10-09 13:03:58,889 [pool-119-thread-1] INFO  server.RaftServerConfigKeys (ConfUtils.java:logGet(46)) - raft.server.log.segment.size.max = 1048576 (custom)
2022-10-09 13:03:58,889 [pool-119-thread-1] INFO  server.RaftServerConfigKeys (ConfUtils.java:logGet(46)) - raft.server.log.preallocated.size = 16384 (custom)
2022-10-09 13:03:58,889 [pool-119-thread-1] INFO  server.RaftServerConfigKeys (ConfUtils.java:logGet(46)) - raft.server.log.force.sync.num = 128 (default)
2022-10-09 13:03:58,889 [pool-119-thread-1] INFO  server.RaftServerConfigKeys (ConfUtils.java:logGet(46)) - raft.server.log.statemachine.data.sync = true (default)
2022-10-09 13:03:58,889 [pool-119-thread-1] INFO  server.RaftServerConfigKeys (ConfUtils.java:logGet(46)) - raft.server.log.statemachine.data.sync.timeout = 10s (default)
2022-10-09 13:03:58,889 [pool-119-thread-1] INFO  server.RaftServerConfigKeys (ConfUtils.java:logGet(46)) - raft.server.log.statemachine.data.sync.timeout.retry = -1 (default)
2022-10-09 13:03:58,890 [pool-119-thread-1] INFO  server.RaftServerConfigKeys (ConfUtils.java:logGet(46)) - raft.server.log.write.buffer.size = 1048576 (custom)
2022-10-09 13:03:58,890 [pool-119-thread-1] INFO  server.RaftServerConfigKeys (ConfUtils.java:logGet(46)) - raft.server.log.unsafe-flush.enabled = false (default)
2022-10-09 13:03:58,890 [pool-119-thread-1] INFO  server.RaftServerConfigKeys (ConfUtils.java:logGet(46)) - raft.server.log.statemachine.data.caching.enabled = true (custom)
2022-10-09 13:03:58,891 [pool-119-thread-1] INFO  segmented.SegmentedRaftLogWorker (SegmentedRaftLogWorker.java:lambda$new$0(135)) - b3799363-510b-4b0d-b719-e4308f1034ba@group-AA03175ED787-SegmentedRaftLogWorker: flushIndex: setUnconditionally 0 -> -1
2022-10-09 13:03:58,891 [pool-119-thread-1] INFO  segmented.SegmentedRaftLogWorker (SegmentedRaftLogWorker.java:lambda$new$0(135)) - b3799363-510b-4b0d-b719-e4308f1034ba@group-AA03175ED787-SegmentedRaftLogWorker: safeCacheEvictIndex: setUnconditionally 0 -> -1
2022-10-09 13:03:58,895 [pool-119-thread-1] INFO  server.RaftServerConfigKeys (ConfUtils.java:logGet(46)) - raft.server.snapshot.auto.trigger.enabled = true (custom)
2022-10-09 13:03:58,895 [pool-119-thread-1] INFO  server.RaftServerConfigKeys (ConfUtils.java:logGet(46)) - raft.server.snapshot.auto.trigger.threshold = 10000 (custom)
2022-10-09 13:03:58,895 [pool-119-thread-1] INFO  server.RaftServerConfigKeys (ConfUtils.java:logGet(46)) - raft.server.snapshot.retention.file.num = 5 (custom)
2022-10-09 13:03:58,895 [pool-119-thread-1] INFO  server.RaftServerConfigKeys (ConfUtils.java:logGet(46)) - raft.server.log.purge.upto.snapshot.index = false (default)
2022-10-09 13:03:58,895 [pool-119-thread-1] INFO  server.RaftServerConfigKeys (ConfUtils.java:logGet(46)) - raft.server.retrycache.expirytime = 600000ms (custom)
2022-10-09 13:03:58,895 [pool-119-thread-1] INFO  server.RaftServerConfigKeys (ConfUtils.java:logGet(46)) - raft.server.retrycache.statistics.expirytime = 100μs (default)
2022-10-09 13:03:58,902 [EventQueue-OpenPipelineForHealthyPipelineSafeModeRule] INFO  safemode.SCMSafeModeManager (HealthyPipelineSafeModeRule.java:process(137)) - SCM in safe mode. Healthy pipelines reported count is 0, required healthy pipeline reported count is 1
2022-10-09 13:03:58,902 [pool-119-thread-1] INFO  server.RaftServerConfigKeys (ConfUtils.java:logGet(46)) - raft.server.log.appender.install.snapshot.enabled = false (custom)
2022-10-09 13:03:58,903 [pool-119-thread-1] INFO  server.RaftServerConfigKeys (ConfUtils.java:logGet(46)) - raft.server.threadpool.server.cached = true (default)
2022-10-09 13:03:58,903 [pool-119-thread-1] INFO  server.RaftServerConfigKeys (ConfUtils.java:logGet(46)) - raft.server.threadpool.server.size = 0 (default)
2022-10-09 13:03:58,903 [pool-119-thread-1] INFO  server.RaftServerConfigKeys (ConfUtils.java:logGet(46)) - raft.server.threadpool.client.cached = true (default)
2022-10-09 13:03:58,903 [pool-119-thread-1] INFO  server.RaftServerConfigKeys (ConfUtils.java:logGet(46)) - raft.server.threadpool.client.size = 0 (default)
2022-10-09 13:03:58,904 [pool-119-thread-1] INFO  server.RaftServer$Division (RaftServerImpl.java:start(310)) - b3799363-510b-4b0d-b719-e4308f1034ba@group-AA03175ED787: start as a follower, conf=-1: [35fd77c5-1f23-44b5-b15d-a7cf87b6731e|rpc:10.1.0.209:41389|priority:0, 2db59515-9e3b-4889-b4e8-582beecf5a37|rpc:10.1.0.209:43077|priority:1, b3799363-510b-4b0d-b719-e4308f1034ba|rpc:10.1.0.209:41135|priority:0], old=null
2022-10-09 13:03:58,904 [pool-119-thread-1] INFO  server.RaftServer$Division (RaftServerImpl.java:setRole(299)) - b3799363-510b-4b0d-b719-e4308f1034ba@group-AA03175ED787: changes role from      null to FOLLOWER at term 0 for startAsFollower
2022-10-09 13:03:58,904 [pool-119-thread-1] INFO  impl.RoleInfo (RoleInfo.java:updateAndGet(139)) - b3799363-510b-4b0d-b719-e4308f1034ba: start b3799363-510b-4b0d-b719-e4308f1034ba@group-AA03175ED787-FollowerState
2022-10-09 13:03:58,912 [pool-119-thread-1] INFO  util.JmxRegister (JmxRegister.java:tryRegister(44)) - Successfully registered JMX Bean with object name Ratis:service=RaftServer,group=group-AA03175ED787,id=b3799363-510b-4b0d-b719-e4308f1034ba
2022-10-09 13:03:58,916 [Command processor thread] INFO  ratis.XceiverServerRatis (XceiverServerRatis.java:addGroup(765)) - Created group PipelineID=b9e13c73-24e8-4f98-abb1-aa03175ed787
2022-10-09 13:03:58,936 [Command processor thread] INFO  commandhandler.CreatePipelineCommandHandler (CreatePipelineCommandHandler.java:handle(113)) - Created Pipeline RATIS THREE PipelineID=231a8a19-f884-4bf7-9930-86bb596b74d6.
2022-10-09 13:03:58,937 [Command processor thread] INFO  server.RaftServer (RaftServerProxy.java:addNew(96)) - 2db59515-9e3b-4889-b4e8-582beecf5a37: addNew group-AA03175ED787:[35fd77c5-1f23-44b5-b15d-a7cf87b6731e|rpc:10.1.0.209:41389|priority:0, 2db59515-9e3b-4889-b4e8-582beecf5a37|rpc:10.1.0.209:43077|priority:1, b3799363-510b-4b0d-b719-e4308f1034ba|rpc:10.1.0.209:41135|priority:0] returns group-AA03175ED787:java.util.concurrent.CompletableFuture@4de324c8[Not completed]
2022-10-09 13:03:58,938 [pool-73-thread-1] INFO  server.RaftServer$Division (RaftServerImpl.java:<init>(190)) - 2db59515-9e3b-4889-b4e8-582beecf5a37: new RaftServerImpl for group-AA03175ED787:[35fd77c5-1f23-44b5-b15d-a7cf87b6731e|rpc:10.1.0.209:41389|priority:0, 2db59515-9e3b-4889-b4e8-582beecf5a37|rpc:10.1.0.209:43077|priority:1, b3799363-510b-4b0d-b719-e4308f1034ba|rpc:10.1.0.209:41135|priority:0] with ContainerStateMachine:uninitialized
2022-10-09 13:03:58,938 [pool-73-thread-1] INFO  server.RaftServerConfigKeys (ConfUtils.java:logGet(46)) - raft.server.rpc.timeout.min = 5s (custom)
2022-10-09 13:03:58,938 [pool-73-thread-1] INFO  server.RaftServerConfigKeys (ConfUtils.java:logGet(46)) - raft.server.rpc.timeout.max = 5200ms (custom)
2022-10-09 13:03:58,939 [pool-73-thread-1] INFO  server.RaftServerConfigKeys (ConfUtils.java:logGet(46)) - raft.server.rpc.sleep.time = 25ms (default)
2022-10-09 13:03:58,939 [pool-73-thread-1] INFO  server.RaftServerConfigKeys (ConfUtils.java:logGet(46)) - raft.server.rpc.slowness.timeout = 300s (custom)
2022-10-09 13:03:58,939 [pool-73-thread-1] INFO  server.RaftServerConfigKeys (ConfUtils.java:logGet(46)) - raft.server.leaderelection.leader.step-down.wait-time = 10s (default)
2022-10-09 13:03:58,939 [pool-73-thread-1] INFO  server.RaftServerConfigKeys (ConfUtils.java:logGet(46)) - raft.server.sleep.deviation.threshold = 300ms (default)
2022-10-09 13:03:58,939 [pool-73-thread-1] INFO  server.RaftServer$Division (ServerState.java:<init>(107)) - 2db59515-9e3b-4889-b4e8-582beecf5a37@group-AA03175ED787: ConfigurationManager, init=-1: [35fd77c5-1f23-44b5-b15d-a7cf87b6731e|rpc:10.1.0.209:41389|priority:0, 2db59515-9e3b-4889-b4e8-582beecf5a37|rpc:10.1.0.209:43077|priority:1, b3799363-510b-4b0d-b719-e4308f1034ba|rpc:10.1.0.209:41135|priority:0], old=null, confs=<EMPTY_MAP>
2022-10-09 13:03:58,939 [pool-73-thread-1] INFO  server.RaftServerConfigKeys (ConfUtils.java:logGet(46)) - raft.server.storage.dir = [/home/runner/work/ozone/ozone/hadoop-ozone/integration-test/target/test-dir/MiniOzoneClusterImpl-6b6317f5-37ef-4289-9029-d6045239d9e9/datanode-0/data/ratis] (custom)
2022-10-09 13:03:58,939 [pool-73-thread-1] INFO  server.RaftServerConfigKeys (ConfUtils.java:logGet(46)) - raft.server.log.corruption.policy = EXCEPTION (default)
2022-10-09 13:03:58,939 [pool-73-thread-1] INFO  server.RaftServerConfigKeys (ConfUtils.java:logGet(46)) - raft.server.storage.free-space.min = 0MB (=0) (default)
2022-10-09 13:03:58,939 [pool-73-thread-1] INFO  storage.RaftStorageDirectory (RaftStorageDirectoryImpl.java:analyzeStorage(135)) - The storage directory /home/runner/work/ozone/ozone/hadoop-ozone/integration-test/target/test-dir/MiniOzoneClusterImpl-6b6317f5-37ef-4289-9029-d6045239d9e9/datanode-0/data/ratis/b9e13c73-24e8-4f98-abb1-aa03175ed787 does not exist. Creating ...
2022-10-09 13:03:58,942 [Command processor thread] INFO  commandhandler.CreatePipelineCommandHandler (CreatePipelineCommandHandler.java:handle(113)) - Created Pipeline RATIS THREE PipelineID=231a8a19-f884-4bf7-9930-86bb596b74d6.
2022-10-09 13:03:58,942 [Command processor thread] INFO  server.RaftServer (RaftServerProxy.java:addNew(96)) - 35fd77c5-1f23-44b5-b15d-a7cf87b6731e: addNew group-AA03175ED787:[35fd77c5-1f23-44b5-b15d-a7cf87b6731e|rpc:10.1.0.209:41389|priority:0, 2db59515-9e3b-4889-b4e8-582beecf5a37|rpc:10.1.0.209:43077|priority:1, b3799363-510b-4b0d-b719-e4308f1034ba|rpc:10.1.0.209:41135|priority:0] returns group-AA03175ED787:java.util.concurrent.CompletableFuture@5bb9cc21[Not completed]
2022-10-09 13:03:58,942 [pool-73-thread-1] INFO  storage.RaftStorageDirectory (RaftStorageDirectoryImpl.java:tryLock(230)) - Lock on /home/runner/work/ozone/ozone/hadoop-ozone/integration-test/target/test-dir/MiniOzoneClusterImpl-6b6317f5-37ef-4289-9029-d6045239d9e9/datanode-0/data/ratis/b9e13c73-24e8-4f98-abb1-aa03175ed787/in_use.lock acquired by nodename 13094@fv-az212-628
2022-10-09 13:03:58,944 [pool-73-thread-1] INFO  storage.RaftStorage (RaftStorageImpl.java:format(89)) - Storage directory /home/runner/work/ozone/ozone/hadoop-ozone/integration-test/target/test-dir/MiniOzoneClusterImpl-6b6317f5-37ef-4289-9029-d6045239d9e9/datanode-0/data/ratis/b9e13c73-24e8-4f98-abb1-aa03175ed787 has been successfully formatted.
2022-10-09 13:03:58,944 [pool-96-thread-1] INFO  server.RaftServer$Division (RaftServerImpl.java:<init>(190)) - 35fd77c5-1f23-44b5-b15d-a7cf87b6731e: new RaftServerImpl for group-AA03175ED787:[35fd77c5-1f23-44b5-b15d-a7cf87b6731e|rpc:10.1.0.209:41389|priority:0, 2db59515-9e3b-4889-b4e8-582beecf5a37|rpc:10.1.0.209:43077|priority:1, b3799363-510b-4b0d-b719-e4308f1034ba|rpc:10.1.0.209:41135|priority:0] with ContainerStateMachine:uninitialized
2022-10-09 13:03:58,944 [pool-96-thread-1] INFO  server.RaftServerConfigKeys (ConfUtils.java:logGet(46)) - raft.server.rpc.timeout.min = 5s (custom)
2022-10-09 13:03:58,944 [pool-96-thread-1] INFO  server.RaftServerConfigKeys (ConfUtils.java:logGet(46)) - raft.server.rpc.timeout.max = 5200ms (custom)
2022-10-09 13:03:58,944 [pool-96-thread-1] INFO  server.RaftServerConfigKeys (ConfUtils.java:logGet(46)) - raft.server.rpc.sleep.time = 25ms (default)
2022-10-09 13:03:58,944 [pool-96-thread-1] INFO  server.RaftServerConfigKeys (ConfUtils.java:logGet(46)) - raft.server.rpc.slowness.timeout = 300s (custom)
2022-10-09 13:03:58,944 [pool-96-thread-1] INFO  server.RaftServerConfigKeys (ConfUtils.java:logGet(46)) - raft.server.leaderelection.leader.step-down.wait-time = 10s (default)
2022-10-09 13:03:58,944 [pool-96-thread-1] INFO  server.RaftServerConfigKeys (ConfUtils.java:logGet(46)) - raft.server.sleep.deviation.threshold = 300ms (default)
2022-10-09 13:03:58,944 [pool-96-thread-1] INFO  server.RaftServer$Division (ServerState.java:<init>(107)) - 35fd77c5-1f23-44b5-b15d-a7cf87b6731e@group-AA03175ED787: ConfigurationManager, init=-1: [35fd77c5-1f23-44b5-b15d-a7cf87b6731e|rpc:10.1.0.209:41389|priority:0, 2db59515-9e3b-4889-b4e8-582beecf5a37|rpc:10.1.0.209:43077|priority:1, b3799363-510b-4b0d-b719-e4308f1034ba|rpc:10.1.0.209:41135|priority:0], old=null, confs=<EMPTY_MAP>
2022-10-09 13:03:58,944 [pool-96-thread-1] INFO  server.RaftServerConfigKeys (ConfUtils.java:logGet(46)) - raft.server.storage.dir = [/home/runner/work/ozone/ozone/hadoop-ozone/integration-test/target/test-dir/MiniOzoneClusterImpl-6b6317f5-37ef-4289-9029-d6045239d9e9/datanode-1/data/ratis] (custom)
2022-10-09 13:03:58,944 [pool-96-thread-1] INFO  server.RaftServerConfigKeys (ConfUtils.java:logGet(46)) - raft.server.log.corruption.policy = EXCEPTION (default)
2022-10-09 13:03:58,944 [pool-96-thread-1] INFO  server.RaftServerConfigKeys (ConfUtils.java:logGet(46)) - raft.server.storage.free-space.min = 0MB (=0) (default)
2022-10-09 13:03:58,945 [pool-96-thread-1] INFO  storage.RaftStorageDirectory (RaftStorageDirectoryImpl.java:analyzeStorage(135)) - The storage directory /home/runner/work/ozone/ozone/hadoop-ozone/integration-test/target/test-dir/MiniOzoneClusterImpl-6b6317f5-37ef-4289-9029-d6045239d9e9/datanode-1/data/ratis/b9e13c73-24e8-4f98-abb1-aa03175ed787 does not exist. Creating ...
2022-10-09 13:03:58,946 [pool-96-thread-1] INFO  storage.RaftStorageDirectory (RaftStorageDirectoryImpl.java:tryLock(230)) - Lock on /home/runner/work/ozone/ozone/hadoop-ozone/integration-test/target/test-dir/MiniOzoneClusterImpl-6b6317f5-37ef-4289-9029-d6045239d9e9/datanode-1/data/ratis/b9e13c73-24e8-4f98-abb1-aa03175ed787/in_use.lock acquired by nodename 13094@fv-az212-628
2022-10-09 13:03:58,947 [pool-73-thread-1] INFO  ratis.ContainerStateMachine (ContainerStateMachine.java:loadSnapshot(236)) - group-AA03175ED787: The snapshot info is null. Setting the last applied indexto:(t:0, i:~)
2022-10-09 13:03:58,947 [pool-73-thread-1] INFO  server.RaftServerConfigKeys (ConfUtils.java:logGet(46)) - raft.server.notification.no-leader.timeout = 300s (custom)
2022-10-09 13:03:58,948 [pool-73-thread-1] INFO  server.RaftServerConfigKeys (ConfUtils.java:logGet(46)) - raft.server.log.use.memory = false (default)
2022-10-09 13:03:58,948 [pool-73-thread-1] INFO  server.RaftServerConfigKeys (ConfUtils.java:logGet(46)) - raft.server.log.purge.gap = 1000000 (custom)
2022-10-09 13:03:58,948 [pool-73-thread-1] INFO  server.RaftServerConfigKeys (ConfUtils.java:logGet(46)) - raft.server.log.appender.buffer.byte-limit = 33554432 (custom)
2022-10-09 13:03:58,948 [pool-73-thread-1] INFO  server.RaftServerConfigKeys (ConfUtils.java:logGet(46)) - raft.server.log.statemachine.data.read.timeout = 1000ms (default)
2022-10-09 13:03:58,948 [pool-73-thread-1] INFO  server.RaftServerConfigKeys (ConfUtils.java:logGet(46)) - raft.server.log.segment.size.max = 1048576 (custom)
2022-10-09 13:03:58,948 [pool-96-thread-1] INFO  storage.RaftStorage (RaftStorageImpl.java:format(89)) - Storage directory /home/runner/work/ozone/ozone/hadoop-ozone/integration-test/target/test-dir/MiniOzoneClusterImpl-6b6317f5-37ef-4289-9029-d6045239d9e9/datanode-1/data/ratis/b9e13c73-24e8-4f98-abb1-aa03175ed787 has been successfully formatted.
2022-10-09 13:03:58,949 [pool-96-thread-1] INFO  ratis.ContainerStateMachine (ContainerStateMachine.java:loadSnapshot(236)) - group-AA03175ED787: The snapshot info is null. Setting the last applied indexto:(t:0, i:~)
2022-10-09 13:03:58,949 [pool-96-thread-1] INFO  server.RaftServerConfigKeys (ConfUtils.java:logGet(46)) - raft.server.notification.no-leader.timeout = 300s (custom)
2022-10-09 13:03:58,949 [pool-96-thread-1] INFO  server.RaftServerConfigKeys (ConfUtils.java:logGet(46)) - raft.server.log.use.memory = false (default)
2022-10-09 13:03:58,949 [pool-96-thread-1] INFO  server.RaftServerConfigKeys (ConfUtils.java:logGet(46)) - raft.server.log.purge.gap = 1000000 (custom)
2022-10-09 13:03:58,949 [pool-96-thread-1] INFO  server.RaftServerConfigKeys (ConfUtils.java:logGet(46)) - raft.server.log.appender.buffer.byte-limit = 33554432 (custom)
2022-10-09 13:03:58,950 [pool-96-thread-1] INFO  server.RaftServerConfigKeys (ConfUtils.java:logGet(46)) - raft.server.log.statemachine.data.read.timeout = 1000ms (default)
2022-10-09 13:03:58,950 [pool-96-thread-1] INFO  server.RaftServerConfigKeys (ConfUtils.java:logGet(46)) - raft.server.log.segment.size.max = 1048576 (custom)
2022-10-09 13:03:58,950 [pool-96-thread-1] INFO  server.RaftServerConfigKeys (ConfUtils.java:logGet(46)) - raft.server.log.segment.cache.num.max = 2 (custom)
2022-10-09 13:03:58,950 [pool-96-thread-1] INFO  server.RaftServerConfigKeys (ConfUtils.java:logGet(46)) - raft.server.log.segment.cache.size.max = 200MB (=209715200) (default)
2022-10-09 13:03:58,950 [pool-96-thread-1] INFO  segmented.SegmentedRaftLogWorker (SegmentedRaftLogWorker.java:<init>(187)) - new 35fd77c5-1f23-44b5-b15d-a7cf87b6731e@group-AA03175ED787-SegmentedRaftLogWorker for RaftStorageImpl:Storage Directory /home/runner/work/ozone/ozone/hadoop-ozone/integration-test/target/test-dir/MiniOzoneClusterImpl-6b6317f5-37ef-4289-9029-d6045239d9e9/datanode-1/data/ratis/b9e13c73-24e8-4f98-abb1-aa03175ed787
2022-10-09 13:03:58,950 [pool-96-thread-1] INFO  server.RaftServerConfigKeys (ConfUtils.java:logGet(46)) - raft.server.log.queue.byte-limit = 4294967296 (custom)
2022-10-09 13:03:58,950 [pool-96-thread-1] INFO  server.RaftServerConfigKeys (ConfUtils.java:logGet(46)) - raft.server.log.queue.element-limit = 1024 (custom)
2022-10-09 13:03:58,950 [pool-96-thread-1] INFO  server.RaftServerConfigKeys (ConfUtils.java:logGet(46)) - raft.server.log.segment.size.max = 1048576 (custom)
2022-10-09 13:03:58,950 [pool-96-thread-1] INFO  server.RaftServerConfigKeys (ConfUtils.java:logGet(46)) - raft.server.log.preallocated.size = 16384 (custom)
2022-10-09 13:03:58,950 [pool-96-thread-1] INFO  server.RaftServerConfigKeys (ConfUtils.java:logGet(46)) - raft.server.log.force.sync.num = 128 (default)
2022-10-09 13:03:58,950 [pool-96-thread-1] INFO  server.RaftServerConfigKeys (ConfUtils.java:logGet(46)) - raft.server.log.statemachine.data.sync = true (default)
2022-10-09 13:03:58,951 [pool-96-thread-1] INFO  server.RaftServerConfigKeys (ConfUtils.java:logGet(46)) - raft.server.log.statemachine.data.sync.timeout = 10s (default)
2022-10-09 13:03:58,951 [pool-96-thread-1] INFO  server.RaftServerConfigKeys (ConfUtils.java:logGet(46)) - raft.server.log.statemachine.data.sync.timeout.retry = -1 (default)
2022-10-09 13:03:58,951 [pool-96-thread-1] INFO  server.RaftServerConfigKeys (ConfUtils.java:logGet(46)) - raft.server.log.write.buffer.size = 1048576 (custom)
2022-10-09 13:03:58,952 [pool-96-thread-1] INFO  server.RaftServerConfigKeys (ConfUtils.java:logGet(46)) - raft.server.log.unsafe-flush.enabled = false (default)
2022-10-09 13:03:58,952 [pool-96-thread-1] INFO  server.RaftServerConfigKeys (ConfUtils.java:logGet(46)) - raft.server.log.statemachine.data.caching.enabled = true (custom)
2022-10-09 13:03:58,952 [pool-96-thread-1] INFO  segmented.SegmentedRaftLogWorker (SegmentedRaftLogWorker.java:lambda$new$0(135)) - 35fd77c5-1f23-44b5-b15d-a7cf87b6731e@group-AA03175ED787-SegmentedRaftLogWorker: flushIndex: setUnconditionally 0 -> -1
2022-10-09 13:03:58,952 [pool-96-thread-1] INFO  segmented.SegmentedRaftLogWorker (SegmentedRaftLogWorker.java:lambda$new$0(135)) - 35fd77c5-1f23-44b5-b15d-a7cf87b6731e@group-AA03175ED787-SegmentedRaftLogWorker: safeCacheEvictIndex: setUnconditionally 0 -> -1
2022-10-09 13:03:58,953 [pool-73-thread-1] INFO  server.RaftServerConfigKeys (ConfUtils.java:logGet(46)) - raft.server.log.segment.cache.num.max = 2 (custom)
2022-10-09 13:03:58,953 [pool-73-thread-1] INFO  server.RaftServerConfigKeys (ConfUtils.java:logGet(46)) - raft.server.log.segment.cache.size.max = 200MB (=209715200) (default)
2022-10-09 13:03:58,953 [pool-73-thread-1] INFO  segmented.SegmentedRaftLogWorker (SegmentedRaftLogWorker.java:<init>(187)) - new 2db59515-9e3b-4889-b4e8-582beecf5a37@group-AA03175ED787-SegmentedRaftLogWorker for RaftStorageImpl:Storage Directory /home/runner/work/ozone/ozone/hadoop-ozone/integration-test/target/test-dir/MiniOzoneClusterImpl-6b6317f5-37ef-4289-9029-d6045239d9e9/datanode-0/data/ratis/b9e13c73-24e8-4f98-abb1-aa03175ed787
2022-10-09 13:03:58,953 [pool-73-thread-1] INFO  server.RaftServerConfigKeys (ConfUtils.java:logGet(46)) - raft.server.log.queue.byte-limit = 4294967296 (custom)
2022-10-09 13:03:58,953 [pool-73-thread-1] INFO  server.RaftServerConfigKeys (ConfUtils.java:logGet(46)) - raft.server.log.queue.element-limit = 1024 (custom)
2022-10-09 13:03:58,958 [pool-73-thread-1] INFO  server.RaftServerConfigKeys (ConfUtils.java:logGet(46)) - raft.server.log.segment.size.max = 1048576 (custom)
2022-10-09 13:03:58,958 [pool-73-thread-1] INFO  server.RaftServerConfigKeys (ConfUtils.java:logGet(46)) - raft.server.log.preallocated.size = 16384 (custom)
2022-10-09 13:03:58,958 [pool-73-thread-1] INFO  server.RaftServerConfigKeys (ConfUtils.java:logGet(46)) - raft.server.log.force.sync.num = 128 (default)
2022-10-09 13:03:58,959 [pool-73-thread-1] INFO  server.RaftServerConfigKeys (ConfUtils.java:logGet(46)) - raft.server.log.statemachine.data.sync = true (default)
2022-10-09 13:03:58,959 [pool-73-thread-1] INFO  server.RaftServerConfigKeys (ConfUtils.java:logGet(46)) - raft.server.log.statemachine.data.sync.timeout = 10s (default)
2022-10-09 13:03:58,959 [pool-73-thread-1] INFO  server.RaftServerConfigKeys (ConfUtils.java:logGet(46)) - raft.server.log.statemachine.data.sync.timeout.retry = -1 (default)
2022-10-09 13:03:58,963 [pool-96-thread-1] INFO  server.RaftServerConfigKeys (ConfUtils.java:logGet(46)) - raft.server.snapshot.auto.trigger.enabled = true (custom)
2022-10-09 13:03:58,963 [pool-96-thread-1] INFO  server.RaftServerConfigKeys (ConfUtils.java:logGet(46)) - raft.server.snapshot.auto.trigger.threshold = 10000 (custom)
2022-10-09 13:03:58,963 [pool-96-thread-1] INFO  server.RaftServerConfigKeys (ConfUtils.java:logGet(46)) - raft.server.snapshot.retention.file.num = 5 (custom)
2022-10-09 13:03:58,963 [pool-96-thread-1] INFO  server.RaftServerConfigKeys (ConfUtils.java:logGet(46)) - raft.server.log.purge.upto.snapshot.index = false (default)
2022-10-09 13:03:58,963 [pool-96-thread-1] INFO  server.RaftServerConfigKeys (ConfUtils.java:logGet(46)) - raft.server.retrycache.expirytime = 600000ms (custom)
2022-10-09 13:03:58,963 [pool-96-thread-1] INFO  server.RaftServerConfigKeys (ConfUtils.java:logGet(46)) - raft.server.retrycache.statistics.expirytime = 100μs (default)
2022-10-09 13:03:58,972 [pool-96-thread-1] INFO  server.RaftServerConfigKeys (ConfUtils.java:logGet(46)) - raft.server.log.appender.install.snapshot.enabled = false (custom)
2022-10-09 13:03:58,972 [pool-96-thread-1] INFO  server.RaftServerConfigKeys (ConfUtils.java:logGet(46)) - raft.server.threadpool.server.cached = true (default)
2022-10-09 13:03:58,973 [pool-96-thread-1] INFO  server.RaftServerConfigKeys (ConfUtils.java:logGet(46)) - raft.server.threadpool.server.size = 0 (default)
2022-10-09 13:03:58,973 [pool-96-thread-1] INFO  server.RaftServerConfigKeys (ConfUtils.java:logGet(46)) - raft.server.threadpool.client.cached = true (default)
2022-10-09 13:03:58,973 [pool-96-thread-1] INFO  server.RaftServerConfigKeys (ConfUtils.java:logGet(46)) - raft.server.threadpool.client.size = 0 (default)
2022-10-09 13:03:58,973 [pool-96-thread-1] INFO  server.RaftServer$Division (RaftServerImpl.java:start(310)) - 35fd77c5-1f23-44b5-b15d-a7cf87b6731e@group-AA03175ED787: start as a follower, conf=-1: [35fd77c5-1f23-44b5-b15d-a7cf87b6731e|rpc:10.1.0.209:41389|priority:0, 2db59515-9e3b-4889-b4e8-582beecf5a37|rpc:10.1.0.209:43077|priority:1, b3799363-510b-4b0d-b719-e4308f1034ba|rpc:10.1.0.209:41135|priority:0], old=null
2022-10-09 13:03:58,973 [pool-96-thread-1] INFO  server.RaftServer$Division (RaftServerImpl.java:setRole(299)) - 35fd77c5-1f23-44b5-b15d-a7cf87b6731e@group-AA03175ED787: changes role from      null to FOLLOWER at term 0 for startAsFollower
2022-10-09 13:03:58,973 [pool-96-thread-1] INFO  impl.RoleInfo (RoleInfo.java:updateAndGet(139)) - 35fd77c5-1f23-44b5-b15d-a7cf87b6731e: start 35fd77c5-1f23-44b5-b15d-a7cf87b6731e@group-AA03175ED787-FollowerState
2022-10-09 13:03:58,974 [pool-73-thread-1] INFO  server.RaftServerConfigKeys (ConfUtils.java:logGet(46)) - raft.server.log.write.buffer.size = 1048576 (custom)
2022-10-09 13:03:58,974 [pool-73-thread-1] INFO  server.RaftServerConfigKeys (ConfUtils.java:logGet(46)) - raft.server.log.unsafe-flush.enabled = false (default)
2022-10-09 13:03:58,974 [pool-73-thread-1] INFO  server.RaftServerConfigKeys (ConfUtils.java:logGet(46)) - raft.server.log.statemachine.data.caching.enabled = true (custom)
2022-10-09 13:03:58,975 [pool-73-thread-1] INFO  segmented.SegmentedRaftLogWorker (SegmentedRaftLogWorker.java:lambda$new$0(135)) - 2db59515-9e3b-4889-b4e8-582beecf5a37@group-AA03175ED787-SegmentedRaftLogWorker: flushIndex: setUnconditionally 0 -> -1
2022-10-09 13:03:58,975 [pool-73-thread-1] INFO  segmented.SegmentedRaftLogWorker (SegmentedRaftLogWorker.java:lambda$new$0(135)) - 2db59515-9e3b-4889-b4e8-582beecf5a37@group-AA03175ED787-SegmentedRaftLogWorker: safeCacheEvictIndex: setUnconditionally 0 -> -1
2022-10-09 13:03:58,976 [EventQueue-OpenPipelineForHealthyPipelineSafeModeRule] INFO  safemode.SCMSafeModeManager (HealthyPipelineSafeModeRule.java:process(137)) - SCM in safe mode. Healthy pipelines reported count is 0, required healthy pipeline reported count is 1
2022-10-09 13:03:58,987 [EventQueue-OpenPipelineForHealthyPipelineSafeModeRule] INFO  safemode.SCMSafeModeManager (HealthyPipelineSafeModeRule.java:process(137)) - SCM in safe mode. Healthy pipelines reported count is 0, required healthy pipeline reported count is 1
2022-10-09 13:03:58,992 [pool-73-thread-1] INFO  server.RaftServerConfigKeys (ConfUtils.java:logGet(46)) - raft.server.snapshot.auto.trigger.enabled = true (custom)
2022-10-09 13:03:58,992 [pool-73-thread-1] INFO  server.RaftServerConfigKeys (ConfUtils.java:logGet(46)) - raft.server.snapshot.auto.trigger.threshold = 10000 (custom)
2022-10-09 13:03:58,992 [pool-73-thread-1] INFO  server.RaftServerConfigKeys (ConfUtils.java:logGet(46)) - raft.server.snapshot.retention.file.num = 5 (custom)
2022-10-09 13:03:58,992 [pool-73-thread-1] INFO  server.RaftServerConfigKeys (ConfUtils.java:logGet(46)) - raft.server.log.purge.upto.snapshot.index = false (default)
2022-10-09 13:03:58,992 [pool-73-thread-1] INFO  server.RaftServerConfigKeys (ConfUtils.java:logGet(46)) - raft.server.retrycache.expirytime = 600000ms (custom)
2022-10-09 13:03:58,992 [pool-73-thread-1] INFO  server.RaftServerConfigKeys (ConfUtils.java:logGet(46)) - raft.server.retrycache.statistics.expirytime = 100μs (default)
2022-10-09 13:03:58,993 [pool-73-thread-1] INFO  server.RaftServerConfigKeys (ConfUtils.java:logGet(46)) - raft.server.log.appender.install.snapshot.enabled = false (custom)
2022-10-09 13:03:58,993 [pool-73-thread-1] INFO  server.RaftServerConfigKeys (ConfUtils.java:logGet(46)) - raft.server.threadpool.server.cached = true (default)
2022-10-09 13:03:58,993 [pool-73-thread-1] INFO  server.RaftServerConfigKeys (ConfUtils.java:logGet(46)) - raft.server.threadpool.server.size = 0 (default)
2022-10-09 13:03:58,993 [pool-73-thread-1] INFO  server.RaftServerConfigKeys (ConfUtils.java:logGet(46)) - raft.server.threadpool.client.cached = true (default)
2022-10-09 13:03:58,993 [pool-73-thread-1] INFO  server.RaftServerConfigKeys (ConfUtils.java:logGet(46)) - raft.server.threadpool.client.size = 0 (default)
2022-10-09 13:03:58,993 [pool-73-thread-1] INFO  server.RaftServer$Division (RaftServerImpl.java:start(310)) - 2db59515-9e3b-4889-b4e8-582beecf5a37@group-AA03175ED787: start as a follower, conf=-1: [35fd77c5-1f23-44b5-b15d-a7cf87b6731e|rpc:10.1.0.209:41389|priority:0, 2db59515-9e3b-4889-b4e8-582beecf5a37|rpc:10.1.0.209:43077|priority:1, b3799363-510b-4b0d-b719-e4308f1034ba|rpc:10.1.0.209:41135|priority:0], old=null
2022-10-09 13:03:58,993 [pool-73-thread-1] INFO  server.RaftServer$Division (RaftServerImpl.java:setRole(299)) - 2db59515-9e3b-4889-b4e8-582beecf5a37@group-AA03175ED787: changes role from      null to FOLLOWER at term 0 for startAsFollower
2022-10-09 13:03:58,994 [pool-73-thread-1] INFO  impl.RoleInfo (RoleInfo.java:updateAndGet(139)) - 2db59515-9e3b-4889-b4e8-582beecf5a37: start 2db59515-9e3b-4889-b4e8-582beecf5a37@group-AA03175ED787-FollowerState
2022-10-09 13:03:59,004 [pool-73-thread-1] INFO  util.JmxRegister (JmxRegister.java:tryRegister(44)) - Successfully registered JMX Bean with object name Ratis:service=RaftServer,group=group-AA03175ED787,id=2db59515-9e3b-4889-b4e8-582beecf5a37
2022-10-09 13:03:59,015 [pool-96-thread-1] INFO  util.JmxRegister (JmxRegister.java:tryRegister(44)) - Successfully registered JMX Bean with object name Ratis:service=RaftServer,group=group-AA03175ED787,id=35fd77c5-1f23-44b5-b15d-a7cf87b6731e
2022-10-09 13:03:59,016 [Command processor thread] INFO  ratis.XceiverServerRatis (XceiverServerRatis.java:addGroup(765)) - Created group PipelineID=b9e13c73-24e8-4f98-abb1-aa03175ed787
2022-10-09 13:03:59,023 [Command processor thread] INFO  ratis.XceiverServerRatis (XceiverServerRatis.java:addGroup(765)) - Created group PipelineID=b9e13c73-24e8-4f98-abb1-aa03175ed787
2022-10-09 13:03:59,118 [Command processor thread] INFO  commandhandler.CreatePipelineCommandHandler (CreatePipelineCommandHandler.java:handle(113)) - Created Pipeline RATIS THREE PipelineID=b9e13c73-24e8-4f98-abb1-aa03175ed787.
2022-10-09 13:03:59,121 [Command processor thread] INFO  commandhandler.CreatePipelineCommandHandler (CreatePipelineCommandHandler.java:handle(113)) - Created Pipeline RATIS THREE PipelineID=b9e13c73-24e8-4f98-abb1-aa03175ed787.
2022-10-09 13:03:59,132 [Command processor thread] INFO  commandhandler.CreatePipelineCommandHandler (CreatePipelineCommandHandler.java:handle(113)) - Created Pipeline RATIS THREE PipelineID=b9e13c73-24e8-4f98-abb1-aa03175ed787.
2022-10-09 13:03:59,205 [Command processor thread] INFO  server.RaftServer (RaftServerProxy.java:addNew(96)) - 1b6ed2ab-cf30-442c-a8fc-fc354f6c4d2f: addNew group-65BC4B004EED:[1b6ed2ab-cf30-442c-a8fc-fc354f6c4d2f|rpc:10.1.0.209:41789|priority:1] returns group-65BC4B004EED:java.util.concurrent.CompletableFuture@4474b4e4[Not completed]
2022-10-09 13:03:59,210 [pool-142-thread-1] INFO  server.RaftServer$Division (RaftServerImpl.java:<init>(190)) - 1b6ed2ab-cf30-442c-a8fc-fc354f6c4d2f: new RaftServerImpl for group-65BC4B004EED:[1b6ed2ab-cf30-442c-a8fc-fc354f6c4d2f|rpc:10.1.0.209:41789|priority:1] with ContainerStateMachine:uninitialized
2022-10-09 13:03:59,210 [pool-142-thread-1] INFO  server.RaftServerConfigKeys (ConfUtils.java:logGet(46)) - raft.server.rpc.timeout.min = 5s (custom)
2022-10-09 13:03:59,211 [pool-142-thread-1] INFO  server.RaftServerConfigKeys (ConfUtils.java:logGet(46)) - raft.server.rpc.timeout.max = 5200ms (custom)
2022-10-09 13:03:59,211 [pool-142-thread-1] INFO  server.RaftServerConfigKeys (ConfUtils.java:logGet(46)) - raft.server.rpc.sleep.time = 25ms (default)
2022-10-09 13:03:59,211 [pool-142-thread-1] INFO  server.RaftServerConfigKeys (ConfUtils.java:logGet(46)) - raft.server.rpc.slowness.timeout = 300s (custom)
2022-10-09 13:03:59,211 [pool-142-thread-1] INFO  server.RaftServerConfigKeys (ConfUtils.java:logGet(46)) - raft.server.leaderelection.leader.step-down.wait-time = 10s (default)
2022-10-09 13:03:59,211 [pool-142-thread-1] INFO  server.RaftServerConfigKeys (ConfUtils.java:logGet(46)) - raft.server.sleep.deviation.threshold = 300ms (default)
2022-10-09 13:03:59,211 [pool-142-thread-1] INFO  server.RaftServer$Division (ServerState.java:<init>(107)) - 1b6ed2ab-cf30-442c-a8fc-fc354f6c4d2f@group-65BC4B004EED: ConfigurationManager, init=-1: [1b6ed2ab-cf30-442c-a8fc-fc354f6c4d2f|rpc:10.1.0.209:41789|priority:1], old=null, confs=<EMPTY_MAP>
2022-10-09 13:03:59,211 [pool-142-thread-1] INFO  server.RaftServerConfigKeys (ConfUtils.java:logGet(46)) - raft.server.storage.dir = [/home/runner/work/ozone/ozone/hadoop-ozone/integration-test/target/test-dir/MiniOzoneClusterImpl-6b6317f5-37ef-4289-9029-d6045239d9e9/datanode-3/data/ratis] (custom)
2022-10-09 13:03:59,211 [pool-142-thread-1] INFO  server.RaftServerConfigKeys (ConfUtils.java:logGet(46)) - raft.server.log.corruption.policy = EXCEPTION (default)
2022-10-09 13:03:59,211 [pool-142-thread-1] INFO  server.RaftServerConfigKeys (ConfUtils.java:logGet(46)) - raft.server.storage.free-space.min = 0MB (=0) (default)
2022-10-09 13:03:59,211 [pool-142-thread-1] INFO  storage.RaftStorageDirectory (RaftStorageDirectoryImpl.java:analyzeStorage(135)) - The storage directory /home/runner/work/ozone/ozone/hadoop-ozone/integration-test/target/test-dir/MiniOzoneClusterImpl-6b6317f5-37ef-4289-9029-d6045239d9e9/datanode-3/data/ratis/a6f12d9b-10d4-47fc-90a7-65bc4b004eed does not exist. Creating ...
2022-10-09 13:03:59,212 [pool-142-thread-1] INFO  storage.RaftStorageDirectory (RaftStorageDirectoryImpl.java:tryLock(230)) - Lock on /home/runner/work/ozone/ozone/hadoop-ozone/integration-test/target/test-dir/MiniOzoneClusterImpl-6b6317f5-37ef-4289-9029-d6045239d9e9/datanode-3/data/ratis/a6f12d9b-10d4-47fc-90a7-65bc4b004eed/in_use.lock acquired by nodename 13094@fv-az212-628
2022-10-09 13:03:59,214 [pool-142-thread-1] INFO  storage.RaftStorage (RaftStorageImpl.java:format(89)) - Storage directory /home/runner/work/ozone/ozone/hadoop-ozone/integration-test/target/test-dir/MiniOzoneClusterImpl-6b6317f5-37ef-4289-9029-d6045239d9e9/datanode-3/data/ratis/a6f12d9b-10d4-47fc-90a7-65bc4b004eed has been successfully formatted.
2022-10-09 13:03:59,215 [pool-142-thread-1] INFO  ratis.ContainerStateMachine (ContainerStateMachine.java:loadSnapshot(236)) - group-65BC4B004EED: The snapshot info is null. Setting the last applied indexto:(t:0, i:~)
2022-10-09 13:03:59,215 [pool-142-thread-1] INFO  server.RaftServerConfigKeys (ConfUtils.java:logGet(46)) - raft.server.notification.no-leader.timeout = 300s (custom)
2022-10-09 13:03:59,215 [pool-142-thread-1] INFO  server.RaftServerConfigKeys (ConfUtils.java:logGet(46)) - raft.server.log.use.memory = false (default)
2022-10-09 13:03:59,215 [pool-142-thread-1] INFO  server.RaftServerConfigKeys (ConfUtils.java:logGet(46)) - raft.server.log.purge.gap = 1000000 (custom)
2022-10-09 13:03:59,215 [pool-142-thread-1] INFO  server.RaftServerConfigKeys (ConfUtils.java:logGet(46)) - raft.server.log.appender.buffer.byte-limit = 33554432 (custom)
2022-10-09 13:03:59,215 [pool-142-thread-1] INFO  server.RaftServerConfigKeys (ConfUtils.java:logGet(46)) - raft.server.log.statemachine.data.read.timeout = 1000ms (default)
2022-10-09 13:03:59,215 [pool-142-thread-1] INFO  server.RaftServerConfigKeys (ConfUtils.java:logGet(46)) - raft.server.log.segment.size.max = 1048576 (custom)
2022-10-09 13:03:59,216 [pool-142-thread-1] INFO  server.RaftServerConfigKeys (ConfUtils.java:logGet(46)) - raft.server.log.segment.cache.num.max = 2 (custom)
2022-10-09 13:03:59,216 [pool-142-thread-1] INFO  server.RaftServerConfigKeys (ConfUtils.java:logGet(46)) - raft.server.log.segment.cache.size.max = 200MB (=209715200) (default)
2022-10-09 13:03:59,216 [pool-142-thread-1] INFO  segmented.SegmentedRaftLogWorker (SegmentedRaftLogWorker.java:<init>(187)) - new 1b6ed2ab-cf30-442c-a8fc-fc354f6c4d2f@group-65BC4B004EED-SegmentedRaftLogWorker for RaftStorageImpl:Storage Directory /home/runner/work/ozone/ozone/hadoop-ozone/integration-test/target/test-dir/MiniOzoneClusterImpl-6b6317f5-37ef-4289-9029-d6045239d9e9/datanode-3/data/ratis/a6f12d9b-10d4-47fc-90a7-65bc4b004eed
2022-10-09 13:03:59,216 [pool-142-thread-1] INFO  server.RaftServerConfigKeys (ConfUtils.java:logGet(46)) - raft.server.log.queue.byte-limit = 4294967296 (custom)
2022-10-09 13:03:59,216 [pool-142-thread-1] INFO  server.RaftServerConfigKeys (ConfUtils.java:logGet(46)) - raft.server.log.queue.element-limit = 1024 (custom)
2022-10-09 13:03:59,216 [pool-142-thread-1] INFO  server.RaftServerConfigKeys (ConfUtils.java:logGet(46)) - raft.server.log.segment.size.max = 1048576 (custom)
2022-10-09 13:03:59,216 [pool-142-thread-1] INFO  server.RaftServerConfigKeys (ConfUtils.java:logGet(46)) - raft.server.log.preallocated.size = 16384 (custom)
2022-10-09 13:03:59,216 [pool-142-thread-1] INFO  server.RaftServerConfigKeys (ConfUtils.java:logGet(46)) - raft.server.log.force.sync.num = 128 (default)
2022-10-09 13:03:59,216 [pool-142-thread-1] INFO  server.RaftServerConfigKeys (ConfUtils.java:logGet(46)) - raft.server.log.statemachine.data.sync = true (default)
2022-10-09 13:03:59,216 [pool-142-thread-1] INFO  server.RaftServerConfigKeys (ConfUtils.java:logGet(46)) - raft.server.log.statemachine.data.sync.timeout = 10s (default)
2022-10-09 13:03:59,216 [pool-142-thread-1] INFO  server.RaftServerConfigKeys (ConfUtils.java:logGet(46)) - raft.server.log.statemachine.data.sync.timeout.retry = -1 (default)
2022-10-09 13:03:59,218 [EventQueue-PipelineReportForPipelineReportHandler] INFO  pipeline.PipelineManagerImpl (PipelineManagerImpl.java:openPipeline(367)) - Pipeline Pipeline[ Id: a6f12d9b-10d4-47fc-90a7-65bc4b004eed, Nodes: 1b6ed2ab-cf30-442c-a8fc-fc354f6c4d2f{ip: 10.1.0.209, host: fv-az212-628.zlodpucb4l4udavnfxg5s20dva.cx.internal.cloudapp.net, ports: [REPLICATION=33479, RATIS=41789, RATIS_ADMIN=41789, RATIS_SERVER=41789, STANDALONE=40861], networkLocation: /default-rack, certSerialId: null, persistedOpState: IN_SERVICE, persistedOpStateExpiryEpochSec: 0}, ReplicationConfig: RATIS/ONE, State:ALLOCATED, leaderId:1b6ed2ab-cf30-442c-a8fc-fc354f6c4d2f, CreationTimestamp2022-10-09T13:03:56.209Z[Etc/UTC]] moved to OPEN state
2022-10-09 13:03:59,219 [EventQueue-OpenPipelineForHealthyPipelineSafeModeRule] INFO  safemode.SCMSafeModeManager (HealthyPipelineSafeModeRule.java:process(137)) - SCM in safe mode. Healthy pipelines reported count is 0, required healthy pipeline reported count is 1
2022-10-09 13:03:59,219 [pool-142-thread-1] INFO  server.RaftServerConfigKeys (ConfUtils.java:logGet(46)) - raft.server.log.write.buffer.size = 1048576 (custom)
2022-10-09 13:03:59,220 [pool-142-thread-1] INFO  server.RaftServerConfigKeys (ConfUtils.java:logGet(46)) - raft.server.log.unsafe-flush.enabled = false (default)
2022-10-09 13:03:59,221 [pool-142-thread-1] INFO  server.RaftServerConfigKeys (ConfUtils.java:logGet(46)) - raft.server.log.statemachine.data.caching.enabled = true (custom)
2022-10-09 13:03:59,221 [pool-142-thread-1] INFO  segmented.SegmentedRaftLogWorker (SegmentedRaftLogWorker.java:lambda$new$0(135)) - 1b6ed2ab-cf30-442c-a8fc-fc354f6c4d2f@group-65BC4B004EED-SegmentedRaftLogWorker: flushIndex: setUnconditionally 0 -> -1
2022-10-09 13:03:59,221 [pool-142-thread-1] INFO  segmented.SegmentedRaftLogWorker (SegmentedRaftLogWorker.java:lambda$new$0(135)) - 1b6ed2ab-cf30-442c-a8fc-fc354f6c4d2f@group-65BC4B004EED-SegmentedRaftLogWorker: safeCacheEvictIndex: setUnconditionally 0 -> -1
2022-10-09 13:03:59,221 [pool-142-thread-1] INFO  server.RaftServerConfigKeys (ConfUtils.java:logGet(46)) - raft.server.snapshot.auto.trigger.enabled = true (custom)
2022-10-09 13:03:59,221 [pool-142-thread-1] INFO  server.RaftServerConfigKeys (ConfUtils.java:logGet(46)) - raft.server.snapshot.auto.trigger.threshold = 10000 (custom)
2022-10-09 13:03:59,221 [pool-142-thread-1] INFO  server.RaftServerConfigKeys (ConfUtils.java:logGet(46)) - raft.server.snapshot.retention.file.num = 5 (custom)
2022-10-09 13:03:59,221 [pool-142-thread-1] INFO  server.RaftServerConfigKeys (ConfUtils.java:logGet(46)) - raft.server.log.purge.upto.snapshot.index = false (default)
2022-10-09 13:03:59,221 [pool-142-thread-1] INFO  server.RaftServerConfigKeys (ConfUtils.java:logGet(46)) - raft.server.retrycache.expirytime = 600000ms (custom)
2022-10-09 13:03:59,221 [pool-142-thread-1] INFO  server.RaftServerConfigKeys (ConfUtils.java:logGet(46)) - raft.server.retrycache.statistics.expirytime = 100μs (default)
2022-10-09 13:03:59,222 [pool-142-thread-1] INFO  server.RaftServerConfigKeys (ConfUtils.java:logGet(46)) - raft.server.log.appender.install.snapshot.enabled = false (custom)
2022-10-09 13:03:59,222 [pool-142-thread-1] INFO  server.RaftServerConfigKeys (ConfUtils.java:logGet(46)) - raft.server.threadpool.server.cached = true (default)
2022-10-09 13:03:59,222 [pool-142-thread-1] INFO  server.RaftServerConfigKeys (ConfUtils.java:logGet(46)) - raft.server.threadpool.server.size = 0 (default)
2022-10-09 13:03:59,222 [pool-142-thread-1] INFO  server.RaftServerConfigKeys (ConfUtils.java:logGet(46)) - raft.server.threadpool.client.cached = true (default)
2022-10-09 13:03:59,222 [pool-142-thread-1] INFO  server.RaftServerConfigKeys (ConfUtils.java:logGet(46)) - raft.server.threadpool.client.size = 0 (default)
2022-10-09 13:03:59,223 [pool-142-thread-1] INFO  server.RaftServer$Division (RaftServerImpl.java:start(310)) - 1b6ed2ab-cf30-442c-a8fc-fc354f6c4d2f@group-65BC4B004EED: start as a follower, conf=-1: [1b6ed2ab-cf30-442c-a8fc-fc354f6c4d2f|rpc:10.1.0.209:41789|priority:1], old=null
2022-10-09 13:03:59,223 [pool-142-thread-1] INFO  server.RaftServer$Division (RaftServerImpl.java:setRole(299)) - 1b6ed2ab-cf30-442c-a8fc-fc354f6c4d2f@group-65BC4B004EED: changes role from      null to FOLLOWER at term 0 for startAsFollower
2022-10-09 13:03:59,223 [pool-142-thread-1] INFO  impl.RoleInfo (RoleInfo.java:updateAndGet(139)) - 1b6ed2ab-cf30-442c-a8fc-fc354f6c4d2f: start 1b6ed2ab-cf30-442c-a8fc-fc354f6c4d2f@group-65BC4B004EED-FollowerState
2022-10-09 13:03:59,223 [pool-142-thread-1] INFO  util.JmxRegister (JmxRegister.java:tryRegister(44)) - Successfully registered JMX Bean with object name Ratis:service=RaftServer,group=group-65BC4B004EED,id=1b6ed2ab-cf30-442c-a8fc-fc354f6c4d2f
2022-10-09 13:03:59,227 [Command processor thread] INFO  ratis.XceiverServerRatis (XceiverServerRatis.java:addGroup(765)) - Created group PipelineID=a6f12d9b-10d4-47fc-90a7-65bc4b004eed
2022-10-09 13:03:59,228 [Command processor thread] INFO  commandhandler.CreatePipelineCommandHandler (CreatePipelineCommandHandler.java:handle(113)) - Created Pipeline RATIS ONE PipelineID=a6f12d9b-10d4-47fc-90a7-65bc4b004eed.
2022-10-09 13:03:59,519 [Listener at 127.0.0.1/37457] INFO  ozone.MiniOzoneClusterImpl (MiniOzoneClusterImpl.java:lambda$waitForClusterToBeReady$0(216)) - Nodes are ready. Got 5 of 5 DN Heartbeats.
2022-10-09 13:03:59,519 [Listener at 127.0.0.1/37457] INFO  ozone.MiniOzoneClusterImpl (MiniOzoneClusterImpl.java:lambda$waitForClusterToBeReady$0(219)) - Waiting for cluster to exit safe mode
2022-10-09 13:03:59,519 [Listener at 127.0.0.1/37457] INFO  ozone.MiniOzoneClusterImpl (MiniOzoneClusterImpl.java:lambda$waitForClusterToBeReady$0(221)) - SCM became leader
2022-10-09 13:03:59,525 [Command processor thread] INFO  server.RaftServer (RaftServerProxy.java:addNew(96)) - e5f66691-da51-4e4f-9357-5009f52741ee: addNew group-FF4A8E323938:[e5f66691-da51-4e4f-9357-5009f52741ee|rpc:10.1.0.209:46869|priority:1] returns group-FF4A8E323938:java.util.concurrent.CompletableFuture@7f191ae3[Not completed]
2022-10-09 13:03:59,529 [pool-165-thread-1] INFO  server.RaftServer$Division (RaftServerImpl.java:<init>(190)) - e5f66691-da51-4e4f-9357-5009f52741ee: new RaftServerImpl for group-FF4A8E323938:[e5f66691-da51-4e4f-9357-5009f52741ee|rpc:10.1.0.209:46869|priority:1] with ContainerStateMachine:uninitialized
2022-10-09 13:03:59,529 [pool-165-thread-1] INFO  server.RaftServerConfigKeys (ConfUtils.java:logGet(46)) - raft.server.rpc.timeout.min = 5s (custom)
2022-10-09 13:03:59,529 [pool-165-thread-1] INFO  server.RaftServerConfigKeys (ConfUtils.java:logGet(46)) - raft.server.rpc.timeout.max = 5200ms (custom)
2022-10-09 13:03:59,529 [pool-165-thread-1] INFO  server.RaftServerConfigKeys (ConfUtils.java:logGet(46)) - raft.server.rpc.sleep.time = 25ms (default)
2022-10-09 13:03:59,529 [pool-165-thread-1] INFO  server.RaftServerConfigKeys (ConfUtils.java:logGet(46)) - raft.server.rpc.slowness.timeout = 300s (custom)
2022-10-09 13:03:59,529 [pool-165-thread-1] INFO  server.RaftServerConfigKeys (ConfUtils.java:logGet(46)) - raft.server.leaderelection.leader.step-down.wait-time = 10s (default)
2022-10-09 13:03:59,529 [pool-165-thread-1] INFO  server.RaftServerConfigKeys (ConfUtils.java:logGet(46)) - raft.server.sleep.deviation.threshold = 300ms (default)
2022-10-09 13:03:59,529 [pool-165-thread-1] INFO  server.RaftServer$Division (ServerState.java:<init>(107)) - e5f66691-da51-4e4f-9357-5009f52741ee@group-FF4A8E323938: ConfigurationManager, init=-1: [e5f66691-da51-4e4f-9357-5009f52741ee|rpc:10.1.0.209:46869|priority:1], old=null, confs=<EMPTY_MAP>
2022-10-09 13:03:59,529 [pool-165-thread-1] INFO  server.RaftServerConfigKeys (ConfUtils.java:logGet(46)) - raft.server.storage.dir = [/home/runner/work/ozone/ozone/hadoop-ozone/integration-test/target/test-dir/MiniOzoneClusterImpl-6b6317f5-37ef-4289-9029-d6045239d9e9/datanode-4/data/ratis] (custom)
2022-10-09 13:03:59,529 [pool-165-thread-1] INFO  server.RaftServerConfigKeys (ConfUtils.java:logGet(46)) - raft.server.log.corruption.policy = EXCEPTION (default)
2022-10-09 13:03:59,529 [pool-165-thread-1] INFO  server.RaftServerConfigKeys (ConfUtils.java:logGet(46)) - raft.server.storage.free-space.min = 0MB (=0) (default)
2022-10-09 13:03:59,529 [pool-165-thread-1] INFO  storage.RaftStorageDirectory (RaftStorageDirectoryImpl.java:analyzeStorage(135)) - The storage directory /home/runner/work/ozone/ozone/hadoop-ozone/integration-test/target/test-dir/MiniOzoneClusterImpl-6b6317f5-37ef-4289-9029-d6045239d9e9/datanode-4/data/ratis/4dcf4643-7d01-4af2-a896-ff4a8e323938 does not exist. Creating ...
2022-10-09 13:03:59,530 [pool-165-thread-1] INFO  storage.RaftStorageDirectory (RaftStorageDirectoryImpl.java:tryLock(230)) - Lock on /home/runner/work/ozone/ozone/hadoop-ozone/integration-test/target/test-dir/MiniOzoneClusterImpl-6b6317f5-37ef-4289-9029-d6045239d9e9/datanode-4/data/ratis/4dcf4643-7d01-4af2-a896-ff4a8e323938/in_use.lock acquired by nodename 13094@fv-az212-628
2022-10-09 13:03:59,531 [pool-165-thread-1] INFO  storage.RaftStorage (RaftStorageImpl.java:format(89)) - Storage directory /home/runner/work/ozone/ozone/hadoop-ozone/integration-test/target/test-dir/MiniOzoneClusterImpl-6b6317f5-37ef-4289-9029-d6045239d9e9/datanode-4/data/ratis/4dcf4643-7d01-4af2-a896-ff4a8e323938 has been successfully formatted.
2022-10-09 13:03:59,532 [pool-165-thread-1] INFO  ratis.ContainerStateMachine (ContainerStateMachine.java:loadSnapshot(236)) - group-FF4A8E323938: The snapshot info is null. Setting the last applied indexto:(t:0, i:~)
2022-10-09 13:03:59,533 [pool-165-thread-1] INFO  server.RaftServerConfigKeys (ConfUtils.java:logGet(46)) - raft.server.notification.no-leader.timeout = 300s (custom)
2022-10-09 13:03:59,533 [pool-165-thread-1] INFO  server.RaftServerConfigKeys (ConfUtils.java:logGet(46)) - raft.server.log.use.memory = false (default)
2022-10-09 13:03:59,533 [pool-165-thread-1] INFO  server.RaftServerConfigKeys (ConfUtils.java:logGet(46)) - raft.server.log.purge.gap = 1000000 (custom)
2022-10-09 13:03:59,533 [pool-165-thread-1] INFO  server.RaftServerConfigKeys (ConfUtils.java:logGet(46)) - raft.server.log.appender.buffer.byte-limit = 33554432 (custom)
2022-10-09 13:03:59,533 [pool-165-thread-1] INFO  server.RaftServerConfigKeys (ConfUtils.java:logGet(46)) - raft.server.log.statemachine.data.read.timeout = 1000ms (default)
2022-10-09 13:03:59,533 [pool-165-thread-1] INFO  server.RaftServerConfigKeys (ConfUtils.java:logGet(46)) - raft.server.log.segment.size.max = 1048576 (custom)
2022-10-09 13:03:59,534 [pool-165-thread-1] INFO  server.RaftServerConfigKeys (ConfUtils.java:logGet(46)) - raft.server.log.segment.cache.num.max = 2 (custom)
2022-10-09 13:03:59,534 [pool-165-thread-1] INFO  server.RaftServerConfigKeys (ConfUtils.java:logGet(46)) - raft.server.log.segment.cache.size.max = 200MB (=209715200) (default)
2022-10-09 13:03:59,534 [pool-165-thread-1] INFO  segmented.SegmentedRaftLogWorker (SegmentedRaftLogWorker.java:<init>(187)) - new e5f66691-da51-4e4f-9357-5009f52741ee@group-FF4A8E323938-SegmentedRaftLogWorker for RaftStorageImpl:Storage Directory /home/runner/work/ozone/ozone/hadoop-ozone/integration-test/target/test-dir/MiniOzoneClusterImpl-6b6317f5-37ef-4289-9029-d6045239d9e9/datanode-4/data/ratis/4dcf4643-7d01-4af2-a896-ff4a8e323938
2022-10-09 13:03:59,534 [pool-165-thread-1] INFO  server.RaftServerConfigKeys (ConfUtils.java:logGet(46)) - raft.server.log.queue.byte-limit = 4294967296 (custom)
2022-10-09 13:03:59,534 [pool-165-thread-1] INFO  server.RaftServerConfigKeys (ConfUtils.java:logGet(46)) - raft.server.log.queue.element-limit = 1024 (custom)
2022-10-09 13:03:59,534 [pool-165-thread-1] INFO  server.RaftServerConfigKeys (ConfUtils.java:logGet(46)) - raft.server.log.segment.size.max = 1048576 (custom)
2022-10-09 13:03:59,534 [pool-165-thread-1] INFO  server.RaftServerConfigKeys (ConfUtils.java:logGet(46)) - raft.server.log.preallocated.size = 16384 (custom)
2022-10-09 13:03:59,534 [pool-165-thread-1] INFO  server.RaftServerConfigKeys (ConfUtils.java:logGet(46)) - raft.server.log.force.sync.num = 128 (default)
2022-10-09 13:03:59,534 [pool-165-thread-1] INFO  server.RaftServerConfigKeys (ConfUtils.java:logGet(46)) - raft.server.log.statemachine.data.sync = true (default)
2022-10-09 13:03:59,534 [pool-165-thread-1] INFO  server.RaftServerConfigKeys (ConfUtils.java:logGet(46)) - raft.server.log.statemachine.data.sync.timeout = 10s (default)
2022-10-09 13:03:59,534 [pool-165-thread-1] INFO  server.RaftServerConfigKeys (ConfUtils.java:logGet(46)) - raft.server.log.statemachine.data.sync.timeout.retry = -1 (default)
2022-10-09 13:03:59,536 [EventQueue-PipelineReportForPipelineReportHandler] INFO  pipeline.PipelineManagerImpl (PipelineManagerImpl.java:openPipeline(367)) - Pipeline Pipeline[ Id: 4dcf4643-7d01-4af2-a896-ff4a8e323938, Nodes: e5f66691-da51-4e4f-9357-5009f52741ee{ip: 10.1.0.209, host: fv-az212-628.zlodpucb4l4udavnfxg5s20dva.cx.internal.cloudapp.net, ports: [REPLICATION=36845, RATIS=46869, RATIS_ADMIN=46869, RATIS_SERVER=46869, STANDALONE=39337], networkLocation: /default-rack, certSerialId: null, persistedOpState: IN_SERVICE, persistedOpStateExpiryEpochSec: 0}, ReplicationConfig: RATIS/ONE, State:ALLOCATED, leaderId:e5f66691-da51-4e4f-9357-5009f52741ee, CreationTimestamp2022-10-09T13:03:56.529Z[Etc/UTC]] moved to OPEN state
2022-10-09 13:03:59,537 [EventQueue-OpenPipelineForHealthyPipelineSafeModeRule] INFO  safemode.SCMSafeModeManager (HealthyPipelineSafeModeRule.java:process(137)) - SCM in safe mode. Healthy pipelines reported count is 0, required healthy pipeline reported count is 1
2022-10-09 13:03:59,537 [pool-165-thread-1] INFO  server.RaftServerConfigKeys (ConfUtils.java:logGet(46)) - raft.server.log.write.buffer.size = 1048576 (custom)
2022-10-09 13:03:59,539 [pool-165-thread-1] INFO  server.RaftServerConfigKeys (ConfUtils.java:logGet(46)) - raft.server.log.unsafe-flush.enabled = false (default)
2022-10-09 13:03:59,539 [pool-165-thread-1] INFO  server.RaftServerConfigKeys (ConfUtils.java:logGet(46)) - raft.server.log.statemachine.data.caching.enabled = true (custom)
2022-10-09 13:03:59,539 [pool-165-thread-1] INFO  segmented.SegmentedRaftLogWorker (SegmentedRaftLogWorker.java:lambda$new$0(135)) - e5f66691-da51-4e4f-9357-5009f52741ee@group-FF4A8E323938-SegmentedRaftLogWorker: flushIndex: setUnconditionally 0 -> -1
2022-10-09 13:03:59,539 [pool-165-thread-1] INFO  segmented.SegmentedRaftLogWorker (SegmentedRaftLogWorker.java:lambda$new$0(135)) - e5f66691-da51-4e4f-9357-5009f52741ee@group-FF4A8E323938-SegmentedRaftLogWorker: safeCacheEvictIndex: setUnconditionally 0 -> -1
2022-10-09 13:03:59,539 [pool-165-thread-1] INFO  server.RaftServerConfigKeys (ConfUtils.java:logGet(46)) - raft.server.snapshot.auto.trigger.enabled = true (custom)
2022-10-09 13:03:59,539 [pool-165-thread-1] INFO  server.RaftServerConfigKeys (ConfUtils.java:logGet(46)) - raft.server.snapshot.auto.trigger.threshold = 10000 (custom)
2022-10-09 13:03:59,539 [pool-165-thread-1] INFO  server.RaftServerConfigKeys (ConfUtils.java:logGet(46)) - raft.server.snapshot.retention.file.num = 5 (custom)
2022-10-09 13:03:59,539 [pool-165-thread-1] INFO  server.RaftServerConfigKeys (ConfUtils.java:logGet(46)) - raft.server.log.purge.upto.snapshot.index = false (default)
2022-10-09 13:03:59,539 [pool-165-thread-1] INFO  server.RaftServerConfigKeys (ConfUtils.java:logGet(46)) - raft.server.retrycache.expirytime = 600000ms (custom)
2022-10-09 13:03:59,539 [pool-165-thread-1] INFO  server.RaftServerConfigKeys (ConfUtils.java:logGet(46)) - raft.server.retrycache.statistics.expirytime = 100μs (default)
2022-10-09 13:03:59,540 [pool-165-thread-1] INFO  server.RaftServerConfigKeys (ConfUtils.java:logGet(46)) - raft.server.log.appender.install.snapshot.enabled = false (custom)
2022-10-09 13:03:59,540 [pool-165-thread-1] INFO  server.RaftServerConfigKeys (ConfUtils.java:logGet(46)) - raft.server.threadpool.server.cached = true (default)
2022-10-09 13:03:59,540 [pool-165-thread-1] INFO  server.RaftServerConfigKeys (ConfUtils.java:logGet(46)) - raft.server.threadpool.server.size = 0 (default)
2022-10-09 13:03:59,540 [pool-165-thread-1] INFO  server.RaftServerConfigKeys (ConfUtils.java:logGet(46)) - raft.server.threadpool.client.cached = true (default)
2022-10-09 13:03:59,540 [pool-165-thread-1] INFO  server.RaftServerConfigKeys (ConfUtils.java:logGet(46)) - raft.server.threadpool.client.size = 0 (default)
2022-10-09 13:03:59,541 [pool-165-thread-1] INFO  server.RaftServer$Division (RaftServerImpl.java:start(310)) - e5f66691-da51-4e4f-9357-5009f52741ee@group-FF4A8E323938: start as a follower, conf=-1: [e5f66691-da51-4e4f-9357-5009f52741ee|rpc:10.1.0.209:46869|priority:1], old=null
2022-10-09 13:03:59,541 [pool-165-thread-1] INFO  server.RaftServer$Division (RaftServerImpl.java:setRole(299)) - e5f66691-da51-4e4f-9357-5009f52741ee@group-FF4A8E323938: changes role from      null to FOLLOWER at term 0 for startAsFollower
2022-10-09 13:03:59,541 [pool-165-thread-1] INFO  impl.RoleInfo (RoleInfo.java:updateAndGet(139)) - e5f66691-da51-4e4f-9357-5009f52741ee: start e5f66691-da51-4e4f-9357-5009f52741ee@group-FF4A8E323938-FollowerState
2022-10-09 13:03:59,541 [pool-165-thread-1] INFO  util.JmxRegister (JmxRegister.java:tryRegister(44)) - Successfully registered JMX Bean with object name Ratis:service=RaftServer,group=group-FF4A8E323938,id=e5f66691-da51-4e4f-9357-5009f52741ee
2022-10-09 13:03:59,542 [Command processor thread] INFO  ratis.XceiverServerRatis (XceiverServerRatis.java:addGroup(765)) - Created group PipelineID=4dcf4643-7d01-4af2-a896-ff4a8e323938
2022-10-09 13:03:59,542 [Command processor thread] INFO  commandhandler.CreatePipelineCommandHandler (CreatePipelineCommandHandler.java:handle(113)) - Created Pipeline RATIS ONE PipelineID=4dcf4643-7d01-4af2-a896-ff4a8e323938.
2022-10-09 13:04:00,519 [Listener at 127.0.0.1/37457] INFO  ozone.MiniOzoneClusterImpl (MiniOzoneClusterImpl.java:lambda$waitForClusterToBeReady$0(216)) - Nodes are ready. Got 5 of 5 DN Heartbeats.
2022-10-09 13:04:00,520 [Listener at 127.0.0.1/37457] INFO  ozone.MiniOzoneClusterImpl (MiniOzoneClusterImpl.java:lambda$waitForClusterToBeReady$0(219)) - Waiting for cluster to exit safe mode
2022-10-09 13:04:00,520 [Listener at 127.0.0.1/37457] INFO  ozone.MiniOzoneClusterImpl (MiniOzoneClusterImpl.java:lambda$waitForClusterToBeReady$0(221)) - SCM became leader
2022-10-09 13:04:01,520 [Listener at 127.0.0.1/37457] INFO  ozone.MiniOzoneClusterImpl (MiniOzoneClusterImpl.java:lambda$waitForClusterToBeReady$0(216)) - Nodes are ready. Got 5 of 5 DN Heartbeats.
2022-10-09 13:04:01,521 [Listener at 127.0.0.1/37457] INFO  ozone.MiniOzoneClusterImpl (MiniOzoneClusterImpl.java:lambda$waitForClusterToBeReady$0(219)) - Waiting for cluster to exit safe mode
2022-10-09 13:04:01,521 [Listener at 127.0.0.1/37457] INFO  ozone.MiniOzoneClusterImpl (MiniOzoneClusterImpl.java:lambda$waitForClusterToBeReady$0(221)) - SCM became leader
2022-10-09 13:04:02,521 [Listener at 127.0.0.1/37457] INFO  ozone.MiniOzoneClusterImpl (MiniOzoneClusterImpl.java:lambda$waitForClusterToBeReady$0(216)) - Nodes are ready. Got 5 of 5 DN Heartbeats.
2022-10-09 13:04:02,521 [Listener at 127.0.0.1/37457] INFO  ozone.MiniOzoneClusterImpl (MiniOzoneClusterImpl.java:lambda$waitForClusterToBeReady$0(219)) - Waiting for cluster to exit safe mode
2022-10-09 13:04:02,521 [Listener at 127.0.0.1/37457] INFO  ozone.MiniOzoneClusterImpl (MiniOzoneClusterImpl.java:lambda$waitForClusterToBeReady$0(221)) - SCM became leader
2022-10-09 13:04:03,112 [2db59515-9e3b-4889-b4e8-582beecf5a37@group-57B89B3A680D-FollowerState] INFO  impl.FollowerState (FollowerState.java:run(143)) - 2db59515-9e3b-4889-b4e8-582beecf5a37@group-57B89B3A680D-FollowerState: change to CANDIDATE, lastRpcElapsedTime:5048302436ns, electionTimeout:5034ms
2022-10-09 13:04:03,113 [2db59515-9e3b-4889-b4e8-582beecf5a37@group-57B89B3A680D-FollowerState] INFO  impl.RoleInfo (RoleInfo.java:shutdownFollowerState(110)) - 2db59515-9e3b-4889-b4e8-582beecf5a37: shutdown 2db59515-9e3b-4889-b4e8-582beecf5a37@group-57B89B3A680D-FollowerState
2022-10-09 13:04:03,113 [2db59515-9e3b-4889-b4e8-582beecf5a37@group-57B89B3A680D-FollowerState] INFO  server.RaftServer$Division (RaftServerImpl.java:setRole(299)) - 2db59515-9e3b-4889-b4e8-582beecf5a37@group-57B89B3A680D: changes role from  FOLLOWER to CANDIDATE at term 0 for changeToCandidate
2022-10-09 13:04:03,113 [2db59515-9e3b-4889-b4e8-582beecf5a37@group-57B89B3A680D-FollowerState] INFO  server.RaftServerConfigKeys (ConfUtils.java:logGet(46)) - raft.server.leaderelection.pre-vote = false (custom)
2022-10-09 13:04:03,113 [2db59515-9e3b-4889-b4e8-582beecf5a37@group-57B89B3A680D-FollowerState] INFO  impl.RoleInfo (RoleInfo.java:updateAndGet(139)) - 2db59515-9e3b-4889-b4e8-582beecf5a37: start 2db59515-9e3b-4889-b4e8-582beecf5a37@group-57B89B3A680D-LeaderElection2
2022-10-09 13:04:03,117 [2db59515-9e3b-4889-b4e8-582beecf5a37@group-57B89B3A680D-LeaderElection2] INFO  impl.LeaderElection (LeaderElection.java:askForVotes(310)) - 2db59515-9e3b-4889-b4e8-582beecf5a37@group-57B89B3A680D-LeaderElection2 ELECTION round 0: submit vote requests at term 1 for -1: [2db59515-9e3b-4889-b4e8-582beecf5a37|rpc:10.1.0.209:43077|priority:1], old=null
2022-10-09 13:04:03,117 [2db59515-9e3b-4889-b4e8-582beecf5a37@group-57B89B3A680D-LeaderElection2] INFO  impl.LeaderElection (LeaderElection.java:askForVotes(312)) - 2db59515-9e3b-4889-b4e8-582beecf5a37@group-57B89B3A680D-LeaderElection2 ELECTION round 0: result PASSED (term=1)
2022-10-09 13:04:03,117 [2db59515-9e3b-4889-b4e8-582beecf5a37@group-57B89B3A680D-LeaderElection2] INFO  impl.RoleInfo (RoleInfo.java:shutdownLeaderElection(130)) - 2db59515-9e3b-4889-b4e8-582beecf5a37: shutdown 2db59515-9e3b-4889-b4e8-582beecf5a37@group-57B89B3A680D-LeaderElection2
2022-10-09 13:04:03,117 [2db59515-9e3b-4889-b4e8-582beecf5a37@group-57B89B3A680D-LeaderElection2] INFO  server.RaftServer$Division (RaftServerImpl.java:setRole(299)) - 2db59515-9e3b-4889-b4e8-582beecf5a37@group-57B89B3A680D: changes role from CANDIDATE to LEADER at term 1 for changeToLeader
2022-10-09 13:04:03,117 [2db59515-9e3b-4889-b4e8-582beecf5a37@group-57B89B3A680D-LeaderElection2] INFO  ratis.XceiverServerRatis (XceiverServerRatis.java:handleLeaderChangedNotification(863)) - Leader change notification received for group: group-57B89B3A680D with new leaderId: 2db59515-9e3b-4889-b4e8-582beecf5a37
2022-10-09 13:04:03,117 [2db59515-9e3b-4889-b4e8-582beecf5a37@group-57B89B3A680D-LeaderElection2] INFO  server.RaftServer$Division (ServerState.java:setLeader(287)) - 2db59515-9e3b-4889-b4e8-582beecf5a37@group-57B89B3A680D: change Leader from null to 2db59515-9e3b-4889-b4e8-582beecf5a37 at term 1 for becomeLeader, leader elected after 5061ms
2022-10-09 13:04:03,118 [2db59515-9e3b-4889-b4e8-582beecf5a37@group-57B89B3A680D-LeaderElection2] INFO  server.RaftServerConfigKeys (ConfUtils.java:logGet(46)) - raft.server.staging.catchup.gap = 1000 (default)
2022-10-09 13:04:03,120 [2db59515-9e3b-4889-b4e8-582beecf5a37@group-57B89B3A680D-LeaderElection2] INFO  server.RaftServerConfigKeys (ConfUtils.java:logGet(46)) - raft.server.write.element-limit = 1024 (custom)
2022-10-09 13:04:03,120 [2db59515-9e3b-4889-b4e8-582beecf5a37@group-57B89B3A680D-LeaderElection2] INFO  server.RaftServerConfigKeys (ConfUtils.java:logGet(46)) - raft.server.write.byte-limit = 1024 M (=1073741824) (custom)
2022-10-09 13:04:03,120 [2db59515-9e3b-4889-b4e8-582beecf5a37@group-57B89B3A680D-LeaderElection2] INFO  server.RaftServerConfigKeys (ConfUtils.java:logGet(46)) - raft.server.watch.timeout = 180s (custom)
2022-10-09 13:04:03,121 [2db59515-9e3b-4889-b4e8-582beecf5a37@group-57B89B3A680D-LeaderElection2] INFO  server.RaftServerConfigKeys (ConfUtils.java:logGet(46)) - raft.server.watch.timeout.denomination = 1s (default)
2022-10-09 13:04:03,121 [2db59515-9e3b-4889-b4e8-582beecf5a37@group-57B89B3A680D-LeaderElection2] INFO  server.RaftServerConfigKeys (ConfUtils.java:logGet(46)) - raft.server.watch.element-limit = 65536 (default)
2022-10-09 13:04:03,121 [2db59515-9e3b-4889-b4e8-582beecf5a37@group-57B89B3A680D-LeaderElection2] INFO  server.RaftServerConfigKeys (ConfUtils.java:logGet(46)) - raft.server.write.element-limit = 1024 (custom)
2022-10-09 13:04:03,121 [2db59515-9e3b-4889-b4e8-582beecf5a37@group-57B89B3A680D-LeaderElection2] INFO  server.RaftServerConfigKeys (ConfUtils.java:logGet(46)) - raft.server.write.follower.gap.ratio.max = -1.0 (default)
2022-10-09 13:04:03,121 [2db59515-9e3b-4889-b4e8-582beecf5a37@group-57B89B3A680D-LeaderElection2] INFO  impl.RoleInfo (RoleInfo.java:updateAndGet(139)) - 2db59515-9e3b-4889-b4e8-582beecf5a37: start 2db59515-9e3b-4889-b4e8-582beecf5a37@group-57B89B3A680D-LeaderStateImpl
2022-10-09 13:04:03,121 [EventQueue-OpenPipelineForHealthyPipelineSafeModeRule] INFO  safemode.SCMSafeModeManager (HealthyPipelineSafeModeRule.java:process(137)) - SCM in safe mode. Healthy pipelines reported count is 0, required healthy pipeline reported count is 1
2022-10-09 13:04:03,121 [2db59515-9e3b-4889-b4e8-582beecf5a37@group-57B89B3A680D-LeaderElection2] INFO  segmented.SegmentedRaftLogWorker (SegmentedRaftLogWorker.java:startLogSegment(425)) - 2db59515-9e3b-4889-b4e8-582beecf5a37@group-57B89B3A680D-SegmentedRaftLogWorker: Starting segment from index:0
2022-10-09 13:04:03,123 [2db59515-9e3b-4889-b4e8-582beecf5a37@group-57B89B3A680D-SegmentedRaftLogWorker] INFO  segmented.SegmentedRaftLogWorker (SegmentedRaftLogWorker.java:execute(629)) - 2db59515-9e3b-4889-b4e8-582beecf5a37@group-57B89B3A680D-SegmentedRaftLogWorker: created new log segment /home/runner/work/ozone/ozone/hadoop-ozone/integration-test/target/test-dir/MiniOzoneClusterImpl-6b6317f5-37ef-4289-9029-d6045239d9e9/datanode-0/data/ratis/2a46c7ac-7320-4d26-8170-57b89b3a680d/current/log_inprogress_0
2022-10-09 13:04:03,128 [2db59515-9e3b-4889-b4e8-582beecf5a37@group-57B89B3A680D-LeaderElection2] INFO  server.RaftServer$Division (ServerState.java:setRaftConf(393)) - 2db59515-9e3b-4889-b4e8-582beecf5a37@group-57B89B3A680D: set configuration 0: [2db59515-9e3b-4889-b4e8-582beecf5a37|rpc:10.1.0.209:43077|dataStream:|priority:1], old=null
2022-10-09 13:04:03,296 [2db59515-9e3b-4889-b4e8-582beecf5a37@group-86BB596B74D6-FollowerState] INFO  impl.FollowerState (FollowerState.java:run(143)) - 2db59515-9e3b-4889-b4e8-582beecf5a37@group-86BB596B74D6-FollowerState: change to CANDIDATE, lastRpcElapsedTime:5188823644ns, electionTimeout:5179ms
2022-10-09 13:04:03,297 [2db59515-9e3b-4889-b4e8-582beecf5a37@group-86BB596B74D6-FollowerState] INFO  impl.RoleInfo (RoleInfo.java:shutdownFollowerState(110)) - 2db59515-9e3b-4889-b4e8-582beecf5a37: shutdown 2db59515-9e3b-4889-b4e8-582beecf5a37@group-86BB596B74D6-FollowerState
2022-10-09 13:04:03,297 [2db59515-9e3b-4889-b4e8-582beecf5a37@group-86BB596B74D6-FollowerState] INFO  server.RaftServer$Division (RaftServerImpl.java:setRole(299)) - 2db59515-9e3b-4889-b4e8-582beecf5a37@group-86BB596B74D6: changes role from  FOLLOWER to CANDIDATE at term 0 for changeToCandidate
2022-10-09 13:04:03,297 [2db59515-9e3b-4889-b4e8-582beecf5a37@group-86BB596B74D6-FollowerState] INFO  server.RaftServerConfigKeys (ConfUtils.java:logGet(46)) - raft.server.leaderelection.pre-vote = false (custom)
2022-10-09 13:04:03,297 [2db59515-9e3b-4889-b4e8-582beecf5a37@group-86BB596B74D6-FollowerState] INFO  impl.RoleInfo (RoleInfo.java:updateAndGet(139)) - 2db59515-9e3b-4889-b4e8-582beecf5a37: start 2db59515-9e3b-4889-b4e8-582beecf5a37@group-86BB596B74D6-LeaderElection3
2022-10-09 13:04:03,300 [2db59515-9e3b-4889-b4e8-582beecf5a37@group-86BB596B74D6-LeaderElection3] INFO  impl.LeaderElection (LeaderElection.java:askForVotes(310)) - 2db59515-9e3b-4889-b4e8-582beecf5a37@group-86BB596B74D6-LeaderElection3 ELECTION round 0: submit vote requests at term 1 for -1: [35fd77c5-1f23-44b5-b15d-a7cf87b6731e|rpc:10.1.0.209:41389|priority:1, 2db59515-9e3b-4889-b4e8-582beecf5a37|rpc:10.1.0.209:43077|priority:0, b3799363-510b-4b0d-b719-e4308f1034ba|rpc:10.1.0.209:41135|priority:0], old=null
2022-10-09 13:04:03,329 [grpc-default-executor-2] INFO  server.RaftServer$Division (RaftServerImpl.java:requestVote(1152)) - 35fd77c5-1f23-44b5-b15d-a7cf87b6731e@group-86BB596B74D6: receive requestVote(ELECTION, 2db59515-9e3b-4889-b4e8-582beecf5a37, group-86BB596B74D6, 1, (t:0, i:0))
2022-10-09 13:04:03,331 [grpc-default-executor-2] INFO  impl.VoteContext (VoteContext.java:log(48)) - 35fd77c5-1f23-44b5-b15d-a7cf87b6731e@group-86BB596B74D6-FOLLOWER: reject ELECTION from 2db59515-9e3b-4889-b4e8-582beecf5a37: our priority 1 > candidate's priority 0
2022-10-09 13:04:03,331 [grpc-default-executor-2] INFO  server.RaftServer$Division (RaftServerImpl.java:setRole(299)) - 35fd77c5-1f23-44b5-b15d-a7cf87b6731e@group-86BB596B74D6: changes role from  FOLLOWER to FOLLOWER at term 1 for candidate:2db59515-9e3b-4889-b4e8-582beecf5a37
2022-10-09 13:04:03,331 [grpc-default-executor-2] INFO  impl.RoleInfo (RoleInfo.java:shutdownFollowerState(110)) - 35fd77c5-1f23-44b5-b15d-a7cf87b6731e: shutdown 35fd77c5-1f23-44b5-b15d-a7cf87b6731e@group-86BB596B74D6-FollowerState
2022-10-09 13:04:03,331 [grpc-default-executor-2] INFO  impl.RoleInfo (RoleInfo.java:updateAndGet(139)) - 35fd77c5-1f23-44b5-b15d-a7cf87b6731e: start 35fd77c5-1f23-44b5-b15d-a7cf87b6731e@group-86BB596B74D6-FollowerState
2022-10-09 13:04:03,331 [35fd77c5-1f23-44b5-b15d-a7cf87b6731e@group-86BB596B74D6-FollowerState] INFO  impl.FollowerState (FollowerState.java:run(152)) - 35fd77c5-1f23-44b5-b15d-a7cf87b6731e@group-86BB596B74D6-FollowerState was interrupted
2022-10-09 13:04:03,343 [grpc-default-executor-2] INFO  server.RaftServer$Division (RaftServerImpl.java:requestVote(1184)) - 35fd77c5-1f23-44b5-b15d-a7cf87b6731e@group-86BB596B74D6 replies to ELECTION vote request: 2db59515-9e3b-4889-b4e8-582beecf5a37<-35fd77c5-1f23-44b5-b15d-a7cf87b6731e#0:FAIL-t1. Peer's state: 35fd77c5-1f23-44b5-b15d-a7cf87b6731e@group-86BB596B74D6:t1, leader=null, voted=null, raftlog=35fd77c5-1f23-44b5-b15d-a7cf87b6731e@group-86BB596B74D6-SegmentedRaftLog:OPENED:c-1, conf=-1: [35fd77c5-1f23-44b5-b15d-a7cf87b6731e|rpc:10.1.0.209:41389|priority:1, 2db59515-9e3b-4889-b4e8-582beecf5a37|rpc:10.1.0.209:43077|priority:0, b3799363-510b-4b0d-b719-e4308f1034ba|rpc:10.1.0.209:41135|priority:0], old=null
2022-10-09 13:04:03,349 [grpc-default-executor-0] INFO  server.RaftServer$Division (RaftServerImpl.java:requestVote(1152)) - b3799363-510b-4b0d-b719-e4308f1034ba@group-86BB596B74D6: receive requestVote(ELECTION, 2db59515-9e3b-4889-b4e8-582beecf5a37, group-86BB596B74D6, 1, (t:0, i:0))
2022-10-09 13:04:03,349 [grpc-default-executor-0] INFO  impl.VoteContext (VoteContext.java:log(48)) - b3799363-510b-4b0d-b719-e4308f1034ba@group-86BB596B74D6-FOLLOWER: accept ELECTION from 2db59515-9e3b-4889-b4e8-582beecf5a37: our priority 0 <= candidate's priority 0
2022-10-09 13:04:03,351 [grpc-default-executor-0] INFO  server.RaftServer$Division (RaftServerImpl.java:setRole(299)) - b3799363-510b-4b0d-b719-e4308f1034ba@group-86BB596B74D6: changes role from  FOLLOWER to FOLLOWER at term 1 for candidate:2db59515-9e3b-4889-b4e8-582beecf5a37
2022-10-09 13:04:03,351 [grpc-default-executor-0] INFO  impl.RoleInfo (RoleInfo.java:shutdownFollowerState(110)) - b3799363-510b-4b0d-b719-e4308f1034ba: shutdown b3799363-510b-4b0d-b719-e4308f1034ba@group-86BB596B74D6-FollowerState
2022-10-09 13:04:03,351 [grpc-default-executor-0] INFO  impl.RoleInfo (RoleInfo.java:updateAndGet(139)) - b3799363-510b-4b0d-b719-e4308f1034ba: start b3799363-510b-4b0d-b719-e4308f1034ba@group-86BB596B74D6-FollowerState
2022-10-09 13:04:03,351 [b3799363-510b-4b0d-b719-e4308f1034ba@group-86BB596B74D6-FollowerState] INFO  impl.FollowerState (FollowerState.java:run(152)) - b3799363-510b-4b0d-b719-e4308f1034ba@group-86BB596B74D6-FollowerState was interrupted
2022-10-09 13:04:03,353 [2db59515-9e3b-4889-b4e8-582beecf5a37@group-86BB596B74D6-LeaderElection3] INFO  impl.LeaderElection (LeaderElection.java:logAndReturn(90)) - 2db59515-9e3b-4889-b4e8-582beecf5a37@group-86BB596B74D6-LeaderElection3: ELECTION REJECTED received 1 response(s) and 0 exception(s):
2022-10-09 13:04:03,353 [2db59515-9e3b-4889-b4e8-582beecf5a37@group-86BB596B74D6-LeaderElection3] INFO  impl.LeaderElection (LeaderElection.java:logAndReturn(94)) -   Response 0: 2db59515-9e3b-4889-b4e8-582beecf5a37<-35fd77c5-1f23-44b5-b15d-a7cf87b6731e#0:FAIL-t1
2022-10-09 13:04:03,353 [2db59515-9e3b-4889-b4e8-582beecf5a37@group-86BB596B74D6-LeaderElection3] INFO  impl.LeaderElection (LeaderElection.java:askForVotes(312)) - 2db59515-9e3b-4889-b4e8-582beecf5a37@group-86BB596B74D6-LeaderElection3 ELECTION round 0: result REJECTED
2022-10-09 13:04:03,353 [2db59515-9e3b-4889-b4e8-582beecf5a37@group-86BB596B74D6-LeaderElection3] INFO  server.RaftServer$Division (RaftServerImpl.java:setRole(299)) - 2db59515-9e3b-4889-b4e8-582beecf5a37@group-86BB596B74D6: changes role from CANDIDATE to FOLLOWER at term 1 for REJECTED
2022-10-09 13:04:03,353 [2db59515-9e3b-4889-b4e8-582beecf5a37@group-86BB596B74D6-LeaderElection3] INFO  impl.RoleInfo (RoleInfo.java:shutdownLeaderElection(130)) - 2db59515-9e3b-4889-b4e8-582beecf5a37: shutdown 2db59515-9e3b-4889-b4e8-582beecf5a37@group-86BB596B74D6-LeaderElection3
2022-10-09 13:04:03,353 [2db59515-9e3b-4889-b4e8-582beecf5a37@group-86BB596B74D6-LeaderElection3] INFO  impl.RoleInfo (RoleInfo.java:updateAndGet(139)) - 2db59515-9e3b-4889-b4e8-582beecf5a37: start 2db59515-9e3b-4889-b4e8-582beecf5a37@group-86BB596B74D6-FollowerState
2022-10-09 13:04:03,356 [grpc-default-executor-0] INFO  server.RaftServer$Division (RaftServerImpl.java:requestVote(1184)) - b3799363-510b-4b0d-b719-e4308f1034ba@group-86BB596B74D6 replies to ELECTION vote request: 2db59515-9e3b-4889-b4e8-582beecf5a37<-b3799363-510b-4b0d-b719-e4308f1034ba#0:OK-t1. Peer's state: b3799363-510b-4b0d-b719-e4308f1034ba@group-86BB596B74D6:t1, leader=null, voted=2db59515-9e3b-4889-b4e8-582beecf5a37, raftlog=b3799363-510b-4b0d-b719-e4308f1034ba@group-86BB596B74D6-SegmentedRaftLog:OPENED:c-1, conf=-1: [35fd77c5-1f23-44b5-b15d-a7cf87b6731e|rpc:10.1.0.209:41389|dataStream:|priority:1, 2db59515-9e3b-4889-b4e8-582beecf5a37|rpc:10.1.0.209:43077|dataStream:|priority:0, b3799363-510b-4b0d-b719-e4308f1034ba|rpc:10.1.0.209:41135|dataStream:|priority:0], old=null
2022-10-09 13:04:03,522 [Listener at 127.0.0.1/37457] INFO  ozone.MiniOzoneClusterImpl (MiniOzoneClusterImpl.java:lambda$waitForClusterToBeReady$0(216)) - Nodes are ready. Got 5 of 5 DN Heartbeats.
2022-10-09 13:04:03,522 [Listener at 127.0.0.1/37457] INFO  ozone.MiniOzoneClusterImpl (MiniOzoneClusterImpl.java:lambda$waitForClusterToBeReady$0(219)) - Waiting for cluster to exit safe mode
2022-10-09 13:04:03,522 [Listener at 127.0.0.1/37457] INFO  ozone.MiniOzoneClusterImpl (MiniOzoneClusterImpl.java:lambda$waitForClusterToBeReady$0(221)) - SCM became leader
2022-10-09 13:04:03,701 [35fd77c5-1f23-44b5-b15d-a7cf87b6731e@group-538029F9402F-FollowerState] INFO  impl.FollowerState (FollowerState.java:run(143)) - 35fd77c5-1f23-44b5-b15d-a7cf87b6731e@group-538029F9402F-FollowerState: change to CANDIDATE, lastRpcElapsedTime:5135220448ns, electionTimeout:5108ms
2022-10-09 13:04:03,703 [35fd77c5-1f23-44b5-b15d-a7cf87b6731e@group-538029F9402F-FollowerState] INFO  impl.RoleInfo (RoleInfo.java:shutdownFollowerState(110)) - 35fd77c5-1f23-44b5-b15d-a7cf87b6731e: shutdown 35fd77c5-1f23-44b5-b15d-a7cf87b6731e@group-538029F9402F-FollowerState
2022-10-09 13:04:03,703 [35fd77c5-1f23-44b5-b15d-a7cf87b6731e@group-538029F9402F-FollowerState] INFO  server.RaftServer$Division (RaftServerImpl.java:setRole(299)) - 35fd77c5-1f23-44b5-b15d-a7cf87b6731e@group-538029F9402F: changes role from  FOLLOWER to CANDIDATE at term 0 for changeToCandidate
2022-10-09 13:04:03,703 [35fd77c5-1f23-44b5-b15d-a7cf87b6731e@group-538029F9402F-FollowerState] INFO  server.RaftServerConfigKeys (ConfUtils.java:logGet(46)) - raft.server.leaderelection.pre-vote = false (custom)
2022-10-09 13:04:03,703 [35fd77c5-1f23-44b5-b15d-a7cf87b6731e@group-538029F9402F-FollowerState] INFO  impl.RoleInfo (RoleInfo.java:updateAndGet(139)) - 35fd77c5-1f23-44b5-b15d-a7cf87b6731e: start 35fd77c5-1f23-44b5-b15d-a7cf87b6731e@group-538029F9402F-LeaderElection4
2022-10-09 13:04:03,707 [35fd77c5-1f23-44b5-b15d-a7cf87b6731e@group-538029F9402F-LeaderElection4] INFO  impl.LeaderElection (LeaderElection.java:askForVotes(310)) - 35fd77c5-1f23-44b5-b15d-a7cf87b6731e@group-538029F9402F-LeaderElection4 ELECTION round 0: submit vote requests at term 1 for -1: [35fd77c5-1f23-44b5-b15d-a7cf87b6731e|rpc:10.1.0.209:41389|priority:1], old=null
2022-10-09 13:04:03,707 [35fd77c5-1f23-44b5-b15d-a7cf87b6731e@group-538029F9402F-LeaderElection4] INFO  impl.LeaderElection (LeaderElection.java:askForVotes(312)) - 35fd77c5-1f23-44b5-b15d-a7cf87b6731e@group-538029F9402F-LeaderElection4 ELECTION round 0: result PASSED (term=1)
2022-10-09 13:04:03,707 [35fd77c5-1f23-44b5-b15d-a7cf87b6731e@group-538029F9402F-LeaderElection4] INFO  impl.RoleInfo (RoleInfo.java:shutdownLeaderElection(130)) - 35fd77c5-1f23-44b5-b15d-a7cf87b6731e: shutdown 35fd77c5-1f23-44b5-b15d-a7cf87b6731e@group-538029F9402F-LeaderElection4
2022-10-09 13:04:03,708 [35fd77c5-1f23-44b5-b15d-a7cf87b6731e@group-538029F9402F-LeaderElection4] INFO  server.RaftServer$Division (RaftServerImpl.java:setRole(299)) - 35fd77c5-1f23-44b5-b15d-a7cf87b6731e@group-538029F9402F: changes role from CANDIDATE to LEADER at term 1 for changeToLeader
2022-10-09 13:04:03,708 [35fd77c5-1f23-44b5-b15d-a7cf87b6731e@group-538029F9402F-LeaderElection4] INFO  ratis.XceiverServerRatis (XceiverServerRatis.java:handleLeaderChangedNotification(863)) - Leader change notification received for group: group-538029F9402F with new leaderId: 35fd77c5-1f23-44b5-b15d-a7cf87b6731e
2022-10-09 13:04:03,708 [35fd77c5-1f23-44b5-b15d-a7cf87b6731e@group-538029F9402F-LeaderElection4] INFO  server.RaftServer$Division (ServerState.java:setLeader(287)) - 35fd77c5-1f23-44b5-b15d-a7cf87b6731e@group-538029F9402F: change Leader from null to 35fd77c5-1f23-44b5-b15d-a7cf87b6731e at term 1 for becomeLeader, leader elected after 5153ms
2022-10-09 13:04:03,708 [35fd77c5-1f23-44b5-b15d-a7cf87b6731e@group-538029F9402F-LeaderElection4] INFO  server.RaftServerConfigKeys (ConfUtils.java:logGet(46)) - raft.server.staging.catchup.gap = 1000 (default)
2022-10-09 13:04:03,708 [35fd77c5-1f23-44b5-b15d-a7cf87b6731e@group-538029F9402F-LeaderElection4] INFO  server.RaftServerConfigKeys (ConfUtils.java:logGet(46)) - raft.server.write.element-limit = 1024 (custom)
2022-10-09 13:04:03,708 [35fd77c5-1f23-44b5-b15d-a7cf87b6731e@group-538029F9402F-LeaderElection4] INFO  server.RaftServerConfigKeys (ConfUtils.java:logGet(46)) - raft.server.write.byte-limit = 1024 M (=1073741824) (custom)
2022-10-09 13:04:03,709 [35fd77c5-1f23-44b5-b15d-a7cf87b6731e@group-538029F9402F-LeaderElection4] INFO  server.RaftServerConfigKeys (ConfUtils.java:logGet(46)) - raft.server.watch.timeout = 180s (custom)
2022-10-09 13:04:03,709 [35fd77c5-1f23-44b5-b15d-a7cf87b6731e@group-538029F9402F-LeaderElection4] INFO  server.RaftServerConfigKeys (ConfUtils.java:logGet(46)) - raft.server.watch.timeout.denomination = 1s (default)
2022-10-09 13:04:03,709 [35fd77c5-1f23-44b5-b15d-a7cf87b6731e@group-538029F9402F-LeaderElection4] INFO  server.RaftServerConfigKeys (ConfUtils.java:logGet(46)) - raft.server.watch.element-limit = 65536 (default)
2022-10-09 13:04:03,709 [35fd77c5-1f23-44b5-b15d-a7cf87b6731e@group-538029F9402F-LeaderElection4] INFO  server.RaftServerConfigKeys (ConfUtils.java:logGet(46)) - raft.server.write.element-limit = 1024 (custom)
2022-10-09 13:04:03,709 [35fd77c5-1f23-44b5-b15d-a7cf87b6731e@group-538029F9402F-LeaderElection4] INFO  server.RaftServerConfigKeys (ConfUtils.java:logGet(46)) - raft.server.write.follower.gap.ratio.max = -1.0 (default)
2022-10-09 13:04:03,709 [35fd77c5-1f23-44b5-b15d-a7cf87b6731e@group-538029F9402F-LeaderElection4] INFO  impl.RoleInfo (RoleInfo.java:updateAndGet(139)) - 35fd77c5-1f23-44b5-b15d-a7cf87b6731e: start 35fd77c5-1f23-44b5-b15d-a7cf87b6731e@group-538029F9402F-LeaderStateImpl
2022-10-09 13:04:03,710 [EventQueue-OpenPipelineForHealthyPipelineSafeModeRule] INFO  safemode.SCMSafeModeManager (HealthyPipelineSafeModeRule.java:process(137)) - SCM in safe mode. Healthy pipelines reported count is 0, required healthy pipeline reported count is 1
2022-10-09 13:04:03,710 [35fd77c5-1f23-44b5-b15d-a7cf87b6731e@group-538029F9402F-LeaderElection4] INFO  segmented.SegmentedRaftLogWorker (SegmentedRaftLogWorker.java:startLogSegment(425)) - 35fd77c5-1f23-44b5-b15d-a7cf87b6731e@group-538029F9402F-SegmentedRaftLogWorker: Starting segment from index:0
2022-10-09 13:04:03,711 [35fd77c5-1f23-44b5-b15d-a7cf87b6731e@group-538029F9402F-LeaderElection4] INFO  server.RaftServer$Division (ServerState.java:setRaftConf(393)) - 35fd77c5-1f23-44b5-b15d-a7cf87b6731e@group-538029F9402F: set configuration 0: [35fd77c5-1f23-44b5-b15d-a7cf87b6731e|rpc:10.1.0.209:41389|dataStream:|priority:1], old=null
2022-10-09 13:04:03,712 [35fd77c5-1f23-44b5-b15d-a7cf87b6731e@group-538029F9402F-SegmentedRaftLogWorker] INFO  segmented.SegmentedRaftLogWorker (SegmentedRaftLogWorker.java:execute(629)) - 35fd77c5-1f23-44b5-b15d-a7cf87b6731e@group-538029F9402F-SegmentedRaftLogWorker: created new log segment /home/runner/work/ozone/ozone/hadoop-ozone/integration-test/target/test-dir/MiniOzoneClusterImpl-6b6317f5-37ef-4289-9029-d6045239d9e9/datanode-1/data/ratis/547be9a3-4fcf-4668-a46b-538029f9402f/current/log_inprogress_0
2022-10-09 13:04:03,955 [b3799363-510b-4b0d-b719-e4308f1034ba@group-AA03175ED787-FollowerState] INFO  impl.FollowerState (FollowerState.java:run(143)) - b3799363-510b-4b0d-b719-e4308f1034ba@group-AA03175ED787-FollowerState: change to CANDIDATE, lastRpcElapsedTime:5051011328ns, electionTimeout:5042ms
2022-10-09 13:04:03,955 [b3799363-510b-4b0d-b719-e4308f1034ba@group-AA03175ED787-FollowerState] INFO  impl.RoleInfo (RoleInfo.java:shutdownFollowerState(110)) - b3799363-510b-4b0d-b719-e4308f1034ba: shutdown b3799363-510b-4b0d-b719-e4308f1034ba@group-AA03175ED787-FollowerState
2022-10-09 13:04:03,955 [b3799363-510b-4b0d-b719-e4308f1034ba@group-AA03175ED787-FollowerState] INFO  server.RaftServer$Division (RaftServerImpl.java:setRole(299)) - b3799363-510b-4b0d-b719-e4308f1034ba@group-AA03175ED787: changes role from  FOLLOWER to CANDIDATE at term 0 for changeToCandidate
2022-10-09 13:04:03,955 [b3799363-510b-4b0d-b719-e4308f1034ba@group-AA03175ED787-FollowerState] INFO  server.RaftServerConfigKeys (ConfUtils.java:logGet(46)) - raft.server.leaderelection.pre-vote = false (custom)
2022-10-09 13:04:03,955 [b3799363-510b-4b0d-b719-e4308f1034ba@group-AA03175ED787-FollowerState] INFO  impl.RoleInfo (RoleInfo.java:updateAndGet(139)) - b3799363-510b-4b0d-b719-e4308f1034ba: start b3799363-510b-4b0d-b719-e4308f1034ba@group-AA03175ED787-LeaderElection5
2022-10-09 13:04:03,959 [b3799363-510b-4b0d-b719-e4308f1034ba@group-AA03175ED787-LeaderElection5] INFO  impl.LeaderElection (LeaderElection.java:askForVotes(310)) - b3799363-510b-4b0d-b719-e4308f1034ba@group-AA03175ED787-LeaderElection5 ELECTION round 0: submit vote requests at term 1 for -1: [35fd77c5-1f23-44b5-b15d-a7cf87b6731e|rpc:10.1.0.209:41389|priority:0, 2db59515-9e3b-4889-b4e8-582beecf5a37|rpc:10.1.0.209:43077|priority:1, b3799363-510b-4b0d-b719-e4308f1034ba|rpc:10.1.0.209:41135|priority:0], old=null
2022-10-09 13:04:03,970 [b3799363-510b-4b0d-b719-e4308f1034ba@group-63F2606E9A22-FollowerState] INFO  impl.FollowerState (FollowerState.java:run(143)) - b3799363-510b-4b0d-b719-e4308f1034ba@group-63F2606E9A22-FollowerState: change to CANDIDATE, lastRpcElapsedTime:5104996260ns, electionTimeout:5103ms
2022-10-09 13:04:03,970 [b3799363-510b-4b0d-b719-e4308f1034ba@group-63F2606E9A22-FollowerState] INFO  impl.RoleInfo (RoleInfo.java:shutdownFollowerState(110)) - b3799363-510b-4b0d-b719-e4308f1034ba: shutdown b3799363-510b-4b0d-b719-e4308f1034ba@group-63F2606E9A22-FollowerState
2022-10-09 13:04:03,971 [b3799363-510b-4b0d-b719-e4308f1034ba@group-63F2606E9A22-FollowerState] INFO  server.RaftServer$Division (RaftServerImpl.java:setRole(299)) - b3799363-510b-4b0d-b719-e4308f1034ba@group-63F2606E9A22: changes role from  FOLLOWER to CANDIDATE at term 0 for changeToCandidate
2022-10-09 13:04:03,971 [b3799363-510b-4b0d-b719-e4308f1034ba@group-63F2606E9A22-FollowerState] INFO  server.RaftServerConfigKeys (ConfUtils.java:logGet(46)) - raft.server.leaderelection.pre-vote = false (custom)
2022-10-09 13:04:03,971 [b3799363-510b-4b0d-b719-e4308f1034ba@group-63F2606E9A22-FollowerState] INFO  impl.RoleInfo (RoleInfo.java:updateAndGet(139)) - b3799363-510b-4b0d-b719-e4308f1034ba: start b3799363-510b-4b0d-b719-e4308f1034ba@group-63F2606E9A22-LeaderElection6
2022-10-09 13:04:03,980 [grpc-default-executor-0] INFO  server.RaftServer$Division (RaftServerImpl.java:requestVote(1152)) - 2db59515-9e3b-4889-b4e8-582beecf5a37@group-AA03175ED787: receive requestVote(ELECTION, b3799363-510b-4b0d-b719-e4308f1034ba, group-AA03175ED787, 1, (t:0, i:0))
2022-10-09 13:04:03,981 [grpc-default-executor-0] INFO  impl.VoteContext (VoteContext.java:log(48)) - 2db59515-9e3b-4889-b4e8-582beecf5a37@group-AA03175ED787-FOLLOWER: reject ELECTION from b3799363-510b-4b0d-b719-e4308f1034ba: our priority 1 > candidate's priority 0
2022-10-09 13:04:03,981 [grpc-default-executor-0] INFO  server.RaftServer$Division (RaftServerImpl.java:setRole(299)) - 2db59515-9e3b-4889-b4e8-582beecf5a37@group-AA03175ED787: changes role from  FOLLOWER to FOLLOWER at term 1 for candidate:b3799363-510b-4b0d-b719-e4308f1034ba
2022-10-09 13:04:03,981 [grpc-default-executor-0] INFO  impl.RoleInfo (RoleInfo.java:shutdownFollowerState(110)) - 2db59515-9e3b-4889-b4e8-582beecf5a37: shutdown 2db59515-9e3b-4889-b4e8-582beecf5a37@group-AA03175ED787-FollowerState
2022-10-09 13:04:03,981 [grpc-default-executor-0] INFO  impl.RoleInfo (RoleInfo.java:updateAndGet(139)) - 2db59515-9e3b-4889-b4e8-582beecf5a37: start 2db59515-9e3b-4889-b4e8-582beecf5a37@group-AA03175ED787-FollowerState
2022-10-09 13:04:03,981 [2db59515-9e3b-4889-b4e8-582beecf5a37@group-AA03175ED787-FollowerState] INFO  impl.FollowerState (FollowerState.java:run(152)) - 2db59515-9e3b-4889-b4e8-582beecf5a37@group-AA03175ED787-FollowerState was interrupted
2022-10-09 13:04:03,983 [grpc-default-executor-0] INFO  server.RaftServer$Division (RaftServerImpl.java:requestVote(1184)) - 2db59515-9e3b-4889-b4e8-582beecf5a37@group-AA03175ED787 replies to ELECTION vote request: b3799363-510b-4b0d-b719-e4308f1034ba<-2db59515-9e3b-4889-b4e8-582beecf5a37#0:FAIL-t1. Peer's state: 2db59515-9e3b-4889-b4e8-582beecf5a37@group-AA03175ED787:t1, leader=null, voted=null, raftlog=2db59515-9e3b-4889-b4e8-582beecf5a37@group-AA03175ED787-SegmentedRaftLog:OPENED:c-1, conf=-1: [35fd77c5-1f23-44b5-b15d-a7cf87b6731e|rpc:10.1.0.209:41389|priority:0, 2db59515-9e3b-4889-b4e8-582beecf5a37|rpc:10.1.0.209:43077|priority:1, b3799363-510b-4b0d-b719-e4308f1034ba|rpc:10.1.0.209:41135|priority:0], old=null
2022-10-09 13:04:03,983 [b3799363-510b-4b0d-b719-e4308f1034ba@group-63F2606E9A22-LeaderElection6] INFO  impl.LeaderElection (LeaderElection.java:askForVotes(310)) - b3799363-510b-4b0d-b719-e4308f1034ba@group-63F2606E9A22-LeaderElection6 ELECTION round 0: submit vote requests at term 1 for -1: [b3799363-510b-4b0d-b719-e4308f1034ba|rpc:10.1.0.209:41135|priority:1], old=null
2022-10-09 13:04:03,983 [b3799363-510b-4b0d-b719-e4308f1034ba@group-63F2606E9A22-LeaderElection6] INFO  impl.LeaderElection (LeaderElection.java:askForVotes(312)) - b3799363-510b-4b0d-b719-e4308f1034ba@group-63F2606E9A22-LeaderElection6 ELECTION round 0: result PASSED (term=1)
2022-10-09 13:04:03,983 [b3799363-510b-4b0d-b719-e4308f1034ba@group-63F2606E9A22-LeaderElection6] INFO  impl.RoleInfo (RoleInfo.java:shutdownLeaderElection(130)) - b3799363-510b-4b0d-b719-e4308f1034ba: shutdown b3799363-510b-4b0d-b719-e4308f1034ba@group-63F2606E9A22-LeaderElection6
2022-10-09 13:04:03,983 [b3799363-510b-4b0d-b719-e4308f1034ba@group-63F2606E9A22-LeaderElection6] INFO  server.RaftServer$Division (RaftServerImpl.java:setRole(299)) - b3799363-510b-4b0d-b719-e4308f1034ba@group-63F2606E9A22: changes role from CANDIDATE to LEADER at term 1 for changeToLeader
2022-10-09 13:04:03,983 [b3799363-510b-4b0d-b719-e4308f1034ba@group-63F2606E9A22-LeaderElection6] INFO  ratis.XceiverServerRatis (XceiverServerRatis.java:handleLeaderChangedNotification(863)) - Leader change notification received for group: group-63F2606E9A22 with new leaderId: b3799363-510b-4b0d-b719-e4308f1034ba
2022-10-09 13:04:03,983 [b3799363-510b-4b0d-b719-e4308f1034ba@group-63F2606E9A22-LeaderElection6] INFO  server.RaftServer$Division (ServerState.java:setLeader(287)) - b3799363-510b-4b0d-b719-e4308f1034ba@group-63F2606E9A22: change Leader from null to b3799363-510b-4b0d-b719-e4308f1034ba at term 1 for becomeLeader, leader elected after 5131ms
2022-10-09 13:04:03,983 [b3799363-510b-4b0d-b719-e4308f1034ba@group-63F2606E9A22-LeaderElection6] INFO  server.RaftServerConfigKeys (ConfUtils.java:logGet(46)) - raft.server.staging.catchup.gap = 1000 (default)
2022-10-09 13:04:03,984 [b3799363-510b-4b0d-b719-e4308f1034ba@group-63F2606E9A22-LeaderElection6] INFO  server.RaftServerConfigKeys (ConfUtils.java:logGet(46)) - raft.server.write.element-limit = 1024 (custom)
2022-10-09 13:04:03,984 [b3799363-510b-4b0d-b719-e4308f1034ba@group-63F2606E9A22-LeaderElection6] INFO  server.RaftServerConfigKeys (ConfUtils.java:logGet(46)) - raft.server.write.byte-limit = 1024 M (=1073741824) (custom)
2022-10-09 13:04:03,985 [b3799363-510b-4b0d-b719-e4308f1034ba@group-63F2606E9A22-LeaderElection6] INFO  server.RaftServerConfigKeys (ConfUtils.java:logGet(46)) - raft.server.watch.timeout = 180s (custom)
2022-10-09 13:04:03,985 [b3799363-510b-4b0d-b719-e4308f1034ba@group-63F2606E9A22-LeaderElection6] INFO  server.RaftServerConfigKeys (ConfUtils.java:logGet(46)) - raft.server.watch.timeout.denomination = 1s (default)
2022-10-09 13:04:03,985 [b3799363-510b-4b0d-b719-e4308f1034ba@group-63F2606E9A22-LeaderElection6] INFO  server.RaftServerConfigKeys (ConfUtils.java:logGet(46)) - raft.server.watch.element-limit = 65536 (default)
2022-10-09 13:04:03,985 [b3799363-510b-4b0d-b719-e4308f1034ba@group-63F2606E9A22-LeaderElection6] INFO  server.RaftServerConfigKeys (ConfUtils.java:logGet(46)) - raft.server.write.element-limit = 1024 (custom)
2022-10-09 13:04:03,985 [EventQueue-OpenPipelineForHealthyPipelineSafeModeRule] INFO  safemode.SCMSafeModeManager (HealthyPipelineSafeModeRule.java:process(137)) - SCM in safe mode. Healthy pipelines reported count is 0, required healthy pipeline reported count is 1
2022-10-09 13:04:03,988 [b3799363-510b-4b0d-b719-e4308f1034ba@group-63F2606E9A22-LeaderElection6] INFO  server.RaftServerConfigKeys (ConfUtils.java:logGet(46)) - raft.server.write.follower.gap.ratio.max = -1.0 (default)
2022-10-09 13:04:03,988 [b3799363-510b-4b0d-b719-e4308f1034ba@group-63F2606E9A22-LeaderElection6] INFO  impl.RoleInfo (RoleInfo.java:updateAndGet(139)) - b3799363-510b-4b0d-b719-e4308f1034ba: start b3799363-510b-4b0d-b719-e4308f1034ba@group-63F2606E9A22-LeaderStateImpl
2022-10-09 13:04:03,988 [grpc-default-executor-0] INFO  server.RaftServer$Division (RaftServerImpl.java:requestVote(1152)) - 35fd77c5-1f23-44b5-b15d-a7cf87b6731e@group-AA03175ED787: receive requestVote(ELECTION, b3799363-510b-4b0d-b719-e4308f1034ba, group-AA03175ED787, 1, (t:0, i:0))
2022-10-09 13:04:03,988 [grpc-default-executor-0] INFO  impl.VoteContext (VoteContext.java:log(48)) - 35fd77c5-1f23-44b5-b15d-a7cf87b6731e@group-AA03175ED787-FOLLOWER: accept ELECTION from b3799363-510b-4b0d-b719-e4308f1034ba: our priority 0 <= candidate's priority 0
2022-10-09 13:04:03,988 [grpc-default-executor-0] INFO  server.RaftServer$Division (RaftServerImpl.java:setRole(299)) - 35fd77c5-1f23-44b5-b15d-a7cf87b6731e@group-AA03175ED787: changes role from  FOLLOWER to FOLLOWER at term 1 for candidate:b3799363-510b-4b0d-b719-e4308f1034ba
2022-10-09 13:04:03,989 [grpc-default-executor-0] INFO  impl.RoleInfo (RoleInfo.java:shutdownFollowerState(110)) - 35fd77c5-1f23-44b5-b15d-a7cf87b6731e: shutdown 35fd77c5-1f23-44b5-b15d-a7cf87b6731e@group-AA03175ED787-FollowerState
2022-10-09 13:04:03,989 [b3799363-510b-4b0d-b719-e4308f1034ba@group-63F2606E9A22-LeaderElection6] INFO  segmented.SegmentedRaftLogWorker (SegmentedRaftLogWorker.java:startLogSegment(425)) - b3799363-510b-4b0d-b719-e4308f1034ba@group-63F2606E9A22-SegmentedRaftLogWorker: Starting segment from index:0
2022-10-09 13:04:03,989 [grpc-default-executor-0] INFO  impl.RoleInfo (RoleInfo.java:updateAndGet(139)) - 35fd77c5-1f23-44b5-b15d-a7cf87b6731e: start 35fd77c5-1f23-44b5-b15d-a7cf87b6731e@group-AA03175ED787-FollowerState
2022-10-09 13:04:03,989 [35fd77c5-1f23-44b5-b15d-a7cf87b6731e@group-AA03175ED787-FollowerState] INFO  impl.FollowerState (FollowerState.java:run(152)) - 35fd77c5-1f23-44b5-b15d-a7cf87b6731e@group-AA03175ED787-FollowerState was interrupted
2022-10-09 13:04:03,989 [b3799363-510b-4b0d-b719-e4308f1034ba@group-AA03175ED787-LeaderElection5] INFO  impl.LeaderElection (LeaderElection.java:logAndReturn(90)) - b3799363-510b-4b0d-b719-e4308f1034ba@group-AA03175ED787-LeaderElection5: ELECTION REJECTED received 1 response(s) and 0 exception(s):
2022-10-09 13:04:03,989 [b3799363-510b-4b0d-b719-e4308f1034ba@group-AA03175ED787-LeaderElection5] INFO  impl.LeaderElection (LeaderElection.java:logAndReturn(94)) -   Response 0: b3799363-510b-4b0d-b719-e4308f1034ba<-2db59515-9e3b-4889-b4e8-582beecf5a37#0:FAIL-t1
2022-10-09 13:04:03,990 [b3799363-510b-4b0d-b719-e4308f1034ba@group-AA03175ED787-LeaderElection5] INFO  impl.LeaderElection (LeaderElection.java:askForVotes(312)) - b3799363-510b-4b0d-b719-e4308f1034ba@group-AA03175ED787-LeaderElection5 ELECTION round 0: result REJECTED
2022-10-09 13:04:03,990 [b3799363-510b-4b0d-b719-e4308f1034ba@group-AA03175ED787-LeaderElection5] INFO  server.RaftServer$Division (RaftServerImpl.java:setRole(299)) - b3799363-510b-4b0d-b719-e4308f1034ba@group-AA03175ED787: changes role from CANDIDATE to FOLLOWER at term 1 for REJECTED
2022-10-09 13:04:03,990 [b3799363-510b-4b0d-b719-e4308f1034ba@group-AA03175ED787-LeaderElection5] INFO  impl.RoleInfo (RoleInfo.java:shutdownLeaderElection(130)) - b3799363-510b-4b0d-b719-e4308f1034ba: shutdown b3799363-510b-4b0d-b719-e4308f1034ba@group-AA03175ED787-LeaderElection5
2022-10-09 13:04:03,990 [b3799363-510b-4b0d-b719-e4308f1034ba@group-AA03175ED787-LeaderElection5] INFO  impl.RoleInfo (RoleInfo.java:updateAndGet(139)) - b3799363-510b-4b0d-b719-e4308f1034ba: start b3799363-510b-4b0d-b719-e4308f1034ba@group-AA03175ED787-FollowerState
2022-10-09 13:04:03,991 [grpc-default-executor-0] INFO  server.RaftServer$Division (RaftServerImpl.java:requestVote(1184)) - 35fd77c5-1f23-44b5-b15d-a7cf87b6731e@group-AA03175ED787 replies to ELECTION vote request: b3799363-510b-4b0d-b719-e4308f1034ba<-35fd77c5-1f23-44b5-b15d-a7cf87b6731e#0:OK-t1. Peer's state: 35fd77c5-1f23-44b5-b15d-a7cf87b6731e@group-AA03175ED787:t1, leader=null, voted=b3799363-510b-4b0d-b719-e4308f1034ba, raftlog=35fd77c5-1f23-44b5-b15d-a7cf87b6731e@group-AA03175ED787-SegmentedRaftLog:OPENED:c-1, conf=-1: [35fd77c5-1f23-44b5-b15d-a7cf87b6731e|rpc:10.1.0.209:41389|priority:0, 2db59515-9e3b-4889-b4e8-582beecf5a37|rpc:10.1.0.209:43077|priority:1, b3799363-510b-4b0d-b719-e4308f1034ba|rpc:10.1.0.209:41135|priority:0], old=null
2022-10-09 13:04:03,991 [b3799363-510b-4b0d-b719-e4308f1034ba@group-63F2606E9A22-SegmentedRaftLogWorker] INFO  segmented.SegmentedRaftLogWorker (SegmentedRaftLogWorker.java:execute(629)) - b3799363-510b-4b0d-b719-e4308f1034ba@group-63F2606E9A22-SegmentedRaftLogWorker: created new log segment /home/runner/work/ozone/ozone/hadoop-ozone/integration-test/target/test-dir/MiniOzoneClusterImpl-6b6317f5-37ef-4289-9029-d6045239d9e9/datanode-2/data/ratis/7b98a25b-600c-4d9e-a35b-63f2606e9a22/current/log_inprogress_0
2022-10-09 13:04:03,999 [b3799363-510b-4b0d-b719-e4308f1034ba@group-63F2606E9A22-LeaderElection6] INFO  server.RaftServer$Division (ServerState.java:setRaftConf(393)) - b3799363-510b-4b0d-b719-e4308f1034ba@group-63F2606E9A22: set configuration 0: [b3799363-510b-4b0d-b719-e4308f1034ba|rpc:10.1.0.209:41135|dataStream:|priority:1], old=null
2022-10-09 13:04:04,281 [1b6ed2ab-cf30-442c-a8fc-fc354f6c4d2f@group-65BC4B004EED-FollowerState] INFO  impl.FollowerState (FollowerState.java:run(143)) - 1b6ed2ab-cf30-442c-a8fc-fc354f6c4d2f@group-65BC4B004EED-FollowerState: change to CANDIDATE, lastRpcElapsedTime:5058011788ns, electionTimeout:5057ms
2022-10-09 13:04:04,281 [1b6ed2ab-cf30-442c-a8fc-fc354f6c4d2f@group-65BC4B004EED-FollowerState] INFO  impl.RoleInfo (RoleInfo.java:shutdownFollowerState(110)) - 1b6ed2ab-cf30-442c-a8fc-fc354f6c4d2f: shutdown 1b6ed2ab-cf30-442c-a8fc-fc354f6c4d2f@group-65BC4B004EED-FollowerState
2022-10-09 13:04:04,281 [1b6ed2ab-cf30-442c-a8fc-fc354f6c4d2f@group-65BC4B004EED-FollowerState] INFO  server.RaftServer$Division (RaftServerImpl.java:setRole(299)) - 1b6ed2ab-cf30-442c-a8fc-fc354f6c4d2f@group-65BC4B004EED: changes role from  FOLLOWER to CANDIDATE at term 0 for changeToCandidate
2022-10-09 13:04:04,281 [1b6ed2ab-cf30-442c-a8fc-fc354f6c4d2f@group-65BC4B004EED-FollowerState] INFO  server.RaftServerConfigKeys (ConfUtils.java:logGet(46)) - raft.server.leaderelection.pre-vote = false (custom)
2022-10-09 13:04:04,281 [1b6ed2ab-cf30-442c-a8fc-fc354f6c4d2f@group-65BC4B004EED-FollowerState] INFO  impl.RoleInfo (RoleInfo.java:updateAndGet(139)) - 1b6ed2ab-cf30-442c-a8fc-fc354f6c4d2f: start 1b6ed2ab-cf30-442c-a8fc-fc354f6c4d2f@group-65BC4B004EED-LeaderElection7
2022-10-09 13:04:04,285 [1b6ed2ab-cf30-442c-a8fc-fc354f6c4d2f@group-65BC4B004EED-LeaderElection7] INFO  impl.LeaderElection (LeaderElection.java:askForVotes(310)) - 1b6ed2ab-cf30-442c-a8fc-fc354f6c4d2f@group-65BC4B004EED-LeaderElection7 ELECTION round 0: submit vote requests at term 1 for -1: [1b6ed2ab-cf30-442c-a8fc-fc354f6c4d2f|rpc:10.1.0.209:41789|priority:1], old=null
2022-10-09 13:04:04,285 [1b6ed2ab-cf30-442c-a8fc-fc354f6c4d2f@group-65BC4B004EED-LeaderElection7] INFO  impl.LeaderElection (LeaderElection.java:askForVotes(312)) - 1b6ed2ab-cf30-442c-a8fc-fc354f6c4d2f@group-65BC4B004EED-LeaderElection7 ELECTION round 0: result PASSED (term=1)
2022-10-09 13:04:04,285 [1b6ed2ab-cf30-442c-a8fc-fc354f6c4d2f@group-65BC4B004EED-LeaderElection7] INFO  impl.RoleInfo (RoleInfo.java:shutdownLeaderElection(130)) - 1b6ed2ab-cf30-442c-a8fc-fc354f6c4d2f: shutdown 1b6ed2ab-cf30-442c-a8fc-fc354f6c4d2f@group-65BC4B004EED-LeaderElection7
2022-10-09 13:04:04,285 [1b6ed2ab-cf30-442c-a8fc-fc354f6c4d2f@group-65BC4B004EED-LeaderElection7] INFO  server.RaftServer$Division (RaftServerImpl.java:setRole(299)) - 1b6ed2ab-cf30-442c-a8fc-fc354f6c4d2f@group-65BC4B004EED: changes role from CANDIDATE to LEADER at term 1 for changeToLeader
2022-10-09 13:04:04,285 [1b6ed2ab-cf30-442c-a8fc-fc354f6c4d2f@group-65BC4B004EED-LeaderElection7] INFO  ratis.XceiverServerRatis (XceiverServerRatis.java:handleLeaderChangedNotification(863)) - Leader change notification received for group: group-65BC4B004EED with new leaderId: 1b6ed2ab-cf30-442c-a8fc-fc354f6c4d2f
2022-10-09 13:04:04,285 [1b6ed2ab-cf30-442c-a8fc-fc354f6c4d2f@group-65BC4B004EED-LeaderElection7] INFO  server.RaftServer$Division (ServerState.java:setLeader(287)) - 1b6ed2ab-cf30-442c-a8fc-fc354f6c4d2f@group-65BC4B004EED: change Leader from null to 1b6ed2ab-cf30-442c-a8fc-fc354f6c4d2f at term 1 for becomeLeader, leader elected after 5070ms
2022-10-09 13:04:04,285 [1b6ed2ab-cf30-442c-a8fc-fc354f6c4d2f@group-65BC4B004EED-LeaderElection7] INFO  server.RaftServerConfigKeys (ConfUtils.java:logGet(46)) - raft.server.staging.catchup.gap = 1000 (default)
2022-10-09 13:04:04,286 [1b6ed2ab-cf30-442c-a8fc-fc354f6c4d2f@group-65BC4B004EED-LeaderElection7] INFO  server.RaftServerConfigKeys (ConfUtils.java:logGet(46)) - raft.server.write.element-limit = 1024 (custom)
2022-10-09 13:04:04,286 [1b6ed2ab-cf30-442c-a8fc-fc354f6c4d2f@group-65BC4B004EED-LeaderElection7] INFO  server.RaftServerConfigKeys (ConfUtils.java:logGet(46)) - raft.server.write.byte-limit = 1024 M (=1073741824) (custom)
2022-10-09 13:04:04,287 [EventQueue-OpenPipelineForHealthyPipelineSafeModeRule] INFO  safemode.SCMSafeModeManager (HealthyPipelineSafeModeRule.java:process(137)) - SCM in safe mode. Healthy pipelines reported count is 0, required healthy pipeline reported count is 1
2022-10-09 13:04:04,288 [1b6ed2ab-cf30-442c-a8fc-fc354f6c4d2f@group-65BC4B004EED-LeaderElection7] INFO  server.RaftServerConfigKeys (ConfUtils.java:logGet(46)) - raft.server.watch.timeout = 180s (custom)
2022-10-09 13:04:04,289 [1b6ed2ab-cf30-442c-a8fc-fc354f6c4d2f@group-65BC4B004EED-LeaderElection7] INFO  server.RaftServerConfigKeys (ConfUtils.java:logGet(46)) - raft.server.watch.timeout.denomination = 1s (default)
2022-10-09 13:04:04,289 [1b6ed2ab-cf30-442c-a8fc-fc354f6c4d2f@group-65BC4B004EED-LeaderElection7] INFO  server.RaftServerConfigKeys (ConfUtils.java:logGet(46)) - raft.server.watch.element-limit = 65536 (default)
2022-10-09 13:04:04,289 [1b6ed2ab-cf30-442c-a8fc-fc354f6c4d2f@group-65BC4B004EED-LeaderElection7] INFO  server.RaftServerConfigKeys (ConfUtils.java:logGet(46)) - raft.server.write.element-limit = 1024 (custom)
2022-10-09 13:04:04,289 [1b6ed2ab-cf30-442c-a8fc-fc354f6c4d2f@group-65BC4B004EED-LeaderElection7] INFO  server.RaftServerConfigKeys (ConfUtils.java:logGet(46)) - raft.server.write.follower.gap.ratio.max = -1.0 (default)
2022-10-09 13:04:04,289 [1b6ed2ab-cf30-442c-a8fc-fc354f6c4d2f@group-65BC4B004EED-LeaderElection7] INFO  impl.RoleInfo (RoleInfo.java:updateAndGet(139)) - 1b6ed2ab-cf30-442c-a8fc-fc354f6c4d2f: start 1b6ed2ab-cf30-442c-a8fc-fc354f6c4d2f@group-65BC4B004EED-LeaderStateImpl
2022-10-09 13:04:04,289 [1b6ed2ab-cf30-442c-a8fc-fc354f6c4d2f@group-65BC4B004EED-LeaderElection7] INFO  segmented.SegmentedRaftLogWorker (SegmentedRaftLogWorker.java:startLogSegment(425)) - 1b6ed2ab-cf30-442c-a8fc-fc354f6c4d2f@group-65BC4B004EED-SegmentedRaftLogWorker: Starting segment from index:0
2022-10-09 13:04:04,291 [1b6ed2ab-cf30-442c-a8fc-fc354f6c4d2f@group-65BC4B004EED-SegmentedRaftLogWorker] INFO  segmented.SegmentedRaftLogWorker (SegmentedRaftLogWorker.java:execute(629)) - 1b6ed2ab-cf30-442c-a8fc-fc354f6c4d2f@group-65BC4B004EED-SegmentedRaftLogWorker: created new log segment /home/runner/work/ozone/ozone/hadoop-ozone/integration-test/target/test-dir/MiniOzoneClusterImpl-6b6317f5-37ef-4289-9029-d6045239d9e9/datanode-3/data/ratis/a6f12d9b-10d4-47fc-90a7-65bc4b004eed/current/log_inprogress_0
2022-10-09 13:04:04,292 [1b6ed2ab-cf30-442c-a8fc-fc354f6c4d2f@group-65BC4B004EED-LeaderElection7] INFO  server.RaftServer$Division (ServerState.java:setRaftConf(393)) - 1b6ed2ab-cf30-442c-a8fc-fc354f6c4d2f@group-65BC4B004EED: set configuration 0: [1b6ed2ab-cf30-442c-a8fc-fc354f6c4d2f|rpc:10.1.0.209:41789|dataStream:|priority:1], old=null
2022-10-09 13:04:04,523 [Listener at 127.0.0.1/37457] INFO  ozone.MiniOzoneClusterImpl (MiniOzoneClusterImpl.java:lambda$waitForClusterToBeReady$0(216)) - Nodes are ready. Got 5 of 5 DN Heartbeats.
2022-10-09 13:04:04,523 [Listener at 127.0.0.1/37457] INFO  ozone.MiniOzoneClusterImpl (MiniOzoneClusterImpl.java:lambda$waitForClusterToBeReady$0(219)) - Waiting for cluster to exit safe mode
2022-10-09 13:04:04,523 [Listener at 127.0.0.1/37457] INFO  ozone.MiniOzoneClusterImpl (MiniOzoneClusterImpl.java:lambda$waitForClusterToBeReady$0(221)) - SCM became leader
2022-10-09 13:04:04,718 [e5f66691-da51-4e4f-9357-5009f52741ee@group-FF4A8E323938-FollowerState] INFO  impl.FollowerState (FollowerState.java:run(143)) - e5f66691-da51-4e4f-9357-5009f52741ee@group-FF4A8E323938-FollowerState: change to CANDIDATE, lastRpcElapsedTime:5177514593ns, electionTimeout:5177ms
2022-10-09 13:04:04,719 [e5f66691-da51-4e4f-9357-5009f52741ee@group-FF4A8E323938-FollowerState] INFO  impl.RoleInfo (RoleInfo.java:shutdownFollowerState(110)) - e5f66691-da51-4e4f-9357-5009f52741ee: shutdown e5f66691-da51-4e4f-9357-5009f52741ee@group-FF4A8E323938-FollowerState
2022-10-09 13:04:04,719 [e5f66691-da51-4e4f-9357-5009f52741ee@group-FF4A8E323938-FollowerState] INFO  server.RaftServer$Division (RaftServerImpl.java:setRole(299)) - e5f66691-da51-4e4f-9357-5009f52741ee@group-FF4A8E323938: changes role from  FOLLOWER to CANDIDATE at term 0 for changeToCandidate
2022-10-09 13:04:04,719 [e5f66691-da51-4e4f-9357-5009f52741ee@group-FF4A8E323938-FollowerState] INFO  server.RaftServerConfigKeys (ConfUtils.java:logGet(46)) - raft.server.leaderelection.pre-vote = false (custom)
2022-10-09 13:04:04,719 [e5f66691-da51-4e4f-9357-5009f52741ee@group-FF4A8E323938-FollowerState] INFO  impl.RoleInfo (RoleInfo.java:updateAndGet(139)) - e5f66691-da51-4e4f-9357-5009f52741ee: start e5f66691-da51-4e4f-9357-5009f52741ee@group-FF4A8E323938-LeaderElection8
2022-10-09 13:04:04,722 [e5f66691-da51-4e4f-9357-5009f52741ee@group-FF4A8E323938-LeaderElection8] INFO  impl.LeaderElection (LeaderElection.java:askForVotes(310)) - e5f66691-da51-4e4f-9357-5009f52741ee@group-FF4A8E323938-LeaderElection8 ELECTION round 0: submit vote requests at term 1 for -1: [e5f66691-da51-4e4f-9357-5009f52741ee|rpc:10.1.0.209:46869|priority:1], old=null
2022-10-09 13:04:04,722 [e5f66691-da51-4e4f-9357-5009f52741ee@group-FF4A8E323938-LeaderElection8] INFO  impl.LeaderElection (LeaderElection.java:askForVotes(312)) - e5f66691-da51-4e4f-9357-5009f52741ee@group-FF4A8E323938-LeaderElection8 ELECTION round 0: result PASSED (term=1)
2022-10-09 13:04:04,722 [e5f66691-da51-4e4f-9357-5009f52741ee@group-FF4A8E323938-LeaderElection8] INFO  impl.RoleInfo (RoleInfo.java:shutdownLeaderElection(130)) - e5f66691-da51-4e4f-9357-5009f52741ee: shutdown e5f66691-da51-4e4f-9357-5009f52741ee@group-FF4A8E323938-LeaderElection8
2022-10-09 13:04:04,722 [e5f66691-da51-4e4f-9357-5009f52741ee@group-FF4A8E323938-LeaderElection8] INFO  server.RaftServer$Division (RaftServerImpl.java:setRole(299)) - e5f66691-da51-4e4f-9357-5009f52741ee@group-FF4A8E323938: changes role from CANDIDATE to LEADER at term 1 for changeToLeader
2022-10-09 13:04:04,722 [e5f66691-da51-4e4f-9357-5009f52741ee@group-FF4A8E323938-LeaderElection8] INFO  ratis.XceiverServerRatis (XceiverServerRatis.java:handleLeaderChangedNotification(863)) - Leader change notification received for group: group-FF4A8E323938 with new leaderId: e5f66691-da51-4e4f-9357-5009f52741ee
2022-10-09 13:04:04,726 [e5f66691-da51-4e4f-9357-5009f52741ee@group-FF4A8E323938-LeaderElection8] INFO  server.RaftServer$Division (ServerState.java:setLeader(287)) - e5f66691-da51-4e4f-9357-5009f52741ee@group-FF4A8E323938: change Leader from null to e5f66691-da51-4e4f-9357-5009f52741ee at term 1 for becomeLeader, leader elected after 5189ms
2022-10-09 13:04:04,726 [e5f66691-da51-4e4f-9357-5009f52741ee@group-FF4A8E323938-LeaderElection8] INFO  server.RaftServerConfigKeys (ConfUtils.java:logGet(46)) - raft.server.staging.catchup.gap = 1000 (default)
2022-10-09 13:04:04,726 [e5f66691-da51-4e4f-9357-5009f52741ee@group-FF4A8E323938-LeaderElection8] INFO  server.RaftServerConfigKeys (ConfUtils.java:logGet(46)) - raft.server.write.element-limit = 1024 (custom)
2022-10-09 13:04:04,726 [e5f66691-da51-4e4f-9357-5009f52741ee@group-FF4A8E323938-LeaderElection8] INFO  server.RaftServerConfigKeys (ConfUtils.java:logGet(46)) - raft.server.write.byte-limit = 1024 M (=1073741824) (custom)
2022-10-09 13:04:04,727 [e5f66691-da51-4e4f-9357-5009f52741ee@group-FF4A8E323938-LeaderElection8] INFO  server.RaftServerConfigKeys (ConfUtils.java:logGet(46)) - raft.server.watch.timeout = 180s (custom)
2022-10-09 13:04:04,727 [e5f66691-da51-4e4f-9357-5009f52741ee@group-FF4A8E323938-LeaderElection8] INFO  server.RaftServerConfigKeys (ConfUtils.java:logGet(46)) - raft.server.watch.timeout.denomination = 1s (default)
2022-10-09 13:04:04,727 [e5f66691-da51-4e4f-9357-5009f52741ee@group-FF4A8E323938-LeaderElection8] INFO  server.RaftServerConfigKeys (ConfUtils.java:logGet(46)) - raft.server.watch.element-limit = 65536 (default)
2022-10-09 13:04:04,727 [e5f66691-da51-4e4f-9357-5009f52741ee@group-FF4A8E323938-LeaderElection8] INFO  server.RaftServerConfigKeys (ConfUtils.java:logGet(46)) - raft.server.write.element-limit = 1024 (custom)
2022-10-09 13:04:04,727 [e5f66691-da51-4e4f-9357-5009f52741ee@group-FF4A8E323938-LeaderElection8] INFO  server.RaftServerConfigKeys (ConfUtils.java:logGet(46)) - raft.server.write.follower.gap.ratio.max = -1.0 (default)
2022-10-09 13:04:04,727 [e5f66691-da51-4e4f-9357-5009f52741ee@group-FF4A8E323938-LeaderElection8] INFO  impl.RoleInfo (RoleInfo.java:updateAndGet(139)) - e5f66691-da51-4e4f-9357-5009f52741ee: start e5f66691-da51-4e4f-9357-5009f52741ee@group-FF4A8E323938-LeaderStateImpl
2022-10-09 13:04:04,727 [e5f66691-da51-4e4f-9357-5009f52741ee@group-FF4A8E323938-LeaderElection8] INFO  segmented.SegmentedRaftLogWorker (SegmentedRaftLogWorker.java:startLogSegment(425)) - e5f66691-da51-4e4f-9357-5009f52741ee@group-FF4A8E323938-SegmentedRaftLogWorker: Starting segment from index:0
2022-10-09 13:04:04,731 [e5f66691-da51-4e4f-9357-5009f52741ee@group-FF4A8E323938-LeaderElection8] INFO  server.RaftServer$Division (ServerState.java:setRaftConf(393)) - e5f66691-da51-4e4f-9357-5009f52741ee@group-FF4A8E323938: set configuration 0: [e5f66691-da51-4e4f-9357-5009f52741ee|rpc:10.1.0.209:46869|dataStream:|priority:1], old=null
2022-10-09 13:04:04,732 [EventQueue-OpenPipelineForHealthyPipelineSafeModeRule] INFO  safemode.SCMSafeModeManager (HealthyPipelineSafeModeRule.java:process(137)) - SCM in safe mode. Healthy pipelines reported count is 0, required healthy pipeline reported count is 1
2022-10-09 13:04:04,733 [e5f66691-da51-4e4f-9357-5009f52741ee@group-FF4A8E323938-SegmentedRaftLogWorker] INFO  segmented.SegmentedRaftLogWorker (SegmentedRaftLogWorker.java:execute(629)) - e5f66691-da51-4e4f-9357-5009f52741ee@group-FF4A8E323938-SegmentedRaftLogWorker: created new log segment /home/runner/work/ozone/ozone/hadoop-ozone/integration-test/target/test-dir/MiniOzoneClusterImpl-6b6317f5-37ef-4289-9029-d6045239d9e9/datanode-4/data/ratis/4dcf4643-7d01-4af2-a896-ff4a8e323938/current/log_inprogress_0
2022-10-09 13:04:05,523 [Listener at 127.0.0.1/37457] INFO  ozone.MiniOzoneClusterImpl (MiniOzoneClusterImpl.java:lambda$waitForClusterToBeReady$0(216)) - Nodes are ready. Got 5 of 5 DN Heartbeats.
2022-10-09 13:04:05,524 [Listener at 127.0.0.1/37457] INFO  ozone.MiniOzoneClusterImpl (MiniOzoneClusterImpl.java:lambda$waitForClusterToBeReady$0(219)) - Waiting for cluster to exit safe mode
2022-10-09 13:04:05,524 [Listener at 127.0.0.1/37457] INFO  ozone.MiniOzoneClusterImpl (MiniOzoneClusterImpl.java:lambda$waitForClusterToBeReady$0(221)) - SCM became leader
2022-10-09 13:04:06,524 [Listener at 127.0.0.1/37457] INFO  ozone.MiniOzoneClusterImpl (MiniOzoneClusterImpl.java:lambda$waitForClusterToBeReady$0(216)) - Nodes are ready. Got 5 of 5 DN Heartbeats.
2022-10-09 13:04:06,524 [Listener at 127.0.0.1/37457] INFO  ozone.MiniOzoneClusterImpl (MiniOzoneClusterImpl.java:lambda$waitForClusterToBeReady$0(219)) - Waiting for cluster to exit safe mode
2022-10-09 13:04:06,524 [Listener at 127.0.0.1/37457] INFO  ozone.MiniOzoneClusterImpl (MiniOzoneClusterImpl.java:lambda$waitForClusterToBeReady$0(221)) - SCM became leader
2022-10-09 13:04:07,525 [Listener at 127.0.0.1/37457] INFO  ozone.MiniOzoneClusterImpl (MiniOzoneClusterImpl.java:lambda$waitForClusterToBeReady$0(216)) - Nodes are ready. Got 5 of 5 DN Heartbeats.
2022-10-09 13:04:07,525 [Listener at 127.0.0.1/37457] INFO  ozone.MiniOzoneClusterImpl (MiniOzoneClusterImpl.java:lambda$waitForClusterToBeReady$0(219)) - Waiting for cluster to exit safe mode
2022-10-09 13:04:07,525 [Listener at 127.0.0.1/37457] INFO  ozone.MiniOzoneClusterImpl (MiniOzoneClusterImpl.java:lambda$waitForClusterToBeReady$0(221)) - SCM became leader
2022-10-09 13:04:08,509 [b3799363-510b-4b0d-b719-e4308f1034ba@group-86BB596B74D6-FollowerState] INFO  impl.FollowerState (FollowerState.java:run(143)) - b3799363-510b-4b0d-b719-e4308f1034ba@group-86BB596B74D6-FollowerState: change to CANDIDATE, lastRpcElapsedTime:5152954910ns, electionTimeout:5152ms
2022-10-09 13:04:08,509 [b3799363-510b-4b0d-b719-e4308f1034ba@group-86BB596B74D6-FollowerState] INFO  impl.RoleInfo (RoleInfo.java:shutdownFollowerState(110)) - b3799363-510b-4b0d-b719-e4308f1034ba: shutdown b3799363-510b-4b0d-b719-e4308f1034ba@group-86BB596B74D6-FollowerState
2022-10-09 13:04:08,509 [b3799363-510b-4b0d-b719-e4308f1034ba@group-86BB596B74D6-FollowerState] INFO  server.RaftServer$Division (RaftServerImpl.java:setRole(299)) - b3799363-510b-4b0d-b719-e4308f1034ba@group-86BB596B74D6: changes role from  FOLLOWER to CANDIDATE at term 1 for changeToCandidate
2022-10-09 13:04:08,509 [b3799363-510b-4b0d-b719-e4308f1034ba@group-86BB596B74D6-FollowerState] INFO  server.RaftServerConfigKeys (ConfUtils.java:logGet(46)) - raft.server.leaderelection.pre-vote = false (custom)
2022-10-09 13:04:08,510 [b3799363-510b-4b0d-b719-e4308f1034ba@group-86BB596B74D6-FollowerState] INFO  impl.RoleInfo (RoleInfo.java:updateAndGet(139)) - b3799363-510b-4b0d-b719-e4308f1034ba: start b3799363-510b-4b0d-b719-e4308f1034ba@group-86BB596B74D6-LeaderElection9
2022-10-09 13:04:08,512 [b3799363-510b-4b0d-b719-e4308f1034ba@group-86BB596B74D6-LeaderElection9] INFO  impl.LeaderElection (LeaderElection.java:askForVotes(310)) - b3799363-510b-4b0d-b719-e4308f1034ba@group-86BB596B74D6-LeaderElection9 ELECTION round 0: submit vote requests at term 2 for -1: [35fd77c5-1f23-44b5-b15d-a7cf87b6731e|rpc:10.1.0.209:41389|dataStream:|priority:1, 2db59515-9e3b-4889-b4e8-582beecf5a37|rpc:10.1.0.209:43077|dataStream:|priority:0, b3799363-510b-4b0d-b719-e4308f1034ba|rpc:10.1.0.209:41135|dataStream:|priority:0], old=null
2022-10-09 13:04:08,518 [grpc-default-executor-0] INFO  server.RaftServer$Division (RaftServerImpl.java:requestVote(1152)) - 35fd77c5-1f23-44b5-b15d-a7cf87b6731e@group-86BB596B74D6: receive requestVote(ELECTION, b3799363-510b-4b0d-b719-e4308f1034ba, group-86BB596B74D6, 2, (t:0, i:0))
2022-10-09 13:04:08,518 [grpc-default-executor-0] INFO  impl.VoteContext (VoteContext.java:log(48)) - 35fd77c5-1f23-44b5-b15d-a7cf87b6731e@group-86BB596B74D6-FOLLOWER: reject ELECTION from b3799363-510b-4b0d-b719-e4308f1034ba: our priority 1 > candidate's priority 0
2022-10-09 13:04:08,519 [grpc-default-executor-0] INFO  server.RaftServer$Division (RaftServerImpl.java:setRole(299)) - 35fd77c5-1f23-44b5-b15d-a7cf87b6731e@group-86BB596B74D6: changes role from  FOLLOWER to FOLLOWER at term 2 for candidate:b3799363-510b-4b0d-b719-e4308f1034ba
2022-10-09 13:04:08,519 [grpc-default-executor-0] INFO  impl.RoleInfo (RoleInfo.java:shutdownFollowerState(110)) - 35fd77c5-1f23-44b5-b15d-a7cf87b6731e: shutdown 35fd77c5-1f23-44b5-b15d-a7cf87b6731e@group-86BB596B74D6-FollowerState
2022-10-09 13:04:08,519 [grpc-default-executor-0] INFO  impl.RoleInfo (RoleInfo.java:updateAndGet(139)) - 35fd77c5-1f23-44b5-b15d-a7cf87b6731e: start 35fd77c5-1f23-44b5-b15d-a7cf87b6731e@group-86BB596B74D6-FollowerState
2022-10-09 13:04:08,519 [35fd77c5-1f23-44b5-b15d-a7cf87b6731e@group-86BB596B74D6-FollowerState] INFO  impl.FollowerState (FollowerState.java:run(152)) - 35fd77c5-1f23-44b5-b15d-a7cf87b6731e@group-86BB596B74D6-FollowerState was interrupted
2022-10-09 13:04:08,521 [grpc-default-executor-0] INFO  server.RaftServer$Division (RaftServerImpl.java:requestVote(1184)) - 35fd77c5-1f23-44b5-b15d-a7cf87b6731e@group-86BB596B74D6 replies to ELECTION vote request: b3799363-510b-4b0d-b719-e4308f1034ba<-35fd77c5-1f23-44b5-b15d-a7cf87b6731e#0:FAIL-t2. Peer's state: 35fd77c5-1f23-44b5-b15d-a7cf87b6731e@group-86BB596B74D6:t2, leader=null, voted=null, raftlog=35fd77c5-1f23-44b5-b15d-a7cf87b6731e@group-86BB596B74D6-SegmentedRaftLog:OPENED:c-1, conf=-1: [35fd77c5-1f23-44b5-b15d-a7cf87b6731e|rpc:10.1.0.209:41389|priority:1, 2db59515-9e3b-4889-b4e8-582beecf5a37|rpc:10.1.0.209:43077|priority:0, b3799363-510b-4b0d-b719-e4308f1034ba|rpc:10.1.0.209:41135|priority:0], old=null
2022-10-09 13:04:08,522 [grpc-default-executor-2] INFO  server.RaftServer$Division (RaftServerImpl.java:requestVote(1152)) - 2db59515-9e3b-4889-b4e8-582beecf5a37@group-86BB596B74D6: receive requestVote(ELECTION, b3799363-510b-4b0d-b719-e4308f1034ba, group-86BB596B74D6, 2, (t:0, i:0))
2022-10-09 13:04:08,522 [grpc-default-executor-2] INFO  impl.VoteContext (VoteContext.java:log(48)) - 2db59515-9e3b-4889-b4e8-582beecf5a37@group-86BB596B74D6-FOLLOWER: accept ELECTION from b3799363-510b-4b0d-b719-e4308f1034ba: our priority 0 <= candidate's priority 0
2022-10-09 13:04:08,522 [grpc-default-executor-2] INFO  server.RaftServer$Division (RaftServerImpl.java:setRole(299)) - 2db59515-9e3b-4889-b4e8-582beecf5a37@group-86BB596B74D6: changes role from  FOLLOWER to FOLLOWER at term 2 for candidate:b3799363-510b-4b0d-b719-e4308f1034ba
2022-10-09 13:04:08,523 [grpc-default-executor-2] INFO  impl.RoleInfo (RoleInfo.java:shutdownFollowerState(110)) - 2db59515-9e3b-4889-b4e8-582beecf5a37: shutdown 2db59515-9e3b-4889-b4e8-582beecf5a37@group-86BB596B74D6-FollowerState
2022-10-09 13:04:08,523 [grpc-default-executor-2] INFO  impl.RoleInfo (RoleInfo.java:updateAndGet(139)) - 2db59515-9e3b-4889-b4e8-582beecf5a37: start 2db59515-9e3b-4889-b4e8-582beecf5a37@group-86BB596B74D6-FollowerState
2022-10-09 13:04:08,523 [2db59515-9e3b-4889-b4e8-582beecf5a37@group-86BB596B74D6-FollowerState] INFO  impl.FollowerState (FollowerState.java:run(152)) - 2db59515-9e3b-4889-b4e8-582beecf5a37@group-86BB596B74D6-FollowerState was interrupted
2022-10-09 13:04:08,525 [b3799363-510b-4b0d-b719-e4308f1034ba@group-86BB596B74D6-LeaderElection9] INFO  impl.LeaderElection (LeaderElection.java:logAndReturn(90)) - b3799363-510b-4b0d-b719-e4308f1034ba@group-86BB596B74D6-LeaderElection9: ELECTION REJECTED received 1 response(s) and 0 exception(s):
2022-10-09 13:04:08,525 [b3799363-510b-4b0d-b719-e4308f1034ba@group-86BB596B74D6-LeaderElection9] INFO  impl.LeaderElection (LeaderElection.java:logAndReturn(94)) -   Response 0: b3799363-510b-4b0d-b719-e4308f1034ba<-35fd77c5-1f23-44b5-b15d-a7cf87b6731e#0:FAIL-t2
2022-10-09 13:04:08,525 [b3799363-510b-4b0d-b719-e4308f1034ba@group-86BB596B74D6-LeaderElection9] INFO  impl.LeaderElection (LeaderElection.java:askForVotes(312)) - b3799363-510b-4b0d-b719-e4308f1034ba@group-86BB596B74D6-LeaderElection9 ELECTION round 0: result REJECTED
2022-10-09 13:04:08,525 [b3799363-510b-4b0d-b719-e4308f1034ba@group-86BB596B74D6-LeaderElection9] INFO  server.RaftServer$Division (RaftServerImpl.java:setRole(299)) - b3799363-510b-4b0d-b719-e4308f1034ba@group-86BB596B74D6: changes role from CANDIDATE to FOLLOWER at term 2 for REJECTED
2022-10-09 13:04:08,525 [b3799363-510b-4b0d-b719-e4308f1034ba@group-86BB596B74D6-LeaderElection9] INFO  impl.RoleInfo (RoleInfo.java:shutdownLeaderElection(130)) - b3799363-510b-4b0d-b719-e4308f1034ba: shutdown b3799363-510b-4b0d-b719-e4308f1034ba@group-86BB596B74D6-LeaderElection9
2022-10-09 13:04:08,525 [b3799363-510b-4b0d-b719-e4308f1034ba@group-86BB596B74D6-LeaderElection9] INFO  impl.RoleInfo (RoleInfo.java:updateAndGet(139)) - b3799363-510b-4b0d-b719-e4308f1034ba: start b3799363-510b-4b0d-b719-e4308f1034ba@group-86BB596B74D6-FollowerState
2022-10-09 13:04:08,525 [Listener at 127.0.0.1/37457] INFO  ozone.MiniOzoneClusterImpl (MiniOzoneClusterImpl.java:lambda$waitForClusterToBeReady$0(216)) - Nodes are ready. Got 5 of 5 DN Heartbeats.
2022-10-09 13:04:08,526 [Listener at 127.0.0.1/37457] INFO  ozone.MiniOzoneClusterImpl (MiniOzoneClusterImpl.java:lambda$waitForClusterToBeReady$0(219)) - Waiting for cluster to exit safe mode
2022-10-09 13:04:08,526 [Listener at 127.0.0.1/37457] INFO  ozone.MiniOzoneClusterImpl (MiniOzoneClusterImpl.java:lambda$waitForClusterToBeReady$0(221)) - SCM became leader
2022-10-09 13:04:08,525 [grpc-default-executor-2] INFO  server.RaftServer$Division (RaftServerImpl.java:requestVote(1184)) - 2db59515-9e3b-4889-b4e8-582beecf5a37@group-86BB596B74D6 replies to ELECTION vote request: b3799363-510b-4b0d-b719-e4308f1034ba<-2db59515-9e3b-4889-b4e8-582beecf5a37#0:OK-t2. Peer's state: 2db59515-9e3b-4889-b4e8-582beecf5a37@group-86BB596B74D6:t2, leader=null, voted=b3799363-510b-4b0d-b719-e4308f1034ba, raftlog=2db59515-9e3b-4889-b4e8-582beecf5a37@group-86BB596B74D6-SegmentedRaftLog:OPENED:c-1, conf=-1: [35fd77c5-1f23-44b5-b15d-a7cf87b6731e|rpc:10.1.0.209:41389|priority:1, 2db59515-9e3b-4889-b4e8-582beecf5a37|rpc:10.1.0.209:43077|priority:0, b3799363-510b-4b0d-b719-e4308f1034ba|rpc:10.1.0.209:41135|priority:0], old=null
2022-10-09 13:04:09,109 [35fd77c5-1f23-44b5-b15d-a7cf87b6731e@group-AA03175ED787-FollowerState] INFO  impl.FollowerState (FollowerState.java:run(143)) - 35fd77c5-1f23-44b5-b15d-a7cf87b6731e@group-AA03175ED787-FollowerState: change to CANDIDATE, lastRpcElapsedTime:5118728864ns, electionTimeout:5118ms
2022-10-09 13:04:09,110 [35fd77c5-1f23-44b5-b15d-a7cf87b6731e@group-AA03175ED787-FollowerState] INFO  impl.RoleInfo (RoleInfo.java:shutdownFollowerState(110)) - 35fd77c5-1f23-44b5-b15d-a7cf87b6731e: shutdown 35fd77c5-1f23-44b5-b15d-a7cf87b6731e@group-AA03175ED787-FollowerState
2022-10-09 13:04:09,110 [35fd77c5-1f23-44b5-b15d-a7cf87b6731e@group-AA03175ED787-FollowerState] INFO  server.RaftServer$Division (RaftServerImpl.java:setRole(299)) - 35fd77c5-1f23-44b5-b15d-a7cf87b6731e@group-AA03175ED787: changes role from  FOLLOWER to CANDIDATE at term 1 for changeToCandidate
2022-10-09 13:04:09,110 [35fd77c5-1f23-44b5-b15d-a7cf87b6731e@group-AA03175ED787-FollowerState] INFO  server.RaftServerConfigKeys (ConfUtils.java:logGet(46)) - raft.server.leaderelection.pre-vote = false (custom)
2022-10-09 13:04:09,110 [35fd77c5-1f23-44b5-b15d-a7cf87b6731e@group-AA03175ED787-FollowerState] INFO  impl.RoleInfo (RoleInfo.java:updateAndGet(139)) - 35fd77c5-1f23-44b5-b15d-a7cf87b6731e: start 35fd77c5-1f23-44b5-b15d-a7cf87b6731e@group-AA03175ED787-LeaderElection10
2022-10-09 13:04:09,114 [35fd77c5-1f23-44b5-b15d-a7cf87b6731e@group-AA03175ED787-LeaderElection10] INFO  impl.LeaderElection (LeaderElection.java:askForVotes(310)) - 35fd77c5-1f23-44b5-b15d-a7cf87b6731e@group-AA03175ED787-LeaderElection10 ELECTION round 0: submit vote requests at term 2 for -1: [35fd77c5-1f23-44b5-b15d-a7cf87b6731e|rpc:10.1.0.209:41389|priority:0, 2db59515-9e3b-4889-b4e8-582beecf5a37|rpc:10.1.0.209:43077|priority:1, b3799363-510b-4b0d-b719-e4308f1034ba|rpc:10.1.0.209:41135|priority:0], old=null
2022-10-09 13:04:09,134 [grpc-default-executor-2] INFO  server.RaftServer$Division (RaftServerImpl.java:requestVote(1152)) - b3799363-510b-4b0d-b719-e4308f1034ba@group-AA03175ED787: receive requestVote(ELECTION, 35fd77c5-1f23-44b5-b15d-a7cf87b6731e, group-AA03175ED787, 2, (t:0, i:0))
2022-10-09 13:04:09,134 [grpc-default-executor-2] INFO  impl.VoteContext (VoteContext.java:log(48)) - b3799363-510b-4b0d-b719-e4308f1034ba@group-AA03175ED787-FOLLOWER: accept ELECTION from 35fd77c5-1f23-44b5-b15d-a7cf87b6731e: our priority 0 <= candidate's priority 0
2022-10-09 13:04:09,134 [grpc-default-executor-2] INFO  server.RaftServer$Division (RaftServerImpl.java:setRole(299)) - b3799363-510b-4b0d-b719-e4308f1034ba@group-AA03175ED787: changes role from  FOLLOWER to FOLLOWER at term 2 for candidate:35fd77c5-1f23-44b5-b15d-a7cf87b6731e
2022-10-09 13:04:09,135 [grpc-default-executor-2] INFO  impl.RoleInfo (RoleInfo.java:shutdownFollowerState(110)) - b3799363-510b-4b0d-b719-e4308f1034ba: shutdown b3799363-510b-4b0d-b719-e4308f1034ba@group-AA03175ED787-FollowerState
2022-10-09 13:04:09,135 [grpc-default-executor-2] INFO  impl.RoleInfo (RoleInfo.java:updateAndGet(139)) - b3799363-510b-4b0d-b719-e4308f1034ba: start b3799363-510b-4b0d-b719-e4308f1034ba@group-AA03175ED787-FollowerState
2022-10-09 13:04:09,135 [b3799363-510b-4b0d-b719-e4308f1034ba@group-AA03175ED787-FollowerState] INFO  impl.FollowerState (FollowerState.java:run(152)) - b3799363-510b-4b0d-b719-e4308f1034ba@group-AA03175ED787-FollowerState was interrupted
2022-10-09 13:04:09,139 [grpc-default-executor-2] INFO  server.RaftServer$Division (RaftServerImpl.java:requestVote(1184)) - b3799363-510b-4b0d-b719-e4308f1034ba@group-AA03175ED787 replies to ELECTION vote request: 35fd77c5-1f23-44b5-b15d-a7cf87b6731e<-b3799363-510b-4b0d-b719-e4308f1034ba#0:OK-t2. Peer's state: b3799363-510b-4b0d-b719-e4308f1034ba@group-AA03175ED787:t2, leader=null, voted=35fd77c5-1f23-44b5-b15d-a7cf87b6731e, raftlog=b3799363-510b-4b0d-b719-e4308f1034ba@group-AA03175ED787-SegmentedRaftLog:OPENED:c-1, conf=-1: [35fd77c5-1f23-44b5-b15d-a7cf87b6731e|rpc:10.1.0.209:41389|priority:0, 2db59515-9e3b-4889-b4e8-582beecf5a37|rpc:10.1.0.209:43077|priority:1, b3799363-510b-4b0d-b719-e4308f1034ba|rpc:10.1.0.209:41135|priority:0], old=null
2022-10-09 13:04:09,143 [grpc-default-executor-0] INFO  server.RaftServer$Division (RaftServerImpl.java:requestVote(1152)) - 2db59515-9e3b-4889-b4e8-582beecf5a37@group-AA03175ED787: receive requestVote(ELECTION, 35fd77c5-1f23-44b5-b15d-a7cf87b6731e, group-AA03175ED787, 2, (t:0, i:0))
2022-10-09 13:04:09,144 [grpc-default-executor-0] INFO  impl.VoteContext (VoteContext.java:log(48)) - 2db59515-9e3b-4889-b4e8-582beecf5a37@group-AA03175ED787-FOLLOWER: reject ELECTION from 35fd77c5-1f23-44b5-b15d-a7cf87b6731e: our priority 1 > candidate's priority 0
2022-10-09 13:04:09,144 [grpc-default-executor-0] INFO  server.RaftServer$Division (RaftServerImpl.java:setRole(299)) - 2db59515-9e3b-4889-b4e8-582beecf5a37@group-AA03175ED787: changes role from  FOLLOWER to FOLLOWER at term 2 for candidate:35fd77c5-1f23-44b5-b15d-a7cf87b6731e
2022-10-09 13:04:09,144 [grpc-default-executor-0] INFO  impl.RoleInfo (RoleInfo.java:shutdownFollowerState(110)) - 2db59515-9e3b-4889-b4e8-582beecf5a37: shutdown 2db59515-9e3b-4889-b4e8-582beecf5a37@group-AA03175ED787-FollowerState
2022-10-09 13:04:09,144 [grpc-default-executor-0] INFO  impl.RoleInfo (RoleInfo.java:updateAndGet(139)) - 2db59515-9e3b-4889-b4e8-582beecf5a37: start 2db59515-9e3b-4889-b4e8-582beecf5a37@group-AA03175ED787-FollowerState
2022-10-09 13:04:09,144 [2db59515-9e3b-4889-b4e8-582beecf5a37@group-AA03175ED787-FollowerState] INFO  impl.FollowerState (FollowerState.java:run(152)) - 2db59515-9e3b-4889-b4e8-582beecf5a37@group-AA03175ED787-FollowerState was interrupted
2022-10-09 13:04:09,150 [grpc-default-executor-0] INFO  server.RaftServer$Division (RaftServerImpl.java:requestVote(1184)) - 2db59515-9e3b-4889-b4e8-582beecf5a37@group-AA03175ED787 replies to ELECTION vote request: 35fd77c5-1f23-44b5-b15d-a7cf87b6731e<-2db59515-9e3b-4889-b4e8-582beecf5a37#0:FAIL-t2. Peer's state: 2db59515-9e3b-4889-b4e8-582beecf5a37@group-AA03175ED787:t2, leader=null, voted=null, raftlog=2db59515-9e3b-4889-b4e8-582beecf5a37@group-AA03175ED787-SegmentedRaftLog:OPENED:c-1, conf=-1: [35fd77c5-1f23-44b5-b15d-a7cf87b6731e|rpc:10.1.0.209:41389|priority:0, 2db59515-9e3b-4889-b4e8-582beecf5a37|rpc:10.1.0.209:43077|priority:1, b3799363-510b-4b0d-b719-e4308f1034ba|rpc:10.1.0.209:41135|priority:0], old=null
2022-10-09 13:04:09,152 [35fd77c5-1f23-44b5-b15d-a7cf87b6731e@group-AA03175ED787-LeaderElection10] INFO  impl.LeaderElection (LeaderElection.java:logAndReturn(90)) - 35fd77c5-1f23-44b5-b15d-a7cf87b6731e@group-AA03175ED787-LeaderElection10: ELECTION REJECTED received 2 response(s) and 0 exception(s):
2022-10-09 13:04:09,152 [35fd77c5-1f23-44b5-b15d-a7cf87b6731e@group-AA03175ED787-LeaderElection10] INFO  impl.LeaderElection (LeaderElection.java:logAndReturn(94)) -   Response 0: 35fd77c5-1f23-44b5-b15d-a7cf87b6731e<-2db59515-9e3b-4889-b4e8-582beecf5a37#0:FAIL-t2
2022-10-09 13:04:09,152 [35fd77c5-1f23-44b5-b15d-a7cf87b6731e@group-AA03175ED787-LeaderElection10] INFO  impl.LeaderElection (LeaderElection.java:logAndReturn(94)) -   Response 1: 35fd77c5-1f23-44b5-b15d-a7cf87b6731e<-b3799363-510b-4b0d-b719-e4308f1034ba#0:OK-t2
2022-10-09 13:04:09,152 [35fd77c5-1f23-44b5-b15d-a7cf87b6731e@group-AA03175ED787-LeaderElection10] INFO  impl.LeaderElection (LeaderElection.java:askForVotes(312)) - 35fd77c5-1f23-44b5-b15d-a7cf87b6731e@group-AA03175ED787-LeaderElection10 ELECTION round 0: result REJECTED
2022-10-09 13:04:09,152 [35fd77c5-1f23-44b5-b15d-a7cf87b6731e@group-AA03175ED787-LeaderElection10] INFO  server.RaftServer$Division (RaftServerImpl.java:setRole(299)) - 35fd77c5-1f23-44b5-b15d-a7cf87b6731e@group-AA03175ED787: changes role from CANDIDATE to FOLLOWER at term 2 for REJECTED
2022-10-09 13:04:09,153 [35fd77c5-1f23-44b5-b15d-a7cf87b6731e@group-AA03175ED787-LeaderElection10] INFO  impl.RoleInfo (RoleInfo.java:shutdownLeaderElection(130)) - 35fd77c5-1f23-44b5-b15d-a7cf87b6731e: shutdown 35fd77c5-1f23-44b5-b15d-a7cf87b6731e@group-AA03175ED787-LeaderElection10
2022-10-09 13:04:09,153 [35fd77c5-1f23-44b5-b15d-a7cf87b6731e@group-AA03175ED787-LeaderElection10] INFO  impl.RoleInfo (RoleInfo.java:updateAndGet(139)) - 35fd77c5-1f23-44b5-b15d-a7cf87b6731e: start 35fd77c5-1f23-44b5-b15d-a7cf87b6731e@group-AA03175ED787-FollowerState
2022-10-09 13:04:09,526 [Listener at 127.0.0.1/37457] INFO  ozone.MiniOzoneClusterImpl (MiniOzoneClusterImpl.java:lambda$waitForClusterToBeReady$0(216)) - Nodes are ready. Got 5 of 5 DN Heartbeats.
2022-10-09 13:04:09,527 [Listener at 127.0.0.1/37457] INFO  ozone.MiniOzoneClusterImpl (MiniOzoneClusterImpl.java:lambda$waitForClusterToBeReady$0(219)) - Waiting for cluster to exit safe mode
2022-10-09 13:04:09,528 [Listener at 127.0.0.1/37457] INFO  ozone.MiniOzoneClusterImpl (MiniOzoneClusterImpl.java:lambda$waitForClusterToBeReady$0(221)) - SCM became leader
2022-10-09 13:04:10,528 [Listener at 127.0.0.1/37457] INFO  ozone.MiniOzoneClusterImpl (MiniOzoneClusterImpl.java:lambda$waitForClusterToBeReady$0(216)) - Nodes are ready. Got 5 of 5 DN Heartbeats.
2022-10-09 13:04:10,529 [Listener at 127.0.0.1/37457] INFO  ozone.MiniOzoneClusterImpl (MiniOzoneClusterImpl.java:lambda$waitForClusterToBeReady$0(219)) - Waiting for cluster to exit safe mode
2022-10-09 13:04:10,529 [Listener at 127.0.0.1/37457] INFO  ozone.MiniOzoneClusterImpl (MiniOzoneClusterImpl.java:lambda$waitForClusterToBeReady$0(221)) - SCM became leader
2022-10-09 13:04:11,529 [Listener at 127.0.0.1/37457] INFO  ozone.MiniOzoneClusterImpl (MiniOzoneClusterImpl.java:lambda$waitForClusterToBeReady$0(216)) - Nodes are ready. Got 5 of 5 DN Heartbeats.
2022-10-09 13:04:11,530 [Listener at 127.0.0.1/37457] INFO  ozone.MiniOzoneClusterImpl (MiniOzoneClusterImpl.java:lambda$waitForClusterToBeReady$0(219)) - Waiting for cluster to exit safe mode
2022-10-09 13:04:11,530 [Listener at 127.0.0.1/37457] INFO  ozone.MiniOzoneClusterImpl (MiniOzoneClusterImpl.java:lambda$waitForClusterToBeReady$0(221)) - SCM became leader
2022-10-09 13:04:12,530 [Listener at 127.0.0.1/37457] INFO  ozone.MiniOzoneClusterImpl (MiniOzoneClusterImpl.java:lambda$waitForClusterToBeReady$0(216)) - Nodes are ready. Got 5 of 5 DN Heartbeats.
2022-10-09 13:04:12,531 [Listener at 127.0.0.1/37457] INFO  ozone.MiniOzoneClusterImpl (MiniOzoneClusterImpl.java:lambda$waitForClusterToBeReady$0(219)) - Waiting for cluster to exit safe mode
2022-10-09 13:04:12,531 [Listener at 127.0.0.1/37457] INFO  ozone.MiniOzoneClusterImpl (MiniOzoneClusterImpl.java:lambda$waitForClusterToBeReady$0(221)) - SCM became leader
2022-10-09 13:04:13,531 [Listener at 127.0.0.1/37457] INFO  ozone.MiniOzoneClusterImpl (MiniOzoneClusterImpl.java:lambda$waitForClusterToBeReady$0(216)) - Nodes are ready. Got 5 of 5 DN Heartbeats.
2022-10-09 13:04:13,532 [Listener at 127.0.0.1/37457] INFO  ozone.MiniOzoneClusterImpl (MiniOzoneClusterImpl.java:lambda$waitForClusterToBeReady$0(219)) - Waiting for cluster to exit safe mode
2022-10-09 13:04:13,532 [Listener at 127.0.0.1/37457] INFO  ozone.MiniOzoneClusterImpl (MiniOzoneClusterImpl.java:lambda$waitForClusterToBeReady$0(221)) - SCM became leader
2022-10-09 13:04:13,538 [35fd77c5-1f23-44b5-b15d-a7cf87b6731e@group-86BB596B74D6-FollowerState] INFO  impl.FollowerState (FollowerState.java:run(143)) - 35fd77c5-1f23-44b5-b15d-a7cf87b6731e@group-86BB596B74D6-FollowerState: change to CANDIDATE, lastRpcElapsedTime:5019760059ns, electionTimeout:5019ms
2022-10-09 13:04:13,539 [35fd77c5-1f23-44b5-b15d-a7cf87b6731e@group-86BB596B74D6-FollowerState] INFO  impl.RoleInfo (RoleInfo.java:shutdownFollowerState(110)) - 35fd77c5-1f23-44b5-b15d-a7cf87b6731e: shutdown 35fd77c5-1f23-44b5-b15d-a7cf87b6731e@group-86BB596B74D6-FollowerState
2022-10-09 13:04:13,539 [35fd77c5-1f23-44b5-b15d-a7cf87b6731e@group-86BB596B74D6-FollowerState] INFO  server.RaftServer$Division (RaftServerImpl.java:setRole(299)) - 35fd77c5-1f23-44b5-b15d-a7cf87b6731e@group-86BB596B74D6: changes role from  FOLLOWER to CANDIDATE at term 2 for changeToCandidate
2022-10-09 13:04:13,539 [35fd77c5-1f23-44b5-b15d-a7cf87b6731e@group-86BB596B74D6-FollowerState] INFO  server.RaftServerConfigKeys (ConfUtils.java:logGet(46)) - raft.server.leaderelection.pre-vote = false (custom)
2022-10-09 13:04:13,539 [35fd77c5-1f23-44b5-b15d-a7cf87b6731e@group-86BB596B74D6-FollowerState] INFO  impl.RoleInfo (RoleInfo.java:updateAndGet(139)) - 35fd77c5-1f23-44b5-b15d-a7cf87b6731e: start 35fd77c5-1f23-44b5-b15d-a7cf87b6731e@group-86BB596B74D6-LeaderElection11
2022-10-09 13:04:13,542 [35fd77c5-1f23-44b5-b15d-a7cf87b6731e@group-86BB596B74D6-LeaderElection11] INFO  impl.LeaderElection (LeaderElection.java:askForVotes(310)) - 35fd77c5-1f23-44b5-b15d-a7cf87b6731e@group-86BB596B74D6-LeaderElection11 ELECTION round 0: submit vote requests at term 3 for -1: [35fd77c5-1f23-44b5-b15d-a7cf87b6731e|rpc:10.1.0.209:41389|priority:1, 2db59515-9e3b-4889-b4e8-582beecf5a37|rpc:10.1.0.209:43077|priority:0, b3799363-510b-4b0d-b719-e4308f1034ba|rpc:10.1.0.209:41135|priority:0], old=null
2022-10-09 13:04:13,550 [grpc-default-executor-2] INFO  server.RaftServer$Division (RaftServerImpl.java:requestVote(1152)) - b3799363-510b-4b0d-b719-e4308f1034ba@group-86BB596B74D6: receive requestVote(ELECTION, 35fd77c5-1f23-44b5-b15d-a7cf87b6731e, group-86BB596B74D6, 3, (t:0, i:0))
2022-10-09 13:04:13,550 [grpc-default-executor-2] INFO  impl.VoteContext (VoteContext.java:log(48)) - b3799363-510b-4b0d-b719-e4308f1034ba@group-86BB596B74D6-FOLLOWER: accept ELECTION from 35fd77c5-1f23-44b5-b15d-a7cf87b6731e: our priority 0 <= candidate's priority 1
2022-10-09 13:04:13,550 [grpc-default-executor-2] INFO  server.RaftServer$Division (RaftServerImpl.java:setRole(299)) - b3799363-510b-4b0d-b719-e4308f1034ba@group-86BB596B74D6: changes role from  FOLLOWER to FOLLOWER at term 3 for candidate:35fd77c5-1f23-44b5-b15d-a7cf87b6731e
2022-10-09 13:04:13,550 [grpc-default-executor-2] INFO  impl.RoleInfo (RoleInfo.java:shutdownFollowerState(110)) - b3799363-510b-4b0d-b719-e4308f1034ba: shutdown b3799363-510b-4b0d-b719-e4308f1034ba@group-86BB596B74D6-FollowerState
2022-10-09 13:04:13,550 [grpc-default-executor-2] INFO  impl.RoleInfo (RoleInfo.java:updateAndGet(139)) - b3799363-510b-4b0d-b719-e4308f1034ba: start b3799363-510b-4b0d-b719-e4308f1034ba@group-86BB596B74D6-FollowerState
2022-10-09 13:04:13,550 [b3799363-510b-4b0d-b719-e4308f1034ba@group-86BB596B74D6-FollowerState] INFO  impl.FollowerState (FollowerState.java:run(152)) - b3799363-510b-4b0d-b719-e4308f1034ba@group-86BB596B74D6-FollowerState was interrupted
2022-10-09 13:04:13,551 [grpc-default-executor-0] INFO  server.RaftServer$Division (RaftServerImpl.java:requestVote(1152)) - 2db59515-9e3b-4889-b4e8-582beecf5a37@group-86BB596B74D6: receive requestVote(ELECTION, 35fd77c5-1f23-44b5-b15d-a7cf87b6731e, group-86BB596B74D6, 3, (t:0, i:0))
2022-10-09 13:04:13,553 [grpc-default-executor-2] INFO  server.RaftServer$Division (RaftServerImpl.java:requestVote(1184)) - b3799363-510b-4b0d-b719-e4308f1034ba@group-86BB596B74D6 replies to ELECTION vote request: 35fd77c5-1f23-44b5-b15d-a7cf87b6731e<-b3799363-510b-4b0d-b719-e4308f1034ba#0:OK-t3. Peer's state: b3799363-510b-4b0d-b719-e4308f1034ba@group-86BB596B74D6:t3, leader=null, voted=35fd77c5-1f23-44b5-b15d-a7cf87b6731e, raftlog=b3799363-510b-4b0d-b719-e4308f1034ba@group-86BB596B74D6-SegmentedRaftLog:OPENED:c-1, conf=-1: [35fd77c5-1f23-44b5-b15d-a7cf87b6731e|rpc:10.1.0.209:41389|dataStream:|priority:1, 2db59515-9e3b-4889-b4e8-582beecf5a37|rpc:10.1.0.209:43077|dataStream:|priority:0, b3799363-510b-4b0d-b719-e4308f1034ba|rpc:10.1.0.209:41135|dataStream:|priority:0], old=null
2022-10-09 13:04:13,553 [grpc-default-executor-0] INFO  impl.VoteContext (VoteContext.java:log(48)) - 2db59515-9e3b-4889-b4e8-582beecf5a37@group-86BB596B74D6-FOLLOWER: accept ELECTION from 35fd77c5-1f23-44b5-b15d-a7cf87b6731e: our priority 0 <= candidate's priority 1
2022-10-09 13:04:13,553 [grpc-default-executor-0] INFO  server.RaftServer$Division (RaftServerImpl.java:setRole(299)) - 2db59515-9e3b-4889-b4e8-582beecf5a37@group-86BB596B74D6: changes role from  FOLLOWER to FOLLOWER at term 3 for candidate:35fd77c5-1f23-44b5-b15d-a7cf87b6731e
2022-10-09 13:04:13,553 [grpc-default-executor-0] INFO  impl.RoleInfo (RoleInfo.java:shutdownFollowerState(110)) - 2db59515-9e3b-4889-b4e8-582beecf5a37: shutdown 2db59515-9e3b-4889-b4e8-582beecf5a37@group-86BB596B74D6-FollowerState
2022-10-09 13:04:13,554 [grpc-default-executor-0] INFO  impl.RoleInfo (RoleInfo.java:updateAndGet(139)) - 2db59515-9e3b-4889-b4e8-582beecf5a37: start 2db59515-9e3b-4889-b4e8-582beecf5a37@group-86BB596B74D6-FollowerState
2022-10-09 13:04:13,555 [grpc-default-executor-0] INFO  server.RaftServer$Division (RaftServerImpl.java:requestVote(1184)) - 2db59515-9e3b-4889-b4e8-582beecf5a37@group-86BB596B74D6 replies to ELECTION vote request: 35fd77c5-1f23-44b5-b15d-a7cf87b6731e<-2db59515-9e3b-4889-b4e8-582beecf5a37#0:OK-t3. Peer's state: 2db59515-9e3b-4889-b4e8-582beecf5a37@group-86BB596B74D6:t3, leader=null, voted=35fd77c5-1f23-44b5-b15d-a7cf87b6731e, raftlog=2db59515-9e3b-4889-b4e8-582beecf5a37@group-86BB596B74D6-SegmentedRaftLog:OPENED:c-1, conf=-1: [35fd77c5-1f23-44b5-b15d-a7cf87b6731e|rpc:10.1.0.209:41389|priority:1, 2db59515-9e3b-4889-b4e8-582beecf5a37|rpc:10.1.0.209:43077|priority:0, b3799363-510b-4b0d-b719-e4308f1034ba|rpc:10.1.0.209:41135|priority:0], old=null
2022-10-09 13:04:13,555 [2db59515-9e3b-4889-b4e8-582beecf5a37@group-86BB596B74D6-FollowerState] INFO  impl.FollowerState (FollowerState.java:shouldRun(117)) - 2db59515-9e3b-4889-b4e8-582beecf5a37@group-86BB596B74D6-FollowerState: Stopping now (isRunning? false, role = FOLLOWER)
2022-10-09 13:04:13,555 [35fd77c5-1f23-44b5-b15d-a7cf87b6731e@group-86BB596B74D6-LeaderElection11] INFO  impl.LeaderElection (LeaderElection.java:logAndReturn(90)) - 35fd77c5-1f23-44b5-b15d-a7cf87b6731e@group-86BB596B74D6-LeaderElection11: ELECTION PASSED received 1 response(s) and 0 exception(s):
2022-10-09 13:04:13,556 [35fd77c5-1f23-44b5-b15d-a7cf87b6731e@group-86BB596B74D6-LeaderElection11] INFO  impl.LeaderElection (LeaderElection.java:logAndReturn(94)) -   Response 0: 35fd77c5-1f23-44b5-b15d-a7cf87b6731e<-b3799363-510b-4b0d-b719-e4308f1034ba#0:OK-t3
2022-10-09 13:04:13,556 [35fd77c5-1f23-44b5-b15d-a7cf87b6731e@group-86BB596B74D6-LeaderElection11] INFO  impl.LeaderElection (LeaderElection.java:askForVotes(312)) - 35fd77c5-1f23-44b5-b15d-a7cf87b6731e@group-86BB596B74D6-LeaderElection11 ELECTION round 0: result PASSED
2022-10-09 13:04:13,557 [35fd77c5-1f23-44b5-b15d-a7cf87b6731e@group-86BB596B74D6-LeaderElection11] INFO  impl.RoleInfo (RoleInfo.java:shutdownLeaderElection(130)) - 35fd77c5-1f23-44b5-b15d-a7cf87b6731e: shutdown 35fd77c5-1f23-44b5-b15d-a7cf87b6731e@group-86BB596B74D6-LeaderElection11
2022-10-09 13:04:13,558 [35fd77c5-1f23-44b5-b15d-a7cf87b6731e@group-86BB596B74D6-LeaderElection11] INFO  server.RaftServer$Division (RaftServerImpl.java:setRole(299)) - 35fd77c5-1f23-44b5-b15d-a7cf87b6731e@group-86BB596B74D6: changes role from CANDIDATE to LEADER at term 3 for changeToLeader
2022-10-09 13:04:13,558 [35fd77c5-1f23-44b5-b15d-a7cf87b6731e@group-86BB596B74D6-LeaderElection11] INFO  ratis.XceiverServerRatis (XceiverServerRatis.java:handleLeaderChangedNotification(863)) - Leader change notification received for group: group-86BB596B74D6 with new leaderId: 35fd77c5-1f23-44b5-b15d-a7cf87b6731e
2022-10-09 13:04:13,558 [35fd77c5-1f23-44b5-b15d-a7cf87b6731e@group-86BB596B74D6-LeaderElection11] INFO  server.RaftServer$Division (ServerState.java:setLeader(287)) - 35fd77c5-1f23-44b5-b15d-a7cf87b6731e@group-86BB596B74D6: change Leader from null to 35fd77c5-1f23-44b5-b15d-a7cf87b6731e at term 3 for becomeLeader, leader elected after 14977ms
2022-10-09 13:04:13,559 [35fd77c5-1f23-44b5-b15d-a7cf87b6731e@group-86BB596B74D6-LeaderElection11] INFO  server.RaftServerConfigKeys (ConfUtils.java:logGet(46)) - raft.server.staging.catchup.gap = 1000 (default)
2022-10-09 13:04:13,559 [35fd77c5-1f23-44b5-b15d-a7cf87b6731e@group-86BB596B74D6-LeaderElection11] INFO  server.RaftServerConfigKeys (ConfUtils.java:logGet(46)) - raft.server.write.element-limit = 1024 (custom)
2022-10-09 13:04:13,559 [35fd77c5-1f23-44b5-b15d-a7cf87b6731e@group-86BB596B74D6-LeaderElection11] INFO  server.RaftServerConfigKeys (ConfUtils.java:logGet(46)) - raft.server.write.byte-limit = 1024 M (=1073741824) (custom)
2022-10-09 13:04:13,559 [35fd77c5-1f23-44b5-b15d-a7cf87b6731e@group-86BB596B74D6-LeaderElection11] INFO  server.RaftServerConfigKeys (ConfUtils.java:logGet(46)) - raft.server.watch.timeout = 180s (custom)
2022-10-09 13:04:13,559 [35fd77c5-1f23-44b5-b15d-a7cf87b6731e@group-86BB596B74D6-LeaderElection11] INFO  server.RaftServerConfigKeys (ConfUtils.java:logGet(46)) - raft.server.watch.timeout.denomination = 1s (default)
2022-10-09 13:04:13,559 [35fd77c5-1f23-44b5-b15d-a7cf87b6731e@group-86BB596B74D6-LeaderElection11] INFO  server.RaftServerConfigKeys (ConfUtils.java:logGet(46)) - raft.server.watch.element-limit = 65536 (default)
2022-10-09 13:04:13,559 [35fd77c5-1f23-44b5-b15d-a7cf87b6731e@group-86BB596B74D6-LeaderElection11] INFO  server.RaftServerConfigKeys (ConfUtils.java:logGet(46)) - raft.server.write.element-limit = 1024 (custom)
2022-10-09 13:04:13,559 [35fd77c5-1f23-44b5-b15d-a7cf87b6731e@group-86BB596B74D6-LeaderElection11] INFO  server.RaftServerConfigKeys (ConfUtils.java:logGet(46)) - raft.server.write.follower.gap.ratio.max = -1.0 (default)
2022-10-09 13:04:13,565 [EventQueue-OpenPipelineForHealthyPipelineSafeModeRule] INFO  safemode.SCMSafeModeManager (HealthyPipelineSafeModeRule.java:process(137)) - SCM in safe mode. Healthy pipelines reported count is 0, required healthy pipeline reported count is 1
2022-10-09 13:04:13,565 [EventQueue-PipelineReportForPipelineReportHandler] INFO  pipeline.PipelineManagerImpl (PipelineManagerImpl.java:openPipeline(367)) - Pipeline Pipeline[ Id: 231a8a19-f884-4bf7-9930-86bb596b74d6, Nodes: 35fd77c5-1f23-44b5-b15d-a7cf87b6731e{ip: 10.1.0.209, host: fv-az212-628.zlodpucb4l4udavnfxg5s20dva.cx.internal.cloudapp.net, ports: [REPLICATION=39267, RATIS=41389, RATIS_ADMIN=41389, RATIS_SERVER=41389, STANDALONE=43509], networkLocation: /default-rack, certSerialId: null, persistedOpState: IN_SERVICE, persistedOpStateExpiryEpochSec: 0}b3799363-510b-4b0d-b719-e4308f1034ba{ip: 10.1.0.209, host: fv-az212-628.zlodpucb4l4udavnfxg5s20dva.cx.internal.cloudapp.net, ports: [REPLICATION=35525, RATIS=41135, RATIS_ADMIN=41135, RATIS_SERVER=41135, STANDALONE=38609], networkLocation: /default-rack, certSerialId: null, persistedOpState: IN_SERVICE, persistedOpStateExpiryEpochSec: 0}2db59515-9e3b-4889-b4e8-582beecf5a37{ip: 10.1.0.209, host: fv-az212-628.zlodpucb4l4udavnfxg5s20dva.cx.internal.cloudapp.net, ports: [REPLICATION=34601, RATIS=43077, RATIS_ADMIN=43077, RATIS_SERVER=43077, STANDALONE=44769], networkLocation: /default-rack, certSerialId: null, persistedOpState: IN_SERVICE, persistedOpStateExpiryEpochSec: 0}, ReplicationConfig: RATIS/THREE, State:ALLOCATED, leaderId:35fd77c5-1f23-44b5-b15d-a7cf87b6731e, CreationTimestamp2022-10-09T13:03:55.852Z[Etc/UTC]] moved to OPEN state
2022-10-09 13:04:13,566 [EventQueue-OpenPipelineForHealthyPipelineSafeModeRule] INFO  safemode.SCMSafeModeManager (HealthyPipelineSafeModeRule.java:process(137)) - SCM in safe mode. Healthy pipelines reported count is 1, required healthy pipeline reported count is 1
2022-10-09 13:04:13,566 [EventQueue-OpenPipelineForHealthyPipelineSafeModeRule] INFO  safemode.SCMSafeModeManager (SCMSafeModeManager.java:validateSafeModeExitRules(204)) - HealthyPipelineSafeModeRule rule is successfully validated
2022-10-09 13:04:13,566 [EventQueue-OpenPipelineForHealthyPipelineSafeModeRule] INFO  safemode.SCMSafeModeManager (SCMSafeModeManager.java:validateSafeModeExitRules(219)) - ScmSafeModeManager, all rules are successfully validated
2022-10-09 13:04:13,566 [EventQueue-OpenPipelineForHealthyPipelineSafeModeRule] INFO  safemode.SCMSafeModeManager (SCMSafeModeManager.java:exitSafeMode(248)) - SCM exiting safe mode.
2022-10-09 13:04:13,566 [EventQueue-OpenPipelineForHealthyPipelineSafeModeRule] WARN  events.EventQueue (EventQueue.java:fireEvent(216)) - No event handler registered for event TypedEvent{payloadType=SafeModeStatus, name='Safe mode status'}
2022-10-09 13:04:13,566 [EventQueue-OpenPipelineForHealthyPipelineSafeModeRule] INFO  ha.SCMContext (SCMContext.java:updateSafeModeStatus(228)) - Update SafeModeStatus from SafeModeStatus{safeModeStatus=true, preCheckPassed=true} to SafeModeStatus{safeModeStatus=false, preCheckPassed=true}.
2022-10-09 13:04:13,566 [EventQueue-OpenPipelineForHealthyPipelineSafeModeRule] INFO  pipeline.BackgroundPipelineCreator (BackgroundPipelineCreator.java:notifyStatusChanged(254)) - Service BackgroundPipelineCreator transitions to RUNNING.
2022-10-09 13:04:13,566 [EventQueue-OpenPipelineForHealthyPipelineSafeModeRule] INFO  BackgroundPipelineScrubber (BackgroundSCMService.java:notifyStatusChanged(82)) - Service BackgroundPipelineScrubber transitions to RUNNING.
2022-10-09 13:04:13,566 [EventQueue-OpenPipelineForHealthyPipelineSafeModeRule] INFO  ExpiredContainerReplicaOpScrubber (BackgroundSCMService.java:notifyStatusChanged(82)) - Service ExpiredContainerReplicaOpScrubber transitions to RUNNING.
2022-10-09 13:04:13,566 [EventQueue-OpenPipelineForHealthyPipelineSafeModeRule] INFO  replication.ReplicationManager (ReplicationManager.java:notifyStatusChanged(728)) - Service ReplicationManager transitions to RUNNING.
2022-10-09 13:04:13,570 [EventQueue-OpenPipelineForHealthyPipelineSafeModeRule] WARN  balancer.ContainerBalancer (ContainerBalancer.java:shouldRun(936)) - Could not find persisted configuration for ContainerBalancer when checking if ContainerBalancer should run. ContainerBalancer should not run now.
2022-10-09 13:04:13,570 [35fd77c5-1f23-44b5-b15d-a7cf87b6731e@group-86BB596B74D6-LeaderElection11] INFO  server.RaftServerConfigKeys (ConfUtils.java:logGet(46)) - raft.server.log.appender.snapshot.chunk.size.max = 16MB (=16777216) (default)
2022-10-09 13:04:13,571 [35fd77c5-1f23-44b5-b15d-a7cf87b6731e@group-86BB596B74D6-LeaderElection11] INFO  server.RaftServerConfigKeys (ConfUtils.java:logGet(46)) - raft.server.log.appender.buffer.byte-limit = 33554432 (custom)
2022-10-09 13:04:13,571 [35fd77c5-1f23-44b5-b15d-a7cf87b6731e@group-86BB596B74D6-LeaderElection11] INFO  server.RaftServerConfigKeys (ConfUtils.java:logGet(46)) - raft.server.log.appender.buffer.element-limit = 1 (custom)
2022-10-09 13:04:13,573 [35fd77c5-1f23-44b5-b15d-a7cf87b6731e@group-86BB596B74D6-LeaderElection11] INFO  grpc.GrpcConfigKeys (ConfUtils.java:logGet(46)) - raft.grpc.server.leader.outstanding.appends.max = 128 (default)
2022-10-09 13:04:13,574 [35fd77c5-1f23-44b5-b15d-a7cf87b6731e@group-86BB596B74D6-LeaderElection11] INFO  server.RaftServerConfigKeys (ConfUtils.java:logGet(46)) - raft.server.rpc.request.timeout = 60s (custom)
2022-10-09 13:04:13,574 [35fd77c5-1f23-44b5-b15d-a7cf87b6731e@group-86BB596B74D6-LeaderElection11] INFO  server.RaftServerConfigKeys (ConfUtils.java:logGet(46)) - raft.server.log.appender.install.snapshot.enabled = false (custom)
2022-10-09 13:04:13,575 [35fd77c5-1f23-44b5-b15d-a7cf87b6731e@group-86BB596B74D6-LeaderElection11] INFO  server.RaftServerConfigKeys (ConfUtils.java:logGet(46)) - raft.server.log.appender.snapshot.chunk.size.max = 16MB (=16777216) (default)
2022-10-09 13:04:13,575 [35fd77c5-1f23-44b5-b15d-a7cf87b6731e@group-86BB596B74D6-LeaderElection11] INFO  server.RaftServerConfigKeys (ConfUtils.java:logGet(46)) - raft.server.log.appender.buffer.byte-limit = 33554432 (custom)
2022-10-09 13:04:13,575 [35fd77c5-1f23-44b5-b15d-a7cf87b6731e@group-86BB596B74D6-LeaderElection11] INFO  server.RaftServerConfigKeys (ConfUtils.java:logGet(46)) - raft.server.log.appender.buffer.element-limit = 1 (custom)
2022-10-09 13:04:13,576 [35fd77c5-1f23-44b5-b15d-a7cf87b6731e@group-86BB596B74D6-LeaderElection11] INFO  grpc.GrpcConfigKeys (ConfUtils.java:logGet(46)) - raft.grpc.server.leader.outstanding.appends.max = 128 (default)
2022-10-09 13:04:13,576 [35fd77c5-1f23-44b5-b15d-a7cf87b6731e@group-86BB596B74D6-LeaderElection11] INFO  server.RaftServerConfigKeys (ConfUtils.java:logGet(46)) - raft.server.rpc.request.timeout = 60s (custom)
2022-10-09 13:04:13,576 [35fd77c5-1f23-44b5-b15d-a7cf87b6731e@group-86BB596B74D6-LeaderElection11] INFO  server.RaftServerConfigKeys (ConfUtils.java:logGet(46)) - raft.server.log.appender.install.snapshot.enabled = false (custom)
2022-10-09 13:04:13,577 [35fd77c5-1f23-44b5-b15d-a7cf87b6731e@group-86BB596B74D6-LeaderElection11] INFO  impl.RoleInfo (RoleInfo.java:updateAndGet(139)) - 35fd77c5-1f23-44b5-b15d-a7cf87b6731e: start 35fd77c5-1f23-44b5-b15d-a7cf87b6731e@group-86BB596B74D6-LeaderStateImpl
2022-10-09 13:04:13,577 [35fd77c5-1f23-44b5-b15d-a7cf87b6731e@group-86BB596B74D6-LeaderElection11] INFO  segmented.SegmentedRaftLogWorker (SegmentedRaftLogWorker.java:startLogSegment(425)) - 35fd77c5-1f23-44b5-b15d-a7cf87b6731e@group-86BB596B74D6-SegmentedRaftLogWorker: Starting segment from index:0
2022-10-09 13:04:13,578 [35fd77c5-1f23-44b5-b15d-a7cf87b6731e@group-86BB596B74D6-SegmentedRaftLogWorker] INFO  segmented.SegmentedRaftLogWorker (SegmentedRaftLogWorker.java:execute(629)) - 35fd77c5-1f23-44b5-b15d-a7cf87b6731e@group-86BB596B74D6-SegmentedRaftLogWorker: created new log segment /home/runner/work/ozone/ozone/hadoop-ozone/integration-test/target/test-dir/MiniOzoneClusterImpl-6b6317f5-37ef-4289-9029-d6045239d9e9/datanode-1/data/ratis/231a8a19-f884-4bf7-9930-86bb596b74d6/current/log_inprogress_0
2022-10-09 13:04:13,581 [35fd77c5-1f23-44b5-b15d-a7cf87b6731e@group-86BB596B74D6-LeaderElection11] INFO  server.RaftServer$Division (ServerState.java:setRaftConf(393)) - 35fd77c5-1f23-44b5-b15d-a7cf87b6731e@group-86BB596B74D6: set configuration 0: [35fd77c5-1f23-44b5-b15d-a7cf87b6731e|rpc:10.1.0.209:41389|dataStream:|priority:1, 2db59515-9e3b-4889-b4e8-582beecf5a37|rpc:10.1.0.209:43077|dataStream:|priority:0, b3799363-510b-4b0d-b719-e4308f1034ba|rpc:10.1.0.209:41135|dataStream:|priority:0], old=null
2022-10-09 13:04:13,607 [2db59515-9e3b-4889-b4e8-582beecf5a37-server-thread1] INFO  ratis.XceiverServerRatis (XceiverServerRatis.java:handleLeaderChangedNotification(863)) - Leader change notification received for group: group-86BB596B74D6 with new leaderId: 35fd77c5-1f23-44b5-b15d-a7cf87b6731e
2022-10-09 13:04:13,607 [2db59515-9e3b-4889-b4e8-582beecf5a37-server-thread1] INFO  server.RaftServer$Division (ServerState.java:setLeader(287)) - 2db59515-9e3b-4889-b4e8-582beecf5a37@group-86BB596B74D6: change Leader from null to 35fd77c5-1f23-44b5-b15d-a7cf87b6731e at term 3 for appendEntries, leader elected after 15517ms
2022-10-09 13:04:13,608 [b3799363-510b-4b0d-b719-e4308f1034ba-server-thread1] INFO  ratis.XceiverServerRatis (XceiverServerRatis.java:handleLeaderChangedNotification(863)) - Leader change notification received for group: group-86BB596B74D6 with new leaderId: 35fd77c5-1f23-44b5-b15d-a7cf87b6731e
2022-10-09 13:04:13,608 [b3799363-510b-4b0d-b719-e4308f1034ba-server-thread1] INFO  server.RaftServer$Division (ServerState.java:setLeader(287)) - b3799363-510b-4b0d-b719-e4308f1034ba@group-86BB596B74D6: change Leader from null to 35fd77c5-1f23-44b5-b15d-a7cf87b6731e at term 3 for appendEntries, leader elected after 14881ms
2022-10-09 13:04:13,628 [b3799363-510b-4b0d-b719-e4308f1034ba-server-thread1] INFO  server.RaftServer$Division (ServerState.java:setRaftConf(393)) - b3799363-510b-4b0d-b719-e4308f1034ba@group-86BB596B74D6: set configuration 0: [35fd77c5-1f23-44b5-b15d-a7cf87b6731e|rpc:10.1.0.209:41389|dataStream:|priority:1, 2db59515-9e3b-4889-b4e8-582beecf5a37|rpc:10.1.0.209:43077|dataStream:|priority:0, b3799363-510b-4b0d-b719-e4308f1034ba|rpc:10.1.0.209:41135|dataStream:|priority:0], old=null
2022-10-09 13:04:13,628 [b3799363-510b-4b0d-b719-e4308f1034ba-server-thread1] INFO  segmented.SegmentedRaftLogWorker (SegmentedRaftLogWorker.java:startLogSegment(425)) - b3799363-510b-4b0d-b719-e4308f1034ba@group-86BB596B74D6-SegmentedRaftLogWorker: Starting segment from index:0
2022-10-09 13:04:13,628 [2db59515-9e3b-4889-b4e8-582beecf5a37-server-thread1] INFO  server.RaftServer$Division (ServerState.java:setRaftConf(393)) - 2db59515-9e3b-4889-b4e8-582beecf5a37@group-86BB596B74D6: set configuration 0: [35fd77c5-1f23-44b5-b15d-a7cf87b6731e|rpc:10.1.0.209:41389|dataStream:|priority:1, 2db59515-9e3b-4889-b4e8-582beecf5a37|rpc:10.1.0.209:43077|dataStream:|priority:0, b3799363-510b-4b0d-b719-e4308f1034ba|rpc:10.1.0.209:41135|dataStream:|priority:0], old=null
2022-10-09 13:04:13,629 [2db59515-9e3b-4889-b4e8-582beecf5a37-server-thread1] INFO  segmented.SegmentedRaftLogWorker (SegmentedRaftLogWorker.java:startLogSegment(425)) - 2db59515-9e3b-4889-b4e8-582beecf5a37@group-86BB596B74D6-SegmentedRaftLogWorker: Starting segment from index:0
2022-10-09 13:04:13,630 [b3799363-510b-4b0d-b719-e4308f1034ba@group-86BB596B74D6-SegmentedRaftLogWorker] INFO  segmented.SegmentedRaftLogWorker (SegmentedRaftLogWorker.java:execute(629)) - b3799363-510b-4b0d-b719-e4308f1034ba@group-86BB596B74D6-SegmentedRaftLogWorker: created new log segment /home/runner/work/ozone/ozone/hadoop-ozone/integration-test/target/test-dir/MiniOzoneClusterImpl-6b6317f5-37ef-4289-9029-d6045239d9e9/datanode-2/data/ratis/231a8a19-f884-4bf7-9930-86bb596b74d6/current/log_inprogress_0
2022-10-09 13:04:13,632 [2db59515-9e3b-4889-b4e8-582beecf5a37@group-86BB596B74D6-SegmentedRaftLogWorker] INFO  segmented.SegmentedRaftLogWorker (SegmentedRaftLogWorker.java:execute(629)) - 2db59515-9e3b-4889-b4e8-582beecf5a37@group-86BB596B74D6-SegmentedRaftLogWorker: created new log segment /home/runner/work/ozone/ozone/hadoop-ozone/integration-test/target/test-dir/MiniOzoneClusterImpl-6b6317f5-37ef-4289-9029-d6045239d9e9/datanode-0/data/ratis/231a8a19-f884-4bf7-9930-86bb596b74d6/current/log_inprogress_0
2022-10-09 13:04:14,334 [2db59515-9e3b-4889-b4e8-582beecf5a37@group-AA03175ED787-FollowerState] INFO  impl.FollowerState (FollowerState.java:run(143)) - 2db59515-9e3b-4889-b4e8-582beecf5a37@group-AA03175ED787-FollowerState: change to CANDIDATE, lastRpcElapsedTime:5190500394ns, electionTimeout:5183ms
2022-10-09 13:04:14,335 [2db59515-9e3b-4889-b4e8-582beecf5a37@group-AA03175ED787-FollowerState] INFO  impl.RoleInfo (RoleInfo.java:shutdownFollowerState(110)) - 2db59515-9e3b-4889-b4e8-582beecf5a37: shutdown 2db59515-9e3b-4889-b4e8-582beecf5a37@group-AA03175ED787-FollowerState
2022-10-09 13:04:14,335 [2db59515-9e3b-4889-b4e8-582beecf5a37@group-AA03175ED787-FollowerState] INFO  server.RaftServer$Division (RaftServerImpl.java:setRole(299)) - 2db59515-9e3b-4889-b4e8-582beecf5a37@group-AA03175ED787: changes role from  FOLLOWER to CANDIDATE at term 2 for changeToCandidate
2022-10-09 13:04:14,335 [2db59515-9e3b-4889-b4e8-582beecf5a37@group-AA03175ED787-FollowerState] INFO  server.RaftServerConfigKeys (ConfUtils.java:logGet(46)) - raft.server.leaderelection.pre-vote = false (custom)
2022-10-09 13:04:14,335 [2db59515-9e3b-4889-b4e8-582beecf5a37@group-AA03175ED787-FollowerState] INFO  impl.RoleInfo (RoleInfo.java:updateAndGet(139)) - 2db59515-9e3b-4889-b4e8-582beecf5a37: start 2db59515-9e3b-4889-b4e8-582beecf5a37@group-AA03175ED787-LeaderElection12
2022-10-09 13:04:14,337 [2db59515-9e3b-4889-b4e8-582beecf5a37@group-AA03175ED787-LeaderElection12] INFO  impl.LeaderElection (LeaderElection.java:askForVotes(310)) - 2db59515-9e3b-4889-b4e8-582beecf5a37@group-AA03175ED787-LeaderElection12 ELECTION round 0: submit vote requests at term 3 for -1: [35fd77c5-1f23-44b5-b15d-a7cf87b6731e|rpc:10.1.0.209:41389|priority:0, 2db59515-9e3b-4889-b4e8-582beecf5a37|rpc:10.1.0.209:43077|priority:1, b3799363-510b-4b0d-b719-e4308f1034ba|rpc:10.1.0.209:41135|priority:0], old=null
2022-10-09 13:04:14,342 [grpc-default-executor-0] INFO  server.RaftServer$Division (RaftServerImpl.java:requestVote(1152)) - 35fd77c5-1f23-44b5-b15d-a7cf87b6731e@group-AA03175ED787: receive requestVote(ELECTION, 2db59515-9e3b-4889-b4e8-582beecf5a37, group-AA03175ED787, 3, (t:0, i:0))
2022-10-09 13:04:14,342 [grpc-default-executor-3] INFO  server.RaftServer$Division (RaftServerImpl.java:requestVote(1152)) - b3799363-510b-4b0d-b719-e4308f1034ba@group-AA03175ED787: receive requestVote(ELECTION, 2db59515-9e3b-4889-b4e8-582beecf5a37, group-AA03175ED787, 3, (t:0, i:0))
2022-10-09 13:04:14,343 [grpc-default-executor-0] INFO  impl.VoteContext (VoteContext.java:log(48)) - 35fd77c5-1f23-44b5-b15d-a7cf87b6731e@group-AA03175ED787-FOLLOWER: accept ELECTION from 2db59515-9e3b-4889-b4e8-582beecf5a37: our priority 0 <= candidate's priority 1
2022-10-09 13:04:14,343 [grpc-default-executor-3] INFO  impl.VoteContext (VoteContext.java:log(48)) - b3799363-510b-4b0d-b719-e4308f1034ba@group-AA03175ED787-FOLLOWER: accept ELECTION from 2db59515-9e3b-4889-b4e8-582beecf5a37: our priority 0 <= candidate's priority 1
2022-10-09 13:04:14,343 [grpc-default-executor-0] INFO  server.RaftServer$Division (RaftServerImpl.java:setRole(299)) - 35fd77c5-1f23-44b5-b15d-a7cf87b6731e@group-AA03175ED787: changes role from  FOLLOWER to FOLLOWER at term 3 for candidate:2db59515-9e3b-4889-b4e8-582beecf5a37
2022-10-09 13:04:14,343 [grpc-default-executor-3] INFO  server.RaftServer$Division (RaftServerImpl.java:setRole(299)) - b3799363-510b-4b0d-b719-e4308f1034ba@group-AA03175ED787: changes role from  FOLLOWER to FOLLOWER at term 3 for candidate:2db59515-9e3b-4889-b4e8-582beecf5a37
2022-10-09 13:04:14,343 [grpc-default-executor-0] INFO  impl.RoleInfo (RoleInfo.java:shutdownFollowerState(110)) - 35fd77c5-1f23-44b5-b15d-a7cf87b6731e: shutdown 35fd77c5-1f23-44b5-b15d-a7cf87b6731e@group-AA03175ED787-FollowerState
2022-10-09 13:04:14,343 [grpc-default-executor-3] INFO  impl.RoleInfo (RoleInfo.java:shutdownFollowerState(110)) - b3799363-510b-4b0d-b719-e4308f1034ba: shutdown b3799363-510b-4b0d-b719-e4308f1034ba@group-AA03175ED787-FollowerState
2022-10-09 13:04:14,343 [grpc-default-executor-0] INFO  impl.RoleInfo (RoleInfo.java:updateAndGet(139)) - 35fd77c5-1f23-44b5-b15d-a7cf87b6731e: start 35fd77c5-1f23-44b5-b15d-a7cf87b6731e@group-AA03175ED787-FollowerState
2022-10-09 13:04:14,343 [grpc-default-executor-3] INFO  impl.RoleInfo (RoleInfo.java:updateAndGet(139)) - b3799363-510b-4b0d-b719-e4308f1034ba: start b3799363-510b-4b0d-b719-e4308f1034ba@group-AA03175ED787-FollowerState
2022-10-09 13:04:14,343 [b3799363-510b-4b0d-b719-e4308f1034ba@group-AA03175ED787-FollowerState] INFO  impl.FollowerState (FollowerState.java:run(152)) - b3799363-510b-4b0d-b719-e4308f1034ba@group-AA03175ED787-FollowerState was interrupted
2022-10-09 13:04:14,345 [grpc-default-executor-0] INFO  server.RaftServer$Division (RaftServerImpl.java:requestVote(1184)) - 35fd77c5-1f23-44b5-b15d-a7cf87b6731e@group-AA03175ED787 replies to ELECTION vote request: 2db59515-9e3b-4889-b4e8-582beecf5a37<-35fd77c5-1f23-44b5-b15d-a7cf87b6731e#0:OK-t3. Peer's state: 35fd77c5-1f23-44b5-b15d-a7cf87b6731e@group-AA03175ED787:t3, leader=null, voted=2db59515-9e3b-4889-b4e8-582beecf5a37, raftlog=35fd77c5-1f23-44b5-b15d-a7cf87b6731e@group-AA03175ED787-SegmentedRaftLog:OPENED:c-1, conf=-1: [35fd77c5-1f23-44b5-b15d-a7cf87b6731e|rpc:10.1.0.209:41389|priority:0, 2db59515-9e3b-4889-b4e8-582beecf5a37|rpc:10.1.0.209:43077|priority:1, b3799363-510b-4b0d-b719-e4308f1034ba|rpc:10.1.0.209:41135|priority:0], old=null
2022-10-09 13:04:14,345 [35fd77c5-1f23-44b5-b15d-a7cf87b6731e@group-AA03175ED787-FollowerState] INFO  impl.FollowerState (FollowerState.java:shouldRun(117)) - 35fd77c5-1f23-44b5-b15d-a7cf87b6731e@group-AA03175ED787-FollowerState: Stopping now (isRunning? false, role = FOLLOWER)
2022-10-09 13:04:14,345 [grpc-default-executor-3] INFO  server.RaftServer$Division (RaftServerImpl.java:requestVote(1184)) - b3799363-510b-4b0d-b719-e4308f1034ba@group-AA03175ED787 replies to ELECTION vote request: 2db59515-9e3b-4889-b4e8-582beecf5a37<-b3799363-510b-4b0d-b719-e4308f1034ba#0:OK-t3. Peer's state: b3799363-510b-4b0d-b719-e4308f1034ba@group-AA03175ED787:t3, leader=null, voted=2db59515-9e3b-4889-b4e8-582beecf5a37, raftlog=b3799363-510b-4b0d-b719-e4308f1034ba@group-AA03175ED787-SegmentedRaftLog:OPENED:c-1, conf=-1: [35fd77c5-1f23-44b5-b15d-a7cf87b6731e|rpc:10.1.0.209:41389|priority:0, 2db59515-9e3b-4889-b4e8-582beecf5a37|rpc:10.1.0.209:43077|priority:1, b3799363-510b-4b0d-b719-e4308f1034ba|rpc:10.1.0.209:41135|priority:0], old=null
2022-10-09 13:04:14,347 [2db59515-9e3b-4889-b4e8-582beecf5a37@group-AA03175ED787-LeaderElection12] INFO  impl.LeaderElection (LeaderElection.java:logAndReturn(90)) - 2db59515-9e3b-4889-b4e8-582beecf5a37@group-AA03175ED787-LeaderElection12: ELECTION PASSED received 1 response(s) and 0 exception(s):
2022-10-09 13:04:14,347 [2db59515-9e3b-4889-b4e8-582beecf5a37@group-AA03175ED787-LeaderElection12] INFO  impl.LeaderElection (LeaderElection.java:logAndReturn(94)) -   Response 0: 2db59515-9e3b-4889-b4e8-582beecf5a37<-b3799363-510b-4b0d-b719-e4308f1034ba#0:OK-t3
2022-10-09 13:04:14,347 [2db59515-9e3b-4889-b4e8-582beecf5a37@group-AA03175ED787-LeaderElection12] INFO  impl.LeaderElection (LeaderElection.java:askForVotes(312)) - 2db59515-9e3b-4889-b4e8-582beecf5a37@group-AA03175ED787-LeaderElection12 ELECTION round 0: result PASSED
2022-10-09 13:04:14,347 [2db59515-9e3b-4889-b4e8-582beecf5a37@group-AA03175ED787-LeaderElection12] INFO  impl.RoleInfo (RoleInfo.java:shutdownLeaderElection(130)) - 2db59515-9e3b-4889-b4e8-582beecf5a37: shutdown 2db59515-9e3b-4889-b4e8-582beecf5a37@group-AA03175ED787-LeaderElection12
2022-10-09 13:04:14,348 [2db59515-9e3b-4889-b4e8-582beecf5a37@group-AA03175ED787-LeaderElection12] INFO  server.RaftServer$Division (RaftServerImpl.java:setRole(299)) - 2db59515-9e3b-4889-b4e8-582beecf5a37@group-AA03175ED787: changes role from CANDIDATE to LEADER at term 3 for changeToLeader
2022-10-09 13:04:14,348 [2db59515-9e3b-4889-b4e8-582beecf5a37@group-AA03175ED787-LeaderElection12] INFO  ratis.XceiverServerRatis (XceiverServerRatis.java:handleLeaderChangedNotification(863)) - Leader change notification received for group: group-AA03175ED787 with new leaderId: 2db59515-9e3b-4889-b4e8-582beecf5a37
2022-10-09 13:04:14,348 [2db59515-9e3b-4889-b4e8-582beecf5a37@group-AA03175ED787-LeaderElection12] INFO  server.RaftServer$Division (ServerState.java:setLeader(287)) - 2db59515-9e3b-4889-b4e8-582beecf5a37@group-AA03175ED787: change Leader from null to 2db59515-9e3b-4889-b4e8-582beecf5a37 at term 3 for becomeLeader, leader elected after 15400ms
2022-10-09 13:04:14,348 [2db59515-9e3b-4889-b4e8-582beecf5a37@group-AA03175ED787-LeaderElection12] INFO  server.RaftServerConfigKeys (ConfUtils.java:logGet(46)) - raft.server.staging.catchup.gap = 1000 (default)
2022-10-09 13:04:14,348 [2db59515-9e3b-4889-b4e8-582beecf5a37@group-AA03175ED787-LeaderElection12] INFO  server.RaftServerConfigKeys (ConfUtils.java:logGet(46)) - raft.server.write.element-limit = 1024 (custom)
2022-10-09 13:04:14,348 [2db59515-9e3b-4889-b4e8-582beecf5a37@group-AA03175ED787-LeaderElection12] INFO  server.RaftServerConfigKeys (ConfUtils.java:logGet(46)) - raft.server.write.byte-limit = 1024 M (=1073741824) (custom)
2022-10-09 13:04:14,348 [2db59515-9e3b-4889-b4e8-582beecf5a37@group-AA03175ED787-LeaderElection12] INFO  server.RaftServerConfigKeys (ConfUtils.java:logGet(46)) - raft.server.watch.timeout = 180s (custom)
2022-10-09 13:04:14,348 [2db59515-9e3b-4889-b4e8-582beecf5a37@group-AA03175ED787-LeaderElection12] INFO  server.RaftServerConfigKeys (ConfUtils.java:logGet(46)) - raft.server.watch.timeout.denomination = 1s (default)
2022-10-09 13:04:14,348 [2db59515-9e3b-4889-b4e8-582beecf5a37@group-AA03175ED787-LeaderElection12] INFO  server.RaftServerConfigKeys (ConfUtils.java:logGet(46)) - raft.server.watch.element-limit = 65536 (default)
2022-10-09 13:04:14,349 [2db59515-9e3b-4889-b4e8-582beecf5a37@group-AA03175ED787-LeaderElection12] INFO  server.RaftServerConfigKeys (ConfUtils.java:logGet(46)) - raft.server.write.element-limit = 1024 (custom)
2022-10-09 13:04:14,349 [2db59515-9e3b-4889-b4e8-582beecf5a37@group-AA03175ED787-LeaderElection12] INFO  server.RaftServerConfigKeys (ConfUtils.java:logGet(46)) - raft.server.write.follower.gap.ratio.max = -1.0 (default)
2022-10-09 13:04:14,349 [2db59515-9e3b-4889-b4e8-582beecf5a37@group-AA03175ED787-LeaderElection12] INFO  server.RaftServerConfigKeys (ConfUtils.java:logGet(46)) - raft.server.log.appender.snapshot.chunk.size.max = 16MB (=16777216) (default)
2022-10-09 13:04:14,349 [2db59515-9e3b-4889-b4e8-582beecf5a37@group-AA03175ED787-LeaderElection12] INFO  server.RaftServerConfigKeys (ConfUtils.java:logGet(46)) - raft.server.log.appender.buffer.byte-limit = 33554432 (custom)
2022-10-09 13:04:14,349 [2db59515-9e3b-4889-b4e8-582beecf5a37@group-AA03175ED787-LeaderElection12] INFO  server.RaftServerConfigKeys (ConfUtils.java:logGet(46)) - raft.server.log.appender.buffer.element-limit = 1 (custom)
2022-10-09 13:04:14,349 [2db59515-9e3b-4889-b4e8-582beecf5a37@group-AA03175ED787-LeaderElection12] INFO  grpc.GrpcConfigKeys (ConfUtils.java:logGet(46)) - raft.grpc.server.leader.outstanding.appends.max = 128 (default)
2022-10-09 13:04:14,351 [2db59515-9e3b-4889-b4e8-582beecf5a37@group-AA03175ED787-LeaderElection12] INFO  server.RaftServerConfigKeys (ConfUtils.java:logGet(46)) - raft.server.rpc.request.timeout = 60s (custom)
2022-10-09 13:04:14,351 [2db59515-9e3b-4889-b4e8-582beecf5a37@group-AA03175ED787-LeaderElection12] INFO  server.RaftServerConfigKeys (ConfUtils.java:logGet(46)) - raft.server.log.appender.install.snapshot.enabled = false (custom)
2022-10-09 13:04:14,351 [EventQueue-PipelineReportForPipelineReportHandler] INFO  pipeline.PipelineManagerImpl (PipelineManagerImpl.java:openPipeline(367)) - Pipeline Pipeline[ Id: b9e13c73-24e8-4f98-abb1-aa03175ed787, Nodes: 35fd77c5-1f23-44b5-b15d-a7cf87b6731e{ip: 10.1.0.209, host: fv-az212-628.zlodpucb4l4udavnfxg5s20dva.cx.internal.cloudapp.net, ports: [REPLICATION=39267, RATIS=41389, RATIS_ADMIN=41389, RATIS_SERVER=41389, STANDALONE=43509], networkLocation: /default-rack, certSerialId: null, persistedOpState: IN_SERVICE, persistedOpStateExpiryEpochSec: 0}b3799363-510b-4b0d-b719-e4308f1034ba{ip: 10.1.0.209, host: fv-az212-628.zlodpucb4l4udavnfxg5s20dva.cx.internal.cloudapp.net, ports: [REPLICATION=35525, RATIS=41135, RATIS_ADMIN=41135, RATIS_SERVER=41135, STANDALONE=38609], networkLocation: /default-rack, certSerialId: null, persistedOpState: IN_SERVICE, persistedOpStateExpiryEpochSec: 0}2db59515-9e3b-4889-b4e8-582beecf5a37{ip: 10.1.0.209, host: fv-az212-628.zlodpucb4l4udavnfxg5s20dva.cx.internal.cloudapp.net, ports: [REPLICATION=34601, RATIS=43077, RATIS_ADMIN=43077, RATIS_SERVER=43077, STANDALONE=44769], networkLocation: /default-rack, certSerialId: null, persistedOpState: IN_SERVICE, persistedOpStateExpiryEpochSec: 0}, ReplicationConfig: RATIS/THREE, State:ALLOCATED, leaderId:2db59515-9e3b-4889-b4e8-582beecf5a37, CreationTimestamp2022-10-09T13:03:55.855Z[Etc/UTC]] moved to OPEN state
2022-10-09 13:04:14,357 [2db59515-9e3b-4889-b4e8-582beecf5a37@group-AA03175ED787-LeaderElection12] INFO  server.RaftServerConfigKeys (ConfUtils.java:logGet(46)) - raft.server.log.appender.snapshot.chunk.size.max = 16MB (=16777216) (default)
2022-10-09 13:04:14,357 [2db59515-9e3b-4889-b4e8-582beecf5a37@group-AA03175ED787-LeaderElection12] INFO  server.RaftServerConfigKeys (ConfUtils.java:logGet(46)) - raft.server.log.appender.buffer.byte-limit = 33554432 (custom)
2022-10-09 13:04:14,357 [2db59515-9e3b-4889-b4e8-582beecf5a37@group-AA03175ED787-LeaderElection12] INFO  server.RaftServerConfigKeys (ConfUtils.java:logGet(46)) - raft.server.log.appender.buffer.element-limit = 1 (custom)
2022-10-09 13:04:14,357 [2db59515-9e3b-4889-b4e8-582beecf5a37@group-AA03175ED787-LeaderElection12] INFO  grpc.GrpcConfigKeys (ConfUtils.java:logGet(46)) - raft.grpc.server.leader.outstanding.appends.max = 128 (default)
2022-10-09 13:04:14,357 [2db59515-9e3b-4889-b4e8-582beecf5a37@group-AA03175ED787-LeaderElection12] INFO  server.RaftServerConfigKeys (ConfUtils.java:logGet(46)) - raft.server.rpc.request.timeout = 60s (custom)
2022-10-09 13:04:14,357 [2db59515-9e3b-4889-b4e8-582beecf5a37@group-AA03175ED787-LeaderElection12] INFO  server.RaftServerConfigKeys (ConfUtils.java:logGet(46)) - raft.server.log.appender.install.snapshot.enabled = false (custom)
2022-10-09 13:04:14,358 [2db59515-9e3b-4889-b4e8-582beecf5a37@group-AA03175ED787-LeaderElection12] INFO  impl.RoleInfo (RoleInfo.java:updateAndGet(139)) - 2db59515-9e3b-4889-b4e8-582beecf5a37: start 2db59515-9e3b-4889-b4e8-582beecf5a37@group-AA03175ED787-LeaderStateImpl
2022-10-09 13:04:14,358 [2db59515-9e3b-4889-b4e8-582beecf5a37@group-AA03175ED787-LeaderElection12] INFO  segmented.SegmentedRaftLogWorker (SegmentedRaftLogWorker.java:startLogSegment(425)) - 2db59515-9e3b-4889-b4e8-582beecf5a37@group-AA03175ED787-SegmentedRaftLogWorker: Starting segment from index:0
2022-10-09 13:04:14,359 [2db59515-9e3b-4889-b4e8-582beecf5a37@group-AA03175ED787-SegmentedRaftLogWorker] INFO  segmented.SegmentedRaftLogWorker (SegmentedRaftLogWorker.java:execute(629)) - 2db59515-9e3b-4889-b4e8-582beecf5a37@group-AA03175ED787-SegmentedRaftLogWorker: created new log segment /home/runner/work/ozone/ozone/hadoop-ozone/integration-test/target/test-dir/MiniOzoneClusterImpl-6b6317f5-37ef-4289-9029-d6045239d9e9/datanode-0/data/ratis/b9e13c73-24e8-4f98-abb1-aa03175ed787/current/log_inprogress_0
2022-10-09 13:04:14,373 [35fd77c5-1f23-44b5-b15d-a7cf87b6731e-server-thread1] INFO  ratis.XceiverServerRatis (XceiverServerRatis.java:handleLeaderChangedNotification(863)) - Leader change notification received for group: group-AA03175ED787 with new leaderId: 2db59515-9e3b-4889-b4e8-582beecf5a37
2022-10-09 13:04:14,373 [35fd77c5-1f23-44b5-b15d-a7cf87b6731e-server-thread1] INFO  server.RaftServer$Division (ServerState.java:setLeader(287)) - 35fd77c5-1f23-44b5-b15d-a7cf87b6731e@group-AA03175ED787: change Leader from null to 2db59515-9e3b-4889-b4e8-582beecf5a37 at term 3 for appendEntries, leader elected after 15423ms
2022-10-09 13:04:14,373 [2db59515-9e3b-4889-b4e8-582beecf5a37@group-AA03175ED787-LeaderElection12] INFO  server.RaftServer$Division (ServerState.java:setRaftConf(393)) - 2db59515-9e3b-4889-b4e8-582beecf5a37@group-AA03175ED787: set configuration 0: [35fd77c5-1f23-44b5-b15d-a7cf87b6731e|rpc:10.1.0.209:41389|dataStream:|priority:0, 2db59515-9e3b-4889-b4e8-582beecf5a37|rpc:10.1.0.209:43077|dataStream:|priority:1, b3799363-510b-4b0d-b719-e4308f1034ba|rpc:10.1.0.209:41135|dataStream:|priority:0], old=null
2022-10-09 13:04:14,380 [35fd77c5-1f23-44b5-b15d-a7cf87b6731e-server-thread2] INFO  server.RaftServer$Division (ServerState.java:setRaftConf(393)) - 35fd77c5-1f23-44b5-b15d-a7cf87b6731e@group-AA03175ED787: set configuration 0: [35fd77c5-1f23-44b5-b15d-a7cf87b6731e|rpc:10.1.0.209:41389|dataStream:|priority:0, 2db59515-9e3b-4889-b4e8-582beecf5a37|rpc:10.1.0.209:43077|dataStream:|priority:1, b3799363-510b-4b0d-b719-e4308f1034ba|rpc:10.1.0.209:41135|dataStream:|priority:0], old=null
2022-10-09 13:04:14,380 [35fd77c5-1f23-44b5-b15d-a7cf87b6731e-server-thread2] INFO  segmented.SegmentedRaftLogWorker (SegmentedRaftLogWorker.java:startLogSegment(425)) - 35fd77c5-1f23-44b5-b15d-a7cf87b6731e@group-AA03175ED787-SegmentedRaftLogWorker: Starting segment from index:0
2022-10-09 13:04:14,383 [b3799363-510b-4b0d-b719-e4308f1034ba-server-thread1] INFO  ratis.XceiverServerRatis (XceiverServerRatis.java:handleLeaderChangedNotification(863)) - Leader change notification received for group: group-AA03175ED787 with new leaderId: 2db59515-9e3b-4889-b4e8-582beecf5a37
2022-10-09 13:04:14,383 [b3799363-510b-4b0d-b719-e4308f1034ba-server-thread1] INFO  server.RaftServer$Division (ServerState.java:setLeader(287)) - b3799363-510b-4b0d-b719-e4308f1034ba@group-AA03175ED787: change Leader from null to 2db59515-9e3b-4889-b4e8-582beecf5a37 at term 3 for appendEntries, leader elected after 15496ms
2022-10-09 13:04:14,385 [b3799363-510b-4b0d-b719-e4308f1034ba-server-thread1] INFO  server.RaftServer$Division (ServerState.java:setRaftConf(393)) - b3799363-510b-4b0d-b719-e4308f1034ba@group-AA03175ED787: set configuration 0: [35fd77c5-1f23-44b5-b15d-a7cf87b6731e|rpc:10.1.0.209:41389|dataStream:|priority:0, 2db59515-9e3b-4889-b4e8-582beecf5a37|rpc:10.1.0.209:43077|dataStream:|priority:1, b3799363-510b-4b0d-b719-e4308f1034ba|rpc:10.1.0.209:41135|dataStream:|priority:0], old=null
2022-10-09 13:04:14,385 [b3799363-510b-4b0d-b719-e4308f1034ba-server-thread1] INFO  segmented.SegmentedRaftLogWorker (SegmentedRaftLogWorker.java:startLogSegment(425)) - b3799363-510b-4b0d-b719-e4308f1034ba@group-AA03175ED787-SegmentedRaftLogWorker: Starting segment from index:0
2022-10-09 13:04:14,386 [35fd77c5-1f23-44b5-b15d-a7cf87b6731e@group-AA03175ED787-SegmentedRaftLogWorker] INFO  segmented.SegmentedRaftLogWorker (SegmentedRaftLogWorker.java:execute(629)) - 35fd77c5-1f23-44b5-b15d-a7cf87b6731e@group-AA03175ED787-SegmentedRaftLogWorker: created new log segment /home/runner/work/ozone/ozone/hadoop-ozone/integration-test/target/test-dir/MiniOzoneClusterImpl-6b6317f5-37ef-4289-9029-d6045239d9e9/datanode-1/data/ratis/b9e13c73-24e8-4f98-abb1-aa03175ed787/current/log_inprogress_0
2022-10-09 13:04:14,387 [b3799363-510b-4b0d-b719-e4308f1034ba@group-AA03175ED787-SegmentedRaftLogWorker] INFO  segmented.SegmentedRaftLogWorker (SegmentedRaftLogWorker.java:execute(629)) - b3799363-510b-4b0d-b719-e4308f1034ba@group-AA03175ED787-SegmentedRaftLogWorker: created new log segment /home/runner/work/ozone/ozone/hadoop-ozone/integration-test/target/test-dir/MiniOzoneClusterImpl-6b6317f5-37ef-4289-9029-d6045239d9e9/datanode-2/data/ratis/b9e13c73-24e8-4f98-abb1-aa03175ed787/current/log_inprogress_0
2022-10-09 13:04:14,532 [Listener at 127.0.0.1/37457] INFO  ozone.MiniOzoneClusterImpl (MiniOzoneClusterImpl.java:lambda$waitForClusterToBeReady$0(216)) - Nodes are ready. Got 5 of 5 DN Heartbeats.
2022-10-09 13:04:14,532 [Listener at 127.0.0.1/37457] INFO  ozone.MiniOzoneClusterImpl (MiniOzoneClusterImpl.java:lambda$waitForClusterToBeReady$0(219)) - Cluster exits safe mode
2022-10-09 13:04:14,533 [Listener at 127.0.0.1/37457] INFO  ozone.MiniOzoneClusterImpl (MiniOzoneClusterImpl.java:lambda$waitForClusterToBeReady$0(221)) - SCM became leader
2022-10-09 13:04:14,983 [Listener at 127.0.0.1/37457] INFO  rpc.RpcClient (RpcClient.java:createVolume(471)) - Creating Volume: volume94578, with user49220 as owner and space quota set to -1 bytes, counts quota set to -1
2022-10-09 13:04:15,032 [OM StateMachine ApplyTransaction Thread - 0] INFO  volume.OMVolumeCreateRequest (OMVolumeCreateRequest.java:validateAndUpdateCache(195)) - created volume:volume94578 for user:user49220
2022-10-09 13:04:15,056 [Listener at 127.0.0.1/37457] INFO  rpc.RpcClient (RpcClient.java:createBucket(674)) - Creating Bucket: volume94578/bucket60014, with bucket layout LEGACY, runner as owner, Versioning false, Storage Type set to DISK and Encryption set to false 
2022-10-09 13:04:15,077 [OM StateMachine ApplyTransaction Thread - 0] INFO  bucket.OMBucketCreateRequest (OMBucketCreateRequest.java:validateAndUpdateCache(260)) - created bucket: bucket60014 of layout LEGACY in volume: volume94578
]]></system-out>
  </testcase>
  <testcase name="testGetTrashRoot" classname="TestOzoneFileSystem" time="52.128">
    <system-out><![CDATA[2022-10-09 13:04:59,772 [Listener at 127.0.0.1/37457] INFO  ozone.MiniOzoneClusterImpl (MiniOzoneClusterImpl.java:shutdown(448)) - Shutting down the Mini Ozone Cluster
2022-10-09 13:04:59,774 [Listener at 127.0.0.1/37457] INFO  ozone.MiniOzoneClusterImpl (MiniOzoneClusterImpl.java:stop(463)) - Stopping the Mini Ozone Cluster
2022-10-09 13:04:59,774 [Listener at 127.0.0.1/37457] INFO  ozone.MiniOzoneClusterImpl (MiniOzoneClusterImpl.java:stopOM(545)) - Stopping the OzoneManager
2022-10-09 13:04:59,774 [Listener at 127.0.0.1/37457] INFO  om.OzoneManager (OzoneManager.java:stop(2036)) - om1[localhost:0]: Stopping Ozone Manager
2022-10-09 13:04:59,775 [Listener at 127.0.0.1/37457] INFO  ipc.Server (Server.java:stop(3414)) - Stopping server on 37457
2022-10-09 13:04:59,779 [IPC Server listener on 0] INFO  ipc.Server (Server.java:run(1376)) - Stopping IPC Server listener on 0
2022-10-09 13:04:59,782 [IPC Server Responder] INFO  ipc.Server (Server.java:run(1512)) - Stopping IPC Server Responder
2022-10-09 13:04:59,784 [Listener at 127.0.0.1/37457] INFO  server.RaftServer (RaftServerProxy.java:lambda$close$7(398)) - om1: close
2022-10-09 13:04:59,784 [Listener at 127.0.0.1/37457] INFO  server.RaftServer$Division (RaftServerImpl.java:lambda$close$4(434)) - om1@group-C5BA1605619E: shutdown
2022-10-09 13:04:59,785 [Listener at 127.0.0.1/37457] INFO  util.JmxRegister (JmxRegister.java:unregister(73)) - Successfully un-registered JMX Bean with object name Ratis:service=RaftServer,group=group-C5BA1605619E,id=om1
2022-10-09 13:04:59,785 [Listener at 127.0.0.1/37457] INFO  impl.RoleInfo (RoleInfo.java:shutdownLeaderState(93)) - om1: shutdown om1@group-C5BA1605619E-LeaderStateImpl
2022-10-09 13:04:59,785 [Listener at 127.0.0.1/37457] INFO  impl.PendingRequests (PendingRequests.java:sendNotLeaderResponses(282)) - om1@group-C5BA1605619E-PendingRequests: sendNotLeaderResponses
2022-10-09 13:04:59,788 [om1@group-C5BA1605619E-StateMachineUpdater] INFO  ratis.OzoneManagerStateMachine (OzoneManagerStateMachine.java:takeSnapshot(441)) - Current Snapshot Index (t:1, i:36988)
2022-10-09 13:04:59,790 [om1@group-C5BA1605619E-StateMachineUpdater] INFO  impl.StateMachineUpdater (StateMachineUpdater.java:takeSnapshot(287)) - om1@group-C5BA1605619E-StateMachineUpdater: Took a snapshot at index 36988
2022-10-09 13:04:59,790 [om1@group-C5BA1605619E-StateMachineUpdater] INFO  impl.StateMachineUpdater (StateMachineUpdater.java:lambda$new$0(92)) - om1@group-C5BA1605619E-StateMachineUpdater: snapshotIndex: updateIncreasingly -1 -> 36988
2022-10-09 13:04:59,790 [om1@group-C5BA1605619E-StateMachineUpdater] INFO  ratis.OzoneManagerStateMachine (OzoneManagerStateMachine.java:close(495)) - StateMachine has shutdown. Shutdown OzoneManager if not already shutdown.
2022-10-09 13:04:59,790 [om1@group-C5BA1605619E-StateMachineUpdater] INFO  ratis.OzoneManagerDoubleBuffer (OzoneManagerDoubleBuffer.java:stop(466)) - Stopping OMDoubleBuffer flush thread
2022-10-09 13:04:59,790 [OMDoubleBufferFlushThread] INFO  ratis.OzoneManagerDoubleBuffer (OzoneManagerDoubleBuffer.java:flushTransactions(385)) - OMDoubleBuffer flush thread OMDoubleBufferFlushThread is interrupted and will exit.
2022-10-09 13:04:59,790 [Listener at 127.0.0.1/37457] INFO  impl.StateMachineUpdater (StateMachineUpdater.java:stopAndJoin(153)) - om1@group-C5BA1605619E-StateMachineUpdater: set stopIndex = 36988
2022-10-09 13:04:59,792 [Listener at 127.0.0.1/37457] INFO  server.RaftServer$Division (ServerState.java:close(429)) - om1@group-C5BA1605619E: closes. applyIndex: 36988
2022-10-09 13:04:59,801 [om1@group-C5BA1605619E-SegmentedRaftLogWorker] INFO  segmented.SegmentedRaftLogWorker (SegmentedRaftLogWorker.java:run(336)) - om1@group-C5BA1605619E-SegmentedRaftLogWorker was interrupted, exiting. There are 0 tasks remaining in the queue.
2022-10-09 13:04:59,803 [Listener at 127.0.0.1/37457] INFO  segmented.SegmentedRaftLogWorker (SegmentedRaftLogWorker.java:close(246)) - om1@group-C5BA1605619E-SegmentedRaftLogWorker close()
2022-10-09 13:04:59,804 [Listener at 127.0.0.1/37457] INFO  server.GrpcService (GrpcService.java:closeImpl(269)) - om1: shutdown server with port 9872 now
2022-10-09 13:04:59,811 [Listener at 127.0.0.1/37457] INFO  server.GrpcService (GrpcService.java:closeImpl(278)) - om1: shutdown server with port 9872 successfully
2022-10-09 13:04:59,812 [org.apache.ratis.util.JvmPauseMonitor$$Lambda$636/1153107596@12e9ac59] INFO  util.JvmPauseMonitor (JvmPauseMonitor.java:run(109)) - JvmPauseMonitor-om1: Stopped
2022-10-09 13:04:59,812 [Listener at 127.0.0.1/37457] INFO  ratis.OzoneManagerStateMachine (OzoneManagerStateMachine.java:close(495)) - StateMachine has shutdown. Shutdown OzoneManager if not already shutdown.
2022-10-09 13:04:59,812 [Listener at 127.0.0.1/37457] INFO  ratis.OzoneManagerDoubleBuffer (OzoneManagerDoubleBuffer.java:stop(478)) - OMDoubleBuffer flush thread is not running.
2022-10-09 13:04:59,812 [Listener at 127.0.0.1/37457] INFO  utils.BackgroundService (BackgroundService.java:shutdown(141)) - Shutting down service KeyDeletingService
2022-10-09 13:04:59,812 [Listener at 127.0.0.1/37457] INFO  utils.BackgroundService (BackgroundService.java:shutdown(141)) - Shutting down service DirectoryDeletingService
2022-10-09 13:04:59,813 [Listener at 127.0.0.1/37457] INFO  utils.BackgroundService (BackgroundService.java:shutdown(141)) - Shutting down service OpenKeyCleanupService
2022-10-09 13:04:59,816 [Listener at 127.0.0.1/37457] INFO  handler.ContextHandler (ContextHandler.java:doStop(1153)) - Stopped o.e.j.w.WebAppContext@8e41d4c{ozoneManager,/,null,STOPPED}{file:/home/runner/work/ozone/ozone/hadoop-ozone/integration-test/target/test-classes/webapps/ozoneManager}
2022-10-09 13:04:59,820 [Listener at 127.0.0.1/37457] INFO  server.AbstractConnector (AbstractConnector.java:doStop(381)) - Stopped ServerConnector@3c52060{HTTP/1.1, (http/1.1)}{0.0.0.0:0}
2022-10-09 13:04:59,820 [Listener at 127.0.0.1/37457] INFO  server.session (HouseKeeper.java:stopScavenging(149)) - node0 Stopped scavenging
2022-10-09 13:04:59,820 [Listener at 127.0.0.1/37457] INFO  handler.ContextHandler (ContextHandler.java:doStop(1153)) - Stopped o.e.j.s.ServletContextHandler@8eebc81{static,/static,file:///home/runner/work/ozone/ozone/hadoop-ozone/integration-test/target/test-classes/webapps/static,STOPPED}
2022-10-09 13:04:59,820 [Listener at 127.0.0.1/37457] INFO  handler.ContextHandler (ContextHandler.java:doStop(1153)) - Stopped o.e.j.s.ServletContextHandler@71280545{logs,/logs,file:///home/runner/work/ozone/ozone/hadoop-ozone/integration-test/target/log,STOPPED}
2022-10-09 13:04:59,822 [Trash Emptier] ERROR om.TrashPolicyOzone (TrashPolicyOzone.java:run(251)) - Error attempting to shutdown
java.lang.InterruptedException
	at java.util.concurrent.locks.AbstractQueuedSynchronizer$ConditionObject.awaitNanos(AbstractQueuedSynchronizer.java:2072)
	at java.util.concurrent.ThreadPoolExecutor.awaitTermination(ThreadPoolExecutor.java:1475)
	at org.apache.hadoop.ozone.om.TrashPolicyOzone$Emptier.run(TrashPolicyOzone.java:249)
	at java.lang.Thread.run(Thread.java:750)
2022-10-09 13:04:59,822 [Trash Emptier] ERROR util.ExitUtils (ExitUtils.java:terminate(133)) - Terminating with exit status -1: Thread[Trash Emptier,5,main] has thrown an uncaught exception
java.lang.UnsupportedOperationException: fs.getUri() not implemented in TrashOzoneFileSystem
	at org.apache.hadoop.ozone.om.TrashOzoneFileSystem.getUri(TrashOzoneFileSystem.java:126)
	at org.apache.hadoop.fs.FileSystem.close(FileSystem.java:2592)
	at org.apache.hadoop.ozone.om.TrashPolicyOzone$Emptier.run(TrashPolicyOzone.java:243)
	at java.lang.Thread.run(Thread.java:750)
2022-10-09 13:04:59,825 [Listener at 127.0.0.1/37457] INFO  ozone.MiniOzoneClusterImpl (MiniOzoneClusterImpl.java:stopDatanodes(522)) - Stopping the HddsDatanodes
2022-10-09 13:05:04,828 [Listener at 127.0.0.1/37457] INFO  ozoneimpl.OzoneContainer (OzoneContainer.java:stop(400)) - Attempting to stop container services.
2022-10-09 13:05:04,833 [Listener at 127.0.0.1/37457] INFO  server.RaftServer (RaftServerProxy.java:lambda$close$7(398)) - b3799363-510b-4b0d-b719-e4308f1034ba: close
2022-10-09 13:05:04,833 [ForkJoinPool.commonPool-worker-1] INFO  ozoneimpl.OzoneContainer (OzoneContainer.java:stop(400)) - Attempting to stop container services.
2022-10-09 13:05:04,833 [Listener at 127.0.0.1/37457] INFO  server.RaftServer$Division (RaftServerImpl.java:lambda$close$4(434)) - b3799363-510b-4b0d-b719-e4308f1034ba@group-63F2606E9A22: shutdown
2022-10-09 13:05:04,833 [Listener at 127.0.0.1/37457] INFO  util.JmxRegister (JmxRegister.java:unregister(73)) - Successfully un-registered JMX Bean with object name Ratis:service=RaftServer,group=group-63F2606E9A22,id=b3799363-510b-4b0d-b719-e4308f1034ba
2022-10-09 13:05:04,833 [ForkJoinPool.commonPool-worker-1] INFO  server.RaftServer (RaftServerProxy.java:lambda$close$7(398)) - 35fd77c5-1f23-44b5-b15d-a7cf87b6731e: close
2022-10-09 13:05:04,833 [Listener at 127.0.0.1/37457] INFO  impl.RoleInfo (RoleInfo.java:shutdownLeaderState(93)) - b3799363-510b-4b0d-b719-e4308f1034ba: shutdown b3799363-510b-4b0d-b719-e4308f1034ba@group-63F2606E9A22-LeaderStateImpl
2022-10-09 13:05:04,834 [ForkJoinPool.commonPool-worker-1] INFO  server.RaftServer$Division (RaftServerImpl.java:lambda$close$4(434)) - 35fd77c5-1f23-44b5-b15d-a7cf87b6731e@group-538029F9402F: shutdown
2022-10-09 13:05:04,834 [Listener at 127.0.0.1/37457] INFO  impl.PendingRequests (PendingRequests.java:sendNotLeaderResponses(282)) - b3799363-510b-4b0d-b719-e4308f1034ba@group-63F2606E9A22-PendingRequests: sendNotLeaderResponses
2022-10-09 13:05:04,834 [ForkJoinPool.commonPool-worker-1] INFO  util.JmxRegister (JmxRegister.java:unregister(73)) - Successfully un-registered JMX Bean with object name Ratis:service=RaftServer,group=group-538029F9402F,id=35fd77c5-1f23-44b5-b15d-a7cf87b6731e
2022-10-09 13:05:04,834 [ForkJoinPool.commonPool-worker-1] INFO  impl.RoleInfo (RoleInfo.java:shutdownLeaderState(93)) - 35fd77c5-1f23-44b5-b15d-a7cf87b6731e: shutdown 35fd77c5-1f23-44b5-b15d-a7cf87b6731e@group-538029F9402F-LeaderStateImpl
2022-10-09 13:05:04,834 [ForkJoinPool.commonPool-worker-1] INFO  impl.PendingRequests (PendingRequests.java:sendNotLeaderResponses(282)) - 35fd77c5-1f23-44b5-b15d-a7cf87b6731e@group-538029F9402F-PendingRequests: sendNotLeaderResponses
2022-10-09 13:05:04,835 [Listener at 127.0.0.1/37457] INFO  impl.StateMachineUpdater (StateMachineUpdater.java:stopAndJoin(153)) - b3799363-510b-4b0d-b719-e4308f1034ba@group-63F2606E9A22-StateMachineUpdater: set stopIndex = 0
2022-10-09 13:05:04,836 [35fd77c5-1f23-44b5-b15d-a7cf87b6731e@group-538029F9402F-StateMachineUpdater] INFO  ratis.ContainerStateMachine (ContainerStateMachine.java:takeSnapshot(304)) - group-538029F9402F: Taking a snapshot at:(t:1, i:0) file /home/runner/work/ozone/ozone/hadoop-ozone/integration-test/target/test-dir/MiniOzoneClusterImpl-6b6317f5-37ef-4289-9029-d6045239d9e9/datanode-1/data/ratis/547be9a3-4fcf-4668-a46b-538029f9402f/sm/snapshot.1_0
2022-10-09 13:05:04,836 [b3799363-510b-4b0d-b719-e4308f1034ba@group-63F2606E9A22-StateMachineUpdater] INFO  ratis.ContainerStateMachine (ContainerStateMachine.java:takeSnapshot(304)) - group-63F2606E9A22: Taking a snapshot at:(t:1, i:0) file /home/runner/work/ozone/ozone/hadoop-ozone/integration-test/target/test-dir/MiniOzoneClusterImpl-6b6317f5-37ef-4289-9029-d6045239d9e9/datanode-2/data/ratis/7b98a25b-600c-4d9e-a35b-63f2606e9a22/sm/snapshot.1_0
2022-10-09 13:05:04,835 [ForkJoinPool.commonPool-worker-1] INFO  impl.StateMachineUpdater (StateMachineUpdater.java:stopAndJoin(153)) - 35fd77c5-1f23-44b5-b15d-a7cf87b6731e@group-538029F9402F-StateMachineUpdater: set stopIndex = 0
2022-10-09 13:05:04,865 [b3799363-510b-4b0d-b719-e4308f1034ba@group-63F2606E9A22-StateMachineUpdater] INFO  ratis.ContainerStateMachine (ContainerStateMachine.java:takeSnapshot(315)) - group-63F2606E9A22: Finished taking a snapshot at:(t:1, i:0) file:/home/runner/work/ozone/ozone/hadoop-ozone/integration-test/target/test-dir/MiniOzoneClusterImpl-6b6317f5-37ef-4289-9029-d6045239d9e9/datanode-2/data/ratis/7b98a25b-600c-4d9e-a35b-63f2606e9a22/sm/snapshot.1_0 took: 30 ms
2022-10-09 13:05:04,865 [35fd77c5-1f23-44b5-b15d-a7cf87b6731e@group-538029F9402F-StateMachineUpdater] INFO  ratis.ContainerStateMachine (ContainerStateMachine.java:takeSnapshot(315)) - group-538029F9402F: Finished taking a snapshot at:(t:1, i:0) file:/home/runner/work/ozone/ozone/hadoop-ozone/integration-test/target/test-dir/MiniOzoneClusterImpl-6b6317f5-37ef-4289-9029-d6045239d9e9/datanode-1/data/ratis/547be9a3-4fcf-4668-a46b-538029f9402f/sm/snapshot.1_0 took: 30 ms
2022-10-09 13:05:04,867 [35fd77c5-1f23-44b5-b15d-a7cf87b6731e@group-538029F9402F-StateMachineUpdater] INFO  impl.StateMachineUpdater (StateMachineUpdater.java:takeSnapshot(287)) - 35fd77c5-1f23-44b5-b15d-a7cf87b6731e@group-538029F9402F-StateMachineUpdater: Took a snapshot at index 0
2022-10-09 13:05:04,867 [b3799363-510b-4b0d-b719-e4308f1034ba@group-63F2606E9A22-StateMachineUpdater] INFO  impl.StateMachineUpdater (StateMachineUpdater.java:takeSnapshot(287)) - b3799363-510b-4b0d-b719-e4308f1034ba@group-63F2606E9A22-StateMachineUpdater: Took a snapshot at index 0
2022-10-09 13:05:04,867 [35fd77c5-1f23-44b5-b15d-a7cf87b6731e@group-538029F9402F-StateMachineUpdater] INFO  impl.StateMachineUpdater (StateMachineUpdater.java:lambda$new$0(92)) - 35fd77c5-1f23-44b5-b15d-a7cf87b6731e@group-538029F9402F-StateMachineUpdater: snapshotIndex: updateIncreasingly -1 -> 0
2022-10-09 13:05:04,867 [b3799363-510b-4b0d-b719-e4308f1034ba@group-63F2606E9A22-StateMachineUpdater] INFO  impl.StateMachineUpdater (StateMachineUpdater.java:lambda$new$0(92)) - b3799363-510b-4b0d-b719-e4308f1034ba@group-63F2606E9A22-StateMachineUpdater: snapshotIndex: updateIncreasingly -1 -> 0
2022-10-09 13:05:04,871 [ForkJoinPool.commonPool-worker-1] INFO  server.RaftServer$Division (ServerState.java:close(429)) - 35fd77c5-1f23-44b5-b15d-a7cf87b6731e@group-538029F9402F: closes. applyIndex: 0
2022-10-09 13:05:04,872 [35fd77c5-1f23-44b5-b15d-a7cf87b6731e@group-538029F9402F-SegmentedRaftLogWorker] INFO  segmented.SegmentedRaftLogWorker (SegmentedRaftLogWorker.java:run(336)) - 35fd77c5-1f23-44b5-b15d-a7cf87b6731e@group-538029F9402F-SegmentedRaftLogWorker was interrupted, exiting. There are 0 tasks remaining in the queue.
2022-10-09 13:05:04,872 [Listener at 127.0.0.1/37457] INFO  server.RaftServer$Division (ServerState.java:close(429)) - b3799363-510b-4b0d-b719-e4308f1034ba@group-63F2606E9A22: closes. applyIndex: 0
2022-10-09 13:05:04,872 [ForkJoinPool.commonPool-worker-1] INFO  segmented.SegmentedRaftLogWorker (SegmentedRaftLogWorker.java:close(246)) - 35fd77c5-1f23-44b5-b15d-a7cf87b6731e@group-538029F9402F-SegmentedRaftLogWorker close()
2022-10-09 13:05:04,873 [b3799363-510b-4b0d-b719-e4308f1034ba@group-63F2606E9A22-SegmentedRaftLogWorker] INFO  segmented.SegmentedRaftLogWorker (SegmentedRaftLogWorker.java:run(336)) - b3799363-510b-4b0d-b719-e4308f1034ba@group-63F2606E9A22-SegmentedRaftLogWorker was interrupted, exiting. There are 0 tasks remaining in the queue.
2022-10-09 13:05:04,874 [Listener at 127.0.0.1/37457] INFO  segmented.SegmentedRaftLogWorker (SegmentedRaftLogWorker.java:close(246)) - b3799363-510b-4b0d-b719-e4308f1034ba@group-63F2606E9A22-SegmentedRaftLogWorker close()
2022-10-09 13:05:04,875 [ForkJoinPool.commonPool-worker-1] INFO  server.RaftServer$Division (RaftServerImpl.java:lambda$close$4(434)) - 35fd77c5-1f23-44b5-b15d-a7cf87b6731e@group-86BB596B74D6: shutdown
2022-10-09 13:05:04,875 [Listener at 127.0.0.1/37457] INFO  server.RaftServer$Division (RaftServerImpl.java:lambda$close$4(434)) - b3799363-510b-4b0d-b719-e4308f1034ba@group-86BB596B74D6: shutdown
2022-10-09 13:05:04,875 [ForkJoinPool.commonPool-worker-1] INFO  util.JmxRegister (JmxRegister.java:unregister(73)) - Successfully un-registered JMX Bean with object name Ratis:service=RaftServer,group=group-86BB596B74D6,id=35fd77c5-1f23-44b5-b15d-a7cf87b6731e
2022-10-09 13:05:04,875 [Listener at 127.0.0.1/37457] INFO  util.JmxRegister (JmxRegister.java:unregister(73)) - Successfully un-registered JMX Bean with object name Ratis:service=RaftServer,group=group-86BB596B74D6,id=b3799363-510b-4b0d-b719-e4308f1034ba
2022-10-09 13:05:04,875 [ForkJoinPool.commonPool-worker-1] INFO  impl.RoleInfo (RoleInfo.java:shutdownLeaderState(93)) - 35fd77c5-1f23-44b5-b15d-a7cf87b6731e: shutdown 35fd77c5-1f23-44b5-b15d-a7cf87b6731e@group-86BB596B74D6-LeaderStateImpl
2022-10-09 13:05:04,875 [Listener at 127.0.0.1/37457] INFO  impl.RoleInfo (RoleInfo.java:shutdownFollowerState(110)) - b3799363-510b-4b0d-b719-e4308f1034ba: shutdown b3799363-510b-4b0d-b719-e4308f1034ba@group-86BB596B74D6-FollowerState
2022-10-09 13:05:04,876 [ForkJoinPool.commonPool-worker-1] INFO  impl.PendingRequests (PendingRequests.java:sendNotLeaderResponses(282)) - 35fd77c5-1f23-44b5-b15d-a7cf87b6731e@group-86BB596B74D6-PendingRequests: sendNotLeaderResponses
2022-10-09 13:05:04,876 [b3799363-510b-4b0d-b719-e4308f1034ba@group-86BB596B74D6-FollowerState] INFO  impl.FollowerState (FollowerState.java:run(152)) - b3799363-510b-4b0d-b719-e4308f1034ba@group-86BB596B74D6-FollowerState was interrupted
2022-10-09 13:05:04,876 [b3799363-510b-4b0d-b719-e4308f1034ba@group-86BB596B74D6-StateMachineUpdater] INFO  ratis.ContainerStateMachine (ContainerStateMachine.java:takeSnapshot(304)) - group-86BB596B74D6: Taking a snapshot at:(t:3, i:26) file /home/runner/work/ozone/ozone/hadoop-ozone/integration-test/target/test-dir/MiniOzoneClusterImpl-6b6317f5-37ef-4289-9029-d6045239d9e9/datanode-2/data/ratis/231a8a19-f884-4bf7-9930-86bb596b74d6/sm/snapshot.3_26
2022-10-09 13:05:04,876 [35fd77c5-1f23-44b5-b15d-a7cf87b6731e@group-86BB596B74D6->b3799363-510b-4b0d-b719-e4308f1034ba-GrpcLogAppender-LogAppenderDaemon] WARN  server.GrpcLogAppender (GrpcLogAppender.java:mayWait(171)) - 35fd77c5-1f23-44b5-b15d-a7cf87b6731e@group-86BB596B74D6->b3799363-510b-4b0d-b719-e4308f1034ba-GrpcLogAppender: Wait interrupted by java.lang.InterruptedException
2022-10-09 13:05:04,876 [Listener at 127.0.0.1/37457] INFO  impl.StateMachineUpdater (StateMachineUpdater.java:stopAndJoin(153)) - b3799363-510b-4b0d-b719-e4308f1034ba@group-86BB596B74D6-StateMachineUpdater: set stopIndex = 26
2022-10-09 13:05:04,877 [grpc-default-executor-0] INFO  server.GrpcServerProtocolService (GrpcServerProtocolService.java:onCompleted(140)) - b3799363-510b-4b0d-b719-e4308f1034ba: Completed APPEND_ENTRIES, lastRequest: 35fd77c5-1f23-44b5-b15d-a7cf87b6731e->b3799363-510b-4b0d-b719-e4308f1034ba#123-t3,previous=(t:3, i:25),leaderCommit=24,initializing? true,entries: size=1, first=(t:3, i:26), METADATAENTRY(c:24)
2022-10-09 13:05:04,876 [35fd77c5-1f23-44b5-b15d-a7cf87b6731e@group-86BB596B74D6->2db59515-9e3b-4889-b4e8-582beecf5a37-GrpcLogAppender-LogAppenderDaemon] WARN  server.GrpcLogAppender (GrpcLogAppender.java:mayWait(171)) - 35fd77c5-1f23-44b5-b15d-a7cf87b6731e@group-86BB596B74D6->2db59515-9e3b-4889-b4e8-582beecf5a37-GrpcLogAppender: Wait interrupted by java.lang.InterruptedException
2022-10-09 13:05:04,879 [grpc-default-executor-0] INFO  server.GrpcLogAppender (GrpcLogAppender.java:onCompleted(339)) - 35fd77c5-1f23-44b5-b15d-a7cf87b6731e@group-86BB596B74D6->b3799363-510b-4b0d-b719-e4308f1034ba-AppendLogResponseHandler: follower responses appendEntries COMPLETED
2022-10-09 13:05:04,881 [grpc-default-executor-1] INFO  server.GrpcServerProtocolService (GrpcServerProtocolService.java:onCompleted(140)) - 2db59515-9e3b-4889-b4e8-582beecf5a37: Completed APPEND_ENTRIES, lastRequest: 35fd77c5-1f23-44b5-b15d-a7cf87b6731e->2db59515-9e3b-4889-b4e8-582beecf5a37#123-t3,previous=(t:3, i:25),leaderCommit=24,initializing? true,entries: size=1, first=(t:3, i:26), METADATAENTRY(c:24)
2022-10-09 13:05:04,884 [grpc-default-executor-3] INFO  server.GrpcLogAppender (GrpcLogAppender.java:onCompleted(339)) - 35fd77c5-1f23-44b5-b15d-a7cf87b6731e@group-86BB596B74D6->2db59515-9e3b-4889-b4e8-582beecf5a37-AppendLogResponseHandler: follower responses appendEntries COMPLETED
2022-10-09 13:05:04,886 [35fd77c5-1f23-44b5-b15d-a7cf87b6731e@group-86BB596B74D6-StateMachineUpdater] INFO  ratis.ContainerStateMachine (ContainerStateMachine.java:takeSnapshot(304)) - group-86BB596B74D6: Taking a snapshot at:(t:3, i:26) file /home/runner/work/ozone/ozone/hadoop-ozone/integration-test/target/test-dir/MiniOzoneClusterImpl-6b6317f5-37ef-4289-9029-d6045239d9e9/datanode-1/data/ratis/231a8a19-f884-4bf7-9930-86bb596b74d6/sm/snapshot.3_26
2022-10-09 13:05:04,886 [ForkJoinPool.commonPool-worker-1] INFO  impl.StateMachineUpdater (StateMachineUpdater.java:stopAndJoin(153)) - 35fd77c5-1f23-44b5-b15d-a7cf87b6731e@group-86BB596B74D6-StateMachineUpdater: set stopIndex = 26
2022-10-09 13:05:04,888 [35fd77c5-1f23-44b5-b15d-a7cf87b6731e@group-86BB596B74D6-StateMachineUpdater] INFO  ratis.ContainerStateMachine (ContainerStateMachine.java:takeSnapshot(315)) - group-86BB596B74D6: Finished taking a snapshot at:(t:3, i:26) file:/home/runner/work/ozone/ozone/hadoop-ozone/integration-test/target/test-dir/MiniOzoneClusterImpl-6b6317f5-37ef-4289-9029-d6045239d9e9/datanode-1/data/ratis/231a8a19-f884-4bf7-9930-86bb596b74d6/sm/snapshot.3_26 took: 3 ms
2022-10-09 13:05:04,888 [grpc-default-executor-0] INFO  leader.FollowerInfo (FollowerInfoImpl.java:lambda$new$0(48)) - 35fd77c5-1f23-44b5-b15d-a7cf87b6731e@group-86BB596B74D6->b3799363-510b-4b0d-b719-e4308f1034ba: nextIndex: updateUnconditionally 27 -> 26
2022-10-09 13:05:04,888 [b3799363-510b-4b0d-b719-e4308f1034ba@group-86BB596B74D6-StateMachineUpdater] INFO  ratis.ContainerStateMachine (ContainerStateMachine.java:takeSnapshot(315)) - group-86BB596B74D6: Finished taking a snapshot at:(t:3, i:26) file:/home/runner/work/ozone/ozone/hadoop-ozone/integration-test/target/test-dir/MiniOzoneClusterImpl-6b6317f5-37ef-4289-9029-d6045239d9e9/datanode-2/data/ratis/231a8a19-f884-4bf7-9930-86bb596b74d6/sm/snapshot.3_26 took: 12 ms
2022-10-09 13:05:04,889 [35fd77c5-1f23-44b5-b15d-a7cf87b6731e@group-86BB596B74D6-StateMachineUpdater] INFO  impl.StateMachineUpdater (StateMachineUpdater.java:takeSnapshot(287)) - 35fd77c5-1f23-44b5-b15d-a7cf87b6731e@group-86BB596B74D6-StateMachineUpdater: Took a snapshot at index 26
2022-10-09 13:05:04,886 [grpc-default-executor-3] INFO  leader.FollowerInfo (FollowerInfoImpl.java:lambda$new$0(48)) - 35fd77c5-1f23-44b5-b15d-a7cf87b6731e@group-86BB596B74D6->2db59515-9e3b-4889-b4e8-582beecf5a37: nextIndex: updateUnconditionally 27 -> 26
2022-10-09 13:05:04,889 [35fd77c5-1f23-44b5-b15d-a7cf87b6731e@group-86BB596B74D6-StateMachineUpdater] INFO  impl.StateMachineUpdater (StateMachineUpdater.java:lambda$new$0(92)) - 35fd77c5-1f23-44b5-b15d-a7cf87b6731e@group-86BB596B74D6-StateMachineUpdater: snapshotIndex: updateIncreasingly -1 -> 26
2022-10-09 13:05:04,889 [b3799363-510b-4b0d-b719-e4308f1034ba@group-86BB596B74D6-StateMachineUpdater] INFO  impl.StateMachineUpdater (StateMachineUpdater.java:takeSnapshot(287)) - b3799363-510b-4b0d-b719-e4308f1034ba@group-86BB596B74D6-StateMachineUpdater: Took a snapshot at index 26
2022-10-09 13:05:04,889 [b3799363-510b-4b0d-b719-e4308f1034ba@group-86BB596B74D6-StateMachineUpdater] INFO  impl.StateMachineUpdater (StateMachineUpdater.java:lambda$new$0(92)) - b3799363-510b-4b0d-b719-e4308f1034ba@group-86BB596B74D6-StateMachineUpdater: snapshotIndex: updateIncreasingly -1 -> 26
2022-10-09 13:05:04,889 [ForkJoinPool.commonPool-worker-1] INFO  server.RaftServer$Division (ServerState.java:close(429)) - 35fd77c5-1f23-44b5-b15d-a7cf87b6731e@group-86BB596B74D6: closes. applyIndex: 26
2022-10-09 13:05:04,890 [Listener at 127.0.0.1/37457] INFO  server.RaftServer$Division (ServerState.java:close(429)) - b3799363-510b-4b0d-b719-e4308f1034ba@group-86BB596B74D6: closes. applyIndex: 26
2022-10-09 13:05:04,890 [b3799363-510b-4b0d-b719-e4308f1034ba@group-86BB596B74D6-SegmentedRaftLogWorker] INFO  segmented.SegmentedRaftLogWorker (SegmentedRaftLogWorker.java:run(336)) - b3799363-510b-4b0d-b719-e4308f1034ba@group-86BB596B74D6-SegmentedRaftLogWorker was interrupted, exiting. There are 0 tasks remaining in the queue.
2022-10-09 13:05:04,890 [35fd77c5-1f23-44b5-b15d-a7cf87b6731e@group-86BB596B74D6-SegmentedRaftLogWorker] INFO  segmented.SegmentedRaftLogWorker (SegmentedRaftLogWorker.java:run(336)) - 35fd77c5-1f23-44b5-b15d-a7cf87b6731e@group-86BB596B74D6-SegmentedRaftLogWorker was interrupted, exiting. There are 0 tasks remaining in the queue.
2022-10-09 13:05:04,893 [ForkJoinPool.commonPool-worker-1] INFO  segmented.SegmentedRaftLogWorker (SegmentedRaftLogWorker.java:close(246)) - 35fd77c5-1f23-44b5-b15d-a7cf87b6731e@group-86BB596B74D6-SegmentedRaftLogWorker close()
2022-10-09 13:05:04,893 [Listener at 127.0.0.1/37457] INFO  segmented.SegmentedRaftLogWorker (SegmentedRaftLogWorker.java:close(246)) - b3799363-510b-4b0d-b719-e4308f1034ba@group-86BB596B74D6-SegmentedRaftLogWorker close()
2022-10-09 13:05:04,894 [ForkJoinPool.commonPool-worker-1] INFO  server.RaftServer$Division (RaftServerImpl.java:lambda$close$4(434)) - 35fd77c5-1f23-44b5-b15d-a7cf87b6731e@group-AA03175ED787: shutdown
2022-10-09 13:05:04,894 [ForkJoinPool.commonPool-worker-1] INFO  util.JmxRegister (JmxRegister.java:unregister(73)) - Successfully un-registered JMX Bean with object name Ratis:service=RaftServer,group=group-AA03175ED787,id=35fd77c5-1f23-44b5-b15d-a7cf87b6731e
2022-10-09 13:05:04,894 [ForkJoinPool.commonPool-worker-1] INFO  impl.RoleInfo (RoleInfo.java:shutdownFollowerState(110)) - 35fd77c5-1f23-44b5-b15d-a7cf87b6731e: shutdown 35fd77c5-1f23-44b5-b15d-a7cf87b6731e@group-AA03175ED787-FollowerState
2022-10-09 13:05:04,894 [ForkJoinPool.commonPool-worker-1] INFO  impl.StateMachineUpdater (StateMachineUpdater.java:stopAndJoin(153)) - 35fd77c5-1f23-44b5-b15d-a7cf87b6731e@group-AA03175ED787-StateMachineUpdater: set stopIndex = 4
2022-10-09 13:05:04,894 [35fd77c5-1f23-44b5-b15d-a7cf87b6731e@group-AA03175ED787-StateMachineUpdater] INFO  ratis.ContainerStateMachine (ContainerStateMachine.java:takeSnapshot(304)) - group-AA03175ED787: Taking a snapshot at:(t:3, i:4) file /home/runner/work/ozone/ozone/hadoop-ozone/integration-test/target/test-dir/MiniOzoneClusterImpl-6b6317f5-37ef-4289-9029-d6045239d9e9/datanode-1/data/ratis/b9e13c73-24e8-4f98-abb1-aa03175ed787/sm/snapshot.3_4
2022-10-09 13:05:04,894 [35fd77c5-1f23-44b5-b15d-a7cf87b6731e@group-AA03175ED787-FollowerState] INFO  impl.FollowerState (FollowerState.java:run(152)) - 35fd77c5-1f23-44b5-b15d-a7cf87b6731e@group-AA03175ED787-FollowerState was interrupted
2022-10-09 13:05:04,895 [35fd77c5-1f23-44b5-b15d-a7cf87b6731e@group-AA03175ED787-StateMachineUpdater] INFO  ratis.ContainerStateMachine (ContainerStateMachine.java:takeSnapshot(315)) - group-AA03175ED787: Finished taking a snapshot at:(t:3, i:4) file:/home/runner/work/ozone/ozone/hadoop-ozone/integration-test/target/test-dir/MiniOzoneClusterImpl-6b6317f5-37ef-4289-9029-d6045239d9e9/datanode-1/data/ratis/b9e13c73-24e8-4f98-abb1-aa03175ed787/sm/snapshot.3_4 took: 1 ms
2022-10-09 13:05:04,896 [35fd77c5-1f23-44b5-b15d-a7cf87b6731e@group-AA03175ED787-StateMachineUpdater] INFO  impl.StateMachineUpdater (StateMachineUpdater.java:takeSnapshot(287)) - 35fd77c5-1f23-44b5-b15d-a7cf87b6731e@group-AA03175ED787-StateMachineUpdater: Took a snapshot at index 4
2022-10-09 13:05:04,896 [35fd77c5-1f23-44b5-b15d-a7cf87b6731e@group-AA03175ED787-StateMachineUpdater] INFO  impl.StateMachineUpdater (StateMachineUpdater.java:lambda$new$0(92)) - 35fd77c5-1f23-44b5-b15d-a7cf87b6731e@group-AA03175ED787-StateMachineUpdater: snapshotIndex: updateIncreasingly -1 -> 4
2022-10-09 13:05:04,897 [ForkJoinPool.commonPool-worker-1] INFO  server.RaftServer$Division (ServerState.java:close(429)) - 35fd77c5-1f23-44b5-b15d-a7cf87b6731e@group-AA03175ED787: closes. applyIndex: 4
2022-10-09 13:05:04,897 [35fd77c5-1f23-44b5-b15d-a7cf87b6731e@group-AA03175ED787-SegmentedRaftLogWorker] INFO  segmented.SegmentedRaftLogWorker (SegmentedRaftLogWorker.java:run(336)) - 35fd77c5-1f23-44b5-b15d-a7cf87b6731e@group-AA03175ED787-SegmentedRaftLogWorker was interrupted, exiting. There are 0 tasks remaining in the queue.
2022-10-09 13:05:04,897 [ForkJoinPool.commonPool-worker-1] INFO  segmented.SegmentedRaftLogWorker (SegmentedRaftLogWorker.java:close(246)) - 35fd77c5-1f23-44b5-b15d-a7cf87b6731e@group-AA03175ED787-SegmentedRaftLogWorker close()
2022-10-09 13:05:04,898 [Listener at 127.0.0.1/37457] INFO  server.RaftServer$Division (RaftServerImpl.java:lambda$close$4(434)) - b3799363-510b-4b0d-b719-e4308f1034ba@group-AA03175ED787: shutdown
2022-10-09 13:05:04,898 [Listener at 127.0.0.1/37457] INFO  util.JmxRegister (JmxRegister.java:unregister(73)) - Successfully un-registered JMX Bean with object name Ratis:service=RaftServer,group=group-AA03175ED787,id=b3799363-510b-4b0d-b719-e4308f1034ba
2022-10-09 13:05:04,898 [Listener at 127.0.0.1/37457] INFO  impl.RoleInfo (RoleInfo.java:shutdownFollowerState(110)) - b3799363-510b-4b0d-b719-e4308f1034ba: shutdown b3799363-510b-4b0d-b719-e4308f1034ba@group-AA03175ED787-FollowerState
2022-10-09 13:05:04,898 [b3799363-510b-4b0d-b719-e4308f1034ba@group-AA03175ED787-FollowerState] INFO  impl.FollowerState (FollowerState.java:run(152)) - b3799363-510b-4b0d-b719-e4308f1034ba@group-AA03175ED787-FollowerState was interrupted
2022-10-09 13:05:04,898 [b3799363-510b-4b0d-b719-e4308f1034ba@group-AA03175ED787-StateMachineUpdater] INFO  ratis.ContainerStateMachine (ContainerStateMachine.java:takeSnapshot(304)) - group-AA03175ED787: Taking a snapshot at:(t:3, i:4) file /home/runner/work/ozone/ozone/hadoop-ozone/integration-test/target/test-dir/MiniOzoneClusterImpl-6b6317f5-37ef-4289-9029-d6045239d9e9/datanode-2/data/ratis/b9e13c73-24e8-4f98-abb1-aa03175ed787/sm/snapshot.3_4
2022-10-09 13:05:04,898 [ForkJoinPool.commonPool-worker-1] INFO  server.GrpcService (GrpcService.java:closeImpl(269)) - 35fd77c5-1f23-44b5-b15d-a7cf87b6731e: shutdown server with port 41389 now
2022-10-09 13:05:04,899 [Listener at 127.0.0.1/37457] INFO  impl.StateMachineUpdater (StateMachineUpdater.java:stopAndJoin(153)) - b3799363-510b-4b0d-b719-e4308f1034ba@group-AA03175ED787-StateMachineUpdater: set stopIndex = 4
2022-10-09 13:05:04,900 [b3799363-510b-4b0d-b719-e4308f1034ba@group-AA03175ED787-StateMachineUpdater] INFO  ratis.ContainerStateMachine (ContainerStateMachine.java:takeSnapshot(315)) - group-AA03175ED787: Finished taking a snapshot at:(t:3, i:4) file:/home/runner/work/ozone/ozone/hadoop-ozone/integration-test/target/test-dir/MiniOzoneClusterImpl-6b6317f5-37ef-4289-9029-d6045239d9e9/datanode-2/data/ratis/b9e13c73-24e8-4f98-abb1-aa03175ed787/sm/snapshot.3_4 took: 2 ms
2022-10-09 13:05:04,901 [b3799363-510b-4b0d-b719-e4308f1034ba@group-AA03175ED787-StateMachineUpdater] INFO  impl.StateMachineUpdater (StateMachineUpdater.java:takeSnapshot(287)) - b3799363-510b-4b0d-b719-e4308f1034ba@group-AA03175ED787-StateMachineUpdater: Took a snapshot at index 4
2022-10-09 13:05:04,901 [b3799363-510b-4b0d-b719-e4308f1034ba@group-AA03175ED787-StateMachineUpdater] INFO  impl.StateMachineUpdater (StateMachineUpdater.java:lambda$new$0(92)) - b3799363-510b-4b0d-b719-e4308f1034ba@group-AA03175ED787-StateMachineUpdater: snapshotIndex: updateIncreasingly -1 -> 4
2022-10-09 13:05:04,901 [Listener at 127.0.0.1/37457] INFO  server.RaftServer$Division (ServerState.java:close(429)) - b3799363-510b-4b0d-b719-e4308f1034ba@group-AA03175ED787: closes. applyIndex: 4
2022-10-09 13:05:04,902 [b3799363-510b-4b0d-b719-e4308f1034ba@group-AA03175ED787-SegmentedRaftLogWorker] INFO  segmented.SegmentedRaftLogWorker (SegmentedRaftLogWorker.java:run(336)) - b3799363-510b-4b0d-b719-e4308f1034ba@group-AA03175ED787-SegmentedRaftLogWorker was interrupted, exiting. There are 0 tasks remaining in the queue.
2022-10-09 13:05:04,903 [Listener at 127.0.0.1/37457] INFO  segmented.SegmentedRaftLogWorker (SegmentedRaftLogWorker.java:close(246)) - b3799363-510b-4b0d-b719-e4308f1034ba@group-AA03175ED787-SegmentedRaftLogWorker close()
2022-10-09 13:05:04,907 [Listener at 127.0.0.1/37457] INFO  server.GrpcService (GrpcService.java:closeImpl(269)) - b3799363-510b-4b0d-b719-e4308f1034ba: shutdown server with port 41135 now
2022-10-09 13:05:04,908 [grpc-default-executor-0] WARN  server.GrpcServerProtocolService (LogUtils.java:warn(122)) - 35fd77c5-1f23-44b5-b15d-a7cf87b6731e: installSnapshot onError, lastRequest: 2db59515-9e3b-4889-b4e8-582beecf5a37->35fd77c5-1f23-44b5-b15d-a7cf87b6731e#21-t3,previous=(t:3, i:3),leaderCommit=2,initializing? true,entries: size=1, first=(t:3, i:4), METADATAENTRY(c:2): org.apache.ratis.thirdparty.io.grpc.StatusRuntimeException: CANCELLED: client cancelled
2022-10-09 13:05:04,910 [grpc-default-executor-1] WARN  server.GrpcClientProtocolService (LogUtils.java:warn(122)) - 1-UnorderedRequestStreamObserver1: onError: org.apache.ratis.thirdparty.io.grpc.StatusRuntimeException: CANCELLED: client cancelled
2022-10-09 13:05:04,911 [ForkJoinPool.commonPool-worker-1] INFO  server.GrpcService (GrpcService.java:closeImpl(278)) - 35fd77c5-1f23-44b5-b15d-a7cf87b6731e: shutdown server with port 41389 successfully
2022-10-09 13:05:04,913 [grpc-default-executor-3] WARN  server.GrpcServerProtocolService (LogUtils.java:warn(122)) - b3799363-510b-4b0d-b719-e4308f1034ba: installSnapshot onError, lastRequest: 2db59515-9e3b-4889-b4e8-582beecf5a37->b3799363-510b-4b0d-b719-e4308f1034ba#21-t3,previous=(t:3, i:3),leaderCommit=2,initializing? true,entries: size=1, first=(t:3, i:4), METADATAENTRY(c:2): org.apache.ratis.thirdparty.io.grpc.StatusRuntimeException: CANCELLED: client cancelled
2022-10-09 13:05:04,915 [org.apache.ratis.util.JvmPauseMonitor$$Lambda$636/1153107596@27c6bec6] INFO  util.JvmPauseMonitor (JvmPauseMonitor.java:run(109)) - JvmPauseMonitor-35fd77c5-1f23-44b5-b15d-a7cf87b6731e: Stopped
2022-10-09 13:05:04,917 [grpc-default-executor-1] WARN  server.GrpcLogAppender (LogUtils.java:warn(122)) - 2db59515-9e3b-4889-b4e8-582beecf5a37@group-AA03175ED787->35fd77c5-1f23-44b5-b15d-a7cf87b6731e-AppendLogResponseHandler: Failed appendEntries: org.apache.ratis.thirdparty.io.grpc.StatusRuntimeException: CANCELLED: RST_STREAM closed stream. HTTP/2 error code: CANCEL
2022-10-09 13:05:04,918 [grpc-default-executor-1] INFO  leader.FollowerInfo (FollowerInfoImpl.java:lambda$new$0(48)) - 2db59515-9e3b-4889-b4e8-582beecf5a37@group-AA03175ED787->35fd77c5-1f23-44b5-b15d-a7cf87b6731e: nextIndex: updateUnconditionally 5 -> 4
2022-10-09 13:05:04,923 [Listener at 127.0.0.1/37457] INFO  server.GrpcService (GrpcService.java:closeImpl(278)) - b3799363-510b-4b0d-b719-e4308f1034ba: shutdown server with port 41135 successfully
2022-10-09 13:05:04,923 [org.apache.ratis.util.JvmPauseMonitor$$Lambda$636/1153107596@125e012e] INFO  util.JvmPauseMonitor (JvmPauseMonitor.java:run(109)) - JvmPauseMonitor-b3799363-510b-4b0d-b719-e4308f1034ba: Stopped
2022-10-09 13:05:04,925 [grpc-default-executor-3] WARN  server.GrpcLogAppender (LogUtils.java:warn(122)) - 2db59515-9e3b-4889-b4e8-582beecf5a37@group-AA03175ED787->b3799363-510b-4b0d-b719-e4308f1034ba-AppendLogResponseHandler: Failed appendEntries: org.apache.ratis.thirdparty.io.grpc.StatusRuntimeException: CANCELLED: RST_STREAM closed stream. HTTP/2 error code: CANCEL
2022-10-09 13:05:04,925 [grpc-default-executor-3] INFO  leader.FollowerInfo (FollowerInfoImpl.java:lambda$new$0(48)) - 2db59515-9e3b-4889-b4e8-582beecf5a37@group-AA03175ED787->b3799363-510b-4b0d-b719-e4308f1034ba: nextIndex: updateUnconditionally 5 -> 4
2022-10-09 13:05:04,933 [grpc-default-executor-1] WARN  server.GrpcLogAppender (LogUtils.java:warn(122)) - 2db59515-9e3b-4889-b4e8-582beecf5a37@group-AA03175ED787->35fd77c5-1f23-44b5-b15d-a7cf87b6731e-AppendLogResponseHandler: Failed appendEntries: org.apache.ratis.thirdparty.io.grpc.StatusRuntimeException: UNAVAILABLE: io exception
2022-10-09 13:05:04,934 [grpc-default-executor-1] INFO  leader.FollowerInfo (FollowerInfoImpl.java:lambda$new$0(48)) - 2db59515-9e3b-4889-b4e8-582beecf5a37@group-AA03175ED787->35fd77c5-1f23-44b5-b15d-a7cf87b6731e: nextIndex: updateUnconditionally 5 -> 4
2022-10-09 13:05:04,935 [grpc-default-executor-1] WARN  server.GrpcLogAppender (LogUtils.java:warn(122)) - 2db59515-9e3b-4889-b4e8-582beecf5a37@group-AA03175ED787->b3799363-510b-4b0d-b719-e4308f1034ba-AppendLogResponseHandler: Failed appendEntries: org.apache.ratis.thirdparty.io.grpc.StatusRuntimeException: UNAVAILABLE: io exception
2022-10-09 13:05:04,935 [grpc-default-executor-1] INFO  leader.FollowerInfo (FollowerInfoImpl.java:lambda$new$0(48)) - 2db59515-9e3b-4889-b4e8-582beecf5a37@group-AA03175ED787->b3799363-510b-4b0d-b719-e4308f1034ba: nextIndex: updateUnconditionally 5 -> 4
2022-10-09 13:05:05,752 [grpc-default-executor-1] WARN  server.GrpcLogAppender (LogUtils.java:warn(122)) - 2db59515-9e3b-4889-b4e8-582beecf5a37@group-AA03175ED787->35fd77c5-1f23-44b5-b15d-a7cf87b6731e-AppendLogResponseHandler: Failed appendEntries: org.apache.ratis.thirdparty.io.grpc.StatusRuntimeException: UNAVAILABLE: io exception
2022-10-09 13:05:05,753 [grpc-default-executor-1] INFO  leader.FollowerInfo (FollowerInfoImpl.java:lambda$new$0(48)) - 2db59515-9e3b-4889-b4e8-582beecf5a37@group-AA03175ED787->35fd77c5-1f23-44b5-b15d-a7cf87b6731e: nextIndex: updateUnconditionally 5 -> 4
2022-10-09 13:05:05,753 [grpc-default-executor-3] WARN  server.GrpcLogAppender (LogUtils.java:warn(122)) - 2db59515-9e3b-4889-b4e8-582beecf5a37@group-AA03175ED787->b3799363-510b-4b0d-b719-e4308f1034ba-AppendLogResponseHandler: Failed appendEntries: org.apache.ratis.thirdparty.io.grpc.StatusRuntimeException: UNAVAILABLE: io exception
2022-10-09 13:05:05,754 [grpc-default-executor-3] INFO  leader.FollowerInfo (FollowerInfoImpl.java:lambda$new$0(48)) - 2db59515-9e3b-4889-b4e8-582beecf5a37@group-AA03175ED787->b3799363-510b-4b0d-b719-e4308f1034ba: nextIndex: updateUnconditionally 5 -> 4
2022-10-09 13:05:06,940 [Listener at 127.0.0.1/37457] INFO  utils.BackgroundService (BackgroundService.java:shutdown(141)) - Shutting down service BlockDeletingService
2022-10-09 13:05:06,940 [Listener at 127.0.0.1/37457] INFO  utils.BackgroundService (BackgroundService.java:shutdown(141)) - Shutting down service StaleRecoveringContainerScrubbingService
2022-10-09 13:05:06,945 [ForkJoinPool.commonPool-worker-1] INFO  utils.BackgroundService (BackgroundService.java:shutdown(141)) - Shutting down service BlockDeletingService
2022-10-09 13:05:06,946 [ForkJoinPool.commonPool-worker-1] INFO  utils.BackgroundService (BackgroundService.java:shutdown(141)) - Shutting down service StaleRecoveringContainerScrubbingService
2022-10-09 13:05:07,004 [grpc-default-executor-3] WARN  server.GrpcLogAppender (LogUtils.java:warn(122)) - 2db59515-9e3b-4889-b4e8-582beecf5a37@group-AA03175ED787->35fd77c5-1f23-44b5-b15d-a7cf87b6731e-AppendLogResponseHandler: Failed appendEntries: org.apache.ratis.thirdparty.io.grpc.StatusRuntimeException: UNAVAILABLE: io exception
2022-10-09 13:05:07,005 [grpc-default-executor-3] INFO  leader.FollowerInfo (FollowerInfoImpl.java:lambda$new$0(48)) - 2db59515-9e3b-4889-b4e8-582beecf5a37@group-AA03175ED787->35fd77c5-1f23-44b5-b15d-a7cf87b6731e: nextIndex: updateUnconditionally 5 -> 4
2022-10-09 13:05:07,009 [grpc-default-executor-3] WARN  server.GrpcLogAppender (LogUtils.java:warn(122)) - 2db59515-9e3b-4889-b4e8-582beecf5a37@group-AA03175ED787->b3799363-510b-4b0d-b719-e4308f1034ba-AppendLogResponseHandler: Failed appendEntries: org.apache.ratis.thirdparty.io.grpc.StatusRuntimeException: UNAVAILABLE: io exception
2022-10-09 13:05:07,010 [grpc-default-executor-3] INFO  leader.FollowerInfo (FollowerInfoImpl.java:lambda$new$0(48)) - 2db59515-9e3b-4889-b4e8-582beecf5a37@group-AA03175ED787->b3799363-510b-4b0d-b719-e4308f1034ba: nextIndex: updateUnconditionally 5 -> 4
2022-10-09 13:05:08,253 [grpc-default-executor-3] WARN  server.GrpcLogAppender (LogUtils.java:warn(122)) - 2db59515-9e3b-4889-b4e8-582beecf5a37@group-AA03175ED787->35fd77c5-1f23-44b5-b15d-a7cf87b6731e-AppendLogResponseHandler: Failed appendEntries: org.apache.ratis.thirdparty.io.grpc.StatusRuntimeException: UNAVAILABLE: io exception
2022-10-09 13:05:08,254 [grpc-default-executor-3] INFO  leader.FollowerInfo (FollowerInfoImpl.java:lambda$new$0(48)) - 2db59515-9e3b-4889-b4e8-582beecf5a37@group-AA03175ED787->35fd77c5-1f23-44b5-b15d-a7cf87b6731e: nextIndex: updateUnconditionally 5 -> 4
2022-10-09 13:05:08,258 [grpc-default-executor-3] WARN  server.GrpcLogAppender (LogUtils.java:warn(122)) - 2db59515-9e3b-4889-b4e8-582beecf5a37@group-AA03175ED787->b3799363-510b-4b0d-b719-e4308f1034ba-AppendLogResponseHandler: Failed appendEntries: org.apache.ratis.thirdparty.io.grpc.StatusRuntimeException: UNAVAILABLE: io exception
2022-10-09 13:05:08,259 [grpc-default-executor-3] INFO  leader.FollowerInfo (FollowerInfoImpl.java:lambda$new$0(48)) - 2db59515-9e3b-4889-b4e8-582beecf5a37@group-AA03175ED787->b3799363-510b-4b0d-b719-e4308f1034ba: nextIndex: updateUnconditionally 5 -> 4
2022-10-09 13:05:09,504 [grpc-default-executor-3] WARN  server.GrpcLogAppender (LogUtils.java:warn(122)) - 2db59515-9e3b-4889-b4e8-582beecf5a37@group-AA03175ED787->35fd77c5-1f23-44b5-b15d-a7cf87b6731e-AppendLogResponseHandler: Failed appendEntries: org.apache.ratis.thirdparty.io.grpc.StatusRuntimeException: UNAVAILABLE: io exception
2022-10-09 13:05:09,505 [grpc-default-executor-3] INFO  leader.FollowerInfo (FollowerInfoImpl.java:lambda$new$0(48)) - 2db59515-9e3b-4889-b4e8-582beecf5a37@group-AA03175ED787->35fd77c5-1f23-44b5-b15d-a7cf87b6731e: nextIndex: updateUnconditionally 5 -> 4
2022-10-09 13:05:09,509 [grpc-default-executor-3] WARN  server.GrpcLogAppender (LogUtils.java:warn(122)) - 2db59515-9e3b-4889-b4e8-582beecf5a37@group-AA03175ED787->b3799363-510b-4b0d-b719-e4308f1034ba-AppendLogResponseHandler: Failed appendEntries: org.apache.ratis.thirdparty.io.grpc.StatusRuntimeException: UNAVAILABLE: io exception
2022-10-09 13:05:09,510 [grpc-default-executor-3] INFO  leader.FollowerInfo (FollowerInfoImpl.java:lambda$new$0(48)) - 2db59515-9e3b-4889-b4e8-582beecf5a37@group-AA03175ED787->b3799363-510b-4b0d-b719-e4308f1034ba: nextIndex: updateUnconditionally 5 -> 4
2022-10-09 13:05:09,840 [2db59515-9e3b-4889-b4e8-582beecf5a37@group-86BB596B74D6-FollowerState] INFO  impl.FollowerState (FollowerState.java:run(143)) - 2db59515-9e3b-4889-b4e8-582beecf5a37@group-86BB596B74D6-FollowerState: change to CANDIDATE, lastRpcElapsedTime:5466556720ns, electionTimeout:5033ms
2022-10-09 13:05:09,841 [2db59515-9e3b-4889-b4e8-582beecf5a37@group-86BB596B74D6-FollowerState] INFO  impl.RoleInfo (RoleInfo.java:shutdownFollowerState(110)) - 2db59515-9e3b-4889-b4e8-582beecf5a37: shutdown 2db59515-9e3b-4889-b4e8-582beecf5a37@group-86BB596B74D6-FollowerState
2022-10-09 13:05:09,841 [2db59515-9e3b-4889-b4e8-582beecf5a37@group-86BB596B74D6-FollowerState] INFO  server.RaftServer$Division (RaftServerImpl.java:setRole(299)) - 2db59515-9e3b-4889-b4e8-582beecf5a37@group-86BB596B74D6: changes role from  FOLLOWER to CANDIDATE at term 3 for changeToCandidate
2022-10-09 13:05:09,841 [2db59515-9e3b-4889-b4e8-582beecf5a37@group-86BB596B74D6-FollowerState] INFO  server.RaftServerConfigKeys (ConfUtils.java:logGet(46)) - raft.server.leaderelection.pre-vote = false (custom)
2022-10-09 13:05:09,841 [2db59515-9e3b-4889-b4e8-582beecf5a37@group-86BB596B74D6-FollowerState] INFO  impl.RoleInfo (RoleInfo.java:updateAndGet(139)) - 2db59515-9e3b-4889-b4e8-582beecf5a37: start 2db59515-9e3b-4889-b4e8-582beecf5a37@group-86BB596B74D6-LeaderElection13
2022-10-09 13:05:09,858 [2db59515-9e3b-4889-b4e8-582beecf5a37@group-86BB596B74D6-LeaderElection13] INFO  server.RaftServer$Division (ServerState.java:setLeader(287)) - 2db59515-9e3b-4889-b4e8-582beecf5a37@group-86BB596B74D6: change Leader from 35fd77c5-1f23-44b5-b15d-a7cf87b6731e to null at term 3 for ELECTION
2022-10-09 13:05:09,865 [2db59515-9e3b-4889-b4e8-582beecf5a37@group-86BB596B74D6-LeaderElection13] INFO  impl.LeaderElection (LeaderElection.java:askForVotes(310)) - 2db59515-9e3b-4889-b4e8-582beecf5a37@group-86BB596B74D6-LeaderElection13 ELECTION round 0: submit vote requests at term 4 for 0: [35fd77c5-1f23-44b5-b15d-a7cf87b6731e|rpc:10.1.0.209:41389|dataStream:|priority:1, 2db59515-9e3b-4889-b4e8-582beecf5a37|rpc:10.1.0.209:43077|dataStream:|priority:0, b3799363-510b-4b0d-b719-e4308f1034ba|rpc:10.1.0.209:41135|dataStream:|priority:0], old=null
2022-10-09 13:05:09,876 [2db59515-9e3b-4889-b4e8-582beecf5a37@group-86BB596B74D6-LeaderElection13] INFO  impl.LeaderElection (LogUtils.java:infoOrTrace(137)) - 2db59515-9e3b-4889-b4e8-582beecf5a37@group-86BB596B74D6-LeaderElection13 got exception when requesting votes: java.util.concurrent.ExecutionException: org.apache.ratis.thirdparty.io.grpc.StatusRuntimeException: UNAVAILABLE: io exception
2022-10-09 13:05:09,884 [2db59515-9e3b-4889-b4e8-582beecf5a37@group-86BB596B74D6-LeaderElection13] INFO  impl.LeaderElection (LogUtils.java:infoOrTrace(137)) - 2db59515-9e3b-4889-b4e8-582beecf5a37@group-86BB596B74D6-LeaderElection13 got exception when requesting votes: java.util.concurrent.ExecutionException: org.apache.ratis.thirdparty.io.grpc.StatusRuntimeException: UNAVAILABLE: io exception
2022-10-09 13:05:09,884 [2db59515-9e3b-4889-b4e8-582beecf5a37@group-86BB596B74D6-LeaderElection13] INFO  impl.LeaderElection (LeaderElection.java:logAndReturn(90)) - 2db59515-9e3b-4889-b4e8-582beecf5a37@group-86BB596B74D6-LeaderElection13: ELECTION REJECTED received 0 response(s) and 2 exception(s):
2022-10-09 13:05:09,884 [2db59515-9e3b-4889-b4e8-582beecf5a37@group-86BB596B74D6-LeaderElection13] INFO  impl.LeaderElection (LogUtils.java:infoOrTrace(137)) -   Exception 0: java.util.concurrent.ExecutionException: org.apache.ratis.thirdparty.io.grpc.StatusRuntimeException: UNAVAILABLE: io exception
2022-10-09 13:05:09,884 [2db59515-9e3b-4889-b4e8-582beecf5a37@group-86BB596B74D6-LeaderElection13] INFO  impl.LeaderElection (LogUtils.java:infoOrTrace(137)) -   Exception 1: java.util.concurrent.ExecutionException: org.apache.ratis.thirdparty.io.grpc.StatusRuntimeException: UNAVAILABLE: io exception
2022-10-09 13:05:09,884 [2db59515-9e3b-4889-b4e8-582beecf5a37@group-86BB596B74D6-LeaderElection13] INFO  impl.LeaderElection (LeaderElection.java:askForVotes(312)) - 2db59515-9e3b-4889-b4e8-582beecf5a37@group-86BB596B74D6-LeaderElection13 ELECTION round 0: result REJECTED
2022-10-09 13:05:09,885 [2db59515-9e3b-4889-b4e8-582beecf5a37@group-86BB596B74D6-LeaderElection13] INFO  server.RaftServer$Division (RaftServerImpl.java:setRole(299)) - 2db59515-9e3b-4889-b4e8-582beecf5a37@group-86BB596B74D6: changes role from CANDIDATE to FOLLOWER at term 4 for REJECTED
2022-10-09 13:05:09,885 [2db59515-9e3b-4889-b4e8-582beecf5a37@group-86BB596B74D6-LeaderElection13] INFO  impl.RoleInfo (RoleInfo.java:shutdownLeaderElection(130)) - 2db59515-9e3b-4889-b4e8-582beecf5a37: shutdown 2db59515-9e3b-4889-b4e8-582beecf5a37@group-86BB596B74D6-LeaderElection13
2022-10-09 13:05:09,885 [2db59515-9e3b-4889-b4e8-582beecf5a37@group-86BB596B74D6-LeaderElection13] INFO  impl.RoleInfo (RoleInfo.java:updateAndGet(139)) - 2db59515-9e3b-4889-b4e8-582beecf5a37: start 2db59515-9e3b-4889-b4e8-582beecf5a37@group-86BB596B74D6-FollowerState
2022-10-09 13:05:09,942 [Listener at 127.0.0.1/37457] INFO  statemachine.DatanodeStateMachine (DatanodeStateMachine.java:stopDaemon(580)) - Ozone container server stopped.
2022-10-09 13:05:09,963 [Listener at 127.0.0.1/37457] INFO  handler.ContextHandler (ContextHandler.java:doStop(1153)) - Stopped o.e.j.w.WebAppContext@49be17f6{hddsDatanode,/,null,STOPPED}{jar:file:/home/runner/.m2/repository/org/apache/ozone/hdds-container-service/1.3.0-SNAPSHOT/hdds-container-service-1.3.0-SNAPSHOT.jar!/webapps/hddsDatanode}
2022-10-09 13:05:09,964 [ForkJoinPool.commonPool-worker-1] INFO  statemachine.DatanodeStateMachine (DatanodeStateMachine.java:stopDaemon(580)) - Ozone container server stopped.
2022-10-09 13:05:09,964 [Listener at 127.0.0.1/37457] INFO  server.AbstractConnector (AbstractConnector.java:doStop(381)) - Stopped ServerConnector@7ebc160d{HTTP/1.1, (http/1.1)}{0.0.0.0:0}
2022-10-09 13:05:09,966 [Listener at 127.0.0.1/37457] INFO  server.session (HouseKeeper.java:stopScavenging(149)) - node0 Stopped scavenging
2022-10-09 13:05:09,966 [Listener at 127.0.0.1/37457] INFO  handler.ContextHandler (ContextHandler.java:doStop(1153)) - Stopped o.e.j.s.ServletContextHandler@7e03fe2b{static,/static,jar:file:/home/runner/.m2/repository/org/apache/ozone/hdds-container-service/1.3.0-SNAPSHOT/hdds-container-service-1.3.0-SNAPSHOT.jar!/webapps/static,STOPPED}
2022-10-09 13:05:09,966 [Listener at 127.0.0.1/37457] INFO  handler.ContextHandler (ContextHandler.java:doStop(1153)) - Stopped o.e.j.s.ServletContextHandler@5783939e{logs,/logs,file:///home/runner/work/ozone/ozone/hadoop-ozone/integration-test/target/log,STOPPED}
2022-10-09 13:05:09,980 [ForkJoinPool.commonPool-worker-1] INFO  handler.ContextHandler (ContextHandler.java:doStop(1153)) - Stopped o.e.j.w.WebAppContext@6ffb07a4{hddsDatanode,/,null,STOPPED}{jar:file:/home/runner/.m2/repository/org/apache/ozone/hdds-container-service/1.3.0-SNAPSHOT/hdds-container-service-1.3.0-SNAPSHOT.jar!/webapps/hddsDatanode}
2022-10-09 13:05:09,984 [ForkJoinPool.commonPool-worker-1] INFO  server.AbstractConnector (AbstractConnector.java:doStop(381)) - Stopped ServerConnector@38407b0e{HTTP/1.1, (http/1.1)}{0.0.0.0:0}
2022-10-09 13:05:09,984 [ForkJoinPool.commonPool-worker-1] INFO  server.session (HouseKeeper.java:stopScavenging(149)) - node0 Stopped scavenging
2022-10-09 13:05:09,985 [ForkJoinPool.commonPool-worker-1] INFO  handler.ContextHandler (ContextHandler.java:doStop(1153)) - Stopped o.e.j.s.ServletContextHandler@4388206e{static,/static,jar:file:/home/runner/.m2/repository/org/apache/ozone/hdds-container-service/1.3.0-SNAPSHOT/hdds-container-service-1.3.0-SNAPSHOT.jar!/webapps/static,STOPPED}
2022-10-09 13:05:09,986 [ForkJoinPool.commonPool-worker-1] INFO  handler.ContextHandler (ContextHandler.java:doStop(1153)) - Stopped o.e.j.s.ServletContextHandler@1d983b15{logs,/logs,file:///home/runner/work/ozone/ozone/hadoop-ozone/integration-test/target/log,STOPPED}
2022-10-09 13:05:10,755 [grpc-default-executor-3] WARN  server.GrpcLogAppender (LogUtils.java:warn(122)) - 2db59515-9e3b-4889-b4e8-582beecf5a37@group-AA03175ED787->35fd77c5-1f23-44b5-b15d-a7cf87b6731e-AppendLogResponseHandler: Failed appendEntries: org.apache.ratis.thirdparty.io.grpc.StatusRuntimeException: UNAVAILABLE: io exception
2022-10-09 13:05:10,756 [grpc-default-executor-3] INFO  leader.FollowerInfo (FollowerInfoImpl.java:lambda$new$0(48)) - 2db59515-9e3b-4889-b4e8-582beecf5a37@group-AA03175ED787->35fd77c5-1f23-44b5-b15d-a7cf87b6731e: nextIndex: updateUnconditionally 5 -> 4
2022-10-09 13:05:10,759 [grpc-default-executor-3] WARN  server.GrpcLogAppender (LogUtils.java:warn(122)) - 2db59515-9e3b-4889-b4e8-582beecf5a37@group-AA03175ED787->b3799363-510b-4b0d-b719-e4308f1034ba-AppendLogResponseHandler: Failed appendEntries: org.apache.ratis.thirdparty.io.grpc.StatusRuntimeException: UNAVAILABLE: io exception
2022-10-09 13:05:10,760 [grpc-default-executor-3] INFO  leader.FollowerInfo (FollowerInfoImpl.java:lambda$new$0(48)) - 2db59515-9e3b-4889-b4e8-582beecf5a37@group-AA03175ED787->b3799363-510b-4b0d-b719-e4308f1034ba: nextIndex: updateUnconditionally 5 -> 4
2022-10-09 13:05:11,529 [2db59515-9e3b-4889-b4e8-582beecf5a37@group-AA03175ED787-LeaderStateImpl] WARN  server.RaftServer$Division (LeaderStateImpl.java:checkLeadership(1018)) - 2db59515-9e3b-4889-b4e8-582beecf5a37@group-AA03175ED787-LeaderStateImpl: Lost leadership on term: 3. Election timeout: 5200ms. In charge for: 57181ms. Conf: 0: [35fd77c5-1f23-44b5-b15d-a7cf87b6731e|rpc:10.1.0.209:41389|dataStream:|priority:0, 2db59515-9e3b-4889-b4e8-582beecf5a37|rpc:10.1.0.209:43077|dataStream:|priority:1, b3799363-510b-4b0d-b719-e4308f1034ba|rpc:10.1.0.209:41135|dataStream:|priority:0], old=null
2022-10-09 13:05:11,530 [2db59515-9e3b-4889-b4e8-582beecf5a37@group-AA03175ED787-LeaderStateImpl] WARN  server.RaftServer$Division (LeaderStateImpl.java:lambda$checkLeadership$17(1022)) - Follower 2db59515-9e3b-4889-b4e8-582beecf5a37@group-AA03175ED787->35fd77c5-1f23-44b5-b15d-a7cf87b6731e(c4,m4,n4, attendVote=true, lastRpcSendTime=774, lastRpcResponseTime=8278)
2022-10-09 13:05:11,530 [2db59515-9e3b-4889-b4e8-582beecf5a37@group-AA03175ED787-LeaderStateImpl] WARN  server.RaftServer$Division (LeaderStateImpl.java:lambda$checkLeadership$17(1022)) - Follower 2db59515-9e3b-4889-b4e8-582beecf5a37@group-AA03175ED787->b3799363-510b-4b0d-b719-e4308f1034ba(c4,m4,n4, attendVote=true, lastRpcSendTime=770, lastRpcResponseTime=8277)
2022-10-09 13:05:11,530 [2db59515-9e3b-4889-b4e8-582beecf5a37@group-AA03175ED787-LeaderStateImpl] INFO  server.RaftServer$Division (RaftServerImpl.java:setRole(299)) - 2db59515-9e3b-4889-b4e8-582beecf5a37@group-AA03175ED787: changes role from    LEADER to FOLLOWER at term 3 for StepDownReason:LOST_MAJORITY_HEARTBEATS
2022-10-09 13:05:11,530 [2db59515-9e3b-4889-b4e8-582beecf5a37@group-AA03175ED787-LeaderStateImpl] INFO  impl.RoleInfo (RoleInfo.java:shutdownLeaderState(93)) - 2db59515-9e3b-4889-b4e8-582beecf5a37: shutdown 2db59515-9e3b-4889-b4e8-582beecf5a37@group-AA03175ED787-LeaderStateImpl
2022-10-09 13:05:11,530 [2db59515-9e3b-4889-b4e8-582beecf5a37@group-AA03175ED787->b3799363-510b-4b0d-b719-e4308f1034ba-GrpcLogAppender-LogAppenderDaemon] WARN  server.GrpcLogAppender (GrpcLogAppender.java:mayWait(171)) - 2db59515-9e3b-4889-b4e8-582beecf5a37@group-AA03175ED787->b3799363-510b-4b0d-b719-e4308f1034ba-GrpcLogAppender: Wait interrupted by java.lang.InterruptedException
2022-10-09 13:05:11,531 [2db59515-9e3b-4889-b4e8-582beecf5a37@group-AA03175ED787->35fd77c5-1f23-44b5-b15d-a7cf87b6731e-GrpcLogAppender-LogAppenderDaemon] WARN  server.GrpcLogAppender (GrpcLogAppender.java:mayWait(171)) - 2db59515-9e3b-4889-b4e8-582beecf5a37@group-AA03175ED787->35fd77c5-1f23-44b5-b15d-a7cf87b6731e-GrpcLogAppender: Wait interrupted by java.lang.InterruptedException
2022-10-09 13:05:11,530 [2db59515-9e3b-4889-b4e8-582beecf5a37@group-AA03175ED787-LeaderStateImpl] INFO  impl.PendingRequests (PendingRequests.java:sendNotLeaderResponses(282)) - 2db59515-9e3b-4889-b4e8-582beecf5a37@group-AA03175ED787-PendingRequests: sendNotLeaderResponses
2022-10-09 13:05:11,544 [2db59515-9e3b-4889-b4e8-582beecf5a37@group-AA03175ED787-LeaderStateImpl] INFO  impl.RoleInfo (RoleInfo.java:updateAndGet(139)) - 2db59515-9e3b-4889-b4e8-582beecf5a37: start 2db59515-9e3b-4889-b4e8-582beecf5a37@group-AA03175ED787-FollowerState
2022-10-09 13:05:14,950 [2db59515-9e3b-4889-b4e8-582beecf5a37@group-86BB596B74D6-FollowerState] INFO  impl.FollowerState (FollowerState.java:run(143)) - 2db59515-9e3b-4889-b4e8-582beecf5a37@group-86BB596B74D6-FollowerState: change to CANDIDATE, lastRpcElapsedTime:5064167133ns, electionTimeout:5054ms
2022-10-09 13:05:14,950 [2db59515-9e3b-4889-b4e8-582beecf5a37@group-86BB596B74D6-FollowerState] INFO  impl.RoleInfo (RoleInfo.java:shutdownFollowerState(110)) - 2db59515-9e3b-4889-b4e8-582beecf5a37: shutdown 2db59515-9e3b-4889-b4e8-582beecf5a37@group-86BB596B74D6-FollowerState
2022-10-09 13:05:14,950 [2db59515-9e3b-4889-b4e8-582beecf5a37@group-86BB596B74D6-FollowerState] INFO  server.RaftServer$Division (RaftServerImpl.java:setRole(299)) - 2db59515-9e3b-4889-b4e8-582beecf5a37@group-86BB596B74D6: changes role from  FOLLOWER to CANDIDATE at term 4 for changeToCandidate
2022-10-09 13:05:14,950 [2db59515-9e3b-4889-b4e8-582beecf5a37@group-86BB596B74D6-FollowerState] INFO  server.RaftServerConfigKeys (ConfUtils.java:logGet(46)) - raft.server.leaderelection.pre-vote = false (custom)
2022-10-09 13:05:14,950 [2db59515-9e3b-4889-b4e8-582beecf5a37@group-86BB596B74D6-FollowerState] INFO  impl.RoleInfo (RoleInfo.java:updateAndGet(139)) - 2db59515-9e3b-4889-b4e8-582beecf5a37: start 2db59515-9e3b-4889-b4e8-582beecf5a37@group-86BB596B74D6-LeaderElection14
2022-10-09 13:05:14,963 [2db59515-9e3b-4889-b4e8-582beecf5a37@group-86BB596B74D6-LeaderElection14] INFO  impl.LeaderElection (LeaderElection.java:askForVotes(310)) - 2db59515-9e3b-4889-b4e8-582beecf5a37@group-86BB596B74D6-LeaderElection14 ELECTION round 0: submit vote requests at term 5 for 0: [35fd77c5-1f23-44b5-b15d-a7cf87b6731e|rpc:10.1.0.209:41389|dataStream:|priority:1, 2db59515-9e3b-4889-b4e8-582beecf5a37|rpc:10.1.0.209:43077|dataStream:|priority:0, b3799363-510b-4b0d-b719-e4308f1034ba|rpc:10.1.0.209:41135|dataStream:|priority:0], old=null
2022-10-09 13:05:14,970 [2db59515-9e3b-4889-b4e8-582beecf5a37@group-86BB596B74D6-LeaderElection14] INFO  impl.LeaderElection (LogUtils.java:infoOrTrace(137)) - 2db59515-9e3b-4889-b4e8-582beecf5a37@group-86BB596B74D6-LeaderElection14 got exception when requesting votes: java.util.concurrent.ExecutionException: org.apache.ratis.thirdparty.io.grpc.StatusRuntimeException: UNAVAILABLE: io exception
2022-10-09 13:05:14,971 [Listener at 127.0.0.1/37457] INFO  ozoneimpl.OzoneContainer (OzoneContainer.java:stop(400)) - Attempting to stop container services.
2022-10-09 13:05:14,971 [2db59515-9e3b-4889-b4e8-582beecf5a37@group-86BB596B74D6-LeaderElection14] INFO  impl.LeaderElection (LogUtils.java:infoOrTrace(137)) - 2db59515-9e3b-4889-b4e8-582beecf5a37@group-86BB596B74D6-LeaderElection14 got exception when requesting votes: java.util.concurrent.ExecutionException: org.apache.ratis.thirdparty.io.grpc.StatusRuntimeException: UNAVAILABLE: io exception
2022-10-09 13:05:14,972 [2db59515-9e3b-4889-b4e8-582beecf5a37@group-86BB596B74D6-LeaderElection14] INFO  impl.LeaderElection (LeaderElection.java:logAndReturn(90)) - 2db59515-9e3b-4889-b4e8-582beecf5a37@group-86BB596B74D6-LeaderElection14: ELECTION REJECTED received 0 response(s) and 2 exception(s):
2022-10-09 13:05:14,972 [2db59515-9e3b-4889-b4e8-582beecf5a37@group-86BB596B74D6-LeaderElection14] INFO  impl.LeaderElection (LogUtils.java:infoOrTrace(137)) -   Exception 0: java.util.concurrent.ExecutionException: org.apache.ratis.thirdparty.io.grpc.StatusRuntimeException: UNAVAILABLE: io exception
2022-10-09 13:05:14,972 [2db59515-9e3b-4889-b4e8-582beecf5a37@group-86BB596B74D6-LeaderElection14] INFO  impl.LeaderElection (LogUtils.java:infoOrTrace(137)) -   Exception 1: java.util.concurrent.ExecutionException: org.apache.ratis.thirdparty.io.grpc.StatusRuntimeException: UNAVAILABLE: io exception
2022-10-09 13:05:14,972 [2db59515-9e3b-4889-b4e8-582beecf5a37@group-86BB596B74D6-LeaderElection14] INFO  impl.LeaderElection (LeaderElection.java:askForVotes(312)) - 2db59515-9e3b-4889-b4e8-582beecf5a37@group-86BB596B74D6-LeaderElection14 ELECTION round 0: result REJECTED
2022-10-09 13:05:14,972 [2db59515-9e3b-4889-b4e8-582beecf5a37@group-86BB596B74D6-LeaderElection14] INFO  server.RaftServer$Division (RaftServerImpl.java:setRole(299)) - 2db59515-9e3b-4889-b4e8-582beecf5a37@group-86BB596B74D6: changes role from CANDIDATE to FOLLOWER at term 5 for REJECTED
2022-10-09 13:05:14,972 [2db59515-9e3b-4889-b4e8-582beecf5a37@group-86BB596B74D6-LeaderElection14] INFO  impl.RoleInfo (RoleInfo.java:shutdownLeaderElection(130)) - 2db59515-9e3b-4889-b4e8-582beecf5a37: shutdown 2db59515-9e3b-4889-b4e8-582beecf5a37@group-86BB596B74D6-LeaderElection14
2022-10-09 13:05:14,972 [2db59515-9e3b-4889-b4e8-582beecf5a37@group-86BB596B74D6-LeaderElection14] INFO  impl.RoleInfo (RoleInfo.java:updateAndGet(139)) - 2db59515-9e3b-4889-b4e8-582beecf5a37: start 2db59515-9e3b-4889-b4e8-582beecf5a37@group-86BB596B74D6-FollowerState
2022-10-09 13:05:14,976 [Listener at 127.0.0.1/37457] INFO  server.RaftServer (RaftServerProxy.java:lambda$close$7(398)) - e5f66691-da51-4e4f-9357-5009f52741ee: close
2022-10-09 13:05:14,976 [Listener at 127.0.0.1/37457] INFO  server.RaftServer$Division (RaftServerImpl.java:lambda$close$4(434)) - e5f66691-da51-4e4f-9357-5009f52741ee@group-FF4A8E323938: shutdown
2022-10-09 13:05:14,977 [Listener at 127.0.0.1/37457] INFO  util.JmxRegister (JmxRegister.java:unregister(73)) - Successfully un-registered JMX Bean with object name Ratis:service=RaftServer,group=group-FF4A8E323938,id=e5f66691-da51-4e4f-9357-5009f52741ee
2022-10-09 13:05:14,977 [Listener at 127.0.0.1/37457] INFO  impl.RoleInfo (RoleInfo.java:shutdownLeaderState(93)) - e5f66691-da51-4e4f-9357-5009f52741ee: shutdown e5f66691-da51-4e4f-9357-5009f52741ee@group-FF4A8E323938-LeaderStateImpl
2022-10-09 13:05:14,977 [Listener at 127.0.0.1/37457] INFO  impl.PendingRequests (PendingRequests.java:sendNotLeaderResponses(282)) - e5f66691-da51-4e4f-9357-5009f52741ee@group-FF4A8E323938-PendingRequests: sendNotLeaderResponses
2022-10-09 13:05:14,978 [Listener at 127.0.0.1/37457] INFO  impl.StateMachineUpdater (StateMachineUpdater.java:stopAndJoin(153)) - e5f66691-da51-4e4f-9357-5009f52741ee@group-FF4A8E323938-StateMachineUpdater: set stopIndex = 0
2022-10-09 13:05:14,978 [e5f66691-da51-4e4f-9357-5009f52741ee@group-FF4A8E323938-StateMachineUpdater] INFO  ratis.ContainerStateMachine (ContainerStateMachine.java:takeSnapshot(304)) - group-FF4A8E323938: Taking a snapshot at:(t:1, i:0) file /home/runner/work/ozone/ozone/hadoop-ozone/integration-test/target/test-dir/MiniOzoneClusterImpl-6b6317f5-37ef-4289-9029-d6045239d9e9/datanode-4/data/ratis/4dcf4643-7d01-4af2-a896-ff4a8e323938/sm/snapshot.1_0
2022-10-09 13:05:14,979 [e5f66691-da51-4e4f-9357-5009f52741ee@group-FF4A8E323938-StateMachineUpdater] INFO  ratis.ContainerStateMachine (ContainerStateMachine.java:takeSnapshot(315)) - group-FF4A8E323938: Finished taking a snapshot at:(t:1, i:0) file:/home/runner/work/ozone/ozone/hadoop-ozone/integration-test/target/test-dir/MiniOzoneClusterImpl-6b6317f5-37ef-4289-9029-d6045239d9e9/datanode-4/data/ratis/4dcf4643-7d01-4af2-a896-ff4a8e323938/sm/snapshot.1_0 took: 1 ms
2022-10-09 13:05:14,979 [e5f66691-da51-4e4f-9357-5009f52741ee@group-FF4A8E323938-StateMachineUpdater] INFO  impl.StateMachineUpdater (StateMachineUpdater.java:takeSnapshot(287)) - e5f66691-da51-4e4f-9357-5009f52741ee@group-FF4A8E323938-StateMachineUpdater: Took a snapshot at index 0
2022-10-09 13:05:14,979 [e5f66691-da51-4e4f-9357-5009f52741ee@group-FF4A8E323938-StateMachineUpdater] INFO  impl.StateMachineUpdater (StateMachineUpdater.java:lambda$new$0(92)) - e5f66691-da51-4e4f-9357-5009f52741ee@group-FF4A8E323938-StateMachineUpdater: snapshotIndex: updateIncreasingly -1 -> 0
2022-10-09 13:05:14,979 [Listener at 127.0.0.1/37457] INFO  server.RaftServer$Division (ServerState.java:close(429)) - e5f66691-da51-4e4f-9357-5009f52741ee@group-FF4A8E323938: closes. applyIndex: 0
2022-10-09 13:05:14,980 [e5f66691-da51-4e4f-9357-5009f52741ee@group-FF4A8E323938-SegmentedRaftLogWorker] INFO  segmented.SegmentedRaftLogWorker (SegmentedRaftLogWorker.java:run(336)) - e5f66691-da51-4e4f-9357-5009f52741ee@group-FF4A8E323938-SegmentedRaftLogWorker was interrupted, exiting. There are 0 tasks remaining in the queue.
2022-10-09 13:05:14,980 [Listener at 127.0.0.1/37457] INFO  segmented.SegmentedRaftLogWorker (SegmentedRaftLogWorker.java:close(246)) - e5f66691-da51-4e4f-9357-5009f52741ee@group-FF4A8E323938-SegmentedRaftLogWorker close()
2022-10-09 13:05:14,981 [Listener at 127.0.0.1/37457] INFO  server.GrpcService (GrpcService.java:closeImpl(269)) - e5f66691-da51-4e4f-9357-5009f52741ee: shutdown server with port 46869 now
2022-10-09 13:05:14,982 [Listener at 127.0.0.1/37457] INFO  server.GrpcService (GrpcService.java:closeImpl(278)) - e5f66691-da51-4e4f-9357-5009f52741ee: shutdown server with port 46869 successfully
2022-10-09 13:05:14,984 [org.apache.ratis.util.JvmPauseMonitor$$Lambda$636/1153107596@108d4478] INFO  util.JvmPauseMonitor (JvmPauseMonitor.java:run(109)) - JvmPauseMonitor-e5f66691-da51-4e4f-9357-5009f52741ee: Stopped
2022-10-09 13:05:14,988 [ForkJoinPool.commonPool-worker-1] INFO  ozoneimpl.OzoneContainer (OzoneContainer.java:stop(400)) - Attempting to stop container services.
2022-10-09 13:05:14,988 [ForkJoinPool.commonPool-worker-1] INFO  server.RaftServer (RaftServerProxy.java:lambda$close$7(398)) - 2db59515-9e3b-4889-b4e8-582beecf5a37: close
2022-10-09 13:05:14,988 [ForkJoinPool.commonPool-worker-1] INFO  server.RaftServer$Division (RaftServerImpl.java:lambda$close$4(434)) - 2db59515-9e3b-4889-b4e8-582beecf5a37@group-57B89B3A680D: shutdown
2022-10-09 13:05:14,988 [ForkJoinPool.commonPool-worker-1] INFO  util.JmxRegister (JmxRegister.java:unregister(73)) - Successfully un-registered JMX Bean with object name Ratis:service=RaftServer,group=group-57B89B3A680D,id=2db59515-9e3b-4889-b4e8-582beecf5a37
2022-10-09 13:05:14,989 [ForkJoinPool.commonPool-worker-1] INFO  impl.RoleInfo (RoleInfo.java:shutdownLeaderState(93)) - 2db59515-9e3b-4889-b4e8-582beecf5a37: shutdown 2db59515-9e3b-4889-b4e8-582beecf5a37@group-57B89B3A680D-LeaderStateImpl
2022-10-09 13:05:14,989 [ForkJoinPool.commonPool-worker-1] INFO  impl.PendingRequests (PendingRequests.java:sendNotLeaderResponses(282)) - 2db59515-9e3b-4889-b4e8-582beecf5a37@group-57B89B3A680D-PendingRequests: sendNotLeaderResponses
2022-10-09 13:05:14,989 [ForkJoinPool.commonPool-worker-1] INFO  impl.StateMachineUpdater (StateMachineUpdater.java:stopAndJoin(153)) - 2db59515-9e3b-4889-b4e8-582beecf5a37@group-57B89B3A680D-StateMachineUpdater: set stopIndex = 0
2022-10-09 13:05:14,989 [2db59515-9e3b-4889-b4e8-582beecf5a37@group-57B89B3A680D-StateMachineUpdater] INFO  ratis.ContainerStateMachine (ContainerStateMachine.java:takeSnapshot(304)) - group-57B89B3A680D: Taking a snapshot at:(t:1, i:0) file /home/runner/work/ozone/ozone/hadoop-ozone/integration-test/target/test-dir/MiniOzoneClusterImpl-6b6317f5-37ef-4289-9029-d6045239d9e9/datanode-0/data/ratis/2a46c7ac-7320-4d26-8170-57b89b3a680d/sm/snapshot.1_0
2022-10-09 13:05:14,990 [2db59515-9e3b-4889-b4e8-582beecf5a37@group-57B89B3A680D-StateMachineUpdater] INFO  ratis.ContainerStateMachine (ContainerStateMachine.java:takeSnapshot(315)) - group-57B89B3A680D: Finished taking a snapshot at:(t:1, i:0) file:/home/runner/work/ozone/ozone/hadoop-ozone/integration-test/target/test-dir/MiniOzoneClusterImpl-6b6317f5-37ef-4289-9029-d6045239d9e9/datanode-0/data/ratis/2a46c7ac-7320-4d26-8170-57b89b3a680d/sm/snapshot.1_0 took: 1 ms
2022-10-09 13:05:14,990 [2db59515-9e3b-4889-b4e8-582beecf5a37@group-57B89B3A680D-StateMachineUpdater] INFO  impl.StateMachineUpdater (StateMachineUpdater.java:takeSnapshot(287)) - 2db59515-9e3b-4889-b4e8-582beecf5a37@group-57B89B3A680D-StateMachineUpdater: Took a snapshot at index 0
2022-10-09 13:05:14,990 [2db59515-9e3b-4889-b4e8-582beecf5a37@group-57B89B3A680D-StateMachineUpdater] INFO  impl.StateMachineUpdater (StateMachineUpdater.java:lambda$new$0(92)) - 2db59515-9e3b-4889-b4e8-582beecf5a37@group-57B89B3A680D-StateMachineUpdater: snapshotIndex: updateIncreasingly -1 -> 0
2022-10-09 13:05:14,991 [ForkJoinPool.commonPool-worker-1] INFO  server.RaftServer$Division (ServerState.java:close(429)) - 2db59515-9e3b-4889-b4e8-582beecf5a37@group-57B89B3A680D: closes. applyIndex: 0
2022-10-09 13:05:14,991 [2db59515-9e3b-4889-b4e8-582beecf5a37@group-57B89B3A680D-SegmentedRaftLogWorker] INFO  segmented.SegmentedRaftLogWorker (SegmentedRaftLogWorker.java:run(336)) - 2db59515-9e3b-4889-b4e8-582beecf5a37@group-57B89B3A680D-SegmentedRaftLogWorker was interrupted, exiting. There are 0 tasks remaining in the queue.
2022-10-09 13:05:14,991 [ForkJoinPool.commonPool-worker-1] INFO  segmented.SegmentedRaftLogWorker (SegmentedRaftLogWorker.java:close(246)) - 2db59515-9e3b-4889-b4e8-582beecf5a37@group-57B89B3A680D-SegmentedRaftLogWorker close()
2022-10-09 13:05:14,992 [ForkJoinPool.commonPool-worker-1] INFO  server.RaftServer$Division (RaftServerImpl.java:lambda$close$4(434)) - 2db59515-9e3b-4889-b4e8-582beecf5a37@group-86BB596B74D6: shutdown
2022-10-09 13:05:14,993 [ForkJoinPool.commonPool-worker-1] INFO  util.JmxRegister (JmxRegister.java:unregister(73)) - Successfully un-registered JMX Bean with object name Ratis:service=RaftServer,group=group-86BB596B74D6,id=2db59515-9e3b-4889-b4e8-582beecf5a37
2022-10-09 13:05:14,993 [ForkJoinPool.commonPool-worker-1] INFO  impl.RoleInfo (RoleInfo.java:shutdownFollowerState(110)) - 2db59515-9e3b-4889-b4e8-582beecf5a37: shutdown 2db59515-9e3b-4889-b4e8-582beecf5a37@group-86BB596B74D6-FollowerState
2022-10-09 13:05:14,993 [ForkJoinPool.commonPool-worker-1] INFO  impl.StateMachineUpdater (StateMachineUpdater.java:stopAndJoin(153)) - 2db59515-9e3b-4889-b4e8-582beecf5a37@group-86BB596B74D6-StateMachineUpdater: set stopIndex = 26
2022-10-09 13:05:14,993 [2db59515-9e3b-4889-b4e8-582beecf5a37@group-86BB596B74D6-FollowerState] INFO  impl.FollowerState (FollowerState.java:run(152)) - 2db59515-9e3b-4889-b4e8-582beecf5a37@group-86BB596B74D6-FollowerState was interrupted
2022-10-09 13:05:14,995 [2db59515-9e3b-4889-b4e8-582beecf5a37@group-86BB596B74D6-StateMachineUpdater] INFO  ratis.ContainerStateMachine (ContainerStateMachine.java:takeSnapshot(304)) - group-86BB596B74D6: Taking a snapshot at:(t:3, i:26) file /home/runner/work/ozone/ozone/hadoop-ozone/integration-test/target/test-dir/MiniOzoneClusterImpl-6b6317f5-37ef-4289-9029-d6045239d9e9/datanode-0/data/ratis/231a8a19-f884-4bf7-9930-86bb596b74d6/sm/snapshot.3_26
2022-10-09 13:05:14,997 [2db59515-9e3b-4889-b4e8-582beecf5a37@group-86BB596B74D6-StateMachineUpdater] INFO  ratis.ContainerStateMachine (ContainerStateMachine.java:takeSnapshot(315)) - group-86BB596B74D6: Finished taking a snapshot at:(t:3, i:26) file:/home/runner/work/ozone/ozone/hadoop-ozone/integration-test/target/test-dir/MiniOzoneClusterImpl-6b6317f5-37ef-4289-9029-d6045239d9e9/datanode-0/data/ratis/231a8a19-f884-4bf7-9930-86bb596b74d6/sm/snapshot.3_26 took: 4 ms
2022-10-09 13:05:14,998 [2db59515-9e3b-4889-b4e8-582beecf5a37@group-86BB596B74D6-StateMachineUpdater] INFO  impl.StateMachineUpdater (StateMachineUpdater.java:takeSnapshot(287)) - 2db59515-9e3b-4889-b4e8-582beecf5a37@group-86BB596B74D6-StateMachineUpdater: Took a snapshot at index 26
2022-10-09 13:05:14,998 [2db59515-9e3b-4889-b4e8-582beecf5a37@group-86BB596B74D6-StateMachineUpdater] INFO  impl.StateMachineUpdater (StateMachineUpdater.java:lambda$new$0(92)) - 2db59515-9e3b-4889-b4e8-582beecf5a37@group-86BB596B74D6-StateMachineUpdater: snapshotIndex: updateIncreasingly -1 -> 26
2022-10-09 13:05:14,998 [ForkJoinPool.commonPool-worker-1] INFO  server.RaftServer$Division (ServerState.java:close(429)) - 2db59515-9e3b-4889-b4e8-582beecf5a37@group-86BB596B74D6: closes. applyIndex: 26
2022-10-09 13:05:14,998 [2db59515-9e3b-4889-b4e8-582beecf5a37@group-86BB596B74D6-SegmentedRaftLogWorker] INFO  segmented.SegmentedRaftLogWorker (SegmentedRaftLogWorker.java:run(336)) - 2db59515-9e3b-4889-b4e8-582beecf5a37@group-86BB596B74D6-SegmentedRaftLogWorker was interrupted, exiting. There are 0 tasks remaining in the queue.
2022-10-09 13:05:14,999 [ForkJoinPool.commonPool-worker-1] INFO  segmented.SegmentedRaftLogWorker (SegmentedRaftLogWorker.java:close(246)) - 2db59515-9e3b-4889-b4e8-582beecf5a37@group-86BB596B74D6-SegmentedRaftLogWorker close()
2022-10-09 13:05:15,000 [ForkJoinPool.commonPool-worker-1] INFO  server.RaftServer$Division (RaftServerImpl.java:lambda$close$4(434)) - 2db59515-9e3b-4889-b4e8-582beecf5a37@group-AA03175ED787: shutdown
2022-10-09 13:05:15,000 [ForkJoinPool.commonPool-worker-1] INFO  util.JmxRegister (JmxRegister.java:unregister(73)) - Successfully un-registered JMX Bean with object name Ratis:service=RaftServer,group=group-AA03175ED787,id=2db59515-9e3b-4889-b4e8-582beecf5a37
2022-10-09 13:05:15,000 [ForkJoinPool.commonPool-worker-1] INFO  impl.RoleInfo (RoleInfo.java:shutdownFollowerState(110)) - 2db59515-9e3b-4889-b4e8-582beecf5a37: shutdown 2db59515-9e3b-4889-b4e8-582beecf5a37@group-AA03175ED787-FollowerState
2022-10-09 13:05:15,000 [ForkJoinPool.commonPool-worker-1] INFO  impl.StateMachineUpdater (StateMachineUpdater.java:stopAndJoin(153)) - 2db59515-9e3b-4889-b4e8-582beecf5a37@group-AA03175ED787-StateMachineUpdater: set stopIndex = 4
2022-10-09 13:05:15,000 [2db59515-9e3b-4889-b4e8-582beecf5a37@group-AA03175ED787-FollowerState] INFO  impl.FollowerState (FollowerState.java:run(152)) - 2db59515-9e3b-4889-b4e8-582beecf5a37@group-AA03175ED787-FollowerState was interrupted
2022-10-09 13:05:15,000 [2db59515-9e3b-4889-b4e8-582beecf5a37@group-AA03175ED787-StateMachineUpdater] INFO  ratis.ContainerStateMachine (ContainerStateMachine.java:takeSnapshot(304)) - group-AA03175ED787: Taking a snapshot at:(t:3, i:4) file /home/runner/work/ozone/ozone/hadoop-ozone/integration-test/target/test-dir/MiniOzoneClusterImpl-6b6317f5-37ef-4289-9029-d6045239d9e9/datanode-0/data/ratis/b9e13c73-24e8-4f98-abb1-aa03175ed787/sm/snapshot.3_4
2022-10-09 13:05:15,001 [2db59515-9e3b-4889-b4e8-582beecf5a37@group-AA03175ED787-StateMachineUpdater] INFO  ratis.ContainerStateMachine (ContainerStateMachine.java:takeSnapshot(315)) - group-AA03175ED787: Finished taking a snapshot at:(t:3, i:4) file:/home/runner/work/ozone/ozone/hadoop-ozone/integration-test/target/test-dir/MiniOzoneClusterImpl-6b6317f5-37ef-4289-9029-d6045239d9e9/datanode-0/data/ratis/b9e13c73-24e8-4f98-abb1-aa03175ed787/sm/snapshot.3_4 took: 2 ms
2022-10-09 13:05:15,002 [2db59515-9e3b-4889-b4e8-582beecf5a37@group-AA03175ED787-StateMachineUpdater] INFO  impl.StateMachineUpdater (StateMachineUpdater.java:takeSnapshot(287)) - 2db59515-9e3b-4889-b4e8-582beecf5a37@group-AA03175ED787-StateMachineUpdater: Took a snapshot at index 4
2022-10-09 13:05:15,002 [2db59515-9e3b-4889-b4e8-582beecf5a37@group-AA03175ED787-StateMachineUpdater] INFO  impl.StateMachineUpdater (StateMachineUpdater.java:lambda$new$0(92)) - 2db59515-9e3b-4889-b4e8-582beecf5a37@group-AA03175ED787-StateMachineUpdater: snapshotIndex: updateIncreasingly -1 -> 4
2022-10-09 13:05:15,004 [ForkJoinPool.commonPool-worker-1] INFO  server.RaftServer$Division (ServerState.java:close(429)) - 2db59515-9e3b-4889-b4e8-582beecf5a37@group-AA03175ED787: closes. applyIndex: 4
2022-10-09 13:05:15,004 [2db59515-9e3b-4889-b4e8-582beecf5a37@group-AA03175ED787-SegmentedRaftLogWorker] INFO  segmented.SegmentedRaftLogWorker (SegmentedRaftLogWorker.java:run(336)) - 2db59515-9e3b-4889-b4e8-582beecf5a37@group-AA03175ED787-SegmentedRaftLogWorker was interrupted, exiting. There are 0 tasks remaining in the queue.
2022-10-09 13:05:15,007 [ForkJoinPool.commonPool-worker-1] INFO  segmented.SegmentedRaftLogWorker (SegmentedRaftLogWorker.java:close(246)) - 2db59515-9e3b-4889-b4e8-582beecf5a37@group-AA03175ED787-SegmentedRaftLogWorker close()
2022-10-09 13:05:15,008 [ForkJoinPool.commonPool-worker-1] INFO  server.GrpcService (GrpcService.java:closeImpl(269)) - 2db59515-9e3b-4889-b4e8-582beecf5a37: shutdown server with port 43077 now
2022-10-09 13:05:15,012 [ForkJoinPool.commonPool-worker-1] INFO  server.GrpcService (GrpcService.java:closeImpl(278)) - 2db59515-9e3b-4889-b4e8-582beecf5a37: shutdown server with port 43077 successfully
2022-10-09 13:05:15,012 [org.apache.ratis.util.JvmPauseMonitor$$Lambda$636/1153107596@6d2f6cc2] INFO  util.JvmPauseMonitor (JvmPauseMonitor.java:run(109)) - JvmPauseMonitor-2db59515-9e3b-4889-b4e8-582beecf5a37: Stopped
2022-10-09 13:05:15,811 [Under Replicated Processor] INFO  replication.UnderReplicatedProcessor (UnderReplicatedProcessor.java:processAll(92)) - Processed 0 under replicated containers, failed processing 0
2022-10-09 13:05:15,818 [Over Replicated Processor] INFO  replication.OverReplicatedProcessor (OverReplicatedProcessor.java:processAll(90)) - Processed 0 over replicated containers, failed processing 0
2022-10-09 13:05:16,997 [Listener at 127.0.0.1/37457] INFO  utils.BackgroundService (BackgroundService.java:shutdown(141)) - Shutting down service BlockDeletingService
2022-10-09 13:05:17,007 [Listener at 127.0.0.1/37457] INFO  utils.BackgroundService (BackgroundService.java:shutdown(141)) - Shutting down service StaleRecoveringContainerScrubbingService
2022-10-09 13:05:17,020 [ForkJoinPool.commonPool-worker-1] INFO  utils.BackgroundService (BackgroundService.java:shutdown(141)) - Shutting down service BlockDeletingService
2022-10-09 13:05:17,021 [ForkJoinPool.commonPool-worker-1] INFO  utils.BackgroundService (BackgroundService.java:shutdown(141)) - Shutting down service StaleRecoveringContainerScrubbingService
2022-10-09 13:05:20,009 [Listener at 127.0.0.1/37457] INFO  statemachine.DatanodeStateMachine (DatanodeStateMachine.java:stopDaemon(580)) - Ozone container server stopped.
2022-10-09 13:05:20,018 [Listener at 127.0.0.1/37457] INFO  handler.ContextHandler (ContextHandler.java:doStop(1153)) - Stopped o.e.j.w.WebAppContext@57db6c52{hddsDatanode,/,null,STOPPED}{jar:file:/home/runner/.m2/repository/org/apache/ozone/hdds-container-service/1.3.0-SNAPSHOT/hdds-container-service-1.3.0-SNAPSHOT.jar!/webapps/hddsDatanode}
2022-10-09 13:05:20,023 [ForkJoinPool.commonPool-worker-1] INFO  statemachine.DatanodeStateMachine (DatanodeStateMachine.java:stopDaemon(580)) - Ozone container server stopped.
2022-10-09 13:05:20,032 [Listener at 127.0.0.1/37457] INFO  server.AbstractConnector (AbstractConnector.java:doStop(381)) - Stopped ServerConnector@7c967c35{HTTP/1.1, (http/1.1)}{0.0.0.0:0}
2022-10-09 13:05:20,032 [Listener at 127.0.0.1/37457] INFO  server.session (HouseKeeper.java:stopScavenging(149)) - node0 Stopped scavenging
2022-10-09 13:05:20,034 [Listener at 127.0.0.1/37457] INFO  handler.ContextHandler (ContextHandler.java:doStop(1153)) - Stopped o.e.j.s.ServletContextHandler@14b4fcf0{static,/static,jar:file:/home/runner/.m2/repository/org/apache/ozone/hdds-container-service/1.3.0-SNAPSHOT/hdds-container-service-1.3.0-SNAPSHOT.jar!/webapps/static,STOPPED}
2022-10-09 13:05:20,035 [Listener at 127.0.0.1/37457] INFO  handler.ContextHandler (ContextHandler.java:doStop(1153)) - Stopped o.e.j.s.ServletContextHandler@67c5a4cc{logs,/logs,file:///home/runner/work/ozone/ozone/hadoop-ozone/integration-test/target/log,STOPPED}
2022-10-09 13:05:20,060 [ForkJoinPool.commonPool-worker-1] INFO  handler.ContextHandler (ContextHandler.java:doStop(1153)) - Stopped o.e.j.w.WebAppContext@1c8d42d6{hddsDatanode,/,null,STOPPED}{jar:file:/home/runner/.m2/repository/org/apache/ozone/hdds-container-service/1.3.0-SNAPSHOT/hdds-container-service-1.3.0-SNAPSHOT.jar!/webapps/hddsDatanode}
2022-10-09 13:05:20,060 [ForkJoinPool.commonPool-worker-1] INFO  server.AbstractConnector (AbstractConnector.java:doStop(381)) - Stopped ServerConnector@6e5aeedf{HTTP/1.1, (http/1.1)}{0.0.0.0:0}
2022-10-09 13:05:20,060 [ForkJoinPool.commonPool-worker-1] INFO  server.session (HouseKeeper.java:stopScavenging(149)) - node0 Stopped scavenging
2022-10-09 13:05:20,066 [ForkJoinPool.commonPool-worker-1] INFO  handler.ContextHandler (ContextHandler.java:doStop(1153)) - Stopped o.e.j.s.ServletContextHandler@6ae0e411{static,/static,jar:file:/home/runner/.m2/repository/org/apache/ozone/hdds-container-service/1.3.0-SNAPSHOT/hdds-container-service-1.3.0-SNAPSHOT.jar!/webapps/static,STOPPED}
2022-10-09 13:05:20,070 [ForkJoinPool.commonPool-worker-1] INFO  handler.ContextHandler (ContextHandler.java:doStop(1153)) - Stopped o.e.j.s.ServletContextHandler@158a50a1{logs,/logs,file:///home/runner/work/ozone/ozone/hadoop-ozone/integration-test/target/log,STOPPED}
2022-10-09 13:05:25,044 [Listener at 127.0.0.1/37457] INFO  ozoneimpl.OzoneContainer (OzoneContainer.java:stop(400)) - Attempting to stop container services.
2022-10-09 13:05:25,044 [Listener at 127.0.0.1/37457] INFO  server.RaftServer (RaftServerProxy.java:lambda$close$7(398)) - 1b6ed2ab-cf30-442c-a8fc-fc354f6c4d2f: close
2022-10-09 13:05:25,045 [Listener at 127.0.0.1/37457] INFO  server.RaftServer$Division (RaftServerImpl.java:lambda$close$4(434)) - 1b6ed2ab-cf30-442c-a8fc-fc354f6c4d2f@group-65BC4B004EED: shutdown
2022-10-09 13:05:25,045 [Listener at 127.0.0.1/37457] INFO  util.JmxRegister (JmxRegister.java:unregister(73)) - Successfully un-registered JMX Bean with object name Ratis:service=RaftServer,group=group-65BC4B004EED,id=1b6ed2ab-cf30-442c-a8fc-fc354f6c4d2f
2022-10-09 13:05:25,045 [Listener at 127.0.0.1/37457] INFO  impl.RoleInfo (RoleInfo.java:shutdownLeaderState(93)) - 1b6ed2ab-cf30-442c-a8fc-fc354f6c4d2f: shutdown 1b6ed2ab-cf30-442c-a8fc-fc354f6c4d2f@group-65BC4B004EED-LeaderStateImpl
2022-10-09 13:05:25,045 [Listener at 127.0.0.1/37457] INFO  impl.PendingRequests (PendingRequests.java:sendNotLeaderResponses(282)) - 1b6ed2ab-cf30-442c-a8fc-fc354f6c4d2f@group-65BC4B004EED-PendingRequests: sendNotLeaderResponses
2022-10-09 13:05:25,046 [1b6ed2ab-cf30-442c-a8fc-fc354f6c4d2f@group-65BC4B004EED-StateMachineUpdater] INFO  ratis.ContainerStateMachine (ContainerStateMachine.java:takeSnapshot(304)) - group-65BC4B004EED: Taking a snapshot at:(t:1, i:0) file /home/runner/work/ozone/ozone/hadoop-ozone/integration-test/target/test-dir/MiniOzoneClusterImpl-6b6317f5-37ef-4289-9029-d6045239d9e9/datanode-3/data/ratis/a6f12d9b-10d4-47fc-90a7-65bc4b004eed/sm/snapshot.1_0
2022-10-09 13:05:25,047 [Listener at 127.0.0.1/37457] INFO  impl.StateMachineUpdater (StateMachineUpdater.java:stopAndJoin(153)) - 1b6ed2ab-cf30-442c-a8fc-fc354f6c4d2f@group-65BC4B004EED-StateMachineUpdater: set stopIndex = 0
2022-10-09 13:05:25,048 [1b6ed2ab-cf30-442c-a8fc-fc354f6c4d2f@group-65BC4B004EED-StateMachineUpdater] INFO  ratis.ContainerStateMachine (ContainerStateMachine.java:takeSnapshot(315)) - group-65BC4B004EED: Finished taking a snapshot at:(t:1, i:0) file:/home/runner/work/ozone/ozone/hadoop-ozone/integration-test/target/test-dir/MiniOzoneClusterImpl-6b6317f5-37ef-4289-9029-d6045239d9e9/datanode-3/data/ratis/a6f12d9b-10d4-47fc-90a7-65bc4b004eed/sm/snapshot.1_0 took: 3 ms
2022-10-09 13:05:25,049 [1b6ed2ab-cf30-442c-a8fc-fc354f6c4d2f@group-65BC4B004EED-StateMachineUpdater] INFO  impl.StateMachineUpdater (StateMachineUpdater.java:takeSnapshot(287)) - 1b6ed2ab-cf30-442c-a8fc-fc354f6c4d2f@group-65BC4B004EED-StateMachineUpdater: Took a snapshot at index 0
2022-10-09 13:05:25,049 [1b6ed2ab-cf30-442c-a8fc-fc354f6c4d2f@group-65BC4B004EED-StateMachineUpdater] INFO  impl.StateMachineUpdater (StateMachineUpdater.java:lambda$new$0(92)) - 1b6ed2ab-cf30-442c-a8fc-fc354f6c4d2f@group-65BC4B004EED-StateMachineUpdater: snapshotIndex: updateIncreasingly -1 -> 0
2022-10-09 13:05:25,049 [Listener at 127.0.0.1/37457] INFO  server.RaftServer$Division (ServerState.java:close(429)) - 1b6ed2ab-cf30-442c-a8fc-fc354f6c4d2f@group-65BC4B004EED: closes. applyIndex: 0
2022-10-09 13:05:25,050 [1b6ed2ab-cf30-442c-a8fc-fc354f6c4d2f@group-65BC4B004EED-SegmentedRaftLogWorker] INFO  segmented.SegmentedRaftLogWorker (SegmentedRaftLogWorker.java:run(336)) - 1b6ed2ab-cf30-442c-a8fc-fc354f6c4d2f@group-65BC4B004EED-SegmentedRaftLogWorker was interrupted, exiting. There are 0 tasks remaining in the queue.
2022-10-09 13:05:25,050 [Listener at 127.0.0.1/37457] INFO  segmented.SegmentedRaftLogWorker (SegmentedRaftLogWorker.java:close(246)) - 1b6ed2ab-cf30-442c-a8fc-fc354f6c4d2f@group-65BC4B004EED-SegmentedRaftLogWorker close()
2022-10-09 13:05:25,053 [Listener at 127.0.0.1/37457] INFO  server.GrpcService (GrpcService.java:closeImpl(269)) - 1b6ed2ab-cf30-442c-a8fc-fc354f6c4d2f: shutdown server with port 41789 now
2022-10-09 13:05:25,060 [Listener at 127.0.0.1/37457] INFO  server.GrpcService (GrpcService.java:closeImpl(278)) - 1b6ed2ab-cf30-442c-a8fc-fc354f6c4d2f: shutdown server with port 41789 successfully
2022-10-09 13:05:25,061 [org.apache.ratis.util.JvmPauseMonitor$$Lambda$636/1153107596@4f7a9cf3] INFO  util.JvmPauseMonitor (JvmPauseMonitor.java:run(109)) - JvmPauseMonitor-1b6ed2ab-cf30-442c-a8fc-fc354f6c4d2f: Stopped
2022-10-09 13:05:27,077 [Listener at 127.0.0.1/37457] INFO  utils.BackgroundService (BackgroundService.java:shutdown(141)) - Shutting down service BlockDeletingService
2022-10-09 13:05:27,078 [Listener at 127.0.0.1/37457] INFO  utils.BackgroundService (BackgroundService.java:shutdown(141)) - Shutting down service StaleRecoveringContainerScrubbingService
2022-10-09 13:05:30,100 [Listener at 127.0.0.1/37457] INFO  statemachine.DatanodeStateMachine (DatanodeStateMachine.java:stopDaemon(580)) - Ozone container server stopped.
2022-10-09 13:05:30,113 [Listener at 127.0.0.1/37457] INFO  handler.ContextHandler (ContextHandler.java:doStop(1153)) - Stopped o.e.j.w.WebAppContext@1459dcbe{hddsDatanode,/,null,STOPPED}{jar:file:/home/runner/.m2/repository/org/apache/ozone/hdds-container-service/1.3.0-SNAPSHOT/hdds-container-service-1.3.0-SNAPSHOT.jar!/webapps/hddsDatanode}
2022-10-09 13:05:30,113 [Listener at 127.0.0.1/37457] INFO  server.AbstractConnector (AbstractConnector.java:doStop(381)) - Stopped ServerConnector@2b381c76{HTTP/1.1, (http/1.1)}{0.0.0.0:0}
2022-10-09 13:05:30,113 [Listener at 127.0.0.1/37457] INFO  server.session (HouseKeeper.java:stopScavenging(149)) - node0 Stopped scavenging
2022-10-09 13:05:30,114 [Listener at 127.0.0.1/37457] INFO  handler.ContextHandler (ContextHandler.java:doStop(1153)) - Stopped o.e.j.s.ServletContextHandler@672b0f0a{static,/static,jar:file:/home/runner/.m2/repository/org/apache/ozone/hdds-container-service/1.3.0-SNAPSHOT/hdds-container-service-1.3.0-SNAPSHOT.jar!/webapps/static,STOPPED}
2022-10-09 13:05:30,116 [Listener at 127.0.0.1/37457] INFO  handler.ContextHandler (ContextHandler.java:doStop(1153)) - Stopped o.e.j.s.ServletContextHandler@630e4063{logs,/logs,file:///home/runner/work/ozone/ozone/hadoop-ozone/integration-test/target/log,STOPPED}
2022-10-09 13:05:30,119 [Listener at 127.0.0.1/37457] INFO  ozone.MiniOzoneClusterImpl (MiniOzoneClusterImpl.java:stopSCM(537)) - Stopping the StorageContainerManager
2022-10-09 13:05:30,119 [Listener at 127.0.0.1/37457] INFO  server.StorageContainerManager (StorageContainerManager.java:stop(1528)) - Container Balancer is not running.
2022-10-09 13:05:30,119 [Listener at 127.0.0.1/37457] INFO  server.StorageContainerManager (StorageContainerManager.java:stop(1535)) - Stopping Replication Manager Service.
2022-10-09 13:05:30,119 [Listener at 127.0.0.1/37457] INFO  replication.ReplicationManager (ReplicationManager.java:stop(257)) - Stopping Replication Monitor Thread.
2022-10-09 13:05:30,119 [Over Replicated Processor] WARN  replication.OverReplicatedProcessor (OverReplicatedProcessor.java:run(137)) - Over Replicated Processor interrupted. Exiting...
2022-10-09 13:05:30,120 [Under Replicated Processor] WARN  replication.UnderReplicatedProcessor (UnderReplicatedProcessor.java:run(148)) - Under Replicated Processor interrupted. Exiting...
2022-10-09 13:05:30,120 [Listener at 127.0.0.1/37457] INFO  server.StorageContainerManager (StorageContainerManager.java:stop(1542)) - Stopping the Datanode Admin Monitor.
2022-10-09 13:05:30,120 [Listener at 127.0.0.1/37457] INFO  server.StorageContainerManager (StorageContainerManager.java:stop(1549)) - Stopping Lease Manager of the command watchers
2022-10-09 13:05:30,120 [Listener at 127.0.0.1/37457] INFO  server.StorageContainerManager (StorageContainerManager.java:stop(1556)) - Stopping datanode service RPC server
2022-10-09 13:05:30,120 [Listener at 127.0.0.1/37457] INFO  server.SCMDatanodeProtocolServer (SCMDatanodeProtocolServer.java:stop(414)) - Stopping the RPC server for DataNodes
2022-10-09 13:05:30,121 [Listener at 127.0.0.1/37457] INFO  ipc.Server (Server.java:stop(3414)) - Stopping server on 38579
2022-10-09 13:05:30,123 [ReplicationMonitor] INFO  replication.ReplicationManager (ReplicationManager.java:run(509)) - Replication Monitor Thread is stopped
2022-10-09 13:05:30,140 [IPC Server listener on 0] INFO  ipc.Server (Server.java:run(1376)) - Stopping IPC Server listener on 0
2022-10-09 13:05:30,140 [IPC Server Responder] INFO  ipc.Server (Server.java:run(1512)) - Stopping IPC Server Responder
2022-10-09 13:05:30,166 [SCM Heartbeat Processing Thread - 0] WARN  node.NodeStateManager (NodeStateManager.java:scheduleNextHealthCheck(870)) - Current Thread is interrupted, shutting down HB processing thread for Node Manager.
2022-10-09 13:05:30,166 [Listener at 127.0.0.1/37457] INFO  server.StorageContainerManager (StorageContainerManager.java:stop(1564)) - Stopping block service RPC server
2022-10-09 13:05:30,166 [Listener at 127.0.0.1/37457] INFO  server.SCMBlockProtocolServer (SCMBlockProtocolServer.java:stop(161)) - Stopping the RPC server for Block Protocol
2022-10-09 13:05:30,166 [Listener at 127.0.0.1/37457] INFO  ipc.Server (Server.java:stop(3414)) - Stopping server on 38953
2022-10-09 13:05:30,170 [IPC Server listener on 0] INFO  ipc.Server (Server.java:run(1376)) - Stopping IPC Server listener on 0
2022-10-09 13:05:30,170 [Listener at 127.0.0.1/37457] INFO  server.StorageContainerManager (StorageContainerManager.java:stop(1571)) - Stopping the StorageContainerLocationProtocol RPC server
2022-10-09 13:05:30,170 [Listener at 127.0.0.1/37457] INFO  server.SCMClientProtocolServer (SCMClientProtocolServer.java:stop(179)) - Stopping the RPC server for Client Protocol
2022-10-09 13:05:30,171 [Listener at 127.0.0.1/37457] INFO  ipc.Server (Server.java:stop(3414)) - Stopping server on 36937
2022-10-09 13:05:30,171 [IPC Server Responder] INFO  ipc.Server (Server.java:run(1512)) - Stopping IPC Server Responder
2022-10-09 13:05:30,180 [Listener at 127.0.0.1/37457] INFO  server.StorageContainerManager (StorageContainerManager.java:stop(1578)) - Stopping Storage Container Manager HTTP server.
2022-10-09 13:05:30,180 [Listener at 127.0.0.1/37457] INFO  handler.ContextHandler (ContextHandler.java:doStop(1153)) - Stopped o.e.j.w.WebAppContext@a2ca681{scm,/,null,STOPPED}{file:/home/runner/work/ozone/ozone/hadoop-ozone/integration-test/target/test-classes/webapps/scm}
2022-10-09 13:05:30,181 [IPC Server Responder] INFO  ipc.Server (Server.java:run(1512)) - Stopping IPC Server Responder
2022-10-09 13:05:30,181 [IPC Server listener on 0] INFO  ipc.Server (Server.java:run(1376)) - Stopping IPC Server listener on 0
2022-10-09 13:05:30,181 [Listener at 127.0.0.1/37457] INFO  server.AbstractConnector (AbstractConnector.java:doStop(381)) - Stopped ServerConnector@6b64921f{HTTP/1.1, (http/1.1)}{0.0.0.0:0}
2022-10-09 13:05:30,182 [Listener at 127.0.0.1/37457] INFO  server.session (HouseKeeper.java:stopScavenging(149)) - node0 Stopped scavenging
2022-10-09 13:05:30,182 [Listener at 127.0.0.1/37457] INFO  handler.ContextHandler (ContextHandler.java:doStop(1153)) - Stopped o.e.j.s.ServletContextHandler@5ce0f50a{static,/static,file:///home/runner/work/ozone/ozone/hadoop-ozone/integration-test/target/test-classes/webapps/static,STOPPED}
2022-10-09 13:05:30,184 [Listener at 127.0.0.1/37457] INFO  handler.ContextHandler (ContextHandler.java:doStop(1153)) - Stopped o.e.j.s.ServletContextHandler@2e88ad38{logs,/logs,file:///home/runner/work/ozone/ozone/hadoop-ozone/integration-test/target/log,STOPPED}
2022-10-09 13:05:30,185 [Listener at 127.0.0.1/37457] INFO  server.StorageContainerManager (StorageContainerManager.java:stop(1584)) - Stopping SCM LayoutVersionManager Service.
2022-10-09 13:05:30,185 [Listener at 127.0.0.1/37457] INFO  server.StorageContainerManager (StorageContainerManager.java:stop(1592)) - Stopping Block Manager Service.
2022-10-09 13:05:30,185 [Listener at 127.0.0.1/37457] INFO  utils.BackgroundService (BackgroundService.java:shutdown(141)) - Shutting down service SCMBlockDeletingService
2022-10-09 13:05:30,185 [Listener at 127.0.0.1/37457] INFO  utils.BackgroundService (BackgroundService.java:shutdown(141)) - Shutting down service SCMBlockDeletingService
2022-10-09 13:05:30,185 [Listener at 127.0.0.1/37457] INFO  server.StorageContainerManager (StorageContainerManager.java:stop(1619)) - Stopping SCM Event Queue.
2022-10-09 13:05:30,187 [Listener at 127.0.0.1/37457] INFO  server.StorageContainerManager (StorageContainerManager.java:stop(1630)) - Stopping SCM HA services.
2022-10-09 13:05:30,188 [Listener at 127.0.0.1/37457] INFO  pipeline.BackgroundPipelineCreator (BackgroundPipelineCreator.java:stop(149)) - Stopping RatisPipelineUtilsThread.
2022-10-09 13:05:30,188 [RatisPipelineUtilsThread - 0] WARN  pipeline.BackgroundPipelineCreator (BackgroundPipelineCreator.java:run(180)) - RatisPipelineUtilsThread is interrupted.
2022-10-09 13:05:30,188 [BackgroundPipelineScrubberThread] WARN  BackgroundPipelineScrubber (BackgroundSCMService.java:run(115)) - BackgroundPipelineScrubber is interrupted, exit
2022-10-09 13:05:30,188 [Listener at 127.0.0.1/37457] INFO  BackgroundPipelineScrubber (BackgroundSCMService.java:stop(131)) - Stopping BackgroundPipelineScrubber Service.
2022-10-09 13:05:30,189 [Listener at 127.0.0.1/37457] INFO  server.StorageContainerManager (StorageContainerManager.java:stop(1640)) - Stopping SCM MetadataStore.
2022-10-09 13:05:30,196 [Listener at 127.0.0.1/37457] INFO  impl.MetricsSystemImpl (MetricsSystemImpl.java:stop(210)) - Stopping XceiverClientMetrics metrics system...
2022-10-09 13:05:30,199 [prometheus] INFO  impl.MetricsSinkAdapter (MetricsSinkAdapter.java:publishMetricsFromQueue(141)) - prometheus thread interrupted.
2022-10-09 13:05:30,203 [Listener at 127.0.0.1/37457] INFO  impl.MetricsSystemImpl (MetricsSystemImpl.java:stop(216)) - XceiverClientMetrics metrics system stopped.
2022-10-09 13:05:30,408 [Listener at 127.0.0.1/37457] WARN  server.ServerUtils (ServerUtils.java:getScmDbDir(148)) - ozone.scm.db.dirs is not configured. We recommend adding this setting. Falling back to ozone.metadata.dirs instead.
2022-10-09 13:05:30,412 [Listener at 127.0.0.1/37457] WARN  server.ServerUtils (ServerUtils.java:getScmDbDir(148)) - ozone.scm.db.dirs is not configured. We recommend adding this setting. Falling back to ozone.metadata.dirs instead.
2022-10-09 13:05:30,412 [Listener at 127.0.0.1/37457] INFO  ha.SCMHANodeDetails (SCMHANodeDetails.java:loadSCMHAConfig(209)) - ServiceID for StorageContainerManager is null
2022-10-09 13:05:30,412 [Listener at 127.0.0.1/37457] INFO  ha.SCMHANodeDetails (SCMHANodeDetails.java:loadSCMHAConfig(214)) - ozone.scm.default.service.id is not defined, falling back to ozone.scm.service.ids to find serviceID for StorageContainerManager if it is HA enabled cluster
2022-10-09 13:05:30,413 [Listener at 127.0.0.1/37457] WARN  utils.HAUtils (HAUtils.java:getMetaDir(342)) - ozone.scm.db.dirs is not configured. We recommend adding this setting. Falling back to ozone.metadata.dirs instead.
2022-10-09 13:05:30,413 [Listener at 127.0.0.1/37457] WARN  db.DBStoreBuilder (DBStoreBuilder.java:applyDBDefinition(144)) - ozone.scm.db.dirs is not configured. We recommend adding this setting. Falling back to ozone.metadata.dirs instead.
2022-10-09 13:05:30,622 [Listener at 127.0.0.1/37457] INFO  net.NodeSchemaLoader (NodeSchemaLoader.java:loadSchemaFromFile(129)) - Loading schema from [jar:file:/home/runner/.m2/repository/org/apache/ozone/hdds-common/1.3.0-SNAPSHOT/hdds-common-1.3.0-SNAPSHOT.jar!/network-topology-default.xml]
2022-10-09 13:05:30,623 [Listener at 127.0.0.1/37457] INFO  net.NodeSchemaLoader (NodeSchemaLoader.java:loadSchema(176)) - Loading network topology layer schema file
2022-10-09 13:05:30,630 [Listener at 127.0.0.1/37457] INFO  upgrade.AbstractLayoutVersionManager (AbstractLayoutVersionManager.java:init(83)) - Initializing Layout version manager with metadata layout = DATANODE_SCHEMA_V3 (version = 4), software layout = DATANODE_SCHEMA_V3 (version = 4)
2022-10-09 13:05:30,724 [Listener at 127.0.0.1/37457] INFO  reflections.Reflections (Reflections.java:scan(232)) - Reflections took 88 ms to scan 7 urls, producing 135 keys and 327 values 
2022-10-09 13:05:30,727 [Listener at 127.0.0.1/37457] INFO  ha.SequenceIdGenerator (SequenceIdGenerator.java:upgradeToSequenceId(349)) - upgrade localId to 109611004723200000
2022-10-09 13:05:30,727 [Listener at 127.0.0.1/37457] INFO  ha.SequenceIdGenerator (SequenceIdGenerator.java:upgradeToSequenceId(359)) - upgrade delTxnId to 0
2022-10-09 13:05:30,727 [Listener at 127.0.0.1/37457] INFO  ha.SequenceIdGenerator (SequenceIdGenerator.java:upgradeToSequenceId(376)) - upgrade containerId to 0
2022-10-09 13:05:30,727 [Listener at 127.0.0.1/37457] INFO  ha.SequenceIdGenerator (SequenceIdGenerator.java:<init>(220)) - Init the HA SequenceIdGenerator.
2022-10-09 13:05:30,730 [Listener at 127.0.0.1/37457] WARN  server.ServerUtils (ServerUtils.java:sanitizeUserArgs(73)) - ozone.scm.stale.node.interval value = 300000 is larger than max = 100000 based on the key value of ozone.scm.heartbeat.thread.interval, reset to the max value 100000.
2022-10-09 13:05:30,731 [Listener at 127.0.0.1/37457] WARN  server.ServerUtils (ServerUtils.java:sanitizeUserArgs(73)) - ozone.scm.stale.node.interval value = 300000 is larger than max = 100000 based on the key value of ozone.scm.heartbeat.thread.interval, reset to the max value 100000.
2022-10-09 13:05:30,731 [Listener at 127.0.0.1/37457] INFO  node.SCMNodeManager (SCMNodeManager.java:<init>(149)) - Entering startup safe mode.
2022-10-09 13:05:30,732 [Listener at 127.0.0.1/37457] INFO  algorithms.ContainerPlacementPolicyFactory (ContainerPlacementPolicyFactory.java:getPolicyInternal(86)) - Create container placement policy of type org.apache.hadoop.hdds.scm.container.placement.algorithms.SCMContainerPlacementRandom
2022-10-09 13:05:30,732 [Listener at 127.0.0.1/37457] INFO  algorithms.ContainerPlacementPolicyFactory (ContainerPlacementPolicyFactory.java:getPolicyInternal(86)) - Create container placement policy of type org.apache.hadoop.hdds.scm.container.placement.algorithms.SCMContainerPlacementRackScatter
2022-10-09 13:05:30,732 [Listener at 127.0.0.1/37457] INFO  pipeline.PipelineStateManagerImpl (PipelineStateManagerImpl.java:initialize(78)) - No pipeline exists in current db
2022-10-09 13:05:30,732 [Listener at 127.0.0.1/37457] INFO  algorithms.LeaderChoosePolicyFactory (LeaderChoosePolicyFactory.java:getPolicy(57)) - Create leader choose policy of type org.apache.hadoop.hdds.scm.pipeline.leader.choose.algorithms.MinLeaderCountChoosePolicy
2022-10-09 13:05:30,732 [Listener at 127.0.0.1/37457] INFO  algorithms.ContainerPlacementPolicyFactory (ContainerPlacementPolicyFactory.java:getPolicyInternal(86)) - Create container placement policy of type org.apache.hadoop.hdds.scm.container.placement.algorithms.SCMContainerPlacementRackScatter
2022-10-09 13:05:30,732 [Listener at 127.0.0.1/37457] INFO  ha.SCMServiceManager (SCMServiceManager.java:register(42)) - Registering service BackgroundPipelineCreator.
2022-10-09 13:05:30,733 [Listener at 127.0.0.1/37457] INFO  pipeline.BackgroundPipelineCreator (BackgroundPipelineCreator.java:start(124)) - Starting RatisPipelineUtilsThread.
2022-10-09 13:05:30,733 [Listener at 127.0.0.1/37457] INFO  BackgroundPipelineScrubber (BackgroundSCMService.java:start(68)) - Starting BackgroundPipelineScrubber Service.
2022-10-09 13:05:30,733 [Listener at 127.0.0.1/37457] INFO  ha.SCMServiceManager (SCMServiceManager.java:register(42)) - Registering service BackgroundPipelineScrubber.
2022-10-09 13:05:30,733 [Listener at 127.0.0.1/37457] INFO  ExpiredContainerReplicaOpScrubber (BackgroundSCMService.java:start(68)) - Starting ExpiredContainerReplicaOpScrubber Service.
2022-10-09 13:05:30,734 [Listener at 127.0.0.1/37457] INFO  ha.SCMServiceManager (SCMServiceManager.java:register(42)) - Registering service ExpiredContainerReplicaOpScrubber.
2022-10-09 13:05:30,735 [Listener at 127.0.0.1/37457] INFO  algorithms.PipelineChoosePolicyFactory (PipelineChoosePolicyFactory.java:createPipelineChoosePolicyFromClass(73)) - Create pipeline choose policy of type org.apache.hadoop.hdds.scm.pipeline.choose.algorithms.RandomPipelineChoosePolicy
2022-10-09 13:05:30,735 [Listener at 127.0.0.1/37457] INFO  ha.SCMServiceManager (SCMServiceManager.java:register(42)) - Registering service SCMBlockDeletingService.
2022-10-09 13:05:30,735 [Listener at 127.0.0.1/37457] INFO  replication.ReplicationManager (ReplicationManager.java:start(223)) - Starting Replication Monitor Thread.
2022-10-09 13:05:30,736 [Listener at 127.0.0.1/37457] INFO  ha.SCMServiceManager (SCMServiceManager.java:register(42)) - Registering service ReplicationManager.
2022-10-09 13:05:30,736 [Listener at 127.0.0.1/37457] INFO  safemode.ContainerSafeModeRule (ContainerSafeModeRule.java:<init>(89)) - containers with one replica threshold count 0
2022-10-09 13:05:30,737 [Listener at 127.0.0.1/37457] INFO  safemode.HealthyPipelineSafeModeRule (HealthyPipelineSafeModeRule.java:initializeRule(169)) - Total pipeline count is 0, healthy pipeline threshold count is 1
2022-10-09 13:05:30,737 [Listener at 127.0.0.1/37457] INFO  safemode.OneReplicaPipelineSafeModeRule (OneReplicaPipelineSafeModeRule.java:initializeRule(180)) - Total pipeline count is 0, pipeline's with at least one datanode reported threshold count is 0
2022-10-09 13:05:30,737 [Listener at 127.0.0.1/37457] INFO  ipc.CallQueueManager (CallQueueManager.java:<init>(90)) - Using callQueue: class java.util.concurrent.LinkedBlockingQueue, queueCapacity: 2000, scheduler: class org.apache.hadoop.ipc.DefaultRpcScheduler, ipcBackoff: false.
2022-10-09 13:05:30,738 [Socket Reader #1 for port 0] INFO  ipc.Server (Server.java:run(1265)) - Starting Socket Reader #1 for port 0
2022-10-09 13:05:30,739 [Listener at 0.0.0.0/43961] INFO  ipc.CallQueueManager (CallQueueManager.java:<init>(90)) - Using callQueue: class java.util.concurrent.LinkedBlockingQueue, queueCapacity: 2000, scheduler: class org.apache.hadoop.ipc.DefaultRpcScheduler, ipcBackoff: false.
2022-10-09 13:05:30,739 [Socket Reader #1 for port 0] INFO  ipc.Server (Server.java:run(1265)) - Starting Socket Reader #1 for port 0
2022-10-09 13:05:30,740 [Listener at 0.0.0.0/34237] INFO  ipc.CallQueueManager (CallQueueManager.java:<init>(90)) - Using callQueue: class java.util.concurrent.LinkedBlockingQueue, queueCapacity: 2000, scheduler: class org.apache.hadoop.ipc.DefaultRpcScheduler, ipcBackoff: false.
2022-10-09 13:05:30,741 [ReplicationMonitor] INFO  replication.ReplicationManager (ReplicationManager.java:processAll(291)) - Replication Manager is not ready to run until 3000ms after safemode exit
2022-10-09 13:05:30,753 [Socket Reader #1 for port 0] INFO  ipc.Server (Server.java:run(1265)) - Starting Socket Reader #1 for port 0
2022-10-09 13:05:30,812 [Listener at 0.0.0.0/38147] INFO  ha.SCMServiceManager (SCMServiceManager.java:register(42)) - Registering service ContainerBalancer.
2022-10-09 13:05:30,812 [Listener at 0.0.0.0/38147] INFO  server.StorageContainerManager (StorageContainerManager.java:<init>(410)) - 
Container Balancer status:
Key                            Value
Running                        false
Container Balancer Configuration values:
Key                                                Value
Threshold                                          10
Max Datanodes to Involve per Iteration(percent)    20
Max Size to Move per Iteration                     500GB
Max Size Entering Target per Iteration             26GB
Max Size Leaving Source per Iteration              26GB

2022-10-09 13:05:30,812 [Listener at 0.0.0.0/38147] WARN  events.EventQueue (EventQueue.java:fireEvent(216)) - No event handler registered for event TypedEvent{payloadType=SafeModeStatus, name='Safe mode status'}
2022-10-09 13:05:30,812 [Listener at 0.0.0.0/38147] INFO  ha.SCMContext (SCMContext.java:updateSafeModeStatus(228)) - Update SafeModeStatus from SafeModeStatus{safeModeStatus=true, preCheckPassed=false} to SafeModeStatus{safeModeStatus=true, preCheckPassed=false}.
2022-10-09 13:05:30,813 [Listener at 0.0.0.0/38147] INFO  server.StorageContainerManager (StorageContainerManager.java:start(1436)) - StorageContainerLocationProtocol RPC server is listening at /0.0.0.0:38147
2022-10-09 13:05:30,814 [Listener at 0.0.0.0/38147] WARN  impl.MetricsConfig (MetricsConfig.java:loadFirst(136)) - Cannot locate configuration: tried hadoop-metrics2-storagecontainermanager.properties,hadoop-metrics2.properties
2022-10-09 13:05:30,823 [Listener at 0.0.0.0/38147] INFO  impl.MetricsSystemImpl (MetricsSystemImpl.java:startTimer(378)) - Scheduled Metric snapshot period at 10 second(s).
2022-10-09 13:05:30,824 [Listener at 0.0.0.0/38147] INFO  impl.MetricsSystemImpl (MetricsSystemImpl.java:start(191)) - StorageContainerManager metrics system started
2022-10-09 13:05:30,839 [Listener at 0.0.0.0/38147] INFO  impl.MetricsSinkAdapter (MetricsSinkAdapter.java:start(204)) - Sink prometheus started
2022-10-09 13:05:30,852 [Listener at 0.0.0.0/38147] INFO  impl.MetricsSystemImpl (MetricsSystemImpl.java:registerSink(305)) - Registered sink prometheus
2022-10-09 13:05:30,878 [Listener at 0.0.0.0/38147] INFO  server.SCMClientProtocolServer (SCMClientProtocolServer.java:start(170)) - RPC server for Client  is listening at /0.0.0.0:38147
2022-10-09 13:05:30,878 [IPC Server Responder] INFO  ipc.Server (Server.java:run(1507)) - IPC Server Responder: starting
2022-10-09 13:05:30,878 [IPC Server listener on 0] INFO  ipc.Server (Server.java:run(1344)) - IPC Server listener on 0: starting
2022-10-09 13:05:30,966 [Listener at 0.0.0.0/38147] INFO  server.StorageContainerManager (StorageContainerManager.java:start(1451)) - ScmBlockLocationProtocol RPC server is listening at /0.0.0.0:34237
2022-10-09 13:05:30,966 [Listener at 0.0.0.0/38147] INFO  server.SCMBlockProtocolServer (SCMBlockProtocolServer.java:start(152)) - RPC server for Block Protocol is listening at /0.0.0.0:34237
2022-10-09 13:05:30,968 [IPC Server Responder] INFO  ipc.Server (Server.java:run(1507)) - IPC Server Responder: starting
2022-10-09 13:05:30,972 [IPC Server listener on 0] INFO  ipc.Server (Server.java:run(1344)) - IPC Server listener on 0: starting
2022-10-09 13:05:30,974 [Listener at 0.0.0.0/38147] INFO  server.SCMDatanodeProtocolServer (SCMDatanodeProtocolServer.java:start(186)) - ScmDatanodeProtocol RPC server for DataNodes is listening at /0.0.0.0:43961
2022-10-09 13:05:30,974 [IPC Server Responder] INFO  ipc.Server (Server.java:run(1507)) - IPC Server Responder: starting
2022-10-09 13:05:30,975 [IPC Server listener on 0] INFO  ipc.Server (Server.java:run(1344)) - IPC Server listener on 0: starting
2022-10-09 13:05:30,996 [org.apache.hadoop.util.JvmPauseMonitor$Monitor@399f3ea3] INFO  util.JvmPauseMonitor (JvmPauseMonitor.java:run(188)) - Starting JVM pause monitor
2022-10-09 13:05:30,996 [Listener at 0.0.0.0/38147] INFO  http.BaseHttpServer (BaseHttpServer.java:newHttpServer2BuilderForOzone(213)) - Starting Web-server for scm at: http://0.0.0.0:0
2022-10-09 13:05:30,996 [Listener at 0.0.0.0/38147] INFO  http.BaseHttpServer (BaseHttpServer.java:<init>(108)) - Hadoop Security Enabled: false Ozone Security Enabled: false Ozone HTTP Security Enabled: false 
2022-10-09 13:05:30,998 [Listener at 0.0.0.0/38147] INFO  server.AuthenticationFilter (AuthenticationFilter.java:constructSecretProvider(240)) - Unable to initialize FileSignerSecretProvider, falling back to use random secrets.
2022-10-09 13:05:31,004 [Listener at 0.0.0.0/38147] WARN  http.HttpRequestLog (HttpRequestLog.java:getRequestLog(103)) - Jetty request log can only be enabled using Log4j
2022-10-09 13:05:31,007 [Listener at 0.0.0.0/38147] INFO  http.HttpServer2 (HttpServer2.java:addGlobalFilter(1031)) - Added global filter 'safety' (class=org.apache.hadoop.hdds.server.http.HttpServer2$QuotingInputFilter)
2022-10-09 13:05:31,008 [Listener at 0.0.0.0/38147] INFO  http.HttpServer2 (HttpServer2.java:addFilter(1007)) - Added filter static_user_filter (class=org.apache.hadoop.http.lib.StaticUserWebFilter$StaticUserFilter) to context scm
2022-10-09 13:05:31,008 [Listener at 0.0.0.0/38147] INFO  http.HttpServer2 (HttpServer2.java:addFilter(1015)) - Added filter static_user_filter (class=org.apache.hadoop.http.lib.StaticUserWebFilter$StaticUserFilter) to context logs
2022-10-09 13:05:31,008 [Listener at 0.0.0.0/38147] INFO  http.HttpServer2 (HttpServer2.java:addFilter(1015)) - Added filter static_user_filter (class=org.apache.hadoop.http.lib.StaticUserWebFilter$StaticUserFilter) to context static
2022-10-09 13:05:31,018 [Listener at 0.0.0.0/38147] INFO  http.HttpServer2 (HttpServer2.java:bindListener(1250)) - Jetty bound to port 41963
2022-10-09 13:05:31,018 [Listener at 0.0.0.0/38147] INFO  server.Server (Server.java:doStart(375)) - jetty-9.4.43.v20210629; built: 2021-06-30T11:07:22.254Z; git: 526006ecfa3af7f1a27ef3a288e2bef7ea9dd7e8; jvm 1.8.0_345-b01
2022-10-09 13:05:31,075 [Listener at 0.0.0.0/38147] INFO  server.session (DefaultSessionIdManager.java:doStart(334)) - DefaultSessionIdManager workerName=node0
2022-10-09 13:05:31,075 [Listener at 0.0.0.0/38147] INFO  server.session (DefaultSessionIdManager.java:doStart(339)) - No SessionScavenger set, using defaults
2022-10-09 13:05:31,075 [Listener at 0.0.0.0/38147] INFO  server.session (HouseKeeper.java:startScavenging(132)) - node0 Scavenging every 600000ms
2022-10-09 13:05:31,076 [Listener at 0.0.0.0/38147] INFO  handler.ContextHandler (ContextHandler.java:doStart(915)) - Started o.e.j.s.ServletContextHandler@66e9e248{logs,/logs,file:///home/runner/work/ozone/ozone/hadoop-ozone/integration-test/target/log,AVAILABLE}
2022-10-09 13:05:31,076 [Listener at 0.0.0.0/38147] INFO  handler.ContextHandler (ContextHandler.java:doStart(915)) - Started o.e.j.s.ServletContextHandler@9c7db46{static,/static,file:///home/runner/work/ozone/ozone/hadoop-ozone/integration-test/target/test-classes/webapps/static,AVAILABLE}
2022-10-09 13:05:31,080 [Listener at 0.0.0.0/38147] INFO  handler.ContextHandler (ContextHandler.java:doStart(915)) - Started o.e.j.w.WebAppContext@41e51140{scm,/,file:///home/runner/work/ozone/ozone/hadoop-ozone/integration-test/target/test-classes/webapps/scm/,AVAILABLE}{file:/home/runner/work/ozone/ozone/hadoop-ozone/integration-test/target/test-classes/webapps/scm}
2022-10-09 13:05:31,091 [Listener at 0.0.0.0/38147] INFO  server.AbstractConnector (AbstractConnector.java:doStart(331)) - Started ServerConnector@65ba7bf2{HTTP/1.1, (http/1.1)}{0.0.0.0:41963}
2022-10-09 13:05:31,091 [Listener at 0.0.0.0/38147] INFO  server.Server (Server.java:doStart(415)) - Started @108500ms
2022-10-09 13:05:31,091 [Listener at 0.0.0.0/38147] WARN  impl.MetricsSystemImpl (MetricsSystemImpl.java:register(279)) - Sink prometheus already exists!
2022-10-09 13:05:31,093 [Listener at 0.0.0.0/38147] INFO  http.BaseHttpServer (BaseHttpServer.java:updateConnectorAddress(333)) - HTTP server of scm listening at http://0.0.0.0:41963
2022-10-09 13:05:31,093 [Listener at 0.0.0.0/38147] WARN  server.ServerUtils (ServerUtils.java:getDBPath(225)) - ozone.om.db.dirs is not configured. We recommend adding this setting. Falling back to ozone.metadata.dirs instead.
2022-10-09 13:05:31,100 [Listener at 0.0.0.0/38147] INFO  ha.OMHANodeDetails (OMHANodeDetails.java:loadOMHAConfig(115)) - ozone.om.internal.service.id is not defined, falling back to ozone.om.service.ids to find serviceID for OzoneManager if it is HA enabled cluster
2022-10-09 13:05:31,101 [Listener at 0.0.0.0/38147] INFO  ha.OMHANodeDetails (OMHANodeDetails.java:loadOMHAConfig(226)) - Configuration does not have ozone.om.address set. Falling back to the default OM address /127.0.0.1:0
2022-10-09 13:05:31,101 [Listener at 0.0.0.0/38147] INFO  ha.OMHANodeDetails (OMHANodeDetails.java:getOMNodeDetailsForNonHA(254)) - OM Service ID is not set. Setting it to the default ID: omServiceIdDefault
2022-10-09 13:05:31,101 [Listener at 0.0.0.0/38147] INFO  ha.OMHANodeDetails (OMHANodeDetails.java:getOMNodeDetailsForNonHA(261)) - OM Node ID is not set. Setting it to the default ID: om1
2022-10-09 13:05:31,101 [Listener at 0.0.0.0/38147] WARN  server.ServerUtils (ServerUtils.java:getDBPath(225)) - ozone.om.db.dirs is not configured. We recommend adding this setting. Falling back to ozone.metadata.dirs instead.
2022-10-09 13:05:31,101 [Listener at 0.0.0.0/38147] INFO  upgrade.AbstractLayoutVersionManager (AbstractLayoutVersionManager.java:init(83)) - Initializing Layout version manager with metadata layout = MULTITENANCY_SCHEMA (version = 3), software layout = MULTITENANCY_SCHEMA (version = 3)
2022-10-09 13:05:31,275 [Listener at 0.0.0.0/38147] INFO  reflections.Reflections (Reflections.java:scan(232)) - Reflections took 173 ms to scan 2 urls, producing 154 keys and 428 values [using 2 cores]
2022-10-09 13:05:31,275 [Listener at 0.0.0.0/38147] INFO  upgrade.OMLayoutVersionManager (OMLayoutVersionManager.java:lambda$0(115)) - Skipping Upgrade Action MockOmUpgradeAction since it has been finalized.
2022-10-09 13:05:31,275 [Listener at 0.0.0.0/38147] WARN  server.ServerUtils (ServerUtils.java:getDBPath(225)) - ozone.om.db.dirs is not configured. We recommend adding this setting. Falling back to ozone.metadata.dirs instead.
2022-10-09 13:05:31,276 [Listener at 0.0.0.0/38147] INFO  proxy.SCMBlockLocationFailoverProxyProvider (SCMBlockLocationFailoverProxyProvider.java:<init>(114)) - Created block location fail-over proxy with 1 nodes: [nodeId=scmNodeId,nodeAddress=/0.0.0.0:34237]
2022-10-09 13:05:31,277 [Listener at 0.0.0.0/38147] INFO  proxy.SCMBlockLocationFailoverProxyProvider (SCMBlockLocationFailoverProxyProvider.java:<init>(114)) - Created block location fail-over proxy with 1 nodes: [nodeId=scmNodeId,nodeAddress=/0.0.0.0:34237]
2022-10-09 13:05:31,306 [Listener at 0.0.0.0/38147] WARN  server.ServerUtils (ServerUtils.java:getDBPath(225)) - ozone.om.db.dirs is not configured. We recommend adding this setting. Falling back to ozone.metadata.dirs instead.
2022-10-09 13:05:31,306 [Listener at 0.0.0.0/38147] INFO  codec.OmKeyInfoCodec (OmKeyInfoCodec.java:<init>(49)) - OmKeyInfoCodec ignorePipeline = true
2022-10-09 13:05:31,306 [Listener at 0.0.0.0/38147] INFO  codec.RepeatedOmKeyInfoCodec (RepeatedOmKeyInfoCodec.java:<init>(41)) - RepeatedOmKeyInfoCodec ignorePipeline = true
2022-10-09 13:05:31,584 [Listener at 0.0.0.0/38147] INFO  om.OzoneManager (OzoneManager.java:instantiateServices(710)) - S3 Multi-Tenancy is disabled
2022-10-09 13:05:31,586 [Listener at 0.0.0.0/38147] INFO  om.OzoneManager (OzoneManager.java:addS3GVolumeToDB(4325)) - Created Volume s3v With Owner runner required for S3Gateway operations.
2022-10-09 13:05:31,612 [Listener at 0.0.0.0/38147] INFO  om.OzoneManager (OzoneManager.java:getRpcServer(1100)) - Creating RPC Server
2022-10-09 13:05:32,532 [Listener at 0.0.0.0/38147] INFO  reflections.Reflections (Reflections.java:scan(232)) - Reflections took 917 ms to scan 19 urls, producing 67 keys and 4226 values [using 2 cores]
2022-10-09 13:05:32,533 [Listener at 0.0.0.0/38147] INFO  ipc.CallQueueManager (CallQueueManager.java:<init>(90)) - Using callQueue: class java.util.concurrent.LinkedBlockingQueue, queueCapacity: 2000, scheduler: class org.apache.hadoop.ipc.DefaultRpcScheduler, ipcBackoff: false.
2022-10-09 13:05:32,561 [Socket Reader #1 for port 0] INFO  ipc.Server (Server.java:run(1265)) - Starting Socket Reader #1 for port 0
2022-10-09 13:05:32,618 [Listener at 127.0.0.1/44209] INFO  impl.MetricsSystemImpl (MetricsSystemImpl.java:init(158)) - OzoneManager metrics system started (again)
2022-10-09 13:05:32,659 [Listener at 127.0.0.1/44209] INFO  om.OzoneManager (OzoneManager.java:start(1484)) - OzoneManager RPC server is listening at localhost/127.0.0.1:44209
2022-10-09 13:05:32,659 [Listener at 127.0.0.1/44209] INFO  om.OzoneManager (OzoneManager.java:start(1500)) - Version File has different layout version (3) than OM DB (null). That is expected if this OM has never been finalized to a newer layout version.
2022-10-09 13:05:32,670 [Listener at 127.0.0.1/44209] INFO  http.BaseHttpServer (BaseHttpServer.java:newHttpServer2BuilderForOzone(213)) - Starting Web-server for ozoneManager at: http://0.0.0.0:0
2022-10-09 13:05:32,670 [Listener at 127.0.0.1/44209] INFO  http.BaseHttpServer (BaseHttpServer.java:<init>(108)) - Hadoop Security Enabled: false Ozone Security Enabled: false Ozone HTTP Security Enabled: false 
2022-10-09 13:05:32,671 [Listener at 127.0.0.1/44209] INFO  server.AuthenticationFilter (AuthenticationFilter.java:constructSecretProvider(240)) - Unable to initialize FileSignerSecretProvider, falling back to use random secrets.
2022-10-09 13:05:32,674 [Listener at 127.0.0.1/44209] WARN  http.HttpRequestLog (HttpRequestLog.java:getRequestLog(103)) - Jetty request log can only be enabled using Log4j
2022-10-09 13:05:32,676 [Listener at 127.0.0.1/44209] INFO  http.HttpServer2 (HttpServer2.java:addGlobalFilter(1031)) - Added global filter 'safety' (class=org.apache.hadoop.hdds.server.http.HttpServer2$QuotingInputFilter)
2022-10-09 13:05:32,676 [Listener at 127.0.0.1/44209] INFO  http.HttpServer2 (HttpServer2.java:addFilter(1007)) - Added filter static_user_filter (class=org.apache.hadoop.http.lib.StaticUserWebFilter$StaticUserFilter) to context ozoneManager
2022-10-09 13:05:32,677 [Listener at 127.0.0.1/44209] INFO  http.HttpServer2 (HttpServer2.java:addFilter(1015)) - Added filter static_user_filter (class=org.apache.hadoop.http.lib.StaticUserWebFilter$StaticUserFilter) to context logs
2022-10-09 13:05:32,677 [Listener at 127.0.0.1/44209] INFO  http.HttpServer2 (HttpServer2.java:addFilter(1015)) - Added filter static_user_filter (class=org.apache.hadoop.http.lib.StaticUserWebFilter$StaticUserFilter) to context static
2022-10-09 13:05:32,677 [Listener at 127.0.0.1/44209] INFO  http.HttpServer2 (HttpServer2.java:bindListener(1250)) - Jetty bound to port 43047
2022-10-09 13:05:32,677 [Listener at 127.0.0.1/44209] INFO  server.Server (Server.java:doStart(375)) - jetty-9.4.43.v20210629; built: 2021-06-30T11:07:22.254Z; git: 526006ecfa3af7f1a27ef3a288e2bef7ea9dd7e8; jvm 1.8.0_345-b01
2022-10-09 13:05:32,679 [Listener at 127.0.0.1/44209] INFO  server.session (DefaultSessionIdManager.java:doStart(334)) - DefaultSessionIdManager workerName=node0
2022-10-09 13:05:32,679 [Listener at 127.0.0.1/44209] INFO  server.session (DefaultSessionIdManager.java:doStart(339)) - No SessionScavenger set, using defaults
2022-10-09 13:05:32,679 [Listener at 127.0.0.1/44209] INFO  server.session (HouseKeeper.java:startScavenging(132)) - node0 Scavenging every 600000ms
2022-10-09 13:05:32,680 [Listener at 127.0.0.1/44209] INFO  handler.ContextHandler (ContextHandler.java:doStart(915)) - Started o.e.j.s.ServletContextHandler@4feee852{logs,/logs,file:///home/runner/work/ozone/ozone/hadoop-ozone/integration-test/target/log,AVAILABLE}
2022-10-09 13:05:32,680 [Listener at 127.0.0.1/44209] INFO  handler.ContextHandler (ContextHandler.java:doStart(915)) - Started o.e.j.s.ServletContextHandler@79cbc176{static,/static,file:///home/runner/work/ozone/ozone/hadoop-ozone/integration-test/target/test-classes/webapps/static,AVAILABLE}
2022-10-09 13:05:32,683 [Listener at 127.0.0.1/44209] INFO  handler.ContextHandler (ContextHandler.java:doStart(915)) - Started o.e.j.w.WebAppContext@423c246a{ozoneManager,/,file:///home/runner/work/ozone/ozone/hadoop-ozone/integration-test/target/test-classes/webapps/ozoneManager/,AVAILABLE}{file:/home/runner/work/ozone/ozone/hadoop-ozone/integration-test/target/test-classes/webapps/ozoneManager}
2022-10-09 13:05:32,709 [Listener at 127.0.0.1/44209] INFO  server.AbstractConnector (AbstractConnector.java:doStart(331)) - Started ServerConnector@5ec3039b{HTTP/1.1, (http/1.1)}{0.0.0.0:43047}
2022-10-09 13:05:32,709 [Listener at 127.0.0.1/44209] INFO  server.Server (Server.java:doStart(415)) - Started @110117ms
2022-10-09 13:05:32,709 [Listener at 127.0.0.1/44209] WARN  impl.MetricsSystemImpl (MetricsSystemImpl.java:register(279)) - Sink prometheus already exists!
2022-10-09 13:05:32,709 [Listener at 127.0.0.1/44209] INFO  http.BaseHttpServer (BaseHttpServer.java:updateConnectorAddress(333)) - HTTP server of ozoneManager listening at http://0.0.0.0:43047
2022-10-09 13:05:32,710 [IPC Server Responder] INFO  ipc.Server (Server.java:run(1507)) - IPC Server Responder: starting
2022-10-09 13:05:32,710 [IPC Server listener on 0] INFO  ipc.Server (Server.java:run(1344)) - IPC Server listener on 0: starting
2022-10-09 13:05:32,728 [Listener at 127.0.0.1/44209] INFO  om.TrashPolicyOzone (TrashPolicyOzone.java:<init>(178)) - Ozone Manager trash configuration: Deletion interval = 0 minutes, Emptier interval = 0 minutes.
2022-10-09 13:05:32,747 [org.apache.hadoop.util.JvmPauseMonitor$Monitor@d3b2b6c] INFO  util.JvmPauseMonitor (JvmPauseMonitor.java:run(188)) - Starting JVM pause monitor
2022-10-09 13:05:32,779 [Listener at 127.0.0.1/44209] INFO  impl.MetricsSystemImpl (MetricsSystemImpl.java:init(158)) - HddsDatanode metrics system started (again)
2022-10-09 13:05:32,795 [Listener at 127.0.0.1/44209] INFO  ozone.HddsDatanodeService (HddsDatanodeService.java:start(236)) - HddsDatanodeService host:fv-az212-628.zlodpucb4l4udavnfxg5s20dva.cx.internal.cloudapp.net ip:10.1.0.209
2022-10-09 13:05:32,836 [Listener at 127.0.0.1/44209] INFO  upgrade.AbstractLayoutVersionManager (AbstractLayoutVersionManager.java:init(83)) - Initializing Layout version manager with metadata layout = DATANODE_SCHEMA_V3 (version = 4), software layout = DATANODE_SCHEMA_V3 (version = 4)
2022-10-09 13:05:32,892 [Listener at 127.0.0.1/44209] INFO  reflections.Reflections (Reflections.java:scan(232)) - Reflections took 55 ms to scan 7 urls, producing 135 keys and 327 values 
2022-10-09 13:05:32,901 [Listener at 127.0.0.1/44209] INFO  statemachine.DatanodeStateMachine (DatanodeStateMachine.java:getEndPointTaskThreadPoolSize(237)) - Datanode State Machine Task Thread Pool size 2
2022-10-09 13:05:32,912 [Listener at 127.0.0.1/44209] INFO  volume.HddsVolume (HddsVolume.java:<init>(117)) - Creating HddsVolume: /home/runner/work/ozone/ozone/hadoop-ozone/integration-test/target/test-dir/MiniOzoneClusterImpl-9b82f26c-8b94-4c2d-8316-029798bb519b/datanode-0/data-0/containers/hdds of storage type : DISK capacity : 9223372036854775807
2022-10-09 13:05:32,912 [Listener at 127.0.0.1/44209] INFO  volume.MutableVolumeSet (MutableVolumeSet.java:initializeVolumeSet(174)) - Added Volume : /home/runner/work/ozone/ozone/hadoop-ozone/integration-test/target/test-dir/MiniOzoneClusterImpl-9b82f26c-8b94-4c2d-8316-029798bb519b/datanode-0/data-0/containers/hdds to VolumeSet
2022-10-09 13:05:32,912 [Listener at 127.0.0.1/44209] INFO  volume.ThrottledAsyncChecker (ThrottledAsyncChecker.java:schedule(141)) - Scheduling a check for /home/runner/work/ozone/ozone/hadoop-ozone/integration-test/target/test-dir/MiniOzoneClusterImpl-9b82f26c-8b94-4c2d-8316-029798bb519b/datanode-0/data-0/containers/hdds
2022-10-09 13:05:32,935 [Listener at 127.0.0.1/44209] INFO  volume.StorageVolumeChecker (StorageVolumeChecker.java:checkAllVolumes(202)) - Scheduled health check for volume /home/runner/work/ozone/ozone/hadoop-ozone/integration-test/target/test-dir/MiniOzoneClusterImpl-9b82f26c-8b94-4c2d-8316-029798bb519b/datanode-0/data-0/containers/hdds
2022-10-09 13:05:32,951 [Listener at 127.0.0.1/44209] INFO  volume.MutableVolumeSet (MutableVolumeSet.java:initializeVolumeSet(174)) - Added Volume : /home/runner/work/ozone/ozone/hadoop-ozone/integration-test/target/test-dir/MiniOzoneClusterImpl-9b82f26c-8b94-4c2d-8316-029798bb519b/datanode-0/data/ratis to VolumeSet
2022-10-09 13:05:32,952 [Listener at 127.0.0.1/44209] INFO  volume.ThrottledAsyncChecker (ThrottledAsyncChecker.java:schedule(141)) - Scheduling a check for /home/runner/work/ozone/ozone/hadoop-ozone/integration-test/target/test-dir/MiniOzoneClusterImpl-9b82f26c-8b94-4c2d-8316-029798bb519b/datanode-0/data/ratis
2022-10-09 13:05:32,952 [Listener at 127.0.0.1/44209] INFO  volume.StorageVolumeChecker (StorageVolumeChecker.java:checkAllVolumes(202)) - Scheduled health check for volume /home/runner/work/ozone/ozone/hadoop-ozone/integration-test/target/test-dir/MiniOzoneClusterImpl-9b82f26c-8b94-4c2d-8316-029798bb519b/datanode-0/data/ratis
2022-10-09 13:05:32,966 [Thread-639] INFO  ozoneimpl.ContainerReader (ContainerReader.java:readVolume(175)) - Finish verifying containers on volume /home/runner/work/ozone/ozone/hadoop-ozone/integration-test/target/test-dir/MiniOzoneClusterImpl-9b82f26c-8b94-4c2d-8316-029798bb519b/datanode-0/data-0/containers/hdds
2022-10-09 13:05:32,966 [Listener at 127.0.0.1/44209] INFO  ozoneimpl.OzoneContainer (OzoneContainer.java:buildContainerSet(300)) - Build ContainerSet costs 0s
2022-10-09 13:05:32,968 [Listener at 127.0.0.1/44209] INFO  server.RaftServer (ConfUtils.java:logGet(46)) - raft.rpc.type = GRPC (default)
2022-10-09 13:05:32,969 [Listener at 127.0.0.1/44209] INFO  grpc.GrpcFactory (GrpcFactory.java:checkPooledByteBufAllocatorUseCacheForAllThreads(48)) - PERFORMANCE WARNING: useCacheForAllThreads is true that may cause Netty to create a lot garbage objects and, as a result, trigger GC.
	It is recommended to disable useCacheForAllThreads by setting -Dorg.apache.ratis.thirdparty.io.netty.allocator.useCacheForAllThreads=false in command line.
2022-10-09 13:05:32,969 [Listener at 127.0.0.1/44209] INFO  grpc.GrpcConfigKeys (ConfUtils.java:logGet(46)) - raft.grpc.admin.port = 0 (custom)
2022-10-09 13:05:32,969 [Listener at 127.0.0.1/44209] INFO  grpc.GrpcConfigKeys (ConfUtils.java:logGet(46)) - raft.grpc.client.port = 0 (custom)
2022-10-09 13:05:32,969 [Listener at 127.0.0.1/44209] INFO  grpc.GrpcConfigKeys (ConfUtils.java:logGet(46)) - raft.grpc.server.port = 0 (default)
2022-10-09 13:05:32,969 [Listener at 127.0.0.1/44209] INFO  server.GrpcService (ConfUtils.java:logGet(46)) - raft.grpc.message.size.max = 32MB (=33554432) (custom)
2022-10-09 13:05:32,969 [Listener at 127.0.0.1/44209] INFO  server.RaftServerConfigKeys (ConfUtils.java:logGet(46)) - raft.server.log.appender.buffer.byte-limit = 33554432 (custom)
2022-10-09 13:05:32,969 [Listener at 127.0.0.1/44209] INFO  server.GrpcService (ConfUtils.java:logGet(46)) - raft.grpc.flow.control.window = 5MB (=5242880) (custom)
2022-10-09 13:05:32,975 [Listener at 127.0.0.1/44209] INFO  server.RaftServerConfigKeys (ConfUtils.java:logGet(46)) - raft.server.rpc.request.timeout = 60s (custom)
2022-10-09 13:05:32,975 [Listener at 127.0.0.1/44209] INFO  grpc.GrpcConfigKeys (ConfUtils.java:logGet(46)) - raft.grpc.server.async.request.thread.pool.cached = true (default)
2022-10-09 13:05:32,975 [Listener at 127.0.0.1/44209] INFO  grpc.GrpcConfigKeys (ConfUtils.java:logGet(46)) - raft.grpc.server.async.request.thread.pool.size = 32 (default)
2022-10-09 13:05:32,977 [Listener at 127.0.0.1/44209] INFO  impl.DataStreamServerImpl (ConfUtils.java:logGet(46)) - raft.datastream.type = DISABLED (default)
2022-10-09 13:05:32,991 [Listener at 127.0.0.1/44209] INFO  server.RaftServerConfigKeys (ConfUtils.java:logGet(46)) - raft.server.threadpool.proxy.cached = true (default)
2022-10-09 13:05:32,991 [Listener at 127.0.0.1/44209] INFO  server.RaftServerConfigKeys (ConfUtils.java:logGet(46)) - raft.server.threadpool.proxy.size = 0 (default)
2022-10-09 13:05:32,991 [Listener at 127.0.0.1/44209] INFO  server.RaftServerConfigKeys (ConfUtils.java:logGet(46)) - raft.server.rpc.slowness.timeout = 300s (custom)
2022-10-09 13:05:32,991 [Listener at 127.0.0.1/44209] INFO  server.RaftServerConfigKeys (ConfUtils.java:logGet(46)) - raft.server.leaderelection.leader.step-down.wait-time = 10s (default)
2022-10-09 13:05:32,991 [Listener at 127.0.0.1/44209] INFO  server.RaftServerConfigKeys (ConfUtils.java:logGet(46)) - raft.server.storage.dir = [/home/runner/work/ozone/ozone/hadoop-ozone/integration-test/target/test-dir/MiniOzoneClusterImpl-9b82f26c-8b94-4c2d-8316-029798bb519b/datanode-0/data/ratis] (custom)
2022-10-09 13:05:32,999 [Listener at 127.0.0.1/44209] INFO  server.XceiverServerGrpc (XceiverServerGrpc.java:<init>(132)) - GrpcServer channel type EpollServerSocketChannel
2022-10-09 13:05:33,006 [Listener at 127.0.0.1/44209] INFO  http.BaseHttpServer (BaseHttpServer.java:newHttpServer2BuilderForOzone(213)) - Starting Web-server for hddsDatanode at: http://0.0.0.0:0
2022-10-09 13:05:33,006 [Listener at 127.0.0.1/44209] INFO  http.BaseHttpServer (BaseHttpServer.java:<init>(108)) - Hadoop Security Enabled: false Ozone Security Enabled: false Ozone HTTP Security Enabled: false 
2022-10-09 13:05:33,007 [Listener at 127.0.0.1/44209] INFO  server.AuthenticationFilter (AuthenticationFilter.java:constructSecretProvider(240)) - Unable to initialize FileSignerSecretProvider, falling back to use random secrets.
2022-10-09 13:05:33,011 [Listener at 127.0.0.1/44209] WARN  http.HttpRequestLog (HttpRequestLog.java:getRequestLog(103)) - Jetty request log can only be enabled using Log4j
2022-10-09 13:05:33,012 [Listener at 127.0.0.1/44209] INFO  http.HttpServer2 (HttpServer2.java:addGlobalFilter(1031)) - Added global filter 'safety' (class=org.apache.hadoop.hdds.server.http.HttpServer2$QuotingInputFilter)
2022-10-09 13:05:33,013 [Listener at 127.0.0.1/44209] INFO  http.HttpServer2 (HttpServer2.java:addFilter(1007)) - Added filter static_user_filter (class=org.apache.hadoop.http.lib.StaticUserWebFilter$StaticUserFilter) to context hddsDatanode
2022-10-09 13:05:33,013 [Listener at 127.0.0.1/44209] INFO  http.HttpServer2 (HttpServer2.java:addFilter(1015)) - Added filter static_user_filter (class=org.apache.hadoop.http.lib.StaticUserWebFilter$StaticUserFilter) to context logs
2022-10-09 13:05:33,013 [Listener at 127.0.0.1/44209] INFO  http.HttpServer2 (HttpServer2.java:addFilter(1015)) - Added filter static_user_filter (class=org.apache.hadoop.http.lib.StaticUserWebFilter$StaticUserFilter) to context static
2022-10-09 13:05:33,014 [Listener at 127.0.0.1/44209] INFO  http.HttpServer2 (HttpServer2.java:bindListener(1250)) - Jetty bound to port 39049
2022-10-09 13:05:33,014 [Listener at 127.0.0.1/44209] INFO  server.Server (Server.java:doStart(375)) - jetty-9.4.43.v20210629; built: 2021-06-30T11:07:22.254Z; git: 526006ecfa3af7f1a27ef3a288e2bef7ea9dd7e8; jvm 1.8.0_345-b01
2022-10-09 13:05:33,029 [Listener at 127.0.0.1/44209] INFO  server.session (DefaultSessionIdManager.java:doStart(334)) - DefaultSessionIdManager workerName=node0
2022-10-09 13:05:33,029 [Listener at 127.0.0.1/44209] INFO  server.session (DefaultSessionIdManager.java:doStart(339)) - No SessionScavenger set, using defaults
2022-10-09 13:05:33,029 [Listener at 127.0.0.1/44209] INFO  server.session (HouseKeeper.java:startScavenging(132)) - node0 Scavenging every 600000ms
2022-10-09 13:05:33,030 [Listener at 127.0.0.1/44209] INFO  handler.ContextHandler (ContextHandler.java:doStart(915)) - Started o.e.j.s.ServletContextHandler@33459a1c{logs,/logs,file:///home/runner/work/ozone/ozone/hadoop-ozone/integration-test/target/log,AVAILABLE}
2022-10-09 13:05:33,031 [Listener at 127.0.0.1/44209] INFO  handler.ContextHandler (ContextHandler.java:doStart(915)) - Started o.e.j.s.ServletContextHandler@4465326b{static,/static,jar:file:/home/runner/.m2/repository/org/apache/ozone/hdds-container-service/1.3.0-SNAPSHOT/hdds-container-service-1.3.0-SNAPSHOT.jar!/webapps/static,AVAILABLE}
2022-10-09 13:05:33,218 [Listener at 127.0.0.1/44209] INFO  handler.ContextHandler (ContextHandler.java:doStart(915)) - Started o.e.j.w.WebAppContext@39a7de2a{hddsDatanode,/,file:///tmp/jetty-0_0_0_0-39049-hdds-container-service-1_3_0-SNAPSHOT_jar-_-any-4184419630202031915/webapp/,AVAILABLE}{jar:file:/home/runner/.m2/repository/org/apache/ozone/hdds-container-service/1.3.0-SNAPSHOT/hdds-container-service-1.3.0-SNAPSHOT.jar!/webapps/hddsDatanode}
2022-10-09 13:05:33,228 [Listener at 127.0.0.1/44209] INFO  server.AbstractConnector (AbstractConnector.java:doStart(331)) - Started ServerConnector@6e1421ff{HTTP/1.1, (http/1.1)}{0.0.0.0:39049}
2022-10-09 13:05:33,228 [Listener at 127.0.0.1/44209] INFO  server.Server (Server.java:doStart(415)) - Started @110636ms
2022-10-09 13:05:33,228 [Listener at 127.0.0.1/44209] WARN  impl.MetricsSystemImpl (MetricsSystemImpl.java:register(279)) - Sink prometheus already exists!
2022-10-09 13:05:33,230 [Listener at 127.0.0.1/44209] INFO  http.BaseHttpServer (BaseHttpServer.java:updateConnectorAddress(333)) - HTTP server of hddsDatanode listening at http://0.0.0.0:39049
2022-10-09 13:05:33,232 [Listener at 127.0.0.1/44209] INFO  impl.MetricsSystemImpl (MetricsSystemImpl.java:init(158)) - HddsDatanode metrics system started (again)
2022-10-09 13:05:33,239 [Datanode State Machine Daemon Thread] INFO  statemachine.DatanodeStateMachine (DatanodeStateMachine.java:lambda$startDaemon$0(492)) - Ozone container server started.
2022-10-09 13:05:33,249 [Listener at 127.0.0.1/44209] INFO  ozone.HddsDatanodeService (HddsDatanodeService.java:start(236)) - HddsDatanodeService host:fv-az212-628.zlodpucb4l4udavnfxg5s20dva.cx.internal.cloudapp.net ip:10.1.0.209
2022-10-09 13:05:33,264 [org.apache.hadoop.util.JvmPauseMonitor$Monitor@29e69dec] INFO  util.JvmPauseMonitor (JvmPauseMonitor.java:run(188)) - Starting JVM pause monitor
2022-10-09 13:05:33,275 [Datanode State Machine Task Thread - 0] INFO  datanode.InitDatanodeState (InitDatanodeState.java:persistContainerDatanodeDetails(138)) - DatanodeDetails is persisted to /home/runner/work/ozone/ozone/hadoop-ozone/integration-test/target/test-dir/MiniOzoneClusterImpl-9b82f26c-8b94-4c2d-8316-029798bb519b/datanode-0/meta/datanode.id
2022-10-09 13:05:33,295 [Listener at 127.0.0.1/44209] INFO  upgrade.AbstractLayoutVersionManager (AbstractLayoutVersionManager.java:init(83)) - Initializing Layout version manager with metadata layout = DATANODE_SCHEMA_V3 (version = 4), software layout = DATANODE_SCHEMA_V3 (version = 4)
2022-10-09 13:05:33,354 [Listener at 127.0.0.1/44209] INFO  reflections.Reflections (Reflections.java:scan(232)) - Reflections took 58 ms to scan 7 urls, producing 135 keys and 327 values 
2022-10-09 13:05:33,360 [Listener at 127.0.0.1/44209] INFO  statemachine.DatanodeStateMachine (DatanodeStateMachine.java:getEndPointTaskThreadPoolSize(237)) - Datanode State Machine Task Thread Pool size 2
2022-10-09 13:05:33,367 [Listener at 127.0.0.1/44209] INFO  volume.HddsVolume (HddsVolume.java:<init>(117)) - Creating HddsVolume: /home/runner/work/ozone/ozone/hadoop-ozone/integration-test/target/test-dir/MiniOzoneClusterImpl-9b82f26c-8b94-4c2d-8316-029798bb519b/datanode-1/data-0/containers/hdds of storage type : DISK capacity : 9223372036854775807
2022-10-09 13:05:33,367 [Listener at 127.0.0.1/44209] INFO  volume.MutableVolumeSet (MutableVolumeSet.java:initializeVolumeSet(174)) - Added Volume : /home/runner/work/ozone/ozone/hadoop-ozone/integration-test/target/test-dir/MiniOzoneClusterImpl-9b82f26c-8b94-4c2d-8316-029798bb519b/datanode-1/data-0/containers/hdds to VolumeSet
2022-10-09 13:05:33,367 [Listener at 127.0.0.1/44209] INFO  volume.ThrottledAsyncChecker (ThrottledAsyncChecker.java:schedule(141)) - Scheduling a check for /home/runner/work/ozone/ozone/hadoop-ozone/integration-test/target/test-dir/MiniOzoneClusterImpl-9b82f26c-8b94-4c2d-8316-029798bb519b/datanode-1/data-0/containers/hdds
2022-10-09 13:05:33,368 [Listener at 127.0.0.1/44209] INFO  volume.StorageVolumeChecker (StorageVolumeChecker.java:checkAllVolumes(202)) - Scheduled health check for volume /home/runner/work/ozone/ozone/hadoop-ozone/integration-test/target/test-dir/MiniOzoneClusterImpl-9b82f26c-8b94-4c2d-8316-029798bb519b/datanode-1/data-0/containers/hdds
2022-10-09 13:05:33,380 [Listener at 127.0.0.1/44209] INFO  volume.MutableVolumeSet (MutableVolumeSet.java:initializeVolumeSet(174)) - Added Volume : /home/runner/work/ozone/ozone/hadoop-ozone/integration-test/target/test-dir/MiniOzoneClusterImpl-9b82f26c-8b94-4c2d-8316-029798bb519b/datanode-1/data/ratis to VolumeSet
2022-10-09 13:05:33,380 [Listener at 127.0.0.1/44209] INFO  volume.ThrottledAsyncChecker (ThrottledAsyncChecker.java:schedule(141)) - Scheduling a check for /home/runner/work/ozone/ozone/hadoop-ozone/integration-test/target/test-dir/MiniOzoneClusterImpl-9b82f26c-8b94-4c2d-8316-029798bb519b/datanode-1/data/ratis
2022-10-09 13:05:33,381 [Listener at 127.0.0.1/44209] INFO  volume.StorageVolumeChecker (StorageVolumeChecker.java:checkAllVolumes(202)) - Scheduled health check for volume /home/runner/work/ozone/ozone/hadoop-ozone/integration-test/target/test-dir/MiniOzoneClusterImpl-9b82f26c-8b94-4c2d-8316-029798bb519b/datanode-1/data/ratis
2022-10-09 13:05:33,401 [Thread-652] INFO  ozoneimpl.ContainerReader (ContainerReader.java:readVolume(175)) - Finish verifying containers on volume /home/runner/work/ozone/ozone/hadoop-ozone/integration-test/target/test-dir/MiniOzoneClusterImpl-9b82f26c-8b94-4c2d-8316-029798bb519b/datanode-1/data-0/containers/hdds
2022-10-09 13:05:33,402 [Listener at 127.0.0.1/44209] INFO  ozoneimpl.OzoneContainer (OzoneContainer.java:buildContainerSet(300)) - Build ContainerSet costs 0s
2022-10-09 13:05:33,404 [Listener at 127.0.0.1/44209] INFO  server.RaftServer (ConfUtils.java:logGet(46)) - raft.rpc.type = GRPC (default)
2022-10-09 13:05:33,404 [Listener at 127.0.0.1/44209] INFO  grpc.GrpcFactory (GrpcFactory.java:checkPooledByteBufAllocatorUseCacheForAllThreads(48)) - PERFORMANCE WARNING: useCacheForAllThreads is true that may cause Netty to create a lot garbage objects and, as a result, trigger GC.
	It is recommended to disable useCacheForAllThreads by setting -Dorg.apache.ratis.thirdparty.io.netty.allocator.useCacheForAllThreads=false in command line.
2022-10-09 13:05:33,404 [Listener at 127.0.0.1/44209] INFO  grpc.GrpcConfigKeys (ConfUtils.java:logGet(46)) - raft.grpc.admin.port = 0 (custom)
2022-10-09 13:05:33,404 [Listener at 127.0.0.1/44209] INFO  grpc.GrpcConfigKeys (ConfUtils.java:logGet(46)) - raft.grpc.client.port = 0 (custom)
2022-10-09 13:05:33,404 [Listener at 127.0.0.1/44209] INFO  grpc.GrpcConfigKeys (ConfUtils.java:logGet(46)) - raft.grpc.server.port = 0 (default)
2022-10-09 13:05:33,404 [Listener at 127.0.0.1/44209] INFO  server.GrpcService (ConfUtils.java:logGet(46)) - raft.grpc.message.size.max = 32MB (=33554432) (custom)
2022-10-09 13:05:33,405 [Listener at 127.0.0.1/44209] INFO  server.RaftServerConfigKeys (ConfUtils.java:logGet(46)) - raft.server.log.appender.buffer.byte-limit = 33554432 (custom)
2022-10-09 13:05:33,405 [Listener at 127.0.0.1/44209] INFO  server.GrpcService (ConfUtils.java:logGet(46)) - raft.grpc.flow.control.window = 5MB (=5242880) (custom)
2022-10-09 13:05:33,405 [Listener at 127.0.0.1/44209] INFO  server.RaftServerConfigKeys (ConfUtils.java:logGet(46)) - raft.server.rpc.request.timeout = 60s (custom)
2022-10-09 13:05:33,405 [Listener at 127.0.0.1/44209] INFO  grpc.GrpcConfigKeys (ConfUtils.java:logGet(46)) - raft.grpc.server.async.request.thread.pool.cached = true (default)
2022-10-09 13:05:33,405 [Listener at 127.0.0.1/44209] INFO  grpc.GrpcConfigKeys (ConfUtils.java:logGet(46)) - raft.grpc.server.async.request.thread.pool.size = 32 (default)
2022-10-09 13:05:33,406 [Listener at 127.0.0.1/44209] INFO  impl.DataStreamServerImpl (ConfUtils.java:logGet(46)) - raft.datastream.type = DISABLED (default)
2022-10-09 13:05:33,406 [Listener at 127.0.0.1/44209] INFO  server.RaftServerConfigKeys (ConfUtils.java:logGet(46)) - raft.server.threadpool.proxy.cached = true (default)
2022-10-09 13:05:33,406 [Listener at 127.0.0.1/44209] INFO  server.RaftServerConfigKeys (ConfUtils.java:logGet(46)) - raft.server.threadpool.proxy.size = 0 (default)
2022-10-09 13:05:33,406 [Listener at 127.0.0.1/44209] INFO  server.RaftServerConfigKeys (ConfUtils.java:logGet(46)) - raft.server.rpc.slowness.timeout = 300s (custom)
2022-10-09 13:05:33,406 [Listener at 127.0.0.1/44209] INFO  server.RaftServerConfigKeys (ConfUtils.java:logGet(46)) - raft.server.leaderelection.leader.step-down.wait-time = 10s (default)
2022-10-09 13:05:33,406 [Listener at 127.0.0.1/44209] INFO  server.RaftServerConfigKeys (ConfUtils.java:logGet(46)) - raft.server.storage.dir = [/home/runner/work/ozone/ozone/hadoop-ozone/integration-test/target/test-dir/MiniOzoneClusterImpl-9b82f26c-8b94-4c2d-8316-029798bb519b/datanode-1/data/ratis] (custom)
2022-10-09 13:05:33,410 [Listener at 127.0.0.1/44209] INFO  server.XceiverServerGrpc (XceiverServerGrpc.java:<init>(132)) - GrpcServer channel type EpollServerSocketChannel
2022-10-09 13:05:33,414 [Listener at 127.0.0.1/44209] INFO  http.BaseHttpServer (BaseHttpServer.java:newHttpServer2BuilderForOzone(213)) - Starting Web-server for hddsDatanode at: http://0.0.0.0:0
2022-10-09 13:05:33,414 [Listener at 127.0.0.1/44209] INFO  http.BaseHttpServer (BaseHttpServer.java:<init>(108)) - Hadoop Security Enabled: false Ozone Security Enabled: false Ozone HTTP Security Enabled: false 
2022-10-09 13:05:33,415 [Listener at 127.0.0.1/44209] INFO  server.AuthenticationFilter (AuthenticationFilter.java:constructSecretProvider(240)) - Unable to initialize FileSignerSecretProvider, falling back to use random secrets.
2022-10-09 13:05:33,423 [Listener at 127.0.0.1/44209] WARN  http.HttpRequestLog (HttpRequestLog.java:getRequestLog(103)) - Jetty request log can only be enabled using Log4j
2022-10-09 13:05:33,424 [Listener at 127.0.0.1/44209] INFO  http.HttpServer2 (HttpServer2.java:addGlobalFilter(1031)) - Added global filter 'safety' (class=org.apache.hadoop.hdds.server.http.HttpServer2$QuotingInputFilter)
2022-10-09 13:05:33,425 [Listener at 127.0.0.1/44209] INFO  http.HttpServer2 (HttpServer2.java:addFilter(1007)) - Added filter static_user_filter (class=org.apache.hadoop.http.lib.StaticUserWebFilter$StaticUserFilter) to context hddsDatanode
2022-10-09 13:05:33,425 [Listener at 127.0.0.1/44209] INFO  http.HttpServer2 (HttpServer2.java:addFilter(1015)) - Added filter static_user_filter (class=org.apache.hadoop.http.lib.StaticUserWebFilter$StaticUserFilter) to context static
2022-10-09 13:05:33,425 [Listener at 127.0.0.1/44209] INFO  http.HttpServer2 (HttpServer2.java:addFilter(1015)) - Added filter static_user_filter (class=org.apache.hadoop.http.lib.StaticUserWebFilter$StaticUserFilter) to context logs
2022-10-09 13:05:33,425 [Listener at 127.0.0.1/44209] INFO  http.HttpServer2 (HttpServer2.java:bindListener(1250)) - Jetty bound to port 38909
2022-10-09 13:05:33,425 [Listener at 127.0.0.1/44209] INFO  server.Server (Server.java:doStart(375)) - jetty-9.4.43.v20210629; built: 2021-06-30T11:07:22.254Z; git: 526006ecfa3af7f1a27ef3a288e2bef7ea9dd7e8; jvm 1.8.0_345-b01
2022-10-09 13:05:33,428 [Listener at 127.0.0.1/44209] INFO  server.session (DefaultSessionIdManager.java:doStart(334)) - DefaultSessionIdManager workerName=node0
2022-10-09 13:05:33,428 [Listener at 127.0.0.1/44209] INFO  server.session (DefaultSessionIdManager.java:doStart(339)) - No SessionScavenger set, using defaults
2022-10-09 13:05:33,428 [Listener at 127.0.0.1/44209] INFO  server.session (HouseKeeper.java:startScavenging(132)) - node0 Scavenging every 660000ms
2022-10-09 13:05:33,429 [Listener at 127.0.0.1/44209] INFO  handler.ContextHandler (ContextHandler.java:doStart(915)) - Started o.e.j.s.ServletContextHandler@58bb4b69{logs,/logs,file:///home/runner/work/ozone/ozone/hadoop-ozone/integration-test/target/log,AVAILABLE}
2022-10-09 13:05:33,429 [Listener at 127.0.0.1/44209] INFO  handler.ContextHandler (ContextHandler.java:doStart(915)) - Started o.e.j.s.ServletContextHandler@2256f14{static,/static,jar:file:/home/runner/.m2/repository/org/apache/ozone/hdds-container-service/1.3.0-SNAPSHOT/hdds-container-service-1.3.0-SNAPSHOT.jar!/webapps/static,AVAILABLE}
2022-10-09 13:05:33,783 [Listener at 127.0.0.1/44209] INFO  handler.ContextHandler (ContextHandler.java:doStart(915)) - Started o.e.j.w.WebAppContext@4874bc0b{hddsDatanode,/,file:///tmp/jetty-0_0_0_0-38909-hdds-container-service-1_3_0-SNAPSHOT_jar-_-any-1844821856631330197/webapp/,AVAILABLE}{jar:file:/home/runner/.m2/repository/org/apache/ozone/hdds-container-service/1.3.0-SNAPSHOT/hdds-container-service-1.3.0-SNAPSHOT.jar!/webapps/hddsDatanode}
2022-10-09 13:05:33,784 [Listener at 127.0.0.1/44209] INFO  server.AbstractConnector (AbstractConnector.java:doStart(331)) - Started ServerConnector@90ffb91{HTTP/1.1, (http/1.1)}{0.0.0.0:38909}
2022-10-09 13:05:33,784 [Listener at 127.0.0.1/44209] INFO  server.Server (Server.java:doStart(415)) - Started @111193ms
2022-10-09 13:05:33,784 [Listener at 127.0.0.1/44209] WARN  impl.MetricsSystemImpl (MetricsSystemImpl.java:register(279)) - Sink prometheus already exists!
2022-10-09 13:05:33,796 [Listener at 127.0.0.1/44209] INFO  http.BaseHttpServer (BaseHttpServer.java:updateConnectorAddress(333)) - HTTP server of hddsDatanode listening at http://0.0.0.0:38909
2022-10-09 13:05:33,800 [Datanode State Machine Daemon Thread] INFO  statemachine.DatanodeStateMachine (DatanodeStateMachine.java:lambda$startDaemon$0(492)) - Ozone container server started.
2022-10-09 13:05:33,800 [Listener at 127.0.0.1/44209] INFO  impl.MetricsSystemImpl (MetricsSystemImpl.java:init(158)) - HddsDatanode metrics system started (again)
2022-10-09 13:05:33,822 [Listener at 127.0.0.1/44209] INFO  ozone.HddsDatanodeService (HddsDatanodeService.java:start(236)) - HddsDatanodeService host:fv-az212-628.zlodpucb4l4udavnfxg5s20dva.cx.internal.cloudapp.net ip:10.1.0.209
2022-10-09 13:05:33,829 [org.apache.hadoop.util.JvmPauseMonitor$Monitor@6610778] INFO  util.JvmPauseMonitor (JvmPauseMonitor.java:run(188)) - Starting JVM pause monitor
2022-10-09 13:05:33,845 [Datanode State Machine Task Thread - 0] INFO  datanode.InitDatanodeState (InitDatanodeState.java:persistContainerDatanodeDetails(138)) - DatanodeDetails is persisted to /home/runner/work/ozone/ozone/hadoop-ozone/integration-test/target/test-dir/MiniOzoneClusterImpl-9b82f26c-8b94-4c2d-8316-029798bb519b/datanode-1/meta/datanode.id
2022-10-09 13:05:33,853 [Listener at 127.0.0.1/44209] INFO  upgrade.AbstractLayoutVersionManager (AbstractLayoutVersionManager.java:init(83)) - Initializing Layout version manager with metadata layout = DATANODE_SCHEMA_V3 (version = 4), software layout = DATANODE_SCHEMA_V3 (version = 4)
2022-10-09 13:05:33,958 [Listener at 127.0.0.1/44209] INFO  reflections.Reflections (Reflections.java:scan(232)) - Reflections took 104 ms to scan 7 urls, producing 135 keys and 327 values 
2022-10-09 13:05:33,966 [Listener at 127.0.0.1/44209] INFO  statemachine.DatanodeStateMachine (DatanodeStateMachine.java:getEndPointTaskThreadPoolSize(237)) - Datanode State Machine Task Thread Pool size 2
2022-10-09 13:05:33,974 [Listener at 127.0.0.1/44209] INFO  volume.HddsVolume (HddsVolume.java:<init>(117)) - Creating HddsVolume: /home/runner/work/ozone/ozone/hadoop-ozone/integration-test/target/test-dir/MiniOzoneClusterImpl-9b82f26c-8b94-4c2d-8316-029798bb519b/datanode-2/data-0/containers/hdds of storage type : DISK capacity : 9223372036854775807
2022-10-09 13:05:33,974 [Listener at 127.0.0.1/44209] INFO  volume.MutableVolumeSet (MutableVolumeSet.java:initializeVolumeSet(174)) - Added Volume : /home/runner/work/ozone/ozone/hadoop-ozone/integration-test/target/test-dir/MiniOzoneClusterImpl-9b82f26c-8b94-4c2d-8316-029798bb519b/datanode-2/data-0/containers/hdds to VolumeSet
2022-10-09 13:05:33,974 [Listener at 127.0.0.1/44209] INFO  volume.ThrottledAsyncChecker (ThrottledAsyncChecker.java:schedule(141)) - Scheduling a check for /home/runner/work/ozone/ozone/hadoop-ozone/integration-test/target/test-dir/MiniOzoneClusterImpl-9b82f26c-8b94-4c2d-8316-029798bb519b/datanode-2/data-0/containers/hdds
2022-10-09 13:05:33,988 [Listener at 127.0.0.1/44209] INFO  volume.StorageVolumeChecker (StorageVolumeChecker.java:checkAllVolumes(202)) - Scheduled health check for volume /home/runner/work/ozone/ozone/hadoop-ozone/integration-test/target/test-dir/MiniOzoneClusterImpl-9b82f26c-8b94-4c2d-8316-029798bb519b/datanode-2/data-0/containers/hdds
2022-10-09 13:05:34,007 [Listener at 127.0.0.1/44209] INFO  volume.MutableVolumeSet (MutableVolumeSet.java:initializeVolumeSet(174)) - Added Volume : /home/runner/work/ozone/ozone/hadoop-ozone/integration-test/target/test-dir/MiniOzoneClusterImpl-9b82f26c-8b94-4c2d-8316-029798bb519b/datanode-2/data/ratis to VolumeSet
2022-10-09 13:05:34,007 [Listener at 127.0.0.1/44209] INFO  volume.ThrottledAsyncChecker (ThrottledAsyncChecker.java:schedule(141)) - Scheduling a check for /home/runner/work/ozone/ozone/hadoop-ozone/integration-test/target/test-dir/MiniOzoneClusterImpl-9b82f26c-8b94-4c2d-8316-029798bb519b/datanode-2/data/ratis
2022-10-09 13:05:34,007 [Listener at 127.0.0.1/44209] INFO  volume.StorageVolumeChecker (StorageVolumeChecker.java:checkAllVolumes(202)) - Scheduled health check for volume /home/runner/work/ozone/ozone/hadoop-ozone/integration-test/target/test-dir/MiniOzoneClusterImpl-9b82f26c-8b94-4c2d-8316-029798bb519b/datanode-2/data/ratis
2022-10-09 13:05:34,035 [Thread-665] INFO  ozoneimpl.ContainerReader (ContainerReader.java:readVolume(175)) - Finish verifying containers on volume /home/runner/work/ozone/ozone/hadoop-ozone/integration-test/target/test-dir/MiniOzoneClusterImpl-9b82f26c-8b94-4c2d-8316-029798bb519b/datanode-2/data-0/containers/hdds
2022-10-09 13:05:34,035 [Listener at 127.0.0.1/44209] INFO  ozoneimpl.OzoneContainer (OzoneContainer.java:buildContainerSet(300)) - Build ContainerSet costs 0s
2022-10-09 13:05:34,038 [Listener at 127.0.0.1/44209] INFO  server.RaftServer (ConfUtils.java:logGet(46)) - raft.rpc.type = GRPC (default)
2022-10-09 13:05:34,038 [Listener at 127.0.0.1/44209] INFO  grpc.GrpcFactory (GrpcFactory.java:checkPooledByteBufAllocatorUseCacheForAllThreads(48)) - PERFORMANCE WARNING: useCacheForAllThreads is true that may cause Netty to create a lot garbage objects and, as a result, trigger GC.
	It is recommended to disable useCacheForAllThreads by setting -Dorg.apache.ratis.thirdparty.io.netty.allocator.useCacheForAllThreads=false in command line.
2022-10-09 13:05:34,038 [Listener at 127.0.0.1/44209] INFO  grpc.GrpcConfigKeys (ConfUtils.java:logGet(46)) - raft.grpc.admin.port = 0 (custom)
2022-10-09 13:05:34,038 [Listener at 127.0.0.1/44209] INFO  grpc.GrpcConfigKeys (ConfUtils.java:logGet(46)) - raft.grpc.client.port = 0 (custom)
2022-10-09 13:05:34,038 [Listener at 127.0.0.1/44209] INFO  grpc.GrpcConfigKeys (ConfUtils.java:logGet(46)) - raft.grpc.server.port = 0 (default)
2022-10-09 13:05:34,039 [Listener at 127.0.0.1/44209] INFO  server.GrpcService (ConfUtils.java:logGet(46)) - raft.grpc.message.size.max = 32MB (=33554432) (custom)
2022-10-09 13:05:34,039 [Listener at 127.0.0.1/44209] INFO  server.RaftServerConfigKeys (ConfUtils.java:logGet(46)) - raft.server.log.appender.buffer.byte-limit = 33554432 (custom)
2022-10-09 13:05:34,039 [Listener at 127.0.0.1/44209] INFO  server.GrpcService (ConfUtils.java:logGet(46)) - raft.grpc.flow.control.window = 5MB (=5242880) (custom)
2022-10-09 13:05:34,039 [Listener at 127.0.0.1/44209] INFO  server.RaftServerConfigKeys (ConfUtils.java:logGet(46)) - raft.server.rpc.request.timeout = 60s (custom)
2022-10-09 13:05:34,039 [Listener at 127.0.0.1/44209] INFO  grpc.GrpcConfigKeys (ConfUtils.java:logGet(46)) - raft.grpc.server.async.request.thread.pool.cached = true (default)
2022-10-09 13:05:34,039 [Listener at 127.0.0.1/44209] INFO  grpc.GrpcConfigKeys (ConfUtils.java:logGet(46)) - raft.grpc.server.async.request.thread.pool.size = 32 (default)
2022-10-09 13:05:34,041 [Listener at 127.0.0.1/44209] INFO  impl.DataStreamServerImpl (ConfUtils.java:logGet(46)) - raft.datastream.type = DISABLED (default)
2022-10-09 13:05:34,041 [Listener at 127.0.0.1/44209] INFO  server.RaftServerConfigKeys (ConfUtils.java:logGet(46)) - raft.server.threadpool.proxy.cached = true (default)
2022-10-09 13:05:34,041 [Listener at 127.0.0.1/44209] INFO  server.RaftServerConfigKeys (ConfUtils.java:logGet(46)) - raft.server.threadpool.proxy.size = 0 (default)
2022-10-09 13:05:34,042 [Listener at 127.0.0.1/44209] INFO  server.RaftServerConfigKeys (ConfUtils.java:logGet(46)) - raft.server.rpc.slowness.timeout = 300s (custom)
2022-10-09 13:05:34,042 [Listener at 127.0.0.1/44209] INFO  server.RaftServerConfigKeys (ConfUtils.java:logGet(46)) - raft.server.leaderelection.leader.step-down.wait-time = 10s (default)
2022-10-09 13:05:34,042 [Listener at 127.0.0.1/44209] INFO  server.RaftServerConfigKeys (ConfUtils.java:logGet(46)) - raft.server.storage.dir = [/home/runner/work/ozone/ozone/hadoop-ozone/integration-test/target/test-dir/MiniOzoneClusterImpl-9b82f26c-8b94-4c2d-8316-029798bb519b/datanode-2/data/ratis] (custom)
2022-10-09 13:05:34,048 [Listener at 127.0.0.1/44209] INFO  server.XceiverServerGrpc (XceiverServerGrpc.java:<init>(132)) - GrpcServer channel type EpollServerSocketChannel
2022-10-09 13:05:34,060 [Listener at 127.0.0.1/44209] INFO  http.BaseHttpServer (BaseHttpServer.java:newHttpServer2BuilderForOzone(213)) - Starting Web-server for hddsDatanode at: http://0.0.0.0:0
2022-10-09 13:05:34,060 [Listener at 127.0.0.1/44209] INFO  http.BaseHttpServer (BaseHttpServer.java:<init>(108)) - Hadoop Security Enabled: false Ozone Security Enabled: false Ozone HTTP Security Enabled: false 
2022-10-09 13:05:34,061 [Listener at 127.0.0.1/44209] INFO  server.AuthenticationFilter (AuthenticationFilter.java:constructSecretProvider(240)) - Unable to initialize FileSignerSecretProvider, falling back to use random secrets.
2022-10-09 13:05:34,071 [Listener at 127.0.0.1/44209] WARN  http.HttpRequestLog (HttpRequestLog.java:getRequestLog(103)) - Jetty request log can only be enabled using Log4j
2022-10-09 13:05:34,072 [Listener at 127.0.0.1/44209] INFO  http.HttpServer2 (HttpServer2.java:addGlobalFilter(1031)) - Added global filter 'safety' (class=org.apache.hadoop.hdds.server.http.HttpServer2$QuotingInputFilter)
2022-10-09 13:05:34,073 [Listener at 127.0.0.1/44209] INFO  http.HttpServer2 (HttpServer2.java:addFilter(1007)) - Added filter static_user_filter (class=org.apache.hadoop.http.lib.StaticUserWebFilter$StaticUserFilter) to context hddsDatanode
2022-10-09 13:05:34,073 [Listener at 127.0.0.1/44209] INFO  http.HttpServer2 (HttpServer2.java:addFilter(1015)) - Added filter static_user_filter (class=org.apache.hadoop.http.lib.StaticUserWebFilter$StaticUserFilter) to context static
2022-10-09 13:05:34,073 [Listener at 127.0.0.1/44209] INFO  http.HttpServer2 (HttpServer2.java:addFilter(1015)) - Added filter static_user_filter (class=org.apache.hadoop.http.lib.StaticUserWebFilter$StaticUserFilter) to context logs
2022-10-09 13:05:34,073 [Listener at 127.0.0.1/44209] INFO  http.HttpServer2 (HttpServer2.java:bindListener(1250)) - Jetty bound to port 39135
2022-10-09 13:05:34,073 [Listener at 127.0.0.1/44209] INFO  server.Server (Server.java:doStart(375)) - jetty-9.4.43.v20210629; built: 2021-06-30T11:07:22.254Z; git: 526006ecfa3af7f1a27ef3a288e2bef7ea9dd7e8; jvm 1.8.0_345-b01
2022-10-09 13:05:34,081 [Listener at 127.0.0.1/44209] INFO  server.session (DefaultSessionIdManager.java:doStart(334)) - DefaultSessionIdManager workerName=node0
2022-10-09 13:05:34,081 [Listener at 127.0.0.1/44209] INFO  server.session (DefaultSessionIdManager.java:doStart(339)) - No SessionScavenger set, using defaults
2022-10-09 13:05:34,081 [Listener at 127.0.0.1/44209] INFO  server.session (HouseKeeper.java:startScavenging(132)) - node0 Scavenging every 600000ms
2022-10-09 13:05:34,085 [Listener at 127.0.0.1/44209] INFO  handler.ContextHandler (ContextHandler.java:doStart(915)) - Started o.e.j.s.ServletContextHandler@28dd27cc{logs,/logs,file:///home/runner/work/ozone/ozone/hadoop-ozone/integration-test/target/log,AVAILABLE}
2022-10-09 13:05:34,085 [Listener at 127.0.0.1/44209] INFO  handler.ContextHandler (ContextHandler.java:doStart(915)) - Started o.e.j.s.ServletContextHandler@57ac128c{static,/static,jar:file:/home/runner/.m2/repository/org/apache/ozone/hdds-container-service/1.3.0-SNAPSHOT/hdds-container-service-1.3.0-SNAPSHOT.jar!/webapps/static,AVAILABLE}
2022-10-09 13:05:34,409 [Listener at 127.0.0.1/44209] INFO  handler.ContextHandler (ContextHandler.java:doStart(915)) - Started o.e.j.w.WebAppContext@27c0b110{hddsDatanode,/,file:///tmp/jetty-0_0_0_0-39135-hdds-container-service-1_3_0-SNAPSHOT_jar-_-any-6999855118020885935/webapp/,AVAILABLE}{jar:file:/home/runner/.m2/repository/org/apache/ozone/hdds-container-service/1.3.0-SNAPSHOT/hdds-container-service-1.3.0-SNAPSHOT.jar!/webapps/hddsDatanode}
2022-10-09 13:05:34,415 [Listener at 127.0.0.1/44209] INFO  server.AbstractConnector (AbstractConnector.java:doStart(331)) - Started ServerConnector@6ba0f{HTTP/1.1, (http/1.1)}{0.0.0.0:39135}
2022-10-09 13:05:34,415 [Listener at 127.0.0.1/44209] INFO  server.Server (Server.java:doStart(415)) - Started @111823ms
2022-10-09 13:05:34,415 [Listener at 127.0.0.1/44209] WARN  impl.MetricsSystemImpl (MetricsSystemImpl.java:register(279)) - Sink prometheus already exists!
2022-10-09 13:05:34,416 [Listener at 127.0.0.1/44209] INFO  http.BaseHttpServer (BaseHttpServer.java:updateConnectorAddress(333)) - HTTP server of hddsDatanode listening at http://0.0.0.0:39135
2022-10-09 13:05:34,416 [Listener at 127.0.0.1/44209] INFO  impl.MetricsSystemImpl (MetricsSystemImpl.java:init(158)) - HddsDatanode metrics system started (again)
2022-10-09 13:05:34,432 [Datanode State Machine Daemon Thread] INFO  statemachine.DatanodeStateMachine (DatanodeStateMachine.java:lambda$startDaemon$0(492)) - Ozone container server started.
2022-10-09 13:05:34,464 [Listener at 127.0.0.1/44209] INFO  ozone.HddsDatanodeService (HddsDatanodeService.java:start(236)) - HddsDatanodeService host:fv-az212-628.zlodpucb4l4udavnfxg5s20dva.cx.internal.cloudapp.net ip:10.1.0.209
2022-10-09 13:05:34,503 [Listener at 127.0.0.1/44209] INFO  upgrade.AbstractLayoutVersionManager (AbstractLayoutVersionManager.java:init(83)) - Initializing Layout version manager with metadata layout = DATANODE_SCHEMA_V3 (version = 4), software layout = DATANODE_SCHEMA_V3 (version = 4)
2022-10-09 13:05:34,512 [org.apache.hadoop.util.JvmPauseMonitor$Monitor@25c9aff7] INFO  util.JvmPauseMonitor (JvmPauseMonitor.java:run(188)) - Starting JVM pause monitor
2022-10-09 13:05:34,539 [Datanode State Machine Task Thread - 0] INFO  datanode.InitDatanodeState (InitDatanodeState.java:persistContainerDatanodeDetails(138)) - DatanodeDetails is persisted to /home/runner/work/ozone/ozone/hadoop-ozone/integration-test/target/test-dir/MiniOzoneClusterImpl-9b82f26c-8b94-4c2d-8316-029798bb519b/datanode-2/meta/datanode.id
2022-10-09 13:05:34,583 [Listener at 127.0.0.1/44209] INFO  reflections.Reflections (Reflections.java:scan(232)) - Reflections took 71 ms to scan 7 urls, producing 135 keys and 327 values 
2022-10-09 13:05:34,584 [Listener at 127.0.0.1/44209] INFO  statemachine.DatanodeStateMachine (DatanodeStateMachine.java:getEndPointTaskThreadPoolSize(237)) - Datanode State Machine Task Thread Pool size 2
2022-10-09 13:05:34,586 [Listener at 127.0.0.1/44209] INFO  volume.HddsVolume (HddsVolume.java:<init>(117)) - Creating HddsVolume: /home/runner/work/ozone/ozone/hadoop-ozone/integration-test/target/test-dir/MiniOzoneClusterImpl-9b82f26c-8b94-4c2d-8316-029798bb519b/datanode-3/data-0/containers/hdds of storage type : DISK capacity : 9223372036854775807
2022-10-09 13:05:34,586 [Listener at 127.0.0.1/44209] INFO  volume.MutableVolumeSet (MutableVolumeSet.java:initializeVolumeSet(174)) - Added Volume : /home/runner/work/ozone/ozone/hadoop-ozone/integration-test/target/test-dir/MiniOzoneClusterImpl-9b82f26c-8b94-4c2d-8316-029798bb519b/datanode-3/data-0/containers/hdds to VolumeSet
2022-10-09 13:05:34,587 [Listener at 127.0.0.1/44209] INFO  volume.ThrottledAsyncChecker (ThrottledAsyncChecker.java:schedule(141)) - Scheduling a check for /home/runner/work/ozone/ozone/hadoop-ozone/integration-test/target/test-dir/MiniOzoneClusterImpl-9b82f26c-8b94-4c2d-8316-029798bb519b/datanode-3/data-0/containers/hdds
2022-10-09 13:05:34,587 [Listener at 127.0.0.1/44209] INFO  volume.StorageVolumeChecker (StorageVolumeChecker.java:checkAllVolumes(202)) - Scheduled health check for volume /home/runner/work/ozone/ozone/hadoop-ozone/integration-test/target/test-dir/MiniOzoneClusterImpl-9b82f26c-8b94-4c2d-8316-029798bb519b/datanode-3/data-0/containers/hdds
2022-10-09 13:05:34,607 [Listener at 127.0.0.1/44209] INFO  volume.MutableVolumeSet (MutableVolumeSet.java:initializeVolumeSet(174)) - Added Volume : /home/runner/work/ozone/ozone/hadoop-ozone/integration-test/target/test-dir/MiniOzoneClusterImpl-9b82f26c-8b94-4c2d-8316-029798bb519b/datanode-3/data/ratis to VolumeSet
2022-10-09 13:05:34,608 [Listener at 127.0.0.1/44209] INFO  volume.ThrottledAsyncChecker (ThrottledAsyncChecker.java:schedule(141)) - Scheduling a check for /home/runner/work/ozone/ozone/hadoop-ozone/integration-test/target/test-dir/MiniOzoneClusterImpl-9b82f26c-8b94-4c2d-8316-029798bb519b/datanode-3/data/ratis
2022-10-09 13:05:34,608 [Listener at 127.0.0.1/44209] INFO  volume.StorageVolumeChecker (StorageVolumeChecker.java:checkAllVolumes(202)) - Scheduled health check for volume /home/runner/work/ozone/ozone/hadoop-ozone/integration-test/target/test-dir/MiniOzoneClusterImpl-9b82f26c-8b94-4c2d-8316-029798bb519b/datanode-3/data/ratis
2022-10-09 13:05:34,626 [Thread-678] INFO  ozoneimpl.ContainerReader (ContainerReader.java:readVolume(175)) - Finish verifying containers on volume /home/runner/work/ozone/ozone/hadoop-ozone/integration-test/target/test-dir/MiniOzoneClusterImpl-9b82f26c-8b94-4c2d-8316-029798bb519b/datanode-3/data-0/containers/hdds
2022-10-09 13:05:34,626 [Listener at 127.0.0.1/44209] INFO  ozoneimpl.OzoneContainer (OzoneContainer.java:buildContainerSet(300)) - Build ContainerSet costs 0s
2022-10-09 13:05:34,629 [Listener at 127.0.0.1/44209] INFO  server.RaftServer (ConfUtils.java:logGet(46)) - raft.rpc.type = GRPC (default)
2022-10-09 13:05:34,629 [Listener at 127.0.0.1/44209] INFO  grpc.GrpcFactory (GrpcFactory.java:checkPooledByteBufAllocatorUseCacheForAllThreads(48)) - PERFORMANCE WARNING: useCacheForAllThreads is true that may cause Netty to create a lot garbage objects and, as a result, trigger GC.
	It is recommended to disable useCacheForAllThreads by setting -Dorg.apache.ratis.thirdparty.io.netty.allocator.useCacheForAllThreads=false in command line.
2022-10-09 13:05:34,630 [Listener at 127.0.0.1/44209] INFO  grpc.GrpcConfigKeys (ConfUtils.java:logGet(46)) - raft.grpc.admin.port = 0 (custom)
2022-10-09 13:05:34,630 [Listener at 127.0.0.1/44209] INFO  grpc.GrpcConfigKeys (ConfUtils.java:logGet(46)) - raft.grpc.client.port = 0 (custom)
2022-10-09 13:05:34,630 [Listener at 127.0.0.1/44209] INFO  grpc.GrpcConfigKeys (ConfUtils.java:logGet(46)) - raft.grpc.server.port = 0 (default)
2022-10-09 13:05:34,630 [Listener at 127.0.0.1/44209] INFO  server.GrpcService (ConfUtils.java:logGet(46)) - raft.grpc.message.size.max = 32MB (=33554432) (custom)
2022-10-09 13:05:34,630 [Listener at 127.0.0.1/44209] INFO  server.RaftServerConfigKeys (ConfUtils.java:logGet(46)) - raft.server.log.appender.buffer.byte-limit = 33554432 (custom)
2022-10-09 13:05:34,630 [Listener at 127.0.0.1/44209] INFO  server.GrpcService (ConfUtils.java:logGet(46)) - raft.grpc.flow.control.window = 5MB (=5242880) (custom)
2022-10-09 13:05:34,630 [Listener at 127.0.0.1/44209] INFO  server.RaftServerConfigKeys (ConfUtils.java:logGet(46)) - raft.server.rpc.request.timeout = 60s (custom)
2022-10-09 13:05:34,630 [Listener at 127.0.0.1/44209] INFO  grpc.GrpcConfigKeys (ConfUtils.java:logGet(46)) - raft.grpc.server.async.request.thread.pool.cached = true (default)
2022-10-09 13:05:34,630 [Listener at 127.0.0.1/44209] INFO  grpc.GrpcConfigKeys (ConfUtils.java:logGet(46)) - raft.grpc.server.async.request.thread.pool.size = 32 (default)
2022-10-09 13:05:34,631 [Listener at 127.0.0.1/44209] INFO  impl.DataStreamServerImpl (ConfUtils.java:logGet(46)) - raft.datastream.type = DISABLED (default)
2022-10-09 13:05:34,632 [Listener at 127.0.0.1/44209] INFO  server.RaftServerConfigKeys (ConfUtils.java:logGet(46)) - raft.server.threadpool.proxy.cached = true (default)
2022-10-09 13:05:34,632 [Listener at 127.0.0.1/44209] INFO  server.RaftServerConfigKeys (ConfUtils.java:logGet(46)) - raft.server.threadpool.proxy.size = 0 (default)
2022-10-09 13:05:34,632 [Listener at 127.0.0.1/44209] INFO  server.RaftServerConfigKeys (ConfUtils.java:logGet(46)) - raft.server.rpc.slowness.timeout = 300s (custom)
2022-10-09 13:05:34,632 [Listener at 127.0.0.1/44209] INFO  server.RaftServerConfigKeys (ConfUtils.java:logGet(46)) - raft.server.leaderelection.leader.step-down.wait-time = 10s (default)
2022-10-09 13:05:34,632 [Listener at 127.0.0.1/44209] INFO  server.RaftServerConfigKeys (ConfUtils.java:logGet(46)) - raft.server.storage.dir = [/home/runner/work/ozone/ozone/hadoop-ozone/integration-test/target/test-dir/MiniOzoneClusterImpl-9b82f26c-8b94-4c2d-8316-029798bb519b/datanode-3/data/ratis] (custom)
2022-10-09 13:05:34,639 [Listener at 127.0.0.1/44209] INFO  server.XceiverServerGrpc (XceiverServerGrpc.java:<init>(132)) - GrpcServer channel type EpollServerSocketChannel
2022-10-09 13:05:34,646 [Listener at 127.0.0.1/44209] INFO  http.BaseHttpServer (BaseHttpServer.java:newHttpServer2BuilderForOzone(213)) - Starting Web-server for hddsDatanode at: http://0.0.0.0:0
2022-10-09 13:05:34,646 [Listener at 127.0.0.1/44209] INFO  http.BaseHttpServer (BaseHttpServer.java:<init>(108)) - Hadoop Security Enabled: false Ozone Security Enabled: false Ozone HTTP Security Enabled: false 
2022-10-09 13:05:34,647 [Listener at 127.0.0.1/44209] INFO  server.AuthenticationFilter (AuthenticationFilter.java:constructSecretProvider(240)) - Unable to initialize FileSignerSecretProvider, falling back to use random secrets.
2022-10-09 13:05:34,648 [Listener at 127.0.0.1/44209] WARN  http.HttpRequestLog (HttpRequestLog.java:getRequestLog(103)) - Jetty request log can only be enabled using Log4j
2022-10-09 13:05:34,649 [Listener at 127.0.0.1/44209] INFO  http.HttpServer2 (HttpServer2.java:addGlobalFilter(1031)) - Added global filter 'safety' (class=org.apache.hadoop.hdds.server.http.HttpServer2$QuotingInputFilter)
2022-10-09 13:05:34,649 [Listener at 127.0.0.1/44209] INFO  http.HttpServer2 (HttpServer2.java:addFilter(1007)) - Added filter static_user_filter (class=org.apache.hadoop.http.lib.StaticUserWebFilter$StaticUserFilter) to context hddsDatanode
2022-10-09 13:05:34,650 [Listener at 127.0.0.1/44209] INFO  http.HttpServer2 (HttpServer2.java:addFilter(1015)) - Added filter static_user_filter (class=org.apache.hadoop.http.lib.StaticUserWebFilter$StaticUserFilter) to context logs
2022-10-09 13:05:34,650 [Listener at 127.0.0.1/44209] INFO  http.HttpServer2 (HttpServer2.java:addFilter(1015)) - Added filter static_user_filter (class=org.apache.hadoop.http.lib.StaticUserWebFilter$StaticUserFilter) to context static
2022-10-09 13:05:34,651 [Listener at 127.0.0.1/44209] INFO  http.HttpServer2 (HttpServer2.java:bindListener(1250)) - Jetty bound to port 32913
2022-10-09 13:05:34,651 [Listener at 127.0.0.1/44209] INFO  server.Server (Server.java:doStart(375)) - jetty-9.4.43.v20210629; built: 2021-06-30T11:07:22.254Z; git: 526006ecfa3af7f1a27ef3a288e2bef7ea9dd7e8; jvm 1.8.0_345-b01
2022-10-09 13:05:34,667 [Listener at 127.0.0.1/44209] INFO  server.session (DefaultSessionIdManager.java:doStart(334)) - DefaultSessionIdManager workerName=node0
2022-10-09 13:05:34,667 [Listener at 127.0.0.1/44209] INFO  server.session (DefaultSessionIdManager.java:doStart(339)) - No SessionScavenger set, using defaults
2022-10-09 13:05:34,668 [Listener at 127.0.0.1/44209] INFO  server.session (HouseKeeper.java:startScavenging(132)) - node0 Scavenging every 660000ms
2022-10-09 13:05:34,676 [Listener at 127.0.0.1/44209] INFO  handler.ContextHandler (ContextHandler.java:doStart(915)) - Started o.e.j.s.ServletContextHandler@68cbf488{logs,/logs,file:///home/runner/work/ozone/ozone/hadoop-ozone/integration-test/target/log,AVAILABLE}
2022-10-09 13:05:34,676 [Listener at 127.0.0.1/44209] INFO  handler.ContextHandler (ContextHandler.java:doStart(915)) - Started o.e.j.s.ServletContextHandler@43bd267a{static,/static,jar:file:/home/runner/.m2/repository/org/apache/ozone/hdds-container-service/1.3.0-SNAPSHOT/hdds-container-service-1.3.0-SNAPSHOT.jar!/webapps/static,AVAILABLE}
2022-10-09 13:05:34,947 [Listener at 127.0.0.1/44209] INFO  handler.ContextHandler (ContextHandler.java:doStart(915)) - Started o.e.j.w.WebAppContext@67976e3b{hddsDatanode,/,file:///tmp/jetty-0_0_0_0-32913-hdds-container-service-1_3_0-SNAPSHOT_jar-_-any-1173412305918756907/webapp/,AVAILABLE}{jar:file:/home/runner/.m2/repository/org/apache/ozone/hdds-container-service/1.3.0-SNAPSHOT/hdds-container-service-1.3.0-SNAPSHOT.jar!/webapps/hddsDatanode}
2022-10-09 13:05:34,950 [Listener at 127.0.0.1/44209] INFO  server.AbstractConnector (AbstractConnector.java:doStart(331)) - Started ServerConnector@64219a93{HTTP/1.1, (http/1.1)}{0.0.0.0:32913}
2022-10-09 13:05:34,950 [Listener at 127.0.0.1/44209] INFO  server.Server (Server.java:doStart(415)) - Started @112358ms
2022-10-09 13:05:34,950 [Listener at 127.0.0.1/44209] WARN  impl.MetricsSystemImpl (MetricsSystemImpl.java:register(279)) - Sink prometheus already exists!
2022-10-09 13:05:34,951 [Listener at 127.0.0.1/44209] INFO  http.BaseHttpServer (BaseHttpServer.java:updateConnectorAddress(333)) - HTTP server of hddsDatanode listening at http://0.0.0.0:32913
2022-10-09 13:05:34,951 [Listener at 127.0.0.1/44209] INFO  impl.MetricsSystemImpl (MetricsSystemImpl.java:init(158)) - HddsDatanode metrics system started (again)
2022-10-09 13:05:34,961 [Datanode State Machine Daemon Thread] INFO  statemachine.DatanodeStateMachine (DatanodeStateMachine.java:lambda$startDaemon$0(492)) - Ozone container server started.
2022-10-09 13:05:34,982 [Listener at 127.0.0.1/44209] INFO  ozone.HddsDatanodeService (HddsDatanodeService.java:start(236)) - HddsDatanodeService host:fv-az212-628.zlodpucb4l4udavnfxg5s20dva.cx.internal.cloudapp.net ip:10.1.0.209
2022-10-09 13:05:35,017 [org.apache.hadoop.util.JvmPauseMonitor$Monitor@18595eac] INFO  util.JvmPauseMonitor (JvmPauseMonitor.java:run(188)) - Starting JVM pause monitor
2022-10-09 13:05:35,029 [Datanode State Machine Task Thread - 0] INFO  datanode.InitDatanodeState (InitDatanodeState.java:persistContainerDatanodeDetails(138)) - DatanodeDetails is persisted to /home/runner/work/ozone/ozone/hadoop-ozone/integration-test/target/test-dir/MiniOzoneClusterImpl-9b82f26c-8b94-4c2d-8316-029798bb519b/datanode-3/meta/datanode.id
2022-10-09 13:05:35,059 [Listener at 127.0.0.1/44209] INFO  upgrade.AbstractLayoutVersionManager (AbstractLayoutVersionManager.java:init(83)) - Initializing Layout version manager with metadata layout = DATANODE_SCHEMA_V3 (version = 4), software layout = DATANODE_SCHEMA_V3 (version = 4)
2022-10-09 13:05:35,148 [Listener at 127.0.0.1/44209] INFO  reflections.Reflections (Reflections.java:scan(232)) - Reflections took 77 ms to scan 7 urls, producing 135 keys and 327 values 
2022-10-09 13:05:35,149 [Listener at 127.0.0.1/44209] INFO  statemachine.DatanodeStateMachine (DatanodeStateMachine.java:getEndPointTaskThreadPoolSize(237)) - Datanode State Machine Task Thread Pool size 2
2022-10-09 13:05:35,163 [Listener at 127.0.0.1/44209] INFO  volume.HddsVolume (HddsVolume.java:<init>(117)) - Creating HddsVolume: /home/runner/work/ozone/ozone/hadoop-ozone/integration-test/target/test-dir/MiniOzoneClusterImpl-9b82f26c-8b94-4c2d-8316-029798bb519b/datanode-4/data-0/containers/hdds of storage type : DISK capacity : 9223372036854775807
2022-10-09 13:05:35,163 [Listener at 127.0.0.1/44209] INFO  volume.MutableVolumeSet (MutableVolumeSet.java:initializeVolumeSet(174)) - Added Volume : /home/runner/work/ozone/ozone/hadoop-ozone/integration-test/target/test-dir/MiniOzoneClusterImpl-9b82f26c-8b94-4c2d-8316-029798bb519b/datanode-4/data-0/containers/hdds to VolumeSet
2022-10-09 13:05:35,163 [Listener at 127.0.0.1/44209] INFO  volume.ThrottledAsyncChecker (ThrottledAsyncChecker.java:schedule(141)) - Scheduling a check for /home/runner/work/ozone/ozone/hadoop-ozone/integration-test/target/test-dir/MiniOzoneClusterImpl-9b82f26c-8b94-4c2d-8316-029798bb519b/datanode-4/data-0/containers/hdds
2022-10-09 13:05:35,168 [Listener at 127.0.0.1/44209] INFO  volume.StorageVolumeChecker (StorageVolumeChecker.java:checkAllVolumes(202)) - Scheduled health check for volume /home/runner/work/ozone/ozone/hadoop-ozone/integration-test/target/test-dir/MiniOzoneClusterImpl-9b82f26c-8b94-4c2d-8316-029798bb519b/datanode-4/data-0/containers/hdds
2022-10-09 13:05:35,188 [Listener at 127.0.0.1/44209] INFO  volume.MutableVolumeSet (MutableVolumeSet.java:initializeVolumeSet(174)) - Added Volume : /home/runner/work/ozone/ozone/hadoop-ozone/integration-test/target/test-dir/MiniOzoneClusterImpl-9b82f26c-8b94-4c2d-8316-029798bb519b/datanode-4/data/ratis to VolumeSet
2022-10-09 13:05:35,188 [Listener at 127.0.0.1/44209] INFO  volume.ThrottledAsyncChecker (ThrottledAsyncChecker.java:schedule(141)) - Scheduling a check for /home/runner/work/ozone/ozone/hadoop-ozone/integration-test/target/test-dir/MiniOzoneClusterImpl-9b82f26c-8b94-4c2d-8316-029798bb519b/datanode-4/data/ratis
2022-10-09 13:05:35,192 [Listener at 127.0.0.1/44209] INFO  volume.StorageVolumeChecker (StorageVolumeChecker.java:checkAllVolumes(202)) - Scheduled health check for volume /home/runner/work/ozone/ozone/hadoop-ozone/integration-test/target/test-dir/MiniOzoneClusterImpl-9b82f26c-8b94-4c2d-8316-029798bb519b/datanode-4/data/ratis
2022-10-09 13:05:35,202 [Thread-691] INFO  ozoneimpl.ContainerReader (ContainerReader.java:readVolume(175)) - Finish verifying containers on volume /home/runner/work/ozone/ozone/hadoop-ozone/integration-test/target/test-dir/MiniOzoneClusterImpl-9b82f26c-8b94-4c2d-8316-029798bb519b/datanode-4/data-0/containers/hdds
2022-10-09 13:05:35,202 [Listener at 127.0.0.1/44209] INFO  ozoneimpl.OzoneContainer (OzoneContainer.java:buildContainerSet(300)) - Build ContainerSet costs 0s
2022-10-09 13:05:35,204 [Listener at 127.0.0.1/44209] INFO  server.RaftServer (ConfUtils.java:logGet(46)) - raft.rpc.type = GRPC (default)
2022-10-09 13:05:35,204 [Listener at 127.0.0.1/44209] INFO  grpc.GrpcFactory (GrpcFactory.java:checkPooledByteBufAllocatorUseCacheForAllThreads(48)) - PERFORMANCE WARNING: useCacheForAllThreads is true that may cause Netty to create a lot garbage objects and, as a result, trigger GC.
	It is recommended to disable useCacheForAllThreads by setting -Dorg.apache.ratis.thirdparty.io.netty.allocator.useCacheForAllThreads=false in command line.
2022-10-09 13:05:35,204 [Listener at 127.0.0.1/44209] INFO  grpc.GrpcConfigKeys (ConfUtils.java:logGet(46)) - raft.grpc.admin.port = 0 (custom)
2022-10-09 13:05:35,204 [Listener at 127.0.0.1/44209] INFO  grpc.GrpcConfigKeys (ConfUtils.java:logGet(46)) - raft.grpc.client.port = 0 (custom)
2022-10-09 13:05:35,204 [Listener at 127.0.0.1/44209] INFO  grpc.GrpcConfigKeys (ConfUtils.java:logGet(46)) - raft.grpc.server.port = 0 (default)
2022-10-09 13:05:35,204 [Listener at 127.0.0.1/44209] INFO  server.GrpcService (ConfUtils.java:logGet(46)) - raft.grpc.message.size.max = 32MB (=33554432) (custom)
2022-10-09 13:05:35,204 [Listener at 127.0.0.1/44209] INFO  server.RaftServerConfigKeys (ConfUtils.java:logGet(46)) - raft.server.log.appender.buffer.byte-limit = 33554432 (custom)
2022-10-09 13:05:35,204 [Listener at 127.0.0.1/44209] INFO  server.GrpcService (ConfUtils.java:logGet(46)) - raft.grpc.flow.control.window = 5MB (=5242880) (custom)
2022-10-09 13:05:35,205 [Listener at 127.0.0.1/44209] INFO  server.RaftServerConfigKeys (ConfUtils.java:logGet(46)) - raft.server.rpc.request.timeout = 60s (custom)
2022-10-09 13:05:35,205 [Listener at 127.0.0.1/44209] INFO  grpc.GrpcConfigKeys (ConfUtils.java:logGet(46)) - raft.grpc.server.async.request.thread.pool.cached = true (default)
2022-10-09 13:05:35,205 [Listener at 127.0.0.1/44209] INFO  grpc.GrpcConfigKeys (ConfUtils.java:logGet(46)) - raft.grpc.server.async.request.thread.pool.size = 32 (default)
2022-10-09 13:05:35,206 [Listener at 127.0.0.1/44209] INFO  impl.DataStreamServerImpl (ConfUtils.java:logGet(46)) - raft.datastream.type = DISABLED (default)
2022-10-09 13:05:35,206 [Listener at 127.0.0.1/44209] INFO  server.RaftServerConfigKeys (ConfUtils.java:logGet(46)) - raft.server.threadpool.proxy.cached = true (default)
2022-10-09 13:05:35,206 [Listener at 127.0.0.1/44209] INFO  server.RaftServerConfigKeys (ConfUtils.java:logGet(46)) - raft.server.threadpool.proxy.size = 0 (default)
2022-10-09 13:05:35,206 [Listener at 127.0.0.1/44209] INFO  server.RaftServerConfigKeys (ConfUtils.java:logGet(46)) - raft.server.rpc.slowness.timeout = 300s (custom)
2022-10-09 13:05:35,206 [Listener at 127.0.0.1/44209] INFO  server.RaftServerConfigKeys (ConfUtils.java:logGet(46)) - raft.server.leaderelection.leader.step-down.wait-time = 10s (default)
2022-10-09 13:05:35,206 [Listener at 127.0.0.1/44209] INFO  server.RaftServerConfigKeys (ConfUtils.java:logGet(46)) - raft.server.storage.dir = [/home/runner/work/ozone/ozone/hadoop-ozone/integration-test/target/test-dir/MiniOzoneClusterImpl-9b82f26c-8b94-4c2d-8316-029798bb519b/datanode-4/data/ratis] (custom)
2022-10-09 13:05:35,208 [Listener at 127.0.0.1/44209] INFO  server.XceiverServerGrpc (XceiverServerGrpc.java:<init>(132)) - GrpcServer channel type EpollServerSocketChannel
2022-10-09 13:05:35,210 [Listener at 127.0.0.1/44209] INFO  http.BaseHttpServer (BaseHttpServer.java:newHttpServer2BuilderForOzone(213)) - Starting Web-server for hddsDatanode at: http://0.0.0.0:0
2022-10-09 13:05:35,210 [Listener at 127.0.0.1/44209] INFO  http.BaseHttpServer (BaseHttpServer.java:<init>(108)) - Hadoop Security Enabled: false Ozone Security Enabled: false Ozone HTTP Security Enabled: false 
2022-10-09 13:05:35,211 [Listener at 127.0.0.1/44209] INFO  server.AuthenticationFilter (AuthenticationFilter.java:constructSecretProvider(240)) - Unable to initialize FileSignerSecretProvider, falling back to use random secrets.
2022-10-09 13:05:35,212 [Listener at 127.0.0.1/44209] WARN  http.HttpRequestLog (HttpRequestLog.java:getRequestLog(103)) - Jetty request log can only be enabled using Log4j
2022-10-09 13:05:35,213 [Listener at 127.0.0.1/44209] INFO  http.HttpServer2 (HttpServer2.java:addGlobalFilter(1031)) - Added global filter 'safety' (class=org.apache.hadoop.hdds.server.http.HttpServer2$QuotingInputFilter)
2022-10-09 13:05:35,213 [Listener at 127.0.0.1/44209] INFO  http.HttpServer2 (HttpServer2.java:addFilter(1007)) - Added filter static_user_filter (class=org.apache.hadoop.http.lib.StaticUserWebFilter$StaticUserFilter) to context hddsDatanode
2022-10-09 13:05:35,213 [Listener at 127.0.0.1/44209] INFO  http.HttpServer2 (HttpServer2.java:addFilter(1015)) - Added filter static_user_filter (class=org.apache.hadoop.http.lib.StaticUserWebFilter$StaticUserFilter) to context logs
2022-10-09 13:05:35,213 [Listener at 127.0.0.1/44209] INFO  http.HttpServer2 (HttpServer2.java:addFilter(1015)) - Added filter static_user_filter (class=org.apache.hadoop.http.lib.StaticUserWebFilter$StaticUserFilter) to context static
2022-10-09 13:05:35,214 [Listener at 127.0.0.1/44209] INFO  http.HttpServer2 (HttpServer2.java:bindListener(1250)) - Jetty bound to port 35695
2022-10-09 13:05:35,214 [Listener at 127.0.0.1/44209] INFO  server.Server (Server.java:doStart(375)) - jetty-9.4.43.v20210629; built: 2021-06-30T11:07:22.254Z; git: 526006ecfa3af7f1a27ef3a288e2bef7ea9dd7e8; jvm 1.8.0_345-b01
2022-10-09 13:05:35,274 [Listener at 127.0.0.1/44209] INFO  server.session (DefaultSessionIdManager.java:doStart(334)) - DefaultSessionIdManager workerName=node0
2022-10-09 13:05:35,274 [Listener at 127.0.0.1/44209] INFO  server.session (DefaultSessionIdManager.java:doStart(339)) - No SessionScavenger set, using defaults
2022-10-09 13:05:35,274 [Listener at 127.0.0.1/44209] INFO  server.session (HouseKeeper.java:startScavenging(132)) - node0 Scavenging every 660000ms
2022-10-09 13:05:35,275 [Listener at 127.0.0.1/44209] INFO  handler.ContextHandler (ContextHandler.java:doStart(915)) - Started o.e.j.s.ServletContextHandler@5ebaad5e{logs,/logs,file:///home/runner/work/ozone/ozone/hadoop-ozone/integration-test/target/log,AVAILABLE}
2022-10-09 13:05:35,275 [Listener at 127.0.0.1/44209] INFO  handler.ContextHandler (ContextHandler.java:doStart(915)) - Started o.e.j.s.ServletContextHandler@658e67e1{static,/static,jar:file:/home/runner/.m2/repository/org/apache/ozone/hdds-container-service/1.3.0-SNAPSHOT/hdds-container-service-1.3.0-SNAPSHOT.jar!/webapps/static,AVAILABLE}
2022-10-09 13:05:35,422 [EndpointStateMachine task thread for /0.0.0.0:43961 - 0 ] INFO  volume.HddsVolume (HddsVolume.java:createDbStore(307)) - SchemaV3 db is created and loaded at /home/runner/work/ozone/ozone/hadoop-ozone/integration-test/target/test-dir/MiniOzoneClusterImpl-9b82f26c-8b94-4c2d-8316-029798bb519b/datanode-0/data-0/containers/hdds/9b82f26c-8b94-4c2d-8316-029798bb519b/DS-dd15ee6c-2dbb-4aae-8dd5-c23378448955/container.db for volume DS-dd15ee6c-2dbb-4aae-8dd5-c23378448955
2022-10-09 13:05:35,423 [EndpointStateMachine task thread for /0.0.0.0:43961 - 0 ] INFO  volume.HddsVolume (HddsVolume.java:closeDbStore(338)) - SchemaV3 db is stopped at /home/runner/work/ozone/ozone/hadoop-ozone/integration-test/target/test-dir/MiniOzoneClusterImpl-9b82f26c-8b94-4c2d-8316-029798bb519b/datanode-0/data-0/containers/hdds/9b82f26c-8b94-4c2d-8316-029798bb519b/DS-dd15ee6c-2dbb-4aae-8dd5-c23378448955/container.db for volume DS-dd15ee6c-2dbb-4aae-8dd5-c23378448955
2022-10-09 13:05:35,436 [EndpointStateMachine task thread for /0.0.0.0:43961 - 0 ] INFO  ozoneimpl.OzoneContainer (OzoneContainer.java:start(378)) - Attempting to start container services.
2022-10-09 13:05:35,436 [EndpointStateMachine task thread for /0.0.0.0:43961 - 0 ] INFO  ozoneimpl.OzoneContainer (OzoneContainer.java:startContainerScrub(313)) - Background container scanner has been disabled.
2022-10-09 13:05:35,480 [EndpointStateMachine task thread for /0.0.0.0:43961 - 0 ] INFO  replication.ReplicationServer (ReplicationServer.java:start(111)) - ReplicationServer is started using port 44807
2022-10-09 13:05:35,481 [EndpointStateMachine task thread for /0.0.0.0:43961 - 0 ] INFO  ratis.XceiverServerRatis (XceiverServerRatis.java:start(481)) - Starting XceiverServerRatis 0e0cd2e9-f605-4044-a07f-8c47171ce2f7
2022-10-09 13:05:35,482 [EndpointStateMachine task thread for /0.0.0.0:43961 - 0 ] INFO  server.RaftServer (RaftServerProxy.java:lambda$start$6(382)) - 0e0cd2e9-f605-4044-a07f-8c47171ce2f7: start RPC server
2022-10-09 13:05:35,491 [EndpointStateMachine task thread for /0.0.0.0:43961 - 0 ] INFO  server.GrpcService (GrpcService.java:startImpl(260)) - 0e0cd2e9-f605-4044-a07f-8c47171ce2f7: GrpcService started, listening on 36435
2022-10-09 13:05:35,496 [EndpointStateMachine task thread for /0.0.0.0:43961 - 0 ] INFO  ratis.XceiverServerRatis (XceiverServerRatis.java:getRealPort(502)) - XceiverServerRatis 0e0cd2e9-f605-4044-a07f-8c47171ce2f7 is started using port 36435 for RATIS
2022-10-09 13:05:35,496 [EndpointStateMachine task thread for /0.0.0.0:43961 - 0 ] INFO  ratis.XceiverServerRatis (XceiverServerRatis.java:getRealPort(502)) - XceiverServerRatis 0e0cd2e9-f605-4044-a07f-8c47171ce2f7 is started using port 36435 for RATIS_ADMIN
2022-10-09 13:05:35,496 [EndpointStateMachine task thread for /0.0.0.0:43961 - 0 ] INFO  ratis.XceiverServerRatis (XceiverServerRatis.java:getRealPort(502)) - XceiverServerRatis 0e0cd2e9-f605-4044-a07f-8c47171ce2f7 is started using port 36435 for RATIS_SERVER
2022-10-09 13:05:35,496 [org.apache.ratis.util.JvmPauseMonitor$$Lambda$636/1153107596@31175616] INFO  util.JvmPauseMonitor (JvmPauseMonitor.java:run(103)) - JvmPauseMonitor-0e0cd2e9-f605-4044-a07f-8c47171ce2f7: Started
2022-10-09 13:05:35,532 [EndpointStateMachine task thread for /0.0.0.0:43961 - 0 ] INFO  server.XceiverServerGrpc (XceiverServerGrpc.java:start(180)) - XceiverServerGrpc 0e0cd2e9-f605-4044-a07f-8c47171ce2f7 is started using port 40693
2022-10-09 13:05:35,709 [Listener at 127.0.0.1/44209] INFO  handler.ContextHandler (ContextHandler.java:doStart(915)) - Started o.e.j.w.WebAppContext@4adc7e4e{hddsDatanode,/,file:///tmp/jetty-0_0_0_0-35695-hdds-container-service-1_3_0-SNAPSHOT_jar-_-any-3181317522006985599/webapp/,AVAILABLE}{jar:file:/home/runner/.m2/repository/org/apache/ozone/hdds-container-service/1.3.0-SNAPSHOT/hdds-container-service-1.3.0-SNAPSHOT.jar!/webapps/hddsDatanode}
2022-10-09 13:05:35,717 [Listener at 127.0.0.1/44209] INFO  server.AbstractConnector (AbstractConnector.java:doStart(331)) - Started ServerConnector@143d045{HTTP/1.1, (http/1.1)}{0.0.0.0:35695}
2022-10-09 13:05:35,717 [Listener at 127.0.0.1/44209] INFO  server.Server (Server.java:doStart(415)) - Started @113126ms
2022-10-09 13:05:35,717 [Listener at 127.0.0.1/44209] WARN  impl.MetricsSystemImpl (MetricsSystemImpl.java:register(279)) - Sink prometheus already exists!
2022-10-09 13:05:35,718 [Listener at 127.0.0.1/44209] INFO  http.BaseHttpServer (BaseHttpServer.java:updateConnectorAddress(333)) - HTTP server of hddsDatanode listening at http://0.0.0.0:35695
2022-10-09 13:05:35,720 [Listener at 127.0.0.1/44209] INFO  ozone.MiniOzoneClusterImpl (MiniOzoneClusterImpl.java:lambda$waitForClusterToBeReady$0(216)) - Waiting for nodes to be ready. Got 0 of 5 DN Heartbeats.
2022-10-09 13:05:35,720 [Listener at 127.0.0.1/44209] INFO  ozone.MiniOzoneClusterImpl (MiniOzoneClusterImpl.java:lambda$waitForClusterToBeReady$0(219)) - Waiting for cluster to exit safe mode
2022-10-09 13:05:35,720 [Listener at 127.0.0.1/44209] INFO  ozone.MiniOzoneClusterImpl (MiniOzoneClusterImpl.java:lambda$waitForClusterToBeReady$0(221)) - SCM became leader
2022-10-09 13:05:35,720 [Datanode State Machine Daemon Thread] INFO  statemachine.DatanodeStateMachine (DatanodeStateMachine.java:lambda$startDaemon$0(492)) - Ozone container server started.
2022-10-09 13:05:35,740 [org.apache.hadoop.util.JvmPauseMonitor$Monitor@157c73ec] INFO  util.JvmPauseMonitor (JvmPauseMonitor.java:run(188)) - Starting JVM pause monitor
2022-10-09 13:05:35,762 [Datanode State Machine Task Thread - 0] INFO  datanode.InitDatanodeState (InitDatanodeState.java:persistContainerDatanodeDetails(138)) - DatanodeDetails is persisted to /home/runner/work/ozone/ozone/hadoop-ozone/integration-test/target/test-dir/MiniOzoneClusterImpl-9b82f26c-8b94-4c2d-8316-029798bb519b/datanode-4/meta/datanode.id
2022-10-09 13:05:35,903 [EndpointStateMachine task thread for /0.0.0.0:43961 - 0 ] INFO  volume.HddsVolume (HddsVolume.java:createDbStore(307)) - SchemaV3 db is created and loaded at /home/runner/work/ozone/ozone/hadoop-ozone/integration-test/target/test-dir/MiniOzoneClusterImpl-9b82f26c-8b94-4c2d-8316-029798bb519b/datanode-1/data-0/containers/hdds/9b82f26c-8b94-4c2d-8316-029798bb519b/DS-eedb8b37-b90f-4e56-a747-22abb69c8542/container.db for volume DS-eedb8b37-b90f-4e56-a747-22abb69c8542
2022-10-09 13:05:35,904 [EndpointStateMachine task thread for /0.0.0.0:43961 - 0 ] INFO  volume.HddsVolume (HddsVolume.java:closeDbStore(338)) - SchemaV3 db is stopped at /home/runner/work/ozone/ozone/hadoop-ozone/integration-test/target/test-dir/MiniOzoneClusterImpl-9b82f26c-8b94-4c2d-8316-029798bb519b/datanode-1/data-0/containers/hdds/9b82f26c-8b94-4c2d-8316-029798bb519b/DS-eedb8b37-b90f-4e56-a747-22abb69c8542/container.db for volume DS-eedb8b37-b90f-4e56-a747-22abb69c8542
2022-10-09 13:05:35,904 [EndpointStateMachine task thread for /0.0.0.0:43961 - 0 ] INFO  ozoneimpl.OzoneContainer (OzoneContainer.java:start(378)) - Attempting to start container services.
2022-10-09 13:05:35,904 [EndpointStateMachine task thread for /0.0.0.0:43961 - 0 ] INFO  ozoneimpl.OzoneContainer (OzoneContainer.java:startContainerScrub(313)) - Background container scanner has been disabled.
2022-10-09 13:05:35,920 [EndpointStateMachine task thread for /0.0.0.0:43961 - 0 ] INFO  replication.ReplicationServer (ReplicationServer.java:start(111)) - ReplicationServer is started using port 37283
2022-10-09 13:05:35,935 [EndpointStateMachine task thread for /0.0.0.0:43961 - 0 ] INFO  ratis.XceiverServerRatis (XceiverServerRatis.java:start(481)) - Starting XceiverServerRatis 2d7a11ae-c5aa-41a6-85dc-c9a8e9cf90b2
2022-10-09 13:05:35,946 [EndpointStateMachine task thread for /0.0.0.0:43961 - 0 ] INFO  server.RaftServer (RaftServerProxy.java:lambda$start$6(382)) - 2d7a11ae-c5aa-41a6-85dc-c9a8e9cf90b2: start RPC server
2022-10-09 13:05:35,961 [EndpointStateMachine task thread for /0.0.0.0:43961 - 0 ] INFO  server.GrpcService (GrpcService.java:startImpl(260)) - 2d7a11ae-c5aa-41a6-85dc-c9a8e9cf90b2: GrpcService started, listening on 34267
2022-10-09 13:05:35,965 [EndpointStateMachine task thread for /0.0.0.0:43961 - 0 ] INFO  ratis.XceiverServerRatis (XceiverServerRatis.java:getRealPort(502)) - XceiverServerRatis 2d7a11ae-c5aa-41a6-85dc-c9a8e9cf90b2 is started using port 34267 for RATIS
2022-10-09 13:05:35,965 [EndpointStateMachine task thread for /0.0.0.0:43961 - 0 ] INFO  ratis.XceiverServerRatis (XceiverServerRatis.java:getRealPort(502)) - XceiverServerRatis 2d7a11ae-c5aa-41a6-85dc-c9a8e9cf90b2 is started using port 34267 for RATIS_ADMIN
2022-10-09 13:05:35,965 [EndpointStateMachine task thread for /0.0.0.0:43961 - 0 ] INFO  ratis.XceiverServerRatis (XceiverServerRatis.java:getRealPort(502)) - XceiverServerRatis 2d7a11ae-c5aa-41a6-85dc-c9a8e9cf90b2 is started using port 34267 for RATIS_SERVER
2022-10-09 13:05:35,978 [org.apache.ratis.util.JvmPauseMonitor$$Lambda$636/1153107596@4e652a92] INFO  util.JvmPauseMonitor (JvmPauseMonitor.java:run(103)) - JvmPauseMonitor-2d7a11ae-c5aa-41a6-85dc-c9a8e9cf90b2: Started
2022-10-09 13:05:35,985 [EndpointStateMachine task thread for /0.0.0.0:43961 - 0 ] INFO  server.XceiverServerGrpc (XceiverServerGrpc.java:start(180)) - XceiverServerGrpc 2d7a11ae-c5aa-41a6-85dc-c9a8e9cf90b2 is started using port 35587
2022-10-09 13:05:36,605 [EndpointStateMachine task thread for /0.0.0.0:43961 - 0 ] INFO  volume.HddsVolume (HddsVolume.java:createDbStore(307)) - SchemaV3 db is created and loaded at /home/runner/work/ozone/ozone/hadoop-ozone/integration-test/target/test-dir/MiniOzoneClusterImpl-9b82f26c-8b94-4c2d-8316-029798bb519b/datanode-2/data-0/containers/hdds/9b82f26c-8b94-4c2d-8316-029798bb519b/DS-9fe8b6b4-eeda-460c-aeca-cf8e06cb1d5b/container.db for volume DS-9fe8b6b4-eeda-460c-aeca-cf8e06cb1d5b
2022-10-09 13:05:36,606 [EndpointStateMachine task thread for /0.0.0.0:43961 - 0 ] INFO  volume.HddsVolume (HddsVolume.java:closeDbStore(338)) - SchemaV3 db is stopped at /home/runner/work/ozone/ozone/hadoop-ozone/integration-test/target/test-dir/MiniOzoneClusterImpl-9b82f26c-8b94-4c2d-8316-029798bb519b/datanode-2/data-0/containers/hdds/9b82f26c-8b94-4c2d-8316-029798bb519b/DS-9fe8b6b4-eeda-460c-aeca-cf8e06cb1d5b/container.db for volume DS-9fe8b6b4-eeda-460c-aeca-cf8e06cb1d5b
2022-10-09 13:05:36,606 [EndpointStateMachine task thread for /0.0.0.0:43961 - 0 ] INFO  ozoneimpl.OzoneContainer (OzoneContainer.java:start(378)) - Attempting to start container services.
2022-10-09 13:05:36,606 [EndpointStateMachine task thread for /0.0.0.0:43961 - 0 ] INFO  ozoneimpl.OzoneContainer (OzoneContainer.java:startContainerScrub(313)) - Background container scanner has been disabled.
2022-10-09 13:05:36,620 [EndpointStateMachine task thread for /0.0.0.0:43961 - 0 ] INFO  replication.ReplicationServer (ReplicationServer.java:start(111)) - ReplicationServer is started using port 45603
2022-10-09 13:05:36,621 [EndpointStateMachine task thread for /0.0.0.0:43961 - 0 ] INFO  ratis.XceiverServerRatis (XceiverServerRatis.java:start(481)) - Starting XceiverServerRatis 864752fb-4a03-48f8-92e4-9b272ebf5ecd
2022-10-09 13:05:36,625 [EndpointStateMachine task thread for /0.0.0.0:43961 - 0 ] INFO  server.RaftServer (RaftServerProxy.java:lambda$start$6(382)) - 864752fb-4a03-48f8-92e4-9b272ebf5ecd: start RPC server
2022-10-09 13:05:36,636 [EndpointStateMachine task thread for /0.0.0.0:43961 - 0 ] INFO  server.GrpcService (GrpcService.java:startImpl(260)) - 864752fb-4a03-48f8-92e4-9b272ebf5ecd: GrpcService started, listening on 36301
2022-10-09 13:05:36,636 [EndpointStateMachine task thread for /0.0.0.0:43961 - 0 ] INFO  ratis.XceiverServerRatis (XceiverServerRatis.java:getRealPort(502)) - XceiverServerRatis 864752fb-4a03-48f8-92e4-9b272ebf5ecd is started using port 36301 for RATIS
2022-10-09 13:05:36,636 [EndpointStateMachine task thread for /0.0.0.0:43961 - 0 ] INFO  ratis.XceiverServerRatis (XceiverServerRatis.java:getRealPort(502)) - XceiverServerRatis 864752fb-4a03-48f8-92e4-9b272ebf5ecd is started using port 36301 for RATIS_ADMIN
2022-10-09 13:05:36,636 [EndpointStateMachine task thread for /0.0.0.0:43961 - 0 ] INFO  ratis.XceiverServerRatis (XceiverServerRatis.java:getRealPort(502)) - XceiverServerRatis 864752fb-4a03-48f8-92e4-9b272ebf5ecd is started using port 36301 for RATIS_SERVER
2022-10-09 13:05:36,637 [org.apache.ratis.util.JvmPauseMonitor$$Lambda$636/1153107596@3ec5badc] INFO  util.JvmPauseMonitor (JvmPauseMonitor.java:run(103)) - JvmPauseMonitor-864752fb-4a03-48f8-92e4-9b272ebf5ecd: Started
2022-10-09 13:05:36,670 [EndpointStateMachine task thread for /0.0.0.0:43961 - 0 ] INFO  server.XceiverServerGrpc (XceiverServerGrpc.java:start(180)) - XceiverServerGrpc 864752fb-4a03-48f8-92e4-9b272ebf5ecd is started using port 40617
2022-10-09 13:05:36,720 [Listener at 127.0.0.1/44209] INFO  ozone.MiniOzoneClusterImpl (MiniOzoneClusterImpl.java:lambda$waitForClusterToBeReady$0(216)) - Waiting for nodes to be ready. Got 0 of 5 DN Heartbeats.
2022-10-09 13:05:36,720 [Listener at 127.0.0.1/44209] INFO  ozone.MiniOzoneClusterImpl (MiniOzoneClusterImpl.java:lambda$waitForClusterToBeReady$0(219)) - Waiting for cluster to exit safe mode
2022-10-09 13:05:36,720 [Listener at 127.0.0.1/44209] INFO  ozone.MiniOzoneClusterImpl (MiniOzoneClusterImpl.java:lambda$waitForClusterToBeReady$0(221)) - SCM became leader
2022-10-09 13:05:37,072 [EndpointStateMachine task thread for /0.0.0.0:43961 - 0 ] INFO  volume.HddsVolume (HddsVolume.java:createDbStore(307)) - SchemaV3 db is created and loaded at /home/runner/work/ozone/ozone/hadoop-ozone/integration-test/target/test-dir/MiniOzoneClusterImpl-9b82f26c-8b94-4c2d-8316-029798bb519b/datanode-3/data-0/containers/hdds/9b82f26c-8b94-4c2d-8316-029798bb519b/DS-1b95f468-77b1-41f3-b934-0cd7712b5798/container.db for volume DS-1b95f468-77b1-41f3-b934-0cd7712b5798
2022-10-09 13:05:37,073 [EndpointStateMachine task thread for /0.0.0.0:43961 - 0 ] INFO  volume.HddsVolume (HddsVolume.java:closeDbStore(338)) - SchemaV3 db is stopped at /home/runner/work/ozone/ozone/hadoop-ozone/integration-test/target/test-dir/MiniOzoneClusterImpl-9b82f26c-8b94-4c2d-8316-029798bb519b/datanode-3/data-0/containers/hdds/9b82f26c-8b94-4c2d-8316-029798bb519b/DS-1b95f468-77b1-41f3-b934-0cd7712b5798/container.db for volume DS-1b95f468-77b1-41f3-b934-0cd7712b5798
2022-10-09 13:05:37,073 [EndpointStateMachine task thread for /0.0.0.0:43961 - 0 ] INFO  ozoneimpl.OzoneContainer (OzoneContainer.java:start(378)) - Attempting to start container services.
2022-10-09 13:05:37,073 [EndpointStateMachine task thread for /0.0.0.0:43961 - 0 ] INFO  ozoneimpl.OzoneContainer (OzoneContainer.java:startContainerScrub(313)) - Background container scanner has been disabled.
2022-10-09 13:05:37,085 [EndpointStateMachine task thread for /0.0.0.0:43961 - 0 ] INFO  replication.ReplicationServer (ReplicationServer.java:start(111)) - ReplicationServer is started using port 33297
2022-10-09 13:05:37,086 [EndpointStateMachine task thread for /0.0.0.0:43961 - 0 ] INFO  ratis.XceiverServerRatis (XceiverServerRatis.java:start(481)) - Starting XceiverServerRatis d53f1fbb-b576-41c7-afbd-0ba632ac53c7
2022-10-09 13:05:37,088 [EndpointStateMachine task thread for /0.0.0.0:43961 - 0 ] INFO  server.RaftServer (RaftServerProxy.java:lambda$start$6(382)) - d53f1fbb-b576-41c7-afbd-0ba632ac53c7: start RPC server
2022-10-09 13:05:37,093 [EndpointStateMachine task thread for /0.0.0.0:43961 - 0 ] INFO  server.GrpcService (GrpcService.java:startImpl(260)) - d53f1fbb-b576-41c7-afbd-0ba632ac53c7: GrpcService started, listening on 46505
2022-10-09 13:05:37,093 [EndpointStateMachine task thread for /0.0.0.0:43961 - 0 ] INFO  ratis.XceiverServerRatis (XceiverServerRatis.java:getRealPort(502)) - XceiverServerRatis d53f1fbb-b576-41c7-afbd-0ba632ac53c7 is started using port 46505 for RATIS
2022-10-09 13:05:37,093 [EndpointStateMachine task thread for /0.0.0.0:43961 - 0 ] INFO  ratis.XceiverServerRatis (XceiverServerRatis.java:getRealPort(502)) - XceiverServerRatis d53f1fbb-b576-41c7-afbd-0ba632ac53c7 is started using port 46505 for RATIS_ADMIN
2022-10-09 13:05:37,093 [EndpointStateMachine task thread for /0.0.0.0:43961 - 0 ] INFO  ratis.XceiverServerRatis (XceiverServerRatis.java:getRealPort(502)) - XceiverServerRatis d53f1fbb-b576-41c7-afbd-0ba632ac53c7 is started using port 46505 for RATIS_SERVER
2022-10-09 13:05:37,094 [org.apache.ratis.util.JvmPauseMonitor$$Lambda$636/1153107596@21656b38] INFO  util.JvmPauseMonitor (JvmPauseMonitor.java:run(103)) - JvmPauseMonitor-d53f1fbb-b576-41c7-afbd-0ba632ac53c7: Started
2022-10-09 13:05:37,128 [EndpointStateMachine task thread for /0.0.0.0:43961 - 0 ] INFO  server.XceiverServerGrpc (XceiverServerGrpc.java:start(180)) - XceiverServerGrpc d53f1fbb-b576-41c7-afbd-0ba632ac53c7 is started using port 36581
2022-10-09 13:05:37,271 [IPC Server handler 5 on default port 43961] INFO  net.NetworkTopologyImpl (NetworkTopologyImpl.java:add(112)) - Added a new node: /default-rack/0e0cd2e9-f605-4044-a07f-8c47171ce2f7
2022-10-09 13:05:37,271 [IPC Server handler 5 on default port 43961] INFO  node.SCMNodeManager (SCMNodeManager.java:register(397)) - Registered Data node : 0e0cd2e9-f605-4044-a07f-8c47171ce2f7{ip: 10.1.0.209, host: fv-az212-628.zlodpucb4l4udavnfxg5s20dva.cx.internal.cloudapp.net, ports: [REPLICATION=44807, RATIS=36435, RATIS_ADMIN=36435, RATIS_SERVER=36435, STANDALONE=40693], networkLocation: /default-rack, certSerialId: null, persistedOpState: null, persistedOpStateExpiryEpochSec: 0}
2022-10-09 13:05:37,273 [EventQueue-NodeRegistrationContainerReportForContainerSafeModeRule] INFO  safemode.SCMSafeModeManager (SCMSafeModeManager.java:validateSafeModeExitRules(204)) - ContainerSafeModeRule rule is successfully validated
2022-10-09 13:05:37,273 [EventQueue-NodeRegistrationContainerReportForDataNodeSafeModeRule] INFO  safemode.SCMSafeModeManager (DataNodeSafeModeRule.java:process(71)) - SCM in safe mode. 1 DataNodes registered, 3 required.
2022-10-09 13:05:37,288 [EventQueue-PipelineReportForOneReplicaPipelineSafeModeRule] INFO  safemode.SCMSafeModeManager (SCMSafeModeManager.java:validateSafeModeExitRules(204)) - AtleastOneDatanodeReportedRule rule is successfully validated
2022-10-09 13:05:37,288 [EventQueue-NewNodeForNewNodeHandler] INFO  pipeline.BackgroundPipelineCreator (BackgroundPipelineCreator.java:notifyEventTriggered(276)) - trigger a one-shot run on RatisPipelineUtilsThread.
2022-10-09 13:05:37,291 [RatisPipelineUtilsThread - 0] INFO  pipeline.RatisPipelineProvider (RatisPipelineProvider.java:lambda$create$0(195)) - Sending CreatePipelineCommand for pipeline:PipelineID=a9c85f04-c081-45c2-bcbe-2d8e306473d2 to datanode:0e0cd2e9-f605-4044-a07f-8c47171ce2f7
2022-10-09 13:05:37,295 [RatisPipelineUtilsThread - 0] INFO  pipeline.PipelineStateManagerImpl (PipelineStateManagerImpl.java:addPipeline(103)) - Created pipeline Pipeline[ Id: a9c85f04-c081-45c2-bcbe-2d8e306473d2, Nodes: 0e0cd2e9-f605-4044-a07f-8c47171ce2f7{ip: 10.1.0.209, host: fv-az212-628.zlodpucb4l4udavnfxg5s20dva.cx.internal.cloudapp.net, ports: [REPLICATION=44807, RATIS=36435, RATIS_ADMIN=36435, RATIS_SERVER=36435, STANDALONE=40693], networkLocation: /default-rack, certSerialId: null, persistedOpState: IN_SERVICE, persistedOpStateExpiryEpochSec: 0}, ReplicationConfig: RATIS/ONE, State:ALLOCATED, leaderId:, CreationTimestamp2022-10-09T13:05:37.291Z[Etc/UTC]].
2022-10-09 13:05:37,721 [Listener at 127.0.0.1/44209] INFO  ozone.MiniOzoneClusterImpl (MiniOzoneClusterImpl.java:lambda$waitForClusterToBeReady$0(216)) - Waiting for nodes to be ready. Got 1 of 5 DN Heartbeats.
2022-10-09 13:05:37,721 [Listener at 127.0.0.1/44209] INFO  ozone.MiniOzoneClusterImpl (MiniOzoneClusterImpl.java:lambda$waitForClusterToBeReady$0(219)) - Waiting for cluster to exit safe mode
2022-10-09 13:05:37,721 [Listener at 127.0.0.1/44209] INFO  ozone.MiniOzoneClusterImpl (MiniOzoneClusterImpl.java:lambda$waitForClusterToBeReady$0(221)) - SCM became leader
2022-10-09 13:05:37,815 [EndpointStateMachine task thread for /0.0.0.0:43961 - 0 ] INFO  volume.HddsVolume (HddsVolume.java:createDbStore(307)) - SchemaV3 db is created and loaded at /home/runner/work/ozone/ozone/hadoop-ozone/integration-test/target/test-dir/MiniOzoneClusterImpl-9b82f26c-8b94-4c2d-8316-029798bb519b/datanode-4/data-0/containers/hdds/9b82f26c-8b94-4c2d-8316-029798bb519b/DS-bfca3434-3c3d-4ad2-a9d5-c4d43581e70f/container.db for volume DS-bfca3434-3c3d-4ad2-a9d5-c4d43581e70f
2022-10-09 13:05:37,819 [EndpointStateMachine task thread for /0.0.0.0:43961 - 0 ] INFO  volume.HddsVolume (HddsVolume.java:closeDbStore(338)) - SchemaV3 db is stopped at /home/runner/work/ozone/ozone/hadoop-ozone/integration-test/target/test-dir/MiniOzoneClusterImpl-9b82f26c-8b94-4c2d-8316-029798bb519b/datanode-4/data-0/containers/hdds/9b82f26c-8b94-4c2d-8316-029798bb519b/DS-bfca3434-3c3d-4ad2-a9d5-c4d43581e70f/container.db for volume DS-bfca3434-3c3d-4ad2-a9d5-c4d43581e70f
2022-10-09 13:05:37,827 [EndpointStateMachine task thread for /0.0.0.0:43961 - 0 ] INFO  ozoneimpl.OzoneContainer (OzoneContainer.java:start(378)) - Attempting to start container services.
2022-10-09 13:05:37,828 [EndpointStateMachine task thread for /0.0.0.0:43961 - 0 ] INFO  ozoneimpl.OzoneContainer (OzoneContainer.java:startContainerScrub(313)) - Background container scanner has been disabled.
2022-10-09 13:05:37,831 [IPC Server handler 2 on default port 43961] INFO  net.NetworkTopologyImpl (NetworkTopologyImpl.java:add(112)) - Added a new node: /default-rack/2d7a11ae-c5aa-41a6-85dc-c9a8e9cf90b2
2022-10-09 13:05:37,835 [IPC Server handler 2 on default port 43961] INFO  node.SCMNodeManager (SCMNodeManager.java:register(397)) - Registered Data node : 2d7a11ae-c5aa-41a6-85dc-c9a8e9cf90b2{ip: 10.1.0.209, host: fv-az212-628.zlodpucb4l4udavnfxg5s20dva.cx.internal.cloudapp.net, ports: [REPLICATION=37283, RATIS=34267, RATIS_ADMIN=34267, RATIS_SERVER=34267, STANDALONE=35587], networkLocation: /default-rack, certSerialId: null, persistedOpState: null, persistedOpStateExpiryEpochSec: 0}
2022-10-09 13:05:37,836 [EventQueue-NewNodeForNewNodeHandler] INFO  pipeline.BackgroundPipelineCreator (BackgroundPipelineCreator.java:notifyEventTriggered(276)) - trigger a one-shot run on RatisPipelineUtilsThread.
2022-10-09 13:05:37,840 [EventQueue-NodeRegistrationContainerReportForDataNodeSafeModeRule] INFO  safemode.SCMSafeModeManager (DataNodeSafeModeRule.java:process(71)) - SCM in safe mode. 2 DataNodes registered, 3 required.
2022-10-09 13:05:37,849 [RatisPipelineUtilsThread - 0] INFO  pipeline.RatisPipelineProvider (RatisPipelineProvider.java:lambda$create$0(195)) - Sending CreatePipelineCommand for pipeline:PipelineID=f520ff04-e680-4b73-b3ea-50c421b35969 to datanode:2d7a11ae-c5aa-41a6-85dc-c9a8e9cf90b2
2022-10-09 13:05:37,849 [RatisPipelineUtilsThread - 0] INFO  pipeline.PipelineStateManagerImpl (PipelineStateManagerImpl.java:addPipeline(103)) - Created pipeline Pipeline[ Id: f520ff04-e680-4b73-b3ea-50c421b35969, Nodes: 2d7a11ae-c5aa-41a6-85dc-c9a8e9cf90b2{ip: 10.1.0.209, host: fv-az212-628.zlodpucb4l4udavnfxg5s20dva.cx.internal.cloudapp.net, ports: [REPLICATION=37283, RATIS=34267, RATIS_ADMIN=34267, RATIS_SERVER=34267, STANDALONE=35587], networkLocation: /default-rack, certSerialId: null, persistedOpState: IN_SERVICE, persistedOpStateExpiryEpochSec: 0}, ReplicationConfig: RATIS/ONE, State:ALLOCATED, leaderId:, CreationTimestamp2022-10-09T13:05:37.848Z[Etc/UTC]].
2022-10-09 13:05:37,867 [EndpointStateMachine task thread for /0.0.0.0:43961 - 0 ] INFO  replication.ReplicationServer (ReplicationServer.java:start(111)) - ReplicationServer is started using port 45909
2022-10-09 13:05:37,867 [EndpointStateMachine task thread for /0.0.0.0:43961 - 0 ] INFO  ratis.XceiverServerRatis (XceiverServerRatis.java:start(481)) - Starting XceiverServerRatis 7279ce37-28db-41f2-a11e-d5db3ffcfb1c
2022-10-09 13:05:37,868 [EndpointStateMachine task thread for /0.0.0.0:43961 - 0 ] INFO  server.RaftServer (RaftServerProxy.java:lambda$start$6(382)) - 7279ce37-28db-41f2-a11e-d5db3ffcfb1c: start RPC server
2022-10-09 13:05:37,875 [EndpointStateMachine task thread for /0.0.0.0:43961 - 0 ] INFO  server.GrpcService (GrpcService.java:startImpl(260)) - 7279ce37-28db-41f2-a11e-d5db3ffcfb1c: GrpcService started, listening on 46543
2022-10-09 13:05:37,879 [EndpointStateMachine task thread for /0.0.0.0:43961 - 0 ] INFO  ratis.XceiverServerRatis (XceiverServerRatis.java:getRealPort(502)) - XceiverServerRatis 7279ce37-28db-41f2-a11e-d5db3ffcfb1c is started using port 46543 for RATIS
2022-10-09 13:05:37,880 [EndpointStateMachine task thread for /0.0.0.0:43961 - 0 ] INFO  ratis.XceiverServerRatis (XceiverServerRatis.java:getRealPort(502)) - XceiverServerRatis 7279ce37-28db-41f2-a11e-d5db3ffcfb1c is started using port 46543 for RATIS_ADMIN
2022-10-09 13:05:37,880 [EndpointStateMachine task thread for /0.0.0.0:43961 - 0 ] INFO  ratis.XceiverServerRatis (XceiverServerRatis.java:getRealPort(502)) - XceiverServerRatis 7279ce37-28db-41f2-a11e-d5db3ffcfb1c is started using port 46543 for RATIS_SERVER
2022-10-09 13:05:37,880 [org.apache.ratis.util.JvmPauseMonitor$$Lambda$636/1153107596@7c4eff61] INFO  util.JvmPauseMonitor (JvmPauseMonitor.java:run(103)) - JvmPauseMonitor-7279ce37-28db-41f2-a11e-d5db3ffcfb1c: Started
2022-10-09 13:05:37,900 [EndpointStateMachine task thread for /0.0.0.0:43961 - 0 ] INFO  server.XceiverServerGrpc (XceiverServerGrpc.java:start(180)) - XceiverServerGrpc 7279ce37-28db-41f2-a11e-d5db3ffcfb1c is started using port 46059
2022-10-09 13:05:38,521 [IPC Server handler 7 on default port 43961] INFO  net.NetworkTopologyImpl (NetworkTopologyImpl.java:add(112)) - Added a new node: /default-rack/864752fb-4a03-48f8-92e4-9b272ebf5ecd
2022-10-09 13:05:38,521 [IPC Server handler 7 on default port 43961] INFO  node.SCMNodeManager (SCMNodeManager.java:register(397)) - Registered Data node : 864752fb-4a03-48f8-92e4-9b272ebf5ecd{ip: 10.1.0.209, host: fv-az212-628.zlodpucb4l4udavnfxg5s20dva.cx.internal.cloudapp.net, ports: [REPLICATION=45603, RATIS=36301, RATIS_ADMIN=36301, RATIS_SERVER=36301, STANDALONE=40617], networkLocation: /default-rack, certSerialId: null, persistedOpState: null, persistedOpStateExpiryEpochSec: 0}
2022-10-09 13:05:38,521 [EventQueue-NewNodeForNewNodeHandler] INFO  pipeline.BackgroundPipelineCreator (BackgroundPipelineCreator.java:notifyEventTriggered(276)) - trigger a one-shot run on RatisPipelineUtilsThread.
2022-10-09 13:05:38,521 [EventQueue-NodeRegistrationContainerReportForDataNodeSafeModeRule] INFO  safemode.SCMSafeModeManager (DataNodeSafeModeRule.java:process(71)) - SCM in safe mode. 3 DataNodes registered, 3 required.
2022-10-09 13:05:38,521 [EventQueue-NodeRegistrationContainerReportForDataNodeSafeModeRule] INFO  safemode.SCMSafeModeManager (SCMSafeModeManager.java:validateSafeModeExitRules(204)) - DataNodeSafeModeRule rule is successfully validated
2022-10-09 13:05:38,522 [EventQueue-NodeRegistrationContainerReportForDataNodeSafeModeRule] INFO  safemode.SCMSafeModeManager (SCMSafeModeManager.java:completePreCheck(233)) - All SCM safe mode pre check rules have passed
2022-10-09 13:05:38,522 [EventQueue-NodeRegistrationContainerReportForDataNodeSafeModeRule] WARN  events.EventQueue (EventQueue.java:fireEvent(216)) - No event handler registered for event TypedEvent{payloadType=SafeModeStatus, name='Safe mode status'}
2022-10-09 13:05:38,522 [EventQueue-NodeRegistrationContainerReportForDataNodeSafeModeRule] INFO  ha.SCMContext (SCMContext.java:updateSafeModeStatus(228)) - Update SafeModeStatus from SafeModeStatus{safeModeStatus=true, preCheckPassed=false} to SafeModeStatus{safeModeStatus=true, preCheckPassed=true}.
2022-10-09 13:05:38,522 [EventQueue-NodeRegistrationContainerReportForDataNodeSafeModeRule] INFO  pipeline.BackgroundPipelineCreator (BackgroundPipelineCreator.java:notifyEventTriggered(276)) - trigger a one-shot run on RatisPipelineUtilsThread.
2022-10-09 13:05:38,522 [RatisPipelineUtilsThread - 0] INFO  pipeline.RatisPipelineProvider (RatisPipelineProvider.java:lambda$create$0(195)) - Sending CreatePipelineCommand for pipeline:PipelineID=48123607-c898-4752-b488-0325f9fc62be to datanode:864752fb-4a03-48f8-92e4-9b272ebf5ecd
2022-10-09 13:05:38,522 [RatisPipelineUtilsThread - 0] INFO  pipeline.PipelineStateManagerImpl (PipelineStateManagerImpl.java:addPipeline(103)) - Created pipeline Pipeline[ Id: 48123607-c898-4752-b488-0325f9fc62be, Nodes: 864752fb-4a03-48f8-92e4-9b272ebf5ecd{ip: 10.1.0.209, host: fv-az212-628.zlodpucb4l4udavnfxg5s20dva.cx.internal.cloudapp.net, ports: [REPLICATION=45603, RATIS=36301, RATIS_ADMIN=36301, RATIS_SERVER=36301, STANDALONE=40617], networkLocation: /default-rack, certSerialId: null, persistedOpState: IN_SERVICE, persistedOpStateExpiryEpochSec: 0}, ReplicationConfig: RATIS/ONE, State:ALLOCATED, leaderId:, CreationTimestamp2022-10-09T13:05:38.522Z[Etc/UTC]].
2022-10-09 13:05:38,523 [RatisPipelineUtilsThread - 0] INFO  pipeline.RatisPipelineProvider (RatisPipelineProvider.java:lambda$create$0(195)) - Sending CreatePipelineCommand for pipeline:PipelineID=64625589-bdec-47a0-b8f6-bf7723920fb3 to datanode:864752fb-4a03-48f8-92e4-9b272ebf5ecd
2022-10-09 13:05:38,523 [RatisPipelineUtilsThread - 0] INFO  pipeline.RatisPipelineProvider (RatisPipelineProvider.java:lambda$create$0(195)) - Sending CreatePipelineCommand for pipeline:PipelineID=64625589-bdec-47a0-b8f6-bf7723920fb3 to datanode:2d7a11ae-c5aa-41a6-85dc-c9a8e9cf90b2
2022-10-09 13:05:38,523 [RatisPipelineUtilsThread - 0] INFO  pipeline.RatisPipelineProvider (RatisPipelineProvider.java:lambda$create$0(195)) - Sending CreatePipelineCommand for pipeline:PipelineID=64625589-bdec-47a0-b8f6-bf7723920fb3 to datanode:0e0cd2e9-f605-4044-a07f-8c47171ce2f7
2022-10-09 13:05:38,523 [RatisPipelineUtilsThread - 0] INFO  pipeline.PipelineStateManagerImpl (PipelineStateManagerImpl.java:addPipeline(103)) - Created pipeline Pipeline[ Id: 64625589-bdec-47a0-b8f6-bf7723920fb3, Nodes: 864752fb-4a03-48f8-92e4-9b272ebf5ecd{ip: 10.1.0.209, host: fv-az212-628.zlodpucb4l4udavnfxg5s20dva.cx.internal.cloudapp.net, ports: [REPLICATION=45603, RATIS=36301, RATIS_ADMIN=36301, RATIS_SERVER=36301, STANDALONE=40617], networkLocation: /default-rack, certSerialId: null, persistedOpState: IN_SERVICE, persistedOpStateExpiryEpochSec: 0}2d7a11ae-c5aa-41a6-85dc-c9a8e9cf90b2{ip: 10.1.0.209, host: fv-az212-628.zlodpucb4l4udavnfxg5s20dva.cx.internal.cloudapp.net, ports: [REPLICATION=37283, RATIS=34267, RATIS_ADMIN=34267, RATIS_SERVER=34267, STANDALONE=35587], networkLocation: /default-rack, certSerialId: null, persistedOpState: IN_SERVICE, persistedOpStateExpiryEpochSec: 0}0e0cd2e9-f605-4044-a07f-8c47171ce2f7{ip: 10.1.0.209, host: fv-az212-628.zlodpucb4l4udavnfxg5s20dva.cx.internal.cloudapp.net, ports: [REPLICATION=44807, RATIS=36435, RATIS_ADMIN=36435, RATIS_SERVER=36435, STANDALONE=40693], networkLocation: /default-rack, certSerialId: null, persistedOpState: IN_SERVICE, persistedOpStateExpiryEpochSec: 0}, ReplicationConfig: RATIS/THREE, State:ALLOCATED, leaderId:, CreationTimestamp2022-10-09T13:05:38.523Z[Etc/UTC]].
2022-10-09 13:05:38,530 [RatisPipelineUtilsThread - 0] INFO  pipeline.RatisPipelineProvider (RatisPipelineProvider.java:lambda$create$0(195)) - Sending CreatePipelineCommand for pipeline:PipelineID=911adc24-8c4e-4715-94f6-612b0c1ffec3 to datanode:864752fb-4a03-48f8-92e4-9b272ebf5ecd
2022-10-09 13:05:38,530 [RatisPipelineUtilsThread - 0] INFO  pipeline.RatisPipelineProvider (RatisPipelineProvider.java:lambda$create$0(195)) - Sending CreatePipelineCommand for pipeline:PipelineID=911adc24-8c4e-4715-94f6-612b0c1ffec3 to datanode:0e0cd2e9-f605-4044-a07f-8c47171ce2f7
2022-10-09 13:05:38,530 [RatisPipelineUtilsThread - 0] INFO  pipeline.RatisPipelineProvider (RatisPipelineProvider.java:lambda$create$0(195)) - Sending CreatePipelineCommand for pipeline:PipelineID=911adc24-8c4e-4715-94f6-612b0c1ffec3 to datanode:2d7a11ae-c5aa-41a6-85dc-c9a8e9cf90b2
2022-10-09 13:05:38,531 [RatisPipelineUtilsThread - 0] INFO  pipeline.PipelineStateManagerImpl (PipelineStateManagerImpl.java:addPipeline(103)) - Created pipeline Pipeline[ Id: 911adc24-8c4e-4715-94f6-612b0c1ffec3, Nodes: 864752fb-4a03-48f8-92e4-9b272ebf5ecd{ip: 10.1.0.209, host: fv-az212-628.zlodpucb4l4udavnfxg5s20dva.cx.internal.cloudapp.net, ports: [REPLICATION=45603, RATIS=36301, RATIS_ADMIN=36301, RATIS_SERVER=36301, STANDALONE=40617], networkLocation: /default-rack, certSerialId: null, persistedOpState: IN_SERVICE, persistedOpStateExpiryEpochSec: 0}0e0cd2e9-f605-4044-a07f-8c47171ce2f7{ip: 10.1.0.209, host: fv-az212-628.zlodpucb4l4udavnfxg5s20dva.cx.internal.cloudapp.net, ports: [REPLICATION=44807, RATIS=36435, RATIS_ADMIN=36435, RATIS_SERVER=36435, STANDALONE=40693], networkLocation: /default-rack, certSerialId: null, persistedOpState: IN_SERVICE, persistedOpStateExpiryEpochSec: 0}2d7a11ae-c5aa-41a6-85dc-c9a8e9cf90b2{ip: 10.1.0.209, host: fv-az212-628.zlodpucb4l4udavnfxg5s20dva.cx.internal.cloudapp.net, ports: [REPLICATION=37283, RATIS=34267, RATIS_ADMIN=34267, RATIS_SERVER=34267, STANDALONE=35587], networkLocation: /default-rack, certSerialId: null, persistedOpState: IN_SERVICE, persistedOpStateExpiryEpochSec: 0}, ReplicationConfig: RATIS/THREE, State:ALLOCATED, leaderId:, CreationTimestamp2022-10-09T13:05:38.530Z[Etc/UTC]].
2022-10-09 13:05:38,531 [RatisPipelineUtilsThread - 0] INFO  pipeline.PipelineManagerImpl (PipelineManagerImpl.java:recordMetricsForPipeline(796)) - Pipeline: PipelineID=911adc24-8c4e-4715-94f6-612b0c1ffec3 contains same datanodes as previous pipelines: PipelineID=64625589-bdec-47a0-b8f6-bf7723920fb3 nodeIds: 864752fb-4a03-48f8-92e4-9b272ebf5ecd, 0e0cd2e9-f605-4044-a07f-8c47171ce2f7, 2d7a11ae-c5aa-41a6-85dc-c9a8e9cf90b2
2022-10-09 13:05:38,721 [Listener at 127.0.0.1/44209] INFO  ozone.MiniOzoneClusterImpl (MiniOzoneClusterImpl.java:lambda$waitForClusterToBeReady$0(216)) - Waiting for nodes to be ready. Got 3 of 5 DN Heartbeats.
2022-10-09 13:05:38,725 [Listener at 127.0.0.1/44209] INFO  ozone.MiniOzoneClusterImpl (MiniOzoneClusterImpl.java:lambda$waitForClusterToBeReady$0(219)) - Waiting for cluster to exit safe mode
2022-10-09 13:05:38,725 [Listener at 127.0.0.1/44209] INFO  ozone.MiniOzoneClusterImpl (MiniOzoneClusterImpl.java:lambda$waitForClusterToBeReady$0(221)) - SCM became leader
2022-10-09 13:05:39,020 [IPC Server handler 6 on default port 43961] INFO  net.NetworkTopologyImpl (NetworkTopologyImpl.java:add(112)) - Added a new node: /default-rack/d53f1fbb-b576-41c7-afbd-0ba632ac53c7
2022-10-09 13:05:39,020 [IPC Server handler 6 on default port 43961] INFO  node.SCMNodeManager (SCMNodeManager.java:register(397)) - Registered Data node : d53f1fbb-b576-41c7-afbd-0ba632ac53c7{ip: 10.1.0.209, host: fv-az212-628.zlodpucb4l4udavnfxg5s20dva.cx.internal.cloudapp.net, ports: [REPLICATION=33297, RATIS=46505, RATIS_ADMIN=46505, RATIS_SERVER=46505, STANDALONE=36581], networkLocation: /default-rack, certSerialId: null, persistedOpState: null, persistedOpStateExpiryEpochSec: 0}
2022-10-09 13:05:39,021 [EventQueue-NewNodeForNewNodeHandler] INFO  pipeline.BackgroundPipelineCreator (BackgroundPipelineCreator.java:notifyEventTriggered(276)) - trigger a one-shot run on RatisPipelineUtilsThread.
2022-10-09 13:05:39,021 [RatisPipelineUtilsThread - 0] INFO  pipeline.RatisPipelineProvider (RatisPipelineProvider.java:lambda$create$0(195)) - Sending CreatePipelineCommand for pipeline:PipelineID=7ece04bb-84ae-430b-8b00-72063b46a92a to datanode:d53f1fbb-b576-41c7-afbd-0ba632ac53c7
2022-10-09 13:05:39,022 [RatisPipelineUtilsThread - 0] INFO  pipeline.PipelineStateManagerImpl (PipelineStateManagerImpl.java:addPipeline(103)) - Created pipeline Pipeline[ Id: 7ece04bb-84ae-430b-8b00-72063b46a92a, Nodes: d53f1fbb-b576-41c7-afbd-0ba632ac53c7{ip: 10.1.0.209, host: fv-az212-628.zlodpucb4l4udavnfxg5s20dva.cx.internal.cloudapp.net, ports: [REPLICATION=33297, RATIS=46505, RATIS_ADMIN=46505, RATIS_SERVER=46505, STANDALONE=36581], networkLocation: /default-rack, certSerialId: null, persistedOpState: IN_SERVICE, persistedOpStateExpiryEpochSec: 0}, ReplicationConfig: RATIS/ONE, State:ALLOCATED, leaderId:, CreationTimestamp2022-10-09T13:05:39.021Z[Etc/UTC]].
2022-10-09 13:05:39,725 [Listener at 127.0.0.1/44209] INFO  ozone.MiniOzoneClusterImpl (MiniOzoneClusterImpl.java:lambda$waitForClusterToBeReady$0(216)) - Waiting for nodes to be ready. Got 4 of 5 DN Heartbeats.
2022-10-09 13:05:39,725 [Listener at 127.0.0.1/44209] INFO  ozone.MiniOzoneClusterImpl (MiniOzoneClusterImpl.java:lambda$waitForClusterToBeReady$0(219)) - Waiting for cluster to exit safe mode
2022-10-09 13:05:39,725 [Listener at 127.0.0.1/44209] INFO  ozone.MiniOzoneClusterImpl (MiniOzoneClusterImpl.java:lambda$waitForClusterToBeReady$0(221)) - SCM became leader
2022-10-09 13:05:39,742 [IPC Server handler 2 on default port 43961] INFO  net.NetworkTopologyImpl (NetworkTopologyImpl.java:add(112)) - Added a new node: /default-rack/7279ce37-28db-41f2-a11e-d5db3ffcfb1c
2022-10-09 13:05:39,743 [IPC Server handler 2 on default port 43961] INFO  node.SCMNodeManager (SCMNodeManager.java:register(397)) - Registered Data node : 7279ce37-28db-41f2-a11e-d5db3ffcfb1c{ip: 10.1.0.209, host: fv-az212-628.zlodpucb4l4udavnfxg5s20dva.cx.internal.cloudapp.net, ports: [REPLICATION=45909, RATIS=46543, RATIS_ADMIN=46543, RATIS_SERVER=46543, STANDALONE=46059], networkLocation: /default-rack, certSerialId: null, persistedOpState: null, persistedOpStateExpiryEpochSec: 0}
2022-10-09 13:05:39,743 [EventQueue-NewNodeForNewNodeHandler] INFO  pipeline.BackgroundPipelineCreator (BackgroundPipelineCreator.java:notifyEventTriggered(276)) - trigger a one-shot run on RatisPipelineUtilsThread.
2022-10-09 13:05:39,744 [RatisPipelineUtilsThread - 0] INFO  pipeline.RatisPipelineProvider (RatisPipelineProvider.java:lambda$create$0(195)) - Sending CreatePipelineCommand for pipeline:PipelineID=2ed15e34-4922-464e-a982-940f0690657a to datanode:7279ce37-28db-41f2-a11e-d5db3ffcfb1c
2022-10-09 13:05:39,744 [RatisPipelineUtilsThread - 0] INFO  pipeline.PipelineStateManagerImpl (PipelineStateManagerImpl.java:addPipeline(103)) - Created pipeline Pipeline[ Id: 2ed15e34-4922-464e-a982-940f0690657a, Nodes: 7279ce37-28db-41f2-a11e-d5db3ffcfb1c{ip: 10.1.0.209, host: fv-az212-628.zlodpucb4l4udavnfxg5s20dva.cx.internal.cloudapp.net, ports: [REPLICATION=45909, RATIS=46543, RATIS_ADMIN=46543, RATIS_SERVER=46543, STANDALONE=46059], networkLocation: /default-rack, certSerialId: null, persistedOpState: IN_SERVICE, persistedOpStateExpiryEpochSec: 0}, ReplicationConfig: RATIS/ONE, State:ALLOCATED, leaderId:, CreationTimestamp2022-10-09T13:05:39.744Z[Etc/UTC]].
2022-10-09 13:05:40,266 [Command processor thread] INFO  server.RaftServer (RaftServerProxy.java:addNew(96)) - 0e0cd2e9-f605-4044-a07f-8c47171ce2f7: addNew group-2D8E306473D2:[0e0cd2e9-f605-4044-a07f-8c47171ce2f7|rpc:10.1.0.209:36435|priority:1] returns group-2D8E306473D2:java.util.concurrent.CompletableFuture@3c1d9eb3[Not completed]
2022-10-09 13:05:40,267 [pool-312-thread-1] INFO  server.RaftServer$Division (RaftServerImpl.java:<init>(190)) - 0e0cd2e9-f605-4044-a07f-8c47171ce2f7: new RaftServerImpl for group-2D8E306473D2:[0e0cd2e9-f605-4044-a07f-8c47171ce2f7|rpc:10.1.0.209:36435|priority:1] with ContainerStateMachine:uninitialized
2022-10-09 13:05:40,268 [pool-312-thread-1] INFO  server.RaftServerConfigKeys (ConfUtils.java:logGet(46)) - raft.server.rpc.timeout.min = 5s (custom)
2022-10-09 13:05:40,269 [pool-312-thread-1] INFO  server.RaftServerConfigKeys (ConfUtils.java:logGet(46)) - raft.server.rpc.timeout.max = 5200ms (custom)
2022-10-09 13:05:40,269 [pool-312-thread-1] INFO  server.RaftServerConfigKeys (ConfUtils.java:logGet(46)) - raft.server.rpc.sleep.time = 25ms (default)
2022-10-09 13:05:40,269 [pool-312-thread-1] INFO  server.RaftServerConfigKeys (ConfUtils.java:logGet(46)) - raft.server.rpc.slowness.timeout = 300s (custom)
2022-10-09 13:05:40,269 [pool-312-thread-1] INFO  server.RaftServerConfigKeys (ConfUtils.java:logGet(46)) - raft.server.leaderelection.leader.step-down.wait-time = 10s (default)
2022-10-09 13:05:40,269 [pool-312-thread-1] INFO  server.RaftServerConfigKeys (ConfUtils.java:logGet(46)) - raft.server.sleep.deviation.threshold = 300ms (default)
2022-10-09 13:05:40,269 [pool-312-thread-1] INFO  server.RaftServer$Division (ServerState.java:<init>(107)) - 0e0cd2e9-f605-4044-a07f-8c47171ce2f7@group-2D8E306473D2: ConfigurationManager, init=-1: [0e0cd2e9-f605-4044-a07f-8c47171ce2f7|rpc:10.1.0.209:36435|priority:1], old=null, confs=<EMPTY_MAP>
2022-10-09 13:05:40,269 [pool-312-thread-1] INFO  server.RaftServerConfigKeys (ConfUtils.java:logGet(46)) - raft.server.storage.dir = [/home/runner/work/ozone/ozone/hadoop-ozone/integration-test/target/test-dir/MiniOzoneClusterImpl-9b82f26c-8b94-4c2d-8316-029798bb519b/datanode-0/data/ratis] (custom)
2022-10-09 13:05:40,269 [pool-312-thread-1] INFO  server.RaftServerConfigKeys (ConfUtils.java:logGet(46)) - raft.server.log.corruption.policy = EXCEPTION (default)
2022-10-09 13:05:40,269 [pool-312-thread-1] INFO  server.RaftServerConfigKeys (ConfUtils.java:logGet(46)) - raft.server.storage.free-space.min = 0MB (=0) (default)
2022-10-09 13:05:40,269 [pool-312-thread-1] INFO  storage.RaftStorageDirectory (RaftStorageDirectoryImpl.java:analyzeStorage(135)) - The storage directory /home/runner/work/ozone/ozone/hadoop-ozone/integration-test/target/test-dir/MiniOzoneClusterImpl-9b82f26c-8b94-4c2d-8316-029798bb519b/datanode-0/data/ratis/a9c85f04-c081-45c2-bcbe-2d8e306473d2 does not exist. Creating ...
2022-10-09 13:05:40,284 [pool-312-thread-1] INFO  storage.RaftStorageDirectory (RaftStorageDirectoryImpl.java:tryLock(230)) - Lock on /home/runner/work/ozone/ozone/hadoop-ozone/integration-test/target/test-dir/MiniOzoneClusterImpl-9b82f26c-8b94-4c2d-8316-029798bb519b/datanode-0/data/ratis/a9c85f04-c081-45c2-bcbe-2d8e306473d2/in_use.lock acquired by nodename 13094@fv-az212-628
2022-10-09 13:05:40,285 [pool-312-thread-1] INFO  storage.RaftStorage (RaftStorageImpl.java:format(89)) - Storage directory /home/runner/work/ozone/ozone/hadoop-ozone/integration-test/target/test-dir/MiniOzoneClusterImpl-9b82f26c-8b94-4c2d-8316-029798bb519b/datanode-0/data/ratis/a9c85f04-c081-45c2-bcbe-2d8e306473d2 has been successfully formatted.
2022-10-09 13:05:40,289 [pool-312-thread-1] INFO  ratis.ContainerStateMachine (ContainerStateMachine.java:loadSnapshot(236)) - group-2D8E306473D2: The snapshot info is null. Setting the last applied indexto:(t:0, i:~)
2022-10-09 13:05:40,291 [EventQueue-PipelineReportForPipelineReportHandler] INFO  pipeline.PipelineManagerImpl (PipelineManagerImpl.java:openPipeline(367)) - Pipeline Pipeline[ Id: a9c85f04-c081-45c2-bcbe-2d8e306473d2, Nodes: 0e0cd2e9-f605-4044-a07f-8c47171ce2f7{ip: 10.1.0.209, host: fv-az212-628.zlodpucb4l4udavnfxg5s20dva.cx.internal.cloudapp.net, ports: [REPLICATION=44807, RATIS=36435, RATIS_ADMIN=36435, RATIS_SERVER=36435, STANDALONE=40693], networkLocation: /default-rack, certSerialId: null, persistedOpState: IN_SERVICE, persistedOpStateExpiryEpochSec: 0}, ReplicationConfig: RATIS/ONE, State:ALLOCATED, leaderId:0e0cd2e9-f605-4044-a07f-8c47171ce2f7, CreationTimestamp2022-10-09T13:05:37.291Z[Etc/UTC]] moved to OPEN state
2022-10-09 13:05:40,304 [pool-312-thread-1] INFO  server.RaftServerConfigKeys (ConfUtils.java:logGet(46)) - raft.server.notification.no-leader.timeout = 300s (custom)
2022-10-09 13:05:40,304 [pool-312-thread-1] INFO  server.RaftServerConfigKeys (ConfUtils.java:logGet(46)) - raft.server.log.use.memory = false (default)
2022-10-09 13:05:40,304 [pool-312-thread-1] INFO  server.RaftServerConfigKeys (ConfUtils.java:logGet(46)) - raft.server.log.purge.gap = 1000000 (custom)
2022-10-09 13:05:40,304 [pool-312-thread-1] INFO  server.RaftServerConfigKeys (ConfUtils.java:logGet(46)) - raft.server.log.appender.buffer.byte-limit = 33554432 (custom)
2022-10-09 13:05:40,304 [pool-312-thread-1] INFO  server.RaftServerConfigKeys (ConfUtils.java:logGet(46)) - raft.server.log.statemachine.data.read.timeout = 1000ms (default)
2022-10-09 13:05:40,304 [pool-312-thread-1] INFO  server.RaftServerConfigKeys (ConfUtils.java:logGet(46)) - raft.server.log.segment.size.max = 1048576 (custom)
2022-10-09 13:05:40,323 [EventQueue-OpenPipelineForHealthyPipelineSafeModeRule] INFO  safemode.SCMSafeModeManager (HealthyPipelineSafeModeRule.java:process(137)) - SCM in safe mode. Healthy pipelines reported count is 0, required healthy pipeline reported count is 1
2022-10-09 13:05:40,326 [pool-312-thread-1] INFO  server.RaftServerConfigKeys (ConfUtils.java:logGet(46)) - raft.server.log.segment.cache.num.max = 2 (custom)
2022-10-09 13:05:40,326 [pool-312-thread-1] INFO  server.RaftServerConfigKeys (ConfUtils.java:logGet(46)) - raft.server.log.segment.cache.size.max = 200MB (=209715200) (default)
2022-10-09 13:05:40,326 [pool-312-thread-1] INFO  segmented.SegmentedRaftLogWorker (SegmentedRaftLogWorker.java:<init>(187)) - new 0e0cd2e9-f605-4044-a07f-8c47171ce2f7@group-2D8E306473D2-SegmentedRaftLogWorker for RaftStorageImpl:Storage Directory /home/runner/work/ozone/ozone/hadoop-ozone/integration-test/target/test-dir/MiniOzoneClusterImpl-9b82f26c-8b94-4c2d-8316-029798bb519b/datanode-0/data/ratis/a9c85f04-c081-45c2-bcbe-2d8e306473d2
2022-10-09 13:05:40,327 [pool-312-thread-1] INFO  server.RaftServerConfigKeys (ConfUtils.java:logGet(46)) - raft.server.log.queue.byte-limit = 4294967296 (custom)
2022-10-09 13:05:40,327 [pool-312-thread-1] INFO  server.RaftServerConfigKeys (ConfUtils.java:logGet(46)) - raft.server.log.queue.element-limit = 1024 (custom)
2022-10-09 13:05:40,327 [pool-312-thread-1] INFO  server.RaftServerConfigKeys (ConfUtils.java:logGet(46)) - raft.server.log.segment.size.max = 1048576 (custom)
2022-10-09 13:05:40,327 [pool-312-thread-1] INFO  server.RaftServerConfigKeys (ConfUtils.java:logGet(46)) - raft.server.log.preallocated.size = 16384 (custom)
2022-10-09 13:05:40,327 [pool-312-thread-1] INFO  server.RaftServerConfigKeys (ConfUtils.java:logGet(46)) - raft.server.log.force.sync.num = 128 (default)
2022-10-09 13:05:40,327 [pool-312-thread-1] INFO  server.RaftServerConfigKeys (ConfUtils.java:logGet(46)) - raft.server.log.statemachine.data.sync = true (default)
2022-10-09 13:05:40,327 [pool-312-thread-1] INFO  server.RaftServerConfigKeys (ConfUtils.java:logGet(46)) - raft.server.log.statemachine.data.sync.timeout = 10s (default)
2022-10-09 13:05:40,327 [pool-312-thread-1] INFO  server.RaftServerConfigKeys (ConfUtils.java:logGet(46)) - raft.server.log.statemachine.data.sync.timeout.retry = -1 (default)
2022-10-09 13:05:40,328 [pool-312-thread-1] INFO  server.RaftServerConfigKeys (ConfUtils.java:logGet(46)) - raft.server.log.write.buffer.size = 1048576 (custom)
2022-10-09 13:05:40,328 [pool-312-thread-1] INFO  server.RaftServerConfigKeys (ConfUtils.java:logGet(46)) - raft.server.log.unsafe-flush.enabled = false (default)
2022-10-09 13:05:40,328 [pool-312-thread-1] INFO  server.RaftServerConfigKeys (ConfUtils.java:logGet(46)) - raft.server.log.statemachine.data.caching.enabled = true (custom)
2022-10-09 13:05:40,328 [pool-312-thread-1] INFO  segmented.SegmentedRaftLogWorker (SegmentedRaftLogWorker.java:lambda$new$0(135)) - 0e0cd2e9-f605-4044-a07f-8c47171ce2f7@group-2D8E306473D2-SegmentedRaftLogWorker: flushIndex: setUnconditionally 0 -> -1
2022-10-09 13:05:40,328 [pool-312-thread-1] INFO  segmented.SegmentedRaftLogWorker (SegmentedRaftLogWorker.java:lambda$new$0(135)) - 0e0cd2e9-f605-4044-a07f-8c47171ce2f7@group-2D8E306473D2-SegmentedRaftLogWorker: safeCacheEvictIndex: setUnconditionally 0 -> -1
2022-10-09 13:05:40,337 [pool-312-thread-1] INFO  server.RaftServerConfigKeys (ConfUtils.java:logGet(46)) - raft.server.snapshot.auto.trigger.enabled = true (custom)
2022-10-09 13:05:40,337 [pool-312-thread-1] INFO  server.RaftServerConfigKeys (ConfUtils.java:logGet(46)) - raft.server.snapshot.auto.trigger.threshold = 10000 (custom)
2022-10-09 13:05:40,337 [pool-312-thread-1] INFO  server.RaftServerConfigKeys (ConfUtils.java:logGet(46)) - raft.server.snapshot.retention.file.num = 5 (custom)
2022-10-09 13:05:40,337 [pool-312-thread-1] INFO  server.RaftServerConfigKeys (ConfUtils.java:logGet(46)) - raft.server.log.purge.upto.snapshot.index = false (default)
2022-10-09 13:05:40,337 [pool-312-thread-1] INFO  server.RaftServerConfigKeys (ConfUtils.java:logGet(46)) - raft.server.retrycache.expirytime = 600000ms (custom)
2022-10-09 13:05:40,337 [pool-312-thread-1] INFO  server.RaftServerConfigKeys (ConfUtils.java:logGet(46)) - raft.server.retrycache.statistics.expirytime = 100μs (default)
2022-10-09 13:05:40,338 [pool-312-thread-1] INFO  server.RaftServerConfigKeys (ConfUtils.java:logGet(46)) - raft.server.log.appender.install.snapshot.enabled = false (custom)
2022-10-09 13:05:40,339 [pool-312-thread-1] INFO  server.RaftServerConfigKeys (ConfUtils.java:logGet(46)) - raft.server.threadpool.server.cached = true (default)
2022-10-09 13:05:40,339 [pool-312-thread-1] INFO  server.RaftServerConfigKeys (ConfUtils.java:logGet(46)) - raft.server.threadpool.server.size = 0 (default)
2022-10-09 13:05:40,339 [pool-312-thread-1] INFO  server.RaftServerConfigKeys (ConfUtils.java:logGet(46)) - raft.server.threadpool.client.cached = true (default)
2022-10-09 13:05:40,339 [pool-312-thread-1] INFO  server.RaftServerConfigKeys (ConfUtils.java:logGet(46)) - raft.server.threadpool.client.size = 0 (default)
2022-10-09 13:05:40,339 [pool-312-thread-1] INFO  server.RaftServer$Division (RaftServerImpl.java:start(310)) - 0e0cd2e9-f605-4044-a07f-8c47171ce2f7@group-2D8E306473D2: start as a follower, conf=-1: [0e0cd2e9-f605-4044-a07f-8c47171ce2f7|rpc:10.1.0.209:36435|priority:1], old=null
2022-10-09 13:05:40,339 [pool-312-thread-1] INFO  server.RaftServer$Division (RaftServerImpl.java:setRole(299)) - 0e0cd2e9-f605-4044-a07f-8c47171ce2f7@group-2D8E306473D2: changes role from      null to FOLLOWER at term 0 for startAsFollower
2022-10-09 13:05:40,339 [pool-312-thread-1] INFO  impl.RoleInfo (RoleInfo.java:updateAndGet(139)) - 0e0cd2e9-f605-4044-a07f-8c47171ce2f7: start 0e0cd2e9-f605-4044-a07f-8c47171ce2f7@group-2D8E306473D2-FollowerState
2022-10-09 13:05:40,339 [pool-312-thread-1] INFO  util.JmxRegister (JmxRegister.java:tryRegister(44)) - Successfully registered JMX Bean with object name Ratis:service=RaftServer,group=group-2D8E306473D2,id=0e0cd2e9-f605-4044-a07f-8c47171ce2f7
2022-10-09 13:05:40,368 [Command processor thread] INFO  ratis.XceiverServerRatis (XceiverServerRatis.java:addGroup(765)) - Created group PipelineID=a9c85f04-c081-45c2-bcbe-2d8e306473d2
2022-10-09 13:05:40,368 [Command processor thread] INFO  commandhandler.CreatePipelineCommandHandler (CreatePipelineCommandHandler.java:handle(113)) - Created Pipeline RATIS ONE PipelineID=a9c85f04-c081-45c2-bcbe-2d8e306473d2.
2022-10-09 13:05:40,368 [Command processor thread] INFO  server.RaftServer (RaftServerProxy.java:addNew(96)) - 0e0cd2e9-f605-4044-a07f-8c47171ce2f7: addNew group-BF7723920FB3:[2d7a11ae-c5aa-41a6-85dc-c9a8e9cf90b2|rpc:10.1.0.209:34267|priority:1, 864752fb-4a03-48f8-92e4-9b272ebf5ecd|rpc:10.1.0.209:36301|priority:0, 0e0cd2e9-f605-4044-a07f-8c47171ce2f7|rpc:10.1.0.209:36435|priority:0] returns group-BF7723920FB3:java.util.concurrent.CompletableFuture@38220de8[Not completed]
2022-10-09 13:05:40,369 [pool-312-thread-1] INFO  server.RaftServer$Division (RaftServerImpl.java:<init>(190)) - 0e0cd2e9-f605-4044-a07f-8c47171ce2f7: new RaftServerImpl for group-BF7723920FB3:[2d7a11ae-c5aa-41a6-85dc-c9a8e9cf90b2|rpc:10.1.0.209:34267|priority:1, 864752fb-4a03-48f8-92e4-9b272ebf5ecd|rpc:10.1.0.209:36301|priority:0, 0e0cd2e9-f605-4044-a07f-8c47171ce2f7|rpc:10.1.0.209:36435|priority:0] with ContainerStateMachine:uninitialized
2022-10-09 13:05:40,369 [pool-312-thread-1] INFO  server.RaftServerConfigKeys (ConfUtils.java:logGet(46)) - raft.server.rpc.timeout.min = 5s (custom)
2022-10-09 13:05:40,369 [pool-312-thread-1] INFO  server.RaftServerConfigKeys (ConfUtils.java:logGet(46)) - raft.server.rpc.timeout.max = 5200ms (custom)
2022-10-09 13:05:40,369 [pool-312-thread-1] INFO  server.RaftServerConfigKeys (ConfUtils.java:logGet(46)) - raft.server.rpc.sleep.time = 25ms (default)
2022-10-09 13:05:40,369 [pool-312-thread-1] INFO  server.RaftServerConfigKeys (ConfUtils.java:logGet(46)) - raft.server.rpc.slowness.timeout = 300s (custom)
2022-10-09 13:05:40,369 [pool-312-thread-1] INFO  server.RaftServerConfigKeys (ConfUtils.java:logGet(46)) - raft.server.leaderelection.leader.step-down.wait-time = 10s (default)
2022-10-09 13:05:40,369 [pool-312-thread-1] INFO  server.RaftServerConfigKeys (ConfUtils.java:logGet(46)) - raft.server.sleep.deviation.threshold = 300ms (default)
2022-10-09 13:05:40,369 [pool-312-thread-1] INFO  server.RaftServer$Division (ServerState.java:<init>(107)) - 0e0cd2e9-f605-4044-a07f-8c47171ce2f7@group-BF7723920FB3: ConfigurationManager, init=-1: [2d7a11ae-c5aa-41a6-85dc-c9a8e9cf90b2|rpc:10.1.0.209:34267|priority:1, 864752fb-4a03-48f8-92e4-9b272ebf5ecd|rpc:10.1.0.209:36301|priority:0, 0e0cd2e9-f605-4044-a07f-8c47171ce2f7|rpc:10.1.0.209:36435|priority:0], old=null, confs=<EMPTY_MAP>
2022-10-09 13:05:40,369 [pool-312-thread-1] INFO  server.RaftServerConfigKeys (ConfUtils.java:logGet(46)) - raft.server.storage.dir = [/home/runner/work/ozone/ozone/hadoop-ozone/integration-test/target/test-dir/MiniOzoneClusterImpl-9b82f26c-8b94-4c2d-8316-029798bb519b/datanode-0/data/ratis] (custom)
2022-10-09 13:05:40,369 [pool-312-thread-1] INFO  server.RaftServerConfigKeys (ConfUtils.java:logGet(46)) - raft.server.log.corruption.policy = EXCEPTION (default)
2022-10-09 13:05:40,369 [pool-312-thread-1] INFO  server.RaftServerConfigKeys (ConfUtils.java:logGet(46)) - raft.server.storage.free-space.min = 0MB (=0) (default)
2022-10-09 13:05:40,369 [pool-312-thread-1] INFO  storage.RaftStorageDirectory (RaftStorageDirectoryImpl.java:analyzeStorage(135)) - The storage directory /home/runner/work/ozone/ozone/hadoop-ozone/integration-test/target/test-dir/MiniOzoneClusterImpl-9b82f26c-8b94-4c2d-8316-029798bb519b/datanode-0/data/ratis/64625589-bdec-47a0-b8f6-bf7723920fb3 does not exist. Creating ...
2022-10-09 13:05:40,371 [pool-312-thread-1] INFO  storage.RaftStorageDirectory (RaftStorageDirectoryImpl.java:tryLock(230)) - Lock on /home/runner/work/ozone/ozone/hadoop-ozone/integration-test/target/test-dir/MiniOzoneClusterImpl-9b82f26c-8b94-4c2d-8316-029798bb519b/datanode-0/data/ratis/64625589-bdec-47a0-b8f6-bf7723920fb3/in_use.lock acquired by nodename 13094@fv-az212-628
2022-10-09 13:05:40,372 [pool-312-thread-1] INFO  storage.RaftStorage (RaftStorageImpl.java:format(89)) - Storage directory /home/runner/work/ozone/ozone/hadoop-ozone/integration-test/target/test-dir/MiniOzoneClusterImpl-9b82f26c-8b94-4c2d-8316-029798bb519b/datanode-0/data/ratis/64625589-bdec-47a0-b8f6-bf7723920fb3 has been successfully formatted.
2022-10-09 13:05:40,373 [pool-312-thread-1] INFO  ratis.ContainerStateMachine (ContainerStateMachine.java:loadSnapshot(236)) - group-BF7723920FB3: The snapshot info is null. Setting the last applied indexto:(t:0, i:~)
2022-10-09 13:05:40,373 [pool-312-thread-1] INFO  server.RaftServerConfigKeys (ConfUtils.java:logGet(46)) - raft.server.notification.no-leader.timeout = 300s (custom)
2022-10-09 13:05:40,373 [pool-312-thread-1] INFO  server.RaftServerConfigKeys (ConfUtils.java:logGet(46)) - raft.server.log.use.memory = false (default)
2022-10-09 13:05:40,373 [pool-312-thread-1] INFO  server.RaftServerConfigKeys (ConfUtils.java:logGet(46)) - raft.server.log.purge.gap = 1000000 (custom)
2022-10-09 13:05:40,373 [pool-312-thread-1] INFO  server.RaftServerConfigKeys (ConfUtils.java:logGet(46)) - raft.server.log.appender.buffer.byte-limit = 33554432 (custom)
2022-10-09 13:05:40,373 [pool-312-thread-1] INFO  server.RaftServerConfigKeys (ConfUtils.java:logGet(46)) - raft.server.log.statemachine.data.read.timeout = 1000ms (default)
2022-10-09 13:05:40,373 [pool-312-thread-1] INFO  server.RaftServerConfigKeys (ConfUtils.java:logGet(46)) - raft.server.log.segment.size.max = 1048576 (custom)
2022-10-09 13:05:40,373 [pool-312-thread-1] INFO  server.RaftServerConfigKeys (ConfUtils.java:logGet(46)) - raft.server.log.segment.cache.num.max = 2 (custom)
2022-10-09 13:05:40,374 [pool-312-thread-1] INFO  server.RaftServerConfigKeys (ConfUtils.java:logGet(46)) - raft.server.log.segment.cache.size.max = 200MB (=209715200) (default)
2022-10-09 13:05:40,374 [pool-312-thread-1] INFO  segmented.SegmentedRaftLogWorker (SegmentedRaftLogWorker.java:<init>(187)) - new 0e0cd2e9-f605-4044-a07f-8c47171ce2f7@group-BF7723920FB3-SegmentedRaftLogWorker for RaftStorageImpl:Storage Directory /home/runner/work/ozone/ozone/hadoop-ozone/integration-test/target/test-dir/MiniOzoneClusterImpl-9b82f26c-8b94-4c2d-8316-029798bb519b/datanode-0/data/ratis/64625589-bdec-47a0-b8f6-bf7723920fb3
2022-10-09 13:05:40,374 [pool-312-thread-1] INFO  server.RaftServerConfigKeys (ConfUtils.java:logGet(46)) - raft.server.log.queue.byte-limit = 4294967296 (custom)
2022-10-09 13:05:40,374 [pool-312-thread-1] INFO  server.RaftServerConfigKeys (ConfUtils.java:logGet(46)) - raft.server.log.queue.element-limit = 1024 (custom)
2022-10-09 13:05:40,374 [pool-312-thread-1] INFO  server.RaftServerConfigKeys (ConfUtils.java:logGet(46)) - raft.server.log.segment.size.max = 1048576 (custom)
2022-10-09 13:05:40,374 [pool-312-thread-1] INFO  server.RaftServerConfigKeys (ConfUtils.java:logGet(46)) - raft.server.log.preallocated.size = 16384 (custom)
2022-10-09 13:05:40,374 [pool-312-thread-1] INFO  server.RaftServerConfigKeys (ConfUtils.java:logGet(46)) - raft.server.log.force.sync.num = 128 (default)
2022-10-09 13:05:40,374 [pool-312-thread-1] INFO  server.RaftServerConfigKeys (ConfUtils.java:logGet(46)) - raft.server.log.statemachine.data.sync = true (default)
2022-10-09 13:05:40,374 [pool-312-thread-1] INFO  server.RaftServerConfigKeys (ConfUtils.java:logGet(46)) - raft.server.log.statemachine.data.sync.timeout = 10s (default)
2022-10-09 13:05:40,374 [pool-312-thread-1] INFO  server.RaftServerConfigKeys (ConfUtils.java:logGet(46)) - raft.server.log.statemachine.data.sync.timeout.retry = -1 (default)
2022-10-09 13:05:40,375 [pool-312-thread-1] INFO  server.RaftServerConfigKeys (ConfUtils.java:logGet(46)) - raft.server.log.write.buffer.size = 1048576 (custom)
2022-10-09 13:05:40,375 [pool-312-thread-1] INFO  server.RaftServerConfigKeys (ConfUtils.java:logGet(46)) - raft.server.log.unsafe-flush.enabled = false (default)
2022-10-09 13:05:40,375 [pool-312-thread-1] INFO  server.RaftServerConfigKeys (ConfUtils.java:logGet(46)) - raft.server.log.statemachine.data.caching.enabled = true (custom)
2022-10-09 13:05:40,375 [pool-312-thread-1] INFO  segmented.SegmentedRaftLogWorker (SegmentedRaftLogWorker.java:lambda$new$0(135)) - 0e0cd2e9-f605-4044-a07f-8c47171ce2f7@group-BF7723920FB3-SegmentedRaftLogWorker: flushIndex: setUnconditionally 0 -> -1
2022-10-09 13:05:40,375 [pool-312-thread-1] INFO  segmented.SegmentedRaftLogWorker (SegmentedRaftLogWorker.java:lambda$new$0(135)) - 0e0cd2e9-f605-4044-a07f-8c47171ce2f7@group-BF7723920FB3-SegmentedRaftLogWorker: safeCacheEvictIndex: setUnconditionally 0 -> -1
2022-10-09 13:05:40,388 [EventQueue-OpenPipelineForHealthyPipelineSafeModeRule] INFO  safemode.SCMSafeModeManager (HealthyPipelineSafeModeRule.java:process(137)) - SCM in safe mode. Healthy pipelines reported count is 0, required healthy pipeline reported count is 1
2022-10-09 13:05:40,388 [pool-312-thread-1] INFO  server.RaftServerConfigKeys (ConfUtils.java:logGet(46)) - raft.server.snapshot.auto.trigger.enabled = true (custom)
2022-10-09 13:05:40,388 [pool-312-thread-1] INFO  server.RaftServerConfigKeys (ConfUtils.java:logGet(46)) - raft.server.snapshot.auto.trigger.threshold = 10000 (custom)
2022-10-09 13:05:40,388 [pool-312-thread-1] INFO  server.RaftServerConfigKeys (ConfUtils.java:logGet(46)) - raft.server.snapshot.retention.file.num = 5 (custom)
2022-10-09 13:05:40,388 [pool-312-thread-1] INFO  server.RaftServerConfigKeys (ConfUtils.java:logGet(46)) - raft.server.log.purge.upto.snapshot.index = false (default)
2022-10-09 13:05:40,388 [pool-312-thread-1] INFO  server.RaftServerConfigKeys (ConfUtils.java:logGet(46)) - raft.server.retrycache.expirytime = 600000ms (custom)
2022-10-09 13:05:40,388 [pool-312-thread-1] INFO  server.RaftServerConfigKeys (ConfUtils.java:logGet(46)) - raft.server.retrycache.statistics.expirytime = 100μs (default)
2022-10-09 13:05:40,389 [pool-312-thread-1] INFO  server.RaftServerConfigKeys (ConfUtils.java:logGet(46)) - raft.server.log.appender.install.snapshot.enabled = false (custom)
2022-10-09 13:05:40,389 [pool-312-thread-1] INFO  server.RaftServerConfigKeys (ConfUtils.java:logGet(46)) - raft.server.threadpool.server.cached = true (default)
2022-10-09 13:05:40,389 [pool-312-thread-1] INFO  server.RaftServerConfigKeys (ConfUtils.java:logGet(46)) - raft.server.threadpool.server.size = 0 (default)
2022-10-09 13:05:40,389 [pool-312-thread-1] INFO  server.RaftServerConfigKeys (ConfUtils.java:logGet(46)) - raft.server.threadpool.client.cached = true (default)
2022-10-09 13:05:40,389 [pool-312-thread-1] INFO  server.RaftServerConfigKeys (ConfUtils.java:logGet(46)) - raft.server.threadpool.client.size = 0 (default)
2022-10-09 13:05:40,389 [pool-312-thread-1] INFO  server.RaftServer$Division (RaftServerImpl.java:start(310)) - 0e0cd2e9-f605-4044-a07f-8c47171ce2f7@group-BF7723920FB3: start as a follower, conf=-1: [2d7a11ae-c5aa-41a6-85dc-c9a8e9cf90b2|rpc:10.1.0.209:34267|priority:1, 864752fb-4a03-48f8-92e4-9b272ebf5ecd|rpc:10.1.0.209:36301|priority:0, 0e0cd2e9-f605-4044-a07f-8c47171ce2f7|rpc:10.1.0.209:36435|priority:0], old=null
2022-10-09 13:05:40,389 [pool-312-thread-1] INFO  server.RaftServer$Division (RaftServerImpl.java:setRole(299)) - 0e0cd2e9-f605-4044-a07f-8c47171ce2f7@group-BF7723920FB3: changes role from      null to FOLLOWER at term 0 for startAsFollower
2022-10-09 13:05:40,389 [pool-312-thread-1] INFO  impl.RoleInfo (RoleInfo.java:updateAndGet(139)) - 0e0cd2e9-f605-4044-a07f-8c47171ce2f7: start 0e0cd2e9-f605-4044-a07f-8c47171ce2f7@group-BF7723920FB3-FollowerState
2022-10-09 13:05:40,400 [pool-312-thread-1] INFO  util.JmxRegister (JmxRegister.java:tryRegister(44)) - Successfully registered JMX Bean with object name Ratis:service=RaftServer,group=group-BF7723920FB3,id=0e0cd2e9-f605-4044-a07f-8c47171ce2f7
2022-10-09 13:05:40,401 [Command processor thread] INFO  ratis.XceiverServerRatis (XceiverServerRatis.java:addGroup(765)) - Created group PipelineID=64625589-bdec-47a0-b8f6-bf7723920fb3
2022-10-09 13:05:40,462 [grpc-default-executor-0] INFO  server.RaftServer (RaftServerProxy.java:addNew(96)) - 864752fb-4a03-48f8-92e4-9b272ebf5ecd: addNew group-BF7723920FB3:[2d7a11ae-c5aa-41a6-85dc-c9a8e9cf90b2|rpc:10.1.0.209:34267|dataStream:|priority:1, 864752fb-4a03-48f8-92e4-9b272ebf5ecd|rpc:10.1.0.209:36301|dataStream:|priority:0, 0e0cd2e9-f605-4044-a07f-8c47171ce2f7|rpc:10.1.0.209:36435|dataStream:|priority:0] returns group-BF7723920FB3:java.util.concurrent.CompletableFuture@4d2ab24c[Not completed]
2022-10-09 13:05:40,481 [pool-358-thread-1] INFO  server.RaftServer$Division (RaftServerImpl.java:<init>(190)) - 864752fb-4a03-48f8-92e4-9b272ebf5ecd: new RaftServerImpl for group-BF7723920FB3:[2d7a11ae-c5aa-41a6-85dc-c9a8e9cf90b2|rpc:10.1.0.209:34267|dataStream:|priority:1, 864752fb-4a03-48f8-92e4-9b272ebf5ecd|rpc:10.1.0.209:36301|dataStream:|priority:0, 0e0cd2e9-f605-4044-a07f-8c47171ce2f7|rpc:10.1.0.209:36435|dataStream:|priority:0] with ContainerStateMachine:uninitialized
2022-10-09 13:05:40,481 [pool-358-thread-1] INFO  server.RaftServerConfigKeys (ConfUtils.java:logGet(46)) - raft.server.rpc.timeout.min = 5s (custom)
2022-10-09 13:05:40,481 [pool-358-thread-1] INFO  server.RaftServerConfigKeys (ConfUtils.java:logGet(46)) - raft.server.rpc.timeout.max = 5200ms (custom)
2022-10-09 13:05:40,481 [pool-358-thread-1] INFO  server.RaftServerConfigKeys (ConfUtils.java:logGet(46)) - raft.server.rpc.sleep.time = 25ms (default)
2022-10-09 13:05:40,481 [pool-358-thread-1] INFO  server.RaftServerConfigKeys (ConfUtils.java:logGet(46)) - raft.server.rpc.slowness.timeout = 300s (custom)
2022-10-09 13:05:40,481 [pool-358-thread-1] INFO  server.RaftServerConfigKeys (ConfUtils.java:logGet(46)) - raft.server.leaderelection.leader.step-down.wait-time = 10s (default)
2022-10-09 13:05:40,481 [pool-358-thread-1] INFO  server.RaftServerConfigKeys (ConfUtils.java:logGet(46)) - raft.server.sleep.deviation.threshold = 300ms (default)
2022-10-09 13:05:40,481 [pool-358-thread-1] INFO  server.RaftServer$Division (ServerState.java:<init>(107)) - 864752fb-4a03-48f8-92e4-9b272ebf5ecd@group-BF7723920FB3: ConfigurationManager, init=-1: [2d7a11ae-c5aa-41a6-85dc-c9a8e9cf90b2|rpc:10.1.0.209:34267|dataStream:|priority:1, 864752fb-4a03-48f8-92e4-9b272ebf5ecd|rpc:10.1.0.209:36301|dataStream:|priority:0, 0e0cd2e9-f605-4044-a07f-8c47171ce2f7|rpc:10.1.0.209:36435|dataStream:|priority:0], old=null, confs=<EMPTY_MAP>
2022-10-09 13:05:40,481 [pool-358-thread-1] INFO  server.RaftServerConfigKeys (ConfUtils.java:logGet(46)) - raft.server.storage.dir = [/home/runner/work/ozone/ozone/hadoop-ozone/integration-test/target/test-dir/MiniOzoneClusterImpl-9b82f26c-8b94-4c2d-8316-029798bb519b/datanode-2/data/ratis] (custom)
2022-10-09 13:05:40,481 [pool-358-thread-1] INFO  server.RaftServerConfigKeys (ConfUtils.java:logGet(46)) - raft.server.log.corruption.policy = EXCEPTION (default)
2022-10-09 13:05:40,481 [pool-358-thread-1] INFO  server.RaftServerConfigKeys (ConfUtils.java:logGet(46)) - raft.server.storage.free-space.min = 0MB (=0) (default)
2022-10-09 13:05:40,481 [pool-358-thread-1] INFO  storage.RaftStorageDirectory (RaftStorageDirectoryImpl.java:analyzeStorage(135)) - The storage directory /home/runner/work/ozone/ozone/hadoop-ozone/integration-test/target/test-dir/MiniOzoneClusterImpl-9b82f26c-8b94-4c2d-8316-029798bb519b/datanode-2/data/ratis/64625589-bdec-47a0-b8f6-bf7723920fb3 does not exist. Creating ...
2022-10-09 13:05:40,484 [pool-358-thread-1] INFO  storage.RaftStorageDirectory (RaftStorageDirectoryImpl.java:tryLock(230)) - Lock on /home/runner/work/ozone/ozone/hadoop-ozone/integration-test/target/test-dir/MiniOzoneClusterImpl-9b82f26c-8b94-4c2d-8316-029798bb519b/datanode-2/data/ratis/64625589-bdec-47a0-b8f6-bf7723920fb3/in_use.lock acquired by nodename 13094@fv-az212-628
2022-10-09 13:05:40,486 [pool-358-thread-1] INFO  storage.RaftStorage (RaftStorageImpl.java:format(89)) - Storage directory /home/runner/work/ozone/ozone/hadoop-ozone/integration-test/target/test-dir/MiniOzoneClusterImpl-9b82f26c-8b94-4c2d-8316-029798bb519b/datanode-2/data/ratis/64625589-bdec-47a0-b8f6-bf7723920fb3 has been successfully formatted.
2022-10-09 13:05:40,486 [pool-358-thread-1] INFO  ratis.ContainerStateMachine (ContainerStateMachine.java:loadSnapshot(236)) - group-BF7723920FB3: The snapshot info is null. Setting the last applied indexto:(t:0, i:~)
2022-10-09 13:05:40,488 [pool-358-thread-1] INFO  server.RaftServerConfigKeys (ConfUtils.java:logGet(46)) - raft.server.notification.no-leader.timeout = 300s (custom)
2022-10-09 13:05:40,488 [pool-358-thread-1] INFO  server.RaftServerConfigKeys (ConfUtils.java:logGet(46)) - raft.server.log.use.memory = false (default)
2022-10-09 13:05:40,488 [pool-358-thread-1] INFO  server.RaftServerConfigKeys (ConfUtils.java:logGet(46)) - raft.server.log.purge.gap = 1000000 (custom)
2022-10-09 13:05:40,499 [pool-358-thread-1] INFO  server.RaftServerConfigKeys (ConfUtils.java:logGet(46)) - raft.server.log.appender.buffer.byte-limit = 33554432 (custom)
2022-10-09 13:05:40,499 [pool-358-thread-1] INFO  server.RaftServerConfigKeys (ConfUtils.java:logGet(46)) - raft.server.log.statemachine.data.read.timeout = 1000ms (default)
2022-10-09 13:05:40,499 [pool-358-thread-1] INFO  server.RaftServerConfigKeys (ConfUtils.java:logGet(46)) - raft.server.log.segment.size.max = 1048576 (custom)
2022-10-09 13:05:40,500 [pool-358-thread-1] INFO  server.RaftServerConfigKeys (ConfUtils.java:logGet(46)) - raft.server.log.segment.cache.num.max = 2 (custom)
2022-10-09 13:05:40,500 [pool-358-thread-1] INFO  server.RaftServerConfigKeys (ConfUtils.java:logGet(46)) - raft.server.log.segment.cache.size.max = 200MB (=209715200) (default)
2022-10-09 13:05:40,500 [pool-358-thread-1] INFO  segmented.SegmentedRaftLogWorker (SegmentedRaftLogWorker.java:<init>(187)) - new 864752fb-4a03-48f8-92e4-9b272ebf5ecd@group-BF7723920FB3-SegmentedRaftLogWorker for RaftStorageImpl:Storage Directory /home/runner/work/ozone/ozone/hadoop-ozone/integration-test/target/test-dir/MiniOzoneClusterImpl-9b82f26c-8b94-4c2d-8316-029798bb519b/datanode-2/data/ratis/64625589-bdec-47a0-b8f6-bf7723920fb3
2022-10-09 13:05:40,500 [pool-358-thread-1] INFO  server.RaftServerConfigKeys (ConfUtils.java:logGet(46)) - raft.server.log.queue.byte-limit = 4294967296 (custom)
2022-10-09 13:05:40,500 [pool-358-thread-1] INFO  server.RaftServerConfigKeys (ConfUtils.java:logGet(46)) - raft.server.log.queue.element-limit = 1024 (custom)
2022-10-09 13:05:40,511 [pool-358-thread-1] INFO  server.RaftServerConfigKeys (ConfUtils.java:logGet(46)) - raft.server.log.segment.size.max = 1048576 (custom)
2022-10-09 13:05:40,512 [pool-358-thread-1] INFO  server.RaftServerConfigKeys (ConfUtils.java:logGet(46)) - raft.server.log.preallocated.size = 16384 (custom)
2022-10-09 13:05:40,512 [pool-358-thread-1] INFO  server.RaftServerConfigKeys (ConfUtils.java:logGet(46)) - raft.server.log.force.sync.num = 128 (default)
2022-10-09 13:05:40,512 [pool-358-thread-1] INFO  server.RaftServerConfigKeys (ConfUtils.java:logGet(46)) - raft.server.log.statemachine.data.sync = true (default)
2022-10-09 13:05:40,512 [pool-358-thread-1] INFO  server.RaftServerConfigKeys (ConfUtils.java:logGet(46)) - raft.server.log.statemachine.data.sync.timeout = 10s (default)
2022-10-09 13:05:40,512 [pool-358-thread-1] INFO  server.RaftServerConfigKeys (ConfUtils.java:logGet(46)) - raft.server.log.statemachine.data.sync.timeout.retry = -1 (default)
2022-10-09 13:05:40,512 [pool-358-thread-1] INFO  server.RaftServerConfigKeys (ConfUtils.java:logGet(46)) - raft.server.log.write.buffer.size = 1048576 (custom)
2022-10-09 13:05:40,513 [pool-358-thread-1] INFO  server.RaftServerConfigKeys (ConfUtils.java:logGet(46)) - raft.server.log.unsafe-flush.enabled = false (default)
2022-10-09 13:05:40,513 [pool-358-thread-1] INFO  server.RaftServerConfigKeys (ConfUtils.java:logGet(46)) - raft.server.log.statemachine.data.caching.enabled = true (custom)
2022-10-09 13:05:40,513 [pool-358-thread-1] INFO  segmented.SegmentedRaftLogWorker (SegmentedRaftLogWorker.java:lambda$new$0(135)) - 864752fb-4a03-48f8-92e4-9b272ebf5ecd@group-BF7723920FB3-SegmentedRaftLogWorker: flushIndex: setUnconditionally 0 -> -1
2022-10-09 13:05:40,515 [pool-358-thread-1] INFO  segmented.SegmentedRaftLogWorker (SegmentedRaftLogWorker.java:lambda$new$0(135)) - 864752fb-4a03-48f8-92e4-9b272ebf5ecd@group-BF7723920FB3-SegmentedRaftLogWorker: safeCacheEvictIndex: setUnconditionally 0 -> -1
2022-10-09 13:05:40,518 [pool-358-thread-1] INFO  server.RaftServerConfigKeys (ConfUtils.java:logGet(46)) - raft.server.snapshot.auto.trigger.enabled = true (custom)
2022-10-09 13:05:40,518 [pool-358-thread-1] INFO  server.RaftServerConfigKeys (ConfUtils.java:logGet(46)) - raft.server.snapshot.auto.trigger.threshold = 10000 (custom)
2022-10-09 13:05:40,518 [pool-358-thread-1] INFO  server.RaftServerConfigKeys (ConfUtils.java:logGet(46)) - raft.server.snapshot.retention.file.num = 5 (custom)
2022-10-09 13:05:40,519 [pool-358-thread-1] INFO  server.RaftServerConfigKeys (ConfUtils.java:logGet(46)) - raft.server.log.purge.upto.snapshot.index = false (default)
2022-10-09 13:05:40,519 [pool-358-thread-1] INFO  server.RaftServerConfigKeys (ConfUtils.java:logGet(46)) - raft.server.retrycache.expirytime = 600000ms (custom)
2022-10-09 13:05:40,519 [pool-358-thread-1] INFO  server.RaftServerConfigKeys (ConfUtils.java:logGet(46)) - raft.server.retrycache.statistics.expirytime = 100μs (default)
2022-10-09 13:05:40,520 [pool-358-thread-1] INFO  server.RaftServerConfigKeys (ConfUtils.java:logGet(46)) - raft.server.log.appender.install.snapshot.enabled = false (custom)
2022-10-09 13:05:40,520 [pool-358-thread-1] INFO  server.RaftServerConfigKeys (ConfUtils.java:logGet(46)) - raft.server.threadpool.server.cached = true (default)
2022-10-09 13:05:40,520 [pool-358-thread-1] INFO  server.RaftServerConfigKeys (ConfUtils.java:logGet(46)) - raft.server.threadpool.server.size = 0 (default)
2022-10-09 13:05:40,520 [pool-358-thread-1] INFO  server.RaftServerConfigKeys (ConfUtils.java:logGet(46)) - raft.server.threadpool.client.cached = true (default)
2022-10-09 13:05:40,520 [pool-358-thread-1] INFO  server.RaftServerConfigKeys (ConfUtils.java:logGet(46)) - raft.server.threadpool.client.size = 0 (default)
2022-10-09 13:05:40,520 [pool-358-thread-1] INFO  server.RaftServer$Division (RaftServerImpl.java:start(310)) - 864752fb-4a03-48f8-92e4-9b272ebf5ecd@group-BF7723920FB3: start as a follower, conf=-1: [2d7a11ae-c5aa-41a6-85dc-c9a8e9cf90b2|rpc:10.1.0.209:34267|dataStream:|priority:1, 864752fb-4a03-48f8-92e4-9b272ebf5ecd|rpc:10.1.0.209:36301|dataStream:|priority:0, 0e0cd2e9-f605-4044-a07f-8c47171ce2f7|rpc:10.1.0.209:36435|dataStream:|priority:0], old=null
2022-10-09 13:05:40,520 [pool-358-thread-1] INFO  server.RaftServer$Division (RaftServerImpl.java:setRole(299)) - 864752fb-4a03-48f8-92e4-9b272ebf5ecd@group-BF7723920FB3: changes role from      null to FOLLOWER at term 0 for startAsFollower
2022-10-09 13:05:40,520 [pool-358-thread-1] INFO  impl.RoleInfo (RoleInfo.java:updateAndGet(139)) - 864752fb-4a03-48f8-92e4-9b272ebf5ecd: start 864752fb-4a03-48f8-92e4-9b272ebf5ecd@group-BF7723920FB3-FollowerState
2022-10-09 13:05:40,528 [pool-358-thread-1] INFO  util.JmxRegister (JmxRegister.java:tryRegister(44)) - Successfully registered JMX Bean with object name Ratis:service=RaftServer,group=group-BF7723920FB3,id=864752fb-4a03-48f8-92e4-9b272ebf5ecd
2022-10-09 13:05:40,599 [grpc-default-executor-0] INFO  server.RaftServer (RaftServerProxy.java:addNew(96)) - 2d7a11ae-c5aa-41a6-85dc-c9a8e9cf90b2: addNew group-BF7723920FB3:[2d7a11ae-c5aa-41a6-85dc-c9a8e9cf90b2|rpc:10.1.0.209:34267|dataStream:|priority:1, 864752fb-4a03-48f8-92e4-9b272ebf5ecd|rpc:10.1.0.209:36301|dataStream:|priority:0, 0e0cd2e9-f605-4044-a07f-8c47171ce2f7|rpc:10.1.0.209:36435|dataStream:|priority:0] returns group-BF7723920FB3:java.util.concurrent.CompletableFuture@69ce4c28[Not completed]
2022-10-09 13:05:40,624 [pool-335-thread-1] INFO  server.RaftServer$Division (RaftServerImpl.java:<init>(190)) - 2d7a11ae-c5aa-41a6-85dc-c9a8e9cf90b2: new RaftServerImpl for group-BF7723920FB3:[2d7a11ae-c5aa-41a6-85dc-c9a8e9cf90b2|rpc:10.1.0.209:34267|dataStream:|priority:1, 864752fb-4a03-48f8-92e4-9b272ebf5ecd|rpc:10.1.0.209:36301|dataStream:|priority:0, 0e0cd2e9-f605-4044-a07f-8c47171ce2f7|rpc:10.1.0.209:36435|dataStream:|priority:0] with ContainerStateMachine:uninitialized
2022-10-09 13:05:40,624 [pool-335-thread-1] INFO  server.RaftServerConfigKeys (ConfUtils.java:logGet(46)) - raft.server.rpc.timeout.min = 5s (custom)
2022-10-09 13:05:40,624 [pool-335-thread-1] INFO  server.RaftServerConfigKeys (ConfUtils.java:logGet(46)) - raft.server.rpc.timeout.max = 5200ms (custom)
2022-10-09 13:05:40,624 [pool-335-thread-1] INFO  server.RaftServerConfigKeys (ConfUtils.java:logGet(46)) - raft.server.rpc.sleep.time = 25ms (default)
2022-10-09 13:05:40,624 [pool-335-thread-1] INFO  server.RaftServerConfigKeys (ConfUtils.java:logGet(46)) - raft.server.rpc.slowness.timeout = 300s (custom)
2022-10-09 13:05:40,624 [pool-335-thread-1] INFO  server.RaftServerConfigKeys (ConfUtils.java:logGet(46)) - raft.server.leaderelection.leader.step-down.wait-time = 10s (default)
2022-10-09 13:05:40,624 [pool-335-thread-1] INFO  server.RaftServerConfigKeys (ConfUtils.java:logGet(46)) - raft.server.sleep.deviation.threshold = 300ms (default)
2022-10-09 13:05:40,624 [pool-335-thread-1] INFO  server.RaftServer$Division (ServerState.java:<init>(107)) - 2d7a11ae-c5aa-41a6-85dc-c9a8e9cf90b2@group-BF7723920FB3: ConfigurationManager, init=-1: [2d7a11ae-c5aa-41a6-85dc-c9a8e9cf90b2|rpc:10.1.0.209:34267|dataStream:|priority:1, 864752fb-4a03-48f8-92e4-9b272ebf5ecd|rpc:10.1.0.209:36301|dataStream:|priority:0, 0e0cd2e9-f605-4044-a07f-8c47171ce2f7|rpc:10.1.0.209:36435|dataStream:|priority:0], old=null, confs=<EMPTY_MAP>
2022-10-09 13:05:40,625 [pool-335-thread-1] INFO  server.RaftServerConfigKeys (ConfUtils.java:logGet(46)) - raft.server.storage.dir = [/home/runner/work/ozone/ozone/hadoop-ozone/integration-test/target/test-dir/MiniOzoneClusterImpl-9b82f26c-8b94-4c2d-8316-029798bb519b/datanode-1/data/ratis] (custom)
2022-10-09 13:05:40,625 [pool-335-thread-1] INFO  server.RaftServerConfigKeys (ConfUtils.java:logGet(46)) - raft.server.log.corruption.policy = EXCEPTION (default)
2022-10-09 13:05:40,625 [pool-335-thread-1] INFO  server.RaftServerConfigKeys (ConfUtils.java:logGet(46)) - raft.server.storage.free-space.min = 0MB (=0) (default)
2022-10-09 13:05:40,625 [pool-335-thread-1] INFO  storage.RaftStorageDirectory (RaftStorageDirectoryImpl.java:analyzeStorage(135)) - The storage directory /home/runner/work/ozone/ozone/hadoop-ozone/integration-test/target/test-dir/MiniOzoneClusterImpl-9b82f26c-8b94-4c2d-8316-029798bb519b/datanode-1/data/ratis/64625589-bdec-47a0-b8f6-bf7723920fb3 does not exist. Creating ...
2022-10-09 13:05:40,632 [pool-335-thread-1] INFO  storage.RaftStorageDirectory (RaftStorageDirectoryImpl.java:tryLock(230)) - Lock on /home/runner/work/ozone/ozone/hadoop-ozone/integration-test/target/test-dir/MiniOzoneClusterImpl-9b82f26c-8b94-4c2d-8316-029798bb519b/datanode-1/data/ratis/64625589-bdec-47a0-b8f6-bf7723920fb3/in_use.lock acquired by nodename 13094@fv-az212-628
2022-10-09 13:05:40,640 [pool-335-thread-1] INFO  storage.RaftStorage (RaftStorageImpl.java:format(89)) - Storage directory /home/runner/work/ozone/ozone/hadoop-ozone/integration-test/target/test-dir/MiniOzoneClusterImpl-9b82f26c-8b94-4c2d-8316-029798bb519b/datanode-1/data/ratis/64625589-bdec-47a0-b8f6-bf7723920fb3 has been successfully formatted.
2022-10-09 13:05:40,643 [pool-335-thread-1] INFO  ratis.ContainerStateMachine (ContainerStateMachine.java:loadSnapshot(236)) - group-BF7723920FB3: The snapshot info is null. Setting the last applied indexto:(t:0, i:~)
2022-10-09 13:05:40,644 [pool-335-thread-1] INFO  server.RaftServerConfigKeys (ConfUtils.java:logGet(46)) - raft.server.notification.no-leader.timeout = 300s (custom)
2022-10-09 13:05:40,644 [pool-335-thread-1] INFO  server.RaftServerConfigKeys (ConfUtils.java:logGet(46)) - raft.server.log.use.memory = false (default)
2022-10-09 13:05:40,644 [pool-335-thread-1] INFO  server.RaftServerConfigKeys (ConfUtils.java:logGet(46)) - raft.server.log.purge.gap = 1000000 (custom)
2022-10-09 13:05:40,644 [pool-335-thread-1] INFO  server.RaftServerConfigKeys (ConfUtils.java:logGet(46)) - raft.server.log.appender.buffer.byte-limit = 33554432 (custom)
2022-10-09 13:05:40,644 [pool-335-thread-1] INFO  server.RaftServerConfigKeys (ConfUtils.java:logGet(46)) - raft.server.log.statemachine.data.read.timeout = 1000ms (default)
2022-10-09 13:05:40,644 [pool-335-thread-1] INFO  server.RaftServerConfigKeys (ConfUtils.java:logGet(46)) - raft.server.log.segment.size.max = 1048576 (custom)
2022-10-09 13:05:40,644 [pool-335-thread-1] INFO  server.RaftServerConfigKeys (ConfUtils.java:logGet(46)) - raft.server.log.segment.cache.num.max = 2 (custom)
2022-10-09 13:05:40,645 [pool-335-thread-1] INFO  server.RaftServerConfigKeys (ConfUtils.java:logGet(46)) - raft.server.log.segment.cache.size.max = 200MB (=209715200) (default)
2022-10-09 13:05:40,645 [pool-335-thread-1] INFO  segmented.SegmentedRaftLogWorker (SegmentedRaftLogWorker.java:<init>(187)) - new 2d7a11ae-c5aa-41a6-85dc-c9a8e9cf90b2@group-BF7723920FB3-SegmentedRaftLogWorker for RaftStorageImpl:Storage Directory /home/runner/work/ozone/ozone/hadoop-ozone/integration-test/target/test-dir/MiniOzoneClusterImpl-9b82f26c-8b94-4c2d-8316-029798bb519b/datanode-1/data/ratis/64625589-bdec-47a0-b8f6-bf7723920fb3
2022-10-09 13:05:40,645 [pool-335-thread-1] INFO  server.RaftServerConfigKeys (ConfUtils.java:logGet(46)) - raft.server.log.queue.byte-limit = 4294967296 (custom)
2022-10-09 13:05:40,645 [pool-335-thread-1] INFO  server.RaftServerConfigKeys (ConfUtils.java:logGet(46)) - raft.server.log.queue.element-limit = 1024 (custom)
2022-10-09 13:05:40,645 [pool-335-thread-1] INFO  server.RaftServerConfigKeys (ConfUtils.java:logGet(46)) - raft.server.log.segment.size.max = 1048576 (custom)
2022-10-09 13:05:40,645 [pool-335-thread-1] INFO  server.RaftServerConfigKeys (ConfUtils.java:logGet(46)) - raft.server.log.preallocated.size = 16384 (custom)
2022-10-09 13:05:40,645 [pool-335-thread-1] INFO  server.RaftServerConfigKeys (ConfUtils.java:logGet(46)) - raft.server.log.force.sync.num = 128 (default)
2022-10-09 13:05:40,645 [pool-335-thread-1] INFO  server.RaftServerConfigKeys (ConfUtils.java:logGet(46)) - raft.server.log.statemachine.data.sync = true (default)
2022-10-09 13:05:40,645 [pool-335-thread-1] INFO  server.RaftServerConfigKeys (ConfUtils.java:logGet(46)) - raft.server.log.statemachine.data.sync.timeout = 10s (default)
2022-10-09 13:05:40,645 [pool-335-thread-1] INFO  server.RaftServerConfigKeys (ConfUtils.java:logGet(46)) - raft.server.log.statemachine.data.sync.timeout.retry = -1 (default)
2022-10-09 13:05:40,646 [pool-335-thread-1] INFO  server.RaftServerConfigKeys (ConfUtils.java:logGet(46)) - raft.server.log.write.buffer.size = 1048576 (custom)
2022-10-09 13:05:40,646 [pool-335-thread-1] INFO  server.RaftServerConfigKeys (ConfUtils.java:logGet(46)) - raft.server.log.unsafe-flush.enabled = false (default)
2022-10-09 13:05:40,646 [pool-335-thread-1] INFO  server.RaftServerConfigKeys (ConfUtils.java:logGet(46)) - raft.server.log.statemachine.data.caching.enabled = true (custom)
2022-10-09 13:05:40,646 [pool-335-thread-1] INFO  segmented.SegmentedRaftLogWorker (SegmentedRaftLogWorker.java:lambda$new$0(135)) - 2d7a11ae-c5aa-41a6-85dc-c9a8e9cf90b2@group-BF7723920FB3-SegmentedRaftLogWorker: flushIndex: setUnconditionally 0 -> -1
2022-10-09 13:05:40,646 [pool-335-thread-1] INFO  segmented.SegmentedRaftLogWorker (SegmentedRaftLogWorker.java:lambda$new$0(135)) - 2d7a11ae-c5aa-41a6-85dc-c9a8e9cf90b2@group-BF7723920FB3-SegmentedRaftLogWorker: safeCacheEvictIndex: setUnconditionally 0 -> -1
2022-10-09 13:05:40,653 [pool-335-thread-1] INFO  server.RaftServerConfigKeys (ConfUtils.java:logGet(46)) - raft.server.snapshot.auto.trigger.enabled = true (custom)
2022-10-09 13:05:40,653 [pool-335-thread-1] INFO  server.RaftServerConfigKeys (ConfUtils.java:logGet(46)) - raft.server.snapshot.auto.trigger.threshold = 10000 (custom)
2022-10-09 13:05:40,653 [pool-335-thread-1] INFO  server.RaftServerConfigKeys (ConfUtils.java:logGet(46)) - raft.server.snapshot.retention.file.num = 5 (custom)
2022-10-09 13:05:40,653 [pool-335-thread-1] INFO  server.RaftServerConfigKeys (ConfUtils.java:logGet(46)) - raft.server.log.purge.upto.snapshot.index = false (default)
2022-10-09 13:05:40,653 [pool-335-thread-1] INFO  server.RaftServerConfigKeys (ConfUtils.java:logGet(46)) - raft.server.retrycache.expirytime = 600000ms (custom)
2022-10-09 13:05:40,653 [pool-335-thread-1] INFO  server.RaftServerConfigKeys (ConfUtils.java:logGet(46)) - raft.server.retrycache.statistics.expirytime = 100μs (default)
2022-10-09 13:05:40,654 [pool-335-thread-1] INFO  server.RaftServerConfigKeys (ConfUtils.java:logGet(46)) - raft.server.log.appender.install.snapshot.enabled = false (custom)
2022-10-09 13:05:40,654 [pool-335-thread-1] INFO  server.RaftServerConfigKeys (ConfUtils.java:logGet(46)) - raft.server.threadpool.server.cached = true (default)
2022-10-09 13:05:40,654 [pool-335-thread-1] INFO  server.RaftServerConfigKeys (ConfUtils.java:logGet(46)) - raft.server.threadpool.server.size = 0 (default)
2022-10-09 13:05:40,654 [pool-335-thread-1] INFO  server.RaftServerConfigKeys (ConfUtils.java:logGet(46)) - raft.server.threadpool.client.cached = true (default)
2022-10-09 13:05:40,654 [pool-335-thread-1] INFO  server.RaftServerConfigKeys (ConfUtils.java:logGet(46)) - raft.server.threadpool.client.size = 0 (default)
2022-10-09 13:05:40,654 [pool-335-thread-1] INFO  server.RaftServer$Division (RaftServerImpl.java:start(310)) - 2d7a11ae-c5aa-41a6-85dc-c9a8e9cf90b2@group-BF7723920FB3: start as a follower, conf=-1: [2d7a11ae-c5aa-41a6-85dc-c9a8e9cf90b2|rpc:10.1.0.209:34267|dataStream:|priority:1, 864752fb-4a03-48f8-92e4-9b272ebf5ecd|rpc:10.1.0.209:36301|dataStream:|priority:0, 0e0cd2e9-f605-4044-a07f-8c47171ce2f7|rpc:10.1.0.209:36435|dataStream:|priority:0], old=null
2022-10-09 13:05:40,654 [pool-335-thread-1] INFO  server.RaftServer$Division (RaftServerImpl.java:setRole(299)) - 2d7a11ae-c5aa-41a6-85dc-c9a8e9cf90b2@group-BF7723920FB3: changes role from      null to FOLLOWER at term 0 for startAsFollower
2022-10-09 13:05:40,654 [pool-335-thread-1] INFO  impl.RoleInfo (RoleInfo.java:updateAndGet(139)) - 2d7a11ae-c5aa-41a6-85dc-c9a8e9cf90b2: start 2d7a11ae-c5aa-41a6-85dc-c9a8e9cf90b2@group-BF7723920FB3-FollowerState
2022-10-09 13:05:40,656 [pool-335-thread-1] INFO  util.JmxRegister (JmxRegister.java:tryRegister(44)) - Successfully registered JMX Bean with object name Ratis:service=RaftServer,group=group-BF7723920FB3,id=2d7a11ae-c5aa-41a6-85dc-c9a8e9cf90b2
2022-10-09 13:05:40,685 [Command processor thread] INFO  commandhandler.CreatePipelineCommandHandler (CreatePipelineCommandHandler.java:handle(113)) - Created Pipeline RATIS THREE PipelineID=64625589-bdec-47a0-b8f6-bf7723920fb3.
2022-10-09 13:05:40,685 [Command processor thread] INFO  server.RaftServer (RaftServerProxy.java:addNew(96)) - 0e0cd2e9-f605-4044-a07f-8c47171ce2f7: addNew group-612B0C1FFEC3:[2d7a11ae-c5aa-41a6-85dc-c9a8e9cf90b2|rpc:10.1.0.209:34267|priority:0, 864752fb-4a03-48f8-92e4-9b272ebf5ecd|rpc:10.1.0.209:36301|priority:1, 0e0cd2e9-f605-4044-a07f-8c47171ce2f7|rpc:10.1.0.209:36435|priority:0] returns group-612B0C1FFEC3:java.util.concurrent.CompletableFuture@5a100253[Not completed]
2022-10-09 13:05:40,686 [pool-312-thread-1] INFO  server.RaftServer$Division (RaftServerImpl.java:<init>(190)) - 0e0cd2e9-f605-4044-a07f-8c47171ce2f7: new RaftServerImpl for group-612B0C1FFEC3:[2d7a11ae-c5aa-41a6-85dc-c9a8e9cf90b2|rpc:10.1.0.209:34267|priority:0, 864752fb-4a03-48f8-92e4-9b272ebf5ecd|rpc:10.1.0.209:36301|priority:1, 0e0cd2e9-f605-4044-a07f-8c47171ce2f7|rpc:10.1.0.209:36435|priority:0] with ContainerStateMachine:uninitialized
2022-10-09 13:05:40,686 [pool-312-thread-1] INFO  server.RaftServerConfigKeys (ConfUtils.java:logGet(46)) - raft.server.rpc.timeout.min = 5s (custom)
2022-10-09 13:05:40,686 [pool-312-thread-1] INFO  server.RaftServerConfigKeys (ConfUtils.java:logGet(46)) - raft.server.rpc.timeout.max = 5200ms (custom)
2022-10-09 13:05:40,686 [pool-312-thread-1] INFO  server.RaftServerConfigKeys (ConfUtils.java:logGet(46)) - raft.server.rpc.sleep.time = 25ms (default)
2022-10-09 13:05:40,686 [pool-312-thread-1] INFO  server.RaftServerConfigKeys (ConfUtils.java:logGet(46)) - raft.server.rpc.slowness.timeout = 300s (custom)
2022-10-09 13:05:40,686 [pool-312-thread-1] INFO  server.RaftServerConfigKeys (ConfUtils.java:logGet(46)) - raft.server.leaderelection.leader.step-down.wait-time = 10s (default)
2022-10-09 13:05:40,686 [pool-312-thread-1] INFO  server.RaftServerConfigKeys (ConfUtils.java:logGet(46)) - raft.server.sleep.deviation.threshold = 300ms (default)
2022-10-09 13:05:40,686 [pool-312-thread-1] INFO  server.RaftServer$Division (ServerState.java:<init>(107)) - 0e0cd2e9-f605-4044-a07f-8c47171ce2f7@group-612B0C1FFEC3: ConfigurationManager, init=-1: [2d7a11ae-c5aa-41a6-85dc-c9a8e9cf90b2|rpc:10.1.0.209:34267|priority:0, 864752fb-4a03-48f8-92e4-9b272ebf5ecd|rpc:10.1.0.209:36301|priority:1, 0e0cd2e9-f605-4044-a07f-8c47171ce2f7|rpc:10.1.0.209:36435|priority:0], old=null, confs=<EMPTY_MAP>
2022-10-09 13:05:40,686 [pool-312-thread-1] INFO  server.RaftServerConfigKeys (ConfUtils.java:logGet(46)) - raft.server.storage.dir = [/home/runner/work/ozone/ozone/hadoop-ozone/integration-test/target/test-dir/MiniOzoneClusterImpl-9b82f26c-8b94-4c2d-8316-029798bb519b/datanode-0/data/ratis] (custom)
2022-10-09 13:05:40,686 [pool-312-thread-1] INFO  server.RaftServerConfigKeys (ConfUtils.java:logGet(46)) - raft.server.log.corruption.policy = EXCEPTION (default)
2022-10-09 13:05:40,686 [pool-312-thread-1] INFO  server.RaftServerConfigKeys (ConfUtils.java:logGet(46)) - raft.server.storage.free-space.min = 0MB (=0) (default)
2022-10-09 13:05:40,687 [pool-312-thread-1] INFO  storage.RaftStorageDirectory (RaftStorageDirectoryImpl.java:analyzeStorage(135)) - The storage directory /home/runner/work/ozone/ozone/hadoop-ozone/integration-test/target/test-dir/MiniOzoneClusterImpl-9b82f26c-8b94-4c2d-8316-029798bb519b/datanode-0/data/ratis/911adc24-8c4e-4715-94f6-612b0c1ffec3 does not exist. Creating ...
2022-10-09 13:05:40,688 [pool-312-thread-1] INFO  storage.RaftStorageDirectory (RaftStorageDirectoryImpl.java:tryLock(230)) - Lock on /home/runner/work/ozone/ozone/hadoop-ozone/integration-test/target/test-dir/MiniOzoneClusterImpl-9b82f26c-8b94-4c2d-8316-029798bb519b/datanode-0/data/ratis/911adc24-8c4e-4715-94f6-612b0c1ffec3/in_use.lock acquired by nodename 13094@fv-az212-628
2022-10-09 13:05:40,689 [pool-312-thread-1] INFO  storage.RaftStorage (RaftStorageImpl.java:format(89)) - Storage directory /home/runner/work/ozone/ozone/hadoop-ozone/integration-test/target/test-dir/MiniOzoneClusterImpl-9b82f26c-8b94-4c2d-8316-029798bb519b/datanode-0/data/ratis/911adc24-8c4e-4715-94f6-612b0c1ffec3 has been successfully formatted.
2022-10-09 13:05:40,690 [pool-312-thread-1] INFO  ratis.ContainerStateMachine (ContainerStateMachine.java:loadSnapshot(236)) - group-612B0C1FFEC3: The snapshot info is null. Setting the last applied indexto:(t:0, i:~)
2022-10-09 13:05:40,690 [pool-312-thread-1] INFO  server.RaftServerConfigKeys (ConfUtils.java:logGet(46)) - raft.server.notification.no-leader.timeout = 300s (custom)
2022-10-09 13:05:40,690 [pool-312-thread-1] INFO  server.RaftServerConfigKeys (ConfUtils.java:logGet(46)) - raft.server.log.use.memory = false (default)
2022-10-09 13:05:40,690 [pool-312-thread-1] INFO  server.RaftServerConfigKeys (ConfUtils.java:logGet(46)) - raft.server.log.purge.gap = 1000000 (custom)
2022-10-09 13:05:40,690 [pool-312-thread-1] INFO  server.RaftServerConfigKeys (ConfUtils.java:logGet(46)) - raft.server.log.appender.buffer.byte-limit = 33554432 (custom)
2022-10-09 13:05:40,690 [pool-312-thread-1] INFO  server.RaftServerConfigKeys (ConfUtils.java:logGet(46)) - raft.server.log.statemachine.data.read.timeout = 1000ms (default)
2022-10-09 13:05:40,690 [pool-312-thread-1] INFO  server.RaftServerConfigKeys (ConfUtils.java:logGet(46)) - raft.server.log.segment.size.max = 1048576 (custom)
2022-10-09 13:05:40,690 [pool-312-thread-1] INFO  server.RaftServerConfigKeys (ConfUtils.java:logGet(46)) - raft.server.log.segment.cache.num.max = 2 (custom)
2022-10-09 13:05:40,690 [pool-312-thread-1] INFO  server.RaftServerConfigKeys (ConfUtils.java:logGet(46)) - raft.server.log.segment.cache.size.max = 200MB (=209715200) (default)
2022-10-09 13:05:40,690 [pool-312-thread-1] INFO  segmented.SegmentedRaftLogWorker (SegmentedRaftLogWorker.java:<init>(187)) - new 0e0cd2e9-f605-4044-a07f-8c47171ce2f7@group-612B0C1FFEC3-SegmentedRaftLogWorker for RaftStorageImpl:Storage Directory /home/runner/work/ozone/ozone/hadoop-ozone/integration-test/target/test-dir/MiniOzoneClusterImpl-9b82f26c-8b94-4c2d-8316-029798bb519b/datanode-0/data/ratis/911adc24-8c4e-4715-94f6-612b0c1ffec3
2022-10-09 13:05:40,690 [pool-312-thread-1] INFO  server.RaftServerConfigKeys (ConfUtils.java:logGet(46)) - raft.server.log.queue.byte-limit = 4294967296 (custom)
2022-10-09 13:05:40,691 [pool-312-thread-1] INFO  server.RaftServerConfigKeys (ConfUtils.java:logGet(46)) - raft.server.log.queue.element-limit = 1024 (custom)
2022-10-09 13:05:40,691 [pool-312-thread-1] INFO  server.RaftServerConfigKeys (ConfUtils.java:logGet(46)) - raft.server.log.segment.size.max = 1048576 (custom)
2022-10-09 13:05:40,691 [pool-312-thread-1] INFO  server.RaftServerConfigKeys (ConfUtils.java:logGet(46)) - raft.server.log.preallocated.size = 16384 (custom)
2022-10-09 13:05:40,691 [pool-312-thread-1] INFO  server.RaftServerConfigKeys (ConfUtils.java:logGet(46)) - raft.server.log.force.sync.num = 128 (default)
2022-10-09 13:05:40,691 [pool-312-thread-1] INFO  server.RaftServerConfigKeys (ConfUtils.java:logGet(46)) - raft.server.log.statemachine.data.sync = true (default)
2022-10-09 13:05:40,691 [pool-312-thread-1] INFO  server.RaftServerConfigKeys (ConfUtils.java:logGet(46)) - raft.server.log.statemachine.data.sync.timeout = 10s (default)
2022-10-09 13:05:40,691 [pool-312-thread-1] INFO  server.RaftServerConfigKeys (ConfUtils.java:logGet(46)) - raft.server.log.statemachine.data.sync.timeout.retry = -1 (default)
2022-10-09 13:05:40,692 [pool-312-thread-1] INFO  server.RaftServerConfigKeys (ConfUtils.java:logGet(46)) - raft.server.log.write.buffer.size = 1048576 (custom)
2022-10-09 13:05:40,692 [pool-312-thread-1] INFO  server.RaftServerConfigKeys (ConfUtils.java:logGet(46)) - raft.server.log.unsafe-flush.enabled = false (default)
2022-10-09 13:05:40,692 [pool-312-thread-1] INFO  server.RaftServerConfigKeys (ConfUtils.java:logGet(46)) - raft.server.log.statemachine.data.caching.enabled = true (custom)
2022-10-09 13:05:40,692 [pool-312-thread-1] INFO  segmented.SegmentedRaftLogWorker (SegmentedRaftLogWorker.java:lambda$new$0(135)) - 0e0cd2e9-f605-4044-a07f-8c47171ce2f7@group-612B0C1FFEC3-SegmentedRaftLogWorker: flushIndex: setUnconditionally 0 -> -1
2022-10-09 13:05:40,692 [pool-312-thread-1] INFO  segmented.SegmentedRaftLogWorker (SegmentedRaftLogWorker.java:lambda$new$0(135)) - 0e0cd2e9-f605-4044-a07f-8c47171ce2f7@group-612B0C1FFEC3-SegmentedRaftLogWorker: safeCacheEvictIndex: setUnconditionally 0 -> -1
2022-10-09 13:05:40,700 [pool-312-thread-1] INFO  server.RaftServerConfigKeys (ConfUtils.java:logGet(46)) - raft.server.snapshot.auto.trigger.enabled = true (custom)
2022-10-09 13:05:40,700 [pool-312-thread-1] INFO  server.RaftServerConfigKeys (ConfUtils.java:logGet(46)) - raft.server.snapshot.auto.trigger.threshold = 10000 (custom)
2022-10-09 13:05:40,700 [pool-312-thread-1] INFO  server.RaftServerConfigKeys (ConfUtils.java:logGet(46)) - raft.server.snapshot.retention.file.num = 5 (custom)
2022-10-09 13:05:40,700 [pool-312-thread-1] INFO  server.RaftServerConfigKeys (ConfUtils.java:logGet(46)) - raft.server.log.purge.upto.snapshot.index = false (default)
2022-10-09 13:05:40,700 [pool-312-thread-1] INFO  server.RaftServerConfigKeys (ConfUtils.java:logGet(46)) - raft.server.retrycache.expirytime = 600000ms (custom)
2022-10-09 13:05:40,700 [pool-312-thread-1] INFO  server.RaftServerConfigKeys (ConfUtils.java:logGet(46)) - raft.server.retrycache.statistics.expirytime = 100μs (default)
2022-10-09 13:05:40,701 [pool-312-thread-1] INFO  server.RaftServerConfigKeys (ConfUtils.java:logGet(46)) - raft.server.log.appender.install.snapshot.enabled = false (custom)
2022-10-09 13:05:40,701 [pool-312-thread-1] INFO  server.RaftServerConfigKeys (ConfUtils.java:logGet(46)) - raft.server.threadpool.server.cached = true (default)
2022-10-09 13:05:40,701 [pool-312-thread-1] INFO  server.RaftServerConfigKeys (ConfUtils.java:logGet(46)) - raft.server.threadpool.server.size = 0 (default)
2022-10-09 13:05:40,701 [pool-312-thread-1] INFO  server.RaftServerConfigKeys (ConfUtils.java:logGet(46)) - raft.server.threadpool.client.cached = true (default)
2022-10-09 13:05:40,701 [pool-312-thread-1] INFO  server.RaftServerConfigKeys (ConfUtils.java:logGet(46)) - raft.server.threadpool.client.size = 0 (default)
2022-10-09 13:05:40,701 [pool-312-thread-1] INFO  server.RaftServer$Division (RaftServerImpl.java:start(310)) - 0e0cd2e9-f605-4044-a07f-8c47171ce2f7@group-612B0C1FFEC3: start as a follower, conf=-1: [2d7a11ae-c5aa-41a6-85dc-c9a8e9cf90b2|rpc:10.1.0.209:34267|priority:0, 864752fb-4a03-48f8-92e4-9b272ebf5ecd|rpc:10.1.0.209:36301|priority:1, 0e0cd2e9-f605-4044-a07f-8c47171ce2f7|rpc:10.1.0.209:36435|priority:0], old=null
2022-10-09 13:05:40,701 [pool-312-thread-1] INFO  server.RaftServer$Division (RaftServerImpl.java:setRole(299)) - 0e0cd2e9-f605-4044-a07f-8c47171ce2f7@group-612B0C1FFEC3: changes role from      null to FOLLOWER at term 0 for startAsFollower
2022-10-09 13:05:40,701 [pool-312-thread-1] INFO  impl.RoleInfo (RoleInfo.java:updateAndGet(139)) - 0e0cd2e9-f605-4044-a07f-8c47171ce2f7: start 0e0cd2e9-f605-4044-a07f-8c47171ce2f7@group-612B0C1FFEC3-FollowerState
2022-10-09 13:05:40,708 [pool-312-thread-1] INFO  util.JmxRegister (JmxRegister.java:tryRegister(44)) - Successfully registered JMX Bean with object name Ratis:service=RaftServer,group=group-612B0C1FFEC3,id=0e0cd2e9-f605-4044-a07f-8c47171ce2f7
2022-10-09 13:05:40,711 [Command processor thread] INFO  ratis.XceiverServerRatis (XceiverServerRatis.java:addGroup(765)) - Created group PipelineID=911adc24-8c4e-4715-94f6-612b0c1ffec3
2022-10-09 13:05:40,725 [Listener at 127.0.0.1/44209] INFO  ozone.MiniOzoneClusterImpl (MiniOzoneClusterImpl.java:lambda$waitForClusterToBeReady$0(216)) - Nodes are ready. Got 5 of 5 DN Heartbeats.
2022-10-09 13:05:40,726 [Listener at 127.0.0.1/44209] INFO  ozone.MiniOzoneClusterImpl (MiniOzoneClusterImpl.java:lambda$waitForClusterToBeReady$0(219)) - Waiting for cluster to exit safe mode
2022-10-09 13:05:40,726 [Listener at 127.0.0.1/44209] INFO  ozone.MiniOzoneClusterImpl (MiniOzoneClusterImpl.java:lambda$waitForClusterToBeReady$0(221)) - SCM became leader
2022-10-09 13:05:40,739 [EventQueue-OpenPipelineForHealthyPipelineSafeModeRule] INFO  safemode.SCMSafeModeManager (HealthyPipelineSafeModeRule.java:process(137)) - SCM in safe mode. Healthy pipelines reported count is 0, required healthy pipeline reported count is 1
2022-10-09 13:05:40,768 [grpc-default-executor-0] INFO  server.RaftServer (RaftServerProxy.java:addNew(96)) - 864752fb-4a03-48f8-92e4-9b272ebf5ecd: addNew group-612B0C1FFEC3:[2d7a11ae-c5aa-41a6-85dc-c9a8e9cf90b2|rpc:10.1.0.209:34267|dataStream:|priority:0, 864752fb-4a03-48f8-92e4-9b272ebf5ecd|rpc:10.1.0.209:36301|dataStream:|priority:1, 0e0cd2e9-f605-4044-a07f-8c47171ce2f7|rpc:10.1.0.209:36435|dataStream:|priority:0] returns group-612B0C1FFEC3:java.util.concurrent.CompletableFuture@5eb9b1b5[Not completed]
2022-10-09 13:05:40,769 [pool-358-thread-1] INFO  server.RaftServer$Division (RaftServerImpl.java:<init>(190)) - 864752fb-4a03-48f8-92e4-9b272ebf5ecd: new RaftServerImpl for group-612B0C1FFEC3:[2d7a11ae-c5aa-41a6-85dc-c9a8e9cf90b2|rpc:10.1.0.209:34267|dataStream:|priority:0, 864752fb-4a03-48f8-92e4-9b272ebf5ecd|rpc:10.1.0.209:36301|dataStream:|priority:1, 0e0cd2e9-f605-4044-a07f-8c47171ce2f7|rpc:10.1.0.209:36435|dataStream:|priority:0] with ContainerStateMachine:uninitialized
2022-10-09 13:05:40,769 [pool-358-thread-1] INFO  server.RaftServerConfigKeys (ConfUtils.java:logGet(46)) - raft.server.rpc.timeout.min = 5s (custom)
2022-10-09 13:05:40,769 [pool-358-thread-1] INFO  server.RaftServerConfigKeys (ConfUtils.java:logGet(46)) - raft.server.rpc.timeout.max = 5200ms (custom)
2022-10-09 13:05:40,769 [pool-358-thread-1] INFO  server.RaftServerConfigKeys (ConfUtils.java:logGet(46)) - raft.server.rpc.sleep.time = 25ms (default)
2022-10-09 13:05:40,769 [pool-358-thread-1] INFO  server.RaftServerConfigKeys (ConfUtils.java:logGet(46)) - raft.server.rpc.slowness.timeout = 300s (custom)
2022-10-09 13:05:40,769 [pool-358-thread-1] INFO  server.RaftServerConfigKeys (ConfUtils.java:logGet(46)) - raft.server.leaderelection.leader.step-down.wait-time = 10s (default)
2022-10-09 13:05:40,769 [pool-358-thread-1] INFO  server.RaftServerConfigKeys (ConfUtils.java:logGet(46)) - raft.server.sleep.deviation.threshold = 300ms (default)
2022-10-09 13:05:40,769 [pool-358-thread-1] INFO  server.RaftServer$Division (ServerState.java:<init>(107)) - 864752fb-4a03-48f8-92e4-9b272ebf5ecd@group-612B0C1FFEC3: ConfigurationManager, init=-1: [2d7a11ae-c5aa-41a6-85dc-c9a8e9cf90b2|rpc:10.1.0.209:34267|dataStream:|priority:0, 864752fb-4a03-48f8-92e4-9b272ebf5ecd|rpc:10.1.0.209:36301|dataStream:|priority:1, 0e0cd2e9-f605-4044-a07f-8c47171ce2f7|rpc:10.1.0.209:36435|dataStream:|priority:0], old=null, confs=<EMPTY_MAP>
2022-10-09 13:05:40,769 [pool-358-thread-1] INFO  server.RaftServerConfigKeys (ConfUtils.java:logGet(46)) - raft.server.storage.dir = [/home/runner/work/ozone/ozone/hadoop-ozone/integration-test/target/test-dir/MiniOzoneClusterImpl-9b82f26c-8b94-4c2d-8316-029798bb519b/datanode-2/data/ratis] (custom)
2022-10-09 13:05:40,769 [pool-358-thread-1] INFO  server.RaftServerConfigKeys (ConfUtils.java:logGet(46)) - raft.server.log.corruption.policy = EXCEPTION (default)
2022-10-09 13:05:40,769 [pool-358-thread-1] INFO  server.RaftServerConfigKeys (ConfUtils.java:logGet(46)) - raft.server.storage.free-space.min = 0MB (=0) (default)
2022-10-09 13:05:40,769 [pool-358-thread-1] INFO  storage.RaftStorageDirectory (RaftStorageDirectoryImpl.java:analyzeStorage(135)) - The storage directory /home/runner/work/ozone/ozone/hadoop-ozone/integration-test/target/test-dir/MiniOzoneClusterImpl-9b82f26c-8b94-4c2d-8316-029798bb519b/datanode-2/data/ratis/911adc24-8c4e-4715-94f6-612b0c1ffec3 does not exist. Creating ...
2022-10-09 13:05:40,771 [pool-358-thread-1] INFO  storage.RaftStorageDirectory (RaftStorageDirectoryImpl.java:tryLock(230)) - Lock on /home/runner/work/ozone/ozone/hadoop-ozone/integration-test/target/test-dir/MiniOzoneClusterImpl-9b82f26c-8b94-4c2d-8316-029798bb519b/datanode-2/data/ratis/911adc24-8c4e-4715-94f6-612b0c1ffec3/in_use.lock acquired by nodename 13094@fv-az212-628
2022-10-09 13:05:40,772 [pool-358-thread-1] INFO  storage.RaftStorage (RaftStorageImpl.java:format(89)) - Storage directory /home/runner/work/ozone/ozone/hadoop-ozone/integration-test/target/test-dir/MiniOzoneClusterImpl-9b82f26c-8b94-4c2d-8316-029798bb519b/datanode-2/data/ratis/911adc24-8c4e-4715-94f6-612b0c1ffec3 has been successfully formatted.
2022-10-09 13:05:40,773 [pool-358-thread-1] INFO  ratis.ContainerStateMachine (ContainerStateMachine.java:loadSnapshot(236)) - group-612B0C1FFEC3: The snapshot info is null. Setting the last applied indexto:(t:0, i:~)
2022-10-09 13:05:40,773 [pool-358-thread-1] INFO  server.RaftServerConfigKeys (ConfUtils.java:logGet(46)) - raft.server.notification.no-leader.timeout = 300s (custom)
2022-10-09 13:05:40,773 [pool-358-thread-1] INFO  server.RaftServerConfigKeys (ConfUtils.java:logGet(46)) - raft.server.log.use.memory = false (default)
2022-10-09 13:05:40,773 [pool-358-thread-1] INFO  server.RaftServerConfigKeys (ConfUtils.java:logGet(46)) - raft.server.log.purge.gap = 1000000 (custom)
2022-10-09 13:05:40,773 [pool-358-thread-1] INFO  server.RaftServerConfigKeys (ConfUtils.java:logGet(46)) - raft.server.log.appender.buffer.byte-limit = 33554432 (custom)
2022-10-09 13:05:40,773 [pool-358-thread-1] INFO  server.RaftServerConfigKeys (ConfUtils.java:logGet(46)) - raft.server.log.statemachine.data.read.timeout = 1000ms (default)
2022-10-09 13:05:40,773 [pool-358-thread-1] INFO  server.RaftServerConfigKeys (ConfUtils.java:logGet(46)) - raft.server.log.segment.size.max = 1048576 (custom)
2022-10-09 13:05:40,774 [pool-358-thread-1] INFO  server.RaftServerConfigKeys (ConfUtils.java:logGet(46)) - raft.server.log.segment.cache.num.max = 2 (custom)
2022-10-09 13:05:40,774 [pool-358-thread-1] INFO  server.RaftServerConfigKeys (ConfUtils.java:logGet(46)) - raft.server.log.segment.cache.size.max = 200MB (=209715200) (default)
2022-10-09 13:05:40,774 [pool-358-thread-1] INFO  segmented.SegmentedRaftLogWorker (SegmentedRaftLogWorker.java:<init>(187)) - new 864752fb-4a03-48f8-92e4-9b272ebf5ecd@group-612B0C1FFEC3-SegmentedRaftLogWorker for RaftStorageImpl:Storage Directory /home/runner/work/ozone/ozone/hadoop-ozone/integration-test/target/test-dir/MiniOzoneClusterImpl-9b82f26c-8b94-4c2d-8316-029798bb519b/datanode-2/data/ratis/911adc24-8c4e-4715-94f6-612b0c1ffec3
2022-10-09 13:05:40,774 [pool-358-thread-1] INFO  server.RaftServerConfigKeys (ConfUtils.java:logGet(46)) - raft.server.log.queue.byte-limit = 4294967296 (custom)
2022-10-09 13:05:40,774 [pool-358-thread-1] INFO  server.RaftServerConfigKeys (ConfUtils.java:logGet(46)) - raft.server.log.queue.element-limit = 1024 (custom)
2022-10-09 13:05:40,774 [pool-358-thread-1] INFO  server.RaftServerConfigKeys (ConfUtils.java:logGet(46)) - raft.server.log.segment.size.max = 1048576 (custom)
2022-10-09 13:05:40,774 [pool-358-thread-1] INFO  server.RaftServerConfigKeys (ConfUtils.java:logGet(46)) - raft.server.log.preallocated.size = 16384 (custom)
2022-10-09 13:05:40,774 [pool-358-thread-1] INFO  server.RaftServerConfigKeys (ConfUtils.java:logGet(46)) - raft.server.log.force.sync.num = 128 (default)
2022-10-09 13:05:40,774 [pool-358-thread-1] INFO  server.RaftServerConfigKeys (ConfUtils.java:logGet(46)) - raft.server.log.statemachine.data.sync = true (default)
2022-10-09 13:05:40,774 [pool-358-thread-1] INFO  server.RaftServerConfigKeys (ConfUtils.java:logGet(46)) - raft.server.log.statemachine.data.sync.timeout = 10s (default)
2022-10-09 13:05:40,774 [pool-358-thread-1] INFO  server.RaftServerConfigKeys (ConfUtils.java:logGet(46)) - raft.server.log.statemachine.data.sync.timeout.retry = -1 (default)
2022-10-09 13:05:40,775 [pool-358-thread-1] INFO  server.RaftServerConfigKeys (ConfUtils.java:logGet(46)) - raft.server.log.write.buffer.size = 1048576 (custom)
2022-10-09 13:05:40,775 [pool-358-thread-1] INFO  server.RaftServerConfigKeys (ConfUtils.java:logGet(46)) - raft.server.log.unsafe-flush.enabled = false (default)
2022-10-09 13:05:40,775 [pool-358-thread-1] INFO  server.RaftServerConfigKeys (ConfUtils.java:logGet(46)) - raft.server.log.statemachine.data.caching.enabled = true (custom)
2022-10-09 13:05:40,775 [pool-358-thread-1] INFO  segmented.SegmentedRaftLogWorker (SegmentedRaftLogWorker.java:lambda$new$0(135)) - 864752fb-4a03-48f8-92e4-9b272ebf5ecd@group-612B0C1FFEC3-SegmentedRaftLogWorker: flushIndex: setUnconditionally 0 -> -1
2022-10-09 13:05:40,775 [pool-358-thread-1] INFO  segmented.SegmentedRaftLogWorker (SegmentedRaftLogWorker.java:lambda$new$0(135)) - 864752fb-4a03-48f8-92e4-9b272ebf5ecd@group-612B0C1FFEC3-SegmentedRaftLogWorker: safeCacheEvictIndex: setUnconditionally 0 -> -1
2022-10-09 13:05:40,780 [pool-358-thread-1] INFO  server.RaftServerConfigKeys (ConfUtils.java:logGet(46)) - raft.server.snapshot.auto.trigger.enabled = true (custom)
2022-10-09 13:05:40,780 [pool-358-thread-1] INFO  server.RaftServerConfigKeys (ConfUtils.java:logGet(46)) - raft.server.snapshot.auto.trigger.threshold = 10000 (custom)
2022-10-09 13:05:40,780 [pool-358-thread-1] INFO  server.RaftServerConfigKeys (ConfUtils.java:logGet(46)) - raft.server.snapshot.retention.file.num = 5 (custom)
2022-10-09 13:05:40,780 [pool-358-thread-1] INFO  server.RaftServerConfigKeys (ConfUtils.java:logGet(46)) - raft.server.log.purge.upto.snapshot.index = false (default)
2022-10-09 13:05:40,780 [pool-358-thread-1] INFO  server.RaftServerConfigKeys (ConfUtils.java:logGet(46)) - raft.server.retrycache.expirytime = 600000ms (custom)
2022-10-09 13:05:40,780 [pool-358-thread-1] INFO  server.RaftServerConfigKeys (ConfUtils.java:logGet(46)) - raft.server.retrycache.statistics.expirytime = 100μs (default)
2022-10-09 13:05:40,781 [pool-358-thread-1] INFO  server.RaftServerConfigKeys (ConfUtils.java:logGet(46)) - raft.server.log.appender.install.snapshot.enabled = false (custom)
2022-10-09 13:05:40,781 [pool-358-thread-1] INFO  server.RaftServerConfigKeys (ConfUtils.java:logGet(46)) - raft.server.threadpool.server.cached = true (default)
2022-10-09 13:05:40,781 [pool-358-thread-1] INFO  server.RaftServerConfigKeys (ConfUtils.java:logGet(46)) - raft.server.threadpool.server.size = 0 (default)
2022-10-09 13:05:40,781 [pool-358-thread-1] INFO  server.RaftServerConfigKeys (ConfUtils.java:logGet(46)) - raft.server.threadpool.client.cached = true (default)
2022-10-09 13:05:40,781 [pool-358-thread-1] INFO  server.RaftServerConfigKeys (ConfUtils.java:logGet(46)) - raft.server.threadpool.client.size = 0 (default)
2022-10-09 13:05:40,781 [pool-358-thread-1] INFO  server.RaftServer$Division (RaftServerImpl.java:start(310)) - 864752fb-4a03-48f8-92e4-9b272ebf5ecd@group-612B0C1FFEC3: start as a follower, conf=-1: [2d7a11ae-c5aa-41a6-85dc-c9a8e9cf90b2|rpc:10.1.0.209:34267|dataStream:|priority:0, 864752fb-4a03-48f8-92e4-9b272ebf5ecd|rpc:10.1.0.209:36301|dataStream:|priority:1, 0e0cd2e9-f605-4044-a07f-8c47171ce2f7|rpc:10.1.0.209:36435|dataStream:|priority:0], old=null
2022-10-09 13:05:40,781 [pool-358-thread-1] INFO  server.RaftServer$Division (RaftServerImpl.java:setRole(299)) - 864752fb-4a03-48f8-92e4-9b272ebf5ecd@group-612B0C1FFEC3: changes role from      null to FOLLOWER at term 0 for startAsFollower
2022-10-09 13:05:40,781 [pool-358-thread-1] INFO  impl.RoleInfo (RoleInfo.java:updateAndGet(139)) - 864752fb-4a03-48f8-92e4-9b272ebf5ecd: start 864752fb-4a03-48f8-92e4-9b272ebf5ecd@group-612B0C1FFEC3-FollowerState
2022-10-09 13:05:40,804 [pool-358-thread-1] INFO  util.JmxRegister (JmxRegister.java:tryRegister(44)) - Successfully registered JMX Bean with object name Ratis:service=RaftServer,group=group-612B0C1FFEC3,id=864752fb-4a03-48f8-92e4-9b272ebf5ecd
2022-10-09 13:05:40,830 [Command processor thread] INFO  server.RaftServer (RaftServerProxy.java:addNew(96)) - 2d7a11ae-c5aa-41a6-85dc-c9a8e9cf90b2: addNew group-50C421B35969:[2d7a11ae-c5aa-41a6-85dc-c9a8e9cf90b2|rpc:10.1.0.209:34267|priority:1] returns group-50C421B35969:java.util.concurrent.CompletableFuture@4d2a4762[Not completed]
2022-10-09 13:05:40,901 [grpc-default-executor-0] INFO  server.RaftServer (RaftServerProxy.java:addNew(96)) - 2d7a11ae-c5aa-41a6-85dc-c9a8e9cf90b2: addNew group-612B0C1FFEC3:[2d7a11ae-c5aa-41a6-85dc-c9a8e9cf90b2|rpc:10.1.0.209:34267|dataStream:|priority:0, 864752fb-4a03-48f8-92e4-9b272ebf5ecd|rpc:10.1.0.209:36301|dataStream:|priority:1, 0e0cd2e9-f605-4044-a07f-8c47171ce2f7|rpc:10.1.0.209:36435|dataStream:|priority:0] returns group-612B0C1FFEC3:java.util.concurrent.CompletableFuture@704499f[Not completed]
2022-10-09 13:05:40,940 [pool-335-thread-1] INFO  server.RaftServer$Division (RaftServerImpl.java:<init>(190)) - 2d7a11ae-c5aa-41a6-85dc-c9a8e9cf90b2: new RaftServerImpl for group-50C421B35969:[2d7a11ae-c5aa-41a6-85dc-c9a8e9cf90b2|rpc:10.1.0.209:34267|priority:1] with ContainerStateMachine:uninitialized
2022-10-09 13:05:40,940 [pool-335-thread-1] INFO  server.RaftServerConfigKeys (ConfUtils.java:logGet(46)) - raft.server.rpc.timeout.min = 5s (custom)
2022-10-09 13:05:40,940 [pool-335-thread-1] INFO  server.RaftServerConfigKeys (ConfUtils.java:logGet(46)) - raft.server.rpc.timeout.max = 5200ms (custom)
2022-10-09 13:05:40,940 [pool-335-thread-1] INFO  server.RaftServerConfigKeys (ConfUtils.java:logGet(46)) - raft.server.rpc.sleep.time = 25ms (default)
2022-10-09 13:05:40,940 [pool-335-thread-1] INFO  server.RaftServerConfigKeys (ConfUtils.java:logGet(46)) - raft.server.rpc.slowness.timeout = 300s (custom)
2022-10-09 13:05:40,940 [pool-335-thread-1] INFO  server.RaftServerConfigKeys (ConfUtils.java:logGet(46)) - raft.server.leaderelection.leader.step-down.wait-time = 10s (default)
2022-10-09 13:05:40,940 [pool-335-thread-1] INFO  server.RaftServerConfigKeys (ConfUtils.java:logGet(46)) - raft.server.sleep.deviation.threshold = 300ms (default)
2022-10-09 13:05:40,940 [pool-335-thread-1] INFO  server.RaftServer$Division (ServerState.java:<init>(107)) - 2d7a11ae-c5aa-41a6-85dc-c9a8e9cf90b2@group-50C421B35969: ConfigurationManager, init=-1: [2d7a11ae-c5aa-41a6-85dc-c9a8e9cf90b2|rpc:10.1.0.209:34267|priority:1], old=null, confs=<EMPTY_MAP>
2022-10-09 13:05:40,940 [pool-335-thread-1] INFO  server.RaftServerConfigKeys (ConfUtils.java:logGet(46)) - raft.server.storage.dir = [/home/runner/work/ozone/ozone/hadoop-ozone/integration-test/target/test-dir/MiniOzoneClusterImpl-9b82f26c-8b94-4c2d-8316-029798bb519b/datanode-1/data/ratis] (custom)
2022-10-09 13:05:40,940 [pool-335-thread-1] INFO  server.RaftServerConfigKeys (ConfUtils.java:logGet(46)) - raft.server.log.corruption.policy = EXCEPTION (default)
2022-10-09 13:05:40,940 [pool-335-thread-1] INFO  server.RaftServerConfigKeys (ConfUtils.java:logGet(46)) - raft.server.storage.free-space.min = 0MB (=0) (default)
2022-10-09 13:05:40,940 [pool-335-thread-1] INFO  storage.RaftStorageDirectory (RaftStorageDirectoryImpl.java:analyzeStorage(135)) - The storage directory /home/runner/work/ozone/ozone/hadoop-ozone/integration-test/target/test-dir/MiniOzoneClusterImpl-9b82f26c-8b94-4c2d-8316-029798bb519b/datanode-1/data/ratis/f520ff04-e680-4b73-b3ea-50c421b35969 does not exist. Creating ...
2022-10-09 13:05:40,944 [pool-335-thread-1] INFO  storage.RaftStorageDirectory (RaftStorageDirectoryImpl.java:tryLock(230)) - Lock on /home/runner/work/ozone/ozone/hadoop-ozone/integration-test/target/test-dir/MiniOzoneClusterImpl-9b82f26c-8b94-4c2d-8316-029798bb519b/datanode-1/data/ratis/f520ff04-e680-4b73-b3ea-50c421b35969/in_use.lock acquired by nodename 13094@fv-az212-628
2022-10-09 13:05:40,948 [pool-335-thread-1] INFO  storage.RaftStorage (RaftStorageImpl.java:format(89)) - Storage directory /home/runner/work/ozone/ozone/hadoop-ozone/integration-test/target/test-dir/MiniOzoneClusterImpl-9b82f26c-8b94-4c2d-8316-029798bb519b/datanode-1/data/ratis/f520ff04-e680-4b73-b3ea-50c421b35969 has been successfully formatted.
2022-10-09 13:05:40,948 [pool-335-thread-1] INFO  ratis.ContainerStateMachine (ContainerStateMachine.java:loadSnapshot(236)) - group-50C421B35969: The snapshot info is null. Setting the last applied indexto:(t:0, i:~)
2022-10-09 13:05:40,948 [pool-335-thread-1] INFO  server.RaftServerConfigKeys (ConfUtils.java:logGet(46)) - raft.server.notification.no-leader.timeout = 300s (custom)
2022-10-09 13:05:40,948 [pool-335-thread-1] INFO  server.RaftServerConfigKeys (ConfUtils.java:logGet(46)) - raft.server.log.use.memory = false (default)
2022-10-09 13:05:40,949 [pool-335-thread-1] INFO  server.RaftServerConfigKeys (ConfUtils.java:logGet(46)) - raft.server.log.purge.gap = 1000000 (custom)
2022-10-09 13:05:40,949 [pool-335-thread-1] INFO  server.RaftServerConfigKeys (ConfUtils.java:logGet(46)) - raft.server.log.appender.buffer.byte-limit = 33554432 (custom)
2022-10-09 13:05:40,949 [pool-335-thread-1] INFO  server.RaftServerConfigKeys (ConfUtils.java:logGet(46)) - raft.server.log.statemachine.data.read.timeout = 1000ms (default)
2022-10-09 13:05:40,949 [EventQueue-PipelineReportForPipelineReportHandler] INFO  pipeline.PipelineManagerImpl (PipelineManagerImpl.java:openPipeline(367)) - Pipeline Pipeline[ Id: f520ff04-e680-4b73-b3ea-50c421b35969, Nodes: 2d7a11ae-c5aa-41a6-85dc-c9a8e9cf90b2{ip: 10.1.0.209, host: fv-az212-628.zlodpucb4l4udavnfxg5s20dva.cx.internal.cloudapp.net, ports: [REPLICATION=37283, RATIS=34267, RATIS_ADMIN=34267, RATIS_SERVER=34267, STANDALONE=35587], networkLocation: /default-rack, certSerialId: null, persistedOpState: IN_SERVICE, persistedOpStateExpiryEpochSec: 0}, ReplicationConfig: RATIS/ONE, State:ALLOCATED, leaderId:2d7a11ae-c5aa-41a6-85dc-c9a8e9cf90b2, CreationTimestamp2022-10-09T13:05:37.848Z[Etc/UTC]] moved to OPEN state
2022-10-09 13:05:40,950 [EventQueue-OpenPipelineForHealthyPipelineSafeModeRule] INFO  safemode.SCMSafeModeManager (HealthyPipelineSafeModeRule.java:process(137)) - SCM in safe mode. Healthy pipelines reported count is 0, required healthy pipeline reported count is 1
2022-10-09 13:05:40,950 [pool-335-thread-1] INFO  server.RaftServerConfigKeys (ConfUtils.java:logGet(46)) - raft.server.log.segment.size.max = 1048576 (custom)
2022-10-09 13:05:40,970 [pool-335-thread-1] INFO  server.RaftServerConfigKeys (ConfUtils.java:logGet(46)) - raft.server.log.segment.cache.num.max = 2 (custom)
2022-10-09 13:05:40,970 [pool-335-thread-1] INFO  server.RaftServerConfigKeys (ConfUtils.java:logGet(46)) - raft.server.log.segment.cache.size.max = 200MB (=209715200) (default)
2022-10-09 13:05:40,970 [pool-335-thread-1] INFO  segmented.SegmentedRaftLogWorker (SegmentedRaftLogWorker.java:<init>(187)) - new 2d7a11ae-c5aa-41a6-85dc-c9a8e9cf90b2@group-50C421B35969-SegmentedRaftLogWorker for RaftStorageImpl:Storage Directory /home/runner/work/ozone/ozone/hadoop-ozone/integration-test/target/test-dir/MiniOzoneClusterImpl-9b82f26c-8b94-4c2d-8316-029798bb519b/datanode-1/data/ratis/f520ff04-e680-4b73-b3ea-50c421b35969
2022-10-09 13:05:40,970 [pool-335-thread-1] INFO  server.RaftServerConfigKeys (ConfUtils.java:logGet(46)) - raft.server.log.queue.byte-limit = 4294967296 (custom)
2022-10-09 13:05:40,970 [pool-335-thread-1] INFO  server.RaftServerConfigKeys (ConfUtils.java:logGet(46)) - raft.server.log.queue.element-limit = 1024 (custom)
2022-10-09 13:05:40,970 [pool-335-thread-1] INFO  server.RaftServerConfigKeys (ConfUtils.java:logGet(46)) - raft.server.log.segment.size.max = 1048576 (custom)
2022-10-09 13:05:40,970 [pool-335-thread-1] INFO  server.RaftServerConfigKeys (ConfUtils.java:logGet(46)) - raft.server.log.preallocated.size = 16384 (custom)
2022-10-09 13:05:40,970 [pool-335-thread-1] INFO  server.RaftServerConfigKeys (ConfUtils.java:logGet(46)) - raft.server.log.force.sync.num = 128 (default)
2022-10-09 13:05:40,970 [pool-335-thread-1] INFO  server.RaftServerConfigKeys (ConfUtils.java:logGet(46)) - raft.server.log.statemachine.data.sync = true (default)
2022-10-09 13:05:40,970 [pool-335-thread-1] INFO  server.RaftServerConfigKeys (ConfUtils.java:logGet(46)) - raft.server.log.statemachine.data.sync.timeout = 10s (default)
2022-10-09 13:05:40,971 [pool-335-thread-1] INFO  server.RaftServerConfigKeys (ConfUtils.java:logGet(46)) - raft.server.log.statemachine.data.sync.timeout.retry = -1 (default)
2022-10-09 13:05:40,971 [pool-335-thread-1] INFO  server.RaftServerConfigKeys (ConfUtils.java:logGet(46)) - raft.server.log.write.buffer.size = 1048576 (custom)
2022-10-09 13:05:40,972 [pool-335-thread-1] INFO  server.RaftServerConfigKeys (ConfUtils.java:logGet(46)) - raft.server.log.unsafe-flush.enabled = false (default)
2022-10-09 13:05:40,972 [pool-335-thread-1] INFO  server.RaftServerConfigKeys (ConfUtils.java:logGet(46)) - raft.server.log.statemachine.data.caching.enabled = true (custom)
2022-10-09 13:05:40,972 [pool-335-thread-1] INFO  segmented.SegmentedRaftLogWorker (SegmentedRaftLogWorker.java:lambda$new$0(135)) - 2d7a11ae-c5aa-41a6-85dc-c9a8e9cf90b2@group-50C421B35969-SegmentedRaftLogWorker: flushIndex: setUnconditionally 0 -> -1
2022-10-09 13:05:40,972 [pool-335-thread-1] INFO  segmented.SegmentedRaftLogWorker (SegmentedRaftLogWorker.java:lambda$new$0(135)) - 2d7a11ae-c5aa-41a6-85dc-c9a8e9cf90b2@group-50C421B35969-SegmentedRaftLogWorker: safeCacheEvictIndex: setUnconditionally 0 -> -1
2022-10-09 13:05:40,977 [pool-335-thread-1] INFO  server.RaftServerConfigKeys (ConfUtils.java:logGet(46)) - raft.server.snapshot.auto.trigger.enabled = true (custom)
2022-10-09 13:05:40,977 [pool-335-thread-1] INFO  server.RaftServerConfigKeys (ConfUtils.java:logGet(46)) - raft.server.snapshot.auto.trigger.threshold = 10000 (custom)
2022-10-09 13:05:40,977 [pool-335-thread-1] INFO  server.RaftServerConfigKeys (ConfUtils.java:logGet(46)) - raft.server.snapshot.retention.file.num = 5 (custom)
2022-10-09 13:05:40,977 [pool-335-thread-1] INFO  server.RaftServerConfigKeys (ConfUtils.java:logGet(46)) - raft.server.log.purge.upto.snapshot.index = false (default)
2022-10-09 13:05:40,977 [pool-335-thread-1] INFO  server.RaftServerConfigKeys (ConfUtils.java:logGet(46)) - raft.server.retrycache.expirytime = 600000ms (custom)
2022-10-09 13:05:40,977 [pool-335-thread-1] INFO  server.RaftServerConfigKeys (ConfUtils.java:logGet(46)) - raft.server.retrycache.statistics.expirytime = 100μs (default)
2022-10-09 13:05:40,978 [pool-335-thread-1] INFO  server.RaftServerConfigKeys (ConfUtils.java:logGet(46)) - raft.server.log.appender.install.snapshot.enabled = false (custom)
2022-10-09 13:05:40,978 [pool-335-thread-1] INFO  server.RaftServerConfigKeys (ConfUtils.java:logGet(46)) - raft.server.threadpool.server.cached = true (default)
2022-10-09 13:05:40,978 [pool-335-thread-1] INFO  server.RaftServerConfigKeys (ConfUtils.java:logGet(46)) - raft.server.threadpool.server.size = 0 (default)
2022-10-09 13:05:40,978 [pool-335-thread-1] INFO  server.RaftServerConfigKeys (ConfUtils.java:logGet(46)) - raft.server.threadpool.client.cached = true (default)
2022-10-09 13:05:40,978 [pool-335-thread-1] INFO  server.RaftServerConfigKeys (ConfUtils.java:logGet(46)) - raft.server.threadpool.client.size = 0 (default)
2022-10-09 13:05:40,979 [pool-335-thread-1] INFO  server.RaftServer$Division (RaftServerImpl.java:<init>(190)) - 2d7a11ae-c5aa-41a6-85dc-c9a8e9cf90b2: new RaftServerImpl for group-612B0C1FFEC3:[2d7a11ae-c5aa-41a6-85dc-c9a8e9cf90b2|rpc:10.1.0.209:34267|dataStream:|priority:0, 864752fb-4a03-48f8-92e4-9b272ebf5ecd|rpc:10.1.0.209:36301|dataStream:|priority:1, 0e0cd2e9-f605-4044-a07f-8c47171ce2f7|rpc:10.1.0.209:36435|dataStream:|priority:0] with ContainerStateMachine:uninitialized
2022-10-09 13:05:40,979 [pool-335-thread-1] INFO  server.RaftServerConfigKeys (ConfUtils.java:logGet(46)) - raft.server.rpc.timeout.min = 5s (custom)
2022-10-09 13:05:40,979 [pool-335-thread-1] INFO  server.RaftServerConfigKeys (ConfUtils.java:logGet(46)) - raft.server.rpc.timeout.max = 5200ms (custom)
2022-10-09 13:05:40,979 [pool-335-thread-1] INFO  server.RaftServerConfigKeys (ConfUtils.java:logGet(46)) - raft.server.rpc.sleep.time = 25ms (default)
2022-10-09 13:05:40,980 [pool-335-thread-1] INFO  server.RaftServerConfigKeys (ConfUtils.java:logGet(46)) - raft.server.rpc.slowness.timeout = 300s (custom)
2022-10-09 13:05:40,980 [pool-335-thread-1] INFO  server.RaftServerConfigKeys (ConfUtils.java:logGet(46)) - raft.server.leaderelection.leader.step-down.wait-time = 10s (default)
2022-10-09 13:05:40,980 [pool-335-thread-1] INFO  server.RaftServerConfigKeys (ConfUtils.java:logGet(46)) - raft.server.sleep.deviation.threshold = 300ms (default)
2022-10-09 13:05:40,980 [pool-335-thread-1] INFO  server.RaftServer$Division (ServerState.java:<init>(107)) - 2d7a11ae-c5aa-41a6-85dc-c9a8e9cf90b2@group-612B0C1FFEC3: ConfigurationManager, init=-1: [2d7a11ae-c5aa-41a6-85dc-c9a8e9cf90b2|rpc:10.1.0.209:34267|dataStream:|priority:0, 864752fb-4a03-48f8-92e4-9b272ebf5ecd|rpc:10.1.0.209:36301|dataStream:|priority:1, 0e0cd2e9-f605-4044-a07f-8c47171ce2f7|rpc:10.1.0.209:36435|dataStream:|priority:0], old=null, confs=<EMPTY_MAP>
2022-10-09 13:05:40,980 [pool-335-thread-1] INFO  server.RaftServerConfigKeys (ConfUtils.java:logGet(46)) - raft.server.storage.dir = [/home/runner/work/ozone/ozone/hadoop-ozone/integration-test/target/test-dir/MiniOzoneClusterImpl-9b82f26c-8b94-4c2d-8316-029798bb519b/datanode-1/data/ratis] (custom)
2022-10-09 13:05:40,980 [pool-335-thread-1] INFO  server.RaftServerConfigKeys (ConfUtils.java:logGet(46)) - raft.server.log.corruption.policy = EXCEPTION (default)
2022-10-09 13:05:40,980 [pool-335-thread-1] INFO  server.RaftServerConfigKeys (ConfUtils.java:logGet(46)) - raft.server.storage.free-space.min = 0MB (=0) (default)
2022-10-09 13:05:40,980 [pool-335-thread-1] INFO  storage.RaftStorageDirectory (RaftStorageDirectoryImpl.java:analyzeStorage(135)) - The storage directory /home/runner/work/ozone/ozone/hadoop-ozone/integration-test/target/test-dir/MiniOzoneClusterImpl-9b82f26c-8b94-4c2d-8316-029798bb519b/datanode-1/data/ratis/911adc24-8c4e-4715-94f6-612b0c1ffec3 does not exist. Creating ...
2022-10-09 13:05:40,984 [pool-335-thread-1] INFO  storage.RaftStorageDirectory (RaftStorageDirectoryImpl.java:tryLock(230)) - Lock on /home/runner/work/ozone/ozone/hadoop-ozone/integration-test/target/test-dir/MiniOzoneClusterImpl-9b82f26c-8b94-4c2d-8316-029798bb519b/datanode-1/data/ratis/911adc24-8c4e-4715-94f6-612b0c1ffec3/in_use.lock acquired by nodename 13094@fv-az212-628
2022-10-09 13:05:41,003 [pool-335-thread-1] INFO  storage.RaftStorage (RaftStorageImpl.java:format(89)) - Storage directory /home/runner/work/ozone/ozone/hadoop-ozone/integration-test/target/test-dir/MiniOzoneClusterImpl-9b82f26c-8b94-4c2d-8316-029798bb519b/datanode-1/data/ratis/911adc24-8c4e-4715-94f6-612b0c1ffec3 has been successfully formatted.
2022-10-09 13:05:41,004 [pool-335-thread-1] INFO  ratis.ContainerStateMachine (ContainerStateMachine.java:loadSnapshot(236)) - group-612B0C1FFEC3: The snapshot info is null. Setting the last applied indexto:(t:0, i:~)
2022-10-09 13:05:41,004 [pool-335-thread-1] INFO  server.RaftServerConfigKeys (ConfUtils.java:logGet(46)) - raft.server.notification.no-leader.timeout = 300s (custom)
2022-10-09 13:05:41,004 [pool-335-thread-1] INFO  server.RaftServerConfigKeys (ConfUtils.java:logGet(46)) - raft.server.log.use.memory = false (default)
2022-10-09 13:05:41,004 [pool-335-thread-1] INFO  server.RaftServerConfigKeys (ConfUtils.java:logGet(46)) - raft.server.log.purge.gap = 1000000 (custom)
2022-10-09 13:05:41,004 [pool-335-thread-1] INFO  server.RaftServerConfigKeys (ConfUtils.java:logGet(46)) - raft.server.log.appender.buffer.byte-limit = 33554432 (custom)
2022-10-09 13:05:41,004 [pool-335-thread-1] INFO  server.RaftServerConfigKeys (ConfUtils.java:logGet(46)) - raft.server.log.statemachine.data.read.timeout = 1000ms (default)
2022-10-09 13:05:41,004 [pool-335-thread-1] INFO  server.RaftServerConfigKeys (ConfUtils.java:logGet(46)) - raft.server.log.segment.size.max = 1048576 (custom)
2022-10-09 13:05:41,005 [pool-335-thread-1] INFO  server.RaftServerConfigKeys (ConfUtils.java:logGet(46)) - raft.server.log.segment.cache.num.max = 2 (custom)
2022-10-09 13:05:41,005 [pool-335-thread-1] INFO  server.RaftServerConfigKeys (ConfUtils.java:logGet(46)) - raft.server.log.segment.cache.size.max = 200MB (=209715200) (default)
2022-10-09 13:05:41,005 [pool-335-thread-1] INFO  segmented.SegmentedRaftLogWorker (SegmentedRaftLogWorker.java:<init>(187)) - new 2d7a11ae-c5aa-41a6-85dc-c9a8e9cf90b2@group-612B0C1FFEC3-SegmentedRaftLogWorker for RaftStorageImpl:Storage Directory /home/runner/work/ozone/ozone/hadoop-ozone/integration-test/target/test-dir/MiniOzoneClusterImpl-9b82f26c-8b94-4c2d-8316-029798bb519b/datanode-1/data/ratis/911adc24-8c4e-4715-94f6-612b0c1ffec3
2022-10-09 13:05:41,005 [pool-335-thread-1] INFO  server.RaftServerConfigKeys (ConfUtils.java:logGet(46)) - raft.server.log.queue.byte-limit = 4294967296 (custom)
2022-10-09 13:05:41,005 [pool-335-thread-1] INFO  server.RaftServerConfigKeys (ConfUtils.java:logGet(46)) - raft.server.log.queue.element-limit = 1024 (custom)
2022-10-09 13:05:41,005 [pool-335-thread-1] INFO  server.RaftServerConfigKeys (ConfUtils.java:logGet(46)) - raft.server.log.segment.size.max = 1048576 (custom)
2022-10-09 13:05:41,006 [EventQueue-OpenPipelineForHealthyPipelineSafeModeRule] INFO  safemode.SCMSafeModeManager (HealthyPipelineSafeModeRule.java:process(137)) - SCM in safe mode. Healthy pipelines reported count is 0, required healthy pipeline reported count is 1
2022-10-09 13:05:41,008 [pool-335-thread-1] INFO  server.RaftServerConfigKeys (ConfUtils.java:logGet(46)) - raft.server.log.preallocated.size = 16384 (custom)
2022-10-09 13:05:41,010 [pool-335-thread-1] INFO  server.RaftServerConfigKeys (ConfUtils.java:logGet(46)) - raft.server.log.force.sync.num = 128 (default)
2022-10-09 13:05:41,010 [pool-335-thread-1] INFO  server.RaftServerConfigKeys (ConfUtils.java:logGet(46)) - raft.server.log.statemachine.data.sync = true (default)
2022-10-09 13:05:41,010 [pool-335-thread-1] INFO  server.RaftServerConfigKeys (ConfUtils.java:logGet(46)) - raft.server.log.statemachine.data.sync.timeout = 10s (default)
2022-10-09 13:05:41,010 [pool-335-thread-1] INFO  server.RaftServerConfigKeys (ConfUtils.java:logGet(46)) - raft.server.log.statemachine.data.sync.timeout.retry = -1 (default)
2022-10-09 13:05:41,011 [pool-335-thread-1] INFO  server.RaftServerConfigKeys (ConfUtils.java:logGet(46)) - raft.server.log.write.buffer.size = 1048576 (custom)
2022-10-09 13:05:41,011 [pool-335-thread-1] INFO  server.RaftServerConfigKeys (ConfUtils.java:logGet(46)) - raft.server.log.unsafe-flush.enabled = false (default)
2022-10-09 13:05:41,011 [pool-335-thread-1] INFO  server.RaftServerConfigKeys (ConfUtils.java:logGet(46)) - raft.server.log.statemachine.data.caching.enabled = true (custom)
2022-10-09 13:05:41,012 [pool-335-thread-1] INFO  segmented.SegmentedRaftLogWorker (SegmentedRaftLogWorker.java:lambda$new$0(135)) - 2d7a11ae-c5aa-41a6-85dc-c9a8e9cf90b2@group-612B0C1FFEC3-SegmentedRaftLogWorker: flushIndex: setUnconditionally 0 -> -1
2022-10-09 13:05:41,012 [pool-335-thread-1] INFO  segmented.SegmentedRaftLogWorker (SegmentedRaftLogWorker.java:lambda$new$0(135)) - 2d7a11ae-c5aa-41a6-85dc-c9a8e9cf90b2@group-612B0C1FFEC3-SegmentedRaftLogWorker: safeCacheEvictIndex: setUnconditionally 0 -> -1
2022-10-09 13:05:41,012 [pool-335-thread-1] INFO  server.RaftServerConfigKeys (ConfUtils.java:logGet(46)) - raft.server.snapshot.auto.trigger.enabled = true (custom)
2022-10-09 13:05:41,012 [pool-335-thread-1] INFO  server.RaftServerConfigKeys (ConfUtils.java:logGet(46)) - raft.server.snapshot.auto.trigger.threshold = 10000 (custom)
2022-10-09 13:05:41,012 [pool-335-thread-1] INFO  server.RaftServerConfigKeys (ConfUtils.java:logGet(46)) - raft.server.snapshot.retention.file.num = 5 (custom)
2022-10-09 13:05:41,012 [pool-335-thread-1] INFO  server.RaftServerConfigKeys (ConfUtils.java:logGet(46)) - raft.server.log.purge.upto.snapshot.index = false (default)
2022-10-09 13:05:41,012 [pool-335-thread-1] INFO  server.RaftServerConfigKeys (ConfUtils.java:logGet(46)) - raft.server.retrycache.expirytime = 600000ms (custom)
2022-10-09 13:05:41,012 [pool-335-thread-1] INFO  server.RaftServerConfigKeys (ConfUtils.java:logGet(46)) - raft.server.retrycache.statistics.expirytime = 100μs (default)
2022-10-09 13:05:41,013 [pool-335-thread-1] INFO  server.RaftServerConfigKeys (ConfUtils.java:logGet(46)) - raft.server.log.appender.install.snapshot.enabled = false (custom)
2022-10-09 13:05:41,013 [pool-335-thread-1] INFO  server.RaftServerConfigKeys (ConfUtils.java:logGet(46)) - raft.server.threadpool.server.cached = true (default)
2022-10-09 13:05:41,013 [pool-335-thread-1] INFO  server.RaftServerConfigKeys (ConfUtils.java:logGet(46)) - raft.server.threadpool.server.size = 0 (default)
2022-10-09 13:05:41,013 [pool-335-thread-1] INFO  server.RaftServerConfigKeys (ConfUtils.java:logGet(46)) - raft.server.threadpool.client.cached = true (default)
2022-10-09 13:05:41,013 [pool-335-thread-1] INFO  server.RaftServerConfigKeys (ConfUtils.java:logGet(46)) - raft.server.threadpool.client.size = 0 (default)
2022-10-09 13:05:41,013 [pool-335-thread-1] INFO  server.RaftServer$Division (RaftServerImpl.java:start(310)) - 2d7a11ae-c5aa-41a6-85dc-c9a8e9cf90b2@group-50C421B35969: start as a follower, conf=-1: [2d7a11ae-c5aa-41a6-85dc-c9a8e9cf90b2|rpc:10.1.0.209:34267|priority:1], old=null
2022-10-09 13:05:41,013 [pool-335-thread-1] INFO  server.RaftServer$Division (RaftServerImpl.java:setRole(299)) - 2d7a11ae-c5aa-41a6-85dc-c9a8e9cf90b2@group-50C421B35969: changes role from      null to FOLLOWER at term 0 for startAsFollower
2022-10-09 13:05:41,013 [pool-335-thread-1] INFO  impl.RoleInfo (RoleInfo.java:updateAndGet(139)) - 2d7a11ae-c5aa-41a6-85dc-c9a8e9cf90b2: start 2d7a11ae-c5aa-41a6-85dc-c9a8e9cf90b2@group-50C421B35969-FollowerState
2022-10-09 13:05:41,044 [pool-335-thread-1] INFO  util.JmxRegister (JmxRegister.java:tryRegister(44)) - Successfully registered JMX Bean with object name Ratis:service=RaftServer,group=group-50C421B35969,id=2d7a11ae-c5aa-41a6-85dc-c9a8e9cf90b2
2022-10-09 13:05:41,052 [pool-335-thread-1] INFO  server.RaftServer$Division (RaftServerImpl.java:start(310)) - 2d7a11ae-c5aa-41a6-85dc-c9a8e9cf90b2@group-612B0C1FFEC3: start as a follower, conf=-1: [2d7a11ae-c5aa-41a6-85dc-c9a8e9cf90b2|rpc:10.1.0.209:34267|dataStream:|priority:0, 864752fb-4a03-48f8-92e4-9b272ebf5ecd|rpc:10.1.0.209:36301|dataStream:|priority:1, 0e0cd2e9-f605-4044-a07f-8c47171ce2f7|rpc:10.1.0.209:36435|dataStream:|priority:0], old=null
2022-10-09 13:05:41,052 [pool-335-thread-1] INFO  server.RaftServer$Division (RaftServerImpl.java:setRole(299)) - 2d7a11ae-c5aa-41a6-85dc-c9a8e9cf90b2@group-612B0C1FFEC3: changes role from      null to FOLLOWER at term 0 for startAsFollower
2022-10-09 13:05:41,053 [pool-335-thread-1] INFO  impl.RoleInfo (RoleInfo.java:updateAndGet(139)) - 2d7a11ae-c5aa-41a6-85dc-c9a8e9cf90b2: start 2d7a11ae-c5aa-41a6-85dc-c9a8e9cf90b2@group-612B0C1FFEC3-FollowerState
2022-10-09 13:05:41,053 [Command processor thread] INFO  ratis.XceiverServerRatis (XceiverServerRatis.java:addGroup(765)) - Created group PipelineID=f520ff04-e680-4b73-b3ea-50c421b35969
2022-10-09 13:05:41,053 [Command processor thread] INFO  commandhandler.CreatePipelineCommandHandler (CreatePipelineCommandHandler.java:handle(113)) - Created Pipeline RATIS ONE PipelineID=f520ff04-e680-4b73-b3ea-50c421b35969.
2022-10-09 13:05:41,083 [pool-335-thread-1] INFO  util.JmxRegister (JmxRegister.java:tryRegister(44)) - Successfully registered JMX Bean with object name Ratis:service=RaftServer,group=group-612B0C1FFEC3,id=2d7a11ae-c5aa-41a6-85dc-c9a8e9cf90b2
2022-10-09 13:05:41,116 [Command processor thread] INFO  commandhandler.CreatePipelineCommandHandler (CreatePipelineCommandHandler.java:handle(113)) - Created Pipeline RATIS THREE PipelineID=911adc24-8c4e-4715-94f6-612b0c1ffec3.
2022-10-09 13:05:41,520 [Command processor thread] INFO  server.RaftServer (RaftServerProxy.java:addNew(96)) - 864752fb-4a03-48f8-92e4-9b272ebf5ecd: addNew group-0325F9FC62BE:[864752fb-4a03-48f8-92e4-9b272ebf5ecd|rpc:10.1.0.209:36301|priority:1] returns group-0325F9FC62BE:java.util.concurrent.CompletableFuture@4ff6f81b[Not completed]
2022-10-09 13:05:41,521 [pool-358-thread-1] INFO  server.RaftServer$Division (RaftServerImpl.java:<init>(190)) - 864752fb-4a03-48f8-92e4-9b272ebf5ecd: new RaftServerImpl for group-0325F9FC62BE:[864752fb-4a03-48f8-92e4-9b272ebf5ecd|rpc:10.1.0.209:36301|priority:1] with ContainerStateMachine:uninitialized
2022-10-09 13:05:41,521 [pool-358-thread-1] INFO  server.RaftServerConfigKeys (ConfUtils.java:logGet(46)) - raft.server.rpc.timeout.min = 5s (custom)
2022-10-09 13:05:41,521 [pool-358-thread-1] INFO  server.RaftServerConfigKeys (ConfUtils.java:logGet(46)) - raft.server.rpc.timeout.max = 5200ms (custom)
2022-10-09 13:05:41,521 [pool-358-thread-1] INFO  server.RaftServerConfigKeys (ConfUtils.java:logGet(46)) - raft.server.rpc.sleep.time = 25ms (default)
2022-10-09 13:05:41,521 [pool-358-thread-1] INFO  server.RaftServerConfigKeys (ConfUtils.java:logGet(46)) - raft.server.rpc.slowness.timeout = 300s (custom)
2022-10-09 13:05:41,521 [pool-358-thread-1] INFO  server.RaftServerConfigKeys (ConfUtils.java:logGet(46)) - raft.server.leaderelection.leader.step-down.wait-time = 10s (default)
2022-10-09 13:05:41,522 [pool-358-thread-1] INFO  server.RaftServerConfigKeys (ConfUtils.java:logGet(46)) - raft.server.sleep.deviation.threshold = 300ms (default)
2022-10-09 13:05:41,522 [pool-358-thread-1] INFO  server.RaftServer$Division (ServerState.java:<init>(107)) - 864752fb-4a03-48f8-92e4-9b272ebf5ecd@group-0325F9FC62BE: ConfigurationManager, init=-1: [864752fb-4a03-48f8-92e4-9b272ebf5ecd|rpc:10.1.0.209:36301|priority:1], old=null, confs=<EMPTY_MAP>
2022-10-09 13:05:41,522 [pool-358-thread-1] INFO  server.RaftServerConfigKeys (ConfUtils.java:logGet(46)) - raft.server.storage.dir = [/home/runner/work/ozone/ozone/hadoop-ozone/integration-test/target/test-dir/MiniOzoneClusterImpl-9b82f26c-8b94-4c2d-8316-029798bb519b/datanode-2/data/ratis] (custom)
2022-10-09 13:05:41,522 [pool-358-thread-1] INFO  server.RaftServerConfigKeys (ConfUtils.java:logGet(46)) - raft.server.log.corruption.policy = EXCEPTION (default)
2022-10-09 13:05:41,522 [pool-358-thread-1] INFO  server.RaftServerConfigKeys (ConfUtils.java:logGet(46)) - raft.server.storage.free-space.min = 0MB (=0) (default)
2022-10-09 13:05:41,522 [pool-358-thread-1] INFO  storage.RaftStorageDirectory (RaftStorageDirectoryImpl.java:analyzeStorage(135)) - The storage directory /home/runner/work/ozone/ozone/hadoop-ozone/integration-test/target/test-dir/MiniOzoneClusterImpl-9b82f26c-8b94-4c2d-8316-029798bb519b/datanode-2/data/ratis/48123607-c898-4752-b488-0325f9fc62be does not exist. Creating ...
2022-10-09 13:05:41,531 [pool-358-thread-1] INFO  storage.RaftStorageDirectory (RaftStorageDirectoryImpl.java:tryLock(230)) - Lock on /home/runner/work/ozone/ozone/hadoop-ozone/integration-test/target/test-dir/MiniOzoneClusterImpl-9b82f26c-8b94-4c2d-8316-029798bb519b/datanode-2/data/ratis/48123607-c898-4752-b488-0325f9fc62be/in_use.lock acquired by nodename 13094@fv-az212-628
2022-10-09 13:05:41,533 [pool-358-thread-1] INFO  storage.RaftStorage (RaftStorageImpl.java:format(89)) - Storage directory /home/runner/work/ozone/ozone/hadoop-ozone/integration-test/target/test-dir/MiniOzoneClusterImpl-9b82f26c-8b94-4c2d-8316-029798bb519b/datanode-2/data/ratis/48123607-c898-4752-b488-0325f9fc62be has been successfully formatted.
2022-10-09 13:05:41,533 [pool-358-thread-1] INFO  ratis.ContainerStateMachine (ContainerStateMachine.java:loadSnapshot(236)) - group-0325F9FC62BE: The snapshot info is null. Setting the last applied indexto:(t:0, i:~)
2022-10-09 13:05:41,533 [pool-358-thread-1] INFO  server.RaftServerConfigKeys (ConfUtils.java:logGet(46)) - raft.server.notification.no-leader.timeout = 300s (custom)
2022-10-09 13:05:41,533 [pool-358-thread-1] INFO  server.RaftServerConfigKeys (ConfUtils.java:logGet(46)) - raft.server.log.use.memory = false (default)
2022-10-09 13:05:41,533 [pool-358-thread-1] INFO  server.RaftServerConfigKeys (ConfUtils.java:logGet(46)) - raft.server.log.purge.gap = 1000000 (custom)
2022-10-09 13:05:41,534 [pool-358-thread-1] INFO  server.RaftServerConfigKeys (ConfUtils.java:logGet(46)) - raft.server.log.appender.buffer.byte-limit = 33554432 (custom)
2022-10-09 13:05:41,534 [pool-358-thread-1] INFO  server.RaftServerConfigKeys (ConfUtils.java:logGet(46)) - raft.server.log.statemachine.data.read.timeout = 1000ms (default)
2022-10-09 13:05:41,534 [pool-358-thread-1] INFO  server.RaftServerConfigKeys (ConfUtils.java:logGet(46)) - raft.server.log.segment.size.max = 1048576 (custom)
2022-10-09 13:05:41,534 [pool-358-thread-1] INFO  server.RaftServerConfigKeys (ConfUtils.java:logGet(46)) - raft.server.log.segment.cache.num.max = 2 (custom)
2022-10-09 13:05:41,534 [pool-358-thread-1] INFO  server.RaftServerConfigKeys (ConfUtils.java:logGet(46)) - raft.server.log.segment.cache.size.max = 200MB (=209715200) (default)
2022-10-09 13:05:41,534 [pool-358-thread-1] INFO  segmented.SegmentedRaftLogWorker (SegmentedRaftLogWorker.java:<init>(187)) - new 864752fb-4a03-48f8-92e4-9b272ebf5ecd@group-0325F9FC62BE-SegmentedRaftLogWorker for RaftStorageImpl:Storage Directory /home/runner/work/ozone/ozone/hadoop-ozone/integration-test/target/test-dir/MiniOzoneClusterImpl-9b82f26c-8b94-4c2d-8316-029798bb519b/datanode-2/data/ratis/48123607-c898-4752-b488-0325f9fc62be
2022-10-09 13:05:41,534 [pool-358-thread-1] INFO  server.RaftServerConfigKeys (ConfUtils.java:logGet(46)) - raft.server.log.queue.byte-limit = 4294967296 (custom)
2022-10-09 13:05:41,534 [pool-358-thread-1] INFO  server.RaftServerConfigKeys (ConfUtils.java:logGet(46)) - raft.server.log.queue.element-limit = 1024 (custom)
2022-10-09 13:05:41,534 [pool-358-thread-1] INFO  server.RaftServerConfigKeys (ConfUtils.java:logGet(46)) - raft.server.log.segment.size.max = 1048576 (custom)
2022-10-09 13:05:41,534 [pool-358-thread-1] INFO  server.RaftServerConfigKeys (ConfUtils.java:logGet(46)) - raft.server.log.preallocated.size = 16384 (custom)
2022-10-09 13:05:41,535 [pool-358-thread-1] INFO  server.RaftServerConfigKeys (ConfUtils.java:logGet(46)) - raft.server.log.force.sync.num = 128 (default)
2022-10-09 13:05:41,535 [pool-358-thread-1] INFO  server.RaftServerConfigKeys (ConfUtils.java:logGet(46)) - raft.server.log.statemachine.data.sync = true (default)
2022-10-09 13:05:41,535 [pool-358-thread-1] INFO  server.RaftServerConfigKeys (ConfUtils.java:logGet(46)) - raft.server.log.statemachine.data.sync.timeout = 10s (default)
2022-10-09 13:05:41,535 [pool-358-thread-1] INFO  server.RaftServerConfigKeys (ConfUtils.java:logGet(46)) - raft.server.log.statemachine.data.sync.timeout.retry = -1 (default)
2022-10-09 13:05:41,535 [pool-358-thread-1] INFO  server.RaftServerConfigKeys (ConfUtils.java:logGet(46)) - raft.server.log.write.buffer.size = 1048576 (custom)
2022-10-09 13:05:41,540 [EventQueue-PipelineReportForPipelineReportHandler] INFO  pipeline.PipelineManagerImpl (PipelineManagerImpl.java:openPipeline(367)) - Pipeline Pipeline[ Id: 48123607-c898-4752-b488-0325f9fc62be, Nodes: 864752fb-4a03-48f8-92e4-9b272ebf5ecd{ip: 10.1.0.209, host: fv-az212-628.zlodpucb4l4udavnfxg5s20dva.cx.internal.cloudapp.net, ports: [REPLICATION=45603, RATIS=36301, RATIS_ADMIN=36301, RATIS_SERVER=36301, STANDALONE=40617], networkLocation: /default-rack, certSerialId: null, persistedOpState: IN_SERVICE, persistedOpStateExpiryEpochSec: 0}, ReplicationConfig: RATIS/ONE, State:ALLOCATED, leaderId:864752fb-4a03-48f8-92e4-9b272ebf5ecd, CreationTimestamp2022-10-09T13:05:38.522Z[Etc/UTC]] moved to OPEN state
2022-10-09 13:05:41,541 [EventQueue-OpenPipelineForHealthyPipelineSafeModeRule] INFO  safemode.SCMSafeModeManager (HealthyPipelineSafeModeRule.java:process(137)) - SCM in safe mode. Healthy pipelines reported count is 0, required healthy pipeline reported count is 1
2022-10-09 13:05:41,542 [pool-358-thread-1] INFO  server.RaftServerConfigKeys (ConfUtils.java:logGet(46)) - raft.server.log.unsafe-flush.enabled = false (default)
2022-10-09 13:05:41,546 [pool-358-thread-1] INFO  server.RaftServerConfigKeys (ConfUtils.java:logGet(46)) - raft.server.log.statemachine.data.caching.enabled = true (custom)
2022-10-09 13:05:41,546 [pool-358-thread-1] INFO  segmented.SegmentedRaftLogWorker (SegmentedRaftLogWorker.java:lambda$new$0(135)) - 864752fb-4a03-48f8-92e4-9b272ebf5ecd@group-0325F9FC62BE-SegmentedRaftLogWorker: flushIndex: setUnconditionally 0 -> -1
2022-10-09 13:05:41,546 [pool-358-thread-1] INFO  segmented.SegmentedRaftLogWorker (SegmentedRaftLogWorker.java:lambda$new$0(135)) - 864752fb-4a03-48f8-92e4-9b272ebf5ecd@group-0325F9FC62BE-SegmentedRaftLogWorker: safeCacheEvictIndex: setUnconditionally 0 -> -1
2022-10-09 13:05:41,558 [pool-358-thread-1] INFO  server.RaftServerConfigKeys (ConfUtils.java:logGet(46)) - raft.server.snapshot.auto.trigger.enabled = true (custom)
2022-10-09 13:05:41,558 [pool-358-thread-1] INFO  server.RaftServerConfigKeys (ConfUtils.java:logGet(46)) - raft.server.snapshot.auto.trigger.threshold = 10000 (custom)
2022-10-09 13:05:41,558 [pool-358-thread-1] INFO  server.RaftServerConfigKeys (ConfUtils.java:logGet(46)) - raft.server.snapshot.retention.file.num = 5 (custom)
2022-10-09 13:05:41,558 [pool-358-thread-1] INFO  server.RaftServerConfigKeys (ConfUtils.java:logGet(46)) - raft.server.log.purge.upto.snapshot.index = false (default)
2022-10-09 13:05:41,559 [pool-358-thread-1] INFO  server.RaftServerConfigKeys (ConfUtils.java:logGet(46)) - raft.server.retrycache.expirytime = 600000ms (custom)
2022-10-09 13:05:41,559 [pool-358-thread-1] INFO  server.RaftServerConfigKeys (ConfUtils.java:logGet(46)) - raft.server.retrycache.statistics.expirytime = 100μs (default)
2022-10-09 13:05:41,560 [pool-358-thread-1] INFO  server.RaftServerConfigKeys (ConfUtils.java:logGet(46)) - raft.server.log.appender.install.snapshot.enabled = false (custom)
2022-10-09 13:05:41,560 [pool-358-thread-1] INFO  server.RaftServerConfigKeys (ConfUtils.java:logGet(46)) - raft.server.threadpool.server.cached = true (default)
2022-10-09 13:05:41,560 [pool-358-thread-1] INFO  server.RaftServerConfigKeys (ConfUtils.java:logGet(46)) - raft.server.threadpool.server.size = 0 (default)
2022-10-09 13:05:41,560 [pool-358-thread-1] INFO  server.RaftServerConfigKeys (ConfUtils.java:logGet(46)) - raft.server.threadpool.client.cached = true (default)
2022-10-09 13:05:41,560 [pool-358-thread-1] INFO  server.RaftServerConfigKeys (ConfUtils.java:logGet(46)) - raft.server.threadpool.client.size = 0 (default)
2022-10-09 13:05:41,560 [pool-358-thread-1] INFO  server.RaftServer$Division (RaftServerImpl.java:start(310)) - 864752fb-4a03-48f8-92e4-9b272ebf5ecd@group-0325F9FC62BE: start as a follower, conf=-1: [864752fb-4a03-48f8-92e4-9b272ebf5ecd|rpc:10.1.0.209:36301|priority:1], old=null
2022-10-09 13:05:41,560 [pool-358-thread-1] INFO  server.RaftServer$Division (RaftServerImpl.java:setRole(299)) - 864752fb-4a03-48f8-92e4-9b272ebf5ecd@group-0325F9FC62BE: changes role from      null to FOLLOWER at term 0 for startAsFollower
2022-10-09 13:05:41,560 [pool-358-thread-1] INFO  impl.RoleInfo (RoleInfo.java:updateAndGet(139)) - 864752fb-4a03-48f8-92e4-9b272ebf5ecd: start 864752fb-4a03-48f8-92e4-9b272ebf5ecd@group-0325F9FC62BE-FollowerState
2022-10-09 13:05:41,576 [pool-358-thread-1] INFO  util.JmxRegister (JmxRegister.java:tryRegister(44)) - Successfully registered JMX Bean with object name Ratis:service=RaftServer,group=group-0325F9FC62BE,id=864752fb-4a03-48f8-92e4-9b272ebf5ecd
2022-10-09 13:05:41,579 [Command processor thread] INFO  ratis.XceiverServerRatis (XceiverServerRatis.java:addGroup(765)) - Created group PipelineID=48123607-c898-4752-b488-0325f9fc62be
2022-10-09 13:05:41,580 [Command processor thread] INFO  commandhandler.CreatePipelineCommandHandler (CreatePipelineCommandHandler.java:handle(113)) - Created Pipeline RATIS ONE PipelineID=48123607-c898-4752-b488-0325f9fc62be.
2022-10-09 13:05:41,726 [Listener at 127.0.0.1/44209] INFO  ozone.MiniOzoneClusterImpl (MiniOzoneClusterImpl.java:lambda$waitForClusterToBeReady$0(216)) - Nodes are ready. Got 5 of 5 DN Heartbeats.
2022-10-09 13:05:41,726 [Listener at 127.0.0.1/44209] INFO  ozone.MiniOzoneClusterImpl (MiniOzoneClusterImpl.java:lambda$waitForClusterToBeReady$0(219)) - Waiting for cluster to exit safe mode
2022-10-09 13:05:41,726 [Listener at 127.0.0.1/44209] INFO  ozone.MiniOzoneClusterImpl (MiniOzoneClusterImpl.java:lambda$waitForClusterToBeReady$0(221)) - SCM became leader
2022-10-09 13:05:42,020 [Command processor thread] INFO  server.RaftServer (RaftServerProxy.java:addNew(96)) - d53f1fbb-b576-41c7-afbd-0ba632ac53c7: addNew group-72063B46A92A:[d53f1fbb-b576-41c7-afbd-0ba632ac53c7|rpc:10.1.0.209:46505|priority:1] returns group-72063B46A92A:java.util.concurrent.CompletableFuture@2ede59eb[Not completed]
2022-10-09 13:05:42,032 [pool-381-thread-1] INFO  server.RaftServer$Division (RaftServerImpl.java:<init>(190)) - d53f1fbb-b576-41c7-afbd-0ba632ac53c7: new RaftServerImpl for group-72063B46A92A:[d53f1fbb-b576-41c7-afbd-0ba632ac53c7|rpc:10.1.0.209:46505|priority:1] with ContainerStateMachine:uninitialized
2022-10-09 13:05:42,032 [pool-381-thread-1] INFO  server.RaftServerConfigKeys (ConfUtils.java:logGet(46)) - raft.server.rpc.timeout.min = 5s (custom)
2022-10-09 13:05:42,032 [pool-381-thread-1] INFO  server.RaftServerConfigKeys (ConfUtils.java:logGet(46)) - raft.server.rpc.timeout.max = 5200ms (custom)
2022-10-09 13:05:42,032 [pool-381-thread-1] INFO  server.RaftServerConfigKeys (ConfUtils.java:logGet(46)) - raft.server.rpc.sleep.time = 25ms (default)
2022-10-09 13:05:42,032 [pool-381-thread-1] INFO  server.RaftServerConfigKeys (ConfUtils.java:logGet(46)) - raft.server.rpc.slowness.timeout = 300s (custom)
2022-10-09 13:05:42,032 [pool-381-thread-1] INFO  server.RaftServerConfigKeys (ConfUtils.java:logGet(46)) - raft.server.leaderelection.leader.step-down.wait-time = 10s (default)
2022-10-09 13:05:42,032 [pool-381-thread-1] INFO  server.RaftServerConfigKeys (ConfUtils.java:logGet(46)) - raft.server.sleep.deviation.threshold = 300ms (default)
2022-10-09 13:05:42,032 [pool-381-thread-1] INFO  server.RaftServer$Division (ServerState.java:<init>(107)) - d53f1fbb-b576-41c7-afbd-0ba632ac53c7@group-72063B46A92A: ConfigurationManager, init=-1: [d53f1fbb-b576-41c7-afbd-0ba632ac53c7|rpc:10.1.0.209:46505|priority:1], old=null, confs=<EMPTY_MAP>
2022-10-09 13:05:42,032 [pool-381-thread-1] INFO  server.RaftServerConfigKeys (ConfUtils.java:logGet(46)) - raft.server.storage.dir = [/home/runner/work/ozone/ozone/hadoop-ozone/integration-test/target/test-dir/MiniOzoneClusterImpl-9b82f26c-8b94-4c2d-8316-029798bb519b/datanode-3/data/ratis] (custom)
2022-10-09 13:05:42,043 [pool-381-thread-1] INFO  server.RaftServerConfigKeys (ConfUtils.java:logGet(46)) - raft.server.log.corruption.policy = EXCEPTION (default)
2022-10-09 13:05:42,043 [pool-381-thread-1] INFO  server.RaftServerConfigKeys (ConfUtils.java:logGet(46)) - raft.server.storage.free-space.min = 0MB (=0) (default)
2022-10-09 13:05:42,043 [pool-381-thread-1] INFO  storage.RaftStorageDirectory (RaftStorageDirectoryImpl.java:analyzeStorage(135)) - The storage directory /home/runner/work/ozone/ozone/hadoop-ozone/integration-test/target/test-dir/MiniOzoneClusterImpl-9b82f26c-8b94-4c2d-8316-029798bb519b/datanode-3/data/ratis/7ece04bb-84ae-430b-8b00-72063b46a92a does not exist. Creating ...
2022-10-09 13:05:42,055 [pool-381-thread-1] INFO  storage.RaftStorageDirectory (RaftStorageDirectoryImpl.java:tryLock(230)) - Lock on /home/runner/work/ozone/ozone/hadoop-ozone/integration-test/target/test-dir/MiniOzoneClusterImpl-9b82f26c-8b94-4c2d-8316-029798bb519b/datanode-3/data/ratis/7ece04bb-84ae-430b-8b00-72063b46a92a/in_use.lock acquired by nodename 13094@fv-az212-628
2022-10-09 13:05:42,057 [pool-381-thread-1] INFO  storage.RaftStorage (RaftStorageImpl.java:format(89)) - Storage directory /home/runner/work/ozone/ozone/hadoop-ozone/integration-test/target/test-dir/MiniOzoneClusterImpl-9b82f26c-8b94-4c2d-8316-029798bb519b/datanode-3/data/ratis/7ece04bb-84ae-430b-8b00-72063b46a92a has been successfully formatted.
2022-10-09 13:05:42,062 [pool-381-thread-1] INFO  ratis.ContainerStateMachine (ContainerStateMachine.java:loadSnapshot(236)) - group-72063B46A92A: The snapshot info is null. Setting the last applied indexto:(t:0, i:~)
2022-10-09 13:05:42,062 [pool-381-thread-1] INFO  server.RaftServerConfigKeys (ConfUtils.java:logGet(46)) - raft.server.notification.no-leader.timeout = 300s (custom)
2022-10-09 13:05:42,062 [pool-381-thread-1] INFO  server.RaftServerConfigKeys (ConfUtils.java:logGet(46)) - raft.server.log.use.memory = false (default)
2022-10-09 13:05:42,063 [EventQueue-PipelineReportForPipelineReportHandler] INFO  pipeline.PipelineManagerImpl (PipelineManagerImpl.java:openPipeline(367)) - Pipeline Pipeline[ Id: 7ece04bb-84ae-430b-8b00-72063b46a92a, Nodes: d53f1fbb-b576-41c7-afbd-0ba632ac53c7{ip: 10.1.0.209, host: fv-az212-628.zlodpucb4l4udavnfxg5s20dva.cx.internal.cloudapp.net, ports: [REPLICATION=33297, RATIS=46505, RATIS_ADMIN=46505, RATIS_SERVER=46505, STANDALONE=36581], networkLocation: /default-rack, certSerialId: null, persistedOpState: IN_SERVICE, persistedOpStateExpiryEpochSec: 0}, ReplicationConfig: RATIS/ONE, State:ALLOCATED, leaderId:d53f1fbb-b576-41c7-afbd-0ba632ac53c7, CreationTimestamp2022-10-09T13:05:39.021Z[Etc/UTC]] moved to OPEN state
2022-10-09 13:05:42,063 [pool-381-thread-1] INFO  server.RaftServerConfigKeys (ConfUtils.java:logGet(46)) - raft.server.log.purge.gap = 1000000 (custom)
2022-10-09 13:05:42,063 [pool-381-thread-1] INFO  server.RaftServerConfigKeys (ConfUtils.java:logGet(46)) - raft.server.log.appender.buffer.byte-limit = 33554432 (custom)
2022-10-09 13:05:42,063 [pool-381-thread-1] INFO  server.RaftServerConfigKeys (ConfUtils.java:logGet(46)) - raft.server.log.statemachine.data.read.timeout = 1000ms (default)
2022-10-09 13:05:42,063 [EventQueue-OpenPipelineForHealthyPipelineSafeModeRule] INFO  safemode.SCMSafeModeManager (HealthyPipelineSafeModeRule.java:process(137)) - SCM in safe mode. Healthy pipelines reported count is 0, required healthy pipeline reported count is 1
2022-10-09 13:05:42,072 [pool-381-thread-1] INFO  server.RaftServerConfigKeys (ConfUtils.java:logGet(46)) - raft.server.log.segment.size.max = 1048576 (custom)
2022-10-09 13:05:42,072 [pool-381-thread-1] INFO  server.RaftServerConfigKeys (ConfUtils.java:logGet(46)) - raft.server.log.segment.cache.num.max = 2 (custom)
2022-10-09 13:05:42,072 [pool-381-thread-1] INFO  server.RaftServerConfigKeys (ConfUtils.java:logGet(46)) - raft.server.log.segment.cache.size.max = 200MB (=209715200) (default)
2022-10-09 13:05:42,072 [pool-381-thread-1] INFO  segmented.SegmentedRaftLogWorker (SegmentedRaftLogWorker.java:<init>(187)) - new d53f1fbb-b576-41c7-afbd-0ba632ac53c7@group-72063B46A92A-SegmentedRaftLogWorker for RaftStorageImpl:Storage Directory /home/runner/work/ozone/ozone/hadoop-ozone/integration-test/target/test-dir/MiniOzoneClusterImpl-9b82f26c-8b94-4c2d-8316-029798bb519b/datanode-3/data/ratis/7ece04bb-84ae-430b-8b00-72063b46a92a
2022-10-09 13:05:42,072 [pool-381-thread-1] INFO  server.RaftServerConfigKeys (ConfUtils.java:logGet(46)) - raft.server.log.queue.byte-limit = 4294967296 (custom)
2022-10-09 13:05:42,072 [pool-381-thread-1] INFO  server.RaftServerConfigKeys (ConfUtils.java:logGet(46)) - raft.server.log.queue.element-limit = 1024 (custom)
2022-10-09 13:05:42,072 [pool-381-thread-1] INFO  server.RaftServerConfigKeys (ConfUtils.java:logGet(46)) - raft.server.log.segment.size.max = 1048576 (custom)
2022-10-09 13:05:42,072 [pool-381-thread-1] INFO  server.RaftServerConfigKeys (ConfUtils.java:logGet(46)) - raft.server.log.preallocated.size = 16384 (custom)
2022-10-09 13:05:42,072 [pool-381-thread-1] INFO  server.RaftServerConfigKeys (ConfUtils.java:logGet(46)) - raft.server.log.force.sync.num = 128 (default)
2022-10-09 13:05:42,072 [pool-381-thread-1] INFO  server.RaftServerConfigKeys (ConfUtils.java:logGet(46)) - raft.server.log.statemachine.data.sync = true (default)
2022-10-09 13:05:42,072 [pool-381-thread-1] INFO  server.RaftServerConfigKeys (ConfUtils.java:logGet(46)) - raft.server.log.statemachine.data.sync.timeout = 10s (default)
2022-10-09 13:05:42,073 [pool-381-thread-1] INFO  server.RaftServerConfigKeys (ConfUtils.java:logGet(46)) - raft.server.log.statemachine.data.sync.timeout.retry = -1 (default)
2022-10-09 13:05:42,073 [pool-381-thread-1] INFO  server.RaftServerConfigKeys (ConfUtils.java:logGet(46)) - raft.server.log.write.buffer.size = 1048576 (custom)
2022-10-09 13:05:42,073 [pool-381-thread-1] INFO  server.RaftServerConfigKeys (ConfUtils.java:logGet(46)) - raft.server.log.unsafe-flush.enabled = false (default)
2022-10-09 13:05:42,074 [pool-381-thread-1] INFO  server.RaftServerConfigKeys (ConfUtils.java:logGet(46)) - raft.server.log.statemachine.data.caching.enabled = true (custom)
2022-10-09 13:05:42,074 [pool-381-thread-1] INFO  segmented.SegmentedRaftLogWorker (SegmentedRaftLogWorker.java:lambda$new$0(135)) - d53f1fbb-b576-41c7-afbd-0ba632ac53c7@group-72063B46A92A-SegmentedRaftLogWorker: flushIndex: setUnconditionally 0 -> -1
2022-10-09 13:05:42,074 [pool-381-thread-1] INFO  segmented.SegmentedRaftLogWorker (SegmentedRaftLogWorker.java:lambda$new$0(135)) - d53f1fbb-b576-41c7-afbd-0ba632ac53c7@group-72063B46A92A-SegmentedRaftLogWorker: safeCacheEvictIndex: setUnconditionally 0 -> -1
2022-10-09 13:05:42,082 [pool-381-thread-1] INFO  server.RaftServerConfigKeys (ConfUtils.java:logGet(46)) - raft.server.snapshot.auto.trigger.enabled = true (custom)
2022-10-09 13:05:42,082 [pool-381-thread-1] INFO  server.RaftServerConfigKeys (ConfUtils.java:logGet(46)) - raft.server.snapshot.auto.trigger.threshold = 10000 (custom)
2022-10-09 13:05:42,082 [pool-381-thread-1] INFO  server.RaftServerConfigKeys (ConfUtils.java:logGet(46)) - raft.server.snapshot.retention.file.num = 5 (custom)
2022-10-09 13:05:42,082 [pool-381-thread-1] INFO  server.RaftServerConfigKeys (ConfUtils.java:logGet(46)) - raft.server.log.purge.upto.snapshot.index = false (default)
2022-10-09 13:05:42,082 [pool-381-thread-1] INFO  server.RaftServerConfigKeys (ConfUtils.java:logGet(46)) - raft.server.retrycache.expirytime = 600000ms (custom)
2022-10-09 13:05:42,082 [pool-381-thread-1] INFO  server.RaftServerConfigKeys (ConfUtils.java:logGet(46)) - raft.server.retrycache.statistics.expirytime = 100μs (default)
2022-10-09 13:05:42,083 [pool-381-thread-1] INFO  server.RaftServerConfigKeys (ConfUtils.java:logGet(46)) - raft.server.log.appender.install.snapshot.enabled = false (custom)
2022-10-09 13:05:42,083 [pool-381-thread-1] INFO  server.RaftServerConfigKeys (ConfUtils.java:logGet(46)) - raft.server.threadpool.server.cached = true (default)
2022-10-09 13:05:42,083 [pool-381-thread-1] INFO  server.RaftServerConfigKeys (ConfUtils.java:logGet(46)) - raft.server.threadpool.server.size = 0 (default)
2022-10-09 13:05:42,084 [pool-381-thread-1] INFO  server.RaftServerConfigKeys (ConfUtils.java:logGet(46)) - raft.server.threadpool.client.cached = true (default)
2022-10-09 13:05:42,084 [pool-381-thread-1] INFO  server.RaftServerConfigKeys (ConfUtils.java:logGet(46)) - raft.server.threadpool.client.size = 0 (default)
2022-10-09 13:05:42,084 [pool-381-thread-1] INFO  server.RaftServer$Division (RaftServerImpl.java:start(310)) - d53f1fbb-b576-41c7-afbd-0ba632ac53c7@group-72063B46A92A: start as a follower, conf=-1: [d53f1fbb-b576-41c7-afbd-0ba632ac53c7|rpc:10.1.0.209:46505|priority:1], old=null
2022-10-09 13:05:42,084 [pool-381-thread-1] INFO  server.RaftServer$Division (RaftServerImpl.java:setRole(299)) - d53f1fbb-b576-41c7-afbd-0ba632ac53c7@group-72063B46A92A: changes role from      null to FOLLOWER at term 0 for startAsFollower
2022-10-09 13:05:42,084 [pool-381-thread-1] INFO  impl.RoleInfo (RoleInfo.java:updateAndGet(139)) - d53f1fbb-b576-41c7-afbd-0ba632ac53c7: start d53f1fbb-b576-41c7-afbd-0ba632ac53c7@group-72063B46A92A-FollowerState
2022-10-09 13:05:42,092 [pool-381-thread-1] INFO  util.JmxRegister (JmxRegister.java:tryRegister(44)) - Successfully registered JMX Bean with object name Ratis:service=RaftServer,group=group-72063B46A92A,id=d53f1fbb-b576-41c7-afbd-0ba632ac53c7
2022-10-09 13:05:42,097 [Command processor thread] INFO  ratis.XceiverServerRatis (XceiverServerRatis.java:addGroup(765)) - Created group PipelineID=7ece04bb-84ae-430b-8b00-72063b46a92a
2022-10-09 13:05:42,097 [Command processor thread] INFO  commandhandler.CreatePipelineCommandHandler (CreatePipelineCommandHandler.java:handle(113)) - Created Pipeline RATIS ONE PipelineID=7ece04bb-84ae-430b-8b00-72063b46a92a.
2022-10-09 13:05:42,726 [Listener at 127.0.0.1/44209] INFO  ozone.MiniOzoneClusterImpl (MiniOzoneClusterImpl.java:lambda$waitForClusterToBeReady$0(216)) - Nodes are ready. Got 5 of 5 DN Heartbeats.
2022-10-09 13:05:42,727 [Listener at 127.0.0.1/44209] INFO  ozone.MiniOzoneClusterImpl (MiniOzoneClusterImpl.java:lambda$waitForClusterToBeReady$0(219)) - Waiting for cluster to exit safe mode
2022-10-09 13:05:42,727 [Listener at 127.0.0.1/44209] INFO  ozone.MiniOzoneClusterImpl (MiniOzoneClusterImpl.java:lambda$waitForClusterToBeReady$0(221)) - SCM became leader
2022-10-09 13:05:42,743 [Command processor thread] INFO  server.RaftServer (RaftServerProxy.java:addNew(96)) - 7279ce37-28db-41f2-a11e-d5db3ffcfb1c: addNew group-940F0690657A:[7279ce37-28db-41f2-a11e-d5db3ffcfb1c|rpc:10.1.0.209:46543|priority:1] returns group-940F0690657A:java.util.concurrent.CompletableFuture@23180b7e[Not completed]
2022-10-09 13:05:42,756 [pool-404-thread-1] INFO  server.RaftServer$Division (RaftServerImpl.java:<init>(190)) - 7279ce37-28db-41f2-a11e-d5db3ffcfb1c: new RaftServerImpl for group-940F0690657A:[7279ce37-28db-41f2-a11e-d5db3ffcfb1c|rpc:10.1.0.209:46543|priority:1] with ContainerStateMachine:uninitialized
2022-10-09 13:05:42,757 [pool-404-thread-1] INFO  server.RaftServerConfigKeys (ConfUtils.java:logGet(46)) - raft.server.rpc.timeout.min = 5s (custom)
2022-10-09 13:05:42,757 [pool-404-thread-1] INFO  server.RaftServerConfigKeys (ConfUtils.java:logGet(46)) - raft.server.rpc.timeout.max = 5200ms (custom)
2022-10-09 13:05:42,757 [pool-404-thread-1] INFO  server.RaftServerConfigKeys (ConfUtils.java:logGet(46)) - raft.server.rpc.sleep.time = 25ms (default)
2022-10-09 13:05:42,757 [pool-404-thread-1] INFO  server.RaftServerConfigKeys (ConfUtils.java:logGet(46)) - raft.server.rpc.slowness.timeout = 300s (custom)
2022-10-09 13:05:42,757 [pool-404-thread-1] INFO  server.RaftServerConfigKeys (ConfUtils.java:logGet(46)) - raft.server.leaderelection.leader.step-down.wait-time = 10s (default)
2022-10-09 13:05:42,757 [pool-404-thread-1] INFO  server.RaftServerConfigKeys (ConfUtils.java:logGet(46)) - raft.server.sleep.deviation.threshold = 300ms (default)
2022-10-09 13:05:42,757 [pool-404-thread-1] INFO  server.RaftServer$Division (ServerState.java:<init>(107)) - 7279ce37-28db-41f2-a11e-d5db3ffcfb1c@group-940F0690657A: ConfigurationManager, init=-1: [7279ce37-28db-41f2-a11e-d5db3ffcfb1c|rpc:10.1.0.209:46543|priority:1], old=null, confs=<EMPTY_MAP>
2022-10-09 13:05:42,757 [pool-404-thread-1] INFO  server.RaftServerConfigKeys (ConfUtils.java:logGet(46)) - raft.server.storage.dir = [/home/runner/work/ozone/ozone/hadoop-ozone/integration-test/target/test-dir/MiniOzoneClusterImpl-9b82f26c-8b94-4c2d-8316-029798bb519b/datanode-4/data/ratis] (custom)
2022-10-09 13:05:42,757 [pool-404-thread-1] INFO  server.RaftServerConfigKeys (ConfUtils.java:logGet(46)) - raft.server.log.corruption.policy = EXCEPTION (default)
2022-10-09 13:05:42,757 [pool-404-thread-1] INFO  server.RaftServerConfigKeys (ConfUtils.java:logGet(46)) - raft.server.storage.free-space.min = 0MB (=0) (default)
2022-10-09 13:05:42,757 [pool-404-thread-1] INFO  storage.RaftStorageDirectory (RaftStorageDirectoryImpl.java:analyzeStorage(135)) - The storage directory /home/runner/work/ozone/ozone/hadoop-ozone/integration-test/target/test-dir/MiniOzoneClusterImpl-9b82f26c-8b94-4c2d-8316-029798bb519b/datanode-4/data/ratis/2ed15e34-4922-464e-a982-940f0690657a does not exist. Creating ...
2022-10-09 13:05:42,767 [pool-404-thread-1] INFO  storage.RaftStorageDirectory (RaftStorageDirectoryImpl.java:tryLock(230)) - Lock on /home/runner/work/ozone/ozone/hadoop-ozone/integration-test/target/test-dir/MiniOzoneClusterImpl-9b82f26c-8b94-4c2d-8316-029798bb519b/datanode-4/data/ratis/2ed15e34-4922-464e-a982-940f0690657a/in_use.lock acquired by nodename 13094@fv-az212-628
2022-10-09 13:05:42,768 [pool-404-thread-1] INFO  storage.RaftStorage (RaftStorageImpl.java:format(89)) - Storage directory /home/runner/work/ozone/ozone/hadoop-ozone/integration-test/target/test-dir/MiniOzoneClusterImpl-9b82f26c-8b94-4c2d-8316-029798bb519b/datanode-4/data/ratis/2ed15e34-4922-464e-a982-940f0690657a has been successfully formatted.
2022-10-09 13:05:42,779 [pool-404-thread-1] INFO  ratis.ContainerStateMachine (ContainerStateMachine.java:loadSnapshot(236)) - group-940F0690657A: The snapshot info is null. Setting the last applied indexto:(t:0, i:~)
2022-10-09 13:05:42,779 [pool-404-thread-1] INFO  server.RaftServerConfigKeys (ConfUtils.java:logGet(46)) - raft.server.notification.no-leader.timeout = 300s (custom)
2022-10-09 13:05:42,779 [pool-404-thread-1] INFO  server.RaftServerConfigKeys (ConfUtils.java:logGet(46)) - raft.server.log.use.memory = false (default)
2022-10-09 13:05:42,779 [pool-404-thread-1] INFO  server.RaftServerConfigKeys (ConfUtils.java:logGet(46)) - raft.server.log.purge.gap = 1000000 (custom)
2022-10-09 13:05:42,779 [pool-404-thread-1] INFO  server.RaftServerConfigKeys (ConfUtils.java:logGet(46)) - raft.server.log.appender.buffer.byte-limit = 33554432 (custom)
2022-10-09 13:05:42,779 [pool-404-thread-1] INFO  server.RaftServerConfigKeys (ConfUtils.java:logGet(46)) - raft.server.log.statemachine.data.read.timeout = 1000ms (default)
2022-10-09 13:05:42,779 [pool-404-thread-1] INFO  server.RaftServerConfigKeys (ConfUtils.java:logGet(46)) - raft.server.log.segment.size.max = 1048576 (custom)
2022-10-09 13:05:42,780 [pool-404-thread-1] INFO  server.RaftServerConfigKeys (ConfUtils.java:logGet(46)) - raft.server.log.segment.cache.num.max = 2 (custom)
2022-10-09 13:05:42,780 [pool-404-thread-1] INFO  server.RaftServerConfigKeys (ConfUtils.java:logGet(46)) - raft.server.log.segment.cache.size.max = 200MB (=209715200) (default)
2022-10-09 13:05:42,780 [pool-404-thread-1] INFO  segmented.SegmentedRaftLogWorker (SegmentedRaftLogWorker.java:<init>(187)) - new 7279ce37-28db-41f2-a11e-d5db3ffcfb1c@group-940F0690657A-SegmentedRaftLogWorker for RaftStorageImpl:Storage Directory /home/runner/work/ozone/ozone/hadoop-ozone/integration-test/target/test-dir/MiniOzoneClusterImpl-9b82f26c-8b94-4c2d-8316-029798bb519b/datanode-4/data/ratis/2ed15e34-4922-464e-a982-940f0690657a
2022-10-09 13:05:42,780 [pool-404-thread-1] INFO  server.RaftServerConfigKeys (ConfUtils.java:logGet(46)) - raft.server.log.queue.byte-limit = 4294967296 (custom)
2022-10-09 13:05:42,780 [EventQueue-PipelineReportForPipelineReportHandler] INFO  pipeline.PipelineManagerImpl (PipelineManagerImpl.java:openPipeline(367)) - Pipeline Pipeline[ Id: 2ed15e34-4922-464e-a982-940f0690657a, Nodes: 7279ce37-28db-41f2-a11e-d5db3ffcfb1c{ip: 10.1.0.209, host: fv-az212-628.zlodpucb4l4udavnfxg5s20dva.cx.internal.cloudapp.net, ports: [REPLICATION=45909, RATIS=46543, RATIS_ADMIN=46543, RATIS_SERVER=46543, STANDALONE=46059], networkLocation: /default-rack, certSerialId: null, persistedOpState: IN_SERVICE, persistedOpStateExpiryEpochSec: 0}, ReplicationConfig: RATIS/ONE, State:ALLOCATED, leaderId:7279ce37-28db-41f2-a11e-d5db3ffcfb1c, CreationTimestamp2022-10-09T13:05:39.744Z[Etc/UTC]] moved to OPEN state
2022-10-09 13:05:42,781 [EventQueue-OpenPipelineForHealthyPipelineSafeModeRule] INFO  safemode.SCMSafeModeManager (HealthyPipelineSafeModeRule.java:process(137)) - SCM in safe mode. Healthy pipelines reported count is 0, required healthy pipeline reported count is 1
2022-10-09 13:05:42,781 [pool-404-thread-1] INFO  server.RaftServerConfigKeys (ConfUtils.java:logGet(46)) - raft.server.log.queue.element-limit = 1024 (custom)
2022-10-09 13:05:42,796 [pool-404-thread-1] INFO  server.RaftServerConfigKeys (ConfUtils.java:logGet(46)) - raft.server.log.segment.size.max = 1048576 (custom)
2022-10-09 13:05:42,796 [pool-404-thread-1] INFO  server.RaftServerConfigKeys (ConfUtils.java:logGet(46)) - raft.server.log.preallocated.size = 16384 (custom)
2022-10-09 13:05:42,796 [pool-404-thread-1] INFO  server.RaftServerConfigKeys (ConfUtils.java:logGet(46)) - raft.server.log.force.sync.num = 128 (default)
2022-10-09 13:05:42,796 [pool-404-thread-1] INFO  server.RaftServerConfigKeys (ConfUtils.java:logGet(46)) - raft.server.log.statemachine.data.sync = true (default)
2022-10-09 13:05:42,796 [pool-404-thread-1] INFO  server.RaftServerConfigKeys (ConfUtils.java:logGet(46)) - raft.server.log.statemachine.data.sync.timeout = 10s (default)
2022-10-09 13:05:42,796 [pool-404-thread-1] INFO  server.RaftServerConfigKeys (ConfUtils.java:logGet(46)) - raft.server.log.statemachine.data.sync.timeout.retry = -1 (default)
2022-10-09 13:05:42,797 [pool-404-thread-1] INFO  server.RaftServerConfigKeys (ConfUtils.java:logGet(46)) - raft.server.log.write.buffer.size = 1048576 (custom)
2022-10-09 13:05:42,797 [pool-404-thread-1] INFO  server.RaftServerConfigKeys (ConfUtils.java:logGet(46)) - raft.server.log.unsafe-flush.enabled = false (default)
2022-10-09 13:05:42,797 [pool-404-thread-1] INFO  server.RaftServerConfigKeys (ConfUtils.java:logGet(46)) - raft.server.log.statemachine.data.caching.enabled = true (custom)
2022-10-09 13:05:42,797 [pool-404-thread-1] INFO  segmented.SegmentedRaftLogWorker (SegmentedRaftLogWorker.java:lambda$new$0(135)) - 7279ce37-28db-41f2-a11e-d5db3ffcfb1c@group-940F0690657A-SegmentedRaftLogWorker: flushIndex: setUnconditionally 0 -> -1
2022-10-09 13:05:42,797 [pool-404-thread-1] INFO  segmented.SegmentedRaftLogWorker (SegmentedRaftLogWorker.java:lambda$new$0(135)) - 7279ce37-28db-41f2-a11e-d5db3ffcfb1c@group-940F0690657A-SegmentedRaftLogWorker: safeCacheEvictIndex: setUnconditionally 0 -> -1
2022-10-09 13:05:42,799 [pool-404-thread-1] INFO  server.RaftServerConfigKeys (ConfUtils.java:logGet(46)) - raft.server.snapshot.auto.trigger.enabled = true (custom)
2022-10-09 13:05:42,799 [pool-404-thread-1] INFO  server.RaftServerConfigKeys (ConfUtils.java:logGet(46)) - raft.server.snapshot.auto.trigger.threshold = 10000 (custom)
2022-10-09 13:05:42,799 [pool-404-thread-1] INFO  server.RaftServerConfigKeys (ConfUtils.java:logGet(46)) - raft.server.snapshot.retention.file.num = 5 (custom)
2022-10-09 13:05:42,799 [pool-404-thread-1] INFO  server.RaftServerConfigKeys (ConfUtils.java:logGet(46)) - raft.server.log.purge.upto.snapshot.index = false (default)
2022-10-09 13:05:42,799 [pool-404-thread-1] INFO  server.RaftServerConfigKeys (ConfUtils.java:logGet(46)) - raft.server.retrycache.expirytime = 600000ms (custom)
2022-10-09 13:05:42,799 [pool-404-thread-1] INFO  server.RaftServerConfigKeys (ConfUtils.java:logGet(46)) - raft.server.retrycache.statistics.expirytime = 100μs (default)
2022-10-09 13:05:42,801 [pool-404-thread-1] INFO  server.RaftServerConfigKeys (ConfUtils.java:logGet(46)) - raft.server.log.appender.install.snapshot.enabled = false (custom)
2022-10-09 13:05:42,801 [pool-404-thread-1] INFO  server.RaftServerConfigKeys (ConfUtils.java:logGet(46)) - raft.server.threadpool.server.cached = true (default)
2022-10-09 13:05:42,801 [pool-404-thread-1] INFO  server.RaftServerConfigKeys (ConfUtils.java:logGet(46)) - raft.server.threadpool.server.size = 0 (default)
2022-10-09 13:05:42,801 [pool-404-thread-1] INFO  server.RaftServerConfigKeys (ConfUtils.java:logGet(46)) - raft.server.threadpool.client.cached = true (default)
2022-10-09 13:05:42,801 [pool-404-thread-1] INFO  server.RaftServerConfigKeys (ConfUtils.java:logGet(46)) - raft.server.threadpool.client.size = 0 (default)
2022-10-09 13:05:42,801 [pool-404-thread-1] INFO  server.RaftServer$Division (RaftServerImpl.java:start(310)) - 7279ce37-28db-41f2-a11e-d5db3ffcfb1c@group-940F0690657A: start as a follower, conf=-1: [7279ce37-28db-41f2-a11e-d5db3ffcfb1c|rpc:10.1.0.209:46543|priority:1], old=null
2022-10-09 13:05:42,801 [pool-404-thread-1] INFO  server.RaftServer$Division (RaftServerImpl.java:setRole(299)) - 7279ce37-28db-41f2-a11e-d5db3ffcfb1c@group-940F0690657A: changes role from      null to FOLLOWER at term 0 for startAsFollower
2022-10-09 13:05:42,801 [pool-404-thread-1] INFO  impl.RoleInfo (RoleInfo.java:updateAndGet(139)) - 7279ce37-28db-41f2-a11e-d5db3ffcfb1c: start 7279ce37-28db-41f2-a11e-d5db3ffcfb1c@group-940F0690657A-FollowerState
2022-10-09 13:05:42,801 [pool-404-thread-1] INFO  util.JmxRegister (JmxRegister.java:tryRegister(44)) - Successfully registered JMX Bean with object name Ratis:service=RaftServer,group=group-940F0690657A,id=7279ce37-28db-41f2-a11e-d5db3ffcfb1c
2022-10-09 13:05:42,802 [Command processor thread] INFO  ratis.XceiverServerRatis (XceiverServerRatis.java:addGroup(765)) - Created group PipelineID=2ed15e34-4922-464e-a982-940f0690657a
2022-10-09 13:05:42,802 [Command processor thread] INFO  commandhandler.CreatePipelineCommandHandler (CreatePipelineCommandHandler.java:handle(113)) - Created Pipeline RATIS ONE PipelineID=2ed15e34-4922-464e-a982-940f0690657a.
2022-10-09 13:05:43,727 [Listener at 127.0.0.1/44209] INFO  ozone.MiniOzoneClusterImpl (MiniOzoneClusterImpl.java:lambda$waitForClusterToBeReady$0(216)) - Nodes are ready. Got 5 of 5 DN Heartbeats.
2022-10-09 13:05:43,727 [Listener at 127.0.0.1/44209] INFO  ozone.MiniOzoneClusterImpl (MiniOzoneClusterImpl.java:lambda$waitForClusterToBeReady$0(219)) - Waiting for cluster to exit safe mode
2022-10-09 13:05:43,727 [Listener at 127.0.0.1/44209] INFO  ozone.MiniOzoneClusterImpl (MiniOzoneClusterImpl.java:lambda$waitForClusterToBeReady$0(221)) - SCM became leader
2022-10-09 13:05:44,727 [Listener at 127.0.0.1/44209] INFO  ozone.MiniOzoneClusterImpl (MiniOzoneClusterImpl.java:lambda$waitForClusterToBeReady$0(216)) - Nodes are ready. Got 5 of 5 DN Heartbeats.
2022-10-09 13:05:44,728 [Listener at 127.0.0.1/44209] INFO  ozone.MiniOzoneClusterImpl (MiniOzoneClusterImpl.java:lambda$waitForClusterToBeReady$0(219)) - Waiting for cluster to exit safe mode
2022-10-09 13:05:44,728 [Listener at 127.0.0.1/44209] INFO  ozone.MiniOzoneClusterImpl (MiniOzoneClusterImpl.java:lambda$waitForClusterToBeReady$0(221)) - SCM became leader
2022-10-09 13:05:45,432 [0e0cd2e9-f605-4044-a07f-8c47171ce2f7@group-2D8E306473D2-FollowerState] INFO  impl.FollowerState (FollowerState.java:run(143)) - 0e0cd2e9-f605-4044-a07f-8c47171ce2f7@group-2D8E306473D2-FollowerState: change to CANDIDATE, lastRpcElapsedTime:5092853813ns, electionTimeout:5090ms
2022-10-09 13:05:45,438 [0e0cd2e9-f605-4044-a07f-8c47171ce2f7@group-2D8E306473D2-FollowerState] INFO  impl.RoleInfo (RoleInfo.java:shutdownFollowerState(110)) - 0e0cd2e9-f605-4044-a07f-8c47171ce2f7: shutdown 0e0cd2e9-f605-4044-a07f-8c47171ce2f7@group-2D8E306473D2-FollowerState
2022-10-09 13:05:45,438 [0e0cd2e9-f605-4044-a07f-8c47171ce2f7@group-2D8E306473D2-FollowerState] INFO  server.RaftServer$Division (RaftServerImpl.java:setRole(299)) - 0e0cd2e9-f605-4044-a07f-8c47171ce2f7@group-2D8E306473D2: changes role from  FOLLOWER to CANDIDATE at term 0 for changeToCandidate
2022-10-09 13:05:45,438 [0e0cd2e9-f605-4044-a07f-8c47171ce2f7@group-2D8E306473D2-FollowerState] INFO  server.RaftServerConfigKeys (ConfUtils.java:logGet(46)) - raft.server.leaderelection.pre-vote = false (custom)
2022-10-09 13:05:45,438 [0e0cd2e9-f605-4044-a07f-8c47171ce2f7@group-2D8E306473D2-FollowerState] INFO  impl.RoleInfo (RoleInfo.java:updateAndGet(139)) - 0e0cd2e9-f605-4044-a07f-8c47171ce2f7: start 0e0cd2e9-f605-4044-a07f-8c47171ce2f7@group-2D8E306473D2-LeaderElection15
2022-10-09 13:05:45,466 [0e0cd2e9-f605-4044-a07f-8c47171ce2f7@group-2D8E306473D2-LeaderElection15] INFO  impl.LeaderElection (LeaderElection.java:askForVotes(310)) - 0e0cd2e9-f605-4044-a07f-8c47171ce2f7@group-2D8E306473D2-LeaderElection15 ELECTION round 0: submit vote requests at term 1 for -1: [0e0cd2e9-f605-4044-a07f-8c47171ce2f7|rpc:10.1.0.209:36435|priority:1], old=null
2022-10-09 13:05:45,467 [0e0cd2e9-f605-4044-a07f-8c47171ce2f7@group-2D8E306473D2-LeaderElection15] INFO  impl.LeaderElection (LeaderElection.java:askForVotes(312)) - 0e0cd2e9-f605-4044-a07f-8c47171ce2f7@group-2D8E306473D2-LeaderElection15 ELECTION round 0: result PASSED (term=1)
2022-10-09 13:05:45,467 [0e0cd2e9-f605-4044-a07f-8c47171ce2f7@group-2D8E306473D2-LeaderElection15] INFO  impl.RoleInfo (RoleInfo.java:shutdownLeaderElection(130)) - 0e0cd2e9-f605-4044-a07f-8c47171ce2f7: shutdown 0e0cd2e9-f605-4044-a07f-8c47171ce2f7@group-2D8E306473D2-LeaderElection15
2022-10-09 13:05:45,468 [0e0cd2e9-f605-4044-a07f-8c47171ce2f7@group-2D8E306473D2-LeaderElection15] INFO  server.RaftServer$Division (RaftServerImpl.java:setRole(299)) - 0e0cd2e9-f605-4044-a07f-8c47171ce2f7@group-2D8E306473D2: changes role from CANDIDATE to LEADER at term 1 for changeToLeader
2022-10-09 13:05:45,468 [0e0cd2e9-f605-4044-a07f-8c47171ce2f7@group-2D8E306473D2-LeaderElection15] INFO  ratis.XceiverServerRatis (XceiverServerRatis.java:handleLeaderChangedNotification(863)) - Leader change notification received for group: group-2D8E306473D2 with new leaderId: 0e0cd2e9-f605-4044-a07f-8c47171ce2f7
2022-10-09 13:05:45,468 [0e0cd2e9-f605-4044-a07f-8c47171ce2f7@group-2D8E306473D2-LeaderElection15] INFO  server.RaftServer$Division (ServerState.java:setLeader(287)) - 0e0cd2e9-f605-4044-a07f-8c47171ce2f7@group-2D8E306473D2: change Leader from null to 0e0cd2e9-f605-4044-a07f-8c47171ce2f7 at term 1 for becomeLeader, leader elected after 5164ms
2022-10-09 13:05:45,471 [EventQueue-OpenPipelineForHealthyPipelineSafeModeRule] INFO  safemode.SCMSafeModeManager (HealthyPipelineSafeModeRule.java:process(137)) - SCM in safe mode. Healthy pipelines reported count is 0, required healthy pipeline reported count is 1
2022-10-09 13:05:45,473 [0e0cd2e9-f605-4044-a07f-8c47171ce2f7@group-2D8E306473D2-LeaderElection15] INFO  server.RaftServerConfigKeys (ConfUtils.java:logGet(46)) - raft.server.staging.catchup.gap = 1000 (default)
2022-10-09 13:05:45,473 [0e0cd2e9-f605-4044-a07f-8c47171ce2f7@group-2D8E306473D2-LeaderElection15] INFO  server.RaftServerConfigKeys (ConfUtils.java:logGet(46)) - raft.server.write.element-limit = 1024 (custom)
2022-10-09 13:05:45,473 [0e0cd2e9-f605-4044-a07f-8c47171ce2f7@group-2D8E306473D2-LeaderElection15] INFO  server.RaftServerConfigKeys (ConfUtils.java:logGet(46)) - raft.server.write.byte-limit = 1024 M (=1073741824) (custom)
2022-10-09 13:05:45,473 [0e0cd2e9-f605-4044-a07f-8c47171ce2f7@group-2D8E306473D2-LeaderElection15] INFO  server.RaftServerConfigKeys (ConfUtils.java:logGet(46)) - raft.server.watch.timeout = 180s (custom)
2022-10-09 13:05:45,474 [0e0cd2e9-f605-4044-a07f-8c47171ce2f7@group-2D8E306473D2-LeaderElection15] INFO  server.RaftServerConfigKeys (ConfUtils.java:logGet(46)) - raft.server.watch.timeout.denomination = 1s (default)
2022-10-09 13:05:45,474 [0e0cd2e9-f605-4044-a07f-8c47171ce2f7@group-2D8E306473D2-LeaderElection15] INFO  server.RaftServerConfigKeys (ConfUtils.java:logGet(46)) - raft.server.watch.element-limit = 65536 (default)
2022-10-09 13:05:45,474 [0e0cd2e9-f605-4044-a07f-8c47171ce2f7@group-2D8E306473D2-LeaderElection15] INFO  server.RaftServerConfigKeys (ConfUtils.java:logGet(46)) - raft.server.write.element-limit = 1024 (custom)
2022-10-09 13:05:45,474 [0e0cd2e9-f605-4044-a07f-8c47171ce2f7@group-2D8E306473D2-LeaderElection15] INFO  server.RaftServerConfigKeys (ConfUtils.java:logGet(46)) - raft.server.write.follower.gap.ratio.max = -1.0 (default)
2022-10-09 13:05:45,474 [0e0cd2e9-f605-4044-a07f-8c47171ce2f7@group-2D8E306473D2-LeaderElection15] INFO  impl.RoleInfo (RoleInfo.java:updateAndGet(139)) - 0e0cd2e9-f605-4044-a07f-8c47171ce2f7: start 0e0cd2e9-f605-4044-a07f-8c47171ce2f7@group-2D8E306473D2-LeaderStateImpl
2022-10-09 13:05:45,474 [0e0cd2e9-f605-4044-a07f-8c47171ce2f7@group-2D8E306473D2-LeaderElection15] INFO  segmented.SegmentedRaftLogWorker (SegmentedRaftLogWorker.java:startLogSegment(425)) - 0e0cd2e9-f605-4044-a07f-8c47171ce2f7@group-2D8E306473D2-SegmentedRaftLogWorker: Starting segment from index:0
2022-10-09 13:05:45,476 [0e0cd2e9-f605-4044-a07f-8c47171ce2f7@group-2D8E306473D2-SegmentedRaftLogWorker] INFO  segmented.SegmentedRaftLogWorker (SegmentedRaftLogWorker.java:execute(629)) - 0e0cd2e9-f605-4044-a07f-8c47171ce2f7@group-2D8E306473D2-SegmentedRaftLogWorker: created new log segment /home/runner/work/ozone/ozone/hadoop-ozone/integration-test/target/test-dir/MiniOzoneClusterImpl-9b82f26c-8b94-4c2d-8316-029798bb519b/datanode-0/data/ratis/a9c85f04-c081-45c2-bcbe-2d8e306473d2/current/log_inprogress_0
2022-10-09 13:05:45,492 [0e0cd2e9-f605-4044-a07f-8c47171ce2f7@group-2D8E306473D2-LeaderElection15] INFO  server.RaftServer$Division (ServerState.java:setRaftConf(393)) - 0e0cd2e9-f605-4044-a07f-8c47171ce2f7@group-2D8E306473D2: set configuration 0: [0e0cd2e9-f605-4044-a07f-8c47171ce2f7|rpc:10.1.0.209:36435|dataStream:|priority:1], old=null
2022-10-09 13:05:45,565 [0e0cd2e9-f605-4044-a07f-8c47171ce2f7@group-BF7723920FB3-FollowerState] INFO  impl.FollowerState (FollowerState.java:run(143)) - 0e0cd2e9-f605-4044-a07f-8c47171ce2f7@group-BF7723920FB3-FollowerState: change to CANDIDATE, lastRpcElapsedTime:5175519083ns, electionTimeout:5164ms
2022-10-09 13:05:45,565 [0e0cd2e9-f605-4044-a07f-8c47171ce2f7@group-BF7723920FB3-FollowerState] INFO  impl.RoleInfo (RoleInfo.java:shutdownFollowerState(110)) - 0e0cd2e9-f605-4044-a07f-8c47171ce2f7: shutdown 0e0cd2e9-f605-4044-a07f-8c47171ce2f7@group-BF7723920FB3-FollowerState
2022-10-09 13:05:45,565 [0e0cd2e9-f605-4044-a07f-8c47171ce2f7@group-BF7723920FB3-FollowerState] INFO  server.RaftServer$Division (RaftServerImpl.java:setRole(299)) - 0e0cd2e9-f605-4044-a07f-8c47171ce2f7@group-BF7723920FB3: changes role from  FOLLOWER to CANDIDATE at term 0 for changeToCandidate
2022-10-09 13:05:45,565 [0e0cd2e9-f605-4044-a07f-8c47171ce2f7@group-BF7723920FB3-FollowerState] INFO  server.RaftServerConfigKeys (ConfUtils.java:logGet(46)) - raft.server.leaderelection.pre-vote = false (custom)
2022-10-09 13:05:45,565 [0e0cd2e9-f605-4044-a07f-8c47171ce2f7@group-BF7723920FB3-FollowerState] INFO  impl.RoleInfo (RoleInfo.java:updateAndGet(139)) - 0e0cd2e9-f605-4044-a07f-8c47171ce2f7: start 0e0cd2e9-f605-4044-a07f-8c47171ce2f7@group-BF7723920FB3-LeaderElection16
2022-10-09 13:05:45,587 [0e0cd2e9-f605-4044-a07f-8c47171ce2f7@group-BF7723920FB3-LeaderElection16] INFO  impl.LeaderElection (LeaderElection.java:askForVotes(310)) - 0e0cd2e9-f605-4044-a07f-8c47171ce2f7@group-BF7723920FB3-LeaderElection16 ELECTION round 0: submit vote requests at term 1 for -1: [2d7a11ae-c5aa-41a6-85dc-c9a8e9cf90b2|rpc:10.1.0.209:34267|priority:1, 864752fb-4a03-48f8-92e4-9b272ebf5ecd|rpc:10.1.0.209:36301|priority:0, 0e0cd2e9-f605-4044-a07f-8c47171ce2f7|rpc:10.1.0.209:36435|priority:0], old=null
2022-10-09 13:05:45,606 [864752fb-4a03-48f8-92e4-9b272ebf5ecd@group-BF7723920FB3-FollowerState] INFO  impl.FollowerState (FollowerState.java:run(143)) - 864752fb-4a03-48f8-92e4-9b272ebf5ecd@group-BF7723920FB3-FollowerState: change to CANDIDATE, lastRpcElapsedTime:5085756575ns, electionTimeout:5077ms
2022-10-09 13:05:45,606 [864752fb-4a03-48f8-92e4-9b272ebf5ecd@group-BF7723920FB3-FollowerState] INFO  impl.RoleInfo (RoleInfo.java:shutdownFollowerState(110)) - 864752fb-4a03-48f8-92e4-9b272ebf5ecd: shutdown 864752fb-4a03-48f8-92e4-9b272ebf5ecd@group-BF7723920FB3-FollowerState
2022-10-09 13:05:45,606 [864752fb-4a03-48f8-92e4-9b272ebf5ecd@group-BF7723920FB3-FollowerState] INFO  server.RaftServer$Division (RaftServerImpl.java:setRole(299)) - 864752fb-4a03-48f8-92e4-9b272ebf5ecd@group-BF7723920FB3: changes role from  FOLLOWER to CANDIDATE at term 0 for changeToCandidate
2022-10-09 13:05:45,606 [864752fb-4a03-48f8-92e4-9b272ebf5ecd@group-BF7723920FB3-FollowerState] INFO  server.RaftServerConfigKeys (ConfUtils.java:logGet(46)) - raft.server.leaderelection.pre-vote = false (custom)
2022-10-09 13:05:45,606 [864752fb-4a03-48f8-92e4-9b272ebf5ecd@group-BF7723920FB3-FollowerState] INFO  impl.RoleInfo (RoleInfo.java:updateAndGet(139)) - 864752fb-4a03-48f8-92e4-9b272ebf5ecd: start 864752fb-4a03-48f8-92e4-9b272ebf5ecd@group-BF7723920FB3-LeaderElection17
2022-10-09 13:05:45,641 [864752fb-4a03-48f8-92e4-9b272ebf5ecd@group-BF7723920FB3-LeaderElection17] INFO  impl.LeaderElection (LeaderElection.java:askForVotes(310)) - 864752fb-4a03-48f8-92e4-9b272ebf5ecd@group-BF7723920FB3-LeaderElection17 ELECTION round 0: submit vote requests at term 1 for -1: [2d7a11ae-c5aa-41a6-85dc-c9a8e9cf90b2|rpc:10.1.0.209:34267|dataStream:|priority:1, 864752fb-4a03-48f8-92e4-9b272ebf5ecd|rpc:10.1.0.209:36301|dataStream:|priority:0, 0e0cd2e9-f605-4044-a07f-8c47171ce2f7|rpc:10.1.0.209:36435|dataStream:|priority:0], old=null
2022-10-09 13:05:45,648 [grpc-default-executor-0] INFO  server.RaftServer$Division (RaftServerImpl.java:requestVote(1152)) - 2d7a11ae-c5aa-41a6-85dc-c9a8e9cf90b2@group-BF7723920FB3: receive requestVote(ELECTION, 0e0cd2e9-f605-4044-a07f-8c47171ce2f7, group-BF7723920FB3, 1, (t:0, i:0))
2022-10-09 13:05:45,648 [grpc-default-executor-0] INFO  impl.VoteContext (VoteContext.java:log(48)) - 2d7a11ae-c5aa-41a6-85dc-c9a8e9cf90b2@group-BF7723920FB3-FOLLOWER: reject ELECTION from 0e0cd2e9-f605-4044-a07f-8c47171ce2f7: our priority 1 > candidate's priority 0
2022-10-09 13:05:45,648 [grpc-default-executor-0] INFO  server.RaftServer$Division (RaftServerImpl.java:setRole(299)) - 2d7a11ae-c5aa-41a6-85dc-c9a8e9cf90b2@group-BF7723920FB3: changes role from  FOLLOWER to FOLLOWER at term 1 for candidate:0e0cd2e9-f605-4044-a07f-8c47171ce2f7
2022-10-09 13:05:45,648 [grpc-default-executor-0] INFO  impl.RoleInfo (RoleInfo.java:shutdownFollowerState(110)) - 2d7a11ae-c5aa-41a6-85dc-c9a8e9cf90b2: shutdown 2d7a11ae-c5aa-41a6-85dc-c9a8e9cf90b2@group-BF7723920FB3-FollowerState
2022-10-09 13:05:45,648 [grpc-default-executor-0] INFO  impl.RoleInfo (RoleInfo.java:updateAndGet(139)) - 2d7a11ae-c5aa-41a6-85dc-c9a8e9cf90b2: start 2d7a11ae-c5aa-41a6-85dc-c9a8e9cf90b2@group-BF7723920FB3-FollowerState
2022-10-09 13:05:45,648 [2d7a11ae-c5aa-41a6-85dc-c9a8e9cf90b2@group-BF7723920FB3-FollowerState] INFO  impl.FollowerState (FollowerState.java:run(152)) - 2d7a11ae-c5aa-41a6-85dc-c9a8e9cf90b2@group-BF7723920FB3-FollowerState was interrupted
2022-10-09 13:05:45,650 [grpc-default-executor-0] INFO  server.RaftServer$Division (RaftServerImpl.java:requestVote(1184)) - 2d7a11ae-c5aa-41a6-85dc-c9a8e9cf90b2@group-BF7723920FB3 replies to ELECTION vote request: 0e0cd2e9-f605-4044-a07f-8c47171ce2f7<-2d7a11ae-c5aa-41a6-85dc-c9a8e9cf90b2#0:FAIL-t1. Peer's state: 2d7a11ae-c5aa-41a6-85dc-c9a8e9cf90b2@group-BF7723920FB3:t1, leader=null, voted=null, raftlog=2d7a11ae-c5aa-41a6-85dc-c9a8e9cf90b2@group-BF7723920FB3-SegmentedRaftLog:OPENED:c-1, conf=-1: [2d7a11ae-c5aa-41a6-85dc-c9a8e9cf90b2|rpc:10.1.0.209:34267|dataStream:|priority:1, 864752fb-4a03-48f8-92e4-9b272ebf5ecd|rpc:10.1.0.209:36301|dataStream:|priority:0, 0e0cd2e9-f605-4044-a07f-8c47171ce2f7|rpc:10.1.0.209:36435|dataStream:|priority:0], old=null
2022-10-09 13:05:45,649 [grpc-default-executor-1] INFO  server.RaftServer$Division (RaftServerImpl.java:requestVote(1152)) - 864752fb-4a03-48f8-92e4-9b272ebf5ecd@group-BF7723920FB3: receive requestVote(ELECTION, 0e0cd2e9-f605-4044-a07f-8c47171ce2f7, group-BF7723920FB3, 1, (t:0, i:0))
2022-10-09 13:05:45,655 [grpc-default-executor-1] INFO  impl.VoteContext (VoteContext.java:log(48)) - 864752fb-4a03-48f8-92e4-9b272ebf5ecd@group-BF7723920FB3-CANDIDATE: reject ELECTION from 0e0cd2e9-f605-4044-a07f-8c47171ce2f7: already has voted for 864752fb-4a03-48f8-92e4-9b272ebf5ecd at current term 1
2022-10-09 13:05:45,655 [grpc-default-executor-1] INFO  server.RaftServer$Division (RaftServerImpl.java:requestVote(1184)) - 864752fb-4a03-48f8-92e4-9b272ebf5ecd@group-BF7723920FB3 replies to ELECTION vote request: 0e0cd2e9-f605-4044-a07f-8c47171ce2f7<-864752fb-4a03-48f8-92e4-9b272ebf5ecd#0:FAIL-t1. Peer's state: 864752fb-4a03-48f8-92e4-9b272ebf5ecd@group-BF7723920FB3:t1, leader=null, voted=864752fb-4a03-48f8-92e4-9b272ebf5ecd, raftlog=864752fb-4a03-48f8-92e4-9b272ebf5ecd@group-BF7723920FB3-SegmentedRaftLog:OPENED:c-1, conf=-1: [2d7a11ae-c5aa-41a6-85dc-c9a8e9cf90b2|rpc:10.1.0.209:34267|dataStream:|priority:1, 864752fb-4a03-48f8-92e4-9b272ebf5ecd|rpc:10.1.0.209:36301|dataStream:|priority:0, 0e0cd2e9-f605-4044-a07f-8c47171ce2f7|rpc:10.1.0.209:36435|dataStream:|priority:0], old=null
2022-10-09 13:05:45,670 [0e0cd2e9-f605-4044-a07f-8c47171ce2f7@group-BF7723920FB3-LeaderElection16] INFO  impl.LeaderElection (LeaderElection.java:logAndReturn(90)) - 0e0cd2e9-f605-4044-a07f-8c47171ce2f7@group-BF7723920FB3-LeaderElection16: ELECTION REJECTED received 1 response(s) and 0 exception(s):
2022-10-09 13:05:45,671 [0e0cd2e9-f605-4044-a07f-8c47171ce2f7@group-BF7723920FB3-LeaderElection16] INFO  impl.LeaderElection (LeaderElection.java:logAndReturn(94)) -   Response 0: 0e0cd2e9-f605-4044-a07f-8c47171ce2f7<-2d7a11ae-c5aa-41a6-85dc-c9a8e9cf90b2#0:FAIL-t1
2022-10-09 13:05:45,672 [0e0cd2e9-f605-4044-a07f-8c47171ce2f7@group-BF7723920FB3-LeaderElection16] INFO  impl.LeaderElection (LeaderElection.java:askForVotes(312)) - 0e0cd2e9-f605-4044-a07f-8c47171ce2f7@group-BF7723920FB3-LeaderElection16 ELECTION round 0: result REJECTED
2022-10-09 13:05:45,672 [0e0cd2e9-f605-4044-a07f-8c47171ce2f7@group-BF7723920FB3-LeaderElection16] INFO  server.RaftServer$Division (RaftServerImpl.java:setRole(299)) - 0e0cd2e9-f605-4044-a07f-8c47171ce2f7@group-BF7723920FB3: changes role from CANDIDATE to FOLLOWER at term 1 for REJECTED
2022-10-09 13:05:45,672 [0e0cd2e9-f605-4044-a07f-8c47171ce2f7@group-BF7723920FB3-LeaderElection16] INFO  impl.RoleInfo (RoleInfo.java:shutdownLeaderElection(130)) - 0e0cd2e9-f605-4044-a07f-8c47171ce2f7: shutdown 0e0cd2e9-f605-4044-a07f-8c47171ce2f7@group-BF7723920FB3-LeaderElection16
2022-10-09 13:05:45,672 [0e0cd2e9-f605-4044-a07f-8c47171ce2f7@group-BF7723920FB3-LeaderElection16] INFO  impl.RoleInfo (RoleInfo.java:updateAndGet(139)) - 0e0cd2e9-f605-4044-a07f-8c47171ce2f7: start 0e0cd2e9-f605-4044-a07f-8c47171ce2f7@group-BF7723920FB3-FollowerState
2022-10-09 13:05:45,708 [grpc-default-executor-0] INFO  server.RaftServer$Division (RaftServerImpl.java:requestVote(1152)) - 0e0cd2e9-f605-4044-a07f-8c47171ce2f7@group-BF7723920FB3: receive requestVote(ELECTION, 864752fb-4a03-48f8-92e4-9b272ebf5ecd, group-BF7723920FB3, 1, (t:0, i:0))
2022-10-09 13:05:45,710 [grpc-default-executor-0] INFO  impl.VoteContext (VoteContext.java:log(48)) - 0e0cd2e9-f605-4044-a07f-8c47171ce2f7@group-BF7723920FB3-FOLLOWER: reject ELECTION from 864752fb-4a03-48f8-92e4-9b272ebf5ecd: already has voted for 0e0cd2e9-f605-4044-a07f-8c47171ce2f7 at current term 1
2022-10-09 13:05:45,710 [grpc-default-executor-0] INFO  server.RaftServer$Division (RaftServerImpl.java:requestVote(1184)) - 0e0cd2e9-f605-4044-a07f-8c47171ce2f7@group-BF7723920FB3 replies to ELECTION vote request: 864752fb-4a03-48f8-92e4-9b272ebf5ecd<-0e0cd2e9-f605-4044-a07f-8c47171ce2f7#0:FAIL-t1. Peer's state: 0e0cd2e9-f605-4044-a07f-8c47171ce2f7@group-BF7723920FB3:t1, leader=null, voted=0e0cd2e9-f605-4044-a07f-8c47171ce2f7, raftlog=0e0cd2e9-f605-4044-a07f-8c47171ce2f7@group-BF7723920FB3-SegmentedRaftLog:OPENED:c-1, conf=-1: [2d7a11ae-c5aa-41a6-85dc-c9a8e9cf90b2|rpc:10.1.0.209:34267|priority:1, 864752fb-4a03-48f8-92e4-9b272ebf5ecd|rpc:10.1.0.209:36301|priority:0, 0e0cd2e9-f605-4044-a07f-8c47171ce2f7|rpc:10.1.0.209:36435|priority:0], old=null
2022-10-09 13:05:45,708 [grpc-default-executor-1] INFO  server.RaftServer$Division (RaftServerImpl.java:requestVote(1152)) - 2d7a11ae-c5aa-41a6-85dc-c9a8e9cf90b2@group-BF7723920FB3: receive requestVote(ELECTION, 864752fb-4a03-48f8-92e4-9b272ebf5ecd, group-BF7723920FB3, 1, (t:0, i:0))
2022-10-09 13:05:45,714 [grpc-default-executor-1] INFO  impl.VoteContext (VoteContext.java:log(48)) - 2d7a11ae-c5aa-41a6-85dc-c9a8e9cf90b2@group-BF7723920FB3-FOLLOWER: reject ELECTION from 864752fb-4a03-48f8-92e4-9b272ebf5ecd: our priority 1 > candidate's priority 0
2022-10-09 13:05:45,714 [grpc-default-executor-1] INFO  server.RaftServer$Division (RaftServerImpl.java:setRole(299)) - 2d7a11ae-c5aa-41a6-85dc-c9a8e9cf90b2@group-BF7723920FB3: changes role from  FOLLOWER to FOLLOWER at term 1 for candidate:864752fb-4a03-48f8-92e4-9b272ebf5ecd
2022-10-09 13:05:45,714 [grpc-default-executor-1] INFO  impl.RoleInfo (RoleInfo.java:shutdownFollowerState(110)) - 2d7a11ae-c5aa-41a6-85dc-c9a8e9cf90b2: shutdown 2d7a11ae-c5aa-41a6-85dc-c9a8e9cf90b2@group-BF7723920FB3-FollowerState
2022-10-09 13:05:45,714 [grpc-default-executor-1] INFO  impl.RoleInfo (RoleInfo.java:updateAndGet(139)) - 2d7a11ae-c5aa-41a6-85dc-c9a8e9cf90b2: start 2d7a11ae-c5aa-41a6-85dc-c9a8e9cf90b2@group-BF7723920FB3-FollowerState
2022-10-09 13:05:45,714 [2d7a11ae-c5aa-41a6-85dc-c9a8e9cf90b2@group-BF7723920FB3-FollowerState] INFO  impl.FollowerState (FollowerState.java:run(152)) - 2d7a11ae-c5aa-41a6-85dc-c9a8e9cf90b2@group-BF7723920FB3-FollowerState was interrupted
2022-10-09 13:05:45,718 [grpc-default-executor-1] INFO  server.RaftServer$Division (RaftServerImpl.java:requestVote(1184)) - 2d7a11ae-c5aa-41a6-85dc-c9a8e9cf90b2@group-BF7723920FB3 replies to ELECTION vote request: 864752fb-4a03-48f8-92e4-9b272ebf5ecd<-2d7a11ae-c5aa-41a6-85dc-c9a8e9cf90b2#0:FAIL-t1. Peer's state: 2d7a11ae-c5aa-41a6-85dc-c9a8e9cf90b2@group-BF7723920FB3:t1, leader=null, voted=null, raftlog=2d7a11ae-c5aa-41a6-85dc-c9a8e9cf90b2@group-BF7723920FB3-SegmentedRaftLog:OPENED:c-1, conf=-1: [2d7a11ae-c5aa-41a6-85dc-c9a8e9cf90b2|rpc:10.1.0.209:34267|dataStream:|priority:1, 864752fb-4a03-48f8-92e4-9b272ebf5ecd|rpc:10.1.0.209:36301|dataStream:|priority:0, 0e0cd2e9-f605-4044-a07f-8c47171ce2f7|rpc:10.1.0.209:36435|dataStream:|priority:0], old=null
2022-10-09 13:05:45,721 [864752fb-4a03-48f8-92e4-9b272ebf5ecd@group-BF7723920FB3-LeaderElection17] INFO  impl.LeaderElection (LeaderElection.java:logAndReturn(90)) - 864752fb-4a03-48f8-92e4-9b272ebf5ecd@group-BF7723920FB3-LeaderElection17: ELECTION REJECTED received 2 response(s) and 0 exception(s):
2022-10-09 13:05:45,721 [864752fb-4a03-48f8-92e4-9b272ebf5ecd@group-BF7723920FB3-LeaderElection17] INFO  impl.LeaderElection (LeaderElection.java:logAndReturn(94)) -   Response 0: 864752fb-4a03-48f8-92e4-9b272ebf5ecd<-2d7a11ae-c5aa-41a6-85dc-c9a8e9cf90b2#0:FAIL-t1
2022-10-09 13:05:45,721 [864752fb-4a03-48f8-92e4-9b272ebf5ecd@group-BF7723920FB3-LeaderElection17] INFO  impl.LeaderElection (LeaderElection.java:logAndReturn(94)) -   Response 1: 864752fb-4a03-48f8-92e4-9b272ebf5ecd<-0e0cd2e9-f605-4044-a07f-8c47171ce2f7#0:FAIL-t1
2022-10-09 13:05:45,721 [864752fb-4a03-48f8-92e4-9b272ebf5ecd@group-BF7723920FB3-LeaderElection17] INFO  impl.LeaderElection (LeaderElection.java:askForVotes(312)) - 864752fb-4a03-48f8-92e4-9b272ebf5ecd@group-BF7723920FB3-LeaderElection17 ELECTION round 0: result REJECTED
2022-10-09 13:05:45,721 [864752fb-4a03-48f8-92e4-9b272ebf5ecd@group-BF7723920FB3-LeaderElection17] INFO  server.RaftServer$Division (RaftServerImpl.java:setRole(299)) - 864752fb-4a03-48f8-92e4-9b272ebf5ecd@group-BF7723920FB3: changes role from CANDIDATE to FOLLOWER at term 1 for REJECTED
2022-10-09 13:05:45,721 [864752fb-4a03-48f8-92e4-9b272ebf5ecd@group-BF7723920FB3-LeaderElection17] INFO  impl.RoleInfo (RoleInfo.java:shutdownLeaderElection(130)) - 864752fb-4a03-48f8-92e4-9b272ebf5ecd: shutdown 864752fb-4a03-48f8-92e4-9b272ebf5ecd@group-BF7723920FB3-LeaderElection17
2022-10-09 13:05:45,721 [864752fb-4a03-48f8-92e4-9b272ebf5ecd@group-BF7723920FB3-LeaderElection17] INFO  impl.RoleInfo (RoleInfo.java:updateAndGet(139)) - 864752fb-4a03-48f8-92e4-9b272ebf5ecd: start 864752fb-4a03-48f8-92e4-9b272ebf5ecd@group-BF7723920FB3-FollowerState
2022-10-09 13:05:45,728 [Listener at 127.0.0.1/44209] INFO  ozone.MiniOzoneClusterImpl (MiniOzoneClusterImpl.java:lambda$waitForClusterToBeReady$0(216)) - Nodes are ready. Got 5 of 5 DN Heartbeats.
2022-10-09 13:05:45,768 [Listener at 127.0.0.1/44209] INFO  ozone.MiniOzoneClusterImpl (MiniOzoneClusterImpl.java:lambda$waitForClusterToBeReady$0(219)) - Waiting for cluster to exit safe mode
2022-10-09 13:05:45,768 [Listener at 127.0.0.1/44209] INFO  ozone.MiniOzoneClusterImpl (MiniOzoneClusterImpl.java:lambda$waitForClusterToBeReady$0(221)) - SCM became leader
2022-10-09 13:05:45,728 [0e0cd2e9-f605-4044-a07f-8c47171ce2f7@group-612B0C1FFEC3-FollowerState] INFO  impl.FollowerState (FollowerState.java:run(143)) - 0e0cd2e9-f605-4044-a07f-8c47171ce2f7@group-612B0C1FFEC3-FollowerState: change to CANDIDATE, lastRpcElapsedTime:5026815338ns, electionTimeout:5018ms
2022-10-09 13:05:45,768 [0e0cd2e9-f605-4044-a07f-8c47171ce2f7@group-612B0C1FFEC3-FollowerState] INFO  impl.RoleInfo (RoleInfo.java:shutdownFollowerState(110)) - 0e0cd2e9-f605-4044-a07f-8c47171ce2f7: shutdown 0e0cd2e9-f605-4044-a07f-8c47171ce2f7@group-612B0C1FFEC3-FollowerState
2022-10-09 13:05:45,768 [0e0cd2e9-f605-4044-a07f-8c47171ce2f7@group-612B0C1FFEC3-FollowerState] INFO  server.RaftServer$Division (RaftServerImpl.java:setRole(299)) - 0e0cd2e9-f605-4044-a07f-8c47171ce2f7@group-612B0C1FFEC3: changes role from  FOLLOWER to CANDIDATE at term 0 for changeToCandidate
2022-10-09 13:05:45,768 [0e0cd2e9-f605-4044-a07f-8c47171ce2f7@group-612B0C1FFEC3-FollowerState] INFO  server.RaftServerConfigKeys (ConfUtils.java:logGet(46)) - raft.server.leaderelection.pre-vote = false (custom)
2022-10-09 13:05:45,768 [0e0cd2e9-f605-4044-a07f-8c47171ce2f7@group-612B0C1FFEC3-FollowerState] INFO  impl.RoleInfo (RoleInfo.java:updateAndGet(139)) - 0e0cd2e9-f605-4044-a07f-8c47171ce2f7: start 0e0cd2e9-f605-4044-a07f-8c47171ce2f7@group-612B0C1FFEC3-LeaderElection18
2022-10-09 13:05:45,834 [0e0cd2e9-f605-4044-a07f-8c47171ce2f7@group-612B0C1FFEC3-LeaderElection18] INFO  impl.LeaderElection (LeaderElection.java:askForVotes(310)) - 0e0cd2e9-f605-4044-a07f-8c47171ce2f7@group-612B0C1FFEC3-LeaderElection18 ELECTION round 0: submit vote requests at term 1 for -1: [2d7a11ae-c5aa-41a6-85dc-c9a8e9cf90b2|rpc:10.1.0.209:34267|priority:0, 864752fb-4a03-48f8-92e4-9b272ebf5ecd|rpc:10.1.0.209:36301|priority:1, 0e0cd2e9-f605-4044-a07f-8c47171ce2f7|rpc:10.1.0.209:36435|priority:0], old=null
2022-10-09 13:05:45,852 [grpc-default-executor-1] INFO  server.RaftServer$Division (RaftServerImpl.java:requestVote(1152)) - 2d7a11ae-c5aa-41a6-85dc-c9a8e9cf90b2@group-612B0C1FFEC3: receive requestVote(ELECTION, 0e0cd2e9-f605-4044-a07f-8c47171ce2f7, group-612B0C1FFEC3, 1, (t:0, i:0))
2022-10-09 13:05:45,852 [grpc-default-executor-1] INFO  impl.VoteContext (VoteContext.java:log(48)) - 2d7a11ae-c5aa-41a6-85dc-c9a8e9cf90b2@group-612B0C1FFEC3-FOLLOWER: accept ELECTION from 0e0cd2e9-f605-4044-a07f-8c47171ce2f7: our priority 0 <= candidate's priority 0
2022-10-09 13:05:45,853 [grpc-default-executor-1] INFO  server.RaftServer$Division (RaftServerImpl.java:setRole(299)) - 2d7a11ae-c5aa-41a6-85dc-c9a8e9cf90b2@group-612B0C1FFEC3: changes role from  FOLLOWER to FOLLOWER at term 1 for candidate:0e0cd2e9-f605-4044-a07f-8c47171ce2f7
2022-10-09 13:05:45,853 [grpc-default-executor-1] INFO  impl.RoleInfo (RoleInfo.java:shutdownFollowerState(110)) - 2d7a11ae-c5aa-41a6-85dc-c9a8e9cf90b2: shutdown 2d7a11ae-c5aa-41a6-85dc-c9a8e9cf90b2@group-612B0C1FFEC3-FollowerState
2022-10-09 13:05:45,853 [2d7a11ae-c5aa-41a6-85dc-c9a8e9cf90b2@group-612B0C1FFEC3-FollowerState] INFO  impl.FollowerState (FollowerState.java:run(152)) - 2d7a11ae-c5aa-41a6-85dc-c9a8e9cf90b2@group-612B0C1FFEC3-FollowerState was interrupted
2022-10-09 13:05:45,853 [grpc-default-executor-1] INFO  impl.RoleInfo (RoleInfo.java:updateAndGet(139)) - 2d7a11ae-c5aa-41a6-85dc-c9a8e9cf90b2: start 2d7a11ae-c5aa-41a6-85dc-c9a8e9cf90b2@group-612B0C1FFEC3-FollowerState
2022-10-09 13:05:45,856 [grpc-default-executor-0] INFO  server.RaftServer$Division (RaftServerImpl.java:requestVote(1152)) - 864752fb-4a03-48f8-92e4-9b272ebf5ecd@group-612B0C1FFEC3: receive requestVote(ELECTION, 0e0cd2e9-f605-4044-a07f-8c47171ce2f7, group-612B0C1FFEC3, 1, (t:0, i:0))
2022-10-09 13:05:45,860 [grpc-default-executor-0] INFO  impl.VoteContext (VoteContext.java:log(48)) - 864752fb-4a03-48f8-92e4-9b272ebf5ecd@group-612B0C1FFEC3-FOLLOWER: reject ELECTION from 0e0cd2e9-f605-4044-a07f-8c47171ce2f7: our priority 1 > candidate's priority 0
2022-10-09 13:05:45,860 [grpc-default-executor-0] INFO  server.RaftServer$Division (RaftServerImpl.java:setRole(299)) - 864752fb-4a03-48f8-92e4-9b272ebf5ecd@group-612B0C1FFEC3: changes role from  FOLLOWER to FOLLOWER at term 1 for candidate:0e0cd2e9-f605-4044-a07f-8c47171ce2f7
2022-10-09 13:05:45,860 [grpc-default-executor-0] INFO  impl.RoleInfo (RoleInfo.java:shutdownFollowerState(110)) - 864752fb-4a03-48f8-92e4-9b272ebf5ecd: shutdown 864752fb-4a03-48f8-92e4-9b272ebf5ecd@group-612B0C1FFEC3-FollowerState
2022-10-09 13:05:45,860 [864752fb-4a03-48f8-92e4-9b272ebf5ecd@group-612B0C1FFEC3-FollowerState] INFO  impl.FollowerState (FollowerState.java:shouldRun(117)) - 864752fb-4a03-48f8-92e4-9b272ebf5ecd@group-612B0C1FFEC3-FollowerState: Stopping now (isRunning? false, role = FOLLOWER)
2022-10-09 13:05:45,865 [grpc-default-executor-0] INFO  impl.RoleInfo (RoleInfo.java:updateAndGet(139)) - 864752fb-4a03-48f8-92e4-9b272ebf5ecd: start 864752fb-4a03-48f8-92e4-9b272ebf5ecd@group-612B0C1FFEC3-FollowerState
2022-10-09 13:05:45,871 [grpc-default-executor-1] INFO  server.RaftServer$Division (RaftServerImpl.java:requestVote(1184)) - 2d7a11ae-c5aa-41a6-85dc-c9a8e9cf90b2@group-612B0C1FFEC3 replies to ELECTION vote request: 0e0cd2e9-f605-4044-a07f-8c47171ce2f7<-2d7a11ae-c5aa-41a6-85dc-c9a8e9cf90b2#0:OK-t1. Peer's state: 2d7a11ae-c5aa-41a6-85dc-c9a8e9cf90b2@group-612B0C1FFEC3:t1, leader=null, voted=0e0cd2e9-f605-4044-a07f-8c47171ce2f7, raftlog=2d7a11ae-c5aa-41a6-85dc-c9a8e9cf90b2@group-612B0C1FFEC3-SegmentedRaftLog:OPENED:c-1, conf=-1: [2d7a11ae-c5aa-41a6-85dc-c9a8e9cf90b2|rpc:10.1.0.209:34267|dataStream:|priority:0, 864752fb-4a03-48f8-92e4-9b272ebf5ecd|rpc:10.1.0.209:36301|dataStream:|priority:1, 0e0cd2e9-f605-4044-a07f-8c47171ce2f7|rpc:10.1.0.209:36435|dataStream:|priority:0], old=null
2022-10-09 13:05:45,880 [grpc-default-executor-0] INFO  server.RaftServer$Division (RaftServerImpl.java:requestVote(1184)) - 864752fb-4a03-48f8-92e4-9b272ebf5ecd@group-612B0C1FFEC3 replies to ELECTION vote request: 0e0cd2e9-f605-4044-a07f-8c47171ce2f7<-864752fb-4a03-48f8-92e4-9b272ebf5ecd#0:FAIL-t1. Peer's state: 864752fb-4a03-48f8-92e4-9b272ebf5ecd@group-612B0C1FFEC3:t1, leader=null, voted=null, raftlog=864752fb-4a03-48f8-92e4-9b272ebf5ecd@group-612B0C1FFEC3-SegmentedRaftLog:OPENED:c-1, conf=-1: [2d7a11ae-c5aa-41a6-85dc-c9a8e9cf90b2|rpc:10.1.0.209:34267|dataStream:|priority:0, 864752fb-4a03-48f8-92e4-9b272ebf5ecd|rpc:10.1.0.209:36301|dataStream:|priority:1, 0e0cd2e9-f605-4044-a07f-8c47171ce2f7|rpc:10.1.0.209:36435|dataStream:|priority:0], old=null
2022-10-09 13:05:45,881 [0e0cd2e9-f605-4044-a07f-8c47171ce2f7@group-612B0C1FFEC3-LeaderElection18] INFO  impl.LeaderElection (LeaderElection.java:logAndReturn(90)) - 0e0cd2e9-f605-4044-a07f-8c47171ce2f7@group-612B0C1FFEC3-LeaderElection18: ELECTION REJECTED received 2 response(s) and 0 exception(s):
2022-10-09 13:05:45,882 [0e0cd2e9-f605-4044-a07f-8c47171ce2f7@group-612B0C1FFEC3-LeaderElection18] INFO  impl.LeaderElection (LeaderElection.java:logAndReturn(94)) -   Response 0: 0e0cd2e9-f605-4044-a07f-8c47171ce2f7<-2d7a11ae-c5aa-41a6-85dc-c9a8e9cf90b2#0:OK-t1
2022-10-09 13:05:45,882 [0e0cd2e9-f605-4044-a07f-8c47171ce2f7@group-612B0C1FFEC3-LeaderElection18] INFO  impl.LeaderElection (LeaderElection.java:logAndReturn(94)) -   Response 1: 0e0cd2e9-f605-4044-a07f-8c47171ce2f7<-864752fb-4a03-48f8-92e4-9b272ebf5ecd#0:FAIL-t1
2022-10-09 13:05:45,882 [0e0cd2e9-f605-4044-a07f-8c47171ce2f7@group-612B0C1FFEC3-LeaderElection18] INFO  impl.LeaderElection (LeaderElection.java:askForVotes(312)) - 0e0cd2e9-f605-4044-a07f-8c47171ce2f7@group-612B0C1FFEC3-LeaderElection18 ELECTION round 0: result REJECTED
2022-10-09 13:05:45,882 [0e0cd2e9-f605-4044-a07f-8c47171ce2f7@group-612B0C1FFEC3-LeaderElection18] INFO  server.RaftServer$Division (RaftServerImpl.java:setRole(299)) - 0e0cd2e9-f605-4044-a07f-8c47171ce2f7@group-612B0C1FFEC3: changes role from CANDIDATE to FOLLOWER at term 1 for REJECTED
2022-10-09 13:05:45,882 [0e0cd2e9-f605-4044-a07f-8c47171ce2f7@group-612B0C1FFEC3-LeaderElection18] INFO  impl.RoleInfo (RoleInfo.java:shutdownLeaderElection(130)) - 0e0cd2e9-f605-4044-a07f-8c47171ce2f7: shutdown 0e0cd2e9-f605-4044-a07f-8c47171ce2f7@group-612B0C1FFEC3-LeaderElection18
2022-10-09 13:05:45,882 [0e0cd2e9-f605-4044-a07f-8c47171ce2f7@group-612B0C1FFEC3-LeaderElection18] INFO  impl.RoleInfo (RoleInfo.java:updateAndGet(139)) - 0e0cd2e9-f605-4044-a07f-8c47171ce2f7: start 0e0cd2e9-f605-4044-a07f-8c47171ce2f7@group-612B0C1FFEC3-FollowerState
2022-10-09 13:05:46,146 [2d7a11ae-c5aa-41a6-85dc-c9a8e9cf90b2@group-50C421B35969-FollowerState] INFO  impl.FollowerState (FollowerState.java:run(143)) - 2d7a11ae-c5aa-41a6-85dc-c9a8e9cf90b2@group-50C421B35969-FollowerState: change to CANDIDATE, lastRpcElapsedTime:5132818142ns, electionTimeout:5124ms
2022-10-09 13:05:46,148 [2d7a11ae-c5aa-41a6-85dc-c9a8e9cf90b2@group-50C421B35969-FollowerState] INFO  impl.RoleInfo (RoleInfo.java:shutdownFollowerState(110)) - 2d7a11ae-c5aa-41a6-85dc-c9a8e9cf90b2: shutdown 2d7a11ae-c5aa-41a6-85dc-c9a8e9cf90b2@group-50C421B35969-FollowerState
2022-10-09 13:05:46,148 [2d7a11ae-c5aa-41a6-85dc-c9a8e9cf90b2@group-50C421B35969-FollowerState] INFO  server.RaftServer$Division (RaftServerImpl.java:setRole(299)) - 2d7a11ae-c5aa-41a6-85dc-c9a8e9cf90b2@group-50C421B35969: changes role from  FOLLOWER to CANDIDATE at term 0 for changeToCandidate
2022-10-09 13:05:46,148 [2d7a11ae-c5aa-41a6-85dc-c9a8e9cf90b2@group-50C421B35969-FollowerState] INFO  server.RaftServerConfigKeys (ConfUtils.java:logGet(46)) - raft.server.leaderelection.pre-vote = false (custom)
2022-10-09 13:05:46,148 [2d7a11ae-c5aa-41a6-85dc-c9a8e9cf90b2@group-50C421B35969-FollowerState] INFO  impl.RoleInfo (RoleInfo.java:updateAndGet(139)) - 2d7a11ae-c5aa-41a6-85dc-c9a8e9cf90b2: start 2d7a11ae-c5aa-41a6-85dc-c9a8e9cf90b2@group-50C421B35969-LeaderElection19
2022-10-09 13:05:46,163 [2d7a11ae-c5aa-41a6-85dc-c9a8e9cf90b2@group-50C421B35969-LeaderElection19] INFO  impl.LeaderElection (LeaderElection.java:askForVotes(310)) - 2d7a11ae-c5aa-41a6-85dc-c9a8e9cf90b2@group-50C421B35969-LeaderElection19 ELECTION round 0: submit vote requests at term 1 for -1: [2d7a11ae-c5aa-41a6-85dc-c9a8e9cf90b2|rpc:10.1.0.209:34267|priority:1], old=null
2022-10-09 13:05:46,163 [2d7a11ae-c5aa-41a6-85dc-c9a8e9cf90b2@group-50C421B35969-LeaderElection19] INFO  impl.LeaderElection (LeaderElection.java:askForVotes(312)) - 2d7a11ae-c5aa-41a6-85dc-c9a8e9cf90b2@group-50C421B35969-LeaderElection19 ELECTION round 0: result PASSED (term=1)
2022-10-09 13:05:46,163 [2d7a11ae-c5aa-41a6-85dc-c9a8e9cf90b2@group-50C421B35969-LeaderElection19] INFO  impl.RoleInfo (RoleInfo.java:shutdownLeaderElection(130)) - 2d7a11ae-c5aa-41a6-85dc-c9a8e9cf90b2: shutdown 2d7a11ae-c5aa-41a6-85dc-c9a8e9cf90b2@group-50C421B35969-LeaderElection19
2022-10-09 13:05:46,163 [2d7a11ae-c5aa-41a6-85dc-c9a8e9cf90b2@group-50C421B35969-LeaderElection19] INFO  server.RaftServer$Division (RaftServerImpl.java:setRole(299)) - 2d7a11ae-c5aa-41a6-85dc-c9a8e9cf90b2@group-50C421B35969: changes role from CANDIDATE to LEADER at term 1 for changeToLeader
2022-10-09 13:05:46,163 [2d7a11ae-c5aa-41a6-85dc-c9a8e9cf90b2@group-50C421B35969-LeaderElection19] INFO  ratis.XceiverServerRatis (XceiverServerRatis.java:handleLeaderChangedNotification(863)) - Leader change notification received for group: group-50C421B35969 with new leaderId: 2d7a11ae-c5aa-41a6-85dc-c9a8e9cf90b2
2022-10-09 13:05:46,163 [2d7a11ae-c5aa-41a6-85dc-c9a8e9cf90b2@group-50C421B35969-LeaderElection19] INFO  server.RaftServer$Division (ServerState.java:setLeader(287)) - 2d7a11ae-c5aa-41a6-85dc-c9a8e9cf90b2@group-50C421B35969: change Leader from null to 2d7a11ae-c5aa-41a6-85dc-c9a8e9cf90b2 at term 1 for becomeLeader, leader elected after 5214ms
2022-10-09 13:05:46,163 [2d7a11ae-c5aa-41a6-85dc-c9a8e9cf90b2@group-50C421B35969-LeaderElection19] INFO  server.RaftServerConfigKeys (ConfUtils.java:logGet(46)) - raft.server.staging.catchup.gap = 1000 (default)
2022-10-09 13:05:46,163 [2d7a11ae-c5aa-41a6-85dc-c9a8e9cf90b2@group-50C421B35969-LeaderElection19] INFO  server.RaftServerConfigKeys (ConfUtils.java:logGet(46)) - raft.server.write.element-limit = 1024 (custom)
2022-10-09 13:05:46,164 [EventQueue-OpenPipelineForHealthyPipelineSafeModeRule] INFO  safemode.SCMSafeModeManager (HealthyPipelineSafeModeRule.java:process(137)) - SCM in safe mode. Healthy pipelines reported count is 0, required healthy pipeline reported count is 1
2022-10-09 13:05:46,172 [2d7a11ae-c5aa-41a6-85dc-c9a8e9cf90b2@group-50C421B35969-LeaderElection19] INFO  server.RaftServerConfigKeys (ConfUtils.java:logGet(46)) - raft.server.write.byte-limit = 1024 M (=1073741824) (custom)
2022-10-09 13:05:46,176 [2d7a11ae-c5aa-41a6-85dc-c9a8e9cf90b2@group-50C421B35969-LeaderElection19] INFO  server.RaftServerConfigKeys (ConfUtils.java:logGet(46)) - raft.server.watch.timeout = 180s (custom)
2022-10-09 13:05:46,176 [2d7a11ae-c5aa-41a6-85dc-c9a8e9cf90b2@group-50C421B35969-LeaderElection19] INFO  server.RaftServerConfigKeys (ConfUtils.java:logGet(46)) - raft.server.watch.timeout.denomination = 1s (default)
2022-10-09 13:05:46,176 [2d7a11ae-c5aa-41a6-85dc-c9a8e9cf90b2@group-50C421B35969-LeaderElection19] INFO  server.RaftServerConfigKeys (ConfUtils.java:logGet(46)) - raft.server.watch.element-limit = 65536 (default)
2022-10-09 13:05:46,176 [2d7a11ae-c5aa-41a6-85dc-c9a8e9cf90b2@group-50C421B35969-LeaderElection19] INFO  server.RaftServerConfigKeys (ConfUtils.java:logGet(46)) - raft.server.write.element-limit = 1024 (custom)
2022-10-09 13:05:46,176 [2d7a11ae-c5aa-41a6-85dc-c9a8e9cf90b2@group-50C421B35969-LeaderElection19] INFO  server.RaftServerConfigKeys (ConfUtils.java:logGet(46)) - raft.server.write.follower.gap.ratio.max = -1.0 (default)
2022-10-09 13:05:46,176 [2d7a11ae-c5aa-41a6-85dc-c9a8e9cf90b2@group-50C421B35969-LeaderElection19] INFO  impl.RoleInfo (RoleInfo.java:updateAndGet(139)) - 2d7a11ae-c5aa-41a6-85dc-c9a8e9cf90b2: start 2d7a11ae-c5aa-41a6-85dc-c9a8e9cf90b2@group-50C421B35969-LeaderStateImpl
2022-10-09 13:05:46,176 [2d7a11ae-c5aa-41a6-85dc-c9a8e9cf90b2@group-50C421B35969-LeaderElection19] INFO  segmented.SegmentedRaftLogWorker (SegmentedRaftLogWorker.java:startLogSegment(425)) - 2d7a11ae-c5aa-41a6-85dc-c9a8e9cf90b2@group-50C421B35969-SegmentedRaftLogWorker: Starting segment from index:0
2022-10-09 13:05:46,178 [2d7a11ae-c5aa-41a6-85dc-c9a8e9cf90b2@group-50C421B35969-SegmentedRaftLogWorker] INFO  segmented.SegmentedRaftLogWorker (SegmentedRaftLogWorker.java:execute(629)) - 2d7a11ae-c5aa-41a6-85dc-c9a8e9cf90b2@group-50C421B35969-SegmentedRaftLogWorker: created new log segment /home/runner/work/ozone/ozone/hadoop-ozone/integration-test/target/test-dir/MiniOzoneClusterImpl-9b82f26c-8b94-4c2d-8316-029798bb519b/datanode-1/data/ratis/f520ff04-e680-4b73-b3ea-50c421b35969/current/log_inprogress_0
2022-10-09 13:05:46,187 [2d7a11ae-c5aa-41a6-85dc-c9a8e9cf90b2@group-50C421B35969-LeaderElection19] INFO  server.RaftServer$Division (ServerState.java:setRaftConf(393)) - 2d7a11ae-c5aa-41a6-85dc-c9a8e9cf90b2@group-50C421B35969: set configuration 0: [2d7a11ae-c5aa-41a6-85dc-c9a8e9cf90b2|rpc:10.1.0.209:34267|dataStream:|priority:1], old=null
2022-10-09 13:05:46,589 [864752fb-4a03-48f8-92e4-9b272ebf5ecd@group-0325F9FC62BE-FollowerState] INFO  impl.FollowerState (FollowerState.java:run(143)) - 864752fb-4a03-48f8-92e4-9b272ebf5ecd@group-0325F9FC62BE-FollowerState: change to CANDIDATE, lastRpcElapsedTime:5028669048ns, electionTimeout:5013ms
2022-10-09 13:05:46,589 [864752fb-4a03-48f8-92e4-9b272ebf5ecd@group-0325F9FC62BE-FollowerState] INFO  impl.RoleInfo (RoleInfo.java:shutdownFollowerState(110)) - 864752fb-4a03-48f8-92e4-9b272ebf5ecd: shutdown 864752fb-4a03-48f8-92e4-9b272ebf5ecd@group-0325F9FC62BE-FollowerState
2022-10-09 13:05:46,589 [864752fb-4a03-48f8-92e4-9b272ebf5ecd@group-0325F9FC62BE-FollowerState] INFO  server.RaftServer$Division (RaftServerImpl.java:setRole(299)) - 864752fb-4a03-48f8-92e4-9b272ebf5ecd@group-0325F9FC62BE: changes role from  FOLLOWER to CANDIDATE at term 0 for changeToCandidate
2022-10-09 13:05:46,589 [864752fb-4a03-48f8-92e4-9b272ebf5ecd@group-0325F9FC62BE-FollowerState] INFO  server.RaftServerConfigKeys (ConfUtils.java:logGet(46)) - raft.server.leaderelection.pre-vote = false (custom)
2022-10-09 13:05:46,589 [864752fb-4a03-48f8-92e4-9b272ebf5ecd@group-0325F9FC62BE-FollowerState] INFO  impl.RoleInfo (RoleInfo.java:updateAndGet(139)) - 864752fb-4a03-48f8-92e4-9b272ebf5ecd: start 864752fb-4a03-48f8-92e4-9b272ebf5ecd@group-0325F9FC62BE-LeaderElection20
2022-10-09 13:05:46,609 [864752fb-4a03-48f8-92e4-9b272ebf5ecd@group-0325F9FC62BE-LeaderElection20] INFO  impl.LeaderElection (LeaderElection.java:askForVotes(310)) - 864752fb-4a03-48f8-92e4-9b272ebf5ecd@group-0325F9FC62BE-LeaderElection20 ELECTION round 0: submit vote requests at term 1 for -1: [864752fb-4a03-48f8-92e4-9b272ebf5ecd|rpc:10.1.0.209:36301|priority:1], old=null
2022-10-09 13:05:46,609 [864752fb-4a03-48f8-92e4-9b272ebf5ecd@group-0325F9FC62BE-LeaderElection20] INFO  impl.LeaderElection (LeaderElection.java:askForVotes(312)) - 864752fb-4a03-48f8-92e4-9b272ebf5ecd@group-0325F9FC62BE-LeaderElection20 ELECTION round 0: result PASSED (term=1)
2022-10-09 13:05:46,609 [864752fb-4a03-48f8-92e4-9b272ebf5ecd@group-0325F9FC62BE-LeaderElection20] INFO  impl.RoleInfo (RoleInfo.java:shutdownLeaderElection(130)) - 864752fb-4a03-48f8-92e4-9b272ebf5ecd: shutdown 864752fb-4a03-48f8-92e4-9b272ebf5ecd@group-0325F9FC62BE-LeaderElection20
2022-10-09 13:05:46,609 [864752fb-4a03-48f8-92e4-9b272ebf5ecd@group-0325F9FC62BE-LeaderElection20] INFO  server.RaftServer$Division (RaftServerImpl.java:setRole(299)) - 864752fb-4a03-48f8-92e4-9b272ebf5ecd@group-0325F9FC62BE: changes role from CANDIDATE to LEADER at term 1 for changeToLeader
2022-10-09 13:05:46,609 [864752fb-4a03-48f8-92e4-9b272ebf5ecd@group-0325F9FC62BE-LeaderElection20] INFO  ratis.XceiverServerRatis (XceiverServerRatis.java:handleLeaderChangedNotification(863)) - Leader change notification received for group: group-0325F9FC62BE with new leaderId: 864752fb-4a03-48f8-92e4-9b272ebf5ecd
2022-10-09 13:05:46,609 [864752fb-4a03-48f8-92e4-9b272ebf5ecd@group-0325F9FC62BE-LeaderElection20] INFO  server.RaftServer$Division (ServerState.java:setLeader(287)) - 864752fb-4a03-48f8-92e4-9b272ebf5ecd@group-0325F9FC62BE: change Leader from null to 864752fb-4a03-48f8-92e4-9b272ebf5ecd at term 1 for becomeLeader, leader elected after 5075ms
2022-10-09 13:05:46,609 [864752fb-4a03-48f8-92e4-9b272ebf5ecd@group-0325F9FC62BE-LeaderElection20] INFO  server.RaftServerConfigKeys (ConfUtils.java:logGet(46)) - raft.server.staging.catchup.gap = 1000 (default)
2022-10-09 13:05:46,609 [864752fb-4a03-48f8-92e4-9b272ebf5ecd@group-0325F9FC62BE-LeaderElection20] INFO  server.RaftServerConfigKeys (ConfUtils.java:logGet(46)) - raft.server.write.element-limit = 1024 (custom)
2022-10-09 13:05:46,610 [864752fb-4a03-48f8-92e4-9b272ebf5ecd@group-0325F9FC62BE-LeaderElection20] INFO  server.RaftServerConfigKeys (ConfUtils.java:logGet(46)) - raft.server.write.byte-limit = 1024 M (=1073741824) (custom)
2022-10-09 13:05:46,610 [864752fb-4a03-48f8-92e4-9b272ebf5ecd@group-0325F9FC62BE-LeaderElection20] INFO  server.RaftServerConfigKeys (ConfUtils.java:logGet(46)) - raft.server.watch.timeout = 180s (custom)
2022-10-09 13:05:46,610 [864752fb-4a03-48f8-92e4-9b272ebf5ecd@group-0325F9FC62BE-LeaderElection20] INFO  server.RaftServerConfigKeys (ConfUtils.java:logGet(46)) - raft.server.watch.timeout.denomination = 1s (default)
2022-10-09 13:05:46,610 [864752fb-4a03-48f8-92e4-9b272ebf5ecd@group-0325F9FC62BE-LeaderElection20] INFO  server.RaftServerConfigKeys (ConfUtils.java:logGet(46)) - raft.server.watch.element-limit = 65536 (default)
2022-10-09 13:05:46,610 [864752fb-4a03-48f8-92e4-9b272ebf5ecd@group-0325F9FC62BE-LeaderElection20] INFO  server.RaftServerConfigKeys (ConfUtils.java:logGet(46)) - raft.server.write.element-limit = 1024 (custom)
2022-10-09 13:05:46,612 [EventQueue-OpenPipelineForHealthyPipelineSafeModeRule] INFO  safemode.SCMSafeModeManager (HealthyPipelineSafeModeRule.java:process(137)) - SCM in safe mode. Healthy pipelines reported count is 0, required healthy pipeline reported count is 1
2022-10-09 13:05:46,618 [864752fb-4a03-48f8-92e4-9b272ebf5ecd@group-0325F9FC62BE-LeaderElection20] INFO  server.RaftServerConfigKeys (ConfUtils.java:logGet(46)) - raft.server.write.follower.gap.ratio.max = -1.0 (default)
2022-10-09 13:05:46,618 [864752fb-4a03-48f8-92e4-9b272ebf5ecd@group-0325F9FC62BE-LeaderElection20] INFO  impl.RoleInfo (RoleInfo.java:updateAndGet(139)) - 864752fb-4a03-48f8-92e4-9b272ebf5ecd: start 864752fb-4a03-48f8-92e4-9b272ebf5ecd@group-0325F9FC62BE-LeaderStateImpl
2022-10-09 13:05:46,619 [864752fb-4a03-48f8-92e4-9b272ebf5ecd@group-0325F9FC62BE-LeaderElection20] INFO  segmented.SegmentedRaftLogWorker (SegmentedRaftLogWorker.java:startLogSegment(425)) - 864752fb-4a03-48f8-92e4-9b272ebf5ecd@group-0325F9FC62BE-SegmentedRaftLogWorker: Starting segment from index:0
2022-10-09 13:05:46,620 [864752fb-4a03-48f8-92e4-9b272ebf5ecd@group-0325F9FC62BE-SegmentedRaftLogWorker] INFO  segmented.SegmentedRaftLogWorker (SegmentedRaftLogWorker.java:execute(629)) - 864752fb-4a03-48f8-92e4-9b272ebf5ecd@group-0325F9FC62BE-SegmentedRaftLogWorker: created new log segment /home/runner/work/ozone/ozone/hadoop-ozone/integration-test/target/test-dir/MiniOzoneClusterImpl-9b82f26c-8b94-4c2d-8316-029798bb519b/datanode-2/data/ratis/48123607-c898-4752-b488-0325f9fc62be/current/log_inprogress_0
2022-10-09 13:05:46,624 [864752fb-4a03-48f8-92e4-9b272ebf5ecd@group-0325F9FC62BE-LeaderElection20] INFO  server.RaftServer$Division (ServerState.java:setRaftConf(393)) - 864752fb-4a03-48f8-92e4-9b272ebf5ecd@group-0325F9FC62BE: set configuration 0: [864752fb-4a03-48f8-92e4-9b272ebf5ecd|rpc:10.1.0.209:36301|dataStream:|priority:1], old=null
2022-10-09 13:05:46,768 [Listener at 127.0.0.1/44209] INFO  ozone.MiniOzoneClusterImpl (MiniOzoneClusterImpl.java:lambda$waitForClusterToBeReady$0(216)) - Nodes are ready. Got 5 of 5 DN Heartbeats.
2022-10-09 13:05:46,768 [Listener at 127.0.0.1/44209] INFO  ozone.MiniOzoneClusterImpl (MiniOzoneClusterImpl.java:lambda$waitForClusterToBeReady$0(219)) - Waiting for cluster to exit safe mode
2022-10-09 13:05:46,768 [Listener at 127.0.0.1/44209] INFO  ozone.MiniOzoneClusterImpl (MiniOzoneClusterImpl.java:lambda$waitForClusterToBeReady$0(221)) - SCM became leader
2022-10-09 13:05:47,230 [d53f1fbb-b576-41c7-afbd-0ba632ac53c7@group-72063B46A92A-FollowerState] INFO  impl.FollowerState (FollowerState.java:run(143)) - d53f1fbb-b576-41c7-afbd-0ba632ac53c7@group-72063B46A92A-FollowerState: change to CANDIDATE, lastRpcElapsedTime:5146006408ns, electionTimeout:5137ms
2022-10-09 13:05:47,230 [d53f1fbb-b576-41c7-afbd-0ba632ac53c7@group-72063B46A92A-FollowerState] INFO  impl.RoleInfo (RoleInfo.java:shutdownFollowerState(110)) - d53f1fbb-b576-41c7-afbd-0ba632ac53c7: shutdown d53f1fbb-b576-41c7-afbd-0ba632ac53c7@group-72063B46A92A-FollowerState
2022-10-09 13:05:47,230 [d53f1fbb-b576-41c7-afbd-0ba632ac53c7@group-72063B46A92A-FollowerState] INFO  server.RaftServer$Division (RaftServerImpl.java:setRole(299)) - d53f1fbb-b576-41c7-afbd-0ba632ac53c7@group-72063B46A92A: changes role from  FOLLOWER to CANDIDATE at term 0 for changeToCandidate
2022-10-09 13:05:47,230 [d53f1fbb-b576-41c7-afbd-0ba632ac53c7@group-72063B46A92A-FollowerState] INFO  server.RaftServerConfigKeys (ConfUtils.java:logGet(46)) - raft.server.leaderelection.pre-vote = false (custom)
2022-10-09 13:05:47,230 [d53f1fbb-b576-41c7-afbd-0ba632ac53c7@group-72063B46A92A-FollowerState] INFO  impl.RoleInfo (RoleInfo.java:updateAndGet(139)) - d53f1fbb-b576-41c7-afbd-0ba632ac53c7: start d53f1fbb-b576-41c7-afbd-0ba632ac53c7@group-72063B46A92A-LeaderElection21
2022-10-09 13:05:47,244 [d53f1fbb-b576-41c7-afbd-0ba632ac53c7@group-72063B46A92A-LeaderElection21] INFO  impl.LeaderElection (LeaderElection.java:askForVotes(310)) - d53f1fbb-b576-41c7-afbd-0ba632ac53c7@group-72063B46A92A-LeaderElection21 ELECTION round 0: submit vote requests at term 1 for -1: [d53f1fbb-b576-41c7-afbd-0ba632ac53c7|rpc:10.1.0.209:46505|priority:1], old=null
2022-10-09 13:05:47,244 [d53f1fbb-b576-41c7-afbd-0ba632ac53c7@group-72063B46A92A-LeaderElection21] INFO  impl.LeaderElection (LeaderElection.java:askForVotes(312)) - d53f1fbb-b576-41c7-afbd-0ba632ac53c7@group-72063B46A92A-LeaderElection21 ELECTION round 0: result PASSED (term=1)
2022-10-09 13:05:47,244 [d53f1fbb-b576-41c7-afbd-0ba632ac53c7@group-72063B46A92A-LeaderElection21] INFO  impl.RoleInfo (RoleInfo.java:shutdownLeaderElection(130)) - d53f1fbb-b576-41c7-afbd-0ba632ac53c7: shutdown d53f1fbb-b576-41c7-afbd-0ba632ac53c7@group-72063B46A92A-LeaderElection21
2022-10-09 13:05:47,244 [d53f1fbb-b576-41c7-afbd-0ba632ac53c7@group-72063B46A92A-LeaderElection21] INFO  server.RaftServer$Division (RaftServerImpl.java:setRole(299)) - d53f1fbb-b576-41c7-afbd-0ba632ac53c7@group-72063B46A92A: changes role from CANDIDATE to LEADER at term 1 for changeToLeader
2022-10-09 13:05:47,244 [d53f1fbb-b576-41c7-afbd-0ba632ac53c7@group-72063B46A92A-LeaderElection21] INFO  ratis.XceiverServerRatis (XceiverServerRatis.java:handleLeaderChangedNotification(863)) - Leader change notification received for group: group-72063B46A92A with new leaderId: d53f1fbb-b576-41c7-afbd-0ba632ac53c7
2022-10-09 13:05:47,244 [d53f1fbb-b576-41c7-afbd-0ba632ac53c7@group-72063B46A92A-LeaderElection21] INFO  server.RaftServer$Division (ServerState.java:setLeader(287)) - d53f1fbb-b576-41c7-afbd-0ba632ac53c7@group-72063B46A92A: change Leader from null to d53f1fbb-b576-41c7-afbd-0ba632ac53c7 at term 1 for becomeLeader, leader elected after 5182ms
2022-10-09 13:05:47,244 [d53f1fbb-b576-41c7-afbd-0ba632ac53c7@group-72063B46A92A-LeaderElection21] INFO  server.RaftServerConfigKeys (ConfUtils.java:logGet(46)) - raft.server.staging.catchup.gap = 1000 (default)
2022-10-09 13:05:47,245 [d53f1fbb-b576-41c7-afbd-0ba632ac53c7@group-72063B46A92A-LeaderElection21] INFO  server.RaftServerConfigKeys (ConfUtils.java:logGet(46)) - raft.server.write.element-limit = 1024 (custom)
2022-10-09 13:05:47,245 [d53f1fbb-b576-41c7-afbd-0ba632ac53c7@group-72063B46A92A-LeaderElection21] INFO  server.RaftServerConfigKeys (ConfUtils.java:logGet(46)) - raft.server.write.byte-limit = 1024 M (=1073741824) (custom)
2022-10-09 13:05:47,245 [d53f1fbb-b576-41c7-afbd-0ba632ac53c7@group-72063B46A92A-LeaderElection21] INFO  server.RaftServerConfigKeys (ConfUtils.java:logGet(46)) - raft.server.watch.timeout = 180s (custom)
2022-10-09 13:05:47,245 [d53f1fbb-b576-41c7-afbd-0ba632ac53c7@group-72063B46A92A-LeaderElection21] INFO  server.RaftServerConfigKeys (ConfUtils.java:logGet(46)) - raft.server.watch.timeout.denomination = 1s (default)
2022-10-09 13:05:47,245 [d53f1fbb-b576-41c7-afbd-0ba632ac53c7@group-72063B46A92A-LeaderElection21] INFO  server.RaftServerConfigKeys (ConfUtils.java:logGet(46)) - raft.server.watch.element-limit = 65536 (default)
2022-10-09 13:05:47,245 [d53f1fbb-b576-41c7-afbd-0ba632ac53c7@group-72063B46A92A-LeaderElection21] INFO  server.RaftServerConfigKeys (ConfUtils.java:logGet(46)) - raft.server.write.element-limit = 1024 (custom)
2022-10-09 13:05:47,245 [d53f1fbb-b576-41c7-afbd-0ba632ac53c7@group-72063B46A92A-LeaderElection21] INFO  server.RaftServerConfigKeys (ConfUtils.java:logGet(46)) - raft.server.write.follower.gap.ratio.max = -1.0 (default)
2022-10-09 13:05:47,245 [d53f1fbb-b576-41c7-afbd-0ba632ac53c7@group-72063B46A92A-LeaderElection21] INFO  impl.RoleInfo (RoleInfo.java:updateAndGet(139)) - d53f1fbb-b576-41c7-afbd-0ba632ac53c7: start d53f1fbb-b576-41c7-afbd-0ba632ac53c7@group-72063B46A92A-LeaderStateImpl
2022-10-09 13:05:47,246 [d53f1fbb-b576-41c7-afbd-0ba632ac53c7@group-72063B46A92A-LeaderElection21] INFO  segmented.SegmentedRaftLogWorker (SegmentedRaftLogWorker.java:startLogSegment(425)) - d53f1fbb-b576-41c7-afbd-0ba632ac53c7@group-72063B46A92A-SegmentedRaftLogWorker: Starting segment from index:0
2022-10-09 13:05:47,247 [d53f1fbb-b576-41c7-afbd-0ba632ac53c7@group-72063B46A92A-SegmentedRaftLogWorker] INFO  segmented.SegmentedRaftLogWorker (SegmentedRaftLogWorker.java:execute(629)) - d53f1fbb-b576-41c7-afbd-0ba632ac53c7@group-72063B46A92A-SegmentedRaftLogWorker: created new log segment /home/runner/work/ozone/ozone/hadoop-ozone/integration-test/target/test-dir/MiniOzoneClusterImpl-9b82f26c-8b94-4c2d-8316-029798bb519b/datanode-3/data/ratis/7ece04bb-84ae-430b-8b00-72063b46a92a/current/log_inprogress_0
2022-10-09 13:05:47,252 [EventQueue-OpenPipelineForHealthyPipelineSafeModeRule] INFO  safemode.SCMSafeModeManager (HealthyPipelineSafeModeRule.java:process(137)) - SCM in safe mode. Healthy pipelines reported count is 0, required healthy pipeline reported count is 1
2022-10-09 13:05:47,269 [d53f1fbb-b576-41c7-afbd-0ba632ac53c7@group-72063B46A92A-LeaderElection21] INFO  server.RaftServer$Division (ServerState.java:setRaftConf(393)) - d53f1fbb-b576-41c7-afbd-0ba632ac53c7@group-72063B46A92A: set configuration 0: [d53f1fbb-b576-41c7-afbd-0ba632ac53c7|rpc:10.1.0.209:46505|dataStream:|priority:1], old=null
2022-10-09 13:05:47,769 [Listener at 127.0.0.1/44209] INFO  ozone.MiniOzoneClusterImpl (MiniOzoneClusterImpl.java:lambda$waitForClusterToBeReady$0(216)) - Nodes are ready. Got 5 of 5 DN Heartbeats.
2022-10-09 13:05:47,769 [Listener at 127.0.0.1/44209] INFO  ozone.MiniOzoneClusterImpl (MiniOzoneClusterImpl.java:lambda$waitForClusterToBeReady$0(219)) - Waiting for cluster to exit safe mode
2022-10-09 13:05:47,769 [Listener at 127.0.0.1/44209] INFO  ozone.MiniOzoneClusterImpl (MiniOzoneClusterImpl.java:lambda$waitForClusterToBeReady$0(221)) - SCM became leader
2022-10-09 13:05:47,975 [7279ce37-28db-41f2-a11e-d5db3ffcfb1c@group-940F0690657A-FollowerState] INFO  impl.FollowerState (FollowerState.java:run(143)) - 7279ce37-28db-41f2-a11e-d5db3ffcfb1c@group-940F0690657A-FollowerState: change to CANDIDATE, lastRpcElapsedTime:5173977032ns, electionTimeout:5173ms
2022-10-09 13:05:47,975 [7279ce37-28db-41f2-a11e-d5db3ffcfb1c@group-940F0690657A-FollowerState] INFO  impl.RoleInfo (RoleInfo.java:shutdownFollowerState(110)) - 7279ce37-28db-41f2-a11e-d5db3ffcfb1c: shutdown 7279ce37-28db-41f2-a11e-d5db3ffcfb1c@group-940F0690657A-FollowerState
2022-10-09 13:05:47,975 [7279ce37-28db-41f2-a11e-d5db3ffcfb1c@group-940F0690657A-FollowerState] INFO  server.RaftServer$Division (RaftServerImpl.java:setRole(299)) - 7279ce37-28db-41f2-a11e-d5db3ffcfb1c@group-940F0690657A: changes role from  FOLLOWER to CANDIDATE at term 0 for changeToCandidate
2022-10-09 13:05:47,975 [7279ce37-28db-41f2-a11e-d5db3ffcfb1c@group-940F0690657A-FollowerState] INFO  server.RaftServerConfigKeys (ConfUtils.java:logGet(46)) - raft.server.leaderelection.pre-vote = false (custom)
2022-10-09 13:05:47,975 [7279ce37-28db-41f2-a11e-d5db3ffcfb1c@group-940F0690657A-FollowerState] INFO  impl.RoleInfo (RoleInfo.java:updateAndGet(139)) - 7279ce37-28db-41f2-a11e-d5db3ffcfb1c: start 7279ce37-28db-41f2-a11e-d5db3ffcfb1c@group-940F0690657A-LeaderElection22
2022-10-09 13:05:48,002 [7279ce37-28db-41f2-a11e-d5db3ffcfb1c@group-940F0690657A-LeaderElection22] INFO  impl.LeaderElection (LeaderElection.java:askForVotes(310)) - 7279ce37-28db-41f2-a11e-d5db3ffcfb1c@group-940F0690657A-LeaderElection22 ELECTION round 0: submit vote requests at term 1 for -1: [7279ce37-28db-41f2-a11e-d5db3ffcfb1c|rpc:10.1.0.209:46543|priority:1], old=null
2022-10-09 13:05:48,003 [7279ce37-28db-41f2-a11e-d5db3ffcfb1c@group-940F0690657A-LeaderElection22] INFO  impl.LeaderElection (LeaderElection.java:askForVotes(312)) - 7279ce37-28db-41f2-a11e-d5db3ffcfb1c@group-940F0690657A-LeaderElection22 ELECTION round 0: result PASSED (term=1)
2022-10-09 13:05:48,004 [7279ce37-28db-41f2-a11e-d5db3ffcfb1c@group-940F0690657A-LeaderElection22] INFO  impl.RoleInfo (RoleInfo.java:shutdownLeaderElection(130)) - 7279ce37-28db-41f2-a11e-d5db3ffcfb1c: shutdown 7279ce37-28db-41f2-a11e-d5db3ffcfb1c@group-940F0690657A-LeaderElection22
2022-10-09 13:05:48,004 [7279ce37-28db-41f2-a11e-d5db3ffcfb1c@group-940F0690657A-LeaderElection22] INFO  server.RaftServer$Division (RaftServerImpl.java:setRole(299)) - 7279ce37-28db-41f2-a11e-d5db3ffcfb1c@group-940F0690657A: changes role from CANDIDATE to LEADER at term 1 for changeToLeader
2022-10-09 13:05:48,004 [7279ce37-28db-41f2-a11e-d5db3ffcfb1c@group-940F0690657A-LeaderElection22] INFO  ratis.XceiverServerRatis (XceiverServerRatis.java:handleLeaderChangedNotification(863)) - Leader change notification received for group: group-940F0690657A with new leaderId: 7279ce37-28db-41f2-a11e-d5db3ffcfb1c
2022-10-09 13:05:48,004 [7279ce37-28db-41f2-a11e-d5db3ffcfb1c@group-940F0690657A-LeaderElection22] INFO  server.RaftServer$Division (ServerState.java:setLeader(287)) - 7279ce37-28db-41f2-a11e-d5db3ffcfb1c@group-940F0690657A: change Leader from null to 7279ce37-28db-41f2-a11e-d5db3ffcfb1c at term 1 for becomeLeader, leader elected after 5225ms
2022-10-09 13:05:48,004 [7279ce37-28db-41f2-a11e-d5db3ffcfb1c@group-940F0690657A-LeaderElection22] INFO  server.RaftServerConfigKeys (ConfUtils.java:logGet(46)) - raft.server.staging.catchup.gap = 1000 (default)
2022-10-09 13:05:48,004 [7279ce37-28db-41f2-a11e-d5db3ffcfb1c@group-940F0690657A-LeaderElection22] INFO  server.RaftServerConfigKeys (ConfUtils.java:logGet(46)) - raft.server.write.element-limit = 1024 (custom)
2022-10-09 13:05:48,004 [7279ce37-28db-41f2-a11e-d5db3ffcfb1c@group-940F0690657A-LeaderElection22] INFO  server.RaftServerConfigKeys (ConfUtils.java:logGet(46)) - raft.server.write.byte-limit = 1024 M (=1073741824) (custom)
2022-10-09 13:05:48,005 [7279ce37-28db-41f2-a11e-d5db3ffcfb1c@group-940F0690657A-LeaderElection22] INFO  server.RaftServerConfigKeys (ConfUtils.java:logGet(46)) - raft.server.watch.timeout = 180s (custom)
2022-10-09 13:05:48,005 [7279ce37-28db-41f2-a11e-d5db3ffcfb1c@group-940F0690657A-LeaderElection22] INFO  server.RaftServerConfigKeys (ConfUtils.java:logGet(46)) - raft.server.watch.timeout.denomination = 1s (default)
2022-10-09 13:05:48,005 [EventQueue-OpenPipelineForHealthyPipelineSafeModeRule] INFO  safemode.SCMSafeModeManager (HealthyPipelineSafeModeRule.java:process(137)) - SCM in safe mode. Healthy pipelines reported count is 0, required healthy pipeline reported count is 1
2022-10-09 13:05:48,005 [7279ce37-28db-41f2-a11e-d5db3ffcfb1c@group-940F0690657A-LeaderElection22] INFO  server.RaftServerConfigKeys (ConfUtils.java:logGet(46)) - raft.server.watch.element-limit = 65536 (default)
2022-10-09 13:05:48,005 [7279ce37-28db-41f2-a11e-d5db3ffcfb1c@group-940F0690657A-LeaderElection22] INFO  server.RaftServerConfigKeys (ConfUtils.java:logGet(46)) - raft.server.write.element-limit = 1024 (custom)
2022-10-09 13:05:48,005 [7279ce37-28db-41f2-a11e-d5db3ffcfb1c@group-940F0690657A-LeaderElection22] INFO  server.RaftServerConfigKeys (ConfUtils.java:logGet(46)) - raft.server.write.follower.gap.ratio.max = -1.0 (default)
2022-10-09 13:05:48,005 [7279ce37-28db-41f2-a11e-d5db3ffcfb1c@group-940F0690657A-LeaderElection22] INFO  impl.RoleInfo (RoleInfo.java:updateAndGet(139)) - 7279ce37-28db-41f2-a11e-d5db3ffcfb1c: start 7279ce37-28db-41f2-a11e-d5db3ffcfb1c@group-940F0690657A-LeaderStateImpl
2022-10-09 13:05:48,006 [7279ce37-28db-41f2-a11e-d5db3ffcfb1c@group-940F0690657A-LeaderElection22] INFO  segmented.SegmentedRaftLogWorker (SegmentedRaftLogWorker.java:startLogSegment(425)) - 7279ce37-28db-41f2-a11e-d5db3ffcfb1c@group-940F0690657A-SegmentedRaftLogWorker: Starting segment from index:0
2022-10-09 13:05:48,007 [7279ce37-28db-41f2-a11e-d5db3ffcfb1c@group-940F0690657A-SegmentedRaftLogWorker] INFO  segmented.SegmentedRaftLogWorker (SegmentedRaftLogWorker.java:execute(629)) - 7279ce37-28db-41f2-a11e-d5db3ffcfb1c@group-940F0690657A-SegmentedRaftLogWorker: created new log segment /home/runner/work/ozone/ozone/hadoop-ozone/integration-test/target/test-dir/MiniOzoneClusterImpl-9b82f26c-8b94-4c2d-8316-029798bb519b/datanode-4/data/ratis/2ed15e34-4922-464e-a982-940f0690657a/current/log_inprogress_0
2022-10-09 13:05:48,017 [7279ce37-28db-41f2-a11e-d5db3ffcfb1c@group-940F0690657A-LeaderElection22] INFO  server.RaftServer$Division (ServerState.java:setRaftConf(393)) - 7279ce37-28db-41f2-a11e-d5db3ffcfb1c@group-940F0690657A: set configuration 0: [7279ce37-28db-41f2-a11e-d5db3ffcfb1c|rpc:10.1.0.209:46543|dataStream:|priority:1], old=null
2022-10-09 13:05:48,769 [Listener at 127.0.0.1/44209] INFO  ozone.MiniOzoneClusterImpl (MiniOzoneClusterImpl.java:lambda$waitForClusterToBeReady$0(216)) - Nodes are ready. Got 5 of 5 DN Heartbeats.
2022-10-09 13:05:48,769 [Listener at 127.0.0.1/44209] INFO  ozone.MiniOzoneClusterImpl (MiniOzoneClusterImpl.java:lambda$waitForClusterToBeReady$0(219)) - Waiting for cluster to exit safe mode
2022-10-09 13:05:48,770 [Listener at 127.0.0.1/44209] INFO  ozone.MiniOzoneClusterImpl (MiniOzoneClusterImpl.java:lambda$waitForClusterToBeReady$0(221)) - SCM became leader
2022-10-09 13:05:49,770 [Listener at 127.0.0.1/44209] INFO  ozone.MiniOzoneClusterImpl (MiniOzoneClusterImpl.java:lambda$waitForClusterToBeReady$0(216)) - Nodes are ready. Got 5 of 5 DN Heartbeats.
2022-10-09 13:05:49,770 [Listener at 127.0.0.1/44209] INFO  ozone.MiniOzoneClusterImpl (MiniOzoneClusterImpl.java:lambda$waitForClusterToBeReady$0(219)) - Waiting for cluster to exit safe mode
2022-10-09 13:05:49,770 [Listener at 127.0.0.1/44209] INFO  ozone.MiniOzoneClusterImpl (MiniOzoneClusterImpl.java:lambda$waitForClusterToBeReady$0(221)) - SCM became leader
2022-10-09 13:05:50,739 [2d7a11ae-c5aa-41a6-85dc-c9a8e9cf90b2@group-BF7723920FB3-FollowerState] INFO  impl.FollowerState (FollowerState.java:run(143)) - 2d7a11ae-c5aa-41a6-85dc-c9a8e9cf90b2@group-BF7723920FB3-FollowerState: change to CANDIDATE, lastRpcElapsedTime:5024780209ns, electionTimeout:5018ms
2022-10-09 13:05:50,739 [2d7a11ae-c5aa-41a6-85dc-c9a8e9cf90b2@group-BF7723920FB3-FollowerState] INFO  impl.RoleInfo (RoleInfo.java:shutdownFollowerState(110)) - 2d7a11ae-c5aa-41a6-85dc-c9a8e9cf90b2: shutdown 2d7a11ae-c5aa-41a6-85dc-c9a8e9cf90b2@group-BF7723920FB3-FollowerState
2022-10-09 13:05:50,740 [2d7a11ae-c5aa-41a6-85dc-c9a8e9cf90b2@group-BF7723920FB3-FollowerState] INFO  server.RaftServer$Division (RaftServerImpl.java:setRole(299)) - 2d7a11ae-c5aa-41a6-85dc-c9a8e9cf90b2@group-BF7723920FB3: changes role from  FOLLOWER to CANDIDATE at term 1 for changeToCandidate
2022-10-09 13:05:50,740 [2d7a11ae-c5aa-41a6-85dc-c9a8e9cf90b2@group-BF7723920FB3-FollowerState] INFO  server.RaftServerConfigKeys (ConfUtils.java:logGet(46)) - raft.server.leaderelection.pre-vote = false (custom)
2022-10-09 13:05:50,740 [2d7a11ae-c5aa-41a6-85dc-c9a8e9cf90b2@group-BF7723920FB3-FollowerState] INFO  impl.RoleInfo (RoleInfo.java:updateAndGet(139)) - 2d7a11ae-c5aa-41a6-85dc-c9a8e9cf90b2: start 2d7a11ae-c5aa-41a6-85dc-c9a8e9cf90b2@group-BF7723920FB3-LeaderElection23
2022-10-09 13:05:50,751 [2d7a11ae-c5aa-41a6-85dc-c9a8e9cf90b2@group-BF7723920FB3-LeaderElection23] INFO  impl.LeaderElection (LeaderElection.java:askForVotes(310)) - 2d7a11ae-c5aa-41a6-85dc-c9a8e9cf90b2@group-BF7723920FB3-LeaderElection23 ELECTION round 0: submit vote requests at term 2 for -1: [2d7a11ae-c5aa-41a6-85dc-c9a8e9cf90b2|rpc:10.1.0.209:34267|dataStream:|priority:1, 864752fb-4a03-48f8-92e4-9b272ebf5ecd|rpc:10.1.0.209:36301|dataStream:|priority:0, 0e0cd2e9-f605-4044-a07f-8c47171ce2f7|rpc:10.1.0.209:36435|dataStream:|priority:0], old=null
2022-10-09 13:05:50,751 [864752fb-4a03-48f8-92e4-9b272ebf5ecd@group-BF7723920FB3-FollowerState] INFO  impl.FollowerState (FollowerState.java:run(143)) - 864752fb-4a03-48f8-92e4-9b272ebf5ecd@group-BF7723920FB3-FollowerState: change to CANDIDATE, lastRpcElapsedTime:5030271470ns, electionTimeout:5003ms
2022-10-09 13:05:50,751 [864752fb-4a03-48f8-92e4-9b272ebf5ecd@group-BF7723920FB3-FollowerState] INFO  impl.RoleInfo (RoleInfo.java:shutdownFollowerState(110)) - 864752fb-4a03-48f8-92e4-9b272ebf5ecd: shutdown 864752fb-4a03-48f8-92e4-9b272ebf5ecd@group-BF7723920FB3-FollowerState
2022-10-09 13:05:50,751 [864752fb-4a03-48f8-92e4-9b272ebf5ecd@group-BF7723920FB3-FollowerState] INFO  server.RaftServer$Division (RaftServerImpl.java:setRole(299)) - 864752fb-4a03-48f8-92e4-9b272ebf5ecd@group-BF7723920FB3: changes role from  FOLLOWER to CANDIDATE at term 1 for changeToCandidate
2022-10-09 13:05:50,756 [864752fb-4a03-48f8-92e4-9b272ebf5ecd@group-BF7723920FB3-FollowerState] INFO  server.RaftServerConfigKeys (ConfUtils.java:logGet(46)) - raft.server.leaderelection.pre-vote = false (custom)
2022-10-09 13:05:50,756 [864752fb-4a03-48f8-92e4-9b272ebf5ecd@group-BF7723920FB3-FollowerState] INFO  impl.RoleInfo (RoleInfo.java:updateAndGet(139)) - 864752fb-4a03-48f8-92e4-9b272ebf5ecd: start 864752fb-4a03-48f8-92e4-9b272ebf5ecd@group-BF7723920FB3-LeaderElection24
2022-10-09 13:05:50,770 [Listener at 127.0.0.1/44209] INFO  ozone.MiniOzoneClusterImpl (MiniOzoneClusterImpl.java:lambda$waitForClusterToBeReady$0(216)) - Nodes are ready. Got 5 of 5 DN Heartbeats.
2022-10-09 13:05:50,778 [Listener at 127.0.0.1/44209] INFO  ozone.MiniOzoneClusterImpl (MiniOzoneClusterImpl.java:lambda$waitForClusterToBeReady$0(219)) - Waiting for cluster to exit safe mode
2022-10-09 13:05:50,778 [Listener at 127.0.0.1/44209] INFO  ozone.MiniOzoneClusterImpl (MiniOzoneClusterImpl.java:lambda$waitForClusterToBeReady$0(221)) - SCM became leader
2022-10-09 13:05:50,787 [864752fb-4a03-48f8-92e4-9b272ebf5ecd@group-BF7723920FB3-LeaderElection24] INFO  impl.LeaderElection (LeaderElection.java:askForVotes(310)) - 864752fb-4a03-48f8-92e4-9b272ebf5ecd@group-BF7723920FB3-LeaderElection24 ELECTION round 0: submit vote requests at term 2 for -1: [2d7a11ae-c5aa-41a6-85dc-c9a8e9cf90b2|rpc:10.1.0.209:34267|dataStream:|priority:1, 864752fb-4a03-48f8-92e4-9b272ebf5ecd|rpc:10.1.0.209:36301|dataStream:|priority:0, 0e0cd2e9-f605-4044-a07f-8c47171ce2f7|rpc:10.1.0.209:36435|dataStream:|priority:0], old=null
2022-10-09 13:05:50,827 [0e0cd2e9-f605-4044-a07f-8c47171ce2f7@group-BF7723920FB3-FollowerState] INFO  impl.FollowerState (FollowerState.java:run(143)) - 0e0cd2e9-f605-4044-a07f-8c47171ce2f7@group-BF7723920FB3-FollowerState: change to CANDIDATE, lastRpcElapsedTime:5155422007ns, electionTimeout:5119ms
2022-10-09 13:05:50,827 [0e0cd2e9-f605-4044-a07f-8c47171ce2f7@group-BF7723920FB3-FollowerState] INFO  impl.RoleInfo (RoleInfo.java:shutdownFollowerState(110)) - 0e0cd2e9-f605-4044-a07f-8c47171ce2f7: shutdown 0e0cd2e9-f605-4044-a07f-8c47171ce2f7@group-BF7723920FB3-FollowerState
2022-10-09 13:05:50,827 [0e0cd2e9-f605-4044-a07f-8c47171ce2f7@group-BF7723920FB3-FollowerState] INFO  server.RaftServer$Division (RaftServerImpl.java:setRole(299)) - 0e0cd2e9-f605-4044-a07f-8c47171ce2f7@group-BF7723920FB3: changes role from  FOLLOWER to CANDIDATE at term 1 for changeToCandidate
2022-10-09 13:05:50,827 [0e0cd2e9-f605-4044-a07f-8c47171ce2f7@group-BF7723920FB3-FollowerState] INFO  server.RaftServerConfigKeys (ConfUtils.java:logGet(46)) - raft.server.leaderelection.pre-vote = false (custom)
2022-10-09 13:05:50,827 [0e0cd2e9-f605-4044-a07f-8c47171ce2f7@group-BF7723920FB3-FollowerState] INFO  impl.RoleInfo (RoleInfo.java:updateAndGet(139)) - 0e0cd2e9-f605-4044-a07f-8c47171ce2f7: start 0e0cd2e9-f605-4044-a07f-8c47171ce2f7@group-BF7723920FB3-LeaderElection25
2022-10-09 13:05:50,848 [grpc-default-executor-0] INFO  server.RaftServer$Division (RaftServerImpl.java:requestVote(1152)) - 0e0cd2e9-f605-4044-a07f-8c47171ce2f7@group-BF7723920FB3: receive requestVote(ELECTION, 864752fb-4a03-48f8-92e4-9b272ebf5ecd, group-BF7723920FB3, 2, (t:0, i:0))
2022-10-09 13:05:50,849 [grpc-default-executor-0] INFO  impl.VoteContext (VoteContext.java:log(48)) - 0e0cd2e9-f605-4044-a07f-8c47171ce2f7@group-BF7723920FB3-CANDIDATE: accept ELECTION from 864752fb-4a03-48f8-92e4-9b272ebf5ecd: our priority 0 <= candidate's priority 0
2022-10-09 13:05:50,849 [grpc-default-executor-0] INFO  server.RaftServer$Division (RaftServerImpl.java:setRole(299)) - 0e0cd2e9-f605-4044-a07f-8c47171ce2f7@group-BF7723920FB3: changes role from CANDIDATE to FOLLOWER at term 2 for candidate:864752fb-4a03-48f8-92e4-9b272ebf5ecd
2022-10-09 13:05:50,849 [grpc-default-executor-0] INFO  impl.RoleInfo (RoleInfo.java:shutdownLeaderElection(130)) - 0e0cd2e9-f605-4044-a07f-8c47171ce2f7: shutdown 0e0cd2e9-f605-4044-a07f-8c47171ce2f7@group-BF7723920FB3-LeaderElection25
2022-10-09 13:05:50,849 [grpc-default-executor-0] INFO  impl.RoleInfo (RoleInfo.java:updateAndGet(139)) - 0e0cd2e9-f605-4044-a07f-8c47171ce2f7: start 0e0cd2e9-f605-4044-a07f-8c47171ce2f7@group-BF7723920FB3-FollowerState
2022-10-09 13:05:50,851 [grpc-default-executor-0] INFO  server.RaftServer$Division (RaftServerImpl.java:requestVote(1184)) - 0e0cd2e9-f605-4044-a07f-8c47171ce2f7@group-BF7723920FB3 replies to ELECTION vote request: 864752fb-4a03-48f8-92e4-9b272ebf5ecd<-0e0cd2e9-f605-4044-a07f-8c47171ce2f7#0:OK-t2. Peer's state: 0e0cd2e9-f605-4044-a07f-8c47171ce2f7@group-BF7723920FB3:t2, leader=null, voted=864752fb-4a03-48f8-92e4-9b272ebf5ecd, raftlog=0e0cd2e9-f605-4044-a07f-8c47171ce2f7@group-BF7723920FB3-SegmentedRaftLog:OPENED:c-1, conf=-1: [2d7a11ae-c5aa-41a6-85dc-c9a8e9cf90b2|rpc:10.1.0.209:34267|priority:1, 864752fb-4a03-48f8-92e4-9b272ebf5ecd|rpc:10.1.0.209:36301|priority:0, 0e0cd2e9-f605-4044-a07f-8c47171ce2f7|rpc:10.1.0.209:36435|priority:0], old=null
2022-10-09 13:05:50,861 [0e0cd2e9-f605-4044-a07f-8c47171ce2f7@group-BF7723920FB3-LeaderElection25] INFO  impl.LeaderElection (LeaderElection.java:run(231)) - 0e0cd2e9-f605-4044-a07f-8c47171ce2f7@group-BF7723920FB3-LeaderElection25: skip running since this is already CLOSING
2022-10-09 13:05:50,867 [grpc-default-executor-1] INFO  server.RaftServer$Division (RaftServerImpl.java:requestVote(1152)) - 2d7a11ae-c5aa-41a6-85dc-c9a8e9cf90b2@group-BF7723920FB3: receive requestVote(ELECTION, 864752fb-4a03-48f8-92e4-9b272ebf5ecd, group-BF7723920FB3, 2, (t:0, i:0))
2022-10-09 13:05:50,874 [grpc-default-executor-1] INFO  impl.VoteContext (VoteContext.java:log(48)) - 2d7a11ae-c5aa-41a6-85dc-c9a8e9cf90b2@group-BF7723920FB3-CANDIDATE: reject ELECTION from 864752fb-4a03-48f8-92e4-9b272ebf5ecd: already has voted for 2d7a11ae-c5aa-41a6-85dc-c9a8e9cf90b2 at current term 2
2022-10-09 13:05:50,874 [grpc-default-executor-1] INFO  server.RaftServer$Division (RaftServerImpl.java:requestVote(1184)) - 2d7a11ae-c5aa-41a6-85dc-c9a8e9cf90b2@group-BF7723920FB3 replies to ELECTION vote request: 864752fb-4a03-48f8-92e4-9b272ebf5ecd<-2d7a11ae-c5aa-41a6-85dc-c9a8e9cf90b2#0:FAIL-t2. Peer's state: 2d7a11ae-c5aa-41a6-85dc-c9a8e9cf90b2@group-BF7723920FB3:t2, leader=null, voted=2d7a11ae-c5aa-41a6-85dc-c9a8e9cf90b2, raftlog=2d7a11ae-c5aa-41a6-85dc-c9a8e9cf90b2@group-BF7723920FB3-SegmentedRaftLog:OPENED:c-1, conf=-1: [2d7a11ae-c5aa-41a6-85dc-c9a8e9cf90b2|rpc:10.1.0.209:34267|dataStream:|priority:1, 864752fb-4a03-48f8-92e4-9b272ebf5ecd|rpc:10.1.0.209:36301|dataStream:|priority:0, 0e0cd2e9-f605-4044-a07f-8c47171ce2f7|rpc:10.1.0.209:36435|dataStream:|priority:0], old=null
2022-10-09 13:05:50,871 [grpc-default-executor-2] INFO  server.RaftServer$Division (RaftServerImpl.java:requestVote(1152)) - 864752fb-4a03-48f8-92e4-9b272ebf5ecd@group-BF7723920FB3: receive requestVote(ELECTION, 2d7a11ae-c5aa-41a6-85dc-c9a8e9cf90b2, group-BF7723920FB3, 2, (t:0, i:0))
2022-10-09 13:05:50,884 [grpc-default-executor-2] INFO  impl.VoteContext (VoteContext.java:log(48)) - 864752fb-4a03-48f8-92e4-9b272ebf5ecd@group-BF7723920FB3-CANDIDATE: reject ELECTION from 2d7a11ae-c5aa-41a6-85dc-c9a8e9cf90b2: already has voted for 864752fb-4a03-48f8-92e4-9b272ebf5ecd at current term 2
2022-10-09 13:05:50,884 [grpc-default-executor-2] INFO  server.RaftServer$Division (RaftServerImpl.java:requestVote(1184)) - 864752fb-4a03-48f8-92e4-9b272ebf5ecd@group-BF7723920FB3 replies to ELECTION vote request: 2d7a11ae-c5aa-41a6-85dc-c9a8e9cf90b2<-864752fb-4a03-48f8-92e4-9b272ebf5ecd#0:FAIL-t2. Peer's state: 864752fb-4a03-48f8-92e4-9b272ebf5ecd@group-BF7723920FB3:t2, leader=null, voted=864752fb-4a03-48f8-92e4-9b272ebf5ecd, raftlog=864752fb-4a03-48f8-92e4-9b272ebf5ecd@group-BF7723920FB3-SegmentedRaftLog:OPENED:c-1, conf=-1: [2d7a11ae-c5aa-41a6-85dc-c9a8e9cf90b2|rpc:10.1.0.209:34267|dataStream:|priority:1, 864752fb-4a03-48f8-92e4-9b272ebf5ecd|rpc:10.1.0.209:36301|dataStream:|priority:0, 0e0cd2e9-f605-4044-a07f-8c47171ce2f7|rpc:10.1.0.209:36435|dataStream:|priority:0], old=null
2022-10-09 13:05:50,867 [grpc-default-executor-0] INFO  server.RaftServer$Division (RaftServerImpl.java:requestVote(1152)) - 0e0cd2e9-f605-4044-a07f-8c47171ce2f7@group-BF7723920FB3: receive requestVote(ELECTION, 2d7a11ae-c5aa-41a6-85dc-c9a8e9cf90b2, group-BF7723920FB3, 2, (t:0, i:0))
2022-10-09 13:05:50,915 [grpc-default-executor-0] INFO  impl.VoteContext (VoteContext.java:log(48)) - 0e0cd2e9-f605-4044-a07f-8c47171ce2f7@group-BF7723920FB3-FOLLOWER: reject ELECTION from 2d7a11ae-c5aa-41a6-85dc-c9a8e9cf90b2: already has voted for 864752fb-4a03-48f8-92e4-9b272ebf5ecd at current term 2
2022-10-09 13:05:50,915 [grpc-default-executor-0] INFO  server.RaftServer$Division (RaftServerImpl.java:requestVote(1184)) - 0e0cd2e9-f605-4044-a07f-8c47171ce2f7@group-BF7723920FB3 replies to ELECTION vote request: 2d7a11ae-c5aa-41a6-85dc-c9a8e9cf90b2<-0e0cd2e9-f605-4044-a07f-8c47171ce2f7#0:FAIL-t2. Peer's state: 0e0cd2e9-f605-4044-a07f-8c47171ce2f7@group-BF7723920FB3:t2, leader=null, voted=864752fb-4a03-48f8-92e4-9b272ebf5ecd, raftlog=0e0cd2e9-f605-4044-a07f-8c47171ce2f7@group-BF7723920FB3-SegmentedRaftLog:OPENED:c-1, conf=-1: [2d7a11ae-c5aa-41a6-85dc-c9a8e9cf90b2|rpc:10.1.0.209:34267|priority:1, 864752fb-4a03-48f8-92e4-9b272ebf5ecd|rpc:10.1.0.209:36301|priority:0, 0e0cd2e9-f605-4044-a07f-8c47171ce2f7|rpc:10.1.0.209:36435|priority:0], old=null
2022-10-09 13:05:50,888 [864752fb-4a03-48f8-92e4-9b272ebf5ecd@group-BF7723920FB3-LeaderElection24] INFO  impl.LeaderElection (LeaderElection.java:logAndReturn(90)) - 864752fb-4a03-48f8-92e4-9b272ebf5ecd@group-BF7723920FB3-LeaderElection24: ELECTION REJECTED received 2 response(s) and 0 exception(s):
2022-10-09 13:05:50,940 [864752fb-4a03-48f8-92e4-9b272ebf5ecd@group-BF7723920FB3-LeaderElection24] INFO  impl.LeaderElection (LeaderElection.java:logAndReturn(94)) -   Response 0: 864752fb-4a03-48f8-92e4-9b272ebf5ecd<-2d7a11ae-c5aa-41a6-85dc-c9a8e9cf90b2#0:FAIL-t2
2022-10-09 13:05:50,941 [864752fb-4a03-48f8-92e4-9b272ebf5ecd@group-BF7723920FB3-LeaderElection24] INFO  impl.LeaderElection (LeaderElection.java:logAndReturn(94)) -   Response 1: 864752fb-4a03-48f8-92e4-9b272ebf5ecd<-0e0cd2e9-f605-4044-a07f-8c47171ce2f7#0:OK-t2
2022-10-09 13:05:50,941 [864752fb-4a03-48f8-92e4-9b272ebf5ecd@group-BF7723920FB3-LeaderElection24] INFO  impl.LeaderElection (LeaderElection.java:askForVotes(312)) - 864752fb-4a03-48f8-92e4-9b272ebf5ecd@group-BF7723920FB3-LeaderElection24 ELECTION round 0: result REJECTED
2022-10-09 13:05:50,941 [864752fb-4a03-48f8-92e4-9b272ebf5ecd@group-BF7723920FB3-LeaderElection24] INFO  server.RaftServer$Division (RaftServerImpl.java:setRole(299)) - 864752fb-4a03-48f8-92e4-9b272ebf5ecd@group-BF7723920FB3: changes role from CANDIDATE to FOLLOWER at term 2 for REJECTED
2022-10-09 13:05:50,941 [864752fb-4a03-48f8-92e4-9b272ebf5ecd@group-BF7723920FB3-LeaderElection24] INFO  impl.RoleInfo (RoleInfo.java:shutdownLeaderElection(130)) - 864752fb-4a03-48f8-92e4-9b272ebf5ecd: shutdown 864752fb-4a03-48f8-92e4-9b272ebf5ecd@group-BF7723920FB3-LeaderElection24
2022-10-09 13:05:50,941 [864752fb-4a03-48f8-92e4-9b272ebf5ecd@group-BF7723920FB3-LeaderElection24] INFO  impl.RoleInfo (RoleInfo.java:updateAndGet(139)) - 864752fb-4a03-48f8-92e4-9b272ebf5ecd: start 864752fb-4a03-48f8-92e4-9b272ebf5ecd@group-BF7723920FB3-FollowerState
2022-10-09 13:05:50,941 [2d7a11ae-c5aa-41a6-85dc-c9a8e9cf90b2@group-BF7723920FB3-LeaderElection23] INFO  impl.LeaderElection (LeaderElection.java:logAndReturn(90)) - 2d7a11ae-c5aa-41a6-85dc-c9a8e9cf90b2@group-BF7723920FB3-LeaderElection23: ELECTION REJECTED received 2 response(s) and 0 exception(s):
2022-10-09 13:05:50,957 [2d7a11ae-c5aa-41a6-85dc-c9a8e9cf90b2@group-BF7723920FB3-LeaderElection23] INFO  impl.LeaderElection (LeaderElection.java:logAndReturn(94)) -   Response 0: 2d7a11ae-c5aa-41a6-85dc-c9a8e9cf90b2<-864752fb-4a03-48f8-92e4-9b272ebf5ecd#0:FAIL-t2
2022-10-09 13:05:50,957 [2d7a11ae-c5aa-41a6-85dc-c9a8e9cf90b2@group-BF7723920FB3-LeaderElection23] INFO  impl.LeaderElection (LeaderElection.java:logAndReturn(94)) -   Response 1: 2d7a11ae-c5aa-41a6-85dc-c9a8e9cf90b2<-0e0cd2e9-f605-4044-a07f-8c47171ce2f7#0:FAIL-t2
2022-10-09 13:05:50,957 [2d7a11ae-c5aa-41a6-85dc-c9a8e9cf90b2@group-BF7723920FB3-LeaderElection23] INFO  impl.LeaderElection (LeaderElection.java:askForVotes(312)) - 2d7a11ae-c5aa-41a6-85dc-c9a8e9cf90b2@group-BF7723920FB3-LeaderElection23 ELECTION round 0: result REJECTED
2022-10-09 13:05:50,957 [2d7a11ae-c5aa-41a6-85dc-c9a8e9cf90b2@group-BF7723920FB3-LeaderElection23] INFO  server.RaftServer$Division (RaftServerImpl.java:setRole(299)) - 2d7a11ae-c5aa-41a6-85dc-c9a8e9cf90b2@group-BF7723920FB3: changes role from CANDIDATE to FOLLOWER at term 2 for REJECTED
2022-10-09 13:05:50,957 [2d7a11ae-c5aa-41a6-85dc-c9a8e9cf90b2@group-BF7723920FB3-LeaderElection23] INFO  impl.RoleInfo (RoleInfo.java:shutdownLeaderElection(130)) - 2d7a11ae-c5aa-41a6-85dc-c9a8e9cf90b2: shutdown 2d7a11ae-c5aa-41a6-85dc-c9a8e9cf90b2@group-BF7723920FB3-LeaderElection23
2022-10-09 13:05:50,957 [2d7a11ae-c5aa-41a6-85dc-c9a8e9cf90b2@group-BF7723920FB3-LeaderElection23] INFO  impl.RoleInfo (RoleInfo.java:updateAndGet(139)) - 2d7a11ae-c5aa-41a6-85dc-c9a8e9cf90b2: start 2d7a11ae-c5aa-41a6-85dc-c9a8e9cf90b2@group-BF7723920FB3-FollowerState
2022-10-09 13:05:51,000 [864752fb-4a03-48f8-92e4-9b272ebf5ecd@group-612B0C1FFEC3-FollowerState] INFO  impl.FollowerState (FollowerState.java:run(143)) - 864752fb-4a03-48f8-92e4-9b272ebf5ecd@group-612B0C1FFEC3-FollowerState: change to CANDIDATE, lastRpcElapsedTime:5134336232ns, electionTimeout:5107ms
2022-10-09 13:05:51,000 [864752fb-4a03-48f8-92e4-9b272ebf5ecd@group-612B0C1FFEC3-FollowerState] INFO  impl.RoleInfo (RoleInfo.java:shutdownFollowerState(110)) - 864752fb-4a03-48f8-92e4-9b272ebf5ecd: shutdown 864752fb-4a03-48f8-92e4-9b272ebf5ecd@group-612B0C1FFEC3-FollowerState
2022-10-09 13:05:51,000 [864752fb-4a03-48f8-92e4-9b272ebf5ecd@group-612B0C1FFEC3-FollowerState] INFO  server.RaftServer$Division (RaftServerImpl.java:setRole(299)) - 864752fb-4a03-48f8-92e4-9b272ebf5ecd@group-612B0C1FFEC3: changes role from  FOLLOWER to CANDIDATE at term 1 for changeToCandidate
2022-10-09 13:05:51,000 [864752fb-4a03-48f8-92e4-9b272ebf5ecd@group-612B0C1FFEC3-FollowerState] INFO  server.RaftServerConfigKeys (ConfUtils.java:logGet(46)) - raft.server.leaderelection.pre-vote = false (custom)
2022-10-09 13:05:51,000 [864752fb-4a03-48f8-92e4-9b272ebf5ecd@group-612B0C1FFEC3-FollowerState] INFO  impl.RoleInfo (RoleInfo.java:updateAndGet(139)) - 864752fb-4a03-48f8-92e4-9b272ebf5ecd: start 864752fb-4a03-48f8-92e4-9b272ebf5ecd@group-612B0C1FFEC3-LeaderElection26
2022-10-09 13:05:51,000 [2d7a11ae-c5aa-41a6-85dc-c9a8e9cf90b2@group-612B0C1FFEC3-FollowerState] INFO  impl.FollowerState (FollowerState.java:run(143)) - 2d7a11ae-c5aa-41a6-85dc-c9a8e9cf90b2@group-612B0C1FFEC3-FollowerState: change to CANDIDATE, lastRpcElapsedTime:5128962470ns, electionTimeout:5120ms
2022-10-09 13:05:51,000 [2d7a11ae-c5aa-41a6-85dc-c9a8e9cf90b2@group-612B0C1FFEC3-FollowerState] INFO  impl.RoleInfo (RoleInfo.java:shutdownFollowerState(110)) - 2d7a11ae-c5aa-41a6-85dc-c9a8e9cf90b2: shutdown 2d7a11ae-c5aa-41a6-85dc-c9a8e9cf90b2@group-612B0C1FFEC3-FollowerState
2022-10-09 13:05:51,000 [2d7a11ae-c5aa-41a6-85dc-c9a8e9cf90b2@group-612B0C1FFEC3-FollowerState] INFO  server.RaftServer$Division (RaftServerImpl.java:setRole(299)) - 2d7a11ae-c5aa-41a6-85dc-c9a8e9cf90b2@group-612B0C1FFEC3: changes role from  FOLLOWER to CANDIDATE at term 1 for changeToCandidate
2022-10-09 13:05:51,006 [2d7a11ae-c5aa-41a6-85dc-c9a8e9cf90b2@group-612B0C1FFEC3-FollowerState] INFO  server.RaftServerConfigKeys (ConfUtils.java:logGet(46)) - raft.server.leaderelection.pre-vote = false (custom)
2022-10-09 13:05:51,006 [2d7a11ae-c5aa-41a6-85dc-c9a8e9cf90b2@group-612B0C1FFEC3-FollowerState] INFO  impl.RoleInfo (RoleInfo.java:updateAndGet(139)) - 2d7a11ae-c5aa-41a6-85dc-c9a8e9cf90b2: start 2d7a11ae-c5aa-41a6-85dc-c9a8e9cf90b2@group-612B0C1FFEC3-LeaderElection27
2022-10-09 13:05:51,022 [864752fb-4a03-48f8-92e4-9b272ebf5ecd@group-612B0C1FFEC3-LeaderElection26] INFO  impl.LeaderElection (LeaderElection.java:askForVotes(310)) - 864752fb-4a03-48f8-92e4-9b272ebf5ecd@group-612B0C1FFEC3-LeaderElection26 ELECTION round 0: submit vote requests at term 2 for -1: [2d7a11ae-c5aa-41a6-85dc-c9a8e9cf90b2|rpc:10.1.0.209:34267|dataStream:|priority:0, 864752fb-4a03-48f8-92e4-9b272ebf5ecd|rpc:10.1.0.209:36301|dataStream:|priority:1, 0e0cd2e9-f605-4044-a07f-8c47171ce2f7|rpc:10.1.0.209:36435|dataStream:|priority:0], old=null
2022-10-09 13:05:51,034 [grpc-default-executor-0] INFO  server.RaftServer$Division (RaftServerImpl.java:requestVote(1152)) - 2d7a11ae-c5aa-41a6-85dc-c9a8e9cf90b2@group-612B0C1FFEC3: receive requestVote(ELECTION, 864752fb-4a03-48f8-92e4-9b272ebf5ecd, group-612B0C1FFEC3, 2, (t:0, i:0))
2022-10-09 13:05:51,034 [grpc-default-executor-0] INFO  impl.VoteContext (VoteContext.java:log(48)) - 2d7a11ae-c5aa-41a6-85dc-c9a8e9cf90b2@group-612B0C1FFEC3-CANDIDATE: accept ELECTION from 864752fb-4a03-48f8-92e4-9b272ebf5ecd: our priority 0 <= candidate's priority 1
2022-10-09 13:05:51,034 [grpc-default-executor-0] INFO  server.RaftServer$Division (RaftServerImpl.java:setRole(299)) - 2d7a11ae-c5aa-41a6-85dc-c9a8e9cf90b2@group-612B0C1FFEC3: changes role from CANDIDATE to FOLLOWER at term 2 for candidate:864752fb-4a03-48f8-92e4-9b272ebf5ecd
2022-10-09 13:05:51,034 [grpc-default-executor-0] INFO  impl.RoleInfo (RoleInfo.java:shutdownLeaderElection(130)) - 2d7a11ae-c5aa-41a6-85dc-c9a8e9cf90b2: shutdown 2d7a11ae-c5aa-41a6-85dc-c9a8e9cf90b2@group-612B0C1FFEC3-LeaderElection27
2022-10-09 13:05:51,034 [grpc-default-executor-0] INFO  impl.RoleInfo (RoleInfo.java:updateAndGet(139)) - 2d7a11ae-c5aa-41a6-85dc-c9a8e9cf90b2: start 2d7a11ae-c5aa-41a6-85dc-c9a8e9cf90b2@group-612B0C1FFEC3-FollowerState
2022-10-09 13:05:51,035 [grpc-default-executor-2] INFO  server.RaftServer$Division (RaftServerImpl.java:requestVote(1152)) - 0e0cd2e9-f605-4044-a07f-8c47171ce2f7@group-612B0C1FFEC3: receive requestVote(ELECTION, 864752fb-4a03-48f8-92e4-9b272ebf5ecd, group-612B0C1FFEC3, 2, (t:0, i:0))
2022-10-09 13:05:51,046 [grpc-default-executor-2] INFO  impl.VoteContext (VoteContext.java:log(48)) - 0e0cd2e9-f605-4044-a07f-8c47171ce2f7@group-612B0C1FFEC3-FOLLOWER: accept ELECTION from 864752fb-4a03-48f8-92e4-9b272ebf5ecd: our priority 0 <= candidate's priority 1
2022-10-09 13:05:51,046 [grpc-default-executor-2] INFO  server.RaftServer$Division (RaftServerImpl.java:setRole(299)) - 0e0cd2e9-f605-4044-a07f-8c47171ce2f7@group-612B0C1FFEC3: changes role from  FOLLOWER to FOLLOWER at term 2 for candidate:864752fb-4a03-48f8-92e4-9b272ebf5ecd
2022-10-09 13:05:51,046 [grpc-default-executor-2] INFO  impl.RoleInfo (RoleInfo.java:shutdownFollowerState(110)) - 0e0cd2e9-f605-4044-a07f-8c47171ce2f7: shutdown 0e0cd2e9-f605-4044-a07f-8c47171ce2f7@group-612B0C1FFEC3-FollowerState
2022-10-09 13:05:51,046 [grpc-default-executor-2] INFO  impl.RoleInfo (RoleInfo.java:updateAndGet(139)) - 0e0cd2e9-f605-4044-a07f-8c47171ce2f7: start 0e0cd2e9-f605-4044-a07f-8c47171ce2f7@group-612B0C1FFEC3-FollowerState
2022-10-09 13:05:51,046 [0e0cd2e9-f605-4044-a07f-8c47171ce2f7@group-612B0C1FFEC3-FollowerState] INFO  impl.FollowerState (FollowerState.java:run(152)) - 0e0cd2e9-f605-4044-a07f-8c47171ce2f7@group-612B0C1FFEC3-FollowerState was interrupted
2022-10-09 13:05:51,047 [grpc-default-executor-2] INFO  server.RaftServer$Division (RaftServerImpl.java:requestVote(1184)) - 0e0cd2e9-f605-4044-a07f-8c47171ce2f7@group-612B0C1FFEC3 replies to ELECTION vote request: 864752fb-4a03-48f8-92e4-9b272ebf5ecd<-0e0cd2e9-f605-4044-a07f-8c47171ce2f7#0:OK-t2. Peer's state: 0e0cd2e9-f605-4044-a07f-8c47171ce2f7@group-612B0C1FFEC3:t2, leader=null, voted=864752fb-4a03-48f8-92e4-9b272ebf5ecd, raftlog=0e0cd2e9-f605-4044-a07f-8c47171ce2f7@group-612B0C1FFEC3-SegmentedRaftLog:OPENED:c-1, conf=-1: [2d7a11ae-c5aa-41a6-85dc-c9a8e9cf90b2|rpc:10.1.0.209:34267|priority:0, 864752fb-4a03-48f8-92e4-9b272ebf5ecd|rpc:10.1.0.209:36301|priority:1, 0e0cd2e9-f605-4044-a07f-8c47171ce2f7|rpc:10.1.0.209:36435|priority:0], old=null
2022-10-09 13:05:51,053 [grpc-default-executor-0] INFO  server.RaftServer$Division (RaftServerImpl.java:requestVote(1184)) - 2d7a11ae-c5aa-41a6-85dc-c9a8e9cf90b2@group-612B0C1FFEC3 replies to ELECTION vote request: 864752fb-4a03-48f8-92e4-9b272ebf5ecd<-2d7a11ae-c5aa-41a6-85dc-c9a8e9cf90b2#0:OK-t2. Peer's state: 2d7a11ae-c5aa-41a6-85dc-c9a8e9cf90b2@group-612B0C1FFEC3:t2, leader=null, voted=864752fb-4a03-48f8-92e4-9b272ebf5ecd, raftlog=2d7a11ae-c5aa-41a6-85dc-c9a8e9cf90b2@group-612B0C1FFEC3-SegmentedRaftLog:OPENED:c-1, conf=-1: [2d7a11ae-c5aa-41a6-85dc-c9a8e9cf90b2|rpc:10.1.0.209:34267|dataStream:|priority:0, 864752fb-4a03-48f8-92e4-9b272ebf5ecd|rpc:10.1.0.209:36301|dataStream:|priority:1, 0e0cd2e9-f605-4044-a07f-8c47171ce2f7|rpc:10.1.0.209:36435|dataStream:|priority:0], old=null
2022-10-09 13:05:51,061 [864752fb-4a03-48f8-92e4-9b272ebf5ecd@group-612B0C1FFEC3-LeaderElection26] INFO  impl.LeaderElection (LeaderElection.java:logAndReturn(90)) - 864752fb-4a03-48f8-92e4-9b272ebf5ecd@group-612B0C1FFEC3-LeaderElection26: ELECTION PASSED received 1 response(s) and 0 exception(s):
2022-10-09 13:05:51,061 [864752fb-4a03-48f8-92e4-9b272ebf5ecd@group-612B0C1FFEC3-LeaderElection26] INFO  impl.LeaderElection (LeaderElection.java:logAndReturn(94)) -   Response 0: 864752fb-4a03-48f8-92e4-9b272ebf5ecd<-2d7a11ae-c5aa-41a6-85dc-c9a8e9cf90b2#0:OK-t2
2022-10-09 13:05:51,061 [864752fb-4a03-48f8-92e4-9b272ebf5ecd@group-612B0C1FFEC3-LeaderElection26] INFO  impl.LeaderElection (LeaderElection.java:askForVotes(312)) - 864752fb-4a03-48f8-92e4-9b272ebf5ecd@group-612B0C1FFEC3-LeaderElection26 ELECTION round 0: result PASSED
2022-10-09 13:05:51,061 [864752fb-4a03-48f8-92e4-9b272ebf5ecd@group-612B0C1FFEC3-LeaderElection26] INFO  impl.RoleInfo (RoleInfo.java:shutdownLeaderElection(130)) - 864752fb-4a03-48f8-92e4-9b272ebf5ecd: shutdown 864752fb-4a03-48f8-92e4-9b272ebf5ecd@group-612B0C1FFEC3-LeaderElection26
2022-10-09 13:05:51,061 [864752fb-4a03-48f8-92e4-9b272ebf5ecd@group-612B0C1FFEC3-LeaderElection26] INFO  server.RaftServer$Division (RaftServerImpl.java:setRole(299)) - 864752fb-4a03-48f8-92e4-9b272ebf5ecd@group-612B0C1FFEC3: changes role from CANDIDATE to LEADER at term 2 for changeToLeader
2022-10-09 13:05:51,061 [864752fb-4a03-48f8-92e4-9b272ebf5ecd@group-612B0C1FFEC3-LeaderElection26] INFO  ratis.XceiverServerRatis (XceiverServerRatis.java:handleLeaderChangedNotification(863)) - Leader change notification received for group: group-612B0C1FFEC3 with new leaderId: 864752fb-4a03-48f8-92e4-9b272ebf5ecd
2022-10-09 13:05:51,061 [864752fb-4a03-48f8-92e4-9b272ebf5ecd@group-612B0C1FFEC3-LeaderElection26] INFO  server.RaftServer$Division (ServerState.java:setLeader(287)) - 864752fb-4a03-48f8-92e4-9b272ebf5ecd@group-612B0C1FFEC3: change Leader from null to 864752fb-4a03-48f8-92e4-9b272ebf5ecd at term 2 for becomeLeader, leader elected after 10288ms
2022-10-09 13:05:51,061 [864752fb-4a03-48f8-92e4-9b272ebf5ecd@group-612B0C1FFEC3-LeaderElection26] INFO  server.RaftServerConfigKeys (ConfUtils.java:logGet(46)) - raft.server.staging.catchup.gap = 1000 (default)
2022-10-09 13:05:51,061 [864752fb-4a03-48f8-92e4-9b272ebf5ecd@group-612B0C1FFEC3-LeaderElection26] INFO  server.RaftServerConfigKeys (ConfUtils.java:logGet(46)) - raft.server.write.element-limit = 1024 (custom)
2022-10-09 13:05:51,061 [864752fb-4a03-48f8-92e4-9b272ebf5ecd@group-612B0C1FFEC3-LeaderElection26] INFO  server.RaftServerConfigKeys (ConfUtils.java:logGet(46)) - raft.server.write.byte-limit = 1024 M (=1073741824) (custom)
2022-10-09 13:05:51,062 [864752fb-4a03-48f8-92e4-9b272ebf5ecd@group-612B0C1FFEC3-LeaderElection26] INFO  server.RaftServerConfigKeys (ConfUtils.java:logGet(46)) - raft.server.watch.timeout = 180s (custom)
2022-10-09 13:05:51,062 [864752fb-4a03-48f8-92e4-9b272ebf5ecd@group-612B0C1FFEC3-LeaderElection26] INFO  server.RaftServerConfigKeys (ConfUtils.java:logGet(46)) - raft.server.watch.timeout.denomination = 1s (default)
2022-10-09 13:05:51,062 [864752fb-4a03-48f8-92e4-9b272ebf5ecd@group-612B0C1FFEC3-LeaderElection26] INFO  server.RaftServerConfigKeys (ConfUtils.java:logGet(46)) - raft.server.watch.element-limit = 65536 (default)
2022-10-09 13:05:51,062 [864752fb-4a03-48f8-92e4-9b272ebf5ecd@group-612B0C1FFEC3-LeaderElection26] INFO  server.RaftServerConfigKeys (ConfUtils.java:logGet(46)) - raft.server.write.element-limit = 1024 (custom)
2022-10-09 13:05:51,062 [864752fb-4a03-48f8-92e4-9b272ebf5ecd@group-612B0C1FFEC3-LeaderElection26] INFO  server.RaftServerConfigKeys (ConfUtils.java:logGet(46)) - raft.server.write.follower.gap.ratio.max = -1.0 (default)
2022-10-09 13:05:51,062 [864752fb-4a03-48f8-92e4-9b272ebf5ecd@group-612B0C1FFEC3-LeaderElection26] INFO  server.RaftServerConfigKeys (ConfUtils.java:logGet(46)) - raft.server.log.appender.snapshot.chunk.size.max = 16MB (=16777216) (default)
2022-10-09 13:05:51,062 [864752fb-4a03-48f8-92e4-9b272ebf5ecd@group-612B0C1FFEC3-LeaderElection26] INFO  server.RaftServerConfigKeys (ConfUtils.java:logGet(46)) - raft.server.log.appender.buffer.byte-limit = 33554432 (custom)
2022-10-09 13:05:51,062 [864752fb-4a03-48f8-92e4-9b272ebf5ecd@group-612B0C1FFEC3-LeaderElection26] INFO  server.RaftServerConfigKeys (ConfUtils.java:logGet(46)) - raft.server.log.appender.buffer.element-limit = 1 (custom)
2022-10-09 13:05:51,063 [864752fb-4a03-48f8-92e4-9b272ebf5ecd@group-612B0C1FFEC3-LeaderElection26] INFO  grpc.GrpcConfigKeys (ConfUtils.java:logGet(46)) - raft.grpc.server.leader.outstanding.appends.max = 128 (default)
2022-10-09 13:05:51,063 [864752fb-4a03-48f8-92e4-9b272ebf5ecd@group-612B0C1FFEC3-LeaderElection26] INFO  server.RaftServerConfigKeys (ConfUtils.java:logGet(46)) - raft.server.rpc.request.timeout = 60s (custom)
2022-10-09 13:05:51,063 [864752fb-4a03-48f8-92e4-9b272ebf5ecd@group-612B0C1FFEC3-LeaderElection26] INFO  server.RaftServerConfigKeys (ConfUtils.java:logGet(46)) - raft.server.log.appender.install.snapshot.enabled = false (custom)
2022-10-09 13:05:51,069 [864752fb-4a03-48f8-92e4-9b272ebf5ecd@group-612B0C1FFEC3-LeaderElection26] INFO  server.RaftServerConfigKeys (ConfUtils.java:logGet(46)) - raft.server.log.appender.snapshot.chunk.size.max = 16MB (=16777216) (default)
2022-10-09 13:05:51,069 [864752fb-4a03-48f8-92e4-9b272ebf5ecd@group-612B0C1FFEC3-LeaderElection26] INFO  server.RaftServerConfigKeys (ConfUtils.java:logGet(46)) - raft.server.log.appender.buffer.byte-limit = 33554432 (custom)
2022-10-09 13:05:51,069 [864752fb-4a03-48f8-92e4-9b272ebf5ecd@group-612B0C1FFEC3-LeaderElection26] INFO  server.RaftServerConfigKeys (ConfUtils.java:logGet(46)) - raft.server.log.appender.buffer.element-limit = 1 (custom)
2022-10-09 13:05:51,069 [864752fb-4a03-48f8-92e4-9b272ebf5ecd@group-612B0C1FFEC3-LeaderElection26] INFO  grpc.GrpcConfigKeys (ConfUtils.java:logGet(46)) - raft.grpc.server.leader.outstanding.appends.max = 128 (default)
2022-10-09 13:05:51,069 [864752fb-4a03-48f8-92e4-9b272ebf5ecd@group-612B0C1FFEC3-LeaderElection26] INFO  server.RaftServerConfigKeys (ConfUtils.java:logGet(46)) - raft.server.rpc.request.timeout = 60s (custom)
2022-10-09 13:05:51,069 [864752fb-4a03-48f8-92e4-9b272ebf5ecd@group-612B0C1FFEC3-LeaderElection26] INFO  server.RaftServerConfigKeys (ConfUtils.java:logGet(46)) - raft.server.log.appender.install.snapshot.enabled = false (custom)
2022-10-09 13:05:51,069 [864752fb-4a03-48f8-92e4-9b272ebf5ecd@group-612B0C1FFEC3-LeaderElection26] INFO  impl.RoleInfo (RoleInfo.java:updateAndGet(139)) - 864752fb-4a03-48f8-92e4-9b272ebf5ecd: start 864752fb-4a03-48f8-92e4-9b272ebf5ecd@group-612B0C1FFEC3-LeaderStateImpl
2022-10-09 13:05:51,075 [864752fb-4a03-48f8-92e4-9b272ebf5ecd@group-612B0C1FFEC3-LeaderElection26] INFO  segmented.SegmentedRaftLogWorker (SegmentedRaftLogWorker.java:startLogSegment(425)) - 864752fb-4a03-48f8-92e4-9b272ebf5ecd@group-612B0C1FFEC3-SegmentedRaftLogWorker: Starting segment from index:0
2022-10-09 13:05:51,076 [864752fb-4a03-48f8-92e4-9b272ebf5ecd@group-612B0C1FFEC3-SegmentedRaftLogWorker] INFO  segmented.SegmentedRaftLogWorker (SegmentedRaftLogWorker.java:execute(629)) - 864752fb-4a03-48f8-92e4-9b272ebf5ecd@group-612B0C1FFEC3-SegmentedRaftLogWorker: created new log segment /home/runner/work/ozone/ozone/hadoop-ozone/integration-test/target/test-dir/MiniOzoneClusterImpl-9b82f26c-8b94-4c2d-8316-029798bb519b/datanode-2/data/ratis/911adc24-8c4e-4715-94f6-612b0c1ffec3/current/log_inprogress_0
2022-10-09 13:05:51,084 [EventQueue-PipelineReportForPipelineReportHandler] INFO  pipeline.PipelineManagerImpl (PipelineManagerImpl.java:openPipeline(367)) - Pipeline Pipeline[ Id: 911adc24-8c4e-4715-94f6-612b0c1ffec3, Nodes: 864752fb-4a03-48f8-92e4-9b272ebf5ecd{ip: 10.1.0.209, host: fv-az212-628.zlodpucb4l4udavnfxg5s20dva.cx.internal.cloudapp.net, ports: [REPLICATION=45603, RATIS=36301, RATIS_ADMIN=36301, RATIS_SERVER=36301, STANDALONE=40617], networkLocation: /default-rack, certSerialId: null, persistedOpState: IN_SERVICE, persistedOpStateExpiryEpochSec: 0}0e0cd2e9-f605-4044-a07f-8c47171ce2f7{ip: 10.1.0.209, host: fv-az212-628.zlodpucb4l4udavnfxg5s20dva.cx.internal.cloudapp.net, ports: [REPLICATION=44807, RATIS=36435, RATIS_ADMIN=36435, RATIS_SERVER=36435, STANDALONE=40693], networkLocation: /default-rack, certSerialId: null, persistedOpState: IN_SERVICE, persistedOpStateExpiryEpochSec: 0}2d7a11ae-c5aa-41a6-85dc-c9a8e9cf90b2{ip: 10.1.0.209, host: fv-az212-628.zlodpucb4l4udavnfxg5s20dva.cx.internal.cloudapp.net, ports: [REPLICATION=37283, RATIS=34267, RATIS_ADMIN=34267, RATIS_SERVER=34267, STANDALONE=35587], networkLocation: /default-rack, certSerialId: null, persistedOpState: IN_SERVICE, persistedOpStateExpiryEpochSec: 0}, ReplicationConfig: RATIS/THREE, State:ALLOCATED, leaderId:864752fb-4a03-48f8-92e4-9b272ebf5ecd, CreationTimestamp2022-10-09T13:05:38.530Z[Etc/UTC]] moved to OPEN state
2022-10-09 13:05:51,085 [EventQueue-OpenPipelineForHealthyPipelineSafeModeRule] INFO  safemode.SCMSafeModeManager (HealthyPipelineSafeModeRule.java:process(137)) - SCM in safe mode. Healthy pipelines reported count is 0, required healthy pipeline reported count is 1
2022-10-09 13:05:51,085 [EventQueue-OpenPipelineForHealthyPipelineSafeModeRule] INFO  safemode.SCMSafeModeManager (HealthyPipelineSafeModeRule.java:process(137)) - SCM in safe mode. Healthy pipelines reported count is 1, required healthy pipeline reported count is 1
2022-10-09 13:05:51,085 [EventQueue-OpenPipelineForHealthyPipelineSafeModeRule] INFO  safemode.SCMSafeModeManager (SCMSafeModeManager.java:validateSafeModeExitRules(204)) - HealthyPipelineSafeModeRule rule is successfully validated
2022-10-09 13:05:51,085 [EventQueue-OpenPipelineForHealthyPipelineSafeModeRule] INFO  safemode.SCMSafeModeManager (SCMSafeModeManager.java:validateSafeModeExitRules(219)) - ScmSafeModeManager, all rules are successfully validated
2022-10-09 13:05:51,085 [EventQueue-OpenPipelineForHealthyPipelineSafeModeRule] INFO  safemode.SCMSafeModeManager (SCMSafeModeManager.java:exitSafeMode(248)) - SCM exiting safe mode.
2022-10-09 13:05:51,085 [EventQueue-OpenPipelineForHealthyPipelineSafeModeRule] WARN  events.EventQueue (EventQueue.java:fireEvent(216)) - No event handler registered for event TypedEvent{payloadType=SafeModeStatus, name='Safe mode status'}
2022-10-09 13:05:51,085 [EventQueue-OpenPipelineForHealthyPipelineSafeModeRule] INFO  ha.SCMContext (SCMContext.java:updateSafeModeStatus(228)) - Update SafeModeStatus from SafeModeStatus{safeModeStatus=true, preCheckPassed=true} to SafeModeStatus{safeModeStatus=false, preCheckPassed=true}.
2022-10-09 13:05:51,085 [EventQueue-OpenPipelineForHealthyPipelineSafeModeRule] INFO  pipeline.BackgroundPipelineCreator (BackgroundPipelineCreator.java:notifyStatusChanged(254)) - Service BackgroundPipelineCreator transitions to RUNNING.
2022-10-09 13:05:51,085 [EventQueue-OpenPipelineForHealthyPipelineSafeModeRule] INFO  BackgroundPipelineScrubber (BackgroundSCMService.java:notifyStatusChanged(82)) - Service BackgroundPipelineScrubber transitions to RUNNING.
2022-10-09 13:05:51,085 [EventQueue-OpenPipelineForHealthyPipelineSafeModeRule] INFO  ExpiredContainerReplicaOpScrubber (BackgroundSCMService.java:notifyStatusChanged(82)) - Service ExpiredContainerReplicaOpScrubber transitions to RUNNING.
2022-10-09 13:05:51,085 [EventQueue-OpenPipelineForHealthyPipelineSafeModeRule] INFO  replication.ReplicationManager (ReplicationManager.java:notifyStatusChanged(728)) - Service ReplicationManager transitions to RUNNING.
2022-10-09 13:05:51,085 [EventQueue-OpenPipelineForHealthyPipelineSafeModeRule] WARN  balancer.ContainerBalancer (ContainerBalancer.java:shouldRun(936)) - Could not find persisted configuration for ContainerBalancer when checking if ContainerBalancer should run. ContainerBalancer should not run now.
2022-10-09 13:05:51,096 [864752fb-4a03-48f8-92e4-9b272ebf5ecd@group-612B0C1FFEC3-LeaderElection26] INFO  server.RaftServer$Division (ServerState.java:setRaftConf(393)) - 864752fb-4a03-48f8-92e4-9b272ebf5ecd@group-612B0C1FFEC3: set configuration 0: [2d7a11ae-c5aa-41a6-85dc-c9a8e9cf90b2|rpc:10.1.0.209:34267|dataStream:|priority:0, 864752fb-4a03-48f8-92e4-9b272ebf5ecd|rpc:10.1.0.209:36301|dataStream:|priority:1, 0e0cd2e9-f605-4044-a07f-8c47171ce2f7|rpc:10.1.0.209:36435|dataStream:|priority:0], old=null
2022-10-09 13:05:51,180 [2d7a11ae-c5aa-41a6-85dc-c9a8e9cf90b2-server-thread1] INFO  ratis.XceiverServerRatis (XceiverServerRatis.java:handleLeaderChangedNotification(863)) - Leader change notification received for group: group-612B0C1FFEC3 with new leaderId: 864752fb-4a03-48f8-92e4-9b272ebf5ecd
2022-10-09 13:05:51,180 [2d7a11ae-c5aa-41a6-85dc-c9a8e9cf90b2-server-thread1] INFO  server.RaftServer$Division (ServerState.java:setLeader(287)) - 2d7a11ae-c5aa-41a6-85dc-c9a8e9cf90b2@group-612B0C1FFEC3: change Leader from null to 864752fb-4a03-48f8-92e4-9b272ebf5ecd at term 2 for appendEntries, leader elected after 10175ms
2022-10-09 13:05:51,212 [2d7a11ae-c5aa-41a6-85dc-c9a8e9cf90b2-server-thread1] INFO  server.RaftServer$Division (ServerState.java:setRaftConf(393)) - 2d7a11ae-c5aa-41a6-85dc-c9a8e9cf90b2@group-612B0C1FFEC3: set configuration 0: [2d7a11ae-c5aa-41a6-85dc-c9a8e9cf90b2|rpc:10.1.0.209:34267|dataStream:|priority:0, 864752fb-4a03-48f8-92e4-9b272ebf5ecd|rpc:10.1.0.209:36301|dataStream:|priority:1, 0e0cd2e9-f605-4044-a07f-8c47171ce2f7|rpc:10.1.0.209:36435|dataStream:|priority:0], old=null
2022-10-09 13:05:51,212 [2d7a11ae-c5aa-41a6-85dc-c9a8e9cf90b2-server-thread1] INFO  segmented.SegmentedRaftLogWorker (SegmentedRaftLogWorker.java:startLogSegment(425)) - 2d7a11ae-c5aa-41a6-85dc-c9a8e9cf90b2@group-612B0C1FFEC3-SegmentedRaftLogWorker: Starting segment from index:0
2022-10-09 13:05:51,215 [2d7a11ae-c5aa-41a6-85dc-c9a8e9cf90b2@group-612B0C1FFEC3-SegmentedRaftLogWorker] INFO  segmented.SegmentedRaftLogWorker (SegmentedRaftLogWorker.java:execute(629)) - 2d7a11ae-c5aa-41a6-85dc-c9a8e9cf90b2@group-612B0C1FFEC3-SegmentedRaftLogWorker: created new log segment /home/runner/work/ozone/ozone/hadoop-ozone/integration-test/target/test-dir/MiniOzoneClusterImpl-9b82f26c-8b94-4c2d-8316-029798bb519b/datanode-1/data/ratis/911adc24-8c4e-4715-94f6-612b0c1ffec3/current/log_inprogress_0
2022-10-09 13:05:51,228 [0e0cd2e9-f605-4044-a07f-8c47171ce2f7-server-thread1] INFO  ratis.XceiverServerRatis (XceiverServerRatis.java:handleLeaderChangedNotification(863)) - Leader change notification received for group: group-612B0C1FFEC3 with new leaderId: 864752fb-4a03-48f8-92e4-9b272ebf5ecd
2022-10-09 13:05:51,229 [0e0cd2e9-f605-4044-a07f-8c47171ce2f7-server-thread1] INFO  server.RaftServer$Division (ServerState.java:setLeader(287)) - 0e0cd2e9-f605-4044-a07f-8c47171ce2f7@group-612B0C1FFEC3: change Leader from null to 864752fb-4a03-48f8-92e4-9b272ebf5ecd at term 2 for appendEntries, leader elected after 10538ms
2022-10-09 13:05:51,255 [0e0cd2e9-f605-4044-a07f-8c47171ce2f7-server-thread1] INFO  server.RaftServer$Division (ServerState.java:setRaftConf(393)) - 0e0cd2e9-f605-4044-a07f-8c47171ce2f7@group-612B0C1FFEC3: set configuration 0: [2d7a11ae-c5aa-41a6-85dc-c9a8e9cf90b2|rpc:10.1.0.209:34267|dataStream:|priority:0, 864752fb-4a03-48f8-92e4-9b272ebf5ecd|rpc:10.1.0.209:36301|dataStream:|priority:1, 0e0cd2e9-f605-4044-a07f-8c47171ce2f7|rpc:10.1.0.209:36435|dataStream:|priority:0], old=null
2022-10-09 13:05:51,255 [0e0cd2e9-f605-4044-a07f-8c47171ce2f7-server-thread1] INFO  segmented.SegmentedRaftLogWorker (SegmentedRaftLogWorker.java:startLogSegment(425)) - 0e0cd2e9-f605-4044-a07f-8c47171ce2f7@group-612B0C1FFEC3-SegmentedRaftLogWorker: Starting segment from index:0
2022-10-09 13:05:51,259 [0e0cd2e9-f605-4044-a07f-8c47171ce2f7@group-612B0C1FFEC3-SegmentedRaftLogWorker] INFO  segmented.SegmentedRaftLogWorker (SegmentedRaftLogWorker.java:execute(629)) - 0e0cd2e9-f605-4044-a07f-8c47171ce2f7@group-612B0C1FFEC3-SegmentedRaftLogWorker: created new log segment /home/runner/work/ozone/ozone/hadoop-ozone/integration-test/target/test-dir/MiniOzoneClusterImpl-9b82f26c-8b94-4c2d-8316-029798bb519b/datanode-0/data/ratis/911adc24-8c4e-4715-94f6-612b0c1ffec3/current/log_inprogress_0
2022-10-09 13:05:51,778 [Listener at 127.0.0.1/44209] INFO  ozone.MiniOzoneClusterImpl (MiniOzoneClusterImpl.java:lambda$waitForClusterToBeReady$0(216)) - Nodes are ready. Got 5 of 5 DN Heartbeats.
2022-10-09 13:05:51,779 [Listener at 127.0.0.1/44209] INFO  ozone.MiniOzoneClusterImpl (MiniOzoneClusterImpl.java:lambda$waitForClusterToBeReady$0(219)) - Cluster exits safe mode
2022-10-09 13:05:51,779 [Listener at 127.0.0.1/44209] INFO  ozone.MiniOzoneClusterImpl (MiniOzoneClusterImpl.java:lambda$waitForClusterToBeReady$0(221)) - SCM became leader
2022-10-09 13:05:51,834 [Listener at 127.0.0.1/44209] INFO  rpc.RpcClient (RpcClient.java:createVolume(471)) - Creating Volume: volume66281, with user18879 as owner and space quota set to -1 bytes, counts quota set to -1
2022-10-09 13:05:51,835 [IPC Server handler 9 on default port 44209] INFO  volume.OMVolumeCreateRequest (OMVolumeCreateRequest.java:validateAndUpdateCache(195)) - created volume:volume66281 for user:user18879
2022-10-09 13:05:51,849 [Listener at 127.0.0.1/44209] INFO  rpc.RpcClient (RpcClient.java:createBucket(674)) - Creating Bucket: volume66281/bucket85504, with bucket layout LEGACY, runner as owner, Versioning false, Storage Type set to DISK and Encryption set to false 
2022-10-09 13:05:51,850 [IPC Server handler 3 on default port 44209] INFO  bucket.OMBucketCreateRequest (OMBucketCreateRequest.java:validateAndUpdateCache(260)) - created bucket: bucket85504 of layout LEGACY in volume: volume66281
]]></system-out>
  </testcase>
  <testcase name="testGetTrashRoot" classname="TestOzoneFileSystem" time="48.635">
    <system-out><![CDATA[2022-10-09 13:06:30,128 [Listener at 127.0.0.1/44209] INFO  ozone.MiniOzoneClusterImpl (MiniOzoneClusterImpl.java:shutdown(448)) - Shutting down the Mini Ozone Cluster
2022-10-09 13:06:30,128 [Listener at 127.0.0.1/44209] INFO  ozone.MiniOzoneClusterImpl (MiniOzoneClusterImpl.java:stop(463)) - Stopping the Mini Ozone Cluster
2022-10-09 13:06:30,128 [Listener at 127.0.0.1/44209] INFO  ozone.MiniOzoneClusterImpl (MiniOzoneClusterImpl.java:stopOM(545)) - Stopping the OzoneManager
2022-10-09 13:06:30,128 [Listener at 127.0.0.1/44209] INFO  om.OzoneManager (OzoneManager.java:stop(2036)) - om1[localhost:0]: Stopping Ozone Manager
2022-10-09 13:06:30,128 [Listener at 127.0.0.1/44209] INFO  ipc.Server (Server.java:stop(3414)) - Stopping server on 44209
2022-10-09 13:06:30,141 [Listener at 127.0.0.1/44209] INFO  ratis.OzoneManagerDoubleBuffer (OzoneManagerDoubleBuffer.java:stop(466)) - Stopping OMDoubleBuffer flush thread
2022-10-09 13:06:30,142 [IPC Server listener on 0] INFO  ipc.Server (Server.java:run(1376)) - Stopping IPC Server listener on 0
2022-10-09 13:06:30,146 [IPC Server Responder] INFO  ipc.Server (Server.java:run(1512)) - Stopping IPC Server Responder
2022-10-09 13:06:30,146 [OMDoubleBufferFlushThread] INFO  ratis.OzoneManagerDoubleBuffer (OzoneManagerDoubleBuffer.java:flushTransactions(385)) - OMDoubleBuffer flush thread OMDoubleBufferFlushThread is interrupted and will exit.
2022-10-09 13:06:30,146 [Listener at 127.0.0.1/44209] INFO  utils.BackgroundService (BackgroundService.java:shutdown(141)) - Shutting down service KeyDeletingService
2022-10-09 13:06:30,151 [Listener at 127.0.0.1/44209] INFO  utils.BackgroundService (BackgroundService.java:shutdown(141)) - Shutting down service DirectoryDeletingService
2022-10-09 13:06:30,152 [Listener at 127.0.0.1/44209] INFO  utils.BackgroundService (BackgroundService.java:shutdown(141)) - Shutting down service OpenKeyCleanupService
2022-10-09 13:06:30,153 [Listener at 127.0.0.1/44209] INFO  handler.ContextHandler (ContextHandler.java:doStop(1153)) - Stopped o.e.j.w.WebAppContext@423c246a{ozoneManager,/,null,STOPPED}{file:/home/runner/work/ozone/ozone/hadoop-ozone/integration-test/target/test-classes/webapps/ozoneManager}
2022-10-09 13:06:30,154 [Listener at 127.0.0.1/44209] INFO  server.AbstractConnector (AbstractConnector.java:doStop(381)) - Stopped ServerConnector@5ec3039b{HTTP/1.1, (http/1.1)}{0.0.0.0:0}
2022-10-09 13:06:30,154 [Listener at 127.0.0.1/44209] INFO  server.session (HouseKeeper.java:stopScavenging(149)) - node0 Stopped scavenging
2022-10-09 13:06:30,154 [Listener at 127.0.0.1/44209] INFO  handler.ContextHandler (ContextHandler.java:doStop(1153)) - Stopped o.e.j.s.ServletContextHandler@79cbc176{static,/static,file:///home/runner/work/ozone/ozone/hadoop-ozone/integration-test/target/test-classes/webapps/static,STOPPED}
2022-10-09 13:06:30,154 [Listener at 127.0.0.1/44209] INFO  handler.ContextHandler (ContextHandler.java:doStop(1153)) - Stopped o.e.j.s.ServletContextHandler@4feee852{logs,/logs,file:///home/runner/work/ozone/ozone/hadoop-ozone/integration-test/target/log,STOPPED}
2022-10-09 13:06:30,158 [Trash Emptier] ERROR om.TrashPolicyOzone (TrashPolicyOzone.java:run(251)) - Error attempting to shutdown
java.lang.InterruptedException
	at java.util.concurrent.locks.AbstractQueuedSynchronizer$ConditionObject.awaitNanos(AbstractQueuedSynchronizer.java:2072)
	at java.util.concurrent.ThreadPoolExecutor.awaitTermination(ThreadPoolExecutor.java:1475)
	at org.apache.hadoop.ozone.om.TrashPolicyOzone$Emptier.run(TrashPolicyOzone.java:249)
	at java.lang.Thread.run(Thread.java:750)
2022-10-09 13:06:30,159 [Trash Emptier] ERROR util.ExitUtils (ExitUtils.java:terminate(133)) - Terminating with exit status -1: Thread[Trash Emptier,5,main] has thrown an uncaught exception
java.lang.UnsupportedOperationException: fs.getUri() not implemented in TrashOzoneFileSystem
	at org.apache.hadoop.ozone.om.TrashOzoneFileSystem.getUri(TrashOzoneFileSystem.java:126)
	at org.apache.hadoop.fs.FileSystem.close(FileSystem.java:2592)
	at org.apache.hadoop.ozone.om.TrashPolicyOzone$Emptier.run(TrashPolicyOzone.java:243)
	at java.lang.Thread.run(Thread.java:750)
2022-10-09 13:06:30,172 [Listener at 127.0.0.1/44209] INFO  ozone.MiniOzoneClusterImpl (MiniOzoneClusterImpl.java:stopDatanodes(522)) - Stopping the HddsDatanodes
2022-10-09 13:06:30,736 [Under Replicated Processor] INFO  replication.UnderReplicatedProcessor (UnderReplicatedProcessor.java:processAll(92)) - Processed 0 under replicated containers, failed processing 0
2022-10-09 13:06:30,737 [Over Replicated Processor] INFO  replication.OverReplicatedProcessor (OverReplicatedProcessor.java:processAll(90)) - Processed 0 over replicated containers, failed processing 0
2022-10-09 13:06:35,173 [Listener at 127.0.0.1/44209] INFO  ozoneimpl.OzoneContainer (OzoneContainer.java:stop(400)) - Attempting to stop container services.
2022-10-09 13:06:35,176 [ForkJoinPool.commonPool-worker-0] INFO  ozoneimpl.OzoneContainer (OzoneContainer.java:stop(400)) - Attempting to stop container services.
2022-10-09 13:06:35,185 [ForkJoinPool.commonPool-worker-0] INFO  server.RaftServer (RaftServerProxy.java:lambda$close$7(398)) - 2d7a11ae-c5aa-41a6-85dc-c9a8e9cf90b2: close
2022-10-09 13:06:35,185 [ForkJoinPool.commonPool-worker-0] INFO  server.RaftServer$Division (RaftServerImpl.java:lambda$close$4(434)) - 2d7a11ae-c5aa-41a6-85dc-c9a8e9cf90b2@group-50C421B35969: shutdown
2022-10-09 13:06:35,186 [ForkJoinPool.commonPool-worker-0] INFO  util.JmxRegister (JmxRegister.java:unregister(73)) - Successfully un-registered JMX Bean with object name Ratis:service=RaftServer,group=group-50C421B35969,id=2d7a11ae-c5aa-41a6-85dc-c9a8e9cf90b2
2022-10-09 13:06:35,186 [ForkJoinPool.commonPool-worker-0] INFO  impl.RoleInfo (RoleInfo.java:shutdownLeaderState(93)) - 2d7a11ae-c5aa-41a6-85dc-c9a8e9cf90b2: shutdown 2d7a11ae-c5aa-41a6-85dc-c9a8e9cf90b2@group-50C421B35969-LeaderStateImpl
2022-10-09 13:06:35,186 [ForkJoinPool.commonPool-worker-0] INFO  impl.PendingRequests (PendingRequests.java:sendNotLeaderResponses(282)) - 2d7a11ae-c5aa-41a6-85dc-c9a8e9cf90b2@group-50C421B35969-PendingRequests: sendNotLeaderResponses
2022-10-09 13:06:35,186 [ForkJoinPool.commonPool-worker-0] INFO  impl.StateMachineUpdater (StateMachineUpdater.java:stopAndJoin(153)) - 2d7a11ae-c5aa-41a6-85dc-c9a8e9cf90b2@group-50C421B35969-StateMachineUpdater: set stopIndex = 0
2022-10-09 13:06:35,186 [2d7a11ae-c5aa-41a6-85dc-c9a8e9cf90b2@group-50C421B35969-StateMachineUpdater] INFO  ratis.ContainerStateMachine (ContainerStateMachine.java:takeSnapshot(304)) - group-50C421B35969: Taking a snapshot at:(t:1, i:0) file /home/runner/work/ozone/ozone/hadoop-ozone/integration-test/target/test-dir/MiniOzoneClusterImpl-9b82f26c-8b94-4c2d-8316-029798bb519b/datanode-1/data/ratis/f520ff04-e680-4b73-b3ea-50c421b35969/sm/snapshot.1_0
2022-10-09 13:06:35,188 [2d7a11ae-c5aa-41a6-85dc-c9a8e9cf90b2@group-50C421B35969-StateMachineUpdater] INFO  ratis.ContainerStateMachine (ContainerStateMachine.java:takeSnapshot(315)) - group-50C421B35969: Finished taking a snapshot at:(t:1, i:0) file:/home/runner/work/ozone/ozone/hadoop-ozone/integration-test/target/test-dir/MiniOzoneClusterImpl-9b82f26c-8b94-4c2d-8316-029798bb519b/datanode-1/data/ratis/f520ff04-e680-4b73-b3ea-50c421b35969/sm/snapshot.1_0 took: 1 ms
2022-10-09 13:06:35,188 [2d7a11ae-c5aa-41a6-85dc-c9a8e9cf90b2@group-50C421B35969-StateMachineUpdater] INFO  impl.StateMachineUpdater (StateMachineUpdater.java:takeSnapshot(287)) - 2d7a11ae-c5aa-41a6-85dc-c9a8e9cf90b2@group-50C421B35969-StateMachineUpdater: Took a snapshot at index 0
2022-10-09 13:06:35,188 [2d7a11ae-c5aa-41a6-85dc-c9a8e9cf90b2@group-50C421B35969-StateMachineUpdater] INFO  impl.StateMachineUpdater (StateMachineUpdater.java:lambda$new$0(92)) - 2d7a11ae-c5aa-41a6-85dc-c9a8e9cf90b2@group-50C421B35969-StateMachineUpdater: snapshotIndex: updateIncreasingly -1 -> 0
2022-10-09 13:06:35,188 [ForkJoinPool.commonPool-worker-0] INFO  server.RaftServer$Division (ServerState.java:close(429)) - 2d7a11ae-c5aa-41a6-85dc-c9a8e9cf90b2@group-50C421B35969: closes. applyIndex: 0
2022-10-09 13:06:35,189 [2d7a11ae-c5aa-41a6-85dc-c9a8e9cf90b2@group-50C421B35969-SegmentedRaftLogWorker] INFO  segmented.SegmentedRaftLogWorker (SegmentedRaftLogWorker.java:run(336)) - 2d7a11ae-c5aa-41a6-85dc-c9a8e9cf90b2@group-50C421B35969-SegmentedRaftLogWorker was interrupted, exiting. There are 0 tasks remaining in the queue.
2022-10-09 13:06:35,195 [Listener at 127.0.0.1/44209] INFO  server.RaftServer (RaftServerProxy.java:lambda$close$7(398)) - 864752fb-4a03-48f8-92e4-9b272ebf5ecd: close
2022-10-09 13:06:35,196 [Listener at 127.0.0.1/44209] INFO  server.RaftServer$Division (RaftServerImpl.java:lambda$close$4(434)) - 864752fb-4a03-48f8-92e4-9b272ebf5ecd@group-0325F9FC62BE: shutdown
2022-10-09 13:06:35,196 [Listener at 127.0.0.1/44209] INFO  util.JmxRegister (JmxRegister.java:unregister(73)) - Successfully un-registered JMX Bean with object name Ratis:service=RaftServer,group=group-0325F9FC62BE,id=864752fb-4a03-48f8-92e4-9b272ebf5ecd
2022-10-09 13:06:35,196 [Listener at 127.0.0.1/44209] INFO  impl.RoleInfo (RoleInfo.java:shutdownLeaderState(93)) - 864752fb-4a03-48f8-92e4-9b272ebf5ecd: shutdown 864752fb-4a03-48f8-92e4-9b272ebf5ecd@group-0325F9FC62BE-LeaderStateImpl
2022-10-09 13:06:35,196 [Listener at 127.0.0.1/44209] INFO  impl.PendingRequests (PendingRequests.java:sendNotLeaderResponses(282)) - 864752fb-4a03-48f8-92e4-9b272ebf5ecd@group-0325F9FC62BE-PendingRequests: sendNotLeaderResponses
2022-10-09 13:06:35,197 [Listener at 127.0.0.1/44209] INFO  impl.StateMachineUpdater (StateMachineUpdater.java:stopAndJoin(153)) - 864752fb-4a03-48f8-92e4-9b272ebf5ecd@group-0325F9FC62BE-StateMachineUpdater: set stopIndex = 0
2022-10-09 13:06:35,197 [864752fb-4a03-48f8-92e4-9b272ebf5ecd@group-0325F9FC62BE-StateMachineUpdater] INFO  ratis.ContainerStateMachine (ContainerStateMachine.java:takeSnapshot(304)) - group-0325F9FC62BE: Taking a snapshot at:(t:1, i:0) file /home/runner/work/ozone/ozone/hadoop-ozone/integration-test/target/test-dir/MiniOzoneClusterImpl-9b82f26c-8b94-4c2d-8316-029798bb519b/datanode-2/data/ratis/48123607-c898-4752-b488-0325f9fc62be/sm/snapshot.1_0
2022-10-09 13:06:35,198 [864752fb-4a03-48f8-92e4-9b272ebf5ecd@group-0325F9FC62BE-StateMachineUpdater] INFO  ratis.ContainerStateMachine (ContainerStateMachine.java:takeSnapshot(315)) - group-0325F9FC62BE: Finished taking a snapshot at:(t:1, i:0) file:/home/runner/work/ozone/ozone/hadoop-ozone/integration-test/target/test-dir/MiniOzoneClusterImpl-9b82f26c-8b94-4c2d-8316-029798bb519b/datanode-2/data/ratis/48123607-c898-4752-b488-0325f9fc62be/sm/snapshot.1_0 took: 1 ms
2022-10-09 13:06:35,198 [864752fb-4a03-48f8-92e4-9b272ebf5ecd@group-0325F9FC62BE-StateMachineUpdater] INFO  impl.StateMachineUpdater (StateMachineUpdater.java:takeSnapshot(287)) - 864752fb-4a03-48f8-92e4-9b272ebf5ecd@group-0325F9FC62BE-StateMachineUpdater: Took a snapshot at index 0
2022-10-09 13:06:35,198 [864752fb-4a03-48f8-92e4-9b272ebf5ecd@group-0325F9FC62BE-StateMachineUpdater] INFO  impl.StateMachineUpdater (StateMachineUpdater.java:lambda$new$0(92)) - 864752fb-4a03-48f8-92e4-9b272ebf5ecd@group-0325F9FC62BE-StateMachineUpdater: snapshotIndex: updateIncreasingly -1 -> 0
2022-10-09 13:06:35,198 [Listener at 127.0.0.1/44209] INFO  server.RaftServer$Division (ServerState.java:close(429)) - 864752fb-4a03-48f8-92e4-9b272ebf5ecd@group-0325F9FC62BE: closes. applyIndex: 0
2022-10-09 13:06:35,198 [864752fb-4a03-48f8-92e4-9b272ebf5ecd@group-0325F9FC62BE-SegmentedRaftLogWorker] INFO  segmented.SegmentedRaftLogWorker (SegmentedRaftLogWorker.java:run(336)) - 864752fb-4a03-48f8-92e4-9b272ebf5ecd@group-0325F9FC62BE-SegmentedRaftLogWorker was interrupted, exiting. There are 0 tasks remaining in the queue.
2022-10-09 13:06:35,207 [ForkJoinPool.commonPool-worker-0] INFO  segmented.SegmentedRaftLogWorker (SegmentedRaftLogWorker.java:close(246)) - 2d7a11ae-c5aa-41a6-85dc-c9a8e9cf90b2@group-50C421B35969-SegmentedRaftLogWorker close()
2022-10-09 13:06:35,208 [Listener at 127.0.0.1/44209] INFO  segmented.SegmentedRaftLogWorker (SegmentedRaftLogWorker.java:close(246)) - 864752fb-4a03-48f8-92e4-9b272ebf5ecd@group-0325F9FC62BE-SegmentedRaftLogWorker close()
2022-10-09 13:06:35,209 [ForkJoinPool.commonPool-worker-0] INFO  server.RaftServer$Division (RaftServerImpl.java:lambda$close$4(434)) - 2d7a11ae-c5aa-41a6-85dc-c9a8e9cf90b2@group-612B0C1FFEC3: shutdown
2022-10-09 13:06:35,209 [ForkJoinPool.commonPool-worker-0] INFO  util.JmxRegister (JmxRegister.java:unregister(73)) - Successfully un-registered JMX Bean with object name Ratis:service=RaftServer,group=group-612B0C1FFEC3,id=2d7a11ae-c5aa-41a6-85dc-c9a8e9cf90b2
2022-10-09 13:06:35,209 [ForkJoinPool.commonPool-worker-0] INFO  impl.RoleInfo (RoleInfo.java:shutdownFollowerState(110)) - 2d7a11ae-c5aa-41a6-85dc-c9a8e9cf90b2: shutdown 2d7a11ae-c5aa-41a6-85dc-c9a8e9cf90b2@group-612B0C1FFEC3-FollowerState
2022-10-09 13:06:35,209 [ForkJoinPool.commonPool-worker-0] INFO  impl.StateMachineUpdater (StateMachineUpdater.java:stopAndJoin(153)) - 2d7a11ae-c5aa-41a6-85dc-c9a8e9cf90b2@group-612B0C1FFEC3-StateMachineUpdater: set stopIndex = 24
2022-10-09 13:06:35,210 [2d7a11ae-c5aa-41a6-85dc-c9a8e9cf90b2@group-612B0C1FFEC3-StateMachineUpdater] INFO  ratis.ContainerStateMachine (ContainerStateMachine.java:takeSnapshot(304)) - group-612B0C1FFEC3: Taking a snapshot at:(t:2, i:24) file /home/runner/work/ozone/ozone/hadoop-ozone/integration-test/target/test-dir/MiniOzoneClusterImpl-9b82f26c-8b94-4c2d-8316-029798bb519b/datanode-1/data/ratis/911adc24-8c4e-4715-94f6-612b0c1ffec3/sm/snapshot.2_24
2022-10-09 13:06:35,210 [2d7a11ae-c5aa-41a6-85dc-c9a8e9cf90b2@group-612B0C1FFEC3-FollowerState] INFO  impl.FollowerState (FollowerState.java:run(152)) - 2d7a11ae-c5aa-41a6-85dc-c9a8e9cf90b2@group-612B0C1FFEC3-FollowerState was interrupted
2022-10-09 13:06:35,211 [2d7a11ae-c5aa-41a6-85dc-c9a8e9cf90b2@group-612B0C1FFEC3-StateMachineUpdater] INFO  ratis.ContainerStateMachine (ContainerStateMachine.java:takeSnapshot(315)) - group-612B0C1FFEC3: Finished taking a snapshot at:(t:2, i:24) file:/home/runner/work/ozone/ozone/hadoop-ozone/integration-test/target/test-dir/MiniOzoneClusterImpl-9b82f26c-8b94-4c2d-8316-029798bb519b/datanode-1/data/ratis/911adc24-8c4e-4715-94f6-612b0c1ffec3/sm/snapshot.2_24 took: 2 ms
2022-10-09 13:06:35,212 [2d7a11ae-c5aa-41a6-85dc-c9a8e9cf90b2@group-612B0C1FFEC3-StateMachineUpdater] INFO  impl.StateMachineUpdater (StateMachineUpdater.java:takeSnapshot(287)) - 2d7a11ae-c5aa-41a6-85dc-c9a8e9cf90b2@group-612B0C1FFEC3-StateMachineUpdater: Took a snapshot at index 24
2022-10-09 13:06:35,212 [2d7a11ae-c5aa-41a6-85dc-c9a8e9cf90b2@group-612B0C1FFEC3-StateMachineUpdater] INFO  impl.StateMachineUpdater (StateMachineUpdater.java:lambda$new$0(92)) - 2d7a11ae-c5aa-41a6-85dc-c9a8e9cf90b2@group-612B0C1FFEC3-StateMachineUpdater: snapshotIndex: updateIncreasingly -1 -> 24
2022-10-09 13:06:35,212 [ForkJoinPool.commonPool-worker-0] INFO  server.RaftServer$Division (ServerState.java:close(429)) - 2d7a11ae-c5aa-41a6-85dc-c9a8e9cf90b2@group-612B0C1FFEC3: closes. applyIndex: 24
2022-10-09 13:06:35,213 [2d7a11ae-c5aa-41a6-85dc-c9a8e9cf90b2@group-612B0C1FFEC3-SegmentedRaftLogWorker] INFO  segmented.SegmentedRaftLogWorker (SegmentedRaftLogWorker.java:run(336)) - 2d7a11ae-c5aa-41a6-85dc-c9a8e9cf90b2@group-612B0C1FFEC3-SegmentedRaftLogWorker was interrupted, exiting. There are 0 tasks remaining in the queue.
2022-10-09 13:06:35,216 [Listener at 127.0.0.1/44209] INFO  server.RaftServer$Division (RaftServerImpl.java:lambda$close$4(434)) - 864752fb-4a03-48f8-92e4-9b272ebf5ecd@group-612B0C1FFEC3: shutdown
2022-10-09 13:06:35,216 [Listener at 127.0.0.1/44209] INFO  util.JmxRegister (JmxRegister.java:unregister(73)) - Successfully un-registered JMX Bean with object name Ratis:service=RaftServer,group=group-612B0C1FFEC3,id=864752fb-4a03-48f8-92e4-9b272ebf5ecd
2022-10-09 13:06:35,216 [Listener at 127.0.0.1/44209] INFO  impl.RoleInfo (RoleInfo.java:shutdownLeaderState(93)) - 864752fb-4a03-48f8-92e4-9b272ebf5ecd: shutdown 864752fb-4a03-48f8-92e4-9b272ebf5ecd@group-612B0C1FFEC3-LeaderStateImpl
2022-10-09 13:06:35,217 [Listener at 127.0.0.1/44209] INFO  impl.PendingRequests (PendingRequests.java:sendNotLeaderResponses(282)) - 864752fb-4a03-48f8-92e4-9b272ebf5ecd@group-612B0C1FFEC3-PendingRequests: sendNotLeaderResponses
2022-10-09 13:06:35,217 [864752fb-4a03-48f8-92e4-9b272ebf5ecd@group-612B0C1FFEC3->2d7a11ae-c5aa-41a6-85dc-c9a8e9cf90b2-GrpcLogAppender-LogAppenderDaemon] WARN  server.GrpcLogAppender (GrpcLogAppender.java:mayWait(171)) - 864752fb-4a03-48f8-92e4-9b272ebf5ecd@group-612B0C1FFEC3->2d7a11ae-c5aa-41a6-85dc-c9a8e9cf90b2-GrpcLogAppender: Wait interrupted by java.lang.InterruptedException
2022-10-09 13:06:35,217 [grpc-default-executor-3] INFO  server.GrpcServerProtocolService (GrpcServerProtocolService.java:onCompleted(140)) - 2d7a11ae-c5aa-41a6-85dc-c9a8e9cf90b2: Completed APPEND_ENTRIES, lastRequest: 864752fb-4a03-48f8-92e4-9b272ebf5ecd->2d7a11ae-c5aa-41a6-85dc-c9a8e9cf90b2#127-t2,previous=(t:2, i:23),leaderCommit=22,initializing? true,entries: size=1, first=(t:2, i:24), METADATAENTRY(c:22)
2022-10-09 13:06:35,217 [864752fb-4a03-48f8-92e4-9b272ebf5ecd@group-612B0C1FFEC3->0e0cd2e9-f605-4044-a07f-8c47171ce2f7-GrpcLogAppender-LogAppenderDaemon] WARN  server.GrpcLogAppender (GrpcLogAppender.java:mayWait(171)) - 864752fb-4a03-48f8-92e4-9b272ebf5ecd@group-612B0C1FFEC3->0e0cd2e9-f605-4044-a07f-8c47171ce2f7-GrpcLogAppender: Wait interrupted by java.lang.InterruptedException
2022-10-09 13:06:35,221 [ForkJoinPool.commonPool-worker-0] INFO  segmented.SegmentedRaftLogWorker (SegmentedRaftLogWorker.java:close(246)) - 2d7a11ae-c5aa-41a6-85dc-c9a8e9cf90b2@group-612B0C1FFEC3-SegmentedRaftLogWorker close()
2022-10-09 13:06:35,224 [grpc-default-executor-2] INFO  server.GrpcServerProtocolService (GrpcServerProtocolService.java:onCompleted(140)) - 0e0cd2e9-f605-4044-a07f-8c47171ce2f7: Completed APPEND_ENTRIES, lastRequest: 864752fb-4a03-48f8-92e4-9b272ebf5ecd->0e0cd2e9-f605-4044-a07f-8c47171ce2f7#126-t2,previous=(t:2, i:23),leaderCommit=22,initializing? true,entries: size=1, first=(t:2, i:24), METADATAENTRY(c:22)
2022-10-09 13:06:35,227 [grpc-default-executor-1] INFO  server.GrpcLogAppender (GrpcLogAppender.java:onCompleted(339)) - 864752fb-4a03-48f8-92e4-9b272ebf5ecd@group-612B0C1FFEC3->2d7a11ae-c5aa-41a6-85dc-c9a8e9cf90b2-AppendLogResponseHandler: follower responses appendEntries COMPLETED
2022-10-09 13:06:35,228 [grpc-default-executor-1] INFO  leader.FollowerInfo (FollowerInfoImpl.java:lambda$new$0(48)) - 864752fb-4a03-48f8-92e4-9b272ebf5ecd@group-612B0C1FFEC3->2d7a11ae-c5aa-41a6-85dc-c9a8e9cf90b2: nextIndex: updateUnconditionally 25 -> 24
2022-10-09 13:06:35,228 [grpc-default-executor-2] INFO  server.GrpcLogAppender (GrpcLogAppender.java:onCompleted(339)) - 864752fb-4a03-48f8-92e4-9b272ebf5ecd@group-612B0C1FFEC3->0e0cd2e9-f605-4044-a07f-8c47171ce2f7-AppendLogResponseHandler: follower responses appendEntries COMPLETED
2022-10-09 13:06:35,228 [grpc-default-executor-2] INFO  leader.FollowerInfo (FollowerInfoImpl.java:lambda$new$0(48)) - 864752fb-4a03-48f8-92e4-9b272ebf5ecd@group-612B0C1FFEC3->0e0cd2e9-f605-4044-a07f-8c47171ce2f7: nextIndex: updateUnconditionally 25 -> 24
2022-10-09 13:06:35,236 [Listener at 127.0.0.1/44209] INFO  impl.StateMachineUpdater (StateMachineUpdater.java:stopAndJoin(153)) - 864752fb-4a03-48f8-92e4-9b272ebf5ecd@group-612B0C1FFEC3-StateMachineUpdater: set stopIndex = 24
2022-10-09 13:06:35,236 [864752fb-4a03-48f8-92e4-9b272ebf5ecd@group-612B0C1FFEC3-StateMachineUpdater] INFO  ratis.ContainerStateMachine (ContainerStateMachine.java:takeSnapshot(304)) - group-612B0C1FFEC3: Taking a snapshot at:(t:2, i:24) file /home/runner/work/ozone/ozone/hadoop-ozone/integration-test/target/test-dir/MiniOzoneClusterImpl-9b82f26c-8b94-4c2d-8316-029798bb519b/datanode-2/data/ratis/911adc24-8c4e-4715-94f6-612b0c1ffec3/sm/snapshot.2_24
2022-10-09 13:06:35,237 [ForkJoinPool.commonPool-worker-0] INFO  server.RaftServer$Division (RaftServerImpl.java:lambda$close$4(434)) - 2d7a11ae-c5aa-41a6-85dc-c9a8e9cf90b2@group-BF7723920FB3: shutdown
2022-10-09 13:06:35,237 [ForkJoinPool.commonPool-worker-0] INFO  util.JmxRegister (JmxRegister.java:unregister(73)) - Successfully un-registered JMX Bean with object name Ratis:service=RaftServer,group=group-BF7723920FB3,id=2d7a11ae-c5aa-41a6-85dc-c9a8e9cf90b2
2022-10-09 13:06:35,237 [ForkJoinPool.commonPool-worker-0] INFO  impl.RoleInfo (RoleInfo.java:shutdownLeaderState(93)) - 2d7a11ae-c5aa-41a6-85dc-c9a8e9cf90b2: shutdown 2d7a11ae-c5aa-41a6-85dc-c9a8e9cf90b2@group-BF7723920FB3-LeaderStateImpl
2022-10-09 13:06:35,237 [2d7a11ae-c5aa-41a6-85dc-c9a8e9cf90b2@group-BF7723920FB3->864752fb-4a03-48f8-92e4-9b272ebf5ecd-GrpcLogAppender-LogAppenderDaemon] WARN  server.GrpcLogAppender (GrpcLogAppender.java:mayWait(171)) - 2d7a11ae-c5aa-41a6-85dc-c9a8e9cf90b2@group-BF7723920FB3->864752fb-4a03-48f8-92e4-9b272ebf5ecd-GrpcLogAppender: Wait interrupted by java.lang.InterruptedException
2022-10-09 13:06:35,237 [ForkJoinPool.commonPool-worker-0] INFO  impl.PendingRequests (PendingRequests.java:sendNotLeaderResponses(282)) - 2d7a11ae-c5aa-41a6-85dc-c9a8e9cf90b2@group-BF7723920FB3-PendingRequests: sendNotLeaderResponses
2022-10-09 13:06:35,237 [2d7a11ae-c5aa-41a6-85dc-c9a8e9cf90b2@group-BF7723920FB3->0e0cd2e9-f605-4044-a07f-8c47171ce2f7-GrpcLogAppender-LogAppenderDaemon] WARN  server.GrpcLogAppender (GrpcLogAppender.java:mayWait(171)) - 2d7a11ae-c5aa-41a6-85dc-c9a8e9cf90b2@group-BF7723920FB3->0e0cd2e9-f605-4044-a07f-8c47171ce2f7-GrpcLogAppender: Wait interrupted by java.lang.InterruptedException
2022-10-09 13:06:35,238 [grpc-default-executor-3] INFO  server.GrpcServerProtocolService (GrpcServerProtocolService.java:onCompleted(140)) - 864752fb-4a03-48f8-92e4-9b272ebf5ecd: Completed APPEND_ENTRIES, lastRequest: 2d7a11ae-c5aa-41a6-85dc-c9a8e9cf90b2->864752fb-4a03-48f8-92e4-9b272ebf5ecd#17-t6,previous=(t:6, i:2),leaderCommit=2,initializing? true,entries: size=1, first=(t:6, i:3), METADATAENTRY(c:2)
2022-10-09 13:06:35,238 [grpc-default-executor-2] INFO  server.GrpcServerProtocolService (GrpcServerProtocolService.java:onCompleted(140)) - 0e0cd2e9-f605-4044-a07f-8c47171ce2f7: Completed APPEND_ENTRIES, lastRequest: 2d7a11ae-c5aa-41a6-85dc-c9a8e9cf90b2->0e0cd2e9-f605-4044-a07f-8c47171ce2f7#15-t6,previous=(t:6, i:2),leaderCommit=2,initializing? true,entries: size=1, first=(t:6, i:3), METADATAENTRY(c:2)
2022-10-09 13:06:35,244 [ForkJoinPool.commonPool-worker-0] INFO  impl.StateMachineUpdater (StateMachineUpdater.java:stopAndJoin(153)) - 2d7a11ae-c5aa-41a6-85dc-c9a8e9cf90b2@group-BF7723920FB3-StateMachineUpdater: set stopIndex = 3
2022-10-09 13:06:35,245 [864752fb-4a03-48f8-92e4-9b272ebf5ecd@group-612B0C1FFEC3-StateMachineUpdater] INFO  ratis.ContainerStateMachine (ContainerStateMachine.java:takeSnapshot(315)) - group-612B0C1FFEC3: Finished taking a snapshot at:(t:2, i:24) file:/home/runner/work/ozone/ozone/hadoop-ozone/integration-test/target/test-dir/MiniOzoneClusterImpl-9b82f26c-8b94-4c2d-8316-029798bb519b/datanode-2/data/ratis/911adc24-8c4e-4715-94f6-612b0c1ffec3/sm/snapshot.2_24 took: 2 ms
2022-10-09 13:06:35,245 [864752fb-4a03-48f8-92e4-9b272ebf5ecd@group-612B0C1FFEC3-StateMachineUpdater] INFO  impl.StateMachineUpdater (StateMachineUpdater.java:takeSnapshot(287)) - 864752fb-4a03-48f8-92e4-9b272ebf5ecd@group-612B0C1FFEC3-StateMachineUpdater: Took a snapshot at index 24
2022-10-09 13:06:35,245 [864752fb-4a03-48f8-92e4-9b272ebf5ecd@group-612B0C1FFEC3-StateMachineUpdater] INFO  impl.StateMachineUpdater (StateMachineUpdater.java:lambda$new$0(92)) - 864752fb-4a03-48f8-92e4-9b272ebf5ecd@group-612B0C1FFEC3-StateMachineUpdater: snapshotIndex: updateIncreasingly -1 -> 24
2022-10-09 13:06:35,246 [grpc-default-executor-3] INFO  server.GrpcLogAppender (GrpcLogAppender.java:onCompleted(339)) - 2d7a11ae-c5aa-41a6-85dc-c9a8e9cf90b2@group-BF7723920FB3->864752fb-4a03-48f8-92e4-9b272ebf5ecd-AppendLogResponseHandler: follower responses appendEntries COMPLETED
2022-10-09 13:06:35,246 [grpc-default-executor-3] INFO  leader.FollowerInfo (FollowerInfoImpl.java:lambda$new$0(48)) - 2d7a11ae-c5aa-41a6-85dc-c9a8e9cf90b2@group-BF7723920FB3->864752fb-4a03-48f8-92e4-9b272ebf5ecd: nextIndex: updateUnconditionally 4 -> 3
2022-10-09 13:06:35,247 [grpc-default-executor-3] INFO  server.GrpcLogAppender (GrpcLogAppender.java:onCompleted(339)) - 2d7a11ae-c5aa-41a6-85dc-c9a8e9cf90b2@group-BF7723920FB3->0e0cd2e9-f605-4044-a07f-8c47171ce2f7-AppendLogResponseHandler: follower responses appendEntries COMPLETED
2022-10-09 13:06:35,247 [grpc-default-executor-3] INFO  leader.FollowerInfo (FollowerInfoImpl.java:lambda$new$0(48)) - 2d7a11ae-c5aa-41a6-85dc-c9a8e9cf90b2@group-BF7723920FB3->0e0cd2e9-f605-4044-a07f-8c47171ce2f7: nextIndex: updateUnconditionally 4 -> 3
2022-10-09 13:06:35,249 [2d7a11ae-c5aa-41a6-85dc-c9a8e9cf90b2@group-BF7723920FB3-StateMachineUpdater] INFO  ratis.ContainerStateMachine (ContainerStateMachine.java:takeSnapshot(304)) - group-BF7723920FB3: Taking a snapshot at:(t:6, i:3) file /home/runner/work/ozone/ozone/hadoop-ozone/integration-test/target/test-dir/MiniOzoneClusterImpl-9b82f26c-8b94-4c2d-8316-029798bb519b/datanode-1/data/ratis/64625589-bdec-47a0-b8f6-bf7723920fb3/sm/snapshot.6_3
2022-10-09 13:06:35,250 [Listener at 127.0.0.1/44209] INFO  server.RaftServer$Division (ServerState.java:close(429)) - 864752fb-4a03-48f8-92e4-9b272ebf5ecd@group-612B0C1FFEC3: closes. applyIndex: 24
2022-10-09 13:06:35,250 [864752fb-4a03-48f8-92e4-9b272ebf5ecd@group-612B0C1FFEC3-SegmentedRaftLogWorker] INFO  segmented.SegmentedRaftLogWorker (SegmentedRaftLogWorker.java:run(336)) - 864752fb-4a03-48f8-92e4-9b272ebf5ecd@group-612B0C1FFEC3-SegmentedRaftLogWorker was interrupted, exiting. There are 0 tasks remaining in the queue.
2022-10-09 13:06:35,253 [Listener at 127.0.0.1/44209] INFO  segmented.SegmentedRaftLogWorker (SegmentedRaftLogWorker.java:close(246)) - 864752fb-4a03-48f8-92e4-9b272ebf5ecd@group-612B0C1FFEC3-SegmentedRaftLogWorker close()
2022-10-09 13:06:35,255 [2d7a11ae-c5aa-41a6-85dc-c9a8e9cf90b2@group-BF7723920FB3-StateMachineUpdater] INFO  ratis.ContainerStateMachine (ContainerStateMachine.java:takeSnapshot(315)) - group-BF7723920FB3: Finished taking a snapshot at:(t:6, i:3) file:/home/runner/work/ozone/ozone/hadoop-ozone/integration-test/target/test-dir/MiniOzoneClusterImpl-9b82f26c-8b94-4c2d-8316-029798bb519b/datanode-1/data/ratis/64625589-bdec-47a0-b8f6-bf7723920fb3/sm/snapshot.6_3 took: 6 ms
2022-10-09 13:06:35,255 [2d7a11ae-c5aa-41a6-85dc-c9a8e9cf90b2@group-BF7723920FB3-StateMachineUpdater] INFO  impl.StateMachineUpdater (StateMachineUpdater.java:takeSnapshot(287)) - 2d7a11ae-c5aa-41a6-85dc-c9a8e9cf90b2@group-BF7723920FB3-StateMachineUpdater: Took a snapshot at index 3
2022-10-09 13:06:35,255 [2d7a11ae-c5aa-41a6-85dc-c9a8e9cf90b2@group-BF7723920FB3-StateMachineUpdater] INFO  impl.StateMachineUpdater (StateMachineUpdater.java:lambda$new$0(92)) - 2d7a11ae-c5aa-41a6-85dc-c9a8e9cf90b2@group-BF7723920FB3-StateMachineUpdater: snapshotIndex: updateIncreasingly -1 -> 3
2022-10-09 13:06:35,256 [ForkJoinPool.commonPool-worker-0] INFO  server.RaftServer$Division (ServerState.java:close(429)) - 2d7a11ae-c5aa-41a6-85dc-c9a8e9cf90b2@group-BF7723920FB3: closes. applyIndex: 3
2022-10-09 13:06:35,259 [Listener at 127.0.0.1/44209] INFO  server.RaftServer$Division (RaftServerImpl.java:lambda$close$4(434)) - 864752fb-4a03-48f8-92e4-9b272ebf5ecd@group-BF7723920FB3: shutdown
2022-10-09 13:06:35,260 [Listener at 127.0.0.1/44209] INFO  util.JmxRegister (JmxRegister.java:unregister(73)) - Successfully un-registered JMX Bean with object name Ratis:service=RaftServer,group=group-BF7723920FB3,id=864752fb-4a03-48f8-92e4-9b272ebf5ecd
2022-10-09 13:06:35,260 [Listener at 127.0.0.1/44209] INFO  impl.RoleInfo (RoleInfo.java:shutdownFollowerState(110)) - 864752fb-4a03-48f8-92e4-9b272ebf5ecd: shutdown 864752fb-4a03-48f8-92e4-9b272ebf5ecd@group-BF7723920FB3-FollowerState
2022-10-09 13:06:35,260 [Listener at 127.0.0.1/44209] INFO  impl.StateMachineUpdater (StateMachineUpdater.java:stopAndJoin(153)) - 864752fb-4a03-48f8-92e4-9b272ebf5ecd@group-BF7723920FB3-StateMachineUpdater: set stopIndex = 3
2022-10-09 13:06:35,260 [864752fb-4a03-48f8-92e4-9b272ebf5ecd@group-BF7723920FB3-FollowerState] INFO  impl.FollowerState (FollowerState.java:run(152)) - 864752fb-4a03-48f8-92e4-9b272ebf5ecd@group-BF7723920FB3-FollowerState was interrupted
2022-10-09 13:06:35,264 [864752fb-4a03-48f8-92e4-9b272ebf5ecd@group-BF7723920FB3-StateMachineUpdater] INFO  ratis.ContainerStateMachine (ContainerStateMachine.java:takeSnapshot(304)) - group-BF7723920FB3: Taking a snapshot at:(t:6, i:3) file /home/runner/work/ozone/ozone/hadoop-ozone/integration-test/target/test-dir/MiniOzoneClusterImpl-9b82f26c-8b94-4c2d-8316-029798bb519b/datanode-2/data/ratis/64625589-bdec-47a0-b8f6-bf7723920fb3/sm/snapshot.6_3
2022-10-09 13:06:35,265 [2d7a11ae-c5aa-41a6-85dc-c9a8e9cf90b2@group-BF7723920FB3-SegmentedRaftLogWorker] INFO  segmented.SegmentedRaftLogWorker (SegmentedRaftLogWorker.java:run(336)) - 2d7a11ae-c5aa-41a6-85dc-c9a8e9cf90b2@group-BF7723920FB3-SegmentedRaftLogWorker was interrupted, exiting. There are 0 tasks remaining in the queue.
2022-10-09 13:06:35,265 [864752fb-4a03-48f8-92e4-9b272ebf5ecd@group-BF7723920FB3-StateMachineUpdater] INFO  ratis.ContainerStateMachine (ContainerStateMachine.java:takeSnapshot(315)) - group-BF7723920FB3: Finished taking a snapshot at:(t:6, i:3) file:/home/runner/work/ozone/ozone/hadoop-ozone/integration-test/target/test-dir/MiniOzoneClusterImpl-9b82f26c-8b94-4c2d-8316-029798bb519b/datanode-2/data/ratis/64625589-bdec-47a0-b8f6-bf7723920fb3/sm/snapshot.6_3 took: 1 ms
2022-10-09 13:06:35,265 [864752fb-4a03-48f8-92e4-9b272ebf5ecd@group-BF7723920FB3-StateMachineUpdater] INFO  impl.StateMachineUpdater (StateMachineUpdater.java:takeSnapshot(287)) - 864752fb-4a03-48f8-92e4-9b272ebf5ecd@group-BF7723920FB3-StateMachineUpdater: Took a snapshot at index 3
2022-10-09 13:06:35,265 [864752fb-4a03-48f8-92e4-9b272ebf5ecd@group-BF7723920FB3-StateMachineUpdater] INFO  impl.StateMachineUpdater (StateMachineUpdater.java:lambda$new$0(92)) - 864752fb-4a03-48f8-92e4-9b272ebf5ecd@group-BF7723920FB3-StateMachineUpdater: snapshotIndex: updateIncreasingly -1 -> 3
2022-10-09 13:06:35,266 [Listener at 127.0.0.1/44209] INFO  server.RaftServer$Division (ServerState.java:close(429)) - 864752fb-4a03-48f8-92e4-9b272ebf5ecd@group-BF7723920FB3: closes. applyIndex: 3
2022-10-09 13:06:35,266 [864752fb-4a03-48f8-92e4-9b272ebf5ecd@group-BF7723920FB3-SegmentedRaftLogWorker] INFO  segmented.SegmentedRaftLogWorker (SegmentedRaftLogWorker.java:run(336)) - 864752fb-4a03-48f8-92e4-9b272ebf5ecd@group-BF7723920FB3-SegmentedRaftLogWorker was interrupted, exiting. There are 0 tasks remaining in the queue.
2022-10-09 13:06:35,274 [ForkJoinPool.commonPool-worker-0] INFO  segmented.SegmentedRaftLogWorker (SegmentedRaftLogWorker.java:close(246)) - 2d7a11ae-c5aa-41a6-85dc-c9a8e9cf90b2@group-BF7723920FB3-SegmentedRaftLogWorker close()
2022-10-09 13:06:35,275 [ForkJoinPool.commonPool-worker-0] INFO  server.GrpcService (GrpcService.java:closeImpl(269)) - 2d7a11ae-c5aa-41a6-85dc-c9a8e9cf90b2: shutdown server with port 34267 now
2022-10-09 13:06:35,275 [grpc-default-executor-0] WARN  server.GrpcClientProtocolService (LogUtils.java:warn(122)) - 1-UnorderedRequestStreamObserver1: onError: org.apache.ratis.thirdparty.io.grpc.StatusRuntimeException: CANCELLED: client cancelled
2022-10-09 13:06:35,281 [Listener at 127.0.0.1/44209] INFO  segmented.SegmentedRaftLogWorker (SegmentedRaftLogWorker.java:close(246)) - 864752fb-4a03-48f8-92e4-9b272ebf5ecd@group-BF7723920FB3-SegmentedRaftLogWorker close()
2022-10-09 13:06:35,287 [Listener at 127.0.0.1/44209] INFO  server.GrpcService (GrpcService.java:closeImpl(269)) - 864752fb-4a03-48f8-92e4-9b272ebf5ecd: shutdown server with port 36301 now
2022-10-09 13:06:35,297 [grpc-default-executor-0] WARN  server.GrpcClientProtocolService (LogUtils.java:warn(122)) - 1-UnorderedRequestStreamObserver1: onError: org.apache.ratis.thirdparty.io.grpc.StatusRuntimeException: CANCELLED: client cancelled
2022-10-09 13:06:35,301 [Listener at 127.0.0.1/44209] INFO  server.GrpcService (GrpcService.java:closeImpl(278)) - 864752fb-4a03-48f8-92e4-9b272ebf5ecd: shutdown server with port 36301 successfully
2022-10-09 13:06:35,303 [org.apache.ratis.util.JvmPauseMonitor$$Lambda$636/1153107596@3ec5badc] INFO  util.JvmPauseMonitor (JvmPauseMonitor.java:run(109)) - JvmPauseMonitor-864752fb-4a03-48f8-92e4-9b272ebf5ecd: Stopped
2022-10-09 13:06:35,307 [ForkJoinPool.commonPool-worker-0] INFO  server.GrpcService (GrpcService.java:closeImpl(278)) - 2d7a11ae-c5aa-41a6-85dc-c9a8e9cf90b2: shutdown server with port 34267 successfully
2022-10-09 13:06:35,307 [org.apache.ratis.util.JvmPauseMonitor$$Lambda$636/1153107596@4e652a92] INFO  util.JvmPauseMonitor (JvmPauseMonitor.java:run(109)) - JvmPauseMonitor-2d7a11ae-c5aa-41a6-85dc-c9a8e9cf90b2: Stopped
2022-10-09 13:06:37,375 [Listener at 127.0.0.1/44209] INFO  utils.BackgroundService (BackgroundService.java:shutdown(141)) - Shutting down service BlockDeletingService
2022-10-09 13:06:37,378 [Listener at 127.0.0.1/44209] INFO  utils.BackgroundService (BackgroundService.java:shutdown(141)) - Shutting down service StaleRecoveringContainerScrubbingService
2022-10-09 13:06:37,381 [ForkJoinPool.commonPool-worker-0] INFO  utils.BackgroundService (BackgroundService.java:shutdown(141)) - Shutting down service BlockDeletingService
2022-10-09 13:06:37,381 [ForkJoinPool.commonPool-worker-0] INFO  utils.BackgroundService (BackgroundService.java:shutdown(141)) - Shutting down service StaleRecoveringContainerScrubbingService
2022-10-09 13:06:40,403 [ForkJoinPool.commonPool-worker-0] INFO  statemachine.DatanodeStateMachine (DatanodeStateMachine.java:stopDaemon(580)) - Ozone container server stopped.
2022-10-09 13:06:40,403 [Listener at 127.0.0.1/44209] INFO  statemachine.DatanodeStateMachine (DatanodeStateMachine.java:stopDaemon(580)) - Ozone container server stopped.
2022-10-09 13:06:40,452 [Listener at 127.0.0.1/44209] INFO  handler.ContextHandler (ContextHandler.java:doStop(1153)) - Stopped o.e.j.w.WebAppContext@27c0b110{hddsDatanode,/,null,STOPPED}{jar:file:/home/runner/.m2/repository/org/apache/ozone/hdds-container-service/1.3.0-SNAPSHOT/hdds-container-service-1.3.0-SNAPSHOT.jar!/webapps/hddsDatanode}
2022-10-09 13:06:40,454 [Listener at 127.0.0.1/44209] INFO  server.AbstractConnector (AbstractConnector.java:doStop(381)) - Stopped ServerConnector@6ba0f{HTTP/1.1, (http/1.1)}{0.0.0.0:0}
2022-10-09 13:06:40,454 [Listener at 127.0.0.1/44209] INFO  server.session (HouseKeeper.java:stopScavenging(149)) - node0 Stopped scavenging
2022-10-09 13:06:40,454 [Listener at 127.0.0.1/44209] INFO  handler.ContextHandler (ContextHandler.java:doStop(1153)) - Stopped o.e.j.s.ServletContextHandler@57ac128c{static,/static,jar:file:/home/runner/.m2/repository/org/apache/ozone/hdds-container-service/1.3.0-SNAPSHOT/hdds-container-service-1.3.0-SNAPSHOT.jar!/webapps/static,STOPPED}
2022-10-09 13:06:40,456 [Listener at 127.0.0.1/44209] INFO  handler.ContextHandler (ContextHandler.java:doStop(1153)) - Stopped o.e.j.s.ServletContextHandler@28dd27cc{logs,/logs,file:///home/runner/work/ozone/ozone/hadoop-ozone/integration-test/target/log,STOPPED}
2022-10-09 13:06:40,472 [ForkJoinPool.commonPool-worker-0] INFO  handler.ContextHandler (ContextHandler.java:doStop(1153)) - Stopped o.e.j.w.WebAppContext@4874bc0b{hddsDatanode,/,null,STOPPED}{jar:file:/home/runner/.m2/repository/org/apache/ozone/hdds-container-service/1.3.0-SNAPSHOT/hdds-container-service-1.3.0-SNAPSHOT.jar!/webapps/hddsDatanode}
2022-10-09 13:06:40,474 [ForkJoinPool.commonPool-worker-0] INFO  server.AbstractConnector (AbstractConnector.java:doStop(381)) - Stopped ServerConnector@90ffb91{HTTP/1.1, (http/1.1)}{0.0.0.0:0}
2022-10-09 13:06:40,474 [ForkJoinPool.commonPool-worker-0] INFO  server.session (HouseKeeper.java:stopScavenging(149)) - node0 Stopped scavenging
2022-10-09 13:06:40,476 [ForkJoinPool.commonPool-worker-0] INFO  handler.ContextHandler (ContextHandler.java:doStop(1153)) - Stopped o.e.j.s.ServletContextHandler@2256f14{static,/static,jar:file:/home/runner/.m2/repository/org/apache/ozone/hdds-container-service/1.3.0-SNAPSHOT/hdds-container-service-1.3.0-SNAPSHOT.jar!/webapps/static,STOPPED}
2022-10-09 13:06:40,488 [ForkJoinPool.commonPool-worker-0] INFO  handler.ContextHandler (ContextHandler.java:doStop(1153)) - Stopped o.e.j.s.ServletContextHandler@58bb4b69{logs,/logs,file:///home/runner/work/ozone/ozone/hadoop-ozone/integration-test/target/log,STOPPED}
2022-10-09 13:06:41,972 [0e0cd2e9-f605-4044-a07f-8c47171ce2f7@group-612B0C1FFEC3-FollowerState] INFO  impl.FollowerState (FollowerState.java:run(143)) - 0e0cd2e9-f605-4044-a07f-8c47171ce2f7@group-612B0C1FFEC3-FollowerState: change to CANDIDATE, lastRpcElapsedTime:8450226767ns, electionTimeout:5168ms
2022-10-09 13:06:41,973 [0e0cd2e9-f605-4044-a07f-8c47171ce2f7@group-612B0C1FFEC3-FollowerState] INFO  impl.RoleInfo (RoleInfo.java:shutdownFollowerState(110)) - 0e0cd2e9-f605-4044-a07f-8c47171ce2f7: shutdown 0e0cd2e9-f605-4044-a07f-8c47171ce2f7@group-612B0C1FFEC3-FollowerState
2022-10-09 13:06:41,973 [0e0cd2e9-f605-4044-a07f-8c47171ce2f7@group-612B0C1FFEC3-FollowerState] INFO  server.RaftServer$Division (RaftServerImpl.java:setRole(299)) - 0e0cd2e9-f605-4044-a07f-8c47171ce2f7@group-612B0C1FFEC3: changes role from  FOLLOWER to CANDIDATE at term 2 for changeToCandidate
2022-10-09 13:06:41,973 [0e0cd2e9-f605-4044-a07f-8c47171ce2f7@group-612B0C1FFEC3-FollowerState] INFO  server.RaftServerConfigKeys (ConfUtils.java:logGet(46)) - raft.server.leaderelection.pre-vote = false (custom)
2022-10-09 13:06:41,973 [0e0cd2e9-f605-4044-a07f-8c47171ce2f7@group-612B0C1FFEC3-FollowerState] INFO  impl.RoleInfo (RoleInfo.java:updateAndGet(139)) - 0e0cd2e9-f605-4044-a07f-8c47171ce2f7: start 0e0cd2e9-f605-4044-a07f-8c47171ce2f7@group-612B0C1FFEC3-LeaderElection35
2022-10-09 13:06:41,986 [0e0cd2e9-f605-4044-a07f-8c47171ce2f7@group-612B0C1FFEC3-LeaderElection35] INFO  server.RaftServer$Division (ServerState.java:setLeader(287)) - 0e0cd2e9-f605-4044-a07f-8c47171ce2f7@group-612B0C1FFEC3: change Leader from 864752fb-4a03-48f8-92e4-9b272ebf5ecd to null at term 2 for ELECTION
2022-10-09 13:06:41,994 [0e0cd2e9-f605-4044-a07f-8c47171ce2f7@group-612B0C1FFEC3-LeaderElection35] INFO  impl.LeaderElection (LeaderElection.java:askForVotes(310)) - 0e0cd2e9-f605-4044-a07f-8c47171ce2f7@group-612B0C1FFEC3-LeaderElection35 ELECTION round 0: submit vote requests at term 3 for 0: [2d7a11ae-c5aa-41a6-85dc-c9a8e9cf90b2|rpc:10.1.0.209:34267|dataStream:|priority:0, 864752fb-4a03-48f8-92e4-9b272ebf5ecd|rpc:10.1.0.209:36301|dataStream:|priority:1, 0e0cd2e9-f605-4044-a07f-8c47171ce2f7|rpc:10.1.0.209:36435|dataStream:|priority:0], old=null
2022-10-09 13:06:42,006 [0e0cd2e9-f605-4044-a07f-8c47171ce2f7@group-612B0C1FFEC3-LeaderElection35] INFO  impl.LeaderElection (LogUtils.java:infoOrTrace(137)) - 0e0cd2e9-f605-4044-a07f-8c47171ce2f7@group-612B0C1FFEC3-LeaderElection35 got exception when requesting votes: java.util.concurrent.ExecutionException: org.apache.ratis.thirdparty.io.grpc.StatusRuntimeException: UNAVAILABLE: io exception
2022-10-09 13:06:42,019 [0e0cd2e9-f605-4044-a07f-8c47171ce2f7@group-612B0C1FFEC3-LeaderElection35] INFO  impl.LeaderElection (LogUtils.java:infoOrTrace(137)) - 0e0cd2e9-f605-4044-a07f-8c47171ce2f7@group-612B0C1FFEC3-LeaderElection35 got exception when requesting votes: java.util.concurrent.ExecutionException: org.apache.ratis.thirdparty.io.grpc.StatusRuntimeException: UNAVAILABLE: io exception
2022-10-09 13:06:42,019 [0e0cd2e9-f605-4044-a07f-8c47171ce2f7@group-612B0C1FFEC3-LeaderElection35] INFO  impl.LeaderElection (LeaderElection.java:logAndReturn(90)) - 0e0cd2e9-f605-4044-a07f-8c47171ce2f7@group-612B0C1FFEC3-LeaderElection35: ELECTION REJECTED received 0 response(s) and 2 exception(s):
2022-10-09 13:06:42,019 [0e0cd2e9-f605-4044-a07f-8c47171ce2f7@group-612B0C1FFEC3-LeaderElection35] INFO  impl.LeaderElection (LogUtils.java:infoOrTrace(137)) -   Exception 0: java.util.concurrent.ExecutionException: org.apache.ratis.thirdparty.io.grpc.StatusRuntimeException: UNAVAILABLE: io exception
2022-10-09 13:06:42,019 [0e0cd2e9-f605-4044-a07f-8c47171ce2f7@group-612B0C1FFEC3-LeaderElection35] INFO  impl.LeaderElection (LogUtils.java:infoOrTrace(137)) -   Exception 1: java.util.concurrent.ExecutionException: org.apache.ratis.thirdparty.io.grpc.StatusRuntimeException: UNAVAILABLE: io exception
2022-10-09 13:06:42,019 [0e0cd2e9-f605-4044-a07f-8c47171ce2f7@group-612B0C1FFEC3-LeaderElection35] INFO  impl.LeaderElection (LeaderElection.java:askForVotes(312)) - 0e0cd2e9-f605-4044-a07f-8c47171ce2f7@group-612B0C1FFEC3-LeaderElection35 ELECTION round 0: result REJECTED
2022-10-09 13:06:42,019 [0e0cd2e9-f605-4044-a07f-8c47171ce2f7@group-612B0C1FFEC3-LeaderElection35] INFO  server.RaftServer$Division (RaftServerImpl.java:setRole(299)) - 0e0cd2e9-f605-4044-a07f-8c47171ce2f7@group-612B0C1FFEC3: changes role from CANDIDATE to FOLLOWER at term 3 for REJECTED
2022-10-09 13:06:42,019 [0e0cd2e9-f605-4044-a07f-8c47171ce2f7@group-612B0C1FFEC3-LeaderElection35] INFO  impl.RoleInfo (RoleInfo.java:shutdownLeaderElection(130)) - 0e0cd2e9-f605-4044-a07f-8c47171ce2f7: shutdown 0e0cd2e9-f605-4044-a07f-8c47171ce2f7@group-612B0C1FFEC3-LeaderElection35
2022-10-09 13:06:42,019 [0e0cd2e9-f605-4044-a07f-8c47171ce2f7@group-612B0C1FFEC3-LeaderElection35] INFO  impl.RoleInfo (RoleInfo.java:updateAndGet(139)) - 0e0cd2e9-f605-4044-a07f-8c47171ce2f7: start 0e0cd2e9-f605-4044-a07f-8c47171ce2f7@group-612B0C1FFEC3-FollowerState
2022-10-09 13:06:42,077 [0e0cd2e9-f605-4044-a07f-8c47171ce2f7@group-BF7723920FB3-FollowerState] INFO  impl.FollowerState (FollowerState.java:run(143)) - 0e0cd2e9-f605-4044-a07f-8c47171ce2f7@group-BF7723920FB3-FollowerState: change to CANDIDATE, lastRpcElapsedTime:7186362822ns, electionTimeout:5072ms
2022-10-09 13:06:42,077 [0e0cd2e9-f605-4044-a07f-8c47171ce2f7@group-BF7723920FB3-FollowerState] INFO  impl.RoleInfo (RoleInfo.java:shutdownFollowerState(110)) - 0e0cd2e9-f605-4044-a07f-8c47171ce2f7: shutdown 0e0cd2e9-f605-4044-a07f-8c47171ce2f7@group-BF7723920FB3-FollowerState
2022-10-09 13:06:42,077 [0e0cd2e9-f605-4044-a07f-8c47171ce2f7@group-BF7723920FB3-FollowerState] INFO  server.RaftServer$Division (RaftServerImpl.java:setRole(299)) - 0e0cd2e9-f605-4044-a07f-8c47171ce2f7@group-BF7723920FB3: changes role from  FOLLOWER to CANDIDATE at term 6 for changeToCandidate
2022-10-09 13:06:42,077 [0e0cd2e9-f605-4044-a07f-8c47171ce2f7@group-BF7723920FB3-FollowerState] INFO  server.RaftServerConfigKeys (ConfUtils.java:logGet(46)) - raft.server.leaderelection.pre-vote = false (custom)
2022-10-09 13:06:42,077 [0e0cd2e9-f605-4044-a07f-8c47171ce2f7@group-BF7723920FB3-FollowerState] INFO  impl.RoleInfo (RoleInfo.java:updateAndGet(139)) - 0e0cd2e9-f605-4044-a07f-8c47171ce2f7: start 0e0cd2e9-f605-4044-a07f-8c47171ce2f7@group-BF7723920FB3-LeaderElection36
2022-10-09 13:06:42,096 [0e0cd2e9-f605-4044-a07f-8c47171ce2f7@group-BF7723920FB3-LeaderElection36] INFO  server.RaftServer$Division (ServerState.java:setLeader(287)) - 0e0cd2e9-f605-4044-a07f-8c47171ce2f7@group-BF7723920FB3: change Leader from 2d7a11ae-c5aa-41a6-85dc-c9a8e9cf90b2 to null at term 6 for ELECTION
2022-10-09 13:06:42,102 [0e0cd2e9-f605-4044-a07f-8c47171ce2f7@group-BF7723920FB3-LeaderElection36] INFO  impl.LeaderElection (LeaderElection.java:askForVotes(310)) - 0e0cd2e9-f605-4044-a07f-8c47171ce2f7@group-BF7723920FB3-LeaderElection36 ELECTION round 0: submit vote requests at term 7 for 0: [2d7a11ae-c5aa-41a6-85dc-c9a8e9cf90b2|rpc:10.1.0.209:34267|dataStream:|priority:1, 864752fb-4a03-48f8-92e4-9b272ebf5ecd|rpc:10.1.0.209:36301|dataStream:|priority:0, 0e0cd2e9-f605-4044-a07f-8c47171ce2f7|rpc:10.1.0.209:36435|dataStream:|priority:0], old=null
2022-10-09 13:06:42,119 [0e0cd2e9-f605-4044-a07f-8c47171ce2f7@group-BF7723920FB3-LeaderElection36] INFO  impl.LeaderElection (LogUtils.java:infoOrTrace(137)) - 0e0cd2e9-f605-4044-a07f-8c47171ce2f7@group-BF7723920FB3-LeaderElection36 got exception when requesting votes: java.util.concurrent.ExecutionException: org.apache.ratis.thirdparty.io.grpc.StatusRuntimeException: UNAVAILABLE: io exception
2022-10-09 13:06:42,119 [0e0cd2e9-f605-4044-a07f-8c47171ce2f7@group-BF7723920FB3-LeaderElection36] INFO  impl.LeaderElection (LogUtils.java:infoOrTrace(137)) - 0e0cd2e9-f605-4044-a07f-8c47171ce2f7@group-BF7723920FB3-LeaderElection36 got exception when requesting votes: java.util.concurrent.ExecutionException: org.apache.ratis.thirdparty.io.grpc.StatusRuntimeException: UNAVAILABLE: io exception
2022-10-09 13:06:42,119 [0e0cd2e9-f605-4044-a07f-8c47171ce2f7@group-BF7723920FB3-LeaderElection36] INFO  impl.LeaderElection (LeaderElection.java:logAndReturn(90)) - 0e0cd2e9-f605-4044-a07f-8c47171ce2f7@group-BF7723920FB3-LeaderElection36: ELECTION REJECTED received 0 response(s) and 2 exception(s):
2022-10-09 13:06:42,119 [0e0cd2e9-f605-4044-a07f-8c47171ce2f7@group-BF7723920FB3-LeaderElection36] INFO  impl.LeaderElection (LogUtils.java:infoOrTrace(137)) -   Exception 0: java.util.concurrent.ExecutionException: org.apache.ratis.thirdparty.io.grpc.StatusRuntimeException: UNAVAILABLE: io exception
2022-10-09 13:06:42,119 [0e0cd2e9-f605-4044-a07f-8c47171ce2f7@group-BF7723920FB3-LeaderElection36] INFO  impl.LeaderElection (LogUtils.java:infoOrTrace(137)) -   Exception 1: java.util.concurrent.ExecutionException: org.apache.ratis.thirdparty.io.grpc.StatusRuntimeException: UNAVAILABLE: io exception
2022-10-09 13:06:42,119 [0e0cd2e9-f605-4044-a07f-8c47171ce2f7@group-BF7723920FB3-LeaderElection36] INFO  impl.LeaderElection (LeaderElection.java:askForVotes(312)) - 0e0cd2e9-f605-4044-a07f-8c47171ce2f7@group-BF7723920FB3-LeaderElection36 ELECTION round 0: result REJECTED
2022-10-09 13:06:42,119 [0e0cd2e9-f605-4044-a07f-8c47171ce2f7@group-BF7723920FB3-LeaderElection36] INFO  server.RaftServer$Division (RaftServerImpl.java:setRole(299)) - 0e0cd2e9-f605-4044-a07f-8c47171ce2f7@group-BF7723920FB3: changes role from CANDIDATE to FOLLOWER at term 7 for REJECTED
2022-10-09 13:06:42,119 [0e0cd2e9-f605-4044-a07f-8c47171ce2f7@group-BF7723920FB3-LeaderElection36] INFO  impl.RoleInfo (RoleInfo.java:shutdownLeaderElection(130)) - 0e0cd2e9-f605-4044-a07f-8c47171ce2f7: shutdown 0e0cd2e9-f605-4044-a07f-8c47171ce2f7@group-BF7723920FB3-LeaderElection36
2022-10-09 13:06:42,119 [0e0cd2e9-f605-4044-a07f-8c47171ce2f7@group-BF7723920FB3-LeaderElection36] INFO  impl.RoleInfo (RoleInfo.java:updateAndGet(139)) - 0e0cd2e9-f605-4044-a07f-8c47171ce2f7: start 0e0cd2e9-f605-4044-a07f-8c47171ce2f7@group-BF7723920FB3-FollowerState
2022-10-09 13:06:45,479 [Listener at 127.0.0.1/44209] INFO  ozoneimpl.OzoneContainer (OzoneContainer.java:stop(400)) - Attempting to stop container services.
2022-10-09 13:06:45,481 [Listener at 127.0.0.1/44209] INFO  server.RaftServer (RaftServerProxy.java:lambda$close$7(398)) - 7279ce37-28db-41f2-a11e-d5db3ffcfb1c: close
2022-10-09 13:06:45,481 [Listener at 127.0.0.1/44209] INFO  server.RaftServer$Division (RaftServerImpl.java:lambda$close$4(434)) - 7279ce37-28db-41f2-a11e-d5db3ffcfb1c@group-940F0690657A: shutdown
2022-10-09 13:06:45,481 [Listener at 127.0.0.1/44209] INFO  util.JmxRegister (JmxRegister.java:unregister(73)) - Successfully un-registered JMX Bean with object name Ratis:service=RaftServer,group=group-940F0690657A,id=7279ce37-28db-41f2-a11e-d5db3ffcfb1c
2022-10-09 13:06:45,481 [Listener at 127.0.0.1/44209] INFO  impl.RoleInfo (RoleInfo.java:shutdownLeaderState(93)) - 7279ce37-28db-41f2-a11e-d5db3ffcfb1c: shutdown 7279ce37-28db-41f2-a11e-d5db3ffcfb1c@group-940F0690657A-LeaderStateImpl
2022-10-09 13:06:45,481 [Listener at 127.0.0.1/44209] INFO  impl.PendingRequests (PendingRequests.java:sendNotLeaderResponses(282)) - 7279ce37-28db-41f2-a11e-d5db3ffcfb1c@group-940F0690657A-PendingRequests: sendNotLeaderResponses
2022-10-09 13:06:45,482 [Listener at 127.0.0.1/44209] INFO  impl.StateMachineUpdater (StateMachineUpdater.java:stopAndJoin(153)) - 7279ce37-28db-41f2-a11e-d5db3ffcfb1c@group-940F0690657A-StateMachineUpdater: set stopIndex = 0
2022-10-09 13:06:45,482 [7279ce37-28db-41f2-a11e-d5db3ffcfb1c@group-940F0690657A-StateMachineUpdater] INFO  ratis.ContainerStateMachine (ContainerStateMachine.java:takeSnapshot(304)) - group-940F0690657A: Taking a snapshot at:(t:1, i:0) file /home/runner/work/ozone/ozone/hadoop-ozone/integration-test/target/test-dir/MiniOzoneClusterImpl-9b82f26c-8b94-4c2d-8316-029798bb519b/datanode-4/data/ratis/2ed15e34-4922-464e-a982-940f0690657a/sm/snapshot.1_0
2022-10-09 13:06:45,486 [7279ce37-28db-41f2-a11e-d5db3ffcfb1c@group-940F0690657A-StateMachineUpdater] INFO  ratis.ContainerStateMachine (ContainerStateMachine.java:takeSnapshot(315)) - group-940F0690657A: Finished taking a snapshot at:(t:1, i:0) file:/home/runner/work/ozone/ozone/hadoop-ozone/integration-test/target/test-dir/MiniOzoneClusterImpl-9b82f26c-8b94-4c2d-8316-029798bb519b/datanode-4/data/ratis/2ed15e34-4922-464e-a982-940f0690657a/sm/snapshot.1_0 took: 5 ms
2022-10-09 13:06:45,487 [7279ce37-28db-41f2-a11e-d5db3ffcfb1c@group-940F0690657A-StateMachineUpdater] INFO  impl.StateMachineUpdater (StateMachineUpdater.java:takeSnapshot(287)) - 7279ce37-28db-41f2-a11e-d5db3ffcfb1c@group-940F0690657A-StateMachineUpdater: Took a snapshot at index 0
2022-10-09 13:06:45,487 [7279ce37-28db-41f2-a11e-d5db3ffcfb1c@group-940F0690657A-StateMachineUpdater] INFO  impl.StateMachineUpdater (StateMachineUpdater.java:lambda$new$0(92)) - 7279ce37-28db-41f2-a11e-d5db3ffcfb1c@group-940F0690657A-StateMachineUpdater: snapshotIndex: updateIncreasingly -1 -> 0
2022-10-09 13:06:45,487 [Listener at 127.0.0.1/44209] INFO  server.RaftServer$Division (ServerState.java:close(429)) - 7279ce37-28db-41f2-a11e-d5db3ffcfb1c@group-940F0690657A: closes. applyIndex: 0
2022-10-09 13:06:45,487 [7279ce37-28db-41f2-a11e-d5db3ffcfb1c@group-940F0690657A-SegmentedRaftLogWorker] INFO  segmented.SegmentedRaftLogWorker (SegmentedRaftLogWorker.java:run(336)) - 7279ce37-28db-41f2-a11e-d5db3ffcfb1c@group-940F0690657A-SegmentedRaftLogWorker was interrupted, exiting. There are 0 tasks remaining in the queue.
2022-10-09 13:06:45,490 [ForkJoinPool.commonPool-worker-0] INFO  ozoneimpl.OzoneContainer (OzoneContainer.java:stop(400)) - Attempting to stop container services.
2022-10-09 13:06:45,490 [ForkJoinPool.commonPool-worker-0] INFO  server.RaftServer (RaftServerProxy.java:lambda$close$7(398)) - 0e0cd2e9-f605-4044-a07f-8c47171ce2f7: close
2022-10-09 13:06:45,490 [ForkJoinPool.commonPool-worker-0] INFO  server.RaftServer$Division (RaftServerImpl.java:lambda$close$4(434)) - 0e0cd2e9-f605-4044-a07f-8c47171ce2f7@group-612B0C1FFEC3: shutdown
2022-10-09 13:06:45,490 [ForkJoinPool.commonPool-worker-0] INFO  util.JmxRegister (JmxRegister.java:unregister(73)) - Successfully un-registered JMX Bean with object name Ratis:service=RaftServer,group=group-612B0C1FFEC3,id=0e0cd2e9-f605-4044-a07f-8c47171ce2f7
2022-10-09 13:06:45,490 [ForkJoinPool.commonPool-worker-0] INFO  impl.RoleInfo (RoleInfo.java:shutdownFollowerState(110)) - 0e0cd2e9-f605-4044-a07f-8c47171ce2f7: shutdown 0e0cd2e9-f605-4044-a07f-8c47171ce2f7@group-612B0C1FFEC3-FollowerState
2022-10-09 13:06:45,490 [ForkJoinPool.commonPool-worker-0] INFO  impl.StateMachineUpdater (StateMachineUpdater.java:stopAndJoin(153)) - 0e0cd2e9-f605-4044-a07f-8c47171ce2f7@group-612B0C1FFEC3-StateMachineUpdater: set stopIndex = 24
2022-10-09 13:06:45,490 [0e0cd2e9-f605-4044-a07f-8c47171ce2f7@group-612B0C1FFEC3-FollowerState] INFO  impl.FollowerState (FollowerState.java:run(152)) - 0e0cd2e9-f605-4044-a07f-8c47171ce2f7@group-612B0C1FFEC3-FollowerState was interrupted
2022-10-09 13:06:45,491 [0e0cd2e9-f605-4044-a07f-8c47171ce2f7@group-612B0C1FFEC3-StateMachineUpdater] INFO  ratis.ContainerStateMachine (ContainerStateMachine.java:takeSnapshot(304)) - group-612B0C1FFEC3: Taking a snapshot at:(t:2, i:24) file /home/runner/work/ozone/ozone/hadoop-ozone/integration-test/target/test-dir/MiniOzoneClusterImpl-9b82f26c-8b94-4c2d-8316-029798bb519b/datanode-0/data/ratis/911adc24-8c4e-4715-94f6-612b0c1ffec3/sm/snapshot.2_24
2022-10-09 13:06:45,492 [0e0cd2e9-f605-4044-a07f-8c47171ce2f7@group-612B0C1FFEC3-StateMachineUpdater] INFO  ratis.ContainerStateMachine (ContainerStateMachine.java:takeSnapshot(315)) - group-612B0C1FFEC3: Finished taking a snapshot at:(t:2, i:24) file:/home/runner/work/ozone/ozone/hadoop-ozone/integration-test/target/test-dir/MiniOzoneClusterImpl-9b82f26c-8b94-4c2d-8316-029798bb519b/datanode-0/data/ratis/911adc24-8c4e-4715-94f6-612b0c1ffec3/sm/snapshot.2_24 took: 1 ms
2022-10-09 13:06:45,492 [0e0cd2e9-f605-4044-a07f-8c47171ce2f7@group-612B0C1FFEC3-StateMachineUpdater] INFO  impl.StateMachineUpdater (StateMachineUpdater.java:takeSnapshot(287)) - 0e0cd2e9-f605-4044-a07f-8c47171ce2f7@group-612B0C1FFEC3-StateMachineUpdater: Took a snapshot at index 24
2022-10-09 13:06:45,492 [0e0cd2e9-f605-4044-a07f-8c47171ce2f7@group-612B0C1FFEC3-StateMachineUpdater] INFO  impl.StateMachineUpdater (StateMachineUpdater.java:lambda$new$0(92)) - 0e0cd2e9-f605-4044-a07f-8c47171ce2f7@group-612B0C1FFEC3-StateMachineUpdater: snapshotIndex: updateIncreasingly -1 -> 24
2022-10-09 13:06:45,493 [ForkJoinPool.commonPool-worker-0] INFO  server.RaftServer$Division (ServerState.java:close(429)) - 0e0cd2e9-f605-4044-a07f-8c47171ce2f7@group-612B0C1FFEC3: closes. applyIndex: 24
2022-10-09 13:06:45,493 [0e0cd2e9-f605-4044-a07f-8c47171ce2f7@group-612B0C1FFEC3-SegmentedRaftLogWorker] INFO  segmented.SegmentedRaftLogWorker (SegmentedRaftLogWorker.java:run(336)) - 0e0cd2e9-f605-4044-a07f-8c47171ce2f7@group-612B0C1FFEC3-SegmentedRaftLogWorker was interrupted, exiting. There are 0 tasks remaining in the queue.
2022-10-09 13:06:45,509 [Listener at 127.0.0.1/44209] INFO  segmented.SegmentedRaftLogWorker (SegmentedRaftLogWorker.java:close(246)) - 7279ce37-28db-41f2-a11e-d5db3ffcfb1c@group-940F0690657A-SegmentedRaftLogWorker close()
2022-10-09 13:06:45,509 [ForkJoinPool.commonPool-worker-0] INFO  segmented.SegmentedRaftLogWorker (SegmentedRaftLogWorker.java:close(246)) - 0e0cd2e9-f605-4044-a07f-8c47171ce2f7@group-612B0C1FFEC3-SegmentedRaftLogWorker close()
2022-10-09 13:06:45,533 [Listener at 127.0.0.1/44209] INFO  server.GrpcService (GrpcService.java:closeImpl(269)) - 7279ce37-28db-41f2-a11e-d5db3ffcfb1c: shutdown server with port 46543 now
2022-10-09 13:06:45,535 [ForkJoinPool.commonPool-worker-0] INFO  server.RaftServer$Division (RaftServerImpl.java:lambda$close$4(434)) - 0e0cd2e9-f605-4044-a07f-8c47171ce2f7@group-BF7723920FB3: shutdown
2022-10-09 13:06:45,535 [ForkJoinPool.commonPool-worker-0] INFO  util.JmxRegister (JmxRegister.java:unregister(73)) - Successfully un-registered JMX Bean with object name Ratis:service=RaftServer,group=group-BF7723920FB3,id=0e0cd2e9-f605-4044-a07f-8c47171ce2f7
2022-10-09 13:06:45,535 [ForkJoinPool.commonPool-worker-0] INFO  impl.RoleInfo (RoleInfo.java:shutdownFollowerState(110)) - 0e0cd2e9-f605-4044-a07f-8c47171ce2f7: shutdown 0e0cd2e9-f605-4044-a07f-8c47171ce2f7@group-BF7723920FB3-FollowerState
2022-10-09 13:06:45,535 [ForkJoinPool.commonPool-worker-0] INFO  impl.StateMachineUpdater (StateMachineUpdater.java:stopAndJoin(153)) - 0e0cd2e9-f605-4044-a07f-8c47171ce2f7@group-BF7723920FB3-StateMachineUpdater: set stopIndex = 3
2022-10-09 13:06:45,535 [0e0cd2e9-f605-4044-a07f-8c47171ce2f7@group-BF7723920FB3-FollowerState] INFO  impl.FollowerState (FollowerState.java:run(152)) - 0e0cd2e9-f605-4044-a07f-8c47171ce2f7@group-BF7723920FB3-FollowerState was interrupted
2022-10-09 13:06:45,536 [0e0cd2e9-f605-4044-a07f-8c47171ce2f7@group-BF7723920FB3-StateMachineUpdater] INFO  ratis.ContainerStateMachine (ContainerStateMachine.java:takeSnapshot(304)) - group-BF7723920FB3: Taking a snapshot at:(t:6, i:3) file /home/runner/work/ozone/ozone/hadoop-ozone/integration-test/target/test-dir/MiniOzoneClusterImpl-9b82f26c-8b94-4c2d-8316-029798bb519b/datanode-0/data/ratis/64625589-bdec-47a0-b8f6-bf7723920fb3/sm/snapshot.6_3
2022-10-09 13:06:45,538 [0e0cd2e9-f605-4044-a07f-8c47171ce2f7@group-BF7723920FB3-StateMachineUpdater] INFO  ratis.ContainerStateMachine (ContainerStateMachine.java:takeSnapshot(315)) - group-BF7723920FB3: Finished taking a snapshot at:(t:6, i:3) file:/home/runner/work/ozone/ozone/hadoop-ozone/integration-test/target/test-dir/MiniOzoneClusterImpl-9b82f26c-8b94-4c2d-8316-029798bb519b/datanode-0/data/ratis/64625589-bdec-47a0-b8f6-bf7723920fb3/sm/snapshot.6_3 took: 2 ms
2022-10-09 13:06:45,538 [0e0cd2e9-f605-4044-a07f-8c47171ce2f7@group-BF7723920FB3-StateMachineUpdater] INFO  impl.StateMachineUpdater (StateMachineUpdater.java:takeSnapshot(287)) - 0e0cd2e9-f605-4044-a07f-8c47171ce2f7@group-BF7723920FB3-StateMachineUpdater: Took a snapshot at index 3
2022-10-09 13:06:45,538 [0e0cd2e9-f605-4044-a07f-8c47171ce2f7@group-BF7723920FB3-StateMachineUpdater] INFO  impl.StateMachineUpdater (StateMachineUpdater.java:lambda$new$0(92)) - 0e0cd2e9-f605-4044-a07f-8c47171ce2f7@group-BF7723920FB3-StateMachineUpdater: snapshotIndex: updateIncreasingly -1 -> 3
2022-10-09 13:06:45,545 [Listener at 127.0.0.1/44209] INFO  server.GrpcService (GrpcService.java:closeImpl(278)) - 7279ce37-28db-41f2-a11e-d5db3ffcfb1c: shutdown server with port 46543 successfully
2022-10-09 13:06:45,545 [org.apache.ratis.util.JvmPauseMonitor$$Lambda$636/1153107596@7c4eff61] INFO  util.JvmPauseMonitor (JvmPauseMonitor.java:run(109)) - JvmPauseMonitor-7279ce37-28db-41f2-a11e-d5db3ffcfb1c: Stopped
2022-10-09 13:06:45,546 [ForkJoinPool.commonPool-worker-0] INFO  server.RaftServer$Division (ServerState.java:close(429)) - 0e0cd2e9-f605-4044-a07f-8c47171ce2f7@group-BF7723920FB3: closes. applyIndex: 3
2022-10-09 13:06:45,558 [0e0cd2e9-f605-4044-a07f-8c47171ce2f7@group-BF7723920FB3-SegmentedRaftLogWorker] INFO  segmented.SegmentedRaftLogWorker (SegmentedRaftLogWorker.java:run(336)) - 0e0cd2e9-f605-4044-a07f-8c47171ce2f7@group-BF7723920FB3-SegmentedRaftLogWorker was interrupted, exiting. There are 0 tasks remaining in the queue.
2022-10-09 13:06:45,560 [ForkJoinPool.commonPool-worker-0] INFO  segmented.SegmentedRaftLogWorker (SegmentedRaftLogWorker.java:close(246)) - 0e0cd2e9-f605-4044-a07f-8c47171ce2f7@group-BF7723920FB3-SegmentedRaftLogWorker close()
2022-10-09 13:06:45,563 [ForkJoinPool.commonPool-worker-0] INFO  server.RaftServer$Division (RaftServerImpl.java:lambda$close$4(434)) - 0e0cd2e9-f605-4044-a07f-8c47171ce2f7@group-2D8E306473D2: shutdown
2022-10-09 13:06:45,564 [ForkJoinPool.commonPool-worker-0] INFO  util.JmxRegister (JmxRegister.java:unregister(73)) - Successfully un-registered JMX Bean with object name Ratis:service=RaftServer,group=group-2D8E306473D2,id=0e0cd2e9-f605-4044-a07f-8c47171ce2f7
2022-10-09 13:06:45,564 [ForkJoinPool.commonPool-worker-0] INFO  impl.RoleInfo (RoleInfo.java:shutdownLeaderState(93)) - 0e0cd2e9-f605-4044-a07f-8c47171ce2f7: shutdown 0e0cd2e9-f605-4044-a07f-8c47171ce2f7@group-2D8E306473D2-LeaderStateImpl
2022-10-09 13:06:45,564 [ForkJoinPool.commonPool-worker-0] INFO  impl.PendingRequests (PendingRequests.java:sendNotLeaderResponses(282)) - 0e0cd2e9-f605-4044-a07f-8c47171ce2f7@group-2D8E306473D2-PendingRequests: sendNotLeaderResponses
2022-10-09 13:06:45,564 [ForkJoinPool.commonPool-worker-0] INFO  impl.StateMachineUpdater (StateMachineUpdater.java:stopAndJoin(153)) - 0e0cd2e9-f605-4044-a07f-8c47171ce2f7@group-2D8E306473D2-StateMachineUpdater: set stopIndex = 0
2022-10-09 13:06:45,564 [0e0cd2e9-f605-4044-a07f-8c47171ce2f7@group-2D8E306473D2-StateMachineUpdater] INFO  ratis.ContainerStateMachine (ContainerStateMachine.java:takeSnapshot(304)) - group-2D8E306473D2: Taking a snapshot at:(t:1, i:0) file /home/runner/work/ozone/ozone/hadoop-ozone/integration-test/target/test-dir/MiniOzoneClusterImpl-9b82f26c-8b94-4c2d-8316-029798bb519b/datanode-0/data/ratis/a9c85f04-c081-45c2-bcbe-2d8e306473d2/sm/snapshot.1_0
2022-10-09 13:06:45,565 [0e0cd2e9-f605-4044-a07f-8c47171ce2f7@group-2D8E306473D2-StateMachineUpdater] INFO  ratis.ContainerStateMachine (ContainerStateMachine.java:takeSnapshot(315)) - group-2D8E306473D2: Finished taking a snapshot at:(t:1, i:0) file:/home/runner/work/ozone/ozone/hadoop-ozone/integration-test/target/test-dir/MiniOzoneClusterImpl-9b82f26c-8b94-4c2d-8316-029798bb519b/datanode-0/data/ratis/a9c85f04-c081-45c2-bcbe-2d8e306473d2/sm/snapshot.1_0 took: 0 ms
2022-10-09 13:06:45,565 [0e0cd2e9-f605-4044-a07f-8c47171ce2f7@group-2D8E306473D2-StateMachineUpdater] INFO  impl.StateMachineUpdater (StateMachineUpdater.java:takeSnapshot(287)) - 0e0cd2e9-f605-4044-a07f-8c47171ce2f7@group-2D8E306473D2-StateMachineUpdater: Took a snapshot at index 0
2022-10-09 13:06:45,566 [0e0cd2e9-f605-4044-a07f-8c47171ce2f7@group-2D8E306473D2-StateMachineUpdater] INFO  impl.StateMachineUpdater (StateMachineUpdater.java:lambda$new$0(92)) - 0e0cd2e9-f605-4044-a07f-8c47171ce2f7@group-2D8E306473D2-StateMachineUpdater: snapshotIndex: updateIncreasingly -1 -> 0
2022-10-09 13:06:45,571 [ForkJoinPool.commonPool-worker-0] INFO  server.RaftServer$Division (ServerState.java:close(429)) - 0e0cd2e9-f605-4044-a07f-8c47171ce2f7@group-2D8E306473D2: closes. applyIndex: 0
2022-10-09 13:06:45,572 [0e0cd2e9-f605-4044-a07f-8c47171ce2f7@group-2D8E306473D2-SegmentedRaftLogWorker] INFO  segmented.SegmentedRaftLogWorker (SegmentedRaftLogWorker.java:run(336)) - 0e0cd2e9-f605-4044-a07f-8c47171ce2f7@group-2D8E306473D2-SegmentedRaftLogWorker was interrupted, exiting. There are 0 tasks remaining in the queue.
2022-10-09 13:06:45,572 [ForkJoinPool.commonPool-worker-0] INFO  segmented.SegmentedRaftLogWorker (SegmentedRaftLogWorker.java:close(246)) - 0e0cd2e9-f605-4044-a07f-8c47171ce2f7@group-2D8E306473D2-SegmentedRaftLogWorker close()
2022-10-09 13:06:45,572 [ForkJoinPool.commonPool-worker-0] INFO  server.GrpcService (GrpcService.java:closeImpl(269)) - 0e0cd2e9-f605-4044-a07f-8c47171ce2f7: shutdown server with port 36435 now
2022-10-09 13:06:45,589 [ForkJoinPool.commonPool-worker-0] INFO  server.GrpcService (GrpcService.java:closeImpl(278)) - 0e0cd2e9-f605-4044-a07f-8c47171ce2f7: shutdown server with port 36435 successfully
2022-10-09 13:06:45,589 [org.apache.ratis.util.JvmPauseMonitor$$Lambda$636/1153107596@31175616] INFO  util.JvmPauseMonitor (JvmPauseMonitor.java:run(109)) - JvmPauseMonitor-0e0cd2e9-f605-4044-a07f-8c47171ce2f7: Stopped
2022-10-09 13:06:47,589 [Listener at 127.0.0.1/44209] INFO  utils.BackgroundService (BackgroundService.java:shutdown(141)) - Shutting down service BlockDeletingService
2022-10-09 13:06:47,596 [Listener at 127.0.0.1/44209] INFO  utils.BackgroundService (BackgroundService.java:shutdown(141)) - Shutting down service StaleRecoveringContainerScrubbingService
2022-10-09 13:06:47,640 [ForkJoinPool.commonPool-worker-0] INFO  utils.BackgroundService (BackgroundService.java:shutdown(141)) - Shutting down service BlockDeletingService
2022-10-09 13:06:47,644 [ForkJoinPool.commonPool-worker-0] INFO  utils.BackgroundService (BackgroundService.java:shutdown(141)) - Shutting down service StaleRecoveringContainerScrubbingService
2022-10-09 13:06:50,612 [Listener at 127.0.0.1/44209] INFO  statemachine.DatanodeStateMachine (DatanodeStateMachine.java:stopDaemon(580)) - Ozone container server stopped.
2022-10-09 13:06:50,622 [Listener at 127.0.0.1/44209] INFO  handler.ContextHandler (ContextHandler.java:doStop(1153)) - Stopped o.e.j.w.WebAppContext@4adc7e4e{hddsDatanode,/,null,STOPPED}{jar:file:/home/runner/.m2/repository/org/apache/ozone/hdds-container-service/1.3.0-SNAPSHOT/hdds-container-service-1.3.0-SNAPSHOT.jar!/webapps/hddsDatanode}
2022-10-09 13:06:50,624 [Listener at 127.0.0.1/44209] INFO  server.AbstractConnector (AbstractConnector.java:doStop(381)) - Stopped ServerConnector@143d045{HTTP/1.1, (http/1.1)}{0.0.0.0:0}
2022-10-09 13:06:50,624 [Listener at 127.0.0.1/44209] INFO  server.session (HouseKeeper.java:stopScavenging(149)) - node0 Stopped scavenging
2022-10-09 13:06:50,625 [Listener at 127.0.0.1/44209] INFO  handler.ContextHandler (ContextHandler.java:doStop(1153)) - Stopped o.e.j.s.ServletContextHandler@658e67e1{static,/static,jar:file:/home/runner/.m2/repository/org/apache/ozone/hdds-container-service/1.3.0-SNAPSHOT/hdds-container-service-1.3.0-SNAPSHOT.jar!/webapps/static,STOPPED}
2022-10-09 13:06:50,625 [Listener at 127.0.0.1/44209] INFO  handler.ContextHandler (ContextHandler.java:doStop(1153)) - Stopped o.e.j.s.ServletContextHandler@5ebaad5e{logs,/logs,file:///home/runner/work/ozone/ozone/hadoop-ozone/integration-test/target/log,STOPPED}
2022-10-09 13:06:50,663 [ForkJoinPool.commonPool-worker-0] INFO  statemachine.DatanodeStateMachine (DatanodeStateMachine.java:stopDaemon(580)) - Ozone container server stopped.
2022-10-09 13:06:50,701 [ForkJoinPool.commonPool-worker-0] INFO  handler.ContextHandler (ContextHandler.java:doStop(1153)) - Stopped o.e.j.w.WebAppContext@39a7de2a{hddsDatanode,/,null,STOPPED}{jar:file:/home/runner/.m2/repository/org/apache/ozone/hdds-container-service/1.3.0-SNAPSHOT/hdds-container-service-1.3.0-SNAPSHOT.jar!/webapps/hddsDatanode}
2022-10-09 13:06:50,702 [ForkJoinPool.commonPool-worker-0] INFO  server.AbstractConnector (AbstractConnector.java:doStop(381)) - Stopped ServerConnector@6e1421ff{HTTP/1.1, (http/1.1)}{0.0.0.0:0}
2022-10-09 13:06:50,702 [ForkJoinPool.commonPool-worker-0] INFO  server.session (HouseKeeper.java:stopScavenging(149)) - node0 Stopped scavenging
2022-10-09 13:06:50,709 [ForkJoinPool.commonPool-worker-0] INFO  handler.ContextHandler (ContextHandler.java:doStop(1153)) - Stopped o.e.j.s.ServletContextHandler@4465326b{static,/static,jar:file:/home/runner/.m2/repository/org/apache/ozone/hdds-container-service/1.3.0-SNAPSHOT/hdds-container-service-1.3.0-SNAPSHOT.jar!/webapps/static,STOPPED}
2022-10-09 13:06:50,723 [ForkJoinPool.commonPool-worker-0] INFO  handler.ContextHandler (ContextHandler.java:doStop(1153)) - Stopped o.e.j.s.ServletContextHandler@33459a1c{logs,/logs,file:///home/runner/work/ozone/ozone/hadoop-ozone/integration-test/target/log,STOPPED}
2022-10-09 13:06:55,631 [Listener at 127.0.0.1/44209] INFO  ozoneimpl.OzoneContainer (OzoneContainer.java:stop(400)) - Attempting to stop container services.
2022-10-09 13:06:55,633 [Listener at 127.0.0.1/44209] INFO  server.RaftServer (RaftServerProxy.java:lambda$close$7(398)) - d53f1fbb-b576-41c7-afbd-0ba632ac53c7: close
2022-10-09 13:06:55,633 [Listener at 127.0.0.1/44209] INFO  server.RaftServer$Division (RaftServerImpl.java:lambda$close$4(434)) - d53f1fbb-b576-41c7-afbd-0ba632ac53c7@group-72063B46A92A: shutdown
2022-10-09 13:06:55,633 [Listener at 127.0.0.1/44209] INFO  util.JmxRegister (JmxRegister.java:unregister(73)) - Successfully un-registered JMX Bean with object name Ratis:service=RaftServer,group=group-72063B46A92A,id=d53f1fbb-b576-41c7-afbd-0ba632ac53c7
2022-10-09 13:06:55,633 [Listener at 127.0.0.1/44209] INFO  impl.RoleInfo (RoleInfo.java:shutdownLeaderState(93)) - d53f1fbb-b576-41c7-afbd-0ba632ac53c7: shutdown d53f1fbb-b576-41c7-afbd-0ba632ac53c7@group-72063B46A92A-LeaderStateImpl
2022-10-09 13:06:55,633 [Listener at 127.0.0.1/44209] INFO  impl.PendingRequests (PendingRequests.java:sendNotLeaderResponses(282)) - d53f1fbb-b576-41c7-afbd-0ba632ac53c7@group-72063B46A92A-PendingRequests: sendNotLeaderResponses
2022-10-09 13:06:55,634 [d53f1fbb-b576-41c7-afbd-0ba632ac53c7@group-72063B46A92A-StateMachineUpdater] INFO  ratis.ContainerStateMachine (ContainerStateMachine.java:takeSnapshot(304)) - group-72063B46A92A: Taking a snapshot at:(t:1, i:0) file /home/runner/work/ozone/ozone/hadoop-ozone/integration-test/target/test-dir/MiniOzoneClusterImpl-9b82f26c-8b94-4c2d-8316-029798bb519b/datanode-3/data/ratis/7ece04bb-84ae-430b-8b00-72063b46a92a/sm/snapshot.1_0
2022-10-09 13:06:55,635 [Listener at 127.0.0.1/44209] INFO  impl.StateMachineUpdater (StateMachineUpdater.java:stopAndJoin(153)) - d53f1fbb-b576-41c7-afbd-0ba632ac53c7@group-72063B46A92A-StateMachineUpdater: set stopIndex = 0
2022-10-09 13:06:55,637 [d53f1fbb-b576-41c7-afbd-0ba632ac53c7@group-72063B46A92A-StateMachineUpdater] INFO  ratis.ContainerStateMachine (ContainerStateMachine.java:takeSnapshot(315)) - group-72063B46A92A: Finished taking a snapshot at:(t:1, i:0) file:/home/runner/work/ozone/ozone/hadoop-ozone/integration-test/target/test-dir/MiniOzoneClusterImpl-9b82f26c-8b94-4c2d-8316-029798bb519b/datanode-3/data/ratis/7ece04bb-84ae-430b-8b00-72063b46a92a/sm/snapshot.1_0 took: 4 ms
2022-10-09 13:06:55,639 [d53f1fbb-b576-41c7-afbd-0ba632ac53c7@group-72063B46A92A-StateMachineUpdater] INFO  impl.StateMachineUpdater (StateMachineUpdater.java:takeSnapshot(287)) - d53f1fbb-b576-41c7-afbd-0ba632ac53c7@group-72063B46A92A-StateMachineUpdater: Took a snapshot at index 0
2022-10-09 13:06:55,639 [d53f1fbb-b576-41c7-afbd-0ba632ac53c7@group-72063B46A92A-StateMachineUpdater] INFO  impl.StateMachineUpdater (StateMachineUpdater.java:lambda$new$0(92)) - d53f1fbb-b576-41c7-afbd-0ba632ac53c7@group-72063B46A92A-StateMachineUpdater: snapshotIndex: updateIncreasingly -1 -> 0
2022-10-09 13:06:55,641 [Listener at 127.0.0.1/44209] INFO  server.RaftServer$Division (ServerState.java:close(429)) - d53f1fbb-b576-41c7-afbd-0ba632ac53c7@group-72063B46A92A: closes. applyIndex: 0
2022-10-09 13:06:55,642 [d53f1fbb-b576-41c7-afbd-0ba632ac53c7@group-72063B46A92A-SegmentedRaftLogWorker] INFO  segmented.SegmentedRaftLogWorker (SegmentedRaftLogWorker.java:run(336)) - d53f1fbb-b576-41c7-afbd-0ba632ac53c7@group-72063B46A92A-SegmentedRaftLogWorker was interrupted, exiting. There are 0 tasks remaining in the queue.
2022-10-09 13:06:55,650 [Listener at 127.0.0.1/44209] INFO  segmented.SegmentedRaftLogWorker (SegmentedRaftLogWorker.java:close(246)) - d53f1fbb-b576-41c7-afbd-0ba632ac53c7@group-72063B46A92A-SegmentedRaftLogWorker close()
2022-10-09 13:06:55,653 [Listener at 127.0.0.1/44209] INFO  server.GrpcService (GrpcService.java:closeImpl(269)) - d53f1fbb-b576-41c7-afbd-0ba632ac53c7: shutdown server with port 46505 now
2022-10-09 13:06:55,653 [Listener at 127.0.0.1/44209] INFO  server.GrpcService (GrpcService.java:closeImpl(278)) - d53f1fbb-b576-41c7-afbd-0ba632ac53c7: shutdown server with port 46505 successfully
2022-10-09 13:06:55,654 [org.apache.ratis.util.JvmPauseMonitor$$Lambda$636/1153107596@21656b38] INFO  util.JvmPauseMonitor (JvmPauseMonitor.java:run(109)) - JvmPauseMonitor-d53f1fbb-b576-41c7-afbd-0ba632ac53c7: Stopped
2022-10-09 13:06:57,678 [Listener at 127.0.0.1/44209] INFO  utils.BackgroundService (BackgroundService.java:shutdown(141)) - Shutting down service BlockDeletingService
2022-10-09 13:06:57,679 [Listener at 127.0.0.1/44209] INFO  utils.BackgroundService (BackgroundService.java:shutdown(141)) - Shutting down service StaleRecoveringContainerScrubbingService
2022-10-09 13:07:00,681 [Listener at 127.0.0.1/44209] INFO  statemachine.DatanodeStateMachine (DatanodeStateMachine.java:stopDaemon(580)) - Ozone container server stopped.
2022-10-09 13:07:00,698 [Listener at 127.0.0.1/44209] INFO  handler.ContextHandler (ContextHandler.java:doStop(1153)) - Stopped o.e.j.w.WebAppContext@67976e3b{hddsDatanode,/,null,STOPPED}{jar:file:/home/runner/.m2/repository/org/apache/ozone/hdds-container-service/1.3.0-SNAPSHOT/hdds-container-service-1.3.0-SNAPSHOT.jar!/webapps/hddsDatanode}
2022-10-09 13:07:00,708 [Listener at 127.0.0.1/44209] INFO  server.AbstractConnector (AbstractConnector.java:doStop(381)) - Stopped ServerConnector@64219a93{HTTP/1.1, (http/1.1)}{0.0.0.0:0}
2022-10-09 13:07:00,708 [Listener at 127.0.0.1/44209] INFO  server.session (HouseKeeper.java:stopScavenging(149)) - node0 Stopped scavenging
2022-10-09 13:07:00,708 [Listener at 127.0.0.1/44209] INFO  handler.ContextHandler (ContextHandler.java:doStop(1153)) - Stopped o.e.j.s.ServletContextHandler@43bd267a{static,/static,jar:file:/home/runner/.m2/repository/org/apache/ozone/hdds-container-service/1.3.0-SNAPSHOT/hdds-container-service-1.3.0-SNAPSHOT.jar!/webapps/static,STOPPED}
2022-10-09 13:07:00,709 [Listener at 127.0.0.1/44209] INFO  handler.ContextHandler (ContextHandler.java:doStop(1153)) - Stopped o.e.j.s.ServletContextHandler@68cbf488{logs,/logs,file:///home/runner/work/ozone/ozone/hadoop-ozone/integration-test/target/log,STOPPED}
2022-10-09 13:07:00,715 [Listener at 127.0.0.1/44209] INFO  ozone.MiniOzoneClusterImpl (MiniOzoneClusterImpl.java:stopSCM(537)) - Stopping the StorageContainerManager
2022-10-09 13:07:00,715 [Listener at 127.0.0.1/44209] INFO  server.StorageContainerManager (StorageContainerManager.java:stop(1528)) - Container Balancer is not running.
2022-10-09 13:07:00,715 [Listener at 127.0.0.1/44209] INFO  server.StorageContainerManager (StorageContainerManager.java:stop(1535)) - Stopping Replication Manager Service.
2022-10-09 13:07:00,715 [Listener at 127.0.0.1/44209] INFO  replication.ReplicationManager (ReplicationManager.java:stop(257)) - Stopping Replication Monitor Thread.
2022-10-09 13:07:00,715 [Under Replicated Processor] WARN  replication.UnderReplicatedProcessor (UnderReplicatedProcessor.java:run(148)) - Under Replicated Processor interrupted. Exiting...
2022-10-09 13:07:00,715 [ReplicationMonitor] INFO  replication.ReplicationManager (ReplicationManager.java:run(509)) - Replication Monitor Thread is stopped
2022-10-09 13:07:00,715 [Over Replicated Processor] WARN  replication.OverReplicatedProcessor (OverReplicatedProcessor.java:run(137)) - Over Replicated Processor interrupted. Exiting...
2022-10-09 13:07:00,715 [Listener at 127.0.0.1/44209] INFO  server.StorageContainerManager (StorageContainerManager.java:stop(1542)) - Stopping the Datanode Admin Monitor.
2022-10-09 13:07:00,718 [Listener at 127.0.0.1/44209] INFO  server.StorageContainerManager (StorageContainerManager.java:stop(1549)) - Stopping Lease Manager of the command watchers
2022-10-09 13:07:00,721 [Listener at 127.0.0.1/44209] INFO  server.StorageContainerManager (StorageContainerManager.java:stop(1556)) - Stopping datanode service RPC server
2022-10-09 13:07:00,721 [Listener at 127.0.0.1/44209] INFO  server.SCMDatanodeProtocolServer (SCMDatanodeProtocolServer.java:stop(414)) - Stopping the RPC server for DataNodes
2022-10-09 13:07:00,721 [Listener at 127.0.0.1/44209] INFO  ipc.Server (Server.java:stop(3414)) - Stopping server on 43961
2022-10-09 13:07:00,722 [IPC Server listener on 0] INFO  ipc.Server (Server.java:run(1376)) - Stopping IPC Server listener on 0
2022-10-09 13:07:00,722 [IPC Server Responder] INFO  ipc.Server (Server.java:run(1512)) - Stopping IPC Server Responder
2022-10-09 13:07:00,776 [SCM Heartbeat Processing Thread - 0] WARN  node.NodeStateManager (NodeStateManager.java:scheduleNextHealthCheck(870)) - Current Thread is interrupted, shutting down HB processing thread for Node Manager.
2022-10-09 13:07:00,776 [Listener at 127.0.0.1/44209] INFO  server.StorageContainerManager (StorageContainerManager.java:stop(1564)) - Stopping block service RPC server
2022-10-09 13:07:00,777 [Listener at 127.0.0.1/44209] INFO  server.SCMBlockProtocolServer (SCMBlockProtocolServer.java:stop(161)) - Stopping the RPC server for Block Protocol
2022-10-09 13:07:00,777 [Listener at 127.0.0.1/44209] INFO  ipc.Server (Server.java:stop(3414)) - Stopping server on 34237
2022-10-09 13:07:00,780 [Listener at 127.0.0.1/44209] INFO  server.StorageContainerManager (StorageContainerManager.java:stop(1571)) - Stopping the StorageContainerLocationProtocol RPC server
2022-10-09 13:07:00,780 [Listener at 127.0.0.1/44209] INFO  server.SCMClientProtocolServer (SCMClientProtocolServer.java:stop(179)) - Stopping the RPC server for Client Protocol
2022-10-09 13:07:00,780 [Listener at 127.0.0.1/44209] INFO  ipc.Server (Server.java:stop(3414)) - Stopping server on 38147
2022-10-09 13:07:00,781 [IPC Server listener on 0] INFO  ipc.Server (Server.java:run(1376)) - Stopping IPC Server listener on 0
2022-10-09 13:07:00,782 [IPC Server Responder] INFO  ipc.Server (Server.java:run(1512)) - Stopping IPC Server Responder
2022-10-09 13:07:00,784 [Listener at 127.0.0.1/44209] INFO  server.StorageContainerManager (StorageContainerManager.java:stop(1578)) - Stopping Storage Container Manager HTTP server.
2022-10-09 13:07:00,784 [IPC Server Responder] INFO  ipc.Server (Server.java:run(1512)) - Stopping IPC Server Responder
2022-10-09 13:07:00,785 [Listener at 127.0.0.1/44209] INFO  handler.ContextHandler (ContextHandler.java:doStop(1153)) - Stopped o.e.j.w.WebAppContext@41e51140{scm,/,null,STOPPED}{file:/home/runner/work/ozone/ozone/hadoop-ozone/integration-test/target/test-classes/webapps/scm}
2022-10-09 13:07:00,785 [IPC Server listener on 0] INFO  ipc.Server (Server.java:run(1376)) - Stopping IPC Server listener on 0
2022-10-09 13:07:00,808 [Listener at 127.0.0.1/44209] INFO  server.AbstractConnector (AbstractConnector.java:doStop(381)) - Stopped ServerConnector@65ba7bf2{HTTP/1.1, (http/1.1)}{0.0.0.0:0}
2022-10-09 13:07:00,808 [Listener at 127.0.0.1/44209] INFO  server.session (HouseKeeper.java:stopScavenging(149)) - node0 Stopped scavenging
2022-10-09 13:07:00,820 [Listener at 127.0.0.1/44209] INFO  handler.ContextHandler (ContextHandler.java:doStop(1153)) - Stopped o.e.j.s.ServletContextHandler@9c7db46{static,/static,file:///home/runner/work/ozone/ozone/hadoop-ozone/integration-test/target/test-classes/webapps/static,STOPPED}
2022-10-09 13:07:00,820 [Listener at 127.0.0.1/44209] INFO  handler.ContextHandler (ContextHandler.java:doStop(1153)) - Stopped o.e.j.s.ServletContextHandler@66e9e248{logs,/logs,file:///home/runner/work/ozone/ozone/hadoop-ozone/integration-test/target/log,STOPPED}
2022-10-09 13:07:00,822 [Listener at 127.0.0.1/44209] INFO  server.StorageContainerManager (StorageContainerManager.java:stop(1584)) - Stopping SCM LayoutVersionManager Service.
2022-10-09 13:07:00,822 [Listener at 127.0.0.1/44209] INFO  server.StorageContainerManager (StorageContainerManager.java:stop(1592)) - Stopping Block Manager Service.
2022-10-09 13:07:00,823 [Listener at 127.0.0.1/44209] INFO  utils.BackgroundService (BackgroundService.java:shutdown(141)) - Shutting down service SCMBlockDeletingService
2022-10-09 13:07:00,823 [Listener at 127.0.0.1/44209] INFO  utils.BackgroundService (BackgroundService.java:shutdown(141)) - Shutting down service SCMBlockDeletingService
2022-10-09 13:07:00,825 [Listener at 127.0.0.1/44209] INFO  server.StorageContainerManager (StorageContainerManager.java:stop(1619)) - Stopping SCM Event Queue.
2022-10-09 13:07:00,860 [Listener at 127.0.0.1/44209] INFO  server.StorageContainerManager (StorageContainerManager.java:stop(1630)) - Stopping SCM HA services.
2022-10-09 13:07:00,860 [Listener at 127.0.0.1/44209] INFO  pipeline.BackgroundPipelineCreator (BackgroundPipelineCreator.java:stop(149)) - Stopping RatisPipelineUtilsThread.
2022-10-09 13:07:00,860 [RatisPipelineUtilsThread - 0] WARN  pipeline.BackgroundPipelineCreator (BackgroundPipelineCreator.java:run(180)) - RatisPipelineUtilsThread is interrupted.
2022-10-09 13:07:00,867 [Listener at 127.0.0.1/44209] INFO  BackgroundPipelineScrubber (BackgroundSCMService.java:stop(131)) - Stopping BackgroundPipelineScrubber Service.
2022-10-09 13:07:00,868 [Listener at 127.0.0.1/44209] INFO  server.StorageContainerManager (StorageContainerManager.java:stop(1640)) - Stopping SCM MetadataStore.
2022-10-09 13:07:00,868 [BackgroundPipelineScrubberThread] WARN  BackgroundPipelineScrubber (BackgroundSCMService.java:run(115)) - BackgroundPipelineScrubber is interrupted, exit
2022-10-09 13:07:00,881 [Listener at 127.0.0.1/44209] INFO  impl.MetricsSystemImpl (MetricsSystemImpl.java:stop(210)) - Stopping HddsDatanode metrics system...
2022-10-09 13:07:00,924 [prometheus] INFO  impl.MetricsSinkAdapter (MetricsSinkAdapter.java:publishMetricsFromQueue(141)) - prometheus thread interrupted.
2022-10-09 13:07:00,924 [Listener at 127.0.0.1/44209] INFO  impl.MetricsSystemImpl (MetricsSystemImpl.java:stop(216)) - HddsDatanode metrics system stopped.
2022-10-09 13:07:01,130 [Listener at 127.0.0.1/44209] WARN  server.ServerUtils (ServerUtils.java:getScmDbDir(148)) - ozone.scm.db.dirs is not configured. We recommend adding this setting. Falling back to ozone.metadata.dirs instead.
2022-10-09 13:07:01,146 [Listener at 127.0.0.1/44209] WARN  server.ServerUtils (ServerUtils.java:getScmDbDir(148)) - ozone.scm.db.dirs is not configured. We recommend adding this setting. Falling back to ozone.metadata.dirs instead.
2022-10-09 13:07:01,147 [Listener at 127.0.0.1/44209] INFO  ha.SCMHANodeDetails (SCMHANodeDetails.java:loadSCMHAConfig(209)) - ServiceID for StorageContainerManager is null
2022-10-09 13:07:01,147 [Listener at 127.0.0.1/44209] INFO  ha.SCMHANodeDetails (SCMHANodeDetails.java:loadSCMHAConfig(214)) - ozone.scm.default.service.id is not defined, falling back to ozone.scm.service.ids to find serviceID for StorageContainerManager if it is HA enabled cluster
2022-10-09 13:07:01,148 [Listener at 127.0.0.1/44209] WARN  utils.HAUtils (HAUtils.java:getMetaDir(342)) - ozone.scm.db.dirs is not configured. We recommend adding this setting. Falling back to ozone.metadata.dirs instead.
2022-10-09 13:07:01,148 [Listener at 127.0.0.1/44209] WARN  db.DBStoreBuilder (DBStoreBuilder.java:applyDBDefinition(144)) - ozone.scm.db.dirs is not configured. We recommend adding this setting. Falling back to ozone.metadata.dirs instead.
2022-10-09 13:07:01,408 [Listener at 127.0.0.1/44209] INFO  net.NodeSchemaLoader (NodeSchemaLoader.java:loadSchemaFromFile(129)) - Loading schema from [jar:file:/home/runner/.m2/repository/org/apache/ozone/hdds-common/1.3.0-SNAPSHOT/hdds-common-1.3.0-SNAPSHOT.jar!/network-topology-default.xml]
2022-10-09 13:07:01,409 [Listener at 127.0.0.1/44209] INFO  net.NodeSchemaLoader (NodeSchemaLoader.java:loadSchema(176)) - Loading network topology layer schema file
2022-10-09 13:07:01,425 [Listener at 127.0.0.1/44209] INFO  upgrade.AbstractLayoutVersionManager (AbstractLayoutVersionManager.java:init(83)) - Initializing Layout version manager with metadata layout = DATANODE_SCHEMA_V3 (version = 4), software layout = DATANODE_SCHEMA_V3 (version = 4)
2022-10-09 13:07:01,527 [Listener at 127.0.0.1/44209] INFO  reflections.Reflections (Reflections.java:scan(232)) - Reflections took 101 ms to scan 7 urls, producing 135 keys and 327 values 
2022-10-09 13:07:01,531 [Listener at 127.0.0.1/44209] INFO  ha.SequenceIdGenerator (SequenceIdGenerator.java:upgradeToSequenceId(349)) - upgrade localId to 109611004723200000
2022-10-09 13:07:01,532 [Listener at 127.0.0.1/44209] INFO  ha.SequenceIdGenerator (SequenceIdGenerator.java:upgradeToSequenceId(359)) - upgrade delTxnId to 0
2022-10-09 13:07:01,532 [Listener at 127.0.0.1/44209] INFO  ha.SequenceIdGenerator (SequenceIdGenerator.java:upgradeToSequenceId(376)) - upgrade containerId to 0
2022-10-09 13:07:01,532 [Listener at 127.0.0.1/44209] INFO  ha.SequenceIdGenerator (SequenceIdGenerator.java:<init>(220)) - Init the HA SequenceIdGenerator.
2022-10-09 13:07:01,532 [Listener at 127.0.0.1/44209] WARN  server.ServerUtils (ServerUtils.java:sanitizeUserArgs(73)) - ozone.scm.stale.node.interval value = 300000 is larger than max = 100000 based on the key value of ozone.scm.heartbeat.thread.interval, reset to the max value 100000.
2022-10-09 13:07:01,532 [Listener at 127.0.0.1/44209] WARN  server.ServerUtils (ServerUtils.java:sanitizeUserArgs(73)) - ozone.scm.stale.node.interval value = 300000 is larger than max = 100000 based on the key value of ozone.scm.heartbeat.thread.interval, reset to the max value 100000.
2022-10-09 13:07:01,553 [Listener at 127.0.0.1/44209] INFO  node.SCMNodeManager (SCMNodeManager.java:<init>(149)) - Entering startup safe mode.
2022-10-09 13:07:01,553 [Listener at 127.0.0.1/44209] INFO  algorithms.ContainerPlacementPolicyFactory (ContainerPlacementPolicyFactory.java:getPolicyInternal(86)) - Create container placement policy of type org.apache.hadoop.hdds.scm.container.placement.algorithms.SCMContainerPlacementRandom
2022-10-09 13:07:01,554 [Listener at 127.0.0.1/44209] INFO  algorithms.ContainerPlacementPolicyFactory (ContainerPlacementPolicyFactory.java:getPolicyInternal(86)) - Create container placement policy of type org.apache.hadoop.hdds.scm.container.placement.algorithms.SCMContainerPlacementRackScatter
2022-10-09 13:07:01,554 [Listener at 127.0.0.1/44209] INFO  pipeline.PipelineStateManagerImpl (PipelineStateManagerImpl.java:initialize(78)) - No pipeline exists in current db
2022-10-09 13:07:01,554 [Listener at 127.0.0.1/44209] INFO  algorithms.LeaderChoosePolicyFactory (LeaderChoosePolicyFactory.java:getPolicy(57)) - Create leader choose policy of type org.apache.hadoop.hdds.scm.pipeline.leader.choose.algorithms.MinLeaderCountChoosePolicy
2022-10-09 13:07:01,554 [Listener at 127.0.0.1/44209] INFO  algorithms.ContainerPlacementPolicyFactory (ContainerPlacementPolicyFactory.java:getPolicyInternal(86)) - Create container placement policy of type org.apache.hadoop.hdds.scm.container.placement.algorithms.SCMContainerPlacementRackScatter
2022-10-09 13:07:01,554 [Listener at 127.0.0.1/44209] INFO  ha.SCMServiceManager (SCMServiceManager.java:register(42)) - Registering service BackgroundPipelineCreator.
2022-10-09 13:07:01,554 [Listener at 127.0.0.1/44209] INFO  pipeline.BackgroundPipelineCreator (BackgroundPipelineCreator.java:start(124)) - Starting RatisPipelineUtilsThread.
2022-10-09 13:07:01,568 [Listener at 127.0.0.1/44209] INFO  BackgroundPipelineScrubber (BackgroundSCMService.java:start(68)) - Starting BackgroundPipelineScrubber Service.
2022-10-09 13:07:01,570 [Listener at 127.0.0.1/44209] INFO  ha.SCMServiceManager (SCMServiceManager.java:register(42)) - Registering service BackgroundPipelineScrubber.
2022-10-09 13:07:01,570 [Listener at 127.0.0.1/44209] INFO  ExpiredContainerReplicaOpScrubber (BackgroundSCMService.java:start(68)) - Starting ExpiredContainerReplicaOpScrubber Service.
2022-10-09 13:07:01,570 [Listener at 127.0.0.1/44209] INFO  ha.SCMServiceManager (SCMServiceManager.java:register(42)) - Registering service ExpiredContainerReplicaOpScrubber.
2022-10-09 13:07:01,571 [Listener at 127.0.0.1/44209] INFO  algorithms.PipelineChoosePolicyFactory (PipelineChoosePolicyFactory.java:createPipelineChoosePolicyFromClass(73)) - Create pipeline choose policy of type org.apache.hadoop.hdds.scm.pipeline.choose.algorithms.RandomPipelineChoosePolicy
2022-10-09 13:07:01,572 [Listener at 127.0.0.1/44209] INFO  ha.SCMServiceManager (SCMServiceManager.java:register(42)) - Registering service SCMBlockDeletingService.
2022-10-09 13:07:01,572 [Listener at 127.0.0.1/44209] INFO  replication.ReplicationManager (ReplicationManager.java:start(223)) - Starting Replication Monitor Thread.
2022-10-09 13:07:01,591 [Listener at 127.0.0.1/44209] INFO  ha.SCMServiceManager (SCMServiceManager.java:register(42)) - Registering service ReplicationManager.
2022-10-09 13:07:01,592 [ReplicationMonitor] INFO  replication.ReplicationManager (ReplicationManager.java:processAll(291)) - Replication Manager is not ready to run until 3000ms after safemode exit
2022-10-09 13:07:01,592 [Listener at 127.0.0.1/44209] INFO  safemode.ContainerSafeModeRule (ContainerSafeModeRule.java:<init>(89)) - containers with one replica threshold count 0
2022-10-09 13:07:01,592 [Listener at 127.0.0.1/44209] INFO  safemode.HealthyPipelineSafeModeRule (HealthyPipelineSafeModeRule.java:initializeRule(169)) - Total pipeline count is 0, healthy pipeline threshold count is 1
2022-10-09 13:07:01,593 [Listener at 127.0.0.1/44209] INFO  safemode.OneReplicaPipelineSafeModeRule (OneReplicaPipelineSafeModeRule.java:initializeRule(180)) - Total pipeline count is 0, pipeline's with at least one datanode reported threshold count is 0
2022-10-09 13:07:01,604 [Listener at 127.0.0.1/44209] INFO  ipc.CallQueueManager (CallQueueManager.java:<init>(90)) - Using callQueue: class java.util.concurrent.LinkedBlockingQueue, queueCapacity: 2000, scheduler: class org.apache.hadoop.ipc.DefaultRpcScheduler, ipcBackoff: false.
2022-10-09 13:07:01,612 [Socket Reader #1 for port 0] INFO  ipc.Server (Server.java:run(1265)) - Starting Socket Reader #1 for port 0
2022-10-09 13:07:01,620 [Listener at 0.0.0.0/45391] INFO  ipc.CallQueueManager (CallQueueManager.java:<init>(90)) - Using callQueue: class java.util.concurrent.LinkedBlockingQueue, queueCapacity: 2000, scheduler: class org.apache.hadoop.ipc.DefaultRpcScheduler, ipcBackoff: false.
2022-10-09 13:07:01,628 [Socket Reader #1 for port 0] INFO  ipc.Server (Server.java:run(1265)) - Starting Socket Reader #1 for port 0
2022-10-09 13:07:01,636 [Listener at 0.0.0.0/36597] INFO  ipc.CallQueueManager (CallQueueManager.java:<init>(90)) - Using callQueue: class java.util.concurrent.LinkedBlockingQueue, queueCapacity: 2000, scheduler: class org.apache.hadoop.ipc.DefaultRpcScheduler, ipcBackoff: false.
2022-10-09 13:07:01,640 [Socket Reader #1 for port 0] INFO  ipc.Server (Server.java:run(1265)) - Starting Socket Reader #1 for port 0
2022-10-09 13:07:01,702 [Listener at 0.0.0.0/34537] INFO  ha.SCMServiceManager (SCMServiceManager.java:register(42)) - Registering service ContainerBalancer.
2022-10-09 13:07:01,702 [Listener at 0.0.0.0/34537] INFO  server.StorageContainerManager (StorageContainerManager.java:<init>(410)) - 
Container Balancer status:
Key                            Value
Running                        false
Container Balancer Configuration values:
Key                                                Value
Threshold                                          10
Max Datanodes to Involve per Iteration(percent)    20
Max Size to Move per Iteration                     500GB
Max Size Entering Target per Iteration             26GB
Max Size Leaving Source per Iteration              26GB

2022-10-09 13:07:01,702 [Listener at 0.0.0.0/34537] WARN  events.EventQueue (EventQueue.java:fireEvent(216)) - No event handler registered for event TypedEvent{payloadType=SafeModeStatus, name='Safe mode status'}
2022-10-09 13:07:01,702 [Listener at 0.0.0.0/34537] INFO  ha.SCMContext (SCMContext.java:updateSafeModeStatus(228)) - Update SafeModeStatus from SafeModeStatus{safeModeStatus=true, preCheckPassed=false} to SafeModeStatus{safeModeStatus=true, preCheckPassed=false}.
2022-10-09 13:07:01,703 [Listener at 0.0.0.0/34537] INFO  server.StorageContainerManager (StorageContainerManager.java:start(1436)) - StorageContainerLocationProtocol RPC server is listening at /0.0.0.0:34537
2022-10-09 13:07:01,704 [Listener at 0.0.0.0/34537] WARN  impl.MetricsConfig (MetricsConfig.java:loadFirst(136)) - Cannot locate configuration: tried hadoop-metrics2-storagecontainermanager.properties,hadoop-metrics2.properties
2022-10-09 13:07:01,704 [Listener at 0.0.0.0/34537] INFO  impl.MetricsSystemImpl (MetricsSystemImpl.java:startTimer(378)) - Scheduled Metric snapshot period at 10 second(s).
2022-10-09 13:07:01,704 [Listener at 0.0.0.0/34537] INFO  impl.MetricsSystemImpl (MetricsSystemImpl.java:start(191)) - StorageContainerManager metrics system started
2022-10-09 13:07:01,813 [Listener at 0.0.0.0/34537] INFO  impl.MetricsSinkAdapter (MetricsSinkAdapter.java:start(204)) - Sink prometheus started
2022-10-09 13:07:01,813 [Listener at 0.0.0.0/34537] INFO  impl.MetricsSystemImpl (MetricsSystemImpl.java:registerSink(305)) - Registered sink prometheus
2022-10-09 13:07:01,839 [Listener at 0.0.0.0/34537] INFO  server.SCMClientProtocolServer (SCMClientProtocolServer.java:start(170)) - RPC server for Client  is listening at /0.0.0.0:34537
2022-10-09 13:07:01,844 [IPC Server Responder] INFO  ipc.Server (Server.java:run(1507)) - IPC Server Responder: starting
2022-10-09 13:07:01,844 [IPC Server listener on 0] INFO  ipc.Server (Server.java:run(1344)) - IPC Server listener on 0: starting
2022-10-09 13:07:01,845 [Listener at 0.0.0.0/34537] INFO  server.StorageContainerManager (StorageContainerManager.java:start(1451)) - ScmBlockLocationProtocol RPC server is listening at /0.0.0.0:36597
2022-10-09 13:07:01,846 [Listener at 0.0.0.0/34537] INFO  server.SCMBlockProtocolServer (SCMBlockProtocolServer.java:start(152)) - RPC server for Block Protocol is listening at /0.0.0.0:36597
2022-10-09 13:07:01,846 [IPC Server Responder] INFO  ipc.Server (Server.java:run(1507)) - IPC Server Responder: starting
2022-10-09 13:07:01,846 [IPC Server listener on 0] INFO  ipc.Server (Server.java:run(1344)) - IPC Server listener on 0: starting
2022-10-09 13:07:01,856 [Listener at 0.0.0.0/34537] INFO  server.SCMDatanodeProtocolServer (SCMDatanodeProtocolServer.java:start(186)) - ScmDatanodeProtocol RPC server for DataNodes is listening at /0.0.0.0:45391
2022-10-09 13:07:01,856 [IPC Server Responder] INFO  ipc.Server (Server.java:run(1507)) - IPC Server Responder: starting
2022-10-09 13:07:01,856 [IPC Server listener on 0] INFO  ipc.Server (Server.java:run(1344)) - IPC Server listener on 0: starting
2022-10-09 13:07:01,880 [Listener at 0.0.0.0/34537] INFO  http.BaseHttpServer (BaseHttpServer.java:newHttpServer2BuilderForOzone(213)) - Starting Web-server for scm at: http://0.0.0.0:0
2022-10-09 13:07:01,880 [Listener at 0.0.0.0/34537] INFO  http.BaseHttpServer (BaseHttpServer.java:<init>(108)) - Hadoop Security Enabled: false Ozone Security Enabled: false Ozone HTTP Security Enabled: false 
2022-10-09 13:07:01,882 [Listener at 0.0.0.0/34537] INFO  server.AuthenticationFilter (AuthenticationFilter.java:constructSecretProvider(240)) - Unable to initialize FileSignerSecretProvider, falling back to use random secrets.
2022-10-09 13:07:01,882 [Listener at 0.0.0.0/34537] WARN  http.HttpRequestLog (HttpRequestLog.java:getRequestLog(103)) - Jetty request log can only be enabled using Log4j
2022-10-09 13:07:01,884 [org.apache.hadoop.util.JvmPauseMonitor$Monitor@d0105db] INFO  util.JvmPauseMonitor (JvmPauseMonitor.java:run(188)) - Starting JVM pause monitor
2022-10-09 13:07:01,893 [Listener at 0.0.0.0/34537] INFO  http.HttpServer2 (HttpServer2.java:addGlobalFilter(1031)) - Added global filter 'safety' (class=org.apache.hadoop.hdds.server.http.HttpServer2$QuotingInputFilter)
2022-10-09 13:07:01,900 [Listener at 0.0.0.0/34537] INFO  http.HttpServer2 (HttpServer2.java:addFilter(1007)) - Added filter static_user_filter (class=org.apache.hadoop.http.lib.StaticUserWebFilter$StaticUserFilter) to context scm
2022-10-09 13:07:01,900 [Listener at 0.0.0.0/34537] INFO  http.HttpServer2 (HttpServer2.java:addFilter(1015)) - Added filter static_user_filter (class=org.apache.hadoop.http.lib.StaticUserWebFilter$StaticUserFilter) to context logs
2022-10-09 13:07:01,900 [Listener at 0.0.0.0/34537] INFO  http.HttpServer2 (HttpServer2.java:addFilter(1015)) - Added filter static_user_filter (class=org.apache.hadoop.http.lib.StaticUserWebFilter$StaticUserFilter) to context static
2022-10-09 13:07:01,908 [Listener at 0.0.0.0/34537] INFO  http.HttpServer2 (HttpServer2.java:bindListener(1250)) - Jetty bound to port 36659
2022-10-09 13:07:01,908 [Listener at 0.0.0.0/34537] INFO  server.Server (Server.java:doStart(375)) - jetty-9.4.43.v20210629; built: 2021-06-30T11:07:22.254Z; git: 526006ecfa3af7f1a27ef3a288e2bef7ea9dd7e8; jvm 1.8.0_345-b01
2022-10-09 13:07:01,923 [Listener at 0.0.0.0/34537] INFO  server.session (DefaultSessionIdManager.java:doStart(334)) - DefaultSessionIdManager workerName=node0
2022-10-09 13:07:01,924 [Listener at 0.0.0.0/34537] INFO  server.session (DefaultSessionIdManager.java:doStart(339)) - No SessionScavenger set, using defaults
2022-10-09 13:07:01,924 [Listener at 0.0.0.0/34537] INFO  server.session (HouseKeeper.java:startScavenging(132)) - node0 Scavenging every 660000ms
2022-10-09 13:07:01,928 [Listener at 0.0.0.0/34537] INFO  handler.ContextHandler (ContextHandler.java:doStart(915)) - Started o.e.j.s.ServletContextHandler@65ae655b{logs,/logs,file:///home/runner/work/ozone/ozone/hadoop-ozone/integration-test/target/log,AVAILABLE}
2022-10-09 13:07:01,928 [Listener at 0.0.0.0/34537] INFO  handler.ContextHandler (ContextHandler.java:doStart(915)) - Started o.e.j.s.ServletContextHandler@1ae22dc7{static,/static,file:///home/runner/work/ozone/ozone/hadoop-ozone/integration-test/target/test-classes/webapps/static,AVAILABLE}
2022-10-09 13:07:01,933 [Listener at 0.0.0.0/34537] INFO  handler.ContextHandler (ContextHandler.java:doStart(915)) - Started o.e.j.w.WebAppContext@4426a132{scm,/,file:///home/runner/work/ozone/ozone/hadoop-ozone/integration-test/target/test-classes/webapps/scm/,AVAILABLE}{file:/home/runner/work/ozone/ozone/hadoop-ozone/integration-test/target/test-classes/webapps/scm}
2022-10-09 13:07:01,936 [Listener at 0.0.0.0/34537] INFO  server.AbstractConnector (AbstractConnector.java:doStart(331)) - Started ServerConnector@47fb1b38{HTTP/1.1, (http/1.1)}{0.0.0.0:36659}
2022-10-09 13:07:01,937 [Listener at 0.0.0.0/34537] INFO  server.Server (Server.java:doStart(415)) - Started @199345ms
2022-10-09 13:07:01,937 [Listener at 0.0.0.0/34537] WARN  impl.MetricsSystemImpl (MetricsSystemImpl.java:register(279)) - Sink prometheus already exists!
2022-10-09 13:07:01,944 [Listener at 0.0.0.0/34537] INFO  http.BaseHttpServer (BaseHttpServer.java:updateConnectorAddress(333)) - HTTP server of scm listening at http://0.0.0.0:36659
2022-10-09 13:07:01,945 [Listener at 0.0.0.0/34537] WARN  server.ServerUtils (ServerUtils.java:getDBPath(225)) - ozone.om.db.dirs is not configured. We recommend adding this setting. Falling back to ozone.metadata.dirs instead.
2022-10-09 13:07:01,946 [Listener at 0.0.0.0/34537] INFO  ha.OMHANodeDetails (OMHANodeDetails.java:loadOMHAConfig(115)) - ozone.om.internal.service.id is not defined, falling back to ozone.om.service.ids to find serviceID for OzoneManager if it is HA enabled cluster
2022-10-09 13:07:01,946 [Listener at 0.0.0.0/34537] INFO  ha.OMHANodeDetails (OMHANodeDetails.java:loadOMHAConfig(226)) - Configuration does not have ozone.om.address set. Falling back to the default OM address /127.0.0.1:0
2022-10-09 13:07:01,946 [Listener at 0.0.0.0/34537] INFO  ha.OMHANodeDetails (OMHANodeDetails.java:getOMNodeDetailsForNonHA(254)) - OM Service ID is not set. Setting it to the default ID: omServiceIdDefault
2022-10-09 13:07:01,947 [Listener at 0.0.0.0/34537] INFO  ha.OMHANodeDetails (OMHANodeDetails.java:getOMNodeDetailsForNonHA(261)) - OM Node ID is not set. Setting it to the default ID: om1
2022-10-09 13:07:01,947 [Listener at 0.0.0.0/34537] WARN  server.ServerUtils (ServerUtils.java:getDBPath(225)) - ozone.om.db.dirs is not configured. We recommend adding this setting. Falling back to ozone.metadata.dirs instead.
2022-10-09 13:07:01,947 [Listener at 0.0.0.0/34537] INFO  upgrade.AbstractLayoutVersionManager (AbstractLayoutVersionManager.java:init(83)) - Initializing Layout version manager with metadata layout = MULTITENANCY_SCHEMA (version = 3), software layout = MULTITENANCY_SCHEMA (version = 3)
2022-10-09 13:07:02,061 [Listener at 0.0.0.0/34537] INFO  reflections.Reflections (Reflections.java:scan(232)) - Reflections took 110 ms to scan 2 urls, producing 154 keys and 428 values [using 2 cores]
2022-10-09 13:07:02,062 [Listener at 0.0.0.0/34537] INFO  upgrade.OMLayoutVersionManager (OMLayoutVersionManager.java:lambda$0(115)) - Skipping Upgrade Action MockOmUpgradeAction since it has been finalized.
2022-10-09 13:07:02,062 [Listener at 0.0.0.0/34537] WARN  server.ServerUtils (ServerUtils.java:getDBPath(225)) - ozone.om.db.dirs is not configured. We recommend adding this setting. Falling back to ozone.metadata.dirs instead.
2022-10-09 13:07:02,063 [Listener at 0.0.0.0/34537] INFO  proxy.SCMBlockLocationFailoverProxyProvider (SCMBlockLocationFailoverProxyProvider.java:<init>(114)) - Created block location fail-over proxy with 1 nodes: [nodeId=scmNodeId,nodeAddress=/0.0.0.0:36597]
2022-10-09 13:07:02,064 [Listener at 0.0.0.0/34537] INFO  proxy.SCMBlockLocationFailoverProxyProvider (SCMBlockLocationFailoverProxyProvider.java:<init>(114)) - Created block location fail-over proxy with 1 nodes: [nodeId=scmNodeId,nodeAddress=/0.0.0.0:36597]
2022-10-09 13:07:02,156 [Listener at 0.0.0.0/34537] WARN  server.ServerUtils (ServerUtils.java:getDBPath(225)) - ozone.om.db.dirs is not configured. We recommend adding this setting. Falling back to ozone.metadata.dirs instead.
2022-10-09 13:07:02,156 [Listener at 0.0.0.0/34537] INFO  codec.OmKeyInfoCodec (OmKeyInfoCodec.java:<init>(49)) - OmKeyInfoCodec ignorePipeline = true
2022-10-09 13:07:02,156 [Listener at 0.0.0.0/34537] INFO  codec.RepeatedOmKeyInfoCodec (RepeatedOmKeyInfoCodec.java:<init>(41)) - RepeatedOmKeyInfoCodec ignorePipeline = true
2022-10-09 13:07:02,532 [Listener at 0.0.0.0/34537] INFO  om.OzoneManager (OzoneManager.java:instantiateServices(710)) - S3 Multi-Tenancy is disabled
2022-10-09 13:07:02,533 [Listener at 0.0.0.0/34537] INFO  om.OzoneManager (OzoneManager.java:addS3GVolumeToDB(4325)) - Created Volume s3v With Owner runner required for S3Gateway operations.
2022-10-09 13:07:02,534 [Listener at 0.0.0.0/34537] WARN  server.ServerUtils (ServerUtils.java:getDefaultRatisDirectory(237)) - Storage directory for Ratis is not configured. It is a good idea to map this to an SSD disk. Falling back to ozone.metadata.dirs
2022-10-09 13:07:02,534 [Listener at 0.0.0.0/34537] WARN  utils.OzoneManagerRatisUtils (OzoneManagerRatisUtils.java:getOMRatisSnapshotDirectory(434)) - ozone.om.ratis.snapshot.dir is not configured. Falling back to ozone.metadata.dirs config
2022-10-09 13:07:02,534 [Listener at 0.0.0.0/34537] WARN  server.ServerUtils (ServerUtils.java:getDefaultRatisDirectory(237)) - Storage directory for Ratis is not configured. It is a good idea to map this to an SSD disk. Falling back to ozone.metadata.dirs
2022-10-09 13:07:02,537 [Listener at 0.0.0.0/34537] INFO  ratis.OzoneManagerRatisServer (OzoneManagerRatisServer.java:<init>(160)) - Instantiating OM Ratis server with groupID: omServiceIdDefault and peers: localhost:9872
2022-10-09 13:07:02,537 [Listener at 0.0.0.0/34537] INFO  ratis.OzoneManagerStateMachine (OzoneManagerStateMachine.java:loadSnapshotInfoFromDB(632)) - LastAppliedIndex is set from TransactionInfo from OM DB as (t:0, i:~)
2022-10-09 13:07:02,538 [Listener at 0.0.0.0/34537] INFO  server.RaftServer (ConfUtils.java:logGet(46)) - raft.rpc.type = GRPC (default)
2022-10-09 13:07:02,538 [Listener at 0.0.0.0/34537] INFO  grpc.GrpcFactory (GrpcFactory.java:checkPooledByteBufAllocatorUseCacheForAllThreads(48)) - PERFORMANCE WARNING: useCacheForAllThreads is true that may cause Netty to create a lot garbage objects and, as a result, trigger GC.
	It is recommended to disable useCacheForAllThreads by setting -Dorg.apache.ratis.thirdparty.io.netty.allocator.useCacheForAllThreads=false in command line.
2022-10-09 13:07:02,538 [Listener at 0.0.0.0/34537] INFO  grpc.GrpcConfigKeys (ConfUtils.java:logGet(46)) - raft.grpc.admin.port = -1 (default)
2022-10-09 13:07:02,538 [Listener at 0.0.0.0/34537] INFO  grpc.GrpcConfigKeys (ConfUtils.java:logGet(46)) - raft.grpc.server.port = 9872 (custom)
2022-10-09 13:07:02,538 [Listener at 0.0.0.0/34537] INFO  grpc.GrpcConfigKeys (ConfUtils.java:logGet(46)) - raft.grpc.client.port = -1 (default)
2022-10-09 13:07:02,538 [Listener at 0.0.0.0/34537] INFO  grpc.GrpcConfigKeys (ConfUtils.java:logGet(46)) - raft.grpc.server.port = 9872 (custom)
2022-10-09 13:07:02,538 [Listener at 0.0.0.0/34537] INFO  grpc.GrpcConfigKeys (ConfUtils.java:logGet(46)) - raft.grpc.server.port = 9872 (custom)
2022-10-09 13:07:02,539 [Listener at 0.0.0.0/34537] INFO  server.GrpcService (ConfUtils.java:logGet(46)) - raft.grpc.message.size.max = 33554432 (custom)
2022-10-09 13:07:02,539 [Listener at 0.0.0.0/34537] INFO  server.RaftServerConfigKeys (ConfUtils.java:logGet(46)) - raft.server.log.appender.buffer.byte-limit = 33554432 (custom)
2022-10-09 13:07:02,539 [Listener at 0.0.0.0/34537] INFO  server.GrpcService (ConfUtils.java:logGet(46)) - raft.grpc.flow.control.window = 1MB (=1048576) (default)
2022-10-09 13:07:02,539 [Listener at 0.0.0.0/34537] INFO  server.RaftServerConfigKeys (ConfUtils.java:logGet(46)) - raft.server.rpc.request.timeout = 3000ms (default)
2022-10-09 13:07:02,539 [Listener at 0.0.0.0/34537] INFO  grpc.GrpcConfigKeys (ConfUtils.java:logGet(46)) - raft.grpc.server.async.request.thread.pool.cached = true (default)
2022-10-09 13:07:02,539 [Listener at 0.0.0.0/34537] INFO  grpc.GrpcConfigKeys (ConfUtils.java:logGet(46)) - raft.grpc.server.async.request.thread.pool.size = 32 (default)
2022-10-09 13:07:02,541 [Listener at 0.0.0.0/34537] INFO  impl.DataStreamServerImpl (ConfUtils.java:logGet(46)) - raft.datastream.type = DISABLED (default)
2022-10-09 13:07:02,541 [Listener at 0.0.0.0/34537] INFO  server.RaftServerConfigKeys (ConfUtils.java:logGet(46)) - raft.server.threadpool.proxy.cached = true (default)
2022-10-09 13:07:02,541 [Listener at 0.0.0.0/34537] INFO  server.RaftServerConfigKeys (ConfUtils.java:logGet(46)) - raft.server.threadpool.proxy.size = 0 (default)
2022-10-09 13:07:02,541 [Listener at 0.0.0.0/34537] INFO  server.RaftServerConfigKeys (ConfUtils.java:logGet(46)) - raft.server.rpc.slowness.timeout = 120s (custom)
2022-10-09 13:07:02,541 [Listener at 0.0.0.0/34537] INFO  server.RaftServerConfigKeys (ConfUtils.java:logGet(46)) - raft.server.leaderelection.leader.step-down.wait-time = 10s (default)
2022-10-09 13:07:02,541 [Listener at 0.0.0.0/34537] INFO  server.RaftServerConfigKeys (ConfUtils.java:logGet(46)) - raft.server.storage.dir = [/home/runner/work/ozone/ozone/hadoop-ozone/integration-test/target/test-dir/MiniOzoneClusterImpl-9128138f-083a-4137-a9cb-d58212e00964/ozone-meta/ratis] (custom)
2022-10-09 13:07:02,543 [Listener at 0.0.0.0/34537] INFO  server.RaftServer (RaftServerProxy.java:addNew(96)) - om1: addNew group-C5BA1605619E:[om1|rpc:localhost:9872|priority:0] returns group-C5BA1605619E:java.util.concurrent.CompletableFuture@373fc5b7[Not completed]
2022-10-09 13:07:02,543 [Listener at 0.0.0.0/34537] INFO  om.OzoneManager (OzoneManager.java:initializeRatisServer(1977)) - OzoneManager Ratis server initialized at port 9872
2022-10-09 13:07:02,544 [Listener at 0.0.0.0/34537] INFO  om.OzoneManager (OzoneManager.java:getRpcServer(1100)) - Creating RPC Server
2022-10-09 13:07:02,546 [pool-540-thread-1] INFO  server.RaftServer$Division (RaftServerImpl.java:<init>(190)) - om1: new RaftServerImpl for group-C5BA1605619E:[om1|rpc:localhost:9872|priority:0] with OzoneManagerStateMachine:uninitialized
2022-10-09 13:07:02,546 [pool-540-thread-1] INFO  server.RaftServerConfigKeys (ConfUtils.java:logGet(46)) - raft.server.rpc.timeout.min = 1s (custom)
2022-10-09 13:07:02,546 [pool-540-thread-1] INFO  server.RaftServerConfigKeys (ConfUtils.java:logGet(46)) - raft.server.rpc.timeout.max = 1200ms (custom)
2022-10-09 13:07:02,546 [pool-540-thread-1] INFO  server.RaftServerConfigKeys (ConfUtils.java:logGet(46)) - raft.server.rpc.sleep.time = 25ms (default)
2022-10-09 13:07:02,546 [pool-540-thread-1] INFO  server.RaftServerConfigKeys (ConfUtils.java:logGet(46)) - raft.server.rpc.slowness.timeout = 120s (custom)
2022-10-09 13:07:02,546 [pool-540-thread-1] INFO  server.RaftServerConfigKeys (ConfUtils.java:logGet(46)) - raft.server.leaderelection.leader.step-down.wait-time = 10s (default)
2022-10-09 13:07:02,546 [pool-540-thread-1] INFO  server.RaftServerConfigKeys (ConfUtils.java:logGet(46)) - raft.server.sleep.deviation.threshold = 300ms (default)
2022-10-09 13:07:02,547 [pool-540-thread-1] INFO  server.RaftServer$Division (ServerState.java:<init>(107)) - om1@group-C5BA1605619E: ConfigurationManager, init=-1: [om1|rpc:localhost:9872|priority:0], old=null, confs=<EMPTY_MAP>
2022-10-09 13:07:02,547 [pool-540-thread-1] INFO  server.RaftServerConfigKeys (ConfUtils.java:logGet(46)) - raft.server.storage.dir = [/home/runner/work/ozone/ozone/hadoop-ozone/integration-test/target/test-dir/MiniOzoneClusterImpl-9128138f-083a-4137-a9cb-d58212e00964/ozone-meta/ratis] (custom)
2022-10-09 13:07:02,547 [pool-540-thread-1] INFO  server.RaftServerConfigKeys (ConfUtils.java:logGet(46)) - raft.server.log.corruption.policy = EXCEPTION (default)
2022-10-09 13:07:02,547 [pool-540-thread-1] INFO  server.RaftServerConfigKeys (ConfUtils.java:logGet(46)) - raft.server.storage.free-space.min = 0MB (=0) (default)
2022-10-09 13:07:02,547 [pool-540-thread-1] INFO  storage.RaftStorageDirectory (RaftStorageDirectoryImpl.java:analyzeStorage(135)) - The storage directory /home/runner/work/ozone/ozone/hadoop-ozone/integration-test/target/test-dir/MiniOzoneClusterImpl-9128138f-083a-4137-a9cb-d58212e00964/ozone-meta/ratis/bf265839-605b-3f16-9796-c5ba1605619e does not exist. Creating ...
2022-10-09 13:07:02,548 [pool-540-thread-1] INFO  storage.RaftStorageDirectory (RaftStorageDirectoryImpl.java:tryLock(230)) - Lock on /home/runner/work/ozone/ozone/hadoop-ozone/integration-test/target/test-dir/MiniOzoneClusterImpl-9128138f-083a-4137-a9cb-d58212e00964/ozone-meta/ratis/bf265839-605b-3f16-9796-c5ba1605619e/in_use.lock acquired by nodename 13094@fv-az212-628
2022-10-09 13:07:02,562 [pool-540-thread-1] INFO  storage.RaftStorage (RaftStorageImpl.java:format(89)) - Storage directory /home/runner/work/ozone/ozone/hadoop-ozone/integration-test/target/test-dir/MiniOzoneClusterImpl-9128138f-083a-4137-a9cb-d58212e00964/ozone-meta/ratis/bf265839-605b-3f16-9796-c5ba1605619e has been successfully formatted.
2022-10-09 13:07:02,562 [pool-540-thread-1] INFO  server.RaftServerConfigKeys (ConfUtils.java:logGet(46)) - raft.server.notification.no-leader.timeout = 120s (custom)
2022-10-09 13:07:02,562 [pool-540-thread-1] INFO  server.RaftServerConfigKeys (ConfUtils.java:logGet(46)) - raft.server.log.use.memory = false (default)
2022-10-09 13:07:02,562 [pool-540-thread-1] INFO  server.RaftServerConfigKeys (ConfUtils.java:logGet(46)) - raft.server.log.purge.gap = 1000000 (custom)
2022-10-09 13:07:02,562 [pool-540-thread-1] INFO  server.RaftServerConfigKeys (ConfUtils.java:logGet(46)) - raft.server.log.appender.buffer.byte-limit = 33554432 (custom)
2022-10-09 13:07:02,562 [pool-540-thread-1] INFO  server.RaftServerConfigKeys (ConfUtils.java:logGet(46)) - raft.server.log.statemachine.data.read.timeout = 1000ms (default)
2022-10-09 13:07:02,572 [pool-540-thread-1] INFO  server.RaftServerConfigKeys (ConfUtils.java:logGet(46)) - raft.server.log.segment.size.max = 4194304 (custom)
2022-10-09 13:07:02,573 [pool-540-thread-1] INFO  server.RaftServerConfigKeys (ConfUtils.java:logGet(46)) - raft.server.log.segment.cache.num.max = 2 (custom)
2022-10-09 13:07:02,573 [pool-540-thread-1] INFO  server.RaftServerConfigKeys (ConfUtils.java:logGet(46)) - raft.server.log.segment.cache.size.max = 200MB (=209715200) (default)
2022-10-09 13:07:02,573 [pool-540-thread-1] INFO  segmented.SegmentedRaftLogWorker (SegmentedRaftLogWorker.java:<init>(187)) - new om1@group-C5BA1605619E-SegmentedRaftLogWorker for RaftStorageImpl:Storage Directory /home/runner/work/ozone/ozone/hadoop-ozone/integration-test/target/test-dir/MiniOzoneClusterImpl-9128138f-083a-4137-a9cb-d58212e00964/ozone-meta/ratis/bf265839-605b-3f16-9796-c5ba1605619e
2022-10-09 13:07:02,573 [pool-540-thread-1] INFO  server.RaftServerConfigKeys (ConfUtils.java:logGet(46)) - raft.server.log.queue.byte-limit = 64MB (=67108864) (default)
2022-10-09 13:07:02,573 [pool-540-thread-1] INFO  server.RaftServerConfigKeys (ConfUtils.java:logGet(46)) - raft.server.log.queue.element-limit = 4096 (default)
2022-10-09 13:07:02,574 [pool-540-thread-1] INFO  server.RaftServerConfigKeys (ConfUtils.java:logGet(46)) - raft.server.log.segment.size.max = 4194304 (custom)
2022-10-09 13:07:02,574 [pool-540-thread-1] INFO  server.RaftServerConfigKeys (ConfUtils.java:logGet(46)) - raft.server.log.preallocated.size = 4194304 (custom)
2022-10-09 13:07:02,574 [pool-540-thread-1] INFO  server.RaftServerConfigKeys (ConfUtils.java:logGet(46)) - raft.server.log.force.sync.num = 128 (default)
2022-10-09 13:07:02,574 [pool-540-thread-1] INFO  server.RaftServerConfigKeys (ConfUtils.java:logGet(46)) - raft.server.log.statemachine.data.sync = true (default)
2022-10-09 13:07:02,574 [pool-540-thread-1] INFO  server.RaftServerConfigKeys (ConfUtils.java:logGet(46)) - raft.server.log.statemachine.data.sync.timeout = 10s (default)
2022-10-09 13:07:02,574 [pool-540-thread-1] INFO  server.RaftServerConfigKeys (ConfUtils.java:logGet(46)) - raft.server.log.statemachine.data.sync.timeout.retry = -1 (default)
2022-10-09 13:07:02,604 [pool-540-thread-1] INFO  server.RaftServerConfigKeys (ConfUtils.java:logGet(46)) - raft.server.log.write.buffer.size = 64KB (=65536) (default)
2022-10-09 13:07:02,604 [pool-540-thread-1] INFO  server.RaftServerConfigKeys (ConfUtils.java:logGet(46)) - raft.server.log.unsafe-flush.enabled = false (default)
2022-10-09 13:07:02,604 [pool-540-thread-1] INFO  server.RaftServerConfigKeys (ConfUtils.java:logGet(46)) - raft.server.log.statemachine.data.caching.enabled = false (default)
2022-10-09 13:07:02,604 [pool-540-thread-1] INFO  segmented.SegmentedRaftLogWorker (SegmentedRaftLogWorker.java:lambda$new$0(135)) - om1@group-C5BA1605619E-SegmentedRaftLogWorker: flushIndex: setUnconditionally 0 -> -1
2022-10-09 13:07:02,605 [pool-540-thread-1] INFO  segmented.SegmentedRaftLogWorker (SegmentedRaftLogWorker.java:lambda$new$0(135)) - om1@group-C5BA1605619E-SegmentedRaftLogWorker: safeCacheEvictIndex: setUnconditionally 0 -> -1
2022-10-09 13:07:02,655 [pool-540-thread-1] INFO  server.RaftServerConfigKeys (ConfUtils.java:logGet(46)) - raft.server.snapshot.auto.trigger.enabled = true (custom)
2022-10-09 13:07:02,655 [pool-540-thread-1] INFO  server.RaftServerConfigKeys (ConfUtils.java:logGet(46)) - raft.server.snapshot.auto.trigger.threshold = 400000 (default)
2022-10-09 13:07:02,655 [pool-540-thread-1] INFO  server.RaftServerConfigKeys (ConfUtils.java:logGet(46)) - raft.server.snapshot.retention.file.num = -1 (default)
2022-10-09 13:07:02,655 [pool-540-thread-1] INFO  server.RaftServerConfigKeys (ConfUtils.java:logGet(46)) - raft.server.log.purge.upto.snapshot.index = true (custom)
2022-10-09 13:07:02,655 [pool-540-thread-1] INFO  server.RaftServerConfigKeys (ConfUtils.java:logGet(46)) - raft.server.retrycache.expirytime = 300s (custom)
2022-10-09 13:07:02,655 [pool-540-thread-1] INFO  server.RaftServerConfigKeys (ConfUtils.java:logGet(46)) - raft.server.retrycache.statistics.expirytime = 100μs (default)
2022-10-09 13:07:02,656 [pool-540-thread-1] INFO  server.RaftServerConfigKeys (ConfUtils.java:logGet(46)) - raft.server.log.appender.install.snapshot.enabled = false (custom)
2022-10-09 13:07:02,656 [pool-540-thread-1] INFO  server.RaftServerConfigKeys (ConfUtils.java:logGet(46)) - raft.server.threadpool.server.cached = true (default)
2022-10-09 13:07:02,656 [pool-540-thread-1] INFO  server.RaftServerConfigKeys (ConfUtils.java:logGet(46)) - raft.server.threadpool.server.size = 0 (default)
2022-10-09 13:07:02,656 [pool-540-thread-1] INFO  server.RaftServerConfigKeys (ConfUtils.java:logGet(46)) - raft.server.threadpool.client.cached = true (default)
2022-10-09 13:07:02,656 [pool-540-thread-1] INFO  server.RaftServerConfigKeys (ConfUtils.java:logGet(46)) - raft.server.threadpool.client.size = 0 (default)
2022-10-09 13:07:03,666 [Listener at 0.0.0.0/34537] INFO  reflections.Reflections (Reflections.java:scan(232)) - Reflections took 1121 ms to scan 19 urls, producing 67 keys and 4226 values [using 2 cores]
2022-10-09 13:07:03,667 [Listener at 0.0.0.0/34537] INFO  ipc.CallQueueManager (CallQueueManager.java:<init>(90)) - Using callQueue: class java.util.concurrent.LinkedBlockingQueue, queueCapacity: 2000, scheduler: class org.apache.hadoop.ipc.DefaultRpcScheduler, ipcBackoff: false.
2022-10-09 13:07:03,683 [Socket Reader #1 for port 0] INFO  ipc.Server (Server.java:run(1265)) - Starting Socket Reader #1 for port 0
2022-10-09 13:07:03,729 [Listener at 127.0.0.1/33359] INFO  impl.MetricsSystemImpl (MetricsSystemImpl.java:init(158)) - OzoneManager metrics system started (again)
2022-10-09 13:07:03,761 [Listener at 127.0.0.1/33359] INFO  om.OzoneManager (OzoneManager.java:start(1484)) - OzoneManager RPC server is listening at localhost/127.0.0.1:33359
2022-10-09 13:07:03,761 [Listener at 127.0.0.1/33359] INFO  ratis.OzoneManagerRatisServer (OzoneManagerRatisServer.java:start(555)) - Starting OzoneManagerRatisServer om1 at port 9872
2022-10-09 13:07:03,763 [om1-impl-thread1] INFO  server.RaftServer$Division (RaftServerImpl.java:start(310)) - om1@group-C5BA1605619E: start as a follower, conf=-1: [om1|rpc:localhost:9872|priority:0], old=null
2022-10-09 13:07:03,764 [om1-impl-thread1] INFO  server.RaftServer$Division (RaftServerImpl.java:setRole(299)) - om1@group-C5BA1605619E: changes role from      null to FOLLOWER at term 0 for startAsFollower
2022-10-09 13:07:03,764 [om1-impl-thread1] INFO  impl.RoleInfo (RoleInfo.java:updateAndGet(139)) - om1: start om1@group-C5BA1605619E-FollowerState
2022-10-09 13:07:03,768 [om1-impl-thread1] INFO  util.JmxRegister (JmxRegister.java:tryRegister(44)) - Successfully registered JMX Bean with object name Ratis:service=RaftServer,group=group-C5BA1605619E,id=om1
2022-10-09 13:07:03,772 [Listener at 127.0.0.1/33359] INFO  server.RaftServer (RaftServerProxy.java:lambda$start$6(382)) - om1: start RPC server
2022-10-09 13:07:03,834 [Listener at 127.0.0.1/33359] INFO  server.GrpcService (GrpcService.java:startImpl(260)) - om1: GrpcService started, listening on 9872
2022-10-09 13:07:03,834 [Listener at 127.0.0.1/33359] INFO  om.OzoneManager (OzoneManager.java:start(1500)) - Version File has different layout version (3) than OM DB (null). That is expected if this OM has never been finalized to a newer layout version.
2022-10-09 13:07:03,835 [org.apache.ratis.util.JvmPauseMonitor$$Lambda$636/1153107596@370283f5] INFO  util.JvmPauseMonitor (JvmPauseMonitor.java:run(103)) - JvmPauseMonitor-om1: Started
2022-10-09 13:07:03,838 [Listener at 127.0.0.1/33359] INFO  http.BaseHttpServer (BaseHttpServer.java:newHttpServer2BuilderForOzone(213)) - Starting Web-server for ozoneManager at: http://0.0.0.0:0
2022-10-09 13:07:03,838 [Listener at 127.0.0.1/33359] INFO  http.BaseHttpServer (BaseHttpServer.java:<init>(108)) - Hadoop Security Enabled: false Ozone Security Enabled: false Ozone HTTP Security Enabled: false 
2022-10-09 13:07:03,840 [Listener at 127.0.0.1/33359] INFO  server.AuthenticationFilter (AuthenticationFilter.java:constructSecretProvider(240)) - Unable to initialize FileSignerSecretProvider, falling back to use random secrets.
2022-10-09 13:07:03,840 [Listener at 127.0.0.1/33359] WARN  http.HttpRequestLog (HttpRequestLog.java:getRequestLog(103)) - Jetty request log can only be enabled using Log4j
2022-10-09 13:07:03,842 [Listener at 127.0.0.1/33359] INFO  http.HttpServer2 (HttpServer2.java:addGlobalFilter(1031)) - Added global filter 'safety' (class=org.apache.hadoop.hdds.server.http.HttpServer2$QuotingInputFilter)
2022-10-09 13:07:03,846 [Listener at 127.0.0.1/33359] INFO  http.HttpServer2 (HttpServer2.java:addFilter(1007)) - Added filter static_user_filter (class=org.apache.hadoop.http.lib.StaticUserWebFilter$StaticUserFilter) to context ozoneManager
2022-10-09 13:07:03,846 [Listener at 127.0.0.1/33359] INFO  http.HttpServer2 (HttpServer2.java:addFilter(1015)) - Added filter static_user_filter (class=org.apache.hadoop.http.lib.StaticUserWebFilter$StaticUserFilter) to context static
2022-10-09 13:07:03,848 [Listener at 127.0.0.1/33359] INFO  http.HttpServer2 (HttpServer2.java:addFilter(1015)) - Added filter static_user_filter (class=org.apache.hadoop.http.lib.StaticUserWebFilter$StaticUserFilter) to context logs
2022-10-09 13:07:03,853 [Listener at 127.0.0.1/33359] INFO  http.HttpServer2 (HttpServer2.java:bindListener(1250)) - Jetty bound to port 44073
2022-10-09 13:07:03,853 [Listener at 127.0.0.1/33359] INFO  server.Server (Server.java:doStart(375)) - jetty-9.4.43.v20210629; built: 2021-06-30T11:07:22.254Z; git: 526006ecfa3af7f1a27ef3a288e2bef7ea9dd7e8; jvm 1.8.0_345-b01
2022-10-09 13:07:03,870 [Listener at 127.0.0.1/33359] INFO  server.session (DefaultSessionIdManager.java:doStart(334)) - DefaultSessionIdManager workerName=node0
2022-10-09 13:07:03,870 [Listener at 127.0.0.1/33359] INFO  server.session (DefaultSessionIdManager.java:doStart(339)) - No SessionScavenger set, using defaults
2022-10-09 13:07:03,870 [Listener at 127.0.0.1/33359] INFO  server.session (HouseKeeper.java:startScavenging(132)) - node0 Scavenging every 660000ms
2022-10-09 13:07:03,872 [Listener at 127.0.0.1/33359] INFO  handler.ContextHandler (ContextHandler.java:doStart(915)) - Started o.e.j.s.ServletContextHandler@3ac3828c{logs,/logs,file:///home/runner/work/ozone/ozone/hadoop-ozone/integration-test/target/log,AVAILABLE}
2022-10-09 13:07:03,873 [Listener at 127.0.0.1/33359] INFO  handler.ContextHandler (ContextHandler.java:doStart(915)) - Started o.e.j.s.ServletContextHandler@65ced40{static,/static,file:///home/runner/work/ozone/ozone/hadoop-ozone/integration-test/target/test-classes/webapps/static,AVAILABLE}
2022-10-09 13:07:03,883 [Listener at 127.0.0.1/33359] INFO  handler.ContextHandler (ContextHandler.java:doStart(915)) - Started o.e.j.w.WebAppContext@3b6922c5{ozoneManager,/,file:///home/runner/work/ozone/ozone/hadoop-ozone/integration-test/target/test-classes/webapps/ozoneManager/,AVAILABLE}{file:/home/runner/work/ozone/ozone/hadoop-ozone/integration-test/target/test-classes/webapps/ozoneManager}
2022-10-09 13:07:03,886 [Listener at 127.0.0.1/33359] INFO  server.AbstractConnector (AbstractConnector.java:doStart(331)) - Started ServerConnector@6da6a6fb{HTTP/1.1, (http/1.1)}{0.0.0.0:44073}
2022-10-09 13:07:03,886 [Listener at 127.0.0.1/33359] INFO  server.Server (Server.java:doStart(415)) - Started @201294ms
2022-10-09 13:07:03,886 [Listener at 127.0.0.1/33359] WARN  impl.MetricsSystemImpl (MetricsSystemImpl.java:register(279)) - Sink prometheus already exists!
2022-10-09 13:07:03,887 [Listener at 127.0.0.1/33359] INFO  http.BaseHttpServer (BaseHttpServer.java:updateConnectorAddress(333)) - HTTP server of ozoneManager listening at http://0.0.0.0:44073
2022-10-09 13:07:03,894 [IPC Server listener on 0] INFO  ipc.Server (Server.java:run(1344)) - IPC Server listener on 0: starting
2022-10-09 13:07:03,895 [IPC Server Responder] INFO  ipc.Server (Server.java:run(1507)) - IPC Server Responder: starting
2022-10-09 13:07:03,897 [Listener at 127.0.0.1/33359] INFO  om.TrashPolicyOzone (TrashPolicyOzone.java:<init>(178)) - Ozone Manager trash configuration: Deletion interval = 0 minutes, Emptier interval = 0 minutes.
2022-10-09 13:07:03,956 [org.apache.hadoop.util.JvmPauseMonitor$Monitor@6dbed05] INFO  util.JvmPauseMonitor (JvmPauseMonitor.java:run(188)) - Starting JVM pause monitor
2022-10-09 13:07:03,962 [Listener at 127.0.0.1/33359] WARN  impl.MetricRegistriesImpl (MetricRegistriesImpl.java:addReporterRegistration(111)) - New reporters are added after registries were created. Some metrics will be missing from the reporter. Please add reporter before adding any new registry.
2022-10-09 13:07:03,962 [Listener at 127.0.0.1/33359] WARN  impl.MetricRegistriesImpl (MetricRegistriesImpl.java:addReporterRegistration(111)) - New reporters are added after registries were created. Some metrics will be missing from the reporter. Please add reporter before adding any new registry.
2022-10-09 13:07:03,962 [Listener at 127.0.0.1/33359] INFO  impl.MetricsSystemImpl (MetricsSystemImpl.java:init(158)) - HddsDatanode metrics system started (again)
2022-10-09 13:07:03,975 [Listener at 127.0.0.1/33359] INFO  ozone.HddsDatanodeService (HddsDatanodeService.java:start(236)) - HddsDatanodeService host:fv-az212-628.zlodpucb4l4udavnfxg5s20dva.cx.internal.cloudapp.net ip:10.1.0.209
2022-10-09 13:07:03,993 [Listener at 127.0.0.1/33359] INFO  upgrade.AbstractLayoutVersionManager (AbstractLayoutVersionManager.java:init(83)) - Initializing Layout version manager with metadata layout = DATANODE_SCHEMA_V3 (version = 4), software layout = DATANODE_SCHEMA_V3 (version = 4)
2022-10-09 13:07:04,074 [Listener at 127.0.0.1/33359] INFO  reflections.Reflections (Reflections.java:scan(232)) - Reflections took 80 ms to scan 7 urls, producing 135 keys and 327 values 
2022-10-09 13:07:04,076 [Listener at 127.0.0.1/33359] INFO  statemachine.DatanodeStateMachine (DatanodeStateMachine.java:getEndPointTaskThreadPoolSize(237)) - Datanode State Machine Task Thread Pool size 2
2022-10-09 13:07:04,077 [Listener at 127.0.0.1/33359] INFO  volume.HddsVolume (HddsVolume.java:<init>(117)) - Creating HddsVolume: /home/runner/work/ozone/ozone/hadoop-ozone/integration-test/target/test-dir/MiniOzoneClusterImpl-9128138f-083a-4137-a9cb-d58212e00964/datanode-0/data-0/containers/hdds of storage type : DISK capacity : 9223372036854775807
2022-10-09 13:07:04,077 [Listener at 127.0.0.1/33359] INFO  volume.MutableVolumeSet (MutableVolumeSet.java:initializeVolumeSet(174)) - Added Volume : /home/runner/work/ozone/ozone/hadoop-ozone/integration-test/target/test-dir/MiniOzoneClusterImpl-9128138f-083a-4137-a9cb-d58212e00964/datanode-0/data-0/containers/hdds to VolumeSet
2022-10-09 13:07:04,078 [Listener at 127.0.0.1/33359] INFO  volume.ThrottledAsyncChecker (ThrottledAsyncChecker.java:schedule(141)) - Scheduling a check for /home/runner/work/ozone/ozone/hadoop-ozone/integration-test/target/test-dir/MiniOzoneClusterImpl-9128138f-083a-4137-a9cb-d58212e00964/datanode-0/data-0/containers/hdds
2022-10-09 13:07:04,118 [Listener at 127.0.0.1/33359] INFO  volume.StorageVolumeChecker (StorageVolumeChecker.java:checkAllVolumes(202)) - Scheduled health check for volume /home/runner/work/ozone/ozone/hadoop-ozone/integration-test/target/test-dir/MiniOzoneClusterImpl-9128138f-083a-4137-a9cb-d58212e00964/datanode-0/data-0/containers/hdds
2022-10-09 13:07:04,129 [Listener at 127.0.0.1/33359] INFO  volume.MutableVolumeSet (MutableVolumeSet.java:initializeVolumeSet(174)) - Added Volume : /home/runner/work/ozone/ozone/hadoop-ozone/integration-test/target/test-dir/MiniOzoneClusterImpl-9128138f-083a-4137-a9cb-d58212e00964/datanode-0/data/ratis to VolumeSet
2022-10-09 13:07:04,129 [Listener at 127.0.0.1/33359] INFO  volume.ThrottledAsyncChecker (ThrottledAsyncChecker.java:schedule(141)) - Scheduling a check for /home/runner/work/ozone/ozone/hadoop-ozone/integration-test/target/test-dir/MiniOzoneClusterImpl-9128138f-083a-4137-a9cb-d58212e00964/datanode-0/data/ratis
2022-10-09 13:07:04,129 [Listener at 127.0.0.1/33359] INFO  volume.StorageVolumeChecker (StorageVolumeChecker.java:checkAllVolumes(202)) - Scheduled health check for volume /home/runner/work/ozone/ozone/hadoop-ozone/integration-test/target/test-dir/MiniOzoneClusterImpl-9128138f-083a-4137-a9cb-d58212e00964/datanode-0/data/ratis
2022-10-09 13:07:04,139 [Thread-1134] INFO  ozoneimpl.ContainerReader (ContainerReader.java:readVolume(175)) - Finish verifying containers on volume /home/runner/work/ozone/ozone/hadoop-ozone/integration-test/target/test-dir/MiniOzoneClusterImpl-9128138f-083a-4137-a9cb-d58212e00964/datanode-0/data-0/containers/hdds
2022-10-09 13:07:04,139 [Listener at 127.0.0.1/33359] INFO  ozoneimpl.OzoneContainer (OzoneContainer.java:buildContainerSet(300)) - Build ContainerSet costs 0s
2022-10-09 13:07:04,149 [Listener at 127.0.0.1/33359] INFO  server.RaftServer (ConfUtils.java:logGet(46)) - raft.rpc.type = GRPC (default)
2022-10-09 13:07:04,149 [Listener at 127.0.0.1/33359] INFO  grpc.GrpcFactory (GrpcFactory.java:checkPooledByteBufAllocatorUseCacheForAllThreads(48)) - PERFORMANCE WARNING: useCacheForAllThreads is true that may cause Netty to create a lot garbage objects and, as a result, trigger GC.
	It is recommended to disable useCacheForAllThreads by setting -Dorg.apache.ratis.thirdparty.io.netty.allocator.useCacheForAllThreads=false in command line.
2022-10-09 13:07:04,149 [Listener at 127.0.0.1/33359] INFO  grpc.GrpcConfigKeys (ConfUtils.java:logGet(46)) - raft.grpc.admin.port = 0 (custom)
2022-10-09 13:07:04,150 [Listener at 127.0.0.1/33359] INFO  grpc.GrpcConfigKeys (ConfUtils.java:logGet(46)) - raft.grpc.client.port = 0 (custom)
2022-10-09 13:07:04,150 [Listener at 127.0.0.1/33359] INFO  grpc.GrpcConfigKeys (ConfUtils.java:logGet(46)) - raft.grpc.server.port = 0 (default)
2022-10-09 13:07:04,150 [Listener at 127.0.0.1/33359] INFO  server.GrpcService (ConfUtils.java:logGet(46)) - raft.grpc.message.size.max = 32MB (=33554432) (custom)
2022-10-09 13:07:04,150 [Listener at 127.0.0.1/33359] INFO  server.RaftServerConfigKeys (ConfUtils.java:logGet(46)) - raft.server.log.appender.buffer.byte-limit = 33554432 (custom)
2022-10-09 13:07:04,150 [Listener at 127.0.0.1/33359] INFO  server.GrpcService (ConfUtils.java:logGet(46)) - raft.grpc.flow.control.window = 5MB (=5242880) (custom)
2022-10-09 13:07:04,150 [Listener at 127.0.0.1/33359] INFO  server.RaftServerConfigKeys (ConfUtils.java:logGet(46)) - raft.server.rpc.request.timeout = 60s (custom)
2022-10-09 13:07:04,150 [Listener at 127.0.0.1/33359] INFO  grpc.GrpcConfigKeys (ConfUtils.java:logGet(46)) - raft.grpc.server.async.request.thread.pool.cached = true (default)
2022-10-09 13:07:04,150 [Listener at 127.0.0.1/33359] INFO  grpc.GrpcConfigKeys (ConfUtils.java:logGet(46)) - raft.grpc.server.async.request.thread.pool.size = 32 (default)
2022-10-09 13:07:04,151 [Listener at 127.0.0.1/33359] INFO  impl.DataStreamServerImpl (ConfUtils.java:logGet(46)) - raft.datastream.type = DISABLED (default)
2022-10-09 13:07:04,151 [Listener at 127.0.0.1/33359] INFO  server.RaftServerConfigKeys (ConfUtils.java:logGet(46)) - raft.server.threadpool.proxy.cached = true (default)
2022-10-09 13:07:04,152 [Listener at 127.0.0.1/33359] INFO  server.RaftServerConfigKeys (ConfUtils.java:logGet(46)) - raft.server.threadpool.proxy.size = 0 (default)
2022-10-09 13:07:04,152 [Listener at 127.0.0.1/33359] INFO  server.RaftServerConfigKeys (ConfUtils.java:logGet(46)) - raft.server.rpc.slowness.timeout = 300s (custom)
2022-10-09 13:07:04,152 [Listener at 127.0.0.1/33359] INFO  server.RaftServerConfigKeys (ConfUtils.java:logGet(46)) - raft.server.leaderelection.leader.step-down.wait-time = 10s (default)
2022-10-09 13:07:04,152 [Listener at 127.0.0.1/33359] INFO  server.RaftServerConfigKeys (ConfUtils.java:logGet(46)) - raft.server.storage.dir = [/home/runner/work/ozone/ozone/hadoop-ozone/integration-test/target/test-dir/MiniOzoneClusterImpl-9128138f-083a-4137-a9cb-d58212e00964/datanode-0/data/ratis] (custom)
2022-10-09 13:07:04,160 [Listener at 127.0.0.1/33359] INFO  server.XceiverServerGrpc (XceiverServerGrpc.java:<init>(132)) - GrpcServer channel type EpollServerSocketChannel
2022-10-09 13:07:04,171 [Listener at 127.0.0.1/33359] INFO  http.BaseHttpServer (BaseHttpServer.java:newHttpServer2BuilderForOzone(213)) - Starting Web-server for hddsDatanode at: http://0.0.0.0:0
2022-10-09 13:07:04,175 [Listener at 127.0.0.1/33359] INFO  http.BaseHttpServer (BaseHttpServer.java:<init>(108)) - Hadoop Security Enabled: false Ozone Security Enabled: false Ozone HTTP Security Enabled: false 
2022-10-09 13:07:04,177 [Listener at 127.0.0.1/33359] INFO  server.AuthenticationFilter (AuthenticationFilter.java:constructSecretProvider(240)) - Unable to initialize FileSignerSecretProvider, falling back to use random secrets.
2022-10-09 13:07:04,186 [Listener at 127.0.0.1/33359] WARN  http.HttpRequestLog (HttpRequestLog.java:getRequestLog(103)) - Jetty request log can only be enabled using Log4j
2022-10-09 13:07:04,187 [Listener at 127.0.0.1/33359] INFO  http.HttpServer2 (HttpServer2.java:addGlobalFilter(1031)) - Added global filter 'safety' (class=org.apache.hadoop.hdds.server.http.HttpServer2$QuotingInputFilter)
2022-10-09 13:07:04,187 [Listener at 127.0.0.1/33359] INFO  http.HttpServer2 (HttpServer2.java:addFilter(1007)) - Added filter static_user_filter (class=org.apache.hadoop.http.lib.StaticUserWebFilter$StaticUserFilter) to context hddsDatanode
2022-10-09 13:07:04,187 [Listener at 127.0.0.1/33359] INFO  http.HttpServer2 (HttpServer2.java:addFilter(1015)) - Added filter static_user_filter (class=org.apache.hadoop.http.lib.StaticUserWebFilter$StaticUserFilter) to context static
2022-10-09 13:07:04,188 [Listener at 127.0.0.1/33359] INFO  http.HttpServer2 (HttpServer2.java:addFilter(1015)) - Added filter static_user_filter (class=org.apache.hadoop.http.lib.StaticUserWebFilter$StaticUserFilter) to context logs
2022-10-09 13:07:04,188 [Listener at 127.0.0.1/33359] INFO  http.HttpServer2 (HttpServer2.java:bindListener(1250)) - Jetty bound to port 42439
2022-10-09 13:07:04,188 [Listener at 127.0.0.1/33359] INFO  server.Server (Server.java:doStart(375)) - jetty-9.4.43.v20210629; built: 2021-06-30T11:07:22.254Z; git: 526006ecfa3af7f1a27ef3a288e2bef7ea9dd7e8; jvm 1.8.0_345-b01
2022-10-09 13:07:04,194 [Listener at 127.0.0.1/33359] INFO  server.session (DefaultSessionIdManager.java:doStart(334)) - DefaultSessionIdManager workerName=node0
2022-10-09 13:07:04,194 [Listener at 127.0.0.1/33359] INFO  server.session (DefaultSessionIdManager.java:doStart(339)) - No SessionScavenger set, using defaults
2022-10-09 13:07:04,194 [Listener at 127.0.0.1/33359] INFO  server.session (HouseKeeper.java:startScavenging(132)) - node0 Scavenging every 660000ms
2022-10-09 13:07:04,195 [Listener at 127.0.0.1/33359] INFO  handler.ContextHandler (ContextHandler.java:doStart(915)) - Started o.e.j.s.ServletContextHandler@16ba8911{logs,/logs,file:///home/runner/work/ozone/ozone/hadoop-ozone/integration-test/target/log,AVAILABLE}
2022-10-09 13:07:04,195 [Listener at 127.0.0.1/33359] INFO  handler.ContextHandler (ContextHandler.java:doStart(915)) - Started o.e.j.s.ServletContextHandler@7e310a69{static,/static,jar:file:/home/runner/.m2/repository/org/apache/ozone/hdds-container-service/1.3.0-SNAPSHOT/hdds-container-service-1.3.0-SNAPSHOT.jar!/webapps/static,AVAILABLE}
2022-10-09 13:07:04,837 [om1@group-C5BA1605619E-FollowerState] INFO  impl.FollowerState (FollowerState.java:run(143)) - om1@group-C5BA1605619E-FollowerState: change to CANDIDATE, lastRpcElapsedTime:1073228957ns, electionTimeout:1044ms
2022-10-09 13:07:04,837 [om1@group-C5BA1605619E-FollowerState] INFO  impl.RoleInfo (RoleInfo.java:shutdownFollowerState(110)) - om1: shutdown om1@group-C5BA1605619E-FollowerState
2022-10-09 13:07:04,837 [om1@group-C5BA1605619E-FollowerState] INFO  server.RaftServer$Division (RaftServerImpl.java:setRole(299)) - om1@group-C5BA1605619E: changes role from  FOLLOWER to CANDIDATE at term 0 for changeToCandidate
2022-10-09 13:07:04,838 [om1@group-C5BA1605619E-FollowerState] INFO  server.RaftServerConfigKeys (ConfUtils.java:logGet(46)) - raft.server.leaderelection.pre-vote = false (custom)
2022-10-09 13:07:04,838 [om1@group-C5BA1605619E-FollowerState] INFO  impl.RoleInfo (RoleInfo.java:updateAndGet(139)) - om1: start om1@group-C5BA1605619E-LeaderElection37
2022-10-09 13:07:04,896 [Listener at 127.0.0.1/33359] INFO  handler.ContextHandler (ContextHandler.java:doStart(915)) - Started o.e.j.w.WebAppContext@75bcd713{hddsDatanode,/,file:///tmp/jetty-0_0_0_0-42439-hdds-container-service-1_3_0-SNAPSHOT_jar-_-any-3770435912426653046/webapp/,AVAILABLE}{jar:file:/home/runner/.m2/repository/org/apache/ozone/hdds-container-service/1.3.0-SNAPSHOT/hdds-container-service-1.3.0-SNAPSHOT.jar!/webapps/hddsDatanode}
2022-10-09 13:07:04,896 [om1@group-C5BA1605619E-LeaderElection37] INFO  impl.LeaderElection (LeaderElection.java:askForVotes(310)) - om1@group-C5BA1605619E-LeaderElection37 ELECTION round 0: submit vote requests at term 1 for -1: [om1|rpc:localhost:9872|priority:0], old=null
2022-10-09 13:07:04,896 [om1@group-C5BA1605619E-LeaderElection37] INFO  impl.LeaderElection (LeaderElection.java:askForVotes(312)) - om1@group-C5BA1605619E-LeaderElection37 ELECTION round 0: result PASSED (term=1)
2022-10-09 13:07:04,896 [om1@group-C5BA1605619E-LeaderElection37] INFO  impl.RoleInfo (RoleInfo.java:shutdownLeaderElection(130)) - om1: shutdown om1@group-C5BA1605619E-LeaderElection37
2022-10-09 13:07:04,896 [om1@group-C5BA1605619E-LeaderElection37] INFO  server.RaftServer$Division (RaftServerImpl.java:setRole(299)) - om1@group-C5BA1605619E: changes role from CANDIDATE to LEADER at term 1 for changeToLeader
2022-10-09 13:07:04,896 [om1@group-C5BA1605619E-LeaderElection37] INFO  server.RaftServer$Division (ServerState.java:setLeader(287)) - om1@group-C5BA1605619E: change Leader from null to om1 at term 1 for becomeLeader, leader elected after 2334ms
2022-10-09 13:07:04,896 [om1@group-C5BA1605619E-LeaderElection37] INFO  server.RaftServerConfigKeys (ConfUtils.java:logGet(46)) - raft.server.staging.catchup.gap = 1000 (default)
2022-10-09 13:07:04,897 [om1@group-C5BA1605619E-LeaderElection37] INFO  server.RaftServerConfigKeys (ConfUtils.java:logGet(46)) - raft.server.write.element-limit = 4096 (default)
2022-10-09 13:07:04,897 [om1@group-C5BA1605619E-LeaderElection37] INFO  server.RaftServerConfigKeys (ConfUtils.java:logGet(46)) - raft.server.write.byte-limit = 64MB (=67108864) (default)
2022-10-09 13:07:04,898 [Listener at 127.0.0.1/33359] INFO  server.AbstractConnector (AbstractConnector.java:doStart(331)) - Started ServerConnector@33ae40ce{HTTP/1.1, (http/1.1)}{0.0.0.0:42439}
2022-10-09 13:07:04,898 [Listener at 127.0.0.1/33359] INFO  server.Server (Server.java:doStart(415)) - Started @202306ms
2022-10-09 13:07:04,898 [Listener at 127.0.0.1/33359] WARN  impl.MetricsSystemImpl (MetricsSystemImpl.java:register(279)) - Sink prometheus already exists!
2022-10-09 13:07:04,899 [Listener at 127.0.0.1/33359] INFO  http.BaseHttpServer (BaseHttpServer.java:updateConnectorAddress(333)) - HTTP server of hddsDatanode listening at http://0.0.0.0:42439
2022-10-09 13:07:04,900 [Listener at 127.0.0.1/33359] WARN  impl.MetricRegistriesImpl (MetricRegistriesImpl.java:addReporterRegistration(111)) - New reporters are added after registries were created. Some metrics will be missing from the reporter. Please add reporter before adding any new registry.
2022-10-09 13:07:04,900 [Listener at 127.0.0.1/33359] WARN  impl.MetricRegistriesImpl (MetricRegistriesImpl.java:addReporterRegistration(111)) - New reporters are added after registries were created. Some metrics will be missing from the reporter. Please add reporter before adding any new registry.
2022-10-09 13:07:04,900 [Listener at 127.0.0.1/33359] INFO  impl.MetricsSystemImpl (MetricsSystemImpl.java:init(158)) - HddsDatanode metrics system started (again)
2022-10-09 13:07:04,916 [Datanode State Machine Daemon Thread] INFO  statemachine.DatanodeStateMachine (DatanodeStateMachine.java:lambda$startDaemon$0(492)) - Ozone container server started.
2022-10-09 13:07:04,916 [om1@group-C5BA1605619E-LeaderElection37] INFO  server.RaftServerConfigKeys (ConfUtils.java:logGet(46)) - raft.server.watch.timeout = 10s (default)
2022-10-09 13:07:04,916 [om1@group-C5BA1605619E-LeaderElection37] INFO  server.RaftServerConfigKeys (ConfUtils.java:logGet(46)) - raft.server.watch.timeout.denomination = 1s (default)
2022-10-09 13:07:04,916 [om1@group-C5BA1605619E-LeaderElection37] INFO  server.RaftServerConfigKeys (ConfUtils.java:logGet(46)) - raft.server.watch.element-limit = 65536 (default)
2022-10-09 13:07:04,916 [om1@group-C5BA1605619E-LeaderElection37] INFO  server.RaftServerConfigKeys (ConfUtils.java:logGet(46)) - raft.server.write.element-limit = 4096 (default)
2022-10-09 13:07:04,916 [om1@group-C5BA1605619E-LeaderElection37] INFO  server.RaftServerConfigKeys (ConfUtils.java:logGet(46)) - raft.server.write.follower.gap.ratio.max = -1.0 (default)
2022-10-09 13:07:04,916 [om1@group-C5BA1605619E-LeaderElection37] INFO  impl.RoleInfo (RoleInfo.java:updateAndGet(139)) - om1: start om1@group-C5BA1605619E-LeaderStateImpl
2022-10-09 13:07:04,949 [org.apache.hadoop.util.JvmPauseMonitor$Monitor@119d929d] INFO  util.JvmPauseMonitor (JvmPauseMonitor.java:run(188)) - Starting JVM pause monitor
2022-10-09 13:07:04,969 [Datanode State Machine Task Thread - 0] INFO  datanode.InitDatanodeState (InitDatanodeState.java:persistContainerDatanodeDetails(138)) - DatanodeDetails is persisted to /home/runner/work/ozone/ozone/hadoop-ozone/integration-test/target/test-dir/MiniOzoneClusterImpl-9128138f-083a-4137-a9cb-d58212e00964/datanode-0/meta/datanode.id
2022-10-09 13:07:04,972 [Listener at 127.0.0.1/33359] INFO  ozone.HddsDatanodeService (HddsDatanodeService.java:start(236)) - HddsDatanodeService host:fv-az212-628.zlodpucb4l4udavnfxg5s20dva.cx.internal.cloudapp.net ip:10.1.0.209
2022-10-09 13:07:04,973 [om1@group-C5BA1605619E-LeaderElection37] INFO  segmented.SegmentedRaftLogWorker (SegmentedRaftLogWorker.java:startLogSegment(425)) - om1@group-C5BA1605619E-SegmentedRaftLogWorker: Starting segment from index:0
2022-10-09 13:07:04,984 [om1@group-C5BA1605619E-SegmentedRaftLogWorker] INFO  segmented.SegmentedRaftLogWorker (SegmentedRaftLogWorker.java:execute(629)) - om1@group-C5BA1605619E-SegmentedRaftLogWorker: created new log segment /home/runner/work/ozone/ozone/hadoop-ozone/integration-test/target/test-dir/MiniOzoneClusterImpl-9128138f-083a-4137-a9cb-d58212e00964/ozone-meta/ratis/bf265839-605b-3f16-9796-c5ba1605619e/current/log_inprogress_0
2022-10-09 13:07:04,992 [om1@group-C5BA1605619E-LeaderElection37] INFO  server.RaftServer$Division (ServerState.java:setRaftConf(393)) - om1@group-C5BA1605619E: set configuration 0: [om1|rpc:localhost:9872|admin:|client:|dataStream:|priority:0], old=null
2022-10-09 13:07:05,012 [om1@group-C5BA1605619E-StateMachineUpdater] INFO  ratis.OzoneManagerStateMachine (OzoneManagerStateMachine.java:notifyConfigurationChanged(192)) - Received Configuration change notification from Ratis. New Peer list:
[id: "om1"
address: "localhost:9872"
]
2022-10-09 13:07:05,056 [Listener at 127.0.0.1/33359] INFO  upgrade.AbstractLayoutVersionManager (AbstractLayoutVersionManager.java:init(83)) - Initializing Layout version manager with metadata layout = DATANODE_SCHEMA_V3 (version = 4), software layout = DATANODE_SCHEMA_V3 (version = 4)
2022-10-09 13:07:05,128 [Listener at 127.0.0.1/33359] INFO  reflections.Reflections (Reflections.java:scan(232)) - Reflections took 71 ms to scan 7 urls, producing 135 keys and 327 values 
2022-10-09 13:07:05,131 [Listener at 127.0.0.1/33359] INFO  statemachine.DatanodeStateMachine (DatanodeStateMachine.java:getEndPointTaskThreadPoolSize(237)) - Datanode State Machine Task Thread Pool size 2
2022-10-09 13:07:05,132 [Listener at 127.0.0.1/33359] INFO  volume.HddsVolume (HddsVolume.java:<init>(117)) - Creating HddsVolume: /home/runner/work/ozone/ozone/hadoop-ozone/integration-test/target/test-dir/MiniOzoneClusterImpl-9128138f-083a-4137-a9cb-d58212e00964/datanode-1/data-0/containers/hdds of storage type : DISK capacity : 9223372036854775807
2022-10-09 13:07:05,132 [Listener at 127.0.0.1/33359] INFO  volume.MutableVolumeSet (MutableVolumeSet.java:initializeVolumeSet(174)) - Added Volume : /home/runner/work/ozone/ozone/hadoop-ozone/integration-test/target/test-dir/MiniOzoneClusterImpl-9128138f-083a-4137-a9cb-d58212e00964/datanode-1/data-0/containers/hdds to VolumeSet
2022-10-09 13:07:05,133 [Listener at 127.0.0.1/33359] INFO  volume.ThrottledAsyncChecker (ThrottledAsyncChecker.java:schedule(141)) - Scheduling a check for /home/runner/work/ozone/ozone/hadoop-ozone/integration-test/target/test-dir/MiniOzoneClusterImpl-9128138f-083a-4137-a9cb-d58212e00964/datanode-1/data-0/containers/hdds
2022-10-09 13:07:05,133 [Listener at 127.0.0.1/33359] INFO  volume.StorageVolumeChecker (StorageVolumeChecker.java:checkAllVolumes(202)) - Scheduled health check for volume /home/runner/work/ozone/ozone/hadoop-ozone/integration-test/target/test-dir/MiniOzoneClusterImpl-9128138f-083a-4137-a9cb-d58212e00964/datanode-1/data-0/containers/hdds
2022-10-09 13:07:05,164 [Listener at 127.0.0.1/33359] INFO  volume.MutableVolumeSet (MutableVolumeSet.java:initializeVolumeSet(174)) - Added Volume : /home/runner/work/ozone/ozone/hadoop-ozone/integration-test/target/test-dir/MiniOzoneClusterImpl-9128138f-083a-4137-a9cb-d58212e00964/datanode-1/data/ratis to VolumeSet
2022-10-09 13:07:05,164 [Listener at 127.0.0.1/33359] INFO  volume.ThrottledAsyncChecker (ThrottledAsyncChecker.java:schedule(141)) - Scheduling a check for /home/runner/work/ozone/ozone/hadoop-ozone/integration-test/target/test-dir/MiniOzoneClusterImpl-9128138f-083a-4137-a9cb-d58212e00964/datanode-1/data/ratis
2022-10-09 13:07:05,164 [Listener at 127.0.0.1/33359] INFO  volume.StorageVolumeChecker (StorageVolumeChecker.java:checkAllVolumes(202)) - Scheduled health check for volume /home/runner/work/ozone/ozone/hadoop-ozone/integration-test/target/test-dir/MiniOzoneClusterImpl-9128138f-083a-4137-a9cb-d58212e00964/datanode-1/data/ratis
2022-10-09 13:07:05,204 [Thread-1149] INFO  ozoneimpl.ContainerReader (ContainerReader.java:readVolume(175)) - Finish verifying containers on volume /home/runner/work/ozone/ozone/hadoop-ozone/integration-test/target/test-dir/MiniOzoneClusterImpl-9128138f-083a-4137-a9cb-d58212e00964/datanode-1/data-0/containers/hdds
2022-10-09 13:07:05,204 [Listener at 127.0.0.1/33359] INFO  ozoneimpl.OzoneContainer (OzoneContainer.java:buildContainerSet(300)) - Build ContainerSet costs 0s
2022-10-09 13:07:05,206 [Listener at 127.0.0.1/33359] INFO  server.RaftServer (ConfUtils.java:logGet(46)) - raft.rpc.type = GRPC (default)
2022-10-09 13:07:05,206 [Listener at 127.0.0.1/33359] INFO  grpc.GrpcFactory (GrpcFactory.java:checkPooledByteBufAllocatorUseCacheForAllThreads(48)) - PERFORMANCE WARNING: useCacheForAllThreads is true that may cause Netty to create a lot garbage objects and, as a result, trigger GC.
	It is recommended to disable useCacheForAllThreads by setting -Dorg.apache.ratis.thirdparty.io.netty.allocator.useCacheForAllThreads=false in command line.
2022-10-09 13:07:05,206 [Listener at 127.0.0.1/33359] INFO  grpc.GrpcConfigKeys (ConfUtils.java:logGet(46)) - raft.grpc.admin.port = 0 (custom)
2022-10-09 13:07:05,206 [Listener at 127.0.0.1/33359] INFO  grpc.GrpcConfigKeys (ConfUtils.java:logGet(46)) - raft.grpc.client.port = 0 (custom)
2022-10-09 13:07:05,206 [Listener at 127.0.0.1/33359] INFO  grpc.GrpcConfigKeys (ConfUtils.java:logGet(46)) - raft.grpc.server.port = 0 (default)
2022-10-09 13:07:05,206 [Listener at 127.0.0.1/33359] INFO  server.GrpcService (ConfUtils.java:logGet(46)) - raft.grpc.message.size.max = 32MB (=33554432) (custom)
2022-10-09 13:07:05,206 [Listener at 127.0.0.1/33359] INFO  server.RaftServerConfigKeys (ConfUtils.java:logGet(46)) - raft.server.log.appender.buffer.byte-limit = 33554432 (custom)
2022-10-09 13:07:05,207 [Listener at 127.0.0.1/33359] INFO  server.GrpcService (ConfUtils.java:logGet(46)) - raft.grpc.flow.control.window = 5MB (=5242880) (custom)
2022-10-09 13:07:05,207 [Listener at 127.0.0.1/33359] INFO  server.RaftServerConfigKeys (ConfUtils.java:logGet(46)) - raft.server.rpc.request.timeout = 60s (custom)
2022-10-09 13:07:05,207 [Listener at 127.0.0.1/33359] INFO  grpc.GrpcConfigKeys (ConfUtils.java:logGet(46)) - raft.grpc.server.async.request.thread.pool.cached = true (default)
2022-10-09 13:07:05,207 [Listener at 127.0.0.1/33359] INFO  grpc.GrpcConfigKeys (ConfUtils.java:logGet(46)) - raft.grpc.server.async.request.thread.pool.size = 32 (default)
2022-10-09 13:07:05,220 [Listener at 127.0.0.1/33359] INFO  impl.DataStreamServerImpl (ConfUtils.java:logGet(46)) - raft.datastream.type = DISABLED (default)
2022-10-09 13:07:05,220 [Listener at 127.0.0.1/33359] INFO  server.RaftServerConfigKeys (ConfUtils.java:logGet(46)) - raft.server.threadpool.proxy.cached = true (default)
2022-10-09 13:07:05,220 [Listener at 127.0.0.1/33359] INFO  server.RaftServerConfigKeys (ConfUtils.java:logGet(46)) - raft.server.threadpool.proxy.size = 0 (default)
2022-10-09 13:07:05,220 [Listener at 127.0.0.1/33359] INFO  server.RaftServerConfigKeys (ConfUtils.java:logGet(46)) - raft.server.rpc.slowness.timeout = 300s (custom)
2022-10-09 13:07:05,220 [Listener at 127.0.0.1/33359] INFO  server.RaftServerConfigKeys (ConfUtils.java:logGet(46)) - raft.server.leaderelection.leader.step-down.wait-time = 10s (default)
2022-10-09 13:07:05,220 [Listener at 127.0.0.1/33359] INFO  server.RaftServerConfigKeys (ConfUtils.java:logGet(46)) - raft.server.storage.dir = [/home/runner/work/ozone/ozone/hadoop-ozone/integration-test/target/test-dir/MiniOzoneClusterImpl-9128138f-083a-4137-a9cb-d58212e00964/datanode-1/data/ratis] (custom)
2022-10-09 13:07:05,224 [Listener at 127.0.0.1/33359] INFO  server.XceiverServerGrpc (XceiverServerGrpc.java:<init>(132)) - GrpcServer channel type EpollServerSocketChannel
2022-10-09 13:07:05,238 [Listener at 127.0.0.1/33359] INFO  http.BaseHttpServer (BaseHttpServer.java:newHttpServer2BuilderForOzone(213)) - Starting Web-server for hddsDatanode at: http://0.0.0.0:0
2022-10-09 13:07:05,239 [Listener at 127.0.0.1/33359] INFO  http.BaseHttpServer (BaseHttpServer.java:<init>(108)) - Hadoop Security Enabled: false Ozone Security Enabled: false Ozone HTTP Security Enabled: false 
2022-10-09 13:07:05,239 [Listener at 127.0.0.1/33359] INFO  server.AuthenticationFilter (AuthenticationFilter.java:constructSecretProvider(240)) - Unable to initialize FileSignerSecretProvider, falling back to use random secrets.
2022-10-09 13:07:05,240 [Listener at 127.0.0.1/33359] WARN  http.HttpRequestLog (HttpRequestLog.java:getRequestLog(103)) - Jetty request log can only be enabled using Log4j
2022-10-09 13:07:05,241 [Listener at 127.0.0.1/33359] INFO  http.HttpServer2 (HttpServer2.java:addGlobalFilter(1031)) - Added global filter 'safety' (class=org.apache.hadoop.hdds.server.http.HttpServer2$QuotingInputFilter)
2022-10-09 13:07:05,241 [Listener at 127.0.0.1/33359] INFO  http.HttpServer2 (HttpServer2.java:addFilter(1007)) - Added filter static_user_filter (class=org.apache.hadoop.http.lib.StaticUserWebFilter$StaticUserFilter) to context hddsDatanode
2022-10-09 13:07:05,241 [Listener at 127.0.0.1/33359] INFO  http.HttpServer2 (HttpServer2.java:addFilter(1015)) - Added filter static_user_filter (class=org.apache.hadoop.http.lib.StaticUserWebFilter$StaticUserFilter) to context static
2022-10-09 13:07:05,242 [Listener at 127.0.0.1/33359] INFO  http.HttpServer2 (HttpServer2.java:addFilter(1015)) - Added filter static_user_filter (class=org.apache.hadoop.http.lib.StaticUserWebFilter$StaticUserFilter) to context logs
2022-10-09 13:07:05,242 [Listener at 127.0.0.1/33359] INFO  http.HttpServer2 (HttpServer2.java:bindListener(1250)) - Jetty bound to port 35261
2022-10-09 13:07:05,242 [Listener at 127.0.0.1/33359] INFO  server.Server (Server.java:doStart(375)) - jetty-9.4.43.v20210629; built: 2021-06-30T11:07:22.254Z; git: 526006ecfa3af7f1a27ef3a288e2bef7ea9dd7e8; jvm 1.8.0_345-b01
2022-10-09 13:07:05,243 [Listener at 127.0.0.1/33359] INFO  server.session (DefaultSessionIdManager.java:doStart(334)) - DefaultSessionIdManager workerName=node0
2022-10-09 13:07:05,243 [Listener at 127.0.0.1/33359] INFO  server.session (DefaultSessionIdManager.java:doStart(339)) - No SessionScavenger set, using defaults
2022-10-09 13:07:05,244 [Listener at 127.0.0.1/33359] INFO  server.session (HouseKeeper.java:startScavenging(132)) - node0 Scavenging every 660000ms
2022-10-09 13:07:05,248 [Listener at 127.0.0.1/33359] INFO  handler.ContextHandler (ContextHandler.java:doStart(915)) - Started o.e.j.s.ServletContextHandler@5df7f150{logs,/logs,file:///home/runner/work/ozone/ozone/hadoop-ozone/integration-test/target/log,AVAILABLE}
2022-10-09 13:07:05,248 [Listener at 127.0.0.1/33359] INFO  handler.ContextHandler (ContextHandler.java:doStart(915)) - Started o.e.j.s.ServletContextHandler@78bf141d{static,/static,jar:file:/home/runner/.m2/repository/org/apache/ozone/hdds-container-service/1.3.0-SNAPSHOT/hdds-container-service-1.3.0-SNAPSHOT.jar!/webapps/static,AVAILABLE}
2022-10-09 13:07:05,575 [Listener at 127.0.0.1/33359] INFO  handler.ContextHandler (ContextHandler.java:doStart(915)) - Started o.e.j.w.WebAppContext@3075bb12{hddsDatanode,/,file:///tmp/jetty-0_0_0_0-35261-hdds-container-service-1_3_0-SNAPSHOT_jar-_-any-4207040026784298250/webapp/,AVAILABLE}{jar:file:/home/runner/.m2/repository/org/apache/ozone/hdds-container-service/1.3.0-SNAPSHOT/hdds-container-service-1.3.0-SNAPSHOT.jar!/webapps/hddsDatanode}
2022-10-09 13:07:05,590 [Listener at 127.0.0.1/33359] INFO  server.AbstractConnector (AbstractConnector.java:doStart(331)) - Started ServerConnector@353a42ba{HTTP/1.1, (http/1.1)}{0.0.0.0:35261}
2022-10-09 13:07:05,590 [Listener at 127.0.0.1/33359] INFO  server.Server (Server.java:doStart(415)) - Started @202998ms
2022-10-09 13:07:05,590 [Listener at 127.0.0.1/33359] WARN  impl.MetricsSystemImpl (MetricsSystemImpl.java:register(279)) - Sink prometheus already exists!
2022-10-09 13:07:05,591 [Listener at 127.0.0.1/33359] INFO  http.BaseHttpServer (BaseHttpServer.java:updateConnectorAddress(333)) - HTTP server of hddsDatanode listening at http://0.0.0.0:35261
2022-10-09 13:07:05,596 [Listener at 127.0.0.1/33359] WARN  impl.MetricRegistriesImpl (MetricRegistriesImpl.java:addReporterRegistration(111)) - New reporters are added after registries were created. Some metrics will be missing from the reporter. Please add reporter before adding any new registry.
2022-10-09 13:07:05,596 [Listener at 127.0.0.1/33359] WARN  impl.MetricRegistriesImpl (MetricRegistriesImpl.java:addReporterRegistration(111)) - New reporters are added after registries were created. Some metrics will be missing from the reporter. Please add reporter before adding any new registry.
2022-10-09 13:07:05,596 [Listener at 127.0.0.1/33359] INFO  impl.MetricsSystemImpl (MetricsSystemImpl.java:init(158)) - HddsDatanode metrics system started (again)
2022-10-09 13:07:05,612 [Datanode State Machine Daemon Thread] INFO  statemachine.DatanodeStateMachine (DatanodeStateMachine.java:lambda$startDaemon$0(492)) - Ozone container server started.
2022-10-09 13:07:05,643 [Listener at 127.0.0.1/33359] INFO  ozone.HddsDatanodeService (HddsDatanodeService.java:start(236)) - HddsDatanodeService host:fv-az212-628.zlodpucb4l4udavnfxg5s20dva.cx.internal.cloudapp.net ip:10.1.0.209
2022-10-09 13:07:05,663 [org.apache.hadoop.util.JvmPauseMonitor$Monitor@76da3c75] INFO  util.JvmPauseMonitor (JvmPauseMonitor.java:run(188)) - Starting JVM pause monitor
2022-10-09 13:07:05,694 [Listener at 127.0.0.1/33359] INFO  upgrade.AbstractLayoutVersionManager (AbstractLayoutVersionManager.java:init(83)) - Initializing Layout version manager with metadata layout = DATANODE_SCHEMA_V3 (version = 4), software layout = DATANODE_SCHEMA_V3 (version = 4)
2022-10-09 13:07:05,748 [Datanode State Machine Task Thread - 0] INFO  datanode.InitDatanodeState (InitDatanodeState.java:persistContainerDatanodeDetails(138)) - DatanodeDetails is persisted to /home/runner/work/ozone/ozone/hadoop-ozone/integration-test/target/test-dir/MiniOzoneClusterImpl-9128138f-083a-4137-a9cb-d58212e00964/datanode-1/meta/datanode.id
2022-10-09 13:07:05,779 [Listener at 127.0.0.1/33359] INFO  reflections.Reflections (Reflections.java:scan(232)) - Reflections took 84 ms to scan 7 urls, producing 135 keys and 327 values 
2022-10-09 13:07:05,784 [Listener at 127.0.0.1/33359] INFO  statemachine.DatanodeStateMachine (DatanodeStateMachine.java:getEndPointTaskThreadPoolSize(237)) - Datanode State Machine Task Thread Pool size 2
2022-10-09 13:07:05,786 [Listener at 127.0.0.1/33359] INFO  volume.HddsVolume (HddsVolume.java:<init>(117)) - Creating HddsVolume: /home/runner/work/ozone/ozone/hadoop-ozone/integration-test/target/test-dir/MiniOzoneClusterImpl-9128138f-083a-4137-a9cb-d58212e00964/datanode-2/data-0/containers/hdds of storage type : DISK capacity : 9223372036854775807
2022-10-09 13:07:05,786 [Listener at 127.0.0.1/33359] INFO  volume.MutableVolumeSet (MutableVolumeSet.java:initializeVolumeSet(174)) - Added Volume : /home/runner/work/ozone/ozone/hadoop-ozone/integration-test/target/test-dir/MiniOzoneClusterImpl-9128138f-083a-4137-a9cb-d58212e00964/datanode-2/data-0/containers/hdds to VolumeSet
2022-10-09 13:07:05,786 [Listener at 127.0.0.1/33359] INFO  volume.ThrottledAsyncChecker (ThrottledAsyncChecker.java:schedule(141)) - Scheduling a check for /home/runner/work/ozone/ozone/hadoop-ozone/integration-test/target/test-dir/MiniOzoneClusterImpl-9128138f-083a-4137-a9cb-d58212e00964/datanode-2/data-0/containers/hdds
2022-10-09 13:07:05,787 [Listener at 127.0.0.1/33359] INFO  volume.StorageVolumeChecker (StorageVolumeChecker.java:checkAllVolumes(202)) - Scheduled health check for volume /home/runner/work/ozone/ozone/hadoop-ozone/integration-test/target/test-dir/MiniOzoneClusterImpl-9128138f-083a-4137-a9cb-d58212e00964/datanode-2/data-0/containers/hdds
2022-10-09 13:07:05,804 [Listener at 127.0.0.1/33359] INFO  volume.MutableVolumeSet (MutableVolumeSet.java:initializeVolumeSet(174)) - Added Volume : /home/runner/work/ozone/ozone/hadoop-ozone/integration-test/target/test-dir/MiniOzoneClusterImpl-9128138f-083a-4137-a9cb-d58212e00964/datanode-2/data/ratis to VolumeSet
2022-10-09 13:07:05,804 [Listener at 127.0.0.1/33359] INFO  volume.ThrottledAsyncChecker (ThrottledAsyncChecker.java:schedule(141)) - Scheduling a check for /home/runner/work/ozone/ozone/hadoop-ozone/integration-test/target/test-dir/MiniOzoneClusterImpl-9128138f-083a-4137-a9cb-d58212e00964/datanode-2/data/ratis
2022-10-09 13:07:05,804 [Listener at 127.0.0.1/33359] INFO  volume.StorageVolumeChecker (StorageVolumeChecker.java:checkAllVolumes(202)) - Scheduled health check for volume /home/runner/work/ozone/ozone/hadoop-ozone/integration-test/target/test-dir/MiniOzoneClusterImpl-9128138f-083a-4137-a9cb-d58212e00964/datanode-2/data/ratis
2022-10-09 13:07:05,815 [Thread-1162] INFO  ozoneimpl.ContainerReader (ContainerReader.java:readVolume(175)) - Finish verifying containers on volume /home/runner/work/ozone/ozone/hadoop-ozone/integration-test/target/test-dir/MiniOzoneClusterImpl-9128138f-083a-4137-a9cb-d58212e00964/datanode-2/data-0/containers/hdds
2022-10-09 13:07:05,815 [Listener at 127.0.0.1/33359] INFO  ozoneimpl.OzoneContainer (OzoneContainer.java:buildContainerSet(300)) - Build ContainerSet costs 0s
2022-10-09 13:07:05,817 [Listener at 127.0.0.1/33359] INFO  server.RaftServer (ConfUtils.java:logGet(46)) - raft.rpc.type = GRPC (default)
2022-10-09 13:07:05,817 [Listener at 127.0.0.1/33359] INFO  grpc.GrpcFactory (GrpcFactory.java:checkPooledByteBufAllocatorUseCacheForAllThreads(48)) - PERFORMANCE WARNING: useCacheForAllThreads is true that may cause Netty to create a lot garbage objects and, as a result, trigger GC.
	It is recommended to disable useCacheForAllThreads by setting -Dorg.apache.ratis.thirdparty.io.netty.allocator.useCacheForAllThreads=false in command line.
2022-10-09 13:07:05,817 [Listener at 127.0.0.1/33359] INFO  grpc.GrpcConfigKeys (ConfUtils.java:logGet(46)) - raft.grpc.admin.port = 0 (custom)
2022-10-09 13:07:05,818 [Listener at 127.0.0.1/33359] INFO  grpc.GrpcConfigKeys (ConfUtils.java:logGet(46)) - raft.grpc.client.port = 0 (custom)
2022-10-09 13:07:05,818 [Listener at 127.0.0.1/33359] INFO  grpc.GrpcConfigKeys (ConfUtils.java:logGet(46)) - raft.grpc.server.port = 0 (default)
2022-10-09 13:07:05,818 [Listener at 127.0.0.1/33359] INFO  server.GrpcService (ConfUtils.java:logGet(46)) - raft.grpc.message.size.max = 32MB (=33554432) (custom)
2022-10-09 13:07:05,818 [Listener at 127.0.0.1/33359] INFO  server.RaftServerConfigKeys (ConfUtils.java:logGet(46)) - raft.server.log.appender.buffer.byte-limit = 33554432 (custom)
2022-10-09 13:07:05,818 [Listener at 127.0.0.1/33359] INFO  server.GrpcService (ConfUtils.java:logGet(46)) - raft.grpc.flow.control.window = 5MB (=5242880) (custom)
2022-10-09 13:07:05,818 [Listener at 127.0.0.1/33359] INFO  server.RaftServerConfigKeys (ConfUtils.java:logGet(46)) - raft.server.rpc.request.timeout = 60s (custom)
2022-10-09 13:07:05,818 [Listener at 127.0.0.1/33359] INFO  grpc.GrpcConfigKeys (ConfUtils.java:logGet(46)) - raft.grpc.server.async.request.thread.pool.cached = true (default)
2022-10-09 13:07:05,818 [Listener at 127.0.0.1/33359] INFO  grpc.GrpcConfigKeys (ConfUtils.java:logGet(46)) - raft.grpc.server.async.request.thread.pool.size = 32 (default)
2022-10-09 13:07:05,819 [Listener at 127.0.0.1/33359] INFO  impl.DataStreamServerImpl (ConfUtils.java:logGet(46)) - raft.datastream.type = DISABLED (default)
2022-10-09 13:07:05,819 [Listener at 127.0.0.1/33359] INFO  server.RaftServerConfigKeys (ConfUtils.java:logGet(46)) - raft.server.threadpool.proxy.cached = true (default)
2022-10-09 13:07:05,832 [Listener at 127.0.0.1/33359] INFO  server.RaftServerConfigKeys (ConfUtils.java:logGet(46)) - raft.server.threadpool.proxy.size = 0 (default)
2022-10-09 13:07:05,836 [Listener at 127.0.0.1/33359] INFO  server.RaftServerConfigKeys (ConfUtils.java:logGet(46)) - raft.server.rpc.slowness.timeout = 300s (custom)
2022-10-09 13:07:05,836 [Listener at 127.0.0.1/33359] INFO  server.RaftServerConfigKeys (ConfUtils.java:logGet(46)) - raft.server.leaderelection.leader.step-down.wait-time = 10s (default)
2022-10-09 13:07:05,836 [Listener at 127.0.0.1/33359] INFO  server.RaftServerConfigKeys (ConfUtils.java:logGet(46)) - raft.server.storage.dir = [/home/runner/work/ozone/ozone/hadoop-ozone/integration-test/target/test-dir/MiniOzoneClusterImpl-9128138f-083a-4137-a9cb-d58212e00964/datanode-2/data/ratis] (custom)
2022-10-09 13:07:05,841 [Listener at 127.0.0.1/33359] INFO  server.XceiverServerGrpc (XceiverServerGrpc.java:<init>(132)) - GrpcServer channel type EpollServerSocketChannel
2022-10-09 13:07:05,855 [Listener at 127.0.0.1/33359] INFO  http.BaseHttpServer (BaseHttpServer.java:newHttpServer2BuilderForOzone(213)) - Starting Web-server for hddsDatanode at: http://0.0.0.0:0
2022-10-09 13:07:05,855 [Listener at 127.0.0.1/33359] INFO  http.BaseHttpServer (BaseHttpServer.java:<init>(108)) - Hadoop Security Enabled: false Ozone Security Enabled: false Ozone HTTP Security Enabled: false 
2022-10-09 13:07:05,856 [Listener at 127.0.0.1/33359] INFO  server.AuthenticationFilter (AuthenticationFilter.java:constructSecretProvider(240)) - Unable to initialize FileSignerSecretProvider, falling back to use random secrets.
2022-10-09 13:07:05,857 [Listener at 127.0.0.1/33359] WARN  http.HttpRequestLog (HttpRequestLog.java:getRequestLog(103)) - Jetty request log can only be enabled using Log4j
2022-10-09 13:07:05,858 [Listener at 127.0.0.1/33359] INFO  http.HttpServer2 (HttpServer2.java:addGlobalFilter(1031)) - Added global filter 'safety' (class=org.apache.hadoop.hdds.server.http.HttpServer2$QuotingInputFilter)
2022-10-09 13:07:05,858 [Listener at 127.0.0.1/33359] INFO  http.HttpServer2 (HttpServer2.java:addFilter(1007)) - Added filter static_user_filter (class=org.apache.hadoop.http.lib.StaticUserWebFilter$StaticUserFilter) to context hddsDatanode
2022-10-09 13:07:05,858 [Listener at 127.0.0.1/33359] INFO  http.HttpServer2 (HttpServer2.java:addFilter(1015)) - Added filter static_user_filter (class=org.apache.hadoop.http.lib.StaticUserWebFilter$StaticUserFilter) to context static
2022-10-09 13:07:05,858 [Listener at 127.0.0.1/33359] INFO  http.HttpServer2 (HttpServer2.java:addFilter(1015)) - Added filter static_user_filter (class=org.apache.hadoop.http.lib.StaticUserWebFilter$StaticUserFilter) to context logs
2022-10-09 13:07:05,859 [Listener at 127.0.0.1/33359] INFO  http.HttpServer2 (HttpServer2.java:bindListener(1250)) - Jetty bound to port 41145
2022-10-09 13:07:05,859 [Listener at 127.0.0.1/33359] INFO  server.Server (Server.java:doStart(375)) - jetty-9.4.43.v20210629; built: 2021-06-30T11:07:22.254Z; git: 526006ecfa3af7f1a27ef3a288e2bef7ea9dd7e8; jvm 1.8.0_345-b01
2022-10-09 13:07:05,868 [Listener at 127.0.0.1/33359] INFO  server.session (DefaultSessionIdManager.java:doStart(334)) - DefaultSessionIdManager workerName=node0
2022-10-09 13:07:05,868 [Listener at 127.0.0.1/33359] INFO  server.session (DefaultSessionIdManager.java:doStart(339)) - No SessionScavenger set, using defaults
2022-10-09 13:07:05,868 [Listener at 127.0.0.1/33359] INFO  server.session (HouseKeeper.java:startScavenging(132)) - node0 Scavenging every 660000ms
2022-10-09 13:07:05,869 [Listener at 127.0.0.1/33359] INFO  handler.ContextHandler (ContextHandler.java:doStart(915)) - Started o.e.j.s.ServletContextHandler@68a8ac8e{logs,/logs,file:///home/runner/work/ozone/ozone/hadoop-ozone/integration-test/target/log,AVAILABLE}
2022-10-09 13:07:05,869 [Listener at 127.0.0.1/33359] INFO  handler.ContextHandler (ContextHandler.java:doStart(915)) - Started o.e.j.s.ServletContextHandler@5a4d9c49{static,/static,jar:file:/home/runner/.m2/repository/org/apache/ozone/hdds-container-service/1.3.0-SNAPSHOT/hdds-container-service-1.3.0-SNAPSHOT.jar!/webapps/static,AVAILABLE}
2022-10-09 13:07:06,174 [Listener at 127.0.0.1/33359] INFO  handler.ContextHandler (ContextHandler.java:doStart(915)) - Started o.e.j.w.WebAppContext@34e0883b{hddsDatanode,/,file:///tmp/jetty-0_0_0_0-41145-hdds-container-service-1_3_0-SNAPSHOT_jar-_-any-8491114268314200777/webapp/,AVAILABLE}{jar:file:/home/runner/.m2/repository/org/apache/ozone/hdds-container-service/1.3.0-SNAPSHOT/hdds-container-service-1.3.0-SNAPSHOT.jar!/webapps/hddsDatanode}
2022-10-09 13:07:06,177 [Listener at 127.0.0.1/33359] INFO  server.AbstractConnector (AbstractConnector.java:doStart(331)) - Started ServerConnector@788bc15b{HTTP/1.1, (http/1.1)}{0.0.0.0:41145}
2022-10-09 13:07:06,177 [Listener at 127.0.0.1/33359] INFO  server.Server (Server.java:doStart(415)) - Started @203585ms
2022-10-09 13:07:06,177 [Listener at 127.0.0.1/33359] WARN  impl.MetricsSystemImpl (MetricsSystemImpl.java:register(279)) - Sink prometheus already exists!
2022-10-09 13:07:06,178 [Listener at 127.0.0.1/33359] INFO  http.BaseHttpServer (BaseHttpServer.java:updateConnectorAddress(333)) - HTTP server of hddsDatanode listening at http://0.0.0.0:41145
2022-10-09 13:07:06,178 [Listener at 127.0.0.1/33359] WARN  impl.MetricRegistriesImpl (MetricRegistriesImpl.java:addReporterRegistration(111)) - New reporters are added after registries were created. Some metrics will be missing from the reporter. Please add reporter before adding any new registry.
2022-10-09 13:07:06,178 [Listener at 127.0.0.1/33359] WARN  impl.MetricRegistriesImpl (MetricRegistriesImpl.java:addReporterRegistration(111)) - New reporters are added after registries were created. Some metrics will be missing from the reporter. Please add reporter before adding any new registry.
2022-10-09 13:07:06,178 [Listener at 127.0.0.1/33359] INFO  impl.MetricsSystemImpl (MetricsSystemImpl.java:init(158)) - HddsDatanode metrics system started (again)
2022-10-09 13:07:06,188 [Datanode State Machine Daemon Thread] INFO  statemachine.DatanodeStateMachine (DatanodeStateMachine.java:lambda$startDaemon$0(492)) - Ozone container server started.
2022-10-09 13:07:06,207 [Listener at 127.0.0.1/33359] INFO  ozone.HddsDatanodeService (HddsDatanodeService.java:start(236)) - HddsDatanodeService host:fv-az212-628.zlodpucb4l4udavnfxg5s20dva.cx.internal.cloudapp.net ip:10.1.0.209
2022-10-09 13:07:06,228 [org.apache.hadoop.util.JvmPauseMonitor$Monitor@3cb66e2e] INFO  util.JvmPauseMonitor (JvmPauseMonitor.java:run(188)) - Starting JVM pause monitor
2022-10-09 13:07:06,239 [Datanode State Machine Task Thread - 0] INFO  datanode.InitDatanodeState (InitDatanodeState.java:persistContainerDatanodeDetails(138)) - DatanodeDetails is persisted to /home/runner/work/ozone/ozone/hadoop-ozone/integration-test/target/test-dir/MiniOzoneClusterImpl-9128138f-083a-4137-a9cb-d58212e00964/datanode-2/meta/datanode.id
2022-10-09 13:07:06,288 [Listener at 127.0.0.1/33359] INFO  upgrade.AbstractLayoutVersionManager (AbstractLayoutVersionManager.java:init(83)) - Initializing Layout version manager with metadata layout = DATANODE_SCHEMA_V3 (version = 4), software layout = DATANODE_SCHEMA_V3 (version = 4)
2022-10-09 13:07:06,340 [Listener at 127.0.0.1/33359] INFO  reflections.Reflections (Reflections.java:scan(232)) - Reflections took 51 ms to scan 7 urls, producing 135 keys and 327 values 
2022-10-09 13:07:06,342 [Listener at 127.0.0.1/33359] INFO  statemachine.DatanodeStateMachine (DatanodeStateMachine.java:getEndPointTaskThreadPoolSize(237)) - Datanode State Machine Task Thread Pool size 2
2022-10-09 13:07:06,366 [Listener at 127.0.0.1/33359] INFO  volume.HddsVolume (HddsVolume.java:<init>(117)) - Creating HddsVolume: /home/runner/work/ozone/ozone/hadoop-ozone/integration-test/target/test-dir/MiniOzoneClusterImpl-9128138f-083a-4137-a9cb-d58212e00964/datanode-3/data-0/containers/hdds of storage type : DISK capacity : 9223372036854775807
2022-10-09 13:07:06,366 [Listener at 127.0.0.1/33359] INFO  volume.MutableVolumeSet (MutableVolumeSet.java:initializeVolumeSet(174)) - Added Volume : /home/runner/work/ozone/ozone/hadoop-ozone/integration-test/target/test-dir/MiniOzoneClusterImpl-9128138f-083a-4137-a9cb-d58212e00964/datanode-3/data-0/containers/hdds to VolumeSet
2022-10-09 13:07:06,366 [Listener at 127.0.0.1/33359] INFO  volume.ThrottledAsyncChecker (ThrottledAsyncChecker.java:schedule(141)) - Scheduling a check for /home/runner/work/ozone/ozone/hadoop-ozone/integration-test/target/test-dir/MiniOzoneClusterImpl-9128138f-083a-4137-a9cb-d58212e00964/datanode-3/data-0/containers/hdds
2022-10-09 13:07:06,368 [Listener at 127.0.0.1/33359] INFO  volume.StorageVolumeChecker (StorageVolumeChecker.java:checkAllVolumes(202)) - Scheduled health check for volume /home/runner/work/ozone/ozone/hadoop-ozone/integration-test/target/test-dir/MiniOzoneClusterImpl-9128138f-083a-4137-a9cb-d58212e00964/datanode-3/data-0/containers/hdds
2022-10-09 13:07:06,379 [Listener at 127.0.0.1/33359] INFO  volume.MutableVolumeSet (MutableVolumeSet.java:initializeVolumeSet(174)) - Added Volume : /home/runner/work/ozone/ozone/hadoop-ozone/integration-test/target/test-dir/MiniOzoneClusterImpl-9128138f-083a-4137-a9cb-d58212e00964/datanode-3/data/ratis to VolumeSet
2022-10-09 13:07:06,379 [Listener at 127.0.0.1/33359] INFO  volume.ThrottledAsyncChecker (ThrottledAsyncChecker.java:schedule(141)) - Scheduling a check for /home/runner/work/ozone/ozone/hadoop-ozone/integration-test/target/test-dir/MiniOzoneClusterImpl-9128138f-083a-4137-a9cb-d58212e00964/datanode-3/data/ratis
2022-10-09 13:07:06,379 [Listener at 127.0.0.1/33359] INFO  volume.StorageVolumeChecker (StorageVolumeChecker.java:checkAllVolumes(202)) - Scheduled health check for volume /home/runner/work/ozone/ozone/hadoop-ozone/integration-test/target/test-dir/MiniOzoneClusterImpl-9128138f-083a-4137-a9cb-d58212e00964/datanode-3/data/ratis
2022-10-09 13:07:06,453 [Thread-1175] INFO  ozoneimpl.ContainerReader (ContainerReader.java:readVolume(175)) - Finish verifying containers on volume /home/runner/work/ozone/ozone/hadoop-ozone/integration-test/target/test-dir/MiniOzoneClusterImpl-9128138f-083a-4137-a9cb-d58212e00964/datanode-3/data-0/containers/hdds
2022-10-09 13:07:06,453 [Listener at 127.0.0.1/33359] INFO  ozoneimpl.OzoneContainer (OzoneContainer.java:buildContainerSet(300)) - Build ContainerSet costs 0s
2022-10-09 13:07:06,456 [Listener at 127.0.0.1/33359] INFO  server.RaftServer (ConfUtils.java:logGet(46)) - raft.rpc.type = GRPC (default)
2022-10-09 13:07:06,456 [Listener at 127.0.0.1/33359] INFO  grpc.GrpcFactory (GrpcFactory.java:checkPooledByteBufAllocatorUseCacheForAllThreads(48)) - PERFORMANCE WARNING: useCacheForAllThreads is true that may cause Netty to create a lot garbage objects and, as a result, trigger GC.
	It is recommended to disable useCacheForAllThreads by setting -Dorg.apache.ratis.thirdparty.io.netty.allocator.useCacheForAllThreads=false in command line.
2022-10-09 13:07:06,456 [Listener at 127.0.0.1/33359] INFO  grpc.GrpcConfigKeys (ConfUtils.java:logGet(46)) - raft.grpc.admin.port = 0 (custom)
2022-10-09 13:07:06,456 [Listener at 127.0.0.1/33359] INFO  grpc.GrpcConfigKeys (ConfUtils.java:logGet(46)) - raft.grpc.client.port = 0 (custom)
2022-10-09 13:07:06,456 [Listener at 127.0.0.1/33359] INFO  grpc.GrpcConfigKeys (ConfUtils.java:logGet(46)) - raft.grpc.server.port = 0 (default)
2022-10-09 13:07:06,456 [Listener at 127.0.0.1/33359] INFO  server.GrpcService (ConfUtils.java:logGet(46)) - raft.grpc.message.size.max = 32MB (=33554432) (custom)
2022-10-09 13:07:06,456 [Listener at 127.0.0.1/33359] INFO  server.RaftServerConfigKeys (ConfUtils.java:logGet(46)) - raft.server.log.appender.buffer.byte-limit = 33554432 (custom)
2022-10-09 13:07:06,457 [Listener at 127.0.0.1/33359] INFO  server.GrpcService (ConfUtils.java:logGet(46)) - raft.grpc.flow.control.window = 5MB (=5242880) (custom)
2022-10-09 13:07:06,457 [Listener at 127.0.0.1/33359] INFO  server.RaftServerConfigKeys (ConfUtils.java:logGet(46)) - raft.server.rpc.request.timeout = 60s (custom)
2022-10-09 13:07:06,457 [Listener at 127.0.0.1/33359] INFO  grpc.GrpcConfigKeys (ConfUtils.java:logGet(46)) - raft.grpc.server.async.request.thread.pool.cached = true (default)
2022-10-09 13:07:06,457 [Listener at 127.0.0.1/33359] INFO  grpc.GrpcConfigKeys (ConfUtils.java:logGet(46)) - raft.grpc.server.async.request.thread.pool.size = 32 (default)
2022-10-09 13:07:06,458 [Listener at 127.0.0.1/33359] INFO  impl.DataStreamServerImpl (ConfUtils.java:logGet(46)) - raft.datastream.type = DISABLED (default)
2022-10-09 13:07:06,458 [Listener at 127.0.0.1/33359] INFO  server.RaftServerConfigKeys (ConfUtils.java:logGet(46)) - raft.server.threadpool.proxy.cached = true (default)
2022-10-09 13:07:06,459 [Listener at 127.0.0.1/33359] INFO  server.RaftServerConfigKeys (ConfUtils.java:logGet(46)) - raft.server.threadpool.proxy.size = 0 (default)
2022-10-09 13:07:06,459 [Listener at 127.0.0.1/33359] INFO  server.RaftServerConfigKeys (ConfUtils.java:logGet(46)) - raft.server.rpc.slowness.timeout = 300s (custom)
2022-10-09 13:07:06,459 [Listener at 127.0.0.1/33359] INFO  server.RaftServerConfigKeys (ConfUtils.java:logGet(46)) - raft.server.leaderelection.leader.step-down.wait-time = 10s (default)
2022-10-09 13:07:06,459 [Listener at 127.0.0.1/33359] INFO  server.RaftServerConfigKeys (ConfUtils.java:logGet(46)) - raft.server.storage.dir = [/home/runner/work/ozone/ozone/hadoop-ozone/integration-test/target/test-dir/MiniOzoneClusterImpl-9128138f-083a-4137-a9cb-d58212e00964/datanode-3/data/ratis] (custom)
2022-10-09 13:07:06,493 [Listener at 127.0.0.1/33359] INFO  server.XceiverServerGrpc (XceiverServerGrpc.java:<init>(132)) - GrpcServer channel type EpollServerSocketChannel
2022-10-09 13:07:06,515 [Listener at 127.0.0.1/33359] INFO  http.BaseHttpServer (BaseHttpServer.java:newHttpServer2BuilderForOzone(213)) - Starting Web-server for hddsDatanode at: http://0.0.0.0:0
2022-10-09 13:07:06,515 [Listener at 127.0.0.1/33359] INFO  http.BaseHttpServer (BaseHttpServer.java:<init>(108)) - Hadoop Security Enabled: false Ozone Security Enabled: false Ozone HTTP Security Enabled: false 
2022-10-09 13:07:06,525 [Listener at 127.0.0.1/33359] INFO  server.AuthenticationFilter (AuthenticationFilter.java:constructSecretProvider(240)) - Unable to initialize FileSignerSecretProvider, falling back to use random secrets.
2022-10-09 13:07:06,534 [Listener at 127.0.0.1/33359] WARN  http.HttpRequestLog (HttpRequestLog.java:getRequestLog(103)) - Jetty request log can only be enabled using Log4j
2022-10-09 13:07:06,535 [Listener at 127.0.0.1/33359] INFO  http.HttpServer2 (HttpServer2.java:addGlobalFilter(1031)) - Added global filter 'safety' (class=org.apache.hadoop.hdds.server.http.HttpServer2$QuotingInputFilter)
2022-10-09 13:07:06,536 [Listener at 127.0.0.1/33359] INFO  http.HttpServer2 (HttpServer2.java:addFilter(1007)) - Added filter static_user_filter (class=org.apache.hadoop.http.lib.StaticUserWebFilter$StaticUserFilter) to context hddsDatanode
2022-10-09 13:07:06,536 [Listener at 127.0.0.1/33359] INFO  http.HttpServer2 (HttpServer2.java:addFilter(1015)) - Added filter static_user_filter (class=org.apache.hadoop.http.lib.StaticUserWebFilter$StaticUserFilter) to context static
2022-10-09 13:07:06,536 [Listener at 127.0.0.1/33359] INFO  http.HttpServer2 (HttpServer2.java:addFilter(1015)) - Added filter static_user_filter (class=org.apache.hadoop.http.lib.StaticUserWebFilter$StaticUserFilter) to context logs
2022-10-09 13:07:06,536 [Listener at 127.0.0.1/33359] INFO  http.HttpServer2 (HttpServer2.java:bindListener(1250)) - Jetty bound to port 45099
2022-10-09 13:07:06,536 [Listener at 127.0.0.1/33359] INFO  server.Server (Server.java:doStart(375)) - jetty-9.4.43.v20210629; built: 2021-06-30T11:07:22.254Z; git: 526006ecfa3af7f1a27ef3a288e2bef7ea9dd7e8; jvm 1.8.0_345-b01
2022-10-09 13:07:06,635 [Listener at 127.0.0.1/33359] INFO  server.session (DefaultSessionIdManager.java:doStart(334)) - DefaultSessionIdManager workerName=node0
2022-10-09 13:07:06,635 [Listener at 127.0.0.1/33359] INFO  server.session (DefaultSessionIdManager.java:doStart(339)) - No SessionScavenger set, using defaults
2022-10-09 13:07:06,639 [Listener at 127.0.0.1/33359] INFO  server.session (HouseKeeper.java:startScavenging(132)) - node0 Scavenging every 600000ms
2022-10-09 13:07:06,640 [Listener at 127.0.0.1/33359] INFO  handler.ContextHandler (ContextHandler.java:doStart(915)) - Started o.e.j.s.ServletContextHandler@5c66a6ea{logs,/logs,file:///home/runner/work/ozone/ozone/hadoop-ozone/integration-test/target/log,AVAILABLE}
2022-10-09 13:07:06,640 [Listener at 127.0.0.1/33359] INFO  handler.ContextHandler (ContextHandler.java:doStart(915)) - Started o.e.j.s.ServletContextHandler@52076d1d{static,/static,jar:file:/home/runner/.m2/repository/org/apache/ozone/hdds-container-service/1.3.0-SNAPSHOT/hdds-container-service-1.3.0-SNAPSHOT.jar!/webapps/static,AVAILABLE}
2022-10-09 13:07:07,165 [EndpointStateMachine task thread for /0.0.0.0:45391 - 0 ] INFO  volume.HddsVolume (HddsVolume.java:createDbStore(307)) - SchemaV3 db is created and loaded at /home/runner/work/ozone/ozone/hadoop-ozone/integration-test/target/test-dir/MiniOzoneClusterImpl-9128138f-083a-4137-a9cb-d58212e00964/datanode-0/data-0/containers/hdds/9128138f-083a-4137-a9cb-d58212e00964/DS-d181c046-3f2b-4fef-9eb5-e8460fe802ed/container.db for volume DS-d181c046-3f2b-4fef-9eb5-e8460fe802ed
2022-10-09 13:07:07,173 [EndpointStateMachine task thread for /0.0.0.0:45391 - 0 ] INFO  volume.HddsVolume (HddsVolume.java:closeDbStore(338)) - SchemaV3 db is stopped at /home/runner/work/ozone/ozone/hadoop-ozone/integration-test/target/test-dir/MiniOzoneClusterImpl-9128138f-083a-4137-a9cb-d58212e00964/datanode-0/data-0/containers/hdds/9128138f-083a-4137-a9cb-d58212e00964/DS-d181c046-3f2b-4fef-9eb5-e8460fe802ed/container.db for volume DS-d181c046-3f2b-4fef-9eb5-e8460fe802ed
2022-10-09 13:07:07,173 [EndpointStateMachine task thread for /0.0.0.0:45391 - 0 ] INFO  ozoneimpl.OzoneContainer (OzoneContainer.java:start(378)) - Attempting to start container services.
2022-10-09 13:07:07,173 [EndpointStateMachine task thread for /0.0.0.0:45391 - 0 ] INFO  ozoneimpl.OzoneContainer (OzoneContainer.java:startContainerScrub(313)) - Background container scanner has been disabled.
2022-10-09 13:07:07,201 [EndpointStateMachine task thread for /0.0.0.0:45391 - 0 ] INFO  replication.ReplicationServer (ReplicationServer.java:start(111)) - ReplicationServer is started using port 35129
2022-10-09 13:07:07,202 [EndpointStateMachine task thread for /0.0.0.0:45391 - 0 ] INFO  ratis.XceiverServerRatis (XceiverServerRatis.java:start(481)) - Starting XceiverServerRatis c6dbff45-d07e-454c-8dcf-e2e002008729
2022-10-09 13:07:07,202 [EndpointStateMachine task thread for /0.0.0.0:45391 - 0 ] INFO  server.RaftServer (RaftServerProxy.java:lambda$start$6(382)) - c6dbff45-d07e-454c-8dcf-e2e002008729: start RPC server
2022-10-09 13:07:07,204 [EndpointStateMachine task thread for /0.0.0.0:45391 - 0 ] INFO  server.GrpcService (GrpcService.java:startImpl(260)) - c6dbff45-d07e-454c-8dcf-e2e002008729: GrpcService started, listening on 38729
2022-10-09 13:07:07,212 [EndpointStateMachine task thread for /0.0.0.0:45391 - 0 ] INFO  ratis.XceiverServerRatis (XceiverServerRatis.java:getRealPort(502)) - XceiverServerRatis c6dbff45-d07e-454c-8dcf-e2e002008729 is started using port 38729 for RATIS
2022-10-09 13:07:07,212 [EndpointStateMachine task thread for /0.0.0.0:45391 - 0 ] INFO  ratis.XceiverServerRatis (XceiverServerRatis.java:getRealPort(502)) - XceiverServerRatis c6dbff45-d07e-454c-8dcf-e2e002008729 is started using port 38729 for RATIS_ADMIN
2022-10-09 13:07:07,212 [EndpointStateMachine task thread for /0.0.0.0:45391 - 0 ] INFO  ratis.XceiverServerRatis (XceiverServerRatis.java:getRealPort(502)) - XceiverServerRatis c6dbff45-d07e-454c-8dcf-e2e002008729 is started using port 38729 for RATIS_SERVER
2022-10-09 13:07:07,212 [org.apache.ratis.util.JvmPauseMonitor$$Lambda$636/1153107596@49d0ef1] INFO  util.JvmPauseMonitor (JvmPauseMonitor.java:run(103)) - JvmPauseMonitor-c6dbff45-d07e-454c-8dcf-e2e002008729: Started
2022-10-09 13:07:07,300 [EndpointStateMachine task thread for /0.0.0.0:45391 - 0 ] INFO  server.XceiverServerGrpc (XceiverServerGrpc.java:start(180)) - XceiverServerGrpc c6dbff45-d07e-454c-8dcf-e2e002008729 is started using port 41599
2022-10-09 13:07:07,441 [Listener at 127.0.0.1/33359] INFO  handler.ContextHandler (ContextHandler.java:doStart(915)) - Started o.e.j.w.WebAppContext@5fb85a96{hddsDatanode,/,file:///tmp/jetty-0_0_0_0-45099-hdds-container-service-1_3_0-SNAPSHOT_jar-_-any-3102284384158272542/webapp/,AVAILABLE}{jar:file:/home/runner/.m2/repository/org/apache/ozone/hdds-container-service/1.3.0-SNAPSHOT/hdds-container-service-1.3.0-SNAPSHOT.jar!/webapps/hddsDatanode}
2022-10-09 13:07:07,462 [Listener at 127.0.0.1/33359] INFO  server.AbstractConnector (AbstractConnector.java:doStart(331)) - Started ServerConnector@7b824ddc{HTTP/1.1, (http/1.1)}{0.0.0.0:45099}
2022-10-09 13:07:07,462 [Listener at 127.0.0.1/33359] INFO  server.Server (Server.java:doStart(415)) - Started @204870ms
2022-10-09 13:07:07,462 [Listener at 127.0.0.1/33359] WARN  impl.MetricsSystemImpl (MetricsSystemImpl.java:register(279)) - Sink prometheus already exists!
2022-10-09 13:07:07,467 [Listener at 127.0.0.1/33359] INFO  http.BaseHttpServer (BaseHttpServer.java:updateConnectorAddress(333)) - HTTP server of hddsDatanode listening at http://0.0.0.0:45099
2022-10-09 13:07:07,472 [Listener at 127.0.0.1/33359] WARN  impl.MetricRegistriesImpl (MetricRegistriesImpl.java:addReporterRegistration(111)) - New reporters are added after registries were created. Some metrics will be missing from the reporter. Please add reporter before adding any new registry.
2022-10-09 13:07:07,472 [Listener at 127.0.0.1/33359] WARN  impl.MetricRegistriesImpl (MetricRegistriesImpl.java:addReporterRegistration(111)) - New reporters are added after registries were created. Some metrics will be missing from the reporter. Please add reporter before adding any new registry.
2022-10-09 13:07:07,472 [Listener at 127.0.0.1/33359] INFO  impl.MetricsSystemImpl (MetricsSystemImpl.java:init(158)) - HddsDatanode metrics system started (again)
2022-10-09 13:07:07,488 [Datanode State Machine Daemon Thread] INFO  statemachine.DatanodeStateMachine (DatanodeStateMachine.java:lambda$startDaemon$0(492)) - Ozone container server started.
2022-10-09 13:07:07,531 [Listener at 127.0.0.1/33359] INFO  ozone.HddsDatanodeService (HddsDatanodeService.java:start(236)) - HddsDatanodeService host:fv-az212-628.zlodpucb4l4udavnfxg5s20dva.cx.internal.cloudapp.net ip:10.1.0.209
2022-10-09 13:07:07,532 [org.apache.hadoop.util.JvmPauseMonitor$Monitor@1d873405] INFO  util.JvmPauseMonitor (JvmPauseMonitor.java:run(188)) - Starting JVM pause monitor
2022-10-09 13:07:07,544 [Datanode State Machine Task Thread - 0] INFO  datanode.InitDatanodeState (InitDatanodeState.java:persistContainerDatanodeDetails(138)) - DatanodeDetails is persisted to /home/runner/work/ozone/ozone/hadoop-ozone/integration-test/target/test-dir/MiniOzoneClusterImpl-9128138f-083a-4137-a9cb-d58212e00964/datanode-3/meta/datanode.id
2022-10-09 13:07:07,577 [Listener at 127.0.0.1/33359] INFO  upgrade.AbstractLayoutVersionManager (AbstractLayoutVersionManager.java:init(83)) - Initializing Layout version manager with metadata layout = DATANODE_SCHEMA_V3 (version = 4), software layout = DATANODE_SCHEMA_V3 (version = 4)
2022-10-09 13:07:07,700 [Listener at 127.0.0.1/33359] INFO  reflections.Reflections (Reflections.java:scan(232)) - Reflections took 114 ms to scan 7 urls, producing 135 keys and 327 values 
2022-10-09 13:07:07,705 [Listener at 127.0.0.1/33359] INFO  statemachine.DatanodeStateMachine (DatanodeStateMachine.java:getEndPointTaskThreadPoolSize(237)) - Datanode State Machine Task Thread Pool size 2
2022-10-09 13:07:07,707 [Listener at 127.0.0.1/33359] INFO  volume.HddsVolume (HddsVolume.java:<init>(117)) - Creating HddsVolume: /home/runner/work/ozone/ozone/hadoop-ozone/integration-test/target/test-dir/MiniOzoneClusterImpl-9128138f-083a-4137-a9cb-d58212e00964/datanode-4/data-0/containers/hdds of storage type : DISK capacity : 9223372036854775807
2022-10-09 13:07:07,715 [Listener at 127.0.0.1/33359] INFO  volume.MutableVolumeSet (MutableVolumeSet.java:initializeVolumeSet(174)) - Added Volume : /home/runner/work/ozone/ozone/hadoop-ozone/integration-test/target/test-dir/MiniOzoneClusterImpl-9128138f-083a-4137-a9cb-d58212e00964/datanode-4/data-0/containers/hdds to VolumeSet
2022-10-09 13:07:07,715 [Listener at 127.0.0.1/33359] INFO  volume.ThrottledAsyncChecker (ThrottledAsyncChecker.java:schedule(141)) - Scheduling a check for /home/runner/work/ozone/ozone/hadoop-ozone/integration-test/target/test-dir/MiniOzoneClusterImpl-9128138f-083a-4137-a9cb-d58212e00964/datanode-4/data-0/containers/hdds
2022-10-09 13:07:07,718 [Listener at 127.0.0.1/33359] INFO  volume.StorageVolumeChecker (StorageVolumeChecker.java:checkAllVolumes(202)) - Scheduled health check for volume /home/runner/work/ozone/ozone/hadoop-ozone/integration-test/target/test-dir/MiniOzoneClusterImpl-9128138f-083a-4137-a9cb-d58212e00964/datanode-4/data-0/containers/hdds
2022-10-09 13:07:07,746 [Listener at 127.0.0.1/33359] INFO  volume.MutableVolumeSet (MutableVolumeSet.java:initializeVolumeSet(174)) - Added Volume : /home/runner/work/ozone/ozone/hadoop-ozone/integration-test/target/test-dir/MiniOzoneClusterImpl-9128138f-083a-4137-a9cb-d58212e00964/datanode-4/data/ratis to VolumeSet
2022-10-09 13:07:07,746 [Listener at 127.0.0.1/33359] INFO  volume.ThrottledAsyncChecker (ThrottledAsyncChecker.java:schedule(141)) - Scheduling a check for /home/runner/work/ozone/ozone/hadoop-ozone/integration-test/target/test-dir/MiniOzoneClusterImpl-9128138f-083a-4137-a9cb-d58212e00964/datanode-4/data/ratis
2022-10-09 13:07:07,746 [Listener at 127.0.0.1/33359] INFO  volume.StorageVolumeChecker (StorageVolumeChecker.java:checkAllVolumes(202)) - Scheduled health check for volume /home/runner/work/ozone/ozone/hadoop-ozone/integration-test/target/test-dir/MiniOzoneClusterImpl-9128138f-083a-4137-a9cb-d58212e00964/datanode-4/data/ratis
2022-10-09 13:07:07,773 [Thread-1194] INFO  ozoneimpl.ContainerReader (ContainerReader.java:readVolume(175)) - Finish verifying containers on volume /home/runner/work/ozone/ozone/hadoop-ozone/integration-test/target/test-dir/MiniOzoneClusterImpl-9128138f-083a-4137-a9cb-d58212e00964/datanode-4/data-0/containers/hdds
2022-10-09 13:07:07,773 [Listener at 127.0.0.1/33359] INFO  ozoneimpl.OzoneContainer (OzoneContainer.java:buildContainerSet(300)) - Build ContainerSet costs 0s
2022-10-09 13:07:07,774 [Listener at 127.0.0.1/33359] INFO  server.RaftServer (ConfUtils.java:logGet(46)) - raft.rpc.type = GRPC (default)
2022-10-09 13:07:07,775 [Listener at 127.0.0.1/33359] INFO  grpc.GrpcFactory (GrpcFactory.java:checkPooledByteBufAllocatorUseCacheForAllThreads(48)) - PERFORMANCE WARNING: useCacheForAllThreads is true that may cause Netty to create a lot garbage objects and, as a result, trigger GC.
	It is recommended to disable useCacheForAllThreads by setting -Dorg.apache.ratis.thirdparty.io.netty.allocator.useCacheForAllThreads=false in command line.
2022-10-09 13:07:07,775 [Listener at 127.0.0.1/33359] INFO  grpc.GrpcConfigKeys (ConfUtils.java:logGet(46)) - raft.grpc.admin.port = 0 (custom)
2022-10-09 13:07:07,775 [Listener at 127.0.0.1/33359] INFO  grpc.GrpcConfigKeys (ConfUtils.java:logGet(46)) - raft.grpc.client.port = 0 (custom)
2022-10-09 13:07:07,775 [Listener at 127.0.0.1/33359] INFO  grpc.GrpcConfigKeys (ConfUtils.java:logGet(46)) - raft.grpc.server.port = 0 (default)
2022-10-09 13:07:07,775 [Listener at 127.0.0.1/33359] INFO  server.GrpcService (ConfUtils.java:logGet(46)) - raft.grpc.message.size.max = 32MB (=33554432) (custom)
2022-10-09 13:07:07,775 [Listener at 127.0.0.1/33359] INFO  server.RaftServerConfigKeys (ConfUtils.java:logGet(46)) - raft.server.log.appender.buffer.byte-limit = 33554432 (custom)
2022-10-09 13:07:07,775 [Listener at 127.0.0.1/33359] INFO  server.GrpcService (ConfUtils.java:logGet(46)) - raft.grpc.flow.control.window = 5MB (=5242880) (custom)
2022-10-09 13:07:07,775 [Listener at 127.0.0.1/33359] INFO  server.RaftServerConfigKeys (ConfUtils.java:logGet(46)) - raft.server.rpc.request.timeout = 60s (custom)
2022-10-09 13:07:07,775 [Listener at 127.0.0.1/33359] INFO  grpc.GrpcConfigKeys (ConfUtils.java:logGet(46)) - raft.grpc.server.async.request.thread.pool.cached = true (default)
2022-10-09 13:07:07,776 [Listener at 127.0.0.1/33359] INFO  grpc.GrpcConfigKeys (ConfUtils.java:logGet(46)) - raft.grpc.server.async.request.thread.pool.size = 32 (default)
2022-10-09 13:07:07,779 [Listener at 127.0.0.1/33359] INFO  impl.DataStreamServerImpl (ConfUtils.java:logGet(46)) - raft.datastream.type = DISABLED (default)
2022-10-09 13:07:07,779 [Listener at 127.0.0.1/33359] INFO  server.RaftServerConfigKeys (ConfUtils.java:logGet(46)) - raft.server.threadpool.proxy.cached = true (default)
2022-10-09 13:07:07,779 [Listener at 127.0.0.1/33359] INFO  server.RaftServerConfigKeys (ConfUtils.java:logGet(46)) - raft.server.threadpool.proxy.size = 0 (default)
2022-10-09 13:07:07,779 [Listener at 127.0.0.1/33359] INFO  server.RaftServerConfigKeys (ConfUtils.java:logGet(46)) - raft.server.rpc.slowness.timeout = 300s (custom)
2022-10-09 13:07:07,779 [Listener at 127.0.0.1/33359] INFO  server.RaftServerConfigKeys (ConfUtils.java:logGet(46)) - raft.server.leaderelection.leader.step-down.wait-time = 10s (default)
2022-10-09 13:07:07,779 [Listener at 127.0.0.1/33359] INFO  server.RaftServerConfigKeys (ConfUtils.java:logGet(46)) - raft.server.storage.dir = [/home/runner/work/ozone/ozone/hadoop-ozone/integration-test/target/test-dir/MiniOzoneClusterImpl-9128138f-083a-4137-a9cb-d58212e00964/datanode-4/data/ratis] (custom)
2022-10-09 13:07:07,781 [Listener at 127.0.0.1/33359] INFO  server.XceiverServerGrpc (XceiverServerGrpc.java:<init>(132)) - GrpcServer channel type EpollServerSocketChannel
2022-10-09 13:07:07,783 [Listener at 127.0.0.1/33359] INFO  http.BaseHttpServer (BaseHttpServer.java:newHttpServer2BuilderForOzone(213)) - Starting Web-server for hddsDatanode at: http://0.0.0.0:0
2022-10-09 13:07:07,783 [Listener at 127.0.0.1/33359] INFO  http.BaseHttpServer (BaseHttpServer.java:<init>(108)) - Hadoop Security Enabled: false Ozone Security Enabled: false Ozone HTTP Security Enabled: false 
2022-10-09 13:07:07,786 [Listener at 127.0.0.1/33359] INFO  server.AuthenticationFilter (AuthenticationFilter.java:constructSecretProvider(240)) - Unable to initialize FileSignerSecretProvider, falling back to use random secrets.
2022-10-09 13:07:07,799 [EndpointStateMachine task thread for /0.0.0.0:45391 - 0 ] INFO  volume.HddsVolume (HddsVolume.java:createDbStore(307)) - SchemaV3 db is created and loaded at /home/runner/work/ozone/ozone/hadoop-ozone/integration-test/target/test-dir/MiniOzoneClusterImpl-9128138f-083a-4137-a9cb-d58212e00964/datanode-1/data-0/containers/hdds/9128138f-083a-4137-a9cb-d58212e00964/DS-29bad1eb-8e65-4152-bf58-4ce983751395/container.db for volume DS-29bad1eb-8e65-4152-bf58-4ce983751395
2022-10-09 13:07:07,810 [Listener at 127.0.0.1/33359] WARN  http.HttpRequestLog (HttpRequestLog.java:getRequestLog(103)) - Jetty request log can only be enabled using Log4j
2022-10-09 13:07:07,811 [Listener at 127.0.0.1/33359] INFO  http.HttpServer2 (HttpServer2.java:addGlobalFilter(1031)) - Added global filter 'safety' (class=org.apache.hadoop.hdds.server.http.HttpServer2$QuotingInputFilter)
2022-10-09 13:07:07,811 [Listener at 127.0.0.1/33359] INFO  http.HttpServer2 (HttpServer2.java:addFilter(1007)) - Added filter static_user_filter (class=org.apache.hadoop.http.lib.StaticUserWebFilter$StaticUserFilter) to context hddsDatanode
2022-10-09 13:07:07,811 [Listener at 127.0.0.1/33359] INFO  http.HttpServer2 (HttpServer2.java:addFilter(1015)) - Added filter static_user_filter (class=org.apache.hadoop.http.lib.StaticUserWebFilter$StaticUserFilter) to context static
2022-10-09 13:07:07,812 [Listener at 127.0.0.1/33359] INFO  http.HttpServer2 (HttpServer2.java:addFilter(1015)) - Added filter static_user_filter (class=org.apache.hadoop.http.lib.StaticUserWebFilter$StaticUserFilter) to context logs
2022-10-09 13:07:07,813 [EndpointStateMachine task thread for /0.0.0.0:45391 - 0 ] INFO  volume.HddsVolume (HddsVolume.java:closeDbStore(338)) - SchemaV3 db is stopped at /home/runner/work/ozone/ozone/hadoop-ozone/integration-test/target/test-dir/MiniOzoneClusterImpl-9128138f-083a-4137-a9cb-d58212e00964/datanode-1/data-0/containers/hdds/9128138f-083a-4137-a9cb-d58212e00964/DS-29bad1eb-8e65-4152-bf58-4ce983751395/container.db for volume DS-29bad1eb-8e65-4152-bf58-4ce983751395
2022-10-09 13:07:07,813 [EndpointStateMachine task thread for /0.0.0.0:45391 - 0 ] INFO  ozoneimpl.OzoneContainer (OzoneContainer.java:start(378)) - Attempting to start container services.
2022-10-09 13:07:07,813 [EndpointStateMachine task thread for /0.0.0.0:45391 - 0 ] INFO  ozoneimpl.OzoneContainer (OzoneContainer.java:startContainerScrub(313)) - Background container scanner has been disabled.
2022-10-09 13:07:07,842 [EndpointStateMachine task thread for /0.0.0.0:45391 - 0 ] INFO  replication.ReplicationServer (ReplicationServer.java:start(111)) - ReplicationServer is started using port 43057
2022-10-09 13:07:07,845 [EndpointStateMachine task thread for /0.0.0.0:45391 - 0 ] INFO  ratis.XceiverServerRatis (XceiverServerRatis.java:start(481)) - Starting XceiverServerRatis 55b9ea12-5ed0-4563-9b80-74e62ded3c41
2022-10-09 13:07:07,865 [EndpointStateMachine task thread for /0.0.0.0:45391 - 0 ] INFO  server.RaftServer (RaftServerProxy.java:lambda$start$6(382)) - 55b9ea12-5ed0-4563-9b80-74e62ded3c41: start RPC server
2022-10-09 13:07:07,884 [Listener at 127.0.0.1/33359] INFO  http.HttpServer2 (HttpServer2.java:bindListener(1250)) - Jetty bound to port 35233
2022-10-09 13:07:07,884 [Listener at 127.0.0.1/33359] INFO  server.Server (Server.java:doStart(375)) - jetty-9.4.43.v20210629; built: 2021-06-30T11:07:22.254Z; git: 526006ecfa3af7f1a27ef3a288e2bef7ea9dd7e8; jvm 1.8.0_345-b01
2022-10-09 13:07:07,898 [Listener at 127.0.0.1/33359] INFO  server.session (DefaultSessionIdManager.java:doStart(334)) - DefaultSessionIdManager workerName=node0
2022-10-09 13:07:07,898 [Listener at 127.0.0.1/33359] INFO  server.session (DefaultSessionIdManager.java:doStart(339)) - No SessionScavenger set, using defaults
2022-10-09 13:07:07,899 [Listener at 127.0.0.1/33359] INFO  server.session (HouseKeeper.java:startScavenging(132)) - node0 Scavenging every 660000ms
2022-10-09 13:07:07,899 [Listener at 127.0.0.1/33359] INFO  handler.ContextHandler (ContextHandler.java:doStart(915)) - Started o.e.j.s.ServletContextHandler@2b57c338{logs,/logs,file:///home/runner/work/ozone/ozone/hadoop-ozone/integration-test/target/log,AVAILABLE}
2022-10-09 13:07:07,899 [Listener at 127.0.0.1/33359] INFO  handler.ContextHandler (ContextHandler.java:doStart(915)) - Started o.e.j.s.ServletContextHandler@f67351d{static,/static,jar:file:/home/runner/.m2/repository/org/apache/ozone/hdds-container-service/1.3.0-SNAPSHOT/hdds-container-service-1.3.0-SNAPSHOT.jar!/webapps/static,AVAILABLE}
2022-10-09 13:07:07,908 [EndpointStateMachine task thread for /0.0.0.0:45391 - 0 ] INFO  server.GrpcService (GrpcService.java:startImpl(260)) - 55b9ea12-5ed0-4563-9b80-74e62ded3c41: GrpcService started, listening on 45387
2022-10-09 13:07:07,912 [EndpointStateMachine task thread for /0.0.0.0:45391 - 0 ] INFO  ratis.XceiverServerRatis (XceiverServerRatis.java:getRealPort(502)) - XceiverServerRatis 55b9ea12-5ed0-4563-9b80-74e62ded3c41 is started using port 45387 for RATIS
2022-10-09 13:07:07,912 [EndpointStateMachine task thread for /0.0.0.0:45391 - 0 ] INFO  ratis.XceiverServerRatis (XceiverServerRatis.java:getRealPort(502)) - XceiverServerRatis 55b9ea12-5ed0-4563-9b80-74e62ded3c41 is started using port 45387 for RATIS_ADMIN
2022-10-09 13:07:07,912 [EndpointStateMachine task thread for /0.0.0.0:45391 - 0 ] INFO  ratis.XceiverServerRatis (XceiverServerRatis.java:getRealPort(502)) - XceiverServerRatis 55b9ea12-5ed0-4563-9b80-74e62ded3c41 is started using port 45387 for RATIS_SERVER
2022-10-09 13:07:07,912 [org.apache.ratis.util.JvmPauseMonitor$$Lambda$636/1153107596@287a63c8] INFO  util.JvmPauseMonitor (JvmPauseMonitor.java:run(103)) - JvmPauseMonitor-55b9ea12-5ed0-4563-9b80-74e62ded3c41: Started
2022-10-09 13:07:07,964 [EndpointStateMachine task thread for /0.0.0.0:45391 - 0 ] INFO  server.XceiverServerGrpc (XceiverServerGrpc.java:start(180)) - XceiverServerGrpc 55b9ea12-5ed0-4563-9b80-74e62ded3c41 is started using port 38317
2022-10-09 13:07:08,353 [Listener at 127.0.0.1/33359] INFO  handler.ContextHandler (ContextHandler.java:doStart(915)) - Started o.e.j.w.WebAppContext@27342c75{hddsDatanode,/,file:///tmp/jetty-0_0_0_0-35233-hdds-container-service-1_3_0-SNAPSHOT_jar-_-any-2305163137643991162/webapp/,AVAILABLE}{jar:file:/home/runner/.m2/repository/org/apache/ozone/hdds-container-service/1.3.0-SNAPSHOT/hdds-container-service-1.3.0-SNAPSHOT.jar!/webapps/hddsDatanode}
2022-10-09 13:07:08,391 [Listener at 127.0.0.1/33359] INFO  server.AbstractConnector (AbstractConnector.java:doStart(331)) - Started ServerConnector@43a66a6b{HTTP/1.1, (http/1.1)}{0.0.0.0:35233}
2022-10-09 13:07:08,391 [Listener at 127.0.0.1/33359] INFO  server.Server (Server.java:doStart(415)) - Started @205799ms
2022-10-09 13:07:08,391 [Listener at 127.0.0.1/33359] WARN  impl.MetricsSystemImpl (MetricsSystemImpl.java:register(279)) - Sink prometheus already exists!
2022-10-09 13:07:08,392 [Listener at 127.0.0.1/33359] INFO  http.BaseHttpServer (BaseHttpServer.java:updateConnectorAddress(333)) - HTTP server of hddsDatanode listening at http://0.0.0.0:35233
2022-10-09 13:07:08,394 [Listener at 127.0.0.1/33359] INFO  ozone.MiniOzoneClusterImpl (MiniOzoneClusterImpl.java:lambda$waitForClusterToBeReady$0(216)) - Waiting for nodes to be ready. Got 0 of 5 DN Heartbeats.
2022-10-09 13:07:08,394 [Listener at 127.0.0.1/33359] INFO  ozone.MiniOzoneClusterImpl (MiniOzoneClusterImpl.java:lambda$waitForClusterToBeReady$0(219)) - Waiting for cluster to exit safe mode
2022-10-09 13:07:08,394 [Listener at 127.0.0.1/33359] INFO  ozone.MiniOzoneClusterImpl (MiniOzoneClusterImpl.java:lambda$waitForClusterToBeReady$0(221)) - SCM became leader
2022-10-09 13:07:08,397 [Datanode State Machine Daemon Thread] INFO  statemachine.DatanodeStateMachine (DatanodeStateMachine.java:lambda$startDaemon$0(492)) - Ozone container server started.
2022-10-09 13:07:08,476 [EndpointStateMachine task thread for /0.0.0.0:45391 - 0 ] INFO  volume.HddsVolume (HddsVolume.java:createDbStore(307)) - SchemaV3 db is created and loaded at /home/runner/work/ozone/ozone/hadoop-ozone/integration-test/target/test-dir/MiniOzoneClusterImpl-9128138f-083a-4137-a9cb-d58212e00964/datanode-2/data-0/containers/hdds/9128138f-083a-4137-a9cb-d58212e00964/DS-3df27647-e9ff-4414-b124-b4ff80f6af60/container.db for volume DS-3df27647-e9ff-4414-b124-b4ff80f6af60
2022-10-09 13:07:08,477 [EndpointStateMachine task thread for /0.0.0.0:45391 - 0 ] INFO  volume.HddsVolume (HddsVolume.java:closeDbStore(338)) - SchemaV3 db is stopped at /home/runner/work/ozone/ozone/hadoop-ozone/integration-test/target/test-dir/MiniOzoneClusterImpl-9128138f-083a-4137-a9cb-d58212e00964/datanode-2/data-0/containers/hdds/9128138f-083a-4137-a9cb-d58212e00964/DS-3df27647-e9ff-4414-b124-b4ff80f6af60/container.db for volume DS-3df27647-e9ff-4414-b124-b4ff80f6af60
2022-10-09 13:07:08,477 [EndpointStateMachine task thread for /0.0.0.0:45391 - 0 ] INFO  ozoneimpl.OzoneContainer (OzoneContainer.java:start(378)) - Attempting to start container services.
2022-10-09 13:07:08,477 [EndpointStateMachine task thread for /0.0.0.0:45391 - 0 ] INFO  ozoneimpl.OzoneContainer (OzoneContainer.java:startContainerScrub(313)) - Background container scanner has been disabled.
2022-10-09 13:07:08,504 [org.apache.hadoop.util.JvmPauseMonitor$Monitor@29809a04] INFO  util.JvmPauseMonitor (JvmPauseMonitor.java:run(188)) - Starting JVM pause monitor
2022-10-09 13:07:08,524 [EndpointStateMachine task thread for /0.0.0.0:45391 - 0 ] INFO  replication.ReplicationServer (ReplicationServer.java:start(111)) - ReplicationServer is started using port 41515
2022-10-09 13:07:08,524 [Datanode State Machine Task Thread - 0] INFO  datanode.InitDatanodeState (InitDatanodeState.java:persistContainerDatanodeDetails(138)) - DatanodeDetails is persisted to /home/runner/work/ozone/ozone/hadoop-ozone/integration-test/target/test-dir/MiniOzoneClusterImpl-9128138f-083a-4137-a9cb-d58212e00964/datanode-4/meta/datanode.id
2022-10-09 13:07:08,525 [EndpointStateMachine task thread for /0.0.0.0:45391 - 0 ] INFO  ratis.XceiverServerRatis (XceiverServerRatis.java:start(481)) - Starting XceiverServerRatis d46e0485-2442-4c5a-ac53-f23987407338
2022-10-09 13:07:08,532 [EndpointStateMachine task thread for /0.0.0.0:45391 - 0 ] INFO  server.RaftServer (RaftServerProxy.java:lambda$start$6(382)) - d46e0485-2442-4c5a-ac53-f23987407338: start RPC server
2022-10-09 13:07:08,552 [EndpointStateMachine task thread for /0.0.0.0:45391 - 0 ] INFO  server.GrpcService (GrpcService.java:startImpl(260)) - d46e0485-2442-4c5a-ac53-f23987407338: GrpcService started, listening on 36777
2022-10-09 13:07:08,552 [EndpointStateMachine task thread for /0.0.0.0:45391 - 0 ] INFO  ratis.XceiverServerRatis (XceiverServerRatis.java:getRealPort(502)) - XceiverServerRatis d46e0485-2442-4c5a-ac53-f23987407338 is started using port 36777 for RATIS
2022-10-09 13:07:08,553 [EndpointStateMachine task thread for /0.0.0.0:45391 - 0 ] INFO  ratis.XceiverServerRatis (XceiverServerRatis.java:getRealPort(502)) - XceiverServerRatis d46e0485-2442-4c5a-ac53-f23987407338 is started using port 36777 for RATIS_ADMIN
2022-10-09 13:07:08,553 [EndpointStateMachine task thread for /0.0.0.0:45391 - 0 ] INFO  ratis.XceiverServerRatis (XceiverServerRatis.java:getRealPort(502)) - XceiverServerRatis d46e0485-2442-4c5a-ac53-f23987407338 is started using port 36777 for RATIS_SERVER
2022-10-09 13:07:08,553 [org.apache.ratis.util.JvmPauseMonitor$$Lambda$636/1153107596@77fc0561] INFO  util.JvmPauseMonitor (JvmPauseMonitor.java:run(103)) - JvmPauseMonitor-d46e0485-2442-4c5a-ac53-f23987407338: Started
2022-10-09 13:07:08,605 [EndpointStateMachine task thread for /0.0.0.0:45391 - 0 ] INFO  server.XceiverServerGrpc (XceiverServerGrpc.java:start(180)) - XceiverServerGrpc d46e0485-2442-4c5a-ac53-f23987407338 is started using port 45043
2022-10-09 13:07:08,952 [IPC Server handler 3 on default port 45391] INFO  net.NetworkTopologyImpl (NetworkTopologyImpl.java:add(112)) - Added a new node: /default-rack/c6dbff45-d07e-454c-8dcf-e2e002008729
2022-10-09 13:07:08,953 [IPC Server handler 3 on default port 45391] INFO  node.SCMNodeManager (SCMNodeManager.java:register(397)) - Registered Data node : c6dbff45-d07e-454c-8dcf-e2e002008729{ip: 10.1.0.209, host: fv-az212-628.zlodpucb4l4udavnfxg5s20dva.cx.internal.cloudapp.net, ports: [REPLICATION=35129, RATIS=38729, RATIS_ADMIN=38729, RATIS_SERVER=38729, STANDALONE=41599], networkLocation: /default-rack, certSerialId: null, persistedOpState: null, persistedOpStateExpiryEpochSec: 0}
2022-10-09 13:07:08,959 [EventQueue-NodeRegistrationContainerReportForDataNodeSafeModeRule] INFO  safemode.SCMSafeModeManager (DataNodeSafeModeRule.java:process(71)) - SCM in safe mode. 1 DataNodes registered, 3 required.
2022-10-09 13:07:08,960 [EventQueue-NodeRegistrationContainerReportForContainerSafeModeRule] INFO  safemode.SCMSafeModeManager (SCMSafeModeManager.java:validateSafeModeExitRules(204)) - ContainerSafeModeRule rule is successfully validated
2022-10-09 13:07:08,980 [EventQueue-PipelineReportForOneReplicaPipelineSafeModeRule] INFO  safemode.SCMSafeModeManager (SCMSafeModeManager.java:validateSafeModeExitRules(204)) - AtleastOneDatanodeReportedRule rule is successfully validated
2022-10-09 13:07:08,980 [EventQueue-NewNodeForNewNodeHandler] INFO  pipeline.BackgroundPipelineCreator (BackgroundPipelineCreator.java:notifyEventTriggered(276)) - trigger a one-shot run on RatisPipelineUtilsThread.
2022-10-09 13:07:08,986 [RatisPipelineUtilsThread - 0] INFO  pipeline.RatisPipelineProvider (RatisPipelineProvider.java:lambda$create$0(195)) - Sending CreatePipelineCommand for pipeline:PipelineID=023ee109-e334-4f66-9b72-158863fa72ff to datanode:c6dbff45-d07e-454c-8dcf-e2e002008729
2022-10-09 13:07:08,992 [RatisPipelineUtilsThread - 0] INFO  pipeline.PipelineStateManagerImpl (PipelineStateManagerImpl.java:addPipeline(103)) - Created pipeline Pipeline[ Id: 023ee109-e334-4f66-9b72-158863fa72ff, Nodes: c6dbff45-d07e-454c-8dcf-e2e002008729{ip: 10.1.0.209, host: fv-az212-628.zlodpucb4l4udavnfxg5s20dva.cx.internal.cloudapp.net, ports: [REPLICATION=35129, RATIS=38729, RATIS_ADMIN=38729, RATIS_SERVER=38729, STANDALONE=41599], networkLocation: /default-rack, certSerialId: null, persistedOpState: IN_SERVICE, persistedOpStateExpiryEpochSec: 0}, ReplicationConfig: RATIS/ONE, State:ALLOCATED, leaderId:, CreationTimestamp2022-10-09T13:07:08.986Z[Etc/UTC]].
2022-10-09 13:07:09,394 [Listener at 127.0.0.1/33359] INFO  ozone.MiniOzoneClusterImpl (MiniOzoneClusterImpl.java:lambda$waitForClusterToBeReady$0(216)) - Waiting for nodes to be ready. Got 1 of 5 DN Heartbeats.
2022-10-09 13:07:09,395 [Listener at 127.0.0.1/33359] INFO  ozone.MiniOzoneClusterImpl (MiniOzoneClusterImpl.java:lambda$waitForClusterToBeReady$0(219)) - Waiting for cluster to exit safe mode
2022-10-09 13:07:09,395 [Listener at 127.0.0.1/33359] INFO  ozone.MiniOzoneClusterImpl (MiniOzoneClusterImpl.java:lambda$waitForClusterToBeReady$0(221)) - SCM became leader
2022-10-09 13:07:09,598 [EndpointStateMachine task thread for /0.0.0.0:45391 - 0 ] INFO  volume.HddsVolume (HddsVolume.java:createDbStore(307)) - SchemaV3 db is created and loaded at /home/runner/work/ozone/ozone/hadoop-ozone/integration-test/target/test-dir/MiniOzoneClusterImpl-9128138f-083a-4137-a9cb-d58212e00964/datanode-3/data-0/containers/hdds/9128138f-083a-4137-a9cb-d58212e00964/DS-b5d49813-fe71-40ea-8b0d-5aee8c55adeb/container.db for volume DS-b5d49813-fe71-40ea-8b0d-5aee8c55adeb
2022-10-09 13:07:09,608 [EndpointStateMachine task thread for /0.0.0.0:45391 - 0 ] INFO  volume.HddsVolume (HddsVolume.java:closeDbStore(338)) - SchemaV3 db is stopped at /home/runner/work/ozone/ozone/hadoop-ozone/integration-test/target/test-dir/MiniOzoneClusterImpl-9128138f-083a-4137-a9cb-d58212e00964/datanode-3/data-0/containers/hdds/9128138f-083a-4137-a9cb-d58212e00964/DS-b5d49813-fe71-40ea-8b0d-5aee8c55adeb/container.db for volume DS-b5d49813-fe71-40ea-8b0d-5aee8c55adeb
2022-10-09 13:07:09,608 [EndpointStateMachine task thread for /0.0.0.0:45391 - 0 ] INFO  ozoneimpl.OzoneContainer (OzoneContainer.java:start(378)) - Attempting to start container services.
2022-10-09 13:07:09,608 [EndpointStateMachine task thread for /0.0.0.0:45391 - 0 ] INFO  ozoneimpl.OzoneContainer (OzoneContainer.java:startContainerScrub(313)) - Background container scanner has been disabled.
2022-10-09 13:07:09,631 [EndpointStateMachine task thread for /0.0.0.0:45391 - 0 ] INFO  replication.ReplicationServer (ReplicationServer.java:start(111)) - ReplicationServer is started using port 39993
2022-10-09 13:07:09,649 [EndpointStateMachine task thread for /0.0.0.0:45391 - 0 ] INFO  ratis.XceiverServerRatis (XceiverServerRatis.java:start(481)) - Starting XceiverServerRatis a9de90a3-d1cd-4e8a-97f8-3dbad3d6a22f
2022-10-09 13:07:09,668 [EndpointStateMachine task thread for /0.0.0.0:45391 - 0 ] INFO  server.RaftServer (RaftServerProxy.java:lambda$start$6(382)) - a9de90a3-d1cd-4e8a-97f8-3dbad3d6a22f: start RPC server
2022-10-09 13:07:09,671 [IPC Server handler 7 on default port 45391] INFO  net.NetworkTopologyImpl (NetworkTopologyImpl.java:add(112)) - Added a new node: /default-rack/55b9ea12-5ed0-4563-9b80-74e62ded3c41
2022-10-09 13:07:09,671 [IPC Server handler 7 on default port 45391] INFO  node.SCMNodeManager (SCMNodeManager.java:register(397)) - Registered Data node : 55b9ea12-5ed0-4563-9b80-74e62ded3c41{ip: 10.1.0.209, host: fv-az212-628.zlodpucb4l4udavnfxg5s20dva.cx.internal.cloudapp.net, ports: [REPLICATION=43057, RATIS=45387, RATIS_ADMIN=45387, RATIS_SERVER=45387, STANDALONE=38317], networkLocation: /default-rack, certSerialId: null, persistedOpState: null, persistedOpStateExpiryEpochSec: 0}
2022-10-09 13:07:09,672 [EventQueue-NewNodeForNewNodeHandler] INFO  pipeline.BackgroundPipelineCreator (BackgroundPipelineCreator.java:notifyEventTriggered(276)) - trigger a one-shot run on RatisPipelineUtilsThread.
2022-10-09 13:07:09,672 [EventQueue-NodeRegistrationContainerReportForDataNodeSafeModeRule] INFO  safemode.SCMSafeModeManager (DataNodeSafeModeRule.java:process(71)) - SCM in safe mode. 2 DataNodes registered, 3 required.
2022-10-09 13:07:09,689 [RatisPipelineUtilsThread - 0] INFO  pipeline.RatisPipelineProvider (RatisPipelineProvider.java:lambda$create$0(195)) - Sending CreatePipelineCommand for pipeline:PipelineID=d861d049-ca8a-4897-8a28-e651138cdc30 to datanode:55b9ea12-5ed0-4563-9b80-74e62ded3c41
2022-10-09 13:07:09,689 [RatisPipelineUtilsThread - 0] INFO  pipeline.PipelineStateManagerImpl (PipelineStateManagerImpl.java:addPipeline(103)) - Created pipeline Pipeline[ Id: d861d049-ca8a-4897-8a28-e651138cdc30, Nodes: 55b9ea12-5ed0-4563-9b80-74e62ded3c41{ip: 10.1.0.209, host: fv-az212-628.zlodpucb4l4udavnfxg5s20dva.cx.internal.cloudapp.net, ports: [REPLICATION=43057, RATIS=45387, RATIS_ADMIN=45387, RATIS_SERVER=45387, STANDALONE=38317], networkLocation: /default-rack, certSerialId: null, persistedOpState: IN_SERVICE, persistedOpStateExpiryEpochSec: 0}, ReplicationConfig: RATIS/ONE, State:ALLOCATED, leaderId:, CreationTimestamp2022-10-09T13:07:09.689Z[Etc/UTC]].
2022-10-09 13:07:09,692 [EndpointStateMachine task thread for /0.0.0.0:45391 - 0 ] INFO  server.GrpcService (GrpcService.java:startImpl(260)) - a9de90a3-d1cd-4e8a-97f8-3dbad3d6a22f: GrpcService started, listening on 35441
2022-10-09 13:07:09,693 [EndpointStateMachine task thread for /0.0.0.0:45391 - 0 ] INFO  ratis.XceiverServerRatis (XceiverServerRatis.java:getRealPort(502)) - XceiverServerRatis a9de90a3-d1cd-4e8a-97f8-3dbad3d6a22f is started using port 35441 for RATIS
2022-10-09 13:07:09,693 [EndpointStateMachine task thread for /0.0.0.0:45391 - 0 ] INFO  ratis.XceiverServerRatis (XceiverServerRatis.java:getRealPort(502)) - XceiverServerRatis a9de90a3-d1cd-4e8a-97f8-3dbad3d6a22f is started using port 35441 for RATIS_ADMIN
2022-10-09 13:07:09,693 [EndpointStateMachine task thread for /0.0.0.0:45391 - 0 ] INFO  ratis.XceiverServerRatis (XceiverServerRatis.java:getRealPort(502)) - XceiverServerRatis a9de90a3-d1cd-4e8a-97f8-3dbad3d6a22f is started using port 35441 for RATIS_SERVER
2022-10-09 13:07:09,693 [org.apache.ratis.util.JvmPauseMonitor$$Lambda$636/1153107596@1d6147ec] INFO  util.JvmPauseMonitor (JvmPauseMonitor.java:run(103)) - JvmPauseMonitor-a9de90a3-d1cd-4e8a-97f8-3dbad3d6a22f: Started
2022-10-09 13:07:09,710 [EndpointStateMachine task thread for /0.0.0.0:45391 - 0 ] INFO  server.XceiverServerGrpc (XceiverServerGrpc.java:start(180)) - XceiverServerGrpc a9de90a3-d1cd-4e8a-97f8-3dbad3d6a22f is started using port 35451
2022-10-09 13:07:10,233 [IPC Server handler 14 on default port 45391] INFO  net.NetworkTopologyImpl (NetworkTopologyImpl.java:add(112)) - Added a new node: /default-rack/d46e0485-2442-4c5a-ac53-f23987407338
2022-10-09 13:07:10,234 [IPC Server handler 14 on default port 45391] INFO  node.SCMNodeManager (SCMNodeManager.java:register(397)) - Registered Data node : d46e0485-2442-4c5a-ac53-f23987407338{ip: 10.1.0.209, host: fv-az212-628.zlodpucb4l4udavnfxg5s20dva.cx.internal.cloudapp.net, ports: [REPLICATION=41515, RATIS=36777, RATIS_ADMIN=36777, RATIS_SERVER=36777, STANDALONE=45043], networkLocation: /default-rack, certSerialId: null, persistedOpState: null, persistedOpStateExpiryEpochSec: 0}
2022-10-09 13:07:10,234 [EventQueue-NewNodeForNewNodeHandler] INFO  pipeline.BackgroundPipelineCreator (BackgroundPipelineCreator.java:notifyEventTriggered(276)) - trigger a one-shot run on RatisPipelineUtilsThread.
2022-10-09 13:07:10,248 [RatisPipelineUtilsThread - 0] INFO  pipeline.RatisPipelineProvider (RatisPipelineProvider.java:lambda$create$0(195)) - Sending CreatePipelineCommand for pipeline:PipelineID=513409fa-d2e6-4109-84e1-8603f17982ec to datanode:d46e0485-2442-4c5a-ac53-f23987407338
2022-10-09 13:07:10,248 [EventQueue-NodeRegistrationContainerReportForDataNodeSafeModeRule] INFO  safemode.SCMSafeModeManager (DataNodeSafeModeRule.java:process(71)) - SCM in safe mode. 3 DataNodes registered, 3 required.
2022-10-09 13:07:10,248 [EventQueue-NodeRegistrationContainerReportForDataNodeSafeModeRule] INFO  safemode.SCMSafeModeManager (SCMSafeModeManager.java:validateSafeModeExitRules(204)) - DataNodeSafeModeRule rule is successfully validated
2022-10-09 13:07:10,248 [EventQueue-NodeRegistrationContainerReportForDataNodeSafeModeRule] INFO  safemode.SCMSafeModeManager (SCMSafeModeManager.java:completePreCheck(233)) - All SCM safe mode pre check rules have passed
2022-10-09 13:07:10,248 [EventQueue-NodeRegistrationContainerReportForDataNodeSafeModeRule] WARN  events.EventQueue (EventQueue.java:fireEvent(216)) - No event handler registered for event TypedEvent{payloadType=SafeModeStatus, name='Safe mode status'}
2022-10-09 13:07:10,248 [EventQueue-NodeRegistrationContainerReportForDataNodeSafeModeRule] INFO  ha.SCMContext (SCMContext.java:updateSafeModeStatus(228)) - Update SafeModeStatus from SafeModeStatus{safeModeStatus=true, preCheckPassed=false} to SafeModeStatus{safeModeStatus=true, preCheckPassed=true}.
2022-10-09 13:07:10,249 [EventQueue-NodeRegistrationContainerReportForDataNodeSafeModeRule] INFO  pipeline.BackgroundPipelineCreator (BackgroundPipelineCreator.java:notifyEventTriggered(276)) - trigger a one-shot run on RatisPipelineUtilsThread.
2022-10-09 13:07:10,249 [RatisPipelineUtilsThread - 0] INFO  pipeline.PipelineStateManagerImpl (PipelineStateManagerImpl.java:addPipeline(103)) - Created pipeline Pipeline[ Id: 513409fa-d2e6-4109-84e1-8603f17982ec, Nodes: d46e0485-2442-4c5a-ac53-f23987407338{ip: 10.1.0.209, host: fv-az212-628.zlodpucb4l4udavnfxg5s20dva.cx.internal.cloudapp.net, ports: [REPLICATION=41515, RATIS=36777, RATIS_ADMIN=36777, RATIS_SERVER=36777, STANDALONE=45043], networkLocation: /default-rack, certSerialId: null, persistedOpState: IN_SERVICE, persistedOpStateExpiryEpochSec: 0}, ReplicationConfig: RATIS/ONE, State:ALLOCATED, leaderId:, CreationTimestamp2022-10-09T13:07:10.248Z[Etc/UTC]].
2022-10-09 13:07:10,249 [RatisPipelineUtilsThread - 0] INFO  pipeline.RatisPipelineProvider (RatisPipelineProvider.java:lambda$create$0(195)) - Sending CreatePipelineCommand for pipeline:PipelineID=f6e5e969-f68d-49c5-977a-4461322e6c07 to datanode:c6dbff45-d07e-454c-8dcf-e2e002008729
2022-10-09 13:07:10,249 [RatisPipelineUtilsThread - 0] INFO  pipeline.RatisPipelineProvider (RatisPipelineProvider.java:lambda$create$0(195)) - Sending CreatePipelineCommand for pipeline:PipelineID=f6e5e969-f68d-49c5-977a-4461322e6c07 to datanode:55b9ea12-5ed0-4563-9b80-74e62ded3c41
2022-10-09 13:07:10,249 [RatisPipelineUtilsThread - 0] INFO  pipeline.RatisPipelineProvider (RatisPipelineProvider.java:lambda$create$0(195)) - Sending CreatePipelineCommand for pipeline:PipelineID=f6e5e969-f68d-49c5-977a-4461322e6c07 to datanode:d46e0485-2442-4c5a-ac53-f23987407338
2022-10-09 13:07:10,249 [RatisPipelineUtilsThread - 0] INFO  pipeline.PipelineStateManagerImpl (PipelineStateManagerImpl.java:addPipeline(103)) - Created pipeline Pipeline[ Id: f6e5e969-f68d-49c5-977a-4461322e6c07, Nodes: c6dbff45-d07e-454c-8dcf-e2e002008729{ip: 10.1.0.209, host: fv-az212-628.zlodpucb4l4udavnfxg5s20dva.cx.internal.cloudapp.net, ports: [REPLICATION=35129, RATIS=38729, RATIS_ADMIN=38729, RATIS_SERVER=38729, STANDALONE=41599], networkLocation: /default-rack, certSerialId: null, persistedOpState: IN_SERVICE, persistedOpStateExpiryEpochSec: 0}55b9ea12-5ed0-4563-9b80-74e62ded3c41{ip: 10.1.0.209, host: fv-az212-628.zlodpucb4l4udavnfxg5s20dva.cx.internal.cloudapp.net, ports: [REPLICATION=43057, RATIS=45387, RATIS_ADMIN=45387, RATIS_SERVER=45387, STANDALONE=38317], networkLocation: /default-rack, certSerialId: null, persistedOpState: IN_SERVICE, persistedOpStateExpiryEpochSec: 0}d46e0485-2442-4c5a-ac53-f23987407338{ip: 10.1.0.209, host: fv-az212-628.zlodpucb4l4udavnfxg5s20dva.cx.internal.cloudapp.net, ports: [REPLICATION=41515, RATIS=36777, RATIS_ADMIN=36777, RATIS_SERVER=36777, STANDALONE=45043], networkLocation: /default-rack, certSerialId: null, persistedOpState: IN_SERVICE, persistedOpStateExpiryEpochSec: 0}, ReplicationConfig: RATIS/THREE, State:ALLOCATED, leaderId:, CreationTimestamp2022-10-09T13:07:10.249Z[Etc/UTC]].
2022-10-09 13:07:10,250 [RatisPipelineUtilsThread - 0] INFO  pipeline.RatisPipelineProvider (RatisPipelineProvider.java:lambda$create$0(195)) - Sending CreatePipelineCommand for pipeline:PipelineID=d2aa0f9e-e83d-43ce-a4d6-d29ff858c3f0 to datanode:55b9ea12-5ed0-4563-9b80-74e62ded3c41
2022-10-09 13:07:10,250 [RatisPipelineUtilsThread - 0] INFO  pipeline.RatisPipelineProvider (RatisPipelineProvider.java:lambda$create$0(195)) - Sending CreatePipelineCommand for pipeline:PipelineID=d2aa0f9e-e83d-43ce-a4d6-d29ff858c3f0 to datanode:c6dbff45-d07e-454c-8dcf-e2e002008729
2022-10-09 13:07:10,250 [RatisPipelineUtilsThread - 0] INFO  pipeline.RatisPipelineProvider (RatisPipelineProvider.java:lambda$create$0(195)) - Sending CreatePipelineCommand for pipeline:PipelineID=d2aa0f9e-e83d-43ce-a4d6-d29ff858c3f0 to datanode:d46e0485-2442-4c5a-ac53-f23987407338
2022-10-09 13:07:10,250 [RatisPipelineUtilsThread - 0] INFO  pipeline.PipelineStateManagerImpl (PipelineStateManagerImpl.java:addPipeline(103)) - Created pipeline Pipeline[ Id: d2aa0f9e-e83d-43ce-a4d6-d29ff858c3f0, Nodes: 55b9ea12-5ed0-4563-9b80-74e62ded3c41{ip: 10.1.0.209, host: fv-az212-628.zlodpucb4l4udavnfxg5s20dva.cx.internal.cloudapp.net, ports: [REPLICATION=43057, RATIS=45387, RATIS_ADMIN=45387, RATIS_SERVER=45387, STANDALONE=38317], networkLocation: /default-rack, certSerialId: null, persistedOpState: IN_SERVICE, persistedOpStateExpiryEpochSec: 0}c6dbff45-d07e-454c-8dcf-e2e002008729{ip: 10.1.0.209, host: fv-az212-628.zlodpucb4l4udavnfxg5s20dva.cx.internal.cloudapp.net, ports: [REPLICATION=35129, RATIS=38729, RATIS_ADMIN=38729, RATIS_SERVER=38729, STANDALONE=41599], networkLocation: /default-rack, certSerialId: null, persistedOpState: IN_SERVICE, persistedOpStateExpiryEpochSec: 0}d46e0485-2442-4c5a-ac53-f23987407338{ip: 10.1.0.209, host: fv-az212-628.zlodpucb4l4udavnfxg5s20dva.cx.internal.cloudapp.net, ports: [REPLICATION=41515, RATIS=36777, RATIS_ADMIN=36777, RATIS_SERVER=36777, STANDALONE=45043], networkLocation: /default-rack, certSerialId: null, persistedOpState: IN_SERVICE, persistedOpStateExpiryEpochSec: 0}, ReplicationConfig: RATIS/THREE, State:ALLOCATED, leaderId:, CreationTimestamp2022-10-09T13:07:10.250Z[Etc/UTC]].
2022-10-09 13:07:10,250 [RatisPipelineUtilsThread - 0] INFO  pipeline.PipelineManagerImpl (PipelineManagerImpl.java:recordMetricsForPipeline(796)) - Pipeline: PipelineID=d2aa0f9e-e83d-43ce-a4d6-d29ff858c3f0 contains same datanodes as previous pipelines: PipelineID=f6e5e969-f68d-49c5-977a-4461322e6c07 nodeIds: 55b9ea12-5ed0-4563-9b80-74e62ded3c41, c6dbff45-d07e-454c-8dcf-e2e002008729, d46e0485-2442-4c5a-ac53-f23987407338
2022-10-09 13:07:10,395 [Listener at 127.0.0.1/33359] INFO  ozone.MiniOzoneClusterImpl (MiniOzoneClusterImpl.java:lambda$waitForClusterToBeReady$0(216)) - Waiting for nodes to be ready. Got 3 of 5 DN Heartbeats.
2022-10-09 13:07:10,395 [Listener at 127.0.0.1/33359] INFO  ozone.MiniOzoneClusterImpl (MiniOzoneClusterImpl.java:lambda$waitForClusterToBeReady$0(219)) - Waiting for cluster to exit safe mode
2022-10-09 13:07:10,395 [Listener at 127.0.0.1/33359] INFO  ozone.MiniOzoneClusterImpl (MiniOzoneClusterImpl.java:lambda$waitForClusterToBeReady$0(221)) - SCM became leader
2022-10-09 13:07:10,592 [EndpointStateMachine task thread for /0.0.0.0:45391 - 0 ] INFO  volume.HddsVolume (HddsVolume.java:createDbStore(307)) - SchemaV3 db is created and loaded at /home/runner/work/ozone/ozone/hadoop-ozone/integration-test/target/test-dir/MiniOzoneClusterImpl-9128138f-083a-4137-a9cb-d58212e00964/datanode-4/data-0/containers/hdds/9128138f-083a-4137-a9cb-d58212e00964/DS-06c0c83c-7001-42ab-ac40-f1669f038f13/container.db for volume DS-06c0c83c-7001-42ab-ac40-f1669f038f13
2022-10-09 13:07:10,593 [EndpointStateMachine task thread for /0.0.0.0:45391 - 0 ] INFO  volume.HddsVolume (HddsVolume.java:closeDbStore(338)) - SchemaV3 db is stopped at /home/runner/work/ozone/ozone/hadoop-ozone/integration-test/target/test-dir/MiniOzoneClusterImpl-9128138f-083a-4137-a9cb-d58212e00964/datanode-4/data-0/containers/hdds/9128138f-083a-4137-a9cb-d58212e00964/DS-06c0c83c-7001-42ab-ac40-f1669f038f13/container.db for volume DS-06c0c83c-7001-42ab-ac40-f1669f038f13
2022-10-09 13:07:10,593 [EndpointStateMachine task thread for /0.0.0.0:45391 - 0 ] INFO  ozoneimpl.OzoneContainer (OzoneContainer.java:start(378)) - Attempting to start container services.
2022-10-09 13:07:10,593 [EndpointStateMachine task thread for /0.0.0.0:45391 - 0 ] INFO  ozoneimpl.OzoneContainer (OzoneContainer.java:startContainerScrub(313)) - Background container scanner has been disabled.
2022-10-09 13:07:10,603 [EndpointStateMachine task thread for /0.0.0.0:45391 - 0 ] INFO  replication.ReplicationServer (ReplicationServer.java:start(111)) - ReplicationServer is started using port 35103
2022-10-09 13:07:10,621 [EndpointStateMachine task thread for /0.0.0.0:45391 - 0 ] INFO  ratis.XceiverServerRatis (XceiverServerRatis.java:start(481)) - Starting XceiverServerRatis 09a05a6c-198f-4b32-89f8-427c1b35cd63
2022-10-09 13:07:10,632 [EndpointStateMachine task thread for /0.0.0.0:45391 - 0 ] INFO  server.RaftServer (RaftServerProxy.java:lambda$start$6(382)) - 09a05a6c-198f-4b32-89f8-427c1b35cd63: start RPC server
2022-10-09 13:07:10,635 [EndpointStateMachine task thread for /0.0.0.0:45391 - 0 ] INFO  server.GrpcService (GrpcService.java:startImpl(260)) - 09a05a6c-198f-4b32-89f8-427c1b35cd63: GrpcService started, listening on 45145
2022-10-09 13:07:10,635 [EndpointStateMachine task thread for /0.0.0.0:45391 - 0 ] INFO  ratis.XceiverServerRatis (XceiverServerRatis.java:getRealPort(502)) - XceiverServerRatis 09a05a6c-198f-4b32-89f8-427c1b35cd63 is started using port 45145 for RATIS
2022-10-09 13:07:10,635 [EndpointStateMachine task thread for /0.0.0.0:45391 - 0 ] INFO  ratis.XceiverServerRatis (XceiverServerRatis.java:getRealPort(502)) - XceiverServerRatis 09a05a6c-198f-4b32-89f8-427c1b35cd63 is started using port 45145 for RATIS_ADMIN
2022-10-09 13:07:10,635 [EndpointStateMachine task thread for /0.0.0.0:45391 - 0 ] INFO  ratis.XceiverServerRatis (XceiverServerRatis.java:getRealPort(502)) - XceiverServerRatis 09a05a6c-198f-4b32-89f8-427c1b35cd63 is started using port 45145 for RATIS_SERVER
2022-10-09 13:07:10,635 [org.apache.ratis.util.JvmPauseMonitor$$Lambda$636/1153107596@2b27e667] INFO  util.JvmPauseMonitor (JvmPauseMonitor.java:run(103)) - JvmPauseMonitor-09a05a6c-198f-4b32-89f8-427c1b35cd63: Started
2022-10-09 13:07:10,672 [EndpointStateMachine task thread for /0.0.0.0:45391 - 0 ] INFO  server.XceiverServerGrpc (XceiverServerGrpc.java:start(180)) - XceiverServerGrpc 09a05a6c-198f-4b32-89f8-427c1b35cd63 is started using port 41113
2022-10-09 13:07:11,396 [Listener at 127.0.0.1/33359] INFO  ozone.MiniOzoneClusterImpl (MiniOzoneClusterImpl.java:lambda$waitForClusterToBeReady$0(216)) - Waiting for nodes to be ready. Got 3 of 5 DN Heartbeats.
2022-10-09 13:07:11,396 [Listener at 127.0.0.1/33359] INFO  ozone.MiniOzoneClusterImpl (MiniOzoneClusterImpl.java:lambda$waitForClusterToBeReady$0(219)) - Waiting for cluster to exit safe mode
2022-10-09 13:07:11,396 [Listener at 127.0.0.1/33359] INFO  ozone.MiniOzoneClusterImpl (MiniOzoneClusterImpl.java:lambda$waitForClusterToBeReady$0(221)) - SCM became leader
2022-10-09 13:07:11,522 [IPC Server handler 7 on default port 45391] INFO  net.NetworkTopologyImpl (NetworkTopologyImpl.java:add(112)) - Added a new node: /default-rack/a9de90a3-d1cd-4e8a-97f8-3dbad3d6a22f
2022-10-09 13:07:11,523 [IPC Server handler 7 on default port 45391] INFO  node.SCMNodeManager (SCMNodeManager.java:register(397)) - Registered Data node : a9de90a3-d1cd-4e8a-97f8-3dbad3d6a22f{ip: 10.1.0.209, host: fv-az212-628.zlodpucb4l4udavnfxg5s20dva.cx.internal.cloudapp.net, ports: [REPLICATION=39993, RATIS=35441, RATIS_ADMIN=35441, RATIS_SERVER=35441, STANDALONE=35451], networkLocation: /default-rack, certSerialId: null, persistedOpState: null, persistedOpStateExpiryEpochSec: 0}
2022-10-09 13:07:11,523 [EventQueue-NewNodeForNewNodeHandler] INFO  pipeline.BackgroundPipelineCreator (BackgroundPipelineCreator.java:notifyEventTriggered(276)) - trigger a one-shot run on RatisPipelineUtilsThread.
2022-10-09 13:07:11,523 [RatisPipelineUtilsThread - 0] INFO  pipeline.RatisPipelineProvider (RatisPipelineProvider.java:lambda$create$0(195)) - Sending CreatePipelineCommand for pipeline:PipelineID=d2ba470d-defc-4489-97e8-0c42490421ce to datanode:a9de90a3-d1cd-4e8a-97f8-3dbad3d6a22f
2022-10-09 13:07:11,524 [RatisPipelineUtilsThread - 0] INFO  pipeline.PipelineStateManagerImpl (PipelineStateManagerImpl.java:addPipeline(103)) - Created pipeline Pipeline[ Id: d2ba470d-defc-4489-97e8-0c42490421ce, Nodes: a9de90a3-d1cd-4e8a-97f8-3dbad3d6a22f{ip: 10.1.0.209, host: fv-az212-628.zlodpucb4l4udavnfxg5s20dva.cx.internal.cloudapp.net, ports: [REPLICATION=39993, RATIS=35441, RATIS_ADMIN=35441, RATIS_SERVER=35441, STANDALONE=35451], networkLocation: /default-rack, certSerialId: null, persistedOpState: IN_SERVICE, persistedOpStateExpiryEpochSec: 0}, ReplicationConfig: RATIS/ONE, State:ALLOCATED, leaderId:, CreationTimestamp2022-10-09T13:07:11.523Z[Etc/UTC]].
2022-10-09 13:07:11,952 [Command processor thread] INFO  server.RaftServer (RaftServerProxy.java:addNew(96)) - c6dbff45-d07e-454c-8dcf-e2e002008729: addNew group-158863FA72FF:[c6dbff45-d07e-454c-8dcf-e2e002008729|rpc:10.1.0.209:38729|priority:1] returns group-158863FA72FF:java.util.concurrent.CompletableFuture@3f2d3785[Not completed]
2022-10-09 13:07:11,971 [pool-556-thread-1] INFO  server.RaftServer$Division (RaftServerImpl.java:<init>(190)) - c6dbff45-d07e-454c-8dcf-e2e002008729: new RaftServerImpl for group-158863FA72FF:[c6dbff45-d07e-454c-8dcf-e2e002008729|rpc:10.1.0.209:38729|priority:1] with ContainerStateMachine:uninitialized
2022-10-09 13:07:11,971 [pool-556-thread-1] INFO  server.RaftServerConfigKeys (ConfUtils.java:logGet(46)) - raft.server.rpc.timeout.min = 5s (custom)
2022-10-09 13:07:11,971 [pool-556-thread-1] INFO  server.RaftServerConfigKeys (ConfUtils.java:logGet(46)) - raft.server.rpc.timeout.max = 5200ms (custom)
2022-10-09 13:07:11,971 [pool-556-thread-1] INFO  server.RaftServerConfigKeys (ConfUtils.java:logGet(46)) - raft.server.rpc.sleep.time = 25ms (default)
2022-10-09 13:07:11,971 [pool-556-thread-1] INFO  server.RaftServerConfigKeys (ConfUtils.java:logGet(46)) - raft.server.rpc.slowness.timeout = 300s (custom)
2022-10-09 13:07:11,971 [pool-556-thread-1] INFO  server.RaftServerConfigKeys (ConfUtils.java:logGet(46)) - raft.server.leaderelection.leader.step-down.wait-time = 10s (default)
2022-10-09 13:07:11,971 [pool-556-thread-1] INFO  server.RaftServerConfigKeys (ConfUtils.java:logGet(46)) - raft.server.sleep.deviation.threshold = 300ms (default)
2022-10-09 13:07:11,971 [pool-556-thread-1] INFO  server.RaftServer$Division (ServerState.java:<init>(107)) - c6dbff45-d07e-454c-8dcf-e2e002008729@group-158863FA72FF: ConfigurationManager, init=-1: [c6dbff45-d07e-454c-8dcf-e2e002008729|rpc:10.1.0.209:38729|priority:1], old=null, confs=<EMPTY_MAP>
2022-10-09 13:07:11,971 [pool-556-thread-1] INFO  server.RaftServerConfigKeys (ConfUtils.java:logGet(46)) - raft.server.storage.dir = [/home/runner/work/ozone/ozone/hadoop-ozone/integration-test/target/test-dir/MiniOzoneClusterImpl-9128138f-083a-4137-a9cb-d58212e00964/datanode-0/data/ratis] (custom)
2022-10-09 13:07:11,971 [pool-556-thread-1] INFO  server.RaftServerConfigKeys (ConfUtils.java:logGet(46)) - raft.server.log.corruption.policy = EXCEPTION (default)
2022-10-09 13:07:11,972 [pool-556-thread-1] INFO  server.RaftServerConfigKeys (ConfUtils.java:logGet(46)) - raft.server.storage.free-space.min = 0MB (=0) (default)
2022-10-09 13:07:11,972 [pool-556-thread-1] INFO  storage.RaftStorageDirectory (RaftStorageDirectoryImpl.java:analyzeStorage(135)) - The storage directory /home/runner/work/ozone/ozone/hadoop-ozone/integration-test/target/test-dir/MiniOzoneClusterImpl-9128138f-083a-4137-a9cb-d58212e00964/datanode-0/data/ratis/023ee109-e334-4f66-9b72-158863fa72ff does not exist. Creating ...
2022-10-09 13:07:11,980 [pool-556-thread-1] INFO  storage.RaftStorageDirectory (RaftStorageDirectoryImpl.java:tryLock(230)) - Lock on /home/runner/work/ozone/ozone/hadoop-ozone/integration-test/target/test-dir/MiniOzoneClusterImpl-9128138f-083a-4137-a9cb-d58212e00964/datanode-0/data/ratis/023ee109-e334-4f66-9b72-158863fa72ff/in_use.lock acquired by nodename 13094@fv-az212-628
2022-10-09 13:07:11,993 [pool-556-thread-1] INFO  storage.RaftStorage (RaftStorageImpl.java:format(89)) - Storage directory /home/runner/work/ozone/ozone/hadoop-ozone/integration-test/target/test-dir/MiniOzoneClusterImpl-9128138f-083a-4137-a9cb-d58212e00964/datanode-0/data/ratis/023ee109-e334-4f66-9b72-158863fa72ff has been successfully formatted.
2022-10-09 13:07:11,994 [pool-556-thread-1] INFO  ratis.ContainerStateMachine (ContainerStateMachine.java:loadSnapshot(236)) - group-158863FA72FF: The snapshot info is null. Setting the last applied indexto:(t:0, i:~)
2022-10-09 13:07:11,994 [pool-556-thread-1] INFO  server.RaftServerConfigKeys (ConfUtils.java:logGet(46)) - raft.server.notification.no-leader.timeout = 300s (custom)
2022-10-09 13:07:11,994 [pool-556-thread-1] INFO  server.RaftServerConfigKeys (ConfUtils.java:logGet(46)) - raft.server.log.use.memory = false (default)
2022-10-09 13:07:11,994 [pool-556-thread-1] INFO  server.RaftServerConfigKeys (ConfUtils.java:logGet(46)) - raft.server.log.purge.gap = 1000000 (custom)
2022-10-09 13:07:11,994 [pool-556-thread-1] INFO  server.RaftServerConfigKeys (ConfUtils.java:logGet(46)) - raft.server.log.appender.buffer.byte-limit = 33554432 (custom)
2022-10-09 13:07:11,995 [pool-556-thread-1] INFO  server.RaftServerConfigKeys (ConfUtils.java:logGet(46)) - raft.server.log.statemachine.data.read.timeout = 1000ms (default)
2022-10-09 13:07:11,995 [pool-556-thread-1] INFO  server.RaftServerConfigKeys (ConfUtils.java:logGet(46)) - raft.server.log.segment.size.max = 1048576 (custom)
2022-10-09 13:07:11,995 [pool-556-thread-1] INFO  server.RaftServerConfigKeys (ConfUtils.java:logGet(46)) - raft.server.log.segment.cache.num.max = 2 (custom)
2022-10-09 13:07:11,995 [pool-556-thread-1] INFO  server.RaftServerConfigKeys (ConfUtils.java:logGet(46)) - raft.server.log.segment.cache.size.max = 200MB (=209715200) (default)
2022-10-09 13:07:11,995 [pool-556-thread-1] INFO  segmented.SegmentedRaftLogWorker (SegmentedRaftLogWorker.java:<init>(187)) - new c6dbff45-d07e-454c-8dcf-e2e002008729@group-158863FA72FF-SegmentedRaftLogWorker for RaftStorageImpl:Storage Directory /home/runner/work/ozone/ozone/hadoop-ozone/integration-test/target/test-dir/MiniOzoneClusterImpl-9128138f-083a-4137-a9cb-d58212e00964/datanode-0/data/ratis/023ee109-e334-4f66-9b72-158863fa72ff
2022-10-09 13:07:11,995 [pool-556-thread-1] INFO  server.RaftServerConfigKeys (ConfUtils.java:logGet(46)) - raft.server.log.queue.byte-limit = 4294967296 (custom)
2022-10-09 13:07:11,995 [pool-556-thread-1] INFO  server.RaftServerConfigKeys (ConfUtils.java:logGet(46)) - raft.server.log.queue.element-limit = 1024 (custom)
2022-10-09 13:07:11,995 [pool-556-thread-1] INFO  server.RaftServerConfigKeys (ConfUtils.java:logGet(46)) - raft.server.log.segment.size.max = 1048576 (custom)
2022-10-09 13:07:11,995 [pool-556-thread-1] INFO  server.RaftServerConfigKeys (ConfUtils.java:logGet(46)) - raft.server.log.preallocated.size = 16384 (custom)
2022-10-09 13:07:11,995 [pool-556-thread-1] INFO  server.RaftServerConfigKeys (ConfUtils.java:logGet(46)) - raft.server.log.force.sync.num = 128 (default)
2022-10-09 13:07:11,995 [pool-556-thread-1] INFO  server.RaftServerConfigKeys (ConfUtils.java:logGet(46)) - raft.server.log.statemachine.data.sync = true (default)
2022-10-09 13:07:11,995 [pool-556-thread-1] INFO  server.RaftServerConfigKeys (ConfUtils.java:logGet(46)) - raft.server.log.statemachine.data.sync.timeout = 10s (default)
2022-10-09 13:07:11,996 [pool-556-thread-1] INFO  server.RaftServerConfigKeys (ConfUtils.java:logGet(46)) - raft.server.log.statemachine.data.sync.timeout.retry = -1 (default)
2022-10-09 13:07:11,996 [pool-556-thread-1] INFO  server.RaftServerConfigKeys (ConfUtils.java:logGet(46)) - raft.server.log.write.buffer.size = 1048576 (custom)
2022-10-09 13:07:11,996 [pool-556-thread-1] INFO  server.RaftServerConfigKeys (ConfUtils.java:logGet(46)) - raft.server.log.unsafe-flush.enabled = false (default)
2022-10-09 13:07:11,997 [pool-556-thread-1] INFO  server.RaftServerConfigKeys (ConfUtils.java:logGet(46)) - raft.server.log.statemachine.data.caching.enabled = true (custom)
2022-10-09 13:07:11,997 [pool-556-thread-1] INFO  segmented.SegmentedRaftLogWorker (SegmentedRaftLogWorker.java:lambda$new$0(135)) - c6dbff45-d07e-454c-8dcf-e2e002008729@group-158863FA72FF-SegmentedRaftLogWorker: flushIndex: setUnconditionally 0 -> -1
2022-10-09 13:07:11,997 [pool-556-thread-1] INFO  segmented.SegmentedRaftLogWorker (SegmentedRaftLogWorker.java:lambda$new$0(135)) - c6dbff45-d07e-454c-8dcf-e2e002008729@group-158863FA72FF-SegmentedRaftLogWorker: safeCacheEvictIndex: setUnconditionally 0 -> -1
2022-10-09 13:07:11,997 [EventQueue-PipelineReportForPipelineReportHandler] INFO  pipeline.PipelineManagerImpl (PipelineManagerImpl.java:openPipeline(367)) - Pipeline Pipeline[ Id: 023ee109-e334-4f66-9b72-158863fa72ff, Nodes: c6dbff45-d07e-454c-8dcf-e2e002008729{ip: 10.1.0.209, host: fv-az212-628.zlodpucb4l4udavnfxg5s20dva.cx.internal.cloudapp.net, ports: [REPLICATION=35129, RATIS=38729, RATIS_ADMIN=38729, RATIS_SERVER=38729, STANDALONE=41599], networkLocation: /default-rack, certSerialId: null, persistedOpState: IN_SERVICE, persistedOpStateExpiryEpochSec: 0}, ReplicationConfig: RATIS/ONE, State:ALLOCATED, leaderId:c6dbff45-d07e-454c-8dcf-e2e002008729, CreationTimestamp2022-10-09T13:07:08.986Z[Etc/UTC]] moved to OPEN state
2022-10-09 13:07:12,003 [pool-556-thread-1] INFO  server.RaftServerConfigKeys (ConfUtils.java:logGet(46)) - raft.server.snapshot.auto.trigger.enabled = true (custom)
2022-10-09 13:07:12,003 [pool-556-thread-1] INFO  server.RaftServerConfigKeys (ConfUtils.java:logGet(46)) - raft.server.snapshot.auto.trigger.threshold = 10000 (custom)
2022-10-09 13:07:12,003 [pool-556-thread-1] INFO  server.RaftServerConfigKeys (ConfUtils.java:logGet(46)) - raft.server.snapshot.retention.file.num = 5 (custom)
2022-10-09 13:07:12,003 [pool-556-thread-1] INFO  server.RaftServerConfigKeys (ConfUtils.java:logGet(46)) - raft.server.log.purge.upto.snapshot.index = false (default)
2022-10-09 13:07:12,003 [pool-556-thread-1] INFO  server.RaftServerConfigKeys (ConfUtils.java:logGet(46)) - raft.server.retrycache.expirytime = 600000ms (custom)
2022-10-09 13:07:12,003 [pool-556-thread-1] INFO  server.RaftServerConfigKeys (ConfUtils.java:logGet(46)) - raft.server.retrycache.statistics.expirytime = 100μs (default)
2022-10-09 13:07:12,005 [pool-556-thread-1] INFO  server.RaftServerConfigKeys (ConfUtils.java:logGet(46)) - raft.server.log.appender.install.snapshot.enabled = false (custom)
2022-10-09 13:07:12,005 [pool-556-thread-1] INFO  server.RaftServerConfigKeys (ConfUtils.java:logGet(46)) - raft.server.threadpool.server.cached = true (default)
2022-10-09 13:07:12,005 [pool-556-thread-1] INFO  server.RaftServerConfigKeys (ConfUtils.java:logGet(46)) - raft.server.threadpool.server.size = 0 (default)
2022-10-09 13:07:12,005 [pool-556-thread-1] INFO  server.RaftServerConfigKeys (ConfUtils.java:logGet(46)) - raft.server.threadpool.client.cached = true (default)
2022-10-09 13:07:12,005 [pool-556-thread-1] INFO  server.RaftServerConfigKeys (ConfUtils.java:logGet(46)) - raft.server.threadpool.client.size = 0 (default)
2022-10-09 13:07:12,005 [pool-556-thread-1] INFO  server.RaftServer$Division (RaftServerImpl.java:start(310)) - c6dbff45-d07e-454c-8dcf-e2e002008729@group-158863FA72FF: start as a follower, conf=-1: [c6dbff45-d07e-454c-8dcf-e2e002008729|rpc:10.1.0.209:38729|priority:1], old=null
2022-10-09 13:07:12,005 [pool-556-thread-1] INFO  server.RaftServer$Division (RaftServerImpl.java:setRole(299)) - c6dbff45-d07e-454c-8dcf-e2e002008729@group-158863FA72FF: changes role from      null to FOLLOWER at term 0 for startAsFollower
2022-10-09 13:07:12,005 [pool-556-thread-1] INFO  impl.RoleInfo (RoleInfo.java:updateAndGet(139)) - c6dbff45-d07e-454c-8dcf-e2e002008729: start c6dbff45-d07e-454c-8dcf-e2e002008729@group-158863FA72FF-FollowerState
2022-10-09 13:07:12,029 [pool-556-thread-1] INFO  util.JmxRegister (JmxRegister.java:tryRegister(44)) - Successfully registered JMX Bean with object name Ratis:service=RaftServer,group=group-158863FA72FF,id=c6dbff45-d07e-454c-8dcf-e2e002008729
2022-10-09 13:07:12,029 [Command processor thread] INFO  ratis.XceiverServerRatis (XceiverServerRatis.java:addGroup(765)) - Created group PipelineID=023ee109-e334-4f66-9b72-158863fa72ff
2022-10-09 13:07:12,029 [Command processor thread] INFO  commandhandler.CreatePipelineCommandHandler (CreatePipelineCommandHandler.java:handle(113)) - Created Pipeline RATIS ONE PipelineID=023ee109-e334-4f66-9b72-158863fa72ff.
2022-10-09 13:07:12,029 [Command processor thread] INFO  server.RaftServer (RaftServerProxy.java:addNew(96)) - c6dbff45-d07e-454c-8dcf-e2e002008729: addNew group-4461322E6C07:[d46e0485-2442-4c5a-ac53-f23987407338|rpc:10.1.0.209:36777|priority:1, 55b9ea12-5ed0-4563-9b80-74e62ded3c41|rpc:10.1.0.209:45387|priority:0, c6dbff45-d07e-454c-8dcf-e2e002008729|rpc:10.1.0.209:38729|priority:0] returns group-4461322E6C07:java.util.concurrent.CompletableFuture@3b12a4b8[Not completed]
2022-10-09 13:07:12,030 [pool-556-thread-1] INFO  server.RaftServer$Division (RaftServerImpl.java:<init>(190)) - c6dbff45-d07e-454c-8dcf-e2e002008729: new RaftServerImpl for group-4461322E6C07:[d46e0485-2442-4c5a-ac53-f23987407338|rpc:10.1.0.209:36777|priority:1, 55b9ea12-5ed0-4563-9b80-74e62ded3c41|rpc:10.1.0.209:45387|priority:0, c6dbff45-d07e-454c-8dcf-e2e002008729|rpc:10.1.0.209:38729|priority:0] with ContainerStateMachine:uninitialized
2022-10-09 13:07:12,030 [pool-556-thread-1] INFO  server.RaftServerConfigKeys (ConfUtils.java:logGet(46)) - raft.server.rpc.timeout.min = 5s (custom)
2022-10-09 13:07:12,030 [pool-556-thread-1] INFO  server.RaftServerConfigKeys (ConfUtils.java:logGet(46)) - raft.server.rpc.timeout.max = 5200ms (custom)
2022-10-09 13:07:12,030 [pool-556-thread-1] INFO  server.RaftServerConfigKeys (ConfUtils.java:logGet(46)) - raft.server.rpc.sleep.time = 25ms (default)
2022-10-09 13:07:12,030 [pool-556-thread-1] INFO  server.RaftServerConfigKeys (ConfUtils.java:logGet(46)) - raft.server.rpc.slowness.timeout = 300s (custom)
2022-10-09 13:07:12,030 [pool-556-thread-1] INFO  server.RaftServerConfigKeys (ConfUtils.java:logGet(46)) - raft.server.leaderelection.leader.step-down.wait-time = 10s (default)
2022-10-09 13:07:12,031 [pool-556-thread-1] INFO  server.RaftServerConfigKeys (ConfUtils.java:logGet(46)) - raft.server.sleep.deviation.threshold = 300ms (default)
2022-10-09 13:07:12,031 [pool-556-thread-1] INFO  server.RaftServer$Division (ServerState.java:<init>(107)) - c6dbff45-d07e-454c-8dcf-e2e002008729@group-4461322E6C07: ConfigurationManager, init=-1: [d46e0485-2442-4c5a-ac53-f23987407338|rpc:10.1.0.209:36777|priority:1, 55b9ea12-5ed0-4563-9b80-74e62ded3c41|rpc:10.1.0.209:45387|priority:0, c6dbff45-d07e-454c-8dcf-e2e002008729|rpc:10.1.0.209:38729|priority:0], old=null, confs=<EMPTY_MAP>
2022-10-09 13:07:12,031 [pool-556-thread-1] INFO  server.RaftServerConfigKeys (ConfUtils.java:logGet(46)) - raft.server.storage.dir = [/home/runner/work/ozone/ozone/hadoop-ozone/integration-test/target/test-dir/MiniOzoneClusterImpl-9128138f-083a-4137-a9cb-d58212e00964/datanode-0/data/ratis] (custom)
2022-10-09 13:07:12,031 [pool-556-thread-1] INFO  server.RaftServerConfigKeys (ConfUtils.java:logGet(46)) - raft.server.log.corruption.policy = EXCEPTION (default)
2022-10-09 13:07:12,031 [pool-556-thread-1] INFO  server.RaftServerConfigKeys (ConfUtils.java:logGet(46)) - raft.server.storage.free-space.min = 0MB (=0) (default)
2022-10-09 13:07:12,031 [pool-556-thread-1] INFO  storage.RaftStorageDirectory (RaftStorageDirectoryImpl.java:analyzeStorage(135)) - The storage directory /home/runner/work/ozone/ozone/hadoop-ozone/integration-test/target/test-dir/MiniOzoneClusterImpl-9128138f-083a-4137-a9cb-d58212e00964/datanode-0/data/ratis/f6e5e969-f68d-49c5-977a-4461322e6c07 does not exist. Creating ...
2022-10-09 13:07:12,038 [pool-556-thread-1] INFO  storage.RaftStorageDirectory (RaftStorageDirectoryImpl.java:tryLock(230)) - Lock on /home/runner/work/ozone/ozone/hadoop-ozone/integration-test/target/test-dir/MiniOzoneClusterImpl-9128138f-083a-4137-a9cb-d58212e00964/datanode-0/data/ratis/f6e5e969-f68d-49c5-977a-4461322e6c07/in_use.lock acquired by nodename 13094@fv-az212-628
2022-10-09 13:07:12,039 [pool-556-thread-1] INFO  storage.RaftStorage (RaftStorageImpl.java:format(89)) - Storage directory /home/runner/work/ozone/ozone/hadoop-ozone/integration-test/target/test-dir/MiniOzoneClusterImpl-9128138f-083a-4137-a9cb-d58212e00964/datanode-0/data/ratis/f6e5e969-f68d-49c5-977a-4461322e6c07 has been successfully formatted.
2022-10-09 13:07:12,049 [pool-556-thread-1] INFO  ratis.ContainerStateMachine (ContainerStateMachine.java:loadSnapshot(236)) - group-4461322E6C07: The snapshot info is null. Setting the last applied indexto:(t:0, i:~)
2022-10-09 13:07:12,049 [pool-556-thread-1] INFO  server.RaftServerConfigKeys (ConfUtils.java:logGet(46)) - raft.server.notification.no-leader.timeout = 300s (custom)
2022-10-09 13:07:12,050 [pool-556-thread-1] INFO  server.RaftServerConfigKeys (ConfUtils.java:logGet(46)) - raft.server.log.use.memory = false (default)
2022-10-09 13:07:12,050 [pool-556-thread-1] INFO  server.RaftServerConfigKeys (ConfUtils.java:logGet(46)) - raft.server.log.purge.gap = 1000000 (custom)
2022-10-09 13:07:12,050 [pool-556-thread-1] INFO  server.RaftServerConfigKeys (ConfUtils.java:logGet(46)) - raft.server.log.appender.buffer.byte-limit = 33554432 (custom)
2022-10-09 13:07:12,050 [pool-556-thread-1] INFO  server.RaftServerConfigKeys (ConfUtils.java:logGet(46)) - raft.server.log.statemachine.data.read.timeout = 1000ms (default)
2022-10-09 13:07:12,050 [pool-556-thread-1] INFO  server.RaftServerConfigKeys (ConfUtils.java:logGet(46)) - raft.server.log.segment.size.max = 1048576 (custom)
2022-10-09 13:07:12,050 [pool-556-thread-1] INFO  server.RaftServerConfigKeys (ConfUtils.java:logGet(46)) - raft.server.log.segment.cache.num.max = 2 (custom)
2022-10-09 13:07:12,050 [pool-556-thread-1] INFO  server.RaftServerConfigKeys (ConfUtils.java:logGet(46)) - raft.server.log.segment.cache.size.max = 200MB (=209715200) (default)
2022-10-09 13:07:12,050 [pool-556-thread-1] INFO  segmented.SegmentedRaftLogWorker (SegmentedRaftLogWorker.java:<init>(187)) - new c6dbff45-d07e-454c-8dcf-e2e002008729@group-4461322E6C07-SegmentedRaftLogWorker for RaftStorageImpl:Storage Directory /home/runner/work/ozone/ozone/hadoop-ozone/integration-test/target/test-dir/MiniOzoneClusterImpl-9128138f-083a-4137-a9cb-d58212e00964/datanode-0/data/ratis/f6e5e969-f68d-49c5-977a-4461322e6c07
2022-10-09 13:07:12,050 [pool-556-thread-1] INFO  server.RaftServerConfigKeys (ConfUtils.java:logGet(46)) - raft.server.log.queue.byte-limit = 4294967296 (custom)
2022-10-09 13:07:12,050 [pool-556-thread-1] INFO  server.RaftServerConfigKeys (ConfUtils.java:logGet(46)) - raft.server.log.queue.element-limit = 1024 (custom)
2022-10-09 13:07:12,050 [pool-556-thread-1] INFO  server.RaftServerConfigKeys (ConfUtils.java:logGet(46)) - raft.server.log.segment.size.max = 1048576 (custom)
2022-10-09 13:07:12,050 [pool-556-thread-1] INFO  server.RaftServerConfigKeys (ConfUtils.java:logGet(46)) - raft.server.log.preallocated.size = 16384 (custom)
2022-10-09 13:07:12,050 [pool-556-thread-1] INFO  server.RaftServerConfigKeys (ConfUtils.java:logGet(46)) - raft.server.log.force.sync.num = 128 (default)
2022-10-09 13:07:12,051 [pool-556-thread-1] INFO  server.RaftServerConfigKeys (ConfUtils.java:logGet(46)) - raft.server.log.statemachine.data.sync = true (default)
2022-10-09 13:07:12,051 [pool-556-thread-1] INFO  server.RaftServerConfigKeys (ConfUtils.java:logGet(46)) - raft.server.log.statemachine.data.sync.timeout = 10s (default)
2022-10-09 13:07:12,051 [pool-556-thread-1] INFO  server.RaftServerConfigKeys (ConfUtils.java:logGet(46)) - raft.server.log.statemachine.data.sync.timeout.retry = -1 (default)
2022-10-09 13:07:12,062 [pool-556-thread-1] INFO  server.RaftServerConfigKeys (ConfUtils.java:logGet(46)) - raft.server.log.write.buffer.size = 1048576 (custom)
2022-10-09 13:07:12,063 [pool-556-thread-1] INFO  server.RaftServerConfigKeys (ConfUtils.java:logGet(46)) - raft.server.log.unsafe-flush.enabled = false (default)
2022-10-09 13:07:12,063 [pool-556-thread-1] INFO  server.RaftServerConfigKeys (ConfUtils.java:logGet(46)) - raft.server.log.statemachine.data.caching.enabled = true (custom)
2022-10-09 13:07:12,063 [pool-556-thread-1] INFO  segmented.SegmentedRaftLogWorker (SegmentedRaftLogWorker.java:lambda$new$0(135)) - c6dbff45-d07e-454c-8dcf-e2e002008729@group-4461322E6C07-SegmentedRaftLogWorker: flushIndex: setUnconditionally 0 -> -1
2022-10-09 13:07:12,063 [pool-556-thread-1] INFO  segmented.SegmentedRaftLogWorker (SegmentedRaftLogWorker.java:lambda$new$0(135)) - c6dbff45-d07e-454c-8dcf-e2e002008729@group-4461322E6C07-SegmentedRaftLogWorker: safeCacheEvictIndex: setUnconditionally 0 -> -1
2022-10-09 13:07:12,070 [EventQueue-OpenPipelineForHealthyPipelineSafeModeRule] INFO  safemode.SCMSafeModeManager (HealthyPipelineSafeModeRule.java:process(137)) - SCM in safe mode. Healthy pipelines reported count is 0, required healthy pipeline reported count is 1
2022-10-09 13:07:12,070 [EventQueue-OpenPipelineForHealthyPipelineSafeModeRule] INFO  safemode.SCMSafeModeManager (HealthyPipelineSafeModeRule.java:process(137)) - SCM in safe mode. Healthy pipelines reported count is 0, required healthy pipeline reported count is 1
2022-10-09 13:07:12,070 [pool-556-thread-1] INFO  server.RaftServerConfigKeys (ConfUtils.java:logGet(46)) - raft.server.snapshot.auto.trigger.enabled = true (custom)
2022-10-09 13:07:12,071 [pool-556-thread-1] INFO  server.RaftServerConfigKeys (ConfUtils.java:logGet(46)) - raft.server.snapshot.auto.trigger.threshold = 10000 (custom)
2022-10-09 13:07:12,071 [pool-556-thread-1] INFO  server.RaftServerConfigKeys (ConfUtils.java:logGet(46)) - raft.server.snapshot.retention.file.num = 5 (custom)
2022-10-09 13:07:12,071 [pool-556-thread-1] INFO  server.RaftServerConfigKeys (ConfUtils.java:logGet(46)) - raft.server.log.purge.upto.snapshot.index = false (default)
2022-10-09 13:07:12,071 [pool-556-thread-1] INFO  server.RaftServerConfigKeys (ConfUtils.java:logGet(46)) - raft.server.retrycache.expirytime = 600000ms (custom)
2022-10-09 13:07:12,071 [pool-556-thread-1] INFO  server.RaftServerConfigKeys (ConfUtils.java:logGet(46)) - raft.server.retrycache.statistics.expirytime = 100μs (default)
2022-10-09 13:07:12,076 [pool-556-thread-1] INFO  server.RaftServerConfigKeys (ConfUtils.java:logGet(46)) - raft.server.log.appender.install.snapshot.enabled = false (custom)
2022-10-09 13:07:12,076 [pool-556-thread-1] INFO  server.RaftServerConfigKeys (ConfUtils.java:logGet(46)) - raft.server.threadpool.server.cached = true (default)
2022-10-09 13:07:12,076 [pool-556-thread-1] INFO  server.RaftServerConfigKeys (ConfUtils.java:logGet(46)) - raft.server.threadpool.server.size = 0 (default)
2022-10-09 13:07:12,076 [pool-556-thread-1] INFO  server.RaftServerConfigKeys (ConfUtils.java:logGet(46)) - raft.server.threadpool.client.cached = true (default)
2022-10-09 13:07:12,076 [pool-556-thread-1] INFO  server.RaftServerConfigKeys (ConfUtils.java:logGet(46)) - raft.server.threadpool.client.size = 0 (default)
2022-10-09 13:07:12,076 [pool-556-thread-1] INFO  server.RaftServer$Division (RaftServerImpl.java:start(310)) - c6dbff45-d07e-454c-8dcf-e2e002008729@group-4461322E6C07: start as a follower, conf=-1: [d46e0485-2442-4c5a-ac53-f23987407338|rpc:10.1.0.209:36777|priority:1, 55b9ea12-5ed0-4563-9b80-74e62ded3c41|rpc:10.1.0.209:45387|priority:0, c6dbff45-d07e-454c-8dcf-e2e002008729|rpc:10.1.0.209:38729|priority:0], old=null
2022-10-09 13:07:12,076 [pool-556-thread-1] INFO  server.RaftServer$Division (RaftServerImpl.java:setRole(299)) - c6dbff45-d07e-454c-8dcf-e2e002008729@group-4461322E6C07: changes role from      null to FOLLOWER at term 0 for startAsFollower
2022-10-09 13:07:12,077 [pool-556-thread-1] INFO  impl.RoleInfo (RoleInfo.java:updateAndGet(139)) - c6dbff45-d07e-454c-8dcf-e2e002008729: start c6dbff45-d07e-454c-8dcf-e2e002008729@group-4461322E6C07-FollowerState
2022-10-09 13:07:12,077 [pool-556-thread-1] INFO  util.JmxRegister (JmxRegister.java:tryRegister(44)) - Successfully registered JMX Bean with object name Ratis:service=RaftServer,group=group-4461322E6C07,id=c6dbff45-d07e-454c-8dcf-e2e002008729
2022-10-09 13:07:12,079 [Command processor thread] INFO  ratis.XceiverServerRatis (XceiverServerRatis.java:addGroup(765)) - Created group PipelineID=f6e5e969-f68d-49c5-977a-4461322e6c07
2022-10-09 13:07:12,168 [grpc-default-executor-0] INFO  server.RaftServer (RaftServerProxy.java:addNew(96)) - 55b9ea12-5ed0-4563-9b80-74e62ded3c41: addNew group-4461322E6C07:[d46e0485-2442-4c5a-ac53-f23987407338|rpc:10.1.0.209:36777|dataStream:|priority:1, 55b9ea12-5ed0-4563-9b80-74e62ded3c41|rpc:10.1.0.209:45387|dataStream:|priority:0, c6dbff45-d07e-454c-8dcf-e2e002008729|rpc:10.1.0.209:38729|dataStream:|priority:0] returns group-4461322E6C07:java.util.concurrent.CompletableFuture@5bb09642[Not completed]
2022-10-09 13:07:12,172 [pool-579-thread-1] INFO  server.RaftServer$Division (RaftServerImpl.java:<init>(190)) - 55b9ea12-5ed0-4563-9b80-74e62ded3c41: new RaftServerImpl for group-4461322E6C07:[d46e0485-2442-4c5a-ac53-f23987407338|rpc:10.1.0.209:36777|dataStream:|priority:1, 55b9ea12-5ed0-4563-9b80-74e62ded3c41|rpc:10.1.0.209:45387|dataStream:|priority:0, c6dbff45-d07e-454c-8dcf-e2e002008729|rpc:10.1.0.209:38729|dataStream:|priority:0] with ContainerStateMachine:uninitialized
2022-10-09 13:07:12,172 [pool-579-thread-1] INFO  server.RaftServerConfigKeys (ConfUtils.java:logGet(46)) - raft.server.rpc.timeout.min = 5s (custom)
2022-10-09 13:07:12,173 [pool-579-thread-1] INFO  server.RaftServerConfigKeys (ConfUtils.java:logGet(46)) - raft.server.rpc.timeout.max = 5200ms (custom)
2022-10-09 13:07:12,173 [pool-579-thread-1] INFO  server.RaftServerConfigKeys (ConfUtils.java:logGet(46)) - raft.server.rpc.sleep.time = 25ms (default)
2022-10-09 13:07:12,173 [pool-579-thread-1] INFO  server.RaftServerConfigKeys (ConfUtils.java:logGet(46)) - raft.server.rpc.slowness.timeout = 300s (custom)
2022-10-09 13:07:12,173 [pool-579-thread-1] INFO  server.RaftServerConfigKeys (ConfUtils.java:logGet(46)) - raft.server.leaderelection.leader.step-down.wait-time = 10s (default)
2022-10-09 13:07:12,173 [pool-579-thread-1] INFO  server.RaftServerConfigKeys (ConfUtils.java:logGet(46)) - raft.server.sleep.deviation.threshold = 300ms (default)
2022-10-09 13:07:12,173 [pool-579-thread-1] INFO  server.RaftServer$Division (ServerState.java:<init>(107)) - 55b9ea12-5ed0-4563-9b80-74e62ded3c41@group-4461322E6C07: ConfigurationManager, init=-1: [d46e0485-2442-4c5a-ac53-f23987407338|rpc:10.1.0.209:36777|dataStream:|priority:1, 55b9ea12-5ed0-4563-9b80-74e62ded3c41|rpc:10.1.0.209:45387|dataStream:|priority:0, c6dbff45-d07e-454c-8dcf-e2e002008729|rpc:10.1.0.209:38729|dataStream:|priority:0], old=null, confs=<EMPTY_MAP>
2022-10-09 13:07:12,173 [pool-579-thread-1] INFO  server.RaftServerConfigKeys (ConfUtils.java:logGet(46)) - raft.server.storage.dir = [/home/runner/work/ozone/ozone/hadoop-ozone/integration-test/target/test-dir/MiniOzoneClusterImpl-9128138f-083a-4137-a9cb-d58212e00964/datanode-1/data/ratis] (custom)
2022-10-09 13:07:12,173 [pool-579-thread-1] INFO  server.RaftServerConfigKeys (ConfUtils.java:logGet(46)) - raft.server.log.corruption.policy = EXCEPTION (default)
2022-10-09 13:07:12,173 [pool-579-thread-1] INFO  server.RaftServerConfigKeys (ConfUtils.java:logGet(46)) - raft.server.storage.free-space.min = 0MB (=0) (default)
2022-10-09 13:07:12,173 [pool-579-thread-1] INFO  storage.RaftStorageDirectory (RaftStorageDirectoryImpl.java:analyzeStorage(135)) - The storage directory /home/runner/work/ozone/ozone/hadoop-ozone/integration-test/target/test-dir/MiniOzoneClusterImpl-9128138f-083a-4137-a9cb-d58212e00964/datanode-1/data/ratis/f6e5e969-f68d-49c5-977a-4461322e6c07 does not exist. Creating ...
2022-10-09 13:07:12,176 [pool-579-thread-1] INFO  storage.RaftStorageDirectory (RaftStorageDirectoryImpl.java:tryLock(230)) - Lock on /home/runner/work/ozone/ozone/hadoop-ozone/integration-test/target/test-dir/MiniOzoneClusterImpl-9128138f-083a-4137-a9cb-d58212e00964/datanode-1/data/ratis/f6e5e969-f68d-49c5-977a-4461322e6c07/in_use.lock acquired by nodename 13094@fv-az212-628
2022-10-09 13:07:12,182 [pool-579-thread-1] INFO  storage.RaftStorage (RaftStorageImpl.java:format(89)) - Storage directory /home/runner/work/ozone/ozone/hadoop-ozone/integration-test/target/test-dir/MiniOzoneClusterImpl-9128138f-083a-4137-a9cb-d58212e00964/datanode-1/data/ratis/f6e5e969-f68d-49c5-977a-4461322e6c07 has been successfully formatted.
2022-10-09 13:07:12,183 [pool-579-thread-1] INFO  ratis.ContainerStateMachine (ContainerStateMachine.java:loadSnapshot(236)) - group-4461322E6C07: The snapshot info is null. Setting the last applied indexto:(t:0, i:~)
2022-10-09 13:07:12,184 [pool-579-thread-1] INFO  server.RaftServerConfigKeys (ConfUtils.java:logGet(46)) - raft.server.notification.no-leader.timeout = 300s (custom)
2022-10-09 13:07:12,184 [pool-579-thread-1] INFO  server.RaftServerConfigKeys (ConfUtils.java:logGet(46)) - raft.server.log.use.memory = false (default)
2022-10-09 13:07:12,184 [pool-579-thread-1] INFO  server.RaftServerConfigKeys (ConfUtils.java:logGet(46)) - raft.server.log.purge.gap = 1000000 (custom)
2022-10-09 13:07:12,184 [pool-579-thread-1] INFO  server.RaftServerConfigKeys (ConfUtils.java:logGet(46)) - raft.server.log.appender.buffer.byte-limit = 33554432 (custom)
2022-10-09 13:07:12,184 [pool-579-thread-1] INFO  server.RaftServerConfigKeys (ConfUtils.java:logGet(46)) - raft.server.log.statemachine.data.read.timeout = 1000ms (default)
2022-10-09 13:07:12,184 [pool-579-thread-1] INFO  server.RaftServerConfigKeys (ConfUtils.java:logGet(46)) - raft.server.log.segment.size.max = 1048576 (custom)
2022-10-09 13:07:12,185 [pool-579-thread-1] INFO  server.RaftServerConfigKeys (ConfUtils.java:logGet(46)) - raft.server.log.segment.cache.num.max = 2 (custom)
2022-10-09 13:07:12,185 [pool-579-thread-1] INFO  server.RaftServerConfigKeys (ConfUtils.java:logGet(46)) - raft.server.log.segment.cache.size.max = 200MB (=209715200) (default)
2022-10-09 13:07:12,185 [pool-579-thread-1] INFO  segmented.SegmentedRaftLogWorker (SegmentedRaftLogWorker.java:<init>(187)) - new 55b9ea12-5ed0-4563-9b80-74e62ded3c41@group-4461322E6C07-SegmentedRaftLogWorker for RaftStorageImpl:Storage Directory /home/runner/work/ozone/ozone/hadoop-ozone/integration-test/target/test-dir/MiniOzoneClusterImpl-9128138f-083a-4137-a9cb-d58212e00964/datanode-1/data/ratis/f6e5e969-f68d-49c5-977a-4461322e6c07
2022-10-09 13:07:12,185 [pool-579-thread-1] INFO  server.RaftServerConfigKeys (ConfUtils.java:logGet(46)) - raft.server.log.queue.byte-limit = 4294967296 (custom)
2022-10-09 13:07:12,185 [pool-579-thread-1] INFO  server.RaftServerConfigKeys (ConfUtils.java:logGet(46)) - raft.server.log.queue.element-limit = 1024 (custom)
2022-10-09 13:07:12,185 [pool-579-thread-1] INFO  server.RaftServerConfigKeys (ConfUtils.java:logGet(46)) - raft.server.log.segment.size.max = 1048576 (custom)
2022-10-09 13:07:12,185 [pool-579-thread-1] INFO  server.RaftServerConfigKeys (ConfUtils.java:logGet(46)) - raft.server.log.preallocated.size = 16384 (custom)
2022-10-09 13:07:12,185 [pool-579-thread-1] INFO  server.RaftServerConfigKeys (ConfUtils.java:logGet(46)) - raft.server.log.force.sync.num = 128 (default)
2022-10-09 13:07:12,185 [pool-579-thread-1] INFO  server.RaftServerConfigKeys (ConfUtils.java:logGet(46)) - raft.server.log.statemachine.data.sync = true (default)
2022-10-09 13:07:12,185 [pool-579-thread-1] INFO  server.RaftServerConfigKeys (ConfUtils.java:logGet(46)) - raft.server.log.statemachine.data.sync.timeout = 10s (default)
2022-10-09 13:07:12,185 [pool-579-thread-1] INFO  server.RaftServerConfigKeys (ConfUtils.java:logGet(46)) - raft.server.log.statemachine.data.sync.timeout.retry = -1 (default)
2022-10-09 13:07:12,186 [pool-579-thread-1] INFO  server.RaftServerConfigKeys (ConfUtils.java:logGet(46)) - raft.server.log.write.buffer.size = 1048576 (custom)
2022-10-09 13:07:12,186 [pool-579-thread-1] INFO  server.RaftServerConfigKeys (ConfUtils.java:logGet(46)) - raft.server.log.unsafe-flush.enabled = false (default)
2022-10-09 13:07:12,186 [pool-579-thread-1] INFO  server.RaftServerConfigKeys (ConfUtils.java:logGet(46)) - raft.server.log.statemachine.data.caching.enabled = true (custom)
2022-10-09 13:07:12,186 [pool-579-thread-1] INFO  segmented.SegmentedRaftLogWorker (SegmentedRaftLogWorker.java:lambda$new$0(135)) - 55b9ea12-5ed0-4563-9b80-74e62ded3c41@group-4461322E6C07-SegmentedRaftLogWorker: flushIndex: setUnconditionally 0 -> -1
2022-10-09 13:07:12,186 [pool-579-thread-1] INFO  segmented.SegmentedRaftLogWorker (SegmentedRaftLogWorker.java:lambda$new$0(135)) - 55b9ea12-5ed0-4563-9b80-74e62ded3c41@group-4461322E6C07-SegmentedRaftLogWorker: safeCacheEvictIndex: setUnconditionally 0 -> -1
2022-10-09 13:07:12,192 [pool-579-thread-1] INFO  server.RaftServerConfigKeys (ConfUtils.java:logGet(46)) - raft.server.snapshot.auto.trigger.enabled = true (custom)
2022-10-09 13:07:12,192 [pool-579-thread-1] INFO  server.RaftServerConfigKeys (ConfUtils.java:logGet(46)) - raft.server.snapshot.auto.trigger.threshold = 10000 (custom)
2022-10-09 13:07:12,192 [pool-579-thread-1] INFO  server.RaftServerConfigKeys (ConfUtils.java:logGet(46)) - raft.server.snapshot.retention.file.num = 5 (custom)
2022-10-09 13:07:12,192 [pool-579-thread-1] INFO  server.RaftServerConfigKeys (ConfUtils.java:logGet(46)) - raft.server.log.purge.upto.snapshot.index = false (default)
2022-10-09 13:07:12,192 [pool-579-thread-1] INFO  server.RaftServerConfigKeys (ConfUtils.java:logGet(46)) - raft.server.retrycache.expirytime = 600000ms (custom)
2022-10-09 13:07:12,192 [pool-579-thread-1] INFO  server.RaftServerConfigKeys (ConfUtils.java:logGet(46)) - raft.server.retrycache.statistics.expirytime = 100μs (default)
2022-10-09 13:07:12,193 [pool-579-thread-1] INFO  server.RaftServerConfigKeys (ConfUtils.java:logGet(46)) - raft.server.log.appender.install.snapshot.enabled = false (custom)
2022-10-09 13:07:12,193 [pool-579-thread-1] INFO  server.RaftServerConfigKeys (ConfUtils.java:logGet(46)) - raft.server.threadpool.server.cached = true (default)
2022-10-09 13:07:12,193 [pool-579-thread-1] INFO  server.RaftServerConfigKeys (ConfUtils.java:logGet(46)) - raft.server.threadpool.server.size = 0 (default)
2022-10-09 13:07:12,193 [pool-579-thread-1] INFO  server.RaftServerConfigKeys (ConfUtils.java:logGet(46)) - raft.server.threadpool.client.cached = true (default)
2022-10-09 13:07:12,193 [pool-579-thread-1] INFO  server.RaftServerConfigKeys (ConfUtils.java:logGet(46)) - raft.server.threadpool.client.size = 0 (default)
2022-10-09 13:07:12,193 [pool-579-thread-1] INFO  server.RaftServer$Division (RaftServerImpl.java:start(310)) - 55b9ea12-5ed0-4563-9b80-74e62ded3c41@group-4461322E6C07: start as a follower, conf=-1: [d46e0485-2442-4c5a-ac53-f23987407338|rpc:10.1.0.209:36777|dataStream:|priority:1, 55b9ea12-5ed0-4563-9b80-74e62ded3c41|rpc:10.1.0.209:45387|dataStream:|priority:0, c6dbff45-d07e-454c-8dcf-e2e002008729|rpc:10.1.0.209:38729|dataStream:|priority:0], old=null
2022-10-09 13:07:12,193 [pool-579-thread-1] INFO  server.RaftServer$Division (RaftServerImpl.java:setRole(299)) - 55b9ea12-5ed0-4563-9b80-74e62ded3c41@group-4461322E6C07: changes role from      null to FOLLOWER at term 0 for startAsFollower
2022-10-09 13:07:12,193 [pool-579-thread-1] INFO  impl.RoleInfo (RoleInfo.java:updateAndGet(139)) - 55b9ea12-5ed0-4563-9b80-74e62ded3c41: start 55b9ea12-5ed0-4563-9b80-74e62ded3c41@group-4461322E6C07-FollowerState
2022-10-09 13:07:12,196 [pool-579-thread-1] INFO  util.JmxRegister (JmxRegister.java:tryRegister(44)) - Successfully registered JMX Bean with object name Ratis:service=RaftServer,group=group-4461322E6C07,id=55b9ea12-5ed0-4563-9b80-74e62ded3c41
2022-10-09 13:07:12,266 [grpc-default-executor-0] INFO  server.RaftServer (RaftServerProxy.java:addNew(96)) - d46e0485-2442-4c5a-ac53-f23987407338: addNew group-4461322E6C07:[d46e0485-2442-4c5a-ac53-f23987407338|rpc:10.1.0.209:36777|dataStream:|priority:1, 55b9ea12-5ed0-4563-9b80-74e62ded3c41|rpc:10.1.0.209:45387|dataStream:|priority:0, c6dbff45-d07e-454c-8dcf-e2e002008729|rpc:10.1.0.209:38729|dataStream:|priority:0] returns group-4461322E6C07:java.util.concurrent.CompletableFuture@64c4ee5c[Not completed]
2022-10-09 13:07:12,267 [pool-602-thread-1] INFO  server.RaftServer$Division (RaftServerImpl.java:<init>(190)) - d46e0485-2442-4c5a-ac53-f23987407338: new RaftServerImpl for group-4461322E6C07:[d46e0485-2442-4c5a-ac53-f23987407338|rpc:10.1.0.209:36777|dataStream:|priority:1, 55b9ea12-5ed0-4563-9b80-74e62ded3c41|rpc:10.1.0.209:45387|dataStream:|priority:0, c6dbff45-d07e-454c-8dcf-e2e002008729|rpc:10.1.0.209:38729|dataStream:|priority:0] with ContainerStateMachine:uninitialized
2022-10-09 13:07:12,267 [pool-602-thread-1] INFO  server.RaftServerConfigKeys (ConfUtils.java:logGet(46)) - raft.server.rpc.timeout.min = 5s (custom)
2022-10-09 13:07:12,267 [pool-602-thread-1] INFO  server.RaftServerConfigKeys (ConfUtils.java:logGet(46)) - raft.server.rpc.timeout.max = 5200ms (custom)
2022-10-09 13:07:12,267 [pool-602-thread-1] INFO  server.RaftServerConfigKeys (ConfUtils.java:logGet(46)) - raft.server.rpc.sleep.time = 25ms (default)
2022-10-09 13:07:12,267 [pool-602-thread-1] INFO  server.RaftServerConfigKeys (ConfUtils.java:logGet(46)) - raft.server.rpc.slowness.timeout = 300s (custom)
2022-10-09 13:07:12,267 [pool-602-thread-1] INFO  server.RaftServerConfigKeys (ConfUtils.java:logGet(46)) - raft.server.leaderelection.leader.step-down.wait-time = 10s (default)
2022-10-09 13:07:12,267 [pool-602-thread-1] INFO  server.RaftServerConfigKeys (ConfUtils.java:logGet(46)) - raft.server.sleep.deviation.threshold = 300ms (default)
2022-10-09 13:07:12,267 [pool-602-thread-1] INFO  server.RaftServer$Division (ServerState.java:<init>(107)) - d46e0485-2442-4c5a-ac53-f23987407338@group-4461322E6C07: ConfigurationManager, init=-1: [d46e0485-2442-4c5a-ac53-f23987407338|rpc:10.1.0.209:36777|dataStream:|priority:1, 55b9ea12-5ed0-4563-9b80-74e62ded3c41|rpc:10.1.0.209:45387|dataStream:|priority:0, c6dbff45-d07e-454c-8dcf-e2e002008729|rpc:10.1.0.209:38729|dataStream:|priority:0], old=null, confs=<EMPTY_MAP>
2022-10-09 13:07:12,267 [pool-602-thread-1] INFO  server.RaftServerConfigKeys (ConfUtils.java:logGet(46)) - raft.server.storage.dir = [/home/runner/work/ozone/ozone/hadoop-ozone/integration-test/target/test-dir/MiniOzoneClusterImpl-9128138f-083a-4137-a9cb-d58212e00964/datanode-2/data/ratis] (custom)
2022-10-09 13:07:12,267 [pool-602-thread-1] INFO  server.RaftServerConfigKeys (ConfUtils.java:logGet(46)) - raft.server.log.corruption.policy = EXCEPTION (default)
2022-10-09 13:07:12,267 [pool-602-thread-1] INFO  server.RaftServerConfigKeys (ConfUtils.java:logGet(46)) - raft.server.storage.free-space.min = 0MB (=0) (default)
2022-10-09 13:07:12,267 [pool-602-thread-1] INFO  storage.RaftStorageDirectory (RaftStorageDirectoryImpl.java:analyzeStorage(135)) - The storage directory /home/runner/work/ozone/ozone/hadoop-ozone/integration-test/target/test-dir/MiniOzoneClusterImpl-9128138f-083a-4137-a9cb-d58212e00964/datanode-2/data/ratis/f6e5e969-f68d-49c5-977a-4461322e6c07 does not exist. Creating ...
2022-10-09 13:07:12,292 [pool-602-thread-1] INFO  storage.RaftStorageDirectory (RaftStorageDirectoryImpl.java:tryLock(230)) - Lock on /home/runner/work/ozone/ozone/hadoop-ozone/integration-test/target/test-dir/MiniOzoneClusterImpl-9128138f-083a-4137-a9cb-d58212e00964/datanode-2/data/ratis/f6e5e969-f68d-49c5-977a-4461322e6c07/in_use.lock acquired by nodename 13094@fv-az212-628
2022-10-09 13:07:12,306 [pool-602-thread-1] INFO  storage.RaftStorage (RaftStorageImpl.java:format(89)) - Storage directory /home/runner/work/ozone/ozone/hadoop-ozone/integration-test/target/test-dir/MiniOzoneClusterImpl-9128138f-083a-4137-a9cb-d58212e00964/datanode-2/data/ratis/f6e5e969-f68d-49c5-977a-4461322e6c07 has been successfully formatted.
2022-10-09 13:07:12,313 [pool-602-thread-1] INFO  ratis.ContainerStateMachine (ContainerStateMachine.java:loadSnapshot(236)) - group-4461322E6C07: The snapshot info is null. Setting the last applied indexto:(t:0, i:~)
2022-10-09 13:07:12,313 [pool-602-thread-1] INFO  server.RaftServerConfigKeys (ConfUtils.java:logGet(46)) - raft.server.notification.no-leader.timeout = 300s (custom)
2022-10-09 13:07:12,313 [pool-602-thread-1] INFO  server.RaftServerConfigKeys (ConfUtils.java:logGet(46)) - raft.server.log.use.memory = false (default)
2022-10-09 13:07:12,313 [pool-602-thread-1] INFO  server.RaftServerConfigKeys (ConfUtils.java:logGet(46)) - raft.server.log.purge.gap = 1000000 (custom)
2022-10-09 13:07:12,313 [pool-602-thread-1] INFO  server.RaftServerConfigKeys (ConfUtils.java:logGet(46)) - raft.server.log.appender.buffer.byte-limit = 33554432 (custom)
2022-10-09 13:07:12,313 [pool-602-thread-1] INFO  server.RaftServerConfigKeys (ConfUtils.java:logGet(46)) - raft.server.log.statemachine.data.read.timeout = 1000ms (default)
2022-10-09 13:07:12,314 [pool-602-thread-1] INFO  server.RaftServerConfigKeys (ConfUtils.java:logGet(46)) - raft.server.log.segment.size.max = 1048576 (custom)
2022-10-09 13:07:12,314 [pool-602-thread-1] INFO  server.RaftServerConfigKeys (ConfUtils.java:logGet(46)) - raft.server.log.segment.cache.num.max = 2 (custom)
2022-10-09 13:07:12,314 [pool-602-thread-1] INFO  server.RaftServerConfigKeys (ConfUtils.java:logGet(46)) - raft.server.log.segment.cache.size.max = 200MB (=209715200) (default)
2022-10-09 13:07:12,314 [pool-602-thread-1] INFO  segmented.SegmentedRaftLogWorker (SegmentedRaftLogWorker.java:<init>(187)) - new d46e0485-2442-4c5a-ac53-f23987407338@group-4461322E6C07-SegmentedRaftLogWorker for RaftStorageImpl:Storage Directory /home/runner/work/ozone/ozone/hadoop-ozone/integration-test/target/test-dir/MiniOzoneClusterImpl-9128138f-083a-4137-a9cb-d58212e00964/datanode-2/data/ratis/f6e5e969-f68d-49c5-977a-4461322e6c07
2022-10-09 13:07:12,314 [pool-602-thread-1] INFO  server.RaftServerConfigKeys (ConfUtils.java:logGet(46)) - raft.server.log.queue.byte-limit = 4294967296 (custom)
2022-10-09 13:07:12,314 [pool-602-thread-1] INFO  server.RaftServerConfigKeys (ConfUtils.java:logGet(46)) - raft.server.log.queue.element-limit = 1024 (custom)
2022-10-09 13:07:12,314 [pool-602-thread-1] INFO  server.RaftServerConfigKeys (ConfUtils.java:logGet(46)) - raft.server.log.segment.size.max = 1048576 (custom)
2022-10-09 13:07:12,314 [pool-602-thread-1] INFO  server.RaftServerConfigKeys (ConfUtils.java:logGet(46)) - raft.server.log.preallocated.size = 16384 (custom)
2022-10-09 13:07:12,314 [pool-602-thread-1] INFO  server.RaftServerConfigKeys (ConfUtils.java:logGet(46)) - raft.server.log.force.sync.num = 128 (default)
2022-10-09 13:07:12,314 [pool-602-thread-1] INFO  server.RaftServerConfigKeys (ConfUtils.java:logGet(46)) - raft.server.log.statemachine.data.sync = true (default)
2022-10-09 13:07:12,314 [pool-602-thread-1] INFO  server.RaftServerConfigKeys (ConfUtils.java:logGet(46)) - raft.server.log.statemachine.data.sync.timeout = 10s (default)
2022-10-09 13:07:12,315 [pool-602-thread-1] INFO  server.RaftServerConfigKeys (ConfUtils.java:logGet(46)) - raft.server.log.statemachine.data.sync.timeout.retry = -1 (default)
2022-10-09 13:07:12,327 [pool-602-thread-1] INFO  server.RaftServerConfigKeys (ConfUtils.java:logGet(46)) - raft.server.log.write.buffer.size = 1048576 (custom)
2022-10-09 13:07:12,327 [pool-602-thread-1] INFO  server.RaftServerConfigKeys (ConfUtils.java:logGet(46)) - raft.server.log.unsafe-flush.enabled = false (default)
2022-10-09 13:07:12,327 [pool-602-thread-1] INFO  server.RaftServerConfigKeys (ConfUtils.java:logGet(46)) - raft.server.log.statemachine.data.caching.enabled = true (custom)
2022-10-09 13:07:12,328 [pool-602-thread-1] INFO  segmented.SegmentedRaftLogWorker (SegmentedRaftLogWorker.java:lambda$new$0(135)) - d46e0485-2442-4c5a-ac53-f23987407338@group-4461322E6C07-SegmentedRaftLogWorker: flushIndex: setUnconditionally 0 -> -1
2022-10-09 13:07:12,328 [pool-602-thread-1] INFO  segmented.SegmentedRaftLogWorker (SegmentedRaftLogWorker.java:lambda$new$0(135)) - d46e0485-2442-4c5a-ac53-f23987407338@group-4461322E6C07-SegmentedRaftLogWorker: safeCacheEvictIndex: setUnconditionally 0 -> -1
2022-10-09 13:07:12,332 [pool-602-thread-1] INFO  server.RaftServerConfigKeys (ConfUtils.java:logGet(46)) - raft.server.snapshot.auto.trigger.enabled = true (custom)
2022-10-09 13:07:12,332 [pool-602-thread-1] INFO  server.RaftServerConfigKeys (ConfUtils.java:logGet(46)) - raft.server.snapshot.auto.trigger.threshold = 10000 (custom)
2022-10-09 13:07:12,332 [pool-602-thread-1] INFO  server.RaftServerConfigKeys (ConfUtils.java:logGet(46)) - raft.server.snapshot.retention.file.num = 5 (custom)
2022-10-09 13:07:12,332 [pool-602-thread-1] INFO  server.RaftServerConfigKeys (ConfUtils.java:logGet(46)) - raft.server.log.purge.upto.snapshot.index = false (default)
2022-10-09 13:07:12,332 [pool-602-thread-1] INFO  server.RaftServerConfigKeys (ConfUtils.java:logGet(46)) - raft.server.retrycache.expirytime = 600000ms (custom)
2022-10-09 13:07:12,332 [pool-602-thread-1] INFO  server.RaftServerConfigKeys (ConfUtils.java:logGet(46)) - raft.server.retrycache.statistics.expirytime = 100μs (default)
2022-10-09 13:07:12,333 [pool-602-thread-1] INFO  server.RaftServerConfigKeys (ConfUtils.java:logGet(46)) - raft.server.log.appender.install.snapshot.enabled = false (custom)
2022-10-09 13:07:12,333 [pool-602-thread-1] INFO  server.RaftServerConfigKeys (ConfUtils.java:logGet(46)) - raft.server.threadpool.server.cached = true (default)
2022-10-09 13:07:12,333 [pool-602-thread-1] INFO  server.RaftServerConfigKeys (ConfUtils.java:logGet(46)) - raft.server.threadpool.server.size = 0 (default)
2022-10-09 13:07:12,333 [pool-602-thread-1] INFO  server.RaftServerConfigKeys (ConfUtils.java:logGet(46)) - raft.server.threadpool.client.cached = true (default)
2022-10-09 13:07:12,333 [pool-602-thread-1] INFO  server.RaftServerConfigKeys (ConfUtils.java:logGet(46)) - raft.server.threadpool.client.size = 0 (default)
2022-10-09 13:07:12,333 [pool-602-thread-1] INFO  server.RaftServer$Division (RaftServerImpl.java:start(310)) - d46e0485-2442-4c5a-ac53-f23987407338@group-4461322E6C07: start as a follower, conf=-1: [d46e0485-2442-4c5a-ac53-f23987407338|rpc:10.1.0.209:36777|dataStream:|priority:1, 55b9ea12-5ed0-4563-9b80-74e62ded3c41|rpc:10.1.0.209:45387|dataStream:|priority:0, c6dbff45-d07e-454c-8dcf-e2e002008729|rpc:10.1.0.209:38729|dataStream:|priority:0], old=null
2022-10-09 13:07:12,333 [pool-602-thread-1] INFO  server.RaftServer$Division (RaftServerImpl.java:setRole(299)) - d46e0485-2442-4c5a-ac53-f23987407338@group-4461322E6C07: changes role from      null to FOLLOWER at term 0 for startAsFollower
2022-10-09 13:07:12,333 [pool-602-thread-1] INFO  impl.RoleInfo (RoleInfo.java:updateAndGet(139)) - d46e0485-2442-4c5a-ac53-f23987407338: start d46e0485-2442-4c5a-ac53-f23987407338@group-4461322E6C07-FollowerState
2022-10-09 13:07:12,336 [pool-602-thread-1] INFO  util.JmxRegister (JmxRegister.java:tryRegister(44)) - Successfully registered JMX Bean with object name Ratis:service=RaftServer,group=group-4461322E6C07,id=d46e0485-2442-4c5a-ac53-f23987407338
2022-10-09 13:07:12,367 [Command processor thread] INFO  commandhandler.CreatePipelineCommandHandler (CreatePipelineCommandHandler.java:handle(113)) - Created Pipeline RATIS THREE PipelineID=f6e5e969-f68d-49c5-977a-4461322e6c07.
2022-10-09 13:07:12,367 [Command processor thread] INFO  server.RaftServer (RaftServerProxy.java:addNew(96)) - c6dbff45-d07e-454c-8dcf-e2e002008729: addNew group-D29FF858C3F0:[d46e0485-2442-4c5a-ac53-f23987407338|rpc:10.1.0.209:36777|priority:0, 55b9ea12-5ed0-4563-9b80-74e62ded3c41|rpc:10.1.0.209:45387|priority:1, c6dbff45-d07e-454c-8dcf-e2e002008729|rpc:10.1.0.209:38729|priority:0] returns group-D29FF858C3F0:java.util.concurrent.CompletableFuture@4bdee8a4[Not completed]
2022-10-09 13:07:12,384 [pool-556-thread-1] INFO  server.RaftServer$Division (RaftServerImpl.java:<init>(190)) - c6dbff45-d07e-454c-8dcf-e2e002008729: new RaftServerImpl for group-D29FF858C3F0:[d46e0485-2442-4c5a-ac53-f23987407338|rpc:10.1.0.209:36777|priority:0, 55b9ea12-5ed0-4563-9b80-74e62ded3c41|rpc:10.1.0.209:45387|priority:1, c6dbff45-d07e-454c-8dcf-e2e002008729|rpc:10.1.0.209:38729|priority:0] with ContainerStateMachine:uninitialized
2022-10-09 13:07:12,384 [pool-556-thread-1] INFO  server.RaftServerConfigKeys (ConfUtils.java:logGet(46)) - raft.server.rpc.timeout.min = 5s (custom)
2022-10-09 13:07:12,384 [pool-556-thread-1] INFO  server.RaftServerConfigKeys (ConfUtils.java:logGet(46)) - raft.server.rpc.timeout.max = 5200ms (custom)
2022-10-09 13:07:12,384 [pool-556-thread-1] INFO  server.RaftServerConfigKeys (ConfUtils.java:logGet(46)) - raft.server.rpc.sleep.time = 25ms (default)
2022-10-09 13:07:12,384 [pool-556-thread-1] INFO  server.RaftServerConfigKeys (ConfUtils.java:logGet(46)) - raft.server.rpc.slowness.timeout = 300s (custom)
2022-10-09 13:07:12,384 [pool-556-thread-1] INFO  server.RaftServerConfigKeys (ConfUtils.java:logGet(46)) - raft.server.leaderelection.leader.step-down.wait-time = 10s (default)
2022-10-09 13:07:12,384 [pool-556-thread-1] INFO  server.RaftServerConfigKeys (ConfUtils.java:logGet(46)) - raft.server.sleep.deviation.threshold = 300ms (default)
2022-10-09 13:07:12,384 [pool-556-thread-1] INFO  server.RaftServer$Division (ServerState.java:<init>(107)) - c6dbff45-d07e-454c-8dcf-e2e002008729@group-D29FF858C3F0: ConfigurationManager, init=-1: [d46e0485-2442-4c5a-ac53-f23987407338|rpc:10.1.0.209:36777|priority:0, 55b9ea12-5ed0-4563-9b80-74e62ded3c41|rpc:10.1.0.209:45387|priority:1, c6dbff45-d07e-454c-8dcf-e2e002008729|rpc:10.1.0.209:38729|priority:0], old=null, confs=<EMPTY_MAP>
2022-10-09 13:07:12,384 [pool-556-thread-1] INFO  server.RaftServerConfigKeys (ConfUtils.java:logGet(46)) - raft.server.storage.dir = [/home/runner/work/ozone/ozone/hadoop-ozone/integration-test/target/test-dir/MiniOzoneClusterImpl-9128138f-083a-4137-a9cb-d58212e00964/datanode-0/data/ratis] (custom)
2022-10-09 13:07:12,384 [pool-556-thread-1] INFO  server.RaftServerConfigKeys (ConfUtils.java:logGet(46)) - raft.server.log.corruption.policy = EXCEPTION (default)
2022-10-09 13:07:12,384 [pool-556-thread-1] INFO  server.RaftServerConfigKeys (ConfUtils.java:logGet(46)) - raft.server.storage.free-space.min = 0MB (=0) (default)
2022-10-09 13:07:12,385 [pool-556-thread-1] INFO  storage.RaftStorageDirectory (RaftStorageDirectoryImpl.java:analyzeStorage(135)) - The storage directory /home/runner/work/ozone/ozone/hadoop-ozone/integration-test/target/test-dir/MiniOzoneClusterImpl-9128138f-083a-4137-a9cb-d58212e00964/datanode-0/data/ratis/d2aa0f9e-e83d-43ce-a4d6-d29ff858c3f0 does not exist. Creating ...
2022-10-09 13:07:12,386 [pool-556-thread-1] INFO  storage.RaftStorageDirectory (RaftStorageDirectoryImpl.java:tryLock(230)) - Lock on /home/runner/work/ozone/ozone/hadoop-ozone/integration-test/target/test-dir/MiniOzoneClusterImpl-9128138f-083a-4137-a9cb-d58212e00964/datanode-0/data/ratis/d2aa0f9e-e83d-43ce-a4d6-d29ff858c3f0/in_use.lock acquired by nodename 13094@fv-az212-628
2022-10-09 13:07:12,397 [pool-556-thread-1] INFO  storage.RaftStorage (RaftStorageImpl.java:format(89)) - Storage directory /home/runner/work/ozone/ozone/hadoop-ozone/integration-test/target/test-dir/MiniOzoneClusterImpl-9128138f-083a-4137-a9cb-d58212e00964/datanode-0/data/ratis/d2aa0f9e-e83d-43ce-a4d6-d29ff858c3f0 has been successfully formatted.
2022-10-09 13:07:12,397 [pool-556-thread-1] INFO  ratis.ContainerStateMachine (ContainerStateMachine.java:loadSnapshot(236)) - group-D29FF858C3F0: The snapshot info is null. Setting the last applied indexto:(t:0, i:~)
2022-10-09 13:07:12,397 [pool-556-thread-1] INFO  server.RaftServerConfigKeys (ConfUtils.java:logGet(46)) - raft.server.notification.no-leader.timeout = 300s (custom)
2022-10-09 13:07:12,397 [pool-556-thread-1] INFO  server.RaftServerConfigKeys (ConfUtils.java:logGet(46)) - raft.server.log.use.memory = false (default)
2022-10-09 13:07:12,397 [pool-556-thread-1] INFO  server.RaftServerConfigKeys (ConfUtils.java:logGet(46)) - raft.server.log.purge.gap = 1000000 (custom)
2022-10-09 13:07:12,397 [pool-556-thread-1] INFO  server.RaftServerConfigKeys (ConfUtils.java:logGet(46)) - raft.server.log.appender.buffer.byte-limit = 33554432 (custom)
2022-10-09 13:07:12,398 [pool-556-thread-1] INFO  server.RaftServerConfigKeys (ConfUtils.java:logGet(46)) - raft.server.log.statemachine.data.read.timeout = 1000ms (default)
2022-10-09 13:07:12,398 [pool-556-thread-1] INFO  server.RaftServerConfigKeys (ConfUtils.java:logGet(46)) - raft.server.log.segment.size.max = 1048576 (custom)
2022-10-09 13:07:12,398 [pool-556-thread-1] INFO  server.RaftServerConfigKeys (ConfUtils.java:logGet(46)) - raft.server.log.segment.cache.num.max = 2 (custom)
2022-10-09 13:07:12,398 [pool-556-thread-1] INFO  server.RaftServerConfigKeys (ConfUtils.java:logGet(46)) - raft.server.log.segment.cache.size.max = 200MB (=209715200) (default)
2022-10-09 13:07:12,398 [pool-556-thread-1] INFO  segmented.SegmentedRaftLogWorker (SegmentedRaftLogWorker.java:<init>(187)) - new c6dbff45-d07e-454c-8dcf-e2e002008729@group-D29FF858C3F0-SegmentedRaftLogWorker for RaftStorageImpl:Storage Directory /home/runner/work/ozone/ozone/hadoop-ozone/integration-test/target/test-dir/MiniOzoneClusterImpl-9128138f-083a-4137-a9cb-d58212e00964/datanode-0/data/ratis/d2aa0f9e-e83d-43ce-a4d6-d29ff858c3f0
2022-10-09 13:07:12,398 [pool-556-thread-1] INFO  server.RaftServerConfigKeys (ConfUtils.java:logGet(46)) - raft.server.log.queue.byte-limit = 4294967296 (custom)
2022-10-09 13:07:12,398 [pool-556-thread-1] INFO  server.RaftServerConfigKeys (ConfUtils.java:logGet(46)) - raft.server.log.queue.element-limit = 1024 (custom)
2022-10-09 13:07:12,398 [pool-556-thread-1] INFO  server.RaftServerConfigKeys (ConfUtils.java:logGet(46)) - raft.server.log.segment.size.max = 1048576 (custom)
2022-10-09 13:07:12,398 [pool-556-thread-1] INFO  server.RaftServerConfigKeys (ConfUtils.java:logGet(46)) - raft.server.log.preallocated.size = 16384 (custom)
2022-10-09 13:07:12,398 [pool-556-thread-1] INFO  server.RaftServerConfigKeys (ConfUtils.java:logGet(46)) - raft.server.log.force.sync.num = 128 (default)
2022-10-09 13:07:12,398 [pool-556-thread-1] INFO  server.RaftServerConfigKeys (ConfUtils.java:logGet(46)) - raft.server.log.statemachine.data.sync = true (default)
2022-10-09 13:07:12,398 [pool-556-thread-1] INFO  server.RaftServerConfigKeys (ConfUtils.java:logGet(46)) - raft.server.log.statemachine.data.sync.timeout = 10s (default)
2022-10-09 13:07:12,398 [pool-556-thread-1] INFO  server.RaftServerConfigKeys (ConfUtils.java:logGet(46)) - raft.server.log.statemachine.data.sync.timeout.retry = -1 (default)
2022-10-09 13:07:12,399 [pool-556-thread-1] INFO  server.RaftServerConfigKeys (ConfUtils.java:logGet(46)) - raft.server.log.write.buffer.size = 1048576 (custom)
2022-10-09 13:07:12,400 [Listener at 127.0.0.1/33359] INFO  ozone.MiniOzoneClusterImpl (MiniOzoneClusterImpl.java:lambda$waitForClusterToBeReady$0(216)) - Waiting for nodes to be ready. Got 4 of 5 DN Heartbeats.
2022-10-09 13:07:12,400 [Listener at 127.0.0.1/33359] INFO  ozone.MiniOzoneClusterImpl (MiniOzoneClusterImpl.java:lambda$waitForClusterToBeReady$0(219)) - Waiting for cluster to exit safe mode
2022-10-09 13:07:12,400 [Listener at 127.0.0.1/33359] INFO  ozone.MiniOzoneClusterImpl (MiniOzoneClusterImpl.java:lambda$waitForClusterToBeReady$0(221)) - SCM became leader
2022-10-09 13:07:12,403 [EventQueue-OpenPipelineForHealthyPipelineSafeModeRule] INFO  safemode.SCMSafeModeManager (HealthyPipelineSafeModeRule.java:process(137)) - SCM in safe mode. Healthy pipelines reported count is 0, required healthy pipeline reported count is 1
2022-10-09 13:07:12,405 [pool-556-thread-1] INFO  server.RaftServerConfigKeys (ConfUtils.java:logGet(46)) - raft.server.log.unsafe-flush.enabled = false (default)
2022-10-09 13:07:12,405 [pool-556-thread-1] INFO  server.RaftServerConfigKeys (ConfUtils.java:logGet(46)) - raft.server.log.statemachine.data.caching.enabled = true (custom)
2022-10-09 13:07:12,405 [pool-556-thread-1] INFO  segmented.SegmentedRaftLogWorker (SegmentedRaftLogWorker.java:lambda$new$0(135)) - c6dbff45-d07e-454c-8dcf-e2e002008729@group-D29FF858C3F0-SegmentedRaftLogWorker: flushIndex: setUnconditionally 0 -> -1
2022-10-09 13:07:12,405 [pool-556-thread-1] INFO  segmented.SegmentedRaftLogWorker (SegmentedRaftLogWorker.java:lambda$new$0(135)) - c6dbff45-d07e-454c-8dcf-e2e002008729@group-D29FF858C3F0-SegmentedRaftLogWorker: safeCacheEvictIndex: setUnconditionally 0 -> -1
2022-10-09 13:07:12,414 [pool-556-thread-1] INFO  server.RaftServerConfigKeys (ConfUtils.java:logGet(46)) - raft.server.snapshot.auto.trigger.enabled = true (custom)
2022-10-09 13:07:12,414 [pool-556-thread-1] INFO  server.RaftServerConfigKeys (ConfUtils.java:logGet(46)) - raft.server.snapshot.auto.trigger.threshold = 10000 (custom)
2022-10-09 13:07:12,414 [pool-556-thread-1] INFO  server.RaftServerConfigKeys (ConfUtils.java:logGet(46)) - raft.server.snapshot.retention.file.num = 5 (custom)
2022-10-09 13:07:12,414 [pool-556-thread-1] INFO  server.RaftServerConfigKeys (ConfUtils.java:logGet(46)) - raft.server.log.purge.upto.snapshot.index = false (default)
2022-10-09 13:07:12,414 [pool-556-thread-1] INFO  server.RaftServerConfigKeys (ConfUtils.java:logGet(46)) - raft.server.retrycache.expirytime = 600000ms (custom)
2022-10-09 13:07:12,415 [pool-556-thread-1] INFO  server.RaftServerConfigKeys (ConfUtils.java:logGet(46)) - raft.server.retrycache.statistics.expirytime = 100μs (default)
2022-10-09 13:07:12,416 [pool-556-thread-1] INFO  server.RaftServerConfigKeys (ConfUtils.java:logGet(46)) - raft.server.log.appender.install.snapshot.enabled = false (custom)
2022-10-09 13:07:12,416 [pool-556-thread-1] INFO  server.RaftServerConfigKeys (ConfUtils.java:logGet(46)) - raft.server.threadpool.server.cached = true (default)
2022-10-09 13:07:12,416 [pool-556-thread-1] INFO  server.RaftServerConfigKeys (ConfUtils.java:logGet(46)) - raft.server.threadpool.server.size = 0 (default)
2022-10-09 13:07:12,416 [pool-556-thread-1] INFO  server.RaftServerConfigKeys (ConfUtils.java:logGet(46)) - raft.server.threadpool.client.cached = true (default)
2022-10-09 13:07:12,416 [pool-556-thread-1] INFO  server.RaftServerConfigKeys (ConfUtils.java:logGet(46)) - raft.server.threadpool.client.size = 0 (default)
2022-10-09 13:07:12,416 [pool-556-thread-1] INFO  server.RaftServer$Division (RaftServerImpl.java:start(310)) - c6dbff45-d07e-454c-8dcf-e2e002008729@group-D29FF858C3F0: start as a follower, conf=-1: [d46e0485-2442-4c5a-ac53-f23987407338|rpc:10.1.0.209:36777|priority:0, 55b9ea12-5ed0-4563-9b80-74e62ded3c41|rpc:10.1.0.209:45387|priority:1, c6dbff45-d07e-454c-8dcf-e2e002008729|rpc:10.1.0.209:38729|priority:0], old=null
2022-10-09 13:07:12,416 [pool-556-thread-1] INFO  server.RaftServer$Division (RaftServerImpl.java:setRole(299)) - c6dbff45-d07e-454c-8dcf-e2e002008729@group-D29FF858C3F0: changes role from      null to FOLLOWER at term 0 for startAsFollower
2022-10-09 13:07:12,416 [pool-556-thread-1] INFO  impl.RoleInfo (RoleInfo.java:updateAndGet(139)) - c6dbff45-d07e-454c-8dcf-e2e002008729: start c6dbff45-d07e-454c-8dcf-e2e002008729@group-D29FF858C3F0-FollowerState
2022-10-09 13:07:12,424 [pool-556-thread-1] INFO  util.JmxRegister (JmxRegister.java:tryRegister(44)) - Successfully registered JMX Bean with object name Ratis:service=RaftServer,group=group-D29FF858C3F0,id=c6dbff45-d07e-454c-8dcf-e2e002008729
2022-10-09 13:07:12,424 [Command processor thread] INFO  ratis.XceiverServerRatis (XceiverServerRatis.java:addGroup(765)) - Created group PipelineID=d2aa0f9e-e83d-43ce-a4d6-d29ff858c3f0
2022-10-09 13:07:12,454 [grpc-default-executor-0] INFO  server.RaftServer (RaftServerProxy.java:addNew(96)) - 55b9ea12-5ed0-4563-9b80-74e62ded3c41: addNew group-D29FF858C3F0:[d46e0485-2442-4c5a-ac53-f23987407338|rpc:10.1.0.209:36777|dataStream:|priority:0, 55b9ea12-5ed0-4563-9b80-74e62ded3c41|rpc:10.1.0.209:45387|dataStream:|priority:1, c6dbff45-d07e-454c-8dcf-e2e002008729|rpc:10.1.0.209:38729|dataStream:|priority:0] returns group-D29FF858C3F0:java.util.concurrent.CompletableFuture@15b8a096[Not completed]
2022-10-09 13:07:12,454 [pool-579-thread-1] INFO  server.RaftServer$Division (RaftServerImpl.java:<init>(190)) - 55b9ea12-5ed0-4563-9b80-74e62ded3c41: new RaftServerImpl for group-D29FF858C3F0:[d46e0485-2442-4c5a-ac53-f23987407338|rpc:10.1.0.209:36777|dataStream:|priority:0, 55b9ea12-5ed0-4563-9b80-74e62ded3c41|rpc:10.1.0.209:45387|dataStream:|priority:1, c6dbff45-d07e-454c-8dcf-e2e002008729|rpc:10.1.0.209:38729|dataStream:|priority:0] with ContainerStateMachine:uninitialized
2022-10-09 13:07:12,455 [pool-579-thread-1] INFO  server.RaftServerConfigKeys (ConfUtils.java:logGet(46)) - raft.server.rpc.timeout.min = 5s (custom)
2022-10-09 13:07:12,455 [pool-579-thread-1] INFO  server.RaftServerConfigKeys (ConfUtils.java:logGet(46)) - raft.server.rpc.timeout.max = 5200ms (custom)
2022-10-09 13:07:12,455 [pool-579-thread-1] INFO  server.RaftServerConfigKeys (ConfUtils.java:logGet(46)) - raft.server.rpc.sleep.time = 25ms (default)
2022-10-09 13:07:12,455 [pool-579-thread-1] INFO  server.RaftServerConfigKeys (ConfUtils.java:logGet(46)) - raft.server.rpc.slowness.timeout = 300s (custom)
2022-10-09 13:07:12,455 [pool-579-thread-1] INFO  server.RaftServerConfigKeys (ConfUtils.java:logGet(46)) - raft.server.leaderelection.leader.step-down.wait-time = 10s (default)
2022-10-09 13:07:12,455 [pool-579-thread-1] INFO  server.RaftServerConfigKeys (ConfUtils.java:logGet(46)) - raft.server.sleep.deviation.threshold = 300ms (default)
2022-10-09 13:07:12,455 [pool-579-thread-1] INFO  server.RaftServer$Division (ServerState.java:<init>(107)) - 55b9ea12-5ed0-4563-9b80-74e62ded3c41@group-D29FF858C3F0: ConfigurationManager, init=-1: [d46e0485-2442-4c5a-ac53-f23987407338|rpc:10.1.0.209:36777|dataStream:|priority:0, 55b9ea12-5ed0-4563-9b80-74e62ded3c41|rpc:10.1.0.209:45387|dataStream:|priority:1, c6dbff45-d07e-454c-8dcf-e2e002008729|rpc:10.1.0.209:38729|dataStream:|priority:0], old=null, confs=<EMPTY_MAP>
2022-10-09 13:07:12,455 [pool-579-thread-1] INFO  server.RaftServerConfigKeys (ConfUtils.java:logGet(46)) - raft.server.storage.dir = [/home/runner/work/ozone/ozone/hadoop-ozone/integration-test/target/test-dir/MiniOzoneClusterImpl-9128138f-083a-4137-a9cb-d58212e00964/datanode-1/data/ratis] (custom)
2022-10-09 13:07:12,455 [pool-579-thread-1] INFO  server.RaftServerConfigKeys (ConfUtils.java:logGet(46)) - raft.server.log.corruption.policy = EXCEPTION (default)
2022-10-09 13:07:12,455 [pool-579-thread-1] INFO  server.RaftServerConfigKeys (ConfUtils.java:logGet(46)) - raft.server.storage.free-space.min = 0MB (=0) (default)
2022-10-09 13:07:12,455 [pool-579-thread-1] INFO  storage.RaftStorageDirectory (RaftStorageDirectoryImpl.java:analyzeStorage(135)) - The storage directory /home/runner/work/ozone/ozone/hadoop-ozone/integration-test/target/test-dir/MiniOzoneClusterImpl-9128138f-083a-4137-a9cb-d58212e00964/datanode-1/data/ratis/d2aa0f9e-e83d-43ce-a4d6-d29ff858c3f0 does not exist. Creating ...
2022-10-09 13:07:12,461 [pool-579-thread-1] INFO  storage.RaftStorageDirectory (RaftStorageDirectoryImpl.java:tryLock(230)) - Lock on /home/runner/work/ozone/ozone/hadoop-ozone/integration-test/target/test-dir/MiniOzoneClusterImpl-9128138f-083a-4137-a9cb-d58212e00964/datanode-1/data/ratis/d2aa0f9e-e83d-43ce-a4d6-d29ff858c3f0/in_use.lock acquired by nodename 13094@fv-az212-628
2022-10-09 13:07:12,462 [pool-579-thread-1] INFO  storage.RaftStorage (RaftStorageImpl.java:format(89)) - Storage directory /home/runner/work/ozone/ozone/hadoop-ozone/integration-test/target/test-dir/MiniOzoneClusterImpl-9128138f-083a-4137-a9cb-d58212e00964/datanode-1/data/ratis/d2aa0f9e-e83d-43ce-a4d6-d29ff858c3f0 has been successfully formatted.
2022-10-09 13:07:12,462 [pool-579-thread-1] INFO  ratis.ContainerStateMachine (ContainerStateMachine.java:loadSnapshot(236)) - group-D29FF858C3F0: The snapshot info is null. Setting the last applied indexto:(t:0, i:~)
2022-10-09 13:07:12,462 [pool-579-thread-1] INFO  server.RaftServerConfigKeys (ConfUtils.java:logGet(46)) - raft.server.notification.no-leader.timeout = 300s (custom)
2022-10-09 13:07:12,462 [pool-579-thread-1] INFO  server.RaftServerConfigKeys (ConfUtils.java:logGet(46)) - raft.server.log.use.memory = false (default)
2022-10-09 13:07:12,462 [pool-579-thread-1] INFO  server.RaftServerConfigKeys (ConfUtils.java:logGet(46)) - raft.server.log.purge.gap = 1000000 (custom)
2022-10-09 13:07:12,462 [pool-579-thread-1] INFO  server.RaftServerConfigKeys (ConfUtils.java:logGet(46)) - raft.server.log.appender.buffer.byte-limit = 33554432 (custom)
2022-10-09 13:07:12,462 [pool-579-thread-1] INFO  server.RaftServerConfigKeys (ConfUtils.java:logGet(46)) - raft.server.log.statemachine.data.read.timeout = 1000ms (default)
2022-10-09 13:07:12,463 [pool-579-thread-1] INFO  server.RaftServerConfigKeys (ConfUtils.java:logGet(46)) - raft.server.log.segment.size.max = 1048576 (custom)
2022-10-09 13:07:12,463 [pool-579-thread-1] INFO  server.RaftServerConfigKeys (ConfUtils.java:logGet(46)) - raft.server.log.segment.cache.num.max = 2 (custom)
2022-10-09 13:07:12,463 [pool-579-thread-1] INFO  server.RaftServerConfigKeys (ConfUtils.java:logGet(46)) - raft.server.log.segment.cache.size.max = 200MB (=209715200) (default)
2022-10-09 13:07:12,463 [pool-579-thread-1] INFO  segmented.SegmentedRaftLogWorker (SegmentedRaftLogWorker.java:<init>(187)) - new 55b9ea12-5ed0-4563-9b80-74e62ded3c41@group-D29FF858C3F0-SegmentedRaftLogWorker for RaftStorageImpl:Storage Directory /home/runner/work/ozone/ozone/hadoop-ozone/integration-test/target/test-dir/MiniOzoneClusterImpl-9128138f-083a-4137-a9cb-d58212e00964/datanode-1/data/ratis/d2aa0f9e-e83d-43ce-a4d6-d29ff858c3f0
2022-10-09 13:07:12,463 [pool-579-thread-1] INFO  server.RaftServerConfigKeys (ConfUtils.java:logGet(46)) - raft.server.log.queue.byte-limit = 4294967296 (custom)
2022-10-09 13:07:12,463 [pool-579-thread-1] INFO  server.RaftServerConfigKeys (ConfUtils.java:logGet(46)) - raft.server.log.queue.element-limit = 1024 (custom)
2022-10-09 13:07:12,463 [pool-579-thread-1] INFO  server.RaftServerConfigKeys (ConfUtils.java:logGet(46)) - raft.server.log.segment.size.max = 1048576 (custom)
2022-10-09 13:07:12,463 [pool-579-thread-1] INFO  server.RaftServerConfigKeys (ConfUtils.java:logGet(46)) - raft.server.log.preallocated.size = 16384 (custom)
2022-10-09 13:07:12,463 [pool-579-thread-1] INFO  server.RaftServerConfigKeys (ConfUtils.java:logGet(46)) - raft.server.log.force.sync.num = 128 (default)
2022-10-09 13:07:12,463 [pool-579-thread-1] INFO  server.RaftServerConfigKeys (ConfUtils.java:logGet(46)) - raft.server.log.statemachine.data.sync = true (default)
2022-10-09 13:07:12,463 [pool-579-thread-1] INFO  server.RaftServerConfigKeys (ConfUtils.java:logGet(46)) - raft.server.log.statemachine.data.sync.timeout = 10s (default)
2022-10-09 13:07:12,463 [pool-579-thread-1] INFO  server.RaftServerConfigKeys (ConfUtils.java:logGet(46)) - raft.server.log.statemachine.data.sync.timeout.retry = -1 (default)
2022-10-09 13:07:12,467 [pool-579-thread-1] INFO  server.RaftServerConfigKeys (ConfUtils.java:logGet(46)) - raft.server.log.write.buffer.size = 1048576 (custom)
2022-10-09 13:07:12,467 [pool-579-thread-1] INFO  server.RaftServerConfigKeys (ConfUtils.java:logGet(46)) - raft.server.log.unsafe-flush.enabled = false (default)
2022-10-09 13:07:12,467 [pool-579-thread-1] INFO  server.RaftServerConfigKeys (ConfUtils.java:logGet(46)) - raft.server.log.statemachine.data.caching.enabled = true (custom)
2022-10-09 13:07:12,467 [pool-579-thread-1] INFO  segmented.SegmentedRaftLogWorker (SegmentedRaftLogWorker.java:lambda$new$0(135)) - 55b9ea12-5ed0-4563-9b80-74e62ded3c41@group-D29FF858C3F0-SegmentedRaftLogWorker: flushIndex: setUnconditionally 0 -> -1
2022-10-09 13:07:12,467 [pool-579-thread-1] INFO  segmented.SegmentedRaftLogWorker (SegmentedRaftLogWorker.java:lambda$new$0(135)) - 55b9ea12-5ed0-4563-9b80-74e62ded3c41@group-D29FF858C3F0-SegmentedRaftLogWorker: safeCacheEvictIndex: setUnconditionally 0 -> -1
2022-10-09 13:07:12,470 [pool-579-thread-1] INFO  server.RaftServerConfigKeys (ConfUtils.java:logGet(46)) - raft.server.snapshot.auto.trigger.enabled = true (custom)
2022-10-09 13:07:12,471 [pool-579-thread-1] INFO  server.RaftServerConfigKeys (ConfUtils.java:logGet(46)) - raft.server.snapshot.auto.trigger.threshold = 10000 (custom)
2022-10-09 13:07:12,471 [pool-579-thread-1] INFO  server.RaftServerConfigKeys (ConfUtils.java:logGet(46)) - raft.server.snapshot.retention.file.num = 5 (custom)
2022-10-09 13:07:12,471 [pool-579-thread-1] INFO  server.RaftServerConfigKeys (ConfUtils.java:logGet(46)) - raft.server.log.purge.upto.snapshot.index = false (default)
2022-10-09 13:07:12,471 [pool-579-thread-1] INFO  server.RaftServerConfigKeys (ConfUtils.java:logGet(46)) - raft.server.retrycache.expirytime = 600000ms (custom)
2022-10-09 13:07:12,471 [pool-579-thread-1] INFO  server.RaftServerConfigKeys (ConfUtils.java:logGet(46)) - raft.server.retrycache.statistics.expirytime = 100μs (default)
2022-10-09 13:07:12,472 [pool-579-thread-1] INFO  server.RaftServerConfigKeys (ConfUtils.java:logGet(46)) - raft.server.log.appender.install.snapshot.enabled = false (custom)
2022-10-09 13:07:12,472 [pool-579-thread-1] INFO  server.RaftServerConfigKeys (ConfUtils.java:logGet(46)) - raft.server.threadpool.server.cached = true (default)
2022-10-09 13:07:12,472 [pool-579-thread-1] INFO  server.RaftServerConfigKeys (ConfUtils.java:logGet(46)) - raft.server.threadpool.server.size = 0 (default)
2022-10-09 13:07:12,472 [pool-579-thread-1] INFO  server.RaftServerConfigKeys (ConfUtils.java:logGet(46)) - raft.server.threadpool.client.cached = true (default)
2022-10-09 13:07:12,472 [pool-579-thread-1] INFO  server.RaftServerConfigKeys (ConfUtils.java:logGet(46)) - raft.server.threadpool.client.size = 0 (default)
2022-10-09 13:07:12,472 [pool-579-thread-1] INFO  server.RaftServer$Division (RaftServerImpl.java:start(310)) - 55b9ea12-5ed0-4563-9b80-74e62ded3c41@group-D29FF858C3F0: start as a follower, conf=-1: [d46e0485-2442-4c5a-ac53-f23987407338|rpc:10.1.0.209:36777|dataStream:|priority:0, 55b9ea12-5ed0-4563-9b80-74e62ded3c41|rpc:10.1.0.209:45387|dataStream:|priority:1, c6dbff45-d07e-454c-8dcf-e2e002008729|rpc:10.1.0.209:38729|dataStream:|priority:0], old=null
2022-10-09 13:07:12,472 [pool-579-thread-1] INFO  server.RaftServer$Division (RaftServerImpl.java:setRole(299)) - 55b9ea12-5ed0-4563-9b80-74e62ded3c41@group-D29FF858C3F0: changes role from      null to FOLLOWER at term 0 for startAsFollower
2022-10-09 13:07:12,472 [pool-579-thread-1] INFO  impl.RoleInfo (RoleInfo.java:updateAndGet(139)) - 55b9ea12-5ed0-4563-9b80-74e62ded3c41: start 55b9ea12-5ed0-4563-9b80-74e62ded3c41@group-D29FF858C3F0-FollowerState
2022-10-09 13:07:12,482 [pool-579-thread-1] INFO  util.JmxRegister (JmxRegister.java:tryRegister(44)) - Successfully registered JMX Bean with object name Ratis:service=RaftServer,group=group-D29FF858C3F0,id=55b9ea12-5ed0-4563-9b80-74e62ded3c41
2022-10-09 13:07:12,508 [IPC Server handler 4 on default port 45391] INFO  net.NetworkTopologyImpl (NetworkTopologyImpl.java:add(112)) - Added a new node: /default-rack/09a05a6c-198f-4b32-89f8-427c1b35cd63
2022-10-09 13:07:12,508 [IPC Server handler 4 on default port 45391] INFO  node.SCMNodeManager (SCMNodeManager.java:register(397)) - Registered Data node : 09a05a6c-198f-4b32-89f8-427c1b35cd63{ip: 10.1.0.209, host: fv-az212-628.zlodpucb4l4udavnfxg5s20dva.cx.internal.cloudapp.net, ports: [REPLICATION=35103, RATIS=45145, RATIS_ADMIN=45145, RATIS_SERVER=45145, STANDALONE=41113], networkLocation: /default-rack, certSerialId: null, persistedOpState: null, persistedOpStateExpiryEpochSec: 0}
2022-10-09 13:07:12,512 [EventQueue-NewNodeForNewNodeHandler] INFO  pipeline.BackgroundPipelineCreator (BackgroundPipelineCreator.java:notifyEventTriggered(276)) - trigger a one-shot run on RatisPipelineUtilsThread.
2022-10-09 13:07:12,512 [RatisPipelineUtilsThread - 0] INFO  pipeline.RatisPipelineProvider (RatisPipelineProvider.java:lambda$create$0(195)) - Sending CreatePipelineCommand for pipeline:PipelineID=f4b92fbb-2388-4d1b-9460-64643c4b3655 to datanode:09a05a6c-198f-4b32-89f8-427c1b35cd63
2022-10-09 13:07:12,512 [RatisPipelineUtilsThread - 0] INFO  pipeline.PipelineStateManagerImpl (PipelineStateManagerImpl.java:addPipeline(103)) - Created pipeline Pipeline[ Id: f4b92fbb-2388-4d1b-9460-64643c4b3655, Nodes: 09a05a6c-198f-4b32-89f8-427c1b35cd63{ip: 10.1.0.209, host: fv-az212-628.zlodpucb4l4udavnfxg5s20dva.cx.internal.cloudapp.net, ports: [REPLICATION=35103, RATIS=45145, RATIS_ADMIN=45145, RATIS_SERVER=45145, STANDALONE=41113], networkLocation: /default-rack, certSerialId: null, persistedOpState: IN_SERVICE, persistedOpStateExpiryEpochSec: 0}, ReplicationConfig: RATIS/ONE, State:ALLOCATED, leaderId:, CreationTimestamp2022-10-09T13:07:12.512Z[Etc/UTC]].
2022-10-09 13:07:12,517 [grpc-default-executor-0] INFO  server.RaftServer (RaftServerProxy.java:addNew(96)) - d46e0485-2442-4c5a-ac53-f23987407338: addNew group-D29FF858C3F0:[d46e0485-2442-4c5a-ac53-f23987407338|rpc:10.1.0.209:36777|dataStream:|priority:0, 55b9ea12-5ed0-4563-9b80-74e62ded3c41|rpc:10.1.0.209:45387|dataStream:|priority:1, c6dbff45-d07e-454c-8dcf-e2e002008729|rpc:10.1.0.209:38729|dataStream:|priority:0] returns group-D29FF858C3F0:java.util.concurrent.CompletableFuture@3bca9456[Not completed]
2022-10-09 13:07:12,518 [pool-602-thread-1] INFO  server.RaftServer$Division (RaftServerImpl.java:<init>(190)) - d46e0485-2442-4c5a-ac53-f23987407338: new RaftServerImpl for group-D29FF858C3F0:[d46e0485-2442-4c5a-ac53-f23987407338|rpc:10.1.0.209:36777|dataStream:|priority:0, 55b9ea12-5ed0-4563-9b80-74e62ded3c41|rpc:10.1.0.209:45387|dataStream:|priority:1, c6dbff45-d07e-454c-8dcf-e2e002008729|rpc:10.1.0.209:38729|dataStream:|priority:0] with ContainerStateMachine:uninitialized
2022-10-09 13:07:12,518 [pool-602-thread-1] INFO  server.RaftServerConfigKeys (ConfUtils.java:logGet(46)) - raft.server.rpc.timeout.min = 5s (custom)
2022-10-09 13:07:12,518 [pool-602-thread-1] INFO  server.RaftServerConfigKeys (ConfUtils.java:logGet(46)) - raft.server.rpc.timeout.max = 5200ms (custom)
2022-10-09 13:07:12,518 [pool-602-thread-1] INFO  server.RaftServerConfigKeys (ConfUtils.java:logGet(46)) - raft.server.rpc.sleep.time = 25ms (default)
2022-10-09 13:07:12,518 [pool-602-thread-1] INFO  server.RaftServerConfigKeys (ConfUtils.java:logGet(46)) - raft.server.rpc.slowness.timeout = 300s (custom)
2022-10-09 13:07:12,518 [pool-602-thread-1] INFO  server.RaftServerConfigKeys (ConfUtils.java:logGet(46)) - raft.server.leaderelection.leader.step-down.wait-time = 10s (default)
2022-10-09 13:07:12,518 [pool-602-thread-1] INFO  server.RaftServerConfigKeys (ConfUtils.java:logGet(46)) - raft.server.sleep.deviation.threshold = 300ms (default)
2022-10-09 13:07:12,518 [pool-602-thread-1] INFO  server.RaftServer$Division (ServerState.java:<init>(107)) - d46e0485-2442-4c5a-ac53-f23987407338@group-D29FF858C3F0: ConfigurationManager, init=-1: [d46e0485-2442-4c5a-ac53-f23987407338|rpc:10.1.0.209:36777|dataStream:|priority:0, 55b9ea12-5ed0-4563-9b80-74e62ded3c41|rpc:10.1.0.209:45387|dataStream:|priority:1, c6dbff45-d07e-454c-8dcf-e2e002008729|rpc:10.1.0.209:38729|dataStream:|priority:0], old=null, confs=<EMPTY_MAP>
2022-10-09 13:07:12,518 [pool-602-thread-1] INFO  server.RaftServerConfigKeys (ConfUtils.java:logGet(46)) - raft.server.storage.dir = [/home/runner/work/ozone/ozone/hadoop-ozone/integration-test/target/test-dir/MiniOzoneClusterImpl-9128138f-083a-4137-a9cb-d58212e00964/datanode-2/data/ratis] (custom)
2022-10-09 13:07:12,518 [pool-602-thread-1] INFO  server.RaftServerConfigKeys (ConfUtils.java:logGet(46)) - raft.server.log.corruption.policy = EXCEPTION (default)
2022-10-09 13:07:12,518 [pool-602-thread-1] INFO  server.RaftServerConfigKeys (ConfUtils.java:logGet(46)) - raft.server.storage.free-space.min = 0MB (=0) (default)
2022-10-09 13:07:12,519 [pool-602-thread-1] INFO  storage.RaftStorageDirectory (RaftStorageDirectoryImpl.java:analyzeStorage(135)) - The storage directory /home/runner/work/ozone/ozone/hadoop-ozone/integration-test/target/test-dir/MiniOzoneClusterImpl-9128138f-083a-4137-a9cb-d58212e00964/datanode-2/data/ratis/d2aa0f9e-e83d-43ce-a4d6-d29ff858c3f0 does not exist. Creating ...
2022-10-09 13:07:12,527 [pool-602-thread-1] INFO  storage.RaftStorageDirectory (RaftStorageDirectoryImpl.java:tryLock(230)) - Lock on /home/runner/work/ozone/ozone/hadoop-ozone/integration-test/target/test-dir/MiniOzoneClusterImpl-9128138f-083a-4137-a9cb-d58212e00964/datanode-2/data/ratis/d2aa0f9e-e83d-43ce-a4d6-d29ff858c3f0/in_use.lock acquired by nodename 13094@fv-az212-628
2022-10-09 13:07:12,529 [pool-602-thread-1] INFO  storage.RaftStorage (RaftStorageImpl.java:format(89)) - Storage directory /home/runner/work/ozone/ozone/hadoop-ozone/integration-test/target/test-dir/MiniOzoneClusterImpl-9128138f-083a-4137-a9cb-d58212e00964/datanode-2/data/ratis/d2aa0f9e-e83d-43ce-a4d6-d29ff858c3f0 has been successfully formatted.
2022-10-09 13:07:12,529 [pool-602-thread-1] INFO  ratis.ContainerStateMachine (ContainerStateMachine.java:loadSnapshot(236)) - group-D29FF858C3F0: The snapshot info is null. Setting the last applied indexto:(t:0, i:~)
2022-10-09 13:07:12,529 [pool-602-thread-1] INFO  server.RaftServerConfigKeys (ConfUtils.java:logGet(46)) - raft.server.notification.no-leader.timeout = 300s (custom)
2022-10-09 13:07:12,529 [pool-602-thread-1] INFO  server.RaftServerConfigKeys (ConfUtils.java:logGet(46)) - raft.server.log.use.memory = false (default)
2022-10-09 13:07:12,529 [pool-602-thread-1] INFO  server.RaftServerConfigKeys (ConfUtils.java:logGet(46)) - raft.server.log.purge.gap = 1000000 (custom)
2022-10-09 13:07:12,529 [pool-602-thread-1] INFO  server.RaftServerConfigKeys (ConfUtils.java:logGet(46)) - raft.server.log.appender.buffer.byte-limit = 33554432 (custom)
2022-10-09 13:07:12,530 [pool-602-thread-1] INFO  server.RaftServerConfigKeys (ConfUtils.java:logGet(46)) - raft.server.log.statemachine.data.read.timeout = 1000ms (default)
2022-10-09 13:07:12,530 [pool-602-thread-1] INFO  server.RaftServerConfigKeys (ConfUtils.java:logGet(46)) - raft.server.log.segment.size.max = 1048576 (custom)
2022-10-09 13:07:12,532 [pool-602-thread-1] INFO  server.RaftServerConfigKeys (ConfUtils.java:logGet(46)) - raft.server.log.segment.cache.num.max = 2 (custom)
2022-10-09 13:07:12,532 [pool-602-thread-1] INFO  server.RaftServerConfigKeys (ConfUtils.java:logGet(46)) - raft.server.log.segment.cache.size.max = 200MB (=209715200) (default)
2022-10-09 13:07:12,532 [pool-602-thread-1] INFO  segmented.SegmentedRaftLogWorker (SegmentedRaftLogWorker.java:<init>(187)) - new d46e0485-2442-4c5a-ac53-f23987407338@group-D29FF858C3F0-SegmentedRaftLogWorker for RaftStorageImpl:Storage Directory /home/runner/work/ozone/ozone/hadoop-ozone/integration-test/target/test-dir/MiniOzoneClusterImpl-9128138f-083a-4137-a9cb-d58212e00964/datanode-2/data/ratis/d2aa0f9e-e83d-43ce-a4d6-d29ff858c3f0
2022-10-09 13:07:12,532 [pool-602-thread-1] INFO  server.RaftServerConfigKeys (ConfUtils.java:logGet(46)) - raft.server.log.queue.byte-limit = 4294967296 (custom)
2022-10-09 13:07:12,532 [pool-602-thread-1] INFO  server.RaftServerConfigKeys (ConfUtils.java:logGet(46)) - raft.server.log.queue.element-limit = 1024 (custom)
2022-10-09 13:07:12,532 [pool-602-thread-1] INFO  server.RaftServerConfigKeys (ConfUtils.java:logGet(46)) - raft.server.log.segment.size.max = 1048576 (custom)
2022-10-09 13:07:12,532 [pool-602-thread-1] INFO  server.RaftServerConfigKeys (ConfUtils.java:logGet(46)) - raft.server.log.preallocated.size = 16384 (custom)
2022-10-09 13:07:12,532 [pool-602-thread-1] INFO  server.RaftServerConfigKeys (ConfUtils.java:logGet(46)) - raft.server.log.force.sync.num = 128 (default)
2022-10-09 13:07:12,532 [pool-602-thread-1] INFO  server.RaftServerConfigKeys (ConfUtils.java:logGet(46)) - raft.server.log.statemachine.data.sync = true (default)
2022-10-09 13:07:12,532 [pool-602-thread-1] INFO  server.RaftServerConfigKeys (ConfUtils.java:logGet(46)) - raft.server.log.statemachine.data.sync.timeout = 10s (default)
2022-10-09 13:07:12,532 [pool-602-thread-1] INFO  server.RaftServerConfigKeys (ConfUtils.java:logGet(46)) - raft.server.log.statemachine.data.sync.timeout.retry = -1 (default)
2022-10-09 13:07:12,533 [pool-602-thread-1] INFO  server.RaftServerConfigKeys (ConfUtils.java:logGet(46)) - raft.server.log.write.buffer.size = 1048576 (custom)
2022-10-09 13:07:12,533 [pool-602-thread-1] INFO  server.RaftServerConfigKeys (ConfUtils.java:logGet(46)) - raft.server.log.unsafe-flush.enabled = false (default)
2022-10-09 13:07:12,533 [pool-602-thread-1] INFO  server.RaftServerConfigKeys (ConfUtils.java:logGet(46)) - raft.server.log.statemachine.data.caching.enabled = true (custom)
2022-10-09 13:07:12,534 [pool-602-thread-1] INFO  segmented.SegmentedRaftLogWorker (SegmentedRaftLogWorker.java:lambda$new$0(135)) - d46e0485-2442-4c5a-ac53-f23987407338@group-D29FF858C3F0-SegmentedRaftLogWorker: flushIndex: setUnconditionally 0 -> -1
2022-10-09 13:07:12,540 [pool-602-thread-1] INFO  segmented.SegmentedRaftLogWorker (SegmentedRaftLogWorker.java:lambda$new$0(135)) - d46e0485-2442-4c5a-ac53-f23987407338@group-D29FF858C3F0-SegmentedRaftLogWorker: safeCacheEvictIndex: setUnconditionally 0 -> -1
2022-10-09 13:07:12,552 [pool-602-thread-1] INFO  server.RaftServerConfigKeys (ConfUtils.java:logGet(46)) - raft.server.snapshot.auto.trigger.enabled = true (custom)
2022-10-09 13:07:12,552 [pool-602-thread-1] INFO  server.RaftServerConfigKeys (ConfUtils.java:logGet(46)) - raft.server.snapshot.auto.trigger.threshold = 10000 (custom)
2022-10-09 13:07:12,552 [pool-602-thread-1] INFO  server.RaftServerConfigKeys (ConfUtils.java:logGet(46)) - raft.server.snapshot.retention.file.num = 5 (custom)
2022-10-09 13:07:12,552 [pool-602-thread-1] INFO  server.RaftServerConfigKeys (ConfUtils.java:logGet(46)) - raft.server.log.purge.upto.snapshot.index = false (default)
2022-10-09 13:07:12,552 [pool-602-thread-1] INFO  server.RaftServerConfigKeys (ConfUtils.java:logGet(46)) - raft.server.retrycache.expirytime = 600000ms (custom)
2022-10-09 13:07:12,552 [pool-602-thread-1] INFO  server.RaftServerConfigKeys (ConfUtils.java:logGet(46)) - raft.server.retrycache.statistics.expirytime = 100μs (default)
2022-10-09 13:07:12,553 [pool-602-thread-1] INFO  server.RaftServerConfigKeys (ConfUtils.java:logGet(46)) - raft.server.log.appender.install.snapshot.enabled = false (custom)
2022-10-09 13:07:12,553 [pool-602-thread-1] INFO  server.RaftServerConfigKeys (ConfUtils.java:logGet(46)) - raft.server.threadpool.server.cached = true (default)
2022-10-09 13:07:12,553 [pool-602-thread-1] INFO  server.RaftServerConfigKeys (ConfUtils.java:logGet(46)) - raft.server.threadpool.server.size = 0 (default)
2022-10-09 13:07:12,553 [pool-602-thread-1] INFO  server.RaftServerConfigKeys (ConfUtils.java:logGet(46)) - raft.server.threadpool.client.cached = true (default)
2022-10-09 13:07:12,553 [pool-602-thread-1] INFO  server.RaftServerConfigKeys (ConfUtils.java:logGet(46)) - raft.server.threadpool.client.size = 0 (default)
2022-10-09 13:07:12,553 [pool-602-thread-1] INFO  server.RaftServer$Division (RaftServerImpl.java:start(310)) - d46e0485-2442-4c5a-ac53-f23987407338@group-D29FF858C3F0: start as a follower, conf=-1: [d46e0485-2442-4c5a-ac53-f23987407338|rpc:10.1.0.209:36777|dataStream:|priority:0, 55b9ea12-5ed0-4563-9b80-74e62ded3c41|rpc:10.1.0.209:45387|dataStream:|priority:1, c6dbff45-d07e-454c-8dcf-e2e002008729|rpc:10.1.0.209:38729|dataStream:|priority:0], old=null
2022-10-09 13:07:12,553 [pool-602-thread-1] INFO  server.RaftServer$Division (RaftServerImpl.java:setRole(299)) - d46e0485-2442-4c5a-ac53-f23987407338@group-D29FF858C3F0: changes role from      null to FOLLOWER at term 0 for startAsFollower
2022-10-09 13:07:12,553 [pool-602-thread-1] INFO  impl.RoleInfo (RoleInfo.java:updateAndGet(139)) - d46e0485-2442-4c5a-ac53-f23987407338: start d46e0485-2442-4c5a-ac53-f23987407338@group-D29FF858C3F0-FollowerState
2022-10-09 13:07:12,560 [pool-602-thread-1] INFO  util.JmxRegister (JmxRegister.java:tryRegister(44)) - Successfully registered JMX Bean with object name Ratis:service=RaftServer,group=group-D29FF858C3F0,id=d46e0485-2442-4c5a-ac53-f23987407338
2022-10-09 13:07:12,596 [Command processor thread] INFO  commandhandler.CreatePipelineCommandHandler (CreatePipelineCommandHandler.java:handle(113)) - Created Pipeline RATIS THREE PipelineID=d2aa0f9e-e83d-43ce-a4d6-d29ff858c3f0.
2022-10-09 13:07:12,664 [Command processor thread] INFO  server.RaftServer (RaftServerProxy.java:addNew(96)) - 55b9ea12-5ed0-4563-9b80-74e62ded3c41: addNew group-E651138CDC30:[55b9ea12-5ed0-4563-9b80-74e62ded3c41|rpc:10.1.0.209:45387|priority:1] returns group-E651138CDC30:java.util.concurrent.CompletableFuture@7d2a217f[Not completed]
2022-10-09 13:07:12,665 [pool-579-thread-1] INFO  server.RaftServer$Division (RaftServerImpl.java:<init>(190)) - 55b9ea12-5ed0-4563-9b80-74e62ded3c41: new RaftServerImpl for group-E651138CDC30:[55b9ea12-5ed0-4563-9b80-74e62ded3c41|rpc:10.1.0.209:45387|priority:1] with ContainerStateMachine:uninitialized
2022-10-09 13:07:12,665 [pool-579-thread-1] INFO  server.RaftServerConfigKeys (ConfUtils.java:logGet(46)) - raft.server.rpc.timeout.min = 5s (custom)
2022-10-09 13:07:12,665 [pool-579-thread-1] INFO  server.RaftServerConfigKeys (ConfUtils.java:logGet(46)) - raft.server.rpc.timeout.max = 5200ms (custom)
2022-10-09 13:07:12,666 [pool-579-thread-1] INFO  server.RaftServerConfigKeys (ConfUtils.java:logGet(46)) - raft.server.rpc.sleep.time = 25ms (default)
2022-10-09 13:07:12,666 [pool-579-thread-1] INFO  server.RaftServerConfigKeys (ConfUtils.java:logGet(46)) - raft.server.rpc.slowness.timeout = 300s (custom)
2022-10-09 13:07:12,666 [pool-579-thread-1] INFO  server.RaftServerConfigKeys (ConfUtils.java:logGet(46)) - raft.server.leaderelection.leader.step-down.wait-time = 10s (default)
2022-10-09 13:07:12,666 [pool-579-thread-1] INFO  server.RaftServerConfigKeys (ConfUtils.java:logGet(46)) - raft.server.sleep.deviation.threshold = 300ms (default)
2022-10-09 13:07:12,666 [pool-579-thread-1] INFO  server.RaftServer$Division (ServerState.java:<init>(107)) - 55b9ea12-5ed0-4563-9b80-74e62ded3c41@group-E651138CDC30: ConfigurationManager, init=-1: [55b9ea12-5ed0-4563-9b80-74e62ded3c41|rpc:10.1.0.209:45387|priority:1], old=null, confs=<EMPTY_MAP>
2022-10-09 13:07:12,666 [pool-579-thread-1] INFO  server.RaftServerConfigKeys (ConfUtils.java:logGet(46)) - raft.server.storage.dir = [/home/runner/work/ozone/ozone/hadoop-ozone/integration-test/target/test-dir/MiniOzoneClusterImpl-9128138f-083a-4137-a9cb-d58212e00964/datanode-1/data/ratis] (custom)
2022-10-09 13:07:12,666 [pool-579-thread-1] INFO  server.RaftServerConfigKeys (ConfUtils.java:logGet(46)) - raft.server.log.corruption.policy = EXCEPTION (default)
2022-10-09 13:07:12,666 [pool-579-thread-1] INFO  server.RaftServerConfigKeys (ConfUtils.java:logGet(46)) - raft.server.storage.free-space.min = 0MB (=0) (default)
2022-10-09 13:07:12,666 [pool-579-thread-1] INFO  storage.RaftStorageDirectory (RaftStorageDirectoryImpl.java:analyzeStorage(135)) - The storage directory /home/runner/work/ozone/ozone/hadoop-ozone/integration-test/target/test-dir/MiniOzoneClusterImpl-9128138f-083a-4137-a9cb-d58212e00964/datanode-1/data/ratis/d861d049-ca8a-4897-8a28-e651138cdc30 does not exist. Creating ...
2022-10-09 13:07:12,672 [pool-579-thread-1] INFO  storage.RaftStorageDirectory (RaftStorageDirectoryImpl.java:tryLock(230)) - Lock on /home/runner/work/ozone/ozone/hadoop-ozone/integration-test/target/test-dir/MiniOzoneClusterImpl-9128138f-083a-4137-a9cb-d58212e00964/datanode-1/data/ratis/d861d049-ca8a-4897-8a28-e651138cdc30/in_use.lock acquired by nodename 13094@fv-az212-628
2022-10-09 13:07:12,673 [pool-579-thread-1] INFO  storage.RaftStorage (RaftStorageImpl.java:format(89)) - Storage directory /home/runner/work/ozone/ozone/hadoop-ozone/integration-test/target/test-dir/MiniOzoneClusterImpl-9128138f-083a-4137-a9cb-d58212e00964/datanode-1/data/ratis/d861d049-ca8a-4897-8a28-e651138cdc30 has been successfully formatted.
2022-10-09 13:07:12,674 [pool-579-thread-1] INFO  ratis.ContainerStateMachine (ContainerStateMachine.java:loadSnapshot(236)) - group-E651138CDC30: The snapshot info is null. Setting the last applied indexto:(t:0, i:~)
2022-10-09 13:07:12,674 [pool-579-thread-1] INFO  server.RaftServerConfigKeys (ConfUtils.java:logGet(46)) - raft.server.notification.no-leader.timeout = 300s (custom)
2022-10-09 13:07:12,674 [pool-579-thread-1] INFO  server.RaftServerConfigKeys (ConfUtils.java:logGet(46)) - raft.server.log.use.memory = false (default)
2022-10-09 13:07:12,674 [pool-579-thread-1] INFO  server.RaftServerConfigKeys (ConfUtils.java:logGet(46)) - raft.server.log.purge.gap = 1000000 (custom)
2022-10-09 13:07:12,674 [pool-579-thread-1] INFO  server.RaftServerConfigKeys (ConfUtils.java:logGet(46)) - raft.server.log.appender.buffer.byte-limit = 33554432 (custom)
2022-10-09 13:07:12,674 [pool-579-thread-1] INFO  server.RaftServerConfigKeys (ConfUtils.java:logGet(46)) - raft.server.log.statemachine.data.read.timeout = 1000ms (default)
2022-10-09 13:07:12,674 [pool-579-thread-1] INFO  server.RaftServerConfigKeys (ConfUtils.java:logGet(46)) - raft.server.log.segment.size.max = 1048576 (custom)
2022-10-09 13:07:12,675 [pool-579-thread-1] INFO  server.RaftServerConfigKeys (ConfUtils.java:logGet(46)) - raft.server.log.segment.cache.num.max = 2 (custom)
2022-10-09 13:07:12,675 [pool-579-thread-1] INFO  server.RaftServerConfigKeys (ConfUtils.java:logGet(46)) - raft.server.log.segment.cache.size.max = 200MB (=209715200) (default)
2022-10-09 13:07:12,675 [pool-579-thread-1] INFO  segmented.SegmentedRaftLogWorker (SegmentedRaftLogWorker.java:<init>(187)) - new 55b9ea12-5ed0-4563-9b80-74e62ded3c41@group-E651138CDC30-SegmentedRaftLogWorker for RaftStorageImpl:Storage Directory /home/runner/work/ozone/ozone/hadoop-ozone/integration-test/target/test-dir/MiniOzoneClusterImpl-9128138f-083a-4137-a9cb-d58212e00964/datanode-1/data/ratis/d861d049-ca8a-4897-8a28-e651138cdc30
2022-10-09 13:07:12,675 [pool-579-thread-1] INFO  server.RaftServerConfigKeys (ConfUtils.java:logGet(46)) - raft.server.log.queue.byte-limit = 4294967296 (custom)
2022-10-09 13:07:12,675 [pool-579-thread-1] INFO  server.RaftServerConfigKeys (ConfUtils.java:logGet(46)) - raft.server.log.queue.element-limit = 1024 (custom)
2022-10-09 13:07:12,675 [EventQueue-PipelineReportForPipelineReportHandler] INFO  pipeline.PipelineManagerImpl (PipelineManagerImpl.java:openPipeline(367)) - Pipeline Pipeline[ Id: d861d049-ca8a-4897-8a28-e651138cdc30, Nodes: 55b9ea12-5ed0-4563-9b80-74e62ded3c41{ip: 10.1.0.209, host: fv-az212-628.zlodpucb4l4udavnfxg5s20dva.cx.internal.cloudapp.net, ports: [REPLICATION=43057, RATIS=45387, RATIS_ADMIN=45387, RATIS_SERVER=45387, STANDALONE=38317], networkLocation: /default-rack, certSerialId: null, persistedOpState: IN_SERVICE, persistedOpStateExpiryEpochSec: 0}, ReplicationConfig: RATIS/ONE, State:ALLOCATED, leaderId:55b9ea12-5ed0-4563-9b80-74e62ded3c41, CreationTimestamp2022-10-09T13:07:09.689Z[Etc/UTC]] moved to OPEN state
2022-10-09 13:07:12,675 [pool-579-thread-1] INFO  server.RaftServerConfigKeys (ConfUtils.java:logGet(46)) - raft.server.log.segment.size.max = 1048576 (custom)
2022-10-09 13:07:12,675 [pool-579-thread-1] INFO  server.RaftServerConfigKeys (ConfUtils.java:logGet(46)) - raft.server.log.preallocated.size = 16384 (custom)
2022-10-09 13:07:12,675 [pool-579-thread-1] INFO  server.RaftServerConfigKeys (ConfUtils.java:logGet(46)) - raft.server.log.force.sync.num = 128 (default)
2022-10-09 13:07:12,675 [pool-579-thread-1] INFO  server.RaftServerConfigKeys (ConfUtils.java:logGet(46)) - raft.server.log.statemachine.data.sync = true (default)
2022-10-09 13:07:12,675 [pool-579-thread-1] INFO  server.RaftServerConfigKeys (ConfUtils.java:logGet(46)) - raft.server.log.statemachine.data.sync.timeout = 10s (default)
2022-10-09 13:07:12,675 [pool-579-thread-1] INFO  server.RaftServerConfigKeys (ConfUtils.java:logGet(46)) - raft.server.log.statemachine.data.sync.timeout.retry = -1 (default)
2022-10-09 13:07:12,675 [EventQueue-OpenPipelineForHealthyPipelineSafeModeRule] INFO  safemode.SCMSafeModeManager (HealthyPipelineSafeModeRule.java:process(137)) - SCM in safe mode. Healthy pipelines reported count is 0, required healthy pipeline reported count is 1
2022-10-09 13:07:12,676 [pool-579-thread-1] INFO  server.RaftServerConfigKeys (ConfUtils.java:logGet(46)) - raft.server.log.write.buffer.size = 1048576 (custom)
2022-10-09 13:07:12,676 [pool-579-thread-1] INFO  server.RaftServerConfigKeys (ConfUtils.java:logGet(46)) - raft.server.log.unsafe-flush.enabled = false (default)
2022-10-09 13:07:12,676 [pool-579-thread-1] INFO  server.RaftServerConfigKeys (ConfUtils.java:logGet(46)) - raft.server.log.statemachine.data.caching.enabled = true (custom)
2022-10-09 13:07:12,676 [pool-579-thread-1] INFO  segmented.SegmentedRaftLogWorker (SegmentedRaftLogWorker.java:lambda$new$0(135)) - 55b9ea12-5ed0-4563-9b80-74e62ded3c41@group-E651138CDC30-SegmentedRaftLogWorker: flushIndex: setUnconditionally 0 -> -1
2022-10-09 13:07:12,676 [pool-579-thread-1] INFO  segmented.SegmentedRaftLogWorker (SegmentedRaftLogWorker.java:lambda$new$0(135)) - 55b9ea12-5ed0-4563-9b80-74e62ded3c41@group-E651138CDC30-SegmentedRaftLogWorker: safeCacheEvictIndex: setUnconditionally 0 -> -1
2022-10-09 13:07:12,684 [pool-579-thread-1] INFO  server.RaftServerConfigKeys (ConfUtils.java:logGet(46)) - raft.server.snapshot.auto.trigger.enabled = true (custom)
2022-10-09 13:07:12,684 [pool-579-thread-1] INFO  server.RaftServerConfigKeys (ConfUtils.java:logGet(46)) - raft.server.snapshot.auto.trigger.threshold = 10000 (custom)
2022-10-09 13:07:12,684 [pool-579-thread-1] INFO  server.RaftServerConfigKeys (ConfUtils.java:logGet(46)) - raft.server.snapshot.retention.file.num = 5 (custom)
2022-10-09 13:07:12,684 [pool-579-thread-1] INFO  server.RaftServerConfigKeys (ConfUtils.java:logGet(46)) - raft.server.log.purge.upto.snapshot.index = false (default)
2022-10-09 13:07:12,684 [pool-579-thread-1] INFO  server.RaftServerConfigKeys (ConfUtils.java:logGet(46)) - raft.server.retrycache.expirytime = 600000ms (custom)
2022-10-09 13:07:12,684 [pool-579-thread-1] INFO  server.RaftServerConfigKeys (ConfUtils.java:logGet(46)) - raft.server.retrycache.statistics.expirytime = 100μs (default)
2022-10-09 13:07:12,685 [pool-579-thread-1] INFO  server.RaftServerConfigKeys (ConfUtils.java:logGet(46)) - raft.server.log.appender.install.snapshot.enabled = false (custom)
2022-10-09 13:07:12,685 [pool-579-thread-1] INFO  server.RaftServerConfigKeys (ConfUtils.java:logGet(46)) - raft.server.threadpool.server.cached = true (default)
2022-10-09 13:07:12,685 [pool-579-thread-1] INFO  server.RaftServerConfigKeys (ConfUtils.java:logGet(46)) - raft.server.threadpool.server.size = 0 (default)
2022-10-09 13:07:12,685 [pool-579-thread-1] INFO  server.RaftServerConfigKeys (ConfUtils.java:logGet(46)) - raft.server.threadpool.client.cached = true (default)
2022-10-09 13:07:12,685 [pool-579-thread-1] INFO  server.RaftServerConfigKeys (ConfUtils.java:logGet(46)) - raft.server.threadpool.client.size = 0 (default)
2022-10-09 13:07:12,685 [pool-579-thread-1] INFO  server.RaftServer$Division (RaftServerImpl.java:start(310)) - 55b9ea12-5ed0-4563-9b80-74e62ded3c41@group-E651138CDC30: start as a follower, conf=-1: [55b9ea12-5ed0-4563-9b80-74e62ded3c41|rpc:10.1.0.209:45387|priority:1], old=null
2022-10-09 13:07:12,685 [pool-579-thread-1] INFO  server.RaftServer$Division (RaftServerImpl.java:setRole(299)) - 55b9ea12-5ed0-4563-9b80-74e62ded3c41@group-E651138CDC30: changes role from      null to FOLLOWER at term 0 for startAsFollower
2022-10-09 13:07:12,685 [pool-579-thread-1] INFO  impl.RoleInfo (RoleInfo.java:updateAndGet(139)) - 55b9ea12-5ed0-4563-9b80-74e62ded3c41: start 55b9ea12-5ed0-4563-9b80-74e62ded3c41@group-E651138CDC30-FollowerState
2022-10-09 13:07:12,712 [pool-579-thread-1] INFO  util.JmxRegister (JmxRegister.java:tryRegister(44)) - Successfully registered JMX Bean with object name Ratis:service=RaftServer,group=group-E651138CDC30,id=55b9ea12-5ed0-4563-9b80-74e62ded3c41
2022-10-09 13:07:12,724 [Command processor thread] INFO  ratis.XceiverServerRatis (XceiverServerRatis.java:addGroup(765)) - Created group PipelineID=d861d049-ca8a-4897-8a28-e651138cdc30
2022-10-09 13:07:12,724 [Command processor thread] INFO  commandhandler.CreatePipelineCommandHandler (CreatePipelineCommandHandler.java:handle(113)) - Created Pipeline RATIS ONE PipelineID=d861d049-ca8a-4897-8a28-e651138cdc30.
2022-10-09 13:07:13,232 [Command processor thread] INFO  server.RaftServer (RaftServerProxy.java:addNew(96)) - d46e0485-2442-4c5a-ac53-f23987407338: addNew group-8603F17982EC:[d46e0485-2442-4c5a-ac53-f23987407338|rpc:10.1.0.209:36777|priority:1] returns group-8603F17982EC:java.util.concurrent.CompletableFuture@601ba7e7[Not completed]
2022-10-09 13:07:13,233 [pool-602-thread-1] INFO  server.RaftServer$Division (RaftServerImpl.java:<init>(190)) - d46e0485-2442-4c5a-ac53-f23987407338: new RaftServerImpl for group-8603F17982EC:[d46e0485-2442-4c5a-ac53-f23987407338|rpc:10.1.0.209:36777|priority:1] with ContainerStateMachine:uninitialized
2022-10-09 13:07:13,233 [pool-602-thread-1] INFO  server.RaftServerConfigKeys (ConfUtils.java:logGet(46)) - raft.server.rpc.timeout.min = 5s (custom)
2022-10-09 13:07:13,233 [pool-602-thread-1] INFO  server.RaftServerConfigKeys (ConfUtils.java:logGet(46)) - raft.server.rpc.timeout.max = 5200ms (custom)
2022-10-09 13:07:13,233 [pool-602-thread-1] INFO  server.RaftServerConfigKeys (ConfUtils.java:logGet(46)) - raft.server.rpc.sleep.time = 25ms (default)
2022-10-09 13:07:13,233 [pool-602-thread-1] INFO  server.RaftServerConfigKeys (ConfUtils.java:logGet(46)) - raft.server.rpc.slowness.timeout = 300s (custom)
2022-10-09 13:07:13,233 [pool-602-thread-1] INFO  server.RaftServerConfigKeys (ConfUtils.java:logGet(46)) - raft.server.leaderelection.leader.step-down.wait-time = 10s (default)
2022-10-09 13:07:13,233 [pool-602-thread-1] INFO  server.RaftServerConfigKeys (ConfUtils.java:logGet(46)) - raft.server.sleep.deviation.threshold = 300ms (default)
2022-10-09 13:07:13,233 [pool-602-thread-1] INFO  server.RaftServer$Division (ServerState.java:<init>(107)) - d46e0485-2442-4c5a-ac53-f23987407338@group-8603F17982EC: ConfigurationManager, init=-1: [d46e0485-2442-4c5a-ac53-f23987407338|rpc:10.1.0.209:36777|priority:1], old=null, confs=<EMPTY_MAP>
2022-10-09 13:07:13,233 [pool-602-thread-1] INFO  server.RaftServerConfigKeys (ConfUtils.java:logGet(46)) - raft.server.storage.dir = [/home/runner/work/ozone/ozone/hadoop-ozone/integration-test/target/test-dir/MiniOzoneClusterImpl-9128138f-083a-4137-a9cb-d58212e00964/datanode-2/data/ratis] (custom)
2022-10-09 13:07:13,233 [pool-602-thread-1] INFO  server.RaftServerConfigKeys (ConfUtils.java:logGet(46)) - raft.server.log.corruption.policy = EXCEPTION (default)
2022-10-09 13:07:13,233 [pool-602-thread-1] INFO  server.RaftServerConfigKeys (ConfUtils.java:logGet(46)) - raft.server.storage.free-space.min = 0MB (=0) (default)
2022-10-09 13:07:13,233 [pool-602-thread-1] INFO  storage.RaftStorageDirectory (RaftStorageDirectoryImpl.java:analyzeStorage(135)) - The storage directory /home/runner/work/ozone/ozone/hadoop-ozone/integration-test/target/test-dir/MiniOzoneClusterImpl-9128138f-083a-4137-a9cb-d58212e00964/datanode-2/data/ratis/513409fa-d2e6-4109-84e1-8603f17982ec does not exist. Creating ...
2022-10-09 13:07:13,240 [pool-602-thread-1] INFO  storage.RaftStorageDirectory (RaftStorageDirectoryImpl.java:tryLock(230)) - Lock on /home/runner/work/ozone/ozone/hadoop-ozone/integration-test/target/test-dir/MiniOzoneClusterImpl-9128138f-083a-4137-a9cb-d58212e00964/datanode-2/data/ratis/513409fa-d2e6-4109-84e1-8603f17982ec/in_use.lock acquired by nodename 13094@fv-az212-628
2022-10-09 13:07:13,241 [pool-602-thread-1] INFO  storage.RaftStorage (RaftStorageImpl.java:format(89)) - Storage directory /home/runner/work/ozone/ozone/hadoop-ozone/integration-test/target/test-dir/MiniOzoneClusterImpl-9128138f-083a-4137-a9cb-d58212e00964/datanode-2/data/ratis/513409fa-d2e6-4109-84e1-8603f17982ec has been successfully formatted.
2022-10-09 13:07:13,243 [EventQueue-PipelineReportForPipelineReportHandler] INFO  pipeline.PipelineManagerImpl (PipelineManagerImpl.java:openPipeline(367)) - Pipeline Pipeline[ Id: 513409fa-d2e6-4109-84e1-8603f17982ec, Nodes: d46e0485-2442-4c5a-ac53-f23987407338{ip: 10.1.0.209, host: fv-az212-628.zlodpucb4l4udavnfxg5s20dva.cx.internal.cloudapp.net, ports: [REPLICATION=41515, RATIS=36777, RATIS_ADMIN=36777, RATIS_SERVER=36777, STANDALONE=45043], networkLocation: /default-rack, certSerialId: null, persistedOpState: IN_SERVICE, persistedOpStateExpiryEpochSec: 0}, ReplicationConfig: RATIS/ONE, State:ALLOCATED, leaderId:d46e0485-2442-4c5a-ac53-f23987407338, CreationTimestamp2022-10-09T13:07:10.248Z[Etc/UTC]] moved to OPEN state
2022-10-09 13:07:13,243 [EventQueue-OpenPipelineForHealthyPipelineSafeModeRule] INFO  safemode.SCMSafeModeManager (HealthyPipelineSafeModeRule.java:process(137)) - SCM in safe mode. Healthy pipelines reported count is 0, required healthy pipeline reported count is 1
2022-10-09 13:07:13,243 [pool-602-thread-1] INFO  ratis.ContainerStateMachine (ContainerStateMachine.java:loadSnapshot(236)) - group-8603F17982EC: The snapshot info is null. Setting the last applied indexto:(t:0, i:~)
2022-10-09 13:07:13,243 [pool-602-thread-1] INFO  server.RaftServerConfigKeys (ConfUtils.java:logGet(46)) - raft.server.notification.no-leader.timeout = 300s (custom)
2022-10-09 13:07:13,243 [pool-602-thread-1] INFO  server.RaftServerConfigKeys (ConfUtils.java:logGet(46)) - raft.server.log.use.memory = false (default)
2022-10-09 13:07:13,243 [pool-602-thread-1] INFO  server.RaftServerConfigKeys (ConfUtils.java:logGet(46)) - raft.server.log.purge.gap = 1000000 (custom)
2022-10-09 13:07:13,243 [pool-602-thread-1] INFO  server.RaftServerConfigKeys (ConfUtils.java:logGet(46)) - raft.server.log.appender.buffer.byte-limit = 33554432 (custom)
2022-10-09 13:07:13,244 [pool-602-thread-1] INFO  server.RaftServerConfigKeys (ConfUtils.java:logGet(46)) - raft.server.log.statemachine.data.read.timeout = 1000ms (default)
2022-10-09 13:07:13,244 [pool-602-thread-1] INFO  server.RaftServerConfigKeys (ConfUtils.java:logGet(46)) - raft.server.log.segment.size.max = 1048576 (custom)
2022-10-09 13:07:13,244 [pool-602-thread-1] INFO  server.RaftServerConfigKeys (ConfUtils.java:logGet(46)) - raft.server.log.segment.cache.num.max = 2 (custom)
2022-10-09 13:07:13,245 [pool-602-thread-1] INFO  server.RaftServerConfigKeys (ConfUtils.java:logGet(46)) - raft.server.log.segment.cache.size.max = 200MB (=209715200) (default)
2022-10-09 13:07:13,245 [pool-602-thread-1] INFO  segmented.SegmentedRaftLogWorker (SegmentedRaftLogWorker.java:<init>(187)) - new d46e0485-2442-4c5a-ac53-f23987407338@group-8603F17982EC-SegmentedRaftLogWorker for RaftStorageImpl:Storage Directory /home/runner/work/ozone/ozone/hadoop-ozone/integration-test/target/test-dir/MiniOzoneClusterImpl-9128138f-083a-4137-a9cb-d58212e00964/datanode-2/data/ratis/513409fa-d2e6-4109-84e1-8603f17982ec
2022-10-09 13:07:13,245 [pool-602-thread-1] INFO  server.RaftServerConfigKeys (ConfUtils.java:logGet(46)) - raft.server.log.queue.byte-limit = 4294967296 (custom)
2022-10-09 13:07:13,245 [pool-602-thread-1] INFO  server.RaftServerConfigKeys (ConfUtils.java:logGet(46)) - raft.server.log.queue.element-limit = 1024 (custom)
2022-10-09 13:07:13,245 [pool-602-thread-1] INFO  server.RaftServerConfigKeys (ConfUtils.java:logGet(46)) - raft.server.log.segment.size.max = 1048576 (custom)
2022-10-09 13:07:13,245 [pool-602-thread-1] INFO  server.RaftServerConfigKeys (ConfUtils.java:logGet(46)) - raft.server.log.preallocated.size = 16384 (custom)
2022-10-09 13:07:13,245 [pool-602-thread-1] INFO  server.RaftServerConfigKeys (ConfUtils.java:logGet(46)) - raft.server.log.force.sync.num = 128 (default)
2022-10-09 13:07:13,245 [pool-602-thread-1] INFO  server.RaftServerConfigKeys (ConfUtils.java:logGet(46)) - raft.server.log.statemachine.data.sync = true (default)
2022-10-09 13:07:13,245 [pool-602-thread-1] INFO  server.RaftServerConfigKeys (ConfUtils.java:logGet(46)) - raft.server.log.statemachine.data.sync.timeout = 10s (default)
2022-10-09 13:07:13,245 [pool-602-thread-1] INFO  server.RaftServerConfigKeys (ConfUtils.java:logGet(46)) - raft.server.log.statemachine.data.sync.timeout.retry = -1 (default)
2022-10-09 13:07:13,246 [pool-602-thread-1] INFO  server.RaftServerConfigKeys (ConfUtils.java:logGet(46)) - raft.server.log.write.buffer.size = 1048576 (custom)
2022-10-09 13:07:13,246 [pool-602-thread-1] INFO  server.RaftServerConfigKeys (ConfUtils.java:logGet(46)) - raft.server.log.unsafe-flush.enabled = false (default)
2022-10-09 13:07:13,246 [pool-602-thread-1] INFO  server.RaftServerConfigKeys (ConfUtils.java:logGet(46)) - raft.server.log.statemachine.data.caching.enabled = true (custom)
2022-10-09 13:07:13,255 [pool-602-thread-1] INFO  segmented.SegmentedRaftLogWorker (SegmentedRaftLogWorker.java:lambda$new$0(135)) - d46e0485-2442-4c5a-ac53-f23987407338@group-8603F17982EC-SegmentedRaftLogWorker: flushIndex: setUnconditionally 0 -> -1
2022-10-09 13:07:13,255 [pool-602-thread-1] INFO  segmented.SegmentedRaftLogWorker (SegmentedRaftLogWorker.java:lambda$new$0(135)) - d46e0485-2442-4c5a-ac53-f23987407338@group-8603F17982EC-SegmentedRaftLogWorker: safeCacheEvictIndex: setUnconditionally 0 -> -1
2022-10-09 13:07:13,260 [pool-602-thread-1] INFO  server.RaftServerConfigKeys (ConfUtils.java:logGet(46)) - raft.server.snapshot.auto.trigger.enabled = true (custom)
2022-10-09 13:07:13,260 [pool-602-thread-1] INFO  server.RaftServerConfigKeys (ConfUtils.java:logGet(46)) - raft.server.snapshot.auto.trigger.threshold = 10000 (custom)
2022-10-09 13:07:13,260 [pool-602-thread-1] INFO  server.RaftServerConfigKeys (ConfUtils.java:logGet(46)) - raft.server.snapshot.retention.file.num = 5 (custom)
2022-10-09 13:07:13,260 [pool-602-thread-1] INFO  server.RaftServerConfigKeys (ConfUtils.java:logGet(46)) - raft.server.log.purge.upto.snapshot.index = false (default)
2022-10-09 13:07:13,260 [pool-602-thread-1] INFO  server.RaftServerConfigKeys (ConfUtils.java:logGet(46)) - raft.server.retrycache.expirytime = 600000ms (custom)
2022-10-09 13:07:13,260 [pool-602-thread-1] INFO  server.RaftServerConfigKeys (ConfUtils.java:logGet(46)) - raft.server.retrycache.statistics.expirytime = 100μs (default)
2022-10-09 13:07:13,261 [pool-602-thread-1] INFO  server.RaftServerConfigKeys (ConfUtils.java:logGet(46)) - raft.server.log.appender.install.snapshot.enabled = false (custom)
2022-10-09 13:07:13,261 [pool-602-thread-1] INFO  server.RaftServerConfigKeys (ConfUtils.java:logGet(46)) - raft.server.threadpool.server.cached = true (default)
2022-10-09 13:07:13,261 [pool-602-thread-1] INFO  server.RaftServerConfigKeys (ConfUtils.java:logGet(46)) - raft.server.threadpool.server.size = 0 (default)
2022-10-09 13:07:13,261 [pool-602-thread-1] INFO  server.RaftServerConfigKeys (ConfUtils.java:logGet(46)) - raft.server.threadpool.client.cached = true (default)
2022-10-09 13:07:13,261 [pool-602-thread-1] INFO  server.RaftServerConfigKeys (ConfUtils.java:logGet(46)) - raft.server.threadpool.client.size = 0 (default)
2022-10-09 13:07:13,261 [pool-602-thread-1] INFO  server.RaftServer$Division (RaftServerImpl.java:start(310)) - d46e0485-2442-4c5a-ac53-f23987407338@group-8603F17982EC: start as a follower, conf=-1: [d46e0485-2442-4c5a-ac53-f23987407338|rpc:10.1.0.209:36777|priority:1], old=null
2022-10-09 13:07:13,261 [pool-602-thread-1] INFO  server.RaftServer$Division (RaftServerImpl.java:setRole(299)) - d46e0485-2442-4c5a-ac53-f23987407338@group-8603F17982EC: changes role from      null to FOLLOWER at term 0 for startAsFollower
2022-10-09 13:07:13,262 [pool-602-thread-1] INFO  impl.RoleInfo (RoleInfo.java:updateAndGet(139)) - d46e0485-2442-4c5a-ac53-f23987407338: start d46e0485-2442-4c5a-ac53-f23987407338@group-8603F17982EC-FollowerState
2022-10-09 13:07:13,262 [pool-602-thread-1] INFO  util.JmxRegister (JmxRegister.java:tryRegister(44)) - Successfully registered JMX Bean with object name Ratis:service=RaftServer,group=group-8603F17982EC,id=d46e0485-2442-4c5a-ac53-f23987407338
2022-10-09 13:07:13,263 [Command processor thread] INFO  ratis.XceiverServerRatis (XceiverServerRatis.java:addGroup(765)) - Created group PipelineID=513409fa-d2e6-4109-84e1-8603f17982ec
2022-10-09 13:07:13,263 [Command processor thread] INFO  commandhandler.CreatePipelineCommandHandler (CreatePipelineCommandHandler.java:handle(113)) - Created Pipeline RATIS ONE PipelineID=513409fa-d2e6-4109-84e1-8603f17982ec.
2022-10-09 13:07:13,400 [Listener at 127.0.0.1/33359] INFO  ozone.MiniOzoneClusterImpl (MiniOzoneClusterImpl.java:lambda$waitForClusterToBeReady$0(216)) - Nodes are ready. Got 5 of 5 DN Heartbeats.
2022-10-09 13:07:13,400 [Listener at 127.0.0.1/33359] INFO  ozone.MiniOzoneClusterImpl (MiniOzoneClusterImpl.java:lambda$waitForClusterToBeReady$0(219)) - Waiting for cluster to exit safe mode
2022-10-09 13:07:13,400 [Listener at 127.0.0.1/33359] INFO  ozone.MiniOzoneClusterImpl (MiniOzoneClusterImpl.java:lambda$waitForClusterToBeReady$0(221)) - SCM became leader
2022-10-09 13:07:14,401 [Listener at 127.0.0.1/33359] INFO  ozone.MiniOzoneClusterImpl (MiniOzoneClusterImpl.java:lambda$waitForClusterToBeReady$0(216)) - Nodes are ready. Got 5 of 5 DN Heartbeats.
2022-10-09 13:07:14,401 [Listener at 127.0.0.1/33359] INFO  ozone.MiniOzoneClusterImpl (MiniOzoneClusterImpl.java:lambda$waitForClusterToBeReady$0(219)) - Waiting for cluster to exit safe mode
2022-10-09 13:07:14,401 [Listener at 127.0.0.1/33359] INFO  ozone.MiniOzoneClusterImpl (MiniOzoneClusterImpl.java:lambda$waitForClusterToBeReady$0(221)) - SCM became leader
2022-10-09 13:07:14,521 [Command processor thread] INFO  server.RaftServer (RaftServerProxy.java:addNew(96)) - a9de90a3-d1cd-4e8a-97f8-3dbad3d6a22f: addNew group-0C42490421CE:[a9de90a3-d1cd-4e8a-97f8-3dbad3d6a22f|rpc:10.1.0.209:35441|priority:1] returns group-0C42490421CE:java.util.concurrent.CompletableFuture@5cc30f67[Not completed]
2022-10-09 13:07:14,523 [pool-625-thread-1] INFO  server.RaftServer$Division (RaftServerImpl.java:<init>(190)) - a9de90a3-d1cd-4e8a-97f8-3dbad3d6a22f: new RaftServerImpl for group-0C42490421CE:[a9de90a3-d1cd-4e8a-97f8-3dbad3d6a22f|rpc:10.1.0.209:35441|priority:1] with ContainerStateMachine:uninitialized
2022-10-09 13:07:14,523 [pool-625-thread-1] INFO  server.RaftServerConfigKeys (ConfUtils.java:logGet(46)) - raft.server.rpc.timeout.min = 5s (custom)
2022-10-09 13:07:14,523 [pool-625-thread-1] INFO  server.RaftServerConfigKeys (ConfUtils.java:logGet(46)) - raft.server.rpc.timeout.max = 5200ms (custom)
2022-10-09 13:07:14,523 [pool-625-thread-1] INFO  server.RaftServerConfigKeys (ConfUtils.java:logGet(46)) - raft.server.rpc.sleep.time = 25ms (default)
2022-10-09 13:07:14,523 [pool-625-thread-1] INFO  server.RaftServerConfigKeys (ConfUtils.java:logGet(46)) - raft.server.rpc.slowness.timeout = 300s (custom)
2022-10-09 13:07:14,523 [pool-625-thread-1] INFO  server.RaftServerConfigKeys (ConfUtils.java:logGet(46)) - raft.server.leaderelection.leader.step-down.wait-time = 10s (default)
2022-10-09 13:07:14,523 [pool-625-thread-1] INFO  server.RaftServerConfigKeys (ConfUtils.java:logGet(46)) - raft.server.sleep.deviation.threshold = 300ms (default)
2022-10-09 13:07:14,523 [pool-625-thread-1] INFO  server.RaftServer$Division (ServerState.java:<init>(107)) - a9de90a3-d1cd-4e8a-97f8-3dbad3d6a22f@group-0C42490421CE: ConfigurationManager, init=-1: [a9de90a3-d1cd-4e8a-97f8-3dbad3d6a22f|rpc:10.1.0.209:35441|priority:1], old=null, confs=<EMPTY_MAP>
2022-10-09 13:07:14,523 [pool-625-thread-1] INFO  server.RaftServerConfigKeys (ConfUtils.java:logGet(46)) - raft.server.storage.dir = [/home/runner/work/ozone/ozone/hadoop-ozone/integration-test/target/test-dir/MiniOzoneClusterImpl-9128138f-083a-4137-a9cb-d58212e00964/datanode-3/data/ratis] (custom)
2022-10-09 13:07:14,523 [pool-625-thread-1] INFO  server.RaftServerConfigKeys (ConfUtils.java:logGet(46)) - raft.server.log.corruption.policy = EXCEPTION (default)
2022-10-09 13:07:14,523 [pool-625-thread-1] INFO  server.RaftServerConfigKeys (ConfUtils.java:logGet(46)) - raft.server.storage.free-space.min = 0MB (=0) (default)
2022-10-09 13:07:14,523 [pool-625-thread-1] INFO  storage.RaftStorageDirectory (RaftStorageDirectoryImpl.java:analyzeStorage(135)) - The storage directory /home/runner/work/ozone/ozone/hadoop-ozone/integration-test/target/test-dir/MiniOzoneClusterImpl-9128138f-083a-4137-a9cb-d58212e00964/datanode-3/data/ratis/d2ba470d-defc-4489-97e8-0c42490421ce does not exist. Creating ...
2022-10-09 13:07:14,524 [pool-625-thread-1] INFO  storage.RaftStorageDirectory (RaftStorageDirectoryImpl.java:tryLock(230)) - Lock on /home/runner/work/ozone/ozone/hadoop-ozone/integration-test/target/test-dir/MiniOzoneClusterImpl-9128138f-083a-4137-a9cb-d58212e00964/datanode-3/data/ratis/d2ba470d-defc-4489-97e8-0c42490421ce/in_use.lock acquired by nodename 13094@fv-az212-628
2022-10-09 13:07:14,525 [pool-625-thread-1] INFO  storage.RaftStorage (RaftStorageImpl.java:format(89)) - Storage directory /home/runner/work/ozone/ozone/hadoop-ozone/integration-test/target/test-dir/MiniOzoneClusterImpl-9128138f-083a-4137-a9cb-d58212e00964/datanode-3/data/ratis/d2ba470d-defc-4489-97e8-0c42490421ce has been successfully formatted.
2022-10-09 13:07:14,539 [pool-625-thread-1] INFO  ratis.ContainerStateMachine (ContainerStateMachine.java:loadSnapshot(236)) - group-0C42490421CE: The snapshot info is null. Setting the last applied indexto:(t:0, i:~)
2022-10-09 13:07:14,540 [pool-625-thread-1] INFO  server.RaftServerConfigKeys (ConfUtils.java:logGet(46)) - raft.server.notification.no-leader.timeout = 300s (custom)
2022-10-09 13:07:14,540 [pool-625-thread-1] INFO  server.RaftServerConfigKeys (ConfUtils.java:logGet(46)) - raft.server.log.use.memory = false (default)
2022-10-09 13:07:14,540 [pool-625-thread-1] INFO  server.RaftServerConfigKeys (ConfUtils.java:logGet(46)) - raft.server.log.purge.gap = 1000000 (custom)
2022-10-09 13:07:14,540 [pool-625-thread-1] INFO  server.RaftServerConfigKeys (ConfUtils.java:logGet(46)) - raft.server.log.appender.buffer.byte-limit = 33554432 (custom)
2022-10-09 13:07:14,540 [pool-625-thread-1] INFO  server.RaftServerConfigKeys (ConfUtils.java:logGet(46)) - raft.server.log.statemachine.data.read.timeout = 1000ms (default)
2022-10-09 13:07:14,540 [pool-625-thread-1] INFO  server.RaftServerConfigKeys (ConfUtils.java:logGet(46)) - raft.server.log.segment.size.max = 1048576 (custom)
2022-10-09 13:07:14,540 [pool-625-thread-1] INFO  server.RaftServerConfigKeys (ConfUtils.java:logGet(46)) - raft.server.log.segment.cache.num.max = 2 (custom)
2022-10-09 13:07:14,540 [pool-625-thread-1] INFO  server.RaftServerConfigKeys (ConfUtils.java:logGet(46)) - raft.server.log.segment.cache.size.max = 200MB (=209715200) (default)
2022-10-09 13:07:14,540 [pool-625-thread-1] INFO  segmented.SegmentedRaftLogWorker (SegmentedRaftLogWorker.java:<init>(187)) - new a9de90a3-d1cd-4e8a-97f8-3dbad3d6a22f@group-0C42490421CE-SegmentedRaftLogWorker for RaftStorageImpl:Storage Directory /home/runner/work/ozone/ozone/hadoop-ozone/integration-test/target/test-dir/MiniOzoneClusterImpl-9128138f-083a-4137-a9cb-d58212e00964/datanode-3/data/ratis/d2ba470d-defc-4489-97e8-0c42490421ce
2022-10-09 13:07:14,541 [pool-625-thread-1] INFO  server.RaftServerConfigKeys (ConfUtils.java:logGet(46)) - raft.server.log.queue.byte-limit = 4294967296 (custom)
2022-10-09 13:07:14,541 [pool-625-thread-1] INFO  server.RaftServerConfigKeys (ConfUtils.java:logGet(46)) - raft.server.log.queue.element-limit = 1024 (custom)
2022-10-09 13:07:14,541 [pool-625-thread-1] INFO  server.RaftServerConfigKeys (ConfUtils.java:logGet(46)) - raft.server.log.segment.size.max = 1048576 (custom)
2022-10-09 13:07:14,541 [pool-625-thread-1] INFO  server.RaftServerConfigKeys (ConfUtils.java:logGet(46)) - raft.server.log.preallocated.size = 16384 (custom)
2022-10-09 13:07:14,541 [pool-625-thread-1] INFO  server.RaftServerConfigKeys (ConfUtils.java:logGet(46)) - raft.server.log.force.sync.num = 128 (default)
2022-10-09 13:07:14,541 [pool-625-thread-1] INFO  server.RaftServerConfigKeys (ConfUtils.java:logGet(46)) - raft.server.log.statemachine.data.sync = true (default)
2022-10-09 13:07:14,541 [pool-625-thread-1] INFO  server.RaftServerConfigKeys (ConfUtils.java:logGet(46)) - raft.server.log.statemachine.data.sync.timeout = 10s (default)
2022-10-09 13:07:14,541 [pool-625-thread-1] INFO  server.RaftServerConfigKeys (ConfUtils.java:logGet(46)) - raft.server.log.statemachine.data.sync.timeout.retry = -1 (default)
2022-10-09 13:07:14,541 [EventQueue-PipelineReportForPipelineReportHandler] INFO  pipeline.PipelineManagerImpl (PipelineManagerImpl.java:openPipeline(367)) - Pipeline Pipeline[ Id: d2ba470d-defc-4489-97e8-0c42490421ce, Nodes: a9de90a3-d1cd-4e8a-97f8-3dbad3d6a22f{ip: 10.1.0.209, host: fv-az212-628.zlodpucb4l4udavnfxg5s20dva.cx.internal.cloudapp.net, ports: [REPLICATION=39993, RATIS=35441, RATIS_ADMIN=35441, RATIS_SERVER=35441, STANDALONE=35451], networkLocation: /default-rack, certSerialId: null, persistedOpState: IN_SERVICE, persistedOpStateExpiryEpochSec: 0}, ReplicationConfig: RATIS/ONE, State:ALLOCATED, leaderId:a9de90a3-d1cd-4e8a-97f8-3dbad3d6a22f, CreationTimestamp2022-10-09T13:07:11.523Z[Etc/UTC]] moved to OPEN state
2022-10-09 13:07:14,541 [EventQueue-OpenPipelineForHealthyPipelineSafeModeRule] INFO  safemode.SCMSafeModeManager (HealthyPipelineSafeModeRule.java:process(137)) - SCM in safe mode. Healthy pipelines reported count is 0, required healthy pipeline reported count is 1
2022-10-09 13:07:14,541 [pool-625-thread-1] INFO  server.RaftServerConfigKeys (ConfUtils.java:logGet(46)) - raft.server.log.write.buffer.size = 1048576 (custom)
2022-10-09 13:07:14,542 [pool-625-thread-1] INFO  server.RaftServerConfigKeys (ConfUtils.java:logGet(46)) - raft.server.log.unsafe-flush.enabled = false (default)
2022-10-09 13:07:14,542 [pool-625-thread-1] INFO  server.RaftServerConfigKeys (ConfUtils.java:logGet(46)) - raft.server.log.statemachine.data.caching.enabled = true (custom)
2022-10-09 13:07:14,542 [pool-625-thread-1] INFO  segmented.SegmentedRaftLogWorker (SegmentedRaftLogWorker.java:lambda$new$0(135)) - a9de90a3-d1cd-4e8a-97f8-3dbad3d6a22f@group-0C42490421CE-SegmentedRaftLogWorker: flushIndex: setUnconditionally 0 -> -1
2022-10-09 13:07:14,542 [pool-625-thread-1] INFO  segmented.SegmentedRaftLogWorker (SegmentedRaftLogWorker.java:lambda$new$0(135)) - a9de90a3-d1cd-4e8a-97f8-3dbad3d6a22f@group-0C42490421CE-SegmentedRaftLogWorker: safeCacheEvictIndex: setUnconditionally 0 -> -1
2022-10-09 13:07:14,547 [pool-625-thread-1] INFO  server.RaftServerConfigKeys (ConfUtils.java:logGet(46)) - raft.server.snapshot.auto.trigger.enabled = true (custom)
2022-10-09 13:07:14,547 [pool-625-thread-1] INFO  server.RaftServerConfigKeys (ConfUtils.java:logGet(46)) - raft.server.snapshot.auto.trigger.threshold = 10000 (custom)
2022-10-09 13:07:14,547 [pool-625-thread-1] INFO  server.RaftServerConfigKeys (ConfUtils.java:logGet(46)) - raft.server.snapshot.retention.file.num = 5 (custom)
2022-10-09 13:07:14,547 [pool-625-thread-1] INFO  server.RaftServerConfigKeys (ConfUtils.java:logGet(46)) - raft.server.log.purge.upto.snapshot.index = false (default)
2022-10-09 13:07:14,547 [pool-625-thread-1] INFO  server.RaftServerConfigKeys (ConfUtils.java:logGet(46)) - raft.server.retrycache.expirytime = 600000ms (custom)
2022-10-09 13:07:14,547 [pool-625-thread-1] INFO  server.RaftServerConfigKeys (ConfUtils.java:logGet(46)) - raft.server.retrycache.statistics.expirytime = 100μs (default)
2022-10-09 13:07:14,548 [pool-625-thread-1] INFO  server.RaftServerConfigKeys (ConfUtils.java:logGet(46)) - raft.server.log.appender.install.snapshot.enabled = false (custom)
2022-10-09 13:07:14,548 [pool-625-thread-1] INFO  server.RaftServerConfigKeys (ConfUtils.java:logGet(46)) - raft.server.threadpool.server.cached = true (default)
2022-10-09 13:07:14,548 [pool-625-thread-1] INFO  server.RaftServerConfigKeys (ConfUtils.java:logGet(46)) - raft.server.threadpool.server.size = 0 (default)
2022-10-09 13:07:14,548 [pool-625-thread-1] INFO  server.RaftServerConfigKeys (ConfUtils.java:logGet(46)) - raft.server.threadpool.client.cached = true (default)
2022-10-09 13:07:14,548 [pool-625-thread-1] INFO  server.RaftServerConfigKeys (ConfUtils.java:logGet(46)) - raft.server.threadpool.client.size = 0 (default)
2022-10-09 13:07:14,549 [pool-625-thread-1] INFO  server.RaftServer$Division (RaftServerImpl.java:start(310)) - a9de90a3-d1cd-4e8a-97f8-3dbad3d6a22f@group-0C42490421CE: start as a follower, conf=-1: [a9de90a3-d1cd-4e8a-97f8-3dbad3d6a22f|rpc:10.1.0.209:35441|priority:1], old=null
2022-10-09 13:07:14,549 [pool-625-thread-1] INFO  server.RaftServer$Division (RaftServerImpl.java:setRole(299)) - a9de90a3-d1cd-4e8a-97f8-3dbad3d6a22f@group-0C42490421CE: changes role from      null to FOLLOWER at term 0 for startAsFollower
2022-10-09 13:07:14,549 [pool-625-thread-1] INFO  impl.RoleInfo (RoleInfo.java:updateAndGet(139)) - a9de90a3-d1cd-4e8a-97f8-3dbad3d6a22f: start a9de90a3-d1cd-4e8a-97f8-3dbad3d6a22f@group-0C42490421CE-FollowerState
2022-10-09 13:07:14,556 [pool-625-thread-1] INFO  util.JmxRegister (JmxRegister.java:tryRegister(44)) - Successfully registered JMX Bean with object name Ratis:service=RaftServer,group=group-0C42490421CE,id=a9de90a3-d1cd-4e8a-97f8-3dbad3d6a22f
2022-10-09 13:07:14,556 [Command processor thread] INFO  ratis.XceiverServerRatis (XceiverServerRatis.java:addGroup(765)) - Created group PipelineID=d2ba470d-defc-4489-97e8-0c42490421ce
2022-10-09 13:07:14,556 [Command processor thread] INFO  commandhandler.CreatePipelineCommandHandler (CreatePipelineCommandHandler.java:handle(113)) - Created Pipeline RATIS ONE PipelineID=d2ba470d-defc-4489-97e8-0c42490421ce.
2022-10-09 13:07:15,401 [Listener at 127.0.0.1/33359] INFO  ozone.MiniOzoneClusterImpl (MiniOzoneClusterImpl.java:lambda$waitForClusterToBeReady$0(216)) - Nodes are ready. Got 5 of 5 DN Heartbeats.
2022-10-09 13:07:15,401 [Listener at 127.0.0.1/33359] INFO  ozone.MiniOzoneClusterImpl (MiniOzoneClusterImpl.java:lambda$waitForClusterToBeReady$0(219)) - Waiting for cluster to exit safe mode
2022-10-09 13:07:15,401 [Listener at 127.0.0.1/33359] INFO  ozone.MiniOzoneClusterImpl (MiniOzoneClusterImpl.java:lambda$waitForClusterToBeReady$0(221)) - SCM became leader
2022-10-09 13:07:15,506 [Command processor thread] INFO  server.RaftServer (RaftServerProxy.java:addNew(96)) - 09a05a6c-198f-4b32-89f8-427c1b35cd63: addNew group-64643C4B3655:[09a05a6c-198f-4b32-89f8-427c1b35cd63|rpc:10.1.0.209:45145|priority:1] returns group-64643C4B3655:java.util.concurrent.CompletableFuture@18198eac[Not completed]
2022-10-09 13:07:15,513 [pool-652-thread-1] INFO  server.RaftServer$Division (RaftServerImpl.java:<init>(190)) - 09a05a6c-198f-4b32-89f8-427c1b35cd63: new RaftServerImpl for group-64643C4B3655:[09a05a6c-198f-4b32-89f8-427c1b35cd63|rpc:10.1.0.209:45145|priority:1] with ContainerStateMachine:uninitialized
2022-10-09 13:07:15,513 [pool-652-thread-1] INFO  server.RaftServerConfigKeys (ConfUtils.java:logGet(46)) - raft.server.rpc.timeout.min = 5s (custom)
2022-10-09 13:07:15,513 [pool-652-thread-1] INFO  server.RaftServerConfigKeys (ConfUtils.java:logGet(46)) - raft.server.rpc.timeout.max = 5200ms (custom)
2022-10-09 13:07:15,513 [pool-652-thread-1] INFO  server.RaftServerConfigKeys (ConfUtils.java:logGet(46)) - raft.server.rpc.sleep.time = 25ms (default)
2022-10-09 13:07:15,513 [pool-652-thread-1] INFO  server.RaftServerConfigKeys (ConfUtils.java:logGet(46)) - raft.server.rpc.slowness.timeout = 300s (custom)
2022-10-09 13:07:15,513 [pool-652-thread-1] INFO  server.RaftServerConfigKeys (ConfUtils.java:logGet(46)) - raft.server.leaderelection.leader.step-down.wait-time = 10s (default)
2022-10-09 13:07:15,513 [pool-652-thread-1] INFO  server.RaftServerConfigKeys (ConfUtils.java:logGet(46)) - raft.server.sleep.deviation.threshold = 300ms (default)
2022-10-09 13:07:15,513 [pool-652-thread-1] INFO  server.RaftServer$Division (ServerState.java:<init>(107)) - 09a05a6c-198f-4b32-89f8-427c1b35cd63@group-64643C4B3655: ConfigurationManager, init=-1: [09a05a6c-198f-4b32-89f8-427c1b35cd63|rpc:10.1.0.209:45145|priority:1], old=null, confs=<EMPTY_MAP>
2022-10-09 13:07:15,513 [pool-652-thread-1] INFO  server.RaftServerConfigKeys (ConfUtils.java:logGet(46)) - raft.server.storage.dir = [/home/runner/work/ozone/ozone/hadoop-ozone/integration-test/target/test-dir/MiniOzoneClusterImpl-9128138f-083a-4137-a9cb-d58212e00964/datanode-4/data/ratis] (custom)
2022-10-09 13:07:15,514 [pool-652-thread-1] INFO  server.RaftServerConfigKeys (ConfUtils.java:logGet(46)) - raft.server.log.corruption.policy = EXCEPTION (default)
2022-10-09 13:07:15,514 [pool-652-thread-1] INFO  server.RaftServerConfigKeys (ConfUtils.java:logGet(46)) - raft.server.storage.free-space.min = 0MB (=0) (default)
2022-10-09 13:07:15,514 [pool-652-thread-1] INFO  storage.RaftStorageDirectory (RaftStorageDirectoryImpl.java:analyzeStorage(135)) - The storage directory /home/runner/work/ozone/ozone/hadoop-ozone/integration-test/target/test-dir/MiniOzoneClusterImpl-9128138f-083a-4137-a9cb-d58212e00964/datanode-4/data/ratis/f4b92fbb-2388-4d1b-9460-64643c4b3655 does not exist. Creating ...
2022-10-09 13:07:15,528 [pool-652-thread-1] INFO  storage.RaftStorageDirectory (RaftStorageDirectoryImpl.java:tryLock(230)) - Lock on /home/runner/work/ozone/ozone/hadoop-ozone/integration-test/target/test-dir/MiniOzoneClusterImpl-9128138f-083a-4137-a9cb-d58212e00964/datanode-4/data/ratis/f4b92fbb-2388-4d1b-9460-64643c4b3655/in_use.lock acquired by nodename 13094@fv-az212-628
2022-10-09 13:07:15,535 [pool-652-thread-1] INFO  storage.RaftStorage (RaftStorageImpl.java:format(89)) - Storage directory /home/runner/work/ozone/ozone/hadoop-ozone/integration-test/target/test-dir/MiniOzoneClusterImpl-9128138f-083a-4137-a9cb-d58212e00964/datanode-4/data/ratis/f4b92fbb-2388-4d1b-9460-64643c4b3655 has been successfully formatted.
2022-10-09 13:07:15,549 [pool-652-thread-1] INFO  ratis.ContainerStateMachine (ContainerStateMachine.java:loadSnapshot(236)) - group-64643C4B3655: The snapshot info is null. Setting the last applied indexto:(t:0, i:~)
2022-10-09 13:07:15,549 [pool-652-thread-1] INFO  server.RaftServerConfigKeys (ConfUtils.java:logGet(46)) - raft.server.notification.no-leader.timeout = 300s (custom)
2022-10-09 13:07:15,549 [pool-652-thread-1] INFO  server.RaftServerConfigKeys (ConfUtils.java:logGet(46)) - raft.server.log.use.memory = false (default)
2022-10-09 13:07:15,550 [EventQueue-PipelineReportForPipelineReportHandler] INFO  pipeline.PipelineManagerImpl (PipelineManagerImpl.java:openPipeline(367)) - Pipeline Pipeline[ Id: f4b92fbb-2388-4d1b-9460-64643c4b3655, Nodes: 09a05a6c-198f-4b32-89f8-427c1b35cd63{ip: 10.1.0.209, host: fv-az212-628.zlodpucb4l4udavnfxg5s20dva.cx.internal.cloudapp.net, ports: [REPLICATION=35103, RATIS=45145, RATIS_ADMIN=45145, RATIS_SERVER=45145, STANDALONE=41113], networkLocation: /default-rack, certSerialId: null, persistedOpState: IN_SERVICE, persistedOpStateExpiryEpochSec: 0}, ReplicationConfig: RATIS/ONE, State:ALLOCATED, leaderId:09a05a6c-198f-4b32-89f8-427c1b35cd63, CreationTimestamp2022-10-09T13:07:12.512Z[Etc/UTC]] moved to OPEN state
2022-10-09 13:07:15,550 [EventQueue-OpenPipelineForHealthyPipelineSafeModeRule] INFO  safemode.SCMSafeModeManager (HealthyPipelineSafeModeRule.java:process(137)) - SCM in safe mode. Healthy pipelines reported count is 0, required healthy pipeline reported count is 1
2022-10-09 13:07:15,552 [pool-652-thread-1] INFO  server.RaftServerConfigKeys (ConfUtils.java:logGet(46)) - raft.server.log.purge.gap = 1000000 (custom)
2022-10-09 13:07:15,552 [pool-652-thread-1] INFO  server.RaftServerConfigKeys (ConfUtils.java:logGet(46)) - raft.server.log.appender.buffer.byte-limit = 33554432 (custom)
2022-10-09 13:07:15,552 [pool-652-thread-1] INFO  server.RaftServerConfigKeys (ConfUtils.java:logGet(46)) - raft.server.log.statemachine.data.read.timeout = 1000ms (default)
2022-10-09 13:07:15,552 [pool-652-thread-1] INFO  server.RaftServerConfigKeys (ConfUtils.java:logGet(46)) - raft.server.log.segment.size.max = 1048576 (custom)
2022-10-09 13:07:15,553 [pool-652-thread-1] INFO  server.RaftServerConfigKeys (ConfUtils.java:logGet(46)) - raft.server.log.segment.cache.num.max = 2 (custom)
2022-10-09 13:07:15,553 [pool-652-thread-1] INFO  server.RaftServerConfigKeys (ConfUtils.java:logGet(46)) - raft.server.log.segment.cache.size.max = 200MB (=209715200) (default)
2022-10-09 13:07:15,553 [pool-652-thread-1] INFO  segmented.SegmentedRaftLogWorker (SegmentedRaftLogWorker.java:<init>(187)) - new 09a05a6c-198f-4b32-89f8-427c1b35cd63@group-64643C4B3655-SegmentedRaftLogWorker for RaftStorageImpl:Storage Directory /home/runner/work/ozone/ozone/hadoop-ozone/integration-test/target/test-dir/MiniOzoneClusterImpl-9128138f-083a-4137-a9cb-d58212e00964/datanode-4/data/ratis/f4b92fbb-2388-4d1b-9460-64643c4b3655
2022-10-09 13:07:15,557 [pool-652-thread-1] INFO  server.RaftServerConfigKeys (ConfUtils.java:logGet(46)) - raft.server.log.queue.byte-limit = 4294967296 (custom)
2022-10-09 13:07:15,557 [pool-652-thread-1] INFO  server.RaftServerConfigKeys (ConfUtils.java:logGet(46)) - raft.server.log.queue.element-limit = 1024 (custom)
2022-10-09 13:07:15,557 [pool-652-thread-1] INFO  server.RaftServerConfigKeys (ConfUtils.java:logGet(46)) - raft.server.log.segment.size.max = 1048576 (custom)
2022-10-09 13:07:15,557 [pool-652-thread-1] INFO  server.RaftServerConfigKeys (ConfUtils.java:logGet(46)) - raft.server.log.preallocated.size = 16384 (custom)
2022-10-09 13:07:15,557 [pool-652-thread-1] INFO  server.RaftServerConfigKeys (ConfUtils.java:logGet(46)) - raft.server.log.force.sync.num = 128 (default)
2022-10-09 13:07:15,557 [pool-652-thread-1] INFO  server.RaftServerConfigKeys (ConfUtils.java:logGet(46)) - raft.server.log.statemachine.data.sync = true (default)
2022-10-09 13:07:15,557 [pool-652-thread-1] INFO  server.RaftServerConfigKeys (ConfUtils.java:logGet(46)) - raft.server.log.statemachine.data.sync.timeout = 10s (default)
2022-10-09 13:07:15,557 [pool-652-thread-1] INFO  server.RaftServerConfigKeys (ConfUtils.java:logGet(46)) - raft.server.log.statemachine.data.sync.timeout.retry = -1 (default)
2022-10-09 13:07:15,558 [pool-652-thread-1] INFO  server.RaftServerConfigKeys (ConfUtils.java:logGet(46)) - raft.server.log.write.buffer.size = 1048576 (custom)
2022-10-09 13:07:15,558 [pool-652-thread-1] INFO  server.RaftServerConfigKeys (ConfUtils.java:logGet(46)) - raft.server.log.unsafe-flush.enabled = false (default)
2022-10-09 13:07:15,558 [pool-652-thread-1] INFO  server.RaftServerConfigKeys (ConfUtils.java:logGet(46)) - raft.server.log.statemachine.data.caching.enabled = true (custom)
2022-10-09 13:07:15,558 [pool-652-thread-1] INFO  segmented.SegmentedRaftLogWorker (SegmentedRaftLogWorker.java:lambda$new$0(135)) - 09a05a6c-198f-4b32-89f8-427c1b35cd63@group-64643C4B3655-SegmentedRaftLogWorker: flushIndex: setUnconditionally 0 -> -1
2022-10-09 13:07:15,559 [pool-652-thread-1] INFO  segmented.SegmentedRaftLogWorker (SegmentedRaftLogWorker.java:lambda$new$0(135)) - 09a05a6c-198f-4b32-89f8-427c1b35cd63@group-64643C4B3655-SegmentedRaftLogWorker: safeCacheEvictIndex: setUnconditionally 0 -> -1
2022-10-09 13:07:15,568 [pool-652-thread-1] INFO  server.RaftServerConfigKeys (ConfUtils.java:logGet(46)) - raft.server.snapshot.auto.trigger.enabled = true (custom)
2022-10-09 13:07:15,568 [pool-652-thread-1] INFO  server.RaftServerConfigKeys (ConfUtils.java:logGet(46)) - raft.server.snapshot.auto.trigger.threshold = 10000 (custom)
2022-10-09 13:07:15,568 [pool-652-thread-1] INFO  server.RaftServerConfigKeys (ConfUtils.java:logGet(46)) - raft.server.snapshot.retention.file.num = 5 (custom)
2022-10-09 13:07:15,568 [pool-652-thread-1] INFO  server.RaftServerConfigKeys (ConfUtils.java:logGet(46)) - raft.server.log.purge.upto.snapshot.index = false (default)
2022-10-09 13:07:15,568 [pool-652-thread-1] INFO  server.RaftServerConfigKeys (ConfUtils.java:logGet(46)) - raft.server.retrycache.expirytime = 600000ms (custom)
2022-10-09 13:07:15,568 [pool-652-thread-1] INFO  server.RaftServerConfigKeys (ConfUtils.java:logGet(46)) - raft.server.retrycache.statistics.expirytime = 100μs (default)
2022-10-09 13:07:15,569 [pool-652-thread-1] INFO  server.RaftServerConfigKeys (ConfUtils.java:logGet(46)) - raft.server.log.appender.install.snapshot.enabled = false (custom)
2022-10-09 13:07:15,569 [pool-652-thread-1] INFO  server.RaftServerConfigKeys (ConfUtils.java:logGet(46)) - raft.server.threadpool.server.cached = true (default)
2022-10-09 13:07:15,569 [pool-652-thread-1] INFO  server.RaftServerConfigKeys (ConfUtils.java:logGet(46)) - raft.server.threadpool.server.size = 0 (default)
2022-10-09 13:07:15,569 [pool-652-thread-1] INFO  server.RaftServerConfigKeys (ConfUtils.java:logGet(46)) - raft.server.threadpool.client.cached = true (default)
2022-10-09 13:07:15,569 [pool-652-thread-1] INFO  server.RaftServerConfigKeys (ConfUtils.java:logGet(46)) - raft.server.threadpool.client.size = 0 (default)
2022-10-09 13:07:15,569 [pool-652-thread-1] INFO  server.RaftServer$Division (RaftServerImpl.java:start(310)) - 09a05a6c-198f-4b32-89f8-427c1b35cd63@group-64643C4B3655: start as a follower, conf=-1: [09a05a6c-198f-4b32-89f8-427c1b35cd63|rpc:10.1.0.209:45145|priority:1], old=null
2022-10-09 13:07:15,569 [pool-652-thread-1] INFO  server.RaftServer$Division (RaftServerImpl.java:setRole(299)) - 09a05a6c-198f-4b32-89f8-427c1b35cd63@group-64643C4B3655: changes role from      null to FOLLOWER at term 0 for startAsFollower
2022-10-09 13:07:15,569 [pool-652-thread-1] INFO  impl.RoleInfo (RoleInfo.java:updateAndGet(139)) - 09a05a6c-198f-4b32-89f8-427c1b35cd63: start 09a05a6c-198f-4b32-89f8-427c1b35cd63@group-64643C4B3655-FollowerState
2022-10-09 13:07:15,571 [pool-652-thread-1] INFO  util.JmxRegister (JmxRegister.java:tryRegister(44)) - Successfully registered JMX Bean with object name Ratis:service=RaftServer,group=group-64643C4B3655,id=09a05a6c-198f-4b32-89f8-427c1b35cd63
2022-10-09 13:07:15,571 [Command processor thread] INFO  ratis.XceiverServerRatis (XceiverServerRatis.java:addGroup(765)) - Created group PipelineID=f4b92fbb-2388-4d1b-9460-64643c4b3655
2022-10-09 13:07:15,572 [Command processor thread] INFO  commandhandler.CreatePipelineCommandHandler (CreatePipelineCommandHandler.java:handle(113)) - Created Pipeline RATIS ONE PipelineID=f4b92fbb-2388-4d1b-9460-64643c4b3655.
2022-10-09 13:07:16,402 [Listener at 127.0.0.1/33359] INFO  ozone.MiniOzoneClusterImpl (MiniOzoneClusterImpl.java:lambda$waitForClusterToBeReady$0(216)) - Nodes are ready. Got 5 of 5 DN Heartbeats.
2022-10-09 13:07:16,402 [Listener at 127.0.0.1/33359] INFO  ozone.MiniOzoneClusterImpl (MiniOzoneClusterImpl.java:lambda$waitForClusterToBeReady$0(219)) - Waiting for cluster to exit safe mode
2022-10-09 13:07:16,402 [Listener at 127.0.0.1/33359] INFO  ozone.MiniOzoneClusterImpl (MiniOzoneClusterImpl.java:lambda$waitForClusterToBeReady$0(221)) - SCM became leader
2022-10-09 13:07:17,073 [c6dbff45-d07e-454c-8dcf-e2e002008729@group-158863FA72FF-FollowerState] INFO  impl.FollowerState (FollowerState.java:run(143)) - c6dbff45-d07e-454c-8dcf-e2e002008729@group-158863FA72FF-FollowerState: change to CANDIDATE, lastRpcElapsedTime:5067637053ns, electionTimeout:5032ms
2022-10-09 13:07:17,073 [c6dbff45-d07e-454c-8dcf-e2e002008729@group-158863FA72FF-FollowerState] INFO  impl.RoleInfo (RoleInfo.java:shutdownFollowerState(110)) - c6dbff45-d07e-454c-8dcf-e2e002008729: shutdown c6dbff45-d07e-454c-8dcf-e2e002008729@group-158863FA72FF-FollowerState
2022-10-09 13:07:17,073 [c6dbff45-d07e-454c-8dcf-e2e002008729@group-158863FA72FF-FollowerState] INFO  server.RaftServer$Division (RaftServerImpl.java:setRole(299)) - c6dbff45-d07e-454c-8dcf-e2e002008729@group-158863FA72FF: changes role from  FOLLOWER to CANDIDATE at term 0 for changeToCandidate
2022-10-09 13:07:17,073 [c6dbff45-d07e-454c-8dcf-e2e002008729@group-158863FA72FF-FollowerState] INFO  server.RaftServerConfigKeys (ConfUtils.java:logGet(46)) - raft.server.leaderelection.pre-vote = false (custom)
2022-10-09 13:07:17,073 [c6dbff45-d07e-454c-8dcf-e2e002008729@group-158863FA72FF-FollowerState] INFO  impl.RoleInfo (RoleInfo.java:updateAndGet(139)) - c6dbff45-d07e-454c-8dcf-e2e002008729: start c6dbff45-d07e-454c-8dcf-e2e002008729@group-158863FA72FF-LeaderElection38
2022-10-09 13:07:17,096 [c6dbff45-d07e-454c-8dcf-e2e002008729@group-158863FA72FF-LeaderElection38] INFO  impl.LeaderElection (LeaderElection.java:askForVotes(310)) - c6dbff45-d07e-454c-8dcf-e2e002008729@group-158863FA72FF-LeaderElection38 ELECTION round 0: submit vote requests at term 1 for -1: [c6dbff45-d07e-454c-8dcf-e2e002008729|rpc:10.1.0.209:38729|priority:1], old=null
2022-10-09 13:07:17,096 [c6dbff45-d07e-454c-8dcf-e2e002008729@group-158863FA72FF-LeaderElection38] INFO  impl.LeaderElection (LeaderElection.java:askForVotes(312)) - c6dbff45-d07e-454c-8dcf-e2e002008729@group-158863FA72FF-LeaderElection38 ELECTION round 0: result PASSED (term=1)
2022-10-09 13:07:17,096 [c6dbff45-d07e-454c-8dcf-e2e002008729@group-158863FA72FF-LeaderElection38] INFO  impl.RoleInfo (RoleInfo.java:shutdownLeaderElection(130)) - c6dbff45-d07e-454c-8dcf-e2e002008729: shutdown c6dbff45-d07e-454c-8dcf-e2e002008729@group-158863FA72FF-LeaderElection38
2022-10-09 13:07:17,096 [c6dbff45-d07e-454c-8dcf-e2e002008729@group-158863FA72FF-LeaderElection38] INFO  server.RaftServer$Division (RaftServerImpl.java:setRole(299)) - c6dbff45-d07e-454c-8dcf-e2e002008729@group-158863FA72FF: changes role from CANDIDATE to LEADER at term 1 for changeToLeader
2022-10-09 13:07:17,096 [c6dbff45-d07e-454c-8dcf-e2e002008729@group-158863FA72FF-LeaderElection38] INFO  ratis.XceiverServerRatis (XceiverServerRatis.java:handleLeaderChangedNotification(863)) - Leader change notification received for group: group-158863FA72FF with new leaderId: c6dbff45-d07e-454c-8dcf-e2e002008729
2022-10-09 13:07:17,096 [c6dbff45-d07e-454c-8dcf-e2e002008729@group-158863FA72FF-LeaderElection38] INFO  server.RaftServer$Division (ServerState.java:setLeader(287)) - c6dbff45-d07e-454c-8dcf-e2e002008729@group-158863FA72FF: change Leader from null to c6dbff45-d07e-454c-8dcf-e2e002008729 at term 1 for becomeLeader, leader elected after 5101ms
2022-10-09 13:07:17,096 [c6dbff45-d07e-454c-8dcf-e2e002008729@group-158863FA72FF-LeaderElection38] INFO  server.RaftServerConfigKeys (ConfUtils.java:logGet(46)) - raft.server.staging.catchup.gap = 1000 (default)
2022-10-09 13:07:17,096 [c6dbff45-d07e-454c-8dcf-e2e002008729@group-158863FA72FF-LeaderElection38] INFO  server.RaftServerConfigKeys (ConfUtils.java:logGet(46)) - raft.server.write.element-limit = 1024 (custom)
2022-10-09 13:07:17,097 [c6dbff45-d07e-454c-8dcf-e2e002008729@group-158863FA72FF-LeaderElection38] INFO  server.RaftServerConfigKeys (ConfUtils.java:logGet(46)) - raft.server.write.byte-limit = 1024 M (=1073741824) (custom)
2022-10-09 13:07:17,097 [c6dbff45-d07e-454c-8dcf-e2e002008729@group-158863FA72FF-LeaderElection38] INFO  server.RaftServerConfigKeys (ConfUtils.java:logGet(46)) - raft.server.watch.timeout = 180s (custom)
2022-10-09 13:07:17,097 [c6dbff45-d07e-454c-8dcf-e2e002008729@group-158863FA72FF-LeaderElection38] INFO  server.RaftServerConfigKeys (ConfUtils.java:logGet(46)) - raft.server.watch.timeout.denomination = 1s (default)
2022-10-09 13:07:17,097 [c6dbff45-d07e-454c-8dcf-e2e002008729@group-158863FA72FF-LeaderElection38] INFO  server.RaftServerConfigKeys (ConfUtils.java:logGet(46)) - raft.server.watch.element-limit = 65536 (default)
2022-10-09 13:07:17,097 [c6dbff45-d07e-454c-8dcf-e2e002008729@group-158863FA72FF-LeaderElection38] INFO  server.RaftServerConfigKeys (ConfUtils.java:logGet(46)) - raft.server.write.element-limit = 1024 (custom)
2022-10-09 13:07:17,097 [c6dbff45-d07e-454c-8dcf-e2e002008729@group-158863FA72FF-LeaderElection38] INFO  server.RaftServerConfigKeys (ConfUtils.java:logGet(46)) - raft.server.write.follower.gap.ratio.max = -1.0 (default)
2022-10-09 13:07:17,098 [c6dbff45-d07e-454c-8dcf-e2e002008729@group-158863FA72FF-LeaderElection38] INFO  impl.RoleInfo (RoleInfo.java:updateAndGet(139)) - c6dbff45-d07e-454c-8dcf-e2e002008729: start c6dbff45-d07e-454c-8dcf-e2e002008729@group-158863FA72FF-LeaderStateImpl
2022-10-09 13:07:17,098 [c6dbff45-d07e-454c-8dcf-e2e002008729@group-158863FA72FF-LeaderElection38] INFO  segmented.SegmentedRaftLogWorker (SegmentedRaftLogWorker.java:startLogSegment(425)) - c6dbff45-d07e-454c-8dcf-e2e002008729@group-158863FA72FF-SegmentedRaftLogWorker: Starting segment from index:0
2022-10-09 13:07:17,100 [c6dbff45-d07e-454c-8dcf-e2e002008729@group-158863FA72FF-SegmentedRaftLogWorker] INFO  segmented.SegmentedRaftLogWorker (SegmentedRaftLogWorker.java:execute(629)) - c6dbff45-d07e-454c-8dcf-e2e002008729@group-158863FA72FF-SegmentedRaftLogWorker: created new log segment /home/runner/work/ozone/ozone/hadoop-ozone/integration-test/target/test-dir/MiniOzoneClusterImpl-9128138f-083a-4137-a9cb-d58212e00964/datanode-0/data/ratis/023ee109-e334-4f66-9b72-158863fa72ff/current/log_inprogress_0
2022-10-09 13:07:17,105 [c6dbff45-d07e-454c-8dcf-e2e002008729@group-158863FA72FF-LeaderElection38] INFO  server.RaftServer$Division (ServerState.java:setRaftConf(393)) - c6dbff45-d07e-454c-8dcf-e2e002008729@group-158863FA72FF: set configuration 0: [c6dbff45-d07e-454c-8dcf-e2e002008729|rpc:10.1.0.209:38729|dataStream:|priority:1], old=null
2022-10-09 13:07:17,130 [EventQueue-OpenPipelineForHealthyPipelineSafeModeRule] INFO  safemode.SCMSafeModeManager (HealthyPipelineSafeModeRule.java:process(137)) - SCM in safe mode. Healthy pipelines reported count is 0, required healthy pipeline reported count is 1
2022-10-09 13:07:17,195 [c6dbff45-d07e-454c-8dcf-e2e002008729@group-4461322E6C07-FollowerState] INFO  impl.FollowerState (FollowerState.java:run(143)) - c6dbff45-d07e-454c-8dcf-e2e002008729@group-4461322E6C07-FollowerState: change to CANDIDATE, lastRpcElapsedTime:5118867534ns, electionTimeout:5118ms
2022-10-09 13:07:17,196 [c6dbff45-d07e-454c-8dcf-e2e002008729@group-4461322E6C07-FollowerState] INFO  impl.RoleInfo (RoleInfo.java:shutdownFollowerState(110)) - c6dbff45-d07e-454c-8dcf-e2e002008729: shutdown c6dbff45-d07e-454c-8dcf-e2e002008729@group-4461322E6C07-FollowerState
2022-10-09 13:07:17,196 [c6dbff45-d07e-454c-8dcf-e2e002008729@group-4461322E6C07-FollowerState] INFO  server.RaftServer$Division (RaftServerImpl.java:setRole(299)) - c6dbff45-d07e-454c-8dcf-e2e002008729@group-4461322E6C07: changes role from  FOLLOWER to CANDIDATE at term 0 for changeToCandidate
2022-10-09 13:07:17,196 [c6dbff45-d07e-454c-8dcf-e2e002008729@group-4461322E6C07-FollowerState] INFO  server.RaftServerConfigKeys (ConfUtils.java:logGet(46)) - raft.server.leaderelection.pre-vote = false (custom)
2022-10-09 13:07:17,196 [c6dbff45-d07e-454c-8dcf-e2e002008729@group-4461322E6C07-FollowerState] INFO  impl.RoleInfo (RoleInfo.java:updateAndGet(139)) - c6dbff45-d07e-454c-8dcf-e2e002008729: start c6dbff45-d07e-454c-8dcf-e2e002008729@group-4461322E6C07-LeaderElection39
2022-10-09 13:07:17,235 [c6dbff45-d07e-454c-8dcf-e2e002008729@group-4461322E6C07-LeaderElection39] INFO  impl.LeaderElection (LeaderElection.java:askForVotes(310)) - c6dbff45-d07e-454c-8dcf-e2e002008729@group-4461322E6C07-LeaderElection39 ELECTION round 0: submit vote requests at term 1 for -1: [d46e0485-2442-4c5a-ac53-f23987407338|rpc:10.1.0.209:36777|priority:1, 55b9ea12-5ed0-4563-9b80-74e62ded3c41|rpc:10.1.0.209:45387|priority:0, c6dbff45-d07e-454c-8dcf-e2e002008729|rpc:10.1.0.209:38729|priority:0], old=null
2022-10-09 13:07:17,239 [55b9ea12-5ed0-4563-9b80-74e62ded3c41@group-4461322E6C07-FollowerState] INFO  impl.FollowerState (FollowerState.java:run(143)) - 55b9ea12-5ed0-4563-9b80-74e62ded3c41@group-4461322E6C07-FollowerState: change to CANDIDATE, lastRpcElapsedTime:5045654803ns, electionTimeout:5040ms
2022-10-09 13:07:17,239 [55b9ea12-5ed0-4563-9b80-74e62ded3c41@group-4461322E6C07-FollowerState] INFO  impl.RoleInfo (RoleInfo.java:shutdownFollowerState(110)) - 55b9ea12-5ed0-4563-9b80-74e62ded3c41: shutdown 55b9ea12-5ed0-4563-9b80-74e62ded3c41@group-4461322E6C07-FollowerState
2022-10-09 13:07:17,239 [55b9ea12-5ed0-4563-9b80-74e62ded3c41@group-4461322E6C07-FollowerState] INFO  server.RaftServer$Division (RaftServerImpl.java:setRole(299)) - 55b9ea12-5ed0-4563-9b80-74e62ded3c41@group-4461322E6C07: changes role from  FOLLOWER to CANDIDATE at term 0 for changeToCandidate
2022-10-09 13:07:17,243 [55b9ea12-5ed0-4563-9b80-74e62ded3c41@group-4461322E6C07-FollowerState] INFO  server.RaftServerConfigKeys (ConfUtils.java:logGet(46)) - raft.server.leaderelection.pre-vote = false (custom)
2022-10-09 13:07:17,244 [55b9ea12-5ed0-4563-9b80-74e62ded3c41@group-4461322E6C07-FollowerState] INFO  impl.RoleInfo (RoleInfo.java:updateAndGet(139)) - 55b9ea12-5ed0-4563-9b80-74e62ded3c41: start 55b9ea12-5ed0-4563-9b80-74e62ded3c41@group-4461322E6C07-LeaderElection40
2022-10-09 13:07:17,272 [55b9ea12-5ed0-4563-9b80-74e62ded3c41@group-4461322E6C07-LeaderElection40] INFO  impl.LeaderElection (LeaderElection.java:askForVotes(310)) - 55b9ea12-5ed0-4563-9b80-74e62ded3c41@group-4461322E6C07-LeaderElection40 ELECTION round 0: submit vote requests at term 1 for -1: [d46e0485-2442-4c5a-ac53-f23987407338|rpc:10.1.0.209:36777|dataStream:|priority:1, 55b9ea12-5ed0-4563-9b80-74e62ded3c41|rpc:10.1.0.209:45387|dataStream:|priority:0, c6dbff45-d07e-454c-8dcf-e2e002008729|rpc:10.1.0.209:38729|dataStream:|priority:0], old=null
2022-10-09 13:07:17,284 [grpc-default-executor-0] INFO  server.RaftServer$Division (RaftServerImpl.java:requestVote(1152)) - 55b9ea12-5ed0-4563-9b80-74e62ded3c41@group-4461322E6C07: receive requestVote(ELECTION, c6dbff45-d07e-454c-8dcf-e2e002008729, group-4461322E6C07, 1, (t:0, i:0))
2022-10-09 13:07:17,284 [grpc-default-executor-0] INFO  impl.VoteContext (VoteContext.java:log(48)) - 55b9ea12-5ed0-4563-9b80-74e62ded3c41@group-4461322E6C07-CANDIDATE: reject ELECTION from c6dbff45-d07e-454c-8dcf-e2e002008729: already has voted for 55b9ea12-5ed0-4563-9b80-74e62ded3c41 at current term 1
2022-10-09 13:07:17,284 [grpc-default-executor-0] INFO  server.RaftServer$Division (RaftServerImpl.java:requestVote(1184)) - 55b9ea12-5ed0-4563-9b80-74e62ded3c41@group-4461322E6C07 replies to ELECTION vote request: c6dbff45-d07e-454c-8dcf-e2e002008729<-55b9ea12-5ed0-4563-9b80-74e62ded3c41#0:FAIL-t1. Peer's state: 55b9ea12-5ed0-4563-9b80-74e62ded3c41@group-4461322E6C07:t1, leader=null, voted=55b9ea12-5ed0-4563-9b80-74e62ded3c41, raftlog=55b9ea12-5ed0-4563-9b80-74e62ded3c41@group-4461322E6C07-SegmentedRaftLog:OPENED:c-1, conf=-1: [d46e0485-2442-4c5a-ac53-f23987407338|rpc:10.1.0.209:36777|dataStream:|priority:1, 55b9ea12-5ed0-4563-9b80-74e62ded3c41|rpc:10.1.0.209:45387|dataStream:|priority:0, c6dbff45-d07e-454c-8dcf-e2e002008729|rpc:10.1.0.209:38729|dataStream:|priority:0], old=null
2022-10-09 13:07:17,312 [grpc-default-executor-1] INFO  server.RaftServer$Division (RaftServerImpl.java:requestVote(1152)) - d46e0485-2442-4c5a-ac53-f23987407338@group-4461322E6C07: receive requestVote(ELECTION, c6dbff45-d07e-454c-8dcf-e2e002008729, group-4461322E6C07, 1, (t:0, i:0))
2022-10-09 13:07:17,313 [grpc-default-executor-1] INFO  impl.VoteContext (VoteContext.java:log(48)) - d46e0485-2442-4c5a-ac53-f23987407338@group-4461322E6C07-FOLLOWER: reject ELECTION from c6dbff45-d07e-454c-8dcf-e2e002008729: our priority 1 > candidate's priority 0
2022-10-09 13:07:17,313 [grpc-default-executor-1] INFO  server.RaftServer$Division (RaftServerImpl.java:setRole(299)) - d46e0485-2442-4c5a-ac53-f23987407338@group-4461322E6C07: changes role from  FOLLOWER to FOLLOWER at term 1 for candidate:c6dbff45-d07e-454c-8dcf-e2e002008729
2022-10-09 13:07:17,313 [grpc-default-executor-1] INFO  impl.RoleInfo (RoleInfo.java:shutdownFollowerState(110)) - d46e0485-2442-4c5a-ac53-f23987407338: shutdown d46e0485-2442-4c5a-ac53-f23987407338@group-4461322E6C07-FollowerState
2022-10-09 13:07:17,313 [d46e0485-2442-4c5a-ac53-f23987407338@group-4461322E6C07-FollowerState] INFO  impl.FollowerState (FollowerState.java:run(152)) - d46e0485-2442-4c5a-ac53-f23987407338@group-4461322E6C07-FollowerState was interrupted
2022-10-09 13:07:17,313 [grpc-default-executor-1] INFO  impl.RoleInfo (RoleInfo.java:updateAndGet(139)) - d46e0485-2442-4c5a-ac53-f23987407338: start d46e0485-2442-4c5a-ac53-f23987407338@group-4461322E6C07-FollowerState
2022-10-09 13:07:17,316 [grpc-default-executor-1] INFO  server.RaftServer$Division (RaftServerImpl.java:requestVote(1184)) - d46e0485-2442-4c5a-ac53-f23987407338@group-4461322E6C07 replies to ELECTION vote request: c6dbff45-d07e-454c-8dcf-e2e002008729<-d46e0485-2442-4c5a-ac53-f23987407338#0:FAIL-t1. Peer's state: d46e0485-2442-4c5a-ac53-f23987407338@group-4461322E6C07:t1, leader=null, voted=null, raftlog=d46e0485-2442-4c5a-ac53-f23987407338@group-4461322E6C07-SegmentedRaftLog:OPENED:c-1, conf=-1: [d46e0485-2442-4c5a-ac53-f23987407338|rpc:10.1.0.209:36777|dataStream:|priority:1, 55b9ea12-5ed0-4563-9b80-74e62ded3c41|rpc:10.1.0.209:45387|dataStream:|priority:0, c6dbff45-d07e-454c-8dcf-e2e002008729|rpc:10.1.0.209:38729|dataStream:|priority:0], old=null
2022-10-09 13:07:17,317 [c6dbff45-d07e-454c-8dcf-e2e002008729@group-4461322E6C07-LeaderElection39] INFO  impl.LeaderElection (LeaderElection.java:logAndReturn(90)) - c6dbff45-d07e-454c-8dcf-e2e002008729@group-4461322E6C07-LeaderElection39: ELECTION REJECTED received 2 response(s) and 0 exception(s):
2022-10-09 13:07:17,317 [c6dbff45-d07e-454c-8dcf-e2e002008729@group-4461322E6C07-LeaderElection39] INFO  impl.LeaderElection (LeaderElection.java:logAndReturn(94)) -   Response 0: c6dbff45-d07e-454c-8dcf-e2e002008729<-d46e0485-2442-4c5a-ac53-f23987407338#0:FAIL-t1
2022-10-09 13:07:17,317 [c6dbff45-d07e-454c-8dcf-e2e002008729@group-4461322E6C07-LeaderElection39] INFO  impl.LeaderElection (LeaderElection.java:logAndReturn(94)) -   Response 1: c6dbff45-d07e-454c-8dcf-e2e002008729<-55b9ea12-5ed0-4563-9b80-74e62ded3c41#0:FAIL-t1
2022-10-09 13:07:17,317 [c6dbff45-d07e-454c-8dcf-e2e002008729@group-4461322E6C07-LeaderElection39] INFO  impl.LeaderElection (LeaderElection.java:askForVotes(312)) - c6dbff45-d07e-454c-8dcf-e2e002008729@group-4461322E6C07-LeaderElection39 ELECTION round 0: result REJECTED
2022-10-09 13:07:17,317 [c6dbff45-d07e-454c-8dcf-e2e002008729@group-4461322E6C07-LeaderElection39] INFO  server.RaftServer$Division (RaftServerImpl.java:setRole(299)) - c6dbff45-d07e-454c-8dcf-e2e002008729@group-4461322E6C07: changes role from CANDIDATE to FOLLOWER at term 1 for REJECTED
2022-10-09 13:07:17,317 [c6dbff45-d07e-454c-8dcf-e2e002008729@group-4461322E6C07-LeaderElection39] INFO  impl.RoleInfo (RoleInfo.java:shutdownLeaderElection(130)) - c6dbff45-d07e-454c-8dcf-e2e002008729: shutdown c6dbff45-d07e-454c-8dcf-e2e002008729@group-4461322E6C07-LeaderElection39
2022-10-09 13:07:17,317 [c6dbff45-d07e-454c-8dcf-e2e002008729@group-4461322E6C07-LeaderElection39] INFO  impl.RoleInfo (RoleInfo.java:updateAndGet(139)) - c6dbff45-d07e-454c-8dcf-e2e002008729: start c6dbff45-d07e-454c-8dcf-e2e002008729@group-4461322E6C07-FollowerState
2022-10-09 13:07:17,385 [grpc-default-executor-1] INFO  server.RaftServer$Division (RaftServerImpl.java:requestVote(1152)) - d46e0485-2442-4c5a-ac53-f23987407338@group-4461322E6C07: receive requestVote(ELECTION, 55b9ea12-5ed0-4563-9b80-74e62ded3c41, group-4461322E6C07, 1, (t:0, i:0))
2022-10-09 13:07:17,385 [grpc-default-executor-1] INFO  impl.VoteContext (VoteContext.java:log(48)) - d46e0485-2442-4c5a-ac53-f23987407338@group-4461322E6C07-FOLLOWER: reject ELECTION from 55b9ea12-5ed0-4563-9b80-74e62ded3c41: our priority 1 > candidate's priority 0
2022-10-09 13:07:17,385 [grpc-default-executor-1] INFO  server.RaftServer$Division (RaftServerImpl.java:setRole(299)) - d46e0485-2442-4c5a-ac53-f23987407338@group-4461322E6C07: changes role from  FOLLOWER to FOLLOWER at term 1 for candidate:55b9ea12-5ed0-4563-9b80-74e62ded3c41
2022-10-09 13:07:17,385 [grpc-default-executor-1] INFO  impl.RoleInfo (RoleInfo.java:shutdownFollowerState(110)) - d46e0485-2442-4c5a-ac53-f23987407338: shutdown d46e0485-2442-4c5a-ac53-f23987407338@group-4461322E6C07-FollowerState
2022-10-09 13:07:17,385 [d46e0485-2442-4c5a-ac53-f23987407338@group-4461322E6C07-FollowerState] INFO  impl.FollowerState (FollowerState.java:run(152)) - d46e0485-2442-4c5a-ac53-f23987407338@group-4461322E6C07-FollowerState was interrupted
2022-10-09 13:07:17,385 [grpc-default-executor-1] INFO  impl.RoleInfo (RoleInfo.java:updateAndGet(139)) - d46e0485-2442-4c5a-ac53-f23987407338: start d46e0485-2442-4c5a-ac53-f23987407338@group-4461322E6C07-FollowerState
2022-10-09 13:07:17,389 [grpc-default-executor-1] INFO  server.RaftServer$Division (RaftServerImpl.java:requestVote(1184)) - d46e0485-2442-4c5a-ac53-f23987407338@group-4461322E6C07 replies to ELECTION vote request: 55b9ea12-5ed0-4563-9b80-74e62ded3c41<-d46e0485-2442-4c5a-ac53-f23987407338#0:FAIL-t1. Peer's state: d46e0485-2442-4c5a-ac53-f23987407338@group-4461322E6C07:t1, leader=null, voted=null, raftlog=d46e0485-2442-4c5a-ac53-f23987407338@group-4461322E6C07-SegmentedRaftLog:OPENED:c-1, conf=-1: [d46e0485-2442-4c5a-ac53-f23987407338|rpc:10.1.0.209:36777|dataStream:|priority:1, 55b9ea12-5ed0-4563-9b80-74e62ded3c41|rpc:10.1.0.209:45387|dataStream:|priority:0, c6dbff45-d07e-454c-8dcf-e2e002008729|rpc:10.1.0.209:38729|dataStream:|priority:0], old=null
2022-10-09 13:07:17,397 [55b9ea12-5ed0-4563-9b80-74e62ded3c41@group-4461322E6C07-LeaderElection40] INFO  impl.LeaderElection (LeaderElection.java:logAndReturn(90)) - 55b9ea12-5ed0-4563-9b80-74e62ded3c41@group-4461322E6C07-LeaderElection40: ELECTION REJECTED received 1 response(s) and 0 exception(s):
2022-10-09 13:07:17,397 [55b9ea12-5ed0-4563-9b80-74e62ded3c41@group-4461322E6C07-LeaderElection40] INFO  impl.LeaderElection (LeaderElection.java:logAndReturn(94)) -   Response 0: 55b9ea12-5ed0-4563-9b80-74e62ded3c41<-d46e0485-2442-4c5a-ac53-f23987407338#0:FAIL-t1
2022-10-09 13:07:17,397 [55b9ea12-5ed0-4563-9b80-74e62ded3c41@group-4461322E6C07-LeaderElection40] INFO  impl.LeaderElection (LeaderElection.java:askForVotes(312)) - 55b9ea12-5ed0-4563-9b80-74e62ded3c41@group-4461322E6C07-LeaderElection40 ELECTION round 0: result REJECTED
2022-10-09 13:07:17,397 [55b9ea12-5ed0-4563-9b80-74e62ded3c41@group-4461322E6C07-LeaderElection40] INFO  server.RaftServer$Division (RaftServerImpl.java:setRole(299)) - 55b9ea12-5ed0-4563-9b80-74e62ded3c41@group-4461322E6C07: changes role from CANDIDATE to FOLLOWER at term 1 for REJECTED
2022-10-09 13:07:17,397 [55b9ea12-5ed0-4563-9b80-74e62ded3c41@group-4461322E6C07-LeaderElection40] INFO  impl.RoleInfo (RoleInfo.java:shutdownLeaderElection(130)) - 55b9ea12-5ed0-4563-9b80-74e62ded3c41: shutdown 55b9ea12-5ed0-4563-9b80-74e62ded3c41@group-4461322E6C07-LeaderElection40
2022-10-09 13:07:17,397 [55b9ea12-5ed0-4563-9b80-74e62ded3c41@group-4461322E6C07-LeaderElection40] INFO  impl.RoleInfo (RoleInfo.java:updateAndGet(139)) - 55b9ea12-5ed0-4563-9b80-74e62ded3c41: start 55b9ea12-5ed0-4563-9b80-74e62ded3c41@group-4461322E6C07-FollowerState
2022-10-09 13:07:17,402 [Listener at 127.0.0.1/33359] INFO  ozone.MiniOzoneClusterImpl (MiniOzoneClusterImpl.java:lambda$waitForClusterToBeReady$0(216)) - Nodes are ready. Got 5 of 5 DN Heartbeats.
2022-10-09 13:07:17,402 [Listener at 127.0.0.1/33359] INFO  ozone.MiniOzoneClusterImpl (MiniOzoneClusterImpl.java:lambda$waitForClusterToBeReady$0(219)) - Waiting for cluster to exit safe mode
2022-10-09 13:07:17,402 [Listener at 127.0.0.1/33359] INFO  ozone.MiniOzoneClusterImpl (MiniOzoneClusterImpl.java:lambda$waitForClusterToBeReady$0(221)) - SCM became leader
2022-10-09 13:07:17,430 [grpc-default-executor-1] INFO  server.RaftServer$Division (RaftServerImpl.java:requestVote(1152)) - c6dbff45-d07e-454c-8dcf-e2e002008729@group-4461322E6C07: receive requestVote(ELECTION, 55b9ea12-5ed0-4563-9b80-74e62ded3c41, group-4461322E6C07, 1, (t:0, i:0))
2022-10-09 13:07:17,430 [grpc-default-executor-1] INFO  impl.VoteContext (VoteContext.java:log(48)) - c6dbff45-d07e-454c-8dcf-e2e002008729@group-4461322E6C07-FOLLOWER: reject ELECTION from 55b9ea12-5ed0-4563-9b80-74e62ded3c41: already has voted for c6dbff45-d07e-454c-8dcf-e2e002008729 at current term 1
2022-10-09 13:07:17,430 [grpc-default-executor-1] INFO  server.RaftServer$Division (RaftServerImpl.java:requestVote(1184)) - c6dbff45-d07e-454c-8dcf-e2e002008729@group-4461322E6C07 replies to ELECTION vote request: 55b9ea12-5ed0-4563-9b80-74e62ded3c41<-c6dbff45-d07e-454c-8dcf-e2e002008729#0:FAIL-t1. Peer's state: c6dbff45-d07e-454c-8dcf-e2e002008729@group-4461322E6C07:t1, leader=null, voted=c6dbff45-d07e-454c-8dcf-e2e002008729, raftlog=c6dbff45-d07e-454c-8dcf-e2e002008729@group-4461322E6C07-SegmentedRaftLog:OPENED:c-1, conf=-1: [d46e0485-2442-4c5a-ac53-f23987407338|rpc:10.1.0.209:36777|priority:1, 55b9ea12-5ed0-4563-9b80-74e62ded3c41|rpc:10.1.0.209:45387|priority:0, c6dbff45-d07e-454c-8dcf-e2e002008729|rpc:10.1.0.209:38729|priority:0], old=null
2022-10-09 13:07:17,503 [55b9ea12-5ed0-4563-9b80-74e62ded3c41@group-D29FF858C3F0-FollowerState] INFO  impl.FollowerState (FollowerState.java:run(143)) - 55b9ea12-5ed0-4563-9b80-74e62ded3c41@group-D29FF858C3F0-FollowerState: change to CANDIDATE, lastRpcElapsedTime:5030829130ns, electionTimeout:5020ms
2022-10-09 13:07:17,503 [55b9ea12-5ed0-4563-9b80-74e62ded3c41@group-D29FF858C3F0-FollowerState] INFO  impl.RoleInfo (RoleInfo.java:shutdownFollowerState(110)) - 55b9ea12-5ed0-4563-9b80-74e62ded3c41: shutdown 55b9ea12-5ed0-4563-9b80-74e62ded3c41@group-D29FF858C3F0-FollowerState
2022-10-09 13:07:17,503 [55b9ea12-5ed0-4563-9b80-74e62ded3c41@group-D29FF858C3F0-FollowerState] INFO  server.RaftServer$Division (RaftServerImpl.java:setRole(299)) - 55b9ea12-5ed0-4563-9b80-74e62ded3c41@group-D29FF858C3F0: changes role from  FOLLOWER to CANDIDATE at term 0 for changeToCandidate
2022-10-09 13:07:17,503 [55b9ea12-5ed0-4563-9b80-74e62ded3c41@group-D29FF858C3F0-FollowerState] INFO  server.RaftServerConfigKeys (ConfUtils.java:logGet(46)) - raft.server.leaderelection.pre-vote = false (custom)
2022-10-09 13:07:17,503 [55b9ea12-5ed0-4563-9b80-74e62ded3c41@group-D29FF858C3F0-FollowerState] INFO  impl.RoleInfo (RoleInfo.java:updateAndGet(139)) - 55b9ea12-5ed0-4563-9b80-74e62ded3c41: start 55b9ea12-5ed0-4563-9b80-74e62ded3c41@group-D29FF858C3F0-LeaderElection41
2022-10-09 13:07:17,509 [c6dbff45-d07e-454c-8dcf-e2e002008729@group-D29FF858C3F0-FollowerState] INFO  impl.FollowerState (FollowerState.java:run(143)) - c6dbff45-d07e-454c-8dcf-e2e002008729@group-D29FF858C3F0-FollowerState: change to CANDIDATE, lastRpcElapsedTime:5093241040ns, electionTimeout:5085ms
2022-10-09 13:07:17,509 [c6dbff45-d07e-454c-8dcf-e2e002008729@group-D29FF858C3F0-FollowerState] INFO  impl.RoleInfo (RoleInfo.java:shutdownFollowerState(110)) - c6dbff45-d07e-454c-8dcf-e2e002008729: shutdown c6dbff45-d07e-454c-8dcf-e2e002008729@group-D29FF858C3F0-FollowerState
2022-10-09 13:07:17,509 [c6dbff45-d07e-454c-8dcf-e2e002008729@group-D29FF858C3F0-FollowerState] INFO  server.RaftServer$Division (RaftServerImpl.java:setRole(299)) - c6dbff45-d07e-454c-8dcf-e2e002008729@group-D29FF858C3F0: changes role from  FOLLOWER to CANDIDATE at term 0 for changeToCandidate
2022-10-09 13:07:17,509 [c6dbff45-d07e-454c-8dcf-e2e002008729@group-D29FF858C3F0-FollowerState] INFO  server.RaftServerConfigKeys (ConfUtils.java:logGet(46)) - raft.server.leaderelection.pre-vote = false (custom)
2022-10-09 13:07:17,509 [c6dbff45-d07e-454c-8dcf-e2e002008729@group-D29FF858C3F0-FollowerState] INFO  impl.RoleInfo (RoleInfo.java:updateAndGet(139)) - c6dbff45-d07e-454c-8dcf-e2e002008729: start c6dbff45-d07e-454c-8dcf-e2e002008729@group-D29FF858C3F0-LeaderElection42
2022-10-09 13:07:17,535 [55b9ea12-5ed0-4563-9b80-74e62ded3c41@group-D29FF858C3F0-LeaderElection41] INFO  impl.LeaderElection (LeaderElection.java:askForVotes(310)) - 55b9ea12-5ed0-4563-9b80-74e62ded3c41@group-D29FF858C3F0-LeaderElection41 ELECTION round 0: submit vote requests at term 1 for -1: [d46e0485-2442-4c5a-ac53-f23987407338|rpc:10.1.0.209:36777|dataStream:|priority:0, 55b9ea12-5ed0-4563-9b80-74e62ded3c41|rpc:10.1.0.209:45387|dataStream:|priority:1, c6dbff45-d07e-454c-8dcf-e2e002008729|rpc:10.1.0.209:38729|dataStream:|priority:0], old=null
2022-10-09 13:07:17,573 [grpc-default-executor-1] INFO  server.RaftServer$Division (RaftServerImpl.java:requestVote(1152)) - d46e0485-2442-4c5a-ac53-f23987407338@group-D29FF858C3F0: receive requestVote(ELECTION, 55b9ea12-5ed0-4563-9b80-74e62ded3c41, group-D29FF858C3F0, 1, (t:0, i:0))
2022-10-09 13:07:17,573 [grpc-default-executor-1] INFO  impl.VoteContext (VoteContext.java:log(48)) - d46e0485-2442-4c5a-ac53-f23987407338@group-D29FF858C3F0-FOLLOWER: accept ELECTION from 55b9ea12-5ed0-4563-9b80-74e62ded3c41: our priority 0 <= candidate's priority 1
2022-10-09 13:07:17,573 [grpc-default-executor-1] INFO  server.RaftServer$Division (RaftServerImpl.java:setRole(299)) - d46e0485-2442-4c5a-ac53-f23987407338@group-D29FF858C3F0: changes role from  FOLLOWER to FOLLOWER at term 1 for candidate:55b9ea12-5ed0-4563-9b80-74e62ded3c41
2022-10-09 13:07:17,573 [grpc-default-executor-1] INFO  impl.RoleInfo (RoleInfo.java:shutdownFollowerState(110)) - d46e0485-2442-4c5a-ac53-f23987407338: shutdown d46e0485-2442-4c5a-ac53-f23987407338@group-D29FF858C3F0-FollowerState
2022-10-09 13:07:17,573 [grpc-default-executor-1] INFO  impl.RoleInfo (RoleInfo.java:updateAndGet(139)) - d46e0485-2442-4c5a-ac53-f23987407338: start d46e0485-2442-4c5a-ac53-f23987407338@group-D29FF858C3F0-FollowerState
2022-10-09 13:07:17,573 [d46e0485-2442-4c5a-ac53-f23987407338@group-D29FF858C3F0-FollowerState] INFO  impl.FollowerState (FollowerState.java:run(152)) - d46e0485-2442-4c5a-ac53-f23987407338@group-D29FF858C3F0-FollowerState was interrupted
2022-10-09 13:07:17,574 [c6dbff45-d07e-454c-8dcf-e2e002008729@group-D29FF858C3F0-LeaderElection42] INFO  impl.LeaderElection (LeaderElection.java:askForVotes(310)) - c6dbff45-d07e-454c-8dcf-e2e002008729@group-D29FF858C3F0-LeaderElection42 ELECTION round 0: submit vote requests at term 1 for -1: [d46e0485-2442-4c5a-ac53-f23987407338|rpc:10.1.0.209:36777|priority:0, 55b9ea12-5ed0-4563-9b80-74e62ded3c41|rpc:10.1.0.209:45387|priority:1, c6dbff45-d07e-454c-8dcf-e2e002008729|rpc:10.1.0.209:38729|priority:0], old=null
2022-10-09 13:07:17,576 [grpc-default-executor-1] INFO  server.RaftServer$Division (RaftServerImpl.java:requestVote(1184)) - d46e0485-2442-4c5a-ac53-f23987407338@group-D29FF858C3F0 replies to ELECTION vote request: 55b9ea12-5ed0-4563-9b80-74e62ded3c41<-d46e0485-2442-4c5a-ac53-f23987407338#0:OK-t1. Peer's state: d46e0485-2442-4c5a-ac53-f23987407338@group-D29FF858C3F0:t1, leader=null, voted=55b9ea12-5ed0-4563-9b80-74e62ded3c41, raftlog=d46e0485-2442-4c5a-ac53-f23987407338@group-D29FF858C3F0-SegmentedRaftLog:OPENED:c-1, conf=-1: [d46e0485-2442-4c5a-ac53-f23987407338|rpc:10.1.0.209:36777|dataStream:|priority:0, 55b9ea12-5ed0-4563-9b80-74e62ded3c41|rpc:10.1.0.209:45387|dataStream:|priority:1, c6dbff45-d07e-454c-8dcf-e2e002008729|rpc:10.1.0.209:38729|dataStream:|priority:0], old=null
2022-10-09 13:07:17,597 [55b9ea12-5ed0-4563-9b80-74e62ded3c41@group-D29FF858C3F0-LeaderElection41] INFO  impl.LeaderElection (LeaderElection.java:logAndReturn(90)) - 55b9ea12-5ed0-4563-9b80-74e62ded3c41@group-D29FF858C3F0-LeaderElection41: ELECTION PASSED received 1 response(s) and 0 exception(s):
2022-10-09 13:07:17,597 [55b9ea12-5ed0-4563-9b80-74e62ded3c41@group-D29FF858C3F0-LeaderElection41] INFO  impl.LeaderElection (LeaderElection.java:logAndReturn(94)) -   Response 0: 55b9ea12-5ed0-4563-9b80-74e62ded3c41<-d46e0485-2442-4c5a-ac53-f23987407338#0:OK-t1
2022-10-09 13:07:17,597 [55b9ea12-5ed0-4563-9b80-74e62ded3c41@group-D29FF858C3F0-LeaderElection41] INFO  impl.LeaderElection (LeaderElection.java:askForVotes(312)) - 55b9ea12-5ed0-4563-9b80-74e62ded3c41@group-D29FF858C3F0-LeaderElection41 ELECTION round 0: result PASSED
2022-10-09 13:07:17,597 [55b9ea12-5ed0-4563-9b80-74e62ded3c41@group-D29FF858C3F0-LeaderElection41] INFO  impl.RoleInfo (RoleInfo.java:shutdownLeaderElection(130)) - 55b9ea12-5ed0-4563-9b80-74e62ded3c41: shutdown 55b9ea12-5ed0-4563-9b80-74e62ded3c41@group-D29FF858C3F0-LeaderElection41
2022-10-09 13:07:17,597 [55b9ea12-5ed0-4563-9b80-74e62ded3c41@group-D29FF858C3F0-LeaderElection41] INFO  server.RaftServer$Division (RaftServerImpl.java:setRole(299)) - 55b9ea12-5ed0-4563-9b80-74e62ded3c41@group-D29FF858C3F0: changes role from CANDIDATE to LEADER at term 1 for changeToLeader
2022-10-09 13:07:17,597 [55b9ea12-5ed0-4563-9b80-74e62ded3c41@group-D29FF858C3F0-LeaderElection41] INFO  ratis.XceiverServerRatis (XceiverServerRatis.java:handleLeaderChangedNotification(863)) - Leader change notification received for group: group-D29FF858C3F0 with new leaderId: 55b9ea12-5ed0-4563-9b80-74e62ded3c41
2022-10-09 13:07:17,597 [55b9ea12-5ed0-4563-9b80-74e62ded3c41@group-D29FF858C3F0-LeaderElection41] INFO  server.RaftServer$Division (ServerState.java:setLeader(287)) - 55b9ea12-5ed0-4563-9b80-74e62ded3c41@group-D29FF858C3F0: change Leader from null to 55b9ea12-5ed0-4563-9b80-74e62ded3c41 at term 1 for becomeLeader, leader elected after 5135ms
2022-10-09 13:07:17,614 [grpc-default-executor-0] INFO  server.RaftServer$Division (RaftServerImpl.java:requestVote(1152)) - d46e0485-2442-4c5a-ac53-f23987407338@group-D29FF858C3F0: receive requestVote(ELECTION, c6dbff45-d07e-454c-8dcf-e2e002008729, group-D29FF858C3F0, 1, (t:0, i:0))
2022-10-09 13:07:17,632 [grpc-default-executor-1] INFO  server.RaftServer$Division (RaftServerImpl.java:requestVote(1152)) - c6dbff45-d07e-454c-8dcf-e2e002008729@group-D29FF858C3F0: receive requestVote(ELECTION, 55b9ea12-5ed0-4563-9b80-74e62ded3c41, group-D29FF858C3F0, 1, (t:0, i:0))
2022-10-09 13:07:17,632 [grpc-default-executor-1] INFO  impl.VoteContext (VoteContext.java:log(48)) - c6dbff45-d07e-454c-8dcf-e2e002008729@group-D29FF858C3F0-CANDIDATE: reject ELECTION from 55b9ea12-5ed0-4563-9b80-74e62ded3c41: already has voted for c6dbff45-d07e-454c-8dcf-e2e002008729 at current term 1
2022-10-09 13:07:17,632 [grpc-default-executor-1] INFO  server.RaftServer$Division (RaftServerImpl.java:requestVote(1184)) - c6dbff45-d07e-454c-8dcf-e2e002008729@group-D29FF858C3F0 replies to ELECTION vote request: 55b9ea12-5ed0-4563-9b80-74e62ded3c41<-c6dbff45-d07e-454c-8dcf-e2e002008729#0:FAIL-t1. Peer's state: c6dbff45-d07e-454c-8dcf-e2e002008729@group-D29FF858C3F0:t1, leader=null, voted=c6dbff45-d07e-454c-8dcf-e2e002008729, raftlog=c6dbff45-d07e-454c-8dcf-e2e002008729@group-D29FF858C3F0-SegmentedRaftLog:OPENED:c-1, conf=-1: [d46e0485-2442-4c5a-ac53-f23987407338|rpc:10.1.0.209:36777|priority:0, 55b9ea12-5ed0-4563-9b80-74e62ded3c41|rpc:10.1.0.209:45387|priority:1, c6dbff45-d07e-454c-8dcf-e2e002008729|rpc:10.1.0.209:38729|priority:0], old=null
2022-10-09 13:07:17,632 [grpc-default-executor-0] INFO  impl.VoteContext (VoteContext.java:log(48)) - d46e0485-2442-4c5a-ac53-f23987407338@group-D29FF858C3F0-FOLLOWER: reject ELECTION from c6dbff45-d07e-454c-8dcf-e2e002008729: already has voted for 55b9ea12-5ed0-4563-9b80-74e62ded3c41 at current term 1
2022-10-09 13:07:17,632 [grpc-default-executor-0] INFO  server.RaftServer$Division (RaftServerImpl.java:requestVote(1184)) - d46e0485-2442-4c5a-ac53-f23987407338@group-D29FF858C3F0 replies to ELECTION vote request: c6dbff45-d07e-454c-8dcf-e2e002008729<-d46e0485-2442-4c5a-ac53-f23987407338#0:FAIL-t1. Peer's state: d46e0485-2442-4c5a-ac53-f23987407338@group-D29FF858C3F0:t1, leader=null, voted=55b9ea12-5ed0-4563-9b80-74e62ded3c41, raftlog=d46e0485-2442-4c5a-ac53-f23987407338@group-D29FF858C3F0-SegmentedRaftLog:OPENED:c-1, conf=-1: [d46e0485-2442-4c5a-ac53-f23987407338|rpc:10.1.0.209:36777|dataStream:|priority:0, 55b9ea12-5ed0-4563-9b80-74e62ded3c41|rpc:10.1.0.209:45387|dataStream:|priority:1, c6dbff45-d07e-454c-8dcf-e2e002008729|rpc:10.1.0.209:38729|dataStream:|priority:0], old=null
2022-10-09 13:07:17,656 [EventQueue-PipelineReportForPipelineReportHandler] INFO  pipeline.PipelineManagerImpl (PipelineManagerImpl.java:openPipeline(367)) - Pipeline Pipeline[ Id: d2aa0f9e-e83d-43ce-a4d6-d29ff858c3f0, Nodes: 55b9ea12-5ed0-4563-9b80-74e62ded3c41{ip: 10.1.0.209, host: fv-az212-628.zlodpucb4l4udavnfxg5s20dva.cx.internal.cloudapp.net, ports: [REPLICATION=43057, RATIS=45387, RATIS_ADMIN=45387, RATIS_SERVER=45387, STANDALONE=38317], networkLocation: /default-rack, certSerialId: null, persistedOpState: IN_SERVICE, persistedOpStateExpiryEpochSec: 0}c6dbff45-d07e-454c-8dcf-e2e002008729{ip: 10.1.0.209, host: fv-az212-628.zlodpucb4l4udavnfxg5s20dva.cx.internal.cloudapp.net, ports: [REPLICATION=35129, RATIS=38729, RATIS_ADMIN=38729, RATIS_SERVER=38729, STANDALONE=41599], networkLocation: /default-rack, certSerialId: null, persistedOpState: IN_SERVICE, persistedOpStateExpiryEpochSec: 0}d46e0485-2442-4c5a-ac53-f23987407338{ip: 10.1.0.209, host: fv-az212-628.zlodpucb4l4udavnfxg5s20dva.cx.internal.cloudapp.net, ports: [REPLICATION=41515, RATIS=36777, RATIS_ADMIN=36777, RATIS_SERVER=36777, STANDALONE=45043], networkLocation: /default-rack, certSerialId: null, persistedOpState: IN_SERVICE, persistedOpStateExpiryEpochSec: 0}, ReplicationConfig: RATIS/THREE, State:ALLOCATED, leaderId:55b9ea12-5ed0-4563-9b80-74e62ded3c41, CreationTimestamp2022-10-09T13:07:10.250Z[Etc/UTC]] moved to OPEN state
2022-10-09 13:07:17,657 [EventQueue-OpenPipelineForHealthyPipelineSafeModeRule] INFO  safemode.SCMSafeModeManager (HealthyPipelineSafeModeRule.java:process(137)) - SCM in safe mode. Healthy pipelines reported count is 0, required healthy pipeline reported count is 1
2022-10-09 13:07:17,657 [EventQueue-OpenPipelineForHealthyPipelineSafeModeRule] INFO  safemode.SCMSafeModeManager (HealthyPipelineSafeModeRule.java:process(137)) - SCM in safe mode. Healthy pipelines reported count is 1, required healthy pipeline reported count is 1
2022-10-09 13:07:17,657 [EventQueue-OpenPipelineForHealthyPipelineSafeModeRule] INFO  safemode.SCMSafeModeManager (SCMSafeModeManager.java:validateSafeModeExitRules(204)) - HealthyPipelineSafeModeRule rule is successfully validated
2022-10-09 13:07:17,657 [EventQueue-OpenPipelineForHealthyPipelineSafeModeRule] INFO  safemode.SCMSafeModeManager (SCMSafeModeManager.java:validateSafeModeExitRules(219)) - ScmSafeModeManager, all rules are successfully validated
2022-10-09 13:07:17,657 [EventQueue-OpenPipelineForHealthyPipelineSafeModeRule] INFO  safemode.SCMSafeModeManager (SCMSafeModeManager.java:exitSafeMode(248)) - SCM exiting safe mode.
2022-10-09 13:07:17,657 [EventQueue-OpenPipelineForHealthyPipelineSafeModeRule] WARN  events.EventQueue (EventQueue.java:fireEvent(216)) - No event handler registered for event TypedEvent{payloadType=SafeModeStatus, name='Safe mode status'}
2022-10-09 13:07:17,657 [EventQueue-OpenPipelineForHealthyPipelineSafeModeRule] INFO  ha.SCMContext (SCMContext.java:updateSafeModeStatus(228)) - Update SafeModeStatus from SafeModeStatus{safeModeStatus=true, preCheckPassed=true} to SafeModeStatus{safeModeStatus=false, preCheckPassed=true}.
2022-10-09 13:07:17,657 [EventQueue-OpenPipelineForHealthyPipelineSafeModeRule] INFO  pipeline.BackgroundPipelineCreator (BackgroundPipelineCreator.java:notifyStatusChanged(254)) - Service BackgroundPipelineCreator transitions to RUNNING.
2022-10-09 13:07:17,657 [EventQueue-OpenPipelineForHealthyPipelineSafeModeRule] INFO  BackgroundPipelineScrubber (BackgroundSCMService.java:notifyStatusChanged(82)) - Service BackgroundPipelineScrubber transitions to RUNNING.
2022-10-09 13:07:17,657 [EventQueue-OpenPipelineForHealthyPipelineSafeModeRule] INFO  ExpiredContainerReplicaOpScrubber (BackgroundSCMService.java:notifyStatusChanged(82)) - Service ExpiredContainerReplicaOpScrubber transitions to RUNNING.
2022-10-09 13:07:17,657 [EventQueue-OpenPipelineForHealthyPipelineSafeModeRule] INFO  replication.ReplicationManager (ReplicationManager.java:notifyStatusChanged(728)) - Service ReplicationManager transitions to RUNNING.
2022-10-09 13:07:17,656 [55b9ea12-5ed0-4563-9b80-74e62ded3c41@group-D29FF858C3F0-LeaderElection41] INFO  server.RaftServerConfigKeys (ConfUtils.java:logGet(46)) - raft.server.staging.catchup.gap = 1000 (default)
2022-10-09 13:07:17,657 [55b9ea12-5ed0-4563-9b80-74e62ded3c41@group-D29FF858C3F0-LeaderElection41] INFO  server.RaftServerConfigKeys (ConfUtils.java:logGet(46)) - raft.server.write.element-limit = 1024 (custom)
2022-10-09 13:07:17,657 [55b9ea12-5ed0-4563-9b80-74e62ded3c41@group-D29FF858C3F0-LeaderElection41] INFO  server.RaftServerConfigKeys (ConfUtils.java:logGet(46)) - raft.server.write.byte-limit = 1024 M (=1073741824) (custom)
2022-10-09 13:07:17,658 [55b9ea12-5ed0-4563-9b80-74e62ded3c41@group-D29FF858C3F0-LeaderElection41] INFO  server.RaftServerConfigKeys (ConfUtils.java:logGet(46)) - raft.server.watch.timeout = 180s (custom)
2022-10-09 13:07:17,658 [55b9ea12-5ed0-4563-9b80-74e62ded3c41@group-D29FF858C3F0-LeaderElection41] INFO  server.RaftServerConfigKeys (ConfUtils.java:logGet(46)) - raft.server.watch.timeout.denomination = 1s (default)
2022-10-09 13:07:17,658 [55b9ea12-5ed0-4563-9b80-74e62ded3c41@group-D29FF858C3F0-LeaderElection41] INFO  server.RaftServerConfigKeys (ConfUtils.java:logGet(46)) - raft.server.watch.element-limit = 65536 (default)
2022-10-09 13:07:17,658 [55b9ea12-5ed0-4563-9b80-74e62ded3c41@group-D29FF858C3F0-LeaderElection41] INFO  server.RaftServerConfigKeys (ConfUtils.java:logGet(46)) - raft.server.write.element-limit = 1024 (custom)
2022-10-09 13:07:17,658 [55b9ea12-5ed0-4563-9b80-74e62ded3c41@group-D29FF858C3F0-LeaderElection41] INFO  server.RaftServerConfigKeys (ConfUtils.java:logGet(46)) - raft.server.write.follower.gap.ratio.max = -1.0 (default)
2022-10-09 13:07:17,659 [55b9ea12-5ed0-4563-9b80-74e62ded3c41@group-D29FF858C3F0-LeaderElection41] INFO  server.RaftServerConfigKeys (ConfUtils.java:logGet(46)) - raft.server.log.appender.snapshot.chunk.size.max = 16MB (=16777216) (default)
2022-10-09 13:07:17,659 [55b9ea12-5ed0-4563-9b80-74e62ded3c41@group-D29FF858C3F0-LeaderElection41] INFO  server.RaftServerConfigKeys (ConfUtils.java:logGet(46)) - raft.server.log.appender.buffer.byte-limit = 33554432 (custom)
2022-10-09 13:07:17,659 [55b9ea12-5ed0-4563-9b80-74e62ded3c41@group-D29FF858C3F0-LeaderElection41] INFO  server.RaftServerConfigKeys (ConfUtils.java:logGet(46)) - raft.server.log.appender.buffer.element-limit = 1 (custom)
2022-10-09 13:07:17,659 [55b9ea12-5ed0-4563-9b80-74e62ded3c41@group-D29FF858C3F0-LeaderElection41] INFO  grpc.GrpcConfigKeys (ConfUtils.java:logGet(46)) - raft.grpc.server.leader.outstanding.appends.max = 128 (default)
2022-10-09 13:07:17,659 [55b9ea12-5ed0-4563-9b80-74e62ded3c41@group-D29FF858C3F0-LeaderElection41] INFO  server.RaftServerConfigKeys (ConfUtils.java:logGet(46)) - raft.server.rpc.request.timeout = 60s (custom)
2022-10-09 13:07:17,659 [55b9ea12-5ed0-4563-9b80-74e62ded3c41@group-D29FF858C3F0-LeaderElection41] INFO  server.RaftServerConfigKeys (ConfUtils.java:logGet(46)) - raft.server.log.appender.install.snapshot.enabled = false (custom)
2022-10-09 13:07:17,660 [EventQueue-OpenPipelineForHealthyPipelineSafeModeRule] WARN  balancer.ContainerBalancer (ContainerBalancer.java:shouldRun(936)) - Could not find persisted configuration for ContainerBalancer when checking if ContainerBalancer should run. ContainerBalancer should not run now.
2022-10-09 13:07:17,662 [grpc-default-executor-2] INFO  server.RaftServer$Division (RaftServerImpl.java:requestVote(1152)) - 55b9ea12-5ed0-4563-9b80-74e62ded3c41@group-D29FF858C3F0: receive requestVote(ELECTION, c6dbff45-d07e-454c-8dcf-e2e002008729, group-D29FF858C3F0, 1, (t:0, i:0))
2022-10-09 13:07:17,675 [55b9ea12-5ed0-4563-9b80-74e62ded3c41@group-D29FF858C3F0-LeaderElection41] INFO  server.RaftServerConfigKeys (ConfUtils.java:logGet(46)) - raft.server.log.appender.snapshot.chunk.size.max = 16MB (=16777216) (default)
2022-10-09 13:07:17,675 [55b9ea12-5ed0-4563-9b80-74e62ded3c41@group-D29FF858C3F0-LeaderElection41] INFO  server.RaftServerConfigKeys (ConfUtils.java:logGet(46)) - raft.server.log.appender.buffer.byte-limit = 33554432 (custom)
2022-10-09 13:07:17,675 [55b9ea12-5ed0-4563-9b80-74e62ded3c41@group-D29FF858C3F0-LeaderElection41] INFO  server.RaftServerConfigKeys (ConfUtils.java:logGet(46)) - raft.server.log.appender.buffer.element-limit = 1 (custom)
2022-10-09 13:07:17,675 [55b9ea12-5ed0-4563-9b80-74e62ded3c41@group-D29FF858C3F0-LeaderElection41] INFO  grpc.GrpcConfigKeys (ConfUtils.java:logGet(46)) - raft.grpc.server.leader.outstanding.appends.max = 128 (default)
2022-10-09 13:07:17,675 [55b9ea12-5ed0-4563-9b80-74e62ded3c41@group-D29FF858C3F0-LeaderElection41] INFO  server.RaftServerConfigKeys (ConfUtils.java:logGet(46)) - raft.server.rpc.request.timeout = 60s (custom)
2022-10-09 13:07:17,675 [55b9ea12-5ed0-4563-9b80-74e62ded3c41@group-D29FF858C3F0-LeaderElection41] INFO  server.RaftServerConfigKeys (ConfUtils.java:logGet(46)) - raft.server.log.appender.install.snapshot.enabled = false (custom)
2022-10-09 13:07:17,675 [55b9ea12-5ed0-4563-9b80-74e62ded3c41@group-D29FF858C3F0-LeaderElection41] INFO  impl.RoleInfo (RoleInfo.java:updateAndGet(139)) - 55b9ea12-5ed0-4563-9b80-74e62ded3c41: start 55b9ea12-5ed0-4563-9b80-74e62ded3c41@group-D29FF858C3F0-LeaderStateImpl
2022-10-09 13:07:17,676 [55b9ea12-5ed0-4563-9b80-74e62ded3c41@group-D29FF858C3F0-LeaderElection41] INFO  segmented.SegmentedRaftLogWorker (SegmentedRaftLogWorker.java:startLogSegment(425)) - 55b9ea12-5ed0-4563-9b80-74e62ded3c41@group-D29FF858C3F0-SegmentedRaftLogWorker: Starting segment from index:0
2022-10-09 13:07:17,677 [55b9ea12-5ed0-4563-9b80-74e62ded3c41@group-D29FF858C3F0-SegmentedRaftLogWorker] INFO  segmented.SegmentedRaftLogWorker (SegmentedRaftLogWorker.java:execute(629)) - 55b9ea12-5ed0-4563-9b80-74e62ded3c41@group-D29FF858C3F0-SegmentedRaftLogWorker: created new log segment /home/runner/work/ozone/ozone/hadoop-ozone/integration-test/target/test-dir/MiniOzoneClusterImpl-9128138f-083a-4137-a9cb-d58212e00964/datanode-1/data/ratis/d2aa0f9e-e83d-43ce-a4d6-d29ff858c3f0/current/log_inprogress_0
2022-10-09 13:07:17,683 [55b9ea12-5ed0-4563-9b80-74e62ded3c41@group-D29FF858C3F0-LeaderElection41] INFO  server.RaftServer$Division (ServerState.java:setRaftConf(393)) - 55b9ea12-5ed0-4563-9b80-74e62ded3c41@group-D29FF858C3F0: set configuration 0: [d46e0485-2442-4c5a-ac53-f23987407338|rpc:10.1.0.209:36777|dataStream:|priority:0, 55b9ea12-5ed0-4563-9b80-74e62ded3c41|rpc:10.1.0.209:45387|dataStream:|priority:1, c6dbff45-d07e-454c-8dcf-e2e002008729|rpc:10.1.0.209:38729|dataStream:|priority:0], old=null
2022-10-09 13:07:17,687 [grpc-default-executor-2] INFO  impl.VoteContext (VoteContext.java:log(48)) - 55b9ea12-5ed0-4563-9b80-74e62ded3c41@group-D29FF858C3F0-LEADER: reject ELECTION from c6dbff45-d07e-454c-8dcf-e2e002008729: already has voted for 55b9ea12-5ed0-4563-9b80-74e62ded3c41 at current term 1
2022-10-09 13:07:17,688 [grpc-default-executor-2] INFO  server.RaftServer$Division (RaftServerImpl.java:requestVote(1184)) - 55b9ea12-5ed0-4563-9b80-74e62ded3c41@group-D29FF858C3F0 replies to ELECTION vote request: c6dbff45-d07e-454c-8dcf-e2e002008729<-55b9ea12-5ed0-4563-9b80-74e62ded3c41#0:FAIL-t1. Peer's state: 55b9ea12-5ed0-4563-9b80-74e62ded3c41@group-D29FF858C3F0:t1, leader=55b9ea12-5ed0-4563-9b80-74e62ded3c41, voted=55b9ea12-5ed0-4563-9b80-74e62ded3c41, raftlog=55b9ea12-5ed0-4563-9b80-74e62ded3c41@group-D29FF858C3F0-SegmentedRaftLog:OPENED:c-1, conf=0: [d46e0485-2442-4c5a-ac53-f23987407338|rpc:10.1.0.209:36777|dataStream:|priority:0, 55b9ea12-5ed0-4563-9b80-74e62ded3c41|rpc:10.1.0.209:45387|dataStream:|priority:1, c6dbff45-d07e-454c-8dcf-e2e002008729|rpc:10.1.0.209:38729|dataStream:|priority:0], old=null
2022-10-09 13:07:17,689 [c6dbff45-d07e-454c-8dcf-e2e002008729@group-D29FF858C3F0-LeaderElection42] INFO  impl.LeaderElection (LeaderElection.java:logAndReturn(90)) - c6dbff45-d07e-454c-8dcf-e2e002008729@group-D29FF858C3F0-LeaderElection42: ELECTION REJECTED received 2 response(s) and 0 exception(s):
2022-10-09 13:07:17,689 [c6dbff45-d07e-454c-8dcf-e2e002008729@group-D29FF858C3F0-LeaderElection42] INFO  impl.LeaderElection (LeaderElection.java:logAndReturn(94)) -   Response 0: c6dbff45-d07e-454c-8dcf-e2e002008729<-d46e0485-2442-4c5a-ac53-f23987407338#0:FAIL-t1
2022-10-09 13:07:17,689 [c6dbff45-d07e-454c-8dcf-e2e002008729@group-D29FF858C3F0-LeaderElection42] INFO  impl.LeaderElection (LeaderElection.java:logAndReturn(94)) -   Response 1: c6dbff45-d07e-454c-8dcf-e2e002008729<-55b9ea12-5ed0-4563-9b80-74e62ded3c41#0:FAIL-t1
2022-10-09 13:07:17,689 [c6dbff45-d07e-454c-8dcf-e2e002008729@group-D29FF858C3F0-LeaderElection42] INFO  impl.LeaderElection (LeaderElection.java:askForVotes(312)) - c6dbff45-d07e-454c-8dcf-e2e002008729@group-D29FF858C3F0-LeaderElection42 ELECTION round 0: result REJECTED
2022-10-09 13:07:17,689 [c6dbff45-d07e-454c-8dcf-e2e002008729@group-D29FF858C3F0-LeaderElection42] INFO  server.RaftServer$Division (RaftServerImpl.java:setRole(299)) - c6dbff45-d07e-454c-8dcf-e2e002008729@group-D29FF858C3F0: changes role from CANDIDATE to FOLLOWER at term 1 for REJECTED
2022-10-09 13:07:17,689 [c6dbff45-d07e-454c-8dcf-e2e002008729@group-D29FF858C3F0-LeaderElection42] INFO  impl.RoleInfo (RoleInfo.java:shutdownLeaderElection(130)) - c6dbff45-d07e-454c-8dcf-e2e002008729: shutdown c6dbff45-d07e-454c-8dcf-e2e002008729@group-D29FF858C3F0-LeaderElection42
2022-10-09 13:07:17,689 [c6dbff45-d07e-454c-8dcf-e2e002008729@group-D29FF858C3F0-LeaderElection42] INFO  impl.RoleInfo (RoleInfo.java:updateAndGet(139)) - c6dbff45-d07e-454c-8dcf-e2e002008729: start c6dbff45-d07e-454c-8dcf-e2e002008729@group-D29FF858C3F0-FollowerState
2022-10-09 13:07:17,750 [d46e0485-2442-4c5a-ac53-f23987407338-server-thread1] INFO  ratis.XceiverServerRatis (XceiverServerRatis.java:handleLeaderChangedNotification(863)) - Leader change notification received for group: group-D29FF858C3F0 with new leaderId: 55b9ea12-5ed0-4563-9b80-74e62ded3c41
2022-10-09 13:07:17,750 [d46e0485-2442-4c5a-ac53-f23987407338-server-thread1] INFO  server.RaftServer$Division (ServerState.java:setLeader(287)) - d46e0485-2442-4c5a-ac53-f23987407338@group-D29FF858C3F0: change Leader from null to 55b9ea12-5ed0-4563-9b80-74e62ded3c41 at term 1 for appendEntries, leader elected after 5220ms
2022-10-09 13:07:17,767 [55b9ea12-5ed0-4563-9b80-74e62ded3c41@group-E651138CDC30-FollowerState] INFO  impl.FollowerState (FollowerState.java:run(143)) - 55b9ea12-5ed0-4563-9b80-74e62ded3c41@group-E651138CDC30-FollowerState: change to CANDIDATE, lastRpcElapsedTime:5081800405ns, electionTimeout:5054ms
2022-10-09 13:07:17,767 [55b9ea12-5ed0-4563-9b80-74e62ded3c41@group-E651138CDC30-FollowerState] INFO  impl.RoleInfo (RoleInfo.java:shutdownFollowerState(110)) - 55b9ea12-5ed0-4563-9b80-74e62ded3c41: shutdown 55b9ea12-5ed0-4563-9b80-74e62ded3c41@group-E651138CDC30-FollowerState
2022-10-09 13:07:17,767 [55b9ea12-5ed0-4563-9b80-74e62ded3c41@group-E651138CDC30-FollowerState] INFO  server.RaftServer$Division (RaftServerImpl.java:setRole(299)) - 55b9ea12-5ed0-4563-9b80-74e62ded3c41@group-E651138CDC30: changes role from  FOLLOWER to CANDIDATE at term 0 for changeToCandidate
2022-10-09 13:07:17,767 [55b9ea12-5ed0-4563-9b80-74e62ded3c41@group-E651138CDC30-FollowerState] INFO  server.RaftServerConfigKeys (ConfUtils.java:logGet(46)) - raft.server.leaderelection.pre-vote = false (custom)
2022-10-09 13:07:17,767 [55b9ea12-5ed0-4563-9b80-74e62ded3c41@group-E651138CDC30-FollowerState] INFO  impl.RoleInfo (RoleInfo.java:updateAndGet(139)) - 55b9ea12-5ed0-4563-9b80-74e62ded3c41: start 55b9ea12-5ed0-4563-9b80-74e62ded3c41@group-E651138CDC30-LeaderElection43
2022-10-09 13:07:17,772 [c6dbff45-d07e-454c-8dcf-e2e002008729-server-thread1] INFO  ratis.XceiverServerRatis (XceiverServerRatis.java:handleLeaderChangedNotification(863)) - Leader change notification received for group: group-D29FF858C3F0 with new leaderId: 55b9ea12-5ed0-4563-9b80-74e62ded3c41
2022-10-09 13:07:17,772 [c6dbff45-d07e-454c-8dcf-e2e002008729-server-thread1] INFO  server.RaftServer$Division (ServerState.java:setLeader(287)) - c6dbff45-d07e-454c-8dcf-e2e002008729@group-D29FF858C3F0: change Leader from null to 55b9ea12-5ed0-4563-9b80-74e62ded3c41 at term 1 for appendEntries, leader elected after 5374ms
2022-10-09 13:07:17,792 [d46e0485-2442-4c5a-ac53-f23987407338-server-thread1] INFO  server.RaftServer$Division (ServerState.java:setRaftConf(393)) - d46e0485-2442-4c5a-ac53-f23987407338@group-D29FF858C3F0: set configuration 0: [d46e0485-2442-4c5a-ac53-f23987407338|rpc:10.1.0.209:36777|dataStream:|priority:0, 55b9ea12-5ed0-4563-9b80-74e62ded3c41|rpc:10.1.0.209:45387|dataStream:|priority:1, c6dbff45-d07e-454c-8dcf-e2e002008729|rpc:10.1.0.209:38729|dataStream:|priority:0], old=null
2022-10-09 13:07:17,792 [d46e0485-2442-4c5a-ac53-f23987407338-server-thread1] INFO  segmented.SegmentedRaftLogWorker (SegmentedRaftLogWorker.java:startLogSegment(425)) - d46e0485-2442-4c5a-ac53-f23987407338@group-D29FF858C3F0-SegmentedRaftLogWorker: Starting segment from index:0
2022-10-09 13:07:17,794 [c6dbff45-d07e-454c-8dcf-e2e002008729-server-thread1] INFO  server.RaftServer$Division (ServerState.java:setRaftConf(393)) - c6dbff45-d07e-454c-8dcf-e2e002008729@group-D29FF858C3F0: set configuration 0: [d46e0485-2442-4c5a-ac53-f23987407338|rpc:10.1.0.209:36777|dataStream:|priority:0, 55b9ea12-5ed0-4563-9b80-74e62ded3c41|rpc:10.1.0.209:45387|dataStream:|priority:1, c6dbff45-d07e-454c-8dcf-e2e002008729|rpc:10.1.0.209:38729|dataStream:|priority:0], old=null
2022-10-09 13:07:17,794 [c6dbff45-d07e-454c-8dcf-e2e002008729-server-thread1] INFO  segmented.SegmentedRaftLogWorker (SegmentedRaftLogWorker.java:startLogSegment(425)) - c6dbff45-d07e-454c-8dcf-e2e002008729@group-D29FF858C3F0-SegmentedRaftLogWorker: Starting segment from index:0
2022-10-09 13:07:17,796 [d46e0485-2442-4c5a-ac53-f23987407338@group-D29FF858C3F0-SegmentedRaftLogWorker] INFO  segmented.SegmentedRaftLogWorker (SegmentedRaftLogWorker.java:execute(629)) - d46e0485-2442-4c5a-ac53-f23987407338@group-D29FF858C3F0-SegmentedRaftLogWorker: created new log segment /home/runner/work/ozone/ozone/hadoop-ozone/integration-test/target/test-dir/MiniOzoneClusterImpl-9128138f-083a-4137-a9cb-d58212e00964/datanode-2/data/ratis/d2aa0f9e-e83d-43ce-a4d6-d29ff858c3f0/current/log_inprogress_0
2022-10-09 13:07:17,796 [c6dbff45-d07e-454c-8dcf-e2e002008729@group-D29FF858C3F0-SegmentedRaftLogWorker] INFO  segmented.SegmentedRaftLogWorker (SegmentedRaftLogWorker.java:execute(629)) - c6dbff45-d07e-454c-8dcf-e2e002008729@group-D29FF858C3F0-SegmentedRaftLogWorker: created new log segment /home/runner/work/ozone/ozone/hadoop-ozone/integration-test/target/test-dir/MiniOzoneClusterImpl-9128138f-083a-4137-a9cb-d58212e00964/datanode-0/data/ratis/d2aa0f9e-e83d-43ce-a4d6-d29ff858c3f0/current/log_inprogress_0
2022-10-09 13:07:17,829 [55b9ea12-5ed0-4563-9b80-74e62ded3c41@group-E651138CDC30-LeaderElection43] INFO  impl.LeaderElection (LeaderElection.java:askForVotes(310)) - 55b9ea12-5ed0-4563-9b80-74e62ded3c41@group-E651138CDC30-LeaderElection43 ELECTION round 0: submit vote requests at term 1 for -1: [55b9ea12-5ed0-4563-9b80-74e62ded3c41|rpc:10.1.0.209:45387|priority:1], old=null
2022-10-09 13:07:17,829 [55b9ea12-5ed0-4563-9b80-74e62ded3c41@group-E651138CDC30-LeaderElection43] INFO  impl.LeaderElection (LeaderElection.java:askForVotes(312)) - 55b9ea12-5ed0-4563-9b80-74e62ded3c41@group-E651138CDC30-LeaderElection43 ELECTION round 0: result PASSED (term=1)
2022-10-09 13:07:17,829 [55b9ea12-5ed0-4563-9b80-74e62ded3c41@group-E651138CDC30-LeaderElection43] INFO  impl.RoleInfo (RoleInfo.java:shutdownLeaderElection(130)) - 55b9ea12-5ed0-4563-9b80-74e62ded3c41: shutdown 55b9ea12-5ed0-4563-9b80-74e62ded3c41@group-E651138CDC30-LeaderElection43
2022-10-09 13:07:17,829 [55b9ea12-5ed0-4563-9b80-74e62ded3c41@group-E651138CDC30-LeaderElection43] INFO  server.RaftServer$Division (RaftServerImpl.java:setRole(299)) - 55b9ea12-5ed0-4563-9b80-74e62ded3c41@group-E651138CDC30: changes role from CANDIDATE to LEADER at term 1 for changeToLeader
2022-10-09 13:07:17,829 [55b9ea12-5ed0-4563-9b80-74e62ded3c41@group-E651138CDC30-LeaderElection43] INFO  ratis.XceiverServerRatis (XceiverServerRatis.java:handleLeaderChangedNotification(863)) - Leader change notification received for group: group-E651138CDC30 with new leaderId: 55b9ea12-5ed0-4563-9b80-74e62ded3c41
2022-10-09 13:07:17,829 [55b9ea12-5ed0-4563-9b80-74e62ded3c41@group-E651138CDC30-LeaderElection43] INFO  server.RaftServer$Division (ServerState.java:setLeader(287)) - 55b9ea12-5ed0-4563-9b80-74e62ded3c41@group-E651138CDC30: change Leader from null to 55b9ea12-5ed0-4563-9b80-74e62ded3c41 at term 1 for becomeLeader, leader elected after 5154ms
2022-10-09 13:07:17,829 [55b9ea12-5ed0-4563-9b80-74e62ded3c41@group-E651138CDC30-LeaderElection43] INFO  server.RaftServerConfigKeys (ConfUtils.java:logGet(46)) - raft.server.staging.catchup.gap = 1000 (default)
2022-10-09 13:07:17,829 [55b9ea12-5ed0-4563-9b80-74e62ded3c41@group-E651138CDC30-LeaderElection43] INFO  server.RaftServerConfigKeys (ConfUtils.java:logGet(46)) - raft.server.write.element-limit = 1024 (custom)
2022-10-09 13:07:17,829 [55b9ea12-5ed0-4563-9b80-74e62ded3c41@group-E651138CDC30-LeaderElection43] INFO  server.RaftServerConfigKeys (ConfUtils.java:logGet(46)) - raft.server.write.byte-limit = 1024 M (=1073741824) (custom)
2022-10-09 13:07:17,830 [55b9ea12-5ed0-4563-9b80-74e62ded3c41@group-E651138CDC30-LeaderElection43] INFO  server.RaftServerConfigKeys (ConfUtils.java:logGet(46)) - raft.server.watch.timeout = 180s (custom)
2022-10-09 13:07:17,830 [55b9ea12-5ed0-4563-9b80-74e62ded3c41@group-E651138CDC30-LeaderElection43] INFO  server.RaftServerConfigKeys (ConfUtils.java:logGet(46)) - raft.server.watch.timeout.denomination = 1s (default)
2022-10-09 13:07:17,830 [55b9ea12-5ed0-4563-9b80-74e62ded3c41@group-E651138CDC30-LeaderElection43] INFO  server.RaftServerConfigKeys (ConfUtils.java:logGet(46)) - raft.server.watch.element-limit = 65536 (default)
2022-10-09 13:07:17,830 [55b9ea12-5ed0-4563-9b80-74e62ded3c41@group-E651138CDC30-LeaderElection43] INFO  server.RaftServerConfigKeys (ConfUtils.java:logGet(46)) - raft.server.write.element-limit = 1024 (custom)
2022-10-09 13:07:17,830 [55b9ea12-5ed0-4563-9b80-74e62ded3c41@group-E651138CDC30-LeaderElection43] INFO  server.RaftServerConfigKeys (ConfUtils.java:logGet(46)) - raft.server.write.follower.gap.ratio.max = -1.0 (default)
2022-10-09 13:07:17,830 [55b9ea12-5ed0-4563-9b80-74e62ded3c41@group-E651138CDC30-LeaderElection43] INFO  impl.RoleInfo (RoleInfo.java:updateAndGet(139)) - 55b9ea12-5ed0-4563-9b80-74e62ded3c41: start 55b9ea12-5ed0-4563-9b80-74e62ded3c41@group-E651138CDC30-LeaderStateImpl
2022-10-09 13:07:17,830 [55b9ea12-5ed0-4563-9b80-74e62ded3c41@group-E651138CDC30-LeaderElection43] INFO  segmented.SegmentedRaftLogWorker (SegmentedRaftLogWorker.java:startLogSegment(425)) - 55b9ea12-5ed0-4563-9b80-74e62ded3c41@group-E651138CDC30-SegmentedRaftLogWorker: Starting segment from index:0
2022-10-09 13:07:17,837 [55b9ea12-5ed0-4563-9b80-74e62ded3c41@group-E651138CDC30-SegmentedRaftLogWorker] INFO  segmented.SegmentedRaftLogWorker (SegmentedRaftLogWorker.java:execute(629)) - 55b9ea12-5ed0-4563-9b80-74e62ded3c41@group-E651138CDC30-SegmentedRaftLogWorker: created new log segment /home/runner/work/ozone/ozone/hadoop-ozone/integration-test/target/test-dir/MiniOzoneClusterImpl-9128138f-083a-4137-a9cb-d58212e00964/datanode-1/data/ratis/d861d049-ca8a-4897-8a28-e651138cdc30/current/log_inprogress_0
2022-10-09 13:07:17,842 [55b9ea12-5ed0-4563-9b80-74e62ded3c41@group-E651138CDC30-LeaderElection43] INFO  server.RaftServer$Division (ServerState.java:setRaftConf(393)) - 55b9ea12-5ed0-4563-9b80-74e62ded3c41@group-E651138CDC30: set configuration 0: [55b9ea12-5ed0-4563-9b80-74e62ded3c41|rpc:10.1.0.209:45387|dataStream:|priority:1], old=null
2022-10-09 13:07:18,374 [d46e0485-2442-4c5a-ac53-f23987407338@group-8603F17982EC-FollowerState] INFO  impl.FollowerState (FollowerState.java:run(143)) - d46e0485-2442-4c5a-ac53-f23987407338@group-8603F17982EC-FollowerState: change to CANDIDATE, lastRpcElapsedTime:5112041341ns, electionTimeout:5110ms
2022-10-09 13:07:18,374 [d46e0485-2442-4c5a-ac53-f23987407338@group-8603F17982EC-FollowerState] INFO  impl.RoleInfo (RoleInfo.java:shutdownFollowerState(110)) - d46e0485-2442-4c5a-ac53-f23987407338: shutdown d46e0485-2442-4c5a-ac53-f23987407338@group-8603F17982EC-FollowerState
2022-10-09 13:07:18,374 [d46e0485-2442-4c5a-ac53-f23987407338@group-8603F17982EC-FollowerState] INFO  server.RaftServer$Division (RaftServerImpl.java:setRole(299)) - d46e0485-2442-4c5a-ac53-f23987407338@group-8603F17982EC: changes role from  FOLLOWER to CANDIDATE at term 0 for changeToCandidate
2022-10-09 13:07:18,374 [d46e0485-2442-4c5a-ac53-f23987407338@group-8603F17982EC-FollowerState] INFO  server.RaftServerConfigKeys (ConfUtils.java:logGet(46)) - raft.server.leaderelection.pre-vote = false (custom)
2022-10-09 13:07:18,374 [d46e0485-2442-4c5a-ac53-f23987407338@group-8603F17982EC-FollowerState] INFO  impl.RoleInfo (RoleInfo.java:updateAndGet(139)) - d46e0485-2442-4c5a-ac53-f23987407338: start d46e0485-2442-4c5a-ac53-f23987407338@group-8603F17982EC-LeaderElection44
2022-10-09 13:07:18,400 [d46e0485-2442-4c5a-ac53-f23987407338@group-8603F17982EC-LeaderElection44] INFO  impl.LeaderElection (LeaderElection.java:askForVotes(310)) - d46e0485-2442-4c5a-ac53-f23987407338@group-8603F17982EC-LeaderElection44 ELECTION round 0: submit vote requests at term 1 for -1: [d46e0485-2442-4c5a-ac53-f23987407338|rpc:10.1.0.209:36777|priority:1], old=null
2022-10-09 13:07:18,400 [d46e0485-2442-4c5a-ac53-f23987407338@group-8603F17982EC-LeaderElection44] INFO  impl.LeaderElection (LeaderElection.java:askForVotes(312)) - d46e0485-2442-4c5a-ac53-f23987407338@group-8603F17982EC-LeaderElection44 ELECTION round 0: result PASSED (term=1)
2022-10-09 13:07:18,400 [d46e0485-2442-4c5a-ac53-f23987407338@group-8603F17982EC-LeaderElection44] INFO  impl.RoleInfo (RoleInfo.java:shutdownLeaderElection(130)) - d46e0485-2442-4c5a-ac53-f23987407338: shutdown d46e0485-2442-4c5a-ac53-f23987407338@group-8603F17982EC-LeaderElection44
2022-10-09 13:07:18,400 [d46e0485-2442-4c5a-ac53-f23987407338@group-8603F17982EC-LeaderElection44] INFO  server.RaftServer$Division (RaftServerImpl.java:setRole(299)) - d46e0485-2442-4c5a-ac53-f23987407338@group-8603F17982EC: changes role from CANDIDATE to LEADER at term 1 for changeToLeader
2022-10-09 13:07:18,400 [d46e0485-2442-4c5a-ac53-f23987407338@group-8603F17982EC-LeaderElection44] INFO  ratis.XceiverServerRatis (XceiverServerRatis.java:handleLeaderChangedNotification(863)) - Leader change notification received for group: group-8603F17982EC with new leaderId: d46e0485-2442-4c5a-ac53-f23987407338
2022-10-09 13:07:18,400 [d46e0485-2442-4c5a-ac53-f23987407338@group-8603F17982EC-LeaderElection44] INFO  server.RaftServer$Division (ServerState.java:setLeader(287)) - d46e0485-2442-4c5a-ac53-f23987407338@group-8603F17982EC: change Leader from null to d46e0485-2442-4c5a-ac53-f23987407338 at term 1 for becomeLeader, leader elected after 5156ms
2022-10-09 13:07:18,400 [d46e0485-2442-4c5a-ac53-f23987407338@group-8603F17982EC-LeaderElection44] INFO  server.RaftServerConfigKeys (ConfUtils.java:logGet(46)) - raft.server.staging.catchup.gap = 1000 (default)
2022-10-09 13:07:18,400 [d46e0485-2442-4c5a-ac53-f23987407338@group-8603F17982EC-LeaderElection44] INFO  server.RaftServerConfigKeys (ConfUtils.java:logGet(46)) - raft.server.write.element-limit = 1024 (custom)
2022-10-09 13:07:18,400 [d46e0485-2442-4c5a-ac53-f23987407338@group-8603F17982EC-LeaderElection44] INFO  server.RaftServerConfigKeys (ConfUtils.java:logGet(46)) - raft.server.write.byte-limit = 1024 M (=1073741824) (custom)
2022-10-09 13:07:18,401 [d46e0485-2442-4c5a-ac53-f23987407338@group-8603F17982EC-LeaderElection44] INFO  server.RaftServerConfigKeys (ConfUtils.java:logGet(46)) - raft.server.watch.timeout = 180s (custom)
2022-10-09 13:07:18,401 [d46e0485-2442-4c5a-ac53-f23987407338@group-8603F17982EC-LeaderElection44] INFO  server.RaftServerConfigKeys (ConfUtils.java:logGet(46)) - raft.server.watch.timeout.denomination = 1s (default)
2022-10-09 13:07:18,401 [d46e0485-2442-4c5a-ac53-f23987407338@group-8603F17982EC-LeaderElection44] INFO  server.RaftServerConfigKeys (ConfUtils.java:logGet(46)) - raft.server.watch.element-limit = 65536 (default)
2022-10-09 13:07:18,401 [d46e0485-2442-4c5a-ac53-f23987407338@group-8603F17982EC-LeaderElection44] INFO  server.RaftServerConfigKeys (ConfUtils.java:logGet(46)) - raft.server.write.element-limit = 1024 (custom)
2022-10-09 13:07:18,401 [d46e0485-2442-4c5a-ac53-f23987407338@group-8603F17982EC-LeaderElection44] INFO  server.RaftServerConfigKeys (ConfUtils.java:logGet(46)) - raft.server.write.follower.gap.ratio.max = -1.0 (default)
2022-10-09 13:07:18,401 [d46e0485-2442-4c5a-ac53-f23987407338@group-8603F17982EC-LeaderElection44] INFO  impl.RoleInfo (RoleInfo.java:updateAndGet(139)) - d46e0485-2442-4c5a-ac53-f23987407338: start d46e0485-2442-4c5a-ac53-f23987407338@group-8603F17982EC-LeaderStateImpl
2022-10-09 13:07:18,401 [d46e0485-2442-4c5a-ac53-f23987407338@group-8603F17982EC-LeaderElection44] INFO  segmented.SegmentedRaftLogWorker (SegmentedRaftLogWorker.java:startLogSegment(425)) - d46e0485-2442-4c5a-ac53-f23987407338@group-8603F17982EC-SegmentedRaftLogWorker: Starting segment from index:0
2022-10-09 13:07:18,404 [d46e0485-2442-4c5a-ac53-f23987407338@group-8603F17982EC-LeaderElection44] INFO  server.RaftServer$Division (ServerState.java:setRaftConf(393)) - d46e0485-2442-4c5a-ac53-f23987407338@group-8603F17982EC: set configuration 0: [d46e0485-2442-4c5a-ac53-f23987407338|rpc:10.1.0.209:36777|dataStream:|priority:1], old=null
2022-10-09 13:07:18,421 [d46e0485-2442-4c5a-ac53-f23987407338@group-8603F17982EC-SegmentedRaftLogWorker] INFO  segmented.SegmentedRaftLogWorker (SegmentedRaftLogWorker.java:execute(629)) - d46e0485-2442-4c5a-ac53-f23987407338@group-8603F17982EC-SegmentedRaftLogWorker: created new log segment /home/runner/work/ozone/ozone/hadoop-ozone/integration-test/target/test-dir/MiniOzoneClusterImpl-9128138f-083a-4137-a9cb-d58212e00964/datanode-2/data/ratis/513409fa-d2e6-4109-84e1-8603f17982ec/current/log_inprogress_0
2022-10-09 13:07:18,421 [Listener at 127.0.0.1/33359] INFO  ozone.MiniOzoneClusterImpl (MiniOzoneClusterImpl.java:lambda$waitForClusterToBeReady$0(216)) - Nodes are ready. Got 5 of 5 DN Heartbeats.
2022-10-09 13:07:18,421 [Listener at 127.0.0.1/33359] INFO  ozone.MiniOzoneClusterImpl (MiniOzoneClusterImpl.java:lambda$waitForClusterToBeReady$0(219)) - Cluster exits safe mode
2022-10-09 13:07:18,421 [Listener at 127.0.0.1/33359] INFO  ozone.MiniOzoneClusterImpl (MiniOzoneClusterImpl.java:lambda$waitForClusterToBeReady$0(221)) - SCM became leader
2022-10-09 13:07:18,535 [Listener at 127.0.0.1/33359] INFO  rpc.RpcClient (RpcClient.java:createVolume(471)) - Creating Volume: volume52841, with user84159 as owner and space quota set to -1 bytes, counts quota set to -1
2022-10-09 13:07:18,551 [OM StateMachine ApplyTransaction Thread - 0] INFO  volume.OMVolumeCreateRequest (OMVolumeCreateRequest.java:validateAndUpdateCache(195)) - created volume:volume52841 for user:user84159
2022-10-09 13:07:18,631 [Listener at 127.0.0.1/33359] INFO  rpc.RpcClient (RpcClient.java:createBucket(674)) - Creating Bucket: volume52841/bucket11878, with bucket layout LEGACY, runner as owner, Versioning false, Storage Type set to DISK and Encryption set to false 
2022-10-09 13:07:18,636 [OM StateMachine ApplyTransaction Thread - 0] INFO  bucket.OMBucketCreateRequest (OMBucketCreateRequest.java:validateAndUpdateCache(260)) - created bucket: bucket11878 of layout LEGACY in volume: volume52841
]]></system-out>
  </testcase>
  <testcase name="testGetTrashRoot" classname="TestOzoneFileSystem" time="64.335">
    <system-out><![CDATA[2022-10-09 13:08:24,070 [Listener at 127.0.0.1/33359] INFO  ozone.MiniOzoneClusterImpl (MiniOzoneClusterImpl.java:shutdown(448)) - Shutting down the Mini Ozone Cluster
2022-10-09 13:08:24,071 [Listener at 127.0.0.1/33359] INFO  ozone.MiniOzoneClusterImpl (MiniOzoneClusterImpl.java:stop(463)) - Stopping the Mini Ozone Cluster
2022-10-09 13:08:24,071 [Listener at 127.0.0.1/33359] INFO  ozone.MiniOzoneClusterImpl (MiniOzoneClusterImpl.java:stopOM(545)) - Stopping the OzoneManager
2022-10-09 13:08:24,071 [Listener at 127.0.0.1/33359] INFO  om.OzoneManager (OzoneManager.java:stop(2036)) - om1[localhost:0]: Stopping Ozone Manager
2022-10-09 13:08:24,071 [Listener at 127.0.0.1/33359] INFO  ipc.Server (Server.java:stop(3414)) - Stopping server on 33359
2022-10-09 13:08:24,081 [IPC Server Responder] INFO  ipc.Server (Server.java:run(1512)) - Stopping IPC Server Responder
2022-10-09 13:08:24,081 [Listener at 127.0.0.1/33359] INFO  server.RaftServer (RaftServerProxy.java:lambda$close$7(398)) - om1: close
2022-10-09 13:08:24,081 [Listener at 127.0.0.1/33359] INFO  server.RaftServer$Division (RaftServerImpl.java:lambda$close$4(434)) - om1@group-C5BA1605619E: shutdown
2022-10-09 13:08:24,081 [Listener at 127.0.0.1/33359] INFO  util.JmxRegister (JmxRegister.java:unregister(73)) - Successfully un-registered JMX Bean with object name Ratis:service=RaftServer,group=group-C5BA1605619E,id=om1
2022-10-09 13:08:24,081 [Listener at 127.0.0.1/33359] INFO  impl.RoleInfo (RoleInfo.java:shutdownLeaderState(93)) - om1: shutdown om1@group-C5BA1605619E-LeaderStateImpl
2022-10-09 13:08:24,081 [Listener at 127.0.0.1/33359] INFO  impl.PendingRequests (PendingRequests.java:sendNotLeaderResponses(282)) - om1@group-C5BA1605619E-PendingRequests: sendNotLeaderResponses
2022-10-09 13:08:24,087 [Listener at 127.0.0.1/33359] INFO  impl.StateMachineUpdater (StateMachineUpdater.java:stopAndJoin(153)) - om1@group-C5BA1605619E-StateMachineUpdater: set stopIndex = 36984
2022-10-09 13:08:24,087 [om1@group-C5BA1605619E-StateMachineUpdater] INFO  ratis.OzoneManagerStateMachine (OzoneManagerStateMachine.java:takeSnapshot(441)) - Current Snapshot Index (t:1, i:36984)
2022-10-09 13:08:24,088 [om1@group-C5BA1605619E-StateMachineUpdater] INFO  impl.StateMachineUpdater (StateMachineUpdater.java:takeSnapshot(287)) - om1@group-C5BA1605619E-StateMachineUpdater: Took a snapshot at index 36984
2022-10-09 13:08:24,088 [om1@group-C5BA1605619E-StateMachineUpdater] INFO  impl.StateMachineUpdater (StateMachineUpdater.java:lambda$new$0(92)) - om1@group-C5BA1605619E-StateMachineUpdater: snapshotIndex: updateIncreasingly -1 -> 36984
2022-10-09 13:08:24,088 [om1@group-C5BA1605619E-StateMachineUpdater] INFO  ratis.OzoneManagerStateMachine (OzoneManagerStateMachine.java:close(495)) - StateMachine has shutdown. Shutdown OzoneManager if not already shutdown.
2022-10-09 13:08:24,088 [om1@group-C5BA1605619E-StateMachineUpdater] INFO  ratis.OzoneManagerDoubleBuffer (OzoneManagerDoubleBuffer.java:stop(466)) - Stopping OMDoubleBuffer flush thread
2022-10-09 13:08:24,088 [OMDoubleBufferFlushThread] INFO  ratis.OzoneManagerDoubleBuffer (OzoneManagerDoubleBuffer.java:flushTransactions(385)) - OMDoubleBuffer flush thread OMDoubleBufferFlushThread is interrupted and will exit.
2022-10-09 13:08:24,090 [Listener at 127.0.0.1/33359] INFO  server.RaftServer$Division (ServerState.java:close(429)) - om1@group-C5BA1605619E: closes. applyIndex: 36984
2022-10-09 13:08:24,092 [om1@group-C5BA1605619E-SegmentedRaftLogWorker] INFO  segmented.SegmentedRaftLogWorker (SegmentedRaftLogWorker.java:run(336)) - om1@group-C5BA1605619E-SegmentedRaftLogWorker was interrupted, exiting. There are 0 tasks remaining in the queue.
2022-10-09 13:08:24,093 [Listener at 127.0.0.1/33359] INFO  segmented.SegmentedRaftLogWorker (SegmentedRaftLogWorker.java:close(246)) - om1@group-C5BA1605619E-SegmentedRaftLogWorker close()
2022-10-09 13:08:24,095 [Listener at 127.0.0.1/33359] INFO  server.GrpcService (GrpcService.java:closeImpl(269)) - om1: shutdown server with port 9872 now
2022-10-09 13:08:24,095 [Listener at 127.0.0.1/33359] INFO  server.GrpcService (GrpcService.java:closeImpl(278)) - om1: shutdown server with port 9872 successfully
2022-10-09 13:08:24,095 [org.apache.ratis.util.JvmPauseMonitor$$Lambda$636/1153107596@370283f5] INFO  util.JvmPauseMonitor (JvmPauseMonitor.java:run(109)) - JvmPauseMonitor-om1: Stopped
2022-10-09 13:08:24,095 [Listener at 127.0.0.1/33359] INFO  ratis.OzoneManagerStateMachine (OzoneManagerStateMachine.java:close(495)) - StateMachine has shutdown. Shutdown OzoneManager if not already shutdown.
2022-10-09 13:08:24,096 [Listener at 127.0.0.1/33359] INFO  ratis.OzoneManagerDoubleBuffer (OzoneManagerDoubleBuffer.java:stop(478)) - OMDoubleBuffer flush thread is not running.
2022-10-09 13:08:24,096 [Listener at 127.0.0.1/33359] INFO  utils.BackgroundService (BackgroundService.java:shutdown(141)) - Shutting down service KeyDeletingService
2022-10-09 13:08:24,096 [Listener at 127.0.0.1/33359] INFO  utils.BackgroundService (BackgroundService.java:shutdown(141)) - Shutting down service DirectoryDeletingService
2022-10-09 13:08:24,096 [Listener at 127.0.0.1/33359] INFO  utils.BackgroundService (BackgroundService.java:shutdown(141)) - Shutting down service OpenKeyCleanupService
2022-10-09 13:08:24,097 [Listener at 127.0.0.1/33359] INFO  handler.ContextHandler (ContextHandler.java:doStop(1153)) - Stopped o.e.j.w.WebAppContext@3b6922c5{ozoneManager,/,null,STOPPED}{file:/home/runner/work/ozone/ozone/hadoop-ozone/integration-test/target/test-classes/webapps/ozoneManager}
2022-10-09 13:08:24,097 [Listener at 127.0.0.1/33359] INFO  server.AbstractConnector (AbstractConnector.java:doStop(381)) - Stopped ServerConnector@6da6a6fb{HTTP/1.1, (http/1.1)}{0.0.0.0:0}
2022-10-09 13:08:24,098 [Listener at 127.0.0.1/33359] INFO  server.session (HouseKeeper.java:stopScavenging(149)) - node0 Stopped scavenging
2022-10-09 13:08:24,098 [Listener at 127.0.0.1/33359] INFO  handler.ContextHandler (ContextHandler.java:doStop(1153)) - Stopped o.e.j.s.ServletContextHandler@65ced40{static,/static,file:///home/runner/work/ozone/ozone/hadoop-ozone/integration-test/target/test-classes/webapps/static,STOPPED}
2022-10-09 13:08:24,098 [Listener at 127.0.0.1/33359] INFO  handler.ContextHandler (ContextHandler.java:doStop(1153)) - Stopped o.e.j.s.ServletContextHandler@3ac3828c{logs,/logs,file:///home/runner/work/ozone/ozone/hadoop-ozone/integration-test/target/log,STOPPED}
2022-10-09 13:08:24,102 [IPC Server listener on 0] INFO  ipc.Server (Server.java:run(1376)) - Stopping IPC Server listener on 0
2022-10-09 13:08:24,110 [Trash Emptier] ERROR om.TrashPolicyOzone (TrashPolicyOzone.java:run(251)) - Error attempting to shutdown
java.lang.InterruptedException
	at java.util.concurrent.locks.AbstractQueuedSynchronizer$ConditionObject.awaitNanos(AbstractQueuedSynchronizer.java:2072)
	at java.util.concurrent.ThreadPoolExecutor.awaitTermination(ThreadPoolExecutor.java:1475)
	at org.apache.hadoop.ozone.om.TrashPolicyOzone$Emptier.run(TrashPolicyOzone.java:249)
	at java.lang.Thread.run(Thread.java:750)
2022-10-09 13:08:24,110 [Trash Emptier] ERROR util.ExitUtils (ExitUtils.java:terminate(133)) - Terminating with exit status -1: Thread[Trash Emptier,5,main] has thrown an uncaught exception
java.lang.UnsupportedOperationException: fs.getUri() not implemented in TrashOzoneFileSystem
	at org.apache.hadoop.ozone.om.TrashOzoneFileSystem.getUri(TrashOzoneFileSystem.java:126)
	at org.apache.hadoop.fs.FileSystem.close(FileSystem.java:2592)
	at org.apache.hadoop.ozone.om.TrashPolicyOzone$Emptier.run(TrashPolicyOzone.java:243)
	at java.lang.Thread.run(Thread.java:750)
2022-10-09 13:08:24,122 [Listener at 127.0.0.1/33359] INFO  ozone.MiniOzoneClusterImpl (MiniOzoneClusterImpl.java:stopDatanodes(522)) - Stopping the HddsDatanodes
2022-10-09 13:08:29,132 [ForkJoinPool.commonPool-worker-1] INFO  ozoneimpl.OzoneContainer (OzoneContainer.java:stop(400)) - Attempting to stop container services.
2022-10-09 13:08:29,137 [ForkJoinPool.commonPool-worker-1] INFO  server.RaftServer (RaftServerProxy.java:lambda$close$7(398)) - 55b9ea12-5ed0-4563-9b80-74e62ded3c41: close
2022-10-09 13:08:29,137 [ForkJoinPool.commonPool-worker-1] INFO  server.RaftServer$Division (RaftServerImpl.java:lambda$close$4(434)) - 55b9ea12-5ed0-4563-9b80-74e62ded3c41@group-E651138CDC30: shutdown
2022-10-09 13:08:29,137 [ForkJoinPool.commonPool-worker-1] INFO  util.JmxRegister (JmxRegister.java:unregister(73)) - Successfully un-registered JMX Bean with object name Ratis:service=RaftServer,group=group-E651138CDC30,id=55b9ea12-5ed0-4563-9b80-74e62ded3c41
2022-10-09 13:08:29,137 [ForkJoinPool.commonPool-worker-1] INFO  impl.RoleInfo (RoleInfo.java:shutdownLeaderState(93)) - 55b9ea12-5ed0-4563-9b80-74e62ded3c41: shutdown 55b9ea12-5ed0-4563-9b80-74e62ded3c41@group-E651138CDC30-LeaderStateImpl
2022-10-09 13:08:29,137 [ForkJoinPool.commonPool-worker-1] INFO  impl.PendingRequests (PendingRequests.java:sendNotLeaderResponses(282)) - 55b9ea12-5ed0-4563-9b80-74e62ded3c41@group-E651138CDC30-PendingRequests: sendNotLeaderResponses
2022-10-09 13:08:29,138 [ForkJoinPool.commonPool-worker-1] INFO  impl.StateMachineUpdater (StateMachineUpdater.java:stopAndJoin(153)) - 55b9ea12-5ed0-4563-9b80-74e62ded3c41@group-E651138CDC30-StateMachineUpdater: set stopIndex = 0
2022-10-09 13:08:29,138 [55b9ea12-5ed0-4563-9b80-74e62ded3c41@group-E651138CDC30-StateMachineUpdater] INFO  ratis.ContainerStateMachine (ContainerStateMachine.java:takeSnapshot(304)) - group-E651138CDC30: Taking a snapshot at:(t:1, i:0) file /home/runner/work/ozone/ozone/hadoop-ozone/integration-test/target/test-dir/MiniOzoneClusterImpl-9128138f-083a-4137-a9cb-d58212e00964/datanode-1/data/ratis/d861d049-ca8a-4897-8a28-e651138cdc30/sm/snapshot.1_0
2022-10-09 13:08:29,138 [Listener at 127.0.0.1/33359] INFO  ozoneimpl.OzoneContainer (OzoneContainer.java:stop(400)) - Attempting to stop container services.
2022-10-09 13:08:29,139 [55b9ea12-5ed0-4563-9b80-74e62ded3c41@group-E651138CDC30-StateMachineUpdater] INFO  ratis.ContainerStateMachine (ContainerStateMachine.java:takeSnapshot(315)) - group-E651138CDC30: Finished taking a snapshot at:(t:1, i:0) file:/home/runner/work/ozone/ozone/hadoop-ozone/integration-test/target/test-dir/MiniOzoneClusterImpl-9128138f-083a-4137-a9cb-d58212e00964/datanode-1/data/ratis/d861d049-ca8a-4897-8a28-e651138cdc30/sm/snapshot.1_0 took: 2 ms
2022-10-09 13:08:29,140 [55b9ea12-5ed0-4563-9b80-74e62ded3c41@group-E651138CDC30-StateMachineUpdater] INFO  impl.StateMachineUpdater (StateMachineUpdater.java:takeSnapshot(287)) - 55b9ea12-5ed0-4563-9b80-74e62ded3c41@group-E651138CDC30-StateMachineUpdater: Took a snapshot at index 0
2022-10-09 13:08:29,140 [55b9ea12-5ed0-4563-9b80-74e62ded3c41@group-E651138CDC30-StateMachineUpdater] INFO  impl.StateMachineUpdater (StateMachineUpdater.java:lambda$new$0(92)) - 55b9ea12-5ed0-4563-9b80-74e62ded3c41@group-E651138CDC30-StateMachineUpdater: snapshotIndex: updateIncreasingly -1 -> 0
2022-10-09 13:08:29,141 [Listener at 127.0.0.1/33359] INFO  server.RaftServer (RaftServerProxy.java:lambda$close$7(398)) - d46e0485-2442-4c5a-ac53-f23987407338: close
2022-10-09 13:08:29,142 [Listener at 127.0.0.1/33359] INFO  server.RaftServer$Division (RaftServerImpl.java:lambda$close$4(434)) - d46e0485-2442-4c5a-ac53-f23987407338@group-4461322E6C07: shutdown
2022-10-09 13:08:29,142 [Listener at 127.0.0.1/33359] INFO  util.JmxRegister (JmxRegister.java:unregister(73)) - Successfully un-registered JMX Bean with object name Ratis:service=RaftServer,group=group-4461322E6C07,id=d46e0485-2442-4c5a-ac53-f23987407338
2022-10-09 13:08:29,142 [Listener at 127.0.0.1/33359] INFO  impl.RoleInfo (RoleInfo.java:shutdownLeaderState(93)) - d46e0485-2442-4c5a-ac53-f23987407338: shutdown d46e0485-2442-4c5a-ac53-f23987407338@group-4461322E6C07-LeaderStateImpl
2022-10-09 13:08:29,148 [Listener at 127.0.0.1/33359] INFO  impl.PendingRequests (PendingRequests.java:sendNotLeaderResponses(282)) - d46e0485-2442-4c5a-ac53-f23987407338@group-4461322E6C07-PendingRequests: sendNotLeaderResponses
2022-10-09 13:08:29,148 [d46e0485-2442-4c5a-ac53-f23987407338@group-4461322E6C07->55b9ea12-5ed0-4563-9b80-74e62ded3c41-GrpcLogAppender-LogAppenderDaemon] WARN  server.GrpcLogAppender (GrpcLogAppender.java:mayWait(171)) - d46e0485-2442-4c5a-ac53-f23987407338@group-4461322E6C07->55b9ea12-5ed0-4563-9b80-74e62ded3c41-GrpcLogAppender: Wait interrupted by java.lang.InterruptedException
2022-10-09 13:08:29,175 [d46e0485-2442-4c5a-ac53-f23987407338@group-4461322E6C07->c6dbff45-d07e-454c-8dcf-e2e002008729-GrpcLogAppender-LogAppenderDaemon] WARN  server.GrpcLogAppender (GrpcLogAppender.java:mayWait(171)) - d46e0485-2442-4c5a-ac53-f23987407338@group-4461322E6C07->c6dbff45-d07e-454c-8dcf-e2e002008729-GrpcLogAppender: Wait interrupted by java.lang.InterruptedException
2022-10-09 13:08:29,176 [grpc-default-executor-0] INFO  server.GrpcServerProtocolService (GrpcServerProtocolService.java:onCompleted(140)) - c6dbff45-d07e-454c-8dcf-e2e002008729: Completed APPEND_ENTRIES, lastRequest: d46e0485-2442-4c5a-ac53-f23987407338->c6dbff45-d07e-454c-8dcf-e2e002008729#25-t3,previous=(t:3, i:3),leaderCommit=2,initializing? true,entries: size=1, first=(t:3, i:4), METADATAENTRY(c:2)
2022-10-09 13:08:29,176 [grpc-default-executor-2] INFO  server.GrpcServerProtocolService (GrpcServerProtocolService.java:onCompleted(140)) - 55b9ea12-5ed0-4563-9b80-74e62ded3c41: Completed APPEND_ENTRIES, lastRequest: d46e0485-2442-4c5a-ac53-f23987407338->55b9ea12-5ed0-4563-9b80-74e62ded3c41#268-t3,previous=(t:3, i:3),leaderCommit=2,initializing? true,entries: size=1, first=(t:3, i:4), METADATAENTRY(c:2)
2022-10-09 13:08:29,176 [ForkJoinPool.commonPool-worker-1] INFO  server.RaftServer$Division (ServerState.java:close(429)) - 55b9ea12-5ed0-4563-9b80-74e62ded3c41@group-E651138CDC30: closes. applyIndex: 0
2022-10-09 13:08:29,182 [grpc-default-executor-0] INFO  server.GrpcLogAppender (GrpcLogAppender.java:onCompleted(339)) - d46e0485-2442-4c5a-ac53-f23987407338@group-4461322E6C07->c6dbff45-d07e-454c-8dcf-e2e002008729-AppendLogResponseHandler: follower responses appendEntries COMPLETED
2022-10-09 13:08:29,182 [grpc-default-executor-0] INFO  leader.FollowerInfo (FollowerInfoImpl.java:lambda$new$0(48)) - d46e0485-2442-4c5a-ac53-f23987407338@group-4461322E6C07->c6dbff45-d07e-454c-8dcf-e2e002008729: nextIndex: updateUnconditionally 5 -> 4
2022-10-09 13:08:29,182 [grpc-default-executor-0] INFO  server.GrpcLogAppender (GrpcLogAppender.java:onCompleted(339)) - d46e0485-2442-4c5a-ac53-f23987407338@group-4461322E6C07->55b9ea12-5ed0-4563-9b80-74e62ded3c41-AppendLogResponseHandler: follower responses appendEntries COMPLETED
2022-10-09 13:08:29,182 [grpc-default-executor-0] INFO  leader.FollowerInfo (FollowerInfoImpl.java:lambda$new$0(48)) - d46e0485-2442-4c5a-ac53-f23987407338@group-4461322E6C07->55b9ea12-5ed0-4563-9b80-74e62ded3c41: nextIndex: updateUnconditionally 5 -> 4
2022-10-09 13:08:29,196 [d46e0485-2442-4c5a-ac53-f23987407338@group-4461322E6C07-StateMachineUpdater] INFO  ratis.ContainerStateMachine (ContainerStateMachine.java:takeSnapshot(304)) - group-4461322E6C07: Taking a snapshot at:(t:3, i:4) file /home/runner/work/ozone/ozone/hadoop-ozone/integration-test/target/test-dir/MiniOzoneClusterImpl-9128138f-083a-4137-a9cb-d58212e00964/datanode-2/data/ratis/f6e5e969-f68d-49c5-977a-4461322e6c07/sm/snapshot.3_4
2022-10-09 13:08:29,196 [Listener at 127.0.0.1/33359] INFO  impl.StateMachineUpdater (StateMachineUpdater.java:stopAndJoin(153)) - d46e0485-2442-4c5a-ac53-f23987407338@group-4461322E6C07-StateMachineUpdater: set stopIndex = 4
2022-10-09 13:08:29,197 [d46e0485-2442-4c5a-ac53-f23987407338@group-4461322E6C07-StateMachineUpdater] INFO  ratis.ContainerStateMachine (ContainerStateMachine.java:takeSnapshot(315)) - group-4461322E6C07: Finished taking a snapshot at:(t:3, i:4) file:/home/runner/work/ozone/ozone/hadoop-ozone/integration-test/target/test-dir/MiniOzoneClusterImpl-9128138f-083a-4137-a9cb-d58212e00964/datanode-2/data/ratis/f6e5e969-f68d-49c5-977a-4461322e6c07/sm/snapshot.3_4 took: 1 ms
2022-10-09 13:08:29,197 [d46e0485-2442-4c5a-ac53-f23987407338@group-4461322E6C07-StateMachineUpdater] INFO  impl.StateMachineUpdater (StateMachineUpdater.java:takeSnapshot(287)) - d46e0485-2442-4c5a-ac53-f23987407338@group-4461322E6C07-StateMachineUpdater: Took a snapshot at index 4
2022-10-09 13:08:29,197 [d46e0485-2442-4c5a-ac53-f23987407338@group-4461322E6C07-StateMachineUpdater] INFO  impl.StateMachineUpdater (StateMachineUpdater.java:lambda$new$0(92)) - d46e0485-2442-4c5a-ac53-f23987407338@group-4461322E6C07-StateMachineUpdater: snapshotIndex: updateIncreasingly -1 -> 4
2022-10-09 13:08:29,198 [Listener at 127.0.0.1/33359] INFO  server.RaftServer$Division (ServerState.java:close(429)) - d46e0485-2442-4c5a-ac53-f23987407338@group-4461322E6C07: closes. applyIndex: 4
2022-10-09 13:08:29,198 [d46e0485-2442-4c5a-ac53-f23987407338@group-4461322E6C07-SegmentedRaftLogWorker] INFO  segmented.SegmentedRaftLogWorker (SegmentedRaftLogWorker.java:run(336)) - d46e0485-2442-4c5a-ac53-f23987407338@group-4461322E6C07-SegmentedRaftLogWorker was interrupted, exiting. There are 0 tasks remaining in the queue.
2022-10-09 13:08:29,204 [55b9ea12-5ed0-4563-9b80-74e62ded3c41@group-E651138CDC30-SegmentedRaftLogWorker] INFO  segmented.SegmentedRaftLogWorker (SegmentedRaftLogWorker.java:run(336)) - 55b9ea12-5ed0-4563-9b80-74e62ded3c41@group-E651138CDC30-SegmentedRaftLogWorker was interrupted, exiting. There are 0 tasks remaining in the queue.
2022-10-09 13:08:29,204 [Listener at 127.0.0.1/33359] INFO  segmented.SegmentedRaftLogWorker (SegmentedRaftLogWorker.java:close(246)) - d46e0485-2442-4c5a-ac53-f23987407338@group-4461322E6C07-SegmentedRaftLogWorker close()
2022-10-09 13:08:29,205 [ForkJoinPool.commonPool-worker-1] INFO  segmented.SegmentedRaftLogWorker (SegmentedRaftLogWorker.java:close(246)) - 55b9ea12-5ed0-4563-9b80-74e62ded3c41@group-E651138CDC30-SegmentedRaftLogWorker close()
2022-10-09 13:08:29,220 [ForkJoinPool.commonPool-worker-1] INFO  server.RaftServer$Division (RaftServerImpl.java:lambda$close$4(434)) - 55b9ea12-5ed0-4563-9b80-74e62ded3c41@group-4461322E6C07: shutdown
2022-10-09 13:08:29,220 [ForkJoinPool.commonPool-worker-1] INFO  util.JmxRegister (JmxRegister.java:unregister(73)) - Successfully un-registered JMX Bean with object name Ratis:service=RaftServer,group=group-4461322E6C07,id=55b9ea12-5ed0-4563-9b80-74e62ded3c41
2022-10-09 13:08:29,220 [ForkJoinPool.commonPool-worker-1] INFO  impl.RoleInfo (RoleInfo.java:shutdownFollowerState(110)) - 55b9ea12-5ed0-4563-9b80-74e62ded3c41: shutdown 55b9ea12-5ed0-4563-9b80-74e62ded3c41@group-4461322E6C07-FollowerState
2022-10-09 13:08:29,220 [ForkJoinPool.commonPool-worker-1] INFO  impl.StateMachineUpdater (StateMachineUpdater.java:stopAndJoin(153)) - 55b9ea12-5ed0-4563-9b80-74e62ded3c41@group-4461322E6C07-StateMachineUpdater: set stopIndex = 4
2022-10-09 13:08:29,220 [55b9ea12-5ed0-4563-9b80-74e62ded3c41@group-4461322E6C07-FollowerState] INFO  impl.FollowerState (FollowerState.java:run(152)) - 55b9ea12-5ed0-4563-9b80-74e62ded3c41@group-4461322E6C07-FollowerState was interrupted
2022-10-09 13:08:29,221 [55b9ea12-5ed0-4563-9b80-74e62ded3c41@group-4461322E6C07-StateMachineUpdater] INFO  ratis.ContainerStateMachine (ContainerStateMachine.java:takeSnapshot(304)) - group-4461322E6C07: Taking a snapshot at:(t:3, i:4) file /home/runner/work/ozone/ozone/hadoop-ozone/integration-test/target/test-dir/MiniOzoneClusterImpl-9128138f-083a-4137-a9cb-d58212e00964/datanode-1/data/ratis/f6e5e969-f68d-49c5-977a-4461322e6c07/sm/snapshot.3_4
2022-10-09 13:08:29,233 [55b9ea12-5ed0-4563-9b80-74e62ded3c41@group-4461322E6C07-StateMachineUpdater] INFO  ratis.ContainerStateMachine (ContainerStateMachine.java:takeSnapshot(315)) - group-4461322E6C07: Finished taking a snapshot at:(t:3, i:4) file:/home/runner/work/ozone/ozone/hadoop-ozone/integration-test/target/test-dir/MiniOzoneClusterImpl-9128138f-083a-4137-a9cb-d58212e00964/datanode-1/data/ratis/f6e5e969-f68d-49c5-977a-4461322e6c07/sm/snapshot.3_4 took: 12 ms
2022-10-09 13:08:29,233 [55b9ea12-5ed0-4563-9b80-74e62ded3c41@group-4461322E6C07-StateMachineUpdater] INFO  impl.StateMachineUpdater (StateMachineUpdater.java:takeSnapshot(287)) - 55b9ea12-5ed0-4563-9b80-74e62ded3c41@group-4461322E6C07-StateMachineUpdater: Took a snapshot at index 4
2022-10-09 13:08:29,233 [55b9ea12-5ed0-4563-9b80-74e62ded3c41@group-4461322E6C07-StateMachineUpdater] INFO  impl.StateMachineUpdater (StateMachineUpdater.java:lambda$new$0(92)) - 55b9ea12-5ed0-4563-9b80-74e62ded3c41@group-4461322E6C07-StateMachineUpdater: snapshotIndex: updateIncreasingly -1 -> 4
2022-10-09 13:08:29,233 [ForkJoinPool.commonPool-worker-1] INFO  server.RaftServer$Division (ServerState.java:close(429)) - 55b9ea12-5ed0-4563-9b80-74e62ded3c41@group-4461322E6C07: closes. applyIndex: 4
2022-10-09 13:08:29,234 [55b9ea12-5ed0-4563-9b80-74e62ded3c41@group-4461322E6C07-SegmentedRaftLogWorker] INFO  segmented.SegmentedRaftLogWorker (SegmentedRaftLogWorker.java:run(336)) - 55b9ea12-5ed0-4563-9b80-74e62ded3c41@group-4461322E6C07-SegmentedRaftLogWorker was interrupted, exiting. There are 0 tasks remaining in the queue.
2022-10-09 13:08:29,236 [ForkJoinPool.commonPool-worker-1] INFO  segmented.SegmentedRaftLogWorker (SegmentedRaftLogWorker.java:close(246)) - 55b9ea12-5ed0-4563-9b80-74e62ded3c41@group-4461322E6C07-SegmentedRaftLogWorker close()
2022-10-09 13:08:29,239 [Listener at 127.0.0.1/33359] INFO  server.RaftServer$Division (RaftServerImpl.java:lambda$close$4(434)) - d46e0485-2442-4c5a-ac53-f23987407338@group-D29FF858C3F0: shutdown
2022-10-09 13:08:29,239 [Listener at 127.0.0.1/33359] INFO  util.JmxRegister (JmxRegister.java:unregister(73)) - Successfully un-registered JMX Bean with object name Ratis:service=RaftServer,group=group-D29FF858C3F0,id=d46e0485-2442-4c5a-ac53-f23987407338
2022-10-09 13:08:29,239 [Listener at 127.0.0.1/33359] INFO  impl.RoleInfo (RoleInfo.java:shutdownFollowerState(110)) - d46e0485-2442-4c5a-ac53-f23987407338: shutdown d46e0485-2442-4c5a-ac53-f23987407338@group-D29FF858C3F0-FollowerState
2022-10-09 13:08:29,239 [Listener at 127.0.0.1/33359] INFO  impl.StateMachineUpdater (StateMachineUpdater.java:stopAndJoin(153)) - d46e0485-2442-4c5a-ac53-f23987407338@group-D29FF858C3F0-StateMachineUpdater: set stopIndex = 25
2022-10-09 13:08:29,240 [d46e0485-2442-4c5a-ac53-f23987407338@group-D29FF858C3F0-FollowerState] INFO  impl.FollowerState (FollowerState.java:run(152)) - d46e0485-2442-4c5a-ac53-f23987407338@group-D29FF858C3F0-FollowerState was interrupted
2022-10-09 13:08:29,242 [d46e0485-2442-4c5a-ac53-f23987407338@group-D29FF858C3F0-StateMachineUpdater] INFO  ratis.ContainerStateMachine (ContainerStateMachine.java:takeSnapshot(304)) - group-D29FF858C3F0: Taking a snapshot at:(t:1, i:25) file /home/runner/work/ozone/ozone/hadoop-ozone/integration-test/target/test-dir/MiniOzoneClusterImpl-9128138f-083a-4137-a9cb-d58212e00964/datanode-2/data/ratis/d2aa0f9e-e83d-43ce-a4d6-d29ff858c3f0/sm/snapshot.1_25
2022-10-09 13:08:29,244 [d46e0485-2442-4c5a-ac53-f23987407338@group-D29FF858C3F0-StateMachineUpdater] INFO  ratis.ContainerStateMachine (ContainerStateMachine.java:takeSnapshot(315)) - group-D29FF858C3F0: Finished taking a snapshot at:(t:1, i:25) file:/home/runner/work/ozone/ozone/hadoop-ozone/integration-test/target/test-dir/MiniOzoneClusterImpl-9128138f-083a-4137-a9cb-d58212e00964/datanode-2/data/ratis/d2aa0f9e-e83d-43ce-a4d6-d29ff858c3f0/sm/snapshot.1_25 took: 2 ms
2022-10-09 13:08:29,244 [d46e0485-2442-4c5a-ac53-f23987407338@group-D29FF858C3F0-StateMachineUpdater] INFO  impl.StateMachineUpdater (StateMachineUpdater.java:takeSnapshot(287)) - d46e0485-2442-4c5a-ac53-f23987407338@group-D29FF858C3F0-StateMachineUpdater: Took a snapshot at index 25
2022-10-09 13:08:29,244 [d46e0485-2442-4c5a-ac53-f23987407338@group-D29FF858C3F0-StateMachineUpdater] INFO  impl.StateMachineUpdater (StateMachineUpdater.java:lambda$new$0(92)) - d46e0485-2442-4c5a-ac53-f23987407338@group-D29FF858C3F0-StateMachineUpdater: snapshotIndex: updateIncreasingly -1 -> 25
2022-10-09 13:08:29,245 [Listener at 127.0.0.1/33359] INFO  server.RaftServer$Division (ServerState.java:close(429)) - d46e0485-2442-4c5a-ac53-f23987407338@group-D29FF858C3F0: closes. applyIndex: 25
2022-10-09 13:08:29,246 [d46e0485-2442-4c5a-ac53-f23987407338@group-D29FF858C3F0-SegmentedRaftLogWorker] INFO  segmented.SegmentedRaftLogWorker (SegmentedRaftLogWorker.java:run(336)) - d46e0485-2442-4c5a-ac53-f23987407338@group-D29FF858C3F0-SegmentedRaftLogWorker was interrupted, exiting. There are 0 tasks remaining in the queue.
2022-10-09 13:08:29,246 [Listener at 127.0.0.1/33359] INFO  segmented.SegmentedRaftLogWorker (SegmentedRaftLogWorker.java:close(246)) - d46e0485-2442-4c5a-ac53-f23987407338@group-D29FF858C3F0-SegmentedRaftLogWorker close()
2022-10-09 13:08:29,260 [ForkJoinPool.commonPool-worker-1] INFO  server.RaftServer$Division (RaftServerImpl.java:lambda$close$4(434)) - 55b9ea12-5ed0-4563-9b80-74e62ded3c41@group-D29FF858C3F0: shutdown
2022-10-09 13:08:29,260 [ForkJoinPool.commonPool-worker-1] INFO  util.JmxRegister (JmxRegister.java:unregister(73)) - Successfully un-registered JMX Bean with object name Ratis:service=RaftServer,group=group-D29FF858C3F0,id=55b9ea12-5ed0-4563-9b80-74e62ded3c41
2022-10-09 13:08:29,260 [ForkJoinPool.commonPool-worker-1] INFO  impl.RoleInfo (RoleInfo.java:shutdownLeaderState(93)) - 55b9ea12-5ed0-4563-9b80-74e62ded3c41: shutdown 55b9ea12-5ed0-4563-9b80-74e62ded3c41@group-D29FF858C3F0-LeaderStateImpl
2022-10-09 13:08:29,260 [55b9ea12-5ed0-4563-9b80-74e62ded3c41@group-D29FF858C3F0->d46e0485-2442-4c5a-ac53-f23987407338-GrpcLogAppender-LogAppenderDaemon] WARN  server.GrpcLogAppender (GrpcLogAppender.java:mayWait(171)) - 55b9ea12-5ed0-4563-9b80-74e62ded3c41@group-D29FF858C3F0->d46e0485-2442-4c5a-ac53-f23987407338-GrpcLogAppender: Wait interrupted by java.lang.InterruptedException
2022-10-09 13:08:29,260 [ForkJoinPool.commonPool-worker-1] INFO  impl.PendingRequests (PendingRequests.java:sendNotLeaderResponses(282)) - 55b9ea12-5ed0-4563-9b80-74e62ded3c41@group-D29FF858C3F0-PendingRequests: sendNotLeaderResponses
2022-10-09 13:08:29,261 [Listener at 127.0.0.1/33359] INFO  server.RaftServer$Division (RaftServerImpl.java:lambda$close$4(434)) - d46e0485-2442-4c5a-ac53-f23987407338@group-8603F17982EC: shutdown
2022-10-09 13:08:29,262 [Listener at 127.0.0.1/33359] INFO  util.JmxRegister (JmxRegister.java:unregister(73)) - Successfully un-registered JMX Bean with object name Ratis:service=RaftServer,group=group-8603F17982EC,id=d46e0485-2442-4c5a-ac53-f23987407338
2022-10-09 13:08:29,262 [Listener at 127.0.0.1/33359] INFO  impl.RoleInfo (RoleInfo.java:shutdownLeaderState(93)) - d46e0485-2442-4c5a-ac53-f23987407338: shutdown d46e0485-2442-4c5a-ac53-f23987407338@group-8603F17982EC-LeaderStateImpl
2022-10-09 13:08:29,262 [Listener at 127.0.0.1/33359] INFO  impl.PendingRequests (PendingRequests.java:sendNotLeaderResponses(282)) - d46e0485-2442-4c5a-ac53-f23987407338@group-8603F17982EC-PendingRequests: sendNotLeaderResponses
2022-10-09 13:08:29,262 [Listener at 127.0.0.1/33359] INFO  impl.StateMachineUpdater (StateMachineUpdater.java:stopAndJoin(153)) - d46e0485-2442-4c5a-ac53-f23987407338@group-8603F17982EC-StateMachineUpdater: set stopIndex = 0
2022-10-09 13:08:29,263 [d46e0485-2442-4c5a-ac53-f23987407338@group-8603F17982EC-StateMachineUpdater] INFO  ratis.ContainerStateMachine (ContainerStateMachine.java:takeSnapshot(304)) - group-8603F17982EC: Taking a snapshot at:(t:1, i:0) file /home/runner/work/ozone/ozone/hadoop-ozone/integration-test/target/test-dir/MiniOzoneClusterImpl-9128138f-083a-4137-a9cb-d58212e00964/datanode-2/data/ratis/513409fa-d2e6-4109-84e1-8603f17982ec/sm/snapshot.1_0
2022-10-09 13:08:29,265 [ForkJoinPool.commonPool-worker-1] INFO  impl.StateMachineUpdater (StateMachineUpdater.java:stopAndJoin(153)) - 55b9ea12-5ed0-4563-9b80-74e62ded3c41@group-D29FF858C3F0-StateMachineUpdater: set stopIndex = 25
2022-10-09 13:08:29,265 [55b9ea12-5ed0-4563-9b80-74e62ded3c41@group-D29FF858C3F0-StateMachineUpdater] INFO  ratis.ContainerStateMachine (ContainerStateMachine.java:takeSnapshot(304)) - group-D29FF858C3F0: Taking a snapshot at:(t:1, i:25) file /home/runner/work/ozone/ozone/hadoop-ozone/integration-test/target/test-dir/MiniOzoneClusterImpl-9128138f-083a-4137-a9cb-d58212e00964/datanode-1/data/ratis/d2aa0f9e-e83d-43ce-a4d6-d29ff858c3f0/sm/snapshot.1_25
2022-10-09 13:08:29,271 [55b9ea12-5ed0-4563-9b80-74e62ded3c41@group-D29FF858C3F0-StateMachineUpdater] INFO  ratis.ContainerStateMachine (ContainerStateMachine.java:takeSnapshot(315)) - group-D29FF858C3F0: Finished taking a snapshot at:(t:1, i:25) file:/home/runner/work/ozone/ozone/hadoop-ozone/integration-test/target/test-dir/MiniOzoneClusterImpl-9128138f-083a-4137-a9cb-d58212e00964/datanode-1/data/ratis/d2aa0f9e-e83d-43ce-a4d6-d29ff858c3f0/sm/snapshot.1_25 took: 6 ms
2022-10-09 13:08:29,271 [55b9ea12-5ed0-4563-9b80-74e62ded3c41@group-D29FF858C3F0-StateMachineUpdater] INFO  impl.StateMachineUpdater (StateMachineUpdater.java:takeSnapshot(287)) - 55b9ea12-5ed0-4563-9b80-74e62ded3c41@group-D29FF858C3F0-StateMachineUpdater: Took a snapshot at index 25
2022-10-09 13:08:29,271 [55b9ea12-5ed0-4563-9b80-74e62ded3c41@group-D29FF858C3F0-StateMachineUpdater] INFO  impl.StateMachineUpdater (StateMachineUpdater.java:lambda$new$0(92)) - 55b9ea12-5ed0-4563-9b80-74e62ded3c41@group-D29FF858C3F0-StateMachineUpdater: snapshotIndex: updateIncreasingly -1 -> 25
2022-10-09 13:08:29,272 [ForkJoinPool.commonPool-worker-1] INFO  server.RaftServer$Division (ServerState.java:close(429)) - 55b9ea12-5ed0-4563-9b80-74e62ded3c41@group-D29FF858C3F0: closes. applyIndex: 25
2022-10-09 13:08:29,272 [55b9ea12-5ed0-4563-9b80-74e62ded3c41@group-D29FF858C3F0-SegmentedRaftLogWorker] INFO  segmented.SegmentedRaftLogWorker (SegmentedRaftLogWorker.java:run(336)) - 55b9ea12-5ed0-4563-9b80-74e62ded3c41@group-D29FF858C3F0-SegmentedRaftLogWorker was interrupted, exiting. There are 0 tasks remaining in the queue.
2022-10-09 13:08:29,272 [ForkJoinPool.commonPool-worker-1] INFO  segmented.SegmentedRaftLogWorker (SegmentedRaftLogWorker.java:close(246)) - 55b9ea12-5ed0-4563-9b80-74e62ded3c41@group-D29FF858C3F0-SegmentedRaftLogWorker close()
2022-10-09 13:08:29,272 [55b9ea12-5ed0-4563-9b80-74e62ded3c41@group-D29FF858C3F0->c6dbff45-d07e-454c-8dcf-e2e002008729-GrpcLogAppender-LogAppenderDaemon] WARN  server.GrpcLogAppender (GrpcLogAppender.java:mayWait(171)) - 55b9ea12-5ed0-4563-9b80-74e62ded3c41@group-D29FF858C3F0->c6dbff45-d07e-454c-8dcf-e2e002008729-GrpcLogAppender: Wait interrupted by java.lang.InterruptedException
2022-10-09 13:08:29,273 [grpc-default-executor-1] INFO  server.GrpcServerProtocolService (GrpcServerProtocolService.java:onCompleted(140)) - d46e0485-2442-4c5a-ac53-f23987407338: Completed APPEND_ENTRIES, lastRequest: 55b9ea12-5ed0-4563-9b80-74e62ded3c41->d46e0485-2442-4c5a-ac53-f23987407338#128-t1,previous=(t:1, i:24),leaderCommit=23,initializing? true,entries: size=1, first=(t:1, i:25), METADATAENTRY(c:23)
2022-10-09 13:08:29,273 [d46e0485-2442-4c5a-ac53-f23987407338@group-8603F17982EC-StateMachineUpdater] INFO  ratis.ContainerStateMachine (ContainerStateMachine.java:takeSnapshot(315)) - group-8603F17982EC: Finished taking a snapshot at:(t:1, i:0) file:/home/runner/work/ozone/ozone/hadoop-ozone/integration-test/target/test-dir/MiniOzoneClusterImpl-9128138f-083a-4137-a9cb-d58212e00964/datanode-2/data/ratis/513409fa-d2e6-4109-84e1-8603f17982ec/sm/snapshot.1_0 took: 1 ms
2022-10-09 13:08:29,273 [d46e0485-2442-4c5a-ac53-f23987407338@group-8603F17982EC-StateMachineUpdater] INFO  impl.StateMachineUpdater (StateMachineUpdater.java:takeSnapshot(287)) - d46e0485-2442-4c5a-ac53-f23987407338@group-8603F17982EC-StateMachineUpdater: Took a snapshot at index 0
2022-10-09 13:08:29,273 [d46e0485-2442-4c5a-ac53-f23987407338@group-8603F17982EC-StateMachineUpdater] INFO  impl.StateMachineUpdater (StateMachineUpdater.java:lambda$new$0(92)) - d46e0485-2442-4c5a-ac53-f23987407338@group-8603F17982EC-StateMachineUpdater: snapshotIndex: updateIncreasingly -1 -> 0
2022-10-09 13:08:29,274 [Listener at 127.0.0.1/33359] INFO  server.RaftServer$Division (ServerState.java:close(429)) - d46e0485-2442-4c5a-ac53-f23987407338@group-8603F17982EC: closes. applyIndex: 0
2022-10-09 13:08:29,274 [d46e0485-2442-4c5a-ac53-f23987407338@group-8603F17982EC-SegmentedRaftLogWorker] INFO  segmented.SegmentedRaftLogWorker (SegmentedRaftLogWorker.java:run(336)) - d46e0485-2442-4c5a-ac53-f23987407338@group-8603F17982EC-SegmentedRaftLogWorker was interrupted, exiting. There are 0 tasks remaining in the queue.
2022-10-09 13:08:29,274 [Listener at 127.0.0.1/33359] INFO  segmented.SegmentedRaftLogWorker (SegmentedRaftLogWorker.java:close(246)) - d46e0485-2442-4c5a-ac53-f23987407338@group-8603F17982EC-SegmentedRaftLogWorker close()
2022-10-09 13:08:29,275 [grpc-default-executor-3] INFO  server.GrpcLogAppender (GrpcLogAppender.java:onCompleted(339)) - 55b9ea12-5ed0-4563-9b80-74e62ded3c41@group-D29FF858C3F0->d46e0485-2442-4c5a-ac53-f23987407338-AppendLogResponseHandler: follower responses appendEntries COMPLETED
2022-10-09 13:08:29,275 [grpc-default-executor-1] INFO  server.GrpcServerProtocolService (GrpcServerProtocolService.java:onCompleted(140)) - c6dbff45-d07e-454c-8dcf-e2e002008729: Completed APPEND_ENTRIES, lastRequest: 55b9ea12-5ed0-4563-9b80-74e62ded3c41->c6dbff45-d07e-454c-8dcf-e2e002008729#127-t1,previous=(t:1, i:24),leaderCommit=23,initializing? true,entries: size=1, first=(t:1, i:25), METADATAENTRY(c:23)
2022-10-09 13:08:29,275 [grpc-default-executor-3] INFO  leader.FollowerInfo (FollowerInfoImpl.java:lambda$new$0(48)) - 55b9ea12-5ed0-4563-9b80-74e62ded3c41@group-D29FF858C3F0->d46e0485-2442-4c5a-ac53-f23987407338: nextIndex: updateUnconditionally 26 -> 25
2022-10-09 13:08:29,276 [grpc-default-executor-1] INFO  server.GrpcLogAppender (GrpcLogAppender.java:onCompleted(339)) - 55b9ea12-5ed0-4563-9b80-74e62ded3c41@group-D29FF858C3F0->c6dbff45-d07e-454c-8dcf-e2e002008729-AppendLogResponseHandler: follower responses appendEntries COMPLETED
2022-10-09 13:08:29,276 [grpc-default-executor-1] INFO  leader.FollowerInfo (FollowerInfoImpl.java:lambda$new$0(48)) - 55b9ea12-5ed0-4563-9b80-74e62ded3c41@group-D29FF858C3F0->c6dbff45-d07e-454c-8dcf-e2e002008729: nextIndex: updateUnconditionally 26 -> 25
2022-10-09 13:08:29,292 [ForkJoinPool.commonPool-worker-1] INFO  server.GrpcService (GrpcService.java:closeImpl(269)) - 55b9ea12-5ed0-4563-9b80-74e62ded3c41: shutdown server with port 45387 now
2022-10-09 13:08:29,292 [Listener at 127.0.0.1/33359] INFO  server.GrpcService (GrpcService.java:closeImpl(269)) - d46e0485-2442-4c5a-ac53-f23987407338: shutdown server with port 36777 now
2022-10-09 13:08:29,314 [grpc-default-executor-3] WARN  server.GrpcClientProtocolService (LogUtils.java:warn(122)) - 1-UnorderedRequestStreamObserver1: onError: org.apache.ratis.thirdparty.io.grpc.StatusRuntimeException: CANCELLED: client cancelled
2022-10-09 13:08:29,401 [ForkJoinPool.commonPool-worker-1] INFO  server.GrpcService (GrpcService.java:closeImpl(278)) - 55b9ea12-5ed0-4563-9b80-74e62ded3c41: shutdown server with port 45387 successfully
2022-10-09 13:08:29,402 [Listener at 127.0.0.1/33359] INFO  server.GrpcService (GrpcService.java:closeImpl(278)) - d46e0485-2442-4c5a-ac53-f23987407338: shutdown server with port 36777 successfully
2022-10-09 13:08:29,402 [org.apache.ratis.util.JvmPauseMonitor$$Lambda$636/1153107596@287a63c8] INFO  util.JvmPauseMonitor (JvmPauseMonitor.java:run(109)) - JvmPauseMonitor-55b9ea12-5ed0-4563-9b80-74e62ded3c41: Stopped
2022-10-09 13:08:29,402 [org.apache.ratis.util.JvmPauseMonitor$$Lambda$636/1153107596@77fc0561] INFO  util.JvmPauseMonitor (JvmPauseMonitor.java:run(109)) - JvmPauseMonitor-d46e0485-2442-4c5a-ac53-f23987407338: Stopped
2022-10-09 13:08:31,512 [Listener at 127.0.0.1/33359] INFO  utils.BackgroundService (BackgroundService.java:shutdown(141)) - Shutting down service BlockDeletingService
2022-10-09 13:08:31,532 [Listener at 127.0.0.1/33359] INFO  utils.BackgroundService (BackgroundService.java:shutdown(141)) - Shutting down service StaleRecoveringContainerScrubbingService
2022-10-09 13:08:31,592 [Over Replicated Processor] INFO  replication.OverReplicatedProcessor (OverReplicatedProcessor.java:processAll(90)) - Processed 0 over replicated containers, failed processing 0
2022-10-09 13:08:31,593 [ForkJoinPool.commonPool-worker-1] INFO  utils.BackgroundService (BackgroundService.java:shutdown(141)) - Shutting down service BlockDeletingService
2022-10-09 13:08:31,620 [ForkJoinPool.commonPool-worker-1] INFO  utils.BackgroundService (BackgroundService.java:shutdown(141)) - Shutting down service StaleRecoveringContainerScrubbingService
2022-10-09 13:08:31,680 [Under Replicated Processor] INFO  replication.UnderReplicatedProcessor (UnderReplicatedProcessor.java:processAll(92)) - Processed 0 under replicated containers, failed processing 0
2022-10-09 13:08:34,202 [c6dbff45-d07e-454c-8dcf-e2e002008729@group-D29FF858C3F0-FollowerState] INFO  impl.FollowerState (FollowerState.java:run(143)) - c6dbff45-d07e-454c-8dcf-e2e002008729@group-D29FF858C3F0-FollowerState: change to CANDIDATE, lastRpcElapsedTime:6098114262ns, electionTimeout:5022ms
2022-10-09 13:08:34,202 [c6dbff45-d07e-454c-8dcf-e2e002008729@group-D29FF858C3F0-FollowerState] INFO  impl.RoleInfo (RoleInfo.java:shutdownFollowerState(110)) - c6dbff45-d07e-454c-8dcf-e2e002008729: shutdown c6dbff45-d07e-454c-8dcf-e2e002008729@group-D29FF858C3F0-FollowerState
2022-10-09 13:08:34,202 [c6dbff45-d07e-454c-8dcf-e2e002008729@group-D29FF858C3F0-FollowerState] INFO  server.RaftServer$Division (RaftServerImpl.java:setRole(299)) - c6dbff45-d07e-454c-8dcf-e2e002008729@group-D29FF858C3F0: changes role from  FOLLOWER to CANDIDATE at term 1 for changeToCandidate
2022-10-09 13:08:34,202 [c6dbff45-d07e-454c-8dcf-e2e002008729@group-D29FF858C3F0-FollowerState] INFO  server.RaftServerConfigKeys (ConfUtils.java:logGet(46)) - raft.server.leaderelection.pre-vote = false (custom)
2022-10-09 13:08:34,202 [c6dbff45-d07e-454c-8dcf-e2e002008729@group-D29FF858C3F0-FollowerState] INFO  impl.RoleInfo (RoleInfo.java:updateAndGet(139)) - c6dbff45-d07e-454c-8dcf-e2e002008729: start c6dbff45-d07e-454c-8dcf-e2e002008729@group-D29FF858C3F0-LeaderElection49
2022-10-09 13:08:34,205 [c6dbff45-d07e-454c-8dcf-e2e002008729@group-D29FF858C3F0-LeaderElection49] INFO  server.RaftServer$Division (ServerState.java:setLeader(287)) - c6dbff45-d07e-454c-8dcf-e2e002008729@group-D29FF858C3F0: change Leader from 55b9ea12-5ed0-4563-9b80-74e62ded3c41 to null at term 1 for ELECTION
2022-10-09 13:08:34,213 [c6dbff45-d07e-454c-8dcf-e2e002008729@group-D29FF858C3F0-LeaderElection49] INFO  impl.LeaderElection (LeaderElection.java:askForVotes(310)) - c6dbff45-d07e-454c-8dcf-e2e002008729@group-D29FF858C3F0-LeaderElection49 ELECTION round 0: submit vote requests at term 2 for 0: [d46e0485-2442-4c5a-ac53-f23987407338|rpc:10.1.0.209:36777|dataStream:|priority:0, 55b9ea12-5ed0-4563-9b80-74e62ded3c41|rpc:10.1.0.209:45387|dataStream:|priority:1, c6dbff45-d07e-454c-8dcf-e2e002008729|rpc:10.1.0.209:38729|dataStream:|priority:0], old=null
2022-10-09 13:08:34,280 [c6dbff45-d07e-454c-8dcf-e2e002008729@group-D29FF858C3F0-LeaderElection49] INFO  impl.LeaderElection (LogUtils.java:infoOrTrace(137)) - c6dbff45-d07e-454c-8dcf-e2e002008729@group-D29FF858C3F0-LeaderElection49 got exception when requesting votes: java.util.concurrent.ExecutionException: org.apache.ratis.thirdparty.io.grpc.StatusRuntimeException: UNAVAILABLE: io exception
2022-10-09 13:08:34,282 [c6dbff45-d07e-454c-8dcf-e2e002008729@group-D29FF858C3F0-LeaderElection49] INFO  impl.LeaderElection (LogUtils.java:infoOrTrace(137)) - c6dbff45-d07e-454c-8dcf-e2e002008729@group-D29FF858C3F0-LeaderElection49 got exception when requesting votes: java.util.concurrent.ExecutionException: org.apache.ratis.thirdparty.io.grpc.StatusRuntimeException: UNAVAILABLE: io exception
2022-10-09 13:08:34,282 [c6dbff45-d07e-454c-8dcf-e2e002008729@group-D29FF858C3F0-LeaderElection49] INFO  impl.LeaderElection (LeaderElection.java:logAndReturn(90)) - c6dbff45-d07e-454c-8dcf-e2e002008729@group-D29FF858C3F0-LeaderElection49: ELECTION REJECTED received 0 response(s) and 2 exception(s):
2022-10-09 13:08:34,282 [c6dbff45-d07e-454c-8dcf-e2e002008729@group-D29FF858C3F0-LeaderElection49] INFO  impl.LeaderElection (LogUtils.java:infoOrTrace(137)) -   Exception 0: java.util.concurrent.ExecutionException: org.apache.ratis.thirdparty.io.grpc.StatusRuntimeException: UNAVAILABLE: io exception
2022-10-09 13:08:34,282 [c6dbff45-d07e-454c-8dcf-e2e002008729@group-D29FF858C3F0-LeaderElection49] INFO  impl.LeaderElection (LogUtils.java:infoOrTrace(137)) -   Exception 1: java.util.concurrent.ExecutionException: org.apache.ratis.thirdparty.io.grpc.StatusRuntimeException: UNAVAILABLE: io exception
2022-10-09 13:08:34,282 [c6dbff45-d07e-454c-8dcf-e2e002008729@group-D29FF858C3F0-LeaderElection49] INFO  impl.LeaderElection (LeaderElection.java:askForVotes(312)) - c6dbff45-d07e-454c-8dcf-e2e002008729@group-D29FF858C3F0-LeaderElection49 ELECTION round 0: result REJECTED
2022-10-09 13:08:34,282 [c6dbff45-d07e-454c-8dcf-e2e002008729@group-D29FF858C3F0-LeaderElection49] INFO  server.RaftServer$Division (RaftServerImpl.java:setRole(299)) - c6dbff45-d07e-454c-8dcf-e2e002008729@group-D29FF858C3F0: changes role from CANDIDATE to FOLLOWER at term 2 for REJECTED
2022-10-09 13:08:34,282 [c6dbff45-d07e-454c-8dcf-e2e002008729@group-D29FF858C3F0-LeaderElection49] INFO  impl.RoleInfo (RoleInfo.java:shutdownLeaderElection(130)) - c6dbff45-d07e-454c-8dcf-e2e002008729: shutdown c6dbff45-d07e-454c-8dcf-e2e002008729@group-D29FF858C3F0-LeaderElection49
2022-10-09 13:08:34,282 [c6dbff45-d07e-454c-8dcf-e2e002008729@group-D29FF858C3F0-LeaderElection49] INFO  impl.RoleInfo (RoleInfo.java:updateAndGet(139)) - c6dbff45-d07e-454c-8dcf-e2e002008729: start c6dbff45-d07e-454c-8dcf-e2e002008729@group-D29FF858C3F0-FollowerState
2022-10-09 13:08:34,620 [Listener at 127.0.0.1/33359] INFO  statemachine.DatanodeStateMachine (DatanodeStateMachine.java:stopDaemon(580)) - Ozone container server stopped.
2022-10-09 13:08:34,631 [Listener at 127.0.0.1/33359] INFO  handler.ContextHandler (ContextHandler.java:doStop(1153)) - Stopped o.e.j.w.WebAppContext@34e0883b{hddsDatanode,/,null,STOPPED}{jar:file:/home/runner/.m2/repository/org/apache/ozone/hdds-container-service/1.3.0-SNAPSHOT/hdds-container-service-1.3.0-SNAPSHOT.jar!/webapps/hddsDatanode}
2022-10-09 13:08:34,640 [Listener at 127.0.0.1/33359] INFO  server.AbstractConnector (AbstractConnector.java:doStop(381)) - Stopped ServerConnector@788bc15b{HTTP/1.1, (http/1.1)}{0.0.0.0:0}
2022-10-09 13:08:34,640 [Listener at 127.0.0.1/33359] INFO  server.session (HouseKeeper.java:stopScavenging(149)) - node0 Stopped scavenging
2022-10-09 13:08:34,641 [Listener at 127.0.0.1/33359] INFO  handler.ContextHandler (ContextHandler.java:doStop(1153)) - Stopped o.e.j.s.ServletContextHandler@5a4d9c49{static,/static,jar:file:/home/runner/.m2/repository/org/apache/ozone/hdds-container-service/1.3.0-SNAPSHOT/hdds-container-service-1.3.0-SNAPSHOT.jar!/webapps/static,STOPPED}
2022-10-09 13:08:34,641 [Listener at 127.0.0.1/33359] INFO  handler.ContextHandler (ContextHandler.java:doStop(1153)) - Stopped o.e.j.s.ServletContextHandler@68a8ac8e{logs,/logs,file:///home/runner/work/ozone/ozone/hadoop-ozone/integration-test/target/log,STOPPED}
2022-10-09 13:08:34,633 [ForkJoinPool.commonPool-worker-1] INFO  statemachine.DatanodeStateMachine (DatanodeStateMachine.java:stopDaemon(580)) - Ozone container server stopped.
2022-10-09 13:08:34,700 [ForkJoinPool.commonPool-worker-1] INFO  handler.ContextHandler (ContextHandler.java:doStop(1153)) - Stopped o.e.j.w.WebAppContext@3075bb12{hddsDatanode,/,null,STOPPED}{jar:file:/home/runner/.m2/repository/org/apache/ozone/hdds-container-service/1.3.0-SNAPSHOT/hdds-container-service-1.3.0-SNAPSHOT.jar!/webapps/hddsDatanode}
2022-10-09 13:08:34,701 [ForkJoinPool.commonPool-worker-1] INFO  server.AbstractConnector (AbstractConnector.java:doStop(381)) - Stopped ServerConnector@353a42ba{HTTP/1.1, (http/1.1)}{0.0.0.0:0}
2022-10-09 13:08:34,701 [ForkJoinPool.commonPool-worker-1] INFO  server.session (HouseKeeper.java:stopScavenging(149)) - node0 Stopped scavenging
2022-10-09 13:08:34,703 [ForkJoinPool.commonPool-worker-1] INFO  handler.ContextHandler (ContextHandler.java:doStop(1153)) - Stopped o.e.j.s.ServletContextHandler@78bf141d{static,/static,jar:file:/home/runner/.m2/repository/org/apache/ozone/hdds-container-service/1.3.0-SNAPSHOT/hdds-container-service-1.3.0-SNAPSHOT.jar!/webapps/static,STOPPED}
2022-10-09 13:08:34,708 [ForkJoinPool.commonPool-worker-1] INFO  handler.ContextHandler (ContextHandler.java:doStop(1153)) - Stopped o.e.j.s.ServletContextHandler@5df7f150{logs,/logs,file:///home/runner/work/ozone/ozone/hadoop-ozone/integration-test/target/log,STOPPED}
2022-10-09 13:08:38,803 [c6dbff45-d07e-454c-8dcf-e2e002008729@group-4461322E6C07-FollowerState] INFO  impl.FollowerState (FollowerState.java:run(143)) - c6dbff45-d07e-454c-8dcf-e2e002008729@group-4461322E6C07-FollowerState: change to CANDIDATE, lastRpcElapsedTime:9748826349ns, electionTimeout:5101ms
2022-10-09 13:08:38,803 [c6dbff45-d07e-454c-8dcf-e2e002008729@group-4461322E6C07-FollowerState] INFO  impl.RoleInfo (RoleInfo.java:shutdownFollowerState(110)) - c6dbff45-d07e-454c-8dcf-e2e002008729: shutdown c6dbff45-d07e-454c-8dcf-e2e002008729@group-4461322E6C07-FollowerState
2022-10-09 13:08:38,803 [c6dbff45-d07e-454c-8dcf-e2e002008729@group-4461322E6C07-FollowerState] INFO  server.RaftServer$Division (RaftServerImpl.java:setRole(299)) - c6dbff45-d07e-454c-8dcf-e2e002008729@group-4461322E6C07: changes role from  FOLLOWER to CANDIDATE at term 3 for changeToCandidate
2022-10-09 13:08:38,804 [c6dbff45-d07e-454c-8dcf-e2e002008729@group-4461322E6C07-FollowerState] INFO  server.RaftServerConfigKeys (ConfUtils.java:logGet(46)) - raft.server.leaderelection.pre-vote = false (custom)
2022-10-09 13:08:38,804 [c6dbff45-d07e-454c-8dcf-e2e002008729@group-4461322E6C07-FollowerState] INFO  impl.RoleInfo (RoleInfo.java:updateAndGet(139)) - c6dbff45-d07e-454c-8dcf-e2e002008729: start c6dbff45-d07e-454c-8dcf-e2e002008729@group-4461322E6C07-LeaderElection50
2022-10-09 13:08:38,828 [c6dbff45-d07e-454c-8dcf-e2e002008729@group-4461322E6C07-LeaderElection50] INFO  server.RaftServer$Division (ServerState.java:setLeader(287)) - c6dbff45-d07e-454c-8dcf-e2e002008729@group-4461322E6C07: change Leader from d46e0485-2442-4c5a-ac53-f23987407338 to null at term 3 for ELECTION
2022-10-09 13:08:38,835 [c6dbff45-d07e-454c-8dcf-e2e002008729@group-4461322E6C07-LeaderElection50] INFO  impl.LeaderElection (LeaderElection.java:askForVotes(310)) - c6dbff45-d07e-454c-8dcf-e2e002008729@group-4461322E6C07-LeaderElection50 ELECTION round 0: submit vote requests at term 4 for 0: [d46e0485-2442-4c5a-ac53-f23987407338|rpc:10.1.0.209:36777|dataStream:|priority:1, 55b9ea12-5ed0-4563-9b80-74e62ded3c41|rpc:10.1.0.209:45387|dataStream:|priority:0, c6dbff45-d07e-454c-8dcf-e2e002008729|rpc:10.1.0.209:38729|dataStream:|priority:0], old=null
2022-10-09 13:08:38,836 [c6dbff45-d07e-454c-8dcf-e2e002008729@group-4461322E6C07-LeaderElection50] INFO  impl.LeaderElection (LogUtils.java:infoOrTrace(137)) - c6dbff45-d07e-454c-8dcf-e2e002008729@group-4461322E6C07-LeaderElection50 got exception when requesting votes: java.util.concurrent.ExecutionException: org.apache.ratis.thirdparty.io.grpc.StatusRuntimeException: UNAVAILABLE: io exception
2022-10-09 13:08:38,837 [c6dbff45-d07e-454c-8dcf-e2e002008729@group-4461322E6C07-LeaderElection50] INFO  impl.LeaderElection (LogUtils.java:infoOrTrace(137)) - c6dbff45-d07e-454c-8dcf-e2e002008729@group-4461322E6C07-LeaderElection50 got exception when requesting votes: java.util.concurrent.ExecutionException: org.apache.ratis.thirdparty.io.grpc.StatusRuntimeException: UNAVAILABLE: io exception
2022-10-09 13:08:38,837 [c6dbff45-d07e-454c-8dcf-e2e002008729@group-4461322E6C07-LeaderElection50] INFO  impl.LeaderElection (LeaderElection.java:logAndReturn(90)) - c6dbff45-d07e-454c-8dcf-e2e002008729@group-4461322E6C07-LeaderElection50: ELECTION REJECTED received 0 response(s) and 2 exception(s):
2022-10-09 13:08:38,837 [c6dbff45-d07e-454c-8dcf-e2e002008729@group-4461322E6C07-LeaderElection50] INFO  impl.LeaderElection (LogUtils.java:infoOrTrace(137)) -   Exception 0: java.util.concurrent.ExecutionException: org.apache.ratis.thirdparty.io.grpc.StatusRuntimeException: UNAVAILABLE: io exception
2022-10-09 13:08:38,837 [c6dbff45-d07e-454c-8dcf-e2e002008729@group-4461322E6C07-LeaderElection50] INFO  impl.LeaderElection (LogUtils.java:infoOrTrace(137)) -   Exception 1: java.util.concurrent.ExecutionException: org.apache.ratis.thirdparty.io.grpc.StatusRuntimeException: UNAVAILABLE: io exception
2022-10-09 13:08:38,837 [c6dbff45-d07e-454c-8dcf-e2e002008729@group-4461322E6C07-LeaderElection50] INFO  impl.LeaderElection (LeaderElection.java:askForVotes(312)) - c6dbff45-d07e-454c-8dcf-e2e002008729@group-4461322E6C07-LeaderElection50 ELECTION round 0: result REJECTED
2022-10-09 13:08:38,837 [c6dbff45-d07e-454c-8dcf-e2e002008729@group-4461322E6C07-LeaderElection50] INFO  server.RaftServer$Division (RaftServerImpl.java:setRole(299)) - c6dbff45-d07e-454c-8dcf-e2e002008729@group-4461322E6C07: changes role from CANDIDATE to FOLLOWER at term 4 for REJECTED
2022-10-09 13:08:38,837 [c6dbff45-d07e-454c-8dcf-e2e002008729@group-4461322E6C07-LeaderElection50] INFO  impl.RoleInfo (RoleInfo.java:shutdownLeaderElection(130)) - c6dbff45-d07e-454c-8dcf-e2e002008729: shutdown c6dbff45-d07e-454c-8dcf-e2e002008729@group-4461322E6C07-LeaderElection50
2022-10-09 13:08:38,837 [c6dbff45-d07e-454c-8dcf-e2e002008729@group-4461322E6C07-LeaderElection50] INFO  impl.RoleInfo (RoleInfo.java:updateAndGet(139)) - c6dbff45-d07e-454c-8dcf-e2e002008729: start c6dbff45-d07e-454c-8dcf-e2e002008729@group-4461322E6C07-FollowerState
2022-10-09 13:08:39,311 [c6dbff45-d07e-454c-8dcf-e2e002008729@group-D29FF858C3F0-FollowerState] INFO  impl.FollowerState (FollowerState.java:run(143)) - c6dbff45-d07e-454c-8dcf-e2e002008729@group-D29FF858C3F0-FollowerState: change to CANDIDATE, lastRpcElapsedTime:5029174281ns, electionTimeout:5010ms
2022-10-09 13:08:39,311 [c6dbff45-d07e-454c-8dcf-e2e002008729@group-D29FF858C3F0-FollowerState] INFO  impl.RoleInfo (RoleInfo.java:shutdownFollowerState(110)) - c6dbff45-d07e-454c-8dcf-e2e002008729: shutdown c6dbff45-d07e-454c-8dcf-e2e002008729@group-D29FF858C3F0-FollowerState
2022-10-09 13:08:39,311 [c6dbff45-d07e-454c-8dcf-e2e002008729@group-D29FF858C3F0-FollowerState] INFO  server.RaftServer$Division (RaftServerImpl.java:setRole(299)) - c6dbff45-d07e-454c-8dcf-e2e002008729@group-D29FF858C3F0: changes role from  FOLLOWER to CANDIDATE at term 2 for changeToCandidate
2022-10-09 13:08:39,311 [c6dbff45-d07e-454c-8dcf-e2e002008729@group-D29FF858C3F0-FollowerState] INFO  server.RaftServerConfigKeys (ConfUtils.java:logGet(46)) - raft.server.leaderelection.pre-vote = false (custom)
2022-10-09 13:08:39,311 [c6dbff45-d07e-454c-8dcf-e2e002008729@group-D29FF858C3F0-FollowerState] INFO  impl.RoleInfo (RoleInfo.java:updateAndGet(139)) - c6dbff45-d07e-454c-8dcf-e2e002008729: start c6dbff45-d07e-454c-8dcf-e2e002008729@group-D29FF858C3F0-LeaderElection51
2022-10-09 13:08:39,352 [c6dbff45-d07e-454c-8dcf-e2e002008729@group-D29FF858C3F0-LeaderElection51] INFO  impl.LeaderElection (LeaderElection.java:askForVotes(310)) - c6dbff45-d07e-454c-8dcf-e2e002008729@group-D29FF858C3F0-LeaderElection51 ELECTION round 0: submit vote requests at term 3 for 0: [d46e0485-2442-4c5a-ac53-f23987407338|rpc:10.1.0.209:36777|dataStream:|priority:0, 55b9ea12-5ed0-4563-9b80-74e62ded3c41|rpc:10.1.0.209:45387|dataStream:|priority:1, c6dbff45-d07e-454c-8dcf-e2e002008729|rpc:10.1.0.209:38729|dataStream:|priority:0], old=null
2022-10-09 13:08:39,375 [c6dbff45-d07e-454c-8dcf-e2e002008729@group-D29FF858C3F0-LeaderElection51] INFO  impl.LeaderElection (LogUtils.java:infoOrTrace(137)) - c6dbff45-d07e-454c-8dcf-e2e002008729@group-D29FF858C3F0-LeaderElection51 got exception when requesting votes: java.util.concurrent.ExecutionException: org.apache.ratis.thirdparty.io.grpc.StatusRuntimeException: UNAVAILABLE: io exception
2022-10-09 13:08:39,375 [c6dbff45-d07e-454c-8dcf-e2e002008729@group-D29FF858C3F0-LeaderElection51] INFO  impl.LeaderElection (LogUtils.java:infoOrTrace(137)) - c6dbff45-d07e-454c-8dcf-e2e002008729@group-D29FF858C3F0-LeaderElection51 got exception when requesting votes: java.util.concurrent.ExecutionException: org.apache.ratis.thirdparty.io.grpc.StatusRuntimeException: UNAVAILABLE: io exception
2022-10-09 13:08:39,375 [c6dbff45-d07e-454c-8dcf-e2e002008729@group-D29FF858C3F0-LeaderElection51] INFO  impl.LeaderElection (LeaderElection.java:logAndReturn(90)) - c6dbff45-d07e-454c-8dcf-e2e002008729@group-D29FF858C3F0-LeaderElection51: ELECTION REJECTED received 0 response(s) and 2 exception(s):
2022-10-09 13:08:39,375 [c6dbff45-d07e-454c-8dcf-e2e002008729@group-D29FF858C3F0-LeaderElection51] INFO  impl.LeaderElection (LogUtils.java:infoOrTrace(137)) -   Exception 0: java.util.concurrent.ExecutionException: org.apache.ratis.thirdparty.io.grpc.StatusRuntimeException: UNAVAILABLE: io exception
2022-10-09 13:08:39,375 [c6dbff45-d07e-454c-8dcf-e2e002008729@group-D29FF858C3F0-LeaderElection51] INFO  impl.LeaderElection (LogUtils.java:infoOrTrace(137)) -   Exception 1: java.util.concurrent.ExecutionException: org.apache.ratis.thirdparty.io.grpc.StatusRuntimeException: UNAVAILABLE: io exception
2022-10-09 13:08:39,375 [c6dbff45-d07e-454c-8dcf-e2e002008729@group-D29FF858C3F0-LeaderElection51] INFO  impl.LeaderElection (LeaderElection.java:askForVotes(312)) - c6dbff45-d07e-454c-8dcf-e2e002008729@group-D29FF858C3F0-LeaderElection51 ELECTION round 0: result REJECTED
2022-10-09 13:08:39,375 [c6dbff45-d07e-454c-8dcf-e2e002008729@group-D29FF858C3F0-LeaderElection51] INFO  server.RaftServer$Division (RaftServerImpl.java:setRole(299)) - c6dbff45-d07e-454c-8dcf-e2e002008729@group-D29FF858C3F0: changes role from CANDIDATE to FOLLOWER at term 3 for REJECTED
2022-10-09 13:08:39,375 [c6dbff45-d07e-454c-8dcf-e2e002008729@group-D29FF858C3F0-LeaderElection51] INFO  impl.RoleInfo (RoleInfo.java:shutdownLeaderElection(130)) - c6dbff45-d07e-454c-8dcf-e2e002008729: shutdown c6dbff45-d07e-454c-8dcf-e2e002008729@group-D29FF858C3F0-LeaderElection51
2022-10-09 13:08:39,375 [c6dbff45-d07e-454c-8dcf-e2e002008729@group-D29FF858C3F0-LeaderElection51] INFO  impl.RoleInfo (RoleInfo.java:updateAndGet(139)) - c6dbff45-d07e-454c-8dcf-e2e002008729: start c6dbff45-d07e-454c-8dcf-e2e002008729@group-D29FF858C3F0-FollowerState
2022-10-09 13:08:39,673 [Listener at 127.0.0.1/33359] INFO  ozoneimpl.OzoneContainer (OzoneContainer.java:stop(400)) - Attempting to stop container services.
2022-10-09 13:08:39,674 [Listener at 127.0.0.1/33359] INFO  server.RaftServer (RaftServerProxy.java:lambda$close$7(398)) - 09a05a6c-198f-4b32-89f8-427c1b35cd63: close
2022-10-09 13:08:39,675 [Listener at 127.0.0.1/33359] INFO  server.RaftServer$Division (RaftServerImpl.java:lambda$close$4(434)) - 09a05a6c-198f-4b32-89f8-427c1b35cd63@group-64643C4B3655: shutdown
2022-10-09 13:08:39,675 [Listener at 127.0.0.1/33359] INFO  util.JmxRegister (JmxRegister.java:unregister(73)) - Successfully un-registered JMX Bean with object name Ratis:service=RaftServer,group=group-64643C4B3655,id=09a05a6c-198f-4b32-89f8-427c1b35cd63
2022-10-09 13:08:39,675 [Listener at 127.0.0.1/33359] INFO  impl.RoleInfo (RoleInfo.java:shutdownLeaderState(93)) - 09a05a6c-198f-4b32-89f8-427c1b35cd63: shutdown 09a05a6c-198f-4b32-89f8-427c1b35cd63@group-64643C4B3655-LeaderStateImpl
2022-10-09 13:08:39,675 [Listener at 127.0.0.1/33359] INFO  impl.PendingRequests (PendingRequests.java:sendNotLeaderResponses(282)) - 09a05a6c-198f-4b32-89f8-427c1b35cd63@group-64643C4B3655-PendingRequests: sendNotLeaderResponses
2022-10-09 13:08:39,677 [09a05a6c-198f-4b32-89f8-427c1b35cd63@group-64643C4B3655-StateMachineUpdater] INFO  ratis.ContainerStateMachine (ContainerStateMachine.java:takeSnapshot(304)) - group-64643C4B3655: Taking a snapshot at:(t:1, i:0) file /home/runner/work/ozone/ozone/hadoop-ozone/integration-test/target/test-dir/MiniOzoneClusterImpl-9128138f-083a-4137-a9cb-d58212e00964/datanode-4/data/ratis/f4b92fbb-2388-4d1b-9460-64643c4b3655/sm/snapshot.1_0
2022-10-09 13:08:39,677 [Listener at 127.0.0.1/33359] INFO  impl.StateMachineUpdater (StateMachineUpdater.java:stopAndJoin(153)) - 09a05a6c-198f-4b32-89f8-427c1b35cd63@group-64643C4B3655-StateMachineUpdater: set stopIndex = 0
2022-10-09 13:08:39,680 [09a05a6c-198f-4b32-89f8-427c1b35cd63@group-64643C4B3655-StateMachineUpdater] INFO  ratis.ContainerStateMachine (ContainerStateMachine.java:takeSnapshot(315)) - group-64643C4B3655: Finished taking a snapshot at:(t:1, i:0) file:/home/runner/work/ozone/ozone/hadoop-ozone/integration-test/target/test-dir/MiniOzoneClusterImpl-9128138f-083a-4137-a9cb-d58212e00964/datanode-4/data/ratis/f4b92fbb-2388-4d1b-9460-64643c4b3655/sm/snapshot.1_0 took: 3 ms
2022-10-09 13:08:39,680 [09a05a6c-198f-4b32-89f8-427c1b35cd63@group-64643C4B3655-StateMachineUpdater] INFO  impl.StateMachineUpdater (StateMachineUpdater.java:takeSnapshot(287)) - 09a05a6c-198f-4b32-89f8-427c1b35cd63@group-64643C4B3655-StateMachineUpdater: Took a snapshot at index 0
2022-10-09 13:08:39,680 [09a05a6c-198f-4b32-89f8-427c1b35cd63@group-64643C4B3655-StateMachineUpdater] INFO  impl.StateMachineUpdater (StateMachineUpdater.java:lambda$new$0(92)) - 09a05a6c-198f-4b32-89f8-427c1b35cd63@group-64643C4B3655-StateMachineUpdater: snapshotIndex: updateIncreasingly -1 -> 0
2022-10-09 13:08:39,699 [Listener at 127.0.0.1/33359] INFO  server.RaftServer$Division (ServerState.java:close(429)) - 09a05a6c-198f-4b32-89f8-427c1b35cd63@group-64643C4B3655: closes. applyIndex: 0
2022-10-09 13:08:39,700 [09a05a6c-198f-4b32-89f8-427c1b35cd63@group-64643C4B3655-SegmentedRaftLogWorker] INFO  segmented.SegmentedRaftLogWorker (SegmentedRaftLogWorker.java:run(336)) - 09a05a6c-198f-4b32-89f8-427c1b35cd63@group-64643C4B3655-SegmentedRaftLogWorker was interrupted, exiting. There are 0 tasks remaining in the queue.
2022-10-09 13:08:39,700 [Listener at 127.0.0.1/33359] INFO  segmented.SegmentedRaftLogWorker (SegmentedRaftLogWorker.java:close(246)) - 09a05a6c-198f-4b32-89f8-427c1b35cd63@group-64643C4B3655-SegmentedRaftLogWorker close()
2022-10-09 13:08:39,701 [Listener at 127.0.0.1/33359] INFO  server.GrpcService (GrpcService.java:closeImpl(269)) - 09a05a6c-198f-4b32-89f8-427c1b35cd63: shutdown server with port 45145 now
2022-10-09 13:08:39,702 [Listener at 127.0.0.1/33359] INFO  server.GrpcService (GrpcService.java:closeImpl(278)) - 09a05a6c-198f-4b32-89f8-427c1b35cd63: shutdown server with port 45145 successfully
2022-10-09 13:08:39,702 [org.apache.ratis.util.JvmPauseMonitor$$Lambda$636/1153107596@2b27e667] INFO  util.JvmPauseMonitor (JvmPauseMonitor.java:run(109)) - JvmPauseMonitor-09a05a6c-198f-4b32-89f8-427c1b35cd63: Stopped
2022-10-09 13:08:39,716 [ForkJoinPool.commonPool-worker-1] INFO  ozoneimpl.OzoneContainer (OzoneContainer.java:stop(400)) - Attempting to stop container services.
2022-10-09 13:08:39,717 [ForkJoinPool.commonPool-worker-1] INFO  server.RaftServer (RaftServerProxy.java:lambda$close$7(398)) - c6dbff45-d07e-454c-8dcf-e2e002008729: close
2022-10-09 13:08:39,717 [ForkJoinPool.commonPool-worker-1] INFO  server.RaftServer$Division (RaftServerImpl.java:lambda$close$4(434)) - c6dbff45-d07e-454c-8dcf-e2e002008729@group-4461322E6C07: shutdown
2022-10-09 13:08:39,717 [ForkJoinPool.commonPool-worker-1] INFO  util.JmxRegister (JmxRegister.java:unregister(73)) - Successfully un-registered JMX Bean with object name Ratis:service=RaftServer,group=group-4461322E6C07,id=c6dbff45-d07e-454c-8dcf-e2e002008729
2022-10-09 13:08:39,717 [ForkJoinPool.commonPool-worker-1] INFO  impl.RoleInfo (RoleInfo.java:shutdownFollowerState(110)) - c6dbff45-d07e-454c-8dcf-e2e002008729: shutdown c6dbff45-d07e-454c-8dcf-e2e002008729@group-4461322E6C07-FollowerState
2022-10-09 13:08:39,717 [ForkJoinPool.commonPool-worker-1] INFO  impl.StateMachineUpdater (StateMachineUpdater.java:stopAndJoin(153)) - c6dbff45-d07e-454c-8dcf-e2e002008729@group-4461322E6C07-StateMachineUpdater: set stopIndex = 4
2022-10-09 13:08:39,717 [c6dbff45-d07e-454c-8dcf-e2e002008729@group-4461322E6C07-FollowerState] INFO  impl.FollowerState (FollowerState.java:run(152)) - c6dbff45-d07e-454c-8dcf-e2e002008729@group-4461322E6C07-FollowerState was interrupted
2022-10-09 13:08:39,736 [c6dbff45-d07e-454c-8dcf-e2e002008729@group-4461322E6C07-StateMachineUpdater] INFO  ratis.ContainerStateMachine (ContainerStateMachine.java:takeSnapshot(304)) - group-4461322E6C07: Taking a snapshot at:(t:3, i:4) file /home/runner/work/ozone/ozone/hadoop-ozone/integration-test/target/test-dir/MiniOzoneClusterImpl-9128138f-083a-4137-a9cb-d58212e00964/datanode-0/data/ratis/f6e5e969-f68d-49c5-977a-4461322e6c07/sm/snapshot.3_4
2022-10-09 13:08:39,737 [c6dbff45-d07e-454c-8dcf-e2e002008729@group-4461322E6C07-StateMachineUpdater] INFO  ratis.ContainerStateMachine (ContainerStateMachine.java:takeSnapshot(315)) - group-4461322E6C07: Finished taking a snapshot at:(t:3, i:4) file:/home/runner/work/ozone/ozone/hadoop-ozone/integration-test/target/test-dir/MiniOzoneClusterImpl-9128138f-083a-4137-a9cb-d58212e00964/datanode-0/data/ratis/f6e5e969-f68d-49c5-977a-4461322e6c07/sm/snapshot.3_4 took: 1 ms
2022-10-09 13:08:39,737 [c6dbff45-d07e-454c-8dcf-e2e002008729@group-4461322E6C07-StateMachineUpdater] INFO  impl.StateMachineUpdater (StateMachineUpdater.java:takeSnapshot(287)) - c6dbff45-d07e-454c-8dcf-e2e002008729@group-4461322E6C07-StateMachineUpdater: Took a snapshot at index 4
2022-10-09 13:08:39,737 [c6dbff45-d07e-454c-8dcf-e2e002008729@group-4461322E6C07-StateMachineUpdater] INFO  impl.StateMachineUpdater (StateMachineUpdater.java:lambda$new$0(92)) - c6dbff45-d07e-454c-8dcf-e2e002008729@group-4461322E6C07-StateMachineUpdater: snapshotIndex: updateIncreasingly -1 -> 4
2022-10-09 13:08:39,737 [ForkJoinPool.commonPool-worker-1] INFO  server.RaftServer$Division (ServerState.java:close(429)) - c6dbff45-d07e-454c-8dcf-e2e002008729@group-4461322E6C07: closes. applyIndex: 4
2022-10-09 13:08:39,738 [c6dbff45-d07e-454c-8dcf-e2e002008729@group-4461322E6C07-SegmentedRaftLogWorker] INFO  segmented.SegmentedRaftLogWorker (SegmentedRaftLogWorker.java:run(336)) - c6dbff45-d07e-454c-8dcf-e2e002008729@group-4461322E6C07-SegmentedRaftLogWorker was interrupted, exiting. There are 0 tasks remaining in the queue.
2022-10-09 13:08:39,738 [ForkJoinPool.commonPool-worker-1] INFO  segmented.SegmentedRaftLogWorker (SegmentedRaftLogWorker.java:close(246)) - c6dbff45-d07e-454c-8dcf-e2e002008729@group-4461322E6C07-SegmentedRaftLogWorker close()
2022-10-09 13:08:39,739 [ForkJoinPool.commonPool-worker-1] INFO  server.RaftServer$Division (RaftServerImpl.java:lambda$close$4(434)) - c6dbff45-d07e-454c-8dcf-e2e002008729@group-D29FF858C3F0: shutdown
2022-10-09 13:08:39,739 [ForkJoinPool.commonPool-worker-1] INFO  util.JmxRegister (JmxRegister.java:unregister(73)) - Successfully un-registered JMX Bean with object name Ratis:service=RaftServer,group=group-D29FF858C3F0,id=c6dbff45-d07e-454c-8dcf-e2e002008729
2022-10-09 13:08:39,739 [ForkJoinPool.commonPool-worker-1] INFO  impl.RoleInfo (RoleInfo.java:shutdownFollowerState(110)) - c6dbff45-d07e-454c-8dcf-e2e002008729: shutdown c6dbff45-d07e-454c-8dcf-e2e002008729@group-D29FF858C3F0-FollowerState
2022-10-09 13:08:39,739 [ForkJoinPool.commonPool-worker-1] INFO  impl.StateMachineUpdater (StateMachineUpdater.java:stopAndJoin(153)) - c6dbff45-d07e-454c-8dcf-e2e002008729@group-D29FF858C3F0-StateMachineUpdater: set stopIndex = 25
2022-10-09 13:08:39,739 [c6dbff45-d07e-454c-8dcf-e2e002008729@group-D29FF858C3F0-FollowerState] INFO  impl.FollowerState (FollowerState.java:run(152)) - c6dbff45-d07e-454c-8dcf-e2e002008729@group-D29FF858C3F0-FollowerState was interrupted
2022-10-09 13:08:39,759 [c6dbff45-d07e-454c-8dcf-e2e002008729@group-D29FF858C3F0-StateMachineUpdater] INFO  ratis.ContainerStateMachine (ContainerStateMachine.java:takeSnapshot(304)) - group-D29FF858C3F0: Taking a snapshot at:(t:1, i:25) file /home/runner/work/ozone/ozone/hadoop-ozone/integration-test/target/test-dir/MiniOzoneClusterImpl-9128138f-083a-4137-a9cb-d58212e00964/datanode-0/data/ratis/d2aa0f9e-e83d-43ce-a4d6-d29ff858c3f0/sm/snapshot.1_25
2022-10-09 13:08:39,760 [c6dbff45-d07e-454c-8dcf-e2e002008729@group-D29FF858C3F0-StateMachineUpdater] INFO  ratis.ContainerStateMachine (ContainerStateMachine.java:takeSnapshot(315)) - group-D29FF858C3F0: Finished taking a snapshot at:(t:1, i:25) file:/home/runner/work/ozone/ozone/hadoop-ozone/integration-test/target/test-dir/MiniOzoneClusterImpl-9128138f-083a-4137-a9cb-d58212e00964/datanode-0/data/ratis/d2aa0f9e-e83d-43ce-a4d6-d29ff858c3f0/sm/snapshot.1_25 took: 1 ms
2022-10-09 13:08:39,760 [c6dbff45-d07e-454c-8dcf-e2e002008729@group-D29FF858C3F0-StateMachineUpdater] INFO  impl.StateMachineUpdater (StateMachineUpdater.java:takeSnapshot(287)) - c6dbff45-d07e-454c-8dcf-e2e002008729@group-D29FF858C3F0-StateMachineUpdater: Took a snapshot at index 25
2022-10-09 13:08:39,760 [c6dbff45-d07e-454c-8dcf-e2e002008729@group-D29FF858C3F0-StateMachineUpdater] INFO  impl.StateMachineUpdater (StateMachineUpdater.java:lambda$new$0(92)) - c6dbff45-d07e-454c-8dcf-e2e002008729@group-D29FF858C3F0-StateMachineUpdater: snapshotIndex: updateIncreasingly -1 -> 25
2022-10-09 13:08:39,764 [ForkJoinPool.commonPool-worker-1] INFO  server.RaftServer$Division (ServerState.java:close(429)) - c6dbff45-d07e-454c-8dcf-e2e002008729@group-D29FF858C3F0: closes. applyIndex: 25
2022-10-09 13:08:39,784 [c6dbff45-d07e-454c-8dcf-e2e002008729@group-D29FF858C3F0-SegmentedRaftLogWorker] INFO  segmented.SegmentedRaftLogWorker (SegmentedRaftLogWorker.java:run(336)) - c6dbff45-d07e-454c-8dcf-e2e002008729@group-D29FF858C3F0-SegmentedRaftLogWorker was interrupted, exiting. There are 0 tasks remaining in the queue.
2022-10-09 13:08:39,786 [ForkJoinPool.commonPool-worker-1] INFO  segmented.SegmentedRaftLogWorker (SegmentedRaftLogWorker.java:close(246)) - c6dbff45-d07e-454c-8dcf-e2e002008729@group-D29FF858C3F0-SegmentedRaftLogWorker close()
2022-10-09 13:08:39,791 [ForkJoinPool.commonPool-worker-1] INFO  server.RaftServer$Division (RaftServerImpl.java:lambda$close$4(434)) - c6dbff45-d07e-454c-8dcf-e2e002008729@group-158863FA72FF: shutdown
2022-10-09 13:08:39,791 [ForkJoinPool.commonPool-worker-1] INFO  util.JmxRegister (JmxRegister.java:unregister(73)) - Successfully un-registered JMX Bean with object name Ratis:service=RaftServer,group=group-158863FA72FF,id=c6dbff45-d07e-454c-8dcf-e2e002008729
2022-10-09 13:08:39,791 [ForkJoinPool.commonPool-worker-1] INFO  impl.RoleInfo (RoleInfo.java:shutdownLeaderState(93)) - c6dbff45-d07e-454c-8dcf-e2e002008729: shutdown c6dbff45-d07e-454c-8dcf-e2e002008729@group-158863FA72FF-LeaderStateImpl
2022-10-09 13:08:39,791 [ForkJoinPool.commonPool-worker-1] INFO  impl.PendingRequests (PendingRequests.java:sendNotLeaderResponses(282)) - c6dbff45-d07e-454c-8dcf-e2e002008729@group-158863FA72FF-PendingRequests: sendNotLeaderResponses
2022-10-09 13:08:39,791 [ForkJoinPool.commonPool-worker-1] INFO  impl.StateMachineUpdater (StateMachineUpdater.java:stopAndJoin(153)) - c6dbff45-d07e-454c-8dcf-e2e002008729@group-158863FA72FF-StateMachineUpdater: set stopIndex = 0
2022-10-09 13:08:39,792 [c6dbff45-d07e-454c-8dcf-e2e002008729@group-158863FA72FF-StateMachineUpdater] INFO  ratis.ContainerStateMachine (ContainerStateMachine.java:takeSnapshot(304)) - group-158863FA72FF: Taking a snapshot at:(t:1, i:0) file /home/runner/work/ozone/ozone/hadoop-ozone/integration-test/target/test-dir/MiniOzoneClusterImpl-9128138f-083a-4137-a9cb-d58212e00964/datanode-0/data/ratis/023ee109-e334-4f66-9b72-158863fa72ff/sm/snapshot.1_0
2022-10-09 13:08:39,794 [c6dbff45-d07e-454c-8dcf-e2e002008729@group-158863FA72FF-StateMachineUpdater] INFO  ratis.ContainerStateMachine (ContainerStateMachine.java:takeSnapshot(315)) - group-158863FA72FF: Finished taking a snapshot at:(t:1, i:0) file:/home/runner/work/ozone/ozone/hadoop-ozone/integration-test/target/test-dir/MiniOzoneClusterImpl-9128138f-083a-4137-a9cb-d58212e00964/datanode-0/data/ratis/023ee109-e334-4f66-9b72-158863fa72ff/sm/snapshot.1_0 took: 3 ms
2022-10-09 13:08:39,795 [c6dbff45-d07e-454c-8dcf-e2e002008729@group-158863FA72FF-StateMachineUpdater] INFO  impl.StateMachineUpdater (StateMachineUpdater.java:takeSnapshot(287)) - c6dbff45-d07e-454c-8dcf-e2e002008729@group-158863FA72FF-StateMachineUpdater: Took a snapshot at index 0
2022-10-09 13:08:39,795 [c6dbff45-d07e-454c-8dcf-e2e002008729@group-158863FA72FF-StateMachineUpdater] INFO  impl.StateMachineUpdater (StateMachineUpdater.java:lambda$new$0(92)) - c6dbff45-d07e-454c-8dcf-e2e002008729@group-158863FA72FF-StateMachineUpdater: snapshotIndex: updateIncreasingly -1 -> 0
2022-10-09 13:08:39,795 [ForkJoinPool.commonPool-worker-1] INFO  server.RaftServer$Division (ServerState.java:close(429)) - c6dbff45-d07e-454c-8dcf-e2e002008729@group-158863FA72FF: closes. applyIndex: 0
2022-10-09 13:08:39,795 [c6dbff45-d07e-454c-8dcf-e2e002008729@group-158863FA72FF-SegmentedRaftLogWorker] INFO  segmented.SegmentedRaftLogWorker (SegmentedRaftLogWorker.java:run(336)) - c6dbff45-d07e-454c-8dcf-e2e002008729@group-158863FA72FF-SegmentedRaftLogWorker was interrupted, exiting. There are 0 tasks remaining in the queue.
2022-10-09 13:08:39,795 [ForkJoinPool.commonPool-worker-1] INFO  segmented.SegmentedRaftLogWorker (SegmentedRaftLogWorker.java:close(246)) - c6dbff45-d07e-454c-8dcf-e2e002008729@group-158863FA72FF-SegmentedRaftLogWorker close()
2022-10-09 13:08:39,796 [ForkJoinPool.commonPool-worker-1] INFO  server.GrpcService (GrpcService.java:closeImpl(269)) - c6dbff45-d07e-454c-8dcf-e2e002008729: shutdown server with port 38729 now
2022-10-09 13:08:39,809 [ForkJoinPool.commonPool-worker-1] INFO  server.GrpcService (GrpcService.java:closeImpl(278)) - c6dbff45-d07e-454c-8dcf-e2e002008729: shutdown server with port 38729 successfully
2022-10-09 13:08:39,809 [org.apache.ratis.util.JvmPauseMonitor$$Lambda$636/1153107596@49d0ef1] INFO  util.JvmPauseMonitor (JvmPauseMonitor.java:run(109)) - JvmPauseMonitor-c6dbff45-d07e-454c-8dcf-e2e002008729: Stopped
2022-10-09 13:08:41,736 [Listener at 127.0.0.1/33359] INFO  utils.BackgroundService (BackgroundService.java:shutdown(141)) - Shutting down service BlockDeletingService
2022-10-09 13:08:41,744 [Listener at 127.0.0.1/33359] INFO  utils.BackgroundService (BackgroundService.java:shutdown(141)) - Shutting down service StaleRecoveringContainerScrubbingService
2022-10-09 13:08:41,875 [ForkJoinPool.commonPool-worker-1] INFO  utils.BackgroundService (BackgroundService.java:shutdown(141)) - Shutting down service BlockDeletingService
2022-10-09 13:08:41,876 [ForkJoinPool.commonPool-worker-1] INFO  utils.BackgroundService (BackgroundService.java:shutdown(141)) - Shutting down service StaleRecoveringContainerScrubbingService
2022-10-09 13:08:44,775 [Listener at 127.0.0.1/33359] INFO  statemachine.DatanodeStateMachine (DatanodeStateMachine.java:stopDaemon(580)) - Ozone container server stopped.
2022-10-09 13:08:44,785 [Listener at 127.0.0.1/33359] INFO  handler.ContextHandler (ContextHandler.java:doStop(1153)) - Stopped o.e.j.w.WebAppContext@27342c75{hddsDatanode,/,null,STOPPED}{jar:file:/home/runner/.m2/repository/org/apache/ozone/hdds-container-service/1.3.0-SNAPSHOT/hdds-container-service-1.3.0-SNAPSHOT.jar!/webapps/hddsDatanode}
2022-10-09 13:08:44,787 [Listener at 127.0.0.1/33359] INFO  server.AbstractConnector (AbstractConnector.java:doStop(381)) - Stopped ServerConnector@43a66a6b{HTTP/1.1, (http/1.1)}{0.0.0.0:0}
2022-10-09 13:08:44,787 [Listener at 127.0.0.1/33359] INFO  server.session (HouseKeeper.java:stopScavenging(149)) - node0 Stopped scavenging
2022-10-09 13:08:44,787 [Listener at 127.0.0.1/33359] INFO  handler.ContextHandler (ContextHandler.java:doStop(1153)) - Stopped o.e.j.s.ServletContextHandler@f67351d{static,/static,jar:file:/home/runner/.m2/repository/org/apache/ozone/hdds-container-service/1.3.0-SNAPSHOT/hdds-container-service-1.3.0-SNAPSHOT.jar!/webapps/static,STOPPED}
2022-10-09 13:08:44,787 [Listener at 127.0.0.1/33359] INFO  handler.ContextHandler (ContextHandler.java:doStop(1153)) - Stopped o.e.j.s.ServletContextHandler@2b57c338{logs,/logs,file:///home/runner/work/ozone/ozone/hadoop-ozone/integration-test/target/log,STOPPED}
2022-10-09 13:08:44,893 [ForkJoinPool.commonPool-worker-1] INFO  statemachine.DatanodeStateMachine (DatanodeStateMachine.java:stopDaemon(580)) - Ozone container server stopped.
2022-10-09 13:08:44,926 [ForkJoinPool.commonPool-worker-1] INFO  handler.ContextHandler (ContextHandler.java:doStop(1153)) - Stopped o.e.j.w.WebAppContext@75bcd713{hddsDatanode,/,null,STOPPED}{jar:file:/home/runner/.m2/repository/org/apache/ozone/hdds-container-service/1.3.0-SNAPSHOT/hdds-container-service-1.3.0-SNAPSHOT.jar!/webapps/hddsDatanode}
2022-10-09 13:08:44,927 [ForkJoinPool.commonPool-worker-1] INFO  server.AbstractConnector (AbstractConnector.java:doStop(381)) - Stopped ServerConnector@33ae40ce{HTTP/1.1, (http/1.1)}{0.0.0.0:0}
2022-10-09 13:08:44,927 [ForkJoinPool.commonPool-worker-1] INFO  server.session (HouseKeeper.java:stopScavenging(149)) - node0 Stopped scavenging
2022-10-09 13:08:44,946 [ForkJoinPool.commonPool-worker-1] INFO  handler.ContextHandler (ContextHandler.java:doStop(1153)) - Stopped o.e.j.s.ServletContextHandler@7e310a69{static,/static,jar:file:/home/runner/.m2/repository/org/apache/ozone/hdds-container-service/1.3.0-SNAPSHOT/hdds-container-service-1.3.0-SNAPSHOT.jar!/webapps/static,STOPPED}
2022-10-09 13:08:44,963 [ForkJoinPool.commonPool-worker-1] INFO  handler.ContextHandler (ContextHandler.java:doStop(1153)) - Stopped o.e.j.s.ServletContextHandler@16ba8911{logs,/logs,file:///home/runner/work/ozone/ozone/hadoop-ozone/integration-test/target/log,STOPPED}
2022-10-09 13:08:49,799 [Listener at 127.0.0.1/33359] INFO  ozoneimpl.OzoneContainer (OzoneContainer.java:stop(400)) - Attempting to stop container services.
2022-10-09 13:08:49,800 [Listener at 127.0.0.1/33359] INFO  server.RaftServer (RaftServerProxy.java:lambda$close$7(398)) - a9de90a3-d1cd-4e8a-97f8-3dbad3d6a22f: close
2022-10-09 13:08:49,800 [Listener at 127.0.0.1/33359] INFO  server.RaftServer$Division (RaftServerImpl.java:lambda$close$4(434)) - a9de90a3-d1cd-4e8a-97f8-3dbad3d6a22f@group-0C42490421CE: shutdown
2022-10-09 13:08:49,800 [Listener at 127.0.0.1/33359] INFO  util.JmxRegister (JmxRegister.java:unregister(73)) - Successfully un-registered JMX Bean with object name Ratis:service=RaftServer,group=group-0C42490421CE,id=a9de90a3-d1cd-4e8a-97f8-3dbad3d6a22f
2022-10-09 13:08:49,800 [Listener at 127.0.0.1/33359] INFO  impl.RoleInfo (RoleInfo.java:shutdownLeaderState(93)) - a9de90a3-d1cd-4e8a-97f8-3dbad3d6a22f: shutdown a9de90a3-d1cd-4e8a-97f8-3dbad3d6a22f@group-0C42490421CE-LeaderStateImpl
2022-10-09 13:08:49,801 [Listener at 127.0.0.1/33359] INFO  impl.PendingRequests (PendingRequests.java:sendNotLeaderResponses(282)) - a9de90a3-d1cd-4e8a-97f8-3dbad3d6a22f@group-0C42490421CE-PendingRequests: sendNotLeaderResponses
2022-10-09 13:08:49,802 [a9de90a3-d1cd-4e8a-97f8-3dbad3d6a22f@group-0C42490421CE-StateMachineUpdater] INFO  ratis.ContainerStateMachine (ContainerStateMachine.java:takeSnapshot(304)) - group-0C42490421CE: Taking a snapshot at:(t:1, i:0) file /home/runner/work/ozone/ozone/hadoop-ozone/integration-test/target/test-dir/MiniOzoneClusterImpl-9128138f-083a-4137-a9cb-d58212e00964/datanode-3/data/ratis/d2ba470d-defc-4489-97e8-0c42490421ce/sm/snapshot.1_0
2022-10-09 13:08:49,802 [Listener at 127.0.0.1/33359] INFO  impl.StateMachineUpdater (StateMachineUpdater.java:stopAndJoin(153)) - a9de90a3-d1cd-4e8a-97f8-3dbad3d6a22f@group-0C42490421CE-StateMachineUpdater: set stopIndex = 0
2022-10-09 13:08:49,804 [a9de90a3-d1cd-4e8a-97f8-3dbad3d6a22f@group-0C42490421CE-StateMachineUpdater] INFO  ratis.ContainerStateMachine (ContainerStateMachine.java:takeSnapshot(315)) - group-0C42490421CE: Finished taking a snapshot at:(t:1, i:0) file:/home/runner/work/ozone/ozone/hadoop-ozone/integration-test/target/test-dir/MiniOzoneClusterImpl-9128138f-083a-4137-a9cb-d58212e00964/datanode-3/data/ratis/d2ba470d-defc-4489-97e8-0c42490421ce/sm/snapshot.1_0 took: 2 ms
2022-10-09 13:08:49,804 [a9de90a3-d1cd-4e8a-97f8-3dbad3d6a22f@group-0C42490421CE-StateMachineUpdater] INFO  impl.StateMachineUpdater (StateMachineUpdater.java:takeSnapshot(287)) - a9de90a3-d1cd-4e8a-97f8-3dbad3d6a22f@group-0C42490421CE-StateMachineUpdater: Took a snapshot at index 0
2022-10-09 13:08:49,804 [a9de90a3-d1cd-4e8a-97f8-3dbad3d6a22f@group-0C42490421CE-StateMachineUpdater] INFO  impl.StateMachineUpdater (StateMachineUpdater.java:lambda$new$0(92)) - a9de90a3-d1cd-4e8a-97f8-3dbad3d6a22f@group-0C42490421CE-StateMachineUpdater: snapshotIndex: updateIncreasingly -1 -> 0
2022-10-09 13:08:49,807 [Listener at 127.0.0.1/33359] INFO  server.RaftServer$Division (ServerState.java:close(429)) - a9de90a3-d1cd-4e8a-97f8-3dbad3d6a22f@group-0C42490421CE: closes. applyIndex: 0
2022-10-09 13:08:49,807 [a9de90a3-d1cd-4e8a-97f8-3dbad3d6a22f@group-0C42490421CE-SegmentedRaftLogWorker] INFO  segmented.SegmentedRaftLogWorker (SegmentedRaftLogWorker.java:run(336)) - a9de90a3-d1cd-4e8a-97f8-3dbad3d6a22f@group-0C42490421CE-SegmentedRaftLogWorker was interrupted, exiting. There are 0 tasks remaining in the queue.
2022-10-09 13:08:49,808 [Listener at 127.0.0.1/33359] INFO  segmented.SegmentedRaftLogWorker (SegmentedRaftLogWorker.java:close(246)) - a9de90a3-d1cd-4e8a-97f8-3dbad3d6a22f@group-0C42490421CE-SegmentedRaftLogWorker close()
2022-10-09 13:08:49,823 [Listener at 127.0.0.1/33359] INFO  server.GrpcService (GrpcService.java:closeImpl(269)) - a9de90a3-d1cd-4e8a-97f8-3dbad3d6a22f: shutdown server with port 35441 now
2022-10-09 13:08:49,832 [Listener at 127.0.0.1/33359] INFO  server.GrpcService (GrpcService.java:closeImpl(278)) - a9de90a3-d1cd-4e8a-97f8-3dbad3d6a22f: shutdown server with port 35441 successfully
2022-10-09 13:08:49,832 [org.apache.ratis.util.JvmPauseMonitor$$Lambda$636/1153107596@1d6147ec] INFO  util.JvmPauseMonitor (JvmPauseMonitor.java:run(109)) - JvmPauseMonitor-a9de90a3-d1cd-4e8a-97f8-3dbad3d6a22f: Stopped
2022-10-09 13:08:51,868 [Listener at 127.0.0.1/33359] INFO  utils.BackgroundService (BackgroundService.java:shutdown(141)) - Shutting down service BlockDeletingService
2022-10-09 13:08:51,899 [Listener at 127.0.0.1/33359] INFO  utils.BackgroundService (BackgroundService.java:shutdown(141)) - Shutting down service StaleRecoveringContainerScrubbingService
2022-10-09 13:08:54,905 [Listener at 127.0.0.1/33359] INFO  statemachine.DatanodeStateMachine (DatanodeStateMachine.java:stopDaemon(580)) - Ozone container server stopped.
2022-10-09 13:08:54,917 [Listener at 127.0.0.1/33359] INFO  handler.ContextHandler (ContextHandler.java:doStop(1153)) - Stopped o.e.j.w.WebAppContext@5fb85a96{hddsDatanode,/,null,STOPPED}{jar:file:/home/runner/.m2/repository/org/apache/ozone/hdds-container-service/1.3.0-SNAPSHOT/hdds-container-service-1.3.0-SNAPSHOT.jar!/webapps/hddsDatanode}
2022-10-09 13:08:54,917 [Listener at 127.0.0.1/33359] INFO  server.AbstractConnector (AbstractConnector.java:doStop(381)) - Stopped ServerConnector@7b824ddc{HTTP/1.1, (http/1.1)}{0.0.0.0:0}
2022-10-09 13:08:54,919 [Listener at 127.0.0.1/33359] INFO  server.session (HouseKeeper.java:stopScavenging(149)) - node0 Stopped scavenging
2022-10-09 13:08:54,926 [Listener at 127.0.0.1/33359] INFO  handler.ContextHandler (ContextHandler.java:doStop(1153)) - Stopped o.e.j.s.ServletContextHandler@52076d1d{static,/static,jar:file:/home/runner/.m2/repository/org/apache/ozone/hdds-container-service/1.3.0-SNAPSHOT/hdds-container-service-1.3.0-SNAPSHOT.jar!/webapps/static,STOPPED}
2022-10-09 13:08:54,926 [Listener at 127.0.0.1/33359] INFO  handler.ContextHandler (ContextHandler.java:doStop(1153)) - Stopped o.e.j.s.ServletContextHandler@5c66a6ea{logs,/logs,file:///home/runner/work/ozone/ozone/hadoop-ozone/integration-test/target/log,STOPPED}
2022-10-09 13:08:54,942 [Listener at 127.0.0.1/33359] INFO  ozone.MiniOzoneClusterImpl (MiniOzoneClusterImpl.java:stopSCM(537)) - Stopping the StorageContainerManager
2022-10-09 13:08:54,943 [Listener at 127.0.0.1/33359] INFO  server.StorageContainerManager (StorageContainerManager.java:stop(1528)) - Container Balancer is not running.
2022-10-09 13:08:54,943 [Listener at 127.0.0.1/33359] INFO  server.StorageContainerManager (StorageContainerManager.java:stop(1535)) - Stopping Replication Manager Service.
2022-10-09 13:08:54,943 [Listener at 127.0.0.1/33359] INFO  replication.ReplicationManager (ReplicationManager.java:stop(257)) - Stopping Replication Monitor Thread.
2022-10-09 13:08:54,943 [Under Replicated Processor] WARN  replication.UnderReplicatedProcessor (UnderReplicatedProcessor.java:run(148)) - Under Replicated Processor interrupted. Exiting...
2022-10-09 13:08:54,943 [Over Replicated Processor] WARN  replication.OverReplicatedProcessor (OverReplicatedProcessor.java:run(137)) - Over Replicated Processor interrupted. Exiting...
2022-10-09 13:08:54,943 [ReplicationMonitor] INFO  replication.ReplicationManager (ReplicationManager.java:run(509)) - Replication Monitor Thread is stopped
2022-10-09 13:08:54,943 [Listener at 127.0.0.1/33359] INFO  server.StorageContainerManager (StorageContainerManager.java:stop(1542)) - Stopping the Datanode Admin Monitor.
2022-10-09 13:08:54,944 [Listener at 127.0.0.1/33359] INFO  server.StorageContainerManager (StorageContainerManager.java:stop(1549)) - Stopping Lease Manager of the command watchers
2022-10-09 13:08:54,944 [Listener at 127.0.0.1/33359] INFO  server.StorageContainerManager (StorageContainerManager.java:stop(1556)) - Stopping datanode service RPC server
2022-10-09 13:08:54,944 [Listener at 127.0.0.1/33359] INFO  server.SCMDatanodeProtocolServer (SCMDatanodeProtocolServer.java:stop(414)) - Stopping the RPC server for DataNodes
2022-10-09 13:08:54,944 [Listener at 127.0.0.1/33359] INFO  ipc.Server (Server.java:stop(3414)) - Stopping server on 45391
2022-10-09 13:08:54,946 [IPC Server listener on 0] INFO  ipc.Server (Server.java:run(1376)) - Stopping IPC Server listener on 0
2022-10-09 13:08:54,956 [IPC Server Responder] INFO  ipc.Server (Server.java:run(1512)) - Stopping IPC Server Responder
2022-10-09 13:08:55,002 [SCM Heartbeat Processing Thread - 0] WARN  node.NodeStateManager (NodeStateManager.java:scheduleNextHealthCheck(870)) - Current Thread is interrupted, shutting down HB processing thread for Node Manager.
2022-10-09 13:08:55,002 [Listener at 127.0.0.1/33359] INFO  server.StorageContainerManager (StorageContainerManager.java:stop(1564)) - Stopping block service RPC server
2022-10-09 13:08:55,003 [Listener at 127.0.0.1/33359] INFO  server.SCMBlockProtocolServer (SCMBlockProtocolServer.java:stop(161)) - Stopping the RPC server for Block Protocol
2022-10-09 13:08:55,003 [Listener at 127.0.0.1/33359] INFO  ipc.Server (Server.java:stop(3414)) - Stopping server on 36597
2022-10-09 13:08:55,005 [Listener at 127.0.0.1/33359] INFO  server.StorageContainerManager (StorageContainerManager.java:stop(1571)) - Stopping the StorageContainerLocationProtocol RPC server
2022-10-09 13:08:55,005 [Listener at 127.0.0.1/33359] INFO  server.SCMClientProtocolServer (SCMClientProtocolServer.java:stop(179)) - Stopping the RPC server for Client Protocol
2022-10-09 13:08:55,005 [Listener at 127.0.0.1/33359] INFO  ipc.Server (Server.java:stop(3414)) - Stopping server on 34537
2022-10-09 13:08:55,006 [IPC Server Responder] INFO  ipc.Server (Server.java:run(1512)) - Stopping IPC Server Responder
2022-10-09 13:08:55,006 [IPC Server listener on 0] INFO  ipc.Server (Server.java:run(1376)) - Stopping IPC Server listener on 0
2022-10-09 13:08:55,053 [IPC Server Responder] INFO  ipc.Server (Server.java:run(1512)) - Stopping IPC Server Responder
2022-10-09 13:08:55,053 [IPC Server listener on 0] INFO  ipc.Server (Server.java:run(1376)) - Stopping IPC Server listener on 0
2022-10-09 13:08:55,053 [Listener at 127.0.0.1/33359] INFO  server.StorageContainerManager (StorageContainerManager.java:stop(1578)) - Stopping Storage Container Manager HTTP server.
2022-10-09 13:08:55,054 [Listener at 127.0.0.1/33359] INFO  handler.ContextHandler (ContextHandler.java:doStop(1153)) - Stopped o.e.j.w.WebAppContext@4426a132{scm,/,null,STOPPED}{file:/home/runner/work/ozone/ozone/hadoop-ozone/integration-test/target/test-classes/webapps/scm}
2022-10-09 13:08:55,092 [Listener at 127.0.0.1/33359] INFO  server.AbstractConnector (AbstractConnector.java:doStop(381)) - Stopped ServerConnector@47fb1b38{HTTP/1.1, (http/1.1)}{0.0.0.0:0}
2022-10-09 13:08:55,092 [Listener at 127.0.0.1/33359] INFO  server.session (HouseKeeper.java:stopScavenging(149)) - node0 Stopped scavenging
2022-10-09 13:08:55,092 [Listener at 127.0.0.1/33359] INFO  handler.ContextHandler (ContextHandler.java:doStop(1153)) - Stopped o.e.j.s.ServletContextHandler@1ae22dc7{static,/static,file:///home/runner/work/ozone/ozone/hadoop-ozone/integration-test/target/test-classes/webapps/static,STOPPED}
2022-10-09 13:08:55,092 [Listener at 127.0.0.1/33359] INFO  handler.ContextHandler (ContextHandler.java:doStop(1153)) - Stopped o.e.j.s.ServletContextHandler@65ae655b{logs,/logs,file:///home/runner/work/ozone/ozone/hadoop-ozone/integration-test/target/log,STOPPED}
2022-10-09 13:08:55,095 [Listener at 127.0.0.1/33359] INFO  server.StorageContainerManager (StorageContainerManager.java:stop(1584)) - Stopping SCM LayoutVersionManager Service.
2022-10-09 13:08:55,096 [Listener at 127.0.0.1/33359] INFO  server.StorageContainerManager (StorageContainerManager.java:stop(1592)) - Stopping Block Manager Service.
2022-10-09 13:08:55,096 [Listener at 127.0.0.1/33359] INFO  utils.BackgroundService (BackgroundService.java:shutdown(141)) - Shutting down service SCMBlockDeletingService
2022-10-09 13:08:55,096 [Listener at 127.0.0.1/33359] INFO  utils.BackgroundService (BackgroundService.java:shutdown(141)) - Shutting down service SCMBlockDeletingService
2022-10-09 13:08:55,096 [Listener at 127.0.0.1/33359] INFO  server.StorageContainerManager (StorageContainerManager.java:stop(1619)) - Stopping SCM Event Queue.
2022-10-09 13:08:55,103 [Listener at 127.0.0.1/33359] INFO  server.StorageContainerManager (StorageContainerManager.java:stop(1630)) - Stopping SCM HA services.
2022-10-09 13:08:55,103 [Listener at 127.0.0.1/33359] INFO  pipeline.BackgroundPipelineCreator (BackgroundPipelineCreator.java:stop(149)) - Stopping RatisPipelineUtilsThread.
2022-10-09 13:08:55,103 [RatisPipelineUtilsThread - 0] WARN  pipeline.BackgroundPipelineCreator (BackgroundPipelineCreator.java:run(180)) - RatisPipelineUtilsThread is interrupted.
2022-10-09 13:08:55,103 [Listener at 127.0.0.1/33359] INFO  BackgroundPipelineScrubber (BackgroundSCMService.java:stop(131)) - Stopping BackgroundPipelineScrubber Service.
2022-10-09 13:08:55,103 [Listener at 127.0.0.1/33359] INFO  server.StorageContainerManager (StorageContainerManager.java:stop(1640)) - Stopping SCM MetadataStore.
2022-10-09 13:08:55,104 [BackgroundPipelineScrubberThread] WARN  BackgroundPipelineScrubber (BackgroundSCMService.java:run(115)) - BackgroundPipelineScrubber is interrupted, exit
2022-10-09 13:08:55,122 [Listener at 127.0.0.1/33359] INFO  impl.MetricsSystemImpl (MetricsSystemImpl.java:stop(210)) - Stopping HddsDatanode metrics system...
2022-10-09 13:08:55,160 [prometheus] INFO  impl.MetricsSinkAdapter (MetricsSinkAdapter.java:publishMetricsFromQueue(141)) - prometheus thread interrupted.
2022-10-09 13:08:55,160 [Listener at 127.0.0.1/33359] INFO  impl.MetricsSystemImpl (MetricsSystemImpl.java:stop(216)) - HddsDatanode metrics system stopped.
2022-10-09 13:08:55,324 [Listener at 127.0.0.1/33359] WARN  server.ServerUtils (ServerUtils.java:getScmDbDir(148)) - ozone.scm.db.dirs is not configured. We recommend adding this setting. Falling back to ozone.metadata.dirs instead.
2022-10-09 13:08:55,332 [Listener at 127.0.0.1/33359] WARN  server.ServerUtils (ServerUtils.java:getScmDbDir(148)) - ozone.scm.db.dirs is not configured. We recommend adding this setting. Falling back to ozone.metadata.dirs instead.
2022-10-09 13:08:55,332 [Listener at 127.0.0.1/33359] INFO  ha.SCMHANodeDetails (SCMHANodeDetails.java:loadSCMHAConfig(209)) - ServiceID for StorageContainerManager is null
2022-10-09 13:08:55,333 [Listener at 127.0.0.1/33359] INFO  ha.SCMHANodeDetails (SCMHANodeDetails.java:loadSCMHAConfig(214)) - ozone.scm.default.service.id is not defined, falling back to ozone.scm.service.ids to find serviceID for StorageContainerManager if it is HA enabled cluster
2022-10-09 13:08:55,336 [Listener at 127.0.0.1/33359] WARN  utils.HAUtils (HAUtils.java:getMetaDir(342)) - ozone.scm.db.dirs is not configured. We recommend adding this setting. Falling back to ozone.metadata.dirs instead.
2022-10-09 13:08:55,337 [Listener at 127.0.0.1/33359] WARN  db.DBStoreBuilder (DBStoreBuilder.java:applyDBDefinition(144)) - ozone.scm.db.dirs is not configured. We recommend adding this setting. Falling back to ozone.metadata.dirs instead.
2022-10-09 13:08:55,479 [Listener at 127.0.0.1/33359] INFO  net.NodeSchemaLoader (NodeSchemaLoader.java:loadSchemaFromFile(129)) - Loading schema from [jar:file:/home/runner/.m2/repository/org/apache/ozone/hdds-common/1.3.0-SNAPSHOT/hdds-common-1.3.0-SNAPSHOT.jar!/network-topology-default.xml]
2022-10-09 13:08:55,479 [Listener at 127.0.0.1/33359] INFO  net.NodeSchemaLoader (NodeSchemaLoader.java:loadSchema(176)) - Loading network topology layer schema file
2022-10-09 13:08:55,511 [Listener at 127.0.0.1/33359] INFO  upgrade.AbstractLayoutVersionManager (AbstractLayoutVersionManager.java:init(83)) - Initializing Layout version manager with metadata layout = DATANODE_SCHEMA_V3 (version = 4), software layout = DATANODE_SCHEMA_V3 (version = 4)
2022-10-09 13:08:55,648 [Listener at 127.0.0.1/33359] INFO  reflections.Reflections (Reflections.java:scan(232)) - Reflections took 136 ms to scan 7 urls, producing 135 keys and 327 values 
2022-10-09 13:08:55,649 [Listener at 127.0.0.1/33359] INFO  ha.SequenceIdGenerator (SequenceIdGenerator.java:upgradeToSequenceId(349)) - upgrade localId to 109611004723200000
2022-10-09 13:08:55,650 [Listener at 127.0.0.1/33359] INFO  ha.SequenceIdGenerator (SequenceIdGenerator.java:upgradeToSequenceId(359)) - upgrade delTxnId to 0
2022-10-09 13:08:55,650 [Listener at 127.0.0.1/33359] INFO  ha.SequenceIdGenerator (SequenceIdGenerator.java:upgradeToSequenceId(376)) - upgrade containerId to 0
2022-10-09 13:08:55,650 [Listener at 127.0.0.1/33359] INFO  ha.SequenceIdGenerator (SequenceIdGenerator.java:<init>(220)) - Init the HA SequenceIdGenerator.
2022-10-09 13:08:55,652 [Listener at 127.0.0.1/33359] WARN  server.ServerUtils (ServerUtils.java:sanitizeUserArgs(73)) - ozone.scm.stale.node.interval value = 300000 is larger than max = 100000 based on the key value of ozone.scm.heartbeat.thread.interval, reset to the max value 100000.
2022-10-09 13:08:55,652 [Listener at 127.0.0.1/33359] WARN  server.ServerUtils (ServerUtils.java:sanitizeUserArgs(73)) - ozone.scm.stale.node.interval value = 300000 is larger than max = 100000 based on the key value of ozone.scm.heartbeat.thread.interval, reset to the max value 100000.
2022-10-09 13:08:55,653 [Listener at 127.0.0.1/33359] INFO  node.SCMNodeManager (SCMNodeManager.java:<init>(149)) - Entering startup safe mode.
2022-10-09 13:08:55,653 [Listener at 127.0.0.1/33359] INFO  algorithms.ContainerPlacementPolicyFactory (ContainerPlacementPolicyFactory.java:getPolicyInternal(86)) - Create container placement policy of type org.apache.hadoop.hdds.scm.container.placement.algorithms.SCMContainerPlacementRandom
2022-10-09 13:08:55,653 [Listener at 127.0.0.1/33359] INFO  algorithms.ContainerPlacementPolicyFactory (ContainerPlacementPolicyFactory.java:getPolicyInternal(86)) - Create container placement policy of type org.apache.hadoop.hdds.scm.container.placement.algorithms.SCMContainerPlacementRackScatter
2022-10-09 13:08:55,653 [Listener at 127.0.0.1/33359] INFO  pipeline.PipelineStateManagerImpl (PipelineStateManagerImpl.java:initialize(78)) - No pipeline exists in current db
2022-10-09 13:08:55,653 [Listener at 127.0.0.1/33359] INFO  algorithms.LeaderChoosePolicyFactory (LeaderChoosePolicyFactory.java:getPolicy(57)) - Create leader choose policy of type org.apache.hadoop.hdds.scm.pipeline.leader.choose.algorithms.MinLeaderCountChoosePolicy
2022-10-09 13:08:55,653 [Listener at 127.0.0.1/33359] INFO  algorithms.ContainerPlacementPolicyFactory (ContainerPlacementPolicyFactory.java:getPolicyInternal(86)) - Create container placement policy of type org.apache.hadoop.hdds.scm.container.placement.algorithms.SCMContainerPlacementRackScatter
2022-10-09 13:08:55,654 [Listener at 127.0.0.1/33359] INFO  ha.SCMServiceManager (SCMServiceManager.java:register(42)) - Registering service BackgroundPipelineCreator.
2022-10-09 13:08:55,654 [Listener at 127.0.0.1/33359] INFO  pipeline.BackgroundPipelineCreator (BackgroundPipelineCreator.java:start(124)) - Starting RatisPipelineUtilsThread.
2022-10-09 13:08:55,654 [Listener at 127.0.0.1/33359] INFO  BackgroundPipelineScrubber (BackgroundSCMService.java:start(68)) - Starting BackgroundPipelineScrubber Service.
2022-10-09 13:08:55,654 [Listener at 127.0.0.1/33359] INFO  ha.SCMServiceManager (SCMServiceManager.java:register(42)) - Registering service BackgroundPipelineScrubber.
2022-10-09 13:08:55,655 [Listener at 127.0.0.1/33359] INFO  ExpiredContainerReplicaOpScrubber (BackgroundSCMService.java:start(68)) - Starting ExpiredContainerReplicaOpScrubber Service.
2022-10-09 13:08:55,655 [Listener at 127.0.0.1/33359] INFO  ha.SCMServiceManager (SCMServiceManager.java:register(42)) - Registering service ExpiredContainerReplicaOpScrubber.
2022-10-09 13:08:55,656 [Listener at 127.0.0.1/33359] INFO  algorithms.PipelineChoosePolicyFactory (PipelineChoosePolicyFactory.java:createPipelineChoosePolicyFromClass(73)) - Create pipeline choose policy of type org.apache.hadoop.hdds.scm.pipeline.choose.algorithms.RandomPipelineChoosePolicy
2022-10-09 13:08:55,656 [Listener at 127.0.0.1/33359] INFO  ha.SCMServiceManager (SCMServiceManager.java:register(42)) - Registering service SCMBlockDeletingService.
2022-10-09 13:08:55,657 [Listener at 127.0.0.1/33359] INFO  replication.ReplicationManager (ReplicationManager.java:start(223)) - Starting Replication Monitor Thread.
2022-10-09 13:08:55,659 [Listener at 127.0.0.1/33359] INFO  ha.SCMServiceManager (SCMServiceManager.java:register(42)) - Registering service ReplicationManager.
2022-10-09 13:08:55,659 [Listener at 127.0.0.1/33359] INFO  safemode.ContainerSafeModeRule (ContainerSafeModeRule.java:<init>(89)) - containers with one replica threshold count 0
2022-10-09 13:08:55,659 [Listener at 127.0.0.1/33359] INFO  safemode.HealthyPipelineSafeModeRule (HealthyPipelineSafeModeRule.java:initializeRule(169)) - Total pipeline count is 0, healthy pipeline threshold count is 1
2022-10-09 13:08:55,660 [Listener at 127.0.0.1/33359] INFO  safemode.OneReplicaPipelineSafeModeRule (OneReplicaPipelineSafeModeRule.java:initializeRule(180)) - Total pipeline count is 0, pipeline's with at least one datanode reported threshold count is 0
2022-10-09 13:08:55,671 [Listener at 127.0.0.1/33359] INFO  ipc.CallQueueManager (CallQueueManager.java:<init>(90)) - Using callQueue: class java.util.concurrent.LinkedBlockingQueue, queueCapacity: 2000, scheduler: class org.apache.hadoop.ipc.DefaultRpcScheduler, ipcBackoff: false.
2022-10-09 13:08:55,673 [Socket Reader #1 for port 0] INFO  ipc.Server (Server.java:run(1265)) - Starting Socket Reader #1 for port 0
2022-10-09 13:08:55,674 [ReplicationMonitor] INFO  replication.ReplicationManager (ReplicationManager.java:processAll(291)) - Replication Manager is not ready to run until 3000ms after safemode exit
2022-10-09 13:08:55,681 [Listener at 0.0.0.0/36067] INFO  ipc.CallQueueManager (CallQueueManager.java:<init>(90)) - Using callQueue: class java.util.concurrent.LinkedBlockingQueue, queueCapacity: 2000, scheduler: class org.apache.hadoop.ipc.DefaultRpcScheduler, ipcBackoff: false.
2022-10-09 13:08:55,683 [Socket Reader #1 for port 0] INFO  ipc.Server (Server.java:run(1265)) - Starting Socket Reader #1 for port 0
2022-10-09 13:08:55,684 [Listener at 0.0.0.0/34077] INFO  ipc.CallQueueManager (CallQueueManager.java:<init>(90)) - Using callQueue: class java.util.concurrent.LinkedBlockingQueue, queueCapacity: 2000, scheduler: class org.apache.hadoop.ipc.DefaultRpcScheduler, ipcBackoff: false.
2022-10-09 13:08:55,685 [Socket Reader #1 for port 0] INFO  ipc.Server (Server.java:run(1265)) - Starting Socket Reader #1 for port 0
2022-10-09 13:08:55,736 [Listener at 0.0.0.0/41029] INFO  ha.SCMServiceManager (SCMServiceManager.java:register(42)) - Registering service ContainerBalancer.
2022-10-09 13:08:55,736 [Listener at 0.0.0.0/41029] INFO  server.StorageContainerManager (StorageContainerManager.java:<init>(410)) - 
Container Balancer status:
Key                            Value
Running                        false
Container Balancer Configuration values:
Key                                                Value
Threshold                                          10
Max Datanodes to Involve per Iteration(percent)    20
Max Size to Move per Iteration                     500GB
Max Size Entering Target per Iteration             26GB
Max Size Leaving Source per Iteration              26GB

2022-10-09 13:08:55,737 [Listener at 0.0.0.0/41029] WARN  events.EventQueue (EventQueue.java:fireEvent(216)) - No event handler registered for event TypedEvent{payloadType=SafeModeStatus, name='Safe mode status'}
2022-10-09 13:08:55,737 [Listener at 0.0.0.0/41029] INFO  ha.SCMContext (SCMContext.java:updateSafeModeStatus(228)) - Update SafeModeStatus from SafeModeStatus{safeModeStatus=true, preCheckPassed=false} to SafeModeStatus{safeModeStatus=true, preCheckPassed=false}.
2022-10-09 13:08:55,737 [Listener at 0.0.0.0/41029] INFO  server.StorageContainerManager (StorageContainerManager.java:start(1436)) - StorageContainerLocationProtocol RPC server is listening at /0.0.0.0:41029
2022-10-09 13:08:55,740 [Listener at 0.0.0.0/41029] WARN  impl.MetricsConfig (MetricsConfig.java:loadFirst(136)) - Cannot locate configuration: tried hadoop-metrics2-storagecontainermanager.properties,hadoop-metrics2.properties
2022-10-09 13:08:55,740 [Listener at 0.0.0.0/41029] INFO  impl.MetricsSystemImpl (MetricsSystemImpl.java:startTimer(378)) - Scheduled Metric snapshot period at 10 second(s).
2022-10-09 13:08:55,740 [Listener at 0.0.0.0/41029] INFO  impl.MetricsSystemImpl (MetricsSystemImpl.java:start(191)) - StorageContainerManager metrics system started
2022-10-09 13:08:55,758 [Listener at 0.0.0.0/41029] INFO  impl.MetricsSinkAdapter (MetricsSinkAdapter.java:start(204)) - Sink prometheus started
2022-10-09 13:08:55,758 [Listener at 0.0.0.0/41029] INFO  impl.MetricsSystemImpl (MetricsSystemImpl.java:registerSink(305)) - Registered sink prometheus
2022-10-09 13:08:55,864 [Listener at 0.0.0.0/41029] INFO  server.SCMClientProtocolServer (SCMClientProtocolServer.java:start(170)) - RPC server for Client  is listening at /0.0.0.0:41029
2022-10-09 13:08:55,869 [IPC Server Responder] INFO  ipc.Server (Server.java:run(1507)) - IPC Server Responder: starting
2022-10-09 13:08:56,006 [Listener at 0.0.0.0/41029] INFO  server.StorageContainerManager (StorageContainerManager.java:start(1451)) - ScmBlockLocationProtocol RPC server is listening at /0.0.0.0:34077
2022-10-09 13:08:56,006 [Listener at 0.0.0.0/41029] INFO  server.SCMBlockProtocolServer (SCMBlockProtocolServer.java:start(152)) - RPC server for Block Protocol is listening at /0.0.0.0:34077
2022-10-09 13:08:56,036 [IPC Server Responder] INFO  ipc.Server (Server.java:run(1507)) - IPC Server Responder: starting
2022-10-09 13:08:56,039 [IPC Server listener on 0] INFO  ipc.Server (Server.java:run(1344)) - IPC Server listener on 0: starting
2022-10-09 13:08:56,047 [Listener at 0.0.0.0/41029] INFO  server.SCMDatanodeProtocolServer (SCMDatanodeProtocolServer.java:start(186)) - ScmDatanodeProtocol RPC server for DataNodes is listening at /0.0.0.0:36067
2022-10-09 13:08:56,059 [IPC Server Responder] INFO  ipc.Server (Server.java:run(1507)) - IPC Server Responder: starting
2022-10-09 13:08:56,059 [IPC Server listener on 0] INFO  ipc.Server (Server.java:run(1344)) - IPC Server listener on 0: starting
2022-10-09 13:08:56,068 [IPC Server listener on 0] INFO  ipc.Server (Server.java:run(1344)) - IPC Server listener on 0: starting
2022-10-09 13:08:56,086 [Listener at 0.0.0.0/41029] INFO  http.BaseHttpServer (BaseHttpServer.java:newHttpServer2BuilderForOzone(213)) - Starting Web-server for scm at: http://0.0.0.0:0
2022-10-09 13:08:56,086 [Listener at 0.0.0.0/41029] INFO  http.BaseHttpServer (BaseHttpServer.java:<init>(108)) - Hadoop Security Enabled: false Ozone Security Enabled: false Ozone HTTP Security Enabled: false 
2022-10-09 13:08:56,088 [Listener at 0.0.0.0/41029] INFO  server.AuthenticationFilter (AuthenticationFilter.java:constructSecretProvider(240)) - Unable to initialize FileSignerSecretProvider, falling back to use random secrets.
2022-10-09 13:08:56,088 [org.apache.hadoop.util.JvmPauseMonitor$Monitor@5444cda8] INFO  util.JvmPauseMonitor (JvmPauseMonitor.java:run(188)) - Starting JVM pause monitor
2022-10-09 13:08:56,096 [Listener at 0.0.0.0/41029] WARN  http.HttpRequestLog (HttpRequestLog.java:getRequestLog(103)) - Jetty request log can only be enabled using Log4j
2022-10-09 13:08:56,097 [Listener at 0.0.0.0/41029] INFO  http.HttpServer2 (HttpServer2.java:addGlobalFilter(1031)) - Added global filter 'safety' (class=org.apache.hadoop.hdds.server.http.HttpServer2$QuotingInputFilter)
2022-10-09 13:08:56,098 [Listener at 0.0.0.0/41029] INFO  http.HttpServer2 (HttpServer2.java:addFilter(1007)) - Added filter static_user_filter (class=org.apache.hadoop.http.lib.StaticUserWebFilter$StaticUserFilter) to context scm
2022-10-09 13:08:56,098 [Listener at 0.0.0.0/41029] INFO  http.HttpServer2 (HttpServer2.java:addFilter(1015)) - Added filter static_user_filter (class=org.apache.hadoop.http.lib.StaticUserWebFilter$StaticUserFilter) to context static
2022-10-09 13:08:56,098 [Listener at 0.0.0.0/41029] INFO  http.HttpServer2 (HttpServer2.java:addFilter(1015)) - Added filter static_user_filter (class=org.apache.hadoop.http.lib.StaticUserWebFilter$StaticUserFilter) to context logs
2022-10-09 13:08:56,098 [Listener at 0.0.0.0/41029] INFO  http.HttpServer2 (HttpServer2.java:bindListener(1250)) - Jetty bound to port 46005
2022-10-09 13:08:56,098 [Listener at 0.0.0.0/41029] INFO  server.Server (Server.java:doStart(375)) - jetty-9.4.43.v20210629; built: 2021-06-30T11:07:22.254Z; git: 526006ecfa3af7f1a27ef3a288e2bef7ea9dd7e8; jvm 1.8.0_345-b01
2022-10-09 13:08:56,141 [Listener at 0.0.0.0/41029] INFO  server.session (DefaultSessionIdManager.java:doStart(334)) - DefaultSessionIdManager workerName=node0
2022-10-09 13:08:56,141 [Listener at 0.0.0.0/41029] INFO  server.session (DefaultSessionIdManager.java:doStart(339)) - No SessionScavenger set, using defaults
2022-10-09 13:08:56,141 [Listener at 0.0.0.0/41029] INFO  server.session (HouseKeeper.java:startScavenging(132)) - node0 Scavenging every 600000ms
2022-10-09 13:08:56,144 [Listener at 0.0.0.0/41029] INFO  handler.ContextHandler (ContextHandler.java:doStart(915)) - Started o.e.j.s.ServletContextHandler@5429db71{logs,/logs,file:///home/runner/work/ozone/ozone/hadoop-ozone/integration-test/target/log,AVAILABLE}
2022-10-09 13:08:56,144 [Listener at 0.0.0.0/41029] INFO  handler.ContextHandler (ContextHandler.java:doStart(915)) - Started o.e.j.s.ServletContextHandler@4756cb32{static,/static,file:///home/runner/work/ozone/ozone/hadoop-ozone/integration-test/target/test-classes/webapps/static,AVAILABLE}
2022-10-09 13:08:56,161 [Listener at 0.0.0.0/41029] INFO  handler.ContextHandler (ContextHandler.java:doStart(915)) - Started o.e.j.w.WebAppContext@23fa2930{scm,/,file:///home/runner/work/ozone/ozone/hadoop-ozone/integration-test/target/test-classes/webapps/scm/,AVAILABLE}{file:/home/runner/work/ozone/ozone/hadoop-ozone/integration-test/target/test-classes/webapps/scm}
2022-10-09 13:08:56,206 [Listener at 0.0.0.0/41029] INFO  server.AbstractConnector (AbstractConnector.java:doStart(331)) - Started ServerConnector@465e9643{HTTP/1.1, (http/1.1)}{0.0.0.0:46005}
2022-10-09 13:08:56,206 [Listener at 0.0.0.0/41029] INFO  server.Server (Server.java:doStart(415)) - Started @313614ms
2022-10-09 13:08:56,206 [Listener at 0.0.0.0/41029] WARN  impl.MetricsSystemImpl (MetricsSystemImpl.java:register(279)) - Sink prometheus already exists!
2022-10-09 13:08:56,207 [Listener at 0.0.0.0/41029] INFO  http.BaseHttpServer (BaseHttpServer.java:updateConnectorAddress(333)) - HTTP server of scm listening at http://0.0.0.0:46005
2022-10-09 13:08:56,207 [Listener at 0.0.0.0/41029] WARN  server.ServerUtils (ServerUtils.java:getDBPath(225)) - ozone.om.db.dirs is not configured. We recommend adding this setting. Falling back to ozone.metadata.dirs instead.
2022-10-09 13:08:56,212 [Listener at 0.0.0.0/41029] INFO  ha.OMHANodeDetails (OMHANodeDetails.java:loadOMHAConfig(115)) - ozone.om.internal.service.id is not defined, falling back to ozone.om.service.ids to find serviceID for OzoneManager if it is HA enabled cluster
2022-10-09 13:08:56,212 [Listener at 0.0.0.0/41029] INFO  ha.OMHANodeDetails (OMHANodeDetails.java:loadOMHAConfig(226)) - Configuration does not have ozone.om.address set. Falling back to the default OM address /127.0.0.1:0
2022-10-09 13:08:56,212 [Listener at 0.0.0.0/41029] INFO  ha.OMHANodeDetails (OMHANodeDetails.java:getOMNodeDetailsForNonHA(254)) - OM Service ID is not set. Setting it to the default ID: omServiceIdDefault
2022-10-09 13:08:56,212 [Listener at 0.0.0.0/41029] INFO  ha.OMHANodeDetails (OMHANodeDetails.java:getOMNodeDetailsForNonHA(261)) - OM Node ID is not set. Setting it to the default ID: om1
2022-10-09 13:08:56,212 [Listener at 0.0.0.0/41029] WARN  server.ServerUtils (ServerUtils.java:getDBPath(225)) - ozone.om.db.dirs is not configured. We recommend adding this setting. Falling back to ozone.metadata.dirs instead.
2022-10-09 13:08:56,212 [Listener at 0.0.0.0/41029] INFO  upgrade.AbstractLayoutVersionManager (AbstractLayoutVersionManager.java:init(83)) - Initializing Layout version manager with metadata layout = MULTITENANCY_SCHEMA (version = 3), software layout = MULTITENANCY_SCHEMA (version = 3)
2022-10-09 13:08:56,489 [Listener at 0.0.0.0/41029] INFO  reflections.Reflections (Reflections.java:scan(232)) - Reflections took 265 ms to scan 2 urls, producing 154 keys and 428 values [using 2 cores]
2022-10-09 13:08:56,489 [Listener at 0.0.0.0/41029] INFO  upgrade.OMLayoutVersionManager (OMLayoutVersionManager.java:lambda$0(115)) - Skipping Upgrade Action MockOmUpgradeAction since it has been finalized.
2022-10-09 13:08:56,490 [Listener at 0.0.0.0/41029] WARN  server.ServerUtils (ServerUtils.java:getDBPath(225)) - ozone.om.db.dirs is not configured. We recommend adding this setting. Falling back to ozone.metadata.dirs instead.
2022-10-09 13:08:56,490 [Listener at 0.0.0.0/41029] INFO  proxy.SCMBlockLocationFailoverProxyProvider (SCMBlockLocationFailoverProxyProvider.java:<init>(114)) - Created block location fail-over proxy with 1 nodes: [nodeId=scmNodeId,nodeAddress=/0.0.0.0:34077]
2022-10-09 13:08:56,491 [Listener at 0.0.0.0/41029] INFO  proxy.SCMBlockLocationFailoverProxyProvider (SCMBlockLocationFailoverProxyProvider.java:<init>(114)) - Created block location fail-over proxy with 1 nodes: [nodeId=scmNodeId,nodeAddress=/0.0.0.0:34077]
2022-10-09 13:08:56,542 [Listener at 0.0.0.0/41029] WARN  server.ServerUtils (ServerUtils.java:getDBPath(225)) - ozone.om.db.dirs is not configured. We recommend adding this setting. Falling back to ozone.metadata.dirs instead.
2022-10-09 13:08:56,542 [Listener at 0.0.0.0/41029] INFO  codec.OmKeyInfoCodec (OmKeyInfoCodec.java:<init>(49)) - OmKeyInfoCodec ignorePipeline = true
2022-10-09 13:08:56,542 [Listener at 0.0.0.0/41029] INFO  codec.RepeatedOmKeyInfoCodec (RepeatedOmKeyInfoCodec.java:<init>(41)) - RepeatedOmKeyInfoCodec ignorePipeline = true
2022-10-09 13:08:57,012 [Listener at 0.0.0.0/41029] INFO  om.OzoneManager (OzoneManager.java:instantiateServices(710)) - S3 Multi-Tenancy is disabled
2022-10-09 13:08:57,144 [Listener at 0.0.0.0/41029] INFO  om.OzoneManager (OzoneManager.java:addS3GVolumeToDB(4325)) - Created Volume s3v With Owner runner required for S3Gateway operations.
2022-10-09 13:08:57,146 [Listener at 0.0.0.0/41029] INFO  om.OzoneManager (OzoneManager.java:getRpcServer(1100)) - Creating RPC Server
2022-10-09 13:08:58,225 [Listener at 0.0.0.0/41029] INFO  reflections.Reflections (Reflections.java:scan(232)) - Reflections took 1077 ms to scan 19 urls, producing 67 keys and 4226 values [using 2 cores]
2022-10-09 13:08:58,226 [Listener at 0.0.0.0/41029] INFO  ipc.CallQueueManager (CallQueueManager.java:<init>(90)) - Using callQueue: class java.util.concurrent.LinkedBlockingQueue, queueCapacity: 2000, scheduler: class org.apache.hadoop.ipc.DefaultRpcScheduler, ipcBackoff: false.
2022-10-09 13:08:58,236 [Socket Reader #1 for port 0] INFO  ipc.Server (Server.java:run(1265)) - Starting Socket Reader #1 for port 0
2022-10-09 13:08:58,322 [Listener at 127.0.0.1/34869] INFO  impl.MetricsSystemImpl (MetricsSystemImpl.java:init(158)) - OzoneManager metrics system started (again)
2022-10-09 13:08:58,344 [Listener at 127.0.0.1/34869] INFO  om.OzoneManager (OzoneManager.java:start(1484)) - OzoneManager RPC server is listening at localhost/127.0.0.1:34869
2022-10-09 13:08:58,345 [Listener at 127.0.0.1/34869] INFO  om.OzoneManager (OzoneManager.java:start(1500)) - Version File has different layout version (3) than OM DB (null). That is expected if this OM has never been finalized to a newer layout version.
2022-10-09 13:08:58,351 [Listener at 127.0.0.1/34869] INFO  http.BaseHttpServer (BaseHttpServer.java:newHttpServer2BuilderForOzone(213)) - Starting Web-server for ozoneManager at: http://0.0.0.0:0
2022-10-09 13:08:58,352 [Listener at 127.0.0.1/34869] INFO  http.BaseHttpServer (BaseHttpServer.java:<init>(108)) - Hadoop Security Enabled: false Ozone Security Enabled: false Ozone HTTP Security Enabled: false 
2022-10-09 13:08:58,352 [Listener at 127.0.0.1/34869] INFO  server.AuthenticationFilter (AuthenticationFilter.java:constructSecretProvider(240)) - Unable to initialize FileSignerSecretProvider, falling back to use random secrets.
2022-10-09 13:08:58,353 [Listener at 127.0.0.1/34869] WARN  http.HttpRequestLog (HttpRequestLog.java:getRequestLog(103)) - Jetty request log can only be enabled using Log4j
2022-10-09 13:08:58,354 [Listener at 127.0.0.1/34869] INFO  http.HttpServer2 (HttpServer2.java:addGlobalFilter(1031)) - Added global filter 'safety' (class=org.apache.hadoop.hdds.server.http.HttpServer2$QuotingInputFilter)
2022-10-09 13:08:58,354 [Listener at 127.0.0.1/34869] INFO  http.HttpServer2 (HttpServer2.java:addFilter(1007)) - Added filter static_user_filter (class=org.apache.hadoop.http.lib.StaticUserWebFilter$StaticUserFilter) to context ozoneManager
2022-10-09 13:08:58,355 [Listener at 127.0.0.1/34869] INFO  http.HttpServer2 (HttpServer2.java:addFilter(1015)) - Added filter static_user_filter (class=org.apache.hadoop.http.lib.StaticUserWebFilter$StaticUserFilter) to context logs
2022-10-09 13:08:58,355 [Listener at 127.0.0.1/34869] INFO  http.HttpServer2 (HttpServer2.java:addFilter(1015)) - Added filter static_user_filter (class=org.apache.hadoop.http.lib.StaticUserWebFilter$StaticUserFilter) to context static
2022-10-09 13:08:58,355 [Listener at 127.0.0.1/34869] INFO  http.HttpServer2 (HttpServer2.java:bindListener(1250)) - Jetty bound to port 44269
2022-10-09 13:08:58,355 [Listener at 127.0.0.1/34869] INFO  server.Server (Server.java:doStart(375)) - jetty-9.4.43.v20210629; built: 2021-06-30T11:07:22.254Z; git: 526006ecfa3af7f1a27ef3a288e2bef7ea9dd7e8; jvm 1.8.0_345-b01
2022-10-09 13:08:58,357 [Listener at 127.0.0.1/34869] INFO  server.session (DefaultSessionIdManager.java:doStart(334)) - DefaultSessionIdManager workerName=node0
2022-10-09 13:08:58,357 [Listener at 127.0.0.1/34869] INFO  server.session (DefaultSessionIdManager.java:doStart(339)) - No SessionScavenger set, using defaults
2022-10-09 13:08:58,358 [Listener at 127.0.0.1/34869] INFO  server.session (HouseKeeper.java:startScavenging(132)) - node0 Scavenging every 600000ms
2022-10-09 13:08:58,358 [Listener at 127.0.0.1/34869] INFO  handler.ContextHandler (ContextHandler.java:doStart(915)) - Started o.e.j.s.ServletContextHandler@3e645b{logs,/logs,file:///home/runner/work/ozone/ozone/hadoop-ozone/integration-test/target/log,AVAILABLE}
2022-10-09 13:08:58,358 [Listener at 127.0.0.1/34869] INFO  handler.ContextHandler (ContextHandler.java:doStart(915)) - Started o.e.j.s.ServletContextHandler@749d8cb6{static,/static,file:///home/runner/work/ozone/ozone/hadoop-ozone/integration-test/target/test-classes/webapps/static,AVAILABLE}
2022-10-09 13:08:58,361 [Listener at 127.0.0.1/34869] INFO  handler.ContextHandler (ContextHandler.java:doStart(915)) - Started o.e.j.w.WebAppContext@1a37a327{ozoneManager,/,file:///home/runner/work/ozone/ozone/hadoop-ozone/integration-test/target/test-classes/webapps/ozoneManager/,AVAILABLE}{file:/home/runner/work/ozone/ozone/hadoop-ozone/integration-test/target/test-classes/webapps/ozoneManager}
2022-10-09 13:08:58,389 [Listener at 127.0.0.1/34869] INFO  server.AbstractConnector (AbstractConnector.java:doStart(331)) - Started ServerConnector@e628ccb{HTTP/1.1, (http/1.1)}{0.0.0.0:44269}
2022-10-09 13:08:58,389 [Listener at 127.0.0.1/34869] INFO  server.Server (Server.java:doStart(415)) - Started @315798ms
2022-10-09 13:08:58,390 [Listener at 127.0.0.1/34869] WARN  impl.MetricsSystemImpl (MetricsSystemImpl.java:register(279)) - Sink prometheus already exists!
2022-10-09 13:08:58,451 [Listener at 127.0.0.1/34869] INFO  http.BaseHttpServer (BaseHttpServer.java:updateConnectorAddress(333)) - HTTP server of ozoneManager listening at http://0.0.0.0:44269
2022-10-09 13:08:58,457 [IPC Server listener on 0] INFO  ipc.Server (Server.java:run(1344)) - IPC Server listener on 0: starting
2022-10-09 13:08:58,458 [IPC Server Responder] INFO  ipc.Server (Server.java:run(1507)) - IPC Server Responder: starting
2022-10-09 13:08:58,460 [Listener at 127.0.0.1/34869] INFO  om.TrashPolicyOzone (TrashPolicyOzone.java:<init>(178)) - Ozone Manager trash configuration: Deletion interval = 0 minutes, Emptier interval = 0 minutes.
2022-10-09 13:08:58,487 [org.apache.hadoop.util.JvmPauseMonitor$Monitor@3a128812] INFO  util.JvmPauseMonitor (JvmPauseMonitor.java:run(188)) - Starting JVM pause monitor
2022-10-09 13:08:58,493 [Listener at 127.0.0.1/34869] INFO  impl.MetricsSystemImpl (MetricsSystemImpl.java:init(158)) - HddsDatanode metrics system started (again)
2022-10-09 13:08:58,509 [Listener at 127.0.0.1/34869] INFO  ozone.HddsDatanodeService (HddsDatanodeService.java:start(236)) - HddsDatanodeService host:fv-az212-628.zlodpucb4l4udavnfxg5s20dva.cx.internal.cloudapp.net ip:10.1.0.209
2022-10-09 13:08:58,612 [Listener at 127.0.0.1/34869] INFO  upgrade.AbstractLayoutVersionManager (AbstractLayoutVersionManager.java:init(83)) - Initializing Layout version manager with metadata layout = DATANODE_SCHEMA_V3 (version = 4), software layout = DATANODE_SCHEMA_V3 (version = 4)
2022-10-09 13:08:58,712 [Listener at 127.0.0.1/34869] INFO  reflections.Reflections (Reflections.java:scan(232)) - Reflections took 92 ms to scan 7 urls, producing 135 keys and 327 values 
2022-10-09 13:08:58,713 [Listener at 127.0.0.1/34869] INFO  statemachine.DatanodeStateMachine (DatanodeStateMachine.java:getEndPointTaskThreadPoolSize(237)) - Datanode State Machine Task Thread Pool size 2
2022-10-09 13:08:58,721 [Listener at 127.0.0.1/34869] INFO  volume.HddsVolume (HddsVolume.java:<init>(117)) - Creating HddsVolume: /home/runner/work/ozone/ozone/hadoop-ozone/integration-test/target/test-dir/MiniOzoneClusterImpl-ae096de1-e798-4387-a84e-b49ba4bb805b/datanode-0/data-0/containers/hdds of storage type : DISK capacity : 9223372036854775807
2022-10-09 13:08:58,721 [Listener at 127.0.0.1/34869] INFO  volume.MutableVolumeSet (MutableVolumeSet.java:initializeVolumeSet(174)) - Added Volume : /home/runner/work/ozone/ozone/hadoop-ozone/integration-test/target/test-dir/MiniOzoneClusterImpl-ae096de1-e798-4387-a84e-b49ba4bb805b/datanode-0/data-0/containers/hdds to VolumeSet
2022-10-09 13:08:58,721 [Listener at 127.0.0.1/34869] INFO  volume.ThrottledAsyncChecker (ThrottledAsyncChecker.java:schedule(141)) - Scheduling a check for /home/runner/work/ozone/ozone/hadoop-ozone/integration-test/target/test-dir/MiniOzoneClusterImpl-ae096de1-e798-4387-a84e-b49ba4bb805b/datanode-0/data-0/containers/hdds
2022-10-09 13:08:58,722 [Listener at 127.0.0.1/34869] INFO  volume.StorageVolumeChecker (StorageVolumeChecker.java:checkAllVolumes(202)) - Scheduled health check for volume /home/runner/work/ozone/ozone/hadoop-ozone/integration-test/target/test-dir/MiniOzoneClusterImpl-ae096de1-e798-4387-a84e-b49ba4bb805b/datanode-0/data-0/containers/hdds
2022-10-09 13:08:58,734 [Listener at 127.0.0.1/34869] INFO  volume.MutableVolumeSet (MutableVolumeSet.java:initializeVolumeSet(174)) - Added Volume : /home/runner/work/ozone/ozone/hadoop-ozone/integration-test/target/test-dir/MiniOzoneClusterImpl-ae096de1-e798-4387-a84e-b49ba4bb805b/datanode-0/data/ratis to VolumeSet
2022-10-09 13:08:58,734 [Listener at 127.0.0.1/34869] INFO  volume.ThrottledAsyncChecker (ThrottledAsyncChecker.java:schedule(141)) - Scheduling a check for /home/runner/work/ozone/ozone/hadoop-ozone/integration-test/target/test-dir/MiniOzoneClusterImpl-ae096de1-e798-4387-a84e-b49ba4bb805b/datanode-0/data/ratis
2022-10-09 13:08:58,734 [Listener at 127.0.0.1/34869] INFO  volume.StorageVolumeChecker (StorageVolumeChecker.java:checkAllVolumes(202)) - Scheduled health check for volume /home/runner/work/ozone/ozone/hadoop-ozone/integration-test/target/test-dir/MiniOzoneClusterImpl-ae096de1-e798-4387-a84e-b49ba4bb805b/datanode-0/data/ratis
2022-10-09 13:08:58,757 [Thread-1654] INFO  ozoneimpl.ContainerReader (ContainerReader.java:readVolume(175)) - Finish verifying containers on volume /home/runner/work/ozone/ozone/hadoop-ozone/integration-test/target/test-dir/MiniOzoneClusterImpl-ae096de1-e798-4387-a84e-b49ba4bb805b/datanode-0/data-0/containers/hdds
2022-10-09 13:08:58,757 [Listener at 127.0.0.1/34869] INFO  ozoneimpl.OzoneContainer (OzoneContainer.java:buildContainerSet(300)) - Build ContainerSet costs 0s
2022-10-09 13:08:58,759 [Listener at 127.0.0.1/34869] INFO  server.RaftServer (ConfUtils.java:logGet(46)) - raft.rpc.type = GRPC (default)
2022-10-09 13:08:58,759 [Listener at 127.0.0.1/34869] INFO  grpc.GrpcFactory (GrpcFactory.java:checkPooledByteBufAllocatorUseCacheForAllThreads(48)) - PERFORMANCE WARNING: useCacheForAllThreads is true that may cause Netty to create a lot garbage objects and, as a result, trigger GC.
	It is recommended to disable useCacheForAllThreads by setting -Dorg.apache.ratis.thirdparty.io.netty.allocator.useCacheForAllThreads=false in command line.
2022-10-09 13:08:58,759 [Listener at 127.0.0.1/34869] INFO  grpc.GrpcConfigKeys (ConfUtils.java:logGet(46)) - raft.grpc.admin.port = 0 (custom)
2022-10-09 13:08:58,759 [Listener at 127.0.0.1/34869] INFO  grpc.GrpcConfigKeys (ConfUtils.java:logGet(46)) - raft.grpc.client.port = 0 (custom)
2022-10-09 13:08:58,759 [Listener at 127.0.0.1/34869] INFO  grpc.GrpcConfigKeys (ConfUtils.java:logGet(46)) - raft.grpc.server.port = 0 (default)
2022-10-09 13:08:58,760 [Listener at 127.0.0.1/34869] INFO  server.GrpcService (ConfUtils.java:logGet(46)) - raft.grpc.message.size.max = 32MB (=33554432) (custom)
2022-10-09 13:08:58,760 [Listener at 127.0.0.1/34869] INFO  server.RaftServerConfigKeys (ConfUtils.java:logGet(46)) - raft.server.log.appender.buffer.byte-limit = 33554432 (custom)
2022-10-09 13:08:58,760 [Listener at 127.0.0.1/34869] INFO  server.GrpcService (ConfUtils.java:logGet(46)) - raft.grpc.flow.control.window = 5MB (=5242880) (custom)
2022-10-09 13:08:58,760 [Listener at 127.0.0.1/34869] INFO  server.RaftServerConfigKeys (ConfUtils.java:logGet(46)) - raft.server.rpc.request.timeout = 60s (custom)
2022-10-09 13:08:58,760 [Listener at 127.0.0.1/34869] INFO  grpc.GrpcConfigKeys (ConfUtils.java:logGet(46)) - raft.grpc.server.async.request.thread.pool.cached = true (default)
2022-10-09 13:08:58,760 [Listener at 127.0.0.1/34869] INFO  grpc.GrpcConfigKeys (ConfUtils.java:logGet(46)) - raft.grpc.server.async.request.thread.pool.size = 32 (default)
2022-10-09 13:08:58,761 [Listener at 127.0.0.1/34869] INFO  impl.DataStreamServerImpl (ConfUtils.java:logGet(46)) - raft.datastream.type = DISABLED (default)
2022-10-09 13:08:58,761 [Listener at 127.0.0.1/34869] INFO  server.RaftServerConfigKeys (ConfUtils.java:logGet(46)) - raft.server.threadpool.proxy.cached = true (default)
2022-10-09 13:08:58,761 [Listener at 127.0.0.1/34869] INFO  server.RaftServerConfigKeys (ConfUtils.java:logGet(46)) - raft.server.threadpool.proxy.size = 0 (default)
2022-10-09 13:08:58,762 [Listener at 127.0.0.1/34869] INFO  server.RaftServerConfigKeys (ConfUtils.java:logGet(46)) - raft.server.rpc.slowness.timeout = 300s (custom)
2022-10-09 13:08:58,762 [Listener at 127.0.0.1/34869] INFO  server.RaftServerConfigKeys (ConfUtils.java:logGet(46)) - raft.server.leaderelection.leader.step-down.wait-time = 10s (default)
2022-10-09 13:08:58,762 [Listener at 127.0.0.1/34869] INFO  server.RaftServerConfigKeys (ConfUtils.java:logGet(46)) - raft.server.storage.dir = [/home/runner/work/ozone/ozone/hadoop-ozone/integration-test/target/test-dir/MiniOzoneClusterImpl-ae096de1-e798-4387-a84e-b49ba4bb805b/datanode-0/data/ratis] (custom)
2022-10-09 13:08:58,763 [Listener at 127.0.0.1/34869] INFO  server.XceiverServerGrpc (XceiverServerGrpc.java:<init>(132)) - GrpcServer channel type EpollServerSocketChannel
2022-10-09 13:08:58,808 [Listener at 127.0.0.1/34869] INFO  http.BaseHttpServer (BaseHttpServer.java:newHttpServer2BuilderForOzone(213)) - Starting Web-server for hddsDatanode at: http://0.0.0.0:0
2022-10-09 13:08:58,808 [Listener at 127.0.0.1/34869] INFO  http.BaseHttpServer (BaseHttpServer.java:<init>(108)) - Hadoop Security Enabled: false Ozone Security Enabled: false Ozone HTTP Security Enabled: false 
2022-10-09 13:08:58,809 [Listener at 127.0.0.1/34869] INFO  server.AuthenticationFilter (AuthenticationFilter.java:constructSecretProvider(240)) - Unable to initialize FileSignerSecretProvider, falling back to use random secrets.
2022-10-09 13:08:58,820 [Listener at 127.0.0.1/34869] WARN  http.HttpRequestLog (HttpRequestLog.java:getRequestLog(103)) - Jetty request log can only be enabled using Log4j
2022-10-09 13:08:58,821 [Listener at 127.0.0.1/34869] INFO  http.HttpServer2 (HttpServer2.java:addGlobalFilter(1031)) - Added global filter 'safety' (class=org.apache.hadoop.hdds.server.http.HttpServer2$QuotingInputFilter)
2022-10-09 13:08:58,821 [Listener at 127.0.0.1/34869] INFO  http.HttpServer2 (HttpServer2.java:addFilter(1007)) - Added filter static_user_filter (class=org.apache.hadoop.http.lib.StaticUserWebFilter$StaticUserFilter) to context hddsDatanode
2022-10-09 13:08:58,821 [Listener at 127.0.0.1/34869] INFO  http.HttpServer2 (HttpServer2.java:addFilter(1015)) - Added filter static_user_filter (class=org.apache.hadoop.http.lib.StaticUserWebFilter$StaticUserFilter) to context static
2022-10-09 13:08:58,821 [Listener at 127.0.0.1/34869] INFO  http.HttpServer2 (HttpServer2.java:addFilter(1015)) - Added filter static_user_filter (class=org.apache.hadoop.http.lib.StaticUserWebFilter$StaticUserFilter) to context logs
2022-10-09 13:08:58,822 [Listener at 127.0.0.1/34869] INFO  http.HttpServer2 (HttpServer2.java:bindListener(1250)) - Jetty bound to port 44657
2022-10-09 13:08:58,822 [Listener at 127.0.0.1/34869] INFO  server.Server (Server.java:doStart(375)) - jetty-9.4.43.v20210629; built: 2021-06-30T11:07:22.254Z; git: 526006ecfa3af7f1a27ef3a288e2bef7ea9dd7e8; jvm 1.8.0_345-b01
2022-10-09 13:08:58,864 [Listener at 127.0.0.1/34869] INFO  server.session (DefaultSessionIdManager.java:doStart(334)) - DefaultSessionIdManager workerName=node0
2022-10-09 13:08:58,864 [Listener at 127.0.0.1/34869] INFO  server.session (DefaultSessionIdManager.java:doStart(339)) - No SessionScavenger set, using defaults
2022-10-09 13:08:58,864 [Listener at 127.0.0.1/34869] INFO  server.session (HouseKeeper.java:startScavenging(132)) - node0 Scavenging every 660000ms
2022-10-09 13:08:58,883 [Listener at 127.0.0.1/34869] INFO  handler.ContextHandler (ContextHandler.java:doStart(915)) - Started o.e.j.s.ServletContextHandler@652194ef{logs,/logs,file:///home/runner/work/ozone/ozone/hadoop-ozone/integration-test/target/log,AVAILABLE}
2022-10-09 13:08:58,883 [Listener at 127.0.0.1/34869] INFO  handler.ContextHandler (ContextHandler.java:doStart(915)) - Started o.e.j.s.ServletContextHandler@1e96c1d7{static,/static,jar:file:/home/runner/.m2/repository/org/apache/ozone/hdds-container-service/1.3.0-SNAPSHOT/hdds-container-service-1.3.0-SNAPSHOT.jar!/webapps/static,AVAILABLE}
2022-10-09 13:08:59,460 [Listener at 127.0.0.1/34869] INFO  handler.ContextHandler (ContextHandler.java:doStart(915)) - Started o.e.j.w.WebAppContext@59fafacb{hddsDatanode,/,file:///tmp/jetty-0_0_0_0-44657-hdds-container-service-1_3_0-SNAPSHOT_jar-_-any-4113803411340077400/webapp/,AVAILABLE}{jar:file:/home/runner/.m2/repository/org/apache/ozone/hdds-container-service/1.3.0-SNAPSHOT/hdds-container-service-1.3.0-SNAPSHOT.jar!/webapps/hddsDatanode}
2022-10-09 13:08:59,478 [Listener at 127.0.0.1/34869] INFO  server.AbstractConnector (AbstractConnector.java:doStart(331)) - Started ServerConnector@5144acb6{HTTP/1.1, (http/1.1)}{0.0.0.0:44657}
2022-10-09 13:08:59,479 [Listener at 127.0.0.1/34869] INFO  server.Server (Server.java:doStart(415)) - Started @316887ms
2022-10-09 13:08:59,479 [Listener at 127.0.0.1/34869] WARN  impl.MetricsSystemImpl (MetricsSystemImpl.java:register(279)) - Sink prometheus already exists!
2022-10-09 13:08:59,480 [Listener at 127.0.0.1/34869] INFO  http.BaseHttpServer (BaseHttpServer.java:updateConnectorAddress(333)) - HTTP server of hddsDatanode listening at http://0.0.0.0:44657
2022-10-09 13:08:59,520 [Listener at 127.0.0.1/34869] INFO  impl.MetricsSystemImpl (MetricsSystemImpl.java:init(158)) - HddsDatanode metrics system started (again)
2022-10-09 13:08:59,548 [Datanode State Machine Daemon Thread] INFO  statemachine.DatanodeStateMachine (DatanodeStateMachine.java:lambda$startDaemon$0(492)) - Ozone container server started.
2022-10-09 13:08:59,599 [Listener at 127.0.0.1/34869] INFO  ozone.HddsDatanodeService (HddsDatanodeService.java:start(236)) - HddsDatanodeService host:fv-az212-628.zlodpucb4l4udavnfxg5s20dva.cx.internal.cloudapp.net ip:10.1.0.209
2022-10-09 13:08:59,648 [org.apache.hadoop.util.JvmPauseMonitor$Monitor@1c21d5d0] INFO  util.JvmPauseMonitor (JvmPauseMonitor.java:run(188)) - Starting JVM pause monitor
2022-10-09 13:08:59,659 [Datanode State Machine Task Thread - 0] INFO  datanode.InitDatanodeState (InitDatanodeState.java:persistContainerDatanodeDetails(138)) - DatanodeDetails is persisted to /home/runner/work/ozone/ozone/hadoop-ozone/integration-test/target/test-dir/MiniOzoneClusterImpl-ae096de1-e798-4387-a84e-b49ba4bb805b/datanode-0/meta/datanode.id
2022-10-09 13:08:59,673 [Listener at 127.0.0.1/34869] INFO  upgrade.AbstractLayoutVersionManager (AbstractLayoutVersionManager.java:init(83)) - Initializing Layout version manager with metadata layout = DATANODE_SCHEMA_V3 (version = 4), software layout = DATANODE_SCHEMA_V3 (version = 4)
2022-10-09 13:08:59,740 [Listener at 127.0.0.1/34869] INFO  reflections.Reflections (Reflections.java:scan(232)) - Reflections took 66 ms to scan 7 urls, producing 135 keys and 327 values 
2022-10-09 13:08:59,756 [Listener at 127.0.0.1/34869] INFO  statemachine.DatanodeStateMachine (DatanodeStateMachine.java:getEndPointTaskThreadPoolSize(237)) - Datanode State Machine Task Thread Pool size 2
2022-10-09 13:08:59,779 [Listener at 127.0.0.1/34869] INFO  volume.HddsVolume (HddsVolume.java:<init>(117)) - Creating HddsVolume: /home/runner/work/ozone/ozone/hadoop-ozone/integration-test/target/test-dir/MiniOzoneClusterImpl-ae096de1-e798-4387-a84e-b49ba4bb805b/datanode-1/data-0/containers/hdds of storage type : DISK capacity : 9223372036854775807
2022-10-09 13:08:59,780 [Listener at 127.0.0.1/34869] INFO  volume.MutableVolumeSet (MutableVolumeSet.java:initializeVolumeSet(174)) - Added Volume : /home/runner/work/ozone/ozone/hadoop-ozone/integration-test/target/test-dir/MiniOzoneClusterImpl-ae096de1-e798-4387-a84e-b49ba4bb805b/datanode-1/data-0/containers/hdds to VolumeSet
2022-10-09 13:08:59,780 [Listener at 127.0.0.1/34869] INFO  volume.ThrottledAsyncChecker (ThrottledAsyncChecker.java:schedule(141)) - Scheduling a check for /home/runner/work/ozone/ozone/hadoop-ozone/integration-test/target/test-dir/MiniOzoneClusterImpl-ae096de1-e798-4387-a84e-b49ba4bb805b/datanode-1/data-0/containers/hdds
2022-10-09 13:08:59,789 [Listener at 127.0.0.1/34869] INFO  volume.StorageVolumeChecker (StorageVolumeChecker.java:checkAllVolumes(202)) - Scheduled health check for volume /home/runner/work/ozone/ozone/hadoop-ozone/integration-test/target/test-dir/MiniOzoneClusterImpl-ae096de1-e798-4387-a84e-b49ba4bb805b/datanode-1/data-0/containers/hdds
2022-10-09 13:08:59,807 [Listener at 127.0.0.1/34869] INFO  volume.MutableVolumeSet (MutableVolumeSet.java:initializeVolumeSet(174)) - Added Volume : /home/runner/work/ozone/ozone/hadoop-ozone/integration-test/target/test-dir/MiniOzoneClusterImpl-ae096de1-e798-4387-a84e-b49ba4bb805b/datanode-1/data/ratis to VolumeSet
2022-10-09 13:08:59,807 [Listener at 127.0.0.1/34869] INFO  volume.ThrottledAsyncChecker (ThrottledAsyncChecker.java:schedule(141)) - Scheduling a check for /home/runner/work/ozone/ozone/hadoop-ozone/integration-test/target/test-dir/MiniOzoneClusterImpl-ae096de1-e798-4387-a84e-b49ba4bb805b/datanode-1/data/ratis
2022-10-09 13:08:59,807 [Listener at 127.0.0.1/34869] INFO  volume.StorageVolumeChecker (StorageVolumeChecker.java:checkAllVolumes(202)) - Scheduled health check for volume /home/runner/work/ozone/ozone/hadoop-ozone/integration-test/target/test-dir/MiniOzoneClusterImpl-ae096de1-e798-4387-a84e-b49ba4bb805b/datanode-1/data/ratis
2022-10-09 13:08:59,835 [Thread-1667] INFO  ozoneimpl.ContainerReader (ContainerReader.java:readVolume(175)) - Finish verifying containers on volume /home/runner/work/ozone/ozone/hadoop-ozone/integration-test/target/test-dir/MiniOzoneClusterImpl-ae096de1-e798-4387-a84e-b49ba4bb805b/datanode-1/data-0/containers/hdds
2022-10-09 13:08:59,835 [Listener at 127.0.0.1/34869] INFO  ozoneimpl.OzoneContainer (OzoneContainer.java:buildContainerSet(300)) - Build ContainerSet costs 0s
2022-10-09 13:08:59,837 [Listener at 127.0.0.1/34869] INFO  server.RaftServer (ConfUtils.java:logGet(46)) - raft.rpc.type = GRPC (default)
2022-10-09 13:08:59,837 [Listener at 127.0.0.1/34869] INFO  grpc.GrpcFactory (GrpcFactory.java:checkPooledByteBufAllocatorUseCacheForAllThreads(48)) - PERFORMANCE WARNING: useCacheForAllThreads is true that may cause Netty to create a lot garbage objects and, as a result, trigger GC.
	It is recommended to disable useCacheForAllThreads by setting -Dorg.apache.ratis.thirdparty.io.netty.allocator.useCacheForAllThreads=false in command line.
2022-10-09 13:08:59,837 [Listener at 127.0.0.1/34869] INFO  grpc.GrpcConfigKeys (ConfUtils.java:logGet(46)) - raft.grpc.admin.port = 0 (custom)
2022-10-09 13:08:59,837 [Listener at 127.0.0.1/34869] INFO  grpc.GrpcConfigKeys (ConfUtils.java:logGet(46)) - raft.grpc.client.port = 0 (custom)
2022-10-09 13:08:59,837 [Listener at 127.0.0.1/34869] INFO  grpc.GrpcConfigKeys (ConfUtils.java:logGet(46)) - raft.grpc.server.port = 0 (default)
2022-10-09 13:08:59,837 [Listener at 127.0.0.1/34869] INFO  server.GrpcService (ConfUtils.java:logGet(46)) - raft.grpc.message.size.max = 32MB (=33554432) (custom)
2022-10-09 13:08:59,837 [Listener at 127.0.0.1/34869] INFO  server.RaftServerConfigKeys (ConfUtils.java:logGet(46)) - raft.server.log.appender.buffer.byte-limit = 33554432 (custom)
2022-10-09 13:08:59,837 [Listener at 127.0.0.1/34869] INFO  server.GrpcService (ConfUtils.java:logGet(46)) - raft.grpc.flow.control.window = 5MB (=5242880) (custom)
2022-10-09 13:08:59,838 [Listener at 127.0.0.1/34869] INFO  server.RaftServerConfigKeys (ConfUtils.java:logGet(46)) - raft.server.rpc.request.timeout = 60s (custom)
2022-10-09 13:08:59,838 [Listener at 127.0.0.1/34869] INFO  grpc.GrpcConfigKeys (ConfUtils.java:logGet(46)) - raft.grpc.server.async.request.thread.pool.cached = true (default)
2022-10-09 13:08:59,838 [Listener at 127.0.0.1/34869] INFO  grpc.GrpcConfigKeys (ConfUtils.java:logGet(46)) - raft.grpc.server.async.request.thread.pool.size = 32 (default)
2022-10-09 13:08:59,839 [Listener at 127.0.0.1/34869] INFO  impl.DataStreamServerImpl (ConfUtils.java:logGet(46)) - raft.datastream.type = DISABLED (default)
2022-10-09 13:08:59,839 [Listener at 127.0.0.1/34869] INFO  server.RaftServerConfigKeys (ConfUtils.java:logGet(46)) - raft.server.threadpool.proxy.cached = true (default)
2022-10-09 13:08:59,839 [Listener at 127.0.0.1/34869] INFO  server.RaftServerConfigKeys (ConfUtils.java:logGet(46)) - raft.server.threadpool.proxy.size = 0 (default)
2022-10-09 13:08:59,839 [Listener at 127.0.0.1/34869] INFO  server.RaftServerConfigKeys (ConfUtils.java:logGet(46)) - raft.server.rpc.slowness.timeout = 300s (custom)
2022-10-09 13:08:59,839 [Listener at 127.0.0.1/34869] INFO  server.RaftServerConfigKeys (ConfUtils.java:logGet(46)) - raft.server.leaderelection.leader.step-down.wait-time = 10s (default)
2022-10-09 13:08:59,839 [Listener at 127.0.0.1/34869] INFO  server.RaftServerConfigKeys (ConfUtils.java:logGet(46)) - raft.server.storage.dir = [/home/runner/work/ozone/ozone/hadoop-ozone/integration-test/target/test-dir/MiniOzoneClusterImpl-ae096de1-e798-4387-a84e-b49ba4bb805b/datanode-1/data/ratis] (custom)
2022-10-09 13:08:59,850 [Listener at 127.0.0.1/34869] INFO  server.XceiverServerGrpc (XceiverServerGrpc.java:<init>(132)) - GrpcServer channel type EpollServerSocketChannel
2022-10-09 13:08:59,853 [Listener at 127.0.0.1/34869] INFO  http.BaseHttpServer (BaseHttpServer.java:newHttpServer2BuilderForOzone(213)) - Starting Web-server for hddsDatanode at: http://0.0.0.0:0
2022-10-09 13:08:59,853 [Listener at 127.0.0.1/34869] INFO  http.BaseHttpServer (BaseHttpServer.java:<init>(108)) - Hadoop Security Enabled: false Ozone Security Enabled: false Ozone HTTP Security Enabled: false 
2022-10-09 13:08:59,854 [Listener at 127.0.0.1/34869] INFO  server.AuthenticationFilter (AuthenticationFilter.java:constructSecretProvider(240)) - Unable to initialize FileSignerSecretProvider, falling back to use random secrets.
2022-10-09 13:08:59,856 [Listener at 127.0.0.1/34869] WARN  http.HttpRequestLog (HttpRequestLog.java:getRequestLog(103)) - Jetty request log can only be enabled using Log4j
2022-10-09 13:08:59,857 [Listener at 127.0.0.1/34869] INFO  http.HttpServer2 (HttpServer2.java:addGlobalFilter(1031)) - Added global filter 'safety' (class=org.apache.hadoop.hdds.server.http.HttpServer2$QuotingInputFilter)
2022-10-09 13:08:59,857 [Listener at 127.0.0.1/34869] INFO  http.HttpServer2 (HttpServer2.java:addFilter(1007)) - Added filter static_user_filter (class=org.apache.hadoop.http.lib.StaticUserWebFilter$StaticUserFilter) to context hddsDatanode
2022-10-09 13:08:59,857 [Listener at 127.0.0.1/34869] INFO  http.HttpServer2 (HttpServer2.java:addFilter(1015)) - Added filter static_user_filter (class=org.apache.hadoop.http.lib.StaticUserWebFilter$StaticUserFilter) to context static
2022-10-09 13:08:59,857 [Listener at 127.0.0.1/34869] INFO  http.HttpServer2 (HttpServer2.java:addFilter(1015)) - Added filter static_user_filter (class=org.apache.hadoop.http.lib.StaticUserWebFilter$StaticUserFilter) to context logs
2022-10-09 13:08:59,859 [Listener at 127.0.0.1/34869] INFO  http.HttpServer2 (HttpServer2.java:bindListener(1250)) - Jetty bound to port 41351
2022-10-09 13:08:59,859 [Listener at 127.0.0.1/34869] INFO  server.Server (Server.java:doStart(375)) - jetty-9.4.43.v20210629; built: 2021-06-30T11:07:22.254Z; git: 526006ecfa3af7f1a27ef3a288e2bef7ea9dd7e8; jvm 1.8.0_345-b01
2022-10-09 13:08:59,865 [Listener at 127.0.0.1/34869] INFO  server.session (DefaultSessionIdManager.java:doStart(334)) - DefaultSessionIdManager workerName=node0
2022-10-09 13:08:59,865 [Listener at 127.0.0.1/34869] INFO  server.session (DefaultSessionIdManager.java:doStart(339)) - No SessionScavenger set, using defaults
2022-10-09 13:08:59,865 [Listener at 127.0.0.1/34869] INFO  server.session (HouseKeeper.java:startScavenging(132)) - node0 Scavenging every 600000ms
2022-10-09 13:08:59,866 [Listener at 127.0.0.1/34869] INFO  handler.ContextHandler (ContextHandler.java:doStart(915)) - Started o.e.j.s.ServletContextHandler@6b7e85d3{logs,/logs,file:///home/runner/work/ozone/ozone/hadoop-ozone/integration-test/target/log,AVAILABLE}
2022-10-09 13:08:59,866 [Listener at 127.0.0.1/34869] INFO  handler.ContextHandler (ContextHandler.java:doStart(915)) - Started o.e.j.s.ServletContextHandler@4d62fd49{static,/static,jar:file:/home/runner/.m2/repository/org/apache/ozone/hdds-container-service/1.3.0-SNAPSHOT/hdds-container-service-1.3.0-SNAPSHOT.jar!/webapps/static,AVAILABLE}
2022-10-09 13:09:00,135 [Listener at 127.0.0.1/34869] INFO  handler.ContextHandler (ContextHandler.java:doStart(915)) - Started o.e.j.w.WebAppContext@7ea1a4ab{hddsDatanode,/,file:///tmp/jetty-0_0_0_0-41351-hdds-container-service-1_3_0-SNAPSHOT_jar-_-any-1799531261100356582/webapp/,AVAILABLE}{jar:file:/home/runner/.m2/repository/org/apache/ozone/hdds-container-service/1.3.0-SNAPSHOT/hdds-container-service-1.3.0-SNAPSHOT.jar!/webapps/hddsDatanode}
2022-10-09 13:09:00,148 [Listener at 127.0.0.1/34869] INFO  server.AbstractConnector (AbstractConnector.java:doStart(331)) - Started ServerConnector@684ee9eb{HTTP/1.1, (http/1.1)}{0.0.0.0:41351}
2022-10-09 13:09:00,148 [Listener at 127.0.0.1/34869] INFO  server.Server (Server.java:doStart(415)) - Started @317556ms
2022-10-09 13:09:00,148 [Listener at 127.0.0.1/34869] WARN  impl.MetricsSystemImpl (MetricsSystemImpl.java:register(279)) - Sink prometheus already exists!
2022-10-09 13:09:00,149 [Listener at 127.0.0.1/34869] INFO  http.BaseHttpServer (BaseHttpServer.java:updateConnectorAddress(333)) - HTTP server of hddsDatanode listening at http://0.0.0.0:41351
2022-10-09 13:09:00,149 [Listener at 127.0.0.1/34869] INFO  impl.MetricsSystemImpl (MetricsSystemImpl.java:init(158)) - HddsDatanode metrics system started (again)
2022-10-09 13:09:00,153 [Datanode State Machine Daemon Thread] INFO  statemachine.DatanodeStateMachine (DatanodeStateMachine.java:lambda$startDaemon$0(492)) - Ozone container server started.
2022-10-09 13:09:00,184 [Listener at 127.0.0.1/34869] INFO  ozone.HddsDatanodeService (HddsDatanodeService.java:start(236)) - HddsDatanodeService host:fv-az212-628.zlodpucb4l4udavnfxg5s20dva.cx.internal.cloudapp.net ip:10.1.0.209
2022-10-09 13:09:00,216 [org.apache.hadoop.util.JvmPauseMonitor$Monitor@43bbc0eb] INFO  util.JvmPauseMonitor (JvmPauseMonitor.java:run(188)) - Starting JVM pause monitor
2022-10-09 13:09:00,224 [Datanode State Machine Task Thread - 0] INFO  datanode.InitDatanodeState (InitDatanodeState.java:persistContainerDatanodeDetails(138)) - DatanodeDetails is persisted to /home/runner/work/ozone/ozone/hadoop-ozone/integration-test/target/test-dir/MiniOzoneClusterImpl-ae096de1-e798-4387-a84e-b49ba4bb805b/datanode-1/meta/datanode.id
2022-10-09 13:09:00,254 [Listener at 127.0.0.1/34869] INFO  upgrade.AbstractLayoutVersionManager (AbstractLayoutVersionManager.java:init(83)) - Initializing Layout version manager with metadata layout = DATANODE_SCHEMA_V3 (version = 4), software layout = DATANODE_SCHEMA_V3 (version = 4)
2022-10-09 13:09:00,301 [Listener at 127.0.0.1/34869] INFO  reflections.Reflections (Reflections.java:scan(232)) - Reflections took 46 ms to scan 7 urls, producing 135 keys and 327 values 
2022-10-09 13:09:00,302 [Listener at 127.0.0.1/34869] INFO  statemachine.DatanodeStateMachine (DatanodeStateMachine.java:getEndPointTaskThreadPoolSize(237)) - Datanode State Machine Task Thread Pool size 2
2022-10-09 13:09:00,304 [Listener at 127.0.0.1/34869] INFO  volume.HddsVolume (HddsVolume.java:<init>(117)) - Creating HddsVolume: /home/runner/work/ozone/ozone/hadoop-ozone/integration-test/target/test-dir/MiniOzoneClusterImpl-ae096de1-e798-4387-a84e-b49ba4bb805b/datanode-2/data-0/containers/hdds of storage type : DISK capacity : 9223372036854775807
2022-10-09 13:09:00,304 [Listener at 127.0.0.1/34869] INFO  volume.MutableVolumeSet (MutableVolumeSet.java:initializeVolumeSet(174)) - Added Volume : /home/runner/work/ozone/ozone/hadoop-ozone/integration-test/target/test-dir/MiniOzoneClusterImpl-ae096de1-e798-4387-a84e-b49ba4bb805b/datanode-2/data-0/containers/hdds to VolumeSet
2022-10-09 13:09:00,304 [Listener at 127.0.0.1/34869] INFO  volume.ThrottledAsyncChecker (ThrottledAsyncChecker.java:schedule(141)) - Scheduling a check for /home/runner/work/ozone/ozone/hadoop-ozone/integration-test/target/test-dir/MiniOzoneClusterImpl-ae096de1-e798-4387-a84e-b49ba4bb805b/datanode-2/data-0/containers/hdds
2022-10-09 13:09:00,339 [Listener at 127.0.0.1/34869] INFO  volume.StorageVolumeChecker (StorageVolumeChecker.java:checkAllVolumes(202)) - Scheduled health check for volume /home/runner/work/ozone/ozone/hadoop-ozone/integration-test/target/test-dir/MiniOzoneClusterImpl-ae096de1-e798-4387-a84e-b49ba4bb805b/datanode-2/data-0/containers/hdds
2022-10-09 13:09:00,350 [Listener at 127.0.0.1/34869] INFO  volume.MutableVolumeSet (MutableVolumeSet.java:initializeVolumeSet(174)) - Added Volume : /home/runner/work/ozone/ozone/hadoop-ozone/integration-test/target/test-dir/MiniOzoneClusterImpl-ae096de1-e798-4387-a84e-b49ba4bb805b/datanode-2/data/ratis to VolumeSet
2022-10-09 13:09:00,351 [Listener at 127.0.0.1/34869] INFO  volume.ThrottledAsyncChecker (ThrottledAsyncChecker.java:schedule(141)) - Scheduling a check for /home/runner/work/ozone/ozone/hadoop-ozone/integration-test/target/test-dir/MiniOzoneClusterImpl-ae096de1-e798-4387-a84e-b49ba4bb805b/datanode-2/data/ratis
2022-10-09 13:09:00,351 [Listener at 127.0.0.1/34869] INFO  volume.StorageVolumeChecker (StorageVolumeChecker.java:checkAllVolumes(202)) - Scheduled health check for volume /home/runner/work/ozone/ozone/hadoop-ozone/integration-test/target/test-dir/MiniOzoneClusterImpl-ae096de1-e798-4387-a84e-b49ba4bb805b/datanode-2/data/ratis
2022-10-09 13:09:00,364 [Thread-1680] INFO  ozoneimpl.ContainerReader (ContainerReader.java:readVolume(175)) - Finish verifying containers on volume /home/runner/work/ozone/ozone/hadoop-ozone/integration-test/target/test-dir/MiniOzoneClusterImpl-ae096de1-e798-4387-a84e-b49ba4bb805b/datanode-2/data-0/containers/hdds
2022-10-09 13:09:00,364 [Listener at 127.0.0.1/34869] INFO  ozoneimpl.OzoneContainer (OzoneContainer.java:buildContainerSet(300)) - Build ContainerSet costs 0s
2022-10-09 13:09:00,365 [Listener at 127.0.0.1/34869] INFO  server.RaftServer (ConfUtils.java:logGet(46)) - raft.rpc.type = GRPC (default)
2022-10-09 13:09:00,365 [Listener at 127.0.0.1/34869] INFO  grpc.GrpcFactory (GrpcFactory.java:checkPooledByteBufAllocatorUseCacheForAllThreads(48)) - PERFORMANCE WARNING: useCacheForAllThreads is true that may cause Netty to create a lot garbage objects and, as a result, trigger GC.
	It is recommended to disable useCacheForAllThreads by setting -Dorg.apache.ratis.thirdparty.io.netty.allocator.useCacheForAllThreads=false in command line.
2022-10-09 13:09:00,365 [Listener at 127.0.0.1/34869] INFO  grpc.GrpcConfigKeys (ConfUtils.java:logGet(46)) - raft.grpc.admin.port = 0 (custom)
2022-10-09 13:09:00,366 [Listener at 127.0.0.1/34869] INFO  grpc.GrpcConfigKeys (ConfUtils.java:logGet(46)) - raft.grpc.client.port = 0 (custom)
2022-10-09 13:09:00,366 [Listener at 127.0.0.1/34869] INFO  grpc.GrpcConfigKeys (ConfUtils.java:logGet(46)) - raft.grpc.server.port = 0 (default)
2022-10-09 13:09:00,366 [Listener at 127.0.0.1/34869] INFO  server.GrpcService (ConfUtils.java:logGet(46)) - raft.grpc.message.size.max = 32MB (=33554432) (custom)
2022-10-09 13:09:00,366 [Listener at 127.0.0.1/34869] INFO  server.RaftServerConfigKeys (ConfUtils.java:logGet(46)) - raft.server.log.appender.buffer.byte-limit = 33554432 (custom)
2022-10-09 13:09:00,366 [Listener at 127.0.0.1/34869] INFO  server.GrpcService (ConfUtils.java:logGet(46)) - raft.grpc.flow.control.window = 5MB (=5242880) (custom)
2022-10-09 13:09:00,366 [Listener at 127.0.0.1/34869] INFO  server.RaftServerConfigKeys (ConfUtils.java:logGet(46)) - raft.server.rpc.request.timeout = 60s (custom)
2022-10-09 13:09:00,366 [Listener at 127.0.0.1/34869] INFO  grpc.GrpcConfigKeys (ConfUtils.java:logGet(46)) - raft.grpc.server.async.request.thread.pool.cached = true (default)
2022-10-09 13:09:00,366 [Listener at 127.0.0.1/34869] INFO  grpc.GrpcConfigKeys (ConfUtils.java:logGet(46)) - raft.grpc.server.async.request.thread.pool.size = 32 (default)
2022-10-09 13:09:00,367 [Listener at 127.0.0.1/34869] INFO  impl.DataStreamServerImpl (ConfUtils.java:logGet(46)) - raft.datastream.type = DISABLED (default)
2022-10-09 13:09:00,367 [Listener at 127.0.0.1/34869] INFO  server.RaftServerConfigKeys (ConfUtils.java:logGet(46)) - raft.server.threadpool.proxy.cached = true (default)
2022-10-09 13:09:00,367 [Listener at 127.0.0.1/34869] INFO  server.RaftServerConfigKeys (ConfUtils.java:logGet(46)) - raft.server.threadpool.proxy.size = 0 (default)
2022-10-09 13:09:00,368 [Listener at 127.0.0.1/34869] INFO  server.RaftServerConfigKeys (ConfUtils.java:logGet(46)) - raft.server.rpc.slowness.timeout = 300s (custom)
2022-10-09 13:09:00,368 [Listener at 127.0.0.1/34869] INFO  server.RaftServerConfigKeys (ConfUtils.java:logGet(46)) - raft.server.leaderelection.leader.step-down.wait-time = 10s (default)
2022-10-09 13:09:00,368 [Listener at 127.0.0.1/34869] INFO  server.RaftServerConfigKeys (ConfUtils.java:logGet(46)) - raft.server.storage.dir = [/home/runner/work/ozone/ozone/hadoop-ozone/integration-test/target/test-dir/MiniOzoneClusterImpl-ae096de1-e798-4387-a84e-b49ba4bb805b/datanode-2/data/ratis] (custom)
2022-10-09 13:09:00,369 [Listener at 127.0.0.1/34869] INFO  server.XceiverServerGrpc (XceiverServerGrpc.java:<init>(132)) - GrpcServer channel type EpollServerSocketChannel
2022-10-09 13:09:00,372 [Listener at 127.0.0.1/34869] INFO  http.BaseHttpServer (BaseHttpServer.java:newHttpServer2BuilderForOzone(213)) - Starting Web-server for hddsDatanode at: http://0.0.0.0:0
2022-10-09 13:09:00,373 [Listener at 127.0.0.1/34869] INFO  http.BaseHttpServer (BaseHttpServer.java:<init>(108)) - Hadoop Security Enabled: false Ozone Security Enabled: false Ozone HTTP Security Enabled: false 
2022-10-09 13:09:00,373 [Listener at 127.0.0.1/34869] INFO  server.AuthenticationFilter (AuthenticationFilter.java:constructSecretProvider(240)) - Unable to initialize FileSignerSecretProvider, falling back to use random secrets.
2022-10-09 13:09:00,374 [Listener at 127.0.0.1/34869] WARN  http.HttpRequestLog (HttpRequestLog.java:getRequestLog(103)) - Jetty request log can only be enabled using Log4j
2022-10-09 13:09:00,375 [Listener at 127.0.0.1/34869] INFO  http.HttpServer2 (HttpServer2.java:addGlobalFilter(1031)) - Added global filter 'safety' (class=org.apache.hadoop.hdds.server.http.HttpServer2$QuotingInputFilter)
2022-10-09 13:09:00,375 [Listener at 127.0.0.1/34869] INFO  http.HttpServer2 (HttpServer2.java:addFilter(1007)) - Added filter static_user_filter (class=org.apache.hadoop.http.lib.StaticUserWebFilter$StaticUserFilter) to context hddsDatanode
2022-10-09 13:09:00,375 [Listener at 127.0.0.1/34869] INFO  http.HttpServer2 (HttpServer2.java:addFilter(1015)) - Added filter static_user_filter (class=org.apache.hadoop.http.lib.StaticUserWebFilter$StaticUserFilter) to context logs
2022-10-09 13:09:00,377 [Listener at 127.0.0.1/34869] INFO  http.HttpServer2 (HttpServer2.java:addFilter(1015)) - Added filter static_user_filter (class=org.apache.hadoop.http.lib.StaticUserWebFilter$StaticUserFilter) to context static
2022-10-09 13:09:00,377 [Listener at 127.0.0.1/34869] INFO  http.HttpServer2 (HttpServer2.java:bindListener(1250)) - Jetty bound to port 43147
2022-10-09 13:09:00,377 [Listener at 127.0.0.1/34869] INFO  server.Server (Server.java:doStart(375)) - jetty-9.4.43.v20210629; built: 2021-06-30T11:07:22.254Z; git: 526006ecfa3af7f1a27ef3a288e2bef7ea9dd7e8; jvm 1.8.0_345-b01
2022-10-09 13:09:00,379 [Listener at 127.0.0.1/34869] INFO  server.session (DefaultSessionIdManager.java:doStart(334)) - DefaultSessionIdManager workerName=node0
2022-10-09 13:09:00,379 [Listener at 127.0.0.1/34869] INFO  server.session (DefaultSessionIdManager.java:doStart(339)) - No SessionScavenger set, using defaults
2022-10-09 13:09:00,379 [Listener at 127.0.0.1/34869] INFO  server.session (HouseKeeper.java:startScavenging(132)) - node0 Scavenging every 600000ms
2022-10-09 13:09:00,380 [Listener at 127.0.0.1/34869] INFO  handler.ContextHandler (ContextHandler.java:doStart(915)) - Started o.e.j.s.ServletContextHandler@1e84b2de{logs,/logs,file:///home/runner/work/ozone/ozone/hadoop-ozone/integration-test/target/log,AVAILABLE}
2022-10-09 13:09:00,380 [Listener at 127.0.0.1/34869] INFO  handler.ContextHandler (ContextHandler.java:doStart(915)) - Started o.e.j.s.ServletContextHandler@22b6ba19{static,/static,jar:file:/home/runner/.m2/repository/org/apache/ozone/hdds-container-service/1.3.0-SNAPSHOT/hdds-container-service-1.3.0-SNAPSHOT.jar!/webapps/static,AVAILABLE}
2022-10-09 13:09:00,626 [Listener at 127.0.0.1/34869] INFO  handler.ContextHandler (ContextHandler.java:doStart(915)) - Started o.e.j.w.WebAppContext@6ccfd4ff{hddsDatanode,/,file:///tmp/jetty-0_0_0_0-43147-hdds-container-service-1_3_0-SNAPSHOT_jar-_-any-3194764085029436441/webapp/,AVAILABLE}{jar:file:/home/runner/.m2/repository/org/apache/ozone/hdds-container-service/1.3.0-SNAPSHOT/hdds-container-service-1.3.0-SNAPSHOT.jar!/webapps/hddsDatanode}
2022-10-09 13:09:00,641 [Listener at 127.0.0.1/34869] INFO  server.AbstractConnector (AbstractConnector.java:doStart(331)) - Started ServerConnector@16291cc0{HTTP/1.1, (http/1.1)}{0.0.0.0:43147}
2022-10-09 13:09:00,642 [Listener at 127.0.0.1/34869] INFO  server.Server (Server.java:doStart(415)) - Started @318050ms
2022-10-09 13:09:00,642 [Listener at 127.0.0.1/34869] WARN  impl.MetricsSystemImpl (MetricsSystemImpl.java:register(279)) - Sink prometheus already exists!
2022-10-09 13:09:00,642 [Listener at 127.0.0.1/34869] INFO  http.BaseHttpServer (BaseHttpServer.java:updateConnectorAddress(333)) - HTTP server of hddsDatanode listening at http://0.0.0.0:43147
2022-10-09 13:09:00,660 [Datanode State Machine Daemon Thread] INFO  statemachine.DatanodeStateMachine (DatanodeStateMachine.java:lambda$startDaemon$0(492)) - Ozone container server started.
2022-10-09 13:09:00,660 [Listener at 127.0.0.1/34869] INFO  impl.MetricsSystemImpl (MetricsSystemImpl.java:init(158)) - HddsDatanode metrics system started (again)
2022-10-09 13:09:00,681 [Listener at 127.0.0.1/34869] INFO  ozone.HddsDatanodeService (HddsDatanodeService.java:start(236)) - HddsDatanodeService host:fv-az212-628.zlodpucb4l4udavnfxg5s20dva.cx.internal.cloudapp.net ip:10.1.0.209
2022-10-09 13:09:00,699 [Listener at 127.0.0.1/34869] INFO  upgrade.AbstractLayoutVersionManager (AbstractLayoutVersionManager.java:init(83)) - Initializing Layout version manager with metadata layout = DATANODE_SCHEMA_V3 (version = 4), software layout = DATANODE_SCHEMA_V3 (version = 4)
2022-10-09 13:09:00,752 [Listener at 127.0.0.1/34869] INFO  reflections.Reflections (Reflections.java:scan(232)) - Reflections took 52 ms to scan 7 urls, producing 135 keys and 327 values 
2022-10-09 13:09:00,754 [Listener at 127.0.0.1/34869] INFO  statemachine.DatanodeStateMachine (DatanodeStateMachine.java:getEndPointTaskThreadPoolSize(237)) - Datanode State Machine Task Thread Pool size 2
2022-10-09 13:09:00,777 [org.apache.hadoop.util.JvmPauseMonitor$Monitor@2a647a82] INFO  util.JvmPauseMonitor (JvmPauseMonitor.java:run(188)) - Starting JVM pause monitor
2022-10-09 13:09:00,780 [Datanode State Machine Task Thread - 0] INFO  datanode.InitDatanodeState (InitDatanodeState.java:persistContainerDatanodeDetails(138)) - DatanodeDetails is persisted to /home/runner/work/ozone/ozone/hadoop-ozone/integration-test/target/test-dir/MiniOzoneClusterImpl-ae096de1-e798-4387-a84e-b49ba4bb805b/datanode-2/meta/datanode.id
2022-10-09 13:09:00,782 [Listener at 127.0.0.1/34869] INFO  volume.HddsVolume (HddsVolume.java:<init>(117)) - Creating HddsVolume: /home/runner/work/ozone/ozone/hadoop-ozone/integration-test/target/test-dir/MiniOzoneClusterImpl-ae096de1-e798-4387-a84e-b49ba4bb805b/datanode-3/data-0/containers/hdds of storage type : DISK capacity : 9223372036854775807
2022-10-09 13:09:00,782 [Listener at 127.0.0.1/34869] INFO  volume.MutableVolumeSet (MutableVolumeSet.java:initializeVolumeSet(174)) - Added Volume : /home/runner/work/ozone/ozone/hadoop-ozone/integration-test/target/test-dir/MiniOzoneClusterImpl-ae096de1-e798-4387-a84e-b49ba4bb805b/datanode-3/data-0/containers/hdds to VolumeSet
2022-10-09 13:09:00,782 [Listener at 127.0.0.1/34869] INFO  volume.ThrottledAsyncChecker (ThrottledAsyncChecker.java:schedule(141)) - Scheduling a check for /home/runner/work/ozone/ozone/hadoop-ozone/integration-test/target/test-dir/MiniOzoneClusterImpl-ae096de1-e798-4387-a84e-b49ba4bb805b/datanode-3/data-0/containers/hdds
2022-10-09 13:09:00,783 [Listener at 127.0.0.1/34869] INFO  volume.StorageVolumeChecker (StorageVolumeChecker.java:checkAllVolumes(202)) - Scheduled health check for volume /home/runner/work/ozone/ozone/hadoop-ozone/integration-test/target/test-dir/MiniOzoneClusterImpl-ae096de1-e798-4387-a84e-b49ba4bb805b/datanode-3/data-0/containers/hdds
2022-10-09 13:09:00,797 [Listener at 127.0.0.1/34869] INFO  volume.MutableVolumeSet (MutableVolumeSet.java:initializeVolumeSet(174)) - Added Volume : /home/runner/work/ozone/ozone/hadoop-ozone/integration-test/target/test-dir/MiniOzoneClusterImpl-ae096de1-e798-4387-a84e-b49ba4bb805b/datanode-3/data/ratis to VolumeSet
2022-10-09 13:09:00,798 [Listener at 127.0.0.1/34869] INFO  volume.ThrottledAsyncChecker (ThrottledAsyncChecker.java:schedule(141)) - Scheduling a check for /home/runner/work/ozone/ozone/hadoop-ozone/integration-test/target/test-dir/MiniOzoneClusterImpl-ae096de1-e798-4387-a84e-b49ba4bb805b/datanode-3/data/ratis
2022-10-09 13:09:00,798 [Listener at 127.0.0.1/34869] INFO  volume.StorageVolumeChecker (StorageVolumeChecker.java:checkAllVolumes(202)) - Scheduled health check for volume /home/runner/work/ozone/ozone/hadoop-ozone/integration-test/target/test-dir/MiniOzoneClusterImpl-ae096de1-e798-4387-a84e-b49ba4bb805b/datanode-3/data/ratis
2022-10-09 13:09:00,855 [Thread-1693] INFO  ozoneimpl.ContainerReader (ContainerReader.java:readVolume(175)) - Finish verifying containers on volume /home/runner/work/ozone/ozone/hadoop-ozone/integration-test/target/test-dir/MiniOzoneClusterImpl-ae096de1-e798-4387-a84e-b49ba4bb805b/datanode-3/data-0/containers/hdds
2022-10-09 13:09:00,855 [Listener at 127.0.0.1/34869] INFO  ozoneimpl.OzoneContainer (OzoneContainer.java:buildContainerSet(300)) - Build ContainerSet costs 0s
2022-10-09 13:09:00,857 [Listener at 127.0.0.1/34869] INFO  server.RaftServer (ConfUtils.java:logGet(46)) - raft.rpc.type = GRPC (default)
2022-10-09 13:09:00,857 [Listener at 127.0.0.1/34869] INFO  grpc.GrpcFactory (GrpcFactory.java:checkPooledByteBufAllocatorUseCacheForAllThreads(48)) - PERFORMANCE WARNING: useCacheForAllThreads is true that may cause Netty to create a lot garbage objects and, as a result, trigger GC.
	It is recommended to disable useCacheForAllThreads by setting -Dorg.apache.ratis.thirdparty.io.netty.allocator.useCacheForAllThreads=false in command line.
2022-10-09 13:09:00,857 [Listener at 127.0.0.1/34869] INFO  grpc.GrpcConfigKeys (ConfUtils.java:logGet(46)) - raft.grpc.admin.port = 0 (custom)
2022-10-09 13:09:00,858 [Listener at 127.0.0.1/34869] INFO  grpc.GrpcConfigKeys (ConfUtils.java:logGet(46)) - raft.grpc.client.port = 0 (custom)
2022-10-09 13:09:00,858 [Listener at 127.0.0.1/34869] INFO  grpc.GrpcConfigKeys (ConfUtils.java:logGet(46)) - raft.grpc.server.port = 0 (default)
2022-10-09 13:09:00,858 [Listener at 127.0.0.1/34869] INFO  server.GrpcService (ConfUtils.java:logGet(46)) - raft.grpc.message.size.max = 32MB (=33554432) (custom)
2022-10-09 13:09:00,858 [Listener at 127.0.0.1/34869] INFO  server.RaftServerConfigKeys (ConfUtils.java:logGet(46)) - raft.server.log.appender.buffer.byte-limit = 33554432 (custom)
2022-10-09 13:09:00,858 [Listener at 127.0.0.1/34869] INFO  server.GrpcService (ConfUtils.java:logGet(46)) - raft.grpc.flow.control.window = 5MB (=5242880) (custom)
2022-10-09 13:09:00,858 [Listener at 127.0.0.1/34869] INFO  server.RaftServerConfigKeys (ConfUtils.java:logGet(46)) - raft.server.rpc.request.timeout = 60s (custom)
2022-10-09 13:09:00,858 [Listener at 127.0.0.1/34869] INFO  grpc.GrpcConfigKeys (ConfUtils.java:logGet(46)) - raft.grpc.server.async.request.thread.pool.cached = true (default)
2022-10-09 13:09:00,858 [Listener at 127.0.0.1/34869] INFO  grpc.GrpcConfigKeys (ConfUtils.java:logGet(46)) - raft.grpc.server.async.request.thread.pool.size = 32 (default)
2022-10-09 13:09:00,859 [Listener at 127.0.0.1/34869] INFO  impl.DataStreamServerImpl (ConfUtils.java:logGet(46)) - raft.datastream.type = DISABLED (default)
2022-10-09 13:09:00,859 [Listener at 127.0.0.1/34869] INFO  server.RaftServerConfigKeys (ConfUtils.java:logGet(46)) - raft.server.threadpool.proxy.cached = true (default)
2022-10-09 13:09:00,860 [Listener at 127.0.0.1/34869] INFO  server.RaftServerConfigKeys (ConfUtils.java:logGet(46)) - raft.server.threadpool.proxy.size = 0 (default)
2022-10-09 13:09:00,860 [Listener at 127.0.0.1/34869] INFO  server.RaftServerConfigKeys (ConfUtils.java:logGet(46)) - raft.server.rpc.slowness.timeout = 300s (custom)
2022-10-09 13:09:00,860 [Listener at 127.0.0.1/34869] INFO  server.RaftServerConfigKeys (ConfUtils.java:logGet(46)) - raft.server.leaderelection.leader.step-down.wait-time = 10s (default)
2022-10-09 13:09:00,860 [Listener at 127.0.0.1/34869] INFO  server.RaftServerConfigKeys (ConfUtils.java:logGet(46)) - raft.server.storage.dir = [/home/runner/work/ozone/ozone/hadoop-ozone/integration-test/target/test-dir/MiniOzoneClusterImpl-ae096de1-e798-4387-a84e-b49ba4bb805b/datanode-3/data/ratis] (custom)
2022-10-09 13:09:00,876 [Listener at 127.0.0.1/34869] INFO  server.XceiverServerGrpc (XceiverServerGrpc.java:<init>(132)) - GrpcServer channel type EpollServerSocketChannel
2022-10-09 13:09:00,878 [Listener at 127.0.0.1/34869] INFO  http.BaseHttpServer (BaseHttpServer.java:newHttpServer2BuilderForOzone(213)) - Starting Web-server for hddsDatanode at: http://0.0.0.0:0
2022-10-09 13:09:00,878 [Listener at 127.0.0.1/34869] INFO  http.BaseHttpServer (BaseHttpServer.java:<init>(108)) - Hadoop Security Enabled: false Ozone Security Enabled: false Ozone HTTP Security Enabled: false 
2022-10-09 13:09:00,879 [Listener at 127.0.0.1/34869] INFO  server.AuthenticationFilter (AuthenticationFilter.java:constructSecretProvider(240)) - Unable to initialize FileSignerSecretProvider, falling back to use random secrets.
2022-10-09 13:09:00,916 [Listener at 127.0.0.1/34869] WARN  http.HttpRequestLog (HttpRequestLog.java:getRequestLog(103)) - Jetty request log can only be enabled using Log4j
2022-10-09 13:09:00,921 [Listener at 127.0.0.1/34869] INFO  http.HttpServer2 (HttpServer2.java:addGlobalFilter(1031)) - Added global filter 'safety' (class=org.apache.hadoop.hdds.server.http.HttpServer2$QuotingInputFilter)
2022-10-09 13:09:00,921 [Listener at 127.0.0.1/34869] INFO  http.HttpServer2 (HttpServer2.java:addFilter(1007)) - Added filter static_user_filter (class=org.apache.hadoop.http.lib.StaticUserWebFilter$StaticUserFilter) to context hddsDatanode
2022-10-09 13:09:00,921 [Listener at 127.0.0.1/34869] INFO  http.HttpServer2 (HttpServer2.java:addFilter(1015)) - Added filter static_user_filter (class=org.apache.hadoop.http.lib.StaticUserWebFilter$StaticUserFilter) to context logs
2022-10-09 13:09:00,921 [Listener at 127.0.0.1/34869] INFO  http.HttpServer2 (HttpServer2.java:addFilter(1015)) - Added filter static_user_filter (class=org.apache.hadoop.http.lib.StaticUserWebFilter$StaticUserFilter) to context static
2022-10-09 13:09:00,922 [Listener at 127.0.0.1/34869] INFO  http.HttpServer2 (HttpServer2.java:bindListener(1250)) - Jetty bound to port 44785
2022-10-09 13:09:00,922 [Listener at 127.0.0.1/34869] INFO  server.Server (Server.java:doStart(375)) - jetty-9.4.43.v20210629; built: 2021-06-30T11:07:22.254Z; git: 526006ecfa3af7f1a27ef3a288e2bef7ea9dd7e8; jvm 1.8.0_345-b01
2022-10-09 13:09:00,930 [Listener at 127.0.0.1/34869] INFO  server.session (DefaultSessionIdManager.java:doStart(334)) - DefaultSessionIdManager workerName=node0
2022-10-09 13:09:00,930 [Listener at 127.0.0.1/34869] INFO  server.session (DefaultSessionIdManager.java:doStart(339)) - No SessionScavenger set, using defaults
2022-10-09 13:09:00,931 [Listener at 127.0.0.1/34869] INFO  server.session (HouseKeeper.java:startScavenging(132)) - node0 Scavenging every 660000ms
2022-10-09 13:09:00,931 [Listener at 127.0.0.1/34869] INFO  handler.ContextHandler (ContextHandler.java:doStart(915)) - Started o.e.j.s.ServletContextHandler@654cee65{logs,/logs,file:///home/runner/work/ozone/ozone/hadoop-ozone/integration-test/target/log,AVAILABLE}
2022-10-09 13:09:00,931 [Listener at 127.0.0.1/34869] INFO  handler.ContextHandler (ContextHandler.java:doStart(915)) - Started o.e.j.s.ServletContextHandler@1a6130bd{static,/static,jar:file:/home/runner/.m2/repository/org/apache/ozone/hdds-container-service/1.3.0-SNAPSHOT/hdds-container-service-1.3.0-SNAPSHOT.jar!/webapps/static,AVAILABLE}
2022-10-09 13:09:01,337 [Listener at 127.0.0.1/34869] INFO  handler.ContextHandler (ContextHandler.java:doStart(915)) - Started o.e.j.w.WebAppContext@6094cec2{hddsDatanode,/,file:///tmp/jetty-0_0_0_0-44785-hdds-container-service-1_3_0-SNAPSHOT_jar-_-any-8166869004304388029/webapp/,AVAILABLE}{jar:file:/home/runner/.m2/repository/org/apache/ozone/hdds-container-service/1.3.0-SNAPSHOT/hdds-container-service-1.3.0-SNAPSHOT.jar!/webapps/hddsDatanode}
2022-10-09 13:09:01,341 [Listener at 127.0.0.1/34869] INFO  server.AbstractConnector (AbstractConnector.java:doStart(331)) - Started ServerConnector@41f652c2{HTTP/1.1, (http/1.1)}{0.0.0.0:44785}
2022-10-09 13:09:01,341 [Listener at 127.0.0.1/34869] INFO  server.Server (Server.java:doStart(415)) - Started @318749ms
2022-10-09 13:09:01,341 [Listener at 127.0.0.1/34869] WARN  impl.MetricsSystemImpl (MetricsSystemImpl.java:register(279)) - Sink prometheus already exists!
2022-10-09 13:09:01,342 [Listener at 127.0.0.1/34869] INFO  http.BaseHttpServer (BaseHttpServer.java:updateConnectorAddress(333)) - HTTP server of hddsDatanode listening at http://0.0.0.0:44785
2022-10-09 13:09:01,342 [Listener at 127.0.0.1/34869] INFO  impl.MetricsSystemImpl (MetricsSystemImpl.java:init(158)) - HddsDatanode metrics system started (again)
2022-10-09 13:09:01,358 [Datanode State Machine Daemon Thread] INFO  statemachine.DatanodeStateMachine (DatanodeStateMachine.java:lambda$startDaemon$0(492)) - Ozone container server started.
2022-10-09 13:09:01,381 [Listener at 127.0.0.1/34869] INFO  ozone.HddsDatanodeService (HddsDatanodeService.java:start(236)) - HddsDatanodeService host:fv-az212-628.zlodpucb4l4udavnfxg5s20dva.cx.internal.cloudapp.net ip:10.1.0.209
2022-10-09 13:09:01,392 [org.apache.hadoop.util.JvmPauseMonitor$Monitor@2e2ec556] INFO  util.JvmPauseMonitor (JvmPauseMonitor.java:run(188)) - Starting JVM pause monitor
2022-10-09 13:09:01,402 [Datanode State Machine Task Thread - 0] INFO  datanode.InitDatanodeState (InitDatanodeState.java:persistContainerDatanodeDetails(138)) - DatanodeDetails is persisted to /home/runner/work/ozone/ozone/hadoop-ozone/integration-test/target/test-dir/MiniOzoneClusterImpl-ae096de1-e798-4387-a84e-b49ba4bb805b/datanode-3/meta/datanode.id
2022-10-09 13:09:01,439 [Listener at 127.0.0.1/34869] INFO  upgrade.AbstractLayoutVersionManager (AbstractLayoutVersionManager.java:init(83)) - Initializing Layout version manager with metadata layout = DATANODE_SCHEMA_V3 (version = 4), software layout = DATANODE_SCHEMA_V3 (version = 4)
2022-10-09 13:09:01,529 [Listener at 127.0.0.1/34869] INFO  reflections.Reflections (Reflections.java:scan(232)) - Reflections took 89 ms to scan 7 urls, producing 135 keys and 327 values 
2022-10-09 13:09:01,559 [Listener at 127.0.0.1/34869] INFO  statemachine.DatanodeStateMachine (DatanodeStateMachine.java:getEndPointTaskThreadPoolSize(237)) - Datanode State Machine Task Thread Pool size 2
2022-10-09 13:09:01,594 [Listener at 127.0.0.1/34869] INFO  volume.HddsVolume (HddsVolume.java:<init>(117)) - Creating HddsVolume: /home/runner/work/ozone/ozone/hadoop-ozone/integration-test/target/test-dir/MiniOzoneClusterImpl-ae096de1-e798-4387-a84e-b49ba4bb805b/datanode-4/data-0/containers/hdds of storage type : DISK capacity : 9223372036854775807
2022-10-09 13:09:01,594 [Listener at 127.0.0.1/34869] INFO  volume.MutableVolumeSet (MutableVolumeSet.java:initializeVolumeSet(174)) - Added Volume : /home/runner/work/ozone/ozone/hadoop-ozone/integration-test/target/test-dir/MiniOzoneClusterImpl-ae096de1-e798-4387-a84e-b49ba4bb805b/datanode-4/data-0/containers/hdds to VolumeSet
2022-10-09 13:09:01,594 [Listener at 127.0.0.1/34869] INFO  volume.ThrottledAsyncChecker (ThrottledAsyncChecker.java:schedule(141)) - Scheduling a check for /home/runner/work/ozone/ozone/hadoop-ozone/integration-test/target/test-dir/MiniOzoneClusterImpl-ae096de1-e798-4387-a84e-b49ba4bb805b/datanode-4/data-0/containers/hdds
2022-10-09 13:09:01,614 [Listener at 127.0.0.1/34869] INFO  volume.StorageVolumeChecker (StorageVolumeChecker.java:checkAllVolumes(202)) - Scheduled health check for volume /home/runner/work/ozone/ozone/hadoop-ozone/integration-test/target/test-dir/MiniOzoneClusterImpl-ae096de1-e798-4387-a84e-b49ba4bb805b/datanode-4/data-0/containers/hdds
2022-10-09 13:09:01,640 [Listener at 127.0.0.1/34869] INFO  volume.MutableVolumeSet (MutableVolumeSet.java:initializeVolumeSet(174)) - Added Volume : /home/runner/work/ozone/ozone/hadoop-ozone/integration-test/target/test-dir/MiniOzoneClusterImpl-ae096de1-e798-4387-a84e-b49ba4bb805b/datanode-4/data/ratis to VolumeSet
2022-10-09 13:09:01,641 [Listener at 127.0.0.1/34869] INFO  volume.ThrottledAsyncChecker (ThrottledAsyncChecker.java:schedule(141)) - Scheduling a check for /home/runner/work/ozone/ozone/hadoop-ozone/integration-test/target/test-dir/MiniOzoneClusterImpl-ae096de1-e798-4387-a84e-b49ba4bb805b/datanode-4/data/ratis
2022-10-09 13:09:01,641 [Listener at 127.0.0.1/34869] INFO  volume.StorageVolumeChecker (StorageVolumeChecker.java:checkAllVolumes(202)) - Scheduled health check for volume /home/runner/work/ozone/ozone/hadoop-ozone/integration-test/target/test-dir/MiniOzoneClusterImpl-ae096de1-e798-4387-a84e-b49ba4bb805b/datanode-4/data/ratis
2022-10-09 13:09:01,688 [Thread-1706] INFO  ozoneimpl.ContainerReader (ContainerReader.java:readVolume(175)) - Finish verifying containers on volume /home/runner/work/ozone/ozone/hadoop-ozone/integration-test/target/test-dir/MiniOzoneClusterImpl-ae096de1-e798-4387-a84e-b49ba4bb805b/datanode-4/data-0/containers/hdds
2022-10-09 13:09:01,688 [Listener at 127.0.0.1/34869] INFO  ozoneimpl.OzoneContainer (OzoneContainer.java:buildContainerSet(300)) - Build ContainerSet costs 0s
2022-10-09 13:09:01,690 [Listener at 127.0.0.1/34869] INFO  server.RaftServer (ConfUtils.java:logGet(46)) - raft.rpc.type = GRPC (default)
2022-10-09 13:09:01,690 [Listener at 127.0.0.1/34869] INFO  grpc.GrpcFactory (GrpcFactory.java:checkPooledByteBufAllocatorUseCacheForAllThreads(48)) - PERFORMANCE WARNING: useCacheForAllThreads is true that may cause Netty to create a lot garbage objects and, as a result, trigger GC.
	It is recommended to disable useCacheForAllThreads by setting -Dorg.apache.ratis.thirdparty.io.netty.allocator.useCacheForAllThreads=false in command line.
2022-10-09 13:09:01,690 [Listener at 127.0.0.1/34869] INFO  grpc.GrpcConfigKeys (ConfUtils.java:logGet(46)) - raft.grpc.admin.port = 0 (custom)
2022-10-09 13:09:01,690 [Listener at 127.0.0.1/34869] INFO  grpc.GrpcConfigKeys (ConfUtils.java:logGet(46)) - raft.grpc.client.port = 0 (custom)
2022-10-09 13:09:01,690 [Listener at 127.0.0.1/34869] INFO  grpc.GrpcConfigKeys (ConfUtils.java:logGet(46)) - raft.grpc.server.port = 0 (default)
2022-10-09 13:09:01,691 [Listener at 127.0.0.1/34869] INFO  server.GrpcService (ConfUtils.java:logGet(46)) - raft.grpc.message.size.max = 32MB (=33554432) (custom)
2022-10-09 13:09:01,691 [Listener at 127.0.0.1/34869] INFO  server.RaftServerConfigKeys (ConfUtils.java:logGet(46)) - raft.server.log.appender.buffer.byte-limit = 33554432 (custom)
2022-10-09 13:09:01,691 [Listener at 127.0.0.1/34869] INFO  server.GrpcService (ConfUtils.java:logGet(46)) - raft.grpc.flow.control.window = 5MB (=5242880) (custom)
2022-10-09 13:09:01,691 [Listener at 127.0.0.1/34869] INFO  server.RaftServerConfigKeys (ConfUtils.java:logGet(46)) - raft.server.rpc.request.timeout = 60s (custom)
2022-10-09 13:09:01,691 [Listener at 127.0.0.1/34869] INFO  grpc.GrpcConfigKeys (ConfUtils.java:logGet(46)) - raft.grpc.server.async.request.thread.pool.cached = true (default)
2022-10-09 13:09:01,691 [Listener at 127.0.0.1/34869] INFO  grpc.GrpcConfigKeys (ConfUtils.java:logGet(46)) - raft.grpc.server.async.request.thread.pool.size = 32 (default)
2022-10-09 13:09:01,692 [Listener at 127.0.0.1/34869] INFO  impl.DataStreamServerImpl (ConfUtils.java:logGet(46)) - raft.datastream.type = DISABLED (default)
2022-10-09 13:09:01,692 [Listener at 127.0.0.1/34869] INFO  server.RaftServerConfigKeys (ConfUtils.java:logGet(46)) - raft.server.threadpool.proxy.cached = true (default)
2022-10-09 13:09:01,692 [Listener at 127.0.0.1/34869] INFO  server.RaftServerConfigKeys (ConfUtils.java:logGet(46)) - raft.server.threadpool.proxy.size = 0 (default)
2022-10-09 13:09:01,693 [Listener at 127.0.0.1/34869] INFO  server.RaftServerConfigKeys (ConfUtils.java:logGet(46)) - raft.server.rpc.slowness.timeout = 300s (custom)
2022-10-09 13:09:01,693 [Listener at 127.0.0.1/34869] INFO  server.RaftServerConfigKeys (ConfUtils.java:logGet(46)) - raft.server.leaderelection.leader.step-down.wait-time = 10s (default)
2022-10-09 13:09:01,693 [Listener at 127.0.0.1/34869] INFO  server.RaftServerConfigKeys (ConfUtils.java:logGet(46)) - raft.server.storage.dir = [/home/runner/work/ozone/ozone/hadoop-ozone/integration-test/target/test-dir/MiniOzoneClusterImpl-ae096de1-e798-4387-a84e-b49ba4bb805b/datanode-4/data/ratis] (custom)
2022-10-09 13:09:01,764 [Listener at 127.0.0.1/34869] INFO  server.XceiverServerGrpc (XceiverServerGrpc.java:<init>(132)) - GrpcServer channel type EpollServerSocketChannel
2022-10-09 13:09:01,793 [Listener at 127.0.0.1/34869] INFO  http.BaseHttpServer (BaseHttpServer.java:newHttpServer2BuilderForOzone(213)) - Starting Web-server for hddsDatanode at: http://0.0.0.0:0
2022-10-09 13:09:01,794 [Listener at 127.0.0.1/34869] INFO  http.BaseHttpServer (BaseHttpServer.java:<init>(108)) - Hadoop Security Enabled: false Ozone Security Enabled: false Ozone HTTP Security Enabled: false 
2022-10-09 13:09:01,795 [Listener at 127.0.0.1/34869] INFO  server.AuthenticationFilter (AuthenticationFilter.java:constructSecretProvider(240)) - Unable to initialize FileSignerSecretProvider, falling back to use random secrets.
2022-10-09 13:09:01,795 [Listener at 127.0.0.1/34869] WARN  http.HttpRequestLog (HttpRequestLog.java:getRequestLog(103)) - Jetty request log can only be enabled using Log4j
2022-10-09 13:09:01,849 [Listener at 127.0.0.1/34869] INFO  http.HttpServer2 (HttpServer2.java:addGlobalFilter(1031)) - Added global filter 'safety' (class=org.apache.hadoop.hdds.server.http.HttpServer2$QuotingInputFilter)
2022-10-09 13:09:01,850 [Listener at 127.0.0.1/34869] INFO  http.HttpServer2 (HttpServer2.java:addFilter(1007)) - Added filter static_user_filter (class=org.apache.hadoop.http.lib.StaticUserWebFilter$StaticUserFilter) to context hddsDatanode
2022-10-09 13:09:01,850 [Listener at 127.0.0.1/34869] INFO  http.HttpServer2 (HttpServer2.java:addFilter(1015)) - Added filter static_user_filter (class=org.apache.hadoop.http.lib.StaticUserWebFilter$StaticUserFilter) to context static
2022-10-09 13:09:01,850 [Listener at 127.0.0.1/34869] INFO  http.HttpServer2 (HttpServer2.java:addFilter(1015)) - Added filter static_user_filter (class=org.apache.hadoop.http.lib.StaticUserWebFilter$StaticUserFilter) to context logs
2022-10-09 13:09:01,851 [Listener at 127.0.0.1/34869] INFO  http.HttpServer2 (HttpServer2.java:bindListener(1250)) - Jetty bound to port 40893
2022-10-09 13:09:01,851 [Listener at 127.0.0.1/34869] INFO  server.Server (Server.java:doStart(375)) - jetty-9.4.43.v20210629; built: 2021-06-30T11:07:22.254Z; git: 526006ecfa3af7f1a27ef3a288e2bef7ea9dd7e8; jvm 1.8.0_345-b01
2022-10-09 13:09:01,900 [EndpointStateMachine task thread for /0.0.0.0:36067 - 0 ] INFO  volume.HddsVolume (HddsVolume.java:createDbStore(307)) - SchemaV3 db is created and loaded at /home/runner/work/ozone/ozone/hadoop-ozone/integration-test/target/test-dir/MiniOzoneClusterImpl-ae096de1-e798-4387-a84e-b49ba4bb805b/datanode-0/data-0/containers/hdds/ae096de1-e798-4387-a84e-b49ba4bb805b/DS-e7c4ab77-8f7e-4721-8370-5d07cd166aab/container.db for volume DS-e7c4ab77-8f7e-4721-8370-5d07cd166aab
2022-10-09 13:09:01,968 [Listener at 127.0.0.1/34869] INFO  server.session (DefaultSessionIdManager.java:doStart(334)) - DefaultSessionIdManager workerName=node0
2022-10-09 13:09:01,968 [Listener at 127.0.0.1/34869] INFO  server.session (DefaultSessionIdManager.java:doStart(339)) - No SessionScavenger set, using defaults
2022-10-09 13:09:01,968 [Listener at 127.0.0.1/34869] INFO  server.session (HouseKeeper.java:startScavenging(132)) - node0 Scavenging every 660000ms
2022-10-09 13:09:02,003 [Listener at 127.0.0.1/34869] INFO  handler.ContextHandler (ContextHandler.java:doStart(915)) - Started o.e.j.s.ServletContextHandler@6ea40f83{logs,/logs,file:///home/runner/work/ozone/ozone/hadoop-ozone/integration-test/target/log,AVAILABLE}
2022-10-09 13:09:02,004 [Listener at 127.0.0.1/34869] INFO  handler.ContextHandler (ContextHandler.java:doStart(915)) - Started o.e.j.s.ServletContextHandler@5352fcf1{static,/static,jar:file:/home/runner/.m2/repository/org/apache/ozone/hdds-container-service/1.3.0-SNAPSHOT/hdds-container-service-1.3.0-SNAPSHOT.jar!/webapps/static,AVAILABLE}
2022-10-09 13:09:02,007 [EndpointStateMachine task thread for /0.0.0.0:36067 - 0 ] INFO  volume.HddsVolume (HddsVolume.java:closeDbStore(338)) - SchemaV3 db is stopped at /home/runner/work/ozone/ozone/hadoop-ozone/integration-test/target/test-dir/MiniOzoneClusterImpl-ae096de1-e798-4387-a84e-b49ba4bb805b/datanode-0/data-0/containers/hdds/ae096de1-e798-4387-a84e-b49ba4bb805b/DS-e7c4ab77-8f7e-4721-8370-5d07cd166aab/container.db for volume DS-e7c4ab77-8f7e-4721-8370-5d07cd166aab
2022-10-09 13:09:02,007 [EndpointStateMachine task thread for /0.0.0.0:36067 - 0 ] INFO  ozoneimpl.OzoneContainer (OzoneContainer.java:start(378)) - Attempting to start container services.
2022-10-09 13:09:02,008 [EndpointStateMachine task thread for /0.0.0.0:36067 - 0 ] INFO  ozoneimpl.OzoneContainer (OzoneContainer.java:startContainerScrub(313)) - Background container scanner has been disabled.
2022-10-09 13:09:02,044 [EndpointStateMachine task thread for /0.0.0.0:36067 - 0 ] INFO  replication.ReplicationServer (ReplicationServer.java:start(111)) - ReplicationServer is started using port 37969
2022-10-09 13:09:02,047 [EndpointStateMachine task thread for /0.0.0.0:36067 - 0 ] INFO  ratis.XceiverServerRatis (XceiverServerRatis.java:start(481)) - Starting XceiverServerRatis 50de1ab3-18a1-452d-b023-0fe1bea95e64
2022-10-09 13:09:02,064 [EndpointStateMachine task thread for /0.0.0.0:36067 - 0 ] INFO  server.RaftServer (RaftServerProxy.java:lambda$start$6(382)) - 50de1ab3-18a1-452d-b023-0fe1bea95e64: start RPC server
2022-10-09 13:09:02,113 [EndpointStateMachine task thread for /0.0.0.0:36067 - 0 ] INFO  server.GrpcService (GrpcService.java:startImpl(260)) - 50de1ab3-18a1-452d-b023-0fe1bea95e64: GrpcService started, listening on 33457
2022-10-09 13:09:02,124 [EndpointStateMachine task thread for /0.0.0.0:36067 - 0 ] INFO  ratis.XceiverServerRatis (XceiverServerRatis.java:getRealPort(502)) - XceiverServerRatis 50de1ab3-18a1-452d-b023-0fe1bea95e64 is started using port 33457 for RATIS
2022-10-09 13:09:02,124 [EndpointStateMachine task thread for /0.0.0.0:36067 - 0 ] INFO  ratis.XceiverServerRatis (XceiverServerRatis.java:getRealPort(502)) - XceiverServerRatis 50de1ab3-18a1-452d-b023-0fe1bea95e64 is started using port 33457 for RATIS_ADMIN
2022-10-09 13:09:02,124 [EndpointStateMachine task thread for /0.0.0.0:36067 - 0 ] INFO  ratis.XceiverServerRatis (XceiverServerRatis.java:getRealPort(502)) - XceiverServerRatis 50de1ab3-18a1-452d-b023-0fe1bea95e64 is started using port 33457 for RATIS_SERVER
2022-10-09 13:09:02,124 [org.apache.ratis.util.JvmPauseMonitor$$Lambda$636/1153107596@425e9f8a] INFO  util.JvmPauseMonitor (JvmPauseMonitor.java:run(103)) - JvmPauseMonitor-50de1ab3-18a1-452d-b023-0fe1bea95e64: Started
2022-10-09 13:09:02,211 [EndpointStateMachine task thread for /0.0.0.0:36067 - 0 ] INFO  server.XceiverServerGrpc (XceiverServerGrpc.java:start(180)) - XceiverServerGrpc 50de1ab3-18a1-452d-b023-0fe1bea95e64 is started using port 45047
2022-10-09 13:09:02,499 [EndpointStateMachine task thread for /0.0.0.0:36067 - 0 ] INFO  volume.HddsVolume (HddsVolume.java:createDbStore(307)) - SchemaV3 db is created and loaded at /home/runner/work/ozone/ozone/hadoop-ozone/integration-test/target/test-dir/MiniOzoneClusterImpl-ae096de1-e798-4387-a84e-b49ba4bb805b/datanode-1/data-0/containers/hdds/ae096de1-e798-4387-a84e-b49ba4bb805b/DS-5854e5ff-fd9a-46e1-9ed8-bb1e8d476ee8/container.db for volume DS-5854e5ff-fd9a-46e1-9ed8-bb1e8d476ee8
2022-10-09 13:09:02,500 [EndpointStateMachine task thread for /0.0.0.0:36067 - 0 ] INFO  volume.HddsVolume (HddsVolume.java:closeDbStore(338)) - SchemaV3 db is stopped at /home/runner/work/ozone/ozone/hadoop-ozone/integration-test/target/test-dir/MiniOzoneClusterImpl-ae096de1-e798-4387-a84e-b49ba4bb805b/datanode-1/data-0/containers/hdds/ae096de1-e798-4387-a84e-b49ba4bb805b/DS-5854e5ff-fd9a-46e1-9ed8-bb1e8d476ee8/container.db for volume DS-5854e5ff-fd9a-46e1-9ed8-bb1e8d476ee8
2022-10-09 13:09:02,500 [EndpointStateMachine task thread for /0.0.0.0:36067 - 0 ] INFO  ozoneimpl.OzoneContainer (OzoneContainer.java:start(378)) - Attempting to start container services.
2022-10-09 13:09:02,500 [EndpointStateMachine task thread for /0.0.0.0:36067 - 0 ] INFO  ozoneimpl.OzoneContainer (OzoneContainer.java:startContainerScrub(313)) - Background container scanner has been disabled.
2022-10-09 13:09:02,553 [EndpointStateMachine task thread for /0.0.0.0:36067 - 0 ] INFO  replication.ReplicationServer (ReplicationServer.java:start(111)) - ReplicationServer is started using port 35881
2022-10-09 13:09:02,590 [EndpointStateMachine task thread for /0.0.0.0:36067 - 0 ] INFO  ratis.XceiverServerRatis (XceiverServerRatis.java:start(481)) - Starting XceiverServerRatis 63d7508a-aae7-47e5-91de-7b918a2106c8
2022-10-09 13:09:02,660 [EndpointStateMachine task thread for /0.0.0.0:36067 - 0 ] INFO  server.RaftServer (RaftServerProxy.java:lambda$start$6(382)) - 63d7508a-aae7-47e5-91de-7b918a2106c8: start RPC server
2022-10-09 13:09:02,671 [EndpointStateMachine task thread for /0.0.0.0:36067 - 0 ] INFO  server.GrpcService (GrpcService.java:startImpl(260)) - 63d7508a-aae7-47e5-91de-7b918a2106c8: GrpcService started, listening on 34509
2022-10-09 13:09:02,684 [EndpointStateMachine task thread for /0.0.0.0:36067 - 0 ] INFO  ratis.XceiverServerRatis (XceiverServerRatis.java:getRealPort(502)) - XceiverServerRatis 63d7508a-aae7-47e5-91de-7b918a2106c8 is started using port 34509 for RATIS
2022-10-09 13:09:02,684 [EndpointStateMachine task thread for /0.0.0.0:36067 - 0 ] INFO  ratis.XceiverServerRatis (XceiverServerRatis.java:getRealPort(502)) - XceiverServerRatis 63d7508a-aae7-47e5-91de-7b918a2106c8 is started using port 34509 for RATIS_ADMIN
2022-10-09 13:09:02,684 [EndpointStateMachine task thread for /0.0.0.0:36067 - 0 ] INFO  ratis.XceiverServerRatis (XceiverServerRatis.java:getRealPort(502)) - XceiverServerRatis 63d7508a-aae7-47e5-91de-7b918a2106c8 is started using port 34509 for RATIS_SERVER
2022-10-09 13:09:02,684 [org.apache.ratis.util.JvmPauseMonitor$$Lambda$636/1153107596@1ed081be] INFO  util.JvmPauseMonitor (JvmPauseMonitor.java:run(103)) - JvmPauseMonitor-63d7508a-aae7-47e5-91de-7b918a2106c8: Started
2022-10-09 13:09:02,748 [EndpointStateMachine task thread for /0.0.0.0:36067 - 0 ] INFO  server.XceiverServerGrpc (XceiverServerGrpc.java:start(180)) - XceiverServerGrpc 63d7508a-aae7-47e5-91de-7b918a2106c8 is started using port 42463
2022-10-09 13:09:02,871 [EndpointStateMachine task thread for /0.0.0.0:36067 - 0 ] INFO  volume.HddsVolume (HddsVolume.java:createDbStore(307)) - SchemaV3 db is created and loaded at /home/runner/work/ozone/ozone/hadoop-ozone/integration-test/target/test-dir/MiniOzoneClusterImpl-ae096de1-e798-4387-a84e-b49ba4bb805b/datanode-2/data-0/containers/hdds/ae096de1-e798-4387-a84e-b49ba4bb805b/DS-5952d3e7-5f68-443d-9c27-0abacbc370a9/container.db for volume DS-5952d3e7-5f68-443d-9c27-0abacbc370a9
2022-10-09 13:09:02,872 [EndpointStateMachine task thread for /0.0.0.0:36067 - 0 ] INFO  volume.HddsVolume (HddsVolume.java:closeDbStore(338)) - SchemaV3 db is stopped at /home/runner/work/ozone/ozone/hadoop-ozone/integration-test/target/test-dir/MiniOzoneClusterImpl-ae096de1-e798-4387-a84e-b49ba4bb805b/datanode-2/data-0/containers/hdds/ae096de1-e798-4387-a84e-b49ba4bb805b/DS-5952d3e7-5f68-443d-9c27-0abacbc370a9/container.db for volume DS-5952d3e7-5f68-443d-9c27-0abacbc370a9
2022-10-09 13:09:02,872 [EndpointStateMachine task thread for /0.0.0.0:36067 - 0 ] INFO  ozoneimpl.OzoneContainer (OzoneContainer.java:start(378)) - Attempting to start container services.
2022-10-09 13:09:02,872 [EndpointStateMachine task thread for /0.0.0.0:36067 - 0 ] INFO  ozoneimpl.OzoneContainer (OzoneContainer.java:startContainerScrub(313)) - Background container scanner has been disabled.
2022-10-09 13:09:02,904 [EndpointStateMachine task thread for /0.0.0.0:36067 - 0 ] INFO  replication.ReplicationServer (ReplicationServer.java:start(111)) - ReplicationServer is started using port 39625
2022-10-09 13:09:02,907 [EndpointStateMachine task thread for /0.0.0.0:36067 - 0 ] INFO  ratis.XceiverServerRatis (XceiverServerRatis.java:start(481)) - Starting XceiverServerRatis a45a9974-6347-49ca-aefd-c703a3af3a84
2022-10-09 13:09:02,908 [EndpointStateMachine task thread for /0.0.0.0:36067 - 0 ] INFO  server.RaftServer (RaftServerProxy.java:lambda$start$6(382)) - a45a9974-6347-49ca-aefd-c703a3af3a84: start RPC server
2022-10-09 13:09:02,924 [EndpointStateMachine task thread for /0.0.0.0:36067 - 0 ] INFO  server.GrpcService (GrpcService.java:startImpl(260)) - a45a9974-6347-49ca-aefd-c703a3af3a84: GrpcService started, listening on 35151
2022-10-09 13:09:02,924 [EndpointStateMachine task thread for /0.0.0.0:36067 - 0 ] INFO  ratis.XceiverServerRatis (XceiverServerRatis.java:getRealPort(502)) - XceiverServerRatis a45a9974-6347-49ca-aefd-c703a3af3a84 is started using port 35151 for RATIS
2022-10-09 13:09:02,925 [EndpointStateMachine task thread for /0.0.0.0:36067 - 0 ] INFO  ratis.XceiverServerRatis (XceiverServerRatis.java:getRealPort(502)) - XceiverServerRatis a45a9974-6347-49ca-aefd-c703a3af3a84 is started using port 35151 for RATIS_ADMIN
2022-10-09 13:09:02,925 [EndpointStateMachine task thread for /0.0.0.0:36067 - 0 ] INFO  ratis.XceiverServerRatis (XceiverServerRatis.java:getRealPort(502)) - XceiverServerRatis a45a9974-6347-49ca-aefd-c703a3af3a84 is started using port 35151 for RATIS_SERVER
2022-10-09 13:09:02,925 [org.apache.ratis.util.JvmPauseMonitor$$Lambda$636/1153107596@25435b83] INFO  util.JvmPauseMonitor (JvmPauseMonitor.java:run(103)) - JvmPauseMonitor-a45a9974-6347-49ca-aefd-c703a3af3a84: Started
2022-10-09 13:09:02,993 [EndpointStateMachine task thread for /0.0.0.0:36067 - 0 ] INFO  server.XceiverServerGrpc (XceiverServerGrpc.java:start(180)) - XceiverServerGrpc a45a9974-6347-49ca-aefd-c703a3af3a84 is started using port 45685
2022-10-09 13:09:03,020 [Listener at 127.0.0.1/34869] INFO  handler.ContextHandler (ContextHandler.java:doStart(915)) - Started o.e.j.w.WebAppContext@7f7b7e40{hddsDatanode,/,file:///tmp/jetty-0_0_0_0-40893-hdds-container-service-1_3_0-SNAPSHOT_jar-_-any-3041939803257469461/webapp/,AVAILABLE}{jar:file:/home/runner/.m2/repository/org/apache/ozone/hdds-container-service/1.3.0-SNAPSHOT/hdds-container-service-1.3.0-SNAPSHOT.jar!/webapps/hddsDatanode}
2022-10-09 13:09:03,054 [Listener at 127.0.0.1/34869] INFO  server.AbstractConnector (AbstractConnector.java:doStart(331)) - Started ServerConnector@27d49c87{HTTP/1.1, (http/1.1)}{0.0.0.0:40893}
2022-10-09 13:09:03,054 [Listener at 127.0.0.1/34869] INFO  server.Server (Server.java:doStart(415)) - Started @320463ms
2022-10-09 13:09:03,054 [Listener at 127.0.0.1/34869] WARN  impl.MetricsSystemImpl (MetricsSystemImpl.java:register(279)) - Sink prometheus already exists!
2022-10-09 13:09:03,055 [Listener at 127.0.0.1/34869] INFO  http.BaseHttpServer (BaseHttpServer.java:updateConnectorAddress(333)) - HTTP server of hddsDatanode listening at http://0.0.0.0:40893
2022-10-09 13:09:03,055 [Listener at 127.0.0.1/34869] INFO  ozone.MiniOzoneClusterImpl (MiniOzoneClusterImpl.java:lambda$waitForClusterToBeReady$0(216)) - Waiting for nodes to be ready. Got 0 of 5 DN Heartbeats.
2022-10-09 13:09:03,056 [Listener at 127.0.0.1/34869] INFO  ozone.MiniOzoneClusterImpl (MiniOzoneClusterImpl.java:lambda$waitForClusterToBeReady$0(219)) - Waiting for cluster to exit safe mode
2022-10-09 13:09:03,056 [Listener at 127.0.0.1/34869] INFO  ozone.MiniOzoneClusterImpl (MiniOzoneClusterImpl.java:lambda$waitForClusterToBeReady$0(221)) - SCM became leader
2022-10-09 13:09:03,056 [Datanode State Machine Daemon Thread] INFO  statemachine.DatanodeStateMachine (DatanodeStateMachine.java:lambda$startDaemon$0(492)) - Ozone container server started.
2022-10-09 13:09:03,088 [org.apache.hadoop.util.JvmPauseMonitor$Monitor@24221ea4] INFO  util.JvmPauseMonitor (JvmPauseMonitor.java:run(188)) - Starting JVM pause monitor
2022-10-09 13:09:03,089 [Datanode State Machine Task Thread - 0] INFO  datanode.InitDatanodeState (InitDatanodeState.java:persistContainerDatanodeDetails(138)) - DatanodeDetails is persisted to /home/runner/work/ozone/ozone/hadoop-ozone/integration-test/target/test-dir/MiniOzoneClusterImpl-ae096de1-e798-4387-a84e-b49ba4bb805b/datanode-4/meta/datanode.id
2022-10-09 13:09:03,496 [EndpointStateMachine task thread for /0.0.0.0:36067 - 0 ] INFO  volume.HddsVolume (HddsVolume.java:createDbStore(307)) - SchemaV3 db is created and loaded at /home/runner/work/ozone/ozone/hadoop-ozone/integration-test/target/test-dir/MiniOzoneClusterImpl-ae096de1-e798-4387-a84e-b49ba4bb805b/datanode-3/data-0/containers/hdds/ae096de1-e798-4387-a84e-b49ba4bb805b/DS-582917d4-d382-412e-b115-1a6b3dbf48c4/container.db for volume DS-582917d4-d382-412e-b115-1a6b3dbf48c4
2022-10-09 13:09:03,497 [EndpointStateMachine task thread for /0.0.0.0:36067 - 0 ] INFO  volume.HddsVolume (HddsVolume.java:closeDbStore(338)) - SchemaV3 db is stopped at /home/runner/work/ozone/ozone/hadoop-ozone/integration-test/target/test-dir/MiniOzoneClusterImpl-ae096de1-e798-4387-a84e-b49ba4bb805b/datanode-3/data-0/containers/hdds/ae096de1-e798-4387-a84e-b49ba4bb805b/DS-582917d4-d382-412e-b115-1a6b3dbf48c4/container.db for volume DS-582917d4-d382-412e-b115-1a6b3dbf48c4
2022-10-09 13:09:03,497 [EndpointStateMachine task thread for /0.0.0.0:36067 - 0 ] INFO  ozoneimpl.OzoneContainer (OzoneContainer.java:start(378)) - Attempting to start container services.
2022-10-09 13:09:03,497 [EndpointStateMachine task thread for /0.0.0.0:36067 - 0 ] INFO  ozoneimpl.OzoneContainer (OzoneContainer.java:startContainerScrub(313)) - Background container scanner has been disabled.
2022-10-09 13:09:03,524 [EndpointStateMachine task thread for /0.0.0.0:36067 - 0 ] INFO  replication.ReplicationServer (ReplicationServer.java:start(111)) - ReplicationServer is started using port 38157
2022-10-09 13:09:03,543 [EndpointStateMachine task thread for /0.0.0.0:36067 - 0 ] INFO  ratis.XceiverServerRatis (XceiverServerRatis.java:start(481)) - Starting XceiverServerRatis 315315cf-59ad-45fd-8467-2fb2d1f09000
2022-10-09 13:09:03,558 [EndpointStateMachine task thread for /0.0.0.0:36067 - 0 ] INFO  server.RaftServer (RaftServerProxy.java:lambda$start$6(382)) - 315315cf-59ad-45fd-8467-2fb2d1f09000: start RPC server
2022-10-09 13:09:03,580 [EndpointStateMachine task thread for /0.0.0.0:36067 - 0 ] INFO  server.GrpcService (GrpcService.java:startImpl(260)) - 315315cf-59ad-45fd-8467-2fb2d1f09000: GrpcService started, listening on 43159
2022-10-09 13:09:03,596 [EndpointStateMachine task thread for /0.0.0.0:36067 - 0 ] INFO  ratis.XceiverServerRatis (XceiverServerRatis.java:getRealPort(502)) - XceiverServerRatis 315315cf-59ad-45fd-8467-2fb2d1f09000 is started using port 43159 for RATIS
2022-10-09 13:09:03,596 [org.apache.ratis.util.JvmPauseMonitor$$Lambda$636/1153107596@a1fc87e] INFO  util.JvmPauseMonitor (JvmPauseMonitor.java:run(103)) - JvmPauseMonitor-315315cf-59ad-45fd-8467-2fb2d1f09000: Started
2022-10-09 13:09:03,596 [EndpointStateMachine task thread for /0.0.0.0:36067 - 0 ] INFO  ratis.XceiverServerRatis (XceiverServerRatis.java:getRealPort(502)) - XceiverServerRatis 315315cf-59ad-45fd-8467-2fb2d1f09000 is started using port 43159 for RATIS_ADMIN
2022-10-09 13:09:03,600 [EndpointStateMachine task thread for /0.0.0.0:36067 - 0 ] INFO  ratis.XceiverServerRatis (XceiverServerRatis.java:getRealPort(502)) - XceiverServerRatis 315315cf-59ad-45fd-8467-2fb2d1f09000 is started using port 43159 for RATIS_SERVER
2022-10-09 13:09:03,631 [EndpointStateMachine task thread for /0.0.0.0:36067 - 0 ] INFO  server.XceiverServerGrpc (XceiverServerGrpc.java:start(180)) - XceiverServerGrpc 315315cf-59ad-45fd-8467-2fb2d1f09000 is started using port 34997
2022-10-09 13:09:03,655 [IPC Server handler 2 on default port 36067] INFO  net.NetworkTopologyImpl (NetworkTopologyImpl.java:add(112)) - Added a new node: /default-rack/50de1ab3-18a1-452d-b023-0fe1bea95e64
2022-10-09 13:09:03,655 [IPC Server handler 2 on default port 36067] INFO  node.SCMNodeManager (SCMNodeManager.java:register(397)) - Registered Data node : 50de1ab3-18a1-452d-b023-0fe1bea95e64{ip: 10.1.0.209, host: fv-az212-628.zlodpucb4l4udavnfxg5s20dva.cx.internal.cloudapp.net, ports: [REPLICATION=37969, RATIS=33457, RATIS_ADMIN=33457, RATIS_SERVER=33457, STANDALONE=45047], networkLocation: /default-rack, certSerialId: null, persistedOpState: null, persistedOpStateExpiryEpochSec: 0}
2022-10-09 13:09:03,674 [EventQueue-NodeRegistrationContainerReportForDataNodeSafeModeRule] INFO  safemode.SCMSafeModeManager (DataNodeSafeModeRule.java:process(71)) - SCM in safe mode. 1 DataNodes registered, 3 required.
2022-10-09 13:09:03,674 [EventQueue-PipelineReportForOneReplicaPipelineSafeModeRule] INFO  safemode.SCMSafeModeManager (SCMSafeModeManager.java:validateSafeModeExitRules(204)) - AtleastOneDatanodeReportedRule rule is successfully validated
2022-10-09 13:09:03,703 [EventQueue-NewNodeForNewNodeHandler] INFO  pipeline.BackgroundPipelineCreator (BackgroundPipelineCreator.java:notifyEventTriggered(276)) - trigger a one-shot run on RatisPipelineUtilsThread.
2022-10-09 13:09:03,703 [EventQueue-NodeRegistrationContainerReportForContainerSafeModeRule] INFO  safemode.SCMSafeModeManager (SCMSafeModeManager.java:validateSafeModeExitRules(204)) - ContainerSafeModeRule rule is successfully validated
2022-10-09 13:09:03,703 [RatisPipelineUtilsThread - 0] INFO  pipeline.RatisPipelineProvider (RatisPipelineProvider.java:lambda$create$0(195)) - Sending CreatePipelineCommand for pipeline:PipelineID=2b395deb-a907-4886-bf7b-01b6c545d066 to datanode:50de1ab3-18a1-452d-b023-0fe1bea95e64
2022-10-09 13:09:03,706 [RatisPipelineUtilsThread - 0] INFO  pipeline.PipelineStateManagerImpl (PipelineStateManagerImpl.java:addPipeline(103)) - Created pipeline Pipeline[ Id: 2b395deb-a907-4886-bf7b-01b6c545d066, Nodes: 50de1ab3-18a1-452d-b023-0fe1bea95e64{ip: 10.1.0.209, host: fv-az212-628.zlodpucb4l4udavnfxg5s20dva.cx.internal.cloudapp.net, ports: [REPLICATION=37969, RATIS=33457, RATIS_ADMIN=33457, RATIS_SERVER=33457, STANDALONE=45047], networkLocation: /default-rack, certSerialId: null, persistedOpState: IN_SERVICE, persistedOpStateExpiryEpochSec: 0}, ReplicationConfig: RATIS/ONE, State:ALLOCATED, leaderId:, CreationTimestamp2022-10-09T13:09:03.703Z[Etc/UTC]].
2022-10-09 13:09:04,059 [Listener at 127.0.0.1/34869] INFO  ozone.MiniOzoneClusterImpl (MiniOzoneClusterImpl.java:lambda$waitForClusterToBeReady$0(216)) - Waiting for nodes to be ready. Got 1 of 5 DN Heartbeats.
2022-10-09 13:09:04,059 [Listener at 127.0.0.1/34869] INFO  ozone.MiniOzoneClusterImpl (MiniOzoneClusterImpl.java:lambda$waitForClusterToBeReady$0(219)) - Waiting for cluster to exit safe mode
2022-10-09 13:09:04,059 [Listener at 127.0.0.1/34869] INFO  ozone.MiniOzoneClusterImpl (MiniOzoneClusterImpl.java:lambda$waitForClusterToBeReady$0(221)) - SCM became leader
2022-10-09 13:09:04,218 [IPC Server handler 0 on default port 36067] INFO  net.NetworkTopologyImpl (NetworkTopologyImpl.java:add(112)) - Added a new node: /default-rack/63d7508a-aae7-47e5-91de-7b918a2106c8
2022-10-09 13:09:04,218 [IPC Server handler 0 on default port 36067] INFO  node.SCMNodeManager (SCMNodeManager.java:register(397)) - Registered Data node : 63d7508a-aae7-47e5-91de-7b918a2106c8{ip: 10.1.0.209, host: fv-az212-628.zlodpucb4l4udavnfxg5s20dva.cx.internal.cloudapp.net, ports: [REPLICATION=35881, RATIS=34509, RATIS_ADMIN=34509, RATIS_SERVER=34509, STANDALONE=42463], networkLocation: /default-rack, certSerialId: null, persistedOpState: null, persistedOpStateExpiryEpochSec: 0}
2022-10-09 13:09:04,224 [EventQueue-NewNodeForNewNodeHandler] INFO  pipeline.BackgroundPipelineCreator (BackgroundPipelineCreator.java:notifyEventTriggered(276)) - trigger a one-shot run on RatisPipelineUtilsThread.
2022-10-09 13:09:04,261 [EventQueue-NodeRegistrationContainerReportForDataNodeSafeModeRule] INFO  safemode.SCMSafeModeManager (DataNodeSafeModeRule.java:process(71)) - SCM in safe mode. 2 DataNodes registered, 3 required.
2022-10-09 13:09:04,264 [RatisPipelineUtilsThread - 0] INFO  pipeline.RatisPipelineProvider (RatisPipelineProvider.java:lambda$create$0(195)) - Sending CreatePipelineCommand for pipeline:PipelineID=3c3f37aa-45f8-45d5-9010-b7d8664248a8 to datanode:63d7508a-aae7-47e5-91de-7b918a2106c8
2022-10-09 13:09:04,264 [RatisPipelineUtilsThread - 0] INFO  pipeline.PipelineStateManagerImpl (PipelineStateManagerImpl.java:addPipeline(103)) - Created pipeline Pipeline[ Id: 3c3f37aa-45f8-45d5-9010-b7d8664248a8, Nodes: 63d7508a-aae7-47e5-91de-7b918a2106c8{ip: 10.1.0.209, host: fv-az212-628.zlodpucb4l4udavnfxg5s20dva.cx.internal.cloudapp.net, ports: [REPLICATION=35881, RATIS=34509, RATIS_ADMIN=34509, RATIS_SERVER=34509, STANDALONE=42463], networkLocation: /default-rack, certSerialId: null, persistedOpState: IN_SERVICE, persistedOpStateExpiryEpochSec: 0}, ReplicationConfig: RATIS/ONE, State:ALLOCATED, leaderId:, CreationTimestamp2022-10-09T13:09:04.264Z[Etc/UTC]].
2022-10-09 13:09:04,772 [IPC Server handler 13 on default port 36067] INFO  net.NetworkTopologyImpl (NetworkTopologyImpl.java:add(112)) - Added a new node: /default-rack/a45a9974-6347-49ca-aefd-c703a3af3a84
2022-10-09 13:09:04,773 [IPC Server handler 13 on default port 36067] INFO  node.SCMNodeManager (SCMNodeManager.java:register(397)) - Registered Data node : a45a9974-6347-49ca-aefd-c703a3af3a84{ip: 10.1.0.209, host: fv-az212-628.zlodpucb4l4udavnfxg5s20dva.cx.internal.cloudapp.net, ports: [REPLICATION=39625, RATIS=35151, RATIS_ADMIN=35151, RATIS_SERVER=35151, STANDALONE=45685], networkLocation: /default-rack, certSerialId: null, persistedOpState: null, persistedOpStateExpiryEpochSec: 0}
2022-10-09 13:09:04,773 [EventQueue-NodeRegistrationContainerReportForDataNodeSafeModeRule] INFO  safemode.SCMSafeModeManager (DataNodeSafeModeRule.java:process(71)) - SCM in safe mode. 3 DataNodes registered, 3 required.
2022-10-09 13:09:04,773 [EventQueue-NodeRegistrationContainerReportForDataNodeSafeModeRule] INFO  safemode.SCMSafeModeManager (SCMSafeModeManager.java:validateSafeModeExitRules(204)) - DataNodeSafeModeRule rule is successfully validated
2022-10-09 13:09:04,773 [EventQueue-NodeRegistrationContainerReportForDataNodeSafeModeRule] INFO  safemode.SCMSafeModeManager (SCMSafeModeManager.java:completePreCheck(233)) - All SCM safe mode pre check rules have passed
2022-10-09 13:09:04,773 [EventQueue-NodeRegistrationContainerReportForDataNodeSafeModeRule] WARN  events.EventQueue (EventQueue.java:fireEvent(216)) - No event handler registered for event TypedEvent{payloadType=SafeModeStatus, name='Safe mode status'}
2022-10-09 13:09:04,773 [EventQueue-NodeRegistrationContainerReportForDataNodeSafeModeRule] INFO  ha.SCMContext (SCMContext.java:updateSafeModeStatus(228)) - Update SafeModeStatus from SafeModeStatus{safeModeStatus=true, preCheckPassed=false} to SafeModeStatus{safeModeStatus=true, preCheckPassed=true}.
2022-10-09 13:09:04,773 [EventQueue-NodeRegistrationContainerReportForDataNodeSafeModeRule] INFO  pipeline.BackgroundPipelineCreator (BackgroundPipelineCreator.java:notifyEventTriggered(276)) - trigger a one-shot run on RatisPipelineUtilsThread.
2022-10-09 13:09:04,774 [EventQueue-NewNodeForNewNodeHandler] INFO  pipeline.BackgroundPipelineCreator (BackgroundPipelineCreator.java:notifyEventTriggered(276)) - trigger a one-shot run on RatisPipelineUtilsThread.
2022-10-09 13:09:04,774 [RatisPipelineUtilsThread - 0] INFO  pipeline.RatisPipelineProvider (RatisPipelineProvider.java:lambda$create$0(195)) - Sending CreatePipelineCommand for pipeline:PipelineID=00e9a87d-9224-422c-a2cd-7070257b7526 to datanode:a45a9974-6347-49ca-aefd-c703a3af3a84
2022-10-09 13:09:04,774 [RatisPipelineUtilsThread - 0] INFO  pipeline.PipelineStateManagerImpl (PipelineStateManagerImpl.java:addPipeline(103)) - Created pipeline Pipeline[ Id: 00e9a87d-9224-422c-a2cd-7070257b7526, Nodes: a45a9974-6347-49ca-aefd-c703a3af3a84{ip: 10.1.0.209, host: fv-az212-628.zlodpucb4l4udavnfxg5s20dva.cx.internal.cloudapp.net, ports: [REPLICATION=39625, RATIS=35151, RATIS_ADMIN=35151, RATIS_SERVER=35151, STANDALONE=45685], networkLocation: /default-rack, certSerialId: null, persistedOpState: IN_SERVICE, persistedOpStateExpiryEpochSec: 0}, ReplicationConfig: RATIS/ONE, State:ALLOCATED, leaderId:, CreationTimestamp2022-10-09T13:09:04.774Z[Etc/UTC]].
2022-10-09 13:09:04,775 [RatisPipelineUtilsThread - 0] INFO  pipeline.RatisPipelineProvider (RatisPipelineProvider.java:lambda$create$0(195)) - Sending CreatePipelineCommand for pipeline:PipelineID=64649ea7-5891-41cc-9022-61aa8b057572 to datanode:63d7508a-aae7-47e5-91de-7b918a2106c8
2022-10-09 13:09:04,775 [RatisPipelineUtilsThread - 0] INFO  pipeline.RatisPipelineProvider (RatisPipelineProvider.java:lambda$create$0(195)) - Sending CreatePipelineCommand for pipeline:PipelineID=64649ea7-5891-41cc-9022-61aa8b057572 to datanode:50de1ab3-18a1-452d-b023-0fe1bea95e64
2022-10-09 13:09:04,775 [RatisPipelineUtilsThread - 0] INFO  pipeline.RatisPipelineProvider (RatisPipelineProvider.java:lambda$create$0(195)) - Sending CreatePipelineCommand for pipeline:PipelineID=64649ea7-5891-41cc-9022-61aa8b057572 to datanode:a45a9974-6347-49ca-aefd-c703a3af3a84
2022-10-09 13:09:04,775 [RatisPipelineUtilsThread - 0] INFO  pipeline.PipelineStateManagerImpl (PipelineStateManagerImpl.java:addPipeline(103)) - Created pipeline Pipeline[ Id: 64649ea7-5891-41cc-9022-61aa8b057572, Nodes: 63d7508a-aae7-47e5-91de-7b918a2106c8{ip: 10.1.0.209, host: fv-az212-628.zlodpucb4l4udavnfxg5s20dva.cx.internal.cloudapp.net, ports: [REPLICATION=35881, RATIS=34509, RATIS_ADMIN=34509, RATIS_SERVER=34509, STANDALONE=42463], networkLocation: /default-rack, certSerialId: null, persistedOpState: IN_SERVICE, persistedOpStateExpiryEpochSec: 0}50de1ab3-18a1-452d-b023-0fe1bea95e64{ip: 10.1.0.209, host: fv-az212-628.zlodpucb4l4udavnfxg5s20dva.cx.internal.cloudapp.net, ports: [REPLICATION=37969, RATIS=33457, RATIS_ADMIN=33457, RATIS_SERVER=33457, STANDALONE=45047], networkLocation: /default-rack, certSerialId: null, persistedOpState: IN_SERVICE, persistedOpStateExpiryEpochSec: 0}a45a9974-6347-49ca-aefd-c703a3af3a84{ip: 10.1.0.209, host: fv-az212-628.zlodpucb4l4udavnfxg5s20dva.cx.internal.cloudapp.net, ports: [REPLICATION=39625, RATIS=35151, RATIS_ADMIN=35151, RATIS_SERVER=35151, STANDALONE=45685], networkLocation: /default-rack, certSerialId: null, persistedOpState: IN_SERVICE, persistedOpStateExpiryEpochSec: 0}, ReplicationConfig: RATIS/THREE, State:ALLOCATED, leaderId:, CreationTimestamp2022-10-09T13:09:04.775Z[Etc/UTC]].
2022-10-09 13:09:04,775 [RatisPipelineUtilsThread - 0] INFO  pipeline.RatisPipelineProvider (RatisPipelineProvider.java:lambda$create$0(195)) - Sending CreatePipelineCommand for pipeline:PipelineID=c29ea68a-b793-4021-894d-c323f128d3a8 to datanode:a45a9974-6347-49ca-aefd-c703a3af3a84
2022-10-09 13:09:04,775 [RatisPipelineUtilsThread - 0] INFO  pipeline.RatisPipelineProvider (RatisPipelineProvider.java:lambda$create$0(195)) - Sending CreatePipelineCommand for pipeline:PipelineID=c29ea68a-b793-4021-894d-c323f128d3a8 to datanode:50de1ab3-18a1-452d-b023-0fe1bea95e64
2022-10-09 13:09:04,775 [RatisPipelineUtilsThread - 0] INFO  pipeline.RatisPipelineProvider (RatisPipelineProvider.java:lambda$create$0(195)) - Sending CreatePipelineCommand for pipeline:PipelineID=c29ea68a-b793-4021-894d-c323f128d3a8 to datanode:63d7508a-aae7-47e5-91de-7b918a2106c8
2022-10-09 13:09:04,776 [RatisPipelineUtilsThread - 0] INFO  pipeline.PipelineStateManagerImpl (PipelineStateManagerImpl.java:addPipeline(103)) - Created pipeline Pipeline[ Id: c29ea68a-b793-4021-894d-c323f128d3a8, Nodes: a45a9974-6347-49ca-aefd-c703a3af3a84{ip: 10.1.0.209, host: fv-az212-628.zlodpucb4l4udavnfxg5s20dva.cx.internal.cloudapp.net, ports: [REPLICATION=39625, RATIS=35151, RATIS_ADMIN=35151, RATIS_SERVER=35151, STANDALONE=45685], networkLocation: /default-rack, certSerialId: null, persistedOpState: IN_SERVICE, persistedOpStateExpiryEpochSec: 0}50de1ab3-18a1-452d-b023-0fe1bea95e64{ip: 10.1.0.209, host: fv-az212-628.zlodpucb4l4udavnfxg5s20dva.cx.internal.cloudapp.net, ports: [REPLICATION=37969, RATIS=33457, RATIS_ADMIN=33457, RATIS_SERVER=33457, STANDALONE=45047], networkLocation: /default-rack, certSerialId: null, persistedOpState: IN_SERVICE, persistedOpStateExpiryEpochSec: 0}63d7508a-aae7-47e5-91de-7b918a2106c8{ip: 10.1.0.209, host: fv-az212-628.zlodpucb4l4udavnfxg5s20dva.cx.internal.cloudapp.net, ports: [REPLICATION=35881, RATIS=34509, RATIS_ADMIN=34509, RATIS_SERVER=34509, STANDALONE=42463], networkLocation: /default-rack, certSerialId: null, persistedOpState: IN_SERVICE, persistedOpStateExpiryEpochSec: 0}, ReplicationConfig: RATIS/THREE, State:ALLOCATED, leaderId:, CreationTimestamp2022-10-09T13:09:04.775Z[Etc/UTC]].
2022-10-09 13:09:04,776 [RatisPipelineUtilsThread - 0] INFO  pipeline.PipelineManagerImpl (PipelineManagerImpl.java:recordMetricsForPipeline(796)) - Pipeline: PipelineID=c29ea68a-b793-4021-894d-c323f128d3a8 contains same datanodes as previous pipelines: PipelineID=64649ea7-5891-41cc-9022-61aa8b057572 nodeIds: a45a9974-6347-49ca-aefd-c703a3af3a84, 50de1ab3-18a1-452d-b023-0fe1bea95e64, 63d7508a-aae7-47e5-91de-7b918a2106c8
2022-10-09 13:09:05,059 [Listener at 127.0.0.1/34869] INFO  ozone.MiniOzoneClusterImpl (MiniOzoneClusterImpl.java:lambda$waitForClusterToBeReady$0(216)) - Waiting for nodes to be ready. Got 3 of 5 DN Heartbeats.
2022-10-09 13:09:05,060 [Listener at 127.0.0.1/34869] INFO  ozone.MiniOzoneClusterImpl (MiniOzoneClusterImpl.java:lambda$waitForClusterToBeReady$0(219)) - Waiting for cluster to exit safe mode
2022-10-09 13:09:05,060 [Listener at 127.0.0.1/34869] INFO  ozone.MiniOzoneClusterImpl (MiniOzoneClusterImpl.java:lambda$waitForClusterToBeReady$0(221)) - SCM became leader
2022-10-09 13:09:05,171 [EndpointStateMachine task thread for /0.0.0.0:36067 - 0 ] INFO  volume.HddsVolume (HddsVolume.java:createDbStore(307)) - SchemaV3 db is created and loaded at /home/runner/work/ozone/ozone/hadoop-ozone/integration-test/target/test-dir/MiniOzoneClusterImpl-ae096de1-e798-4387-a84e-b49ba4bb805b/datanode-4/data-0/containers/hdds/ae096de1-e798-4387-a84e-b49ba4bb805b/DS-92715e9a-ebb5-4970-be7b-a6cec3a1b652/container.db for volume DS-92715e9a-ebb5-4970-be7b-a6cec3a1b652
2022-10-09 13:09:05,173 [EndpointStateMachine task thread for /0.0.0.0:36067 - 0 ] INFO  volume.HddsVolume (HddsVolume.java:closeDbStore(338)) - SchemaV3 db is stopped at /home/runner/work/ozone/ozone/hadoop-ozone/integration-test/target/test-dir/MiniOzoneClusterImpl-ae096de1-e798-4387-a84e-b49ba4bb805b/datanode-4/data-0/containers/hdds/ae096de1-e798-4387-a84e-b49ba4bb805b/DS-92715e9a-ebb5-4970-be7b-a6cec3a1b652/container.db for volume DS-92715e9a-ebb5-4970-be7b-a6cec3a1b652
2022-10-09 13:09:05,173 [EndpointStateMachine task thread for /0.0.0.0:36067 - 0 ] INFO  ozoneimpl.OzoneContainer (OzoneContainer.java:start(378)) - Attempting to start container services.
2022-10-09 13:09:05,173 [EndpointStateMachine task thread for /0.0.0.0:36067 - 0 ] INFO  ozoneimpl.OzoneContainer (OzoneContainer.java:startContainerScrub(313)) - Background container scanner has been disabled.
2022-10-09 13:09:05,188 [EndpointStateMachine task thread for /0.0.0.0:36067 - 0 ] INFO  replication.ReplicationServer (ReplicationServer.java:start(111)) - ReplicationServer is started using port 43319
2022-10-09 13:09:05,190 [EndpointStateMachine task thread for /0.0.0.0:36067 - 0 ] INFO  ratis.XceiverServerRatis (XceiverServerRatis.java:start(481)) - Starting XceiverServerRatis acb33dc2-f09b-4244-82bd-fd30ea1545c9
2022-10-09 13:09:05,196 [EndpointStateMachine task thread for /0.0.0.0:36067 - 0 ] INFO  server.RaftServer (RaftServerProxy.java:lambda$start$6(382)) - acb33dc2-f09b-4244-82bd-fd30ea1545c9: start RPC server
2022-10-09 13:09:05,213 [EndpointStateMachine task thread for /0.0.0.0:36067 - 0 ] INFO  server.GrpcService (GrpcService.java:startImpl(260)) - acb33dc2-f09b-4244-82bd-fd30ea1545c9: GrpcService started, listening on 46425
2022-10-09 13:09:05,220 [EndpointStateMachine task thread for /0.0.0.0:36067 - 0 ] INFO  ratis.XceiverServerRatis (XceiverServerRatis.java:getRealPort(502)) - XceiverServerRatis acb33dc2-f09b-4244-82bd-fd30ea1545c9 is started using port 46425 for RATIS
2022-10-09 13:09:05,220 [org.apache.ratis.util.JvmPauseMonitor$$Lambda$636/1153107596@5e102837] INFO  util.JvmPauseMonitor (JvmPauseMonitor.java:run(103)) - JvmPauseMonitor-acb33dc2-f09b-4244-82bd-fd30ea1545c9: Started
2022-10-09 13:09:05,220 [EndpointStateMachine task thread for /0.0.0.0:36067 - 0 ] INFO  ratis.XceiverServerRatis (XceiverServerRatis.java:getRealPort(502)) - XceiverServerRatis acb33dc2-f09b-4244-82bd-fd30ea1545c9 is started using port 46425 for RATIS_ADMIN
2022-10-09 13:09:05,224 [EndpointStateMachine task thread for /0.0.0.0:36067 - 0 ] INFO  ratis.XceiverServerRatis (XceiverServerRatis.java:getRealPort(502)) - XceiverServerRatis acb33dc2-f09b-4244-82bd-fd30ea1545c9 is started using port 46425 for RATIS_SERVER
2022-10-09 13:09:05,273 [EndpointStateMachine task thread for /0.0.0.0:36067 - 0 ] INFO  server.XceiverServerGrpc (XceiverServerGrpc.java:start(180)) - XceiverServerGrpc acb33dc2-f09b-4244-82bd-fd30ea1545c9 is started using port 42919
2022-10-09 13:09:05,393 [IPC Server handler 1 on default port 36067] INFO  net.NetworkTopologyImpl (NetworkTopologyImpl.java:add(112)) - Added a new node: /default-rack/315315cf-59ad-45fd-8467-2fb2d1f09000
2022-10-09 13:09:05,393 [IPC Server handler 1 on default port 36067] INFO  node.SCMNodeManager (SCMNodeManager.java:register(397)) - Registered Data node : 315315cf-59ad-45fd-8467-2fb2d1f09000{ip: 10.1.0.209, host: fv-az212-628.zlodpucb4l4udavnfxg5s20dva.cx.internal.cloudapp.net, ports: [REPLICATION=38157, RATIS=43159, RATIS_ADMIN=43159, RATIS_SERVER=43159, STANDALONE=34997], networkLocation: /default-rack, certSerialId: null, persistedOpState: null, persistedOpStateExpiryEpochSec: 0}
2022-10-09 13:09:05,393 [EventQueue-NewNodeForNewNodeHandler] INFO  pipeline.BackgroundPipelineCreator (BackgroundPipelineCreator.java:notifyEventTriggered(276)) - trigger a one-shot run on RatisPipelineUtilsThread.
2022-10-09 13:09:05,394 [RatisPipelineUtilsThread - 0] INFO  pipeline.RatisPipelineProvider (RatisPipelineProvider.java:lambda$create$0(195)) - Sending CreatePipelineCommand for pipeline:PipelineID=5b2fb493-a973-426c-bbfc-81d28080ea6b to datanode:315315cf-59ad-45fd-8467-2fb2d1f09000
2022-10-09 13:09:05,394 [RatisPipelineUtilsThread - 0] INFO  pipeline.PipelineStateManagerImpl (PipelineStateManagerImpl.java:addPipeline(103)) - Created pipeline Pipeline[ Id: 5b2fb493-a973-426c-bbfc-81d28080ea6b, Nodes: 315315cf-59ad-45fd-8467-2fb2d1f09000{ip: 10.1.0.209, host: fv-az212-628.zlodpucb4l4udavnfxg5s20dva.cx.internal.cloudapp.net, ports: [REPLICATION=38157, RATIS=43159, RATIS_ADMIN=43159, RATIS_SERVER=43159, STANDALONE=34997], networkLocation: /default-rack, certSerialId: null, persistedOpState: IN_SERVICE, persistedOpStateExpiryEpochSec: 0}, ReplicationConfig: RATIS/ONE, State:ALLOCATED, leaderId:, CreationTimestamp2022-10-09T13:09:05.393Z[Etc/UTC]].
2022-10-09 13:09:06,060 [Listener at 127.0.0.1/34869] INFO  ozone.MiniOzoneClusterImpl (MiniOzoneClusterImpl.java:lambda$waitForClusterToBeReady$0(216)) - Waiting for nodes to be ready. Got 4 of 5 DN Heartbeats.
2022-10-09 13:09:06,060 [Listener at 127.0.0.1/34869] INFO  ozone.MiniOzoneClusterImpl (MiniOzoneClusterImpl.java:lambda$waitForClusterToBeReady$0(219)) - Waiting for cluster to exit safe mode
2022-10-09 13:09:06,060 [Listener at 127.0.0.1/34869] INFO  ozone.MiniOzoneClusterImpl (MiniOzoneClusterImpl.java:lambda$waitForClusterToBeReady$0(221)) - SCM became leader
2022-10-09 13:09:06,663 [Command processor thread] INFO  server.RaftServer (RaftServerProxy.java:addNew(96)) - 50de1ab3-18a1-452d-b023-0fe1bea95e64: addNew group-01B6C545D066:[50de1ab3-18a1-452d-b023-0fe1bea95e64|rpc:10.1.0.209:33457|priority:1] returns group-01B6C545D066:java.util.concurrent.CompletableFuture@39c1fb10[Not completed]
2022-10-09 13:09:06,684 [pool-795-thread-1] INFO  server.RaftServer$Division (RaftServerImpl.java:<init>(190)) - 50de1ab3-18a1-452d-b023-0fe1bea95e64: new RaftServerImpl for group-01B6C545D066:[50de1ab3-18a1-452d-b023-0fe1bea95e64|rpc:10.1.0.209:33457|priority:1] with ContainerStateMachine:uninitialized
2022-10-09 13:09:06,684 [pool-795-thread-1] INFO  server.RaftServerConfigKeys (ConfUtils.java:logGet(46)) - raft.server.rpc.timeout.min = 5s (custom)
2022-10-09 13:09:06,684 [pool-795-thread-1] INFO  server.RaftServerConfigKeys (ConfUtils.java:logGet(46)) - raft.server.rpc.timeout.max = 5200ms (custom)
2022-10-09 13:09:06,684 [pool-795-thread-1] INFO  server.RaftServerConfigKeys (ConfUtils.java:logGet(46)) - raft.server.rpc.sleep.time = 25ms (default)
2022-10-09 13:09:06,684 [pool-795-thread-1] INFO  server.RaftServerConfigKeys (ConfUtils.java:logGet(46)) - raft.server.rpc.slowness.timeout = 300s (custom)
2022-10-09 13:09:06,684 [pool-795-thread-1] INFO  server.RaftServerConfigKeys (ConfUtils.java:logGet(46)) - raft.server.leaderelection.leader.step-down.wait-time = 10s (default)
2022-10-09 13:09:06,684 [pool-795-thread-1] INFO  server.RaftServerConfigKeys (ConfUtils.java:logGet(46)) - raft.server.sleep.deviation.threshold = 300ms (default)
2022-10-09 13:09:06,684 [pool-795-thread-1] INFO  server.RaftServer$Division (ServerState.java:<init>(107)) - 50de1ab3-18a1-452d-b023-0fe1bea95e64@group-01B6C545D066: ConfigurationManager, init=-1: [50de1ab3-18a1-452d-b023-0fe1bea95e64|rpc:10.1.0.209:33457|priority:1], old=null, confs=<EMPTY_MAP>
2022-10-09 13:09:06,695 [pool-795-thread-1] INFO  server.RaftServerConfigKeys (ConfUtils.java:logGet(46)) - raft.server.storage.dir = [/home/runner/work/ozone/ozone/hadoop-ozone/integration-test/target/test-dir/MiniOzoneClusterImpl-ae096de1-e798-4387-a84e-b49ba4bb805b/datanode-0/data/ratis] (custom)
2022-10-09 13:09:06,696 [pool-795-thread-1] INFO  server.RaftServerConfigKeys (ConfUtils.java:logGet(46)) - raft.server.log.corruption.policy = EXCEPTION (default)
2022-10-09 13:09:06,696 [pool-795-thread-1] INFO  server.RaftServerConfigKeys (ConfUtils.java:logGet(46)) - raft.server.storage.free-space.min = 0MB (=0) (default)
2022-10-09 13:09:06,696 [pool-795-thread-1] INFO  storage.RaftStorageDirectory (RaftStorageDirectoryImpl.java:analyzeStorage(135)) - The storage directory /home/runner/work/ozone/ozone/hadoop-ozone/integration-test/target/test-dir/MiniOzoneClusterImpl-ae096de1-e798-4387-a84e-b49ba4bb805b/datanode-0/data/ratis/2b395deb-a907-4886-bf7b-01b6c545d066 does not exist. Creating ...
2022-10-09 13:09:06,697 [pool-795-thread-1] INFO  storage.RaftStorageDirectory (RaftStorageDirectoryImpl.java:tryLock(230)) - Lock on /home/runner/work/ozone/ozone/hadoop-ozone/integration-test/target/test-dir/MiniOzoneClusterImpl-ae096de1-e798-4387-a84e-b49ba4bb805b/datanode-0/data/ratis/2b395deb-a907-4886-bf7b-01b6c545d066/in_use.lock acquired by nodename 13094@fv-az212-628
2022-10-09 13:09:06,708 [pool-795-thread-1] INFO  storage.RaftStorage (RaftStorageImpl.java:format(89)) - Storage directory /home/runner/work/ozone/ozone/hadoop-ozone/integration-test/target/test-dir/MiniOzoneClusterImpl-ae096de1-e798-4387-a84e-b49ba4bb805b/datanode-0/data/ratis/2b395deb-a907-4886-bf7b-01b6c545d066 has been successfully formatted.
2022-10-09 13:09:06,733 [pool-795-thread-1] INFO  ratis.ContainerStateMachine (ContainerStateMachine.java:loadSnapshot(236)) - group-01B6C545D066: The snapshot info is null. Setting the last applied indexto:(t:0, i:~)
2022-10-09 13:09:06,733 [pool-795-thread-1] INFO  server.RaftServerConfigKeys (ConfUtils.java:logGet(46)) - raft.server.notification.no-leader.timeout = 300s (custom)
2022-10-09 13:09:06,733 [pool-795-thread-1] INFO  server.RaftServerConfigKeys (ConfUtils.java:logGet(46)) - raft.server.log.use.memory = false (default)
2022-10-09 13:09:06,733 [pool-795-thread-1] INFO  server.RaftServerConfigKeys (ConfUtils.java:logGet(46)) - raft.server.log.purge.gap = 1000000 (custom)
2022-10-09 13:09:06,733 [pool-795-thread-1] INFO  server.RaftServerConfigKeys (ConfUtils.java:logGet(46)) - raft.server.log.appender.buffer.byte-limit = 33554432 (custom)
2022-10-09 13:09:06,733 [pool-795-thread-1] INFO  server.RaftServerConfigKeys (ConfUtils.java:logGet(46)) - raft.server.log.statemachine.data.read.timeout = 1000ms (default)
2022-10-09 13:09:06,734 [pool-795-thread-1] INFO  server.RaftServerConfigKeys (ConfUtils.java:logGet(46)) - raft.server.log.segment.size.max = 1048576 (custom)
2022-10-09 13:09:06,734 [pool-795-thread-1] INFO  server.RaftServerConfigKeys (ConfUtils.java:logGet(46)) - raft.server.log.segment.cache.num.max = 2 (custom)
2022-10-09 13:09:06,734 [pool-795-thread-1] INFO  server.RaftServerConfigKeys (ConfUtils.java:logGet(46)) - raft.server.log.segment.cache.size.max = 200MB (=209715200) (default)
2022-10-09 13:09:06,734 [pool-795-thread-1] INFO  segmented.SegmentedRaftLogWorker (SegmentedRaftLogWorker.java:<init>(187)) - new 50de1ab3-18a1-452d-b023-0fe1bea95e64@group-01B6C545D066-SegmentedRaftLogWorker for RaftStorageImpl:Storage Directory /home/runner/work/ozone/ozone/hadoop-ozone/integration-test/target/test-dir/MiniOzoneClusterImpl-ae096de1-e798-4387-a84e-b49ba4bb805b/datanode-0/data/ratis/2b395deb-a907-4886-bf7b-01b6c545d066
2022-10-09 13:09:06,734 [pool-795-thread-1] INFO  server.RaftServerConfigKeys (ConfUtils.java:logGet(46)) - raft.server.log.queue.byte-limit = 4294967296 (custom)
2022-10-09 13:09:06,734 [pool-795-thread-1] INFO  server.RaftServerConfigKeys (ConfUtils.java:logGet(46)) - raft.server.log.queue.element-limit = 1024 (custom)
2022-10-09 13:09:06,734 [pool-795-thread-1] INFO  server.RaftServerConfigKeys (ConfUtils.java:logGet(46)) - raft.server.log.segment.size.max = 1048576 (custom)
2022-10-09 13:09:06,734 [pool-795-thread-1] INFO  server.RaftServerConfigKeys (ConfUtils.java:logGet(46)) - raft.server.log.preallocated.size = 16384 (custom)
2022-10-09 13:09:06,734 [pool-795-thread-1] INFO  server.RaftServerConfigKeys (ConfUtils.java:logGet(46)) - raft.server.log.force.sync.num = 128 (default)
2022-10-09 13:09:06,734 [pool-795-thread-1] INFO  server.RaftServerConfigKeys (ConfUtils.java:logGet(46)) - raft.server.log.statemachine.data.sync = true (default)
2022-10-09 13:09:06,734 [pool-795-thread-1] INFO  server.RaftServerConfigKeys (ConfUtils.java:logGet(46)) - raft.server.log.statemachine.data.sync.timeout = 10s (default)
2022-10-09 13:09:06,734 [pool-795-thread-1] INFO  server.RaftServerConfigKeys (ConfUtils.java:logGet(46)) - raft.server.log.statemachine.data.sync.timeout.retry = -1 (default)
2022-10-09 13:09:06,735 [pool-795-thread-1] INFO  server.RaftServerConfigKeys (ConfUtils.java:logGet(46)) - raft.server.log.write.buffer.size = 1048576 (custom)
2022-10-09 13:09:06,736 [EventQueue-PipelineReportForPipelineReportHandler] INFO  pipeline.PipelineManagerImpl (PipelineManagerImpl.java:openPipeline(367)) - Pipeline Pipeline[ Id: 2b395deb-a907-4886-bf7b-01b6c545d066, Nodes: 50de1ab3-18a1-452d-b023-0fe1bea95e64{ip: 10.1.0.209, host: fv-az212-628.zlodpucb4l4udavnfxg5s20dva.cx.internal.cloudapp.net, ports: [REPLICATION=37969, RATIS=33457, RATIS_ADMIN=33457, RATIS_SERVER=33457, STANDALONE=45047], networkLocation: /default-rack, certSerialId: null, persistedOpState: IN_SERVICE, persistedOpStateExpiryEpochSec: 0}, ReplicationConfig: RATIS/ONE, State:ALLOCATED, leaderId:50de1ab3-18a1-452d-b023-0fe1bea95e64, CreationTimestamp2022-10-09T13:09:03.703Z[Etc/UTC]] moved to OPEN state
2022-10-09 13:09:06,745 [pool-795-thread-1] INFO  server.RaftServerConfigKeys (ConfUtils.java:logGet(46)) - raft.server.log.unsafe-flush.enabled = false (default)
2022-10-09 13:09:06,745 [pool-795-thread-1] INFO  server.RaftServerConfigKeys (ConfUtils.java:logGet(46)) - raft.server.log.statemachine.data.caching.enabled = true (custom)
2022-10-09 13:09:06,745 [pool-795-thread-1] INFO  segmented.SegmentedRaftLogWorker (SegmentedRaftLogWorker.java:lambda$new$0(135)) - 50de1ab3-18a1-452d-b023-0fe1bea95e64@group-01B6C545D066-SegmentedRaftLogWorker: flushIndex: setUnconditionally 0 -> -1
2022-10-09 13:09:06,745 [pool-795-thread-1] INFO  segmented.SegmentedRaftLogWorker (SegmentedRaftLogWorker.java:lambda$new$0(135)) - 50de1ab3-18a1-452d-b023-0fe1bea95e64@group-01B6C545D066-SegmentedRaftLogWorker: safeCacheEvictIndex: setUnconditionally 0 -> -1
2022-10-09 13:09:06,745 [EventQueue-OpenPipelineForHealthyPipelineSafeModeRule] INFO  safemode.SCMSafeModeManager (HealthyPipelineSafeModeRule.java:process(137)) - SCM in safe mode. Healthy pipelines reported count is 0, required healthy pipeline reported count is 1
2022-10-09 13:09:06,748 [pool-795-thread-1] INFO  server.RaftServerConfigKeys (ConfUtils.java:logGet(46)) - raft.server.snapshot.auto.trigger.enabled = true (custom)
2022-10-09 13:09:06,748 [pool-795-thread-1] INFO  server.RaftServerConfigKeys (ConfUtils.java:logGet(46)) - raft.server.snapshot.auto.trigger.threshold = 10000 (custom)
2022-10-09 13:09:06,748 [pool-795-thread-1] INFO  server.RaftServerConfigKeys (ConfUtils.java:logGet(46)) - raft.server.snapshot.retention.file.num = 5 (custom)
2022-10-09 13:09:06,748 [pool-795-thread-1] INFO  server.RaftServerConfigKeys (ConfUtils.java:logGet(46)) - raft.server.log.purge.upto.snapshot.index = false (default)
2022-10-09 13:09:06,748 [pool-795-thread-1] INFO  server.RaftServerConfigKeys (ConfUtils.java:logGet(46)) - raft.server.retrycache.expirytime = 600000ms (custom)
2022-10-09 13:09:06,748 [pool-795-thread-1] INFO  server.RaftServerConfigKeys (ConfUtils.java:logGet(46)) - raft.server.retrycache.statistics.expirytime = 100μs (default)
2022-10-09 13:09:06,749 [pool-795-thread-1] INFO  server.RaftServerConfigKeys (ConfUtils.java:logGet(46)) - raft.server.log.appender.install.snapshot.enabled = false (custom)
2022-10-09 13:09:06,749 [pool-795-thread-1] INFO  server.RaftServerConfigKeys (ConfUtils.java:logGet(46)) - raft.server.threadpool.server.cached = true (default)
2022-10-09 13:09:06,749 [pool-795-thread-1] INFO  server.RaftServerConfigKeys (ConfUtils.java:logGet(46)) - raft.server.threadpool.server.size = 0 (default)
2022-10-09 13:09:06,749 [pool-795-thread-1] INFO  server.RaftServerConfigKeys (ConfUtils.java:logGet(46)) - raft.server.threadpool.client.cached = true (default)
2022-10-09 13:09:06,749 [pool-795-thread-1] INFO  server.RaftServerConfigKeys (ConfUtils.java:logGet(46)) - raft.server.threadpool.client.size = 0 (default)
2022-10-09 13:09:06,749 [pool-795-thread-1] INFO  server.RaftServer$Division (RaftServerImpl.java:start(310)) - 50de1ab3-18a1-452d-b023-0fe1bea95e64@group-01B6C545D066: start as a follower, conf=-1: [50de1ab3-18a1-452d-b023-0fe1bea95e64|rpc:10.1.0.209:33457|priority:1], old=null
2022-10-09 13:09:06,749 [pool-795-thread-1] INFO  server.RaftServer$Division (RaftServerImpl.java:setRole(299)) - 50de1ab3-18a1-452d-b023-0fe1bea95e64@group-01B6C545D066: changes role from      null to FOLLOWER at term 0 for startAsFollower
2022-10-09 13:09:06,749 [pool-795-thread-1] INFO  impl.RoleInfo (RoleInfo.java:updateAndGet(139)) - 50de1ab3-18a1-452d-b023-0fe1bea95e64: start 50de1ab3-18a1-452d-b023-0fe1bea95e64@group-01B6C545D066-FollowerState
2022-10-09 13:09:06,764 [pool-795-thread-1] INFO  util.JmxRegister (JmxRegister.java:tryRegister(44)) - Successfully registered JMX Bean with object name Ratis:service=RaftServer,group=group-01B6C545D066,id=50de1ab3-18a1-452d-b023-0fe1bea95e64
2022-10-09 13:09:06,775 [Command processor thread] INFO  ratis.XceiverServerRatis (XceiverServerRatis.java:addGroup(765)) - Created group PipelineID=2b395deb-a907-4886-bf7b-01b6c545d066
2022-10-09 13:09:06,776 [Command processor thread] INFO  commandhandler.CreatePipelineCommandHandler (CreatePipelineCommandHandler.java:handle(113)) - Created Pipeline RATIS ONE PipelineID=2b395deb-a907-4886-bf7b-01b6c545d066.
2022-10-09 13:09:06,776 [Command processor thread] INFO  server.RaftServer (RaftServerProxy.java:addNew(96)) - 50de1ab3-18a1-452d-b023-0fe1bea95e64: addNew group-61AA8B057572:[50de1ab3-18a1-452d-b023-0fe1bea95e64|rpc:10.1.0.209:33457|priority:0, a45a9974-6347-49ca-aefd-c703a3af3a84|rpc:10.1.0.209:35151|priority:1, 63d7508a-aae7-47e5-91de-7b918a2106c8|rpc:10.1.0.209:34509|priority:0] returns group-61AA8B057572:java.util.concurrent.CompletableFuture@3dfe78f0[Not completed]
2022-10-09 13:09:06,780 [pool-795-thread-1] INFO  server.RaftServer$Division (RaftServerImpl.java:<init>(190)) - 50de1ab3-18a1-452d-b023-0fe1bea95e64: new RaftServerImpl for group-61AA8B057572:[50de1ab3-18a1-452d-b023-0fe1bea95e64|rpc:10.1.0.209:33457|priority:0, a45a9974-6347-49ca-aefd-c703a3af3a84|rpc:10.1.0.209:35151|priority:1, 63d7508a-aae7-47e5-91de-7b918a2106c8|rpc:10.1.0.209:34509|priority:0] with ContainerStateMachine:uninitialized
2022-10-09 13:09:06,780 [pool-795-thread-1] INFO  server.RaftServerConfigKeys (ConfUtils.java:logGet(46)) - raft.server.rpc.timeout.min = 5s (custom)
2022-10-09 13:09:06,780 [pool-795-thread-1] INFO  server.RaftServerConfigKeys (ConfUtils.java:logGet(46)) - raft.server.rpc.timeout.max = 5200ms (custom)
2022-10-09 13:09:06,780 [pool-795-thread-1] INFO  server.RaftServerConfigKeys (ConfUtils.java:logGet(46)) - raft.server.rpc.sleep.time = 25ms (default)
2022-10-09 13:09:06,780 [pool-795-thread-1] INFO  server.RaftServerConfigKeys (ConfUtils.java:logGet(46)) - raft.server.rpc.slowness.timeout = 300s (custom)
2022-10-09 13:09:06,780 [pool-795-thread-1] INFO  server.RaftServerConfigKeys (ConfUtils.java:logGet(46)) - raft.server.leaderelection.leader.step-down.wait-time = 10s (default)
2022-10-09 13:09:06,780 [pool-795-thread-1] INFO  server.RaftServerConfigKeys (ConfUtils.java:logGet(46)) - raft.server.sleep.deviation.threshold = 300ms (default)
2022-10-09 13:09:06,780 [pool-795-thread-1] INFO  server.RaftServer$Division (ServerState.java:<init>(107)) - 50de1ab3-18a1-452d-b023-0fe1bea95e64@group-61AA8B057572: ConfigurationManager, init=-1: [50de1ab3-18a1-452d-b023-0fe1bea95e64|rpc:10.1.0.209:33457|priority:0, a45a9974-6347-49ca-aefd-c703a3af3a84|rpc:10.1.0.209:35151|priority:1, 63d7508a-aae7-47e5-91de-7b918a2106c8|rpc:10.1.0.209:34509|priority:0], old=null, confs=<EMPTY_MAP>
2022-10-09 13:09:06,781 [pool-795-thread-1] INFO  server.RaftServerConfigKeys (ConfUtils.java:logGet(46)) - raft.server.storage.dir = [/home/runner/work/ozone/ozone/hadoop-ozone/integration-test/target/test-dir/MiniOzoneClusterImpl-ae096de1-e798-4387-a84e-b49ba4bb805b/datanode-0/data/ratis] (custom)
2022-10-09 13:09:06,781 [pool-795-thread-1] INFO  server.RaftServerConfigKeys (ConfUtils.java:logGet(46)) - raft.server.log.corruption.policy = EXCEPTION (default)
2022-10-09 13:09:06,781 [pool-795-thread-1] INFO  server.RaftServerConfigKeys (ConfUtils.java:logGet(46)) - raft.server.storage.free-space.min = 0MB (=0) (default)
2022-10-09 13:09:06,781 [pool-795-thread-1] INFO  storage.RaftStorageDirectory (RaftStorageDirectoryImpl.java:analyzeStorage(135)) - The storage directory /home/runner/work/ozone/ozone/hadoop-ozone/integration-test/target/test-dir/MiniOzoneClusterImpl-ae096de1-e798-4387-a84e-b49ba4bb805b/datanode-0/data/ratis/64649ea7-5891-41cc-9022-61aa8b057572 does not exist. Creating ...
2022-10-09 13:09:06,790 [pool-795-thread-1] INFO  storage.RaftStorageDirectory (RaftStorageDirectoryImpl.java:tryLock(230)) - Lock on /home/runner/work/ozone/ozone/hadoop-ozone/integration-test/target/test-dir/MiniOzoneClusterImpl-ae096de1-e798-4387-a84e-b49ba4bb805b/datanode-0/data/ratis/64649ea7-5891-41cc-9022-61aa8b057572/in_use.lock acquired by nodename 13094@fv-az212-628
2022-10-09 13:09:06,791 [pool-795-thread-1] INFO  storage.RaftStorage (RaftStorageImpl.java:format(89)) - Storage directory /home/runner/work/ozone/ozone/hadoop-ozone/integration-test/target/test-dir/MiniOzoneClusterImpl-ae096de1-e798-4387-a84e-b49ba4bb805b/datanode-0/data/ratis/64649ea7-5891-41cc-9022-61aa8b057572 has been successfully formatted.
2022-10-09 13:09:06,793 [pool-795-thread-1] INFO  ratis.ContainerStateMachine (ContainerStateMachine.java:loadSnapshot(236)) - group-61AA8B057572: The snapshot info is null. Setting the last applied indexto:(t:0, i:~)
2022-10-09 13:09:06,797 [EventQueue-OpenPipelineForHealthyPipelineSafeModeRule] INFO  safemode.SCMSafeModeManager (HealthyPipelineSafeModeRule.java:process(137)) - SCM in safe mode. Healthy pipelines reported count is 0, required healthy pipeline reported count is 1
2022-10-09 13:09:06,800 [pool-795-thread-1] INFO  server.RaftServerConfigKeys (ConfUtils.java:logGet(46)) - raft.server.notification.no-leader.timeout = 300s (custom)
2022-10-09 13:09:06,800 [pool-795-thread-1] INFO  server.RaftServerConfigKeys (ConfUtils.java:logGet(46)) - raft.server.log.use.memory = false (default)
2022-10-09 13:09:06,800 [pool-795-thread-1] INFO  server.RaftServerConfigKeys (ConfUtils.java:logGet(46)) - raft.server.log.purge.gap = 1000000 (custom)
2022-10-09 13:09:06,800 [pool-795-thread-1] INFO  server.RaftServerConfigKeys (ConfUtils.java:logGet(46)) - raft.server.log.appender.buffer.byte-limit = 33554432 (custom)
2022-10-09 13:09:06,800 [pool-795-thread-1] INFO  server.RaftServerConfigKeys (ConfUtils.java:logGet(46)) - raft.server.log.statemachine.data.read.timeout = 1000ms (default)
2022-10-09 13:09:06,800 [pool-795-thread-1] INFO  server.RaftServerConfigKeys (ConfUtils.java:logGet(46)) - raft.server.log.segment.size.max = 1048576 (custom)
2022-10-09 13:09:06,801 [pool-795-thread-1] INFO  server.RaftServerConfigKeys (ConfUtils.java:logGet(46)) - raft.server.log.segment.cache.num.max = 2 (custom)
2022-10-09 13:09:06,801 [pool-795-thread-1] INFO  server.RaftServerConfigKeys (ConfUtils.java:logGet(46)) - raft.server.log.segment.cache.size.max = 200MB (=209715200) (default)
2022-10-09 13:09:06,801 [pool-795-thread-1] INFO  segmented.SegmentedRaftLogWorker (SegmentedRaftLogWorker.java:<init>(187)) - new 50de1ab3-18a1-452d-b023-0fe1bea95e64@group-61AA8B057572-SegmentedRaftLogWorker for RaftStorageImpl:Storage Directory /home/runner/work/ozone/ozone/hadoop-ozone/integration-test/target/test-dir/MiniOzoneClusterImpl-ae096de1-e798-4387-a84e-b49ba4bb805b/datanode-0/data/ratis/64649ea7-5891-41cc-9022-61aa8b057572
2022-10-09 13:09:06,801 [pool-795-thread-1] INFO  server.RaftServerConfigKeys (ConfUtils.java:logGet(46)) - raft.server.log.queue.byte-limit = 4294967296 (custom)
2022-10-09 13:09:06,801 [pool-795-thread-1] INFO  server.RaftServerConfigKeys (ConfUtils.java:logGet(46)) - raft.server.log.queue.element-limit = 1024 (custom)
2022-10-09 13:09:06,801 [pool-795-thread-1] INFO  server.RaftServerConfigKeys (ConfUtils.java:logGet(46)) - raft.server.log.segment.size.max = 1048576 (custom)
2022-10-09 13:09:06,801 [pool-795-thread-1] INFO  server.RaftServerConfigKeys (ConfUtils.java:logGet(46)) - raft.server.log.preallocated.size = 16384 (custom)
2022-10-09 13:09:06,801 [pool-795-thread-1] INFO  server.RaftServerConfigKeys (ConfUtils.java:logGet(46)) - raft.server.log.force.sync.num = 128 (default)
2022-10-09 13:09:06,801 [pool-795-thread-1] INFO  server.RaftServerConfigKeys (ConfUtils.java:logGet(46)) - raft.server.log.statemachine.data.sync = true (default)
2022-10-09 13:09:06,801 [pool-795-thread-1] INFO  server.RaftServerConfigKeys (ConfUtils.java:logGet(46)) - raft.server.log.statemachine.data.sync.timeout = 10s (default)
2022-10-09 13:09:06,801 [pool-795-thread-1] INFO  server.RaftServerConfigKeys (ConfUtils.java:logGet(46)) - raft.server.log.statemachine.data.sync.timeout.retry = -1 (default)
2022-10-09 13:09:06,802 [pool-795-thread-1] INFO  server.RaftServerConfigKeys (ConfUtils.java:logGet(46)) - raft.server.log.write.buffer.size = 1048576 (custom)
2022-10-09 13:09:06,802 [pool-795-thread-1] INFO  server.RaftServerConfigKeys (ConfUtils.java:logGet(46)) - raft.server.log.unsafe-flush.enabled = false (default)
2022-10-09 13:09:06,802 [pool-795-thread-1] INFO  server.RaftServerConfigKeys (ConfUtils.java:logGet(46)) - raft.server.log.statemachine.data.caching.enabled = true (custom)
2022-10-09 13:09:06,802 [pool-795-thread-1] INFO  segmented.SegmentedRaftLogWorker (SegmentedRaftLogWorker.java:lambda$new$0(135)) - 50de1ab3-18a1-452d-b023-0fe1bea95e64@group-61AA8B057572-SegmentedRaftLogWorker: flushIndex: setUnconditionally 0 -> -1
2022-10-09 13:09:06,802 [pool-795-thread-1] INFO  segmented.SegmentedRaftLogWorker (SegmentedRaftLogWorker.java:lambda$new$0(135)) - 50de1ab3-18a1-452d-b023-0fe1bea95e64@group-61AA8B057572-SegmentedRaftLogWorker: safeCacheEvictIndex: setUnconditionally 0 -> -1
2022-10-09 13:09:06,807 [pool-795-thread-1] INFO  server.RaftServerConfigKeys (ConfUtils.java:logGet(46)) - raft.server.snapshot.auto.trigger.enabled = true (custom)
2022-10-09 13:09:06,807 [pool-795-thread-1] INFO  server.RaftServerConfigKeys (ConfUtils.java:logGet(46)) - raft.server.snapshot.auto.trigger.threshold = 10000 (custom)
2022-10-09 13:09:06,807 [pool-795-thread-1] INFO  server.RaftServerConfigKeys (ConfUtils.java:logGet(46)) - raft.server.snapshot.retention.file.num = 5 (custom)
2022-10-09 13:09:06,807 [pool-795-thread-1] INFO  server.RaftServerConfigKeys (ConfUtils.java:logGet(46)) - raft.server.log.purge.upto.snapshot.index = false (default)
2022-10-09 13:09:06,807 [pool-795-thread-1] INFO  server.RaftServerConfigKeys (ConfUtils.java:logGet(46)) - raft.server.retrycache.expirytime = 600000ms (custom)
2022-10-09 13:09:06,807 [pool-795-thread-1] INFO  server.RaftServerConfigKeys (ConfUtils.java:logGet(46)) - raft.server.retrycache.statistics.expirytime = 100μs (default)
2022-10-09 13:09:06,808 [pool-795-thread-1] INFO  server.RaftServerConfigKeys (ConfUtils.java:logGet(46)) - raft.server.log.appender.install.snapshot.enabled = false (custom)
2022-10-09 13:09:06,808 [pool-795-thread-1] INFO  server.RaftServerConfigKeys (ConfUtils.java:logGet(46)) - raft.server.threadpool.server.cached = true (default)
2022-10-09 13:09:06,808 [pool-795-thread-1] INFO  server.RaftServerConfigKeys (ConfUtils.java:logGet(46)) - raft.server.threadpool.server.size = 0 (default)
2022-10-09 13:09:06,808 [pool-795-thread-1] INFO  server.RaftServerConfigKeys (ConfUtils.java:logGet(46)) - raft.server.threadpool.client.cached = true (default)
2022-10-09 13:09:06,808 [pool-795-thread-1] INFO  server.RaftServerConfigKeys (ConfUtils.java:logGet(46)) - raft.server.threadpool.client.size = 0 (default)
2022-10-09 13:09:06,808 [pool-795-thread-1] INFO  server.RaftServer$Division (RaftServerImpl.java:start(310)) - 50de1ab3-18a1-452d-b023-0fe1bea95e64@group-61AA8B057572: start as a follower, conf=-1: [50de1ab3-18a1-452d-b023-0fe1bea95e64|rpc:10.1.0.209:33457|priority:0, a45a9974-6347-49ca-aefd-c703a3af3a84|rpc:10.1.0.209:35151|priority:1, 63d7508a-aae7-47e5-91de-7b918a2106c8|rpc:10.1.0.209:34509|priority:0], old=null
2022-10-09 13:09:06,808 [pool-795-thread-1] INFO  server.RaftServer$Division (RaftServerImpl.java:setRole(299)) - 50de1ab3-18a1-452d-b023-0fe1bea95e64@group-61AA8B057572: changes role from      null to FOLLOWER at term 0 for startAsFollower
2022-10-09 13:09:06,808 [pool-795-thread-1] INFO  impl.RoleInfo (RoleInfo.java:updateAndGet(139)) - 50de1ab3-18a1-452d-b023-0fe1bea95e64: start 50de1ab3-18a1-452d-b023-0fe1bea95e64@group-61AA8B057572-FollowerState
2022-10-09 13:09:06,846 [pool-795-thread-1] INFO  util.JmxRegister (JmxRegister.java:tryRegister(44)) - Successfully registered JMX Bean with object name Ratis:service=RaftServer,group=group-61AA8B057572,id=50de1ab3-18a1-452d-b023-0fe1bea95e64
2022-10-09 13:09:06,847 [Command processor thread] INFO  ratis.XceiverServerRatis (XceiverServerRatis.java:addGroup(765)) - Created group PipelineID=64649ea7-5891-41cc-9022-61aa8b057572
2022-10-09 13:09:06,987 [grpc-default-executor-0] INFO  server.RaftServer (RaftServerProxy.java:addNew(96)) - 63d7508a-aae7-47e5-91de-7b918a2106c8: addNew group-61AA8B057572:[50de1ab3-18a1-452d-b023-0fe1bea95e64|rpc:10.1.0.209:33457|dataStream:|priority:0, a45a9974-6347-49ca-aefd-c703a3af3a84|rpc:10.1.0.209:35151|dataStream:|priority:1, 63d7508a-aae7-47e5-91de-7b918a2106c8|rpc:10.1.0.209:34509|dataStream:|priority:0] returns group-61AA8B057572:java.util.concurrent.CompletableFuture@5fc2b010[Not completed]
2022-10-09 13:09:06,988 [pool-818-thread-1] INFO  server.RaftServer$Division (RaftServerImpl.java:<init>(190)) - 63d7508a-aae7-47e5-91de-7b918a2106c8: new RaftServerImpl for group-61AA8B057572:[50de1ab3-18a1-452d-b023-0fe1bea95e64|rpc:10.1.0.209:33457|dataStream:|priority:0, a45a9974-6347-49ca-aefd-c703a3af3a84|rpc:10.1.0.209:35151|dataStream:|priority:1, 63d7508a-aae7-47e5-91de-7b918a2106c8|rpc:10.1.0.209:34509|dataStream:|priority:0] with ContainerStateMachine:uninitialized
2022-10-09 13:09:06,988 [pool-818-thread-1] INFO  server.RaftServerConfigKeys (ConfUtils.java:logGet(46)) - raft.server.rpc.timeout.min = 5s (custom)
2022-10-09 13:09:06,988 [pool-818-thread-1] INFO  server.RaftServerConfigKeys (ConfUtils.java:logGet(46)) - raft.server.rpc.timeout.max = 5200ms (custom)
2022-10-09 13:09:06,988 [pool-818-thread-1] INFO  server.RaftServerConfigKeys (ConfUtils.java:logGet(46)) - raft.server.rpc.sleep.time = 25ms (default)
2022-10-09 13:09:06,988 [pool-818-thread-1] INFO  server.RaftServerConfigKeys (ConfUtils.java:logGet(46)) - raft.server.rpc.slowness.timeout = 300s (custom)
2022-10-09 13:09:06,988 [pool-818-thread-1] INFO  server.RaftServerConfigKeys (ConfUtils.java:logGet(46)) - raft.server.leaderelection.leader.step-down.wait-time = 10s (default)
2022-10-09 13:09:06,988 [pool-818-thread-1] INFO  server.RaftServerConfigKeys (ConfUtils.java:logGet(46)) - raft.server.sleep.deviation.threshold = 300ms (default)
2022-10-09 13:09:06,988 [pool-818-thread-1] INFO  server.RaftServer$Division (ServerState.java:<init>(107)) - 63d7508a-aae7-47e5-91de-7b918a2106c8@group-61AA8B057572: ConfigurationManager, init=-1: [50de1ab3-18a1-452d-b023-0fe1bea95e64|rpc:10.1.0.209:33457|dataStream:|priority:0, a45a9974-6347-49ca-aefd-c703a3af3a84|rpc:10.1.0.209:35151|dataStream:|priority:1, 63d7508a-aae7-47e5-91de-7b918a2106c8|rpc:10.1.0.209:34509|dataStream:|priority:0], old=null, confs=<EMPTY_MAP>
2022-10-09 13:09:06,988 [pool-818-thread-1] INFO  server.RaftServerConfigKeys (ConfUtils.java:logGet(46)) - raft.server.storage.dir = [/home/runner/work/ozone/ozone/hadoop-ozone/integration-test/target/test-dir/MiniOzoneClusterImpl-ae096de1-e798-4387-a84e-b49ba4bb805b/datanode-1/data/ratis] (custom)
2022-10-09 13:09:06,988 [pool-818-thread-1] INFO  server.RaftServerConfigKeys (ConfUtils.java:logGet(46)) - raft.server.log.corruption.policy = EXCEPTION (default)
2022-10-09 13:09:06,988 [pool-818-thread-1] INFO  server.RaftServerConfigKeys (ConfUtils.java:logGet(46)) - raft.server.storage.free-space.min = 0MB (=0) (default)
2022-10-09 13:09:06,988 [pool-818-thread-1] INFO  storage.RaftStorageDirectory (RaftStorageDirectoryImpl.java:analyzeStorage(135)) - The storage directory /home/runner/work/ozone/ozone/hadoop-ozone/integration-test/target/test-dir/MiniOzoneClusterImpl-ae096de1-e798-4387-a84e-b49ba4bb805b/datanode-1/data/ratis/64649ea7-5891-41cc-9022-61aa8b057572 does not exist. Creating ...
2022-10-09 13:09:07,013 [pool-818-thread-1] INFO  storage.RaftStorageDirectory (RaftStorageDirectoryImpl.java:tryLock(230)) - Lock on /home/runner/work/ozone/ozone/hadoop-ozone/integration-test/target/test-dir/MiniOzoneClusterImpl-ae096de1-e798-4387-a84e-b49ba4bb805b/datanode-1/data/ratis/64649ea7-5891-41cc-9022-61aa8b057572/in_use.lock acquired by nodename 13094@fv-az212-628
2022-10-09 13:09:07,028 [pool-818-thread-1] INFO  storage.RaftStorage (RaftStorageImpl.java:format(89)) - Storage directory /home/runner/work/ozone/ozone/hadoop-ozone/integration-test/target/test-dir/MiniOzoneClusterImpl-ae096de1-e798-4387-a84e-b49ba4bb805b/datanode-1/data/ratis/64649ea7-5891-41cc-9022-61aa8b057572 has been successfully formatted.
2022-10-09 13:09:07,047 [pool-818-thread-1] INFO  ratis.ContainerStateMachine (ContainerStateMachine.java:loadSnapshot(236)) - group-61AA8B057572: The snapshot info is null. Setting the last applied indexto:(t:0, i:~)
2022-10-09 13:09:07,048 [pool-818-thread-1] INFO  server.RaftServerConfigKeys (ConfUtils.java:logGet(46)) - raft.server.notification.no-leader.timeout = 300s (custom)
2022-10-09 13:09:07,048 [pool-818-thread-1] INFO  server.RaftServerConfigKeys (ConfUtils.java:logGet(46)) - raft.server.log.use.memory = false (default)
2022-10-09 13:09:07,048 [pool-818-thread-1] INFO  server.RaftServerConfigKeys (ConfUtils.java:logGet(46)) - raft.server.log.purge.gap = 1000000 (custom)
2022-10-09 13:09:07,048 [pool-818-thread-1] INFO  server.RaftServerConfigKeys (ConfUtils.java:logGet(46)) - raft.server.log.appender.buffer.byte-limit = 33554432 (custom)
2022-10-09 13:09:07,048 [pool-818-thread-1] INFO  server.RaftServerConfigKeys (ConfUtils.java:logGet(46)) - raft.server.log.statemachine.data.read.timeout = 1000ms (default)
2022-10-09 13:09:07,048 [pool-818-thread-1] INFO  server.RaftServerConfigKeys (ConfUtils.java:logGet(46)) - raft.server.log.segment.size.max = 1048576 (custom)
2022-10-09 13:09:07,049 [pool-818-thread-1] INFO  server.RaftServerConfigKeys (ConfUtils.java:logGet(46)) - raft.server.log.segment.cache.num.max = 2 (custom)
2022-10-09 13:09:07,049 [pool-818-thread-1] INFO  server.RaftServerConfigKeys (ConfUtils.java:logGet(46)) - raft.server.log.segment.cache.size.max = 200MB (=209715200) (default)
2022-10-09 13:09:07,049 [pool-818-thread-1] INFO  segmented.SegmentedRaftLogWorker (SegmentedRaftLogWorker.java:<init>(187)) - new 63d7508a-aae7-47e5-91de-7b918a2106c8@group-61AA8B057572-SegmentedRaftLogWorker for RaftStorageImpl:Storage Directory /home/runner/work/ozone/ozone/hadoop-ozone/integration-test/target/test-dir/MiniOzoneClusterImpl-ae096de1-e798-4387-a84e-b49ba4bb805b/datanode-1/data/ratis/64649ea7-5891-41cc-9022-61aa8b057572
2022-10-09 13:09:07,049 [pool-818-thread-1] INFO  server.RaftServerConfigKeys (ConfUtils.java:logGet(46)) - raft.server.log.queue.byte-limit = 4294967296 (custom)
2022-10-09 13:09:07,049 [pool-818-thread-1] INFO  server.RaftServerConfigKeys (ConfUtils.java:logGet(46)) - raft.server.log.queue.element-limit = 1024 (custom)
2022-10-09 13:09:07,049 [pool-818-thread-1] INFO  server.RaftServerConfigKeys (ConfUtils.java:logGet(46)) - raft.server.log.segment.size.max = 1048576 (custom)
2022-10-09 13:09:07,049 [pool-818-thread-1] INFO  server.RaftServerConfigKeys (ConfUtils.java:logGet(46)) - raft.server.log.preallocated.size = 16384 (custom)
2022-10-09 13:09:07,049 [pool-818-thread-1] INFO  server.RaftServerConfigKeys (ConfUtils.java:logGet(46)) - raft.server.log.force.sync.num = 128 (default)
2022-10-09 13:09:07,049 [pool-818-thread-1] INFO  server.RaftServerConfigKeys (ConfUtils.java:logGet(46)) - raft.server.log.statemachine.data.sync = true (default)
2022-10-09 13:09:07,049 [pool-818-thread-1] INFO  server.RaftServerConfigKeys (ConfUtils.java:logGet(46)) - raft.server.log.statemachine.data.sync.timeout = 10s (default)
2022-10-09 13:09:07,049 [pool-818-thread-1] INFO  server.RaftServerConfigKeys (ConfUtils.java:logGet(46)) - raft.server.log.statemachine.data.sync.timeout.retry = -1 (default)
2022-10-09 13:09:07,050 [pool-818-thread-1] INFO  server.RaftServerConfigKeys (ConfUtils.java:logGet(46)) - raft.server.log.write.buffer.size = 1048576 (custom)
2022-10-09 13:09:07,050 [pool-818-thread-1] INFO  server.RaftServerConfigKeys (ConfUtils.java:logGet(46)) - raft.server.log.unsafe-flush.enabled = false (default)
2022-10-09 13:09:07,050 [pool-818-thread-1] INFO  server.RaftServerConfigKeys (ConfUtils.java:logGet(46)) - raft.server.log.statemachine.data.caching.enabled = true (custom)
2022-10-09 13:09:07,054 [pool-818-thread-1] INFO  segmented.SegmentedRaftLogWorker (SegmentedRaftLogWorker.java:lambda$new$0(135)) - 63d7508a-aae7-47e5-91de-7b918a2106c8@group-61AA8B057572-SegmentedRaftLogWorker: flushIndex: setUnconditionally 0 -> -1
2022-10-09 13:09:07,054 [pool-818-thread-1] INFO  segmented.SegmentedRaftLogWorker (SegmentedRaftLogWorker.java:lambda$new$0(135)) - 63d7508a-aae7-47e5-91de-7b918a2106c8@group-61AA8B057572-SegmentedRaftLogWorker: safeCacheEvictIndex: setUnconditionally 0 -> -1
2022-10-09 13:09:07,055 [pool-818-thread-1] INFO  server.RaftServerConfigKeys (ConfUtils.java:logGet(46)) - raft.server.snapshot.auto.trigger.enabled = true (custom)
2022-10-09 13:09:07,055 [pool-818-thread-1] INFO  server.RaftServerConfigKeys (ConfUtils.java:logGet(46)) - raft.server.snapshot.auto.trigger.threshold = 10000 (custom)
2022-10-09 13:09:07,055 [pool-818-thread-1] INFO  server.RaftServerConfigKeys (ConfUtils.java:logGet(46)) - raft.server.snapshot.retention.file.num = 5 (custom)
2022-10-09 13:09:07,055 [pool-818-thread-1] INFO  server.RaftServerConfigKeys (ConfUtils.java:logGet(46)) - raft.server.log.purge.upto.snapshot.index = false (default)
2022-10-09 13:09:07,055 [pool-818-thread-1] INFO  server.RaftServerConfigKeys (ConfUtils.java:logGet(46)) - raft.server.retrycache.expirytime = 600000ms (custom)
2022-10-09 13:09:07,055 [pool-818-thread-1] INFO  server.RaftServerConfigKeys (ConfUtils.java:logGet(46)) - raft.server.retrycache.statistics.expirytime = 100μs (default)
2022-10-09 13:09:07,056 [pool-818-thread-1] INFO  server.RaftServerConfigKeys (ConfUtils.java:logGet(46)) - raft.server.log.appender.install.snapshot.enabled = false (custom)
2022-10-09 13:09:07,056 [pool-818-thread-1] INFO  server.RaftServerConfigKeys (ConfUtils.java:logGet(46)) - raft.server.threadpool.server.cached = true (default)
2022-10-09 13:09:07,056 [pool-818-thread-1] INFO  server.RaftServerConfigKeys (ConfUtils.java:logGet(46)) - raft.server.threadpool.server.size = 0 (default)
2022-10-09 13:09:07,057 [pool-818-thread-1] INFO  server.RaftServerConfigKeys (ConfUtils.java:logGet(46)) - raft.server.threadpool.client.cached = true (default)
2022-10-09 13:09:07,057 [pool-818-thread-1] INFO  server.RaftServerConfigKeys (ConfUtils.java:logGet(46)) - raft.server.threadpool.client.size = 0 (default)
2022-10-09 13:09:07,057 [pool-818-thread-1] INFO  server.RaftServer$Division (RaftServerImpl.java:start(310)) - 63d7508a-aae7-47e5-91de-7b918a2106c8@group-61AA8B057572: start as a follower, conf=-1: [50de1ab3-18a1-452d-b023-0fe1bea95e64|rpc:10.1.0.209:33457|dataStream:|priority:0, a45a9974-6347-49ca-aefd-c703a3af3a84|rpc:10.1.0.209:35151|dataStream:|priority:1, 63d7508a-aae7-47e5-91de-7b918a2106c8|rpc:10.1.0.209:34509|dataStream:|priority:0], old=null
2022-10-09 13:09:07,057 [pool-818-thread-1] INFO  server.RaftServer$Division (RaftServerImpl.java:setRole(299)) - 63d7508a-aae7-47e5-91de-7b918a2106c8@group-61AA8B057572: changes role from      null to FOLLOWER at term 0 for startAsFollower
2022-10-09 13:09:07,057 [pool-818-thread-1] INFO  impl.RoleInfo (RoleInfo.java:updateAndGet(139)) - 63d7508a-aae7-47e5-91de-7b918a2106c8: start 63d7508a-aae7-47e5-91de-7b918a2106c8@group-61AA8B057572-FollowerState
2022-10-09 13:09:07,057 [pool-818-thread-1] INFO  util.JmxRegister (JmxRegister.java:tryRegister(44)) - Successfully registered JMX Bean with object name Ratis:service=RaftServer,group=group-61AA8B057572,id=63d7508a-aae7-47e5-91de-7b918a2106c8
2022-10-09 13:09:07,061 [Listener at 127.0.0.1/34869] INFO  ozone.MiniOzoneClusterImpl (MiniOzoneClusterImpl.java:lambda$waitForClusterToBeReady$0(216)) - Waiting for nodes to be ready. Got 4 of 5 DN Heartbeats.
2022-10-09 13:09:07,061 [Listener at 127.0.0.1/34869] INFO  ozone.MiniOzoneClusterImpl (MiniOzoneClusterImpl.java:lambda$waitForClusterToBeReady$0(219)) - Waiting for cluster to exit safe mode
2022-10-09 13:09:07,061 [Listener at 127.0.0.1/34869] INFO  ozone.MiniOzoneClusterImpl (MiniOzoneClusterImpl.java:lambda$waitForClusterToBeReady$0(221)) - SCM became leader
2022-10-09 13:09:07,094 [IPC Server handler 18 on default port 36067] INFO  net.NetworkTopologyImpl (NetworkTopologyImpl.java:add(112)) - Added a new node: /default-rack/acb33dc2-f09b-4244-82bd-fd30ea1545c9
2022-10-09 13:09:07,094 [IPC Server handler 18 on default port 36067] INFO  node.SCMNodeManager (SCMNodeManager.java:register(397)) - Registered Data node : acb33dc2-f09b-4244-82bd-fd30ea1545c9{ip: 10.1.0.209, host: fv-az212-628.zlodpucb4l4udavnfxg5s20dva.cx.internal.cloudapp.net, ports: [REPLICATION=43319, RATIS=46425, RATIS_ADMIN=46425, RATIS_SERVER=46425, STANDALONE=42919], networkLocation: /default-rack, certSerialId: null, persistedOpState: null, persistedOpStateExpiryEpochSec: 0}
2022-10-09 13:09:07,095 [EventQueue-NewNodeForNewNodeHandler] INFO  pipeline.BackgroundPipelineCreator (BackgroundPipelineCreator.java:notifyEventTriggered(276)) - trigger a one-shot run on RatisPipelineUtilsThread.
2022-10-09 13:09:07,095 [RatisPipelineUtilsThread - 0] INFO  pipeline.RatisPipelineProvider (RatisPipelineProvider.java:lambda$create$0(195)) - Sending CreatePipelineCommand for pipeline:PipelineID=981b77d7-f487-456a-9134-71f32c3d27a7 to datanode:acb33dc2-f09b-4244-82bd-fd30ea1545c9
2022-10-09 13:09:07,095 [RatisPipelineUtilsThread - 0] INFO  pipeline.PipelineStateManagerImpl (PipelineStateManagerImpl.java:addPipeline(103)) - Created pipeline Pipeline[ Id: 981b77d7-f487-456a-9134-71f32c3d27a7, Nodes: acb33dc2-f09b-4244-82bd-fd30ea1545c9{ip: 10.1.0.209, host: fv-az212-628.zlodpucb4l4udavnfxg5s20dva.cx.internal.cloudapp.net, ports: [REPLICATION=43319, RATIS=46425, RATIS_ADMIN=46425, RATIS_SERVER=46425, STANDALONE=42919], networkLocation: /default-rack, certSerialId: null, persistedOpState: IN_SERVICE, persistedOpStateExpiryEpochSec: 0}, ReplicationConfig: RATIS/ONE, State:ALLOCATED, leaderId:, CreationTimestamp2022-10-09T13:09:07.095Z[Etc/UTC]].
2022-10-09 13:09:07,172 [grpc-default-executor-0] INFO  server.RaftServer (RaftServerProxy.java:addNew(96)) - a45a9974-6347-49ca-aefd-c703a3af3a84: addNew group-61AA8B057572:[50de1ab3-18a1-452d-b023-0fe1bea95e64|rpc:10.1.0.209:33457|dataStream:|priority:0, a45a9974-6347-49ca-aefd-c703a3af3a84|rpc:10.1.0.209:35151|dataStream:|priority:1, 63d7508a-aae7-47e5-91de-7b918a2106c8|rpc:10.1.0.209:34509|dataStream:|priority:0] returns group-61AA8B057572:java.util.concurrent.CompletableFuture@3cadbb8c[Not completed]
2022-10-09 13:09:07,173 [pool-841-thread-1] INFO  server.RaftServer$Division (RaftServerImpl.java:<init>(190)) - a45a9974-6347-49ca-aefd-c703a3af3a84: new RaftServerImpl for group-61AA8B057572:[50de1ab3-18a1-452d-b023-0fe1bea95e64|rpc:10.1.0.209:33457|dataStream:|priority:0, a45a9974-6347-49ca-aefd-c703a3af3a84|rpc:10.1.0.209:35151|dataStream:|priority:1, 63d7508a-aae7-47e5-91de-7b918a2106c8|rpc:10.1.0.209:34509|dataStream:|priority:0] with ContainerStateMachine:uninitialized
2022-10-09 13:09:07,173 [pool-841-thread-1] INFO  server.RaftServerConfigKeys (ConfUtils.java:logGet(46)) - raft.server.rpc.timeout.min = 5s (custom)
2022-10-09 13:09:07,175 [pool-841-thread-1] INFO  server.RaftServerConfigKeys (ConfUtils.java:logGet(46)) - raft.server.rpc.timeout.max = 5200ms (custom)
2022-10-09 13:09:07,175 [pool-841-thread-1] INFO  server.RaftServerConfigKeys (ConfUtils.java:logGet(46)) - raft.server.rpc.sleep.time = 25ms (default)
2022-10-09 13:09:07,175 [pool-841-thread-1] INFO  server.RaftServerConfigKeys (ConfUtils.java:logGet(46)) - raft.server.rpc.slowness.timeout = 300s (custom)
2022-10-09 13:09:07,175 [pool-841-thread-1] INFO  server.RaftServerConfigKeys (ConfUtils.java:logGet(46)) - raft.server.leaderelection.leader.step-down.wait-time = 10s (default)
2022-10-09 13:09:07,175 [pool-841-thread-1] INFO  server.RaftServerConfigKeys (ConfUtils.java:logGet(46)) - raft.server.sleep.deviation.threshold = 300ms (default)
2022-10-09 13:09:07,175 [pool-841-thread-1] INFO  server.RaftServer$Division (ServerState.java:<init>(107)) - a45a9974-6347-49ca-aefd-c703a3af3a84@group-61AA8B057572: ConfigurationManager, init=-1: [50de1ab3-18a1-452d-b023-0fe1bea95e64|rpc:10.1.0.209:33457|dataStream:|priority:0, a45a9974-6347-49ca-aefd-c703a3af3a84|rpc:10.1.0.209:35151|dataStream:|priority:1, 63d7508a-aae7-47e5-91de-7b918a2106c8|rpc:10.1.0.209:34509|dataStream:|priority:0], old=null, confs=<EMPTY_MAP>
2022-10-09 13:09:07,175 [pool-841-thread-1] INFO  server.RaftServerConfigKeys (ConfUtils.java:logGet(46)) - raft.server.storage.dir = [/home/runner/work/ozone/ozone/hadoop-ozone/integration-test/target/test-dir/MiniOzoneClusterImpl-ae096de1-e798-4387-a84e-b49ba4bb805b/datanode-2/data/ratis] (custom)
2022-10-09 13:09:07,176 [pool-841-thread-1] INFO  server.RaftServerConfigKeys (ConfUtils.java:logGet(46)) - raft.server.log.corruption.policy = EXCEPTION (default)
2022-10-09 13:09:07,176 [pool-841-thread-1] INFO  server.RaftServerConfigKeys (ConfUtils.java:logGet(46)) - raft.server.storage.free-space.min = 0MB (=0) (default)
2022-10-09 13:09:07,176 [pool-841-thread-1] INFO  storage.RaftStorageDirectory (RaftStorageDirectoryImpl.java:analyzeStorage(135)) - The storage directory /home/runner/work/ozone/ozone/hadoop-ozone/integration-test/target/test-dir/MiniOzoneClusterImpl-ae096de1-e798-4387-a84e-b49ba4bb805b/datanode-2/data/ratis/64649ea7-5891-41cc-9022-61aa8b057572 does not exist. Creating ...
2022-10-09 13:09:07,177 [pool-841-thread-1] INFO  storage.RaftStorageDirectory (RaftStorageDirectoryImpl.java:tryLock(230)) - Lock on /home/runner/work/ozone/ozone/hadoop-ozone/integration-test/target/test-dir/MiniOzoneClusterImpl-ae096de1-e798-4387-a84e-b49ba4bb805b/datanode-2/data/ratis/64649ea7-5891-41cc-9022-61aa8b057572/in_use.lock acquired by nodename 13094@fv-az212-628
2022-10-09 13:09:07,178 [pool-841-thread-1] INFO  storage.RaftStorage (RaftStorageImpl.java:format(89)) - Storage directory /home/runner/work/ozone/ozone/hadoop-ozone/integration-test/target/test-dir/MiniOzoneClusterImpl-ae096de1-e798-4387-a84e-b49ba4bb805b/datanode-2/data/ratis/64649ea7-5891-41cc-9022-61aa8b057572 has been successfully formatted.
2022-10-09 13:09:07,180 [pool-841-thread-1] INFO  ratis.ContainerStateMachine (ContainerStateMachine.java:loadSnapshot(236)) - group-61AA8B057572: The snapshot info is null. Setting the last applied indexto:(t:0, i:~)
2022-10-09 13:09:07,180 [pool-841-thread-1] INFO  server.RaftServerConfigKeys (ConfUtils.java:logGet(46)) - raft.server.notification.no-leader.timeout = 300s (custom)
2022-10-09 13:09:07,180 [pool-841-thread-1] INFO  server.RaftServerConfigKeys (ConfUtils.java:logGet(46)) - raft.server.log.use.memory = false (default)
2022-10-09 13:09:07,180 [pool-841-thread-1] INFO  server.RaftServerConfigKeys (ConfUtils.java:logGet(46)) - raft.server.log.purge.gap = 1000000 (custom)
2022-10-09 13:09:07,180 [pool-841-thread-1] INFO  server.RaftServerConfigKeys (ConfUtils.java:logGet(46)) - raft.server.log.appender.buffer.byte-limit = 33554432 (custom)
2022-10-09 13:09:07,180 [pool-841-thread-1] INFO  server.RaftServerConfigKeys (ConfUtils.java:logGet(46)) - raft.server.log.statemachine.data.read.timeout = 1000ms (default)
2022-10-09 13:09:07,181 [pool-841-thread-1] INFO  server.RaftServerConfigKeys (ConfUtils.java:logGet(46)) - raft.server.log.segment.size.max = 1048576 (custom)
2022-10-09 13:09:07,181 [pool-841-thread-1] INFO  server.RaftServerConfigKeys (ConfUtils.java:logGet(46)) - raft.server.log.segment.cache.num.max = 2 (custom)
2022-10-09 13:09:07,181 [pool-841-thread-1] INFO  server.RaftServerConfigKeys (ConfUtils.java:logGet(46)) - raft.server.log.segment.cache.size.max = 200MB (=209715200) (default)
2022-10-09 13:09:07,181 [pool-841-thread-1] INFO  segmented.SegmentedRaftLogWorker (SegmentedRaftLogWorker.java:<init>(187)) - new a45a9974-6347-49ca-aefd-c703a3af3a84@group-61AA8B057572-SegmentedRaftLogWorker for RaftStorageImpl:Storage Directory /home/runner/work/ozone/ozone/hadoop-ozone/integration-test/target/test-dir/MiniOzoneClusterImpl-ae096de1-e798-4387-a84e-b49ba4bb805b/datanode-2/data/ratis/64649ea7-5891-41cc-9022-61aa8b057572
2022-10-09 13:09:07,181 [pool-841-thread-1] INFO  server.RaftServerConfigKeys (ConfUtils.java:logGet(46)) - raft.server.log.queue.byte-limit = 4294967296 (custom)
2022-10-09 13:09:07,181 [pool-841-thread-1] INFO  server.RaftServerConfigKeys (ConfUtils.java:logGet(46)) - raft.server.log.queue.element-limit = 1024 (custom)
2022-10-09 13:09:07,181 [pool-841-thread-1] INFO  server.RaftServerConfigKeys (ConfUtils.java:logGet(46)) - raft.server.log.segment.size.max = 1048576 (custom)
2022-10-09 13:09:07,181 [pool-841-thread-1] INFO  server.RaftServerConfigKeys (ConfUtils.java:logGet(46)) - raft.server.log.preallocated.size = 16384 (custom)
2022-10-09 13:09:07,181 [pool-841-thread-1] INFO  server.RaftServerConfigKeys (ConfUtils.java:logGet(46)) - raft.server.log.force.sync.num = 128 (default)
2022-10-09 13:09:07,181 [pool-841-thread-1] INFO  server.RaftServerConfigKeys (ConfUtils.java:logGet(46)) - raft.server.log.statemachine.data.sync = true (default)
2022-10-09 13:09:07,181 [pool-841-thread-1] INFO  server.RaftServerConfigKeys (ConfUtils.java:logGet(46)) - raft.server.log.statemachine.data.sync.timeout = 10s (default)
2022-10-09 13:09:07,181 [pool-841-thread-1] INFO  server.RaftServerConfigKeys (ConfUtils.java:logGet(46)) - raft.server.log.statemachine.data.sync.timeout.retry = -1 (default)
2022-10-09 13:09:07,182 [pool-841-thread-1] INFO  server.RaftServerConfigKeys (ConfUtils.java:logGet(46)) - raft.server.log.write.buffer.size = 1048576 (custom)
2022-10-09 13:09:07,182 [pool-841-thread-1] INFO  server.RaftServerConfigKeys (ConfUtils.java:logGet(46)) - raft.server.log.unsafe-flush.enabled = false (default)
2022-10-09 13:09:07,182 [pool-841-thread-1] INFO  server.RaftServerConfigKeys (ConfUtils.java:logGet(46)) - raft.server.log.statemachine.data.caching.enabled = true (custom)
2022-10-09 13:09:07,183 [pool-841-thread-1] INFO  segmented.SegmentedRaftLogWorker (SegmentedRaftLogWorker.java:lambda$new$0(135)) - a45a9974-6347-49ca-aefd-c703a3af3a84@group-61AA8B057572-SegmentedRaftLogWorker: flushIndex: setUnconditionally 0 -> -1
2022-10-09 13:09:07,183 [pool-841-thread-1] INFO  segmented.SegmentedRaftLogWorker (SegmentedRaftLogWorker.java:lambda$new$0(135)) - a45a9974-6347-49ca-aefd-c703a3af3a84@group-61AA8B057572-SegmentedRaftLogWorker: safeCacheEvictIndex: setUnconditionally 0 -> -1
2022-10-09 13:09:07,183 [pool-841-thread-1] INFO  server.RaftServerConfigKeys (ConfUtils.java:logGet(46)) - raft.server.snapshot.auto.trigger.enabled = true (custom)
2022-10-09 13:09:07,183 [pool-841-thread-1] INFO  server.RaftServerConfigKeys (ConfUtils.java:logGet(46)) - raft.server.snapshot.auto.trigger.threshold = 10000 (custom)
2022-10-09 13:09:07,183 [pool-841-thread-1] INFO  server.RaftServerConfigKeys (ConfUtils.java:logGet(46)) - raft.server.snapshot.retention.file.num = 5 (custom)
2022-10-09 13:09:07,183 [pool-841-thread-1] INFO  server.RaftServerConfigKeys (ConfUtils.java:logGet(46)) - raft.server.log.purge.upto.snapshot.index = false (default)
2022-10-09 13:09:07,183 [pool-841-thread-1] INFO  server.RaftServerConfigKeys (ConfUtils.java:logGet(46)) - raft.server.retrycache.expirytime = 600000ms (custom)
2022-10-09 13:09:07,183 [pool-841-thread-1] INFO  server.RaftServerConfigKeys (ConfUtils.java:logGet(46)) - raft.server.retrycache.statistics.expirytime = 100μs (default)
2022-10-09 13:09:07,184 [pool-841-thread-1] INFO  server.RaftServerConfigKeys (ConfUtils.java:logGet(46)) - raft.server.log.appender.install.snapshot.enabled = false (custom)
2022-10-09 13:09:07,184 [pool-841-thread-1] INFO  server.RaftServerConfigKeys (ConfUtils.java:logGet(46)) - raft.server.threadpool.server.cached = true (default)
2022-10-09 13:09:07,184 [pool-841-thread-1] INFO  server.RaftServerConfigKeys (ConfUtils.java:logGet(46)) - raft.server.threadpool.server.size = 0 (default)
2022-10-09 13:09:07,184 [pool-841-thread-1] INFO  server.RaftServerConfigKeys (ConfUtils.java:logGet(46)) - raft.server.threadpool.client.cached = true (default)
2022-10-09 13:09:07,184 [pool-841-thread-1] INFO  server.RaftServerConfigKeys (ConfUtils.java:logGet(46)) - raft.server.threadpool.client.size = 0 (default)
2022-10-09 13:09:07,184 [pool-841-thread-1] INFO  server.RaftServer$Division (RaftServerImpl.java:start(310)) - a45a9974-6347-49ca-aefd-c703a3af3a84@group-61AA8B057572: start as a follower, conf=-1: [50de1ab3-18a1-452d-b023-0fe1bea95e64|rpc:10.1.0.209:33457|dataStream:|priority:0, a45a9974-6347-49ca-aefd-c703a3af3a84|rpc:10.1.0.209:35151|dataStream:|priority:1, 63d7508a-aae7-47e5-91de-7b918a2106c8|rpc:10.1.0.209:34509|dataStream:|priority:0], old=null
2022-10-09 13:09:07,184 [pool-841-thread-1] INFO  server.RaftServer$Division (RaftServerImpl.java:setRole(299)) - a45a9974-6347-49ca-aefd-c703a3af3a84@group-61AA8B057572: changes role from      null to FOLLOWER at term 0 for startAsFollower
2022-10-09 13:09:07,185 [pool-841-thread-1] INFO  impl.RoleInfo (RoleInfo.java:updateAndGet(139)) - a45a9974-6347-49ca-aefd-c703a3af3a84: start a45a9974-6347-49ca-aefd-c703a3af3a84@group-61AA8B057572-FollowerState
2022-10-09 13:09:07,185 [pool-841-thread-1] INFO  util.JmxRegister (JmxRegister.java:tryRegister(44)) - Successfully registered JMX Bean with object name Ratis:service=RaftServer,group=group-61AA8B057572,id=a45a9974-6347-49ca-aefd-c703a3af3a84
2022-10-09 13:09:07,205 [Command processor thread] INFO  commandhandler.CreatePipelineCommandHandler (CreatePipelineCommandHandler.java:handle(113)) - Created Pipeline RATIS THREE PipelineID=64649ea7-5891-41cc-9022-61aa8b057572.
2022-10-09 13:09:07,205 [Command processor thread] INFO  server.RaftServer (RaftServerProxy.java:addNew(96)) - 50de1ab3-18a1-452d-b023-0fe1bea95e64: addNew group-C323F128D3A8:[50de1ab3-18a1-452d-b023-0fe1bea95e64|rpc:10.1.0.209:33457|priority:0, a45a9974-6347-49ca-aefd-c703a3af3a84|rpc:10.1.0.209:35151|priority:0, 63d7508a-aae7-47e5-91de-7b918a2106c8|rpc:10.1.0.209:34509|priority:1] returns group-C323F128D3A8:java.util.concurrent.CompletableFuture@2cc9b721[Not completed]
2022-10-09 13:09:07,206 [pool-795-thread-1] INFO  server.RaftServer$Division (RaftServerImpl.java:<init>(190)) - 50de1ab3-18a1-452d-b023-0fe1bea95e64: new RaftServerImpl for group-C323F128D3A8:[50de1ab3-18a1-452d-b023-0fe1bea95e64|rpc:10.1.0.209:33457|priority:0, a45a9974-6347-49ca-aefd-c703a3af3a84|rpc:10.1.0.209:35151|priority:0, 63d7508a-aae7-47e5-91de-7b918a2106c8|rpc:10.1.0.209:34509|priority:1] with ContainerStateMachine:uninitialized
2022-10-09 13:09:07,206 [pool-795-thread-1] INFO  server.RaftServerConfigKeys (ConfUtils.java:logGet(46)) - raft.server.rpc.timeout.min = 5s (custom)
2022-10-09 13:09:07,206 [pool-795-thread-1] INFO  server.RaftServerConfigKeys (ConfUtils.java:logGet(46)) - raft.server.rpc.timeout.max = 5200ms (custom)
2022-10-09 13:09:07,206 [pool-795-thread-1] INFO  server.RaftServerConfigKeys (ConfUtils.java:logGet(46)) - raft.server.rpc.sleep.time = 25ms (default)
2022-10-09 13:09:07,206 [pool-795-thread-1] INFO  server.RaftServerConfigKeys (ConfUtils.java:logGet(46)) - raft.server.rpc.slowness.timeout = 300s (custom)
2022-10-09 13:09:07,206 [pool-795-thread-1] INFO  server.RaftServerConfigKeys (ConfUtils.java:logGet(46)) - raft.server.leaderelection.leader.step-down.wait-time = 10s (default)
2022-10-09 13:09:07,206 [pool-795-thread-1] INFO  server.RaftServerConfigKeys (ConfUtils.java:logGet(46)) - raft.server.sleep.deviation.threshold = 300ms (default)
2022-10-09 13:09:07,206 [pool-795-thread-1] INFO  server.RaftServer$Division (ServerState.java:<init>(107)) - 50de1ab3-18a1-452d-b023-0fe1bea95e64@group-C323F128D3A8: ConfigurationManager, init=-1: [50de1ab3-18a1-452d-b023-0fe1bea95e64|rpc:10.1.0.209:33457|priority:0, a45a9974-6347-49ca-aefd-c703a3af3a84|rpc:10.1.0.209:35151|priority:0, 63d7508a-aae7-47e5-91de-7b918a2106c8|rpc:10.1.0.209:34509|priority:1], old=null, confs=<EMPTY_MAP>
2022-10-09 13:09:07,206 [pool-795-thread-1] INFO  server.RaftServerConfigKeys (ConfUtils.java:logGet(46)) - raft.server.storage.dir = [/home/runner/work/ozone/ozone/hadoop-ozone/integration-test/target/test-dir/MiniOzoneClusterImpl-ae096de1-e798-4387-a84e-b49ba4bb805b/datanode-0/data/ratis] (custom)
2022-10-09 13:09:07,206 [pool-795-thread-1] INFO  server.RaftServerConfigKeys (ConfUtils.java:logGet(46)) - raft.server.log.corruption.policy = EXCEPTION (default)
2022-10-09 13:09:07,206 [pool-795-thread-1] INFO  server.RaftServerConfigKeys (ConfUtils.java:logGet(46)) - raft.server.storage.free-space.min = 0MB (=0) (default)
2022-10-09 13:09:07,206 [pool-795-thread-1] INFO  storage.RaftStorageDirectory (RaftStorageDirectoryImpl.java:analyzeStorage(135)) - The storage directory /home/runner/work/ozone/ozone/hadoop-ozone/integration-test/target/test-dir/MiniOzoneClusterImpl-ae096de1-e798-4387-a84e-b49ba4bb805b/datanode-0/data/ratis/c29ea68a-b793-4021-894d-c323f128d3a8 does not exist. Creating ...
2022-10-09 13:09:07,210 [pool-795-thread-1] INFO  storage.RaftStorageDirectory (RaftStorageDirectoryImpl.java:tryLock(230)) - Lock on /home/runner/work/ozone/ozone/hadoop-ozone/integration-test/target/test-dir/MiniOzoneClusterImpl-ae096de1-e798-4387-a84e-b49ba4bb805b/datanode-0/data/ratis/c29ea68a-b793-4021-894d-c323f128d3a8/in_use.lock acquired by nodename 13094@fv-az212-628
2022-10-09 13:09:07,217 [Command processor thread] INFO  server.RaftServer (RaftServerProxy.java:addNew(96)) - 63d7508a-aae7-47e5-91de-7b918a2106c8: addNew group-B7D8664248A8:[63d7508a-aae7-47e5-91de-7b918a2106c8|rpc:10.1.0.209:34509|priority:1] returns group-B7D8664248A8:java.util.concurrent.CompletableFuture@6c21eb01[Not completed]
2022-10-09 13:09:07,220 [pool-818-thread-1] INFO  server.RaftServer$Division (RaftServerImpl.java:<init>(190)) - 63d7508a-aae7-47e5-91de-7b918a2106c8: new RaftServerImpl for group-B7D8664248A8:[63d7508a-aae7-47e5-91de-7b918a2106c8|rpc:10.1.0.209:34509|priority:1] with ContainerStateMachine:uninitialized
2022-10-09 13:09:07,220 [pool-818-thread-1] INFO  server.RaftServerConfigKeys (ConfUtils.java:logGet(46)) - raft.server.rpc.timeout.min = 5s (custom)
2022-10-09 13:09:07,220 [pool-818-thread-1] INFO  server.RaftServerConfigKeys (ConfUtils.java:logGet(46)) - raft.server.rpc.timeout.max = 5200ms (custom)
2022-10-09 13:09:07,220 [pool-818-thread-1] INFO  server.RaftServerConfigKeys (ConfUtils.java:logGet(46)) - raft.server.rpc.sleep.time = 25ms (default)
2022-10-09 13:09:07,220 [pool-818-thread-1] INFO  server.RaftServerConfigKeys (ConfUtils.java:logGet(46)) - raft.server.rpc.slowness.timeout = 300s (custom)
2022-10-09 13:09:07,220 [pool-818-thread-1] INFO  server.RaftServerConfigKeys (ConfUtils.java:logGet(46)) - raft.server.leaderelection.leader.step-down.wait-time = 10s (default)
2022-10-09 13:09:07,220 [pool-818-thread-1] INFO  server.RaftServerConfigKeys (ConfUtils.java:logGet(46)) - raft.server.sleep.deviation.threshold = 300ms (default)
2022-10-09 13:09:07,220 [pool-818-thread-1] INFO  server.RaftServer$Division (ServerState.java:<init>(107)) - 63d7508a-aae7-47e5-91de-7b918a2106c8@group-B7D8664248A8: ConfigurationManager, init=-1: [63d7508a-aae7-47e5-91de-7b918a2106c8|rpc:10.1.0.209:34509|priority:1], old=null, confs=<EMPTY_MAP>
2022-10-09 13:09:07,220 [pool-818-thread-1] INFO  server.RaftServerConfigKeys (ConfUtils.java:logGet(46)) - raft.server.storage.dir = [/home/runner/work/ozone/ozone/hadoop-ozone/integration-test/target/test-dir/MiniOzoneClusterImpl-ae096de1-e798-4387-a84e-b49ba4bb805b/datanode-1/data/ratis] (custom)
2022-10-09 13:09:07,221 [pool-818-thread-1] INFO  server.RaftServerConfigKeys (ConfUtils.java:logGet(46)) - raft.server.log.corruption.policy = EXCEPTION (default)
2022-10-09 13:09:07,221 [pool-818-thread-1] INFO  server.RaftServerConfigKeys (ConfUtils.java:logGet(46)) - raft.server.storage.free-space.min = 0MB (=0) (default)
2022-10-09 13:09:07,221 [pool-818-thread-1] INFO  storage.RaftStorageDirectory (RaftStorageDirectoryImpl.java:analyzeStorage(135)) - The storage directory /home/runner/work/ozone/ozone/hadoop-ozone/integration-test/target/test-dir/MiniOzoneClusterImpl-ae096de1-e798-4387-a84e-b49ba4bb805b/datanode-1/data/ratis/3c3f37aa-45f8-45d5-9010-b7d8664248a8 does not exist. Creating ...
2022-10-09 13:09:07,222 [pool-795-thread-1] INFO  storage.RaftStorage (RaftStorageImpl.java:format(89)) - Storage directory /home/runner/work/ozone/ozone/hadoop-ozone/integration-test/target/test-dir/MiniOzoneClusterImpl-ae096de1-e798-4387-a84e-b49ba4bb805b/datanode-0/data/ratis/c29ea68a-b793-4021-894d-c323f128d3a8 has been successfully formatted.
2022-10-09 13:09:07,222 [pool-795-thread-1] INFO  ratis.ContainerStateMachine (ContainerStateMachine.java:loadSnapshot(236)) - group-C323F128D3A8: The snapshot info is null. Setting the last applied indexto:(t:0, i:~)
2022-10-09 13:09:07,222 [pool-818-thread-1] INFO  storage.RaftStorageDirectory (RaftStorageDirectoryImpl.java:tryLock(230)) - Lock on /home/runner/work/ozone/ozone/hadoop-ozone/integration-test/target/test-dir/MiniOzoneClusterImpl-ae096de1-e798-4387-a84e-b49ba4bb805b/datanode-1/data/ratis/3c3f37aa-45f8-45d5-9010-b7d8664248a8/in_use.lock acquired by nodename 13094@fv-az212-628
2022-10-09 13:09:07,223 [EventQueue-OpenPipelineForHealthyPipelineSafeModeRule] INFO  safemode.SCMSafeModeManager (HealthyPipelineSafeModeRule.java:process(137)) - SCM in safe mode. Healthy pipelines reported count is 0, required healthy pipeline reported count is 1
2022-10-09 13:09:07,223 [pool-795-thread-1] INFO  server.RaftServerConfigKeys (ConfUtils.java:logGet(46)) - raft.server.notification.no-leader.timeout = 300s (custom)
2022-10-09 13:09:07,223 [pool-795-thread-1] INFO  server.RaftServerConfigKeys (ConfUtils.java:logGet(46)) - raft.server.log.use.memory = false (default)
2022-10-09 13:09:07,223 [pool-795-thread-1] INFO  server.RaftServerConfigKeys (ConfUtils.java:logGet(46)) - raft.server.log.purge.gap = 1000000 (custom)
2022-10-09 13:09:07,224 [pool-795-thread-1] INFO  server.RaftServerConfigKeys (ConfUtils.java:logGet(46)) - raft.server.log.appender.buffer.byte-limit = 33554432 (custom)
2022-10-09 13:09:07,224 [pool-795-thread-1] INFO  server.RaftServerConfigKeys (ConfUtils.java:logGet(46)) - raft.server.log.statemachine.data.read.timeout = 1000ms (default)
2022-10-09 13:09:07,224 [pool-795-thread-1] INFO  server.RaftServerConfigKeys (ConfUtils.java:logGet(46)) - raft.server.log.segment.size.max = 1048576 (custom)
2022-10-09 13:09:07,224 [pool-795-thread-1] INFO  server.RaftServerConfigKeys (ConfUtils.java:logGet(46)) - raft.server.log.segment.cache.num.max = 2 (custom)
2022-10-09 13:09:07,224 [pool-795-thread-1] INFO  server.RaftServerConfigKeys (ConfUtils.java:logGet(46)) - raft.server.log.segment.cache.size.max = 200MB (=209715200) (default)
2022-10-09 13:09:07,224 [pool-795-thread-1] INFO  segmented.SegmentedRaftLogWorker (SegmentedRaftLogWorker.java:<init>(187)) - new 50de1ab3-18a1-452d-b023-0fe1bea95e64@group-C323F128D3A8-SegmentedRaftLogWorker for RaftStorageImpl:Storage Directory /home/runner/work/ozone/ozone/hadoop-ozone/integration-test/target/test-dir/MiniOzoneClusterImpl-ae096de1-e798-4387-a84e-b49ba4bb805b/datanode-0/data/ratis/c29ea68a-b793-4021-894d-c323f128d3a8
2022-10-09 13:09:07,224 [pool-795-thread-1] INFO  server.RaftServerConfigKeys (ConfUtils.java:logGet(46)) - raft.server.log.queue.byte-limit = 4294967296 (custom)
2022-10-09 13:09:07,224 [pool-795-thread-1] INFO  server.RaftServerConfigKeys (ConfUtils.java:logGet(46)) - raft.server.log.queue.element-limit = 1024 (custom)
2022-10-09 13:09:07,224 [pool-795-thread-1] INFO  server.RaftServerConfigKeys (ConfUtils.java:logGet(46)) - raft.server.log.segment.size.max = 1048576 (custom)
2022-10-09 13:09:07,225 [pool-795-thread-1] INFO  server.RaftServerConfigKeys (ConfUtils.java:logGet(46)) - raft.server.log.preallocated.size = 16384 (custom)
2022-10-09 13:09:07,225 [pool-795-thread-1] INFO  server.RaftServerConfigKeys (ConfUtils.java:logGet(46)) - raft.server.log.force.sync.num = 128 (default)
2022-10-09 13:09:07,225 [pool-795-thread-1] INFO  server.RaftServerConfigKeys (ConfUtils.java:logGet(46)) - raft.server.log.statemachine.data.sync = true (default)
2022-10-09 13:09:07,225 [pool-795-thread-1] INFO  server.RaftServerConfigKeys (ConfUtils.java:logGet(46)) - raft.server.log.statemachine.data.sync.timeout = 10s (default)
2022-10-09 13:09:07,225 [pool-795-thread-1] INFO  server.RaftServerConfigKeys (ConfUtils.java:logGet(46)) - raft.server.log.statemachine.data.sync.timeout.retry = -1 (default)
2022-10-09 13:09:07,224 [pool-818-thread-1] INFO  storage.RaftStorage (RaftStorageImpl.java:format(89)) - Storage directory /home/runner/work/ozone/ozone/hadoop-ozone/integration-test/target/test-dir/MiniOzoneClusterImpl-ae096de1-e798-4387-a84e-b49ba4bb805b/datanode-1/data/ratis/3c3f37aa-45f8-45d5-9010-b7d8664248a8 has been successfully formatted.
2022-10-09 13:09:07,226 [pool-818-thread-1] INFO  ratis.ContainerStateMachine (ContainerStateMachine.java:loadSnapshot(236)) - group-B7D8664248A8: The snapshot info is null. Setting the last applied indexto:(t:0, i:~)
2022-10-09 13:09:07,226 [pool-818-thread-1] INFO  server.RaftServerConfigKeys (ConfUtils.java:logGet(46)) - raft.server.notification.no-leader.timeout = 300s (custom)
2022-10-09 13:09:07,226 [pool-818-thread-1] INFO  server.RaftServerConfigKeys (ConfUtils.java:logGet(46)) - raft.server.log.use.memory = false (default)
2022-10-09 13:09:07,226 [pool-818-thread-1] INFO  server.RaftServerConfigKeys (ConfUtils.java:logGet(46)) - raft.server.log.purge.gap = 1000000 (custom)
2022-10-09 13:09:07,226 [pool-818-thread-1] INFO  server.RaftServerConfigKeys (ConfUtils.java:logGet(46)) - raft.server.log.appender.buffer.byte-limit = 33554432 (custom)
2022-10-09 13:09:07,226 [EventQueue-PipelineReportForPipelineReportHandler] INFO  pipeline.PipelineManagerImpl (PipelineManagerImpl.java:openPipeline(367)) - Pipeline Pipeline[ Id: 3c3f37aa-45f8-45d5-9010-b7d8664248a8, Nodes: 63d7508a-aae7-47e5-91de-7b918a2106c8{ip: 10.1.0.209, host: fv-az212-628.zlodpucb4l4udavnfxg5s20dva.cx.internal.cloudapp.net, ports: [REPLICATION=35881, RATIS=34509, RATIS_ADMIN=34509, RATIS_SERVER=34509, STANDALONE=42463], networkLocation: /default-rack, certSerialId: null, persistedOpState: IN_SERVICE, persistedOpStateExpiryEpochSec: 0}, ReplicationConfig: RATIS/ONE, State:ALLOCATED, leaderId:63d7508a-aae7-47e5-91de-7b918a2106c8, CreationTimestamp2022-10-09T13:09:04.264Z[Etc/UTC]] moved to OPEN state
2022-10-09 13:09:07,227 [EventQueue-OpenPipelineForHealthyPipelineSafeModeRule] INFO  safemode.SCMSafeModeManager (HealthyPipelineSafeModeRule.java:process(137)) - SCM in safe mode. Healthy pipelines reported count is 0, required healthy pipeline reported count is 1
2022-10-09 13:09:07,226 [pool-818-thread-1] INFO  server.RaftServerConfigKeys (ConfUtils.java:logGet(46)) - raft.server.log.statemachine.data.read.timeout = 1000ms (default)
2022-10-09 13:09:07,227 [pool-818-thread-1] INFO  server.RaftServerConfigKeys (ConfUtils.java:logGet(46)) - raft.server.log.segment.size.max = 1048576 (custom)
2022-10-09 13:09:07,227 [pool-818-thread-1] INFO  server.RaftServerConfigKeys (ConfUtils.java:logGet(46)) - raft.server.log.segment.cache.num.max = 2 (custom)
2022-10-09 13:09:07,227 [pool-818-thread-1] INFO  server.RaftServerConfigKeys (ConfUtils.java:logGet(46)) - raft.server.log.segment.cache.size.max = 200MB (=209715200) (default)
2022-10-09 13:09:07,227 [pool-818-thread-1] INFO  segmented.SegmentedRaftLogWorker (SegmentedRaftLogWorker.java:<init>(187)) - new 63d7508a-aae7-47e5-91de-7b918a2106c8@group-B7D8664248A8-SegmentedRaftLogWorker for RaftStorageImpl:Storage Directory /home/runner/work/ozone/ozone/hadoop-ozone/integration-test/target/test-dir/MiniOzoneClusterImpl-ae096de1-e798-4387-a84e-b49ba4bb805b/datanode-1/data/ratis/3c3f37aa-45f8-45d5-9010-b7d8664248a8
2022-10-09 13:09:07,227 [pool-818-thread-1] INFO  server.RaftServerConfigKeys (ConfUtils.java:logGet(46)) - raft.server.log.queue.byte-limit = 4294967296 (custom)
2022-10-09 13:09:07,227 [pool-818-thread-1] INFO  server.RaftServerConfigKeys (ConfUtils.java:logGet(46)) - raft.server.log.queue.element-limit = 1024 (custom)
2022-10-09 13:09:07,227 [pool-818-thread-1] INFO  server.RaftServerConfigKeys (ConfUtils.java:logGet(46)) - raft.server.log.segment.size.max = 1048576 (custom)
2022-10-09 13:09:07,228 [pool-818-thread-1] INFO  server.RaftServerConfigKeys (ConfUtils.java:logGet(46)) - raft.server.log.preallocated.size = 16384 (custom)
2022-10-09 13:09:07,228 [pool-818-thread-1] INFO  server.RaftServerConfigKeys (ConfUtils.java:logGet(46)) - raft.server.log.force.sync.num = 128 (default)
2022-10-09 13:09:07,228 [pool-818-thread-1] INFO  server.RaftServerConfigKeys (ConfUtils.java:logGet(46)) - raft.server.log.statemachine.data.sync = true (default)
2022-10-09 13:09:07,228 [pool-818-thread-1] INFO  server.RaftServerConfigKeys (ConfUtils.java:logGet(46)) - raft.server.log.statemachine.data.sync.timeout = 10s (default)
2022-10-09 13:09:07,228 [pool-818-thread-1] INFO  server.RaftServerConfigKeys (ConfUtils.java:logGet(46)) - raft.server.log.statemachine.data.sync.timeout.retry = -1 (default)
2022-10-09 13:09:07,229 [pool-818-thread-1] INFO  server.RaftServerConfigKeys (ConfUtils.java:logGet(46)) - raft.server.log.write.buffer.size = 1048576 (custom)
2022-10-09 13:09:07,229 [pool-818-thread-1] INFO  server.RaftServerConfigKeys (ConfUtils.java:logGet(46)) - raft.server.log.unsafe-flush.enabled = false (default)
2022-10-09 13:09:07,229 [pool-818-thread-1] INFO  server.RaftServerConfigKeys (ConfUtils.java:logGet(46)) - raft.server.log.statemachine.data.caching.enabled = true (custom)
2022-10-09 13:09:07,229 [pool-818-thread-1] INFO  segmented.SegmentedRaftLogWorker (SegmentedRaftLogWorker.java:lambda$new$0(135)) - 63d7508a-aae7-47e5-91de-7b918a2106c8@group-B7D8664248A8-SegmentedRaftLogWorker: flushIndex: setUnconditionally 0 -> -1
2022-10-09 13:09:07,229 [pool-818-thread-1] INFO  segmented.SegmentedRaftLogWorker (SegmentedRaftLogWorker.java:lambda$new$0(135)) - 63d7508a-aae7-47e5-91de-7b918a2106c8@group-B7D8664248A8-SegmentedRaftLogWorker: safeCacheEvictIndex: setUnconditionally 0 -> -1
2022-10-09 13:09:07,240 [pool-795-thread-1] INFO  server.RaftServerConfigKeys (ConfUtils.java:logGet(46)) - raft.server.log.write.buffer.size = 1048576 (custom)
2022-10-09 13:09:07,240 [pool-795-thread-1] INFO  server.RaftServerConfigKeys (ConfUtils.java:logGet(46)) - raft.server.log.unsafe-flush.enabled = false (default)
2022-10-09 13:09:07,240 [pool-795-thread-1] INFO  server.RaftServerConfigKeys (ConfUtils.java:logGet(46)) - raft.server.log.statemachine.data.caching.enabled = true (custom)
2022-10-09 13:09:07,240 [pool-795-thread-1] INFO  segmented.SegmentedRaftLogWorker (SegmentedRaftLogWorker.java:lambda$new$0(135)) - 50de1ab3-18a1-452d-b023-0fe1bea95e64@group-C323F128D3A8-SegmentedRaftLogWorker: flushIndex: setUnconditionally 0 -> -1
2022-10-09 13:09:07,240 [pool-795-thread-1] INFO  segmented.SegmentedRaftLogWorker (SegmentedRaftLogWorker.java:lambda$new$0(135)) - 50de1ab3-18a1-452d-b023-0fe1bea95e64@group-C323F128D3A8-SegmentedRaftLogWorker: safeCacheEvictIndex: setUnconditionally 0 -> -1
2022-10-09 13:09:07,240 [pool-818-thread-1] INFO  server.RaftServerConfigKeys (ConfUtils.java:logGet(46)) - raft.server.snapshot.auto.trigger.enabled = true (custom)
2022-10-09 13:09:07,240 [pool-818-thread-1] INFO  server.RaftServerConfigKeys (ConfUtils.java:logGet(46)) - raft.server.snapshot.auto.trigger.threshold = 10000 (custom)
2022-10-09 13:09:07,240 [pool-818-thread-1] INFO  server.RaftServerConfigKeys (ConfUtils.java:logGet(46)) - raft.server.snapshot.retention.file.num = 5 (custom)
2022-10-09 13:09:07,240 [pool-818-thread-1] INFO  server.RaftServerConfigKeys (ConfUtils.java:logGet(46)) - raft.server.log.purge.upto.snapshot.index = false (default)
2022-10-09 13:09:07,240 [pool-818-thread-1] INFO  server.RaftServerConfigKeys (ConfUtils.java:logGet(46)) - raft.server.retrycache.expirytime = 600000ms (custom)
2022-10-09 13:09:07,240 [pool-818-thread-1] INFO  server.RaftServerConfigKeys (ConfUtils.java:logGet(46)) - raft.server.retrycache.statistics.expirytime = 100μs (default)
2022-10-09 13:09:07,241 [pool-818-thread-1] INFO  server.RaftServerConfigKeys (ConfUtils.java:logGet(46)) - raft.server.log.appender.install.snapshot.enabled = false (custom)
2022-10-09 13:09:07,242 [pool-818-thread-1] INFO  server.RaftServerConfigKeys (ConfUtils.java:logGet(46)) - raft.server.threadpool.server.cached = true (default)
2022-10-09 13:09:07,242 [pool-818-thread-1] INFO  server.RaftServerConfigKeys (ConfUtils.java:logGet(46)) - raft.server.threadpool.server.size = 0 (default)
2022-10-09 13:09:07,242 [pool-818-thread-1] INFO  server.RaftServerConfigKeys (ConfUtils.java:logGet(46)) - raft.server.threadpool.client.cached = true (default)
2022-10-09 13:09:07,242 [pool-818-thread-1] INFO  server.RaftServerConfigKeys (ConfUtils.java:logGet(46)) - raft.server.threadpool.client.size = 0 (default)
2022-10-09 13:09:07,242 [pool-818-thread-1] INFO  server.RaftServer$Division (RaftServerImpl.java:start(310)) - 63d7508a-aae7-47e5-91de-7b918a2106c8@group-B7D8664248A8: start as a follower, conf=-1: [63d7508a-aae7-47e5-91de-7b918a2106c8|rpc:10.1.0.209:34509|priority:1], old=null
2022-10-09 13:09:07,242 [pool-818-thread-1] INFO  server.RaftServer$Division (RaftServerImpl.java:setRole(299)) - 63d7508a-aae7-47e5-91de-7b918a2106c8@group-B7D8664248A8: changes role from      null to FOLLOWER at term 0 for startAsFollower
2022-10-09 13:09:07,242 [pool-818-thread-1] INFO  impl.RoleInfo (RoleInfo.java:updateAndGet(139)) - 63d7508a-aae7-47e5-91de-7b918a2106c8: start 63d7508a-aae7-47e5-91de-7b918a2106c8@group-B7D8664248A8-FollowerState
2022-10-09 13:09:07,254 [pool-818-thread-1] INFO  util.JmxRegister (JmxRegister.java:tryRegister(44)) - Successfully registered JMX Bean with object name Ratis:service=RaftServer,group=group-B7D8664248A8,id=63d7508a-aae7-47e5-91de-7b918a2106c8
2022-10-09 13:09:07,258 [Command processor thread] INFO  ratis.XceiverServerRatis (XceiverServerRatis.java:addGroup(765)) - Created group PipelineID=3c3f37aa-45f8-45d5-9010-b7d8664248a8
2022-10-09 13:09:07,258 [Command processor thread] INFO  commandhandler.CreatePipelineCommandHandler (CreatePipelineCommandHandler.java:handle(113)) - Created Pipeline RATIS ONE PipelineID=3c3f37aa-45f8-45d5-9010-b7d8664248a8.
2022-10-09 13:09:07,259 [Command processor thread] INFO  server.RaftServer (RaftServerProxy.java:addNew(96)) - 63d7508a-aae7-47e5-91de-7b918a2106c8: addNew group-C323F128D3A8:[50de1ab3-18a1-452d-b023-0fe1bea95e64|rpc:10.1.0.209:33457|priority:0, a45a9974-6347-49ca-aefd-c703a3af3a84|rpc:10.1.0.209:35151|priority:0, 63d7508a-aae7-47e5-91de-7b918a2106c8|rpc:10.1.0.209:34509|priority:1] returns group-C323F128D3A8:java.util.concurrent.CompletableFuture@62e618f5[Not completed]
2022-10-09 13:09:07,260 [pool-818-thread-1] INFO  server.RaftServer$Division (RaftServerImpl.java:<init>(190)) - 63d7508a-aae7-47e5-91de-7b918a2106c8: new RaftServerImpl for group-C323F128D3A8:[50de1ab3-18a1-452d-b023-0fe1bea95e64|rpc:10.1.0.209:33457|priority:0, a45a9974-6347-49ca-aefd-c703a3af3a84|rpc:10.1.0.209:35151|priority:0, 63d7508a-aae7-47e5-91de-7b918a2106c8|rpc:10.1.0.209:34509|priority:1] with ContainerStateMachine:uninitialized
2022-10-09 13:09:07,260 [pool-818-thread-1] INFO  server.RaftServerConfigKeys (ConfUtils.java:logGet(46)) - raft.server.rpc.timeout.min = 5s (custom)
2022-10-09 13:09:07,261 [pool-818-thread-1] INFO  server.RaftServerConfigKeys (ConfUtils.java:logGet(46)) - raft.server.rpc.timeout.max = 5200ms (custom)
2022-10-09 13:09:07,261 [pool-818-thread-1] INFO  server.RaftServerConfigKeys (ConfUtils.java:logGet(46)) - raft.server.rpc.sleep.time = 25ms (default)
2022-10-09 13:09:07,261 [pool-818-thread-1] INFO  server.RaftServerConfigKeys (ConfUtils.java:logGet(46)) - raft.server.rpc.slowness.timeout = 300s (custom)
2022-10-09 13:09:07,261 [pool-818-thread-1] INFO  server.RaftServerConfigKeys (ConfUtils.java:logGet(46)) - raft.server.leaderelection.leader.step-down.wait-time = 10s (default)
2022-10-09 13:09:07,261 [pool-818-thread-1] INFO  server.RaftServerConfigKeys (ConfUtils.java:logGet(46)) - raft.server.sleep.deviation.threshold = 300ms (default)
2022-10-09 13:09:07,261 [pool-818-thread-1] INFO  server.RaftServer$Division (ServerState.java:<init>(107)) - 63d7508a-aae7-47e5-91de-7b918a2106c8@group-C323F128D3A8: ConfigurationManager, init=-1: [50de1ab3-18a1-452d-b023-0fe1bea95e64|rpc:10.1.0.209:33457|priority:0, a45a9974-6347-49ca-aefd-c703a3af3a84|rpc:10.1.0.209:35151|priority:0, 63d7508a-aae7-47e5-91de-7b918a2106c8|rpc:10.1.0.209:34509|priority:1], old=null, confs=<EMPTY_MAP>
2022-10-09 13:09:07,261 [pool-818-thread-1] INFO  server.RaftServerConfigKeys (ConfUtils.java:logGet(46)) - raft.server.storage.dir = [/home/runner/work/ozone/ozone/hadoop-ozone/integration-test/target/test-dir/MiniOzoneClusterImpl-ae096de1-e798-4387-a84e-b49ba4bb805b/datanode-1/data/ratis] (custom)
2022-10-09 13:09:07,261 [pool-818-thread-1] INFO  server.RaftServerConfigKeys (ConfUtils.java:logGet(46)) - raft.server.log.corruption.policy = EXCEPTION (default)
2022-10-09 13:09:07,261 [pool-818-thread-1] INFO  server.RaftServerConfigKeys (ConfUtils.java:logGet(46)) - raft.server.storage.free-space.min = 0MB (=0) (default)
2022-10-09 13:09:07,261 [pool-818-thread-1] INFO  storage.RaftStorageDirectory (RaftStorageDirectoryImpl.java:analyzeStorage(135)) - The storage directory /home/runner/work/ozone/ozone/hadoop-ozone/integration-test/target/test-dir/MiniOzoneClusterImpl-ae096de1-e798-4387-a84e-b49ba4bb805b/datanode-1/data/ratis/c29ea68a-b793-4021-894d-c323f128d3a8 does not exist. Creating ...
2022-10-09 13:09:07,272 [pool-818-thread-1] INFO  storage.RaftStorageDirectory (RaftStorageDirectoryImpl.java:tryLock(230)) - Lock on /home/runner/work/ozone/ozone/hadoop-ozone/integration-test/target/test-dir/MiniOzoneClusterImpl-ae096de1-e798-4387-a84e-b49ba4bb805b/datanode-1/data/ratis/c29ea68a-b793-4021-894d-c323f128d3a8/in_use.lock acquired by nodename 13094@fv-az212-628
2022-10-09 13:09:07,273 [pool-818-thread-1] INFO  storage.RaftStorage (RaftStorageImpl.java:format(89)) - Storage directory /home/runner/work/ozone/ozone/hadoop-ozone/integration-test/target/test-dir/MiniOzoneClusterImpl-ae096de1-e798-4387-a84e-b49ba4bb805b/datanode-1/data/ratis/c29ea68a-b793-4021-894d-c323f128d3a8 has been successfully formatted.
2022-10-09 13:09:07,274 [pool-818-thread-1] INFO  ratis.ContainerStateMachine (ContainerStateMachine.java:loadSnapshot(236)) - group-C323F128D3A8: The snapshot info is null. Setting the last applied indexto:(t:0, i:~)
2022-10-09 13:09:07,274 [pool-818-thread-1] INFO  server.RaftServerConfigKeys (ConfUtils.java:logGet(46)) - raft.server.notification.no-leader.timeout = 300s (custom)
2022-10-09 13:09:07,274 [pool-818-thread-1] INFO  server.RaftServerConfigKeys (ConfUtils.java:logGet(46)) - raft.server.log.use.memory = false (default)
2022-10-09 13:09:07,274 [pool-818-thread-1] INFO  server.RaftServerConfigKeys (ConfUtils.java:logGet(46)) - raft.server.log.purge.gap = 1000000 (custom)
2022-10-09 13:09:07,274 [pool-818-thread-1] INFO  server.RaftServerConfigKeys (ConfUtils.java:logGet(46)) - raft.server.log.appender.buffer.byte-limit = 33554432 (custom)
2022-10-09 13:09:07,274 [pool-818-thread-1] INFO  server.RaftServerConfigKeys (ConfUtils.java:logGet(46)) - raft.server.log.statemachine.data.read.timeout = 1000ms (default)
2022-10-09 13:09:07,274 [pool-818-thread-1] INFO  server.RaftServerConfigKeys (ConfUtils.java:logGet(46)) - raft.server.log.segment.size.max = 1048576 (custom)
2022-10-09 13:09:07,274 [pool-818-thread-1] INFO  server.RaftServerConfigKeys (ConfUtils.java:logGet(46)) - raft.server.log.segment.cache.num.max = 2 (custom)
2022-10-09 13:09:07,274 [pool-818-thread-1] INFO  server.RaftServerConfigKeys (ConfUtils.java:logGet(46)) - raft.server.log.segment.cache.size.max = 200MB (=209715200) (default)
2022-10-09 13:09:07,274 [pool-818-thread-1] INFO  segmented.SegmentedRaftLogWorker (SegmentedRaftLogWorker.java:<init>(187)) - new 63d7508a-aae7-47e5-91de-7b918a2106c8@group-C323F128D3A8-SegmentedRaftLogWorker for RaftStorageImpl:Storage Directory /home/runner/work/ozone/ozone/hadoop-ozone/integration-test/target/test-dir/MiniOzoneClusterImpl-ae096de1-e798-4387-a84e-b49ba4bb805b/datanode-1/data/ratis/c29ea68a-b793-4021-894d-c323f128d3a8
2022-10-09 13:09:07,275 [pool-818-thread-1] INFO  server.RaftServerConfigKeys (ConfUtils.java:logGet(46)) - raft.server.log.queue.byte-limit = 4294967296 (custom)
2022-10-09 13:09:07,275 [pool-818-thread-1] INFO  server.RaftServerConfigKeys (ConfUtils.java:logGet(46)) - raft.server.log.queue.element-limit = 1024 (custom)
2022-10-09 13:09:07,275 [pool-818-thread-1] INFO  server.RaftServerConfigKeys (ConfUtils.java:logGet(46)) - raft.server.log.segment.size.max = 1048576 (custom)
2022-10-09 13:09:07,275 [pool-818-thread-1] INFO  server.RaftServerConfigKeys (ConfUtils.java:logGet(46)) - raft.server.log.preallocated.size = 16384 (custom)
2022-10-09 13:09:07,275 [pool-818-thread-1] INFO  server.RaftServerConfigKeys (ConfUtils.java:logGet(46)) - raft.server.log.force.sync.num = 128 (default)
2022-10-09 13:09:07,275 [pool-818-thread-1] INFO  server.RaftServerConfigKeys (ConfUtils.java:logGet(46)) - raft.server.log.statemachine.data.sync = true (default)
2022-10-09 13:09:07,275 [pool-818-thread-1] INFO  server.RaftServerConfigKeys (ConfUtils.java:logGet(46)) - raft.server.log.statemachine.data.sync.timeout = 10s (default)
2022-10-09 13:09:07,275 [pool-818-thread-1] INFO  server.RaftServerConfigKeys (ConfUtils.java:logGet(46)) - raft.server.log.statemachine.data.sync.timeout.retry = -1 (default)
2022-10-09 13:09:07,280 [EventQueue-OpenPipelineForHealthyPipelineSafeModeRule] INFO  safemode.SCMSafeModeManager (HealthyPipelineSafeModeRule.java:process(137)) - SCM in safe mode. Healthy pipelines reported count is 0, required healthy pipeline reported count is 1
2022-10-09 13:09:07,283 [pool-818-thread-1] INFO  server.RaftServerConfigKeys (ConfUtils.java:logGet(46)) - raft.server.log.write.buffer.size = 1048576 (custom)
2022-10-09 13:09:07,283 [pool-818-thread-1] INFO  server.RaftServerConfigKeys (ConfUtils.java:logGet(46)) - raft.server.log.unsafe-flush.enabled = false (default)
2022-10-09 13:09:07,283 [pool-818-thread-1] INFO  server.RaftServerConfigKeys (ConfUtils.java:logGet(46)) - raft.server.log.statemachine.data.caching.enabled = true (custom)
2022-10-09 13:09:07,283 [pool-818-thread-1] INFO  segmented.SegmentedRaftLogWorker (SegmentedRaftLogWorker.java:lambda$new$0(135)) - 63d7508a-aae7-47e5-91de-7b918a2106c8@group-C323F128D3A8-SegmentedRaftLogWorker: flushIndex: setUnconditionally 0 -> -1
2022-10-09 13:09:07,283 [pool-818-thread-1] INFO  segmented.SegmentedRaftLogWorker (SegmentedRaftLogWorker.java:lambda$new$0(135)) - 63d7508a-aae7-47e5-91de-7b918a2106c8@group-C323F128D3A8-SegmentedRaftLogWorker: safeCacheEvictIndex: setUnconditionally 0 -> -1
2022-10-09 13:09:07,284 [pool-818-thread-1] INFO  server.RaftServerConfigKeys (ConfUtils.java:logGet(46)) - raft.server.snapshot.auto.trigger.enabled = true (custom)
2022-10-09 13:09:07,284 [pool-818-thread-1] INFO  server.RaftServerConfigKeys (ConfUtils.java:logGet(46)) - raft.server.snapshot.auto.trigger.threshold = 10000 (custom)
2022-10-09 13:09:07,284 [pool-818-thread-1] INFO  server.RaftServerConfigKeys (ConfUtils.java:logGet(46)) - raft.server.snapshot.retention.file.num = 5 (custom)
2022-10-09 13:09:07,285 [pool-818-thread-1] INFO  server.RaftServerConfigKeys (ConfUtils.java:logGet(46)) - raft.server.log.purge.upto.snapshot.index = false (default)
2022-10-09 13:09:07,285 [pool-818-thread-1] INFO  server.RaftServerConfigKeys (ConfUtils.java:logGet(46)) - raft.server.retrycache.expirytime = 600000ms (custom)
2022-10-09 13:09:07,285 [pool-818-thread-1] INFO  server.RaftServerConfigKeys (ConfUtils.java:logGet(46)) - raft.server.retrycache.statistics.expirytime = 100μs (default)
2022-10-09 13:09:07,286 [pool-818-thread-1] INFO  server.RaftServerConfigKeys (ConfUtils.java:logGet(46)) - raft.server.log.appender.install.snapshot.enabled = false (custom)
2022-10-09 13:09:07,286 [pool-818-thread-1] INFO  server.RaftServerConfigKeys (ConfUtils.java:logGet(46)) - raft.server.threadpool.server.cached = true (default)
2022-10-09 13:09:07,286 [pool-818-thread-1] INFO  server.RaftServerConfigKeys (ConfUtils.java:logGet(46)) - raft.server.threadpool.server.size = 0 (default)
2022-10-09 13:09:07,286 [pool-818-thread-1] INFO  server.RaftServerConfigKeys (ConfUtils.java:logGet(46)) - raft.server.threadpool.client.cached = true (default)
2022-10-09 13:09:07,286 [pool-818-thread-1] INFO  server.RaftServerConfigKeys (ConfUtils.java:logGet(46)) - raft.server.threadpool.client.size = 0 (default)
2022-10-09 13:09:07,286 [pool-818-thread-1] INFO  server.RaftServer$Division (RaftServerImpl.java:start(310)) - 63d7508a-aae7-47e5-91de-7b918a2106c8@group-C323F128D3A8: start as a follower, conf=-1: [50de1ab3-18a1-452d-b023-0fe1bea95e64|rpc:10.1.0.209:33457|priority:0, a45a9974-6347-49ca-aefd-c703a3af3a84|rpc:10.1.0.209:35151|priority:0, 63d7508a-aae7-47e5-91de-7b918a2106c8|rpc:10.1.0.209:34509|priority:1], old=null
2022-10-09 13:09:07,286 [pool-818-thread-1] INFO  server.RaftServer$Division (RaftServerImpl.java:setRole(299)) - 63d7508a-aae7-47e5-91de-7b918a2106c8@group-C323F128D3A8: changes role from      null to FOLLOWER at term 0 for startAsFollower
2022-10-09 13:09:07,288 [pool-818-thread-1] INFO  impl.RoleInfo (RoleInfo.java:updateAndGet(139)) - 63d7508a-aae7-47e5-91de-7b918a2106c8: start 63d7508a-aae7-47e5-91de-7b918a2106c8@group-C323F128D3A8-FollowerState
2022-10-09 13:09:07,296 [pool-818-thread-1] INFO  util.JmxRegister (JmxRegister.java:tryRegister(44)) - Successfully registered JMX Bean with object name Ratis:service=RaftServer,group=group-C323F128D3A8,id=63d7508a-aae7-47e5-91de-7b918a2106c8
2022-10-09 13:09:07,300 [Command processor thread] INFO  ratis.XceiverServerRatis (XceiverServerRatis.java:addGroup(765)) - Created group PipelineID=c29ea68a-b793-4021-894d-c323f128d3a8
2022-10-09 13:09:07,308 [pool-795-thread-1] INFO  server.RaftServerConfigKeys (ConfUtils.java:logGet(46)) - raft.server.snapshot.auto.trigger.enabled = true (custom)
2022-10-09 13:09:07,308 [pool-795-thread-1] INFO  server.RaftServerConfigKeys (ConfUtils.java:logGet(46)) - raft.server.snapshot.auto.trigger.threshold = 10000 (custom)
2022-10-09 13:09:07,308 [pool-795-thread-1] INFO  server.RaftServerConfigKeys (ConfUtils.java:logGet(46)) - raft.server.snapshot.retention.file.num = 5 (custom)
2022-10-09 13:09:07,308 [pool-795-thread-1] INFO  server.RaftServerConfigKeys (ConfUtils.java:logGet(46)) - raft.server.log.purge.upto.snapshot.index = false (default)
2022-10-09 13:09:07,308 [pool-795-thread-1] INFO  server.RaftServerConfigKeys (ConfUtils.java:logGet(46)) - raft.server.retrycache.expirytime = 600000ms (custom)
2022-10-09 13:09:07,308 [pool-795-thread-1] INFO  server.RaftServerConfigKeys (ConfUtils.java:logGet(46)) - raft.server.retrycache.statistics.expirytime = 100μs (default)
2022-10-09 13:09:07,309 [pool-795-thread-1] INFO  server.RaftServerConfigKeys (ConfUtils.java:logGet(46)) - raft.server.log.appender.install.snapshot.enabled = false (custom)
2022-10-09 13:09:07,309 [pool-795-thread-1] INFO  server.RaftServerConfigKeys (ConfUtils.java:logGet(46)) - raft.server.threadpool.server.cached = true (default)
2022-10-09 13:09:07,309 [pool-795-thread-1] INFO  server.RaftServerConfigKeys (ConfUtils.java:logGet(46)) - raft.server.threadpool.server.size = 0 (default)
2022-10-09 13:09:07,309 [pool-795-thread-1] INFO  server.RaftServerConfigKeys (ConfUtils.java:logGet(46)) - raft.server.threadpool.client.cached = true (default)
2022-10-09 13:09:07,309 [pool-795-thread-1] INFO  server.RaftServerConfigKeys (ConfUtils.java:logGet(46)) - raft.server.threadpool.client.size = 0 (default)
2022-10-09 13:09:07,309 [pool-795-thread-1] INFO  server.RaftServer$Division (RaftServerImpl.java:start(310)) - 50de1ab3-18a1-452d-b023-0fe1bea95e64@group-C323F128D3A8: start as a follower, conf=-1: [50de1ab3-18a1-452d-b023-0fe1bea95e64|rpc:10.1.0.209:33457|priority:0, a45a9974-6347-49ca-aefd-c703a3af3a84|rpc:10.1.0.209:35151|priority:0, 63d7508a-aae7-47e5-91de-7b918a2106c8|rpc:10.1.0.209:34509|priority:1], old=null
2022-10-09 13:09:07,309 [pool-795-thread-1] INFO  server.RaftServer$Division (RaftServerImpl.java:setRole(299)) - 50de1ab3-18a1-452d-b023-0fe1bea95e64@group-C323F128D3A8: changes role from      null to FOLLOWER at term 0 for startAsFollower
2022-10-09 13:09:07,309 [pool-795-thread-1] INFO  impl.RoleInfo (RoleInfo.java:updateAndGet(139)) - 50de1ab3-18a1-452d-b023-0fe1bea95e64: start 50de1ab3-18a1-452d-b023-0fe1bea95e64@group-C323F128D3A8-FollowerState
2022-10-09 13:09:07,310 [pool-795-thread-1] INFO  util.JmxRegister (JmxRegister.java:tryRegister(44)) - Successfully registered JMX Bean with object name Ratis:service=RaftServer,group=group-C323F128D3A8,id=50de1ab3-18a1-452d-b023-0fe1bea95e64
2022-10-09 13:09:07,340 [Command processor thread] INFO  ratis.XceiverServerRatis (XceiverServerRatis.java:addGroup(765)) - Created group PipelineID=c29ea68a-b793-4021-894d-c323f128d3a8
2022-10-09 13:09:07,418 [grpc-default-executor-0] INFO  server.RaftServer (RaftServerProxy.java:addNew(96)) - a45a9974-6347-49ca-aefd-c703a3af3a84: addNew group-C323F128D3A8:[50de1ab3-18a1-452d-b023-0fe1bea95e64|rpc:10.1.0.209:33457|dataStream:|priority:0, a45a9974-6347-49ca-aefd-c703a3af3a84|rpc:10.1.0.209:35151|dataStream:|priority:0, 63d7508a-aae7-47e5-91de-7b918a2106c8|rpc:10.1.0.209:34509|dataStream:|priority:1] returns group-C323F128D3A8:java.util.concurrent.CompletableFuture@53df4e5e[Not completed]
2022-10-09 13:09:07,419 [pool-841-thread-1] INFO  server.RaftServer$Division (RaftServerImpl.java:<init>(190)) - a45a9974-6347-49ca-aefd-c703a3af3a84: new RaftServerImpl for group-C323F128D3A8:[50de1ab3-18a1-452d-b023-0fe1bea95e64|rpc:10.1.0.209:33457|dataStream:|priority:0, a45a9974-6347-49ca-aefd-c703a3af3a84|rpc:10.1.0.209:35151|dataStream:|priority:0, 63d7508a-aae7-47e5-91de-7b918a2106c8|rpc:10.1.0.209:34509|dataStream:|priority:1] with ContainerStateMachine:uninitialized
2022-10-09 13:09:07,419 [pool-841-thread-1] INFO  server.RaftServerConfigKeys (ConfUtils.java:logGet(46)) - raft.server.rpc.timeout.min = 5s (custom)
2022-10-09 13:09:07,419 [pool-841-thread-1] INFO  server.RaftServerConfigKeys (ConfUtils.java:logGet(46)) - raft.server.rpc.timeout.max = 5200ms (custom)
2022-10-09 13:09:07,419 [pool-841-thread-1] INFO  server.RaftServerConfigKeys (ConfUtils.java:logGet(46)) - raft.server.rpc.sleep.time = 25ms (default)
2022-10-09 13:09:07,419 [pool-841-thread-1] INFO  server.RaftServerConfigKeys (ConfUtils.java:logGet(46)) - raft.server.rpc.slowness.timeout = 300s (custom)
2022-10-09 13:09:07,419 [pool-841-thread-1] INFO  server.RaftServerConfigKeys (ConfUtils.java:logGet(46)) - raft.server.leaderelection.leader.step-down.wait-time = 10s (default)
2022-10-09 13:09:07,419 [pool-841-thread-1] INFO  server.RaftServerConfigKeys (ConfUtils.java:logGet(46)) - raft.server.sleep.deviation.threshold = 300ms (default)
2022-10-09 13:09:07,419 [pool-841-thread-1] INFO  server.RaftServer$Division (ServerState.java:<init>(107)) - a45a9974-6347-49ca-aefd-c703a3af3a84@group-C323F128D3A8: ConfigurationManager, init=-1: [50de1ab3-18a1-452d-b023-0fe1bea95e64|rpc:10.1.0.209:33457|dataStream:|priority:0, a45a9974-6347-49ca-aefd-c703a3af3a84|rpc:10.1.0.209:35151|dataStream:|priority:0, 63d7508a-aae7-47e5-91de-7b918a2106c8|rpc:10.1.0.209:34509|dataStream:|priority:1], old=null, confs=<EMPTY_MAP>
2022-10-09 13:09:07,420 [pool-841-thread-1] INFO  server.RaftServerConfigKeys (ConfUtils.java:logGet(46)) - raft.server.storage.dir = [/home/runner/work/ozone/ozone/hadoop-ozone/integration-test/target/test-dir/MiniOzoneClusterImpl-ae096de1-e798-4387-a84e-b49ba4bb805b/datanode-2/data/ratis] (custom)
2022-10-09 13:09:07,420 [pool-841-thread-1] INFO  server.RaftServerConfigKeys (ConfUtils.java:logGet(46)) - raft.server.log.corruption.policy = EXCEPTION (default)
2022-10-09 13:09:07,420 [pool-841-thread-1] INFO  server.RaftServerConfigKeys (ConfUtils.java:logGet(46)) - raft.server.storage.free-space.min = 0MB (=0) (default)
2022-10-09 13:09:07,420 [pool-841-thread-1] INFO  storage.RaftStorageDirectory (RaftStorageDirectoryImpl.java:analyzeStorage(135)) - The storage directory /home/runner/work/ozone/ozone/hadoop-ozone/integration-test/target/test-dir/MiniOzoneClusterImpl-ae096de1-e798-4387-a84e-b49ba4bb805b/datanode-2/data/ratis/c29ea68a-b793-4021-894d-c323f128d3a8 does not exist. Creating ...
2022-10-09 13:09:07,421 [pool-841-thread-1] INFO  storage.RaftStorageDirectory (RaftStorageDirectoryImpl.java:tryLock(230)) - Lock on /home/runner/work/ozone/ozone/hadoop-ozone/integration-test/target/test-dir/MiniOzoneClusterImpl-ae096de1-e798-4387-a84e-b49ba4bb805b/datanode-2/data/ratis/c29ea68a-b793-4021-894d-c323f128d3a8/in_use.lock acquired by nodename 13094@fv-az212-628
2022-10-09 13:09:07,422 [pool-841-thread-1] INFO  storage.RaftStorage (RaftStorageImpl.java:format(89)) - Storage directory /home/runner/work/ozone/ozone/hadoop-ozone/integration-test/target/test-dir/MiniOzoneClusterImpl-ae096de1-e798-4387-a84e-b49ba4bb805b/datanode-2/data/ratis/c29ea68a-b793-4021-894d-c323f128d3a8 has been successfully formatted.
2022-10-09 13:09:07,422 [pool-841-thread-1] INFO  ratis.ContainerStateMachine (ContainerStateMachine.java:loadSnapshot(236)) - group-C323F128D3A8: The snapshot info is null. Setting the last applied indexto:(t:0, i:~)
2022-10-09 13:09:07,423 [pool-841-thread-1] INFO  server.RaftServerConfigKeys (ConfUtils.java:logGet(46)) - raft.server.notification.no-leader.timeout = 300s (custom)
2022-10-09 13:09:07,423 [pool-841-thread-1] INFO  server.RaftServerConfigKeys (ConfUtils.java:logGet(46)) - raft.server.log.use.memory = false (default)
2022-10-09 13:09:07,423 [pool-841-thread-1] INFO  server.RaftServerConfigKeys (ConfUtils.java:logGet(46)) - raft.server.log.purge.gap = 1000000 (custom)
2022-10-09 13:09:07,423 [pool-841-thread-1] INFO  server.RaftServerConfigKeys (ConfUtils.java:logGet(46)) - raft.server.log.appender.buffer.byte-limit = 33554432 (custom)
2022-10-09 13:09:07,423 [pool-841-thread-1] INFO  server.RaftServerConfigKeys (ConfUtils.java:logGet(46)) - raft.server.log.statemachine.data.read.timeout = 1000ms (default)
2022-10-09 13:09:07,423 [pool-841-thread-1] INFO  server.RaftServerConfigKeys (ConfUtils.java:logGet(46)) - raft.server.log.segment.size.max = 1048576 (custom)
2022-10-09 13:09:07,432 [pool-841-thread-1] INFO  server.RaftServerConfigKeys (ConfUtils.java:logGet(46)) - raft.server.log.segment.cache.num.max = 2 (custom)
2022-10-09 13:09:07,432 [pool-841-thread-1] INFO  server.RaftServerConfigKeys (ConfUtils.java:logGet(46)) - raft.server.log.segment.cache.size.max = 200MB (=209715200) (default)
2022-10-09 13:09:07,432 [pool-841-thread-1] INFO  segmented.SegmentedRaftLogWorker (SegmentedRaftLogWorker.java:<init>(187)) - new a45a9974-6347-49ca-aefd-c703a3af3a84@group-C323F128D3A8-SegmentedRaftLogWorker for RaftStorageImpl:Storage Directory /home/runner/work/ozone/ozone/hadoop-ozone/integration-test/target/test-dir/MiniOzoneClusterImpl-ae096de1-e798-4387-a84e-b49ba4bb805b/datanode-2/data/ratis/c29ea68a-b793-4021-894d-c323f128d3a8
2022-10-09 13:09:07,432 [pool-841-thread-1] INFO  server.RaftServerConfigKeys (ConfUtils.java:logGet(46)) - raft.server.log.queue.byte-limit = 4294967296 (custom)
2022-10-09 13:09:07,432 [pool-841-thread-1] INFO  server.RaftServerConfigKeys (ConfUtils.java:logGet(46)) - raft.server.log.queue.element-limit = 1024 (custom)
2022-10-09 13:09:07,432 [pool-841-thread-1] INFO  server.RaftServerConfigKeys (ConfUtils.java:logGet(46)) - raft.server.log.segment.size.max = 1048576 (custom)
2022-10-09 13:09:07,432 [pool-841-thread-1] INFO  server.RaftServerConfigKeys (ConfUtils.java:logGet(46)) - raft.server.log.preallocated.size = 16384 (custom)
2022-10-09 13:09:07,432 [pool-841-thread-1] INFO  server.RaftServerConfigKeys (ConfUtils.java:logGet(46)) - raft.server.log.force.sync.num = 128 (default)
2022-10-09 13:09:07,432 [pool-841-thread-1] INFO  server.RaftServerConfigKeys (ConfUtils.java:logGet(46)) - raft.server.log.statemachine.data.sync = true (default)
2022-10-09 13:09:07,432 [pool-841-thread-1] INFO  server.RaftServerConfigKeys (ConfUtils.java:logGet(46)) - raft.server.log.statemachine.data.sync.timeout = 10s (default)
2022-10-09 13:09:07,432 [pool-841-thread-1] INFO  server.RaftServerConfigKeys (ConfUtils.java:logGet(46)) - raft.server.log.statemachine.data.sync.timeout.retry = -1 (default)
2022-10-09 13:09:07,487 [pool-841-thread-1] INFO  server.RaftServerConfigKeys (ConfUtils.java:logGet(46)) - raft.server.log.write.buffer.size = 1048576 (custom)
2022-10-09 13:09:07,487 [pool-841-thread-1] INFO  server.RaftServerConfigKeys (ConfUtils.java:logGet(46)) - raft.server.log.unsafe-flush.enabled = false (default)
2022-10-09 13:09:07,487 [pool-841-thread-1] INFO  server.RaftServerConfigKeys (ConfUtils.java:logGet(46)) - raft.server.log.statemachine.data.caching.enabled = true (custom)
2022-10-09 13:09:07,487 [pool-841-thread-1] INFO  segmented.SegmentedRaftLogWorker (SegmentedRaftLogWorker.java:lambda$new$0(135)) - a45a9974-6347-49ca-aefd-c703a3af3a84@group-C323F128D3A8-SegmentedRaftLogWorker: flushIndex: setUnconditionally 0 -> -1
2022-10-09 13:09:07,488 [pool-841-thread-1] INFO  segmented.SegmentedRaftLogWorker (SegmentedRaftLogWorker.java:lambda$new$0(135)) - a45a9974-6347-49ca-aefd-c703a3af3a84@group-C323F128D3A8-SegmentedRaftLogWorker: safeCacheEvictIndex: setUnconditionally 0 -> -1
2022-10-09 13:09:07,488 [pool-841-thread-1] INFO  server.RaftServerConfigKeys (ConfUtils.java:logGet(46)) - raft.server.snapshot.auto.trigger.enabled = true (custom)
2022-10-09 13:09:07,488 [pool-841-thread-1] INFO  server.RaftServerConfigKeys (ConfUtils.java:logGet(46)) - raft.server.snapshot.auto.trigger.threshold = 10000 (custom)
2022-10-09 13:09:07,488 [pool-841-thread-1] INFO  server.RaftServerConfigKeys (ConfUtils.java:logGet(46)) - raft.server.snapshot.retention.file.num = 5 (custom)
2022-10-09 13:09:07,488 [pool-841-thread-1] INFO  server.RaftServerConfigKeys (ConfUtils.java:logGet(46)) - raft.server.log.purge.upto.snapshot.index = false (default)
2022-10-09 13:09:07,488 [pool-841-thread-1] INFO  server.RaftServerConfigKeys (ConfUtils.java:logGet(46)) - raft.server.retrycache.expirytime = 600000ms (custom)
2022-10-09 13:09:07,488 [pool-841-thread-1] INFO  server.RaftServerConfigKeys (ConfUtils.java:logGet(46)) - raft.server.retrycache.statistics.expirytime = 100μs (default)
2022-10-09 13:09:07,489 [pool-841-thread-1] INFO  server.RaftServerConfigKeys (ConfUtils.java:logGet(46)) - raft.server.log.appender.install.snapshot.enabled = false (custom)
2022-10-09 13:09:07,489 [pool-841-thread-1] INFO  server.RaftServerConfigKeys (ConfUtils.java:logGet(46)) - raft.server.threadpool.server.cached = true (default)
2022-10-09 13:09:07,489 [pool-841-thread-1] INFO  server.RaftServerConfigKeys (ConfUtils.java:logGet(46)) - raft.server.threadpool.server.size = 0 (default)
2022-10-09 13:09:07,489 [pool-841-thread-1] INFO  server.RaftServerConfigKeys (ConfUtils.java:logGet(46)) - raft.server.threadpool.client.cached = true (default)
2022-10-09 13:09:07,490 [pool-841-thread-1] INFO  server.RaftServerConfigKeys (ConfUtils.java:logGet(46)) - raft.server.threadpool.client.size = 0 (default)
2022-10-09 13:09:07,490 [pool-841-thread-1] INFO  server.RaftServer$Division (RaftServerImpl.java:start(310)) - a45a9974-6347-49ca-aefd-c703a3af3a84@group-C323F128D3A8: start as a follower, conf=-1: [50de1ab3-18a1-452d-b023-0fe1bea95e64|rpc:10.1.0.209:33457|dataStream:|priority:0, a45a9974-6347-49ca-aefd-c703a3af3a84|rpc:10.1.0.209:35151|dataStream:|priority:0, 63d7508a-aae7-47e5-91de-7b918a2106c8|rpc:10.1.0.209:34509|dataStream:|priority:1], old=null
2022-10-09 13:09:07,490 [pool-841-thread-1] INFO  server.RaftServer$Division (RaftServerImpl.java:setRole(299)) - a45a9974-6347-49ca-aefd-c703a3af3a84@group-C323F128D3A8: changes role from      null to FOLLOWER at term 0 for startAsFollower
2022-10-09 13:09:07,490 [pool-841-thread-1] INFO  impl.RoleInfo (RoleInfo.java:updateAndGet(139)) - a45a9974-6347-49ca-aefd-c703a3af3a84: start a45a9974-6347-49ca-aefd-c703a3af3a84@group-C323F128D3A8-FollowerState
2022-10-09 13:09:07,498 [pool-841-thread-1] INFO  util.JmxRegister (JmxRegister.java:tryRegister(44)) - Successfully registered JMX Bean with object name Ratis:service=RaftServer,group=group-C323F128D3A8,id=a45a9974-6347-49ca-aefd-c703a3af3a84
2022-10-09 13:09:07,669 [Command processor thread] INFO  commandhandler.CreatePipelineCommandHandler (CreatePipelineCommandHandler.java:handle(113)) - Created Pipeline RATIS THREE PipelineID=c29ea68a-b793-4021-894d-c323f128d3a8.
2022-10-09 13:09:07,688 [Command processor thread] INFO  commandhandler.CreatePipelineCommandHandler (CreatePipelineCommandHandler.java:handle(113)) - Created Pipeline RATIS THREE PipelineID=c29ea68a-b793-4021-894d-c323f128d3a8.
2022-10-09 13:09:07,766 [Command processor thread] INFO  server.RaftServer (RaftServerProxy.java:addNew(96)) - a45a9974-6347-49ca-aefd-c703a3af3a84: addNew group-7070257B7526:[a45a9974-6347-49ca-aefd-c703a3af3a84|rpc:10.1.0.209:35151|priority:1] returns group-7070257B7526:java.util.concurrent.CompletableFuture@1fde3dbe[Not completed]
2022-10-09 13:09:07,767 [pool-841-thread-1] INFO  server.RaftServer$Division (RaftServerImpl.java:<init>(190)) - a45a9974-6347-49ca-aefd-c703a3af3a84: new RaftServerImpl for group-7070257B7526:[a45a9974-6347-49ca-aefd-c703a3af3a84|rpc:10.1.0.209:35151|priority:1] with ContainerStateMachine:uninitialized
2022-10-09 13:09:07,767 [pool-841-thread-1] INFO  server.RaftServerConfigKeys (ConfUtils.java:logGet(46)) - raft.server.rpc.timeout.min = 5s (custom)
2022-10-09 13:09:07,767 [pool-841-thread-1] INFO  server.RaftServerConfigKeys (ConfUtils.java:logGet(46)) - raft.server.rpc.timeout.max = 5200ms (custom)
2022-10-09 13:09:07,767 [pool-841-thread-1] INFO  server.RaftServerConfigKeys (ConfUtils.java:logGet(46)) - raft.server.rpc.sleep.time = 25ms (default)
2022-10-09 13:09:07,767 [pool-841-thread-1] INFO  server.RaftServerConfigKeys (ConfUtils.java:logGet(46)) - raft.server.rpc.slowness.timeout = 300s (custom)
2022-10-09 13:09:07,767 [pool-841-thread-1] INFO  server.RaftServerConfigKeys (ConfUtils.java:logGet(46)) - raft.server.leaderelection.leader.step-down.wait-time = 10s (default)
2022-10-09 13:09:07,767 [pool-841-thread-1] INFO  server.RaftServerConfigKeys (ConfUtils.java:logGet(46)) - raft.server.sleep.deviation.threshold = 300ms (default)
2022-10-09 13:09:07,767 [pool-841-thread-1] INFO  server.RaftServer$Division (ServerState.java:<init>(107)) - a45a9974-6347-49ca-aefd-c703a3af3a84@group-7070257B7526: ConfigurationManager, init=-1: [a45a9974-6347-49ca-aefd-c703a3af3a84|rpc:10.1.0.209:35151|priority:1], old=null, confs=<EMPTY_MAP>
2022-10-09 13:09:07,768 [pool-841-thread-1] INFO  server.RaftServerConfigKeys (ConfUtils.java:logGet(46)) - raft.server.storage.dir = [/home/runner/work/ozone/ozone/hadoop-ozone/integration-test/target/test-dir/MiniOzoneClusterImpl-ae096de1-e798-4387-a84e-b49ba4bb805b/datanode-2/data/ratis] (custom)
2022-10-09 13:09:07,768 [pool-841-thread-1] INFO  server.RaftServerConfigKeys (ConfUtils.java:logGet(46)) - raft.server.log.corruption.policy = EXCEPTION (default)
2022-10-09 13:09:07,768 [pool-841-thread-1] INFO  server.RaftServerConfigKeys (ConfUtils.java:logGet(46)) - raft.server.storage.free-space.min = 0MB (=0) (default)
2022-10-09 13:09:07,768 [pool-841-thread-1] INFO  storage.RaftStorageDirectory (RaftStorageDirectoryImpl.java:analyzeStorage(135)) - The storage directory /home/runner/work/ozone/ozone/hadoop-ozone/integration-test/target/test-dir/MiniOzoneClusterImpl-ae096de1-e798-4387-a84e-b49ba4bb805b/datanode-2/data/ratis/00e9a87d-9224-422c-a2cd-7070257b7526 does not exist. Creating ...
2022-10-09 13:09:07,770 [pool-841-thread-1] INFO  storage.RaftStorageDirectory (RaftStorageDirectoryImpl.java:tryLock(230)) - Lock on /home/runner/work/ozone/ozone/hadoop-ozone/integration-test/target/test-dir/MiniOzoneClusterImpl-ae096de1-e798-4387-a84e-b49ba4bb805b/datanode-2/data/ratis/00e9a87d-9224-422c-a2cd-7070257b7526/in_use.lock acquired by nodename 13094@fv-az212-628
2022-10-09 13:09:07,773 [pool-841-thread-1] INFO  storage.RaftStorage (RaftStorageImpl.java:format(89)) - Storage directory /home/runner/work/ozone/ozone/hadoop-ozone/integration-test/target/test-dir/MiniOzoneClusterImpl-ae096de1-e798-4387-a84e-b49ba4bb805b/datanode-2/data/ratis/00e9a87d-9224-422c-a2cd-7070257b7526 has been successfully formatted.
2022-10-09 13:09:07,774 [pool-841-thread-1] INFO  ratis.ContainerStateMachine (ContainerStateMachine.java:loadSnapshot(236)) - group-7070257B7526: The snapshot info is null. Setting the last applied indexto:(t:0, i:~)
2022-10-09 13:09:07,774 [pool-841-thread-1] INFO  server.RaftServerConfigKeys (ConfUtils.java:logGet(46)) - raft.server.notification.no-leader.timeout = 300s (custom)
2022-10-09 13:09:07,774 [pool-841-thread-1] INFO  server.RaftServerConfigKeys (ConfUtils.java:logGet(46)) - raft.server.log.use.memory = false (default)
2022-10-09 13:09:07,774 [pool-841-thread-1] INFO  server.RaftServerConfigKeys (ConfUtils.java:logGet(46)) - raft.server.log.purge.gap = 1000000 (custom)
2022-10-09 13:09:07,774 [pool-841-thread-1] INFO  server.RaftServerConfigKeys (ConfUtils.java:logGet(46)) - raft.server.log.appender.buffer.byte-limit = 33554432 (custom)
2022-10-09 13:09:07,774 [pool-841-thread-1] INFO  server.RaftServerConfigKeys (ConfUtils.java:logGet(46)) - raft.server.log.statemachine.data.read.timeout = 1000ms (default)
2022-10-09 13:09:07,774 [EventQueue-PipelineReportForPipelineReportHandler] INFO  pipeline.PipelineManagerImpl (PipelineManagerImpl.java:openPipeline(367)) - Pipeline Pipeline[ Id: 00e9a87d-9224-422c-a2cd-7070257b7526, Nodes: a45a9974-6347-49ca-aefd-c703a3af3a84{ip: 10.1.0.209, host: fv-az212-628.zlodpucb4l4udavnfxg5s20dva.cx.internal.cloudapp.net, ports: [REPLICATION=39625, RATIS=35151, RATIS_ADMIN=35151, RATIS_SERVER=35151, STANDALONE=45685], networkLocation: /default-rack, certSerialId: null, persistedOpState: IN_SERVICE, persistedOpStateExpiryEpochSec: 0}, ReplicationConfig: RATIS/ONE, State:ALLOCATED, leaderId:a45a9974-6347-49ca-aefd-c703a3af3a84, CreationTimestamp2022-10-09T13:09:04.774Z[Etc/UTC]] moved to OPEN state
2022-10-09 13:09:07,774 [pool-841-thread-1] INFO  server.RaftServerConfigKeys (ConfUtils.java:logGet(46)) - raft.server.log.segment.size.max = 1048576 (custom)
2022-10-09 13:09:07,775 [EventQueue-OpenPipelineForHealthyPipelineSafeModeRule] INFO  safemode.SCMSafeModeManager (HealthyPipelineSafeModeRule.java:process(137)) - SCM in safe mode. Healthy pipelines reported count is 0, required healthy pipeline reported count is 1
2022-10-09 13:09:07,775 [pool-841-thread-1] INFO  server.RaftServerConfigKeys (ConfUtils.java:logGet(46)) - raft.server.log.segment.cache.num.max = 2 (custom)
2022-10-09 13:09:07,775 [pool-841-thread-1] INFO  server.RaftServerConfigKeys (ConfUtils.java:logGet(46)) - raft.server.log.segment.cache.size.max = 200MB (=209715200) (default)
2022-10-09 13:09:07,775 [pool-841-thread-1] INFO  segmented.SegmentedRaftLogWorker (SegmentedRaftLogWorker.java:<init>(187)) - new a45a9974-6347-49ca-aefd-c703a3af3a84@group-7070257B7526-SegmentedRaftLogWorker for RaftStorageImpl:Storage Directory /home/runner/work/ozone/ozone/hadoop-ozone/integration-test/target/test-dir/MiniOzoneClusterImpl-ae096de1-e798-4387-a84e-b49ba4bb805b/datanode-2/data/ratis/00e9a87d-9224-422c-a2cd-7070257b7526
2022-10-09 13:09:07,775 [pool-841-thread-1] INFO  server.RaftServerConfigKeys (ConfUtils.java:logGet(46)) - raft.server.log.queue.byte-limit = 4294967296 (custom)
2022-10-09 13:09:07,775 [pool-841-thread-1] INFO  server.RaftServerConfigKeys (ConfUtils.java:logGet(46)) - raft.server.log.queue.element-limit = 1024 (custom)
2022-10-09 13:09:07,775 [pool-841-thread-1] INFO  server.RaftServerConfigKeys (ConfUtils.java:logGet(46)) - raft.server.log.segment.size.max = 1048576 (custom)
2022-10-09 13:09:07,775 [pool-841-thread-1] INFO  server.RaftServerConfigKeys (ConfUtils.java:logGet(46)) - raft.server.log.preallocated.size = 16384 (custom)
2022-10-09 13:09:07,776 [pool-841-thread-1] INFO  server.RaftServerConfigKeys (ConfUtils.java:logGet(46)) - raft.server.log.force.sync.num = 128 (default)
2022-10-09 13:09:07,776 [pool-841-thread-1] INFO  server.RaftServerConfigKeys (ConfUtils.java:logGet(46)) - raft.server.log.statemachine.data.sync = true (default)
2022-10-09 13:09:07,776 [pool-841-thread-1] INFO  server.RaftServerConfigKeys (ConfUtils.java:logGet(46)) - raft.server.log.statemachine.data.sync.timeout = 10s (default)
2022-10-09 13:09:07,776 [pool-841-thread-1] INFO  server.RaftServerConfigKeys (ConfUtils.java:logGet(46)) - raft.server.log.statemachine.data.sync.timeout.retry = -1 (default)
2022-10-09 13:09:07,778 [pool-841-thread-1] INFO  server.RaftServerConfigKeys (ConfUtils.java:logGet(46)) - raft.server.log.write.buffer.size = 1048576 (custom)
2022-10-09 13:09:07,780 [pool-841-thread-1] INFO  server.RaftServerConfigKeys (ConfUtils.java:logGet(46)) - raft.server.log.unsafe-flush.enabled = false (default)
2022-10-09 13:09:07,780 [pool-841-thread-1] INFO  server.RaftServerConfigKeys (ConfUtils.java:logGet(46)) - raft.server.log.statemachine.data.caching.enabled = true (custom)
2022-10-09 13:09:07,781 [pool-841-thread-1] INFO  segmented.SegmentedRaftLogWorker (SegmentedRaftLogWorker.java:lambda$new$0(135)) - a45a9974-6347-49ca-aefd-c703a3af3a84@group-7070257B7526-SegmentedRaftLogWorker: flushIndex: setUnconditionally 0 -> -1
2022-10-09 13:09:07,781 [pool-841-thread-1] INFO  segmented.SegmentedRaftLogWorker (SegmentedRaftLogWorker.java:lambda$new$0(135)) - a45a9974-6347-49ca-aefd-c703a3af3a84@group-7070257B7526-SegmentedRaftLogWorker: safeCacheEvictIndex: setUnconditionally 0 -> -1
2022-10-09 13:09:07,794 [pool-841-thread-1] INFO  server.RaftServerConfigKeys (ConfUtils.java:logGet(46)) - raft.server.snapshot.auto.trigger.enabled = true (custom)
2022-10-09 13:09:07,794 [pool-841-thread-1] INFO  server.RaftServerConfigKeys (ConfUtils.java:logGet(46)) - raft.server.snapshot.auto.trigger.threshold = 10000 (custom)
2022-10-09 13:09:07,794 [pool-841-thread-1] INFO  server.RaftServerConfigKeys (ConfUtils.java:logGet(46)) - raft.server.snapshot.retention.file.num = 5 (custom)
2022-10-09 13:09:07,794 [pool-841-thread-1] INFO  server.RaftServerConfigKeys (ConfUtils.java:logGet(46)) - raft.server.log.purge.upto.snapshot.index = false (default)
2022-10-09 13:09:07,794 [pool-841-thread-1] INFO  server.RaftServerConfigKeys (ConfUtils.java:logGet(46)) - raft.server.retrycache.expirytime = 600000ms (custom)
2022-10-09 13:09:07,794 [pool-841-thread-1] INFO  server.RaftServerConfigKeys (ConfUtils.java:logGet(46)) - raft.server.retrycache.statistics.expirytime = 100μs (default)
2022-10-09 13:09:07,795 [pool-841-thread-1] INFO  server.RaftServerConfigKeys (ConfUtils.java:logGet(46)) - raft.server.log.appender.install.snapshot.enabled = false (custom)
2022-10-09 13:09:07,795 [pool-841-thread-1] INFO  server.RaftServerConfigKeys (ConfUtils.java:logGet(46)) - raft.server.threadpool.server.cached = true (default)
2022-10-09 13:09:07,795 [pool-841-thread-1] INFO  server.RaftServerConfigKeys (ConfUtils.java:logGet(46)) - raft.server.threadpool.server.size = 0 (default)
2022-10-09 13:09:07,795 [pool-841-thread-1] INFO  server.RaftServerConfigKeys (ConfUtils.java:logGet(46)) - raft.server.threadpool.client.cached = true (default)
2022-10-09 13:09:07,795 [pool-841-thread-1] INFO  server.RaftServerConfigKeys (ConfUtils.java:logGet(46)) - raft.server.threadpool.client.size = 0 (default)
2022-10-09 13:09:07,796 [pool-841-thread-1] INFO  server.RaftServer$Division (RaftServerImpl.java:start(310)) - a45a9974-6347-49ca-aefd-c703a3af3a84@group-7070257B7526: start as a follower, conf=-1: [a45a9974-6347-49ca-aefd-c703a3af3a84|rpc:10.1.0.209:35151|priority:1], old=null
2022-10-09 13:09:07,796 [pool-841-thread-1] INFO  server.RaftServer$Division (RaftServerImpl.java:setRole(299)) - a45a9974-6347-49ca-aefd-c703a3af3a84@group-7070257B7526: changes role from      null to FOLLOWER at term 0 for startAsFollower
2022-10-09 13:09:07,796 [pool-841-thread-1] INFO  impl.RoleInfo (RoleInfo.java:updateAndGet(139)) - a45a9974-6347-49ca-aefd-c703a3af3a84: start a45a9974-6347-49ca-aefd-c703a3af3a84@group-7070257B7526-FollowerState
2022-10-09 13:09:07,888 [pool-841-thread-1] INFO  util.JmxRegister (JmxRegister.java:tryRegister(44)) - Successfully registered JMX Bean with object name Ratis:service=RaftServer,group=group-7070257B7526,id=a45a9974-6347-49ca-aefd-c703a3af3a84
2022-10-09 13:09:07,889 [Command processor thread] INFO  ratis.XceiverServerRatis (XceiverServerRatis.java:addGroup(765)) - Created group PipelineID=00e9a87d-9224-422c-a2cd-7070257b7526
2022-10-09 13:09:07,889 [Command processor thread] INFO  commandhandler.CreatePipelineCommandHandler (CreatePipelineCommandHandler.java:handle(113)) - Created Pipeline RATIS ONE PipelineID=00e9a87d-9224-422c-a2cd-7070257b7526.
2022-10-09 13:09:08,061 [Listener at 127.0.0.1/34869] INFO  ozone.MiniOzoneClusterImpl (MiniOzoneClusterImpl.java:lambda$waitForClusterToBeReady$0(216)) - Nodes are ready. Got 5 of 5 DN Heartbeats.
2022-10-09 13:09:08,062 [Listener at 127.0.0.1/34869] INFO  ozone.MiniOzoneClusterImpl (MiniOzoneClusterImpl.java:lambda$waitForClusterToBeReady$0(219)) - Waiting for cluster to exit safe mode
2022-10-09 13:09:08,062 [Listener at 127.0.0.1/34869] INFO  ozone.MiniOzoneClusterImpl (MiniOzoneClusterImpl.java:lambda$waitForClusterToBeReady$0(221)) - SCM became leader
2022-10-09 13:09:08,396 [Command processor thread] INFO  server.RaftServer (RaftServerProxy.java:addNew(96)) - 315315cf-59ad-45fd-8467-2fb2d1f09000: addNew group-81D28080EA6B:[315315cf-59ad-45fd-8467-2fb2d1f09000|rpc:10.1.0.209:43159|priority:1] returns group-81D28080EA6B:java.util.concurrent.CompletableFuture@198b93e7[Not completed]
2022-10-09 13:09:08,412 [pool-864-thread-1] INFO  server.RaftServer$Division (RaftServerImpl.java:<init>(190)) - 315315cf-59ad-45fd-8467-2fb2d1f09000: new RaftServerImpl for group-81D28080EA6B:[315315cf-59ad-45fd-8467-2fb2d1f09000|rpc:10.1.0.209:43159|priority:1] with ContainerStateMachine:uninitialized
2022-10-09 13:09:08,412 [pool-864-thread-1] INFO  server.RaftServerConfigKeys (ConfUtils.java:logGet(46)) - raft.server.rpc.timeout.min = 5s (custom)
2022-10-09 13:09:08,412 [pool-864-thread-1] INFO  server.RaftServerConfigKeys (ConfUtils.java:logGet(46)) - raft.server.rpc.timeout.max = 5200ms (custom)
2022-10-09 13:09:08,412 [pool-864-thread-1] INFO  server.RaftServerConfigKeys (ConfUtils.java:logGet(46)) - raft.server.rpc.sleep.time = 25ms (default)
2022-10-09 13:09:08,412 [pool-864-thread-1] INFO  server.RaftServerConfigKeys (ConfUtils.java:logGet(46)) - raft.server.rpc.slowness.timeout = 300s (custom)
2022-10-09 13:09:08,412 [pool-864-thread-1] INFO  server.RaftServerConfigKeys (ConfUtils.java:logGet(46)) - raft.server.leaderelection.leader.step-down.wait-time = 10s (default)
2022-10-09 13:09:08,412 [pool-864-thread-1] INFO  server.RaftServerConfigKeys (ConfUtils.java:logGet(46)) - raft.server.sleep.deviation.threshold = 300ms (default)
2022-10-09 13:09:08,412 [pool-864-thread-1] INFO  server.RaftServer$Division (ServerState.java:<init>(107)) - 315315cf-59ad-45fd-8467-2fb2d1f09000@group-81D28080EA6B: ConfigurationManager, init=-1: [315315cf-59ad-45fd-8467-2fb2d1f09000|rpc:10.1.0.209:43159|priority:1], old=null, confs=<EMPTY_MAP>
2022-10-09 13:09:08,412 [pool-864-thread-1] INFO  server.RaftServerConfigKeys (ConfUtils.java:logGet(46)) - raft.server.storage.dir = [/home/runner/work/ozone/ozone/hadoop-ozone/integration-test/target/test-dir/MiniOzoneClusterImpl-ae096de1-e798-4387-a84e-b49ba4bb805b/datanode-3/data/ratis] (custom)
2022-10-09 13:09:08,413 [pool-864-thread-1] INFO  server.RaftServerConfigKeys (ConfUtils.java:logGet(46)) - raft.server.log.corruption.policy = EXCEPTION (default)
2022-10-09 13:09:08,413 [pool-864-thread-1] INFO  server.RaftServerConfigKeys (ConfUtils.java:logGet(46)) - raft.server.storage.free-space.min = 0MB (=0) (default)
2022-10-09 13:09:08,413 [pool-864-thread-1] INFO  storage.RaftStorageDirectory (RaftStorageDirectoryImpl.java:analyzeStorage(135)) - The storage directory /home/runner/work/ozone/ozone/hadoop-ozone/integration-test/target/test-dir/MiniOzoneClusterImpl-ae096de1-e798-4387-a84e-b49ba4bb805b/datanode-3/data/ratis/5b2fb493-a973-426c-bbfc-81d28080ea6b does not exist. Creating ...
2022-10-09 13:09:08,421 [pool-864-thread-1] INFO  storage.RaftStorageDirectory (RaftStorageDirectoryImpl.java:tryLock(230)) - Lock on /home/runner/work/ozone/ozone/hadoop-ozone/integration-test/target/test-dir/MiniOzoneClusterImpl-ae096de1-e798-4387-a84e-b49ba4bb805b/datanode-3/data/ratis/5b2fb493-a973-426c-bbfc-81d28080ea6b/in_use.lock acquired by nodename 13094@fv-az212-628
2022-10-09 13:09:08,444 [pool-864-thread-1] INFO  storage.RaftStorage (RaftStorageImpl.java:format(89)) - Storage directory /home/runner/work/ozone/ozone/hadoop-ozone/integration-test/target/test-dir/MiniOzoneClusterImpl-ae096de1-e798-4387-a84e-b49ba4bb805b/datanode-3/data/ratis/5b2fb493-a973-426c-bbfc-81d28080ea6b has been successfully formatted.
2022-10-09 13:09:08,476 [EventQueue-PipelineReportForPipelineReportHandler] INFO  pipeline.PipelineManagerImpl (PipelineManagerImpl.java:openPipeline(367)) - Pipeline Pipeline[ Id: 5b2fb493-a973-426c-bbfc-81d28080ea6b, Nodes: 315315cf-59ad-45fd-8467-2fb2d1f09000{ip: 10.1.0.209, host: fv-az212-628.zlodpucb4l4udavnfxg5s20dva.cx.internal.cloudapp.net, ports: [REPLICATION=38157, RATIS=43159, RATIS_ADMIN=43159, RATIS_SERVER=43159, STANDALONE=34997], networkLocation: /default-rack, certSerialId: null, persistedOpState: IN_SERVICE, persistedOpStateExpiryEpochSec: 0}, ReplicationConfig: RATIS/ONE, State:ALLOCATED, leaderId:315315cf-59ad-45fd-8467-2fb2d1f09000, CreationTimestamp2022-10-09T13:09:05.393Z[Etc/UTC]] moved to OPEN state
2022-10-09 13:09:08,477 [EventQueue-OpenPipelineForHealthyPipelineSafeModeRule] INFO  safemode.SCMSafeModeManager (HealthyPipelineSafeModeRule.java:process(137)) - SCM in safe mode. Healthy pipelines reported count is 0, required healthy pipeline reported count is 1
2022-10-09 13:09:08,477 [pool-864-thread-1] INFO  ratis.ContainerStateMachine (ContainerStateMachine.java:loadSnapshot(236)) - group-81D28080EA6B: The snapshot info is null. Setting the last applied indexto:(t:0, i:~)
2022-10-09 13:09:08,477 [pool-864-thread-1] INFO  server.RaftServerConfigKeys (ConfUtils.java:logGet(46)) - raft.server.notification.no-leader.timeout = 300s (custom)
2022-10-09 13:09:08,477 [pool-864-thread-1] INFO  server.RaftServerConfigKeys (ConfUtils.java:logGet(46)) - raft.server.log.use.memory = false (default)
2022-10-09 13:09:08,477 [pool-864-thread-1] INFO  server.RaftServerConfigKeys (ConfUtils.java:logGet(46)) - raft.server.log.purge.gap = 1000000 (custom)
2022-10-09 13:09:08,477 [pool-864-thread-1] INFO  server.RaftServerConfigKeys (ConfUtils.java:logGet(46)) - raft.server.log.appender.buffer.byte-limit = 33554432 (custom)
2022-10-09 13:09:08,477 [pool-864-thread-1] INFO  server.RaftServerConfigKeys (ConfUtils.java:logGet(46)) - raft.server.log.statemachine.data.read.timeout = 1000ms (default)
2022-10-09 13:09:08,477 [pool-864-thread-1] INFO  server.RaftServerConfigKeys (ConfUtils.java:logGet(46)) - raft.server.log.segment.size.max = 1048576 (custom)
2022-10-09 13:09:08,478 [pool-864-thread-1] INFO  server.RaftServerConfigKeys (ConfUtils.java:logGet(46)) - raft.server.log.segment.cache.num.max = 2 (custom)
2022-10-09 13:09:08,478 [pool-864-thread-1] INFO  server.RaftServerConfigKeys (ConfUtils.java:logGet(46)) - raft.server.log.segment.cache.size.max = 200MB (=209715200) (default)
2022-10-09 13:09:08,478 [pool-864-thread-1] INFO  segmented.SegmentedRaftLogWorker (SegmentedRaftLogWorker.java:<init>(187)) - new 315315cf-59ad-45fd-8467-2fb2d1f09000@group-81D28080EA6B-SegmentedRaftLogWorker for RaftStorageImpl:Storage Directory /home/runner/work/ozone/ozone/hadoop-ozone/integration-test/target/test-dir/MiniOzoneClusterImpl-ae096de1-e798-4387-a84e-b49ba4bb805b/datanode-3/data/ratis/5b2fb493-a973-426c-bbfc-81d28080ea6b
2022-10-09 13:09:08,478 [pool-864-thread-1] INFO  server.RaftServerConfigKeys (ConfUtils.java:logGet(46)) - raft.server.log.queue.byte-limit = 4294967296 (custom)
2022-10-09 13:09:08,478 [pool-864-thread-1] INFO  server.RaftServerConfigKeys (ConfUtils.java:logGet(46)) - raft.server.log.queue.element-limit = 1024 (custom)
2022-10-09 13:09:08,478 [pool-864-thread-1] INFO  server.RaftServerConfigKeys (ConfUtils.java:logGet(46)) - raft.server.log.segment.size.max = 1048576 (custom)
2022-10-09 13:09:08,478 [pool-864-thread-1] INFO  server.RaftServerConfigKeys (ConfUtils.java:logGet(46)) - raft.server.log.preallocated.size = 16384 (custom)
2022-10-09 13:09:08,478 [pool-864-thread-1] INFO  server.RaftServerConfigKeys (ConfUtils.java:logGet(46)) - raft.server.log.force.sync.num = 128 (default)
2022-10-09 13:09:08,478 [pool-864-thread-1] INFO  server.RaftServerConfigKeys (ConfUtils.java:logGet(46)) - raft.server.log.statemachine.data.sync = true (default)
2022-10-09 13:09:08,478 [pool-864-thread-1] INFO  server.RaftServerConfigKeys (ConfUtils.java:logGet(46)) - raft.server.log.statemachine.data.sync.timeout = 10s (default)
2022-10-09 13:09:08,478 [pool-864-thread-1] INFO  server.RaftServerConfigKeys (ConfUtils.java:logGet(46)) - raft.server.log.statemachine.data.sync.timeout.retry = -1 (default)
2022-10-09 13:09:08,479 [pool-864-thread-1] INFO  server.RaftServerConfigKeys (ConfUtils.java:logGet(46)) - raft.server.log.write.buffer.size = 1048576 (custom)
2022-10-09 13:09:08,489 [pool-864-thread-1] INFO  server.RaftServerConfigKeys (ConfUtils.java:logGet(46)) - raft.server.log.unsafe-flush.enabled = false (default)
2022-10-09 13:09:08,489 [pool-864-thread-1] INFO  server.RaftServerConfigKeys (ConfUtils.java:logGet(46)) - raft.server.log.statemachine.data.caching.enabled = true (custom)
2022-10-09 13:09:08,493 [pool-864-thread-1] INFO  segmented.SegmentedRaftLogWorker (SegmentedRaftLogWorker.java:lambda$new$0(135)) - 315315cf-59ad-45fd-8467-2fb2d1f09000@group-81D28080EA6B-SegmentedRaftLogWorker: flushIndex: setUnconditionally 0 -> -1
2022-10-09 13:09:08,493 [pool-864-thread-1] INFO  segmented.SegmentedRaftLogWorker (SegmentedRaftLogWorker.java:lambda$new$0(135)) - 315315cf-59ad-45fd-8467-2fb2d1f09000@group-81D28080EA6B-SegmentedRaftLogWorker: safeCacheEvictIndex: setUnconditionally 0 -> -1
2022-10-09 13:09:08,495 [pool-864-thread-1] INFO  server.RaftServerConfigKeys (ConfUtils.java:logGet(46)) - raft.server.snapshot.auto.trigger.enabled = true (custom)
2022-10-09 13:09:08,495 [pool-864-thread-1] INFO  server.RaftServerConfigKeys (ConfUtils.java:logGet(46)) - raft.server.snapshot.auto.trigger.threshold = 10000 (custom)
2022-10-09 13:09:08,495 [pool-864-thread-1] INFO  server.RaftServerConfigKeys (ConfUtils.java:logGet(46)) - raft.server.snapshot.retention.file.num = 5 (custom)
2022-10-09 13:09:08,495 [pool-864-thread-1] INFO  server.RaftServerConfigKeys (ConfUtils.java:logGet(46)) - raft.server.log.purge.upto.snapshot.index = false (default)
2022-10-09 13:09:08,495 [pool-864-thread-1] INFO  server.RaftServerConfigKeys (ConfUtils.java:logGet(46)) - raft.server.retrycache.expirytime = 600000ms (custom)
2022-10-09 13:09:08,495 [pool-864-thread-1] INFO  server.RaftServerConfigKeys (ConfUtils.java:logGet(46)) - raft.server.retrycache.statistics.expirytime = 100μs (default)
2022-10-09 13:09:08,498 [pool-864-thread-1] INFO  server.RaftServerConfigKeys (ConfUtils.java:logGet(46)) - raft.server.log.appender.install.snapshot.enabled = false (custom)
2022-10-09 13:09:08,498 [pool-864-thread-1] INFO  server.RaftServerConfigKeys (ConfUtils.java:logGet(46)) - raft.server.threadpool.server.cached = true (default)
2022-10-09 13:09:08,498 [pool-864-thread-1] INFO  server.RaftServerConfigKeys (ConfUtils.java:logGet(46)) - raft.server.threadpool.server.size = 0 (default)
2022-10-09 13:09:08,498 [pool-864-thread-1] INFO  server.RaftServerConfigKeys (ConfUtils.java:logGet(46)) - raft.server.threadpool.client.cached = true (default)
2022-10-09 13:09:08,498 [pool-864-thread-1] INFO  server.RaftServerConfigKeys (ConfUtils.java:logGet(46)) - raft.server.threadpool.client.size = 0 (default)
2022-10-09 13:09:08,498 [pool-864-thread-1] INFO  server.RaftServer$Division (RaftServerImpl.java:start(310)) - 315315cf-59ad-45fd-8467-2fb2d1f09000@group-81D28080EA6B: start as a follower, conf=-1: [315315cf-59ad-45fd-8467-2fb2d1f09000|rpc:10.1.0.209:43159|priority:1], old=null
2022-10-09 13:09:08,500 [pool-864-thread-1] INFO  server.RaftServer$Division (RaftServerImpl.java:setRole(299)) - 315315cf-59ad-45fd-8467-2fb2d1f09000@group-81D28080EA6B: changes role from      null to FOLLOWER at term 0 for startAsFollower
2022-10-09 13:09:08,500 [pool-864-thread-1] INFO  impl.RoleInfo (RoleInfo.java:updateAndGet(139)) - 315315cf-59ad-45fd-8467-2fb2d1f09000: start 315315cf-59ad-45fd-8467-2fb2d1f09000@group-81D28080EA6B-FollowerState
2022-10-09 13:09:08,512 [pool-864-thread-1] INFO  util.JmxRegister (JmxRegister.java:tryRegister(44)) - Successfully registered JMX Bean with object name Ratis:service=RaftServer,group=group-81D28080EA6B,id=315315cf-59ad-45fd-8467-2fb2d1f09000
2022-10-09 13:09:08,514 [Command processor thread] INFO  ratis.XceiverServerRatis (XceiverServerRatis.java:addGroup(765)) - Created group PipelineID=5b2fb493-a973-426c-bbfc-81d28080ea6b
2022-10-09 13:09:08,514 [Command processor thread] INFO  commandhandler.CreatePipelineCommandHandler (CreatePipelineCommandHandler.java:handle(113)) - Created Pipeline RATIS ONE PipelineID=5b2fb493-a973-426c-bbfc-81d28080ea6b.
2022-10-09 13:09:09,062 [Listener at 127.0.0.1/34869] INFO  ozone.MiniOzoneClusterImpl (MiniOzoneClusterImpl.java:lambda$waitForClusterToBeReady$0(216)) - Nodes are ready. Got 5 of 5 DN Heartbeats.
2022-10-09 13:09:09,062 [Listener at 127.0.0.1/34869] INFO  ozone.MiniOzoneClusterImpl (MiniOzoneClusterImpl.java:lambda$waitForClusterToBeReady$0(219)) - Waiting for cluster to exit safe mode
2022-10-09 13:09:09,062 [Listener at 127.0.0.1/34869] INFO  ozone.MiniOzoneClusterImpl (MiniOzoneClusterImpl.java:lambda$waitForClusterToBeReady$0(221)) - SCM became leader
2022-10-09 13:09:10,066 [Listener at 127.0.0.1/34869] INFO  ozone.MiniOzoneClusterImpl (MiniOzoneClusterImpl.java:lambda$waitForClusterToBeReady$0(216)) - Nodes are ready. Got 5 of 5 DN Heartbeats.
2022-10-09 13:09:10,066 [Listener at 127.0.0.1/34869] INFO  ozone.MiniOzoneClusterImpl (MiniOzoneClusterImpl.java:lambda$waitForClusterToBeReady$0(219)) - Waiting for cluster to exit safe mode
2022-10-09 13:09:10,066 [Listener at 127.0.0.1/34869] INFO  ozone.MiniOzoneClusterImpl (MiniOzoneClusterImpl.java:lambda$waitForClusterToBeReady$0(221)) - SCM became leader
2022-10-09 13:09:10,097 [Command processor thread] INFO  server.RaftServer (RaftServerProxy.java:addNew(96)) - acb33dc2-f09b-4244-82bd-fd30ea1545c9: addNew group-71F32C3D27A7:[acb33dc2-f09b-4244-82bd-fd30ea1545c9|rpc:10.1.0.209:46425|priority:1] returns group-71F32C3D27A7:java.util.concurrent.CompletableFuture@517b4333[Not completed]
2022-10-09 13:09:10,104 [pool-887-thread-1] INFO  server.RaftServer$Division (RaftServerImpl.java:<init>(190)) - acb33dc2-f09b-4244-82bd-fd30ea1545c9: new RaftServerImpl for group-71F32C3D27A7:[acb33dc2-f09b-4244-82bd-fd30ea1545c9|rpc:10.1.0.209:46425|priority:1] with ContainerStateMachine:uninitialized
2022-10-09 13:09:10,104 [pool-887-thread-1] INFO  server.RaftServerConfigKeys (ConfUtils.java:logGet(46)) - raft.server.rpc.timeout.min = 5s (custom)
2022-10-09 13:09:10,104 [pool-887-thread-1] INFO  server.RaftServerConfigKeys (ConfUtils.java:logGet(46)) - raft.server.rpc.timeout.max = 5200ms (custom)
2022-10-09 13:09:10,104 [pool-887-thread-1] INFO  server.RaftServerConfigKeys (ConfUtils.java:logGet(46)) - raft.server.rpc.sleep.time = 25ms (default)
2022-10-09 13:09:10,104 [pool-887-thread-1] INFO  server.RaftServerConfigKeys (ConfUtils.java:logGet(46)) - raft.server.rpc.slowness.timeout = 300s (custom)
2022-10-09 13:09:10,104 [pool-887-thread-1] INFO  server.RaftServerConfigKeys (ConfUtils.java:logGet(46)) - raft.server.leaderelection.leader.step-down.wait-time = 10s (default)
2022-10-09 13:09:10,104 [pool-887-thread-1] INFO  server.RaftServerConfigKeys (ConfUtils.java:logGet(46)) - raft.server.sleep.deviation.threshold = 300ms (default)
2022-10-09 13:09:10,107 [pool-887-thread-1] INFO  server.RaftServer$Division (ServerState.java:<init>(107)) - acb33dc2-f09b-4244-82bd-fd30ea1545c9@group-71F32C3D27A7: ConfigurationManager, init=-1: [acb33dc2-f09b-4244-82bd-fd30ea1545c9|rpc:10.1.0.209:46425|priority:1], old=null, confs=<EMPTY_MAP>
2022-10-09 13:09:10,107 [pool-887-thread-1] INFO  server.RaftServerConfigKeys (ConfUtils.java:logGet(46)) - raft.server.storage.dir = [/home/runner/work/ozone/ozone/hadoop-ozone/integration-test/target/test-dir/MiniOzoneClusterImpl-ae096de1-e798-4387-a84e-b49ba4bb805b/datanode-4/data/ratis] (custom)
2022-10-09 13:09:10,107 [pool-887-thread-1] INFO  server.RaftServerConfigKeys (ConfUtils.java:logGet(46)) - raft.server.log.corruption.policy = EXCEPTION (default)
2022-10-09 13:09:10,107 [pool-887-thread-1] INFO  server.RaftServerConfigKeys (ConfUtils.java:logGet(46)) - raft.server.storage.free-space.min = 0MB (=0) (default)
2022-10-09 13:09:10,107 [pool-887-thread-1] INFO  storage.RaftStorageDirectory (RaftStorageDirectoryImpl.java:analyzeStorage(135)) - The storage directory /home/runner/work/ozone/ozone/hadoop-ozone/integration-test/target/test-dir/MiniOzoneClusterImpl-ae096de1-e798-4387-a84e-b49ba4bb805b/datanode-4/data/ratis/981b77d7-f487-456a-9134-71f32c3d27a7 does not exist. Creating ...
2022-10-09 13:09:10,115 [pool-887-thread-1] INFO  storage.RaftStorageDirectory (RaftStorageDirectoryImpl.java:tryLock(230)) - Lock on /home/runner/work/ozone/ozone/hadoop-ozone/integration-test/target/test-dir/MiniOzoneClusterImpl-ae096de1-e798-4387-a84e-b49ba4bb805b/datanode-4/data/ratis/981b77d7-f487-456a-9134-71f32c3d27a7/in_use.lock acquired by nodename 13094@fv-az212-628
2022-10-09 13:09:10,117 [pool-887-thread-1] INFO  storage.RaftStorage (RaftStorageImpl.java:format(89)) - Storage directory /home/runner/work/ozone/ozone/hadoop-ozone/integration-test/target/test-dir/MiniOzoneClusterImpl-ae096de1-e798-4387-a84e-b49ba4bb805b/datanode-4/data/ratis/981b77d7-f487-456a-9134-71f32c3d27a7 has been successfully formatted.
2022-10-09 13:09:10,143 [pool-887-thread-1] INFO  ratis.ContainerStateMachine (ContainerStateMachine.java:loadSnapshot(236)) - group-71F32C3D27A7: The snapshot info is null. Setting the last applied indexto:(t:0, i:~)
2022-10-09 13:09:10,144 [pool-887-thread-1] INFO  server.RaftServerConfigKeys (ConfUtils.java:logGet(46)) - raft.server.notification.no-leader.timeout = 300s (custom)
2022-10-09 13:09:10,144 [pool-887-thread-1] INFO  server.RaftServerConfigKeys (ConfUtils.java:logGet(46)) - raft.server.log.use.memory = false (default)
2022-10-09 13:09:10,144 [pool-887-thread-1] INFO  server.RaftServerConfigKeys (ConfUtils.java:logGet(46)) - raft.server.log.purge.gap = 1000000 (custom)
2022-10-09 13:09:10,144 [pool-887-thread-1] INFO  server.RaftServerConfigKeys (ConfUtils.java:logGet(46)) - raft.server.log.appender.buffer.byte-limit = 33554432 (custom)
2022-10-09 13:09:10,144 [pool-887-thread-1] INFO  server.RaftServerConfigKeys (ConfUtils.java:logGet(46)) - raft.server.log.statemachine.data.read.timeout = 1000ms (default)
2022-10-09 13:09:10,144 [pool-887-thread-1] INFO  server.RaftServerConfigKeys (ConfUtils.java:logGet(46)) - raft.server.log.segment.size.max = 1048576 (custom)
2022-10-09 13:09:10,144 [pool-887-thread-1] INFO  server.RaftServerConfigKeys (ConfUtils.java:logGet(46)) - raft.server.log.segment.cache.num.max = 2 (custom)
2022-10-09 13:09:10,144 [pool-887-thread-1] INFO  server.RaftServerConfigKeys (ConfUtils.java:logGet(46)) - raft.server.log.segment.cache.size.max = 200MB (=209715200) (default)
2022-10-09 13:09:10,145 [pool-887-thread-1] INFO  segmented.SegmentedRaftLogWorker (SegmentedRaftLogWorker.java:<init>(187)) - new acb33dc2-f09b-4244-82bd-fd30ea1545c9@group-71F32C3D27A7-SegmentedRaftLogWorker for RaftStorageImpl:Storage Directory /home/runner/work/ozone/ozone/hadoop-ozone/integration-test/target/test-dir/MiniOzoneClusterImpl-ae096de1-e798-4387-a84e-b49ba4bb805b/datanode-4/data/ratis/981b77d7-f487-456a-9134-71f32c3d27a7
2022-10-09 13:09:10,145 [pool-887-thread-1] INFO  server.RaftServerConfigKeys (ConfUtils.java:logGet(46)) - raft.server.log.queue.byte-limit = 4294967296 (custom)
2022-10-09 13:09:10,145 [pool-887-thread-1] INFO  server.RaftServerConfigKeys (ConfUtils.java:logGet(46)) - raft.server.log.queue.element-limit = 1024 (custom)
2022-10-09 13:09:10,145 [pool-887-thread-1] INFO  server.RaftServerConfigKeys (ConfUtils.java:logGet(46)) - raft.server.log.segment.size.max = 1048576 (custom)
2022-10-09 13:09:10,145 [pool-887-thread-1] INFO  server.RaftServerConfigKeys (ConfUtils.java:logGet(46)) - raft.server.log.preallocated.size = 16384 (custom)
2022-10-09 13:09:10,145 [pool-887-thread-1] INFO  server.RaftServerConfigKeys (ConfUtils.java:logGet(46)) - raft.server.log.force.sync.num = 128 (default)
2022-10-09 13:09:10,145 [pool-887-thread-1] INFO  server.RaftServerConfigKeys (ConfUtils.java:logGet(46)) - raft.server.log.statemachine.data.sync = true (default)
2022-10-09 13:09:10,145 [pool-887-thread-1] INFO  server.RaftServerConfigKeys (ConfUtils.java:logGet(46)) - raft.server.log.statemachine.data.sync.timeout = 10s (default)
2022-10-09 13:09:10,145 [pool-887-thread-1] INFO  server.RaftServerConfigKeys (ConfUtils.java:logGet(46)) - raft.server.log.statemachine.data.sync.timeout.retry = -1 (default)
2022-10-09 13:09:10,163 [pool-887-thread-1] INFO  server.RaftServerConfigKeys (ConfUtils.java:logGet(46)) - raft.server.log.write.buffer.size = 1048576 (custom)
2022-10-09 13:09:10,163 [pool-887-thread-1] INFO  server.RaftServerConfigKeys (ConfUtils.java:logGet(46)) - raft.server.log.unsafe-flush.enabled = false (default)
2022-10-09 13:09:10,164 [pool-887-thread-1] INFO  server.RaftServerConfigKeys (ConfUtils.java:logGet(46)) - raft.server.log.statemachine.data.caching.enabled = true (custom)
2022-10-09 13:09:10,164 [pool-887-thread-1] INFO  segmented.SegmentedRaftLogWorker (SegmentedRaftLogWorker.java:lambda$new$0(135)) - acb33dc2-f09b-4244-82bd-fd30ea1545c9@group-71F32C3D27A7-SegmentedRaftLogWorker: flushIndex: setUnconditionally 0 -> -1
2022-10-09 13:09:10,164 [pool-887-thread-1] INFO  segmented.SegmentedRaftLogWorker (SegmentedRaftLogWorker.java:lambda$new$0(135)) - acb33dc2-f09b-4244-82bd-fd30ea1545c9@group-71F32C3D27A7-SegmentedRaftLogWorker: safeCacheEvictIndex: setUnconditionally 0 -> -1
2022-10-09 13:09:10,172 [EventQueue-PipelineReportForPipelineReportHandler] INFO  pipeline.PipelineManagerImpl (PipelineManagerImpl.java:openPipeline(367)) - Pipeline Pipeline[ Id: 981b77d7-f487-456a-9134-71f32c3d27a7, Nodes: acb33dc2-f09b-4244-82bd-fd30ea1545c9{ip: 10.1.0.209, host: fv-az212-628.zlodpucb4l4udavnfxg5s20dva.cx.internal.cloudapp.net, ports: [REPLICATION=43319, RATIS=46425, RATIS_ADMIN=46425, RATIS_SERVER=46425, STANDALONE=42919], networkLocation: /default-rack, certSerialId: null, persistedOpState: IN_SERVICE, persistedOpStateExpiryEpochSec: 0}, ReplicationConfig: RATIS/ONE, State:ALLOCATED, leaderId:acb33dc2-f09b-4244-82bd-fd30ea1545c9, CreationTimestamp2022-10-09T13:09:07.095Z[Etc/UTC]] moved to OPEN state
2022-10-09 13:09:10,172 [EventQueue-OpenPipelineForHealthyPipelineSafeModeRule] INFO  safemode.SCMSafeModeManager (HealthyPipelineSafeModeRule.java:process(137)) - SCM in safe mode. Healthy pipelines reported count is 0, required healthy pipeline reported count is 1
2022-10-09 13:09:10,172 [pool-887-thread-1] INFO  server.RaftServerConfigKeys (ConfUtils.java:logGet(46)) - raft.server.snapshot.auto.trigger.enabled = true (custom)
2022-10-09 13:09:10,172 [pool-887-thread-1] INFO  server.RaftServerConfigKeys (ConfUtils.java:logGet(46)) - raft.server.snapshot.auto.trigger.threshold = 10000 (custom)
2022-10-09 13:09:10,172 [pool-887-thread-1] INFO  server.RaftServerConfigKeys (ConfUtils.java:logGet(46)) - raft.server.snapshot.retention.file.num = 5 (custom)
2022-10-09 13:09:10,172 [pool-887-thread-1] INFO  server.RaftServerConfigKeys (ConfUtils.java:logGet(46)) - raft.server.log.purge.upto.snapshot.index = false (default)
2022-10-09 13:09:10,173 [pool-887-thread-1] INFO  server.RaftServerConfigKeys (ConfUtils.java:logGet(46)) - raft.server.retrycache.expirytime = 600000ms (custom)
2022-10-09 13:09:10,173 [pool-887-thread-1] INFO  server.RaftServerConfigKeys (ConfUtils.java:logGet(46)) - raft.server.retrycache.statistics.expirytime = 100μs (default)
2022-10-09 13:09:10,174 [pool-887-thread-1] INFO  server.RaftServerConfigKeys (ConfUtils.java:logGet(46)) - raft.server.log.appender.install.snapshot.enabled = false (custom)
2022-10-09 13:09:10,174 [pool-887-thread-1] INFO  server.RaftServerConfigKeys (ConfUtils.java:logGet(46)) - raft.server.threadpool.server.cached = true (default)
2022-10-09 13:09:10,174 [pool-887-thread-1] INFO  server.RaftServerConfigKeys (ConfUtils.java:logGet(46)) - raft.server.threadpool.server.size = 0 (default)
2022-10-09 13:09:10,174 [pool-887-thread-1] INFO  server.RaftServerConfigKeys (ConfUtils.java:logGet(46)) - raft.server.threadpool.client.cached = true (default)
2022-10-09 13:09:10,174 [pool-887-thread-1] INFO  server.RaftServerConfigKeys (ConfUtils.java:logGet(46)) - raft.server.threadpool.client.size = 0 (default)
2022-10-09 13:09:10,174 [pool-887-thread-1] INFO  server.RaftServer$Division (RaftServerImpl.java:start(310)) - acb33dc2-f09b-4244-82bd-fd30ea1545c9@group-71F32C3D27A7: start as a follower, conf=-1: [acb33dc2-f09b-4244-82bd-fd30ea1545c9|rpc:10.1.0.209:46425|priority:1], old=null
2022-10-09 13:09:10,174 [pool-887-thread-1] INFO  server.RaftServer$Division (RaftServerImpl.java:setRole(299)) - acb33dc2-f09b-4244-82bd-fd30ea1545c9@group-71F32C3D27A7: changes role from      null to FOLLOWER at term 0 for startAsFollower
2022-10-09 13:09:10,174 [pool-887-thread-1] INFO  impl.RoleInfo (RoleInfo.java:updateAndGet(139)) - acb33dc2-f09b-4244-82bd-fd30ea1545c9: start acb33dc2-f09b-4244-82bd-fd30ea1545c9@group-71F32C3D27A7-FollowerState
2022-10-09 13:09:10,180 [pool-887-thread-1] INFO  util.JmxRegister (JmxRegister.java:tryRegister(44)) - Successfully registered JMX Bean with object name Ratis:service=RaftServer,group=group-71F32C3D27A7,id=acb33dc2-f09b-4244-82bd-fd30ea1545c9
2022-10-09 13:09:10,184 [Command processor thread] INFO  ratis.XceiverServerRatis (XceiverServerRatis.java:addGroup(765)) - Created group PipelineID=981b77d7-f487-456a-9134-71f32c3d27a7
2022-10-09 13:09:10,184 [Command processor thread] INFO  commandhandler.CreatePipelineCommandHandler (CreatePipelineCommandHandler.java:handle(113)) - Created Pipeline RATIS ONE PipelineID=981b77d7-f487-456a-9134-71f32c3d27a7.
2022-10-09 13:09:11,066 [Listener at 127.0.0.1/34869] INFO  ozone.MiniOzoneClusterImpl (MiniOzoneClusterImpl.java:lambda$waitForClusterToBeReady$0(216)) - Nodes are ready. Got 5 of 5 DN Heartbeats.
2022-10-09 13:09:11,066 [Listener at 127.0.0.1/34869] INFO  ozone.MiniOzoneClusterImpl (MiniOzoneClusterImpl.java:lambda$waitForClusterToBeReady$0(219)) - Waiting for cluster to exit safe mode
2022-10-09 13:09:11,066 [Listener at 127.0.0.1/34869] INFO  ozone.MiniOzoneClusterImpl (MiniOzoneClusterImpl.java:lambda$waitForClusterToBeReady$0(221)) - SCM became leader
2022-10-09 13:09:11,906 [50de1ab3-18a1-452d-b023-0fe1bea95e64@group-61AA8B057572-FollowerState] INFO  impl.FollowerState (FollowerState.java:run(143)) - 50de1ab3-18a1-452d-b023-0fe1bea95e64@group-61AA8B057572-FollowerState: change to CANDIDATE, lastRpcElapsedTime:5097323697ns, electionTimeout:5059ms
2022-10-09 13:09:11,906 [50de1ab3-18a1-452d-b023-0fe1bea95e64@group-61AA8B057572-FollowerState] INFO  impl.RoleInfo (RoleInfo.java:shutdownFollowerState(110)) - 50de1ab3-18a1-452d-b023-0fe1bea95e64: shutdown 50de1ab3-18a1-452d-b023-0fe1bea95e64@group-61AA8B057572-FollowerState
2022-10-09 13:09:11,906 [50de1ab3-18a1-452d-b023-0fe1bea95e64@group-61AA8B057572-FollowerState] INFO  server.RaftServer$Division (RaftServerImpl.java:setRole(299)) - 50de1ab3-18a1-452d-b023-0fe1bea95e64@group-61AA8B057572: changes role from  FOLLOWER to CANDIDATE at term 0 for changeToCandidate
2022-10-09 13:09:11,906 [50de1ab3-18a1-452d-b023-0fe1bea95e64@group-61AA8B057572-FollowerState] INFO  server.RaftServerConfigKeys (ConfUtils.java:logGet(46)) - raft.server.leaderelection.pre-vote = false (custom)
2022-10-09 13:09:11,906 [50de1ab3-18a1-452d-b023-0fe1bea95e64@group-61AA8B057572-FollowerState] INFO  impl.RoleInfo (RoleInfo.java:updateAndGet(139)) - 50de1ab3-18a1-452d-b023-0fe1bea95e64: start 50de1ab3-18a1-452d-b023-0fe1bea95e64@group-61AA8B057572-LeaderElection52
2022-10-09 13:09:11,918 [50de1ab3-18a1-452d-b023-0fe1bea95e64@group-01B6C545D066-FollowerState] INFO  impl.FollowerState (FollowerState.java:run(143)) - 50de1ab3-18a1-452d-b023-0fe1bea95e64@group-01B6C545D066-FollowerState: change to CANDIDATE, lastRpcElapsedTime:5168169409ns, electionTimeout:5154ms
2022-10-09 13:09:11,918 [50de1ab3-18a1-452d-b023-0fe1bea95e64@group-01B6C545D066-FollowerState] INFO  impl.RoleInfo (RoleInfo.java:shutdownFollowerState(110)) - 50de1ab3-18a1-452d-b023-0fe1bea95e64: shutdown 50de1ab3-18a1-452d-b023-0fe1bea95e64@group-01B6C545D066-FollowerState
2022-10-09 13:09:11,918 [50de1ab3-18a1-452d-b023-0fe1bea95e64@group-01B6C545D066-FollowerState] INFO  server.RaftServer$Division (RaftServerImpl.java:setRole(299)) - 50de1ab3-18a1-452d-b023-0fe1bea95e64@group-01B6C545D066: changes role from  FOLLOWER to CANDIDATE at term 0 for changeToCandidate
2022-10-09 13:09:11,918 [50de1ab3-18a1-452d-b023-0fe1bea95e64@group-01B6C545D066-FollowerState] INFO  server.RaftServerConfigKeys (ConfUtils.java:logGet(46)) - raft.server.leaderelection.pre-vote = false (custom)
2022-10-09 13:09:11,918 [50de1ab3-18a1-452d-b023-0fe1bea95e64@group-01B6C545D066-FollowerState] INFO  impl.RoleInfo (RoleInfo.java:updateAndGet(139)) - 50de1ab3-18a1-452d-b023-0fe1bea95e64: start 50de1ab3-18a1-452d-b023-0fe1bea95e64@group-01B6C545D066-LeaderElection53
2022-10-09 13:09:11,947 [50de1ab3-18a1-452d-b023-0fe1bea95e64@group-01B6C545D066-LeaderElection53] INFO  impl.LeaderElection (LeaderElection.java:askForVotes(310)) - 50de1ab3-18a1-452d-b023-0fe1bea95e64@group-01B6C545D066-LeaderElection53 ELECTION round 0: submit vote requests at term 1 for -1: [50de1ab3-18a1-452d-b023-0fe1bea95e64|rpc:10.1.0.209:33457|priority:1], old=null
2022-10-09 13:09:11,948 [50de1ab3-18a1-452d-b023-0fe1bea95e64@group-01B6C545D066-LeaderElection53] INFO  impl.LeaderElection (LeaderElection.java:askForVotes(312)) - 50de1ab3-18a1-452d-b023-0fe1bea95e64@group-01B6C545D066-LeaderElection53 ELECTION round 0: result PASSED (term=1)
2022-10-09 13:09:11,948 [50de1ab3-18a1-452d-b023-0fe1bea95e64@group-01B6C545D066-LeaderElection53] INFO  impl.RoleInfo (RoleInfo.java:shutdownLeaderElection(130)) - 50de1ab3-18a1-452d-b023-0fe1bea95e64: shutdown 50de1ab3-18a1-452d-b023-0fe1bea95e64@group-01B6C545D066-LeaderElection53
2022-10-09 13:09:11,948 [50de1ab3-18a1-452d-b023-0fe1bea95e64@group-01B6C545D066-LeaderElection53] INFO  server.RaftServer$Division (RaftServerImpl.java:setRole(299)) - 50de1ab3-18a1-452d-b023-0fe1bea95e64@group-01B6C545D066: changes role from CANDIDATE to LEADER at term 1 for changeToLeader
2022-10-09 13:09:11,948 [50de1ab3-18a1-452d-b023-0fe1bea95e64@group-01B6C545D066-LeaderElection53] INFO  ratis.XceiverServerRatis (XceiverServerRatis.java:handleLeaderChangedNotification(863)) - Leader change notification received for group: group-01B6C545D066 with new leaderId: 50de1ab3-18a1-452d-b023-0fe1bea95e64
2022-10-09 13:09:11,949 [50de1ab3-18a1-452d-b023-0fe1bea95e64@group-61AA8B057572-LeaderElection52] INFO  impl.LeaderElection (LeaderElection.java:askForVotes(310)) - 50de1ab3-18a1-452d-b023-0fe1bea95e64@group-61AA8B057572-LeaderElection52 ELECTION round 0: submit vote requests at term 1 for -1: [50de1ab3-18a1-452d-b023-0fe1bea95e64|rpc:10.1.0.209:33457|priority:0, a45a9974-6347-49ca-aefd-c703a3af3a84|rpc:10.1.0.209:35151|priority:1, 63d7508a-aae7-47e5-91de-7b918a2106c8|rpc:10.1.0.209:34509|priority:0], old=null
2022-10-09 13:09:11,951 [50de1ab3-18a1-452d-b023-0fe1bea95e64@group-01B6C545D066-LeaderElection53] INFO  server.RaftServer$Division (ServerState.java:setLeader(287)) - 50de1ab3-18a1-452d-b023-0fe1bea95e64@group-01B6C545D066: change Leader from null to 50de1ab3-18a1-452d-b023-0fe1bea95e64 at term 1 for becomeLeader, leader elected after 5214ms
2022-10-09 13:09:11,952 [50de1ab3-18a1-452d-b023-0fe1bea95e64@group-01B6C545D066-LeaderElection53] INFO  server.RaftServerConfigKeys (ConfUtils.java:logGet(46)) - raft.server.staging.catchup.gap = 1000 (default)
2022-10-09 13:09:11,963 [50de1ab3-18a1-452d-b023-0fe1bea95e64@group-01B6C545D066-LeaderElection53] INFO  server.RaftServerConfigKeys (ConfUtils.java:logGet(46)) - raft.server.write.element-limit = 1024 (custom)
2022-10-09 13:09:11,963 [50de1ab3-18a1-452d-b023-0fe1bea95e64@group-01B6C545D066-LeaderElection53] INFO  server.RaftServerConfigKeys (ConfUtils.java:logGet(46)) - raft.server.write.byte-limit = 1024 M (=1073741824) (custom)
2022-10-09 13:09:11,963 [50de1ab3-18a1-452d-b023-0fe1bea95e64@group-01B6C545D066-LeaderElection53] INFO  server.RaftServerConfigKeys (ConfUtils.java:logGet(46)) - raft.server.watch.timeout = 180s (custom)
2022-10-09 13:09:11,964 [50de1ab3-18a1-452d-b023-0fe1bea95e64@group-01B6C545D066-LeaderElection53] INFO  server.RaftServerConfigKeys (ConfUtils.java:logGet(46)) - raft.server.watch.timeout.denomination = 1s (default)
2022-10-09 13:09:11,964 [50de1ab3-18a1-452d-b023-0fe1bea95e64@group-01B6C545D066-LeaderElection53] INFO  server.RaftServerConfigKeys (ConfUtils.java:logGet(46)) - raft.server.watch.element-limit = 65536 (default)
2022-10-09 13:09:11,964 [50de1ab3-18a1-452d-b023-0fe1bea95e64@group-01B6C545D066-LeaderElection53] INFO  server.RaftServerConfigKeys (ConfUtils.java:logGet(46)) - raft.server.write.element-limit = 1024 (custom)
2022-10-09 13:09:11,964 [50de1ab3-18a1-452d-b023-0fe1bea95e64@group-01B6C545D066-LeaderElection53] INFO  server.RaftServerConfigKeys (ConfUtils.java:logGet(46)) - raft.server.write.follower.gap.ratio.max = -1.0 (default)
2022-10-09 13:09:11,964 [50de1ab3-18a1-452d-b023-0fe1bea95e64@group-01B6C545D066-LeaderElection53] INFO  impl.RoleInfo (RoleInfo.java:updateAndGet(139)) - 50de1ab3-18a1-452d-b023-0fe1bea95e64: start 50de1ab3-18a1-452d-b023-0fe1bea95e64@group-01B6C545D066-LeaderStateImpl
2022-10-09 13:09:11,964 [50de1ab3-18a1-452d-b023-0fe1bea95e64@group-01B6C545D066-LeaderElection53] INFO  segmented.SegmentedRaftLogWorker (SegmentedRaftLogWorker.java:startLogSegment(425)) - 50de1ab3-18a1-452d-b023-0fe1bea95e64@group-01B6C545D066-SegmentedRaftLogWorker: Starting segment from index:0
2022-10-09 13:09:11,975 [50de1ab3-18a1-452d-b023-0fe1bea95e64@group-01B6C545D066-SegmentedRaftLogWorker] INFO  segmented.SegmentedRaftLogWorker (SegmentedRaftLogWorker.java:execute(629)) - 50de1ab3-18a1-452d-b023-0fe1bea95e64@group-01B6C545D066-SegmentedRaftLogWorker: created new log segment /home/runner/work/ozone/ozone/hadoop-ozone/integration-test/target/test-dir/MiniOzoneClusterImpl-ae096de1-e798-4387-a84e-b49ba4bb805b/datanode-0/data/ratis/2b395deb-a907-4886-bf7b-01b6c545d066/current/log_inprogress_0
2022-10-09 13:09:11,989 [50de1ab3-18a1-452d-b023-0fe1bea95e64@group-01B6C545D066-LeaderElection53] INFO  server.RaftServer$Division (ServerState.java:setRaftConf(393)) - 50de1ab3-18a1-452d-b023-0fe1bea95e64@group-01B6C545D066: set configuration 0: [50de1ab3-18a1-452d-b023-0fe1bea95e64|rpc:10.1.0.209:33457|dataStream:|priority:1], old=null
2022-10-09 13:09:12,056 [grpc-default-executor-1] INFO  server.RaftServer$Division (RaftServerImpl.java:requestVote(1152)) - a45a9974-6347-49ca-aefd-c703a3af3a84@group-61AA8B057572: receive requestVote(ELECTION, 50de1ab3-18a1-452d-b023-0fe1bea95e64, group-61AA8B057572, 1, (t:0, i:0))
2022-10-09 13:09:12,056 [grpc-default-executor-1] INFO  impl.VoteContext (VoteContext.java:log(48)) - a45a9974-6347-49ca-aefd-c703a3af3a84@group-61AA8B057572-FOLLOWER: reject ELECTION from 50de1ab3-18a1-452d-b023-0fe1bea95e64: our priority 1 > candidate's priority 0
2022-10-09 13:09:12,056 [grpc-default-executor-1] INFO  server.RaftServer$Division (RaftServerImpl.java:setRole(299)) - a45a9974-6347-49ca-aefd-c703a3af3a84@group-61AA8B057572: changes role from  FOLLOWER to FOLLOWER at term 1 for candidate:50de1ab3-18a1-452d-b023-0fe1bea95e64
2022-10-09 13:09:12,056 [grpc-default-executor-1] INFO  impl.RoleInfo (RoleInfo.java:shutdownFollowerState(110)) - a45a9974-6347-49ca-aefd-c703a3af3a84: shutdown a45a9974-6347-49ca-aefd-c703a3af3a84@group-61AA8B057572-FollowerState
2022-10-09 13:09:12,056 [grpc-default-executor-1] INFO  impl.RoleInfo (RoleInfo.java:updateAndGet(139)) - a45a9974-6347-49ca-aefd-c703a3af3a84: start a45a9974-6347-49ca-aefd-c703a3af3a84@group-61AA8B057572-FollowerState
2022-10-09 13:09:12,056 [a45a9974-6347-49ca-aefd-c703a3af3a84@group-61AA8B057572-FollowerState] INFO  impl.FollowerState (FollowerState.java:run(152)) - a45a9974-6347-49ca-aefd-c703a3af3a84@group-61AA8B057572-FollowerState was interrupted
2022-10-09 13:09:12,068 [Listener at 127.0.0.1/34869] INFO  ozone.MiniOzoneClusterImpl (MiniOzoneClusterImpl.java:lambda$waitForClusterToBeReady$0(216)) - Nodes are ready. Got 5 of 5 DN Heartbeats.
2022-10-09 13:09:12,068 [Listener at 127.0.0.1/34869] INFO  ozone.MiniOzoneClusterImpl (MiniOzoneClusterImpl.java:lambda$waitForClusterToBeReady$0(219)) - Waiting for cluster to exit safe mode
2022-10-09 13:09:12,068 [Listener at 127.0.0.1/34869] INFO  ozone.MiniOzoneClusterImpl (MiniOzoneClusterImpl.java:lambda$waitForClusterToBeReady$0(221)) - SCM became leader
2022-10-09 13:09:12,090 [grpc-default-executor-1] INFO  server.RaftServer$Division (RaftServerImpl.java:requestVote(1184)) - a45a9974-6347-49ca-aefd-c703a3af3a84@group-61AA8B057572 replies to ELECTION vote request: 50de1ab3-18a1-452d-b023-0fe1bea95e64<-a45a9974-6347-49ca-aefd-c703a3af3a84#0:FAIL-t1. Peer's state: a45a9974-6347-49ca-aefd-c703a3af3a84@group-61AA8B057572:t1, leader=null, voted=null, raftlog=a45a9974-6347-49ca-aefd-c703a3af3a84@group-61AA8B057572-SegmentedRaftLog:OPENED:c-1, conf=-1: [50de1ab3-18a1-452d-b023-0fe1bea95e64|rpc:10.1.0.209:33457|dataStream:|priority:0, a45a9974-6347-49ca-aefd-c703a3af3a84|rpc:10.1.0.209:35151|dataStream:|priority:1, 63d7508a-aae7-47e5-91de-7b918a2106c8|rpc:10.1.0.209:34509|dataStream:|priority:0], old=null
2022-10-09 13:09:12,091 [EventQueue-OpenPipelineForHealthyPipelineSafeModeRule] INFO  safemode.SCMSafeModeManager (HealthyPipelineSafeModeRule.java:process(137)) - SCM in safe mode. Healthy pipelines reported count is 0, required healthy pipeline reported count is 1
2022-10-09 13:09:12,093 [50de1ab3-18a1-452d-b023-0fe1bea95e64@group-61AA8B057572-LeaderElection52] INFO  impl.LeaderElection (LeaderElection.java:logAndReturn(90)) - 50de1ab3-18a1-452d-b023-0fe1bea95e64@group-61AA8B057572-LeaderElection52: ELECTION REJECTED received 1 response(s) and 0 exception(s):
2022-10-09 13:09:12,093 [50de1ab3-18a1-452d-b023-0fe1bea95e64@group-61AA8B057572-LeaderElection52] INFO  impl.LeaderElection (LeaderElection.java:logAndReturn(94)) -   Response 0: 50de1ab3-18a1-452d-b023-0fe1bea95e64<-a45a9974-6347-49ca-aefd-c703a3af3a84#0:FAIL-t1
2022-10-09 13:09:12,093 [50de1ab3-18a1-452d-b023-0fe1bea95e64@group-61AA8B057572-LeaderElection52] INFO  impl.LeaderElection (LeaderElection.java:askForVotes(312)) - 50de1ab3-18a1-452d-b023-0fe1bea95e64@group-61AA8B057572-LeaderElection52 ELECTION round 0: result REJECTED
2022-10-09 13:09:12,093 [50de1ab3-18a1-452d-b023-0fe1bea95e64@group-61AA8B057572-LeaderElection52] INFO  server.RaftServer$Division (RaftServerImpl.java:setRole(299)) - 50de1ab3-18a1-452d-b023-0fe1bea95e64@group-61AA8B057572: changes role from CANDIDATE to FOLLOWER at term 1 for REJECTED
2022-10-09 13:09:12,093 [50de1ab3-18a1-452d-b023-0fe1bea95e64@group-61AA8B057572-LeaderElection52] INFO  impl.RoleInfo (RoleInfo.java:shutdownLeaderElection(130)) - 50de1ab3-18a1-452d-b023-0fe1bea95e64: shutdown 50de1ab3-18a1-452d-b023-0fe1bea95e64@group-61AA8B057572-LeaderElection52
2022-10-09 13:09:12,093 [50de1ab3-18a1-452d-b023-0fe1bea95e64@group-61AA8B057572-LeaderElection52] INFO  impl.RoleInfo (RoleInfo.java:updateAndGet(139)) - 50de1ab3-18a1-452d-b023-0fe1bea95e64: start 50de1ab3-18a1-452d-b023-0fe1bea95e64@group-61AA8B057572-FollowerState
2022-10-09 13:09:12,178 [grpc-default-executor-1] INFO  server.RaftServer$Division (RaftServerImpl.java:requestVote(1152)) - 63d7508a-aae7-47e5-91de-7b918a2106c8@group-61AA8B057572: receive requestVote(ELECTION, 50de1ab3-18a1-452d-b023-0fe1bea95e64, group-61AA8B057572, 1, (t:0, i:0))
2022-10-09 13:09:12,178 [grpc-default-executor-1] INFO  impl.VoteContext (VoteContext.java:log(48)) - 63d7508a-aae7-47e5-91de-7b918a2106c8@group-61AA8B057572-FOLLOWER: accept ELECTION from 50de1ab3-18a1-452d-b023-0fe1bea95e64: our priority 0 <= candidate's priority 0
2022-10-09 13:09:12,179 [grpc-default-executor-1] INFO  server.RaftServer$Division (RaftServerImpl.java:setRole(299)) - 63d7508a-aae7-47e5-91de-7b918a2106c8@group-61AA8B057572: changes role from  FOLLOWER to FOLLOWER at term 1 for candidate:50de1ab3-18a1-452d-b023-0fe1bea95e64
2022-10-09 13:09:12,179 [grpc-default-executor-1] INFO  impl.RoleInfo (RoleInfo.java:shutdownFollowerState(110)) - 63d7508a-aae7-47e5-91de-7b918a2106c8: shutdown 63d7508a-aae7-47e5-91de-7b918a2106c8@group-61AA8B057572-FollowerState
2022-10-09 13:09:12,179 [grpc-default-executor-1] INFO  impl.RoleInfo (RoleInfo.java:updateAndGet(139)) - 63d7508a-aae7-47e5-91de-7b918a2106c8: start 63d7508a-aae7-47e5-91de-7b918a2106c8@group-61AA8B057572-FollowerState
2022-10-09 13:09:12,179 [63d7508a-aae7-47e5-91de-7b918a2106c8@group-61AA8B057572-FollowerState] INFO  impl.FollowerState (FollowerState.java:run(152)) - 63d7508a-aae7-47e5-91de-7b918a2106c8@group-61AA8B057572-FollowerState was interrupted
2022-10-09 13:09:12,208 [grpc-default-executor-1] INFO  server.RaftServer$Division (RaftServerImpl.java:requestVote(1184)) - 63d7508a-aae7-47e5-91de-7b918a2106c8@group-61AA8B057572 replies to ELECTION vote request: 50de1ab3-18a1-452d-b023-0fe1bea95e64<-63d7508a-aae7-47e5-91de-7b918a2106c8#0:OK-t1. Peer's state: 63d7508a-aae7-47e5-91de-7b918a2106c8@group-61AA8B057572:t1, leader=null, voted=50de1ab3-18a1-452d-b023-0fe1bea95e64, raftlog=63d7508a-aae7-47e5-91de-7b918a2106c8@group-61AA8B057572-SegmentedRaftLog:OPENED:c-1, conf=-1: [50de1ab3-18a1-452d-b023-0fe1bea95e64|rpc:10.1.0.209:33457|dataStream:|priority:0, a45a9974-6347-49ca-aefd-c703a3af3a84|rpc:10.1.0.209:35151|dataStream:|priority:1, 63d7508a-aae7-47e5-91de-7b918a2106c8|rpc:10.1.0.209:34509|dataStream:|priority:0], old=null
2022-10-09 13:09:12,332 [50de1ab3-18a1-452d-b023-0fe1bea95e64@group-C323F128D3A8-FollowerState] INFO  impl.FollowerState (FollowerState.java:run(143)) - 50de1ab3-18a1-452d-b023-0fe1bea95e64@group-C323F128D3A8-FollowerState: change to CANDIDATE, lastRpcElapsedTime:5022977293ns, electionTimeout:5022ms
2022-10-09 13:09:12,332 [50de1ab3-18a1-452d-b023-0fe1bea95e64@group-C323F128D3A8-FollowerState] INFO  impl.RoleInfo (RoleInfo.java:shutdownFollowerState(110)) - 50de1ab3-18a1-452d-b023-0fe1bea95e64: shutdown 50de1ab3-18a1-452d-b023-0fe1bea95e64@group-C323F128D3A8-FollowerState
2022-10-09 13:09:12,333 [50de1ab3-18a1-452d-b023-0fe1bea95e64@group-C323F128D3A8-FollowerState] INFO  server.RaftServer$Division (RaftServerImpl.java:setRole(299)) - 50de1ab3-18a1-452d-b023-0fe1bea95e64@group-C323F128D3A8: changes role from  FOLLOWER to CANDIDATE at term 0 for changeToCandidate
2022-10-09 13:09:12,333 [50de1ab3-18a1-452d-b023-0fe1bea95e64@group-C323F128D3A8-FollowerState] INFO  server.RaftServerConfigKeys (ConfUtils.java:logGet(46)) - raft.server.leaderelection.pre-vote = false (custom)
2022-10-09 13:09:12,333 [50de1ab3-18a1-452d-b023-0fe1bea95e64@group-C323F128D3A8-FollowerState] INFO  impl.RoleInfo (RoleInfo.java:updateAndGet(139)) - 50de1ab3-18a1-452d-b023-0fe1bea95e64: start 50de1ab3-18a1-452d-b023-0fe1bea95e64@group-C323F128D3A8-LeaderElection54
2022-10-09 13:09:12,348 [50de1ab3-18a1-452d-b023-0fe1bea95e64@group-C323F128D3A8-LeaderElection54] INFO  impl.LeaderElection (LeaderElection.java:askForVotes(310)) - 50de1ab3-18a1-452d-b023-0fe1bea95e64@group-C323F128D3A8-LeaderElection54 ELECTION round 0: submit vote requests at term 1 for -1: [50de1ab3-18a1-452d-b023-0fe1bea95e64|rpc:10.1.0.209:33457|priority:0, a45a9974-6347-49ca-aefd-c703a3af3a84|rpc:10.1.0.209:35151|priority:0, 63d7508a-aae7-47e5-91de-7b918a2106c8|rpc:10.1.0.209:34509|priority:1], old=null
2022-10-09 13:09:12,371 [grpc-default-executor-1] INFO  server.RaftServer$Division (RaftServerImpl.java:requestVote(1152)) - a45a9974-6347-49ca-aefd-c703a3af3a84@group-C323F128D3A8: receive requestVote(ELECTION, 50de1ab3-18a1-452d-b023-0fe1bea95e64, group-C323F128D3A8, 1, (t:0, i:0))
2022-10-09 13:09:12,371 [grpc-default-executor-1] INFO  impl.VoteContext (VoteContext.java:log(48)) - a45a9974-6347-49ca-aefd-c703a3af3a84@group-C323F128D3A8-FOLLOWER: accept ELECTION from 50de1ab3-18a1-452d-b023-0fe1bea95e64: our priority 0 <= candidate's priority 0
2022-10-09 13:09:12,371 [grpc-default-executor-1] INFO  server.RaftServer$Division (RaftServerImpl.java:setRole(299)) - a45a9974-6347-49ca-aefd-c703a3af3a84@group-C323F128D3A8: changes role from  FOLLOWER to FOLLOWER at term 1 for candidate:50de1ab3-18a1-452d-b023-0fe1bea95e64
2022-10-09 13:09:12,371 [grpc-default-executor-1] INFO  impl.RoleInfo (RoleInfo.java:shutdownFollowerState(110)) - a45a9974-6347-49ca-aefd-c703a3af3a84: shutdown a45a9974-6347-49ca-aefd-c703a3af3a84@group-C323F128D3A8-FollowerState
2022-10-09 13:09:12,371 [grpc-default-executor-1] INFO  impl.RoleInfo (RoleInfo.java:updateAndGet(139)) - a45a9974-6347-49ca-aefd-c703a3af3a84: start a45a9974-6347-49ca-aefd-c703a3af3a84@group-C323F128D3A8-FollowerState
2022-10-09 13:09:12,371 [a45a9974-6347-49ca-aefd-c703a3af3a84@group-C323F128D3A8-FollowerState] INFO  impl.FollowerState (FollowerState.java:run(152)) - a45a9974-6347-49ca-aefd-c703a3af3a84@group-C323F128D3A8-FollowerState was interrupted
2022-10-09 13:09:12,371 [grpc-default-executor-0] INFO  server.RaftServer$Division (RaftServerImpl.java:requestVote(1152)) - 63d7508a-aae7-47e5-91de-7b918a2106c8@group-C323F128D3A8: receive requestVote(ELECTION, 50de1ab3-18a1-452d-b023-0fe1bea95e64, group-C323F128D3A8, 1, (t:0, i:0))
2022-10-09 13:09:12,371 [grpc-default-executor-0] INFO  impl.VoteContext (VoteContext.java:log(48)) - 63d7508a-aae7-47e5-91de-7b918a2106c8@group-C323F128D3A8-FOLLOWER: reject ELECTION from 50de1ab3-18a1-452d-b023-0fe1bea95e64: our priority 1 > candidate's priority 0
2022-10-09 13:09:12,371 [grpc-default-executor-0] INFO  server.RaftServer$Division (RaftServerImpl.java:setRole(299)) - 63d7508a-aae7-47e5-91de-7b918a2106c8@group-C323F128D3A8: changes role from  FOLLOWER to FOLLOWER at term 1 for candidate:50de1ab3-18a1-452d-b023-0fe1bea95e64
2022-10-09 13:09:12,371 [grpc-default-executor-0] INFO  impl.RoleInfo (RoleInfo.java:shutdownFollowerState(110)) - 63d7508a-aae7-47e5-91de-7b918a2106c8: shutdown 63d7508a-aae7-47e5-91de-7b918a2106c8@group-C323F128D3A8-FollowerState
2022-10-09 13:09:12,372 [grpc-default-executor-1] INFO  server.RaftServer$Division (RaftServerImpl.java:requestVote(1184)) - a45a9974-6347-49ca-aefd-c703a3af3a84@group-C323F128D3A8 replies to ELECTION vote request: 50de1ab3-18a1-452d-b023-0fe1bea95e64<-a45a9974-6347-49ca-aefd-c703a3af3a84#0:OK-t1. Peer's state: a45a9974-6347-49ca-aefd-c703a3af3a84@group-C323F128D3A8:t1, leader=null, voted=50de1ab3-18a1-452d-b023-0fe1bea95e64, raftlog=a45a9974-6347-49ca-aefd-c703a3af3a84@group-C323F128D3A8-SegmentedRaftLog:OPENED:c-1, conf=-1: [50de1ab3-18a1-452d-b023-0fe1bea95e64|rpc:10.1.0.209:33457|dataStream:|priority:0, a45a9974-6347-49ca-aefd-c703a3af3a84|rpc:10.1.0.209:35151|dataStream:|priority:0, 63d7508a-aae7-47e5-91de-7b918a2106c8|rpc:10.1.0.209:34509|dataStream:|priority:1], old=null
2022-10-09 13:09:12,393 [grpc-default-executor-0] INFO  impl.RoleInfo (RoleInfo.java:updateAndGet(139)) - 63d7508a-aae7-47e5-91de-7b918a2106c8: start 63d7508a-aae7-47e5-91de-7b918a2106c8@group-C323F128D3A8-FollowerState
2022-10-09 13:09:12,393 [63d7508a-aae7-47e5-91de-7b918a2106c8@group-C323F128D3A8-FollowerState] INFO  impl.FollowerState (FollowerState.java:run(152)) - 63d7508a-aae7-47e5-91de-7b918a2106c8@group-C323F128D3A8-FollowerState was interrupted
2022-10-09 13:09:12,416 [grpc-default-executor-0] INFO  server.RaftServer$Division (RaftServerImpl.java:requestVote(1184)) - 63d7508a-aae7-47e5-91de-7b918a2106c8@group-C323F128D3A8 replies to ELECTION vote request: 50de1ab3-18a1-452d-b023-0fe1bea95e64<-63d7508a-aae7-47e5-91de-7b918a2106c8#0:FAIL-t1. Peer's state: 63d7508a-aae7-47e5-91de-7b918a2106c8@group-C323F128D3A8:t1, leader=null, voted=null, raftlog=63d7508a-aae7-47e5-91de-7b918a2106c8@group-C323F128D3A8-SegmentedRaftLog:OPENED:c-1, conf=-1: [50de1ab3-18a1-452d-b023-0fe1bea95e64|rpc:10.1.0.209:33457|priority:0, a45a9974-6347-49ca-aefd-c703a3af3a84|rpc:10.1.0.209:35151|priority:0, 63d7508a-aae7-47e5-91de-7b918a2106c8|rpc:10.1.0.209:34509|priority:1], old=null
2022-10-09 13:09:12,417 [50de1ab3-18a1-452d-b023-0fe1bea95e64@group-C323F128D3A8-LeaderElection54] INFO  impl.LeaderElection (LeaderElection.java:logAndReturn(90)) - 50de1ab3-18a1-452d-b023-0fe1bea95e64@group-C323F128D3A8-LeaderElection54: ELECTION REJECTED received 2 response(s) and 0 exception(s):
2022-10-09 13:09:12,417 [50de1ab3-18a1-452d-b023-0fe1bea95e64@group-C323F128D3A8-LeaderElection54] INFO  impl.LeaderElection (LeaderElection.java:logAndReturn(94)) -   Response 0: 50de1ab3-18a1-452d-b023-0fe1bea95e64<-a45a9974-6347-49ca-aefd-c703a3af3a84#0:OK-t1
2022-10-09 13:09:12,417 [50de1ab3-18a1-452d-b023-0fe1bea95e64@group-C323F128D3A8-LeaderElection54] INFO  impl.LeaderElection (LeaderElection.java:logAndReturn(94)) -   Response 1: 50de1ab3-18a1-452d-b023-0fe1bea95e64<-63d7508a-aae7-47e5-91de-7b918a2106c8#0:FAIL-t1
2022-10-09 13:09:12,417 [50de1ab3-18a1-452d-b023-0fe1bea95e64@group-C323F128D3A8-LeaderElection54] INFO  impl.LeaderElection (LeaderElection.java:askForVotes(312)) - 50de1ab3-18a1-452d-b023-0fe1bea95e64@group-C323F128D3A8-LeaderElection54 ELECTION round 0: result REJECTED
2022-10-09 13:09:12,417 [50de1ab3-18a1-452d-b023-0fe1bea95e64@group-C323F128D3A8-LeaderElection54] INFO  server.RaftServer$Division (RaftServerImpl.java:setRole(299)) - 50de1ab3-18a1-452d-b023-0fe1bea95e64@group-C323F128D3A8: changes role from CANDIDATE to FOLLOWER at term 1 for REJECTED
2022-10-09 13:09:12,417 [50de1ab3-18a1-452d-b023-0fe1bea95e64@group-C323F128D3A8-LeaderElection54] INFO  impl.RoleInfo (RoleInfo.java:shutdownLeaderElection(130)) - 50de1ab3-18a1-452d-b023-0fe1bea95e64: shutdown 50de1ab3-18a1-452d-b023-0fe1bea95e64@group-C323F128D3A8-LeaderElection54
2022-10-09 13:09:12,417 [50de1ab3-18a1-452d-b023-0fe1bea95e64@group-C323F128D3A8-LeaderElection54] INFO  impl.RoleInfo (RoleInfo.java:updateAndGet(139)) - 50de1ab3-18a1-452d-b023-0fe1bea95e64: start 50de1ab3-18a1-452d-b023-0fe1bea95e64@group-C323F128D3A8-FollowerState
2022-10-09 13:09:12,425 [63d7508a-aae7-47e5-91de-7b918a2106c8@group-B7D8664248A8-FollowerState] INFO  impl.FollowerState (FollowerState.java:run(143)) - 63d7508a-aae7-47e5-91de-7b918a2106c8@group-B7D8664248A8-FollowerState: change to CANDIDATE, lastRpcElapsedTime:5182752416ns, electionTimeout:5144ms
2022-10-09 13:09:12,425 [63d7508a-aae7-47e5-91de-7b918a2106c8@group-B7D8664248A8-FollowerState] INFO  impl.RoleInfo (RoleInfo.java:shutdownFollowerState(110)) - 63d7508a-aae7-47e5-91de-7b918a2106c8: shutdown 63d7508a-aae7-47e5-91de-7b918a2106c8@group-B7D8664248A8-FollowerState
2022-10-09 13:09:12,425 [63d7508a-aae7-47e5-91de-7b918a2106c8@group-B7D8664248A8-FollowerState] INFO  server.RaftServer$Division (RaftServerImpl.java:setRole(299)) - 63d7508a-aae7-47e5-91de-7b918a2106c8@group-B7D8664248A8: changes role from  FOLLOWER to CANDIDATE at term 0 for changeToCandidate
2022-10-09 13:09:12,425 [63d7508a-aae7-47e5-91de-7b918a2106c8@group-B7D8664248A8-FollowerState] INFO  server.RaftServerConfigKeys (ConfUtils.java:logGet(46)) - raft.server.leaderelection.pre-vote = false (custom)
2022-10-09 13:09:12,425 [63d7508a-aae7-47e5-91de-7b918a2106c8@group-B7D8664248A8-FollowerState] INFO  impl.RoleInfo (RoleInfo.java:updateAndGet(139)) - 63d7508a-aae7-47e5-91de-7b918a2106c8: start 63d7508a-aae7-47e5-91de-7b918a2106c8@group-B7D8664248A8-LeaderElection55
2022-10-09 13:09:12,454 [63d7508a-aae7-47e5-91de-7b918a2106c8@group-B7D8664248A8-LeaderElection55] INFO  impl.LeaderElection (LeaderElection.java:askForVotes(310)) - 63d7508a-aae7-47e5-91de-7b918a2106c8@group-B7D8664248A8-LeaderElection55 ELECTION round 0: submit vote requests at term 1 for -1: [63d7508a-aae7-47e5-91de-7b918a2106c8|rpc:10.1.0.209:34509|priority:1], old=null
2022-10-09 13:09:12,454 [63d7508a-aae7-47e5-91de-7b918a2106c8@group-B7D8664248A8-LeaderElection55] INFO  impl.LeaderElection (LeaderElection.java:askForVotes(312)) - 63d7508a-aae7-47e5-91de-7b918a2106c8@group-B7D8664248A8-LeaderElection55 ELECTION round 0: result PASSED (term=1)
2022-10-09 13:09:12,454 [63d7508a-aae7-47e5-91de-7b918a2106c8@group-B7D8664248A8-LeaderElection55] INFO  impl.RoleInfo (RoleInfo.java:shutdownLeaderElection(130)) - 63d7508a-aae7-47e5-91de-7b918a2106c8: shutdown 63d7508a-aae7-47e5-91de-7b918a2106c8@group-B7D8664248A8-LeaderElection55
2022-10-09 13:09:12,454 [63d7508a-aae7-47e5-91de-7b918a2106c8@group-B7D8664248A8-LeaderElection55] INFO  server.RaftServer$Division (RaftServerImpl.java:setRole(299)) - 63d7508a-aae7-47e5-91de-7b918a2106c8@group-B7D8664248A8: changes role from CANDIDATE to LEADER at term 1 for changeToLeader
2022-10-09 13:09:12,454 [63d7508a-aae7-47e5-91de-7b918a2106c8@group-B7D8664248A8-LeaderElection55] INFO  ratis.XceiverServerRatis (XceiverServerRatis.java:handleLeaderChangedNotification(863)) - Leader change notification received for group: group-B7D8664248A8 with new leaderId: 63d7508a-aae7-47e5-91de-7b918a2106c8
2022-10-09 13:09:12,454 [63d7508a-aae7-47e5-91de-7b918a2106c8@group-B7D8664248A8-LeaderElection55] INFO  server.RaftServer$Division (ServerState.java:setLeader(287)) - 63d7508a-aae7-47e5-91de-7b918a2106c8@group-B7D8664248A8: change Leader from null to 63d7508a-aae7-47e5-91de-7b918a2106c8 at term 1 for becomeLeader, leader elected after 5227ms
2022-10-09 13:09:12,456 [63d7508a-aae7-47e5-91de-7b918a2106c8@group-B7D8664248A8-LeaderElection55] INFO  server.RaftServerConfigKeys (ConfUtils.java:logGet(46)) - raft.server.staging.catchup.gap = 1000 (default)
2022-10-09 13:09:12,456 [63d7508a-aae7-47e5-91de-7b918a2106c8@group-B7D8664248A8-LeaderElection55] INFO  server.RaftServerConfigKeys (ConfUtils.java:logGet(46)) - raft.server.write.element-limit = 1024 (custom)
2022-10-09 13:09:12,456 [63d7508a-aae7-47e5-91de-7b918a2106c8@group-B7D8664248A8-LeaderElection55] INFO  server.RaftServerConfigKeys (ConfUtils.java:logGet(46)) - raft.server.write.byte-limit = 1024 M (=1073741824) (custom)
2022-10-09 13:09:12,456 [63d7508a-aae7-47e5-91de-7b918a2106c8@group-B7D8664248A8-LeaderElection55] INFO  server.RaftServerConfigKeys (ConfUtils.java:logGet(46)) - raft.server.watch.timeout = 180s (custom)
2022-10-09 13:09:12,456 [63d7508a-aae7-47e5-91de-7b918a2106c8@group-B7D8664248A8-LeaderElection55] INFO  server.RaftServerConfigKeys (ConfUtils.java:logGet(46)) - raft.server.watch.timeout.denomination = 1s (default)
2022-10-09 13:09:12,456 [63d7508a-aae7-47e5-91de-7b918a2106c8@group-B7D8664248A8-LeaderElection55] INFO  server.RaftServerConfigKeys (ConfUtils.java:logGet(46)) - raft.server.watch.element-limit = 65536 (default)
2022-10-09 13:09:12,456 [63d7508a-aae7-47e5-91de-7b918a2106c8@group-B7D8664248A8-LeaderElection55] INFO  server.RaftServerConfigKeys (ConfUtils.java:logGet(46)) - raft.server.write.element-limit = 1024 (custom)
2022-10-09 13:09:12,456 [63d7508a-aae7-47e5-91de-7b918a2106c8@group-B7D8664248A8-LeaderElection55] INFO  server.RaftServerConfigKeys (ConfUtils.java:logGet(46)) - raft.server.write.follower.gap.ratio.max = -1.0 (default)
2022-10-09 13:09:12,456 [63d7508a-aae7-47e5-91de-7b918a2106c8@group-B7D8664248A8-LeaderElection55] INFO  impl.RoleInfo (RoleInfo.java:updateAndGet(139)) - 63d7508a-aae7-47e5-91de-7b918a2106c8: start 63d7508a-aae7-47e5-91de-7b918a2106c8@group-B7D8664248A8-LeaderStateImpl
2022-10-09 13:09:12,457 [63d7508a-aae7-47e5-91de-7b918a2106c8@group-B7D8664248A8-LeaderElection55] INFO  segmented.SegmentedRaftLogWorker (SegmentedRaftLogWorker.java:startLogSegment(425)) - 63d7508a-aae7-47e5-91de-7b918a2106c8@group-B7D8664248A8-SegmentedRaftLogWorker: Starting segment from index:0
2022-10-09 13:09:12,464 [63d7508a-aae7-47e5-91de-7b918a2106c8@group-B7D8664248A8-LeaderElection55] INFO  server.RaftServer$Division (ServerState.java:setRaftConf(393)) - 63d7508a-aae7-47e5-91de-7b918a2106c8@group-B7D8664248A8: set configuration 0: [63d7508a-aae7-47e5-91de-7b918a2106c8|rpc:10.1.0.209:34509|dataStream:|priority:1], old=null
2022-10-09 13:09:12,481 [EventQueue-OpenPipelineForHealthyPipelineSafeModeRule] INFO  safemode.SCMSafeModeManager (HealthyPipelineSafeModeRule.java:process(137)) - SCM in safe mode. Healthy pipelines reported count is 0, required healthy pipeline reported count is 1
2022-10-09 13:09:12,484 [63d7508a-aae7-47e5-91de-7b918a2106c8@group-B7D8664248A8-SegmentedRaftLogWorker] INFO  segmented.SegmentedRaftLogWorker (SegmentedRaftLogWorker.java:execute(629)) - 63d7508a-aae7-47e5-91de-7b918a2106c8@group-B7D8664248A8-SegmentedRaftLogWorker: created new log segment /home/runner/work/ozone/ozone/hadoop-ozone/integration-test/target/test-dir/MiniOzoneClusterImpl-ae096de1-e798-4387-a84e-b49ba4bb805b/datanode-1/data/ratis/3c3f37aa-45f8-45d5-9010-b7d8664248a8/current/log_inprogress_0
2022-10-09 13:09:12,922 [a45a9974-6347-49ca-aefd-c703a3af3a84@group-7070257B7526-FollowerState] INFO  impl.FollowerState (FollowerState.java:run(143)) - a45a9974-6347-49ca-aefd-c703a3af3a84@group-7070257B7526-FollowerState: change to CANDIDATE, lastRpcElapsedTime:5126352409ns, electionTimeout:5032ms
2022-10-09 13:09:12,922 [a45a9974-6347-49ca-aefd-c703a3af3a84@group-7070257B7526-FollowerState] INFO  impl.RoleInfo (RoleInfo.java:shutdownFollowerState(110)) - a45a9974-6347-49ca-aefd-c703a3af3a84: shutdown a45a9974-6347-49ca-aefd-c703a3af3a84@group-7070257B7526-FollowerState
2022-10-09 13:09:12,922 [a45a9974-6347-49ca-aefd-c703a3af3a84@group-7070257B7526-FollowerState] INFO  server.RaftServer$Division (RaftServerImpl.java:setRole(299)) - a45a9974-6347-49ca-aefd-c703a3af3a84@group-7070257B7526: changes role from  FOLLOWER to CANDIDATE at term 0 for changeToCandidate
2022-10-09 13:09:12,922 [a45a9974-6347-49ca-aefd-c703a3af3a84@group-7070257B7526-FollowerState] INFO  server.RaftServerConfigKeys (ConfUtils.java:logGet(46)) - raft.server.leaderelection.pre-vote = false (custom)
2022-10-09 13:09:12,922 [a45a9974-6347-49ca-aefd-c703a3af3a84@group-7070257B7526-FollowerState] INFO  impl.RoleInfo (RoleInfo.java:updateAndGet(139)) - a45a9974-6347-49ca-aefd-c703a3af3a84: start a45a9974-6347-49ca-aefd-c703a3af3a84@group-7070257B7526-LeaderElection56
2022-10-09 13:09:12,980 [a45a9974-6347-49ca-aefd-c703a3af3a84@group-7070257B7526-LeaderElection56] INFO  impl.LeaderElection (LeaderElection.java:askForVotes(310)) - a45a9974-6347-49ca-aefd-c703a3af3a84@group-7070257B7526-LeaderElection56 ELECTION round 0: submit vote requests at term 1 for -1: [a45a9974-6347-49ca-aefd-c703a3af3a84|rpc:10.1.0.209:35151|priority:1], old=null
2022-10-09 13:09:12,980 [a45a9974-6347-49ca-aefd-c703a3af3a84@group-7070257B7526-LeaderElection56] INFO  impl.LeaderElection (LeaderElection.java:askForVotes(312)) - a45a9974-6347-49ca-aefd-c703a3af3a84@group-7070257B7526-LeaderElection56 ELECTION round 0: result PASSED (term=1)
2022-10-09 13:09:12,980 [a45a9974-6347-49ca-aefd-c703a3af3a84@group-7070257B7526-LeaderElection56] INFO  impl.RoleInfo (RoleInfo.java:shutdownLeaderElection(130)) - a45a9974-6347-49ca-aefd-c703a3af3a84: shutdown a45a9974-6347-49ca-aefd-c703a3af3a84@group-7070257B7526-LeaderElection56
2022-10-09 13:09:12,980 [a45a9974-6347-49ca-aefd-c703a3af3a84@group-7070257B7526-LeaderElection56] INFO  server.RaftServer$Division (RaftServerImpl.java:setRole(299)) - a45a9974-6347-49ca-aefd-c703a3af3a84@group-7070257B7526: changes role from CANDIDATE to LEADER at term 1 for changeToLeader
2022-10-09 13:09:12,980 [a45a9974-6347-49ca-aefd-c703a3af3a84@group-7070257B7526-LeaderElection56] INFO  ratis.XceiverServerRatis (XceiverServerRatis.java:handleLeaderChangedNotification(863)) - Leader change notification received for group: group-7070257B7526 with new leaderId: a45a9974-6347-49ca-aefd-c703a3af3a84
2022-10-09 13:09:12,980 [a45a9974-6347-49ca-aefd-c703a3af3a84@group-7070257B7526-LeaderElection56] INFO  server.RaftServer$Division (ServerState.java:setLeader(287)) - a45a9974-6347-49ca-aefd-c703a3af3a84@group-7070257B7526: change Leader from null to a45a9974-6347-49ca-aefd-c703a3af3a84 at term 1 for becomeLeader, leader elected after 5206ms
2022-10-09 13:09:12,980 [a45a9974-6347-49ca-aefd-c703a3af3a84@group-7070257B7526-LeaderElection56] INFO  server.RaftServerConfigKeys (ConfUtils.java:logGet(46)) - raft.server.staging.catchup.gap = 1000 (default)
2022-10-09 13:09:12,981 [a45a9974-6347-49ca-aefd-c703a3af3a84@group-7070257B7526-LeaderElection56] INFO  server.RaftServerConfigKeys (ConfUtils.java:logGet(46)) - raft.server.write.element-limit = 1024 (custom)
2022-10-09 13:09:12,981 [a45a9974-6347-49ca-aefd-c703a3af3a84@group-7070257B7526-LeaderElection56] INFO  server.RaftServerConfigKeys (ConfUtils.java:logGet(46)) - raft.server.write.byte-limit = 1024 M (=1073741824) (custom)
2022-10-09 13:09:12,981 [a45a9974-6347-49ca-aefd-c703a3af3a84@group-7070257B7526-LeaderElection56] INFO  server.RaftServerConfigKeys (ConfUtils.java:logGet(46)) - raft.server.watch.timeout = 180s (custom)
2022-10-09 13:09:12,981 [a45a9974-6347-49ca-aefd-c703a3af3a84@group-7070257B7526-LeaderElection56] INFO  server.RaftServerConfigKeys (ConfUtils.java:logGet(46)) - raft.server.watch.timeout.denomination = 1s (default)
2022-10-09 13:09:12,981 [a45a9974-6347-49ca-aefd-c703a3af3a84@group-7070257B7526-LeaderElection56] INFO  server.RaftServerConfigKeys (ConfUtils.java:logGet(46)) - raft.server.watch.element-limit = 65536 (default)
2022-10-09 13:09:12,981 [a45a9974-6347-49ca-aefd-c703a3af3a84@group-7070257B7526-LeaderElection56] INFO  server.RaftServerConfigKeys (ConfUtils.java:logGet(46)) - raft.server.write.element-limit = 1024 (custom)
2022-10-09 13:09:12,981 [a45a9974-6347-49ca-aefd-c703a3af3a84@group-7070257B7526-LeaderElection56] INFO  server.RaftServerConfigKeys (ConfUtils.java:logGet(46)) - raft.server.write.follower.gap.ratio.max = -1.0 (default)
2022-10-09 13:09:12,981 [a45a9974-6347-49ca-aefd-c703a3af3a84@group-7070257B7526-LeaderElection56] INFO  impl.RoleInfo (RoleInfo.java:updateAndGet(139)) - a45a9974-6347-49ca-aefd-c703a3af3a84: start a45a9974-6347-49ca-aefd-c703a3af3a84@group-7070257B7526-LeaderStateImpl
2022-10-09 13:09:12,982 [a45a9974-6347-49ca-aefd-c703a3af3a84@group-7070257B7526-LeaderElection56] INFO  segmented.SegmentedRaftLogWorker (SegmentedRaftLogWorker.java:startLogSegment(425)) - a45a9974-6347-49ca-aefd-c703a3af3a84@group-7070257B7526-SegmentedRaftLogWorker: Starting segment from index:0
2022-10-09 13:09:12,985 [a45a9974-6347-49ca-aefd-c703a3af3a84@group-7070257B7526-SegmentedRaftLogWorker] INFO  segmented.SegmentedRaftLogWorker (SegmentedRaftLogWorker.java:execute(629)) - a45a9974-6347-49ca-aefd-c703a3af3a84@group-7070257B7526-SegmentedRaftLogWorker: created new log segment /home/runner/work/ozone/ozone/hadoop-ozone/integration-test/target/test-dir/MiniOzoneClusterImpl-ae096de1-e798-4387-a84e-b49ba4bb805b/datanode-2/data/ratis/00e9a87d-9224-422c-a2cd-7070257b7526/current/log_inprogress_0
2022-10-09 13:09:12,993 [a45a9974-6347-49ca-aefd-c703a3af3a84@group-7070257B7526-LeaderElection56] INFO  server.RaftServer$Division (ServerState.java:setRaftConf(393)) - a45a9974-6347-49ca-aefd-c703a3af3a84@group-7070257B7526: set configuration 0: [a45a9974-6347-49ca-aefd-c703a3af3a84|rpc:10.1.0.209:35151|dataStream:|priority:1], old=null
2022-10-09 13:09:13,020 [EventQueue-OpenPipelineForHealthyPipelineSafeModeRule] INFO  safemode.SCMSafeModeManager (HealthyPipelineSafeModeRule.java:process(137)) - SCM in safe mode. Healthy pipelines reported count is 0, required healthy pipeline reported count is 1
2022-10-09 13:09:13,068 [Listener at 127.0.0.1/34869] INFO  ozone.MiniOzoneClusterImpl (MiniOzoneClusterImpl.java:lambda$waitForClusterToBeReady$0(216)) - Nodes are ready. Got 5 of 5 DN Heartbeats.
2022-10-09 13:09:13,069 [Listener at 127.0.0.1/34869] INFO  ozone.MiniOzoneClusterImpl (MiniOzoneClusterImpl.java:lambda$waitForClusterToBeReady$0(219)) - Waiting for cluster to exit safe mode
2022-10-09 13:09:13,069 [Listener at 127.0.0.1/34869] INFO  ozone.MiniOzoneClusterImpl (MiniOzoneClusterImpl.java:lambda$waitForClusterToBeReady$0(221)) - SCM became leader
2022-10-09 13:09:13,542 [315315cf-59ad-45fd-8467-2fb2d1f09000@group-81D28080EA6B-FollowerState] INFO  impl.FollowerState (FollowerState.java:run(143)) - 315315cf-59ad-45fd-8467-2fb2d1f09000@group-81D28080EA6B-FollowerState: change to CANDIDATE, lastRpcElapsedTime:5041979767ns, electionTimeout:5028ms
2022-10-09 13:09:13,542 [315315cf-59ad-45fd-8467-2fb2d1f09000@group-81D28080EA6B-FollowerState] INFO  impl.RoleInfo (RoleInfo.java:shutdownFollowerState(110)) - 315315cf-59ad-45fd-8467-2fb2d1f09000: shutdown 315315cf-59ad-45fd-8467-2fb2d1f09000@group-81D28080EA6B-FollowerState
2022-10-09 13:09:13,542 [315315cf-59ad-45fd-8467-2fb2d1f09000@group-81D28080EA6B-FollowerState] INFO  server.RaftServer$Division (RaftServerImpl.java:setRole(299)) - 315315cf-59ad-45fd-8467-2fb2d1f09000@group-81D28080EA6B: changes role from  FOLLOWER to CANDIDATE at term 0 for changeToCandidate
2022-10-09 13:09:13,542 [315315cf-59ad-45fd-8467-2fb2d1f09000@group-81D28080EA6B-FollowerState] INFO  server.RaftServerConfigKeys (ConfUtils.java:logGet(46)) - raft.server.leaderelection.pre-vote = false (custom)
2022-10-09 13:09:13,542 [315315cf-59ad-45fd-8467-2fb2d1f09000@group-81D28080EA6B-FollowerState] INFO  impl.RoleInfo (RoleInfo.java:updateAndGet(139)) - 315315cf-59ad-45fd-8467-2fb2d1f09000: start 315315cf-59ad-45fd-8467-2fb2d1f09000@group-81D28080EA6B-LeaderElection57
2022-10-09 13:09:13,596 [315315cf-59ad-45fd-8467-2fb2d1f09000@group-81D28080EA6B-LeaderElection57] INFO  impl.LeaderElection (LeaderElection.java:askForVotes(310)) - 315315cf-59ad-45fd-8467-2fb2d1f09000@group-81D28080EA6B-LeaderElection57 ELECTION round 0: submit vote requests at term 1 for -1: [315315cf-59ad-45fd-8467-2fb2d1f09000|rpc:10.1.0.209:43159|priority:1], old=null
2022-10-09 13:09:13,596 [315315cf-59ad-45fd-8467-2fb2d1f09000@group-81D28080EA6B-LeaderElection57] INFO  impl.LeaderElection (LeaderElection.java:askForVotes(312)) - 315315cf-59ad-45fd-8467-2fb2d1f09000@group-81D28080EA6B-LeaderElection57 ELECTION round 0: result PASSED (term=1)
2022-10-09 13:09:13,596 [315315cf-59ad-45fd-8467-2fb2d1f09000@group-81D28080EA6B-LeaderElection57] INFO  impl.RoleInfo (RoleInfo.java:shutdownLeaderElection(130)) - 315315cf-59ad-45fd-8467-2fb2d1f09000: shutdown 315315cf-59ad-45fd-8467-2fb2d1f09000@group-81D28080EA6B-LeaderElection57
2022-10-09 13:09:13,597 [315315cf-59ad-45fd-8467-2fb2d1f09000@group-81D28080EA6B-LeaderElection57] INFO  server.RaftServer$Division (RaftServerImpl.java:setRole(299)) - 315315cf-59ad-45fd-8467-2fb2d1f09000@group-81D28080EA6B: changes role from CANDIDATE to LEADER at term 1 for changeToLeader
2022-10-09 13:09:13,597 [315315cf-59ad-45fd-8467-2fb2d1f09000@group-81D28080EA6B-LeaderElection57] INFO  ratis.XceiverServerRatis (XceiverServerRatis.java:handleLeaderChangedNotification(863)) - Leader change notification received for group: group-81D28080EA6B with new leaderId: 315315cf-59ad-45fd-8467-2fb2d1f09000
2022-10-09 13:09:13,597 [315315cf-59ad-45fd-8467-2fb2d1f09000@group-81D28080EA6B-LeaderElection57] INFO  server.RaftServer$Division (ServerState.java:setLeader(287)) - 315315cf-59ad-45fd-8467-2fb2d1f09000@group-81D28080EA6B: change Leader from null to 315315cf-59ad-45fd-8467-2fb2d1f09000 at term 1 for becomeLeader, leader elected after 5119ms
2022-10-09 13:09:13,597 [315315cf-59ad-45fd-8467-2fb2d1f09000@group-81D28080EA6B-LeaderElection57] INFO  server.RaftServerConfigKeys (ConfUtils.java:logGet(46)) - raft.server.staging.catchup.gap = 1000 (default)
2022-10-09 13:09:13,597 [315315cf-59ad-45fd-8467-2fb2d1f09000@group-81D28080EA6B-LeaderElection57] INFO  server.RaftServerConfigKeys (ConfUtils.java:logGet(46)) - raft.server.write.element-limit = 1024 (custom)
2022-10-09 13:09:13,597 [315315cf-59ad-45fd-8467-2fb2d1f09000@group-81D28080EA6B-LeaderElection57] INFO  server.RaftServerConfigKeys (ConfUtils.java:logGet(46)) - raft.server.write.byte-limit = 1024 M (=1073741824) (custom)
2022-10-09 13:09:13,597 [315315cf-59ad-45fd-8467-2fb2d1f09000@group-81D28080EA6B-LeaderElection57] INFO  server.RaftServerConfigKeys (ConfUtils.java:logGet(46)) - raft.server.watch.timeout = 180s (custom)
2022-10-09 13:09:13,598 [315315cf-59ad-45fd-8467-2fb2d1f09000@group-81D28080EA6B-LeaderElection57] INFO  server.RaftServerConfigKeys (ConfUtils.java:logGet(46)) - raft.server.watch.timeout.denomination = 1s (default)
2022-10-09 13:09:13,598 [315315cf-59ad-45fd-8467-2fb2d1f09000@group-81D28080EA6B-LeaderElection57] INFO  server.RaftServerConfigKeys (ConfUtils.java:logGet(46)) - raft.server.watch.element-limit = 65536 (default)
2022-10-09 13:09:13,598 [315315cf-59ad-45fd-8467-2fb2d1f09000@group-81D28080EA6B-LeaderElection57] INFO  server.RaftServerConfigKeys (ConfUtils.java:logGet(46)) - raft.server.write.element-limit = 1024 (custom)
2022-10-09 13:09:13,598 [315315cf-59ad-45fd-8467-2fb2d1f09000@group-81D28080EA6B-LeaderElection57] INFO  server.RaftServerConfigKeys (ConfUtils.java:logGet(46)) - raft.server.write.follower.gap.ratio.max = -1.0 (default)
2022-10-09 13:09:13,598 [315315cf-59ad-45fd-8467-2fb2d1f09000@group-81D28080EA6B-LeaderElection57] INFO  impl.RoleInfo (RoleInfo.java:updateAndGet(139)) - 315315cf-59ad-45fd-8467-2fb2d1f09000: start 315315cf-59ad-45fd-8467-2fb2d1f09000@group-81D28080EA6B-LeaderStateImpl
2022-10-09 13:09:13,598 [315315cf-59ad-45fd-8467-2fb2d1f09000@group-81D28080EA6B-LeaderElection57] INFO  segmented.SegmentedRaftLogWorker (SegmentedRaftLogWorker.java:startLogSegment(425)) - 315315cf-59ad-45fd-8467-2fb2d1f09000@group-81D28080EA6B-SegmentedRaftLogWorker: Starting segment from index:0
2022-10-09 13:09:13,599 [EventQueue-OpenPipelineForHealthyPipelineSafeModeRule] INFO  safemode.SCMSafeModeManager (HealthyPipelineSafeModeRule.java:process(137)) - SCM in safe mode. Healthy pipelines reported count is 0, required healthy pipeline reported count is 1
2022-10-09 13:09:13,600 [315315cf-59ad-45fd-8467-2fb2d1f09000@group-81D28080EA6B-SegmentedRaftLogWorker] INFO  segmented.SegmentedRaftLogWorker (SegmentedRaftLogWorker.java:execute(629)) - 315315cf-59ad-45fd-8467-2fb2d1f09000@group-81D28080EA6B-SegmentedRaftLogWorker: created new log segment /home/runner/work/ozone/ozone/hadoop-ozone/integration-test/target/test-dir/MiniOzoneClusterImpl-ae096de1-e798-4387-a84e-b49ba4bb805b/datanode-3/data/ratis/5b2fb493-a973-426c-bbfc-81d28080ea6b/current/log_inprogress_0
2022-10-09 13:09:13,622 [315315cf-59ad-45fd-8467-2fb2d1f09000@group-81D28080EA6B-LeaderElection57] INFO  server.RaftServer$Division (ServerState.java:setRaftConf(393)) - 315315cf-59ad-45fd-8467-2fb2d1f09000@group-81D28080EA6B: set configuration 0: [315315cf-59ad-45fd-8467-2fb2d1f09000|rpc:10.1.0.209:43159|dataStream:|priority:1], old=null
2022-10-09 13:09:14,069 [Listener at 127.0.0.1/34869] INFO  ozone.MiniOzoneClusterImpl (MiniOzoneClusterImpl.java:lambda$waitForClusterToBeReady$0(216)) - Nodes are ready. Got 5 of 5 DN Heartbeats.
2022-10-09 13:09:14,069 [Listener at 127.0.0.1/34869] INFO  ozone.MiniOzoneClusterImpl (MiniOzoneClusterImpl.java:lambda$waitForClusterToBeReady$0(219)) - Waiting for cluster to exit safe mode
2022-10-09 13:09:14,069 [Listener at 127.0.0.1/34869] INFO  ozone.MiniOzoneClusterImpl (MiniOzoneClusterImpl.java:lambda$waitForClusterToBeReady$0(221)) - SCM became leader
2022-10-09 13:09:15,069 [Listener at 127.0.0.1/34869] INFO  ozone.MiniOzoneClusterImpl (MiniOzoneClusterImpl.java:lambda$waitForClusterToBeReady$0(216)) - Nodes are ready. Got 5 of 5 DN Heartbeats.
2022-10-09 13:09:15,070 [Listener at 127.0.0.1/34869] INFO  ozone.MiniOzoneClusterImpl (MiniOzoneClusterImpl.java:lambda$waitForClusterToBeReady$0(219)) - Waiting for cluster to exit safe mode
2022-10-09 13:09:15,070 [Listener at 127.0.0.1/34869] INFO  ozone.MiniOzoneClusterImpl (MiniOzoneClusterImpl.java:lambda$waitForClusterToBeReady$0(221)) - SCM became leader
2022-10-09 13:09:15,283 [acb33dc2-f09b-4244-82bd-fd30ea1545c9@group-71F32C3D27A7-FollowerState] INFO  impl.FollowerState (FollowerState.java:run(143)) - acb33dc2-f09b-4244-82bd-fd30ea1545c9@group-71F32C3D27A7-FollowerState: change to CANDIDATE, lastRpcElapsedTime:5109143934ns, electionTimeout:5101ms
2022-10-09 13:09:15,284 [acb33dc2-f09b-4244-82bd-fd30ea1545c9@group-71F32C3D27A7-FollowerState] INFO  impl.RoleInfo (RoleInfo.java:shutdownFollowerState(110)) - acb33dc2-f09b-4244-82bd-fd30ea1545c9: shutdown acb33dc2-f09b-4244-82bd-fd30ea1545c9@group-71F32C3D27A7-FollowerState
2022-10-09 13:09:15,284 [acb33dc2-f09b-4244-82bd-fd30ea1545c9@group-71F32C3D27A7-FollowerState] INFO  server.RaftServer$Division (RaftServerImpl.java:setRole(299)) - acb33dc2-f09b-4244-82bd-fd30ea1545c9@group-71F32C3D27A7: changes role from  FOLLOWER to CANDIDATE at term 0 for changeToCandidate
2022-10-09 13:09:15,284 [acb33dc2-f09b-4244-82bd-fd30ea1545c9@group-71F32C3D27A7-FollowerState] INFO  server.RaftServerConfigKeys (ConfUtils.java:logGet(46)) - raft.server.leaderelection.pre-vote = false (custom)
2022-10-09 13:09:15,284 [acb33dc2-f09b-4244-82bd-fd30ea1545c9@group-71F32C3D27A7-FollowerState] INFO  impl.RoleInfo (RoleInfo.java:updateAndGet(139)) - acb33dc2-f09b-4244-82bd-fd30ea1545c9: start acb33dc2-f09b-4244-82bd-fd30ea1545c9@group-71F32C3D27A7-LeaderElection58
2022-10-09 13:09:15,315 [acb33dc2-f09b-4244-82bd-fd30ea1545c9@group-71F32C3D27A7-LeaderElection58] INFO  impl.LeaderElection (LeaderElection.java:askForVotes(310)) - acb33dc2-f09b-4244-82bd-fd30ea1545c9@group-71F32C3D27A7-LeaderElection58 ELECTION round 0: submit vote requests at term 1 for -1: [acb33dc2-f09b-4244-82bd-fd30ea1545c9|rpc:10.1.0.209:46425|priority:1], old=null
2022-10-09 13:09:15,315 [acb33dc2-f09b-4244-82bd-fd30ea1545c9@group-71F32C3D27A7-LeaderElection58] INFO  impl.LeaderElection (LeaderElection.java:askForVotes(312)) - acb33dc2-f09b-4244-82bd-fd30ea1545c9@group-71F32C3D27A7-LeaderElection58 ELECTION round 0: result PASSED (term=1)
2022-10-09 13:09:15,315 [acb33dc2-f09b-4244-82bd-fd30ea1545c9@group-71F32C3D27A7-LeaderElection58] INFO  impl.RoleInfo (RoleInfo.java:shutdownLeaderElection(130)) - acb33dc2-f09b-4244-82bd-fd30ea1545c9: shutdown acb33dc2-f09b-4244-82bd-fd30ea1545c9@group-71F32C3D27A7-LeaderElection58
2022-10-09 13:09:15,315 [acb33dc2-f09b-4244-82bd-fd30ea1545c9@group-71F32C3D27A7-LeaderElection58] INFO  server.RaftServer$Division (RaftServerImpl.java:setRole(299)) - acb33dc2-f09b-4244-82bd-fd30ea1545c9@group-71F32C3D27A7: changes role from CANDIDATE to LEADER at term 1 for changeToLeader
2022-10-09 13:09:15,315 [acb33dc2-f09b-4244-82bd-fd30ea1545c9@group-71F32C3D27A7-LeaderElection58] INFO  ratis.XceiverServerRatis (XceiverServerRatis.java:handleLeaderChangedNotification(863)) - Leader change notification received for group: group-71F32C3D27A7 with new leaderId: acb33dc2-f09b-4244-82bd-fd30ea1545c9
2022-10-09 13:09:15,315 [acb33dc2-f09b-4244-82bd-fd30ea1545c9@group-71F32C3D27A7-LeaderElection58] INFO  server.RaftServer$Division (ServerState.java:setLeader(287)) - acb33dc2-f09b-4244-82bd-fd30ea1545c9@group-71F32C3D27A7: change Leader from null to acb33dc2-f09b-4244-82bd-fd30ea1545c9 at term 1 for becomeLeader, leader elected after 5171ms
2022-10-09 13:09:15,316 [acb33dc2-f09b-4244-82bd-fd30ea1545c9@group-71F32C3D27A7-LeaderElection58] INFO  server.RaftServerConfigKeys (ConfUtils.java:logGet(46)) - raft.server.staging.catchup.gap = 1000 (default)
2022-10-09 13:09:15,316 [acb33dc2-f09b-4244-82bd-fd30ea1545c9@group-71F32C3D27A7-LeaderElection58] INFO  server.RaftServerConfigKeys (ConfUtils.java:logGet(46)) - raft.server.write.element-limit = 1024 (custom)
2022-10-09 13:09:15,316 [acb33dc2-f09b-4244-82bd-fd30ea1545c9@group-71F32C3D27A7-LeaderElection58] INFO  server.RaftServerConfigKeys (ConfUtils.java:logGet(46)) - raft.server.write.byte-limit = 1024 M (=1073741824) (custom)
2022-10-09 13:09:15,316 [acb33dc2-f09b-4244-82bd-fd30ea1545c9@group-71F32C3D27A7-LeaderElection58] INFO  server.RaftServerConfigKeys (ConfUtils.java:logGet(46)) - raft.server.watch.timeout = 180s (custom)
2022-10-09 13:09:15,316 [acb33dc2-f09b-4244-82bd-fd30ea1545c9@group-71F32C3D27A7-LeaderElection58] INFO  server.RaftServerConfigKeys (ConfUtils.java:logGet(46)) - raft.server.watch.timeout.denomination = 1s (default)
2022-10-09 13:09:15,316 [acb33dc2-f09b-4244-82bd-fd30ea1545c9@group-71F32C3D27A7-LeaderElection58] INFO  server.RaftServerConfigKeys (ConfUtils.java:logGet(46)) - raft.server.watch.element-limit = 65536 (default)
2022-10-09 13:09:15,316 [acb33dc2-f09b-4244-82bd-fd30ea1545c9@group-71F32C3D27A7-LeaderElection58] INFO  server.RaftServerConfigKeys (ConfUtils.java:logGet(46)) - raft.server.write.element-limit = 1024 (custom)
2022-10-09 13:09:15,316 [acb33dc2-f09b-4244-82bd-fd30ea1545c9@group-71F32C3D27A7-LeaderElection58] INFO  server.RaftServerConfigKeys (ConfUtils.java:logGet(46)) - raft.server.write.follower.gap.ratio.max = -1.0 (default)
2022-10-09 13:09:15,316 [acb33dc2-f09b-4244-82bd-fd30ea1545c9@group-71F32C3D27A7-LeaderElection58] INFO  impl.RoleInfo (RoleInfo.java:updateAndGet(139)) - acb33dc2-f09b-4244-82bd-fd30ea1545c9: start acb33dc2-f09b-4244-82bd-fd30ea1545c9@group-71F32C3D27A7-LeaderStateImpl
2022-10-09 13:09:15,317 [acb33dc2-f09b-4244-82bd-fd30ea1545c9@group-71F32C3D27A7-LeaderElection58] INFO  segmented.SegmentedRaftLogWorker (SegmentedRaftLogWorker.java:startLogSegment(425)) - acb33dc2-f09b-4244-82bd-fd30ea1545c9@group-71F32C3D27A7-SegmentedRaftLogWorker: Starting segment from index:0
2022-10-09 13:09:15,317 [EventQueue-OpenPipelineForHealthyPipelineSafeModeRule] INFO  safemode.SCMSafeModeManager (HealthyPipelineSafeModeRule.java:process(137)) - SCM in safe mode. Healthy pipelines reported count is 0, required healthy pipeline reported count is 1
2022-10-09 13:09:15,320 [acb33dc2-f09b-4244-82bd-fd30ea1545c9@group-71F32C3D27A7-LeaderElection58] INFO  server.RaftServer$Division (ServerState.java:setRaftConf(393)) - acb33dc2-f09b-4244-82bd-fd30ea1545c9@group-71F32C3D27A7: set configuration 0: [acb33dc2-f09b-4244-82bd-fd30ea1545c9|rpc:10.1.0.209:46425|dataStream:|priority:1], old=null
2022-10-09 13:09:15,349 [acb33dc2-f09b-4244-82bd-fd30ea1545c9@group-71F32C3D27A7-SegmentedRaftLogWorker] INFO  segmented.SegmentedRaftLogWorker (SegmentedRaftLogWorker.java:execute(629)) - acb33dc2-f09b-4244-82bd-fd30ea1545c9@group-71F32C3D27A7-SegmentedRaftLogWorker: created new log segment /home/runner/work/ozone/ozone/hadoop-ozone/integration-test/target/test-dir/MiniOzoneClusterImpl-ae096de1-e798-4387-a84e-b49ba4bb805b/datanode-4/data/ratis/981b77d7-f487-456a-9134-71f32c3d27a7/current/log_inprogress_0
2022-10-09 13:09:16,070 [Listener at 127.0.0.1/34869] INFO  ozone.MiniOzoneClusterImpl (MiniOzoneClusterImpl.java:lambda$waitForClusterToBeReady$0(216)) - Nodes are ready. Got 5 of 5 DN Heartbeats.
2022-10-09 13:09:16,070 [Listener at 127.0.0.1/34869] INFO  ozone.MiniOzoneClusterImpl (MiniOzoneClusterImpl.java:lambda$waitForClusterToBeReady$0(219)) - Waiting for cluster to exit safe mode
2022-10-09 13:09:16,070 [Listener at 127.0.0.1/34869] INFO  ozone.MiniOzoneClusterImpl (MiniOzoneClusterImpl.java:lambda$waitForClusterToBeReady$0(221)) - SCM became leader
2022-10-09 13:09:17,071 [Listener at 127.0.0.1/34869] INFO  ozone.MiniOzoneClusterImpl (MiniOzoneClusterImpl.java:lambda$waitForClusterToBeReady$0(216)) - Nodes are ready. Got 5 of 5 DN Heartbeats.
2022-10-09 13:09:17,071 [Listener at 127.0.0.1/34869] INFO  ozone.MiniOzoneClusterImpl (MiniOzoneClusterImpl.java:lambda$waitForClusterToBeReady$0(219)) - Waiting for cluster to exit safe mode
2022-10-09 13:09:17,071 [Listener at 127.0.0.1/34869] INFO  ozone.MiniOzoneClusterImpl (MiniOzoneClusterImpl.java:lambda$waitForClusterToBeReady$0(221)) - SCM became leader
2022-10-09 13:09:17,211 [a45a9974-6347-49ca-aefd-c703a3af3a84@group-61AA8B057572-FollowerState] INFO  impl.FollowerState (FollowerState.java:run(143)) - a45a9974-6347-49ca-aefd-c703a3af3a84@group-61AA8B057572-FollowerState: change to CANDIDATE, lastRpcElapsedTime:5154722552ns, electionTimeout:5112ms
2022-10-09 13:09:17,211 [a45a9974-6347-49ca-aefd-c703a3af3a84@group-61AA8B057572-FollowerState] INFO  impl.RoleInfo (RoleInfo.java:shutdownFollowerState(110)) - a45a9974-6347-49ca-aefd-c703a3af3a84: shutdown a45a9974-6347-49ca-aefd-c703a3af3a84@group-61AA8B057572-FollowerState
2022-10-09 13:09:17,211 [a45a9974-6347-49ca-aefd-c703a3af3a84@group-61AA8B057572-FollowerState] INFO  server.RaftServer$Division (RaftServerImpl.java:setRole(299)) - a45a9974-6347-49ca-aefd-c703a3af3a84@group-61AA8B057572: changes role from  FOLLOWER to CANDIDATE at term 1 for changeToCandidate
2022-10-09 13:09:17,211 [a45a9974-6347-49ca-aefd-c703a3af3a84@group-61AA8B057572-FollowerState] INFO  server.RaftServerConfigKeys (ConfUtils.java:logGet(46)) - raft.server.leaderelection.pre-vote = false (custom)
2022-10-09 13:09:17,211 [a45a9974-6347-49ca-aefd-c703a3af3a84@group-61AA8B057572-FollowerState] INFO  impl.RoleInfo (RoleInfo.java:updateAndGet(139)) - a45a9974-6347-49ca-aefd-c703a3af3a84: start a45a9974-6347-49ca-aefd-c703a3af3a84@group-61AA8B057572-LeaderElection59
2022-10-09 13:09:17,232 [50de1ab3-18a1-452d-b023-0fe1bea95e64@group-61AA8B057572-FollowerState] INFO  impl.FollowerState (FollowerState.java:run(143)) - 50de1ab3-18a1-452d-b023-0fe1bea95e64@group-61AA8B057572-FollowerState: change to CANDIDATE, lastRpcElapsedTime:5139280476ns, electionTimeout:5110ms
2022-10-09 13:09:17,233 [50de1ab3-18a1-452d-b023-0fe1bea95e64@group-61AA8B057572-FollowerState] INFO  impl.RoleInfo (RoleInfo.java:shutdownFollowerState(110)) - 50de1ab3-18a1-452d-b023-0fe1bea95e64: shutdown 50de1ab3-18a1-452d-b023-0fe1bea95e64@group-61AA8B057572-FollowerState
2022-10-09 13:09:17,233 [50de1ab3-18a1-452d-b023-0fe1bea95e64@group-61AA8B057572-FollowerState] INFO  server.RaftServer$Division (RaftServerImpl.java:setRole(299)) - 50de1ab3-18a1-452d-b023-0fe1bea95e64@group-61AA8B057572: changes role from  FOLLOWER to CANDIDATE at term 1 for changeToCandidate
2022-10-09 13:09:17,233 [50de1ab3-18a1-452d-b023-0fe1bea95e64@group-61AA8B057572-FollowerState] INFO  server.RaftServerConfigKeys (ConfUtils.java:logGet(46)) - raft.server.leaderelection.pre-vote = false (custom)
2022-10-09 13:09:17,233 [50de1ab3-18a1-452d-b023-0fe1bea95e64@group-61AA8B057572-FollowerState] INFO  impl.RoleInfo (RoleInfo.java:updateAndGet(139)) - 50de1ab3-18a1-452d-b023-0fe1bea95e64: start 50de1ab3-18a1-452d-b023-0fe1bea95e64@group-61AA8B057572-LeaderElection60
2022-10-09 13:09:17,285 [a45a9974-6347-49ca-aefd-c703a3af3a84@group-61AA8B057572-LeaderElection59] INFO  impl.LeaderElection (LeaderElection.java:askForVotes(310)) - a45a9974-6347-49ca-aefd-c703a3af3a84@group-61AA8B057572-LeaderElection59 ELECTION round 0: submit vote requests at term 2 for -1: [50de1ab3-18a1-452d-b023-0fe1bea95e64|rpc:10.1.0.209:33457|dataStream:|priority:0, a45a9974-6347-49ca-aefd-c703a3af3a84|rpc:10.1.0.209:35151|dataStream:|priority:1, 63d7508a-aae7-47e5-91de-7b918a2106c8|rpc:10.1.0.209:34509|dataStream:|priority:0], old=null
2022-10-09 13:09:17,317 [50de1ab3-18a1-452d-b023-0fe1bea95e64@group-61AA8B057572-LeaderElection60] INFO  impl.LeaderElection (LeaderElection.java:askForVotes(310)) - 50de1ab3-18a1-452d-b023-0fe1bea95e64@group-61AA8B057572-LeaderElection60 ELECTION round 0: submit vote requests at term 2 for -1: [50de1ab3-18a1-452d-b023-0fe1bea95e64|rpc:10.1.0.209:33457|priority:0, a45a9974-6347-49ca-aefd-c703a3af3a84|rpc:10.1.0.209:35151|priority:1, 63d7508a-aae7-47e5-91de-7b918a2106c8|rpc:10.1.0.209:34509|priority:0], old=null
2022-10-09 13:09:17,362 [grpc-default-executor-0] INFO  server.RaftServer$Division (RaftServerImpl.java:requestVote(1152)) - a45a9974-6347-49ca-aefd-c703a3af3a84@group-61AA8B057572: receive requestVote(ELECTION, 50de1ab3-18a1-452d-b023-0fe1bea95e64, group-61AA8B057572, 2, (t:0, i:0))
2022-10-09 13:09:17,362 [grpc-default-executor-0] INFO  impl.VoteContext (VoteContext.java:log(48)) - a45a9974-6347-49ca-aefd-c703a3af3a84@group-61AA8B057572-CANDIDATE: reject ELECTION from 50de1ab3-18a1-452d-b023-0fe1bea95e64: already has voted for a45a9974-6347-49ca-aefd-c703a3af3a84 at current term 2
2022-10-09 13:09:17,362 [grpc-default-executor-0] INFO  server.RaftServer$Division (RaftServerImpl.java:requestVote(1184)) - a45a9974-6347-49ca-aefd-c703a3af3a84@group-61AA8B057572 replies to ELECTION vote request: 50de1ab3-18a1-452d-b023-0fe1bea95e64<-a45a9974-6347-49ca-aefd-c703a3af3a84#0:FAIL-t2. Peer's state: a45a9974-6347-49ca-aefd-c703a3af3a84@group-61AA8B057572:t2, leader=null, voted=a45a9974-6347-49ca-aefd-c703a3af3a84, raftlog=a45a9974-6347-49ca-aefd-c703a3af3a84@group-61AA8B057572-SegmentedRaftLog:OPENED:c-1, conf=-1: [50de1ab3-18a1-452d-b023-0fe1bea95e64|rpc:10.1.0.209:33457|dataStream:|priority:0, a45a9974-6347-49ca-aefd-c703a3af3a84|rpc:10.1.0.209:35151|dataStream:|priority:1, 63d7508a-aae7-47e5-91de-7b918a2106c8|rpc:10.1.0.209:34509|dataStream:|priority:0], old=null
2022-10-09 13:09:17,363 [grpc-default-executor-1] INFO  server.RaftServer$Division (RaftServerImpl.java:requestVote(1152)) - 63d7508a-aae7-47e5-91de-7b918a2106c8@group-61AA8B057572: receive requestVote(ELECTION, 50de1ab3-18a1-452d-b023-0fe1bea95e64, group-61AA8B057572, 2, (t:0, i:0))
2022-10-09 13:09:17,364 [grpc-default-executor-1] INFO  impl.VoteContext (VoteContext.java:log(48)) - 63d7508a-aae7-47e5-91de-7b918a2106c8@group-61AA8B057572-FOLLOWER: accept ELECTION from 50de1ab3-18a1-452d-b023-0fe1bea95e64: our priority 0 <= candidate's priority 0
2022-10-09 13:09:17,364 [grpc-default-executor-1] INFO  server.RaftServer$Division (RaftServerImpl.java:setRole(299)) - 63d7508a-aae7-47e5-91de-7b918a2106c8@group-61AA8B057572: changes role from  FOLLOWER to FOLLOWER at term 2 for candidate:50de1ab3-18a1-452d-b023-0fe1bea95e64
2022-10-09 13:09:17,364 [grpc-default-executor-1] INFO  impl.RoleInfo (RoleInfo.java:shutdownFollowerState(110)) - 63d7508a-aae7-47e5-91de-7b918a2106c8: shutdown 63d7508a-aae7-47e5-91de-7b918a2106c8@group-61AA8B057572-FollowerState
2022-10-09 13:09:17,368 [grpc-default-executor-1] INFO  impl.RoleInfo (RoleInfo.java:updateAndGet(139)) - 63d7508a-aae7-47e5-91de-7b918a2106c8: start 63d7508a-aae7-47e5-91de-7b918a2106c8@group-61AA8B057572-FollowerState
2022-10-09 13:09:17,369 [63d7508a-aae7-47e5-91de-7b918a2106c8@group-61AA8B057572-FollowerState] INFO  impl.FollowerState (FollowerState.java:run(152)) - 63d7508a-aae7-47e5-91de-7b918a2106c8@group-61AA8B057572-FollowerState was interrupted
2022-10-09 13:09:17,371 [grpc-default-executor-0] INFO  server.RaftServer$Division (RaftServerImpl.java:requestVote(1152)) - 63d7508a-aae7-47e5-91de-7b918a2106c8@group-61AA8B057572: receive requestVote(ELECTION, a45a9974-6347-49ca-aefd-c703a3af3a84, group-61AA8B057572, 2, (t:0, i:0))
2022-10-09 13:09:17,388 [50de1ab3-18a1-452d-b023-0fe1bea95e64@group-61AA8B057572-LeaderElection60] INFO  impl.LeaderElection (LeaderElection.java:logAndReturn(90)) - 50de1ab3-18a1-452d-b023-0fe1bea95e64@group-61AA8B057572-LeaderElection60: ELECTION REJECTED received 1 response(s) and 0 exception(s):
2022-10-09 13:09:17,388 [50de1ab3-18a1-452d-b023-0fe1bea95e64@group-61AA8B057572-LeaderElection60] INFO  impl.LeaderElection (LeaderElection.java:logAndReturn(94)) -   Response 0: 50de1ab3-18a1-452d-b023-0fe1bea95e64<-a45a9974-6347-49ca-aefd-c703a3af3a84#0:FAIL-t2
2022-10-09 13:09:17,388 [50de1ab3-18a1-452d-b023-0fe1bea95e64@group-61AA8B057572-LeaderElection60] INFO  impl.LeaderElection (LeaderElection.java:askForVotes(312)) - 50de1ab3-18a1-452d-b023-0fe1bea95e64@group-61AA8B057572-LeaderElection60 ELECTION round 0: result REJECTED
2022-10-09 13:09:17,388 [50de1ab3-18a1-452d-b023-0fe1bea95e64@group-61AA8B057572-LeaderElection60] INFO  server.RaftServer$Division (RaftServerImpl.java:setRole(299)) - 50de1ab3-18a1-452d-b023-0fe1bea95e64@group-61AA8B057572: changes role from CANDIDATE to FOLLOWER at term 2 for REJECTED
2022-10-09 13:09:17,388 [50de1ab3-18a1-452d-b023-0fe1bea95e64@group-61AA8B057572-LeaderElection60] INFO  impl.RoleInfo (RoleInfo.java:shutdownLeaderElection(130)) - 50de1ab3-18a1-452d-b023-0fe1bea95e64: shutdown 50de1ab3-18a1-452d-b023-0fe1bea95e64@group-61AA8B057572-LeaderElection60
2022-10-09 13:09:17,388 [50de1ab3-18a1-452d-b023-0fe1bea95e64@group-61AA8B057572-LeaderElection60] INFO  impl.RoleInfo (RoleInfo.java:updateAndGet(139)) - 50de1ab3-18a1-452d-b023-0fe1bea95e64: start 50de1ab3-18a1-452d-b023-0fe1bea95e64@group-61AA8B057572-FollowerState
2022-10-09 13:09:17,390 [grpc-default-executor-1] INFO  server.RaftServer$Division (RaftServerImpl.java:requestVote(1184)) - 63d7508a-aae7-47e5-91de-7b918a2106c8@group-61AA8B057572 replies to ELECTION vote request: 50de1ab3-18a1-452d-b023-0fe1bea95e64<-63d7508a-aae7-47e5-91de-7b918a2106c8#0:OK-t2. Peer's state: 63d7508a-aae7-47e5-91de-7b918a2106c8@group-61AA8B057572:t2, leader=null, voted=50de1ab3-18a1-452d-b023-0fe1bea95e64, raftlog=63d7508a-aae7-47e5-91de-7b918a2106c8@group-61AA8B057572-SegmentedRaftLog:OPENED:c-1, conf=-1: [50de1ab3-18a1-452d-b023-0fe1bea95e64|rpc:10.1.0.209:33457|dataStream:|priority:0, a45a9974-6347-49ca-aefd-c703a3af3a84|rpc:10.1.0.209:35151|dataStream:|priority:1, 63d7508a-aae7-47e5-91de-7b918a2106c8|rpc:10.1.0.209:34509|dataStream:|priority:0], old=null
2022-10-09 13:09:17,390 [grpc-default-executor-0] INFO  impl.VoteContext (VoteContext.java:log(48)) - 63d7508a-aae7-47e5-91de-7b918a2106c8@group-61AA8B057572-FOLLOWER: reject ELECTION from a45a9974-6347-49ca-aefd-c703a3af3a84: already has voted for 50de1ab3-18a1-452d-b023-0fe1bea95e64 at current term 2
2022-10-09 13:09:17,390 [grpc-default-executor-0] INFO  server.RaftServer$Division (RaftServerImpl.java:requestVote(1184)) - 63d7508a-aae7-47e5-91de-7b918a2106c8@group-61AA8B057572 replies to ELECTION vote request: a45a9974-6347-49ca-aefd-c703a3af3a84<-63d7508a-aae7-47e5-91de-7b918a2106c8#0:FAIL-t2. Peer's state: 63d7508a-aae7-47e5-91de-7b918a2106c8@group-61AA8B057572:t2, leader=null, voted=50de1ab3-18a1-452d-b023-0fe1bea95e64, raftlog=63d7508a-aae7-47e5-91de-7b918a2106c8@group-61AA8B057572-SegmentedRaftLog:OPENED:c-1, conf=-1: [50de1ab3-18a1-452d-b023-0fe1bea95e64|rpc:10.1.0.209:33457|dataStream:|priority:0, a45a9974-6347-49ca-aefd-c703a3af3a84|rpc:10.1.0.209:35151|dataStream:|priority:1, 63d7508a-aae7-47e5-91de-7b918a2106c8|rpc:10.1.0.209:34509|dataStream:|priority:0], old=null
2022-10-09 13:09:17,408 [grpc-default-executor-2] INFO  server.RaftServer$Division (RaftServerImpl.java:requestVote(1152)) - 50de1ab3-18a1-452d-b023-0fe1bea95e64@group-61AA8B057572: receive requestVote(ELECTION, a45a9974-6347-49ca-aefd-c703a3af3a84, group-61AA8B057572, 2, (t:0, i:0))
2022-10-09 13:09:17,408 [grpc-default-executor-2] INFO  impl.VoteContext (VoteContext.java:log(48)) - 50de1ab3-18a1-452d-b023-0fe1bea95e64@group-61AA8B057572-FOLLOWER: reject ELECTION from a45a9974-6347-49ca-aefd-c703a3af3a84: already has voted for 50de1ab3-18a1-452d-b023-0fe1bea95e64 at current term 2
2022-10-09 13:09:17,408 [grpc-default-executor-2] INFO  server.RaftServer$Division (RaftServerImpl.java:requestVote(1184)) - 50de1ab3-18a1-452d-b023-0fe1bea95e64@group-61AA8B057572 replies to ELECTION vote request: a45a9974-6347-49ca-aefd-c703a3af3a84<-50de1ab3-18a1-452d-b023-0fe1bea95e64#0:FAIL-t2. Peer's state: 50de1ab3-18a1-452d-b023-0fe1bea95e64@group-61AA8B057572:t2, leader=null, voted=50de1ab3-18a1-452d-b023-0fe1bea95e64, raftlog=50de1ab3-18a1-452d-b023-0fe1bea95e64@group-61AA8B057572-SegmentedRaftLog:OPENED:c-1, conf=-1: [50de1ab3-18a1-452d-b023-0fe1bea95e64|rpc:10.1.0.209:33457|priority:0, a45a9974-6347-49ca-aefd-c703a3af3a84|rpc:10.1.0.209:35151|priority:1, 63d7508a-aae7-47e5-91de-7b918a2106c8|rpc:10.1.0.209:34509|priority:0], old=null
2022-10-09 13:09:17,416 [a45a9974-6347-49ca-aefd-c703a3af3a84@group-61AA8B057572-LeaderElection59] INFO  impl.LeaderElection (LeaderElection.java:logAndReturn(90)) - a45a9974-6347-49ca-aefd-c703a3af3a84@group-61AA8B057572-LeaderElection59: ELECTION REJECTED received 2 response(s) and 0 exception(s):
2022-10-09 13:09:17,416 [a45a9974-6347-49ca-aefd-c703a3af3a84@group-61AA8B057572-LeaderElection59] INFO  impl.LeaderElection (LeaderElection.java:logAndReturn(94)) -   Response 0: a45a9974-6347-49ca-aefd-c703a3af3a84<-50de1ab3-18a1-452d-b023-0fe1bea95e64#0:FAIL-t2
2022-10-09 13:09:17,416 [a45a9974-6347-49ca-aefd-c703a3af3a84@group-61AA8B057572-LeaderElection59] INFO  impl.LeaderElection (LeaderElection.java:logAndReturn(94)) -   Response 1: a45a9974-6347-49ca-aefd-c703a3af3a84<-63d7508a-aae7-47e5-91de-7b918a2106c8#0:FAIL-t2
2022-10-09 13:09:17,416 [a45a9974-6347-49ca-aefd-c703a3af3a84@group-61AA8B057572-LeaderElection59] INFO  impl.LeaderElection (LeaderElection.java:askForVotes(312)) - a45a9974-6347-49ca-aefd-c703a3af3a84@group-61AA8B057572-LeaderElection59 ELECTION round 0: result REJECTED
2022-10-09 13:09:17,416 [a45a9974-6347-49ca-aefd-c703a3af3a84@group-61AA8B057572-LeaderElection59] INFO  server.RaftServer$Division (RaftServerImpl.java:setRole(299)) - a45a9974-6347-49ca-aefd-c703a3af3a84@group-61AA8B057572: changes role from CANDIDATE to FOLLOWER at term 2 for REJECTED
2022-10-09 13:09:17,416 [a45a9974-6347-49ca-aefd-c703a3af3a84@group-61AA8B057572-LeaderElection59] INFO  impl.RoleInfo (RoleInfo.java:shutdownLeaderElection(130)) - a45a9974-6347-49ca-aefd-c703a3af3a84: shutdown a45a9974-6347-49ca-aefd-c703a3af3a84@group-61AA8B057572-LeaderElection59
2022-10-09 13:09:17,416 [a45a9974-6347-49ca-aefd-c703a3af3a84@group-61AA8B057572-LeaderElection59] INFO  impl.RoleInfo (RoleInfo.java:updateAndGet(139)) - a45a9974-6347-49ca-aefd-c703a3af3a84: start a45a9974-6347-49ca-aefd-c703a3af3a84@group-61AA8B057572-FollowerState
2022-10-09 13:09:17,524 [50de1ab3-18a1-452d-b023-0fe1bea95e64@group-C323F128D3A8-FollowerState] INFO  impl.FollowerState (FollowerState.java:run(143)) - 50de1ab3-18a1-452d-b023-0fe1bea95e64@group-C323F128D3A8-FollowerState: change to CANDIDATE, lastRpcElapsedTime:5106242598ns, electionTimeout:5101ms
2022-10-09 13:09:17,524 [50de1ab3-18a1-452d-b023-0fe1bea95e64@group-C323F128D3A8-FollowerState] INFO  impl.RoleInfo (RoleInfo.java:shutdownFollowerState(110)) - 50de1ab3-18a1-452d-b023-0fe1bea95e64: shutdown 50de1ab3-18a1-452d-b023-0fe1bea95e64@group-C323F128D3A8-FollowerState
2022-10-09 13:09:17,524 [50de1ab3-18a1-452d-b023-0fe1bea95e64@group-C323F128D3A8-FollowerState] INFO  server.RaftServer$Division (RaftServerImpl.java:setRole(299)) - 50de1ab3-18a1-452d-b023-0fe1bea95e64@group-C323F128D3A8: changes role from  FOLLOWER to CANDIDATE at term 1 for changeToCandidate
2022-10-09 13:09:17,524 [50de1ab3-18a1-452d-b023-0fe1bea95e64@group-C323F128D3A8-FollowerState] INFO  server.RaftServerConfigKeys (ConfUtils.java:logGet(46)) - raft.server.leaderelection.pre-vote = false (custom)
2022-10-09 13:09:17,524 [50de1ab3-18a1-452d-b023-0fe1bea95e64@group-C323F128D3A8-FollowerState] INFO  impl.RoleInfo (RoleInfo.java:updateAndGet(139)) - 50de1ab3-18a1-452d-b023-0fe1bea95e64: start 50de1ab3-18a1-452d-b023-0fe1bea95e64@group-C323F128D3A8-LeaderElection61
2022-10-09 13:09:17,549 [50de1ab3-18a1-452d-b023-0fe1bea95e64@group-C323F128D3A8-LeaderElection61] INFO  impl.LeaderElection (LeaderElection.java:askForVotes(310)) - 50de1ab3-18a1-452d-b023-0fe1bea95e64@group-C323F128D3A8-LeaderElection61 ELECTION round 0: submit vote requests at term 2 for -1: [50de1ab3-18a1-452d-b023-0fe1bea95e64|rpc:10.1.0.209:33457|priority:0, a45a9974-6347-49ca-aefd-c703a3af3a84|rpc:10.1.0.209:35151|priority:0, 63d7508a-aae7-47e5-91de-7b918a2106c8|rpc:10.1.0.209:34509|priority:1], old=null
2022-10-09 13:09:17,569 [grpc-default-executor-2] INFO  server.RaftServer$Division (RaftServerImpl.java:requestVote(1152)) - a45a9974-6347-49ca-aefd-c703a3af3a84@group-C323F128D3A8: receive requestVote(ELECTION, 50de1ab3-18a1-452d-b023-0fe1bea95e64, group-C323F128D3A8, 2, (t:0, i:0))
2022-10-09 13:09:17,578 [grpc-default-executor-2] INFO  impl.VoteContext (VoteContext.java:log(48)) - a45a9974-6347-49ca-aefd-c703a3af3a84@group-C323F128D3A8-FOLLOWER: accept ELECTION from 50de1ab3-18a1-452d-b023-0fe1bea95e64: our priority 0 <= candidate's priority 0
2022-10-09 13:09:17,578 [grpc-default-executor-2] INFO  server.RaftServer$Division (RaftServerImpl.java:setRole(299)) - a45a9974-6347-49ca-aefd-c703a3af3a84@group-C323F128D3A8: changes role from  FOLLOWER to FOLLOWER at term 2 for candidate:50de1ab3-18a1-452d-b023-0fe1bea95e64
2022-10-09 13:09:17,578 [grpc-default-executor-2] INFO  impl.RoleInfo (RoleInfo.java:shutdownFollowerState(110)) - a45a9974-6347-49ca-aefd-c703a3af3a84: shutdown a45a9974-6347-49ca-aefd-c703a3af3a84@group-C323F128D3A8-FollowerState
2022-10-09 13:09:17,578 [grpc-default-executor-2] INFO  impl.RoleInfo (RoleInfo.java:updateAndGet(139)) - a45a9974-6347-49ca-aefd-c703a3af3a84: start a45a9974-6347-49ca-aefd-c703a3af3a84@group-C323F128D3A8-FollowerState
2022-10-09 13:09:17,578 [a45a9974-6347-49ca-aefd-c703a3af3a84@group-C323F128D3A8-FollowerState] INFO  impl.FollowerState (FollowerState.java:run(152)) - a45a9974-6347-49ca-aefd-c703a3af3a84@group-C323F128D3A8-FollowerState was interrupted
2022-10-09 13:09:17,600 [grpc-default-executor-2] INFO  server.RaftServer$Division (RaftServerImpl.java:requestVote(1184)) - a45a9974-6347-49ca-aefd-c703a3af3a84@group-C323F128D3A8 replies to ELECTION vote request: 50de1ab3-18a1-452d-b023-0fe1bea95e64<-a45a9974-6347-49ca-aefd-c703a3af3a84#0:OK-t2. Peer's state: a45a9974-6347-49ca-aefd-c703a3af3a84@group-C323F128D3A8:t2, leader=null, voted=50de1ab3-18a1-452d-b023-0fe1bea95e64, raftlog=a45a9974-6347-49ca-aefd-c703a3af3a84@group-C323F128D3A8-SegmentedRaftLog:OPENED:c-1, conf=-1: [50de1ab3-18a1-452d-b023-0fe1bea95e64|rpc:10.1.0.209:33457|dataStream:|priority:0, a45a9974-6347-49ca-aefd-c703a3af3a84|rpc:10.1.0.209:35151|dataStream:|priority:0, 63d7508a-aae7-47e5-91de-7b918a2106c8|rpc:10.1.0.209:34509|dataStream:|priority:1], old=null
2022-10-09 13:09:17,612 [grpc-default-executor-2] INFO  server.RaftServer$Division (RaftServerImpl.java:requestVote(1152)) - 63d7508a-aae7-47e5-91de-7b918a2106c8@group-C323F128D3A8: receive requestVote(ELECTION, 50de1ab3-18a1-452d-b023-0fe1bea95e64, group-C323F128D3A8, 2, (t:0, i:0))
2022-10-09 13:09:17,612 [grpc-default-executor-2] INFO  impl.VoteContext (VoteContext.java:log(48)) - 63d7508a-aae7-47e5-91de-7b918a2106c8@group-C323F128D3A8-FOLLOWER: reject ELECTION from 50de1ab3-18a1-452d-b023-0fe1bea95e64: our priority 1 > candidate's priority 0
2022-10-09 13:09:17,612 [grpc-default-executor-2] INFO  server.RaftServer$Division (RaftServerImpl.java:setRole(299)) - 63d7508a-aae7-47e5-91de-7b918a2106c8@group-C323F128D3A8: changes role from  FOLLOWER to FOLLOWER at term 2 for candidate:50de1ab3-18a1-452d-b023-0fe1bea95e64
2022-10-09 13:09:17,612 [grpc-default-executor-2] INFO  impl.RoleInfo (RoleInfo.java:shutdownFollowerState(110)) - 63d7508a-aae7-47e5-91de-7b918a2106c8: shutdown 63d7508a-aae7-47e5-91de-7b918a2106c8@group-C323F128D3A8-FollowerState
2022-10-09 13:09:17,612 [grpc-default-executor-2] INFO  impl.RoleInfo (RoleInfo.java:updateAndGet(139)) - 63d7508a-aae7-47e5-91de-7b918a2106c8: start 63d7508a-aae7-47e5-91de-7b918a2106c8@group-C323F128D3A8-FollowerState
2022-10-09 13:09:17,612 [63d7508a-aae7-47e5-91de-7b918a2106c8@group-C323F128D3A8-FollowerState] INFO  impl.FollowerState (FollowerState.java:run(152)) - 63d7508a-aae7-47e5-91de-7b918a2106c8@group-C323F128D3A8-FollowerState was interrupted
2022-10-09 13:09:17,616 [grpc-default-executor-2] INFO  server.RaftServer$Division (RaftServerImpl.java:requestVote(1184)) - 63d7508a-aae7-47e5-91de-7b918a2106c8@group-C323F128D3A8 replies to ELECTION vote request: 50de1ab3-18a1-452d-b023-0fe1bea95e64<-63d7508a-aae7-47e5-91de-7b918a2106c8#0:FAIL-t2. Peer's state: 63d7508a-aae7-47e5-91de-7b918a2106c8@group-C323F128D3A8:t2, leader=null, voted=null, raftlog=63d7508a-aae7-47e5-91de-7b918a2106c8@group-C323F128D3A8-SegmentedRaftLog:OPENED:c-1, conf=-1: [50de1ab3-18a1-452d-b023-0fe1bea95e64|rpc:10.1.0.209:33457|priority:0, a45a9974-6347-49ca-aefd-c703a3af3a84|rpc:10.1.0.209:35151|priority:0, 63d7508a-aae7-47e5-91de-7b918a2106c8|rpc:10.1.0.209:34509|priority:1], old=null
2022-10-09 13:09:17,617 [50de1ab3-18a1-452d-b023-0fe1bea95e64@group-C323F128D3A8-LeaderElection61] INFO  impl.LeaderElection (LeaderElection.java:logAndReturn(90)) - 50de1ab3-18a1-452d-b023-0fe1bea95e64@group-C323F128D3A8-LeaderElection61: ELECTION REJECTED received 2 response(s) and 0 exception(s):
2022-10-09 13:09:17,617 [50de1ab3-18a1-452d-b023-0fe1bea95e64@group-C323F128D3A8-LeaderElection61] INFO  impl.LeaderElection (LeaderElection.java:logAndReturn(94)) -   Response 0: 50de1ab3-18a1-452d-b023-0fe1bea95e64<-a45a9974-6347-49ca-aefd-c703a3af3a84#0:OK-t2
2022-10-09 13:09:17,617 [50de1ab3-18a1-452d-b023-0fe1bea95e64@group-C323F128D3A8-LeaderElection61] INFO  impl.LeaderElection (LeaderElection.java:logAndReturn(94)) -   Response 1: 50de1ab3-18a1-452d-b023-0fe1bea95e64<-63d7508a-aae7-47e5-91de-7b918a2106c8#0:FAIL-t2
2022-10-09 13:09:17,617 [50de1ab3-18a1-452d-b023-0fe1bea95e64@group-C323F128D3A8-LeaderElection61] INFO  impl.LeaderElection (LeaderElection.java:askForVotes(312)) - 50de1ab3-18a1-452d-b023-0fe1bea95e64@group-C323F128D3A8-LeaderElection61 ELECTION round 0: result REJECTED
2022-10-09 13:09:17,617 [50de1ab3-18a1-452d-b023-0fe1bea95e64@group-C323F128D3A8-LeaderElection61] INFO  server.RaftServer$Division (RaftServerImpl.java:setRole(299)) - 50de1ab3-18a1-452d-b023-0fe1bea95e64@group-C323F128D3A8: changes role from CANDIDATE to FOLLOWER at term 2 for REJECTED
2022-10-09 13:09:17,617 [50de1ab3-18a1-452d-b023-0fe1bea95e64@group-C323F128D3A8-LeaderElection61] INFO  impl.RoleInfo (RoleInfo.java:shutdownLeaderElection(130)) - 50de1ab3-18a1-452d-b023-0fe1bea95e64: shutdown 50de1ab3-18a1-452d-b023-0fe1bea95e64@group-C323F128D3A8-LeaderElection61
2022-10-09 13:09:17,617 [50de1ab3-18a1-452d-b023-0fe1bea95e64@group-C323F128D3A8-LeaderElection61] INFO  impl.RoleInfo (RoleInfo.java:updateAndGet(139)) - 50de1ab3-18a1-452d-b023-0fe1bea95e64: start 50de1ab3-18a1-452d-b023-0fe1bea95e64@group-C323F128D3A8-FollowerState
2022-10-09 13:09:18,074 [Listener at 127.0.0.1/34869] INFO  ozone.MiniOzoneClusterImpl (MiniOzoneClusterImpl.java:lambda$waitForClusterToBeReady$0(216)) - Nodes are ready. Got 5 of 5 DN Heartbeats.
2022-10-09 13:09:18,074 [Listener at 127.0.0.1/34869] INFO  ozone.MiniOzoneClusterImpl (MiniOzoneClusterImpl.java:lambda$waitForClusterToBeReady$0(219)) - Waiting for cluster to exit safe mode
2022-10-09 13:09:18,074 [Listener at 127.0.0.1/34869] INFO  ozone.MiniOzoneClusterImpl (MiniOzoneClusterImpl.java:lambda$waitForClusterToBeReady$0(221)) - SCM became leader
2022-10-09 13:09:19,074 [Listener at 127.0.0.1/34869] INFO  ozone.MiniOzoneClusterImpl (MiniOzoneClusterImpl.java:lambda$waitForClusterToBeReady$0(216)) - Nodes are ready. Got 5 of 5 DN Heartbeats.
2022-10-09 13:09:19,074 [Listener at 127.0.0.1/34869] INFO  ozone.MiniOzoneClusterImpl (MiniOzoneClusterImpl.java:lambda$waitForClusterToBeReady$0(219)) - Waiting for cluster to exit safe mode
2022-10-09 13:09:19,074 [Listener at 127.0.0.1/34869] INFO  ozone.MiniOzoneClusterImpl (MiniOzoneClusterImpl.java:lambda$waitForClusterToBeReady$0(221)) - SCM became leader
2022-10-09 13:09:20,077 [Listener at 127.0.0.1/34869] INFO  ozone.MiniOzoneClusterImpl (MiniOzoneClusterImpl.java:lambda$waitForClusterToBeReady$0(216)) - Nodes are ready. Got 5 of 5 DN Heartbeats.
2022-10-09 13:09:20,078 [Listener at 127.0.0.1/34869] INFO  ozone.MiniOzoneClusterImpl (MiniOzoneClusterImpl.java:lambda$waitForClusterToBeReady$0(219)) - Waiting for cluster to exit safe mode
2022-10-09 13:09:20,078 [Listener at 127.0.0.1/34869] INFO  ozone.MiniOzoneClusterImpl (MiniOzoneClusterImpl.java:lambda$waitForClusterToBeReady$0(221)) - SCM became leader
2022-10-09 13:09:21,078 [Listener at 127.0.0.1/34869] INFO  ozone.MiniOzoneClusterImpl (MiniOzoneClusterImpl.java:lambda$waitForClusterToBeReady$0(216)) - Nodes are ready. Got 5 of 5 DN Heartbeats.
2022-10-09 13:09:21,078 [Listener at 127.0.0.1/34869] INFO  ozone.MiniOzoneClusterImpl (MiniOzoneClusterImpl.java:lambda$waitForClusterToBeReady$0(219)) - Waiting for cluster to exit safe mode
2022-10-09 13:09:21,078 [Listener at 127.0.0.1/34869] INFO  ozone.MiniOzoneClusterImpl (MiniOzoneClusterImpl.java:lambda$waitForClusterToBeReady$0(221)) - SCM became leader
2022-10-09 13:09:22,078 [Listener at 127.0.0.1/34869] INFO  ozone.MiniOzoneClusterImpl (MiniOzoneClusterImpl.java:lambda$waitForClusterToBeReady$0(216)) - Nodes are ready. Got 5 of 5 DN Heartbeats.
2022-10-09 13:09:22,079 [Listener at 127.0.0.1/34869] INFO  ozone.MiniOzoneClusterImpl (MiniOzoneClusterImpl.java:lambda$waitForClusterToBeReady$0(219)) - Waiting for cluster to exit safe mode
2022-10-09 13:09:22,079 [Listener at 127.0.0.1/34869] INFO  ozone.MiniOzoneClusterImpl (MiniOzoneClusterImpl.java:lambda$waitForClusterToBeReady$0(221)) - SCM became leader
2022-10-09 13:09:22,389 [50de1ab3-18a1-452d-b023-0fe1bea95e64@group-61AA8B057572-FollowerState] INFO  impl.FollowerState (FollowerState.java:run(143)) - 50de1ab3-18a1-452d-b023-0fe1bea95e64@group-61AA8B057572-FollowerState: change to CANDIDATE, lastRpcElapsedTime:5001009537ns, electionTimeout:5000ms
2022-10-09 13:09:22,389 [50de1ab3-18a1-452d-b023-0fe1bea95e64@group-61AA8B057572-FollowerState] INFO  impl.RoleInfo (RoleInfo.java:shutdownFollowerState(110)) - 50de1ab3-18a1-452d-b023-0fe1bea95e64: shutdown 50de1ab3-18a1-452d-b023-0fe1bea95e64@group-61AA8B057572-FollowerState
2022-10-09 13:09:22,389 [50de1ab3-18a1-452d-b023-0fe1bea95e64@group-61AA8B057572-FollowerState] INFO  server.RaftServer$Division (RaftServerImpl.java:setRole(299)) - 50de1ab3-18a1-452d-b023-0fe1bea95e64@group-61AA8B057572: changes role from  FOLLOWER to CANDIDATE at term 2 for changeToCandidate
2022-10-09 13:09:22,389 [50de1ab3-18a1-452d-b023-0fe1bea95e64@group-61AA8B057572-FollowerState] INFO  server.RaftServerConfigKeys (ConfUtils.java:logGet(46)) - raft.server.leaderelection.pre-vote = false (custom)
2022-10-09 13:09:22,389 [50de1ab3-18a1-452d-b023-0fe1bea95e64@group-61AA8B057572-FollowerState] INFO  impl.RoleInfo (RoleInfo.java:updateAndGet(139)) - 50de1ab3-18a1-452d-b023-0fe1bea95e64: start 50de1ab3-18a1-452d-b023-0fe1bea95e64@group-61AA8B057572-LeaderElection62
2022-10-09 13:09:22,432 [50de1ab3-18a1-452d-b023-0fe1bea95e64@group-61AA8B057572-LeaderElection62] INFO  impl.LeaderElection (LeaderElection.java:askForVotes(310)) - 50de1ab3-18a1-452d-b023-0fe1bea95e64@group-61AA8B057572-LeaderElection62 ELECTION round 0: submit vote requests at term 3 for -1: [50de1ab3-18a1-452d-b023-0fe1bea95e64|rpc:10.1.0.209:33457|priority:0, a45a9974-6347-49ca-aefd-c703a3af3a84|rpc:10.1.0.209:35151|priority:1, 63d7508a-aae7-47e5-91de-7b918a2106c8|rpc:10.1.0.209:34509|priority:0], old=null
2022-10-09 13:09:22,445 [grpc-default-executor-2] INFO  server.RaftServer$Division (RaftServerImpl.java:requestVote(1152)) - a45a9974-6347-49ca-aefd-c703a3af3a84@group-61AA8B057572: receive requestVote(ELECTION, 50de1ab3-18a1-452d-b023-0fe1bea95e64, group-61AA8B057572, 3, (t:0, i:0))
2022-10-09 13:09:22,445 [grpc-default-executor-2] INFO  impl.VoteContext (VoteContext.java:log(48)) - a45a9974-6347-49ca-aefd-c703a3af3a84@group-61AA8B057572-FOLLOWER: reject ELECTION from 50de1ab3-18a1-452d-b023-0fe1bea95e64: our priority 1 > candidate's priority 0
2022-10-09 13:09:22,445 [grpc-default-executor-2] INFO  server.RaftServer$Division (RaftServerImpl.java:setRole(299)) - a45a9974-6347-49ca-aefd-c703a3af3a84@group-61AA8B057572: changes role from  FOLLOWER to FOLLOWER at term 3 for candidate:50de1ab3-18a1-452d-b023-0fe1bea95e64
2022-10-09 13:09:22,445 [grpc-default-executor-2] INFO  impl.RoleInfo (RoleInfo.java:shutdownFollowerState(110)) - a45a9974-6347-49ca-aefd-c703a3af3a84: shutdown a45a9974-6347-49ca-aefd-c703a3af3a84@group-61AA8B057572-FollowerState
2022-10-09 13:09:22,445 [grpc-default-executor-2] INFO  impl.RoleInfo (RoleInfo.java:updateAndGet(139)) - a45a9974-6347-49ca-aefd-c703a3af3a84: start a45a9974-6347-49ca-aefd-c703a3af3a84@group-61AA8B057572-FollowerState
2022-10-09 13:09:22,445 [a45a9974-6347-49ca-aefd-c703a3af3a84@group-61AA8B057572-FollowerState] INFO  impl.FollowerState (FollowerState.java:run(152)) - a45a9974-6347-49ca-aefd-c703a3af3a84@group-61AA8B057572-FollowerState was interrupted
2022-10-09 13:09:22,452 [grpc-default-executor-2] INFO  server.RaftServer$Division (RaftServerImpl.java:requestVote(1184)) - a45a9974-6347-49ca-aefd-c703a3af3a84@group-61AA8B057572 replies to ELECTION vote request: 50de1ab3-18a1-452d-b023-0fe1bea95e64<-a45a9974-6347-49ca-aefd-c703a3af3a84#0:FAIL-t3. Peer's state: a45a9974-6347-49ca-aefd-c703a3af3a84@group-61AA8B057572:t3, leader=null, voted=null, raftlog=a45a9974-6347-49ca-aefd-c703a3af3a84@group-61AA8B057572-SegmentedRaftLog:OPENED:c-1, conf=-1: [50de1ab3-18a1-452d-b023-0fe1bea95e64|rpc:10.1.0.209:33457|dataStream:|priority:0, a45a9974-6347-49ca-aefd-c703a3af3a84|rpc:10.1.0.209:35151|dataStream:|priority:1, 63d7508a-aae7-47e5-91de-7b918a2106c8|rpc:10.1.0.209:34509|dataStream:|priority:0], old=null
2022-10-09 13:09:22,453 [50de1ab3-18a1-452d-b023-0fe1bea95e64@group-61AA8B057572-LeaderElection62] INFO  impl.LeaderElection (LeaderElection.java:logAndReturn(90)) - 50de1ab3-18a1-452d-b023-0fe1bea95e64@group-61AA8B057572-LeaderElection62: ELECTION REJECTED received 1 response(s) and 0 exception(s):
2022-10-09 13:09:22,453 [50de1ab3-18a1-452d-b023-0fe1bea95e64@group-61AA8B057572-LeaderElection62] INFO  impl.LeaderElection (LeaderElection.java:logAndReturn(94)) -   Response 0: 50de1ab3-18a1-452d-b023-0fe1bea95e64<-a45a9974-6347-49ca-aefd-c703a3af3a84#0:FAIL-t3
2022-10-09 13:09:22,453 [50de1ab3-18a1-452d-b023-0fe1bea95e64@group-61AA8B057572-LeaderElection62] INFO  impl.LeaderElection (LeaderElection.java:askForVotes(312)) - 50de1ab3-18a1-452d-b023-0fe1bea95e64@group-61AA8B057572-LeaderElection62 ELECTION round 0: result REJECTED
2022-10-09 13:09:22,453 [50de1ab3-18a1-452d-b023-0fe1bea95e64@group-61AA8B057572-LeaderElection62] INFO  server.RaftServer$Division (RaftServerImpl.java:setRole(299)) - 50de1ab3-18a1-452d-b023-0fe1bea95e64@group-61AA8B057572: changes role from CANDIDATE to FOLLOWER at term 3 for REJECTED
2022-10-09 13:09:22,453 [50de1ab3-18a1-452d-b023-0fe1bea95e64@group-61AA8B057572-LeaderElection62] INFO  impl.RoleInfo (RoleInfo.java:shutdownLeaderElection(130)) - 50de1ab3-18a1-452d-b023-0fe1bea95e64: shutdown 50de1ab3-18a1-452d-b023-0fe1bea95e64@group-61AA8B057572-LeaderElection62
2022-10-09 13:09:22,453 [50de1ab3-18a1-452d-b023-0fe1bea95e64@group-61AA8B057572-LeaderElection62] INFO  impl.RoleInfo (RoleInfo.java:updateAndGet(139)) - 50de1ab3-18a1-452d-b023-0fe1bea95e64: start 50de1ab3-18a1-452d-b023-0fe1bea95e64@group-61AA8B057572-FollowerState
2022-10-09 13:09:22,473 [grpc-default-executor-2] INFO  server.RaftServer$Division (RaftServerImpl.java:requestVote(1152)) - 63d7508a-aae7-47e5-91de-7b918a2106c8@group-61AA8B057572: receive requestVote(ELECTION, 50de1ab3-18a1-452d-b023-0fe1bea95e64, group-61AA8B057572, 3, (t:0, i:0))
2022-10-09 13:09:22,473 [grpc-default-executor-2] INFO  impl.VoteContext (VoteContext.java:log(48)) - 63d7508a-aae7-47e5-91de-7b918a2106c8@group-61AA8B057572-FOLLOWER: accept ELECTION from 50de1ab3-18a1-452d-b023-0fe1bea95e64: our priority 0 <= candidate's priority 0
2022-10-09 13:09:22,473 [grpc-default-executor-2] INFO  server.RaftServer$Division (RaftServerImpl.java:setRole(299)) - 63d7508a-aae7-47e5-91de-7b918a2106c8@group-61AA8B057572: changes role from  FOLLOWER to FOLLOWER at term 3 for candidate:50de1ab3-18a1-452d-b023-0fe1bea95e64
2022-10-09 13:09:22,473 [grpc-default-executor-2] INFO  impl.RoleInfo (RoleInfo.java:shutdownFollowerState(110)) - 63d7508a-aae7-47e5-91de-7b918a2106c8: shutdown 63d7508a-aae7-47e5-91de-7b918a2106c8@group-61AA8B057572-FollowerState
2022-10-09 13:09:22,474 [grpc-default-executor-2] INFO  impl.RoleInfo (RoleInfo.java:updateAndGet(139)) - 63d7508a-aae7-47e5-91de-7b918a2106c8: start 63d7508a-aae7-47e5-91de-7b918a2106c8@group-61AA8B057572-FollowerState
2022-10-09 13:09:22,474 [63d7508a-aae7-47e5-91de-7b918a2106c8@group-61AA8B057572-FollowerState] INFO  impl.FollowerState (FollowerState.java:run(152)) - 63d7508a-aae7-47e5-91de-7b918a2106c8@group-61AA8B057572-FollowerState was interrupted
2022-10-09 13:09:22,482 [grpc-default-executor-2] INFO  server.RaftServer$Division (RaftServerImpl.java:requestVote(1184)) - 63d7508a-aae7-47e5-91de-7b918a2106c8@group-61AA8B057572 replies to ELECTION vote request: 50de1ab3-18a1-452d-b023-0fe1bea95e64<-63d7508a-aae7-47e5-91de-7b918a2106c8#0:OK-t3. Peer's state: 63d7508a-aae7-47e5-91de-7b918a2106c8@group-61AA8B057572:t3, leader=null, voted=50de1ab3-18a1-452d-b023-0fe1bea95e64, raftlog=63d7508a-aae7-47e5-91de-7b918a2106c8@group-61AA8B057572-SegmentedRaftLog:OPENED:c-1, conf=-1: [50de1ab3-18a1-452d-b023-0fe1bea95e64|rpc:10.1.0.209:33457|dataStream:|priority:0, a45a9974-6347-49ca-aefd-c703a3af3a84|rpc:10.1.0.209:35151|dataStream:|priority:1, 63d7508a-aae7-47e5-91de-7b918a2106c8|rpc:10.1.0.209:34509|dataStream:|priority:0], old=null
2022-10-09 13:09:22,699 [50de1ab3-18a1-452d-b023-0fe1bea95e64@group-C323F128D3A8-FollowerState] INFO  impl.FollowerState (FollowerState.java:run(143)) - 50de1ab3-18a1-452d-b023-0fe1bea95e64@group-C323F128D3A8-FollowerState: change to CANDIDATE, lastRpcElapsedTime:5081163546ns, electionTimeout:5045ms
2022-10-09 13:09:22,699 [50de1ab3-18a1-452d-b023-0fe1bea95e64@group-C323F128D3A8-FollowerState] INFO  impl.RoleInfo (RoleInfo.java:shutdownFollowerState(110)) - 50de1ab3-18a1-452d-b023-0fe1bea95e64: shutdown 50de1ab3-18a1-452d-b023-0fe1bea95e64@group-C323F128D3A8-FollowerState
2022-10-09 13:09:22,699 [50de1ab3-18a1-452d-b023-0fe1bea95e64@group-C323F128D3A8-FollowerState] INFO  server.RaftServer$Division (RaftServerImpl.java:setRole(299)) - 50de1ab3-18a1-452d-b023-0fe1bea95e64@group-C323F128D3A8: changes role from  FOLLOWER to CANDIDATE at term 2 for changeToCandidate
2022-10-09 13:09:22,699 [50de1ab3-18a1-452d-b023-0fe1bea95e64@group-C323F128D3A8-FollowerState] INFO  server.RaftServerConfigKeys (ConfUtils.java:logGet(46)) - raft.server.leaderelection.pre-vote = false (custom)
2022-10-09 13:09:22,699 [50de1ab3-18a1-452d-b023-0fe1bea95e64@group-C323F128D3A8-FollowerState] INFO  impl.RoleInfo (RoleInfo.java:updateAndGet(139)) - 50de1ab3-18a1-452d-b023-0fe1bea95e64: start 50de1ab3-18a1-452d-b023-0fe1bea95e64@group-C323F128D3A8-LeaderElection63
2022-10-09 13:09:22,724 [50de1ab3-18a1-452d-b023-0fe1bea95e64@group-C323F128D3A8-LeaderElection63] INFO  impl.LeaderElection (LeaderElection.java:askForVotes(310)) - 50de1ab3-18a1-452d-b023-0fe1bea95e64@group-C323F128D3A8-LeaderElection63 ELECTION round 0: submit vote requests at term 3 for -1: [50de1ab3-18a1-452d-b023-0fe1bea95e64|rpc:10.1.0.209:33457|priority:0, a45a9974-6347-49ca-aefd-c703a3af3a84|rpc:10.1.0.209:35151|priority:0, 63d7508a-aae7-47e5-91de-7b918a2106c8|rpc:10.1.0.209:34509|priority:1], old=null
2022-10-09 13:09:22,733 [grpc-default-executor-2] INFO  server.RaftServer$Division (RaftServerImpl.java:requestVote(1152)) - a45a9974-6347-49ca-aefd-c703a3af3a84@group-C323F128D3A8: receive requestVote(ELECTION, 50de1ab3-18a1-452d-b023-0fe1bea95e64, group-C323F128D3A8, 3, (t:0, i:0))
2022-10-09 13:09:22,733 [grpc-default-executor-2] INFO  impl.VoteContext (VoteContext.java:log(48)) - a45a9974-6347-49ca-aefd-c703a3af3a84@group-C323F128D3A8-FOLLOWER: accept ELECTION from 50de1ab3-18a1-452d-b023-0fe1bea95e64: our priority 0 <= candidate's priority 0
2022-10-09 13:09:22,733 [grpc-default-executor-2] INFO  server.RaftServer$Division (RaftServerImpl.java:setRole(299)) - a45a9974-6347-49ca-aefd-c703a3af3a84@group-C323F128D3A8: changes role from  FOLLOWER to FOLLOWER at term 3 for candidate:50de1ab3-18a1-452d-b023-0fe1bea95e64
2022-10-09 13:09:22,733 [grpc-default-executor-2] INFO  impl.RoleInfo (RoleInfo.java:shutdownFollowerState(110)) - a45a9974-6347-49ca-aefd-c703a3af3a84: shutdown a45a9974-6347-49ca-aefd-c703a3af3a84@group-C323F128D3A8-FollowerState
2022-10-09 13:09:22,733 [grpc-default-executor-2] INFO  impl.RoleInfo (RoleInfo.java:updateAndGet(139)) - a45a9974-6347-49ca-aefd-c703a3af3a84: start a45a9974-6347-49ca-aefd-c703a3af3a84@group-C323F128D3A8-FollowerState
2022-10-09 13:09:22,733 [a45a9974-6347-49ca-aefd-c703a3af3a84@group-C323F128D3A8-FollowerState] INFO  impl.FollowerState (FollowerState.java:run(152)) - a45a9974-6347-49ca-aefd-c703a3af3a84@group-C323F128D3A8-FollowerState was interrupted
2022-10-09 13:09:22,741 [grpc-default-executor-2] INFO  server.RaftServer$Division (RaftServerImpl.java:requestVote(1184)) - a45a9974-6347-49ca-aefd-c703a3af3a84@group-C323F128D3A8 replies to ELECTION vote request: 50de1ab3-18a1-452d-b023-0fe1bea95e64<-a45a9974-6347-49ca-aefd-c703a3af3a84#0:OK-t3. Peer's state: a45a9974-6347-49ca-aefd-c703a3af3a84@group-C323F128D3A8:t3, leader=null, voted=50de1ab3-18a1-452d-b023-0fe1bea95e64, raftlog=a45a9974-6347-49ca-aefd-c703a3af3a84@group-C323F128D3A8-SegmentedRaftLog:OPENED:c-1, conf=-1: [50de1ab3-18a1-452d-b023-0fe1bea95e64|rpc:10.1.0.209:33457|dataStream:|priority:0, a45a9974-6347-49ca-aefd-c703a3af3a84|rpc:10.1.0.209:35151|dataStream:|priority:0, 63d7508a-aae7-47e5-91de-7b918a2106c8|rpc:10.1.0.209:34509|dataStream:|priority:1], old=null
2022-10-09 13:09:22,795 [63d7508a-aae7-47e5-91de-7b918a2106c8@group-C323F128D3A8-FollowerState] INFO  impl.FollowerState (FollowerState.java:run(143)) - 63d7508a-aae7-47e5-91de-7b918a2106c8@group-C323F128D3A8-FollowerState: change to CANDIDATE, lastRpcElapsedTime:5182422695ns, electionTimeout:5178ms
2022-10-09 13:09:22,795 [63d7508a-aae7-47e5-91de-7b918a2106c8@group-C323F128D3A8-FollowerState] INFO  impl.RoleInfo (RoleInfo.java:shutdownFollowerState(110)) - 63d7508a-aae7-47e5-91de-7b918a2106c8: shutdown 63d7508a-aae7-47e5-91de-7b918a2106c8@group-C323F128D3A8-FollowerState
2022-10-09 13:09:22,795 [63d7508a-aae7-47e5-91de-7b918a2106c8@group-C323F128D3A8-FollowerState] INFO  server.RaftServer$Division (RaftServerImpl.java:setRole(299)) - 63d7508a-aae7-47e5-91de-7b918a2106c8@group-C323F128D3A8: changes role from  FOLLOWER to CANDIDATE at term 2 for changeToCandidate
2022-10-09 13:09:22,795 [63d7508a-aae7-47e5-91de-7b918a2106c8@group-C323F128D3A8-FollowerState] INFO  server.RaftServerConfigKeys (ConfUtils.java:logGet(46)) - raft.server.leaderelection.pre-vote = false (custom)
2022-10-09 13:09:22,795 [63d7508a-aae7-47e5-91de-7b918a2106c8@group-C323F128D3A8-FollowerState] INFO  impl.RoleInfo (RoleInfo.java:updateAndGet(139)) - 63d7508a-aae7-47e5-91de-7b918a2106c8: start 63d7508a-aae7-47e5-91de-7b918a2106c8@group-C323F128D3A8-LeaderElection64
2022-10-09 13:09:22,820 [grpc-default-executor-2] INFO  server.RaftServer$Division (RaftServerImpl.java:requestVote(1152)) - 63d7508a-aae7-47e5-91de-7b918a2106c8@group-C323F128D3A8: receive requestVote(ELECTION, 50de1ab3-18a1-452d-b023-0fe1bea95e64, group-C323F128D3A8, 3, (t:0, i:0))
2022-10-09 13:09:22,820 [grpc-default-executor-2] INFO  impl.VoteContext (VoteContext.java:log(48)) - 63d7508a-aae7-47e5-91de-7b918a2106c8@group-C323F128D3A8-CANDIDATE: reject ELECTION from 50de1ab3-18a1-452d-b023-0fe1bea95e64: our priority 1 > candidate's priority 0
2022-10-09 13:09:22,820 [grpc-default-executor-2] INFO  server.RaftServer$Division (RaftServerImpl.java:setRole(299)) - 63d7508a-aae7-47e5-91de-7b918a2106c8@group-C323F128D3A8: changes role from CANDIDATE to FOLLOWER at term 3 for candidate:50de1ab3-18a1-452d-b023-0fe1bea95e64
2022-10-09 13:09:22,820 [grpc-default-executor-2] INFO  impl.RoleInfo (RoleInfo.java:shutdownLeaderElection(130)) - 63d7508a-aae7-47e5-91de-7b918a2106c8: shutdown 63d7508a-aae7-47e5-91de-7b918a2106c8@group-C323F128D3A8-LeaderElection64
2022-10-09 13:09:22,820 [grpc-default-executor-2] INFO  impl.RoleInfo (RoleInfo.java:updateAndGet(139)) - 63d7508a-aae7-47e5-91de-7b918a2106c8: start 63d7508a-aae7-47e5-91de-7b918a2106c8@group-C323F128D3A8-FollowerState
2022-10-09 13:09:22,834 [63d7508a-aae7-47e5-91de-7b918a2106c8@group-C323F128D3A8-LeaderElection64] INFO  impl.LeaderElection (LeaderElection.java:run(231)) - 63d7508a-aae7-47e5-91de-7b918a2106c8@group-C323F128D3A8-LeaderElection64: skip running since this is already CLOSING
2022-10-09 13:09:22,836 [grpc-default-executor-2] INFO  server.RaftServer$Division (RaftServerImpl.java:requestVote(1184)) - 63d7508a-aae7-47e5-91de-7b918a2106c8@group-C323F128D3A8 replies to ELECTION vote request: 50de1ab3-18a1-452d-b023-0fe1bea95e64<-63d7508a-aae7-47e5-91de-7b918a2106c8#0:FAIL-t3. Peer's state: 63d7508a-aae7-47e5-91de-7b918a2106c8@group-C323F128D3A8:t3, leader=null, voted=null, raftlog=63d7508a-aae7-47e5-91de-7b918a2106c8@group-C323F128D3A8-SegmentedRaftLog:OPENED:c-1, conf=-1: [50de1ab3-18a1-452d-b023-0fe1bea95e64|rpc:10.1.0.209:33457|priority:0, a45a9974-6347-49ca-aefd-c703a3af3a84|rpc:10.1.0.209:35151|priority:0, 63d7508a-aae7-47e5-91de-7b918a2106c8|rpc:10.1.0.209:34509|priority:1], old=null
2022-10-09 13:09:22,837 [50de1ab3-18a1-452d-b023-0fe1bea95e64@group-C323F128D3A8-LeaderElection63] INFO  impl.LeaderElection (LeaderElection.java:logAndReturn(90)) - 50de1ab3-18a1-452d-b023-0fe1bea95e64@group-C323F128D3A8-LeaderElection63: ELECTION REJECTED received 2 response(s) and 0 exception(s):
2022-10-09 13:09:22,837 [50de1ab3-18a1-452d-b023-0fe1bea95e64@group-C323F128D3A8-LeaderElection63] INFO  impl.LeaderElection (LeaderElection.java:logAndReturn(94)) -   Response 0: 50de1ab3-18a1-452d-b023-0fe1bea95e64<-a45a9974-6347-49ca-aefd-c703a3af3a84#0:OK-t3
2022-10-09 13:09:22,837 [50de1ab3-18a1-452d-b023-0fe1bea95e64@group-C323F128D3A8-LeaderElection63] INFO  impl.LeaderElection (LeaderElection.java:logAndReturn(94)) -   Response 1: 50de1ab3-18a1-452d-b023-0fe1bea95e64<-63d7508a-aae7-47e5-91de-7b918a2106c8#0:FAIL-t3
2022-10-09 13:09:22,837 [50de1ab3-18a1-452d-b023-0fe1bea95e64@group-C323F128D3A8-LeaderElection63] INFO  impl.LeaderElection (LeaderElection.java:askForVotes(312)) - 50de1ab3-18a1-452d-b023-0fe1bea95e64@group-C323F128D3A8-LeaderElection63 ELECTION round 0: result REJECTED
2022-10-09 13:09:22,837 [50de1ab3-18a1-452d-b023-0fe1bea95e64@group-C323F128D3A8-LeaderElection63] INFO  server.RaftServer$Division (RaftServerImpl.java:setRole(299)) - 50de1ab3-18a1-452d-b023-0fe1bea95e64@group-C323F128D3A8: changes role from CANDIDATE to FOLLOWER at term 3 for REJECTED
2022-10-09 13:09:22,837 [50de1ab3-18a1-452d-b023-0fe1bea95e64@group-C323F128D3A8-LeaderElection63] INFO  impl.RoleInfo (RoleInfo.java:shutdownLeaderElection(130)) - 50de1ab3-18a1-452d-b023-0fe1bea95e64: shutdown 50de1ab3-18a1-452d-b023-0fe1bea95e64@group-C323F128D3A8-LeaderElection63
2022-10-09 13:09:22,837 [50de1ab3-18a1-452d-b023-0fe1bea95e64@group-C323F128D3A8-LeaderElection63] INFO  impl.RoleInfo (RoleInfo.java:updateAndGet(139)) - 50de1ab3-18a1-452d-b023-0fe1bea95e64: start 50de1ab3-18a1-452d-b023-0fe1bea95e64@group-C323F128D3A8-FollowerState
2022-10-09 13:09:23,080 [Listener at 127.0.0.1/34869] INFO  ozone.MiniOzoneClusterImpl (MiniOzoneClusterImpl.java:lambda$waitForClusterToBeReady$0(216)) - Nodes are ready. Got 5 of 5 DN Heartbeats.
2022-10-09 13:09:23,080 [Listener at 127.0.0.1/34869] INFO  ozone.MiniOzoneClusterImpl (MiniOzoneClusterImpl.java:lambda$waitForClusterToBeReady$0(219)) - Waiting for cluster to exit safe mode
2022-10-09 13:09:23,080 [Listener at 127.0.0.1/34869] INFO  ozone.MiniOzoneClusterImpl (MiniOzoneClusterImpl.java:lambda$waitForClusterToBeReady$0(221)) - SCM became leader
2022-10-09 13:09:24,080 [Listener at 127.0.0.1/34869] INFO  ozone.MiniOzoneClusterImpl (MiniOzoneClusterImpl.java:lambda$waitForClusterToBeReady$0(216)) - Nodes are ready. Got 5 of 5 DN Heartbeats.
2022-10-09 13:09:24,081 [Listener at 127.0.0.1/34869] INFO  ozone.MiniOzoneClusterImpl (MiniOzoneClusterImpl.java:lambda$waitForClusterToBeReady$0(219)) - Waiting for cluster to exit safe mode
2022-10-09 13:09:24,081 [Listener at 127.0.0.1/34869] INFO  ozone.MiniOzoneClusterImpl (MiniOzoneClusterImpl.java:lambda$waitForClusterToBeReady$0(221)) - SCM became leader
2022-10-09 13:09:25,081 [Listener at 127.0.0.1/34869] INFO  ozone.MiniOzoneClusterImpl (MiniOzoneClusterImpl.java:lambda$waitForClusterToBeReady$0(216)) - Nodes are ready. Got 5 of 5 DN Heartbeats.
2022-10-09 13:09:25,081 [Listener at 127.0.0.1/34869] INFO  ozone.MiniOzoneClusterImpl (MiniOzoneClusterImpl.java:lambda$waitForClusterToBeReady$0(219)) - Waiting for cluster to exit safe mode
2022-10-09 13:09:25,081 [Listener at 127.0.0.1/34869] INFO  ozone.MiniOzoneClusterImpl (MiniOzoneClusterImpl.java:lambda$waitForClusterToBeReady$0(221)) - SCM became leader
2022-10-09 13:09:26,081 [Listener at 127.0.0.1/34869] INFO  ozone.MiniOzoneClusterImpl (MiniOzoneClusterImpl.java:lambda$waitForClusterToBeReady$0(216)) - Nodes are ready. Got 5 of 5 DN Heartbeats.
2022-10-09 13:09:26,082 [Listener at 127.0.0.1/34869] INFO  ozone.MiniOzoneClusterImpl (MiniOzoneClusterImpl.java:lambda$waitForClusterToBeReady$0(219)) - Waiting for cluster to exit safe mode
2022-10-09 13:09:26,082 [Listener at 127.0.0.1/34869] INFO  ozone.MiniOzoneClusterImpl (MiniOzoneClusterImpl.java:lambda$waitForClusterToBeReady$0(221)) - SCM became leader
2022-10-09 13:09:27,082 [Listener at 127.0.0.1/34869] INFO  ozone.MiniOzoneClusterImpl (MiniOzoneClusterImpl.java:lambda$waitForClusterToBeReady$0(216)) - Nodes are ready. Got 5 of 5 DN Heartbeats.
2022-10-09 13:09:27,082 [Listener at 127.0.0.1/34869] INFO  ozone.MiniOzoneClusterImpl (MiniOzoneClusterImpl.java:lambda$waitForClusterToBeReady$0(219)) - Waiting for cluster to exit safe mode
2022-10-09 13:09:27,082 [Listener at 127.0.0.1/34869] INFO  ozone.MiniOzoneClusterImpl (MiniOzoneClusterImpl.java:lambda$waitForClusterToBeReady$0(221)) - SCM became leader
2022-10-09 13:09:27,532 [50de1ab3-18a1-452d-b023-0fe1bea95e64@group-61AA8B057572-FollowerState] INFO  impl.FollowerState (FollowerState.java:run(143)) - 50de1ab3-18a1-452d-b023-0fe1bea95e64@group-61AA8B057572-FollowerState: change to CANDIDATE, lastRpcElapsedTime:5078518019ns, electionTimeout:5016ms
2022-10-09 13:09:27,532 [50de1ab3-18a1-452d-b023-0fe1bea95e64@group-61AA8B057572-FollowerState] INFO  impl.RoleInfo (RoleInfo.java:shutdownFollowerState(110)) - 50de1ab3-18a1-452d-b023-0fe1bea95e64: shutdown 50de1ab3-18a1-452d-b023-0fe1bea95e64@group-61AA8B057572-FollowerState
2022-10-09 13:09:27,532 [50de1ab3-18a1-452d-b023-0fe1bea95e64@group-61AA8B057572-FollowerState] INFO  server.RaftServer$Division (RaftServerImpl.java:setRole(299)) - 50de1ab3-18a1-452d-b023-0fe1bea95e64@group-61AA8B057572: changes role from  FOLLOWER to CANDIDATE at term 3 for changeToCandidate
2022-10-09 13:09:27,532 [50de1ab3-18a1-452d-b023-0fe1bea95e64@group-61AA8B057572-FollowerState] INFO  server.RaftServerConfigKeys (ConfUtils.java:logGet(46)) - raft.server.leaderelection.pre-vote = false (custom)
2022-10-09 13:09:27,532 [50de1ab3-18a1-452d-b023-0fe1bea95e64@group-61AA8B057572-FollowerState] INFO  impl.RoleInfo (RoleInfo.java:updateAndGet(139)) - 50de1ab3-18a1-452d-b023-0fe1bea95e64: start 50de1ab3-18a1-452d-b023-0fe1bea95e64@group-61AA8B057572-LeaderElection65
2022-10-09 13:09:27,565 [50de1ab3-18a1-452d-b023-0fe1bea95e64@group-61AA8B057572-LeaderElection65] INFO  impl.LeaderElection (LeaderElection.java:askForVotes(310)) - 50de1ab3-18a1-452d-b023-0fe1bea95e64@group-61AA8B057572-LeaderElection65 ELECTION round 0: submit vote requests at term 4 for -1: [50de1ab3-18a1-452d-b023-0fe1bea95e64|rpc:10.1.0.209:33457|priority:0, a45a9974-6347-49ca-aefd-c703a3af3a84|rpc:10.1.0.209:35151|priority:1, 63d7508a-aae7-47e5-91de-7b918a2106c8|rpc:10.1.0.209:34509|priority:0], old=null
2022-10-09 13:09:27,577 [grpc-default-executor-2] INFO  server.RaftServer$Division (RaftServerImpl.java:requestVote(1152)) - a45a9974-6347-49ca-aefd-c703a3af3a84@group-61AA8B057572: receive requestVote(ELECTION, 50de1ab3-18a1-452d-b023-0fe1bea95e64, group-61AA8B057572, 4, (t:0, i:0))
2022-10-09 13:09:27,577 [grpc-default-executor-2] INFO  impl.VoteContext (VoteContext.java:log(48)) - a45a9974-6347-49ca-aefd-c703a3af3a84@group-61AA8B057572-FOLLOWER: reject ELECTION from 50de1ab3-18a1-452d-b023-0fe1bea95e64: our priority 1 > candidate's priority 0
2022-10-09 13:09:27,577 [grpc-default-executor-2] INFO  server.RaftServer$Division (RaftServerImpl.java:setRole(299)) - a45a9974-6347-49ca-aefd-c703a3af3a84@group-61AA8B057572: changes role from  FOLLOWER to FOLLOWER at term 4 for candidate:50de1ab3-18a1-452d-b023-0fe1bea95e64
2022-10-09 13:09:27,577 [grpc-default-executor-2] INFO  impl.RoleInfo (RoleInfo.java:shutdownFollowerState(110)) - a45a9974-6347-49ca-aefd-c703a3af3a84: shutdown a45a9974-6347-49ca-aefd-c703a3af3a84@group-61AA8B057572-FollowerState
2022-10-09 13:09:27,577 [grpc-default-executor-2] INFO  impl.RoleInfo (RoleInfo.java:updateAndGet(139)) - a45a9974-6347-49ca-aefd-c703a3af3a84: start a45a9974-6347-49ca-aefd-c703a3af3a84@group-61AA8B057572-FollowerState
2022-10-09 13:09:27,578 [grpc-default-executor-0] INFO  server.RaftServer$Division (RaftServerImpl.java:requestVote(1152)) - 63d7508a-aae7-47e5-91de-7b918a2106c8@group-61AA8B057572: receive requestVote(ELECTION, 50de1ab3-18a1-452d-b023-0fe1bea95e64, group-61AA8B057572, 4, (t:0, i:0))
2022-10-09 13:09:27,578 [grpc-default-executor-0] INFO  impl.VoteContext (VoteContext.java:log(48)) - 63d7508a-aae7-47e5-91de-7b918a2106c8@group-61AA8B057572-FOLLOWER: accept ELECTION from 50de1ab3-18a1-452d-b023-0fe1bea95e64: our priority 0 <= candidate's priority 0
2022-10-09 13:09:27,578 [grpc-default-executor-0] INFO  server.RaftServer$Division (RaftServerImpl.java:setRole(299)) - 63d7508a-aae7-47e5-91de-7b918a2106c8@group-61AA8B057572: changes role from  FOLLOWER to FOLLOWER at term 4 for candidate:50de1ab3-18a1-452d-b023-0fe1bea95e64
2022-10-09 13:09:27,578 [grpc-default-executor-0] INFO  impl.RoleInfo (RoleInfo.java:shutdownFollowerState(110)) - 63d7508a-aae7-47e5-91de-7b918a2106c8: shutdown 63d7508a-aae7-47e5-91de-7b918a2106c8@group-61AA8B057572-FollowerState
2022-10-09 13:09:27,580 [grpc-default-executor-2] INFO  server.RaftServer$Division (RaftServerImpl.java:requestVote(1184)) - a45a9974-6347-49ca-aefd-c703a3af3a84@group-61AA8B057572 replies to ELECTION vote request: 50de1ab3-18a1-452d-b023-0fe1bea95e64<-a45a9974-6347-49ca-aefd-c703a3af3a84#0:FAIL-t4. Peer's state: a45a9974-6347-49ca-aefd-c703a3af3a84@group-61AA8B057572:t4, leader=null, voted=null, raftlog=a45a9974-6347-49ca-aefd-c703a3af3a84@group-61AA8B057572-SegmentedRaftLog:OPENED:c-1, conf=-1: [50de1ab3-18a1-452d-b023-0fe1bea95e64|rpc:10.1.0.209:33457|dataStream:|priority:0, a45a9974-6347-49ca-aefd-c703a3af3a84|rpc:10.1.0.209:35151|dataStream:|priority:1, 63d7508a-aae7-47e5-91de-7b918a2106c8|rpc:10.1.0.209:34509|dataStream:|priority:0], old=null
2022-10-09 13:09:27,580 [50de1ab3-18a1-452d-b023-0fe1bea95e64@group-61AA8B057572-LeaderElection65] INFO  impl.LeaderElection (LeaderElection.java:logAndReturn(90)) - 50de1ab3-18a1-452d-b023-0fe1bea95e64@group-61AA8B057572-LeaderElection65: ELECTION REJECTED received 1 response(s) and 0 exception(s):
2022-10-09 13:09:27,580 [50de1ab3-18a1-452d-b023-0fe1bea95e64@group-61AA8B057572-LeaderElection65] INFO  impl.LeaderElection (LeaderElection.java:logAndReturn(94)) -   Response 0: 50de1ab3-18a1-452d-b023-0fe1bea95e64<-a45a9974-6347-49ca-aefd-c703a3af3a84#0:FAIL-t4
2022-10-09 13:09:27,581 [50de1ab3-18a1-452d-b023-0fe1bea95e64@group-61AA8B057572-LeaderElection65] INFO  impl.LeaderElection (LeaderElection.java:askForVotes(312)) - 50de1ab3-18a1-452d-b023-0fe1bea95e64@group-61AA8B057572-LeaderElection65 ELECTION round 0: result REJECTED
2022-10-09 13:09:27,581 [50de1ab3-18a1-452d-b023-0fe1bea95e64@group-61AA8B057572-LeaderElection65] INFO  server.RaftServer$Division (RaftServerImpl.java:setRole(299)) - 50de1ab3-18a1-452d-b023-0fe1bea95e64@group-61AA8B057572: changes role from CANDIDATE to FOLLOWER at term 4 for REJECTED
2022-10-09 13:09:27,581 [50de1ab3-18a1-452d-b023-0fe1bea95e64@group-61AA8B057572-LeaderElection65] INFO  impl.RoleInfo (RoleInfo.java:shutdownLeaderElection(130)) - 50de1ab3-18a1-452d-b023-0fe1bea95e64: shutdown 50de1ab3-18a1-452d-b023-0fe1bea95e64@group-61AA8B057572-LeaderElection65
2022-10-09 13:09:27,581 [50de1ab3-18a1-452d-b023-0fe1bea95e64@group-61AA8B057572-LeaderElection65] INFO  impl.RoleInfo (RoleInfo.java:updateAndGet(139)) - 50de1ab3-18a1-452d-b023-0fe1bea95e64: start 50de1ab3-18a1-452d-b023-0fe1bea95e64@group-61AA8B057572-FollowerState
2022-10-09 13:09:27,584 [a45a9974-6347-49ca-aefd-c703a3af3a84@group-61AA8B057572-FollowerState] INFO  impl.FollowerState (FollowerState.java:run(152)) - a45a9974-6347-49ca-aefd-c703a3af3a84@group-61AA8B057572-FollowerState was interrupted
2022-10-09 13:09:27,613 [grpc-default-executor-0] INFO  impl.RoleInfo (RoleInfo.java:updateAndGet(139)) - 63d7508a-aae7-47e5-91de-7b918a2106c8: start 63d7508a-aae7-47e5-91de-7b918a2106c8@group-61AA8B057572-FollowerState
2022-10-09 13:09:27,613 [63d7508a-aae7-47e5-91de-7b918a2106c8@group-61AA8B057572-FollowerState] INFO  impl.FollowerState (FollowerState.java:run(152)) - 63d7508a-aae7-47e5-91de-7b918a2106c8@group-61AA8B057572-FollowerState was interrupted
2022-10-09 13:09:27,614 [grpc-default-executor-0] INFO  server.RaftServer$Division (RaftServerImpl.java:requestVote(1184)) - 63d7508a-aae7-47e5-91de-7b918a2106c8@group-61AA8B057572 replies to ELECTION vote request: 50de1ab3-18a1-452d-b023-0fe1bea95e64<-63d7508a-aae7-47e5-91de-7b918a2106c8#0:OK-t4. Peer's state: 63d7508a-aae7-47e5-91de-7b918a2106c8@group-61AA8B057572:t4, leader=null, voted=50de1ab3-18a1-452d-b023-0fe1bea95e64, raftlog=63d7508a-aae7-47e5-91de-7b918a2106c8@group-61AA8B057572-SegmentedRaftLog:OPENED:c-1, conf=-1: [50de1ab3-18a1-452d-b023-0fe1bea95e64|rpc:10.1.0.209:33457|dataStream:|priority:0, a45a9974-6347-49ca-aefd-c703a3af3a84|rpc:10.1.0.209:35151|dataStream:|priority:1, 63d7508a-aae7-47e5-91de-7b918a2106c8|rpc:10.1.0.209:34509|dataStream:|priority:0], old=null
2022-10-09 13:09:27,891 [63d7508a-aae7-47e5-91de-7b918a2106c8@group-C323F128D3A8-FollowerState] INFO  impl.FollowerState (FollowerState.java:run(143)) - 63d7508a-aae7-47e5-91de-7b918a2106c8@group-C323F128D3A8-FollowerState: change to CANDIDATE, lastRpcElapsedTime:5070982834ns, electionTimeout:5027ms
2022-10-09 13:09:27,891 [63d7508a-aae7-47e5-91de-7b918a2106c8@group-C323F128D3A8-FollowerState] INFO  impl.RoleInfo (RoleInfo.java:shutdownFollowerState(110)) - 63d7508a-aae7-47e5-91de-7b918a2106c8: shutdown 63d7508a-aae7-47e5-91de-7b918a2106c8@group-C323F128D3A8-FollowerState
2022-10-09 13:09:27,891 [63d7508a-aae7-47e5-91de-7b918a2106c8@group-C323F128D3A8-FollowerState] INFO  server.RaftServer$Division (RaftServerImpl.java:setRole(299)) - 63d7508a-aae7-47e5-91de-7b918a2106c8@group-C323F128D3A8: changes role from  FOLLOWER to CANDIDATE at term 3 for changeToCandidate
2022-10-09 13:09:27,891 [63d7508a-aae7-47e5-91de-7b918a2106c8@group-C323F128D3A8-FollowerState] INFO  server.RaftServerConfigKeys (ConfUtils.java:logGet(46)) - raft.server.leaderelection.pre-vote = false (custom)
2022-10-09 13:09:27,891 [63d7508a-aae7-47e5-91de-7b918a2106c8@group-C323F128D3A8-FollowerState] INFO  impl.RoleInfo (RoleInfo.java:updateAndGet(139)) - 63d7508a-aae7-47e5-91de-7b918a2106c8: start 63d7508a-aae7-47e5-91de-7b918a2106c8@group-C323F128D3A8-LeaderElection66
2022-10-09 13:09:27,935 [63d7508a-aae7-47e5-91de-7b918a2106c8@group-C323F128D3A8-LeaderElection66] INFO  impl.LeaderElection (LeaderElection.java:askForVotes(310)) - 63d7508a-aae7-47e5-91de-7b918a2106c8@group-C323F128D3A8-LeaderElection66 ELECTION round 0: submit vote requests at term 4 for -1: [50de1ab3-18a1-452d-b023-0fe1bea95e64|rpc:10.1.0.209:33457|priority:0, a45a9974-6347-49ca-aefd-c703a3af3a84|rpc:10.1.0.209:35151|priority:0, 63d7508a-aae7-47e5-91de-7b918a2106c8|rpc:10.1.0.209:34509|priority:1], old=null
2022-10-09 13:09:27,946 [a45a9974-6347-49ca-aefd-c703a3af3a84@group-C323F128D3A8-FollowerState] INFO  impl.FollowerState (FollowerState.java:run(143)) - a45a9974-6347-49ca-aefd-c703a3af3a84@group-C323F128D3A8-FollowerState: change to CANDIDATE, lastRpcElapsedTime:5206005867ns, electionTimeout:5195ms
2022-10-09 13:09:27,947 [a45a9974-6347-49ca-aefd-c703a3af3a84@group-C323F128D3A8-FollowerState] INFO  impl.RoleInfo (RoleInfo.java:shutdownFollowerState(110)) - a45a9974-6347-49ca-aefd-c703a3af3a84: shutdown a45a9974-6347-49ca-aefd-c703a3af3a84@group-C323F128D3A8-FollowerState
2022-10-09 13:09:27,947 [a45a9974-6347-49ca-aefd-c703a3af3a84@group-C323F128D3A8-FollowerState] INFO  server.RaftServer$Division (RaftServerImpl.java:setRole(299)) - a45a9974-6347-49ca-aefd-c703a3af3a84@group-C323F128D3A8: changes role from  FOLLOWER to CANDIDATE at term 3 for changeToCandidate
2022-10-09 13:09:27,994 [a45a9974-6347-49ca-aefd-c703a3af3a84@group-C323F128D3A8-FollowerState] INFO  server.RaftServerConfigKeys (ConfUtils.java:logGet(46)) - raft.server.leaderelection.pre-vote = false (custom)
2022-10-09 13:09:27,994 [a45a9974-6347-49ca-aefd-c703a3af3a84@group-C323F128D3A8-FollowerState] INFO  impl.RoleInfo (RoleInfo.java:updateAndGet(139)) - a45a9974-6347-49ca-aefd-c703a3af3a84: start a45a9974-6347-49ca-aefd-c703a3af3a84@group-C323F128D3A8-LeaderElection67
2022-10-09 13:09:28,003 [grpc-default-executor-2] INFO  server.RaftServer$Division (RaftServerImpl.java:requestVote(1152)) - 50de1ab3-18a1-452d-b023-0fe1bea95e64@group-C323F128D3A8: receive requestVote(ELECTION, 63d7508a-aae7-47e5-91de-7b918a2106c8, group-C323F128D3A8, 4, (t:0, i:0))
2022-10-09 13:09:28,004 [grpc-default-executor-2] INFO  impl.VoteContext (VoteContext.java:log(48)) - 50de1ab3-18a1-452d-b023-0fe1bea95e64@group-C323F128D3A8-FOLLOWER: accept ELECTION from 63d7508a-aae7-47e5-91de-7b918a2106c8: our priority 0 <= candidate's priority 1
2022-10-09 13:09:28,004 [grpc-default-executor-2] INFO  server.RaftServer$Division (RaftServerImpl.java:setRole(299)) - 50de1ab3-18a1-452d-b023-0fe1bea95e64@group-C323F128D3A8: changes role from  FOLLOWER to FOLLOWER at term 4 for candidate:63d7508a-aae7-47e5-91de-7b918a2106c8
2022-10-09 13:09:28,004 [grpc-default-executor-2] INFO  impl.RoleInfo (RoleInfo.java:shutdownFollowerState(110)) - 50de1ab3-18a1-452d-b023-0fe1bea95e64: shutdown 50de1ab3-18a1-452d-b023-0fe1bea95e64@group-C323F128D3A8-FollowerState
2022-10-09 13:09:28,004 [grpc-default-executor-2] INFO  impl.RoleInfo (RoleInfo.java:updateAndGet(139)) - 50de1ab3-18a1-452d-b023-0fe1bea95e64: start 50de1ab3-18a1-452d-b023-0fe1bea95e64@group-C323F128D3A8-FollowerState
2022-10-09 13:09:28,004 [50de1ab3-18a1-452d-b023-0fe1bea95e64@group-C323F128D3A8-FollowerState] INFO  impl.FollowerState (FollowerState.java:run(152)) - 50de1ab3-18a1-452d-b023-0fe1bea95e64@group-C323F128D3A8-FollowerState was interrupted
2022-10-09 13:09:28,039 [grpc-default-executor-2] INFO  server.RaftServer$Division (RaftServerImpl.java:requestVote(1184)) - 50de1ab3-18a1-452d-b023-0fe1bea95e64@group-C323F128D3A8 replies to ELECTION vote request: 63d7508a-aae7-47e5-91de-7b918a2106c8<-50de1ab3-18a1-452d-b023-0fe1bea95e64#0:OK-t4. Peer's state: 50de1ab3-18a1-452d-b023-0fe1bea95e64@group-C323F128D3A8:t4, leader=null, voted=63d7508a-aae7-47e5-91de-7b918a2106c8, raftlog=50de1ab3-18a1-452d-b023-0fe1bea95e64@group-C323F128D3A8-SegmentedRaftLog:OPENED:c-1, conf=-1: [50de1ab3-18a1-452d-b023-0fe1bea95e64|rpc:10.1.0.209:33457|priority:0, a45a9974-6347-49ca-aefd-c703a3af3a84|rpc:10.1.0.209:35151|priority:0, 63d7508a-aae7-47e5-91de-7b918a2106c8|rpc:10.1.0.209:34509|priority:1], old=null
2022-10-09 13:09:28,048 [63d7508a-aae7-47e5-91de-7b918a2106c8@group-C323F128D3A8-LeaderElection66] INFO  impl.LeaderElection (LeaderElection.java:logAndReturn(90)) - 63d7508a-aae7-47e5-91de-7b918a2106c8@group-C323F128D3A8-LeaderElection66: ELECTION PASSED received 1 response(s) and 0 exception(s):
2022-10-09 13:09:28,065 [63d7508a-aae7-47e5-91de-7b918a2106c8@group-C323F128D3A8-LeaderElection66] INFO  impl.LeaderElection (LeaderElection.java:logAndReturn(94)) -   Response 0: 63d7508a-aae7-47e5-91de-7b918a2106c8<-50de1ab3-18a1-452d-b023-0fe1bea95e64#0:OK-t4
2022-10-09 13:09:28,065 [63d7508a-aae7-47e5-91de-7b918a2106c8@group-C323F128D3A8-LeaderElection66] INFO  impl.LeaderElection (LeaderElection.java:askForVotes(312)) - 63d7508a-aae7-47e5-91de-7b918a2106c8@group-C323F128D3A8-LeaderElection66 ELECTION round 0: result PASSED
2022-10-09 13:09:28,065 [63d7508a-aae7-47e5-91de-7b918a2106c8@group-C323F128D3A8-LeaderElection66] INFO  impl.RoleInfo (RoleInfo.java:shutdownLeaderElection(130)) - 63d7508a-aae7-47e5-91de-7b918a2106c8: shutdown 63d7508a-aae7-47e5-91de-7b918a2106c8@group-C323F128D3A8-LeaderElection66
2022-10-09 13:09:28,065 [63d7508a-aae7-47e5-91de-7b918a2106c8@group-C323F128D3A8-LeaderElection66] INFO  server.RaftServer$Division (RaftServerImpl.java:setRole(299)) - 63d7508a-aae7-47e5-91de-7b918a2106c8@group-C323F128D3A8: changes role from CANDIDATE to LEADER at term 4 for changeToLeader
2022-10-09 13:09:28,065 [63d7508a-aae7-47e5-91de-7b918a2106c8@group-C323F128D3A8-LeaderElection66] INFO  ratis.XceiverServerRatis (XceiverServerRatis.java:handleLeaderChangedNotification(863)) - Leader change notification received for group: group-C323F128D3A8 with new leaderId: 63d7508a-aae7-47e5-91de-7b918a2106c8
2022-10-09 13:09:28,065 [63d7508a-aae7-47e5-91de-7b918a2106c8@group-C323F128D3A8-LeaderElection66] INFO  server.RaftServer$Division (ServerState.java:setLeader(287)) - 63d7508a-aae7-47e5-91de-7b918a2106c8@group-C323F128D3A8: change Leader from null to 63d7508a-aae7-47e5-91de-7b918a2106c8 at term 4 for becomeLeader, leader elected after 20791ms
2022-10-09 13:09:28,065 [63d7508a-aae7-47e5-91de-7b918a2106c8@group-C323F128D3A8-LeaderElection66] INFO  server.RaftServerConfigKeys (ConfUtils.java:logGet(46)) - raft.server.staging.catchup.gap = 1000 (default)
2022-10-09 13:09:28,065 [63d7508a-aae7-47e5-91de-7b918a2106c8@group-C323F128D3A8-LeaderElection66] INFO  server.RaftServerConfigKeys (ConfUtils.java:logGet(46)) - raft.server.write.element-limit = 1024 (custom)
2022-10-09 13:09:28,065 [63d7508a-aae7-47e5-91de-7b918a2106c8@group-C323F128D3A8-LeaderElection66] INFO  server.RaftServerConfigKeys (ConfUtils.java:logGet(46)) - raft.server.write.byte-limit = 1024 M (=1073741824) (custom)
2022-10-09 13:09:28,066 [63d7508a-aae7-47e5-91de-7b918a2106c8@group-C323F128D3A8-LeaderElection66] INFO  server.RaftServerConfigKeys (ConfUtils.java:logGet(46)) - raft.server.watch.timeout = 180s (custom)
2022-10-09 13:09:28,066 [63d7508a-aae7-47e5-91de-7b918a2106c8@group-C323F128D3A8-LeaderElection66] INFO  server.RaftServerConfigKeys (ConfUtils.java:logGet(46)) - raft.server.watch.timeout.denomination = 1s (default)
2022-10-09 13:09:28,066 [63d7508a-aae7-47e5-91de-7b918a2106c8@group-C323F128D3A8-LeaderElection66] INFO  server.RaftServerConfigKeys (ConfUtils.java:logGet(46)) - raft.server.watch.element-limit = 65536 (default)
2022-10-09 13:09:28,066 [63d7508a-aae7-47e5-91de-7b918a2106c8@group-C323F128D3A8-LeaderElection66] INFO  server.RaftServerConfigKeys (ConfUtils.java:logGet(46)) - raft.server.write.element-limit = 1024 (custom)
2022-10-09 13:09:28,066 [63d7508a-aae7-47e5-91de-7b918a2106c8@group-C323F128D3A8-LeaderElection66] INFO  server.RaftServerConfigKeys (ConfUtils.java:logGet(46)) - raft.server.write.follower.gap.ratio.max = -1.0 (default)
2022-10-09 13:09:28,066 [63d7508a-aae7-47e5-91de-7b918a2106c8@group-C323F128D3A8-LeaderElection66] INFO  server.RaftServerConfigKeys (ConfUtils.java:logGet(46)) - raft.server.log.appender.snapshot.chunk.size.max = 16MB (=16777216) (default)
2022-10-09 13:09:28,067 [63d7508a-aae7-47e5-91de-7b918a2106c8@group-C323F128D3A8-LeaderElection66] INFO  server.RaftServerConfigKeys (ConfUtils.java:logGet(46)) - raft.server.log.appender.buffer.byte-limit = 33554432 (custom)
2022-10-09 13:09:28,067 [63d7508a-aae7-47e5-91de-7b918a2106c8@group-C323F128D3A8-LeaderElection66] INFO  server.RaftServerConfigKeys (ConfUtils.java:logGet(46)) - raft.server.log.appender.buffer.element-limit = 1 (custom)
2022-10-09 13:09:28,067 [63d7508a-aae7-47e5-91de-7b918a2106c8@group-C323F128D3A8-LeaderElection66] INFO  grpc.GrpcConfigKeys (ConfUtils.java:logGet(46)) - raft.grpc.server.leader.outstanding.appends.max = 128 (default)
2022-10-09 13:09:28,067 [63d7508a-aae7-47e5-91de-7b918a2106c8@group-C323F128D3A8-LeaderElection66] INFO  server.RaftServerConfigKeys (ConfUtils.java:logGet(46)) - raft.server.rpc.request.timeout = 60s (custom)
2022-10-09 13:09:28,067 [63d7508a-aae7-47e5-91de-7b918a2106c8@group-C323F128D3A8-LeaderElection66] INFO  server.RaftServerConfigKeys (ConfUtils.java:logGet(46)) - raft.server.log.appender.install.snapshot.enabled = false (custom)
2022-10-09 13:09:28,056 [grpc-default-executor-2] INFO  server.RaftServer$Division (RaftServerImpl.java:requestVote(1152)) - a45a9974-6347-49ca-aefd-c703a3af3a84@group-C323F128D3A8: receive requestVote(ELECTION, 63d7508a-aae7-47e5-91de-7b918a2106c8, group-C323F128D3A8, 4, (t:0, i:0))
2022-10-09 13:09:28,072 [grpc-default-executor-2] INFO  impl.VoteContext (VoteContext.java:log(48)) - a45a9974-6347-49ca-aefd-c703a3af3a84@group-C323F128D3A8-CANDIDATE: accept ELECTION from 63d7508a-aae7-47e5-91de-7b918a2106c8: our priority 0 <= candidate's priority 1
2022-10-09 13:09:28,072 [grpc-default-executor-2] INFO  server.RaftServer$Division (RaftServerImpl.java:setRole(299)) - a45a9974-6347-49ca-aefd-c703a3af3a84@group-C323F128D3A8: changes role from CANDIDATE to FOLLOWER at term 4 for candidate:63d7508a-aae7-47e5-91de-7b918a2106c8
2022-10-09 13:09:28,072 [grpc-default-executor-2] INFO  impl.RoleInfo (RoleInfo.java:shutdownLeaderElection(130)) - a45a9974-6347-49ca-aefd-c703a3af3a84: shutdown a45a9974-6347-49ca-aefd-c703a3af3a84@group-C323F128D3A8-LeaderElection67
2022-10-09 13:09:28,072 [grpc-default-executor-2] INFO  impl.RoleInfo (RoleInfo.java:updateAndGet(139)) - a45a9974-6347-49ca-aefd-c703a3af3a84: start a45a9974-6347-49ca-aefd-c703a3af3a84@group-C323F128D3A8-FollowerState
2022-10-09 13:09:28,072 [63d7508a-aae7-47e5-91de-7b918a2106c8@group-C323F128D3A8-LeaderElection66] INFO  server.RaftServerConfigKeys (ConfUtils.java:logGet(46)) - raft.server.log.appender.snapshot.chunk.size.max = 16MB (=16777216) (default)
2022-10-09 13:09:28,072 [63d7508a-aae7-47e5-91de-7b918a2106c8@group-C323F128D3A8-LeaderElection66] INFO  server.RaftServerConfigKeys (ConfUtils.java:logGet(46)) - raft.server.log.appender.buffer.byte-limit = 33554432 (custom)
2022-10-09 13:09:28,072 [63d7508a-aae7-47e5-91de-7b918a2106c8@group-C323F128D3A8-LeaderElection66] INFO  server.RaftServerConfigKeys (ConfUtils.java:logGet(46)) - raft.server.log.appender.buffer.element-limit = 1 (custom)
2022-10-09 13:09:28,075 [EventQueue-PipelineReportForPipelineReportHandler] INFO  pipeline.PipelineManagerImpl (PipelineManagerImpl.java:openPipeline(367)) - Pipeline Pipeline[ Id: c29ea68a-b793-4021-894d-c323f128d3a8, Nodes: a45a9974-6347-49ca-aefd-c703a3af3a84{ip: 10.1.0.209, host: fv-az212-628.zlodpucb4l4udavnfxg5s20dva.cx.internal.cloudapp.net, ports: [REPLICATION=39625, RATIS=35151, RATIS_ADMIN=35151, RATIS_SERVER=35151, STANDALONE=45685], networkLocation: /default-rack, certSerialId: null, persistedOpState: IN_SERVICE, persistedOpStateExpiryEpochSec: 0}50de1ab3-18a1-452d-b023-0fe1bea95e64{ip: 10.1.0.209, host: fv-az212-628.zlodpucb4l4udavnfxg5s20dva.cx.internal.cloudapp.net, ports: [REPLICATION=37969, RATIS=33457, RATIS_ADMIN=33457, RATIS_SERVER=33457, STANDALONE=45047], networkLocation: /default-rack, certSerialId: null, persistedOpState: IN_SERVICE, persistedOpStateExpiryEpochSec: 0}63d7508a-aae7-47e5-91de-7b918a2106c8{ip: 10.1.0.209, host: fv-az212-628.zlodpucb4l4udavnfxg5s20dva.cx.internal.cloudapp.net, ports: [REPLICATION=35881, RATIS=34509, RATIS_ADMIN=34509, RATIS_SERVER=34509, STANDALONE=42463], networkLocation: /default-rack, certSerialId: null, persistedOpState: IN_SERVICE, persistedOpStateExpiryEpochSec: 0}, ReplicationConfig: RATIS/THREE, State:ALLOCATED, leaderId:63d7508a-aae7-47e5-91de-7b918a2106c8, CreationTimestamp2022-10-09T13:09:04.775Z[Etc/UTC]] moved to OPEN state
2022-10-09 13:09:28,076 [EventQueue-OpenPipelineForHealthyPipelineSafeModeRule] INFO  safemode.SCMSafeModeManager (HealthyPipelineSafeModeRule.java:process(137)) - SCM in safe mode. Healthy pipelines reported count is 1, required healthy pipeline reported count is 1
2022-10-09 13:09:28,076 [EventQueue-OpenPipelineForHealthyPipelineSafeModeRule] INFO  safemode.SCMSafeModeManager (SCMSafeModeManager.java:validateSafeModeExitRules(204)) - HealthyPipelineSafeModeRule rule is successfully validated
2022-10-09 13:09:28,076 [EventQueue-OpenPipelineForHealthyPipelineSafeModeRule] INFO  safemode.SCMSafeModeManager (SCMSafeModeManager.java:validateSafeModeExitRules(219)) - ScmSafeModeManager, all rules are successfully validated
2022-10-09 13:09:28,076 [EventQueue-OpenPipelineForHealthyPipelineSafeModeRule] INFO  safemode.SCMSafeModeManager (SCMSafeModeManager.java:exitSafeMode(248)) - SCM exiting safe mode.
2022-10-09 13:09:28,076 [EventQueue-OpenPipelineForHealthyPipelineSafeModeRule] WARN  events.EventQueue (EventQueue.java:fireEvent(216)) - No event handler registered for event TypedEvent{payloadType=SafeModeStatus, name='Safe mode status'}
2022-10-09 13:09:28,076 [EventQueue-OpenPipelineForHealthyPipelineSafeModeRule] INFO  ha.SCMContext (SCMContext.java:updateSafeModeStatus(228)) - Update SafeModeStatus from SafeModeStatus{safeModeStatus=true, preCheckPassed=true} to SafeModeStatus{safeModeStatus=false, preCheckPassed=true}.
2022-10-09 13:09:28,076 [EventQueue-OpenPipelineForHealthyPipelineSafeModeRule] INFO  pipeline.BackgroundPipelineCreator (BackgroundPipelineCreator.java:notifyStatusChanged(254)) - Service BackgroundPipelineCreator transitions to RUNNING.
2022-10-09 13:09:28,076 [EventQueue-OpenPipelineForHealthyPipelineSafeModeRule] INFO  BackgroundPipelineScrubber (BackgroundSCMService.java:notifyStatusChanged(82)) - Service BackgroundPipelineScrubber transitions to RUNNING.
2022-10-09 13:09:28,076 [EventQueue-OpenPipelineForHealthyPipelineSafeModeRule] INFO  ExpiredContainerReplicaOpScrubber (BackgroundSCMService.java:notifyStatusChanged(82)) - Service ExpiredContainerReplicaOpScrubber transitions to RUNNING.
2022-10-09 13:09:28,076 [EventQueue-OpenPipelineForHealthyPipelineSafeModeRule] INFO  replication.ReplicationManager (ReplicationManager.java:notifyStatusChanged(728)) - Service ReplicationManager transitions to RUNNING.
2022-10-09 13:09:28,076 [EventQueue-OpenPipelineForHealthyPipelineSafeModeRule] WARN  balancer.ContainerBalancer (ContainerBalancer.java:shouldRun(936)) - Could not find persisted configuration for ContainerBalancer when checking if ContainerBalancer should run. ContainerBalancer should not run now.
2022-10-09 13:09:28,079 [a45a9974-6347-49ca-aefd-c703a3af3a84@group-C323F128D3A8-LeaderElection67] INFO  impl.LeaderElection (LeaderElection.java:run(231)) - a45a9974-6347-49ca-aefd-c703a3af3a84@group-C323F128D3A8-LeaderElection67: skip running since this is already CLOSING
2022-10-09 13:09:28,081 [grpc-default-executor-2] INFO  server.RaftServer$Division (RaftServerImpl.java:requestVote(1184)) - a45a9974-6347-49ca-aefd-c703a3af3a84@group-C323F128D3A8 replies to ELECTION vote request: 63d7508a-aae7-47e5-91de-7b918a2106c8<-a45a9974-6347-49ca-aefd-c703a3af3a84#0:OK-t4. Peer's state: a45a9974-6347-49ca-aefd-c703a3af3a84@group-C323F128D3A8:t4, leader=null, voted=63d7508a-aae7-47e5-91de-7b918a2106c8, raftlog=a45a9974-6347-49ca-aefd-c703a3af3a84@group-C323F128D3A8-SegmentedRaftLog:OPENED:c-1, conf=-1: [50de1ab3-18a1-452d-b023-0fe1bea95e64|rpc:10.1.0.209:33457|dataStream:|priority:0, a45a9974-6347-49ca-aefd-c703a3af3a84|rpc:10.1.0.209:35151|dataStream:|priority:0, 63d7508a-aae7-47e5-91de-7b918a2106c8|rpc:10.1.0.209:34509|dataStream:|priority:1], old=null
2022-10-09 13:09:28,083 [Listener at 127.0.0.1/34869] INFO  ozone.MiniOzoneClusterImpl (MiniOzoneClusterImpl.java:lambda$waitForClusterToBeReady$0(216)) - Nodes are ready. Got 5 of 5 DN Heartbeats.
2022-10-09 13:09:28,083 [Listener at 127.0.0.1/34869] INFO  ozone.MiniOzoneClusterImpl (MiniOzoneClusterImpl.java:lambda$waitForClusterToBeReady$0(219)) - Cluster exits safe mode
2022-10-09 13:09:28,083 [Listener at 127.0.0.1/34869] INFO  ozone.MiniOzoneClusterImpl (MiniOzoneClusterImpl.java:lambda$waitForClusterToBeReady$0(221)) - SCM became leader
2022-10-09 13:09:28,089 [63d7508a-aae7-47e5-91de-7b918a2106c8@group-C323F128D3A8-LeaderElection66] INFO  grpc.GrpcConfigKeys (ConfUtils.java:logGet(46)) - raft.grpc.server.leader.outstanding.appends.max = 128 (default)
2022-10-09 13:09:28,089 [63d7508a-aae7-47e5-91de-7b918a2106c8@group-C323F128D3A8-LeaderElection66] INFO  server.RaftServerConfigKeys (ConfUtils.java:logGet(46)) - raft.server.rpc.request.timeout = 60s (custom)
2022-10-09 13:09:28,090 [63d7508a-aae7-47e5-91de-7b918a2106c8@group-C323F128D3A8-LeaderElection66] INFO  server.RaftServerConfigKeys (ConfUtils.java:logGet(46)) - raft.server.log.appender.install.snapshot.enabled = false (custom)
2022-10-09 13:09:28,090 [63d7508a-aae7-47e5-91de-7b918a2106c8@group-C323F128D3A8-LeaderElection66] INFO  impl.RoleInfo (RoleInfo.java:updateAndGet(139)) - 63d7508a-aae7-47e5-91de-7b918a2106c8: start 63d7508a-aae7-47e5-91de-7b918a2106c8@group-C323F128D3A8-LeaderStateImpl
2022-10-09 13:09:28,090 [63d7508a-aae7-47e5-91de-7b918a2106c8@group-C323F128D3A8-LeaderElection66] INFO  segmented.SegmentedRaftLogWorker (SegmentedRaftLogWorker.java:startLogSegment(425)) - 63d7508a-aae7-47e5-91de-7b918a2106c8@group-C323F128D3A8-SegmentedRaftLogWorker: Starting segment from index:0
2022-10-09 13:09:28,092 [63d7508a-aae7-47e5-91de-7b918a2106c8@group-C323F128D3A8-SegmentedRaftLogWorker] INFO  segmented.SegmentedRaftLogWorker (SegmentedRaftLogWorker.java:execute(629)) - 63d7508a-aae7-47e5-91de-7b918a2106c8@group-C323F128D3A8-SegmentedRaftLogWorker: created new log segment /home/runner/work/ozone/ozone/hadoop-ozone/integration-test/target/test-dir/MiniOzoneClusterImpl-ae096de1-e798-4387-a84e-b49ba4bb805b/datanode-1/data/ratis/c29ea68a-b793-4021-894d-c323f128d3a8/current/log_inprogress_0
2022-10-09 13:09:28,141 [a45a9974-6347-49ca-aefd-c703a3af3a84-server-thread1] INFO  ratis.XceiverServerRatis (XceiverServerRatis.java:handleLeaderChangedNotification(863)) - Leader change notification received for group: group-C323F128D3A8 with new leaderId: 63d7508a-aae7-47e5-91de-7b918a2106c8
2022-10-09 13:09:28,141 [a45a9974-6347-49ca-aefd-c703a3af3a84-server-thread1] INFO  server.RaftServer$Division (ServerState.java:setLeader(287)) - a45a9974-6347-49ca-aefd-c703a3af3a84@group-C323F128D3A8: change Leader from null to 63d7508a-aae7-47e5-91de-7b918a2106c8 at term 4 for appendEntries, leader elected after 20718ms
2022-10-09 13:09:28,145 [63d7508a-aae7-47e5-91de-7b918a2106c8@group-C323F128D3A8-LeaderElection66] INFO  server.RaftServer$Division (ServerState.java:setRaftConf(393)) - 63d7508a-aae7-47e5-91de-7b918a2106c8@group-C323F128D3A8: set configuration 0: [50de1ab3-18a1-452d-b023-0fe1bea95e64|rpc:10.1.0.209:33457|dataStream:|priority:0, a45a9974-6347-49ca-aefd-c703a3af3a84|rpc:10.1.0.209:35151|dataStream:|priority:0, 63d7508a-aae7-47e5-91de-7b918a2106c8|rpc:10.1.0.209:34509|dataStream:|priority:1], old=null
2022-10-09 13:09:28,175 [50de1ab3-18a1-452d-b023-0fe1bea95e64-server-thread1] INFO  ratis.XceiverServerRatis (XceiverServerRatis.java:handleLeaderChangedNotification(863)) - Leader change notification received for group: group-C323F128D3A8 with new leaderId: 63d7508a-aae7-47e5-91de-7b918a2106c8
2022-10-09 13:09:28,175 [50de1ab3-18a1-452d-b023-0fe1bea95e64-server-thread1] INFO  server.RaftServer$Division (ServerState.java:setLeader(287)) - 50de1ab3-18a1-452d-b023-0fe1bea95e64@group-C323F128D3A8: change Leader from null to 63d7508a-aae7-47e5-91de-7b918a2106c8 at term 4 for appendEntries, leader elected after 20951ms
2022-10-09 13:09:28,236 [a45a9974-6347-49ca-aefd-c703a3af3a84-server-thread1] INFO  server.RaftServer$Division (ServerState.java:setRaftConf(393)) - a45a9974-6347-49ca-aefd-c703a3af3a84@group-C323F128D3A8: set configuration 0: [50de1ab3-18a1-452d-b023-0fe1bea95e64|rpc:10.1.0.209:33457|dataStream:|priority:0, a45a9974-6347-49ca-aefd-c703a3af3a84|rpc:10.1.0.209:35151|dataStream:|priority:0, 63d7508a-aae7-47e5-91de-7b918a2106c8|rpc:10.1.0.209:34509|dataStream:|priority:1], old=null
2022-10-09 13:09:28,237 [a45a9974-6347-49ca-aefd-c703a3af3a84-server-thread1] INFO  segmented.SegmentedRaftLogWorker (SegmentedRaftLogWorker.java:startLogSegment(425)) - a45a9974-6347-49ca-aefd-c703a3af3a84@group-C323F128D3A8-SegmentedRaftLogWorker: Starting segment from index:0
2022-10-09 13:09:28,238 [a45a9974-6347-49ca-aefd-c703a3af3a84@group-C323F128D3A8-SegmentedRaftLogWorker] INFO  segmented.SegmentedRaftLogWorker (SegmentedRaftLogWorker.java:execute(629)) - a45a9974-6347-49ca-aefd-c703a3af3a84@group-C323F128D3A8-SegmentedRaftLogWorker: created new log segment /home/runner/work/ozone/ozone/hadoop-ozone/integration-test/target/test-dir/MiniOzoneClusterImpl-ae096de1-e798-4387-a84e-b49ba4bb805b/datanode-2/data/ratis/c29ea68a-b793-4021-894d-c323f128d3a8/current/log_inprogress_0
2022-10-09 13:09:28,246 [50de1ab3-18a1-452d-b023-0fe1bea95e64-server-thread2] INFO  server.RaftServer$Division (ServerState.java:setRaftConf(393)) - 50de1ab3-18a1-452d-b023-0fe1bea95e64@group-C323F128D3A8: set configuration 0: [50de1ab3-18a1-452d-b023-0fe1bea95e64|rpc:10.1.0.209:33457|dataStream:|priority:0, a45a9974-6347-49ca-aefd-c703a3af3a84|rpc:10.1.0.209:35151|dataStream:|priority:0, 63d7508a-aae7-47e5-91de-7b918a2106c8|rpc:10.1.0.209:34509|dataStream:|priority:1], old=null
2022-10-09 13:09:28,247 [50de1ab3-18a1-452d-b023-0fe1bea95e64-server-thread2] INFO  segmented.SegmentedRaftLogWorker (SegmentedRaftLogWorker.java:startLogSegment(425)) - 50de1ab3-18a1-452d-b023-0fe1bea95e64@group-C323F128D3A8-SegmentedRaftLogWorker: Starting segment from index:0
2022-10-09 13:09:28,253 [50de1ab3-18a1-452d-b023-0fe1bea95e64@group-C323F128D3A8-SegmentedRaftLogWorker] INFO  segmented.SegmentedRaftLogWorker (SegmentedRaftLogWorker.java:execute(629)) - 50de1ab3-18a1-452d-b023-0fe1bea95e64@group-C323F128D3A8-SegmentedRaftLogWorker: created new log segment /home/runner/work/ozone/ozone/hadoop-ozone/integration-test/target/test-dir/MiniOzoneClusterImpl-ae096de1-e798-4387-a84e-b49ba4bb805b/datanode-0/data/ratis/c29ea68a-b793-4021-894d-c323f128d3a8/current/log_inprogress_0
2022-10-09 13:09:28,293 [Listener at 127.0.0.1/34869] INFO  rpc.RpcClient (RpcClient.java:createVolume(471)) - Creating Volume: volume25253, with user89768 as owner and space quota set to -1 bytes, counts quota set to -1
2022-10-09 13:09:28,294 [IPC Server handler 3 on default port 34869] INFO  volume.OMVolumeCreateRequest (OMVolumeCreateRequest.java:validateAndUpdateCache(195)) - created volume:volume25253 for user:user89768
2022-10-09 13:09:28,325 [Listener at 127.0.0.1/34869] INFO  rpc.RpcClient (RpcClient.java:createBucket(674)) - Creating Bucket: volume25253/bucket90791, with bucket layout LEGACY, runner as owner, Versioning false, Storage Type set to DISK and Encryption set to false 
2022-10-09 13:09:28,328 [IPC Server handler 6 on default port 34869] INFO  bucket.OMBucketCreateRequest (OMBucketCreateRequest.java:validateAndUpdateCache(260)) - created bucket: bucket90791 of layout LEGACY in volume: volume25253
]]></system-out>
  </testcase>
  <testcase name="testSeekOnFileLength" classname="TestOzoneFileSystem" time="0.849">
    <system-out><![CDATA[2022-10-09 13:04:15,272 [IPC Server handler 0 on default port 38953] INFO  ha.SequenceIdGenerator (SequenceIdGenerator.java:getNextId(128)) - Allocate a batch for containerId, change lastId from 0 to 1000.
2022-10-09 13:04:15,282 [IPC Server handler 0 on default port 38953] WARN  ha.SequenceIdGenerator (SequenceIdGenerator.java:allocateBatch(237)) - Failed to allocate a batch for localId, expected lastId is 0, actual lastId is 109611004723200000.
2022-10-09 13:04:15,282 [IPC Server handler 0 on default port 38953] INFO  ha.SequenceIdGenerator (SequenceIdGenerator.java:getNextId(128)) - Allocate a batch for localId, change lastId from 109611004723200000 to 109611004723201000.
2022-10-09 13:04:15,364 [Time-limited test] INFO  impl.MetricsSystemImpl (MetricsSystemImpl.java:init(158)) - XceiverClientMetrics metrics system started (again)
13:04:16.035 [IPC Server handler 0 on default port 37457] ERROR OMAudit - user=runner | ip=127.0.0.1 | op=LOOKUP_FILE {volume=volume94578, bucket=bucket60014, key=file_notexist, dataSize=0, replicationConfig=null} | ret=FAILURE
org.apache.hadoop.ozone.om.exceptions.OMException: Unable to get file status: volume: volume94578 bucket: bucket60014 key: file_notexist
	at org.apache.hadoop.ozone.om.KeyManagerImpl.getOzoneFileStatus(KeyManagerImpl.java:1270) ~[ozone-manager-1.3.0-SNAPSHOT.jar:?]
	at org.apache.hadoop.ozone.om.KeyManagerImpl.lookupFile(KeyManagerImpl.java:1382) ~[ozone-manager-1.3.0-SNAPSHOT.jar:?]
	at org.apache.hadoop.ozone.om.OzoneManager.lookupFile(OzoneManager.java:3545) ~[ozone-manager-1.3.0-SNAPSHOT.jar:?]
	at org.apache.hadoop.ozone.protocolPB.OzoneManagerRequestHandler.lookupFile(OzoneManagerRequestHandler.java:995) ~[ozone-manager-1.3.0-SNAPSHOT.jar:?]
	at org.apache.hadoop.ozone.protocolPB.OzoneManagerRequestHandler.handleReadRequest(OzoneManagerRequestHandler.java:234) ~[ozone-manager-1.3.0-SNAPSHOT.jar:?]
	at org.apache.hadoop.ozone.protocolPB.OzoneManagerProtocolServerSideTranslatorPB.submitReadRequestToOM(OzoneManagerProtocolServerSideTranslatorPB.java:226) ~[ozone-manager-1.3.0-SNAPSHOT.jar:?]
	at org.apache.hadoop.ozone.protocolPB.OzoneManagerProtocolServerSideTranslatorPB.processRequest(OzoneManagerProtocolServerSideTranslatorPB.java:175) ~[ozone-manager-1.3.0-SNAPSHOT.jar:?]
	at org.apache.hadoop.hdds.server.OzoneProtocolMessageDispatcher.processRequest(OzoneProtocolMessageDispatcher.java:87) [hdds-server-framework-1.3.0-SNAPSHOT.jar:?]
	at org.apache.hadoop.ozone.protocolPB.OzoneManagerProtocolServerSideTranslatorPB.submitRequest(OzoneManagerProtocolServerSideTranslatorPB.java:147) [ozone-manager-1.3.0-SNAPSHOT.jar:?]
	at org.apache.hadoop.ozone.protocol.proto.OzoneManagerProtocolProtos$OzoneManagerService$2.callBlockingMethod(OzoneManagerProtocolProtos.java) [ozone-interface-client-1.3.0-SNAPSHOT.jar:?]
	at org.apache.hadoop.ipc.ProtobufRpcEngine$Server.processCall(ProtobufRpcEngine.java:466) [hadoop-common-3.3.1.jar:?]
	at org.apache.hadoop.ipc.ProtobufRpcEngine2$Server$ProtoBufRpcInvoker.call(ProtobufRpcEngine2.java:574) [hadoop-common-3.3.1.jar:?]
	at org.apache.hadoop.ipc.ProtobufRpcEngine2$Server$ProtoBufRpcInvoker.call(ProtobufRpcEngine2.java:552) [hadoop-common-3.3.1.jar:?]
	at org.apache.hadoop.ipc.RPC$Server.call(RPC.java:1093) [hadoop-common-3.3.1.jar:?]
	at org.apache.hadoop.ipc.Server$RpcCall.run(Server.java:1035) [hadoop-common-3.3.1.jar:?]
	at org.apache.hadoop.ipc.Server$RpcCall.run(Server.java:963) [hadoop-common-3.3.1.jar:?]
	at java.security.AccessController.doPrivileged(Native Method) ~[?:1.8.0_345]
	at javax.security.auth.Subject.doAs(Subject.java:422) [?:1.8.0_345]
	at org.apache.hadoop.security.UserGroupInformation.doAs(UserGroupInformation.java:1878) [hadoop-common-3.3.1.jar:?]
	at org.apache.hadoop.ipc.Server$Handler.run(Server.java:2966) [hadoop-common-3.3.1.jar:?]
]]></system-out>
  </testcase>
  <testcase name="testSeekOnFileLength" classname="TestOzoneFileSystem" time="0.444">
    <system-out><![CDATA[2022-10-09 13:05:51,922 [IPC Server handler 19 on default port 34237] INFO  ha.SequenceIdGenerator (SequenceIdGenerator.java:getNextId(128)) - Allocate a batch for containerId, change lastId from 0 to 1000.
2022-10-09 13:05:51,922 [IPC Server handler 19 on default port 34237] WARN  ha.SequenceIdGenerator (SequenceIdGenerator.java:allocateBatch(237)) - Failed to allocate a batch for localId, expected lastId is 0, actual lastId is 109611004723200000.
2022-10-09 13:05:51,922 [IPC Server handler 19 on default port 34237] INFO  ha.SequenceIdGenerator (SequenceIdGenerator.java:getNextId(128)) - Allocate a batch for localId, change lastId from 109611004723200000 to 109611004723201000.
13:05:52.334 [IPC Server handler 17 on default port 44209] ERROR OMAudit - user=runner | ip=127.0.0.1 | op=LOOKUP_FILE {volume=volume66281, bucket=bucket85504, key=file_notexist, dataSize=0, replicationConfig=null} | ret=FAILURE
org.apache.hadoop.ozone.om.exceptions.OMException: Unable to get file status: volume: volume66281 bucket: bucket85504 key: file_notexist
	at org.apache.hadoop.ozone.om.KeyManagerImpl.getOzoneFileStatus(KeyManagerImpl.java:1270) ~[ozone-manager-1.3.0-SNAPSHOT.jar:?]
	at org.apache.hadoop.ozone.om.KeyManagerImpl.lookupFile(KeyManagerImpl.java:1382) ~[ozone-manager-1.3.0-SNAPSHOT.jar:?]
	at org.apache.hadoop.ozone.om.OzoneManager.lookupFile(OzoneManager.java:3545) ~[ozone-manager-1.3.0-SNAPSHOT.jar:?]
	at org.apache.hadoop.ozone.protocolPB.OzoneManagerRequestHandler.lookupFile(OzoneManagerRequestHandler.java:995) ~[ozone-manager-1.3.0-SNAPSHOT.jar:?]
	at org.apache.hadoop.ozone.protocolPB.OzoneManagerRequestHandler.handleReadRequest(OzoneManagerRequestHandler.java:234) ~[ozone-manager-1.3.0-SNAPSHOT.jar:?]
	at org.apache.hadoop.ozone.protocolPB.OzoneManagerProtocolServerSideTranslatorPB.submitRequestDirectlyToOM(OzoneManagerProtocolServerSideTranslatorPB.java:276) ~[ozone-manager-1.3.0-SNAPSHOT.jar:?]
	at org.apache.hadoop.ozone.protocolPB.OzoneManagerProtocolServerSideTranslatorPB.processRequest(OzoneManagerProtocolServerSideTranslatorPB.java:205) ~[ozone-manager-1.3.0-SNAPSHOT.jar:?]
	at org.apache.hadoop.hdds.server.OzoneProtocolMessageDispatcher.processRequest(OzoneProtocolMessageDispatcher.java:87) [hdds-server-framework-1.3.0-SNAPSHOT.jar:?]
	at org.apache.hadoop.ozone.protocolPB.OzoneManagerProtocolServerSideTranslatorPB.submitRequest(OzoneManagerProtocolServerSideTranslatorPB.java:147) [ozone-manager-1.3.0-SNAPSHOT.jar:?]
	at org.apache.hadoop.ozone.protocol.proto.OzoneManagerProtocolProtos$OzoneManagerService$2.callBlockingMethod(OzoneManagerProtocolProtos.java) [ozone-interface-client-1.3.0-SNAPSHOT.jar:?]
	at org.apache.hadoop.ipc.ProtobufRpcEngine$Server.processCall(ProtobufRpcEngine.java:466) [hadoop-common-3.3.1.jar:?]
	at org.apache.hadoop.ipc.ProtobufRpcEngine2$Server$ProtoBufRpcInvoker.call(ProtobufRpcEngine2.java:574) [hadoop-common-3.3.1.jar:?]
	at org.apache.hadoop.ipc.ProtobufRpcEngine2$Server$ProtoBufRpcInvoker.call(ProtobufRpcEngine2.java:552) [hadoop-common-3.3.1.jar:?]
	at org.apache.hadoop.ipc.RPC$Server.call(RPC.java:1093) [hadoop-common-3.3.1.jar:?]
	at org.apache.hadoop.ipc.Server$RpcCall.run(Server.java:1035) [hadoop-common-3.3.1.jar:?]
	at org.apache.hadoop.ipc.Server$RpcCall.run(Server.java:963) [hadoop-common-3.3.1.jar:?]
	at java.security.AccessController.doPrivileged(Native Method) ~[?:1.8.0_345]
	at javax.security.auth.Subject.doAs(Subject.java:422) [?:1.8.0_345]
	at org.apache.hadoop.security.UserGroupInformation.doAs(UserGroupInformation.java:1878) [hadoop-common-3.3.1.jar:?]
	at org.apache.hadoop.ipc.Server$Handler.run(Server.java:2966) [hadoop-common-3.3.1.jar:?]
]]></system-out>
  </testcase>
  <testcase name="testSeekOnFileLength" classname="TestOzoneFileSystem" time="0.553">
    <system-out><![CDATA[2022-10-09 13:07:18,795 [IPC Server handler 5 on default port 36597] INFO  ha.SequenceIdGenerator (SequenceIdGenerator.java:getNextId(128)) - Allocate a batch for containerId, change lastId from 0 to 1000.
2022-10-09 13:07:18,796 [IPC Server handler 5 on default port 36597] WARN  ha.SequenceIdGenerator (SequenceIdGenerator.java:allocateBatch(237)) - Failed to allocate a batch for localId, expected lastId is 0, actual lastId is 109611004723200000.
2022-10-09 13:07:18,796 [IPC Server handler 5 on default port 36597] INFO  ha.SequenceIdGenerator (SequenceIdGenerator.java:getNextId(128)) - Allocate a batch for localId, change lastId from 109611004723200000 to 109611004723201000.
13:07:19.307 [IPC Server handler 2 on default port 33359] ERROR OMAudit - user=runner | ip=127.0.0.1 | op=LOOKUP_FILE {volume=volume52841, bucket=bucket11878, key=file_notexist, dataSize=0, replicationConfig=null} | ret=FAILURE
org.apache.hadoop.ozone.om.exceptions.OMException: Unable to get file status: volume: volume52841 bucket: bucket11878 key: file_notexist
	at org.apache.hadoop.ozone.om.KeyManagerImpl.getOzoneFileStatus(KeyManagerImpl.java:1270) ~[ozone-manager-1.3.0-SNAPSHOT.jar:?]
	at org.apache.hadoop.ozone.om.KeyManagerImpl.lookupFile(KeyManagerImpl.java:1382) ~[ozone-manager-1.3.0-SNAPSHOT.jar:?]
	at org.apache.hadoop.ozone.om.OzoneManager.lookupFile(OzoneManager.java:3545) ~[ozone-manager-1.3.0-SNAPSHOT.jar:?]
	at org.apache.hadoop.ozone.protocolPB.OzoneManagerRequestHandler.lookupFile(OzoneManagerRequestHandler.java:995) ~[ozone-manager-1.3.0-SNAPSHOT.jar:?]
	at org.apache.hadoop.ozone.protocolPB.OzoneManagerRequestHandler.handleReadRequest(OzoneManagerRequestHandler.java:234) ~[ozone-manager-1.3.0-SNAPSHOT.jar:?]
	at org.apache.hadoop.ozone.protocolPB.OzoneManagerProtocolServerSideTranslatorPB.submitReadRequestToOM(OzoneManagerProtocolServerSideTranslatorPB.java:226) ~[ozone-manager-1.3.0-SNAPSHOT.jar:?]
	at org.apache.hadoop.ozone.protocolPB.OzoneManagerProtocolServerSideTranslatorPB.processRequest(OzoneManagerProtocolServerSideTranslatorPB.java:175) ~[ozone-manager-1.3.0-SNAPSHOT.jar:?]
	at org.apache.hadoop.hdds.server.OzoneProtocolMessageDispatcher.processRequest(OzoneProtocolMessageDispatcher.java:87) [hdds-server-framework-1.3.0-SNAPSHOT.jar:?]
	at org.apache.hadoop.ozone.protocolPB.OzoneManagerProtocolServerSideTranslatorPB.submitRequest(OzoneManagerProtocolServerSideTranslatorPB.java:147) [ozone-manager-1.3.0-SNAPSHOT.jar:?]
	at org.apache.hadoop.ozone.protocol.proto.OzoneManagerProtocolProtos$OzoneManagerService$2.callBlockingMethod(OzoneManagerProtocolProtos.java) [ozone-interface-client-1.3.0-SNAPSHOT.jar:?]
	at org.apache.hadoop.ipc.ProtobufRpcEngine$Server.processCall(ProtobufRpcEngine.java:466) [hadoop-common-3.3.1.jar:?]
	at org.apache.hadoop.ipc.ProtobufRpcEngine2$Server$ProtoBufRpcInvoker.call(ProtobufRpcEngine2.java:574) [hadoop-common-3.3.1.jar:?]
	at org.apache.hadoop.ipc.ProtobufRpcEngine2$Server$ProtoBufRpcInvoker.call(ProtobufRpcEngine2.java:552) [hadoop-common-3.3.1.jar:?]
	at org.apache.hadoop.ipc.RPC$Server.call(RPC.java:1093) [hadoop-common-3.3.1.jar:?]
	at org.apache.hadoop.ipc.Server$RpcCall.run(Server.java:1035) [hadoop-common-3.3.1.jar:?]
	at org.apache.hadoop.ipc.Server$RpcCall.run(Server.java:963) [hadoop-common-3.3.1.jar:?]
	at java.security.AccessController.doPrivileged(Native Method) ~[?:1.8.0_345]
	at javax.security.auth.Subject.doAs(Subject.java:422) [?:1.8.0_345]
	at org.apache.hadoop.security.UserGroupInformation.doAs(UserGroupInformation.java:1878) [hadoop-common-3.3.1.jar:?]
	at org.apache.hadoop.ipc.Server$Handler.run(Server.java:2966) [hadoop-common-3.3.1.jar:?]
]]></system-out>
  </testcase>
  <testcase name="testSeekOnFileLength" classname="TestOzoneFileSystem" time="0.646">
    <system-out><![CDATA[2022-10-09 13:09:28,424 [IPC Server handler 0 on default port 34077] INFO  ha.SequenceIdGenerator (SequenceIdGenerator.java:getNextId(128)) - Allocate a batch for containerId, change lastId from 0 to 1000.
2022-10-09 13:09:28,424 [IPC Server handler 0 on default port 34077] WARN  ha.SequenceIdGenerator (SequenceIdGenerator.java:allocateBatch(237)) - Failed to allocate a batch for localId, expected lastId is 0, actual lastId is 109611004723200000.
2022-10-09 13:09:28,425 [IPC Server handler 0 on default port 34077] INFO  ha.SequenceIdGenerator (SequenceIdGenerator.java:getNextId(128)) - Allocate a batch for localId, change lastId from 109611004723200000 to 109611004723201000.
13:09:29.023 [IPC Server handler 2 on default port 34869] ERROR OMAudit - user=runner | ip=127.0.0.1 | op=LOOKUP_FILE {volume=volume25253, bucket=bucket90791, key=file_notexist, dataSize=0, replicationConfig=null} | ret=FAILURE
org.apache.hadoop.ozone.om.exceptions.OMException: Unable to get file status: volume: volume25253 bucket: bucket90791 key: file_notexist
	at org.apache.hadoop.ozone.om.KeyManagerImpl.getOzoneFileStatus(KeyManagerImpl.java:1270) ~[ozone-manager-1.3.0-SNAPSHOT.jar:?]
	at org.apache.hadoop.ozone.om.KeyManagerImpl.lookupFile(KeyManagerImpl.java:1382) ~[ozone-manager-1.3.0-SNAPSHOT.jar:?]
	at org.apache.hadoop.ozone.om.OzoneManager.lookupFile(OzoneManager.java:3545) ~[ozone-manager-1.3.0-SNAPSHOT.jar:?]
	at org.apache.hadoop.ozone.protocolPB.OzoneManagerRequestHandler.lookupFile(OzoneManagerRequestHandler.java:995) ~[ozone-manager-1.3.0-SNAPSHOT.jar:?]
	at org.apache.hadoop.ozone.protocolPB.OzoneManagerRequestHandler.handleReadRequest(OzoneManagerRequestHandler.java:234) ~[ozone-manager-1.3.0-SNAPSHOT.jar:?]
	at org.apache.hadoop.ozone.protocolPB.OzoneManagerProtocolServerSideTranslatorPB.submitRequestDirectlyToOM(OzoneManagerProtocolServerSideTranslatorPB.java:276) ~[ozone-manager-1.3.0-SNAPSHOT.jar:?]
	at org.apache.hadoop.ozone.protocolPB.OzoneManagerProtocolServerSideTranslatorPB.processRequest(OzoneManagerProtocolServerSideTranslatorPB.java:205) ~[ozone-manager-1.3.0-SNAPSHOT.jar:?]
	at org.apache.hadoop.hdds.server.OzoneProtocolMessageDispatcher.processRequest(OzoneProtocolMessageDispatcher.java:87) [hdds-server-framework-1.3.0-SNAPSHOT.jar:?]
	at org.apache.hadoop.ozone.protocolPB.OzoneManagerProtocolServerSideTranslatorPB.submitRequest(OzoneManagerProtocolServerSideTranslatorPB.java:147) [ozone-manager-1.3.0-SNAPSHOT.jar:?]
	at org.apache.hadoop.ozone.protocol.proto.OzoneManagerProtocolProtos$OzoneManagerService$2.callBlockingMethod(OzoneManagerProtocolProtos.java) [ozone-interface-client-1.3.0-SNAPSHOT.jar:?]
	at org.apache.hadoop.ipc.ProtobufRpcEngine$Server.processCall(ProtobufRpcEngine.java:466) [hadoop-common-3.3.1.jar:?]
	at org.apache.hadoop.ipc.ProtobufRpcEngine2$Server$ProtoBufRpcInvoker.call(ProtobufRpcEngine2.java:574) [hadoop-common-3.3.1.jar:?]
	at org.apache.hadoop.ipc.ProtobufRpcEngine2$Server$ProtoBufRpcInvoker.call(ProtobufRpcEngine2.java:552) [hadoop-common-3.3.1.jar:?]
	at org.apache.hadoop.ipc.RPC$Server.call(RPC.java:1093) [hadoop-common-3.3.1.jar:?]
	at org.apache.hadoop.ipc.Server$RpcCall.run(Server.java:1035) [hadoop-common-3.3.1.jar:?]
	at org.apache.hadoop.ipc.Server$RpcCall.run(Server.java:963) [hadoop-common-3.3.1.jar:?]
	at java.security.AccessController.doPrivileged(Native Method) ~[?:1.8.0_345]
	at javax.security.auth.Subject.doAs(Subject.java:422) [?:1.8.0_345]
	at org.apache.hadoop.security.UserGroupInformation.doAs(UserGroupInformation.java:1878) [hadoop-common-3.3.1.jar:?]
	at org.apache.hadoop.ipc.Server$Handler.run(Server.java:2966) [hadoop-common-3.3.1.jar:?]
]]></system-out>
  </testcase>
  <testcase name="testRenameFile" classname="TestOzoneFileSystem" time="0.096">
    <system-out><![CDATA[13:04:16.097 [IPC Server handler 5 on default port 37457] ERROR OMAudit - user=runner | ip=127.0.0.1 | op=GET_FILE_STATUS {volume=volume94578, bucket=bucket60014, key=root/file1, dataSize=0, replicationConfig=null} | ret=FAILURE
org.apache.hadoop.ozone.om.exceptions.OMException: Unable to get file status: volume: volume94578 bucket: bucket60014 key: root/file1
	at org.apache.hadoop.ozone.om.KeyManagerImpl.getOzoneFileStatus(KeyManagerImpl.java:1270) ~[ozone-manager-1.3.0-SNAPSHOT.jar:?]
	at org.apache.hadoop.ozone.om.KeyManagerImpl.getFileStatus(KeyManagerImpl.java:1200) ~[ozone-manager-1.3.0-SNAPSHOT.jar:?]
	at org.apache.hadoop.ozone.om.OzoneManager.getFileStatus(OzoneManager.java:3507) ~[ozone-manager-1.3.0-SNAPSHOT.jar:?]
	at org.apache.hadoop.ozone.protocolPB.OzoneManagerRequestHandler.getOzoneFileStatus(OzoneManagerRequestHandler.java:882) ~[ozone-manager-1.3.0-SNAPSHOT.jar:?]
	at org.apache.hadoop.ozone.protocolPB.OzoneManagerRequestHandler.handleReadRequest(OzoneManagerRequestHandler.java:228) ~[ozone-manager-1.3.0-SNAPSHOT.jar:?]
	at org.apache.hadoop.ozone.protocolPB.OzoneManagerProtocolServerSideTranslatorPB.submitReadRequestToOM(OzoneManagerProtocolServerSideTranslatorPB.java:226) ~[ozone-manager-1.3.0-SNAPSHOT.jar:?]
	at org.apache.hadoop.ozone.protocolPB.OzoneManagerProtocolServerSideTranslatorPB.processRequest(OzoneManagerProtocolServerSideTranslatorPB.java:175) ~[ozone-manager-1.3.0-SNAPSHOT.jar:?]
	at org.apache.hadoop.hdds.server.OzoneProtocolMessageDispatcher.processRequest(OzoneProtocolMessageDispatcher.java:87) [hdds-server-framework-1.3.0-SNAPSHOT.jar:?]
	at org.apache.hadoop.ozone.protocolPB.OzoneManagerProtocolServerSideTranslatorPB.submitRequest(OzoneManagerProtocolServerSideTranslatorPB.java:147) [ozone-manager-1.3.0-SNAPSHOT.jar:?]
	at org.apache.hadoop.ozone.protocol.proto.OzoneManagerProtocolProtos$OzoneManagerService$2.callBlockingMethod(OzoneManagerProtocolProtos.java) [ozone-interface-client-1.3.0-SNAPSHOT.jar:?]
	at org.apache.hadoop.ipc.ProtobufRpcEngine$Server.processCall(ProtobufRpcEngine.java:466) [hadoop-common-3.3.1.jar:?]
	at org.apache.hadoop.ipc.ProtobufRpcEngine2$Server$ProtoBufRpcInvoker.call(ProtobufRpcEngine2.java:574) [hadoop-common-3.3.1.jar:?]
	at org.apache.hadoop.ipc.ProtobufRpcEngine2$Server$ProtoBufRpcInvoker.call(ProtobufRpcEngine2.java:552) [hadoop-common-3.3.1.jar:?]
	at org.apache.hadoop.ipc.RPC$Server.call(RPC.java:1093) [hadoop-common-3.3.1.jar:?]
	at org.apache.hadoop.ipc.Server$RpcCall.run(Server.java:1035) [hadoop-common-3.3.1.jar:?]
	at org.apache.hadoop.ipc.Server$RpcCall.run(Server.java:963) [hadoop-common-3.3.1.jar:?]
	at java.security.AccessController.doPrivileged(Native Method) ~[?:1.8.0_345]
	at javax.security.auth.Subject.doAs(Subject.java:422) [?:1.8.0_345]
	at org.apache.hadoop.security.UserGroupInformation.doAs(UserGroupInformation.java:1878) [hadoop-common-3.3.1.jar:?]
	at org.apache.hadoop.ipc.Server$Handler.run(Server.java:2966) [hadoop-common-3.3.1.jar:?]
2022-10-09 13:04:16,098 [Time-limited test] WARN  ozone.BasicOzoneFileSystem (BasicOzoneFileSystem.java:getFileStatus(765)) - GetFileStatus failed for path o3fs://bucket60014.volume94578/root/file1
java.io.FileNotFoundException: root/file1: No such file or directory!
	at org.apache.hadoop.fs.ozone.BasicOzoneClientAdapterImpl.getFileStatus(BasicOzoneClientAdapterImpl.java:369)
	at org.apache.hadoop.fs.ozone.BasicOzoneFileSystem.getFileStatus(BasicOzoneFileSystem.java:757)
	at org.apache.hadoop.fs.ozone.BasicOzoneFileSystem.rename(BasicOzoneFileSystem.java:357)
	at org.apache.hadoop.fs.ozone.TestOzoneFileSystem.testRenameFile(TestOzoneFileSystem.java:1243)
	at sun.reflect.NativeMethodAccessorImpl.invoke0(Native Method)
	at sun.reflect.NativeMethodAccessorImpl.invoke(NativeMethodAccessorImpl.java:62)
	at sun.reflect.DelegatingMethodAccessorImpl.invoke(DelegatingMethodAccessorImpl.java:43)
	at java.lang.reflect.Method.invoke(Method.java:498)
	at org.junit.runners.model.FrameworkMethod$1.runReflectiveCall(FrameworkMethod.java:59)
	at org.junit.internal.runners.model.ReflectiveCallable.run(ReflectiveCallable.java:12)
	at org.junit.runners.model.FrameworkMethod.invokeExplosively(FrameworkMethod.java:56)
	at org.junit.internal.runners.statements.InvokeMethod.evaluate(InvokeMethod.java:17)
	at org.junit.internal.runners.statements.RunAfters.evaluate(RunAfters.java:27)
	at org.junit.internal.runners.statements.FailOnTimeout$CallableStatement.call(FailOnTimeout.java:288)
	at org.junit.internal.runners.statements.FailOnTimeout$CallableStatement.call(FailOnTimeout.java:282)
	at java.util.concurrent.FutureTask.run(FutureTask.java:266)
	at java.lang.Thread.run(Thread.java:750)
]]></system-out>
  </testcase>
  <testcase name="testRenameFile" classname="TestOzoneFileSystem" time="0.048">
    <system-out><![CDATA[13:05:52.367 [IPC Server handler 9 on default port 44209] ERROR OMAudit - user=runner | ip=127.0.0.1 | op=GET_FILE_STATUS {volume=volume66281, bucket=bucket85504, key=root/file1, dataSize=0, replicationConfig=null} | ret=FAILURE
org.apache.hadoop.ozone.om.exceptions.OMException: Unable to get file status: volume: volume66281 bucket: bucket85504 key: root/file1
	at org.apache.hadoop.ozone.om.KeyManagerImpl.getOzoneFileStatus(KeyManagerImpl.java:1270) ~[ozone-manager-1.3.0-SNAPSHOT.jar:?]
	at org.apache.hadoop.ozone.om.KeyManagerImpl.getFileStatus(KeyManagerImpl.java:1200) ~[ozone-manager-1.3.0-SNAPSHOT.jar:?]
	at org.apache.hadoop.ozone.om.OzoneManager.getFileStatus(OzoneManager.java:3507) ~[ozone-manager-1.3.0-SNAPSHOT.jar:?]
	at org.apache.hadoop.ozone.protocolPB.OzoneManagerRequestHandler.getOzoneFileStatus(OzoneManagerRequestHandler.java:882) ~[ozone-manager-1.3.0-SNAPSHOT.jar:?]
	at org.apache.hadoop.ozone.protocolPB.OzoneManagerRequestHandler.handleReadRequest(OzoneManagerRequestHandler.java:228) ~[ozone-manager-1.3.0-SNAPSHOT.jar:?]
	at org.apache.hadoop.ozone.protocolPB.OzoneManagerProtocolServerSideTranslatorPB.submitRequestDirectlyToOM(OzoneManagerProtocolServerSideTranslatorPB.java:276) ~[ozone-manager-1.3.0-SNAPSHOT.jar:?]
	at org.apache.hadoop.ozone.protocolPB.OzoneManagerProtocolServerSideTranslatorPB.processRequest(OzoneManagerProtocolServerSideTranslatorPB.java:205) ~[ozone-manager-1.3.0-SNAPSHOT.jar:?]
	at org.apache.hadoop.hdds.server.OzoneProtocolMessageDispatcher.processRequest(OzoneProtocolMessageDispatcher.java:87) [hdds-server-framework-1.3.0-SNAPSHOT.jar:?]
	at org.apache.hadoop.ozone.protocolPB.OzoneManagerProtocolServerSideTranslatorPB.submitRequest(OzoneManagerProtocolServerSideTranslatorPB.java:147) [ozone-manager-1.3.0-SNAPSHOT.jar:?]
	at org.apache.hadoop.ozone.protocol.proto.OzoneManagerProtocolProtos$OzoneManagerService$2.callBlockingMethod(OzoneManagerProtocolProtos.java) [ozone-interface-client-1.3.0-SNAPSHOT.jar:?]
	at org.apache.hadoop.ipc.ProtobufRpcEngine$Server.processCall(ProtobufRpcEngine.java:466) [hadoop-common-3.3.1.jar:?]
	at org.apache.hadoop.ipc.ProtobufRpcEngine2$Server$ProtoBufRpcInvoker.call(ProtobufRpcEngine2.java:574) [hadoop-common-3.3.1.jar:?]
	at org.apache.hadoop.ipc.ProtobufRpcEngine2$Server$ProtoBufRpcInvoker.call(ProtobufRpcEngine2.java:552) [hadoop-common-3.3.1.jar:?]
	at org.apache.hadoop.ipc.RPC$Server.call(RPC.java:1093) [hadoop-common-3.3.1.jar:?]
	at org.apache.hadoop.ipc.Server$RpcCall.run(Server.java:1035) [hadoop-common-3.3.1.jar:?]
	at org.apache.hadoop.ipc.Server$RpcCall.run(Server.java:963) [hadoop-common-3.3.1.jar:?]
	at java.security.AccessController.doPrivileged(Native Method) ~[?:1.8.0_345]
	at javax.security.auth.Subject.doAs(Subject.java:422) [?:1.8.0_345]
	at org.apache.hadoop.security.UserGroupInformation.doAs(UserGroupInformation.java:1878) [hadoop-common-3.3.1.jar:?]
	at org.apache.hadoop.ipc.Server$Handler.run(Server.java:2966) [hadoop-common-3.3.1.jar:?]
2022-10-09 13:05:52,367 [Time-limited test] WARN  ozone.BasicOzoneFileSystem (BasicOzoneFileSystem.java:getFileStatus(765)) - GetFileStatus failed for path o3fs://bucket85504.volume66281/root/file1
java.io.FileNotFoundException: root/file1: No such file or directory!
	at org.apache.hadoop.fs.ozone.BasicOzoneClientAdapterImpl.getFileStatus(BasicOzoneClientAdapterImpl.java:369)
	at org.apache.hadoop.fs.ozone.BasicOzoneFileSystem.getFileStatus(BasicOzoneFileSystem.java:757)
	at org.apache.hadoop.fs.ozone.BasicOzoneFileSystem.rename(BasicOzoneFileSystem.java:357)
	at org.apache.hadoop.fs.ozone.TestOzoneFileSystem.testRenameFile(TestOzoneFileSystem.java:1243)
	at sun.reflect.NativeMethodAccessorImpl.invoke0(Native Method)
	at sun.reflect.NativeMethodAccessorImpl.invoke(NativeMethodAccessorImpl.java:62)
	at sun.reflect.DelegatingMethodAccessorImpl.invoke(DelegatingMethodAccessorImpl.java:43)
	at java.lang.reflect.Method.invoke(Method.java:498)
	at org.junit.runners.model.FrameworkMethod$1.runReflectiveCall(FrameworkMethod.java:59)
	at org.junit.internal.runners.model.ReflectiveCallable.run(ReflectiveCallable.java:12)
	at org.junit.runners.model.FrameworkMethod.invokeExplosively(FrameworkMethod.java:56)
	at org.junit.internal.runners.statements.InvokeMethod.evaluate(InvokeMethod.java:17)
	at org.junit.internal.runners.statements.RunAfters.evaluate(RunAfters.java:27)
	at org.junit.internal.runners.statements.FailOnTimeout$CallableStatement.call(FailOnTimeout.java:288)
	at org.junit.internal.runners.statements.FailOnTimeout$CallableStatement.call(FailOnTimeout.java:282)
	at java.util.concurrent.FutureTask.run(FutureTask.java:266)
	at java.lang.Thread.run(Thread.java:750)
]]></system-out>
  </testcase>
  <testcase name="testRenameFile" classname="TestOzoneFileSystem" time="0.078">
    <system-out><![CDATA[13:07:19.355 [IPC Server handler 9 on default port 33359] ERROR OMAudit - user=runner | ip=127.0.0.1 | op=GET_FILE_STATUS {volume=volume52841, bucket=bucket11878, key=root/file1, dataSize=0, replicationConfig=null} | ret=FAILURE
org.apache.hadoop.ozone.om.exceptions.OMException: Unable to get file status: volume: volume52841 bucket: bucket11878 key: root/file1
	at org.apache.hadoop.ozone.om.KeyManagerImpl.getOzoneFileStatus(KeyManagerImpl.java:1270) ~[ozone-manager-1.3.0-SNAPSHOT.jar:?]
	at org.apache.hadoop.ozone.om.KeyManagerImpl.getFileStatus(KeyManagerImpl.java:1200) ~[ozone-manager-1.3.0-SNAPSHOT.jar:?]
	at org.apache.hadoop.ozone.om.OzoneManager.getFileStatus(OzoneManager.java:3507) ~[ozone-manager-1.3.0-SNAPSHOT.jar:?]
	at org.apache.hadoop.ozone.protocolPB.OzoneManagerRequestHandler.getOzoneFileStatus(OzoneManagerRequestHandler.java:882) ~[ozone-manager-1.3.0-SNAPSHOT.jar:?]
	at org.apache.hadoop.ozone.protocolPB.OzoneManagerRequestHandler.handleReadRequest(OzoneManagerRequestHandler.java:228) ~[ozone-manager-1.3.0-SNAPSHOT.jar:?]
	at org.apache.hadoop.ozone.protocolPB.OzoneManagerProtocolServerSideTranslatorPB.submitReadRequestToOM(OzoneManagerProtocolServerSideTranslatorPB.java:226) ~[ozone-manager-1.3.0-SNAPSHOT.jar:?]
	at org.apache.hadoop.ozone.protocolPB.OzoneManagerProtocolServerSideTranslatorPB.processRequest(OzoneManagerProtocolServerSideTranslatorPB.java:175) ~[ozone-manager-1.3.0-SNAPSHOT.jar:?]
	at org.apache.hadoop.hdds.server.OzoneProtocolMessageDispatcher.processRequest(OzoneProtocolMessageDispatcher.java:87) [hdds-server-framework-1.3.0-SNAPSHOT.jar:?]
	at org.apache.hadoop.ozone.protocolPB.OzoneManagerProtocolServerSideTranslatorPB.submitRequest(OzoneManagerProtocolServerSideTranslatorPB.java:147) [ozone-manager-1.3.0-SNAPSHOT.jar:?]
	at org.apache.hadoop.ozone.protocol.proto.OzoneManagerProtocolProtos$OzoneManagerService$2.callBlockingMethod(OzoneManagerProtocolProtos.java) [ozone-interface-client-1.3.0-SNAPSHOT.jar:?]
	at org.apache.hadoop.ipc.ProtobufRpcEngine$Server.processCall(ProtobufRpcEngine.java:466) [hadoop-common-3.3.1.jar:?]
	at org.apache.hadoop.ipc.ProtobufRpcEngine2$Server$ProtoBufRpcInvoker.call(ProtobufRpcEngine2.java:574) [hadoop-common-3.3.1.jar:?]
	at org.apache.hadoop.ipc.ProtobufRpcEngine2$Server$ProtoBufRpcInvoker.call(ProtobufRpcEngine2.java:552) [hadoop-common-3.3.1.jar:?]
	at org.apache.hadoop.ipc.RPC$Server.call(RPC.java:1093) [hadoop-common-3.3.1.jar:?]
	at org.apache.hadoop.ipc.Server$RpcCall.run(Server.java:1035) [hadoop-common-3.3.1.jar:?]
	at org.apache.hadoop.ipc.Server$RpcCall.run(Server.java:963) [hadoop-common-3.3.1.jar:?]
	at java.security.AccessController.doPrivileged(Native Method) ~[?:1.8.0_345]
	at javax.security.auth.Subject.doAs(Subject.java:422) [?:1.8.0_345]
	at org.apache.hadoop.security.UserGroupInformation.doAs(UserGroupInformation.java:1878) [hadoop-common-3.3.1.jar:?]
	at org.apache.hadoop.ipc.Server$Handler.run(Server.java:2966) [hadoop-common-3.3.1.jar:?]
2022-10-09 13:07:19,356 [Time-limited test] WARN  ozone.BasicOzoneFileSystem (BasicOzoneFileSystem.java:getFileStatus(765)) - GetFileStatus failed for path o3fs://bucket11878.volume52841/root/file1
java.io.FileNotFoundException: root/file1: No such file or directory!
	at org.apache.hadoop.fs.ozone.BasicOzoneClientAdapterImpl.getFileStatus(BasicOzoneClientAdapterImpl.java:369)
	at org.apache.hadoop.fs.ozone.BasicOzoneFileSystem.getFileStatus(BasicOzoneFileSystem.java:757)
	at org.apache.hadoop.fs.ozone.BasicOzoneFileSystem.rename(BasicOzoneFileSystem.java:357)
	at org.apache.hadoop.fs.ozone.TestOzoneFileSystem.testRenameFile(TestOzoneFileSystem.java:1243)
	at sun.reflect.NativeMethodAccessorImpl.invoke0(Native Method)
	at sun.reflect.NativeMethodAccessorImpl.invoke(NativeMethodAccessorImpl.java:62)
	at sun.reflect.DelegatingMethodAccessorImpl.invoke(DelegatingMethodAccessorImpl.java:43)
	at java.lang.reflect.Method.invoke(Method.java:498)
	at org.junit.runners.model.FrameworkMethod$1.runReflectiveCall(FrameworkMethod.java:59)
	at org.junit.internal.runners.model.ReflectiveCallable.run(ReflectiveCallable.java:12)
	at org.junit.runners.model.FrameworkMethod.invokeExplosively(FrameworkMethod.java:56)
	at org.junit.internal.runners.statements.InvokeMethod.evaluate(InvokeMethod.java:17)
	at org.junit.internal.runners.statements.RunAfters.evaluate(RunAfters.java:27)
	at org.junit.internal.runners.statements.FailOnTimeout$CallableStatement.call(FailOnTimeout.java:288)
	at org.junit.internal.runners.statements.FailOnTimeout$CallableStatement.call(FailOnTimeout.java:282)
	at java.util.concurrent.FutureTask.run(FutureTask.java:266)
	at java.lang.Thread.run(Thread.java:750)
]]></system-out>
  </testcase>
  <testcase name="testRenameFile" classname="TestOzoneFileSystem" time="0.052">
    <system-out><![CDATA[13:09:29.089 [IPC Server handler 14 on default port 34869] ERROR OMAudit - user=runner | ip=127.0.0.1 | op=GET_FILE_STATUS {volume=volume25253, bucket=bucket90791, key=root/file1, dataSize=0, replicationConfig=null} | ret=FAILURE
org.apache.hadoop.ozone.om.exceptions.OMException: Unable to get file status: volume: volume25253 bucket: bucket90791 key: root/file1
	at org.apache.hadoop.ozone.om.KeyManagerImpl.getOzoneFileStatus(KeyManagerImpl.java:1270) ~[ozone-manager-1.3.0-SNAPSHOT.jar:?]
	at org.apache.hadoop.ozone.om.KeyManagerImpl.getFileStatus(KeyManagerImpl.java:1200) ~[ozone-manager-1.3.0-SNAPSHOT.jar:?]
	at org.apache.hadoop.ozone.om.OzoneManager.getFileStatus(OzoneManager.java:3507) ~[ozone-manager-1.3.0-SNAPSHOT.jar:?]
	at org.apache.hadoop.ozone.protocolPB.OzoneManagerRequestHandler.getOzoneFileStatus(OzoneManagerRequestHandler.java:882) ~[ozone-manager-1.3.0-SNAPSHOT.jar:?]
	at org.apache.hadoop.ozone.protocolPB.OzoneManagerRequestHandler.handleReadRequest(OzoneManagerRequestHandler.java:228) ~[ozone-manager-1.3.0-SNAPSHOT.jar:?]
	at org.apache.hadoop.ozone.protocolPB.OzoneManagerProtocolServerSideTranslatorPB.submitRequestDirectlyToOM(OzoneManagerProtocolServerSideTranslatorPB.java:276) ~[ozone-manager-1.3.0-SNAPSHOT.jar:?]
	at org.apache.hadoop.ozone.protocolPB.OzoneManagerProtocolServerSideTranslatorPB.processRequest(OzoneManagerProtocolServerSideTranslatorPB.java:205) ~[ozone-manager-1.3.0-SNAPSHOT.jar:?]
	at org.apache.hadoop.hdds.server.OzoneProtocolMessageDispatcher.processRequest(OzoneProtocolMessageDispatcher.java:87) [hdds-server-framework-1.3.0-SNAPSHOT.jar:?]
	at org.apache.hadoop.ozone.protocolPB.OzoneManagerProtocolServerSideTranslatorPB.submitRequest(OzoneManagerProtocolServerSideTranslatorPB.java:147) [ozone-manager-1.3.0-SNAPSHOT.jar:?]
	at org.apache.hadoop.ozone.protocol.proto.OzoneManagerProtocolProtos$OzoneManagerService$2.callBlockingMethod(OzoneManagerProtocolProtos.java) [ozone-interface-client-1.3.0-SNAPSHOT.jar:?]
	at org.apache.hadoop.ipc.ProtobufRpcEngine$Server.processCall(ProtobufRpcEngine.java:466) [hadoop-common-3.3.1.jar:?]
	at org.apache.hadoop.ipc.ProtobufRpcEngine2$Server$ProtoBufRpcInvoker.call(ProtobufRpcEngine2.java:574) [hadoop-common-3.3.1.jar:?]
	at org.apache.hadoop.ipc.ProtobufRpcEngine2$Server$ProtoBufRpcInvoker.call(ProtobufRpcEngine2.java:552) [hadoop-common-3.3.1.jar:?]
	at org.apache.hadoop.ipc.RPC$Server.call(RPC.java:1093) [hadoop-common-3.3.1.jar:?]
	at org.apache.hadoop.ipc.Server$RpcCall.run(Server.java:1035) [hadoop-common-3.3.1.jar:?]
	at org.apache.hadoop.ipc.Server$RpcCall.run(Server.java:963) [hadoop-common-3.3.1.jar:?]
	at java.security.AccessController.doPrivileged(Native Method) ~[?:1.8.0_345]
	at javax.security.auth.Subject.doAs(Subject.java:422) [?:1.8.0_345]
	at org.apache.hadoop.security.UserGroupInformation.doAs(UserGroupInformation.java:1878) [hadoop-common-3.3.1.jar:?]
	at org.apache.hadoop.ipc.Server$Handler.run(Server.java:2966) [hadoop-common-3.3.1.jar:?]
2022-10-09 13:09:29,090 [Time-limited test] WARN  ozone.BasicOzoneFileSystem (BasicOzoneFileSystem.java:getFileStatus(765)) - GetFileStatus failed for path o3fs://bucket90791.volume25253/root/file1
java.io.FileNotFoundException: root/file1: No such file or directory!
	at org.apache.hadoop.fs.ozone.BasicOzoneClientAdapterImpl.getFileStatus(BasicOzoneClientAdapterImpl.java:369)
	at org.apache.hadoop.fs.ozone.BasicOzoneFileSystem.getFileStatus(BasicOzoneFileSystem.java:757)
	at org.apache.hadoop.fs.ozone.BasicOzoneFileSystem.rename(BasicOzoneFileSystem.java:357)
	at org.apache.hadoop.fs.ozone.TestOzoneFileSystem.testRenameFile(TestOzoneFileSystem.java:1243)
	at sun.reflect.NativeMethodAccessorImpl.invoke0(Native Method)
	at sun.reflect.NativeMethodAccessorImpl.invoke(NativeMethodAccessorImpl.java:62)
	at sun.reflect.DelegatingMethodAccessorImpl.invoke(DelegatingMethodAccessorImpl.java:43)
	at java.lang.reflect.Method.invoke(Method.java:498)
	at org.junit.runners.model.FrameworkMethod$1.runReflectiveCall(FrameworkMethod.java:59)
	at org.junit.internal.runners.model.ReflectiveCallable.run(ReflectiveCallable.java:12)
	at org.junit.runners.model.FrameworkMethod.invokeExplosively(FrameworkMethod.java:56)
	at org.junit.internal.runners.statements.InvokeMethod.evaluate(InvokeMethod.java:17)
	at org.junit.internal.runners.statements.RunAfters.evaluate(RunAfters.java:27)
	at org.junit.internal.runners.statements.FailOnTimeout$CallableStatement.call(FailOnTimeout.java:288)
	at org.junit.internal.runners.statements.FailOnTimeout$CallableStatement.call(FailOnTimeout.java:282)
	at java.util.concurrent.FutureTask.run(FutureTask.java:266)
	at java.lang.Thread.run(Thread.java:750)
]]></system-out>
  </testcase>
  <testcase name="testRenameDir" classname="TestOzoneFileSystem" time="0.042">
    <system-out><![CDATA[2022-10-09 13:04:16,174 [Time-limited test] INFO  ozone.TestOzoneFileSystem (TestOzoneFileSystem.java:testRenameDir(1353)) - Created dir o3fs://bucket60014.volume94578/root_dir/dir1/sub_dir1
2022-10-09 13:04:16,174 [Time-limited test] INFO  ozone.TestOzoneFileSystem (TestOzoneFileSystem.java:testRenameDir(1354)) - Will move o3fs://bucket60014.volume94578/root_dir/dir1 to o3fs://bucket60014.volume94578/root_dir/dir1.renamed
13:04:16.177 [IPC Server handler 8 on default port 37457] ERROR OMAudit - user=runner | ip=127.0.0.1 | op=GET_FILE_STATUS {volume=volume94578, bucket=bucket60014, key=root_dir/dir1.renamed, dataSize=0, replicationConfig=null} | ret=FAILURE
org.apache.hadoop.ozone.om.exceptions.OMException: Unable to get file status: volume: volume94578 bucket: bucket60014 key: root_dir/dir1.renamed
	at org.apache.hadoop.ozone.om.KeyManagerImpl.getOzoneFileStatus(KeyManagerImpl.java:1270) ~[ozone-manager-1.3.0-SNAPSHOT.jar:?]
	at org.apache.hadoop.ozone.om.KeyManagerImpl.getFileStatus(KeyManagerImpl.java:1200) ~[ozone-manager-1.3.0-SNAPSHOT.jar:?]
	at org.apache.hadoop.ozone.om.OzoneManager.getFileStatus(OzoneManager.java:3507) ~[ozone-manager-1.3.0-SNAPSHOT.jar:?]
	at org.apache.hadoop.ozone.protocolPB.OzoneManagerRequestHandler.getOzoneFileStatus(OzoneManagerRequestHandler.java:882) ~[ozone-manager-1.3.0-SNAPSHOT.jar:?]
	at org.apache.hadoop.ozone.protocolPB.OzoneManagerRequestHandler.handleReadRequest(OzoneManagerRequestHandler.java:228) ~[ozone-manager-1.3.0-SNAPSHOT.jar:?]
	at org.apache.hadoop.ozone.protocolPB.OzoneManagerProtocolServerSideTranslatorPB.submitReadRequestToOM(OzoneManagerProtocolServerSideTranslatorPB.java:226) ~[ozone-manager-1.3.0-SNAPSHOT.jar:?]
	at org.apache.hadoop.ozone.protocolPB.OzoneManagerProtocolServerSideTranslatorPB.processRequest(OzoneManagerProtocolServerSideTranslatorPB.java:175) ~[ozone-manager-1.3.0-SNAPSHOT.jar:?]
	at org.apache.hadoop.hdds.server.OzoneProtocolMessageDispatcher.processRequest(OzoneProtocolMessageDispatcher.java:87) [hdds-server-framework-1.3.0-SNAPSHOT.jar:?]
	at org.apache.hadoop.ozone.protocolPB.OzoneManagerProtocolServerSideTranslatorPB.submitRequest(OzoneManagerProtocolServerSideTranslatorPB.java:147) [ozone-manager-1.3.0-SNAPSHOT.jar:?]
	at org.apache.hadoop.ozone.protocol.proto.OzoneManagerProtocolProtos$OzoneManagerService$2.callBlockingMethod(OzoneManagerProtocolProtos.java) [ozone-interface-client-1.3.0-SNAPSHOT.jar:?]
	at org.apache.hadoop.ipc.ProtobufRpcEngine$Server.processCall(ProtobufRpcEngine.java:466) [hadoop-common-3.3.1.jar:?]
	at org.apache.hadoop.ipc.ProtobufRpcEngine2$Server$ProtoBufRpcInvoker.call(ProtobufRpcEngine2.java:574) [hadoop-common-3.3.1.jar:?]
	at org.apache.hadoop.ipc.ProtobufRpcEngine2$Server$ProtoBufRpcInvoker.call(ProtobufRpcEngine2.java:552) [hadoop-common-3.3.1.jar:?]
	at org.apache.hadoop.ipc.RPC$Server.call(RPC.java:1093) [hadoop-common-3.3.1.jar:?]
	at org.apache.hadoop.ipc.Server$RpcCall.run(Server.java:1035) [hadoop-common-3.3.1.jar:?]
	at org.apache.hadoop.ipc.Server$RpcCall.run(Server.java:963) [hadoop-common-3.3.1.jar:?]
	at java.security.AccessController.doPrivileged(Native Method) ~[?:1.8.0_345]
	at javax.security.auth.Subject.doAs(Subject.java:422) [?:1.8.0_345]
	at org.apache.hadoop.security.UserGroupInformation.doAs(UserGroupInformation.java:1878) [hadoop-common-3.3.1.jar:?]
	at org.apache.hadoop.ipc.Server$Handler.run(Server.java:2966) [hadoop-common-3.3.1.jar:?]
2022-10-09 13:04:16,177 [Time-limited test] WARN  ozone.BasicOzoneFileSystem (BasicOzoneFileSystem.java:getFileStatus(765)) - GetFileStatus failed for path o3fs://bucket60014.volume94578/root_dir/dir1.renamed
java.io.FileNotFoundException: root_dir/dir1.renamed: No such file or directory!
	at org.apache.hadoop.fs.ozone.BasicOzoneClientAdapterImpl.getFileStatus(BasicOzoneClientAdapterImpl.java:369)
	at org.apache.hadoop.fs.ozone.BasicOzoneFileSystem.getFileStatus(BasicOzoneFileSystem.java:757)
	at org.apache.hadoop.fs.ozone.BasicOzoneFileSystem.rename(BasicOzoneFileSystem.java:357)
	at org.apache.hadoop.fs.ozone.TestOzoneFileSystem.testRenameDir(TestOzoneFileSystem.java:1355)
	at sun.reflect.NativeMethodAccessorImpl.invoke0(Native Method)
	at sun.reflect.NativeMethodAccessorImpl.invoke(NativeMethodAccessorImpl.java:62)
	at sun.reflect.DelegatingMethodAccessorImpl.invoke(DelegatingMethodAccessorImpl.java:43)
	at java.lang.reflect.Method.invoke(Method.java:498)
	at org.junit.runners.model.FrameworkMethod$1.runReflectiveCall(FrameworkMethod.java:59)
	at org.junit.internal.runners.model.ReflectiveCallable.run(ReflectiveCallable.java:12)
	at org.junit.runners.model.FrameworkMethod.invokeExplosively(FrameworkMethod.java:56)
	at org.junit.internal.runners.statements.InvokeMethod.evaluate(InvokeMethod.java:17)
	at org.junit.internal.runners.statements.RunAfters.evaluate(RunAfters.java:27)
	at org.junit.internal.runners.statements.FailOnTimeout$CallableStatement.call(FailOnTimeout.java:288)
	at org.junit.internal.runners.statements.FailOnTimeout$CallableStatement.call(FailOnTimeout.java:282)
	at java.util.concurrent.FutureTask.run(FutureTask.java:266)
	at java.lang.Thread.run(Thread.java:750)
]]></system-out>
  </testcase>
  <testcase name="testRenameDir" classname="TestOzoneFileSystem" time="0.023">
    <system-out><![CDATA[2022-10-09 13:05:52,401 [Time-limited test] INFO  ozone.TestOzoneFileSystem (TestOzoneFileSystem.java:testRenameDir(1353)) - Created dir o3fs://bucket85504.volume66281/root_dir/dir1/sub_dir1
2022-10-09 13:05:52,401 [Time-limited test] INFO  ozone.TestOzoneFileSystem (TestOzoneFileSystem.java:testRenameDir(1354)) - Will move o3fs://bucket85504.volume66281/root_dir/dir1 to o3fs://bucket85504.volume66281/root_dir/dir1.renamed
13:05:52.402 [IPC Server handler 6 on default port 44209] ERROR OMAudit - user=runner | ip=127.0.0.1 | op=GET_FILE_STATUS {volume=volume66281, bucket=bucket85504, key=root_dir/dir1.renamed, dataSize=0, replicationConfig=null} | ret=FAILURE
org.apache.hadoop.ozone.om.exceptions.OMException: Unable to get file status: volume: volume66281 bucket: bucket85504 key: root_dir/dir1.renamed
	at org.apache.hadoop.ozone.om.KeyManagerImpl.getOzoneFileStatus(KeyManagerImpl.java:1270) ~[ozone-manager-1.3.0-SNAPSHOT.jar:?]
	at org.apache.hadoop.ozone.om.KeyManagerImpl.getFileStatus(KeyManagerImpl.java:1200) ~[ozone-manager-1.3.0-SNAPSHOT.jar:?]
	at org.apache.hadoop.ozone.om.OzoneManager.getFileStatus(OzoneManager.java:3507) ~[ozone-manager-1.3.0-SNAPSHOT.jar:?]
	at org.apache.hadoop.ozone.protocolPB.OzoneManagerRequestHandler.getOzoneFileStatus(OzoneManagerRequestHandler.java:882) ~[ozone-manager-1.3.0-SNAPSHOT.jar:?]
	at org.apache.hadoop.ozone.protocolPB.OzoneManagerRequestHandler.handleReadRequest(OzoneManagerRequestHandler.java:228) ~[ozone-manager-1.3.0-SNAPSHOT.jar:?]
	at org.apache.hadoop.ozone.protocolPB.OzoneManagerProtocolServerSideTranslatorPB.submitRequestDirectlyToOM(OzoneManagerProtocolServerSideTranslatorPB.java:276) ~[ozone-manager-1.3.0-SNAPSHOT.jar:?]
	at org.apache.hadoop.ozone.protocolPB.OzoneManagerProtocolServerSideTranslatorPB.processRequest(OzoneManagerProtocolServerSideTranslatorPB.java:205) ~[ozone-manager-1.3.0-SNAPSHOT.jar:?]
	at org.apache.hadoop.hdds.server.OzoneProtocolMessageDispatcher.processRequest(OzoneProtocolMessageDispatcher.java:87) [hdds-server-framework-1.3.0-SNAPSHOT.jar:?]
	at org.apache.hadoop.ozone.protocolPB.OzoneManagerProtocolServerSideTranslatorPB.submitRequest(OzoneManagerProtocolServerSideTranslatorPB.java:147) [ozone-manager-1.3.0-SNAPSHOT.jar:?]
	at org.apache.hadoop.ozone.protocol.proto.OzoneManagerProtocolProtos$OzoneManagerService$2.callBlockingMethod(OzoneManagerProtocolProtos.java) [ozone-interface-client-1.3.0-SNAPSHOT.jar:?]
	at org.apache.hadoop.ipc.ProtobufRpcEngine$Server.processCall(ProtobufRpcEngine.java:466) [hadoop-common-3.3.1.jar:?]
	at org.apache.hadoop.ipc.ProtobufRpcEngine2$Server$ProtoBufRpcInvoker.call(ProtobufRpcEngine2.java:574) [hadoop-common-3.3.1.jar:?]
	at org.apache.hadoop.ipc.ProtobufRpcEngine2$Server$ProtoBufRpcInvoker.call(ProtobufRpcEngine2.java:552) [hadoop-common-3.3.1.jar:?]
	at org.apache.hadoop.ipc.RPC$Server.call(RPC.java:1093) [hadoop-common-3.3.1.jar:?]
	at org.apache.hadoop.ipc.Server$RpcCall.run(Server.java:1035) [hadoop-common-3.3.1.jar:?]
	at org.apache.hadoop.ipc.Server$RpcCall.run(Server.java:963) [hadoop-common-3.3.1.jar:?]
	at java.security.AccessController.doPrivileged(Native Method) ~[?:1.8.0_345]
	at javax.security.auth.Subject.doAs(Subject.java:422) [?:1.8.0_345]
	at org.apache.hadoop.security.UserGroupInformation.doAs(UserGroupInformation.java:1878) [hadoop-common-3.3.1.jar:?]
	at org.apache.hadoop.ipc.Server$Handler.run(Server.java:2966) [hadoop-common-3.3.1.jar:?]
2022-10-09 13:05:52,402 [Time-limited test] WARN  ozone.BasicOzoneFileSystem (BasicOzoneFileSystem.java:getFileStatus(765)) - GetFileStatus failed for path o3fs://bucket85504.volume66281/root_dir/dir1.renamed
java.io.FileNotFoundException: root_dir/dir1.renamed: No such file or directory!
	at org.apache.hadoop.fs.ozone.BasicOzoneClientAdapterImpl.getFileStatus(BasicOzoneClientAdapterImpl.java:369)
	at org.apache.hadoop.fs.ozone.BasicOzoneFileSystem.getFileStatus(BasicOzoneFileSystem.java:757)
	at org.apache.hadoop.fs.ozone.BasicOzoneFileSystem.rename(BasicOzoneFileSystem.java:357)
	at org.apache.hadoop.fs.ozone.TestOzoneFileSystem.testRenameDir(TestOzoneFileSystem.java:1355)
	at sun.reflect.NativeMethodAccessorImpl.invoke0(Native Method)
	at sun.reflect.NativeMethodAccessorImpl.invoke(NativeMethodAccessorImpl.java:62)
	at sun.reflect.DelegatingMethodAccessorImpl.invoke(DelegatingMethodAccessorImpl.java:43)
	at java.lang.reflect.Method.invoke(Method.java:498)
	at org.junit.runners.model.FrameworkMethod$1.runReflectiveCall(FrameworkMethod.java:59)
	at org.junit.internal.runners.model.ReflectiveCallable.run(ReflectiveCallable.java:12)
	at org.junit.runners.model.FrameworkMethod.invokeExplosively(FrameworkMethod.java:56)
	at org.junit.internal.runners.statements.InvokeMethod.evaluate(InvokeMethod.java:17)
	at org.junit.internal.runners.statements.RunAfters.evaluate(RunAfters.java:27)
	at org.junit.internal.runners.statements.FailOnTimeout$CallableStatement.call(FailOnTimeout.java:288)
	at org.junit.internal.runners.statements.FailOnTimeout$CallableStatement.call(FailOnTimeout.java:282)
	at java.util.concurrent.FutureTask.run(FutureTask.java:266)
	at java.lang.Thread.run(Thread.java:750)
]]></system-out>
  </testcase>
  <testcase name="testRenameDir" classname="TestOzoneFileSystem" time="0.028">
    <system-out><![CDATA[2022-10-09 13:07:19,412 [Time-limited test] INFO  ozone.TestOzoneFileSystem (TestOzoneFileSystem.java:testRenameDir(1353)) - Created dir o3fs://bucket11878.volume52841/root_dir/dir1/sub_dir1
2022-10-09 13:07:19,412 [Time-limited test] INFO  ozone.TestOzoneFileSystem (TestOzoneFileSystem.java:testRenameDir(1354)) - Will move o3fs://bucket11878.volume52841/root_dir/dir1 to o3fs://bucket11878.volume52841/root_dir/dir1.renamed
13:07:19.413 [IPC Server handler 18 on default port 33359] ERROR OMAudit - user=runner | ip=127.0.0.1 | op=GET_FILE_STATUS {volume=volume52841, bucket=bucket11878, key=root_dir/dir1.renamed, dataSize=0, replicationConfig=null} | ret=FAILURE
org.apache.hadoop.ozone.om.exceptions.OMException: Unable to get file status: volume: volume52841 bucket: bucket11878 key: root_dir/dir1.renamed
	at org.apache.hadoop.ozone.om.KeyManagerImpl.getOzoneFileStatus(KeyManagerImpl.java:1270) ~[ozone-manager-1.3.0-SNAPSHOT.jar:?]
	at org.apache.hadoop.ozone.om.KeyManagerImpl.getFileStatus(KeyManagerImpl.java:1200) ~[ozone-manager-1.3.0-SNAPSHOT.jar:?]
	at org.apache.hadoop.ozone.om.OzoneManager.getFileStatus(OzoneManager.java:3507) ~[ozone-manager-1.3.0-SNAPSHOT.jar:?]
	at org.apache.hadoop.ozone.protocolPB.OzoneManagerRequestHandler.getOzoneFileStatus(OzoneManagerRequestHandler.java:882) ~[ozone-manager-1.3.0-SNAPSHOT.jar:?]
	at org.apache.hadoop.ozone.protocolPB.OzoneManagerRequestHandler.handleReadRequest(OzoneManagerRequestHandler.java:228) ~[ozone-manager-1.3.0-SNAPSHOT.jar:?]
	at org.apache.hadoop.ozone.protocolPB.OzoneManagerProtocolServerSideTranslatorPB.submitReadRequestToOM(OzoneManagerProtocolServerSideTranslatorPB.java:226) ~[ozone-manager-1.3.0-SNAPSHOT.jar:?]
	at org.apache.hadoop.ozone.protocolPB.OzoneManagerProtocolServerSideTranslatorPB.processRequest(OzoneManagerProtocolServerSideTranslatorPB.java:175) ~[ozone-manager-1.3.0-SNAPSHOT.jar:?]
	at org.apache.hadoop.hdds.server.OzoneProtocolMessageDispatcher.processRequest(OzoneProtocolMessageDispatcher.java:87) [hdds-server-framework-1.3.0-SNAPSHOT.jar:?]
	at org.apache.hadoop.ozone.protocolPB.OzoneManagerProtocolServerSideTranslatorPB.submitRequest(OzoneManagerProtocolServerSideTranslatorPB.java:147) [ozone-manager-1.3.0-SNAPSHOT.jar:?]
	at org.apache.hadoop.ozone.protocol.proto.OzoneManagerProtocolProtos$OzoneManagerService$2.callBlockingMethod(OzoneManagerProtocolProtos.java) [ozone-interface-client-1.3.0-SNAPSHOT.jar:?]
	at org.apache.hadoop.ipc.ProtobufRpcEngine$Server.processCall(ProtobufRpcEngine.java:466) [hadoop-common-3.3.1.jar:?]
	at org.apache.hadoop.ipc.ProtobufRpcEngine2$Server$ProtoBufRpcInvoker.call(ProtobufRpcEngine2.java:574) [hadoop-common-3.3.1.jar:?]
	at org.apache.hadoop.ipc.ProtobufRpcEngine2$Server$ProtoBufRpcInvoker.call(ProtobufRpcEngine2.java:552) [hadoop-common-3.3.1.jar:?]
	at org.apache.hadoop.ipc.RPC$Server.call(RPC.java:1093) [hadoop-common-3.3.1.jar:?]
	at org.apache.hadoop.ipc.Server$RpcCall.run(Server.java:1035) [hadoop-common-3.3.1.jar:?]
	at org.apache.hadoop.ipc.Server$RpcCall.run(Server.java:963) [hadoop-common-3.3.1.jar:?]
	at java.security.AccessController.doPrivileged(Native Method) ~[?:1.8.0_345]
	at javax.security.auth.Subject.doAs(Subject.java:422) [?:1.8.0_345]
	at org.apache.hadoop.security.UserGroupInformation.doAs(UserGroupInformation.java:1878) [hadoop-common-3.3.1.jar:?]
	at org.apache.hadoop.ipc.Server$Handler.run(Server.java:2966) [hadoop-common-3.3.1.jar:?]
2022-10-09 13:07:19,413 [Time-limited test] WARN  ozone.BasicOzoneFileSystem (BasicOzoneFileSystem.java:getFileStatus(765)) - GetFileStatus failed for path o3fs://bucket11878.volume52841/root_dir/dir1.renamed
java.io.FileNotFoundException: root_dir/dir1.renamed: No such file or directory!
	at org.apache.hadoop.fs.ozone.BasicOzoneClientAdapterImpl.getFileStatus(BasicOzoneClientAdapterImpl.java:369)
	at org.apache.hadoop.fs.ozone.BasicOzoneFileSystem.getFileStatus(BasicOzoneFileSystem.java:757)
	at org.apache.hadoop.fs.ozone.BasicOzoneFileSystem.rename(BasicOzoneFileSystem.java:357)
	at org.apache.hadoop.fs.ozone.TestOzoneFileSystem.testRenameDir(TestOzoneFileSystem.java:1355)
	at sun.reflect.NativeMethodAccessorImpl.invoke0(Native Method)
	at sun.reflect.NativeMethodAccessorImpl.invoke(NativeMethodAccessorImpl.java:62)
	at sun.reflect.DelegatingMethodAccessorImpl.invoke(DelegatingMethodAccessorImpl.java:43)
	at java.lang.reflect.Method.invoke(Method.java:498)
	at org.junit.runners.model.FrameworkMethod$1.runReflectiveCall(FrameworkMethod.java:59)
	at org.junit.internal.runners.model.ReflectiveCallable.run(ReflectiveCallable.java:12)
	at org.junit.runners.model.FrameworkMethod.invokeExplosively(FrameworkMethod.java:56)
	at org.junit.internal.runners.statements.InvokeMethod.evaluate(InvokeMethod.java:17)
	at org.junit.internal.runners.statements.RunAfters.evaluate(RunAfters.java:27)
	at org.junit.internal.runners.statements.FailOnTimeout$CallableStatement.call(FailOnTimeout.java:288)
	at org.junit.internal.runners.statements.FailOnTimeout$CallableStatement.call(FailOnTimeout.java:282)
	at java.util.concurrent.FutureTask.run(FutureTask.java:266)
	at java.lang.Thread.run(Thread.java:750)
]]></system-out>
  </testcase>
  <testcase name="testRenameDir" classname="TestOzoneFileSystem" time="0.028">
    <system-out><![CDATA[2022-10-09 13:09:29,108 [Time-limited test] INFO  ozone.TestOzoneFileSystem (TestOzoneFileSystem.java:testRenameDir(1353)) - Created dir o3fs://bucket90791.volume25253/root_dir/dir1/sub_dir1
2022-10-09 13:09:29,108 [Time-limited test] INFO  ozone.TestOzoneFileSystem (TestOzoneFileSystem.java:testRenameDir(1354)) - Will move o3fs://bucket90791.volume25253/root_dir/dir1 to o3fs://bucket90791.volume25253/root_dir/dir1.renamed
13:09:29.109 [IPC Server handler 18 on default port 34869] ERROR OMAudit - user=runner | ip=127.0.0.1 | op=GET_FILE_STATUS {volume=volume25253, bucket=bucket90791, key=root_dir/dir1.renamed, dataSize=0, replicationConfig=null} | ret=FAILURE
org.apache.hadoop.ozone.om.exceptions.OMException: Unable to get file status: volume: volume25253 bucket: bucket90791 key: root_dir/dir1.renamed
	at org.apache.hadoop.ozone.om.KeyManagerImpl.getOzoneFileStatus(KeyManagerImpl.java:1270) ~[ozone-manager-1.3.0-SNAPSHOT.jar:?]
	at org.apache.hadoop.ozone.om.KeyManagerImpl.getFileStatus(KeyManagerImpl.java:1200) ~[ozone-manager-1.3.0-SNAPSHOT.jar:?]
	at org.apache.hadoop.ozone.om.OzoneManager.getFileStatus(OzoneManager.java:3507) ~[ozone-manager-1.3.0-SNAPSHOT.jar:?]
	at org.apache.hadoop.ozone.protocolPB.OzoneManagerRequestHandler.getOzoneFileStatus(OzoneManagerRequestHandler.java:882) ~[ozone-manager-1.3.0-SNAPSHOT.jar:?]
	at org.apache.hadoop.ozone.protocolPB.OzoneManagerRequestHandler.handleReadRequest(OzoneManagerRequestHandler.java:228) ~[ozone-manager-1.3.0-SNAPSHOT.jar:?]
	at org.apache.hadoop.ozone.protocolPB.OzoneManagerProtocolServerSideTranslatorPB.submitRequestDirectlyToOM(OzoneManagerProtocolServerSideTranslatorPB.java:276) ~[ozone-manager-1.3.0-SNAPSHOT.jar:?]
	at org.apache.hadoop.ozone.protocolPB.OzoneManagerProtocolServerSideTranslatorPB.processRequest(OzoneManagerProtocolServerSideTranslatorPB.java:205) ~[ozone-manager-1.3.0-SNAPSHOT.jar:?]
	at org.apache.hadoop.hdds.server.OzoneProtocolMessageDispatcher.processRequest(OzoneProtocolMessageDispatcher.java:87) [hdds-server-framework-1.3.0-SNAPSHOT.jar:?]
	at org.apache.hadoop.ozone.protocolPB.OzoneManagerProtocolServerSideTranslatorPB.submitRequest(OzoneManagerProtocolServerSideTranslatorPB.java:147) [ozone-manager-1.3.0-SNAPSHOT.jar:?]
	at org.apache.hadoop.ozone.protocol.proto.OzoneManagerProtocolProtos$OzoneManagerService$2.callBlockingMethod(OzoneManagerProtocolProtos.java) [ozone-interface-client-1.3.0-SNAPSHOT.jar:?]
	at org.apache.hadoop.ipc.ProtobufRpcEngine$Server.processCall(ProtobufRpcEngine.java:466) [hadoop-common-3.3.1.jar:?]
	at org.apache.hadoop.ipc.ProtobufRpcEngine2$Server$ProtoBufRpcInvoker.call(ProtobufRpcEngine2.java:574) [hadoop-common-3.3.1.jar:?]
	at org.apache.hadoop.ipc.ProtobufRpcEngine2$Server$ProtoBufRpcInvoker.call(ProtobufRpcEngine2.java:552) [hadoop-common-3.3.1.jar:?]
	at org.apache.hadoop.ipc.RPC$Server.call(RPC.java:1093) [hadoop-common-3.3.1.jar:?]
	at org.apache.hadoop.ipc.Server$RpcCall.run(Server.java:1035) [hadoop-common-3.3.1.jar:?]
	at org.apache.hadoop.ipc.Server$RpcCall.run(Server.java:963) [hadoop-common-3.3.1.jar:?]
	at java.security.AccessController.doPrivileged(Native Method) ~[?:1.8.0_345]
	at javax.security.auth.Subject.doAs(Subject.java:422) [?:1.8.0_345]
	at org.apache.hadoop.security.UserGroupInformation.doAs(UserGroupInformation.java:1878) [hadoop-common-3.3.1.jar:?]
	at org.apache.hadoop.ipc.Server$Handler.run(Server.java:2966) [hadoop-common-3.3.1.jar:?]
2022-10-09 13:09:29,109 [Time-limited test] WARN  ozone.BasicOzoneFileSystem (BasicOzoneFileSystem.java:getFileStatus(765)) - GetFileStatus failed for path o3fs://bucket90791.volume25253/root_dir/dir1.renamed
java.io.FileNotFoundException: root_dir/dir1.renamed: No such file or directory!
	at org.apache.hadoop.fs.ozone.BasicOzoneClientAdapterImpl.getFileStatus(BasicOzoneClientAdapterImpl.java:369)
	at org.apache.hadoop.fs.ozone.BasicOzoneFileSystem.getFileStatus(BasicOzoneFileSystem.java:757)
	at org.apache.hadoop.fs.ozone.BasicOzoneFileSystem.rename(BasicOzoneFileSystem.java:357)
	at org.apache.hadoop.fs.ozone.TestOzoneFileSystem.testRenameDir(TestOzoneFileSystem.java:1355)
	at sun.reflect.NativeMethodAccessorImpl.invoke0(Native Method)
	at sun.reflect.NativeMethodAccessorImpl.invoke(NativeMethodAccessorImpl.java:62)
	at sun.reflect.DelegatingMethodAccessorImpl.invoke(DelegatingMethodAccessorImpl.java:43)
	at java.lang.reflect.Method.invoke(Method.java:498)
	at org.junit.runners.model.FrameworkMethod$1.runReflectiveCall(FrameworkMethod.java:59)
	at org.junit.internal.runners.model.ReflectiveCallable.run(ReflectiveCallable.java:12)
	at org.junit.runners.model.FrameworkMethod.invokeExplosively(FrameworkMethod.java:56)
	at org.junit.internal.runners.statements.InvokeMethod.evaluate(InvokeMethod.java:17)
	at org.junit.internal.runners.statements.RunAfters.evaluate(RunAfters.java:27)
	at org.junit.internal.runners.statements.FailOnTimeout$CallableStatement.call(FailOnTimeout.java:288)
	at org.junit.internal.runners.statements.FailOnTimeout$CallableStatement.call(FailOnTimeout.java:282)
	at java.util.concurrent.FutureTask.run(FutureTask.java:266)
	at java.lang.Thread.run(Thread.java:750)
]]></system-out>
  </testcase>
  <testcase name="testListStatusIteratorOnSubDirs" classname="TestOzoneFileSystem" time="0.054"/>
  <testcase name="testListStatusIteratorOnSubDirs" classname="TestOzoneFileSystem" time="0.048"/>
  <testcase name="testListStatusIteratorOnSubDirs" classname="TestOzoneFileSystem" time="0.058"/>
  <testcase name="testListStatusIteratorOnSubDirs" classname="TestOzoneFileSystem" time="0.069"/>
  <testcase name="testAllocateMoreThanOneBlock" classname="TestOzoneFileSystem" time="0.527"/>
  <testcase name="testAllocateMoreThanOneBlock" classname="TestOzoneFileSystem" time="0.782"/>
  <testcase name="testAllocateMoreThanOneBlock" classname="TestOzoneFileSystem" time="3.312">
    <system-out><![CDATA[2022-10-09 13:07:19,617 [a9de90a3-d1cd-4e8a-97f8-3dbad3d6a22f@group-0C42490421CE-FollowerState] INFO  impl.FollowerState (FollowerState.java:run(143)) - a9de90a3-d1cd-4e8a-97f8-3dbad3d6a22f@group-0C42490421CE-FollowerState: change to CANDIDATE, lastRpcElapsedTime:5068570731ns, electionTimeout:5061ms
2022-10-09 13:07:19,617 [a9de90a3-d1cd-4e8a-97f8-3dbad3d6a22f@group-0C42490421CE-FollowerState] INFO  impl.RoleInfo (RoleInfo.java:shutdownFollowerState(110)) - a9de90a3-d1cd-4e8a-97f8-3dbad3d6a22f: shutdown a9de90a3-d1cd-4e8a-97f8-3dbad3d6a22f@group-0C42490421CE-FollowerState
2022-10-09 13:07:19,617 [a9de90a3-d1cd-4e8a-97f8-3dbad3d6a22f@group-0C42490421CE-FollowerState] INFO  server.RaftServer$Division (RaftServerImpl.java:setRole(299)) - a9de90a3-d1cd-4e8a-97f8-3dbad3d6a22f@group-0C42490421CE: changes role from  FOLLOWER to CANDIDATE at term 0 for changeToCandidate
2022-10-09 13:07:19,618 [a9de90a3-d1cd-4e8a-97f8-3dbad3d6a22f@group-0C42490421CE-FollowerState] INFO  server.RaftServerConfigKeys (ConfUtils.java:logGet(46)) - raft.server.leaderelection.pre-vote = false (custom)
2022-10-09 13:07:19,618 [a9de90a3-d1cd-4e8a-97f8-3dbad3d6a22f@group-0C42490421CE-FollowerState] INFO  impl.RoleInfo (RoleInfo.java:updateAndGet(139)) - a9de90a3-d1cd-4e8a-97f8-3dbad3d6a22f: start a9de90a3-d1cd-4e8a-97f8-3dbad3d6a22f@group-0C42490421CE-LeaderElection45
2022-10-09 13:07:19,694 [a9de90a3-d1cd-4e8a-97f8-3dbad3d6a22f@group-0C42490421CE-LeaderElection45] INFO  impl.LeaderElection (LeaderElection.java:askForVotes(310)) - a9de90a3-d1cd-4e8a-97f8-3dbad3d6a22f@group-0C42490421CE-LeaderElection45 ELECTION round 0: submit vote requests at term 1 for -1: [a9de90a3-d1cd-4e8a-97f8-3dbad3d6a22f|rpc:10.1.0.209:35441|priority:1], old=null
2022-10-09 13:07:19,694 [a9de90a3-d1cd-4e8a-97f8-3dbad3d6a22f@group-0C42490421CE-LeaderElection45] INFO  impl.LeaderElection (LeaderElection.java:askForVotes(312)) - a9de90a3-d1cd-4e8a-97f8-3dbad3d6a22f@group-0C42490421CE-LeaderElection45 ELECTION round 0: result PASSED (term=1)
2022-10-09 13:07:19,694 [a9de90a3-d1cd-4e8a-97f8-3dbad3d6a22f@group-0C42490421CE-LeaderElection45] INFO  impl.RoleInfo (RoleInfo.java:shutdownLeaderElection(130)) - a9de90a3-d1cd-4e8a-97f8-3dbad3d6a22f: shutdown a9de90a3-d1cd-4e8a-97f8-3dbad3d6a22f@group-0C42490421CE-LeaderElection45
2022-10-09 13:07:19,694 [a9de90a3-d1cd-4e8a-97f8-3dbad3d6a22f@group-0C42490421CE-LeaderElection45] INFO  server.RaftServer$Division (RaftServerImpl.java:setRole(299)) - a9de90a3-d1cd-4e8a-97f8-3dbad3d6a22f@group-0C42490421CE: changes role from CANDIDATE to LEADER at term 1 for changeToLeader
2022-10-09 13:07:19,694 [a9de90a3-d1cd-4e8a-97f8-3dbad3d6a22f@group-0C42490421CE-LeaderElection45] INFO  ratis.XceiverServerRatis (XceiverServerRatis.java:handleLeaderChangedNotification(863)) - Leader change notification received for group: group-0C42490421CE with new leaderId: a9de90a3-d1cd-4e8a-97f8-3dbad3d6a22f
2022-10-09 13:07:19,694 [a9de90a3-d1cd-4e8a-97f8-3dbad3d6a22f@group-0C42490421CE-LeaderElection45] INFO  server.RaftServer$Division (ServerState.java:setLeader(287)) - a9de90a3-d1cd-4e8a-97f8-3dbad3d6a22f@group-0C42490421CE: change Leader from null to a9de90a3-d1cd-4e8a-97f8-3dbad3d6a22f at term 1 for becomeLeader, leader elected after 5154ms
2022-10-09 13:07:19,694 [a9de90a3-d1cd-4e8a-97f8-3dbad3d6a22f@group-0C42490421CE-LeaderElection45] INFO  server.RaftServerConfigKeys (ConfUtils.java:logGet(46)) - raft.server.staging.catchup.gap = 1000 (default)
2022-10-09 13:07:19,695 [a9de90a3-d1cd-4e8a-97f8-3dbad3d6a22f@group-0C42490421CE-LeaderElection45] INFO  server.RaftServerConfigKeys (ConfUtils.java:logGet(46)) - raft.server.write.element-limit = 1024 (custom)
2022-10-09 13:07:19,695 [a9de90a3-d1cd-4e8a-97f8-3dbad3d6a22f@group-0C42490421CE-LeaderElection45] INFO  server.RaftServerConfigKeys (ConfUtils.java:logGet(46)) - raft.server.write.byte-limit = 1024 M (=1073741824) (custom)
2022-10-09 13:07:19,695 [a9de90a3-d1cd-4e8a-97f8-3dbad3d6a22f@group-0C42490421CE-LeaderElection45] INFO  server.RaftServerConfigKeys (ConfUtils.java:logGet(46)) - raft.server.watch.timeout = 180s (custom)
2022-10-09 13:07:19,695 [a9de90a3-d1cd-4e8a-97f8-3dbad3d6a22f@group-0C42490421CE-LeaderElection45] INFO  server.RaftServerConfigKeys (ConfUtils.java:logGet(46)) - raft.server.watch.timeout.denomination = 1s (default)
2022-10-09 13:07:19,695 [a9de90a3-d1cd-4e8a-97f8-3dbad3d6a22f@group-0C42490421CE-LeaderElection45] INFO  server.RaftServerConfigKeys (ConfUtils.java:logGet(46)) - raft.server.watch.element-limit = 65536 (default)
2022-10-09 13:07:19,695 [a9de90a3-d1cd-4e8a-97f8-3dbad3d6a22f@group-0C42490421CE-LeaderElection45] INFO  server.RaftServerConfigKeys (ConfUtils.java:logGet(46)) - raft.server.write.element-limit = 1024 (custom)
2022-10-09 13:07:19,695 [a9de90a3-d1cd-4e8a-97f8-3dbad3d6a22f@group-0C42490421CE-LeaderElection45] INFO  server.RaftServerConfigKeys (ConfUtils.java:logGet(46)) - raft.server.write.follower.gap.ratio.max = -1.0 (default)
2022-10-09 13:07:19,695 [a9de90a3-d1cd-4e8a-97f8-3dbad3d6a22f@group-0C42490421CE-LeaderElection45] INFO  impl.RoleInfo (RoleInfo.java:updateAndGet(139)) - a9de90a3-d1cd-4e8a-97f8-3dbad3d6a22f: start a9de90a3-d1cd-4e8a-97f8-3dbad3d6a22f@group-0C42490421CE-LeaderStateImpl
2022-10-09 13:07:19,695 [a9de90a3-d1cd-4e8a-97f8-3dbad3d6a22f@group-0C42490421CE-LeaderElection45] INFO  segmented.SegmentedRaftLogWorker (SegmentedRaftLogWorker.java:startLogSegment(425)) - a9de90a3-d1cd-4e8a-97f8-3dbad3d6a22f@group-0C42490421CE-SegmentedRaftLogWorker: Starting segment from index:0
2022-10-09 13:07:19,697 [a9de90a3-d1cd-4e8a-97f8-3dbad3d6a22f@group-0C42490421CE-SegmentedRaftLogWorker] INFO  segmented.SegmentedRaftLogWorker (SegmentedRaftLogWorker.java:execute(629)) - a9de90a3-d1cd-4e8a-97f8-3dbad3d6a22f@group-0C42490421CE-SegmentedRaftLogWorker: created new log segment /home/runner/work/ozone/ozone/hadoop-ozone/integration-test/target/test-dir/MiniOzoneClusterImpl-9128138f-083a-4137-a9cb-d58212e00964/datanode-3/data/ratis/d2ba470d-defc-4489-97e8-0c42490421ce/current/log_inprogress_0
2022-10-09 13:07:19,705 [a9de90a3-d1cd-4e8a-97f8-3dbad3d6a22f@group-0C42490421CE-LeaderElection45] INFO  server.RaftServer$Division (ServerState.java:setRaftConf(393)) - a9de90a3-d1cd-4e8a-97f8-3dbad3d6a22f@group-0C42490421CE: set configuration 0: [a9de90a3-d1cd-4e8a-97f8-3dbad3d6a22f|rpc:10.1.0.209:35441|dataStream:|priority:1], old=null
2022-10-09 13:07:20,738 [09a05a6c-198f-4b32-89f8-427c1b35cd63@group-64643C4B3655-FollowerState] INFO  impl.FollowerState (FollowerState.java:run(143)) - 09a05a6c-198f-4b32-89f8-427c1b35cd63@group-64643C4B3655-FollowerState: change to CANDIDATE, lastRpcElapsedTime:5169332160ns, electionTimeout:5167ms
2022-10-09 13:07:20,739 [09a05a6c-198f-4b32-89f8-427c1b35cd63@group-64643C4B3655-FollowerState] INFO  impl.RoleInfo (RoleInfo.java:shutdownFollowerState(110)) - 09a05a6c-198f-4b32-89f8-427c1b35cd63: shutdown 09a05a6c-198f-4b32-89f8-427c1b35cd63@group-64643C4B3655-FollowerState
2022-10-09 13:07:20,739 [09a05a6c-198f-4b32-89f8-427c1b35cd63@group-64643C4B3655-FollowerState] INFO  server.RaftServer$Division (RaftServerImpl.java:setRole(299)) - 09a05a6c-198f-4b32-89f8-427c1b35cd63@group-64643C4B3655: changes role from  FOLLOWER to CANDIDATE at term 0 for changeToCandidate
2022-10-09 13:07:20,739 [09a05a6c-198f-4b32-89f8-427c1b35cd63@group-64643C4B3655-FollowerState] INFO  server.RaftServerConfigKeys (ConfUtils.java:logGet(46)) - raft.server.leaderelection.pre-vote = false (custom)
2022-10-09 13:07:20,739 [09a05a6c-198f-4b32-89f8-427c1b35cd63@group-64643C4B3655-FollowerState] INFO  impl.RoleInfo (RoleInfo.java:updateAndGet(139)) - 09a05a6c-198f-4b32-89f8-427c1b35cd63: start 09a05a6c-198f-4b32-89f8-427c1b35cd63@group-64643C4B3655-LeaderElection46
2022-10-09 13:07:20,777 [09a05a6c-198f-4b32-89f8-427c1b35cd63@group-64643C4B3655-LeaderElection46] INFO  impl.LeaderElection (LeaderElection.java:askForVotes(310)) - 09a05a6c-198f-4b32-89f8-427c1b35cd63@group-64643C4B3655-LeaderElection46 ELECTION round 0: submit vote requests at term 1 for -1: [09a05a6c-198f-4b32-89f8-427c1b35cd63|rpc:10.1.0.209:45145|priority:1], old=null
2022-10-09 13:07:20,777 [09a05a6c-198f-4b32-89f8-427c1b35cd63@group-64643C4B3655-LeaderElection46] INFO  impl.LeaderElection (LeaderElection.java:askForVotes(312)) - 09a05a6c-198f-4b32-89f8-427c1b35cd63@group-64643C4B3655-LeaderElection46 ELECTION round 0: result PASSED (term=1)
2022-10-09 13:07:20,777 [09a05a6c-198f-4b32-89f8-427c1b35cd63@group-64643C4B3655-LeaderElection46] INFO  impl.RoleInfo (RoleInfo.java:shutdownLeaderElection(130)) - 09a05a6c-198f-4b32-89f8-427c1b35cd63: shutdown 09a05a6c-198f-4b32-89f8-427c1b35cd63@group-64643C4B3655-LeaderElection46
2022-10-09 13:07:20,777 [09a05a6c-198f-4b32-89f8-427c1b35cd63@group-64643C4B3655-LeaderElection46] INFO  server.RaftServer$Division (RaftServerImpl.java:setRole(299)) - 09a05a6c-198f-4b32-89f8-427c1b35cd63@group-64643C4B3655: changes role from CANDIDATE to LEADER at term 1 for changeToLeader
2022-10-09 13:07:20,778 [09a05a6c-198f-4b32-89f8-427c1b35cd63@group-64643C4B3655-LeaderElection46] INFO  ratis.XceiverServerRatis (XceiverServerRatis.java:handleLeaderChangedNotification(863)) - Leader change notification received for group: group-64643C4B3655 with new leaderId: 09a05a6c-198f-4b32-89f8-427c1b35cd63
2022-10-09 13:07:20,778 [09a05a6c-198f-4b32-89f8-427c1b35cd63@group-64643C4B3655-LeaderElection46] INFO  server.RaftServer$Division (ServerState.java:setLeader(287)) - 09a05a6c-198f-4b32-89f8-427c1b35cd63@group-64643C4B3655: change Leader from null to 09a05a6c-198f-4b32-89f8-427c1b35cd63 at term 1 for becomeLeader, leader elected after 5228ms
2022-10-09 13:07:20,778 [09a05a6c-198f-4b32-89f8-427c1b35cd63@group-64643C4B3655-LeaderElection46] INFO  server.RaftServerConfigKeys (ConfUtils.java:logGet(46)) - raft.server.staging.catchup.gap = 1000 (default)
2022-10-09 13:07:20,778 [09a05a6c-198f-4b32-89f8-427c1b35cd63@group-64643C4B3655-LeaderElection46] INFO  server.RaftServerConfigKeys (ConfUtils.java:logGet(46)) - raft.server.write.element-limit = 1024 (custom)
2022-10-09 13:07:20,778 [09a05a6c-198f-4b32-89f8-427c1b35cd63@group-64643C4B3655-LeaderElection46] INFO  server.RaftServerConfigKeys (ConfUtils.java:logGet(46)) - raft.server.write.byte-limit = 1024 M (=1073741824) (custom)
2022-10-09 13:07:20,778 [09a05a6c-198f-4b32-89f8-427c1b35cd63@group-64643C4B3655-LeaderElection46] INFO  server.RaftServerConfigKeys (ConfUtils.java:logGet(46)) - raft.server.watch.timeout = 180s (custom)
2022-10-09 13:07:20,778 [09a05a6c-198f-4b32-89f8-427c1b35cd63@group-64643C4B3655-LeaderElection46] INFO  server.RaftServerConfigKeys (ConfUtils.java:logGet(46)) - raft.server.watch.timeout.denomination = 1s (default)
2022-10-09 13:07:20,778 [09a05a6c-198f-4b32-89f8-427c1b35cd63@group-64643C4B3655-LeaderElection46] INFO  server.RaftServerConfigKeys (ConfUtils.java:logGet(46)) - raft.server.watch.element-limit = 65536 (default)
2022-10-09 13:07:20,778 [09a05a6c-198f-4b32-89f8-427c1b35cd63@group-64643C4B3655-LeaderElection46] INFO  server.RaftServerConfigKeys (ConfUtils.java:logGet(46)) - raft.server.write.element-limit = 1024 (custom)
2022-10-09 13:07:20,779 [09a05a6c-198f-4b32-89f8-427c1b35cd63@group-64643C4B3655-LeaderElection46] INFO  server.RaftServerConfigKeys (ConfUtils.java:logGet(46)) - raft.server.write.follower.gap.ratio.max = -1.0 (default)
2022-10-09 13:07:20,779 [09a05a6c-198f-4b32-89f8-427c1b35cd63@group-64643C4B3655-LeaderElection46] INFO  impl.RoleInfo (RoleInfo.java:updateAndGet(139)) - 09a05a6c-198f-4b32-89f8-427c1b35cd63: start 09a05a6c-198f-4b32-89f8-427c1b35cd63@group-64643C4B3655-LeaderStateImpl
2022-10-09 13:07:20,779 [09a05a6c-198f-4b32-89f8-427c1b35cd63@group-64643C4B3655-LeaderElection46] INFO  segmented.SegmentedRaftLogWorker (SegmentedRaftLogWorker.java:startLogSegment(425)) - 09a05a6c-198f-4b32-89f8-427c1b35cd63@group-64643C4B3655-SegmentedRaftLogWorker: Starting segment from index:0
2022-10-09 13:07:20,783 [09a05a6c-198f-4b32-89f8-427c1b35cd63@group-64643C4B3655-SegmentedRaftLogWorker] INFO  segmented.SegmentedRaftLogWorker (SegmentedRaftLogWorker.java:execute(629)) - 09a05a6c-198f-4b32-89f8-427c1b35cd63@group-64643C4B3655-SegmentedRaftLogWorker: created new log segment /home/runner/work/ozone/ozone/hadoop-ozone/integration-test/target/test-dir/MiniOzoneClusterImpl-9128138f-083a-4137-a9cb-d58212e00964/datanode-4/data/ratis/f4b92fbb-2388-4d1b-9460-64643c4b3655/current/log_inprogress_0
2022-10-09 13:07:20,801 [09a05a6c-198f-4b32-89f8-427c1b35cd63@group-64643C4B3655-LeaderElection46] INFO  server.RaftServer$Division (ServerState.java:setRaftConf(393)) - 09a05a6c-198f-4b32-89f8-427c1b35cd63@group-64643C4B3655: set configuration 0: [09a05a6c-198f-4b32-89f8-427c1b35cd63|rpc:10.1.0.209:45145|dataStream:|priority:1], old=null
2022-10-09 13:07:22,341 [c6dbff45-d07e-454c-8dcf-e2e002008729@group-4461322E6C07-FollowerState] INFO  impl.FollowerState (FollowerState.java:run(143)) - c6dbff45-d07e-454c-8dcf-e2e002008729@group-4461322E6C07-FollowerState: change to CANDIDATE, lastRpcElapsedTime:5023415182ns, electionTimeout:5020ms
2022-10-09 13:07:22,341 [c6dbff45-d07e-454c-8dcf-e2e002008729@group-4461322E6C07-FollowerState] INFO  impl.RoleInfo (RoleInfo.java:shutdownFollowerState(110)) - c6dbff45-d07e-454c-8dcf-e2e002008729: shutdown c6dbff45-d07e-454c-8dcf-e2e002008729@group-4461322E6C07-FollowerState
2022-10-09 13:07:22,341 [c6dbff45-d07e-454c-8dcf-e2e002008729@group-4461322E6C07-FollowerState] INFO  server.RaftServer$Division (RaftServerImpl.java:setRole(299)) - c6dbff45-d07e-454c-8dcf-e2e002008729@group-4461322E6C07: changes role from  FOLLOWER to CANDIDATE at term 1 for changeToCandidate
2022-10-09 13:07:22,341 [c6dbff45-d07e-454c-8dcf-e2e002008729@group-4461322E6C07-FollowerState] INFO  server.RaftServerConfigKeys (ConfUtils.java:logGet(46)) - raft.server.leaderelection.pre-vote = false (custom)
2022-10-09 13:07:22,341 [c6dbff45-d07e-454c-8dcf-e2e002008729@group-4461322E6C07-FollowerState] INFO  impl.RoleInfo (RoleInfo.java:updateAndGet(139)) - c6dbff45-d07e-454c-8dcf-e2e002008729: start c6dbff45-d07e-454c-8dcf-e2e002008729@group-4461322E6C07-LeaderElection47
2022-10-09 13:07:22,362 [c6dbff45-d07e-454c-8dcf-e2e002008729@group-4461322E6C07-LeaderElection47] INFO  impl.LeaderElection (LeaderElection.java:askForVotes(310)) - c6dbff45-d07e-454c-8dcf-e2e002008729@group-4461322E6C07-LeaderElection47 ELECTION round 0: submit vote requests at term 2 for -1: [d46e0485-2442-4c5a-ac53-f23987407338|rpc:10.1.0.209:36777|priority:1, 55b9ea12-5ed0-4563-9b80-74e62ded3c41|rpc:10.1.0.209:45387|priority:0, c6dbff45-d07e-454c-8dcf-e2e002008729|rpc:10.1.0.209:38729|priority:0], old=null
2022-10-09 13:07:22,397 [grpc-default-executor-0] INFO  server.RaftServer$Division (RaftServerImpl.java:requestVote(1152)) - d46e0485-2442-4c5a-ac53-f23987407338@group-4461322E6C07: receive requestVote(ELECTION, c6dbff45-d07e-454c-8dcf-e2e002008729, group-4461322E6C07, 2, (t:0, i:0))
2022-10-09 13:07:22,398 [grpc-default-executor-0] INFO  impl.VoteContext (VoteContext.java:log(48)) - d46e0485-2442-4c5a-ac53-f23987407338@group-4461322E6C07-FOLLOWER: reject ELECTION from c6dbff45-d07e-454c-8dcf-e2e002008729: our priority 1 > candidate's priority 0
2022-10-09 13:07:22,398 [grpc-default-executor-0] INFO  server.RaftServer$Division (RaftServerImpl.java:setRole(299)) - d46e0485-2442-4c5a-ac53-f23987407338@group-4461322E6C07: changes role from  FOLLOWER to FOLLOWER at term 2 for candidate:c6dbff45-d07e-454c-8dcf-e2e002008729
2022-10-09 13:07:22,398 [grpc-default-executor-0] INFO  impl.RoleInfo (RoleInfo.java:shutdownFollowerState(110)) - d46e0485-2442-4c5a-ac53-f23987407338: shutdown d46e0485-2442-4c5a-ac53-f23987407338@group-4461322E6C07-FollowerState
2022-10-09 13:07:22,398 [grpc-default-executor-0] INFO  impl.RoleInfo (RoleInfo.java:updateAndGet(139)) - d46e0485-2442-4c5a-ac53-f23987407338: start d46e0485-2442-4c5a-ac53-f23987407338@group-4461322E6C07-FollowerState
2022-10-09 13:07:22,398 [d46e0485-2442-4c5a-ac53-f23987407338@group-4461322E6C07-FollowerState] INFO  impl.FollowerState (FollowerState.java:run(152)) - d46e0485-2442-4c5a-ac53-f23987407338@group-4461322E6C07-FollowerState was interrupted
2022-10-09 13:07:22,400 [grpc-default-executor-0] INFO  server.RaftServer$Division (RaftServerImpl.java:requestVote(1184)) - d46e0485-2442-4c5a-ac53-f23987407338@group-4461322E6C07 replies to ELECTION vote request: c6dbff45-d07e-454c-8dcf-e2e002008729<-d46e0485-2442-4c5a-ac53-f23987407338#0:FAIL-t2. Peer's state: d46e0485-2442-4c5a-ac53-f23987407338@group-4461322E6C07:t2, leader=null, voted=null, raftlog=d46e0485-2442-4c5a-ac53-f23987407338@group-4461322E6C07-SegmentedRaftLog:OPENED:c-1, conf=-1: [d46e0485-2442-4c5a-ac53-f23987407338|rpc:10.1.0.209:36777|dataStream:|priority:1, 55b9ea12-5ed0-4563-9b80-74e62ded3c41|rpc:10.1.0.209:45387|dataStream:|priority:0, c6dbff45-d07e-454c-8dcf-e2e002008729|rpc:10.1.0.209:38729|dataStream:|priority:0], old=null
2022-10-09 13:07:22,401 [c6dbff45-d07e-454c-8dcf-e2e002008729@group-4461322E6C07-LeaderElection47] INFO  impl.LeaderElection (LeaderElection.java:logAndReturn(90)) - c6dbff45-d07e-454c-8dcf-e2e002008729@group-4461322E6C07-LeaderElection47: ELECTION REJECTED received 1 response(s) and 0 exception(s):
2022-10-09 13:07:22,401 [c6dbff45-d07e-454c-8dcf-e2e002008729@group-4461322E6C07-LeaderElection47] INFO  impl.LeaderElection (LeaderElection.java:logAndReturn(94)) -   Response 0: c6dbff45-d07e-454c-8dcf-e2e002008729<-d46e0485-2442-4c5a-ac53-f23987407338#0:FAIL-t2
2022-10-09 13:07:22,401 [c6dbff45-d07e-454c-8dcf-e2e002008729@group-4461322E6C07-LeaderElection47] INFO  impl.LeaderElection (LeaderElection.java:askForVotes(312)) - c6dbff45-d07e-454c-8dcf-e2e002008729@group-4461322E6C07-LeaderElection47 ELECTION round 0: result REJECTED
2022-10-09 13:07:22,401 [c6dbff45-d07e-454c-8dcf-e2e002008729@group-4461322E6C07-LeaderElection47] INFO  server.RaftServer$Division (RaftServerImpl.java:setRole(299)) - c6dbff45-d07e-454c-8dcf-e2e002008729@group-4461322E6C07: changes role from CANDIDATE to FOLLOWER at term 2 for REJECTED
2022-10-09 13:07:22,401 [c6dbff45-d07e-454c-8dcf-e2e002008729@group-4461322E6C07-LeaderElection47] INFO  impl.RoleInfo (RoleInfo.java:shutdownLeaderElection(130)) - c6dbff45-d07e-454c-8dcf-e2e002008729: shutdown c6dbff45-d07e-454c-8dcf-e2e002008729@group-4461322E6C07-LeaderElection47
2022-10-09 13:07:22,401 [c6dbff45-d07e-454c-8dcf-e2e002008729@group-4461322E6C07-LeaderElection47] INFO  impl.RoleInfo (RoleInfo.java:updateAndGet(139)) - c6dbff45-d07e-454c-8dcf-e2e002008729: start c6dbff45-d07e-454c-8dcf-e2e002008729@group-4461322E6C07-FollowerState
2022-10-09 13:07:22,424 [grpc-default-executor-0] INFO  server.RaftServer$Division (RaftServerImpl.java:requestVote(1152)) - 55b9ea12-5ed0-4563-9b80-74e62ded3c41@group-4461322E6C07: receive requestVote(ELECTION, c6dbff45-d07e-454c-8dcf-e2e002008729, group-4461322E6C07, 2, (t:0, i:0))
2022-10-09 13:07:22,424 [grpc-default-executor-0] INFO  impl.VoteContext (VoteContext.java:log(48)) - 55b9ea12-5ed0-4563-9b80-74e62ded3c41@group-4461322E6C07-FOLLOWER: accept ELECTION from c6dbff45-d07e-454c-8dcf-e2e002008729: our priority 0 <= candidate's priority 0
2022-10-09 13:07:22,424 [grpc-default-executor-0] INFO  server.RaftServer$Division (RaftServerImpl.java:setRole(299)) - 55b9ea12-5ed0-4563-9b80-74e62ded3c41@group-4461322E6C07: changes role from  FOLLOWER to FOLLOWER at term 2 for candidate:c6dbff45-d07e-454c-8dcf-e2e002008729
2022-10-09 13:07:22,424 [grpc-default-executor-0] INFO  impl.RoleInfo (RoleInfo.java:shutdownFollowerState(110)) - 55b9ea12-5ed0-4563-9b80-74e62ded3c41: shutdown 55b9ea12-5ed0-4563-9b80-74e62ded3c41@group-4461322E6C07-FollowerState
2022-10-09 13:07:22,424 [grpc-default-executor-0] INFO  impl.RoleInfo (RoleInfo.java:updateAndGet(139)) - 55b9ea12-5ed0-4563-9b80-74e62ded3c41: start 55b9ea12-5ed0-4563-9b80-74e62ded3c41@group-4461322E6C07-FollowerState
2022-10-09 13:07:22,424 [55b9ea12-5ed0-4563-9b80-74e62ded3c41@group-4461322E6C07-FollowerState] INFO  impl.FollowerState (FollowerState.java:run(152)) - 55b9ea12-5ed0-4563-9b80-74e62ded3c41@group-4461322E6C07-FollowerState was interrupted
2022-10-09 13:07:22,426 [grpc-default-executor-0] INFO  server.RaftServer$Division (RaftServerImpl.java:requestVote(1184)) - 55b9ea12-5ed0-4563-9b80-74e62ded3c41@group-4461322E6C07 replies to ELECTION vote request: c6dbff45-d07e-454c-8dcf-e2e002008729<-55b9ea12-5ed0-4563-9b80-74e62ded3c41#0:OK-t2. Peer's state: 55b9ea12-5ed0-4563-9b80-74e62ded3c41@group-4461322E6C07:t2, leader=null, voted=c6dbff45-d07e-454c-8dcf-e2e002008729, raftlog=55b9ea12-5ed0-4563-9b80-74e62ded3c41@group-4461322E6C07-SegmentedRaftLog:OPENED:c-1, conf=-1: [d46e0485-2442-4c5a-ac53-f23987407338|rpc:10.1.0.209:36777|dataStream:|priority:1, 55b9ea12-5ed0-4563-9b80-74e62ded3c41|rpc:10.1.0.209:45387|dataStream:|priority:0, c6dbff45-d07e-454c-8dcf-e2e002008729|rpc:10.1.0.209:38729|dataStream:|priority:0], old=null
]]></system-out>
  </testcase>
  <testcase name="testAllocateMoreThanOneBlock" classname="TestOzoneFileSystem" time="0.921"/>
  <testcase name="testRenameToExistingDir" classname="TestOzoneFileSystem" time="0.056">
    <system-out><![CDATA[13:04:16.817 [IPC Server handler 11 on default port 37457] ERROR OMAudit - user=runner | ip=127.0.0.1 | op=LIST_STATUS {volume=volume94578, bucket=bucket60014, key=b/a, dataSize=0, replicationConfig=null} | ret=FAILURE
org.apache.hadoop.ozone.om.exceptions.OMException: Unable to get file status: volume: volume94578 bucket: bucket60014 key: b/a
	at org.apache.hadoop.ozone.om.KeyManagerImpl.getOzoneFileStatus(KeyManagerImpl.java:1270) ~[ozone-manager-1.3.0-SNAPSHOT.jar:?]
	at org.apache.hadoop.ozone.om.KeyManagerImpl.getFileStatus(KeyManagerImpl.java:1200) ~[ozone-manager-1.3.0-SNAPSHOT.jar:?]
	at org.apache.hadoop.ozone.om.KeyManagerImpl.listStatus(KeyManagerImpl.java:1518) ~[ozone-manager-1.3.0-SNAPSHOT.jar:?]
	at org.apache.hadoop.ozone.om.OzoneManager.listStatus(OzoneManager.java:3585) ~[ozone-manager-1.3.0-SNAPSHOT.jar:?]
	at org.apache.hadoop.ozone.protocolPB.OzoneManagerRequestHandler.listStatus(OzoneManagerRequestHandler.java:1072) ~[ozone-manager-1.3.0-SNAPSHOT.jar:?]
	at org.apache.hadoop.ozone.protocolPB.OzoneManagerRequestHandler.handleReadRequest(OzoneManagerRequestHandler.java:239) ~[ozone-manager-1.3.0-SNAPSHOT.jar:?]
	at org.apache.hadoop.ozone.protocolPB.OzoneManagerProtocolServerSideTranslatorPB.submitReadRequestToOM(OzoneManagerProtocolServerSideTranslatorPB.java:226) ~[ozone-manager-1.3.0-SNAPSHOT.jar:?]
	at org.apache.hadoop.ozone.protocolPB.OzoneManagerProtocolServerSideTranslatorPB.processRequest(OzoneManagerProtocolServerSideTranslatorPB.java:175) ~[ozone-manager-1.3.0-SNAPSHOT.jar:?]
	at org.apache.hadoop.hdds.server.OzoneProtocolMessageDispatcher.processRequest(OzoneProtocolMessageDispatcher.java:87) [hdds-server-framework-1.3.0-SNAPSHOT.jar:?]
	at org.apache.hadoop.ozone.protocolPB.OzoneManagerProtocolServerSideTranslatorPB.submitRequest(OzoneManagerProtocolServerSideTranslatorPB.java:147) [ozone-manager-1.3.0-SNAPSHOT.jar:?]
	at org.apache.hadoop.ozone.protocol.proto.OzoneManagerProtocolProtos$OzoneManagerService$2.callBlockingMethod(OzoneManagerProtocolProtos.java) [ozone-interface-client-1.3.0-SNAPSHOT.jar:?]
	at org.apache.hadoop.ipc.ProtobufRpcEngine$Server.processCall(ProtobufRpcEngine.java:466) [hadoop-common-3.3.1.jar:?]
	at org.apache.hadoop.ipc.ProtobufRpcEngine2$Server$ProtoBufRpcInvoker.call(ProtobufRpcEngine2.java:574) [hadoop-common-3.3.1.jar:?]
	at org.apache.hadoop.ipc.ProtobufRpcEngine2$Server$ProtoBufRpcInvoker.call(ProtobufRpcEngine2.java:552) [hadoop-common-3.3.1.jar:?]
	at org.apache.hadoop.ipc.RPC$Server.call(RPC.java:1093) [hadoop-common-3.3.1.jar:?]
	at org.apache.hadoop.ipc.Server$RpcCall.run(Server.java:1035) [hadoop-common-3.3.1.jar:?]
	at org.apache.hadoop.ipc.Server$RpcCall.run(Server.java:963) [hadoop-common-3.3.1.jar:?]
	at java.security.AccessController.doPrivileged(Native Method) ~[?:1.8.0_345]
	at javax.security.auth.Subject.doAs(Subject.java:422) [?:1.8.0_345]
	at org.apache.hadoop.security.UserGroupInformation.doAs(UserGroupInformation.java:1878) [hadoop-common-3.3.1.jar:?]
	at org.apache.hadoop.ipc.Server$Handler.run(Server.java:2966) [hadoop-common-3.3.1.jar:?]
]]></system-out>
  </testcase>
  <testcase name="testRenameToExistingDir" classname="TestOzoneFileSystem" time="0.022">
    <system-out><![CDATA[13:05:53.259 [IPC Server handler 1 on default port 44209] ERROR OMAudit - user=runner | ip=127.0.0.1 | op=LIST_STATUS {volume=volume66281, bucket=bucket85504, key=b/a, dataSize=0, replicationConfig=null} | ret=FAILURE
org.apache.hadoop.ozone.om.exceptions.OMException: Unable to get file status: volume: volume66281 bucket: bucket85504 key: b/a
	at org.apache.hadoop.ozone.om.KeyManagerImpl.getOzoneFileStatus(KeyManagerImpl.java:1270) ~[ozone-manager-1.3.0-SNAPSHOT.jar:?]
	at org.apache.hadoop.ozone.om.KeyManagerImpl.getFileStatus(KeyManagerImpl.java:1200) ~[ozone-manager-1.3.0-SNAPSHOT.jar:?]
	at org.apache.hadoop.ozone.om.KeyManagerImpl.listStatus(KeyManagerImpl.java:1518) ~[ozone-manager-1.3.0-SNAPSHOT.jar:?]
	at org.apache.hadoop.ozone.om.OzoneManager.listStatus(OzoneManager.java:3585) ~[ozone-manager-1.3.0-SNAPSHOT.jar:?]
	at org.apache.hadoop.ozone.protocolPB.OzoneManagerRequestHandler.listStatus(OzoneManagerRequestHandler.java:1072) ~[ozone-manager-1.3.0-SNAPSHOT.jar:?]
	at org.apache.hadoop.ozone.protocolPB.OzoneManagerRequestHandler.handleReadRequest(OzoneManagerRequestHandler.java:239) ~[ozone-manager-1.3.0-SNAPSHOT.jar:?]
	at org.apache.hadoop.ozone.protocolPB.OzoneManagerProtocolServerSideTranslatorPB.submitRequestDirectlyToOM(OzoneManagerProtocolServerSideTranslatorPB.java:276) ~[ozone-manager-1.3.0-SNAPSHOT.jar:?]
	at org.apache.hadoop.ozone.protocolPB.OzoneManagerProtocolServerSideTranslatorPB.processRequest(OzoneManagerProtocolServerSideTranslatorPB.java:205) ~[ozone-manager-1.3.0-SNAPSHOT.jar:?]
	at org.apache.hadoop.hdds.server.OzoneProtocolMessageDispatcher.processRequest(OzoneProtocolMessageDispatcher.java:87) [hdds-server-framework-1.3.0-SNAPSHOT.jar:?]
	at org.apache.hadoop.ozone.protocolPB.OzoneManagerProtocolServerSideTranslatorPB.submitRequest(OzoneManagerProtocolServerSideTranslatorPB.java:147) [ozone-manager-1.3.0-SNAPSHOT.jar:?]
	at org.apache.hadoop.ozone.protocol.proto.OzoneManagerProtocolProtos$OzoneManagerService$2.callBlockingMethod(OzoneManagerProtocolProtos.java) [ozone-interface-client-1.3.0-SNAPSHOT.jar:?]
	at org.apache.hadoop.ipc.ProtobufRpcEngine$Server.processCall(ProtobufRpcEngine.java:466) [hadoop-common-3.3.1.jar:?]
	at org.apache.hadoop.ipc.ProtobufRpcEngine2$Server$ProtoBufRpcInvoker.call(ProtobufRpcEngine2.java:574) [hadoop-common-3.3.1.jar:?]
	at org.apache.hadoop.ipc.ProtobufRpcEngine2$Server$ProtoBufRpcInvoker.call(ProtobufRpcEngine2.java:552) [hadoop-common-3.3.1.jar:?]
	at org.apache.hadoop.ipc.RPC$Server.call(RPC.java:1093) [hadoop-common-3.3.1.jar:?]
	at org.apache.hadoop.ipc.Server$RpcCall.run(Server.java:1035) [hadoop-common-3.3.1.jar:?]
	at org.apache.hadoop.ipc.Server$RpcCall.run(Server.java:963) [hadoop-common-3.3.1.jar:?]
	at java.security.AccessController.doPrivileged(Native Method) ~[?:1.8.0_345]
	at javax.security.auth.Subject.doAs(Subject.java:422) [?:1.8.0_345]
	at org.apache.hadoop.security.UserGroupInformation.doAs(UserGroupInformation.java:1878) [hadoop-common-3.3.1.jar:?]
	at org.apache.hadoop.ipc.Server$Handler.run(Server.java:2966) [hadoop-common-3.3.1.jar:?]
]]></system-out>
  </testcase>
  <testcase name="testRenameToExistingDir" classname="TestOzoneFileSystem" time="0.038">
    <system-out><![CDATA[13:07:22.821 [IPC Server handler 0 on default port 33359] ERROR OMAudit - user=runner | ip=127.0.0.1 | op=LIST_STATUS {volume=volume52841, bucket=bucket11878, key=b/a, dataSize=0, replicationConfig=null} | ret=FAILURE
org.apache.hadoop.ozone.om.exceptions.OMException: Unable to get file status: volume: volume52841 bucket: bucket11878 key: b/a
	at org.apache.hadoop.ozone.om.KeyManagerImpl.getOzoneFileStatus(KeyManagerImpl.java:1270) ~[ozone-manager-1.3.0-SNAPSHOT.jar:?]
	at org.apache.hadoop.ozone.om.KeyManagerImpl.getFileStatus(KeyManagerImpl.java:1200) ~[ozone-manager-1.3.0-SNAPSHOT.jar:?]
	at org.apache.hadoop.ozone.om.KeyManagerImpl.listStatus(KeyManagerImpl.java:1518) ~[ozone-manager-1.3.0-SNAPSHOT.jar:?]
	at org.apache.hadoop.ozone.om.OzoneManager.listStatus(OzoneManager.java:3585) ~[ozone-manager-1.3.0-SNAPSHOT.jar:?]
	at org.apache.hadoop.ozone.protocolPB.OzoneManagerRequestHandler.listStatus(OzoneManagerRequestHandler.java:1072) ~[ozone-manager-1.3.0-SNAPSHOT.jar:?]
	at org.apache.hadoop.ozone.protocolPB.OzoneManagerRequestHandler.handleReadRequest(OzoneManagerRequestHandler.java:239) ~[ozone-manager-1.3.0-SNAPSHOT.jar:?]
	at org.apache.hadoop.ozone.protocolPB.OzoneManagerProtocolServerSideTranslatorPB.submitReadRequestToOM(OzoneManagerProtocolServerSideTranslatorPB.java:226) ~[ozone-manager-1.3.0-SNAPSHOT.jar:?]
	at org.apache.hadoop.ozone.protocolPB.OzoneManagerProtocolServerSideTranslatorPB.processRequest(OzoneManagerProtocolServerSideTranslatorPB.java:175) ~[ozone-manager-1.3.0-SNAPSHOT.jar:?]
	at org.apache.hadoop.hdds.server.OzoneProtocolMessageDispatcher.processRequest(OzoneProtocolMessageDispatcher.java:87) [hdds-server-framework-1.3.0-SNAPSHOT.jar:?]
	at org.apache.hadoop.ozone.protocolPB.OzoneManagerProtocolServerSideTranslatorPB.submitRequest(OzoneManagerProtocolServerSideTranslatorPB.java:147) [ozone-manager-1.3.0-SNAPSHOT.jar:?]
	at org.apache.hadoop.ozone.protocol.proto.OzoneManagerProtocolProtos$OzoneManagerService$2.callBlockingMethod(OzoneManagerProtocolProtos.java) [ozone-interface-client-1.3.0-SNAPSHOT.jar:?]
	at org.apache.hadoop.ipc.ProtobufRpcEngine$Server.processCall(ProtobufRpcEngine.java:466) [hadoop-common-3.3.1.jar:?]
	at org.apache.hadoop.ipc.ProtobufRpcEngine2$Server$ProtoBufRpcInvoker.call(ProtobufRpcEngine2.java:574) [hadoop-common-3.3.1.jar:?]
	at org.apache.hadoop.ipc.ProtobufRpcEngine2$Server$ProtoBufRpcInvoker.call(ProtobufRpcEngine2.java:552) [hadoop-common-3.3.1.jar:?]
	at org.apache.hadoop.ipc.RPC$Server.call(RPC.java:1093) [hadoop-common-3.3.1.jar:?]
	at org.apache.hadoop.ipc.Server$RpcCall.run(Server.java:1035) [hadoop-common-3.3.1.jar:?]
	at org.apache.hadoop.ipc.Server$RpcCall.run(Server.java:963) [hadoop-common-3.3.1.jar:?]
	at java.security.AccessController.doPrivileged(Native Method) ~[?:1.8.0_345]
	at javax.security.auth.Subject.doAs(Subject.java:422) [?:1.8.0_345]
	at org.apache.hadoop.security.UserGroupInformation.doAs(UserGroupInformation.java:1878) [hadoop-common-3.3.1.jar:?]
	at org.apache.hadoop.ipc.Server$Handler.run(Server.java:2966) [hadoop-common-3.3.1.jar:?]
]]></system-out>
  </testcase>
  <testcase name="testRenameToExistingDir" classname="TestOzoneFileSystem" time="0.029">
    <system-out><![CDATA[13:09:30.133 [IPC Server handler 3 on default port 34869] ERROR OMAudit - user=runner | ip=127.0.0.1 | op=LIST_STATUS {volume=volume25253, bucket=bucket90791, key=b/a, dataSize=0, replicationConfig=null} | ret=FAILURE
org.apache.hadoop.ozone.om.exceptions.OMException: Unable to get file status: volume: volume25253 bucket: bucket90791 key: b/a
	at org.apache.hadoop.ozone.om.KeyManagerImpl.getOzoneFileStatus(KeyManagerImpl.java:1270) ~[ozone-manager-1.3.0-SNAPSHOT.jar:?]
	at org.apache.hadoop.ozone.om.KeyManagerImpl.getFileStatus(KeyManagerImpl.java:1200) ~[ozone-manager-1.3.0-SNAPSHOT.jar:?]
	at org.apache.hadoop.ozone.om.KeyManagerImpl.listStatus(KeyManagerImpl.java:1518) ~[ozone-manager-1.3.0-SNAPSHOT.jar:?]
	at org.apache.hadoop.ozone.om.OzoneManager.listStatus(OzoneManager.java:3585) ~[ozone-manager-1.3.0-SNAPSHOT.jar:?]
	at org.apache.hadoop.ozone.protocolPB.OzoneManagerRequestHandler.listStatus(OzoneManagerRequestHandler.java:1072) ~[ozone-manager-1.3.0-SNAPSHOT.jar:?]
	at org.apache.hadoop.ozone.protocolPB.OzoneManagerRequestHandler.handleReadRequest(OzoneManagerRequestHandler.java:239) ~[ozone-manager-1.3.0-SNAPSHOT.jar:?]
	at org.apache.hadoop.ozone.protocolPB.OzoneManagerProtocolServerSideTranslatorPB.submitRequestDirectlyToOM(OzoneManagerProtocolServerSideTranslatorPB.java:276) ~[ozone-manager-1.3.0-SNAPSHOT.jar:?]
	at org.apache.hadoop.ozone.protocolPB.OzoneManagerProtocolServerSideTranslatorPB.processRequest(OzoneManagerProtocolServerSideTranslatorPB.java:205) ~[ozone-manager-1.3.0-SNAPSHOT.jar:?]
	at org.apache.hadoop.hdds.server.OzoneProtocolMessageDispatcher.processRequest(OzoneProtocolMessageDispatcher.java:87) [hdds-server-framework-1.3.0-SNAPSHOT.jar:?]
	at org.apache.hadoop.ozone.protocolPB.OzoneManagerProtocolServerSideTranslatorPB.submitRequest(OzoneManagerProtocolServerSideTranslatorPB.java:147) [ozone-manager-1.3.0-SNAPSHOT.jar:?]
	at org.apache.hadoop.ozone.protocol.proto.OzoneManagerProtocolProtos$OzoneManagerService$2.callBlockingMethod(OzoneManagerProtocolProtos.java) [ozone-interface-client-1.3.0-SNAPSHOT.jar:?]
	at org.apache.hadoop.ipc.ProtobufRpcEngine$Server.processCall(ProtobufRpcEngine.java:466) [hadoop-common-3.3.1.jar:?]
	at org.apache.hadoop.ipc.ProtobufRpcEngine2$Server$ProtoBufRpcInvoker.call(ProtobufRpcEngine2.java:574) [hadoop-common-3.3.1.jar:?]
	at org.apache.hadoop.ipc.ProtobufRpcEngine2$Server$ProtoBufRpcInvoker.call(ProtobufRpcEngine2.java:552) [hadoop-common-3.3.1.jar:?]
	at org.apache.hadoop.ipc.RPC$Server.call(RPC.java:1093) [hadoop-common-3.3.1.jar:?]
	at org.apache.hadoop.ipc.Server$RpcCall.run(Server.java:1035) [hadoop-common-3.3.1.jar:?]
	at org.apache.hadoop.ipc.Server$RpcCall.run(Server.java:963) [hadoop-common-3.3.1.jar:?]
	at java.security.AccessController.doPrivileged(Native Method) ~[?:1.8.0_345]
	at javax.security.auth.Subject.doAs(Subject.java:422) [?:1.8.0_345]
	at org.apache.hadoop.security.UserGroupInformation.doAs(UserGroupInformation.java:1878) [hadoop-common-3.3.1.jar:?]
	at org.apache.hadoop.ipc.Server$Handler.run(Server.java:2966) [hadoop-common-3.3.1.jar:?]
]]></system-out>
  </testcase>
  <testcase name="testRenameDirToItsOwnSubDir" classname="TestOzoneFileSystem" time="0.021">
    <system-out><![CDATA[2022-10-09 13:04:16,857 [Time-limited test] INFO  ozone.TestOzoneFileSystem (TestOzoneFileSystem.java:testRenameDirToItsOwnSubDir(1110)) - Created dir1 o3fs://bucket60014.volume94578/root/dir1/sub_dir1
2022-10-09 13:04:16,857 [Time-limited test] INFO  ozone.TestOzoneFileSystem (TestOzoneFileSystem.java:testRenameDirToItsOwnSubDir(1113)) - Rename op-> source:o3fs://bucket60014.volume94578/root to destin:o3fs://bucket60014.volume94578/root/dir1/sub_dir1
]]></system-out>
  </testcase>
  <testcase name="testRenameDirToItsOwnSubDir" classname="TestOzoneFileSystem" time="0.011">
    <system-out><![CDATA[2022-10-09 13:05:53,273 [Time-limited test] INFO  ozone.TestOzoneFileSystem (TestOzoneFileSystem.java:testRenameDirToItsOwnSubDir(1110)) - Created dir1 o3fs://bucket85504.volume66281/root/dir1/sub_dir1
2022-10-09 13:05:53,273 [Time-limited test] INFO  ozone.TestOzoneFileSystem (TestOzoneFileSystem.java:testRenameDirToItsOwnSubDir(1113)) - Rename op-> source:o3fs://bucket85504.volume66281/root to destin:o3fs://bucket85504.volume66281/root/dir1/sub_dir1
]]></system-out>
  </testcase>
  <testcase name="testRenameDirToItsOwnSubDir" classname="TestOzoneFileSystem" time="0.021">
    <system-out><![CDATA[2022-10-09 13:07:22,846 [Time-limited test] INFO  ozone.TestOzoneFileSystem (TestOzoneFileSystem.java:testRenameDirToItsOwnSubDir(1110)) - Created dir1 o3fs://bucket11878.volume52841/root/dir1/sub_dir1
2022-10-09 13:07:22,846 [Time-limited test] INFO  ozone.TestOzoneFileSystem (TestOzoneFileSystem.java:testRenameDirToItsOwnSubDir(1113)) - Rename op-> source:o3fs://bucket11878.volume52841/root to destin:o3fs://bucket11878.volume52841/root/dir1/sub_dir1
]]></system-out>
  </testcase>
  <testcase name="testRenameDirToItsOwnSubDir" classname="TestOzoneFileSystem" time="0.034">
    <system-out><![CDATA[2022-10-09 13:09:30,182 [Time-limited test] INFO  ozone.TestOzoneFileSystem (TestOzoneFileSystem.java:testRenameDirToItsOwnSubDir(1110)) - Created dir1 o3fs://bucket90791.volume25253/root/dir1/sub_dir1
2022-10-09 13:09:30,182 [Time-limited test] INFO  ozone.TestOzoneFileSystem (TestOzoneFileSystem.java:testRenameDirToItsOwnSubDir(1113)) - Rename op-> source:o3fs://bucket90791.volume25253/root to destin:o3fs://bucket90791.volume25253/root/dir1/sub_dir1
]]></system-out>
  </testcase>
  <testcase name="testGetDirectoryModificationTime" classname="TestOzoneFileSystem" time="0.146"/>
  <testcase name="testGetDirectoryModificationTime" classname="TestOzoneFileSystem" time="0.144"/>
  <testcase name="testGetDirectoryModificationTime" classname="TestOzoneFileSystem" time="0.122"/>
  <testcase name="testGetDirectoryModificationTime" classname="TestOzoneFileSystem" time="0.136"/>
  <testcase name="testOzoneFsServiceLoader" classname="TestOzoneFileSystem" time="0.003"/>
  <testcase name="testOzoneFsServiceLoader" classname="TestOzoneFileSystem" time="0.01"/>
  <testcase name="testOzoneFsServiceLoader" classname="TestOzoneFileSystem" time="0.007"/>
  <testcase name="testOzoneFsServiceLoader" classname="TestOzoneFileSystem" time="0.008"/>
  <testcase name="testTrash" classname="TestOzoneFileSystem" time="4.08">
    <system-out><![CDATA[13:04:17.039 [IPC Server handler 16 on default port 37457] ERROR OMAudit - user=runner | ip=127.0.0.1 | op=GET_FILE_STATUS {volume=volume94578, bucket=bucket60014, key=.Trash/runner/Current/testKey2, dataSize=0, replicationConfig=null} | ret=FAILURE
org.apache.hadoop.ozone.om.exceptions.OMException: Unable to get file status: volume: volume94578 bucket: bucket60014 key: .Trash/runner/Current/testKey2
	at org.apache.hadoop.ozone.om.KeyManagerImpl.getOzoneFileStatus(KeyManagerImpl.java:1270) ~[ozone-manager-1.3.0-SNAPSHOT.jar:?]
	at org.apache.hadoop.ozone.om.KeyManagerImpl.getFileStatus(KeyManagerImpl.java:1200) ~[ozone-manager-1.3.0-SNAPSHOT.jar:?]
	at org.apache.hadoop.ozone.om.OzoneManager.getFileStatus(OzoneManager.java:3507) ~[ozone-manager-1.3.0-SNAPSHOT.jar:?]
	at org.apache.hadoop.ozone.protocolPB.OzoneManagerRequestHandler.getOzoneFileStatus(OzoneManagerRequestHandler.java:882) ~[ozone-manager-1.3.0-SNAPSHOT.jar:?]
	at org.apache.hadoop.ozone.protocolPB.OzoneManagerRequestHandler.handleReadRequest(OzoneManagerRequestHandler.java:228) ~[ozone-manager-1.3.0-SNAPSHOT.jar:?]
	at org.apache.hadoop.ozone.protocolPB.OzoneManagerProtocolServerSideTranslatorPB.submitReadRequestToOM(OzoneManagerProtocolServerSideTranslatorPB.java:226) ~[ozone-manager-1.3.0-SNAPSHOT.jar:?]
	at org.apache.hadoop.ozone.protocolPB.OzoneManagerProtocolServerSideTranslatorPB.processRequest(OzoneManagerProtocolServerSideTranslatorPB.java:175) ~[ozone-manager-1.3.0-SNAPSHOT.jar:?]
	at org.apache.hadoop.hdds.server.OzoneProtocolMessageDispatcher.processRequest(OzoneProtocolMessageDispatcher.java:87) [hdds-server-framework-1.3.0-SNAPSHOT.jar:?]
	at org.apache.hadoop.ozone.protocolPB.OzoneManagerProtocolServerSideTranslatorPB.submitRequest(OzoneManagerProtocolServerSideTranslatorPB.java:147) [ozone-manager-1.3.0-SNAPSHOT.jar:?]
	at org.apache.hadoop.ozone.protocol.proto.OzoneManagerProtocolProtos$OzoneManagerService$2.callBlockingMethod(OzoneManagerProtocolProtos.java) [ozone-interface-client-1.3.0-SNAPSHOT.jar:?]
	at org.apache.hadoop.ipc.ProtobufRpcEngine$Server.processCall(ProtobufRpcEngine.java:466) [hadoop-common-3.3.1.jar:?]
	at org.apache.hadoop.ipc.ProtobufRpcEngine2$Server$ProtoBufRpcInvoker.call(ProtobufRpcEngine2.java:574) [hadoop-common-3.3.1.jar:?]
	at org.apache.hadoop.ipc.ProtobufRpcEngine2$Server$ProtoBufRpcInvoker.call(ProtobufRpcEngine2.java:552) [hadoop-common-3.3.1.jar:?]
	at org.apache.hadoop.ipc.RPC$Server.call(RPC.java:1093) [hadoop-common-3.3.1.jar:?]
	at org.apache.hadoop.ipc.Server$RpcCall.run(Server.java:1035) [hadoop-common-3.3.1.jar:?]
	at org.apache.hadoop.ipc.Server$RpcCall.run(Server.java:963) [hadoop-common-3.3.1.jar:?]
	at java.security.AccessController.doPrivileged(Native Method) ~[?:1.8.0_345]
	at javax.security.auth.Subject.doAs(Subject.java:422) [?:1.8.0_345]
	at org.apache.hadoop.security.UserGroupInformation.doAs(UserGroupInformation.java:1878) [hadoop-common-3.3.1.jar:?]
	at org.apache.hadoop.ipc.Server$Handler.run(Server.java:2966) [hadoop-common-3.3.1.jar:?]
2022-10-09 13:04:17,040 [Time-limited test] WARN  ozone.BasicOzoneFileSystem (BasicOzoneFileSystem.java:getFileStatus(765)) - GetFileStatus failed for path /.Trash/runner/Current/testKey2
java.io.FileNotFoundException: .Trash/runner/Current/testKey2: No such file or directory!
	at org.apache.hadoop.fs.ozone.BasicOzoneClientAdapterImpl.getFileStatus(BasicOzoneClientAdapterImpl.java:369)
	at org.apache.hadoop.fs.ozone.BasicOzoneFileSystem.getFileStatus(BasicOzoneFileSystem.java:757)
	at org.apache.hadoop.fs.FileSystem.exists(FileSystem.java:1760)
	at org.apache.hadoop.fs.ozone.BasicOzoneFileSystem.exists(BasicOzoneFileSystem.java:804)
	at org.apache.hadoop.fs.TrashPolicyDefault.moveToTrash(TrashPolicyDefault.java:181)
	at org.apache.hadoop.fs.Trash.moveToTrash(Trash.java:110)
	at org.apache.hadoop.fs.ozone.TestOzoneFileSystem.testTrash(TestOzoneFileSystem.java:1580)
	at sun.reflect.NativeMethodAccessorImpl.invoke0(Native Method)
	at sun.reflect.NativeMethodAccessorImpl.invoke(NativeMethodAccessorImpl.java:62)
	at sun.reflect.DelegatingMethodAccessorImpl.invoke(DelegatingMethodAccessorImpl.java:43)
	at java.lang.reflect.Method.invoke(Method.java:498)
	at org.junit.runners.model.FrameworkMethod$1.runReflectiveCall(FrameworkMethod.java:59)
	at org.junit.internal.runners.model.ReflectiveCallable.run(ReflectiveCallable.java:12)
	at org.junit.runners.model.FrameworkMethod.invokeExplosively(FrameworkMethod.java:56)
	at org.junit.internal.runners.statements.InvokeMethod.evaluate(InvokeMethod.java:17)
	at org.junit.internal.runners.statements.RunAfters.evaluate(RunAfters.java:27)
	at org.junit.internal.runners.statements.FailOnTimeout$CallableStatement.call(FailOnTimeout.java:288)
	at org.junit.internal.runners.statements.FailOnTimeout$CallableStatement.call(FailOnTimeout.java:282)
	at java.util.concurrent.FutureTask.run(FutureTask.java:266)
	at java.lang.Thread.run(Thread.java:750)
13:04:17.049 [IPC Server handler 3 on default port 37457] ERROR OMAudit - user=runner | ip=127.0.0.1 | op=GET_FILE_STATUS {volume=volume94578, bucket=bucket60014, key=.Trash/runner/Current/testKey2, dataSize=0, replicationConfig=null} | ret=FAILURE
org.apache.hadoop.ozone.om.exceptions.OMException: Unable to get file status: volume: volume94578 bucket: bucket60014 key: .Trash/runner/Current/testKey2
	at org.apache.hadoop.ozone.om.KeyManagerImpl.getOzoneFileStatus(KeyManagerImpl.java:1270) ~[ozone-manager-1.3.0-SNAPSHOT.jar:?]
	at org.apache.hadoop.ozone.om.KeyManagerImpl.getFileStatus(KeyManagerImpl.java:1200) ~[ozone-manager-1.3.0-SNAPSHOT.jar:?]
	at org.apache.hadoop.ozone.om.OzoneManager.getFileStatus(OzoneManager.java:3507) ~[ozone-manager-1.3.0-SNAPSHOT.jar:?]
	at org.apache.hadoop.ozone.protocolPB.OzoneManagerRequestHandler.getOzoneFileStatus(OzoneManagerRequestHandler.java:882) ~[ozone-manager-1.3.0-SNAPSHOT.jar:?]
	at org.apache.hadoop.ozone.protocolPB.OzoneManagerRequestHandler.handleReadRequest(OzoneManagerRequestHandler.java:228) ~[ozone-manager-1.3.0-SNAPSHOT.jar:?]
	at org.apache.hadoop.ozone.protocolPB.OzoneManagerProtocolServerSideTranslatorPB.submitReadRequestToOM(OzoneManagerProtocolServerSideTranslatorPB.java:226) ~[ozone-manager-1.3.0-SNAPSHOT.jar:?]
	at org.apache.hadoop.ozone.protocolPB.OzoneManagerProtocolServerSideTranslatorPB.processRequest(OzoneManagerProtocolServerSideTranslatorPB.java:175) ~[ozone-manager-1.3.0-SNAPSHOT.jar:?]
	at org.apache.hadoop.hdds.server.OzoneProtocolMessageDispatcher.processRequest(OzoneProtocolMessageDispatcher.java:87) [hdds-server-framework-1.3.0-SNAPSHOT.jar:?]
	at org.apache.hadoop.ozone.protocolPB.OzoneManagerProtocolServerSideTranslatorPB.submitRequest(OzoneManagerProtocolServerSideTranslatorPB.java:147) [ozone-manager-1.3.0-SNAPSHOT.jar:?]
	at org.apache.hadoop.ozone.protocol.proto.OzoneManagerProtocolProtos$OzoneManagerService$2.callBlockingMethod(OzoneManagerProtocolProtos.java) [ozone-interface-client-1.3.0-SNAPSHOT.jar:?]
	at org.apache.hadoop.ipc.ProtobufRpcEngine$Server.processCall(ProtobufRpcEngine.java:466) [hadoop-common-3.3.1.jar:?]
	at org.apache.hadoop.ipc.ProtobufRpcEngine2$Server$ProtoBufRpcInvoker.call(ProtobufRpcEngine2.java:574) [hadoop-common-3.3.1.jar:?]
	at org.apache.hadoop.ipc.ProtobufRpcEngine2$Server$ProtoBufRpcInvoker.call(ProtobufRpcEngine2.java:552) [hadoop-common-3.3.1.jar:?]
	at org.apache.hadoop.ipc.RPC$Server.call(RPC.java:1093) [hadoop-common-3.3.1.jar:?]
	at org.apache.hadoop.ipc.Server$RpcCall.run(Server.java:1035) [hadoop-common-3.3.1.jar:?]
	at org.apache.hadoop.ipc.Server$RpcCall.run(Server.java:963) [hadoop-common-3.3.1.jar:?]
	at java.security.AccessController.doPrivileged(Native Method) ~[?:1.8.0_345]
	at javax.security.auth.Subject.doAs(Subject.java:422) [?:1.8.0_345]
	at org.apache.hadoop.security.UserGroupInformation.doAs(UserGroupInformation.java:1878) [hadoop-common-3.3.1.jar:?]
	at org.apache.hadoop.ipc.Server$Handler.run(Server.java:2966) [hadoop-common-3.3.1.jar:?]
2022-10-09 13:04:17,050 [Time-limited test] WARN  ozone.BasicOzoneFileSystem (BasicOzoneFileSystem.java:getFileStatus(765)) - GetFileStatus failed for path /.Trash/runner/Current/testKey2
java.io.FileNotFoundException: .Trash/runner/Current/testKey2: No such file or directory!
	at org.apache.hadoop.fs.ozone.BasicOzoneClientAdapterImpl.getFileStatus(BasicOzoneClientAdapterImpl.java:369)
	at org.apache.hadoop.fs.ozone.BasicOzoneFileSystem.getFileStatus(BasicOzoneFileSystem.java:757)
	at org.apache.hadoop.fs.ozone.BasicOzoneFileSystem.rename(BasicOzoneFileSystem.java:357)
	at org.apache.hadoop.fs.ozone.BasicOzoneFileSystem.rename(BasicOzoneFileSystem.java:454)
	at org.apache.hadoop.fs.TrashPolicyDefault.moveToTrash(TrashPolicyDefault.java:186)
	at org.apache.hadoop.fs.Trash.moveToTrash(Trash.java:110)
	at org.apache.hadoop.fs.ozone.TestOzoneFileSystem.testTrash(TestOzoneFileSystem.java:1580)
	at sun.reflect.NativeMethodAccessorImpl.invoke0(Native Method)
	at sun.reflect.NativeMethodAccessorImpl.invoke(NativeMethodAccessorImpl.java:62)
	at sun.reflect.DelegatingMethodAccessorImpl.invoke(DelegatingMethodAccessorImpl.java:43)
	at java.lang.reflect.Method.invoke(Method.java:498)
	at org.junit.runners.model.FrameworkMethod$1.runReflectiveCall(FrameworkMethod.java:59)
	at org.junit.internal.runners.model.ReflectiveCallable.run(ReflectiveCallable.java:12)
	at org.junit.runners.model.FrameworkMethod.invokeExplosively(FrameworkMethod.java:56)
	at org.junit.internal.runners.statements.InvokeMethod.evaluate(InvokeMethod.java:17)
	at org.junit.internal.runners.statements.RunAfters.evaluate(RunAfters.java:27)
	at org.junit.internal.runners.statements.FailOnTimeout$CallableStatement.call(FailOnTimeout.java:288)
	at org.junit.internal.runners.statements.FailOnTimeout$CallableStatement.call(FailOnTimeout.java:282)
	at java.util.concurrent.FutureTask.run(FutureTask.java:266)
	at java.lang.Thread.run(Thread.java:750)
2022-10-09 13:04:17,065 [Time-limited test] INFO  fs.TrashPolicyDefault (TrashPolicyDefault.java:moveToTrash(188)) - Moved: '/testKey2' to trash at: /.Trash/runner/Current/testKey2
13:04:18.069 [IPC Server handler 8 on default port 37457] ERROR OMAudit - user=runner | ip=127.0.0.1 | op=GET_FILE_STATUS {volume=volume94578, bucket=bucket60014, key=.Trash/runner/Current/testKey2, dataSize=0, replicationConfig=null} | ret=FAILURE
org.apache.hadoop.ozone.om.exceptions.OMException: Unable to get file status: volume: volume94578 bucket: bucket60014 key: .Trash/runner/Current/testKey2
	at org.apache.hadoop.ozone.om.KeyManagerImpl.getOzoneFileStatus(KeyManagerImpl.java:1270) ~[ozone-manager-1.3.0-SNAPSHOT.jar:?]
	at org.apache.hadoop.ozone.om.KeyManagerImpl.getFileStatus(KeyManagerImpl.java:1200) ~[ozone-manager-1.3.0-SNAPSHOT.jar:?]
	at org.apache.hadoop.ozone.om.OzoneManager.getFileStatus(OzoneManager.java:3507) ~[ozone-manager-1.3.0-SNAPSHOT.jar:?]
	at org.apache.hadoop.ozone.protocolPB.OzoneManagerRequestHandler.getOzoneFileStatus(OzoneManagerRequestHandler.java:882) ~[ozone-manager-1.3.0-SNAPSHOT.jar:?]
	at org.apache.hadoop.ozone.protocolPB.OzoneManagerRequestHandler.handleReadRequest(OzoneManagerRequestHandler.java:228) ~[ozone-manager-1.3.0-SNAPSHOT.jar:?]
	at org.apache.hadoop.ozone.protocolPB.OzoneManagerProtocolServerSideTranslatorPB.submitReadRequestToOM(OzoneManagerProtocolServerSideTranslatorPB.java:226) ~[ozone-manager-1.3.0-SNAPSHOT.jar:?]
	at org.apache.hadoop.ozone.protocolPB.OzoneManagerProtocolServerSideTranslatorPB.processRequest(OzoneManagerProtocolServerSideTranslatorPB.java:175) ~[ozone-manager-1.3.0-SNAPSHOT.jar:?]
	at org.apache.hadoop.hdds.server.OzoneProtocolMessageDispatcher.processRequest(OzoneProtocolMessageDispatcher.java:87) [hdds-server-framework-1.3.0-SNAPSHOT.jar:?]
	at org.apache.hadoop.ozone.protocolPB.OzoneManagerProtocolServerSideTranslatorPB.submitRequest(OzoneManagerProtocolServerSideTranslatorPB.java:147) [ozone-manager-1.3.0-SNAPSHOT.jar:?]
	at org.apache.hadoop.ozone.protocol.proto.OzoneManagerProtocolProtos$OzoneManagerService$2.callBlockingMethod(OzoneManagerProtocolProtos.java) [ozone-interface-client-1.3.0-SNAPSHOT.jar:?]
	at org.apache.hadoop.ipc.ProtobufRpcEngine$Server.processCall(ProtobufRpcEngine.java:466) [hadoop-common-3.3.1.jar:?]
	at org.apache.hadoop.ipc.ProtobufRpcEngine2$Server$ProtoBufRpcInvoker.call(ProtobufRpcEngine2.java:574) [hadoop-common-3.3.1.jar:?]
	at org.apache.hadoop.ipc.ProtobufRpcEngine2$Server$ProtoBufRpcInvoker.call(ProtobufRpcEngine2.java:552) [hadoop-common-3.3.1.jar:?]
	at org.apache.hadoop.ipc.RPC$Server.call(RPC.java:1093) [hadoop-common-3.3.1.jar:?]
	at org.apache.hadoop.ipc.Server$RpcCall.run(Server.java:1035) [hadoop-common-3.3.1.jar:?]
	at org.apache.hadoop.ipc.Server$RpcCall.run(Server.java:963) [hadoop-common-3.3.1.jar:?]
	at java.security.AccessController.doPrivileged(Native Method) ~[?:1.8.0_345]
	at javax.security.auth.Subject.doAs(Subject.java:422) [?:1.8.0_345]
	at org.apache.hadoop.security.UserGroupInformation.doAs(UserGroupInformation.java:1878) [hadoop-common-3.3.1.jar:?]
	at org.apache.hadoop.ipc.Server$Handler.run(Server.java:2966) [hadoop-common-3.3.1.jar:?]
2022-10-09 13:04:18,070 [Time-limited test] WARN  ozone.BasicOzoneFileSystem (BasicOzoneFileSystem.java:getFileStatus(765)) - GetFileStatus failed for path /.Trash/runner/Current/testKey2
java.io.FileNotFoundException: .Trash/runner/Current/testKey2: No such file or directory!
	at org.apache.hadoop.fs.ozone.BasicOzoneClientAdapterImpl.getFileStatus(BasicOzoneClientAdapterImpl.java:369)
	at org.apache.hadoop.fs.ozone.BasicOzoneFileSystem.getFileStatus(BasicOzoneFileSystem.java:757)
	at org.apache.hadoop.fs.FileSystem.exists(FileSystem.java:1760)
	at org.apache.hadoop.fs.ozone.BasicOzoneFileSystem.exists(BasicOzoneFileSystem.java:804)
	at org.apache.hadoop.fs.ozone.TestOzoneFileSystem.lambda$testTrash$6(TestOzoneFileSystem.java:1592)
	at org.apache.ozone.test.GenericTestUtils.waitFor(GenericTestUtils.java:218)
	at org.apache.hadoop.fs.ozone.TestOzoneFileSystem.testTrash(TestOzoneFileSystem.java:1590)
	at sun.reflect.NativeMethodAccessorImpl.invoke0(Native Method)
	at sun.reflect.NativeMethodAccessorImpl.invoke(NativeMethodAccessorImpl.java:62)
	at sun.reflect.DelegatingMethodAccessorImpl.invoke(DelegatingMethodAccessorImpl.java:43)
	at java.lang.reflect.Method.invoke(Method.java:498)
	at org.junit.runners.model.FrameworkMethod$1.runReflectiveCall(FrameworkMethod.java:59)
	at org.junit.internal.runners.model.ReflectiveCallable.run(ReflectiveCallable.java:12)
	at org.junit.runners.model.FrameworkMethod.invokeExplosively(FrameworkMethod.java:56)
	at org.junit.internal.runners.statements.InvokeMethod.evaluate(InvokeMethod.java:17)
	at org.junit.internal.runners.statements.RunAfters.evaluate(RunAfters.java:27)
	at org.junit.internal.runners.statements.FailOnTimeout$CallableStatement.call(FailOnTimeout.java:288)
	at org.junit.internal.runners.statements.FailOnTimeout$CallableStatement.call(FailOnTimeout.java:282)
	at java.util.concurrent.FutureTask.run(FutureTask.java:266)
	at java.lang.Thread.run(Thread.java:750)
]]></system-out>
  </testcase>
  <testcase name="testTrash" classname="TestOzoneFileSystem" time="4.05">
    <system-out><![CDATA[13:05:53.451 [IPC Server handler 18 on default port 44209] ERROR OMAudit - user=runner | ip=127.0.0.1 | op=GET_FILE_STATUS {volume=volume66281, bucket=bucket85504, key=.Trash/runner/Current/testKey2, dataSize=0, replicationConfig=null} | ret=FAILURE
org.apache.hadoop.ozone.om.exceptions.OMException: Unable to get file status: volume: volume66281 bucket: bucket85504 key: .Trash/runner/Current/testKey2
	at org.apache.hadoop.ozone.om.KeyManagerImpl.getOzoneFileStatus(KeyManagerImpl.java:1270) ~[ozone-manager-1.3.0-SNAPSHOT.jar:?]
	at org.apache.hadoop.ozone.om.KeyManagerImpl.getFileStatus(KeyManagerImpl.java:1200) ~[ozone-manager-1.3.0-SNAPSHOT.jar:?]
	at org.apache.hadoop.ozone.om.OzoneManager.getFileStatus(OzoneManager.java:3507) ~[ozone-manager-1.3.0-SNAPSHOT.jar:?]
	at org.apache.hadoop.ozone.protocolPB.OzoneManagerRequestHandler.getOzoneFileStatus(OzoneManagerRequestHandler.java:882) ~[ozone-manager-1.3.0-SNAPSHOT.jar:?]
	at org.apache.hadoop.ozone.protocolPB.OzoneManagerRequestHandler.handleReadRequest(OzoneManagerRequestHandler.java:228) ~[ozone-manager-1.3.0-SNAPSHOT.jar:?]
	at org.apache.hadoop.ozone.protocolPB.OzoneManagerProtocolServerSideTranslatorPB.submitRequestDirectlyToOM(OzoneManagerProtocolServerSideTranslatorPB.java:276) ~[ozone-manager-1.3.0-SNAPSHOT.jar:?]
	at org.apache.hadoop.ozone.protocolPB.OzoneManagerProtocolServerSideTranslatorPB.processRequest(OzoneManagerProtocolServerSideTranslatorPB.java:205) ~[ozone-manager-1.3.0-SNAPSHOT.jar:?]
	at org.apache.hadoop.hdds.server.OzoneProtocolMessageDispatcher.processRequest(OzoneProtocolMessageDispatcher.java:87) [hdds-server-framework-1.3.0-SNAPSHOT.jar:?]
	at org.apache.hadoop.ozone.protocolPB.OzoneManagerProtocolServerSideTranslatorPB.submitRequest(OzoneManagerProtocolServerSideTranslatorPB.java:147) [ozone-manager-1.3.0-SNAPSHOT.jar:?]
	at org.apache.hadoop.ozone.protocol.proto.OzoneManagerProtocolProtos$OzoneManagerService$2.callBlockingMethod(OzoneManagerProtocolProtos.java) [ozone-interface-client-1.3.0-SNAPSHOT.jar:?]
	at org.apache.hadoop.ipc.ProtobufRpcEngine$Server.processCall(ProtobufRpcEngine.java:466) [hadoop-common-3.3.1.jar:?]
	at org.apache.hadoop.ipc.ProtobufRpcEngine2$Server$ProtoBufRpcInvoker.call(ProtobufRpcEngine2.java:574) [hadoop-common-3.3.1.jar:?]
	at org.apache.hadoop.ipc.ProtobufRpcEngine2$Server$ProtoBufRpcInvoker.call(ProtobufRpcEngine2.java:552) [hadoop-common-3.3.1.jar:?]
	at org.apache.hadoop.ipc.RPC$Server.call(RPC.java:1093) [hadoop-common-3.3.1.jar:?]
	at org.apache.hadoop.ipc.Server$RpcCall.run(Server.java:1035) [hadoop-common-3.3.1.jar:?]
	at org.apache.hadoop.ipc.Server$RpcCall.run(Server.java:963) [hadoop-common-3.3.1.jar:?]
	at java.security.AccessController.doPrivileged(Native Method) ~[?:1.8.0_345]
	at javax.security.auth.Subject.doAs(Subject.java:422) [?:1.8.0_345]
	at org.apache.hadoop.security.UserGroupInformation.doAs(UserGroupInformation.java:1878) [hadoop-common-3.3.1.jar:?]
	at org.apache.hadoop.ipc.Server$Handler.run(Server.java:2966) [hadoop-common-3.3.1.jar:?]
2022-10-09 13:05:53,451 [Time-limited test] WARN  ozone.BasicOzoneFileSystem (BasicOzoneFileSystem.java:getFileStatus(765)) - GetFileStatus failed for path /.Trash/runner/Current/testKey2
java.io.FileNotFoundException: .Trash/runner/Current/testKey2: No such file or directory!
	at org.apache.hadoop.fs.ozone.BasicOzoneClientAdapterImpl.getFileStatus(BasicOzoneClientAdapterImpl.java:369)
	at org.apache.hadoop.fs.ozone.BasicOzoneFileSystem.getFileStatus(BasicOzoneFileSystem.java:757)
	at org.apache.hadoop.fs.FileSystem.exists(FileSystem.java:1760)
	at org.apache.hadoop.fs.ozone.BasicOzoneFileSystem.exists(BasicOzoneFileSystem.java:804)
	at org.apache.hadoop.fs.TrashPolicyDefault.moveToTrash(TrashPolicyDefault.java:181)
	at org.apache.hadoop.fs.Trash.moveToTrash(Trash.java:110)
	at org.apache.hadoop.fs.ozone.TestOzoneFileSystem.testTrash(TestOzoneFileSystem.java:1580)
	at sun.reflect.NativeMethodAccessorImpl.invoke0(Native Method)
	at sun.reflect.NativeMethodAccessorImpl.invoke(NativeMethodAccessorImpl.java:62)
	at sun.reflect.DelegatingMethodAccessorImpl.invoke(DelegatingMethodAccessorImpl.java:43)
	at java.lang.reflect.Method.invoke(Method.java:498)
	at org.junit.runners.model.FrameworkMethod$1.runReflectiveCall(FrameworkMethod.java:59)
	at org.junit.internal.runners.model.ReflectiveCallable.run(ReflectiveCallable.java:12)
	at org.junit.runners.model.FrameworkMethod.invokeExplosively(FrameworkMethod.java:56)
	at org.junit.internal.runners.statements.InvokeMethod.evaluate(InvokeMethod.java:17)
	at org.junit.internal.runners.statements.RunAfters.evaluate(RunAfters.java:27)
	at org.junit.internal.runners.statements.FailOnTimeout$CallableStatement.call(FailOnTimeout.java:288)
	at org.junit.internal.runners.statements.FailOnTimeout$CallableStatement.call(FailOnTimeout.java:282)
	at java.util.concurrent.FutureTask.run(FutureTask.java:266)
	at java.lang.Thread.run(Thread.java:750)
13:05:53.452 [IPC Server handler 0 on default port 44209] ERROR OMAudit - user=runner | ip=127.0.0.1 | op=GET_FILE_STATUS {volume=volume66281, bucket=bucket85504, key=.Trash/runner/Current/testKey2, dataSize=0, replicationConfig=null} | ret=FAILURE
org.apache.hadoop.ozone.om.exceptions.OMException: Unable to get file status: volume: volume66281 bucket: bucket85504 key: .Trash/runner/Current/testKey2
	at org.apache.hadoop.ozone.om.KeyManagerImpl.getOzoneFileStatus(KeyManagerImpl.java:1270) ~[ozone-manager-1.3.0-SNAPSHOT.jar:?]
	at org.apache.hadoop.ozone.om.KeyManagerImpl.getFileStatus(KeyManagerImpl.java:1200) ~[ozone-manager-1.3.0-SNAPSHOT.jar:?]
	at org.apache.hadoop.ozone.om.OzoneManager.getFileStatus(OzoneManager.java:3507) ~[ozone-manager-1.3.0-SNAPSHOT.jar:?]
	at org.apache.hadoop.ozone.protocolPB.OzoneManagerRequestHandler.getOzoneFileStatus(OzoneManagerRequestHandler.java:882) ~[ozone-manager-1.3.0-SNAPSHOT.jar:?]
	at org.apache.hadoop.ozone.protocolPB.OzoneManagerRequestHandler.handleReadRequest(OzoneManagerRequestHandler.java:228) ~[ozone-manager-1.3.0-SNAPSHOT.jar:?]
	at org.apache.hadoop.ozone.protocolPB.OzoneManagerProtocolServerSideTranslatorPB.submitRequestDirectlyToOM(OzoneManagerProtocolServerSideTranslatorPB.java:276) ~[ozone-manager-1.3.0-SNAPSHOT.jar:?]
	at org.apache.hadoop.ozone.protocolPB.OzoneManagerProtocolServerSideTranslatorPB.processRequest(OzoneManagerProtocolServerSideTranslatorPB.java:205) ~[ozone-manager-1.3.0-SNAPSHOT.jar:?]
	at org.apache.hadoop.hdds.server.OzoneProtocolMessageDispatcher.processRequest(OzoneProtocolMessageDispatcher.java:87) [hdds-server-framework-1.3.0-SNAPSHOT.jar:?]
	at org.apache.hadoop.ozone.protocolPB.OzoneManagerProtocolServerSideTranslatorPB.submitRequest(OzoneManagerProtocolServerSideTranslatorPB.java:147) [ozone-manager-1.3.0-SNAPSHOT.jar:?]
	at org.apache.hadoop.ozone.protocol.proto.OzoneManagerProtocolProtos$OzoneManagerService$2.callBlockingMethod(OzoneManagerProtocolProtos.java) [ozone-interface-client-1.3.0-SNAPSHOT.jar:?]
	at org.apache.hadoop.ipc.ProtobufRpcEngine$Server.processCall(ProtobufRpcEngine.java:466) [hadoop-common-3.3.1.jar:?]
	at org.apache.hadoop.ipc.ProtobufRpcEngine2$Server$ProtoBufRpcInvoker.call(ProtobufRpcEngine2.java:574) [hadoop-common-3.3.1.jar:?]
	at org.apache.hadoop.ipc.ProtobufRpcEngine2$Server$ProtoBufRpcInvoker.call(ProtobufRpcEngine2.java:552) [hadoop-common-3.3.1.jar:?]
	at org.apache.hadoop.ipc.RPC$Server.call(RPC.java:1093) [hadoop-common-3.3.1.jar:?]
	at org.apache.hadoop.ipc.Server$RpcCall.run(Server.java:1035) [hadoop-common-3.3.1.jar:?]
	at org.apache.hadoop.ipc.Server$RpcCall.run(Server.java:963) [hadoop-common-3.3.1.jar:?]
	at java.security.AccessController.doPrivileged(Native Method) ~[?:1.8.0_345]
	at javax.security.auth.Subject.doAs(Subject.java:422) [?:1.8.0_345]
	at org.apache.hadoop.security.UserGroupInformation.doAs(UserGroupInformation.java:1878) [hadoop-common-3.3.1.jar:?]
	at org.apache.hadoop.ipc.Server$Handler.run(Server.java:2966) [hadoop-common-3.3.1.jar:?]
2022-10-09 13:05:53,453 [Time-limited test] WARN  ozone.BasicOzoneFileSystem (BasicOzoneFileSystem.java:getFileStatus(765)) - GetFileStatus failed for path /.Trash/runner/Current/testKey2
java.io.FileNotFoundException: .Trash/runner/Current/testKey2: No such file or directory!
	at org.apache.hadoop.fs.ozone.BasicOzoneClientAdapterImpl.getFileStatus(BasicOzoneClientAdapterImpl.java:369)
	at org.apache.hadoop.fs.ozone.BasicOzoneFileSystem.getFileStatus(BasicOzoneFileSystem.java:757)
	at org.apache.hadoop.fs.ozone.BasicOzoneFileSystem.rename(BasicOzoneFileSystem.java:357)
	at org.apache.hadoop.fs.ozone.BasicOzoneFileSystem.rename(BasicOzoneFileSystem.java:454)
	at org.apache.hadoop.fs.TrashPolicyDefault.moveToTrash(TrashPolicyDefault.java:186)
	at org.apache.hadoop.fs.Trash.moveToTrash(Trash.java:110)
	at org.apache.hadoop.fs.ozone.TestOzoneFileSystem.testTrash(TestOzoneFileSystem.java:1580)
	at sun.reflect.NativeMethodAccessorImpl.invoke0(Native Method)
	at sun.reflect.NativeMethodAccessorImpl.invoke(NativeMethodAccessorImpl.java:62)
	at sun.reflect.DelegatingMethodAccessorImpl.invoke(DelegatingMethodAccessorImpl.java:43)
	at java.lang.reflect.Method.invoke(Method.java:498)
	at org.junit.runners.model.FrameworkMethod$1.runReflectiveCall(FrameworkMethod.java:59)
	at org.junit.internal.runners.model.ReflectiveCallable.run(ReflectiveCallable.java:12)
	at org.junit.runners.model.FrameworkMethod.invokeExplosively(FrameworkMethod.java:56)
	at org.junit.internal.runners.statements.InvokeMethod.evaluate(InvokeMethod.java:17)
	at org.junit.internal.runners.statements.RunAfters.evaluate(RunAfters.java:27)
	at org.junit.internal.runners.statements.FailOnTimeout$CallableStatement.call(FailOnTimeout.java:288)
	at org.junit.internal.runners.statements.FailOnTimeout$CallableStatement.call(FailOnTimeout.java:282)
	at java.util.concurrent.FutureTask.run(FutureTask.java:266)
	at java.lang.Thread.run(Thread.java:750)
2022-10-09 13:05:53,461 [Time-limited test] INFO  fs.TrashPolicyDefault (TrashPolicyDefault.java:moveToTrash(188)) - Moved: '/testKey2' to trash at: /.Trash/runner/Current/testKey2
13:05:54.463 [IPC Server handler 6 on default port 44209] ERROR OMAudit - user=runner | ip=127.0.0.1 | op=GET_FILE_STATUS {volume=volume66281, bucket=bucket85504, key=.Trash/runner/Current/testKey2, dataSize=0, replicationConfig=null} | ret=FAILURE
org.apache.hadoop.ozone.om.exceptions.OMException: Unable to get file status: volume: volume66281 bucket: bucket85504 key: .Trash/runner/Current/testKey2
	at org.apache.hadoop.ozone.om.KeyManagerImpl.getOzoneFileStatus(KeyManagerImpl.java:1270) ~[ozone-manager-1.3.0-SNAPSHOT.jar:?]
	at org.apache.hadoop.ozone.om.KeyManagerImpl.getFileStatus(KeyManagerImpl.java:1200) ~[ozone-manager-1.3.0-SNAPSHOT.jar:?]
	at org.apache.hadoop.ozone.om.OzoneManager.getFileStatus(OzoneManager.java:3507) ~[ozone-manager-1.3.0-SNAPSHOT.jar:?]
	at org.apache.hadoop.ozone.protocolPB.OzoneManagerRequestHandler.getOzoneFileStatus(OzoneManagerRequestHandler.java:882) ~[ozone-manager-1.3.0-SNAPSHOT.jar:?]
	at org.apache.hadoop.ozone.protocolPB.OzoneManagerRequestHandler.handleReadRequest(OzoneManagerRequestHandler.java:228) ~[ozone-manager-1.3.0-SNAPSHOT.jar:?]
	at org.apache.hadoop.ozone.protocolPB.OzoneManagerProtocolServerSideTranslatorPB.submitRequestDirectlyToOM(OzoneManagerProtocolServerSideTranslatorPB.java:276) ~[ozone-manager-1.3.0-SNAPSHOT.jar:?]
	at org.apache.hadoop.ozone.protocolPB.OzoneManagerProtocolServerSideTranslatorPB.processRequest(OzoneManagerProtocolServerSideTranslatorPB.java:205) ~[ozone-manager-1.3.0-SNAPSHOT.jar:?]
	at org.apache.hadoop.hdds.server.OzoneProtocolMessageDispatcher.processRequest(OzoneProtocolMessageDispatcher.java:87) [hdds-server-framework-1.3.0-SNAPSHOT.jar:?]
	at org.apache.hadoop.ozone.protocolPB.OzoneManagerProtocolServerSideTranslatorPB.submitRequest(OzoneManagerProtocolServerSideTranslatorPB.java:147) [ozone-manager-1.3.0-SNAPSHOT.jar:?]
	at org.apache.hadoop.ozone.protocol.proto.OzoneManagerProtocolProtos$OzoneManagerService$2.callBlockingMethod(OzoneManagerProtocolProtos.java) [ozone-interface-client-1.3.0-SNAPSHOT.jar:?]
	at org.apache.hadoop.ipc.ProtobufRpcEngine$Server.processCall(ProtobufRpcEngine.java:466) [hadoop-common-3.3.1.jar:?]
	at org.apache.hadoop.ipc.ProtobufRpcEngine2$Server$ProtoBufRpcInvoker.call(ProtobufRpcEngine2.java:574) [hadoop-common-3.3.1.jar:?]
	at org.apache.hadoop.ipc.ProtobufRpcEngine2$Server$ProtoBufRpcInvoker.call(ProtobufRpcEngine2.java:552) [hadoop-common-3.3.1.jar:?]
	at org.apache.hadoop.ipc.RPC$Server.call(RPC.java:1093) [hadoop-common-3.3.1.jar:?]
	at org.apache.hadoop.ipc.Server$RpcCall.run(Server.java:1035) [hadoop-common-3.3.1.jar:?]
	at org.apache.hadoop.ipc.Server$RpcCall.run(Server.java:963) [hadoop-common-3.3.1.jar:?]
	at java.security.AccessController.doPrivileged(Native Method) ~[?:1.8.0_345]
	at javax.security.auth.Subject.doAs(Subject.java:422) [?:1.8.0_345]
	at org.apache.hadoop.security.UserGroupInformation.doAs(UserGroupInformation.java:1878) [hadoop-common-3.3.1.jar:?]
	at org.apache.hadoop.ipc.Server$Handler.run(Server.java:2966) [hadoop-common-3.3.1.jar:?]
2022-10-09 13:05:54,463 [Time-limited test] WARN  ozone.BasicOzoneFileSystem (BasicOzoneFileSystem.java:getFileStatus(765)) - GetFileStatus failed for path /.Trash/runner/Current/testKey2
java.io.FileNotFoundException: .Trash/runner/Current/testKey2: No such file or directory!
	at org.apache.hadoop.fs.ozone.BasicOzoneClientAdapterImpl.getFileStatus(BasicOzoneClientAdapterImpl.java:369)
	at org.apache.hadoop.fs.ozone.BasicOzoneFileSystem.getFileStatus(BasicOzoneFileSystem.java:757)
	at org.apache.hadoop.fs.FileSystem.exists(FileSystem.java:1760)
	at org.apache.hadoop.fs.ozone.BasicOzoneFileSystem.exists(BasicOzoneFileSystem.java:804)
	at org.apache.hadoop.fs.ozone.TestOzoneFileSystem.lambda$testTrash$6(TestOzoneFileSystem.java:1592)
	at org.apache.ozone.test.GenericTestUtils.waitFor(GenericTestUtils.java:218)
	at org.apache.hadoop.fs.ozone.TestOzoneFileSystem.testTrash(TestOzoneFileSystem.java:1590)
	at sun.reflect.NativeMethodAccessorImpl.invoke0(Native Method)
	at sun.reflect.NativeMethodAccessorImpl.invoke(NativeMethodAccessorImpl.java:62)
	at sun.reflect.DelegatingMethodAccessorImpl.invoke(DelegatingMethodAccessorImpl.java:43)
	at java.lang.reflect.Method.invoke(Method.java:498)
	at org.junit.runners.model.FrameworkMethod$1.runReflectiveCall(FrameworkMethod.java:59)
	at org.junit.internal.runners.model.ReflectiveCallable.run(ReflectiveCallable.java:12)
	at org.junit.runners.model.FrameworkMethod.invokeExplosively(FrameworkMethod.java:56)
	at org.junit.internal.runners.statements.InvokeMethod.evaluate(InvokeMethod.java:17)
	at org.junit.internal.runners.statements.RunAfters.evaluate(RunAfters.java:27)
	at org.junit.internal.runners.statements.FailOnTimeout$CallableStatement.call(FailOnTimeout.java:288)
	at org.junit.internal.runners.statements.FailOnTimeout$CallableStatement.call(FailOnTimeout.java:282)
	at java.util.concurrent.FutureTask.run(FutureTask.java:266)
	at java.lang.Thread.run(Thread.java:750)
2022-10-09 13:05:55,924 [0e0cd2e9-f605-4044-a07f-8c47171ce2f7@group-BF7723920FB3-FollowerState] INFO  impl.FollowerState (FollowerState.java:run(143)) - 0e0cd2e9-f605-4044-a07f-8c47171ce2f7@group-BF7723920FB3-FollowerState: change to CANDIDATE, lastRpcElapsedTime:5072767063ns, electionTimeout:5071ms
2022-10-09 13:05:55,924 [0e0cd2e9-f605-4044-a07f-8c47171ce2f7@group-BF7723920FB3-FollowerState] INFO  impl.RoleInfo (RoleInfo.java:shutdownFollowerState(110)) - 0e0cd2e9-f605-4044-a07f-8c47171ce2f7: shutdown 0e0cd2e9-f605-4044-a07f-8c47171ce2f7@group-BF7723920FB3-FollowerState
2022-10-09 13:05:55,924 [0e0cd2e9-f605-4044-a07f-8c47171ce2f7@group-BF7723920FB3-FollowerState] INFO  server.RaftServer$Division (RaftServerImpl.java:setRole(299)) - 0e0cd2e9-f605-4044-a07f-8c47171ce2f7@group-BF7723920FB3: changes role from  FOLLOWER to CANDIDATE at term 2 for changeToCandidate
2022-10-09 13:05:55,924 [0e0cd2e9-f605-4044-a07f-8c47171ce2f7@group-BF7723920FB3-FollowerState] INFO  server.RaftServerConfigKeys (ConfUtils.java:logGet(46)) - raft.server.leaderelection.pre-vote = false (custom)
2022-10-09 13:05:55,924 [0e0cd2e9-f605-4044-a07f-8c47171ce2f7@group-BF7723920FB3-FollowerState] INFO  impl.RoleInfo (RoleInfo.java:updateAndGet(139)) - 0e0cd2e9-f605-4044-a07f-8c47171ce2f7: start 0e0cd2e9-f605-4044-a07f-8c47171ce2f7@group-BF7723920FB3-LeaderElection28
2022-10-09 13:05:55,936 [0e0cd2e9-f605-4044-a07f-8c47171ce2f7@group-BF7723920FB3-LeaderElection28] INFO  impl.LeaderElection (LeaderElection.java:askForVotes(310)) - 0e0cd2e9-f605-4044-a07f-8c47171ce2f7@group-BF7723920FB3-LeaderElection28 ELECTION round 0: submit vote requests at term 3 for -1: [2d7a11ae-c5aa-41a6-85dc-c9a8e9cf90b2|rpc:10.1.0.209:34267|priority:1, 864752fb-4a03-48f8-92e4-9b272ebf5ecd|rpc:10.1.0.209:36301|priority:0, 0e0cd2e9-f605-4044-a07f-8c47171ce2f7|rpc:10.1.0.209:36435|priority:0], old=null
2022-10-09 13:05:55,972 [grpc-default-executor-0] INFO  server.RaftServer$Division (RaftServerImpl.java:requestVote(1152)) - 2d7a11ae-c5aa-41a6-85dc-c9a8e9cf90b2@group-BF7723920FB3: receive requestVote(ELECTION, 0e0cd2e9-f605-4044-a07f-8c47171ce2f7, group-BF7723920FB3, 3, (t:0, i:0))
2022-10-09 13:05:55,973 [grpc-default-executor-0] INFO  impl.VoteContext (VoteContext.java:log(48)) - 2d7a11ae-c5aa-41a6-85dc-c9a8e9cf90b2@group-BF7723920FB3-FOLLOWER: reject ELECTION from 0e0cd2e9-f605-4044-a07f-8c47171ce2f7: our priority 1 > candidate's priority 0
2022-10-09 13:05:55,973 [grpc-default-executor-0] INFO  server.RaftServer$Division (RaftServerImpl.java:setRole(299)) - 2d7a11ae-c5aa-41a6-85dc-c9a8e9cf90b2@group-BF7723920FB3: changes role from  FOLLOWER to FOLLOWER at term 3 for candidate:0e0cd2e9-f605-4044-a07f-8c47171ce2f7
2022-10-09 13:05:55,973 [grpc-default-executor-0] INFO  impl.RoleInfo (RoleInfo.java:shutdownFollowerState(110)) - 2d7a11ae-c5aa-41a6-85dc-c9a8e9cf90b2: shutdown 2d7a11ae-c5aa-41a6-85dc-c9a8e9cf90b2@group-BF7723920FB3-FollowerState
2022-10-09 13:05:55,973 [grpc-default-executor-0] INFO  impl.RoleInfo (RoleInfo.java:updateAndGet(139)) - 2d7a11ae-c5aa-41a6-85dc-c9a8e9cf90b2: start 2d7a11ae-c5aa-41a6-85dc-c9a8e9cf90b2@group-BF7723920FB3-FollowerState
2022-10-09 13:05:55,973 [2d7a11ae-c5aa-41a6-85dc-c9a8e9cf90b2@group-BF7723920FB3-FollowerState] INFO  impl.FollowerState (FollowerState.java:run(152)) - 2d7a11ae-c5aa-41a6-85dc-c9a8e9cf90b2@group-BF7723920FB3-FollowerState was interrupted
2022-10-09 13:05:55,974 [864752fb-4a03-48f8-92e4-9b272ebf5ecd@group-BF7723920FB3-FollowerState] INFO  impl.FollowerState (FollowerState.java:run(143)) - 864752fb-4a03-48f8-92e4-9b272ebf5ecd@group-BF7723920FB3-FollowerState: change to CANDIDATE, lastRpcElapsedTime:5033512415ns, electionTimeout:5018ms
2022-10-09 13:05:55,974 [864752fb-4a03-48f8-92e4-9b272ebf5ecd@group-BF7723920FB3-FollowerState] INFO  impl.RoleInfo (RoleInfo.java:shutdownFollowerState(110)) - 864752fb-4a03-48f8-92e4-9b272ebf5ecd: shutdown 864752fb-4a03-48f8-92e4-9b272ebf5ecd@group-BF7723920FB3-FollowerState
2022-10-09 13:05:55,974 [864752fb-4a03-48f8-92e4-9b272ebf5ecd@group-BF7723920FB3-FollowerState] INFO  server.RaftServer$Division (RaftServerImpl.java:setRole(299)) - 864752fb-4a03-48f8-92e4-9b272ebf5ecd@group-BF7723920FB3: changes role from  FOLLOWER to CANDIDATE at term 2 for changeToCandidate
2022-10-09 13:05:55,974 [864752fb-4a03-48f8-92e4-9b272ebf5ecd@group-BF7723920FB3-FollowerState] INFO  server.RaftServerConfigKeys (ConfUtils.java:logGet(46)) - raft.server.leaderelection.pre-vote = false (custom)
2022-10-09 13:05:55,975 [864752fb-4a03-48f8-92e4-9b272ebf5ecd@group-BF7723920FB3-FollowerState] INFO  impl.RoleInfo (RoleInfo.java:updateAndGet(139)) - 864752fb-4a03-48f8-92e4-9b272ebf5ecd: start 864752fb-4a03-48f8-92e4-9b272ebf5ecd@group-BF7723920FB3-LeaderElection29
2022-10-09 13:05:55,976 [grpc-default-executor-0] INFO  server.RaftServer$Division (RaftServerImpl.java:requestVote(1184)) - 2d7a11ae-c5aa-41a6-85dc-c9a8e9cf90b2@group-BF7723920FB3 replies to ELECTION vote request: 0e0cd2e9-f605-4044-a07f-8c47171ce2f7<-2d7a11ae-c5aa-41a6-85dc-c9a8e9cf90b2#0:FAIL-t3. Peer's state: 2d7a11ae-c5aa-41a6-85dc-c9a8e9cf90b2@group-BF7723920FB3:t3, leader=null, voted=null, raftlog=2d7a11ae-c5aa-41a6-85dc-c9a8e9cf90b2@group-BF7723920FB3-SegmentedRaftLog:OPENED:c-1, conf=-1: [2d7a11ae-c5aa-41a6-85dc-c9a8e9cf90b2|rpc:10.1.0.209:34267|dataStream:|priority:1, 864752fb-4a03-48f8-92e4-9b272ebf5ecd|rpc:10.1.0.209:36301|dataStream:|priority:0, 0e0cd2e9-f605-4044-a07f-8c47171ce2f7|rpc:10.1.0.209:36435|dataStream:|priority:0], old=null
2022-10-09 13:05:55,977 [0e0cd2e9-f605-4044-a07f-8c47171ce2f7@group-BF7723920FB3-LeaderElection28] INFO  impl.LeaderElection (LeaderElection.java:logAndReturn(90)) - 0e0cd2e9-f605-4044-a07f-8c47171ce2f7@group-BF7723920FB3-LeaderElection28: ELECTION REJECTED received 1 response(s) and 0 exception(s):
2022-10-09 13:05:55,977 [0e0cd2e9-f605-4044-a07f-8c47171ce2f7@group-BF7723920FB3-LeaderElection28] INFO  impl.LeaderElection (LeaderElection.java:logAndReturn(94)) -   Response 0: 0e0cd2e9-f605-4044-a07f-8c47171ce2f7<-2d7a11ae-c5aa-41a6-85dc-c9a8e9cf90b2#0:FAIL-t3
2022-10-09 13:05:55,977 [0e0cd2e9-f605-4044-a07f-8c47171ce2f7@group-BF7723920FB3-LeaderElection28] INFO  impl.LeaderElection (LeaderElection.java:askForVotes(312)) - 0e0cd2e9-f605-4044-a07f-8c47171ce2f7@group-BF7723920FB3-LeaderElection28 ELECTION round 0: result REJECTED
2022-10-09 13:05:55,977 [0e0cd2e9-f605-4044-a07f-8c47171ce2f7@group-BF7723920FB3-LeaderElection28] INFO  server.RaftServer$Division (RaftServerImpl.java:setRole(299)) - 0e0cd2e9-f605-4044-a07f-8c47171ce2f7@group-BF7723920FB3: changes role from CANDIDATE to FOLLOWER at term 3 for REJECTED
2022-10-09 13:05:55,977 [0e0cd2e9-f605-4044-a07f-8c47171ce2f7@group-BF7723920FB3-LeaderElection28] INFO  impl.RoleInfo (RoleInfo.java:shutdownLeaderElection(130)) - 0e0cd2e9-f605-4044-a07f-8c47171ce2f7: shutdown 0e0cd2e9-f605-4044-a07f-8c47171ce2f7@group-BF7723920FB3-LeaderElection28
2022-10-09 13:05:55,977 [0e0cd2e9-f605-4044-a07f-8c47171ce2f7@group-BF7723920FB3-LeaderElection28] INFO  impl.RoleInfo (RoleInfo.java:updateAndGet(139)) - 0e0cd2e9-f605-4044-a07f-8c47171ce2f7: start 0e0cd2e9-f605-4044-a07f-8c47171ce2f7@group-BF7723920FB3-FollowerState
2022-10-09 13:05:55,986 [grpc-default-executor-0] INFO  server.RaftServer$Division (RaftServerImpl.java:requestVote(1152)) - 864752fb-4a03-48f8-92e4-9b272ebf5ecd@group-BF7723920FB3: receive requestVote(ELECTION, 0e0cd2e9-f605-4044-a07f-8c47171ce2f7, group-BF7723920FB3, 3, (t:0, i:0))
2022-10-09 13:05:55,988 [864752fb-4a03-48f8-92e4-9b272ebf5ecd@group-BF7723920FB3-LeaderElection29] INFO  impl.LeaderElection (LeaderElection.java:askForVotes(310)) - 864752fb-4a03-48f8-92e4-9b272ebf5ecd@group-BF7723920FB3-LeaderElection29 ELECTION round 0: submit vote requests at term 3 for -1: [2d7a11ae-c5aa-41a6-85dc-c9a8e9cf90b2|rpc:10.1.0.209:34267|dataStream:|priority:1, 864752fb-4a03-48f8-92e4-9b272ebf5ecd|rpc:10.1.0.209:36301|dataStream:|priority:0, 0e0cd2e9-f605-4044-a07f-8c47171ce2f7|rpc:10.1.0.209:36435|dataStream:|priority:0], old=null
2022-10-09 13:05:55,988 [grpc-default-executor-0] INFO  impl.VoteContext (VoteContext.java:log(48)) - 864752fb-4a03-48f8-92e4-9b272ebf5ecd@group-BF7723920FB3-CANDIDATE: reject ELECTION from 0e0cd2e9-f605-4044-a07f-8c47171ce2f7: already has voted for 864752fb-4a03-48f8-92e4-9b272ebf5ecd at current term 3
2022-10-09 13:05:55,988 [grpc-default-executor-0] INFO  server.RaftServer$Division (RaftServerImpl.java:requestVote(1184)) - 864752fb-4a03-48f8-92e4-9b272ebf5ecd@group-BF7723920FB3 replies to ELECTION vote request: 0e0cd2e9-f605-4044-a07f-8c47171ce2f7<-864752fb-4a03-48f8-92e4-9b272ebf5ecd#0:FAIL-t3. Peer's state: 864752fb-4a03-48f8-92e4-9b272ebf5ecd@group-BF7723920FB3:t3, leader=null, voted=864752fb-4a03-48f8-92e4-9b272ebf5ecd, raftlog=864752fb-4a03-48f8-92e4-9b272ebf5ecd@group-BF7723920FB3-SegmentedRaftLog:OPENED:c-1, conf=-1: [2d7a11ae-c5aa-41a6-85dc-c9a8e9cf90b2|rpc:10.1.0.209:34267|dataStream:|priority:1, 864752fb-4a03-48f8-92e4-9b272ebf5ecd|rpc:10.1.0.209:36301|dataStream:|priority:0, 0e0cd2e9-f605-4044-a07f-8c47171ce2f7|rpc:10.1.0.209:36435|dataStream:|priority:0], old=null
2022-10-09 13:05:56,013 [grpc-default-executor-0] INFO  server.RaftServer$Division (RaftServerImpl.java:requestVote(1152)) - 2d7a11ae-c5aa-41a6-85dc-c9a8e9cf90b2@group-BF7723920FB3: receive requestVote(ELECTION, 864752fb-4a03-48f8-92e4-9b272ebf5ecd, group-BF7723920FB3, 3, (t:0, i:0))
2022-10-09 13:05:56,013 [grpc-default-executor-0] INFO  impl.VoteContext (VoteContext.java:log(48)) - 2d7a11ae-c5aa-41a6-85dc-c9a8e9cf90b2@group-BF7723920FB3-FOLLOWER: reject ELECTION from 864752fb-4a03-48f8-92e4-9b272ebf5ecd: our priority 1 > candidate's priority 0
2022-10-09 13:05:56,013 [grpc-default-executor-0] INFO  server.RaftServer$Division (RaftServerImpl.java:setRole(299)) - 2d7a11ae-c5aa-41a6-85dc-c9a8e9cf90b2@group-BF7723920FB3: changes role from  FOLLOWER to FOLLOWER at term 3 for candidate:864752fb-4a03-48f8-92e4-9b272ebf5ecd
2022-10-09 13:05:56,013 [grpc-default-executor-0] INFO  impl.RoleInfo (RoleInfo.java:shutdownFollowerState(110)) - 2d7a11ae-c5aa-41a6-85dc-c9a8e9cf90b2: shutdown 2d7a11ae-c5aa-41a6-85dc-c9a8e9cf90b2@group-BF7723920FB3-FollowerState
2022-10-09 13:05:56,013 [grpc-default-executor-0] INFO  impl.RoleInfo (RoleInfo.java:updateAndGet(139)) - 2d7a11ae-c5aa-41a6-85dc-c9a8e9cf90b2: start 2d7a11ae-c5aa-41a6-85dc-c9a8e9cf90b2@group-BF7723920FB3-FollowerState
2022-10-09 13:05:56,013 [2d7a11ae-c5aa-41a6-85dc-c9a8e9cf90b2@group-BF7723920FB3-FollowerState] INFO  impl.FollowerState (FollowerState.java:run(152)) - 2d7a11ae-c5aa-41a6-85dc-c9a8e9cf90b2@group-BF7723920FB3-FollowerState was interrupted
2022-10-09 13:05:56,013 [grpc-default-executor-0] INFO  server.RaftServer$Division (RaftServerImpl.java:requestVote(1184)) - 2d7a11ae-c5aa-41a6-85dc-c9a8e9cf90b2@group-BF7723920FB3 replies to ELECTION vote request: 864752fb-4a03-48f8-92e4-9b272ebf5ecd<-2d7a11ae-c5aa-41a6-85dc-c9a8e9cf90b2#0:FAIL-t3. Peer's state: 2d7a11ae-c5aa-41a6-85dc-c9a8e9cf90b2@group-BF7723920FB3:t3, leader=null, voted=null, raftlog=2d7a11ae-c5aa-41a6-85dc-c9a8e9cf90b2@group-BF7723920FB3-SegmentedRaftLog:OPENED:c-1, conf=-1: [2d7a11ae-c5aa-41a6-85dc-c9a8e9cf90b2|rpc:10.1.0.209:34267|dataStream:|priority:1, 864752fb-4a03-48f8-92e4-9b272ebf5ecd|rpc:10.1.0.209:36301|dataStream:|priority:0, 0e0cd2e9-f605-4044-a07f-8c47171ce2f7|rpc:10.1.0.209:36435|dataStream:|priority:0], old=null
2022-10-09 13:05:56,020 [864752fb-4a03-48f8-92e4-9b272ebf5ecd@group-BF7723920FB3-LeaderElection29] INFO  impl.LeaderElection (LeaderElection.java:logAndReturn(90)) - 864752fb-4a03-48f8-92e4-9b272ebf5ecd@group-BF7723920FB3-LeaderElection29: ELECTION REJECTED received 1 response(s) and 0 exception(s):
2022-10-09 13:05:56,020 [864752fb-4a03-48f8-92e4-9b272ebf5ecd@group-BF7723920FB3-LeaderElection29] INFO  impl.LeaderElection (LeaderElection.java:logAndReturn(94)) -   Response 0: 864752fb-4a03-48f8-92e4-9b272ebf5ecd<-2d7a11ae-c5aa-41a6-85dc-c9a8e9cf90b2#0:FAIL-t3
2022-10-09 13:05:56,020 [864752fb-4a03-48f8-92e4-9b272ebf5ecd@group-BF7723920FB3-LeaderElection29] INFO  impl.LeaderElection (LeaderElection.java:askForVotes(312)) - 864752fb-4a03-48f8-92e4-9b272ebf5ecd@group-BF7723920FB3-LeaderElection29 ELECTION round 0: result REJECTED
2022-10-09 13:05:56,020 [864752fb-4a03-48f8-92e4-9b272ebf5ecd@group-BF7723920FB3-LeaderElection29] INFO  server.RaftServer$Division (RaftServerImpl.java:setRole(299)) - 864752fb-4a03-48f8-92e4-9b272ebf5ecd@group-BF7723920FB3: changes role from CANDIDATE to FOLLOWER at term 3 for REJECTED
2022-10-09 13:05:56,020 [864752fb-4a03-48f8-92e4-9b272ebf5ecd@group-BF7723920FB3-LeaderElection29] INFO  impl.RoleInfo (RoleInfo.java:shutdownLeaderElection(130)) - 864752fb-4a03-48f8-92e4-9b272ebf5ecd: shutdown 864752fb-4a03-48f8-92e4-9b272ebf5ecd@group-BF7723920FB3-LeaderElection29
2022-10-09 13:05:56,020 [864752fb-4a03-48f8-92e4-9b272ebf5ecd@group-BF7723920FB3-LeaderElection29] INFO  impl.RoleInfo (RoleInfo.java:updateAndGet(139)) - 864752fb-4a03-48f8-92e4-9b272ebf5ecd: start 864752fb-4a03-48f8-92e4-9b272ebf5ecd@group-BF7723920FB3-FollowerState
2022-10-09 13:05:56,031 [grpc-default-executor-0] INFO  server.RaftServer$Division (RaftServerImpl.java:requestVote(1152)) - 0e0cd2e9-f605-4044-a07f-8c47171ce2f7@group-BF7723920FB3: receive requestVote(ELECTION, 864752fb-4a03-48f8-92e4-9b272ebf5ecd, group-BF7723920FB3, 3, (t:0, i:0))
2022-10-09 13:05:56,031 [grpc-default-executor-0] INFO  impl.VoteContext (VoteContext.java:log(48)) - 0e0cd2e9-f605-4044-a07f-8c47171ce2f7@group-BF7723920FB3-FOLLOWER: reject ELECTION from 864752fb-4a03-48f8-92e4-9b272ebf5ecd: already has voted for 0e0cd2e9-f605-4044-a07f-8c47171ce2f7 at current term 3
2022-10-09 13:05:56,031 [grpc-default-executor-0] INFO  server.RaftServer$Division (RaftServerImpl.java:requestVote(1184)) - 0e0cd2e9-f605-4044-a07f-8c47171ce2f7@group-BF7723920FB3 replies to ELECTION vote request: 864752fb-4a03-48f8-92e4-9b272ebf5ecd<-0e0cd2e9-f605-4044-a07f-8c47171ce2f7#0:FAIL-t3. Peer's state: 0e0cd2e9-f605-4044-a07f-8c47171ce2f7@group-BF7723920FB3:t3, leader=null, voted=0e0cd2e9-f605-4044-a07f-8c47171ce2f7, raftlog=0e0cd2e9-f605-4044-a07f-8c47171ce2f7@group-BF7723920FB3-SegmentedRaftLog:OPENED:c-1, conf=-1: [2d7a11ae-c5aa-41a6-85dc-c9a8e9cf90b2|rpc:10.1.0.209:34267|priority:1, 864752fb-4a03-48f8-92e4-9b272ebf5ecd|rpc:10.1.0.209:36301|priority:0, 0e0cd2e9-f605-4044-a07f-8c47171ce2f7|rpc:10.1.0.209:36435|priority:0], old=null
]]></system-out>
  </testcase>
  <testcase name="testTrash" classname="TestOzoneFileSystem" time="4.074">
    <system-out><![CDATA[13:07:23.007 [IPC Server handler 17 on default port 33359] ERROR OMAudit - user=runner | ip=127.0.0.1 | op=GET_FILE_STATUS {volume=volume52841, bucket=bucket11878, key=.Trash/runner/Current/testKey2, dataSize=0, replicationConfig=null} | ret=FAILURE
org.apache.hadoop.ozone.om.exceptions.OMException: Unable to get file status: volume: volume52841 bucket: bucket11878 key: .Trash/runner/Current/testKey2
	at org.apache.hadoop.ozone.om.KeyManagerImpl.getOzoneFileStatus(KeyManagerImpl.java:1270) ~[ozone-manager-1.3.0-SNAPSHOT.jar:?]
	at org.apache.hadoop.ozone.om.KeyManagerImpl.getFileStatus(KeyManagerImpl.java:1200) ~[ozone-manager-1.3.0-SNAPSHOT.jar:?]
	at org.apache.hadoop.ozone.om.OzoneManager.getFileStatus(OzoneManager.java:3507) ~[ozone-manager-1.3.0-SNAPSHOT.jar:?]
	at org.apache.hadoop.ozone.protocolPB.OzoneManagerRequestHandler.getOzoneFileStatus(OzoneManagerRequestHandler.java:882) ~[ozone-manager-1.3.0-SNAPSHOT.jar:?]
	at org.apache.hadoop.ozone.protocolPB.OzoneManagerRequestHandler.handleReadRequest(OzoneManagerRequestHandler.java:228) ~[ozone-manager-1.3.0-SNAPSHOT.jar:?]
	at org.apache.hadoop.ozone.protocolPB.OzoneManagerProtocolServerSideTranslatorPB.submitReadRequestToOM(OzoneManagerProtocolServerSideTranslatorPB.java:226) ~[ozone-manager-1.3.0-SNAPSHOT.jar:?]
	at org.apache.hadoop.ozone.protocolPB.OzoneManagerProtocolServerSideTranslatorPB.processRequest(OzoneManagerProtocolServerSideTranslatorPB.java:175) ~[ozone-manager-1.3.0-SNAPSHOT.jar:?]
	at org.apache.hadoop.hdds.server.OzoneProtocolMessageDispatcher.processRequest(OzoneProtocolMessageDispatcher.java:87) [hdds-server-framework-1.3.0-SNAPSHOT.jar:?]
	at org.apache.hadoop.ozone.protocolPB.OzoneManagerProtocolServerSideTranslatorPB.submitRequest(OzoneManagerProtocolServerSideTranslatorPB.java:147) [ozone-manager-1.3.0-SNAPSHOT.jar:?]
	at org.apache.hadoop.ozone.protocol.proto.OzoneManagerProtocolProtos$OzoneManagerService$2.callBlockingMethod(OzoneManagerProtocolProtos.java) [ozone-interface-client-1.3.0-SNAPSHOT.jar:?]
	at org.apache.hadoop.ipc.ProtobufRpcEngine$Server.processCall(ProtobufRpcEngine.java:466) [hadoop-common-3.3.1.jar:?]
	at org.apache.hadoop.ipc.ProtobufRpcEngine2$Server$ProtoBufRpcInvoker.call(ProtobufRpcEngine2.java:574) [hadoop-common-3.3.1.jar:?]
	at org.apache.hadoop.ipc.ProtobufRpcEngine2$Server$ProtoBufRpcInvoker.call(ProtobufRpcEngine2.java:552) [hadoop-common-3.3.1.jar:?]
	at org.apache.hadoop.ipc.RPC$Server.call(RPC.java:1093) [hadoop-common-3.3.1.jar:?]
	at org.apache.hadoop.ipc.Server$RpcCall.run(Server.java:1035) [hadoop-common-3.3.1.jar:?]
	at org.apache.hadoop.ipc.Server$RpcCall.run(Server.java:963) [hadoop-common-3.3.1.jar:?]
	at java.security.AccessController.doPrivileged(Native Method) ~[?:1.8.0_345]
	at javax.security.auth.Subject.doAs(Subject.java:422) [?:1.8.0_345]
	at org.apache.hadoop.security.UserGroupInformation.doAs(UserGroupInformation.java:1878) [hadoop-common-3.3.1.jar:?]
	at org.apache.hadoop.ipc.Server$Handler.run(Server.java:2966) [hadoop-common-3.3.1.jar:?]
2022-10-09 13:07:23,009 [Time-limited test] WARN  ozone.BasicOzoneFileSystem (BasicOzoneFileSystem.java:getFileStatus(765)) - GetFileStatus failed for path /.Trash/runner/Current/testKey2
java.io.FileNotFoundException: .Trash/runner/Current/testKey2: No such file or directory!
	at org.apache.hadoop.fs.ozone.BasicOzoneClientAdapterImpl.getFileStatus(BasicOzoneClientAdapterImpl.java:369)
	at org.apache.hadoop.fs.ozone.BasicOzoneFileSystem.getFileStatus(BasicOzoneFileSystem.java:757)
	at org.apache.hadoop.fs.FileSystem.exists(FileSystem.java:1760)
	at org.apache.hadoop.fs.ozone.BasicOzoneFileSystem.exists(BasicOzoneFileSystem.java:804)
	at org.apache.hadoop.fs.TrashPolicyDefault.moveToTrash(TrashPolicyDefault.java:181)
	at org.apache.hadoop.fs.Trash.moveToTrash(Trash.java:110)
	at org.apache.hadoop.fs.ozone.TestOzoneFileSystem.testTrash(TestOzoneFileSystem.java:1580)
	at sun.reflect.NativeMethodAccessorImpl.invoke0(Native Method)
	at sun.reflect.NativeMethodAccessorImpl.invoke(NativeMethodAccessorImpl.java:62)
	at sun.reflect.DelegatingMethodAccessorImpl.invoke(DelegatingMethodAccessorImpl.java:43)
	at java.lang.reflect.Method.invoke(Method.java:498)
	at org.junit.runners.model.FrameworkMethod$1.runReflectiveCall(FrameworkMethod.java:59)
	at org.junit.internal.runners.model.ReflectiveCallable.run(ReflectiveCallable.java:12)
	at org.junit.runners.model.FrameworkMethod.invokeExplosively(FrameworkMethod.java:56)
	at org.junit.internal.runners.statements.InvokeMethod.evaluate(InvokeMethod.java:17)
	at org.junit.internal.runners.statements.RunAfters.evaluate(RunAfters.java:27)
	at org.junit.internal.runners.statements.FailOnTimeout$CallableStatement.call(FailOnTimeout.java:288)
	at org.junit.internal.runners.statements.FailOnTimeout$CallableStatement.call(FailOnTimeout.java:282)
	at java.util.concurrent.FutureTask.run(FutureTask.java:266)
	at java.lang.Thread.run(Thread.java:750)
13:07:23.010 [IPC Server handler 8 on default port 33359] ERROR OMAudit - user=runner | ip=127.0.0.1 | op=GET_FILE_STATUS {volume=volume52841, bucket=bucket11878, key=.Trash/runner/Current/testKey2, dataSize=0, replicationConfig=null} | ret=FAILURE
org.apache.hadoop.ozone.om.exceptions.OMException: Unable to get file status: volume: volume52841 bucket: bucket11878 key: .Trash/runner/Current/testKey2
	at org.apache.hadoop.ozone.om.KeyManagerImpl.getOzoneFileStatus(KeyManagerImpl.java:1270) ~[ozone-manager-1.3.0-SNAPSHOT.jar:?]
	at org.apache.hadoop.ozone.om.KeyManagerImpl.getFileStatus(KeyManagerImpl.java:1200) ~[ozone-manager-1.3.0-SNAPSHOT.jar:?]
	at org.apache.hadoop.ozone.om.OzoneManager.getFileStatus(OzoneManager.java:3507) ~[ozone-manager-1.3.0-SNAPSHOT.jar:?]
	at org.apache.hadoop.ozone.protocolPB.OzoneManagerRequestHandler.getOzoneFileStatus(OzoneManagerRequestHandler.java:882) ~[ozone-manager-1.3.0-SNAPSHOT.jar:?]
	at org.apache.hadoop.ozone.protocolPB.OzoneManagerRequestHandler.handleReadRequest(OzoneManagerRequestHandler.java:228) ~[ozone-manager-1.3.0-SNAPSHOT.jar:?]
	at org.apache.hadoop.ozone.protocolPB.OzoneManagerProtocolServerSideTranslatorPB.submitReadRequestToOM(OzoneManagerProtocolServerSideTranslatorPB.java:226) ~[ozone-manager-1.3.0-SNAPSHOT.jar:?]
	at org.apache.hadoop.ozone.protocolPB.OzoneManagerProtocolServerSideTranslatorPB.processRequest(OzoneManagerProtocolServerSideTranslatorPB.java:175) ~[ozone-manager-1.3.0-SNAPSHOT.jar:?]
	at org.apache.hadoop.hdds.server.OzoneProtocolMessageDispatcher.processRequest(OzoneProtocolMessageDispatcher.java:87) [hdds-server-framework-1.3.0-SNAPSHOT.jar:?]
	at org.apache.hadoop.ozone.protocolPB.OzoneManagerProtocolServerSideTranslatorPB.submitRequest(OzoneManagerProtocolServerSideTranslatorPB.java:147) [ozone-manager-1.3.0-SNAPSHOT.jar:?]
	at org.apache.hadoop.ozone.protocol.proto.OzoneManagerProtocolProtos$OzoneManagerService$2.callBlockingMethod(OzoneManagerProtocolProtos.java) [ozone-interface-client-1.3.0-SNAPSHOT.jar:?]
	at org.apache.hadoop.ipc.ProtobufRpcEngine$Server.processCall(ProtobufRpcEngine.java:466) [hadoop-common-3.3.1.jar:?]
	at org.apache.hadoop.ipc.ProtobufRpcEngine2$Server$ProtoBufRpcInvoker.call(ProtobufRpcEngine2.java:574) [hadoop-common-3.3.1.jar:?]
	at org.apache.hadoop.ipc.ProtobufRpcEngine2$Server$ProtoBufRpcInvoker.call(ProtobufRpcEngine2.java:552) [hadoop-common-3.3.1.jar:?]
	at org.apache.hadoop.ipc.RPC$Server.call(RPC.java:1093) [hadoop-common-3.3.1.jar:?]
	at org.apache.hadoop.ipc.Server$RpcCall.run(Server.java:1035) [hadoop-common-3.3.1.jar:?]
	at org.apache.hadoop.ipc.Server$RpcCall.run(Server.java:963) [hadoop-common-3.3.1.jar:?]
	at java.security.AccessController.doPrivileged(Native Method) ~[?:1.8.0_345]
	at javax.security.auth.Subject.doAs(Subject.java:422) [?:1.8.0_345]
	at org.apache.hadoop.security.UserGroupInformation.doAs(UserGroupInformation.java:1878) [hadoop-common-3.3.1.jar:?]
	at org.apache.hadoop.ipc.Server$Handler.run(Server.java:2966) [hadoop-common-3.3.1.jar:?]
2022-10-09 13:07:23,011 [Time-limited test] WARN  ozone.BasicOzoneFileSystem (BasicOzoneFileSystem.java:getFileStatus(765)) - GetFileStatus failed for path /.Trash/runner/Current/testKey2
java.io.FileNotFoundException: .Trash/runner/Current/testKey2: No such file or directory!
	at org.apache.hadoop.fs.ozone.BasicOzoneClientAdapterImpl.getFileStatus(BasicOzoneClientAdapterImpl.java:369)
	at org.apache.hadoop.fs.ozone.BasicOzoneFileSystem.getFileStatus(BasicOzoneFileSystem.java:757)
	at org.apache.hadoop.fs.ozone.BasicOzoneFileSystem.rename(BasicOzoneFileSystem.java:357)
	at org.apache.hadoop.fs.ozone.BasicOzoneFileSystem.rename(BasicOzoneFileSystem.java:454)
	at org.apache.hadoop.fs.TrashPolicyDefault.moveToTrash(TrashPolicyDefault.java:186)
	at org.apache.hadoop.fs.Trash.moveToTrash(Trash.java:110)
	at org.apache.hadoop.fs.ozone.TestOzoneFileSystem.testTrash(TestOzoneFileSystem.java:1580)
	at sun.reflect.NativeMethodAccessorImpl.invoke0(Native Method)
	at sun.reflect.NativeMethodAccessorImpl.invoke(NativeMethodAccessorImpl.java:62)
	at sun.reflect.DelegatingMethodAccessorImpl.invoke(DelegatingMethodAccessorImpl.java:43)
	at java.lang.reflect.Method.invoke(Method.java:498)
	at org.junit.runners.model.FrameworkMethod$1.runReflectiveCall(FrameworkMethod.java:59)
	at org.junit.internal.runners.model.ReflectiveCallable.run(ReflectiveCallable.java:12)
	at org.junit.runners.model.FrameworkMethod.invokeExplosively(FrameworkMethod.java:56)
	at org.junit.internal.runners.statements.InvokeMethod.evaluate(InvokeMethod.java:17)
	at org.junit.internal.runners.statements.RunAfters.evaluate(RunAfters.java:27)
	at org.junit.internal.runners.statements.FailOnTimeout$CallableStatement.call(FailOnTimeout.java:288)
	at org.junit.internal.runners.statements.FailOnTimeout$CallableStatement.call(FailOnTimeout.java:282)
	at java.util.concurrent.FutureTask.run(FutureTask.java:266)
	at java.lang.Thread.run(Thread.java:750)
2022-10-09 13:07:23,044 [Time-limited test] INFO  fs.TrashPolicyDefault (TrashPolicyDefault.java:moveToTrash(188)) - Moved: '/testKey2' to trash at: /.Trash/runner/Current/testKey2
13:07:24.045 [IPC Server handler 15 on default port 33359] ERROR OMAudit - user=runner | ip=127.0.0.1 | op=GET_FILE_STATUS {volume=volume52841, bucket=bucket11878, key=.Trash/runner/Current/testKey2, dataSize=0, replicationConfig=null} | ret=FAILURE
org.apache.hadoop.ozone.om.exceptions.OMException: Unable to get file status: volume: volume52841 bucket: bucket11878 key: .Trash/runner/Current/testKey2
	at org.apache.hadoop.ozone.om.KeyManagerImpl.getOzoneFileStatus(KeyManagerImpl.java:1270) ~[ozone-manager-1.3.0-SNAPSHOT.jar:?]
	at org.apache.hadoop.ozone.om.KeyManagerImpl.getFileStatus(KeyManagerImpl.java:1200) ~[ozone-manager-1.3.0-SNAPSHOT.jar:?]
	at org.apache.hadoop.ozone.om.OzoneManager.getFileStatus(OzoneManager.java:3507) ~[ozone-manager-1.3.0-SNAPSHOT.jar:?]
	at org.apache.hadoop.ozone.protocolPB.OzoneManagerRequestHandler.getOzoneFileStatus(OzoneManagerRequestHandler.java:882) ~[ozone-manager-1.3.0-SNAPSHOT.jar:?]
	at org.apache.hadoop.ozone.protocolPB.OzoneManagerRequestHandler.handleReadRequest(OzoneManagerRequestHandler.java:228) ~[ozone-manager-1.3.0-SNAPSHOT.jar:?]
	at org.apache.hadoop.ozone.protocolPB.OzoneManagerProtocolServerSideTranslatorPB.submitReadRequestToOM(OzoneManagerProtocolServerSideTranslatorPB.java:226) ~[ozone-manager-1.3.0-SNAPSHOT.jar:?]
	at org.apache.hadoop.ozone.protocolPB.OzoneManagerProtocolServerSideTranslatorPB.processRequest(OzoneManagerProtocolServerSideTranslatorPB.java:175) ~[ozone-manager-1.3.0-SNAPSHOT.jar:?]
	at org.apache.hadoop.hdds.server.OzoneProtocolMessageDispatcher.processRequest(OzoneProtocolMessageDispatcher.java:87) [hdds-server-framework-1.3.0-SNAPSHOT.jar:?]
	at org.apache.hadoop.ozone.protocolPB.OzoneManagerProtocolServerSideTranslatorPB.submitRequest(OzoneManagerProtocolServerSideTranslatorPB.java:147) [ozone-manager-1.3.0-SNAPSHOT.jar:?]
	at org.apache.hadoop.ozone.protocol.proto.OzoneManagerProtocolProtos$OzoneManagerService$2.callBlockingMethod(OzoneManagerProtocolProtos.java) [ozone-interface-client-1.3.0-SNAPSHOT.jar:?]
	at org.apache.hadoop.ipc.ProtobufRpcEngine$Server.processCall(ProtobufRpcEngine.java:466) [hadoop-common-3.3.1.jar:?]
	at org.apache.hadoop.ipc.ProtobufRpcEngine2$Server$ProtoBufRpcInvoker.call(ProtobufRpcEngine2.java:574) [hadoop-common-3.3.1.jar:?]
	at org.apache.hadoop.ipc.ProtobufRpcEngine2$Server$ProtoBufRpcInvoker.call(ProtobufRpcEngine2.java:552) [hadoop-common-3.3.1.jar:?]
	at org.apache.hadoop.ipc.RPC$Server.call(RPC.java:1093) [hadoop-common-3.3.1.jar:?]
	at org.apache.hadoop.ipc.Server$RpcCall.run(Server.java:1035) [hadoop-common-3.3.1.jar:?]
	at org.apache.hadoop.ipc.Server$RpcCall.run(Server.java:963) [hadoop-common-3.3.1.jar:?]
	at java.security.AccessController.doPrivileged(Native Method) ~[?:1.8.0_345]
	at javax.security.auth.Subject.doAs(Subject.java:422) [?:1.8.0_345]
	at org.apache.hadoop.security.UserGroupInformation.doAs(UserGroupInformation.java:1878) [hadoop-common-3.3.1.jar:?]
	at org.apache.hadoop.ipc.Server$Handler.run(Server.java:2966) [hadoop-common-3.3.1.jar:?]
2022-10-09 13:07:24,046 [Time-limited test] WARN  ozone.BasicOzoneFileSystem (BasicOzoneFileSystem.java:getFileStatus(765)) - GetFileStatus failed for path /.Trash/runner/Current/testKey2
java.io.FileNotFoundException: .Trash/runner/Current/testKey2: No such file or directory!
	at org.apache.hadoop.fs.ozone.BasicOzoneClientAdapterImpl.getFileStatus(BasicOzoneClientAdapterImpl.java:369)
	at org.apache.hadoop.fs.ozone.BasicOzoneFileSystem.getFileStatus(BasicOzoneFileSystem.java:757)
	at org.apache.hadoop.fs.FileSystem.exists(FileSystem.java:1760)
	at org.apache.hadoop.fs.ozone.BasicOzoneFileSystem.exists(BasicOzoneFileSystem.java:804)
	at org.apache.hadoop.fs.ozone.TestOzoneFileSystem.lambda$testTrash$6(TestOzoneFileSystem.java:1592)
	at org.apache.ozone.test.GenericTestUtils.waitFor(GenericTestUtils.java:218)
	at org.apache.hadoop.fs.ozone.TestOzoneFileSystem.testTrash(TestOzoneFileSystem.java:1590)
	at sun.reflect.NativeMethodAccessorImpl.invoke0(Native Method)
	at sun.reflect.NativeMethodAccessorImpl.invoke(NativeMethodAccessorImpl.java:62)
	at sun.reflect.DelegatingMethodAccessorImpl.invoke(DelegatingMethodAccessorImpl.java:43)
	at java.lang.reflect.Method.invoke(Method.java:498)
	at org.junit.runners.model.FrameworkMethod$1.runReflectiveCall(FrameworkMethod.java:59)
	at org.junit.internal.runners.model.ReflectiveCallable.run(ReflectiveCallable.java:12)
	at org.junit.runners.model.FrameworkMethod.invokeExplosively(FrameworkMethod.java:56)
	at org.junit.internal.runners.statements.InvokeMethod.evaluate(InvokeMethod.java:17)
	at org.junit.internal.runners.statements.RunAfters.evaluate(RunAfters.java:27)
	at org.junit.internal.runners.statements.FailOnTimeout$CallableStatement.call(FailOnTimeout.java:288)
	at org.junit.internal.runners.statements.FailOnTimeout$CallableStatement.call(FailOnTimeout.java:282)
	at java.util.concurrent.FutureTask.run(FutureTask.java:266)
	at java.lang.Thread.run(Thread.java:750)
]]></system-out>
  </testcase>
  <testcase name="testTrash" classname="TestOzoneFileSystem" time="5.078">
    <system-out><![CDATA[13:09:30.348 [IPC Server handler 7 on default port 34869] ERROR OMAudit - user=runner | ip=127.0.0.1 | op=GET_FILE_STATUS {volume=volume25253, bucket=bucket90791, key=.Trash/runner/Current/testKey2, dataSize=0, replicationConfig=null} | ret=FAILURE
org.apache.hadoop.ozone.om.exceptions.OMException: Unable to get file status: volume: volume25253 bucket: bucket90791 key: .Trash/runner/Current/testKey2
	at org.apache.hadoop.ozone.om.KeyManagerImpl.getOzoneFileStatus(KeyManagerImpl.java:1270) ~[ozone-manager-1.3.0-SNAPSHOT.jar:?]
	at org.apache.hadoop.ozone.om.KeyManagerImpl.getFileStatus(KeyManagerImpl.java:1200) ~[ozone-manager-1.3.0-SNAPSHOT.jar:?]
	at org.apache.hadoop.ozone.om.OzoneManager.getFileStatus(OzoneManager.java:3507) ~[ozone-manager-1.3.0-SNAPSHOT.jar:?]
	at org.apache.hadoop.ozone.protocolPB.OzoneManagerRequestHandler.getOzoneFileStatus(OzoneManagerRequestHandler.java:882) ~[ozone-manager-1.3.0-SNAPSHOT.jar:?]
	at org.apache.hadoop.ozone.protocolPB.OzoneManagerRequestHandler.handleReadRequest(OzoneManagerRequestHandler.java:228) ~[ozone-manager-1.3.0-SNAPSHOT.jar:?]
	at org.apache.hadoop.ozone.protocolPB.OzoneManagerProtocolServerSideTranslatorPB.submitRequestDirectlyToOM(OzoneManagerProtocolServerSideTranslatorPB.java:276) ~[ozone-manager-1.3.0-SNAPSHOT.jar:?]
	at org.apache.hadoop.ozone.protocolPB.OzoneManagerProtocolServerSideTranslatorPB.processRequest(OzoneManagerProtocolServerSideTranslatorPB.java:205) ~[ozone-manager-1.3.0-SNAPSHOT.jar:?]
	at org.apache.hadoop.hdds.server.OzoneProtocolMessageDispatcher.processRequest(OzoneProtocolMessageDispatcher.java:87) [hdds-server-framework-1.3.0-SNAPSHOT.jar:?]
	at org.apache.hadoop.ozone.protocolPB.OzoneManagerProtocolServerSideTranslatorPB.submitRequest(OzoneManagerProtocolServerSideTranslatorPB.java:147) [ozone-manager-1.3.0-SNAPSHOT.jar:?]
	at org.apache.hadoop.ozone.protocol.proto.OzoneManagerProtocolProtos$OzoneManagerService$2.callBlockingMethod(OzoneManagerProtocolProtos.java) [ozone-interface-client-1.3.0-SNAPSHOT.jar:?]
	at org.apache.hadoop.ipc.ProtobufRpcEngine$Server.processCall(ProtobufRpcEngine.java:466) [hadoop-common-3.3.1.jar:?]
	at org.apache.hadoop.ipc.ProtobufRpcEngine2$Server$ProtoBufRpcInvoker.call(ProtobufRpcEngine2.java:574) [hadoop-common-3.3.1.jar:?]
	at org.apache.hadoop.ipc.ProtobufRpcEngine2$Server$ProtoBufRpcInvoker.call(ProtobufRpcEngine2.java:552) [hadoop-common-3.3.1.jar:?]
	at org.apache.hadoop.ipc.RPC$Server.call(RPC.java:1093) [hadoop-common-3.3.1.jar:?]
	at org.apache.hadoop.ipc.Server$RpcCall.run(Server.java:1035) [hadoop-common-3.3.1.jar:?]
	at org.apache.hadoop.ipc.Server$RpcCall.run(Server.java:963) [hadoop-common-3.3.1.jar:?]
	at java.security.AccessController.doPrivileged(Native Method) ~[?:1.8.0_345]
	at javax.security.auth.Subject.doAs(Subject.java:422) [?:1.8.0_345]
	at org.apache.hadoop.security.UserGroupInformation.doAs(UserGroupInformation.java:1878) [hadoop-common-3.3.1.jar:?]
	at org.apache.hadoop.ipc.Server$Handler.run(Server.java:2966) [hadoop-common-3.3.1.jar:?]
2022-10-09 13:09:30,348 [Time-limited test] WARN  ozone.BasicOzoneFileSystem (BasicOzoneFileSystem.java:getFileStatus(765)) - GetFileStatus failed for path /.Trash/runner/Current/testKey2
java.io.FileNotFoundException: .Trash/runner/Current/testKey2: No such file or directory!
	at org.apache.hadoop.fs.ozone.BasicOzoneClientAdapterImpl.getFileStatus(BasicOzoneClientAdapterImpl.java:369)
	at org.apache.hadoop.fs.ozone.BasicOzoneFileSystem.getFileStatus(BasicOzoneFileSystem.java:757)
	at org.apache.hadoop.fs.FileSystem.exists(FileSystem.java:1760)
	at org.apache.hadoop.fs.ozone.BasicOzoneFileSystem.exists(BasicOzoneFileSystem.java:804)
	at org.apache.hadoop.fs.TrashPolicyDefault.moveToTrash(TrashPolicyDefault.java:181)
	at org.apache.hadoop.fs.Trash.moveToTrash(Trash.java:110)
	at org.apache.hadoop.fs.ozone.TestOzoneFileSystem.testTrash(TestOzoneFileSystem.java:1580)
	at sun.reflect.NativeMethodAccessorImpl.invoke0(Native Method)
	at sun.reflect.NativeMethodAccessorImpl.invoke(NativeMethodAccessorImpl.java:62)
	at sun.reflect.DelegatingMethodAccessorImpl.invoke(DelegatingMethodAccessorImpl.java:43)
	at java.lang.reflect.Method.invoke(Method.java:498)
	at org.junit.runners.model.FrameworkMethod$1.runReflectiveCall(FrameworkMethod.java:59)
	at org.junit.internal.runners.model.ReflectiveCallable.run(ReflectiveCallable.java:12)
	at org.junit.runners.model.FrameworkMethod.invokeExplosively(FrameworkMethod.java:56)
	at org.junit.internal.runners.statements.InvokeMethod.evaluate(InvokeMethod.java:17)
	at org.junit.internal.runners.statements.RunAfters.evaluate(RunAfters.java:27)
	at org.junit.internal.runners.statements.FailOnTimeout$CallableStatement.call(FailOnTimeout.java:288)
	at org.junit.internal.runners.statements.FailOnTimeout$CallableStatement.call(FailOnTimeout.java:282)
	at java.util.concurrent.FutureTask.run(FutureTask.java:266)
	at java.lang.Thread.run(Thread.java:750)
13:09:30.352 [IPC Server handler 13 on default port 34869] ERROR OMAudit - user=runner | ip=127.0.0.1 | op=GET_FILE_STATUS {volume=volume25253, bucket=bucket90791, key=.Trash/runner/Current/testKey2, dataSize=0, replicationConfig=null} | ret=FAILURE
org.apache.hadoop.ozone.om.exceptions.OMException: Unable to get file status: volume: volume25253 bucket: bucket90791 key: .Trash/runner/Current/testKey2
	at org.apache.hadoop.ozone.om.KeyManagerImpl.getOzoneFileStatus(KeyManagerImpl.java:1270) ~[ozone-manager-1.3.0-SNAPSHOT.jar:?]
	at org.apache.hadoop.ozone.om.KeyManagerImpl.getFileStatus(KeyManagerImpl.java:1200) ~[ozone-manager-1.3.0-SNAPSHOT.jar:?]
	at org.apache.hadoop.ozone.om.OzoneManager.getFileStatus(OzoneManager.java:3507) ~[ozone-manager-1.3.0-SNAPSHOT.jar:?]
	at org.apache.hadoop.ozone.protocolPB.OzoneManagerRequestHandler.getOzoneFileStatus(OzoneManagerRequestHandler.java:882) ~[ozone-manager-1.3.0-SNAPSHOT.jar:?]
	at org.apache.hadoop.ozone.protocolPB.OzoneManagerRequestHandler.handleReadRequest(OzoneManagerRequestHandler.java:228) ~[ozone-manager-1.3.0-SNAPSHOT.jar:?]
	at org.apache.hadoop.ozone.protocolPB.OzoneManagerProtocolServerSideTranslatorPB.submitRequestDirectlyToOM(OzoneManagerProtocolServerSideTranslatorPB.java:276) ~[ozone-manager-1.3.0-SNAPSHOT.jar:?]
	at org.apache.hadoop.ozone.protocolPB.OzoneManagerProtocolServerSideTranslatorPB.processRequest(OzoneManagerProtocolServerSideTranslatorPB.java:205) ~[ozone-manager-1.3.0-SNAPSHOT.jar:?]
	at org.apache.hadoop.hdds.server.OzoneProtocolMessageDispatcher.processRequest(OzoneProtocolMessageDispatcher.java:87) [hdds-server-framework-1.3.0-SNAPSHOT.jar:?]
	at org.apache.hadoop.ozone.protocolPB.OzoneManagerProtocolServerSideTranslatorPB.submitRequest(OzoneManagerProtocolServerSideTranslatorPB.java:147) [ozone-manager-1.3.0-SNAPSHOT.jar:?]
	at org.apache.hadoop.ozone.protocol.proto.OzoneManagerProtocolProtos$OzoneManagerService$2.callBlockingMethod(OzoneManagerProtocolProtos.java) [ozone-interface-client-1.3.0-SNAPSHOT.jar:?]
	at org.apache.hadoop.ipc.ProtobufRpcEngine$Server.processCall(ProtobufRpcEngine.java:466) [hadoop-common-3.3.1.jar:?]
	at org.apache.hadoop.ipc.ProtobufRpcEngine2$Server$ProtoBufRpcInvoker.call(ProtobufRpcEngine2.java:574) [hadoop-common-3.3.1.jar:?]
	at org.apache.hadoop.ipc.ProtobufRpcEngine2$Server$ProtoBufRpcInvoker.call(ProtobufRpcEngine2.java:552) [hadoop-common-3.3.1.jar:?]
	at org.apache.hadoop.ipc.RPC$Server.call(RPC.java:1093) [hadoop-common-3.3.1.jar:?]
	at org.apache.hadoop.ipc.Server$RpcCall.run(Server.java:1035) [hadoop-common-3.3.1.jar:?]
	at org.apache.hadoop.ipc.Server$RpcCall.run(Server.java:963) [hadoop-common-3.3.1.jar:?]
	at java.security.AccessController.doPrivileged(Native Method) ~[?:1.8.0_345]
	at javax.security.auth.Subject.doAs(Subject.java:422) [?:1.8.0_345]
	at org.apache.hadoop.security.UserGroupInformation.doAs(UserGroupInformation.java:1878) [hadoop-common-3.3.1.jar:?]
	at org.apache.hadoop.ipc.Server$Handler.run(Server.java:2966) [hadoop-common-3.3.1.jar:?]
2022-10-09 13:09:30,353 [Time-limited test] WARN  ozone.BasicOzoneFileSystem (BasicOzoneFileSystem.java:getFileStatus(765)) - GetFileStatus failed for path /.Trash/runner/Current/testKey2
java.io.FileNotFoundException: .Trash/runner/Current/testKey2: No such file or directory!
	at org.apache.hadoop.fs.ozone.BasicOzoneClientAdapterImpl.getFileStatus(BasicOzoneClientAdapterImpl.java:369)
	at org.apache.hadoop.fs.ozone.BasicOzoneFileSystem.getFileStatus(BasicOzoneFileSystem.java:757)
	at org.apache.hadoop.fs.ozone.BasicOzoneFileSystem.rename(BasicOzoneFileSystem.java:357)
	at org.apache.hadoop.fs.ozone.BasicOzoneFileSystem.rename(BasicOzoneFileSystem.java:454)
	at org.apache.hadoop.fs.TrashPolicyDefault.moveToTrash(TrashPolicyDefault.java:186)
	at org.apache.hadoop.fs.Trash.moveToTrash(Trash.java:110)
	at org.apache.hadoop.fs.ozone.TestOzoneFileSystem.testTrash(TestOzoneFileSystem.java:1580)
	at sun.reflect.NativeMethodAccessorImpl.invoke0(Native Method)
	at sun.reflect.NativeMethodAccessorImpl.invoke(NativeMethodAccessorImpl.java:62)
	at sun.reflect.DelegatingMethodAccessorImpl.invoke(DelegatingMethodAccessorImpl.java:43)
	at java.lang.reflect.Method.invoke(Method.java:498)
	at org.junit.runners.model.FrameworkMethod$1.runReflectiveCall(FrameworkMethod.java:59)
	at org.junit.internal.runners.model.ReflectiveCallable.run(ReflectiveCallable.java:12)
	at org.junit.runners.model.FrameworkMethod.invokeExplosively(FrameworkMethod.java:56)
	at org.junit.internal.runners.statements.InvokeMethod.evaluate(InvokeMethod.java:17)
	at org.junit.internal.runners.statements.RunAfters.evaluate(RunAfters.java:27)
	at org.junit.internal.runners.statements.FailOnTimeout$CallableStatement.call(FailOnTimeout.java:288)
	at org.junit.internal.runners.statements.FailOnTimeout$CallableStatement.call(FailOnTimeout.java:282)
	at java.util.concurrent.FutureTask.run(FutureTask.java:266)
	at java.lang.Thread.run(Thread.java:750)
2022-10-09 13:09:30,358 [Time-limited test] INFO  fs.TrashPolicyDefault (TrashPolicyDefault.java:moveToTrash(188)) - Moved: '/testKey2' to trash at: /.Trash/runner/Current/testKey2
13:09:32.362 [IPC Server handler 5 on default port 34869] ERROR OMAudit - user=runner | ip=127.0.0.1 | op=GET_FILE_STATUS {volume=volume25253, bucket=bucket90791, key=.Trash/runner/Current/testKey2, dataSize=0, replicationConfig=null} | ret=FAILURE
org.apache.hadoop.ozone.om.exceptions.OMException: Unable to get file status: volume: volume25253 bucket: bucket90791 key: .Trash/runner/Current/testKey2
	at org.apache.hadoop.ozone.om.KeyManagerImpl.getOzoneFileStatus(KeyManagerImpl.java:1270) ~[ozone-manager-1.3.0-SNAPSHOT.jar:?]
	at org.apache.hadoop.ozone.om.KeyManagerImpl.getFileStatus(KeyManagerImpl.java:1200) ~[ozone-manager-1.3.0-SNAPSHOT.jar:?]
	at org.apache.hadoop.ozone.om.OzoneManager.getFileStatus(OzoneManager.java:3507) ~[ozone-manager-1.3.0-SNAPSHOT.jar:?]
	at org.apache.hadoop.ozone.protocolPB.OzoneManagerRequestHandler.getOzoneFileStatus(OzoneManagerRequestHandler.java:882) ~[ozone-manager-1.3.0-SNAPSHOT.jar:?]
	at org.apache.hadoop.ozone.protocolPB.OzoneManagerRequestHandler.handleReadRequest(OzoneManagerRequestHandler.java:228) ~[ozone-manager-1.3.0-SNAPSHOT.jar:?]
	at org.apache.hadoop.ozone.protocolPB.OzoneManagerProtocolServerSideTranslatorPB.submitRequestDirectlyToOM(OzoneManagerProtocolServerSideTranslatorPB.java:276) ~[ozone-manager-1.3.0-SNAPSHOT.jar:?]
	at org.apache.hadoop.ozone.protocolPB.OzoneManagerProtocolServerSideTranslatorPB.processRequest(OzoneManagerProtocolServerSideTranslatorPB.java:205) ~[ozone-manager-1.3.0-SNAPSHOT.jar:?]
	at org.apache.hadoop.hdds.server.OzoneProtocolMessageDispatcher.processRequest(OzoneProtocolMessageDispatcher.java:87) [hdds-server-framework-1.3.0-SNAPSHOT.jar:?]
	at org.apache.hadoop.ozone.protocolPB.OzoneManagerProtocolServerSideTranslatorPB.submitRequest(OzoneManagerProtocolServerSideTranslatorPB.java:147) [ozone-manager-1.3.0-SNAPSHOT.jar:?]
	at org.apache.hadoop.ozone.protocol.proto.OzoneManagerProtocolProtos$OzoneManagerService$2.callBlockingMethod(OzoneManagerProtocolProtos.java) [ozone-interface-client-1.3.0-SNAPSHOT.jar:?]
	at org.apache.hadoop.ipc.ProtobufRpcEngine$Server.processCall(ProtobufRpcEngine.java:466) [hadoop-common-3.3.1.jar:?]
	at org.apache.hadoop.ipc.ProtobufRpcEngine2$Server$ProtoBufRpcInvoker.call(ProtobufRpcEngine2.java:574) [hadoop-common-3.3.1.jar:?]
	at org.apache.hadoop.ipc.ProtobufRpcEngine2$Server$ProtoBufRpcInvoker.call(ProtobufRpcEngine2.java:552) [hadoop-common-3.3.1.jar:?]
	at org.apache.hadoop.ipc.RPC$Server.call(RPC.java:1093) [hadoop-common-3.3.1.jar:?]
	at org.apache.hadoop.ipc.Server$RpcCall.run(Server.java:1035) [hadoop-common-3.3.1.jar:?]
	at org.apache.hadoop.ipc.Server$RpcCall.run(Server.java:963) [hadoop-common-3.3.1.jar:?]
	at java.security.AccessController.doPrivileged(Native Method) ~[?:1.8.0_345]
	at javax.security.auth.Subject.doAs(Subject.java:422) [?:1.8.0_345]
	at org.apache.hadoop.security.UserGroupInformation.doAs(UserGroupInformation.java:1878) [hadoop-common-3.3.1.jar:?]
	at org.apache.hadoop.ipc.Server$Handler.run(Server.java:2966) [hadoop-common-3.3.1.jar:?]
2022-10-09 13:09:32,362 [Time-limited test] WARN  ozone.BasicOzoneFileSystem (BasicOzoneFileSystem.java:getFileStatus(765)) - GetFileStatus failed for path /.Trash/runner/Current/testKey2
java.io.FileNotFoundException: .Trash/runner/Current/testKey2: No such file or directory!
	at org.apache.hadoop.fs.ozone.BasicOzoneClientAdapterImpl.getFileStatus(BasicOzoneClientAdapterImpl.java:369)
	at org.apache.hadoop.fs.ozone.BasicOzoneFileSystem.getFileStatus(BasicOzoneFileSystem.java:757)
	at org.apache.hadoop.fs.FileSystem.exists(FileSystem.java:1760)
	at org.apache.hadoop.fs.ozone.BasicOzoneFileSystem.exists(BasicOzoneFileSystem.java:804)
	at org.apache.hadoop.fs.ozone.TestOzoneFileSystem.lambda$testTrash$6(TestOzoneFileSystem.java:1592)
	at org.apache.ozone.test.GenericTestUtils.waitFor(GenericTestUtils.java:218)
	at org.apache.hadoop.fs.ozone.TestOzoneFileSystem.testTrash(TestOzoneFileSystem.java:1590)
	at sun.reflect.NativeMethodAccessorImpl.invoke0(Native Method)
	at sun.reflect.NativeMethodAccessorImpl.invoke(NativeMethodAccessorImpl.java:62)
	at sun.reflect.DelegatingMethodAccessorImpl.invoke(DelegatingMethodAccessorImpl.java:43)
	at java.lang.reflect.Method.invoke(Method.java:498)
	at org.junit.runners.model.FrameworkMethod$1.runReflectiveCall(FrameworkMethod.java:59)
	at org.junit.internal.runners.model.ReflectiveCallable.run(ReflectiveCallable.java:12)
	at org.junit.runners.model.FrameworkMethod.invokeExplosively(FrameworkMethod.java:56)
	at org.junit.internal.runners.statements.InvokeMethod.evaluate(InvokeMethod.java:17)
	at org.junit.internal.runners.statements.RunAfters.evaluate(RunAfters.java:27)
	at org.junit.internal.runners.statements.FailOnTimeout$CallableStatement.call(FailOnTimeout.java:288)
	at org.junit.internal.runners.statements.FailOnTimeout$CallableStatement.call(FailOnTimeout.java:282)
	at java.util.concurrent.FutureTask.run(FutureTask.java:266)
	at java.lang.Thread.run(Thread.java:750)
2022-10-09 13:09:32,684 [50de1ab3-18a1-452d-b023-0fe1bea95e64@group-61AA8B057572-FollowerState] INFO  impl.FollowerState (FollowerState.java:run(143)) - 50de1ab3-18a1-452d-b023-0fe1bea95e64@group-61AA8B057572-FollowerState: change to CANDIDATE, lastRpcElapsedTime:5103334206ns, electionTimeout:5096ms
2022-10-09 13:09:32,684 [50de1ab3-18a1-452d-b023-0fe1bea95e64@group-61AA8B057572-FollowerState] INFO  impl.RoleInfo (RoleInfo.java:shutdownFollowerState(110)) - 50de1ab3-18a1-452d-b023-0fe1bea95e64: shutdown 50de1ab3-18a1-452d-b023-0fe1bea95e64@group-61AA8B057572-FollowerState
2022-10-09 13:09:32,684 [50de1ab3-18a1-452d-b023-0fe1bea95e64@group-61AA8B057572-FollowerState] INFO  server.RaftServer$Division (RaftServerImpl.java:setRole(299)) - 50de1ab3-18a1-452d-b023-0fe1bea95e64@group-61AA8B057572: changes role from  FOLLOWER to CANDIDATE at term 4 for changeToCandidate
2022-10-09 13:09:32,684 [50de1ab3-18a1-452d-b023-0fe1bea95e64@group-61AA8B057572-FollowerState] INFO  server.RaftServerConfigKeys (ConfUtils.java:logGet(46)) - raft.server.leaderelection.pre-vote = false (custom)
2022-10-09 13:09:32,684 [50de1ab3-18a1-452d-b023-0fe1bea95e64@group-61AA8B057572-FollowerState] INFO  impl.RoleInfo (RoleInfo.java:updateAndGet(139)) - 50de1ab3-18a1-452d-b023-0fe1bea95e64: start 50de1ab3-18a1-452d-b023-0fe1bea95e64@group-61AA8B057572-LeaderElection68
2022-10-09 13:09:32,691 [63d7508a-aae7-47e5-91de-7b918a2106c8@group-61AA8B057572-FollowerState] INFO  impl.FollowerState (FollowerState.java:run(143)) - 63d7508a-aae7-47e5-91de-7b918a2106c8@group-61AA8B057572-FollowerState: change to CANDIDATE, lastRpcElapsedTime:5077390211ns, electionTimeout:5076ms
2022-10-09 13:09:32,692 [63d7508a-aae7-47e5-91de-7b918a2106c8@group-61AA8B057572-FollowerState] INFO  impl.RoleInfo (RoleInfo.java:shutdownFollowerState(110)) - 63d7508a-aae7-47e5-91de-7b918a2106c8: shutdown 63d7508a-aae7-47e5-91de-7b918a2106c8@group-61AA8B057572-FollowerState
2022-10-09 13:09:32,692 [63d7508a-aae7-47e5-91de-7b918a2106c8@group-61AA8B057572-FollowerState] INFO  server.RaftServer$Division (RaftServerImpl.java:setRole(299)) - 63d7508a-aae7-47e5-91de-7b918a2106c8@group-61AA8B057572: changes role from  FOLLOWER to CANDIDATE at term 4 for changeToCandidate
2022-10-09 13:09:32,692 [63d7508a-aae7-47e5-91de-7b918a2106c8@group-61AA8B057572-FollowerState] INFO  server.RaftServerConfigKeys (ConfUtils.java:logGet(46)) - raft.server.leaderelection.pre-vote = false (custom)
2022-10-09 13:09:32,692 [63d7508a-aae7-47e5-91de-7b918a2106c8@group-61AA8B057572-FollowerState] INFO  impl.RoleInfo (RoleInfo.java:updateAndGet(139)) - 63d7508a-aae7-47e5-91de-7b918a2106c8: start 63d7508a-aae7-47e5-91de-7b918a2106c8@group-61AA8B057572-LeaderElection69
2022-10-09 13:09:32,713 [50de1ab3-18a1-452d-b023-0fe1bea95e64@group-61AA8B057572-LeaderElection68] INFO  impl.LeaderElection (LeaderElection.java:askForVotes(310)) - 50de1ab3-18a1-452d-b023-0fe1bea95e64@group-61AA8B057572-LeaderElection68 ELECTION round 0: submit vote requests at term 5 for -1: [50de1ab3-18a1-452d-b023-0fe1bea95e64|rpc:10.1.0.209:33457|priority:0, a45a9974-6347-49ca-aefd-c703a3af3a84|rpc:10.1.0.209:35151|priority:1, 63d7508a-aae7-47e5-91de-7b918a2106c8|rpc:10.1.0.209:34509|priority:0], old=null
2022-10-09 13:09:32,733 [grpc-default-executor-2] INFO  server.RaftServer$Division (RaftServerImpl.java:requestVote(1152)) - a45a9974-6347-49ca-aefd-c703a3af3a84@group-61AA8B057572: receive requestVote(ELECTION, 50de1ab3-18a1-452d-b023-0fe1bea95e64, group-61AA8B057572, 5, (t:0, i:0))
2022-10-09 13:09:32,733 [grpc-default-executor-0] INFO  server.RaftServer$Division (RaftServerImpl.java:requestVote(1152)) - 63d7508a-aae7-47e5-91de-7b918a2106c8@group-61AA8B057572: receive requestVote(ELECTION, 50de1ab3-18a1-452d-b023-0fe1bea95e64, group-61AA8B057572, 5, (t:0, i:0))
2022-10-09 13:09:32,733 [grpc-default-executor-2] INFO  impl.VoteContext (VoteContext.java:log(48)) - a45a9974-6347-49ca-aefd-c703a3af3a84@group-61AA8B057572-FOLLOWER: reject ELECTION from 50de1ab3-18a1-452d-b023-0fe1bea95e64: our priority 1 > candidate's priority 0
2022-10-09 13:09:32,733 [grpc-default-executor-2] INFO  server.RaftServer$Division (RaftServerImpl.java:setRole(299)) - a45a9974-6347-49ca-aefd-c703a3af3a84@group-61AA8B057572: changes role from  FOLLOWER to FOLLOWER at term 5 for candidate:50de1ab3-18a1-452d-b023-0fe1bea95e64
2022-10-09 13:09:32,734 [grpc-default-executor-0] INFO  impl.VoteContext (VoteContext.java:log(48)) - 63d7508a-aae7-47e5-91de-7b918a2106c8@group-61AA8B057572-CANDIDATE: reject ELECTION from 50de1ab3-18a1-452d-b023-0fe1bea95e64: already has voted for 63d7508a-aae7-47e5-91de-7b918a2106c8 at current term 5
2022-10-09 13:09:32,734 [grpc-default-executor-2] INFO  impl.RoleInfo (RoleInfo.java:shutdownFollowerState(110)) - a45a9974-6347-49ca-aefd-c703a3af3a84: shutdown a45a9974-6347-49ca-aefd-c703a3af3a84@group-61AA8B057572-FollowerState
2022-10-09 13:09:32,734 [grpc-default-executor-0] INFO  server.RaftServer$Division (RaftServerImpl.java:requestVote(1184)) - 63d7508a-aae7-47e5-91de-7b918a2106c8@group-61AA8B057572 replies to ELECTION vote request: 50de1ab3-18a1-452d-b023-0fe1bea95e64<-63d7508a-aae7-47e5-91de-7b918a2106c8#0:FAIL-t5. Peer's state: 63d7508a-aae7-47e5-91de-7b918a2106c8@group-61AA8B057572:t5, leader=null, voted=63d7508a-aae7-47e5-91de-7b918a2106c8, raftlog=63d7508a-aae7-47e5-91de-7b918a2106c8@group-61AA8B057572-SegmentedRaftLog:OPENED:c-1, conf=-1: [50de1ab3-18a1-452d-b023-0fe1bea95e64|rpc:10.1.0.209:33457|dataStream:|priority:0, a45a9974-6347-49ca-aefd-c703a3af3a84|rpc:10.1.0.209:35151|dataStream:|priority:1, 63d7508a-aae7-47e5-91de-7b918a2106c8|rpc:10.1.0.209:34509|dataStream:|priority:0], old=null
2022-10-09 13:09:32,734 [a45a9974-6347-49ca-aefd-c703a3af3a84@group-61AA8B057572-FollowerState] INFO  impl.FollowerState (FollowerState.java:run(152)) - a45a9974-6347-49ca-aefd-c703a3af3a84@group-61AA8B057572-FollowerState was interrupted
2022-10-09 13:09:32,734 [grpc-default-executor-2] INFO  impl.RoleInfo (RoleInfo.java:updateAndGet(139)) - a45a9974-6347-49ca-aefd-c703a3af3a84: start a45a9974-6347-49ca-aefd-c703a3af3a84@group-61AA8B057572-FollowerState
2022-10-09 13:09:32,734 [63d7508a-aae7-47e5-91de-7b918a2106c8@group-61AA8B057572-LeaderElection69] INFO  impl.LeaderElection (LeaderElection.java:askForVotes(310)) - 63d7508a-aae7-47e5-91de-7b918a2106c8@group-61AA8B057572-LeaderElection69 ELECTION round 0: submit vote requests at term 5 for -1: [50de1ab3-18a1-452d-b023-0fe1bea95e64|rpc:10.1.0.209:33457|dataStream:|priority:0, a45a9974-6347-49ca-aefd-c703a3af3a84|rpc:10.1.0.209:35151|dataStream:|priority:1, 63d7508a-aae7-47e5-91de-7b918a2106c8|rpc:10.1.0.209:34509|dataStream:|priority:0], old=null
2022-10-09 13:09:32,740 [grpc-default-executor-2] INFO  server.RaftServer$Division (RaftServerImpl.java:requestVote(1184)) - a45a9974-6347-49ca-aefd-c703a3af3a84@group-61AA8B057572 replies to ELECTION vote request: 50de1ab3-18a1-452d-b023-0fe1bea95e64<-a45a9974-6347-49ca-aefd-c703a3af3a84#0:FAIL-t5. Peer's state: a45a9974-6347-49ca-aefd-c703a3af3a84@group-61AA8B057572:t5, leader=null, voted=null, raftlog=a45a9974-6347-49ca-aefd-c703a3af3a84@group-61AA8B057572-SegmentedRaftLog:OPENED:c-1, conf=-1: [50de1ab3-18a1-452d-b023-0fe1bea95e64|rpc:10.1.0.209:33457|dataStream:|priority:0, a45a9974-6347-49ca-aefd-c703a3af3a84|rpc:10.1.0.209:35151|dataStream:|priority:1, 63d7508a-aae7-47e5-91de-7b918a2106c8|rpc:10.1.0.209:34509|dataStream:|priority:0], old=null
2022-10-09 13:09:32,789 [50de1ab3-18a1-452d-b023-0fe1bea95e64@group-61AA8B057572-LeaderElection68] INFO  impl.LeaderElection (LeaderElection.java:logAndReturn(90)) - 50de1ab3-18a1-452d-b023-0fe1bea95e64@group-61AA8B057572-LeaderElection68: ELECTION REJECTED received 2 response(s) and 0 exception(s):
2022-10-09 13:09:32,789 [50de1ab3-18a1-452d-b023-0fe1bea95e64@group-61AA8B057572-LeaderElection68] INFO  impl.LeaderElection (LeaderElection.java:logAndReturn(94)) -   Response 0: 50de1ab3-18a1-452d-b023-0fe1bea95e64<-a45a9974-6347-49ca-aefd-c703a3af3a84#0:FAIL-t5
2022-10-09 13:09:32,789 [50de1ab3-18a1-452d-b023-0fe1bea95e64@group-61AA8B057572-LeaderElection68] INFO  impl.LeaderElection (LeaderElection.java:logAndReturn(94)) -   Response 1: 50de1ab3-18a1-452d-b023-0fe1bea95e64<-63d7508a-aae7-47e5-91de-7b918a2106c8#0:FAIL-t5
2022-10-09 13:09:32,789 [50de1ab3-18a1-452d-b023-0fe1bea95e64@group-61AA8B057572-LeaderElection68] INFO  impl.LeaderElection (LeaderElection.java:askForVotes(312)) - 50de1ab3-18a1-452d-b023-0fe1bea95e64@group-61AA8B057572-LeaderElection68 ELECTION round 0: result REJECTED
2022-10-09 13:09:32,789 [50de1ab3-18a1-452d-b023-0fe1bea95e64@group-61AA8B057572-LeaderElection68] INFO  server.RaftServer$Division (RaftServerImpl.java:setRole(299)) - 50de1ab3-18a1-452d-b023-0fe1bea95e64@group-61AA8B057572: changes role from CANDIDATE to FOLLOWER at term 5 for REJECTED
2022-10-09 13:09:32,790 [50de1ab3-18a1-452d-b023-0fe1bea95e64@group-61AA8B057572-LeaderElection68] INFO  impl.RoleInfo (RoleInfo.java:shutdownLeaderElection(130)) - 50de1ab3-18a1-452d-b023-0fe1bea95e64: shutdown 50de1ab3-18a1-452d-b023-0fe1bea95e64@group-61AA8B057572-LeaderElection68
2022-10-09 13:09:32,790 [50de1ab3-18a1-452d-b023-0fe1bea95e64@group-61AA8B057572-LeaderElection68] INFO  impl.RoleInfo (RoleInfo.java:updateAndGet(139)) - 50de1ab3-18a1-452d-b023-0fe1bea95e64: start 50de1ab3-18a1-452d-b023-0fe1bea95e64@group-61AA8B057572-FollowerState
2022-10-09 13:09:32,801 [grpc-default-executor-2] INFO  server.RaftServer$Division (RaftServerImpl.java:requestVote(1152)) - 50de1ab3-18a1-452d-b023-0fe1bea95e64@group-61AA8B057572: receive requestVote(ELECTION, 63d7508a-aae7-47e5-91de-7b918a2106c8, group-61AA8B057572, 5, (t:0, i:0))
2022-10-09 13:09:32,801 [grpc-default-executor-2] INFO  impl.VoteContext (VoteContext.java:log(48)) - 50de1ab3-18a1-452d-b023-0fe1bea95e64@group-61AA8B057572-FOLLOWER: reject ELECTION from 63d7508a-aae7-47e5-91de-7b918a2106c8: already has voted for 50de1ab3-18a1-452d-b023-0fe1bea95e64 at current term 5
2022-10-09 13:09:32,801 [grpc-default-executor-2] INFO  server.RaftServer$Division (RaftServerImpl.java:requestVote(1184)) - 50de1ab3-18a1-452d-b023-0fe1bea95e64@group-61AA8B057572 replies to ELECTION vote request: 63d7508a-aae7-47e5-91de-7b918a2106c8<-50de1ab3-18a1-452d-b023-0fe1bea95e64#0:FAIL-t5. Peer's state: 50de1ab3-18a1-452d-b023-0fe1bea95e64@group-61AA8B057572:t5, leader=null, voted=50de1ab3-18a1-452d-b023-0fe1bea95e64, raftlog=50de1ab3-18a1-452d-b023-0fe1bea95e64@group-61AA8B057572-SegmentedRaftLog:OPENED:c-1, conf=-1: [50de1ab3-18a1-452d-b023-0fe1bea95e64|rpc:10.1.0.209:33457|priority:0, a45a9974-6347-49ca-aefd-c703a3af3a84|rpc:10.1.0.209:35151|priority:1, 63d7508a-aae7-47e5-91de-7b918a2106c8|rpc:10.1.0.209:34509|priority:0], old=null
2022-10-09 13:09:32,804 [grpc-default-executor-0] INFO  server.RaftServer$Division (RaftServerImpl.java:requestVote(1152)) - a45a9974-6347-49ca-aefd-c703a3af3a84@group-61AA8B057572: receive requestVote(ELECTION, 63d7508a-aae7-47e5-91de-7b918a2106c8, group-61AA8B057572, 5, (t:0, i:0))
2022-10-09 13:09:32,804 [grpc-default-executor-0] INFO  impl.VoteContext (VoteContext.java:log(48)) - a45a9974-6347-49ca-aefd-c703a3af3a84@group-61AA8B057572-FOLLOWER: reject ELECTION from 63d7508a-aae7-47e5-91de-7b918a2106c8: our priority 1 > candidate's priority 0
2022-10-09 13:09:32,805 [grpc-default-executor-0] INFO  server.RaftServer$Division (RaftServerImpl.java:setRole(299)) - a45a9974-6347-49ca-aefd-c703a3af3a84@group-61AA8B057572: changes role from  FOLLOWER to FOLLOWER at term 5 for candidate:63d7508a-aae7-47e5-91de-7b918a2106c8
2022-10-09 13:09:32,805 [grpc-default-executor-0] INFO  impl.RoleInfo (RoleInfo.java:shutdownFollowerState(110)) - a45a9974-6347-49ca-aefd-c703a3af3a84: shutdown a45a9974-6347-49ca-aefd-c703a3af3a84@group-61AA8B057572-FollowerState
2022-10-09 13:09:32,805 [grpc-default-executor-0] INFO  impl.RoleInfo (RoleInfo.java:updateAndGet(139)) - a45a9974-6347-49ca-aefd-c703a3af3a84: start a45a9974-6347-49ca-aefd-c703a3af3a84@group-61AA8B057572-FollowerState
2022-10-09 13:09:32,805 [a45a9974-6347-49ca-aefd-c703a3af3a84@group-61AA8B057572-FollowerState] INFO  impl.FollowerState (FollowerState.java:run(152)) - a45a9974-6347-49ca-aefd-c703a3af3a84@group-61AA8B057572-FollowerState was interrupted
2022-10-09 13:09:32,815 [grpc-default-executor-0] INFO  server.RaftServer$Division (RaftServerImpl.java:requestVote(1184)) - a45a9974-6347-49ca-aefd-c703a3af3a84@group-61AA8B057572 replies to ELECTION vote request: 63d7508a-aae7-47e5-91de-7b918a2106c8<-a45a9974-6347-49ca-aefd-c703a3af3a84#0:FAIL-t5. Peer's state: a45a9974-6347-49ca-aefd-c703a3af3a84@group-61AA8B057572:t5, leader=null, voted=null, raftlog=a45a9974-6347-49ca-aefd-c703a3af3a84@group-61AA8B057572-SegmentedRaftLog:OPENED:c-1, conf=-1: [50de1ab3-18a1-452d-b023-0fe1bea95e64|rpc:10.1.0.209:33457|dataStream:|priority:0, a45a9974-6347-49ca-aefd-c703a3af3a84|rpc:10.1.0.209:35151|dataStream:|priority:1, 63d7508a-aae7-47e5-91de-7b918a2106c8|rpc:10.1.0.209:34509|dataStream:|priority:0], old=null
2022-10-09 13:09:32,833 [63d7508a-aae7-47e5-91de-7b918a2106c8@group-61AA8B057572-LeaderElection69] INFO  impl.LeaderElection (LeaderElection.java:logAndReturn(90)) - 63d7508a-aae7-47e5-91de-7b918a2106c8@group-61AA8B057572-LeaderElection69: ELECTION REJECTED received 2 response(s) and 0 exception(s):
2022-10-09 13:09:32,833 [63d7508a-aae7-47e5-91de-7b918a2106c8@group-61AA8B057572-LeaderElection69] INFO  impl.LeaderElection (LeaderElection.java:logAndReturn(94)) -   Response 0: 63d7508a-aae7-47e5-91de-7b918a2106c8<-50de1ab3-18a1-452d-b023-0fe1bea95e64#0:FAIL-t5
2022-10-09 13:09:32,833 [63d7508a-aae7-47e5-91de-7b918a2106c8@group-61AA8B057572-LeaderElection69] INFO  impl.LeaderElection (LeaderElection.java:logAndReturn(94)) -   Response 1: 63d7508a-aae7-47e5-91de-7b918a2106c8<-a45a9974-6347-49ca-aefd-c703a3af3a84#0:FAIL-t5
2022-10-09 13:09:32,833 [63d7508a-aae7-47e5-91de-7b918a2106c8@group-61AA8B057572-LeaderElection69] INFO  impl.LeaderElection (LeaderElection.java:askForVotes(312)) - 63d7508a-aae7-47e5-91de-7b918a2106c8@group-61AA8B057572-LeaderElection69 ELECTION round 0: result REJECTED
2022-10-09 13:09:32,833 [63d7508a-aae7-47e5-91de-7b918a2106c8@group-61AA8B057572-LeaderElection69] INFO  server.RaftServer$Division (RaftServerImpl.java:setRole(299)) - 63d7508a-aae7-47e5-91de-7b918a2106c8@group-61AA8B057572: changes role from CANDIDATE to FOLLOWER at term 5 for REJECTED
2022-10-09 13:09:32,833 [63d7508a-aae7-47e5-91de-7b918a2106c8@group-61AA8B057572-LeaderElection69] INFO  impl.RoleInfo (RoleInfo.java:shutdownLeaderElection(130)) - 63d7508a-aae7-47e5-91de-7b918a2106c8: shutdown 63d7508a-aae7-47e5-91de-7b918a2106c8@group-61AA8B057572-LeaderElection69
2022-10-09 13:09:32,833 [63d7508a-aae7-47e5-91de-7b918a2106c8@group-61AA8B057572-LeaderElection69] INFO  impl.RoleInfo (RoleInfo.java:updateAndGet(139)) - 63d7508a-aae7-47e5-91de-7b918a2106c8: start 63d7508a-aae7-47e5-91de-7b918a2106c8@group-61AA8B057572-FollowerState
]]></system-out>
  </testcase>
  <testcase name="testRenameDestinationParentDoesntExist" classname="TestOzoneFileSystem" time="0.033">
    <system-out><![CDATA[13:04:21.108 [IPC Server handler 3 on default port 37457] ERROR OMAudit - user=runner | ip=127.0.0.1 | op=GET_FILE_STATUS {volume=volume94578, bucket=bucket60014, key=root_dir/b/c, dataSize=0, replicationConfig=null} | ret=FAILURE
org.apache.hadoop.ozone.om.exceptions.OMException: Unable to get file status: volume: volume94578 bucket: bucket60014 key: root_dir/b/c
	at org.apache.hadoop.ozone.om.KeyManagerImpl.getOzoneFileStatus(KeyManagerImpl.java:1270) ~[ozone-manager-1.3.0-SNAPSHOT.jar:?]
	at org.apache.hadoop.ozone.om.KeyManagerImpl.getFileStatus(KeyManagerImpl.java:1200) ~[ozone-manager-1.3.0-SNAPSHOT.jar:?]
	at org.apache.hadoop.ozone.om.OzoneManager.getFileStatus(OzoneManager.java:3507) ~[ozone-manager-1.3.0-SNAPSHOT.jar:?]
	at org.apache.hadoop.ozone.protocolPB.OzoneManagerRequestHandler.getOzoneFileStatus(OzoneManagerRequestHandler.java:882) ~[ozone-manager-1.3.0-SNAPSHOT.jar:?]
	at org.apache.hadoop.ozone.protocolPB.OzoneManagerRequestHandler.handleReadRequest(OzoneManagerRequestHandler.java:228) ~[ozone-manager-1.3.0-SNAPSHOT.jar:?]
	at org.apache.hadoop.ozone.protocolPB.OzoneManagerProtocolServerSideTranslatorPB.submitReadRequestToOM(OzoneManagerProtocolServerSideTranslatorPB.java:226) ~[ozone-manager-1.3.0-SNAPSHOT.jar:?]
	at org.apache.hadoop.ozone.protocolPB.OzoneManagerProtocolServerSideTranslatorPB.processRequest(OzoneManagerProtocolServerSideTranslatorPB.java:175) ~[ozone-manager-1.3.0-SNAPSHOT.jar:?]
	at org.apache.hadoop.hdds.server.OzoneProtocolMessageDispatcher.processRequest(OzoneProtocolMessageDispatcher.java:87) [hdds-server-framework-1.3.0-SNAPSHOT.jar:?]
	at org.apache.hadoop.ozone.protocolPB.OzoneManagerProtocolServerSideTranslatorPB.submitRequest(OzoneManagerProtocolServerSideTranslatorPB.java:147) [ozone-manager-1.3.0-SNAPSHOT.jar:?]
	at org.apache.hadoop.ozone.protocol.proto.OzoneManagerProtocolProtos$OzoneManagerService$2.callBlockingMethod(OzoneManagerProtocolProtos.java) [ozone-interface-client-1.3.0-SNAPSHOT.jar:?]
	at org.apache.hadoop.ipc.ProtobufRpcEngine$Server.processCall(ProtobufRpcEngine.java:466) [hadoop-common-3.3.1.jar:?]
	at org.apache.hadoop.ipc.ProtobufRpcEngine2$Server$ProtoBufRpcInvoker.call(ProtobufRpcEngine2.java:574) [hadoop-common-3.3.1.jar:?]
	at org.apache.hadoop.ipc.ProtobufRpcEngine2$Server$ProtoBufRpcInvoker.call(ProtobufRpcEngine2.java:552) [hadoop-common-3.3.1.jar:?]
	at org.apache.hadoop.ipc.RPC$Server.call(RPC.java:1093) [hadoop-common-3.3.1.jar:?]
	at org.apache.hadoop.ipc.Server$RpcCall.run(Server.java:1035) [hadoop-common-3.3.1.jar:?]
	at org.apache.hadoop.ipc.Server$RpcCall.run(Server.java:963) [hadoop-common-3.3.1.jar:?]
	at java.security.AccessController.doPrivileged(Native Method) ~[?:1.8.0_345]
	at javax.security.auth.Subject.doAs(Subject.java:422) [?:1.8.0_345]
	at org.apache.hadoop.security.UserGroupInformation.doAs(UserGroupInformation.java:1878) [hadoop-common-3.3.1.jar:?]
	at org.apache.hadoop.ipc.Server$Handler.run(Server.java:2966) [hadoop-common-3.3.1.jar:?]
2022-10-09 13:04:21,109 [Time-limited test] WARN  ozone.BasicOzoneFileSystem (BasicOzoneFileSystem.java:getFileStatus(765)) - GetFileStatus failed for path o3fs://bucket60014.volume94578/root_dir/b/c
java.io.FileNotFoundException: root_dir/b/c: No such file or directory!
	at org.apache.hadoop.fs.ozone.BasicOzoneClientAdapterImpl.getFileStatus(BasicOzoneClientAdapterImpl.java:369)
	at org.apache.hadoop.fs.ozone.BasicOzoneFileSystem.getFileStatus(BasicOzoneFileSystem.java:757)
	at org.apache.hadoop.fs.ozone.BasicOzoneFileSystem.rename(BasicOzoneFileSystem.java:357)
	at org.apache.hadoop.fs.ozone.TestOzoneFileSystem.testRenameDestinationParentDoesntExist(TestOzoneFileSystem.java:1291)
	at sun.reflect.NativeMethodAccessorImpl.invoke0(Native Method)
	at sun.reflect.NativeMethodAccessorImpl.invoke(NativeMethodAccessorImpl.java:62)
	at sun.reflect.DelegatingMethodAccessorImpl.invoke(DelegatingMethodAccessorImpl.java:43)
	at java.lang.reflect.Method.invoke(Method.java:498)
	at org.junit.runners.model.FrameworkMethod$1.runReflectiveCall(FrameworkMethod.java:59)
	at org.junit.internal.runners.model.ReflectiveCallable.run(ReflectiveCallable.java:12)
	at org.junit.runners.model.FrameworkMethod.invokeExplosively(FrameworkMethod.java:56)
	at org.junit.internal.runners.statements.InvokeMethod.evaluate(InvokeMethod.java:17)
	at org.junit.internal.runners.statements.RunAfters.evaluate(RunAfters.java:27)
	at org.junit.internal.runners.statements.FailOnTimeout$CallableStatement.call(FailOnTimeout.java:288)
	at org.junit.internal.runners.statements.FailOnTimeout$CallableStatement.call(FailOnTimeout.java:282)
	at java.util.concurrent.FutureTask.run(FutureTask.java:266)
	at java.lang.Thread.run(Thread.java:750)
13:04:21.110 [IPC Server handler 5 on default port 37457] ERROR OMAudit - user=runner | ip=127.0.0.1 | op=GET_FILE_STATUS {volume=volume94578, bucket=bucket60014, key=root_dir/b, dataSize=0, replicationConfig=null} | ret=FAILURE
org.apache.hadoop.ozone.om.exceptions.OMException: Unable to get file status: volume: volume94578 bucket: bucket60014 key: root_dir/b
	at org.apache.hadoop.ozone.om.KeyManagerImpl.getOzoneFileStatus(KeyManagerImpl.java:1270) ~[ozone-manager-1.3.0-SNAPSHOT.jar:?]
	at org.apache.hadoop.ozone.om.KeyManagerImpl.getFileStatus(KeyManagerImpl.java:1200) ~[ozone-manager-1.3.0-SNAPSHOT.jar:?]
	at org.apache.hadoop.ozone.om.OzoneManager.getFileStatus(OzoneManager.java:3507) ~[ozone-manager-1.3.0-SNAPSHOT.jar:?]
	at org.apache.hadoop.ozone.protocolPB.OzoneManagerRequestHandler.getOzoneFileStatus(OzoneManagerRequestHandler.java:882) ~[ozone-manager-1.3.0-SNAPSHOT.jar:?]
	at org.apache.hadoop.ozone.protocolPB.OzoneManagerRequestHandler.handleReadRequest(OzoneManagerRequestHandler.java:228) ~[ozone-manager-1.3.0-SNAPSHOT.jar:?]
	at org.apache.hadoop.ozone.protocolPB.OzoneManagerProtocolServerSideTranslatorPB.submitReadRequestToOM(OzoneManagerProtocolServerSideTranslatorPB.java:226) ~[ozone-manager-1.3.0-SNAPSHOT.jar:?]
	at org.apache.hadoop.ozone.protocolPB.OzoneManagerProtocolServerSideTranslatorPB.processRequest(OzoneManagerProtocolServerSideTranslatorPB.java:175) ~[ozone-manager-1.3.0-SNAPSHOT.jar:?]
	at org.apache.hadoop.hdds.server.OzoneProtocolMessageDispatcher.processRequest(OzoneProtocolMessageDispatcher.java:87) [hdds-server-framework-1.3.0-SNAPSHOT.jar:?]
	at org.apache.hadoop.ozone.protocolPB.OzoneManagerProtocolServerSideTranslatorPB.submitRequest(OzoneManagerProtocolServerSideTranslatorPB.java:147) [ozone-manager-1.3.0-SNAPSHOT.jar:?]
	at org.apache.hadoop.ozone.protocol.proto.OzoneManagerProtocolProtos$OzoneManagerService$2.callBlockingMethod(OzoneManagerProtocolProtos.java) [ozone-interface-client-1.3.0-SNAPSHOT.jar:?]
	at org.apache.hadoop.ipc.ProtobufRpcEngine$Server.processCall(ProtobufRpcEngine.java:466) [hadoop-common-3.3.1.jar:?]
	at org.apache.hadoop.ipc.ProtobufRpcEngine2$Server$ProtoBufRpcInvoker.call(ProtobufRpcEngine2.java:574) [hadoop-common-3.3.1.jar:?]
	at org.apache.hadoop.ipc.ProtobufRpcEngine2$Server$ProtoBufRpcInvoker.call(ProtobufRpcEngine2.java:552) [hadoop-common-3.3.1.jar:?]
	at org.apache.hadoop.ipc.RPC$Server.call(RPC.java:1093) [hadoop-common-3.3.1.jar:?]
	at org.apache.hadoop.ipc.Server$RpcCall.run(Server.java:1035) [hadoop-common-3.3.1.jar:?]
	at org.apache.hadoop.ipc.Server$RpcCall.run(Server.java:963) [hadoop-common-3.3.1.jar:?]
	at java.security.AccessController.doPrivileged(Native Method) ~[?:1.8.0_345]
	at javax.security.auth.Subject.doAs(Subject.java:422) [?:1.8.0_345]
	at org.apache.hadoop.security.UserGroupInformation.doAs(UserGroupInformation.java:1878) [hadoop-common-3.3.1.jar:?]
	at org.apache.hadoop.ipc.Server$Handler.run(Server.java:2966) [hadoop-common-3.3.1.jar:?]
2022-10-09 13:04:21,110 [Time-limited test] WARN  ozone.BasicOzoneFileSystem (BasicOzoneFileSystem.java:getFileStatus(765)) - GetFileStatus failed for path o3fs://bucket60014.volume94578/root_dir/b
java.io.FileNotFoundException: root_dir/b: No such file or directory!
	at org.apache.hadoop.fs.ozone.BasicOzoneClientAdapterImpl.getFileStatus(BasicOzoneClientAdapterImpl.java:369)
	at org.apache.hadoop.fs.ozone.BasicOzoneFileSystem.getFileStatus(BasicOzoneFileSystem.java:757)
	at org.apache.hadoop.fs.ozone.BasicOzoneFileSystem.rename(BasicOzoneFileSystem.java:365)
	at org.apache.hadoop.fs.ozone.TestOzoneFileSystem.testRenameDestinationParentDoesntExist(TestOzoneFileSystem.java:1291)
	at sun.reflect.NativeMethodAccessorImpl.invoke0(Native Method)
	at sun.reflect.NativeMethodAccessorImpl.invoke(NativeMethodAccessorImpl.java:62)
	at sun.reflect.DelegatingMethodAccessorImpl.invoke(DelegatingMethodAccessorImpl.java:43)
	at java.lang.reflect.Method.invoke(Method.java:498)
	at org.junit.runners.model.FrameworkMethod$1.runReflectiveCall(FrameworkMethod.java:59)
	at org.junit.internal.runners.model.ReflectiveCallable.run(ReflectiveCallable.java:12)
	at org.junit.runners.model.FrameworkMethod.invokeExplosively(FrameworkMethod.java:56)
	at org.junit.internal.runners.statements.InvokeMethod.evaluate(InvokeMethod.java:17)
	at org.junit.internal.runners.statements.RunAfters.evaluate(RunAfters.java:27)
	at org.junit.internal.runners.statements.FailOnTimeout$CallableStatement.call(FailOnTimeout.java:288)
	at org.junit.internal.runners.statements.FailOnTimeout$CallableStatement.call(FailOnTimeout.java:282)
	at java.util.concurrent.FutureTask.run(FutureTask.java:266)
	at java.lang.Thread.run(Thread.java:750)
13:04:21.122 [IPC Server handler 6 on default port 37457] ERROR OMAudit - user=runner | ip=127.0.0.1 | op=GET_FILE_STATUS {volume=volume94578, bucket=bucket60014, key=root_dir/file1/c, dataSize=0, replicationConfig=null} | ret=FAILURE
org.apache.hadoop.ozone.om.exceptions.OMException: Unable to get file status: volume: volume94578 bucket: bucket60014 key: root_dir/file1/c
	at org.apache.hadoop.ozone.om.KeyManagerImpl.getOzoneFileStatus(KeyManagerImpl.java:1270) ~[ozone-manager-1.3.0-SNAPSHOT.jar:?]
	at org.apache.hadoop.ozone.om.KeyManagerImpl.getFileStatus(KeyManagerImpl.java:1200) ~[ozone-manager-1.3.0-SNAPSHOT.jar:?]
	at org.apache.hadoop.ozone.om.OzoneManager.getFileStatus(OzoneManager.java:3507) ~[ozone-manager-1.3.0-SNAPSHOT.jar:?]
	at org.apache.hadoop.ozone.protocolPB.OzoneManagerRequestHandler.getOzoneFileStatus(OzoneManagerRequestHandler.java:882) ~[ozone-manager-1.3.0-SNAPSHOT.jar:?]
	at org.apache.hadoop.ozone.protocolPB.OzoneManagerRequestHandler.handleReadRequest(OzoneManagerRequestHandler.java:228) ~[ozone-manager-1.3.0-SNAPSHOT.jar:?]
	at org.apache.hadoop.ozone.protocolPB.OzoneManagerProtocolServerSideTranslatorPB.submitReadRequestToOM(OzoneManagerProtocolServerSideTranslatorPB.java:226) ~[ozone-manager-1.3.0-SNAPSHOT.jar:?]
	at org.apache.hadoop.ozone.protocolPB.OzoneManagerProtocolServerSideTranslatorPB.processRequest(OzoneManagerProtocolServerSideTranslatorPB.java:175) ~[ozone-manager-1.3.0-SNAPSHOT.jar:?]
	at org.apache.hadoop.hdds.server.OzoneProtocolMessageDispatcher.processRequest(OzoneProtocolMessageDispatcher.java:87) [hdds-server-framework-1.3.0-SNAPSHOT.jar:?]
	at org.apache.hadoop.ozone.protocolPB.OzoneManagerProtocolServerSideTranslatorPB.submitRequest(OzoneManagerProtocolServerSideTranslatorPB.java:147) [ozone-manager-1.3.0-SNAPSHOT.jar:?]
	at org.apache.hadoop.ozone.protocol.proto.OzoneManagerProtocolProtos$OzoneManagerService$2.callBlockingMethod(OzoneManagerProtocolProtos.java) [ozone-interface-client-1.3.0-SNAPSHOT.jar:?]
	at org.apache.hadoop.ipc.ProtobufRpcEngine$Server.processCall(ProtobufRpcEngine.java:466) [hadoop-common-3.3.1.jar:?]
	at org.apache.hadoop.ipc.ProtobufRpcEngine2$Server$ProtoBufRpcInvoker.call(ProtobufRpcEngine2.java:574) [hadoop-common-3.3.1.jar:?]
	at org.apache.hadoop.ipc.ProtobufRpcEngine2$Server$ProtoBufRpcInvoker.call(ProtobufRpcEngine2.java:552) [hadoop-common-3.3.1.jar:?]
	at org.apache.hadoop.ipc.RPC$Server.call(RPC.java:1093) [hadoop-common-3.3.1.jar:?]
	at org.apache.hadoop.ipc.Server$RpcCall.run(Server.java:1035) [hadoop-common-3.3.1.jar:?]
	at org.apache.hadoop.ipc.Server$RpcCall.run(Server.java:963) [hadoop-common-3.3.1.jar:?]
	at java.security.AccessController.doPrivileged(Native Method) ~[?:1.8.0_345]
	at javax.security.auth.Subject.doAs(Subject.java:422) [?:1.8.0_345]
	at org.apache.hadoop.security.UserGroupInformation.doAs(UserGroupInformation.java:1878) [hadoop-common-3.3.1.jar:?]
	at org.apache.hadoop.ipc.Server$Handler.run(Server.java:2966) [hadoop-common-3.3.1.jar:?]
2022-10-09 13:04:21,122 [Time-limited test] WARN  ozone.BasicOzoneFileSystem (BasicOzoneFileSystem.java:getFileStatus(765)) - GetFileStatus failed for path o3fs://bucket60014.volume94578/root_dir/file1/c
java.io.FileNotFoundException: root_dir/file1/c: No such file or directory!
	at org.apache.hadoop.fs.ozone.BasicOzoneClientAdapterImpl.getFileStatus(BasicOzoneClientAdapterImpl.java:369)
	at org.apache.hadoop.fs.ozone.BasicOzoneFileSystem.getFileStatus(BasicOzoneFileSystem.java:757)
	at org.apache.hadoop.fs.ozone.BasicOzoneFileSystem.rename(BasicOzoneFileSystem.java:357)
	at org.apache.hadoop.fs.ozone.TestOzoneFileSystem.testRenameDestinationParentDoesntExist(TestOzoneFileSystem.java:1303)
	at sun.reflect.NativeMethodAccessorImpl.invoke0(Native Method)
	at sun.reflect.NativeMethodAccessorImpl.invoke(NativeMethodAccessorImpl.java:62)
	at sun.reflect.DelegatingMethodAccessorImpl.invoke(DelegatingMethodAccessorImpl.java:43)
	at java.lang.reflect.Method.invoke(Method.java:498)
	at org.junit.runners.model.FrameworkMethod$1.runReflectiveCall(FrameworkMethod.java:59)
	at org.junit.internal.runners.model.ReflectiveCallable.run(ReflectiveCallable.java:12)
	at org.junit.runners.model.FrameworkMethod.invokeExplosively(FrameworkMethod.java:56)
	at org.junit.internal.runners.statements.InvokeMethod.evaluate(InvokeMethod.java:17)
	at org.junit.internal.runners.statements.RunAfters.evaluate(RunAfters.java:27)
	at org.junit.internal.runners.statements.FailOnTimeout$CallableStatement.call(FailOnTimeout.java:288)
	at org.junit.internal.runners.statements.FailOnTimeout$CallableStatement.call(FailOnTimeout.java:282)
	at java.util.concurrent.FutureTask.run(FutureTask.java:266)
	at java.lang.Thread.run(Thread.java:750)
]]></system-out>
  </testcase>
  <testcase name="testRenameDestinationParentDoesntExist" classname="TestOzoneFileSystem" time="0.038">
    <system-out><![CDATA[13:05:57.501 [IPC Server handler 18 on default port 44209] ERROR OMAudit - user=runner | ip=127.0.0.1 | op=GET_FILE_STATUS {volume=volume66281, bucket=bucket85504, key=root_dir/b/c, dataSize=0, replicationConfig=null} | ret=FAILURE
org.apache.hadoop.ozone.om.exceptions.OMException: Unable to get file status: volume: volume66281 bucket: bucket85504 key: root_dir/b/c
	at org.apache.hadoop.ozone.om.KeyManagerImpl.getOzoneFileStatus(KeyManagerImpl.java:1270) ~[ozone-manager-1.3.0-SNAPSHOT.jar:?]
	at org.apache.hadoop.ozone.om.KeyManagerImpl.getFileStatus(KeyManagerImpl.java:1200) ~[ozone-manager-1.3.0-SNAPSHOT.jar:?]
	at org.apache.hadoop.ozone.om.OzoneManager.getFileStatus(OzoneManager.java:3507) ~[ozone-manager-1.3.0-SNAPSHOT.jar:?]
	at org.apache.hadoop.ozone.protocolPB.OzoneManagerRequestHandler.getOzoneFileStatus(OzoneManagerRequestHandler.java:882) ~[ozone-manager-1.3.0-SNAPSHOT.jar:?]
	at org.apache.hadoop.ozone.protocolPB.OzoneManagerRequestHandler.handleReadRequest(OzoneManagerRequestHandler.java:228) ~[ozone-manager-1.3.0-SNAPSHOT.jar:?]
	at org.apache.hadoop.ozone.protocolPB.OzoneManagerProtocolServerSideTranslatorPB.submitRequestDirectlyToOM(OzoneManagerProtocolServerSideTranslatorPB.java:276) ~[ozone-manager-1.3.0-SNAPSHOT.jar:?]
	at org.apache.hadoop.ozone.protocolPB.OzoneManagerProtocolServerSideTranslatorPB.processRequest(OzoneManagerProtocolServerSideTranslatorPB.java:205) ~[ozone-manager-1.3.0-SNAPSHOT.jar:?]
	at org.apache.hadoop.hdds.server.OzoneProtocolMessageDispatcher.processRequest(OzoneProtocolMessageDispatcher.java:87) [hdds-server-framework-1.3.0-SNAPSHOT.jar:?]
	at org.apache.hadoop.ozone.protocolPB.OzoneManagerProtocolServerSideTranslatorPB.submitRequest(OzoneManagerProtocolServerSideTranslatorPB.java:147) [ozone-manager-1.3.0-SNAPSHOT.jar:?]
	at org.apache.hadoop.ozone.protocol.proto.OzoneManagerProtocolProtos$OzoneManagerService$2.callBlockingMethod(OzoneManagerProtocolProtos.java) [ozone-interface-client-1.3.0-SNAPSHOT.jar:?]
	at org.apache.hadoop.ipc.ProtobufRpcEngine$Server.processCall(ProtobufRpcEngine.java:466) [hadoop-common-3.3.1.jar:?]
	at org.apache.hadoop.ipc.ProtobufRpcEngine2$Server$ProtoBufRpcInvoker.call(ProtobufRpcEngine2.java:574) [hadoop-common-3.3.1.jar:?]
	at org.apache.hadoop.ipc.ProtobufRpcEngine2$Server$ProtoBufRpcInvoker.call(ProtobufRpcEngine2.java:552) [hadoop-common-3.3.1.jar:?]
	at org.apache.hadoop.ipc.RPC$Server.call(RPC.java:1093) [hadoop-common-3.3.1.jar:?]
	at org.apache.hadoop.ipc.Server$RpcCall.run(Server.java:1035) [hadoop-common-3.3.1.jar:?]
	at org.apache.hadoop.ipc.Server$RpcCall.run(Server.java:963) [hadoop-common-3.3.1.jar:?]
	at java.security.AccessController.doPrivileged(Native Method) ~[?:1.8.0_345]
	at javax.security.auth.Subject.doAs(Subject.java:422) [?:1.8.0_345]
	at org.apache.hadoop.security.UserGroupInformation.doAs(UserGroupInformation.java:1878) [hadoop-common-3.3.1.jar:?]
	at org.apache.hadoop.ipc.Server$Handler.run(Server.java:2966) [hadoop-common-3.3.1.jar:?]
2022-10-09 13:05:57,502 [Time-limited test] WARN  ozone.BasicOzoneFileSystem (BasicOzoneFileSystem.java:getFileStatus(765)) - GetFileStatus failed for path o3fs://bucket85504.volume66281/root_dir/b/c
java.io.FileNotFoundException: root_dir/b/c: No such file or directory!
	at org.apache.hadoop.fs.ozone.BasicOzoneClientAdapterImpl.getFileStatus(BasicOzoneClientAdapterImpl.java:369)
	at org.apache.hadoop.fs.ozone.BasicOzoneFileSystem.getFileStatus(BasicOzoneFileSystem.java:757)
	at org.apache.hadoop.fs.ozone.BasicOzoneFileSystem.rename(BasicOzoneFileSystem.java:357)
	at org.apache.hadoop.fs.ozone.TestOzoneFileSystem.testRenameDestinationParentDoesntExist(TestOzoneFileSystem.java:1291)
	at sun.reflect.NativeMethodAccessorImpl.invoke0(Native Method)
	at sun.reflect.NativeMethodAccessorImpl.invoke(NativeMethodAccessorImpl.java:62)
	at sun.reflect.DelegatingMethodAccessorImpl.invoke(DelegatingMethodAccessorImpl.java:43)
	at java.lang.reflect.Method.invoke(Method.java:498)
	at org.junit.runners.model.FrameworkMethod$1.runReflectiveCall(FrameworkMethod.java:59)
	at org.junit.internal.runners.model.ReflectiveCallable.run(ReflectiveCallable.java:12)
	at org.junit.runners.model.FrameworkMethod.invokeExplosively(FrameworkMethod.java:56)
	at org.junit.internal.runners.statements.InvokeMethod.evaluate(InvokeMethod.java:17)
	at org.junit.internal.runners.statements.RunAfters.evaluate(RunAfters.java:27)
	at org.junit.internal.runners.statements.FailOnTimeout$CallableStatement.call(FailOnTimeout.java:288)
	at org.junit.internal.runners.statements.FailOnTimeout$CallableStatement.call(FailOnTimeout.java:282)
	at java.util.concurrent.FutureTask.run(FutureTask.java:266)
	at java.lang.Thread.run(Thread.java:750)
13:05:57.502 [IPC Server handler 9 on default port 44209] ERROR OMAudit - user=runner | ip=127.0.0.1 | op=GET_FILE_STATUS {volume=volume66281, bucket=bucket85504, key=root_dir/b, dataSize=0, replicationConfig=null} | ret=FAILURE
org.apache.hadoop.ozone.om.exceptions.OMException: Unable to get file status: volume: volume66281 bucket: bucket85504 key: root_dir/b
	at org.apache.hadoop.ozone.om.KeyManagerImpl.getOzoneFileStatus(KeyManagerImpl.java:1270) ~[ozone-manager-1.3.0-SNAPSHOT.jar:?]
	at org.apache.hadoop.ozone.om.KeyManagerImpl.getFileStatus(KeyManagerImpl.java:1200) ~[ozone-manager-1.3.0-SNAPSHOT.jar:?]
	at org.apache.hadoop.ozone.om.OzoneManager.getFileStatus(OzoneManager.java:3507) ~[ozone-manager-1.3.0-SNAPSHOT.jar:?]
	at org.apache.hadoop.ozone.protocolPB.OzoneManagerRequestHandler.getOzoneFileStatus(OzoneManagerRequestHandler.java:882) ~[ozone-manager-1.3.0-SNAPSHOT.jar:?]
	at org.apache.hadoop.ozone.protocolPB.OzoneManagerRequestHandler.handleReadRequest(OzoneManagerRequestHandler.java:228) ~[ozone-manager-1.3.0-SNAPSHOT.jar:?]
	at org.apache.hadoop.ozone.protocolPB.OzoneManagerProtocolServerSideTranslatorPB.submitRequestDirectlyToOM(OzoneManagerProtocolServerSideTranslatorPB.java:276) ~[ozone-manager-1.3.0-SNAPSHOT.jar:?]
	at org.apache.hadoop.ozone.protocolPB.OzoneManagerProtocolServerSideTranslatorPB.processRequest(OzoneManagerProtocolServerSideTranslatorPB.java:205) ~[ozone-manager-1.3.0-SNAPSHOT.jar:?]
	at org.apache.hadoop.hdds.server.OzoneProtocolMessageDispatcher.processRequest(OzoneProtocolMessageDispatcher.java:87) [hdds-server-framework-1.3.0-SNAPSHOT.jar:?]
	at org.apache.hadoop.ozone.protocolPB.OzoneManagerProtocolServerSideTranslatorPB.submitRequest(OzoneManagerProtocolServerSideTranslatorPB.java:147) [ozone-manager-1.3.0-SNAPSHOT.jar:?]
	at org.apache.hadoop.ozone.protocol.proto.OzoneManagerProtocolProtos$OzoneManagerService$2.callBlockingMethod(OzoneManagerProtocolProtos.java) [ozone-interface-client-1.3.0-SNAPSHOT.jar:?]
	at org.apache.hadoop.ipc.ProtobufRpcEngine$Server.processCall(ProtobufRpcEngine.java:466) [hadoop-common-3.3.1.jar:?]
	at org.apache.hadoop.ipc.ProtobufRpcEngine2$Server$ProtoBufRpcInvoker.call(ProtobufRpcEngine2.java:574) [hadoop-common-3.3.1.jar:?]
	at org.apache.hadoop.ipc.ProtobufRpcEngine2$Server$ProtoBufRpcInvoker.call(ProtobufRpcEngine2.java:552) [hadoop-common-3.3.1.jar:?]
	at org.apache.hadoop.ipc.RPC$Server.call(RPC.java:1093) [hadoop-common-3.3.1.jar:?]
	at org.apache.hadoop.ipc.Server$RpcCall.run(Server.java:1035) [hadoop-common-3.3.1.jar:?]
	at org.apache.hadoop.ipc.Server$RpcCall.run(Server.java:963) [hadoop-common-3.3.1.jar:?]
	at java.security.AccessController.doPrivileged(Native Method) ~[?:1.8.0_345]
	at javax.security.auth.Subject.doAs(Subject.java:422) [?:1.8.0_345]
	at org.apache.hadoop.security.UserGroupInformation.doAs(UserGroupInformation.java:1878) [hadoop-common-3.3.1.jar:?]
	at org.apache.hadoop.ipc.Server$Handler.run(Server.java:2966) [hadoop-common-3.3.1.jar:?]
2022-10-09 13:05:57,505 [Time-limited test] WARN  ozone.BasicOzoneFileSystem (BasicOzoneFileSystem.java:getFileStatus(765)) - GetFileStatus failed for path o3fs://bucket85504.volume66281/root_dir/b
java.io.FileNotFoundException: root_dir/b: No such file or directory!
	at org.apache.hadoop.fs.ozone.BasicOzoneClientAdapterImpl.getFileStatus(BasicOzoneClientAdapterImpl.java:369)
	at org.apache.hadoop.fs.ozone.BasicOzoneFileSystem.getFileStatus(BasicOzoneFileSystem.java:757)
	at org.apache.hadoop.fs.ozone.BasicOzoneFileSystem.rename(BasicOzoneFileSystem.java:365)
	at org.apache.hadoop.fs.ozone.TestOzoneFileSystem.testRenameDestinationParentDoesntExist(TestOzoneFileSystem.java:1291)
	at sun.reflect.NativeMethodAccessorImpl.invoke0(Native Method)
	at sun.reflect.NativeMethodAccessorImpl.invoke(NativeMethodAccessorImpl.java:62)
	at sun.reflect.DelegatingMethodAccessorImpl.invoke(DelegatingMethodAccessorImpl.java:43)
	at java.lang.reflect.Method.invoke(Method.java:498)
	at org.junit.runners.model.FrameworkMethod$1.runReflectiveCall(FrameworkMethod.java:59)
	at org.junit.internal.runners.model.ReflectiveCallable.run(ReflectiveCallable.java:12)
	at org.junit.runners.model.FrameworkMethod.invokeExplosively(FrameworkMethod.java:56)
	at org.junit.internal.runners.statements.InvokeMethod.evaluate(InvokeMethod.java:17)
	at org.junit.internal.runners.statements.RunAfters.evaluate(RunAfters.java:27)
	at org.junit.internal.runners.statements.FailOnTimeout$CallableStatement.call(FailOnTimeout.java:288)
	at org.junit.internal.runners.statements.FailOnTimeout$CallableStatement.call(FailOnTimeout.java:282)
	at java.util.concurrent.FutureTask.run(FutureTask.java:266)
	at java.lang.Thread.run(Thread.java:750)
13:05:57.514 [IPC Server handler 6 on default port 44209] ERROR OMAudit - user=runner | ip=127.0.0.1 | op=GET_FILE_STATUS {volume=volume66281, bucket=bucket85504, key=root_dir/file1/c, dataSize=0, replicationConfig=null} | ret=FAILURE
org.apache.hadoop.ozone.om.exceptions.OMException: Unable to get file status: volume: volume66281 bucket: bucket85504 key: root_dir/file1/c
	at org.apache.hadoop.ozone.om.KeyManagerImpl.getOzoneFileStatus(KeyManagerImpl.java:1270) ~[ozone-manager-1.3.0-SNAPSHOT.jar:?]
	at org.apache.hadoop.ozone.om.KeyManagerImpl.getFileStatus(KeyManagerImpl.java:1200) ~[ozone-manager-1.3.0-SNAPSHOT.jar:?]
	at org.apache.hadoop.ozone.om.OzoneManager.getFileStatus(OzoneManager.java:3507) ~[ozone-manager-1.3.0-SNAPSHOT.jar:?]
	at org.apache.hadoop.ozone.protocolPB.OzoneManagerRequestHandler.getOzoneFileStatus(OzoneManagerRequestHandler.java:882) ~[ozone-manager-1.3.0-SNAPSHOT.jar:?]
	at org.apache.hadoop.ozone.protocolPB.OzoneManagerRequestHandler.handleReadRequest(OzoneManagerRequestHandler.java:228) ~[ozone-manager-1.3.0-SNAPSHOT.jar:?]
	at org.apache.hadoop.ozone.protocolPB.OzoneManagerProtocolServerSideTranslatorPB.submitRequestDirectlyToOM(OzoneManagerProtocolServerSideTranslatorPB.java:276) ~[ozone-manager-1.3.0-SNAPSHOT.jar:?]
	at org.apache.hadoop.ozone.protocolPB.OzoneManagerProtocolServerSideTranslatorPB.processRequest(OzoneManagerProtocolServerSideTranslatorPB.java:205) ~[ozone-manager-1.3.0-SNAPSHOT.jar:?]
	at org.apache.hadoop.hdds.server.OzoneProtocolMessageDispatcher.processRequest(OzoneProtocolMessageDispatcher.java:87) [hdds-server-framework-1.3.0-SNAPSHOT.jar:?]
	at org.apache.hadoop.ozone.protocolPB.OzoneManagerProtocolServerSideTranslatorPB.submitRequest(OzoneManagerProtocolServerSideTranslatorPB.java:147) [ozone-manager-1.3.0-SNAPSHOT.jar:?]
	at org.apache.hadoop.ozone.protocol.proto.OzoneManagerProtocolProtos$OzoneManagerService$2.callBlockingMethod(OzoneManagerProtocolProtos.java) [ozone-interface-client-1.3.0-SNAPSHOT.jar:?]
	at org.apache.hadoop.ipc.ProtobufRpcEngine$Server.processCall(ProtobufRpcEngine.java:466) [hadoop-common-3.3.1.jar:?]
	at org.apache.hadoop.ipc.ProtobufRpcEngine2$Server$ProtoBufRpcInvoker.call(ProtobufRpcEngine2.java:574) [hadoop-common-3.3.1.jar:?]
	at org.apache.hadoop.ipc.ProtobufRpcEngine2$Server$ProtoBufRpcInvoker.call(ProtobufRpcEngine2.java:552) [hadoop-common-3.3.1.jar:?]
	at org.apache.hadoop.ipc.RPC$Server.call(RPC.java:1093) [hadoop-common-3.3.1.jar:?]
	at org.apache.hadoop.ipc.Server$RpcCall.run(Server.java:1035) [hadoop-common-3.3.1.jar:?]
	at org.apache.hadoop.ipc.Server$RpcCall.run(Server.java:963) [hadoop-common-3.3.1.jar:?]
	at java.security.AccessController.doPrivileged(Native Method) ~[?:1.8.0_345]
	at javax.security.auth.Subject.doAs(Subject.java:422) [?:1.8.0_345]
	at org.apache.hadoop.security.UserGroupInformation.doAs(UserGroupInformation.java:1878) [hadoop-common-3.3.1.jar:?]
	at org.apache.hadoop.ipc.Server$Handler.run(Server.java:2966) [hadoop-common-3.3.1.jar:?]
2022-10-09 13:05:57,514 [Time-limited test] WARN  ozone.BasicOzoneFileSystem (BasicOzoneFileSystem.java:getFileStatus(765)) - GetFileStatus failed for path o3fs://bucket85504.volume66281/root_dir/file1/c
java.io.FileNotFoundException: root_dir/file1/c: No such file or directory!
	at org.apache.hadoop.fs.ozone.BasicOzoneClientAdapterImpl.getFileStatus(BasicOzoneClientAdapterImpl.java:369)
	at org.apache.hadoop.fs.ozone.BasicOzoneFileSystem.getFileStatus(BasicOzoneFileSystem.java:757)
	at org.apache.hadoop.fs.ozone.BasicOzoneFileSystem.rename(BasicOzoneFileSystem.java:357)
	at org.apache.hadoop.fs.ozone.TestOzoneFileSystem.testRenameDestinationParentDoesntExist(TestOzoneFileSystem.java:1303)
	at sun.reflect.NativeMethodAccessorImpl.invoke0(Native Method)
	at sun.reflect.NativeMethodAccessorImpl.invoke(NativeMethodAccessorImpl.java:62)
	at sun.reflect.DelegatingMethodAccessorImpl.invoke(DelegatingMethodAccessorImpl.java:43)
	at java.lang.reflect.Method.invoke(Method.java:498)
	at org.junit.runners.model.FrameworkMethod$1.runReflectiveCall(FrameworkMethod.java:59)
	at org.junit.internal.runners.model.ReflectiveCallable.run(ReflectiveCallable.java:12)
	at org.junit.runners.model.FrameworkMethod.invokeExplosively(FrameworkMethod.java:56)
	at org.junit.internal.runners.statements.InvokeMethod.evaluate(InvokeMethod.java:17)
	at org.junit.internal.runners.statements.RunAfters.evaluate(RunAfters.java:27)
	at org.junit.internal.runners.statements.FailOnTimeout$CallableStatement.call(FailOnTimeout.java:288)
	at org.junit.internal.runners.statements.FailOnTimeout$CallableStatement.call(FailOnTimeout.java:282)
	at java.util.concurrent.FutureTask.run(FutureTask.java:266)
	at java.lang.Thread.run(Thread.java:750)
]]></system-out>
  </testcase>
  <testcase name="testRenameDestinationParentDoesntExist" classname="TestOzoneFileSystem" time="0.069">
    <system-out><![CDATA[13:07:27.084 [IPC Server handler 8 on default port 33359] ERROR OMAudit - user=runner | ip=127.0.0.1 | op=GET_FILE_STATUS {volume=volume52841, bucket=bucket11878, key=root_dir/b/c, dataSize=0, replicationConfig=null} | ret=FAILURE
org.apache.hadoop.ozone.om.exceptions.OMException: Unable to get file status: volume: volume52841 bucket: bucket11878 key: root_dir/b/c
	at org.apache.hadoop.ozone.om.KeyManagerImpl.getOzoneFileStatus(KeyManagerImpl.java:1270) ~[ozone-manager-1.3.0-SNAPSHOT.jar:?]
	at org.apache.hadoop.ozone.om.KeyManagerImpl.getFileStatus(KeyManagerImpl.java:1200) ~[ozone-manager-1.3.0-SNAPSHOT.jar:?]
	at org.apache.hadoop.ozone.om.OzoneManager.getFileStatus(OzoneManager.java:3507) ~[ozone-manager-1.3.0-SNAPSHOT.jar:?]
	at org.apache.hadoop.ozone.protocolPB.OzoneManagerRequestHandler.getOzoneFileStatus(OzoneManagerRequestHandler.java:882) ~[ozone-manager-1.3.0-SNAPSHOT.jar:?]
	at org.apache.hadoop.ozone.protocolPB.OzoneManagerRequestHandler.handleReadRequest(OzoneManagerRequestHandler.java:228) ~[ozone-manager-1.3.0-SNAPSHOT.jar:?]
	at org.apache.hadoop.ozone.protocolPB.OzoneManagerProtocolServerSideTranslatorPB.submitReadRequestToOM(OzoneManagerProtocolServerSideTranslatorPB.java:226) ~[ozone-manager-1.3.0-SNAPSHOT.jar:?]
	at org.apache.hadoop.ozone.protocolPB.OzoneManagerProtocolServerSideTranslatorPB.processRequest(OzoneManagerProtocolServerSideTranslatorPB.java:175) ~[ozone-manager-1.3.0-SNAPSHOT.jar:?]
	at org.apache.hadoop.hdds.server.OzoneProtocolMessageDispatcher.processRequest(OzoneProtocolMessageDispatcher.java:87) [hdds-server-framework-1.3.0-SNAPSHOT.jar:?]
	at org.apache.hadoop.ozone.protocolPB.OzoneManagerProtocolServerSideTranslatorPB.submitRequest(OzoneManagerProtocolServerSideTranslatorPB.java:147) [ozone-manager-1.3.0-SNAPSHOT.jar:?]
	at org.apache.hadoop.ozone.protocol.proto.OzoneManagerProtocolProtos$OzoneManagerService$2.callBlockingMethod(OzoneManagerProtocolProtos.java) [ozone-interface-client-1.3.0-SNAPSHOT.jar:?]
	at org.apache.hadoop.ipc.ProtobufRpcEngine$Server.processCall(ProtobufRpcEngine.java:466) [hadoop-common-3.3.1.jar:?]
	at org.apache.hadoop.ipc.ProtobufRpcEngine2$Server$ProtoBufRpcInvoker.call(ProtobufRpcEngine2.java:574) [hadoop-common-3.3.1.jar:?]
	at org.apache.hadoop.ipc.ProtobufRpcEngine2$Server$ProtoBufRpcInvoker.call(ProtobufRpcEngine2.java:552) [hadoop-common-3.3.1.jar:?]
	at org.apache.hadoop.ipc.RPC$Server.call(RPC.java:1093) [hadoop-common-3.3.1.jar:?]
	at org.apache.hadoop.ipc.Server$RpcCall.run(Server.java:1035) [hadoop-common-3.3.1.jar:?]
	at org.apache.hadoop.ipc.Server$RpcCall.run(Server.java:963) [hadoop-common-3.3.1.jar:?]
	at java.security.AccessController.doPrivileged(Native Method) ~[?:1.8.0_345]
	at javax.security.auth.Subject.doAs(Subject.java:422) [?:1.8.0_345]
	at org.apache.hadoop.security.UserGroupInformation.doAs(UserGroupInformation.java:1878) [hadoop-common-3.3.1.jar:?]
	at org.apache.hadoop.ipc.Server$Handler.run(Server.java:2966) [hadoop-common-3.3.1.jar:?]
2022-10-09 13:07:27,084 [Time-limited test] WARN  ozone.BasicOzoneFileSystem (BasicOzoneFileSystem.java:getFileStatus(765)) - GetFileStatus failed for path o3fs://bucket11878.volume52841/root_dir/b/c
java.io.FileNotFoundException: root_dir/b/c: No such file or directory!
	at org.apache.hadoop.fs.ozone.BasicOzoneClientAdapterImpl.getFileStatus(BasicOzoneClientAdapterImpl.java:369)
	at org.apache.hadoop.fs.ozone.BasicOzoneFileSystem.getFileStatus(BasicOzoneFileSystem.java:757)
	at org.apache.hadoop.fs.ozone.BasicOzoneFileSystem.rename(BasicOzoneFileSystem.java:357)
	at org.apache.hadoop.fs.ozone.TestOzoneFileSystem.testRenameDestinationParentDoesntExist(TestOzoneFileSystem.java:1291)
	at sun.reflect.NativeMethodAccessorImpl.invoke0(Native Method)
	at sun.reflect.NativeMethodAccessorImpl.invoke(NativeMethodAccessorImpl.java:62)
	at sun.reflect.DelegatingMethodAccessorImpl.invoke(DelegatingMethodAccessorImpl.java:43)
	at java.lang.reflect.Method.invoke(Method.java:498)
	at org.junit.runners.model.FrameworkMethod$1.runReflectiveCall(FrameworkMethod.java:59)
	at org.junit.internal.runners.model.ReflectiveCallable.run(ReflectiveCallable.java:12)
	at org.junit.runners.model.FrameworkMethod.invokeExplosively(FrameworkMethod.java:56)
	at org.junit.internal.runners.statements.InvokeMethod.evaluate(InvokeMethod.java:17)
	at org.junit.internal.runners.statements.RunAfters.evaluate(RunAfters.java:27)
	at org.junit.internal.runners.statements.FailOnTimeout$CallableStatement.call(FailOnTimeout.java:288)
	at org.junit.internal.runners.statements.FailOnTimeout$CallableStatement.call(FailOnTimeout.java:282)
	at java.util.concurrent.FutureTask.run(FutureTask.java:266)
	at java.lang.Thread.run(Thread.java:750)
13:07:27.085 [IPC Server handler 13 on default port 33359] ERROR OMAudit - user=runner | ip=127.0.0.1 | op=GET_FILE_STATUS {volume=volume52841, bucket=bucket11878, key=root_dir/b, dataSize=0, replicationConfig=null} | ret=FAILURE
org.apache.hadoop.ozone.om.exceptions.OMException: Unable to get file status: volume: volume52841 bucket: bucket11878 key: root_dir/b
	at org.apache.hadoop.ozone.om.KeyManagerImpl.getOzoneFileStatus(KeyManagerImpl.java:1270) ~[ozone-manager-1.3.0-SNAPSHOT.jar:?]
	at org.apache.hadoop.ozone.om.KeyManagerImpl.getFileStatus(KeyManagerImpl.java:1200) ~[ozone-manager-1.3.0-SNAPSHOT.jar:?]
	at org.apache.hadoop.ozone.om.OzoneManager.getFileStatus(OzoneManager.java:3507) ~[ozone-manager-1.3.0-SNAPSHOT.jar:?]
	at org.apache.hadoop.ozone.protocolPB.OzoneManagerRequestHandler.getOzoneFileStatus(OzoneManagerRequestHandler.java:882) ~[ozone-manager-1.3.0-SNAPSHOT.jar:?]
	at org.apache.hadoop.ozone.protocolPB.OzoneManagerRequestHandler.handleReadRequest(OzoneManagerRequestHandler.java:228) ~[ozone-manager-1.3.0-SNAPSHOT.jar:?]
	at org.apache.hadoop.ozone.protocolPB.OzoneManagerProtocolServerSideTranslatorPB.submitReadRequestToOM(OzoneManagerProtocolServerSideTranslatorPB.java:226) ~[ozone-manager-1.3.0-SNAPSHOT.jar:?]
	at org.apache.hadoop.ozone.protocolPB.OzoneManagerProtocolServerSideTranslatorPB.processRequest(OzoneManagerProtocolServerSideTranslatorPB.java:175) ~[ozone-manager-1.3.0-SNAPSHOT.jar:?]
	at org.apache.hadoop.hdds.server.OzoneProtocolMessageDispatcher.processRequest(OzoneProtocolMessageDispatcher.java:87) [hdds-server-framework-1.3.0-SNAPSHOT.jar:?]
	at org.apache.hadoop.ozone.protocolPB.OzoneManagerProtocolServerSideTranslatorPB.submitRequest(OzoneManagerProtocolServerSideTranslatorPB.java:147) [ozone-manager-1.3.0-SNAPSHOT.jar:?]
	at org.apache.hadoop.ozone.protocol.proto.OzoneManagerProtocolProtos$OzoneManagerService$2.callBlockingMethod(OzoneManagerProtocolProtos.java) [ozone-interface-client-1.3.0-SNAPSHOT.jar:?]
	at org.apache.hadoop.ipc.ProtobufRpcEngine$Server.processCall(ProtobufRpcEngine.java:466) [hadoop-common-3.3.1.jar:?]
	at org.apache.hadoop.ipc.ProtobufRpcEngine2$Server$ProtoBufRpcInvoker.call(ProtobufRpcEngine2.java:574) [hadoop-common-3.3.1.jar:?]
	at org.apache.hadoop.ipc.ProtobufRpcEngine2$Server$ProtoBufRpcInvoker.call(ProtobufRpcEngine2.java:552) [hadoop-common-3.3.1.jar:?]
	at org.apache.hadoop.ipc.RPC$Server.call(RPC.java:1093) [hadoop-common-3.3.1.jar:?]
	at org.apache.hadoop.ipc.Server$RpcCall.run(Server.java:1035) [hadoop-common-3.3.1.jar:?]
	at org.apache.hadoop.ipc.Server$RpcCall.run(Server.java:963) [hadoop-common-3.3.1.jar:?]
	at java.security.AccessController.doPrivileged(Native Method) ~[?:1.8.0_345]
	at javax.security.auth.Subject.doAs(Subject.java:422) [?:1.8.0_345]
	at org.apache.hadoop.security.UserGroupInformation.doAs(UserGroupInformation.java:1878) [hadoop-common-3.3.1.jar:?]
	at org.apache.hadoop.ipc.Server$Handler.run(Server.java:2966) [hadoop-common-3.3.1.jar:?]
2022-10-09 13:07:27,085 [Time-limited test] WARN  ozone.BasicOzoneFileSystem (BasicOzoneFileSystem.java:getFileStatus(765)) - GetFileStatus failed for path o3fs://bucket11878.volume52841/root_dir/b
java.io.FileNotFoundException: root_dir/b: No such file or directory!
	at org.apache.hadoop.fs.ozone.BasicOzoneClientAdapterImpl.getFileStatus(BasicOzoneClientAdapterImpl.java:369)
	at org.apache.hadoop.fs.ozone.BasicOzoneFileSystem.getFileStatus(BasicOzoneFileSystem.java:757)
	at org.apache.hadoop.fs.ozone.BasicOzoneFileSystem.rename(BasicOzoneFileSystem.java:365)
	at org.apache.hadoop.fs.ozone.TestOzoneFileSystem.testRenameDestinationParentDoesntExist(TestOzoneFileSystem.java:1291)
	at sun.reflect.NativeMethodAccessorImpl.invoke0(Native Method)
	at sun.reflect.NativeMethodAccessorImpl.invoke(NativeMethodAccessorImpl.java:62)
	at sun.reflect.DelegatingMethodAccessorImpl.invoke(DelegatingMethodAccessorImpl.java:43)
	at java.lang.reflect.Method.invoke(Method.java:498)
	at org.junit.runners.model.FrameworkMethod$1.runReflectiveCall(FrameworkMethod.java:59)
	at org.junit.internal.runners.model.ReflectiveCallable.run(ReflectiveCallable.java:12)
	at org.junit.runners.model.FrameworkMethod.invokeExplosively(FrameworkMethod.java:56)
	at org.junit.internal.runners.statements.InvokeMethod.evaluate(InvokeMethod.java:17)
	at org.junit.internal.runners.statements.RunAfters.evaluate(RunAfters.java:27)
	at org.junit.internal.runners.statements.FailOnTimeout$CallableStatement.call(FailOnTimeout.java:288)
	at org.junit.internal.runners.statements.FailOnTimeout$CallableStatement.call(FailOnTimeout.java:282)
	at java.util.concurrent.FutureTask.run(FutureTask.java:266)
	at java.lang.Thread.run(Thread.java:750)
13:07:27.113 [IPC Server handler 5 on default port 33359] ERROR OMAudit - user=runner | ip=127.0.0.1 | op=GET_FILE_STATUS {volume=volume52841, bucket=bucket11878, key=root_dir/file1/c, dataSize=0, replicationConfig=null} | ret=FAILURE
org.apache.hadoop.ozone.om.exceptions.OMException: Unable to get file status: volume: volume52841 bucket: bucket11878 key: root_dir/file1/c
	at org.apache.hadoop.ozone.om.KeyManagerImpl.getOzoneFileStatus(KeyManagerImpl.java:1270) ~[ozone-manager-1.3.0-SNAPSHOT.jar:?]
	at org.apache.hadoop.ozone.om.KeyManagerImpl.getFileStatus(KeyManagerImpl.java:1200) ~[ozone-manager-1.3.0-SNAPSHOT.jar:?]
	at org.apache.hadoop.ozone.om.OzoneManager.getFileStatus(OzoneManager.java:3507) ~[ozone-manager-1.3.0-SNAPSHOT.jar:?]
	at org.apache.hadoop.ozone.protocolPB.OzoneManagerRequestHandler.getOzoneFileStatus(OzoneManagerRequestHandler.java:882) ~[ozone-manager-1.3.0-SNAPSHOT.jar:?]
	at org.apache.hadoop.ozone.protocolPB.OzoneManagerRequestHandler.handleReadRequest(OzoneManagerRequestHandler.java:228) ~[ozone-manager-1.3.0-SNAPSHOT.jar:?]
	at org.apache.hadoop.ozone.protocolPB.OzoneManagerProtocolServerSideTranslatorPB.submitReadRequestToOM(OzoneManagerProtocolServerSideTranslatorPB.java:226) ~[ozone-manager-1.3.0-SNAPSHOT.jar:?]
	at org.apache.hadoop.ozone.protocolPB.OzoneManagerProtocolServerSideTranslatorPB.processRequest(OzoneManagerProtocolServerSideTranslatorPB.java:175) ~[ozone-manager-1.3.0-SNAPSHOT.jar:?]
	at org.apache.hadoop.hdds.server.OzoneProtocolMessageDispatcher.processRequest(OzoneProtocolMessageDispatcher.java:87) [hdds-server-framework-1.3.0-SNAPSHOT.jar:?]
	at org.apache.hadoop.ozone.protocolPB.OzoneManagerProtocolServerSideTranslatorPB.submitRequest(OzoneManagerProtocolServerSideTranslatorPB.java:147) [ozone-manager-1.3.0-SNAPSHOT.jar:?]
	at org.apache.hadoop.ozone.protocol.proto.OzoneManagerProtocolProtos$OzoneManagerService$2.callBlockingMethod(OzoneManagerProtocolProtos.java) [ozone-interface-client-1.3.0-SNAPSHOT.jar:?]
	at org.apache.hadoop.ipc.ProtobufRpcEngine$Server.processCall(ProtobufRpcEngine.java:466) [hadoop-common-3.3.1.jar:?]
	at org.apache.hadoop.ipc.ProtobufRpcEngine2$Server$ProtoBufRpcInvoker.call(ProtobufRpcEngine2.java:574) [hadoop-common-3.3.1.jar:?]
	at org.apache.hadoop.ipc.ProtobufRpcEngine2$Server$ProtoBufRpcInvoker.call(ProtobufRpcEngine2.java:552) [hadoop-common-3.3.1.jar:?]
	at org.apache.hadoop.ipc.RPC$Server.call(RPC.java:1093) [hadoop-common-3.3.1.jar:?]
	at org.apache.hadoop.ipc.Server$RpcCall.run(Server.java:1035) [hadoop-common-3.3.1.jar:?]
	at org.apache.hadoop.ipc.Server$RpcCall.run(Server.java:963) [hadoop-common-3.3.1.jar:?]
	at java.security.AccessController.doPrivileged(Native Method) ~[?:1.8.0_345]
	at javax.security.auth.Subject.doAs(Subject.java:422) [?:1.8.0_345]
	at org.apache.hadoop.security.UserGroupInformation.doAs(UserGroupInformation.java:1878) [hadoop-common-3.3.1.jar:?]
	at org.apache.hadoop.ipc.Server$Handler.run(Server.java:2966) [hadoop-common-3.3.1.jar:?]
2022-10-09 13:07:27,113 [Time-limited test] WARN  ozone.BasicOzoneFileSystem (BasicOzoneFileSystem.java:getFileStatus(765)) - GetFileStatus failed for path o3fs://bucket11878.volume52841/root_dir/file1/c
java.io.FileNotFoundException: root_dir/file1/c: No such file or directory!
	at org.apache.hadoop.fs.ozone.BasicOzoneClientAdapterImpl.getFileStatus(BasicOzoneClientAdapterImpl.java:369)
	at org.apache.hadoop.fs.ozone.BasicOzoneFileSystem.getFileStatus(BasicOzoneFileSystem.java:757)
	at org.apache.hadoop.fs.ozone.BasicOzoneFileSystem.rename(BasicOzoneFileSystem.java:357)
	at org.apache.hadoop.fs.ozone.TestOzoneFileSystem.testRenameDestinationParentDoesntExist(TestOzoneFileSystem.java:1303)
	at sun.reflect.NativeMethodAccessorImpl.invoke0(Native Method)
	at sun.reflect.NativeMethodAccessorImpl.invoke(NativeMethodAccessorImpl.java:62)
	at sun.reflect.DelegatingMethodAccessorImpl.invoke(DelegatingMethodAccessorImpl.java:43)
	at java.lang.reflect.Method.invoke(Method.java:498)
	at org.junit.runners.model.FrameworkMethod$1.runReflectiveCall(FrameworkMethod.java:59)
	at org.junit.internal.runners.model.ReflectiveCallable.run(ReflectiveCallable.java:12)
	at org.junit.runners.model.FrameworkMethod.invokeExplosively(FrameworkMethod.java:56)
	at org.junit.internal.runners.statements.InvokeMethod.evaluate(InvokeMethod.java:17)
	at org.junit.internal.runners.statements.RunAfters.evaluate(RunAfters.java:27)
	at org.junit.internal.runners.statements.FailOnTimeout$CallableStatement.call(FailOnTimeout.java:288)
	at org.junit.internal.runners.statements.FailOnTimeout$CallableStatement.call(FailOnTimeout.java:282)
	at java.util.concurrent.FutureTask.run(FutureTask.java:266)
	at java.lang.Thread.run(Thread.java:750)
]]></system-out>
  </testcase>
  <testcase name="testRenameDestinationParentDoesntExist" classname="TestOzoneFileSystem" time="0.043">
    <system-out><![CDATA[13:09:35.429 [IPC Server handler 19 on default port 34869] ERROR OMAudit - user=runner | ip=127.0.0.1 | op=GET_FILE_STATUS {volume=volume25253, bucket=bucket90791, key=root_dir/b/c, dataSize=0, replicationConfig=null} | ret=FAILURE
org.apache.hadoop.ozone.om.exceptions.OMException: Unable to get file status: volume: volume25253 bucket: bucket90791 key: root_dir/b/c
	at org.apache.hadoop.ozone.om.KeyManagerImpl.getOzoneFileStatus(KeyManagerImpl.java:1270) ~[ozone-manager-1.3.0-SNAPSHOT.jar:?]
	at org.apache.hadoop.ozone.om.KeyManagerImpl.getFileStatus(KeyManagerImpl.java:1200) ~[ozone-manager-1.3.0-SNAPSHOT.jar:?]
	at org.apache.hadoop.ozone.om.OzoneManager.getFileStatus(OzoneManager.java:3507) ~[ozone-manager-1.3.0-SNAPSHOT.jar:?]
	at org.apache.hadoop.ozone.protocolPB.OzoneManagerRequestHandler.getOzoneFileStatus(OzoneManagerRequestHandler.java:882) ~[ozone-manager-1.3.0-SNAPSHOT.jar:?]
	at org.apache.hadoop.ozone.protocolPB.OzoneManagerRequestHandler.handleReadRequest(OzoneManagerRequestHandler.java:228) ~[ozone-manager-1.3.0-SNAPSHOT.jar:?]
	at org.apache.hadoop.ozone.protocolPB.OzoneManagerProtocolServerSideTranslatorPB.submitRequestDirectlyToOM(OzoneManagerProtocolServerSideTranslatorPB.java:276) ~[ozone-manager-1.3.0-SNAPSHOT.jar:?]
	at org.apache.hadoop.ozone.protocolPB.OzoneManagerProtocolServerSideTranslatorPB.processRequest(OzoneManagerProtocolServerSideTranslatorPB.java:205) ~[ozone-manager-1.3.0-SNAPSHOT.jar:?]
	at org.apache.hadoop.hdds.server.OzoneProtocolMessageDispatcher.processRequest(OzoneProtocolMessageDispatcher.java:87) [hdds-server-framework-1.3.0-SNAPSHOT.jar:?]
	at org.apache.hadoop.ozone.protocolPB.OzoneManagerProtocolServerSideTranslatorPB.submitRequest(OzoneManagerProtocolServerSideTranslatorPB.java:147) [ozone-manager-1.3.0-SNAPSHOT.jar:?]
	at org.apache.hadoop.ozone.protocol.proto.OzoneManagerProtocolProtos$OzoneManagerService$2.callBlockingMethod(OzoneManagerProtocolProtos.java) [ozone-interface-client-1.3.0-SNAPSHOT.jar:?]
	at org.apache.hadoop.ipc.ProtobufRpcEngine$Server.processCall(ProtobufRpcEngine.java:466) [hadoop-common-3.3.1.jar:?]
	at org.apache.hadoop.ipc.ProtobufRpcEngine2$Server$ProtoBufRpcInvoker.call(ProtobufRpcEngine2.java:574) [hadoop-common-3.3.1.jar:?]
	at org.apache.hadoop.ipc.ProtobufRpcEngine2$Server$ProtoBufRpcInvoker.call(ProtobufRpcEngine2.java:552) [hadoop-common-3.3.1.jar:?]
	at org.apache.hadoop.ipc.RPC$Server.call(RPC.java:1093) [hadoop-common-3.3.1.jar:?]
	at org.apache.hadoop.ipc.Server$RpcCall.run(Server.java:1035) [hadoop-common-3.3.1.jar:?]
	at org.apache.hadoop.ipc.Server$RpcCall.run(Server.java:963) [hadoop-common-3.3.1.jar:?]
	at java.security.AccessController.doPrivileged(Native Method) ~[?:1.8.0_345]
	at javax.security.auth.Subject.doAs(Subject.java:422) [?:1.8.0_345]
	at org.apache.hadoop.security.UserGroupInformation.doAs(UserGroupInformation.java:1878) [hadoop-common-3.3.1.jar:?]
	at org.apache.hadoop.ipc.Server$Handler.run(Server.java:2966) [hadoop-common-3.3.1.jar:?]
2022-10-09 13:09:35,429 [Time-limited test] WARN  ozone.BasicOzoneFileSystem (BasicOzoneFileSystem.java:getFileStatus(765)) - GetFileStatus failed for path o3fs://bucket90791.volume25253/root_dir/b/c
java.io.FileNotFoundException: root_dir/b/c: No such file or directory!
	at org.apache.hadoop.fs.ozone.BasicOzoneClientAdapterImpl.getFileStatus(BasicOzoneClientAdapterImpl.java:369)
	at org.apache.hadoop.fs.ozone.BasicOzoneFileSystem.getFileStatus(BasicOzoneFileSystem.java:757)
	at org.apache.hadoop.fs.ozone.BasicOzoneFileSystem.rename(BasicOzoneFileSystem.java:357)
	at org.apache.hadoop.fs.ozone.TestOzoneFileSystem.testRenameDestinationParentDoesntExist(TestOzoneFileSystem.java:1291)
	at sun.reflect.NativeMethodAccessorImpl.invoke0(Native Method)
	at sun.reflect.NativeMethodAccessorImpl.invoke(NativeMethodAccessorImpl.java:62)
	at sun.reflect.DelegatingMethodAccessorImpl.invoke(DelegatingMethodAccessorImpl.java:43)
	at java.lang.reflect.Method.invoke(Method.java:498)
	at org.junit.runners.model.FrameworkMethod$1.runReflectiveCall(FrameworkMethod.java:59)
	at org.junit.internal.runners.model.ReflectiveCallable.run(ReflectiveCallable.java:12)
	at org.junit.runners.model.FrameworkMethod.invokeExplosively(FrameworkMethod.java:56)
	at org.junit.internal.runners.statements.InvokeMethod.evaluate(InvokeMethod.java:17)
	at org.junit.internal.runners.statements.RunAfters.evaluate(RunAfters.java:27)
	at org.junit.internal.runners.statements.FailOnTimeout$CallableStatement.call(FailOnTimeout.java:288)
	at org.junit.internal.runners.statements.FailOnTimeout$CallableStatement.call(FailOnTimeout.java:282)
	at java.util.concurrent.FutureTask.run(FutureTask.java:266)
	at java.lang.Thread.run(Thread.java:750)
13:09:35.430 [IPC Server handler 15 on default port 34869] ERROR OMAudit - user=runner | ip=127.0.0.1 | op=GET_FILE_STATUS {volume=volume25253, bucket=bucket90791, key=root_dir/b, dataSize=0, replicationConfig=null} | ret=FAILURE
org.apache.hadoop.ozone.om.exceptions.OMException: Unable to get file status: volume: volume25253 bucket: bucket90791 key: root_dir/b
	at org.apache.hadoop.ozone.om.KeyManagerImpl.getOzoneFileStatus(KeyManagerImpl.java:1270) ~[ozone-manager-1.3.0-SNAPSHOT.jar:?]
	at org.apache.hadoop.ozone.om.KeyManagerImpl.getFileStatus(KeyManagerImpl.java:1200) ~[ozone-manager-1.3.0-SNAPSHOT.jar:?]
	at org.apache.hadoop.ozone.om.OzoneManager.getFileStatus(OzoneManager.java:3507) ~[ozone-manager-1.3.0-SNAPSHOT.jar:?]
	at org.apache.hadoop.ozone.protocolPB.OzoneManagerRequestHandler.getOzoneFileStatus(OzoneManagerRequestHandler.java:882) ~[ozone-manager-1.3.0-SNAPSHOT.jar:?]
	at org.apache.hadoop.ozone.protocolPB.OzoneManagerRequestHandler.handleReadRequest(OzoneManagerRequestHandler.java:228) ~[ozone-manager-1.3.0-SNAPSHOT.jar:?]
	at org.apache.hadoop.ozone.protocolPB.OzoneManagerProtocolServerSideTranslatorPB.submitRequestDirectlyToOM(OzoneManagerProtocolServerSideTranslatorPB.java:276) ~[ozone-manager-1.3.0-SNAPSHOT.jar:?]
	at org.apache.hadoop.ozone.protocolPB.OzoneManagerProtocolServerSideTranslatorPB.processRequest(OzoneManagerProtocolServerSideTranslatorPB.java:205) ~[ozone-manager-1.3.0-SNAPSHOT.jar:?]
	at org.apache.hadoop.hdds.server.OzoneProtocolMessageDispatcher.processRequest(OzoneProtocolMessageDispatcher.java:87) [hdds-server-framework-1.3.0-SNAPSHOT.jar:?]
	at org.apache.hadoop.ozone.protocolPB.OzoneManagerProtocolServerSideTranslatorPB.submitRequest(OzoneManagerProtocolServerSideTranslatorPB.java:147) [ozone-manager-1.3.0-SNAPSHOT.jar:?]
	at org.apache.hadoop.ozone.protocol.proto.OzoneManagerProtocolProtos$OzoneManagerService$2.callBlockingMethod(OzoneManagerProtocolProtos.java) [ozone-interface-client-1.3.0-SNAPSHOT.jar:?]
	at org.apache.hadoop.ipc.ProtobufRpcEngine$Server.processCall(ProtobufRpcEngine.java:466) [hadoop-common-3.3.1.jar:?]
	at org.apache.hadoop.ipc.ProtobufRpcEngine2$Server$ProtoBufRpcInvoker.call(ProtobufRpcEngine2.java:574) [hadoop-common-3.3.1.jar:?]
	at org.apache.hadoop.ipc.ProtobufRpcEngine2$Server$ProtoBufRpcInvoker.call(ProtobufRpcEngine2.java:552) [hadoop-common-3.3.1.jar:?]
	at org.apache.hadoop.ipc.RPC$Server.call(RPC.java:1093) [hadoop-common-3.3.1.jar:?]
	at org.apache.hadoop.ipc.Server$RpcCall.run(Server.java:1035) [hadoop-common-3.3.1.jar:?]
	at org.apache.hadoop.ipc.Server$RpcCall.run(Server.java:963) [hadoop-common-3.3.1.jar:?]
	at java.security.AccessController.doPrivileged(Native Method) ~[?:1.8.0_345]
	at javax.security.auth.Subject.doAs(Subject.java:422) [?:1.8.0_345]
	at org.apache.hadoop.security.UserGroupInformation.doAs(UserGroupInformation.java:1878) [hadoop-common-3.3.1.jar:?]
	at org.apache.hadoop.ipc.Server$Handler.run(Server.java:2966) [hadoop-common-3.3.1.jar:?]
2022-10-09 13:09:35,430 [Time-limited test] WARN  ozone.BasicOzoneFileSystem (BasicOzoneFileSystem.java:getFileStatus(765)) - GetFileStatus failed for path o3fs://bucket90791.volume25253/root_dir/b
java.io.FileNotFoundException: root_dir/b: No such file or directory!
	at org.apache.hadoop.fs.ozone.BasicOzoneClientAdapterImpl.getFileStatus(BasicOzoneClientAdapterImpl.java:369)
	at org.apache.hadoop.fs.ozone.BasicOzoneFileSystem.getFileStatus(BasicOzoneFileSystem.java:757)
	at org.apache.hadoop.fs.ozone.BasicOzoneFileSystem.rename(BasicOzoneFileSystem.java:365)
	at org.apache.hadoop.fs.ozone.TestOzoneFileSystem.testRenameDestinationParentDoesntExist(TestOzoneFileSystem.java:1291)
	at sun.reflect.NativeMethodAccessorImpl.invoke0(Native Method)
	at sun.reflect.NativeMethodAccessorImpl.invoke(NativeMethodAccessorImpl.java:62)
	at sun.reflect.DelegatingMethodAccessorImpl.invoke(DelegatingMethodAccessorImpl.java:43)
	at java.lang.reflect.Method.invoke(Method.java:498)
	at org.junit.runners.model.FrameworkMethod$1.runReflectiveCall(FrameworkMethod.java:59)
	at org.junit.internal.runners.model.ReflectiveCallable.run(ReflectiveCallable.java:12)
	at org.junit.runners.model.FrameworkMethod.invokeExplosively(FrameworkMethod.java:56)
	at org.junit.internal.runners.statements.InvokeMethod.evaluate(InvokeMethod.java:17)
	at org.junit.internal.runners.statements.RunAfters.evaluate(RunAfters.java:27)
	at org.junit.internal.runners.statements.FailOnTimeout$CallableStatement.call(FailOnTimeout.java:288)
	at org.junit.internal.runners.statements.FailOnTimeout$CallableStatement.call(FailOnTimeout.java:282)
	at java.util.concurrent.FutureTask.run(FutureTask.java:266)
	at java.lang.Thread.run(Thread.java:750)
13:09:35.448 [IPC Server handler 5 on default port 34869] ERROR OMAudit - user=runner | ip=127.0.0.1 | op=GET_FILE_STATUS {volume=volume25253, bucket=bucket90791, key=root_dir/file1/c, dataSize=0, replicationConfig=null} | ret=FAILURE
org.apache.hadoop.ozone.om.exceptions.OMException: Unable to get file status: volume: volume25253 bucket: bucket90791 key: root_dir/file1/c
	at org.apache.hadoop.ozone.om.KeyManagerImpl.getOzoneFileStatus(KeyManagerImpl.java:1270) ~[ozone-manager-1.3.0-SNAPSHOT.jar:?]
	at org.apache.hadoop.ozone.om.KeyManagerImpl.getFileStatus(KeyManagerImpl.java:1200) ~[ozone-manager-1.3.0-SNAPSHOT.jar:?]
	at org.apache.hadoop.ozone.om.OzoneManager.getFileStatus(OzoneManager.java:3507) ~[ozone-manager-1.3.0-SNAPSHOT.jar:?]
	at org.apache.hadoop.ozone.protocolPB.OzoneManagerRequestHandler.getOzoneFileStatus(OzoneManagerRequestHandler.java:882) ~[ozone-manager-1.3.0-SNAPSHOT.jar:?]
	at org.apache.hadoop.ozone.protocolPB.OzoneManagerRequestHandler.handleReadRequest(OzoneManagerRequestHandler.java:228) ~[ozone-manager-1.3.0-SNAPSHOT.jar:?]
	at org.apache.hadoop.ozone.protocolPB.OzoneManagerProtocolServerSideTranslatorPB.submitRequestDirectlyToOM(OzoneManagerProtocolServerSideTranslatorPB.java:276) ~[ozone-manager-1.3.0-SNAPSHOT.jar:?]
	at org.apache.hadoop.ozone.protocolPB.OzoneManagerProtocolServerSideTranslatorPB.processRequest(OzoneManagerProtocolServerSideTranslatorPB.java:205) ~[ozone-manager-1.3.0-SNAPSHOT.jar:?]
	at org.apache.hadoop.hdds.server.OzoneProtocolMessageDispatcher.processRequest(OzoneProtocolMessageDispatcher.java:87) [hdds-server-framework-1.3.0-SNAPSHOT.jar:?]
	at org.apache.hadoop.ozone.protocolPB.OzoneManagerProtocolServerSideTranslatorPB.submitRequest(OzoneManagerProtocolServerSideTranslatorPB.java:147) [ozone-manager-1.3.0-SNAPSHOT.jar:?]
	at org.apache.hadoop.ozone.protocol.proto.OzoneManagerProtocolProtos$OzoneManagerService$2.callBlockingMethod(OzoneManagerProtocolProtos.java) [ozone-interface-client-1.3.0-SNAPSHOT.jar:?]
	at org.apache.hadoop.ipc.ProtobufRpcEngine$Server.processCall(ProtobufRpcEngine.java:466) [hadoop-common-3.3.1.jar:?]
	at org.apache.hadoop.ipc.ProtobufRpcEngine2$Server$ProtoBufRpcInvoker.call(ProtobufRpcEngine2.java:574) [hadoop-common-3.3.1.jar:?]
	at org.apache.hadoop.ipc.ProtobufRpcEngine2$Server$ProtoBufRpcInvoker.call(ProtobufRpcEngine2.java:552) [hadoop-common-3.3.1.jar:?]
	at org.apache.hadoop.ipc.RPC$Server.call(RPC.java:1093) [hadoop-common-3.3.1.jar:?]
	at org.apache.hadoop.ipc.Server$RpcCall.run(Server.java:1035) [hadoop-common-3.3.1.jar:?]
	at org.apache.hadoop.ipc.Server$RpcCall.run(Server.java:963) [hadoop-common-3.3.1.jar:?]
	at java.security.AccessController.doPrivileged(Native Method) ~[?:1.8.0_345]
	at javax.security.auth.Subject.doAs(Subject.java:422) [?:1.8.0_345]
	at org.apache.hadoop.security.UserGroupInformation.doAs(UserGroupInformation.java:1878) [hadoop-common-3.3.1.jar:?]
	at org.apache.hadoop.ipc.Server$Handler.run(Server.java:2966) [hadoop-common-3.3.1.jar:?]
2022-10-09 13:09:35,449 [Time-limited test] WARN  ozone.BasicOzoneFileSystem (BasicOzoneFileSystem.java:getFileStatus(765)) - GetFileStatus failed for path o3fs://bucket90791.volume25253/root_dir/file1/c
java.io.FileNotFoundException: root_dir/file1/c: No such file or directory!
	at org.apache.hadoop.fs.ozone.BasicOzoneClientAdapterImpl.getFileStatus(BasicOzoneClientAdapterImpl.java:369)
	at org.apache.hadoop.fs.ozone.BasicOzoneFileSystem.getFileStatus(BasicOzoneFileSystem.java:757)
	at org.apache.hadoop.fs.ozone.BasicOzoneFileSystem.rename(BasicOzoneFileSystem.java:357)
	at org.apache.hadoop.fs.ozone.TestOzoneFileSystem.testRenameDestinationParentDoesntExist(TestOzoneFileSystem.java:1303)
	at sun.reflect.NativeMethodAccessorImpl.invoke0(Native Method)
	at sun.reflect.NativeMethodAccessorImpl.invoke(NativeMethodAccessorImpl.java:62)
	at sun.reflect.DelegatingMethodAccessorImpl.invoke(DelegatingMethodAccessorImpl.java:43)
	at java.lang.reflect.Method.invoke(Method.java:498)
	at org.junit.runners.model.FrameworkMethod$1.runReflectiveCall(FrameworkMethod.java:59)
	at org.junit.internal.runners.model.ReflectiveCallable.run(ReflectiveCallable.java:12)
	at org.junit.runners.model.FrameworkMethod.invokeExplosively(FrameworkMethod.java:56)
	at org.junit.internal.runners.statements.InvokeMethod.evaluate(InvokeMethod.java:17)
	at org.junit.internal.runners.statements.RunAfters.evaluate(RunAfters.java:27)
	at org.junit.internal.runners.statements.FailOnTimeout$CallableStatement.call(FailOnTimeout.java:288)
	at org.junit.internal.runners.statements.FailOnTimeout$CallableStatement.call(FailOnTimeout.java:282)
	at java.util.concurrent.FutureTask.run(FutureTask.java:266)
	at java.lang.Thread.run(Thread.java:750)
]]></system-out>
  </testcase>
  <testcase name="testCreateWithInvalidPaths" classname="TestOzoneFileSystem" time="0.005"/>
  <testcase name="testCreateWithInvalidPaths" classname="TestOzoneFileSystem" time="0.014"/>
  <testcase name="testCreateWithInvalidPaths" classname="TestOzoneFileSystem" time="0.016"/>
  <testcase name="testCreateWithInvalidPaths" classname="TestOzoneFileSystem" time="0.029"/>
  <testcase name="testListStatusOnRoot" classname="TestOzoneFileSystem" time="0.037"/>
  <testcase name="testListStatusOnRoot" classname="TestOzoneFileSystem" time="0.029"/>
  <testcase name="testListStatusOnRoot" classname="TestOzoneFileSystem" time="0.02"/>
  <testcase name="testListStatusOnRoot" classname="TestOzoneFileSystem" time="0.018"/>
  <testcase name="testRenameWithNonExistentSource" classname="TestOzoneFileSystem" time="0.017">
    <system-out><![CDATA[2022-10-09 13:04:21,182 [Time-limited test] INFO  ozone.TestOzoneFileSystem (TestOzoneFileSystem.java:testRenameWithNonExistentSource(1092)) - Created destin dir: o3fs://bucket60014.volume94578/root/dir2
2022-10-09 13:04:21,182 [Time-limited test] INFO  ozone.TestOzoneFileSystem (TestOzoneFileSystem.java:testRenameWithNonExistentSource(1094)) - Rename op-> source:o3fs://bucket60014.volume94578/root/dir1 to destin:o3fs://bucket60014.volume94578/root/dir2}
13:04:21.183 [IPC Server handler 10 on default port 37457] ERROR OMAudit - user=runner | ip=127.0.0.1 | op=GET_FILE_STATUS {volume=volume94578, bucket=bucket60014, key=root/dir1, dataSize=0, replicationConfig=null} | ret=FAILURE
org.apache.hadoop.ozone.om.exceptions.OMException: Unable to get file status: volume: volume94578 bucket: bucket60014 key: root/dir1
	at org.apache.hadoop.ozone.om.KeyManagerImpl.getOzoneFileStatus(KeyManagerImpl.java:1270) ~[ozone-manager-1.3.0-SNAPSHOT.jar:?]
	at org.apache.hadoop.ozone.om.KeyManagerImpl.getFileStatus(KeyManagerImpl.java:1200) ~[ozone-manager-1.3.0-SNAPSHOT.jar:?]
	at org.apache.hadoop.ozone.om.OzoneManager.getFileStatus(OzoneManager.java:3507) ~[ozone-manager-1.3.0-SNAPSHOT.jar:?]
	at org.apache.hadoop.ozone.protocolPB.OzoneManagerRequestHandler.getOzoneFileStatus(OzoneManagerRequestHandler.java:882) ~[ozone-manager-1.3.0-SNAPSHOT.jar:?]
	at org.apache.hadoop.ozone.protocolPB.OzoneManagerRequestHandler.handleReadRequest(OzoneManagerRequestHandler.java:228) ~[ozone-manager-1.3.0-SNAPSHOT.jar:?]
	at org.apache.hadoop.ozone.protocolPB.OzoneManagerProtocolServerSideTranslatorPB.submitReadRequestToOM(OzoneManagerProtocolServerSideTranslatorPB.java:226) ~[ozone-manager-1.3.0-SNAPSHOT.jar:?]
	at org.apache.hadoop.ozone.protocolPB.OzoneManagerProtocolServerSideTranslatorPB.processRequest(OzoneManagerProtocolServerSideTranslatorPB.java:175) ~[ozone-manager-1.3.0-SNAPSHOT.jar:?]
	at org.apache.hadoop.hdds.server.OzoneProtocolMessageDispatcher.processRequest(OzoneProtocolMessageDispatcher.java:87) [hdds-server-framework-1.3.0-SNAPSHOT.jar:?]
	at org.apache.hadoop.ozone.protocolPB.OzoneManagerProtocolServerSideTranslatorPB.submitRequest(OzoneManagerProtocolServerSideTranslatorPB.java:147) [ozone-manager-1.3.0-SNAPSHOT.jar:?]
	at org.apache.hadoop.ozone.protocol.proto.OzoneManagerProtocolProtos$OzoneManagerService$2.callBlockingMethod(OzoneManagerProtocolProtos.java) [ozone-interface-client-1.3.0-SNAPSHOT.jar:?]
	at org.apache.hadoop.ipc.ProtobufRpcEngine$Server.processCall(ProtobufRpcEngine.java:466) [hadoop-common-3.3.1.jar:?]
	at org.apache.hadoop.ipc.ProtobufRpcEngine2$Server$ProtoBufRpcInvoker.call(ProtobufRpcEngine2.java:574) [hadoop-common-3.3.1.jar:?]
	at org.apache.hadoop.ipc.ProtobufRpcEngine2$Server$ProtoBufRpcInvoker.call(ProtobufRpcEngine2.java:552) [hadoop-common-3.3.1.jar:?]
	at org.apache.hadoop.ipc.RPC$Server.call(RPC.java:1093) [hadoop-common-3.3.1.jar:?]
	at org.apache.hadoop.ipc.Server$RpcCall.run(Server.java:1035) [hadoop-common-3.3.1.jar:?]
	at org.apache.hadoop.ipc.Server$RpcCall.run(Server.java:963) [hadoop-common-3.3.1.jar:?]
	at java.security.AccessController.doPrivileged(Native Method) ~[?:1.8.0_345]
	at javax.security.auth.Subject.doAs(Subject.java:422) [?:1.8.0_345]
	at org.apache.hadoop.security.UserGroupInformation.doAs(UserGroupInformation.java:1878) [hadoop-common-3.3.1.jar:?]
	at org.apache.hadoop.ipc.Server$Handler.run(Server.java:2966) [hadoop-common-3.3.1.jar:?]
2022-10-09 13:04:21,184 [Time-limited test] WARN  ozone.BasicOzoneFileSystem (BasicOzoneFileSystem.java:getFileStatus(765)) - GetFileStatus failed for path o3fs://bucket60014.volume94578/root/dir1
java.io.FileNotFoundException: root/dir1: No such file or directory!
	at org.apache.hadoop.fs.ozone.BasicOzoneClientAdapterImpl.getFileStatus(BasicOzoneClientAdapterImpl.java:369)
	at org.apache.hadoop.fs.ozone.BasicOzoneFileSystem.getFileStatus(BasicOzoneFileSystem.java:757)
	at org.apache.hadoop.fs.ozone.BasicOzoneFileSystem.rename(BasicOzoneFileSystem.java:339)
	at org.apache.hadoop.fs.ozone.TestOzoneFileSystem.testRenameWithNonExistentSource(TestOzoneFileSystem.java:1096)
	at sun.reflect.NativeMethodAccessorImpl.invoke0(Native Method)
	at sun.reflect.NativeMethodAccessorImpl.invoke(NativeMethodAccessorImpl.java:62)
	at sun.reflect.DelegatingMethodAccessorImpl.invoke(DelegatingMethodAccessorImpl.java:43)
	at java.lang.reflect.Method.invoke(Method.java:498)
	at org.junit.runners.model.FrameworkMethod$1.runReflectiveCall(FrameworkMethod.java:59)
	at org.junit.internal.runners.model.ReflectiveCallable.run(ReflectiveCallable.java:12)
	at org.junit.runners.model.FrameworkMethod.invokeExplosively(FrameworkMethod.java:56)
	at org.junit.internal.runners.statements.InvokeMethod.evaluate(InvokeMethod.java:17)
	at org.junit.internal.runners.statements.RunAfters.evaluate(RunAfters.java:27)
	at org.junit.internal.runners.statements.FailOnTimeout$CallableStatement.call(FailOnTimeout.java:288)
	at org.junit.internal.runners.statements.FailOnTimeout$CallableStatement.call(FailOnTimeout.java:282)
	at java.util.concurrent.FutureTask.run(FutureTask.java:266)
	at java.lang.Thread.run(Thread.java:750)
]]></system-out>
  </testcase>
  <testcase name="testRenameWithNonExistentSource" classname="TestOzoneFileSystem" time="0.019">
    <system-out><![CDATA[2022-10-09 13:05:57,576 [Time-limited test] INFO  ozone.TestOzoneFileSystem (TestOzoneFileSystem.java:testRenameWithNonExistentSource(1092)) - Created destin dir: o3fs://bucket85504.volume66281/root/dir2
2022-10-09 13:05:57,576 [Time-limited test] INFO  ozone.TestOzoneFileSystem (TestOzoneFileSystem.java:testRenameWithNonExistentSource(1094)) - Rename op-> source:o3fs://bucket85504.volume66281/root/dir1 to destin:o3fs://bucket85504.volume66281/root/dir2}
13:05:57.577 [IPC Server handler 13 on default port 44209] ERROR OMAudit - user=runner | ip=127.0.0.1 | op=GET_FILE_STATUS {volume=volume66281, bucket=bucket85504, key=root/dir1, dataSize=0, replicationConfig=null} | ret=FAILURE
org.apache.hadoop.ozone.om.exceptions.OMException: Unable to get file status: volume: volume66281 bucket: bucket85504 key: root/dir1
	at org.apache.hadoop.ozone.om.KeyManagerImpl.getOzoneFileStatus(KeyManagerImpl.java:1270) ~[ozone-manager-1.3.0-SNAPSHOT.jar:?]
	at org.apache.hadoop.ozone.om.KeyManagerImpl.getFileStatus(KeyManagerImpl.java:1200) ~[ozone-manager-1.3.0-SNAPSHOT.jar:?]
	at org.apache.hadoop.ozone.om.OzoneManager.getFileStatus(OzoneManager.java:3507) ~[ozone-manager-1.3.0-SNAPSHOT.jar:?]
	at org.apache.hadoop.ozone.protocolPB.OzoneManagerRequestHandler.getOzoneFileStatus(OzoneManagerRequestHandler.java:882) ~[ozone-manager-1.3.0-SNAPSHOT.jar:?]
	at org.apache.hadoop.ozone.protocolPB.OzoneManagerRequestHandler.handleReadRequest(OzoneManagerRequestHandler.java:228) ~[ozone-manager-1.3.0-SNAPSHOT.jar:?]
	at org.apache.hadoop.ozone.protocolPB.OzoneManagerProtocolServerSideTranslatorPB.submitRequestDirectlyToOM(OzoneManagerProtocolServerSideTranslatorPB.java:276) ~[ozone-manager-1.3.0-SNAPSHOT.jar:?]
	at org.apache.hadoop.ozone.protocolPB.OzoneManagerProtocolServerSideTranslatorPB.processRequest(OzoneManagerProtocolServerSideTranslatorPB.java:205) ~[ozone-manager-1.3.0-SNAPSHOT.jar:?]
	at org.apache.hadoop.hdds.server.OzoneProtocolMessageDispatcher.processRequest(OzoneProtocolMessageDispatcher.java:87) [hdds-server-framework-1.3.0-SNAPSHOT.jar:?]
	at org.apache.hadoop.ozone.protocolPB.OzoneManagerProtocolServerSideTranslatorPB.submitRequest(OzoneManagerProtocolServerSideTranslatorPB.java:147) [ozone-manager-1.3.0-SNAPSHOT.jar:?]
	at org.apache.hadoop.ozone.protocol.proto.OzoneManagerProtocolProtos$OzoneManagerService$2.callBlockingMethod(OzoneManagerProtocolProtos.java) [ozone-interface-client-1.3.0-SNAPSHOT.jar:?]
	at org.apache.hadoop.ipc.ProtobufRpcEngine$Server.processCall(ProtobufRpcEngine.java:466) [hadoop-common-3.3.1.jar:?]
	at org.apache.hadoop.ipc.ProtobufRpcEngine2$Server$ProtoBufRpcInvoker.call(ProtobufRpcEngine2.java:574) [hadoop-common-3.3.1.jar:?]
	at org.apache.hadoop.ipc.ProtobufRpcEngine2$Server$ProtoBufRpcInvoker.call(ProtobufRpcEngine2.java:552) [hadoop-common-3.3.1.jar:?]
	at org.apache.hadoop.ipc.RPC$Server.call(RPC.java:1093) [hadoop-common-3.3.1.jar:?]
	at org.apache.hadoop.ipc.Server$RpcCall.run(Server.java:1035) [hadoop-common-3.3.1.jar:?]
	at org.apache.hadoop.ipc.Server$RpcCall.run(Server.java:963) [hadoop-common-3.3.1.jar:?]
	at java.security.AccessController.doPrivileged(Native Method) ~[?:1.8.0_345]
	at javax.security.auth.Subject.doAs(Subject.java:422) [?:1.8.0_345]
	at org.apache.hadoop.security.UserGroupInformation.doAs(UserGroupInformation.java:1878) [hadoop-common-3.3.1.jar:?]
	at org.apache.hadoop.ipc.Server$Handler.run(Server.java:2966) [hadoop-common-3.3.1.jar:?]
2022-10-09 13:05:57,577 [Time-limited test] WARN  ozone.BasicOzoneFileSystem (BasicOzoneFileSystem.java:getFileStatus(765)) - GetFileStatus failed for path o3fs://bucket85504.volume66281/root/dir1
java.io.FileNotFoundException: root/dir1: No such file or directory!
	at org.apache.hadoop.fs.ozone.BasicOzoneClientAdapterImpl.getFileStatus(BasicOzoneClientAdapterImpl.java:369)
	at org.apache.hadoop.fs.ozone.BasicOzoneFileSystem.getFileStatus(BasicOzoneFileSystem.java:757)
	at org.apache.hadoop.fs.ozone.BasicOzoneFileSystem.rename(BasicOzoneFileSystem.java:339)
	at org.apache.hadoop.fs.ozone.TestOzoneFileSystem.testRenameWithNonExistentSource(TestOzoneFileSystem.java:1096)
	at sun.reflect.NativeMethodAccessorImpl.invoke0(Native Method)
	at sun.reflect.NativeMethodAccessorImpl.invoke(NativeMethodAccessorImpl.java:62)
	at sun.reflect.DelegatingMethodAccessorImpl.invoke(DelegatingMethodAccessorImpl.java:43)
	at java.lang.reflect.Method.invoke(Method.java:498)
	at org.junit.runners.model.FrameworkMethod$1.runReflectiveCall(FrameworkMethod.java:59)
	at org.junit.internal.runners.model.ReflectiveCallable.run(ReflectiveCallable.java:12)
	at org.junit.runners.model.FrameworkMethod.invokeExplosively(FrameworkMethod.java:56)
	at org.junit.internal.runners.statements.InvokeMethod.evaluate(InvokeMethod.java:17)
	at org.junit.internal.runners.statements.RunAfters.evaluate(RunAfters.java:27)
	at org.junit.internal.runners.statements.FailOnTimeout$CallableStatement.call(FailOnTimeout.java:288)
	at org.junit.internal.runners.statements.FailOnTimeout$CallableStatement.call(FailOnTimeout.java:282)
	at java.util.concurrent.FutureTask.run(FutureTask.java:266)
	at java.lang.Thread.run(Thread.java:750)
]]></system-out>
  </testcase>
  <testcase name="testRenameWithNonExistentSource" classname="TestOzoneFileSystem" time="0.038">
    <system-out><![CDATA[2022-10-09 13:07:27,183 [Time-limited test] INFO  ozone.TestOzoneFileSystem (TestOzoneFileSystem.java:testRenameWithNonExistentSource(1092)) - Created destin dir: o3fs://bucket11878.volume52841/root/dir2
2022-10-09 13:07:27,184 [Time-limited test] INFO  ozone.TestOzoneFileSystem (TestOzoneFileSystem.java:testRenameWithNonExistentSource(1094)) - Rename op-> source:o3fs://bucket11878.volume52841/root/dir1 to destin:o3fs://bucket11878.volume52841/root/dir2}
13:07:27.184 [IPC Server handler 16 on default port 33359] ERROR OMAudit - user=runner | ip=127.0.0.1 | op=GET_FILE_STATUS {volume=volume52841, bucket=bucket11878, key=root/dir1, dataSize=0, replicationConfig=null} | ret=FAILURE
org.apache.hadoop.ozone.om.exceptions.OMException: Unable to get file status: volume: volume52841 bucket: bucket11878 key: root/dir1
	at org.apache.hadoop.ozone.om.KeyManagerImpl.getOzoneFileStatus(KeyManagerImpl.java:1270) ~[ozone-manager-1.3.0-SNAPSHOT.jar:?]
	at org.apache.hadoop.ozone.om.KeyManagerImpl.getFileStatus(KeyManagerImpl.java:1200) ~[ozone-manager-1.3.0-SNAPSHOT.jar:?]
	at org.apache.hadoop.ozone.om.OzoneManager.getFileStatus(OzoneManager.java:3507) ~[ozone-manager-1.3.0-SNAPSHOT.jar:?]
	at org.apache.hadoop.ozone.protocolPB.OzoneManagerRequestHandler.getOzoneFileStatus(OzoneManagerRequestHandler.java:882) ~[ozone-manager-1.3.0-SNAPSHOT.jar:?]
	at org.apache.hadoop.ozone.protocolPB.OzoneManagerRequestHandler.handleReadRequest(OzoneManagerRequestHandler.java:228) ~[ozone-manager-1.3.0-SNAPSHOT.jar:?]
	at org.apache.hadoop.ozone.protocolPB.OzoneManagerProtocolServerSideTranslatorPB.submitReadRequestToOM(OzoneManagerProtocolServerSideTranslatorPB.java:226) ~[ozone-manager-1.3.0-SNAPSHOT.jar:?]
	at org.apache.hadoop.ozone.protocolPB.OzoneManagerProtocolServerSideTranslatorPB.processRequest(OzoneManagerProtocolServerSideTranslatorPB.java:175) ~[ozone-manager-1.3.0-SNAPSHOT.jar:?]
	at org.apache.hadoop.hdds.server.OzoneProtocolMessageDispatcher.processRequest(OzoneProtocolMessageDispatcher.java:87) [hdds-server-framework-1.3.0-SNAPSHOT.jar:?]
	at org.apache.hadoop.ozone.protocolPB.OzoneManagerProtocolServerSideTranslatorPB.submitRequest(OzoneManagerProtocolServerSideTranslatorPB.java:147) [ozone-manager-1.3.0-SNAPSHOT.jar:?]
	at org.apache.hadoop.ozone.protocol.proto.OzoneManagerProtocolProtos$OzoneManagerService$2.callBlockingMethod(OzoneManagerProtocolProtos.java) [ozone-interface-client-1.3.0-SNAPSHOT.jar:?]
	at org.apache.hadoop.ipc.ProtobufRpcEngine$Server.processCall(ProtobufRpcEngine.java:466) [hadoop-common-3.3.1.jar:?]
	at org.apache.hadoop.ipc.ProtobufRpcEngine2$Server$ProtoBufRpcInvoker.call(ProtobufRpcEngine2.java:574) [hadoop-common-3.3.1.jar:?]
	at org.apache.hadoop.ipc.ProtobufRpcEngine2$Server$ProtoBufRpcInvoker.call(ProtobufRpcEngine2.java:552) [hadoop-common-3.3.1.jar:?]
	at org.apache.hadoop.ipc.RPC$Server.call(RPC.java:1093) [hadoop-common-3.3.1.jar:?]
	at org.apache.hadoop.ipc.Server$RpcCall.run(Server.java:1035) [hadoop-common-3.3.1.jar:?]
	at org.apache.hadoop.ipc.Server$RpcCall.run(Server.java:963) [hadoop-common-3.3.1.jar:?]
	at java.security.AccessController.doPrivileged(Native Method) ~[?:1.8.0_345]
	at javax.security.auth.Subject.doAs(Subject.java:422) [?:1.8.0_345]
	at org.apache.hadoop.security.UserGroupInformation.doAs(UserGroupInformation.java:1878) [hadoop-common-3.3.1.jar:?]
	at org.apache.hadoop.ipc.Server$Handler.run(Server.java:2966) [hadoop-common-3.3.1.jar:?]
2022-10-09 13:07:27,192 [Time-limited test] WARN  ozone.BasicOzoneFileSystem (BasicOzoneFileSystem.java:getFileStatus(765)) - GetFileStatus failed for path o3fs://bucket11878.volume52841/root/dir1
java.io.FileNotFoundException: root/dir1: No such file or directory!
	at org.apache.hadoop.fs.ozone.BasicOzoneClientAdapterImpl.getFileStatus(BasicOzoneClientAdapterImpl.java:369)
	at org.apache.hadoop.fs.ozone.BasicOzoneFileSystem.getFileStatus(BasicOzoneFileSystem.java:757)
	at org.apache.hadoop.fs.ozone.BasicOzoneFileSystem.rename(BasicOzoneFileSystem.java:339)
	at org.apache.hadoop.fs.ozone.TestOzoneFileSystem.testRenameWithNonExistentSource(TestOzoneFileSystem.java:1096)
	at sun.reflect.NativeMethodAccessorImpl.invoke0(Native Method)
	at sun.reflect.NativeMethodAccessorImpl.invoke(NativeMethodAccessorImpl.java:62)
	at sun.reflect.DelegatingMethodAccessorImpl.invoke(DelegatingMethodAccessorImpl.java:43)
	at java.lang.reflect.Method.invoke(Method.java:498)
	at org.junit.runners.model.FrameworkMethod$1.runReflectiveCall(FrameworkMethod.java:59)
	at org.junit.internal.runners.model.ReflectiveCallable.run(ReflectiveCallable.java:12)
	at org.junit.runners.model.FrameworkMethod.invokeExplosively(FrameworkMethod.java:56)
	at org.junit.internal.runners.statements.InvokeMethod.evaluate(InvokeMethod.java:17)
	at org.junit.internal.runners.statements.RunAfters.evaluate(RunAfters.java:27)
	at org.junit.internal.runners.statements.FailOnTimeout$CallableStatement.call(FailOnTimeout.java:288)
	at org.junit.internal.runners.statements.FailOnTimeout$CallableStatement.call(FailOnTimeout.java:282)
	at java.util.concurrent.FutureTask.run(FutureTask.java:266)
	at java.lang.Thread.run(Thread.java:750)
]]></system-out>
  </testcase>
  <testcase name="testRenameWithNonExistentSource" classname="TestOzoneFileSystem" time="0.022">
    <system-out><![CDATA[2022-10-09 13:09:35,512 [Time-limited test] INFO  ozone.TestOzoneFileSystem (TestOzoneFileSystem.java:testRenameWithNonExistentSource(1092)) - Created destin dir: o3fs://bucket90791.volume25253/root/dir2
2022-10-09 13:09:35,512 [Time-limited test] INFO  ozone.TestOzoneFileSystem (TestOzoneFileSystem.java:testRenameWithNonExistentSource(1094)) - Rename op-> source:o3fs://bucket90791.volume25253/root/dir1 to destin:o3fs://bucket90791.volume25253/root/dir2}
13:09:35.512 [IPC Server handler 4 on default port 34869] ERROR OMAudit - user=runner | ip=127.0.0.1 | op=GET_FILE_STATUS {volume=volume25253, bucket=bucket90791, key=root/dir1, dataSize=0, replicationConfig=null} | ret=FAILURE
org.apache.hadoop.ozone.om.exceptions.OMException: Unable to get file status: volume: volume25253 bucket: bucket90791 key: root/dir1
	at org.apache.hadoop.ozone.om.KeyManagerImpl.getOzoneFileStatus(KeyManagerImpl.java:1270) ~[ozone-manager-1.3.0-SNAPSHOT.jar:?]
	at org.apache.hadoop.ozone.om.KeyManagerImpl.getFileStatus(KeyManagerImpl.java:1200) ~[ozone-manager-1.3.0-SNAPSHOT.jar:?]
	at org.apache.hadoop.ozone.om.OzoneManager.getFileStatus(OzoneManager.java:3507) ~[ozone-manager-1.3.0-SNAPSHOT.jar:?]
	at org.apache.hadoop.ozone.protocolPB.OzoneManagerRequestHandler.getOzoneFileStatus(OzoneManagerRequestHandler.java:882) ~[ozone-manager-1.3.0-SNAPSHOT.jar:?]
	at org.apache.hadoop.ozone.protocolPB.OzoneManagerRequestHandler.handleReadRequest(OzoneManagerRequestHandler.java:228) ~[ozone-manager-1.3.0-SNAPSHOT.jar:?]
	at org.apache.hadoop.ozone.protocolPB.OzoneManagerProtocolServerSideTranslatorPB.submitRequestDirectlyToOM(OzoneManagerProtocolServerSideTranslatorPB.java:276) ~[ozone-manager-1.3.0-SNAPSHOT.jar:?]
	at org.apache.hadoop.ozone.protocolPB.OzoneManagerProtocolServerSideTranslatorPB.processRequest(OzoneManagerProtocolServerSideTranslatorPB.java:205) ~[ozone-manager-1.3.0-SNAPSHOT.jar:?]
	at org.apache.hadoop.hdds.server.OzoneProtocolMessageDispatcher.processRequest(OzoneProtocolMessageDispatcher.java:87) [hdds-server-framework-1.3.0-SNAPSHOT.jar:?]
	at org.apache.hadoop.ozone.protocolPB.OzoneManagerProtocolServerSideTranslatorPB.submitRequest(OzoneManagerProtocolServerSideTranslatorPB.java:147) [ozone-manager-1.3.0-SNAPSHOT.jar:?]
	at org.apache.hadoop.ozone.protocol.proto.OzoneManagerProtocolProtos$OzoneManagerService$2.callBlockingMethod(OzoneManagerProtocolProtos.java) [ozone-interface-client-1.3.0-SNAPSHOT.jar:?]
	at org.apache.hadoop.ipc.ProtobufRpcEngine$Server.processCall(ProtobufRpcEngine.java:466) [hadoop-common-3.3.1.jar:?]
	at org.apache.hadoop.ipc.ProtobufRpcEngine2$Server$ProtoBufRpcInvoker.call(ProtobufRpcEngine2.java:574) [hadoop-common-3.3.1.jar:?]
	at org.apache.hadoop.ipc.ProtobufRpcEngine2$Server$ProtoBufRpcInvoker.call(ProtobufRpcEngine2.java:552) [hadoop-common-3.3.1.jar:?]
	at org.apache.hadoop.ipc.RPC$Server.call(RPC.java:1093) [hadoop-common-3.3.1.jar:?]
	at org.apache.hadoop.ipc.Server$RpcCall.run(Server.java:1035) [hadoop-common-3.3.1.jar:?]
	at org.apache.hadoop.ipc.Server$RpcCall.run(Server.java:963) [hadoop-common-3.3.1.jar:?]
	at java.security.AccessController.doPrivileged(Native Method) ~[?:1.8.0_345]
	at javax.security.auth.Subject.doAs(Subject.java:422) [?:1.8.0_345]
	at org.apache.hadoop.security.UserGroupInformation.doAs(UserGroupInformation.java:1878) [hadoop-common-3.3.1.jar:?]
	at org.apache.hadoop.ipc.Server$Handler.run(Server.java:2966) [hadoop-common-3.3.1.jar:?]
2022-10-09 13:09:35,513 [Time-limited test] WARN  ozone.BasicOzoneFileSystem (BasicOzoneFileSystem.java:getFileStatus(765)) - GetFileStatus failed for path o3fs://bucket90791.volume25253/root/dir1
java.io.FileNotFoundException: root/dir1: No such file or directory!
	at org.apache.hadoop.fs.ozone.BasicOzoneClientAdapterImpl.getFileStatus(BasicOzoneClientAdapterImpl.java:369)
	at org.apache.hadoop.fs.ozone.BasicOzoneFileSystem.getFileStatus(BasicOzoneFileSystem.java:757)
	at org.apache.hadoop.fs.ozone.BasicOzoneFileSystem.rename(BasicOzoneFileSystem.java:339)
	at org.apache.hadoop.fs.ozone.TestOzoneFileSystem.testRenameWithNonExistentSource(TestOzoneFileSystem.java:1096)
	at sun.reflect.NativeMethodAccessorImpl.invoke0(Native Method)
	at sun.reflect.NativeMethodAccessorImpl.invoke(NativeMethodAccessorImpl.java:62)
	at sun.reflect.DelegatingMethodAccessorImpl.invoke(DelegatingMethodAccessorImpl.java:43)
	at java.lang.reflect.Method.invoke(Method.java:498)
	at org.junit.runners.model.FrameworkMethod$1.runReflectiveCall(FrameworkMethod.java:59)
	at org.junit.internal.runners.model.ReflectiveCallable.run(ReflectiveCallable.java:12)
	at org.junit.runners.model.FrameworkMethod.invokeExplosively(FrameworkMethod.java:56)
	at org.junit.internal.runners.statements.InvokeMethod.evaluate(InvokeMethod.java:17)
	at org.junit.internal.runners.statements.RunAfters.evaluate(RunAfters.java:27)
	at org.junit.internal.runners.statements.FailOnTimeout$CallableStatement.call(FailOnTimeout.java:288)
	at org.junit.internal.runners.statements.FailOnTimeout$CallableStatement.call(FailOnTimeout.java:282)
	at java.util.concurrent.FutureTask.run(FutureTask.java:266)
	at java.lang.Thread.run(Thread.java:750)
]]></system-out>
  </testcase>
  <testcase name="testRenameToParentDir" classname="TestOzoneFileSystem" time="0.053">
    <system-out><![CDATA[13:04:21.216 [IPC Server handler 5 on default port 37457] ERROR OMAudit - user=runner | ip=127.0.0.1 | op=LIST_STATUS {volume=volume94578, bucket=bucket60014, key=root_dir/dir2, dataSize=0, replicationConfig=null} | ret=FAILURE
org.apache.hadoop.ozone.om.exceptions.OMException: Unable to get file status: volume: volume94578 bucket: bucket60014 key: root_dir/dir2
	at org.apache.hadoop.ozone.om.KeyManagerImpl.getOzoneFileStatus(KeyManagerImpl.java:1270) ~[ozone-manager-1.3.0-SNAPSHOT.jar:?]
	at org.apache.hadoop.ozone.om.KeyManagerImpl.getFileStatus(KeyManagerImpl.java:1200) ~[ozone-manager-1.3.0-SNAPSHOT.jar:?]
	at org.apache.hadoop.ozone.om.KeyManagerImpl.listStatus(KeyManagerImpl.java:1518) ~[ozone-manager-1.3.0-SNAPSHOT.jar:?]
	at org.apache.hadoop.ozone.om.OzoneManager.listStatus(OzoneManager.java:3585) ~[ozone-manager-1.3.0-SNAPSHOT.jar:?]
	at org.apache.hadoop.ozone.protocolPB.OzoneManagerRequestHandler.listStatus(OzoneManagerRequestHandler.java:1072) ~[ozone-manager-1.3.0-SNAPSHOT.jar:?]
	at org.apache.hadoop.ozone.protocolPB.OzoneManagerRequestHandler.handleReadRequest(OzoneManagerRequestHandler.java:239) ~[ozone-manager-1.3.0-SNAPSHOT.jar:?]
	at org.apache.hadoop.ozone.protocolPB.OzoneManagerProtocolServerSideTranslatorPB.submitReadRequestToOM(OzoneManagerProtocolServerSideTranslatorPB.java:226) ~[ozone-manager-1.3.0-SNAPSHOT.jar:?]
	at org.apache.hadoop.ozone.protocolPB.OzoneManagerProtocolServerSideTranslatorPB.processRequest(OzoneManagerProtocolServerSideTranslatorPB.java:175) ~[ozone-manager-1.3.0-SNAPSHOT.jar:?]
	at org.apache.hadoop.hdds.server.OzoneProtocolMessageDispatcher.processRequest(OzoneProtocolMessageDispatcher.java:87) [hdds-server-framework-1.3.0-SNAPSHOT.jar:?]
	at org.apache.hadoop.ozone.protocolPB.OzoneManagerProtocolServerSideTranslatorPB.submitRequest(OzoneManagerProtocolServerSideTranslatorPB.java:147) [ozone-manager-1.3.0-SNAPSHOT.jar:?]
	at org.apache.hadoop.ozone.protocol.proto.OzoneManagerProtocolProtos$OzoneManagerService$2.callBlockingMethod(OzoneManagerProtocolProtos.java) [ozone-interface-client-1.3.0-SNAPSHOT.jar:?]
	at org.apache.hadoop.ipc.ProtobufRpcEngine$Server.processCall(ProtobufRpcEngine.java:466) [hadoop-common-3.3.1.jar:?]
	at org.apache.hadoop.ipc.ProtobufRpcEngine2$Server$ProtoBufRpcInvoker.call(ProtobufRpcEngine2.java:574) [hadoop-common-3.3.1.jar:?]
	at org.apache.hadoop.ipc.ProtobufRpcEngine2$Server$ProtoBufRpcInvoker.call(ProtobufRpcEngine2.java:552) [hadoop-common-3.3.1.jar:?]
	at org.apache.hadoop.ipc.RPC$Server.call(RPC.java:1093) [hadoop-common-3.3.1.jar:?]
	at org.apache.hadoop.ipc.Server$RpcCall.run(Server.java:1035) [hadoop-common-3.3.1.jar:?]
	at org.apache.hadoop.ipc.Server$RpcCall.run(Server.java:963) [hadoop-common-3.3.1.jar:?]
	at java.security.AccessController.doPrivileged(Native Method) ~[?:1.8.0_345]
	at javax.security.auth.Subject.doAs(Subject.java:422) [?:1.8.0_345]
	at org.apache.hadoop.security.UserGroupInformation.doAs(UserGroupInformation.java:1878) [hadoop-common-3.3.1.jar:?]
	at org.apache.hadoop.ipc.Server$Handler.run(Server.java:2966) [hadoop-common-3.3.1.jar:?]
13:04:21.228 [IPC Server handler 12 on default port 37457] ERROR OMAudit - user=runner | ip=127.0.0.1 | op=LIST_STATUS {volume=volume94578, bucket=bucket60014, key=root_dir/file2, dataSize=0, replicationConfig=null} | ret=FAILURE
org.apache.hadoop.ozone.om.exceptions.OMException: Unable to get file status: volume: volume94578 bucket: bucket60014 key: root_dir/file2
	at org.apache.hadoop.ozone.om.KeyManagerImpl.getOzoneFileStatus(KeyManagerImpl.java:1270) ~[ozone-manager-1.3.0-SNAPSHOT.jar:?]
	at org.apache.hadoop.ozone.om.KeyManagerImpl.getFileStatus(KeyManagerImpl.java:1200) ~[ozone-manager-1.3.0-SNAPSHOT.jar:?]
	at org.apache.hadoop.ozone.om.KeyManagerImpl.listStatus(KeyManagerImpl.java:1518) ~[ozone-manager-1.3.0-SNAPSHOT.jar:?]
	at org.apache.hadoop.ozone.om.OzoneManager.listStatus(OzoneManager.java:3585) ~[ozone-manager-1.3.0-SNAPSHOT.jar:?]
	at org.apache.hadoop.ozone.protocolPB.OzoneManagerRequestHandler.listStatus(OzoneManagerRequestHandler.java:1072) ~[ozone-manager-1.3.0-SNAPSHOT.jar:?]
	at org.apache.hadoop.ozone.protocolPB.OzoneManagerRequestHandler.handleReadRequest(OzoneManagerRequestHandler.java:239) ~[ozone-manager-1.3.0-SNAPSHOT.jar:?]
	at org.apache.hadoop.ozone.protocolPB.OzoneManagerProtocolServerSideTranslatorPB.submitReadRequestToOM(OzoneManagerProtocolServerSideTranslatorPB.java:226) ~[ozone-manager-1.3.0-SNAPSHOT.jar:?]
	at org.apache.hadoop.ozone.protocolPB.OzoneManagerProtocolServerSideTranslatorPB.processRequest(OzoneManagerProtocolServerSideTranslatorPB.java:175) ~[ozone-manager-1.3.0-SNAPSHOT.jar:?]
	at org.apache.hadoop.hdds.server.OzoneProtocolMessageDispatcher.processRequest(OzoneProtocolMessageDispatcher.java:87) [hdds-server-framework-1.3.0-SNAPSHOT.jar:?]
	at org.apache.hadoop.ozone.protocolPB.OzoneManagerProtocolServerSideTranslatorPB.submitRequest(OzoneManagerProtocolServerSideTranslatorPB.java:147) [ozone-manager-1.3.0-SNAPSHOT.jar:?]
	at org.apache.hadoop.ozone.protocol.proto.OzoneManagerProtocolProtos$OzoneManagerService$2.callBlockingMethod(OzoneManagerProtocolProtos.java) [ozone-interface-client-1.3.0-SNAPSHOT.jar:?]
	at org.apache.hadoop.ipc.ProtobufRpcEngine$Server.processCall(ProtobufRpcEngine.java:466) [hadoop-common-3.3.1.jar:?]
	at org.apache.hadoop.ipc.ProtobufRpcEngine2$Server$ProtoBufRpcInvoker.call(ProtobufRpcEngine2.java:574) [hadoop-common-3.3.1.jar:?]
	at org.apache.hadoop.ipc.ProtobufRpcEngine2$Server$ProtoBufRpcInvoker.call(ProtobufRpcEngine2.java:552) [hadoop-common-3.3.1.jar:?]
	at org.apache.hadoop.ipc.RPC$Server.call(RPC.java:1093) [hadoop-common-3.3.1.jar:?]
	at org.apache.hadoop.ipc.Server$RpcCall.run(Server.java:1035) [hadoop-common-3.3.1.jar:?]
	at org.apache.hadoop.ipc.Server$RpcCall.run(Server.java:963) [hadoop-common-3.3.1.jar:?]
	at java.security.AccessController.doPrivileged(Native Method) ~[?:1.8.0_345]
	at javax.security.auth.Subject.doAs(Subject.java:422) [?:1.8.0_345]
	at org.apache.hadoop.security.UserGroupInformation.doAs(UserGroupInformation.java:1878) [hadoop-common-3.3.1.jar:?]
	at org.apache.hadoop.ipc.Server$Handler.run(Server.java:2966) [hadoop-common-3.3.1.jar:?]
]]></system-out>
  </testcase>
  <testcase name="testRenameToParentDir" classname="TestOzoneFileSystem" time="0.05">
    <system-out><![CDATA[13:05:57.614 [IPC Server handler 9 on default port 44209] ERROR OMAudit - user=runner | ip=127.0.0.1 | op=LIST_STATUS {volume=volume66281, bucket=bucket85504, key=root_dir/dir2, dataSize=0, replicationConfig=null} | ret=FAILURE
org.apache.hadoop.ozone.om.exceptions.OMException: Unable to get file status: volume: volume66281 bucket: bucket85504 key: root_dir/dir2
	at org.apache.hadoop.ozone.om.KeyManagerImpl.getOzoneFileStatus(KeyManagerImpl.java:1270) ~[ozone-manager-1.3.0-SNAPSHOT.jar:?]
	at org.apache.hadoop.ozone.om.KeyManagerImpl.getFileStatus(KeyManagerImpl.java:1200) ~[ozone-manager-1.3.0-SNAPSHOT.jar:?]
	at org.apache.hadoop.ozone.om.KeyManagerImpl.listStatus(KeyManagerImpl.java:1518) ~[ozone-manager-1.3.0-SNAPSHOT.jar:?]
	at org.apache.hadoop.ozone.om.OzoneManager.listStatus(OzoneManager.java:3585) ~[ozone-manager-1.3.0-SNAPSHOT.jar:?]
	at org.apache.hadoop.ozone.protocolPB.OzoneManagerRequestHandler.listStatus(OzoneManagerRequestHandler.java:1072) ~[ozone-manager-1.3.0-SNAPSHOT.jar:?]
	at org.apache.hadoop.ozone.protocolPB.OzoneManagerRequestHandler.handleReadRequest(OzoneManagerRequestHandler.java:239) ~[ozone-manager-1.3.0-SNAPSHOT.jar:?]
	at org.apache.hadoop.ozone.protocolPB.OzoneManagerProtocolServerSideTranslatorPB.submitRequestDirectlyToOM(OzoneManagerProtocolServerSideTranslatorPB.java:276) ~[ozone-manager-1.3.0-SNAPSHOT.jar:?]
	at org.apache.hadoop.ozone.protocolPB.OzoneManagerProtocolServerSideTranslatorPB.processRequest(OzoneManagerProtocolServerSideTranslatorPB.java:205) ~[ozone-manager-1.3.0-SNAPSHOT.jar:?]
	at org.apache.hadoop.hdds.server.OzoneProtocolMessageDispatcher.processRequest(OzoneProtocolMessageDispatcher.java:87) [hdds-server-framework-1.3.0-SNAPSHOT.jar:?]
	at org.apache.hadoop.ozone.protocolPB.OzoneManagerProtocolServerSideTranslatorPB.submitRequest(OzoneManagerProtocolServerSideTranslatorPB.java:147) [ozone-manager-1.3.0-SNAPSHOT.jar:?]
	at org.apache.hadoop.ozone.protocol.proto.OzoneManagerProtocolProtos$OzoneManagerService$2.callBlockingMethod(OzoneManagerProtocolProtos.java) [ozone-interface-client-1.3.0-SNAPSHOT.jar:?]
	at org.apache.hadoop.ipc.ProtobufRpcEngine$Server.processCall(ProtobufRpcEngine.java:466) [hadoop-common-3.3.1.jar:?]
	at org.apache.hadoop.ipc.ProtobufRpcEngine2$Server$ProtoBufRpcInvoker.call(ProtobufRpcEngine2.java:574) [hadoop-common-3.3.1.jar:?]
	at org.apache.hadoop.ipc.ProtobufRpcEngine2$Server$ProtoBufRpcInvoker.call(ProtobufRpcEngine2.java:552) [hadoop-common-3.3.1.jar:?]
	at org.apache.hadoop.ipc.RPC$Server.call(RPC.java:1093) [hadoop-common-3.3.1.jar:?]
	at org.apache.hadoop.ipc.Server$RpcCall.run(Server.java:1035) [hadoop-common-3.3.1.jar:?]
	at org.apache.hadoop.ipc.Server$RpcCall.run(Server.java:963) [hadoop-common-3.3.1.jar:?]
	at java.security.AccessController.doPrivileged(Native Method) ~[?:1.8.0_345]
	at javax.security.auth.Subject.doAs(Subject.java:422) [?:1.8.0_345]
	at org.apache.hadoop.security.UserGroupInformation.doAs(UserGroupInformation.java:1878) [hadoop-common-3.3.1.jar:?]
	at org.apache.hadoop.ipc.Server$Handler.run(Server.java:2966) [hadoop-common-3.3.1.jar:?]
13:05:57.624 [IPC Server handler 11 on default port 44209] ERROR OMAudit - user=runner | ip=127.0.0.1 | op=LIST_STATUS {volume=volume66281, bucket=bucket85504, key=root_dir/file2, dataSize=0, replicationConfig=null} | ret=FAILURE
org.apache.hadoop.ozone.om.exceptions.OMException: Unable to get file status: volume: volume66281 bucket: bucket85504 key: root_dir/file2
	at org.apache.hadoop.ozone.om.KeyManagerImpl.getOzoneFileStatus(KeyManagerImpl.java:1270) ~[ozone-manager-1.3.0-SNAPSHOT.jar:?]
	at org.apache.hadoop.ozone.om.KeyManagerImpl.getFileStatus(KeyManagerImpl.java:1200) ~[ozone-manager-1.3.0-SNAPSHOT.jar:?]
	at org.apache.hadoop.ozone.om.KeyManagerImpl.listStatus(KeyManagerImpl.java:1518) ~[ozone-manager-1.3.0-SNAPSHOT.jar:?]
	at org.apache.hadoop.ozone.om.OzoneManager.listStatus(OzoneManager.java:3585) ~[ozone-manager-1.3.0-SNAPSHOT.jar:?]
	at org.apache.hadoop.ozone.protocolPB.OzoneManagerRequestHandler.listStatus(OzoneManagerRequestHandler.java:1072) ~[ozone-manager-1.3.0-SNAPSHOT.jar:?]
	at org.apache.hadoop.ozone.protocolPB.OzoneManagerRequestHandler.handleReadRequest(OzoneManagerRequestHandler.java:239) ~[ozone-manager-1.3.0-SNAPSHOT.jar:?]
	at org.apache.hadoop.ozone.protocolPB.OzoneManagerProtocolServerSideTranslatorPB.submitRequestDirectlyToOM(OzoneManagerProtocolServerSideTranslatorPB.java:276) ~[ozone-manager-1.3.0-SNAPSHOT.jar:?]
	at org.apache.hadoop.ozone.protocolPB.OzoneManagerProtocolServerSideTranslatorPB.processRequest(OzoneManagerProtocolServerSideTranslatorPB.java:205) ~[ozone-manager-1.3.0-SNAPSHOT.jar:?]
	at org.apache.hadoop.hdds.server.OzoneProtocolMessageDispatcher.processRequest(OzoneProtocolMessageDispatcher.java:87) [hdds-server-framework-1.3.0-SNAPSHOT.jar:?]
	at org.apache.hadoop.ozone.protocolPB.OzoneManagerProtocolServerSideTranslatorPB.submitRequest(OzoneManagerProtocolServerSideTranslatorPB.java:147) [ozone-manager-1.3.0-SNAPSHOT.jar:?]
	at org.apache.hadoop.ozone.protocol.proto.OzoneManagerProtocolProtos$OzoneManagerService$2.callBlockingMethod(OzoneManagerProtocolProtos.java) [ozone-interface-client-1.3.0-SNAPSHOT.jar:?]
	at org.apache.hadoop.ipc.ProtobufRpcEngine$Server.processCall(ProtobufRpcEngine.java:466) [hadoop-common-3.3.1.jar:?]
	at org.apache.hadoop.ipc.ProtobufRpcEngine2$Server$ProtoBufRpcInvoker.call(ProtobufRpcEngine2.java:574) [hadoop-common-3.3.1.jar:?]
	at org.apache.hadoop.ipc.ProtobufRpcEngine2$Server$ProtoBufRpcInvoker.call(ProtobufRpcEngine2.java:552) [hadoop-common-3.3.1.jar:?]
	at org.apache.hadoop.ipc.RPC$Server.call(RPC.java:1093) [hadoop-common-3.3.1.jar:?]
	at org.apache.hadoop.ipc.Server$RpcCall.run(Server.java:1035) [hadoop-common-3.3.1.jar:?]
	at org.apache.hadoop.ipc.Server$RpcCall.run(Server.java:963) [hadoop-common-3.3.1.jar:?]
	at java.security.AccessController.doPrivileged(Native Method) ~[?:1.8.0_345]
	at javax.security.auth.Subject.doAs(Subject.java:422) [?:1.8.0_345]
	at org.apache.hadoop.security.UserGroupInformation.doAs(UserGroupInformation.java:1878) [hadoop-common-3.3.1.jar:?]
	at org.apache.hadoop.ipc.Server$Handler.run(Server.java:2966) [hadoop-common-3.3.1.jar:?]
]]></system-out>
  </testcase>
  <testcase name="testRenameToParentDir" classname="TestOzoneFileSystem" time="0.047">
    <system-out><![CDATA[13:07:27.227 [IPC Server handler 13 on default port 33359] ERROR OMAudit - user=runner | ip=127.0.0.1 | op=LIST_STATUS {volume=volume52841, bucket=bucket11878, key=root_dir/dir2, dataSize=0, replicationConfig=null} | ret=FAILURE
org.apache.hadoop.ozone.om.exceptions.OMException: Unable to get file status: volume: volume52841 bucket: bucket11878 key: root_dir/dir2
	at org.apache.hadoop.ozone.om.KeyManagerImpl.getOzoneFileStatus(KeyManagerImpl.java:1270) ~[ozone-manager-1.3.0-SNAPSHOT.jar:?]
	at org.apache.hadoop.ozone.om.KeyManagerImpl.getFileStatus(KeyManagerImpl.java:1200) ~[ozone-manager-1.3.0-SNAPSHOT.jar:?]
	at org.apache.hadoop.ozone.om.KeyManagerImpl.listStatus(KeyManagerImpl.java:1518) ~[ozone-manager-1.3.0-SNAPSHOT.jar:?]
	at org.apache.hadoop.ozone.om.OzoneManager.listStatus(OzoneManager.java:3585) ~[ozone-manager-1.3.0-SNAPSHOT.jar:?]
	at org.apache.hadoop.ozone.protocolPB.OzoneManagerRequestHandler.listStatus(OzoneManagerRequestHandler.java:1072) ~[ozone-manager-1.3.0-SNAPSHOT.jar:?]
	at org.apache.hadoop.ozone.protocolPB.OzoneManagerRequestHandler.handleReadRequest(OzoneManagerRequestHandler.java:239) ~[ozone-manager-1.3.0-SNAPSHOT.jar:?]
	at org.apache.hadoop.ozone.protocolPB.OzoneManagerProtocolServerSideTranslatorPB.submitReadRequestToOM(OzoneManagerProtocolServerSideTranslatorPB.java:226) ~[ozone-manager-1.3.0-SNAPSHOT.jar:?]
	at org.apache.hadoop.ozone.protocolPB.OzoneManagerProtocolServerSideTranslatorPB.processRequest(OzoneManagerProtocolServerSideTranslatorPB.java:175) ~[ozone-manager-1.3.0-SNAPSHOT.jar:?]
	at org.apache.hadoop.hdds.server.OzoneProtocolMessageDispatcher.processRequest(OzoneProtocolMessageDispatcher.java:87) [hdds-server-framework-1.3.0-SNAPSHOT.jar:?]
	at org.apache.hadoop.ozone.protocolPB.OzoneManagerProtocolServerSideTranslatorPB.submitRequest(OzoneManagerProtocolServerSideTranslatorPB.java:147) [ozone-manager-1.3.0-SNAPSHOT.jar:?]
	at org.apache.hadoop.ozone.protocol.proto.OzoneManagerProtocolProtos$OzoneManagerService$2.callBlockingMethod(OzoneManagerProtocolProtos.java) [ozone-interface-client-1.3.0-SNAPSHOT.jar:?]
	at org.apache.hadoop.ipc.ProtobufRpcEngine$Server.processCall(ProtobufRpcEngine.java:466) [hadoop-common-3.3.1.jar:?]
	at org.apache.hadoop.ipc.ProtobufRpcEngine2$Server$ProtoBufRpcInvoker.call(ProtobufRpcEngine2.java:574) [hadoop-common-3.3.1.jar:?]
	at org.apache.hadoop.ipc.ProtobufRpcEngine2$Server$ProtoBufRpcInvoker.call(ProtobufRpcEngine2.java:552) [hadoop-common-3.3.1.jar:?]
	at org.apache.hadoop.ipc.RPC$Server.call(RPC.java:1093) [hadoop-common-3.3.1.jar:?]
	at org.apache.hadoop.ipc.Server$RpcCall.run(Server.java:1035) [hadoop-common-3.3.1.jar:?]
	at org.apache.hadoop.ipc.Server$RpcCall.run(Server.java:963) [hadoop-common-3.3.1.jar:?]
	at java.security.AccessController.doPrivileged(Native Method) ~[?:1.8.0_345]
	at javax.security.auth.Subject.doAs(Subject.java:422) [?:1.8.0_345]
	at org.apache.hadoop.security.UserGroupInformation.doAs(UserGroupInformation.java:1878) [hadoop-common-3.3.1.jar:?]
	at org.apache.hadoop.ipc.Server$Handler.run(Server.java:2966) [hadoop-common-3.3.1.jar:?]
13:07:27.231 [IPC Server handler 19 on default port 33359] ERROR OMAudit - user=runner | ip=127.0.0.1 | op=LIST_STATUS {volume=volume52841, bucket=bucket11878, key=root_dir/file2, dataSize=0, replicationConfig=null} | ret=FAILURE
org.apache.hadoop.ozone.om.exceptions.OMException: Unable to get file status: volume: volume52841 bucket: bucket11878 key: root_dir/file2
	at org.apache.hadoop.ozone.om.KeyManagerImpl.getOzoneFileStatus(KeyManagerImpl.java:1270) ~[ozone-manager-1.3.0-SNAPSHOT.jar:?]
	at org.apache.hadoop.ozone.om.KeyManagerImpl.getFileStatus(KeyManagerImpl.java:1200) ~[ozone-manager-1.3.0-SNAPSHOT.jar:?]
	at org.apache.hadoop.ozone.om.KeyManagerImpl.listStatus(KeyManagerImpl.java:1518) ~[ozone-manager-1.3.0-SNAPSHOT.jar:?]
	at org.apache.hadoop.ozone.om.OzoneManager.listStatus(OzoneManager.java:3585) ~[ozone-manager-1.3.0-SNAPSHOT.jar:?]
	at org.apache.hadoop.ozone.protocolPB.OzoneManagerRequestHandler.listStatus(OzoneManagerRequestHandler.java:1072) ~[ozone-manager-1.3.0-SNAPSHOT.jar:?]
	at org.apache.hadoop.ozone.protocolPB.OzoneManagerRequestHandler.handleReadRequest(OzoneManagerRequestHandler.java:239) ~[ozone-manager-1.3.0-SNAPSHOT.jar:?]
	at org.apache.hadoop.ozone.protocolPB.OzoneManagerProtocolServerSideTranslatorPB.submitReadRequestToOM(OzoneManagerProtocolServerSideTranslatorPB.java:226) ~[ozone-manager-1.3.0-SNAPSHOT.jar:?]
	at org.apache.hadoop.ozone.protocolPB.OzoneManagerProtocolServerSideTranslatorPB.processRequest(OzoneManagerProtocolServerSideTranslatorPB.java:175) ~[ozone-manager-1.3.0-SNAPSHOT.jar:?]
	at org.apache.hadoop.hdds.server.OzoneProtocolMessageDispatcher.processRequest(OzoneProtocolMessageDispatcher.java:87) [hdds-server-framework-1.3.0-SNAPSHOT.jar:?]
	at org.apache.hadoop.ozone.protocolPB.OzoneManagerProtocolServerSideTranslatorPB.submitRequest(OzoneManagerProtocolServerSideTranslatorPB.java:147) [ozone-manager-1.3.0-SNAPSHOT.jar:?]
	at org.apache.hadoop.ozone.protocol.proto.OzoneManagerProtocolProtos$OzoneManagerService$2.callBlockingMethod(OzoneManagerProtocolProtos.java) [ozone-interface-client-1.3.0-SNAPSHOT.jar:?]
	at org.apache.hadoop.ipc.ProtobufRpcEngine$Server.processCall(ProtobufRpcEngine.java:466) [hadoop-common-3.3.1.jar:?]
	at org.apache.hadoop.ipc.ProtobufRpcEngine2$Server$ProtoBufRpcInvoker.call(ProtobufRpcEngine2.java:574) [hadoop-common-3.3.1.jar:?]
	at org.apache.hadoop.ipc.ProtobufRpcEngine2$Server$ProtoBufRpcInvoker.call(ProtobufRpcEngine2.java:552) [hadoop-common-3.3.1.jar:?]
	at org.apache.hadoop.ipc.RPC$Server.call(RPC.java:1093) [hadoop-common-3.3.1.jar:?]
	at org.apache.hadoop.ipc.Server$RpcCall.run(Server.java:1035) [hadoop-common-3.3.1.jar:?]
	at org.apache.hadoop.ipc.Server$RpcCall.run(Server.java:963) [hadoop-common-3.3.1.jar:?]
	at java.security.AccessController.doPrivileged(Native Method) ~[?:1.8.0_345]
	at javax.security.auth.Subject.doAs(Subject.java:422) [?:1.8.0_345]
	at org.apache.hadoop.security.UserGroupInformation.doAs(UserGroupInformation.java:1878) [hadoop-common-3.3.1.jar:?]
	at org.apache.hadoop.ipc.Server$Handler.run(Server.java:2966) [hadoop-common-3.3.1.jar:?]
]]></system-out>
  </testcase>
  <testcase name="testRenameToParentDir" classname="TestOzoneFileSystem" time="0.05">
    <system-out><![CDATA[13:09:35.553 [IPC Server handler 15 on default port 34869] ERROR OMAudit - user=runner | ip=127.0.0.1 | op=LIST_STATUS {volume=volume25253, bucket=bucket90791, key=root_dir/dir2, dataSize=0, replicationConfig=null} | ret=FAILURE
org.apache.hadoop.ozone.om.exceptions.OMException: Unable to get file status: volume: volume25253 bucket: bucket90791 key: root_dir/dir2
	at org.apache.hadoop.ozone.om.KeyManagerImpl.getOzoneFileStatus(KeyManagerImpl.java:1270) ~[ozone-manager-1.3.0-SNAPSHOT.jar:?]
	at org.apache.hadoop.ozone.om.KeyManagerImpl.getFileStatus(KeyManagerImpl.java:1200) ~[ozone-manager-1.3.0-SNAPSHOT.jar:?]
	at org.apache.hadoop.ozone.om.KeyManagerImpl.listStatus(KeyManagerImpl.java:1518) ~[ozone-manager-1.3.0-SNAPSHOT.jar:?]
	at org.apache.hadoop.ozone.om.OzoneManager.listStatus(OzoneManager.java:3585) ~[ozone-manager-1.3.0-SNAPSHOT.jar:?]
	at org.apache.hadoop.ozone.protocolPB.OzoneManagerRequestHandler.listStatus(OzoneManagerRequestHandler.java:1072) ~[ozone-manager-1.3.0-SNAPSHOT.jar:?]
	at org.apache.hadoop.ozone.protocolPB.OzoneManagerRequestHandler.handleReadRequest(OzoneManagerRequestHandler.java:239) ~[ozone-manager-1.3.0-SNAPSHOT.jar:?]
	at org.apache.hadoop.ozone.protocolPB.OzoneManagerProtocolServerSideTranslatorPB.submitRequestDirectlyToOM(OzoneManagerProtocolServerSideTranslatorPB.java:276) ~[ozone-manager-1.3.0-SNAPSHOT.jar:?]
	at org.apache.hadoop.ozone.protocolPB.OzoneManagerProtocolServerSideTranslatorPB.processRequest(OzoneManagerProtocolServerSideTranslatorPB.java:205) ~[ozone-manager-1.3.0-SNAPSHOT.jar:?]
	at org.apache.hadoop.hdds.server.OzoneProtocolMessageDispatcher.processRequest(OzoneProtocolMessageDispatcher.java:87) [hdds-server-framework-1.3.0-SNAPSHOT.jar:?]
	at org.apache.hadoop.ozone.protocolPB.OzoneManagerProtocolServerSideTranslatorPB.submitRequest(OzoneManagerProtocolServerSideTranslatorPB.java:147) [ozone-manager-1.3.0-SNAPSHOT.jar:?]
	at org.apache.hadoop.ozone.protocol.proto.OzoneManagerProtocolProtos$OzoneManagerService$2.callBlockingMethod(OzoneManagerProtocolProtos.java) [ozone-interface-client-1.3.0-SNAPSHOT.jar:?]
	at org.apache.hadoop.ipc.ProtobufRpcEngine$Server.processCall(ProtobufRpcEngine.java:466) [hadoop-common-3.3.1.jar:?]
	at org.apache.hadoop.ipc.ProtobufRpcEngine2$Server$ProtoBufRpcInvoker.call(ProtobufRpcEngine2.java:574) [hadoop-common-3.3.1.jar:?]
	at org.apache.hadoop.ipc.ProtobufRpcEngine2$Server$ProtoBufRpcInvoker.call(ProtobufRpcEngine2.java:552) [hadoop-common-3.3.1.jar:?]
	at org.apache.hadoop.ipc.RPC$Server.call(RPC.java:1093) [hadoop-common-3.3.1.jar:?]
	at org.apache.hadoop.ipc.Server$RpcCall.run(Server.java:1035) [hadoop-common-3.3.1.jar:?]
	at org.apache.hadoop.ipc.Server$RpcCall.run(Server.java:963) [hadoop-common-3.3.1.jar:?]
	at java.security.AccessController.doPrivileged(Native Method) ~[?:1.8.0_345]
	at javax.security.auth.Subject.doAs(Subject.java:422) [?:1.8.0_345]
	at org.apache.hadoop.security.UserGroupInformation.doAs(UserGroupInformation.java:1878) [hadoop-common-3.3.1.jar:?]
	at org.apache.hadoop.ipc.Server$Handler.run(Server.java:2966) [hadoop-common-3.3.1.jar:?]
13:09:35.568 [IPC Server handler 1 on default port 34869] ERROR OMAudit - user=runner | ip=127.0.0.1 | op=LIST_STATUS {volume=volume25253, bucket=bucket90791, key=root_dir/file2, dataSize=0, replicationConfig=null} | ret=FAILURE
org.apache.hadoop.ozone.om.exceptions.OMException: Unable to get file status: volume: volume25253 bucket: bucket90791 key: root_dir/file2
	at org.apache.hadoop.ozone.om.KeyManagerImpl.getOzoneFileStatus(KeyManagerImpl.java:1270) ~[ozone-manager-1.3.0-SNAPSHOT.jar:?]
	at org.apache.hadoop.ozone.om.KeyManagerImpl.getFileStatus(KeyManagerImpl.java:1200) ~[ozone-manager-1.3.0-SNAPSHOT.jar:?]
	at org.apache.hadoop.ozone.om.KeyManagerImpl.listStatus(KeyManagerImpl.java:1518) ~[ozone-manager-1.3.0-SNAPSHOT.jar:?]
	at org.apache.hadoop.ozone.om.OzoneManager.listStatus(OzoneManager.java:3585) ~[ozone-manager-1.3.0-SNAPSHOT.jar:?]
	at org.apache.hadoop.ozone.protocolPB.OzoneManagerRequestHandler.listStatus(OzoneManagerRequestHandler.java:1072) ~[ozone-manager-1.3.0-SNAPSHOT.jar:?]
	at org.apache.hadoop.ozone.protocolPB.OzoneManagerRequestHandler.handleReadRequest(OzoneManagerRequestHandler.java:239) ~[ozone-manager-1.3.0-SNAPSHOT.jar:?]
	at org.apache.hadoop.ozone.protocolPB.OzoneManagerProtocolServerSideTranslatorPB.submitRequestDirectlyToOM(OzoneManagerProtocolServerSideTranslatorPB.java:276) ~[ozone-manager-1.3.0-SNAPSHOT.jar:?]
	at org.apache.hadoop.ozone.protocolPB.OzoneManagerProtocolServerSideTranslatorPB.processRequest(OzoneManagerProtocolServerSideTranslatorPB.java:205) ~[ozone-manager-1.3.0-SNAPSHOT.jar:?]
	at org.apache.hadoop.hdds.server.OzoneProtocolMessageDispatcher.processRequest(OzoneProtocolMessageDispatcher.java:87) [hdds-server-framework-1.3.0-SNAPSHOT.jar:?]
	at org.apache.hadoop.ozone.protocolPB.OzoneManagerProtocolServerSideTranslatorPB.submitRequest(OzoneManagerProtocolServerSideTranslatorPB.java:147) [ozone-manager-1.3.0-SNAPSHOT.jar:?]
	at org.apache.hadoop.ozone.protocol.proto.OzoneManagerProtocolProtos$OzoneManagerService$2.callBlockingMethod(OzoneManagerProtocolProtos.java) [ozone-interface-client-1.3.0-SNAPSHOT.jar:?]
	at org.apache.hadoop.ipc.ProtobufRpcEngine$Server.processCall(ProtobufRpcEngine.java:466) [hadoop-common-3.3.1.jar:?]
	at org.apache.hadoop.ipc.ProtobufRpcEngine2$Server$ProtoBufRpcInvoker.call(ProtobufRpcEngine2.java:574) [hadoop-common-3.3.1.jar:?]
	at org.apache.hadoop.ipc.ProtobufRpcEngine2$Server$ProtoBufRpcInvoker.call(ProtobufRpcEngine2.java:552) [hadoop-common-3.3.1.jar:?]
	at org.apache.hadoop.ipc.RPC$Server.call(RPC.java:1093) [hadoop-common-3.3.1.jar:?]
	at org.apache.hadoop.ipc.Server$RpcCall.run(Server.java:1035) [hadoop-common-3.3.1.jar:?]
	at org.apache.hadoop.ipc.Server$RpcCall.run(Server.java:963) [hadoop-common-3.3.1.jar:?]
	at java.security.AccessController.doPrivileged(Native Method) ~[?:1.8.0_345]
	at javax.security.auth.Subject.doAs(Subject.java:422) [?:1.8.0_345]
	at org.apache.hadoop.security.UserGroupInformation.doAs(UserGroupInformation.java:1878) [hadoop-common-3.3.1.jar:?]
	at org.apache.hadoop.ipc.Server$Handler.run(Server.java:2966) [hadoop-common-3.3.1.jar:?]
]]></system-out>
  </testcase>
  <testcase name="testListStatusOnSubDirs" classname="TestOzoneFileSystem" time="0.048"/>
  <testcase name="testListStatusOnSubDirs" classname="TestOzoneFileSystem" time="0.043"/>
  <testcase name="testListStatusOnSubDirs" classname="TestOzoneFileSystem" time="0.039"/>
  <testcase name="testListStatusOnSubDirs" classname="TestOzoneFileSystem" time="0.044"/>
  <testcase name="testListStatus" classname="TestOzoneFileSystem" time="0.06"/>
  <testcase name="testListStatus" classname="TestOzoneFileSystem" time="0.038"/>
  <testcase name="testListStatus" classname="TestOzoneFileSystem" time="0.08"/>
  <testcase name="testListStatus" classname="TestOzoneFileSystem" time="0.076"/>
  <testcase name="testRecursiveDelete" classname="TestOzoneFileSystem" time="0.283">
    <system-out><![CDATA[13:04:21.477 [IPC Server handler 13 on default port 37457] ERROR OMAudit - user=runner | ip=127.0.0.1 | op=GET_FILE_STATUS {volume=volume94578, bucket=bucket60014, key=gdir1, dataSize=0, replicationConfig=null} | ret=FAILURE
org.apache.hadoop.ozone.om.exceptions.OMException: Unable to get file status: volume: volume94578 bucket: bucket60014 key: gdir1
	at org.apache.hadoop.ozone.om.KeyManagerImpl.getOzoneFileStatus(KeyManagerImpl.java:1270) ~[ozone-manager-1.3.0-SNAPSHOT.jar:?]
	at org.apache.hadoop.ozone.om.KeyManagerImpl.getFileStatus(KeyManagerImpl.java:1200) ~[ozone-manager-1.3.0-SNAPSHOT.jar:?]
	at org.apache.hadoop.ozone.om.OzoneManager.getFileStatus(OzoneManager.java:3507) ~[ozone-manager-1.3.0-SNAPSHOT.jar:?]
	at org.apache.hadoop.ozone.protocolPB.OzoneManagerRequestHandler.getOzoneFileStatus(OzoneManagerRequestHandler.java:882) ~[ozone-manager-1.3.0-SNAPSHOT.jar:?]
	at org.apache.hadoop.ozone.protocolPB.OzoneManagerRequestHandler.handleReadRequest(OzoneManagerRequestHandler.java:228) ~[ozone-manager-1.3.0-SNAPSHOT.jar:?]
	at org.apache.hadoop.ozone.protocolPB.OzoneManagerProtocolServerSideTranslatorPB.submitReadRequestToOM(OzoneManagerProtocolServerSideTranslatorPB.java:226) ~[ozone-manager-1.3.0-SNAPSHOT.jar:?]
	at org.apache.hadoop.ozone.protocolPB.OzoneManagerProtocolServerSideTranslatorPB.processRequest(OzoneManagerProtocolServerSideTranslatorPB.java:175) ~[ozone-manager-1.3.0-SNAPSHOT.jar:?]
	at org.apache.hadoop.hdds.server.OzoneProtocolMessageDispatcher.processRequest(OzoneProtocolMessageDispatcher.java:87) [hdds-server-framework-1.3.0-SNAPSHOT.jar:?]
	at org.apache.hadoop.ozone.protocolPB.OzoneManagerProtocolServerSideTranslatorPB.submitRequest(OzoneManagerProtocolServerSideTranslatorPB.java:147) [ozone-manager-1.3.0-SNAPSHOT.jar:?]
	at org.apache.hadoop.ozone.protocol.proto.OzoneManagerProtocolProtos$OzoneManagerService$2.callBlockingMethod(OzoneManagerProtocolProtos.java) [ozone-interface-client-1.3.0-SNAPSHOT.jar:?]
	at org.apache.hadoop.ipc.ProtobufRpcEngine$Server.processCall(ProtobufRpcEngine.java:466) [hadoop-common-3.3.1.jar:?]
	at org.apache.hadoop.ipc.ProtobufRpcEngine2$Server$ProtoBufRpcInvoker.call(ProtobufRpcEngine2.java:574) [hadoop-common-3.3.1.jar:?]
	at org.apache.hadoop.ipc.ProtobufRpcEngine2$Server$ProtoBufRpcInvoker.call(ProtobufRpcEngine2.java:552) [hadoop-common-3.3.1.jar:?]
	at org.apache.hadoop.ipc.RPC$Server.call(RPC.java:1093) [hadoop-common-3.3.1.jar:?]
	at org.apache.hadoop.ipc.Server$RpcCall.run(Server.java:1035) [hadoop-common-3.3.1.jar:?]
	at org.apache.hadoop.ipc.Server$RpcCall.run(Server.java:963) [hadoop-common-3.3.1.jar:?]
	at java.security.AccessController.doPrivileged(Native Method) ~[?:1.8.0_345]
	at javax.security.auth.Subject.doAs(Subject.java:422) [?:1.8.0_345]
	at org.apache.hadoop.security.UserGroupInformation.doAs(UserGroupInformation.java:1878) [hadoop-common-3.3.1.jar:?]
	at org.apache.hadoop.ipc.Server$Handler.run(Server.java:2966) [hadoop-common-3.3.1.jar:?]
2022-10-09 13:04:21,478 [Time-limited test] WARN  ozone.BasicOzoneFileSystem (BasicOzoneFileSystem.java:getFileStatus(765)) - GetFileStatus failed for path /gdir1
java.io.FileNotFoundException: gdir1: No such file or directory!
	at org.apache.hadoop.fs.ozone.BasicOzoneClientAdapterImpl.getFileStatus(BasicOzoneClientAdapterImpl.java:369)
	at org.apache.hadoop.fs.ozone.BasicOzoneFileSystem.getFileStatus(BasicOzoneFileSystem.java:757)
	at org.apache.hadoop.fs.ozone.TestOzoneFileSystem.checkPath(TestOzoneFileSystem.java:502)
	at org.apache.hadoop.fs.ozone.TestOzoneFileSystem.testRecursiveDelete(TestOzoneFileSystem.java:452)
	at sun.reflect.NativeMethodAccessorImpl.invoke0(Native Method)
	at sun.reflect.NativeMethodAccessorImpl.invoke(NativeMethodAccessorImpl.java:62)
	at sun.reflect.DelegatingMethodAccessorImpl.invoke(DelegatingMethodAccessorImpl.java:43)
	at java.lang.reflect.Method.invoke(Method.java:498)
	at org.junit.runners.model.FrameworkMethod$1.runReflectiveCall(FrameworkMethod.java:59)
	at org.junit.internal.runners.model.ReflectiveCallable.run(ReflectiveCallable.java:12)
	at org.junit.runners.model.FrameworkMethod.invokeExplosively(FrameworkMethod.java:56)
	at org.junit.internal.runners.statements.InvokeMethod.evaluate(InvokeMethod.java:17)
	at org.junit.internal.runners.statements.RunAfters.evaluate(RunAfters.java:27)
	at org.junit.internal.runners.statements.FailOnTimeout$CallableStatement.call(FailOnTimeout.java:288)
	at org.junit.internal.runners.statements.FailOnTimeout$CallableStatement.call(FailOnTimeout.java:282)
	at java.util.concurrent.FutureTask.run(FutureTask.java:266)
	at java.lang.Thread.run(Thread.java:750)
13:04:21.479 [IPC Server handler 15 on default port 37457] ERROR OMAudit - user=runner | ip=127.0.0.1 | op=GET_FILE_STATUS {volume=volume94578, bucket=bucket60014, key=gdir1/dir1, dataSize=0, replicationConfig=null} | ret=FAILURE
org.apache.hadoop.ozone.om.exceptions.OMException: Unable to get file status: volume: volume94578 bucket: bucket60014 key: gdir1/dir1
	at org.apache.hadoop.ozone.om.KeyManagerImpl.getOzoneFileStatus(KeyManagerImpl.java:1270) ~[ozone-manager-1.3.0-SNAPSHOT.jar:?]
	at org.apache.hadoop.ozone.om.KeyManagerImpl.getFileStatus(KeyManagerImpl.java:1200) ~[ozone-manager-1.3.0-SNAPSHOT.jar:?]
	at org.apache.hadoop.ozone.om.OzoneManager.getFileStatus(OzoneManager.java:3507) ~[ozone-manager-1.3.0-SNAPSHOT.jar:?]
	at org.apache.hadoop.ozone.protocolPB.OzoneManagerRequestHandler.getOzoneFileStatus(OzoneManagerRequestHandler.java:882) ~[ozone-manager-1.3.0-SNAPSHOT.jar:?]
	at org.apache.hadoop.ozone.protocolPB.OzoneManagerRequestHandler.handleReadRequest(OzoneManagerRequestHandler.java:228) ~[ozone-manager-1.3.0-SNAPSHOT.jar:?]
	at org.apache.hadoop.ozone.protocolPB.OzoneManagerProtocolServerSideTranslatorPB.submitReadRequestToOM(OzoneManagerProtocolServerSideTranslatorPB.java:226) ~[ozone-manager-1.3.0-SNAPSHOT.jar:?]
	at org.apache.hadoop.ozone.protocolPB.OzoneManagerProtocolServerSideTranslatorPB.processRequest(OzoneManagerProtocolServerSideTranslatorPB.java:175) ~[ozone-manager-1.3.0-SNAPSHOT.jar:?]
	at org.apache.hadoop.hdds.server.OzoneProtocolMessageDispatcher.processRequest(OzoneProtocolMessageDispatcher.java:87) [hdds-server-framework-1.3.0-SNAPSHOT.jar:?]
	at org.apache.hadoop.ozone.protocolPB.OzoneManagerProtocolServerSideTranslatorPB.submitRequest(OzoneManagerProtocolServerSideTranslatorPB.java:147) [ozone-manager-1.3.0-SNAPSHOT.jar:?]
	at org.apache.hadoop.ozone.protocol.proto.OzoneManagerProtocolProtos$OzoneManagerService$2.callBlockingMethod(OzoneManagerProtocolProtos.java) [ozone-interface-client-1.3.0-SNAPSHOT.jar:?]
	at org.apache.hadoop.ipc.ProtobufRpcEngine$Server.processCall(ProtobufRpcEngine.java:466) [hadoop-common-3.3.1.jar:?]
	at org.apache.hadoop.ipc.ProtobufRpcEngine2$Server$ProtoBufRpcInvoker.call(ProtobufRpcEngine2.java:574) [hadoop-common-3.3.1.jar:?]
	at org.apache.hadoop.ipc.ProtobufRpcEngine2$Server$ProtoBufRpcInvoker.call(ProtobufRpcEngine2.java:552) [hadoop-common-3.3.1.jar:?]
	at org.apache.hadoop.ipc.RPC$Server.call(RPC.java:1093) [hadoop-common-3.3.1.jar:?]
	at org.apache.hadoop.ipc.Server$RpcCall.run(Server.java:1035) [hadoop-common-3.3.1.jar:?]
	at org.apache.hadoop.ipc.Server$RpcCall.run(Server.java:963) [hadoop-common-3.3.1.jar:?]
	at java.security.AccessController.doPrivileged(Native Method) ~[?:1.8.0_345]
	at javax.security.auth.Subject.doAs(Subject.java:422) [?:1.8.0_345]
	at org.apache.hadoop.security.UserGroupInformation.doAs(UserGroupInformation.java:1878) [hadoop-common-3.3.1.jar:?]
	at org.apache.hadoop.ipc.Server$Handler.run(Server.java:2966) [hadoop-common-3.3.1.jar:?]
2022-10-09 13:04:21,480 [Time-limited test] WARN  ozone.BasicOzoneFileSystem (BasicOzoneFileSystem.java:getFileStatus(765)) - GetFileStatus failed for path /gdir1/dir1
java.io.FileNotFoundException: gdir1/dir1: No such file or directory!
	at org.apache.hadoop.fs.ozone.BasicOzoneClientAdapterImpl.getFileStatus(BasicOzoneClientAdapterImpl.java:369)
	at org.apache.hadoop.fs.ozone.BasicOzoneFileSystem.getFileStatus(BasicOzoneFileSystem.java:757)
	at org.apache.hadoop.fs.ozone.TestOzoneFileSystem.checkPath(TestOzoneFileSystem.java:502)
	at org.apache.hadoop.fs.ozone.TestOzoneFileSystem.testRecursiveDelete(TestOzoneFileSystem.java:457)
	at sun.reflect.NativeMethodAccessorImpl.invoke0(Native Method)
	at sun.reflect.NativeMethodAccessorImpl.invoke(NativeMethodAccessorImpl.java:62)
	at sun.reflect.DelegatingMethodAccessorImpl.invoke(DelegatingMethodAccessorImpl.java:43)
	at java.lang.reflect.Method.invoke(Method.java:498)
	at org.junit.runners.model.FrameworkMethod$1.runReflectiveCall(FrameworkMethod.java:59)
	at org.junit.internal.runners.model.ReflectiveCallable.run(ReflectiveCallable.java:12)
	at org.junit.runners.model.FrameworkMethod.invokeExplosively(FrameworkMethod.java:56)
	at org.junit.internal.runners.statements.InvokeMethod.evaluate(InvokeMethod.java:17)
	at org.junit.internal.runners.statements.RunAfters.evaluate(RunAfters.java:27)
	at org.junit.internal.runners.statements.FailOnTimeout$CallableStatement.call(FailOnTimeout.java:288)
	at org.junit.internal.runners.statements.FailOnTimeout$CallableStatement.call(FailOnTimeout.java:282)
	at java.util.concurrent.FutureTask.run(FutureTask.java:266)
	at java.lang.Thread.run(Thread.java:750)
13:04:21.481 [IPC Server handler 16 on default port 37457] ERROR OMAudit - user=runner | ip=127.0.0.1 | op=GET_FILE_STATUS {volume=volume94578, bucket=bucket60014, key=gdir1/dir1/child, dataSize=0, replicationConfig=null} | ret=FAILURE
org.apache.hadoop.ozone.om.exceptions.OMException: Unable to get file status: volume: volume94578 bucket: bucket60014 key: gdir1/dir1/child
	at org.apache.hadoop.ozone.om.KeyManagerImpl.getOzoneFileStatus(KeyManagerImpl.java:1270) ~[ozone-manager-1.3.0-SNAPSHOT.jar:?]
	at org.apache.hadoop.ozone.om.KeyManagerImpl.getFileStatus(KeyManagerImpl.java:1200) ~[ozone-manager-1.3.0-SNAPSHOT.jar:?]
	at org.apache.hadoop.ozone.om.OzoneManager.getFileStatus(OzoneManager.java:3507) ~[ozone-manager-1.3.0-SNAPSHOT.jar:?]
	at org.apache.hadoop.ozone.protocolPB.OzoneManagerRequestHandler.getOzoneFileStatus(OzoneManagerRequestHandler.java:882) ~[ozone-manager-1.3.0-SNAPSHOT.jar:?]
	at org.apache.hadoop.ozone.protocolPB.OzoneManagerRequestHandler.handleReadRequest(OzoneManagerRequestHandler.java:228) ~[ozone-manager-1.3.0-SNAPSHOT.jar:?]
	at org.apache.hadoop.ozone.protocolPB.OzoneManagerProtocolServerSideTranslatorPB.submitReadRequestToOM(OzoneManagerProtocolServerSideTranslatorPB.java:226) ~[ozone-manager-1.3.0-SNAPSHOT.jar:?]
	at org.apache.hadoop.ozone.protocolPB.OzoneManagerProtocolServerSideTranslatorPB.processRequest(OzoneManagerProtocolServerSideTranslatorPB.java:175) ~[ozone-manager-1.3.0-SNAPSHOT.jar:?]
	at org.apache.hadoop.hdds.server.OzoneProtocolMessageDispatcher.processRequest(OzoneProtocolMessageDispatcher.java:87) [hdds-server-framework-1.3.0-SNAPSHOT.jar:?]
	at org.apache.hadoop.ozone.protocolPB.OzoneManagerProtocolServerSideTranslatorPB.submitRequest(OzoneManagerProtocolServerSideTranslatorPB.java:147) [ozone-manager-1.3.0-SNAPSHOT.jar:?]
	at org.apache.hadoop.ozone.protocol.proto.OzoneManagerProtocolProtos$OzoneManagerService$2.callBlockingMethod(OzoneManagerProtocolProtos.java) [ozone-interface-client-1.3.0-SNAPSHOT.jar:?]
	at org.apache.hadoop.ipc.ProtobufRpcEngine$Server.processCall(ProtobufRpcEngine.java:466) [hadoop-common-3.3.1.jar:?]
	at org.apache.hadoop.ipc.ProtobufRpcEngine2$Server$ProtoBufRpcInvoker.call(ProtobufRpcEngine2.java:574) [hadoop-common-3.3.1.jar:?]
	at org.apache.hadoop.ipc.ProtobufRpcEngine2$Server$ProtoBufRpcInvoker.call(ProtobufRpcEngine2.java:552) [hadoop-common-3.3.1.jar:?]
	at org.apache.hadoop.ipc.RPC$Server.call(RPC.java:1093) [hadoop-common-3.3.1.jar:?]
	at org.apache.hadoop.ipc.Server$RpcCall.run(Server.java:1035) [hadoop-common-3.3.1.jar:?]
	at org.apache.hadoop.ipc.Server$RpcCall.run(Server.java:963) [hadoop-common-3.3.1.jar:?]
	at java.security.AccessController.doPrivileged(Native Method) ~[?:1.8.0_345]
	at javax.security.auth.Subject.doAs(Subject.java:422) [?:1.8.0_345]
	at org.apache.hadoop.security.UserGroupInformation.doAs(UserGroupInformation.java:1878) [hadoop-common-3.3.1.jar:?]
	at org.apache.hadoop.ipc.Server$Handler.run(Server.java:2966) [hadoop-common-3.3.1.jar:?]
2022-10-09 13:04:21,481 [Time-limited test] WARN  ozone.BasicOzoneFileSystem (BasicOzoneFileSystem.java:getFileStatus(765)) - GetFileStatus failed for path /gdir1/dir1/child
java.io.FileNotFoundException: gdir1/dir1/child: No such file or directory!
	at org.apache.hadoop.fs.ozone.BasicOzoneClientAdapterImpl.getFileStatus(BasicOzoneClientAdapterImpl.java:369)
	at org.apache.hadoop.fs.ozone.BasicOzoneFileSystem.getFileStatus(BasicOzoneFileSystem.java:757)
	at org.apache.hadoop.fs.ozone.TestOzoneFileSystem.checkPath(TestOzoneFileSystem.java:502)
	at org.apache.hadoop.fs.ozone.TestOzoneFileSystem.testRecursiveDelete(TestOzoneFileSystem.java:458)
	at sun.reflect.NativeMethodAccessorImpl.invoke0(Native Method)
	at sun.reflect.NativeMethodAccessorImpl.invoke(NativeMethodAccessorImpl.java:62)
	at sun.reflect.DelegatingMethodAccessorImpl.invoke(DelegatingMethodAccessorImpl.java:43)
	at java.lang.reflect.Method.invoke(Method.java:498)
	at org.junit.runners.model.FrameworkMethod$1.runReflectiveCall(FrameworkMethod.java:59)
	at org.junit.internal.runners.model.ReflectiveCallable.run(ReflectiveCallable.java:12)
	at org.junit.runners.model.FrameworkMethod.invokeExplosively(FrameworkMethod.java:56)
	at org.junit.internal.runners.statements.InvokeMethod.evaluate(InvokeMethod.java:17)
	at org.junit.internal.runners.statements.RunAfters.evaluate(RunAfters.java:27)
	at org.junit.internal.runners.statements.FailOnTimeout$CallableStatement.call(FailOnTimeout.java:288)
	at org.junit.internal.runners.statements.FailOnTimeout$CallableStatement.call(FailOnTimeout.java:282)
	at java.util.concurrent.FutureTask.run(FutureTask.java:266)
	at java.lang.Thread.run(Thread.java:750)
13:04:21.483 [IPC Server handler 7 on default port 37457] ERROR OMAudit - user=runner | ip=127.0.0.1 | op=GET_FILE_STATUS {volume=volume94578, bucket=bucket60014, key=gdir1/dir2, dataSize=0, replicationConfig=null} | ret=FAILURE
org.apache.hadoop.ozone.om.exceptions.OMException: Unable to get file status: volume: volume94578 bucket: bucket60014 key: gdir1/dir2
	at org.apache.hadoop.ozone.om.KeyManagerImpl.getOzoneFileStatus(KeyManagerImpl.java:1270) ~[ozone-manager-1.3.0-SNAPSHOT.jar:?]
	at org.apache.hadoop.ozone.om.KeyManagerImpl.getFileStatus(KeyManagerImpl.java:1200) ~[ozone-manager-1.3.0-SNAPSHOT.jar:?]
	at org.apache.hadoop.ozone.om.OzoneManager.getFileStatus(OzoneManager.java:3507) ~[ozone-manager-1.3.0-SNAPSHOT.jar:?]
	at org.apache.hadoop.ozone.protocolPB.OzoneManagerRequestHandler.getOzoneFileStatus(OzoneManagerRequestHandler.java:882) ~[ozone-manager-1.3.0-SNAPSHOT.jar:?]
	at org.apache.hadoop.ozone.protocolPB.OzoneManagerRequestHandler.handleReadRequest(OzoneManagerRequestHandler.java:228) ~[ozone-manager-1.3.0-SNAPSHOT.jar:?]
	at org.apache.hadoop.ozone.protocolPB.OzoneManagerProtocolServerSideTranslatorPB.submitReadRequestToOM(OzoneManagerProtocolServerSideTranslatorPB.java:226) ~[ozone-manager-1.3.0-SNAPSHOT.jar:?]
	at org.apache.hadoop.ozone.protocolPB.OzoneManagerProtocolServerSideTranslatorPB.processRequest(OzoneManagerProtocolServerSideTranslatorPB.java:175) ~[ozone-manager-1.3.0-SNAPSHOT.jar:?]
	at org.apache.hadoop.hdds.server.OzoneProtocolMessageDispatcher.processRequest(OzoneProtocolMessageDispatcher.java:87) [hdds-server-framework-1.3.0-SNAPSHOT.jar:?]
	at org.apache.hadoop.ozone.protocolPB.OzoneManagerProtocolServerSideTranslatorPB.submitRequest(OzoneManagerProtocolServerSideTranslatorPB.java:147) [ozone-manager-1.3.0-SNAPSHOT.jar:?]
	at org.apache.hadoop.ozone.protocol.proto.OzoneManagerProtocolProtos$OzoneManagerService$2.callBlockingMethod(OzoneManagerProtocolProtos.java) [ozone-interface-client-1.3.0-SNAPSHOT.jar:?]
	at org.apache.hadoop.ipc.ProtobufRpcEngine$Server.processCall(ProtobufRpcEngine.java:466) [hadoop-common-3.3.1.jar:?]
	at org.apache.hadoop.ipc.ProtobufRpcEngine2$Server$ProtoBufRpcInvoker.call(ProtobufRpcEngine2.java:574) [hadoop-common-3.3.1.jar:?]
	at org.apache.hadoop.ipc.ProtobufRpcEngine2$Server$ProtoBufRpcInvoker.call(ProtobufRpcEngine2.java:552) [hadoop-common-3.3.1.jar:?]
	at org.apache.hadoop.ipc.RPC$Server.call(RPC.java:1093) [hadoop-common-3.3.1.jar:?]
	at org.apache.hadoop.ipc.Server$RpcCall.run(Server.java:1035) [hadoop-common-3.3.1.jar:?]
	at org.apache.hadoop.ipc.Server$RpcCall.run(Server.java:963) [hadoop-common-3.3.1.jar:?]
	at java.security.AccessController.doPrivileged(Native Method) ~[?:1.8.0_345]
	at javax.security.auth.Subject.doAs(Subject.java:422) [?:1.8.0_345]
	at org.apache.hadoop.security.UserGroupInformation.doAs(UserGroupInformation.java:1878) [hadoop-common-3.3.1.jar:?]
	at org.apache.hadoop.ipc.Server$Handler.run(Server.java:2966) [hadoop-common-3.3.1.jar:?]
2022-10-09 13:04:21,484 [Time-limited test] WARN  ozone.BasicOzoneFileSystem (BasicOzoneFileSystem.java:getFileStatus(765)) - GetFileStatus failed for path /gdir1/dir2
java.io.FileNotFoundException: gdir1/dir2: No such file or directory!
	at org.apache.hadoop.fs.ozone.BasicOzoneClientAdapterImpl.getFileStatus(BasicOzoneClientAdapterImpl.java:369)
	at org.apache.hadoop.fs.ozone.BasicOzoneFileSystem.getFileStatus(BasicOzoneFileSystem.java:757)
	at org.apache.hadoop.fs.ozone.TestOzoneFileSystem.checkPath(TestOzoneFileSystem.java:502)
	at org.apache.hadoop.fs.ozone.TestOzoneFileSystem.testRecursiveDelete(TestOzoneFileSystem.java:457)
	at sun.reflect.NativeMethodAccessorImpl.invoke0(Native Method)
	at sun.reflect.NativeMethodAccessorImpl.invoke(NativeMethodAccessorImpl.java:62)
	at sun.reflect.DelegatingMethodAccessorImpl.invoke(DelegatingMethodAccessorImpl.java:43)
	at java.lang.reflect.Method.invoke(Method.java:498)
	at org.junit.runners.model.FrameworkMethod$1.runReflectiveCall(FrameworkMethod.java:59)
	at org.junit.internal.runners.model.ReflectiveCallable.run(ReflectiveCallable.java:12)
	at org.junit.runners.model.FrameworkMethod.invokeExplosively(FrameworkMethod.java:56)
	at org.junit.internal.runners.statements.InvokeMethod.evaluate(InvokeMethod.java:17)
	at org.junit.internal.runners.statements.RunAfters.evaluate(RunAfters.java:27)
	at org.junit.internal.runners.statements.FailOnTimeout$CallableStatement.call(FailOnTimeout.java:288)
	at org.junit.internal.runners.statements.FailOnTimeout$CallableStatement.call(FailOnTimeout.java:282)
	at java.util.concurrent.FutureTask.run(FutureTask.java:266)
	at java.lang.Thread.run(Thread.java:750)
13:04:21.485 [IPC Server handler 3 on default port 37457] ERROR OMAudit - user=runner | ip=127.0.0.1 | op=GET_FILE_STATUS {volume=volume94578, bucket=bucket60014, key=gdir1/dir2/child, dataSize=0, replicationConfig=null} | ret=FAILURE
org.apache.hadoop.ozone.om.exceptions.OMException: Unable to get file status: volume: volume94578 bucket: bucket60014 key: gdir1/dir2/child
	at org.apache.hadoop.ozone.om.KeyManagerImpl.getOzoneFileStatus(KeyManagerImpl.java:1270) ~[ozone-manager-1.3.0-SNAPSHOT.jar:?]
	at org.apache.hadoop.ozone.om.KeyManagerImpl.getFileStatus(KeyManagerImpl.java:1200) ~[ozone-manager-1.3.0-SNAPSHOT.jar:?]
	at org.apache.hadoop.ozone.om.OzoneManager.getFileStatus(OzoneManager.java:3507) ~[ozone-manager-1.3.0-SNAPSHOT.jar:?]
	at org.apache.hadoop.ozone.protocolPB.OzoneManagerRequestHandler.getOzoneFileStatus(OzoneManagerRequestHandler.java:882) ~[ozone-manager-1.3.0-SNAPSHOT.jar:?]
	at org.apache.hadoop.ozone.protocolPB.OzoneManagerRequestHandler.handleReadRequest(OzoneManagerRequestHandler.java:228) ~[ozone-manager-1.3.0-SNAPSHOT.jar:?]
	at org.apache.hadoop.ozone.protocolPB.OzoneManagerProtocolServerSideTranslatorPB.submitReadRequestToOM(OzoneManagerProtocolServerSideTranslatorPB.java:226) ~[ozone-manager-1.3.0-SNAPSHOT.jar:?]
	at org.apache.hadoop.ozone.protocolPB.OzoneManagerProtocolServerSideTranslatorPB.processRequest(OzoneManagerProtocolServerSideTranslatorPB.java:175) ~[ozone-manager-1.3.0-SNAPSHOT.jar:?]
	at org.apache.hadoop.hdds.server.OzoneProtocolMessageDispatcher.processRequest(OzoneProtocolMessageDispatcher.java:87) [hdds-server-framework-1.3.0-SNAPSHOT.jar:?]
	at org.apache.hadoop.ozone.protocolPB.OzoneManagerProtocolServerSideTranslatorPB.submitRequest(OzoneManagerProtocolServerSideTranslatorPB.java:147) [ozone-manager-1.3.0-SNAPSHOT.jar:?]
	at org.apache.hadoop.ozone.protocol.proto.OzoneManagerProtocolProtos$OzoneManagerService$2.callBlockingMethod(OzoneManagerProtocolProtos.java) [ozone-interface-client-1.3.0-SNAPSHOT.jar:?]
	at org.apache.hadoop.ipc.ProtobufRpcEngine$Server.processCall(ProtobufRpcEngine.java:466) [hadoop-common-3.3.1.jar:?]
	at org.apache.hadoop.ipc.ProtobufRpcEngine2$Server$ProtoBufRpcInvoker.call(ProtobufRpcEngine2.java:574) [hadoop-common-3.3.1.jar:?]
	at org.apache.hadoop.ipc.ProtobufRpcEngine2$Server$ProtoBufRpcInvoker.call(ProtobufRpcEngine2.java:552) [hadoop-common-3.3.1.jar:?]
	at org.apache.hadoop.ipc.RPC$Server.call(RPC.java:1093) [hadoop-common-3.3.1.jar:?]
	at org.apache.hadoop.ipc.Server$RpcCall.run(Server.java:1035) [hadoop-common-3.3.1.jar:?]
	at org.apache.hadoop.ipc.Server$RpcCall.run(Server.java:963) [hadoop-common-3.3.1.jar:?]
	at java.security.AccessController.doPrivileged(Native Method) ~[?:1.8.0_345]
	at javax.security.auth.Subject.doAs(Subject.java:422) [?:1.8.0_345]
	at org.apache.hadoop.security.UserGroupInformation.doAs(UserGroupInformation.java:1878) [hadoop-common-3.3.1.jar:?]
	at org.apache.hadoop.ipc.Server$Handler.run(Server.java:2966) [hadoop-common-3.3.1.jar:?]
2022-10-09 13:04:21,485 [Time-limited test] WARN  ozone.BasicOzoneFileSystem (BasicOzoneFileSystem.java:getFileStatus(765)) - GetFileStatus failed for path /gdir1/dir2/child
java.io.FileNotFoundException: gdir1/dir2/child: No such file or directory!
	at org.apache.hadoop.fs.ozone.BasicOzoneClientAdapterImpl.getFileStatus(BasicOzoneClientAdapterImpl.java:369)
	at org.apache.hadoop.fs.ozone.BasicOzoneFileSystem.getFileStatus(BasicOzoneFileSystem.java:757)
	at org.apache.hadoop.fs.ozone.TestOzoneFileSystem.checkPath(TestOzoneFileSystem.java:502)
	at org.apache.hadoop.fs.ozone.TestOzoneFileSystem.testRecursiveDelete(TestOzoneFileSystem.java:458)
	at sun.reflect.NativeMethodAccessorImpl.invoke0(Native Method)
	at sun.reflect.NativeMethodAccessorImpl.invoke(NativeMethodAccessorImpl.java:62)
	at sun.reflect.DelegatingMethodAccessorImpl.invoke(DelegatingMethodAccessorImpl.java:43)
	at java.lang.reflect.Method.invoke(Method.java:498)
	at org.junit.runners.model.FrameworkMethod$1.runReflectiveCall(FrameworkMethod.java:59)
	at org.junit.internal.runners.model.ReflectiveCallable.run(ReflectiveCallable.java:12)
	at org.junit.runners.model.FrameworkMethod.invokeExplosively(FrameworkMethod.java:56)
	at org.junit.internal.runners.statements.InvokeMethod.evaluate(InvokeMethod.java:17)
	at org.junit.internal.runners.statements.RunAfters.evaluate(RunAfters.java:27)
	at org.junit.internal.runners.statements.FailOnTimeout$CallableStatement.call(FailOnTimeout.java:288)
	at org.junit.internal.runners.statements.FailOnTimeout$CallableStatement.call(FailOnTimeout.java:282)
	at java.util.concurrent.FutureTask.run(FutureTask.java:266)
	at java.lang.Thread.run(Thread.java:750)
13:04:21.486 [IPC Server handler 5 on default port 37457] ERROR OMAudit - user=runner | ip=127.0.0.1 | op=GET_FILE_STATUS {volume=volume94578, bucket=bucket60014, key=gdir1/dir3, dataSize=0, replicationConfig=null} | ret=FAILURE
org.apache.hadoop.ozone.om.exceptions.OMException: Unable to get file status: volume: volume94578 bucket: bucket60014 key: gdir1/dir3
	at org.apache.hadoop.ozone.om.KeyManagerImpl.getOzoneFileStatus(KeyManagerImpl.java:1270) ~[ozone-manager-1.3.0-SNAPSHOT.jar:?]
	at org.apache.hadoop.ozone.om.KeyManagerImpl.getFileStatus(KeyManagerImpl.java:1200) ~[ozone-manager-1.3.0-SNAPSHOT.jar:?]
	at org.apache.hadoop.ozone.om.OzoneManager.getFileStatus(OzoneManager.java:3507) ~[ozone-manager-1.3.0-SNAPSHOT.jar:?]
	at org.apache.hadoop.ozone.protocolPB.OzoneManagerRequestHandler.getOzoneFileStatus(OzoneManagerRequestHandler.java:882) ~[ozone-manager-1.3.0-SNAPSHOT.jar:?]
	at org.apache.hadoop.ozone.protocolPB.OzoneManagerRequestHandler.handleReadRequest(OzoneManagerRequestHandler.java:228) ~[ozone-manager-1.3.0-SNAPSHOT.jar:?]
	at org.apache.hadoop.ozone.protocolPB.OzoneManagerProtocolServerSideTranslatorPB.submitReadRequestToOM(OzoneManagerProtocolServerSideTranslatorPB.java:226) ~[ozone-manager-1.3.0-SNAPSHOT.jar:?]
	at org.apache.hadoop.ozone.protocolPB.OzoneManagerProtocolServerSideTranslatorPB.processRequest(OzoneManagerProtocolServerSideTranslatorPB.java:175) ~[ozone-manager-1.3.0-SNAPSHOT.jar:?]
	at org.apache.hadoop.hdds.server.OzoneProtocolMessageDispatcher.processRequest(OzoneProtocolMessageDispatcher.java:87) [hdds-server-framework-1.3.0-SNAPSHOT.jar:?]
	at org.apache.hadoop.ozone.protocolPB.OzoneManagerProtocolServerSideTranslatorPB.submitRequest(OzoneManagerProtocolServerSideTranslatorPB.java:147) [ozone-manager-1.3.0-SNAPSHOT.jar:?]
	at org.apache.hadoop.ozone.protocol.proto.OzoneManagerProtocolProtos$OzoneManagerService$2.callBlockingMethod(OzoneManagerProtocolProtos.java) [ozone-interface-client-1.3.0-SNAPSHOT.jar:?]
	at org.apache.hadoop.ipc.ProtobufRpcEngine$Server.processCall(ProtobufRpcEngine.java:466) [hadoop-common-3.3.1.jar:?]
	at org.apache.hadoop.ipc.ProtobufRpcEngine2$Server$ProtoBufRpcInvoker.call(ProtobufRpcEngine2.java:574) [hadoop-common-3.3.1.jar:?]
	at org.apache.hadoop.ipc.ProtobufRpcEngine2$Server$ProtoBufRpcInvoker.call(ProtobufRpcEngine2.java:552) [hadoop-common-3.3.1.jar:?]
	at org.apache.hadoop.ipc.RPC$Server.call(RPC.java:1093) [hadoop-common-3.3.1.jar:?]
	at org.apache.hadoop.ipc.Server$RpcCall.run(Server.java:1035) [hadoop-common-3.3.1.jar:?]
	at org.apache.hadoop.ipc.Server$RpcCall.run(Server.java:963) [hadoop-common-3.3.1.jar:?]
	at java.security.AccessController.doPrivileged(Native Method) ~[?:1.8.0_345]
	at javax.security.auth.Subject.doAs(Subject.java:422) [?:1.8.0_345]
	at org.apache.hadoop.security.UserGroupInformation.doAs(UserGroupInformation.java:1878) [hadoop-common-3.3.1.jar:?]
	at org.apache.hadoop.ipc.Server$Handler.run(Server.java:2966) [hadoop-common-3.3.1.jar:?]
2022-10-09 13:04:21,487 [Time-limited test] WARN  ozone.BasicOzoneFileSystem (BasicOzoneFileSystem.java:getFileStatus(765)) - GetFileStatus failed for path /gdir1/dir3
java.io.FileNotFoundException: gdir1/dir3: No such file or directory!
	at org.apache.hadoop.fs.ozone.BasicOzoneClientAdapterImpl.getFileStatus(BasicOzoneClientAdapterImpl.java:369)
	at org.apache.hadoop.fs.ozone.BasicOzoneFileSystem.getFileStatus(BasicOzoneFileSystem.java:757)
	at org.apache.hadoop.fs.ozone.TestOzoneFileSystem.checkPath(TestOzoneFileSystem.java:502)
	at org.apache.hadoop.fs.ozone.TestOzoneFileSystem.testRecursiveDelete(TestOzoneFileSystem.java:457)
	at sun.reflect.NativeMethodAccessorImpl.invoke0(Native Method)
	at sun.reflect.NativeMethodAccessorImpl.invoke(NativeMethodAccessorImpl.java:62)
	at sun.reflect.DelegatingMethodAccessorImpl.invoke(DelegatingMethodAccessorImpl.java:43)
	at java.lang.reflect.Method.invoke(Method.java:498)
	at org.junit.runners.model.FrameworkMethod$1.runReflectiveCall(FrameworkMethod.java:59)
	at org.junit.internal.runners.model.ReflectiveCallable.run(ReflectiveCallable.java:12)
	at org.junit.runners.model.FrameworkMethod.invokeExplosively(FrameworkMethod.java:56)
	at org.junit.internal.runners.statements.InvokeMethod.evaluate(InvokeMethod.java:17)
	at org.junit.internal.runners.statements.RunAfters.evaluate(RunAfters.java:27)
	at org.junit.internal.runners.statements.FailOnTimeout$CallableStatement.call(FailOnTimeout.java:288)
	at org.junit.internal.runners.statements.FailOnTimeout$CallableStatement.call(FailOnTimeout.java:282)
	at java.util.concurrent.FutureTask.run(FutureTask.java:266)
	at java.lang.Thread.run(Thread.java:750)
13:04:21.487 [IPC Server handler 1 on default port 37457] ERROR OMAudit - user=runner | ip=127.0.0.1 | op=GET_FILE_STATUS {volume=volume94578, bucket=bucket60014, key=gdir1/dir3/child, dataSize=0, replicationConfig=null} | ret=FAILURE
org.apache.hadoop.ozone.om.exceptions.OMException: Unable to get file status: volume: volume94578 bucket: bucket60014 key: gdir1/dir3/child
	at org.apache.hadoop.ozone.om.KeyManagerImpl.getOzoneFileStatus(KeyManagerImpl.java:1270) ~[ozone-manager-1.3.0-SNAPSHOT.jar:?]
	at org.apache.hadoop.ozone.om.KeyManagerImpl.getFileStatus(KeyManagerImpl.java:1200) ~[ozone-manager-1.3.0-SNAPSHOT.jar:?]
	at org.apache.hadoop.ozone.om.OzoneManager.getFileStatus(OzoneManager.java:3507) ~[ozone-manager-1.3.0-SNAPSHOT.jar:?]
	at org.apache.hadoop.ozone.protocolPB.OzoneManagerRequestHandler.getOzoneFileStatus(OzoneManagerRequestHandler.java:882) ~[ozone-manager-1.3.0-SNAPSHOT.jar:?]
	at org.apache.hadoop.ozone.protocolPB.OzoneManagerRequestHandler.handleReadRequest(OzoneManagerRequestHandler.java:228) ~[ozone-manager-1.3.0-SNAPSHOT.jar:?]
	at org.apache.hadoop.ozone.protocolPB.OzoneManagerProtocolServerSideTranslatorPB.submitReadRequestToOM(OzoneManagerProtocolServerSideTranslatorPB.java:226) ~[ozone-manager-1.3.0-SNAPSHOT.jar:?]
	at org.apache.hadoop.ozone.protocolPB.OzoneManagerProtocolServerSideTranslatorPB.processRequest(OzoneManagerProtocolServerSideTranslatorPB.java:175) ~[ozone-manager-1.3.0-SNAPSHOT.jar:?]
	at org.apache.hadoop.hdds.server.OzoneProtocolMessageDispatcher.processRequest(OzoneProtocolMessageDispatcher.java:87) [hdds-server-framework-1.3.0-SNAPSHOT.jar:?]
	at org.apache.hadoop.ozone.protocolPB.OzoneManagerProtocolServerSideTranslatorPB.submitRequest(OzoneManagerProtocolServerSideTranslatorPB.java:147) [ozone-manager-1.3.0-SNAPSHOT.jar:?]
	at org.apache.hadoop.ozone.protocol.proto.OzoneManagerProtocolProtos$OzoneManagerService$2.callBlockingMethod(OzoneManagerProtocolProtos.java) [ozone-interface-client-1.3.0-SNAPSHOT.jar:?]
	at org.apache.hadoop.ipc.ProtobufRpcEngine$Server.processCall(ProtobufRpcEngine.java:466) [hadoop-common-3.3.1.jar:?]
	at org.apache.hadoop.ipc.ProtobufRpcEngine2$Server$ProtoBufRpcInvoker.call(ProtobufRpcEngine2.java:574) [hadoop-common-3.3.1.jar:?]
	at org.apache.hadoop.ipc.ProtobufRpcEngine2$Server$ProtoBufRpcInvoker.call(ProtobufRpcEngine2.java:552) [hadoop-common-3.3.1.jar:?]
	at org.apache.hadoop.ipc.RPC$Server.call(RPC.java:1093) [hadoop-common-3.3.1.jar:?]
	at org.apache.hadoop.ipc.Server$RpcCall.run(Server.java:1035) [hadoop-common-3.3.1.jar:?]
	at org.apache.hadoop.ipc.Server$RpcCall.run(Server.java:963) [hadoop-common-3.3.1.jar:?]
	at java.security.AccessController.doPrivileged(Native Method) ~[?:1.8.0_345]
	at javax.security.auth.Subject.doAs(Subject.java:422) [?:1.8.0_345]
	at org.apache.hadoop.security.UserGroupInformation.doAs(UserGroupInformation.java:1878) [hadoop-common-3.3.1.jar:?]
	at org.apache.hadoop.ipc.Server$Handler.run(Server.java:2966) [hadoop-common-3.3.1.jar:?]
2022-10-09 13:04:21,488 [Time-limited test] WARN  ozone.BasicOzoneFileSystem (BasicOzoneFileSystem.java:getFileStatus(765)) - GetFileStatus failed for path /gdir1/dir3/child
java.io.FileNotFoundException: gdir1/dir3/child: No such file or directory!
	at org.apache.hadoop.fs.ozone.BasicOzoneClientAdapterImpl.getFileStatus(BasicOzoneClientAdapterImpl.java:369)
	at org.apache.hadoop.fs.ozone.BasicOzoneFileSystem.getFileStatus(BasicOzoneFileSystem.java:757)
	at org.apache.hadoop.fs.ozone.TestOzoneFileSystem.checkPath(TestOzoneFileSystem.java:502)
	at org.apache.hadoop.fs.ozone.TestOzoneFileSystem.testRecursiveDelete(TestOzoneFileSystem.java:458)
	at sun.reflect.NativeMethodAccessorImpl.invoke0(Native Method)
	at sun.reflect.NativeMethodAccessorImpl.invoke(NativeMethodAccessorImpl.java:62)
	at sun.reflect.DelegatingMethodAccessorImpl.invoke(DelegatingMethodAccessorImpl.java:43)
	at java.lang.reflect.Method.invoke(Method.java:498)
	at org.junit.runners.model.FrameworkMethod$1.runReflectiveCall(FrameworkMethod.java:59)
	at org.junit.internal.runners.model.ReflectiveCallable.run(ReflectiveCallable.java:12)
	at org.junit.runners.model.FrameworkMethod.invokeExplosively(FrameworkMethod.java:56)
	at org.junit.internal.runners.statements.InvokeMethod.evaluate(InvokeMethod.java:17)
	at org.junit.internal.runners.statements.RunAfters.evaluate(RunAfters.java:27)
	at org.junit.internal.runners.statements.FailOnTimeout$CallableStatement.call(FailOnTimeout.java:288)
	at org.junit.internal.runners.statements.FailOnTimeout$CallableStatement.call(FailOnTimeout.java:282)
	at java.util.concurrent.FutureTask.run(FutureTask.java:266)
	at java.lang.Thread.run(Thread.java:750)
13:04:21.489 [IPC Server handler 4 on default port 37457] ERROR OMAudit - user=runner | ip=127.0.0.1 | op=GET_FILE_STATUS {volume=volume94578, bucket=bucket60014, key=gdir1/dir4, dataSize=0, replicationConfig=null} | ret=FAILURE
org.apache.hadoop.ozone.om.exceptions.OMException: Unable to get file status: volume: volume94578 bucket: bucket60014 key: gdir1/dir4
	at org.apache.hadoop.ozone.om.KeyManagerImpl.getOzoneFileStatus(KeyManagerImpl.java:1270) ~[ozone-manager-1.3.0-SNAPSHOT.jar:?]
	at org.apache.hadoop.ozone.om.KeyManagerImpl.getFileStatus(KeyManagerImpl.java:1200) ~[ozone-manager-1.3.0-SNAPSHOT.jar:?]
	at org.apache.hadoop.ozone.om.OzoneManager.getFileStatus(OzoneManager.java:3507) ~[ozone-manager-1.3.0-SNAPSHOT.jar:?]
	at org.apache.hadoop.ozone.protocolPB.OzoneManagerRequestHandler.getOzoneFileStatus(OzoneManagerRequestHandler.java:882) ~[ozone-manager-1.3.0-SNAPSHOT.jar:?]
	at org.apache.hadoop.ozone.protocolPB.OzoneManagerRequestHandler.handleReadRequest(OzoneManagerRequestHandler.java:228) ~[ozone-manager-1.3.0-SNAPSHOT.jar:?]
	at org.apache.hadoop.ozone.protocolPB.OzoneManagerProtocolServerSideTranslatorPB.submitReadRequestToOM(OzoneManagerProtocolServerSideTranslatorPB.java:226) ~[ozone-manager-1.3.0-SNAPSHOT.jar:?]
	at org.apache.hadoop.ozone.protocolPB.OzoneManagerProtocolServerSideTranslatorPB.processRequest(OzoneManagerProtocolServerSideTranslatorPB.java:175) ~[ozone-manager-1.3.0-SNAPSHOT.jar:?]
	at org.apache.hadoop.hdds.server.OzoneProtocolMessageDispatcher.processRequest(OzoneProtocolMessageDispatcher.java:87) [hdds-server-framework-1.3.0-SNAPSHOT.jar:?]
	at org.apache.hadoop.ozone.protocolPB.OzoneManagerProtocolServerSideTranslatorPB.submitRequest(OzoneManagerProtocolServerSideTranslatorPB.java:147) [ozone-manager-1.3.0-SNAPSHOT.jar:?]
	at org.apache.hadoop.ozone.protocol.proto.OzoneManagerProtocolProtos$OzoneManagerService$2.callBlockingMethod(OzoneManagerProtocolProtos.java) [ozone-interface-client-1.3.0-SNAPSHOT.jar:?]
	at org.apache.hadoop.ipc.ProtobufRpcEngine$Server.processCall(ProtobufRpcEngine.java:466) [hadoop-common-3.3.1.jar:?]
	at org.apache.hadoop.ipc.ProtobufRpcEngine2$Server$ProtoBufRpcInvoker.call(ProtobufRpcEngine2.java:574) [hadoop-common-3.3.1.jar:?]
	at org.apache.hadoop.ipc.ProtobufRpcEngine2$Server$ProtoBufRpcInvoker.call(ProtobufRpcEngine2.java:552) [hadoop-common-3.3.1.jar:?]
	at org.apache.hadoop.ipc.RPC$Server.call(RPC.java:1093) [hadoop-common-3.3.1.jar:?]
	at org.apache.hadoop.ipc.Server$RpcCall.run(Server.java:1035) [hadoop-common-3.3.1.jar:?]
	at org.apache.hadoop.ipc.Server$RpcCall.run(Server.java:963) [hadoop-common-3.3.1.jar:?]
	at java.security.AccessController.doPrivileged(Native Method) ~[?:1.8.0_345]
	at javax.security.auth.Subject.doAs(Subject.java:422) [?:1.8.0_345]
	at org.apache.hadoop.security.UserGroupInformation.doAs(UserGroupInformation.java:1878) [hadoop-common-3.3.1.jar:?]
	at org.apache.hadoop.ipc.Server$Handler.run(Server.java:2966) [hadoop-common-3.3.1.jar:?]
2022-10-09 13:04:21,489 [Time-limited test] WARN  ozone.BasicOzoneFileSystem (BasicOzoneFileSystem.java:getFileStatus(765)) - GetFileStatus failed for path /gdir1/dir4
java.io.FileNotFoundException: gdir1/dir4: No such file or directory!
	at org.apache.hadoop.fs.ozone.BasicOzoneClientAdapterImpl.getFileStatus(BasicOzoneClientAdapterImpl.java:369)
	at org.apache.hadoop.fs.ozone.BasicOzoneFileSystem.getFileStatus(BasicOzoneFileSystem.java:757)
	at org.apache.hadoop.fs.ozone.TestOzoneFileSystem.checkPath(TestOzoneFileSystem.java:502)
	at org.apache.hadoop.fs.ozone.TestOzoneFileSystem.testRecursiveDelete(TestOzoneFileSystem.java:457)
	at sun.reflect.NativeMethodAccessorImpl.invoke0(Native Method)
	at sun.reflect.NativeMethodAccessorImpl.invoke(NativeMethodAccessorImpl.java:62)
	at sun.reflect.DelegatingMethodAccessorImpl.invoke(DelegatingMethodAccessorImpl.java:43)
	at java.lang.reflect.Method.invoke(Method.java:498)
	at org.junit.runners.model.FrameworkMethod$1.runReflectiveCall(FrameworkMethod.java:59)
	at org.junit.internal.runners.model.ReflectiveCallable.run(ReflectiveCallable.java:12)
	at org.junit.runners.model.FrameworkMethod.invokeExplosively(FrameworkMethod.java:56)
	at org.junit.internal.runners.statements.InvokeMethod.evaluate(InvokeMethod.java:17)
	at org.junit.internal.runners.statements.RunAfters.evaluate(RunAfters.java:27)
	at org.junit.internal.runners.statements.FailOnTimeout$CallableStatement.call(FailOnTimeout.java:288)
	at org.junit.internal.runners.statements.FailOnTimeout$CallableStatement.call(FailOnTimeout.java:282)
	at java.util.concurrent.FutureTask.run(FutureTask.java:266)
	at java.lang.Thread.run(Thread.java:750)
13:04:21.490 [IPC Server handler 2 on default port 37457] ERROR OMAudit - user=runner | ip=127.0.0.1 | op=GET_FILE_STATUS {volume=volume94578, bucket=bucket60014, key=gdir1/dir4/child, dataSize=0, replicationConfig=null} | ret=FAILURE
org.apache.hadoop.ozone.om.exceptions.OMException: Unable to get file status: volume: volume94578 bucket: bucket60014 key: gdir1/dir4/child
	at org.apache.hadoop.ozone.om.KeyManagerImpl.getOzoneFileStatus(KeyManagerImpl.java:1270) ~[ozone-manager-1.3.0-SNAPSHOT.jar:?]
	at org.apache.hadoop.ozone.om.KeyManagerImpl.getFileStatus(KeyManagerImpl.java:1200) ~[ozone-manager-1.3.0-SNAPSHOT.jar:?]
	at org.apache.hadoop.ozone.om.OzoneManager.getFileStatus(OzoneManager.java:3507) ~[ozone-manager-1.3.0-SNAPSHOT.jar:?]
	at org.apache.hadoop.ozone.protocolPB.OzoneManagerRequestHandler.getOzoneFileStatus(OzoneManagerRequestHandler.java:882) ~[ozone-manager-1.3.0-SNAPSHOT.jar:?]
	at org.apache.hadoop.ozone.protocolPB.OzoneManagerRequestHandler.handleReadRequest(OzoneManagerRequestHandler.java:228) ~[ozone-manager-1.3.0-SNAPSHOT.jar:?]
	at org.apache.hadoop.ozone.protocolPB.OzoneManagerProtocolServerSideTranslatorPB.submitReadRequestToOM(OzoneManagerProtocolServerSideTranslatorPB.java:226) ~[ozone-manager-1.3.0-SNAPSHOT.jar:?]
	at org.apache.hadoop.ozone.protocolPB.OzoneManagerProtocolServerSideTranslatorPB.processRequest(OzoneManagerProtocolServerSideTranslatorPB.java:175) ~[ozone-manager-1.3.0-SNAPSHOT.jar:?]
	at org.apache.hadoop.hdds.server.OzoneProtocolMessageDispatcher.processRequest(OzoneProtocolMessageDispatcher.java:87) [hdds-server-framework-1.3.0-SNAPSHOT.jar:?]
	at org.apache.hadoop.ozone.protocolPB.OzoneManagerProtocolServerSideTranslatorPB.submitRequest(OzoneManagerProtocolServerSideTranslatorPB.java:147) [ozone-manager-1.3.0-SNAPSHOT.jar:?]
	at org.apache.hadoop.ozone.protocol.proto.OzoneManagerProtocolProtos$OzoneManagerService$2.callBlockingMethod(OzoneManagerProtocolProtos.java) [ozone-interface-client-1.3.0-SNAPSHOT.jar:?]
	at org.apache.hadoop.ipc.ProtobufRpcEngine$Server.processCall(ProtobufRpcEngine.java:466) [hadoop-common-3.3.1.jar:?]
	at org.apache.hadoop.ipc.ProtobufRpcEngine2$Server$ProtoBufRpcInvoker.call(ProtobufRpcEngine2.java:574) [hadoop-common-3.3.1.jar:?]
	at org.apache.hadoop.ipc.ProtobufRpcEngine2$Server$ProtoBufRpcInvoker.call(ProtobufRpcEngine2.java:552) [hadoop-common-3.3.1.jar:?]
	at org.apache.hadoop.ipc.RPC$Server.call(RPC.java:1093) [hadoop-common-3.3.1.jar:?]
	at org.apache.hadoop.ipc.Server$RpcCall.run(Server.java:1035) [hadoop-common-3.3.1.jar:?]
	at org.apache.hadoop.ipc.Server$RpcCall.run(Server.java:963) [hadoop-common-3.3.1.jar:?]
	at java.security.AccessController.doPrivileged(Native Method) ~[?:1.8.0_345]
	at javax.security.auth.Subject.doAs(Subject.java:422) [?:1.8.0_345]
	at org.apache.hadoop.security.UserGroupInformation.doAs(UserGroupInformation.java:1878) [hadoop-common-3.3.1.jar:?]
	at org.apache.hadoop.ipc.Server$Handler.run(Server.java:2966) [hadoop-common-3.3.1.jar:?]
2022-10-09 13:04:21,491 [Time-limited test] WARN  ozone.BasicOzoneFileSystem (BasicOzoneFileSystem.java:getFileStatus(765)) - GetFileStatus failed for path /gdir1/dir4/child
java.io.FileNotFoundException: gdir1/dir4/child: No such file or directory!
	at org.apache.hadoop.fs.ozone.BasicOzoneClientAdapterImpl.getFileStatus(BasicOzoneClientAdapterImpl.java:369)
	at org.apache.hadoop.fs.ozone.BasicOzoneFileSystem.getFileStatus(BasicOzoneFileSystem.java:757)
	at org.apache.hadoop.fs.ozone.TestOzoneFileSystem.checkPath(TestOzoneFileSystem.java:502)
	at org.apache.hadoop.fs.ozone.TestOzoneFileSystem.testRecursiveDelete(TestOzoneFileSystem.java:458)
	at sun.reflect.NativeMethodAccessorImpl.invoke0(Native Method)
	at sun.reflect.NativeMethodAccessorImpl.invoke(NativeMethodAccessorImpl.java:62)
	at sun.reflect.DelegatingMethodAccessorImpl.invoke(DelegatingMethodAccessorImpl.java:43)
	at java.lang.reflect.Method.invoke(Method.java:498)
	at org.junit.runners.model.FrameworkMethod$1.runReflectiveCall(FrameworkMethod.java:59)
	at org.junit.internal.runners.model.ReflectiveCallable.run(ReflectiveCallable.java:12)
	at org.junit.runners.model.FrameworkMethod.invokeExplosively(FrameworkMethod.java:56)
	at org.junit.internal.runners.statements.InvokeMethod.evaluate(InvokeMethod.java:17)
	at org.junit.internal.runners.statements.RunAfters.evaluate(RunAfters.java:27)
	at org.junit.internal.runners.statements.FailOnTimeout$CallableStatement.call(FailOnTimeout.java:288)
	at org.junit.internal.runners.statements.FailOnTimeout$CallableStatement.call(FailOnTimeout.java:282)
	at java.util.concurrent.FutureTask.run(FutureTask.java:266)
	at java.lang.Thread.run(Thread.java:750)
13:04:21.492 [IPC Server handler 6 on default port 37457] ERROR OMAudit - user=runner | ip=127.0.0.1 | op=GET_FILE_STATUS {volume=volume94578, bucket=bucket60014, key=gdir1/dir5, dataSize=0, replicationConfig=null} | ret=FAILURE
org.apache.hadoop.ozone.om.exceptions.OMException: Unable to get file status: volume: volume94578 bucket: bucket60014 key: gdir1/dir5
	at org.apache.hadoop.ozone.om.KeyManagerImpl.getOzoneFileStatus(KeyManagerImpl.java:1270) ~[ozone-manager-1.3.0-SNAPSHOT.jar:?]
	at org.apache.hadoop.ozone.om.KeyManagerImpl.getFileStatus(KeyManagerImpl.java:1200) ~[ozone-manager-1.3.0-SNAPSHOT.jar:?]
	at org.apache.hadoop.ozone.om.OzoneManager.getFileStatus(OzoneManager.java:3507) ~[ozone-manager-1.3.0-SNAPSHOT.jar:?]
	at org.apache.hadoop.ozone.protocolPB.OzoneManagerRequestHandler.getOzoneFileStatus(OzoneManagerRequestHandler.java:882) ~[ozone-manager-1.3.0-SNAPSHOT.jar:?]
	at org.apache.hadoop.ozone.protocolPB.OzoneManagerRequestHandler.handleReadRequest(OzoneManagerRequestHandler.java:228) ~[ozone-manager-1.3.0-SNAPSHOT.jar:?]
	at org.apache.hadoop.ozone.protocolPB.OzoneManagerProtocolServerSideTranslatorPB.submitReadRequestToOM(OzoneManagerProtocolServerSideTranslatorPB.java:226) ~[ozone-manager-1.3.0-SNAPSHOT.jar:?]
	at org.apache.hadoop.ozone.protocolPB.OzoneManagerProtocolServerSideTranslatorPB.processRequest(OzoneManagerProtocolServerSideTranslatorPB.java:175) ~[ozone-manager-1.3.0-SNAPSHOT.jar:?]
	at org.apache.hadoop.hdds.server.OzoneProtocolMessageDispatcher.processRequest(OzoneProtocolMessageDispatcher.java:87) [hdds-server-framework-1.3.0-SNAPSHOT.jar:?]
	at org.apache.hadoop.ozone.protocolPB.OzoneManagerProtocolServerSideTranslatorPB.submitRequest(OzoneManagerProtocolServerSideTranslatorPB.java:147) [ozone-manager-1.3.0-SNAPSHOT.jar:?]
	at org.apache.hadoop.ozone.protocol.proto.OzoneManagerProtocolProtos$OzoneManagerService$2.callBlockingMethod(OzoneManagerProtocolProtos.java) [ozone-interface-client-1.3.0-SNAPSHOT.jar:?]
	at org.apache.hadoop.ipc.ProtobufRpcEngine$Server.processCall(ProtobufRpcEngine.java:466) [hadoop-common-3.3.1.jar:?]
	at org.apache.hadoop.ipc.ProtobufRpcEngine2$Server$ProtoBufRpcInvoker.call(ProtobufRpcEngine2.java:574) [hadoop-common-3.3.1.jar:?]
	at org.apache.hadoop.ipc.ProtobufRpcEngine2$Server$ProtoBufRpcInvoker.call(ProtobufRpcEngine2.java:552) [hadoop-common-3.3.1.jar:?]
	at org.apache.hadoop.ipc.RPC$Server.call(RPC.java:1093) [hadoop-common-3.3.1.jar:?]
	at org.apache.hadoop.ipc.Server$RpcCall.run(Server.java:1035) [hadoop-common-3.3.1.jar:?]
	at org.apache.hadoop.ipc.Server$RpcCall.run(Server.java:963) [hadoop-common-3.3.1.jar:?]
	at java.security.AccessController.doPrivileged(Native Method) ~[?:1.8.0_345]
	at javax.security.auth.Subject.doAs(Subject.java:422) [?:1.8.0_345]
	at org.apache.hadoop.security.UserGroupInformation.doAs(UserGroupInformation.java:1878) [hadoop-common-3.3.1.jar:?]
	at org.apache.hadoop.ipc.Server$Handler.run(Server.java:2966) [hadoop-common-3.3.1.jar:?]
2022-10-09 13:04:21,492 [Time-limited test] WARN  ozone.BasicOzoneFileSystem (BasicOzoneFileSystem.java:getFileStatus(765)) - GetFileStatus failed for path /gdir1/dir5
java.io.FileNotFoundException: gdir1/dir5: No such file or directory!
	at org.apache.hadoop.fs.ozone.BasicOzoneClientAdapterImpl.getFileStatus(BasicOzoneClientAdapterImpl.java:369)
	at org.apache.hadoop.fs.ozone.BasicOzoneFileSystem.getFileStatus(BasicOzoneFileSystem.java:757)
	at org.apache.hadoop.fs.ozone.TestOzoneFileSystem.checkPath(TestOzoneFileSystem.java:502)
	at org.apache.hadoop.fs.ozone.TestOzoneFileSystem.testRecursiveDelete(TestOzoneFileSystem.java:457)
	at sun.reflect.NativeMethodAccessorImpl.invoke0(Native Method)
	at sun.reflect.NativeMethodAccessorImpl.invoke(NativeMethodAccessorImpl.java:62)
	at sun.reflect.DelegatingMethodAccessorImpl.invoke(DelegatingMethodAccessorImpl.java:43)
	at java.lang.reflect.Method.invoke(Method.java:498)
	at org.junit.runners.model.FrameworkMethod$1.runReflectiveCall(FrameworkMethod.java:59)
	at org.junit.internal.runners.model.ReflectiveCallable.run(ReflectiveCallable.java:12)
	at org.junit.runners.model.FrameworkMethod.invokeExplosively(FrameworkMethod.java:56)
	at org.junit.internal.runners.statements.InvokeMethod.evaluate(InvokeMethod.java:17)
	at org.junit.internal.runners.statements.RunAfters.evaluate(RunAfters.java:27)
	at org.junit.internal.runners.statements.FailOnTimeout$CallableStatement.call(FailOnTimeout.java:288)
	at org.junit.internal.runners.statements.FailOnTimeout$CallableStatement.call(FailOnTimeout.java:282)
	at java.util.concurrent.FutureTask.run(FutureTask.java:266)
	at java.lang.Thread.run(Thread.java:750)
13:04:21.493 [IPC Server handler 8 on default port 37457] ERROR OMAudit - user=runner | ip=127.0.0.1 | op=GET_FILE_STATUS {volume=volume94578, bucket=bucket60014, key=gdir1/dir5/child, dataSize=0, replicationConfig=null} | ret=FAILURE
org.apache.hadoop.ozone.om.exceptions.OMException: Unable to get file status: volume: volume94578 bucket: bucket60014 key: gdir1/dir5/child
	at org.apache.hadoop.ozone.om.KeyManagerImpl.getOzoneFileStatus(KeyManagerImpl.java:1270) ~[ozone-manager-1.3.0-SNAPSHOT.jar:?]
	at org.apache.hadoop.ozone.om.KeyManagerImpl.getFileStatus(KeyManagerImpl.java:1200) ~[ozone-manager-1.3.0-SNAPSHOT.jar:?]
	at org.apache.hadoop.ozone.om.OzoneManager.getFileStatus(OzoneManager.java:3507) ~[ozone-manager-1.3.0-SNAPSHOT.jar:?]
	at org.apache.hadoop.ozone.protocolPB.OzoneManagerRequestHandler.getOzoneFileStatus(OzoneManagerRequestHandler.java:882) ~[ozone-manager-1.3.0-SNAPSHOT.jar:?]
	at org.apache.hadoop.ozone.protocolPB.OzoneManagerRequestHandler.handleReadRequest(OzoneManagerRequestHandler.java:228) ~[ozone-manager-1.3.0-SNAPSHOT.jar:?]
	at org.apache.hadoop.ozone.protocolPB.OzoneManagerProtocolServerSideTranslatorPB.submitReadRequestToOM(OzoneManagerProtocolServerSideTranslatorPB.java:226) ~[ozone-manager-1.3.0-SNAPSHOT.jar:?]
	at org.apache.hadoop.ozone.protocolPB.OzoneManagerProtocolServerSideTranslatorPB.processRequest(OzoneManagerProtocolServerSideTranslatorPB.java:175) ~[ozone-manager-1.3.0-SNAPSHOT.jar:?]
	at org.apache.hadoop.hdds.server.OzoneProtocolMessageDispatcher.processRequest(OzoneProtocolMessageDispatcher.java:87) [hdds-server-framework-1.3.0-SNAPSHOT.jar:?]
	at org.apache.hadoop.ozone.protocolPB.OzoneManagerProtocolServerSideTranslatorPB.submitRequest(OzoneManagerProtocolServerSideTranslatorPB.java:147) [ozone-manager-1.3.0-SNAPSHOT.jar:?]
	at org.apache.hadoop.ozone.protocol.proto.OzoneManagerProtocolProtos$OzoneManagerService$2.callBlockingMethod(OzoneManagerProtocolProtos.java) [ozone-interface-client-1.3.0-SNAPSHOT.jar:?]
	at org.apache.hadoop.ipc.ProtobufRpcEngine$Server.processCall(ProtobufRpcEngine.java:466) [hadoop-common-3.3.1.jar:?]
	at org.apache.hadoop.ipc.ProtobufRpcEngine2$Server$ProtoBufRpcInvoker.call(ProtobufRpcEngine2.java:574) [hadoop-common-3.3.1.jar:?]
	at org.apache.hadoop.ipc.ProtobufRpcEngine2$Server$ProtoBufRpcInvoker.call(ProtobufRpcEngine2.java:552) [hadoop-common-3.3.1.jar:?]
	at org.apache.hadoop.ipc.RPC$Server.call(RPC.java:1093) [hadoop-common-3.3.1.jar:?]
	at org.apache.hadoop.ipc.Server$RpcCall.run(Server.java:1035) [hadoop-common-3.3.1.jar:?]
	at org.apache.hadoop.ipc.Server$RpcCall.run(Server.java:963) [hadoop-common-3.3.1.jar:?]
	at java.security.AccessController.doPrivileged(Native Method) ~[?:1.8.0_345]
	at javax.security.auth.Subject.doAs(Subject.java:422) [?:1.8.0_345]
	at org.apache.hadoop.security.UserGroupInformation.doAs(UserGroupInformation.java:1878) [hadoop-common-3.3.1.jar:?]
	at org.apache.hadoop.ipc.Server$Handler.run(Server.java:2966) [hadoop-common-3.3.1.jar:?]
2022-10-09 13:04:21,495 [Time-limited test] WARN  ozone.BasicOzoneFileSystem (BasicOzoneFileSystem.java:getFileStatus(765)) - GetFileStatus failed for path /gdir1/dir5/child
java.io.FileNotFoundException: gdir1/dir5/child: No such file or directory!
	at org.apache.hadoop.fs.ozone.BasicOzoneClientAdapterImpl.getFileStatus(BasicOzoneClientAdapterImpl.java:369)
	at org.apache.hadoop.fs.ozone.BasicOzoneFileSystem.getFileStatus(BasicOzoneFileSystem.java:757)
	at org.apache.hadoop.fs.ozone.TestOzoneFileSystem.checkPath(TestOzoneFileSystem.java:502)
	at org.apache.hadoop.fs.ozone.TestOzoneFileSystem.testRecursiveDelete(TestOzoneFileSystem.java:458)
	at sun.reflect.NativeMethodAccessorImpl.invoke0(Native Method)
	at sun.reflect.NativeMethodAccessorImpl.invoke(NativeMethodAccessorImpl.java:62)
	at sun.reflect.DelegatingMethodAccessorImpl.invoke(DelegatingMethodAccessorImpl.java:43)
	at java.lang.reflect.Method.invoke(Method.java:498)
	at org.junit.runners.model.FrameworkMethod$1.runReflectiveCall(FrameworkMethod.java:59)
	at org.junit.internal.runners.model.ReflectiveCallable.run(ReflectiveCallable.java:12)
	at org.junit.runners.model.FrameworkMethod.invokeExplosively(FrameworkMethod.java:56)
	at org.junit.internal.runners.statements.InvokeMethod.evaluate(InvokeMethod.java:17)
	at org.junit.internal.runners.statements.RunAfters.evaluate(RunAfters.java:27)
	at org.junit.internal.runners.statements.FailOnTimeout$CallableStatement.call(FailOnTimeout.java:288)
	at org.junit.internal.runners.statements.FailOnTimeout$CallableStatement.call(FailOnTimeout.java:282)
	at java.util.concurrent.FutureTask.run(FutureTask.java:266)
	at java.lang.Thread.run(Thread.java:750)
13:04:21.498 [IPC Server handler 0 on default port 37457] ERROR OMAudit - user=runner | ip=127.0.0.1 | op=GET_FILE_STATUS {volume=volume94578, bucket=bucket60014, key=gdir1/dir6, dataSize=0, replicationConfig=null} | ret=FAILURE
org.apache.hadoop.ozone.om.exceptions.OMException: Unable to get file status: volume: volume94578 bucket: bucket60014 key: gdir1/dir6
	at org.apache.hadoop.ozone.om.KeyManagerImpl.getOzoneFileStatus(KeyManagerImpl.java:1270) ~[ozone-manager-1.3.0-SNAPSHOT.jar:?]
	at org.apache.hadoop.ozone.om.KeyManagerImpl.getFileStatus(KeyManagerImpl.java:1200) ~[ozone-manager-1.3.0-SNAPSHOT.jar:?]
	at org.apache.hadoop.ozone.om.OzoneManager.getFileStatus(OzoneManager.java:3507) ~[ozone-manager-1.3.0-SNAPSHOT.jar:?]
	at org.apache.hadoop.ozone.protocolPB.OzoneManagerRequestHandler.getOzoneFileStatus(OzoneManagerRequestHandler.java:882) ~[ozone-manager-1.3.0-SNAPSHOT.jar:?]
	at org.apache.hadoop.ozone.protocolPB.OzoneManagerRequestHandler.handleReadRequest(OzoneManagerRequestHandler.java:228) ~[ozone-manager-1.3.0-SNAPSHOT.jar:?]
	at org.apache.hadoop.ozone.protocolPB.OzoneManagerProtocolServerSideTranslatorPB.submitReadRequestToOM(OzoneManagerProtocolServerSideTranslatorPB.java:226) ~[ozone-manager-1.3.0-SNAPSHOT.jar:?]
	at org.apache.hadoop.ozone.protocolPB.OzoneManagerProtocolServerSideTranslatorPB.processRequest(OzoneManagerProtocolServerSideTranslatorPB.java:175) ~[ozone-manager-1.3.0-SNAPSHOT.jar:?]
	at org.apache.hadoop.hdds.server.OzoneProtocolMessageDispatcher.processRequest(OzoneProtocolMessageDispatcher.java:87) [hdds-server-framework-1.3.0-SNAPSHOT.jar:?]
	at org.apache.hadoop.ozone.protocolPB.OzoneManagerProtocolServerSideTranslatorPB.submitRequest(OzoneManagerProtocolServerSideTranslatorPB.java:147) [ozone-manager-1.3.0-SNAPSHOT.jar:?]
	at org.apache.hadoop.ozone.protocol.proto.OzoneManagerProtocolProtos$OzoneManagerService$2.callBlockingMethod(OzoneManagerProtocolProtos.java) [ozone-interface-client-1.3.0-SNAPSHOT.jar:?]
	at org.apache.hadoop.ipc.ProtobufRpcEngine$Server.processCall(ProtobufRpcEngine.java:466) [hadoop-common-3.3.1.jar:?]
	at org.apache.hadoop.ipc.ProtobufRpcEngine2$Server$ProtoBufRpcInvoker.call(ProtobufRpcEngine2.java:574) [hadoop-common-3.3.1.jar:?]
	at org.apache.hadoop.ipc.ProtobufRpcEngine2$Server$ProtoBufRpcInvoker.call(ProtobufRpcEngine2.java:552) [hadoop-common-3.3.1.jar:?]
	at org.apache.hadoop.ipc.RPC$Server.call(RPC.java:1093) [hadoop-common-3.3.1.jar:?]
	at org.apache.hadoop.ipc.Server$RpcCall.run(Server.java:1035) [hadoop-common-3.3.1.jar:?]
	at org.apache.hadoop.ipc.Server$RpcCall.run(Server.java:963) [hadoop-common-3.3.1.jar:?]
	at java.security.AccessController.doPrivileged(Native Method) ~[?:1.8.0_345]
	at javax.security.auth.Subject.doAs(Subject.java:422) [?:1.8.0_345]
	at org.apache.hadoop.security.UserGroupInformation.doAs(UserGroupInformation.java:1878) [hadoop-common-3.3.1.jar:?]
	at org.apache.hadoop.ipc.Server$Handler.run(Server.java:2966) [hadoop-common-3.3.1.jar:?]
2022-10-09 13:04:21,499 [Time-limited test] WARN  ozone.BasicOzoneFileSystem (BasicOzoneFileSystem.java:getFileStatus(765)) - GetFileStatus failed for path /gdir1/dir6
java.io.FileNotFoundException: gdir1/dir6: No such file or directory!
	at org.apache.hadoop.fs.ozone.BasicOzoneClientAdapterImpl.getFileStatus(BasicOzoneClientAdapterImpl.java:369)
	at org.apache.hadoop.fs.ozone.BasicOzoneFileSystem.getFileStatus(BasicOzoneFileSystem.java:757)
	at org.apache.hadoop.fs.ozone.TestOzoneFileSystem.checkPath(TestOzoneFileSystem.java:502)
	at org.apache.hadoop.fs.ozone.TestOzoneFileSystem.testRecursiveDelete(TestOzoneFileSystem.java:457)
	at sun.reflect.NativeMethodAccessorImpl.invoke0(Native Method)
	at sun.reflect.NativeMethodAccessorImpl.invoke(NativeMethodAccessorImpl.java:62)
	at sun.reflect.DelegatingMethodAccessorImpl.invoke(DelegatingMethodAccessorImpl.java:43)
	at java.lang.reflect.Method.invoke(Method.java:498)
	at org.junit.runners.model.FrameworkMethod$1.runReflectiveCall(FrameworkMethod.java:59)
	at org.junit.internal.runners.model.ReflectiveCallable.run(ReflectiveCallable.java:12)
	at org.junit.runners.model.FrameworkMethod.invokeExplosively(FrameworkMethod.java:56)
	at org.junit.internal.runners.statements.InvokeMethod.evaluate(InvokeMethod.java:17)
	at org.junit.internal.runners.statements.RunAfters.evaluate(RunAfters.java:27)
	at org.junit.internal.runners.statements.FailOnTimeout$CallableStatement.call(FailOnTimeout.java:288)
	at org.junit.internal.runners.statements.FailOnTimeout$CallableStatement.call(FailOnTimeout.java:282)
	at java.util.concurrent.FutureTask.run(FutureTask.java:266)
	at java.lang.Thread.run(Thread.java:750)
13:04:21.500 [IPC Server handler 9 on default port 37457] ERROR OMAudit - user=runner | ip=127.0.0.1 | op=GET_FILE_STATUS {volume=volume94578, bucket=bucket60014, key=gdir1/dir6/child, dataSize=0, replicationConfig=null} | ret=FAILURE
org.apache.hadoop.ozone.om.exceptions.OMException: Unable to get file status: volume: volume94578 bucket: bucket60014 key: gdir1/dir6/child
	at org.apache.hadoop.ozone.om.KeyManagerImpl.getOzoneFileStatus(KeyManagerImpl.java:1270) ~[ozone-manager-1.3.0-SNAPSHOT.jar:?]
	at org.apache.hadoop.ozone.om.KeyManagerImpl.getFileStatus(KeyManagerImpl.java:1200) ~[ozone-manager-1.3.0-SNAPSHOT.jar:?]
	at org.apache.hadoop.ozone.om.OzoneManager.getFileStatus(OzoneManager.java:3507) ~[ozone-manager-1.3.0-SNAPSHOT.jar:?]
	at org.apache.hadoop.ozone.protocolPB.OzoneManagerRequestHandler.getOzoneFileStatus(OzoneManagerRequestHandler.java:882) ~[ozone-manager-1.3.0-SNAPSHOT.jar:?]
	at org.apache.hadoop.ozone.protocolPB.OzoneManagerRequestHandler.handleReadRequest(OzoneManagerRequestHandler.java:228) ~[ozone-manager-1.3.0-SNAPSHOT.jar:?]
	at org.apache.hadoop.ozone.protocolPB.OzoneManagerProtocolServerSideTranslatorPB.submitReadRequestToOM(OzoneManagerProtocolServerSideTranslatorPB.java:226) ~[ozone-manager-1.3.0-SNAPSHOT.jar:?]
	at org.apache.hadoop.ozone.protocolPB.OzoneManagerProtocolServerSideTranslatorPB.processRequest(OzoneManagerProtocolServerSideTranslatorPB.java:175) ~[ozone-manager-1.3.0-SNAPSHOT.jar:?]
	at org.apache.hadoop.hdds.server.OzoneProtocolMessageDispatcher.processRequest(OzoneProtocolMessageDispatcher.java:87) [hdds-server-framework-1.3.0-SNAPSHOT.jar:?]
	at org.apache.hadoop.ozone.protocolPB.OzoneManagerProtocolServerSideTranslatorPB.submitRequest(OzoneManagerProtocolServerSideTranslatorPB.java:147) [ozone-manager-1.3.0-SNAPSHOT.jar:?]
	at org.apache.hadoop.ozone.protocol.proto.OzoneManagerProtocolProtos$OzoneManagerService$2.callBlockingMethod(OzoneManagerProtocolProtos.java) [ozone-interface-client-1.3.0-SNAPSHOT.jar:?]
	at org.apache.hadoop.ipc.ProtobufRpcEngine$Server.processCall(ProtobufRpcEngine.java:466) [hadoop-common-3.3.1.jar:?]
	at org.apache.hadoop.ipc.ProtobufRpcEngine2$Server$ProtoBufRpcInvoker.call(ProtobufRpcEngine2.java:574) [hadoop-common-3.3.1.jar:?]
	at org.apache.hadoop.ipc.ProtobufRpcEngine2$Server$ProtoBufRpcInvoker.call(ProtobufRpcEngine2.java:552) [hadoop-common-3.3.1.jar:?]
	at org.apache.hadoop.ipc.RPC$Server.call(RPC.java:1093) [hadoop-common-3.3.1.jar:?]
	at org.apache.hadoop.ipc.Server$RpcCall.run(Server.java:1035) [hadoop-common-3.3.1.jar:?]
	at org.apache.hadoop.ipc.Server$RpcCall.run(Server.java:963) [hadoop-common-3.3.1.jar:?]
	at java.security.AccessController.doPrivileged(Native Method) ~[?:1.8.0_345]
	at javax.security.auth.Subject.doAs(Subject.java:422) [?:1.8.0_345]
	at org.apache.hadoop.security.UserGroupInformation.doAs(UserGroupInformation.java:1878) [hadoop-common-3.3.1.jar:?]
	at org.apache.hadoop.ipc.Server$Handler.run(Server.java:2966) [hadoop-common-3.3.1.jar:?]
2022-10-09 13:04:21,500 [Time-limited test] WARN  ozone.BasicOzoneFileSystem (BasicOzoneFileSystem.java:getFileStatus(765)) - GetFileStatus failed for path /gdir1/dir6/child
java.io.FileNotFoundException: gdir1/dir6/child: No such file or directory!
	at org.apache.hadoop.fs.ozone.BasicOzoneClientAdapterImpl.getFileStatus(BasicOzoneClientAdapterImpl.java:369)
	at org.apache.hadoop.fs.ozone.BasicOzoneFileSystem.getFileStatus(BasicOzoneFileSystem.java:757)
	at org.apache.hadoop.fs.ozone.TestOzoneFileSystem.checkPath(TestOzoneFileSystem.java:502)
	at org.apache.hadoop.fs.ozone.TestOzoneFileSystem.testRecursiveDelete(TestOzoneFileSystem.java:458)
	at sun.reflect.NativeMethodAccessorImpl.invoke0(Native Method)
	at sun.reflect.NativeMethodAccessorImpl.invoke(NativeMethodAccessorImpl.java:62)
	at sun.reflect.DelegatingMethodAccessorImpl.invoke(DelegatingMethodAccessorImpl.java:43)
	at java.lang.reflect.Method.invoke(Method.java:498)
	at org.junit.runners.model.FrameworkMethod$1.runReflectiveCall(FrameworkMethod.java:59)
	at org.junit.internal.runners.model.ReflectiveCallable.run(ReflectiveCallable.java:12)
	at org.junit.runners.model.FrameworkMethod.invokeExplosively(FrameworkMethod.java:56)
	at org.junit.internal.runners.statements.InvokeMethod.evaluate(InvokeMethod.java:17)
	at org.junit.internal.runners.statements.RunAfters.evaluate(RunAfters.java:27)
	at org.junit.internal.runners.statements.FailOnTimeout$CallableStatement.call(FailOnTimeout.java:288)
	at org.junit.internal.runners.statements.FailOnTimeout$CallableStatement.call(FailOnTimeout.java:282)
	at java.util.concurrent.FutureTask.run(FutureTask.java:266)
	at java.lang.Thread.run(Thread.java:750)
13:04:21.501 [IPC Server handler 10 on default port 37457] ERROR OMAudit - user=runner | ip=127.0.0.1 | op=GET_FILE_STATUS {volume=volume94578, bucket=bucket60014, key=gdir1/dir7, dataSize=0, replicationConfig=null} | ret=FAILURE
org.apache.hadoop.ozone.om.exceptions.OMException: Unable to get file status: volume: volume94578 bucket: bucket60014 key: gdir1/dir7
	at org.apache.hadoop.ozone.om.KeyManagerImpl.getOzoneFileStatus(KeyManagerImpl.java:1270) ~[ozone-manager-1.3.0-SNAPSHOT.jar:?]
	at org.apache.hadoop.ozone.om.KeyManagerImpl.getFileStatus(KeyManagerImpl.java:1200) ~[ozone-manager-1.3.0-SNAPSHOT.jar:?]
	at org.apache.hadoop.ozone.om.OzoneManager.getFileStatus(OzoneManager.java:3507) ~[ozone-manager-1.3.0-SNAPSHOT.jar:?]
	at org.apache.hadoop.ozone.protocolPB.OzoneManagerRequestHandler.getOzoneFileStatus(OzoneManagerRequestHandler.java:882) ~[ozone-manager-1.3.0-SNAPSHOT.jar:?]
	at org.apache.hadoop.ozone.protocolPB.OzoneManagerRequestHandler.handleReadRequest(OzoneManagerRequestHandler.java:228) ~[ozone-manager-1.3.0-SNAPSHOT.jar:?]
	at org.apache.hadoop.ozone.protocolPB.OzoneManagerProtocolServerSideTranslatorPB.submitReadRequestToOM(OzoneManagerProtocolServerSideTranslatorPB.java:226) ~[ozone-manager-1.3.0-SNAPSHOT.jar:?]
	at org.apache.hadoop.ozone.protocolPB.OzoneManagerProtocolServerSideTranslatorPB.processRequest(OzoneManagerProtocolServerSideTranslatorPB.java:175) ~[ozone-manager-1.3.0-SNAPSHOT.jar:?]
	at org.apache.hadoop.hdds.server.OzoneProtocolMessageDispatcher.processRequest(OzoneProtocolMessageDispatcher.java:87) [hdds-server-framework-1.3.0-SNAPSHOT.jar:?]
	at org.apache.hadoop.ozone.protocolPB.OzoneManagerProtocolServerSideTranslatorPB.submitRequest(OzoneManagerProtocolServerSideTranslatorPB.java:147) [ozone-manager-1.3.0-SNAPSHOT.jar:?]
	at org.apache.hadoop.ozone.protocol.proto.OzoneManagerProtocolProtos$OzoneManagerService$2.callBlockingMethod(OzoneManagerProtocolProtos.java) [ozone-interface-client-1.3.0-SNAPSHOT.jar:?]
	at org.apache.hadoop.ipc.ProtobufRpcEngine$Server.processCall(ProtobufRpcEngine.java:466) [hadoop-common-3.3.1.jar:?]
	at org.apache.hadoop.ipc.ProtobufRpcEngine2$Server$ProtoBufRpcInvoker.call(ProtobufRpcEngine2.java:574) [hadoop-common-3.3.1.jar:?]
	at org.apache.hadoop.ipc.ProtobufRpcEngine2$Server$ProtoBufRpcInvoker.call(ProtobufRpcEngine2.java:552) [hadoop-common-3.3.1.jar:?]
	at org.apache.hadoop.ipc.RPC$Server.call(RPC.java:1093) [hadoop-common-3.3.1.jar:?]
	at org.apache.hadoop.ipc.Server$RpcCall.run(Server.java:1035) [hadoop-common-3.3.1.jar:?]
	at org.apache.hadoop.ipc.Server$RpcCall.run(Server.java:963) [hadoop-common-3.3.1.jar:?]
	at java.security.AccessController.doPrivileged(Native Method) ~[?:1.8.0_345]
	at javax.security.auth.Subject.doAs(Subject.java:422) [?:1.8.0_345]
	at org.apache.hadoop.security.UserGroupInformation.doAs(UserGroupInformation.java:1878) [hadoop-common-3.3.1.jar:?]
	at org.apache.hadoop.ipc.Server$Handler.run(Server.java:2966) [hadoop-common-3.3.1.jar:?]
2022-10-09 13:04:21,502 [Time-limited test] WARN  ozone.BasicOzoneFileSystem (BasicOzoneFileSystem.java:getFileStatus(765)) - GetFileStatus failed for path /gdir1/dir7
java.io.FileNotFoundException: gdir1/dir7: No such file or directory!
	at org.apache.hadoop.fs.ozone.BasicOzoneClientAdapterImpl.getFileStatus(BasicOzoneClientAdapterImpl.java:369)
	at org.apache.hadoop.fs.ozone.BasicOzoneFileSystem.getFileStatus(BasicOzoneFileSystem.java:757)
	at org.apache.hadoop.fs.ozone.TestOzoneFileSystem.checkPath(TestOzoneFileSystem.java:502)
	at org.apache.hadoop.fs.ozone.TestOzoneFileSystem.testRecursiveDelete(TestOzoneFileSystem.java:457)
	at sun.reflect.NativeMethodAccessorImpl.invoke0(Native Method)
	at sun.reflect.NativeMethodAccessorImpl.invoke(NativeMethodAccessorImpl.java:62)
	at sun.reflect.DelegatingMethodAccessorImpl.invoke(DelegatingMethodAccessorImpl.java:43)
	at java.lang.reflect.Method.invoke(Method.java:498)
	at org.junit.runners.model.FrameworkMethod$1.runReflectiveCall(FrameworkMethod.java:59)
	at org.junit.internal.runners.model.ReflectiveCallable.run(ReflectiveCallable.java:12)
	at org.junit.runners.model.FrameworkMethod.invokeExplosively(FrameworkMethod.java:56)
	at org.junit.internal.runners.statements.InvokeMethod.evaluate(InvokeMethod.java:17)
	at org.junit.internal.runners.statements.RunAfters.evaluate(RunAfters.java:27)
	at org.junit.internal.runners.statements.FailOnTimeout$CallableStatement.call(FailOnTimeout.java:288)
	at org.junit.internal.runners.statements.FailOnTimeout$CallableStatement.call(FailOnTimeout.java:282)
	at java.util.concurrent.FutureTask.run(FutureTask.java:266)
	at java.lang.Thread.run(Thread.java:750)
13:04:21.503 [IPC Server handler 12 on default port 37457] ERROR OMAudit - user=runner | ip=127.0.0.1 | op=GET_FILE_STATUS {volume=volume94578, bucket=bucket60014, key=gdir1/dir7/child, dataSize=0, replicationConfig=null} | ret=FAILURE
org.apache.hadoop.ozone.om.exceptions.OMException: Unable to get file status: volume: volume94578 bucket: bucket60014 key: gdir1/dir7/child
	at org.apache.hadoop.ozone.om.KeyManagerImpl.getOzoneFileStatus(KeyManagerImpl.java:1270) ~[ozone-manager-1.3.0-SNAPSHOT.jar:?]
	at org.apache.hadoop.ozone.om.KeyManagerImpl.getFileStatus(KeyManagerImpl.java:1200) ~[ozone-manager-1.3.0-SNAPSHOT.jar:?]
	at org.apache.hadoop.ozone.om.OzoneManager.getFileStatus(OzoneManager.java:3507) ~[ozone-manager-1.3.0-SNAPSHOT.jar:?]
	at org.apache.hadoop.ozone.protocolPB.OzoneManagerRequestHandler.getOzoneFileStatus(OzoneManagerRequestHandler.java:882) ~[ozone-manager-1.3.0-SNAPSHOT.jar:?]
	at org.apache.hadoop.ozone.protocolPB.OzoneManagerRequestHandler.handleReadRequest(OzoneManagerRequestHandler.java:228) ~[ozone-manager-1.3.0-SNAPSHOT.jar:?]
	at org.apache.hadoop.ozone.protocolPB.OzoneManagerProtocolServerSideTranslatorPB.submitReadRequestToOM(OzoneManagerProtocolServerSideTranslatorPB.java:226) ~[ozone-manager-1.3.0-SNAPSHOT.jar:?]
	at org.apache.hadoop.ozone.protocolPB.OzoneManagerProtocolServerSideTranslatorPB.processRequest(OzoneManagerProtocolServerSideTranslatorPB.java:175) ~[ozone-manager-1.3.0-SNAPSHOT.jar:?]
	at org.apache.hadoop.hdds.server.OzoneProtocolMessageDispatcher.processRequest(OzoneProtocolMessageDispatcher.java:87) [hdds-server-framework-1.3.0-SNAPSHOT.jar:?]
	at org.apache.hadoop.ozone.protocolPB.OzoneManagerProtocolServerSideTranslatorPB.submitRequest(OzoneManagerProtocolServerSideTranslatorPB.java:147) [ozone-manager-1.3.0-SNAPSHOT.jar:?]
	at org.apache.hadoop.ozone.protocol.proto.OzoneManagerProtocolProtos$OzoneManagerService$2.callBlockingMethod(OzoneManagerProtocolProtos.java) [ozone-interface-client-1.3.0-SNAPSHOT.jar:?]
	at org.apache.hadoop.ipc.ProtobufRpcEngine$Server.processCall(ProtobufRpcEngine.java:466) [hadoop-common-3.3.1.jar:?]
	at org.apache.hadoop.ipc.ProtobufRpcEngine2$Server$ProtoBufRpcInvoker.call(ProtobufRpcEngine2.java:574) [hadoop-common-3.3.1.jar:?]
	at org.apache.hadoop.ipc.ProtobufRpcEngine2$Server$ProtoBufRpcInvoker.call(ProtobufRpcEngine2.java:552) [hadoop-common-3.3.1.jar:?]
	at org.apache.hadoop.ipc.RPC$Server.call(RPC.java:1093) [hadoop-common-3.3.1.jar:?]
	at org.apache.hadoop.ipc.Server$RpcCall.run(Server.java:1035) [hadoop-common-3.3.1.jar:?]
	at org.apache.hadoop.ipc.Server$RpcCall.run(Server.java:963) [hadoop-common-3.3.1.jar:?]
	at java.security.AccessController.doPrivileged(Native Method) ~[?:1.8.0_345]
	at javax.security.auth.Subject.doAs(Subject.java:422) [?:1.8.0_345]
	at org.apache.hadoop.security.UserGroupInformation.doAs(UserGroupInformation.java:1878) [hadoop-common-3.3.1.jar:?]
	at org.apache.hadoop.ipc.Server$Handler.run(Server.java:2966) [hadoop-common-3.3.1.jar:?]
2022-10-09 13:04:21,503 [Time-limited test] WARN  ozone.BasicOzoneFileSystem (BasicOzoneFileSystem.java:getFileStatus(765)) - GetFileStatus failed for path /gdir1/dir7/child
java.io.FileNotFoundException: gdir1/dir7/child: No such file or directory!
	at org.apache.hadoop.fs.ozone.BasicOzoneClientAdapterImpl.getFileStatus(BasicOzoneClientAdapterImpl.java:369)
	at org.apache.hadoop.fs.ozone.BasicOzoneFileSystem.getFileStatus(BasicOzoneFileSystem.java:757)
	at org.apache.hadoop.fs.ozone.TestOzoneFileSystem.checkPath(TestOzoneFileSystem.java:502)
	at org.apache.hadoop.fs.ozone.TestOzoneFileSystem.testRecursiveDelete(TestOzoneFileSystem.java:458)
	at sun.reflect.NativeMethodAccessorImpl.invoke0(Native Method)
	at sun.reflect.NativeMethodAccessorImpl.invoke(NativeMethodAccessorImpl.java:62)
	at sun.reflect.DelegatingMethodAccessorImpl.invoke(DelegatingMethodAccessorImpl.java:43)
	at java.lang.reflect.Method.invoke(Method.java:498)
	at org.junit.runners.model.FrameworkMethod$1.runReflectiveCall(FrameworkMethod.java:59)
	at org.junit.internal.runners.model.ReflectiveCallable.run(ReflectiveCallable.java:12)
	at org.junit.runners.model.FrameworkMethod.invokeExplosively(FrameworkMethod.java:56)
	at org.junit.internal.runners.statements.InvokeMethod.evaluate(InvokeMethod.java:17)
	at org.junit.internal.runners.statements.RunAfters.evaluate(RunAfters.java:27)
	at org.junit.internal.runners.statements.FailOnTimeout$CallableStatement.call(FailOnTimeout.java:288)
	at org.junit.internal.runners.statements.FailOnTimeout$CallableStatement.call(FailOnTimeout.java:282)
	at java.util.concurrent.FutureTask.run(FutureTask.java:266)
	at java.lang.Thread.run(Thread.java:750)
13:04:21.504 [IPC Server handler 14 on default port 37457] ERROR OMAudit - user=runner | ip=127.0.0.1 | op=GET_FILE_STATUS {volume=volume94578, bucket=bucket60014, key=gdir1/dir8, dataSize=0, replicationConfig=null} | ret=FAILURE
org.apache.hadoop.ozone.om.exceptions.OMException: Unable to get file status: volume: volume94578 bucket: bucket60014 key: gdir1/dir8
	at org.apache.hadoop.ozone.om.KeyManagerImpl.getOzoneFileStatus(KeyManagerImpl.java:1270) ~[ozone-manager-1.3.0-SNAPSHOT.jar:?]
	at org.apache.hadoop.ozone.om.KeyManagerImpl.getFileStatus(KeyManagerImpl.java:1200) ~[ozone-manager-1.3.0-SNAPSHOT.jar:?]
	at org.apache.hadoop.ozone.om.OzoneManager.getFileStatus(OzoneManager.java:3507) ~[ozone-manager-1.3.0-SNAPSHOT.jar:?]
	at org.apache.hadoop.ozone.protocolPB.OzoneManagerRequestHandler.getOzoneFileStatus(OzoneManagerRequestHandler.java:882) ~[ozone-manager-1.3.0-SNAPSHOT.jar:?]
	at org.apache.hadoop.ozone.protocolPB.OzoneManagerRequestHandler.handleReadRequest(OzoneManagerRequestHandler.java:228) ~[ozone-manager-1.3.0-SNAPSHOT.jar:?]
	at org.apache.hadoop.ozone.protocolPB.OzoneManagerProtocolServerSideTranslatorPB.submitReadRequestToOM(OzoneManagerProtocolServerSideTranslatorPB.java:226) ~[ozone-manager-1.3.0-SNAPSHOT.jar:?]
	at org.apache.hadoop.ozone.protocolPB.OzoneManagerProtocolServerSideTranslatorPB.processRequest(OzoneManagerProtocolServerSideTranslatorPB.java:175) ~[ozone-manager-1.3.0-SNAPSHOT.jar:?]
	at org.apache.hadoop.hdds.server.OzoneProtocolMessageDispatcher.processRequest(OzoneProtocolMessageDispatcher.java:87) [hdds-server-framework-1.3.0-SNAPSHOT.jar:?]
	at org.apache.hadoop.ozone.protocolPB.OzoneManagerProtocolServerSideTranslatorPB.submitRequest(OzoneManagerProtocolServerSideTranslatorPB.java:147) [ozone-manager-1.3.0-SNAPSHOT.jar:?]
	at org.apache.hadoop.ozone.protocol.proto.OzoneManagerProtocolProtos$OzoneManagerService$2.callBlockingMethod(OzoneManagerProtocolProtos.java) [ozone-interface-client-1.3.0-SNAPSHOT.jar:?]
	at org.apache.hadoop.ipc.ProtobufRpcEngine$Server.processCall(ProtobufRpcEngine.java:466) [hadoop-common-3.3.1.jar:?]
	at org.apache.hadoop.ipc.ProtobufRpcEngine2$Server$ProtoBufRpcInvoker.call(ProtobufRpcEngine2.java:574) [hadoop-common-3.3.1.jar:?]
	at org.apache.hadoop.ipc.ProtobufRpcEngine2$Server$ProtoBufRpcInvoker.call(ProtobufRpcEngine2.java:552) [hadoop-common-3.3.1.jar:?]
	at org.apache.hadoop.ipc.RPC$Server.call(RPC.java:1093) [hadoop-common-3.3.1.jar:?]
	at org.apache.hadoop.ipc.Server$RpcCall.run(Server.java:1035) [hadoop-common-3.3.1.jar:?]
	at org.apache.hadoop.ipc.Server$RpcCall.run(Server.java:963) [hadoop-common-3.3.1.jar:?]
	at java.security.AccessController.doPrivileged(Native Method) ~[?:1.8.0_345]
	at javax.security.auth.Subject.doAs(Subject.java:422) [?:1.8.0_345]
	at org.apache.hadoop.security.UserGroupInformation.doAs(UserGroupInformation.java:1878) [hadoop-common-3.3.1.jar:?]
	at org.apache.hadoop.ipc.Server$Handler.run(Server.java:2966) [hadoop-common-3.3.1.jar:?]
2022-10-09 13:04:21,505 [Time-limited test] WARN  ozone.BasicOzoneFileSystem (BasicOzoneFileSystem.java:getFileStatus(765)) - GetFileStatus failed for path /gdir1/dir8
java.io.FileNotFoundException: gdir1/dir8: No such file or directory!
	at org.apache.hadoop.fs.ozone.BasicOzoneClientAdapterImpl.getFileStatus(BasicOzoneClientAdapterImpl.java:369)
	at org.apache.hadoop.fs.ozone.BasicOzoneFileSystem.getFileStatus(BasicOzoneFileSystem.java:757)
	at org.apache.hadoop.fs.ozone.TestOzoneFileSystem.checkPath(TestOzoneFileSystem.java:502)
	at org.apache.hadoop.fs.ozone.TestOzoneFileSystem.testRecursiveDelete(TestOzoneFileSystem.java:457)
	at sun.reflect.NativeMethodAccessorImpl.invoke0(Native Method)
	at sun.reflect.NativeMethodAccessorImpl.invoke(NativeMethodAccessorImpl.java:62)
	at sun.reflect.DelegatingMethodAccessorImpl.invoke(DelegatingMethodAccessorImpl.java:43)
	at java.lang.reflect.Method.invoke(Method.java:498)
	at org.junit.runners.model.FrameworkMethod$1.runReflectiveCall(FrameworkMethod.java:59)
	at org.junit.internal.runners.model.ReflectiveCallable.run(ReflectiveCallable.java:12)
	at org.junit.runners.model.FrameworkMethod.invokeExplosively(FrameworkMethod.java:56)
	at org.junit.internal.runners.statements.InvokeMethod.evaluate(InvokeMethod.java:17)
	at org.junit.internal.runners.statements.RunAfters.evaluate(RunAfters.java:27)
	at org.junit.internal.runners.statements.FailOnTimeout$CallableStatement.call(FailOnTimeout.java:288)
	at org.junit.internal.runners.statements.FailOnTimeout$CallableStatement.call(FailOnTimeout.java:282)
	at java.util.concurrent.FutureTask.run(FutureTask.java:266)
	at java.lang.Thread.run(Thread.java:750)
13:04:21.505 [IPC Server handler 11 on default port 37457] ERROR OMAudit - user=runner | ip=127.0.0.1 | op=GET_FILE_STATUS {volume=volume94578, bucket=bucket60014, key=gdir1/dir8/child, dataSize=0, replicationConfig=null} | ret=FAILURE
org.apache.hadoop.ozone.om.exceptions.OMException: Unable to get file status: volume: volume94578 bucket: bucket60014 key: gdir1/dir8/child
	at org.apache.hadoop.ozone.om.KeyManagerImpl.getOzoneFileStatus(KeyManagerImpl.java:1270) ~[ozone-manager-1.3.0-SNAPSHOT.jar:?]
	at org.apache.hadoop.ozone.om.KeyManagerImpl.getFileStatus(KeyManagerImpl.java:1200) ~[ozone-manager-1.3.0-SNAPSHOT.jar:?]
	at org.apache.hadoop.ozone.om.OzoneManager.getFileStatus(OzoneManager.java:3507) ~[ozone-manager-1.3.0-SNAPSHOT.jar:?]
	at org.apache.hadoop.ozone.protocolPB.OzoneManagerRequestHandler.getOzoneFileStatus(OzoneManagerRequestHandler.java:882) ~[ozone-manager-1.3.0-SNAPSHOT.jar:?]
	at org.apache.hadoop.ozone.protocolPB.OzoneManagerRequestHandler.handleReadRequest(OzoneManagerRequestHandler.java:228) ~[ozone-manager-1.3.0-SNAPSHOT.jar:?]
	at org.apache.hadoop.ozone.protocolPB.OzoneManagerProtocolServerSideTranslatorPB.submitReadRequestToOM(OzoneManagerProtocolServerSideTranslatorPB.java:226) ~[ozone-manager-1.3.0-SNAPSHOT.jar:?]
	at org.apache.hadoop.ozone.protocolPB.OzoneManagerProtocolServerSideTranslatorPB.processRequest(OzoneManagerProtocolServerSideTranslatorPB.java:175) ~[ozone-manager-1.3.0-SNAPSHOT.jar:?]
	at org.apache.hadoop.hdds.server.OzoneProtocolMessageDispatcher.processRequest(OzoneProtocolMessageDispatcher.java:87) [hdds-server-framework-1.3.0-SNAPSHOT.jar:?]
	at org.apache.hadoop.ozone.protocolPB.OzoneManagerProtocolServerSideTranslatorPB.submitRequest(OzoneManagerProtocolServerSideTranslatorPB.java:147) [ozone-manager-1.3.0-SNAPSHOT.jar:?]
	at org.apache.hadoop.ozone.protocol.proto.OzoneManagerProtocolProtos$OzoneManagerService$2.callBlockingMethod(OzoneManagerProtocolProtos.java) [ozone-interface-client-1.3.0-SNAPSHOT.jar:?]
	at org.apache.hadoop.ipc.ProtobufRpcEngine$Server.processCall(ProtobufRpcEngine.java:466) [hadoop-common-3.3.1.jar:?]
	at org.apache.hadoop.ipc.ProtobufRpcEngine2$Server$ProtoBufRpcInvoker.call(ProtobufRpcEngine2.java:574) [hadoop-common-3.3.1.jar:?]
	at org.apache.hadoop.ipc.ProtobufRpcEngine2$Server$ProtoBufRpcInvoker.call(ProtobufRpcEngine2.java:552) [hadoop-common-3.3.1.jar:?]
	at org.apache.hadoop.ipc.RPC$Server.call(RPC.java:1093) [hadoop-common-3.3.1.jar:?]
	at org.apache.hadoop.ipc.Server$RpcCall.run(Server.java:1035) [hadoop-common-3.3.1.jar:?]
	at org.apache.hadoop.ipc.Server$RpcCall.run(Server.java:963) [hadoop-common-3.3.1.jar:?]
	at java.security.AccessController.doPrivileged(Native Method) ~[?:1.8.0_345]
	at javax.security.auth.Subject.doAs(Subject.java:422) [?:1.8.0_345]
	at org.apache.hadoop.security.UserGroupInformation.doAs(UserGroupInformation.java:1878) [hadoop-common-3.3.1.jar:?]
	at org.apache.hadoop.ipc.Server$Handler.run(Server.java:2966) [hadoop-common-3.3.1.jar:?]
2022-10-09 13:04:21,506 [Time-limited test] WARN  ozone.BasicOzoneFileSystem (BasicOzoneFileSystem.java:getFileStatus(765)) - GetFileStatus failed for path /gdir1/dir8/child
java.io.FileNotFoundException: gdir1/dir8/child: No such file or directory!
	at org.apache.hadoop.fs.ozone.BasicOzoneClientAdapterImpl.getFileStatus(BasicOzoneClientAdapterImpl.java:369)
	at org.apache.hadoop.fs.ozone.BasicOzoneFileSystem.getFileStatus(BasicOzoneFileSystem.java:757)
	at org.apache.hadoop.fs.ozone.TestOzoneFileSystem.checkPath(TestOzoneFileSystem.java:502)
	at org.apache.hadoop.fs.ozone.TestOzoneFileSystem.testRecursiveDelete(TestOzoneFileSystem.java:458)
	at sun.reflect.NativeMethodAccessorImpl.invoke0(Native Method)
	at sun.reflect.NativeMethodAccessorImpl.invoke(NativeMethodAccessorImpl.java:62)
	at sun.reflect.DelegatingMethodAccessorImpl.invoke(DelegatingMethodAccessorImpl.java:43)
	at java.lang.reflect.Method.invoke(Method.java:498)
	at org.junit.runners.model.FrameworkMethod$1.runReflectiveCall(FrameworkMethod.java:59)
	at org.junit.internal.runners.model.ReflectiveCallable.run(ReflectiveCallable.java:12)
	at org.junit.runners.model.FrameworkMethod.invokeExplosively(FrameworkMethod.java:56)
	at org.junit.internal.runners.statements.InvokeMethod.evaluate(InvokeMethod.java:17)
	at org.junit.internal.runners.statements.RunAfters.evaluate(RunAfters.java:27)
	at org.junit.internal.runners.statements.FailOnTimeout$CallableStatement.call(FailOnTimeout.java:288)
	at org.junit.internal.runners.statements.FailOnTimeout$CallableStatement.call(FailOnTimeout.java:282)
	at java.util.concurrent.FutureTask.run(FutureTask.java:266)
	at java.lang.Thread.run(Thread.java:750)
13:04:21.507 [IPC Server handler 18 on default port 37457] ERROR OMAudit - user=runner | ip=127.0.0.1 | op=GET_FILE_STATUS {volume=volume94578, bucket=bucket60014, key=gdir1/dir9, dataSize=0, replicationConfig=null} | ret=FAILURE
org.apache.hadoop.ozone.om.exceptions.OMException: Unable to get file status: volume: volume94578 bucket: bucket60014 key: gdir1/dir9
	at org.apache.hadoop.ozone.om.KeyManagerImpl.getOzoneFileStatus(KeyManagerImpl.java:1270) ~[ozone-manager-1.3.0-SNAPSHOT.jar:?]
	at org.apache.hadoop.ozone.om.KeyManagerImpl.getFileStatus(KeyManagerImpl.java:1200) ~[ozone-manager-1.3.0-SNAPSHOT.jar:?]
	at org.apache.hadoop.ozone.om.OzoneManager.getFileStatus(OzoneManager.java:3507) ~[ozone-manager-1.3.0-SNAPSHOT.jar:?]
	at org.apache.hadoop.ozone.protocolPB.OzoneManagerRequestHandler.getOzoneFileStatus(OzoneManagerRequestHandler.java:882) ~[ozone-manager-1.3.0-SNAPSHOT.jar:?]
	at org.apache.hadoop.ozone.protocolPB.OzoneManagerRequestHandler.handleReadRequest(OzoneManagerRequestHandler.java:228) ~[ozone-manager-1.3.0-SNAPSHOT.jar:?]
	at org.apache.hadoop.ozone.protocolPB.OzoneManagerProtocolServerSideTranslatorPB.submitReadRequestToOM(OzoneManagerProtocolServerSideTranslatorPB.java:226) ~[ozone-manager-1.3.0-SNAPSHOT.jar:?]
	at org.apache.hadoop.ozone.protocolPB.OzoneManagerProtocolServerSideTranslatorPB.processRequest(OzoneManagerProtocolServerSideTranslatorPB.java:175) ~[ozone-manager-1.3.0-SNAPSHOT.jar:?]
	at org.apache.hadoop.hdds.server.OzoneProtocolMessageDispatcher.processRequest(OzoneProtocolMessageDispatcher.java:87) [hdds-server-framework-1.3.0-SNAPSHOT.jar:?]
	at org.apache.hadoop.ozone.protocolPB.OzoneManagerProtocolServerSideTranslatorPB.submitRequest(OzoneManagerProtocolServerSideTranslatorPB.java:147) [ozone-manager-1.3.0-SNAPSHOT.jar:?]
	at org.apache.hadoop.ozone.protocol.proto.OzoneManagerProtocolProtos$OzoneManagerService$2.callBlockingMethod(OzoneManagerProtocolProtos.java) [ozone-interface-client-1.3.0-SNAPSHOT.jar:?]
	at org.apache.hadoop.ipc.ProtobufRpcEngine$Server.processCall(ProtobufRpcEngine.java:466) [hadoop-common-3.3.1.jar:?]
	at org.apache.hadoop.ipc.ProtobufRpcEngine2$Server$ProtoBufRpcInvoker.call(ProtobufRpcEngine2.java:574) [hadoop-common-3.3.1.jar:?]
	at org.apache.hadoop.ipc.ProtobufRpcEngine2$Server$ProtoBufRpcInvoker.call(ProtobufRpcEngine2.java:552) [hadoop-common-3.3.1.jar:?]
	at org.apache.hadoop.ipc.RPC$Server.call(RPC.java:1093) [hadoop-common-3.3.1.jar:?]
	at org.apache.hadoop.ipc.Server$RpcCall.run(Server.java:1035) [hadoop-common-3.3.1.jar:?]
	at org.apache.hadoop.ipc.Server$RpcCall.run(Server.java:963) [hadoop-common-3.3.1.jar:?]
	at java.security.AccessController.doPrivileged(Native Method) ~[?:1.8.0_345]
	at javax.security.auth.Subject.doAs(Subject.java:422) [?:1.8.0_345]
	at org.apache.hadoop.security.UserGroupInformation.doAs(UserGroupInformation.java:1878) [hadoop-common-3.3.1.jar:?]
	at org.apache.hadoop.ipc.Server$Handler.run(Server.java:2966) [hadoop-common-3.3.1.jar:?]
2022-10-09 13:04:21,507 [Time-limited test] WARN  ozone.BasicOzoneFileSystem (BasicOzoneFileSystem.java:getFileStatus(765)) - GetFileStatus failed for path /gdir1/dir9
java.io.FileNotFoundException: gdir1/dir9: No such file or directory!
	at org.apache.hadoop.fs.ozone.BasicOzoneClientAdapterImpl.getFileStatus(BasicOzoneClientAdapterImpl.java:369)
	at org.apache.hadoop.fs.ozone.BasicOzoneFileSystem.getFileStatus(BasicOzoneFileSystem.java:757)
	at org.apache.hadoop.fs.ozone.TestOzoneFileSystem.checkPath(TestOzoneFileSystem.java:502)
	at org.apache.hadoop.fs.ozone.TestOzoneFileSystem.testRecursiveDelete(TestOzoneFileSystem.java:457)
	at sun.reflect.NativeMethodAccessorImpl.invoke0(Native Method)
	at sun.reflect.NativeMethodAccessorImpl.invoke(NativeMethodAccessorImpl.java:62)
	at sun.reflect.DelegatingMethodAccessorImpl.invoke(DelegatingMethodAccessorImpl.java:43)
	at java.lang.reflect.Method.invoke(Method.java:498)
	at org.junit.runners.model.FrameworkMethod$1.runReflectiveCall(FrameworkMethod.java:59)
	at org.junit.internal.runners.model.ReflectiveCallable.run(ReflectiveCallable.java:12)
	at org.junit.runners.model.FrameworkMethod.invokeExplosively(FrameworkMethod.java:56)
	at org.junit.internal.runners.statements.InvokeMethod.evaluate(InvokeMethod.java:17)
	at org.junit.internal.runners.statements.RunAfters.evaluate(RunAfters.java:27)
	at org.junit.internal.runners.statements.FailOnTimeout$CallableStatement.call(FailOnTimeout.java:288)
	at org.junit.internal.runners.statements.FailOnTimeout$CallableStatement.call(FailOnTimeout.java:282)
	at java.util.concurrent.FutureTask.run(FutureTask.java:266)
	at java.lang.Thread.run(Thread.java:750)
13:04:21.508 [IPC Server handler 17 on default port 37457] ERROR OMAudit - user=runner | ip=127.0.0.1 | op=GET_FILE_STATUS {volume=volume94578, bucket=bucket60014, key=gdir1/dir9/child, dataSize=0, replicationConfig=null} | ret=FAILURE
org.apache.hadoop.ozone.om.exceptions.OMException: Unable to get file status: volume: volume94578 bucket: bucket60014 key: gdir1/dir9/child
	at org.apache.hadoop.ozone.om.KeyManagerImpl.getOzoneFileStatus(KeyManagerImpl.java:1270) ~[ozone-manager-1.3.0-SNAPSHOT.jar:?]
	at org.apache.hadoop.ozone.om.KeyManagerImpl.getFileStatus(KeyManagerImpl.java:1200) ~[ozone-manager-1.3.0-SNAPSHOT.jar:?]
	at org.apache.hadoop.ozone.om.OzoneManager.getFileStatus(OzoneManager.java:3507) ~[ozone-manager-1.3.0-SNAPSHOT.jar:?]
	at org.apache.hadoop.ozone.protocolPB.OzoneManagerRequestHandler.getOzoneFileStatus(OzoneManagerRequestHandler.java:882) ~[ozone-manager-1.3.0-SNAPSHOT.jar:?]
	at org.apache.hadoop.ozone.protocolPB.OzoneManagerRequestHandler.handleReadRequest(OzoneManagerRequestHandler.java:228) ~[ozone-manager-1.3.0-SNAPSHOT.jar:?]
	at org.apache.hadoop.ozone.protocolPB.OzoneManagerProtocolServerSideTranslatorPB.submitReadRequestToOM(OzoneManagerProtocolServerSideTranslatorPB.java:226) ~[ozone-manager-1.3.0-SNAPSHOT.jar:?]
	at org.apache.hadoop.ozone.protocolPB.OzoneManagerProtocolServerSideTranslatorPB.processRequest(OzoneManagerProtocolServerSideTranslatorPB.java:175) ~[ozone-manager-1.3.0-SNAPSHOT.jar:?]
	at org.apache.hadoop.hdds.server.OzoneProtocolMessageDispatcher.processRequest(OzoneProtocolMessageDispatcher.java:87) [hdds-server-framework-1.3.0-SNAPSHOT.jar:?]
	at org.apache.hadoop.ozone.protocolPB.OzoneManagerProtocolServerSideTranslatorPB.submitRequest(OzoneManagerProtocolServerSideTranslatorPB.java:147) [ozone-manager-1.3.0-SNAPSHOT.jar:?]
	at org.apache.hadoop.ozone.protocol.proto.OzoneManagerProtocolProtos$OzoneManagerService$2.callBlockingMethod(OzoneManagerProtocolProtos.java) [ozone-interface-client-1.3.0-SNAPSHOT.jar:?]
	at org.apache.hadoop.ipc.ProtobufRpcEngine$Server.processCall(ProtobufRpcEngine.java:466) [hadoop-common-3.3.1.jar:?]
	at org.apache.hadoop.ipc.ProtobufRpcEngine2$Server$ProtoBufRpcInvoker.call(ProtobufRpcEngine2.java:574) [hadoop-common-3.3.1.jar:?]
	at org.apache.hadoop.ipc.ProtobufRpcEngine2$Server$ProtoBufRpcInvoker.call(ProtobufRpcEngine2.java:552) [hadoop-common-3.3.1.jar:?]
	at org.apache.hadoop.ipc.RPC$Server.call(RPC.java:1093) [hadoop-common-3.3.1.jar:?]
	at org.apache.hadoop.ipc.Server$RpcCall.run(Server.java:1035) [hadoop-common-3.3.1.jar:?]
	at org.apache.hadoop.ipc.Server$RpcCall.run(Server.java:963) [hadoop-common-3.3.1.jar:?]
	at java.security.AccessController.doPrivileged(Native Method) ~[?:1.8.0_345]
	at javax.security.auth.Subject.doAs(Subject.java:422) [?:1.8.0_345]
	at org.apache.hadoop.security.UserGroupInformation.doAs(UserGroupInformation.java:1878) [hadoop-common-3.3.1.jar:?]
	at org.apache.hadoop.ipc.Server$Handler.run(Server.java:2966) [hadoop-common-3.3.1.jar:?]
2022-10-09 13:04:21,509 [Time-limited test] WARN  ozone.BasicOzoneFileSystem (BasicOzoneFileSystem.java:getFileStatus(765)) - GetFileStatus failed for path /gdir1/dir9/child
java.io.FileNotFoundException: gdir1/dir9/child: No such file or directory!
	at org.apache.hadoop.fs.ozone.BasicOzoneClientAdapterImpl.getFileStatus(BasicOzoneClientAdapterImpl.java:369)
	at org.apache.hadoop.fs.ozone.BasicOzoneFileSystem.getFileStatus(BasicOzoneFileSystem.java:757)
	at org.apache.hadoop.fs.ozone.TestOzoneFileSystem.checkPath(TestOzoneFileSystem.java:502)
	at org.apache.hadoop.fs.ozone.TestOzoneFileSystem.testRecursiveDelete(TestOzoneFileSystem.java:458)
	at sun.reflect.NativeMethodAccessorImpl.invoke0(Native Method)
	at sun.reflect.NativeMethodAccessorImpl.invoke(NativeMethodAccessorImpl.java:62)
	at sun.reflect.DelegatingMethodAccessorImpl.invoke(DelegatingMethodAccessorImpl.java:43)
	at java.lang.reflect.Method.invoke(Method.java:498)
	at org.junit.runners.model.FrameworkMethod$1.runReflectiveCall(FrameworkMethod.java:59)
	at org.junit.internal.runners.model.ReflectiveCallable.run(ReflectiveCallable.java:12)
	at org.junit.runners.model.FrameworkMethod.invokeExplosively(FrameworkMethod.java:56)
	at org.junit.internal.runners.statements.InvokeMethod.evaluate(InvokeMethod.java:17)
	at org.junit.internal.runners.statements.RunAfters.evaluate(RunAfters.java:27)
	at org.junit.internal.runners.statements.FailOnTimeout$CallableStatement.call(FailOnTimeout.java:288)
	at org.junit.internal.runners.statements.FailOnTimeout$CallableStatement.call(FailOnTimeout.java:282)
	at java.util.concurrent.FutureTask.run(FutureTask.java:266)
	at java.lang.Thread.run(Thread.java:750)
13:04:21.511 [IPC Server handler 19 on default port 37457] ERROR OMAudit - user=runner | ip=127.0.0.1 | op=GET_FILE_STATUS {volume=volume94578, bucket=bucket60014, key=gdir1/dir10, dataSize=0, replicationConfig=null} | ret=FAILURE
org.apache.hadoop.ozone.om.exceptions.OMException: Unable to get file status: volume: volume94578 bucket: bucket60014 key: gdir1/dir10
	at org.apache.hadoop.ozone.om.KeyManagerImpl.getOzoneFileStatus(KeyManagerImpl.java:1270) ~[ozone-manager-1.3.0-SNAPSHOT.jar:?]
	at org.apache.hadoop.ozone.om.KeyManagerImpl.getFileStatus(KeyManagerImpl.java:1200) ~[ozone-manager-1.3.0-SNAPSHOT.jar:?]
	at org.apache.hadoop.ozone.om.OzoneManager.getFileStatus(OzoneManager.java:3507) ~[ozone-manager-1.3.0-SNAPSHOT.jar:?]
	at org.apache.hadoop.ozone.protocolPB.OzoneManagerRequestHandler.getOzoneFileStatus(OzoneManagerRequestHandler.java:882) ~[ozone-manager-1.3.0-SNAPSHOT.jar:?]
	at org.apache.hadoop.ozone.protocolPB.OzoneManagerRequestHandler.handleReadRequest(OzoneManagerRequestHandler.java:228) ~[ozone-manager-1.3.0-SNAPSHOT.jar:?]
	at org.apache.hadoop.ozone.protocolPB.OzoneManagerProtocolServerSideTranslatorPB.submitReadRequestToOM(OzoneManagerProtocolServerSideTranslatorPB.java:226) ~[ozone-manager-1.3.0-SNAPSHOT.jar:?]
	at org.apache.hadoop.ozone.protocolPB.OzoneManagerProtocolServerSideTranslatorPB.processRequest(OzoneManagerProtocolServerSideTranslatorPB.java:175) ~[ozone-manager-1.3.0-SNAPSHOT.jar:?]
	at org.apache.hadoop.hdds.server.OzoneProtocolMessageDispatcher.processRequest(OzoneProtocolMessageDispatcher.java:87) [hdds-server-framework-1.3.0-SNAPSHOT.jar:?]
	at org.apache.hadoop.ozone.protocolPB.OzoneManagerProtocolServerSideTranslatorPB.submitRequest(OzoneManagerProtocolServerSideTranslatorPB.java:147) [ozone-manager-1.3.0-SNAPSHOT.jar:?]
	at org.apache.hadoop.ozone.protocol.proto.OzoneManagerProtocolProtos$OzoneManagerService$2.callBlockingMethod(OzoneManagerProtocolProtos.java) [ozone-interface-client-1.3.0-SNAPSHOT.jar:?]
	at org.apache.hadoop.ipc.ProtobufRpcEngine$Server.processCall(ProtobufRpcEngine.java:466) [hadoop-common-3.3.1.jar:?]
	at org.apache.hadoop.ipc.ProtobufRpcEngine2$Server$ProtoBufRpcInvoker.call(ProtobufRpcEngine2.java:574) [hadoop-common-3.3.1.jar:?]
	at org.apache.hadoop.ipc.ProtobufRpcEngine2$Server$ProtoBufRpcInvoker.call(ProtobufRpcEngine2.java:552) [hadoop-common-3.3.1.jar:?]
	at org.apache.hadoop.ipc.RPC$Server.call(RPC.java:1093) [hadoop-common-3.3.1.jar:?]
	at org.apache.hadoop.ipc.Server$RpcCall.run(Server.java:1035) [hadoop-common-3.3.1.jar:?]
	at org.apache.hadoop.ipc.Server$RpcCall.run(Server.java:963) [hadoop-common-3.3.1.jar:?]
	at java.security.AccessController.doPrivileged(Native Method) ~[?:1.8.0_345]
	at javax.security.auth.Subject.doAs(Subject.java:422) [?:1.8.0_345]
	at org.apache.hadoop.security.UserGroupInformation.doAs(UserGroupInformation.java:1878) [hadoop-common-3.3.1.jar:?]
	at org.apache.hadoop.ipc.Server$Handler.run(Server.java:2966) [hadoop-common-3.3.1.jar:?]
2022-10-09 13:04:21,512 [Time-limited test] WARN  ozone.BasicOzoneFileSystem (BasicOzoneFileSystem.java:getFileStatus(765)) - GetFileStatus failed for path /gdir1/dir10
java.io.FileNotFoundException: gdir1/dir10: No such file or directory!
	at org.apache.hadoop.fs.ozone.BasicOzoneClientAdapterImpl.getFileStatus(BasicOzoneClientAdapterImpl.java:369)
	at org.apache.hadoop.fs.ozone.BasicOzoneFileSystem.getFileStatus(BasicOzoneFileSystem.java:757)
	at org.apache.hadoop.fs.ozone.TestOzoneFileSystem.checkPath(TestOzoneFileSystem.java:502)
	at org.apache.hadoop.fs.ozone.TestOzoneFileSystem.testRecursiveDelete(TestOzoneFileSystem.java:457)
	at sun.reflect.NativeMethodAccessorImpl.invoke0(Native Method)
	at sun.reflect.NativeMethodAccessorImpl.invoke(NativeMethodAccessorImpl.java:62)
	at sun.reflect.DelegatingMethodAccessorImpl.invoke(DelegatingMethodAccessorImpl.java:43)
	at java.lang.reflect.Method.invoke(Method.java:498)
	at org.junit.runners.model.FrameworkMethod$1.runReflectiveCall(FrameworkMethod.java:59)
	at org.junit.internal.runners.model.ReflectiveCallable.run(ReflectiveCallable.java:12)
	at org.junit.runners.model.FrameworkMethod.invokeExplosively(FrameworkMethod.java:56)
	at org.junit.internal.runners.statements.InvokeMethod.evaluate(InvokeMethod.java:17)
	at org.junit.internal.runners.statements.RunAfters.evaluate(RunAfters.java:27)
	at org.junit.internal.runners.statements.FailOnTimeout$CallableStatement.call(FailOnTimeout.java:288)
	at org.junit.internal.runners.statements.FailOnTimeout$CallableStatement.call(FailOnTimeout.java:282)
	at java.util.concurrent.FutureTask.run(FutureTask.java:266)
	at java.lang.Thread.run(Thread.java:750)
13:04:21.513 [IPC Server handler 13 on default port 37457] ERROR OMAudit - user=runner | ip=127.0.0.1 | op=GET_FILE_STATUS {volume=volume94578, bucket=bucket60014, key=gdir1/dir10/child, dataSize=0, replicationConfig=null} | ret=FAILURE
org.apache.hadoop.ozone.om.exceptions.OMException: Unable to get file status: volume: volume94578 bucket: bucket60014 key: gdir1/dir10/child
	at org.apache.hadoop.ozone.om.KeyManagerImpl.getOzoneFileStatus(KeyManagerImpl.java:1270) ~[ozone-manager-1.3.0-SNAPSHOT.jar:?]
	at org.apache.hadoop.ozone.om.KeyManagerImpl.getFileStatus(KeyManagerImpl.java:1200) ~[ozone-manager-1.3.0-SNAPSHOT.jar:?]
	at org.apache.hadoop.ozone.om.OzoneManager.getFileStatus(OzoneManager.java:3507) ~[ozone-manager-1.3.0-SNAPSHOT.jar:?]
	at org.apache.hadoop.ozone.protocolPB.OzoneManagerRequestHandler.getOzoneFileStatus(OzoneManagerRequestHandler.java:882) ~[ozone-manager-1.3.0-SNAPSHOT.jar:?]
	at org.apache.hadoop.ozone.protocolPB.OzoneManagerRequestHandler.handleReadRequest(OzoneManagerRequestHandler.java:228) ~[ozone-manager-1.3.0-SNAPSHOT.jar:?]
	at org.apache.hadoop.ozone.protocolPB.OzoneManagerProtocolServerSideTranslatorPB.submitReadRequestToOM(OzoneManagerProtocolServerSideTranslatorPB.java:226) ~[ozone-manager-1.3.0-SNAPSHOT.jar:?]
	at org.apache.hadoop.ozone.protocolPB.OzoneManagerProtocolServerSideTranslatorPB.processRequest(OzoneManagerProtocolServerSideTranslatorPB.java:175) ~[ozone-manager-1.3.0-SNAPSHOT.jar:?]
	at org.apache.hadoop.hdds.server.OzoneProtocolMessageDispatcher.processRequest(OzoneProtocolMessageDispatcher.java:87) [hdds-server-framework-1.3.0-SNAPSHOT.jar:?]
	at org.apache.hadoop.ozone.protocolPB.OzoneManagerProtocolServerSideTranslatorPB.submitRequest(OzoneManagerProtocolServerSideTranslatorPB.java:147) [ozone-manager-1.3.0-SNAPSHOT.jar:?]
	at org.apache.hadoop.ozone.protocol.proto.OzoneManagerProtocolProtos$OzoneManagerService$2.callBlockingMethod(OzoneManagerProtocolProtos.java) [ozone-interface-client-1.3.0-SNAPSHOT.jar:?]
	at org.apache.hadoop.ipc.ProtobufRpcEngine$Server.processCall(ProtobufRpcEngine.java:466) [hadoop-common-3.3.1.jar:?]
	at org.apache.hadoop.ipc.ProtobufRpcEngine2$Server$ProtoBufRpcInvoker.call(ProtobufRpcEngine2.java:574) [hadoop-common-3.3.1.jar:?]
	at org.apache.hadoop.ipc.ProtobufRpcEngine2$Server$ProtoBufRpcInvoker.call(ProtobufRpcEngine2.java:552) [hadoop-common-3.3.1.jar:?]
	at org.apache.hadoop.ipc.RPC$Server.call(RPC.java:1093) [hadoop-common-3.3.1.jar:?]
	at org.apache.hadoop.ipc.Server$RpcCall.run(Server.java:1035) [hadoop-common-3.3.1.jar:?]
	at org.apache.hadoop.ipc.Server$RpcCall.run(Server.java:963) [hadoop-common-3.3.1.jar:?]
	at java.security.AccessController.doPrivileged(Native Method) ~[?:1.8.0_345]
	at javax.security.auth.Subject.doAs(Subject.java:422) [?:1.8.0_345]
	at org.apache.hadoop.security.UserGroupInformation.doAs(UserGroupInformation.java:1878) [hadoop-common-3.3.1.jar:?]
	at org.apache.hadoop.ipc.Server$Handler.run(Server.java:2966) [hadoop-common-3.3.1.jar:?]
2022-10-09 13:04:21,514 [Time-limited test] WARN  ozone.BasicOzoneFileSystem (BasicOzoneFileSystem.java:getFileStatus(765)) - GetFileStatus failed for path /gdir1/dir10/child
java.io.FileNotFoundException: gdir1/dir10/child: No such file or directory!
	at org.apache.hadoop.fs.ozone.BasicOzoneClientAdapterImpl.getFileStatus(BasicOzoneClientAdapterImpl.java:369)
	at org.apache.hadoop.fs.ozone.BasicOzoneFileSystem.getFileStatus(BasicOzoneFileSystem.java:757)
	at org.apache.hadoop.fs.ozone.TestOzoneFileSystem.checkPath(TestOzoneFileSystem.java:502)
	at org.apache.hadoop.fs.ozone.TestOzoneFileSystem.testRecursiveDelete(TestOzoneFileSystem.java:458)
	at sun.reflect.NativeMethodAccessorImpl.invoke0(Native Method)
	at sun.reflect.NativeMethodAccessorImpl.invoke(NativeMethodAccessorImpl.java:62)
	at sun.reflect.DelegatingMethodAccessorImpl.invoke(DelegatingMethodAccessorImpl.java:43)
	at java.lang.reflect.Method.invoke(Method.java:498)
	at org.junit.runners.model.FrameworkMethod$1.runReflectiveCall(FrameworkMethod.java:59)
	at org.junit.internal.runners.model.ReflectiveCallable.run(ReflectiveCallable.java:12)
	at org.junit.runners.model.FrameworkMethod.invokeExplosively(FrameworkMethod.java:56)
	at org.junit.internal.runners.statements.InvokeMethod.evaluate(InvokeMethod.java:17)
	at org.junit.internal.runners.statements.RunAfters.evaluate(RunAfters.java:27)
	at org.junit.internal.runners.statements.FailOnTimeout$CallableStatement.call(FailOnTimeout.java:288)
	at org.junit.internal.runners.statements.FailOnTimeout$CallableStatement.call(FailOnTimeout.java:282)
	at java.util.concurrent.FutureTask.run(FutureTask.java:266)
	at java.lang.Thread.run(Thread.java:750)
13:04:21.615 [IPC Server handler 12 on default port 37457] ERROR OMAudit - user=runner | ip=127.0.0.1 | op=GET_FILE_STATUS {volume=volume94578, bucket=bucket60014, key=level0, dataSize=0, replicationConfig=null} | ret=FAILURE
org.apache.hadoop.ozone.om.exceptions.OMException: Unable to get file status: volume: volume94578 bucket: bucket60014 key: level0
	at org.apache.hadoop.ozone.om.KeyManagerImpl.getOzoneFileStatus(KeyManagerImpl.java:1270) ~[ozone-manager-1.3.0-SNAPSHOT.jar:?]
	at org.apache.hadoop.ozone.om.KeyManagerImpl.getFileStatus(KeyManagerImpl.java:1200) ~[ozone-manager-1.3.0-SNAPSHOT.jar:?]
	at org.apache.hadoop.ozone.om.OzoneManager.getFileStatus(OzoneManager.java:3507) ~[ozone-manager-1.3.0-SNAPSHOT.jar:?]
	at org.apache.hadoop.ozone.protocolPB.OzoneManagerRequestHandler.getOzoneFileStatus(OzoneManagerRequestHandler.java:882) ~[ozone-manager-1.3.0-SNAPSHOT.jar:?]
	at org.apache.hadoop.ozone.protocolPB.OzoneManagerRequestHandler.handleReadRequest(OzoneManagerRequestHandler.java:228) ~[ozone-manager-1.3.0-SNAPSHOT.jar:?]
	at org.apache.hadoop.ozone.protocolPB.OzoneManagerProtocolServerSideTranslatorPB.submitReadRequestToOM(OzoneManagerProtocolServerSideTranslatorPB.java:226) ~[ozone-manager-1.3.0-SNAPSHOT.jar:?]
	at org.apache.hadoop.ozone.protocolPB.OzoneManagerProtocolServerSideTranslatorPB.processRequest(OzoneManagerProtocolServerSideTranslatorPB.java:175) ~[ozone-manager-1.3.0-SNAPSHOT.jar:?]
	at org.apache.hadoop.hdds.server.OzoneProtocolMessageDispatcher.processRequest(OzoneProtocolMessageDispatcher.java:87) [hdds-server-framework-1.3.0-SNAPSHOT.jar:?]
	at org.apache.hadoop.ozone.protocolPB.OzoneManagerProtocolServerSideTranslatorPB.submitRequest(OzoneManagerProtocolServerSideTranslatorPB.java:147) [ozone-manager-1.3.0-SNAPSHOT.jar:?]
	at org.apache.hadoop.ozone.protocol.proto.OzoneManagerProtocolProtos$OzoneManagerService$2.callBlockingMethod(OzoneManagerProtocolProtos.java) [ozone-interface-client-1.3.0-SNAPSHOT.jar:?]
	at org.apache.hadoop.ipc.ProtobufRpcEngine$Server.processCall(ProtobufRpcEngine.java:466) [hadoop-common-3.3.1.jar:?]
	at org.apache.hadoop.ipc.ProtobufRpcEngine2$Server$ProtoBufRpcInvoker.call(ProtobufRpcEngine2.java:574) [hadoop-common-3.3.1.jar:?]
	at org.apache.hadoop.ipc.ProtobufRpcEngine2$Server$ProtoBufRpcInvoker.call(ProtobufRpcEngine2.java:552) [hadoop-common-3.3.1.jar:?]
	at org.apache.hadoop.ipc.RPC$Server.call(RPC.java:1093) [hadoop-common-3.3.1.jar:?]
	at org.apache.hadoop.ipc.Server$RpcCall.run(Server.java:1035) [hadoop-common-3.3.1.jar:?]
	at org.apache.hadoop.ipc.Server$RpcCall.run(Server.java:963) [hadoop-common-3.3.1.jar:?]
	at java.security.AccessController.doPrivileged(Native Method) ~[?:1.8.0_345]
	at javax.security.auth.Subject.doAs(Subject.java:422) [?:1.8.0_345]
	at org.apache.hadoop.security.UserGroupInformation.doAs(UserGroupInformation.java:1878) [hadoop-common-3.3.1.jar:?]
	at org.apache.hadoop.ipc.Server$Handler.run(Server.java:2966) [hadoop-common-3.3.1.jar:?]
2022-10-09 13:04:21,616 [Time-limited test] WARN  ozone.BasicOzoneFileSystem (BasicOzoneFileSystem.java:getFileStatus(765)) - GetFileStatus failed for path /level0
java.io.FileNotFoundException: level0: No such file or directory!
	at org.apache.hadoop.fs.ozone.BasicOzoneClientAdapterImpl.getFileStatus(BasicOzoneClientAdapterImpl.java:369)
	at org.apache.hadoop.fs.ozone.BasicOzoneFileSystem.getFileStatus(BasicOzoneFileSystem.java:757)
	at org.apache.hadoop.fs.ozone.TestOzoneFileSystem.checkPath(TestOzoneFileSystem.java:502)
	at org.apache.hadoop.fs.ozone.TestOzoneFileSystem.testRecursiveDelete(TestOzoneFileSystem.java:486)
	at sun.reflect.NativeMethodAccessorImpl.invoke0(Native Method)
	at sun.reflect.NativeMethodAccessorImpl.invoke(NativeMethodAccessorImpl.java:62)
	at sun.reflect.DelegatingMethodAccessorImpl.invoke(DelegatingMethodAccessorImpl.java:43)
	at java.lang.reflect.Method.invoke(Method.java:498)
	at org.junit.runners.model.FrameworkMethod$1.runReflectiveCall(FrameworkMethod.java:59)
	at org.junit.internal.runners.model.ReflectiveCallable.run(ReflectiveCallable.java:12)
	at org.junit.runners.model.FrameworkMethod.invokeExplosively(FrameworkMethod.java:56)
	at org.junit.internal.runners.statements.InvokeMethod.evaluate(InvokeMethod.java:17)
	at org.junit.internal.runners.statements.RunAfters.evaluate(RunAfters.java:27)
	at org.junit.internal.runners.statements.FailOnTimeout$CallableStatement.call(FailOnTimeout.java:288)
	at org.junit.internal.runners.statements.FailOnTimeout$CallableStatement.call(FailOnTimeout.java:282)
	at java.util.concurrent.FutureTask.run(FutureTask.java:266)
	at java.lang.Thread.run(Thread.java:750)
13:04:21.617 [IPC Server handler 14 on default port 37457] ERROR OMAudit - user=runner | ip=127.0.0.1 | op=GET_FILE_STATUS {volume=volume94578, bucket=bucket60014, key=level0/level1, dataSize=0, replicationConfig=null} | ret=FAILURE
org.apache.hadoop.ozone.om.exceptions.OMException: Unable to get file status: volume: volume94578 bucket: bucket60014 key: level0/level1
	at org.apache.hadoop.ozone.om.KeyManagerImpl.getOzoneFileStatus(KeyManagerImpl.java:1270) ~[ozone-manager-1.3.0-SNAPSHOT.jar:?]
	at org.apache.hadoop.ozone.om.KeyManagerImpl.getFileStatus(KeyManagerImpl.java:1200) ~[ozone-manager-1.3.0-SNAPSHOT.jar:?]
	at org.apache.hadoop.ozone.om.OzoneManager.getFileStatus(OzoneManager.java:3507) ~[ozone-manager-1.3.0-SNAPSHOT.jar:?]
	at org.apache.hadoop.ozone.protocolPB.OzoneManagerRequestHandler.getOzoneFileStatus(OzoneManagerRequestHandler.java:882) ~[ozone-manager-1.3.0-SNAPSHOT.jar:?]
	at org.apache.hadoop.ozone.protocolPB.OzoneManagerRequestHandler.handleReadRequest(OzoneManagerRequestHandler.java:228) ~[ozone-manager-1.3.0-SNAPSHOT.jar:?]
	at org.apache.hadoop.ozone.protocolPB.OzoneManagerProtocolServerSideTranslatorPB.submitReadRequestToOM(OzoneManagerProtocolServerSideTranslatorPB.java:226) ~[ozone-manager-1.3.0-SNAPSHOT.jar:?]
	at org.apache.hadoop.ozone.protocolPB.OzoneManagerProtocolServerSideTranslatorPB.processRequest(OzoneManagerProtocolServerSideTranslatorPB.java:175) ~[ozone-manager-1.3.0-SNAPSHOT.jar:?]
	at org.apache.hadoop.hdds.server.OzoneProtocolMessageDispatcher.processRequest(OzoneProtocolMessageDispatcher.java:87) [hdds-server-framework-1.3.0-SNAPSHOT.jar:?]
	at org.apache.hadoop.ozone.protocolPB.OzoneManagerProtocolServerSideTranslatorPB.submitRequest(OzoneManagerProtocolServerSideTranslatorPB.java:147) [ozone-manager-1.3.0-SNAPSHOT.jar:?]
	at org.apache.hadoop.ozone.protocol.proto.OzoneManagerProtocolProtos$OzoneManagerService$2.callBlockingMethod(OzoneManagerProtocolProtos.java) [ozone-interface-client-1.3.0-SNAPSHOT.jar:?]
	at org.apache.hadoop.ipc.ProtobufRpcEngine$Server.processCall(ProtobufRpcEngine.java:466) [hadoop-common-3.3.1.jar:?]
	at org.apache.hadoop.ipc.ProtobufRpcEngine2$Server$ProtoBufRpcInvoker.call(ProtobufRpcEngine2.java:574) [hadoop-common-3.3.1.jar:?]
	at org.apache.hadoop.ipc.ProtobufRpcEngine2$Server$ProtoBufRpcInvoker.call(ProtobufRpcEngine2.java:552) [hadoop-common-3.3.1.jar:?]
	at org.apache.hadoop.ipc.RPC$Server.call(RPC.java:1093) [hadoop-common-3.3.1.jar:?]
	at org.apache.hadoop.ipc.Server$RpcCall.run(Server.java:1035) [hadoop-common-3.3.1.jar:?]
	at org.apache.hadoop.ipc.Server$RpcCall.run(Server.java:963) [hadoop-common-3.3.1.jar:?]
	at java.security.AccessController.doPrivileged(Native Method) ~[?:1.8.0_345]
	at javax.security.auth.Subject.doAs(Subject.java:422) [?:1.8.0_345]
	at org.apache.hadoop.security.UserGroupInformation.doAs(UserGroupInformation.java:1878) [hadoop-common-3.3.1.jar:?]
	at org.apache.hadoop.ipc.Server$Handler.run(Server.java:2966) [hadoop-common-3.3.1.jar:?]
2022-10-09 13:04:21,618 [Time-limited test] WARN  ozone.BasicOzoneFileSystem (BasicOzoneFileSystem.java:getFileStatus(765)) - GetFileStatus failed for path /level0/level1
java.io.FileNotFoundException: level0/level1: No such file or directory!
	at org.apache.hadoop.fs.ozone.BasicOzoneClientAdapterImpl.getFileStatus(BasicOzoneClientAdapterImpl.java:369)
	at org.apache.hadoop.fs.ozone.BasicOzoneFileSystem.getFileStatus(BasicOzoneFileSystem.java:757)
	at org.apache.hadoop.fs.ozone.TestOzoneFileSystem.checkPath(TestOzoneFileSystem.java:502)
	at org.apache.hadoop.fs.ozone.TestOzoneFileSystem.testRecursiveDelete(TestOzoneFileSystem.java:493)
	at sun.reflect.NativeMethodAccessorImpl.invoke0(Native Method)
	at sun.reflect.NativeMethodAccessorImpl.invoke(NativeMethodAccessorImpl.java:62)
	at sun.reflect.DelegatingMethodAccessorImpl.invoke(DelegatingMethodAccessorImpl.java:43)
	at java.lang.reflect.Method.invoke(Method.java:498)
	at org.junit.runners.model.FrameworkMethod$1.runReflectiveCall(FrameworkMethod.java:59)
	at org.junit.internal.runners.model.ReflectiveCallable.run(ReflectiveCallable.java:12)
	at org.junit.runners.model.FrameworkMethod.invokeExplosively(FrameworkMethod.java:56)
	at org.junit.internal.runners.statements.InvokeMethod.evaluate(InvokeMethod.java:17)
	at org.junit.internal.runners.statements.RunAfters.evaluate(RunAfters.java:27)
	at org.junit.internal.runners.statements.FailOnTimeout$CallableStatement.call(FailOnTimeout.java:288)
	at org.junit.internal.runners.statements.FailOnTimeout$CallableStatement.call(FailOnTimeout.java:282)
	at java.util.concurrent.FutureTask.run(FutureTask.java:266)
	at java.lang.Thread.run(Thread.java:750)
13:04:21.619 [IPC Server handler 11 on default port 37457] ERROR OMAudit - user=runner | ip=127.0.0.1 | op=GET_FILE_STATUS {volume=volume94578, bucket=bucket60014, key=level0/level1/level1, dataSize=0, replicationConfig=null} | ret=FAILURE
org.apache.hadoop.ozone.om.exceptions.OMException: Unable to get file status: volume: volume94578 bucket: bucket60014 key: level0/level1/level1
	at org.apache.hadoop.ozone.om.KeyManagerImpl.getOzoneFileStatus(KeyManagerImpl.java:1270) ~[ozone-manager-1.3.0-SNAPSHOT.jar:?]
	at org.apache.hadoop.ozone.om.KeyManagerImpl.getFileStatus(KeyManagerImpl.java:1200) ~[ozone-manager-1.3.0-SNAPSHOT.jar:?]
	at org.apache.hadoop.ozone.om.OzoneManager.getFileStatus(OzoneManager.java:3507) ~[ozone-manager-1.3.0-SNAPSHOT.jar:?]
	at org.apache.hadoop.ozone.protocolPB.OzoneManagerRequestHandler.getOzoneFileStatus(OzoneManagerRequestHandler.java:882) ~[ozone-manager-1.3.0-SNAPSHOT.jar:?]
	at org.apache.hadoop.ozone.protocolPB.OzoneManagerRequestHandler.handleReadRequest(OzoneManagerRequestHandler.java:228) ~[ozone-manager-1.3.0-SNAPSHOT.jar:?]
	at org.apache.hadoop.ozone.protocolPB.OzoneManagerProtocolServerSideTranslatorPB.submitReadRequestToOM(OzoneManagerProtocolServerSideTranslatorPB.java:226) ~[ozone-manager-1.3.0-SNAPSHOT.jar:?]
	at org.apache.hadoop.ozone.protocolPB.OzoneManagerProtocolServerSideTranslatorPB.processRequest(OzoneManagerProtocolServerSideTranslatorPB.java:175) ~[ozone-manager-1.3.0-SNAPSHOT.jar:?]
	at org.apache.hadoop.hdds.server.OzoneProtocolMessageDispatcher.processRequest(OzoneProtocolMessageDispatcher.java:87) [hdds-server-framework-1.3.0-SNAPSHOT.jar:?]
	at org.apache.hadoop.ozone.protocolPB.OzoneManagerProtocolServerSideTranslatorPB.submitRequest(OzoneManagerProtocolServerSideTranslatorPB.java:147) [ozone-manager-1.3.0-SNAPSHOT.jar:?]
	at org.apache.hadoop.ozone.protocol.proto.OzoneManagerProtocolProtos$OzoneManagerService$2.callBlockingMethod(OzoneManagerProtocolProtos.java) [ozone-interface-client-1.3.0-SNAPSHOT.jar:?]
	at org.apache.hadoop.ipc.ProtobufRpcEngine$Server.processCall(ProtobufRpcEngine.java:466) [hadoop-common-3.3.1.jar:?]
	at org.apache.hadoop.ipc.ProtobufRpcEngine2$Server$ProtoBufRpcInvoker.call(ProtobufRpcEngine2.java:574) [hadoop-common-3.3.1.jar:?]
	at org.apache.hadoop.ipc.ProtobufRpcEngine2$Server$ProtoBufRpcInvoker.call(ProtobufRpcEngine2.java:552) [hadoop-common-3.3.1.jar:?]
	at org.apache.hadoop.ipc.RPC$Server.call(RPC.java:1093) [hadoop-common-3.3.1.jar:?]
	at org.apache.hadoop.ipc.Server$RpcCall.run(Server.java:1035) [hadoop-common-3.3.1.jar:?]
	at org.apache.hadoop.ipc.Server$RpcCall.run(Server.java:963) [hadoop-common-3.3.1.jar:?]
	at java.security.AccessController.doPrivileged(Native Method) ~[?:1.8.0_345]
	at javax.security.auth.Subject.doAs(Subject.java:422) [?:1.8.0_345]
	at org.apache.hadoop.security.UserGroupInformation.doAs(UserGroupInformation.java:1878) [hadoop-common-3.3.1.jar:?]
	at org.apache.hadoop.ipc.Server$Handler.run(Server.java:2966) [hadoop-common-3.3.1.jar:?]
2022-10-09 13:04:21,619 [Time-limited test] WARN  ozone.BasicOzoneFileSystem (BasicOzoneFileSystem.java:getFileStatus(765)) - GetFileStatus failed for path /level0/level1/level1
java.io.FileNotFoundException: level0/level1/level1: No such file or directory!
	at org.apache.hadoop.fs.ozone.BasicOzoneClientAdapterImpl.getFileStatus(BasicOzoneClientAdapterImpl.java:369)
	at org.apache.hadoop.fs.ozone.BasicOzoneFileSystem.getFileStatus(BasicOzoneFileSystem.java:757)
	at org.apache.hadoop.fs.ozone.TestOzoneFileSystem.checkPath(TestOzoneFileSystem.java:502)
	at org.apache.hadoop.fs.ozone.TestOzoneFileSystem.testRecursiveDelete(TestOzoneFileSystem.java:494)
	at sun.reflect.NativeMethodAccessorImpl.invoke0(Native Method)
	at sun.reflect.NativeMethodAccessorImpl.invoke(NativeMethodAccessorImpl.java:62)
	at sun.reflect.DelegatingMethodAccessorImpl.invoke(DelegatingMethodAccessorImpl.java:43)
	at java.lang.reflect.Method.invoke(Method.java:498)
	at org.junit.runners.model.FrameworkMethod$1.runReflectiveCall(FrameworkMethod.java:59)
	at org.junit.internal.runners.model.ReflectiveCallable.run(ReflectiveCallable.java:12)
	at org.junit.runners.model.FrameworkMethod.invokeExplosively(FrameworkMethod.java:56)
	at org.junit.internal.runners.statements.InvokeMethod.evaluate(InvokeMethod.java:17)
	at org.junit.internal.runners.statements.RunAfters.evaluate(RunAfters.java:27)
	at org.junit.internal.runners.statements.FailOnTimeout$CallableStatement.call(FailOnTimeout.java:288)
	at org.junit.internal.runners.statements.FailOnTimeout$CallableStatement.call(FailOnTimeout.java:282)
	at java.util.concurrent.FutureTask.run(FutureTask.java:266)
	at java.lang.Thread.run(Thread.java:750)
13:04:21.620 [IPC Server handler 18 on default port 37457] ERROR OMAudit - user=runner | ip=127.0.0.1 | op=GET_FILE_STATUS {volume=volume94578, bucket=bucket60014, key=level0/level1/file1, dataSize=0, replicationConfig=null} | ret=FAILURE
org.apache.hadoop.ozone.om.exceptions.OMException: Unable to get file status: volume: volume94578 bucket: bucket60014 key: level0/level1/file1
	at org.apache.hadoop.ozone.om.KeyManagerImpl.getOzoneFileStatus(KeyManagerImpl.java:1270) ~[ozone-manager-1.3.0-SNAPSHOT.jar:?]
	at org.apache.hadoop.ozone.om.KeyManagerImpl.getFileStatus(KeyManagerImpl.java:1200) ~[ozone-manager-1.3.0-SNAPSHOT.jar:?]
	at org.apache.hadoop.ozone.om.OzoneManager.getFileStatus(OzoneManager.java:3507) ~[ozone-manager-1.3.0-SNAPSHOT.jar:?]
	at org.apache.hadoop.ozone.protocolPB.OzoneManagerRequestHandler.getOzoneFileStatus(OzoneManagerRequestHandler.java:882) ~[ozone-manager-1.3.0-SNAPSHOT.jar:?]
	at org.apache.hadoop.ozone.protocolPB.OzoneManagerRequestHandler.handleReadRequest(OzoneManagerRequestHandler.java:228) ~[ozone-manager-1.3.0-SNAPSHOT.jar:?]
	at org.apache.hadoop.ozone.protocolPB.OzoneManagerProtocolServerSideTranslatorPB.submitReadRequestToOM(OzoneManagerProtocolServerSideTranslatorPB.java:226) ~[ozone-manager-1.3.0-SNAPSHOT.jar:?]
	at org.apache.hadoop.ozone.protocolPB.OzoneManagerProtocolServerSideTranslatorPB.processRequest(OzoneManagerProtocolServerSideTranslatorPB.java:175) ~[ozone-manager-1.3.0-SNAPSHOT.jar:?]
	at org.apache.hadoop.hdds.server.OzoneProtocolMessageDispatcher.processRequest(OzoneProtocolMessageDispatcher.java:87) [hdds-server-framework-1.3.0-SNAPSHOT.jar:?]
	at org.apache.hadoop.ozone.protocolPB.OzoneManagerProtocolServerSideTranslatorPB.submitRequest(OzoneManagerProtocolServerSideTranslatorPB.java:147) [ozone-manager-1.3.0-SNAPSHOT.jar:?]
	at org.apache.hadoop.ozone.protocol.proto.OzoneManagerProtocolProtos$OzoneManagerService$2.callBlockingMethod(OzoneManagerProtocolProtos.java) [ozone-interface-client-1.3.0-SNAPSHOT.jar:?]
	at org.apache.hadoop.ipc.ProtobufRpcEngine$Server.processCall(ProtobufRpcEngine.java:466) [hadoop-common-3.3.1.jar:?]
	at org.apache.hadoop.ipc.ProtobufRpcEngine2$Server$ProtoBufRpcInvoker.call(ProtobufRpcEngine2.java:574) [hadoop-common-3.3.1.jar:?]
	at org.apache.hadoop.ipc.ProtobufRpcEngine2$Server$ProtoBufRpcInvoker.call(ProtobufRpcEngine2.java:552) [hadoop-common-3.3.1.jar:?]
	at org.apache.hadoop.ipc.RPC$Server.call(RPC.java:1093) [hadoop-common-3.3.1.jar:?]
	at org.apache.hadoop.ipc.Server$RpcCall.run(Server.java:1035) [hadoop-common-3.3.1.jar:?]
	at org.apache.hadoop.ipc.Server$RpcCall.run(Server.java:963) [hadoop-common-3.3.1.jar:?]
	at java.security.AccessController.doPrivileged(Native Method) ~[?:1.8.0_345]
	at javax.security.auth.Subject.doAs(Subject.java:422) [?:1.8.0_345]
	at org.apache.hadoop.security.UserGroupInformation.doAs(UserGroupInformation.java:1878) [hadoop-common-3.3.1.jar:?]
	at org.apache.hadoop.ipc.Server$Handler.run(Server.java:2966) [hadoop-common-3.3.1.jar:?]
2022-10-09 13:04:21,621 [Time-limited test] WARN  ozone.BasicOzoneFileSystem (BasicOzoneFileSystem.java:getFileStatus(765)) - GetFileStatus failed for path /level0/level1/file1
java.io.FileNotFoundException: level0/level1/file1: No such file or directory!
	at org.apache.hadoop.fs.ozone.BasicOzoneClientAdapterImpl.getFileStatus(BasicOzoneClientAdapterImpl.java:369)
	at org.apache.hadoop.fs.ozone.BasicOzoneFileSystem.getFileStatus(BasicOzoneFileSystem.java:757)
	at org.apache.hadoop.fs.ozone.TestOzoneFileSystem.checkPath(TestOzoneFileSystem.java:502)
	at org.apache.hadoop.fs.ozone.TestOzoneFileSystem.testRecursiveDelete(TestOzoneFileSystem.java:495)
	at sun.reflect.NativeMethodAccessorImpl.invoke0(Native Method)
	at sun.reflect.NativeMethodAccessorImpl.invoke(NativeMethodAccessorImpl.java:62)
	at sun.reflect.DelegatingMethodAccessorImpl.invoke(DelegatingMethodAccessorImpl.java:43)
	at java.lang.reflect.Method.invoke(Method.java:498)
	at org.junit.runners.model.FrameworkMethod$1.runReflectiveCall(FrameworkMethod.java:59)
	at org.junit.internal.runners.model.ReflectiveCallable.run(ReflectiveCallable.java:12)
	at org.junit.runners.model.FrameworkMethod.invokeExplosively(FrameworkMethod.java:56)
	at org.junit.internal.runners.statements.InvokeMethod.evaluate(InvokeMethod.java:17)
	at org.junit.internal.runners.statements.RunAfters.evaluate(RunAfters.java:27)
	at org.junit.internal.runners.statements.FailOnTimeout$CallableStatement.call(FailOnTimeout.java:288)
	at org.junit.internal.runners.statements.FailOnTimeout$CallableStatement.call(FailOnTimeout.java:282)
	at java.util.concurrent.FutureTask.run(FutureTask.java:266)
	at java.lang.Thread.run(Thread.java:750)
13:04:21.622 [IPC Server handler 17 on default port 37457] ERROR OMAudit - user=runner | ip=127.0.0.1 | op=GET_FILE_STATUS {volume=volume94578, bucket=bucket60014, key=level0/level1/level1/file1, dataSize=0, replicationConfig=null} | ret=FAILURE
org.apache.hadoop.ozone.om.exceptions.OMException: Unable to get file status: volume: volume94578 bucket: bucket60014 key: level0/level1/level1/file1
	at org.apache.hadoop.ozone.om.KeyManagerImpl.getOzoneFileStatus(KeyManagerImpl.java:1270) ~[ozone-manager-1.3.0-SNAPSHOT.jar:?]
	at org.apache.hadoop.ozone.om.KeyManagerImpl.getFileStatus(KeyManagerImpl.java:1200) ~[ozone-manager-1.3.0-SNAPSHOT.jar:?]
	at org.apache.hadoop.ozone.om.OzoneManager.getFileStatus(OzoneManager.java:3507) ~[ozone-manager-1.3.0-SNAPSHOT.jar:?]
	at org.apache.hadoop.ozone.protocolPB.OzoneManagerRequestHandler.getOzoneFileStatus(OzoneManagerRequestHandler.java:882) ~[ozone-manager-1.3.0-SNAPSHOT.jar:?]
	at org.apache.hadoop.ozone.protocolPB.OzoneManagerRequestHandler.handleReadRequest(OzoneManagerRequestHandler.java:228) ~[ozone-manager-1.3.0-SNAPSHOT.jar:?]
	at org.apache.hadoop.ozone.protocolPB.OzoneManagerProtocolServerSideTranslatorPB.submitReadRequestToOM(OzoneManagerProtocolServerSideTranslatorPB.java:226) ~[ozone-manager-1.3.0-SNAPSHOT.jar:?]
	at org.apache.hadoop.ozone.protocolPB.OzoneManagerProtocolServerSideTranslatorPB.processRequest(OzoneManagerProtocolServerSideTranslatorPB.java:175) ~[ozone-manager-1.3.0-SNAPSHOT.jar:?]
	at org.apache.hadoop.hdds.server.OzoneProtocolMessageDispatcher.processRequest(OzoneProtocolMessageDispatcher.java:87) [hdds-server-framework-1.3.0-SNAPSHOT.jar:?]
	at org.apache.hadoop.ozone.protocolPB.OzoneManagerProtocolServerSideTranslatorPB.submitRequest(OzoneManagerProtocolServerSideTranslatorPB.java:147) [ozone-manager-1.3.0-SNAPSHOT.jar:?]
	at org.apache.hadoop.ozone.protocol.proto.OzoneManagerProtocolProtos$OzoneManagerService$2.callBlockingMethod(OzoneManagerProtocolProtos.java) [ozone-interface-client-1.3.0-SNAPSHOT.jar:?]
	at org.apache.hadoop.ipc.ProtobufRpcEngine$Server.processCall(ProtobufRpcEngine.java:466) [hadoop-common-3.3.1.jar:?]
	at org.apache.hadoop.ipc.ProtobufRpcEngine2$Server$ProtoBufRpcInvoker.call(ProtobufRpcEngine2.java:574) [hadoop-common-3.3.1.jar:?]
	at org.apache.hadoop.ipc.ProtobufRpcEngine2$Server$ProtoBufRpcInvoker.call(ProtobufRpcEngine2.java:552) [hadoop-common-3.3.1.jar:?]
	at org.apache.hadoop.ipc.RPC$Server.call(RPC.java:1093) [hadoop-common-3.3.1.jar:?]
	at org.apache.hadoop.ipc.Server$RpcCall.run(Server.java:1035) [hadoop-common-3.3.1.jar:?]
	at org.apache.hadoop.ipc.Server$RpcCall.run(Server.java:963) [hadoop-common-3.3.1.jar:?]
	at java.security.AccessController.doPrivileged(Native Method) ~[?:1.8.0_345]
	at javax.security.auth.Subject.doAs(Subject.java:422) [?:1.8.0_345]
	at org.apache.hadoop.security.UserGroupInformation.doAs(UserGroupInformation.java:1878) [hadoop-common-3.3.1.jar:?]
	at org.apache.hadoop.ipc.Server$Handler.run(Server.java:2966) [hadoop-common-3.3.1.jar:?]
2022-10-09 13:04:21,622 [Time-limited test] WARN  ozone.BasicOzoneFileSystem (BasicOzoneFileSystem.java:getFileStatus(765)) - GetFileStatus failed for path /level0/level1/level1/file1
java.io.FileNotFoundException: level0/level1/level1/file1: No such file or directory!
	at org.apache.hadoop.fs.ozone.BasicOzoneClientAdapterImpl.getFileStatus(BasicOzoneClientAdapterImpl.java:369)
	at org.apache.hadoop.fs.ozone.BasicOzoneFileSystem.getFileStatus(BasicOzoneFileSystem.java:757)
	at org.apache.hadoop.fs.ozone.TestOzoneFileSystem.checkPath(TestOzoneFileSystem.java:502)
	at org.apache.hadoop.fs.ozone.TestOzoneFileSystem.testRecursiveDelete(TestOzoneFileSystem.java:496)
	at sun.reflect.NativeMethodAccessorImpl.invoke0(Native Method)
	at sun.reflect.NativeMethodAccessorImpl.invoke(NativeMethodAccessorImpl.java:62)
	at sun.reflect.DelegatingMethodAccessorImpl.invoke(DelegatingMethodAccessorImpl.java:43)
	at java.lang.reflect.Method.invoke(Method.java:498)
	at org.junit.runners.model.FrameworkMethod$1.runReflectiveCall(FrameworkMethod.java:59)
	at org.junit.internal.runners.model.ReflectiveCallable.run(ReflectiveCallable.java:12)
	at org.junit.runners.model.FrameworkMethod.invokeExplosively(FrameworkMethod.java:56)
	at org.junit.internal.runners.statements.InvokeMethod.evaluate(InvokeMethod.java:17)
	at org.junit.internal.runners.statements.RunAfters.evaluate(RunAfters.java:27)
	at org.junit.internal.runners.statements.FailOnTimeout$CallableStatement.call(FailOnTimeout.java:288)
	at org.junit.internal.runners.statements.FailOnTimeout$CallableStatement.call(FailOnTimeout.java:282)
	at java.util.concurrent.FutureTask.run(FutureTask.java:266)
	at java.lang.Thread.run(Thread.java:750)
13:04:21.623 [IPC Server handler 19 on default port 37457] ERROR OMAudit - user=runner | ip=127.0.0.1 | op=GET_FILE_STATUS {volume=volume94578, bucket=bucket60014, key=level0/level2, dataSize=0, replicationConfig=null} | ret=FAILURE
org.apache.hadoop.ozone.om.exceptions.OMException: Unable to get file status: volume: volume94578 bucket: bucket60014 key: level0/level2
	at org.apache.hadoop.ozone.om.KeyManagerImpl.getOzoneFileStatus(KeyManagerImpl.java:1270) ~[ozone-manager-1.3.0-SNAPSHOT.jar:?]
	at org.apache.hadoop.ozone.om.KeyManagerImpl.getFileStatus(KeyManagerImpl.java:1200) ~[ozone-manager-1.3.0-SNAPSHOT.jar:?]
	at org.apache.hadoop.ozone.om.OzoneManager.getFileStatus(OzoneManager.java:3507) ~[ozone-manager-1.3.0-SNAPSHOT.jar:?]
	at org.apache.hadoop.ozone.protocolPB.OzoneManagerRequestHandler.getOzoneFileStatus(OzoneManagerRequestHandler.java:882) ~[ozone-manager-1.3.0-SNAPSHOT.jar:?]
	at org.apache.hadoop.ozone.protocolPB.OzoneManagerRequestHandler.handleReadRequest(OzoneManagerRequestHandler.java:228) ~[ozone-manager-1.3.0-SNAPSHOT.jar:?]
	at org.apache.hadoop.ozone.protocolPB.OzoneManagerProtocolServerSideTranslatorPB.submitReadRequestToOM(OzoneManagerProtocolServerSideTranslatorPB.java:226) ~[ozone-manager-1.3.0-SNAPSHOT.jar:?]
	at org.apache.hadoop.ozone.protocolPB.OzoneManagerProtocolServerSideTranslatorPB.processRequest(OzoneManagerProtocolServerSideTranslatorPB.java:175) ~[ozone-manager-1.3.0-SNAPSHOT.jar:?]
	at org.apache.hadoop.hdds.server.OzoneProtocolMessageDispatcher.processRequest(OzoneProtocolMessageDispatcher.java:87) [hdds-server-framework-1.3.0-SNAPSHOT.jar:?]
	at org.apache.hadoop.ozone.protocolPB.OzoneManagerProtocolServerSideTranslatorPB.submitRequest(OzoneManagerProtocolServerSideTranslatorPB.java:147) [ozone-manager-1.3.0-SNAPSHOT.jar:?]
	at org.apache.hadoop.ozone.protocol.proto.OzoneManagerProtocolProtos$OzoneManagerService$2.callBlockingMethod(OzoneManagerProtocolProtos.java) [ozone-interface-client-1.3.0-SNAPSHOT.jar:?]
	at org.apache.hadoop.ipc.ProtobufRpcEngine$Server.processCall(ProtobufRpcEngine.java:466) [hadoop-common-3.3.1.jar:?]
	at org.apache.hadoop.ipc.ProtobufRpcEngine2$Server$ProtoBufRpcInvoker.call(ProtobufRpcEngine2.java:574) [hadoop-common-3.3.1.jar:?]
	at org.apache.hadoop.ipc.ProtobufRpcEngine2$Server$ProtoBufRpcInvoker.call(ProtobufRpcEngine2.java:552) [hadoop-common-3.3.1.jar:?]
	at org.apache.hadoop.ipc.RPC$Server.call(RPC.java:1093) [hadoop-common-3.3.1.jar:?]
	at org.apache.hadoop.ipc.Server$RpcCall.run(Server.java:1035) [hadoop-common-3.3.1.jar:?]
	at org.apache.hadoop.ipc.Server$RpcCall.run(Server.java:963) [hadoop-common-3.3.1.jar:?]
	at java.security.AccessController.doPrivileged(Native Method) ~[?:1.8.0_345]
	at javax.security.auth.Subject.doAs(Subject.java:422) [?:1.8.0_345]
	at org.apache.hadoop.security.UserGroupInformation.doAs(UserGroupInformation.java:1878) [hadoop-common-3.3.1.jar:?]
	at org.apache.hadoop.ipc.Server$Handler.run(Server.java:2966) [hadoop-common-3.3.1.jar:?]
2022-10-09 13:04:21,624 [Time-limited test] WARN  ozone.BasicOzoneFileSystem (BasicOzoneFileSystem.java:getFileStatus(765)) - GetFileStatus failed for path /level0/level2
java.io.FileNotFoundException: level0/level2: No such file or directory!
	at org.apache.hadoop.fs.ozone.BasicOzoneClientAdapterImpl.getFileStatus(BasicOzoneClientAdapterImpl.java:369)
	at org.apache.hadoop.fs.ozone.BasicOzoneFileSystem.getFileStatus(BasicOzoneFileSystem.java:757)
	at org.apache.hadoop.fs.ozone.TestOzoneFileSystem.checkPath(TestOzoneFileSystem.java:502)
	at org.apache.hadoop.fs.ozone.TestOzoneFileSystem.testRecursiveDelete(TestOzoneFileSystem.java:493)
	at sun.reflect.NativeMethodAccessorImpl.invoke0(Native Method)
	at sun.reflect.NativeMethodAccessorImpl.invoke(NativeMethodAccessorImpl.java:62)
	at sun.reflect.DelegatingMethodAccessorImpl.invoke(DelegatingMethodAccessorImpl.java:43)
	at java.lang.reflect.Method.invoke(Method.java:498)
	at org.junit.runners.model.FrameworkMethod$1.runReflectiveCall(FrameworkMethod.java:59)
	at org.junit.internal.runners.model.ReflectiveCallable.run(ReflectiveCallable.java:12)
	at org.junit.runners.model.FrameworkMethod.invokeExplosively(FrameworkMethod.java:56)
	at org.junit.internal.runners.statements.InvokeMethod.evaluate(InvokeMethod.java:17)
	at org.junit.internal.runners.statements.RunAfters.evaluate(RunAfters.java:27)
	at org.junit.internal.runners.statements.FailOnTimeout$CallableStatement.call(FailOnTimeout.java:288)
	at org.junit.internal.runners.statements.FailOnTimeout$CallableStatement.call(FailOnTimeout.java:282)
	at java.util.concurrent.FutureTask.run(FutureTask.java:266)
	at java.lang.Thread.run(Thread.java:750)
13:04:21.624 [IPC Server handler 13 on default port 37457] ERROR OMAudit - user=runner | ip=127.0.0.1 | op=GET_FILE_STATUS {volume=volume94578, bucket=bucket60014, key=level0/level2/level2, dataSize=0, replicationConfig=null} | ret=FAILURE
org.apache.hadoop.ozone.om.exceptions.OMException: Unable to get file status: volume: volume94578 bucket: bucket60014 key: level0/level2/level2
	at org.apache.hadoop.ozone.om.KeyManagerImpl.getOzoneFileStatus(KeyManagerImpl.java:1270) ~[ozone-manager-1.3.0-SNAPSHOT.jar:?]
	at org.apache.hadoop.ozone.om.KeyManagerImpl.getFileStatus(KeyManagerImpl.java:1200) ~[ozone-manager-1.3.0-SNAPSHOT.jar:?]
	at org.apache.hadoop.ozone.om.OzoneManager.getFileStatus(OzoneManager.java:3507) ~[ozone-manager-1.3.0-SNAPSHOT.jar:?]
	at org.apache.hadoop.ozone.protocolPB.OzoneManagerRequestHandler.getOzoneFileStatus(OzoneManagerRequestHandler.java:882) ~[ozone-manager-1.3.0-SNAPSHOT.jar:?]
	at org.apache.hadoop.ozone.protocolPB.OzoneManagerRequestHandler.handleReadRequest(OzoneManagerRequestHandler.java:228) ~[ozone-manager-1.3.0-SNAPSHOT.jar:?]
	at org.apache.hadoop.ozone.protocolPB.OzoneManagerProtocolServerSideTranslatorPB.submitReadRequestToOM(OzoneManagerProtocolServerSideTranslatorPB.java:226) ~[ozone-manager-1.3.0-SNAPSHOT.jar:?]
	at org.apache.hadoop.ozone.protocolPB.OzoneManagerProtocolServerSideTranslatorPB.processRequest(OzoneManagerProtocolServerSideTranslatorPB.java:175) ~[ozone-manager-1.3.0-SNAPSHOT.jar:?]
	at org.apache.hadoop.hdds.server.OzoneProtocolMessageDispatcher.processRequest(OzoneProtocolMessageDispatcher.java:87) [hdds-server-framework-1.3.0-SNAPSHOT.jar:?]
	at org.apache.hadoop.ozone.protocolPB.OzoneManagerProtocolServerSideTranslatorPB.submitRequest(OzoneManagerProtocolServerSideTranslatorPB.java:147) [ozone-manager-1.3.0-SNAPSHOT.jar:?]
	at org.apache.hadoop.ozone.protocol.proto.OzoneManagerProtocolProtos$OzoneManagerService$2.callBlockingMethod(OzoneManagerProtocolProtos.java) [ozone-interface-client-1.3.0-SNAPSHOT.jar:?]
	at org.apache.hadoop.ipc.ProtobufRpcEngine$Server.processCall(ProtobufRpcEngine.java:466) [hadoop-common-3.3.1.jar:?]
	at org.apache.hadoop.ipc.ProtobufRpcEngine2$Server$ProtoBufRpcInvoker.call(ProtobufRpcEngine2.java:574) [hadoop-common-3.3.1.jar:?]
	at org.apache.hadoop.ipc.ProtobufRpcEngine2$Server$ProtoBufRpcInvoker.call(ProtobufRpcEngine2.java:552) [hadoop-common-3.3.1.jar:?]
	at org.apache.hadoop.ipc.RPC$Server.call(RPC.java:1093) [hadoop-common-3.3.1.jar:?]
	at org.apache.hadoop.ipc.Server$RpcCall.run(Server.java:1035) [hadoop-common-3.3.1.jar:?]
	at org.apache.hadoop.ipc.Server$RpcCall.run(Server.java:963) [hadoop-common-3.3.1.jar:?]
	at java.security.AccessController.doPrivileged(Native Method) ~[?:1.8.0_345]
	at javax.security.auth.Subject.doAs(Subject.java:422) [?:1.8.0_345]
	at org.apache.hadoop.security.UserGroupInformation.doAs(UserGroupInformation.java:1878) [hadoop-common-3.3.1.jar:?]
	at org.apache.hadoop.ipc.Server$Handler.run(Server.java:2966) [hadoop-common-3.3.1.jar:?]
2022-10-09 13:04:21,625 [Time-limited test] WARN  ozone.BasicOzoneFileSystem (BasicOzoneFileSystem.java:getFileStatus(765)) - GetFileStatus failed for path /level0/level2/level2
java.io.FileNotFoundException: level0/level2/level2: No such file or directory!
	at org.apache.hadoop.fs.ozone.BasicOzoneClientAdapterImpl.getFileStatus(BasicOzoneClientAdapterImpl.java:369)
	at org.apache.hadoop.fs.ozone.BasicOzoneFileSystem.getFileStatus(BasicOzoneFileSystem.java:757)
	at org.apache.hadoop.fs.ozone.TestOzoneFileSystem.checkPath(TestOzoneFileSystem.java:502)
	at org.apache.hadoop.fs.ozone.TestOzoneFileSystem.testRecursiveDelete(TestOzoneFileSystem.java:494)
	at sun.reflect.NativeMethodAccessorImpl.invoke0(Native Method)
	at sun.reflect.NativeMethodAccessorImpl.invoke(NativeMethodAccessorImpl.java:62)
	at sun.reflect.DelegatingMethodAccessorImpl.invoke(DelegatingMethodAccessorImpl.java:43)
	at java.lang.reflect.Method.invoke(Method.java:498)
	at org.junit.runners.model.FrameworkMethod$1.runReflectiveCall(FrameworkMethod.java:59)
	at org.junit.internal.runners.model.ReflectiveCallable.run(ReflectiveCallable.java:12)
	at org.junit.runners.model.FrameworkMethod.invokeExplosively(FrameworkMethod.java:56)
	at org.junit.internal.runners.statements.InvokeMethod.evaluate(InvokeMethod.java:17)
	at org.junit.internal.runners.statements.RunAfters.evaluate(RunAfters.java:27)
	at org.junit.internal.runners.statements.FailOnTimeout$CallableStatement.call(FailOnTimeout.java:288)
	at org.junit.internal.runners.statements.FailOnTimeout$CallableStatement.call(FailOnTimeout.java:282)
	at java.util.concurrent.FutureTask.run(FutureTask.java:266)
	at java.lang.Thread.run(Thread.java:750)
13:04:21.626 [IPC Server handler 15 on default port 37457] ERROR OMAudit - user=runner | ip=127.0.0.1 | op=GET_FILE_STATUS {volume=volume94578, bucket=bucket60014, key=level0/level2/file1, dataSize=0, replicationConfig=null} | ret=FAILURE
org.apache.hadoop.ozone.om.exceptions.OMException: Unable to get file status: volume: volume94578 bucket: bucket60014 key: level0/level2/file1
	at org.apache.hadoop.ozone.om.KeyManagerImpl.getOzoneFileStatus(KeyManagerImpl.java:1270) ~[ozone-manager-1.3.0-SNAPSHOT.jar:?]
	at org.apache.hadoop.ozone.om.KeyManagerImpl.getFileStatus(KeyManagerImpl.java:1200) ~[ozone-manager-1.3.0-SNAPSHOT.jar:?]
	at org.apache.hadoop.ozone.om.OzoneManager.getFileStatus(OzoneManager.java:3507) ~[ozone-manager-1.3.0-SNAPSHOT.jar:?]
	at org.apache.hadoop.ozone.protocolPB.OzoneManagerRequestHandler.getOzoneFileStatus(OzoneManagerRequestHandler.java:882) ~[ozone-manager-1.3.0-SNAPSHOT.jar:?]
	at org.apache.hadoop.ozone.protocolPB.OzoneManagerRequestHandler.handleReadRequest(OzoneManagerRequestHandler.java:228) ~[ozone-manager-1.3.0-SNAPSHOT.jar:?]
	at org.apache.hadoop.ozone.protocolPB.OzoneManagerProtocolServerSideTranslatorPB.submitReadRequestToOM(OzoneManagerProtocolServerSideTranslatorPB.java:226) ~[ozone-manager-1.3.0-SNAPSHOT.jar:?]
	at org.apache.hadoop.ozone.protocolPB.OzoneManagerProtocolServerSideTranslatorPB.processRequest(OzoneManagerProtocolServerSideTranslatorPB.java:175) ~[ozone-manager-1.3.0-SNAPSHOT.jar:?]
	at org.apache.hadoop.hdds.server.OzoneProtocolMessageDispatcher.processRequest(OzoneProtocolMessageDispatcher.java:87) [hdds-server-framework-1.3.0-SNAPSHOT.jar:?]
	at org.apache.hadoop.ozone.protocolPB.OzoneManagerProtocolServerSideTranslatorPB.submitRequest(OzoneManagerProtocolServerSideTranslatorPB.java:147) [ozone-manager-1.3.0-SNAPSHOT.jar:?]
	at org.apache.hadoop.ozone.protocol.proto.OzoneManagerProtocolProtos$OzoneManagerService$2.callBlockingMethod(OzoneManagerProtocolProtos.java) [ozone-interface-client-1.3.0-SNAPSHOT.jar:?]
	at org.apache.hadoop.ipc.ProtobufRpcEngine$Server.processCall(ProtobufRpcEngine.java:466) [hadoop-common-3.3.1.jar:?]
	at org.apache.hadoop.ipc.ProtobufRpcEngine2$Server$ProtoBufRpcInvoker.call(ProtobufRpcEngine2.java:574) [hadoop-common-3.3.1.jar:?]
	at org.apache.hadoop.ipc.ProtobufRpcEngine2$Server$ProtoBufRpcInvoker.call(ProtobufRpcEngine2.java:552) [hadoop-common-3.3.1.jar:?]
	at org.apache.hadoop.ipc.RPC$Server.call(RPC.java:1093) [hadoop-common-3.3.1.jar:?]
	at org.apache.hadoop.ipc.Server$RpcCall.run(Server.java:1035) [hadoop-common-3.3.1.jar:?]
	at org.apache.hadoop.ipc.Server$RpcCall.run(Server.java:963) [hadoop-common-3.3.1.jar:?]
	at java.security.AccessController.doPrivileged(Native Method) ~[?:1.8.0_345]
	at javax.security.auth.Subject.doAs(Subject.java:422) [?:1.8.0_345]
	at org.apache.hadoop.security.UserGroupInformation.doAs(UserGroupInformation.java:1878) [hadoop-common-3.3.1.jar:?]
	at org.apache.hadoop.ipc.Server$Handler.run(Server.java:2966) [hadoop-common-3.3.1.jar:?]
2022-10-09 13:04:21,626 [Time-limited test] WARN  ozone.BasicOzoneFileSystem (BasicOzoneFileSystem.java:getFileStatus(765)) - GetFileStatus failed for path /level0/level2/file1
java.io.FileNotFoundException: level0/level2/file1: No such file or directory!
	at org.apache.hadoop.fs.ozone.BasicOzoneClientAdapterImpl.getFileStatus(BasicOzoneClientAdapterImpl.java:369)
	at org.apache.hadoop.fs.ozone.BasicOzoneFileSystem.getFileStatus(BasicOzoneFileSystem.java:757)
	at org.apache.hadoop.fs.ozone.TestOzoneFileSystem.checkPath(TestOzoneFileSystem.java:502)
	at org.apache.hadoop.fs.ozone.TestOzoneFileSystem.testRecursiveDelete(TestOzoneFileSystem.java:495)
	at sun.reflect.NativeMethodAccessorImpl.invoke0(Native Method)
	at sun.reflect.NativeMethodAccessorImpl.invoke(NativeMethodAccessorImpl.java:62)
	at sun.reflect.DelegatingMethodAccessorImpl.invoke(DelegatingMethodAccessorImpl.java:43)
	at java.lang.reflect.Method.invoke(Method.java:498)
	at org.junit.runners.model.FrameworkMethod$1.runReflectiveCall(FrameworkMethod.java:59)
	at org.junit.internal.runners.model.ReflectiveCallable.run(ReflectiveCallable.java:12)
	at org.junit.runners.model.FrameworkMethod.invokeExplosively(FrameworkMethod.java:56)
	at org.junit.internal.runners.statements.InvokeMethod.evaluate(InvokeMethod.java:17)
	at org.junit.internal.runners.statements.RunAfters.evaluate(RunAfters.java:27)
	at org.junit.internal.runners.statements.FailOnTimeout$CallableStatement.call(FailOnTimeout.java:288)
	at org.junit.internal.runners.statements.FailOnTimeout$CallableStatement.call(FailOnTimeout.java:282)
	at java.util.concurrent.FutureTask.run(FutureTask.java:266)
	at java.lang.Thread.run(Thread.java:750)
13:04:21.627 [IPC Server handler 16 on default port 37457] ERROR OMAudit - user=runner | ip=127.0.0.1 | op=GET_FILE_STATUS {volume=volume94578, bucket=bucket60014, key=level0/level2/level2/file1, dataSize=0, replicationConfig=null} | ret=FAILURE
org.apache.hadoop.ozone.om.exceptions.OMException: Unable to get file status: volume: volume94578 bucket: bucket60014 key: level0/level2/level2/file1
	at org.apache.hadoop.ozone.om.KeyManagerImpl.getOzoneFileStatus(KeyManagerImpl.java:1270) ~[ozone-manager-1.3.0-SNAPSHOT.jar:?]
	at org.apache.hadoop.ozone.om.KeyManagerImpl.getFileStatus(KeyManagerImpl.java:1200) ~[ozone-manager-1.3.0-SNAPSHOT.jar:?]
	at org.apache.hadoop.ozone.om.OzoneManager.getFileStatus(OzoneManager.java:3507) ~[ozone-manager-1.3.0-SNAPSHOT.jar:?]
	at org.apache.hadoop.ozone.protocolPB.OzoneManagerRequestHandler.getOzoneFileStatus(OzoneManagerRequestHandler.java:882) ~[ozone-manager-1.3.0-SNAPSHOT.jar:?]
	at org.apache.hadoop.ozone.protocolPB.OzoneManagerRequestHandler.handleReadRequest(OzoneManagerRequestHandler.java:228) ~[ozone-manager-1.3.0-SNAPSHOT.jar:?]
	at org.apache.hadoop.ozone.protocolPB.OzoneManagerProtocolServerSideTranslatorPB.submitReadRequestToOM(OzoneManagerProtocolServerSideTranslatorPB.java:226) ~[ozone-manager-1.3.0-SNAPSHOT.jar:?]
	at org.apache.hadoop.ozone.protocolPB.OzoneManagerProtocolServerSideTranslatorPB.processRequest(OzoneManagerProtocolServerSideTranslatorPB.java:175) ~[ozone-manager-1.3.0-SNAPSHOT.jar:?]
	at org.apache.hadoop.hdds.server.OzoneProtocolMessageDispatcher.processRequest(OzoneProtocolMessageDispatcher.java:87) [hdds-server-framework-1.3.0-SNAPSHOT.jar:?]
	at org.apache.hadoop.ozone.protocolPB.OzoneManagerProtocolServerSideTranslatorPB.submitRequest(OzoneManagerProtocolServerSideTranslatorPB.java:147) [ozone-manager-1.3.0-SNAPSHOT.jar:?]
	at org.apache.hadoop.ozone.protocol.proto.OzoneManagerProtocolProtos$OzoneManagerService$2.callBlockingMethod(OzoneManagerProtocolProtos.java) [ozone-interface-client-1.3.0-SNAPSHOT.jar:?]
	at org.apache.hadoop.ipc.ProtobufRpcEngine$Server.processCall(ProtobufRpcEngine.java:466) [hadoop-common-3.3.1.jar:?]
	at org.apache.hadoop.ipc.ProtobufRpcEngine2$Server$ProtoBufRpcInvoker.call(ProtobufRpcEngine2.java:574) [hadoop-common-3.3.1.jar:?]
	at org.apache.hadoop.ipc.ProtobufRpcEngine2$Server$ProtoBufRpcInvoker.call(ProtobufRpcEngine2.java:552) [hadoop-common-3.3.1.jar:?]
	at org.apache.hadoop.ipc.RPC$Server.call(RPC.java:1093) [hadoop-common-3.3.1.jar:?]
	at org.apache.hadoop.ipc.Server$RpcCall.run(Server.java:1035) [hadoop-common-3.3.1.jar:?]
	at org.apache.hadoop.ipc.Server$RpcCall.run(Server.java:963) [hadoop-common-3.3.1.jar:?]
	at java.security.AccessController.doPrivileged(Native Method) ~[?:1.8.0_345]
	at javax.security.auth.Subject.doAs(Subject.java:422) [?:1.8.0_345]
	at org.apache.hadoop.security.UserGroupInformation.doAs(UserGroupInformation.java:1878) [hadoop-common-3.3.1.jar:?]
	at org.apache.hadoop.ipc.Server$Handler.run(Server.java:2966) [hadoop-common-3.3.1.jar:?]
2022-10-09 13:04:21,627 [Time-limited test] WARN  ozone.BasicOzoneFileSystem (BasicOzoneFileSystem.java:getFileStatus(765)) - GetFileStatus failed for path /level0/level2/level2/file1
java.io.FileNotFoundException: level0/level2/level2/file1: No such file or directory!
	at org.apache.hadoop.fs.ozone.BasicOzoneClientAdapterImpl.getFileStatus(BasicOzoneClientAdapterImpl.java:369)
	at org.apache.hadoop.fs.ozone.BasicOzoneFileSystem.getFileStatus(BasicOzoneFileSystem.java:757)
	at org.apache.hadoop.fs.ozone.TestOzoneFileSystem.checkPath(TestOzoneFileSystem.java:502)
	at org.apache.hadoop.fs.ozone.TestOzoneFileSystem.testRecursiveDelete(TestOzoneFileSystem.java:496)
	at sun.reflect.NativeMethodAccessorImpl.invoke0(Native Method)
	at sun.reflect.NativeMethodAccessorImpl.invoke(NativeMethodAccessorImpl.java:62)
	at sun.reflect.DelegatingMethodAccessorImpl.invoke(DelegatingMethodAccessorImpl.java:43)
	at java.lang.reflect.Method.invoke(Method.java:498)
	at org.junit.runners.model.FrameworkMethod$1.runReflectiveCall(FrameworkMethod.java:59)
	at org.junit.internal.runners.model.ReflectiveCallable.run(ReflectiveCallable.java:12)
	at org.junit.runners.model.FrameworkMethod.invokeExplosively(FrameworkMethod.java:56)
	at org.junit.internal.runners.statements.InvokeMethod.evaluate(InvokeMethod.java:17)
	at org.junit.internal.runners.statements.RunAfters.evaluate(RunAfters.java:27)
	at org.junit.internal.runners.statements.FailOnTimeout$CallableStatement.call(FailOnTimeout.java:288)
	at org.junit.internal.runners.statements.FailOnTimeout$CallableStatement.call(FailOnTimeout.java:282)
	at java.util.concurrent.FutureTask.run(FutureTask.java:266)
	at java.lang.Thread.run(Thread.java:750)
13:04:21.628 [IPC Server handler 7 on default port 37457] ERROR OMAudit - user=runner | ip=127.0.0.1 | op=GET_FILE_STATUS {volume=volume94578, bucket=bucket60014, key=level0/level3, dataSize=0, replicationConfig=null} | ret=FAILURE
org.apache.hadoop.ozone.om.exceptions.OMException: Unable to get file status: volume: volume94578 bucket: bucket60014 key: level0/level3
	at org.apache.hadoop.ozone.om.KeyManagerImpl.getOzoneFileStatus(KeyManagerImpl.java:1270) ~[ozone-manager-1.3.0-SNAPSHOT.jar:?]
	at org.apache.hadoop.ozone.om.KeyManagerImpl.getFileStatus(KeyManagerImpl.java:1200) ~[ozone-manager-1.3.0-SNAPSHOT.jar:?]
	at org.apache.hadoop.ozone.om.OzoneManager.getFileStatus(OzoneManager.java:3507) ~[ozone-manager-1.3.0-SNAPSHOT.jar:?]
	at org.apache.hadoop.ozone.protocolPB.OzoneManagerRequestHandler.getOzoneFileStatus(OzoneManagerRequestHandler.java:882) ~[ozone-manager-1.3.0-SNAPSHOT.jar:?]
	at org.apache.hadoop.ozone.protocolPB.OzoneManagerRequestHandler.handleReadRequest(OzoneManagerRequestHandler.java:228) ~[ozone-manager-1.3.0-SNAPSHOT.jar:?]
	at org.apache.hadoop.ozone.protocolPB.OzoneManagerProtocolServerSideTranslatorPB.submitReadRequestToOM(OzoneManagerProtocolServerSideTranslatorPB.java:226) ~[ozone-manager-1.3.0-SNAPSHOT.jar:?]
	at org.apache.hadoop.ozone.protocolPB.OzoneManagerProtocolServerSideTranslatorPB.processRequest(OzoneManagerProtocolServerSideTranslatorPB.java:175) ~[ozone-manager-1.3.0-SNAPSHOT.jar:?]
	at org.apache.hadoop.hdds.server.OzoneProtocolMessageDispatcher.processRequest(OzoneProtocolMessageDispatcher.java:87) [hdds-server-framework-1.3.0-SNAPSHOT.jar:?]
	at org.apache.hadoop.ozone.protocolPB.OzoneManagerProtocolServerSideTranslatorPB.submitRequest(OzoneManagerProtocolServerSideTranslatorPB.java:147) [ozone-manager-1.3.0-SNAPSHOT.jar:?]
	at org.apache.hadoop.ozone.protocol.proto.OzoneManagerProtocolProtos$OzoneManagerService$2.callBlockingMethod(OzoneManagerProtocolProtos.java) [ozone-interface-client-1.3.0-SNAPSHOT.jar:?]
	at org.apache.hadoop.ipc.ProtobufRpcEngine$Server.processCall(ProtobufRpcEngine.java:466) [hadoop-common-3.3.1.jar:?]
	at org.apache.hadoop.ipc.ProtobufRpcEngine2$Server$ProtoBufRpcInvoker.call(ProtobufRpcEngine2.java:574) [hadoop-common-3.3.1.jar:?]
	at org.apache.hadoop.ipc.ProtobufRpcEngine2$Server$ProtoBufRpcInvoker.call(ProtobufRpcEngine2.java:552) [hadoop-common-3.3.1.jar:?]
	at org.apache.hadoop.ipc.RPC$Server.call(RPC.java:1093) [hadoop-common-3.3.1.jar:?]
	at org.apache.hadoop.ipc.Server$RpcCall.run(Server.java:1035) [hadoop-common-3.3.1.jar:?]
	at org.apache.hadoop.ipc.Server$RpcCall.run(Server.java:963) [hadoop-common-3.3.1.jar:?]
	at java.security.AccessController.doPrivileged(Native Method) ~[?:1.8.0_345]
	at javax.security.auth.Subject.doAs(Subject.java:422) [?:1.8.0_345]
	at org.apache.hadoop.security.UserGroupInformation.doAs(UserGroupInformation.java:1878) [hadoop-common-3.3.1.jar:?]
	at org.apache.hadoop.ipc.Server$Handler.run(Server.java:2966) [hadoop-common-3.3.1.jar:?]
2022-10-09 13:04:21,631 [Time-limited test] WARN  ozone.BasicOzoneFileSystem (BasicOzoneFileSystem.java:getFileStatus(765)) - GetFileStatus failed for path /level0/level3
java.io.FileNotFoundException: level0/level3: No such file or directory!
	at org.apache.hadoop.fs.ozone.BasicOzoneClientAdapterImpl.getFileStatus(BasicOzoneClientAdapterImpl.java:369)
	at org.apache.hadoop.fs.ozone.BasicOzoneFileSystem.getFileStatus(BasicOzoneFileSystem.java:757)
	at org.apache.hadoop.fs.ozone.TestOzoneFileSystem.checkPath(TestOzoneFileSystem.java:502)
	at org.apache.hadoop.fs.ozone.TestOzoneFileSystem.testRecursiveDelete(TestOzoneFileSystem.java:493)
	at sun.reflect.NativeMethodAccessorImpl.invoke0(Native Method)
	at sun.reflect.NativeMethodAccessorImpl.invoke(NativeMethodAccessorImpl.java:62)
	at sun.reflect.DelegatingMethodAccessorImpl.invoke(DelegatingMethodAccessorImpl.java:43)
	at java.lang.reflect.Method.invoke(Method.java:498)
	at org.junit.runners.model.FrameworkMethod$1.runReflectiveCall(FrameworkMethod.java:59)
	at org.junit.internal.runners.model.ReflectiveCallable.run(ReflectiveCallable.java:12)
	at org.junit.runners.model.FrameworkMethod.invokeExplosively(FrameworkMethod.java:56)
	at org.junit.internal.runners.statements.InvokeMethod.evaluate(InvokeMethod.java:17)
	at org.junit.internal.runners.statements.RunAfters.evaluate(RunAfters.java:27)
	at org.junit.internal.runners.statements.FailOnTimeout$CallableStatement.call(FailOnTimeout.java:288)
	at org.junit.internal.runners.statements.FailOnTimeout$CallableStatement.call(FailOnTimeout.java:282)
	at java.util.concurrent.FutureTask.run(FutureTask.java:266)
	at java.lang.Thread.run(Thread.java:750)
13:04:21.635 [IPC Server handler 3 on default port 37457] ERROR OMAudit - user=runner | ip=127.0.0.1 | op=GET_FILE_STATUS {volume=volume94578, bucket=bucket60014, key=level0/level3/level3, dataSize=0, replicationConfig=null} | ret=FAILURE
org.apache.hadoop.ozone.om.exceptions.OMException: Unable to get file status: volume: volume94578 bucket: bucket60014 key: level0/level3/level3
	at org.apache.hadoop.ozone.om.KeyManagerImpl.getOzoneFileStatus(KeyManagerImpl.java:1270) ~[ozone-manager-1.3.0-SNAPSHOT.jar:?]
	at org.apache.hadoop.ozone.om.KeyManagerImpl.getFileStatus(KeyManagerImpl.java:1200) ~[ozone-manager-1.3.0-SNAPSHOT.jar:?]
	at org.apache.hadoop.ozone.om.OzoneManager.getFileStatus(OzoneManager.java:3507) ~[ozone-manager-1.3.0-SNAPSHOT.jar:?]
	at org.apache.hadoop.ozone.protocolPB.OzoneManagerRequestHandler.getOzoneFileStatus(OzoneManagerRequestHandler.java:882) ~[ozone-manager-1.3.0-SNAPSHOT.jar:?]
	at org.apache.hadoop.ozone.protocolPB.OzoneManagerRequestHandler.handleReadRequest(OzoneManagerRequestHandler.java:228) ~[ozone-manager-1.3.0-SNAPSHOT.jar:?]
	at org.apache.hadoop.ozone.protocolPB.OzoneManagerProtocolServerSideTranslatorPB.submitReadRequestToOM(OzoneManagerProtocolServerSideTranslatorPB.java:226) ~[ozone-manager-1.3.0-SNAPSHOT.jar:?]
	at org.apache.hadoop.ozone.protocolPB.OzoneManagerProtocolServerSideTranslatorPB.processRequest(OzoneManagerProtocolServerSideTranslatorPB.java:175) ~[ozone-manager-1.3.0-SNAPSHOT.jar:?]
	at org.apache.hadoop.hdds.server.OzoneProtocolMessageDispatcher.processRequest(OzoneProtocolMessageDispatcher.java:87) [hdds-server-framework-1.3.0-SNAPSHOT.jar:?]
	at org.apache.hadoop.ozone.protocolPB.OzoneManagerProtocolServerSideTranslatorPB.submitRequest(OzoneManagerProtocolServerSideTranslatorPB.java:147) [ozone-manager-1.3.0-SNAPSHOT.jar:?]
	at org.apache.hadoop.ozone.protocol.proto.OzoneManagerProtocolProtos$OzoneManagerService$2.callBlockingMethod(OzoneManagerProtocolProtos.java) [ozone-interface-client-1.3.0-SNAPSHOT.jar:?]
	at org.apache.hadoop.ipc.ProtobufRpcEngine$Server.processCall(ProtobufRpcEngine.java:466) [hadoop-common-3.3.1.jar:?]
	at org.apache.hadoop.ipc.ProtobufRpcEngine2$Server$ProtoBufRpcInvoker.call(ProtobufRpcEngine2.java:574) [hadoop-common-3.3.1.jar:?]
	at org.apache.hadoop.ipc.ProtobufRpcEngine2$Server$ProtoBufRpcInvoker.call(ProtobufRpcEngine2.java:552) [hadoop-common-3.3.1.jar:?]
	at org.apache.hadoop.ipc.RPC$Server.call(RPC.java:1093) [hadoop-common-3.3.1.jar:?]
	at org.apache.hadoop.ipc.Server$RpcCall.run(Server.java:1035) [hadoop-common-3.3.1.jar:?]
	at org.apache.hadoop.ipc.Server$RpcCall.run(Server.java:963) [hadoop-common-3.3.1.jar:?]
	at java.security.AccessController.doPrivileged(Native Method) ~[?:1.8.0_345]
	at javax.security.auth.Subject.doAs(Subject.java:422) [?:1.8.0_345]
	at org.apache.hadoop.security.UserGroupInformation.doAs(UserGroupInformation.java:1878) [hadoop-common-3.3.1.jar:?]
	at org.apache.hadoop.ipc.Server$Handler.run(Server.java:2966) [hadoop-common-3.3.1.jar:?]
2022-10-09 13:04:21,635 [Time-limited test] WARN  ozone.BasicOzoneFileSystem (BasicOzoneFileSystem.java:getFileStatus(765)) - GetFileStatus failed for path /level0/level3/level3
java.io.FileNotFoundException: level0/level3/level3: No such file or directory!
	at org.apache.hadoop.fs.ozone.BasicOzoneClientAdapterImpl.getFileStatus(BasicOzoneClientAdapterImpl.java:369)
	at org.apache.hadoop.fs.ozone.BasicOzoneFileSystem.getFileStatus(BasicOzoneFileSystem.java:757)
	at org.apache.hadoop.fs.ozone.TestOzoneFileSystem.checkPath(TestOzoneFileSystem.java:502)
	at org.apache.hadoop.fs.ozone.TestOzoneFileSystem.testRecursiveDelete(TestOzoneFileSystem.java:494)
	at sun.reflect.NativeMethodAccessorImpl.invoke0(Native Method)
	at sun.reflect.NativeMethodAccessorImpl.invoke(NativeMethodAccessorImpl.java:62)
	at sun.reflect.DelegatingMethodAccessorImpl.invoke(DelegatingMethodAccessorImpl.java:43)
	at java.lang.reflect.Method.invoke(Method.java:498)
	at org.junit.runners.model.FrameworkMethod$1.runReflectiveCall(FrameworkMethod.java:59)
	at org.junit.internal.runners.model.ReflectiveCallable.run(ReflectiveCallable.java:12)
	at org.junit.runners.model.FrameworkMethod.invokeExplosively(FrameworkMethod.java:56)
	at org.junit.internal.runners.statements.InvokeMethod.evaluate(InvokeMethod.java:17)
	at org.junit.internal.runners.statements.RunAfters.evaluate(RunAfters.java:27)
	at org.junit.internal.runners.statements.FailOnTimeout$CallableStatement.call(FailOnTimeout.java:288)
	at org.junit.internal.runners.statements.FailOnTimeout$CallableStatement.call(FailOnTimeout.java:282)
	at java.util.concurrent.FutureTask.run(FutureTask.java:266)
	at java.lang.Thread.run(Thread.java:750)
13:04:21.636 [IPC Server handler 5 on default port 37457] ERROR OMAudit - user=runner | ip=127.0.0.1 | op=GET_FILE_STATUS {volume=volume94578, bucket=bucket60014, key=level0/level3/file1, dataSize=0, replicationConfig=null} | ret=FAILURE
org.apache.hadoop.ozone.om.exceptions.OMException: Unable to get file status: volume: volume94578 bucket: bucket60014 key: level0/level3/file1
	at org.apache.hadoop.ozone.om.KeyManagerImpl.getOzoneFileStatus(KeyManagerImpl.java:1270) ~[ozone-manager-1.3.0-SNAPSHOT.jar:?]
	at org.apache.hadoop.ozone.om.KeyManagerImpl.getFileStatus(KeyManagerImpl.java:1200) ~[ozone-manager-1.3.0-SNAPSHOT.jar:?]
	at org.apache.hadoop.ozone.om.OzoneManager.getFileStatus(OzoneManager.java:3507) ~[ozone-manager-1.3.0-SNAPSHOT.jar:?]
	at org.apache.hadoop.ozone.protocolPB.OzoneManagerRequestHandler.getOzoneFileStatus(OzoneManagerRequestHandler.java:882) ~[ozone-manager-1.3.0-SNAPSHOT.jar:?]
	at org.apache.hadoop.ozone.protocolPB.OzoneManagerRequestHandler.handleReadRequest(OzoneManagerRequestHandler.java:228) ~[ozone-manager-1.3.0-SNAPSHOT.jar:?]
	at org.apache.hadoop.ozone.protocolPB.OzoneManagerProtocolServerSideTranslatorPB.submitReadRequestToOM(OzoneManagerProtocolServerSideTranslatorPB.java:226) ~[ozone-manager-1.3.0-SNAPSHOT.jar:?]
	at org.apache.hadoop.ozone.protocolPB.OzoneManagerProtocolServerSideTranslatorPB.processRequest(OzoneManagerProtocolServerSideTranslatorPB.java:175) ~[ozone-manager-1.3.0-SNAPSHOT.jar:?]
	at org.apache.hadoop.hdds.server.OzoneProtocolMessageDispatcher.processRequest(OzoneProtocolMessageDispatcher.java:87) [hdds-server-framework-1.3.0-SNAPSHOT.jar:?]
	at org.apache.hadoop.ozone.protocolPB.OzoneManagerProtocolServerSideTranslatorPB.submitRequest(OzoneManagerProtocolServerSideTranslatorPB.java:147) [ozone-manager-1.3.0-SNAPSHOT.jar:?]
	at org.apache.hadoop.ozone.protocol.proto.OzoneManagerProtocolProtos$OzoneManagerService$2.callBlockingMethod(OzoneManagerProtocolProtos.java) [ozone-interface-client-1.3.0-SNAPSHOT.jar:?]
	at org.apache.hadoop.ipc.ProtobufRpcEngine$Server.processCall(ProtobufRpcEngine.java:466) [hadoop-common-3.3.1.jar:?]
	at org.apache.hadoop.ipc.ProtobufRpcEngine2$Server$ProtoBufRpcInvoker.call(ProtobufRpcEngine2.java:574) [hadoop-common-3.3.1.jar:?]
	at org.apache.hadoop.ipc.ProtobufRpcEngine2$Server$ProtoBufRpcInvoker.call(ProtobufRpcEngine2.java:552) [hadoop-common-3.3.1.jar:?]
	at org.apache.hadoop.ipc.RPC$Server.call(RPC.java:1093) [hadoop-common-3.3.1.jar:?]
	at org.apache.hadoop.ipc.Server$RpcCall.run(Server.java:1035) [hadoop-common-3.3.1.jar:?]
	at org.apache.hadoop.ipc.Server$RpcCall.run(Server.java:963) [hadoop-common-3.3.1.jar:?]
	at java.security.AccessController.doPrivileged(Native Method) ~[?:1.8.0_345]
	at javax.security.auth.Subject.doAs(Subject.java:422) [?:1.8.0_345]
	at org.apache.hadoop.security.UserGroupInformation.doAs(UserGroupInformation.java:1878) [hadoop-common-3.3.1.jar:?]
	at org.apache.hadoop.ipc.Server$Handler.run(Server.java:2966) [hadoop-common-3.3.1.jar:?]
2022-10-09 13:04:21,636 [Time-limited test] WARN  ozone.BasicOzoneFileSystem (BasicOzoneFileSystem.java:getFileStatus(765)) - GetFileStatus failed for path /level0/level3/file1
java.io.FileNotFoundException: level0/level3/file1: No such file or directory!
	at org.apache.hadoop.fs.ozone.BasicOzoneClientAdapterImpl.getFileStatus(BasicOzoneClientAdapterImpl.java:369)
	at org.apache.hadoop.fs.ozone.BasicOzoneFileSystem.getFileStatus(BasicOzoneFileSystem.java:757)
	at org.apache.hadoop.fs.ozone.TestOzoneFileSystem.checkPath(TestOzoneFileSystem.java:502)
	at org.apache.hadoop.fs.ozone.TestOzoneFileSystem.testRecursiveDelete(TestOzoneFileSystem.java:495)
	at sun.reflect.NativeMethodAccessorImpl.invoke0(Native Method)
	at sun.reflect.NativeMethodAccessorImpl.invoke(NativeMethodAccessorImpl.java:62)
	at sun.reflect.DelegatingMethodAccessorImpl.invoke(DelegatingMethodAccessorImpl.java:43)
	at java.lang.reflect.Method.invoke(Method.java:498)
	at org.junit.runners.model.FrameworkMethod$1.runReflectiveCall(FrameworkMethod.java:59)
	at org.junit.internal.runners.model.ReflectiveCallable.run(ReflectiveCallable.java:12)
	at org.junit.runners.model.FrameworkMethod.invokeExplosively(FrameworkMethod.java:56)
	at org.junit.internal.runners.statements.InvokeMethod.evaluate(InvokeMethod.java:17)
	at org.junit.internal.runners.statements.RunAfters.evaluate(RunAfters.java:27)
	at org.junit.internal.runners.statements.FailOnTimeout$CallableStatement.call(FailOnTimeout.java:288)
	at org.junit.internal.runners.statements.FailOnTimeout$CallableStatement.call(FailOnTimeout.java:282)
	at java.util.concurrent.FutureTask.run(FutureTask.java:266)
	at java.lang.Thread.run(Thread.java:750)
13:04:21.637 [IPC Server handler 1 on default port 37457] ERROR OMAudit - user=runner | ip=127.0.0.1 | op=GET_FILE_STATUS {volume=volume94578, bucket=bucket60014, key=level0/level3/level3/file1, dataSize=0, replicationConfig=null} | ret=FAILURE
org.apache.hadoop.ozone.om.exceptions.OMException: Unable to get file status: volume: volume94578 bucket: bucket60014 key: level0/level3/level3/file1
	at org.apache.hadoop.ozone.om.KeyManagerImpl.getOzoneFileStatus(KeyManagerImpl.java:1270) ~[ozone-manager-1.3.0-SNAPSHOT.jar:?]
	at org.apache.hadoop.ozone.om.KeyManagerImpl.getFileStatus(KeyManagerImpl.java:1200) ~[ozone-manager-1.3.0-SNAPSHOT.jar:?]
	at org.apache.hadoop.ozone.om.OzoneManager.getFileStatus(OzoneManager.java:3507) ~[ozone-manager-1.3.0-SNAPSHOT.jar:?]
	at org.apache.hadoop.ozone.protocolPB.OzoneManagerRequestHandler.getOzoneFileStatus(OzoneManagerRequestHandler.java:882) ~[ozone-manager-1.3.0-SNAPSHOT.jar:?]
	at org.apache.hadoop.ozone.protocolPB.OzoneManagerRequestHandler.handleReadRequest(OzoneManagerRequestHandler.java:228) ~[ozone-manager-1.3.0-SNAPSHOT.jar:?]
	at org.apache.hadoop.ozone.protocolPB.OzoneManagerProtocolServerSideTranslatorPB.submitReadRequestToOM(OzoneManagerProtocolServerSideTranslatorPB.java:226) ~[ozone-manager-1.3.0-SNAPSHOT.jar:?]
	at org.apache.hadoop.ozone.protocolPB.OzoneManagerProtocolServerSideTranslatorPB.processRequest(OzoneManagerProtocolServerSideTranslatorPB.java:175) ~[ozone-manager-1.3.0-SNAPSHOT.jar:?]
	at org.apache.hadoop.hdds.server.OzoneProtocolMessageDispatcher.processRequest(OzoneProtocolMessageDispatcher.java:87) [hdds-server-framework-1.3.0-SNAPSHOT.jar:?]
	at org.apache.hadoop.ozone.protocolPB.OzoneManagerProtocolServerSideTranslatorPB.submitRequest(OzoneManagerProtocolServerSideTranslatorPB.java:147) [ozone-manager-1.3.0-SNAPSHOT.jar:?]
	at org.apache.hadoop.ozone.protocol.proto.OzoneManagerProtocolProtos$OzoneManagerService$2.callBlockingMethod(OzoneManagerProtocolProtos.java) [ozone-interface-client-1.3.0-SNAPSHOT.jar:?]
	at org.apache.hadoop.ipc.ProtobufRpcEngine$Server.processCall(ProtobufRpcEngine.java:466) [hadoop-common-3.3.1.jar:?]
	at org.apache.hadoop.ipc.ProtobufRpcEngine2$Server$ProtoBufRpcInvoker.call(ProtobufRpcEngine2.java:574) [hadoop-common-3.3.1.jar:?]
	at org.apache.hadoop.ipc.ProtobufRpcEngine2$Server$ProtoBufRpcInvoker.call(ProtobufRpcEngine2.java:552) [hadoop-common-3.3.1.jar:?]
	at org.apache.hadoop.ipc.RPC$Server.call(RPC.java:1093) [hadoop-common-3.3.1.jar:?]
	at org.apache.hadoop.ipc.Server$RpcCall.run(Server.java:1035) [hadoop-common-3.3.1.jar:?]
	at org.apache.hadoop.ipc.Server$RpcCall.run(Server.java:963) [hadoop-common-3.3.1.jar:?]
	at java.security.AccessController.doPrivileged(Native Method) ~[?:1.8.0_345]
	at javax.security.auth.Subject.doAs(Subject.java:422) [?:1.8.0_345]
	at org.apache.hadoop.security.UserGroupInformation.doAs(UserGroupInformation.java:1878) [hadoop-common-3.3.1.jar:?]
	at org.apache.hadoop.ipc.Server$Handler.run(Server.java:2966) [hadoop-common-3.3.1.jar:?]
2022-10-09 13:04:21,638 [Time-limited test] WARN  ozone.BasicOzoneFileSystem (BasicOzoneFileSystem.java:getFileStatus(765)) - GetFileStatus failed for path /level0/level3/level3/file1
java.io.FileNotFoundException: level0/level3/level3/file1: No such file or directory!
	at org.apache.hadoop.fs.ozone.BasicOzoneClientAdapterImpl.getFileStatus(BasicOzoneClientAdapterImpl.java:369)
	at org.apache.hadoop.fs.ozone.BasicOzoneFileSystem.getFileStatus(BasicOzoneFileSystem.java:757)
	at org.apache.hadoop.fs.ozone.TestOzoneFileSystem.checkPath(TestOzoneFileSystem.java:502)
	at org.apache.hadoop.fs.ozone.TestOzoneFileSystem.testRecursiveDelete(TestOzoneFileSystem.java:496)
	at sun.reflect.NativeMethodAccessorImpl.invoke0(Native Method)
	at sun.reflect.NativeMethodAccessorImpl.invoke(NativeMethodAccessorImpl.java:62)
	at sun.reflect.DelegatingMethodAccessorImpl.invoke(DelegatingMethodAccessorImpl.java:43)
	at java.lang.reflect.Method.invoke(Method.java:498)
	at org.junit.runners.model.FrameworkMethod$1.runReflectiveCall(FrameworkMethod.java:59)
	at org.junit.internal.runners.model.ReflectiveCallable.run(ReflectiveCallable.java:12)
	at org.junit.runners.model.FrameworkMethod.invokeExplosively(FrameworkMethod.java:56)
	at org.junit.internal.runners.statements.InvokeMethod.evaluate(InvokeMethod.java:17)
	at org.junit.internal.runners.statements.RunAfters.evaluate(RunAfters.java:27)
	at org.junit.internal.runners.statements.FailOnTimeout$CallableStatement.call(FailOnTimeout.java:288)
	at org.junit.internal.runners.statements.FailOnTimeout$CallableStatement.call(FailOnTimeout.java:282)
	at java.util.concurrent.FutureTask.run(FutureTask.java:266)
	at java.lang.Thread.run(Thread.java:750)
]]></system-out>
  </testcase>
  <testcase name="testRecursiveDelete" classname="TestOzoneFileSystem" time="0.166">
    <system-out><![CDATA[13:05:57.781 [IPC Server handler 16 on default port 44209] ERROR OMAudit - user=runner | ip=127.0.0.1 | op=GET_FILE_STATUS {volume=volume66281, bucket=bucket85504, key=gdir1, dataSize=0, replicationConfig=null} | ret=FAILURE
org.apache.hadoop.ozone.om.exceptions.OMException: Unable to get file status: volume: volume66281 bucket: bucket85504 key: gdir1
	at org.apache.hadoop.ozone.om.KeyManagerImpl.getOzoneFileStatus(KeyManagerImpl.java:1270) ~[ozone-manager-1.3.0-SNAPSHOT.jar:?]
	at org.apache.hadoop.ozone.om.KeyManagerImpl.getFileStatus(KeyManagerImpl.java:1200) ~[ozone-manager-1.3.0-SNAPSHOT.jar:?]
	at org.apache.hadoop.ozone.om.OzoneManager.getFileStatus(OzoneManager.java:3507) ~[ozone-manager-1.3.0-SNAPSHOT.jar:?]
	at org.apache.hadoop.ozone.protocolPB.OzoneManagerRequestHandler.getOzoneFileStatus(OzoneManagerRequestHandler.java:882) ~[ozone-manager-1.3.0-SNAPSHOT.jar:?]
	at org.apache.hadoop.ozone.protocolPB.OzoneManagerRequestHandler.handleReadRequest(OzoneManagerRequestHandler.java:228) ~[ozone-manager-1.3.0-SNAPSHOT.jar:?]
	at org.apache.hadoop.ozone.protocolPB.OzoneManagerProtocolServerSideTranslatorPB.submitRequestDirectlyToOM(OzoneManagerProtocolServerSideTranslatorPB.java:276) ~[ozone-manager-1.3.0-SNAPSHOT.jar:?]
	at org.apache.hadoop.ozone.protocolPB.OzoneManagerProtocolServerSideTranslatorPB.processRequest(OzoneManagerProtocolServerSideTranslatorPB.java:205) ~[ozone-manager-1.3.0-SNAPSHOT.jar:?]
	at org.apache.hadoop.hdds.server.OzoneProtocolMessageDispatcher.processRequest(OzoneProtocolMessageDispatcher.java:87) [hdds-server-framework-1.3.0-SNAPSHOT.jar:?]
	at org.apache.hadoop.ozone.protocolPB.OzoneManagerProtocolServerSideTranslatorPB.submitRequest(OzoneManagerProtocolServerSideTranslatorPB.java:147) [ozone-manager-1.3.0-SNAPSHOT.jar:?]
	at org.apache.hadoop.ozone.protocol.proto.OzoneManagerProtocolProtos$OzoneManagerService$2.callBlockingMethod(OzoneManagerProtocolProtos.java) [ozone-interface-client-1.3.0-SNAPSHOT.jar:?]
	at org.apache.hadoop.ipc.ProtobufRpcEngine$Server.processCall(ProtobufRpcEngine.java:466) [hadoop-common-3.3.1.jar:?]
	at org.apache.hadoop.ipc.ProtobufRpcEngine2$Server$ProtoBufRpcInvoker.call(ProtobufRpcEngine2.java:574) [hadoop-common-3.3.1.jar:?]
	at org.apache.hadoop.ipc.ProtobufRpcEngine2$Server$ProtoBufRpcInvoker.call(ProtobufRpcEngine2.java:552) [hadoop-common-3.3.1.jar:?]
	at org.apache.hadoop.ipc.RPC$Server.call(RPC.java:1093) [hadoop-common-3.3.1.jar:?]
	at org.apache.hadoop.ipc.Server$RpcCall.run(Server.java:1035) [hadoop-common-3.3.1.jar:?]
	at org.apache.hadoop.ipc.Server$RpcCall.run(Server.java:963) [hadoop-common-3.3.1.jar:?]
	at java.security.AccessController.doPrivileged(Native Method) ~[?:1.8.0_345]
	at javax.security.auth.Subject.doAs(Subject.java:422) [?:1.8.0_345]
	at org.apache.hadoop.security.UserGroupInformation.doAs(UserGroupInformation.java:1878) [hadoop-common-3.3.1.jar:?]
	at org.apache.hadoop.ipc.Server$Handler.run(Server.java:2966) [hadoop-common-3.3.1.jar:?]
2022-10-09 13:05:57,781 [Time-limited test] WARN  ozone.BasicOzoneFileSystem (BasicOzoneFileSystem.java:getFileStatus(765)) - GetFileStatus failed for path /gdir1
java.io.FileNotFoundException: gdir1: No such file or directory!
	at org.apache.hadoop.fs.ozone.BasicOzoneClientAdapterImpl.getFileStatus(BasicOzoneClientAdapterImpl.java:369)
	at org.apache.hadoop.fs.ozone.BasicOzoneFileSystem.getFileStatus(BasicOzoneFileSystem.java:757)
	at org.apache.hadoop.fs.ozone.TestOzoneFileSystem.checkPath(TestOzoneFileSystem.java:502)
	at org.apache.hadoop.fs.ozone.TestOzoneFileSystem.testRecursiveDelete(TestOzoneFileSystem.java:452)
	at sun.reflect.NativeMethodAccessorImpl.invoke0(Native Method)
	at sun.reflect.NativeMethodAccessorImpl.invoke(NativeMethodAccessorImpl.java:62)
	at sun.reflect.DelegatingMethodAccessorImpl.invoke(DelegatingMethodAccessorImpl.java:43)
	at java.lang.reflect.Method.invoke(Method.java:498)
	at org.junit.runners.model.FrameworkMethod$1.runReflectiveCall(FrameworkMethod.java:59)
	at org.junit.internal.runners.model.ReflectiveCallable.run(ReflectiveCallable.java:12)
	at org.junit.runners.model.FrameworkMethod.invokeExplosively(FrameworkMethod.java:56)
	at org.junit.internal.runners.statements.InvokeMethod.evaluate(InvokeMethod.java:17)
	at org.junit.internal.runners.statements.RunAfters.evaluate(RunAfters.java:27)
	at org.junit.internal.runners.statements.FailOnTimeout$CallableStatement.call(FailOnTimeout.java:288)
	at org.junit.internal.runners.statements.FailOnTimeout$CallableStatement.call(FailOnTimeout.java:282)
	at java.util.concurrent.FutureTask.run(FutureTask.java:266)
	at java.lang.Thread.run(Thread.java:750)
13:05:57.782 [IPC Server handler 14 on default port 44209] ERROR OMAudit - user=runner | ip=127.0.0.1 | op=GET_FILE_STATUS {volume=volume66281, bucket=bucket85504, key=gdir1/dir1, dataSize=0, replicationConfig=null} | ret=FAILURE
org.apache.hadoop.ozone.om.exceptions.OMException: Unable to get file status: volume: volume66281 bucket: bucket85504 key: gdir1/dir1
	at org.apache.hadoop.ozone.om.KeyManagerImpl.getOzoneFileStatus(KeyManagerImpl.java:1270) ~[ozone-manager-1.3.0-SNAPSHOT.jar:?]
	at org.apache.hadoop.ozone.om.KeyManagerImpl.getFileStatus(KeyManagerImpl.java:1200) ~[ozone-manager-1.3.0-SNAPSHOT.jar:?]
	at org.apache.hadoop.ozone.om.OzoneManager.getFileStatus(OzoneManager.java:3507) ~[ozone-manager-1.3.0-SNAPSHOT.jar:?]
	at org.apache.hadoop.ozone.protocolPB.OzoneManagerRequestHandler.getOzoneFileStatus(OzoneManagerRequestHandler.java:882) ~[ozone-manager-1.3.0-SNAPSHOT.jar:?]
	at org.apache.hadoop.ozone.protocolPB.OzoneManagerRequestHandler.handleReadRequest(OzoneManagerRequestHandler.java:228) ~[ozone-manager-1.3.0-SNAPSHOT.jar:?]
	at org.apache.hadoop.ozone.protocolPB.OzoneManagerProtocolServerSideTranslatorPB.submitRequestDirectlyToOM(OzoneManagerProtocolServerSideTranslatorPB.java:276) ~[ozone-manager-1.3.0-SNAPSHOT.jar:?]
	at org.apache.hadoop.ozone.protocolPB.OzoneManagerProtocolServerSideTranslatorPB.processRequest(OzoneManagerProtocolServerSideTranslatorPB.java:205) ~[ozone-manager-1.3.0-SNAPSHOT.jar:?]
	at org.apache.hadoop.hdds.server.OzoneProtocolMessageDispatcher.processRequest(OzoneProtocolMessageDispatcher.java:87) [hdds-server-framework-1.3.0-SNAPSHOT.jar:?]
	at org.apache.hadoop.ozone.protocolPB.OzoneManagerProtocolServerSideTranslatorPB.submitRequest(OzoneManagerProtocolServerSideTranslatorPB.java:147) [ozone-manager-1.3.0-SNAPSHOT.jar:?]
	at org.apache.hadoop.ozone.protocol.proto.OzoneManagerProtocolProtos$OzoneManagerService$2.callBlockingMethod(OzoneManagerProtocolProtos.java) [ozone-interface-client-1.3.0-SNAPSHOT.jar:?]
	at org.apache.hadoop.ipc.ProtobufRpcEngine$Server.processCall(ProtobufRpcEngine.java:466) [hadoop-common-3.3.1.jar:?]
	at org.apache.hadoop.ipc.ProtobufRpcEngine2$Server$ProtoBufRpcInvoker.call(ProtobufRpcEngine2.java:574) [hadoop-common-3.3.1.jar:?]
	at org.apache.hadoop.ipc.ProtobufRpcEngine2$Server$ProtoBufRpcInvoker.call(ProtobufRpcEngine2.java:552) [hadoop-common-3.3.1.jar:?]
	at org.apache.hadoop.ipc.RPC$Server.call(RPC.java:1093) [hadoop-common-3.3.1.jar:?]
	at org.apache.hadoop.ipc.Server$RpcCall.run(Server.java:1035) [hadoop-common-3.3.1.jar:?]
	at org.apache.hadoop.ipc.Server$RpcCall.run(Server.java:963) [hadoop-common-3.3.1.jar:?]
	at java.security.AccessController.doPrivileged(Native Method) ~[?:1.8.0_345]
	at javax.security.auth.Subject.doAs(Subject.java:422) [?:1.8.0_345]
	at org.apache.hadoop.security.UserGroupInformation.doAs(UserGroupInformation.java:1878) [hadoop-common-3.3.1.jar:?]
	at org.apache.hadoop.ipc.Server$Handler.run(Server.java:2966) [hadoop-common-3.3.1.jar:?]
2022-10-09 13:05:57,782 [Time-limited test] WARN  ozone.BasicOzoneFileSystem (BasicOzoneFileSystem.java:getFileStatus(765)) - GetFileStatus failed for path /gdir1/dir1
java.io.FileNotFoundException: gdir1/dir1: No such file or directory!
	at org.apache.hadoop.fs.ozone.BasicOzoneClientAdapterImpl.getFileStatus(BasicOzoneClientAdapterImpl.java:369)
	at org.apache.hadoop.fs.ozone.BasicOzoneFileSystem.getFileStatus(BasicOzoneFileSystem.java:757)
	at org.apache.hadoop.fs.ozone.TestOzoneFileSystem.checkPath(TestOzoneFileSystem.java:502)
	at org.apache.hadoop.fs.ozone.TestOzoneFileSystem.testRecursiveDelete(TestOzoneFileSystem.java:457)
	at sun.reflect.NativeMethodAccessorImpl.invoke0(Native Method)
	at sun.reflect.NativeMethodAccessorImpl.invoke(NativeMethodAccessorImpl.java:62)
	at sun.reflect.DelegatingMethodAccessorImpl.invoke(DelegatingMethodAccessorImpl.java:43)
	at java.lang.reflect.Method.invoke(Method.java:498)
	at org.junit.runners.model.FrameworkMethod$1.runReflectiveCall(FrameworkMethod.java:59)
	at org.junit.internal.runners.model.ReflectiveCallable.run(ReflectiveCallable.java:12)
	at org.junit.runners.model.FrameworkMethod.invokeExplosively(FrameworkMethod.java:56)
	at org.junit.internal.runners.statements.InvokeMethod.evaluate(InvokeMethod.java:17)
	at org.junit.internal.runners.statements.RunAfters.evaluate(RunAfters.java:27)
	at org.junit.internal.runners.statements.FailOnTimeout$CallableStatement.call(FailOnTimeout.java:288)
	at org.junit.internal.runners.statements.FailOnTimeout$CallableStatement.call(FailOnTimeout.java:282)
	at java.util.concurrent.FutureTask.run(FutureTask.java:266)
	at java.lang.Thread.run(Thread.java:750)
13:05:57.783 [IPC Server handler 0 on default port 44209] ERROR OMAudit - user=runner | ip=127.0.0.1 | op=GET_FILE_STATUS {volume=volume66281, bucket=bucket85504, key=gdir1/dir1/child, dataSize=0, replicationConfig=null} | ret=FAILURE
org.apache.hadoop.ozone.om.exceptions.OMException: Unable to get file status: volume: volume66281 bucket: bucket85504 key: gdir1/dir1/child
	at org.apache.hadoop.ozone.om.KeyManagerImpl.getOzoneFileStatus(KeyManagerImpl.java:1270) ~[ozone-manager-1.3.0-SNAPSHOT.jar:?]
	at org.apache.hadoop.ozone.om.KeyManagerImpl.getFileStatus(KeyManagerImpl.java:1200) ~[ozone-manager-1.3.0-SNAPSHOT.jar:?]
	at org.apache.hadoop.ozone.om.OzoneManager.getFileStatus(OzoneManager.java:3507) ~[ozone-manager-1.3.0-SNAPSHOT.jar:?]
	at org.apache.hadoop.ozone.protocolPB.OzoneManagerRequestHandler.getOzoneFileStatus(OzoneManagerRequestHandler.java:882) ~[ozone-manager-1.3.0-SNAPSHOT.jar:?]
	at org.apache.hadoop.ozone.protocolPB.OzoneManagerRequestHandler.handleReadRequest(OzoneManagerRequestHandler.java:228) ~[ozone-manager-1.3.0-SNAPSHOT.jar:?]
	at org.apache.hadoop.ozone.protocolPB.OzoneManagerProtocolServerSideTranslatorPB.submitRequestDirectlyToOM(OzoneManagerProtocolServerSideTranslatorPB.java:276) ~[ozone-manager-1.3.0-SNAPSHOT.jar:?]
	at org.apache.hadoop.ozone.protocolPB.OzoneManagerProtocolServerSideTranslatorPB.processRequest(OzoneManagerProtocolServerSideTranslatorPB.java:205) ~[ozone-manager-1.3.0-SNAPSHOT.jar:?]
	at org.apache.hadoop.hdds.server.OzoneProtocolMessageDispatcher.processRequest(OzoneProtocolMessageDispatcher.java:87) [hdds-server-framework-1.3.0-SNAPSHOT.jar:?]
	at org.apache.hadoop.ozone.protocolPB.OzoneManagerProtocolServerSideTranslatorPB.submitRequest(OzoneManagerProtocolServerSideTranslatorPB.java:147) [ozone-manager-1.3.0-SNAPSHOT.jar:?]
	at org.apache.hadoop.ozone.protocol.proto.OzoneManagerProtocolProtos$OzoneManagerService$2.callBlockingMethod(OzoneManagerProtocolProtos.java) [ozone-interface-client-1.3.0-SNAPSHOT.jar:?]
	at org.apache.hadoop.ipc.ProtobufRpcEngine$Server.processCall(ProtobufRpcEngine.java:466) [hadoop-common-3.3.1.jar:?]
	at org.apache.hadoop.ipc.ProtobufRpcEngine2$Server$ProtoBufRpcInvoker.call(ProtobufRpcEngine2.java:574) [hadoop-common-3.3.1.jar:?]
	at org.apache.hadoop.ipc.ProtobufRpcEngine2$Server$ProtoBufRpcInvoker.call(ProtobufRpcEngine2.java:552) [hadoop-common-3.3.1.jar:?]
	at org.apache.hadoop.ipc.RPC$Server.call(RPC.java:1093) [hadoop-common-3.3.1.jar:?]
	at org.apache.hadoop.ipc.Server$RpcCall.run(Server.java:1035) [hadoop-common-3.3.1.jar:?]
	at org.apache.hadoop.ipc.Server$RpcCall.run(Server.java:963) [hadoop-common-3.3.1.jar:?]
	at java.security.AccessController.doPrivileged(Native Method) ~[?:1.8.0_345]
	at javax.security.auth.Subject.doAs(Subject.java:422) [?:1.8.0_345]
	at org.apache.hadoop.security.UserGroupInformation.doAs(UserGroupInformation.java:1878) [hadoop-common-3.3.1.jar:?]
	at org.apache.hadoop.ipc.Server$Handler.run(Server.java:2966) [hadoop-common-3.3.1.jar:?]
2022-10-09 13:05:57,783 [Time-limited test] WARN  ozone.BasicOzoneFileSystem (BasicOzoneFileSystem.java:getFileStatus(765)) - GetFileStatus failed for path /gdir1/dir1/child
java.io.FileNotFoundException: gdir1/dir1/child: No such file or directory!
	at org.apache.hadoop.fs.ozone.BasicOzoneClientAdapterImpl.getFileStatus(BasicOzoneClientAdapterImpl.java:369)
	at org.apache.hadoop.fs.ozone.BasicOzoneFileSystem.getFileStatus(BasicOzoneFileSystem.java:757)
	at org.apache.hadoop.fs.ozone.TestOzoneFileSystem.checkPath(TestOzoneFileSystem.java:502)
	at org.apache.hadoop.fs.ozone.TestOzoneFileSystem.testRecursiveDelete(TestOzoneFileSystem.java:458)
	at sun.reflect.NativeMethodAccessorImpl.invoke0(Native Method)
	at sun.reflect.NativeMethodAccessorImpl.invoke(NativeMethodAccessorImpl.java:62)
	at sun.reflect.DelegatingMethodAccessorImpl.invoke(DelegatingMethodAccessorImpl.java:43)
	at java.lang.reflect.Method.invoke(Method.java:498)
	at org.junit.runners.model.FrameworkMethod$1.runReflectiveCall(FrameworkMethod.java:59)
	at org.junit.internal.runners.model.ReflectiveCallable.run(ReflectiveCallable.java:12)
	at org.junit.runners.model.FrameworkMethod.invokeExplosively(FrameworkMethod.java:56)
	at org.junit.internal.runners.statements.InvokeMethod.evaluate(InvokeMethod.java:17)
	at org.junit.internal.runners.statements.RunAfters.evaluate(RunAfters.java:27)
	at org.junit.internal.runners.statements.FailOnTimeout$CallableStatement.call(FailOnTimeout.java:288)
	at org.junit.internal.runners.statements.FailOnTimeout$CallableStatement.call(FailOnTimeout.java:282)
	at java.util.concurrent.FutureTask.run(FutureTask.java:266)
	at java.lang.Thread.run(Thread.java:750)
13:05:57.784 [IPC Server handler 4 on default port 44209] ERROR OMAudit - user=runner | ip=127.0.0.1 | op=GET_FILE_STATUS {volume=volume66281, bucket=bucket85504, key=gdir1/dir2, dataSize=0, replicationConfig=null} | ret=FAILURE
org.apache.hadoop.ozone.om.exceptions.OMException: Unable to get file status: volume: volume66281 bucket: bucket85504 key: gdir1/dir2
	at org.apache.hadoop.ozone.om.KeyManagerImpl.getOzoneFileStatus(KeyManagerImpl.java:1270) ~[ozone-manager-1.3.0-SNAPSHOT.jar:?]
	at org.apache.hadoop.ozone.om.KeyManagerImpl.getFileStatus(KeyManagerImpl.java:1200) ~[ozone-manager-1.3.0-SNAPSHOT.jar:?]
	at org.apache.hadoop.ozone.om.OzoneManager.getFileStatus(OzoneManager.java:3507) ~[ozone-manager-1.3.0-SNAPSHOT.jar:?]
	at org.apache.hadoop.ozone.protocolPB.OzoneManagerRequestHandler.getOzoneFileStatus(OzoneManagerRequestHandler.java:882) ~[ozone-manager-1.3.0-SNAPSHOT.jar:?]
	at org.apache.hadoop.ozone.protocolPB.OzoneManagerRequestHandler.handleReadRequest(OzoneManagerRequestHandler.java:228) ~[ozone-manager-1.3.0-SNAPSHOT.jar:?]
	at org.apache.hadoop.ozone.protocolPB.OzoneManagerProtocolServerSideTranslatorPB.submitRequestDirectlyToOM(OzoneManagerProtocolServerSideTranslatorPB.java:276) ~[ozone-manager-1.3.0-SNAPSHOT.jar:?]
	at org.apache.hadoop.ozone.protocolPB.OzoneManagerProtocolServerSideTranslatorPB.processRequest(OzoneManagerProtocolServerSideTranslatorPB.java:205) ~[ozone-manager-1.3.0-SNAPSHOT.jar:?]
	at org.apache.hadoop.hdds.server.OzoneProtocolMessageDispatcher.processRequest(OzoneProtocolMessageDispatcher.java:87) [hdds-server-framework-1.3.0-SNAPSHOT.jar:?]
	at org.apache.hadoop.ozone.protocolPB.OzoneManagerProtocolServerSideTranslatorPB.submitRequest(OzoneManagerProtocolServerSideTranslatorPB.java:147) [ozone-manager-1.3.0-SNAPSHOT.jar:?]
	at org.apache.hadoop.ozone.protocol.proto.OzoneManagerProtocolProtos$OzoneManagerService$2.callBlockingMethod(OzoneManagerProtocolProtos.java) [ozone-interface-client-1.3.0-SNAPSHOT.jar:?]
	at org.apache.hadoop.ipc.ProtobufRpcEngine$Server.processCall(ProtobufRpcEngine.java:466) [hadoop-common-3.3.1.jar:?]
	at org.apache.hadoop.ipc.ProtobufRpcEngine2$Server$ProtoBufRpcInvoker.call(ProtobufRpcEngine2.java:574) [hadoop-common-3.3.1.jar:?]
	at org.apache.hadoop.ipc.ProtobufRpcEngine2$Server$ProtoBufRpcInvoker.call(ProtobufRpcEngine2.java:552) [hadoop-common-3.3.1.jar:?]
	at org.apache.hadoop.ipc.RPC$Server.call(RPC.java:1093) [hadoop-common-3.3.1.jar:?]
	at org.apache.hadoop.ipc.Server$RpcCall.run(Server.java:1035) [hadoop-common-3.3.1.jar:?]
	at org.apache.hadoop.ipc.Server$RpcCall.run(Server.java:963) [hadoop-common-3.3.1.jar:?]
	at java.security.AccessController.doPrivileged(Native Method) ~[?:1.8.0_345]
	at javax.security.auth.Subject.doAs(Subject.java:422) [?:1.8.0_345]
	at org.apache.hadoop.security.UserGroupInformation.doAs(UserGroupInformation.java:1878) [hadoop-common-3.3.1.jar:?]
	at org.apache.hadoop.ipc.Server$Handler.run(Server.java:2966) [hadoop-common-3.3.1.jar:?]
2022-10-09 13:05:57,784 [Time-limited test] WARN  ozone.BasicOzoneFileSystem (BasicOzoneFileSystem.java:getFileStatus(765)) - GetFileStatus failed for path /gdir1/dir2
java.io.FileNotFoundException: gdir1/dir2: No such file or directory!
	at org.apache.hadoop.fs.ozone.BasicOzoneClientAdapterImpl.getFileStatus(BasicOzoneClientAdapterImpl.java:369)
	at org.apache.hadoop.fs.ozone.BasicOzoneFileSystem.getFileStatus(BasicOzoneFileSystem.java:757)
	at org.apache.hadoop.fs.ozone.TestOzoneFileSystem.checkPath(TestOzoneFileSystem.java:502)
	at org.apache.hadoop.fs.ozone.TestOzoneFileSystem.testRecursiveDelete(TestOzoneFileSystem.java:457)
	at sun.reflect.NativeMethodAccessorImpl.invoke0(Native Method)
	at sun.reflect.NativeMethodAccessorImpl.invoke(NativeMethodAccessorImpl.java:62)
	at sun.reflect.DelegatingMethodAccessorImpl.invoke(DelegatingMethodAccessorImpl.java:43)
	at java.lang.reflect.Method.invoke(Method.java:498)
	at org.junit.runners.model.FrameworkMethod$1.runReflectiveCall(FrameworkMethod.java:59)
	at org.junit.internal.runners.model.ReflectiveCallable.run(ReflectiveCallable.java:12)
	at org.junit.runners.model.FrameworkMethod.invokeExplosively(FrameworkMethod.java:56)
	at org.junit.internal.runners.statements.InvokeMethod.evaluate(InvokeMethod.java:17)
	at org.junit.internal.runners.statements.RunAfters.evaluate(RunAfters.java:27)
	at org.junit.internal.runners.statements.FailOnTimeout$CallableStatement.call(FailOnTimeout.java:288)
	at org.junit.internal.runners.statements.FailOnTimeout$CallableStatement.call(FailOnTimeout.java:282)
	at java.util.concurrent.FutureTask.run(FutureTask.java:266)
	at java.lang.Thread.run(Thread.java:750)
13:05:57.784 [IPC Server handler 18 on default port 44209] ERROR OMAudit - user=runner | ip=127.0.0.1 | op=GET_FILE_STATUS {volume=volume66281, bucket=bucket85504, key=gdir1/dir2/child, dataSize=0, replicationConfig=null} | ret=FAILURE
org.apache.hadoop.ozone.om.exceptions.OMException: Unable to get file status: volume: volume66281 bucket: bucket85504 key: gdir1/dir2/child
	at org.apache.hadoop.ozone.om.KeyManagerImpl.getOzoneFileStatus(KeyManagerImpl.java:1270) ~[ozone-manager-1.3.0-SNAPSHOT.jar:?]
	at org.apache.hadoop.ozone.om.KeyManagerImpl.getFileStatus(KeyManagerImpl.java:1200) ~[ozone-manager-1.3.0-SNAPSHOT.jar:?]
	at org.apache.hadoop.ozone.om.OzoneManager.getFileStatus(OzoneManager.java:3507) ~[ozone-manager-1.3.0-SNAPSHOT.jar:?]
	at org.apache.hadoop.ozone.protocolPB.OzoneManagerRequestHandler.getOzoneFileStatus(OzoneManagerRequestHandler.java:882) ~[ozone-manager-1.3.0-SNAPSHOT.jar:?]
	at org.apache.hadoop.ozone.protocolPB.OzoneManagerRequestHandler.handleReadRequest(OzoneManagerRequestHandler.java:228) ~[ozone-manager-1.3.0-SNAPSHOT.jar:?]
	at org.apache.hadoop.ozone.protocolPB.OzoneManagerProtocolServerSideTranslatorPB.submitRequestDirectlyToOM(OzoneManagerProtocolServerSideTranslatorPB.java:276) ~[ozone-manager-1.3.0-SNAPSHOT.jar:?]
	at org.apache.hadoop.ozone.protocolPB.OzoneManagerProtocolServerSideTranslatorPB.processRequest(OzoneManagerProtocolServerSideTranslatorPB.java:205) ~[ozone-manager-1.3.0-SNAPSHOT.jar:?]
	at org.apache.hadoop.hdds.server.OzoneProtocolMessageDispatcher.processRequest(OzoneProtocolMessageDispatcher.java:87) [hdds-server-framework-1.3.0-SNAPSHOT.jar:?]
	at org.apache.hadoop.ozone.protocolPB.OzoneManagerProtocolServerSideTranslatorPB.submitRequest(OzoneManagerProtocolServerSideTranslatorPB.java:147) [ozone-manager-1.3.0-SNAPSHOT.jar:?]
	at org.apache.hadoop.ozone.protocol.proto.OzoneManagerProtocolProtos$OzoneManagerService$2.callBlockingMethod(OzoneManagerProtocolProtos.java) [ozone-interface-client-1.3.0-SNAPSHOT.jar:?]
	at org.apache.hadoop.ipc.ProtobufRpcEngine$Server.processCall(ProtobufRpcEngine.java:466) [hadoop-common-3.3.1.jar:?]
	at org.apache.hadoop.ipc.ProtobufRpcEngine2$Server$ProtoBufRpcInvoker.call(ProtobufRpcEngine2.java:574) [hadoop-common-3.3.1.jar:?]
	at org.apache.hadoop.ipc.ProtobufRpcEngine2$Server$ProtoBufRpcInvoker.call(ProtobufRpcEngine2.java:552) [hadoop-common-3.3.1.jar:?]
	at org.apache.hadoop.ipc.RPC$Server.call(RPC.java:1093) [hadoop-common-3.3.1.jar:?]
	at org.apache.hadoop.ipc.Server$RpcCall.run(Server.java:1035) [hadoop-common-3.3.1.jar:?]
	at org.apache.hadoop.ipc.Server$RpcCall.run(Server.java:963) [hadoop-common-3.3.1.jar:?]
	at java.security.AccessController.doPrivileged(Native Method) ~[?:1.8.0_345]
	at javax.security.auth.Subject.doAs(Subject.java:422) [?:1.8.0_345]
	at org.apache.hadoop.security.UserGroupInformation.doAs(UserGroupInformation.java:1878) [hadoop-common-3.3.1.jar:?]
	at org.apache.hadoop.ipc.Server$Handler.run(Server.java:2966) [hadoop-common-3.3.1.jar:?]
2022-10-09 13:05:57,785 [Time-limited test] WARN  ozone.BasicOzoneFileSystem (BasicOzoneFileSystem.java:getFileStatus(765)) - GetFileStatus failed for path /gdir1/dir2/child
java.io.FileNotFoundException: gdir1/dir2/child: No such file or directory!
	at org.apache.hadoop.fs.ozone.BasicOzoneClientAdapterImpl.getFileStatus(BasicOzoneClientAdapterImpl.java:369)
	at org.apache.hadoop.fs.ozone.BasicOzoneFileSystem.getFileStatus(BasicOzoneFileSystem.java:757)
	at org.apache.hadoop.fs.ozone.TestOzoneFileSystem.checkPath(TestOzoneFileSystem.java:502)
	at org.apache.hadoop.fs.ozone.TestOzoneFileSystem.testRecursiveDelete(TestOzoneFileSystem.java:458)
	at sun.reflect.NativeMethodAccessorImpl.invoke0(Native Method)
	at sun.reflect.NativeMethodAccessorImpl.invoke(NativeMethodAccessorImpl.java:62)
	at sun.reflect.DelegatingMethodAccessorImpl.invoke(DelegatingMethodAccessorImpl.java:43)
	at java.lang.reflect.Method.invoke(Method.java:498)
	at org.junit.runners.model.FrameworkMethod$1.runReflectiveCall(FrameworkMethod.java:59)
	at org.junit.internal.runners.model.ReflectiveCallable.run(ReflectiveCallable.java:12)
	at org.junit.runners.model.FrameworkMethod.invokeExplosively(FrameworkMethod.java:56)
	at org.junit.internal.runners.statements.InvokeMethod.evaluate(InvokeMethod.java:17)
	at org.junit.internal.runners.statements.RunAfters.evaluate(RunAfters.java:27)
	at org.junit.internal.runners.statements.FailOnTimeout$CallableStatement.call(FailOnTimeout.java:288)
	at org.junit.internal.runners.statements.FailOnTimeout$CallableStatement.call(FailOnTimeout.java:282)
	at java.util.concurrent.FutureTask.run(FutureTask.java:266)
	at java.lang.Thread.run(Thread.java:750)
13:05:57.785 [IPC Server handler 9 on default port 44209] ERROR OMAudit - user=runner | ip=127.0.0.1 | op=GET_FILE_STATUS {volume=volume66281, bucket=bucket85504, key=gdir1/dir3, dataSize=0, replicationConfig=null} | ret=FAILURE
org.apache.hadoop.ozone.om.exceptions.OMException: Unable to get file status: volume: volume66281 bucket: bucket85504 key: gdir1/dir3
	at org.apache.hadoop.ozone.om.KeyManagerImpl.getOzoneFileStatus(KeyManagerImpl.java:1270) ~[ozone-manager-1.3.0-SNAPSHOT.jar:?]
	at org.apache.hadoop.ozone.om.KeyManagerImpl.getFileStatus(KeyManagerImpl.java:1200) ~[ozone-manager-1.3.0-SNAPSHOT.jar:?]
	at org.apache.hadoop.ozone.om.OzoneManager.getFileStatus(OzoneManager.java:3507) ~[ozone-manager-1.3.0-SNAPSHOT.jar:?]
	at org.apache.hadoop.ozone.protocolPB.OzoneManagerRequestHandler.getOzoneFileStatus(OzoneManagerRequestHandler.java:882) ~[ozone-manager-1.3.0-SNAPSHOT.jar:?]
	at org.apache.hadoop.ozone.protocolPB.OzoneManagerRequestHandler.handleReadRequest(OzoneManagerRequestHandler.java:228) ~[ozone-manager-1.3.0-SNAPSHOT.jar:?]
	at org.apache.hadoop.ozone.protocolPB.OzoneManagerProtocolServerSideTranslatorPB.submitRequestDirectlyToOM(OzoneManagerProtocolServerSideTranslatorPB.java:276) ~[ozone-manager-1.3.0-SNAPSHOT.jar:?]
	at org.apache.hadoop.ozone.protocolPB.OzoneManagerProtocolServerSideTranslatorPB.processRequest(OzoneManagerProtocolServerSideTranslatorPB.java:205) ~[ozone-manager-1.3.0-SNAPSHOT.jar:?]
	at org.apache.hadoop.hdds.server.OzoneProtocolMessageDispatcher.processRequest(OzoneProtocolMessageDispatcher.java:87) [hdds-server-framework-1.3.0-SNAPSHOT.jar:?]
	at org.apache.hadoop.ozone.protocolPB.OzoneManagerProtocolServerSideTranslatorPB.submitRequest(OzoneManagerProtocolServerSideTranslatorPB.java:147) [ozone-manager-1.3.0-SNAPSHOT.jar:?]
	at org.apache.hadoop.ozone.protocol.proto.OzoneManagerProtocolProtos$OzoneManagerService$2.callBlockingMethod(OzoneManagerProtocolProtos.java) [ozone-interface-client-1.3.0-SNAPSHOT.jar:?]
	at org.apache.hadoop.ipc.ProtobufRpcEngine$Server.processCall(ProtobufRpcEngine.java:466) [hadoop-common-3.3.1.jar:?]
	at org.apache.hadoop.ipc.ProtobufRpcEngine2$Server$ProtoBufRpcInvoker.call(ProtobufRpcEngine2.java:574) [hadoop-common-3.3.1.jar:?]
	at org.apache.hadoop.ipc.ProtobufRpcEngine2$Server$ProtoBufRpcInvoker.call(ProtobufRpcEngine2.java:552) [hadoop-common-3.3.1.jar:?]
	at org.apache.hadoop.ipc.RPC$Server.call(RPC.java:1093) [hadoop-common-3.3.1.jar:?]
	at org.apache.hadoop.ipc.Server$RpcCall.run(Server.java:1035) [hadoop-common-3.3.1.jar:?]
	at org.apache.hadoop.ipc.Server$RpcCall.run(Server.java:963) [hadoop-common-3.3.1.jar:?]
	at java.security.AccessController.doPrivileged(Native Method) ~[?:1.8.0_345]
	at javax.security.auth.Subject.doAs(Subject.java:422) [?:1.8.0_345]
	at org.apache.hadoop.security.UserGroupInformation.doAs(UserGroupInformation.java:1878) [hadoop-common-3.3.1.jar:?]
	at org.apache.hadoop.ipc.Server$Handler.run(Server.java:2966) [hadoop-common-3.3.1.jar:?]
2022-10-09 13:05:57,786 [Time-limited test] WARN  ozone.BasicOzoneFileSystem (BasicOzoneFileSystem.java:getFileStatus(765)) - GetFileStatus failed for path /gdir1/dir3
java.io.FileNotFoundException: gdir1/dir3: No such file or directory!
	at org.apache.hadoop.fs.ozone.BasicOzoneClientAdapterImpl.getFileStatus(BasicOzoneClientAdapterImpl.java:369)
	at org.apache.hadoop.fs.ozone.BasicOzoneFileSystem.getFileStatus(BasicOzoneFileSystem.java:757)
	at org.apache.hadoop.fs.ozone.TestOzoneFileSystem.checkPath(TestOzoneFileSystem.java:502)
	at org.apache.hadoop.fs.ozone.TestOzoneFileSystem.testRecursiveDelete(TestOzoneFileSystem.java:457)
	at sun.reflect.NativeMethodAccessorImpl.invoke0(Native Method)
	at sun.reflect.NativeMethodAccessorImpl.invoke(NativeMethodAccessorImpl.java:62)
	at sun.reflect.DelegatingMethodAccessorImpl.invoke(DelegatingMethodAccessorImpl.java:43)
	at java.lang.reflect.Method.invoke(Method.java:498)
	at org.junit.runners.model.FrameworkMethod$1.runReflectiveCall(FrameworkMethod.java:59)
	at org.junit.internal.runners.model.ReflectiveCallable.run(ReflectiveCallable.java:12)
	at org.junit.runners.model.FrameworkMethod.invokeExplosively(FrameworkMethod.java:56)
	at org.junit.internal.runners.statements.InvokeMethod.evaluate(InvokeMethod.java:17)
	at org.junit.internal.runners.statements.RunAfters.evaluate(RunAfters.java:27)
	at org.junit.internal.runners.statements.FailOnTimeout$CallableStatement.call(FailOnTimeout.java:288)
	at org.junit.internal.runners.statements.FailOnTimeout$CallableStatement.call(FailOnTimeout.java:282)
	at java.util.concurrent.FutureTask.run(FutureTask.java:266)
	at java.lang.Thread.run(Thread.java:750)
13:05:57.786 [IPC Server handler 2 on default port 44209] ERROR OMAudit - user=runner | ip=127.0.0.1 | op=GET_FILE_STATUS {volume=volume66281, bucket=bucket85504, key=gdir1/dir3/child, dataSize=0, replicationConfig=null} | ret=FAILURE
org.apache.hadoop.ozone.om.exceptions.OMException: Unable to get file status: volume: volume66281 bucket: bucket85504 key: gdir1/dir3/child
	at org.apache.hadoop.ozone.om.KeyManagerImpl.getOzoneFileStatus(KeyManagerImpl.java:1270) ~[ozone-manager-1.3.0-SNAPSHOT.jar:?]
	at org.apache.hadoop.ozone.om.KeyManagerImpl.getFileStatus(KeyManagerImpl.java:1200) ~[ozone-manager-1.3.0-SNAPSHOT.jar:?]
	at org.apache.hadoop.ozone.om.OzoneManager.getFileStatus(OzoneManager.java:3507) ~[ozone-manager-1.3.0-SNAPSHOT.jar:?]
	at org.apache.hadoop.ozone.protocolPB.OzoneManagerRequestHandler.getOzoneFileStatus(OzoneManagerRequestHandler.java:882) ~[ozone-manager-1.3.0-SNAPSHOT.jar:?]
	at org.apache.hadoop.ozone.protocolPB.OzoneManagerRequestHandler.handleReadRequest(OzoneManagerRequestHandler.java:228) ~[ozone-manager-1.3.0-SNAPSHOT.jar:?]
	at org.apache.hadoop.ozone.protocolPB.OzoneManagerProtocolServerSideTranslatorPB.submitRequestDirectlyToOM(OzoneManagerProtocolServerSideTranslatorPB.java:276) ~[ozone-manager-1.3.0-SNAPSHOT.jar:?]
	at org.apache.hadoop.ozone.protocolPB.OzoneManagerProtocolServerSideTranslatorPB.processRequest(OzoneManagerProtocolServerSideTranslatorPB.java:205) ~[ozone-manager-1.3.0-SNAPSHOT.jar:?]
	at org.apache.hadoop.hdds.server.OzoneProtocolMessageDispatcher.processRequest(OzoneProtocolMessageDispatcher.java:87) [hdds-server-framework-1.3.0-SNAPSHOT.jar:?]
	at org.apache.hadoop.ozone.protocolPB.OzoneManagerProtocolServerSideTranslatorPB.submitRequest(OzoneManagerProtocolServerSideTranslatorPB.java:147) [ozone-manager-1.3.0-SNAPSHOT.jar:?]
	at org.apache.hadoop.ozone.protocol.proto.OzoneManagerProtocolProtos$OzoneManagerService$2.callBlockingMethod(OzoneManagerProtocolProtos.java) [ozone-interface-client-1.3.0-SNAPSHOT.jar:?]
	at org.apache.hadoop.ipc.ProtobufRpcEngine$Server.processCall(ProtobufRpcEngine.java:466) [hadoop-common-3.3.1.jar:?]
	at org.apache.hadoop.ipc.ProtobufRpcEngine2$Server$ProtoBufRpcInvoker.call(ProtobufRpcEngine2.java:574) [hadoop-common-3.3.1.jar:?]
	at org.apache.hadoop.ipc.ProtobufRpcEngine2$Server$ProtoBufRpcInvoker.call(ProtobufRpcEngine2.java:552) [hadoop-common-3.3.1.jar:?]
	at org.apache.hadoop.ipc.RPC$Server.call(RPC.java:1093) [hadoop-common-3.3.1.jar:?]
	at org.apache.hadoop.ipc.Server$RpcCall.run(Server.java:1035) [hadoop-common-3.3.1.jar:?]
	at org.apache.hadoop.ipc.Server$RpcCall.run(Server.java:963) [hadoop-common-3.3.1.jar:?]
	at java.security.AccessController.doPrivileged(Native Method) ~[?:1.8.0_345]
	at javax.security.auth.Subject.doAs(Subject.java:422) [?:1.8.0_345]
	at org.apache.hadoop.security.UserGroupInformation.doAs(UserGroupInformation.java:1878) [hadoop-common-3.3.1.jar:?]
	at org.apache.hadoop.ipc.Server$Handler.run(Server.java:2966) [hadoop-common-3.3.1.jar:?]
2022-10-09 13:05:57,786 [Time-limited test] WARN  ozone.BasicOzoneFileSystem (BasicOzoneFileSystem.java:getFileStatus(765)) - GetFileStatus failed for path /gdir1/dir3/child
java.io.FileNotFoundException: gdir1/dir3/child: No such file or directory!
	at org.apache.hadoop.fs.ozone.BasicOzoneClientAdapterImpl.getFileStatus(BasicOzoneClientAdapterImpl.java:369)
	at org.apache.hadoop.fs.ozone.BasicOzoneFileSystem.getFileStatus(BasicOzoneFileSystem.java:757)
	at org.apache.hadoop.fs.ozone.TestOzoneFileSystem.checkPath(TestOzoneFileSystem.java:502)
	at org.apache.hadoop.fs.ozone.TestOzoneFileSystem.testRecursiveDelete(TestOzoneFileSystem.java:458)
	at sun.reflect.NativeMethodAccessorImpl.invoke0(Native Method)
	at sun.reflect.NativeMethodAccessorImpl.invoke(NativeMethodAccessorImpl.java:62)
	at sun.reflect.DelegatingMethodAccessorImpl.invoke(DelegatingMethodAccessorImpl.java:43)
	at java.lang.reflect.Method.invoke(Method.java:498)
	at org.junit.runners.model.FrameworkMethod$1.runReflectiveCall(FrameworkMethod.java:59)
	at org.junit.internal.runners.model.ReflectiveCallable.run(ReflectiveCallable.java:12)
	at org.junit.runners.model.FrameworkMethod.invokeExplosively(FrameworkMethod.java:56)
	at org.junit.internal.runners.statements.InvokeMethod.evaluate(InvokeMethod.java:17)
	at org.junit.internal.runners.statements.RunAfters.evaluate(RunAfters.java:27)
	at org.junit.internal.runners.statements.FailOnTimeout$CallableStatement.call(FailOnTimeout.java:288)
	at org.junit.internal.runners.statements.FailOnTimeout$CallableStatement.call(FailOnTimeout.java:282)
	at java.util.concurrent.FutureTask.run(FutureTask.java:266)
	at java.lang.Thread.run(Thread.java:750)
13:05:57.787 [IPC Server handler 3 on default port 44209] ERROR OMAudit - user=runner | ip=127.0.0.1 | op=GET_FILE_STATUS {volume=volume66281, bucket=bucket85504, key=gdir1/dir4, dataSize=0, replicationConfig=null} | ret=FAILURE
org.apache.hadoop.ozone.om.exceptions.OMException: Unable to get file status: volume: volume66281 bucket: bucket85504 key: gdir1/dir4
	at org.apache.hadoop.ozone.om.KeyManagerImpl.getOzoneFileStatus(KeyManagerImpl.java:1270) ~[ozone-manager-1.3.0-SNAPSHOT.jar:?]
	at org.apache.hadoop.ozone.om.KeyManagerImpl.getFileStatus(KeyManagerImpl.java:1200) ~[ozone-manager-1.3.0-SNAPSHOT.jar:?]
	at org.apache.hadoop.ozone.om.OzoneManager.getFileStatus(OzoneManager.java:3507) ~[ozone-manager-1.3.0-SNAPSHOT.jar:?]
	at org.apache.hadoop.ozone.protocolPB.OzoneManagerRequestHandler.getOzoneFileStatus(OzoneManagerRequestHandler.java:882) ~[ozone-manager-1.3.0-SNAPSHOT.jar:?]
	at org.apache.hadoop.ozone.protocolPB.OzoneManagerRequestHandler.handleReadRequest(OzoneManagerRequestHandler.java:228) ~[ozone-manager-1.3.0-SNAPSHOT.jar:?]
	at org.apache.hadoop.ozone.protocolPB.OzoneManagerProtocolServerSideTranslatorPB.submitRequestDirectlyToOM(OzoneManagerProtocolServerSideTranslatorPB.java:276) ~[ozone-manager-1.3.0-SNAPSHOT.jar:?]
	at org.apache.hadoop.ozone.protocolPB.OzoneManagerProtocolServerSideTranslatorPB.processRequest(OzoneManagerProtocolServerSideTranslatorPB.java:205) ~[ozone-manager-1.3.0-SNAPSHOT.jar:?]
	at org.apache.hadoop.hdds.server.OzoneProtocolMessageDispatcher.processRequest(OzoneProtocolMessageDispatcher.java:87) [hdds-server-framework-1.3.0-SNAPSHOT.jar:?]
	at org.apache.hadoop.ozone.protocolPB.OzoneManagerProtocolServerSideTranslatorPB.submitRequest(OzoneManagerProtocolServerSideTranslatorPB.java:147) [ozone-manager-1.3.0-SNAPSHOT.jar:?]
	at org.apache.hadoop.ozone.protocol.proto.OzoneManagerProtocolProtos$OzoneManagerService$2.callBlockingMethod(OzoneManagerProtocolProtos.java) [ozone-interface-client-1.3.0-SNAPSHOT.jar:?]
	at org.apache.hadoop.ipc.ProtobufRpcEngine$Server.processCall(ProtobufRpcEngine.java:466) [hadoop-common-3.3.1.jar:?]
	at org.apache.hadoop.ipc.ProtobufRpcEngine2$Server$ProtoBufRpcInvoker.call(ProtobufRpcEngine2.java:574) [hadoop-common-3.3.1.jar:?]
	at org.apache.hadoop.ipc.ProtobufRpcEngine2$Server$ProtoBufRpcInvoker.call(ProtobufRpcEngine2.java:552) [hadoop-common-3.3.1.jar:?]
	at org.apache.hadoop.ipc.RPC$Server.call(RPC.java:1093) [hadoop-common-3.3.1.jar:?]
	at org.apache.hadoop.ipc.Server$RpcCall.run(Server.java:1035) [hadoop-common-3.3.1.jar:?]
	at org.apache.hadoop.ipc.Server$RpcCall.run(Server.java:963) [hadoop-common-3.3.1.jar:?]
	at java.security.AccessController.doPrivileged(Native Method) ~[?:1.8.0_345]
	at javax.security.auth.Subject.doAs(Subject.java:422) [?:1.8.0_345]
	at org.apache.hadoop.security.UserGroupInformation.doAs(UserGroupInformation.java:1878) [hadoop-common-3.3.1.jar:?]
	at org.apache.hadoop.ipc.Server$Handler.run(Server.java:2966) [hadoop-common-3.3.1.jar:?]
2022-10-09 13:05:57,787 [Time-limited test] WARN  ozone.BasicOzoneFileSystem (BasicOzoneFileSystem.java:getFileStatus(765)) - GetFileStatus failed for path /gdir1/dir4
java.io.FileNotFoundException: gdir1/dir4: No such file or directory!
	at org.apache.hadoop.fs.ozone.BasicOzoneClientAdapterImpl.getFileStatus(BasicOzoneClientAdapterImpl.java:369)
	at org.apache.hadoop.fs.ozone.BasicOzoneFileSystem.getFileStatus(BasicOzoneFileSystem.java:757)
	at org.apache.hadoop.fs.ozone.TestOzoneFileSystem.checkPath(TestOzoneFileSystem.java:502)
	at org.apache.hadoop.fs.ozone.TestOzoneFileSystem.testRecursiveDelete(TestOzoneFileSystem.java:457)
	at sun.reflect.NativeMethodAccessorImpl.invoke0(Native Method)
	at sun.reflect.NativeMethodAccessorImpl.invoke(NativeMethodAccessorImpl.java:62)
	at sun.reflect.DelegatingMethodAccessorImpl.invoke(DelegatingMethodAccessorImpl.java:43)
	at java.lang.reflect.Method.invoke(Method.java:498)
	at org.junit.runners.model.FrameworkMethod$1.runReflectiveCall(FrameworkMethod.java:59)
	at org.junit.internal.runners.model.ReflectiveCallable.run(ReflectiveCallable.java:12)
	at org.junit.runners.model.FrameworkMethod.invokeExplosively(FrameworkMethod.java:56)
	at org.junit.internal.runners.statements.InvokeMethod.evaluate(InvokeMethod.java:17)
	at org.junit.internal.runners.statements.RunAfters.evaluate(RunAfters.java:27)
	at org.junit.internal.runners.statements.FailOnTimeout$CallableStatement.call(FailOnTimeout.java:288)
	at org.junit.internal.runners.statements.FailOnTimeout$CallableStatement.call(FailOnTimeout.java:282)
	at java.util.concurrent.FutureTask.run(FutureTask.java:266)
	at java.lang.Thread.run(Thread.java:750)
13:05:57.788 [IPC Server handler 8 on default port 44209] ERROR OMAudit - user=runner | ip=127.0.0.1 | op=GET_FILE_STATUS {volume=volume66281, bucket=bucket85504, key=gdir1/dir4/child, dataSize=0, replicationConfig=null} | ret=FAILURE
org.apache.hadoop.ozone.om.exceptions.OMException: Unable to get file status: volume: volume66281 bucket: bucket85504 key: gdir1/dir4/child
	at org.apache.hadoop.ozone.om.KeyManagerImpl.getOzoneFileStatus(KeyManagerImpl.java:1270) ~[ozone-manager-1.3.0-SNAPSHOT.jar:?]
	at org.apache.hadoop.ozone.om.KeyManagerImpl.getFileStatus(KeyManagerImpl.java:1200) ~[ozone-manager-1.3.0-SNAPSHOT.jar:?]
	at org.apache.hadoop.ozone.om.OzoneManager.getFileStatus(OzoneManager.java:3507) ~[ozone-manager-1.3.0-SNAPSHOT.jar:?]
	at org.apache.hadoop.ozone.protocolPB.OzoneManagerRequestHandler.getOzoneFileStatus(OzoneManagerRequestHandler.java:882) ~[ozone-manager-1.3.0-SNAPSHOT.jar:?]
	at org.apache.hadoop.ozone.protocolPB.OzoneManagerRequestHandler.handleReadRequest(OzoneManagerRequestHandler.java:228) ~[ozone-manager-1.3.0-SNAPSHOT.jar:?]
	at org.apache.hadoop.ozone.protocolPB.OzoneManagerProtocolServerSideTranslatorPB.submitRequestDirectlyToOM(OzoneManagerProtocolServerSideTranslatorPB.java:276) ~[ozone-manager-1.3.0-SNAPSHOT.jar:?]
	at org.apache.hadoop.ozone.protocolPB.OzoneManagerProtocolServerSideTranslatorPB.processRequest(OzoneManagerProtocolServerSideTranslatorPB.java:205) ~[ozone-manager-1.3.0-SNAPSHOT.jar:?]
	at org.apache.hadoop.hdds.server.OzoneProtocolMessageDispatcher.processRequest(OzoneProtocolMessageDispatcher.java:87) [hdds-server-framework-1.3.0-SNAPSHOT.jar:?]
	at org.apache.hadoop.ozone.protocolPB.OzoneManagerProtocolServerSideTranslatorPB.submitRequest(OzoneManagerProtocolServerSideTranslatorPB.java:147) [ozone-manager-1.3.0-SNAPSHOT.jar:?]
	at org.apache.hadoop.ozone.protocol.proto.OzoneManagerProtocolProtos$OzoneManagerService$2.callBlockingMethod(OzoneManagerProtocolProtos.java) [ozone-interface-client-1.3.0-SNAPSHOT.jar:?]
	at org.apache.hadoop.ipc.ProtobufRpcEngine$Server.processCall(ProtobufRpcEngine.java:466) [hadoop-common-3.3.1.jar:?]
	at org.apache.hadoop.ipc.ProtobufRpcEngine2$Server$ProtoBufRpcInvoker.call(ProtobufRpcEngine2.java:574) [hadoop-common-3.3.1.jar:?]
	at org.apache.hadoop.ipc.ProtobufRpcEngine2$Server$ProtoBufRpcInvoker.call(ProtobufRpcEngine2.java:552) [hadoop-common-3.3.1.jar:?]
	at org.apache.hadoop.ipc.RPC$Server.call(RPC.java:1093) [hadoop-common-3.3.1.jar:?]
	at org.apache.hadoop.ipc.Server$RpcCall.run(Server.java:1035) [hadoop-common-3.3.1.jar:?]
	at org.apache.hadoop.ipc.Server$RpcCall.run(Server.java:963) [hadoop-common-3.3.1.jar:?]
	at java.security.AccessController.doPrivileged(Native Method) ~[?:1.8.0_345]
	at javax.security.auth.Subject.doAs(Subject.java:422) [?:1.8.0_345]
	at org.apache.hadoop.security.UserGroupInformation.doAs(UserGroupInformation.java:1878) [hadoop-common-3.3.1.jar:?]
	at org.apache.hadoop.ipc.Server$Handler.run(Server.java:2966) [hadoop-common-3.3.1.jar:?]
2022-10-09 13:05:57,788 [Time-limited test] WARN  ozone.BasicOzoneFileSystem (BasicOzoneFileSystem.java:getFileStatus(765)) - GetFileStatus failed for path /gdir1/dir4/child
java.io.FileNotFoundException: gdir1/dir4/child: No such file or directory!
	at org.apache.hadoop.fs.ozone.BasicOzoneClientAdapterImpl.getFileStatus(BasicOzoneClientAdapterImpl.java:369)
	at org.apache.hadoop.fs.ozone.BasicOzoneFileSystem.getFileStatus(BasicOzoneFileSystem.java:757)
	at org.apache.hadoop.fs.ozone.TestOzoneFileSystem.checkPath(TestOzoneFileSystem.java:502)
	at org.apache.hadoop.fs.ozone.TestOzoneFileSystem.testRecursiveDelete(TestOzoneFileSystem.java:458)
	at sun.reflect.NativeMethodAccessorImpl.invoke0(Native Method)
	at sun.reflect.NativeMethodAccessorImpl.invoke(NativeMethodAccessorImpl.java:62)
	at sun.reflect.DelegatingMethodAccessorImpl.invoke(DelegatingMethodAccessorImpl.java:43)
	at java.lang.reflect.Method.invoke(Method.java:498)
	at org.junit.runners.model.FrameworkMethod$1.runReflectiveCall(FrameworkMethod.java:59)
	at org.junit.internal.runners.model.ReflectiveCallable.run(ReflectiveCallable.java:12)
	at org.junit.runners.model.FrameworkMethod.invokeExplosively(FrameworkMethod.java:56)
	at org.junit.internal.runners.statements.InvokeMethod.evaluate(InvokeMethod.java:17)
	at org.junit.internal.runners.statements.RunAfters.evaluate(RunAfters.java:27)
	at org.junit.internal.runners.statements.FailOnTimeout$CallableStatement.call(FailOnTimeout.java:288)
	at org.junit.internal.runners.statements.FailOnTimeout$CallableStatement.call(FailOnTimeout.java:282)
	at java.util.concurrent.FutureTask.run(FutureTask.java:266)
	at java.lang.Thread.run(Thread.java:750)
13:05:57.788 [IPC Server handler 6 on default port 44209] ERROR OMAudit - user=runner | ip=127.0.0.1 | op=GET_FILE_STATUS {volume=volume66281, bucket=bucket85504, key=gdir1/dir5, dataSize=0, replicationConfig=null} | ret=FAILURE
org.apache.hadoop.ozone.om.exceptions.OMException: Unable to get file status: volume: volume66281 bucket: bucket85504 key: gdir1/dir5
	at org.apache.hadoop.ozone.om.KeyManagerImpl.getOzoneFileStatus(KeyManagerImpl.java:1270) ~[ozone-manager-1.3.0-SNAPSHOT.jar:?]
	at org.apache.hadoop.ozone.om.KeyManagerImpl.getFileStatus(KeyManagerImpl.java:1200) ~[ozone-manager-1.3.0-SNAPSHOT.jar:?]
	at org.apache.hadoop.ozone.om.OzoneManager.getFileStatus(OzoneManager.java:3507) ~[ozone-manager-1.3.0-SNAPSHOT.jar:?]
	at org.apache.hadoop.ozone.protocolPB.OzoneManagerRequestHandler.getOzoneFileStatus(OzoneManagerRequestHandler.java:882) ~[ozone-manager-1.3.0-SNAPSHOT.jar:?]
	at org.apache.hadoop.ozone.protocolPB.OzoneManagerRequestHandler.handleReadRequest(OzoneManagerRequestHandler.java:228) ~[ozone-manager-1.3.0-SNAPSHOT.jar:?]
	at org.apache.hadoop.ozone.protocolPB.OzoneManagerProtocolServerSideTranslatorPB.submitRequestDirectlyToOM(OzoneManagerProtocolServerSideTranslatorPB.java:276) ~[ozone-manager-1.3.0-SNAPSHOT.jar:?]
	at org.apache.hadoop.ozone.protocolPB.OzoneManagerProtocolServerSideTranslatorPB.processRequest(OzoneManagerProtocolServerSideTranslatorPB.java:205) ~[ozone-manager-1.3.0-SNAPSHOT.jar:?]
	at org.apache.hadoop.hdds.server.OzoneProtocolMessageDispatcher.processRequest(OzoneProtocolMessageDispatcher.java:87) [hdds-server-framework-1.3.0-SNAPSHOT.jar:?]
	at org.apache.hadoop.ozone.protocolPB.OzoneManagerProtocolServerSideTranslatorPB.submitRequest(OzoneManagerProtocolServerSideTranslatorPB.java:147) [ozone-manager-1.3.0-SNAPSHOT.jar:?]
	at org.apache.hadoop.ozone.protocol.proto.OzoneManagerProtocolProtos$OzoneManagerService$2.callBlockingMethod(OzoneManagerProtocolProtos.java) [ozone-interface-client-1.3.0-SNAPSHOT.jar:?]
	at org.apache.hadoop.ipc.ProtobufRpcEngine$Server.processCall(ProtobufRpcEngine.java:466) [hadoop-common-3.3.1.jar:?]
	at org.apache.hadoop.ipc.ProtobufRpcEngine2$Server$ProtoBufRpcInvoker.call(ProtobufRpcEngine2.java:574) [hadoop-common-3.3.1.jar:?]
	at org.apache.hadoop.ipc.ProtobufRpcEngine2$Server$ProtoBufRpcInvoker.call(ProtobufRpcEngine2.java:552) [hadoop-common-3.3.1.jar:?]
	at org.apache.hadoop.ipc.RPC$Server.call(RPC.java:1093) [hadoop-common-3.3.1.jar:?]
	at org.apache.hadoop.ipc.Server$RpcCall.run(Server.java:1035) [hadoop-common-3.3.1.jar:?]
	at org.apache.hadoop.ipc.Server$RpcCall.run(Server.java:963) [hadoop-common-3.3.1.jar:?]
	at java.security.AccessController.doPrivileged(Native Method) ~[?:1.8.0_345]
	at javax.security.auth.Subject.doAs(Subject.java:422) [?:1.8.0_345]
	at org.apache.hadoop.security.UserGroupInformation.doAs(UserGroupInformation.java:1878) [hadoop-common-3.3.1.jar:?]
	at org.apache.hadoop.ipc.Server$Handler.run(Server.java:2966) [hadoop-common-3.3.1.jar:?]
2022-10-09 13:05:57,789 [Time-limited test] WARN  ozone.BasicOzoneFileSystem (BasicOzoneFileSystem.java:getFileStatus(765)) - GetFileStatus failed for path /gdir1/dir5
java.io.FileNotFoundException: gdir1/dir5: No such file or directory!
	at org.apache.hadoop.fs.ozone.BasicOzoneClientAdapterImpl.getFileStatus(BasicOzoneClientAdapterImpl.java:369)
	at org.apache.hadoop.fs.ozone.BasicOzoneFileSystem.getFileStatus(BasicOzoneFileSystem.java:757)
	at org.apache.hadoop.fs.ozone.TestOzoneFileSystem.checkPath(TestOzoneFileSystem.java:502)
	at org.apache.hadoop.fs.ozone.TestOzoneFileSystem.testRecursiveDelete(TestOzoneFileSystem.java:457)
	at sun.reflect.NativeMethodAccessorImpl.invoke0(Native Method)
	at sun.reflect.NativeMethodAccessorImpl.invoke(NativeMethodAccessorImpl.java:62)
	at sun.reflect.DelegatingMethodAccessorImpl.invoke(DelegatingMethodAccessorImpl.java:43)
	at java.lang.reflect.Method.invoke(Method.java:498)
	at org.junit.runners.model.FrameworkMethod$1.runReflectiveCall(FrameworkMethod.java:59)
	at org.junit.internal.runners.model.ReflectiveCallable.run(ReflectiveCallable.java:12)
	at org.junit.runners.model.FrameworkMethod.invokeExplosively(FrameworkMethod.java:56)
	at org.junit.internal.runners.statements.InvokeMethod.evaluate(InvokeMethod.java:17)
	at org.junit.internal.runners.statements.RunAfters.evaluate(RunAfters.java:27)
	at org.junit.internal.runners.statements.FailOnTimeout$CallableStatement.call(FailOnTimeout.java:288)
	at org.junit.internal.runners.statements.FailOnTimeout$CallableStatement.call(FailOnTimeout.java:282)
	at java.util.concurrent.FutureTask.run(FutureTask.java:266)
	at java.lang.Thread.run(Thread.java:750)
13:05:57.789 [IPC Server handler 7 on default port 44209] ERROR OMAudit - user=runner | ip=127.0.0.1 | op=GET_FILE_STATUS {volume=volume66281, bucket=bucket85504, key=gdir1/dir5/child, dataSize=0, replicationConfig=null} | ret=FAILURE
org.apache.hadoop.ozone.om.exceptions.OMException: Unable to get file status: volume: volume66281 bucket: bucket85504 key: gdir1/dir5/child
	at org.apache.hadoop.ozone.om.KeyManagerImpl.getOzoneFileStatus(KeyManagerImpl.java:1270) ~[ozone-manager-1.3.0-SNAPSHOT.jar:?]
	at org.apache.hadoop.ozone.om.KeyManagerImpl.getFileStatus(KeyManagerImpl.java:1200) ~[ozone-manager-1.3.0-SNAPSHOT.jar:?]
	at org.apache.hadoop.ozone.om.OzoneManager.getFileStatus(OzoneManager.java:3507) ~[ozone-manager-1.3.0-SNAPSHOT.jar:?]
	at org.apache.hadoop.ozone.protocolPB.OzoneManagerRequestHandler.getOzoneFileStatus(OzoneManagerRequestHandler.java:882) ~[ozone-manager-1.3.0-SNAPSHOT.jar:?]
	at org.apache.hadoop.ozone.protocolPB.OzoneManagerRequestHandler.handleReadRequest(OzoneManagerRequestHandler.java:228) ~[ozone-manager-1.3.0-SNAPSHOT.jar:?]
	at org.apache.hadoop.ozone.protocolPB.OzoneManagerProtocolServerSideTranslatorPB.submitRequestDirectlyToOM(OzoneManagerProtocolServerSideTranslatorPB.java:276) ~[ozone-manager-1.3.0-SNAPSHOT.jar:?]
	at org.apache.hadoop.ozone.protocolPB.OzoneManagerProtocolServerSideTranslatorPB.processRequest(OzoneManagerProtocolServerSideTranslatorPB.java:205) ~[ozone-manager-1.3.0-SNAPSHOT.jar:?]
	at org.apache.hadoop.hdds.server.OzoneProtocolMessageDispatcher.processRequest(OzoneProtocolMessageDispatcher.java:87) [hdds-server-framework-1.3.0-SNAPSHOT.jar:?]
	at org.apache.hadoop.ozone.protocolPB.OzoneManagerProtocolServerSideTranslatorPB.submitRequest(OzoneManagerProtocolServerSideTranslatorPB.java:147) [ozone-manager-1.3.0-SNAPSHOT.jar:?]
	at org.apache.hadoop.ozone.protocol.proto.OzoneManagerProtocolProtos$OzoneManagerService$2.callBlockingMethod(OzoneManagerProtocolProtos.java) [ozone-interface-client-1.3.0-SNAPSHOT.jar:?]
	at org.apache.hadoop.ipc.ProtobufRpcEngine$Server.processCall(ProtobufRpcEngine.java:466) [hadoop-common-3.3.1.jar:?]
	at org.apache.hadoop.ipc.ProtobufRpcEngine2$Server$ProtoBufRpcInvoker.call(ProtobufRpcEngine2.java:574) [hadoop-common-3.3.1.jar:?]
	at org.apache.hadoop.ipc.ProtobufRpcEngine2$Server$ProtoBufRpcInvoker.call(ProtobufRpcEngine2.java:552) [hadoop-common-3.3.1.jar:?]
	at org.apache.hadoop.ipc.RPC$Server.call(RPC.java:1093) [hadoop-common-3.3.1.jar:?]
	at org.apache.hadoop.ipc.Server$RpcCall.run(Server.java:1035) [hadoop-common-3.3.1.jar:?]
	at org.apache.hadoop.ipc.Server$RpcCall.run(Server.java:963) [hadoop-common-3.3.1.jar:?]
	at java.security.AccessController.doPrivileged(Native Method) ~[?:1.8.0_345]
	at javax.security.auth.Subject.doAs(Subject.java:422) [?:1.8.0_345]
	at org.apache.hadoop.security.UserGroupInformation.doAs(UserGroupInformation.java:1878) [hadoop-common-3.3.1.jar:?]
	at org.apache.hadoop.ipc.Server$Handler.run(Server.java:2966) [hadoop-common-3.3.1.jar:?]
2022-10-09 13:05:57,791 [Time-limited test] WARN  ozone.BasicOzoneFileSystem (BasicOzoneFileSystem.java:getFileStatus(765)) - GetFileStatus failed for path /gdir1/dir5/child
java.io.FileNotFoundException: gdir1/dir5/child: No such file or directory!
	at org.apache.hadoop.fs.ozone.BasicOzoneClientAdapterImpl.getFileStatus(BasicOzoneClientAdapterImpl.java:369)
	at org.apache.hadoop.fs.ozone.BasicOzoneFileSystem.getFileStatus(BasicOzoneFileSystem.java:757)
	at org.apache.hadoop.fs.ozone.TestOzoneFileSystem.checkPath(TestOzoneFileSystem.java:502)
	at org.apache.hadoop.fs.ozone.TestOzoneFileSystem.testRecursiveDelete(TestOzoneFileSystem.java:458)
	at sun.reflect.NativeMethodAccessorImpl.invoke0(Native Method)
	at sun.reflect.NativeMethodAccessorImpl.invoke(NativeMethodAccessorImpl.java:62)
	at sun.reflect.DelegatingMethodAccessorImpl.invoke(DelegatingMethodAccessorImpl.java:43)
	at java.lang.reflect.Method.invoke(Method.java:498)
	at org.junit.runners.model.FrameworkMethod$1.runReflectiveCall(FrameworkMethod.java:59)
	at org.junit.internal.runners.model.ReflectiveCallable.run(ReflectiveCallable.java:12)
	at org.junit.runners.model.FrameworkMethod.invokeExplosively(FrameworkMethod.java:56)
	at org.junit.internal.runners.statements.InvokeMethod.evaluate(InvokeMethod.java:17)
	at org.junit.internal.runners.statements.RunAfters.evaluate(RunAfters.java:27)
	at org.junit.internal.runners.statements.FailOnTimeout$CallableStatement.call(FailOnTimeout.java:288)
	at org.junit.internal.runners.statements.FailOnTimeout$CallableStatement.call(FailOnTimeout.java:282)
	at java.util.concurrent.FutureTask.run(FutureTask.java:266)
	at java.lang.Thread.run(Thread.java:750)
13:05:57.792 [IPC Server handler 5 on default port 44209] ERROR OMAudit - user=runner | ip=127.0.0.1 | op=GET_FILE_STATUS {volume=volume66281, bucket=bucket85504, key=gdir1/dir6, dataSize=0, replicationConfig=null} | ret=FAILURE
org.apache.hadoop.ozone.om.exceptions.OMException: Unable to get file status: volume: volume66281 bucket: bucket85504 key: gdir1/dir6
	at org.apache.hadoop.ozone.om.KeyManagerImpl.getOzoneFileStatus(KeyManagerImpl.java:1270) ~[ozone-manager-1.3.0-SNAPSHOT.jar:?]
	at org.apache.hadoop.ozone.om.KeyManagerImpl.getFileStatus(KeyManagerImpl.java:1200) ~[ozone-manager-1.3.0-SNAPSHOT.jar:?]
	at org.apache.hadoop.ozone.om.OzoneManager.getFileStatus(OzoneManager.java:3507) ~[ozone-manager-1.3.0-SNAPSHOT.jar:?]
	at org.apache.hadoop.ozone.protocolPB.OzoneManagerRequestHandler.getOzoneFileStatus(OzoneManagerRequestHandler.java:882) ~[ozone-manager-1.3.0-SNAPSHOT.jar:?]
	at org.apache.hadoop.ozone.protocolPB.OzoneManagerRequestHandler.handleReadRequest(OzoneManagerRequestHandler.java:228) ~[ozone-manager-1.3.0-SNAPSHOT.jar:?]
	at org.apache.hadoop.ozone.protocolPB.OzoneManagerProtocolServerSideTranslatorPB.submitRequestDirectlyToOM(OzoneManagerProtocolServerSideTranslatorPB.java:276) ~[ozone-manager-1.3.0-SNAPSHOT.jar:?]
	at org.apache.hadoop.ozone.protocolPB.OzoneManagerProtocolServerSideTranslatorPB.processRequest(OzoneManagerProtocolServerSideTranslatorPB.java:205) ~[ozone-manager-1.3.0-SNAPSHOT.jar:?]
	at org.apache.hadoop.hdds.server.OzoneProtocolMessageDispatcher.processRequest(OzoneProtocolMessageDispatcher.java:87) [hdds-server-framework-1.3.0-SNAPSHOT.jar:?]
	at org.apache.hadoop.ozone.protocolPB.OzoneManagerProtocolServerSideTranslatorPB.submitRequest(OzoneManagerProtocolServerSideTranslatorPB.java:147) [ozone-manager-1.3.0-SNAPSHOT.jar:?]
	at org.apache.hadoop.ozone.protocol.proto.OzoneManagerProtocolProtos$OzoneManagerService$2.callBlockingMethod(OzoneManagerProtocolProtos.java) [ozone-interface-client-1.3.0-SNAPSHOT.jar:?]
	at org.apache.hadoop.ipc.ProtobufRpcEngine$Server.processCall(ProtobufRpcEngine.java:466) [hadoop-common-3.3.1.jar:?]
	at org.apache.hadoop.ipc.ProtobufRpcEngine2$Server$ProtoBufRpcInvoker.call(ProtobufRpcEngine2.java:574) [hadoop-common-3.3.1.jar:?]
	at org.apache.hadoop.ipc.ProtobufRpcEngine2$Server$ProtoBufRpcInvoker.call(ProtobufRpcEngine2.java:552) [hadoop-common-3.3.1.jar:?]
	at org.apache.hadoop.ipc.RPC$Server.call(RPC.java:1093) [hadoop-common-3.3.1.jar:?]
	at org.apache.hadoop.ipc.Server$RpcCall.run(Server.java:1035) [hadoop-common-3.3.1.jar:?]
	at org.apache.hadoop.ipc.Server$RpcCall.run(Server.java:963) [hadoop-common-3.3.1.jar:?]
	at java.security.AccessController.doPrivileged(Native Method) ~[?:1.8.0_345]
	at javax.security.auth.Subject.doAs(Subject.java:422) [?:1.8.0_345]
	at org.apache.hadoop.security.UserGroupInformation.doAs(UserGroupInformation.java:1878) [hadoop-common-3.3.1.jar:?]
	at org.apache.hadoop.ipc.Server$Handler.run(Server.java:2966) [hadoop-common-3.3.1.jar:?]
2022-10-09 13:05:57,792 [Time-limited test] WARN  ozone.BasicOzoneFileSystem (BasicOzoneFileSystem.java:getFileStatus(765)) - GetFileStatus failed for path /gdir1/dir6
java.io.FileNotFoundException: gdir1/dir6: No such file or directory!
	at org.apache.hadoop.fs.ozone.BasicOzoneClientAdapterImpl.getFileStatus(BasicOzoneClientAdapterImpl.java:369)
	at org.apache.hadoop.fs.ozone.BasicOzoneFileSystem.getFileStatus(BasicOzoneFileSystem.java:757)
	at org.apache.hadoop.fs.ozone.TestOzoneFileSystem.checkPath(TestOzoneFileSystem.java:502)
	at org.apache.hadoop.fs.ozone.TestOzoneFileSystem.testRecursiveDelete(TestOzoneFileSystem.java:457)
	at sun.reflect.NativeMethodAccessorImpl.invoke0(Native Method)
	at sun.reflect.NativeMethodAccessorImpl.invoke(NativeMethodAccessorImpl.java:62)
	at sun.reflect.DelegatingMethodAccessorImpl.invoke(DelegatingMethodAccessorImpl.java:43)
	at java.lang.reflect.Method.invoke(Method.java:498)
	at org.junit.runners.model.FrameworkMethod$1.runReflectiveCall(FrameworkMethod.java:59)
	at org.junit.internal.runners.model.ReflectiveCallable.run(ReflectiveCallable.java:12)
	at org.junit.runners.model.FrameworkMethod.invokeExplosively(FrameworkMethod.java:56)
	at org.junit.internal.runners.statements.InvokeMethod.evaluate(InvokeMethod.java:17)
	at org.junit.internal.runners.statements.RunAfters.evaluate(RunAfters.java:27)
	at org.junit.internal.runners.statements.FailOnTimeout$CallableStatement.call(FailOnTimeout.java:288)
	at org.junit.internal.runners.statements.FailOnTimeout$CallableStatement.call(FailOnTimeout.java:282)
	at java.util.concurrent.FutureTask.run(FutureTask.java:266)
	at java.lang.Thread.run(Thread.java:750)
13:05:57.792 [IPC Server handler 12 on default port 44209] ERROR OMAudit - user=runner | ip=127.0.0.1 | op=GET_FILE_STATUS {volume=volume66281, bucket=bucket85504, key=gdir1/dir6/child, dataSize=0, replicationConfig=null} | ret=FAILURE
org.apache.hadoop.ozone.om.exceptions.OMException: Unable to get file status: volume: volume66281 bucket: bucket85504 key: gdir1/dir6/child
	at org.apache.hadoop.ozone.om.KeyManagerImpl.getOzoneFileStatus(KeyManagerImpl.java:1270) ~[ozone-manager-1.3.0-SNAPSHOT.jar:?]
	at org.apache.hadoop.ozone.om.KeyManagerImpl.getFileStatus(KeyManagerImpl.java:1200) ~[ozone-manager-1.3.0-SNAPSHOT.jar:?]
	at org.apache.hadoop.ozone.om.OzoneManager.getFileStatus(OzoneManager.java:3507) ~[ozone-manager-1.3.0-SNAPSHOT.jar:?]
	at org.apache.hadoop.ozone.protocolPB.OzoneManagerRequestHandler.getOzoneFileStatus(OzoneManagerRequestHandler.java:882) ~[ozone-manager-1.3.0-SNAPSHOT.jar:?]
	at org.apache.hadoop.ozone.protocolPB.OzoneManagerRequestHandler.handleReadRequest(OzoneManagerRequestHandler.java:228) ~[ozone-manager-1.3.0-SNAPSHOT.jar:?]
	at org.apache.hadoop.ozone.protocolPB.OzoneManagerProtocolServerSideTranslatorPB.submitRequestDirectlyToOM(OzoneManagerProtocolServerSideTranslatorPB.java:276) ~[ozone-manager-1.3.0-SNAPSHOT.jar:?]
	at org.apache.hadoop.ozone.protocolPB.OzoneManagerProtocolServerSideTranslatorPB.processRequest(OzoneManagerProtocolServerSideTranslatorPB.java:205) ~[ozone-manager-1.3.0-SNAPSHOT.jar:?]
	at org.apache.hadoop.hdds.server.OzoneProtocolMessageDispatcher.processRequest(OzoneProtocolMessageDispatcher.java:87) [hdds-server-framework-1.3.0-SNAPSHOT.jar:?]
	at org.apache.hadoop.ozone.protocolPB.OzoneManagerProtocolServerSideTranslatorPB.submitRequest(OzoneManagerProtocolServerSideTranslatorPB.java:147) [ozone-manager-1.3.0-SNAPSHOT.jar:?]
	at org.apache.hadoop.ozone.protocol.proto.OzoneManagerProtocolProtos$OzoneManagerService$2.callBlockingMethod(OzoneManagerProtocolProtos.java) [ozone-interface-client-1.3.0-SNAPSHOT.jar:?]
	at org.apache.hadoop.ipc.ProtobufRpcEngine$Server.processCall(ProtobufRpcEngine.java:466) [hadoop-common-3.3.1.jar:?]
	at org.apache.hadoop.ipc.ProtobufRpcEngine2$Server$ProtoBufRpcInvoker.call(ProtobufRpcEngine2.java:574) [hadoop-common-3.3.1.jar:?]
	at org.apache.hadoop.ipc.ProtobufRpcEngine2$Server$ProtoBufRpcInvoker.call(ProtobufRpcEngine2.java:552) [hadoop-common-3.3.1.jar:?]
	at org.apache.hadoop.ipc.RPC$Server.call(RPC.java:1093) [hadoop-common-3.3.1.jar:?]
	at org.apache.hadoop.ipc.Server$RpcCall.run(Server.java:1035) [hadoop-common-3.3.1.jar:?]
	at org.apache.hadoop.ipc.Server$RpcCall.run(Server.java:963) [hadoop-common-3.3.1.jar:?]
	at java.security.AccessController.doPrivileged(Native Method) ~[?:1.8.0_345]
	at javax.security.auth.Subject.doAs(Subject.java:422) [?:1.8.0_345]
	at org.apache.hadoop.security.UserGroupInformation.doAs(UserGroupInformation.java:1878) [hadoop-common-3.3.1.jar:?]
	at org.apache.hadoop.ipc.Server$Handler.run(Server.java:2966) [hadoop-common-3.3.1.jar:?]
2022-10-09 13:05:57,793 [Time-limited test] WARN  ozone.BasicOzoneFileSystem (BasicOzoneFileSystem.java:getFileStatus(765)) - GetFileStatus failed for path /gdir1/dir6/child
java.io.FileNotFoundException: gdir1/dir6/child: No such file or directory!
	at org.apache.hadoop.fs.ozone.BasicOzoneClientAdapterImpl.getFileStatus(BasicOzoneClientAdapterImpl.java:369)
	at org.apache.hadoop.fs.ozone.BasicOzoneFileSystem.getFileStatus(BasicOzoneFileSystem.java:757)
	at org.apache.hadoop.fs.ozone.TestOzoneFileSystem.checkPath(TestOzoneFileSystem.java:502)
	at org.apache.hadoop.fs.ozone.TestOzoneFileSystem.testRecursiveDelete(TestOzoneFileSystem.java:458)
	at sun.reflect.NativeMethodAccessorImpl.invoke0(Native Method)
	at sun.reflect.NativeMethodAccessorImpl.invoke(NativeMethodAccessorImpl.java:62)
	at sun.reflect.DelegatingMethodAccessorImpl.invoke(DelegatingMethodAccessorImpl.java:43)
	at java.lang.reflect.Method.invoke(Method.java:498)
	at org.junit.runners.model.FrameworkMethod$1.runReflectiveCall(FrameworkMethod.java:59)
	at org.junit.internal.runners.model.ReflectiveCallable.run(ReflectiveCallable.java:12)
	at org.junit.runners.model.FrameworkMethod.invokeExplosively(FrameworkMethod.java:56)
	at org.junit.internal.runners.statements.InvokeMethod.evaluate(InvokeMethod.java:17)
	at org.junit.internal.runners.statements.RunAfters.evaluate(RunAfters.java:27)
	at org.junit.internal.runners.statements.FailOnTimeout$CallableStatement.call(FailOnTimeout.java:288)
	at org.junit.internal.runners.statements.FailOnTimeout$CallableStatement.call(FailOnTimeout.java:282)
	at java.util.concurrent.FutureTask.run(FutureTask.java:266)
	at java.lang.Thread.run(Thread.java:750)
13:05:57.794 [IPC Server handler 13 on default port 44209] ERROR OMAudit - user=runner | ip=127.0.0.1 | op=GET_FILE_STATUS {volume=volume66281, bucket=bucket85504, key=gdir1/dir7, dataSize=0, replicationConfig=null} | ret=FAILURE
org.apache.hadoop.ozone.om.exceptions.OMException: Unable to get file status: volume: volume66281 bucket: bucket85504 key: gdir1/dir7
	at org.apache.hadoop.ozone.om.KeyManagerImpl.getOzoneFileStatus(KeyManagerImpl.java:1270) ~[ozone-manager-1.3.0-SNAPSHOT.jar:?]
	at org.apache.hadoop.ozone.om.KeyManagerImpl.getFileStatus(KeyManagerImpl.java:1200) ~[ozone-manager-1.3.0-SNAPSHOT.jar:?]
	at org.apache.hadoop.ozone.om.OzoneManager.getFileStatus(OzoneManager.java:3507) ~[ozone-manager-1.3.0-SNAPSHOT.jar:?]
	at org.apache.hadoop.ozone.protocolPB.OzoneManagerRequestHandler.getOzoneFileStatus(OzoneManagerRequestHandler.java:882) ~[ozone-manager-1.3.0-SNAPSHOT.jar:?]
	at org.apache.hadoop.ozone.protocolPB.OzoneManagerRequestHandler.handleReadRequest(OzoneManagerRequestHandler.java:228) ~[ozone-manager-1.3.0-SNAPSHOT.jar:?]
	at org.apache.hadoop.ozone.protocolPB.OzoneManagerProtocolServerSideTranslatorPB.submitRequestDirectlyToOM(OzoneManagerProtocolServerSideTranslatorPB.java:276) ~[ozone-manager-1.3.0-SNAPSHOT.jar:?]
	at org.apache.hadoop.ozone.protocolPB.OzoneManagerProtocolServerSideTranslatorPB.processRequest(OzoneManagerProtocolServerSideTranslatorPB.java:205) ~[ozone-manager-1.3.0-SNAPSHOT.jar:?]
	at org.apache.hadoop.hdds.server.OzoneProtocolMessageDispatcher.processRequest(OzoneProtocolMessageDispatcher.java:87) [hdds-server-framework-1.3.0-SNAPSHOT.jar:?]
	at org.apache.hadoop.ozone.protocolPB.OzoneManagerProtocolServerSideTranslatorPB.submitRequest(OzoneManagerProtocolServerSideTranslatorPB.java:147) [ozone-manager-1.3.0-SNAPSHOT.jar:?]
	at org.apache.hadoop.ozone.protocol.proto.OzoneManagerProtocolProtos$OzoneManagerService$2.callBlockingMethod(OzoneManagerProtocolProtos.java) [ozone-interface-client-1.3.0-SNAPSHOT.jar:?]
	at org.apache.hadoop.ipc.ProtobufRpcEngine$Server.processCall(ProtobufRpcEngine.java:466) [hadoop-common-3.3.1.jar:?]
	at org.apache.hadoop.ipc.ProtobufRpcEngine2$Server$ProtoBufRpcInvoker.call(ProtobufRpcEngine2.java:574) [hadoop-common-3.3.1.jar:?]
	at org.apache.hadoop.ipc.ProtobufRpcEngine2$Server$ProtoBufRpcInvoker.call(ProtobufRpcEngine2.java:552) [hadoop-common-3.3.1.jar:?]
	at org.apache.hadoop.ipc.RPC$Server.call(RPC.java:1093) [hadoop-common-3.3.1.jar:?]
	at org.apache.hadoop.ipc.Server$RpcCall.run(Server.java:1035) [hadoop-common-3.3.1.jar:?]
	at org.apache.hadoop.ipc.Server$RpcCall.run(Server.java:963) [hadoop-common-3.3.1.jar:?]
	at java.security.AccessController.doPrivileged(Native Method) ~[?:1.8.0_345]
	at javax.security.auth.Subject.doAs(Subject.java:422) [?:1.8.0_345]
	at org.apache.hadoop.security.UserGroupInformation.doAs(UserGroupInformation.java:1878) [hadoop-common-3.3.1.jar:?]
	at org.apache.hadoop.ipc.Server$Handler.run(Server.java:2966) [hadoop-common-3.3.1.jar:?]
2022-10-09 13:05:57,795 [Time-limited test] WARN  ozone.BasicOzoneFileSystem (BasicOzoneFileSystem.java:getFileStatus(765)) - GetFileStatus failed for path /gdir1/dir7
java.io.FileNotFoundException: gdir1/dir7: No such file or directory!
	at org.apache.hadoop.fs.ozone.BasicOzoneClientAdapterImpl.getFileStatus(BasicOzoneClientAdapterImpl.java:369)
	at org.apache.hadoop.fs.ozone.BasicOzoneFileSystem.getFileStatus(BasicOzoneFileSystem.java:757)
	at org.apache.hadoop.fs.ozone.TestOzoneFileSystem.checkPath(TestOzoneFileSystem.java:502)
	at org.apache.hadoop.fs.ozone.TestOzoneFileSystem.testRecursiveDelete(TestOzoneFileSystem.java:457)
	at sun.reflect.NativeMethodAccessorImpl.invoke0(Native Method)
	at sun.reflect.NativeMethodAccessorImpl.invoke(NativeMethodAccessorImpl.java:62)
	at sun.reflect.DelegatingMethodAccessorImpl.invoke(DelegatingMethodAccessorImpl.java:43)
	at java.lang.reflect.Method.invoke(Method.java:498)
	at org.junit.runners.model.FrameworkMethod$1.runReflectiveCall(FrameworkMethod.java:59)
	at org.junit.internal.runners.model.ReflectiveCallable.run(ReflectiveCallable.java:12)
	at org.junit.runners.model.FrameworkMethod.invokeExplosively(FrameworkMethod.java:56)
	at org.junit.internal.runners.statements.InvokeMethod.evaluate(InvokeMethod.java:17)
	at org.junit.internal.runners.statements.RunAfters.evaluate(RunAfters.java:27)
	at org.junit.internal.runners.statements.FailOnTimeout$CallableStatement.call(FailOnTimeout.java:288)
	at org.junit.internal.runners.statements.FailOnTimeout$CallableStatement.call(FailOnTimeout.java:282)
	at java.util.concurrent.FutureTask.run(FutureTask.java:266)
	at java.lang.Thread.run(Thread.java:750)
13:05:57.795 [IPC Server handler 11 on default port 44209] ERROR OMAudit - user=runner | ip=127.0.0.1 | op=GET_FILE_STATUS {volume=volume66281, bucket=bucket85504, key=gdir1/dir7/child, dataSize=0, replicationConfig=null} | ret=FAILURE
org.apache.hadoop.ozone.om.exceptions.OMException: Unable to get file status: volume: volume66281 bucket: bucket85504 key: gdir1/dir7/child
	at org.apache.hadoop.ozone.om.KeyManagerImpl.getOzoneFileStatus(KeyManagerImpl.java:1270) ~[ozone-manager-1.3.0-SNAPSHOT.jar:?]
	at org.apache.hadoop.ozone.om.KeyManagerImpl.getFileStatus(KeyManagerImpl.java:1200) ~[ozone-manager-1.3.0-SNAPSHOT.jar:?]
	at org.apache.hadoop.ozone.om.OzoneManager.getFileStatus(OzoneManager.java:3507) ~[ozone-manager-1.3.0-SNAPSHOT.jar:?]
	at org.apache.hadoop.ozone.protocolPB.OzoneManagerRequestHandler.getOzoneFileStatus(OzoneManagerRequestHandler.java:882) ~[ozone-manager-1.3.0-SNAPSHOT.jar:?]
	at org.apache.hadoop.ozone.protocolPB.OzoneManagerRequestHandler.handleReadRequest(OzoneManagerRequestHandler.java:228) ~[ozone-manager-1.3.0-SNAPSHOT.jar:?]
	at org.apache.hadoop.ozone.protocolPB.OzoneManagerProtocolServerSideTranslatorPB.submitRequestDirectlyToOM(OzoneManagerProtocolServerSideTranslatorPB.java:276) ~[ozone-manager-1.3.0-SNAPSHOT.jar:?]
	at org.apache.hadoop.ozone.protocolPB.OzoneManagerProtocolServerSideTranslatorPB.processRequest(OzoneManagerProtocolServerSideTranslatorPB.java:205) ~[ozone-manager-1.3.0-SNAPSHOT.jar:?]
	at org.apache.hadoop.hdds.server.OzoneProtocolMessageDispatcher.processRequest(OzoneProtocolMessageDispatcher.java:87) [hdds-server-framework-1.3.0-SNAPSHOT.jar:?]
	at org.apache.hadoop.ozone.protocolPB.OzoneManagerProtocolServerSideTranslatorPB.submitRequest(OzoneManagerProtocolServerSideTranslatorPB.java:147) [ozone-manager-1.3.0-SNAPSHOT.jar:?]
	at org.apache.hadoop.ozone.protocol.proto.OzoneManagerProtocolProtos$OzoneManagerService$2.callBlockingMethod(OzoneManagerProtocolProtos.java) [ozone-interface-client-1.3.0-SNAPSHOT.jar:?]
	at org.apache.hadoop.ipc.ProtobufRpcEngine$Server.processCall(ProtobufRpcEngine.java:466) [hadoop-common-3.3.1.jar:?]
	at org.apache.hadoop.ipc.ProtobufRpcEngine2$Server$ProtoBufRpcInvoker.call(ProtobufRpcEngine2.java:574) [hadoop-common-3.3.1.jar:?]
	at org.apache.hadoop.ipc.ProtobufRpcEngine2$Server$ProtoBufRpcInvoker.call(ProtobufRpcEngine2.java:552) [hadoop-common-3.3.1.jar:?]
	at org.apache.hadoop.ipc.RPC$Server.call(RPC.java:1093) [hadoop-common-3.3.1.jar:?]
	at org.apache.hadoop.ipc.Server$RpcCall.run(Server.java:1035) [hadoop-common-3.3.1.jar:?]
	at org.apache.hadoop.ipc.Server$RpcCall.run(Server.java:963) [hadoop-common-3.3.1.jar:?]
	at java.security.AccessController.doPrivileged(Native Method) ~[?:1.8.0_345]
	at javax.security.auth.Subject.doAs(Subject.java:422) [?:1.8.0_345]
	at org.apache.hadoop.security.UserGroupInformation.doAs(UserGroupInformation.java:1878) [hadoop-common-3.3.1.jar:?]
	at org.apache.hadoop.ipc.Server$Handler.run(Server.java:2966) [hadoop-common-3.3.1.jar:?]
2022-10-09 13:05:57,796 [Time-limited test] WARN  ozone.BasicOzoneFileSystem (BasicOzoneFileSystem.java:getFileStatus(765)) - GetFileStatus failed for path /gdir1/dir7/child
java.io.FileNotFoundException: gdir1/dir7/child: No such file or directory!
	at org.apache.hadoop.fs.ozone.BasicOzoneClientAdapterImpl.getFileStatus(BasicOzoneClientAdapterImpl.java:369)
	at org.apache.hadoop.fs.ozone.BasicOzoneFileSystem.getFileStatus(BasicOzoneFileSystem.java:757)
	at org.apache.hadoop.fs.ozone.TestOzoneFileSystem.checkPath(TestOzoneFileSystem.java:502)
	at org.apache.hadoop.fs.ozone.TestOzoneFileSystem.testRecursiveDelete(TestOzoneFileSystem.java:458)
	at sun.reflect.NativeMethodAccessorImpl.invoke0(Native Method)
	at sun.reflect.NativeMethodAccessorImpl.invoke(NativeMethodAccessorImpl.java:62)
	at sun.reflect.DelegatingMethodAccessorImpl.invoke(DelegatingMethodAccessorImpl.java:43)
	at java.lang.reflect.Method.invoke(Method.java:498)
	at org.junit.runners.model.FrameworkMethod$1.runReflectiveCall(FrameworkMethod.java:59)
	at org.junit.internal.runners.model.ReflectiveCallable.run(ReflectiveCallable.java:12)
	at org.junit.runners.model.FrameworkMethod.invokeExplosively(FrameworkMethod.java:56)
	at org.junit.internal.runners.statements.InvokeMethod.evaluate(InvokeMethod.java:17)
	at org.junit.internal.runners.statements.RunAfters.evaluate(RunAfters.java:27)
	at org.junit.internal.runners.statements.FailOnTimeout$CallableStatement.call(FailOnTimeout.java:288)
	at org.junit.internal.runners.statements.FailOnTimeout$CallableStatement.call(FailOnTimeout.java:282)
	at java.util.concurrent.FutureTask.run(FutureTask.java:266)
	at java.lang.Thread.run(Thread.java:750)
13:05:57.797 [IPC Server handler 10 on default port 44209] ERROR OMAudit - user=runner | ip=127.0.0.1 | op=GET_FILE_STATUS {volume=volume66281, bucket=bucket85504, key=gdir1/dir8, dataSize=0, replicationConfig=null} | ret=FAILURE
org.apache.hadoop.ozone.om.exceptions.OMException: Unable to get file status: volume: volume66281 bucket: bucket85504 key: gdir1/dir8
	at org.apache.hadoop.ozone.om.KeyManagerImpl.getOzoneFileStatus(KeyManagerImpl.java:1270) ~[ozone-manager-1.3.0-SNAPSHOT.jar:?]
	at org.apache.hadoop.ozone.om.KeyManagerImpl.getFileStatus(KeyManagerImpl.java:1200) ~[ozone-manager-1.3.0-SNAPSHOT.jar:?]
	at org.apache.hadoop.ozone.om.OzoneManager.getFileStatus(OzoneManager.java:3507) ~[ozone-manager-1.3.0-SNAPSHOT.jar:?]
	at org.apache.hadoop.ozone.protocolPB.OzoneManagerRequestHandler.getOzoneFileStatus(OzoneManagerRequestHandler.java:882) ~[ozone-manager-1.3.0-SNAPSHOT.jar:?]
	at org.apache.hadoop.ozone.protocolPB.OzoneManagerRequestHandler.handleReadRequest(OzoneManagerRequestHandler.java:228) ~[ozone-manager-1.3.0-SNAPSHOT.jar:?]
	at org.apache.hadoop.ozone.protocolPB.OzoneManagerProtocolServerSideTranslatorPB.submitRequestDirectlyToOM(OzoneManagerProtocolServerSideTranslatorPB.java:276) ~[ozone-manager-1.3.0-SNAPSHOT.jar:?]
	at org.apache.hadoop.ozone.protocolPB.OzoneManagerProtocolServerSideTranslatorPB.processRequest(OzoneManagerProtocolServerSideTranslatorPB.java:205) ~[ozone-manager-1.3.0-SNAPSHOT.jar:?]
	at org.apache.hadoop.hdds.server.OzoneProtocolMessageDispatcher.processRequest(OzoneProtocolMessageDispatcher.java:87) [hdds-server-framework-1.3.0-SNAPSHOT.jar:?]
	at org.apache.hadoop.ozone.protocolPB.OzoneManagerProtocolServerSideTranslatorPB.submitRequest(OzoneManagerProtocolServerSideTranslatorPB.java:147) [ozone-manager-1.3.0-SNAPSHOT.jar:?]
	at org.apache.hadoop.ozone.protocol.proto.OzoneManagerProtocolProtos$OzoneManagerService$2.callBlockingMethod(OzoneManagerProtocolProtos.java) [ozone-interface-client-1.3.0-SNAPSHOT.jar:?]
	at org.apache.hadoop.ipc.ProtobufRpcEngine$Server.processCall(ProtobufRpcEngine.java:466) [hadoop-common-3.3.1.jar:?]
	at org.apache.hadoop.ipc.ProtobufRpcEngine2$Server$ProtoBufRpcInvoker.call(ProtobufRpcEngine2.java:574) [hadoop-common-3.3.1.jar:?]
	at org.apache.hadoop.ipc.ProtobufRpcEngine2$Server$ProtoBufRpcInvoker.call(ProtobufRpcEngine2.java:552) [hadoop-common-3.3.1.jar:?]
	at org.apache.hadoop.ipc.RPC$Server.call(RPC.java:1093) [hadoop-common-3.3.1.jar:?]
	at org.apache.hadoop.ipc.Server$RpcCall.run(Server.java:1035) [hadoop-common-3.3.1.jar:?]
	at org.apache.hadoop.ipc.Server$RpcCall.run(Server.java:963) [hadoop-common-3.3.1.jar:?]
	at java.security.AccessController.doPrivileged(Native Method) ~[?:1.8.0_345]
	at javax.security.auth.Subject.doAs(Subject.java:422) [?:1.8.0_345]
	at org.apache.hadoop.security.UserGroupInformation.doAs(UserGroupInformation.java:1878) [hadoop-common-3.3.1.jar:?]
	at org.apache.hadoop.ipc.Server$Handler.run(Server.java:2966) [hadoop-common-3.3.1.jar:?]
2022-10-09 13:05:57,799 [Time-limited test] WARN  ozone.BasicOzoneFileSystem (BasicOzoneFileSystem.java:getFileStatus(765)) - GetFileStatus failed for path /gdir1/dir8
java.io.FileNotFoundException: gdir1/dir8: No such file or directory!
	at org.apache.hadoop.fs.ozone.BasicOzoneClientAdapterImpl.getFileStatus(BasicOzoneClientAdapterImpl.java:369)
	at org.apache.hadoop.fs.ozone.BasicOzoneFileSystem.getFileStatus(BasicOzoneFileSystem.java:757)
	at org.apache.hadoop.fs.ozone.TestOzoneFileSystem.checkPath(TestOzoneFileSystem.java:502)
	at org.apache.hadoop.fs.ozone.TestOzoneFileSystem.testRecursiveDelete(TestOzoneFileSystem.java:457)
	at sun.reflect.NativeMethodAccessorImpl.invoke0(Native Method)
	at sun.reflect.NativeMethodAccessorImpl.invoke(NativeMethodAccessorImpl.java:62)
	at sun.reflect.DelegatingMethodAccessorImpl.invoke(DelegatingMethodAccessorImpl.java:43)
	at java.lang.reflect.Method.invoke(Method.java:498)
	at org.junit.runners.model.FrameworkMethod$1.runReflectiveCall(FrameworkMethod.java:59)
	at org.junit.internal.runners.model.ReflectiveCallable.run(ReflectiveCallable.java:12)
	at org.junit.runners.model.FrameworkMethod.invokeExplosively(FrameworkMethod.java:56)
	at org.junit.internal.runners.statements.InvokeMethod.evaluate(InvokeMethod.java:17)
	at org.junit.internal.runners.statements.RunAfters.evaluate(RunAfters.java:27)
	at org.junit.internal.runners.statements.FailOnTimeout$CallableStatement.call(FailOnTimeout.java:288)
	at org.junit.internal.runners.statements.FailOnTimeout$CallableStatement.call(FailOnTimeout.java:282)
	at java.util.concurrent.FutureTask.run(FutureTask.java:266)
	at java.lang.Thread.run(Thread.java:750)
13:05:57.800 [IPC Server handler 1 on default port 44209] ERROR OMAudit - user=runner | ip=127.0.0.1 | op=GET_FILE_STATUS {volume=volume66281, bucket=bucket85504, key=gdir1/dir8/child, dataSize=0, replicationConfig=null} | ret=FAILURE
org.apache.hadoop.ozone.om.exceptions.OMException: Unable to get file status: volume: volume66281 bucket: bucket85504 key: gdir1/dir8/child
	at org.apache.hadoop.ozone.om.KeyManagerImpl.getOzoneFileStatus(KeyManagerImpl.java:1270) ~[ozone-manager-1.3.0-SNAPSHOT.jar:?]
	at org.apache.hadoop.ozone.om.KeyManagerImpl.getFileStatus(KeyManagerImpl.java:1200) ~[ozone-manager-1.3.0-SNAPSHOT.jar:?]
	at org.apache.hadoop.ozone.om.OzoneManager.getFileStatus(OzoneManager.java:3507) ~[ozone-manager-1.3.0-SNAPSHOT.jar:?]
	at org.apache.hadoop.ozone.protocolPB.OzoneManagerRequestHandler.getOzoneFileStatus(OzoneManagerRequestHandler.java:882) ~[ozone-manager-1.3.0-SNAPSHOT.jar:?]
	at org.apache.hadoop.ozone.protocolPB.OzoneManagerRequestHandler.handleReadRequest(OzoneManagerRequestHandler.java:228) ~[ozone-manager-1.3.0-SNAPSHOT.jar:?]
	at org.apache.hadoop.ozone.protocolPB.OzoneManagerProtocolServerSideTranslatorPB.submitRequestDirectlyToOM(OzoneManagerProtocolServerSideTranslatorPB.java:276) ~[ozone-manager-1.3.0-SNAPSHOT.jar:?]
	at org.apache.hadoop.ozone.protocolPB.OzoneManagerProtocolServerSideTranslatorPB.processRequest(OzoneManagerProtocolServerSideTranslatorPB.java:205) ~[ozone-manager-1.3.0-SNAPSHOT.jar:?]
	at org.apache.hadoop.hdds.server.OzoneProtocolMessageDispatcher.processRequest(OzoneProtocolMessageDispatcher.java:87) [hdds-server-framework-1.3.0-SNAPSHOT.jar:?]
	at org.apache.hadoop.ozone.protocolPB.OzoneManagerProtocolServerSideTranslatorPB.submitRequest(OzoneManagerProtocolServerSideTranslatorPB.java:147) [ozone-manager-1.3.0-SNAPSHOT.jar:?]
	at org.apache.hadoop.ozone.protocol.proto.OzoneManagerProtocolProtos$OzoneManagerService$2.callBlockingMethod(OzoneManagerProtocolProtos.java) [ozone-interface-client-1.3.0-SNAPSHOT.jar:?]
	at org.apache.hadoop.ipc.ProtobufRpcEngine$Server.processCall(ProtobufRpcEngine.java:466) [hadoop-common-3.3.1.jar:?]
	at org.apache.hadoop.ipc.ProtobufRpcEngine2$Server$ProtoBufRpcInvoker.call(ProtobufRpcEngine2.java:574) [hadoop-common-3.3.1.jar:?]
	at org.apache.hadoop.ipc.ProtobufRpcEngine2$Server$ProtoBufRpcInvoker.call(ProtobufRpcEngine2.java:552) [hadoop-common-3.3.1.jar:?]
	at org.apache.hadoop.ipc.RPC$Server.call(RPC.java:1093) [hadoop-common-3.3.1.jar:?]
	at org.apache.hadoop.ipc.Server$RpcCall.run(Server.java:1035) [hadoop-common-3.3.1.jar:?]
	at org.apache.hadoop.ipc.Server$RpcCall.run(Server.java:963) [hadoop-common-3.3.1.jar:?]
	at java.security.AccessController.doPrivileged(Native Method) ~[?:1.8.0_345]
	at javax.security.auth.Subject.doAs(Subject.java:422) [?:1.8.0_345]
	at org.apache.hadoop.security.UserGroupInformation.doAs(UserGroupInformation.java:1878) [hadoop-common-3.3.1.jar:?]
	at org.apache.hadoop.ipc.Server$Handler.run(Server.java:2966) [hadoop-common-3.3.1.jar:?]
2022-10-09 13:05:57,803 [Time-limited test] WARN  ozone.BasicOzoneFileSystem (BasicOzoneFileSystem.java:getFileStatus(765)) - GetFileStatus failed for path /gdir1/dir8/child
java.io.FileNotFoundException: gdir1/dir8/child: No such file or directory!
	at org.apache.hadoop.fs.ozone.BasicOzoneClientAdapterImpl.getFileStatus(BasicOzoneClientAdapterImpl.java:369)
	at org.apache.hadoop.fs.ozone.BasicOzoneFileSystem.getFileStatus(BasicOzoneFileSystem.java:757)
	at org.apache.hadoop.fs.ozone.TestOzoneFileSystem.checkPath(TestOzoneFileSystem.java:502)
	at org.apache.hadoop.fs.ozone.TestOzoneFileSystem.testRecursiveDelete(TestOzoneFileSystem.java:458)
	at sun.reflect.NativeMethodAccessorImpl.invoke0(Native Method)
	at sun.reflect.NativeMethodAccessorImpl.invoke(NativeMethodAccessorImpl.java:62)
	at sun.reflect.DelegatingMethodAccessorImpl.invoke(DelegatingMethodAccessorImpl.java:43)
	at java.lang.reflect.Method.invoke(Method.java:498)
	at org.junit.runners.model.FrameworkMethod$1.runReflectiveCall(FrameworkMethod.java:59)
	at org.junit.internal.runners.model.ReflectiveCallable.run(ReflectiveCallable.java:12)
	at org.junit.runners.model.FrameworkMethod.invokeExplosively(FrameworkMethod.java:56)
	at org.junit.internal.runners.statements.InvokeMethod.evaluate(InvokeMethod.java:17)
	at org.junit.internal.runners.statements.RunAfters.evaluate(RunAfters.java:27)
	at org.junit.internal.runners.statements.FailOnTimeout$CallableStatement.call(FailOnTimeout.java:288)
	at org.junit.internal.runners.statements.FailOnTimeout$CallableStatement.call(FailOnTimeout.java:282)
	at java.util.concurrent.FutureTask.run(FutureTask.java:266)
	at java.lang.Thread.run(Thread.java:750)
13:05:57.804 [IPC Server handler 17 on default port 44209] ERROR OMAudit - user=runner | ip=127.0.0.1 | op=GET_FILE_STATUS {volume=volume66281, bucket=bucket85504, key=gdir1/dir9, dataSize=0, replicationConfig=null} | ret=FAILURE
org.apache.hadoop.ozone.om.exceptions.OMException: Unable to get file status: volume: volume66281 bucket: bucket85504 key: gdir1/dir9
	at org.apache.hadoop.ozone.om.KeyManagerImpl.getOzoneFileStatus(KeyManagerImpl.java:1270) ~[ozone-manager-1.3.0-SNAPSHOT.jar:?]
	at org.apache.hadoop.ozone.om.KeyManagerImpl.getFileStatus(KeyManagerImpl.java:1200) ~[ozone-manager-1.3.0-SNAPSHOT.jar:?]
	at org.apache.hadoop.ozone.om.OzoneManager.getFileStatus(OzoneManager.java:3507) ~[ozone-manager-1.3.0-SNAPSHOT.jar:?]
	at org.apache.hadoop.ozone.protocolPB.OzoneManagerRequestHandler.getOzoneFileStatus(OzoneManagerRequestHandler.java:882) ~[ozone-manager-1.3.0-SNAPSHOT.jar:?]
	at org.apache.hadoop.ozone.protocolPB.OzoneManagerRequestHandler.handleReadRequest(OzoneManagerRequestHandler.java:228) ~[ozone-manager-1.3.0-SNAPSHOT.jar:?]
	at org.apache.hadoop.ozone.protocolPB.OzoneManagerProtocolServerSideTranslatorPB.submitRequestDirectlyToOM(OzoneManagerProtocolServerSideTranslatorPB.java:276) ~[ozone-manager-1.3.0-SNAPSHOT.jar:?]
	at org.apache.hadoop.ozone.protocolPB.OzoneManagerProtocolServerSideTranslatorPB.processRequest(OzoneManagerProtocolServerSideTranslatorPB.java:205) ~[ozone-manager-1.3.0-SNAPSHOT.jar:?]
	at org.apache.hadoop.hdds.server.OzoneProtocolMessageDispatcher.processRequest(OzoneProtocolMessageDispatcher.java:87) [hdds-server-framework-1.3.0-SNAPSHOT.jar:?]
	at org.apache.hadoop.ozone.protocolPB.OzoneManagerProtocolServerSideTranslatorPB.submitRequest(OzoneManagerProtocolServerSideTranslatorPB.java:147) [ozone-manager-1.3.0-SNAPSHOT.jar:?]
	at org.apache.hadoop.ozone.protocol.proto.OzoneManagerProtocolProtos$OzoneManagerService$2.callBlockingMethod(OzoneManagerProtocolProtos.java) [ozone-interface-client-1.3.0-SNAPSHOT.jar:?]
	at org.apache.hadoop.ipc.ProtobufRpcEngine$Server.processCall(ProtobufRpcEngine.java:466) [hadoop-common-3.3.1.jar:?]
	at org.apache.hadoop.ipc.ProtobufRpcEngine2$Server$ProtoBufRpcInvoker.call(ProtobufRpcEngine2.java:574) [hadoop-common-3.3.1.jar:?]
	at org.apache.hadoop.ipc.ProtobufRpcEngine2$Server$ProtoBufRpcInvoker.call(ProtobufRpcEngine2.java:552) [hadoop-common-3.3.1.jar:?]
	at org.apache.hadoop.ipc.RPC$Server.call(RPC.java:1093) [hadoop-common-3.3.1.jar:?]
	at org.apache.hadoop.ipc.Server$RpcCall.run(Server.java:1035) [hadoop-common-3.3.1.jar:?]
	at org.apache.hadoop.ipc.Server$RpcCall.run(Server.java:963) [hadoop-common-3.3.1.jar:?]
	at java.security.AccessController.doPrivileged(Native Method) ~[?:1.8.0_345]
	at javax.security.auth.Subject.doAs(Subject.java:422) [?:1.8.0_345]
	at org.apache.hadoop.security.UserGroupInformation.doAs(UserGroupInformation.java:1878) [hadoop-common-3.3.1.jar:?]
	at org.apache.hadoop.ipc.Server$Handler.run(Server.java:2966) [hadoop-common-3.3.1.jar:?]
2022-10-09 13:05:57,807 [Time-limited test] WARN  ozone.BasicOzoneFileSystem (BasicOzoneFileSystem.java:getFileStatus(765)) - GetFileStatus failed for path /gdir1/dir9
java.io.FileNotFoundException: gdir1/dir9: No such file or directory!
	at org.apache.hadoop.fs.ozone.BasicOzoneClientAdapterImpl.getFileStatus(BasicOzoneClientAdapterImpl.java:369)
	at org.apache.hadoop.fs.ozone.BasicOzoneFileSystem.getFileStatus(BasicOzoneFileSystem.java:757)
	at org.apache.hadoop.fs.ozone.TestOzoneFileSystem.checkPath(TestOzoneFileSystem.java:502)
	at org.apache.hadoop.fs.ozone.TestOzoneFileSystem.testRecursiveDelete(TestOzoneFileSystem.java:457)
	at sun.reflect.NativeMethodAccessorImpl.invoke0(Native Method)
	at sun.reflect.NativeMethodAccessorImpl.invoke(NativeMethodAccessorImpl.java:62)
	at sun.reflect.DelegatingMethodAccessorImpl.invoke(DelegatingMethodAccessorImpl.java:43)
	at java.lang.reflect.Method.invoke(Method.java:498)
	at org.junit.runners.model.FrameworkMethod$1.runReflectiveCall(FrameworkMethod.java:59)
	at org.junit.internal.runners.model.ReflectiveCallable.run(ReflectiveCallable.java:12)
	at org.junit.runners.model.FrameworkMethod.invokeExplosively(FrameworkMethod.java:56)
	at org.junit.internal.runners.statements.InvokeMethod.evaluate(InvokeMethod.java:17)
	at org.junit.internal.runners.statements.RunAfters.evaluate(RunAfters.java:27)
	at org.junit.internal.runners.statements.FailOnTimeout$CallableStatement.call(FailOnTimeout.java:288)
	at org.junit.internal.runners.statements.FailOnTimeout$CallableStatement.call(FailOnTimeout.java:282)
	at java.util.concurrent.FutureTask.run(FutureTask.java:266)
	at java.lang.Thread.run(Thread.java:750)
13:05:57.807 [IPC Server handler 15 on default port 44209] ERROR OMAudit - user=runner | ip=127.0.0.1 | op=GET_FILE_STATUS {volume=volume66281, bucket=bucket85504, key=gdir1/dir9/child, dataSize=0, replicationConfig=null} | ret=FAILURE
org.apache.hadoop.ozone.om.exceptions.OMException: Unable to get file status: volume: volume66281 bucket: bucket85504 key: gdir1/dir9/child
	at org.apache.hadoop.ozone.om.KeyManagerImpl.getOzoneFileStatus(KeyManagerImpl.java:1270) ~[ozone-manager-1.3.0-SNAPSHOT.jar:?]
	at org.apache.hadoop.ozone.om.KeyManagerImpl.getFileStatus(KeyManagerImpl.java:1200) ~[ozone-manager-1.3.0-SNAPSHOT.jar:?]
	at org.apache.hadoop.ozone.om.OzoneManager.getFileStatus(OzoneManager.java:3507) ~[ozone-manager-1.3.0-SNAPSHOT.jar:?]
	at org.apache.hadoop.ozone.protocolPB.OzoneManagerRequestHandler.getOzoneFileStatus(OzoneManagerRequestHandler.java:882) ~[ozone-manager-1.3.0-SNAPSHOT.jar:?]
	at org.apache.hadoop.ozone.protocolPB.OzoneManagerRequestHandler.handleReadRequest(OzoneManagerRequestHandler.java:228) ~[ozone-manager-1.3.0-SNAPSHOT.jar:?]
	at org.apache.hadoop.ozone.protocolPB.OzoneManagerProtocolServerSideTranslatorPB.submitRequestDirectlyToOM(OzoneManagerProtocolServerSideTranslatorPB.java:276) ~[ozone-manager-1.3.0-SNAPSHOT.jar:?]
	at org.apache.hadoop.ozone.protocolPB.OzoneManagerProtocolServerSideTranslatorPB.processRequest(OzoneManagerProtocolServerSideTranslatorPB.java:205) ~[ozone-manager-1.3.0-SNAPSHOT.jar:?]
	at org.apache.hadoop.hdds.server.OzoneProtocolMessageDispatcher.processRequest(OzoneProtocolMessageDispatcher.java:87) [hdds-server-framework-1.3.0-SNAPSHOT.jar:?]
	at org.apache.hadoop.ozone.protocolPB.OzoneManagerProtocolServerSideTranslatorPB.submitRequest(OzoneManagerProtocolServerSideTranslatorPB.java:147) [ozone-manager-1.3.0-SNAPSHOT.jar:?]
	at org.apache.hadoop.ozone.protocol.proto.OzoneManagerProtocolProtos$OzoneManagerService$2.callBlockingMethod(OzoneManagerProtocolProtos.java) [ozone-interface-client-1.3.0-SNAPSHOT.jar:?]
	at org.apache.hadoop.ipc.ProtobufRpcEngine$Server.processCall(ProtobufRpcEngine.java:466) [hadoop-common-3.3.1.jar:?]
	at org.apache.hadoop.ipc.ProtobufRpcEngine2$Server$ProtoBufRpcInvoker.call(ProtobufRpcEngine2.java:574) [hadoop-common-3.3.1.jar:?]
	at org.apache.hadoop.ipc.ProtobufRpcEngine2$Server$ProtoBufRpcInvoker.call(ProtobufRpcEngine2.java:552) [hadoop-common-3.3.1.jar:?]
	at org.apache.hadoop.ipc.RPC$Server.call(RPC.java:1093) [hadoop-common-3.3.1.jar:?]
	at org.apache.hadoop.ipc.Server$RpcCall.run(Server.java:1035) [hadoop-common-3.3.1.jar:?]
	at org.apache.hadoop.ipc.Server$RpcCall.run(Server.java:963) [hadoop-common-3.3.1.jar:?]
	at java.security.AccessController.doPrivileged(Native Method) ~[?:1.8.0_345]
	at javax.security.auth.Subject.doAs(Subject.java:422) [?:1.8.0_345]
	at org.apache.hadoop.security.UserGroupInformation.doAs(UserGroupInformation.java:1878) [hadoop-common-3.3.1.jar:?]
	at org.apache.hadoop.ipc.Server$Handler.run(Server.java:2966) [hadoop-common-3.3.1.jar:?]
2022-10-09 13:05:57,808 [Time-limited test] WARN  ozone.BasicOzoneFileSystem (BasicOzoneFileSystem.java:getFileStatus(765)) - GetFileStatus failed for path /gdir1/dir9/child
java.io.FileNotFoundException: gdir1/dir9/child: No such file or directory!
	at org.apache.hadoop.fs.ozone.BasicOzoneClientAdapterImpl.getFileStatus(BasicOzoneClientAdapterImpl.java:369)
	at org.apache.hadoop.fs.ozone.BasicOzoneFileSystem.getFileStatus(BasicOzoneFileSystem.java:757)
	at org.apache.hadoop.fs.ozone.TestOzoneFileSystem.checkPath(TestOzoneFileSystem.java:502)
	at org.apache.hadoop.fs.ozone.TestOzoneFileSystem.testRecursiveDelete(TestOzoneFileSystem.java:458)
	at sun.reflect.NativeMethodAccessorImpl.invoke0(Native Method)
	at sun.reflect.NativeMethodAccessorImpl.invoke(NativeMethodAccessorImpl.java:62)
	at sun.reflect.DelegatingMethodAccessorImpl.invoke(DelegatingMethodAccessorImpl.java:43)
	at java.lang.reflect.Method.invoke(Method.java:498)
	at org.junit.runners.model.FrameworkMethod$1.runReflectiveCall(FrameworkMethod.java:59)
	at org.junit.internal.runners.model.ReflectiveCallable.run(ReflectiveCallable.java:12)
	at org.junit.runners.model.FrameworkMethod.invokeExplosively(FrameworkMethod.java:56)
	at org.junit.internal.runners.statements.InvokeMethod.evaluate(InvokeMethod.java:17)
	at org.junit.internal.runners.statements.RunAfters.evaluate(RunAfters.java:27)
	at org.junit.internal.runners.statements.FailOnTimeout$CallableStatement.call(FailOnTimeout.java:288)
	at org.junit.internal.runners.statements.FailOnTimeout$CallableStatement.call(FailOnTimeout.java:282)
	at java.util.concurrent.FutureTask.run(FutureTask.java:266)
	at java.lang.Thread.run(Thread.java:750)
13:05:57.809 [IPC Server handler 19 on default port 44209] ERROR OMAudit - user=runner | ip=127.0.0.1 | op=GET_FILE_STATUS {volume=volume66281, bucket=bucket85504, key=gdir1/dir10, dataSize=0, replicationConfig=null} | ret=FAILURE
org.apache.hadoop.ozone.om.exceptions.OMException: Unable to get file status: volume: volume66281 bucket: bucket85504 key: gdir1/dir10
	at org.apache.hadoop.ozone.om.KeyManagerImpl.getOzoneFileStatus(KeyManagerImpl.java:1270) ~[ozone-manager-1.3.0-SNAPSHOT.jar:?]
	at org.apache.hadoop.ozone.om.KeyManagerImpl.getFileStatus(KeyManagerImpl.java:1200) ~[ozone-manager-1.3.0-SNAPSHOT.jar:?]
	at org.apache.hadoop.ozone.om.OzoneManager.getFileStatus(OzoneManager.java:3507) ~[ozone-manager-1.3.0-SNAPSHOT.jar:?]
	at org.apache.hadoop.ozone.protocolPB.OzoneManagerRequestHandler.getOzoneFileStatus(OzoneManagerRequestHandler.java:882) ~[ozone-manager-1.3.0-SNAPSHOT.jar:?]
	at org.apache.hadoop.ozone.protocolPB.OzoneManagerRequestHandler.handleReadRequest(OzoneManagerRequestHandler.java:228) ~[ozone-manager-1.3.0-SNAPSHOT.jar:?]
	at org.apache.hadoop.ozone.protocolPB.OzoneManagerProtocolServerSideTranslatorPB.submitRequestDirectlyToOM(OzoneManagerProtocolServerSideTranslatorPB.java:276) ~[ozone-manager-1.3.0-SNAPSHOT.jar:?]
	at org.apache.hadoop.ozone.protocolPB.OzoneManagerProtocolServerSideTranslatorPB.processRequest(OzoneManagerProtocolServerSideTranslatorPB.java:205) ~[ozone-manager-1.3.0-SNAPSHOT.jar:?]
	at org.apache.hadoop.hdds.server.OzoneProtocolMessageDispatcher.processRequest(OzoneProtocolMessageDispatcher.java:87) [hdds-server-framework-1.3.0-SNAPSHOT.jar:?]
	at org.apache.hadoop.ozone.protocolPB.OzoneManagerProtocolServerSideTranslatorPB.submitRequest(OzoneManagerProtocolServerSideTranslatorPB.java:147) [ozone-manager-1.3.0-SNAPSHOT.jar:?]
	at org.apache.hadoop.ozone.protocol.proto.OzoneManagerProtocolProtos$OzoneManagerService$2.callBlockingMethod(OzoneManagerProtocolProtos.java) [ozone-interface-client-1.3.0-SNAPSHOT.jar:?]
	at org.apache.hadoop.ipc.ProtobufRpcEngine$Server.processCall(ProtobufRpcEngine.java:466) [hadoop-common-3.3.1.jar:?]
	at org.apache.hadoop.ipc.ProtobufRpcEngine2$Server$ProtoBufRpcInvoker.call(ProtobufRpcEngine2.java:574) [hadoop-common-3.3.1.jar:?]
	at org.apache.hadoop.ipc.ProtobufRpcEngine2$Server$ProtoBufRpcInvoker.call(ProtobufRpcEngine2.java:552) [hadoop-common-3.3.1.jar:?]
	at org.apache.hadoop.ipc.RPC$Server.call(RPC.java:1093) [hadoop-common-3.3.1.jar:?]
	at org.apache.hadoop.ipc.Server$RpcCall.run(Server.java:1035) [hadoop-common-3.3.1.jar:?]
	at org.apache.hadoop.ipc.Server$RpcCall.run(Server.java:963) [hadoop-common-3.3.1.jar:?]
	at java.security.AccessController.doPrivileged(Native Method) ~[?:1.8.0_345]
	at javax.security.auth.Subject.doAs(Subject.java:422) [?:1.8.0_345]
	at org.apache.hadoop.security.UserGroupInformation.doAs(UserGroupInformation.java:1878) [hadoop-common-3.3.1.jar:?]
	at org.apache.hadoop.ipc.Server$Handler.run(Server.java:2966) [hadoop-common-3.3.1.jar:?]
2022-10-09 13:05:57,809 [Time-limited test] WARN  ozone.BasicOzoneFileSystem (BasicOzoneFileSystem.java:getFileStatus(765)) - GetFileStatus failed for path /gdir1/dir10
java.io.FileNotFoundException: gdir1/dir10: No such file or directory!
	at org.apache.hadoop.fs.ozone.BasicOzoneClientAdapterImpl.getFileStatus(BasicOzoneClientAdapterImpl.java:369)
	at org.apache.hadoop.fs.ozone.BasicOzoneFileSystem.getFileStatus(BasicOzoneFileSystem.java:757)
	at org.apache.hadoop.fs.ozone.TestOzoneFileSystem.checkPath(TestOzoneFileSystem.java:502)
	at org.apache.hadoop.fs.ozone.TestOzoneFileSystem.testRecursiveDelete(TestOzoneFileSystem.java:457)
	at sun.reflect.NativeMethodAccessorImpl.invoke0(Native Method)
	at sun.reflect.NativeMethodAccessorImpl.invoke(NativeMethodAccessorImpl.java:62)
	at sun.reflect.DelegatingMethodAccessorImpl.invoke(DelegatingMethodAccessorImpl.java:43)
	at java.lang.reflect.Method.invoke(Method.java:498)
	at org.junit.runners.model.FrameworkMethod$1.runReflectiveCall(FrameworkMethod.java:59)
	at org.junit.internal.runners.model.ReflectiveCallable.run(ReflectiveCallable.java:12)
	at org.junit.runners.model.FrameworkMethod.invokeExplosively(FrameworkMethod.java:56)
	at org.junit.internal.runners.statements.InvokeMethod.evaluate(InvokeMethod.java:17)
	at org.junit.internal.runners.statements.RunAfters.evaluate(RunAfters.java:27)
	at org.junit.internal.runners.statements.FailOnTimeout$CallableStatement.call(FailOnTimeout.java:288)
	at org.junit.internal.runners.statements.FailOnTimeout$CallableStatement.call(FailOnTimeout.java:282)
	at java.util.concurrent.FutureTask.run(FutureTask.java:266)
	at java.lang.Thread.run(Thread.java:750)
13:05:57.810 [IPC Server handler 16 on default port 44209] ERROR OMAudit - user=runner | ip=127.0.0.1 | op=GET_FILE_STATUS {volume=volume66281, bucket=bucket85504, key=gdir1/dir10/child, dataSize=0, replicationConfig=null} | ret=FAILURE
org.apache.hadoop.ozone.om.exceptions.OMException: Unable to get file status: volume: volume66281 bucket: bucket85504 key: gdir1/dir10/child
	at org.apache.hadoop.ozone.om.KeyManagerImpl.getOzoneFileStatus(KeyManagerImpl.java:1270) ~[ozone-manager-1.3.0-SNAPSHOT.jar:?]
	at org.apache.hadoop.ozone.om.KeyManagerImpl.getFileStatus(KeyManagerImpl.java:1200) ~[ozone-manager-1.3.0-SNAPSHOT.jar:?]
	at org.apache.hadoop.ozone.om.OzoneManager.getFileStatus(OzoneManager.java:3507) ~[ozone-manager-1.3.0-SNAPSHOT.jar:?]
	at org.apache.hadoop.ozone.protocolPB.OzoneManagerRequestHandler.getOzoneFileStatus(OzoneManagerRequestHandler.java:882) ~[ozone-manager-1.3.0-SNAPSHOT.jar:?]
	at org.apache.hadoop.ozone.protocolPB.OzoneManagerRequestHandler.handleReadRequest(OzoneManagerRequestHandler.java:228) ~[ozone-manager-1.3.0-SNAPSHOT.jar:?]
	at org.apache.hadoop.ozone.protocolPB.OzoneManagerProtocolServerSideTranslatorPB.submitRequestDirectlyToOM(OzoneManagerProtocolServerSideTranslatorPB.java:276) ~[ozone-manager-1.3.0-SNAPSHOT.jar:?]
	at org.apache.hadoop.ozone.protocolPB.OzoneManagerProtocolServerSideTranslatorPB.processRequest(OzoneManagerProtocolServerSideTranslatorPB.java:205) ~[ozone-manager-1.3.0-SNAPSHOT.jar:?]
	at org.apache.hadoop.hdds.server.OzoneProtocolMessageDispatcher.processRequest(OzoneProtocolMessageDispatcher.java:87) [hdds-server-framework-1.3.0-SNAPSHOT.jar:?]
	at org.apache.hadoop.ozone.protocolPB.OzoneManagerProtocolServerSideTranslatorPB.submitRequest(OzoneManagerProtocolServerSideTranslatorPB.java:147) [ozone-manager-1.3.0-SNAPSHOT.jar:?]
	at org.apache.hadoop.ozone.protocol.proto.OzoneManagerProtocolProtos$OzoneManagerService$2.callBlockingMethod(OzoneManagerProtocolProtos.java) [ozone-interface-client-1.3.0-SNAPSHOT.jar:?]
	at org.apache.hadoop.ipc.ProtobufRpcEngine$Server.processCall(ProtobufRpcEngine.java:466) [hadoop-common-3.3.1.jar:?]
	at org.apache.hadoop.ipc.ProtobufRpcEngine2$Server$ProtoBufRpcInvoker.call(ProtobufRpcEngine2.java:574) [hadoop-common-3.3.1.jar:?]
	at org.apache.hadoop.ipc.ProtobufRpcEngine2$Server$ProtoBufRpcInvoker.call(ProtobufRpcEngine2.java:552) [hadoop-common-3.3.1.jar:?]
	at org.apache.hadoop.ipc.RPC$Server.call(RPC.java:1093) [hadoop-common-3.3.1.jar:?]
	at org.apache.hadoop.ipc.Server$RpcCall.run(Server.java:1035) [hadoop-common-3.3.1.jar:?]
	at org.apache.hadoop.ipc.Server$RpcCall.run(Server.java:963) [hadoop-common-3.3.1.jar:?]
	at java.security.AccessController.doPrivileged(Native Method) ~[?:1.8.0_345]
	at javax.security.auth.Subject.doAs(Subject.java:422) [?:1.8.0_345]
	at org.apache.hadoop.security.UserGroupInformation.doAs(UserGroupInformation.java:1878) [hadoop-common-3.3.1.jar:?]
	at org.apache.hadoop.ipc.Server$Handler.run(Server.java:2966) [hadoop-common-3.3.1.jar:?]
2022-10-09 13:05:57,811 [Time-limited test] WARN  ozone.BasicOzoneFileSystem (BasicOzoneFileSystem.java:getFileStatus(765)) - GetFileStatus failed for path /gdir1/dir10/child
java.io.FileNotFoundException: gdir1/dir10/child: No such file or directory!
	at org.apache.hadoop.fs.ozone.BasicOzoneClientAdapterImpl.getFileStatus(BasicOzoneClientAdapterImpl.java:369)
	at org.apache.hadoop.fs.ozone.BasicOzoneFileSystem.getFileStatus(BasicOzoneFileSystem.java:757)
	at org.apache.hadoop.fs.ozone.TestOzoneFileSystem.checkPath(TestOzoneFileSystem.java:502)
	at org.apache.hadoop.fs.ozone.TestOzoneFileSystem.testRecursiveDelete(TestOzoneFileSystem.java:458)
	at sun.reflect.NativeMethodAccessorImpl.invoke0(Native Method)
	at sun.reflect.NativeMethodAccessorImpl.invoke(NativeMethodAccessorImpl.java:62)
	at sun.reflect.DelegatingMethodAccessorImpl.invoke(DelegatingMethodAccessorImpl.java:43)
	at java.lang.reflect.Method.invoke(Method.java:498)
	at org.junit.runners.model.FrameworkMethod$1.runReflectiveCall(FrameworkMethod.java:59)
	at org.junit.internal.runners.model.ReflectiveCallable.run(ReflectiveCallable.java:12)
	at org.junit.runners.model.FrameworkMethod.invokeExplosively(FrameworkMethod.java:56)
	at org.junit.internal.runners.statements.InvokeMethod.evaluate(InvokeMethod.java:17)
	at org.junit.internal.runners.statements.RunAfters.evaluate(RunAfters.java:27)
	at org.junit.internal.runners.statements.FailOnTimeout$CallableStatement.call(FailOnTimeout.java:288)
	at org.junit.internal.runners.statements.FailOnTimeout$CallableStatement.call(FailOnTimeout.java:282)
	at java.util.concurrent.FutureTask.run(FutureTask.java:266)
	at java.lang.Thread.run(Thread.java:750)
13:05:57.859 [IPC Server handler 11 on default port 44209] ERROR OMAudit - user=runner | ip=127.0.0.1 | op=GET_FILE_STATUS {volume=volume66281, bucket=bucket85504, key=level0, dataSize=0, replicationConfig=null} | ret=FAILURE
org.apache.hadoop.ozone.om.exceptions.OMException: Unable to get file status: volume: volume66281 bucket: bucket85504 key: level0
	at org.apache.hadoop.ozone.om.KeyManagerImpl.getOzoneFileStatus(KeyManagerImpl.java:1270) ~[ozone-manager-1.3.0-SNAPSHOT.jar:?]
	at org.apache.hadoop.ozone.om.KeyManagerImpl.getFileStatus(KeyManagerImpl.java:1200) ~[ozone-manager-1.3.0-SNAPSHOT.jar:?]
	at org.apache.hadoop.ozone.om.OzoneManager.getFileStatus(OzoneManager.java:3507) ~[ozone-manager-1.3.0-SNAPSHOT.jar:?]
	at org.apache.hadoop.ozone.protocolPB.OzoneManagerRequestHandler.getOzoneFileStatus(OzoneManagerRequestHandler.java:882) ~[ozone-manager-1.3.0-SNAPSHOT.jar:?]
	at org.apache.hadoop.ozone.protocolPB.OzoneManagerRequestHandler.handleReadRequest(OzoneManagerRequestHandler.java:228) ~[ozone-manager-1.3.0-SNAPSHOT.jar:?]
	at org.apache.hadoop.ozone.protocolPB.OzoneManagerProtocolServerSideTranslatorPB.submitRequestDirectlyToOM(OzoneManagerProtocolServerSideTranslatorPB.java:276) ~[ozone-manager-1.3.0-SNAPSHOT.jar:?]
	at org.apache.hadoop.ozone.protocolPB.OzoneManagerProtocolServerSideTranslatorPB.processRequest(OzoneManagerProtocolServerSideTranslatorPB.java:205) ~[ozone-manager-1.3.0-SNAPSHOT.jar:?]
	at org.apache.hadoop.hdds.server.OzoneProtocolMessageDispatcher.processRequest(OzoneProtocolMessageDispatcher.java:87) [hdds-server-framework-1.3.0-SNAPSHOT.jar:?]
	at org.apache.hadoop.ozone.protocolPB.OzoneManagerProtocolServerSideTranslatorPB.submitRequest(OzoneManagerProtocolServerSideTranslatorPB.java:147) [ozone-manager-1.3.0-SNAPSHOT.jar:?]
	at org.apache.hadoop.ozone.protocol.proto.OzoneManagerProtocolProtos$OzoneManagerService$2.callBlockingMethod(OzoneManagerProtocolProtos.java) [ozone-interface-client-1.3.0-SNAPSHOT.jar:?]
	at org.apache.hadoop.ipc.ProtobufRpcEngine$Server.processCall(ProtobufRpcEngine.java:466) [hadoop-common-3.3.1.jar:?]
	at org.apache.hadoop.ipc.ProtobufRpcEngine2$Server$ProtoBufRpcInvoker.call(ProtobufRpcEngine2.java:574) [hadoop-common-3.3.1.jar:?]
	at org.apache.hadoop.ipc.ProtobufRpcEngine2$Server$ProtoBufRpcInvoker.call(ProtobufRpcEngine2.java:552) [hadoop-common-3.3.1.jar:?]
	at org.apache.hadoop.ipc.RPC$Server.call(RPC.java:1093) [hadoop-common-3.3.1.jar:?]
	at org.apache.hadoop.ipc.Server$RpcCall.run(Server.java:1035) [hadoop-common-3.3.1.jar:?]
	at org.apache.hadoop.ipc.Server$RpcCall.run(Server.java:963) [hadoop-common-3.3.1.jar:?]
	at java.security.AccessController.doPrivileged(Native Method) ~[?:1.8.0_345]
	at javax.security.auth.Subject.doAs(Subject.java:422) [?:1.8.0_345]
	at org.apache.hadoop.security.UserGroupInformation.doAs(UserGroupInformation.java:1878) [hadoop-common-3.3.1.jar:?]
	at org.apache.hadoop.ipc.Server$Handler.run(Server.java:2966) [hadoop-common-3.3.1.jar:?]
2022-10-09 13:05:57,861 [Time-limited test] WARN  ozone.BasicOzoneFileSystem (BasicOzoneFileSystem.java:getFileStatus(765)) - GetFileStatus failed for path /level0
java.io.FileNotFoundException: level0: No such file or directory!
	at org.apache.hadoop.fs.ozone.BasicOzoneClientAdapterImpl.getFileStatus(BasicOzoneClientAdapterImpl.java:369)
	at org.apache.hadoop.fs.ozone.BasicOzoneFileSystem.getFileStatus(BasicOzoneFileSystem.java:757)
	at org.apache.hadoop.fs.ozone.TestOzoneFileSystem.checkPath(TestOzoneFileSystem.java:502)
	at org.apache.hadoop.fs.ozone.TestOzoneFileSystem.testRecursiveDelete(TestOzoneFileSystem.java:486)
	at sun.reflect.NativeMethodAccessorImpl.invoke0(Native Method)
	at sun.reflect.NativeMethodAccessorImpl.invoke(NativeMethodAccessorImpl.java:62)
	at sun.reflect.DelegatingMethodAccessorImpl.invoke(DelegatingMethodAccessorImpl.java:43)
	at java.lang.reflect.Method.invoke(Method.java:498)
	at org.junit.runners.model.FrameworkMethod$1.runReflectiveCall(FrameworkMethod.java:59)
	at org.junit.internal.runners.model.ReflectiveCallable.run(ReflectiveCallable.java:12)
	at org.junit.runners.model.FrameworkMethod.invokeExplosively(FrameworkMethod.java:56)
	at org.junit.internal.runners.statements.InvokeMethod.evaluate(InvokeMethod.java:17)
	at org.junit.internal.runners.statements.RunAfters.evaluate(RunAfters.java:27)
	at org.junit.internal.runners.statements.FailOnTimeout$CallableStatement.call(FailOnTimeout.java:288)
	at org.junit.internal.runners.statements.FailOnTimeout$CallableStatement.call(FailOnTimeout.java:282)
	at java.util.concurrent.FutureTask.run(FutureTask.java:266)
	at java.lang.Thread.run(Thread.java:750)
13:05:57.861 [IPC Server handler 10 on default port 44209] ERROR OMAudit - user=runner | ip=127.0.0.1 | op=GET_FILE_STATUS {volume=volume66281, bucket=bucket85504, key=level0/level1, dataSize=0, replicationConfig=null} | ret=FAILURE
org.apache.hadoop.ozone.om.exceptions.OMException: Unable to get file status: volume: volume66281 bucket: bucket85504 key: level0/level1
	at org.apache.hadoop.ozone.om.KeyManagerImpl.getOzoneFileStatus(KeyManagerImpl.java:1270) ~[ozone-manager-1.3.0-SNAPSHOT.jar:?]
	at org.apache.hadoop.ozone.om.KeyManagerImpl.getFileStatus(KeyManagerImpl.java:1200) ~[ozone-manager-1.3.0-SNAPSHOT.jar:?]
	at org.apache.hadoop.ozone.om.OzoneManager.getFileStatus(OzoneManager.java:3507) ~[ozone-manager-1.3.0-SNAPSHOT.jar:?]
	at org.apache.hadoop.ozone.protocolPB.OzoneManagerRequestHandler.getOzoneFileStatus(OzoneManagerRequestHandler.java:882) ~[ozone-manager-1.3.0-SNAPSHOT.jar:?]
	at org.apache.hadoop.ozone.protocolPB.OzoneManagerRequestHandler.handleReadRequest(OzoneManagerRequestHandler.java:228) ~[ozone-manager-1.3.0-SNAPSHOT.jar:?]
	at org.apache.hadoop.ozone.protocolPB.OzoneManagerProtocolServerSideTranslatorPB.submitRequestDirectlyToOM(OzoneManagerProtocolServerSideTranslatorPB.java:276) ~[ozone-manager-1.3.0-SNAPSHOT.jar:?]
	at org.apache.hadoop.ozone.protocolPB.OzoneManagerProtocolServerSideTranslatorPB.processRequest(OzoneManagerProtocolServerSideTranslatorPB.java:205) ~[ozone-manager-1.3.0-SNAPSHOT.jar:?]
	at org.apache.hadoop.hdds.server.OzoneProtocolMessageDispatcher.processRequest(OzoneProtocolMessageDispatcher.java:87) [hdds-server-framework-1.3.0-SNAPSHOT.jar:?]
	at org.apache.hadoop.ozone.protocolPB.OzoneManagerProtocolServerSideTranslatorPB.submitRequest(OzoneManagerProtocolServerSideTranslatorPB.java:147) [ozone-manager-1.3.0-SNAPSHOT.jar:?]
	at org.apache.hadoop.ozone.protocol.proto.OzoneManagerProtocolProtos$OzoneManagerService$2.callBlockingMethod(OzoneManagerProtocolProtos.java) [ozone-interface-client-1.3.0-SNAPSHOT.jar:?]
	at org.apache.hadoop.ipc.ProtobufRpcEngine$Server.processCall(ProtobufRpcEngine.java:466) [hadoop-common-3.3.1.jar:?]
	at org.apache.hadoop.ipc.ProtobufRpcEngine2$Server$ProtoBufRpcInvoker.call(ProtobufRpcEngine2.java:574) [hadoop-common-3.3.1.jar:?]
	at org.apache.hadoop.ipc.ProtobufRpcEngine2$Server$ProtoBufRpcInvoker.call(ProtobufRpcEngine2.java:552) [hadoop-common-3.3.1.jar:?]
	at org.apache.hadoop.ipc.RPC$Server.call(RPC.java:1093) [hadoop-common-3.3.1.jar:?]
	at org.apache.hadoop.ipc.Server$RpcCall.run(Server.java:1035) [hadoop-common-3.3.1.jar:?]
	at org.apache.hadoop.ipc.Server$RpcCall.run(Server.java:963) [hadoop-common-3.3.1.jar:?]
	at java.security.AccessController.doPrivileged(Native Method) ~[?:1.8.0_345]
	at javax.security.auth.Subject.doAs(Subject.java:422) [?:1.8.0_345]
	at org.apache.hadoop.security.UserGroupInformation.doAs(UserGroupInformation.java:1878) [hadoop-common-3.3.1.jar:?]
	at org.apache.hadoop.ipc.Server$Handler.run(Server.java:2966) [hadoop-common-3.3.1.jar:?]
2022-10-09 13:05:57,863 [Time-limited test] WARN  ozone.BasicOzoneFileSystem (BasicOzoneFileSystem.java:getFileStatus(765)) - GetFileStatus failed for path /level0/level1
java.io.FileNotFoundException: level0/level1: No such file or directory!
	at org.apache.hadoop.fs.ozone.BasicOzoneClientAdapterImpl.getFileStatus(BasicOzoneClientAdapterImpl.java:369)
	at org.apache.hadoop.fs.ozone.BasicOzoneFileSystem.getFileStatus(BasicOzoneFileSystem.java:757)
	at org.apache.hadoop.fs.ozone.TestOzoneFileSystem.checkPath(TestOzoneFileSystem.java:502)
	at org.apache.hadoop.fs.ozone.TestOzoneFileSystem.testRecursiveDelete(TestOzoneFileSystem.java:493)
	at sun.reflect.NativeMethodAccessorImpl.invoke0(Native Method)
	at sun.reflect.NativeMethodAccessorImpl.invoke(NativeMethodAccessorImpl.java:62)
	at sun.reflect.DelegatingMethodAccessorImpl.invoke(DelegatingMethodAccessorImpl.java:43)
	at java.lang.reflect.Method.invoke(Method.java:498)
	at org.junit.runners.model.FrameworkMethod$1.runReflectiveCall(FrameworkMethod.java:59)
	at org.junit.internal.runners.model.ReflectiveCallable.run(ReflectiveCallable.java:12)
	at org.junit.runners.model.FrameworkMethod.invokeExplosively(FrameworkMethod.java:56)
	at org.junit.internal.runners.statements.InvokeMethod.evaluate(InvokeMethod.java:17)
	at org.junit.internal.runners.statements.RunAfters.evaluate(RunAfters.java:27)
	at org.junit.internal.runners.statements.FailOnTimeout$CallableStatement.call(FailOnTimeout.java:288)
	at org.junit.internal.runners.statements.FailOnTimeout$CallableStatement.call(FailOnTimeout.java:282)
	at java.util.concurrent.FutureTask.run(FutureTask.java:266)
	at java.lang.Thread.run(Thread.java:750)
13:05:57.864 [IPC Server handler 1 on default port 44209] ERROR OMAudit - user=runner | ip=127.0.0.1 | op=GET_FILE_STATUS {volume=volume66281, bucket=bucket85504, key=level0/level1/level1, dataSize=0, replicationConfig=null} | ret=FAILURE
org.apache.hadoop.ozone.om.exceptions.OMException: Unable to get file status: volume: volume66281 bucket: bucket85504 key: level0/level1/level1
	at org.apache.hadoop.ozone.om.KeyManagerImpl.getOzoneFileStatus(KeyManagerImpl.java:1270) ~[ozone-manager-1.3.0-SNAPSHOT.jar:?]
	at org.apache.hadoop.ozone.om.KeyManagerImpl.getFileStatus(KeyManagerImpl.java:1200) ~[ozone-manager-1.3.0-SNAPSHOT.jar:?]
	at org.apache.hadoop.ozone.om.OzoneManager.getFileStatus(OzoneManager.java:3507) ~[ozone-manager-1.3.0-SNAPSHOT.jar:?]
	at org.apache.hadoop.ozone.protocolPB.OzoneManagerRequestHandler.getOzoneFileStatus(OzoneManagerRequestHandler.java:882) ~[ozone-manager-1.3.0-SNAPSHOT.jar:?]
	at org.apache.hadoop.ozone.protocolPB.OzoneManagerRequestHandler.handleReadRequest(OzoneManagerRequestHandler.java:228) ~[ozone-manager-1.3.0-SNAPSHOT.jar:?]
	at org.apache.hadoop.ozone.protocolPB.OzoneManagerProtocolServerSideTranslatorPB.submitRequestDirectlyToOM(OzoneManagerProtocolServerSideTranslatorPB.java:276) ~[ozone-manager-1.3.0-SNAPSHOT.jar:?]
	at org.apache.hadoop.ozone.protocolPB.OzoneManagerProtocolServerSideTranslatorPB.processRequest(OzoneManagerProtocolServerSideTranslatorPB.java:205) ~[ozone-manager-1.3.0-SNAPSHOT.jar:?]
	at org.apache.hadoop.hdds.server.OzoneProtocolMessageDispatcher.processRequest(OzoneProtocolMessageDispatcher.java:87) [hdds-server-framework-1.3.0-SNAPSHOT.jar:?]
	at org.apache.hadoop.ozone.protocolPB.OzoneManagerProtocolServerSideTranslatorPB.submitRequest(OzoneManagerProtocolServerSideTranslatorPB.java:147) [ozone-manager-1.3.0-SNAPSHOT.jar:?]
	at org.apache.hadoop.ozone.protocol.proto.OzoneManagerProtocolProtos$OzoneManagerService$2.callBlockingMethod(OzoneManagerProtocolProtos.java) [ozone-interface-client-1.3.0-SNAPSHOT.jar:?]
	at org.apache.hadoop.ipc.ProtobufRpcEngine$Server.processCall(ProtobufRpcEngine.java:466) [hadoop-common-3.3.1.jar:?]
	at org.apache.hadoop.ipc.ProtobufRpcEngine2$Server$ProtoBufRpcInvoker.call(ProtobufRpcEngine2.java:574) [hadoop-common-3.3.1.jar:?]
	at org.apache.hadoop.ipc.ProtobufRpcEngine2$Server$ProtoBufRpcInvoker.call(ProtobufRpcEngine2.java:552) [hadoop-common-3.3.1.jar:?]
	at org.apache.hadoop.ipc.RPC$Server.call(RPC.java:1093) [hadoop-common-3.3.1.jar:?]
	at org.apache.hadoop.ipc.Server$RpcCall.run(Server.java:1035) [hadoop-common-3.3.1.jar:?]
	at org.apache.hadoop.ipc.Server$RpcCall.run(Server.java:963) [hadoop-common-3.3.1.jar:?]
	at java.security.AccessController.doPrivileged(Native Method) ~[?:1.8.0_345]
	at javax.security.auth.Subject.doAs(Subject.java:422) [?:1.8.0_345]
	at org.apache.hadoop.security.UserGroupInformation.doAs(UserGroupInformation.java:1878) [hadoop-common-3.3.1.jar:?]
	at org.apache.hadoop.ipc.Server$Handler.run(Server.java:2966) [hadoop-common-3.3.1.jar:?]
2022-10-09 13:05:57,867 [Time-limited test] WARN  ozone.BasicOzoneFileSystem (BasicOzoneFileSystem.java:getFileStatus(765)) - GetFileStatus failed for path /level0/level1/level1
java.io.FileNotFoundException: level0/level1/level1: No such file or directory!
	at org.apache.hadoop.fs.ozone.BasicOzoneClientAdapterImpl.getFileStatus(BasicOzoneClientAdapterImpl.java:369)
	at org.apache.hadoop.fs.ozone.BasicOzoneFileSystem.getFileStatus(BasicOzoneFileSystem.java:757)
	at org.apache.hadoop.fs.ozone.TestOzoneFileSystem.checkPath(TestOzoneFileSystem.java:502)
	at org.apache.hadoop.fs.ozone.TestOzoneFileSystem.testRecursiveDelete(TestOzoneFileSystem.java:494)
	at sun.reflect.NativeMethodAccessorImpl.invoke0(Native Method)
	at sun.reflect.NativeMethodAccessorImpl.invoke(NativeMethodAccessorImpl.java:62)
	at sun.reflect.DelegatingMethodAccessorImpl.invoke(DelegatingMethodAccessorImpl.java:43)
	at java.lang.reflect.Method.invoke(Method.java:498)
	at org.junit.runners.model.FrameworkMethod$1.runReflectiveCall(FrameworkMethod.java:59)
	at org.junit.internal.runners.model.ReflectiveCallable.run(ReflectiveCallable.java:12)
	at org.junit.runners.model.FrameworkMethod.invokeExplosively(FrameworkMethod.java:56)
	at org.junit.internal.runners.statements.InvokeMethod.evaluate(InvokeMethod.java:17)
	at org.junit.internal.runners.statements.RunAfters.evaluate(RunAfters.java:27)
	at org.junit.internal.runners.statements.FailOnTimeout$CallableStatement.call(FailOnTimeout.java:288)
	at org.junit.internal.runners.statements.FailOnTimeout$CallableStatement.call(FailOnTimeout.java:282)
	at java.util.concurrent.FutureTask.run(FutureTask.java:266)
	at java.lang.Thread.run(Thread.java:750)
13:05:57.868 [IPC Server handler 17 on default port 44209] ERROR OMAudit - user=runner | ip=127.0.0.1 | op=GET_FILE_STATUS {volume=volume66281, bucket=bucket85504, key=level0/level1/file1, dataSize=0, replicationConfig=null} | ret=FAILURE
org.apache.hadoop.ozone.om.exceptions.OMException: Unable to get file status: volume: volume66281 bucket: bucket85504 key: level0/level1/file1
	at org.apache.hadoop.ozone.om.KeyManagerImpl.getOzoneFileStatus(KeyManagerImpl.java:1270) ~[ozone-manager-1.3.0-SNAPSHOT.jar:?]
	at org.apache.hadoop.ozone.om.KeyManagerImpl.getFileStatus(KeyManagerImpl.java:1200) ~[ozone-manager-1.3.0-SNAPSHOT.jar:?]
	at org.apache.hadoop.ozone.om.OzoneManager.getFileStatus(OzoneManager.java:3507) ~[ozone-manager-1.3.0-SNAPSHOT.jar:?]
	at org.apache.hadoop.ozone.protocolPB.OzoneManagerRequestHandler.getOzoneFileStatus(OzoneManagerRequestHandler.java:882) ~[ozone-manager-1.3.0-SNAPSHOT.jar:?]
	at org.apache.hadoop.ozone.protocolPB.OzoneManagerRequestHandler.handleReadRequest(OzoneManagerRequestHandler.java:228) ~[ozone-manager-1.3.0-SNAPSHOT.jar:?]
	at org.apache.hadoop.ozone.protocolPB.OzoneManagerProtocolServerSideTranslatorPB.submitRequestDirectlyToOM(OzoneManagerProtocolServerSideTranslatorPB.java:276) ~[ozone-manager-1.3.0-SNAPSHOT.jar:?]
	at org.apache.hadoop.ozone.protocolPB.OzoneManagerProtocolServerSideTranslatorPB.processRequest(OzoneManagerProtocolServerSideTranslatorPB.java:205) ~[ozone-manager-1.3.0-SNAPSHOT.jar:?]
	at org.apache.hadoop.hdds.server.OzoneProtocolMessageDispatcher.processRequest(OzoneProtocolMessageDispatcher.java:87) [hdds-server-framework-1.3.0-SNAPSHOT.jar:?]
	at org.apache.hadoop.ozone.protocolPB.OzoneManagerProtocolServerSideTranslatorPB.submitRequest(OzoneManagerProtocolServerSideTranslatorPB.java:147) [ozone-manager-1.3.0-SNAPSHOT.jar:?]
	at org.apache.hadoop.ozone.protocol.proto.OzoneManagerProtocolProtos$OzoneManagerService$2.callBlockingMethod(OzoneManagerProtocolProtos.java) [ozone-interface-client-1.3.0-SNAPSHOT.jar:?]
	at org.apache.hadoop.ipc.ProtobufRpcEngine$Server.processCall(ProtobufRpcEngine.java:466) [hadoop-common-3.3.1.jar:?]
	at org.apache.hadoop.ipc.ProtobufRpcEngine2$Server$ProtoBufRpcInvoker.call(ProtobufRpcEngine2.java:574) [hadoop-common-3.3.1.jar:?]
	at org.apache.hadoop.ipc.ProtobufRpcEngine2$Server$ProtoBufRpcInvoker.call(ProtobufRpcEngine2.java:552) [hadoop-common-3.3.1.jar:?]
	at org.apache.hadoop.ipc.RPC$Server.call(RPC.java:1093) [hadoop-common-3.3.1.jar:?]
	at org.apache.hadoop.ipc.Server$RpcCall.run(Server.java:1035) [hadoop-common-3.3.1.jar:?]
	at org.apache.hadoop.ipc.Server$RpcCall.run(Server.java:963) [hadoop-common-3.3.1.jar:?]
	at java.security.AccessController.doPrivileged(Native Method) ~[?:1.8.0_345]
	at javax.security.auth.Subject.doAs(Subject.java:422) [?:1.8.0_345]
	at org.apache.hadoop.security.UserGroupInformation.doAs(UserGroupInformation.java:1878) [hadoop-common-3.3.1.jar:?]
	at org.apache.hadoop.ipc.Server$Handler.run(Server.java:2966) [hadoop-common-3.3.1.jar:?]
2022-10-09 13:05:57,868 [Time-limited test] WARN  ozone.BasicOzoneFileSystem (BasicOzoneFileSystem.java:getFileStatus(765)) - GetFileStatus failed for path /level0/level1/file1
java.io.FileNotFoundException: level0/level1/file1: No such file or directory!
	at org.apache.hadoop.fs.ozone.BasicOzoneClientAdapterImpl.getFileStatus(BasicOzoneClientAdapterImpl.java:369)
	at org.apache.hadoop.fs.ozone.BasicOzoneFileSystem.getFileStatus(BasicOzoneFileSystem.java:757)
	at org.apache.hadoop.fs.ozone.TestOzoneFileSystem.checkPath(TestOzoneFileSystem.java:502)
	at org.apache.hadoop.fs.ozone.TestOzoneFileSystem.testRecursiveDelete(TestOzoneFileSystem.java:495)
	at sun.reflect.NativeMethodAccessorImpl.invoke0(Native Method)
	at sun.reflect.NativeMethodAccessorImpl.invoke(NativeMethodAccessorImpl.java:62)
	at sun.reflect.DelegatingMethodAccessorImpl.invoke(DelegatingMethodAccessorImpl.java:43)
	at java.lang.reflect.Method.invoke(Method.java:498)
	at org.junit.runners.model.FrameworkMethod$1.runReflectiveCall(FrameworkMethod.java:59)
	at org.junit.internal.runners.model.ReflectiveCallable.run(ReflectiveCallable.java:12)
	at org.junit.runners.model.FrameworkMethod.invokeExplosively(FrameworkMethod.java:56)
	at org.junit.internal.runners.statements.InvokeMethod.evaluate(InvokeMethod.java:17)
	at org.junit.internal.runners.statements.RunAfters.evaluate(RunAfters.java:27)
	at org.junit.internal.runners.statements.FailOnTimeout$CallableStatement.call(FailOnTimeout.java:288)
	at org.junit.internal.runners.statements.FailOnTimeout$CallableStatement.call(FailOnTimeout.java:282)
	at java.util.concurrent.FutureTask.run(FutureTask.java:266)
	at java.lang.Thread.run(Thread.java:750)
13:05:57.869 [IPC Server handler 15 on default port 44209] ERROR OMAudit - user=runner | ip=127.0.0.1 | op=GET_FILE_STATUS {volume=volume66281, bucket=bucket85504, key=level0/level1/level1/file1, dataSize=0, replicationConfig=null} | ret=FAILURE
org.apache.hadoop.ozone.om.exceptions.OMException: Unable to get file status: volume: volume66281 bucket: bucket85504 key: level0/level1/level1/file1
	at org.apache.hadoop.ozone.om.KeyManagerImpl.getOzoneFileStatus(KeyManagerImpl.java:1270) ~[ozone-manager-1.3.0-SNAPSHOT.jar:?]
	at org.apache.hadoop.ozone.om.KeyManagerImpl.getFileStatus(KeyManagerImpl.java:1200) ~[ozone-manager-1.3.0-SNAPSHOT.jar:?]
	at org.apache.hadoop.ozone.om.OzoneManager.getFileStatus(OzoneManager.java:3507) ~[ozone-manager-1.3.0-SNAPSHOT.jar:?]
	at org.apache.hadoop.ozone.protocolPB.OzoneManagerRequestHandler.getOzoneFileStatus(OzoneManagerRequestHandler.java:882) ~[ozone-manager-1.3.0-SNAPSHOT.jar:?]
	at org.apache.hadoop.ozone.protocolPB.OzoneManagerRequestHandler.handleReadRequest(OzoneManagerRequestHandler.java:228) ~[ozone-manager-1.3.0-SNAPSHOT.jar:?]
	at org.apache.hadoop.ozone.protocolPB.OzoneManagerProtocolServerSideTranslatorPB.submitRequestDirectlyToOM(OzoneManagerProtocolServerSideTranslatorPB.java:276) ~[ozone-manager-1.3.0-SNAPSHOT.jar:?]
	at org.apache.hadoop.ozone.protocolPB.OzoneManagerProtocolServerSideTranslatorPB.processRequest(OzoneManagerProtocolServerSideTranslatorPB.java:205) ~[ozone-manager-1.3.0-SNAPSHOT.jar:?]
	at org.apache.hadoop.hdds.server.OzoneProtocolMessageDispatcher.processRequest(OzoneProtocolMessageDispatcher.java:87) [hdds-server-framework-1.3.0-SNAPSHOT.jar:?]
	at org.apache.hadoop.ozone.protocolPB.OzoneManagerProtocolServerSideTranslatorPB.submitRequest(OzoneManagerProtocolServerSideTranslatorPB.java:147) [ozone-manager-1.3.0-SNAPSHOT.jar:?]
	at org.apache.hadoop.ozone.protocol.proto.OzoneManagerProtocolProtos$OzoneManagerService$2.callBlockingMethod(OzoneManagerProtocolProtos.java) [ozone-interface-client-1.3.0-SNAPSHOT.jar:?]
	at org.apache.hadoop.ipc.ProtobufRpcEngine$Server.processCall(ProtobufRpcEngine.java:466) [hadoop-common-3.3.1.jar:?]
	at org.apache.hadoop.ipc.ProtobufRpcEngine2$Server$ProtoBufRpcInvoker.call(ProtobufRpcEngine2.java:574) [hadoop-common-3.3.1.jar:?]
	at org.apache.hadoop.ipc.ProtobufRpcEngine2$Server$ProtoBufRpcInvoker.call(ProtobufRpcEngine2.java:552) [hadoop-common-3.3.1.jar:?]
	at org.apache.hadoop.ipc.RPC$Server.call(RPC.java:1093) [hadoop-common-3.3.1.jar:?]
	at org.apache.hadoop.ipc.Server$RpcCall.run(Server.java:1035) [hadoop-common-3.3.1.jar:?]
	at org.apache.hadoop.ipc.Server$RpcCall.run(Server.java:963) [hadoop-common-3.3.1.jar:?]
	at java.security.AccessController.doPrivileged(Native Method) ~[?:1.8.0_345]
	at javax.security.auth.Subject.doAs(Subject.java:422) [?:1.8.0_345]
	at org.apache.hadoop.security.UserGroupInformation.doAs(UserGroupInformation.java:1878) [hadoop-common-3.3.1.jar:?]
	at org.apache.hadoop.ipc.Server$Handler.run(Server.java:2966) [hadoop-common-3.3.1.jar:?]
2022-10-09 13:05:57,871 [Time-limited test] WARN  ozone.BasicOzoneFileSystem (BasicOzoneFileSystem.java:getFileStatus(765)) - GetFileStatus failed for path /level0/level1/level1/file1
java.io.FileNotFoundException: level0/level1/level1/file1: No such file or directory!
	at org.apache.hadoop.fs.ozone.BasicOzoneClientAdapterImpl.getFileStatus(BasicOzoneClientAdapterImpl.java:369)
	at org.apache.hadoop.fs.ozone.BasicOzoneFileSystem.getFileStatus(BasicOzoneFileSystem.java:757)
	at org.apache.hadoop.fs.ozone.TestOzoneFileSystem.checkPath(TestOzoneFileSystem.java:502)
	at org.apache.hadoop.fs.ozone.TestOzoneFileSystem.testRecursiveDelete(TestOzoneFileSystem.java:496)
	at sun.reflect.NativeMethodAccessorImpl.invoke0(Native Method)
	at sun.reflect.NativeMethodAccessorImpl.invoke(NativeMethodAccessorImpl.java:62)
	at sun.reflect.DelegatingMethodAccessorImpl.invoke(DelegatingMethodAccessorImpl.java:43)
	at java.lang.reflect.Method.invoke(Method.java:498)
	at org.junit.runners.model.FrameworkMethod$1.runReflectiveCall(FrameworkMethod.java:59)
	at org.junit.internal.runners.model.ReflectiveCallable.run(ReflectiveCallable.java:12)
	at org.junit.runners.model.FrameworkMethod.invokeExplosively(FrameworkMethod.java:56)
	at org.junit.internal.runners.statements.InvokeMethod.evaluate(InvokeMethod.java:17)
	at org.junit.internal.runners.statements.RunAfters.evaluate(RunAfters.java:27)
	at org.junit.internal.runners.statements.FailOnTimeout$CallableStatement.call(FailOnTimeout.java:288)
	at org.junit.internal.runners.statements.FailOnTimeout$CallableStatement.call(FailOnTimeout.java:282)
	at java.util.concurrent.FutureTask.run(FutureTask.java:266)
	at java.lang.Thread.run(Thread.java:750)
13:05:57.872 [IPC Server handler 19 on default port 44209] ERROR OMAudit - user=runner | ip=127.0.0.1 | op=GET_FILE_STATUS {volume=volume66281, bucket=bucket85504, key=level0/level2, dataSize=0, replicationConfig=null} | ret=FAILURE
org.apache.hadoop.ozone.om.exceptions.OMException: Unable to get file status: volume: volume66281 bucket: bucket85504 key: level0/level2
	at org.apache.hadoop.ozone.om.KeyManagerImpl.getOzoneFileStatus(KeyManagerImpl.java:1270) ~[ozone-manager-1.3.0-SNAPSHOT.jar:?]
	at org.apache.hadoop.ozone.om.KeyManagerImpl.getFileStatus(KeyManagerImpl.java:1200) ~[ozone-manager-1.3.0-SNAPSHOT.jar:?]
	at org.apache.hadoop.ozone.om.OzoneManager.getFileStatus(OzoneManager.java:3507) ~[ozone-manager-1.3.0-SNAPSHOT.jar:?]
	at org.apache.hadoop.ozone.protocolPB.OzoneManagerRequestHandler.getOzoneFileStatus(OzoneManagerRequestHandler.java:882) ~[ozone-manager-1.3.0-SNAPSHOT.jar:?]
	at org.apache.hadoop.ozone.protocolPB.OzoneManagerRequestHandler.handleReadRequest(OzoneManagerRequestHandler.java:228) ~[ozone-manager-1.3.0-SNAPSHOT.jar:?]
	at org.apache.hadoop.ozone.protocolPB.OzoneManagerProtocolServerSideTranslatorPB.submitRequestDirectlyToOM(OzoneManagerProtocolServerSideTranslatorPB.java:276) ~[ozone-manager-1.3.0-SNAPSHOT.jar:?]
	at org.apache.hadoop.ozone.protocolPB.OzoneManagerProtocolServerSideTranslatorPB.processRequest(OzoneManagerProtocolServerSideTranslatorPB.java:205) ~[ozone-manager-1.3.0-SNAPSHOT.jar:?]
	at org.apache.hadoop.hdds.server.OzoneProtocolMessageDispatcher.processRequest(OzoneProtocolMessageDispatcher.java:87) [hdds-server-framework-1.3.0-SNAPSHOT.jar:?]
	at org.apache.hadoop.ozone.protocolPB.OzoneManagerProtocolServerSideTranslatorPB.submitRequest(OzoneManagerProtocolServerSideTranslatorPB.java:147) [ozone-manager-1.3.0-SNAPSHOT.jar:?]
	at org.apache.hadoop.ozone.protocol.proto.OzoneManagerProtocolProtos$OzoneManagerService$2.callBlockingMethod(OzoneManagerProtocolProtos.java) [ozone-interface-client-1.3.0-SNAPSHOT.jar:?]
	at org.apache.hadoop.ipc.ProtobufRpcEngine$Server.processCall(ProtobufRpcEngine.java:466) [hadoop-common-3.3.1.jar:?]
	at org.apache.hadoop.ipc.ProtobufRpcEngine2$Server$ProtoBufRpcInvoker.call(ProtobufRpcEngine2.java:574) [hadoop-common-3.3.1.jar:?]
	at org.apache.hadoop.ipc.ProtobufRpcEngine2$Server$ProtoBufRpcInvoker.call(ProtobufRpcEngine2.java:552) [hadoop-common-3.3.1.jar:?]
	at org.apache.hadoop.ipc.RPC$Server.call(RPC.java:1093) [hadoop-common-3.3.1.jar:?]
	at org.apache.hadoop.ipc.Server$RpcCall.run(Server.java:1035) [hadoop-common-3.3.1.jar:?]
	at org.apache.hadoop.ipc.Server$RpcCall.run(Server.java:963) [hadoop-common-3.3.1.jar:?]
	at java.security.AccessController.doPrivileged(Native Method) ~[?:1.8.0_345]
	at javax.security.auth.Subject.doAs(Subject.java:422) [?:1.8.0_345]
	at org.apache.hadoop.security.UserGroupInformation.doAs(UserGroupInformation.java:1878) [hadoop-common-3.3.1.jar:?]
	at org.apache.hadoop.ipc.Server$Handler.run(Server.java:2966) [hadoop-common-3.3.1.jar:?]
2022-10-09 13:05:57,872 [Time-limited test] WARN  ozone.BasicOzoneFileSystem (BasicOzoneFileSystem.java:getFileStatus(765)) - GetFileStatus failed for path /level0/level2
java.io.FileNotFoundException: level0/level2: No such file or directory!
	at org.apache.hadoop.fs.ozone.BasicOzoneClientAdapterImpl.getFileStatus(BasicOzoneClientAdapterImpl.java:369)
	at org.apache.hadoop.fs.ozone.BasicOzoneFileSystem.getFileStatus(BasicOzoneFileSystem.java:757)
	at org.apache.hadoop.fs.ozone.TestOzoneFileSystem.checkPath(TestOzoneFileSystem.java:502)
	at org.apache.hadoop.fs.ozone.TestOzoneFileSystem.testRecursiveDelete(TestOzoneFileSystem.java:493)
	at sun.reflect.NativeMethodAccessorImpl.invoke0(Native Method)
	at sun.reflect.NativeMethodAccessorImpl.invoke(NativeMethodAccessorImpl.java:62)
	at sun.reflect.DelegatingMethodAccessorImpl.invoke(DelegatingMethodAccessorImpl.java:43)
	at java.lang.reflect.Method.invoke(Method.java:498)
	at org.junit.runners.model.FrameworkMethod$1.runReflectiveCall(FrameworkMethod.java:59)
	at org.junit.internal.runners.model.ReflectiveCallable.run(ReflectiveCallable.java:12)
	at org.junit.runners.model.FrameworkMethod.invokeExplosively(FrameworkMethod.java:56)
	at org.junit.internal.runners.statements.InvokeMethod.evaluate(InvokeMethod.java:17)
	at org.junit.internal.runners.statements.RunAfters.evaluate(RunAfters.java:27)
	at org.junit.internal.runners.statements.FailOnTimeout$CallableStatement.call(FailOnTimeout.java:288)
	at org.junit.internal.runners.statements.FailOnTimeout$CallableStatement.call(FailOnTimeout.java:282)
	at java.util.concurrent.FutureTask.run(FutureTask.java:266)
	at java.lang.Thread.run(Thread.java:750)
13:05:57.873 [IPC Server handler 16 on default port 44209] ERROR OMAudit - user=runner | ip=127.0.0.1 | op=GET_FILE_STATUS {volume=volume66281, bucket=bucket85504, key=level0/level2/level2, dataSize=0, replicationConfig=null} | ret=FAILURE
org.apache.hadoop.ozone.om.exceptions.OMException: Unable to get file status: volume: volume66281 bucket: bucket85504 key: level0/level2/level2
	at org.apache.hadoop.ozone.om.KeyManagerImpl.getOzoneFileStatus(KeyManagerImpl.java:1270) ~[ozone-manager-1.3.0-SNAPSHOT.jar:?]
	at org.apache.hadoop.ozone.om.KeyManagerImpl.getFileStatus(KeyManagerImpl.java:1200) ~[ozone-manager-1.3.0-SNAPSHOT.jar:?]
	at org.apache.hadoop.ozone.om.OzoneManager.getFileStatus(OzoneManager.java:3507) ~[ozone-manager-1.3.0-SNAPSHOT.jar:?]
	at org.apache.hadoop.ozone.protocolPB.OzoneManagerRequestHandler.getOzoneFileStatus(OzoneManagerRequestHandler.java:882) ~[ozone-manager-1.3.0-SNAPSHOT.jar:?]
	at org.apache.hadoop.ozone.protocolPB.OzoneManagerRequestHandler.handleReadRequest(OzoneManagerRequestHandler.java:228) ~[ozone-manager-1.3.0-SNAPSHOT.jar:?]
	at org.apache.hadoop.ozone.protocolPB.OzoneManagerProtocolServerSideTranslatorPB.submitRequestDirectlyToOM(OzoneManagerProtocolServerSideTranslatorPB.java:276) ~[ozone-manager-1.3.0-SNAPSHOT.jar:?]
	at org.apache.hadoop.ozone.protocolPB.OzoneManagerProtocolServerSideTranslatorPB.processRequest(OzoneManagerProtocolServerSideTranslatorPB.java:205) ~[ozone-manager-1.3.0-SNAPSHOT.jar:?]
	at org.apache.hadoop.hdds.server.OzoneProtocolMessageDispatcher.processRequest(OzoneProtocolMessageDispatcher.java:87) [hdds-server-framework-1.3.0-SNAPSHOT.jar:?]
	at org.apache.hadoop.ozone.protocolPB.OzoneManagerProtocolServerSideTranslatorPB.submitRequest(OzoneManagerProtocolServerSideTranslatorPB.java:147) [ozone-manager-1.3.0-SNAPSHOT.jar:?]
	at org.apache.hadoop.ozone.protocol.proto.OzoneManagerProtocolProtos$OzoneManagerService$2.callBlockingMethod(OzoneManagerProtocolProtos.java) [ozone-interface-client-1.3.0-SNAPSHOT.jar:?]
	at org.apache.hadoop.ipc.ProtobufRpcEngine$Server.processCall(ProtobufRpcEngine.java:466) [hadoop-common-3.3.1.jar:?]
	at org.apache.hadoop.ipc.ProtobufRpcEngine2$Server$ProtoBufRpcInvoker.call(ProtobufRpcEngine2.java:574) [hadoop-common-3.3.1.jar:?]
	at org.apache.hadoop.ipc.ProtobufRpcEngine2$Server$ProtoBufRpcInvoker.call(ProtobufRpcEngine2.java:552) [hadoop-common-3.3.1.jar:?]
	at org.apache.hadoop.ipc.RPC$Server.call(RPC.java:1093) [hadoop-common-3.3.1.jar:?]
	at org.apache.hadoop.ipc.Server$RpcCall.run(Server.java:1035) [hadoop-common-3.3.1.jar:?]
	at org.apache.hadoop.ipc.Server$RpcCall.run(Server.java:963) [hadoop-common-3.3.1.jar:?]
	at java.security.AccessController.doPrivileged(Native Method) ~[?:1.8.0_345]
	at javax.security.auth.Subject.doAs(Subject.java:422) [?:1.8.0_345]
	at org.apache.hadoop.security.UserGroupInformation.doAs(UserGroupInformation.java:1878) [hadoop-common-3.3.1.jar:?]
	at org.apache.hadoop.ipc.Server$Handler.run(Server.java:2966) [hadoop-common-3.3.1.jar:?]
2022-10-09 13:05:57,873 [Time-limited test] WARN  ozone.BasicOzoneFileSystem (BasicOzoneFileSystem.java:getFileStatus(765)) - GetFileStatus failed for path /level0/level2/level2
java.io.FileNotFoundException: level0/level2/level2: No such file or directory!
	at org.apache.hadoop.fs.ozone.BasicOzoneClientAdapterImpl.getFileStatus(BasicOzoneClientAdapterImpl.java:369)
	at org.apache.hadoop.fs.ozone.BasicOzoneFileSystem.getFileStatus(BasicOzoneFileSystem.java:757)
	at org.apache.hadoop.fs.ozone.TestOzoneFileSystem.checkPath(TestOzoneFileSystem.java:502)
	at org.apache.hadoop.fs.ozone.TestOzoneFileSystem.testRecursiveDelete(TestOzoneFileSystem.java:494)
	at sun.reflect.NativeMethodAccessorImpl.invoke0(Native Method)
	at sun.reflect.NativeMethodAccessorImpl.invoke(NativeMethodAccessorImpl.java:62)
	at sun.reflect.DelegatingMethodAccessorImpl.invoke(DelegatingMethodAccessorImpl.java:43)
	at java.lang.reflect.Method.invoke(Method.java:498)
	at org.junit.runners.model.FrameworkMethod$1.runReflectiveCall(FrameworkMethod.java:59)
	at org.junit.internal.runners.model.ReflectiveCallable.run(ReflectiveCallable.java:12)
	at org.junit.runners.model.FrameworkMethod.invokeExplosively(FrameworkMethod.java:56)
	at org.junit.internal.runners.statements.InvokeMethod.evaluate(InvokeMethod.java:17)
	at org.junit.internal.runners.statements.RunAfters.evaluate(RunAfters.java:27)
	at org.junit.internal.runners.statements.FailOnTimeout$CallableStatement.call(FailOnTimeout.java:288)
	at org.junit.internal.runners.statements.FailOnTimeout$CallableStatement.call(FailOnTimeout.java:282)
	at java.util.concurrent.FutureTask.run(FutureTask.java:266)
	at java.lang.Thread.run(Thread.java:750)
13:05:57.873 [IPC Server handler 14 on default port 44209] ERROR OMAudit - user=runner | ip=127.0.0.1 | op=GET_FILE_STATUS {volume=volume66281, bucket=bucket85504, key=level0/level2/file1, dataSize=0, replicationConfig=null} | ret=FAILURE
org.apache.hadoop.ozone.om.exceptions.OMException: Unable to get file status: volume: volume66281 bucket: bucket85504 key: level0/level2/file1
	at org.apache.hadoop.ozone.om.KeyManagerImpl.getOzoneFileStatus(KeyManagerImpl.java:1270) ~[ozone-manager-1.3.0-SNAPSHOT.jar:?]
	at org.apache.hadoop.ozone.om.KeyManagerImpl.getFileStatus(KeyManagerImpl.java:1200) ~[ozone-manager-1.3.0-SNAPSHOT.jar:?]
	at org.apache.hadoop.ozone.om.OzoneManager.getFileStatus(OzoneManager.java:3507) ~[ozone-manager-1.3.0-SNAPSHOT.jar:?]
	at org.apache.hadoop.ozone.protocolPB.OzoneManagerRequestHandler.getOzoneFileStatus(OzoneManagerRequestHandler.java:882) ~[ozone-manager-1.3.0-SNAPSHOT.jar:?]
	at org.apache.hadoop.ozone.protocolPB.OzoneManagerRequestHandler.handleReadRequest(OzoneManagerRequestHandler.java:228) ~[ozone-manager-1.3.0-SNAPSHOT.jar:?]
	at org.apache.hadoop.ozone.protocolPB.OzoneManagerProtocolServerSideTranslatorPB.submitRequestDirectlyToOM(OzoneManagerProtocolServerSideTranslatorPB.java:276) ~[ozone-manager-1.3.0-SNAPSHOT.jar:?]
	at org.apache.hadoop.ozone.protocolPB.OzoneManagerProtocolServerSideTranslatorPB.processRequest(OzoneManagerProtocolServerSideTranslatorPB.java:205) ~[ozone-manager-1.3.0-SNAPSHOT.jar:?]
	at org.apache.hadoop.hdds.server.OzoneProtocolMessageDispatcher.processRequest(OzoneProtocolMessageDispatcher.java:87) [hdds-server-framework-1.3.0-SNAPSHOT.jar:?]
	at org.apache.hadoop.ozone.protocolPB.OzoneManagerProtocolServerSideTranslatorPB.submitRequest(OzoneManagerProtocolServerSideTranslatorPB.java:147) [ozone-manager-1.3.0-SNAPSHOT.jar:?]
	at org.apache.hadoop.ozone.protocol.proto.OzoneManagerProtocolProtos$OzoneManagerService$2.callBlockingMethod(OzoneManagerProtocolProtos.java) [ozone-interface-client-1.3.0-SNAPSHOT.jar:?]
	at org.apache.hadoop.ipc.ProtobufRpcEngine$Server.processCall(ProtobufRpcEngine.java:466) [hadoop-common-3.3.1.jar:?]
	at org.apache.hadoop.ipc.ProtobufRpcEngine2$Server$ProtoBufRpcInvoker.call(ProtobufRpcEngine2.java:574) [hadoop-common-3.3.1.jar:?]
	at org.apache.hadoop.ipc.ProtobufRpcEngine2$Server$ProtoBufRpcInvoker.call(ProtobufRpcEngine2.java:552) [hadoop-common-3.3.1.jar:?]
	at org.apache.hadoop.ipc.RPC$Server.call(RPC.java:1093) [hadoop-common-3.3.1.jar:?]
	at org.apache.hadoop.ipc.Server$RpcCall.run(Server.java:1035) [hadoop-common-3.3.1.jar:?]
	at org.apache.hadoop.ipc.Server$RpcCall.run(Server.java:963) [hadoop-common-3.3.1.jar:?]
	at java.security.AccessController.doPrivileged(Native Method) ~[?:1.8.0_345]
	at javax.security.auth.Subject.doAs(Subject.java:422) [?:1.8.0_345]
	at org.apache.hadoop.security.UserGroupInformation.doAs(UserGroupInformation.java:1878) [hadoop-common-3.3.1.jar:?]
	at org.apache.hadoop.ipc.Server$Handler.run(Server.java:2966) [hadoop-common-3.3.1.jar:?]
2022-10-09 13:05:57,874 [Time-limited test] WARN  ozone.BasicOzoneFileSystem (BasicOzoneFileSystem.java:getFileStatus(765)) - GetFileStatus failed for path /level0/level2/file1
java.io.FileNotFoundException: level0/level2/file1: No such file or directory!
	at org.apache.hadoop.fs.ozone.BasicOzoneClientAdapterImpl.getFileStatus(BasicOzoneClientAdapterImpl.java:369)
	at org.apache.hadoop.fs.ozone.BasicOzoneFileSystem.getFileStatus(BasicOzoneFileSystem.java:757)
	at org.apache.hadoop.fs.ozone.TestOzoneFileSystem.checkPath(TestOzoneFileSystem.java:502)
	at org.apache.hadoop.fs.ozone.TestOzoneFileSystem.testRecursiveDelete(TestOzoneFileSystem.java:495)
	at sun.reflect.NativeMethodAccessorImpl.invoke0(Native Method)
	at sun.reflect.NativeMethodAccessorImpl.invoke(NativeMethodAccessorImpl.java:62)
	at sun.reflect.DelegatingMethodAccessorImpl.invoke(DelegatingMethodAccessorImpl.java:43)
	at java.lang.reflect.Method.invoke(Method.java:498)
	at org.junit.runners.model.FrameworkMethod$1.runReflectiveCall(FrameworkMethod.java:59)
	at org.junit.internal.runners.model.ReflectiveCallable.run(ReflectiveCallable.java:12)
	at org.junit.runners.model.FrameworkMethod.invokeExplosively(FrameworkMethod.java:56)
	at org.junit.internal.runners.statements.InvokeMethod.evaluate(InvokeMethod.java:17)
	at org.junit.internal.runners.statements.RunAfters.evaluate(RunAfters.java:27)
	at org.junit.internal.runners.statements.FailOnTimeout$CallableStatement.call(FailOnTimeout.java:288)
	at org.junit.internal.runners.statements.FailOnTimeout$CallableStatement.call(FailOnTimeout.java:282)
	at java.util.concurrent.FutureTask.run(FutureTask.java:266)
	at java.lang.Thread.run(Thread.java:750)
13:05:57.874 [IPC Server handler 0 on default port 44209] ERROR OMAudit - user=runner | ip=127.0.0.1 | op=GET_FILE_STATUS {volume=volume66281, bucket=bucket85504, key=level0/level2/level2/file1, dataSize=0, replicationConfig=null} | ret=FAILURE
org.apache.hadoop.ozone.om.exceptions.OMException: Unable to get file status: volume: volume66281 bucket: bucket85504 key: level0/level2/level2/file1
	at org.apache.hadoop.ozone.om.KeyManagerImpl.getOzoneFileStatus(KeyManagerImpl.java:1270) ~[ozone-manager-1.3.0-SNAPSHOT.jar:?]
	at org.apache.hadoop.ozone.om.KeyManagerImpl.getFileStatus(KeyManagerImpl.java:1200) ~[ozone-manager-1.3.0-SNAPSHOT.jar:?]
	at org.apache.hadoop.ozone.om.OzoneManager.getFileStatus(OzoneManager.java:3507) ~[ozone-manager-1.3.0-SNAPSHOT.jar:?]
	at org.apache.hadoop.ozone.protocolPB.OzoneManagerRequestHandler.getOzoneFileStatus(OzoneManagerRequestHandler.java:882) ~[ozone-manager-1.3.0-SNAPSHOT.jar:?]
	at org.apache.hadoop.ozone.protocolPB.OzoneManagerRequestHandler.handleReadRequest(OzoneManagerRequestHandler.java:228) ~[ozone-manager-1.3.0-SNAPSHOT.jar:?]
	at org.apache.hadoop.ozone.protocolPB.OzoneManagerProtocolServerSideTranslatorPB.submitRequestDirectlyToOM(OzoneManagerProtocolServerSideTranslatorPB.java:276) ~[ozone-manager-1.3.0-SNAPSHOT.jar:?]
	at org.apache.hadoop.ozone.protocolPB.OzoneManagerProtocolServerSideTranslatorPB.processRequest(OzoneManagerProtocolServerSideTranslatorPB.java:205) ~[ozone-manager-1.3.0-SNAPSHOT.jar:?]
	at org.apache.hadoop.hdds.server.OzoneProtocolMessageDispatcher.processRequest(OzoneProtocolMessageDispatcher.java:87) [hdds-server-framework-1.3.0-SNAPSHOT.jar:?]
	at org.apache.hadoop.ozone.protocolPB.OzoneManagerProtocolServerSideTranslatorPB.submitRequest(OzoneManagerProtocolServerSideTranslatorPB.java:147) [ozone-manager-1.3.0-SNAPSHOT.jar:?]
	at org.apache.hadoop.ozone.protocol.proto.OzoneManagerProtocolProtos$OzoneManagerService$2.callBlockingMethod(OzoneManagerProtocolProtos.java) [ozone-interface-client-1.3.0-SNAPSHOT.jar:?]
	at org.apache.hadoop.ipc.ProtobufRpcEngine$Server.processCall(ProtobufRpcEngine.java:466) [hadoop-common-3.3.1.jar:?]
	at org.apache.hadoop.ipc.ProtobufRpcEngine2$Server$ProtoBufRpcInvoker.call(ProtobufRpcEngine2.java:574) [hadoop-common-3.3.1.jar:?]
	at org.apache.hadoop.ipc.ProtobufRpcEngine2$Server$ProtoBufRpcInvoker.call(ProtobufRpcEngine2.java:552) [hadoop-common-3.3.1.jar:?]
	at org.apache.hadoop.ipc.RPC$Server.call(RPC.java:1093) [hadoop-common-3.3.1.jar:?]
	at org.apache.hadoop.ipc.Server$RpcCall.run(Server.java:1035) [hadoop-common-3.3.1.jar:?]
	at org.apache.hadoop.ipc.Server$RpcCall.run(Server.java:963) [hadoop-common-3.3.1.jar:?]
	at java.security.AccessController.doPrivileged(Native Method) ~[?:1.8.0_345]
	at javax.security.auth.Subject.doAs(Subject.java:422) [?:1.8.0_345]
	at org.apache.hadoop.security.UserGroupInformation.doAs(UserGroupInformation.java:1878) [hadoop-common-3.3.1.jar:?]
	at org.apache.hadoop.ipc.Server$Handler.run(Server.java:2966) [hadoop-common-3.3.1.jar:?]
2022-10-09 13:05:57,875 [Time-limited test] WARN  ozone.BasicOzoneFileSystem (BasicOzoneFileSystem.java:getFileStatus(765)) - GetFileStatus failed for path /level0/level2/level2/file1
java.io.FileNotFoundException: level0/level2/level2/file1: No such file or directory!
	at org.apache.hadoop.fs.ozone.BasicOzoneClientAdapterImpl.getFileStatus(BasicOzoneClientAdapterImpl.java:369)
	at org.apache.hadoop.fs.ozone.BasicOzoneFileSystem.getFileStatus(BasicOzoneFileSystem.java:757)
	at org.apache.hadoop.fs.ozone.TestOzoneFileSystem.checkPath(TestOzoneFileSystem.java:502)
	at org.apache.hadoop.fs.ozone.TestOzoneFileSystem.testRecursiveDelete(TestOzoneFileSystem.java:496)
	at sun.reflect.NativeMethodAccessorImpl.invoke0(Native Method)
	at sun.reflect.NativeMethodAccessorImpl.invoke(NativeMethodAccessorImpl.java:62)
	at sun.reflect.DelegatingMethodAccessorImpl.invoke(DelegatingMethodAccessorImpl.java:43)
	at java.lang.reflect.Method.invoke(Method.java:498)
	at org.junit.runners.model.FrameworkMethod$1.runReflectiveCall(FrameworkMethod.java:59)
	at org.junit.internal.runners.model.ReflectiveCallable.run(ReflectiveCallable.java:12)
	at org.junit.runners.model.FrameworkMethod.invokeExplosively(FrameworkMethod.java:56)
	at org.junit.internal.runners.statements.InvokeMethod.evaluate(InvokeMethod.java:17)
	at org.junit.internal.runners.statements.RunAfters.evaluate(RunAfters.java:27)
	at org.junit.internal.runners.statements.FailOnTimeout$CallableStatement.call(FailOnTimeout.java:288)
	at org.junit.internal.runners.statements.FailOnTimeout$CallableStatement.call(FailOnTimeout.java:282)
	at java.util.concurrent.FutureTask.run(FutureTask.java:266)
	at java.lang.Thread.run(Thread.java:750)
13:05:57.875 [IPC Server handler 4 on default port 44209] ERROR OMAudit - user=runner | ip=127.0.0.1 | op=GET_FILE_STATUS {volume=volume66281, bucket=bucket85504, key=level0/level3, dataSize=0, replicationConfig=null} | ret=FAILURE
org.apache.hadoop.ozone.om.exceptions.OMException: Unable to get file status: volume: volume66281 bucket: bucket85504 key: level0/level3
	at org.apache.hadoop.ozone.om.KeyManagerImpl.getOzoneFileStatus(KeyManagerImpl.java:1270) ~[ozone-manager-1.3.0-SNAPSHOT.jar:?]
	at org.apache.hadoop.ozone.om.KeyManagerImpl.getFileStatus(KeyManagerImpl.java:1200) ~[ozone-manager-1.3.0-SNAPSHOT.jar:?]
	at org.apache.hadoop.ozone.om.OzoneManager.getFileStatus(OzoneManager.java:3507) ~[ozone-manager-1.3.0-SNAPSHOT.jar:?]
	at org.apache.hadoop.ozone.protocolPB.OzoneManagerRequestHandler.getOzoneFileStatus(OzoneManagerRequestHandler.java:882) ~[ozone-manager-1.3.0-SNAPSHOT.jar:?]
	at org.apache.hadoop.ozone.protocolPB.OzoneManagerRequestHandler.handleReadRequest(OzoneManagerRequestHandler.java:228) ~[ozone-manager-1.3.0-SNAPSHOT.jar:?]
	at org.apache.hadoop.ozone.protocolPB.OzoneManagerProtocolServerSideTranslatorPB.submitRequestDirectlyToOM(OzoneManagerProtocolServerSideTranslatorPB.java:276) ~[ozone-manager-1.3.0-SNAPSHOT.jar:?]
	at org.apache.hadoop.ozone.protocolPB.OzoneManagerProtocolServerSideTranslatorPB.processRequest(OzoneManagerProtocolServerSideTranslatorPB.java:205) ~[ozone-manager-1.3.0-SNAPSHOT.jar:?]
	at org.apache.hadoop.hdds.server.OzoneProtocolMessageDispatcher.processRequest(OzoneProtocolMessageDispatcher.java:87) [hdds-server-framework-1.3.0-SNAPSHOT.jar:?]
	at org.apache.hadoop.ozone.protocolPB.OzoneManagerProtocolServerSideTranslatorPB.submitRequest(OzoneManagerProtocolServerSideTranslatorPB.java:147) [ozone-manager-1.3.0-SNAPSHOT.jar:?]
	at org.apache.hadoop.ozone.protocol.proto.OzoneManagerProtocolProtos$OzoneManagerService$2.callBlockingMethod(OzoneManagerProtocolProtos.java) [ozone-interface-client-1.3.0-SNAPSHOT.jar:?]
	at org.apache.hadoop.ipc.ProtobufRpcEngine$Server.processCall(ProtobufRpcEngine.java:466) [hadoop-common-3.3.1.jar:?]
	at org.apache.hadoop.ipc.ProtobufRpcEngine2$Server$ProtoBufRpcInvoker.call(ProtobufRpcEngine2.java:574) [hadoop-common-3.3.1.jar:?]
	at org.apache.hadoop.ipc.ProtobufRpcEngine2$Server$ProtoBufRpcInvoker.call(ProtobufRpcEngine2.java:552) [hadoop-common-3.3.1.jar:?]
	at org.apache.hadoop.ipc.RPC$Server.call(RPC.java:1093) [hadoop-common-3.3.1.jar:?]
	at org.apache.hadoop.ipc.Server$RpcCall.run(Server.java:1035) [hadoop-common-3.3.1.jar:?]
	at org.apache.hadoop.ipc.Server$RpcCall.run(Server.java:963) [hadoop-common-3.3.1.jar:?]
	at java.security.AccessController.doPrivileged(Native Method) ~[?:1.8.0_345]
	at javax.security.auth.Subject.doAs(Subject.java:422) [?:1.8.0_345]
	at org.apache.hadoop.security.UserGroupInformation.doAs(UserGroupInformation.java:1878) [hadoop-common-3.3.1.jar:?]
	at org.apache.hadoop.ipc.Server$Handler.run(Server.java:2966) [hadoop-common-3.3.1.jar:?]
2022-10-09 13:05:57,877 [Time-limited test] WARN  ozone.BasicOzoneFileSystem (BasicOzoneFileSystem.java:getFileStatus(765)) - GetFileStatus failed for path /level0/level3
java.io.FileNotFoundException: level0/level3: No such file or directory!
	at org.apache.hadoop.fs.ozone.BasicOzoneClientAdapterImpl.getFileStatus(BasicOzoneClientAdapterImpl.java:369)
	at org.apache.hadoop.fs.ozone.BasicOzoneFileSystem.getFileStatus(BasicOzoneFileSystem.java:757)
	at org.apache.hadoop.fs.ozone.TestOzoneFileSystem.checkPath(TestOzoneFileSystem.java:502)
	at org.apache.hadoop.fs.ozone.TestOzoneFileSystem.testRecursiveDelete(TestOzoneFileSystem.java:493)
	at sun.reflect.NativeMethodAccessorImpl.invoke0(Native Method)
	at sun.reflect.NativeMethodAccessorImpl.invoke(NativeMethodAccessorImpl.java:62)
	at sun.reflect.DelegatingMethodAccessorImpl.invoke(DelegatingMethodAccessorImpl.java:43)
	at java.lang.reflect.Method.invoke(Method.java:498)
	at org.junit.runners.model.FrameworkMethod$1.runReflectiveCall(FrameworkMethod.java:59)
	at org.junit.internal.runners.model.ReflectiveCallable.run(ReflectiveCallable.java:12)
	at org.junit.runners.model.FrameworkMethod.invokeExplosively(FrameworkMethod.java:56)
	at org.junit.internal.runners.statements.InvokeMethod.evaluate(InvokeMethod.java:17)
	at org.junit.internal.runners.statements.RunAfters.evaluate(RunAfters.java:27)
	at org.junit.internal.runners.statements.FailOnTimeout$CallableStatement.call(FailOnTimeout.java:288)
	at org.junit.internal.runners.statements.FailOnTimeout$CallableStatement.call(FailOnTimeout.java:282)
	at java.util.concurrent.FutureTask.run(FutureTask.java:266)
	at java.lang.Thread.run(Thread.java:750)
13:05:57.877 [IPC Server handler 18 on default port 44209] ERROR OMAudit - user=runner | ip=127.0.0.1 | op=GET_FILE_STATUS {volume=volume66281, bucket=bucket85504, key=level0/level3/level3, dataSize=0, replicationConfig=null} | ret=FAILURE
org.apache.hadoop.ozone.om.exceptions.OMException: Unable to get file status: volume: volume66281 bucket: bucket85504 key: level0/level3/level3
	at org.apache.hadoop.ozone.om.KeyManagerImpl.getOzoneFileStatus(KeyManagerImpl.java:1270) ~[ozone-manager-1.3.0-SNAPSHOT.jar:?]
	at org.apache.hadoop.ozone.om.KeyManagerImpl.getFileStatus(KeyManagerImpl.java:1200) ~[ozone-manager-1.3.0-SNAPSHOT.jar:?]
	at org.apache.hadoop.ozone.om.OzoneManager.getFileStatus(OzoneManager.java:3507) ~[ozone-manager-1.3.0-SNAPSHOT.jar:?]
	at org.apache.hadoop.ozone.protocolPB.OzoneManagerRequestHandler.getOzoneFileStatus(OzoneManagerRequestHandler.java:882) ~[ozone-manager-1.3.0-SNAPSHOT.jar:?]
	at org.apache.hadoop.ozone.protocolPB.OzoneManagerRequestHandler.handleReadRequest(OzoneManagerRequestHandler.java:228) ~[ozone-manager-1.3.0-SNAPSHOT.jar:?]
	at org.apache.hadoop.ozone.protocolPB.OzoneManagerProtocolServerSideTranslatorPB.submitRequestDirectlyToOM(OzoneManagerProtocolServerSideTranslatorPB.java:276) ~[ozone-manager-1.3.0-SNAPSHOT.jar:?]
	at org.apache.hadoop.ozone.protocolPB.OzoneManagerProtocolServerSideTranslatorPB.processRequest(OzoneManagerProtocolServerSideTranslatorPB.java:205) ~[ozone-manager-1.3.0-SNAPSHOT.jar:?]
	at org.apache.hadoop.hdds.server.OzoneProtocolMessageDispatcher.processRequest(OzoneProtocolMessageDispatcher.java:87) [hdds-server-framework-1.3.0-SNAPSHOT.jar:?]
	at org.apache.hadoop.ozone.protocolPB.OzoneManagerProtocolServerSideTranslatorPB.submitRequest(OzoneManagerProtocolServerSideTranslatorPB.java:147) [ozone-manager-1.3.0-SNAPSHOT.jar:?]
	at org.apache.hadoop.ozone.protocol.proto.OzoneManagerProtocolProtos$OzoneManagerService$2.callBlockingMethod(OzoneManagerProtocolProtos.java) [ozone-interface-client-1.3.0-SNAPSHOT.jar:?]
	at org.apache.hadoop.ipc.ProtobufRpcEngine$Server.processCall(ProtobufRpcEngine.java:466) [hadoop-common-3.3.1.jar:?]
	at org.apache.hadoop.ipc.ProtobufRpcEngine2$Server$ProtoBufRpcInvoker.call(ProtobufRpcEngine2.java:574) [hadoop-common-3.3.1.jar:?]
	at org.apache.hadoop.ipc.ProtobufRpcEngine2$Server$ProtoBufRpcInvoker.call(ProtobufRpcEngine2.java:552) [hadoop-common-3.3.1.jar:?]
	at org.apache.hadoop.ipc.RPC$Server.call(RPC.java:1093) [hadoop-common-3.3.1.jar:?]
	at org.apache.hadoop.ipc.Server$RpcCall.run(Server.java:1035) [hadoop-common-3.3.1.jar:?]
	at org.apache.hadoop.ipc.Server$RpcCall.run(Server.java:963) [hadoop-common-3.3.1.jar:?]
	at java.security.AccessController.doPrivileged(Native Method) ~[?:1.8.0_345]
	at javax.security.auth.Subject.doAs(Subject.java:422) [?:1.8.0_345]
	at org.apache.hadoop.security.UserGroupInformation.doAs(UserGroupInformation.java:1878) [hadoop-common-3.3.1.jar:?]
	at org.apache.hadoop.ipc.Server$Handler.run(Server.java:2966) [hadoop-common-3.3.1.jar:?]
2022-10-09 13:05:57,878 [Time-limited test] WARN  ozone.BasicOzoneFileSystem (BasicOzoneFileSystem.java:getFileStatus(765)) - GetFileStatus failed for path /level0/level3/level3
java.io.FileNotFoundException: level0/level3/level3: No such file or directory!
	at org.apache.hadoop.fs.ozone.BasicOzoneClientAdapterImpl.getFileStatus(BasicOzoneClientAdapterImpl.java:369)
	at org.apache.hadoop.fs.ozone.BasicOzoneFileSystem.getFileStatus(BasicOzoneFileSystem.java:757)
	at org.apache.hadoop.fs.ozone.TestOzoneFileSystem.checkPath(TestOzoneFileSystem.java:502)
	at org.apache.hadoop.fs.ozone.TestOzoneFileSystem.testRecursiveDelete(TestOzoneFileSystem.java:494)
	at sun.reflect.NativeMethodAccessorImpl.invoke0(Native Method)
	at sun.reflect.NativeMethodAccessorImpl.invoke(NativeMethodAccessorImpl.java:62)
	at sun.reflect.DelegatingMethodAccessorImpl.invoke(DelegatingMethodAccessorImpl.java:43)
	at java.lang.reflect.Method.invoke(Method.java:498)
	at org.junit.runners.model.FrameworkMethod$1.runReflectiveCall(FrameworkMethod.java:59)
	at org.junit.internal.runners.model.ReflectiveCallable.run(ReflectiveCallable.java:12)
	at org.junit.runners.model.FrameworkMethod.invokeExplosively(FrameworkMethod.java:56)
	at org.junit.internal.runners.statements.InvokeMethod.evaluate(InvokeMethod.java:17)
	at org.junit.internal.runners.statements.RunAfters.evaluate(RunAfters.java:27)
	at org.junit.internal.runners.statements.FailOnTimeout$CallableStatement.call(FailOnTimeout.java:288)
	at org.junit.internal.runners.statements.FailOnTimeout$CallableStatement.call(FailOnTimeout.java:282)
	at java.util.concurrent.FutureTask.run(FutureTask.java:266)
	at java.lang.Thread.run(Thread.java:750)
13:05:57.878 [IPC Server handler 9 on default port 44209] ERROR OMAudit - user=runner | ip=127.0.0.1 | op=GET_FILE_STATUS {volume=volume66281, bucket=bucket85504, key=level0/level3/file1, dataSize=0, replicationConfig=null} | ret=FAILURE
org.apache.hadoop.ozone.om.exceptions.OMException: Unable to get file status: volume: volume66281 bucket: bucket85504 key: level0/level3/file1
	at org.apache.hadoop.ozone.om.KeyManagerImpl.getOzoneFileStatus(KeyManagerImpl.java:1270) ~[ozone-manager-1.3.0-SNAPSHOT.jar:?]
	at org.apache.hadoop.ozone.om.KeyManagerImpl.getFileStatus(KeyManagerImpl.java:1200) ~[ozone-manager-1.3.0-SNAPSHOT.jar:?]
	at org.apache.hadoop.ozone.om.OzoneManager.getFileStatus(OzoneManager.java:3507) ~[ozone-manager-1.3.0-SNAPSHOT.jar:?]
	at org.apache.hadoop.ozone.protocolPB.OzoneManagerRequestHandler.getOzoneFileStatus(OzoneManagerRequestHandler.java:882) ~[ozone-manager-1.3.0-SNAPSHOT.jar:?]
	at org.apache.hadoop.ozone.protocolPB.OzoneManagerRequestHandler.handleReadRequest(OzoneManagerRequestHandler.java:228) ~[ozone-manager-1.3.0-SNAPSHOT.jar:?]
	at org.apache.hadoop.ozone.protocolPB.OzoneManagerProtocolServerSideTranslatorPB.submitRequestDirectlyToOM(OzoneManagerProtocolServerSideTranslatorPB.java:276) ~[ozone-manager-1.3.0-SNAPSHOT.jar:?]
	at org.apache.hadoop.ozone.protocolPB.OzoneManagerProtocolServerSideTranslatorPB.processRequest(OzoneManagerProtocolServerSideTranslatorPB.java:205) ~[ozone-manager-1.3.0-SNAPSHOT.jar:?]
	at org.apache.hadoop.hdds.server.OzoneProtocolMessageDispatcher.processRequest(OzoneProtocolMessageDispatcher.java:87) [hdds-server-framework-1.3.0-SNAPSHOT.jar:?]
	at org.apache.hadoop.ozone.protocolPB.OzoneManagerProtocolServerSideTranslatorPB.submitRequest(OzoneManagerProtocolServerSideTranslatorPB.java:147) [ozone-manager-1.3.0-SNAPSHOT.jar:?]
	at org.apache.hadoop.ozone.protocol.proto.OzoneManagerProtocolProtos$OzoneManagerService$2.callBlockingMethod(OzoneManagerProtocolProtos.java) [ozone-interface-client-1.3.0-SNAPSHOT.jar:?]
	at org.apache.hadoop.ipc.ProtobufRpcEngine$Server.processCall(ProtobufRpcEngine.java:466) [hadoop-common-3.3.1.jar:?]
	at org.apache.hadoop.ipc.ProtobufRpcEngine2$Server$ProtoBufRpcInvoker.call(ProtobufRpcEngine2.java:574) [hadoop-common-3.3.1.jar:?]
	at org.apache.hadoop.ipc.ProtobufRpcEngine2$Server$ProtoBufRpcInvoker.call(ProtobufRpcEngine2.java:552) [hadoop-common-3.3.1.jar:?]
	at org.apache.hadoop.ipc.RPC$Server.call(RPC.java:1093) [hadoop-common-3.3.1.jar:?]
	at org.apache.hadoop.ipc.Server$RpcCall.run(Server.java:1035) [hadoop-common-3.3.1.jar:?]
	at org.apache.hadoop.ipc.Server$RpcCall.run(Server.java:963) [hadoop-common-3.3.1.jar:?]
	at java.security.AccessController.doPrivileged(Native Method) ~[?:1.8.0_345]
	at javax.security.auth.Subject.doAs(Subject.java:422) [?:1.8.0_345]
	at org.apache.hadoop.security.UserGroupInformation.doAs(UserGroupInformation.java:1878) [hadoop-common-3.3.1.jar:?]
	at org.apache.hadoop.ipc.Server$Handler.run(Server.java:2966) [hadoop-common-3.3.1.jar:?]
2022-10-09 13:05:57,879 [Time-limited test] WARN  ozone.BasicOzoneFileSystem (BasicOzoneFileSystem.java:getFileStatus(765)) - GetFileStatus failed for path /level0/level3/file1
java.io.FileNotFoundException: level0/level3/file1: No such file or directory!
	at org.apache.hadoop.fs.ozone.BasicOzoneClientAdapterImpl.getFileStatus(BasicOzoneClientAdapterImpl.java:369)
	at org.apache.hadoop.fs.ozone.BasicOzoneFileSystem.getFileStatus(BasicOzoneFileSystem.java:757)
	at org.apache.hadoop.fs.ozone.TestOzoneFileSystem.checkPath(TestOzoneFileSystem.java:502)
	at org.apache.hadoop.fs.ozone.TestOzoneFileSystem.testRecursiveDelete(TestOzoneFileSystem.java:495)
	at sun.reflect.NativeMethodAccessorImpl.invoke0(Native Method)
	at sun.reflect.NativeMethodAccessorImpl.invoke(NativeMethodAccessorImpl.java:62)
	at sun.reflect.DelegatingMethodAccessorImpl.invoke(DelegatingMethodAccessorImpl.java:43)
	at java.lang.reflect.Method.invoke(Method.java:498)
	at org.junit.runners.model.FrameworkMethod$1.runReflectiveCall(FrameworkMethod.java:59)
	at org.junit.internal.runners.model.ReflectiveCallable.run(ReflectiveCallable.java:12)
	at org.junit.runners.model.FrameworkMethod.invokeExplosively(FrameworkMethod.java:56)
	at org.junit.internal.runners.statements.InvokeMethod.evaluate(InvokeMethod.java:17)
	at org.junit.internal.runners.statements.RunAfters.evaluate(RunAfters.java:27)
	at org.junit.internal.runners.statements.FailOnTimeout$CallableStatement.call(FailOnTimeout.java:288)
	at org.junit.internal.runners.statements.FailOnTimeout$CallableStatement.call(FailOnTimeout.java:282)
	at java.util.concurrent.FutureTask.run(FutureTask.java:266)
	at java.lang.Thread.run(Thread.java:750)
13:05:57.879 [IPC Server handler 2 on default port 44209] ERROR OMAudit - user=runner | ip=127.0.0.1 | op=GET_FILE_STATUS {volume=volume66281, bucket=bucket85504, key=level0/level3/level3/file1, dataSize=0, replicationConfig=null} | ret=FAILURE
org.apache.hadoop.ozone.om.exceptions.OMException: Unable to get file status: volume: volume66281 bucket: bucket85504 key: level0/level3/level3/file1
	at org.apache.hadoop.ozone.om.KeyManagerImpl.getOzoneFileStatus(KeyManagerImpl.java:1270) ~[ozone-manager-1.3.0-SNAPSHOT.jar:?]
	at org.apache.hadoop.ozone.om.KeyManagerImpl.getFileStatus(KeyManagerImpl.java:1200) ~[ozone-manager-1.3.0-SNAPSHOT.jar:?]
	at org.apache.hadoop.ozone.om.OzoneManager.getFileStatus(OzoneManager.java:3507) ~[ozone-manager-1.3.0-SNAPSHOT.jar:?]
	at org.apache.hadoop.ozone.protocolPB.OzoneManagerRequestHandler.getOzoneFileStatus(OzoneManagerRequestHandler.java:882) ~[ozone-manager-1.3.0-SNAPSHOT.jar:?]
	at org.apache.hadoop.ozone.protocolPB.OzoneManagerRequestHandler.handleReadRequest(OzoneManagerRequestHandler.java:228) ~[ozone-manager-1.3.0-SNAPSHOT.jar:?]
	at org.apache.hadoop.ozone.protocolPB.OzoneManagerProtocolServerSideTranslatorPB.submitRequestDirectlyToOM(OzoneManagerProtocolServerSideTranslatorPB.java:276) ~[ozone-manager-1.3.0-SNAPSHOT.jar:?]
	at org.apache.hadoop.ozone.protocolPB.OzoneManagerProtocolServerSideTranslatorPB.processRequest(OzoneManagerProtocolServerSideTranslatorPB.java:205) ~[ozone-manager-1.3.0-SNAPSHOT.jar:?]
	at org.apache.hadoop.hdds.server.OzoneProtocolMessageDispatcher.processRequest(OzoneProtocolMessageDispatcher.java:87) [hdds-server-framework-1.3.0-SNAPSHOT.jar:?]
	at org.apache.hadoop.ozone.protocolPB.OzoneManagerProtocolServerSideTranslatorPB.submitRequest(OzoneManagerProtocolServerSideTranslatorPB.java:147) [ozone-manager-1.3.0-SNAPSHOT.jar:?]
	at org.apache.hadoop.ozone.protocol.proto.OzoneManagerProtocolProtos$OzoneManagerService$2.callBlockingMethod(OzoneManagerProtocolProtos.java) [ozone-interface-client-1.3.0-SNAPSHOT.jar:?]
	at org.apache.hadoop.ipc.ProtobufRpcEngine$Server.processCall(ProtobufRpcEngine.java:466) [hadoop-common-3.3.1.jar:?]
	at org.apache.hadoop.ipc.ProtobufRpcEngine2$Server$ProtoBufRpcInvoker.call(ProtobufRpcEngine2.java:574) [hadoop-common-3.3.1.jar:?]
	at org.apache.hadoop.ipc.ProtobufRpcEngine2$Server$ProtoBufRpcInvoker.call(ProtobufRpcEngine2.java:552) [hadoop-common-3.3.1.jar:?]
	at org.apache.hadoop.ipc.RPC$Server.call(RPC.java:1093) [hadoop-common-3.3.1.jar:?]
	at org.apache.hadoop.ipc.Server$RpcCall.run(Server.java:1035) [hadoop-common-3.3.1.jar:?]
	at org.apache.hadoop.ipc.Server$RpcCall.run(Server.java:963) [hadoop-common-3.3.1.jar:?]
	at java.security.AccessController.doPrivileged(Native Method) ~[?:1.8.0_345]
	at javax.security.auth.Subject.doAs(Subject.java:422) [?:1.8.0_345]
	at org.apache.hadoop.security.UserGroupInformation.doAs(UserGroupInformation.java:1878) [hadoop-common-3.3.1.jar:?]
	at org.apache.hadoop.ipc.Server$Handler.run(Server.java:2966) [hadoop-common-3.3.1.jar:?]
2022-10-09 13:05:57,879 [Time-limited test] WARN  ozone.BasicOzoneFileSystem (BasicOzoneFileSystem.java:getFileStatus(765)) - GetFileStatus failed for path /level0/level3/level3/file1
java.io.FileNotFoundException: level0/level3/level3/file1: No such file or directory!
	at org.apache.hadoop.fs.ozone.BasicOzoneClientAdapterImpl.getFileStatus(BasicOzoneClientAdapterImpl.java:369)
	at org.apache.hadoop.fs.ozone.BasicOzoneFileSystem.getFileStatus(BasicOzoneFileSystem.java:757)
	at org.apache.hadoop.fs.ozone.TestOzoneFileSystem.checkPath(TestOzoneFileSystem.java:502)
	at org.apache.hadoop.fs.ozone.TestOzoneFileSystem.testRecursiveDelete(TestOzoneFileSystem.java:496)
	at sun.reflect.NativeMethodAccessorImpl.invoke0(Native Method)
	at sun.reflect.NativeMethodAccessorImpl.invoke(NativeMethodAccessorImpl.java:62)
	at sun.reflect.DelegatingMethodAccessorImpl.invoke(DelegatingMethodAccessorImpl.java:43)
	at java.lang.reflect.Method.invoke(Method.java:498)
	at org.junit.runners.model.FrameworkMethod$1.runReflectiveCall(FrameworkMethod.java:59)
	at org.junit.internal.runners.model.ReflectiveCallable.run(ReflectiveCallable.java:12)
	at org.junit.runners.model.FrameworkMethod.invokeExplosively(FrameworkMethod.java:56)
	at org.junit.internal.runners.statements.InvokeMethod.evaluate(InvokeMethod.java:17)
	at org.junit.internal.runners.statements.RunAfters.evaluate(RunAfters.java:27)
	at org.junit.internal.runners.statements.FailOnTimeout$CallableStatement.call(FailOnTimeout.java:288)
	at org.junit.internal.runners.statements.FailOnTimeout$CallableStatement.call(FailOnTimeout.java:282)
	at java.util.concurrent.FutureTask.run(FutureTask.java:266)
	at java.lang.Thread.run(Thread.java:750)
]]></system-out>
  </testcase>
  <testcase name="testRecursiveDelete" classname="TestOzoneFileSystem" time="0.563">
    <system-out><![CDATA[2022-10-09 13:07:27,411 [d46e0485-2442-4c5a-ac53-f23987407338@group-4461322E6C07-FollowerState] INFO  impl.FollowerState (FollowerState.java:run(143)) - d46e0485-2442-4c5a-ac53-f23987407338@group-4461322E6C07-FollowerState: change to CANDIDATE, lastRpcElapsedTime:5013522271ns, electionTimeout:5007ms
2022-10-09 13:07:27,412 [d46e0485-2442-4c5a-ac53-f23987407338@group-4461322E6C07-FollowerState] INFO  impl.RoleInfo (RoleInfo.java:shutdownFollowerState(110)) - d46e0485-2442-4c5a-ac53-f23987407338: shutdown d46e0485-2442-4c5a-ac53-f23987407338@group-4461322E6C07-FollowerState
2022-10-09 13:07:27,412 [d46e0485-2442-4c5a-ac53-f23987407338@group-4461322E6C07-FollowerState] INFO  server.RaftServer$Division (RaftServerImpl.java:setRole(299)) - d46e0485-2442-4c5a-ac53-f23987407338@group-4461322E6C07: changes role from  FOLLOWER to CANDIDATE at term 2 for changeToCandidate
2022-10-09 13:07:27,412 [d46e0485-2442-4c5a-ac53-f23987407338@group-4461322E6C07-FollowerState] INFO  server.RaftServerConfigKeys (ConfUtils.java:logGet(46)) - raft.server.leaderelection.pre-vote = false (custom)
2022-10-09 13:07:27,412 [d46e0485-2442-4c5a-ac53-f23987407338@group-4461322E6C07-FollowerState] INFO  impl.RoleInfo (RoleInfo.java:updateAndGet(139)) - d46e0485-2442-4c5a-ac53-f23987407338: start d46e0485-2442-4c5a-ac53-f23987407338@group-4461322E6C07-LeaderElection48
2022-10-09 13:07:27,462 [d46e0485-2442-4c5a-ac53-f23987407338@group-4461322E6C07-LeaderElection48] INFO  impl.LeaderElection (LeaderElection.java:askForVotes(310)) - d46e0485-2442-4c5a-ac53-f23987407338@group-4461322E6C07-LeaderElection48 ELECTION round 0: submit vote requests at term 3 for -1: [d46e0485-2442-4c5a-ac53-f23987407338|rpc:10.1.0.209:36777|dataStream:|priority:1, 55b9ea12-5ed0-4563-9b80-74e62ded3c41|rpc:10.1.0.209:45387|dataStream:|priority:0, c6dbff45-d07e-454c-8dcf-e2e002008729|rpc:10.1.0.209:38729|dataStream:|priority:0], old=null
2022-10-09 13:07:27,529 [grpc-default-executor-2] INFO  server.RaftServer$Division (RaftServerImpl.java:requestVote(1152)) - 55b9ea12-5ed0-4563-9b80-74e62ded3c41@group-4461322E6C07: receive requestVote(ELECTION, d46e0485-2442-4c5a-ac53-f23987407338, group-4461322E6C07, 3, (t:0, i:0))
2022-10-09 13:07:27,529 [grpc-default-executor-2] INFO  impl.VoteContext (VoteContext.java:log(48)) - 55b9ea12-5ed0-4563-9b80-74e62ded3c41@group-4461322E6C07-FOLLOWER: accept ELECTION from d46e0485-2442-4c5a-ac53-f23987407338: our priority 0 <= candidate's priority 1
2022-10-09 13:07:27,529 [grpc-default-executor-2] INFO  server.RaftServer$Division (RaftServerImpl.java:setRole(299)) - 55b9ea12-5ed0-4563-9b80-74e62ded3c41@group-4461322E6C07: changes role from  FOLLOWER to FOLLOWER at term 3 for candidate:d46e0485-2442-4c5a-ac53-f23987407338
2022-10-09 13:07:27,529 [grpc-default-executor-2] INFO  impl.RoleInfo (RoleInfo.java:shutdownFollowerState(110)) - 55b9ea12-5ed0-4563-9b80-74e62ded3c41: shutdown 55b9ea12-5ed0-4563-9b80-74e62ded3c41@group-4461322E6C07-FollowerState
2022-10-09 13:07:27,529 [grpc-default-executor-2] INFO  impl.RoleInfo (RoleInfo.java:updateAndGet(139)) - 55b9ea12-5ed0-4563-9b80-74e62ded3c41: start 55b9ea12-5ed0-4563-9b80-74e62ded3c41@group-4461322E6C07-FollowerState
2022-10-09 13:07:27,529 [55b9ea12-5ed0-4563-9b80-74e62ded3c41@group-4461322E6C07-FollowerState] INFO  impl.FollowerState (FollowerState.java:run(152)) - 55b9ea12-5ed0-4563-9b80-74e62ded3c41@group-4461322E6C07-FollowerState was interrupted
2022-10-09 13:07:27,533 [grpc-default-executor-2] INFO  server.RaftServer$Division (RaftServerImpl.java:requestVote(1184)) - 55b9ea12-5ed0-4563-9b80-74e62ded3c41@group-4461322E6C07 replies to ELECTION vote request: d46e0485-2442-4c5a-ac53-f23987407338<-55b9ea12-5ed0-4563-9b80-74e62ded3c41#0:OK-t3. Peer's state: 55b9ea12-5ed0-4563-9b80-74e62ded3c41@group-4461322E6C07:t3, leader=null, voted=d46e0485-2442-4c5a-ac53-f23987407338, raftlog=55b9ea12-5ed0-4563-9b80-74e62ded3c41@group-4461322E6C07-SegmentedRaftLog:OPENED:c-1, conf=-1: [d46e0485-2442-4c5a-ac53-f23987407338|rpc:10.1.0.209:36777|dataStream:|priority:1, 55b9ea12-5ed0-4563-9b80-74e62ded3c41|rpc:10.1.0.209:45387|dataStream:|priority:0, c6dbff45-d07e-454c-8dcf-e2e002008729|rpc:10.1.0.209:38729|dataStream:|priority:0], old=null
2022-10-09 13:07:27,555 [grpc-default-executor-2] INFO  server.RaftServer$Division (RaftServerImpl.java:requestVote(1152)) - c6dbff45-d07e-454c-8dcf-e2e002008729@group-4461322E6C07: receive requestVote(ELECTION, d46e0485-2442-4c5a-ac53-f23987407338, group-4461322E6C07, 3, (t:0, i:0))
2022-10-09 13:07:27,555 [grpc-default-executor-2] INFO  impl.VoteContext (VoteContext.java:log(48)) - c6dbff45-d07e-454c-8dcf-e2e002008729@group-4461322E6C07-FOLLOWER: accept ELECTION from d46e0485-2442-4c5a-ac53-f23987407338: our priority 0 <= candidate's priority 1
2022-10-09 13:07:27,555 [grpc-default-executor-2] INFO  server.RaftServer$Division (RaftServerImpl.java:setRole(299)) - c6dbff45-d07e-454c-8dcf-e2e002008729@group-4461322E6C07: changes role from  FOLLOWER to FOLLOWER at term 3 for candidate:d46e0485-2442-4c5a-ac53-f23987407338
2022-10-09 13:07:27,555 [grpc-default-executor-2] INFO  impl.RoleInfo (RoleInfo.java:shutdownFollowerState(110)) - c6dbff45-d07e-454c-8dcf-e2e002008729: shutdown c6dbff45-d07e-454c-8dcf-e2e002008729@group-4461322E6C07-FollowerState
2022-10-09 13:07:27,555 [grpc-default-executor-2] INFO  impl.RoleInfo (RoleInfo.java:updateAndGet(139)) - c6dbff45-d07e-454c-8dcf-e2e002008729: start c6dbff45-d07e-454c-8dcf-e2e002008729@group-4461322E6C07-FollowerState
2022-10-09 13:07:27,555 [c6dbff45-d07e-454c-8dcf-e2e002008729@group-4461322E6C07-FollowerState] INFO  impl.FollowerState (FollowerState.java:run(152)) - c6dbff45-d07e-454c-8dcf-e2e002008729@group-4461322E6C07-FollowerState was interrupted
2022-10-09 13:07:27,563 [grpc-default-executor-2] INFO  server.RaftServer$Division (RaftServerImpl.java:requestVote(1184)) - c6dbff45-d07e-454c-8dcf-e2e002008729@group-4461322E6C07 replies to ELECTION vote request: d46e0485-2442-4c5a-ac53-f23987407338<-c6dbff45-d07e-454c-8dcf-e2e002008729#0:OK-t3. Peer's state: c6dbff45-d07e-454c-8dcf-e2e002008729@group-4461322E6C07:t3, leader=null, voted=d46e0485-2442-4c5a-ac53-f23987407338, raftlog=c6dbff45-d07e-454c-8dcf-e2e002008729@group-4461322E6C07-SegmentedRaftLog:OPENED:c-1, conf=-1: [d46e0485-2442-4c5a-ac53-f23987407338|rpc:10.1.0.209:36777|priority:1, 55b9ea12-5ed0-4563-9b80-74e62ded3c41|rpc:10.1.0.209:45387|priority:0, c6dbff45-d07e-454c-8dcf-e2e002008729|rpc:10.1.0.209:38729|priority:0], old=null
2022-10-09 13:07:27,588 [d46e0485-2442-4c5a-ac53-f23987407338@group-4461322E6C07-LeaderElection48] INFO  impl.LeaderElection (LeaderElection.java:logAndReturn(90)) - d46e0485-2442-4c5a-ac53-f23987407338@group-4461322E6C07-LeaderElection48: ELECTION PASSED received 1 response(s) and 0 exception(s):
2022-10-09 13:07:27,590 [d46e0485-2442-4c5a-ac53-f23987407338@group-4461322E6C07-LeaderElection48] INFO  impl.LeaderElection (LeaderElection.java:logAndReturn(94)) -   Response 0: d46e0485-2442-4c5a-ac53-f23987407338<-55b9ea12-5ed0-4563-9b80-74e62ded3c41#0:OK-t3
2022-10-09 13:07:27,590 [d46e0485-2442-4c5a-ac53-f23987407338@group-4461322E6C07-LeaderElection48] INFO  impl.LeaderElection (LeaderElection.java:askForVotes(312)) - d46e0485-2442-4c5a-ac53-f23987407338@group-4461322E6C07-LeaderElection48 ELECTION round 0: result PASSED
2022-10-09 13:07:27,590 [d46e0485-2442-4c5a-ac53-f23987407338@group-4461322E6C07-LeaderElection48] INFO  impl.RoleInfo (RoleInfo.java:shutdownLeaderElection(130)) - d46e0485-2442-4c5a-ac53-f23987407338: shutdown d46e0485-2442-4c5a-ac53-f23987407338@group-4461322E6C07-LeaderElection48
2022-10-09 13:07:27,591 [d46e0485-2442-4c5a-ac53-f23987407338@group-4461322E6C07-LeaderElection48] INFO  server.RaftServer$Division (RaftServerImpl.java:setRole(299)) - d46e0485-2442-4c5a-ac53-f23987407338@group-4461322E6C07: changes role from CANDIDATE to LEADER at term 3 for changeToLeader
2022-10-09 13:07:27,591 [d46e0485-2442-4c5a-ac53-f23987407338@group-4461322E6C07-LeaderElection48] INFO  ratis.XceiverServerRatis (XceiverServerRatis.java:handleLeaderChangedNotification(863)) - Leader change notification received for group: group-4461322E6C07 with new leaderId: d46e0485-2442-4c5a-ac53-f23987407338
2022-10-09 13:07:27,591 [d46e0485-2442-4c5a-ac53-f23987407338@group-4461322E6C07-LeaderElection48] INFO  server.RaftServer$Division (ServerState.java:setLeader(287)) - d46e0485-2442-4c5a-ac53-f23987407338@group-4461322E6C07: change Leader from null to d46e0485-2442-4c5a-ac53-f23987407338 at term 3 for becomeLeader, leader elected after 15277ms
2022-10-09 13:07:27,591 [d46e0485-2442-4c5a-ac53-f23987407338@group-4461322E6C07-LeaderElection48] INFO  server.RaftServerConfigKeys (ConfUtils.java:logGet(46)) - raft.server.staging.catchup.gap = 1000 (default)
2022-10-09 13:07:27,591 [d46e0485-2442-4c5a-ac53-f23987407338@group-4461322E6C07-LeaderElection48] INFO  server.RaftServerConfigKeys (ConfUtils.java:logGet(46)) - raft.server.write.element-limit = 1024 (custom)
2022-10-09 13:07:27,591 [d46e0485-2442-4c5a-ac53-f23987407338@group-4461322E6C07-LeaderElection48] INFO  server.RaftServerConfigKeys (ConfUtils.java:logGet(46)) - raft.server.write.byte-limit = 1024 M (=1073741824) (custom)
2022-10-09 13:07:27,591 [d46e0485-2442-4c5a-ac53-f23987407338@group-4461322E6C07-LeaderElection48] INFO  server.RaftServerConfigKeys (ConfUtils.java:logGet(46)) - raft.server.watch.timeout = 180s (custom)
2022-10-09 13:07:27,591 [d46e0485-2442-4c5a-ac53-f23987407338@group-4461322E6C07-LeaderElection48] INFO  server.RaftServerConfigKeys (ConfUtils.java:logGet(46)) - raft.server.watch.timeout.denomination = 1s (default)
2022-10-09 13:07:27,591 [d46e0485-2442-4c5a-ac53-f23987407338@group-4461322E6C07-LeaderElection48] INFO  server.RaftServerConfigKeys (ConfUtils.java:logGet(46)) - raft.server.watch.element-limit = 65536 (default)
2022-10-09 13:07:27,592 [d46e0485-2442-4c5a-ac53-f23987407338@group-4461322E6C07-LeaderElection48] INFO  server.RaftServerConfigKeys (ConfUtils.java:logGet(46)) - raft.server.write.element-limit = 1024 (custom)
2022-10-09 13:07:27,592 [d46e0485-2442-4c5a-ac53-f23987407338@group-4461322E6C07-LeaderElection48] INFO  server.RaftServerConfigKeys (ConfUtils.java:logGet(46)) - raft.server.write.follower.gap.ratio.max = -1.0 (default)
2022-10-09 13:07:27,592 [d46e0485-2442-4c5a-ac53-f23987407338@group-4461322E6C07-LeaderElection48] INFO  server.RaftServerConfigKeys (ConfUtils.java:logGet(46)) - raft.server.log.appender.snapshot.chunk.size.max = 16MB (=16777216) (default)
2022-10-09 13:07:27,592 [d46e0485-2442-4c5a-ac53-f23987407338@group-4461322E6C07-LeaderElection48] INFO  server.RaftServerConfigKeys (ConfUtils.java:logGet(46)) - raft.server.log.appender.buffer.byte-limit = 33554432 (custom)
2022-10-09 13:07:27,592 [d46e0485-2442-4c5a-ac53-f23987407338@group-4461322E6C07-LeaderElection48] INFO  server.RaftServerConfigKeys (ConfUtils.java:logGet(46)) - raft.server.log.appender.buffer.element-limit = 1 (custom)
2022-10-09 13:07:27,592 [d46e0485-2442-4c5a-ac53-f23987407338@group-4461322E6C07-LeaderElection48] INFO  grpc.GrpcConfigKeys (ConfUtils.java:logGet(46)) - raft.grpc.server.leader.outstanding.appends.max = 128 (default)
2022-10-09 13:07:27,592 [d46e0485-2442-4c5a-ac53-f23987407338@group-4461322E6C07-LeaderElection48] INFO  server.RaftServerConfigKeys (ConfUtils.java:logGet(46)) - raft.server.rpc.request.timeout = 60s (custom)
2022-10-09 13:07:27,592 [d46e0485-2442-4c5a-ac53-f23987407338@group-4461322E6C07-LeaderElection48] INFO  server.RaftServerConfigKeys (ConfUtils.java:logGet(46)) - raft.server.log.appender.install.snapshot.enabled = false (custom)
2022-10-09 13:07:27,593 [d46e0485-2442-4c5a-ac53-f23987407338@group-4461322E6C07-LeaderElection48] INFO  server.RaftServerConfigKeys (ConfUtils.java:logGet(46)) - raft.server.log.appender.snapshot.chunk.size.max = 16MB (=16777216) (default)
2022-10-09 13:07:27,593 [d46e0485-2442-4c5a-ac53-f23987407338@group-4461322E6C07-LeaderElection48] INFO  server.RaftServerConfigKeys (ConfUtils.java:logGet(46)) - raft.server.log.appender.buffer.byte-limit = 33554432 (custom)
2022-10-09 13:07:27,593 [d46e0485-2442-4c5a-ac53-f23987407338@group-4461322E6C07-LeaderElection48] INFO  server.RaftServerConfigKeys (ConfUtils.java:logGet(46)) - raft.server.log.appender.buffer.element-limit = 1 (custom)
2022-10-09 13:07:27,593 [d46e0485-2442-4c5a-ac53-f23987407338@group-4461322E6C07-LeaderElection48] INFO  grpc.GrpcConfigKeys (ConfUtils.java:logGet(46)) - raft.grpc.server.leader.outstanding.appends.max = 128 (default)
2022-10-09 13:07:27,593 [d46e0485-2442-4c5a-ac53-f23987407338@group-4461322E6C07-LeaderElection48] INFO  server.RaftServerConfigKeys (ConfUtils.java:logGet(46)) - raft.server.rpc.request.timeout = 60s (custom)
2022-10-09 13:07:27,593 [d46e0485-2442-4c5a-ac53-f23987407338@group-4461322E6C07-LeaderElection48] INFO  server.RaftServerConfigKeys (ConfUtils.java:logGet(46)) - raft.server.log.appender.install.snapshot.enabled = false (custom)
2022-10-09 13:07:27,594 [d46e0485-2442-4c5a-ac53-f23987407338@group-4461322E6C07-LeaderElection48] INFO  impl.RoleInfo (RoleInfo.java:updateAndGet(139)) - d46e0485-2442-4c5a-ac53-f23987407338: start d46e0485-2442-4c5a-ac53-f23987407338@group-4461322E6C07-LeaderStateImpl
2022-10-09 13:07:27,594 [d46e0485-2442-4c5a-ac53-f23987407338@group-4461322E6C07-LeaderElection48] INFO  segmented.SegmentedRaftLogWorker (SegmentedRaftLogWorker.java:startLogSegment(425)) - d46e0485-2442-4c5a-ac53-f23987407338@group-4461322E6C07-SegmentedRaftLogWorker: Starting segment from index:0
2022-10-09 13:07:27,603 [d46e0485-2442-4c5a-ac53-f23987407338@group-4461322E6C07-SegmentedRaftLogWorker] INFO  segmented.SegmentedRaftLogWorker (SegmentedRaftLogWorker.java:execute(629)) - d46e0485-2442-4c5a-ac53-f23987407338@group-4461322E6C07-SegmentedRaftLogWorker: created new log segment /home/runner/work/ozone/ozone/hadoop-ozone/integration-test/target/test-dir/MiniOzoneClusterImpl-9128138f-083a-4137-a9cb-d58212e00964/datanode-2/data/ratis/f6e5e969-f68d-49c5-977a-4461322e6c07/current/log_inprogress_0
2022-10-09 13:07:27,644 [EventQueue-PipelineReportForPipelineReportHandler] INFO  pipeline.PipelineManagerImpl (PipelineManagerImpl.java:openPipeline(367)) - Pipeline Pipeline[ Id: f6e5e969-f68d-49c5-977a-4461322e6c07, Nodes: c6dbff45-d07e-454c-8dcf-e2e002008729{ip: 10.1.0.209, host: fv-az212-628.zlodpucb4l4udavnfxg5s20dva.cx.internal.cloudapp.net, ports: [REPLICATION=35129, RATIS=38729, RATIS_ADMIN=38729, RATIS_SERVER=38729, STANDALONE=41599], networkLocation: /default-rack, certSerialId: null, persistedOpState: IN_SERVICE, persistedOpStateExpiryEpochSec: 0}55b9ea12-5ed0-4563-9b80-74e62ded3c41{ip: 10.1.0.209, host: fv-az212-628.zlodpucb4l4udavnfxg5s20dva.cx.internal.cloudapp.net, ports: [REPLICATION=43057, RATIS=45387, RATIS_ADMIN=45387, RATIS_SERVER=45387, STANDALONE=38317], networkLocation: /default-rack, certSerialId: null, persistedOpState: IN_SERVICE, persistedOpStateExpiryEpochSec: 0}d46e0485-2442-4c5a-ac53-f23987407338{ip: 10.1.0.209, host: fv-az212-628.zlodpucb4l4udavnfxg5s20dva.cx.internal.cloudapp.net, ports: [REPLICATION=41515, RATIS=36777, RATIS_ADMIN=36777, RATIS_SERVER=36777, STANDALONE=45043], networkLocation: /default-rack, certSerialId: null, persistedOpState: IN_SERVICE, persistedOpStateExpiryEpochSec: 0}, ReplicationConfig: RATIS/THREE, State:ALLOCATED, leaderId:d46e0485-2442-4c5a-ac53-f23987407338, CreationTimestamp2022-10-09T13:07:10.249Z[Etc/UTC]] moved to OPEN state
2022-10-09 13:07:27,657 [55b9ea12-5ed0-4563-9b80-74e62ded3c41-server-thread1] INFO  ratis.XceiverServerRatis (XceiverServerRatis.java:handleLeaderChangedNotification(863)) - Leader change notification received for group: group-4461322E6C07 with new leaderId: d46e0485-2442-4c5a-ac53-f23987407338
2022-10-09 13:07:27,658 [55b9ea12-5ed0-4563-9b80-74e62ded3c41-server-thread1] INFO  server.RaftServer$Division (ServerState.java:setLeader(287)) - 55b9ea12-5ed0-4563-9b80-74e62ded3c41@group-4461322E6C07: change Leader from null to d46e0485-2442-4c5a-ac53-f23987407338 at term 3 for appendEntries, leader elected after 15473ms
2022-10-09 13:07:27,661 [d46e0485-2442-4c5a-ac53-f23987407338@group-4461322E6C07-LeaderElection48] INFO  server.RaftServer$Division (ServerState.java:setRaftConf(393)) - d46e0485-2442-4c5a-ac53-f23987407338@group-4461322E6C07: set configuration 0: [d46e0485-2442-4c5a-ac53-f23987407338|rpc:10.1.0.209:36777|dataStream:|priority:1, 55b9ea12-5ed0-4563-9b80-74e62ded3c41|rpc:10.1.0.209:45387|dataStream:|priority:0, c6dbff45-d07e-454c-8dcf-e2e002008729|rpc:10.1.0.209:38729|dataStream:|priority:0], old=null
2022-10-09 13:07:27,682 [c6dbff45-d07e-454c-8dcf-e2e002008729-server-thread1] INFO  ratis.XceiverServerRatis (XceiverServerRatis.java:handleLeaderChangedNotification(863)) - Leader change notification received for group: group-4461322E6C07 with new leaderId: d46e0485-2442-4c5a-ac53-f23987407338
2022-10-09 13:07:27,682 [c6dbff45-d07e-454c-8dcf-e2e002008729-server-thread1] INFO  server.RaftServer$Division (ServerState.java:setLeader(287)) - c6dbff45-d07e-454c-8dcf-e2e002008729@group-4461322E6C07: change Leader from null to d46e0485-2442-4c5a-ac53-f23987407338 at term 3 for appendEntries, leader elected after 15632ms
2022-10-09 13:07:27,704 [55b9ea12-5ed0-4563-9b80-74e62ded3c41-server-thread1] INFO  server.RaftServer$Division (ServerState.java:setRaftConf(393)) - 55b9ea12-5ed0-4563-9b80-74e62ded3c41@group-4461322E6C07: set configuration 0: [d46e0485-2442-4c5a-ac53-f23987407338|rpc:10.1.0.209:36777|dataStream:|priority:1, 55b9ea12-5ed0-4563-9b80-74e62ded3c41|rpc:10.1.0.209:45387|dataStream:|priority:0, c6dbff45-d07e-454c-8dcf-e2e002008729|rpc:10.1.0.209:38729|dataStream:|priority:0], old=null
2022-10-09 13:07:27,704 [55b9ea12-5ed0-4563-9b80-74e62ded3c41-server-thread1] INFO  segmented.SegmentedRaftLogWorker (SegmentedRaftLogWorker.java:startLogSegment(425)) - 55b9ea12-5ed0-4563-9b80-74e62ded3c41@group-4461322E6C07-SegmentedRaftLogWorker: Starting segment from index:0
2022-10-09 13:07:27,705 [55b9ea12-5ed0-4563-9b80-74e62ded3c41@group-4461322E6C07-SegmentedRaftLogWorker] INFO  segmented.SegmentedRaftLogWorker (SegmentedRaftLogWorker.java:execute(629)) - 55b9ea12-5ed0-4563-9b80-74e62ded3c41@group-4461322E6C07-SegmentedRaftLogWorker: created new log segment /home/runner/work/ozone/ozone/hadoop-ozone/integration-test/target/test-dir/MiniOzoneClusterImpl-9128138f-083a-4137-a9cb-d58212e00964/datanode-1/data/ratis/f6e5e969-f68d-49c5-977a-4461322e6c07/current/log_inprogress_0
2022-10-09 13:07:27,740 [c6dbff45-d07e-454c-8dcf-e2e002008729-server-thread1] INFO  server.RaftServer$Division (ServerState.java:setRaftConf(393)) - c6dbff45-d07e-454c-8dcf-e2e002008729@group-4461322E6C07: set configuration 0: [d46e0485-2442-4c5a-ac53-f23987407338|rpc:10.1.0.209:36777|dataStream:|priority:1, 55b9ea12-5ed0-4563-9b80-74e62ded3c41|rpc:10.1.0.209:45387|dataStream:|priority:0, c6dbff45-d07e-454c-8dcf-e2e002008729|rpc:10.1.0.209:38729|dataStream:|priority:0], old=null
2022-10-09 13:07:27,740 [c6dbff45-d07e-454c-8dcf-e2e002008729-server-thread1] INFO  segmented.SegmentedRaftLogWorker (SegmentedRaftLogWorker.java:startLogSegment(425)) - c6dbff45-d07e-454c-8dcf-e2e002008729@group-4461322E6C07-SegmentedRaftLogWorker: Starting segment from index:0
2022-10-09 13:07:27,748 [c6dbff45-d07e-454c-8dcf-e2e002008729@group-4461322E6C07-SegmentedRaftLogWorker] INFO  segmented.SegmentedRaftLogWorker (SegmentedRaftLogWorker.java:execute(629)) - c6dbff45-d07e-454c-8dcf-e2e002008729@group-4461322E6C07-SegmentedRaftLogWorker: created new log segment /home/runner/work/ozone/ozone/hadoop-ozone/integration-test/target/test-dir/MiniOzoneClusterImpl-9128138f-083a-4137-a9cb-d58212e00964/datanode-0/data/ratis/f6e5e969-f68d-49c5-977a-4461322e6c07/current/log_inprogress_0
13:07:27.783 [IPC Server handler 11 on default port 33359] ERROR OMAudit - user=runner | ip=127.0.0.1 | op=GET_FILE_STATUS {volume=volume52841, bucket=bucket11878, key=gdir1, dataSize=0, replicationConfig=null} | ret=FAILURE
org.apache.hadoop.ozone.om.exceptions.OMException: Unable to get file status: volume: volume52841 bucket: bucket11878 key: gdir1
	at org.apache.hadoop.ozone.om.KeyManagerImpl.getOzoneFileStatus(KeyManagerImpl.java:1270) ~[ozone-manager-1.3.0-SNAPSHOT.jar:?]
	at org.apache.hadoop.ozone.om.KeyManagerImpl.getFileStatus(KeyManagerImpl.java:1200) ~[ozone-manager-1.3.0-SNAPSHOT.jar:?]
	at org.apache.hadoop.ozone.om.OzoneManager.getFileStatus(OzoneManager.java:3507) ~[ozone-manager-1.3.0-SNAPSHOT.jar:?]
	at org.apache.hadoop.ozone.protocolPB.OzoneManagerRequestHandler.getOzoneFileStatus(OzoneManagerRequestHandler.java:882) ~[ozone-manager-1.3.0-SNAPSHOT.jar:?]
	at org.apache.hadoop.ozone.protocolPB.OzoneManagerRequestHandler.handleReadRequest(OzoneManagerRequestHandler.java:228) ~[ozone-manager-1.3.0-SNAPSHOT.jar:?]
	at org.apache.hadoop.ozone.protocolPB.OzoneManagerProtocolServerSideTranslatorPB.submitReadRequestToOM(OzoneManagerProtocolServerSideTranslatorPB.java:226) ~[ozone-manager-1.3.0-SNAPSHOT.jar:?]
	at org.apache.hadoop.ozone.protocolPB.OzoneManagerProtocolServerSideTranslatorPB.processRequest(OzoneManagerProtocolServerSideTranslatorPB.java:175) ~[ozone-manager-1.3.0-SNAPSHOT.jar:?]
	at org.apache.hadoop.hdds.server.OzoneProtocolMessageDispatcher.processRequest(OzoneProtocolMessageDispatcher.java:87) [hdds-server-framework-1.3.0-SNAPSHOT.jar:?]
	at org.apache.hadoop.ozone.protocolPB.OzoneManagerProtocolServerSideTranslatorPB.submitRequest(OzoneManagerProtocolServerSideTranslatorPB.java:147) [ozone-manager-1.3.0-SNAPSHOT.jar:?]
	at org.apache.hadoop.ozone.protocol.proto.OzoneManagerProtocolProtos$OzoneManagerService$2.callBlockingMethod(OzoneManagerProtocolProtos.java) [ozone-interface-client-1.3.0-SNAPSHOT.jar:?]
	at org.apache.hadoop.ipc.ProtobufRpcEngine$Server.processCall(ProtobufRpcEngine.java:466) [hadoop-common-3.3.1.jar:?]
	at org.apache.hadoop.ipc.ProtobufRpcEngine2$Server$ProtoBufRpcInvoker.call(ProtobufRpcEngine2.java:574) [hadoop-common-3.3.1.jar:?]
	at org.apache.hadoop.ipc.ProtobufRpcEngine2$Server$ProtoBufRpcInvoker.call(ProtobufRpcEngine2.java:552) [hadoop-common-3.3.1.jar:?]
	at org.apache.hadoop.ipc.RPC$Server.call(RPC.java:1093) [hadoop-common-3.3.1.jar:?]
	at org.apache.hadoop.ipc.Server$RpcCall.run(Server.java:1035) [hadoop-common-3.3.1.jar:?]
	at org.apache.hadoop.ipc.Server$RpcCall.run(Server.java:963) [hadoop-common-3.3.1.jar:?]
	at java.security.AccessController.doPrivileged(Native Method) ~[?:1.8.0_345]
	at javax.security.auth.Subject.doAs(Subject.java:422) [?:1.8.0_345]
	at org.apache.hadoop.security.UserGroupInformation.doAs(UserGroupInformation.java:1878) [hadoop-common-3.3.1.jar:?]
	at org.apache.hadoop.ipc.Server$Handler.run(Server.java:2966) [hadoop-common-3.3.1.jar:?]
2022-10-09 13:07:27,784 [Time-limited test] WARN  ozone.BasicOzoneFileSystem (BasicOzoneFileSystem.java:getFileStatus(765)) - GetFileStatus failed for path /gdir1
java.io.FileNotFoundException: gdir1: No such file or directory!
	at org.apache.hadoop.fs.ozone.BasicOzoneClientAdapterImpl.getFileStatus(BasicOzoneClientAdapterImpl.java:369)
	at org.apache.hadoop.fs.ozone.BasicOzoneFileSystem.getFileStatus(BasicOzoneFileSystem.java:757)
	at org.apache.hadoop.fs.ozone.TestOzoneFileSystem.checkPath(TestOzoneFileSystem.java:502)
	at org.apache.hadoop.fs.ozone.TestOzoneFileSystem.testRecursiveDelete(TestOzoneFileSystem.java:452)
	at sun.reflect.NativeMethodAccessorImpl.invoke0(Native Method)
	at sun.reflect.NativeMethodAccessorImpl.invoke(NativeMethodAccessorImpl.java:62)
	at sun.reflect.DelegatingMethodAccessorImpl.invoke(DelegatingMethodAccessorImpl.java:43)
	at java.lang.reflect.Method.invoke(Method.java:498)
	at org.junit.runners.model.FrameworkMethod$1.runReflectiveCall(FrameworkMethod.java:59)
	at org.junit.internal.runners.model.ReflectiveCallable.run(ReflectiveCallable.java:12)
	at org.junit.runners.model.FrameworkMethod.invokeExplosively(FrameworkMethod.java:56)
	at org.junit.internal.runners.statements.InvokeMethod.evaluate(InvokeMethod.java:17)
	at org.junit.internal.runners.statements.RunAfters.evaluate(RunAfters.java:27)
	at org.junit.internal.runners.statements.FailOnTimeout$CallableStatement.call(FailOnTimeout.java:288)
	at org.junit.internal.runners.statements.FailOnTimeout$CallableStatement.call(FailOnTimeout.java:282)
	at java.util.concurrent.FutureTask.run(FutureTask.java:266)
	at java.lang.Thread.run(Thread.java:750)
13:07:27.784 [IPC Server handler 10 on default port 33359] ERROR OMAudit - user=runner | ip=127.0.0.1 | op=GET_FILE_STATUS {volume=volume52841, bucket=bucket11878, key=gdir1/dir1, dataSize=0, replicationConfig=null} | ret=FAILURE
org.apache.hadoop.ozone.om.exceptions.OMException: Unable to get file status: volume: volume52841 bucket: bucket11878 key: gdir1/dir1
	at org.apache.hadoop.ozone.om.KeyManagerImpl.getOzoneFileStatus(KeyManagerImpl.java:1270) ~[ozone-manager-1.3.0-SNAPSHOT.jar:?]
	at org.apache.hadoop.ozone.om.KeyManagerImpl.getFileStatus(KeyManagerImpl.java:1200) ~[ozone-manager-1.3.0-SNAPSHOT.jar:?]
	at org.apache.hadoop.ozone.om.OzoneManager.getFileStatus(OzoneManager.java:3507) ~[ozone-manager-1.3.0-SNAPSHOT.jar:?]
	at org.apache.hadoop.ozone.protocolPB.OzoneManagerRequestHandler.getOzoneFileStatus(OzoneManagerRequestHandler.java:882) ~[ozone-manager-1.3.0-SNAPSHOT.jar:?]
	at org.apache.hadoop.ozone.protocolPB.OzoneManagerRequestHandler.handleReadRequest(OzoneManagerRequestHandler.java:228) ~[ozone-manager-1.3.0-SNAPSHOT.jar:?]
	at org.apache.hadoop.ozone.protocolPB.OzoneManagerProtocolServerSideTranslatorPB.submitReadRequestToOM(OzoneManagerProtocolServerSideTranslatorPB.java:226) ~[ozone-manager-1.3.0-SNAPSHOT.jar:?]
	at org.apache.hadoop.ozone.protocolPB.OzoneManagerProtocolServerSideTranslatorPB.processRequest(OzoneManagerProtocolServerSideTranslatorPB.java:175) ~[ozone-manager-1.3.0-SNAPSHOT.jar:?]
	at org.apache.hadoop.hdds.server.OzoneProtocolMessageDispatcher.processRequest(OzoneProtocolMessageDispatcher.java:87) [hdds-server-framework-1.3.0-SNAPSHOT.jar:?]
	at org.apache.hadoop.ozone.protocolPB.OzoneManagerProtocolServerSideTranslatorPB.submitRequest(OzoneManagerProtocolServerSideTranslatorPB.java:147) [ozone-manager-1.3.0-SNAPSHOT.jar:?]
	at org.apache.hadoop.ozone.protocol.proto.OzoneManagerProtocolProtos$OzoneManagerService$2.callBlockingMethod(OzoneManagerProtocolProtos.java) [ozone-interface-client-1.3.0-SNAPSHOT.jar:?]
	at org.apache.hadoop.ipc.ProtobufRpcEngine$Server.processCall(ProtobufRpcEngine.java:466) [hadoop-common-3.3.1.jar:?]
	at org.apache.hadoop.ipc.ProtobufRpcEngine2$Server$ProtoBufRpcInvoker.call(ProtobufRpcEngine2.java:574) [hadoop-common-3.3.1.jar:?]
	at org.apache.hadoop.ipc.ProtobufRpcEngine2$Server$ProtoBufRpcInvoker.call(ProtobufRpcEngine2.java:552) [hadoop-common-3.3.1.jar:?]
	at org.apache.hadoop.ipc.RPC$Server.call(RPC.java:1093) [hadoop-common-3.3.1.jar:?]
	at org.apache.hadoop.ipc.Server$RpcCall.run(Server.java:1035) [hadoop-common-3.3.1.jar:?]
	at org.apache.hadoop.ipc.Server$RpcCall.run(Server.java:963) [hadoop-common-3.3.1.jar:?]
	at java.security.AccessController.doPrivileged(Native Method) ~[?:1.8.0_345]
	at javax.security.auth.Subject.doAs(Subject.java:422) [?:1.8.0_345]
	at org.apache.hadoop.security.UserGroupInformation.doAs(UserGroupInformation.java:1878) [hadoop-common-3.3.1.jar:?]
	at org.apache.hadoop.ipc.Server$Handler.run(Server.java:2966) [hadoop-common-3.3.1.jar:?]
2022-10-09 13:07:27,785 [Time-limited test] WARN  ozone.BasicOzoneFileSystem (BasicOzoneFileSystem.java:getFileStatus(765)) - GetFileStatus failed for path /gdir1/dir1
java.io.FileNotFoundException: gdir1/dir1: No such file or directory!
	at org.apache.hadoop.fs.ozone.BasicOzoneClientAdapterImpl.getFileStatus(BasicOzoneClientAdapterImpl.java:369)
	at org.apache.hadoop.fs.ozone.BasicOzoneFileSystem.getFileStatus(BasicOzoneFileSystem.java:757)
	at org.apache.hadoop.fs.ozone.TestOzoneFileSystem.checkPath(TestOzoneFileSystem.java:502)
	at org.apache.hadoop.fs.ozone.TestOzoneFileSystem.testRecursiveDelete(TestOzoneFileSystem.java:457)
	at sun.reflect.NativeMethodAccessorImpl.invoke0(Native Method)
	at sun.reflect.NativeMethodAccessorImpl.invoke(NativeMethodAccessorImpl.java:62)
	at sun.reflect.DelegatingMethodAccessorImpl.invoke(DelegatingMethodAccessorImpl.java:43)
	at java.lang.reflect.Method.invoke(Method.java:498)
	at org.junit.runners.model.FrameworkMethod$1.runReflectiveCall(FrameworkMethod.java:59)
	at org.junit.internal.runners.model.ReflectiveCallable.run(ReflectiveCallable.java:12)
	at org.junit.runners.model.FrameworkMethod.invokeExplosively(FrameworkMethod.java:56)
	at org.junit.internal.runners.statements.InvokeMethod.evaluate(InvokeMethod.java:17)
	at org.junit.internal.runners.statements.RunAfters.evaluate(RunAfters.java:27)
	at org.junit.internal.runners.statements.FailOnTimeout$CallableStatement.call(FailOnTimeout.java:288)
	at org.junit.internal.runners.statements.FailOnTimeout$CallableStatement.call(FailOnTimeout.java:282)
	at java.util.concurrent.FutureTask.run(FutureTask.java:266)
	at java.lang.Thread.run(Thread.java:750)
13:07:27.785 [IPC Server handler 17 on default port 33359] ERROR OMAudit - user=runner | ip=127.0.0.1 | op=GET_FILE_STATUS {volume=volume52841, bucket=bucket11878, key=gdir1/dir1/child, dataSize=0, replicationConfig=null} | ret=FAILURE
org.apache.hadoop.ozone.om.exceptions.OMException: Unable to get file status: volume: volume52841 bucket: bucket11878 key: gdir1/dir1/child
	at org.apache.hadoop.ozone.om.KeyManagerImpl.getOzoneFileStatus(KeyManagerImpl.java:1270) ~[ozone-manager-1.3.0-SNAPSHOT.jar:?]
	at org.apache.hadoop.ozone.om.KeyManagerImpl.getFileStatus(KeyManagerImpl.java:1200) ~[ozone-manager-1.3.0-SNAPSHOT.jar:?]
	at org.apache.hadoop.ozone.om.OzoneManager.getFileStatus(OzoneManager.java:3507) ~[ozone-manager-1.3.0-SNAPSHOT.jar:?]
	at org.apache.hadoop.ozone.protocolPB.OzoneManagerRequestHandler.getOzoneFileStatus(OzoneManagerRequestHandler.java:882) ~[ozone-manager-1.3.0-SNAPSHOT.jar:?]
	at org.apache.hadoop.ozone.protocolPB.OzoneManagerRequestHandler.handleReadRequest(OzoneManagerRequestHandler.java:228) ~[ozone-manager-1.3.0-SNAPSHOT.jar:?]
	at org.apache.hadoop.ozone.protocolPB.OzoneManagerProtocolServerSideTranslatorPB.submitReadRequestToOM(OzoneManagerProtocolServerSideTranslatorPB.java:226) ~[ozone-manager-1.3.0-SNAPSHOT.jar:?]
	at org.apache.hadoop.ozone.protocolPB.OzoneManagerProtocolServerSideTranslatorPB.processRequest(OzoneManagerProtocolServerSideTranslatorPB.java:175) ~[ozone-manager-1.3.0-SNAPSHOT.jar:?]
	at org.apache.hadoop.hdds.server.OzoneProtocolMessageDispatcher.processRequest(OzoneProtocolMessageDispatcher.java:87) [hdds-server-framework-1.3.0-SNAPSHOT.jar:?]
	at org.apache.hadoop.ozone.protocolPB.OzoneManagerProtocolServerSideTranslatorPB.submitRequest(OzoneManagerProtocolServerSideTranslatorPB.java:147) [ozone-manager-1.3.0-SNAPSHOT.jar:?]
	at org.apache.hadoop.ozone.protocol.proto.OzoneManagerProtocolProtos$OzoneManagerService$2.callBlockingMethod(OzoneManagerProtocolProtos.java) [ozone-interface-client-1.3.0-SNAPSHOT.jar:?]
	at org.apache.hadoop.ipc.ProtobufRpcEngine$Server.processCall(ProtobufRpcEngine.java:466) [hadoop-common-3.3.1.jar:?]
	at org.apache.hadoop.ipc.ProtobufRpcEngine2$Server$ProtoBufRpcInvoker.call(ProtobufRpcEngine2.java:574) [hadoop-common-3.3.1.jar:?]
	at org.apache.hadoop.ipc.ProtobufRpcEngine2$Server$ProtoBufRpcInvoker.call(ProtobufRpcEngine2.java:552) [hadoop-common-3.3.1.jar:?]
	at org.apache.hadoop.ipc.RPC$Server.call(RPC.java:1093) [hadoop-common-3.3.1.jar:?]
	at org.apache.hadoop.ipc.Server$RpcCall.run(Server.java:1035) [hadoop-common-3.3.1.jar:?]
	at org.apache.hadoop.ipc.Server$RpcCall.run(Server.java:963) [hadoop-common-3.3.1.jar:?]
	at java.security.AccessController.doPrivileged(Native Method) ~[?:1.8.0_345]
	at javax.security.auth.Subject.doAs(Subject.java:422) [?:1.8.0_345]
	at org.apache.hadoop.security.UserGroupInformation.doAs(UserGroupInformation.java:1878) [hadoop-common-3.3.1.jar:?]
	at org.apache.hadoop.ipc.Server$Handler.run(Server.java:2966) [hadoop-common-3.3.1.jar:?]
2022-10-09 13:07:27,789 [Time-limited test] WARN  ozone.BasicOzoneFileSystem (BasicOzoneFileSystem.java:getFileStatus(765)) - GetFileStatus failed for path /gdir1/dir1/child
java.io.FileNotFoundException: gdir1/dir1/child: No such file or directory!
	at org.apache.hadoop.fs.ozone.BasicOzoneClientAdapterImpl.getFileStatus(BasicOzoneClientAdapterImpl.java:369)
	at org.apache.hadoop.fs.ozone.BasicOzoneFileSystem.getFileStatus(BasicOzoneFileSystem.java:757)
	at org.apache.hadoop.fs.ozone.TestOzoneFileSystem.checkPath(TestOzoneFileSystem.java:502)
	at org.apache.hadoop.fs.ozone.TestOzoneFileSystem.testRecursiveDelete(TestOzoneFileSystem.java:458)
	at sun.reflect.NativeMethodAccessorImpl.invoke0(Native Method)
	at sun.reflect.NativeMethodAccessorImpl.invoke(NativeMethodAccessorImpl.java:62)
	at sun.reflect.DelegatingMethodAccessorImpl.invoke(DelegatingMethodAccessorImpl.java:43)
	at java.lang.reflect.Method.invoke(Method.java:498)
	at org.junit.runners.model.FrameworkMethod$1.runReflectiveCall(FrameworkMethod.java:59)
	at org.junit.internal.runners.model.ReflectiveCallable.run(ReflectiveCallable.java:12)
	at org.junit.runners.model.FrameworkMethod.invokeExplosively(FrameworkMethod.java:56)
	at org.junit.internal.runners.statements.InvokeMethod.evaluate(InvokeMethod.java:17)
	at org.junit.internal.runners.statements.RunAfters.evaluate(RunAfters.java:27)
	at org.junit.internal.runners.statements.FailOnTimeout$CallableStatement.call(FailOnTimeout.java:288)
	at org.junit.internal.runners.statements.FailOnTimeout$CallableStatement.call(FailOnTimeout.java:282)
	at java.util.concurrent.FutureTask.run(FutureTask.java:266)
	at java.lang.Thread.run(Thread.java:750)
13:07:27.790 [IPC Server handler 4 on default port 33359] ERROR OMAudit - user=runner | ip=127.0.0.1 | op=GET_FILE_STATUS {volume=volume52841, bucket=bucket11878, key=gdir1/dir2, dataSize=0, replicationConfig=null} | ret=FAILURE
org.apache.hadoop.ozone.om.exceptions.OMException: Unable to get file status: volume: volume52841 bucket: bucket11878 key: gdir1/dir2
	at org.apache.hadoop.ozone.om.KeyManagerImpl.getOzoneFileStatus(KeyManagerImpl.java:1270) ~[ozone-manager-1.3.0-SNAPSHOT.jar:?]
	at org.apache.hadoop.ozone.om.KeyManagerImpl.getFileStatus(KeyManagerImpl.java:1200) ~[ozone-manager-1.3.0-SNAPSHOT.jar:?]
	at org.apache.hadoop.ozone.om.OzoneManager.getFileStatus(OzoneManager.java:3507) ~[ozone-manager-1.3.0-SNAPSHOT.jar:?]
	at org.apache.hadoop.ozone.protocolPB.OzoneManagerRequestHandler.getOzoneFileStatus(OzoneManagerRequestHandler.java:882) ~[ozone-manager-1.3.0-SNAPSHOT.jar:?]
	at org.apache.hadoop.ozone.protocolPB.OzoneManagerRequestHandler.handleReadRequest(OzoneManagerRequestHandler.java:228) ~[ozone-manager-1.3.0-SNAPSHOT.jar:?]
	at org.apache.hadoop.ozone.protocolPB.OzoneManagerProtocolServerSideTranslatorPB.submitReadRequestToOM(OzoneManagerProtocolServerSideTranslatorPB.java:226) ~[ozone-manager-1.3.0-SNAPSHOT.jar:?]
	at org.apache.hadoop.ozone.protocolPB.OzoneManagerProtocolServerSideTranslatorPB.processRequest(OzoneManagerProtocolServerSideTranslatorPB.java:175) ~[ozone-manager-1.3.0-SNAPSHOT.jar:?]
	at org.apache.hadoop.hdds.server.OzoneProtocolMessageDispatcher.processRequest(OzoneProtocolMessageDispatcher.java:87) [hdds-server-framework-1.3.0-SNAPSHOT.jar:?]
	at org.apache.hadoop.ozone.protocolPB.OzoneManagerProtocolServerSideTranslatorPB.submitRequest(OzoneManagerProtocolServerSideTranslatorPB.java:147) [ozone-manager-1.3.0-SNAPSHOT.jar:?]
	at org.apache.hadoop.ozone.protocol.proto.OzoneManagerProtocolProtos$OzoneManagerService$2.callBlockingMethod(OzoneManagerProtocolProtos.java) [ozone-interface-client-1.3.0-SNAPSHOT.jar:?]
	at org.apache.hadoop.ipc.ProtobufRpcEngine$Server.processCall(ProtobufRpcEngine.java:466) [hadoop-common-3.3.1.jar:?]
	at org.apache.hadoop.ipc.ProtobufRpcEngine2$Server$ProtoBufRpcInvoker.call(ProtobufRpcEngine2.java:574) [hadoop-common-3.3.1.jar:?]
	at org.apache.hadoop.ipc.ProtobufRpcEngine2$Server$ProtoBufRpcInvoker.call(ProtobufRpcEngine2.java:552) [hadoop-common-3.3.1.jar:?]
	at org.apache.hadoop.ipc.RPC$Server.call(RPC.java:1093) [hadoop-common-3.3.1.jar:?]
	at org.apache.hadoop.ipc.Server$RpcCall.run(Server.java:1035) [hadoop-common-3.3.1.jar:?]
	at org.apache.hadoop.ipc.Server$RpcCall.run(Server.java:963) [hadoop-common-3.3.1.jar:?]
	at java.security.AccessController.doPrivileged(Native Method) ~[?:1.8.0_345]
	at javax.security.auth.Subject.doAs(Subject.java:422) [?:1.8.0_345]
	at org.apache.hadoop.security.UserGroupInformation.doAs(UserGroupInformation.java:1878) [hadoop-common-3.3.1.jar:?]
	at org.apache.hadoop.ipc.Server$Handler.run(Server.java:2966) [hadoop-common-3.3.1.jar:?]
2022-10-09 13:07:27,796 [Time-limited test] WARN  ozone.BasicOzoneFileSystem (BasicOzoneFileSystem.java:getFileStatus(765)) - GetFileStatus failed for path /gdir1/dir2
java.io.FileNotFoundException: gdir1/dir2: No such file or directory!
	at org.apache.hadoop.fs.ozone.BasicOzoneClientAdapterImpl.getFileStatus(BasicOzoneClientAdapterImpl.java:369)
	at org.apache.hadoop.fs.ozone.BasicOzoneFileSystem.getFileStatus(BasicOzoneFileSystem.java:757)
	at org.apache.hadoop.fs.ozone.TestOzoneFileSystem.checkPath(TestOzoneFileSystem.java:502)
	at org.apache.hadoop.fs.ozone.TestOzoneFileSystem.testRecursiveDelete(TestOzoneFileSystem.java:457)
	at sun.reflect.NativeMethodAccessorImpl.invoke0(Native Method)
	at sun.reflect.NativeMethodAccessorImpl.invoke(NativeMethodAccessorImpl.java:62)
	at sun.reflect.DelegatingMethodAccessorImpl.invoke(DelegatingMethodAccessorImpl.java:43)
	at java.lang.reflect.Method.invoke(Method.java:498)
	at org.junit.runners.model.FrameworkMethod$1.runReflectiveCall(FrameworkMethod.java:59)
	at org.junit.internal.runners.model.ReflectiveCallable.run(ReflectiveCallable.java:12)
	at org.junit.runners.model.FrameworkMethod.invokeExplosively(FrameworkMethod.java:56)
	at org.junit.internal.runners.statements.InvokeMethod.evaluate(InvokeMethod.java:17)
	at org.junit.internal.runners.statements.RunAfters.evaluate(RunAfters.java:27)
	at org.junit.internal.runners.statements.FailOnTimeout$CallableStatement.call(FailOnTimeout.java:288)
	at org.junit.internal.runners.statements.FailOnTimeout$CallableStatement.call(FailOnTimeout.java:282)
	at java.util.concurrent.FutureTask.run(FutureTask.java:266)
	at java.lang.Thread.run(Thread.java:750)
13:07:27.796 [IPC Server handler 8 on default port 33359] ERROR OMAudit - user=runner | ip=127.0.0.1 | op=GET_FILE_STATUS {volume=volume52841, bucket=bucket11878, key=gdir1/dir2/child, dataSize=0, replicationConfig=null} | ret=FAILURE
org.apache.hadoop.ozone.om.exceptions.OMException: Unable to get file status: volume: volume52841 bucket: bucket11878 key: gdir1/dir2/child
	at org.apache.hadoop.ozone.om.KeyManagerImpl.getOzoneFileStatus(KeyManagerImpl.java:1270) ~[ozone-manager-1.3.0-SNAPSHOT.jar:?]
	at org.apache.hadoop.ozone.om.KeyManagerImpl.getFileStatus(KeyManagerImpl.java:1200) ~[ozone-manager-1.3.0-SNAPSHOT.jar:?]
	at org.apache.hadoop.ozone.om.OzoneManager.getFileStatus(OzoneManager.java:3507) ~[ozone-manager-1.3.0-SNAPSHOT.jar:?]
	at org.apache.hadoop.ozone.protocolPB.OzoneManagerRequestHandler.getOzoneFileStatus(OzoneManagerRequestHandler.java:882) ~[ozone-manager-1.3.0-SNAPSHOT.jar:?]
	at org.apache.hadoop.ozone.protocolPB.OzoneManagerRequestHandler.handleReadRequest(OzoneManagerRequestHandler.java:228) ~[ozone-manager-1.3.0-SNAPSHOT.jar:?]
	at org.apache.hadoop.ozone.protocolPB.OzoneManagerProtocolServerSideTranslatorPB.submitReadRequestToOM(OzoneManagerProtocolServerSideTranslatorPB.java:226) ~[ozone-manager-1.3.0-SNAPSHOT.jar:?]
	at org.apache.hadoop.ozone.protocolPB.OzoneManagerProtocolServerSideTranslatorPB.processRequest(OzoneManagerProtocolServerSideTranslatorPB.java:175) ~[ozone-manager-1.3.0-SNAPSHOT.jar:?]
	at org.apache.hadoop.hdds.server.OzoneProtocolMessageDispatcher.processRequest(OzoneProtocolMessageDispatcher.java:87) [hdds-server-framework-1.3.0-SNAPSHOT.jar:?]
	at org.apache.hadoop.ozone.protocolPB.OzoneManagerProtocolServerSideTranslatorPB.submitRequest(OzoneManagerProtocolServerSideTranslatorPB.java:147) [ozone-manager-1.3.0-SNAPSHOT.jar:?]
	at org.apache.hadoop.ozone.protocol.proto.OzoneManagerProtocolProtos$OzoneManagerService$2.callBlockingMethod(OzoneManagerProtocolProtos.java) [ozone-interface-client-1.3.0-SNAPSHOT.jar:?]
	at org.apache.hadoop.ipc.ProtobufRpcEngine$Server.processCall(ProtobufRpcEngine.java:466) [hadoop-common-3.3.1.jar:?]
	at org.apache.hadoop.ipc.ProtobufRpcEngine2$Server$ProtoBufRpcInvoker.call(ProtobufRpcEngine2.java:574) [hadoop-common-3.3.1.jar:?]
	at org.apache.hadoop.ipc.ProtobufRpcEngine2$Server$ProtoBufRpcInvoker.call(ProtobufRpcEngine2.java:552) [hadoop-common-3.3.1.jar:?]
	at org.apache.hadoop.ipc.RPC$Server.call(RPC.java:1093) [hadoop-common-3.3.1.jar:?]
	at org.apache.hadoop.ipc.Server$RpcCall.run(Server.java:1035) [hadoop-common-3.3.1.jar:?]
	at org.apache.hadoop.ipc.Server$RpcCall.run(Server.java:963) [hadoop-common-3.3.1.jar:?]
	at java.security.AccessController.doPrivileged(Native Method) ~[?:1.8.0_345]
	at javax.security.auth.Subject.doAs(Subject.java:422) [?:1.8.0_345]
	at org.apache.hadoop.security.UserGroupInformation.doAs(UserGroupInformation.java:1878) [hadoop-common-3.3.1.jar:?]
	at org.apache.hadoop.ipc.Server$Handler.run(Server.java:2966) [hadoop-common-3.3.1.jar:?]
2022-10-09 13:07:27,797 [Time-limited test] WARN  ozone.BasicOzoneFileSystem (BasicOzoneFileSystem.java:getFileStatus(765)) - GetFileStatus failed for path /gdir1/dir2/child
java.io.FileNotFoundException: gdir1/dir2/child: No such file or directory!
	at org.apache.hadoop.fs.ozone.BasicOzoneClientAdapterImpl.getFileStatus(BasicOzoneClientAdapterImpl.java:369)
	at org.apache.hadoop.fs.ozone.BasicOzoneFileSystem.getFileStatus(BasicOzoneFileSystem.java:757)
	at org.apache.hadoop.fs.ozone.TestOzoneFileSystem.checkPath(TestOzoneFileSystem.java:502)
	at org.apache.hadoop.fs.ozone.TestOzoneFileSystem.testRecursiveDelete(TestOzoneFileSystem.java:458)
	at sun.reflect.NativeMethodAccessorImpl.invoke0(Native Method)
	at sun.reflect.NativeMethodAccessorImpl.invoke(NativeMethodAccessorImpl.java:62)
	at sun.reflect.DelegatingMethodAccessorImpl.invoke(DelegatingMethodAccessorImpl.java:43)
	at java.lang.reflect.Method.invoke(Method.java:498)
	at org.junit.runners.model.FrameworkMethod$1.runReflectiveCall(FrameworkMethod.java:59)
	at org.junit.internal.runners.model.ReflectiveCallable.run(ReflectiveCallable.java:12)
	at org.junit.runners.model.FrameworkMethod.invokeExplosively(FrameworkMethod.java:56)
	at org.junit.internal.runners.statements.InvokeMethod.evaluate(InvokeMethod.java:17)
	at org.junit.internal.runners.statements.RunAfters.evaluate(RunAfters.java:27)
	at org.junit.internal.runners.statements.FailOnTimeout$CallableStatement.call(FailOnTimeout.java:288)
	at org.junit.internal.runners.statements.FailOnTimeout$CallableStatement.call(FailOnTimeout.java:282)
	at java.util.concurrent.FutureTask.run(FutureTask.java:266)
	at java.lang.Thread.run(Thread.java:750)
13:07:27.800 [IPC Server handler 13 on default port 33359] ERROR OMAudit - user=runner | ip=127.0.0.1 | op=GET_FILE_STATUS {volume=volume52841, bucket=bucket11878, key=gdir1/dir3, dataSize=0, replicationConfig=null} | ret=FAILURE
org.apache.hadoop.ozone.om.exceptions.OMException: Unable to get file status: volume: volume52841 bucket: bucket11878 key: gdir1/dir3
	at org.apache.hadoop.ozone.om.KeyManagerImpl.getOzoneFileStatus(KeyManagerImpl.java:1270) ~[ozone-manager-1.3.0-SNAPSHOT.jar:?]
	at org.apache.hadoop.ozone.om.KeyManagerImpl.getFileStatus(KeyManagerImpl.java:1200) ~[ozone-manager-1.3.0-SNAPSHOT.jar:?]
	at org.apache.hadoop.ozone.om.OzoneManager.getFileStatus(OzoneManager.java:3507) ~[ozone-manager-1.3.0-SNAPSHOT.jar:?]
	at org.apache.hadoop.ozone.protocolPB.OzoneManagerRequestHandler.getOzoneFileStatus(OzoneManagerRequestHandler.java:882) ~[ozone-manager-1.3.0-SNAPSHOT.jar:?]
	at org.apache.hadoop.ozone.protocolPB.OzoneManagerRequestHandler.handleReadRequest(OzoneManagerRequestHandler.java:228) ~[ozone-manager-1.3.0-SNAPSHOT.jar:?]
	at org.apache.hadoop.ozone.protocolPB.OzoneManagerProtocolServerSideTranslatorPB.submitReadRequestToOM(OzoneManagerProtocolServerSideTranslatorPB.java:226) ~[ozone-manager-1.3.0-SNAPSHOT.jar:?]
	at org.apache.hadoop.ozone.protocolPB.OzoneManagerProtocolServerSideTranslatorPB.processRequest(OzoneManagerProtocolServerSideTranslatorPB.java:175) ~[ozone-manager-1.3.0-SNAPSHOT.jar:?]
	at org.apache.hadoop.hdds.server.OzoneProtocolMessageDispatcher.processRequest(OzoneProtocolMessageDispatcher.java:87) [hdds-server-framework-1.3.0-SNAPSHOT.jar:?]
	at org.apache.hadoop.ozone.protocolPB.OzoneManagerProtocolServerSideTranslatorPB.submitRequest(OzoneManagerProtocolServerSideTranslatorPB.java:147) [ozone-manager-1.3.0-SNAPSHOT.jar:?]
	at org.apache.hadoop.ozone.protocol.proto.OzoneManagerProtocolProtos$OzoneManagerService$2.callBlockingMethod(OzoneManagerProtocolProtos.java) [ozone-interface-client-1.3.0-SNAPSHOT.jar:?]
	at org.apache.hadoop.ipc.ProtobufRpcEngine$Server.processCall(ProtobufRpcEngine.java:466) [hadoop-common-3.3.1.jar:?]
	at org.apache.hadoop.ipc.ProtobufRpcEngine2$Server$ProtoBufRpcInvoker.call(ProtobufRpcEngine2.java:574) [hadoop-common-3.3.1.jar:?]
	at org.apache.hadoop.ipc.ProtobufRpcEngine2$Server$ProtoBufRpcInvoker.call(ProtobufRpcEngine2.java:552) [hadoop-common-3.3.1.jar:?]
	at org.apache.hadoop.ipc.RPC$Server.call(RPC.java:1093) [hadoop-common-3.3.1.jar:?]
	at org.apache.hadoop.ipc.Server$RpcCall.run(Server.java:1035) [hadoop-common-3.3.1.jar:?]
	at org.apache.hadoop.ipc.Server$RpcCall.run(Server.java:963) [hadoop-common-3.3.1.jar:?]
	at java.security.AccessController.doPrivileged(Native Method) ~[?:1.8.0_345]
	at javax.security.auth.Subject.doAs(Subject.java:422) [?:1.8.0_345]
	at org.apache.hadoop.security.UserGroupInformation.doAs(UserGroupInformation.java:1878) [hadoop-common-3.3.1.jar:?]
	at org.apache.hadoop.ipc.Server$Handler.run(Server.java:2966) [hadoop-common-3.3.1.jar:?]
2022-10-09 13:07:27,802 [Time-limited test] WARN  ozone.BasicOzoneFileSystem (BasicOzoneFileSystem.java:getFileStatus(765)) - GetFileStatus failed for path /gdir1/dir3
java.io.FileNotFoundException: gdir1/dir3: No such file or directory!
	at org.apache.hadoop.fs.ozone.BasicOzoneClientAdapterImpl.getFileStatus(BasicOzoneClientAdapterImpl.java:369)
	at org.apache.hadoop.fs.ozone.BasicOzoneFileSystem.getFileStatus(BasicOzoneFileSystem.java:757)
	at org.apache.hadoop.fs.ozone.TestOzoneFileSystem.checkPath(TestOzoneFileSystem.java:502)
	at org.apache.hadoop.fs.ozone.TestOzoneFileSystem.testRecursiveDelete(TestOzoneFileSystem.java:457)
	at sun.reflect.NativeMethodAccessorImpl.invoke0(Native Method)
	at sun.reflect.NativeMethodAccessorImpl.invoke(NativeMethodAccessorImpl.java:62)
	at sun.reflect.DelegatingMethodAccessorImpl.invoke(DelegatingMethodAccessorImpl.java:43)
	at java.lang.reflect.Method.invoke(Method.java:498)
	at org.junit.runners.model.FrameworkMethod$1.runReflectiveCall(FrameworkMethod.java:59)
	at org.junit.internal.runners.model.ReflectiveCallable.run(ReflectiveCallable.java:12)
	at org.junit.runners.model.FrameworkMethod.invokeExplosively(FrameworkMethod.java:56)
	at org.junit.internal.runners.statements.InvokeMethod.evaluate(InvokeMethod.java:17)
	at org.junit.internal.runners.statements.RunAfters.evaluate(RunAfters.java:27)
	at org.junit.internal.runners.statements.FailOnTimeout$CallableStatement.call(FailOnTimeout.java:288)
	at org.junit.internal.runners.statements.FailOnTimeout$CallableStatement.call(FailOnTimeout.java:282)
	at java.util.concurrent.FutureTask.run(FutureTask.java:266)
	at java.lang.Thread.run(Thread.java:750)
13:07:27.812 [IPC Server handler 9 on default port 33359] ERROR OMAudit - user=runner | ip=127.0.0.1 | op=GET_FILE_STATUS {volume=volume52841, bucket=bucket11878, key=gdir1/dir3/child, dataSize=0, replicationConfig=null} | ret=FAILURE
org.apache.hadoop.ozone.om.exceptions.OMException: Unable to get file status: volume: volume52841 bucket: bucket11878 key: gdir1/dir3/child
	at org.apache.hadoop.ozone.om.KeyManagerImpl.getOzoneFileStatus(KeyManagerImpl.java:1270) ~[ozone-manager-1.3.0-SNAPSHOT.jar:?]
	at org.apache.hadoop.ozone.om.KeyManagerImpl.getFileStatus(KeyManagerImpl.java:1200) ~[ozone-manager-1.3.0-SNAPSHOT.jar:?]
	at org.apache.hadoop.ozone.om.OzoneManager.getFileStatus(OzoneManager.java:3507) ~[ozone-manager-1.3.0-SNAPSHOT.jar:?]
	at org.apache.hadoop.ozone.protocolPB.OzoneManagerRequestHandler.getOzoneFileStatus(OzoneManagerRequestHandler.java:882) ~[ozone-manager-1.3.0-SNAPSHOT.jar:?]
	at org.apache.hadoop.ozone.protocolPB.OzoneManagerRequestHandler.handleReadRequest(OzoneManagerRequestHandler.java:228) ~[ozone-manager-1.3.0-SNAPSHOT.jar:?]
	at org.apache.hadoop.ozone.protocolPB.OzoneManagerProtocolServerSideTranslatorPB.submitReadRequestToOM(OzoneManagerProtocolServerSideTranslatorPB.java:226) ~[ozone-manager-1.3.0-SNAPSHOT.jar:?]
	at org.apache.hadoop.ozone.protocolPB.OzoneManagerProtocolServerSideTranslatorPB.processRequest(OzoneManagerProtocolServerSideTranslatorPB.java:175) ~[ozone-manager-1.3.0-SNAPSHOT.jar:?]
	at org.apache.hadoop.hdds.server.OzoneProtocolMessageDispatcher.processRequest(OzoneProtocolMessageDispatcher.java:87) [hdds-server-framework-1.3.0-SNAPSHOT.jar:?]
	at org.apache.hadoop.ozone.protocolPB.OzoneManagerProtocolServerSideTranslatorPB.submitRequest(OzoneManagerProtocolServerSideTranslatorPB.java:147) [ozone-manager-1.3.0-SNAPSHOT.jar:?]
	at org.apache.hadoop.ozone.protocol.proto.OzoneManagerProtocolProtos$OzoneManagerService$2.callBlockingMethod(OzoneManagerProtocolProtos.java) [ozone-interface-client-1.3.0-SNAPSHOT.jar:?]
	at org.apache.hadoop.ipc.ProtobufRpcEngine$Server.processCall(ProtobufRpcEngine.java:466) [hadoop-common-3.3.1.jar:?]
	at org.apache.hadoop.ipc.ProtobufRpcEngine2$Server$ProtoBufRpcInvoker.call(ProtobufRpcEngine2.java:574) [hadoop-common-3.3.1.jar:?]
	at org.apache.hadoop.ipc.ProtobufRpcEngine2$Server$ProtoBufRpcInvoker.call(ProtobufRpcEngine2.java:552) [hadoop-common-3.3.1.jar:?]
	at org.apache.hadoop.ipc.RPC$Server.call(RPC.java:1093) [hadoop-common-3.3.1.jar:?]
	at org.apache.hadoop.ipc.Server$RpcCall.run(Server.java:1035) [hadoop-common-3.3.1.jar:?]
	at org.apache.hadoop.ipc.Server$RpcCall.run(Server.java:963) [hadoop-common-3.3.1.jar:?]
	at java.security.AccessController.doPrivileged(Native Method) ~[?:1.8.0_345]
	at javax.security.auth.Subject.doAs(Subject.java:422) [?:1.8.0_345]
	at org.apache.hadoop.security.UserGroupInformation.doAs(UserGroupInformation.java:1878) [hadoop-common-3.3.1.jar:?]
	at org.apache.hadoop.ipc.Server$Handler.run(Server.java:2966) [hadoop-common-3.3.1.jar:?]
2022-10-09 13:07:27,812 [Time-limited test] WARN  ozone.BasicOzoneFileSystem (BasicOzoneFileSystem.java:getFileStatus(765)) - GetFileStatus failed for path /gdir1/dir3/child
java.io.FileNotFoundException: gdir1/dir3/child: No such file or directory!
	at org.apache.hadoop.fs.ozone.BasicOzoneClientAdapterImpl.getFileStatus(BasicOzoneClientAdapterImpl.java:369)
	at org.apache.hadoop.fs.ozone.BasicOzoneFileSystem.getFileStatus(BasicOzoneFileSystem.java:757)
	at org.apache.hadoop.fs.ozone.TestOzoneFileSystem.checkPath(TestOzoneFileSystem.java:502)
	at org.apache.hadoop.fs.ozone.TestOzoneFileSystem.testRecursiveDelete(TestOzoneFileSystem.java:458)
	at sun.reflect.NativeMethodAccessorImpl.invoke0(Native Method)
	at sun.reflect.NativeMethodAccessorImpl.invoke(NativeMethodAccessorImpl.java:62)
	at sun.reflect.DelegatingMethodAccessorImpl.invoke(DelegatingMethodAccessorImpl.java:43)
	at java.lang.reflect.Method.invoke(Method.java:498)
	at org.junit.runners.model.FrameworkMethod$1.runReflectiveCall(FrameworkMethod.java:59)
	at org.junit.internal.runners.model.ReflectiveCallable.run(ReflectiveCallable.java:12)
	at org.junit.runners.model.FrameworkMethod.invokeExplosively(FrameworkMethod.java:56)
	at org.junit.internal.runners.statements.InvokeMethod.evaluate(InvokeMethod.java:17)
	at org.junit.internal.runners.statements.RunAfters.evaluate(RunAfters.java:27)
	at org.junit.internal.runners.statements.FailOnTimeout$CallableStatement.call(FailOnTimeout.java:288)
	at org.junit.internal.runners.statements.FailOnTimeout$CallableStatement.call(FailOnTimeout.java:282)
	at java.util.concurrent.FutureTask.run(FutureTask.java:266)
	at java.lang.Thread.run(Thread.java:750)
13:07:27.817 [IPC Server handler 14 on default port 33359] ERROR OMAudit - user=runner | ip=127.0.0.1 | op=GET_FILE_STATUS {volume=volume52841, bucket=bucket11878, key=gdir1/dir4, dataSize=0, replicationConfig=null} | ret=FAILURE
org.apache.hadoop.ozone.om.exceptions.OMException: Unable to get file status: volume: volume52841 bucket: bucket11878 key: gdir1/dir4
	at org.apache.hadoop.ozone.om.KeyManagerImpl.getOzoneFileStatus(KeyManagerImpl.java:1270) ~[ozone-manager-1.3.0-SNAPSHOT.jar:?]
	at org.apache.hadoop.ozone.om.KeyManagerImpl.getFileStatus(KeyManagerImpl.java:1200) ~[ozone-manager-1.3.0-SNAPSHOT.jar:?]
	at org.apache.hadoop.ozone.om.OzoneManager.getFileStatus(OzoneManager.java:3507) ~[ozone-manager-1.3.0-SNAPSHOT.jar:?]
	at org.apache.hadoop.ozone.protocolPB.OzoneManagerRequestHandler.getOzoneFileStatus(OzoneManagerRequestHandler.java:882) ~[ozone-manager-1.3.0-SNAPSHOT.jar:?]
	at org.apache.hadoop.ozone.protocolPB.OzoneManagerRequestHandler.handleReadRequest(OzoneManagerRequestHandler.java:228) ~[ozone-manager-1.3.0-SNAPSHOT.jar:?]
	at org.apache.hadoop.ozone.protocolPB.OzoneManagerProtocolServerSideTranslatorPB.submitReadRequestToOM(OzoneManagerProtocolServerSideTranslatorPB.java:226) ~[ozone-manager-1.3.0-SNAPSHOT.jar:?]
	at org.apache.hadoop.ozone.protocolPB.OzoneManagerProtocolServerSideTranslatorPB.processRequest(OzoneManagerProtocolServerSideTranslatorPB.java:175) ~[ozone-manager-1.3.0-SNAPSHOT.jar:?]
	at org.apache.hadoop.hdds.server.OzoneProtocolMessageDispatcher.processRequest(OzoneProtocolMessageDispatcher.java:87) [hdds-server-framework-1.3.0-SNAPSHOT.jar:?]
	at org.apache.hadoop.ozone.protocolPB.OzoneManagerProtocolServerSideTranslatorPB.submitRequest(OzoneManagerProtocolServerSideTranslatorPB.java:147) [ozone-manager-1.3.0-SNAPSHOT.jar:?]
	at org.apache.hadoop.ozone.protocol.proto.OzoneManagerProtocolProtos$OzoneManagerService$2.callBlockingMethod(OzoneManagerProtocolProtos.java) [ozone-interface-client-1.3.0-SNAPSHOT.jar:?]
	at org.apache.hadoop.ipc.ProtobufRpcEngine$Server.processCall(ProtobufRpcEngine.java:466) [hadoop-common-3.3.1.jar:?]
	at org.apache.hadoop.ipc.ProtobufRpcEngine2$Server$ProtoBufRpcInvoker.call(ProtobufRpcEngine2.java:574) [hadoop-common-3.3.1.jar:?]
	at org.apache.hadoop.ipc.ProtobufRpcEngine2$Server$ProtoBufRpcInvoker.call(ProtobufRpcEngine2.java:552) [hadoop-common-3.3.1.jar:?]
	at org.apache.hadoop.ipc.RPC$Server.call(RPC.java:1093) [hadoop-common-3.3.1.jar:?]
	at org.apache.hadoop.ipc.Server$RpcCall.run(Server.java:1035) [hadoop-common-3.3.1.jar:?]
	at org.apache.hadoop.ipc.Server$RpcCall.run(Server.java:963) [hadoop-common-3.3.1.jar:?]
	at java.security.AccessController.doPrivileged(Native Method) ~[?:1.8.0_345]
	at javax.security.auth.Subject.doAs(Subject.java:422) [?:1.8.0_345]
	at org.apache.hadoop.security.UserGroupInformation.doAs(UserGroupInformation.java:1878) [hadoop-common-3.3.1.jar:?]
	at org.apache.hadoop.ipc.Server$Handler.run(Server.java:2966) [hadoop-common-3.3.1.jar:?]
2022-10-09 13:07:27,817 [Time-limited test] WARN  ozone.BasicOzoneFileSystem (BasicOzoneFileSystem.java:getFileStatus(765)) - GetFileStatus failed for path /gdir1/dir4
java.io.FileNotFoundException: gdir1/dir4: No such file or directory!
	at org.apache.hadoop.fs.ozone.BasicOzoneClientAdapterImpl.getFileStatus(BasicOzoneClientAdapterImpl.java:369)
	at org.apache.hadoop.fs.ozone.BasicOzoneFileSystem.getFileStatus(BasicOzoneFileSystem.java:757)
	at org.apache.hadoop.fs.ozone.TestOzoneFileSystem.checkPath(TestOzoneFileSystem.java:502)
	at org.apache.hadoop.fs.ozone.TestOzoneFileSystem.testRecursiveDelete(TestOzoneFileSystem.java:457)
	at sun.reflect.NativeMethodAccessorImpl.invoke0(Native Method)
	at sun.reflect.NativeMethodAccessorImpl.invoke(NativeMethodAccessorImpl.java:62)
	at sun.reflect.DelegatingMethodAccessorImpl.invoke(DelegatingMethodAccessorImpl.java:43)
	at java.lang.reflect.Method.invoke(Method.java:498)
	at org.junit.runners.model.FrameworkMethod$1.runReflectiveCall(FrameworkMethod.java:59)
	at org.junit.internal.runners.model.ReflectiveCallable.run(ReflectiveCallable.java:12)
	at org.junit.runners.model.FrameworkMethod.invokeExplosively(FrameworkMethod.java:56)
	at org.junit.internal.runners.statements.InvokeMethod.evaluate(InvokeMethod.java:17)
	at org.junit.internal.runners.statements.RunAfters.evaluate(RunAfters.java:27)
	at org.junit.internal.runners.statements.FailOnTimeout$CallableStatement.call(FailOnTimeout.java:288)
	at org.junit.internal.runners.statements.FailOnTimeout$CallableStatement.call(FailOnTimeout.java:282)
	at java.util.concurrent.FutureTask.run(FutureTask.java:266)
	at java.lang.Thread.run(Thread.java:750)
13:07:27.818 [IPC Server handler 6 on default port 33359] ERROR OMAudit - user=runner | ip=127.0.0.1 | op=GET_FILE_STATUS {volume=volume52841, bucket=bucket11878, key=gdir1/dir4/child, dataSize=0, replicationConfig=null} | ret=FAILURE
org.apache.hadoop.ozone.om.exceptions.OMException: Unable to get file status: volume: volume52841 bucket: bucket11878 key: gdir1/dir4/child
	at org.apache.hadoop.ozone.om.KeyManagerImpl.getOzoneFileStatus(KeyManagerImpl.java:1270) ~[ozone-manager-1.3.0-SNAPSHOT.jar:?]
	at org.apache.hadoop.ozone.om.KeyManagerImpl.getFileStatus(KeyManagerImpl.java:1200) ~[ozone-manager-1.3.0-SNAPSHOT.jar:?]
	at org.apache.hadoop.ozone.om.OzoneManager.getFileStatus(OzoneManager.java:3507) ~[ozone-manager-1.3.0-SNAPSHOT.jar:?]
	at org.apache.hadoop.ozone.protocolPB.OzoneManagerRequestHandler.getOzoneFileStatus(OzoneManagerRequestHandler.java:882) ~[ozone-manager-1.3.0-SNAPSHOT.jar:?]
	at org.apache.hadoop.ozone.protocolPB.OzoneManagerRequestHandler.handleReadRequest(OzoneManagerRequestHandler.java:228) ~[ozone-manager-1.3.0-SNAPSHOT.jar:?]
	at org.apache.hadoop.ozone.protocolPB.OzoneManagerProtocolServerSideTranslatorPB.submitReadRequestToOM(OzoneManagerProtocolServerSideTranslatorPB.java:226) ~[ozone-manager-1.3.0-SNAPSHOT.jar:?]
	at org.apache.hadoop.ozone.protocolPB.OzoneManagerProtocolServerSideTranslatorPB.processRequest(OzoneManagerProtocolServerSideTranslatorPB.java:175) ~[ozone-manager-1.3.0-SNAPSHOT.jar:?]
	at org.apache.hadoop.hdds.server.OzoneProtocolMessageDispatcher.processRequest(OzoneProtocolMessageDispatcher.java:87) [hdds-server-framework-1.3.0-SNAPSHOT.jar:?]
	at org.apache.hadoop.ozone.protocolPB.OzoneManagerProtocolServerSideTranslatorPB.submitRequest(OzoneManagerProtocolServerSideTranslatorPB.java:147) [ozone-manager-1.3.0-SNAPSHOT.jar:?]
	at org.apache.hadoop.ozone.protocol.proto.OzoneManagerProtocolProtos$OzoneManagerService$2.callBlockingMethod(OzoneManagerProtocolProtos.java) [ozone-interface-client-1.3.0-SNAPSHOT.jar:?]
	at org.apache.hadoop.ipc.ProtobufRpcEngine$Server.processCall(ProtobufRpcEngine.java:466) [hadoop-common-3.3.1.jar:?]
	at org.apache.hadoop.ipc.ProtobufRpcEngine2$Server$ProtoBufRpcInvoker.call(ProtobufRpcEngine2.java:574) [hadoop-common-3.3.1.jar:?]
	at org.apache.hadoop.ipc.ProtobufRpcEngine2$Server$ProtoBufRpcInvoker.call(ProtobufRpcEngine2.java:552) [hadoop-common-3.3.1.jar:?]
	at org.apache.hadoop.ipc.RPC$Server.call(RPC.java:1093) [hadoop-common-3.3.1.jar:?]
	at org.apache.hadoop.ipc.Server$RpcCall.run(Server.java:1035) [hadoop-common-3.3.1.jar:?]
	at org.apache.hadoop.ipc.Server$RpcCall.run(Server.java:963) [hadoop-common-3.3.1.jar:?]
	at java.security.AccessController.doPrivileged(Native Method) ~[?:1.8.0_345]
	at javax.security.auth.Subject.doAs(Subject.java:422) [?:1.8.0_345]
	at org.apache.hadoop.security.UserGroupInformation.doAs(UserGroupInformation.java:1878) [hadoop-common-3.3.1.jar:?]
	at org.apache.hadoop.ipc.Server$Handler.run(Server.java:2966) [hadoop-common-3.3.1.jar:?]
2022-10-09 13:07:27,818 [Time-limited test] WARN  ozone.BasicOzoneFileSystem (BasicOzoneFileSystem.java:getFileStatus(765)) - GetFileStatus failed for path /gdir1/dir4/child
java.io.FileNotFoundException: gdir1/dir4/child: No such file or directory!
	at org.apache.hadoop.fs.ozone.BasicOzoneClientAdapterImpl.getFileStatus(BasicOzoneClientAdapterImpl.java:369)
	at org.apache.hadoop.fs.ozone.BasicOzoneFileSystem.getFileStatus(BasicOzoneFileSystem.java:757)
	at org.apache.hadoop.fs.ozone.TestOzoneFileSystem.checkPath(TestOzoneFileSystem.java:502)
	at org.apache.hadoop.fs.ozone.TestOzoneFileSystem.testRecursiveDelete(TestOzoneFileSystem.java:458)
	at sun.reflect.NativeMethodAccessorImpl.invoke0(Native Method)
	at sun.reflect.NativeMethodAccessorImpl.invoke(NativeMethodAccessorImpl.java:62)
	at sun.reflect.DelegatingMethodAccessorImpl.invoke(DelegatingMethodAccessorImpl.java:43)
	at java.lang.reflect.Method.invoke(Method.java:498)
	at org.junit.runners.model.FrameworkMethod$1.runReflectiveCall(FrameworkMethod.java:59)
	at org.junit.internal.runners.model.ReflectiveCallable.run(ReflectiveCallable.java:12)
	at org.junit.runners.model.FrameworkMethod.invokeExplosively(FrameworkMethod.java:56)
	at org.junit.internal.runners.statements.InvokeMethod.evaluate(InvokeMethod.java:17)
	at org.junit.internal.runners.statements.RunAfters.evaluate(RunAfters.java:27)
	at org.junit.internal.runners.statements.FailOnTimeout$CallableStatement.call(FailOnTimeout.java:288)
	at org.junit.internal.runners.statements.FailOnTimeout$CallableStatement.call(FailOnTimeout.java:282)
	at java.util.concurrent.FutureTask.run(FutureTask.java:266)
	at java.lang.Thread.run(Thread.java:750)
13:07:27.818 [IPC Server handler 5 on default port 33359] ERROR OMAudit - user=runner | ip=127.0.0.1 | op=GET_FILE_STATUS {volume=volume52841, bucket=bucket11878, key=gdir1/dir5, dataSize=0, replicationConfig=null} | ret=FAILURE
org.apache.hadoop.ozone.om.exceptions.OMException: Unable to get file status: volume: volume52841 bucket: bucket11878 key: gdir1/dir5
	at org.apache.hadoop.ozone.om.KeyManagerImpl.getOzoneFileStatus(KeyManagerImpl.java:1270) ~[ozone-manager-1.3.0-SNAPSHOT.jar:?]
	at org.apache.hadoop.ozone.om.KeyManagerImpl.getFileStatus(KeyManagerImpl.java:1200) ~[ozone-manager-1.3.0-SNAPSHOT.jar:?]
	at org.apache.hadoop.ozone.om.OzoneManager.getFileStatus(OzoneManager.java:3507) ~[ozone-manager-1.3.0-SNAPSHOT.jar:?]
	at org.apache.hadoop.ozone.protocolPB.OzoneManagerRequestHandler.getOzoneFileStatus(OzoneManagerRequestHandler.java:882) ~[ozone-manager-1.3.0-SNAPSHOT.jar:?]
	at org.apache.hadoop.ozone.protocolPB.OzoneManagerRequestHandler.handleReadRequest(OzoneManagerRequestHandler.java:228) ~[ozone-manager-1.3.0-SNAPSHOT.jar:?]
	at org.apache.hadoop.ozone.protocolPB.OzoneManagerProtocolServerSideTranslatorPB.submitReadRequestToOM(OzoneManagerProtocolServerSideTranslatorPB.java:226) ~[ozone-manager-1.3.0-SNAPSHOT.jar:?]
	at org.apache.hadoop.ozone.protocolPB.OzoneManagerProtocolServerSideTranslatorPB.processRequest(OzoneManagerProtocolServerSideTranslatorPB.java:175) ~[ozone-manager-1.3.0-SNAPSHOT.jar:?]
	at org.apache.hadoop.hdds.server.OzoneProtocolMessageDispatcher.processRequest(OzoneProtocolMessageDispatcher.java:87) [hdds-server-framework-1.3.0-SNAPSHOT.jar:?]
	at org.apache.hadoop.ozone.protocolPB.OzoneManagerProtocolServerSideTranslatorPB.submitRequest(OzoneManagerProtocolServerSideTranslatorPB.java:147) [ozone-manager-1.3.0-SNAPSHOT.jar:?]
	at org.apache.hadoop.ozone.protocol.proto.OzoneManagerProtocolProtos$OzoneManagerService$2.callBlockingMethod(OzoneManagerProtocolProtos.java) [ozone-interface-client-1.3.0-SNAPSHOT.jar:?]
	at org.apache.hadoop.ipc.ProtobufRpcEngine$Server.processCall(ProtobufRpcEngine.java:466) [hadoop-common-3.3.1.jar:?]
	at org.apache.hadoop.ipc.ProtobufRpcEngine2$Server$ProtoBufRpcInvoker.call(ProtobufRpcEngine2.java:574) [hadoop-common-3.3.1.jar:?]
	at org.apache.hadoop.ipc.ProtobufRpcEngine2$Server$ProtoBufRpcInvoker.call(ProtobufRpcEngine2.java:552) [hadoop-common-3.3.1.jar:?]
	at org.apache.hadoop.ipc.RPC$Server.call(RPC.java:1093) [hadoop-common-3.3.1.jar:?]
	at org.apache.hadoop.ipc.Server$RpcCall.run(Server.java:1035) [hadoop-common-3.3.1.jar:?]
	at org.apache.hadoop.ipc.Server$RpcCall.run(Server.java:963) [hadoop-common-3.3.1.jar:?]
	at java.security.AccessController.doPrivileged(Native Method) ~[?:1.8.0_345]
	at javax.security.auth.Subject.doAs(Subject.java:422) [?:1.8.0_345]
	at org.apache.hadoop.security.UserGroupInformation.doAs(UserGroupInformation.java:1878) [hadoop-common-3.3.1.jar:?]
	at org.apache.hadoop.ipc.Server$Handler.run(Server.java:2966) [hadoop-common-3.3.1.jar:?]
2022-10-09 13:07:27,819 [Time-limited test] WARN  ozone.BasicOzoneFileSystem (BasicOzoneFileSystem.java:getFileStatus(765)) - GetFileStatus failed for path /gdir1/dir5
java.io.FileNotFoundException: gdir1/dir5: No such file or directory!
	at org.apache.hadoop.fs.ozone.BasicOzoneClientAdapterImpl.getFileStatus(BasicOzoneClientAdapterImpl.java:369)
	at org.apache.hadoop.fs.ozone.BasicOzoneFileSystem.getFileStatus(BasicOzoneFileSystem.java:757)
	at org.apache.hadoop.fs.ozone.TestOzoneFileSystem.checkPath(TestOzoneFileSystem.java:502)
	at org.apache.hadoop.fs.ozone.TestOzoneFileSystem.testRecursiveDelete(TestOzoneFileSystem.java:457)
	at sun.reflect.NativeMethodAccessorImpl.invoke0(Native Method)
	at sun.reflect.NativeMethodAccessorImpl.invoke(NativeMethodAccessorImpl.java:62)
	at sun.reflect.DelegatingMethodAccessorImpl.invoke(DelegatingMethodAccessorImpl.java:43)
	at java.lang.reflect.Method.invoke(Method.java:498)
	at org.junit.runners.model.FrameworkMethod$1.runReflectiveCall(FrameworkMethod.java:59)
	at org.junit.internal.runners.model.ReflectiveCallable.run(ReflectiveCallable.java:12)
	at org.junit.runners.model.FrameworkMethod.invokeExplosively(FrameworkMethod.java:56)
	at org.junit.internal.runners.statements.InvokeMethod.evaluate(InvokeMethod.java:17)
	at org.junit.internal.runners.statements.RunAfters.evaluate(RunAfters.java:27)
	at org.junit.internal.runners.statements.FailOnTimeout$CallableStatement.call(FailOnTimeout.java:288)
	at org.junit.internal.runners.statements.FailOnTimeout$CallableStatement.call(FailOnTimeout.java:282)
	at java.util.concurrent.FutureTask.run(FutureTask.java:266)
	at java.lang.Thread.run(Thread.java:750)
13:07:27.819 [IPC Server handler 15 on default port 33359] ERROR OMAudit - user=runner | ip=127.0.0.1 | op=GET_FILE_STATUS {volume=volume52841, bucket=bucket11878, key=gdir1/dir5/child, dataSize=0, replicationConfig=null} | ret=FAILURE
org.apache.hadoop.ozone.om.exceptions.OMException: Unable to get file status: volume: volume52841 bucket: bucket11878 key: gdir1/dir5/child
	at org.apache.hadoop.ozone.om.KeyManagerImpl.getOzoneFileStatus(KeyManagerImpl.java:1270) ~[ozone-manager-1.3.0-SNAPSHOT.jar:?]
	at org.apache.hadoop.ozone.om.KeyManagerImpl.getFileStatus(KeyManagerImpl.java:1200) ~[ozone-manager-1.3.0-SNAPSHOT.jar:?]
	at org.apache.hadoop.ozone.om.OzoneManager.getFileStatus(OzoneManager.java:3507) ~[ozone-manager-1.3.0-SNAPSHOT.jar:?]
	at org.apache.hadoop.ozone.protocolPB.OzoneManagerRequestHandler.getOzoneFileStatus(OzoneManagerRequestHandler.java:882) ~[ozone-manager-1.3.0-SNAPSHOT.jar:?]
	at org.apache.hadoop.ozone.protocolPB.OzoneManagerRequestHandler.handleReadRequest(OzoneManagerRequestHandler.java:228) ~[ozone-manager-1.3.0-SNAPSHOT.jar:?]
	at org.apache.hadoop.ozone.protocolPB.OzoneManagerProtocolServerSideTranslatorPB.submitReadRequestToOM(OzoneManagerProtocolServerSideTranslatorPB.java:226) ~[ozone-manager-1.3.0-SNAPSHOT.jar:?]
	at org.apache.hadoop.ozone.protocolPB.OzoneManagerProtocolServerSideTranslatorPB.processRequest(OzoneManagerProtocolServerSideTranslatorPB.java:175) ~[ozone-manager-1.3.0-SNAPSHOT.jar:?]
	at org.apache.hadoop.hdds.server.OzoneProtocolMessageDispatcher.processRequest(OzoneProtocolMessageDispatcher.java:87) [hdds-server-framework-1.3.0-SNAPSHOT.jar:?]
	at org.apache.hadoop.ozone.protocolPB.OzoneManagerProtocolServerSideTranslatorPB.submitRequest(OzoneManagerProtocolServerSideTranslatorPB.java:147) [ozone-manager-1.3.0-SNAPSHOT.jar:?]
	at org.apache.hadoop.ozone.protocol.proto.OzoneManagerProtocolProtos$OzoneManagerService$2.callBlockingMethod(OzoneManagerProtocolProtos.java) [ozone-interface-client-1.3.0-SNAPSHOT.jar:?]
	at org.apache.hadoop.ipc.ProtobufRpcEngine$Server.processCall(ProtobufRpcEngine.java:466) [hadoop-common-3.3.1.jar:?]
	at org.apache.hadoop.ipc.ProtobufRpcEngine2$Server$ProtoBufRpcInvoker.call(ProtobufRpcEngine2.java:574) [hadoop-common-3.3.1.jar:?]
	at org.apache.hadoop.ipc.ProtobufRpcEngine2$Server$ProtoBufRpcInvoker.call(ProtobufRpcEngine2.java:552) [hadoop-common-3.3.1.jar:?]
	at org.apache.hadoop.ipc.RPC$Server.call(RPC.java:1093) [hadoop-common-3.3.1.jar:?]
	at org.apache.hadoop.ipc.Server$RpcCall.run(Server.java:1035) [hadoop-common-3.3.1.jar:?]
	at org.apache.hadoop.ipc.Server$RpcCall.run(Server.java:963) [hadoop-common-3.3.1.jar:?]
	at java.security.AccessController.doPrivileged(Native Method) ~[?:1.8.0_345]
	at javax.security.auth.Subject.doAs(Subject.java:422) [?:1.8.0_345]
	at org.apache.hadoop.security.UserGroupInformation.doAs(UserGroupInformation.java:1878) [hadoop-common-3.3.1.jar:?]
	at org.apache.hadoop.ipc.Server$Handler.run(Server.java:2966) [hadoop-common-3.3.1.jar:?]
2022-10-09 13:07:27,819 [Time-limited test] WARN  ozone.BasicOzoneFileSystem (BasicOzoneFileSystem.java:getFileStatus(765)) - GetFileStatus failed for path /gdir1/dir5/child
java.io.FileNotFoundException: gdir1/dir5/child: No such file or directory!
	at org.apache.hadoop.fs.ozone.BasicOzoneClientAdapterImpl.getFileStatus(BasicOzoneClientAdapterImpl.java:369)
	at org.apache.hadoop.fs.ozone.BasicOzoneFileSystem.getFileStatus(BasicOzoneFileSystem.java:757)
	at org.apache.hadoop.fs.ozone.TestOzoneFileSystem.checkPath(TestOzoneFileSystem.java:502)
	at org.apache.hadoop.fs.ozone.TestOzoneFileSystem.testRecursiveDelete(TestOzoneFileSystem.java:458)
	at sun.reflect.NativeMethodAccessorImpl.invoke0(Native Method)
	at sun.reflect.NativeMethodAccessorImpl.invoke(NativeMethodAccessorImpl.java:62)
	at sun.reflect.DelegatingMethodAccessorImpl.invoke(DelegatingMethodAccessorImpl.java:43)
	at java.lang.reflect.Method.invoke(Method.java:498)
	at org.junit.runners.model.FrameworkMethod$1.runReflectiveCall(FrameworkMethod.java:59)
	at org.junit.internal.runners.model.ReflectiveCallable.run(ReflectiveCallable.java:12)
	at org.junit.runners.model.FrameworkMethod.invokeExplosively(FrameworkMethod.java:56)
	at org.junit.internal.runners.statements.InvokeMethod.evaluate(InvokeMethod.java:17)
	at org.junit.internal.runners.statements.RunAfters.evaluate(RunAfters.java:27)
	at org.junit.internal.runners.statements.FailOnTimeout$CallableStatement.call(FailOnTimeout.java:288)
	at org.junit.internal.runners.statements.FailOnTimeout$CallableStatement.call(FailOnTimeout.java:282)
	at java.util.concurrent.FutureTask.run(FutureTask.java:266)
	at java.lang.Thread.run(Thread.java:750)
13:07:27.820 [IPC Server handler 3 on default port 33359] ERROR OMAudit - user=runner | ip=127.0.0.1 | op=GET_FILE_STATUS {volume=volume52841, bucket=bucket11878, key=gdir1/dir6, dataSize=0, replicationConfig=null} | ret=FAILURE
org.apache.hadoop.ozone.om.exceptions.OMException: Unable to get file status: volume: volume52841 bucket: bucket11878 key: gdir1/dir6
	at org.apache.hadoop.ozone.om.KeyManagerImpl.getOzoneFileStatus(KeyManagerImpl.java:1270) ~[ozone-manager-1.3.0-SNAPSHOT.jar:?]
	at org.apache.hadoop.ozone.om.KeyManagerImpl.getFileStatus(KeyManagerImpl.java:1200) ~[ozone-manager-1.3.0-SNAPSHOT.jar:?]
	at org.apache.hadoop.ozone.om.OzoneManager.getFileStatus(OzoneManager.java:3507) ~[ozone-manager-1.3.0-SNAPSHOT.jar:?]
	at org.apache.hadoop.ozone.protocolPB.OzoneManagerRequestHandler.getOzoneFileStatus(OzoneManagerRequestHandler.java:882) ~[ozone-manager-1.3.0-SNAPSHOT.jar:?]
	at org.apache.hadoop.ozone.protocolPB.OzoneManagerRequestHandler.handleReadRequest(OzoneManagerRequestHandler.java:228) ~[ozone-manager-1.3.0-SNAPSHOT.jar:?]
	at org.apache.hadoop.ozone.protocolPB.OzoneManagerProtocolServerSideTranslatorPB.submitReadRequestToOM(OzoneManagerProtocolServerSideTranslatorPB.java:226) ~[ozone-manager-1.3.0-SNAPSHOT.jar:?]
	at org.apache.hadoop.ozone.protocolPB.OzoneManagerProtocolServerSideTranslatorPB.processRequest(OzoneManagerProtocolServerSideTranslatorPB.java:175) ~[ozone-manager-1.3.0-SNAPSHOT.jar:?]
	at org.apache.hadoop.hdds.server.OzoneProtocolMessageDispatcher.processRequest(OzoneProtocolMessageDispatcher.java:87) [hdds-server-framework-1.3.0-SNAPSHOT.jar:?]
	at org.apache.hadoop.ozone.protocolPB.OzoneManagerProtocolServerSideTranslatorPB.submitRequest(OzoneManagerProtocolServerSideTranslatorPB.java:147) [ozone-manager-1.3.0-SNAPSHOT.jar:?]
	at org.apache.hadoop.ozone.protocol.proto.OzoneManagerProtocolProtos$OzoneManagerService$2.callBlockingMethod(OzoneManagerProtocolProtos.java) [ozone-interface-client-1.3.0-SNAPSHOT.jar:?]
	at org.apache.hadoop.ipc.ProtobufRpcEngine$Server.processCall(ProtobufRpcEngine.java:466) [hadoop-common-3.3.1.jar:?]
	at org.apache.hadoop.ipc.ProtobufRpcEngine2$Server$ProtoBufRpcInvoker.call(ProtobufRpcEngine2.java:574) [hadoop-common-3.3.1.jar:?]
	at org.apache.hadoop.ipc.ProtobufRpcEngine2$Server$ProtoBufRpcInvoker.call(ProtobufRpcEngine2.java:552) [hadoop-common-3.3.1.jar:?]
	at org.apache.hadoop.ipc.RPC$Server.call(RPC.java:1093) [hadoop-common-3.3.1.jar:?]
	at org.apache.hadoop.ipc.Server$RpcCall.run(Server.java:1035) [hadoop-common-3.3.1.jar:?]
	at org.apache.hadoop.ipc.Server$RpcCall.run(Server.java:963) [hadoop-common-3.3.1.jar:?]
	at java.security.AccessController.doPrivileged(Native Method) ~[?:1.8.0_345]
	at javax.security.auth.Subject.doAs(Subject.java:422) [?:1.8.0_345]
	at org.apache.hadoop.security.UserGroupInformation.doAs(UserGroupInformation.java:1878) [hadoop-common-3.3.1.jar:?]
	at org.apache.hadoop.ipc.Server$Handler.run(Server.java:2966) [hadoop-common-3.3.1.jar:?]
2022-10-09 13:07:27,820 [Time-limited test] WARN  ozone.BasicOzoneFileSystem (BasicOzoneFileSystem.java:getFileStatus(765)) - GetFileStatus failed for path /gdir1/dir6
java.io.FileNotFoundException: gdir1/dir6: No such file or directory!
	at org.apache.hadoop.fs.ozone.BasicOzoneClientAdapterImpl.getFileStatus(BasicOzoneClientAdapterImpl.java:369)
	at org.apache.hadoop.fs.ozone.BasicOzoneFileSystem.getFileStatus(BasicOzoneFileSystem.java:757)
	at org.apache.hadoop.fs.ozone.TestOzoneFileSystem.checkPath(TestOzoneFileSystem.java:502)
	at org.apache.hadoop.fs.ozone.TestOzoneFileSystem.testRecursiveDelete(TestOzoneFileSystem.java:457)
	at sun.reflect.NativeMethodAccessorImpl.invoke0(Native Method)
	at sun.reflect.NativeMethodAccessorImpl.invoke(NativeMethodAccessorImpl.java:62)
	at sun.reflect.DelegatingMethodAccessorImpl.invoke(DelegatingMethodAccessorImpl.java:43)
	at java.lang.reflect.Method.invoke(Method.java:498)
	at org.junit.runners.model.FrameworkMethod$1.runReflectiveCall(FrameworkMethod.java:59)
	at org.junit.internal.runners.model.ReflectiveCallable.run(ReflectiveCallable.java:12)
	at org.junit.runners.model.FrameworkMethod.invokeExplosively(FrameworkMethod.java:56)
	at org.junit.internal.runners.statements.InvokeMethod.evaluate(InvokeMethod.java:17)
	at org.junit.internal.runners.statements.RunAfters.evaluate(RunAfters.java:27)
	at org.junit.internal.runners.statements.FailOnTimeout$CallableStatement.call(FailOnTimeout.java:288)
	at org.junit.internal.runners.statements.FailOnTimeout$CallableStatement.call(FailOnTimeout.java:282)
	at java.util.concurrent.FutureTask.run(FutureTask.java:266)
	at java.lang.Thread.run(Thread.java:750)
13:07:27.820 [IPC Server handler 18 on default port 33359] ERROR OMAudit - user=runner | ip=127.0.0.1 | op=GET_FILE_STATUS {volume=volume52841, bucket=bucket11878, key=gdir1/dir6/child, dataSize=0, replicationConfig=null} | ret=FAILURE
org.apache.hadoop.ozone.om.exceptions.OMException: Unable to get file status: volume: volume52841 bucket: bucket11878 key: gdir1/dir6/child
	at org.apache.hadoop.ozone.om.KeyManagerImpl.getOzoneFileStatus(KeyManagerImpl.java:1270) ~[ozone-manager-1.3.0-SNAPSHOT.jar:?]
	at org.apache.hadoop.ozone.om.KeyManagerImpl.getFileStatus(KeyManagerImpl.java:1200) ~[ozone-manager-1.3.0-SNAPSHOT.jar:?]
	at org.apache.hadoop.ozone.om.OzoneManager.getFileStatus(OzoneManager.java:3507) ~[ozone-manager-1.3.0-SNAPSHOT.jar:?]
	at org.apache.hadoop.ozone.protocolPB.OzoneManagerRequestHandler.getOzoneFileStatus(OzoneManagerRequestHandler.java:882) ~[ozone-manager-1.3.0-SNAPSHOT.jar:?]
	at org.apache.hadoop.ozone.protocolPB.OzoneManagerRequestHandler.handleReadRequest(OzoneManagerRequestHandler.java:228) ~[ozone-manager-1.3.0-SNAPSHOT.jar:?]
	at org.apache.hadoop.ozone.protocolPB.OzoneManagerProtocolServerSideTranslatorPB.submitReadRequestToOM(OzoneManagerProtocolServerSideTranslatorPB.java:226) ~[ozone-manager-1.3.0-SNAPSHOT.jar:?]
	at org.apache.hadoop.ozone.protocolPB.OzoneManagerProtocolServerSideTranslatorPB.processRequest(OzoneManagerProtocolServerSideTranslatorPB.java:175) ~[ozone-manager-1.3.0-SNAPSHOT.jar:?]
	at org.apache.hadoop.hdds.server.OzoneProtocolMessageDispatcher.processRequest(OzoneProtocolMessageDispatcher.java:87) [hdds-server-framework-1.3.0-SNAPSHOT.jar:?]
	at org.apache.hadoop.ozone.protocolPB.OzoneManagerProtocolServerSideTranslatorPB.submitRequest(OzoneManagerProtocolServerSideTranslatorPB.java:147) [ozone-manager-1.3.0-SNAPSHOT.jar:?]
	at org.apache.hadoop.ozone.protocol.proto.OzoneManagerProtocolProtos$OzoneManagerService$2.callBlockingMethod(OzoneManagerProtocolProtos.java) [ozone-interface-client-1.3.0-SNAPSHOT.jar:?]
	at org.apache.hadoop.ipc.ProtobufRpcEngine$Server.processCall(ProtobufRpcEngine.java:466) [hadoop-common-3.3.1.jar:?]
	at org.apache.hadoop.ipc.ProtobufRpcEngine2$Server$ProtoBufRpcInvoker.call(ProtobufRpcEngine2.java:574) [hadoop-common-3.3.1.jar:?]
	at org.apache.hadoop.ipc.ProtobufRpcEngine2$Server$ProtoBufRpcInvoker.call(ProtobufRpcEngine2.java:552) [hadoop-common-3.3.1.jar:?]
	at org.apache.hadoop.ipc.RPC$Server.call(RPC.java:1093) [hadoop-common-3.3.1.jar:?]
	at org.apache.hadoop.ipc.Server$RpcCall.run(Server.java:1035) [hadoop-common-3.3.1.jar:?]
	at org.apache.hadoop.ipc.Server$RpcCall.run(Server.java:963) [hadoop-common-3.3.1.jar:?]
	at java.security.AccessController.doPrivileged(Native Method) ~[?:1.8.0_345]
	at javax.security.auth.Subject.doAs(Subject.java:422) [?:1.8.0_345]
	at org.apache.hadoop.security.UserGroupInformation.doAs(UserGroupInformation.java:1878) [hadoop-common-3.3.1.jar:?]
	at org.apache.hadoop.ipc.Server$Handler.run(Server.java:2966) [hadoop-common-3.3.1.jar:?]
2022-10-09 13:07:27,822 [Time-limited test] WARN  ozone.BasicOzoneFileSystem (BasicOzoneFileSystem.java:getFileStatus(765)) - GetFileStatus failed for path /gdir1/dir6/child
java.io.FileNotFoundException: gdir1/dir6/child: No such file or directory!
	at org.apache.hadoop.fs.ozone.BasicOzoneClientAdapterImpl.getFileStatus(BasicOzoneClientAdapterImpl.java:369)
	at org.apache.hadoop.fs.ozone.BasicOzoneFileSystem.getFileStatus(BasicOzoneFileSystem.java:757)
	at org.apache.hadoop.fs.ozone.TestOzoneFileSystem.checkPath(TestOzoneFileSystem.java:502)
	at org.apache.hadoop.fs.ozone.TestOzoneFileSystem.testRecursiveDelete(TestOzoneFileSystem.java:458)
	at sun.reflect.NativeMethodAccessorImpl.invoke0(Native Method)
	at sun.reflect.NativeMethodAccessorImpl.invoke(NativeMethodAccessorImpl.java:62)
	at sun.reflect.DelegatingMethodAccessorImpl.invoke(DelegatingMethodAccessorImpl.java:43)
	at java.lang.reflect.Method.invoke(Method.java:498)
	at org.junit.runners.model.FrameworkMethod$1.runReflectiveCall(FrameworkMethod.java:59)
	at org.junit.internal.runners.model.ReflectiveCallable.run(ReflectiveCallable.java:12)
	at org.junit.runners.model.FrameworkMethod.invokeExplosively(FrameworkMethod.java:56)
	at org.junit.internal.runners.statements.InvokeMethod.evaluate(InvokeMethod.java:17)
	at org.junit.internal.runners.statements.RunAfters.evaluate(RunAfters.java:27)
	at org.junit.internal.runners.statements.FailOnTimeout$CallableStatement.call(FailOnTimeout.java:288)
	at org.junit.internal.runners.statements.FailOnTimeout$CallableStatement.call(FailOnTimeout.java:282)
	at java.util.concurrent.FutureTask.run(FutureTask.java:266)
	at java.lang.Thread.run(Thread.java:750)
13:07:27.822 [IPC Server handler 16 on default port 33359] ERROR OMAudit - user=runner | ip=127.0.0.1 | op=GET_FILE_STATUS {volume=volume52841, bucket=bucket11878, key=gdir1/dir7, dataSize=0, replicationConfig=null} | ret=FAILURE
org.apache.hadoop.ozone.om.exceptions.OMException: Unable to get file status: volume: volume52841 bucket: bucket11878 key: gdir1/dir7
	at org.apache.hadoop.ozone.om.KeyManagerImpl.getOzoneFileStatus(KeyManagerImpl.java:1270) ~[ozone-manager-1.3.0-SNAPSHOT.jar:?]
	at org.apache.hadoop.ozone.om.KeyManagerImpl.getFileStatus(KeyManagerImpl.java:1200) ~[ozone-manager-1.3.0-SNAPSHOT.jar:?]
	at org.apache.hadoop.ozone.om.OzoneManager.getFileStatus(OzoneManager.java:3507) ~[ozone-manager-1.3.0-SNAPSHOT.jar:?]
	at org.apache.hadoop.ozone.protocolPB.OzoneManagerRequestHandler.getOzoneFileStatus(OzoneManagerRequestHandler.java:882) ~[ozone-manager-1.3.0-SNAPSHOT.jar:?]
	at org.apache.hadoop.ozone.protocolPB.OzoneManagerRequestHandler.handleReadRequest(OzoneManagerRequestHandler.java:228) ~[ozone-manager-1.3.0-SNAPSHOT.jar:?]
	at org.apache.hadoop.ozone.protocolPB.OzoneManagerProtocolServerSideTranslatorPB.submitReadRequestToOM(OzoneManagerProtocolServerSideTranslatorPB.java:226) ~[ozone-manager-1.3.0-SNAPSHOT.jar:?]
	at org.apache.hadoop.ozone.protocolPB.OzoneManagerProtocolServerSideTranslatorPB.processRequest(OzoneManagerProtocolServerSideTranslatorPB.java:175) ~[ozone-manager-1.3.0-SNAPSHOT.jar:?]
	at org.apache.hadoop.hdds.server.OzoneProtocolMessageDispatcher.processRequest(OzoneProtocolMessageDispatcher.java:87) [hdds-server-framework-1.3.0-SNAPSHOT.jar:?]
	at org.apache.hadoop.ozone.protocolPB.OzoneManagerProtocolServerSideTranslatorPB.submitRequest(OzoneManagerProtocolServerSideTranslatorPB.java:147) [ozone-manager-1.3.0-SNAPSHOT.jar:?]
	at org.apache.hadoop.ozone.protocol.proto.OzoneManagerProtocolProtos$OzoneManagerService$2.callBlockingMethod(OzoneManagerProtocolProtos.java) [ozone-interface-client-1.3.0-SNAPSHOT.jar:?]
	at org.apache.hadoop.ipc.ProtobufRpcEngine$Server.processCall(ProtobufRpcEngine.java:466) [hadoop-common-3.3.1.jar:?]
	at org.apache.hadoop.ipc.ProtobufRpcEngine2$Server$ProtoBufRpcInvoker.call(ProtobufRpcEngine2.java:574) [hadoop-common-3.3.1.jar:?]
	at org.apache.hadoop.ipc.ProtobufRpcEngine2$Server$ProtoBufRpcInvoker.call(ProtobufRpcEngine2.java:552) [hadoop-common-3.3.1.jar:?]
	at org.apache.hadoop.ipc.RPC$Server.call(RPC.java:1093) [hadoop-common-3.3.1.jar:?]
	at org.apache.hadoop.ipc.Server$RpcCall.run(Server.java:1035) [hadoop-common-3.3.1.jar:?]
	at org.apache.hadoop.ipc.Server$RpcCall.run(Server.java:963) [hadoop-common-3.3.1.jar:?]
	at java.security.AccessController.doPrivileged(Native Method) ~[?:1.8.0_345]
	at javax.security.auth.Subject.doAs(Subject.java:422) [?:1.8.0_345]
	at org.apache.hadoop.security.UserGroupInformation.doAs(UserGroupInformation.java:1878) [hadoop-common-3.3.1.jar:?]
	at org.apache.hadoop.ipc.Server$Handler.run(Server.java:2966) [hadoop-common-3.3.1.jar:?]
2022-10-09 13:07:27,823 [Time-limited test] WARN  ozone.BasicOzoneFileSystem (BasicOzoneFileSystem.java:getFileStatus(765)) - GetFileStatus failed for path /gdir1/dir7
java.io.FileNotFoundException: gdir1/dir7: No such file or directory!
	at org.apache.hadoop.fs.ozone.BasicOzoneClientAdapterImpl.getFileStatus(BasicOzoneClientAdapterImpl.java:369)
	at org.apache.hadoop.fs.ozone.BasicOzoneFileSystem.getFileStatus(BasicOzoneFileSystem.java:757)
	at org.apache.hadoop.fs.ozone.TestOzoneFileSystem.checkPath(TestOzoneFileSystem.java:502)
	at org.apache.hadoop.fs.ozone.TestOzoneFileSystem.testRecursiveDelete(TestOzoneFileSystem.java:457)
	at sun.reflect.NativeMethodAccessorImpl.invoke0(Native Method)
	at sun.reflect.NativeMethodAccessorImpl.invoke(NativeMethodAccessorImpl.java:62)
	at sun.reflect.DelegatingMethodAccessorImpl.invoke(DelegatingMethodAccessorImpl.java:43)
	at java.lang.reflect.Method.invoke(Method.java:498)
	at org.junit.runners.model.FrameworkMethod$1.runReflectiveCall(FrameworkMethod.java:59)
	at org.junit.internal.runners.model.ReflectiveCallable.run(ReflectiveCallable.java:12)
	at org.junit.runners.model.FrameworkMethod.invokeExplosively(FrameworkMethod.java:56)
	at org.junit.internal.runners.statements.InvokeMethod.evaluate(InvokeMethod.java:17)
	at org.junit.internal.runners.statements.RunAfters.evaluate(RunAfters.java:27)
	at org.junit.internal.runners.statements.FailOnTimeout$CallableStatement.call(FailOnTimeout.java:288)
	at org.junit.internal.runners.statements.FailOnTimeout$CallableStatement.call(FailOnTimeout.java:282)
	at java.util.concurrent.FutureTask.run(FutureTask.java:266)
	at java.lang.Thread.run(Thread.java:750)
13:07:27.828 [IPC Server handler 19 on default port 33359] ERROR OMAudit - user=runner | ip=127.0.0.1 | op=GET_FILE_STATUS {volume=volume52841, bucket=bucket11878, key=gdir1/dir7/child, dataSize=0, replicationConfig=null} | ret=FAILURE
org.apache.hadoop.ozone.om.exceptions.OMException: Unable to get file status: volume: volume52841 bucket: bucket11878 key: gdir1/dir7/child
	at org.apache.hadoop.ozone.om.KeyManagerImpl.getOzoneFileStatus(KeyManagerImpl.java:1270) ~[ozone-manager-1.3.0-SNAPSHOT.jar:?]
	at org.apache.hadoop.ozone.om.KeyManagerImpl.getFileStatus(KeyManagerImpl.java:1200) ~[ozone-manager-1.3.0-SNAPSHOT.jar:?]
	at org.apache.hadoop.ozone.om.OzoneManager.getFileStatus(OzoneManager.java:3507) ~[ozone-manager-1.3.0-SNAPSHOT.jar:?]
	at org.apache.hadoop.ozone.protocolPB.OzoneManagerRequestHandler.getOzoneFileStatus(OzoneManagerRequestHandler.java:882) ~[ozone-manager-1.3.0-SNAPSHOT.jar:?]
	at org.apache.hadoop.ozone.protocolPB.OzoneManagerRequestHandler.handleReadRequest(OzoneManagerRequestHandler.java:228) ~[ozone-manager-1.3.0-SNAPSHOT.jar:?]
	at org.apache.hadoop.ozone.protocolPB.OzoneManagerProtocolServerSideTranslatorPB.submitReadRequestToOM(OzoneManagerProtocolServerSideTranslatorPB.java:226) ~[ozone-manager-1.3.0-SNAPSHOT.jar:?]
	at org.apache.hadoop.ozone.protocolPB.OzoneManagerProtocolServerSideTranslatorPB.processRequest(OzoneManagerProtocolServerSideTranslatorPB.java:175) ~[ozone-manager-1.3.0-SNAPSHOT.jar:?]
	at org.apache.hadoop.hdds.server.OzoneProtocolMessageDispatcher.processRequest(OzoneProtocolMessageDispatcher.java:87) [hdds-server-framework-1.3.0-SNAPSHOT.jar:?]
	at org.apache.hadoop.ozone.protocolPB.OzoneManagerProtocolServerSideTranslatorPB.submitRequest(OzoneManagerProtocolServerSideTranslatorPB.java:147) [ozone-manager-1.3.0-SNAPSHOT.jar:?]
	at org.apache.hadoop.ozone.protocol.proto.OzoneManagerProtocolProtos$OzoneManagerService$2.callBlockingMethod(OzoneManagerProtocolProtos.java) [ozone-interface-client-1.3.0-SNAPSHOT.jar:?]
	at org.apache.hadoop.ipc.ProtobufRpcEngine$Server.processCall(ProtobufRpcEngine.java:466) [hadoop-common-3.3.1.jar:?]
	at org.apache.hadoop.ipc.ProtobufRpcEngine2$Server$ProtoBufRpcInvoker.call(ProtobufRpcEngine2.java:574) [hadoop-common-3.3.1.jar:?]
	at org.apache.hadoop.ipc.ProtobufRpcEngine2$Server$ProtoBufRpcInvoker.call(ProtobufRpcEngine2.java:552) [hadoop-common-3.3.1.jar:?]
	at org.apache.hadoop.ipc.RPC$Server.call(RPC.java:1093) [hadoop-common-3.3.1.jar:?]
	at org.apache.hadoop.ipc.Server$RpcCall.run(Server.java:1035) [hadoop-common-3.3.1.jar:?]
	at org.apache.hadoop.ipc.Server$RpcCall.run(Server.java:963) [hadoop-common-3.3.1.jar:?]
	at java.security.AccessController.doPrivileged(Native Method) ~[?:1.8.0_345]
	at javax.security.auth.Subject.doAs(Subject.java:422) [?:1.8.0_345]
	at org.apache.hadoop.security.UserGroupInformation.doAs(UserGroupInformation.java:1878) [hadoop-common-3.3.1.jar:?]
	at org.apache.hadoop.ipc.Server$Handler.run(Server.java:2966) [hadoop-common-3.3.1.jar:?]
2022-10-09 13:07:27,828 [Time-limited test] WARN  ozone.BasicOzoneFileSystem (BasicOzoneFileSystem.java:getFileStatus(765)) - GetFileStatus failed for path /gdir1/dir7/child
java.io.FileNotFoundException: gdir1/dir7/child: No such file or directory!
	at org.apache.hadoop.fs.ozone.BasicOzoneClientAdapterImpl.getFileStatus(BasicOzoneClientAdapterImpl.java:369)
	at org.apache.hadoop.fs.ozone.BasicOzoneFileSystem.getFileStatus(BasicOzoneFileSystem.java:757)
	at org.apache.hadoop.fs.ozone.TestOzoneFileSystem.checkPath(TestOzoneFileSystem.java:502)
	at org.apache.hadoop.fs.ozone.TestOzoneFileSystem.testRecursiveDelete(TestOzoneFileSystem.java:458)
	at sun.reflect.NativeMethodAccessorImpl.invoke0(Native Method)
	at sun.reflect.NativeMethodAccessorImpl.invoke(NativeMethodAccessorImpl.java:62)
	at sun.reflect.DelegatingMethodAccessorImpl.invoke(DelegatingMethodAccessorImpl.java:43)
	at java.lang.reflect.Method.invoke(Method.java:498)
	at org.junit.runners.model.FrameworkMethod$1.runReflectiveCall(FrameworkMethod.java:59)
	at org.junit.internal.runners.model.ReflectiveCallable.run(ReflectiveCallable.java:12)
	at org.junit.runners.model.FrameworkMethod.invokeExplosively(FrameworkMethod.java:56)
	at org.junit.internal.runners.statements.InvokeMethod.evaluate(InvokeMethod.java:17)
	at org.junit.internal.runners.statements.RunAfters.evaluate(RunAfters.java:27)
	at org.junit.internal.runners.statements.FailOnTimeout$CallableStatement.call(FailOnTimeout.java:288)
	at org.junit.internal.runners.statements.FailOnTimeout$CallableStatement.call(FailOnTimeout.java:282)
	at java.util.concurrent.FutureTask.run(FutureTask.java:266)
	at java.lang.Thread.run(Thread.java:750)
13:07:27.830 [IPC Server handler 1 on default port 33359] ERROR OMAudit - user=runner | ip=127.0.0.1 | op=GET_FILE_STATUS {volume=volume52841, bucket=bucket11878, key=gdir1/dir8, dataSize=0, replicationConfig=null} | ret=FAILURE
org.apache.hadoop.ozone.om.exceptions.OMException: Unable to get file status: volume: volume52841 bucket: bucket11878 key: gdir1/dir8
	at org.apache.hadoop.ozone.om.KeyManagerImpl.getOzoneFileStatus(KeyManagerImpl.java:1270) ~[ozone-manager-1.3.0-SNAPSHOT.jar:?]
	at org.apache.hadoop.ozone.om.KeyManagerImpl.getFileStatus(KeyManagerImpl.java:1200) ~[ozone-manager-1.3.0-SNAPSHOT.jar:?]
	at org.apache.hadoop.ozone.om.OzoneManager.getFileStatus(OzoneManager.java:3507) ~[ozone-manager-1.3.0-SNAPSHOT.jar:?]
	at org.apache.hadoop.ozone.protocolPB.OzoneManagerRequestHandler.getOzoneFileStatus(OzoneManagerRequestHandler.java:882) ~[ozone-manager-1.3.0-SNAPSHOT.jar:?]
	at org.apache.hadoop.ozone.protocolPB.OzoneManagerRequestHandler.handleReadRequest(OzoneManagerRequestHandler.java:228) ~[ozone-manager-1.3.0-SNAPSHOT.jar:?]
	at org.apache.hadoop.ozone.protocolPB.OzoneManagerProtocolServerSideTranslatorPB.submitReadRequestToOM(OzoneManagerProtocolServerSideTranslatorPB.java:226) ~[ozone-manager-1.3.0-SNAPSHOT.jar:?]
	at org.apache.hadoop.ozone.protocolPB.OzoneManagerProtocolServerSideTranslatorPB.processRequest(OzoneManagerProtocolServerSideTranslatorPB.java:175) ~[ozone-manager-1.3.0-SNAPSHOT.jar:?]
	at org.apache.hadoop.hdds.server.OzoneProtocolMessageDispatcher.processRequest(OzoneProtocolMessageDispatcher.java:87) [hdds-server-framework-1.3.0-SNAPSHOT.jar:?]
	at org.apache.hadoop.ozone.protocolPB.OzoneManagerProtocolServerSideTranslatorPB.submitRequest(OzoneManagerProtocolServerSideTranslatorPB.java:147) [ozone-manager-1.3.0-SNAPSHOT.jar:?]
	at org.apache.hadoop.ozone.protocol.proto.OzoneManagerProtocolProtos$OzoneManagerService$2.callBlockingMethod(OzoneManagerProtocolProtos.java) [ozone-interface-client-1.3.0-SNAPSHOT.jar:?]
	at org.apache.hadoop.ipc.ProtobufRpcEngine$Server.processCall(ProtobufRpcEngine.java:466) [hadoop-common-3.3.1.jar:?]
	at org.apache.hadoop.ipc.ProtobufRpcEngine2$Server$ProtoBufRpcInvoker.call(ProtobufRpcEngine2.java:574) [hadoop-common-3.3.1.jar:?]
	at org.apache.hadoop.ipc.ProtobufRpcEngine2$Server$ProtoBufRpcInvoker.call(ProtobufRpcEngine2.java:552) [hadoop-common-3.3.1.jar:?]
	at org.apache.hadoop.ipc.RPC$Server.call(RPC.java:1093) [hadoop-common-3.3.1.jar:?]
	at org.apache.hadoop.ipc.Server$RpcCall.run(Server.java:1035) [hadoop-common-3.3.1.jar:?]
	at org.apache.hadoop.ipc.Server$RpcCall.run(Server.java:963) [hadoop-common-3.3.1.jar:?]
	at java.security.AccessController.doPrivileged(Native Method) ~[?:1.8.0_345]
	at javax.security.auth.Subject.doAs(Subject.java:422) [?:1.8.0_345]
	at org.apache.hadoop.security.UserGroupInformation.doAs(UserGroupInformation.java:1878) [hadoop-common-3.3.1.jar:?]
	at org.apache.hadoop.ipc.Server$Handler.run(Server.java:2966) [hadoop-common-3.3.1.jar:?]
2022-10-09 13:07:27,835 [Time-limited test] WARN  ozone.BasicOzoneFileSystem (BasicOzoneFileSystem.java:getFileStatus(765)) - GetFileStatus failed for path /gdir1/dir8
java.io.FileNotFoundException: gdir1/dir8: No such file or directory!
	at org.apache.hadoop.fs.ozone.BasicOzoneClientAdapterImpl.getFileStatus(BasicOzoneClientAdapterImpl.java:369)
	at org.apache.hadoop.fs.ozone.BasicOzoneFileSystem.getFileStatus(BasicOzoneFileSystem.java:757)
	at org.apache.hadoop.fs.ozone.TestOzoneFileSystem.checkPath(TestOzoneFileSystem.java:502)
	at org.apache.hadoop.fs.ozone.TestOzoneFileSystem.testRecursiveDelete(TestOzoneFileSystem.java:457)
	at sun.reflect.NativeMethodAccessorImpl.invoke0(Native Method)
	at sun.reflect.NativeMethodAccessorImpl.invoke(NativeMethodAccessorImpl.java:62)
	at sun.reflect.DelegatingMethodAccessorImpl.invoke(DelegatingMethodAccessorImpl.java:43)
	at java.lang.reflect.Method.invoke(Method.java:498)
	at org.junit.runners.model.FrameworkMethod$1.runReflectiveCall(FrameworkMethod.java:59)
	at org.junit.internal.runners.model.ReflectiveCallable.run(ReflectiveCallable.java:12)
	at org.junit.runners.model.FrameworkMethod.invokeExplosively(FrameworkMethod.java:56)
	at org.junit.internal.runners.statements.InvokeMethod.evaluate(InvokeMethod.java:17)
	at org.junit.internal.runners.statements.RunAfters.evaluate(RunAfters.java:27)
	at org.junit.internal.runners.statements.FailOnTimeout$CallableStatement.call(FailOnTimeout.java:288)
	at org.junit.internal.runners.statements.FailOnTimeout$CallableStatement.call(FailOnTimeout.java:282)
	at java.util.concurrent.FutureTask.run(FutureTask.java:266)
	at java.lang.Thread.run(Thread.java:750)
13:07:27.836 [IPC Server handler 0 on default port 33359] ERROR OMAudit - user=runner | ip=127.0.0.1 | op=GET_FILE_STATUS {volume=volume52841, bucket=bucket11878, key=gdir1/dir8/child, dataSize=0, replicationConfig=null} | ret=FAILURE
org.apache.hadoop.ozone.om.exceptions.OMException: Unable to get file status: volume: volume52841 bucket: bucket11878 key: gdir1/dir8/child
	at org.apache.hadoop.ozone.om.KeyManagerImpl.getOzoneFileStatus(KeyManagerImpl.java:1270) ~[ozone-manager-1.3.0-SNAPSHOT.jar:?]
	at org.apache.hadoop.ozone.om.KeyManagerImpl.getFileStatus(KeyManagerImpl.java:1200) ~[ozone-manager-1.3.0-SNAPSHOT.jar:?]
	at org.apache.hadoop.ozone.om.OzoneManager.getFileStatus(OzoneManager.java:3507) ~[ozone-manager-1.3.0-SNAPSHOT.jar:?]
	at org.apache.hadoop.ozone.protocolPB.OzoneManagerRequestHandler.getOzoneFileStatus(OzoneManagerRequestHandler.java:882) ~[ozone-manager-1.3.0-SNAPSHOT.jar:?]
	at org.apache.hadoop.ozone.protocolPB.OzoneManagerRequestHandler.handleReadRequest(OzoneManagerRequestHandler.java:228) ~[ozone-manager-1.3.0-SNAPSHOT.jar:?]
	at org.apache.hadoop.ozone.protocolPB.OzoneManagerProtocolServerSideTranslatorPB.submitReadRequestToOM(OzoneManagerProtocolServerSideTranslatorPB.java:226) ~[ozone-manager-1.3.0-SNAPSHOT.jar:?]
	at org.apache.hadoop.ozone.protocolPB.OzoneManagerProtocolServerSideTranslatorPB.processRequest(OzoneManagerProtocolServerSideTranslatorPB.java:175) ~[ozone-manager-1.3.0-SNAPSHOT.jar:?]
	at org.apache.hadoop.hdds.server.OzoneProtocolMessageDispatcher.processRequest(OzoneProtocolMessageDispatcher.java:87) [hdds-server-framework-1.3.0-SNAPSHOT.jar:?]
	at org.apache.hadoop.ozone.protocolPB.OzoneManagerProtocolServerSideTranslatorPB.submitRequest(OzoneManagerProtocolServerSideTranslatorPB.java:147) [ozone-manager-1.3.0-SNAPSHOT.jar:?]
	at org.apache.hadoop.ozone.protocol.proto.OzoneManagerProtocolProtos$OzoneManagerService$2.callBlockingMethod(OzoneManagerProtocolProtos.java) [ozone-interface-client-1.3.0-SNAPSHOT.jar:?]
	at org.apache.hadoop.ipc.ProtobufRpcEngine$Server.processCall(ProtobufRpcEngine.java:466) [hadoop-common-3.3.1.jar:?]
	at org.apache.hadoop.ipc.ProtobufRpcEngine2$Server$ProtoBufRpcInvoker.call(ProtobufRpcEngine2.java:574) [hadoop-common-3.3.1.jar:?]
	at org.apache.hadoop.ipc.ProtobufRpcEngine2$Server$ProtoBufRpcInvoker.call(ProtobufRpcEngine2.java:552) [hadoop-common-3.3.1.jar:?]
	at org.apache.hadoop.ipc.RPC$Server.call(RPC.java:1093) [hadoop-common-3.3.1.jar:?]
	at org.apache.hadoop.ipc.Server$RpcCall.run(Server.java:1035) [hadoop-common-3.3.1.jar:?]
	at org.apache.hadoop.ipc.Server$RpcCall.run(Server.java:963) [hadoop-common-3.3.1.jar:?]
	at java.security.AccessController.doPrivileged(Native Method) ~[?:1.8.0_345]
	at javax.security.auth.Subject.doAs(Subject.java:422) [?:1.8.0_345]
	at org.apache.hadoop.security.UserGroupInformation.doAs(UserGroupInformation.java:1878) [hadoop-common-3.3.1.jar:?]
	at org.apache.hadoop.ipc.Server$Handler.run(Server.java:2966) [hadoop-common-3.3.1.jar:?]
2022-10-09 13:07:27,839 [Time-limited test] WARN  ozone.BasicOzoneFileSystem (BasicOzoneFileSystem.java:getFileStatus(765)) - GetFileStatus failed for path /gdir1/dir8/child
java.io.FileNotFoundException: gdir1/dir8/child: No such file or directory!
	at org.apache.hadoop.fs.ozone.BasicOzoneClientAdapterImpl.getFileStatus(BasicOzoneClientAdapterImpl.java:369)
	at org.apache.hadoop.fs.ozone.BasicOzoneFileSystem.getFileStatus(BasicOzoneFileSystem.java:757)
	at org.apache.hadoop.fs.ozone.TestOzoneFileSystem.checkPath(TestOzoneFileSystem.java:502)
	at org.apache.hadoop.fs.ozone.TestOzoneFileSystem.testRecursiveDelete(TestOzoneFileSystem.java:458)
	at sun.reflect.NativeMethodAccessorImpl.invoke0(Native Method)
	at sun.reflect.NativeMethodAccessorImpl.invoke(NativeMethodAccessorImpl.java:62)
	at sun.reflect.DelegatingMethodAccessorImpl.invoke(DelegatingMethodAccessorImpl.java:43)
	at java.lang.reflect.Method.invoke(Method.java:498)
	at org.junit.runners.model.FrameworkMethod$1.runReflectiveCall(FrameworkMethod.java:59)
	at org.junit.internal.runners.model.ReflectiveCallable.run(ReflectiveCallable.java:12)
	at org.junit.runners.model.FrameworkMethod.invokeExplosively(FrameworkMethod.java:56)
	at org.junit.internal.runners.statements.InvokeMethod.evaluate(InvokeMethod.java:17)
	at org.junit.internal.runners.statements.RunAfters.evaluate(RunAfters.java:27)
	at org.junit.internal.runners.statements.FailOnTimeout$CallableStatement.call(FailOnTimeout.java:288)
	at org.junit.internal.runners.statements.FailOnTimeout$CallableStatement.call(FailOnTimeout.java:282)
	at java.util.concurrent.FutureTask.run(FutureTask.java:266)
	at java.lang.Thread.run(Thread.java:750)
13:07:27.839 [IPC Server handler 7 on default port 33359] ERROR OMAudit - user=runner | ip=127.0.0.1 | op=GET_FILE_STATUS {volume=volume52841, bucket=bucket11878, key=gdir1/dir9, dataSize=0, replicationConfig=null} | ret=FAILURE
org.apache.hadoop.ozone.om.exceptions.OMException: Unable to get file status: volume: volume52841 bucket: bucket11878 key: gdir1/dir9
	at org.apache.hadoop.ozone.om.KeyManagerImpl.getOzoneFileStatus(KeyManagerImpl.java:1270) ~[ozone-manager-1.3.0-SNAPSHOT.jar:?]
	at org.apache.hadoop.ozone.om.KeyManagerImpl.getFileStatus(KeyManagerImpl.java:1200) ~[ozone-manager-1.3.0-SNAPSHOT.jar:?]
	at org.apache.hadoop.ozone.om.OzoneManager.getFileStatus(OzoneManager.java:3507) ~[ozone-manager-1.3.0-SNAPSHOT.jar:?]
	at org.apache.hadoop.ozone.protocolPB.OzoneManagerRequestHandler.getOzoneFileStatus(OzoneManagerRequestHandler.java:882) ~[ozone-manager-1.3.0-SNAPSHOT.jar:?]
	at org.apache.hadoop.ozone.protocolPB.OzoneManagerRequestHandler.handleReadRequest(OzoneManagerRequestHandler.java:228) ~[ozone-manager-1.3.0-SNAPSHOT.jar:?]
	at org.apache.hadoop.ozone.protocolPB.OzoneManagerProtocolServerSideTranslatorPB.submitReadRequestToOM(OzoneManagerProtocolServerSideTranslatorPB.java:226) ~[ozone-manager-1.3.0-SNAPSHOT.jar:?]
	at org.apache.hadoop.ozone.protocolPB.OzoneManagerProtocolServerSideTranslatorPB.processRequest(OzoneManagerProtocolServerSideTranslatorPB.java:175) ~[ozone-manager-1.3.0-SNAPSHOT.jar:?]
	at org.apache.hadoop.hdds.server.OzoneProtocolMessageDispatcher.processRequest(OzoneProtocolMessageDispatcher.java:87) [hdds-server-framework-1.3.0-SNAPSHOT.jar:?]
	at org.apache.hadoop.ozone.protocolPB.OzoneManagerProtocolServerSideTranslatorPB.submitRequest(OzoneManagerProtocolServerSideTranslatorPB.java:147) [ozone-manager-1.3.0-SNAPSHOT.jar:?]
	at org.apache.hadoop.ozone.protocol.proto.OzoneManagerProtocolProtos$OzoneManagerService$2.callBlockingMethod(OzoneManagerProtocolProtos.java) [ozone-interface-client-1.3.0-SNAPSHOT.jar:?]
	at org.apache.hadoop.ipc.ProtobufRpcEngine$Server.processCall(ProtobufRpcEngine.java:466) [hadoop-common-3.3.1.jar:?]
	at org.apache.hadoop.ipc.ProtobufRpcEngine2$Server$ProtoBufRpcInvoker.call(ProtobufRpcEngine2.java:574) [hadoop-common-3.3.1.jar:?]
	at org.apache.hadoop.ipc.ProtobufRpcEngine2$Server$ProtoBufRpcInvoker.call(ProtobufRpcEngine2.java:552) [hadoop-common-3.3.1.jar:?]
	at org.apache.hadoop.ipc.RPC$Server.call(RPC.java:1093) [hadoop-common-3.3.1.jar:?]
	at org.apache.hadoop.ipc.Server$RpcCall.run(Server.java:1035) [hadoop-common-3.3.1.jar:?]
	at org.apache.hadoop.ipc.Server$RpcCall.run(Server.java:963) [hadoop-common-3.3.1.jar:?]
	at java.security.AccessController.doPrivileged(Native Method) ~[?:1.8.0_345]
	at javax.security.auth.Subject.doAs(Subject.java:422) [?:1.8.0_345]
	at org.apache.hadoop.security.UserGroupInformation.doAs(UserGroupInformation.java:1878) [hadoop-common-3.3.1.jar:?]
	at org.apache.hadoop.ipc.Server$Handler.run(Server.java:2966) [hadoop-common-3.3.1.jar:?]
2022-10-09 13:07:27,840 [Time-limited test] WARN  ozone.BasicOzoneFileSystem (BasicOzoneFileSystem.java:getFileStatus(765)) - GetFileStatus failed for path /gdir1/dir9
java.io.FileNotFoundException: gdir1/dir9: No such file or directory!
	at org.apache.hadoop.fs.ozone.BasicOzoneClientAdapterImpl.getFileStatus(BasicOzoneClientAdapterImpl.java:369)
	at org.apache.hadoop.fs.ozone.BasicOzoneFileSystem.getFileStatus(BasicOzoneFileSystem.java:757)
	at org.apache.hadoop.fs.ozone.TestOzoneFileSystem.checkPath(TestOzoneFileSystem.java:502)
	at org.apache.hadoop.fs.ozone.TestOzoneFileSystem.testRecursiveDelete(TestOzoneFileSystem.java:457)
	at sun.reflect.NativeMethodAccessorImpl.invoke0(Native Method)
	at sun.reflect.NativeMethodAccessorImpl.invoke(NativeMethodAccessorImpl.java:62)
	at sun.reflect.DelegatingMethodAccessorImpl.invoke(DelegatingMethodAccessorImpl.java:43)
	at java.lang.reflect.Method.invoke(Method.java:498)
	at org.junit.runners.model.FrameworkMethod$1.runReflectiveCall(FrameworkMethod.java:59)
	at org.junit.internal.runners.model.ReflectiveCallable.run(ReflectiveCallable.java:12)
	at org.junit.runners.model.FrameworkMethod.invokeExplosively(FrameworkMethod.java:56)
	at org.junit.internal.runners.statements.InvokeMethod.evaluate(InvokeMethod.java:17)
	at org.junit.internal.runners.statements.RunAfters.evaluate(RunAfters.java:27)
	at org.junit.internal.runners.statements.FailOnTimeout$CallableStatement.call(FailOnTimeout.java:288)
	at org.junit.internal.runners.statements.FailOnTimeout$CallableStatement.call(FailOnTimeout.java:282)
	at java.util.concurrent.FutureTask.run(FutureTask.java:266)
	at java.lang.Thread.run(Thread.java:750)
13:07:27.841 [IPC Server handler 2 on default port 33359] ERROR OMAudit - user=runner | ip=127.0.0.1 | op=GET_FILE_STATUS {volume=volume52841, bucket=bucket11878, key=gdir1/dir9/child, dataSize=0, replicationConfig=null} | ret=FAILURE
org.apache.hadoop.ozone.om.exceptions.OMException: Unable to get file status: volume: volume52841 bucket: bucket11878 key: gdir1/dir9/child
	at org.apache.hadoop.ozone.om.KeyManagerImpl.getOzoneFileStatus(KeyManagerImpl.java:1270) ~[ozone-manager-1.3.0-SNAPSHOT.jar:?]
	at org.apache.hadoop.ozone.om.KeyManagerImpl.getFileStatus(KeyManagerImpl.java:1200) ~[ozone-manager-1.3.0-SNAPSHOT.jar:?]
	at org.apache.hadoop.ozone.om.OzoneManager.getFileStatus(OzoneManager.java:3507) ~[ozone-manager-1.3.0-SNAPSHOT.jar:?]
	at org.apache.hadoop.ozone.protocolPB.OzoneManagerRequestHandler.getOzoneFileStatus(OzoneManagerRequestHandler.java:882) ~[ozone-manager-1.3.0-SNAPSHOT.jar:?]
	at org.apache.hadoop.ozone.protocolPB.OzoneManagerRequestHandler.handleReadRequest(OzoneManagerRequestHandler.java:228) ~[ozone-manager-1.3.0-SNAPSHOT.jar:?]
	at org.apache.hadoop.ozone.protocolPB.OzoneManagerProtocolServerSideTranslatorPB.submitReadRequestToOM(OzoneManagerProtocolServerSideTranslatorPB.java:226) ~[ozone-manager-1.3.0-SNAPSHOT.jar:?]
	at org.apache.hadoop.ozone.protocolPB.OzoneManagerProtocolServerSideTranslatorPB.processRequest(OzoneManagerProtocolServerSideTranslatorPB.java:175) ~[ozone-manager-1.3.0-SNAPSHOT.jar:?]
	at org.apache.hadoop.hdds.server.OzoneProtocolMessageDispatcher.processRequest(OzoneProtocolMessageDispatcher.java:87) [hdds-server-framework-1.3.0-SNAPSHOT.jar:?]
	at org.apache.hadoop.ozone.protocolPB.OzoneManagerProtocolServerSideTranslatorPB.submitRequest(OzoneManagerProtocolServerSideTranslatorPB.java:147) [ozone-manager-1.3.0-SNAPSHOT.jar:?]
	at org.apache.hadoop.ozone.protocol.proto.OzoneManagerProtocolProtos$OzoneManagerService$2.callBlockingMethod(OzoneManagerProtocolProtos.java) [ozone-interface-client-1.3.0-SNAPSHOT.jar:?]
	at org.apache.hadoop.ipc.ProtobufRpcEngine$Server.processCall(ProtobufRpcEngine.java:466) [hadoop-common-3.3.1.jar:?]
	at org.apache.hadoop.ipc.ProtobufRpcEngine2$Server$ProtoBufRpcInvoker.call(ProtobufRpcEngine2.java:574) [hadoop-common-3.3.1.jar:?]
	at org.apache.hadoop.ipc.ProtobufRpcEngine2$Server$ProtoBufRpcInvoker.call(ProtobufRpcEngine2.java:552) [hadoop-common-3.3.1.jar:?]
	at org.apache.hadoop.ipc.RPC$Server.call(RPC.java:1093) [hadoop-common-3.3.1.jar:?]
	at org.apache.hadoop.ipc.Server$RpcCall.run(Server.java:1035) [hadoop-common-3.3.1.jar:?]
	at org.apache.hadoop.ipc.Server$RpcCall.run(Server.java:963) [hadoop-common-3.3.1.jar:?]
	at java.security.AccessController.doPrivileged(Native Method) ~[?:1.8.0_345]
	at javax.security.auth.Subject.doAs(Subject.java:422) [?:1.8.0_345]
	at org.apache.hadoop.security.UserGroupInformation.doAs(UserGroupInformation.java:1878) [hadoop-common-3.3.1.jar:?]
	at org.apache.hadoop.ipc.Server$Handler.run(Server.java:2966) [hadoop-common-3.3.1.jar:?]
2022-10-09 13:07:27,844 [Time-limited test] WARN  ozone.BasicOzoneFileSystem (BasicOzoneFileSystem.java:getFileStatus(765)) - GetFileStatus failed for path /gdir1/dir9/child
java.io.FileNotFoundException: gdir1/dir9/child: No such file or directory!
	at org.apache.hadoop.fs.ozone.BasicOzoneClientAdapterImpl.getFileStatus(BasicOzoneClientAdapterImpl.java:369)
	at org.apache.hadoop.fs.ozone.BasicOzoneFileSystem.getFileStatus(BasicOzoneFileSystem.java:757)
	at org.apache.hadoop.fs.ozone.TestOzoneFileSystem.checkPath(TestOzoneFileSystem.java:502)
	at org.apache.hadoop.fs.ozone.TestOzoneFileSystem.testRecursiveDelete(TestOzoneFileSystem.java:458)
	at sun.reflect.NativeMethodAccessorImpl.invoke0(Native Method)
	at sun.reflect.NativeMethodAccessorImpl.invoke(NativeMethodAccessorImpl.java:62)
	at sun.reflect.DelegatingMethodAccessorImpl.invoke(DelegatingMethodAccessorImpl.java:43)
	at java.lang.reflect.Method.invoke(Method.java:498)
	at org.junit.runners.model.FrameworkMethod$1.runReflectiveCall(FrameworkMethod.java:59)
	at org.junit.internal.runners.model.ReflectiveCallable.run(ReflectiveCallable.java:12)
	at org.junit.runners.model.FrameworkMethod.invokeExplosively(FrameworkMethod.java:56)
	at org.junit.internal.runners.statements.InvokeMethod.evaluate(InvokeMethod.java:17)
	at org.junit.internal.runners.statements.RunAfters.evaluate(RunAfters.java:27)
	at org.junit.internal.runners.statements.FailOnTimeout$CallableStatement.call(FailOnTimeout.java:288)
	at org.junit.internal.runners.statements.FailOnTimeout$CallableStatement.call(FailOnTimeout.java:282)
	at java.util.concurrent.FutureTask.run(FutureTask.java:266)
	at java.lang.Thread.run(Thread.java:750)
13:07:27.846 [IPC Server handler 12 on default port 33359] ERROR OMAudit - user=runner | ip=127.0.0.1 | op=GET_FILE_STATUS {volume=volume52841, bucket=bucket11878, key=gdir1/dir10, dataSize=0, replicationConfig=null} | ret=FAILURE
org.apache.hadoop.ozone.om.exceptions.OMException: Unable to get file status: volume: volume52841 bucket: bucket11878 key: gdir1/dir10
	at org.apache.hadoop.ozone.om.KeyManagerImpl.getOzoneFileStatus(KeyManagerImpl.java:1270) ~[ozone-manager-1.3.0-SNAPSHOT.jar:?]
	at org.apache.hadoop.ozone.om.KeyManagerImpl.getFileStatus(KeyManagerImpl.java:1200) ~[ozone-manager-1.3.0-SNAPSHOT.jar:?]
	at org.apache.hadoop.ozone.om.OzoneManager.getFileStatus(OzoneManager.java:3507) ~[ozone-manager-1.3.0-SNAPSHOT.jar:?]
	at org.apache.hadoop.ozone.protocolPB.OzoneManagerRequestHandler.getOzoneFileStatus(OzoneManagerRequestHandler.java:882) ~[ozone-manager-1.3.0-SNAPSHOT.jar:?]
	at org.apache.hadoop.ozone.protocolPB.OzoneManagerRequestHandler.handleReadRequest(OzoneManagerRequestHandler.java:228) ~[ozone-manager-1.3.0-SNAPSHOT.jar:?]
	at org.apache.hadoop.ozone.protocolPB.OzoneManagerProtocolServerSideTranslatorPB.submitReadRequestToOM(OzoneManagerProtocolServerSideTranslatorPB.java:226) ~[ozone-manager-1.3.0-SNAPSHOT.jar:?]
	at org.apache.hadoop.ozone.protocolPB.OzoneManagerProtocolServerSideTranslatorPB.processRequest(OzoneManagerProtocolServerSideTranslatorPB.java:175) ~[ozone-manager-1.3.0-SNAPSHOT.jar:?]
	at org.apache.hadoop.hdds.server.OzoneProtocolMessageDispatcher.processRequest(OzoneProtocolMessageDispatcher.java:87) [hdds-server-framework-1.3.0-SNAPSHOT.jar:?]
	at org.apache.hadoop.ozone.protocolPB.OzoneManagerProtocolServerSideTranslatorPB.submitRequest(OzoneManagerProtocolServerSideTranslatorPB.java:147) [ozone-manager-1.3.0-SNAPSHOT.jar:?]
	at org.apache.hadoop.ozone.protocol.proto.OzoneManagerProtocolProtos$OzoneManagerService$2.callBlockingMethod(OzoneManagerProtocolProtos.java) [ozone-interface-client-1.3.0-SNAPSHOT.jar:?]
	at org.apache.hadoop.ipc.ProtobufRpcEngine$Server.processCall(ProtobufRpcEngine.java:466) [hadoop-common-3.3.1.jar:?]
	at org.apache.hadoop.ipc.ProtobufRpcEngine2$Server$ProtoBufRpcInvoker.call(ProtobufRpcEngine2.java:574) [hadoop-common-3.3.1.jar:?]
	at org.apache.hadoop.ipc.ProtobufRpcEngine2$Server$ProtoBufRpcInvoker.call(ProtobufRpcEngine2.java:552) [hadoop-common-3.3.1.jar:?]
	at org.apache.hadoop.ipc.RPC$Server.call(RPC.java:1093) [hadoop-common-3.3.1.jar:?]
	at org.apache.hadoop.ipc.Server$RpcCall.run(Server.java:1035) [hadoop-common-3.3.1.jar:?]
	at org.apache.hadoop.ipc.Server$RpcCall.run(Server.java:963) [hadoop-common-3.3.1.jar:?]
	at java.security.AccessController.doPrivileged(Native Method) ~[?:1.8.0_345]
	at javax.security.auth.Subject.doAs(Subject.java:422) [?:1.8.0_345]
	at org.apache.hadoop.security.UserGroupInformation.doAs(UserGroupInformation.java:1878) [hadoop-common-3.3.1.jar:?]
	at org.apache.hadoop.ipc.Server$Handler.run(Server.java:2966) [hadoop-common-3.3.1.jar:?]
2022-10-09 13:07:27,849 [Time-limited test] WARN  ozone.BasicOzoneFileSystem (BasicOzoneFileSystem.java:getFileStatus(765)) - GetFileStatus failed for path /gdir1/dir10
java.io.FileNotFoundException: gdir1/dir10: No such file or directory!
	at org.apache.hadoop.fs.ozone.BasicOzoneClientAdapterImpl.getFileStatus(BasicOzoneClientAdapterImpl.java:369)
	at org.apache.hadoop.fs.ozone.BasicOzoneFileSystem.getFileStatus(BasicOzoneFileSystem.java:757)
	at org.apache.hadoop.fs.ozone.TestOzoneFileSystem.checkPath(TestOzoneFileSystem.java:502)
	at org.apache.hadoop.fs.ozone.TestOzoneFileSystem.testRecursiveDelete(TestOzoneFileSystem.java:457)
	at sun.reflect.NativeMethodAccessorImpl.invoke0(Native Method)
	at sun.reflect.NativeMethodAccessorImpl.invoke(NativeMethodAccessorImpl.java:62)
	at sun.reflect.DelegatingMethodAccessorImpl.invoke(DelegatingMethodAccessorImpl.java:43)
	at java.lang.reflect.Method.invoke(Method.java:498)
	at org.junit.runners.model.FrameworkMethod$1.runReflectiveCall(FrameworkMethod.java:59)
	at org.junit.internal.runners.model.ReflectiveCallable.run(ReflectiveCallable.java:12)
	at org.junit.runners.model.FrameworkMethod.invokeExplosively(FrameworkMethod.java:56)
	at org.junit.internal.runners.statements.InvokeMethod.evaluate(InvokeMethod.java:17)
	at org.junit.internal.runners.statements.RunAfters.evaluate(RunAfters.java:27)
	at org.junit.internal.runners.statements.FailOnTimeout$CallableStatement.call(FailOnTimeout.java:288)
	at org.junit.internal.runners.statements.FailOnTimeout$CallableStatement.call(FailOnTimeout.java:282)
	at java.util.concurrent.FutureTask.run(FutureTask.java:266)
	at java.lang.Thread.run(Thread.java:750)
13:07:27.849 [IPC Server handler 11 on default port 33359] ERROR OMAudit - user=runner | ip=127.0.0.1 | op=GET_FILE_STATUS {volume=volume52841, bucket=bucket11878, key=gdir1/dir10/child, dataSize=0, replicationConfig=null} | ret=FAILURE
org.apache.hadoop.ozone.om.exceptions.OMException: Unable to get file status: volume: volume52841 bucket: bucket11878 key: gdir1/dir10/child
	at org.apache.hadoop.ozone.om.KeyManagerImpl.getOzoneFileStatus(KeyManagerImpl.java:1270) ~[ozone-manager-1.3.0-SNAPSHOT.jar:?]
	at org.apache.hadoop.ozone.om.KeyManagerImpl.getFileStatus(KeyManagerImpl.java:1200) ~[ozone-manager-1.3.0-SNAPSHOT.jar:?]
	at org.apache.hadoop.ozone.om.OzoneManager.getFileStatus(OzoneManager.java:3507) ~[ozone-manager-1.3.0-SNAPSHOT.jar:?]
	at org.apache.hadoop.ozone.protocolPB.OzoneManagerRequestHandler.getOzoneFileStatus(OzoneManagerRequestHandler.java:882) ~[ozone-manager-1.3.0-SNAPSHOT.jar:?]
	at org.apache.hadoop.ozone.protocolPB.OzoneManagerRequestHandler.handleReadRequest(OzoneManagerRequestHandler.java:228) ~[ozone-manager-1.3.0-SNAPSHOT.jar:?]
	at org.apache.hadoop.ozone.protocolPB.OzoneManagerProtocolServerSideTranslatorPB.submitReadRequestToOM(OzoneManagerProtocolServerSideTranslatorPB.java:226) ~[ozone-manager-1.3.0-SNAPSHOT.jar:?]
	at org.apache.hadoop.ozone.protocolPB.OzoneManagerProtocolServerSideTranslatorPB.processRequest(OzoneManagerProtocolServerSideTranslatorPB.java:175) ~[ozone-manager-1.3.0-SNAPSHOT.jar:?]
	at org.apache.hadoop.hdds.server.OzoneProtocolMessageDispatcher.processRequest(OzoneProtocolMessageDispatcher.java:87) [hdds-server-framework-1.3.0-SNAPSHOT.jar:?]
	at org.apache.hadoop.ozone.protocolPB.OzoneManagerProtocolServerSideTranslatorPB.submitRequest(OzoneManagerProtocolServerSideTranslatorPB.java:147) [ozone-manager-1.3.0-SNAPSHOT.jar:?]
	at org.apache.hadoop.ozone.protocol.proto.OzoneManagerProtocolProtos$OzoneManagerService$2.callBlockingMethod(OzoneManagerProtocolProtos.java) [ozone-interface-client-1.3.0-SNAPSHOT.jar:?]
	at org.apache.hadoop.ipc.ProtobufRpcEngine$Server.processCall(ProtobufRpcEngine.java:466) [hadoop-common-3.3.1.jar:?]
	at org.apache.hadoop.ipc.ProtobufRpcEngine2$Server$ProtoBufRpcInvoker.call(ProtobufRpcEngine2.java:574) [hadoop-common-3.3.1.jar:?]
	at org.apache.hadoop.ipc.ProtobufRpcEngine2$Server$ProtoBufRpcInvoker.call(ProtobufRpcEngine2.java:552) [hadoop-common-3.3.1.jar:?]
	at org.apache.hadoop.ipc.RPC$Server.call(RPC.java:1093) [hadoop-common-3.3.1.jar:?]
	at org.apache.hadoop.ipc.Server$RpcCall.run(Server.java:1035) [hadoop-common-3.3.1.jar:?]
	at org.apache.hadoop.ipc.Server$RpcCall.run(Server.java:963) [hadoop-common-3.3.1.jar:?]
	at java.security.AccessController.doPrivileged(Native Method) ~[?:1.8.0_345]
	at javax.security.auth.Subject.doAs(Subject.java:422) [?:1.8.0_345]
	at org.apache.hadoop.security.UserGroupInformation.doAs(UserGroupInformation.java:1878) [hadoop-common-3.3.1.jar:?]
	at org.apache.hadoop.ipc.Server$Handler.run(Server.java:2966) [hadoop-common-3.3.1.jar:?]
2022-10-09 13:07:27,850 [Time-limited test] WARN  ozone.BasicOzoneFileSystem (BasicOzoneFileSystem.java:getFileStatus(765)) - GetFileStatus failed for path /gdir1/dir10/child
java.io.FileNotFoundException: gdir1/dir10/child: No such file or directory!
	at org.apache.hadoop.fs.ozone.BasicOzoneClientAdapterImpl.getFileStatus(BasicOzoneClientAdapterImpl.java:369)
	at org.apache.hadoop.fs.ozone.BasicOzoneFileSystem.getFileStatus(BasicOzoneFileSystem.java:757)
	at org.apache.hadoop.fs.ozone.TestOzoneFileSystem.checkPath(TestOzoneFileSystem.java:502)
	at org.apache.hadoop.fs.ozone.TestOzoneFileSystem.testRecursiveDelete(TestOzoneFileSystem.java:458)
	at sun.reflect.NativeMethodAccessorImpl.invoke0(Native Method)
	at sun.reflect.NativeMethodAccessorImpl.invoke(NativeMethodAccessorImpl.java:62)
	at sun.reflect.DelegatingMethodAccessorImpl.invoke(DelegatingMethodAccessorImpl.java:43)
	at java.lang.reflect.Method.invoke(Method.java:498)
	at org.junit.runners.model.FrameworkMethod$1.runReflectiveCall(FrameworkMethod.java:59)
	at org.junit.internal.runners.model.ReflectiveCallable.run(ReflectiveCallable.java:12)
	at org.junit.runners.model.FrameworkMethod.invokeExplosively(FrameworkMethod.java:56)
	at org.junit.internal.runners.statements.InvokeMethod.evaluate(InvokeMethod.java:17)
	at org.junit.internal.runners.statements.RunAfters.evaluate(RunAfters.java:27)
	at org.junit.internal.runners.statements.FailOnTimeout$CallableStatement.call(FailOnTimeout.java:288)
	at org.junit.internal.runners.statements.FailOnTimeout$CallableStatement.call(FailOnTimeout.java:282)
	at java.util.concurrent.FutureTask.run(FutureTask.java:266)
	at java.lang.Thread.run(Thread.java:750)
13:07:27.901 [IPC Server handler 19 on default port 33359] ERROR OMAudit - user=runner | ip=127.0.0.1 | op=GET_FILE_STATUS {volume=volume52841, bucket=bucket11878, key=level0, dataSize=0, replicationConfig=null} | ret=FAILURE
org.apache.hadoop.ozone.om.exceptions.OMException: Unable to get file status: volume: volume52841 bucket: bucket11878 key: level0
	at org.apache.hadoop.ozone.om.KeyManagerImpl.getOzoneFileStatus(KeyManagerImpl.java:1270) ~[ozone-manager-1.3.0-SNAPSHOT.jar:?]
	at org.apache.hadoop.ozone.om.KeyManagerImpl.getFileStatus(KeyManagerImpl.java:1200) ~[ozone-manager-1.3.0-SNAPSHOT.jar:?]
	at org.apache.hadoop.ozone.om.OzoneManager.getFileStatus(OzoneManager.java:3507) ~[ozone-manager-1.3.0-SNAPSHOT.jar:?]
	at org.apache.hadoop.ozone.protocolPB.OzoneManagerRequestHandler.getOzoneFileStatus(OzoneManagerRequestHandler.java:882) ~[ozone-manager-1.3.0-SNAPSHOT.jar:?]
	at org.apache.hadoop.ozone.protocolPB.OzoneManagerRequestHandler.handleReadRequest(OzoneManagerRequestHandler.java:228) ~[ozone-manager-1.3.0-SNAPSHOT.jar:?]
	at org.apache.hadoop.ozone.protocolPB.OzoneManagerProtocolServerSideTranslatorPB.submitReadRequestToOM(OzoneManagerProtocolServerSideTranslatorPB.java:226) ~[ozone-manager-1.3.0-SNAPSHOT.jar:?]
	at org.apache.hadoop.ozone.protocolPB.OzoneManagerProtocolServerSideTranslatorPB.processRequest(OzoneManagerProtocolServerSideTranslatorPB.java:175) ~[ozone-manager-1.3.0-SNAPSHOT.jar:?]
	at org.apache.hadoop.hdds.server.OzoneProtocolMessageDispatcher.processRequest(OzoneProtocolMessageDispatcher.java:87) [hdds-server-framework-1.3.0-SNAPSHOT.jar:?]
	at org.apache.hadoop.ozone.protocolPB.OzoneManagerProtocolServerSideTranslatorPB.submitRequest(OzoneManagerProtocolServerSideTranslatorPB.java:147) [ozone-manager-1.3.0-SNAPSHOT.jar:?]
	at org.apache.hadoop.ozone.protocol.proto.OzoneManagerProtocolProtos$OzoneManagerService$2.callBlockingMethod(OzoneManagerProtocolProtos.java) [ozone-interface-client-1.3.0-SNAPSHOT.jar:?]
	at org.apache.hadoop.ipc.ProtobufRpcEngine$Server.processCall(ProtobufRpcEngine.java:466) [hadoop-common-3.3.1.jar:?]
	at org.apache.hadoop.ipc.ProtobufRpcEngine2$Server$ProtoBufRpcInvoker.call(ProtobufRpcEngine2.java:574) [hadoop-common-3.3.1.jar:?]
	at org.apache.hadoop.ipc.ProtobufRpcEngine2$Server$ProtoBufRpcInvoker.call(ProtobufRpcEngine2.java:552) [hadoop-common-3.3.1.jar:?]
	at org.apache.hadoop.ipc.RPC$Server.call(RPC.java:1093) [hadoop-common-3.3.1.jar:?]
	at org.apache.hadoop.ipc.Server$RpcCall.run(Server.java:1035) [hadoop-common-3.3.1.jar:?]
	at org.apache.hadoop.ipc.Server$RpcCall.run(Server.java:963) [hadoop-common-3.3.1.jar:?]
	at java.security.AccessController.doPrivileged(Native Method) ~[?:1.8.0_345]
	at javax.security.auth.Subject.doAs(Subject.java:422) [?:1.8.0_345]
	at org.apache.hadoop.security.UserGroupInformation.doAs(UserGroupInformation.java:1878) [hadoop-common-3.3.1.jar:?]
	at org.apache.hadoop.ipc.Server$Handler.run(Server.java:2966) [hadoop-common-3.3.1.jar:?]
2022-10-09 13:07:27,902 [Time-limited test] WARN  ozone.BasicOzoneFileSystem (BasicOzoneFileSystem.java:getFileStatus(765)) - GetFileStatus failed for path /level0
java.io.FileNotFoundException: level0: No such file or directory!
	at org.apache.hadoop.fs.ozone.BasicOzoneClientAdapterImpl.getFileStatus(BasicOzoneClientAdapterImpl.java:369)
	at org.apache.hadoop.fs.ozone.BasicOzoneFileSystem.getFileStatus(BasicOzoneFileSystem.java:757)
	at org.apache.hadoop.fs.ozone.TestOzoneFileSystem.checkPath(TestOzoneFileSystem.java:502)
	at org.apache.hadoop.fs.ozone.TestOzoneFileSystem.testRecursiveDelete(TestOzoneFileSystem.java:486)
	at sun.reflect.NativeMethodAccessorImpl.invoke0(Native Method)
	at sun.reflect.NativeMethodAccessorImpl.invoke(NativeMethodAccessorImpl.java:62)
	at sun.reflect.DelegatingMethodAccessorImpl.invoke(DelegatingMethodAccessorImpl.java:43)
	at java.lang.reflect.Method.invoke(Method.java:498)
	at org.junit.runners.model.FrameworkMethod$1.runReflectiveCall(FrameworkMethod.java:59)
	at org.junit.internal.runners.model.ReflectiveCallable.run(ReflectiveCallable.java:12)
	at org.junit.runners.model.FrameworkMethod.invokeExplosively(FrameworkMethod.java:56)
	at org.junit.internal.runners.statements.InvokeMethod.evaluate(InvokeMethod.java:17)
	at org.junit.internal.runners.statements.RunAfters.evaluate(RunAfters.java:27)
	at org.junit.internal.runners.statements.FailOnTimeout$CallableStatement.call(FailOnTimeout.java:288)
	at org.junit.internal.runners.statements.FailOnTimeout$CallableStatement.call(FailOnTimeout.java:282)
	at java.util.concurrent.FutureTask.run(FutureTask.java:266)
	at java.lang.Thread.run(Thread.java:750)
13:07:27.902 [IPC Server handler 1 on default port 33359] ERROR OMAudit - user=runner | ip=127.0.0.1 | op=GET_FILE_STATUS {volume=volume52841, bucket=bucket11878, key=level0/level1, dataSize=0, replicationConfig=null} | ret=FAILURE
org.apache.hadoop.ozone.om.exceptions.OMException: Unable to get file status: volume: volume52841 bucket: bucket11878 key: level0/level1
	at org.apache.hadoop.ozone.om.KeyManagerImpl.getOzoneFileStatus(KeyManagerImpl.java:1270) ~[ozone-manager-1.3.0-SNAPSHOT.jar:?]
	at org.apache.hadoop.ozone.om.KeyManagerImpl.getFileStatus(KeyManagerImpl.java:1200) ~[ozone-manager-1.3.0-SNAPSHOT.jar:?]
	at org.apache.hadoop.ozone.om.OzoneManager.getFileStatus(OzoneManager.java:3507) ~[ozone-manager-1.3.0-SNAPSHOT.jar:?]
	at org.apache.hadoop.ozone.protocolPB.OzoneManagerRequestHandler.getOzoneFileStatus(OzoneManagerRequestHandler.java:882) ~[ozone-manager-1.3.0-SNAPSHOT.jar:?]
	at org.apache.hadoop.ozone.protocolPB.OzoneManagerRequestHandler.handleReadRequest(OzoneManagerRequestHandler.java:228) ~[ozone-manager-1.3.0-SNAPSHOT.jar:?]
	at org.apache.hadoop.ozone.protocolPB.OzoneManagerProtocolServerSideTranslatorPB.submitReadRequestToOM(OzoneManagerProtocolServerSideTranslatorPB.java:226) ~[ozone-manager-1.3.0-SNAPSHOT.jar:?]
	at org.apache.hadoop.ozone.protocolPB.OzoneManagerProtocolServerSideTranslatorPB.processRequest(OzoneManagerProtocolServerSideTranslatorPB.java:175) ~[ozone-manager-1.3.0-SNAPSHOT.jar:?]
	at org.apache.hadoop.hdds.server.OzoneProtocolMessageDispatcher.processRequest(OzoneProtocolMessageDispatcher.java:87) [hdds-server-framework-1.3.0-SNAPSHOT.jar:?]
	at org.apache.hadoop.ozone.protocolPB.OzoneManagerProtocolServerSideTranslatorPB.submitRequest(OzoneManagerProtocolServerSideTranslatorPB.java:147) [ozone-manager-1.3.0-SNAPSHOT.jar:?]
	at org.apache.hadoop.ozone.protocol.proto.OzoneManagerProtocolProtos$OzoneManagerService$2.callBlockingMethod(OzoneManagerProtocolProtos.java) [ozone-interface-client-1.3.0-SNAPSHOT.jar:?]
	at org.apache.hadoop.ipc.ProtobufRpcEngine$Server.processCall(ProtobufRpcEngine.java:466) [hadoop-common-3.3.1.jar:?]
	at org.apache.hadoop.ipc.ProtobufRpcEngine2$Server$ProtoBufRpcInvoker.call(ProtobufRpcEngine2.java:574) [hadoop-common-3.3.1.jar:?]
	at org.apache.hadoop.ipc.ProtobufRpcEngine2$Server$ProtoBufRpcInvoker.call(ProtobufRpcEngine2.java:552) [hadoop-common-3.3.1.jar:?]
	at org.apache.hadoop.ipc.RPC$Server.call(RPC.java:1093) [hadoop-common-3.3.1.jar:?]
	at org.apache.hadoop.ipc.Server$RpcCall.run(Server.java:1035) [hadoop-common-3.3.1.jar:?]
	at org.apache.hadoop.ipc.Server$RpcCall.run(Server.java:963) [hadoop-common-3.3.1.jar:?]
	at java.security.AccessController.doPrivileged(Native Method) ~[?:1.8.0_345]
	at javax.security.auth.Subject.doAs(Subject.java:422) [?:1.8.0_345]
	at org.apache.hadoop.security.UserGroupInformation.doAs(UserGroupInformation.java:1878) [hadoop-common-3.3.1.jar:?]
	at org.apache.hadoop.ipc.Server$Handler.run(Server.java:2966) [hadoop-common-3.3.1.jar:?]
2022-10-09 13:07:27,903 [Time-limited test] WARN  ozone.BasicOzoneFileSystem (BasicOzoneFileSystem.java:getFileStatus(765)) - GetFileStatus failed for path /level0/level1
java.io.FileNotFoundException: level0/level1: No such file or directory!
	at org.apache.hadoop.fs.ozone.BasicOzoneClientAdapterImpl.getFileStatus(BasicOzoneClientAdapterImpl.java:369)
	at org.apache.hadoop.fs.ozone.BasicOzoneFileSystem.getFileStatus(BasicOzoneFileSystem.java:757)
	at org.apache.hadoop.fs.ozone.TestOzoneFileSystem.checkPath(TestOzoneFileSystem.java:502)
	at org.apache.hadoop.fs.ozone.TestOzoneFileSystem.testRecursiveDelete(TestOzoneFileSystem.java:493)
	at sun.reflect.NativeMethodAccessorImpl.invoke0(Native Method)
	at sun.reflect.NativeMethodAccessorImpl.invoke(NativeMethodAccessorImpl.java:62)
	at sun.reflect.DelegatingMethodAccessorImpl.invoke(DelegatingMethodAccessorImpl.java:43)
	at java.lang.reflect.Method.invoke(Method.java:498)
	at org.junit.runners.model.FrameworkMethod$1.runReflectiveCall(FrameworkMethod.java:59)
	at org.junit.internal.runners.model.ReflectiveCallable.run(ReflectiveCallable.java:12)
	at org.junit.runners.model.FrameworkMethod.invokeExplosively(FrameworkMethod.java:56)
	at org.junit.internal.runners.statements.InvokeMethod.evaluate(InvokeMethod.java:17)
	at org.junit.internal.runners.statements.RunAfters.evaluate(RunAfters.java:27)
	at org.junit.internal.runners.statements.FailOnTimeout$CallableStatement.call(FailOnTimeout.java:288)
	at org.junit.internal.runners.statements.FailOnTimeout$CallableStatement.call(FailOnTimeout.java:282)
	at java.util.concurrent.FutureTask.run(FutureTask.java:266)
	at java.lang.Thread.run(Thread.java:750)
13:07:27.903 [IPC Server handler 0 on default port 33359] ERROR OMAudit - user=runner | ip=127.0.0.1 | op=GET_FILE_STATUS {volume=volume52841, bucket=bucket11878, key=level0/level1/level1, dataSize=0, replicationConfig=null} | ret=FAILURE
org.apache.hadoop.ozone.om.exceptions.OMException: Unable to get file status: volume: volume52841 bucket: bucket11878 key: level0/level1/level1
	at org.apache.hadoop.ozone.om.KeyManagerImpl.getOzoneFileStatus(KeyManagerImpl.java:1270) ~[ozone-manager-1.3.0-SNAPSHOT.jar:?]
	at org.apache.hadoop.ozone.om.KeyManagerImpl.getFileStatus(KeyManagerImpl.java:1200) ~[ozone-manager-1.3.0-SNAPSHOT.jar:?]
	at org.apache.hadoop.ozone.om.OzoneManager.getFileStatus(OzoneManager.java:3507) ~[ozone-manager-1.3.0-SNAPSHOT.jar:?]
	at org.apache.hadoop.ozone.protocolPB.OzoneManagerRequestHandler.getOzoneFileStatus(OzoneManagerRequestHandler.java:882) ~[ozone-manager-1.3.0-SNAPSHOT.jar:?]
	at org.apache.hadoop.ozone.protocolPB.OzoneManagerRequestHandler.handleReadRequest(OzoneManagerRequestHandler.java:228) ~[ozone-manager-1.3.0-SNAPSHOT.jar:?]
	at org.apache.hadoop.ozone.protocolPB.OzoneManagerProtocolServerSideTranslatorPB.submitReadRequestToOM(OzoneManagerProtocolServerSideTranslatorPB.java:226) ~[ozone-manager-1.3.0-SNAPSHOT.jar:?]
	at org.apache.hadoop.ozone.protocolPB.OzoneManagerProtocolServerSideTranslatorPB.processRequest(OzoneManagerProtocolServerSideTranslatorPB.java:175) ~[ozone-manager-1.3.0-SNAPSHOT.jar:?]
	at org.apache.hadoop.hdds.server.OzoneProtocolMessageDispatcher.processRequest(OzoneProtocolMessageDispatcher.java:87) [hdds-server-framework-1.3.0-SNAPSHOT.jar:?]
	at org.apache.hadoop.ozone.protocolPB.OzoneManagerProtocolServerSideTranslatorPB.submitRequest(OzoneManagerProtocolServerSideTranslatorPB.java:147) [ozone-manager-1.3.0-SNAPSHOT.jar:?]
	at org.apache.hadoop.ozone.protocol.proto.OzoneManagerProtocolProtos$OzoneManagerService$2.callBlockingMethod(OzoneManagerProtocolProtos.java) [ozone-interface-client-1.3.0-SNAPSHOT.jar:?]
	at org.apache.hadoop.ipc.ProtobufRpcEngine$Server.processCall(ProtobufRpcEngine.java:466) [hadoop-common-3.3.1.jar:?]
	at org.apache.hadoop.ipc.ProtobufRpcEngine2$Server$ProtoBufRpcInvoker.call(ProtobufRpcEngine2.java:574) [hadoop-common-3.3.1.jar:?]
	at org.apache.hadoop.ipc.ProtobufRpcEngine2$Server$ProtoBufRpcInvoker.call(ProtobufRpcEngine2.java:552) [hadoop-common-3.3.1.jar:?]
	at org.apache.hadoop.ipc.RPC$Server.call(RPC.java:1093) [hadoop-common-3.3.1.jar:?]
	at org.apache.hadoop.ipc.Server$RpcCall.run(Server.java:1035) [hadoop-common-3.3.1.jar:?]
	at org.apache.hadoop.ipc.Server$RpcCall.run(Server.java:963) [hadoop-common-3.3.1.jar:?]
	at java.security.AccessController.doPrivileged(Native Method) ~[?:1.8.0_345]
	at javax.security.auth.Subject.doAs(Subject.java:422) [?:1.8.0_345]
	at org.apache.hadoop.security.UserGroupInformation.doAs(UserGroupInformation.java:1878) [hadoop-common-3.3.1.jar:?]
	at org.apache.hadoop.ipc.Server$Handler.run(Server.java:2966) [hadoop-common-3.3.1.jar:?]
2022-10-09 13:07:27,907 [Time-limited test] WARN  ozone.BasicOzoneFileSystem (BasicOzoneFileSystem.java:getFileStatus(765)) - GetFileStatus failed for path /level0/level1/level1
java.io.FileNotFoundException: level0/level1/level1: No such file or directory!
	at org.apache.hadoop.fs.ozone.BasicOzoneClientAdapterImpl.getFileStatus(BasicOzoneClientAdapterImpl.java:369)
	at org.apache.hadoop.fs.ozone.BasicOzoneFileSystem.getFileStatus(BasicOzoneFileSystem.java:757)
	at org.apache.hadoop.fs.ozone.TestOzoneFileSystem.checkPath(TestOzoneFileSystem.java:502)
	at org.apache.hadoop.fs.ozone.TestOzoneFileSystem.testRecursiveDelete(TestOzoneFileSystem.java:494)
	at sun.reflect.NativeMethodAccessorImpl.invoke0(Native Method)
	at sun.reflect.NativeMethodAccessorImpl.invoke(NativeMethodAccessorImpl.java:62)
	at sun.reflect.DelegatingMethodAccessorImpl.invoke(DelegatingMethodAccessorImpl.java:43)
	at java.lang.reflect.Method.invoke(Method.java:498)
	at org.junit.runners.model.FrameworkMethod$1.runReflectiveCall(FrameworkMethod.java:59)
	at org.junit.internal.runners.model.ReflectiveCallable.run(ReflectiveCallable.java:12)
	at org.junit.runners.model.FrameworkMethod.invokeExplosively(FrameworkMethod.java:56)
	at org.junit.internal.runners.statements.InvokeMethod.evaluate(InvokeMethod.java:17)
	at org.junit.internal.runners.statements.RunAfters.evaluate(RunAfters.java:27)
	at org.junit.internal.runners.statements.FailOnTimeout$CallableStatement.call(FailOnTimeout.java:288)
	at org.junit.internal.runners.statements.FailOnTimeout$CallableStatement.call(FailOnTimeout.java:282)
	at java.util.concurrent.FutureTask.run(FutureTask.java:266)
	at java.lang.Thread.run(Thread.java:750)
13:07:27.908 [IPC Server handler 7 on default port 33359] ERROR OMAudit - user=runner | ip=127.0.0.1 | op=GET_FILE_STATUS {volume=volume52841, bucket=bucket11878, key=level0/level1/file1, dataSize=0, replicationConfig=null} | ret=FAILURE
org.apache.hadoop.ozone.om.exceptions.OMException: Unable to get file status: volume: volume52841 bucket: bucket11878 key: level0/level1/file1
	at org.apache.hadoop.ozone.om.KeyManagerImpl.getOzoneFileStatus(KeyManagerImpl.java:1270) ~[ozone-manager-1.3.0-SNAPSHOT.jar:?]
	at org.apache.hadoop.ozone.om.KeyManagerImpl.getFileStatus(KeyManagerImpl.java:1200) ~[ozone-manager-1.3.0-SNAPSHOT.jar:?]
	at org.apache.hadoop.ozone.om.OzoneManager.getFileStatus(OzoneManager.java:3507) ~[ozone-manager-1.3.0-SNAPSHOT.jar:?]
	at org.apache.hadoop.ozone.protocolPB.OzoneManagerRequestHandler.getOzoneFileStatus(OzoneManagerRequestHandler.java:882) ~[ozone-manager-1.3.0-SNAPSHOT.jar:?]
	at org.apache.hadoop.ozone.protocolPB.OzoneManagerRequestHandler.handleReadRequest(OzoneManagerRequestHandler.java:228) ~[ozone-manager-1.3.0-SNAPSHOT.jar:?]
	at org.apache.hadoop.ozone.protocolPB.OzoneManagerProtocolServerSideTranslatorPB.submitReadRequestToOM(OzoneManagerProtocolServerSideTranslatorPB.java:226) ~[ozone-manager-1.3.0-SNAPSHOT.jar:?]
	at org.apache.hadoop.ozone.protocolPB.OzoneManagerProtocolServerSideTranslatorPB.processRequest(OzoneManagerProtocolServerSideTranslatorPB.java:175) ~[ozone-manager-1.3.0-SNAPSHOT.jar:?]
	at org.apache.hadoop.hdds.server.OzoneProtocolMessageDispatcher.processRequest(OzoneProtocolMessageDispatcher.java:87) [hdds-server-framework-1.3.0-SNAPSHOT.jar:?]
	at org.apache.hadoop.ozone.protocolPB.OzoneManagerProtocolServerSideTranslatorPB.submitRequest(OzoneManagerProtocolServerSideTranslatorPB.java:147) [ozone-manager-1.3.0-SNAPSHOT.jar:?]
	at org.apache.hadoop.ozone.protocol.proto.OzoneManagerProtocolProtos$OzoneManagerService$2.callBlockingMethod(OzoneManagerProtocolProtos.java) [ozone-interface-client-1.3.0-SNAPSHOT.jar:?]
	at org.apache.hadoop.ipc.ProtobufRpcEngine$Server.processCall(ProtobufRpcEngine.java:466) [hadoop-common-3.3.1.jar:?]
	at org.apache.hadoop.ipc.ProtobufRpcEngine2$Server$ProtoBufRpcInvoker.call(ProtobufRpcEngine2.java:574) [hadoop-common-3.3.1.jar:?]
	at org.apache.hadoop.ipc.ProtobufRpcEngine2$Server$ProtoBufRpcInvoker.call(ProtobufRpcEngine2.java:552) [hadoop-common-3.3.1.jar:?]
	at org.apache.hadoop.ipc.RPC$Server.call(RPC.java:1093) [hadoop-common-3.3.1.jar:?]
	at org.apache.hadoop.ipc.Server$RpcCall.run(Server.java:1035) [hadoop-common-3.3.1.jar:?]
	at org.apache.hadoop.ipc.Server$RpcCall.run(Server.java:963) [hadoop-common-3.3.1.jar:?]
	at java.security.AccessController.doPrivileged(Native Method) ~[?:1.8.0_345]
	at javax.security.auth.Subject.doAs(Subject.java:422) [?:1.8.0_345]
	at org.apache.hadoop.security.UserGroupInformation.doAs(UserGroupInformation.java:1878) [hadoop-common-3.3.1.jar:?]
	at org.apache.hadoop.ipc.Server$Handler.run(Server.java:2966) [hadoop-common-3.3.1.jar:?]
2022-10-09 13:07:27,908 [Time-limited test] WARN  ozone.BasicOzoneFileSystem (BasicOzoneFileSystem.java:getFileStatus(765)) - GetFileStatus failed for path /level0/level1/file1
java.io.FileNotFoundException: level0/level1/file1: No such file or directory!
	at org.apache.hadoop.fs.ozone.BasicOzoneClientAdapterImpl.getFileStatus(BasicOzoneClientAdapterImpl.java:369)
	at org.apache.hadoop.fs.ozone.BasicOzoneFileSystem.getFileStatus(BasicOzoneFileSystem.java:757)
	at org.apache.hadoop.fs.ozone.TestOzoneFileSystem.checkPath(TestOzoneFileSystem.java:502)
	at org.apache.hadoop.fs.ozone.TestOzoneFileSystem.testRecursiveDelete(TestOzoneFileSystem.java:495)
	at sun.reflect.NativeMethodAccessorImpl.invoke0(Native Method)
	at sun.reflect.NativeMethodAccessorImpl.invoke(NativeMethodAccessorImpl.java:62)
	at sun.reflect.DelegatingMethodAccessorImpl.invoke(DelegatingMethodAccessorImpl.java:43)
	at java.lang.reflect.Method.invoke(Method.java:498)
	at org.junit.runners.model.FrameworkMethod$1.runReflectiveCall(FrameworkMethod.java:59)
	at org.junit.internal.runners.model.ReflectiveCallable.run(ReflectiveCallable.java:12)
	at org.junit.runners.model.FrameworkMethod.invokeExplosively(FrameworkMethod.java:56)
	at org.junit.internal.runners.statements.InvokeMethod.evaluate(InvokeMethod.java:17)
	at org.junit.internal.runners.statements.RunAfters.evaluate(RunAfters.java:27)
	at org.junit.internal.runners.statements.FailOnTimeout$CallableStatement.call(FailOnTimeout.java:288)
	at org.junit.internal.runners.statements.FailOnTimeout$CallableStatement.call(FailOnTimeout.java:282)
	at java.util.concurrent.FutureTask.run(FutureTask.java:266)
	at java.lang.Thread.run(Thread.java:750)
13:07:27.909 [IPC Server handler 2 on default port 33359] ERROR OMAudit - user=runner | ip=127.0.0.1 | op=GET_FILE_STATUS {volume=volume52841, bucket=bucket11878, key=level0/level1/level1/file1, dataSize=0, replicationConfig=null} | ret=FAILURE
org.apache.hadoop.ozone.om.exceptions.OMException: Unable to get file status: volume: volume52841 bucket: bucket11878 key: level0/level1/level1/file1
	at org.apache.hadoop.ozone.om.KeyManagerImpl.getOzoneFileStatus(KeyManagerImpl.java:1270) ~[ozone-manager-1.3.0-SNAPSHOT.jar:?]
	at org.apache.hadoop.ozone.om.KeyManagerImpl.getFileStatus(KeyManagerImpl.java:1200) ~[ozone-manager-1.3.0-SNAPSHOT.jar:?]
	at org.apache.hadoop.ozone.om.OzoneManager.getFileStatus(OzoneManager.java:3507) ~[ozone-manager-1.3.0-SNAPSHOT.jar:?]
	at org.apache.hadoop.ozone.protocolPB.OzoneManagerRequestHandler.getOzoneFileStatus(OzoneManagerRequestHandler.java:882) ~[ozone-manager-1.3.0-SNAPSHOT.jar:?]
	at org.apache.hadoop.ozone.protocolPB.OzoneManagerRequestHandler.handleReadRequest(OzoneManagerRequestHandler.java:228) ~[ozone-manager-1.3.0-SNAPSHOT.jar:?]
	at org.apache.hadoop.ozone.protocolPB.OzoneManagerProtocolServerSideTranslatorPB.submitReadRequestToOM(OzoneManagerProtocolServerSideTranslatorPB.java:226) ~[ozone-manager-1.3.0-SNAPSHOT.jar:?]
	at org.apache.hadoop.ozone.protocolPB.OzoneManagerProtocolServerSideTranslatorPB.processRequest(OzoneManagerProtocolServerSideTranslatorPB.java:175) ~[ozone-manager-1.3.0-SNAPSHOT.jar:?]
	at org.apache.hadoop.hdds.server.OzoneProtocolMessageDispatcher.processRequest(OzoneProtocolMessageDispatcher.java:87) [hdds-server-framework-1.3.0-SNAPSHOT.jar:?]
	at org.apache.hadoop.ozone.protocolPB.OzoneManagerProtocolServerSideTranslatorPB.submitRequest(OzoneManagerProtocolServerSideTranslatorPB.java:147) [ozone-manager-1.3.0-SNAPSHOT.jar:?]
	at org.apache.hadoop.ozone.protocol.proto.OzoneManagerProtocolProtos$OzoneManagerService$2.callBlockingMethod(OzoneManagerProtocolProtos.java) [ozone-interface-client-1.3.0-SNAPSHOT.jar:?]
	at org.apache.hadoop.ipc.ProtobufRpcEngine$Server.processCall(ProtobufRpcEngine.java:466) [hadoop-common-3.3.1.jar:?]
	at org.apache.hadoop.ipc.ProtobufRpcEngine2$Server$ProtoBufRpcInvoker.call(ProtobufRpcEngine2.java:574) [hadoop-common-3.3.1.jar:?]
	at org.apache.hadoop.ipc.ProtobufRpcEngine2$Server$ProtoBufRpcInvoker.call(ProtobufRpcEngine2.java:552) [hadoop-common-3.3.1.jar:?]
	at org.apache.hadoop.ipc.RPC$Server.call(RPC.java:1093) [hadoop-common-3.3.1.jar:?]
	at org.apache.hadoop.ipc.Server$RpcCall.run(Server.java:1035) [hadoop-common-3.3.1.jar:?]
	at org.apache.hadoop.ipc.Server$RpcCall.run(Server.java:963) [hadoop-common-3.3.1.jar:?]
	at java.security.AccessController.doPrivileged(Native Method) ~[?:1.8.0_345]
	at javax.security.auth.Subject.doAs(Subject.java:422) [?:1.8.0_345]
	at org.apache.hadoop.security.UserGroupInformation.doAs(UserGroupInformation.java:1878) [hadoop-common-3.3.1.jar:?]
	at org.apache.hadoop.ipc.Server$Handler.run(Server.java:2966) [hadoop-common-3.3.1.jar:?]
2022-10-09 13:07:27,911 [Time-limited test] WARN  ozone.BasicOzoneFileSystem (BasicOzoneFileSystem.java:getFileStatus(765)) - GetFileStatus failed for path /level0/level1/level1/file1
java.io.FileNotFoundException: level0/level1/level1/file1: No such file or directory!
	at org.apache.hadoop.fs.ozone.BasicOzoneClientAdapterImpl.getFileStatus(BasicOzoneClientAdapterImpl.java:369)
	at org.apache.hadoop.fs.ozone.BasicOzoneFileSystem.getFileStatus(BasicOzoneFileSystem.java:757)
	at org.apache.hadoop.fs.ozone.TestOzoneFileSystem.checkPath(TestOzoneFileSystem.java:502)
	at org.apache.hadoop.fs.ozone.TestOzoneFileSystem.testRecursiveDelete(TestOzoneFileSystem.java:496)
	at sun.reflect.NativeMethodAccessorImpl.invoke0(Native Method)
	at sun.reflect.NativeMethodAccessorImpl.invoke(NativeMethodAccessorImpl.java:62)
	at sun.reflect.DelegatingMethodAccessorImpl.invoke(DelegatingMethodAccessorImpl.java:43)
	at java.lang.reflect.Method.invoke(Method.java:498)
	at org.junit.runners.model.FrameworkMethod$1.runReflectiveCall(FrameworkMethod.java:59)
	at org.junit.internal.runners.model.ReflectiveCallable.run(ReflectiveCallable.java:12)
	at org.junit.runners.model.FrameworkMethod.invokeExplosively(FrameworkMethod.java:56)
	at org.junit.internal.runners.statements.InvokeMethod.evaluate(InvokeMethod.java:17)
	at org.junit.internal.runners.statements.RunAfters.evaluate(RunAfters.java:27)
	at org.junit.internal.runners.statements.FailOnTimeout$CallableStatement.call(FailOnTimeout.java:288)
	at org.junit.internal.runners.statements.FailOnTimeout$CallableStatement.call(FailOnTimeout.java:282)
	at java.util.concurrent.FutureTask.run(FutureTask.java:266)
	at java.lang.Thread.run(Thread.java:750)
13:07:27.911 [IPC Server handler 12 on default port 33359] ERROR OMAudit - user=runner | ip=127.0.0.1 | op=GET_FILE_STATUS {volume=volume52841, bucket=bucket11878, key=level0/level2, dataSize=0, replicationConfig=null} | ret=FAILURE
org.apache.hadoop.ozone.om.exceptions.OMException: Unable to get file status: volume: volume52841 bucket: bucket11878 key: level0/level2
	at org.apache.hadoop.ozone.om.KeyManagerImpl.getOzoneFileStatus(KeyManagerImpl.java:1270) ~[ozone-manager-1.3.0-SNAPSHOT.jar:?]
	at org.apache.hadoop.ozone.om.KeyManagerImpl.getFileStatus(KeyManagerImpl.java:1200) ~[ozone-manager-1.3.0-SNAPSHOT.jar:?]
	at org.apache.hadoop.ozone.om.OzoneManager.getFileStatus(OzoneManager.java:3507) ~[ozone-manager-1.3.0-SNAPSHOT.jar:?]
	at org.apache.hadoop.ozone.protocolPB.OzoneManagerRequestHandler.getOzoneFileStatus(OzoneManagerRequestHandler.java:882) ~[ozone-manager-1.3.0-SNAPSHOT.jar:?]
	at org.apache.hadoop.ozone.protocolPB.OzoneManagerRequestHandler.handleReadRequest(OzoneManagerRequestHandler.java:228) ~[ozone-manager-1.3.0-SNAPSHOT.jar:?]
	at org.apache.hadoop.ozone.protocolPB.OzoneManagerProtocolServerSideTranslatorPB.submitReadRequestToOM(OzoneManagerProtocolServerSideTranslatorPB.java:226) ~[ozone-manager-1.3.0-SNAPSHOT.jar:?]
	at org.apache.hadoop.ozone.protocolPB.OzoneManagerProtocolServerSideTranslatorPB.processRequest(OzoneManagerProtocolServerSideTranslatorPB.java:175) ~[ozone-manager-1.3.0-SNAPSHOT.jar:?]
	at org.apache.hadoop.hdds.server.OzoneProtocolMessageDispatcher.processRequest(OzoneProtocolMessageDispatcher.java:87) [hdds-server-framework-1.3.0-SNAPSHOT.jar:?]
	at org.apache.hadoop.ozone.protocolPB.OzoneManagerProtocolServerSideTranslatorPB.submitRequest(OzoneManagerProtocolServerSideTranslatorPB.java:147) [ozone-manager-1.3.0-SNAPSHOT.jar:?]
	at org.apache.hadoop.ozone.protocol.proto.OzoneManagerProtocolProtos$OzoneManagerService$2.callBlockingMethod(OzoneManagerProtocolProtos.java) [ozone-interface-client-1.3.0-SNAPSHOT.jar:?]
	at org.apache.hadoop.ipc.ProtobufRpcEngine$Server.processCall(ProtobufRpcEngine.java:466) [hadoop-common-3.3.1.jar:?]
	at org.apache.hadoop.ipc.ProtobufRpcEngine2$Server$ProtoBufRpcInvoker.call(ProtobufRpcEngine2.java:574) [hadoop-common-3.3.1.jar:?]
	at org.apache.hadoop.ipc.ProtobufRpcEngine2$Server$ProtoBufRpcInvoker.call(ProtobufRpcEngine2.java:552) [hadoop-common-3.3.1.jar:?]
	at org.apache.hadoop.ipc.RPC$Server.call(RPC.java:1093) [hadoop-common-3.3.1.jar:?]
	at org.apache.hadoop.ipc.Server$RpcCall.run(Server.java:1035) [hadoop-common-3.3.1.jar:?]
	at org.apache.hadoop.ipc.Server$RpcCall.run(Server.java:963) [hadoop-common-3.3.1.jar:?]
	at java.security.AccessController.doPrivileged(Native Method) ~[?:1.8.0_345]
	at javax.security.auth.Subject.doAs(Subject.java:422) [?:1.8.0_345]
	at org.apache.hadoop.security.UserGroupInformation.doAs(UserGroupInformation.java:1878) [hadoop-common-3.3.1.jar:?]
	at org.apache.hadoop.ipc.Server$Handler.run(Server.java:2966) [hadoop-common-3.3.1.jar:?]
2022-10-09 13:07:27,912 [Time-limited test] WARN  ozone.BasicOzoneFileSystem (BasicOzoneFileSystem.java:getFileStatus(765)) - GetFileStatus failed for path /level0/level2
java.io.FileNotFoundException: level0/level2: No such file or directory!
	at org.apache.hadoop.fs.ozone.BasicOzoneClientAdapterImpl.getFileStatus(BasicOzoneClientAdapterImpl.java:369)
	at org.apache.hadoop.fs.ozone.BasicOzoneFileSystem.getFileStatus(BasicOzoneFileSystem.java:757)
	at org.apache.hadoop.fs.ozone.TestOzoneFileSystem.checkPath(TestOzoneFileSystem.java:502)
	at org.apache.hadoop.fs.ozone.TestOzoneFileSystem.testRecursiveDelete(TestOzoneFileSystem.java:493)
	at sun.reflect.NativeMethodAccessorImpl.invoke0(Native Method)
	at sun.reflect.NativeMethodAccessorImpl.invoke(NativeMethodAccessorImpl.java:62)
	at sun.reflect.DelegatingMethodAccessorImpl.invoke(DelegatingMethodAccessorImpl.java:43)
	at java.lang.reflect.Method.invoke(Method.java:498)
	at org.junit.runners.model.FrameworkMethod$1.runReflectiveCall(FrameworkMethod.java:59)
	at org.junit.internal.runners.model.ReflectiveCallable.run(ReflectiveCallable.java:12)
	at org.junit.runners.model.FrameworkMethod.invokeExplosively(FrameworkMethod.java:56)
	at org.junit.internal.runners.statements.InvokeMethod.evaluate(InvokeMethod.java:17)
	at org.junit.internal.runners.statements.RunAfters.evaluate(RunAfters.java:27)
	at org.junit.internal.runners.statements.FailOnTimeout$CallableStatement.call(FailOnTimeout.java:288)
	at org.junit.internal.runners.statements.FailOnTimeout$CallableStatement.call(FailOnTimeout.java:282)
	at java.util.concurrent.FutureTask.run(FutureTask.java:266)
	at java.lang.Thread.run(Thread.java:750)
13:07:27.913 [IPC Server handler 11 on default port 33359] ERROR OMAudit - user=runner | ip=127.0.0.1 | op=GET_FILE_STATUS {volume=volume52841, bucket=bucket11878, key=level0/level2/level2, dataSize=0, replicationConfig=null} | ret=FAILURE
org.apache.hadoop.ozone.om.exceptions.OMException: Unable to get file status: volume: volume52841 bucket: bucket11878 key: level0/level2/level2
	at org.apache.hadoop.ozone.om.KeyManagerImpl.getOzoneFileStatus(KeyManagerImpl.java:1270) ~[ozone-manager-1.3.0-SNAPSHOT.jar:?]
	at org.apache.hadoop.ozone.om.KeyManagerImpl.getFileStatus(KeyManagerImpl.java:1200) ~[ozone-manager-1.3.0-SNAPSHOT.jar:?]
	at org.apache.hadoop.ozone.om.OzoneManager.getFileStatus(OzoneManager.java:3507) ~[ozone-manager-1.3.0-SNAPSHOT.jar:?]
	at org.apache.hadoop.ozone.protocolPB.OzoneManagerRequestHandler.getOzoneFileStatus(OzoneManagerRequestHandler.java:882) ~[ozone-manager-1.3.0-SNAPSHOT.jar:?]
	at org.apache.hadoop.ozone.protocolPB.OzoneManagerRequestHandler.handleReadRequest(OzoneManagerRequestHandler.java:228) ~[ozone-manager-1.3.0-SNAPSHOT.jar:?]
	at org.apache.hadoop.ozone.protocolPB.OzoneManagerProtocolServerSideTranslatorPB.submitReadRequestToOM(OzoneManagerProtocolServerSideTranslatorPB.java:226) ~[ozone-manager-1.3.0-SNAPSHOT.jar:?]
	at org.apache.hadoop.ozone.protocolPB.OzoneManagerProtocolServerSideTranslatorPB.processRequest(OzoneManagerProtocolServerSideTranslatorPB.java:175) ~[ozone-manager-1.3.0-SNAPSHOT.jar:?]
	at org.apache.hadoop.hdds.server.OzoneProtocolMessageDispatcher.processRequest(OzoneProtocolMessageDispatcher.java:87) [hdds-server-framework-1.3.0-SNAPSHOT.jar:?]
	at org.apache.hadoop.ozone.protocolPB.OzoneManagerProtocolServerSideTranslatorPB.submitRequest(OzoneManagerProtocolServerSideTranslatorPB.java:147) [ozone-manager-1.3.0-SNAPSHOT.jar:?]
	at org.apache.hadoop.ozone.protocol.proto.OzoneManagerProtocolProtos$OzoneManagerService$2.callBlockingMethod(OzoneManagerProtocolProtos.java) [ozone-interface-client-1.3.0-SNAPSHOT.jar:?]
	at org.apache.hadoop.ipc.ProtobufRpcEngine$Server.processCall(ProtobufRpcEngine.java:466) [hadoop-common-3.3.1.jar:?]
	at org.apache.hadoop.ipc.ProtobufRpcEngine2$Server$ProtoBufRpcInvoker.call(ProtobufRpcEngine2.java:574) [hadoop-common-3.3.1.jar:?]
	at org.apache.hadoop.ipc.ProtobufRpcEngine2$Server$ProtoBufRpcInvoker.call(ProtobufRpcEngine2.java:552) [hadoop-common-3.3.1.jar:?]
	at org.apache.hadoop.ipc.RPC$Server.call(RPC.java:1093) [hadoop-common-3.3.1.jar:?]
	at org.apache.hadoop.ipc.Server$RpcCall.run(Server.java:1035) [hadoop-common-3.3.1.jar:?]
	at org.apache.hadoop.ipc.Server$RpcCall.run(Server.java:963) [hadoop-common-3.3.1.jar:?]
	at java.security.AccessController.doPrivileged(Native Method) ~[?:1.8.0_345]
	at javax.security.auth.Subject.doAs(Subject.java:422) [?:1.8.0_345]
	at org.apache.hadoop.security.UserGroupInformation.doAs(UserGroupInformation.java:1878) [hadoop-common-3.3.1.jar:?]
	at org.apache.hadoop.ipc.Server$Handler.run(Server.java:2966) [hadoop-common-3.3.1.jar:?]
2022-10-09 13:07:27,913 [Time-limited test] WARN  ozone.BasicOzoneFileSystem (BasicOzoneFileSystem.java:getFileStatus(765)) - GetFileStatus failed for path /level0/level2/level2
java.io.FileNotFoundException: level0/level2/level2: No such file or directory!
	at org.apache.hadoop.fs.ozone.BasicOzoneClientAdapterImpl.getFileStatus(BasicOzoneClientAdapterImpl.java:369)
	at org.apache.hadoop.fs.ozone.BasicOzoneFileSystem.getFileStatus(BasicOzoneFileSystem.java:757)
	at org.apache.hadoop.fs.ozone.TestOzoneFileSystem.checkPath(TestOzoneFileSystem.java:502)
	at org.apache.hadoop.fs.ozone.TestOzoneFileSystem.testRecursiveDelete(TestOzoneFileSystem.java:494)
	at sun.reflect.NativeMethodAccessorImpl.invoke0(Native Method)
	at sun.reflect.NativeMethodAccessorImpl.invoke(NativeMethodAccessorImpl.java:62)
	at sun.reflect.DelegatingMethodAccessorImpl.invoke(DelegatingMethodAccessorImpl.java:43)
	at java.lang.reflect.Method.invoke(Method.java:498)
	at org.junit.runners.model.FrameworkMethod$1.runReflectiveCall(FrameworkMethod.java:59)
	at org.junit.internal.runners.model.ReflectiveCallable.run(ReflectiveCallable.java:12)
	at org.junit.runners.model.FrameworkMethod.invokeExplosively(FrameworkMethod.java:56)
	at org.junit.internal.runners.statements.InvokeMethod.evaluate(InvokeMethod.java:17)
	at org.junit.internal.runners.statements.RunAfters.evaluate(RunAfters.java:27)
	at org.junit.internal.runners.statements.FailOnTimeout$CallableStatement.call(FailOnTimeout.java:288)
	at org.junit.internal.runners.statements.FailOnTimeout$CallableStatement.call(FailOnTimeout.java:282)
	at java.util.concurrent.FutureTask.run(FutureTask.java:266)
	at java.lang.Thread.run(Thread.java:750)
13:07:27.914 [IPC Server handler 10 on default port 33359] ERROR OMAudit - user=runner | ip=127.0.0.1 | op=GET_FILE_STATUS {volume=volume52841, bucket=bucket11878, key=level0/level2/file1, dataSize=0, replicationConfig=null} | ret=FAILURE
org.apache.hadoop.ozone.om.exceptions.OMException: Unable to get file status: volume: volume52841 bucket: bucket11878 key: level0/level2/file1
	at org.apache.hadoop.ozone.om.KeyManagerImpl.getOzoneFileStatus(KeyManagerImpl.java:1270) ~[ozone-manager-1.3.0-SNAPSHOT.jar:?]
	at org.apache.hadoop.ozone.om.KeyManagerImpl.getFileStatus(KeyManagerImpl.java:1200) ~[ozone-manager-1.3.0-SNAPSHOT.jar:?]
	at org.apache.hadoop.ozone.om.OzoneManager.getFileStatus(OzoneManager.java:3507) ~[ozone-manager-1.3.0-SNAPSHOT.jar:?]
	at org.apache.hadoop.ozone.protocolPB.OzoneManagerRequestHandler.getOzoneFileStatus(OzoneManagerRequestHandler.java:882) ~[ozone-manager-1.3.0-SNAPSHOT.jar:?]
	at org.apache.hadoop.ozone.protocolPB.OzoneManagerRequestHandler.handleReadRequest(OzoneManagerRequestHandler.java:228) ~[ozone-manager-1.3.0-SNAPSHOT.jar:?]
	at org.apache.hadoop.ozone.protocolPB.OzoneManagerProtocolServerSideTranslatorPB.submitReadRequestToOM(OzoneManagerProtocolServerSideTranslatorPB.java:226) ~[ozone-manager-1.3.0-SNAPSHOT.jar:?]
	at org.apache.hadoop.ozone.protocolPB.OzoneManagerProtocolServerSideTranslatorPB.processRequest(OzoneManagerProtocolServerSideTranslatorPB.java:175) ~[ozone-manager-1.3.0-SNAPSHOT.jar:?]
	at org.apache.hadoop.hdds.server.OzoneProtocolMessageDispatcher.processRequest(OzoneProtocolMessageDispatcher.java:87) [hdds-server-framework-1.3.0-SNAPSHOT.jar:?]
	at org.apache.hadoop.ozone.protocolPB.OzoneManagerProtocolServerSideTranslatorPB.submitRequest(OzoneManagerProtocolServerSideTranslatorPB.java:147) [ozone-manager-1.3.0-SNAPSHOT.jar:?]
	at org.apache.hadoop.ozone.protocol.proto.OzoneManagerProtocolProtos$OzoneManagerService$2.callBlockingMethod(OzoneManagerProtocolProtos.java) [ozone-interface-client-1.3.0-SNAPSHOT.jar:?]
	at org.apache.hadoop.ipc.ProtobufRpcEngine$Server.processCall(ProtobufRpcEngine.java:466) [hadoop-common-3.3.1.jar:?]
	at org.apache.hadoop.ipc.ProtobufRpcEngine2$Server$ProtoBufRpcInvoker.call(ProtobufRpcEngine2.java:574) [hadoop-common-3.3.1.jar:?]
	at org.apache.hadoop.ipc.ProtobufRpcEngine2$Server$ProtoBufRpcInvoker.call(ProtobufRpcEngine2.java:552) [hadoop-common-3.3.1.jar:?]
	at org.apache.hadoop.ipc.RPC$Server.call(RPC.java:1093) [hadoop-common-3.3.1.jar:?]
	at org.apache.hadoop.ipc.Server$RpcCall.run(Server.java:1035) [hadoop-common-3.3.1.jar:?]
	at org.apache.hadoop.ipc.Server$RpcCall.run(Server.java:963) [hadoop-common-3.3.1.jar:?]
	at java.security.AccessController.doPrivileged(Native Method) ~[?:1.8.0_345]
	at javax.security.auth.Subject.doAs(Subject.java:422) [?:1.8.0_345]
	at org.apache.hadoop.security.UserGroupInformation.doAs(UserGroupInformation.java:1878) [hadoop-common-3.3.1.jar:?]
	at org.apache.hadoop.ipc.Server$Handler.run(Server.java:2966) [hadoop-common-3.3.1.jar:?]
2022-10-09 13:07:27,915 [Time-limited test] WARN  ozone.BasicOzoneFileSystem (BasicOzoneFileSystem.java:getFileStatus(765)) - GetFileStatus failed for path /level0/level2/file1
java.io.FileNotFoundException: level0/level2/file1: No such file or directory!
	at org.apache.hadoop.fs.ozone.BasicOzoneClientAdapterImpl.getFileStatus(BasicOzoneClientAdapterImpl.java:369)
	at org.apache.hadoop.fs.ozone.BasicOzoneFileSystem.getFileStatus(BasicOzoneFileSystem.java:757)
	at org.apache.hadoop.fs.ozone.TestOzoneFileSystem.checkPath(TestOzoneFileSystem.java:502)
	at org.apache.hadoop.fs.ozone.TestOzoneFileSystem.testRecursiveDelete(TestOzoneFileSystem.java:495)
	at sun.reflect.NativeMethodAccessorImpl.invoke0(Native Method)
	at sun.reflect.NativeMethodAccessorImpl.invoke(NativeMethodAccessorImpl.java:62)
	at sun.reflect.DelegatingMethodAccessorImpl.invoke(DelegatingMethodAccessorImpl.java:43)
	at java.lang.reflect.Method.invoke(Method.java:498)
	at org.junit.runners.model.FrameworkMethod$1.runReflectiveCall(FrameworkMethod.java:59)
	at org.junit.internal.runners.model.ReflectiveCallable.run(ReflectiveCallable.java:12)
	at org.junit.runners.model.FrameworkMethod.invokeExplosively(FrameworkMethod.java:56)
	at org.junit.internal.runners.statements.InvokeMethod.evaluate(InvokeMethod.java:17)
	at org.junit.internal.runners.statements.RunAfters.evaluate(RunAfters.java:27)
	at org.junit.internal.runners.statements.FailOnTimeout$CallableStatement.call(FailOnTimeout.java:288)
	at org.junit.internal.runners.statements.FailOnTimeout$CallableStatement.call(FailOnTimeout.java:282)
	at java.util.concurrent.FutureTask.run(FutureTask.java:266)
	at java.lang.Thread.run(Thread.java:750)
13:07:27.916 [IPC Server handler 17 on default port 33359] ERROR OMAudit - user=runner | ip=127.0.0.1 | op=GET_FILE_STATUS {volume=volume52841, bucket=bucket11878, key=level0/level2/level2/file1, dataSize=0, replicationConfig=null} | ret=FAILURE
org.apache.hadoop.ozone.om.exceptions.OMException: Unable to get file status: volume: volume52841 bucket: bucket11878 key: level0/level2/level2/file1
	at org.apache.hadoop.ozone.om.KeyManagerImpl.getOzoneFileStatus(KeyManagerImpl.java:1270) ~[ozone-manager-1.3.0-SNAPSHOT.jar:?]
	at org.apache.hadoop.ozone.om.KeyManagerImpl.getFileStatus(KeyManagerImpl.java:1200) ~[ozone-manager-1.3.0-SNAPSHOT.jar:?]
	at org.apache.hadoop.ozone.om.OzoneManager.getFileStatus(OzoneManager.java:3507) ~[ozone-manager-1.3.0-SNAPSHOT.jar:?]
	at org.apache.hadoop.ozone.protocolPB.OzoneManagerRequestHandler.getOzoneFileStatus(OzoneManagerRequestHandler.java:882) ~[ozone-manager-1.3.0-SNAPSHOT.jar:?]
	at org.apache.hadoop.ozone.protocolPB.OzoneManagerRequestHandler.handleReadRequest(OzoneManagerRequestHandler.java:228) ~[ozone-manager-1.3.0-SNAPSHOT.jar:?]
	at org.apache.hadoop.ozone.protocolPB.OzoneManagerProtocolServerSideTranslatorPB.submitReadRequestToOM(OzoneManagerProtocolServerSideTranslatorPB.java:226) ~[ozone-manager-1.3.0-SNAPSHOT.jar:?]
	at org.apache.hadoop.ozone.protocolPB.OzoneManagerProtocolServerSideTranslatorPB.processRequest(OzoneManagerProtocolServerSideTranslatorPB.java:175) ~[ozone-manager-1.3.0-SNAPSHOT.jar:?]
	at org.apache.hadoop.hdds.server.OzoneProtocolMessageDispatcher.processRequest(OzoneProtocolMessageDispatcher.java:87) [hdds-server-framework-1.3.0-SNAPSHOT.jar:?]
	at org.apache.hadoop.ozone.protocolPB.OzoneManagerProtocolServerSideTranslatorPB.submitRequest(OzoneManagerProtocolServerSideTranslatorPB.java:147) [ozone-manager-1.3.0-SNAPSHOT.jar:?]
	at org.apache.hadoop.ozone.protocol.proto.OzoneManagerProtocolProtos$OzoneManagerService$2.callBlockingMethod(OzoneManagerProtocolProtos.java) [ozone-interface-client-1.3.0-SNAPSHOT.jar:?]
	at org.apache.hadoop.ipc.ProtobufRpcEngine$Server.processCall(ProtobufRpcEngine.java:466) [hadoop-common-3.3.1.jar:?]
	at org.apache.hadoop.ipc.ProtobufRpcEngine2$Server$ProtoBufRpcInvoker.call(ProtobufRpcEngine2.java:574) [hadoop-common-3.3.1.jar:?]
	at org.apache.hadoop.ipc.ProtobufRpcEngine2$Server$ProtoBufRpcInvoker.call(ProtobufRpcEngine2.java:552) [hadoop-common-3.3.1.jar:?]
	at org.apache.hadoop.ipc.RPC$Server.call(RPC.java:1093) [hadoop-common-3.3.1.jar:?]
	at org.apache.hadoop.ipc.Server$RpcCall.run(Server.java:1035) [hadoop-common-3.3.1.jar:?]
	at org.apache.hadoop.ipc.Server$RpcCall.run(Server.java:963) [hadoop-common-3.3.1.jar:?]
	at java.security.AccessController.doPrivileged(Native Method) ~[?:1.8.0_345]
	at javax.security.auth.Subject.doAs(Subject.java:422) [?:1.8.0_345]
	at org.apache.hadoop.security.UserGroupInformation.doAs(UserGroupInformation.java:1878) [hadoop-common-3.3.1.jar:?]
	at org.apache.hadoop.ipc.Server$Handler.run(Server.java:2966) [hadoop-common-3.3.1.jar:?]
2022-10-09 13:07:27,919 [Time-limited test] WARN  ozone.BasicOzoneFileSystem (BasicOzoneFileSystem.java:getFileStatus(765)) - GetFileStatus failed for path /level0/level2/level2/file1
java.io.FileNotFoundException: level0/level2/level2/file1: No such file or directory!
	at org.apache.hadoop.fs.ozone.BasicOzoneClientAdapterImpl.getFileStatus(BasicOzoneClientAdapterImpl.java:369)
	at org.apache.hadoop.fs.ozone.BasicOzoneFileSystem.getFileStatus(BasicOzoneFileSystem.java:757)
	at org.apache.hadoop.fs.ozone.TestOzoneFileSystem.checkPath(TestOzoneFileSystem.java:502)
	at org.apache.hadoop.fs.ozone.TestOzoneFileSystem.testRecursiveDelete(TestOzoneFileSystem.java:496)
	at sun.reflect.NativeMethodAccessorImpl.invoke0(Native Method)
	at sun.reflect.NativeMethodAccessorImpl.invoke(NativeMethodAccessorImpl.java:62)
	at sun.reflect.DelegatingMethodAccessorImpl.invoke(DelegatingMethodAccessorImpl.java:43)
	at java.lang.reflect.Method.invoke(Method.java:498)
	at org.junit.runners.model.FrameworkMethod$1.runReflectiveCall(FrameworkMethod.java:59)
	at org.junit.internal.runners.model.ReflectiveCallable.run(ReflectiveCallable.java:12)
	at org.junit.runners.model.FrameworkMethod.invokeExplosively(FrameworkMethod.java:56)
	at org.junit.internal.runners.statements.InvokeMethod.evaluate(InvokeMethod.java:17)
	at org.junit.internal.runners.statements.RunAfters.evaluate(RunAfters.java:27)
	at org.junit.internal.runners.statements.FailOnTimeout$CallableStatement.call(FailOnTimeout.java:288)
	at org.junit.internal.runners.statements.FailOnTimeout$CallableStatement.call(FailOnTimeout.java:282)
	at java.util.concurrent.FutureTask.run(FutureTask.java:266)
	at java.lang.Thread.run(Thread.java:750)
13:07:27.919 [IPC Server handler 4 on default port 33359] ERROR OMAudit - user=runner | ip=127.0.0.1 | op=GET_FILE_STATUS {volume=volume52841, bucket=bucket11878, key=level0/level3, dataSize=0, replicationConfig=null} | ret=FAILURE
org.apache.hadoop.ozone.om.exceptions.OMException: Unable to get file status: volume: volume52841 bucket: bucket11878 key: level0/level3
	at org.apache.hadoop.ozone.om.KeyManagerImpl.getOzoneFileStatus(KeyManagerImpl.java:1270) ~[ozone-manager-1.3.0-SNAPSHOT.jar:?]
	at org.apache.hadoop.ozone.om.KeyManagerImpl.getFileStatus(KeyManagerImpl.java:1200) ~[ozone-manager-1.3.0-SNAPSHOT.jar:?]
	at org.apache.hadoop.ozone.om.OzoneManager.getFileStatus(OzoneManager.java:3507) ~[ozone-manager-1.3.0-SNAPSHOT.jar:?]
	at org.apache.hadoop.ozone.protocolPB.OzoneManagerRequestHandler.getOzoneFileStatus(OzoneManagerRequestHandler.java:882) ~[ozone-manager-1.3.0-SNAPSHOT.jar:?]
	at org.apache.hadoop.ozone.protocolPB.OzoneManagerRequestHandler.handleReadRequest(OzoneManagerRequestHandler.java:228) ~[ozone-manager-1.3.0-SNAPSHOT.jar:?]
	at org.apache.hadoop.ozone.protocolPB.OzoneManagerProtocolServerSideTranslatorPB.submitReadRequestToOM(OzoneManagerProtocolServerSideTranslatorPB.java:226) ~[ozone-manager-1.3.0-SNAPSHOT.jar:?]
	at org.apache.hadoop.ozone.protocolPB.OzoneManagerProtocolServerSideTranslatorPB.processRequest(OzoneManagerProtocolServerSideTranslatorPB.java:175) ~[ozone-manager-1.3.0-SNAPSHOT.jar:?]
	at org.apache.hadoop.hdds.server.OzoneProtocolMessageDispatcher.processRequest(OzoneProtocolMessageDispatcher.java:87) [hdds-server-framework-1.3.0-SNAPSHOT.jar:?]
	at org.apache.hadoop.ozone.protocolPB.OzoneManagerProtocolServerSideTranslatorPB.submitRequest(OzoneManagerProtocolServerSideTranslatorPB.java:147) [ozone-manager-1.3.0-SNAPSHOT.jar:?]
	at org.apache.hadoop.ozone.protocol.proto.OzoneManagerProtocolProtos$OzoneManagerService$2.callBlockingMethod(OzoneManagerProtocolProtos.java) [ozone-interface-client-1.3.0-SNAPSHOT.jar:?]
	at org.apache.hadoop.ipc.ProtobufRpcEngine$Server.processCall(ProtobufRpcEngine.java:466) [hadoop-common-3.3.1.jar:?]
	at org.apache.hadoop.ipc.ProtobufRpcEngine2$Server$ProtoBufRpcInvoker.call(ProtobufRpcEngine2.java:574) [hadoop-common-3.3.1.jar:?]
	at org.apache.hadoop.ipc.ProtobufRpcEngine2$Server$ProtoBufRpcInvoker.call(ProtobufRpcEngine2.java:552) [hadoop-common-3.3.1.jar:?]
	at org.apache.hadoop.ipc.RPC$Server.call(RPC.java:1093) [hadoop-common-3.3.1.jar:?]
	at org.apache.hadoop.ipc.Server$RpcCall.run(Server.java:1035) [hadoop-common-3.3.1.jar:?]
	at org.apache.hadoop.ipc.Server$RpcCall.run(Server.java:963) [hadoop-common-3.3.1.jar:?]
	at java.security.AccessController.doPrivileged(Native Method) ~[?:1.8.0_345]
	at javax.security.auth.Subject.doAs(Subject.java:422) [?:1.8.0_345]
	at org.apache.hadoop.security.UserGroupInformation.doAs(UserGroupInformation.java:1878) [hadoop-common-3.3.1.jar:?]
	at org.apache.hadoop.ipc.Server$Handler.run(Server.java:2966) [hadoop-common-3.3.1.jar:?]
2022-10-09 13:07:27,923 [Time-limited test] WARN  ozone.BasicOzoneFileSystem (BasicOzoneFileSystem.java:getFileStatus(765)) - GetFileStatus failed for path /level0/level3
java.io.FileNotFoundException: level0/level3: No such file or directory!
	at org.apache.hadoop.fs.ozone.BasicOzoneClientAdapterImpl.getFileStatus(BasicOzoneClientAdapterImpl.java:369)
	at org.apache.hadoop.fs.ozone.BasicOzoneFileSystem.getFileStatus(BasicOzoneFileSystem.java:757)
	at org.apache.hadoop.fs.ozone.TestOzoneFileSystem.checkPath(TestOzoneFileSystem.java:502)
	at org.apache.hadoop.fs.ozone.TestOzoneFileSystem.testRecursiveDelete(TestOzoneFileSystem.java:493)
	at sun.reflect.NativeMethodAccessorImpl.invoke0(Native Method)
	at sun.reflect.NativeMethodAccessorImpl.invoke(NativeMethodAccessorImpl.java:62)
	at sun.reflect.DelegatingMethodAccessorImpl.invoke(DelegatingMethodAccessorImpl.java:43)
	at java.lang.reflect.Method.invoke(Method.java:498)
	at org.junit.runners.model.FrameworkMethod$1.runReflectiveCall(FrameworkMethod.java:59)
	at org.junit.internal.runners.model.ReflectiveCallable.run(ReflectiveCallable.java:12)
	at org.junit.runners.model.FrameworkMethod.invokeExplosively(FrameworkMethod.java:56)
	at org.junit.internal.runners.statements.InvokeMethod.evaluate(InvokeMethod.java:17)
	at org.junit.internal.runners.statements.RunAfters.evaluate(RunAfters.java:27)
	at org.junit.internal.runners.statements.FailOnTimeout$CallableStatement.call(FailOnTimeout.java:288)
	at org.junit.internal.runners.statements.FailOnTimeout$CallableStatement.call(FailOnTimeout.java:282)
	at java.util.concurrent.FutureTask.run(FutureTask.java:266)
	at java.lang.Thread.run(Thread.java:750)
13:07:27.924 [IPC Server handler 8 on default port 33359] ERROR OMAudit - user=runner | ip=127.0.0.1 | op=GET_FILE_STATUS {volume=volume52841, bucket=bucket11878, key=level0/level3/level3, dataSize=0, replicationConfig=null} | ret=FAILURE
org.apache.hadoop.ozone.om.exceptions.OMException: Unable to get file status: volume: volume52841 bucket: bucket11878 key: level0/level3/level3
	at org.apache.hadoop.ozone.om.KeyManagerImpl.getOzoneFileStatus(KeyManagerImpl.java:1270) ~[ozone-manager-1.3.0-SNAPSHOT.jar:?]
	at org.apache.hadoop.ozone.om.KeyManagerImpl.getFileStatus(KeyManagerImpl.java:1200) ~[ozone-manager-1.3.0-SNAPSHOT.jar:?]
	at org.apache.hadoop.ozone.om.OzoneManager.getFileStatus(OzoneManager.java:3507) ~[ozone-manager-1.3.0-SNAPSHOT.jar:?]
	at org.apache.hadoop.ozone.protocolPB.OzoneManagerRequestHandler.getOzoneFileStatus(OzoneManagerRequestHandler.java:882) ~[ozone-manager-1.3.0-SNAPSHOT.jar:?]
	at org.apache.hadoop.ozone.protocolPB.OzoneManagerRequestHandler.handleReadRequest(OzoneManagerRequestHandler.java:228) ~[ozone-manager-1.3.0-SNAPSHOT.jar:?]
	at org.apache.hadoop.ozone.protocolPB.OzoneManagerProtocolServerSideTranslatorPB.submitReadRequestToOM(OzoneManagerProtocolServerSideTranslatorPB.java:226) ~[ozone-manager-1.3.0-SNAPSHOT.jar:?]
	at org.apache.hadoop.ozone.protocolPB.OzoneManagerProtocolServerSideTranslatorPB.processRequest(OzoneManagerProtocolServerSideTranslatorPB.java:175) ~[ozone-manager-1.3.0-SNAPSHOT.jar:?]
	at org.apache.hadoop.hdds.server.OzoneProtocolMessageDispatcher.processRequest(OzoneProtocolMessageDispatcher.java:87) [hdds-server-framework-1.3.0-SNAPSHOT.jar:?]
	at org.apache.hadoop.ozone.protocolPB.OzoneManagerProtocolServerSideTranslatorPB.submitRequest(OzoneManagerProtocolServerSideTranslatorPB.java:147) [ozone-manager-1.3.0-SNAPSHOT.jar:?]
	at org.apache.hadoop.ozone.protocol.proto.OzoneManagerProtocolProtos$OzoneManagerService$2.callBlockingMethod(OzoneManagerProtocolProtos.java) [ozone-interface-client-1.3.0-SNAPSHOT.jar:?]
	at org.apache.hadoop.ipc.ProtobufRpcEngine$Server.processCall(ProtobufRpcEngine.java:466) [hadoop-common-3.3.1.jar:?]
	at org.apache.hadoop.ipc.ProtobufRpcEngine2$Server$ProtoBufRpcInvoker.call(ProtobufRpcEngine2.java:574) [hadoop-common-3.3.1.jar:?]
	at org.apache.hadoop.ipc.ProtobufRpcEngine2$Server$ProtoBufRpcInvoker.call(ProtobufRpcEngine2.java:552) [hadoop-common-3.3.1.jar:?]
	at org.apache.hadoop.ipc.RPC$Server.call(RPC.java:1093) [hadoop-common-3.3.1.jar:?]
	at org.apache.hadoop.ipc.Server$RpcCall.run(Server.java:1035) [hadoop-common-3.3.1.jar:?]
	at org.apache.hadoop.ipc.Server$RpcCall.run(Server.java:963) [hadoop-common-3.3.1.jar:?]
	at java.security.AccessController.doPrivileged(Native Method) ~[?:1.8.0_345]
	at javax.security.auth.Subject.doAs(Subject.java:422) [?:1.8.0_345]
	at org.apache.hadoop.security.UserGroupInformation.doAs(UserGroupInformation.java:1878) [hadoop-common-3.3.1.jar:?]
	at org.apache.hadoop.ipc.Server$Handler.run(Server.java:2966) [hadoop-common-3.3.1.jar:?]
2022-10-09 13:07:27,924 [Time-limited test] WARN  ozone.BasicOzoneFileSystem (BasicOzoneFileSystem.java:getFileStatus(765)) - GetFileStatus failed for path /level0/level3/level3
java.io.FileNotFoundException: level0/level3/level3: No such file or directory!
	at org.apache.hadoop.fs.ozone.BasicOzoneClientAdapterImpl.getFileStatus(BasicOzoneClientAdapterImpl.java:369)
	at org.apache.hadoop.fs.ozone.BasicOzoneFileSystem.getFileStatus(BasicOzoneFileSystem.java:757)
	at org.apache.hadoop.fs.ozone.TestOzoneFileSystem.checkPath(TestOzoneFileSystem.java:502)
	at org.apache.hadoop.fs.ozone.TestOzoneFileSystem.testRecursiveDelete(TestOzoneFileSystem.java:494)
	at sun.reflect.NativeMethodAccessorImpl.invoke0(Native Method)
	at sun.reflect.NativeMethodAccessorImpl.invoke(NativeMethodAccessorImpl.java:62)
	at sun.reflect.DelegatingMethodAccessorImpl.invoke(DelegatingMethodAccessorImpl.java:43)
	at java.lang.reflect.Method.invoke(Method.java:498)
	at org.junit.runners.model.FrameworkMethod$1.runReflectiveCall(FrameworkMethod.java:59)
	at org.junit.internal.runners.model.ReflectiveCallable.run(ReflectiveCallable.java:12)
	at org.junit.runners.model.FrameworkMethod.invokeExplosively(FrameworkMethod.java:56)
	at org.junit.internal.runners.statements.InvokeMethod.evaluate(InvokeMethod.java:17)
	at org.junit.internal.runners.statements.RunAfters.evaluate(RunAfters.java:27)
	at org.junit.internal.runners.statements.FailOnTimeout$CallableStatement.call(FailOnTimeout.java:288)
	at org.junit.internal.runners.statements.FailOnTimeout$CallableStatement.call(FailOnTimeout.java:282)
	at java.util.concurrent.FutureTask.run(FutureTask.java:266)
	at java.lang.Thread.run(Thread.java:750)
13:07:27.925 [IPC Server handler 13 on default port 33359] ERROR OMAudit - user=runner | ip=127.0.0.1 | op=GET_FILE_STATUS {volume=volume52841, bucket=bucket11878, key=level0/level3/file1, dataSize=0, replicationConfig=null} | ret=FAILURE
org.apache.hadoop.ozone.om.exceptions.OMException: Unable to get file status: volume: volume52841 bucket: bucket11878 key: level0/level3/file1
	at org.apache.hadoop.ozone.om.KeyManagerImpl.getOzoneFileStatus(KeyManagerImpl.java:1270) ~[ozone-manager-1.3.0-SNAPSHOT.jar:?]
	at org.apache.hadoop.ozone.om.KeyManagerImpl.getFileStatus(KeyManagerImpl.java:1200) ~[ozone-manager-1.3.0-SNAPSHOT.jar:?]
	at org.apache.hadoop.ozone.om.OzoneManager.getFileStatus(OzoneManager.java:3507) ~[ozone-manager-1.3.0-SNAPSHOT.jar:?]
	at org.apache.hadoop.ozone.protocolPB.OzoneManagerRequestHandler.getOzoneFileStatus(OzoneManagerRequestHandler.java:882) ~[ozone-manager-1.3.0-SNAPSHOT.jar:?]
	at org.apache.hadoop.ozone.protocolPB.OzoneManagerRequestHandler.handleReadRequest(OzoneManagerRequestHandler.java:228) ~[ozone-manager-1.3.0-SNAPSHOT.jar:?]
	at org.apache.hadoop.ozone.protocolPB.OzoneManagerProtocolServerSideTranslatorPB.submitReadRequestToOM(OzoneManagerProtocolServerSideTranslatorPB.java:226) ~[ozone-manager-1.3.0-SNAPSHOT.jar:?]
	at org.apache.hadoop.ozone.protocolPB.OzoneManagerProtocolServerSideTranslatorPB.processRequest(OzoneManagerProtocolServerSideTranslatorPB.java:175) ~[ozone-manager-1.3.0-SNAPSHOT.jar:?]
	at org.apache.hadoop.hdds.server.OzoneProtocolMessageDispatcher.processRequest(OzoneProtocolMessageDispatcher.java:87) [hdds-server-framework-1.3.0-SNAPSHOT.jar:?]
	at org.apache.hadoop.ozone.protocolPB.OzoneManagerProtocolServerSideTranslatorPB.submitRequest(OzoneManagerProtocolServerSideTranslatorPB.java:147) [ozone-manager-1.3.0-SNAPSHOT.jar:?]
	at org.apache.hadoop.ozone.protocol.proto.OzoneManagerProtocolProtos$OzoneManagerService$2.callBlockingMethod(OzoneManagerProtocolProtos.java) [ozone-interface-client-1.3.0-SNAPSHOT.jar:?]
	at org.apache.hadoop.ipc.ProtobufRpcEngine$Server.processCall(ProtobufRpcEngine.java:466) [hadoop-common-3.3.1.jar:?]
	at org.apache.hadoop.ipc.ProtobufRpcEngine2$Server$ProtoBufRpcInvoker.call(ProtobufRpcEngine2.java:574) [hadoop-common-3.3.1.jar:?]
	at org.apache.hadoop.ipc.ProtobufRpcEngine2$Server$ProtoBufRpcInvoker.call(ProtobufRpcEngine2.java:552) [hadoop-common-3.3.1.jar:?]
	at org.apache.hadoop.ipc.RPC$Server.call(RPC.java:1093) [hadoop-common-3.3.1.jar:?]
	at org.apache.hadoop.ipc.Server$RpcCall.run(Server.java:1035) [hadoop-common-3.3.1.jar:?]
	at org.apache.hadoop.ipc.Server$RpcCall.run(Server.java:963) [hadoop-common-3.3.1.jar:?]
	at java.security.AccessController.doPrivileged(Native Method) ~[?:1.8.0_345]
	at javax.security.auth.Subject.doAs(Subject.java:422) [?:1.8.0_345]
	at org.apache.hadoop.security.UserGroupInformation.doAs(UserGroupInformation.java:1878) [hadoop-common-3.3.1.jar:?]
	at org.apache.hadoop.ipc.Server$Handler.run(Server.java:2966) [hadoop-common-3.3.1.jar:?]
2022-10-09 13:07:27,925 [Time-limited test] WARN  ozone.BasicOzoneFileSystem (BasicOzoneFileSystem.java:getFileStatus(765)) - GetFileStatus failed for path /level0/level3/file1
java.io.FileNotFoundException: level0/level3/file1: No such file or directory!
	at org.apache.hadoop.fs.ozone.BasicOzoneClientAdapterImpl.getFileStatus(BasicOzoneClientAdapterImpl.java:369)
	at org.apache.hadoop.fs.ozone.BasicOzoneFileSystem.getFileStatus(BasicOzoneFileSystem.java:757)
	at org.apache.hadoop.fs.ozone.TestOzoneFileSystem.checkPath(TestOzoneFileSystem.java:502)
	at org.apache.hadoop.fs.ozone.TestOzoneFileSystem.testRecursiveDelete(TestOzoneFileSystem.java:495)
	at sun.reflect.NativeMethodAccessorImpl.invoke0(Native Method)
	at sun.reflect.NativeMethodAccessorImpl.invoke(NativeMethodAccessorImpl.java:62)
	at sun.reflect.DelegatingMethodAccessorImpl.invoke(DelegatingMethodAccessorImpl.java:43)
	at java.lang.reflect.Method.invoke(Method.java:498)
	at org.junit.runners.model.FrameworkMethod$1.runReflectiveCall(FrameworkMethod.java:59)
	at org.junit.internal.runners.model.ReflectiveCallable.run(ReflectiveCallable.java:12)
	at org.junit.runners.model.FrameworkMethod.invokeExplosively(FrameworkMethod.java:56)
	at org.junit.internal.runners.statements.InvokeMethod.evaluate(InvokeMethod.java:17)
	at org.junit.internal.runners.statements.RunAfters.evaluate(RunAfters.java:27)
	at org.junit.internal.runners.statements.FailOnTimeout$CallableStatement.call(FailOnTimeout.java:288)
	at org.junit.internal.runners.statements.FailOnTimeout$CallableStatement.call(FailOnTimeout.java:282)
	at java.util.concurrent.FutureTask.run(FutureTask.java:266)
	at java.lang.Thread.run(Thread.java:750)
13:07:27.925 [IPC Server handler 9 on default port 33359] ERROR OMAudit - user=runner | ip=127.0.0.1 | op=GET_FILE_STATUS {volume=volume52841, bucket=bucket11878, key=level0/level3/level3/file1, dataSize=0, replicationConfig=null} | ret=FAILURE
org.apache.hadoop.ozone.om.exceptions.OMException: Unable to get file status: volume: volume52841 bucket: bucket11878 key: level0/level3/level3/file1
	at org.apache.hadoop.ozone.om.KeyManagerImpl.getOzoneFileStatus(KeyManagerImpl.java:1270) ~[ozone-manager-1.3.0-SNAPSHOT.jar:?]
	at org.apache.hadoop.ozone.om.KeyManagerImpl.getFileStatus(KeyManagerImpl.java:1200) ~[ozone-manager-1.3.0-SNAPSHOT.jar:?]
	at org.apache.hadoop.ozone.om.OzoneManager.getFileStatus(OzoneManager.java:3507) ~[ozone-manager-1.3.0-SNAPSHOT.jar:?]
	at org.apache.hadoop.ozone.protocolPB.OzoneManagerRequestHandler.getOzoneFileStatus(OzoneManagerRequestHandler.java:882) ~[ozone-manager-1.3.0-SNAPSHOT.jar:?]
	at org.apache.hadoop.ozone.protocolPB.OzoneManagerRequestHandler.handleReadRequest(OzoneManagerRequestHandler.java:228) ~[ozone-manager-1.3.0-SNAPSHOT.jar:?]
	at org.apache.hadoop.ozone.protocolPB.OzoneManagerProtocolServerSideTranslatorPB.submitReadRequestToOM(OzoneManagerProtocolServerSideTranslatorPB.java:226) ~[ozone-manager-1.3.0-SNAPSHOT.jar:?]
	at org.apache.hadoop.ozone.protocolPB.OzoneManagerProtocolServerSideTranslatorPB.processRequest(OzoneManagerProtocolServerSideTranslatorPB.java:175) ~[ozone-manager-1.3.0-SNAPSHOT.jar:?]
	at org.apache.hadoop.hdds.server.OzoneProtocolMessageDispatcher.processRequest(OzoneProtocolMessageDispatcher.java:87) [hdds-server-framework-1.3.0-SNAPSHOT.jar:?]
	at org.apache.hadoop.ozone.protocolPB.OzoneManagerProtocolServerSideTranslatorPB.submitRequest(OzoneManagerProtocolServerSideTranslatorPB.java:147) [ozone-manager-1.3.0-SNAPSHOT.jar:?]
	at org.apache.hadoop.ozone.protocol.proto.OzoneManagerProtocolProtos$OzoneManagerService$2.callBlockingMethod(OzoneManagerProtocolProtos.java) [ozone-interface-client-1.3.0-SNAPSHOT.jar:?]
	at org.apache.hadoop.ipc.ProtobufRpcEngine$Server.processCall(ProtobufRpcEngine.java:466) [hadoop-common-3.3.1.jar:?]
	at org.apache.hadoop.ipc.ProtobufRpcEngine2$Server$ProtoBufRpcInvoker.call(ProtobufRpcEngine2.java:574) [hadoop-common-3.3.1.jar:?]
	at org.apache.hadoop.ipc.ProtobufRpcEngine2$Server$ProtoBufRpcInvoker.call(ProtobufRpcEngine2.java:552) [hadoop-common-3.3.1.jar:?]
	at org.apache.hadoop.ipc.RPC$Server.call(RPC.java:1093) [hadoop-common-3.3.1.jar:?]
	at org.apache.hadoop.ipc.Server$RpcCall.run(Server.java:1035) [hadoop-common-3.3.1.jar:?]
	at org.apache.hadoop.ipc.Server$RpcCall.run(Server.java:963) [hadoop-common-3.3.1.jar:?]
	at java.security.AccessController.doPrivileged(Native Method) ~[?:1.8.0_345]
	at javax.security.auth.Subject.doAs(Subject.java:422) [?:1.8.0_345]
	at org.apache.hadoop.security.UserGroupInformation.doAs(UserGroupInformation.java:1878) [hadoop-common-3.3.1.jar:?]
	at org.apache.hadoop.ipc.Server$Handler.run(Server.java:2966) [hadoop-common-3.3.1.jar:?]
2022-10-09 13:07:27,926 [Time-limited test] WARN  ozone.BasicOzoneFileSystem (BasicOzoneFileSystem.java:getFileStatus(765)) - GetFileStatus failed for path /level0/level3/level3/file1
java.io.FileNotFoundException: level0/level3/level3/file1: No such file or directory!
	at org.apache.hadoop.fs.ozone.BasicOzoneClientAdapterImpl.getFileStatus(BasicOzoneClientAdapterImpl.java:369)
	at org.apache.hadoop.fs.ozone.BasicOzoneFileSystem.getFileStatus(BasicOzoneFileSystem.java:757)
	at org.apache.hadoop.fs.ozone.TestOzoneFileSystem.checkPath(TestOzoneFileSystem.java:502)
	at org.apache.hadoop.fs.ozone.TestOzoneFileSystem.testRecursiveDelete(TestOzoneFileSystem.java:496)
	at sun.reflect.NativeMethodAccessorImpl.invoke0(Native Method)
	at sun.reflect.NativeMethodAccessorImpl.invoke(NativeMethodAccessorImpl.java:62)
	at sun.reflect.DelegatingMethodAccessorImpl.invoke(DelegatingMethodAccessorImpl.java:43)
	at java.lang.reflect.Method.invoke(Method.java:498)
	at org.junit.runners.model.FrameworkMethod$1.runReflectiveCall(FrameworkMethod.java:59)
	at org.junit.internal.runners.model.ReflectiveCallable.run(ReflectiveCallable.java:12)
	at org.junit.runners.model.FrameworkMethod.invokeExplosively(FrameworkMethod.java:56)
	at org.junit.internal.runners.statements.InvokeMethod.evaluate(InvokeMethod.java:17)
	at org.junit.internal.runners.statements.RunAfters.evaluate(RunAfters.java:27)
	at org.junit.internal.runners.statements.FailOnTimeout$CallableStatement.call(FailOnTimeout.java:288)
	at org.junit.internal.runners.statements.FailOnTimeout$CallableStatement.call(FailOnTimeout.java:282)
	at java.util.concurrent.FutureTask.run(FutureTask.java:266)
	at java.lang.Thread.run(Thread.java:750)
]]></system-out>
  </testcase>
  <testcase name="testRecursiveDelete" classname="TestOzoneFileSystem" time="0.247">
    <system-out><![CDATA[13:09:35.832 [IPC Server handler 10 on default port 34869] ERROR OMAudit - user=runner | ip=127.0.0.1 | op=GET_FILE_STATUS {volume=volume25253, bucket=bucket90791, key=gdir1, dataSize=0, replicationConfig=null} | ret=FAILURE
org.apache.hadoop.ozone.om.exceptions.OMException: Unable to get file status: volume: volume25253 bucket: bucket90791 key: gdir1
	at org.apache.hadoop.ozone.om.KeyManagerImpl.getOzoneFileStatus(KeyManagerImpl.java:1270) ~[ozone-manager-1.3.0-SNAPSHOT.jar:?]
	at org.apache.hadoop.ozone.om.KeyManagerImpl.getFileStatus(KeyManagerImpl.java:1200) ~[ozone-manager-1.3.0-SNAPSHOT.jar:?]
	at org.apache.hadoop.ozone.om.OzoneManager.getFileStatus(OzoneManager.java:3507) ~[ozone-manager-1.3.0-SNAPSHOT.jar:?]
	at org.apache.hadoop.ozone.protocolPB.OzoneManagerRequestHandler.getOzoneFileStatus(OzoneManagerRequestHandler.java:882) ~[ozone-manager-1.3.0-SNAPSHOT.jar:?]
	at org.apache.hadoop.ozone.protocolPB.OzoneManagerRequestHandler.handleReadRequest(OzoneManagerRequestHandler.java:228) ~[ozone-manager-1.3.0-SNAPSHOT.jar:?]
	at org.apache.hadoop.ozone.protocolPB.OzoneManagerProtocolServerSideTranslatorPB.submitRequestDirectlyToOM(OzoneManagerProtocolServerSideTranslatorPB.java:276) ~[ozone-manager-1.3.0-SNAPSHOT.jar:?]
	at org.apache.hadoop.ozone.protocolPB.OzoneManagerProtocolServerSideTranslatorPB.processRequest(OzoneManagerProtocolServerSideTranslatorPB.java:205) ~[ozone-manager-1.3.0-SNAPSHOT.jar:?]
	at org.apache.hadoop.hdds.server.OzoneProtocolMessageDispatcher.processRequest(OzoneProtocolMessageDispatcher.java:87) [hdds-server-framework-1.3.0-SNAPSHOT.jar:?]
	at org.apache.hadoop.ozone.protocolPB.OzoneManagerProtocolServerSideTranslatorPB.submitRequest(OzoneManagerProtocolServerSideTranslatorPB.java:147) [ozone-manager-1.3.0-SNAPSHOT.jar:?]
	at org.apache.hadoop.ozone.protocol.proto.OzoneManagerProtocolProtos$OzoneManagerService$2.callBlockingMethod(OzoneManagerProtocolProtos.java) [ozone-interface-client-1.3.0-SNAPSHOT.jar:?]
	at org.apache.hadoop.ipc.ProtobufRpcEngine$Server.processCall(ProtobufRpcEngine.java:466) [hadoop-common-3.3.1.jar:?]
	at org.apache.hadoop.ipc.ProtobufRpcEngine2$Server$ProtoBufRpcInvoker.call(ProtobufRpcEngine2.java:574) [hadoop-common-3.3.1.jar:?]
	at org.apache.hadoop.ipc.ProtobufRpcEngine2$Server$ProtoBufRpcInvoker.call(ProtobufRpcEngine2.java:552) [hadoop-common-3.3.1.jar:?]
	at org.apache.hadoop.ipc.RPC$Server.call(RPC.java:1093) [hadoop-common-3.3.1.jar:?]
	at org.apache.hadoop.ipc.Server$RpcCall.run(Server.java:1035) [hadoop-common-3.3.1.jar:?]
	at org.apache.hadoop.ipc.Server$RpcCall.run(Server.java:963) [hadoop-common-3.3.1.jar:?]
	at java.security.AccessController.doPrivileged(Native Method) ~[?:1.8.0_345]
	at javax.security.auth.Subject.doAs(Subject.java:422) [?:1.8.0_345]
	at org.apache.hadoop.security.UserGroupInformation.doAs(UserGroupInformation.java:1878) [hadoop-common-3.3.1.jar:?]
	at org.apache.hadoop.ipc.Server$Handler.run(Server.java:2966) [hadoop-common-3.3.1.jar:?]
2022-10-09 13:09:35,833 [Time-limited test] WARN  ozone.BasicOzoneFileSystem (BasicOzoneFileSystem.java:getFileStatus(765)) - GetFileStatus failed for path /gdir1
java.io.FileNotFoundException: gdir1: No such file or directory!
	at org.apache.hadoop.fs.ozone.BasicOzoneClientAdapterImpl.getFileStatus(BasicOzoneClientAdapterImpl.java:369)
	at org.apache.hadoop.fs.ozone.BasicOzoneFileSystem.getFileStatus(BasicOzoneFileSystem.java:757)
	at org.apache.hadoop.fs.ozone.TestOzoneFileSystem.checkPath(TestOzoneFileSystem.java:502)
	at org.apache.hadoop.fs.ozone.TestOzoneFileSystem.testRecursiveDelete(TestOzoneFileSystem.java:452)
	at sun.reflect.NativeMethodAccessorImpl.invoke0(Native Method)
	at sun.reflect.NativeMethodAccessorImpl.invoke(NativeMethodAccessorImpl.java:62)
	at sun.reflect.DelegatingMethodAccessorImpl.invoke(DelegatingMethodAccessorImpl.java:43)
	at java.lang.reflect.Method.invoke(Method.java:498)
	at org.junit.runners.model.FrameworkMethod$1.runReflectiveCall(FrameworkMethod.java:59)
	at org.junit.internal.runners.model.ReflectiveCallable.run(ReflectiveCallable.java:12)
	at org.junit.runners.model.FrameworkMethod.invokeExplosively(FrameworkMethod.java:56)
	at org.junit.internal.runners.statements.InvokeMethod.evaluate(InvokeMethod.java:17)
	at org.junit.internal.runners.statements.RunAfters.evaluate(RunAfters.java:27)
	at org.junit.internal.runners.statements.FailOnTimeout$CallableStatement.call(FailOnTimeout.java:288)
	at org.junit.internal.runners.statements.FailOnTimeout$CallableStatement.call(FailOnTimeout.java:282)
	at java.util.concurrent.FutureTask.run(FutureTask.java:266)
	at java.lang.Thread.run(Thread.java:750)
13:09:35.833 [IPC Server handler 7 on default port 34869] ERROR OMAudit - user=runner | ip=127.0.0.1 | op=GET_FILE_STATUS {volume=volume25253, bucket=bucket90791, key=gdir1/dir1, dataSize=0, replicationConfig=null} | ret=FAILURE
org.apache.hadoop.ozone.om.exceptions.OMException: Unable to get file status: volume: volume25253 bucket: bucket90791 key: gdir1/dir1
	at org.apache.hadoop.ozone.om.KeyManagerImpl.getOzoneFileStatus(KeyManagerImpl.java:1270) ~[ozone-manager-1.3.0-SNAPSHOT.jar:?]
	at org.apache.hadoop.ozone.om.KeyManagerImpl.getFileStatus(KeyManagerImpl.java:1200) ~[ozone-manager-1.3.0-SNAPSHOT.jar:?]
	at org.apache.hadoop.ozone.om.OzoneManager.getFileStatus(OzoneManager.java:3507) ~[ozone-manager-1.3.0-SNAPSHOT.jar:?]
	at org.apache.hadoop.ozone.protocolPB.OzoneManagerRequestHandler.getOzoneFileStatus(OzoneManagerRequestHandler.java:882) ~[ozone-manager-1.3.0-SNAPSHOT.jar:?]
	at org.apache.hadoop.ozone.protocolPB.OzoneManagerRequestHandler.handleReadRequest(OzoneManagerRequestHandler.java:228) ~[ozone-manager-1.3.0-SNAPSHOT.jar:?]
	at org.apache.hadoop.ozone.protocolPB.OzoneManagerProtocolServerSideTranslatorPB.submitRequestDirectlyToOM(OzoneManagerProtocolServerSideTranslatorPB.java:276) ~[ozone-manager-1.3.0-SNAPSHOT.jar:?]
	at org.apache.hadoop.ozone.protocolPB.OzoneManagerProtocolServerSideTranslatorPB.processRequest(OzoneManagerProtocolServerSideTranslatorPB.java:205) ~[ozone-manager-1.3.0-SNAPSHOT.jar:?]
	at org.apache.hadoop.hdds.server.OzoneProtocolMessageDispatcher.processRequest(OzoneProtocolMessageDispatcher.java:87) [hdds-server-framework-1.3.0-SNAPSHOT.jar:?]
	at org.apache.hadoop.ozone.protocolPB.OzoneManagerProtocolServerSideTranslatorPB.submitRequest(OzoneManagerProtocolServerSideTranslatorPB.java:147) [ozone-manager-1.3.0-SNAPSHOT.jar:?]
	at org.apache.hadoop.ozone.protocol.proto.OzoneManagerProtocolProtos$OzoneManagerService$2.callBlockingMethod(OzoneManagerProtocolProtos.java) [ozone-interface-client-1.3.0-SNAPSHOT.jar:?]
	at org.apache.hadoop.ipc.ProtobufRpcEngine$Server.processCall(ProtobufRpcEngine.java:466) [hadoop-common-3.3.1.jar:?]
	at org.apache.hadoop.ipc.ProtobufRpcEngine2$Server$ProtoBufRpcInvoker.call(ProtobufRpcEngine2.java:574) [hadoop-common-3.3.1.jar:?]
	at org.apache.hadoop.ipc.ProtobufRpcEngine2$Server$ProtoBufRpcInvoker.call(ProtobufRpcEngine2.java:552) [hadoop-common-3.3.1.jar:?]
	at org.apache.hadoop.ipc.RPC$Server.call(RPC.java:1093) [hadoop-common-3.3.1.jar:?]
	at org.apache.hadoop.ipc.Server$RpcCall.run(Server.java:1035) [hadoop-common-3.3.1.jar:?]
	at org.apache.hadoop.ipc.Server$RpcCall.run(Server.java:963) [hadoop-common-3.3.1.jar:?]
	at java.security.AccessController.doPrivileged(Native Method) ~[?:1.8.0_345]
	at javax.security.auth.Subject.doAs(Subject.java:422) [?:1.8.0_345]
	at org.apache.hadoop.security.UserGroupInformation.doAs(UserGroupInformation.java:1878) [hadoop-common-3.3.1.jar:?]
	at org.apache.hadoop.ipc.Server$Handler.run(Server.java:2966) [hadoop-common-3.3.1.jar:?]
2022-10-09 13:09:35,836 [Time-limited test] WARN  ozone.BasicOzoneFileSystem (BasicOzoneFileSystem.java:getFileStatus(765)) - GetFileStatus failed for path /gdir1/dir1
java.io.FileNotFoundException: gdir1/dir1: No such file or directory!
	at org.apache.hadoop.fs.ozone.BasicOzoneClientAdapterImpl.getFileStatus(BasicOzoneClientAdapterImpl.java:369)
	at org.apache.hadoop.fs.ozone.BasicOzoneFileSystem.getFileStatus(BasicOzoneFileSystem.java:757)
	at org.apache.hadoop.fs.ozone.TestOzoneFileSystem.checkPath(TestOzoneFileSystem.java:502)
	at org.apache.hadoop.fs.ozone.TestOzoneFileSystem.testRecursiveDelete(TestOzoneFileSystem.java:457)
	at sun.reflect.NativeMethodAccessorImpl.invoke0(Native Method)
	at sun.reflect.NativeMethodAccessorImpl.invoke(NativeMethodAccessorImpl.java:62)
	at sun.reflect.DelegatingMethodAccessorImpl.invoke(DelegatingMethodAccessorImpl.java:43)
	at java.lang.reflect.Method.invoke(Method.java:498)
	at org.junit.runners.model.FrameworkMethod$1.runReflectiveCall(FrameworkMethod.java:59)
	at org.junit.internal.runners.model.ReflectiveCallable.run(ReflectiveCallable.java:12)
	at org.junit.runners.model.FrameworkMethod.invokeExplosively(FrameworkMethod.java:56)
	at org.junit.internal.runners.statements.InvokeMethod.evaluate(InvokeMethod.java:17)
	at org.junit.internal.runners.statements.RunAfters.evaluate(RunAfters.java:27)
	at org.junit.internal.runners.statements.FailOnTimeout$CallableStatement.call(FailOnTimeout.java:288)
	at org.junit.internal.runners.statements.FailOnTimeout$CallableStatement.call(FailOnTimeout.java:282)
	at java.util.concurrent.FutureTask.run(FutureTask.java:266)
	at java.lang.Thread.run(Thread.java:750)
13:09:35.836 [IPC Server handler 11 on default port 34869] ERROR OMAudit - user=runner | ip=127.0.0.1 | op=GET_FILE_STATUS {volume=volume25253, bucket=bucket90791, key=gdir1/dir1/child, dataSize=0, replicationConfig=null} | ret=FAILURE
org.apache.hadoop.ozone.om.exceptions.OMException: Unable to get file status: volume: volume25253 bucket: bucket90791 key: gdir1/dir1/child
	at org.apache.hadoop.ozone.om.KeyManagerImpl.getOzoneFileStatus(KeyManagerImpl.java:1270) ~[ozone-manager-1.3.0-SNAPSHOT.jar:?]
	at org.apache.hadoop.ozone.om.KeyManagerImpl.getFileStatus(KeyManagerImpl.java:1200) ~[ozone-manager-1.3.0-SNAPSHOT.jar:?]
	at org.apache.hadoop.ozone.om.OzoneManager.getFileStatus(OzoneManager.java:3507) ~[ozone-manager-1.3.0-SNAPSHOT.jar:?]
	at org.apache.hadoop.ozone.protocolPB.OzoneManagerRequestHandler.getOzoneFileStatus(OzoneManagerRequestHandler.java:882) ~[ozone-manager-1.3.0-SNAPSHOT.jar:?]
	at org.apache.hadoop.ozone.protocolPB.OzoneManagerRequestHandler.handleReadRequest(OzoneManagerRequestHandler.java:228) ~[ozone-manager-1.3.0-SNAPSHOT.jar:?]
	at org.apache.hadoop.ozone.protocolPB.OzoneManagerProtocolServerSideTranslatorPB.submitRequestDirectlyToOM(OzoneManagerProtocolServerSideTranslatorPB.java:276) ~[ozone-manager-1.3.0-SNAPSHOT.jar:?]
	at org.apache.hadoop.ozone.protocolPB.OzoneManagerProtocolServerSideTranslatorPB.processRequest(OzoneManagerProtocolServerSideTranslatorPB.java:205) ~[ozone-manager-1.3.0-SNAPSHOT.jar:?]
	at org.apache.hadoop.hdds.server.OzoneProtocolMessageDispatcher.processRequest(OzoneProtocolMessageDispatcher.java:87) [hdds-server-framework-1.3.0-SNAPSHOT.jar:?]
	at org.apache.hadoop.ozone.protocolPB.OzoneManagerProtocolServerSideTranslatorPB.submitRequest(OzoneManagerProtocolServerSideTranslatorPB.java:147) [ozone-manager-1.3.0-SNAPSHOT.jar:?]
	at org.apache.hadoop.ozone.protocol.proto.OzoneManagerProtocolProtos$OzoneManagerService$2.callBlockingMethod(OzoneManagerProtocolProtos.java) [ozone-interface-client-1.3.0-SNAPSHOT.jar:?]
	at org.apache.hadoop.ipc.ProtobufRpcEngine$Server.processCall(ProtobufRpcEngine.java:466) [hadoop-common-3.3.1.jar:?]
	at org.apache.hadoop.ipc.ProtobufRpcEngine2$Server$ProtoBufRpcInvoker.call(ProtobufRpcEngine2.java:574) [hadoop-common-3.3.1.jar:?]
	at org.apache.hadoop.ipc.ProtobufRpcEngine2$Server$ProtoBufRpcInvoker.call(ProtobufRpcEngine2.java:552) [hadoop-common-3.3.1.jar:?]
	at org.apache.hadoop.ipc.RPC$Server.call(RPC.java:1093) [hadoop-common-3.3.1.jar:?]
	at org.apache.hadoop.ipc.Server$RpcCall.run(Server.java:1035) [hadoop-common-3.3.1.jar:?]
	at org.apache.hadoop.ipc.Server$RpcCall.run(Server.java:963) [hadoop-common-3.3.1.jar:?]
	at java.security.AccessController.doPrivileged(Native Method) ~[?:1.8.0_345]
	at javax.security.auth.Subject.doAs(Subject.java:422) [?:1.8.0_345]
	at org.apache.hadoop.security.UserGroupInformation.doAs(UserGroupInformation.java:1878) [hadoop-common-3.3.1.jar:?]
	at org.apache.hadoop.ipc.Server$Handler.run(Server.java:2966) [hadoop-common-3.3.1.jar:?]
2022-10-09 13:09:35,836 [Time-limited test] WARN  ozone.BasicOzoneFileSystem (BasicOzoneFileSystem.java:getFileStatus(765)) - GetFileStatus failed for path /gdir1/dir1/child
java.io.FileNotFoundException: gdir1/dir1/child: No such file or directory!
	at org.apache.hadoop.fs.ozone.BasicOzoneClientAdapterImpl.getFileStatus(BasicOzoneClientAdapterImpl.java:369)
	at org.apache.hadoop.fs.ozone.BasicOzoneFileSystem.getFileStatus(BasicOzoneFileSystem.java:757)
	at org.apache.hadoop.fs.ozone.TestOzoneFileSystem.checkPath(TestOzoneFileSystem.java:502)
	at org.apache.hadoop.fs.ozone.TestOzoneFileSystem.testRecursiveDelete(TestOzoneFileSystem.java:458)
	at sun.reflect.NativeMethodAccessorImpl.invoke0(Native Method)
	at sun.reflect.NativeMethodAccessorImpl.invoke(NativeMethodAccessorImpl.java:62)
	at sun.reflect.DelegatingMethodAccessorImpl.invoke(DelegatingMethodAccessorImpl.java:43)
	at java.lang.reflect.Method.invoke(Method.java:498)
	at org.junit.runners.model.FrameworkMethod$1.runReflectiveCall(FrameworkMethod.java:59)
	at org.junit.internal.runners.model.ReflectiveCallable.run(ReflectiveCallable.java:12)
	at org.junit.runners.model.FrameworkMethod.invokeExplosively(FrameworkMethod.java:56)
	at org.junit.internal.runners.statements.InvokeMethod.evaluate(InvokeMethod.java:17)
	at org.junit.internal.runners.statements.RunAfters.evaluate(RunAfters.java:27)
	at org.junit.internal.runners.statements.FailOnTimeout$CallableStatement.call(FailOnTimeout.java:288)
	at org.junit.internal.runners.statements.FailOnTimeout$CallableStatement.call(FailOnTimeout.java:282)
	at java.util.concurrent.FutureTask.run(FutureTask.java:266)
	at java.lang.Thread.run(Thread.java:750)
13:09:35.837 [IPC Server handler 13 on default port 34869] ERROR OMAudit - user=runner | ip=127.0.0.1 | op=GET_FILE_STATUS {volume=volume25253, bucket=bucket90791, key=gdir1/dir2, dataSize=0, replicationConfig=null} | ret=FAILURE
org.apache.hadoop.ozone.om.exceptions.OMException: Unable to get file status: volume: volume25253 bucket: bucket90791 key: gdir1/dir2
	at org.apache.hadoop.ozone.om.KeyManagerImpl.getOzoneFileStatus(KeyManagerImpl.java:1270) ~[ozone-manager-1.3.0-SNAPSHOT.jar:?]
	at org.apache.hadoop.ozone.om.KeyManagerImpl.getFileStatus(KeyManagerImpl.java:1200) ~[ozone-manager-1.3.0-SNAPSHOT.jar:?]
	at org.apache.hadoop.ozone.om.OzoneManager.getFileStatus(OzoneManager.java:3507) ~[ozone-manager-1.3.0-SNAPSHOT.jar:?]
	at org.apache.hadoop.ozone.protocolPB.OzoneManagerRequestHandler.getOzoneFileStatus(OzoneManagerRequestHandler.java:882) ~[ozone-manager-1.3.0-SNAPSHOT.jar:?]
	at org.apache.hadoop.ozone.protocolPB.OzoneManagerRequestHandler.handleReadRequest(OzoneManagerRequestHandler.java:228) ~[ozone-manager-1.3.0-SNAPSHOT.jar:?]
	at org.apache.hadoop.ozone.protocolPB.OzoneManagerProtocolServerSideTranslatorPB.submitRequestDirectlyToOM(OzoneManagerProtocolServerSideTranslatorPB.java:276) ~[ozone-manager-1.3.0-SNAPSHOT.jar:?]
	at org.apache.hadoop.ozone.protocolPB.OzoneManagerProtocolServerSideTranslatorPB.processRequest(OzoneManagerProtocolServerSideTranslatorPB.java:205) ~[ozone-manager-1.3.0-SNAPSHOT.jar:?]
	at org.apache.hadoop.hdds.server.OzoneProtocolMessageDispatcher.processRequest(OzoneProtocolMessageDispatcher.java:87) [hdds-server-framework-1.3.0-SNAPSHOT.jar:?]
	at org.apache.hadoop.ozone.protocolPB.OzoneManagerProtocolServerSideTranslatorPB.submitRequest(OzoneManagerProtocolServerSideTranslatorPB.java:147) [ozone-manager-1.3.0-SNAPSHOT.jar:?]
	at org.apache.hadoop.ozone.protocol.proto.OzoneManagerProtocolProtos$OzoneManagerService$2.callBlockingMethod(OzoneManagerProtocolProtos.java) [ozone-interface-client-1.3.0-SNAPSHOT.jar:?]
	at org.apache.hadoop.ipc.ProtobufRpcEngine$Server.processCall(ProtobufRpcEngine.java:466) [hadoop-common-3.3.1.jar:?]
	at org.apache.hadoop.ipc.ProtobufRpcEngine2$Server$ProtoBufRpcInvoker.call(ProtobufRpcEngine2.java:574) [hadoop-common-3.3.1.jar:?]
	at org.apache.hadoop.ipc.ProtobufRpcEngine2$Server$ProtoBufRpcInvoker.call(ProtobufRpcEngine2.java:552) [hadoop-common-3.3.1.jar:?]
	at org.apache.hadoop.ipc.RPC$Server.call(RPC.java:1093) [hadoop-common-3.3.1.jar:?]
	at org.apache.hadoop.ipc.Server$RpcCall.run(Server.java:1035) [hadoop-common-3.3.1.jar:?]
	at org.apache.hadoop.ipc.Server$RpcCall.run(Server.java:963) [hadoop-common-3.3.1.jar:?]
	at java.security.AccessController.doPrivileged(Native Method) ~[?:1.8.0_345]
	at javax.security.auth.Subject.doAs(Subject.java:422) [?:1.8.0_345]
	at org.apache.hadoop.security.UserGroupInformation.doAs(UserGroupInformation.java:1878) [hadoop-common-3.3.1.jar:?]
	at org.apache.hadoop.ipc.Server$Handler.run(Server.java:2966) [hadoop-common-3.3.1.jar:?]
2022-10-09 13:09:35,837 [Time-limited test] WARN  ozone.BasicOzoneFileSystem (BasicOzoneFileSystem.java:getFileStatus(765)) - GetFileStatus failed for path /gdir1/dir2
java.io.FileNotFoundException: gdir1/dir2: No such file or directory!
	at org.apache.hadoop.fs.ozone.BasicOzoneClientAdapterImpl.getFileStatus(BasicOzoneClientAdapterImpl.java:369)
	at org.apache.hadoop.fs.ozone.BasicOzoneFileSystem.getFileStatus(BasicOzoneFileSystem.java:757)
	at org.apache.hadoop.fs.ozone.TestOzoneFileSystem.checkPath(TestOzoneFileSystem.java:502)
	at org.apache.hadoop.fs.ozone.TestOzoneFileSystem.testRecursiveDelete(TestOzoneFileSystem.java:457)
	at sun.reflect.NativeMethodAccessorImpl.invoke0(Native Method)
	at sun.reflect.NativeMethodAccessorImpl.invoke(NativeMethodAccessorImpl.java:62)
	at sun.reflect.DelegatingMethodAccessorImpl.invoke(DelegatingMethodAccessorImpl.java:43)
	at java.lang.reflect.Method.invoke(Method.java:498)
	at org.junit.runners.model.FrameworkMethod$1.runReflectiveCall(FrameworkMethod.java:59)
	at org.junit.internal.runners.model.ReflectiveCallable.run(ReflectiveCallable.java:12)
	at org.junit.runners.model.FrameworkMethod.invokeExplosively(FrameworkMethod.java:56)
	at org.junit.internal.runners.statements.InvokeMethod.evaluate(InvokeMethod.java:17)
	at org.junit.internal.runners.statements.RunAfters.evaluate(RunAfters.java:27)
	at org.junit.internal.runners.statements.FailOnTimeout$CallableStatement.call(FailOnTimeout.java:288)
	at org.junit.internal.runners.statements.FailOnTimeout$CallableStatement.call(FailOnTimeout.java:282)
	at java.util.concurrent.FutureTask.run(FutureTask.java:266)
	at java.lang.Thread.run(Thread.java:750)
13:09:35.837 [IPC Server handler 19 on default port 34869] ERROR OMAudit - user=runner | ip=127.0.0.1 | op=GET_FILE_STATUS {volume=volume25253, bucket=bucket90791, key=gdir1/dir2/child, dataSize=0, replicationConfig=null} | ret=FAILURE
org.apache.hadoop.ozone.om.exceptions.OMException: Unable to get file status: volume: volume25253 bucket: bucket90791 key: gdir1/dir2/child
	at org.apache.hadoop.ozone.om.KeyManagerImpl.getOzoneFileStatus(KeyManagerImpl.java:1270) ~[ozone-manager-1.3.0-SNAPSHOT.jar:?]
	at org.apache.hadoop.ozone.om.KeyManagerImpl.getFileStatus(KeyManagerImpl.java:1200) ~[ozone-manager-1.3.0-SNAPSHOT.jar:?]
	at org.apache.hadoop.ozone.om.OzoneManager.getFileStatus(OzoneManager.java:3507) ~[ozone-manager-1.3.0-SNAPSHOT.jar:?]
	at org.apache.hadoop.ozone.protocolPB.OzoneManagerRequestHandler.getOzoneFileStatus(OzoneManagerRequestHandler.java:882) ~[ozone-manager-1.3.0-SNAPSHOT.jar:?]
	at org.apache.hadoop.ozone.protocolPB.OzoneManagerRequestHandler.handleReadRequest(OzoneManagerRequestHandler.java:228) ~[ozone-manager-1.3.0-SNAPSHOT.jar:?]
	at org.apache.hadoop.ozone.protocolPB.OzoneManagerProtocolServerSideTranslatorPB.submitRequestDirectlyToOM(OzoneManagerProtocolServerSideTranslatorPB.java:276) ~[ozone-manager-1.3.0-SNAPSHOT.jar:?]
	at org.apache.hadoop.ozone.protocolPB.OzoneManagerProtocolServerSideTranslatorPB.processRequest(OzoneManagerProtocolServerSideTranslatorPB.java:205) ~[ozone-manager-1.3.0-SNAPSHOT.jar:?]
	at org.apache.hadoop.hdds.server.OzoneProtocolMessageDispatcher.processRequest(OzoneProtocolMessageDispatcher.java:87) [hdds-server-framework-1.3.0-SNAPSHOT.jar:?]
	at org.apache.hadoop.ozone.protocolPB.OzoneManagerProtocolServerSideTranslatorPB.submitRequest(OzoneManagerProtocolServerSideTranslatorPB.java:147) [ozone-manager-1.3.0-SNAPSHOT.jar:?]
	at org.apache.hadoop.ozone.protocol.proto.OzoneManagerProtocolProtos$OzoneManagerService$2.callBlockingMethod(OzoneManagerProtocolProtos.java) [ozone-interface-client-1.3.0-SNAPSHOT.jar:?]
	at org.apache.hadoop.ipc.ProtobufRpcEngine$Server.processCall(ProtobufRpcEngine.java:466) [hadoop-common-3.3.1.jar:?]
	at org.apache.hadoop.ipc.ProtobufRpcEngine2$Server$ProtoBufRpcInvoker.call(ProtobufRpcEngine2.java:574) [hadoop-common-3.3.1.jar:?]
	at org.apache.hadoop.ipc.ProtobufRpcEngine2$Server$ProtoBufRpcInvoker.call(ProtobufRpcEngine2.java:552) [hadoop-common-3.3.1.jar:?]
	at org.apache.hadoop.ipc.RPC$Server.call(RPC.java:1093) [hadoop-common-3.3.1.jar:?]
	at org.apache.hadoop.ipc.Server$RpcCall.run(Server.java:1035) [hadoop-common-3.3.1.jar:?]
	at org.apache.hadoop.ipc.Server$RpcCall.run(Server.java:963) [hadoop-common-3.3.1.jar:?]
	at java.security.AccessController.doPrivileged(Native Method) ~[?:1.8.0_345]
	at javax.security.auth.Subject.doAs(Subject.java:422) [?:1.8.0_345]
	at org.apache.hadoop.security.UserGroupInformation.doAs(UserGroupInformation.java:1878) [hadoop-common-3.3.1.jar:?]
	at org.apache.hadoop.ipc.Server$Handler.run(Server.java:2966) [hadoop-common-3.3.1.jar:?]
2022-10-09 13:09:35,838 [Time-limited test] WARN  ozone.BasicOzoneFileSystem (BasicOzoneFileSystem.java:getFileStatus(765)) - GetFileStatus failed for path /gdir1/dir2/child
java.io.FileNotFoundException: gdir1/dir2/child: No such file or directory!
	at org.apache.hadoop.fs.ozone.BasicOzoneClientAdapterImpl.getFileStatus(BasicOzoneClientAdapterImpl.java:369)
	at org.apache.hadoop.fs.ozone.BasicOzoneFileSystem.getFileStatus(BasicOzoneFileSystem.java:757)
	at org.apache.hadoop.fs.ozone.TestOzoneFileSystem.checkPath(TestOzoneFileSystem.java:502)
	at org.apache.hadoop.fs.ozone.TestOzoneFileSystem.testRecursiveDelete(TestOzoneFileSystem.java:458)
	at sun.reflect.NativeMethodAccessorImpl.invoke0(Native Method)
	at sun.reflect.NativeMethodAccessorImpl.invoke(NativeMethodAccessorImpl.java:62)
	at sun.reflect.DelegatingMethodAccessorImpl.invoke(DelegatingMethodAccessorImpl.java:43)
	at java.lang.reflect.Method.invoke(Method.java:498)
	at org.junit.runners.model.FrameworkMethod$1.runReflectiveCall(FrameworkMethod.java:59)
	at org.junit.internal.runners.model.ReflectiveCallable.run(ReflectiveCallable.java:12)
	at org.junit.runners.model.FrameworkMethod.invokeExplosively(FrameworkMethod.java:56)
	at org.junit.internal.runners.statements.InvokeMethod.evaluate(InvokeMethod.java:17)
	at org.junit.internal.runners.statements.RunAfters.evaluate(RunAfters.java:27)
	at org.junit.internal.runners.statements.FailOnTimeout$CallableStatement.call(FailOnTimeout.java:288)
	at org.junit.internal.runners.statements.FailOnTimeout$CallableStatement.call(FailOnTimeout.java:282)
	at java.util.concurrent.FutureTask.run(FutureTask.java:266)
	at java.lang.Thread.run(Thread.java:750)
13:09:35.838 [IPC Server handler 15 on default port 34869] ERROR OMAudit - user=runner | ip=127.0.0.1 | op=GET_FILE_STATUS {volume=volume25253, bucket=bucket90791, key=gdir1/dir3, dataSize=0, replicationConfig=null} | ret=FAILURE
org.apache.hadoop.ozone.om.exceptions.OMException: Unable to get file status: volume: volume25253 bucket: bucket90791 key: gdir1/dir3
	at org.apache.hadoop.ozone.om.KeyManagerImpl.getOzoneFileStatus(KeyManagerImpl.java:1270) ~[ozone-manager-1.3.0-SNAPSHOT.jar:?]
	at org.apache.hadoop.ozone.om.KeyManagerImpl.getFileStatus(KeyManagerImpl.java:1200) ~[ozone-manager-1.3.0-SNAPSHOT.jar:?]
	at org.apache.hadoop.ozone.om.OzoneManager.getFileStatus(OzoneManager.java:3507) ~[ozone-manager-1.3.0-SNAPSHOT.jar:?]
	at org.apache.hadoop.ozone.protocolPB.OzoneManagerRequestHandler.getOzoneFileStatus(OzoneManagerRequestHandler.java:882) ~[ozone-manager-1.3.0-SNAPSHOT.jar:?]
	at org.apache.hadoop.ozone.protocolPB.OzoneManagerRequestHandler.handleReadRequest(OzoneManagerRequestHandler.java:228) ~[ozone-manager-1.3.0-SNAPSHOT.jar:?]
	at org.apache.hadoop.ozone.protocolPB.OzoneManagerProtocolServerSideTranslatorPB.submitRequestDirectlyToOM(OzoneManagerProtocolServerSideTranslatorPB.java:276) ~[ozone-manager-1.3.0-SNAPSHOT.jar:?]
	at org.apache.hadoop.ozone.protocolPB.OzoneManagerProtocolServerSideTranslatorPB.processRequest(OzoneManagerProtocolServerSideTranslatorPB.java:205) ~[ozone-manager-1.3.0-SNAPSHOT.jar:?]
	at org.apache.hadoop.hdds.server.OzoneProtocolMessageDispatcher.processRequest(OzoneProtocolMessageDispatcher.java:87) [hdds-server-framework-1.3.0-SNAPSHOT.jar:?]
	at org.apache.hadoop.ozone.protocolPB.OzoneManagerProtocolServerSideTranslatorPB.submitRequest(OzoneManagerProtocolServerSideTranslatorPB.java:147) [ozone-manager-1.3.0-SNAPSHOT.jar:?]
	at org.apache.hadoop.ozone.protocol.proto.OzoneManagerProtocolProtos$OzoneManagerService$2.callBlockingMethod(OzoneManagerProtocolProtos.java) [ozone-interface-client-1.3.0-SNAPSHOT.jar:?]
	at org.apache.hadoop.ipc.ProtobufRpcEngine$Server.processCall(ProtobufRpcEngine.java:466) [hadoop-common-3.3.1.jar:?]
	at org.apache.hadoop.ipc.ProtobufRpcEngine2$Server$ProtoBufRpcInvoker.call(ProtobufRpcEngine2.java:574) [hadoop-common-3.3.1.jar:?]
	at org.apache.hadoop.ipc.ProtobufRpcEngine2$Server$ProtoBufRpcInvoker.call(ProtobufRpcEngine2.java:552) [hadoop-common-3.3.1.jar:?]
	at org.apache.hadoop.ipc.RPC$Server.call(RPC.java:1093) [hadoop-common-3.3.1.jar:?]
	at org.apache.hadoop.ipc.Server$RpcCall.run(Server.java:1035) [hadoop-common-3.3.1.jar:?]
	at org.apache.hadoop.ipc.Server$RpcCall.run(Server.java:963) [hadoop-common-3.3.1.jar:?]
	at java.security.AccessController.doPrivileged(Native Method) ~[?:1.8.0_345]
	at javax.security.auth.Subject.doAs(Subject.java:422) [?:1.8.0_345]
	at org.apache.hadoop.security.UserGroupInformation.doAs(UserGroupInformation.java:1878) [hadoop-common-3.3.1.jar:?]
	at org.apache.hadoop.ipc.Server$Handler.run(Server.java:2966) [hadoop-common-3.3.1.jar:?]
2022-10-09 13:09:35,838 [Time-limited test] WARN  ozone.BasicOzoneFileSystem (BasicOzoneFileSystem.java:getFileStatus(765)) - GetFileStatus failed for path /gdir1/dir3
java.io.FileNotFoundException: gdir1/dir3: No such file or directory!
	at org.apache.hadoop.fs.ozone.BasicOzoneClientAdapterImpl.getFileStatus(BasicOzoneClientAdapterImpl.java:369)
	at org.apache.hadoop.fs.ozone.BasicOzoneFileSystem.getFileStatus(BasicOzoneFileSystem.java:757)
	at org.apache.hadoop.fs.ozone.TestOzoneFileSystem.checkPath(TestOzoneFileSystem.java:502)
	at org.apache.hadoop.fs.ozone.TestOzoneFileSystem.testRecursiveDelete(TestOzoneFileSystem.java:457)
	at sun.reflect.NativeMethodAccessorImpl.invoke0(Native Method)
	at sun.reflect.NativeMethodAccessorImpl.invoke(NativeMethodAccessorImpl.java:62)
	at sun.reflect.DelegatingMethodAccessorImpl.invoke(DelegatingMethodAccessorImpl.java:43)
	at java.lang.reflect.Method.invoke(Method.java:498)
	at org.junit.runners.model.FrameworkMethod$1.runReflectiveCall(FrameworkMethod.java:59)
	at org.junit.internal.runners.model.ReflectiveCallable.run(ReflectiveCallable.java:12)
	at org.junit.runners.model.FrameworkMethod.invokeExplosively(FrameworkMethod.java:56)
	at org.junit.internal.runners.statements.InvokeMethod.evaluate(InvokeMethod.java:17)
	at org.junit.internal.runners.statements.RunAfters.evaluate(RunAfters.java:27)
	at org.junit.internal.runners.statements.FailOnTimeout$CallableStatement.call(FailOnTimeout.java:288)
	at org.junit.internal.runners.statements.FailOnTimeout$CallableStatement.call(FailOnTimeout.java:282)
	at java.util.concurrent.FutureTask.run(FutureTask.java:266)
	at java.lang.Thread.run(Thread.java:750)
13:09:35.839 [IPC Server handler 14 on default port 34869] ERROR OMAudit - user=runner | ip=127.0.0.1 | op=GET_FILE_STATUS {volume=volume25253, bucket=bucket90791, key=gdir1/dir3/child, dataSize=0, replicationConfig=null} | ret=FAILURE
org.apache.hadoop.ozone.om.exceptions.OMException: Unable to get file status: volume: volume25253 bucket: bucket90791 key: gdir1/dir3/child
	at org.apache.hadoop.ozone.om.KeyManagerImpl.getOzoneFileStatus(KeyManagerImpl.java:1270) ~[ozone-manager-1.3.0-SNAPSHOT.jar:?]
	at org.apache.hadoop.ozone.om.KeyManagerImpl.getFileStatus(KeyManagerImpl.java:1200) ~[ozone-manager-1.3.0-SNAPSHOT.jar:?]
	at org.apache.hadoop.ozone.om.OzoneManager.getFileStatus(OzoneManager.java:3507) ~[ozone-manager-1.3.0-SNAPSHOT.jar:?]
	at org.apache.hadoop.ozone.protocolPB.OzoneManagerRequestHandler.getOzoneFileStatus(OzoneManagerRequestHandler.java:882) ~[ozone-manager-1.3.0-SNAPSHOT.jar:?]
	at org.apache.hadoop.ozone.protocolPB.OzoneManagerRequestHandler.handleReadRequest(OzoneManagerRequestHandler.java:228) ~[ozone-manager-1.3.0-SNAPSHOT.jar:?]
	at org.apache.hadoop.ozone.protocolPB.OzoneManagerProtocolServerSideTranslatorPB.submitRequestDirectlyToOM(OzoneManagerProtocolServerSideTranslatorPB.java:276) ~[ozone-manager-1.3.0-SNAPSHOT.jar:?]
	at org.apache.hadoop.ozone.protocolPB.OzoneManagerProtocolServerSideTranslatorPB.processRequest(OzoneManagerProtocolServerSideTranslatorPB.java:205) ~[ozone-manager-1.3.0-SNAPSHOT.jar:?]
	at org.apache.hadoop.hdds.server.OzoneProtocolMessageDispatcher.processRequest(OzoneProtocolMessageDispatcher.java:87) [hdds-server-framework-1.3.0-SNAPSHOT.jar:?]
	at org.apache.hadoop.ozone.protocolPB.OzoneManagerProtocolServerSideTranslatorPB.submitRequest(OzoneManagerProtocolServerSideTranslatorPB.java:147) [ozone-manager-1.3.0-SNAPSHOT.jar:?]
	at org.apache.hadoop.ozone.protocol.proto.OzoneManagerProtocolProtos$OzoneManagerService$2.callBlockingMethod(OzoneManagerProtocolProtos.java) [ozone-interface-client-1.3.0-SNAPSHOT.jar:?]
	at org.apache.hadoop.ipc.ProtobufRpcEngine$Server.processCall(ProtobufRpcEngine.java:466) [hadoop-common-3.3.1.jar:?]
	at org.apache.hadoop.ipc.ProtobufRpcEngine2$Server$ProtoBufRpcInvoker.call(ProtobufRpcEngine2.java:574) [hadoop-common-3.3.1.jar:?]
	at org.apache.hadoop.ipc.ProtobufRpcEngine2$Server$ProtoBufRpcInvoker.call(ProtobufRpcEngine2.java:552) [hadoop-common-3.3.1.jar:?]
	at org.apache.hadoop.ipc.RPC$Server.call(RPC.java:1093) [hadoop-common-3.3.1.jar:?]
	at org.apache.hadoop.ipc.Server$RpcCall.run(Server.java:1035) [hadoop-common-3.3.1.jar:?]
	at org.apache.hadoop.ipc.Server$RpcCall.run(Server.java:963) [hadoop-common-3.3.1.jar:?]
	at java.security.AccessController.doPrivileged(Native Method) ~[?:1.8.0_345]
	at javax.security.auth.Subject.doAs(Subject.java:422) [?:1.8.0_345]
	at org.apache.hadoop.security.UserGroupInformation.doAs(UserGroupInformation.java:1878) [hadoop-common-3.3.1.jar:?]
	at org.apache.hadoop.ipc.Server$Handler.run(Server.java:2966) [hadoop-common-3.3.1.jar:?]
2022-10-09 13:09:35,839 [Time-limited test] WARN  ozone.BasicOzoneFileSystem (BasicOzoneFileSystem.java:getFileStatus(765)) - GetFileStatus failed for path /gdir1/dir3/child
java.io.FileNotFoundException: gdir1/dir3/child: No such file or directory!
	at org.apache.hadoop.fs.ozone.BasicOzoneClientAdapterImpl.getFileStatus(BasicOzoneClientAdapterImpl.java:369)
	at org.apache.hadoop.fs.ozone.BasicOzoneFileSystem.getFileStatus(BasicOzoneFileSystem.java:757)
	at org.apache.hadoop.fs.ozone.TestOzoneFileSystem.checkPath(TestOzoneFileSystem.java:502)
	at org.apache.hadoop.fs.ozone.TestOzoneFileSystem.testRecursiveDelete(TestOzoneFileSystem.java:458)
	at sun.reflect.NativeMethodAccessorImpl.invoke0(Native Method)
	at sun.reflect.NativeMethodAccessorImpl.invoke(NativeMethodAccessorImpl.java:62)
	at sun.reflect.DelegatingMethodAccessorImpl.invoke(DelegatingMethodAccessorImpl.java:43)
	at java.lang.reflect.Method.invoke(Method.java:498)
	at org.junit.runners.model.FrameworkMethod$1.runReflectiveCall(FrameworkMethod.java:59)
	at org.junit.internal.runners.model.ReflectiveCallable.run(ReflectiveCallable.java:12)
	at org.junit.runners.model.FrameworkMethod.invokeExplosively(FrameworkMethod.java:56)
	at org.junit.internal.runners.statements.InvokeMethod.evaluate(InvokeMethod.java:17)
	at org.junit.internal.runners.statements.RunAfters.evaluate(RunAfters.java:27)
	at org.junit.internal.runners.statements.FailOnTimeout$CallableStatement.call(FailOnTimeout.java:288)
	at org.junit.internal.runners.statements.FailOnTimeout$CallableStatement.call(FailOnTimeout.java:282)
	at java.util.concurrent.FutureTask.run(FutureTask.java:266)
	at java.lang.Thread.run(Thread.java:750)
13:09:35.840 [IPC Server handler 16 on default port 34869] ERROR OMAudit - user=runner | ip=127.0.0.1 | op=GET_FILE_STATUS {volume=volume25253, bucket=bucket90791, key=gdir1/dir4, dataSize=0, replicationConfig=null} | ret=FAILURE
org.apache.hadoop.ozone.om.exceptions.OMException: Unable to get file status: volume: volume25253 bucket: bucket90791 key: gdir1/dir4
	at org.apache.hadoop.ozone.om.KeyManagerImpl.getOzoneFileStatus(KeyManagerImpl.java:1270) ~[ozone-manager-1.3.0-SNAPSHOT.jar:?]
	at org.apache.hadoop.ozone.om.KeyManagerImpl.getFileStatus(KeyManagerImpl.java:1200) ~[ozone-manager-1.3.0-SNAPSHOT.jar:?]
	at org.apache.hadoop.ozone.om.OzoneManager.getFileStatus(OzoneManager.java:3507) ~[ozone-manager-1.3.0-SNAPSHOT.jar:?]
	at org.apache.hadoop.ozone.protocolPB.OzoneManagerRequestHandler.getOzoneFileStatus(OzoneManagerRequestHandler.java:882) ~[ozone-manager-1.3.0-SNAPSHOT.jar:?]
	at org.apache.hadoop.ozone.protocolPB.OzoneManagerRequestHandler.handleReadRequest(OzoneManagerRequestHandler.java:228) ~[ozone-manager-1.3.0-SNAPSHOT.jar:?]
	at org.apache.hadoop.ozone.protocolPB.OzoneManagerProtocolServerSideTranslatorPB.submitRequestDirectlyToOM(OzoneManagerProtocolServerSideTranslatorPB.java:276) ~[ozone-manager-1.3.0-SNAPSHOT.jar:?]
	at org.apache.hadoop.ozone.protocolPB.OzoneManagerProtocolServerSideTranslatorPB.processRequest(OzoneManagerProtocolServerSideTranslatorPB.java:205) ~[ozone-manager-1.3.0-SNAPSHOT.jar:?]
	at org.apache.hadoop.hdds.server.OzoneProtocolMessageDispatcher.processRequest(OzoneProtocolMessageDispatcher.java:87) [hdds-server-framework-1.3.0-SNAPSHOT.jar:?]
	at org.apache.hadoop.ozone.protocolPB.OzoneManagerProtocolServerSideTranslatorPB.submitRequest(OzoneManagerProtocolServerSideTranslatorPB.java:147) [ozone-manager-1.3.0-SNAPSHOT.jar:?]
	at org.apache.hadoop.ozone.protocol.proto.OzoneManagerProtocolProtos$OzoneManagerService$2.callBlockingMethod(OzoneManagerProtocolProtos.java) [ozone-interface-client-1.3.0-SNAPSHOT.jar:?]
	at org.apache.hadoop.ipc.ProtobufRpcEngine$Server.processCall(ProtobufRpcEngine.java:466) [hadoop-common-3.3.1.jar:?]
	at org.apache.hadoop.ipc.ProtobufRpcEngine2$Server$ProtoBufRpcInvoker.call(ProtobufRpcEngine2.java:574) [hadoop-common-3.3.1.jar:?]
	at org.apache.hadoop.ipc.ProtobufRpcEngine2$Server$ProtoBufRpcInvoker.call(ProtobufRpcEngine2.java:552) [hadoop-common-3.3.1.jar:?]
	at org.apache.hadoop.ipc.RPC$Server.call(RPC.java:1093) [hadoop-common-3.3.1.jar:?]
	at org.apache.hadoop.ipc.Server$RpcCall.run(Server.java:1035) [hadoop-common-3.3.1.jar:?]
	at org.apache.hadoop.ipc.Server$RpcCall.run(Server.java:963) [hadoop-common-3.3.1.jar:?]
	at java.security.AccessController.doPrivileged(Native Method) ~[?:1.8.0_345]
	at javax.security.auth.Subject.doAs(Subject.java:422) [?:1.8.0_345]
	at org.apache.hadoop.security.UserGroupInformation.doAs(UserGroupInformation.java:1878) [hadoop-common-3.3.1.jar:?]
	at org.apache.hadoop.ipc.Server$Handler.run(Server.java:2966) [hadoop-common-3.3.1.jar:?]
2022-10-09 13:09:35,840 [Time-limited test] WARN  ozone.BasicOzoneFileSystem (BasicOzoneFileSystem.java:getFileStatus(765)) - GetFileStatus failed for path /gdir1/dir4
java.io.FileNotFoundException: gdir1/dir4: No such file or directory!
	at org.apache.hadoop.fs.ozone.BasicOzoneClientAdapterImpl.getFileStatus(BasicOzoneClientAdapterImpl.java:369)
	at org.apache.hadoop.fs.ozone.BasicOzoneFileSystem.getFileStatus(BasicOzoneFileSystem.java:757)
	at org.apache.hadoop.fs.ozone.TestOzoneFileSystem.checkPath(TestOzoneFileSystem.java:502)
	at org.apache.hadoop.fs.ozone.TestOzoneFileSystem.testRecursiveDelete(TestOzoneFileSystem.java:457)
	at sun.reflect.NativeMethodAccessorImpl.invoke0(Native Method)
	at sun.reflect.NativeMethodAccessorImpl.invoke(NativeMethodAccessorImpl.java:62)
	at sun.reflect.DelegatingMethodAccessorImpl.invoke(DelegatingMethodAccessorImpl.java:43)
	at java.lang.reflect.Method.invoke(Method.java:498)
	at org.junit.runners.model.FrameworkMethod$1.runReflectiveCall(FrameworkMethod.java:59)
	at org.junit.internal.runners.model.ReflectiveCallable.run(ReflectiveCallable.java:12)
	at org.junit.runners.model.FrameworkMethod.invokeExplosively(FrameworkMethod.java:56)
	at org.junit.internal.runners.statements.InvokeMethod.evaluate(InvokeMethod.java:17)
	at org.junit.internal.runners.statements.RunAfters.evaluate(RunAfters.java:27)
	at org.junit.internal.runners.statements.FailOnTimeout$CallableStatement.call(FailOnTimeout.java:288)
	at org.junit.internal.runners.statements.FailOnTimeout$CallableStatement.call(FailOnTimeout.java:282)
	at java.util.concurrent.FutureTask.run(FutureTask.java:266)
	at java.lang.Thread.run(Thread.java:750)
13:09:35.840 [IPC Server handler 17 on default port 34869] ERROR OMAudit - user=runner | ip=127.0.0.1 | op=GET_FILE_STATUS {volume=volume25253, bucket=bucket90791, key=gdir1/dir4/child, dataSize=0, replicationConfig=null} | ret=FAILURE
org.apache.hadoop.ozone.om.exceptions.OMException: Unable to get file status: volume: volume25253 bucket: bucket90791 key: gdir1/dir4/child
	at org.apache.hadoop.ozone.om.KeyManagerImpl.getOzoneFileStatus(KeyManagerImpl.java:1270) ~[ozone-manager-1.3.0-SNAPSHOT.jar:?]
	at org.apache.hadoop.ozone.om.KeyManagerImpl.getFileStatus(KeyManagerImpl.java:1200) ~[ozone-manager-1.3.0-SNAPSHOT.jar:?]
	at org.apache.hadoop.ozone.om.OzoneManager.getFileStatus(OzoneManager.java:3507) ~[ozone-manager-1.3.0-SNAPSHOT.jar:?]
	at org.apache.hadoop.ozone.protocolPB.OzoneManagerRequestHandler.getOzoneFileStatus(OzoneManagerRequestHandler.java:882) ~[ozone-manager-1.3.0-SNAPSHOT.jar:?]
	at org.apache.hadoop.ozone.protocolPB.OzoneManagerRequestHandler.handleReadRequest(OzoneManagerRequestHandler.java:228) ~[ozone-manager-1.3.0-SNAPSHOT.jar:?]
	at org.apache.hadoop.ozone.protocolPB.OzoneManagerProtocolServerSideTranslatorPB.submitRequestDirectlyToOM(OzoneManagerProtocolServerSideTranslatorPB.java:276) ~[ozone-manager-1.3.0-SNAPSHOT.jar:?]
	at org.apache.hadoop.ozone.protocolPB.OzoneManagerProtocolServerSideTranslatorPB.processRequest(OzoneManagerProtocolServerSideTranslatorPB.java:205) ~[ozone-manager-1.3.0-SNAPSHOT.jar:?]
	at org.apache.hadoop.hdds.server.OzoneProtocolMessageDispatcher.processRequest(OzoneProtocolMessageDispatcher.java:87) [hdds-server-framework-1.3.0-SNAPSHOT.jar:?]
	at org.apache.hadoop.ozone.protocolPB.OzoneManagerProtocolServerSideTranslatorPB.submitRequest(OzoneManagerProtocolServerSideTranslatorPB.java:147) [ozone-manager-1.3.0-SNAPSHOT.jar:?]
	at org.apache.hadoop.ozone.protocol.proto.OzoneManagerProtocolProtos$OzoneManagerService$2.callBlockingMethod(OzoneManagerProtocolProtos.java) [ozone-interface-client-1.3.0-SNAPSHOT.jar:?]
	at org.apache.hadoop.ipc.ProtobufRpcEngine$Server.processCall(ProtobufRpcEngine.java:466) [hadoop-common-3.3.1.jar:?]
	at org.apache.hadoop.ipc.ProtobufRpcEngine2$Server$ProtoBufRpcInvoker.call(ProtobufRpcEngine2.java:574) [hadoop-common-3.3.1.jar:?]
	at org.apache.hadoop.ipc.ProtobufRpcEngine2$Server$ProtoBufRpcInvoker.call(ProtobufRpcEngine2.java:552) [hadoop-common-3.3.1.jar:?]
	at org.apache.hadoop.ipc.RPC$Server.call(RPC.java:1093) [hadoop-common-3.3.1.jar:?]
	at org.apache.hadoop.ipc.Server$RpcCall.run(Server.java:1035) [hadoop-common-3.3.1.jar:?]
	at org.apache.hadoop.ipc.Server$RpcCall.run(Server.java:963) [hadoop-common-3.3.1.jar:?]
	at java.security.AccessController.doPrivileged(Native Method) ~[?:1.8.0_345]
	at javax.security.auth.Subject.doAs(Subject.java:422) [?:1.8.0_345]
	at org.apache.hadoop.security.UserGroupInformation.doAs(UserGroupInformation.java:1878) [hadoop-common-3.3.1.jar:?]
	at org.apache.hadoop.ipc.Server$Handler.run(Server.java:2966) [hadoop-common-3.3.1.jar:?]
2022-10-09 13:09:35,841 [Time-limited test] WARN  ozone.BasicOzoneFileSystem (BasicOzoneFileSystem.java:getFileStatus(765)) - GetFileStatus failed for path /gdir1/dir4/child
java.io.FileNotFoundException: gdir1/dir4/child: No such file or directory!
	at org.apache.hadoop.fs.ozone.BasicOzoneClientAdapterImpl.getFileStatus(BasicOzoneClientAdapterImpl.java:369)
	at org.apache.hadoop.fs.ozone.BasicOzoneFileSystem.getFileStatus(BasicOzoneFileSystem.java:757)
	at org.apache.hadoop.fs.ozone.TestOzoneFileSystem.checkPath(TestOzoneFileSystem.java:502)
	at org.apache.hadoop.fs.ozone.TestOzoneFileSystem.testRecursiveDelete(TestOzoneFileSystem.java:458)
	at sun.reflect.NativeMethodAccessorImpl.invoke0(Native Method)
	at sun.reflect.NativeMethodAccessorImpl.invoke(NativeMethodAccessorImpl.java:62)
	at sun.reflect.DelegatingMethodAccessorImpl.invoke(DelegatingMethodAccessorImpl.java:43)
	at java.lang.reflect.Method.invoke(Method.java:498)
	at org.junit.runners.model.FrameworkMethod$1.runReflectiveCall(FrameworkMethod.java:59)
	at org.junit.internal.runners.model.ReflectiveCallable.run(ReflectiveCallable.java:12)
	at org.junit.runners.model.FrameworkMethod.invokeExplosively(FrameworkMethod.java:56)
	at org.junit.internal.runners.statements.InvokeMethod.evaluate(InvokeMethod.java:17)
	at org.junit.internal.runners.statements.RunAfters.evaluate(RunAfters.java:27)
	at org.junit.internal.runners.statements.FailOnTimeout$CallableStatement.call(FailOnTimeout.java:288)
	at org.junit.internal.runners.statements.FailOnTimeout$CallableStatement.call(FailOnTimeout.java:282)
	at java.util.concurrent.FutureTask.run(FutureTask.java:266)
	at java.lang.Thread.run(Thread.java:750)
13:09:35.841 [IPC Server handler 5 on default port 34869] ERROR OMAudit - user=runner | ip=127.0.0.1 | op=GET_FILE_STATUS {volume=volume25253, bucket=bucket90791, key=gdir1/dir5, dataSize=0, replicationConfig=null} | ret=FAILURE
org.apache.hadoop.ozone.om.exceptions.OMException: Unable to get file status: volume: volume25253 bucket: bucket90791 key: gdir1/dir5
	at org.apache.hadoop.ozone.om.KeyManagerImpl.getOzoneFileStatus(KeyManagerImpl.java:1270) ~[ozone-manager-1.3.0-SNAPSHOT.jar:?]
	at org.apache.hadoop.ozone.om.KeyManagerImpl.getFileStatus(KeyManagerImpl.java:1200) ~[ozone-manager-1.3.0-SNAPSHOT.jar:?]
	at org.apache.hadoop.ozone.om.OzoneManager.getFileStatus(OzoneManager.java:3507) ~[ozone-manager-1.3.0-SNAPSHOT.jar:?]
	at org.apache.hadoop.ozone.protocolPB.OzoneManagerRequestHandler.getOzoneFileStatus(OzoneManagerRequestHandler.java:882) ~[ozone-manager-1.3.0-SNAPSHOT.jar:?]
	at org.apache.hadoop.ozone.protocolPB.OzoneManagerRequestHandler.handleReadRequest(OzoneManagerRequestHandler.java:228) ~[ozone-manager-1.3.0-SNAPSHOT.jar:?]
	at org.apache.hadoop.ozone.protocolPB.OzoneManagerProtocolServerSideTranslatorPB.submitRequestDirectlyToOM(OzoneManagerProtocolServerSideTranslatorPB.java:276) ~[ozone-manager-1.3.0-SNAPSHOT.jar:?]
	at org.apache.hadoop.ozone.protocolPB.OzoneManagerProtocolServerSideTranslatorPB.processRequest(OzoneManagerProtocolServerSideTranslatorPB.java:205) ~[ozone-manager-1.3.0-SNAPSHOT.jar:?]
	at org.apache.hadoop.hdds.server.OzoneProtocolMessageDispatcher.processRequest(OzoneProtocolMessageDispatcher.java:87) [hdds-server-framework-1.3.0-SNAPSHOT.jar:?]
	at org.apache.hadoop.ozone.protocolPB.OzoneManagerProtocolServerSideTranslatorPB.submitRequest(OzoneManagerProtocolServerSideTranslatorPB.java:147) [ozone-manager-1.3.0-SNAPSHOT.jar:?]
	at org.apache.hadoop.ozone.protocol.proto.OzoneManagerProtocolProtos$OzoneManagerService$2.callBlockingMethod(OzoneManagerProtocolProtos.java) [ozone-interface-client-1.3.0-SNAPSHOT.jar:?]
	at org.apache.hadoop.ipc.ProtobufRpcEngine$Server.processCall(ProtobufRpcEngine.java:466) [hadoop-common-3.3.1.jar:?]
	at org.apache.hadoop.ipc.ProtobufRpcEngine2$Server$ProtoBufRpcInvoker.call(ProtobufRpcEngine2.java:574) [hadoop-common-3.3.1.jar:?]
	at org.apache.hadoop.ipc.ProtobufRpcEngine2$Server$ProtoBufRpcInvoker.call(ProtobufRpcEngine2.java:552) [hadoop-common-3.3.1.jar:?]
	at org.apache.hadoop.ipc.RPC$Server.call(RPC.java:1093) [hadoop-common-3.3.1.jar:?]
	at org.apache.hadoop.ipc.Server$RpcCall.run(Server.java:1035) [hadoop-common-3.3.1.jar:?]
	at org.apache.hadoop.ipc.Server$RpcCall.run(Server.java:963) [hadoop-common-3.3.1.jar:?]
	at java.security.AccessController.doPrivileged(Native Method) ~[?:1.8.0_345]
	at javax.security.auth.Subject.doAs(Subject.java:422) [?:1.8.0_345]
	at org.apache.hadoop.security.UserGroupInformation.doAs(UserGroupInformation.java:1878) [hadoop-common-3.3.1.jar:?]
	at org.apache.hadoop.ipc.Server$Handler.run(Server.java:2966) [hadoop-common-3.3.1.jar:?]
2022-10-09 13:09:35,841 [Time-limited test] WARN  ozone.BasicOzoneFileSystem (BasicOzoneFileSystem.java:getFileStatus(765)) - GetFileStatus failed for path /gdir1/dir5
java.io.FileNotFoundException: gdir1/dir5: No such file or directory!
	at org.apache.hadoop.fs.ozone.BasicOzoneClientAdapterImpl.getFileStatus(BasicOzoneClientAdapterImpl.java:369)
	at org.apache.hadoop.fs.ozone.BasicOzoneFileSystem.getFileStatus(BasicOzoneFileSystem.java:757)
	at org.apache.hadoop.fs.ozone.TestOzoneFileSystem.checkPath(TestOzoneFileSystem.java:502)
	at org.apache.hadoop.fs.ozone.TestOzoneFileSystem.testRecursiveDelete(TestOzoneFileSystem.java:457)
	at sun.reflect.NativeMethodAccessorImpl.invoke0(Native Method)
	at sun.reflect.NativeMethodAccessorImpl.invoke(NativeMethodAccessorImpl.java:62)
	at sun.reflect.DelegatingMethodAccessorImpl.invoke(DelegatingMethodAccessorImpl.java:43)
	at java.lang.reflect.Method.invoke(Method.java:498)
	at org.junit.runners.model.FrameworkMethod$1.runReflectiveCall(FrameworkMethod.java:59)
	at org.junit.internal.runners.model.ReflectiveCallable.run(ReflectiveCallable.java:12)
	at org.junit.runners.model.FrameworkMethod.invokeExplosively(FrameworkMethod.java:56)
	at org.junit.internal.runners.statements.InvokeMethod.evaluate(InvokeMethod.java:17)
	at org.junit.internal.runners.statements.RunAfters.evaluate(RunAfters.java:27)
	at org.junit.internal.runners.statements.FailOnTimeout$CallableStatement.call(FailOnTimeout.java:288)
	at org.junit.internal.runners.statements.FailOnTimeout$CallableStatement.call(FailOnTimeout.java:282)
	at java.util.concurrent.FutureTask.run(FutureTask.java:266)
	at java.lang.Thread.run(Thread.java:750)
13:09:35.842 [IPC Server handler 18 on default port 34869] ERROR OMAudit - user=runner | ip=127.0.0.1 | op=GET_FILE_STATUS {volume=volume25253, bucket=bucket90791, key=gdir1/dir5/child, dataSize=0, replicationConfig=null} | ret=FAILURE
org.apache.hadoop.ozone.om.exceptions.OMException: Unable to get file status: volume: volume25253 bucket: bucket90791 key: gdir1/dir5/child
	at org.apache.hadoop.ozone.om.KeyManagerImpl.getOzoneFileStatus(KeyManagerImpl.java:1270) ~[ozone-manager-1.3.0-SNAPSHOT.jar:?]
	at org.apache.hadoop.ozone.om.KeyManagerImpl.getFileStatus(KeyManagerImpl.java:1200) ~[ozone-manager-1.3.0-SNAPSHOT.jar:?]
	at org.apache.hadoop.ozone.om.OzoneManager.getFileStatus(OzoneManager.java:3507) ~[ozone-manager-1.3.0-SNAPSHOT.jar:?]
	at org.apache.hadoop.ozone.protocolPB.OzoneManagerRequestHandler.getOzoneFileStatus(OzoneManagerRequestHandler.java:882) ~[ozone-manager-1.3.0-SNAPSHOT.jar:?]
	at org.apache.hadoop.ozone.protocolPB.OzoneManagerRequestHandler.handleReadRequest(OzoneManagerRequestHandler.java:228) ~[ozone-manager-1.3.0-SNAPSHOT.jar:?]
	at org.apache.hadoop.ozone.protocolPB.OzoneManagerProtocolServerSideTranslatorPB.submitRequestDirectlyToOM(OzoneManagerProtocolServerSideTranslatorPB.java:276) ~[ozone-manager-1.3.0-SNAPSHOT.jar:?]
	at org.apache.hadoop.ozone.protocolPB.OzoneManagerProtocolServerSideTranslatorPB.processRequest(OzoneManagerProtocolServerSideTranslatorPB.java:205) ~[ozone-manager-1.3.0-SNAPSHOT.jar:?]
	at org.apache.hadoop.hdds.server.OzoneProtocolMessageDispatcher.processRequest(OzoneProtocolMessageDispatcher.java:87) [hdds-server-framework-1.3.0-SNAPSHOT.jar:?]
	at org.apache.hadoop.ozone.protocolPB.OzoneManagerProtocolServerSideTranslatorPB.submitRequest(OzoneManagerProtocolServerSideTranslatorPB.java:147) [ozone-manager-1.3.0-SNAPSHOT.jar:?]
	at org.apache.hadoop.ozone.protocol.proto.OzoneManagerProtocolProtos$OzoneManagerService$2.callBlockingMethod(OzoneManagerProtocolProtos.java) [ozone-interface-client-1.3.0-SNAPSHOT.jar:?]
	at org.apache.hadoop.ipc.ProtobufRpcEngine$Server.processCall(ProtobufRpcEngine.java:466) [hadoop-common-3.3.1.jar:?]
	at org.apache.hadoop.ipc.ProtobufRpcEngine2$Server$ProtoBufRpcInvoker.call(ProtobufRpcEngine2.java:574) [hadoop-common-3.3.1.jar:?]
	at org.apache.hadoop.ipc.ProtobufRpcEngine2$Server$ProtoBufRpcInvoker.call(ProtobufRpcEngine2.java:552) [hadoop-common-3.3.1.jar:?]
	at org.apache.hadoop.ipc.RPC$Server.call(RPC.java:1093) [hadoop-common-3.3.1.jar:?]
	at org.apache.hadoop.ipc.Server$RpcCall.run(Server.java:1035) [hadoop-common-3.3.1.jar:?]
	at org.apache.hadoop.ipc.Server$RpcCall.run(Server.java:963) [hadoop-common-3.3.1.jar:?]
	at java.security.AccessController.doPrivileged(Native Method) ~[?:1.8.0_345]
	at javax.security.auth.Subject.doAs(Subject.java:422) [?:1.8.0_345]
	at org.apache.hadoop.security.UserGroupInformation.doAs(UserGroupInformation.java:1878) [hadoop-common-3.3.1.jar:?]
	at org.apache.hadoop.ipc.Server$Handler.run(Server.java:2966) [hadoop-common-3.3.1.jar:?]
2022-10-09 13:09:35,843 [Time-limited test] WARN  ozone.BasicOzoneFileSystem (BasicOzoneFileSystem.java:getFileStatus(765)) - GetFileStatus failed for path /gdir1/dir5/child
java.io.FileNotFoundException: gdir1/dir5/child: No such file or directory!
	at org.apache.hadoop.fs.ozone.BasicOzoneClientAdapterImpl.getFileStatus(BasicOzoneClientAdapterImpl.java:369)
	at org.apache.hadoop.fs.ozone.BasicOzoneFileSystem.getFileStatus(BasicOzoneFileSystem.java:757)
	at org.apache.hadoop.fs.ozone.TestOzoneFileSystem.checkPath(TestOzoneFileSystem.java:502)
	at org.apache.hadoop.fs.ozone.TestOzoneFileSystem.testRecursiveDelete(TestOzoneFileSystem.java:458)
	at sun.reflect.NativeMethodAccessorImpl.invoke0(Native Method)
	at sun.reflect.NativeMethodAccessorImpl.invoke(NativeMethodAccessorImpl.java:62)
	at sun.reflect.DelegatingMethodAccessorImpl.invoke(DelegatingMethodAccessorImpl.java:43)
	at java.lang.reflect.Method.invoke(Method.java:498)
	at org.junit.runners.model.FrameworkMethod$1.runReflectiveCall(FrameworkMethod.java:59)
	at org.junit.internal.runners.model.ReflectiveCallable.run(ReflectiveCallable.java:12)
	at org.junit.runners.model.FrameworkMethod.invokeExplosively(FrameworkMethod.java:56)
	at org.junit.internal.runners.statements.InvokeMethod.evaluate(InvokeMethod.java:17)
	at org.junit.internal.runners.statements.RunAfters.evaluate(RunAfters.java:27)
	at org.junit.internal.runners.statements.FailOnTimeout$CallableStatement.call(FailOnTimeout.java:288)
	at org.junit.internal.runners.statements.FailOnTimeout$CallableStatement.call(FailOnTimeout.java:282)
	at java.util.concurrent.FutureTask.run(FutureTask.java:266)
	at java.lang.Thread.run(Thread.java:750)
13:09:35.844 [IPC Server handler 9 on default port 34869] ERROR OMAudit - user=runner | ip=127.0.0.1 | op=GET_FILE_STATUS {volume=volume25253, bucket=bucket90791, key=gdir1/dir6, dataSize=0, replicationConfig=null} | ret=FAILURE
org.apache.hadoop.ozone.om.exceptions.OMException: Unable to get file status: volume: volume25253 bucket: bucket90791 key: gdir1/dir6
	at org.apache.hadoop.ozone.om.KeyManagerImpl.getOzoneFileStatus(KeyManagerImpl.java:1270) ~[ozone-manager-1.3.0-SNAPSHOT.jar:?]
	at org.apache.hadoop.ozone.om.KeyManagerImpl.getFileStatus(KeyManagerImpl.java:1200) ~[ozone-manager-1.3.0-SNAPSHOT.jar:?]
	at org.apache.hadoop.ozone.om.OzoneManager.getFileStatus(OzoneManager.java:3507) ~[ozone-manager-1.3.0-SNAPSHOT.jar:?]
	at org.apache.hadoop.ozone.protocolPB.OzoneManagerRequestHandler.getOzoneFileStatus(OzoneManagerRequestHandler.java:882) ~[ozone-manager-1.3.0-SNAPSHOT.jar:?]
	at org.apache.hadoop.ozone.protocolPB.OzoneManagerRequestHandler.handleReadRequest(OzoneManagerRequestHandler.java:228) ~[ozone-manager-1.3.0-SNAPSHOT.jar:?]
	at org.apache.hadoop.ozone.protocolPB.OzoneManagerProtocolServerSideTranslatorPB.submitRequestDirectlyToOM(OzoneManagerProtocolServerSideTranslatorPB.java:276) ~[ozone-manager-1.3.0-SNAPSHOT.jar:?]
	at org.apache.hadoop.ozone.protocolPB.OzoneManagerProtocolServerSideTranslatorPB.processRequest(OzoneManagerProtocolServerSideTranslatorPB.java:205) ~[ozone-manager-1.3.0-SNAPSHOT.jar:?]
	at org.apache.hadoop.hdds.server.OzoneProtocolMessageDispatcher.processRequest(OzoneProtocolMessageDispatcher.java:87) [hdds-server-framework-1.3.0-SNAPSHOT.jar:?]
	at org.apache.hadoop.ozone.protocolPB.OzoneManagerProtocolServerSideTranslatorPB.submitRequest(OzoneManagerProtocolServerSideTranslatorPB.java:147) [ozone-manager-1.3.0-SNAPSHOT.jar:?]
	at org.apache.hadoop.ozone.protocol.proto.OzoneManagerProtocolProtos$OzoneManagerService$2.callBlockingMethod(OzoneManagerProtocolProtos.java) [ozone-interface-client-1.3.0-SNAPSHOT.jar:?]
	at org.apache.hadoop.ipc.ProtobufRpcEngine$Server.processCall(ProtobufRpcEngine.java:466) [hadoop-common-3.3.1.jar:?]
	at org.apache.hadoop.ipc.ProtobufRpcEngine2$Server$ProtoBufRpcInvoker.call(ProtobufRpcEngine2.java:574) [hadoop-common-3.3.1.jar:?]
	at org.apache.hadoop.ipc.ProtobufRpcEngine2$Server$ProtoBufRpcInvoker.call(ProtobufRpcEngine2.java:552) [hadoop-common-3.3.1.jar:?]
	at org.apache.hadoop.ipc.RPC$Server.call(RPC.java:1093) [hadoop-common-3.3.1.jar:?]
	at org.apache.hadoop.ipc.Server$RpcCall.run(Server.java:1035) [hadoop-common-3.3.1.jar:?]
	at org.apache.hadoop.ipc.Server$RpcCall.run(Server.java:963) [hadoop-common-3.3.1.jar:?]
	at java.security.AccessController.doPrivileged(Native Method) ~[?:1.8.0_345]
	at javax.security.auth.Subject.doAs(Subject.java:422) [?:1.8.0_345]
	at org.apache.hadoop.security.UserGroupInformation.doAs(UserGroupInformation.java:1878) [hadoop-common-3.3.1.jar:?]
	at org.apache.hadoop.ipc.Server$Handler.run(Server.java:2966) [hadoop-common-3.3.1.jar:?]
2022-10-09 13:09:35,844 [Time-limited test] WARN  ozone.BasicOzoneFileSystem (BasicOzoneFileSystem.java:getFileStatus(765)) - GetFileStatus failed for path /gdir1/dir6
java.io.FileNotFoundException: gdir1/dir6: No such file or directory!
	at org.apache.hadoop.fs.ozone.BasicOzoneClientAdapterImpl.getFileStatus(BasicOzoneClientAdapterImpl.java:369)
	at org.apache.hadoop.fs.ozone.BasicOzoneFileSystem.getFileStatus(BasicOzoneFileSystem.java:757)
	at org.apache.hadoop.fs.ozone.TestOzoneFileSystem.checkPath(TestOzoneFileSystem.java:502)
	at org.apache.hadoop.fs.ozone.TestOzoneFileSystem.testRecursiveDelete(TestOzoneFileSystem.java:457)
	at sun.reflect.NativeMethodAccessorImpl.invoke0(Native Method)
	at sun.reflect.NativeMethodAccessorImpl.invoke(NativeMethodAccessorImpl.java:62)
	at sun.reflect.DelegatingMethodAccessorImpl.invoke(DelegatingMethodAccessorImpl.java:43)
	at java.lang.reflect.Method.invoke(Method.java:498)
	at org.junit.runners.model.FrameworkMethod$1.runReflectiveCall(FrameworkMethod.java:59)
	at org.junit.internal.runners.model.ReflectiveCallable.run(ReflectiveCallable.java:12)
	at org.junit.runners.model.FrameworkMethod.invokeExplosively(FrameworkMethod.java:56)
	at org.junit.internal.runners.statements.InvokeMethod.evaluate(InvokeMethod.java:17)
	at org.junit.internal.runners.statements.RunAfters.evaluate(RunAfters.java:27)
	at org.junit.internal.runners.statements.FailOnTimeout$CallableStatement.call(FailOnTimeout.java:288)
	at org.junit.internal.runners.statements.FailOnTimeout$CallableStatement.call(FailOnTimeout.java:282)
	at java.util.concurrent.FutureTask.run(FutureTask.java:266)
	at java.lang.Thread.run(Thread.java:750)
13:09:35.845 [IPC Server handler 8 on default port 34869] ERROR OMAudit - user=runner | ip=127.0.0.1 | op=GET_FILE_STATUS {volume=volume25253, bucket=bucket90791, key=gdir1/dir6/child, dataSize=0, replicationConfig=null} | ret=FAILURE
org.apache.hadoop.ozone.om.exceptions.OMException: Unable to get file status: volume: volume25253 bucket: bucket90791 key: gdir1/dir6/child
	at org.apache.hadoop.ozone.om.KeyManagerImpl.getOzoneFileStatus(KeyManagerImpl.java:1270) ~[ozone-manager-1.3.0-SNAPSHOT.jar:?]
	at org.apache.hadoop.ozone.om.KeyManagerImpl.getFileStatus(KeyManagerImpl.java:1200) ~[ozone-manager-1.3.0-SNAPSHOT.jar:?]
	at org.apache.hadoop.ozone.om.OzoneManager.getFileStatus(OzoneManager.java:3507) ~[ozone-manager-1.3.0-SNAPSHOT.jar:?]
	at org.apache.hadoop.ozone.protocolPB.OzoneManagerRequestHandler.getOzoneFileStatus(OzoneManagerRequestHandler.java:882) ~[ozone-manager-1.3.0-SNAPSHOT.jar:?]
	at org.apache.hadoop.ozone.protocolPB.OzoneManagerRequestHandler.handleReadRequest(OzoneManagerRequestHandler.java:228) ~[ozone-manager-1.3.0-SNAPSHOT.jar:?]
	at org.apache.hadoop.ozone.protocolPB.OzoneManagerProtocolServerSideTranslatorPB.submitRequestDirectlyToOM(OzoneManagerProtocolServerSideTranslatorPB.java:276) ~[ozone-manager-1.3.0-SNAPSHOT.jar:?]
	at org.apache.hadoop.ozone.protocolPB.OzoneManagerProtocolServerSideTranslatorPB.processRequest(OzoneManagerProtocolServerSideTranslatorPB.java:205) ~[ozone-manager-1.3.0-SNAPSHOT.jar:?]
	at org.apache.hadoop.hdds.server.OzoneProtocolMessageDispatcher.processRequest(OzoneProtocolMessageDispatcher.java:87) [hdds-server-framework-1.3.0-SNAPSHOT.jar:?]
	at org.apache.hadoop.ozone.protocolPB.OzoneManagerProtocolServerSideTranslatorPB.submitRequest(OzoneManagerProtocolServerSideTranslatorPB.java:147) [ozone-manager-1.3.0-SNAPSHOT.jar:?]
	at org.apache.hadoop.ozone.protocol.proto.OzoneManagerProtocolProtos$OzoneManagerService$2.callBlockingMethod(OzoneManagerProtocolProtos.java) [ozone-interface-client-1.3.0-SNAPSHOT.jar:?]
	at org.apache.hadoop.ipc.ProtobufRpcEngine$Server.processCall(ProtobufRpcEngine.java:466) [hadoop-common-3.3.1.jar:?]
	at org.apache.hadoop.ipc.ProtobufRpcEngine2$Server$ProtoBufRpcInvoker.call(ProtobufRpcEngine2.java:574) [hadoop-common-3.3.1.jar:?]
	at org.apache.hadoop.ipc.ProtobufRpcEngine2$Server$ProtoBufRpcInvoker.call(ProtobufRpcEngine2.java:552) [hadoop-common-3.3.1.jar:?]
	at org.apache.hadoop.ipc.RPC$Server.call(RPC.java:1093) [hadoop-common-3.3.1.jar:?]
	at org.apache.hadoop.ipc.Server$RpcCall.run(Server.java:1035) [hadoop-common-3.3.1.jar:?]
	at org.apache.hadoop.ipc.Server$RpcCall.run(Server.java:963) [hadoop-common-3.3.1.jar:?]
	at java.security.AccessController.doPrivileged(Native Method) ~[?:1.8.0_345]
	at javax.security.auth.Subject.doAs(Subject.java:422) [?:1.8.0_345]
	at org.apache.hadoop.security.UserGroupInformation.doAs(UserGroupInformation.java:1878) [hadoop-common-3.3.1.jar:?]
	at org.apache.hadoop.ipc.Server$Handler.run(Server.java:2966) [hadoop-common-3.3.1.jar:?]
2022-10-09 13:09:35,847 [Time-limited test] WARN  ozone.BasicOzoneFileSystem (BasicOzoneFileSystem.java:getFileStatus(765)) - GetFileStatus failed for path /gdir1/dir6/child
java.io.FileNotFoundException: gdir1/dir6/child: No such file or directory!
	at org.apache.hadoop.fs.ozone.BasicOzoneClientAdapterImpl.getFileStatus(BasicOzoneClientAdapterImpl.java:369)
	at org.apache.hadoop.fs.ozone.BasicOzoneFileSystem.getFileStatus(BasicOzoneFileSystem.java:757)
	at org.apache.hadoop.fs.ozone.TestOzoneFileSystem.checkPath(TestOzoneFileSystem.java:502)
	at org.apache.hadoop.fs.ozone.TestOzoneFileSystem.testRecursiveDelete(TestOzoneFileSystem.java:458)
	at sun.reflect.NativeMethodAccessorImpl.invoke0(Native Method)
	at sun.reflect.NativeMethodAccessorImpl.invoke(NativeMethodAccessorImpl.java:62)
	at sun.reflect.DelegatingMethodAccessorImpl.invoke(DelegatingMethodAccessorImpl.java:43)
	at java.lang.reflect.Method.invoke(Method.java:498)
	at org.junit.runners.model.FrameworkMethod$1.runReflectiveCall(FrameworkMethod.java:59)
	at org.junit.internal.runners.model.ReflectiveCallable.run(ReflectiveCallable.java:12)
	at org.junit.runners.model.FrameworkMethod.invokeExplosively(FrameworkMethod.java:56)
	at org.junit.internal.runners.statements.InvokeMethod.evaluate(InvokeMethod.java:17)
	at org.junit.internal.runners.statements.RunAfters.evaluate(RunAfters.java:27)
	at org.junit.internal.runners.statements.FailOnTimeout$CallableStatement.call(FailOnTimeout.java:288)
	at org.junit.internal.runners.statements.FailOnTimeout$CallableStatement.call(FailOnTimeout.java:282)
	at java.util.concurrent.FutureTask.run(FutureTask.java:266)
	at java.lang.Thread.run(Thread.java:750)
13:09:35.847 [IPC Server handler 4 on default port 34869] ERROR OMAudit - user=runner | ip=127.0.0.1 | op=GET_FILE_STATUS {volume=volume25253, bucket=bucket90791, key=gdir1/dir7, dataSize=0, replicationConfig=null} | ret=FAILURE
org.apache.hadoop.ozone.om.exceptions.OMException: Unable to get file status: volume: volume25253 bucket: bucket90791 key: gdir1/dir7
	at org.apache.hadoop.ozone.om.KeyManagerImpl.getOzoneFileStatus(KeyManagerImpl.java:1270) ~[ozone-manager-1.3.0-SNAPSHOT.jar:?]
	at org.apache.hadoop.ozone.om.KeyManagerImpl.getFileStatus(KeyManagerImpl.java:1200) ~[ozone-manager-1.3.0-SNAPSHOT.jar:?]
	at org.apache.hadoop.ozone.om.OzoneManager.getFileStatus(OzoneManager.java:3507) ~[ozone-manager-1.3.0-SNAPSHOT.jar:?]
	at org.apache.hadoop.ozone.protocolPB.OzoneManagerRequestHandler.getOzoneFileStatus(OzoneManagerRequestHandler.java:882) ~[ozone-manager-1.3.0-SNAPSHOT.jar:?]
	at org.apache.hadoop.ozone.protocolPB.OzoneManagerRequestHandler.handleReadRequest(OzoneManagerRequestHandler.java:228) ~[ozone-manager-1.3.0-SNAPSHOT.jar:?]
	at org.apache.hadoop.ozone.protocolPB.OzoneManagerProtocolServerSideTranslatorPB.submitRequestDirectlyToOM(OzoneManagerProtocolServerSideTranslatorPB.java:276) ~[ozone-manager-1.3.0-SNAPSHOT.jar:?]
	at org.apache.hadoop.ozone.protocolPB.OzoneManagerProtocolServerSideTranslatorPB.processRequest(OzoneManagerProtocolServerSideTranslatorPB.java:205) ~[ozone-manager-1.3.0-SNAPSHOT.jar:?]
	at org.apache.hadoop.hdds.server.OzoneProtocolMessageDispatcher.processRequest(OzoneProtocolMessageDispatcher.java:87) [hdds-server-framework-1.3.0-SNAPSHOT.jar:?]
	at org.apache.hadoop.ozone.protocolPB.OzoneManagerProtocolServerSideTranslatorPB.submitRequest(OzoneManagerProtocolServerSideTranslatorPB.java:147) [ozone-manager-1.3.0-SNAPSHOT.jar:?]
	at org.apache.hadoop.ozone.protocol.proto.OzoneManagerProtocolProtos$OzoneManagerService$2.callBlockingMethod(OzoneManagerProtocolProtos.java) [ozone-interface-client-1.3.0-SNAPSHOT.jar:?]
	at org.apache.hadoop.ipc.ProtobufRpcEngine$Server.processCall(ProtobufRpcEngine.java:466) [hadoop-common-3.3.1.jar:?]
	at org.apache.hadoop.ipc.ProtobufRpcEngine2$Server$ProtoBufRpcInvoker.call(ProtobufRpcEngine2.java:574) [hadoop-common-3.3.1.jar:?]
	at org.apache.hadoop.ipc.ProtobufRpcEngine2$Server$ProtoBufRpcInvoker.call(ProtobufRpcEngine2.java:552) [hadoop-common-3.3.1.jar:?]
	at org.apache.hadoop.ipc.RPC$Server.call(RPC.java:1093) [hadoop-common-3.3.1.jar:?]
	at org.apache.hadoop.ipc.Server$RpcCall.run(Server.java:1035) [hadoop-common-3.3.1.jar:?]
	at org.apache.hadoop.ipc.Server$RpcCall.run(Server.java:963) [hadoop-common-3.3.1.jar:?]
	at java.security.AccessController.doPrivileged(Native Method) ~[?:1.8.0_345]
	at javax.security.auth.Subject.doAs(Subject.java:422) [?:1.8.0_345]
	at org.apache.hadoop.security.UserGroupInformation.doAs(UserGroupInformation.java:1878) [hadoop-common-3.3.1.jar:?]
	at org.apache.hadoop.ipc.Server$Handler.run(Server.java:2966) [hadoop-common-3.3.1.jar:?]
2022-10-09 13:09:35,850 [Time-limited test] WARN  ozone.BasicOzoneFileSystem (BasicOzoneFileSystem.java:getFileStatus(765)) - GetFileStatus failed for path /gdir1/dir7
java.io.FileNotFoundException: gdir1/dir7: No such file or directory!
	at org.apache.hadoop.fs.ozone.BasicOzoneClientAdapterImpl.getFileStatus(BasicOzoneClientAdapterImpl.java:369)
	at org.apache.hadoop.fs.ozone.BasicOzoneFileSystem.getFileStatus(BasicOzoneFileSystem.java:757)
	at org.apache.hadoop.fs.ozone.TestOzoneFileSystem.checkPath(TestOzoneFileSystem.java:502)
	at org.apache.hadoop.fs.ozone.TestOzoneFileSystem.testRecursiveDelete(TestOzoneFileSystem.java:457)
	at sun.reflect.NativeMethodAccessorImpl.invoke0(Native Method)
	at sun.reflect.NativeMethodAccessorImpl.invoke(NativeMethodAccessorImpl.java:62)
	at sun.reflect.DelegatingMethodAccessorImpl.invoke(DelegatingMethodAccessorImpl.java:43)
	at java.lang.reflect.Method.invoke(Method.java:498)
	at org.junit.runners.model.FrameworkMethod$1.runReflectiveCall(FrameworkMethod.java:59)
	at org.junit.internal.runners.model.ReflectiveCallable.run(ReflectiveCallable.java:12)
	at org.junit.runners.model.FrameworkMethod.invokeExplosively(FrameworkMethod.java:56)
	at org.junit.internal.runners.statements.InvokeMethod.evaluate(InvokeMethod.java:17)
	at org.junit.internal.runners.statements.RunAfters.evaluate(RunAfters.java:27)
	at org.junit.internal.runners.statements.FailOnTimeout$CallableStatement.call(FailOnTimeout.java:288)
	at org.junit.internal.runners.statements.FailOnTimeout$CallableStatement.call(FailOnTimeout.java:282)
	at java.util.concurrent.FutureTask.run(FutureTask.java:266)
	at java.lang.Thread.run(Thread.java:750)
13:09:35.850 [IPC Server handler 1 on default port 34869] ERROR OMAudit - user=runner | ip=127.0.0.1 | op=GET_FILE_STATUS {volume=volume25253, bucket=bucket90791, key=gdir1/dir7/child, dataSize=0, replicationConfig=null} | ret=FAILURE
org.apache.hadoop.ozone.om.exceptions.OMException: Unable to get file status: volume: volume25253 bucket: bucket90791 key: gdir1/dir7/child
	at org.apache.hadoop.ozone.om.KeyManagerImpl.getOzoneFileStatus(KeyManagerImpl.java:1270) ~[ozone-manager-1.3.0-SNAPSHOT.jar:?]
	at org.apache.hadoop.ozone.om.KeyManagerImpl.getFileStatus(KeyManagerImpl.java:1200) ~[ozone-manager-1.3.0-SNAPSHOT.jar:?]
	at org.apache.hadoop.ozone.om.OzoneManager.getFileStatus(OzoneManager.java:3507) ~[ozone-manager-1.3.0-SNAPSHOT.jar:?]
	at org.apache.hadoop.ozone.protocolPB.OzoneManagerRequestHandler.getOzoneFileStatus(OzoneManagerRequestHandler.java:882) ~[ozone-manager-1.3.0-SNAPSHOT.jar:?]
	at org.apache.hadoop.ozone.protocolPB.OzoneManagerRequestHandler.handleReadRequest(OzoneManagerRequestHandler.java:228) ~[ozone-manager-1.3.0-SNAPSHOT.jar:?]
	at org.apache.hadoop.ozone.protocolPB.OzoneManagerProtocolServerSideTranslatorPB.submitRequestDirectlyToOM(OzoneManagerProtocolServerSideTranslatorPB.java:276) ~[ozone-manager-1.3.0-SNAPSHOT.jar:?]
	at org.apache.hadoop.ozone.protocolPB.OzoneManagerProtocolServerSideTranslatorPB.processRequest(OzoneManagerProtocolServerSideTranslatorPB.java:205) ~[ozone-manager-1.3.0-SNAPSHOT.jar:?]
	at org.apache.hadoop.hdds.server.OzoneProtocolMessageDispatcher.processRequest(OzoneProtocolMessageDispatcher.java:87) [hdds-server-framework-1.3.0-SNAPSHOT.jar:?]
	at org.apache.hadoop.ozone.protocolPB.OzoneManagerProtocolServerSideTranslatorPB.submitRequest(OzoneManagerProtocolServerSideTranslatorPB.java:147) [ozone-manager-1.3.0-SNAPSHOT.jar:?]
	at org.apache.hadoop.ozone.protocol.proto.OzoneManagerProtocolProtos$OzoneManagerService$2.callBlockingMethod(OzoneManagerProtocolProtos.java) [ozone-interface-client-1.3.0-SNAPSHOT.jar:?]
	at org.apache.hadoop.ipc.ProtobufRpcEngine$Server.processCall(ProtobufRpcEngine.java:466) [hadoop-common-3.3.1.jar:?]
	at org.apache.hadoop.ipc.ProtobufRpcEngine2$Server$ProtoBufRpcInvoker.call(ProtobufRpcEngine2.java:574) [hadoop-common-3.3.1.jar:?]
	at org.apache.hadoop.ipc.ProtobufRpcEngine2$Server$ProtoBufRpcInvoker.call(ProtobufRpcEngine2.java:552) [hadoop-common-3.3.1.jar:?]
	at org.apache.hadoop.ipc.RPC$Server.call(RPC.java:1093) [hadoop-common-3.3.1.jar:?]
	at org.apache.hadoop.ipc.Server$RpcCall.run(Server.java:1035) [hadoop-common-3.3.1.jar:?]
	at org.apache.hadoop.ipc.Server$RpcCall.run(Server.java:963) [hadoop-common-3.3.1.jar:?]
	at java.security.AccessController.doPrivileged(Native Method) ~[?:1.8.0_345]
	at javax.security.auth.Subject.doAs(Subject.java:422) [?:1.8.0_345]
	at org.apache.hadoop.security.UserGroupInformation.doAs(UserGroupInformation.java:1878) [hadoop-common-3.3.1.jar:?]
	at org.apache.hadoop.ipc.Server$Handler.run(Server.java:2966) [hadoop-common-3.3.1.jar:?]
2022-10-09 13:09:35,851 [Time-limited test] WARN  ozone.BasicOzoneFileSystem (BasicOzoneFileSystem.java:getFileStatus(765)) - GetFileStatus failed for path /gdir1/dir7/child
java.io.FileNotFoundException: gdir1/dir7/child: No such file or directory!
	at org.apache.hadoop.fs.ozone.BasicOzoneClientAdapterImpl.getFileStatus(BasicOzoneClientAdapterImpl.java:369)
	at org.apache.hadoop.fs.ozone.BasicOzoneFileSystem.getFileStatus(BasicOzoneFileSystem.java:757)
	at org.apache.hadoop.fs.ozone.TestOzoneFileSystem.checkPath(TestOzoneFileSystem.java:502)
	at org.apache.hadoop.fs.ozone.TestOzoneFileSystem.testRecursiveDelete(TestOzoneFileSystem.java:458)
	at sun.reflect.NativeMethodAccessorImpl.invoke0(Native Method)
	at sun.reflect.NativeMethodAccessorImpl.invoke(NativeMethodAccessorImpl.java:62)
	at sun.reflect.DelegatingMethodAccessorImpl.invoke(DelegatingMethodAccessorImpl.java:43)
	at java.lang.reflect.Method.invoke(Method.java:498)
	at org.junit.runners.model.FrameworkMethod$1.runReflectiveCall(FrameworkMethod.java:59)
	at org.junit.internal.runners.model.ReflectiveCallable.run(ReflectiveCallable.java:12)
	at org.junit.runners.model.FrameworkMethod.invokeExplosively(FrameworkMethod.java:56)
	at org.junit.internal.runners.statements.InvokeMethod.evaluate(InvokeMethod.java:17)
	at org.junit.internal.runners.statements.RunAfters.evaluate(RunAfters.java:27)
	at org.junit.internal.runners.statements.FailOnTimeout$CallableStatement.call(FailOnTimeout.java:288)
	at org.junit.internal.runners.statements.FailOnTimeout$CallableStatement.call(FailOnTimeout.java:282)
	at java.util.concurrent.FutureTask.run(FutureTask.java:266)
	at java.lang.Thread.run(Thread.java:750)
13:09:35.852 [IPC Server handler 3 on default port 34869] ERROR OMAudit - user=runner | ip=127.0.0.1 | op=GET_FILE_STATUS {volume=volume25253, bucket=bucket90791, key=gdir1/dir8, dataSize=0, replicationConfig=null} | ret=FAILURE
org.apache.hadoop.ozone.om.exceptions.OMException: Unable to get file status: volume: volume25253 bucket: bucket90791 key: gdir1/dir8
	at org.apache.hadoop.ozone.om.KeyManagerImpl.getOzoneFileStatus(KeyManagerImpl.java:1270) ~[ozone-manager-1.3.0-SNAPSHOT.jar:?]
	at org.apache.hadoop.ozone.om.KeyManagerImpl.getFileStatus(KeyManagerImpl.java:1200) ~[ozone-manager-1.3.0-SNAPSHOT.jar:?]
	at org.apache.hadoop.ozone.om.OzoneManager.getFileStatus(OzoneManager.java:3507) ~[ozone-manager-1.3.0-SNAPSHOT.jar:?]
	at org.apache.hadoop.ozone.protocolPB.OzoneManagerRequestHandler.getOzoneFileStatus(OzoneManagerRequestHandler.java:882) ~[ozone-manager-1.3.0-SNAPSHOT.jar:?]
	at org.apache.hadoop.ozone.protocolPB.OzoneManagerRequestHandler.handleReadRequest(OzoneManagerRequestHandler.java:228) ~[ozone-manager-1.3.0-SNAPSHOT.jar:?]
	at org.apache.hadoop.ozone.protocolPB.OzoneManagerProtocolServerSideTranslatorPB.submitRequestDirectlyToOM(OzoneManagerProtocolServerSideTranslatorPB.java:276) ~[ozone-manager-1.3.0-SNAPSHOT.jar:?]
	at org.apache.hadoop.ozone.protocolPB.OzoneManagerProtocolServerSideTranslatorPB.processRequest(OzoneManagerProtocolServerSideTranslatorPB.java:205) ~[ozone-manager-1.3.0-SNAPSHOT.jar:?]
	at org.apache.hadoop.hdds.server.OzoneProtocolMessageDispatcher.processRequest(OzoneProtocolMessageDispatcher.java:87) [hdds-server-framework-1.3.0-SNAPSHOT.jar:?]
	at org.apache.hadoop.ozone.protocolPB.OzoneManagerProtocolServerSideTranslatorPB.submitRequest(OzoneManagerProtocolServerSideTranslatorPB.java:147) [ozone-manager-1.3.0-SNAPSHOT.jar:?]
	at org.apache.hadoop.ozone.protocol.proto.OzoneManagerProtocolProtos$OzoneManagerService$2.callBlockingMethod(OzoneManagerProtocolProtos.java) [ozone-interface-client-1.3.0-SNAPSHOT.jar:?]
	at org.apache.hadoop.ipc.ProtobufRpcEngine$Server.processCall(ProtobufRpcEngine.java:466) [hadoop-common-3.3.1.jar:?]
	at org.apache.hadoop.ipc.ProtobufRpcEngine2$Server$ProtoBufRpcInvoker.call(ProtobufRpcEngine2.java:574) [hadoop-common-3.3.1.jar:?]
	at org.apache.hadoop.ipc.ProtobufRpcEngine2$Server$ProtoBufRpcInvoker.call(ProtobufRpcEngine2.java:552) [hadoop-common-3.3.1.jar:?]
	at org.apache.hadoop.ipc.RPC$Server.call(RPC.java:1093) [hadoop-common-3.3.1.jar:?]
	at org.apache.hadoop.ipc.Server$RpcCall.run(Server.java:1035) [hadoop-common-3.3.1.jar:?]
	at org.apache.hadoop.ipc.Server$RpcCall.run(Server.java:963) [hadoop-common-3.3.1.jar:?]
	at java.security.AccessController.doPrivileged(Native Method) ~[?:1.8.0_345]
	at javax.security.auth.Subject.doAs(Subject.java:422) [?:1.8.0_345]
	at org.apache.hadoop.security.UserGroupInformation.doAs(UserGroupInformation.java:1878) [hadoop-common-3.3.1.jar:?]
	at org.apache.hadoop.ipc.Server$Handler.run(Server.java:2966) [hadoop-common-3.3.1.jar:?]
2022-10-09 13:09:35,853 [Time-limited test] WARN  ozone.BasicOzoneFileSystem (BasicOzoneFileSystem.java:getFileStatus(765)) - GetFileStatus failed for path /gdir1/dir8
java.io.FileNotFoundException: gdir1/dir8: No such file or directory!
	at org.apache.hadoop.fs.ozone.BasicOzoneClientAdapterImpl.getFileStatus(BasicOzoneClientAdapterImpl.java:369)
	at org.apache.hadoop.fs.ozone.BasicOzoneFileSystem.getFileStatus(BasicOzoneFileSystem.java:757)
	at org.apache.hadoop.fs.ozone.TestOzoneFileSystem.checkPath(TestOzoneFileSystem.java:502)
	at org.apache.hadoop.fs.ozone.TestOzoneFileSystem.testRecursiveDelete(TestOzoneFileSystem.java:457)
	at sun.reflect.NativeMethodAccessorImpl.invoke0(Native Method)
	at sun.reflect.NativeMethodAccessorImpl.invoke(NativeMethodAccessorImpl.java:62)
	at sun.reflect.DelegatingMethodAccessorImpl.invoke(DelegatingMethodAccessorImpl.java:43)
	at java.lang.reflect.Method.invoke(Method.java:498)
	at org.junit.runners.model.FrameworkMethod$1.runReflectiveCall(FrameworkMethod.java:59)
	at org.junit.internal.runners.model.ReflectiveCallable.run(ReflectiveCallable.java:12)
	at org.junit.runners.model.FrameworkMethod.invokeExplosively(FrameworkMethod.java:56)
	at org.junit.internal.runners.statements.InvokeMethod.evaluate(InvokeMethod.java:17)
	at org.junit.internal.runners.statements.RunAfters.evaluate(RunAfters.java:27)
	at org.junit.internal.runners.statements.FailOnTimeout$CallableStatement.call(FailOnTimeout.java:288)
	at org.junit.internal.runners.statements.FailOnTimeout$CallableStatement.call(FailOnTimeout.java:282)
	at java.util.concurrent.FutureTask.run(FutureTask.java:266)
	at java.lang.Thread.run(Thread.java:750)
13:09:35.853 [IPC Server handler 2 on default port 34869] ERROR OMAudit - user=runner | ip=127.0.0.1 | op=GET_FILE_STATUS {volume=volume25253, bucket=bucket90791, key=gdir1/dir8/child, dataSize=0, replicationConfig=null} | ret=FAILURE
org.apache.hadoop.ozone.om.exceptions.OMException: Unable to get file status: volume: volume25253 bucket: bucket90791 key: gdir1/dir8/child
	at org.apache.hadoop.ozone.om.KeyManagerImpl.getOzoneFileStatus(KeyManagerImpl.java:1270) ~[ozone-manager-1.3.0-SNAPSHOT.jar:?]
	at org.apache.hadoop.ozone.om.KeyManagerImpl.getFileStatus(KeyManagerImpl.java:1200) ~[ozone-manager-1.3.0-SNAPSHOT.jar:?]
	at org.apache.hadoop.ozone.om.OzoneManager.getFileStatus(OzoneManager.java:3507) ~[ozone-manager-1.3.0-SNAPSHOT.jar:?]
	at org.apache.hadoop.ozone.protocolPB.OzoneManagerRequestHandler.getOzoneFileStatus(OzoneManagerRequestHandler.java:882) ~[ozone-manager-1.3.0-SNAPSHOT.jar:?]
	at org.apache.hadoop.ozone.protocolPB.OzoneManagerRequestHandler.handleReadRequest(OzoneManagerRequestHandler.java:228) ~[ozone-manager-1.3.0-SNAPSHOT.jar:?]
	at org.apache.hadoop.ozone.protocolPB.OzoneManagerProtocolServerSideTranslatorPB.submitRequestDirectlyToOM(OzoneManagerProtocolServerSideTranslatorPB.java:276) ~[ozone-manager-1.3.0-SNAPSHOT.jar:?]
	at org.apache.hadoop.ozone.protocolPB.OzoneManagerProtocolServerSideTranslatorPB.processRequest(OzoneManagerProtocolServerSideTranslatorPB.java:205) ~[ozone-manager-1.3.0-SNAPSHOT.jar:?]
	at org.apache.hadoop.hdds.server.OzoneProtocolMessageDispatcher.processRequest(OzoneProtocolMessageDispatcher.java:87) [hdds-server-framework-1.3.0-SNAPSHOT.jar:?]
	at org.apache.hadoop.ozone.protocolPB.OzoneManagerProtocolServerSideTranslatorPB.submitRequest(OzoneManagerProtocolServerSideTranslatorPB.java:147) [ozone-manager-1.3.0-SNAPSHOT.jar:?]
	at org.apache.hadoop.ozone.protocol.proto.OzoneManagerProtocolProtos$OzoneManagerService$2.callBlockingMethod(OzoneManagerProtocolProtos.java) [ozone-interface-client-1.3.0-SNAPSHOT.jar:?]
	at org.apache.hadoop.ipc.ProtobufRpcEngine$Server.processCall(ProtobufRpcEngine.java:466) [hadoop-common-3.3.1.jar:?]
	at org.apache.hadoop.ipc.ProtobufRpcEngine2$Server$ProtoBufRpcInvoker.call(ProtobufRpcEngine2.java:574) [hadoop-common-3.3.1.jar:?]
	at org.apache.hadoop.ipc.ProtobufRpcEngine2$Server$ProtoBufRpcInvoker.call(ProtobufRpcEngine2.java:552) [hadoop-common-3.3.1.jar:?]
	at org.apache.hadoop.ipc.RPC$Server.call(RPC.java:1093) [hadoop-common-3.3.1.jar:?]
	at org.apache.hadoop.ipc.Server$RpcCall.run(Server.java:1035) [hadoop-common-3.3.1.jar:?]
	at org.apache.hadoop.ipc.Server$RpcCall.run(Server.java:963) [hadoop-common-3.3.1.jar:?]
	at java.security.AccessController.doPrivileged(Native Method) ~[?:1.8.0_345]
	at javax.security.auth.Subject.doAs(Subject.java:422) [?:1.8.0_345]
	at org.apache.hadoop.security.UserGroupInformation.doAs(UserGroupInformation.java:1878) [hadoop-common-3.3.1.jar:?]
	at org.apache.hadoop.ipc.Server$Handler.run(Server.java:2966) [hadoop-common-3.3.1.jar:?]
2022-10-09 13:09:35,853 [Time-limited test] WARN  ozone.BasicOzoneFileSystem (BasicOzoneFileSystem.java:getFileStatus(765)) - GetFileStatus failed for path /gdir1/dir8/child
java.io.FileNotFoundException: gdir1/dir8/child: No such file or directory!
	at org.apache.hadoop.fs.ozone.BasicOzoneClientAdapterImpl.getFileStatus(BasicOzoneClientAdapterImpl.java:369)
	at org.apache.hadoop.fs.ozone.BasicOzoneFileSystem.getFileStatus(BasicOzoneFileSystem.java:757)
	at org.apache.hadoop.fs.ozone.TestOzoneFileSystem.checkPath(TestOzoneFileSystem.java:502)
	at org.apache.hadoop.fs.ozone.TestOzoneFileSystem.testRecursiveDelete(TestOzoneFileSystem.java:458)
	at sun.reflect.NativeMethodAccessorImpl.invoke0(Native Method)
	at sun.reflect.NativeMethodAccessorImpl.invoke(NativeMethodAccessorImpl.java:62)
	at sun.reflect.DelegatingMethodAccessorImpl.invoke(DelegatingMethodAccessorImpl.java:43)
	at java.lang.reflect.Method.invoke(Method.java:498)
	at org.junit.runners.model.FrameworkMethod$1.runReflectiveCall(FrameworkMethod.java:59)
	at org.junit.internal.runners.model.ReflectiveCallable.run(ReflectiveCallable.java:12)
	at org.junit.runners.model.FrameworkMethod.invokeExplosively(FrameworkMethod.java:56)
	at org.junit.internal.runners.statements.InvokeMethod.evaluate(InvokeMethod.java:17)
	at org.junit.internal.runners.statements.RunAfters.evaluate(RunAfters.java:27)
	at org.junit.internal.runners.statements.FailOnTimeout$CallableStatement.call(FailOnTimeout.java:288)
	at org.junit.internal.runners.statements.FailOnTimeout$CallableStatement.call(FailOnTimeout.java:282)
	at java.util.concurrent.FutureTask.run(FutureTask.java:266)
	at java.lang.Thread.run(Thread.java:750)
13:09:35.854 [IPC Server handler 0 on default port 34869] ERROR OMAudit - user=runner | ip=127.0.0.1 | op=GET_FILE_STATUS {volume=volume25253, bucket=bucket90791, key=gdir1/dir9, dataSize=0, replicationConfig=null} | ret=FAILURE
org.apache.hadoop.ozone.om.exceptions.OMException: Unable to get file status: volume: volume25253 bucket: bucket90791 key: gdir1/dir9
	at org.apache.hadoop.ozone.om.KeyManagerImpl.getOzoneFileStatus(KeyManagerImpl.java:1270) ~[ozone-manager-1.3.0-SNAPSHOT.jar:?]
	at org.apache.hadoop.ozone.om.KeyManagerImpl.getFileStatus(KeyManagerImpl.java:1200) ~[ozone-manager-1.3.0-SNAPSHOT.jar:?]
	at org.apache.hadoop.ozone.om.OzoneManager.getFileStatus(OzoneManager.java:3507) ~[ozone-manager-1.3.0-SNAPSHOT.jar:?]
	at org.apache.hadoop.ozone.protocolPB.OzoneManagerRequestHandler.getOzoneFileStatus(OzoneManagerRequestHandler.java:882) ~[ozone-manager-1.3.0-SNAPSHOT.jar:?]
	at org.apache.hadoop.ozone.protocolPB.OzoneManagerRequestHandler.handleReadRequest(OzoneManagerRequestHandler.java:228) ~[ozone-manager-1.3.0-SNAPSHOT.jar:?]
	at org.apache.hadoop.ozone.protocolPB.OzoneManagerProtocolServerSideTranslatorPB.submitRequestDirectlyToOM(OzoneManagerProtocolServerSideTranslatorPB.java:276) ~[ozone-manager-1.3.0-SNAPSHOT.jar:?]
	at org.apache.hadoop.ozone.protocolPB.OzoneManagerProtocolServerSideTranslatorPB.processRequest(OzoneManagerProtocolServerSideTranslatorPB.java:205) ~[ozone-manager-1.3.0-SNAPSHOT.jar:?]
	at org.apache.hadoop.hdds.server.OzoneProtocolMessageDispatcher.processRequest(OzoneProtocolMessageDispatcher.java:87) [hdds-server-framework-1.3.0-SNAPSHOT.jar:?]
	at org.apache.hadoop.ozone.protocolPB.OzoneManagerProtocolServerSideTranslatorPB.submitRequest(OzoneManagerProtocolServerSideTranslatorPB.java:147) [ozone-manager-1.3.0-SNAPSHOT.jar:?]
	at org.apache.hadoop.ozone.protocol.proto.OzoneManagerProtocolProtos$OzoneManagerService$2.callBlockingMethod(OzoneManagerProtocolProtos.java) [ozone-interface-client-1.3.0-SNAPSHOT.jar:?]
	at org.apache.hadoop.ipc.ProtobufRpcEngine$Server.processCall(ProtobufRpcEngine.java:466) [hadoop-common-3.3.1.jar:?]
	at org.apache.hadoop.ipc.ProtobufRpcEngine2$Server$ProtoBufRpcInvoker.call(ProtobufRpcEngine2.java:574) [hadoop-common-3.3.1.jar:?]
	at org.apache.hadoop.ipc.ProtobufRpcEngine2$Server$ProtoBufRpcInvoker.call(ProtobufRpcEngine2.java:552) [hadoop-common-3.3.1.jar:?]
	at org.apache.hadoop.ipc.RPC$Server.call(RPC.java:1093) [hadoop-common-3.3.1.jar:?]
	at org.apache.hadoop.ipc.Server$RpcCall.run(Server.java:1035) [hadoop-common-3.3.1.jar:?]
	at org.apache.hadoop.ipc.Server$RpcCall.run(Server.java:963) [hadoop-common-3.3.1.jar:?]
	at java.security.AccessController.doPrivileged(Native Method) ~[?:1.8.0_345]
	at javax.security.auth.Subject.doAs(Subject.java:422) [?:1.8.0_345]
	at org.apache.hadoop.security.UserGroupInformation.doAs(UserGroupInformation.java:1878) [hadoop-common-3.3.1.jar:?]
	at org.apache.hadoop.ipc.Server$Handler.run(Server.java:2966) [hadoop-common-3.3.1.jar:?]
2022-10-09 13:09:35,854 [Time-limited test] WARN  ozone.BasicOzoneFileSystem (BasicOzoneFileSystem.java:getFileStatus(765)) - GetFileStatus failed for path /gdir1/dir9
java.io.FileNotFoundException: gdir1/dir9: No such file or directory!
	at org.apache.hadoop.fs.ozone.BasicOzoneClientAdapterImpl.getFileStatus(BasicOzoneClientAdapterImpl.java:369)
	at org.apache.hadoop.fs.ozone.BasicOzoneFileSystem.getFileStatus(BasicOzoneFileSystem.java:757)
	at org.apache.hadoop.fs.ozone.TestOzoneFileSystem.checkPath(TestOzoneFileSystem.java:502)
	at org.apache.hadoop.fs.ozone.TestOzoneFileSystem.testRecursiveDelete(TestOzoneFileSystem.java:457)
	at sun.reflect.NativeMethodAccessorImpl.invoke0(Native Method)
	at sun.reflect.NativeMethodAccessorImpl.invoke(NativeMethodAccessorImpl.java:62)
	at sun.reflect.DelegatingMethodAccessorImpl.invoke(DelegatingMethodAccessorImpl.java:43)
	at java.lang.reflect.Method.invoke(Method.java:498)
	at org.junit.runners.model.FrameworkMethod$1.runReflectiveCall(FrameworkMethod.java:59)
	at org.junit.internal.runners.model.ReflectiveCallable.run(ReflectiveCallable.java:12)
	at org.junit.runners.model.FrameworkMethod.invokeExplosively(FrameworkMethod.java:56)
	at org.junit.internal.runners.statements.InvokeMethod.evaluate(InvokeMethod.java:17)
	at org.junit.internal.runners.statements.RunAfters.evaluate(RunAfters.java:27)
	at org.junit.internal.runners.statements.FailOnTimeout$CallableStatement.call(FailOnTimeout.java:288)
	at org.junit.internal.runners.statements.FailOnTimeout$CallableStatement.call(FailOnTimeout.java:282)
	at java.util.concurrent.FutureTask.run(FutureTask.java:266)
	at java.lang.Thread.run(Thread.java:750)
13:09:35.854 [IPC Server handler 6 on default port 34869] ERROR OMAudit - user=runner | ip=127.0.0.1 | op=GET_FILE_STATUS {volume=volume25253, bucket=bucket90791, key=gdir1/dir9/child, dataSize=0, replicationConfig=null} | ret=FAILURE
org.apache.hadoop.ozone.om.exceptions.OMException: Unable to get file status: volume: volume25253 bucket: bucket90791 key: gdir1/dir9/child
	at org.apache.hadoop.ozone.om.KeyManagerImpl.getOzoneFileStatus(KeyManagerImpl.java:1270) ~[ozone-manager-1.3.0-SNAPSHOT.jar:?]
	at org.apache.hadoop.ozone.om.KeyManagerImpl.getFileStatus(KeyManagerImpl.java:1200) ~[ozone-manager-1.3.0-SNAPSHOT.jar:?]
	at org.apache.hadoop.ozone.om.OzoneManager.getFileStatus(OzoneManager.java:3507) ~[ozone-manager-1.3.0-SNAPSHOT.jar:?]
	at org.apache.hadoop.ozone.protocolPB.OzoneManagerRequestHandler.getOzoneFileStatus(OzoneManagerRequestHandler.java:882) ~[ozone-manager-1.3.0-SNAPSHOT.jar:?]
	at org.apache.hadoop.ozone.protocolPB.OzoneManagerRequestHandler.handleReadRequest(OzoneManagerRequestHandler.java:228) ~[ozone-manager-1.3.0-SNAPSHOT.jar:?]
	at org.apache.hadoop.ozone.protocolPB.OzoneManagerProtocolServerSideTranslatorPB.submitRequestDirectlyToOM(OzoneManagerProtocolServerSideTranslatorPB.java:276) ~[ozone-manager-1.3.0-SNAPSHOT.jar:?]
	at org.apache.hadoop.ozone.protocolPB.OzoneManagerProtocolServerSideTranslatorPB.processRequest(OzoneManagerProtocolServerSideTranslatorPB.java:205) ~[ozone-manager-1.3.0-SNAPSHOT.jar:?]
	at org.apache.hadoop.hdds.server.OzoneProtocolMessageDispatcher.processRequest(OzoneProtocolMessageDispatcher.java:87) [hdds-server-framework-1.3.0-SNAPSHOT.jar:?]
	at org.apache.hadoop.ozone.protocolPB.OzoneManagerProtocolServerSideTranslatorPB.submitRequest(OzoneManagerProtocolServerSideTranslatorPB.java:147) [ozone-manager-1.3.0-SNAPSHOT.jar:?]
	at org.apache.hadoop.ozone.protocol.proto.OzoneManagerProtocolProtos$OzoneManagerService$2.callBlockingMethod(OzoneManagerProtocolProtos.java) [ozone-interface-client-1.3.0-SNAPSHOT.jar:?]
	at org.apache.hadoop.ipc.ProtobufRpcEngine$Server.processCall(ProtobufRpcEngine.java:466) [hadoop-common-3.3.1.jar:?]
	at org.apache.hadoop.ipc.ProtobufRpcEngine2$Server$ProtoBufRpcInvoker.call(ProtobufRpcEngine2.java:574) [hadoop-common-3.3.1.jar:?]
	at org.apache.hadoop.ipc.ProtobufRpcEngine2$Server$ProtoBufRpcInvoker.call(ProtobufRpcEngine2.java:552) [hadoop-common-3.3.1.jar:?]
	at org.apache.hadoop.ipc.RPC$Server.call(RPC.java:1093) [hadoop-common-3.3.1.jar:?]
	at org.apache.hadoop.ipc.Server$RpcCall.run(Server.java:1035) [hadoop-common-3.3.1.jar:?]
	at org.apache.hadoop.ipc.Server$RpcCall.run(Server.java:963) [hadoop-common-3.3.1.jar:?]
	at java.security.AccessController.doPrivileged(Native Method) ~[?:1.8.0_345]
	at javax.security.auth.Subject.doAs(Subject.java:422) [?:1.8.0_345]
	at org.apache.hadoop.security.UserGroupInformation.doAs(UserGroupInformation.java:1878) [hadoop-common-3.3.1.jar:?]
	at org.apache.hadoop.ipc.Server$Handler.run(Server.java:2966) [hadoop-common-3.3.1.jar:?]
2022-10-09 13:09:35,856 [Time-limited test] WARN  ozone.BasicOzoneFileSystem (BasicOzoneFileSystem.java:getFileStatus(765)) - GetFileStatus failed for path /gdir1/dir9/child
java.io.FileNotFoundException: gdir1/dir9/child: No such file or directory!
	at org.apache.hadoop.fs.ozone.BasicOzoneClientAdapterImpl.getFileStatus(BasicOzoneClientAdapterImpl.java:369)
	at org.apache.hadoop.fs.ozone.BasicOzoneFileSystem.getFileStatus(BasicOzoneFileSystem.java:757)
	at org.apache.hadoop.fs.ozone.TestOzoneFileSystem.checkPath(TestOzoneFileSystem.java:502)
	at org.apache.hadoop.fs.ozone.TestOzoneFileSystem.testRecursiveDelete(TestOzoneFileSystem.java:458)
	at sun.reflect.NativeMethodAccessorImpl.invoke0(Native Method)
	at sun.reflect.NativeMethodAccessorImpl.invoke(NativeMethodAccessorImpl.java:62)
	at sun.reflect.DelegatingMethodAccessorImpl.invoke(DelegatingMethodAccessorImpl.java:43)
	at java.lang.reflect.Method.invoke(Method.java:498)
	at org.junit.runners.model.FrameworkMethod$1.runReflectiveCall(FrameworkMethod.java:59)
	at org.junit.internal.runners.model.ReflectiveCallable.run(ReflectiveCallable.java:12)
	at org.junit.runners.model.FrameworkMethod.invokeExplosively(FrameworkMethod.java:56)
	at org.junit.internal.runners.statements.InvokeMethod.evaluate(InvokeMethod.java:17)
	at org.junit.internal.runners.statements.RunAfters.evaluate(RunAfters.java:27)
	at org.junit.internal.runners.statements.FailOnTimeout$CallableStatement.call(FailOnTimeout.java:288)
	at org.junit.internal.runners.statements.FailOnTimeout$CallableStatement.call(FailOnTimeout.java:282)
	at java.util.concurrent.FutureTask.run(FutureTask.java:266)
	at java.lang.Thread.run(Thread.java:750)
13:09:35.856 [IPC Server handler 12 on default port 34869] ERROR OMAudit - user=runner | ip=127.0.0.1 | op=GET_FILE_STATUS {volume=volume25253, bucket=bucket90791, key=gdir1/dir10, dataSize=0, replicationConfig=null} | ret=FAILURE
org.apache.hadoop.ozone.om.exceptions.OMException: Unable to get file status: volume: volume25253 bucket: bucket90791 key: gdir1/dir10
	at org.apache.hadoop.ozone.om.KeyManagerImpl.getOzoneFileStatus(KeyManagerImpl.java:1270) ~[ozone-manager-1.3.0-SNAPSHOT.jar:?]
	at org.apache.hadoop.ozone.om.KeyManagerImpl.getFileStatus(KeyManagerImpl.java:1200) ~[ozone-manager-1.3.0-SNAPSHOT.jar:?]
	at org.apache.hadoop.ozone.om.OzoneManager.getFileStatus(OzoneManager.java:3507) ~[ozone-manager-1.3.0-SNAPSHOT.jar:?]
	at org.apache.hadoop.ozone.protocolPB.OzoneManagerRequestHandler.getOzoneFileStatus(OzoneManagerRequestHandler.java:882) ~[ozone-manager-1.3.0-SNAPSHOT.jar:?]
	at org.apache.hadoop.ozone.protocolPB.OzoneManagerRequestHandler.handleReadRequest(OzoneManagerRequestHandler.java:228) ~[ozone-manager-1.3.0-SNAPSHOT.jar:?]
	at org.apache.hadoop.ozone.protocolPB.OzoneManagerProtocolServerSideTranslatorPB.submitRequestDirectlyToOM(OzoneManagerProtocolServerSideTranslatorPB.java:276) ~[ozone-manager-1.3.0-SNAPSHOT.jar:?]
	at org.apache.hadoop.ozone.protocolPB.OzoneManagerProtocolServerSideTranslatorPB.processRequest(OzoneManagerProtocolServerSideTranslatorPB.java:205) ~[ozone-manager-1.3.0-SNAPSHOT.jar:?]
	at org.apache.hadoop.hdds.server.OzoneProtocolMessageDispatcher.processRequest(OzoneProtocolMessageDispatcher.java:87) [hdds-server-framework-1.3.0-SNAPSHOT.jar:?]
	at org.apache.hadoop.ozone.protocolPB.OzoneManagerProtocolServerSideTranslatorPB.submitRequest(OzoneManagerProtocolServerSideTranslatorPB.java:147) [ozone-manager-1.3.0-SNAPSHOT.jar:?]
	at org.apache.hadoop.ozone.protocol.proto.OzoneManagerProtocolProtos$OzoneManagerService$2.callBlockingMethod(OzoneManagerProtocolProtos.java) [ozone-interface-client-1.3.0-SNAPSHOT.jar:?]
	at org.apache.hadoop.ipc.ProtobufRpcEngine$Server.processCall(ProtobufRpcEngine.java:466) [hadoop-common-3.3.1.jar:?]
	at org.apache.hadoop.ipc.ProtobufRpcEngine2$Server$ProtoBufRpcInvoker.call(ProtobufRpcEngine2.java:574) [hadoop-common-3.3.1.jar:?]
	at org.apache.hadoop.ipc.ProtobufRpcEngine2$Server$ProtoBufRpcInvoker.call(ProtobufRpcEngine2.java:552) [hadoop-common-3.3.1.jar:?]
	at org.apache.hadoop.ipc.RPC$Server.call(RPC.java:1093) [hadoop-common-3.3.1.jar:?]
	at org.apache.hadoop.ipc.Server$RpcCall.run(Server.java:1035) [hadoop-common-3.3.1.jar:?]
	at org.apache.hadoop.ipc.Server$RpcCall.run(Server.java:963) [hadoop-common-3.3.1.jar:?]
	at java.security.AccessController.doPrivileged(Native Method) ~[?:1.8.0_345]
	at javax.security.auth.Subject.doAs(Subject.java:422) [?:1.8.0_345]
	at org.apache.hadoop.security.UserGroupInformation.doAs(UserGroupInformation.java:1878) [hadoop-common-3.3.1.jar:?]
	at org.apache.hadoop.ipc.Server$Handler.run(Server.java:2966) [hadoop-common-3.3.1.jar:?]
2022-10-09 13:09:35,856 [Time-limited test] WARN  ozone.BasicOzoneFileSystem (BasicOzoneFileSystem.java:getFileStatus(765)) - GetFileStatus failed for path /gdir1/dir10
java.io.FileNotFoundException: gdir1/dir10: No such file or directory!
	at org.apache.hadoop.fs.ozone.BasicOzoneClientAdapterImpl.getFileStatus(BasicOzoneClientAdapterImpl.java:369)
	at org.apache.hadoop.fs.ozone.BasicOzoneFileSystem.getFileStatus(BasicOzoneFileSystem.java:757)
	at org.apache.hadoop.fs.ozone.TestOzoneFileSystem.checkPath(TestOzoneFileSystem.java:502)
	at org.apache.hadoop.fs.ozone.TestOzoneFileSystem.testRecursiveDelete(TestOzoneFileSystem.java:457)
	at sun.reflect.NativeMethodAccessorImpl.invoke0(Native Method)
	at sun.reflect.NativeMethodAccessorImpl.invoke(NativeMethodAccessorImpl.java:62)
	at sun.reflect.DelegatingMethodAccessorImpl.invoke(DelegatingMethodAccessorImpl.java:43)
	at java.lang.reflect.Method.invoke(Method.java:498)
	at org.junit.runners.model.FrameworkMethod$1.runReflectiveCall(FrameworkMethod.java:59)
	at org.junit.internal.runners.model.ReflectiveCallable.run(ReflectiveCallable.java:12)
	at org.junit.runners.model.FrameworkMethod.invokeExplosively(FrameworkMethod.java:56)
	at org.junit.internal.runners.statements.InvokeMethod.evaluate(InvokeMethod.java:17)
	at org.junit.internal.runners.statements.RunAfters.evaluate(RunAfters.java:27)
	at org.junit.internal.runners.statements.FailOnTimeout$CallableStatement.call(FailOnTimeout.java:288)
	at org.junit.internal.runners.statements.FailOnTimeout$CallableStatement.call(FailOnTimeout.java:282)
	at java.util.concurrent.FutureTask.run(FutureTask.java:266)
	at java.lang.Thread.run(Thread.java:750)
13:09:35.857 [IPC Server handler 10 on default port 34869] ERROR OMAudit - user=runner | ip=127.0.0.1 | op=GET_FILE_STATUS {volume=volume25253, bucket=bucket90791, key=gdir1/dir10/child, dataSize=0, replicationConfig=null} | ret=FAILURE
org.apache.hadoop.ozone.om.exceptions.OMException: Unable to get file status: volume: volume25253 bucket: bucket90791 key: gdir1/dir10/child
	at org.apache.hadoop.ozone.om.KeyManagerImpl.getOzoneFileStatus(KeyManagerImpl.java:1270) ~[ozone-manager-1.3.0-SNAPSHOT.jar:?]
	at org.apache.hadoop.ozone.om.KeyManagerImpl.getFileStatus(KeyManagerImpl.java:1200) ~[ozone-manager-1.3.0-SNAPSHOT.jar:?]
	at org.apache.hadoop.ozone.om.OzoneManager.getFileStatus(OzoneManager.java:3507) ~[ozone-manager-1.3.0-SNAPSHOT.jar:?]
	at org.apache.hadoop.ozone.protocolPB.OzoneManagerRequestHandler.getOzoneFileStatus(OzoneManagerRequestHandler.java:882) ~[ozone-manager-1.3.0-SNAPSHOT.jar:?]
	at org.apache.hadoop.ozone.protocolPB.OzoneManagerRequestHandler.handleReadRequest(OzoneManagerRequestHandler.java:228) ~[ozone-manager-1.3.0-SNAPSHOT.jar:?]
	at org.apache.hadoop.ozone.protocolPB.OzoneManagerProtocolServerSideTranslatorPB.submitRequestDirectlyToOM(OzoneManagerProtocolServerSideTranslatorPB.java:276) ~[ozone-manager-1.3.0-SNAPSHOT.jar:?]
	at org.apache.hadoop.ozone.protocolPB.OzoneManagerProtocolServerSideTranslatorPB.processRequest(OzoneManagerProtocolServerSideTranslatorPB.java:205) ~[ozone-manager-1.3.0-SNAPSHOT.jar:?]
	at org.apache.hadoop.hdds.server.OzoneProtocolMessageDispatcher.processRequest(OzoneProtocolMessageDispatcher.java:87) [hdds-server-framework-1.3.0-SNAPSHOT.jar:?]
	at org.apache.hadoop.ozone.protocolPB.OzoneManagerProtocolServerSideTranslatorPB.submitRequest(OzoneManagerProtocolServerSideTranslatorPB.java:147) [ozone-manager-1.3.0-SNAPSHOT.jar:?]
	at org.apache.hadoop.ozone.protocol.proto.OzoneManagerProtocolProtos$OzoneManagerService$2.callBlockingMethod(OzoneManagerProtocolProtos.java) [ozone-interface-client-1.3.0-SNAPSHOT.jar:?]
	at org.apache.hadoop.ipc.ProtobufRpcEngine$Server.processCall(ProtobufRpcEngine.java:466) [hadoop-common-3.3.1.jar:?]
	at org.apache.hadoop.ipc.ProtobufRpcEngine2$Server$ProtoBufRpcInvoker.call(ProtobufRpcEngine2.java:574) [hadoop-common-3.3.1.jar:?]
	at org.apache.hadoop.ipc.ProtobufRpcEngine2$Server$ProtoBufRpcInvoker.call(ProtobufRpcEngine2.java:552) [hadoop-common-3.3.1.jar:?]
	at org.apache.hadoop.ipc.RPC$Server.call(RPC.java:1093) [hadoop-common-3.3.1.jar:?]
	at org.apache.hadoop.ipc.Server$RpcCall.run(Server.java:1035) [hadoop-common-3.3.1.jar:?]
	at org.apache.hadoop.ipc.Server$RpcCall.run(Server.java:963) [hadoop-common-3.3.1.jar:?]
	at java.security.AccessController.doPrivileged(Native Method) ~[?:1.8.0_345]
	at javax.security.auth.Subject.doAs(Subject.java:422) [?:1.8.0_345]
	at org.apache.hadoop.security.UserGroupInformation.doAs(UserGroupInformation.java:1878) [hadoop-common-3.3.1.jar:?]
	at org.apache.hadoop.ipc.Server$Handler.run(Server.java:2966) [hadoop-common-3.3.1.jar:?]
2022-10-09 13:09:35,864 [Time-limited test] WARN  ozone.BasicOzoneFileSystem (BasicOzoneFileSystem.java:getFileStatus(765)) - GetFileStatus failed for path /gdir1/dir10/child
java.io.FileNotFoundException: gdir1/dir10/child: No such file or directory!
	at org.apache.hadoop.fs.ozone.BasicOzoneClientAdapterImpl.getFileStatus(BasicOzoneClientAdapterImpl.java:369)
	at org.apache.hadoop.fs.ozone.BasicOzoneFileSystem.getFileStatus(BasicOzoneFileSystem.java:757)
	at org.apache.hadoop.fs.ozone.TestOzoneFileSystem.checkPath(TestOzoneFileSystem.java:502)
	at org.apache.hadoop.fs.ozone.TestOzoneFileSystem.testRecursiveDelete(TestOzoneFileSystem.java:458)
	at sun.reflect.NativeMethodAccessorImpl.invoke0(Native Method)
	at sun.reflect.NativeMethodAccessorImpl.invoke(NativeMethodAccessorImpl.java:62)
	at sun.reflect.DelegatingMethodAccessorImpl.invoke(DelegatingMethodAccessorImpl.java:43)
	at java.lang.reflect.Method.invoke(Method.java:498)
	at org.junit.runners.model.FrameworkMethod$1.runReflectiveCall(FrameworkMethod.java:59)
	at org.junit.internal.runners.model.ReflectiveCallable.run(ReflectiveCallable.java:12)
	at org.junit.runners.model.FrameworkMethod.invokeExplosively(FrameworkMethod.java:56)
	at org.junit.internal.runners.statements.InvokeMethod.evaluate(InvokeMethod.java:17)
	at org.junit.internal.runners.statements.RunAfters.evaluate(RunAfters.java:27)
	at org.junit.internal.runners.statements.FailOnTimeout$CallableStatement.call(FailOnTimeout.java:288)
	at org.junit.internal.runners.statements.FailOnTimeout$CallableStatement.call(FailOnTimeout.java:282)
	at java.util.concurrent.FutureTask.run(FutureTask.java:266)
	at java.lang.Thread.run(Thread.java:750)
13:09:35.921 [IPC Server handler 1 on default port 34869] ERROR OMAudit - user=runner | ip=127.0.0.1 | op=GET_FILE_STATUS {volume=volume25253, bucket=bucket90791, key=level0, dataSize=0, replicationConfig=null} | ret=FAILURE
org.apache.hadoop.ozone.om.exceptions.OMException: Unable to get file status: volume: volume25253 bucket: bucket90791 key: level0
	at org.apache.hadoop.ozone.om.KeyManagerImpl.getOzoneFileStatus(KeyManagerImpl.java:1270) ~[ozone-manager-1.3.0-SNAPSHOT.jar:?]
	at org.apache.hadoop.ozone.om.KeyManagerImpl.getFileStatus(KeyManagerImpl.java:1200) ~[ozone-manager-1.3.0-SNAPSHOT.jar:?]
	at org.apache.hadoop.ozone.om.OzoneManager.getFileStatus(OzoneManager.java:3507) ~[ozone-manager-1.3.0-SNAPSHOT.jar:?]
	at org.apache.hadoop.ozone.protocolPB.OzoneManagerRequestHandler.getOzoneFileStatus(OzoneManagerRequestHandler.java:882) ~[ozone-manager-1.3.0-SNAPSHOT.jar:?]
	at org.apache.hadoop.ozone.protocolPB.OzoneManagerRequestHandler.handleReadRequest(OzoneManagerRequestHandler.java:228) ~[ozone-manager-1.3.0-SNAPSHOT.jar:?]
	at org.apache.hadoop.ozone.protocolPB.OzoneManagerProtocolServerSideTranslatorPB.submitRequestDirectlyToOM(OzoneManagerProtocolServerSideTranslatorPB.java:276) ~[ozone-manager-1.3.0-SNAPSHOT.jar:?]
	at org.apache.hadoop.ozone.protocolPB.OzoneManagerProtocolServerSideTranslatorPB.processRequest(OzoneManagerProtocolServerSideTranslatorPB.java:205) ~[ozone-manager-1.3.0-SNAPSHOT.jar:?]
	at org.apache.hadoop.hdds.server.OzoneProtocolMessageDispatcher.processRequest(OzoneProtocolMessageDispatcher.java:87) [hdds-server-framework-1.3.0-SNAPSHOT.jar:?]
	at org.apache.hadoop.ozone.protocolPB.OzoneManagerProtocolServerSideTranslatorPB.submitRequest(OzoneManagerProtocolServerSideTranslatorPB.java:147) [ozone-manager-1.3.0-SNAPSHOT.jar:?]
	at org.apache.hadoop.ozone.protocol.proto.OzoneManagerProtocolProtos$OzoneManagerService$2.callBlockingMethod(OzoneManagerProtocolProtos.java) [ozone-interface-client-1.3.0-SNAPSHOT.jar:?]
	at org.apache.hadoop.ipc.ProtobufRpcEngine$Server.processCall(ProtobufRpcEngine.java:466) [hadoop-common-3.3.1.jar:?]
	at org.apache.hadoop.ipc.ProtobufRpcEngine2$Server$ProtoBufRpcInvoker.call(ProtobufRpcEngine2.java:574) [hadoop-common-3.3.1.jar:?]
	at org.apache.hadoop.ipc.ProtobufRpcEngine2$Server$ProtoBufRpcInvoker.call(ProtobufRpcEngine2.java:552) [hadoop-common-3.3.1.jar:?]
	at org.apache.hadoop.ipc.RPC$Server.call(RPC.java:1093) [hadoop-common-3.3.1.jar:?]
	at org.apache.hadoop.ipc.Server$RpcCall.run(Server.java:1035) [hadoop-common-3.3.1.jar:?]
	at org.apache.hadoop.ipc.Server$RpcCall.run(Server.java:963) [hadoop-common-3.3.1.jar:?]
	at java.security.AccessController.doPrivileged(Native Method) ~[?:1.8.0_345]
	at javax.security.auth.Subject.doAs(Subject.java:422) [?:1.8.0_345]
	at org.apache.hadoop.security.UserGroupInformation.doAs(UserGroupInformation.java:1878) [hadoop-common-3.3.1.jar:?]
	at org.apache.hadoop.ipc.Server$Handler.run(Server.java:2966) [hadoop-common-3.3.1.jar:?]
2022-10-09 13:09:35,921 [Time-limited test] WARN  ozone.BasicOzoneFileSystem (BasicOzoneFileSystem.java:getFileStatus(765)) - GetFileStatus failed for path /level0
java.io.FileNotFoundException: level0: No such file or directory!
	at org.apache.hadoop.fs.ozone.BasicOzoneClientAdapterImpl.getFileStatus(BasicOzoneClientAdapterImpl.java:369)
	at org.apache.hadoop.fs.ozone.BasicOzoneFileSystem.getFileStatus(BasicOzoneFileSystem.java:757)
	at org.apache.hadoop.fs.ozone.TestOzoneFileSystem.checkPath(TestOzoneFileSystem.java:502)
	at org.apache.hadoop.fs.ozone.TestOzoneFileSystem.testRecursiveDelete(TestOzoneFileSystem.java:486)
	at sun.reflect.NativeMethodAccessorImpl.invoke0(Native Method)
	at sun.reflect.NativeMethodAccessorImpl.invoke(NativeMethodAccessorImpl.java:62)
	at sun.reflect.DelegatingMethodAccessorImpl.invoke(DelegatingMethodAccessorImpl.java:43)
	at java.lang.reflect.Method.invoke(Method.java:498)
	at org.junit.runners.model.FrameworkMethod$1.runReflectiveCall(FrameworkMethod.java:59)
	at org.junit.internal.runners.model.ReflectiveCallable.run(ReflectiveCallable.java:12)
	at org.junit.runners.model.FrameworkMethod.invokeExplosively(FrameworkMethod.java:56)
	at org.junit.internal.runners.statements.InvokeMethod.evaluate(InvokeMethod.java:17)
	at org.junit.internal.runners.statements.RunAfters.evaluate(RunAfters.java:27)
	at org.junit.internal.runners.statements.FailOnTimeout$CallableStatement.call(FailOnTimeout.java:288)
	at org.junit.internal.runners.statements.FailOnTimeout$CallableStatement.call(FailOnTimeout.java:282)
	at java.util.concurrent.FutureTask.run(FutureTask.java:266)
	at java.lang.Thread.run(Thread.java:750)
13:09:35.922 [IPC Server handler 3 on default port 34869] ERROR OMAudit - user=runner | ip=127.0.0.1 | op=GET_FILE_STATUS {volume=volume25253, bucket=bucket90791, key=level0/level1, dataSize=0, replicationConfig=null} | ret=FAILURE
org.apache.hadoop.ozone.om.exceptions.OMException: Unable to get file status: volume: volume25253 bucket: bucket90791 key: level0/level1
	at org.apache.hadoop.ozone.om.KeyManagerImpl.getOzoneFileStatus(KeyManagerImpl.java:1270) ~[ozone-manager-1.3.0-SNAPSHOT.jar:?]
	at org.apache.hadoop.ozone.om.KeyManagerImpl.getFileStatus(KeyManagerImpl.java:1200) ~[ozone-manager-1.3.0-SNAPSHOT.jar:?]
	at org.apache.hadoop.ozone.om.OzoneManager.getFileStatus(OzoneManager.java:3507) ~[ozone-manager-1.3.0-SNAPSHOT.jar:?]
	at org.apache.hadoop.ozone.protocolPB.OzoneManagerRequestHandler.getOzoneFileStatus(OzoneManagerRequestHandler.java:882) ~[ozone-manager-1.3.0-SNAPSHOT.jar:?]
	at org.apache.hadoop.ozone.protocolPB.OzoneManagerRequestHandler.handleReadRequest(OzoneManagerRequestHandler.java:228) ~[ozone-manager-1.3.0-SNAPSHOT.jar:?]
	at org.apache.hadoop.ozone.protocolPB.OzoneManagerProtocolServerSideTranslatorPB.submitRequestDirectlyToOM(OzoneManagerProtocolServerSideTranslatorPB.java:276) ~[ozone-manager-1.3.0-SNAPSHOT.jar:?]
	at org.apache.hadoop.ozone.protocolPB.OzoneManagerProtocolServerSideTranslatorPB.processRequest(OzoneManagerProtocolServerSideTranslatorPB.java:205) ~[ozone-manager-1.3.0-SNAPSHOT.jar:?]
	at org.apache.hadoop.hdds.server.OzoneProtocolMessageDispatcher.processRequest(OzoneProtocolMessageDispatcher.java:87) [hdds-server-framework-1.3.0-SNAPSHOT.jar:?]
	at org.apache.hadoop.ozone.protocolPB.OzoneManagerProtocolServerSideTranslatorPB.submitRequest(OzoneManagerProtocolServerSideTranslatorPB.java:147) [ozone-manager-1.3.0-SNAPSHOT.jar:?]
	at org.apache.hadoop.ozone.protocol.proto.OzoneManagerProtocolProtos$OzoneManagerService$2.callBlockingMethod(OzoneManagerProtocolProtos.java) [ozone-interface-client-1.3.0-SNAPSHOT.jar:?]
	at org.apache.hadoop.ipc.ProtobufRpcEngine$Server.processCall(ProtobufRpcEngine.java:466) [hadoop-common-3.3.1.jar:?]
	at org.apache.hadoop.ipc.ProtobufRpcEngine2$Server$ProtoBufRpcInvoker.call(ProtobufRpcEngine2.java:574) [hadoop-common-3.3.1.jar:?]
	at org.apache.hadoop.ipc.ProtobufRpcEngine2$Server$ProtoBufRpcInvoker.call(ProtobufRpcEngine2.java:552) [hadoop-common-3.3.1.jar:?]
	at org.apache.hadoop.ipc.RPC$Server.call(RPC.java:1093) [hadoop-common-3.3.1.jar:?]
	at org.apache.hadoop.ipc.Server$RpcCall.run(Server.java:1035) [hadoop-common-3.3.1.jar:?]
	at org.apache.hadoop.ipc.Server$RpcCall.run(Server.java:963) [hadoop-common-3.3.1.jar:?]
	at java.security.AccessController.doPrivileged(Native Method) ~[?:1.8.0_345]
	at javax.security.auth.Subject.doAs(Subject.java:422) [?:1.8.0_345]
	at org.apache.hadoop.security.UserGroupInformation.doAs(UserGroupInformation.java:1878) [hadoop-common-3.3.1.jar:?]
	at org.apache.hadoop.ipc.Server$Handler.run(Server.java:2966) [hadoop-common-3.3.1.jar:?]
2022-10-09 13:09:35,922 [Time-limited test] WARN  ozone.BasicOzoneFileSystem (BasicOzoneFileSystem.java:getFileStatus(765)) - GetFileStatus failed for path /level0/level1
java.io.FileNotFoundException: level0/level1: No such file or directory!
	at org.apache.hadoop.fs.ozone.BasicOzoneClientAdapterImpl.getFileStatus(BasicOzoneClientAdapterImpl.java:369)
	at org.apache.hadoop.fs.ozone.BasicOzoneFileSystem.getFileStatus(BasicOzoneFileSystem.java:757)
	at org.apache.hadoop.fs.ozone.TestOzoneFileSystem.checkPath(TestOzoneFileSystem.java:502)
	at org.apache.hadoop.fs.ozone.TestOzoneFileSystem.testRecursiveDelete(TestOzoneFileSystem.java:493)
	at sun.reflect.NativeMethodAccessorImpl.invoke0(Native Method)
	at sun.reflect.NativeMethodAccessorImpl.invoke(NativeMethodAccessorImpl.java:62)
	at sun.reflect.DelegatingMethodAccessorImpl.invoke(DelegatingMethodAccessorImpl.java:43)
	at java.lang.reflect.Method.invoke(Method.java:498)
	at org.junit.runners.model.FrameworkMethod$1.runReflectiveCall(FrameworkMethod.java:59)
	at org.junit.internal.runners.model.ReflectiveCallable.run(ReflectiveCallable.java:12)
	at org.junit.runners.model.FrameworkMethod.invokeExplosively(FrameworkMethod.java:56)
	at org.junit.internal.runners.statements.InvokeMethod.evaluate(InvokeMethod.java:17)
	at org.junit.internal.runners.statements.RunAfters.evaluate(RunAfters.java:27)
	at org.junit.internal.runners.statements.FailOnTimeout$CallableStatement.call(FailOnTimeout.java:288)
	at org.junit.internal.runners.statements.FailOnTimeout$CallableStatement.call(FailOnTimeout.java:282)
	at java.util.concurrent.FutureTask.run(FutureTask.java:266)
	at java.lang.Thread.run(Thread.java:750)
13:09:35.923 [IPC Server handler 2 on default port 34869] ERROR OMAudit - user=runner | ip=127.0.0.1 | op=GET_FILE_STATUS {volume=volume25253, bucket=bucket90791, key=level0/level1/level1, dataSize=0, replicationConfig=null} | ret=FAILURE
org.apache.hadoop.ozone.om.exceptions.OMException: Unable to get file status: volume: volume25253 bucket: bucket90791 key: level0/level1/level1
	at org.apache.hadoop.ozone.om.KeyManagerImpl.getOzoneFileStatus(KeyManagerImpl.java:1270) ~[ozone-manager-1.3.0-SNAPSHOT.jar:?]
	at org.apache.hadoop.ozone.om.KeyManagerImpl.getFileStatus(KeyManagerImpl.java:1200) ~[ozone-manager-1.3.0-SNAPSHOT.jar:?]
	at org.apache.hadoop.ozone.om.OzoneManager.getFileStatus(OzoneManager.java:3507) ~[ozone-manager-1.3.0-SNAPSHOT.jar:?]
	at org.apache.hadoop.ozone.protocolPB.OzoneManagerRequestHandler.getOzoneFileStatus(OzoneManagerRequestHandler.java:882) ~[ozone-manager-1.3.0-SNAPSHOT.jar:?]
	at org.apache.hadoop.ozone.protocolPB.OzoneManagerRequestHandler.handleReadRequest(OzoneManagerRequestHandler.java:228) ~[ozone-manager-1.3.0-SNAPSHOT.jar:?]
	at org.apache.hadoop.ozone.protocolPB.OzoneManagerProtocolServerSideTranslatorPB.submitRequestDirectlyToOM(OzoneManagerProtocolServerSideTranslatorPB.java:276) ~[ozone-manager-1.3.0-SNAPSHOT.jar:?]
	at org.apache.hadoop.ozone.protocolPB.OzoneManagerProtocolServerSideTranslatorPB.processRequest(OzoneManagerProtocolServerSideTranslatorPB.java:205) ~[ozone-manager-1.3.0-SNAPSHOT.jar:?]
	at org.apache.hadoop.hdds.server.OzoneProtocolMessageDispatcher.processRequest(OzoneProtocolMessageDispatcher.java:87) [hdds-server-framework-1.3.0-SNAPSHOT.jar:?]
	at org.apache.hadoop.ozone.protocolPB.OzoneManagerProtocolServerSideTranslatorPB.submitRequest(OzoneManagerProtocolServerSideTranslatorPB.java:147) [ozone-manager-1.3.0-SNAPSHOT.jar:?]
	at org.apache.hadoop.ozone.protocol.proto.OzoneManagerProtocolProtos$OzoneManagerService$2.callBlockingMethod(OzoneManagerProtocolProtos.java) [ozone-interface-client-1.3.0-SNAPSHOT.jar:?]
	at org.apache.hadoop.ipc.ProtobufRpcEngine$Server.processCall(ProtobufRpcEngine.java:466) [hadoop-common-3.3.1.jar:?]
	at org.apache.hadoop.ipc.ProtobufRpcEngine2$Server$ProtoBufRpcInvoker.call(ProtobufRpcEngine2.java:574) [hadoop-common-3.3.1.jar:?]
	at org.apache.hadoop.ipc.ProtobufRpcEngine2$Server$ProtoBufRpcInvoker.call(ProtobufRpcEngine2.java:552) [hadoop-common-3.3.1.jar:?]
	at org.apache.hadoop.ipc.RPC$Server.call(RPC.java:1093) [hadoop-common-3.3.1.jar:?]
	at org.apache.hadoop.ipc.Server$RpcCall.run(Server.java:1035) [hadoop-common-3.3.1.jar:?]
	at org.apache.hadoop.ipc.Server$RpcCall.run(Server.java:963) [hadoop-common-3.3.1.jar:?]
	at java.security.AccessController.doPrivileged(Native Method) ~[?:1.8.0_345]
	at javax.security.auth.Subject.doAs(Subject.java:422) [?:1.8.0_345]
	at org.apache.hadoop.security.UserGroupInformation.doAs(UserGroupInformation.java:1878) [hadoop-common-3.3.1.jar:?]
	at org.apache.hadoop.ipc.Server$Handler.run(Server.java:2966) [hadoop-common-3.3.1.jar:?]
2022-10-09 13:09:35,923 [Time-limited test] WARN  ozone.BasicOzoneFileSystem (BasicOzoneFileSystem.java:getFileStatus(765)) - GetFileStatus failed for path /level0/level1/level1
java.io.FileNotFoundException: level0/level1/level1: No such file or directory!
	at org.apache.hadoop.fs.ozone.BasicOzoneClientAdapterImpl.getFileStatus(BasicOzoneClientAdapterImpl.java:369)
	at org.apache.hadoop.fs.ozone.BasicOzoneFileSystem.getFileStatus(BasicOzoneFileSystem.java:757)
	at org.apache.hadoop.fs.ozone.TestOzoneFileSystem.checkPath(TestOzoneFileSystem.java:502)
	at org.apache.hadoop.fs.ozone.TestOzoneFileSystem.testRecursiveDelete(TestOzoneFileSystem.java:494)
	at sun.reflect.NativeMethodAccessorImpl.invoke0(Native Method)
	at sun.reflect.NativeMethodAccessorImpl.invoke(NativeMethodAccessorImpl.java:62)
	at sun.reflect.DelegatingMethodAccessorImpl.invoke(DelegatingMethodAccessorImpl.java:43)
	at java.lang.reflect.Method.invoke(Method.java:498)
	at org.junit.runners.model.FrameworkMethod$1.runReflectiveCall(FrameworkMethod.java:59)
	at org.junit.internal.runners.model.ReflectiveCallable.run(ReflectiveCallable.java:12)
	at org.junit.runners.model.FrameworkMethod.invokeExplosively(FrameworkMethod.java:56)
	at org.junit.internal.runners.statements.InvokeMethod.evaluate(InvokeMethod.java:17)
	at org.junit.internal.runners.statements.RunAfters.evaluate(RunAfters.java:27)
	at org.junit.internal.runners.statements.FailOnTimeout$CallableStatement.call(FailOnTimeout.java:288)
	at org.junit.internal.runners.statements.FailOnTimeout$CallableStatement.call(FailOnTimeout.java:282)
	at java.util.concurrent.FutureTask.run(FutureTask.java:266)
	at java.lang.Thread.run(Thread.java:750)
13:09:35.923 [IPC Server handler 0 on default port 34869] ERROR OMAudit - user=runner | ip=127.0.0.1 | op=GET_FILE_STATUS {volume=volume25253, bucket=bucket90791, key=level0/level1/file1, dataSize=0, replicationConfig=null} | ret=FAILURE
org.apache.hadoop.ozone.om.exceptions.OMException: Unable to get file status: volume: volume25253 bucket: bucket90791 key: level0/level1/file1
	at org.apache.hadoop.ozone.om.KeyManagerImpl.getOzoneFileStatus(KeyManagerImpl.java:1270) ~[ozone-manager-1.3.0-SNAPSHOT.jar:?]
	at org.apache.hadoop.ozone.om.KeyManagerImpl.getFileStatus(KeyManagerImpl.java:1200) ~[ozone-manager-1.3.0-SNAPSHOT.jar:?]
	at org.apache.hadoop.ozone.om.OzoneManager.getFileStatus(OzoneManager.java:3507) ~[ozone-manager-1.3.0-SNAPSHOT.jar:?]
	at org.apache.hadoop.ozone.protocolPB.OzoneManagerRequestHandler.getOzoneFileStatus(OzoneManagerRequestHandler.java:882) ~[ozone-manager-1.3.0-SNAPSHOT.jar:?]
	at org.apache.hadoop.ozone.protocolPB.OzoneManagerRequestHandler.handleReadRequest(OzoneManagerRequestHandler.java:228) ~[ozone-manager-1.3.0-SNAPSHOT.jar:?]
	at org.apache.hadoop.ozone.protocolPB.OzoneManagerProtocolServerSideTranslatorPB.submitRequestDirectlyToOM(OzoneManagerProtocolServerSideTranslatorPB.java:276) ~[ozone-manager-1.3.0-SNAPSHOT.jar:?]
	at org.apache.hadoop.ozone.protocolPB.OzoneManagerProtocolServerSideTranslatorPB.processRequest(OzoneManagerProtocolServerSideTranslatorPB.java:205) ~[ozone-manager-1.3.0-SNAPSHOT.jar:?]
	at org.apache.hadoop.hdds.server.OzoneProtocolMessageDispatcher.processRequest(OzoneProtocolMessageDispatcher.java:87) [hdds-server-framework-1.3.0-SNAPSHOT.jar:?]
	at org.apache.hadoop.ozone.protocolPB.OzoneManagerProtocolServerSideTranslatorPB.submitRequest(OzoneManagerProtocolServerSideTranslatorPB.java:147) [ozone-manager-1.3.0-SNAPSHOT.jar:?]
	at org.apache.hadoop.ozone.protocol.proto.OzoneManagerProtocolProtos$OzoneManagerService$2.callBlockingMethod(OzoneManagerProtocolProtos.java) [ozone-interface-client-1.3.0-SNAPSHOT.jar:?]
	at org.apache.hadoop.ipc.ProtobufRpcEngine$Server.processCall(ProtobufRpcEngine.java:466) [hadoop-common-3.3.1.jar:?]
	at org.apache.hadoop.ipc.ProtobufRpcEngine2$Server$ProtoBufRpcInvoker.call(ProtobufRpcEngine2.java:574) [hadoop-common-3.3.1.jar:?]
	at org.apache.hadoop.ipc.ProtobufRpcEngine2$Server$ProtoBufRpcInvoker.call(ProtobufRpcEngine2.java:552) [hadoop-common-3.3.1.jar:?]
	at org.apache.hadoop.ipc.RPC$Server.call(RPC.java:1093) [hadoop-common-3.3.1.jar:?]
	at org.apache.hadoop.ipc.Server$RpcCall.run(Server.java:1035) [hadoop-common-3.3.1.jar:?]
	at org.apache.hadoop.ipc.Server$RpcCall.run(Server.java:963) [hadoop-common-3.3.1.jar:?]
	at java.security.AccessController.doPrivileged(Native Method) ~[?:1.8.0_345]
	at javax.security.auth.Subject.doAs(Subject.java:422) [?:1.8.0_345]
	at org.apache.hadoop.security.UserGroupInformation.doAs(UserGroupInformation.java:1878) [hadoop-common-3.3.1.jar:?]
	at org.apache.hadoop.ipc.Server$Handler.run(Server.java:2966) [hadoop-common-3.3.1.jar:?]
2022-10-09 13:09:35,924 [Time-limited test] WARN  ozone.BasicOzoneFileSystem (BasicOzoneFileSystem.java:getFileStatus(765)) - GetFileStatus failed for path /level0/level1/file1
java.io.FileNotFoundException: level0/level1/file1: No such file or directory!
	at org.apache.hadoop.fs.ozone.BasicOzoneClientAdapterImpl.getFileStatus(BasicOzoneClientAdapterImpl.java:369)
	at org.apache.hadoop.fs.ozone.BasicOzoneFileSystem.getFileStatus(BasicOzoneFileSystem.java:757)
	at org.apache.hadoop.fs.ozone.TestOzoneFileSystem.checkPath(TestOzoneFileSystem.java:502)
	at org.apache.hadoop.fs.ozone.TestOzoneFileSystem.testRecursiveDelete(TestOzoneFileSystem.java:495)
	at sun.reflect.NativeMethodAccessorImpl.invoke0(Native Method)
	at sun.reflect.NativeMethodAccessorImpl.invoke(NativeMethodAccessorImpl.java:62)
	at sun.reflect.DelegatingMethodAccessorImpl.invoke(DelegatingMethodAccessorImpl.java:43)
	at java.lang.reflect.Method.invoke(Method.java:498)
	at org.junit.runners.model.FrameworkMethod$1.runReflectiveCall(FrameworkMethod.java:59)
	at org.junit.internal.runners.model.ReflectiveCallable.run(ReflectiveCallable.java:12)
	at org.junit.runners.model.FrameworkMethod.invokeExplosively(FrameworkMethod.java:56)
	at org.junit.internal.runners.statements.InvokeMethod.evaluate(InvokeMethod.java:17)
	at org.junit.internal.runners.statements.RunAfters.evaluate(RunAfters.java:27)
	at org.junit.internal.runners.statements.FailOnTimeout$CallableStatement.call(FailOnTimeout.java:288)
	at org.junit.internal.runners.statements.FailOnTimeout$CallableStatement.call(FailOnTimeout.java:282)
	at java.util.concurrent.FutureTask.run(FutureTask.java:266)
	at java.lang.Thread.run(Thread.java:750)
13:09:35.924 [IPC Server handler 6 on default port 34869] ERROR OMAudit - user=runner | ip=127.0.0.1 | op=GET_FILE_STATUS {volume=volume25253, bucket=bucket90791, key=level0/level1/level1/file1, dataSize=0, replicationConfig=null} | ret=FAILURE
org.apache.hadoop.ozone.om.exceptions.OMException: Unable to get file status: volume: volume25253 bucket: bucket90791 key: level0/level1/level1/file1
	at org.apache.hadoop.ozone.om.KeyManagerImpl.getOzoneFileStatus(KeyManagerImpl.java:1270) ~[ozone-manager-1.3.0-SNAPSHOT.jar:?]
	at org.apache.hadoop.ozone.om.KeyManagerImpl.getFileStatus(KeyManagerImpl.java:1200) ~[ozone-manager-1.3.0-SNAPSHOT.jar:?]
	at org.apache.hadoop.ozone.om.OzoneManager.getFileStatus(OzoneManager.java:3507) ~[ozone-manager-1.3.0-SNAPSHOT.jar:?]
	at org.apache.hadoop.ozone.protocolPB.OzoneManagerRequestHandler.getOzoneFileStatus(OzoneManagerRequestHandler.java:882) ~[ozone-manager-1.3.0-SNAPSHOT.jar:?]
	at org.apache.hadoop.ozone.protocolPB.OzoneManagerRequestHandler.handleReadRequest(OzoneManagerRequestHandler.java:228) ~[ozone-manager-1.3.0-SNAPSHOT.jar:?]
	at org.apache.hadoop.ozone.protocolPB.OzoneManagerProtocolServerSideTranslatorPB.submitRequestDirectlyToOM(OzoneManagerProtocolServerSideTranslatorPB.java:276) ~[ozone-manager-1.3.0-SNAPSHOT.jar:?]
	at org.apache.hadoop.ozone.protocolPB.OzoneManagerProtocolServerSideTranslatorPB.processRequest(OzoneManagerProtocolServerSideTranslatorPB.java:205) ~[ozone-manager-1.3.0-SNAPSHOT.jar:?]
	at org.apache.hadoop.hdds.server.OzoneProtocolMessageDispatcher.processRequest(OzoneProtocolMessageDispatcher.java:87) [hdds-server-framework-1.3.0-SNAPSHOT.jar:?]
	at org.apache.hadoop.ozone.protocolPB.OzoneManagerProtocolServerSideTranslatorPB.submitRequest(OzoneManagerProtocolServerSideTranslatorPB.java:147) [ozone-manager-1.3.0-SNAPSHOT.jar:?]
	at org.apache.hadoop.ozone.protocol.proto.OzoneManagerProtocolProtos$OzoneManagerService$2.callBlockingMethod(OzoneManagerProtocolProtos.java) [ozone-interface-client-1.3.0-SNAPSHOT.jar:?]
	at org.apache.hadoop.ipc.ProtobufRpcEngine$Server.processCall(ProtobufRpcEngine.java:466) [hadoop-common-3.3.1.jar:?]
	at org.apache.hadoop.ipc.ProtobufRpcEngine2$Server$ProtoBufRpcInvoker.call(ProtobufRpcEngine2.java:574) [hadoop-common-3.3.1.jar:?]
	at org.apache.hadoop.ipc.ProtobufRpcEngine2$Server$ProtoBufRpcInvoker.call(ProtobufRpcEngine2.java:552) [hadoop-common-3.3.1.jar:?]
	at org.apache.hadoop.ipc.RPC$Server.call(RPC.java:1093) [hadoop-common-3.3.1.jar:?]
	at org.apache.hadoop.ipc.Server$RpcCall.run(Server.java:1035) [hadoop-common-3.3.1.jar:?]
	at org.apache.hadoop.ipc.Server$RpcCall.run(Server.java:963) [hadoop-common-3.3.1.jar:?]
	at java.security.AccessController.doPrivileged(Native Method) ~[?:1.8.0_345]
	at javax.security.auth.Subject.doAs(Subject.java:422) [?:1.8.0_345]
	at org.apache.hadoop.security.UserGroupInformation.doAs(UserGroupInformation.java:1878) [hadoop-common-3.3.1.jar:?]
	at org.apache.hadoop.ipc.Server$Handler.run(Server.java:2966) [hadoop-common-3.3.1.jar:?]
2022-10-09 13:09:35,925 [Time-limited test] WARN  ozone.BasicOzoneFileSystem (BasicOzoneFileSystem.java:getFileStatus(765)) - GetFileStatus failed for path /level0/level1/level1/file1
java.io.FileNotFoundException: level0/level1/level1/file1: No such file or directory!
	at org.apache.hadoop.fs.ozone.BasicOzoneClientAdapterImpl.getFileStatus(BasicOzoneClientAdapterImpl.java:369)
	at org.apache.hadoop.fs.ozone.BasicOzoneFileSystem.getFileStatus(BasicOzoneFileSystem.java:757)
	at org.apache.hadoop.fs.ozone.TestOzoneFileSystem.checkPath(TestOzoneFileSystem.java:502)
	at org.apache.hadoop.fs.ozone.TestOzoneFileSystem.testRecursiveDelete(TestOzoneFileSystem.java:496)
	at sun.reflect.NativeMethodAccessorImpl.invoke0(Native Method)
	at sun.reflect.NativeMethodAccessorImpl.invoke(NativeMethodAccessorImpl.java:62)
	at sun.reflect.DelegatingMethodAccessorImpl.invoke(DelegatingMethodAccessorImpl.java:43)
	at java.lang.reflect.Method.invoke(Method.java:498)
	at org.junit.runners.model.FrameworkMethod$1.runReflectiveCall(FrameworkMethod.java:59)
	at org.junit.internal.runners.model.ReflectiveCallable.run(ReflectiveCallable.java:12)
	at org.junit.runners.model.FrameworkMethod.invokeExplosively(FrameworkMethod.java:56)
	at org.junit.internal.runners.statements.InvokeMethod.evaluate(InvokeMethod.java:17)
	at org.junit.internal.runners.statements.RunAfters.evaluate(RunAfters.java:27)
	at org.junit.internal.runners.statements.FailOnTimeout$CallableStatement.call(FailOnTimeout.java:288)
	at org.junit.internal.runners.statements.FailOnTimeout$CallableStatement.call(FailOnTimeout.java:282)
	at java.util.concurrent.FutureTask.run(FutureTask.java:266)
	at java.lang.Thread.run(Thread.java:750)
13:09:35.925 [IPC Server handler 12 on default port 34869] ERROR OMAudit - user=runner | ip=127.0.0.1 | op=GET_FILE_STATUS {volume=volume25253, bucket=bucket90791, key=level0/level2, dataSize=0, replicationConfig=null} | ret=FAILURE
org.apache.hadoop.ozone.om.exceptions.OMException: Unable to get file status: volume: volume25253 bucket: bucket90791 key: level0/level2
	at org.apache.hadoop.ozone.om.KeyManagerImpl.getOzoneFileStatus(KeyManagerImpl.java:1270) ~[ozone-manager-1.3.0-SNAPSHOT.jar:?]
	at org.apache.hadoop.ozone.om.KeyManagerImpl.getFileStatus(KeyManagerImpl.java:1200) ~[ozone-manager-1.3.0-SNAPSHOT.jar:?]
	at org.apache.hadoop.ozone.om.OzoneManager.getFileStatus(OzoneManager.java:3507) ~[ozone-manager-1.3.0-SNAPSHOT.jar:?]
	at org.apache.hadoop.ozone.protocolPB.OzoneManagerRequestHandler.getOzoneFileStatus(OzoneManagerRequestHandler.java:882) ~[ozone-manager-1.3.0-SNAPSHOT.jar:?]
	at org.apache.hadoop.ozone.protocolPB.OzoneManagerRequestHandler.handleReadRequest(OzoneManagerRequestHandler.java:228) ~[ozone-manager-1.3.0-SNAPSHOT.jar:?]
	at org.apache.hadoop.ozone.protocolPB.OzoneManagerProtocolServerSideTranslatorPB.submitRequestDirectlyToOM(OzoneManagerProtocolServerSideTranslatorPB.java:276) ~[ozone-manager-1.3.0-SNAPSHOT.jar:?]
	at org.apache.hadoop.ozone.protocolPB.OzoneManagerProtocolServerSideTranslatorPB.processRequest(OzoneManagerProtocolServerSideTranslatorPB.java:205) ~[ozone-manager-1.3.0-SNAPSHOT.jar:?]
	at org.apache.hadoop.hdds.server.OzoneProtocolMessageDispatcher.processRequest(OzoneProtocolMessageDispatcher.java:87) [hdds-server-framework-1.3.0-SNAPSHOT.jar:?]
	at org.apache.hadoop.ozone.protocolPB.OzoneManagerProtocolServerSideTranslatorPB.submitRequest(OzoneManagerProtocolServerSideTranslatorPB.java:147) [ozone-manager-1.3.0-SNAPSHOT.jar:?]
	at org.apache.hadoop.ozone.protocol.proto.OzoneManagerProtocolProtos$OzoneManagerService$2.callBlockingMethod(OzoneManagerProtocolProtos.java) [ozone-interface-client-1.3.0-SNAPSHOT.jar:?]
	at org.apache.hadoop.ipc.ProtobufRpcEngine$Server.processCall(ProtobufRpcEngine.java:466) [hadoop-common-3.3.1.jar:?]
	at org.apache.hadoop.ipc.ProtobufRpcEngine2$Server$ProtoBufRpcInvoker.call(ProtobufRpcEngine2.java:574) [hadoop-common-3.3.1.jar:?]
	at org.apache.hadoop.ipc.ProtobufRpcEngine2$Server$ProtoBufRpcInvoker.call(ProtobufRpcEngine2.java:552) [hadoop-common-3.3.1.jar:?]
	at org.apache.hadoop.ipc.RPC$Server.call(RPC.java:1093) [hadoop-common-3.3.1.jar:?]
	at org.apache.hadoop.ipc.Server$RpcCall.run(Server.java:1035) [hadoop-common-3.3.1.jar:?]
	at org.apache.hadoop.ipc.Server$RpcCall.run(Server.java:963) [hadoop-common-3.3.1.jar:?]
	at java.security.AccessController.doPrivileged(Native Method) ~[?:1.8.0_345]
	at javax.security.auth.Subject.doAs(Subject.java:422) [?:1.8.0_345]
	at org.apache.hadoop.security.UserGroupInformation.doAs(UserGroupInformation.java:1878) [hadoop-common-3.3.1.jar:?]
	at org.apache.hadoop.ipc.Server$Handler.run(Server.java:2966) [hadoop-common-3.3.1.jar:?]
2022-10-09 13:09:35,926 [Time-limited test] WARN  ozone.BasicOzoneFileSystem (BasicOzoneFileSystem.java:getFileStatus(765)) - GetFileStatus failed for path /level0/level2
java.io.FileNotFoundException: level0/level2: No such file or directory!
	at org.apache.hadoop.fs.ozone.BasicOzoneClientAdapterImpl.getFileStatus(BasicOzoneClientAdapterImpl.java:369)
	at org.apache.hadoop.fs.ozone.BasicOzoneFileSystem.getFileStatus(BasicOzoneFileSystem.java:757)
	at org.apache.hadoop.fs.ozone.TestOzoneFileSystem.checkPath(TestOzoneFileSystem.java:502)
	at org.apache.hadoop.fs.ozone.TestOzoneFileSystem.testRecursiveDelete(TestOzoneFileSystem.java:493)
	at sun.reflect.NativeMethodAccessorImpl.invoke0(Native Method)
	at sun.reflect.NativeMethodAccessorImpl.invoke(NativeMethodAccessorImpl.java:62)
	at sun.reflect.DelegatingMethodAccessorImpl.invoke(DelegatingMethodAccessorImpl.java:43)
	at java.lang.reflect.Method.invoke(Method.java:498)
	at org.junit.runners.model.FrameworkMethod$1.runReflectiveCall(FrameworkMethod.java:59)
	at org.junit.internal.runners.model.ReflectiveCallable.run(ReflectiveCallable.java:12)
	at org.junit.runners.model.FrameworkMethod.invokeExplosively(FrameworkMethod.java:56)
	at org.junit.internal.runners.statements.InvokeMethod.evaluate(InvokeMethod.java:17)
	at org.junit.internal.runners.statements.RunAfters.evaluate(RunAfters.java:27)
	at org.junit.internal.runners.statements.FailOnTimeout$CallableStatement.call(FailOnTimeout.java:288)
	at org.junit.internal.runners.statements.FailOnTimeout$CallableStatement.call(FailOnTimeout.java:282)
	at java.util.concurrent.FutureTask.run(FutureTask.java:266)
	at java.lang.Thread.run(Thread.java:750)
13:09:35.926 [IPC Server handler 10 on default port 34869] ERROR OMAudit - user=runner | ip=127.0.0.1 | op=GET_FILE_STATUS {volume=volume25253, bucket=bucket90791, key=level0/level2/level2, dataSize=0, replicationConfig=null} | ret=FAILURE
org.apache.hadoop.ozone.om.exceptions.OMException: Unable to get file status: volume: volume25253 bucket: bucket90791 key: level0/level2/level2
	at org.apache.hadoop.ozone.om.KeyManagerImpl.getOzoneFileStatus(KeyManagerImpl.java:1270) ~[ozone-manager-1.3.0-SNAPSHOT.jar:?]
	at org.apache.hadoop.ozone.om.KeyManagerImpl.getFileStatus(KeyManagerImpl.java:1200) ~[ozone-manager-1.3.0-SNAPSHOT.jar:?]
	at org.apache.hadoop.ozone.om.OzoneManager.getFileStatus(OzoneManager.java:3507) ~[ozone-manager-1.3.0-SNAPSHOT.jar:?]
	at org.apache.hadoop.ozone.protocolPB.OzoneManagerRequestHandler.getOzoneFileStatus(OzoneManagerRequestHandler.java:882) ~[ozone-manager-1.3.0-SNAPSHOT.jar:?]
	at org.apache.hadoop.ozone.protocolPB.OzoneManagerRequestHandler.handleReadRequest(OzoneManagerRequestHandler.java:228) ~[ozone-manager-1.3.0-SNAPSHOT.jar:?]
	at org.apache.hadoop.ozone.protocolPB.OzoneManagerProtocolServerSideTranslatorPB.submitRequestDirectlyToOM(OzoneManagerProtocolServerSideTranslatorPB.java:276) ~[ozone-manager-1.3.0-SNAPSHOT.jar:?]
	at org.apache.hadoop.ozone.protocolPB.OzoneManagerProtocolServerSideTranslatorPB.processRequest(OzoneManagerProtocolServerSideTranslatorPB.java:205) ~[ozone-manager-1.3.0-SNAPSHOT.jar:?]
	at org.apache.hadoop.hdds.server.OzoneProtocolMessageDispatcher.processRequest(OzoneProtocolMessageDispatcher.java:87) [hdds-server-framework-1.3.0-SNAPSHOT.jar:?]
	at org.apache.hadoop.ozone.protocolPB.OzoneManagerProtocolServerSideTranslatorPB.submitRequest(OzoneManagerProtocolServerSideTranslatorPB.java:147) [ozone-manager-1.3.0-SNAPSHOT.jar:?]
	at org.apache.hadoop.ozone.protocol.proto.OzoneManagerProtocolProtos$OzoneManagerService$2.callBlockingMethod(OzoneManagerProtocolProtos.java) [ozone-interface-client-1.3.0-SNAPSHOT.jar:?]
	at org.apache.hadoop.ipc.ProtobufRpcEngine$Server.processCall(ProtobufRpcEngine.java:466) [hadoop-common-3.3.1.jar:?]
	at org.apache.hadoop.ipc.ProtobufRpcEngine2$Server$ProtoBufRpcInvoker.call(ProtobufRpcEngine2.java:574) [hadoop-common-3.3.1.jar:?]
	at org.apache.hadoop.ipc.ProtobufRpcEngine2$Server$ProtoBufRpcInvoker.call(ProtobufRpcEngine2.java:552) [hadoop-common-3.3.1.jar:?]
	at org.apache.hadoop.ipc.RPC$Server.call(RPC.java:1093) [hadoop-common-3.3.1.jar:?]
	at org.apache.hadoop.ipc.Server$RpcCall.run(Server.java:1035) [hadoop-common-3.3.1.jar:?]
	at org.apache.hadoop.ipc.Server$RpcCall.run(Server.java:963) [hadoop-common-3.3.1.jar:?]
	at java.security.AccessController.doPrivileged(Native Method) ~[?:1.8.0_345]
	at javax.security.auth.Subject.doAs(Subject.java:422) [?:1.8.0_345]
	at org.apache.hadoop.security.UserGroupInformation.doAs(UserGroupInformation.java:1878) [hadoop-common-3.3.1.jar:?]
	at org.apache.hadoop.ipc.Server$Handler.run(Server.java:2966) [hadoop-common-3.3.1.jar:?]
2022-10-09 13:09:35,927 [Time-limited test] WARN  ozone.BasicOzoneFileSystem (BasicOzoneFileSystem.java:getFileStatus(765)) - GetFileStatus failed for path /level0/level2/level2
java.io.FileNotFoundException: level0/level2/level2: No such file or directory!
	at org.apache.hadoop.fs.ozone.BasicOzoneClientAdapterImpl.getFileStatus(BasicOzoneClientAdapterImpl.java:369)
	at org.apache.hadoop.fs.ozone.BasicOzoneFileSystem.getFileStatus(BasicOzoneFileSystem.java:757)
	at org.apache.hadoop.fs.ozone.TestOzoneFileSystem.checkPath(TestOzoneFileSystem.java:502)
	at org.apache.hadoop.fs.ozone.TestOzoneFileSystem.testRecursiveDelete(TestOzoneFileSystem.java:494)
	at sun.reflect.NativeMethodAccessorImpl.invoke0(Native Method)
	at sun.reflect.NativeMethodAccessorImpl.invoke(NativeMethodAccessorImpl.java:62)
	at sun.reflect.DelegatingMethodAccessorImpl.invoke(DelegatingMethodAccessorImpl.java:43)
	at java.lang.reflect.Method.invoke(Method.java:498)
	at org.junit.runners.model.FrameworkMethod$1.runReflectiveCall(FrameworkMethod.java:59)
	at org.junit.internal.runners.model.ReflectiveCallable.run(ReflectiveCallable.java:12)
	at org.junit.runners.model.FrameworkMethod.invokeExplosively(FrameworkMethod.java:56)
	at org.junit.internal.runners.statements.InvokeMethod.evaluate(InvokeMethod.java:17)
	at org.junit.internal.runners.statements.RunAfters.evaluate(RunAfters.java:27)
	at org.junit.internal.runners.statements.FailOnTimeout$CallableStatement.call(FailOnTimeout.java:288)
	at org.junit.internal.runners.statements.FailOnTimeout$CallableStatement.call(FailOnTimeout.java:282)
	at java.util.concurrent.FutureTask.run(FutureTask.java:266)
	at java.lang.Thread.run(Thread.java:750)
13:09:35.927 [IPC Server handler 7 on default port 34869] ERROR OMAudit - user=runner | ip=127.0.0.1 | op=GET_FILE_STATUS {volume=volume25253, bucket=bucket90791, key=level0/level2/file1, dataSize=0, replicationConfig=null} | ret=FAILURE
org.apache.hadoop.ozone.om.exceptions.OMException: Unable to get file status: volume: volume25253 bucket: bucket90791 key: level0/level2/file1
	at org.apache.hadoop.ozone.om.KeyManagerImpl.getOzoneFileStatus(KeyManagerImpl.java:1270) ~[ozone-manager-1.3.0-SNAPSHOT.jar:?]
	at org.apache.hadoop.ozone.om.KeyManagerImpl.getFileStatus(KeyManagerImpl.java:1200) ~[ozone-manager-1.3.0-SNAPSHOT.jar:?]
	at org.apache.hadoop.ozone.om.OzoneManager.getFileStatus(OzoneManager.java:3507) ~[ozone-manager-1.3.0-SNAPSHOT.jar:?]
	at org.apache.hadoop.ozone.protocolPB.OzoneManagerRequestHandler.getOzoneFileStatus(OzoneManagerRequestHandler.java:882) ~[ozone-manager-1.3.0-SNAPSHOT.jar:?]
	at org.apache.hadoop.ozone.protocolPB.OzoneManagerRequestHandler.handleReadRequest(OzoneManagerRequestHandler.java:228) ~[ozone-manager-1.3.0-SNAPSHOT.jar:?]
	at org.apache.hadoop.ozone.protocolPB.OzoneManagerProtocolServerSideTranslatorPB.submitRequestDirectlyToOM(OzoneManagerProtocolServerSideTranslatorPB.java:276) ~[ozone-manager-1.3.0-SNAPSHOT.jar:?]
	at org.apache.hadoop.ozone.protocolPB.OzoneManagerProtocolServerSideTranslatorPB.processRequest(OzoneManagerProtocolServerSideTranslatorPB.java:205) ~[ozone-manager-1.3.0-SNAPSHOT.jar:?]
	at org.apache.hadoop.hdds.server.OzoneProtocolMessageDispatcher.processRequest(OzoneProtocolMessageDispatcher.java:87) [hdds-server-framework-1.3.0-SNAPSHOT.jar:?]
	at org.apache.hadoop.ozone.protocolPB.OzoneManagerProtocolServerSideTranslatorPB.submitRequest(OzoneManagerProtocolServerSideTranslatorPB.java:147) [ozone-manager-1.3.0-SNAPSHOT.jar:?]
	at org.apache.hadoop.ozone.protocol.proto.OzoneManagerProtocolProtos$OzoneManagerService$2.callBlockingMethod(OzoneManagerProtocolProtos.java) [ozone-interface-client-1.3.0-SNAPSHOT.jar:?]
	at org.apache.hadoop.ipc.ProtobufRpcEngine$Server.processCall(ProtobufRpcEngine.java:466) [hadoop-common-3.3.1.jar:?]
	at org.apache.hadoop.ipc.ProtobufRpcEngine2$Server$ProtoBufRpcInvoker.call(ProtobufRpcEngine2.java:574) [hadoop-common-3.3.1.jar:?]
	at org.apache.hadoop.ipc.ProtobufRpcEngine2$Server$ProtoBufRpcInvoker.call(ProtobufRpcEngine2.java:552) [hadoop-common-3.3.1.jar:?]
	at org.apache.hadoop.ipc.RPC$Server.call(RPC.java:1093) [hadoop-common-3.3.1.jar:?]
	at org.apache.hadoop.ipc.Server$RpcCall.run(Server.java:1035) [hadoop-common-3.3.1.jar:?]
	at org.apache.hadoop.ipc.Server$RpcCall.run(Server.java:963) [hadoop-common-3.3.1.jar:?]
	at java.security.AccessController.doPrivileged(Native Method) ~[?:1.8.0_345]
	at javax.security.auth.Subject.doAs(Subject.java:422) [?:1.8.0_345]
	at org.apache.hadoop.security.UserGroupInformation.doAs(UserGroupInformation.java:1878) [hadoop-common-3.3.1.jar:?]
	at org.apache.hadoop.ipc.Server$Handler.run(Server.java:2966) [hadoop-common-3.3.1.jar:?]
2022-10-09 13:09:35,928 [Time-limited test] WARN  ozone.BasicOzoneFileSystem (BasicOzoneFileSystem.java:getFileStatus(765)) - GetFileStatus failed for path /level0/level2/file1
java.io.FileNotFoundException: level0/level2/file1: No such file or directory!
	at org.apache.hadoop.fs.ozone.BasicOzoneClientAdapterImpl.getFileStatus(BasicOzoneClientAdapterImpl.java:369)
	at org.apache.hadoop.fs.ozone.BasicOzoneFileSystem.getFileStatus(BasicOzoneFileSystem.java:757)
	at org.apache.hadoop.fs.ozone.TestOzoneFileSystem.checkPath(TestOzoneFileSystem.java:502)
	at org.apache.hadoop.fs.ozone.TestOzoneFileSystem.testRecursiveDelete(TestOzoneFileSystem.java:495)
	at sun.reflect.NativeMethodAccessorImpl.invoke0(Native Method)
	at sun.reflect.NativeMethodAccessorImpl.invoke(NativeMethodAccessorImpl.java:62)
	at sun.reflect.DelegatingMethodAccessorImpl.invoke(DelegatingMethodAccessorImpl.java:43)
	at java.lang.reflect.Method.invoke(Method.java:498)
	at org.junit.runners.model.FrameworkMethod$1.runReflectiveCall(FrameworkMethod.java:59)
	at org.junit.internal.runners.model.ReflectiveCallable.run(ReflectiveCallable.java:12)
	at org.junit.runners.model.FrameworkMethod.invokeExplosively(FrameworkMethod.java:56)
	at org.junit.internal.runners.statements.InvokeMethod.evaluate(InvokeMethod.java:17)
	at org.junit.internal.runners.statements.RunAfters.evaluate(RunAfters.java:27)
	at org.junit.internal.runners.statements.FailOnTimeout$CallableStatement.call(FailOnTimeout.java:288)
	at org.junit.internal.runners.statements.FailOnTimeout$CallableStatement.call(FailOnTimeout.java:282)
	at java.util.concurrent.FutureTask.run(FutureTask.java:266)
	at java.lang.Thread.run(Thread.java:750)
13:09:35.928 [IPC Server handler 11 on default port 34869] ERROR OMAudit - user=runner | ip=127.0.0.1 | op=GET_FILE_STATUS {volume=volume25253, bucket=bucket90791, key=level0/level2/level2/file1, dataSize=0, replicationConfig=null} | ret=FAILURE
org.apache.hadoop.ozone.om.exceptions.OMException: Unable to get file status: volume: volume25253 bucket: bucket90791 key: level0/level2/level2/file1
	at org.apache.hadoop.ozone.om.KeyManagerImpl.getOzoneFileStatus(KeyManagerImpl.java:1270) ~[ozone-manager-1.3.0-SNAPSHOT.jar:?]
	at org.apache.hadoop.ozone.om.KeyManagerImpl.getFileStatus(KeyManagerImpl.java:1200) ~[ozone-manager-1.3.0-SNAPSHOT.jar:?]
	at org.apache.hadoop.ozone.om.OzoneManager.getFileStatus(OzoneManager.java:3507) ~[ozone-manager-1.3.0-SNAPSHOT.jar:?]
	at org.apache.hadoop.ozone.protocolPB.OzoneManagerRequestHandler.getOzoneFileStatus(OzoneManagerRequestHandler.java:882) ~[ozone-manager-1.3.0-SNAPSHOT.jar:?]
	at org.apache.hadoop.ozone.protocolPB.OzoneManagerRequestHandler.handleReadRequest(OzoneManagerRequestHandler.java:228) ~[ozone-manager-1.3.0-SNAPSHOT.jar:?]
	at org.apache.hadoop.ozone.protocolPB.OzoneManagerProtocolServerSideTranslatorPB.submitRequestDirectlyToOM(OzoneManagerProtocolServerSideTranslatorPB.java:276) ~[ozone-manager-1.3.0-SNAPSHOT.jar:?]
	at org.apache.hadoop.ozone.protocolPB.OzoneManagerProtocolServerSideTranslatorPB.processRequest(OzoneManagerProtocolServerSideTranslatorPB.java:205) ~[ozone-manager-1.3.0-SNAPSHOT.jar:?]
	at org.apache.hadoop.hdds.server.OzoneProtocolMessageDispatcher.processRequest(OzoneProtocolMessageDispatcher.java:87) [hdds-server-framework-1.3.0-SNAPSHOT.jar:?]
	at org.apache.hadoop.ozone.protocolPB.OzoneManagerProtocolServerSideTranslatorPB.submitRequest(OzoneManagerProtocolServerSideTranslatorPB.java:147) [ozone-manager-1.3.0-SNAPSHOT.jar:?]
	at org.apache.hadoop.ozone.protocol.proto.OzoneManagerProtocolProtos$OzoneManagerService$2.callBlockingMethod(OzoneManagerProtocolProtos.java) [ozone-interface-client-1.3.0-SNAPSHOT.jar:?]
	at org.apache.hadoop.ipc.ProtobufRpcEngine$Server.processCall(ProtobufRpcEngine.java:466) [hadoop-common-3.3.1.jar:?]
	at org.apache.hadoop.ipc.ProtobufRpcEngine2$Server$ProtoBufRpcInvoker.call(ProtobufRpcEngine2.java:574) [hadoop-common-3.3.1.jar:?]
	at org.apache.hadoop.ipc.ProtobufRpcEngine2$Server$ProtoBufRpcInvoker.call(ProtobufRpcEngine2.java:552) [hadoop-common-3.3.1.jar:?]
	at org.apache.hadoop.ipc.RPC$Server.call(RPC.java:1093) [hadoop-common-3.3.1.jar:?]
	at org.apache.hadoop.ipc.Server$RpcCall.run(Server.java:1035) [hadoop-common-3.3.1.jar:?]
	at org.apache.hadoop.ipc.Server$RpcCall.run(Server.java:963) [hadoop-common-3.3.1.jar:?]
	at java.security.AccessController.doPrivileged(Native Method) ~[?:1.8.0_345]
	at javax.security.auth.Subject.doAs(Subject.java:422) [?:1.8.0_345]
	at org.apache.hadoop.security.UserGroupInformation.doAs(UserGroupInformation.java:1878) [hadoop-common-3.3.1.jar:?]
	at org.apache.hadoop.ipc.Server$Handler.run(Server.java:2966) [hadoop-common-3.3.1.jar:?]
2022-10-09 13:09:35,928 [Time-limited test] WARN  ozone.BasicOzoneFileSystem (BasicOzoneFileSystem.java:getFileStatus(765)) - GetFileStatus failed for path /level0/level2/level2/file1
java.io.FileNotFoundException: level0/level2/level2/file1: No such file or directory!
	at org.apache.hadoop.fs.ozone.BasicOzoneClientAdapterImpl.getFileStatus(BasicOzoneClientAdapterImpl.java:369)
	at org.apache.hadoop.fs.ozone.BasicOzoneFileSystem.getFileStatus(BasicOzoneFileSystem.java:757)
	at org.apache.hadoop.fs.ozone.TestOzoneFileSystem.checkPath(TestOzoneFileSystem.java:502)
	at org.apache.hadoop.fs.ozone.TestOzoneFileSystem.testRecursiveDelete(TestOzoneFileSystem.java:496)
	at sun.reflect.NativeMethodAccessorImpl.invoke0(Native Method)
	at sun.reflect.NativeMethodAccessorImpl.invoke(NativeMethodAccessorImpl.java:62)
	at sun.reflect.DelegatingMethodAccessorImpl.invoke(DelegatingMethodAccessorImpl.java:43)
	at java.lang.reflect.Method.invoke(Method.java:498)
	at org.junit.runners.model.FrameworkMethod$1.runReflectiveCall(FrameworkMethod.java:59)
	at org.junit.internal.runners.model.ReflectiveCallable.run(ReflectiveCallable.java:12)
	at org.junit.runners.model.FrameworkMethod.invokeExplosively(FrameworkMethod.java:56)
	at org.junit.internal.runners.statements.InvokeMethod.evaluate(InvokeMethod.java:17)
	at org.junit.internal.runners.statements.RunAfters.evaluate(RunAfters.java:27)
	at org.junit.internal.runners.statements.FailOnTimeout$CallableStatement.call(FailOnTimeout.java:288)
	at org.junit.internal.runners.statements.FailOnTimeout$CallableStatement.call(FailOnTimeout.java:282)
	at java.util.concurrent.FutureTask.run(FutureTask.java:266)
	at java.lang.Thread.run(Thread.java:750)
13:09:35.930 [IPC Server handler 13 on default port 34869] ERROR OMAudit - user=runner | ip=127.0.0.1 | op=GET_FILE_STATUS {volume=volume25253, bucket=bucket90791, key=level0/level3, dataSize=0, replicationConfig=null} | ret=FAILURE
org.apache.hadoop.ozone.om.exceptions.OMException: Unable to get file status: volume: volume25253 bucket: bucket90791 key: level0/level3
	at org.apache.hadoop.ozone.om.KeyManagerImpl.getOzoneFileStatus(KeyManagerImpl.java:1270) ~[ozone-manager-1.3.0-SNAPSHOT.jar:?]
	at org.apache.hadoop.ozone.om.KeyManagerImpl.getFileStatus(KeyManagerImpl.java:1200) ~[ozone-manager-1.3.0-SNAPSHOT.jar:?]
	at org.apache.hadoop.ozone.om.OzoneManager.getFileStatus(OzoneManager.java:3507) ~[ozone-manager-1.3.0-SNAPSHOT.jar:?]
	at org.apache.hadoop.ozone.protocolPB.OzoneManagerRequestHandler.getOzoneFileStatus(OzoneManagerRequestHandler.java:882) ~[ozone-manager-1.3.0-SNAPSHOT.jar:?]
	at org.apache.hadoop.ozone.protocolPB.OzoneManagerRequestHandler.handleReadRequest(OzoneManagerRequestHandler.java:228) ~[ozone-manager-1.3.0-SNAPSHOT.jar:?]
	at org.apache.hadoop.ozone.protocolPB.OzoneManagerProtocolServerSideTranslatorPB.submitRequestDirectlyToOM(OzoneManagerProtocolServerSideTranslatorPB.java:276) ~[ozone-manager-1.3.0-SNAPSHOT.jar:?]
	at org.apache.hadoop.ozone.protocolPB.OzoneManagerProtocolServerSideTranslatorPB.processRequest(OzoneManagerProtocolServerSideTranslatorPB.java:205) ~[ozone-manager-1.3.0-SNAPSHOT.jar:?]
	at org.apache.hadoop.hdds.server.OzoneProtocolMessageDispatcher.processRequest(OzoneProtocolMessageDispatcher.java:87) [hdds-server-framework-1.3.0-SNAPSHOT.jar:?]
	at org.apache.hadoop.ozone.protocolPB.OzoneManagerProtocolServerSideTranslatorPB.submitRequest(OzoneManagerProtocolServerSideTranslatorPB.java:147) [ozone-manager-1.3.0-SNAPSHOT.jar:?]
	at org.apache.hadoop.ozone.protocol.proto.OzoneManagerProtocolProtos$OzoneManagerService$2.callBlockingMethod(OzoneManagerProtocolProtos.java) [ozone-interface-client-1.3.0-SNAPSHOT.jar:?]
	at org.apache.hadoop.ipc.ProtobufRpcEngine$Server.processCall(ProtobufRpcEngine.java:466) [hadoop-common-3.3.1.jar:?]
	at org.apache.hadoop.ipc.ProtobufRpcEngine2$Server$ProtoBufRpcInvoker.call(ProtobufRpcEngine2.java:574) [hadoop-common-3.3.1.jar:?]
	at org.apache.hadoop.ipc.ProtobufRpcEngine2$Server$ProtoBufRpcInvoker.call(ProtobufRpcEngine2.java:552) [hadoop-common-3.3.1.jar:?]
	at org.apache.hadoop.ipc.RPC$Server.call(RPC.java:1093) [hadoop-common-3.3.1.jar:?]
	at org.apache.hadoop.ipc.Server$RpcCall.run(Server.java:1035) [hadoop-common-3.3.1.jar:?]
	at org.apache.hadoop.ipc.Server$RpcCall.run(Server.java:963) [hadoop-common-3.3.1.jar:?]
	at java.security.AccessController.doPrivileged(Native Method) ~[?:1.8.0_345]
	at javax.security.auth.Subject.doAs(Subject.java:422) [?:1.8.0_345]
	at org.apache.hadoop.security.UserGroupInformation.doAs(UserGroupInformation.java:1878) [hadoop-common-3.3.1.jar:?]
	at org.apache.hadoop.ipc.Server$Handler.run(Server.java:2966) [hadoop-common-3.3.1.jar:?]
2022-10-09 13:09:35,932 [Time-limited test] WARN  ozone.BasicOzoneFileSystem (BasicOzoneFileSystem.java:getFileStatus(765)) - GetFileStatus failed for path /level0/level3
java.io.FileNotFoundException: level0/level3: No such file or directory!
	at org.apache.hadoop.fs.ozone.BasicOzoneClientAdapterImpl.getFileStatus(BasicOzoneClientAdapterImpl.java:369)
	at org.apache.hadoop.fs.ozone.BasicOzoneFileSystem.getFileStatus(BasicOzoneFileSystem.java:757)
	at org.apache.hadoop.fs.ozone.TestOzoneFileSystem.checkPath(TestOzoneFileSystem.java:502)
	at org.apache.hadoop.fs.ozone.TestOzoneFileSystem.testRecursiveDelete(TestOzoneFileSystem.java:493)
	at sun.reflect.NativeMethodAccessorImpl.invoke0(Native Method)
	at sun.reflect.NativeMethodAccessorImpl.invoke(NativeMethodAccessorImpl.java:62)
	at sun.reflect.DelegatingMethodAccessorImpl.invoke(DelegatingMethodAccessorImpl.java:43)
	at java.lang.reflect.Method.invoke(Method.java:498)
	at org.junit.runners.model.FrameworkMethod$1.runReflectiveCall(FrameworkMethod.java:59)
	at org.junit.internal.runners.model.ReflectiveCallable.run(ReflectiveCallable.java:12)
	at org.junit.runners.model.FrameworkMethod.invokeExplosively(FrameworkMethod.java:56)
	at org.junit.internal.runners.statements.InvokeMethod.evaluate(InvokeMethod.java:17)
	at org.junit.internal.runners.statements.RunAfters.evaluate(RunAfters.java:27)
	at org.junit.internal.runners.statements.FailOnTimeout$CallableStatement.call(FailOnTimeout.java:288)
	at org.junit.internal.runners.statements.FailOnTimeout$CallableStatement.call(FailOnTimeout.java:282)
	at java.util.concurrent.FutureTask.run(FutureTask.java:266)
	at java.lang.Thread.run(Thread.java:750)
13:09:35.932 [IPC Server handler 19 on default port 34869] ERROR OMAudit - user=runner | ip=127.0.0.1 | op=GET_FILE_STATUS {volume=volume25253, bucket=bucket90791, key=level0/level3/level3, dataSize=0, replicationConfig=null} | ret=FAILURE
org.apache.hadoop.ozone.om.exceptions.OMException: Unable to get file status: volume: volume25253 bucket: bucket90791 key: level0/level3/level3
	at org.apache.hadoop.ozone.om.KeyManagerImpl.getOzoneFileStatus(KeyManagerImpl.java:1270) ~[ozone-manager-1.3.0-SNAPSHOT.jar:?]
	at org.apache.hadoop.ozone.om.KeyManagerImpl.getFileStatus(KeyManagerImpl.java:1200) ~[ozone-manager-1.3.0-SNAPSHOT.jar:?]
	at org.apache.hadoop.ozone.om.OzoneManager.getFileStatus(OzoneManager.java:3507) ~[ozone-manager-1.3.0-SNAPSHOT.jar:?]
	at org.apache.hadoop.ozone.protocolPB.OzoneManagerRequestHandler.getOzoneFileStatus(OzoneManagerRequestHandler.java:882) ~[ozone-manager-1.3.0-SNAPSHOT.jar:?]
	at org.apache.hadoop.ozone.protocolPB.OzoneManagerRequestHandler.handleReadRequest(OzoneManagerRequestHandler.java:228) ~[ozone-manager-1.3.0-SNAPSHOT.jar:?]
	at org.apache.hadoop.ozone.protocolPB.OzoneManagerProtocolServerSideTranslatorPB.submitRequestDirectlyToOM(OzoneManagerProtocolServerSideTranslatorPB.java:276) ~[ozone-manager-1.3.0-SNAPSHOT.jar:?]
	at org.apache.hadoop.ozone.protocolPB.OzoneManagerProtocolServerSideTranslatorPB.processRequest(OzoneManagerProtocolServerSideTranslatorPB.java:205) ~[ozone-manager-1.3.0-SNAPSHOT.jar:?]
	at org.apache.hadoop.hdds.server.OzoneProtocolMessageDispatcher.processRequest(OzoneProtocolMessageDispatcher.java:87) [hdds-server-framework-1.3.0-SNAPSHOT.jar:?]
	at org.apache.hadoop.ozone.protocolPB.OzoneManagerProtocolServerSideTranslatorPB.submitRequest(OzoneManagerProtocolServerSideTranslatorPB.java:147) [ozone-manager-1.3.0-SNAPSHOT.jar:?]
	at org.apache.hadoop.ozone.protocol.proto.OzoneManagerProtocolProtos$OzoneManagerService$2.callBlockingMethod(OzoneManagerProtocolProtos.java) [ozone-interface-client-1.3.0-SNAPSHOT.jar:?]
	at org.apache.hadoop.ipc.ProtobufRpcEngine$Server.processCall(ProtobufRpcEngine.java:466) [hadoop-common-3.3.1.jar:?]
	at org.apache.hadoop.ipc.ProtobufRpcEngine2$Server$ProtoBufRpcInvoker.call(ProtobufRpcEngine2.java:574) [hadoop-common-3.3.1.jar:?]
	at org.apache.hadoop.ipc.ProtobufRpcEngine2$Server$ProtoBufRpcInvoker.call(ProtobufRpcEngine2.java:552) [hadoop-common-3.3.1.jar:?]
	at org.apache.hadoop.ipc.RPC$Server.call(RPC.java:1093) [hadoop-common-3.3.1.jar:?]
	at org.apache.hadoop.ipc.Server$RpcCall.run(Server.java:1035) [hadoop-common-3.3.1.jar:?]
	at org.apache.hadoop.ipc.Server$RpcCall.run(Server.java:963) [hadoop-common-3.3.1.jar:?]
	at java.security.AccessController.doPrivileged(Native Method) ~[?:1.8.0_345]
	at javax.security.auth.Subject.doAs(Subject.java:422) [?:1.8.0_345]
	at org.apache.hadoop.security.UserGroupInformation.doAs(UserGroupInformation.java:1878) [hadoop-common-3.3.1.jar:?]
	at org.apache.hadoop.ipc.Server$Handler.run(Server.java:2966) [hadoop-common-3.3.1.jar:?]
2022-10-09 13:09:35,932 [Time-limited test] WARN  ozone.BasicOzoneFileSystem (BasicOzoneFileSystem.java:getFileStatus(765)) - GetFileStatus failed for path /level0/level3/level3
java.io.FileNotFoundException: level0/level3/level3: No such file or directory!
	at org.apache.hadoop.fs.ozone.BasicOzoneClientAdapterImpl.getFileStatus(BasicOzoneClientAdapterImpl.java:369)
	at org.apache.hadoop.fs.ozone.BasicOzoneFileSystem.getFileStatus(BasicOzoneFileSystem.java:757)
	at org.apache.hadoop.fs.ozone.TestOzoneFileSystem.checkPath(TestOzoneFileSystem.java:502)
	at org.apache.hadoop.fs.ozone.TestOzoneFileSystem.testRecursiveDelete(TestOzoneFileSystem.java:494)
	at sun.reflect.NativeMethodAccessorImpl.invoke0(Native Method)
	at sun.reflect.NativeMethodAccessorImpl.invoke(NativeMethodAccessorImpl.java:62)
	at sun.reflect.DelegatingMethodAccessorImpl.invoke(DelegatingMethodAccessorImpl.java:43)
	at java.lang.reflect.Method.invoke(Method.java:498)
	at org.junit.runners.model.FrameworkMethod$1.runReflectiveCall(FrameworkMethod.java:59)
	at org.junit.internal.runners.model.ReflectiveCallable.run(ReflectiveCallable.java:12)
	at org.junit.runners.model.FrameworkMethod.invokeExplosively(FrameworkMethod.java:56)
	at org.junit.internal.runners.statements.InvokeMethod.evaluate(InvokeMethod.java:17)
	at org.junit.internal.runners.statements.RunAfters.evaluate(RunAfters.java:27)
	at org.junit.internal.runners.statements.FailOnTimeout$CallableStatement.call(FailOnTimeout.java:288)
	at org.junit.internal.runners.statements.FailOnTimeout$CallableStatement.call(FailOnTimeout.java:282)
	at java.util.concurrent.FutureTask.run(FutureTask.java:266)
	at java.lang.Thread.run(Thread.java:750)
13:09:35.933 [IPC Server handler 15 on default port 34869] ERROR OMAudit - user=runner | ip=127.0.0.1 | op=GET_FILE_STATUS {volume=volume25253, bucket=bucket90791, key=level0/level3/file1, dataSize=0, replicationConfig=null} | ret=FAILURE
org.apache.hadoop.ozone.om.exceptions.OMException: Unable to get file status: volume: volume25253 bucket: bucket90791 key: level0/level3/file1
	at org.apache.hadoop.ozone.om.KeyManagerImpl.getOzoneFileStatus(KeyManagerImpl.java:1270) ~[ozone-manager-1.3.0-SNAPSHOT.jar:?]
	at org.apache.hadoop.ozone.om.KeyManagerImpl.getFileStatus(KeyManagerImpl.java:1200) ~[ozone-manager-1.3.0-SNAPSHOT.jar:?]
	at org.apache.hadoop.ozone.om.OzoneManager.getFileStatus(OzoneManager.java:3507) ~[ozone-manager-1.3.0-SNAPSHOT.jar:?]
	at org.apache.hadoop.ozone.protocolPB.OzoneManagerRequestHandler.getOzoneFileStatus(OzoneManagerRequestHandler.java:882) ~[ozone-manager-1.3.0-SNAPSHOT.jar:?]
	at org.apache.hadoop.ozone.protocolPB.OzoneManagerRequestHandler.handleReadRequest(OzoneManagerRequestHandler.java:228) ~[ozone-manager-1.3.0-SNAPSHOT.jar:?]
	at org.apache.hadoop.ozone.protocolPB.OzoneManagerProtocolServerSideTranslatorPB.submitRequestDirectlyToOM(OzoneManagerProtocolServerSideTranslatorPB.java:276) ~[ozone-manager-1.3.0-SNAPSHOT.jar:?]
	at org.apache.hadoop.ozone.protocolPB.OzoneManagerProtocolServerSideTranslatorPB.processRequest(OzoneManagerProtocolServerSideTranslatorPB.java:205) ~[ozone-manager-1.3.0-SNAPSHOT.jar:?]
	at org.apache.hadoop.hdds.server.OzoneProtocolMessageDispatcher.processRequest(OzoneProtocolMessageDispatcher.java:87) [hdds-server-framework-1.3.0-SNAPSHOT.jar:?]
	at org.apache.hadoop.ozone.protocolPB.OzoneManagerProtocolServerSideTranslatorPB.submitRequest(OzoneManagerProtocolServerSideTranslatorPB.java:147) [ozone-manager-1.3.0-SNAPSHOT.jar:?]
	at org.apache.hadoop.ozone.protocol.proto.OzoneManagerProtocolProtos$OzoneManagerService$2.callBlockingMethod(OzoneManagerProtocolProtos.java) [ozone-interface-client-1.3.0-SNAPSHOT.jar:?]
	at org.apache.hadoop.ipc.ProtobufRpcEngine$Server.processCall(ProtobufRpcEngine.java:466) [hadoop-common-3.3.1.jar:?]
	at org.apache.hadoop.ipc.ProtobufRpcEngine2$Server$ProtoBufRpcInvoker.call(ProtobufRpcEngine2.java:574) [hadoop-common-3.3.1.jar:?]
	at org.apache.hadoop.ipc.ProtobufRpcEngine2$Server$ProtoBufRpcInvoker.call(ProtobufRpcEngine2.java:552) [hadoop-common-3.3.1.jar:?]
	at org.apache.hadoop.ipc.RPC$Server.call(RPC.java:1093) [hadoop-common-3.3.1.jar:?]
	at org.apache.hadoop.ipc.Server$RpcCall.run(Server.java:1035) [hadoop-common-3.3.1.jar:?]
	at org.apache.hadoop.ipc.Server$RpcCall.run(Server.java:963) [hadoop-common-3.3.1.jar:?]
	at java.security.AccessController.doPrivileged(Native Method) ~[?:1.8.0_345]
	at javax.security.auth.Subject.doAs(Subject.java:422) [?:1.8.0_345]
	at org.apache.hadoop.security.UserGroupInformation.doAs(UserGroupInformation.java:1878) [hadoop-common-3.3.1.jar:?]
	at org.apache.hadoop.ipc.Server$Handler.run(Server.java:2966) [hadoop-common-3.3.1.jar:?]
2022-10-09 13:09:35,933 [Time-limited test] WARN  ozone.BasicOzoneFileSystem (BasicOzoneFileSystem.java:getFileStatus(765)) - GetFileStatus failed for path /level0/level3/file1
java.io.FileNotFoundException: level0/level3/file1: No such file or directory!
	at org.apache.hadoop.fs.ozone.BasicOzoneClientAdapterImpl.getFileStatus(BasicOzoneClientAdapterImpl.java:369)
	at org.apache.hadoop.fs.ozone.BasicOzoneFileSystem.getFileStatus(BasicOzoneFileSystem.java:757)
	at org.apache.hadoop.fs.ozone.TestOzoneFileSystem.checkPath(TestOzoneFileSystem.java:502)
	at org.apache.hadoop.fs.ozone.TestOzoneFileSystem.testRecursiveDelete(TestOzoneFileSystem.java:495)
	at sun.reflect.NativeMethodAccessorImpl.invoke0(Native Method)
	at sun.reflect.NativeMethodAccessorImpl.invoke(NativeMethodAccessorImpl.java:62)
	at sun.reflect.DelegatingMethodAccessorImpl.invoke(DelegatingMethodAccessorImpl.java:43)
	at java.lang.reflect.Method.invoke(Method.java:498)
	at org.junit.runners.model.FrameworkMethod$1.runReflectiveCall(FrameworkMethod.java:59)
	at org.junit.internal.runners.model.ReflectiveCallable.run(ReflectiveCallable.java:12)
	at org.junit.runners.model.FrameworkMethod.invokeExplosively(FrameworkMethod.java:56)
	at org.junit.internal.runners.statements.InvokeMethod.evaluate(InvokeMethod.java:17)
	at org.junit.internal.runners.statements.RunAfters.evaluate(RunAfters.java:27)
	at org.junit.internal.runners.statements.FailOnTimeout$CallableStatement.call(FailOnTimeout.java:288)
	at org.junit.internal.runners.statements.FailOnTimeout$CallableStatement.call(FailOnTimeout.java:282)
	at java.util.concurrent.FutureTask.run(FutureTask.java:266)
	at java.lang.Thread.run(Thread.java:750)
13:09:35.939 [IPC Server handler 14 on default port 34869] ERROR OMAudit - user=runner | ip=127.0.0.1 | op=GET_FILE_STATUS {volume=volume25253, bucket=bucket90791, key=level0/level3/level3/file1, dataSize=0, replicationConfig=null} | ret=FAILURE
org.apache.hadoop.ozone.om.exceptions.OMException: Unable to get file status: volume: volume25253 bucket: bucket90791 key: level0/level3/level3/file1
	at org.apache.hadoop.ozone.om.KeyManagerImpl.getOzoneFileStatus(KeyManagerImpl.java:1270) ~[ozone-manager-1.3.0-SNAPSHOT.jar:?]
	at org.apache.hadoop.ozone.om.KeyManagerImpl.getFileStatus(KeyManagerImpl.java:1200) ~[ozone-manager-1.3.0-SNAPSHOT.jar:?]
	at org.apache.hadoop.ozone.om.OzoneManager.getFileStatus(OzoneManager.java:3507) ~[ozone-manager-1.3.0-SNAPSHOT.jar:?]
	at org.apache.hadoop.ozone.protocolPB.OzoneManagerRequestHandler.getOzoneFileStatus(OzoneManagerRequestHandler.java:882) ~[ozone-manager-1.3.0-SNAPSHOT.jar:?]
	at org.apache.hadoop.ozone.protocolPB.OzoneManagerRequestHandler.handleReadRequest(OzoneManagerRequestHandler.java:228) ~[ozone-manager-1.3.0-SNAPSHOT.jar:?]
	at org.apache.hadoop.ozone.protocolPB.OzoneManagerProtocolServerSideTranslatorPB.submitRequestDirectlyToOM(OzoneManagerProtocolServerSideTranslatorPB.java:276) ~[ozone-manager-1.3.0-SNAPSHOT.jar:?]
	at org.apache.hadoop.ozone.protocolPB.OzoneManagerProtocolServerSideTranslatorPB.processRequest(OzoneManagerProtocolServerSideTranslatorPB.java:205) ~[ozone-manager-1.3.0-SNAPSHOT.jar:?]
	at org.apache.hadoop.hdds.server.OzoneProtocolMessageDispatcher.processRequest(OzoneProtocolMessageDispatcher.java:87) [hdds-server-framework-1.3.0-SNAPSHOT.jar:?]
	at org.apache.hadoop.ozone.protocolPB.OzoneManagerProtocolServerSideTranslatorPB.submitRequest(OzoneManagerProtocolServerSideTranslatorPB.java:147) [ozone-manager-1.3.0-SNAPSHOT.jar:?]
	at org.apache.hadoop.ozone.protocol.proto.OzoneManagerProtocolProtos$OzoneManagerService$2.callBlockingMethod(OzoneManagerProtocolProtos.java) [ozone-interface-client-1.3.0-SNAPSHOT.jar:?]
	at org.apache.hadoop.ipc.ProtobufRpcEngine$Server.processCall(ProtobufRpcEngine.java:466) [hadoop-common-3.3.1.jar:?]
	at org.apache.hadoop.ipc.ProtobufRpcEngine2$Server$ProtoBufRpcInvoker.call(ProtobufRpcEngine2.java:574) [hadoop-common-3.3.1.jar:?]
	at org.apache.hadoop.ipc.ProtobufRpcEngine2$Server$ProtoBufRpcInvoker.call(ProtobufRpcEngine2.java:552) [hadoop-common-3.3.1.jar:?]
	at org.apache.hadoop.ipc.RPC$Server.call(RPC.java:1093) [hadoop-common-3.3.1.jar:?]
	at org.apache.hadoop.ipc.Server$RpcCall.run(Server.java:1035) [hadoop-common-3.3.1.jar:?]
	at org.apache.hadoop.ipc.Server$RpcCall.run(Server.java:963) [hadoop-common-3.3.1.jar:?]
	at java.security.AccessController.doPrivileged(Native Method) ~[?:1.8.0_345]
	at javax.security.auth.Subject.doAs(Subject.java:422) [?:1.8.0_345]
	at org.apache.hadoop.security.UserGroupInformation.doAs(UserGroupInformation.java:1878) [hadoop-common-3.3.1.jar:?]
	at org.apache.hadoop.ipc.Server$Handler.run(Server.java:2966) [hadoop-common-3.3.1.jar:?]
2022-10-09 13:09:35,939 [Time-limited test] WARN  ozone.BasicOzoneFileSystem (BasicOzoneFileSystem.java:getFileStatus(765)) - GetFileStatus failed for path /level0/level3/level3/file1
java.io.FileNotFoundException: level0/level3/level3/file1: No such file or directory!
	at org.apache.hadoop.fs.ozone.BasicOzoneClientAdapterImpl.getFileStatus(BasicOzoneClientAdapterImpl.java:369)
	at org.apache.hadoop.fs.ozone.BasicOzoneFileSystem.getFileStatus(BasicOzoneFileSystem.java:757)
	at org.apache.hadoop.fs.ozone.TestOzoneFileSystem.checkPath(TestOzoneFileSystem.java:502)
	at org.apache.hadoop.fs.ozone.TestOzoneFileSystem.testRecursiveDelete(TestOzoneFileSystem.java:496)
	at sun.reflect.NativeMethodAccessorImpl.invoke0(Native Method)
	at sun.reflect.NativeMethodAccessorImpl.invoke(NativeMethodAccessorImpl.java:62)
	at sun.reflect.DelegatingMethodAccessorImpl.invoke(DelegatingMethodAccessorImpl.java:43)
	at java.lang.reflect.Method.invoke(Method.java:498)
	at org.junit.runners.model.FrameworkMethod$1.runReflectiveCall(FrameworkMethod.java:59)
	at org.junit.internal.runners.model.ReflectiveCallable.run(ReflectiveCallable.java:12)
	at org.junit.runners.model.FrameworkMethod.invokeExplosively(FrameworkMethod.java:56)
	at org.junit.internal.runners.statements.InvokeMethod.evaluate(InvokeMethod.java:17)
	at org.junit.internal.runners.statements.RunAfters.evaluate(RunAfters.java:27)
	at org.junit.internal.runners.statements.FailOnTimeout$CallableStatement.call(FailOnTimeout.java:288)
	at org.junit.internal.runners.statements.FailOnTimeout$CallableStatement.call(FailOnTimeout.java:282)
	at java.util.concurrent.FutureTask.run(FutureTask.java:266)
	at java.lang.Thread.run(Thread.java:750)
]]></system-out>
  </testcase>
  <testcase name="testGetTrashRoots" classname="TestOzoneFileSystem" time="0.061">
    <system-out><![CDATA[13:04:21.644 [IPC Server handler 2 on default port 37457] ERROR OMAudit - user=runner | ip=127.0.0.1 | op=GET_FILE_STATUS {volume=volume94578, bucket=bucket60014, key=.Trash/runner, dataSize=0, replicationConfig=null} | ret=FAILURE
org.apache.hadoop.ozone.om.exceptions.OMException: Unable to get file status: volume: volume94578 bucket: bucket60014 key: .Trash/runner
	at org.apache.hadoop.ozone.om.KeyManagerImpl.getOzoneFileStatus(KeyManagerImpl.java:1270) ~[ozone-manager-1.3.0-SNAPSHOT.jar:?]
	at org.apache.hadoop.ozone.om.KeyManagerImpl.getFileStatus(KeyManagerImpl.java:1200) ~[ozone-manager-1.3.0-SNAPSHOT.jar:?]
	at org.apache.hadoop.ozone.om.OzoneManager.getFileStatus(OzoneManager.java:3507) ~[ozone-manager-1.3.0-SNAPSHOT.jar:?]
	at org.apache.hadoop.ozone.protocolPB.OzoneManagerRequestHandler.getOzoneFileStatus(OzoneManagerRequestHandler.java:882) ~[ozone-manager-1.3.0-SNAPSHOT.jar:?]
	at org.apache.hadoop.ozone.protocolPB.OzoneManagerRequestHandler.handleReadRequest(OzoneManagerRequestHandler.java:228) ~[ozone-manager-1.3.0-SNAPSHOT.jar:?]
	at org.apache.hadoop.ozone.protocolPB.OzoneManagerProtocolServerSideTranslatorPB.submitReadRequestToOM(OzoneManagerProtocolServerSideTranslatorPB.java:226) ~[ozone-manager-1.3.0-SNAPSHOT.jar:?]
	at org.apache.hadoop.ozone.protocolPB.OzoneManagerProtocolServerSideTranslatorPB.processRequest(OzoneManagerProtocolServerSideTranslatorPB.java:175) ~[ozone-manager-1.3.0-SNAPSHOT.jar:?]
	at org.apache.hadoop.hdds.server.OzoneProtocolMessageDispatcher.processRequest(OzoneProtocolMessageDispatcher.java:87) [hdds-server-framework-1.3.0-SNAPSHOT.jar:?]
	at org.apache.hadoop.ozone.protocolPB.OzoneManagerProtocolServerSideTranslatorPB.submitRequest(OzoneManagerProtocolServerSideTranslatorPB.java:147) [ozone-manager-1.3.0-SNAPSHOT.jar:?]
	at org.apache.hadoop.ozone.protocol.proto.OzoneManagerProtocolProtos$OzoneManagerService$2.callBlockingMethod(OzoneManagerProtocolProtos.java) [ozone-interface-client-1.3.0-SNAPSHOT.jar:?]
	at org.apache.hadoop.ipc.ProtobufRpcEngine$Server.processCall(ProtobufRpcEngine.java:466) [hadoop-common-3.3.1.jar:?]
	at org.apache.hadoop.ipc.ProtobufRpcEngine2$Server$ProtoBufRpcInvoker.call(ProtobufRpcEngine2.java:574) [hadoop-common-3.3.1.jar:?]
	at org.apache.hadoop.ipc.ProtobufRpcEngine2$Server$ProtoBufRpcInvoker.call(ProtobufRpcEngine2.java:552) [hadoop-common-3.3.1.jar:?]
	at org.apache.hadoop.ipc.RPC$Server.call(RPC.java:1093) [hadoop-common-3.3.1.jar:?]
	at org.apache.hadoop.ipc.Server$RpcCall.run(Server.java:1035) [hadoop-common-3.3.1.jar:?]
	at org.apache.hadoop.ipc.Server$RpcCall.run(Server.java:963) [hadoop-common-3.3.1.jar:?]
	at java.security.AccessController.doPrivileged(Native Method) ~[?:1.8.0_345]
	at javax.security.auth.Subject.doAs(Subject.java:422) [?:1.8.0_345]
	at org.apache.hadoop.security.UserGroupInformation.doAs(UserGroupInformation.java:1878) [hadoop-common-3.3.1.jar:?]
	at org.apache.hadoop.ipc.Server$Handler.run(Server.java:2966) [hadoop-common-3.3.1.jar:?]
2022-10-09 13:04:21,644 [Time-limited test] WARN  ozone.BasicOzoneFileSystem (BasicOzoneFileSystem.java:getFileStatus(765)) - GetFileStatus failed for path /.Trash/runner
java.io.FileNotFoundException: .Trash/runner: No such file or directory!
	at org.apache.hadoop.fs.ozone.BasicOzoneClientAdapterImpl.getFileStatus(BasicOzoneClientAdapterImpl.java:369)
	at org.apache.hadoop.fs.ozone.BasicOzoneFileSystem.getFileStatus(BasicOzoneFileSystem.java:757)
	at org.apache.hadoop.fs.FileSystem.exists(FileSystem.java:1760)
	at org.apache.hadoop.fs.ozone.BasicOzoneFileSystem.exists(BasicOzoneFileSystem.java:804)
	at org.apache.hadoop.fs.ozone.BasicOzoneFileSystem.getTrashRoots(BasicOzoneFileSystem.java:700)
	at org.apache.hadoop.fs.ozone.TestOzoneFileSystem.testGetTrashRoots(TestOzoneFileSystem.java:1503)
	at sun.reflect.NativeMethodAccessorImpl.invoke0(Native Method)
	at sun.reflect.NativeMethodAccessorImpl.invoke(NativeMethodAccessorImpl.java:62)
	at sun.reflect.DelegatingMethodAccessorImpl.invoke(DelegatingMethodAccessorImpl.java:43)
	at java.lang.reflect.Method.invoke(Method.java:498)
	at org.junit.runners.model.FrameworkMethod$1.runReflectiveCall(FrameworkMethod.java:59)
	at org.junit.internal.runners.model.ReflectiveCallable.run(ReflectiveCallable.java:12)
	at org.junit.runners.model.FrameworkMethod.invokeExplosively(FrameworkMethod.java:56)
	at org.junit.internal.runners.statements.InvokeMethod.evaluate(InvokeMethod.java:17)
	at org.junit.internal.runners.statements.RunAfters.evaluate(RunAfters.java:27)
	at org.junit.internal.runners.statements.FailOnTimeout$CallableStatement.call(FailOnTimeout.java:288)
	at org.junit.internal.runners.statements.FailOnTimeout$CallableStatement.call(FailOnTimeout.java:282)
	at java.util.concurrent.FutureTask.run(FutureTask.java:266)
	at java.lang.Thread.run(Thread.java:750)
]]></system-out>
  </testcase>
  <testcase name="testGetTrashRoots" classname="TestOzoneFileSystem" time="0.028">
    <system-out><![CDATA[13:05:57.892 [IPC Server handler 8 on default port 44209] ERROR OMAudit - user=runner | ip=127.0.0.1 | op=GET_FILE_STATUS {volume=volume66281, bucket=bucket85504, key=.Trash/runner, dataSize=0, replicationConfig=null} | ret=FAILURE
org.apache.hadoop.ozone.om.exceptions.OMException: Unable to get file status: volume: volume66281 bucket: bucket85504 key: .Trash/runner
	at org.apache.hadoop.ozone.om.KeyManagerImpl.getOzoneFileStatus(KeyManagerImpl.java:1270) ~[ozone-manager-1.3.0-SNAPSHOT.jar:?]
	at org.apache.hadoop.ozone.om.KeyManagerImpl.getFileStatus(KeyManagerImpl.java:1200) ~[ozone-manager-1.3.0-SNAPSHOT.jar:?]
	at org.apache.hadoop.ozone.om.OzoneManager.getFileStatus(OzoneManager.java:3507) ~[ozone-manager-1.3.0-SNAPSHOT.jar:?]
	at org.apache.hadoop.ozone.protocolPB.OzoneManagerRequestHandler.getOzoneFileStatus(OzoneManagerRequestHandler.java:882) ~[ozone-manager-1.3.0-SNAPSHOT.jar:?]
	at org.apache.hadoop.ozone.protocolPB.OzoneManagerRequestHandler.handleReadRequest(OzoneManagerRequestHandler.java:228) ~[ozone-manager-1.3.0-SNAPSHOT.jar:?]
	at org.apache.hadoop.ozone.protocolPB.OzoneManagerProtocolServerSideTranslatorPB.submitRequestDirectlyToOM(OzoneManagerProtocolServerSideTranslatorPB.java:276) ~[ozone-manager-1.3.0-SNAPSHOT.jar:?]
	at org.apache.hadoop.ozone.protocolPB.OzoneManagerProtocolServerSideTranslatorPB.processRequest(OzoneManagerProtocolServerSideTranslatorPB.java:205) ~[ozone-manager-1.3.0-SNAPSHOT.jar:?]
	at org.apache.hadoop.hdds.server.OzoneProtocolMessageDispatcher.processRequest(OzoneProtocolMessageDispatcher.java:87) [hdds-server-framework-1.3.0-SNAPSHOT.jar:?]
	at org.apache.hadoop.ozone.protocolPB.OzoneManagerProtocolServerSideTranslatorPB.submitRequest(OzoneManagerProtocolServerSideTranslatorPB.java:147) [ozone-manager-1.3.0-SNAPSHOT.jar:?]
	at org.apache.hadoop.ozone.protocol.proto.OzoneManagerProtocolProtos$OzoneManagerService$2.callBlockingMethod(OzoneManagerProtocolProtos.java) [ozone-interface-client-1.3.0-SNAPSHOT.jar:?]
	at org.apache.hadoop.ipc.ProtobufRpcEngine$Server.processCall(ProtobufRpcEngine.java:466) [hadoop-common-3.3.1.jar:?]
	at org.apache.hadoop.ipc.ProtobufRpcEngine2$Server$ProtoBufRpcInvoker.call(ProtobufRpcEngine2.java:574) [hadoop-common-3.3.1.jar:?]
	at org.apache.hadoop.ipc.ProtobufRpcEngine2$Server$ProtoBufRpcInvoker.call(ProtobufRpcEngine2.java:552) [hadoop-common-3.3.1.jar:?]
	at org.apache.hadoop.ipc.RPC$Server.call(RPC.java:1093) [hadoop-common-3.3.1.jar:?]
	at org.apache.hadoop.ipc.Server$RpcCall.run(Server.java:1035) [hadoop-common-3.3.1.jar:?]
	at org.apache.hadoop.ipc.Server$RpcCall.run(Server.java:963) [hadoop-common-3.3.1.jar:?]
	at java.security.AccessController.doPrivileged(Native Method) ~[?:1.8.0_345]
	at javax.security.auth.Subject.doAs(Subject.java:422) [?:1.8.0_345]
	at org.apache.hadoop.security.UserGroupInformation.doAs(UserGroupInformation.java:1878) [hadoop-common-3.3.1.jar:?]
	at org.apache.hadoop.ipc.Server$Handler.run(Server.java:2966) [hadoop-common-3.3.1.jar:?]
2022-10-09 13:05:57,892 [Time-limited test] WARN  ozone.BasicOzoneFileSystem (BasicOzoneFileSystem.java:getFileStatus(765)) - GetFileStatus failed for path /.Trash/runner
java.io.FileNotFoundException: .Trash/runner: No such file or directory!
	at org.apache.hadoop.fs.ozone.BasicOzoneClientAdapterImpl.getFileStatus(BasicOzoneClientAdapterImpl.java:369)
	at org.apache.hadoop.fs.ozone.BasicOzoneFileSystem.getFileStatus(BasicOzoneFileSystem.java:757)
	at org.apache.hadoop.fs.FileSystem.exists(FileSystem.java:1760)
	at org.apache.hadoop.fs.ozone.BasicOzoneFileSystem.exists(BasicOzoneFileSystem.java:804)
	at org.apache.hadoop.fs.ozone.BasicOzoneFileSystem.getTrashRoots(BasicOzoneFileSystem.java:700)
	at org.apache.hadoop.fs.ozone.TestOzoneFileSystem.testGetTrashRoots(TestOzoneFileSystem.java:1503)
	at sun.reflect.NativeMethodAccessorImpl.invoke0(Native Method)
	at sun.reflect.NativeMethodAccessorImpl.invoke(NativeMethodAccessorImpl.java:62)
	at sun.reflect.DelegatingMethodAccessorImpl.invoke(DelegatingMethodAccessorImpl.java:43)
	at java.lang.reflect.Method.invoke(Method.java:498)
	at org.junit.runners.model.FrameworkMethod$1.runReflectiveCall(FrameworkMethod.java:59)
	at org.junit.internal.runners.model.ReflectiveCallable.run(ReflectiveCallable.java:12)
	at org.junit.runners.model.FrameworkMethod.invokeExplosively(FrameworkMethod.java:56)
	at org.junit.internal.runners.statements.InvokeMethod.evaluate(InvokeMethod.java:17)
	at org.junit.internal.runners.statements.RunAfters.evaluate(RunAfters.java:27)
	at org.junit.internal.runners.statements.FailOnTimeout$CallableStatement.call(FailOnTimeout.java:288)
	at org.junit.internal.runners.statements.FailOnTimeout$CallableStatement.call(FailOnTimeout.java:282)
	at java.util.concurrent.FutureTask.run(FutureTask.java:266)
	at java.lang.Thread.run(Thread.java:750)
]]></system-out>
  </testcase>
  <testcase name="testGetTrashRoots" classname="TestOzoneFileSystem" time="0.078">
    <system-out><![CDATA[13:07:27.928 [IPC Server handler 6 on default port 33359] ERROR OMAudit - user=runner | ip=127.0.0.1 | op=GET_FILE_STATUS {volume=volume52841, bucket=bucket11878, key=.Trash/runner, dataSize=0, replicationConfig=null} | ret=FAILURE
org.apache.hadoop.ozone.om.exceptions.OMException: Unable to get file status: volume: volume52841 bucket: bucket11878 key: .Trash/runner
	at org.apache.hadoop.ozone.om.KeyManagerImpl.getOzoneFileStatus(KeyManagerImpl.java:1270) ~[ozone-manager-1.3.0-SNAPSHOT.jar:?]
	at org.apache.hadoop.ozone.om.KeyManagerImpl.getFileStatus(KeyManagerImpl.java:1200) ~[ozone-manager-1.3.0-SNAPSHOT.jar:?]
	at org.apache.hadoop.ozone.om.OzoneManager.getFileStatus(OzoneManager.java:3507) ~[ozone-manager-1.3.0-SNAPSHOT.jar:?]
	at org.apache.hadoop.ozone.protocolPB.OzoneManagerRequestHandler.getOzoneFileStatus(OzoneManagerRequestHandler.java:882) ~[ozone-manager-1.3.0-SNAPSHOT.jar:?]
	at org.apache.hadoop.ozone.protocolPB.OzoneManagerRequestHandler.handleReadRequest(OzoneManagerRequestHandler.java:228) ~[ozone-manager-1.3.0-SNAPSHOT.jar:?]
	at org.apache.hadoop.ozone.protocolPB.OzoneManagerProtocolServerSideTranslatorPB.submitReadRequestToOM(OzoneManagerProtocolServerSideTranslatorPB.java:226) ~[ozone-manager-1.3.0-SNAPSHOT.jar:?]
	at org.apache.hadoop.ozone.protocolPB.OzoneManagerProtocolServerSideTranslatorPB.processRequest(OzoneManagerProtocolServerSideTranslatorPB.java:175) ~[ozone-manager-1.3.0-SNAPSHOT.jar:?]
	at org.apache.hadoop.hdds.server.OzoneProtocolMessageDispatcher.processRequest(OzoneProtocolMessageDispatcher.java:87) [hdds-server-framework-1.3.0-SNAPSHOT.jar:?]
	at org.apache.hadoop.ozone.protocolPB.OzoneManagerProtocolServerSideTranslatorPB.submitRequest(OzoneManagerProtocolServerSideTranslatorPB.java:147) [ozone-manager-1.3.0-SNAPSHOT.jar:?]
	at org.apache.hadoop.ozone.protocol.proto.OzoneManagerProtocolProtos$OzoneManagerService$2.callBlockingMethod(OzoneManagerProtocolProtos.java) [ozone-interface-client-1.3.0-SNAPSHOT.jar:?]
	at org.apache.hadoop.ipc.ProtobufRpcEngine$Server.processCall(ProtobufRpcEngine.java:466) [hadoop-common-3.3.1.jar:?]
	at org.apache.hadoop.ipc.ProtobufRpcEngine2$Server$ProtoBufRpcInvoker.call(ProtobufRpcEngine2.java:574) [hadoop-common-3.3.1.jar:?]
	at org.apache.hadoop.ipc.ProtobufRpcEngine2$Server$ProtoBufRpcInvoker.call(ProtobufRpcEngine2.java:552) [hadoop-common-3.3.1.jar:?]
	at org.apache.hadoop.ipc.RPC$Server.call(RPC.java:1093) [hadoop-common-3.3.1.jar:?]
	at org.apache.hadoop.ipc.Server$RpcCall.run(Server.java:1035) [hadoop-common-3.3.1.jar:?]
	at org.apache.hadoop.ipc.Server$RpcCall.run(Server.java:963) [hadoop-common-3.3.1.jar:?]
	at java.security.AccessController.doPrivileged(Native Method) ~[?:1.8.0_345]
	at javax.security.auth.Subject.doAs(Subject.java:422) [?:1.8.0_345]
	at org.apache.hadoop.security.UserGroupInformation.doAs(UserGroupInformation.java:1878) [hadoop-common-3.3.1.jar:?]
	at org.apache.hadoop.ipc.Server$Handler.run(Server.java:2966) [hadoop-common-3.3.1.jar:?]
2022-10-09 13:07:27,929 [Time-limited test] WARN  ozone.BasicOzoneFileSystem (BasicOzoneFileSystem.java:getFileStatus(765)) - GetFileStatus failed for path /.Trash/runner
java.io.FileNotFoundException: .Trash/runner: No such file or directory!
	at org.apache.hadoop.fs.ozone.BasicOzoneClientAdapterImpl.getFileStatus(BasicOzoneClientAdapterImpl.java:369)
	at org.apache.hadoop.fs.ozone.BasicOzoneFileSystem.getFileStatus(BasicOzoneFileSystem.java:757)
	at org.apache.hadoop.fs.FileSystem.exists(FileSystem.java:1760)
	at org.apache.hadoop.fs.ozone.BasicOzoneFileSystem.exists(BasicOzoneFileSystem.java:804)
	at org.apache.hadoop.fs.ozone.BasicOzoneFileSystem.getTrashRoots(BasicOzoneFileSystem.java:700)
	at org.apache.hadoop.fs.ozone.TestOzoneFileSystem.testGetTrashRoots(TestOzoneFileSystem.java:1503)
	at sun.reflect.NativeMethodAccessorImpl.invoke0(Native Method)
	at sun.reflect.NativeMethodAccessorImpl.invoke(NativeMethodAccessorImpl.java:62)
	at sun.reflect.DelegatingMethodAccessorImpl.invoke(DelegatingMethodAccessorImpl.java:43)
	at java.lang.reflect.Method.invoke(Method.java:498)
	at org.junit.runners.model.FrameworkMethod$1.runReflectiveCall(FrameworkMethod.java:59)
	at org.junit.internal.runners.model.ReflectiveCallable.run(ReflectiveCallable.java:12)
	at org.junit.runners.model.FrameworkMethod.invokeExplosively(FrameworkMethod.java:56)
	at org.junit.internal.runners.statements.InvokeMethod.evaluate(InvokeMethod.java:17)
	at org.junit.internal.runners.statements.RunAfters.evaluate(RunAfters.java:27)
	at org.junit.internal.runners.statements.FailOnTimeout$CallableStatement.call(FailOnTimeout.java:288)
	at org.junit.internal.runners.statements.FailOnTimeout$CallableStatement.call(FailOnTimeout.java:282)
	at java.util.concurrent.FutureTask.run(FutureTask.java:266)
	at java.lang.Thread.run(Thread.java:750)
]]></system-out>
  </testcase>
  <testcase name="testGetTrashRoots" classname="TestOzoneFileSystem" time="0.031">
    <system-out><![CDATA[13:09:35.941 [IPC Server handler 17 on default port 34869] ERROR OMAudit - user=runner | ip=127.0.0.1 | op=GET_FILE_STATUS {volume=volume25253, bucket=bucket90791, key=.Trash/runner, dataSize=0, replicationConfig=null} | ret=FAILURE
org.apache.hadoop.ozone.om.exceptions.OMException: Unable to get file status: volume: volume25253 bucket: bucket90791 key: .Trash/runner
	at org.apache.hadoop.ozone.om.KeyManagerImpl.getOzoneFileStatus(KeyManagerImpl.java:1270) ~[ozone-manager-1.3.0-SNAPSHOT.jar:?]
	at org.apache.hadoop.ozone.om.KeyManagerImpl.getFileStatus(KeyManagerImpl.java:1200) ~[ozone-manager-1.3.0-SNAPSHOT.jar:?]
	at org.apache.hadoop.ozone.om.OzoneManager.getFileStatus(OzoneManager.java:3507) ~[ozone-manager-1.3.0-SNAPSHOT.jar:?]
	at org.apache.hadoop.ozone.protocolPB.OzoneManagerRequestHandler.getOzoneFileStatus(OzoneManagerRequestHandler.java:882) ~[ozone-manager-1.3.0-SNAPSHOT.jar:?]
	at org.apache.hadoop.ozone.protocolPB.OzoneManagerRequestHandler.handleReadRequest(OzoneManagerRequestHandler.java:228) ~[ozone-manager-1.3.0-SNAPSHOT.jar:?]
	at org.apache.hadoop.ozone.protocolPB.OzoneManagerProtocolServerSideTranslatorPB.submitRequestDirectlyToOM(OzoneManagerProtocolServerSideTranslatorPB.java:276) ~[ozone-manager-1.3.0-SNAPSHOT.jar:?]
	at org.apache.hadoop.ozone.protocolPB.OzoneManagerProtocolServerSideTranslatorPB.processRequest(OzoneManagerProtocolServerSideTranslatorPB.java:205) ~[ozone-manager-1.3.0-SNAPSHOT.jar:?]
	at org.apache.hadoop.hdds.server.OzoneProtocolMessageDispatcher.processRequest(OzoneProtocolMessageDispatcher.java:87) [hdds-server-framework-1.3.0-SNAPSHOT.jar:?]
	at org.apache.hadoop.ozone.protocolPB.OzoneManagerProtocolServerSideTranslatorPB.submitRequest(OzoneManagerProtocolServerSideTranslatorPB.java:147) [ozone-manager-1.3.0-SNAPSHOT.jar:?]
	at org.apache.hadoop.ozone.protocol.proto.OzoneManagerProtocolProtos$OzoneManagerService$2.callBlockingMethod(OzoneManagerProtocolProtos.java) [ozone-interface-client-1.3.0-SNAPSHOT.jar:?]
	at org.apache.hadoop.ipc.ProtobufRpcEngine$Server.processCall(ProtobufRpcEngine.java:466) [hadoop-common-3.3.1.jar:?]
	at org.apache.hadoop.ipc.ProtobufRpcEngine2$Server$ProtoBufRpcInvoker.call(ProtobufRpcEngine2.java:574) [hadoop-common-3.3.1.jar:?]
	at org.apache.hadoop.ipc.ProtobufRpcEngine2$Server$ProtoBufRpcInvoker.call(ProtobufRpcEngine2.java:552) [hadoop-common-3.3.1.jar:?]
	at org.apache.hadoop.ipc.RPC$Server.call(RPC.java:1093) [hadoop-common-3.3.1.jar:?]
	at org.apache.hadoop.ipc.Server$RpcCall.run(Server.java:1035) [hadoop-common-3.3.1.jar:?]
	at org.apache.hadoop.ipc.Server$RpcCall.run(Server.java:963) [hadoop-common-3.3.1.jar:?]
	at java.security.AccessController.doPrivileged(Native Method) ~[?:1.8.0_345]
	at javax.security.auth.Subject.doAs(Subject.java:422) [?:1.8.0_345]
	at org.apache.hadoop.security.UserGroupInformation.doAs(UserGroupInformation.java:1878) [hadoop-common-3.3.1.jar:?]
	at org.apache.hadoop.ipc.Server$Handler.run(Server.java:2966) [hadoop-common-3.3.1.jar:?]
2022-10-09 13:09:35,942 [Time-limited test] WARN  ozone.BasicOzoneFileSystem (BasicOzoneFileSystem.java:getFileStatus(765)) - GetFileStatus failed for path /.Trash/runner
java.io.FileNotFoundException: .Trash/runner: No such file or directory!
	at org.apache.hadoop.fs.ozone.BasicOzoneClientAdapterImpl.getFileStatus(BasicOzoneClientAdapterImpl.java:369)
	at org.apache.hadoop.fs.ozone.BasicOzoneFileSystem.getFileStatus(BasicOzoneFileSystem.java:757)
	at org.apache.hadoop.fs.FileSystem.exists(FileSystem.java:1760)
	at org.apache.hadoop.fs.ozone.BasicOzoneFileSystem.exists(BasicOzoneFileSystem.java:804)
	at org.apache.hadoop.fs.ozone.BasicOzoneFileSystem.getTrashRoots(BasicOzoneFileSystem.java:700)
	at org.apache.hadoop.fs.ozone.TestOzoneFileSystem.testGetTrashRoots(TestOzoneFileSystem.java:1503)
	at sun.reflect.NativeMethodAccessorImpl.invoke0(Native Method)
	at sun.reflect.NativeMethodAccessorImpl.invoke(NativeMethodAccessorImpl.java:62)
	at sun.reflect.DelegatingMethodAccessorImpl.invoke(DelegatingMethodAccessorImpl.java:43)
	at java.lang.reflect.Method.invoke(Method.java:498)
	at org.junit.runners.model.FrameworkMethod$1.runReflectiveCall(FrameworkMethod.java:59)
	at org.junit.internal.runners.model.ReflectiveCallable.run(ReflectiveCallable.java:12)
	at org.junit.runners.model.FrameworkMethod.invokeExplosively(FrameworkMethod.java:56)
	at org.junit.internal.runners.statements.InvokeMethod.evaluate(InvokeMethod.java:17)
	at org.junit.internal.runners.statements.RunAfters.evaluate(RunAfters.java:27)
	at org.junit.internal.runners.statements.FailOnTimeout$CallableStatement.call(FailOnTimeout.java:288)
	at org.junit.internal.runners.statements.FailOnTimeout$CallableStatement.call(FailOnTimeout.java:282)
	at java.util.concurrent.FutureTask.run(FutureTask.java:266)
	at java.lang.Thread.run(Thread.java:750)
]]></system-out>
  </testcase>
  <testcase name="testCreateDoesNotAddParentDirKeys" classname="TestOzoneFileSystem" time="0.06">
    <system-out><![CDATA[13:04:21.746 [IPC Server handler 16 on default port 37457] ERROR OMAudit - user=runner | ip=127.0.0.1 | op=READ_KEY {volume=volume94578, bucket=bucket60014, key=testCreateDoesNotAddParentDirKeys/parent/, dataSize=0, replicationConfig=null} | ret=FAILURE
org.apache.hadoop.ozone.om.exceptions.OMException: Key:testCreateDoesNotAddParentDirKeys/parent not found
	at org.apache.hadoop.ozone.om.KeyManagerImpl.lookupKey(KeyManagerImpl.java:365) ~[ozone-manager-1.3.0-SNAPSHOT.jar:?]
	at org.apache.hadoop.ozone.om.OzoneManager.lookupKey(OzoneManager.java:2836) ~[ozone-manager-1.3.0-SNAPSHOT.jar:?]
	at org.apache.hadoop.ozone.protocolPB.OzoneManagerRequestHandler.lookupKey(OzoneManagerRequestHandler.java:495) ~[ozone-manager-1.3.0-SNAPSHOT.jar:?]
	at org.apache.hadoop.ozone.protocolPB.OzoneManagerRequestHandler.handleReadRequest(OzoneManagerRequestHandler.java:188) ~[ozone-manager-1.3.0-SNAPSHOT.jar:?]
	at org.apache.hadoop.ozone.protocolPB.OzoneManagerProtocolServerSideTranslatorPB.submitReadRequestToOM(OzoneManagerProtocolServerSideTranslatorPB.java:226) ~[ozone-manager-1.3.0-SNAPSHOT.jar:?]
	at org.apache.hadoop.ozone.protocolPB.OzoneManagerProtocolServerSideTranslatorPB.processRequest(OzoneManagerProtocolServerSideTranslatorPB.java:175) ~[ozone-manager-1.3.0-SNAPSHOT.jar:?]
	at org.apache.hadoop.hdds.server.OzoneProtocolMessageDispatcher.processRequest(OzoneProtocolMessageDispatcher.java:87) [hdds-server-framework-1.3.0-SNAPSHOT.jar:?]
	at org.apache.hadoop.ozone.protocolPB.OzoneManagerProtocolServerSideTranslatorPB.submitRequest(OzoneManagerProtocolServerSideTranslatorPB.java:147) [ozone-manager-1.3.0-SNAPSHOT.jar:?]
	at org.apache.hadoop.ozone.protocol.proto.OzoneManagerProtocolProtos$OzoneManagerService$2.callBlockingMethod(OzoneManagerProtocolProtos.java) [ozone-interface-client-1.3.0-SNAPSHOT.jar:?]
	at org.apache.hadoop.ipc.ProtobufRpcEngine$Server.processCall(ProtobufRpcEngine.java:466) [hadoop-common-3.3.1.jar:?]
	at org.apache.hadoop.ipc.ProtobufRpcEngine2$Server$ProtoBufRpcInvoker.call(ProtobufRpcEngine2.java:574) [hadoop-common-3.3.1.jar:?]
	at org.apache.hadoop.ipc.ProtobufRpcEngine2$Server$ProtoBufRpcInvoker.call(ProtobufRpcEngine2.java:552) [hadoop-common-3.3.1.jar:?]
	at org.apache.hadoop.ipc.RPC$Server.call(RPC.java:1093) [hadoop-common-3.3.1.jar:?]
	at org.apache.hadoop.ipc.Server$RpcCall.run(Server.java:1035) [hadoop-common-3.3.1.jar:?]
	at org.apache.hadoop.ipc.Server$RpcCall.run(Server.java:963) [hadoop-common-3.3.1.jar:?]
	at java.security.AccessController.doPrivileged(Native Method) ~[?:1.8.0_345]
	at javax.security.auth.Subject.doAs(Subject.java:422) [?:1.8.0_345]
	at org.apache.hadoop.security.UserGroupInformation.doAs(UserGroupInformation.java:1878) [hadoop-common-3.3.1.jar:?]
	at org.apache.hadoop.ipc.Server$Handler.run(Server.java:2966) [hadoop-common-3.3.1.jar:?]
]]></system-out>
  </testcase>
  <testcase name="testCreateDoesNotAddParentDirKeys" classname="TestOzoneFileSystem" time="0.104">
    <system-out><![CDATA[13:05:58.005 [IPC Server handler 0 on default port 44209] ERROR OMAudit - user=runner | ip=127.0.0.1 | op=READ_KEY {volume=volume66281, bucket=bucket85504, key=testCreateDoesNotAddParentDirKeys/parent/, dataSize=0, replicationConfig=null} | ret=FAILURE
org.apache.hadoop.ozone.om.exceptions.OMException: Key:testCreateDoesNotAddParentDirKeys/parent not found
	at org.apache.hadoop.ozone.om.KeyManagerImpl.lookupKey(KeyManagerImpl.java:365) ~[ozone-manager-1.3.0-SNAPSHOT.jar:?]
	at org.apache.hadoop.ozone.om.OzoneManager.lookupKey(OzoneManager.java:2836) ~[ozone-manager-1.3.0-SNAPSHOT.jar:?]
	at org.apache.hadoop.ozone.protocolPB.OzoneManagerRequestHandler.lookupKey(OzoneManagerRequestHandler.java:495) ~[ozone-manager-1.3.0-SNAPSHOT.jar:?]
	at org.apache.hadoop.ozone.protocolPB.OzoneManagerRequestHandler.handleReadRequest(OzoneManagerRequestHandler.java:188) ~[ozone-manager-1.3.0-SNAPSHOT.jar:?]
	at org.apache.hadoop.ozone.protocolPB.OzoneManagerProtocolServerSideTranslatorPB.submitRequestDirectlyToOM(OzoneManagerProtocolServerSideTranslatorPB.java:276) ~[ozone-manager-1.3.0-SNAPSHOT.jar:?]
	at org.apache.hadoop.ozone.protocolPB.OzoneManagerProtocolServerSideTranslatorPB.processRequest(OzoneManagerProtocolServerSideTranslatorPB.java:205) ~[ozone-manager-1.3.0-SNAPSHOT.jar:?]
	at org.apache.hadoop.hdds.server.OzoneProtocolMessageDispatcher.processRequest(OzoneProtocolMessageDispatcher.java:87) [hdds-server-framework-1.3.0-SNAPSHOT.jar:?]
	at org.apache.hadoop.ozone.protocolPB.OzoneManagerProtocolServerSideTranslatorPB.submitRequest(OzoneManagerProtocolServerSideTranslatorPB.java:147) [ozone-manager-1.3.0-SNAPSHOT.jar:?]
	at org.apache.hadoop.ozone.protocol.proto.OzoneManagerProtocolProtos$OzoneManagerService$2.callBlockingMethod(OzoneManagerProtocolProtos.java) [ozone-interface-client-1.3.0-SNAPSHOT.jar:?]
	at org.apache.hadoop.ipc.ProtobufRpcEngine$Server.processCall(ProtobufRpcEngine.java:466) [hadoop-common-3.3.1.jar:?]
	at org.apache.hadoop.ipc.ProtobufRpcEngine2$Server$ProtoBufRpcInvoker.call(ProtobufRpcEngine2.java:574) [hadoop-common-3.3.1.jar:?]
	at org.apache.hadoop.ipc.ProtobufRpcEngine2$Server$ProtoBufRpcInvoker.call(ProtobufRpcEngine2.java:552) [hadoop-common-3.3.1.jar:?]
	at org.apache.hadoop.ipc.RPC$Server.call(RPC.java:1093) [hadoop-common-3.3.1.jar:?]
	at org.apache.hadoop.ipc.Server$RpcCall.run(Server.java:1035) [hadoop-common-3.3.1.jar:?]
	at org.apache.hadoop.ipc.Server$RpcCall.run(Server.java:963) [hadoop-common-3.3.1.jar:?]
	at java.security.AccessController.doPrivileged(Native Method) ~[?:1.8.0_345]
	at javax.security.auth.Subject.doAs(Subject.java:422) [?:1.8.0_345]
	at org.apache.hadoop.security.UserGroupInformation.doAs(UserGroupInformation.java:1878) [hadoop-common-3.3.1.jar:?]
	at org.apache.hadoop.ipc.Server$Handler.run(Server.java:2966) [hadoop-common-3.3.1.jar:?]
]]></system-out>
  </testcase>
  <testcase name="testCreateDoesNotAddParentDirKeys" classname="TestOzoneFileSystem" time="0.192"/>
  <testcase name="testCreateDoesNotAddParentDirKeys" classname="TestOzoneFileSystem" time="0.111"/>
  <testcase name="testDeleteCreatesFakeParentDir" classname="TestOzoneFileSystem" time="0.045">
    <system-out><![CDATA[13:04:21.791 [IPC Server handler 11 on default port 37457] ERROR OMAudit - user=runner | ip=127.0.0.1 | op=READ_KEY {volume=volume94578, bucket=bucket60014, key=testDeleteCreatesFakeParentDir/parent/, dataSize=0, replicationConfig=null} | ret=FAILURE
org.apache.hadoop.ozone.om.exceptions.OMException: Key:testDeleteCreatesFakeParentDir/parent not found
	at org.apache.hadoop.ozone.om.KeyManagerImpl.lookupKey(KeyManagerImpl.java:365) ~[ozone-manager-1.3.0-SNAPSHOT.jar:?]
	at org.apache.hadoop.ozone.om.OzoneManager.lookupKey(OzoneManager.java:2836) ~[ozone-manager-1.3.0-SNAPSHOT.jar:?]
	at org.apache.hadoop.ozone.protocolPB.OzoneManagerRequestHandler.lookupKey(OzoneManagerRequestHandler.java:495) ~[ozone-manager-1.3.0-SNAPSHOT.jar:?]
	at org.apache.hadoop.ozone.protocolPB.OzoneManagerRequestHandler.handleReadRequest(OzoneManagerRequestHandler.java:188) ~[ozone-manager-1.3.0-SNAPSHOT.jar:?]
	at org.apache.hadoop.ozone.protocolPB.OzoneManagerProtocolServerSideTranslatorPB.submitReadRequestToOM(OzoneManagerProtocolServerSideTranslatorPB.java:226) ~[ozone-manager-1.3.0-SNAPSHOT.jar:?]
	at org.apache.hadoop.ozone.protocolPB.OzoneManagerProtocolServerSideTranslatorPB.processRequest(OzoneManagerProtocolServerSideTranslatorPB.java:175) ~[ozone-manager-1.3.0-SNAPSHOT.jar:?]
	at org.apache.hadoop.hdds.server.OzoneProtocolMessageDispatcher.processRequest(OzoneProtocolMessageDispatcher.java:87) [hdds-server-framework-1.3.0-SNAPSHOT.jar:?]
	at org.apache.hadoop.ozone.protocolPB.OzoneManagerProtocolServerSideTranslatorPB.submitRequest(OzoneManagerProtocolServerSideTranslatorPB.java:147) [ozone-manager-1.3.0-SNAPSHOT.jar:?]
	at org.apache.hadoop.ozone.protocol.proto.OzoneManagerProtocolProtos$OzoneManagerService$2.callBlockingMethod(OzoneManagerProtocolProtos.java) [ozone-interface-client-1.3.0-SNAPSHOT.jar:?]
	at org.apache.hadoop.ipc.ProtobufRpcEngine$Server.processCall(ProtobufRpcEngine.java:466) [hadoop-common-3.3.1.jar:?]
	at org.apache.hadoop.ipc.ProtobufRpcEngine2$Server$ProtoBufRpcInvoker.call(ProtobufRpcEngine2.java:574) [hadoop-common-3.3.1.jar:?]
	at org.apache.hadoop.ipc.ProtobufRpcEngine2$Server$ProtoBufRpcInvoker.call(ProtobufRpcEngine2.java:552) [hadoop-common-3.3.1.jar:?]
	at org.apache.hadoop.ipc.RPC$Server.call(RPC.java:1093) [hadoop-common-3.3.1.jar:?]
	at org.apache.hadoop.ipc.Server$RpcCall.run(Server.java:1035) [hadoop-common-3.3.1.jar:?]
	at org.apache.hadoop.ipc.Server$RpcCall.run(Server.java:963) [hadoop-common-3.3.1.jar:?]
	at java.security.AccessController.doPrivileged(Native Method) ~[?:1.8.0_345]
	at javax.security.auth.Subject.doAs(Subject.java:422) [?:1.8.0_345]
	at org.apache.hadoop.security.UserGroupInformation.doAs(UserGroupInformation.java:1878) [hadoop-common-3.3.1.jar:?]
	at org.apache.hadoop.ipc.Server$Handler.run(Server.java:2966) [hadoop-common-3.3.1.jar:?]
]]></system-out>
  </testcase>
  <testcase name="testDeleteCreatesFakeParentDir" classname="TestOzoneFileSystem" time="0.058">
    <system-out><![CDATA[13:05:58.064 [IPC Server handler 1 on default port 44209] ERROR OMAudit - user=runner | ip=127.0.0.1 | op=READ_KEY {volume=volume66281, bucket=bucket85504, key=testDeleteCreatesFakeParentDir/parent/, dataSize=0, replicationConfig=null} | ret=FAILURE
org.apache.hadoop.ozone.om.exceptions.OMException: Key:testDeleteCreatesFakeParentDir/parent not found
	at org.apache.hadoop.ozone.om.KeyManagerImpl.lookupKey(KeyManagerImpl.java:365) ~[ozone-manager-1.3.0-SNAPSHOT.jar:?]
	at org.apache.hadoop.ozone.om.OzoneManager.lookupKey(OzoneManager.java:2836) ~[ozone-manager-1.3.0-SNAPSHOT.jar:?]
	at org.apache.hadoop.ozone.protocolPB.OzoneManagerRequestHandler.lookupKey(OzoneManagerRequestHandler.java:495) ~[ozone-manager-1.3.0-SNAPSHOT.jar:?]
	at org.apache.hadoop.ozone.protocolPB.OzoneManagerRequestHandler.handleReadRequest(OzoneManagerRequestHandler.java:188) ~[ozone-manager-1.3.0-SNAPSHOT.jar:?]
	at org.apache.hadoop.ozone.protocolPB.OzoneManagerProtocolServerSideTranslatorPB.submitRequestDirectlyToOM(OzoneManagerProtocolServerSideTranslatorPB.java:276) ~[ozone-manager-1.3.0-SNAPSHOT.jar:?]
	at org.apache.hadoop.ozone.protocolPB.OzoneManagerProtocolServerSideTranslatorPB.processRequest(OzoneManagerProtocolServerSideTranslatorPB.java:205) ~[ozone-manager-1.3.0-SNAPSHOT.jar:?]
	at org.apache.hadoop.hdds.server.OzoneProtocolMessageDispatcher.processRequest(OzoneProtocolMessageDispatcher.java:87) [hdds-server-framework-1.3.0-SNAPSHOT.jar:?]
	at org.apache.hadoop.ozone.protocolPB.OzoneManagerProtocolServerSideTranslatorPB.submitRequest(OzoneManagerProtocolServerSideTranslatorPB.java:147) [ozone-manager-1.3.0-SNAPSHOT.jar:?]
	at org.apache.hadoop.ozone.protocol.proto.OzoneManagerProtocolProtos$OzoneManagerService$2.callBlockingMethod(OzoneManagerProtocolProtos.java) [ozone-interface-client-1.3.0-SNAPSHOT.jar:?]
	at org.apache.hadoop.ipc.ProtobufRpcEngine$Server.processCall(ProtobufRpcEngine.java:466) [hadoop-common-3.3.1.jar:?]
	at org.apache.hadoop.ipc.ProtobufRpcEngine2$Server$ProtoBufRpcInvoker.call(ProtobufRpcEngine2.java:574) [hadoop-common-3.3.1.jar:?]
	at org.apache.hadoop.ipc.ProtobufRpcEngine2$Server$ProtoBufRpcInvoker.call(ProtobufRpcEngine2.java:552) [hadoop-common-3.3.1.jar:?]
	at org.apache.hadoop.ipc.RPC$Server.call(RPC.java:1093) [hadoop-common-3.3.1.jar:?]
	at org.apache.hadoop.ipc.Server$RpcCall.run(Server.java:1035) [hadoop-common-3.3.1.jar:?]
	at org.apache.hadoop.ipc.Server$RpcCall.run(Server.java:963) [hadoop-common-3.3.1.jar:?]
	at java.security.AccessController.doPrivileged(Native Method) ~[?:1.8.0_345]
	at javax.security.auth.Subject.doAs(Subject.java:422) [?:1.8.0_345]
	at org.apache.hadoop.security.UserGroupInformation.doAs(UserGroupInformation.java:1878) [hadoop-common-3.3.1.jar:?]
	at org.apache.hadoop.ipc.Server$Handler.run(Server.java:2966) [hadoop-common-3.3.1.jar:?]
]]></system-out>
  </testcase>
  <testcase name="testDeleteCreatesFakeParentDir" classname="TestOzoneFileSystem" time="0.11"/>
  <testcase name="testDeleteCreatesFakeParentDir" classname="TestOzoneFileSystem" time="0.076"/>
  <testcase name="testNonExplicitlyCreatedPathExistsAfterItsLeafsWereRemoved" classname="TestOzoneFileSystem" time="0.039">
    <system-out><![CDATA[13:04:21.818 [IPC Server handler 0 on default port 37457] ERROR OMAudit - user=runner | ip=127.0.0.1 | op=GET_FILE_STATUS {volume=volume94578, bucket=bucket60014, key=target/leaf, dataSize=0, replicationConfig=null} | ret=FAILURE
org.apache.hadoop.ozone.om.exceptions.OMException: Unable to get file status: volume: volume94578 bucket: bucket60014 key: target/leaf
	at org.apache.hadoop.ozone.om.KeyManagerImpl.getOzoneFileStatus(KeyManagerImpl.java:1270) ~[ozone-manager-1.3.0-SNAPSHOT.jar:?]
	at org.apache.hadoop.ozone.om.KeyManagerImpl.getFileStatus(KeyManagerImpl.java:1200) ~[ozone-manager-1.3.0-SNAPSHOT.jar:?]
	at org.apache.hadoop.ozone.om.OzoneManager.getFileStatus(OzoneManager.java:3507) ~[ozone-manager-1.3.0-SNAPSHOT.jar:?]
	at org.apache.hadoop.ozone.protocolPB.OzoneManagerRequestHandler.getOzoneFileStatus(OzoneManagerRequestHandler.java:882) ~[ozone-manager-1.3.0-SNAPSHOT.jar:?]
	at org.apache.hadoop.ozone.protocolPB.OzoneManagerRequestHandler.handleReadRequest(OzoneManagerRequestHandler.java:228) ~[ozone-manager-1.3.0-SNAPSHOT.jar:?]
	at org.apache.hadoop.ozone.protocolPB.OzoneManagerProtocolServerSideTranslatorPB.submitReadRequestToOM(OzoneManagerProtocolServerSideTranslatorPB.java:226) ~[ozone-manager-1.3.0-SNAPSHOT.jar:?]
	at org.apache.hadoop.ozone.protocolPB.OzoneManagerProtocolServerSideTranslatorPB.processRequest(OzoneManagerProtocolServerSideTranslatorPB.java:175) ~[ozone-manager-1.3.0-SNAPSHOT.jar:?]
	at org.apache.hadoop.hdds.server.OzoneProtocolMessageDispatcher.processRequest(OzoneProtocolMessageDispatcher.java:87) [hdds-server-framework-1.3.0-SNAPSHOT.jar:?]
	at org.apache.hadoop.ozone.protocolPB.OzoneManagerProtocolServerSideTranslatorPB.submitRequest(OzoneManagerProtocolServerSideTranslatorPB.java:147) [ozone-manager-1.3.0-SNAPSHOT.jar:?]
	at org.apache.hadoop.ozone.protocol.proto.OzoneManagerProtocolProtos$OzoneManagerService$2.callBlockingMethod(OzoneManagerProtocolProtos.java) [ozone-interface-client-1.3.0-SNAPSHOT.jar:?]
	at org.apache.hadoop.ipc.ProtobufRpcEngine$Server.processCall(ProtobufRpcEngine.java:466) [hadoop-common-3.3.1.jar:?]
	at org.apache.hadoop.ipc.ProtobufRpcEngine2$Server$ProtoBufRpcInvoker.call(ProtobufRpcEngine2.java:574) [hadoop-common-3.3.1.jar:?]
	at org.apache.hadoop.ipc.ProtobufRpcEngine2$Server$ProtoBufRpcInvoker.call(ProtobufRpcEngine2.java:552) [hadoop-common-3.3.1.jar:?]
	at org.apache.hadoop.ipc.RPC$Server.call(RPC.java:1093) [hadoop-common-3.3.1.jar:?]
	at org.apache.hadoop.ipc.Server$RpcCall.run(Server.java:1035) [hadoop-common-3.3.1.jar:?]
	at org.apache.hadoop.ipc.Server$RpcCall.run(Server.java:963) [hadoop-common-3.3.1.jar:?]
	at java.security.AccessController.doPrivileged(Native Method) ~[?:1.8.0_345]
	at javax.security.auth.Subject.doAs(Subject.java:422) [?:1.8.0_345]
	at org.apache.hadoop.security.UserGroupInformation.doAs(UserGroupInformation.java:1878) [hadoop-common-3.3.1.jar:?]
	at org.apache.hadoop.ipc.Server$Handler.run(Server.java:2966) [hadoop-common-3.3.1.jar:?]
2022-10-09 13:04:21,819 [Time-limited test] WARN  ozone.BasicOzoneFileSystem (BasicOzoneFileSystem.java:getFileStatus(765)) - GetFileStatus failed for path /target/leaf
java.io.FileNotFoundException: target/leaf: No such file or directory!
	at org.apache.hadoop.fs.ozone.BasicOzoneClientAdapterImpl.getFileStatus(BasicOzoneClientAdapterImpl.java:369)
	at org.apache.hadoop.fs.ozone.BasicOzoneFileSystem.getFileStatus(BasicOzoneFileSystem.java:757)
	at org.apache.hadoop.fs.ozone.BasicOzoneFileSystem.rename(BasicOzoneFileSystem.java:357)
	at org.apache.hadoop.fs.ozone.TestOzoneFileSystem.testNonExplicitlyCreatedPathExistsAfterItsLeafsWereRemoved(TestOzoneFileSystem.java:1067)
	at sun.reflect.NativeMethodAccessorImpl.invoke0(Native Method)
	at sun.reflect.NativeMethodAccessorImpl.invoke(NativeMethodAccessorImpl.java:62)
	at sun.reflect.DelegatingMethodAccessorImpl.invoke(DelegatingMethodAccessorImpl.java:43)
	at java.lang.reflect.Method.invoke(Method.java:498)
	at org.junit.runners.model.FrameworkMethod$1.runReflectiveCall(FrameworkMethod.java:59)
	at org.junit.internal.runners.model.ReflectiveCallable.run(ReflectiveCallable.java:12)
	at org.junit.runners.model.FrameworkMethod.invokeExplosively(FrameworkMethod.java:56)
	at org.junit.internal.runners.statements.InvokeMethod.evaluate(InvokeMethod.java:17)
	at org.junit.internal.runners.statements.RunAfters.evaluate(RunAfters.java:27)
	at org.junit.internal.runners.statements.FailOnTimeout$CallableStatement.call(FailOnTimeout.java:288)
	at org.junit.internal.runners.statements.FailOnTimeout$CallableStatement.call(FailOnTimeout.java:282)
	at java.util.concurrent.FutureTask.run(FutureTask.java:266)
	at java.lang.Thread.run(Thread.java:750)
]]></system-out>
  </testcase>
  <testcase name="testNonExplicitlyCreatedPathExistsAfterItsLeafsWereRemoved" classname="TestOzoneFileSystem" time="0.021">
    <system-out><![CDATA[13:05:58.083 [IPC Server handler 5 on default port 44209] ERROR OMAudit - user=runner | ip=127.0.0.1 | op=GET_FILE_STATUS {volume=volume66281, bucket=bucket85504, key=target/leaf, dataSize=0, replicationConfig=null} | ret=FAILURE
org.apache.hadoop.ozone.om.exceptions.OMException: Unable to get file status: volume: volume66281 bucket: bucket85504 key: target/leaf
	at org.apache.hadoop.ozone.om.KeyManagerImpl.getOzoneFileStatus(KeyManagerImpl.java:1270) ~[ozone-manager-1.3.0-SNAPSHOT.jar:?]
	at org.apache.hadoop.ozone.om.KeyManagerImpl.getFileStatus(KeyManagerImpl.java:1200) ~[ozone-manager-1.3.0-SNAPSHOT.jar:?]
	at org.apache.hadoop.ozone.om.OzoneManager.getFileStatus(OzoneManager.java:3507) ~[ozone-manager-1.3.0-SNAPSHOT.jar:?]
	at org.apache.hadoop.ozone.protocolPB.OzoneManagerRequestHandler.getOzoneFileStatus(OzoneManagerRequestHandler.java:882) ~[ozone-manager-1.3.0-SNAPSHOT.jar:?]
	at org.apache.hadoop.ozone.protocolPB.OzoneManagerRequestHandler.handleReadRequest(OzoneManagerRequestHandler.java:228) ~[ozone-manager-1.3.0-SNAPSHOT.jar:?]
	at org.apache.hadoop.ozone.protocolPB.OzoneManagerProtocolServerSideTranslatorPB.submitRequestDirectlyToOM(OzoneManagerProtocolServerSideTranslatorPB.java:276) ~[ozone-manager-1.3.0-SNAPSHOT.jar:?]
	at org.apache.hadoop.ozone.protocolPB.OzoneManagerProtocolServerSideTranslatorPB.processRequest(OzoneManagerProtocolServerSideTranslatorPB.java:205) ~[ozone-manager-1.3.0-SNAPSHOT.jar:?]
	at org.apache.hadoop.hdds.server.OzoneProtocolMessageDispatcher.processRequest(OzoneProtocolMessageDispatcher.java:87) [hdds-server-framework-1.3.0-SNAPSHOT.jar:?]
	at org.apache.hadoop.ozone.protocolPB.OzoneManagerProtocolServerSideTranslatorPB.submitRequest(OzoneManagerProtocolServerSideTranslatorPB.java:147) [ozone-manager-1.3.0-SNAPSHOT.jar:?]
	at org.apache.hadoop.ozone.protocol.proto.OzoneManagerProtocolProtos$OzoneManagerService$2.callBlockingMethod(OzoneManagerProtocolProtos.java) [ozone-interface-client-1.3.0-SNAPSHOT.jar:?]
	at org.apache.hadoop.ipc.ProtobufRpcEngine$Server.processCall(ProtobufRpcEngine.java:466) [hadoop-common-3.3.1.jar:?]
	at org.apache.hadoop.ipc.ProtobufRpcEngine2$Server$ProtoBufRpcInvoker.call(ProtobufRpcEngine2.java:574) [hadoop-common-3.3.1.jar:?]
	at org.apache.hadoop.ipc.ProtobufRpcEngine2$Server$ProtoBufRpcInvoker.call(ProtobufRpcEngine2.java:552) [hadoop-common-3.3.1.jar:?]
	at org.apache.hadoop.ipc.RPC$Server.call(RPC.java:1093) [hadoop-common-3.3.1.jar:?]
	at org.apache.hadoop.ipc.Server$RpcCall.run(Server.java:1035) [hadoop-common-3.3.1.jar:?]
	at org.apache.hadoop.ipc.Server$RpcCall.run(Server.java:963) [hadoop-common-3.3.1.jar:?]
	at java.security.AccessController.doPrivileged(Native Method) ~[?:1.8.0_345]
	at javax.security.auth.Subject.doAs(Subject.java:422) [?:1.8.0_345]
	at org.apache.hadoop.security.UserGroupInformation.doAs(UserGroupInformation.java:1878) [hadoop-common-3.3.1.jar:?]
	at org.apache.hadoop.ipc.Server$Handler.run(Server.java:2966) [hadoop-common-3.3.1.jar:?]
2022-10-09 13:05:58,084 [Time-limited test] WARN  ozone.BasicOzoneFileSystem (BasicOzoneFileSystem.java:getFileStatus(765)) - GetFileStatus failed for path /target/leaf
java.io.FileNotFoundException: target/leaf: No such file or directory!
	at org.apache.hadoop.fs.ozone.BasicOzoneClientAdapterImpl.getFileStatus(BasicOzoneClientAdapterImpl.java:369)
	at org.apache.hadoop.fs.ozone.BasicOzoneFileSystem.getFileStatus(BasicOzoneFileSystem.java:757)
	at org.apache.hadoop.fs.ozone.BasicOzoneFileSystem.rename(BasicOzoneFileSystem.java:357)
	at org.apache.hadoop.fs.ozone.TestOzoneFileSystem.testNonExplicitlyCreatedPathExistsAfterItsLeafsWereRemoved(TestOzoneFileSystem.java:1067)
	at sun.reflect.NativeMethodAccessorImpl.invoke0(Native Method)
	at sun.reflect.NativeMethodAccessorImpl.invoke(NativeMethodAccessorImpl.java:62)
	at sun.reflect.DelegatingMethodAccessorImpl.invoke(DelegatingMethodAccessorImpl.java:43)
	at java.lang.reflect.Method.invoke(Method.java:498)
	at org.junit.runners.model.FrameworkMethod$1.runReflectiveCall(FrameworkMethod.java:59)
	at org.junit.internal.runners.model.ReflectiveCallable.run(ReflectiveCallable.java:12)
	at org.junit.runners.model.FrameworkMethod.invokeExplosively(FrameworkMethod.java:56)
	at org.junit.internal.runners.statements.InvokeMethod.evaluate(InvokeMethod.java:17)
	at org.junit.internal.runners.statements.RunAfters.evaluate(RunAfters.java:27)
	at org.junit.internal.runners.statements.FailOnTimeout$CallableStatement.call(FailOnTimeout.java:288)
	at org.junit.internal.runners.statements.FailOnTimeout$CallableStatement.call(FailOnTimeout.java:282)
	at java.util.concurrent.FutureTask.run(FutureTask.java:266)
	at java.lang.Thread.run(Thread.java:750)
]]></system-out>
  </testcase>
  <testcase name="testNonExplicitlyCreatedPathExistsAfterItsLeafsWereRemoved" classname="TestOzoneFileSystem" time="0.051">
    <system-out><![CDATA[13:07:28.346 [IPC Server handler 3 on default port 33359] ERROR OMAudit - user=runner | ip=127.0.0.1 | op=GET_FILE_STATUS {volume=volume52841, bucket=bucket11878, key=target/leaf, dataSize=0, replicationConfig=null} | ret=FAILURE
org.apache.hadoop.ozone.om.exceptions.OMException: Unable to get file status: volume: volume52841 bucket: bucket11878 key: target/leaf
	at org.apache.hadoop.ozone.om.KeyManagerImpl.getOzoneFileStatus(KeyManagerImpl.java:1270) ~[ozone-manager-1.3.0-SNAPSHOT.jar:?]
	at org.apache.hadoop.ozone.om.KeyManagerImpl.getFileStatus(KeyManagerImpl.java:1200) ~[ozone-manager-1.3.0-SNAPSHOT.jar:?]
	at org.apache.hadoop.ozone.om.OzoneManager.getFileStatus(OzoneManager.java:3507) ~[ozone-manager-1.3.0-SNAPSHOT.jar:?]
	at org.apache.hadoop.ozone.protocolPB.OzoneManagerRequestHandler.getOzoneFileStatus(OzoneManagerRequestHandler.java:882) ~[ozone-manager-1.3.0-SNAPSHOT.jar:?]
	at org.apache.hadoop.ozone.protocolPB.OzoneManagerRequestHandler.handleReadRequest(OzoneManagerRequestHandler.java:228) ~[ozone-manager-1.3.0-SNAPSHOT.jar:?]
	at org.apache.hadoop.ozone.protocolPB.OzoneManagerProtocolServerSideTranslatorPB.submitReadRequestToOM(OzoneManagerProtocolServerSideTranslatorPB.java:226) ~[ozone-manager-1.3.0-SNAPSHOT.jar:?]
	at org.apache.hadoop.ozone.protocolPB.OzoneManagerProtocolServerSideTranslatorPB.processRequest(OzoneManagerProtocolServerSideTranslatorPB.java:175) ~[ozone-manager-1.3.0-SNAPSHOT.jar:?]
	at org.apache.hadoop.hdds.server.OzoneProtocolMessageDispatcher.processRequest(OzoneProtocolMessageDispatcher.java:87) [hdds-server-framework-1.3.0-SNAPSHOT.jar:?]
	at org.apache.hadoop.ozone.protocolPB.OzoneManagerProtocolServerSideTranslatorPB.submitRequest(OzoneManagerProtocolServerSideTranslatorPB.java:147) [ozone-manager-1.3.0-SNAPSHOT.jar:?]
	at org.apache.hadoop.ozone.protocol.proto.OzoneManagerProtocolProtos$OzoneManagerService$2.callBlockingMethod(OzoneManagerProtocolProtos.java) [ozone-interface-client-1.3.0-SNAPSHOT.jar:?]
	at org.apache.hadoop.ipc.ProtobufRpcEngine$Server.processCall(ProtobufRpcEngine.java:466) [hadoop-common-3.3.1.jar:?]
	at org.apache.hadoop.ipc.ProtobufRpcEngine2$Server$ProtoBufRpcInvoker.call(ProtobufRpcEngine2.java:574) [hadoop-common-3.3.1.jar:?]
	at org.apache.hadoop.ipc.ProtobufRpcEngine2$Server$ProtoBufRpcInvoker.call(ProtobufRpcEngine2.java:552) [hadoop-common-3.3.1.jar:?]
	at org.apache.hadoop.ipc.RPC$Server.call(RPC.java:1093) [hadoop-common-3.3.1.jar:?]
	at org.apache.hadoop.ipc.Server$RpcCall.run(Server.java:1035) [hadoop-common-3.3.1.jar:?]
	at org.apache.hadoop.ipc.Server$RpcCall.run(Server.java:963) [hadoop-common-3.3.1.jar:?]
	at java.security.AccessController.doPrivileged(Native Method) ~[?:1.8.0_345]
	at javax.security.auth.Subject.doAs(Subject.java:422) [?:1.8.0_345]
	at org.apache.hadoop.security.UserGroupInformation.doAs(UserGroupInformation.java:1878) [hadoop-common-3.3.1.jar:?]
	at org.apache.hadoop.ipc.Server$Handler.run(Server.java:2966) [hadoop-common-3.3.1.jar:?]
2022-10-09 13:07:28,347 [Time-limited test] WARN  ozone.BasicOzoneFileSystem (BasicOzoneFileSystem.java:getFileStatus(765)) - GetFileStatus failed for path /target/leaf
java.io.FileNotFoundException: target/leaf: No such file or directory!
	at org.apache.hadoop.fs.ozone.BasicOzoneClientAdapterImpl.getFileStatus(BasicOzoneClientAdapterImpl.java:369)
	at org.apache.hadoop.fs.ozone.BasicOzoneFileSystem.getFileStatus(BasicOzoneFileSystem.java:757)
	at org.apache.hadoop.fs.ozone.BasicOzoneFileSystem.rename(BasicOzoneFileSystem.java:357)
	at org.apache.hadoop.fs.ozone.TestOzoneFileSystem.testNonExplicitlyCreatedPathExistsAfterItsLeafsWereRemoved(TestOzoneFileSystem.java:1067)
	at sun.reflect.NativeMethodAccessorImpl.invoke0(Native Method)
	at sun.reflect.NativeMethodAccessorImpl.invoke(NativeMethodAccessorImpl.java:62)
	at sun.reflect.DelegatingMethodAccessorImpl.invoke(DelegatingMethodAccessorImpl.java:43)
	at java.lang.reflect.Method.invoke(Method.java:498)
	at org.junit.runners.model.FrameworkMethod$1.runReflectiveCall(FrameworkMethod.java:59)
	at org.junit.internal.runners.model.ReflectiveCallable.run(ReflectiveCallable.java:12)
	at org.junit.runners.model.FrameworkMethod.invokeExplosively(FrameworkMethod.java:56)
	at org.junit.internal.runners.statements.InvokeMethod.evaluate(InvokeMethod.java:17)
	at org.junit.internal.runners.statements.RunAfters.evaluate(RunAfters.java:27)
	at org.junit.internal.runners.statements.FailOnTimeout$CallableStatement.call(FailOnTimeout.java:288)
	at org.junit.internal.runners.statements.FailOnTimeout$CallableStatement.call(FailOnTimeout.java:282)
	at java.util.concurrent.FutureTask.run(FutureTask.java:266)
	at java.lang.Thread.run(Thread.java:750)
]]></system-out>
  </testcase>
  <testcase name="testNonExplicitlyCreatedPathExistsAfterItsLeafsWereRemoved" classname="TestOzoneFileSystem" time="0.059">
    <system-out><![CDATA[13:09:36.180 [IPC Server handler 9 on default port 34869] ERROR OMAudit - user=runner | ip=127.0.0.1 | op=GET_FILE_STATUS {volume=volume25253, bucket=bucket90791, key=target/leaf, dataSize=0, replicationConfig=null} | ret=FAILURE
org.apache.hadoop.ozone.om.exceptions.OMException: Unable to get file status: volume: volume25253 bucket: bucket90791 key: target/leaf
	at org.apache.hadoop.ozone.om.KeyManagerImpl.getOzoneFileStatus(KeyManagerImpl.java:1270) ~[ozone-manager-1.3.0-SNAPSHOT.jar:?]
	at org.apache.hadoop.ozone.om.KeyManagerImpl.getFileStatus(KeyManagerImpl.java:1200) ~[ozone-manager-1.3.0-SNAPSHOT.jar:?]
	at org.apache.hadoop.ozone.om.OzoneManager.getFileStatus(OzoneManager.java:3507) ~[ozone-manager-1.3.0-SNAPSHOT.jar:?]
	at org.apache.hadoop.ozone.protocolPB.OzoneManagerRequestHandler.getOzoneFileStatus(OzoneManagerRequestHandler.java:882) ~[ozone-manager-1.3.0-SNAPSHOT.jar:?]
	at org.apache.hadoop.ozone.protocolPB.OzoneManagerRequestHandler.handleReadRequest(OzoneManagerRequestHandler.java:228) ~[ozone-manager-1.3.0-SNAPSHOT.jar:?]
	at org.apache.hadoop.ozone.protocolPB.OzoneManagerProtocolServerSideTranslatorPB.submitRequestDirectlyToOM(OzoneManagerProtocolServerSideTranslatorPB.java:276) ~[ozone-manager-1.3.0-SNAPSHOT.jar:?]
	at org.apache.hadoop.ozone.protocolPB.OzoneManagerProtocolServerSideTranslatorPB.processRequest(OzoneManagerProtocolServerSideTranslatorPB.java:205) ~[ozone-manager-1.3.0-SNAPSHOT.jar:?]
	at org.apache.hadoop.hdds.server.OzoneProtocolMessageDispatcher.processRequest(OzoneProtocolMessageDispatcher.java:87) [hdds-server-framework-1.3.0-SNAPSHOT.jar:?]
	at org.apache.hadoop.ozone.protocolPB.OzoneManagerProtocolServerSideTranslatorPB.submitRequest(OzoneManagerProtocolServerSideTranslatorPB.java:147) [ozone-manager-1.3.0-SNAPSHOT.jar:?]
	at org.apache.hadoop.ozone.protocol.proto.OzoneManagerProtocolProtos$OzoneManagerService$2.callBlockingMethod(OzoneManagerProtocolProtos.java) [ozone-interface-client-1.3.0-SNAPSHOT.jar:?]
	at org.apache.hadoop.ipc.ProtobufRpcEngine$Server.processCall(ProtobufRpcEngine.java:466) [hadoop-common-3.3.1.jar:?]
	at org.apache.hadoop.ipc.ProtobufRpcEngine2$Server$ProtoBufRpcInvoker.call(ProtobufRpcEngine2.java:574) [hadoop-common-3.3.1.jar:?]
	at org.apache.hadoop.ipc.ProtobufRpcEngine2$Server$ProtoBufRpcInvoker.call(ProtobufRpcEngine2.java:552) [hadoop-common-3.3.1.jar:?]
	at org.apache.hadoop.ipc.RPC$Server.call(RPC.java:1093) [hadoop-common-3.3.1.jar:?]
	at org.apache.hadoop.ipc.Server$RpcCall.run(Server.java:1035) [hadoop-common-3.3.1.jar:?]
	at org.apache.hadoop.ipc.Server$RpcCall.run(Server.java:963) [hadoop-common-3.3.1.jar:?]
	at java.security.AccessController.doPrivileged(Native Method) ~[?:1.8.0_345]
	at javax.security.auth.Subject.doAs(Subject.java:422) [?:1.8.0_345]
	at org.apache.hadoop.security.UserGroupInformation.doAs(UserGroupInformation.java:1878) [hadoop-common-3.3.1.jar:?]
	at org.apache.hadoop.ipc.Server$Handler.run(Server.java:2966) [hadoop-common-3.3.1.jar:?]
2022-10-09 13:09:36,182 [Time-limited test] WARN  ozone.BasicOzoneFileSystem (BasicOzoneFileSystem.java:getFileStatus(765)) - GetFileStatus failed for path /target/leaf
java.io.FileNotFoundException: target/leaf: No such file or directory!
	at org.apache.hadoop.fs.ozone.BasicOzoneClientAdapterImpl.getFileStatus(BasicOzoneClientAdapterImpl.java:369)
	at org.apache.hadoop.fs.ozone.BasicOzoneFileSystem.getFileStatus(BasicOzoneFileSystem.java:757)
	at org.apache.hadoop.fs.ozone.BasicOzoneFileSystem.rename(BasicOzoneFileSystem.java:357)
	at org.apache.hadoop.fs.ozone.TestOzoneFileSystem.testNonExplicitlyCreatedPathExistsAfterItsLeafsWereRemoved(TestOzoneFileSystem.java:1067)
	at sun.reflect.NativeMethodAccessorImpl.invoke0(Native Method)
	at sun.reflect.NativeMethodAccessorImpl.invoke(NativeMethodAccessorImpl.java:62)
	at sun.reflect.DelegatingMethodAccessorImpl.invoke(DelegatingMethodAccessorImpl.java:43)
	at java.lang.reflect.Method.invoke(Method.java:498)
	at org.junit.runners.model.FrameworkMethod$1.runReflectiveCall(FrameworkMethod.java:59)
	at org.junit.internal.runners.model.ReflectiveCallable.run(ReflectiveCallable.java:12)
	at org.junit.runners.model.FrameworkMethod.invokeExplosively(FrameworkMethod.java:56)
	at org.junit.internal.runners.statements.InvokeMethod.evaluate(InvokeMethod.java:17)
	at org.junit.internal.runners.statements.RunAfters.evaluate(RunAfters.java:27)
	at org.junit.internal.runners.statements.FailOnTimeout$CallableStatement.call(FailOnTimeout.java:288)
	at org.junit.internal.runners.statements.FailOnTimeout$CallableStatement.call(FailOnTimeout.java:282)
	at java.util.concurrent.FutureTask.run(FutureTask.java:266)
	at java.lang.Thread.run(Thread.java:750)
]]></system-out>
  </testcase>
  <testcase name="testCreateFileShouldCheckExistenceOfDirWithSameName" classname="TestOzoneFileSystem" time="0.051">
    <system-out><![CDATA[13:04:21.864 [OM StateMachine ApplyTransaction Thread - 0] ERROR OMAudit - user=runner | ip=127.0.0.1 | op=CREATE_FILE {volume=volume94578, bucket=bucket60014, key=d1/d2/d3/d4/key2, dataSize=4194304, replicationType=RATIS, replicationFactor=THREE} | ret=FAILURE
org.apache.hadoop.ozone.om.exceptions.OMException: Can not write to directory: d1/d2/d3/d4/key2
	at org.apache.hadoop.ozone.om.request.file.OMFileCreateRequest.checkDirectoryResult(OMFileCreateRequest.java:364) ~[ozone-manager-1.3.0-SNAPSHOT.jar:?]
	at org.apache.hadoop.ozone.om.request.file.OMFileCreateRequest.validateAndUpdateCache(OMFileCreateRequest.java:240) ~[ozone-manager-1.3.0-SNAPSHOT.jar:?]
	at org.apache.hadoop.ozone.protocolPB.OzoneManagerRequestHandler.handleWriteRequest(OzoneManagerRequestHandler.java:304) ~[ozone-manager-1.3.0-SNAPSHOT.jar:?]
	at org.apache.hadoop.ozone.om.ratis.OzoneManagerStateMachine.runCommand(OzoneManagerStateMachine.java:529) ~[ozone-manager-1.3.0-SNAPSHOT.jar:?]
	at org.apache.hadoop.ozone.om.ratis.OzoneManagerStateMachine.lambda$1(OzoneManagerStateMachine.java:324) ~[ozone-manager-1.3.0-SNAPSHOT.jar:?]
	at java.util.concurrent.CompletableFuture$AsyncSupply.run(CompletableFuture.java:1604) [?:1.8.0_345]
	at java.util.concurrent.ThreadPoolExecutor.runWorker(ThreadPoolExecutor.java:1149) [?:1.8.0_345]
	at java.util.concurrent.ThreadPoolExecutor$Worker.run(ThreadPoolExecutor.java:624) [?:1.8.0_345]
	at java.lang.Thread.run(Thread.java:750) [?:1.8.0_345]
2022-10-09 13:04:21,865 [OM StateMachine ApplyTransaction Thread - 0] ERROR file.OMFileCreateRequest (OMFileCreateRequest.java:validateAndUpdateCache(337)) - File create failed. Volume:volume94578, Bucket:bucket60014, Keyd1/d2/d3/d4/key2.
NOT_A_FILE org.apache.hadoop.ozone.om.exceptions.OMException: Can not write to directory: d1/d2/d3/d4/key2
	at org.apache.hadoop.ozone.om.request.file.OMFileCreateRequest.checkDirectoryResult(OMFileCreateRequest.java:364)
	at org.apache.hadoop.ozone.om.request.file.OMFileCreateRequest.validateAndUpdateCache(OMFileCreateRequest.java:240)
	at org.apache.hadoop.ozone.protocolPB.OzoneManagerRequestHandler.handleWriteRequest(OzoneManagerRequestHandler.java:304)
	at org.apache.hadoop.ozone.om.ratis.OzoneManagerStateMachine.runCommand(OzoneManagerStateMachine.java:529)
	at org.apache.hadoop.ozone.om.ratis.OzoneManagerStateMachine.lambda$1(OzoneManagerStateMachine.java:324)
	at java.util.concurrent.CompletableFuture$AsyncSupply.run(CompletableFuture.java:1604)
	at java.util.concurrent.ThreadPoolExecutor.runWorker(ThreadPoolExecutor.java:1149)
	at java.util.concurrent.ThreadPoolExecutor$Worker.run(ThreadPoolExecutor.java:624)
	at java.lang.Thread.run(Thread.java:750)
13:04:21.875 [OM StateMachine ApplyTransaction Thread - 0] ERROR OMAudit - user=runner | ip=127.0.0.1 | op=CREATE_DIRECTORY {volume=volume94578, bucket=bucket60014, key=d1/d2/d3/d4/key3, dataSize=0, replicationType=NONE, replicationFactor=ZERO} | ret=FAILURE
org.apache.hadoop.ozone.om.exceptions.OMException: Unable to create directory: d1/d2/d3/d4/key3 in volume/bucket: volume94578/bucket60014
	at org.apache.hadoop.ozone.om.request.file.OMDirectoryCreateRequest.validateAndUpdateCache(OMDirectoryCreateRequest.java:198) ~[ozone-manager-1.3.0-SNAPSHOT.jar:?]
	at org.apache.hadoop.ozone.protocolPB.OzoneManagerRequestHandler.handleWriteRequest(OzoneManagerRequestHandler.java:304) ~[ozone-manager-1.3.0-SNAPSHOT.jar:?]
	at org.apache.hadoop.ozone.om.ratis.OzoneManagerStateMachine.runCommand(OzoneManagerStateMachine.java:529) ~[ozone-manager-1.3.0-SNAPSHOT.jar:?]
	at org.apache.hadoop.ozone.om.ratis.OzoneManagerStateMachine.lambda$1(OzoneManagerStateMachine.java:324) ~[ozone-manager-1.3.0-SNAPSHOT.jar:?]
	at java.util.concurrent.CompletableFuture$AsyncSupply.run(CompletableFuture.java:1604) [?:1.8.0_345]
	at java.util.concurrent.ThreadPoolExecutor.runWorker(ThreadPoolExecutor.java:1149) [?:1.8.0_345]
	at java.util.concurrent.ThreadPoolExecutor$Worker.run(ThreadPoolExecutor.java:624) [?:1.8.0_345]
	at java.lang.Thread.run(Thread.java:750) [?:1.8.0_345]
2022-10-09 13:04:21,876 [OM StateMachine ApplyTransaction Thread - 0] ERROR file.OMDirectoryCreateRequest (OMDirectoryCreateRequest.java:logResult(331)) - Directory creation failed. Volume:volume94578, Bucket:bucket60014, Keyd1/d2/d3/d4/key3. Exception:{}
FILE_ALREADY_EXISTS org.apache.hadoop.ozone.om.exceptions.OMException: Unable to create directory: d1/d2/d3/d4/key3 in volume/bucket: volume94578/bucket60014
	at org.apache.hadoop.ozone.om.request.file.OMDirectoryCreateRequest.validateAndUpdateCache(OMDirectoryCreateRequest.java:198)
	at org.apache.hadoop.ozone.protocolPB.OzoneManagerRequestHandler.handleWriteRequest(OzoneManagerRequestHandler.java:304)
	at org.apache.hadoop.ozone.om.ratis.OzoneManagerStateMachine.runCommand(OzoneManagerStateMachine.java:529)
	at org.apache.hadoop.ozone.om.ratis.OzoneManagerStateMachine.lambda$1(OzoneManagerStateMachine.java:324)
	at java.util.concurrent.CompletableFuture$AsyncSupply.run(CompletableFuture.java:1604)
	at java.util.concurrent.ThreadPoolExecutor.runWorker(ThreadPoolExecutor.java:1149)
	at java.util.concurrent.ThreadPoolExecutor$Worker.run(ThreadPoolExecutor.java:624)
	at java.lang.Thread.run(Thread.java:750)
13:04:21.880 [OM StateMachine ApplyTransaction Thread - 0] ERROR OMAudit - user=runner | ip=127.0.0.1 | op=CREATE_FILE {volume=volume94578, bucket=bucket60014, key=d1/d2/d3, dataSize=4194304, replicationType=RATIS, replicationFactor=THREE} | ret=FAILURE
org.apache.hadoop.ozone.om.exceptions.OMException: Can not write to directory: d1/d2/d3
	at org.apache.hadoop.ozone.om.request.file.OMFileCreateRequest.checkDirectoryResult(OMFileCreateRequest.java:364) ~[ozone-manager-1.3.0-SNAPSHOT.jar:?]
	at org.apache.hadoop.ozone.om.request.file.OMFileCreateRequest.validateAndUpdateCache(OMFileCreateRequest.java:240) ~[ozone-manager-1.3.0-SNAPSHOT.jar:?]
	at org.apache.hadoop.ozone.protocolPB.OzoneManagerRequestHandler.handleWriteRequest(OzoneManagerRequestHandler.java:304) ~[ozone-manager-1.3.0-SNAPSHOT.jar:?]
	at org.apache.hadoop.ozone.om.ratis.OzoneManagerStateMachine.runCommand(OzoneManagerStateMachine.java:529) ~[ozone-manager-1.3.0-SNAPSHOT.jar:?]
	at org.apache.hadoop.ozone.om.ratis.OzoneManagerStateMachine.lambda$1(OzoneManagerStateMachine.java:324) ~[ozone-manager-1.3.0-SNAPSHOT.jar:?]
	at java.util.concurrent.CompletableFuture$AsyncSupply.run(CompletableFuture.java:1604) [?:1.8.0_345]
	at java.util.concurrent.ThreadPoolExecutor.runWorker(ThreadPoolExecutor.java:1149) [?:1.8.0_345]
	at java.util.concurrent.ThreadPoolExecutor$Worker.run(ThreadPoolExecutor.java:624) [?:1.8.0_345]
	at java.lang.Thread.run(Thread.java:750) [?:1.8.0_345]
2022-10-09 13:04:21,880 [OM StateMachine ApplyTransaction Thread - 0] ERROR file.OMFileCreateRequest (OMFileCreateRequest.java:validateAndUpdateCache(337)) - File create failed. Volume:volume94578, Bucket:bucket60014, Keyd1/d2/d3.
NOT_A_FILE org.apache.hadoop.ozone.om.exceptions.OMException: Can not write to directory: d1/d2/d3
	at org.apache.hadoop.ozone.om.request.file.OMFileCreateRequest.checkDirectoryResult(OMFileCreateRequest.java:364)
	at org.apache.hadoop.ozone.om.request.file.OMFileCreateRequest.validateAndUpdateCache(OMFileCreateRequest.java:240)
	at org.apache.hadoop.ozone.protocolPB.OzoneManagerRequestHandler.handleWriteRequest(OzoneManagerRequestHandler.java:304)
	at org.apache.hadoop.ozone.om.ratis.OzoneManagerStateMachine.runCommand(OzoneManagerStateMachine.java:529)
	at org.apache.hadoop.ozone.om.ratis.OzoneManagerStateMachine.lambda$1(OzoneManagerStateMachine.java:324)
	at java.util.concurrent.CompletableFuture$AsyncSupply.run(CompletableFuture.java:1604)
	at java.util.concurrent.ThreadPoolExecutor.runWorker(ThreadPoolExecutor.java:1149)
	at java.util.concurrent.ThreadPoolExecutor$Worker.run(ThreadPoolExecutor.java:624)
	at java.lang.Thread.run(Thread.java:750)
13:04:21.882 [IPC Server handler 13 on default port 37457] ERROR OMAudit - user=runner | ip=127.0.0.1 | op=GET_FILE_STATUS {volume=volume94578, bucket=bucket60014, key=d1/d2/d3/d4/key3/invalid, dataSize=0, replicationConfig=null} | ret=FAILURE
org.apache.hadoop.ozone.om.exceptions.OMException: Unable to get file status: volume: volume94578 bucket: bucket60014 key: d1/d2/d3/d4/key3/invalid
	at org.apache.hadoop.ozone.om.KeyManagerImpl.getOzoneFileStatus(KeyManagerImpl.java:1270) ~[ozone-manager-1.3.0-SNAPSHOT.jar:?]
	at org.apache.hadoop.ozone.om.KeyManagerImpl.getFileStatus(KeyManagerImpl.java:1200) ~[ozone-manager-1.3.0-SNAPSHOT.jar:?]
	at org.apache.hadoop.ozone.om.OzoneManager.getFileStatus(OzoneManager.java:3507) ~[ozone-manager-1.3.0-SNAPSHOT.jar:?]
	at org.apache.hadoop.ozone.protocolPB.OzoneManagerRequestHandler.getOzoneFileStatus(OzoneManagerRequestHandler.java:882) ~[ozone-manager-1.3.0-SNAPSHOT.jar:?]
	at org.apache.hadoop.ozone.protocolPB.OzoneManagerRequestHandler.handleReadRequest(OzoneManagerRequestHandler.java:228) ~[ozone-manager-1.3.0-SNAPSHOT.jar:?]
	at org.apache.hadoop.ozone.protocolPB.OzoneManagerProtocolServerSideTranslatorPB.submitReadRequestToOM(OzoneManagerProtocolServerSideTranslatorPB.java:226) ~[ozone-manager-1.3.0-SNAPSHOT.jar:?]
	at org.apache.hadoop.ozone.protocolPB.OzoneManagerProtocolServerSideTranslatorPB.processRequest(OzoneManagerProtocolServerSideTranslatorPB.java:175) ~[ozone-manager-1.3.0-SNAPSHOT.jar:?]
	at org.apache.hadoop.hdds.server.OzoneProtocolMessageDispatcher.processRequest(OzoneProtocolMessageDispatcher.java:87) [hdds-server-framework-1.3.0-SNAPSHOT.jar:?]
	at org.apache.hadoop.ozone.protocolPB.OzoneManagerProtocolServerSideTranslatorPB.submitRequest(OzoneManagerProtocolServerSideTranslatorPB.java:147) [ozone-manager-1.3.0-SNAPSHOT.jar:?]
	at org.apache.hadoop.ozone.protocol.proto.OzoneManagerProtocolProtos$OzoneManagerService$2.callBlockingMethod(OzoneManagerProtocolProtos.java) [ozone-interface-client-1.3.0-SNAPSHOT.jar:?]
	at org.apache.hadoop.ipc.ProtobufRpcEngine$Server.processCall(ProtobufRpcEngine.java:466) [hadoop-common-3.3.1.jar:?]
	at org.apache.hadoop.ipc.ProtobufRpcEngine2$Server$ProtoBufRpcInvoker.call(ProtobufRpcEngine2.java:574) [hadoop-common-3.3.1.jar:?]
	at org.apache.hadoop.ipc.ProtobufRpcEngine2$Server$ProtoBufRpcInvoker.call(ProtobufRpcEngine2.java:552) [hadoop-common-3.3.1.jar:?]
	at org.apache.hadoop.ipc.RPC$Server.call(RPC.java:1093) [hadoop-common-3.3.1.jar:?]
	at org.apache.hadoop.ipc.Server$RpcCall.run(Server.java:1035) [hadoop-common-3.3.1.jar:?]
	at org.apache.hadoop.ipc.Server$RpcCall.run(Server.java:963) [hadoop-common-3.3.1.jar:?]
	at java.security.AccessController.doPrivileged(Native Method) ~[?:1.8.0_345]
	at javax.security.auth.Subject.doAs(Subject.java:422) [?:1.8.0_345]
	at org.apache.hadoop.security.UserGroupInformation.doAs(UserGroupInformation.java:1878) [hadoop-common-3.3.1.jar:?]
	at org.apache.hadoop.ipc.Server$Handler.run(Server.java:2966) [hadoop-common-3.3.1.jar:?]
2022-10-09 13:04:21,883 [Time-limited test] WARN  ozone.BasicOzoneFileSystem (BasicOzoneFileSystem.java:getFileStatus(765)) - GetFileStatus failed for path /d1/d2/d3/d4/key3/invalid
java.io.FileNotFoundException: d1/d2/d3/d4/key3/invalid: No such file or directory!
	at org.apache.hadoop.fs.ozone.BasicOzoneClientAdapterImpl.getFileStatus(BasicOzoneClientAdapterImpl.java:369)
	at org.apache.hadoop.fs.ozone.BasicOzoneFileSystem.getFileStatus(BasicOzoneFileSystem.java:757)
	at org.apache.hadoop.fs.ozone.TestOzoneFileSystem.testCreateFileShouldCheckExistenceOfDirWithSameName(TestOzoneFileSystem.java:301)
	at sun.reflect.NativeMethodAccessorImpl.invoke0(Native Method)
	at sun.reflect.NativeMethodAccessorImpl.invoke(NativeMethodAccessorImpl.java:62)
	at sun.reflect.DelegatingMethodAccessorImpl.invoke(DelegatingMethodAccessorImpl.java:43)
	at java.lang.reflect.Method.invoke(Method.java:498)
	at org.junit.runners.model.FrameworkMethod$1.runReflectiveCall(FrameworkMethod.java:59)
	at org.junit.internal.runners.model.ReflectiveCallable.run(ReflectiveCallable.java:12)
	at org.junit.runners.model.FrameworkMethod.invokeExplosively(FrameworkMethod.java:56)
	at org.junit.internal.runners.statements.InvokeMethod.evaluate(InvokeMethod.java:17)
	at org.junit.internal.runners.statements.RunAfters.evaluate(RunAfters.java:27)
	at org.junit.internal.runners.statements.FailOnTimeout$CallableStatement.call(FailOnTimeout.java:288)
	at org.junit.internal.runners.statements.FailOnTimeout$CallableStatement.call(FailOnTimeout.java:282)
	at java.util.concurrent.FutureTask.run(FutureTask.java:266)
	at java.lang.Thread.run(Thread.java:750)
13:04:21.883 [IPC Server handler 15 on default port 37457] ERROR OMAudit - user=runner | ip=127.0.0.1 | op=GET_FILE_STATUS {volume=volume94578, bucket=bucket60014, key=d1/d2/d3/d4/invalidkey, dataSize=0, replicationConfig=null} | ret=FAILURE
org.apache.hadoop.ozone.om.exceptions.OMException: Unable to get file status: volume: volume94578 bucket: bucket60014 key: d1/d2/d3/d4/invalidkey
	at org.apache.hadoop.ozone.om.KeyManagerImpl.getOzoneFileStatus(KeyManagerImpl.java:1270) ~[ozone-manager-1.3.0-SNAPSHOT.jar:?]
	at org.apache.hadoop.ozone.om.KeyManagerImpl.getFileStatus(KeyManagerImpl.java:1200) ~[ozone-manager-1.3.0-SNAPSHOT.jar:?]
	at org.apache.hadoop.ozone.om.OzoneManager.getFileStatus(OzoneManager.java:3507) ~[ozone-manager-1.3.0-SNAPSHOT.jar:?]
	at org.apache.hadoop.ozone.protocolPB.OzoneManagerRequestHandler.getOzoneFileStatus(OzoneManagerRequestHandler.java:882) ~[ozone-manager-1.3.0-SNAPSHOT.jar:?]
	at org.apache.hadoop.ozone.protocolPB.OzoneManagerRequestHandler.handleReadRequest(OzoneManagerRequestHandler.java:228) ~[ozone-manager-1.3.0-SNAPSHOT.jar:?]
	at org.apache.hadoop.ozone.protocolPB.OzoneManagerProtocolServerSideTranslatorPB.submitReadRequestToOM(OzoneManagerProtocolServerSideTranslatorPB.java:226) ~[ozone-manager-1.3.0-SNAPSHOT.jar:?]
	at org.apache.hadoop.ozone.protocolPB.OzoneManagerProtocolServerSideTranslatorPB.processRequest(OzoneManagerProtocolServerSideTranslatorPB.java:175) ~[ozone-manager-1.3.0-SNAPSHOT.jar:?]
	at org.apache.hadoop.hdds.server.OzoneProtocolMessageDispatcher.processRequest(OzoneProtocolMessageDispatcher.java:87) [hdds-server-framework-1.3.0-SNAPSHOT.jar:?]
	at org.apache.hadoop.ozone.protocolPB.OzoneManagerProtocolServerSideTranslatorPB.submitRequest(OzoneManagerProtocolServerSideTranslatorPB.java:147) [ozone-manager-1.3.0-SNAPSHOT.jar:?]
	at org.apache.hadoop.ozone.protocol.proto.OzoneManagerProtocolProtos$OzoneManagerService$2.callBlockingMethod(OzoneManagerProtocolProtos.java) [ozone-interface-client-1.3.0-SNAPSHOT.jar:?]
	at org.apache.hadoop.ipc.ProtobufRpcEngine$Server.processCall(ProtobufRpcEngine.java:466) [hadoop-common-3.3.1.jar:?]
	at org.apache.hadoop.ipc.ProtobufRpcEngine2$Server$ProtoBufRpcInvoker.call(ProtobufRpcEngine2.java:574) [hadoop-common-3.3.1.jar:?]
	at org.apache.hadoop.ipc.ProtobufRpcEngine2$Server$ProtoBufRpcInvoker.call(ProtobufRpcEngine2.java:552) [hadoop-common-3.3.1.jar:?]
	at org.apache.hadoop.ipc.RPC$Server.call(RPC.java:1093) [hadoop-common-3.3.1.jar:?]
	at org.apache.hadoop.ipc.Server$RpcCall.run(Server.java:1035) [hadoop-common-3.3.1.jar:?]
	at org.apache.hadoop.ipc.Server$RpcCall.run(Server.java:963) [hadoop-common-3.3.1.jar:?]
	at java.security.AccessController.doPrivileged(Native Method) ~[?:1.8.0_345]
	at javax.security.auth.Subject.doAs(Subject.java:422) [?:1.8.0_345]
	at org.apache.hadoop.security.UserGroupInformation.doAs(UserGroupInformation.java:1878) [hadoop-common-3.3.1.jar:?]
	at org.apache.hadoop.ipc.Server$Handler.run(Server.java:2966) [hadoop-common-3.3.1.jar:?]
2022-10-09 13:04:21,884 [Time-limited test] WARN  ozone.BasicOzoneFileSystem (BasicOzoneFileSystem.java:getFileStatus(765)) - GetFileStatus failed for path /d1/d2/d3/d4/invalidkey
java.io.FileNotFoundException: d1/d2/d3/d4/invalidkey: No such file or directory!
	at org.apache.hadoop.fs.ozone.BasicOzoneClientAdapterImpl.getFileStatus(BasicOzoneClientAdapterImpl.java:369)
	at org.apache.hadoop.fs.ozone.BasicOzoneFileSystem.getFileStatus(BasicOzoneFileSystem.java:757)
	at org.apache.hadoop.fs.ozone.TestOzoneFileSystem.testCreateFileShouldCheckExistenceOfDirWithSameName(TestOzoneFileSystem.java:308)
	at sun.reflect.NativeMethodAccessorImpl.invoke0(Native Method)
	at sun.reflect.NativeMethodAccessorImpl.invoke(NativeMethodAccessorImpl.java:62)
	at sun.reflect.DelegatingMethodAccessorImpl.invoke(DelegatingMethodAccessorImpl.java:43)
	at java.lang.reflect.Method.invoke(Method.java:498)
	at org.junit.runners.model.FrameworkMethod$1.runReflectiveCall(FrameworkMethod.java:59)
	at org.junit.internal.runners.model.ReflectiveCallable.run(ReflectiveCallable.java:12)
	at org.junit.runners.model.FrameworkMethod.invokeExplosively(FrameworkMethod.java:56)
	at org.junit.internal.runners.statements.InvokeMethod.evaluate(InvokeMethod.java:17)
	at org.junit.internal.runners.statements.RunAfters.evaluate(RunAfters.java:27)
	at org.junit.internal.runners.statements.FailOnTimeout$CallableStatement.call(FailOnTimeout.java:288)
	at org.junit.internal.runners.statements.FailOnTimeout$CallableStatement.call(FailOnTimeout.java:282)
	at java.util.concurrent.FutureTask.run(FutureTask.java:266)
	at java.lang.Thread.run(Thread.java:750)
]]></system-out>
  </testcase>
  <testcase name="testCreateFileShouldCheckExistenceOfDirWithSameName" classname="TestOzoneFileSystem" time="0.058">
    <system-out><![CDATA[13:05:58.115 [IPC Server handler 11 on default port 44209] ERROR OMAudit - user=runner | ip=127.0.0.1 | op=CREATE_FILE {volume=volume66281, bucket=bucket85504, key=d1/d2/d3/d4/key2, dataSize=4194304, replicationType=RATIS, replicationFactor=THREE} | ret=FAILURE
org.apache.hadoop.ozone.om.exceptions.OMException: Can not write to directory: d1/d2/d3/d4/key2
	at org.apache.hadoop.ozone.om.request.file.OMFileCreateRequest.checkDirectoryResult(OMFileCreateRequest.java:364) ~[ozone-manager-1.3.0-SNAPSHOT.jar:?]
	at org.apache.hadoop.ozone.om.request.file.OMFileCreateRequest.validateAndUpdateCache(OMFileCreateRequest.java:240) ~[ozone-manager-1.3.0-SNAPSHOT.jar:?]
	at org.apache.hadoop.ozone.protocolPB.OzoneManagerRequestHandler.handleWriteRequest(OzoneManagerRequestHandler.java:304) ~[ozone-manager-1.3.0-SNAPSHOT.jar:?]
	at org.apache.hadoop.ozone.protocolPB.OzoneManagerProtocolServerSideTranslatorPB.submitRequestDirectlyToOM(OzoneManagerProtocolServerSideTranslatorPB.java:282) ~[ozone-manager-1.3.0-SNAPSHOT.jar:?]
	at org.apache.hadoop.ozone.protocolPB.OzoneManagerProtocolServerSideTranslatorPB.processRequest(OzoneManagerProtocolServerSideTranslatorPB.java:205) ~[ozone-manager-1.3.0-SNAPSHOT.jar:?]
	at org.apache.hadoop.hdds.server.OzoneProtocolMessageDispatcher.processRequest(OzoneProtocolMessageDispatcher.java:87) [hdds-server-framework-1.3.0-SNAPSHOT.jar:?]
	at org.apache.hadoop.ozone.protocolPB.OzoneManagerProtocolServerSideTranslatorPB.submitRequest(OzoneManagerProtocolServerSideTranslatorPB.java:147) [ozone-manager-1.3.0-SNAPSHOT.jar:?]
	at org.apache.hadoop.ozone.protocol.proto.OzoneManagerProtocolProtos$OzoneManagerService$2.callBlockingMethod(OzoneManagerProtocolProtos.java) [ozone-interface-client-1.3.0-SNAPSHOT.jar:?]
	at org.apache.hadoop.ipc.ProtobufRpcEngine$Server.processCall(ProtobufRpcEngine.java:466) [hadoop-common-3.3.1.jar:?]
	at org.apache.hadoop.ipc.ProtobufRpcEngine2$Server$ProtoBufRpcInvoker.call(ProtobufRpcEngine2.java:574) [hadoop-common-3.3.1.jar:?]
	at org.apache.hadoop.ipc.ProtobufRpcEngine2$Server$ProtoBufRpcInvoker.call(ProtobufRpcEngine2.java:552) [hadoop-common-3.3.1.jar:?]
	at org.apache.hadoop.ipc.RPC$Server.call(RPC.java:1093) [hadoop-common-3.3.1.jar:?]
	at org.apache.hadoop.ipc.Server$RpcCall.run(Server.java:1035) [hadoop-common-3.3.1.jar:?]
	at org.apache.hadoop.ipc.Server$RpcCall.run(Server.java:963) [hadoop-common-3.3.1.jar:?]
	at java.security.AccessController.doPrivileged(Native Method) ~[?:1.8.0_345]
	at javax.security.auth.Subject.doAs(Subject.java:422) [?:1.8.0_345]
	at org.apache.hadoop.security.UserGroupInformation.doAs(UserGroupInformation.java:1878) [hadoop-common-3.3.1.jar:?]
	at org.apache.hadoop.ipc.Server$Handler.run(Server.java:2966) [hadoop-common-3.3.1.jar:?]
2022-10-09 13:05:58,115 [IPC Server handler 11 on default port 44209] ERROR file.OMFileCreateRequest (OMFileCreateRequest.java:validateAndUpdateCache(337)) - File create failed. Volume:volume66281, Bucket:bucket85504, Keyd1/d2/d3/d4/key2.
NOT_A_FILE org.apache.hadoop.ozone.om.exceptions.OMException: Can not write to directory: d1/d2/d3/d4/key2
	at org.apache.hadoop.ozone.om.request.file.OMFileCreateRequest.checkDirectoryResult(OMFileCreateRequest.java:364)
	at org.apache.hadoop.ozone.om.request.file.OMFileCreateRequest.validateAndUpdateCache(OMFileCreateRequest.java:240)
	at org.apache.hadoop.ozone.protocolPB.OzoneManagerRequestHandler.handleWriteRequest(OzoneManagerRequestHandler.java:304)
	at org.apache.hadoop.ozone.protocolPB.OzoneManagerProtocolServerSideTranslatorPB.submitRequestDirectlyToOM(OzoneManagerProtocolServerSideTranslatorPB.java:282)
	at org.apache.hadoop.ozone.protocolPB.OzoneManagerProtocolServerSideTranslatorPB.processRequest(OzoneManagerProtocolServerSideTranslatorPB.java:205)
	at org.apache.hadoop.hdds.server.OzoneProtocolMessageDispatcher.processRequest(OzoneProtocolMessageDispatcher.java:87)
	at org.apache.hadoop.ozone.protocolPB.OzoneManagerProtocolServerSideTranslatorPB.submitRequest(OzoneManagerProtocolServerSideTranslatorPB.java:147)
	at org.apache.hadoop.ozone.protocol.proto.OzoneManagerProtocolProtos$OzoneManagerService$2.callBlockingMethod(OzoneManagerProtocolProtos.java)
	at org.apache.hadoop.ipc.ProtobufRpcEngine$Server.processCall(ProtobufRpcEngine.java:466)
	at org.apache.hadoop.ipc.ProtobufRpcEngine2$Server$ProtoBufRpcInvoker.call(ProtobufRpcEngine2.java:574)
	at org.apache.hadoop.ipc.ProtobufRpcEngine2$Server$ProtoBufRpcInvoker.call(ProtobufRpcEngine2.java:552)
	at org.apache.hadoop.ipc.RPC$Server.call(RPC.java:1093)
	at org.apache.hadoop.ipc.Server$RpcCall.run(Server.java:1035)
	at org.apache.hadoop.ipc.Server$RpcCall.run(Server.java:963)
	at java.security.AccessController.doPrivileged(Native Method)
	at javax.security.auth.Subject.doAs(Subject.java:422)
	at org.apache.hadoop.security.UserGroupInformation.doAs(UserGroupInformation.java:1878)
	at org.apache.hadoop.ipc.Server$Handler.run(Server.java:2966)
13:05:58.132 [IPC Server handler 17 on default port 44209] ERROR OMAudit - user=runner | ip=127.0.0.1 | op=CREATE_DIRECTORY {volume=volume66281, bucket=bucket85504, key=d1/d2/d3/d4/key3, dataSize=0, replicationType=NONE, replicationFactor=ZERO} | ret=FAILURE
org.apache.hadoop.ozone.om.exceptions.OMException: Unable to create directory: d1/d2/d3/d4/key3 in volume/bucket: volume66281/bucket85504
	at org.apache.hadoop.ozone.om.request.file.OMDirectoryCreateRequest.validateAndUpdateCache(OMDirectoryCreateRequest.java:198) ~[ozone-manager-1.3.0-SNAPSHOT.jar:?]
	at org.apache.hadoop.ozone.protocolPB.OzoneManagerRequestHandler.handleWriteRequest(OzoneManagerRequestHandler.java:304) ~[ozone-manager-1.3.0-SNAPSHOT.jar:?]
	at org.apache.hadoop.ozone.protocolPB.OzoneManagerProtocolServerSideTranslatorPB.submitRequestDirectlyToOM(OzoneManagerProtocolServerSideTranslatorPB.java:282) ~[ozone-manager-1.3.0-SNAPSHOT.jar:?]
	at org.apache.hadoop.ozone.protocolPB.OzoneManagerProtocolServerSideTranslatorPB.processRequest(OzoneManagerProtocolServerSideTranslatorPB.java:205) ~[ozone-manager-1.3.0-SNAPSHOT.jar:?]
	at org.apache.hadoop.hdds.server.OzoneProtocolMessageDispatcher.processRequest(OzoneProtocolMessageDispatcher.java:87) [hdds-server-framework-1.3.0-SNAPSHOT.jar:?]
	at org.apache.hadoop.ozone.protocolPB.OzoneManagerProtocolServerSideTranslatorPB.submitRequest(OzoneManagerProtocolServerSideTranslatorPB.java:147) [ozone-manager-1.3.0-SNAPSHOT.jar:?]
	at org.apache.hadoop.ozone.protocol.proto.OzoneManagerProtocolProtos$OzoneManagerService$2.callBlockingMethod(OzoneManagerProtocolProtos.java) [ozone-interface-client-1.3.0-SNAPSHOT.jar:?]
	at org.apache.hadoop.ipc.ProtobufRpcEngine$Server.processCall(ProtobufRpcEngine.java:466) [hadoop-common-3.3.1.jar:?]
	at org.apache.hadoop.ipc.ProtobufRpcEngine2$Server$ProtoBufRpcInvoker.call(ProtobufRpcEngine2.java:574) [hadoop-common-3.3.1.jar:?]
	at org.apache.hadoop.ipc.ProtobufRpcEngine2$Server$ProtoBufRpcInvoker.call(ProtobufRpcEngine2.java:552) [hadoop-common-3.3.1.jar:?]
	at org.apache.hadoop.ipc.RPC$Server.call(RPC.java:1093) [hadoop-common-3.3.1.jar:?]
	at org.apache.hadoop.ipc.Server$RpcCall.run(Server.java:1035) [hadoop-common-3.3.1.jar:?]
	at org.apache.hadoop.ipc.Server$RpcCall.run(Server.java:963) [hadoop-common-3.3.1.jar:?]
	at java.security.AccessController.doPrivileged(Native Method) ~[?:1.8.0_345]
	at javax.security.auth.Subject.doAs(Subject.java:422) [?:1.8.0_345]
	at org.apache.hadoop.security.UserGroupInformation.doAs(UserGroupInformation.java:1878) [hadoop-common-3.3.1.jar:?]
	at org.apache.hadoop.ipc.Server$Handler.run(Server.java:2966) [hadoop-common-3.3.1.jar:?]
2022-10-09 13:05:58,132 [IPC Server handler 17 on default port 44209] ERROR file.OMDirectoryCreateRequest (OMDirectoryCreateRequest.java:logResult(331)) - Directory creation failed. Volume:volume66281, Bucket:bucket85504, Keyd1/d2/d3/d4/key3. Exception:{}
FILE_ALREADY_EXISTS org.apache.hadoop.ozone.om.exceptions.OMException: Unable to create directory: d1/d2/d3/d4/key3 in volume/bucket: volume66281/bucket85504
	at org.apache.hadoop.ozone.om.request.file.OMDirectoryCreateRequest.validateAndUpdateCache(OMDirectoryCreateRequest.java:198)
	at org.apache.hadoop.ozone.protocolPB.OzoneManagerRequestHandler.handleWriteRequest(OzoneManagerRequestHandler.java:304)
	at org.apache.hadoop.ozone.protocolPB.OzoneManagerProtocolServerSideTranslatorPB.submitRequestDirectlyToOM(OzoneManagerProtocolServerSideTranslatorPB.java:282)
	at org.apache.hadoop.ozone.protocolPB.OzoneManagerProtocolServerSideTranslatorPB.processRequest(OzoneManagerProtocolServerSideTranslatorPB.java:205)
	at org.apache.hadoop.hdds.server.OzoneProtocolMessageDispatcher.processRequest(OzoneProtocolMessageDispatcher.java:87)
	at org.apache.hadoop.ozone.protocolPB.OzoneManagerProtocolServerSideTranslatorPB.submitRequest(OzoneManagerProtocolServerSideTranslatorPB.java:147)
	at org.apache.hadoop.ozone.protocol.proto.OzoneManagerProtocolProtos$OzoneManagerService$2.callBlockingMethod(OzoneManagerProtocolProtos.java)
	at org.apache.hadoop.ipc.ProtobufRpcEngine$Server.processCall(ProtobufRpcEngine.java:466)
	at org.apache.hadoop.ipc.ProtobufRpcEngine2$Server$ProtoBufRpcInvoker.call(ProtobufRpcEngine2.java:574)
	at org.apache.hadoop.ipc.ProtobufRpcEngine2$Server$ProtoBufRpcInvoker.call(ProtobufRpcEngine2.java:552)
	at org.apache.hadoop.ipc.RPC$Server.call(RPC.java:1093)
	at org.apache.hadoop.ipc.Server$RpcCall.run(Server.java:1035)
	at org.apache.hadoop.ipc.Server$RpcCall.run(Server.java:963)
	at java.security.AccessController.doPrivileged(Native Method)
	at javax.security.auth.Subject.doAs(Subject.java:422)
	at org.apache.hadoop.security.UserGroupInformation.doAs(UserGroupInformation.java:1878)
	at org.apache.hadoop.ipc.Server$Handler.run(Server.java:2966)
13:05:58.147 [IPC Server handler 15 on default port 44209] ERROR OMAudit - user=runner | ip=127.0.0.1 | op=CREATE_FILE {volume=volume66281, bucket=bucket85504, key=d1/d2/d3, dataSize=4194304, replicationType=RATIS, replicationFactor=THREE} | ret=FAILURE
org.apache.hadoop.ozone.om.exceptions.OMException: Can not write to directory: d1/d2/d3
	at org.apache.hadoop.ozone.om.request.file.OMFileCreateRequest.checkDirectoryResult(OMFileCreateRequest.java:364) ~[ozone-manager-1.3.0-SNAPSHOT.jar:?]
	at org.apache.hadoop.ozone.om.request.file.OMFileCreateRequest.validateAndUpdateCache(OMFileCreateRequest.java:240) ~[ozone-manager-1.3.0-SNAPSHOT.jar:?]
	at org.apache.hadoop.ozone.protocolPB.OzoneManagerRequestHandler.handleWriteRequest(OzoneManagerRequestHandler.java:304) ~[ozone-manager-1.3.0-SNAPSHOT.jar:?]
	at org.apache.hadoop.ozone.protocolPB.OzoneManagerProtocolServerSideTranslatorPB.submitRequestDirectlyToOM(OzoneManagerProtocolServerSideTranslatorPB.java:282) ~[ozone-manager-1.3.0-SNAPSHOT.jar:?]
	at org.apache.hadoop.ozone.protocolPB.OzoneManagerProtocolServerSideTranslatorPB.processRequest(OzoneManagerProtocolServerSideTranslatorPB.java:205) ~[ozone-manager-1.3.0-SNAPSHOT.jar:?]
	at org.apache.hadoop.hdds.server.OzoneProtocolMessageDispatcher.processRequest(OzoneProtocolMessageDispatcher.java:87) [hdds-server-framework-1.3.0-SNAPSHOT.jar:?]
	at org.apache.hadoop.ozone.protocolPB.OzoneManagerProtocolServerSideTranslatorPB.submitRequest(OzoneManagerProtocolServerSideTranslatorPB.java:147) [ozone-manager-1.3.0-SNAPSHOT.jar:?]
	at org.apache.hadoop.ozone.protocol.proto.OzoneManagerProtocolProtos$OzoneManagerService$2.callBlockingMethod(OzoneManagerProtocolProtos.java) [ozone-interface-client-1.3.0-SNAPSHOT.jar:?]
	at org.apache.hadoop.ipc.ProtobufRpcEngine$Server.processCall(ProtobufRpcEngine.java:466) [hadoop-common-3.3.1.jar:?]
	at org.apache.hadoop.ipc.ProtobufRpcEngine2$Server$ProtoBufRpcInvoker.call(ProtobufRpcEngine2.java:574) [hadoop-common-3.3.1.jar:?]
	at org.apache.hadoop.ipc.ProtobufRpcEngine2$Server$ProtoBufRpcInvoker.call(ProtobufRpcEngine2.java:552) [hadoop-common-3.3.1.jar:?]
	at org.apache.hadoop.ipc.RPC$Server.call(RPC.java:1093) [hadoop-common-3.3.1.jar:?]
	at org.apache.hadoop.ipc.Server$RpcCall.run(Server.java:1035) [hadoop-common-3.3.1.jar:?]
	at org.apache.hadoop.ipc.Server$RpcCall.run(Server.java:963) [hadoop-common-3.3.1.jar:?]
	at java.security.AccessController.doPrivileged(Native Method) ~[?:1.8.0_345]
	at javax.security.auth.Subject.doAs(Subject.java:422) [?:1.8.0_345]
	at org.apache.hadoop.security.UserGroupInformation.doAs(UserGroupInformation.java:1878) [hadoop-common-3.3.1.jar:?]
	at org.apache.hadoop.ipc.Server$Handler.run(Server.java:2966) [hadoop-common-3.3.1.jar:?]
2022-10-09 13:05:58,148 [IPC Server handler 15 on default port 44209] ERROR file.OMFileCreateRequest (OMFileCreateRequest.java:validateAndUpdateCache(337)) - File create failed. Volume:volume66281, Bucket:bucket85504, Keyd1/d2/d3.
NOT_A_FILE org.apache.hadoop.ozone.om.exceptions.OMException: Can not write to directory: d1/d2/d3
	at org.apache.hadoop.ozone.om.request.file.OMFileCreateRequest.checkDirectoryResult(OMFileCreateRequest.java:364)
	at org.apache.hadoop.ozone.om.request.file.OMFileCreateRequest.validateAndUpdateCache(OMFileCreateRequest.java:240)
	at org.apache.hadoop.ozone.protocolPB.OzoneManagerRequestHandler.handleWriteRequest(OzoneManagerRequestHandler.java:304)
	at org.apache.hadoop.ozone.protocolPB.OzoneManagerProtocolServerSideTranslatorPB.submitRequestDirectlyToOM(OzoneManagerProtocolServerSideTranslatorPB.java:282)
	at org.apache.hadoop.ozone.protocolPB.OzoneManagerProtocolServerSideTranslatorPB.processRequest(OzoneManagerProtocolServerSideTranslatorPB.java:205)
	at org.apache.hadoop.hdds.server.OzoneProtocolMessageDispatcher.processRequest(OzoneProtocolMessageDispatcher.java:87)
	at org.apache.hadoop.ozone.protocolPB.OzoneManagerProtocolServerSideTranslatorPB.submitRequest(OzoneManagerProtocolServerSideTranslatorPB.java:147)
	at org.apache.hadoop.ozone.protocol.proto.OzoneManagerProtocolProtos$OzoneManagerService$2.callBlockingMethod(OzoneManagerProtocolProtos.java)
	at org.apache.hadoop.ipc.ProtobufRpcEngine$Server.processCall(ProtobufRpcEngine.java:466)
	at org.apache.hadoop.ipc.ProtobufRpcEngine2$Server$ProtoBufRpcInvoker.call(ProtobufRpcEngine2.java:574)
	at org.apache.hadoop.ipc.ProtobufRpcEngine2$Server$ProtoBufRpcInvoker.call(ProtobufRpcEngine2.java:552)
	at org.apache.hadoop.ipc.RPC$Server.call(RPC.java:1093)
	at org.apache.hadoop.ipc.Server$RpcCall.run(Server.java:1035)
	at org.apache.hadoop.ipc.Server$RpcCall.run(Server.java:963)
	at java.security.AccessController.doPrivileged(Native Method)
	at javax.security.auth.Subject.doAs(Subject.java:422)
	at org.apache.hadoop.security.UserGroupInformation.doAs(UserGroupInformation.java:1878)
	at org.apache.hadoop.ipc.Server$Handler.run(Server.java:2966)
13:05:58.150 [IPC Server handler 16 on default port 44209] ERROR OMAudit - user=runner | ip=127.0.0.1 | op=GET_FILE_STATUS {volume=volume66281, bucket=bucket85504, key=d1/d2/d3/d4/key3/invalid, dataSize=0, replicationConfig=null} | ret=FAILURE
org.apache.hadoop.ozone.om.exceptions.OMException: Unable to get file status: volume: volume66281 bucket: bucket85504 key: d1/d2/d3/d4/key3/invalid
	at org.apache.hadoop.ozone.om.KeyManagerImpl.getOzoneFileStatus(KeyManagerImpl.java:1270) ~[ozone-manager-1.3.0-SNAPSHOT.jar:?]
	at org.apache.hadoop.ozone.om.KeyManagerImpl.getFileStatus(KeyManagerImpl.java:1200) ~[ozone-manager-1.3.0-SNAPSHOT.jar:?]
	at org.apache.hadoop.ozone.om.OzoneManager.getFileStatus(OzoneManager.java:3507) ~[ozone-manager-1.3.0-SNAPSHOT.jar:?]
	at org.apache.hadoop.ozone.protocolPB.OzoneManagerRequestHandler.getOzoneFileStatus(OzoneManagerRequestHandler.java:882) ~[ozone-manager-1.3.0-SNAPSHOT.jar:?]
	at org.apache.hadoop.ozone.protocolPB.OzoneManagerRequestHandler.handleReadRequest(OzoneManagerRequestHandler.java:228) ~[ozone-manager-1.3.0-SNAPSHOT.jar:?]
	at org.apache.hadoop.ozone.protocolPB.OzoneManagerProtocolServerSideTranslatorPB.submitRequestDirectlyToOM(OzoneManagerProtocolServerSideTranslatorPB.java:276) ~[ozone-manager-1.3.0-SNAPSHOT.jar:?]
	at org.apache.hadoop.ozone.protocolPB.OzoneManagerProtocolServerSideTranslatorPB.processRequest(OzoneManagerProtocolServerSideTranslatorPB.java:205) ~[ozone-manager-1.3.0-SNAPSHOT.jar:?]
	at org.apache.hadoop.hdds.server.OzoneProtocolMessageDispatcher.processRequest(OzoneProtocolMessageDispatcher.java:87) [hdds-server-framework-1.3.0-SNAPSHOT.jar:?]
	at org.apache.hadoop.ozone.protocolPB.OzoneManagerProtocolServerSideTranslatorPB.submitRequest(OzoneManagerProtocolServerSideTranslatorPB.java:147) [ozone-manager-1.3.0-SNAPSHOT.jar:?]
	at org.apache.hadoop.ozone.protocol.proto.OzoneManagerProtocolProtos$OzoneManagerService$2.callBlockingMethod(OzoneManagerProtocolProtos.java) [ozone-interface-client-1.3.0-SNAPSHOT.jar:?]
	at org.apache.hadoop.ipc.ProtobufRpcEngine$Server.processCall(ProtobufRpcEngine.java:466) [hadoop-common-3.3.1.jar:?]
	at org.apache.hadoop.ipc.ProtobufRpcEngine2$Server$ProtoBufRpcInvoker.call(ProtobufRpcEngine2.java:574) [hadoop-common-3.3.1.jar:?]
	at org.apache.hadoop.ipc.ProtobufRpcEngine2$Server$ProtoBufRpcInvoker.call(ProtobufRpcEngine2.java:552) [hadoop-common-3.3.1.jar:?]
	at org.apache.hadoop.ipc.RPC$Server.call(RPC.java:1093) [hadoop-common-3.3.1.jar:?]
	at org.apache.hadoop.ipc.Server$RpcCall.run(Server.java:1035) [hadoop-common-3.3.1.jar:?]
	at org.apache.hadoop.ipc.Server$RpcCall.run(Server.java:963) [hadoop-common-3.3.1.jar:?]
	at java.security.AccessController.doPrivileged(Native Method) ~[?:1.8.0_345]
	at javax.security.auth.Subject.doAs(Subject.java:422) [?:1.8.0_345]
	at org.apache.hadoop.security.UserGroupInformation.doAs(UserGroupInformation.java:1878) [hadoop-common-3.3.1.jar:?]
	at org.apache.hadoop.ipc.Server$Handler.run(Server.java:2966) [hadoop-common-3.3.1.jar:?]
2022-10-09 13:05:58,150 [Time-limited test] WARN  ozone.BasicOzoneFileSystem (BasicOzoneFileSystem.java:getFileStatus(765)) - GetFileStatus failed for path /d1/d2/d3/d4/key3/invalid
java.io.FileNotFoundException: d1/d2/d3/d4/key3/invalid: No such file or directory!
	at org.apache.hadoop.fs.ozone.BasicOzoneClientAdapterImpl.getFileStatus(BasicOzoneClientAdapterImpl.java:369)
	at org.apache.hadoop.fs.ozone.BasicOzoneFileSystem.getFileStatus(BasicOzoneFileSystem.java:757)
	at org.apache.hadoop.fs.ozone.TestOzoneFileSystem.testCreateFileShouldCheckExistenceOfDirWithSameName(TestOzoneFileSystem.java:301)
	at sun.reflect.NativeMethodAccessorImpl.invoke0(Native Method)
	at sun.reflect.NativeMethodAccessorImpl.invoke(NativeMethodAccessorImpl.java:62)
	at sun.reflect.DelegatingMethodAccessorImpl.invoke(DelegatingMethodAccessorImpl.java:43)
	at java.lang.reflect.Method.invoke(Method.java:498)
	at org.junit.runners.model.FrameworkMethod$1.runReflectiveCall(FrameworkMethod.java:59)
	at org.junit.internal.runners.model.ReflectiveCallable.run(ReflectiveCallable.java:12)
	at org.junit.runners.model.FrameworkMethod.invokeExplosively(FrameworkMethod.java:56)
	at org.junit.internal.runners.statements.InvokeMethod.evaluate(InvokeMethod.java:17)
	at org.junit.internal.runners.statements.RunAfters.evaluate(RunAfters.java:27)
	at org.junit.internal.runners.statements.FailOnTimeout$CallableStatement.call(FailOnTimeout.java:288)
	at org.junit.internal.runners.statements.FailOnTimeout$CallableStatement.call(FailOnTimeout.java:282)
	at java.util.concurrent.FutureTask.run(FutureTask.java:266)
	at java.lang.Thread.run(Thread.java:750)
13:05:58.150 [IPC Server handler 14 on default port 44209] ERROR OMAudit - user=runner | ip=127.0.0.1 | op=GET_FILE_STATUS {volume=volume66281, bucket=bucket85504, key=d1/d2/d3/d4/invalidkey, dataSize=0, replicationConfig=null} | ret=FAILURE
org.apache.hadoop.ozone.om.exceptions.OMException: Unable to get file status: volume: volume66281 bucket: bucket85504 key: d1/d2/d3/d4/invalidkey
	at org.apache.hadoop.ozone.om.KeyManagerImpl.getOzoneFileStatus(KeyManagerImpl.java:1270) ~[ozone-manager-1.3.0-SNAPSHOT.jar:?]
	at org.apache.hadoop.ozone.om.KeyManagerImpl.getFileStatus(KeyManagerImpl.java:1200) ~[ozone-manager-1.3.0-SNAPSHOT.jar:?]
	at org.apache.hadoop.ozone.om.OzoneManager.getFileStatus(OzoneManager.java:3507) ~[ozone-manager-1.3.0-SNAPSHOT.jar:?]
	at org.apache.hadoop.ozone.protocolPB.OzoneManagerRequestHandler.getOzoneFileStatus(OzoneManagerRequestHandler.java:882) ~[ozone-manager-1.3.0-SNAPSHOT.jar:?]
	at org.apache.hadoop.ozone.protocolPB.OzoneManagerRequestHandler.handleReadRequest(OzoneManagerRequestHandler.java:228) ~[ozone-manager-1.3.0-SNAPSHOT.jar:?]
	at org.apache.hadoop.ozone.protocolPB.OzoneManagerProtocolServerSideTranslatorPB.submitRequestDirectlyToOM(OzoneManagerProtocolServerSideTranslatorPB.java:276) ~[ozone-manager-1.3.0-SNAPSHOT.jar:?]
	at org.apache.hadoop.ozone.protocolPB.OzoneManagerProtocolServerSideTranslatorPB.processRequest(OzoneManagerProtocolServerSideTranslatorPB.java:205) ~[ozone-manager-1.3.0-SNAPSHOT.jar:?]
	at org.apache.hadoop.hdds.server.OzoneProtocolMessageDispatcher.processRequest(OzoneProtocolMessageDispatcher.java:87) [hdds-server-framework-1.3.0-SNAPSHOT.jar:?]
	at org.apache.hadoop.ozone.protocolPB.OzoneManagerProtocolServerSideTranslatorPB.submitRequest(OzoneManagerProtocolServerSideTranslatorPB.java:147) [ozone-manager-1.3.0-SNAPSHOT.jar:?]
	at org.apache.hadoop.ozone.protocol.proto.OzoneManagerProtocolProtos$OzoneManagerService$2.callBlockingMethod(OzoneManagerProtocolProtos.java) [ozone-interface-client-1.3.0-SNAPSHOT.jar:?]
	at org.apache.hadoop.ipc.ProtobufRpcEngine$Server.processCall(ProtobufRpcEngine.java:466) [hadoop-common-3.3.1.jar:?]
	at org.apache.hadoop.ipc.ProtobufRpcEngine2$Server$ProtoBufRpcInvoker.call(ProtobufRpcEngine2.java:574) [hadoop-common-3.3.1.jar:?]
	at org.apache.hadoop.ipc.ProtobufRpcEngine2$Server$ProtoBufRpcInvoker.call(ProtobufRpcEngine2.java:552) [hadoop-common-3.3.1.jar:?]
	at org.apache.hadoop.ipc.RPC$Server.call(RPC.java:1093) [hadoop-common-3.3.1.jar:?]
	at org.apache.hadoop.ipc.Server$RpcCall.run(Server.java:1035) [hadoop-common-3.3.1.jar:?]
	at org.apache.hadoop.ipc.Server$RpcCall.run(Server.java:963) [hadoop-common-3.3.1.jar:?]
	at java.security.AccessController.doPrivileged(Native Method) ~[?:1.8.0_345]
	at javax.security.auth.Subject.doAs(Subject.java:422) [?:1.8.0_345]
	at org.apache.hadoop.security.UserGroupInformation.doAs(UserGroupInformation.java:1878) [hadoop-common-3.3.1.jar:?]
	at org.apache.hadoop.ipc.Server$Handler.run(Server.java:2966) [hadoop-common-3.3.1.jar:?]
2022-10-09 13:05:58,151 [Time-limited test] WARN  ozone.BasicOzoneFileSystem (BasicOzoneFileSystem.java:getFileStatus(765)) - GetFileStatus failed for path /d1/d2/d3/d4/invalidkey
java.io.FileNotFoundException: d1/d2/d3/d4/invalidkey: No such file or directory!
	at org.apache.hadoop.fs.ozone.BasicOzoneClientAdapterImpl.getFileStatus(BasicOzoneClientAdapterImpl.java:369)
	at org.apache.hadoop.fs.ozone.BasicOzoneFileSystem.getFileStatus(BasicOzoneFileSystem.java:757)
	at org.apache.hadoop.fs.ozone.TestOzoneFileSystem.testCreateFileShouldCheckExistenceOfDirWithSameName(TestOzoneFileSystem.java:308)
	at sun.reflect.NativeMethodAccessorImpl.invoke0(Native Method)
	at sun.reflect.NativeMethodAccessorImpl.invoke(NativeMethodAccessorImpl.java:62)
	at sun.reflect.DelegatingMethodAccessorImpl.invoke(DelegatingMethodAccessorImpl.java:43)
	at java.lang.reflect.Method.invoke(Method.java:498)
	at org.junit.runners.model.FrameworkMethod$1.runReflectiveCall(FrameworkMethod.java:59)
	at org.junit.internal.runners.model.ReflectiveCallable.run(ReflectiveCallable.java:12)
	at org.junit.runners.model.FrameworkMethod.invokeExplosively(FrameworkMethod.java:56)
	at org.junit.internal.runners.statements.InvokeMethod.evaluate(InvokeMethod.java:17)
	at org.junit.internal.runners.statements.RunAfters.evaluate(RunAfters.java:27)
	at org.junit.internal.runners.statements.FailOnTimeout$CallableStatement.call(FailOnTimeout.java:288)
	at org.junit.internal.runners.statements.FailOnTimeout$CallableStatement.call(FailOnTimeout.java:282)
	at java.util.concurrent.FutureTask.run(FutureTask.java:266)
	at java.lang.Thread.run(Thread.java:750)
]]></system-out>
  </testcase>
  <testcase name="testCreateFileShouldCheckExistenceOfDirWithSameName" classname="TestOzoneFileSystem" time="0.085">
    <system-out><![CDATA[13:07:28.394 [OM StateMachine ApplyTransaction Thread - 0] ERROR OMAudit - user=runner | ip=127.0.0.1 | op=CREATE_FILE {volume=volume52841, bucket=bucket11878, key=d1/d2/d3/d4/key2, dataSize=4194304, replicationType=RATIS, replicationFactor=THREE} | ret=FAILURE
org.apache.hadoop.ozone.om.exceptions.OMException: Can not write to directory: d1/d2/d3/d4/key2
	at org.apache.hadoop.ozone.om.request.file.OMFileCreateRequest.checkDirectoryResult(OMFileCreateRequest.java:364) ~[ozone-manager-1.3.0-SNAPSHOT.jar:?]
	at org.apache.hadoop.ozone.om.request.file.OMFileCreateRequest.validateAndUpdateCache(OMFileCreateRequest.java:240) ~[ozone-manager-1.3.0-SNAPSHOT.jar:?]
	at org.apache.hadoop.ozone.protocolPB.OzoneManagerRequestHandler.handleWriteRequest(OzoneManagerRequestHandler.java:304) ~[ozone-manager-1.3.0-SNAPSHOT.jar:?]
	at org.apache.hadoop.ozone.om.ratis.OzoneManagerStateMachine.runCommand(OzoneManagerStateMachine.java:529) ~[ozone-manager-1.3.0-SNAPSHOT.jar:?]
	at org.apache.hadoop.ozone.om.ratis.OzoneManagerStateMachine.lambda$1(OzoneManagerStateMachine.java:324) ~[ozone-manager-1.3.0-SNAPSHOT.jar:?]
	at java.util.concurrent.CompletableFuture$AsyncSupply.run(CompletableFuture.java:1604) [?:1.8.0_345]
	at java.util.concurrent.ThreadPoolExecutor.runWorker(ThreadPoolExecutor.java:1149) [?:1.8.0_345]
	at java.util.concurrent.ThreadPoolExecutor$Worker.run(ThreadPoolExecutor.java:624) [?:1.8.0_345]
	at java.lang.Thread.run(Thread.java:750) [?:1.8.0_345]
2022-10-09 13:07:28,395 [OM StateMachine ApplyTransaction Thread - 0] ERROR file.OMFileCreateRequest (OMFileCreateRequest.java:validateAndUpdateCache(337)) - File create failed. Volume:volume52841, Bucket:bucket11878, Keyd1/d2/d3/d4/key2.
NOT_A_FILE org.apache.hadoop.ozone.om.exceptions.OMException: Can not write to directory: d1/d2/d3/d4/key2
	at org.apache.hadoop.ozone.om.request.file.OMFileCreateRequest.checkDirectoryResult(OMFileCreateRequest.java:364)
	at org.apache.hadoop.ozone.om.request.file.OMFileCreateRequest.validateAndUpdateCache(OMFileCreateRequest.java:240)
	at org.apache.hadoop.ozone.protocolPB.OzoneManagerRequestHandler.handleWriteRequest(OzoneManagerRequestHandler.java:304)
	at org.apache.hadoop.ozone.om.ratis.OzoneManagerStateMachine.runCommand(OzoneManagerStateMachine.java:529)
	at org.apache.hadoop.ozone.om.ratis.OzoneManagerStateMachine.lambda$1(OzoneManagerStateMachine.java:324)
	at java.util.concurrent.CompletableFuture$AsyncSupply.run(CompletableFuture.java:1604)
	at java.util.concurrent.ThreadPoolExecutor.runWorker(ThreadPoolExecutor.java:1149)
	at java.util.concurrent.ThreadPoolExecutor$Worker.run(ThreadPoolExecutor.java:624)
	at java.lang.Thread.run(Thread.java:750)
13:07:28.401 [OM StateMachine ApplyTransaction Thread - 0] ERROR OMAudit - user=runner | ip=127.0.0.1 | op=CREATE_DIRECTORY {volume=volume52841, bucket=bucket11878, key=d1/d2/d3/d4/key3, dataSize=0, replicationType=NONE, replicationFactor=ZERO} | ret=FAILURE
org.apache.hadoop.ozone.om.exceptions.OMException: Unable to create directory: d1/d2/d3/d4/key3 in volume/bucket: volume52841/bucket11878
	at org.apache.hadoop.ozone.om.request.file.OMDirectoryCreateRequest.validateAndUpdateCache(OMDirectoryCreateRequest.java:198) ~[ozone-manager-1.3.0-SNAPSHOT.jar:?]
	at org.apache.hadoop.ozone.protocolPB.OzoneManagerRequestHandler.handleWriteRequest(OzoneManagerRequestHandler.java:304) ~[ozone-manager-1.3.0-SNAPSHOT.jar:?]
	at org.apache.hadoop.ozone.om.ratis.OzoneManagerStateMachine.runCommand(OzoneManagerStateMachine.java:529) ~[ozone-manager-1.3.0-SNAPSHOT.jar:?]
	at org.apache.hadoop.ozone.om.ratis.OzoneManagerStateMachine.lambda$1(OzoneManagerStateMachine.java:324) ~[ozone-manager-1.3.0-SNAPSHOT.jar:?]
	at java.util.concurrent.CompletableFuture$AsyncSupply.run(CompletableFuture.java:1604) [?:1.8.0_345]
	at java.util.concurrent.ThreadPoolExecutor.runWorker(ThreadPoolExecutor.java:1149) [?:1.8.0_345]
	at java.util.concurrent.ThreadPoolExecutor$Worker.run(ThreadPoolExecutor.java:624) [?:1.8.0_345]
	at java.lang.Thread.run(Thread.java:750) [?:1.8.0_345]
2022-10-09 13:07:28,401 [OM StateMachine ApplyTransaction Thread - 0] ERROR file.OMDirectoryCreateRequest (OMDirectoryCreateRequest.java:logResult(331)) - Directory creation failed. Volume:volume52841, Bucket:bucket11878, Keyd1/d2/d3/d4/key3. Exception:{}
FILE_ALREADY_EXISTS org.apache.hadoop.ozone.om.exceptions.OMException: Unable to create directory: d1/d2/d3/d4/key3 in volume/bucket: volume52841/bucket11878
	at org.apache.hadoop.ozone.om.request.file.OMDirectoryCreateRequest.validateAndUpdateCache(OMDirectoryCreateRequest.java:198)
	at org.apache.hadoop.ozone.protocolPB.OzoneManagerRequestHandler.handleWriteRequest(OzoneManagerRequestHandler.java:304)
	at org.apache.hadoop.ozone.om.ratis.OzoneManagerStateMachine.runCommand(OzoneManagerStateMachine.java:529)
	at org.apache.hadoop.ozone.om.ratis.OzoneManagerStateMachine.lambda$1(OzoneManagerStateMachine.java:324)
	at java.util.concurrent.CompletableFuture$AsyncSupply.run(CompletableFuture.java:1604)
	at java.util.concurrent.ThreadPoolExecutor.runWorker(ThreadPoolExecutor.java:1149)
	at java.util.concurrent.ThreadPoolExecutor$Worker.run(ThreadPoolExecutor.java:624)
	at java.lang.Thread.run(Thread.java:750)
13:07:28.407 [OM StateMachine ApplyTransaction Thread - 0] ERROR OMAudit - user=runner | ip=127.0.0.1 | op=CREATE_FILE {volume=volume52841, bucket=bucket11878, key=d1/d2/d3, dataSize=4194304, replicationType=RATIS, replicationFactor=THREE} | ret=FAILURE
org.apache.hadoop.ozone.om.exceptions.OMException: Can not write to directory: d1/d2/d3
	at org.apache.hadoop.ozone.om.request.file.OMFileCreateRequest.checkDirectoryResult(OMFileCreateRequest.java:364) ~[ozone-manager-1.3.0-SNAPSHOT.jar:?]
	at org.apache.hadoop.ozone.om.request.file.OMFileCreateRequest.validateAndUpdateCache(OMFileCreateRequest.java:240) ~[ozone-manager-1.3.0-SNAPSHOT.jar:?]
	at org.apache.hadoop.ozone.protocolPB.OzoneManagerRequestHandler.handleWriteRequest(OzoneManagerRequestHandler.java:304) ~[ozone-manager-1.3.0-SNAPSHOT.jar:?]
	at org.apache.hadoop.ozone.om.ratis.OzoneManagerStateMachine.runCommand(OzoneManagerStateMachine.java:529) ~[ozone-manager-1.3.0-SNAPSHOT.jar:?]
	at org.apache.hadoop.ozone.om.ratis.OzoneManagerStateMachine.lambda$1(OzoneManagerStateMachine.java:324) ~[ozone-manager-1.3.0-SNAPSHOT.jar:?]
	at java.util.concurrent.CompletableFuture$AsyncSupply.run(CompletableFuture.java:1604) [?:1.8.0_345]
	at java.util.concurrent.ThreadPoolExecutor.runWorker(ThreadPoolExecutor.java:1149) [?:1.8.0_345]
	at java.util.concurrent.ThreadPoolExecutor$Worker.run(ThreadPoolExecutor.java:624) [?:1.8.0_345]
	at java.lang.Thread.run(Thread.java:750) [?:1.8.0_345]
2022-10-09 13:07:28,407 [OM StateMachine ApplyTransaction Thread - 0] ERROR file.OMFileCreateRequest (OMFileCreateRequest.java:validateAndUpdateCache(337)) - File create failed. Volume:volume52841, Bucket:bucket11878, Keyd1/d2/d3.
NOT_A_FILE org.apache.hadoop.ozone.om.exceptions.OMException: Can not write to directory: d1/d2/d3
	at org.apache.hadoop.ozone.om.request.file.OMFileCreateRequest.checkDirectoryResult(OMFileCreateRequest.java:364)
	at org.apache.hadoop.ozone.om.request.file.OMFileCreateRequest.validateAndUpdateCache(OMFileCreateRequest.java:240)
	at org.apache.hadoop.ozone.protocolPB.OzoneManagerRequestHandler.handleWriteRequest(OzoneManagerRequestHandler.java:304)
	at org.apache.hadoop.ozone.om.ratis.OzoneManagerStateMachine.runCommand(OzoneManagerStateMachine.java:529)
	at org.apache.hadoop.ozone.om.ratis.OzoneManagerStateMachine.lambda$1(OzoneManagerStateMachine.java:324)
	at java.util.concurrent.CompletableFuture$AsyncSupply.run(CompletableFuture.java:1604)
	at java.util.concurrent.ThreadPoolExecutor.runWorker(ThreadPoolExecutor.java:1149)
	at java.util.concurrent.ThreadPoolExecutor$Worker.run(ThreadPoolExecutor.java:624)
	at java.lang.Thread.run(Thread.java:750)
13:07:28.416 [IPC Server handler 11 on default port 33359] ERROR OMAudit - user=runner | ip=127.0.0.1 | op=GET_FILE_STATUS {volume=volume52841, bucket=bucket11878, key=d1/d2/d3/d4/key3/invalid, dataSize=0, replicationConfig=null} | ret=FAILURE
org.apache.hadoop.ozone.om.exceptions.OMException: Unable to get file status: volume: volume52841 bucket: bucket11878 key: d1/d2/d3/d4/key3/invalid
	at org.apache.hadoop.ozone.om.KeyManagerImpl.getOzoneFileStatus(KeyManagerImpl.java:1270) ~[ozone-manager-1.3.0-SNAPSHOT.jar:?]
	at org.apache.hadoop.ozone.om.KeyManagerImpl.getFileStatus(KeyManagerImpl.java:1200) ~[ozone-manager-1.3.0-SNAPSHOT.jar:?]
	at org.apache.hadoop.ozone.om.OzoneManager.getFileStatus(OzoneManager.java:3507) ~[ozone-manager-1.3.0-SNAPSHOT.jar:?]
	at org.apache.hadoop.ozone.protocolPB.OzoneManagerRequestHandler.getOzoneFileStatus(OzoneManagerRequestHandler.java:882) ~[ozone-manager-1.3.0-SNAPSHOT.jar:?]
	at org.apache.hadoop.ozone.protocolPB.OzoneManagerRequestHandler.handleReadRequest(OzoneManagerRequestHandler.java:228) ~[ozone-manager-1.3.0-SNAPSHOT.jar:?]
	at org.apache.hadoop.ozone.protocolPB.OzoneManagerProtocolServerSideTranslatorPB.submitReadRequestToOM(OzoneManagerProtocolServerSideTranslatorPB.java:226) ~[ozone-manager-1.3.0-SNAPSHOT.jar:?]
	at org.apache.hadoop.ozone.protocolPB.OzoneManagerProtocolServerSideTranslatorPB.processRequest(OzoneManagerProtocolServerSideTranslatorPB.java:175) ~[ozone-manager-1.3.0-SNAPSHOT.jar:?]
	at org.apache.hadoop.hdds.server.OzoneProtocolMessageDispatcher.processRequest(OzoneProtocolMessageDispatcher.java:87) [hdds-server-framework-1.3.0-SNAPSHOT.jar:?]
	at org.apache.hadoop.ozone.protocolPB.OzoneManagerProtocolServerSideTranslatorPB.submitRequest(OzoneManagerProtocolServerSideTranslatorPB.java:147) [ozone-manager-1.3.0-SNAPSHOT.jar:?]
	at org.apache.hadoop.ozone.protocol.proto.OzoneManagerProtocolProtos$OzoneManagerService$2.callBlockingMethod(OzoneManagerProtocolProtos.java) [ozone-interface-client-1.3.0-SNAPSHOT.jar:?]
	at org.apache.hadoop.ipc.ProtobufRpcEngine$Server.processCall(ProtobufRpcEngine.java:466) [hadoop-common-3.3.1.jar:?]
	at org.apache.hadoop.ipc.ProtobufRpcEngine2$Server$ProtoBufRpcInvoker.call(ProtobufRpcEngine2.java:574) [hadoop-common-3.3.1.jar:?]
	at org.apache.hadoop.ipc.ProtobufRpcEngine2$Server$ProtoBufRpcInvoker.call(ProtobufRpcEngine2.java:552) [hadoop-common-3.3.1.jar:?]
	at org.apache.hadoop.ipc.RPC$Server.call(RPC.java:1093) [hadoop-common-3.3.1.jar:?]
	at org.apache.hadoop.ipc.Server$RpcCall.run(Server.java:1035) [hadoop-common-3.3.1.jar:?]
	at org.apache.hadoop.ipc.Server$RpcCall.run(Server.java:963) [hadoop-common-3.3.1.jar:?]
	at java.security.AccessController.doPrivileged(Native Method) ~[?:1.8.0_345]
	at javax.security.auth.Subject.doAs(Subject.java:422) [?:1.8.0_345]
	at org.apache.hadoop.security.UserGroupInformation.doAs(UserGroupInformation.java:1878) [hadoop-common-3.3.1.jar:?]
	at org.apache.hadoop.ipc.Server$Handler.run(Server.java:2966) [hadoop-common-3.3.1.jar:?]
2022-10-09 13:07:28,416 [Time-limited test] WARN  ozone.BasicOzoneFileSystem (BasicOzoneFileSystem.java:getFileStatus(765)) - GetFileStatus failed for path /d1/d2/d3/d4/key3/invalid
java.io.FileNotFoundException: d1/d2/d3/d4/key3/invalid: No such file or directory!
	at org.apache.hadoop.fs.ozone.BasicOzoneClientAdapterImpl.getFileStatus(BasicOzoneClientAdapterImpl.java:369)
	at org.apache.hadoop.fs.ozone.BasicOzoneFileSystem.getFileStatus(BasicOzoneFileSystem.java:757)
	at org.apache.hadoop.fs.ozone.TestOzoneFileSystem.testCreateFileShouldCheckExistenceOfDirWithSameName(TestOzoneFileSystem.java:301)
	at sun.reflect.NativeMethodAccessorImpl.invoke0(Native Method)
	at sun.reflect.NativeMethodAccessorImpl.invoke(NativeMethodAccessorImpl.java:62)
	at sun.reflect.DelegatingMethodAccessorImpl.invoke(DelegatingMethodAccessorImpl.java:43)
	at java.lang.reflect.Method.invoke(Method.java:498)
	at org.junit.runners.model.FrameworkMethod$1.runReflectiveCall(FrameworkMethod.java:59)
	at org.junit.internal.runners.model.ReflectiveCallable.run(ReflectiveCallable.java:12)
	at org.junit.runners.model.FrameworkMethod.invokeExplosively(FrameworkMethod.java:56)
	at org.junit.internal.runners.statements.InvokeMethod.evaluate(InvokeMethod.java:17)
	at org.junit.internal.runners.statements.RunAfters.evaluate(RunAfters.java:27)
	at org.junit.internal.runners.statements.FailOnTimeout$CallableStatement.call(FailOnTimeout.java:288)
	at org.junit.internal.runners.statements.FailOnTimeout$CallableStatement.call(FailOnTimeout.java:282)
	at java.util.concurrent.FutureTask.run(FutureTask.java:266)
	at java.lang.Thread.run(Thread.java:750)
13:07:28.418 [IPC Server handler 10 on default port 33359] ERROR OMAudit - user=runner | ip=127.0.0.1 | op=GET_FILE_STATUS {volume=volume52841, bucket=bucket11878, key=d1/d2/d3/d4/invalidkey, dataSize=0, replicationConfig=null} | ret=FAILURE
org.apache.hadoop.ozone.om.exceptions.OMException: Unable to get file status: volume: volume52841 bucket: bucket11878 key: d1/d2/d3/d4/invalidkey
	at org.apache.hadoop.ozone.om.KeyManagerImpl.getOzoneFileStatus(KeyManagerImpl.java:1270) ~[ozone-manager-1.3.0-SNAPSHOT.jar:?]
	at org.apache.hadoop.ozone.om.KeyManagerImpl.getFileStatus(KeyManagerImpl.java:1200) ~[ozone-manager-1.3.0-SNAPSHOT.jar:?]
	at org.apache.hadoop.ozone.om.OzoneManager.getFileStatus(OzoneManager.java:3507) ~[ozone-manager-1.3.0-SNAPSHOT.jar:?]
	at org.apache.hadoop.ozone.protocolPB.OzoneManagerRequestHandler.getOzoneFileStatus(OzoneManagerRequestHandler.java:882) ~[ozone-manager-1.3.0-SNAPSHOT.jar:?]
	at org.apache.hadoop.ozone.protocolPB.OzoneManagerRequestHandler.handleReadRequest(OzoneManagerRequestHandler.java:228) ~[ozone-manager-1.3.0-SNAPSHOT.jar:?]
	at org.apache.hadoop.ozone.protocolPB.OzoneManagerProtocolServerSideTranslatorPB.submitReadRequestToOM(OzoneManagerProtocolServerSideTranslatorPB.java:226) ~[ozone-manager-1.3.0-SNAPSHOT.jar:?]
	at org.apache.hadoop.ozone.protocolPB.OzoneManagerProtocolServerSideTranslatorPB.processRequest(OzoneManagerProtocolServerSideTranslatorPB.java:175) ~[ozone-manager-1.3.0-SNAPSHOT.jar:?]
	at org.apache.hadoop.hdds.server.OzoneProtocolMessageDispatcher.processRequest(OzoneProtocolMessageDispatcher.java:87) [hdds-server-framework-1.3.0-SNAPSHOT.jar:?]
	at org.apache.hadoop.ozone.protocolPB.OzoneManagerProtocolServerSideTranslatorPB.submitRequest(OzoneManagerProtocolServerSideTranslatorPB.java:147) [ozone-manager-1.3.0-SNAPSHOT.jar:?]
	at org.apache.hadoop.ozone.protocol.proto.OzoneManagerProtocolProtos$OzoneManagerService$2.callBlockingMethod(OzoneManagerProtocolProtos.java) [ozone-interface-client-1.3.0-SNAPSHOT.jar:?]
	at org.apache.hadoop.ipc.ProtobufRpcEngine$Server.processCall(ProtobufRpcEngine.java:466) [hadoop-common-3.3.1.jar:?]
	at org.apache.hadoop.ipc.ProtobufRpcEngine2$Server$ProtoBufRpcInvoker.call(ProtobufRpcEngine2.java:574) [hadoop-common-3.3.1.jar:?]
	at org.apache.hadoop.ipc.ProtobufRpcEngine2$Server$ProtoBufRpcInvoker.call(ProtobufRpcEngine2.java:552) [hadoop-common-3.3.1.jar:?]
	at org.apache.hadoop.ipc.RPC$Server.call(RPC.java:1093) [hadoop-common-3.3.1.jar:?]
	at org.apache.hadoop.ipc.Server$RpcCall.run(Server.java:1035) [hadoop-common-3.3.1.jar:?]
	at org.apache.hadoop.ipc.Server$RpcCall.run(Server.java:963) [hadoop-common-3.3.1.jar:?]
	at java.security.AccessController.doPrivileged(Native Method) ~[?:1.8.0_345]
	at javax.security.auth.Subject.doAs(Subject.java:422) [?:1.8.0_345]
	at org.apache.hadoop.security.UserGroupInformation.doAs(UserGroupInformation.java:1878) [hadoop-common-3.3.1.jar:?]
	at org.apache.hadoop.ipc.Server$Handler.run(Server.java:2966) [hadoop-common-3.3.1.jar:?]
2022-10-09 13:07:28,418 [Time-limited test] WARN  ozone.BasicOzoneFileSystem (BasicOzoneFileSystem.java:getFileStatus(765)) - GetFileStatus failed for path /d1/d2/d3/d4/invalidkey
java.io.FileNotFoundException: d1/d2/d3/d4/invalidkey: No such file or directory!
	at org.apache.hadoop.fs.ozone.BasicOzoneClientAdapterImpl.getFileStatus(BasicOzoneClientAdapterImpl.java:369)
	at org.apache.hadoop.fs.ozone.BasicOzoneFileSystem.getFileStatus(BasicOzoneFileSystem.java:757)
	at org.apache.hadoop.fs.ozone.TestOzoneFileSystem.testCreateFileShouldCheckExistenceOfDirWithSameName(TestOzoneFileSystem.java:308)
	at sun.reflect.NativeMethodAccessorImpl.invoke0(Native Method)
	at sun.reflect.NativeMethodAccessorImpl.invoke(NativeMethodAccessorImpl.java:62)
	at sun.reflect.DelegatingMethodAccessorImpl.invoke(DelegatingMethodAccessorImpl.java:43)
	at java.lang.reflect.Method.invoke(Method.java:498)
	at org.junit.runners.model.FrameworkMethod$1.runReflectiveCall(FrameworkMethod.java:59)
	at org.junit.internal.runners.model.ReflectiveCallable.run(ReflectiveCallable.java:12)
	at org.junit.runners.model.FrameworkMethod.invokeExplosively(FrameworkMethod.java:56)
	at org.junit.internal.runners.statements.InvokeMethod.evaluate(InvokeMethod.java:17)
	at org.junit.internal.runners.statements.RunAfters.evaluate(RunAfters.java:27)
	at org.junit.internal.runners.statements.FailOnTimeout$CallableStatement.call(FailOnTimeout.java:288)
	at org.junit.internal.runners.statements.FailOnTimeout$CallableStatement.call(FailOnTimeout.java:282)
	at java.util.concurrent.FutureTask.run(FutureTask.java:266)
	at java.lang.Thread.run(Thread.java:750)
]]></system-out>
  </testcase>
  <testcase name="testCreateFileShouldCheckExistenceOfDirWithSameName" classname="TestOzoneFileSystem" time="0.057">
    <system-out><![CDATA[13:09:36.244 [IPC Server handler 1 on default port 34869] ERROR OMAudit - user=runner | ip=127.0.0.1 | op=CREATE_FILE {volume=volume25253, bucket=bucket90791, key=d1/d2/d3/d4/key2, dataSize=4194304, replicationType=RATIS, replicationFactor=THREE} | ret=FAILURE
org.apache.hadoop.ozone.om.exceptions.OMException: Can not write to directory: d1/d2/d3/d4/key2
	at org.apache.hadoop.ozone.om.request.file.OMFileCreateRequest.checkDirectoryResult(OMFileCreateRequest.java:364) ~[ozone-manager-1.3.0-SNAPSHOT.jar:?]
	at org.apache.hadoop.ozone.om.request.file.OMFileCreateRequest.validateAndUpdateCache(OMFileCreateRequest.java:240) ~[ozone-manager-1.3.0-SNAPSHOT.jar:?]
	at org.apache.hadoop.ozone.protocolPB.OzoneManagerRequestHandler.handleWriteRequest(OzoneManagerRequestHandler.java:304) ~[ozone-manager-1.3.0-SNAPSHOT.jar:?]
	at org.apache.hadoop.ozone.protocolPB.OzoneManagerProtocolServerSideTranslatorPB.submitRequestDirectlyToOM(OzoneManagerProtocolServerSideTranslatorPB.java:282) ~[ozone-manager-1.3.0-SNAPSHOT.jar:?]
	at org.apache.hadoop.ozone.protocolPB.OzoneManagerProtocolServerSideTranslatorPB.processRequest(OzoneManagerProtocolServerSideTranslatorPB.java:205) ~[ozone-manager-1.3.0-SNAPSHOT.jar:?]
	at org.apache.hadoop.hdds.server.OzoneProtocolMessageDispatcher.processRequest(OzoneProtocolMessageDispatcher.java:87) [hdds-server-framework-1.3.0-SNAPSHOT.jar:?]
	at org.apache.hadoop.ozone.protocolPB.OzoneManagerProtocolServerSideTranslatorPB.submitRequest(OzoneManagerProtocolServerSideTranslatorPB.java:147) [ozone-manager-1.3.0-SNAPSHOT.jar:?]
	at org.apache.hadoop.ozone.protocol.proto.OzoneManagerProtocolProtos$OzoneManagerService$2.callBlockingMethod(OzoneManagerProtocolProtos.java) [ozone-interface-client-1.3.0-SNAPSHOT.jar:?]
	at org.apache.hadoop.ipc.ProtobufRpcEngine$Server.processCall(ProtobufRpcEngine.java:466) [hadoop-common-3.3.1.jar:?]
	at org.apache.hadoop.ipc.ProtobufRpcEngine2$Server$ProtoBufRpcInvoker.call(ProtobufRpcEngine2.java:574) [hadoop-common-3.3.1.jar:?]
	at org.apache.hadoop.ipc.ProtobufRpcEngine2$Server$ProtoBufRpcInvoker.call(ProtobufRpcEngine2.java:552) [hadoop-common-3.3.1.jar:?]
	at org.apache.hadoop.ipc.RPC$Server.call(RPC.java:1093) [hadoop-common-3.3.1.jar:?]
	at org.apache.hadoop.ipc.Server$RpcCall.run(Server.java:1035) [hadoop-common-3.3.1.jar:?]
	at org.apache.hadoop.ipc.Server$RpcCall.run(Server.java:963) [hadoop-common-3.3.1.jar:?]
	at java.security.AccessController.doPrivileged(Native Method) ~[?:1.8.0_345]
	at javax.security.auth.Subject.doAs(Subject.java:422) [?:1.8.0_345]
	at org.apache.hadoop.security.UserGroupInformation.doAs(UserGroupInformation.java:1878) [hadoop-common-3.3.1.jar:?]
	at org.apache.hadoop.ipc.Server$Handler.run(Server.java:2966) [hadoop-common-3.3.1.jar:?]
2022-10-09 13:09:36,244 [IPC Server handler 1 on default port 34869] ERROR file.OMFileCreateRequest (OMFileCreateRequest.java:validateAndUpdateCache(337)) - File create failed. Volume:volume25253, Bucket:bucket90791, Keyd1/d2/d3/d4/key2.
NOT_A_FILE org.apache.hadoop.ozone.om.exceptions.OMException: Can not write to directory: d1/d2/d3/d4/key2
	at org.apache.hadoop.ozone.om.request.file.OMFileCreateRequest.checkDirectoryResult(OMFileCreateRequest.java:364)
	at org.apache.hadoop.ozone.om.request.file.OMFileCreateRequest.validateAndUpdateCache(OMFileCreateRequest.java:240)
	at org.apache.hadoop.ozone.protocolPB.OzoneManagerRequestHandler.handleWriteRequest(OzoneManagerRequestHandler.java:304)
	at org.apache.hadoop.ozone.protocolPB.OzoneManagerProtocolServerSideTranslatorPB.submitRequestDirectlyToOM(OzoneManagerProtocolServerSideTranslatorPB.java:282)
	at org.apache.hadoop.ozone.protocolPB.OzoneManagerProtocolServerSideTranslatorPB.processRequest(OzoneManagerProtocolServerSideTranslatorPB.java:205)
	at org.apache.hadoop.hdds.server.OzoneProtocolMessageDispatcher.processRequest(OzoneProtocolMessageDispatcher.java:87)
	at org.apache.hadoop.ozone.protocolPB.OzoneManagerProtocolServerSideTranslatorPB.submitRequest(OzoneManagerProtocolServerSideTranslatorPB.java:147)
	at org.apache.hadoop.ozone.protocol.proto.OzoneManagerProtocolProtos$OzoneManagerService$2.callBlockingMethod(OzoneManagerProtocolProtos.java)
	at org.apache.hadoop.ipc.ProtobufRpcEngine$Server.processCall(ProtobufRpcEngine.java:466)
	at org.apache.hadoop.ipc.ProtobufRpcEngine2$Server$ProtoBufRpcInvoker.call(ProtobufRpcEngine2.java:574)
	at org.apache.hadoop.ipc.ProtobufRpcEngine2$Server$ProtoBufRpcInvoker.call(ProtobufRpcEngine2.java:552)
	at org.apache.hadoop.ipc.RPC$Server.call(RPC.java:1093)
	at org.apache.hadoop.ipc.Server$RpcCall.run(Server.java:1035)
	at org.apache.hadoop.ipc.Server$RpcCall.run(Server.java:963)
	at java.security.AccessController.doPrivileged(Native Method)
	at javax.security.auth.Subject.doAs(Subject.java:422)
	at org.apache.hadoop.security.UserGroupInformation.doAs(UserGroupInformation.java:1878)
	at org.apache.hadoop.ipc.Server$Handler.run(Server.java:2966)
13:09:36.264 [IPC Server handler 0 on default port 34869] ERROR OMAudit - user=runner | ip=127.0.0.1 | op=CREATE_DIRECTORY {volume=volume25253, bucket=bucket90791, key=d1/d2/d3/d4/key3, dataSize=0, replicationType=NONE, replicationFactor=ZERO} | ret=FAILURE
org.apache.hadoop.ozone.om.exceptions.OMException: Unable to create directory: d1/d2/d3/d4/key3 in volume/bucket: volume25253/bucket90791
	at org.apache.hadoop.ozone.om.request.file.OMDirectoryCreateRequest.validateAndUpdateCache(OMDirectoryCreateRequest.java:198) ~[ozone-manager-1.3.0-SNAPSHOT.jar:?]
	at org.apache.hadoop.ozone.protocolPB.OzoneManagerRequestHandler.handleWriteRequest(OzoneManagerRequestHandler.java:304) ~[ozone-manager-1.3.0-SNAPSHOT.jar:?]
	at org.apache.hadoop.ozone.protocolPB.OzoneManagerProtocolServerSideTranslatorPB.submitRequestDirectlyToOM(OzoneManagerProtocolServerSideTranslatorPB.java:282) ~[ozone-manager-1.3.0-SNAPSHOT.jar:?]
	at org.apache.hadoop.ozone.protocolPB.OzoneManagerProtocolServerSideTranslatorPB.processRequest(OzoneManagerProtocolServerSideTranslatorPB.java:205) ~[ozone-manager-1.3.0-SNAPSHOT.jar:?]
	at org.apache.hadoop.hdds.server.OzoneProtocolMessageDispatcher.processRequest(OzoneProtocolMessageDispatcher.java:87) [hdds-server-framework-1.3.0-SNAPSHOT.jar:?]
	at org.apache.hadoop.ozone.protocolPB.OzoneManagerProtocolServerSideTranslatorPB.submitRequest(OzoneManagerProtocolServerSideTranslatorPB.java:147) [ozone-manager-1.3.0-SNAPSHOT.jar:?]
	at org.apache.hadoop.ozone.protocol.proto.OzoneManagerProtocolProtos$OzoneManagerService$2.callBlockingMethod(OzoneManagerProtocolProtos.java) [ozone-interface-client-1.3.0-SNAPSHOT.jar:?]
	at org.apache.hadoop.ipc.ProtobufRpcEngine$Server.processCall(ProtobufRpcEngine.java:466) [hadoop-common-3.3.1.jar:?]
	at org.apache.hadoop.ipc.ProtobufRpcEngine2$Server$ProtoBufRpcInvoker.call(ProtobufRpcEngine2.java:574) [hadoop-common-3.3.1.jar:?]
	at org.apache.hadoop.ipc.ProtobufRpcEngine2$Server$ProtoBufRpcInvoker.call(ProtobufRpcEngine2.java:552) [hadoop-common-3.3.1.jar:?]
	at org.apache.hadoop.ipc.RPC$Server.call(RPC.java:1093) [hadoop-common-3.3.1.jar:?]
	at org.apache.hadoop.ipc.Server$RpcCall.run(Server.java:1035) [hadoop-common-3.3.1.jar:?]
	at org.apache.hadoop.ipc.Server$RpcCall.run(Server.java:963) [hadoop-common-3.3.1.jar:?]
	at java.security.AccessController.doPrivileged(Native Method) ~[?:1.8.0_345]
	at javax.security.auth.Subject.doAs(Subject.java:422) [?:1.8.0_345]
	at org.apache.hadoop.security.UserGroupInformation.doAs(UserGroupInformation.java:1878) [hadoop-common-3.3.1.jar:?]
	at org.apache.hadoop.ipc.Server$Handler.run(Server.java:2966) [hadoop-common-3.3.1.jar:?]
2022-10-09 13:09:36,264 [IPC Server handler 0 on default port 34869] ERROR file.OMDirectoryCreateRequest (OMDirectoryCreateRequest.java:logResult(331)) - Directory creation failed. Volume:volume25253, Bucket:bucket90791, Keyd1/d2/d3/d4/key3. Exception:{}
FILE_ALREADY_EXISTS org.apache.hadoop.ozone.om.exceptions.OMException: Unable to create directory: d1/d2/d3/d4/key3 in volume/bucket: volume25253/bucket90791
	at org.apache.hadoop.ozone.om.request.file.OMDirectoryCreateRequest.validateAndUpdateCache(OMDirectoryCreateRequest.java:198)
	at org.apache.hadoop.ozone.protocolPB.OzoneManagerRequestHandler.handleWriteRequest(OzoneManagerRequestHandler.java:304)
	at org.apache.hadoop.ozone.protocolPB.OzoneManagerProtocolServerSideTranslatorPB.submitRequestDirectlyToOM(OzoneManagerProtocolServerSideTranslatorPB.java:282)
	at org.apache.hadoop.ozone.protocolPB.OzoneManagerProtocolServerSideTranslatorPB.processRequest(OzoneManagerProtocolServerSideTranslatorPB.java:205)
	at org.apache.hadoop.hdds.server.OzoneProtocolMessageDispatcher.processRequest(OzoneProtocolMessageDispatcher.java:87)
	at org.apache.hadoop.ozone.protocolPB.OzoneManagerProtocolServerSideTranslatorPB.submitRequest(OzoneManagerProtocolServerSideTranslatorPB.java:147)
	at org.apache.hadoop.ozone.protocol.proto.OzoneManagerProtocolProtos$OzoneManagerService$2.callBlockingMethod(OzoneManagerProtocolProtos.java)
	at org.apache.hadoop.ipc.ProtobufRpcEngine$Server.processCall(ProtobufRpcEngine.java:466)
	at org.apache.hadoop.ipc.ProtobufRpcEngine2$Server$ProtoBufRpcInvoker.call(ProtobufRpcEngine2.java:574)
	at org.apache.hadoop.ipc.ProtobufRpcEngine2$Server$ProtoBufRpcInvoker.call(ProtobufRpcEngine2.java:552)
	at org.apache.hadoop.ipc.RPC$Server.call(RPC.java:1093)
	at org.apache.hadoop.ipc.Server$RpcCall.run(Server.java:1035)
	at org.apache.hadoop.ipc.Server$RpcCall.run(Server.java:963)
	at java.security.AccessController.doPrivileged(Native Method)
	at javax.security.auth.Subject.doAs(Subject.java:422)
	at org.apache.hadoop.security.UserGroupInformation.doAs(UserGroupInformation.java:1878)
	at org.apache.hadoop.ipc.Server$Handler.run(Server.java:2966)
13:09:36.269 [IPC Server handler 6 on default port 34869] ERROR OMAudit - user=runner | ip=127.0.0.1 | op=CREATE_FILE {volume=volume25253, bucket=bucket90791, key=d1/d2/d3, dataSize=4194304, replicationType=RATIS, replicationFactor=THREE} | ret=FAILURE
org.apache.hadoop.ozone.om.exceptions.OMException: Can not write to directory: d1/d2/d3
	at org.apache.hadoop.ozone.om.request.file.OMFileCreateRequest.checkDirectoryResult(OMFileCreateRequest.java:364) ~[ozone-manager-1.3.0-SNAPSHOT.jar:?]
	at org.apache.hadoop.ozone.om.request.file.OMFileCreateRequest.validateAndUpdateCache(OMFileCreateRequest.java:240) ~[ozone-manager-1.3.0-SNAPSHOT.jar:?]
	at org.apache.hadoop.ozone.protocolPB.OzoneManagerRequestHandler.handleWriteRequest(OzoneManagerRequestHandler.java:304) ~[ozone-manager-1.3.0-SNAPSHOT.jar:?]
	at org.apache.hadoop.ozone.protocolPB.OzoneManagerProtocolServerSideTranslatorPB.submitRequestDirectlyToOM(OzoneManagerProtocolServerSideTranslatorPB.java:282) ~[ozone-manager-1.3.0-SNAPSHOT.jar:?]
	at org.apache.hadoop.ozone.protocolPB.OzoneManagerProtocolServerSideTranslatorPB.processRequest(OzoneManagerProtocolServerSideTranslatorPB.java:205) ~[ozone-manager-1.3.0-SNAPSHOT.jar:?]
	at org.apache.hadoop.hdds.server.OzoneProtocolMessageDispatcher.processRequest(OzoneProtocolMessageDispatcher.java:87) [hdds-server-framework-1.3.0-SNAPSHOT.jar:?]
	at org.apache.hadoop.ozone.protocolPB.OzoneManagerProtocolServerSideTranslatorPB.submitRequest(OzoneManagerProtocolServerSideTranslatorPB.java:147) [ozone-manager-1.3.0-SNAPSHOT.jar:?]
	at org.apache.hadoop.ozone.protocol.proto.OzoneManagerProtocolProtos$OzoneManagerService$2.callBlockingMethod(OzoneManagerProtocolProtos.java) [ozone-interface-client-1.3.0-SNAPSHOT.jar:?]
	at org.apache.hadoop.ipc.ProtobufRpcEngine$Server.processCall(ProtobufRpcEngine.java:466) [hadoop-common-3.3.1.jar:?]
	at org.apache.hadoop.ipc.ProtobufRpcEngine2$Server$ProtoBufRpcInvoker.call(ProtobufRpcEngine2.java:574) [hadoop-common-3.3.1.jar:?]
	at org.apache.hadoop.ipc.ProtobufRpcEngine2$Server$ProtoBufRpcInvoker.call(ProtobufRpcEngine2.java:552) [hadoop-common-3.3.1.jar:?]
	at org.apache.hadoop.ipc.RPC$Server.call(RPC.java:1093) [hadoop-common-3.3.1.jar:?]
	at org.apache.hadoop.ipc.Server$RpcCall.run(Server.java:1035) [hadoop-common-3.3.1.jar:?]
	at org.apache.hadoop.ipc.Server$RpcCall.run(Server.java:963) [hadoop-common-3.3.1.jar:?]
	at java.security.AccessController.doPrivileged(Native Method) ~[?:1.8.0_345]
	at javax.security.auth.Subject.doAs(Subject.java:422) [?:1.8.0_345]
	at org.apache.hadoop.security.UserGroupInformation.doAs(UserGroupInformation.java:1878) [hadoop-common-3.3.1.jar:?]
	at org.apache.hadoop.ipc.Server$Handler.run(Server.java:2966) [hadoop-common-3.3.1.jar:?]
2022-10-09 13:09:36,269 [IPC Server handler 6 on default port 34869] ERROR file.OMFileCreateRequest (OMFileCreateRequest.java:validateAndUpdateCache(337)) - File create failed. Volume:volume25253, Bucket:bucket90791, Keyd1/d2/d3.
NOT_A_FILE org.apache.hadoop.ozone.om.exceptions.OMException: Can not write to directory: d1/d2/d3
	at org.apache.hadoop.ozone.om.request.file.OMFileCreateRequest.checkDirectoryResult(OMFileCreateRequest.java:364)
	at org.apache.hadoop.ozone.om.request.file.OMFileCreateRequest.validateAndUpdateCache(OMFileCreateRequest.java:240)
	at org.apache.hadoop.ozone.protocolPB.OzoneManagerRequestHandler.handleWriteRequest(OzoneManagerRequestHandler.java:304)
	at org.apache.hadoop.ozone.protocolPB.OzoneManagerProtocolServerSideTranslatorPB.submitRequestDirectlyToOM(OzoneManagerProtocolServerSideTranslatorPB.java:282)
	at org.apache.hadoop.ozone.protocolPB.OzoneManagerProtocolServerSideTranslatorPB.processRequest(OzoneManagerProtocolServerSideTranslatorPB.java:205)
	at org.apache.hadoop.hdds.server.OzoneProtocolMessageDispatcher.processRequest(OzoneProtocolMessageDispatcher.java:87)
	at org.apache.hadoop.ozone.protocolPB.OzoneManagerProtocolServerSideTranslatorPB.submitRequest(OzoneManagerProtocolServerSideTranslatorPB.java:147)
	at org.apache.hadoop.ozone.protocol.proto.OzoneManagerProtocolProtos$OzoneManagerService$2.callBlockingMethod(OzoneManagerProtocolProtos.java)
	at org.apache.hadoop.ipc.ProtobufRpcEngine$Server.processCall(ProtobufRpcEngine.java:466)
	at org.apache.hadoop.ipc.ProtobufRpcEngine2$Server$ProtoBufRpcInvoker.call(ProtobufRpcEngine2.java:574)
	at org.apache.hadoop.ipc.ProtobufRpcEngine2$Server$ProtoBufRpcInvoker.call(ProtobufRpcEngine2.java:552)
	at org.apache.hadoop.ipc.RPC$Server.call(RPC.java:1093)
	at org.apache.hadoop.ipc.Server$RpcCall.run(Server.java:1035)
	at org.apache.hadoop.ipc.Server$RpcCall.run(Server.java:963)
	at java.security.AccessController.doPrivileged(Native Method)
	at javax.security.auth.Subject.doAs(Subject.java:422)
	at org.apache.hadoop.security.UserGroupInformation.doAs(UserGroupInformation.java:1878)
	at org.apache.hadoop.ipc.Server$Handler.run(Server.java:2966)
13:09:36.270 [IPC Server handler 10 on default port 34869] ERROR OMAudit - user=runner | ip=127.0.0.1 | op=GET_FILE_STATUS {volume=volume25253, bucket=bucket90791, key=d1/d2/d3/d4/key3/invalid, dataSize=0, replicationConfig=null} | ret=FAILURE
org.apache.hadoop.ozone.om.exceptions.OMException: Unable to get file status: volume: volume25253 bucket: bucket90791 key: d1/d2/d3/d4/key3/invalid
	at org.apache.hadoop.ozone.om.KeyManagerImpl.getOzoneFileStatus(KeyManagerImpl.java:1270) ~[ozone-manager-1.3.0-SNAPSHOT.jar:?]
	at org.apache.hadoop.ozone.om.KeyManagerImpl.getFileStatus(KeyManagerImpl.java:1200) ~[ozone-manager-1.3.0-SNAPSHOT.jar:?]
	at org.apache.hadoop.ozone.om.OzoneManager.getFileStatus(OzoneManager.java:3507) ~[ozone-manager-1.3.0-SNAPSHOT.jar:?]
	at org.apache.hadoop.ozone.protocolPB.OzoneManagerRequestHandler.getOzoneFileStatus(OzoneManagerRequestHandler.java:882) ~[ozone-manager-1.3.0-SNAPSHOT.jar:?]
	at org.apache.hadoop.ozone.protocolPB.OzoneManagerRequestHandler.handleReadRequest(OzoneManagerRequestHandler.java:228) ~[ozone-manager-1.3.0-SNAPSHOT.jar:?]
	at org.apache.hadoop.ozone.protocolPB.OzoneManagerProtocolServerSideTranslatorPB.submitRequestDirectlyToOM(OzoneManagerProtocolServerSideTranslatorPB.java:276) ~[ozone-manager-1.3.0-SNAPSHOT.jar:?]
	at org.apache.hadoop.ozone.protocolPB.OzoneManagerProtocolServerSideTranslatorPB.processRequest(OzoneManagerProtocolServerSideTranslatorPB.java:205) ~[ozone-manager-1.3.0-SNAPSHOT.jar:?]
	at org.apache.hadoop.hdds.server.OzoneProtocolMessageDispatcher.processRequest(OzoneProtocolMessageDispatcher.java:87) [hdds-server-framework-1.3.0-SNAPSHOT.jar:?]
	at org.apache.hadoop.ozone.protocolPB.OzoneManagerProtocolServerSideTranslatorPB.submitRequest(OzoneManagerProtocolServerSideTranslatorPB.java:147) [ozone-manager-1.3.0-SNAPSHOT.jar:?]
	at org.apache.hadoop.ozone.protocol.proto.OzoneManagerProtocolProtos$OzoneManagerService$2.callBlockingMethod(OzoneManagerProtocolProtos.java) [ozone-interface-client-1.3.0-SNAPSHOT.jar:?]
	at org.apache.hadoop.ipc.ProtobufRpcEngine$Server.processCall(ProtobufRpcEngine.java:466) [hadoop-common-3.3.1.jar:?]
	at org.apache.hadoop.ipc.ProtobufRpcEngine2$Server$ProtoBufRpcInvoker.call(ProtobufRpcEngine2.java:574) [hadoop-common-3.3.1.jar:?]
	at org.apache.hadoop.ipc.ProtobufRpcEngine2$Server$ProtoBufRpcInvoker.call(ProtobufRpcEngine2.java:552) [hadoop-common-3.3.1.jar:?]
	at org.apache.hadoop.ipc.RPC$Server.call(RPC.java:1093) [hadoop-common-3.3.1.jar:?]
	at org.apache.hadoop.ipc.Server$RpcCall.run(Server.java:1035) [hadoop-common-3.3.1.jar:?]
	at org.apache.hadoop.ipc.Server$RpcCall.run(Server.java:963) [hadoop-common-3.3.1.jar:?]
	at java.security.AccessController.doPrivileged(Native Method) ~[?:1.8.0_345]
	at javax.security.auth.Subject.doAs(Subject.java:422) [?:1.8.0_345]
	at org.apache.hadoop.security.UserGroupInformation.doAs(UserGroupInformation.java:1878) [hadoop-common-3.3.1.jar:?]
	at org.apache.hadoop.ipc.Server$Handler.run(Server.java:2966) [hadoop-common-3.3.1.jar:?]
2022-10-09 13:09:36,271 [Time-limited test] WARN  ozone.BasicOzoneFileSystem (BasicOzoneFileSystem.java:getFileStatus(765)) - GetFileStatus failed for path /d1/d2/d3/d4/key3/invalid
java.io.FileNotFoundException: d1/d2/d3/d4/key3/invalid: No such file or directory!
	at org.apache.hadoop.fs.ozone.BasicOzoneClientAdapterImpl.getFileStatus(BasicOzoneClientAdapterImpl.java:369)
	at org.apache.hadoop.fs.ozone.BasicOzoneFileSystem.getFileStatus(BasicOzoneFileSystem.java:757)
	at org.apache.hadoop.fs.ozone.TestOzoneFileSystem.testCreateFileShouldCheckExistenceOfDirWithSameName(TestOzoneFileSystem.java:301)
	at sun.reflect.NativeMethodAccessorImpl.invoke0(Native Method)
	at sun.reflect.NativeMethodAccessorImpl.invoke(NativeMethodAccessorImpl.java:62)
	at sun.reflect.DelegatingMethodAccessorImpl.invoke(DelegatingMethodAccessorImpl.java:43)
	at java.lang.reflect.Method.invoke(Method.java:498)
	at org.junit.runners.model.FrameworkMethod$1.runReflectiveCall(FrameworkMethod.java:59)
	at org.junit.internal.runners.model.ReflectiveCallable.run(ReflectiveCallable.java:12)
	at org.junit.runners.model.FrameworkMethod.invokeExplosively(FrameworkMethod.java:56)
	at org.junit.internal.runners.statements.InvokeMethod.evaluate(InvokeMethod.java:17)
	at org.junit.internal.runners.statements.RunAfters.evaluate(RunAfters.java:27)
	at org.junit.internal.runners.statements.FailOnTimeout$CallableStatement.call(FailOnTimeout.java:288)
	at org.junit.internal.runners.statements.FailOnTimeout$CallableStatement.call(FailOnTimeout.java:282)
	at java.util.concurrent.FutureTask.run(FutureTask.java:266)
	at java.lang.Thread.run(Thread.java:750)
13:09:36.271 [IPC Server handler 7 on default port 34869] ERROR OMAudit - user=runner | ip=127.0.0.1 | op=GET_FILE_STATUS {volume=volume25253, bucket=bucket90791, key=d1/d2/d3/d4/invalidkey, dataSize=0, replicationConfig=null} | ret=FAILURE
org.apache.hadoop.ozone.om.exceptions.OMException: Unable to get file status: volume: volume25253 bucket: bucket90791 key: d1/d2/d3/d4/invalidkey
	at org.apache.hadoop.ozone.om.KeyManagerImpl.getOzoneFileStatus(KeyManagerImpl.java:1270) ~[ozone-manager-1.3.0-SNAPSHOT.jar:?]
	at org.apache.hadoop.ozone.om.KeyManagerImpl.getFileStatus(KeyManagerImpl.java:1200) ~[ozone-manager-1.3.0-SNAPSHOT.jar:?]
	at org.apache.hadoop.ozone.om.OzoneManager.getFileStatus(OzoneManager.java:3507) ~[ozone-manager-1.3.0-SNAPSHOT.jar:?]
	at org.apache.hadoop.ozone.protocolPB.OzoneManagerRequestHandler.getOzoneFileStatus(OzoneManagerRequestHandler.java:882) ~[ozone-manager-1.3.0-SNAPSHOT.jar:?]
	at org.apache.hadoop.ozone.protocolPB.OzoneManagerRequestHandler.handleReadRequest(OzoneManagerRequestHandler.java:228) ~[ozone-manager-1.3.0-SNAPSHOT.jar:?]
	at org.apache.hadoop.ozone.protocolPB.OzoneManagerProtocolServerSideTranslatorPB.submitRequestDirectlyToOM(OzoneManagerProtocolServerSideTranslatorPB.java:276) ~[ozone-manager-1.3.0-SNAPSHOT.jar:?]
	at org.apache.hadoop.ozone.protocolPB.OzoneManagerProtocolServerSideTranslatorPB.processRequest(OzoneManagerProtocolServerSideTranslatorPB.java:205) ~[ozone-manager-1.3.0-SNAPSHOT.jar:?]
	at org.apache.hadoop.hdds.server.OzoneProtocolMessageDispatcher.processRequest(OzoneProtocolMessageDispatcher.java:87) [hdds-server-framework-1.3.0-SNAPSHOT.jar:?]
	at org.apache.hadoop.ozone.protocolPB.OzoneManagerProtocolServerSideTranslatorPB.submitRequest(OzoneManagerProtocolServerSideTranslatorPB.java:147) [ozone-manager-1.3.0-SNAPSHOT.jar:?]
	at org.apache.hadoop.ozone.protocol.proto.OzoneManagerProtocolProtos$OzoneManagerService$2.callBlockingMethod(OzoneManagerProtocolProtos.java) [ozone-interface-client-1.3.0-SNAPSHOT.jar:?]
	at org.apache.hadoop.ipc.ProtobufRpcEngine$Server.processCall(ProtobufRpcEngine.java:466) [hadoop-common-3.3.1.jar:?]
	at org.apache.hadoop.ipc.ProtobufRpcEngine2$Server$ProtoBufRpcInvoker.call(ProtobufRpcEngine2.java:574) [hadoop-common-3.3.1.jar:?]
	at org.apache.hadoop.ipc.ProtobufRpcEngine2$Server$ProtoBufRpcInvoker.call(ProtobufRpcEngine2.java:552) [hadoop-common-3.3.1.jar:?]
	at org.apache.hadoop.ipc.RPC$Server.call(RPC.java:1093) [hadoop-common-3.3.1.jar:?]
	at org.apache.hadoop.ipc.Server$RpcCall.run(Server.java:1035) [hadoop-common-3.3.1.jar:?]
	at org.apache.hadoop.ipc.Server$RpcCall.run(Server.java:963) [hadoop-common-3.3.1.jar:?]
	at java.security.AccessController.doPrivileged(Native Method) ~[?:1.8.0_345]
	at javax.security.auth.Subject.doAs(Subject.java:422) [?:1.8.0_345]
	at org.apache.hadoop.security.UserGroupInformation.doAs(UserGroupInformation.java:1878) [hadoop-common-3.3.1.jar:?]
	at org.apache.hadoop.ipc.Server$Handler.run(Server.java:2966) [hadoop-common-3.3.1.jar:?]
2022-10-09 13:09:36,272 [Time-limited test] WARN  ozone.BasicOzoneFileSystem (BasicOzoneFileSystem.java:getFileStatus(765)) - GetFileStatus failed for path /d1/d2/d3/d4/invalidkey
java.io.FileNotFoundException: d1/d2/d3/d4/invalidkey: No such file or directory!
	at org.apache.hadoop.fs.ozone.BasicOzoneClientAdapterImpl.getFileStatus(BasicOzoneClientAdapterImpl.java:369)
	at org.apache.hadoop.fs.ozone.BasicOzoneFileSystem.getFileStatus(BasicOzoneFileSystem.java:757)
	at org.apache.hadoop.fs.ozone.TestOzoneFileSystem.testCreateFileShouldCheckExistenceOfDirWithSameName(TestOzoneFileSystem.java:308)
	at sun.reflect.NativeMethodAccessorImpl.invoke0(Native Method)
	at sun.reflect.NativeMethodAccessorImpl.invoke(NativeMethodAccessorImpl.java:62)
	at sun.reflect.DelegatingMethodAccessorImpl.invoke(DelegatingMethodAccessorImpl.java:43)
	at java.lang.reflect.Method.invoke(Method.java:498)
	at org.junit.runners.model.FrameworkMethod$1.runReflectiveCall(FrameworkMethod.java:59)
	at org.junit.internal.runners.model.ReflectiveCallable.run(ReflectiveCallable.java:12)
	at org.junit.runners.model.FrameworkMethod.invokeExplosively(FrameworkMethod.java:56)
	at org.junit.internal.runners.statements.InvokeMethod.evaluate(InvokeMethod.java:17)
	at org.junit.internal.runners.statements.RunAfters.evaluate(RunAfters.java:27)
	at org.junit.internal.runners.statements.FailOnTimeout$CallableStatement.call(FailOnTimeout.java:288)
	at org.junit.internal.runners.statements.FailOnTimeout$CallableStatement.call(FailOnTimeout.java:282)
	at java.util.concurrent.FutureTask.run(FutureTask.java:266)
	at java.lang.Thread.run(Thread.java:750)
]]></system-out>
  </testcase>
  <testcase name="testFileDelete" classname="TestOzoneFileSystem" time="0.17">
    <system-out><![CDATA[13:04:22.041 [IPC Server handler 9 on default port 37457] ERROR OMAudit - user=runner | ip=127.0.0.1 | op=GET_FILE_STATUS {volume=volume94578, bucket=bucket60014, key=testBatchDelete, dataSize=0, replicationConfig=null} | ret=FAILURE
org.apache.hadoop.ozone.om.exceptions.OMException: Unable to get file status: volume: volume94578 bucket: bucket60014 key: testBatchDelete
	at org.apache.hadoop.ozone.om.KeyManagerImpl.getOzoneFileStatus(KeyManagerImpl.java:1270) ~[ozone-manager-1.3.0-SNAPSHOT.jar:?]
	at org.apache.hadoop.ozone.om.KeyManagerImpl.getFileStatus(KeyManagerImpl.java:1200) ~[ozone-manager-1.3.0-SNAPSHOT.jar:?]
	at org.apache.hadoop.ozone.om.OzoneManager.getFileStatus(OzoneManager.java:3507) ~[ozone-manager-1.3.0-SNAPSHOT.jar:?]
	at org.apache.hadoop.ozone.protocolPB.OzoneManagerRequestHandler.getOzoneFileStatus(OzoneManagerRequestHandler.java:882) ~[ozone-manager-1.3.0-SNAPSHOT.jar:?]
	at org.apache.hadoop.ozone.protocolPB.OzoneManagerRequestHandler.handleReadRequest(OzoneManagerRequestHandler.java:228) ~[ozone-manager-1.3.0-SNAPSHOT.jar:?]
	at org.apache.hadoop.ozone.protocolPB.OzoneManagerProtocolServerSideTranslatorPB.submitReadRequestToOM(OzoneManagerProtocolServerSideTranslatorPB.java:226) ~[ozone-manager-1.3.0-SNAPSHOT.jar:?]
	at org.apache.hadoop.ozone.protocolPB.OzoneManagerProtocolServerSideTranslatorPB.processRequest(OzoneManagerProtocolServerSideTranslatorPB.java:175) ~[ozone-manager-1.3.0-SNAPSHOT.jar:?]
	at org.apache.hadoop.hdds.server.OzoneProtocolMessageDispatcher.processRequest(OzoneProtocolMessageDispatcher.java:87) [hdds-server-framework-1.3.0-SNAPSHOT.jar:?]
	at org.apache.hadoop.ozone.protocolPB.OzoneManagerProtocolServerSideTranslatorPB.submitRequest(OzoneManagerProtocolServerSideTranslatorPB.java:147) [ozone-manager-1.3.0-SNAPSHOT.jar:?]
	at org.apache.hadoop.ozone.protocol.proto.OzoneManagerProtocolProtos$OzoneManagerService$2.callBlockingMethod(OzoneManagerProtocolProtos.java) [ozone-interface-client-1.3.0-SNAPSHOT.jar:?]
	at org.apache.hadoop.ipc.ProtobufRpcEngine$Server.processCall(ProtobufRpcEngine.java:466) [hadoop-common-3.3.1.jar:?]
	at org.apache.hadoop.ipc.ProtobufRpcEngine2$Server$ProtoBufRpcInvoker.call(ProtobufRpcEngine2.java:574) [hadoop-common-3.3.1.jar:?]
	at org.apache.hadoop.ipc.ProtobufRpcEngine2$Server$ProtoBufRpcInvoker.call(ProtobufRpcEngine2.java:552) [hadoop-common-3.3.1.jar:?]
	at org.apache.hadoop.ipc.RPC$Server.call(RPC.java:1093) [hadoop-common-3.3.1.jar:?]
	at org.apache.hadoop.ipc.Server$RpcCall.run(Server.java:1035) [hadoop-common-3.3.1.jar:?]
	at org.apache.hadoop.ipc.Server$RpcCall.run(Server.java:963) [hadoop-common-3.3.1.jar:?]
	at java.security.AccessController.doPrivileged(Native Method) ~[?:1.8.0_345]
	at javax.security.auth.Subject.doAs(Subject.java:422) [?:1.8.0_345]
	at org.apache.hadoop.security.UserGroupInformation.doAs(UserGroupInformation.java:1878) [hadoop-common-3.3.1.jar:?]
	at org.apache.hadoop.ipc.Server$Handler.run(Server.java:2966) [hadoop-common-3.3.1.jar:?]
2022-10-09 13:04:22,042 [Time-limited test] WARN  ozone.BasicOzoneFileSystem (BasicOzoneFileSystem.java:getFileStatus(765)) - GetFileStatus failed for path /testBatchDelete
java.io.FileNotFoundException: testBatchDelete: No such file or directory!
	at org.apache.hadoop.fs.ozone.BasicOzoneClientAdapterImpl.getFileStatus(BasicOzoneClientAdapterImpl.java:369)
	at org.apache.hadoop.fs.ozone.BasicOzoneFileSystem.getFileStatus(BasicOzoneFileSystem.java:757)
	at org.apache.hadoop.fs.FileSystem.exists(FileSystem.java:1760)
	at org.apache.hadoop.fs.ozone.BasicOzoneFileSystem.exists(BasicOzoneFileSystem.java:804)
	at org.apache.hadoop.fs.ozone.TestOzoneFileSystem.testFileDelete(TestOzoneFileSystem.java:530)
	at sun.reflect.NativeMethodAccessorImpl.invoke0(Native Method)
	at sun.reflect.NativeMethodAccessorImpl.invoke(NativeMethodAccessorImpl.java:62)
	at sun.reflect.DelegatingMethodAccessorImpl.invoke(DelegatingMethodAccessorImpl.java:43)
	at java.lang.reflect.Method.invoke(Method.java:498)
	at org.junit.runners.model.FrameworkMethod$1.runReflectiveCall(FrameworkMethod.java:59)
	at org.junit.internal.runners.model.ReflectiveCallable.run(ReflectiveCallable.java:12)
	at org.junit.runners.model.FrameworkMethod.invokeExplosively(FrameworkMethod.java:56)
	at org.junit.internal.runners.statements.InvokeMethod.evaluate(InvokeMethod.java:17)
	at org.junit.internal.runners.statements.RunAfters.evaluate(RunAfters.java:27)
	at org.junit.internal.runners.statements.FailOnTimeout$CallableStatement.call(FailOnTimeout.java:288)
	at org.junit.internal.runners.statements.FailOnTimeout$CallableStatement.call(FailOnTimeout.java:282)
	at java.util.concurrent.FutureTask.run(FutureTask.java:266)
	at java.lang.Thread.run(Thread.java:750)
13:04:22.043 [IPC Server handler 10 on default port 37457] ERROR OMAudit - user=runner | ip=127.0.0.1 | op=GET_FILE_STATUS {volume=volume94578, bucket=bucket60014, key=testBatchDelete/parent/child0, dataSize=0, replicationConfig=null} | ret=FAILURE
org.apache.hadoop.ozone.om.exceptions.OMException: Unable to get file status: volume: volume94578 bucket: bucket60014 key: testBatchDelete/parent/child0
	at org.apache.hadoop.ozone.om.KeyManagerImpl.getOzoneFileStatus(KeyManagerImpl.java:1270) ~[ozone-manager-1.3.0-SNAPSHOT.jar:?]
	at org.apache.hadoop.ozone.om.KeyManagerImpl.getFileStatus(KeyManagerImpl.java:1200) ~[ozone-manager-1.3.0-SNAPSHOT.jar:?]
	at org.apache.hadoop.ozone.om.OzoneManager.getFileStatus(OzoneManager.java:3507) ~[ozone-manager-1.3.0-SNAPSHOT.jar:?]
	at org.apache.hadoop.ozone.protocolPB.OzoneManagerRequestHandler.getOzoneFileStatus(OzoneManagerRequestHandler.java:882) ~[ozone-manager-1.3.0-SNAPSHOT.jar:?]
	at org.apache.hadoop.ozone.protocolPB.OzoneManagerRequestHandler.handleReadRequest(OzoneManagerRequestHandler.java:228) ~[ozone-manager-1.3.0-SNAPSHOT.jar:?]
	at org.apache.hadoop.ozone.protocolPB.OzoneManagerProtocolServerSideTranslatorPB.submitReadRequestToOM(OzoneManagerProtocolServerSideTranslatorPB.java:226) ~[ozone-manager-1.3.0-SNAPSHOT.jar:?]
	at org.apache.hadoop.ozone.protocolPB.OzoneManagerProtocolServerSideTranslatorPB.processRequest(OzoneManagerProtocolServerSideTranslatorPB.java:175) ~[ozone-manager-1.3.0-SNAPSHOT.jar:?]
	at org.apache.hadoop.hdds.server.OzoneProtocolMessageDispatcher.processRequest(OzoneProtocolMessageDispatcher.java:87) [hdds-server-framework-1.3.0-SNAPSHOT.jar:?]
	at org.apache.hadoop.ozone.protocolPB.OzoneManagerProtocolServerSideTranslatorPB.submitRequest(OzoneManagerProtocolServerSideTranslatorPB.java:147) [ozone-manager-1.3.0-SNAPSHOT.jar:?]
	at org.apache.hadoop.ozone.protocol.proto.OzoneManagerProtocolProtos$OzoneManagerService$2.callBlockingMethod(OzoneManagerProtocolProtos.java) [ozone-interface-client-1.3.0-SNAPSHOT.jar:?]
	at org.apache.hadoop.ipc.ProtobufRpcEngine$Server.processCall(ProtobufRpcEngine.java:466) [hadoop-common-3.3.1.jar:?]
	at org.apache.hadoop.ipc.ProtobufRpcEngine2$Server$ProtoBufRpcInvoker.call(ProtobufRpcEngine2.java:574) [hadoop-common-3.3.1.jar:?]
	at org.apache.hadoop.ipc.ProtobufRpcEngine2$Server$ProtoBufRpcInvoker.call(ProtobufRpcEngine2.java:552) [hadoop-common-3.3.1.jar:?]
	at org.apache.hadoop.ipc.RPC$Server.call(RPC.java:1093) [hadoop-common-3.3.1.jar:?]
	at org.apache.hadoop.ipc.Server$RpcCall.run(Server.java:1035) [hadoop-common-3.3.1.jar:?]
	at org.apache.hadoop.ipc.Server$RpcCall.run(Server.java:963) [hadoop-common-3.3.1.jar:?]
	at java.security.AccessController.doPrivileged(Native Method) ~[?:1.8.0_345]
	at javax.security.auth.Subject.doAs(Subject.java:422) [?:1.8.0_345]
	at org.apache.hadoop.security.UserGroupInformation.doAs(UserGroupInformation.java:1878) [hadoop-common-3.3.1.jar:?]
	at org.apache.hadoop.ipc.Server$Handler.run(Server.java:2966) [hadoop-common-3.3.1.jar:?]
2022-10-09 13:04:22,043 [Time-limited test] WARN  ozone.BasicOzoneFileSystem (BasicOzoneFileSystem.java:getFileStatus(765)) - GetFileStatus failed for path /testBatchDelete/parent/child0
java.io.FileNotFoundException: testBatchDelete/parent/child0: No such file or directory!
	at org.apache.hadoop.fs.ozone.BasicOzoneClientAdapterImpl.getFileStatus(BasicOzoneClientAdapterImpl.java:369)
	at org.apache.hadoop.fs.ozone.BasicOzoneFileSystem.getFileStatus(BasicOzoneFileSystem.java:757)
	at org.apache.hadoop.fs.FileSystem.exists(FileSystem.java:1760)
	at org.apache.hadoop.fs.ozone.BasicOzoneFileSystem.exists(BasicOzoneFileSystem.java:804)
	at org.apache.hadoop.fs.ozone.TestOzoneFileSystem.testFileDelete(TestOzoneFileSystem.java:534)
	at sun.reflect.NativeMethodAccessorImpl.invoke0(Native Method)
	at sun.reflect.NativeMethodAccessorImpl.invoke(NativeMethodAccessorImpl.java:62)
	at sun.reflect.DelegatingMethodAccessorImpl.invoke(DelegatingMethodAccessorImpl.java:43)
	at java.lang.reflect.Method.invoke(Method.java:498)
	at org.junit.runners.model.FrameworkMethod$1.runReflectiveCall(FrameworkMethod.java:59)
	at org.junit.internal.runners.model.ReflectiveCallable.run(ReflectiveCallable.java:12)
	at org.junit.runners.model.FrameworkMethod.invokeExplosively(FrameworkMethod.java:56)
	at org.junit.internal.runners.statements.InvokeMethod.evaluate(InvokeMethod.java:17)
	at org.junit.internal.runners.statements.RunAfters.evaluate(RunAfters.java:27)
	at org.junit.internal.runners.statements.FailOnTimeout$CallableStatement.call(FailOnTimeout.java:288)
	at org.junit.internal.runners.statements.FailOnTimeout$CallableStatement.call(FailOnTimeout.java:282)
	at java.util.concurrent.FutureTask.run(FutureTask.java:266)
	at java.lang.Thread.run(Thread.java:750)
13:04:22.044 [IPC Server handler 12 on default port 37457] ERROR OMAudit - user=runner | ip=127.0.0.1 | op=GET_FILE_STATUS {volume=volume94578, bucket=bucket60014, key=testBatchDelete/parent/childFolder/child0, dataSize=0, replicationConfig=null} | ret=FAILURE
org.apache.hadoop.ozone.om.exceptions.OMException: Unable to get file status: volume: volume94578 bucket: bucket60014 key: testBatchDelete/parent/childFolder/child0
	at org.apache.hadoop.ozone.om.KeyManagerImpl.getOzoneFileStatus(KeyManagerImpl.java:1270) ~[ozone-manager-1.3.0-SNAPSHOT.jar:?]
	at org.apache.hadoop.ozone.om.KeyManagerImpl.getFileStatus(KeyManagerImpl.java:1200) ~[ozone-manager-1.3.0-SNAPSHOT.jar:?]
	at org.apache.hadoop.ozone.om.OzoneManager.getFileStatus(OzoneManager.java:3507) ~[ozone-manager-1.3.0-SNAPSHOT.jar:?]
	at org.apache.hadoop.ozone.protocolPB.OzoneManagerRequestHandler.getOzoneFileStatus(OzoneManagerRequestHandler.java:882) ~[ozone-manager-1.3.0-SNAPSHOT.jar:?]
	at org.apache.hadoop.ozone.protocolPB.OzoneManagerRequestHandler.handleReadRequest(OzoneManagerRequestHandler.java:228) ~[ozone-manager-1.3.0-SNAPSHOT.jar:?]
	at org.apache.hadoop.ozone.protocolPB.OzoneManagerProtocolServerSideTranslatorPB.submitReadRequestToOM(OzoneManagerProtocolServerSideTranslatorPB.java:226) ~[ozone-manager-1.3.0-SNAPSHOT.jar:?]
	at org.apache.hadoop.ozone.protocolPB.OzoneManagerProtocolServerSideTranslatorPB.processRequest(OzoneManagerProtocolServerSideTranslatorPB.java:175) ~[ozone-manager-1.3.0-SNAPSHOT.jar:?]
	at org.apache.hadoop.hdds.server.OzoneProtocolMessageDispatcher.processRequest(OzoneProtocolMessageDispatcher.java:87) [hdds-server-framework-1.3.0-SNAPSHOT.jar:?]
	at org.apache.hadoop.ozone.protocolPB.OzoneManagerProtocolServerSideTranslatorPB.submitRequest(OzoneManagerProtocolServerSideTranslatorPB.java:147) [ozone-manager-1.3.0-SNAPSHOT.jar:?]
	at org.apache.hadoop.ozone.protocol.proto.OzoneManagerProtocolProtos$OzoneManagerService$2.callBlockingMethod(OzoneManagerProtocolProtos.java) [ozone-interface-client-1.3.0-SNAPSHOT.jar:?]
	at org.apache.hadoop.ipc.ProtobufRpcEngine$Server.processCall(ProtobufRpcEngine.java:466) [hadoop-common-3.3.1.jar:?]
	at org.apache.hadoop.ipc.ProtobufRpcEngine2$Server$ProtoBufRpcInvoker.call(ProtobufRpcEngine2.java:574) [hadoop-common-3.3.1.jar:?]
	at org.apache.hadoop.ipc.ProtobufRpcEngine2$Server$ProtoBufRpcInvoker.call(ProtobufRpcEngine2.java:552) [hadoop-common-3.3.1.jar:?]
	at org.apache.hadoop.ipc.RPC$Server.call(RPC.java:1093) [hadoop-common-3.3.1.jar:?]
	at org.apache.hadoop.ipc.Server$RpcCall.run(Server.java:1035) [hadoop-common-3.3.1.jar:?]
	at org.apache.hadoop.ipc.Server$RpcCall.run(Server.java:963) [hadoop-common-3.3.1.jar:?]
	at java.security.AccessController.doPrivileged(Native Method) ~[?:1.8.0_345]
	at javax.security.auth.Subject.doAs(Subject.java:422) [?:1.8.0_345]
	at org.apache.hadoop.security.UserGroupInformation.doAs(UserGroupInformation.java:1878) [hadoop-common-3.3.1.jar:?]
	at org.apache.hadoop.ipc.Server$Handler.run(Server.java:2966) [hadoop-common-3.3.1.jar:?]
2022-10-09 13:04:22,044 [Time-limited test] WARN  ozone.BasicOzoneFileSystem (BasicOzoneFileSystem.java:getFileStatus(765)) - GetFileStatus failed for path /testBatchDelete/parent/childFolder/child0
java.io.FileNotFoundException: testBatchDelete/parent/childFolder/child0: No such file or directory!
	at org.apache.hadoop.fs.ozone.BasicOzoneClientAdapterImpl.getFileStatus(BasicOzoneClientAdapterImpl.java:369)
	at org.apache.hadoop.fs.ozone.BasicOzoneFileSystem.getFileStatus(BasicOzoneFileSystem.java:757)
	at org.apache.hadoop.fs.FileSystem.exists(FileSystem.java:1760)
	at org.apache.hadoop.fs.ozone.BasicOzoneFileSystem.exists(BasicOzoneFileSystem.java:804)
	at org.apache.hadoop.fs.ozone.TestOzoneFileSystem.testFileDelete(TestOzoneFileSystem.java:539)
	at sun.reflect.NativeMethodAccessorImpl.invoke0(Native Method)
	at sun.reflect.NativeMethodAccessorImpl.invoke(NativeMethodAccessorImpl.java:62)
	at sun.reflect.DelegatingMethodAccessorImpl.invoke(DelegatingMethodAccessorImpl.java:43)
	at java.lang.reflect.Method.invoke(Method.java:498)
	at org.junit.runners.model.FrameworkMethod$1.runReflectiveCall(FrameworkMethod.java:59)
	at org.junit.internal.runners.model.ReflectiveCallable.run(ReflectiveCallable.java:12)
	at org.junit.runners.model.FrameworkMethod.invokeExplosively(FrameworkMethod.java:56)
	at org.junit.internal.runners.statements.InvokeMethod.evaluate(InvokeMethod.java:17)
	at org.junit.internal.runners.statements.RunAfters.evaluate(RunAfters.java:27)
	at org.junit.internal.runners.statements.FailOnTimeout$CallableStatement.call(FailOnTimeout.java:288)
	at org.junit.internal.runners.statements.FailOnTimeout$CallableStatement.call(FailOnTimeout.java:282)
	at java.util.concurrent.FutureTask.run(FutureTask.java:266)
	at java.lang.Thread.run(Thread.java:750)
13:04:22.045 [IPC Server handler 14 on default port 37457] ERROR OMAudit - user=runner | ip=127.0.0.1 | op=GET_FILE_STATUS {volume=volume94578, bucket=bucket60014, key=testBatchDelete/parent/child1, dataSize=0, replicationConfig=null} | ret=FAILURE
org.apache.hadoop.ozone.om.exceptions.OMException: Unable to get file status: volume: volume94578 bucket: bucket60014 key: testBatchDelete/parent/child1
	at org.apache.hadoop.ozone.om.KeyManagerImpl.getOzoneFileStatus(KeyManagerImpl.java:1270) ~[ozone-manager-1.3.0-SNAPSHOT.jar:?]
	at org.apache.hadoop.ozone.om.KeyManagerImpl.getFileStatus(KeyManagerImpl.java:1200) ~[ozone-manager-1.3.0-SNAPSHOT.jar:?]
	at org.apache.hadoop.ozone.om.OzoneManager.getFileStatus(OzoneManager.java:3507) ~[ozone-manager-1.3.0-SNAPSHOT.jar:?]
	at org.apache.hadoop.ozone.protocolPB.OzoneManagerRequestHandler.getOzoneFileStatus(OzoneManagerRequestHandler.java:882) ~[ozone-manager-1.3.0-SNAPSHOT.jar:?]
	at org.apache.hadoop.ozone.protocolPB.OzoneManagerRequestHandler.handleReadRequest(OzoneManagerRequestHandler.java:228) ~[ozone-manager-1.3.0-SNAPSHOT.jar:?]
	at org.apache.hadoop.ozone.protocolPB.OzoneManagerProtocolServerSideTranslatorPB.submitReadRequestToOM(OzoneManagerProtocolServerSideTranslatorPB.java:226) ~[ozone-manager-1.3.0-SNAPSHOT.jar:?]
	at org.apache.hadoop.ozone.protocolPB.OzoneManagerProtocolServerSideTranslatorPB.processRequest(OzoneManagerProtocolServerSideTranslatorPB.java:175) ~[ozone-manager-1.3.0-SNAPSHOT.jar:?]
	at org.apache.hadoop.hdds.server.OzoneProtocolMessageDispatcher.processRequest(OzoneProtocolMessageDispatcher.java:87) [hdds-server-framework-1.3.0-SNAPSHOT.jar:?]
	at org.apache.hadoop.ozone.protocolPB.OzoneManagerProtocolServerSideTranslatorPB.submitRequest(OzoneManagerProtocolServerSideTranslatorPB.java:147) [ozone-manager-1.3.0-SNAPSHOT.jar:?]
	at org.apache.hadoop.ozone.protocol.proto.OzoneManagerProtocolProtos$OzoneManagerService$2.callBlockingMethod(OzoneManagerProtocolProtos.java) [ozone-interface-client-1.3.0-SNAPSHOT.jar:?]
	at org.apache.hadoop.ipc.ProtobufRpcEngine$Server.processCall(ProtobufRpcEngine.java:466) [hadoop-common-3.3.1.jar:?]
	at org.apache.hadoop.ipc.ProtobufRpcEngine2$Server$ProtoBufRpcInvoker.call(ProtobufRpcEngine2.java:574) [hadoop-common-3.3.1.jar:?]
	at org.apache.hadoop.ipc.ProtobufRpcEngine2$Server$ProtoBufRpcInvoker.call(ProtobufRpcEngine2.java:552) [hadoop-common-3.3.1.jar:?]
	at org.apache.hadoop.ipc.RPC$Server.call(RPC.java:1093) [hadoop-common-3.3.1.jar:?]
	at org.apache.hadoop.ipc.Server$RpcCall.run(Server.java:1035) [hadoop-common-3.3.1.jar:?]
	at org.apache.hadoop.ipc.Server$RpcCall.run(Server.java:963) [hadoop-common-3.3.1.jar:?]
	at java.security.AccessController.doPrivileged(Native Method) ~[?:1.8.0_345]
	at javax.security.auth.Subject.doAs(Subject.java:422) [?:1.8.0_345]
	at org.apache.hadoop.security.UserGroupInformation.doAs(UserGroupInformation.java:1878) [hadoop-common-3.3.1.jar:?]
	at org.apache.hadoop.ipc.Server$Handler.run(Server.java:2966) [hadoop-common-3.3.1.jar:?]
2022-10-09 13:04:22,046 [Time-limited test] WARN  ozone.BasicOzoneFileSystem (BasicOzoneFileSystem.java:getFileStatus(765)) - GetFileStatus failed for path /testBatchDelete/parent/child1
java.io.FileNotFoundException: testBatchDelete/parent/child1: No such file or directory!
	at org.apache.hadoop.fs.ozone.BasicOzoneClientAdapterImpl.getFileStatus(BasicOzoneClientAdapterImpl.java:369)
	at org.apache.hadoop.fs.ozone.BasicOzoneFileSystem.getFileStatus(BasicOzoneFileSystem.java:757)
	at org.apache.hadoop.fs.FileSystem.exists(FileSystem.java:1760)
	at org.apache.hadoop.fs.ozone.BasicOzoneFileSystem.exists(BasicOzoneFileSystem.java:804)
	at org.apache.hadoop.fs.ozone.TestOzoneFileSystem.testFileDelete(TestOzoneFileSystem.java:534)
	at sun.reflect.NativeMethodAccessorImpl.invoke0(Native Method)
	at sun.reflect.NativeMethodAccessorImpl.invoke(NativeMethodAccessorImpl.java:62)
	at sun.reflect.DelegatingMethodAccessorImpl.invoke(DelegatingMethodAccessorImpl.java:43)
	at java.lang.reflect.Method.invoke(Method.java:498)
	at org.junit.runners.model.FrameworkMethod$1.runReflectiveCall(FrameworkMethod.java:59)
	at org.junit.internal.runners.model.ReflectiveCallable.run(ReflectiveCallable.java:12)
	at org.junit.runners.model.FrameworkMethod.invokeExplosively(FrameworkMethod.java:56)
	at org.junit.internal.runners.statements.InvokeMethod.evaluate(InvokeMethod.java:17)
	at org.junit.internal.runners.statements.RunAfters.evaluate(RunAfters.java:27)
	at org.junit.internal.runners.statements.FailOnTimeout$CallableStatement.call(FailOnTimeout.java:288)
	at org.junit.internal.runners.statements.FailOnTimeout$CallableStatement.call(FailOnTimeout.java:282)
	at java.util.concurrent.FutureTask.run(FutureTask.java:266)
	at java.lang.Thread.run(Thread.java:750)
13:04:22.046 [IPC Server handler 11 on default port 37457] ERROR OMAudit - user=runner | ip=127.0.0.1 | op=GET_FILE_STATUS {volume=volume94578, bucket=bucket60014, key=testBatchDelete/parent/childFolder/child1, dataSize=0, replicationConfig=null} | ret=FAILURE
org.apache.hadoop.ozone.om.exceptions.OMException: Unable to get file status: volume: volume94578 bucket: bucket60014 key: testBatchDelete/parent/childFolder/child1
	at org.apache.hadoop.ozone.om.KeyManagerImpl.getOzoneFileStatus(KeyManagerImpl.java:1270) ~[ozone-manager-1.3.0-SNAPSHOT.jar:?]
	at org.apache.hadoop.ozone.om.KeyManagerImpl.getFileStatus(KeyManagerImpl.java:1200) ~[ozone-manager-1.3.0-SNAPSHOT.jar:?]
	at org.apache.hadoop.ozone.om.OzoneManager.getFileStatus(OzoneManager.java:3507) ~[ozone-manager-1.3.0-SNAPSHOT.jar:?]
	at org.apache.hadoop.ozone.protocolPB.OzoneManagerRequestHandler.getOzoneFileStatus(OzoneManagerRequestHandler.java:882) ~[ozone-manager-1.3.0-SNAPSHOT.jar:?]
	at org.apache.hadoop.ozone.protocolPB.OzoneManagerRequestHandler.handleReadRequest(OzoneManagerRequestHandler.java:228) ~[ozone-manager-1.3.0-SNAPSHOT.jar:?]
	at org.apache.hadoop.ozone.protocolPB.OzoneManagerProtocolServerSideTranslatorPB.submitReadRequestToOM(OzoneManagerProtocolServerSideTranslatorPB.java:226) ~[ozone-manager-1.3.0-SNAPSHOT.jar:?]
	at org.apache.hadoop.ozone.protocolPB.OzoneManagerProtocolServerSideTranslatorPB.processRequest(OzoneManagerProtocolServerSideTranslatorPB.java:175) ~[ozone-manager-1.3.0-SNAPSHOT.jar:?]
	at org.apache.hadoop.hdds.server.OzoneProtocolMessageDispatcher.processRequest(OzoneProtocolMessageDispatcher.java:87) [hdds-server-framework-1.3.0-SNAPSHOT.jar:?]
	at org.apache.hadoop.ozone.protocolPB.OzoneManagerProtocolServerSideTranslatorPB.submitRequest(OzoneManagerProtocolServerSideTranslatorPB.java:147) [ozone-manager-1.3.0-SNAPSHOT.jar:?]
	at org.apache.hadoop.ozone.protocol.proto.OzoneManagerProtocolProtos$OzoneManagerService$2.callBlockingMethod(OzoneManagerProtocolProtos.java) [ozone-interface-client-1.3.0-SNAPSHOT.jar:?]
	at org.apache.hadoop.ipc.ProtobufRpcEngine$Server.processCall(ProtobufRpcEngine.java:466) [hadoop-common-3.3.1.jar:?]
	at org.apache.hadoop.ipc.ProtobufRpcEngine2$Server$ProtoBufRpcInvoker.call(ProtobufRpcEngine2.java:574) [hadoop-common-3.3.1.jar:?]
	at org.apache.hadoop.ipc.ProtobufRpcEngine2$Server$ProtoBufRpcInvoker.call(ProtobufRpcEngine2.java:552) [hadoop-common-3.3.1.jar:?]
	at org.apache.hadoop.ipc.RPC$Server.call(RPC.java:1093) [hadoop-common-3.3.1.jar:?]
	at org.apache.hadoop.ipc.Server$RpcCall.run(Server.java:1035) [hadoop-common-3.3.1.jar:?]
	at org.apache.hadoop.ipc.Server$RpcCall.run(Server.java:963) [hadoop-common-3.3.1.jar:?]
	at java.security.AccessController.doPrivileged(Native Method) ~[?:1.8.0_345]
	at javax.security.auth.Subject.doAs(Subject.java:422) [?:1.8.0_345]
	at org.apache.hadoop.security.UserGroupInformation.doAs(UserGroupInformation.java:1878) [hadoop-common-3.3.1.jar:?]
	at org.apache.hadoop.ipc.Server$Handler.run(Server.java:2966) [hadoop-common-3.3.1.jar:?]
2022-10-09 13:04:22,047 [Time-limited test] WARN  ozone.BasicOzoneFileSystem (BasicOzoneFileSystem.java:getFileStatus(765)) - GetFileStatus failed for path /testBatchDelete/parent/childFolder/child1
java.io.FileNotFoundException: testBatchDelete/parent/childFolder/child1: No such file or directory!
	at org.apache.hadoop.fs.ozone.BasicOzoneClientAdapterImpl.getFileStatus(BasicOzoneClientAdapterImpl.java:369)
	at org.apache.hadoop.fs.ozone.BasicOzoneFileSystem.getFileStatus(BasicOzoneFileSystem.java:757)
	at org.apache.hadoop.fs.FileSystem.exists(FileSystem.java:1760)
	at org.apache.hadoop.fs.ozone.BasicOzoneFileSystem.exists(BasicOzoneFileSystem.java:804)
	at org.apache.hadoop.fs.ozone.TestOzoneFileSystem.testFileDelete(TestOzoneFileSystem.java:539)
	at sun.reflect.NativeMethodAccessorImpl.invoke0(Native Method)
	at sun.reflect.NativeMethodAccessorImpl.invoke(NativeMethodAccessorImpl.java:62)
	at sun.reflect.DelegatingMethodAccessorImpl.invoke(DelegatingMethodAccessorImpl.java:43)
	at java.lang.reflect.Method.invoke(Method.java:498)
	at org.junit.runners.model.FrameworkMethod$1.runReflectiveCall(FrameworkMethod.java:59)
	at org.junit.internal.runners.model.ReflectiveCallable.run(ReflectiveCallable.java:12)
	at org.junit.runners.model.FrameworkMethod.invokeExplosively(FrameworkMethod.java:56)
	at org.junit.internal.runners.statements.InvokeMethod.evaluate(InvokeMethod.java:17)
	at org.junit.internal.runners.statements.RunAfters.evaluate(RunAfters.java:27)
	at org.junit.internal.runners.statements.FailOnTimeout$CallableStatement.call(FailOnTimeout.java:288)
	at org.junit.internal.runners.statements.FailOnTimeout$CallableStatement.call(FailOnTimeout.java:282)
	at java.util.concurrent.FutureTask.run(FutureTask.java:266)
	at java.lang.Thread.run(Thread.java:750)
13:04:22.048 [IPC Server handler 18 on default port 37457] ERROR OMAudit - user=runner | ip=127.0.0.1 | op=GET_FILE_STATUS {volume=volume94578, bucket=bucket60014, key=testBatchDelete/parent/child2, dataSize=0, replicationConfig=null} | ret=FAILURE
org.apache.hadoop.ozone.om.exceptions.OMException: Unable to get file status: volume: volume94578 bucket: bucket60014 key: testBatchDelete/parent/child2
	at org.apache.hadoop.ozone.om.KeyManagerImpl.getOzoneFileStatus(KeyManagerImpl.java:1270) ~[ozone-manager-1.3.0-SNAPSHOT.jar:?]
	at org.apache.hadoop.ozone.om.KeyManagerImpl.getFileStatus(KeyManagerImpl.java:1200) ~[ozone-manager-1.3.0-SNAPSHOT.jar:?]
	at org.apache.hadoop.ozone.om.OzoneManager.getFileStatus(OzoneManager.java:3507) ~[ozone-manager-1.3.0-SNAPSHOT.jar:?]
	at org.apache.hadoop.ozone.protocolPB.OzoneManagerRequestHandler.getOzoneFileStatus(OzoneManagerRequestHandler.java:882) ~[ozone-manager-1.3.0-SNAPSHOT.jar:?]
	at org.apache.hadoop.ozone.protocolPB.OzoneManagerRequestHandler.handleReadRequest(OzoneManagerRequestHandler.java:228) ~[ozone-manager-1.3.0-SNAPSHOT.jar:?]
	at org.apache.hadoop.ozone.protocolPB.OzoneManagerProtocolServerSideTranslatorPB.submitReadRequestToOM(OzoneManagerProtocolServerSideTranslatorPB.java:226) ~[ozone-manager-1.3.0-SNAPSHOT.jar:?]
	at org.apache.hadoop.ozone.protocolPB.OzoneManagerProtocolServerSideTranslatorPB.processRequest(OzoneManagerProtocolServerSideTranslatorPB.java:175) ~[ozone-manager-1.3.0-SNAPSHOT.jar:?]
	at org.apache.hadoop.hdds.server.OzoneProtocolMessageDispatcher.processRequest(OzoneProtocolMessageDispatcher.java:87) [hdds-server-framework-1.3.0-SNAPSHOT.jar:?]
	at org.apache.hadoop.ozone.protocolPB.OzoneManagerProtocolServerSideTranslatorPB.submitRequest(OzoneManagerProtocolServerSideTranslatorPB.java:147) [ozone-manager-1.3.0-SNAPSHOT.jar:?]
	at org.apache.hadoop.ozone.protocol.proto.OzoneManagerProtocolProtos$OzoneManagerService$2.callBlockingMethod(OzoneManagerProtocolProtos.java) [ozone-interface-client-1.3.0-SNAPSHOT.jar:?]
	at org.apache.hadoop.ipc.ProtobufRpcEngine$Server.processCall(ProtobufRpcEngine.java:466) [hadoop-common-3.3.1.jar:?]
	at org.apache.hadoop.ipc.ProtobufRpcEngine2$Server$ProtoBufRpcInvoker.call(ProtobufRpcEngine2.java:574) [hadoop-common-3.3.1.jar:?]
	at org.apache.hadoop.ipc.ProtobufRpcEngine2$Server$ProtoBufRpcInvoker.call(ProtobufRpcEngine2.java:552) [hadoop-common-3.3.1.jar:?]
	at org.apache.hadoop.ipc.RPC$Server.call(RPC.java:1093) [hadoop-common-3.3.1.jar:?]
	at org.apache.hadoop.ipc.Server$RpcCall.run(Server.java:1035) [hadoop-common-3.3.1.jar:?]
	at org.apache.hadoop.ipc.Server$RpcCall.run(Server.java:963) [hadoop-common-3.3.1.jar:?]
	at java.security.AccessController.doPrivileged(Native Method) ~[?:1.8.0_345]
	at javax.security.auth.Subject.doAs(Subject.java:422) [?:1.8.0_345]
	at org.apache.hadoop.security.UserGroupInformation.doAs(UserGroupInformation.java:1878) [hadoop-common-3.3.1.jar:?]
	at org.apache.hadoop.ipc.Server$Handler.run(Server.java:2966) [hadoop-common-3.3.1.jar:?]
2022-10-09 13:04:22,048 [Time-limited test] WARN  ozone.BasicOzoneFileSystem (BasicOzoneFileSystem.java:getFileStatus(765)) - GetFileStatus failed for path /testBatchDelete/parent/child2
java.io.FileNotFoundException: testBatchDelete/parent/child2: No such file or directory!
	at org.apache.hadoop.fs.ozone.BasicOzoneClientAdapterImpl.getFileStatus(BasicOzoneClientAdapterImpl.java:369)
	at org.apache.hadoop.fs.ozone.BasicOzoneFileSystem.getFileStatus(BasicOzoneFileSystem.java:757)
	at org.apache.hadoop.fs.FileSystem.exists(FileSystem.java:1760)
	at org.apache.hadoop.fs.ozone.BasicOzoneFileSystem.exists(BasicOzoneFileSystem.java:804)
	at org.apache.hadoop.fs.ozone.TestOzoneFileSystem.testFileDelete(TestOzoneFileSystem.java:534)
	at sun.reflect.NativeMethodAccessorImpl.invoke0(Native Method)
	at sun.reflect.NativeMethodAccessorImpl.invoke(NativeMethodAccessorImpl.java:62)
	at sun.reflect.DelegatingMethodAccessorImpl.invoke(DelegatingMethodAccessorImpl.java:43)
	at java.lang.reflect.Method.invoke(Method.java:498)
	at org.junit.runners.model.FrameworkMethod$1.runReflectiveCall(FrameworkMethod.java:59)
	at org.junit.internal.runners.model.ReflectiveCallable.run(ReflectiveCallable.java:12)
	at org.junit.runners.model.FrameworkMethod.invokeExplosively(FrameworkMethod.java:56)
	at org.junit.internal.runners.statements.InvokeMethod.evaluate(InvokeMethod.java:17)
	at org.junit.internal.runners.statements.RunAfters.evaluate(RunAfters.java:27)
	at org.junit.internal.runners.statements.FailOnTimeout$CallableStatement.call(FailOnTimeout.java:288)
	at org.junit.internal.runners.statements.FailOnTimeout$CallableStatement.call(FailOnTimeout.java:282)
	at java.util.concurrent.FutureTask.run(FutureTask.java:266)
	at java.lang.Thread.run(Thread.java:750)
13:04:22.049 [IPC Server handler 17 on default port 37457] ERROR OMAudit - user=runner | ip=127.0.0.1 | op=GET_FILE_STATUS {volume=volume94578, bucket=bucket60014, key=testBatchDelete/parent/childFolder/child2, dataSize=0, replicationConfig=null} | ret=FAILURE
org.apache.hadoop.ozone.om.exceptions.OMException: Unable to get file status: volume: volume94578 bucket: bucket60014 key: testBatchDelete/parent/childFolder/child2
	at org.apache.hadoop.ozone.om.KeyManagerImpl.getOzoneFileStatus(KeyManagerImpl.java:1270) ~[ozone-manager-1.3.0-SNAPSHOT.jar:?]
	at org.apache.hadoop.ozone.om.KeyManagerImpl.getFileStatus(KeyManagerImpl.java:1200) ~[ozone-manager-1.3.0-SNAPSHOT.jar:?]
	at org.apache.hadoop.ozone.om.OzoneManager.getFileStatus(OzoneManager.java:3507) ~[ozone-manager-1.3.0-SNAPSHOT.jar:?]
	at org.apache.hadoop.ozone.protocolPB.OzoneManagerRequestHandler.getOzoneFileStatus(OzoneManagerRequestHandler.java:882) ~[ozone-manager-1.3.0-SNAPSHOT.jar:?]
	at org.apache.hadoop.ozone.protocolPB.OzoneManagerRequestHandler.handleReadRequest(OzoneManagerRequestHandler.java:228) ~[ozone-manager-1.3.0-SNAPSHOT.jar:?]
	at org.apache.hadoop.ozone.protocolPB.OzoneManagerProtocolServerSideTranslatorPB.submitReadRequestToOM(OzoneManagerProtocolServerSideTranslatorPB.java:226) ~[ozone-manager-1.3.0-SNAPSHOT.jar:?]
	at org.apache.hadoop.ozone.protocolPB.OzoneManagerProtocolServerSideTranslatorPB.processRequest(OzoneManagerProtocolServerSideTranslatorPB.java:175) ~[ozone-manager-1.3.0-SNAPSHOT.jar:?]
	at org.apache.hadoop.hdds.server.OzoneProtocolMessageDispatcher.processRequest(OzoneProtocolMessageDispatcher.java:87) [hdds-server-framework-1.3.0-SNAPSHOT.jar:?]
	at org.apache.hadoop.ozone.protocolPB.OzoneManagerProtocolServerSideTranslatorPB.submitRequest(OzoneManagerProtocolServerSideTranslatorPB.java:147) [ozone-manager-1.3.0-SNAPSHOT.jar:?]
	at org.apache.hadoop.ozone.protocol.proto.OzoneManagerProtocolProtos$OzoneManagerService$2.callBlockingMethod(OzoneManagerProtocolProtos.java) [ozone-interface-client-1.3.0-SNAPSHOT.jar:?]
	at org.apache.hadoop.ipc.ProtobufRpcEngine$Server.processCall(ProtobufRpcEngine.java:466) [hadoop-common-3.3.1.jar:?]
	at org.apache.hadoop.ipc.ProtobufRpcEngine2$Server$ProtoBufRpcInvoker.call(ProtobufRpcEngine2.java:574) [hadoop-common-3.3.1.jar:?]
	at org.apache.hadoop.ipc.ProtobufRpcEngine2$Server$ProtoBufRpcInvoker.call(ProtobufRpcEngine2.java:552) [hadoop-common-3.3.1.jar:?]
	at org.apache.hadoop.ipc.RPC$Server.call(RPC.java:1093) [hadoop-common-3.3.1.jar:?]
	at org.apache.hadoop.ipc.Server$RpcCall.run(Server.java:1035) [hadoop-common-3.3.1.jar:?]
	at org.apache.hadoop.ipc.Server$RpcCall.run(Server.java:963) [hadoop-common-3.3.1.jar:?]
	at java.security.AccessController.doPrivileged(Native Method) ~[?:1.8.0_345]
	at javax.security.auth.Subject.doAs(Subject.java:422) [?:1.8.0_345]
	at org.apache.hadoop.security.UserGroupInformation.doAs(UserGroupInformation.java:1878) [hadoop-common-3.3.1.jar:?]
	at org.apache.hadoop.ipc.Server$Handler.run(Server.java:2966) [hadoop-common-3.3.1.jar:?]
2022-10-09 13:04:22,049 [Time-limited test] WARN  ozone.BasicOzoneFileSystem (BasicOzoneFileSystem.java:getFileStatus(765)) - GetFileStatus failed for path /testBatchDelete/parent/childFolder/child2
java.io.FileNotFoundException: testBatchDelete/parent/childFolder/child2: No such file or directory!
	at org.apache.hadoop.fs.ozone.BasicOzoneClientAdapterImpl.getFileStatus(BasicOzoneClientAdapterImpl.java:369)
	at org.apache.hadoop.fs.ozone.BasicOzoneFileSystem.getFileStatus(BasicOzoneFileSystem.java:757)
	at org.apache.hadoop.fs.FileSystem.exists(FileSystem.java:1760)
	at org.apache.hadoop.fs.ozone.BasicOzoneFileSystem.exists(BasicOzoneFileSystem.java:804)
	at org.apache.hadoop.fs.ozone.TestOzoneFileSystem.testFileDelete(TestOzoneFileSystem.java:539)
	at sun.reflect.NativeMethodAccessorImpl.invoke0(Native Method)
	at sun.reflect.NativeMethodAccessorImpl.invoke(NativeMethodAccessorImpl.java:62)
	at sun.reflect.DelegatingMethodAccessorImpl.invoke(DelegatingMethodAccessorImpl.java:43)
	at java.lang.reflect.Method.invoke(Method.java:498)
	at org.junit.runners.model.FrameworkMethod$1.runReflectiveCall(FrameworkMethod.java:59)
	at org.junit.internal.runners.model.ReflectiveCallable.run(ReflectiveCallable.java:12)
	at org.junit.runners.model.FrameworkMethod.invokeExplosively(FrameworkMethod.java:56)
	at org.junit.internal.runners.statements.InvokeMethod.evaluate(InvokeMethod.java:17)
	at org.junit.internal.runners.statements.RunAfters.evaluate(RunAfters.java:27)
	at org.junit.internal.runners.statements.FailOnTimeout$CallableStatement.call(FailOnTimeout.java:288)
	at org.junit.internal.runners.statements.FailOnTimeout$CallableStatement.call(FailOnTimeout.java:282)
	at java.util.concurrent.FutureTask.run(FutureTask.java:266)
	at java.lang.Thread.run(Thread.java:750)
13:04:22.050 [IPC Server handler 19 on default port 37457] ERROR OMAudit - user=runner | ip=127.0.0.1 | op=GET_FILE_STATUS {volume=volume94578, bucket=bucket60014, key=testBatchDelete/parent/child3, dataSize=0, replicationConfig=null} | ret=FAILURE
org.apache.hadoop.ozone.om.exceptions.OMException: Unable to get file status: volume: volume94578 bucket: bucket60014 key: testBatchDelete/parent/child3
	at org.apache.hadoop.ozone.om.KeyManagerImpl.getOzoneFileStatus(KeyManagerImpl.java:1270) ~[ozone-manager-1.3.0-SNAPSHOT.jar:?]
	at org.apache.hadoop.ozone.om.KeyManagerImpl.getFileStatus(KeyManagerImpl.java:1200) ~[ozone-manager-1.3.0-SNAPSHOT.jar:?]
	at org.apache.hadoop.ozone.om.OzoneManager.getFileStatus(OzoneManager.java:3507) ~[ozone-manager-1.3.0-SNAPSHOT.jar:?]
	at org.apache.hadoop.ozone.protocolPB.OzoneManagerRequestHandler.getOzoneFileStatus(OzoneManagerRequestHandler.java:882) ~[ozone-manager-1.3.0-SNAPSHOT.jar:?]
	at org.apache.hadoop.ozone.protocolPB.OzoneManagerRequestHandler.handleReadRequest(OzoneManagerRequestHandler.java:228) ~[ozone-manager-1.3.0-SNAPSHOT.jar:?]
	at org.apache.hadoop.ozone.protocolPB.OzoneManagerProtocolServerSideTranslatorPB.submitReadRequestToOM(OzoneManagerProtocolServerSideTranslatorPB.java:226) ~[ozone-manager-1.3.0-SNAPSHOT.jar:?]
	at org.apache.hadoop.ozone.protocolPB.OzoneManagerProtocolServerSideTranslatorPB.processRequest(OzoneManagerProtocolServerSideTranslatorPB.java:175) ~[ozone-manager-1.3.0-SNAPSHOT.jar:?]
	at org.apache.hadoop.hdds.server.OzoneProtocolMessageDispatcher.processRequest(OzoneProtocolMessageDispatcher.java:87) [hdds-server-framework-1.3.0-SNAPSHOT.jar:?]
	at org.apache.hadoop.ozone.protocolPB.OzoneManagerProtocolServerSideTranslatorPB.submitRequest(OzoneManagerProtocolServerSideTranslatorPB.java:147) [ozone-manager-1.3.0-SNAPSHOT.jar:?]
	at org.apache.hadoop.ozone.protocol.proto.OzoneManagerProtocolProtos$OzoneManagerService$2.callBlockingMethod(OzoneManagerProtocolProtos.java) [ozone-interface-client-1.3.0-SNAPSHOT.jar:?]
	at org.apache.hadoop.ipc.ProtobufRpcEngine$Server.processCall(ProtobufRpcEngine.java:466) [hadoop-common-3.3.1.jar:?]
	at org.apache.hadoop.ipc.ProtobufRpcEngine2$Server$ProtoBufRpcInvoker.call(ProtobufRpcEngine2.java:574) [hadoop-common-3.3.1.jar:?]
	at org.apache.hadoop.ipc.ProtobufRpcEngine2$Server$ProtoBufRpcInvoker.call(ProtobufRpcEngine2.java:552) [hadoop-common-3.3.1.jar:?]
	at org.apache.hadoop.ipc.RPC$Server.call(RPC.java:1093) [hadoop-common-3.3.1.jar:?]
	at org.apache.hadoop.ipc.Server$RpcCall.run(Server.java:1035) [hadoop-common-3.3.1.jar:?]
	at org.apache.hadoop.ipc.Server$RpcCall.run(Server.java:963) [hadoop-common-3.3.1.jar:?]
	at java.security.AccessController.doPrivileged(Native Method) ~[?:1.8.0_345]
	at javax.security.auth.Subject.doAs(Subject.java:422) [?:1.8.0_345]
	at org.apache.hadoop.security.UserGroupInformation.doAs(UserGroupInformation.java:1878) [hadoop-common-3.3.1.jar:?]
	at org.apache.hadoop.ipc.Server$Handler.run(Server.java:2966) [hadoop-common-3.3.1.jar:?]
2022-10-09 13:04:22,050 [Time-limited test] WARN  ozone.BasicOzoneFileSystem (BasicOzoneFileSystem.java:getFileStatus(765)) - GetFileStatus failed for path /testBatchDelete/parent/child3
java.io.FileNotFoundException: testBatchDelete/parent/child3: No such file or directory!
	at org.apache.hadoop.fs.ozone.BasicOzoneClientAdapterImpl.getFileStatus(BasicOzoneClientAdapterImpl.java:369)
	at org.apache.hadoop.fs.ozone.BasicOzoneFileSystem.getFileStatus(BasicOzoneFileSystem.java:757)
	at org.apache.hadoop.fs.FileSystem.exists(FileSystem.java:1760)
	at org.apache.hadoop.fs.ozone.BasicOzoneFileSystem.exists(BasicOzoneFileSystem.java:804)
	at org.apache.hadoop.fs.ozone.TestOzoneFileSystem.testFileDelete(TestOzoneFileSystem.java:534)
	at sun.reflect.NativeMethodAccessorImpl.invoke0(Native Method)
	at sun.reflect.NativeMethodAccessorImpl.invoke(NativeMethodAccessorImpl.java:62)
	at sun.reflect.DelegatingMethodAccessorImpl.invoke(DelegatingMethodAccessorImpl.java:43)
	at java.lang.reflect.Method.invoke(Method.java:498)
	at org.junit.runners.model.FrameworkMethod$1.runReflectiveCall(FrameworkMethod.java:59)
	at org.junit.internal.runners.model.ReflectiveCallable.run(ReflectiveCallable.java:12)
	at org.junit.runners.model.FrameworkMethod.invokeExplosively(FrameworkMethod.java:56)
	at org.junit.internal.runners.statements.InvokeMethod.evaluate(InvokeMethod.java:17)
	at org.junit.internal.runners.statements.RunAfters.evaluate(RunAfters.java:27)
	at org.junit.internal.runners.statements.FailOnTimeout$CallableStatement.call(FailOnTimeout.java:288)
	at org.junit.internal.runners.statements.FailOnTimeout$CallableStatement.call(FailOnTimeout.java:282)
	at java.util.concurrent.FutureTask.run(FutureTask.java:266)
	at java.lang.Thread.run(Thread.java:750)
13:04:22.051 [IPC Server handler 13 on default port 37457] ERROR OMAudit - user=runner | ip=127.0.0.1 | op=GET_FILE_STATUS {volume=volume94578, bucket=bucket60014, key=testBatchDelete/parent/childFolder/child3, dataSize=0, replicationConfig=null} | ret=FAILURE
org.apache.hadoop.ozone.om.exceptions.OMException: Unable to get file status: volume: volume94578 bucket: bucket60014 key: testBatchDelete/parent/childFolder/child3
	at org.apache.hadoop.ozone.om.KeyManagerImpl.getOzoneFileStatus(KeyManagerImpl.java:1270) ~[ozone-manager-1.3.0-SNAPSHOT.jar:?]
	at org.apache.hadoop.ozone.om.KeyManagerImpl.getFileStatus(KeyManagerImpl.java:1200) ~[ozone-manager-1.3.0-SNAPSHOT.jar:?]
	at org.apache.hadoop.ozone.om.OzoneManager.getFileStatus(OzoneManager.java:3507) ~[ozone-manager-1.3.0-SNAPSHOT.jar:?]
	at org.apache.hadoop.ozone.protocolPB.OzoneManagerRequestHandler.getOzoneFileStatus(OzoneManagerRequestHandler.java:882) ~[ozone-manager-1.3.0-SNAPSHOT.jar:?]
	at org.apache.hadoop.ozone.protocolPB.OzoneManagerRequestHandler.handleReadRequest(OzoneManagerRequestHandler.java:228) ~[ozone-manager-1.3.0-SNAPSHOT.jar:?]
	at org.apache.hadoop.ozone.protocolPB.OzoneManagerProtocolServerSideTranslatorPB.submitReadRequestToOM(OzoneManagerProtocolServerSideTranslatorPB.java:226) ~[ozone-manager-1.3.0-SNAPSHOT.jar:?]
	at org.apache.hadoop.ozone.protocolPB.OzoneManagerProtocolServerSideTranslatorPB.processRequest(OzoneManagerProtocolServerSideTranslatorPB.java:175) ~[ozone-manager-1.3.0-SNAPSHOT.jar:?]
	at org.apache.hadoop.hdds.server.OzoneProtocolMessageDispatcher.processRequest(OzoneProtocolMessageDispatcher.java:87) [hdds-server-framework-1.3.0-SNAPSHOT.jar:?]
	at org.apache.hadoop.ozone.protocolPB.OzoneManagerProtocolServerSideTranslatorPB.submitRequest(OzoneManagerProtocolServerSideTranslatorPB.java:147) [ozone-manager-1.3.0-SNAPSHOT.jar:?]
	at org.apache.hadoop.ozone.protocol.proto.OzoneManagerProtocolProtos$OzoneManagerService$2.callBlockingMethod(OzoneManagerProtocolProtos.java) [ozone-interface-client-1.3.0-SNAPSHOT.jar:?]
	at org.apache.hadoop.ipc.ProtobufRpcEngine$Server.processCall(ProtobufRpcEngine.java:466) [hadoop-common-3.3.1.jar:?]
	at org.apache.hadoop.ipc.ProtobufRpcEngine2$Server$ProtoBufRpcInvoker.call(ProtobufRpcEngine2.java:574) [hadoop-common-3.3.1.jar:?]
	at org.apache.hadoop.ipc.ProtobufRpcEngine2$Server$ProtoBufRpcInvoker.call(ProtobufRpcEngine2.java:552) [hadoop-common-3.3.1.jar:?]
	at org.apache.hadoop.ipc.RPC$Server.call(RPC.java:1093) [hadoop-common-3.3.1.jar:?]
	at org.apache.hadoop.ipc.Server$RpcCall.run(Server.java:1035) [hadoop-common-3.3.1.jar:?]
	at org.apache.hadoop.ipc.Server$RpcCall.run(Server.java:963) [hadoop-common-3.3.1.jar:?]
	at java.security.AccessController.doPrivileged(Native Method) ~[?:1.8.0_345]
	at javax.security.auth.Subject.doAs(Subject.java:422) [?:1.8.0_345]
	at org.apache.hadoop.security.UserGroupInformation.doAs(UserGroupInformation.java:1878) [hadoop-common-3.3.1.jar:?]
	at org.apache.hadoop.ipc.Server$Handler.run(Server.java:2966) [hadoop-common-3.3.1.jar:?]
2022-10-09 13:04:22,052 [Time-limited test] WARN  ozone.BasicOzoneFileSystem (BasicOzoneFileSystem.java:getFileStatus(765)) - GetFileStatus failed for path /testBatchDelete/parent/childFolder/child3
java.io.FileNotFoundException: testBatchDelete/parent/childFolder/child3: No such file or directory!
	at org.apache.hadoop.fs.ozone.BasicOzoneClientAdapterImpl.getFileStatus(BasicOzoneClientAdapterImpl.java:369)
	at org.apache.hadoop.fs.ozone.BasicOzoneFileSystem.getFileStatus(BasicOzoneFileSystem.java:757)
	at org.apache.hadoop.fs.FileSystem.exists(FileSystem.java:1760)
	at org.apache.hadoop.fs.ozone.BasicOzoneFileSystem.exists(BasicOzoneFileSystem.java:804)
	at org.apache.hadoop.fs.ozone.TestOzoneFileSystem.testFileDelete(TestOzoneFileSystem.java:539)
	at sun.reflect.NativeMethodAccessorImpl.invoke0(Native Method)
	at sun.reflect.NativeMethodAccessorImpl.invoke(NativeMethodAccessorImpl.java:62)
	at sun.reflect.DelegatingMethodAccessorImpl.invoke(DelegatingMethodAccessorImpl.java:43)
	at java.lang.reflect.Method.invoke(Method.java:498)
	at org.junit.runners.model.FrameworkMethod$1.runReflectiveCall(FrameworkMethod.java:59)
	at org.junit.internal.runners.model.ReflectiveCallable.run(ReflectiveCallable.java:12)
	at org.junit.runners.model.FrameworkMethod.invokeExplosively(FrameworkMethod.java:56)
	at org.junit.internal.runners.statements.InvokeMethod.evaluate(InvokeMethod.java:17)
	at org.junit.internal.runners.statements.RunAfters.evaluate(RunAfters.java:27)
	at org.junit.internal.runners.statements.FailOnTimeout$CallableStatement.call(FailOnTimeout.java:288)
	at org.junit.internal.runners.statements.FailOnTimeout$CallableStatement.call(FailOnTimeout.java:282)
	at java.util.concurrent.FutureTask.run(FutureTask.java:266)
	at java.lang.Thread.run(Thread.java:750)
13:04:22.052 [IPC Server handler 15 on default port 37457] ERROR OMAudit - user=runner | ip=127.0.0.1 | op=GET_FILE_STATUS {volume=volume94578, bucket=bucket60014, key=testBatchDelete/parent/child4, dataSize=0, replicationConfig=null} | ret=FAILURE
org.apache.hadoop.ozone.om.exceptions.OMException: Unable to get file status: volume: volume94578 bucket: bucket60014 key: testBatchDelete/parent/child4
	at org.apache.hadoop.ozone.om.KeyManagerImpl.getOzoneFileStatus(KeyManagerImpl.java:1270) ~[ozone-manager-1.3.0-SNAPSHOT.jar:?]
	at org.apache.hadoop.ozone.om.KeyManagerImpl.getFileStatus(KeyManagerImpl.java:1200) ~[ozone-manager-1.3.0-SNAPSHOT.jar:?]
	at org.apache.hadoop.ozone.om.OzoneManager.getFileStatus(OzoneManager.java:3507) ~[ozone-manager-1.3.0-SNAPSHOT.jar:?]
	at org.apache.hadoop.ozone.protocolPB.OzoneManagerRequestHandler.getOzoneFileStatus(OzoneManagerRequestHandler.java:882) ~[ozone-manager-1.3.0-SNAPSHOT.jar:?]
	at org.apache.hadoop.ozone.protocolPB.OzoneManagerRequestHandler.handleReadRequest(OzoneManagerRequestHandler.java:228) ~[ozone-manager-1.3.0-SNAPSHOT.jar:?]
	at org.apache.hadoop.ozone.protocolPB.OzoneManagerProtocolServerSideTranslatorPB.submitReadRequestToOM(OzoneManagerProtocolServerSideTranslatorPB.java:226) ~[ozone-manager-1.3.0-SNAPSHOT.jar:?]
	at org.apache.hadoop.ozone.protocolPB.OzoneManagerProtocolServerSideTranslatorPB.processRequest(OzoneManagerProtocolServerSideTranslatorPB.java:175) ~[ozone-manager-1.3.0-SNAPSHOT.jar:?]
	at org.apache.hadoop.hdds.server.OzoneProtocolMessageDispatcher.processRequest(OzoneProtocolMessageDispatcher.java:87) [hdds-server-framework-1.3.0-SNAPSHOT.jar:?]
	at org.apache.hadoop.ozone.protocolPB.OzoneManagerProtocolServerSideTranslatorPB.submitRequest(OzoneManagerProtocolServerSideTranslatorPB.java:147) [ozone-manager-1.3.0-SNAPSHOT.jar:?]
	at org.apache.hadoop.ozone.protocol.proto.OzoneManagerProtocolProtos$OzoneManagerService$2.callBlockingMethod(OzoneManagerProtocolProtos.java) [ozone-interface-client-1.3.0-SNAPSHOT.jar:?]
	at org.apache.hadoop.ipc.ProtobufRpcEngine$Server.processCall(ProtobufRpcEngine.java:466) [hadoop-common-3.3.1.jar:?]
	at org.apache.hadoop.ipc.ProtobufRpcEngine2$Server$ProtoBufRpcInvoker.call(ProtobufRpcEngine2.java:574) [hadoop-common-3.3.1.jar:?]
	at org.apache.hadoop.ipc.ProtobufRpcEngine2$Server$ProtoBufRpcInvoker.call(ProtobufRpcEngine2.java:552) [hadoop-common-3.3.1.jar:?]
	at org.apache.hadoop.ipc.RPC$Server.call(RPC.java:1093) [hadoop-common-3.3.1.jar:?]
	at org.apache.hadoop.ipc.Server$RpcCall.run(Server.java:1035) [hadoop-common-3.3.1.jar:?]
	at org.apache.hadoop.ipc.Server$RpcCall.run(Server.java:963) [hadoop-common-3.3.1.jar:?]
	at java.security.AccessController.doPrivileged(Native Method) ~[?:1.8.0_345]
	at javax.security.auth.Subject.doAs(Subject.java:422) [?:1.8.0_345]
	at org.apache.hadoop.security.UserGroupInformation.doAs(UserGroupInformation.java:1878) [hadoop-common-3.3.1.jar:?]
	at org.apache.hadoop.ipc.Server$Handler.run(Server.java:2966) [hadoop-common-3.3.1.jar:?]
2022-10-09 13:04:22,053 [Time-limited test] WARN  ozone.BasicOzoneFileSystem (BasicOzoneFileSystem.java:getFileStatus(765)) - GetFileStatus failed for path /testBatchDelete/parent/child4
java.io.FileNotFoundException: testBatchDelete/parent/child4: No such file or directory!
	at org.apache.hadoop.fs.ozone.BasicOzoneClientAdapterImpl.getFileStatus(BasicOzoneClientAdapterImpl.java:369)
	at org.apache.hadoop.fs.ozone.BasicOzoneFileSystem.getFileStatus(BasicOzoneFileSystem.java:757)
	at org.apache.hadoop.fs.FileSystem.exists(FileSystem.java:1760)
	at org.apache.hadoop.fs.ozone.BasicOzoneFileSystem.exists(BasicOzoneFileSystem.java:804)
	at org.apache.hadoop.fs.ozone.TestOzoneFileSystem.testFileDelete(TestOzoneFileSystem.java:534)
	at sun.reflect.NativeMethodAccessorImpl.invoke0(Native Method)
	at sun.reflect.NativeMethodAccessorImpl.invoke(NativeMethodAccessorImpl.java:62)
	at sun.reflect.DelegatingMethodAccessorImpl.invoke(DelegatingMethodAccessorImpl.java:43)
	at java.lang.reflect.Method.invoke(Method.java:498)
	at org.junit.runners.model.FrameworkMethod$1.runReflectiveCall(FrameworkMethod.java:59)
	at org.junit.internal.runners.model.ReflectiveCallable.run(ReflectiveCallable.java:12)
	at org.junit.runners.model.FrameworkMethod.invokeExplosively(FrameworkMethod.java:56)
	at org.junit.internal.runners.statements.InvokeMethod.evaluate(InvokeMethod.java:17)
	at org.junit.internal.runners.statements.RunAfters.evaluate(RunAfters.java:27)
	at org.junit.internal.runners.statements.FailOnTimeout$CallableStatement.call(FailOnTimeout.java:288)
	at org.junit.internal.runners.statements.FailOnTimeout$CallableStatement.call(FailOnTimeout.java:282)
	at java.util.concurrent.FutureTask.run(FutureTask.java:266)
	at java.lang.Thread.run(Thread.java:750)
13:04:22.054 [IPC Server handler 16 on default port 37457] ERROR OMAudit - user=runner | ip=127.0.0.1 | op=GET_FILE_STATUS {volume=volume94578, bucket=bucket60014, key=testBatchDelete/parent/childFolder/child4, dataSize=0, replicationConfig=null} | ret=FAILURE
org.apache.hadoop.ozone.om.exceptions.OMException: Unable to get file status: volume: volume94578 bucket: bucket60014 key: testBatchDelete/parent/childFolder/child4
	at org.apache.hadoop.ozone.om.KeyManagerImpl.getOzoneFileStatus(KeyManagerImpl.java:1270) ~[ozone-manager-1.3.0-SNAPSHOT.jar:?]
	at org.apache.hadoop.ozone.om.KeyManagerImpl.getFileStatus(KeyManagerImpl.java:1200) ~[ozone-manager-1.3.0-SNAPSHOT.jar:?]
	at org.apache.hadoop.ozone.om.OzoneManager.getFileStatus(OzoneManager.java:3507) ~[ozone-manager-1.3.0-SNAPSHOT.jar:?]
	at org.apache.hadoop.ozone.protocolPB.OzoneManagerRequestHandler.getOzoneFileStatus(OzoneManagerRequestHandler.java:882) ~[ozone-manager-1.3.0-SNAPSHOT.jar:?]
	at org.apache.hadoop.ozone.protocolPB.OzoneManagerRequestHandler.handleReadRequest(OzoneManagerRequestHandler.java:228) ~[ozone-manager-1.3.0-SNAPSHOT.jar:?]
	at org.apache.hadoop.ozone.protocolPB.OzoneManagerProtocolServerSideTranslatorPB.submitReadRequestToOM(OzoneManagerProtocolServerSideTranslatorPB.java:226) ~[ozone-manager-1.3.0-SNAPSHOT.jar:?]
	at org.apache.hadoop.ozone.protocolPB.OzoneManagerProtocolServerSideTranslatorPB.processRequest(OzoneManagerProtocolServerSideTranslatorPB.java:175) ~[ozone-manager-1.3.0-SNAPSHOT.jar:?]
	at org.apache.hadoop.hdds.server.OzoneProtocolMessageDispatcher.processRequest(OzoneProtocolMessageDispatcher.java:87) [hdds-server-framework-1.3.0-SNAPSHOT.jar:?]
	at org.apache.hadoop.ozone.protocolPB.OzoneManagerProtocolServerSideTranslatorPB.submitRequest(OzoneManagerProtocolServerSideTranslatorPB.java:147) [ozone-manager-1.3.0-SNAPSHOT.jar:?]
	at org.apache.hadoop.ozone.protocol.proto.OzoneManagerProtocolProtos$OzoneManagerService$2.callBlockingMethod(OzoneManagerProtocolProtos.java) [ozone-interface-client-1.3.0-SNAPSHOT.jar:?]
	at org.apache.hadoop.ipc.ProtobufRpcEngine$Server.processCall(ProtobufRpcEngine.java:466) [hadoop-common-3.3.1.jar:?]
	at org.apache.hadoop.ipc.ProtobufRpcEngine2$Server$ProtoBufRpcInvoker.call(ProtobufRpcEngine2.java:574) [hadoop-common-3.3.1.jar:?]
	at org.apache.hadoop.ipc.ProtobufRpcEngine2$Server$ProtoBufRpcInvoker.call(ProtobufRpcEngine2.java:552) [hadoop-common-3.3.1.jar:?]
	at org.apache.hadoop.ipc.RPC$Server.call(RPC.java:1093) [hadoop-common-3.3.1.jar:?]
	at org.apache.hadoop.ipc.Server$RpcCall.run(Server.java:1035) [hadoop-common-3.3.1.jar:?]
	at org.apache.hadoop.ipc.Server$RpcCall.run(Server.java:963) [hadoop-common-3.3.1.jar:?]
	at java.security.AccessController.doPrivileged(Native Method) ~[?:1.8.0_345]
	at javax.security.auth.Subject.doAs(Subject.java:422) [?:1.8.0_345]
	at org.apache.hadoop.security.UserGroupInformation.doAs(UserGroupInformation.java:1878) [hadoop-common-3.3.1.jar:?]
	at org.apache.hadoop.ipc.Server$Handler.run(Server.java:2966) [hadoop-common-3.3.1.jar:?]
2022-10-09 13:04:22,057 [Time-limited test] WARN  ozone.BasicOzoneFileSystem (BasicOzoneFileSystem.java:getFileStatus(765)) - GetFileStatus failed for path /testBatchDelete/parent/childFolder/child4
java.io.FileNotFoundException: testBatchDelete/parent/childFolder/child4: No such file or directory!
	at org.apache.hadoop.fs.ozone.BasicOzoneClientAdapterImpl.getFileStatus(BasicOzoneClientAdapterImpl.java:369)
	at org.apache.hadoop.fs.ozone.BasicOzoneFileSystem.getFileStatus(BasicOzoneFileSystem.java:757)
	at org.apache.hadoop.fs.FileSystem.exists(FileSystem.java:1760)
	at org.apache.hadoop.fs.ozone.BasicOzoneFileSystem.exists(BasicOzoneFileSystem.java:804)
	at org.apache.hadoop.fs.ozone.TestOzoneFileSystem.testFileDelete(TestOzoneFileSystem.java:539)
	at sun.reflect.NativeMethodAccessorImpl.invoke0(Native Method)
	at sun.reflect.NativeMethodAccessorImpl.invoke(NativeMethodAccessorImpl.java:62)
	at sun.reflect.DelegatingMethodAccessorImpl.invoke(DelegatingMethodAccessorImpl.java:43)
	at java.lang.reflect.Method.invoke(Method.java:498)
	at org.junit.runners.model.FrameworkMethod$1.runReflectiveCall(FrameworkMethod.java:59)
	at org.junit.internal.runners.model.ReflectiveCallable.run(ReflectiveCallable.java:12)
	at org.junit.runners.model.FrameworkMethod.invokeExplosively(FrameworkMethod.java:56)
	at org.junit.internal.runners.statements.InvokeMethod.evaluate(InvokeMethod.java:17)
	at org.junit.internal.runners.statements.RunAfters.evaluate(RunAfters.java:27)
	at org.junit.internal.runners.statements.FailOnTimeout$CallableStatement.call(FailOnTimeout.java:288)
	at org.junit.internal.runners.statements.FailOnTimeout$CallableStatement.call(FailOnTimeout.java:282)
	at java.util.concurrent.FutureTask.run(FutureTask.java:266)
	at java.lang.Thread.run(Thread.java:750)
13:04:22.057 [IPC Server handler 7 on default port 37457] ERROR OMAudit - user=runner | ip=127.0.0.1 | op=GET_FILE_STATUS {volume=volume94578, bucket=bucket60014, key=testBatchDelete/parent/child5, dataSize=0, replicationConfig=null} | ret=FAILURE
org.apache.hadoop.ozone.om.exceptions.OMException: Unable to get file status: volume: volume94578 bucket: bucket60014 key: testBatchDelete/parent/child5
	at org.apache.hadoop.ozone.om.KeyManagerImpl.getOzoneFileStatus(KeyManagerImpl.java:1270) ~[ozone-manager-1.3.0-SNAPSHOT.jar:?]
	at org.apache.hadoop.ozone.om.KeyManagerImpl.getFileStatus(KeyManagerImpl.java:1200) ~[ozone-manager-1.3.0-SNAPSHOT.jar:?]
	at org.apache.hadoop.ozone.om.OzoneManager.getFileStatus(OzoneManager.java:3507) ~[ozone-manager-1.3.0-SNAPSHOT.jar:?]
	at org.apache.hadoop.ozone.protocolPB.OzoneManagerRequestHandler.getOzoneFileStatus(OzoneManagerRequestHandler.java:882) ~[ozone-manager-1.3.0-SNAPSHOT.jar:?]
	at org.apache.hadoop.ozone.protocolPB.OzoneManagerRequestHandler.handleReadRequest(OzoneManagerRequestHandler.java:228) ~[ozone-manager-1.3.0-SNAPSHOT.jar:?]
	at org.apache.hadoop.ozone.protocolPB.OzoneManagerProtocolServerSideTranslatorPB.submitReadRequestToOM(OzoneManagerProtocolServerSideTranslatorPB.java:226) ~[ozone-manager-1.3.0-SNAPSHOT.jar:?]
	at org.apache.hadoop.ozone.protocolPB.OzoneManagerProtocolServerSideTranslatorPB.processRequest(OzoneManagerProtocolServerSideTranslatorPB.java:175) ~[ozone-manager-1.3.0-SNAPSHOT.jar:?]
	at org.apache.hadoop.hdds.server.OzoneProtocolMessageDispatcher.processRequest(OzoneProtocolMessageDispatcher.java:87) [hdds-server-framework-1.3.0-SNAPSHOT.jar:?]
	at org.apache.hadoop.ozone.protocolPB.OzoneManagerProtocolServerSideTranslatorPB.submitRequest(OzoneManagerProtocolServerSideTranslatorPB.java:147) [ozone-manager-1.3.0-SNAPSHOT.jar:?]
	at org.apache.hadoop.ozone.protocol.proto.OzoneManagerProtocolProtos$OzoneManagerService$2.callBlockingMethod(OzoneManagerProtocolProtos.java) [ozone-interface-client-1.3.0-SNAPSHOT.jar:?]
	at org.apache.hadoop.ipc.ProtobufRpcEngine$Server.processCall(ProtobufRpcEngine.java:466) [hadoop-common-3.3.1.jar:?]
	at org.apache.hadoop.ipc.ProtobufRpcEngine2$Server$ProtoBufRpcInvoker.call(ProtobufRpcEngine2.java:574) [hadoop-common-3.3.1.jar:?]
	at org.apache.hadoop.ipc.ProtobufRpcEngine2$Server$ProtoBufRpcInvoker.call(ProtobufRpcEngine2.java:552) [hadoop-common-3.3.1.jar:?]
	at org.apache.hadoop.ipc.RPC$Server.call(RPC.java:1093) [hadoop-common-3.3.1.jar:?]
	at org.apache.hadoop.ipc.Server$RpcCall.run(Server.java:1035) [hadoop-common-3.3.1.jar:?]
	at org.apache.hadoop.ipc.Server$RpcCall.run(Server.java:963) [hadoop-common-3.3.1.jar:?]
	at java.security.AccessController.doPrivileged(Native Method) ~[?:1.8.0_345]
	at javax.security.auth.Subject.doAs(Subject.java:422) [?:1.8.0_345]
	at org.apache.hadoop.security.UserGroupInformation.doAs(UserGroupInformation.java:1878) [hadoop-common-3.3.1.jar:?]
	at org.apache.hadoop.ipc.Server$Handler.run(Server.java:2966) [hadoop-common-3.3.1.jar:?]
2022-10-09 13:04:22,058 [Time-limited test] WARN  ozone.BasicOzoneFileSystem (BasicOzoneFileSystem.java:getFileStatus(765)) - GetFileStatus failed for path /testBatchDelete/parent/child5
java.io.FileNotFoundException: testBatchDelete/parent/child5: No such file or directory!
	at org.apache.hadoop.fs.ozone.BasicOzoneClientAdapterImpl.getFileStatus(BasicOzoneClientAdapterImpl.java:369)
	at org.apache.hadoop.fs.ozone.BasicOzoneFileSystem.getFileStatus(BasicOzoneFileSystem.java:757)
	at org.apache.hadoop.fs.FileSystem.exists(FileSystem.java:1760)
	at org.apache.hadoop.fs.ozone.BasicOzoneFileSystem.exists(BasicOzoneFileSystem.java:804)
	at org.apache.hadoop.fs.ozone.TestOzoneFileSystem.testFileDelete(TestOzoneFileSystem.java:534)
	at sun.reflect.NativeMethodAccessorImpl.invoke0(Native Method)
	at sun.reflect.NativeMethodAccessorImpl.invoke(NativeMethodAccessorImpl.java:62)
	at sun.reflect.DelegatingMethodAccessorImpl.invoke(DelegatingMethodAccessorImpl.java:43)
	at java.lang.reflect.Method.invoke(Method.java:498)
	at org.junit.runners.model.FrameworkMethod$1.runReflectiveCall(FrameworkMethod.java:59)
	at org.junit.internal.runners.model.ReflectiveCallable.run(ReflectiveCallable.java:12)
	at org.junit.runners.model.FrameworkMethod.invokeExplosively(FrameworkMethod.java:56)
	at org.junit.internal.runners.statements.InvokeMethod.evaluate(InvokeMethod.java:17)
	at org.junit.internal.runners.statements.RunAfters.evaluate(RunAfters.java:27)
	at org.junit.internal.runners.statements.FailOnTimeout$CallableStatement.call(FailOnTimeout.java:288)
	at org.junit.internal.runners.statements.FailOnTimeout$CallableStatement.call(FailOnTimeout.java:282)
	at java.util.concurrent.FutureTask.run(FutureTask.java:266)
	at java.lang.Thread.run(Thread.java:750)
13:04:22.058 [IPC Server handler 3 on default port 37457] ERROR OMAudit - user=runner | ip=127.0.0.1 | op=GET_FILE_STATUS {volume=volume94578, bucket=bucket60014, key=testBatchDelete/parent/childFolder/child5, dataSize=0, replicationConfig=null} | ret=FAILURE
org.apache.hadoop.ozone.om.exceptions.OMException: Unable to get file status: volume: volume94578 bucket: bucket60014 key: testBatchDelete/parent/childFolder/child5
	at org.apache.hadoop.ozone.om.KeyManagerImpl.getOzoneFileStatus(KeyManagerImpl.java:1270) ~[ozone-manager-1.3.0-SNAPSHOT.jar:?]
	at org.apache.hadoop.ozone.om.KeyManagerImpl.getFileStatus(KeyManagerImpl.java:1200) ~[ozone-manager-1.3.0-SNAPSHOT.jar:?]
	at org.apache.hadoop.ozone.om.OzoneManager.getFileStatus(OzoneManager.java:3507) ~[ozone-manager-1.3.0-SNAPSHOT.jar:?]
	at org.apache.hadoop.ozone.protocolPB.OzoneManagerRequestHandler.getOzoneFileStatus(OzoneManagerRequestHandler.java:882) ~[ozone-manager-1.3.0-SNAPSHOT.jar:?]
	at org.apache.hadoop.ozone.protocolPB.OzoneManagerRequestHandler.handleReadRequest(OzoneManagerRequestHandler.java:228) ~[ozone-manager-1.3.0-SNAPSHOT.jar:?]
	at org.apache.hadoop.ozone.protocolPB.OzoneManagerProtocolServerSideTranslatorPB.submitReadRequestToOM(OzoneManagerProtocolServerSideTranslatorPB.java:226) ~[ozone-manager-1.3.0-SNAPSHOT.jar:?]
	at org.apache.hadoop.ozone.protocolPB.OzoneManagerProtocolServerSideTranslatorPB.processRequest(OzoneManagerProtocolServerSideTranslatorPB.java:175) ~[ozone-manager-1.3.0-SNAPSHOT.jar:?]
	at org.apache.hadoop.hdds.server.OzoneProtocolMessageDispatcher.processRequest(OzoneProtocolMessageDispatcher.java:87) [hdds-server-framework-1.3.0-SNAPSHOT.jar:?]
	at org.apache.hadoop.ozone.protocolPB.OzoneManagerProtocolServerSideTranslatorPB.submitRequest(OzoneManagerProtocolServerSideTranslatorPB.java:147) [ozone-manager-1.3.0-SNAPSHOT.jar:?]
	at org.apache.hadoop.ozone.protocol.proto.OzoneManagerProtocolProtos$OzoneManagerService$2.callBlockingMethod(OzoneManagerProtocolProtos.java) [ozone-interface-client-1.3.0-SNAPSHOT.jar:?]
	at org.apache.hadoop.ipc.ProtobufRpcEngine$Server.processCall(ProtobufRpcEngine.java:466) [hadoop-common-3.3.1.jar:?]
	at org.apache.hadoop.ipc.ProtobufRpcEngine2$Server$ProtoBufRpcInvoker.call(ProtobufRpcEngine2.java:574) [hadoop-common-3.3.1.jar:?]
	at org.apache.hadoop.ipc.ProtobufRpcEngine2$Server$ProtoBufRpcInvoker.call(ProtobufRpcEngine2.java:552) [hadoop-common-3.3.1.jar:?]
	at org.apache.hadoop.ipc.RPC$Server.call(RPC.java:1093) [hadoop-common-3.3.1.jar:?]
	at org.apache.hadoop.ipc.Server$RpcCall.run(Server.java:1035) [hadoop-common-3.3.1.jar:?]
	at org.apache.hadoop.ipc.Server$RpcCall.run(Server.java:963) [hadoop-common-3.3.1.jar:?]
	at java.security.AccessController.doPrivileged(Native Method) ~[?:1.8.0_345]
	at javax.security.auth.Subject.doAs(Subject.java:422) [?:1.8.0_345]
	at org.apache.hadoop.security.UserGroupInformation.doAs(UserGroupInformation.java:1878) [hadoop-common-3.3.1.jar:?]
	at org.apache.hadoop.ipc.Server$Handler.run(Server.java:2966) [hadoop-common-3.3.1.jar:?]
2022-10-09 13:04:22,059 [Time-limited test] WARN  ozone.BasicOzoneFileSystem (BasicOzoneFileSystem.java:getFileStatus(765)) - GetFileStatus failed for path /testBatchDelete/parent/childFolder/child5
java.io.FileNotFoundException: testBatchDelete/parent/childFolder/child5: No such file or directory!
	at org.apache.hadoop.fs.ozone.BasicOzoneClientAdapterImpl.getFileStatus(BasicOzoneClientAdapterImpl.java:369)
	at org.apache.hadoop.fs.ozone.BasicOzoneFileSystem.getFileStatus(BasicOzoneFileSystem.java:757)
	at org.apache.hadoop.fs.FileSystem.exists(FileSystem.java:1760)
	at org.apache.hadoop.fs.ozone.BasicOzoneFileSystem.exists(BasicOzoneFileSystem.java:804)
	at org.apache.hadoop.fs.ozone.TestOzoneFileSystem.testFileDelete(TestOzoneFileSystem.java:539)
	at sun.reflect.NativeMethodAccessorImpl.invoke0(Native Method)
	at sun.reflect.NativeMethodAccessorImpl.invoke(NativeMethodAccessorImpl.java:62)
	at sun.reflect.DelegatingMethodAccessorImpl.invoke(DelegatingMethodAccessorImpl.java:43)
	at java.lang.reflect.Method.invoke(Method.java:498)
	at org.junit.runners.model.FrameworkMethod$1.runReflectiveCall(FrameworkMethod.java:59)
	at org.junit.internal.runners.model.ReflectiveCallable.run(ReflectiveCallable.java:12)
	at org.junit.runners.model.FrameworkMethod.invokeExplosively(FrameworkMethod.java:56)
	at org.junit.internal.runners.statements.InvokeMethod.evaluate(InvokeMethod.java:17)
	at org.junit.internal.runners.statements.RunAfters.evaluate(RunAfters.java:27)
	at org.junit.internal.runners.statements.FailOnTimeout$CallableStatement.call(FailOnTimeout.java:288)
	at org.junit.internal.runners.statements.FailOnTimeout$CallableStatement.call(FailOnTimeout.java:282)
	at java.util.concurrent.FutureTask.run(FutureTask.java:266)
	at java.lang.Thread.run(Thread.java:750)
13:04:22.060 [IPC Server handler 5 on default port 37457] ERROR OMAudit - user=runner | ip=127.0.0.1 | op=GET_FILE_STATUS {volume=volume94578, bucket=bucket60014, key=testBatchDelete/parent/child6, dataSize=0, replicationConfig=null} | ret=FAILURE
org.apache.hadoop.ozone.om.exceptions.OMException: Unable to get file status: volume: volume94578 bucket: bucket60014 key: testBatchDelete/parent/child6
	at org.apache.hadoop.ozone.om.KeyManagerImpl.getOzoneFileStatus(KeyManagerImpl.java:1270) ~[ozone-manager-1.3.0-SNAPSHOT.jar:?]
	at org.apache.hadoop.ozone.om.KeyManagerImpl.getFileStatus(KeyManagerImpl.java:1200) ~[ozone-manager-1.3.0-SNAPSHOT.jar:?]
	at org.apache.hadoop.ozone.om.OzoneManager.getFileStatus(OzoneManager.java:3507) ~[ozone-manager-1.3.0-SNAPSHOT.jar:?]
	at org.apache.hadoop.ozone.protocolPB.OzoneManagerRequestHandler.getOzoneFileStatus(OzoneManagerRequestHandler.java:882) ~[ozone-manager-1.3.0-SNAPSHOT.jar:?]
	at org.apache.hadoop.ozone.protocolPB.OzoneManagerRequestHandler.handleReadRequest(OzoneManagerRequestHandler.java:228) ~[ozone-manager-1.3.0-SNAPSHOT.jar:?]
	at org.apache.hadoop.ozone.protocolPB.OzoneManagerProtocolServerSideTranslatorPB.submitReadRequestToOM(OzoneManagerProtocolServerSideTranslatorPB.java:226) ~[ozone-manager-1.3.0-SNAPSHOT.jar:?]
	at org.apache.hadoop.ozone.protocolPB.OzoneManagerProtocolServerSideTranslatorPB.processRequest(OzoneManagerProtocolServerSideTranslatorPB.java:175) ~[ozone-manager-1.3.0-SNAPSHOT.jar:?]
	at org.apache.hadoop.hdds.server.OzoneProtocolMessageDispatcher.processRequest(OzoneProtocolMessageDispatcher.java:87) [hdds-server-framework-1.3.0-SNAPSHOT.jar:?]
	at org.apache.hadoop.ozone.protocolPB.OzoneManagerProtocolServerSideTranslatorPB.submitRequest(OzoneManagerProtocolServerSideTranslatorPB.java:147) [ozone-manager-1.3.0-SNAPSHOT.jar:?]
	at org.apache.hadoop.ozone.protocol.proto.OzoneManagerProtocolProtos$OzoneManagerService$2.callBlockingMethod(OzoneManagerProtocolProtos.java) [ozone-interface-client-1.3.0-SNAPSHOT.jar:?]
	at org.apache.hadoop.ipc.ProtobufRpcEngine$Server.processCall(ProtobufRpcEngine.java:466) [hadoop-common-3.3.1.jar:?]
	at org.apache.hadoop.ipc.ProtobufRpcEngine2$Server$ProtoBufRpcInvoker.call(ProtobufRpcEngine2.java:574) [hadoop-common-3.3.1.jar:?]
	at org.apache.hadoop.ipc.ProtobufRpcEngine2$Server$ProtoBufRpcInvoker.call(ProtobufRpcEngine2.java:552) [hadoop-common-3.3.1.jar:?]
	at org.apache.hadoop.ipc.RPC$Server.call(RPC.java:1093) [hadoop-common-3.3.1.jar:?]
	at org.apache.hadoop.ipc.Server$RpcCall.run(Server.java:1035) [hadoop-common-3.3.1.jar:?]
	at org.apache.hadoop.ipc.Server$RpcCall.run(Server.java:963) [hadoop-common-3.3.1.jar:?]
	at java.security.AccessController.doPrivileged(Native Method) ~[?:1.8.0_345]
	at javax.security.auth.Subject.doAs(Subject.java:422) [?:1.8.0_345]
	at org.apache.hadoop.security.UserGroupInformation.doAs(UserGroupInformation.java:1878) [hadoop-common-3.3.1.jar:?]
	at org.apache.hadoop.ipc.Server$Handler.run(Server.java:2966) [hadoop-common-3.3.1.jar:?]
2022-10-09 13:04:22,060 [Time-limited test] WARN  ozone.BasicOzoneFileSystem (BasicOzoneFileSystem.java:getFileStatus(765)) - GetFileStatus failed for path /testBatchDelete/parent/child6
java.io.FileNotFoundException: testBatchDelete/parent/child6: No such file or directory!
	at org.apache.hadoop.fs.ozone.BasicOzoneClientAdapterImpl.getFileStatus(BasicOzoneClientAdapterImpl.java:369)
	at org.apache.hadoop.fs.ozone.BasicOzoneFileSystem.getFileStatus(BasicOzoneFileSystem.java:757)
	at org.apache.hadoop.fs.FileSystem.exists(FileSystem.java:1760)
	at org.apache.hadoop.fs.ozone.BasicOzoneFileSystem.exists(BasicOzoneFileSystem.java:804)
	at org.apache.hadoop.fs.ozone.TestOzoneFileSystem.testFileDelete(TestOzoneFileSystem.java:534)
	at sun.reflect.NativeMethodAccessorImpl.invoke0(Native Method)
	at sun.reflect.NativeMethodAccessorImpl.invoke(NativeMethodAccessorImpl.java:62)
	at sun.reflect.DelegatingMethodAccessorImpl.invoke(DelegatingMethodAccessorImpl.java:43)
	at java.lang.reflect.Method.invoke(Method.java:498)
	at org.junit.runners.model.FrameworkMethod$1.runReflectiveCall(FrameworkMethod.java:59)
	at org.junit.internal.runners.model.ReflectiveCallable.run(ReflectiveCallable.java:12)
	at org.junit.runners.model.FrameworkMethod.invokeExplosively(FrameworkMethod.java:56)
	at org.junit.internal.runners.statements.InvokeMethod.evaluate(InvokeMethod.java:17)
	at org.junit.internal.runners.statements.RunAfters.evaluate(RunAfters.java:27)
	at org.junit.internal.runners.statements.FailOnTimeout$CallableStatement.call(FailOnTimeout.java:288)
	at org.junit.internal.runners.statements.FailOnTimeout$CallableStatement.call(FailOnTimeout.java:282)
	at java.util.concurrent.FutureTask.run(FutureTask.java:266)
	at java.lang.Thread.run(Thread.java:750)
13:04:22.061 [IPC Server handler 1 on default port 37457] ERROR OMAudit - user=runner | ip=127.0.0.1 | op=GET_FILE_STATUS {volume=volume94578, bucket=bucket60014, key=testBatchDelete/parent/childFolder/child6, dataSize=0, replicationConfig=null} | ret=FAILURE
org.apache.hadoop.ozone.om.exceptions.OMException: Unable to get file status: volume: volume94578 bucket: bucket60014 key: testBatchDelete/parent/childFolder/child6
	at org.apache.hadoop.ozone.om.KeyManagerImpl.getOzoneFileStatus(KeyManagerImpl.java:1270) ~[ozone-manager-1.3.0-SNAPSHOT.jar:?]
	at org.apache.hadoop.ozone.om.KeyManagerImpl.getFileStatus(KeyManagerImpl.java:1200) ~[ozone-manager-1.3.0-SNAPSHOT.jar:?]
	at org.apache.hadoop.ozone.om.OzoneManager.getFileStatus(OzoneManager.java:3507) ~[ozone-manager-1.3.0-SNAPSHOT.jar:?]
	at org.apache.hadoop.ozone.protocolPB.OzoneManagerRequestHandler.getOzoneFileStatus(OzoneManagerRequestHandler.java:882) ~[ozone-manager-1.3.0-SNAPSHOT.jar:?]
	at org.apache.hadoop.ozone.protocolPB.OzoneManagerRequestHandler.handleReadRequest(OzoneManagerRequestHandler.java:228) ~[ozone-manager-1.3.0-SNAPSHOT.jar:?]
	at org.apache.hadoop.ozone.protocolPB.OzoneManagerProtocolServerSideTranslatorPB.submitReadRequestToOM(OzoneManagerProtocolServerSideTranslatorPB.java:226) ~[ozone-manager-1.3.0-SNAPSHOT.jar:?]
	at org.apache.hadoop.ozone.protocolPB.OzoneManagerProtocolServerSideTranslatorPB.processRequest(OzoneManagerProtocolServerSideTranslatorPB.java:175) ~[ozone-manager-1.3.0-SNAPSHOT.jar:?]
	at org.apache.hadoop.hdds.server.OzoneProtocolMessageDispatcher.processRequest(OzoneProtocolMessageDispatcher.java:87) [hdds-server-framework-1.3.0-SNAPSHOT.jar:?]
	at org.apache.hadoop.ozone.protocolPB.OzoneManagerProtocolServerSideTranslatorPB.submitRequest(OzoneManagerProtocolServerSideTranslatorPB.java:147) [ozone-manager-1.3.0-SNAPSHOT.jar:?]
	at org.apache.hadoop.ozone.protocol.proto.OzoneManagerProtocolProtos$OzoneManagerService$2.callBlockingMethod(OzoneManagerProtocolProtos.java) [ozone-interface-client-1.3.0-SNAPSHOT.jar:?]
	at org.apache.hadoop.ipc.ProtobufRpcEngine$Server.processCall(ProtobufRpcEngine.java:466) [hadoop-common-3.3.1.jar:?]
	at org.apache.hadoop.ipc.ProtobufRpcEngine2$Server$ProtoBufRpcInvoker.call(ProtobufRpcEngine2.java:574) [hadoop-common-3.3.1.jar:?]
	at org.apache.hadoop.ipc.ProtobufRpcEngine2$Server$ProtoBufRpcInvoker.call(ProtobufRpcEngine2.java:552) [hadoop-common-3.3.1.jar:?]
	at org.apache.hadoop.ipc.RPC$Server.call(RPC.java:1093) [hadoop-common-3.3.1.jar:?]
	at org.apache.hadoop.ipc.Server$RpcCall.run(Server.java:1035) [hadoop-common-3.3.1.jar:?]
	at org.apache.hadoop.ipc.Server$RpcCall.run(Server.java:963) [hadoop-common-3.3.1.jar:?]
	at java.security.AccessController.doPrivileged(Native Method) ~[?:1.8.0_345]
	at javax.security.auth.Subject.doAs(Subject.java:422) [?:1.8.0_345]
	at org.apache.hadoop.security.UserGroupInformation.doAs(UserGroupInformation.java:1878) [hadoop-common-3.3.1.jar:?]
	at org.apache.hadoop.ipc.Server$Handler.run(Server.java:2966) [hadoop-common-3.3.1.jar:?]
2022-10-09 13:04:22,062 [Time-limited test] WARN  ozone.BasicOzoneFileSystem (BasicOzoneFileSystem.java:getFileStatus(765)) - GetFileStatus failed for path /testBatchDelete/parent/childFolder/child6
java.io.FileNotFoundException: testBatchDelete/parent/childFolder/child6: No such file or directory!
	at org.apache.hadoop.fs.ozone.BasicOzoneClientAdapterImpl.getFileStatus(BasicOzoneClientAdapterImpl.java:369)
	at org.apache.hadoop.fs.ozone.BasicOzoneFileSystem.getFileStatus(BasicOzoneFileSystem.java:757)
	at org.apache.hadoop.fs.FileSystem.exists(FileSystem.java:1760)
	at org.apache.hadoop.fs.ozone.BasicOzoneFileSystem.exists(BasicOzoneFileSystem.java:804)
	at org.apache.hadoop.fs.ozone.TestOzoneFileSystem.testFileDelete(TestOzoneFileSystem.java:539)
	at sun.reflect.NativeMethodAccessorImpl.invoke0(Native Method)
	at sun.reflect.NativeMethodAccessorImpl.invoke(NativeMethodAccessorImpl.java:62)
	at sun.reflect.DelegatingMethodAccessorImpl.invoke(DelegatingMethodAccessorImpl.java:43)
	at java.lang.reflect.Method.invoke(Method.java:498)
	at org.junit.runners.model.FrameworkMethod$1.runReflectiveCall(FrameworkMethod.java:59)
	at org.junit.internal.runners.model.ReflectiveCallable.run(ReflectiveCallable.java:12)
	at org.junit.runners.model.FrameworkMethod.invokeExplosively(FrameworkMethod.java:56)
	at org.junit.internal.runners.statements.InvokeMethod.evaluate(InvokeMethod.java:17)
	at org.junit.internal.runners.statements.RunAfters.evaluate(RunAfters.java:27)
	at org.junit.internal.runners.statements.FailOnTimeout$CallableStatement.call(FailOnTimeout.java:288)
	at org.junit.internal.runners.statements.FailOnTimeout$CallableStatement.call(FailOnTimeout.java:282)
	at java.util.concurrent.FutureTask.run(FutureTask.java:266)
	at java.lang.Thread.run(Thread.java:750)
13:04:22.062 [IPC Server handler 4 on default port 37457] ERROR OMAudit - user=runner | ip=127.0.0.1 | op=GET_FILE_STATUS {volume=volume94578, bucket=bucket60014, key=testBatchDelete/parent/child7, dataSize=0, replicationConfig=null} | ret=FAILURE
org.apache.hadoop.ozone.om.exceptions.OMException: Unable to get file status: volume: volume94578 bucket: bucket60014 key: testBatchDelete/parent/child7
	at org.apache.hadoop.ozone.om.KeyManagerImpl.getOzoneFileStatus(KeyManagerImpl.java:1270) ~[ozone-manager-1.3.0-SNAPSHOT.jar:?]
	at org.apache.hadoop.ozone.om.KeyManagerImpl.getFileStatus(KeyManagerImpl.java:1200) ~[ozone-manager-1.3.0-SNAPSHOT.jar:?]
	at org.apache.hadoop.ozone.om.OzoneManager.getFileStatus(OzoneManager.java:3507) ~[ozone-manager-1.3.0-SNAPSHOT.jar:?]
	at org.apache.hadoop.ozone.protocolPB.OzoneManagerRequestHandler.getOzoneFileStatus(OzoneManagerRequestHandler.java:882) ~[ozone-manager-1.3.0-SNAPSHOT.jar:?]
	at org.apache.hadoop.ozone.protocolPB.OzoneManagerRequestHandler.handleReadRequest(OzoneManagerRequestHandler.java:228) ~[ozone-manager-1.3.0-SNAPSHOT.jar:?]
	at org.apache.hadoop.ozone.protocolPB.OzoneManagerProtocolServerSideTranslatorPB.submitReadRequestToOM(OzoneManagerProtocolServerSideTranslatorPB.java:226) ~[ozone-manager-1.3.0-SNAPSHOT.jar:?]
	at org.apache.hadoop.ozone.protocolPB.OzoneManagerProtocolServerSideTranslatorPB.processRequest(OzoneManagerProtocolServerSideTranslatorPB.java:175) ~[ozone-manager-1.3.0-SNAPSHOT.jar:?]
	at org.apache.hadoop.hdds.server.OzoneProtocolMessageDispatcher.processRequest(OzoneProtocolMessageDispatcher.java:87) [hdds-server-framework-1.3.0-SNAPSHOT.jar:?]
	at org.apache.hadoop.ozone.protocolPB.OzoneManagerProtocolServerSideTranslatorPB.submitRequest(OzoneManagerProtocolServerSideTranslatorPB.java:147) [ozone-manager-1.3.0-SNAPSHOT.jar:?]
	at org.apache.hadoop.ozone.protocol.proto.OzoneManagerProtocolProtos$OzoneManagerService$2.callBlockingMethod(OzoneManagerProtocolProtos.java) [ozone-interface-client-1.3.0-SNAPSHOT.jar:?]
	at org.apache.hadoop.ipc.ProtobufRpcEngine$Server.processCall(ProtobufRpcEngine.java:466) [hadoop-common-3.3.1.jar:?]
	at org.apache.hadoop.ipc.ProtobufRpcEngine2$Server$ProtoBufRpcInvoker.call(ProtobufRpcEngine2.java:574) [hadoop-common-3.3.1.jar:?]
	at org.apache.hadoop.ipc.ProtobufRpcEngine2$Server$ProtoBufRpcInvoker.call(ProtobufRpcEngine2.java:552) [hadoop-common-3.3.1.jar:?]
	at org.apache.hadoop.ipc.RPC$Server.call(RPC.java:1093) [hadoop-common-3.3.1.jar:?]
	at org.apache.hadoop.ipc.Server$RpcCall.run(Server.java:1035) [hadoop-common-3.3.1.jar:?]
	at org.apache.hadoop.ipc.Server$RpcCall.run(Server.java:963) [hadoop-common-3.3.1.jar:?]
	at java.security.AccessController.doPrivileged(Native Method) ~[?:1.8.0_345]
	at javax.security.auth.Subject.doAs(Subject.java:422) [?:1.8.0_345]
	at org.apache.hadoop.security.UserGroupInformation.doAs(UserGroupInformation.java:1878) [hadoop-common-3.3.1.jar:?]
	at org.apache.hadoop.ipc.Server$Handler.run(Server.java:2966) [hadoop-common-3.3.1.jar:?]
2022-10-09 13:04:22,063 [Time-limited test] WARN  ozone.BasicOzoneFileSystem (BasicOzoneFileSystem.java:getFileStatus(765)) - GetFileStatus failed for path /testBatchDelete/parent/child7
java.io.FileNotFoundException: testBatchDelete/parent/child7: No such file or directory!
	at org.apache.hadoop.fs.ozone.BasicOzoneClientAdapterImpl.getFileStatus(BasicOzoneClientAdapterImpl.java:369)
	at org.apache.hadoop.fs.ozone.BasicOzoneFileSystem.getFileStatus(BasicOzoneFileSystem.java:757)
	at org.apache.hadoop.fs.FileSystem.exists(FileSystem.java:1760)
	at org.apache.hadoop.fs.ozone.BasicOzoneFileSystem.exists(BasicOzoneFileSystem.java:804)
	at org.apache.hadoop.fs.ozone.TestOzoneFileSystem.testFileDelete(TestOzoneFileSystem.java:534)
	at sun.reflect.NativeMethodAccessorImpl.invoke0(Native Method)
	at sun.reflect.NativeMethodAccessorImpl.invoke(NativeMethodAccessorImpl.java:62)
	at sun.reflect.DelegatingMethodAccessorImpl.invoke(DelegatingMethodAccessorImpl.java:43)
	at java.lang.reflect.Method.invoke(Method.java:498)
	at org.junit.runners.model.FrameworkMethod$1.runReflectiveCall(FrameworkMethod.java:59)
	at org.junit.internal.runners.model.ReflectiveCallable.run(ReflectiveCallable.java:12)
	at org.junit.runners.model.FrameworkMethod.invokeExplosively(FrameworkMethod.java:56)
	at org.junit.internal.runners.statements.InvokeMethod.evaluate(InvokeMethod.java:17)
	at org.junit.internal.runners.statements.RunAfters.evaluate(RunAfters.java:27)
	at org.junit.internal.runners.statements.FailOnTimeout$CallableStatement.call(FailOnTimeout.java:288)
	at org.junit.internal.runners.statements.FailOnTimeout$CallableStatement.call(FailOnTimeout.java:282)
	at java.util.concurrent.FutureTask.run(FutureTask.java:266)
	at java.lang.Thread.run(Thread.java:750)
13:04:22.064 [IPC Server handler 2 on default port 37457] ERROR OMAudit - user=runner | ip=127.0.0.1 | op=GET_FILE_STATUS {volume=volume94578, bucket=bucket60014, key=testBatchDelete/parent/childFolder/child7, dataSize=0, replicationConfig=null} | ret=FAILURE
org.apache.hadoop.ozone.om.exceptions.OMException: Unable to get file status: volume: volume94578 bucket: bucket60014 key: testBatchDelete/parent/childFolder/child7
	at org.apache.hadoop.ozone.om.KeyManagerImpl.getOzoneFileStatus(KeyManagerImpl.java:1270) ~[ozone-manager-1.3.0-SNAPSHOT.jar:?]
	at org.apache.hadoop.ozone.om.KeyManagerImpl.getFileStatus(KeyManagerImpl.java:1200) ~[ozone-manager-1.3.0-SNAPSHOT.jar:?]
	at org.apache.hadoop.ozone.om.OzoneManager.getFileStatus(OzoneManager.java:3507) ~[ozone-manager-1.3.0-SNAPSHOT.jar:?]
	at org.apache.hadoop.ozone.protocolPB.OzoneManagerRequestHandler.getOzoneFileStatus(OzoneManagerRequestHandler.java:882) ~[ozone-manager-1.3.0-SNAPSHOT.jar:?]
	at org.apache.hadoop.ozone.protocolPB.OzoneManagerRequestHandler.handleReadRequest(OzoneManagerRequestHandler.java:228) ~[ozone-manager-1.3.0-SNAPSHOT.jar:?]
	at org.apache.hadoop.ozone.protocolPB.OzoneManagerProtocolServerSideTranslatorPB.submitReadRequestToOM(OzoneManagerProtocolServerSideTranslatorPB.java:226) ~[ozone-manager-1.3.0-SNAPSHOT.jar:?]
	at org.apache.hadoop.ozone.protocolPB.OzoneManagerProtocolServerSideTranslatorPB.processRequest(OzoneManagerProtocolServerSideTranslatorPB.java:175) ~[ozone-manager-1.3.0-SNAPSHOT.jar:?]
	at org.apache.hadoop.hdds.server.OzoneProtocolMessageDispatcher.processRequest(OzoneProtocolMessageDispatcher.java:87) [hdds-server-framework-1.3.0-SNAPSHOT.jar:?]
	at org.apache.hadoop.ozone.protocolPB.OzoneManagerProtocolServerSideTranslatorPB.submitRequest(OzoneManagerProtocolServerSideTranslatorPB.java:147) [ozone-manager-1.3.0-SNAPSHOT.jar:?]
	at org.apache.hadoop.ozone.protocol.proto.OzoneManagerProtocolProtos$OzoneManagerService$2.callBlockingMethod(OzoneManagerProtocolProtos.java) [ozone-interface-client-1.3.0-SNAPSHOT.jar:?]
	at org.apache.hadoop.ipc.ProtobufRpcEngine$Server.processCall(ProtobufRpcEngine.java:466) [hadoop-common-3.3.1.jar:?]
	at org.apache.hadoop.ipc.ProtobufRpcEngine2$Server$ProtoBufRpcInvoker.call(ProtobufRpcEngine2.java:574) [hadoop-common-3.3.1.jar:?]
	at org.apache.hadoop.ipc.ProtobufRpcEngine2$Server$ProtoBufRpcInvoker.call(ProtobufRpcEngine2.java:552) [hadoop-common-3.3.1.jar:?]
	at org.apache.hadoop.ipc.RPC$Server.call(RPC.java:1093) [hadoop-common-3.3.1.jar:?]
	at org.apache.hadoop.ipc.Server$RpcCall.run(Server.java:1035) [hadoop-common-3.3.1.jar:?]
	at org.apache.hadoop.ipc.Server$RpcCall.run(Server.java:963) [hadoop-common-3.3.1.jar:?]
	at java.security.AccessController.doPrivileged(Native Method) ~[?:1.8.0_345]
	at javax.security.auth.Subject.doAs(Subject.java:422) [?:1.8.0_345]
	at org.apache.hadoop.security.UserGroupInformation.doAs(UserGroupInformation.java:1878) [hadoop-common-3.3.1.jar:?]
	at org.apache.hadoop.ipc.Server$Handler.run(Server.java:2966) [hadoop-common-3.3.1.jar:?]
2022-10-09 13:04:22,064 [Time-limited test] WARN  ozone.BasicOzoneFileSystem (BasicOzoneFileSystem.java:getFileStatus(765)) - GetFileStatus failed for path /testBatchDelete/parent/childFolder/child7
java.io.FileNotFoundException: testBatchDelete/parent/childFolder/child7: No such file or directory!
	at org.apache.hadoop.fs.ozone.BasicOzoneClientAdapterImpl.getFileStatus(BasicOzoneClientAdapterImpl.java:369)
	at org.apache.hadoop.fs.ozone.BasicOzoneFileSystem.getFileStatus(BasicOzoneFileSystem.java:757)
	at org.apache.hadoop.fs.FileSystem.exists(FileSystem.java:1760)
	at org.apache.hadoop.fs.ozone.BasicOzoneFileSystem.exists(BasicOzoneFileSystem.java:804)
	at org.apache.hadoop.fs.ozone.TestOzoneFileSystem.testFileDelete(TestOzoneFileSystem.java:539)
	at sun.reflect.NativeMethodAccessorImpl.invoke0(Native Method)
	at sun.reflect.NativeMethodAccessorImpl.invoke(NativeMethodAccessorImpl.java:62)
	at sun.reflect.DelegatingMethodAccessorImpl.invoke(DelegatingMethodAccessorImpl.java:43)
	at java.lang.reflect.Method.invoke(Method.java:498)
	at org.junit.runners.model.FrameworkMethod$1.runReflectiveCall(FrameworkMethod.java:59)
	at org.junit.internal.runners.model.ReflectiveCallable.run(ReflectiveCallable.java:12)
	at org.junit.runners.model.FrameworkMethod.invokeExplosively(FrameworkMethod.java:56)
	at org.junit.internal.runners.statements.InvokeMethod.evaluate(InvokeMethod.java:17)
	at org.junit.internal.runners.statements.RunAfters.evaluate(RunAfters.java:27)
	at org.junit.internal.runners.statements.FailOnTimeout$CallableStatement.call(FailOnTimeout.java:288)
	at org.junit.internal.runners.statements.FailOnTimeout$CallableStatement.call(FailOnTimeout.java:282)
	at java.util.concurrent.FutureTask.run(FutureTask.java:266)
	at java.lang.Thread.run(Thread.java:750)
13:04:22.065 [IPC Server handler 6 on default port 37457] ERROR OMAudit - user=runner | ip=127.0.0.1 | op=GET_FILE_STATUS {volume=volume94578, bucket=bucket60014, key=testBatchDelete/parent, dataSize=0, replicationConfig=null} | ret=FAILURE
org.apache.hadoop.ozone.om.exceptions.OMException: Unable to get file status: volume: volume94578 bucket: bucket60014 key: testBatchDelete/parent
	at org.apache.hadoop.ozone.om.KeyManagerImpl.getOzoneFileStatus(KeyManagerImpl.java:1270) ~[ozone-manager-1.3.0-SNAPSHOT.jar:?]
	at org.apache.hadoop.ozone.om.KeyManagerImpl.getFileStatus(KeyManagerImpl.java:1200) ~[ozone-manager-1.3.0-SNAPSHOT.jar:?]
	at org.apache.hadoop.ozone.om.OzoneManager.getFileStatus(OzoneManager.java:3507) ~[ozone-manager-1.3.0-SNAPSHOT.jar:?]
	at org.apache.hadoop.ozone.protocolPB.OzoneManagerRequestHandler.getOzoneFileStatus(OzoneManagerRequestHandler.java:882) ~[ozone-manager-1.3.0-SNAPSHOT.jar:?]
	at org.apache.hadoop.ozone.protocolPB.OzoneManagerRequestHandler.handleReadRequest(OzoneManagerRequestHandler.java:228) ~[ozone-manager-1.3.0-SNAPSHOT.jar:?]
	at org.apache.hadoop.ozone.protocolPB.OzoneManagerProtocolServerSideTranslatorPB.submitReadRequestToOM(OzoneManagerProtocolServerSideTranslatorPB.java:226) ~[ozone-manager-1.3.0-SNAPSHOT.jar:?]
	at org.apache.hadoop.ozone.protocolPB.OzoneManagerProtocolServerSideTranslatorPB.processRequest(OzoneManagerProtocolServerSideTranslatorPB.java:175) ~[ozone-manager-1.3.0-SNAPSHOT.jar:?]
	at org.apache.hadoop.hdds.server.OzoneProtocolMessageDispatcher.processRequest(OzoneProtocolMessageDispatcher.java:87) [hdds-server-framework-1.3.0-SNAPSHOT.jar:?]
	at org.apache.hadoop.ozone.protocolPB.OzoneManagerProtocolServerSideTranslatorPB.submitRequest(OzoneManagerProtocolServerSideTranslatorPB.java:147) [ozone-manager-1.3.0-SNAPSHOT.jar:?]
	at org.apache.hadoop.ozone.protocol.proto.OzoneManagerProtocolProtos$OzoneManagerService$2.callBlockingMethod(OzoneManagerProtocolProtos.java) [ozone-interface-client-1.3.0-SNAPSHOT.jar:?]
	at org.apache.hadoop.ipc.ProtobufRpcEngine$Server.processCall(ProtobufRpcEngine.java:466) [hadoop-common-3.3.1.jar:?]
	at org.apache.hadoop.ipc.ProtobufRpcEngine2$Server$ProtoBufRpcInvoker.call(ProtobufRpcEngine2.java:574) [hadoop-common-3.3.1.jar:?]
	at org.apache.hadoop.ipc.ProtobufRpcEngine2$Server$ProtoBufRpcInvoker.call(ProtobufRpcEngine2.java:552) [hadoop-common-3.3.1.jar:?]
	at org.apache.hadoop.ipc.RPC$Server.call(RPC.java:1093) [hadoop-common-3.3.1.jar:?]
	at org.apache.hadoop.ipc.Server$RpcCall.run(Server.java:1035) [hadoop-common-3.3.1.jar:?]
	at org.apache.hadoop.ipc.Server$RpcCall.run(Server.java:963) [hadoop-common-3.3.1.jar:?]
	at java.security.AccessController.doPrivileged(Native Method) ~[?:1.8.0_345]
	at javax.security.auth.Subject.doAs(Subject.java:422) [?:1.8.0_345]
	at org.apache.hadoop.security.UserGroupInformation.doAs(UserGroupInformation.java:1878) [hadoop-common-3.3.1.jar:?]
	at org.apache.hadoop.ipc.Server$Handler.run(Server.java:2966) [hadoop-common-3.3.1.jar:?]
2022-10-09 13:04:22,065 [Time-limited test] WARN  ozone.BasicOzoneFileSystem (BasicOzoneFileSystem.java:getFileStatus(765)) - GetFileStatus failed for path /testBatchDelete/parent
java.io.FileNotFoundException: testBatchDelete/parent: No such file or directory!
	at org.apache.hadoop.fs.ozone.BasicOzoneClientAdapterImpl.getFileStatus(BasicOzoneClientAdapterImpl.java:369)
	at org.apache.hadoop.fs.ozone.BasicOzoneFileSystem.getFileStatus(BasicOzoneFileSystem.java:757)
	at org.apache.hadoop.fs.ozone.BasicOzoneFileSystem.delete(BasicOzoneFileSystem.java:530)
	at org.apache.hadoop.fs.ozone.TestOzoneFileSystem.testFileDelete(TestOzoneFileSystem.java:543)
	at sun.reflect.NativeMethodAccessorImpl.invoke0(Native Method)
	at sun.reflect.NativeMethodAccessorImpl.invoke(NativeMethodAccessorImpl.java:62)
	at sun.reflect.DelegatingMethodAccessorImpl.invoke(DelegatingMethodAccessorImpl.java:43)
	at java.lang.reflect.Method.invoke(Method.java:498)
	at org.junit.runners.model.FrameworkMethod$1.runReflectiveCall(FrameworkMethod.java:59)
	at org.junit.internal.runners.model.ReflectiveCallable.run(ReflectiveCallable.java:12)
	at org.junit.runners.model.FrameworkMethod.invokeExplosively(FrameworkMethod.java:56)
	at org.junit.internal.runners.statements.InvokeMethod.evaluate(InvokeMethod.java:17)
	at org.junit.internal.runners.statements.RunAfters.evaluate(RunAfters.java:27)
	at org.junit.internal.runners.statements.FailOnTimeout$CallableStatement.call(FailOnTimeout.java:288)
	at org.junit.internal.runners.statements.FailOnTimeout$CallableStatement.call(FailOnTimeout.java:282)
	at java.util.concurrent.FutureTask.run(FutureTask.java:266)
	at java.lang.Thread.run(Thread.java:750)
2022-10-09 13:04:22,066 [Time-limited test] WARN  ozone.BasicOzoneFileSystem (BasicOzoneFileSystem.java:delete(532)) - delete: Path does not exist: /testBatchDelete/parent
]]></system-out>
  </testcase>
  <testcase name="testFileDelete" classname="TestOzoneFileSystem" time="0.145">
    <system-out><![CDATA[13:05:58.246 [IPC Server handler 12 on default port 44209] ERROR OMAudit - user=runner | ip=127.0.0.1 | op=GET_FILE_STATUS {volume=volume66281, bucket=bucket85504, key=testBatchDelete, dataSize=0, replicationConfig=null} | ret=FAILURE
org.apache.hadoop.ozone.om.exceptions.OMException: Unable to get file status: volume: volume66281 bucket: bucket85504 key: testBatchDelete
	at org.apache.hadoop.ozone.om.KeyManagerImpl.getOzoneFileStatus(KeyManagerImpl.java:1270) ~[ozone-manager-1.3.0-SNAPSHOT.jar:?]
	at org.apache.hadoop.ozone.om.KeyManagerImpl.getFileStatus(KeyManagerImpl.java:1200) ~[ozone-manager-1.3.0-SNAPSHOT.jar:?]
	at org.apache.hadoop.ozone.om.OzoneManager.getFileStatus(OzoneManager.java:3507) ~[ozone-manager-1.3.0-SNAPSHOT.jar:?]
	at org.apache.hadoop.ozone.protocolPB.OzoneManagerRequestHandler.getOzoneFileStatus(OzoneManagerRequestHandler.java:882) ~[ozone-manager-1.3.0-SNAPSHOT.jar:?]
	at org.apache.hadoop.ozone.protocolPB.OzoneManagerRequestHandler.handleReadRequest(OzoneManagerRequestHandler.java:228) ~[ozone-manager-1.3.0-SNAPSHOT.jar:?]
	at org.apache.hadoop.ozone.protocolPB.OzoneManagerProtocolServerSideTranslatorPB.submitRequestDirectlyToOM(OzoneManagerProtocolServerSideTranslatorPB.java:276) ~[ozone-manager-1.3.0-SNAPSHOT.jar:?]
	at org.apache.hadoop.ozone.protocolPB.OzoneManagerProtocolServerSideTranslatorPB.processRequest(OzoneManagerProtocolServerSideTranslatorPB.java:205) ~[ozone-manager-1.3.0-SNAPSHOT.jar:?]
	at org.apache.hadoop.hdds.server.OzoneProtocolMessageDispatcher.processRequest(OzoneProtocolMessageDispatcher.java:87) [hdds-server-framework-1.3.0-SNAPSHOT.jar:?]
	at org.apache.hadoop.ozone.protocolPB.OzoneManagerProtocolServerSideTranslatorPB.submitRequest(OzoneManagerProtocolServerSideTranslatorPB.java:147) [ozone-manager-1.3.0-SNAPSHOT.jar:?]
	at org.apache.hadoop.ozone.protocol.proto.OzoneManagerProtocolProtos$OzoneManagerService$2.callBlockingMethod(OzoneManagerProtocolProtos.java) [ozone-interface-client-1.3.0-SNAPSHOT.jar:?]
	at org.apache.hadoop.ipc.ProtobufRpcEngine$Server.processCall(ProtobufRpcEngine.java:466) [hadoop-common-3.3.1.jar:?]
	at org.apache.hadoop.ipc.ProtobufRpcEngine2$Server$ProtoBufRpcInvoker.call(ProtobufRpcEngine2.java:574) [hadoop-common-3.3.1.jar:?]
	at org.apache.hadoop.ipc.ProtobufRpcEngine2$Server$ProtoBufRpcInvoker.call(ProtobufRpcEngine2.java:552) [hadoop-common-3.3.1.jar:?]
	at org.apache.hadoop.ipc.RPC$Server.call(RPC.java:1093) [hadoop-common-3.3.1.jar:?]
	at org.apache.hadoop.ipc.Server$RpcCall.run(Server.java:1035) [hadoop-common-3.3.1.jar:?]
	at org.apache.hadoop.ipc.Server$RpcCall.run(Server.java:963) [hadoop-common-3.3.1.jar:?]
	at java.security.AccessController.doPrivileged(Native Method) ~[?:1.8.0_345]
	at javax.security.auth.Subject.doAs(Subject.java:422) [?:1.8.0_345]
	at org.apache.hadoop.security.UserGroupInformation.doAs(UserGroupInformation.java:1878) [hadoop-common-3.3.1.jar:?]
	at org.apache.hadoop.ipc.Server$Handler.run(Server.java:2966) [hadoop-common-3.3.1.jar:?]
2022-10-09 13:05:58,246 [Time-limited test] WARN  ozone.BasicOzoneFileSystem (BasicOzoneFileSystem.java:getFileStatus(765)) - GetFileStatus failed for path /testBatchDelete
java.io.FileNotFoundException: testBatchDelete: No such file or directory!
	at org.apache.hadoop.fs.ozone.BasicOzoneClientAdapterImpl.getFileStatus(BasicOzoneClientAdapterImpl.java:369)
	at org.apache.hadoop.fs.ozone.BasicOzoneFileSystem.getFileStatus(BasicOzoneFileSystem.java:757)
	at org.apache.hadoop.fs.FileSystem.exists(FileSystem.java:1760)
	at org.apache.hadoop.fs.ozone.BasicOzoneFileSystem.exists(BasicOzoneFileSystem.java:804)
	at org.apache.hadoop.fs.ozone.TestOzoneFileSystem.testFileDelete(TestOzoneFileSystem.java:530)
	at sun.reflect.NativeMethodAccessorImpl.invoke0(Native Method)
	at sun.reflect.NativeMethodAccessorImpl.invoke(NativeMethodAccessorImpl.java:62)
	at sun.reflect.DelegatingMethodAccessorImpl.invoke(DelegatingMethodAccessorImpl.java:43)
	at java.lang.reflect.Method.invoke(Method.java:498)
	at org.junit.runners.model.FrameworkMethod$1.runReflectiveCall(FrameworkMethod.java:59)
	at org.junit.internal.runners.model.ReflectiveCallable.run(ReflectiveCallable.java:12)
	at org.junit.runners.model.FrameworkMethod.invokeExplosively(FrameworkMethod.java:56)
	at org.junit.internal.runners.statements.InvokeMethod.evaluate(InvokeMethod.java:17)
	at org.junit.internal.runners.statements.RunAfters.evaluate(RunAfters.java:27)
	at org.junit.internal.runners.statements.FailOnTimeout$CallableStatement.call(FailOnTimeout.java:288)
	at org.junit.internal.runners.statements.FailOnTimeout$CallableStatement.call(FailOnTimeout.java:282)
	at java.util.concurrent.FutureTask.run(FutureTask.java:266)
	at java.lang.Thread.run(Thread.java:750)
13:05:58.247 [IPC Server handler 13 on default port 44209] ERROR OMAudit - user=runner | ip=127.0.0.1 | op=GET_FILE_STATUS {volume=volume66281, bucket=bucket85504, key=testBatchDelete/parent/child0, dataSize=0, replicationConfig=null} | ret=FAILURE
org.apache.hadoop.ozone.om.exceptions.OMException: Unable to get file status: volume: volume66281 bucket: bucket85504 key: testBatchDelete/parent/child0
	at org.apache.hadoop.ozone.om.KeyManagerImpl.getOzoneFileStatus(KeyManagerImpl.java:1270) ~[ozone-manager-1.3.0-SNAPSHOT.jar:?]
	at org.apache.hadoop.ozone.om.KeyManagerImpl.getFileStatus(KeyManagerImpl.java:1200) ~[ozone-manager-1.3.0-SNAPSHOT.jar:?]
	at org.apache.hadoop.ozone.om.OzoneManager.getFileStatus(OzoneManager.java:3507) ~[ozone-manager-1.3.0-SNAPSHOT.jar:?]
	at org.apache.hadoop.ozone.protocolPB.OzoneManagerRequestHandler.getOzoneFileStatus(OzoneManagerRequestHandler.java:882) ~[ozone-manager-1.3.0-SNAPSHOT.jar:?]
	at org.apache.hadoop.ozone.protocolPB.OzoneManagerRequestHandler.handleReadRequest(OzoneManagerRequestHandler.java:228) ~[ozone-manager-1.3.0-SNAPSHOT.jar:?]
	at org.apache.hadoop.ozone.protocolPB.OzoneManagerProtocolServerSideTranslatorPB.submitRequestDirectlyToOM(OzoneManagerProtocolServerSideTranslatorPB.java:276) ~[ozone-manager-1.3.0-SNAPSHOT.jar:?]
	at org.apache.hadoop.ozone.protocolPB.OzoneManagerProtocolServerSideTranslatorPB.processRequest(OzoneManagerProtocolServerSideTranslatorPB.java:205) ~[ozone-manager-1.3.0-SNAPSHOT.jar:?]
	at org.apache.hadoop.hdds.server.OzoneProtocolMessageDispatcher.processRequest(OzoneProtocolMessageDispatcher.java:87) [hdds-server-framework-1.3.0-SNAPSHOT.jar:?]
	at org.apache.hadoop.ozone.protocolPB.OzoneManagerProtocolServerSideTranslatorPB.submitRequest(OzoneManagerProtocolServerSideTranslatorPB.java:147) [ozone-manager-1.3.0-SNAPSHOT.jar:?]
	at org.apache.hadoop.ozone.protocol.proto.OzoneManagerProtocolProtos$OzoneManagerService$2.callBlockingMethod(OzoneManagerProtocolProtos.java) [ozone-interface-client-1.3.0-SNAPSHOT.jar:?]
	at org.apache.hadoop.ipc.ProtobufRpcEngine$Server.processCall(ProtobufRpcEngine.java:466) [hadoop-common-3.3.1.jar:?]
	at org.apache.hadoop.ipc.ProtobufRpcEngine2$Server$ProtoBufRpcInvoker.call(ProtobufRpcEngine2.java:574) [hadoop-common-3.3.1.jar:?]
	at org.apache.hadoop.ipc.ProtobufRpcEngine2$Server$ProtoBufRpcInvoker.call(ProtobufRpcEngine2.java:552) [hadoop-common-3.3.1.jar:?]
	at org.apache.hadoop.ipc.RPC$Server.call(RPC.java:1093) [hadoop-common-3.3.1.jar:?]
	at org.apache.hadoop.ipc.Server$RpcCall.run(Server.java:1035) [hadoop-common-3.3.1.jar:?]
	at org.apache.hadoop.ipc.Server$RpcCall.run(Server.java:963) [hadoop-common-3.3.1.jar:?]
	at java.security.AccessController.doPrivileged(Native Method) ~[?:1.8.0_345]
	at javax.security.auth.Subject.doAs(Subject.java:422) [?:1.8.0_345]
	at org.apache.hadoop.security.UserGroupInformation.doAs(UserGroupInformation.java:1878) [hadoop-common-3.3.1.jar:?]
	at org.apache.hadoop.ipc.Server$Handler.run(Server.java:2966) [hadoop-common-3.3.1.jar:?]
2022-10-09 13:05:58,247 [Time-limited test] WARN  ozone.BasicOzoneFileSystem (BasicOzoneFileSystem.java:getFileStatus(765)) - GetFileStatus failed for path /testBatchDelete/parent/child0
java.io.FileNotFoundException: testBatchDelete/parent/child0: No such file or directory!
	at org.apache.hadoop.fs.ozone.BasicOzoneClientAdapterImpl.getFileStatus(BasicOzoneClientAdapterImpl.java:369)
	at org.apache.hadoop.fs.ozone.BasicOzoneFileSystem.getFileStatus(BasicOzoneFileSystem.java:757)
	at org.apache.hadoop.fs.FileSystem.exists(FileSystem.java:1760)
	at org.apache.hadoop.fs.ozone.BasicOzoneFileSystem.exists(BasicOzoneFileSystem.java:804)
	at org.apache.hadoop.fs.ozone.TestOzoneFileSystem.testFileDelete(TestOzoneFileSystem.java:534)
	at sun.reflect.NativeMethodAccessorImpl.invoke0(Native Method)
	at sun.reflect.NativeMethodAccessorImpl.invoke(NativeMethodAccessorImpl.java:62)
	at sun.reflect.DelegatingMethodAccessorImpl.invoke(DelegatingMethodAccessorImpl.java:43)
	at java.lang.reflect.Method.invoke(Method.java:498)
	at org.junit.runners.model.FrameworkMethod$1.runReflectiveCall(FrameworkMethod.java:59)
	at org.junit.internal.runners.model.ReflectiveCallable.run(ReflectiveCallable.java:12)
	at org.junit.runners.model.FrameworkMethod.invokeExplosively(FrameworkMethod.java:56)
	at org.junit.internal.runners.statements.InvokeMethod.evaluate(InvokeMethod.java:17)
	at org.junit.internal.runners.statements.RunAfters.evaluate(RunAfters.java:27)
	at org.junit.internal.runners.statements.FailOnTimeout$CallableStatement.call(FailOnTimeout.java:288)
	at org.junit.internal.runners.statements.FailOnTimeout$CallableStatement.call(FailOnTimeout.java:282)
	at java.util.concurrent.FutureTask.run(FutureTask.java:266)
	at java.lang.Thread.run(Thread.java:750)
13:05:58.248 [IPC Server handler 11 on default port 44209] ERROR OMAudit - user=runner | ip=127.0.0.1 | op=GET_FILE_STATUS {volume=volume66281, bucket=bucket85504, key=testBatchDelete/parent/childFolder/child0, dataSize=0, replicationConfig=null} | ret=FAILURE
org.apache.hadoop.ozone.om.exceptions.OMException: Unable to get file status: volume: volume66281 bucket: bucket85504 key: testBatchDelete/parent/childFolder/child0
	at org.apache.hadoop.ozone.om.KeyManagerImpl.getOzoneFileStatus(KeyManagerImpl.java:1270) ~[ozone-manager-1.3.0-SNAPSHOT.jar:?]
	at org.apache.hadoop.ozone.om.KeyManagerImpl.getFileStatus(KeyManagerImpl.java:1200) ~[ozone-manager-1.3.0-SNAPSHOT.jar:?]
	at org.apache.hadoop.ozone.om.OzoneManager.getFileStatus(OzoneManager.java:3507) ~[ozone-manager-1.3.0-SNAPSHOT.jar:?]
	at org.apache.hadoop.ozone.protocolPB.OzoneManagerRequestHandler.getOzoneFileStatus(OzoneManagerRequestHandler.java:882) ~[ozone-manager-1.3.0-SNAPSHOT.jar:?]
	at org.apache.hadoop.ozone.protocolPB.OzoneManagerRequestHandler.handleReadRequest(OzoneManagerRequestHandler.java:228) ~[ozone-manager-1.3.0-SNAPSHOT.jar:?]
	at org.apache.hadoop.ozone.protocolPB.OzoneManagerProtocolServerSideTranslatorPB.submitRequestDirectlyToOM(OzoneManagerProtocolServerSideTranslatorPB.java:276) ~[ozone-manager-1.3.0-SNAPSHOT.jar:?]
	at org.apache.hadoop.ozone.protocolPB.OzoneManagerProtocolServerSideTranslatorPB.processRequest(OzoneManagerProtocolServerSideTranslatorPB.java:205) ~[ozone-manager-1.3.0-SNAPSHOT.jar:?]
	at org.apache.hadoop.hdds.server.OzoneProtocolMessageDispatcher.processRequest(OzoneProtocolMessageDispatcher.java:87) [hdds-server-framework-1.3.0-SNAPSHOT.jar:?]
	at org.apache.hadoop.ozone.protocolPB.OzoneManagerProtocolServerSideTranslatorPB.submitRequest(OzoneManagerProtocolServerSideTranslatorPB.java:147) [ozone-manager-1.3.0-SNAPSHOT.jar:?]
	at org.apache.hadoop.ozone.protocol.proto.OzoneManagerProtocolProtos$OzoneManagerService$2.callBlockingMethod(OzoneManagerProtocolProtos.java) [ozone-interface-client-1.3.0-SNAPSHOT.jar:?]
	at org.apache.hadoop.ipc.ProtobufRpcEngine$Server.processCall(ProtobufRpcEngine.java:466) [hadoop-common-3.3.1.jar:?]
	at org.apache.hadoop.ipc.ProtobufRpcEngine2$Server$ProtoBufRpcInvoker.call(ProtobufRpcEngine2.java:574) [hadoop-common-3.3.1.jar:?]
	at org.apache.hadoop.ipc.ProtobufRpcEngine2$Server$ProtoBufRpcInvoker.call(ProtobufRpcEngine2.java:552) [hadoop-common-3.3.1.jar:?]
	at org.apache.hadoop.ipc.RPC$Server.call(RPC.java:1093) [hadoop-common-3.3.1.jar:?]
	at org.apache.hadoop.ipc.Server$RpcCall.run(Server.java:1035) [hadoop-common-3.3.1.jar:?]
	at org.apache.hadoop.ipc.Server$RpcCall.run(Server.java:963) [hadoop-common-3.3.1.jar:?]
	at java.security.AccessController.doPrivileged(Native Method) ~[?:1.8.0_345]
	at javax.security.auth.Subject.doAs(Subject.java:422) [?:1.8.0_345]
	at org.apache.hadoop.security.UserGroupInformation.doAs(UserGroupInformation.java:1878) [hadoop-common-3.3.1.jar:?]
	at org.apache.hadoop.ipc.Server$Handler.run(Server.java:2966) [hadoop-common-3.3.1.jar:?]
2022-10-09 13:05:58,248 [Time-limited test] WARN  ozone.BasicOzoneFileSystem (BasicOzoneFileSystem.java:getFileStatus(765)) - GetFileStatus failed for path /testBatchDelete/parent/childFolder/child0
java.io.FileNotFoundException: testBatchDelete/parent/childFolder/child0: No such file or directory!
	at org.apache.hadoop.fs.ozone.BasicOzoneClientAdapterImpl.getFileStatus(BasicOzoneClientAdapterImpl.java:369)
	at org.apache.hadoop.fs.ozone.BasicOzoneFileSystem.getFileStatus(BasicOzoneFileSystem.java:757)
	at org.apache.hadoop.fs.FileSystem.exists(FileSystem.java:1760)
	at org.apache.hadoop.fs.ozone.BasicOzoneFileSystem.exists(BasicOzoneFileSystem.java:804)
	at org.apache.hadoop.fs.ozone.TestOzoneFileSystem.testFileDelete(TestOzoneFileSystem.java:539)
	at sun.reflect.NativeMethodAccessorImpl.invoke0(Native Method)
	at sun.reflect.NativeMethodAccessorImpl.invoke(NativeMethodAccessorImpl.java:62)
	at sun.reflect.DelegatingMethodAccessorImpl.invoke(DelegatingMethodAccessorImpl.java:43)
	at java.lang.reflect.Method.invoke(Method.java:498)
	at org.junit.runners.model.FrameworkMethod$1.runReflectiveCall(FrameworkMethod.java:59)
	at org.junit.internal.runners.model.ReflectiveCallable.run(ReflectiveCallable.java:12)
	at org.junit.runners.model.FrameworkMethod.invokeExplosively(FrameworkMethod.java:56)
	at org.junit.internal.runners.statements.InvokeMethod.evaluate(InvokeMethod.java:17)
	at org.junit.internal.runners.statements.RunAfters.evaluate(RunAfters.java:27)
	at org.junit.internal.runners.statements.FailOnTimeout$CallableStatement.call(FailOnTimeout.java:288)
	at org.junit.internal.runners.statements.FailOnTimeout$CallableStatement.call(FailOnTimeout.java:282)
	at java.util.concurrent.FutureTask.run(FutureTask.java:266)
	at java.lang.Thread.run(Thread.java:750)
13:05:58.249 [IPC Server handler 10 on default port 44209] ERROR OMAudit - user=runner | ip=127.0.0.1 | op=GET_FILE_STATUS {volume=volume66281, bucket=bucket85504, key=testBatchDelete/parent/child1, dataSize=0, replicationConfig=null} | ret=FAILURE
org.apache.hadoop.ozone.om.exceptions.OMException: Unable to get file status: volume: volume66281 bucket: bucket85504 key: testBatchDelete/parent/child1
	at org.apache.hadoop.ozone.om.KeyManagerImpl.getOzoneFileStatus(KeyManagerImpl.java:1270) ~[ozone-manager-1.3.0-SNAPSHOT.jar:?]
	at org.apache.hadoop.ozone.om.KeyManagerImpl.getFileStatus(KeyManagerImpl.java:1200) ~[ozone-manager-1.3.0-SNAPSHOT.jar:?]
	at org.apache.hadoop.ozone.om.OzoneManager.getFileStatus(OzoneManager.java:3507) ~[ozone-manager-1.3.0-SNAPSHOT.jar:?]
	at org.apache.hadoop.ozone.protocolPB.OzoneManagerRequestHandler.getOzoneFileStatus(OzoneManagerRequestHandler.java:882) ~[ozone-manager-1.3.0-SNAPSHOT.jar:?]
	at org.apache.hadoop.ozone.protocolPB.OzoneManagerRequestHandler.handleReadRequest(OzoneManagerRequestHandler.java:228) ~[ozone-manager-1.3.0-SNAPSHOT.jar:?]
	at org.apache.hadoop.ozone.protocolPB.OzoneManagerProtocolServerSideTranslatorPB.submitRequestDirectlyToOM(OzoneManagerProtocolServerSideTranslatorPB.java:276) ~[ozone-manager-1.3.0-SNAPSHOT.jar:?]
	at org.apache.hadoop.ozone.protocolPB.OzoneManagerProtocolServerSideTranslatorPB.processRequest(OzoneManagerProtocolServerSideTranslatorPB.java:205) ~[ozone-manager-1.3.0-SNAPSHOT.jar:?]
	at org.apache.hadoop.hdds.server.OzoneProtocolMessageDispatcher.processRequest(OzoneProtocolMessageDispatcher.java:87) [hdds-server-framework-1.3.0-SNAPSHOT.jar:?]
	at org.apache.hadoop.ozone.protocolPB.OzoneManagerProtocolServerSideTranslatorPB.submitRequest(OzoneManagerProtocolServerSideTranslatorPB.java:147) [ozone-manager-1.3.0-SNAPSHOT.jar:?]
	at org.apache.hadoop.ozone.protocol.proto.OzoneManagerProtocolProtos$OzoneManagerService$2.callBlockingMethod(OzoneManagerProtocolProtos.java) [ozone-interface-client-1.3.0-SNAPSHOT.jar:?]
	at org.apache.hadoop.ipc.ProtobufRpcEngine$Server.processCall(ProtobufRpcEngine.java:466) [hadoop-common-3.3.1.jar:?]
	at org.apache.hadoop.ipc.ProtobufRpcEngine2$Server$ProtoBufRpcInvoker.call(ProtobufRpcEngine2.java:574) [hadoop-common-3.3.1.jar:?]
	at org.apache.hadoop.ipc.ProtobufRpcEngine2$Server$ProtoBufRpcInvoker.call(ProtobufRpcEngine2.java:552) [hadoop-common-3.3.1.jar:?]
	at org.apache.hadoop.ipc.RPC$Server.call(RPC.java:1093) [hadoop-common-3.3.1.jar:?]
	at org.apache.hadoop.ipc.Server$RpcCall.run(Server.java:1035) [hadoop-common-3.3.1.jar:?]
	at org.apache.hadoop.ipc.Server$RpcCall.run(Server.java:963) [hadoop-common-3.3.1.jar:?]
	at java.security.AccessController.doPrivileged(Native Method) ~[?:1.8.0_345]
	at javax.security.auth.Subject.doAs(Subject.java:422) [?:1.8.0_345]
	at org.apache.hadoop.security.UserGroupInformation.doAs(UserGroupInformation.java:1878) [hadoop-common-3.3.1.jar:?]
	at org.apache.hadoop.ipc.Server$Handler.run(Server.java:2966) [hadoop-common-3.3.1.jar:?]
2022-10-09 13:05:58,277 [Time-limited test] WARN  ozone.BasicOzoneFileSystem (BasicOzoneFileSystem.java:getFileStatus(765)) - GetFileStatus failed for path /testBatchDelete/parent/child1
java.io.FileNotFoundException: testBatchDelete/parent/child1: No such file or directory!
	at org.apache.hadoop.fs.ozone.BasicOzoneClientAdapterImpl.getFileStatus(BasicOzoneClientAdapterImpl.java:369)
	at org.apache.hadoop.fs.ozone.BasicOzoneFileSystem.getFileStatus(BasicOzoneFileSystem.java:757)
	at org.apache.hadoop.fs.FileSystem.exists(FileSystem.java:1760)
	at org.apache.hadoop.fs.ozone.BasicOzoneFileSystem.exists(BasicOzoneFileSystem.java:804)
	at org.apache.hadoop.fs.ozone.TestOzoneFileSystem.testFileDelete(TestOzoneFileSystem.java:534)
	at sun.reflect.NativeMethodAccessorImpl.invoke0(Native Method)
	at sun.reflect.NativeMethodAccessorImpl.invoke(NativeMethodAccessorImpl.java:62)
	at sun.reflect.DelegatingMethodAccessorImpl.invoke(DelegatingMethodAccessorImpl.java:43)
	at java.lang.reflect.Method.invoke(Method.java:498)
	at org.junit.runners.model.FrameworkMethod$1.runReflectiveCall(FrameworkMethod.java:59)
	at org.junit.internal.runners.model.ReflectiveCallable.run(ReflectiveCallable.java:12)
	at org.junit.runners.model.FrameworkMethod.invokeExplosively(FrameworkMethod.java:56)
	at org.junit.internal.runners.statements.InvokeMethod.evaluate(InvokeMethod.java:17)
	at org.junit.internal.runners.statements.RunAfters.evaluate(RunAfters.java:27)
	at org.junit.internal.runners.statements.FailOnTimeout$CallableStatement.call(FailOnTimeout.java:288)
	at org.junit.internal.runners.statements.FailOnTimeout$CallableStatement.call(FailOnTimeout.java:282)
	at java.util.concurrent.FutureTask.run(FutureTask.java:266)
	at java.lang.Thread.run(Thread.java:750)
13:05:58.277 [IPC Server handler 1 on default port 44209] ERROR OMAudit - user=runner | ip=127.0.0.1 | op=GET_FILE_STATUS {volume=volume66281, bucket=bucket85504, key=testBatchDelete/parent/childFolder/child1, dataSize=0, replicationConfig=null} | ret=FAILURE
org.apache.hadoop.ozone.om.exceptions.OMException: Unable to get file status: volume: volume66281 bucket: bucket85504 key: testBatchDelete/parent/childFolder/child1
	at org.apache.hadoop.ozone.om.KeyManagerImpl.getOzoneFileStatus(KeyManagerImpl.java:1270) ~[ozone-manager-1.3.0-SNAPSHOT.jar:?]
	at org.apache.hadoop.ozone.om.KeyManagerImpl.getFileStatus(KeyManagerImpl.java:1200) ~[ozone-manager-1.3.0-SNAPSHOT.jar:?]
	at org.apache.hadoop.ozone.om.OzoneManager.getFileStatus(OzoneManager.java:3507) ~[ozone-manager-1.3.0-SNAPSHOT.jar:?]
	at org.apache.hadoop.ozone.protocolPB.OzoneManagerRequestHandler.getOzoneFileStatus(OzoneManagerRequestHandler.java:882) ~[ozone-manager-1.3.0-SNAPSHOT.jar:?]
	at org.apache.hadoop.ozone.protocolPB.OzoneManagerRequestHandler.handleReadRequest(OzoneManagerRequestHandler.java:228) ~[ozone-manager-1.3.0-SNAPSHOT.jar:?]
	at org.apache.hadoop.ozone.protocolPB.OzoneManagerProtocolServerSideTranslatorPB.submitRequestDirectlyToOM(OzoneManagerProtocolServerSideTranslatorPB.java:276) ~[ozone-manager-1.3.0-SNAPSHOT.jar:?]
	at org.apache.hadoop.ozone.protocolPB.OzoneManagerProtocolServerSideTranslatorPB.processRequest(OzoneManagerProtocolServerSideTranslatorPB.java:205) ~[ozone-manager-1.3.0-SNAPSHOT.jar:?]
	at org.apache.hadoop.hdds.server.OzoneProtocolMessageDispatcher.processRequest(OzoneProtocolMessageDispatcher.java:87) [hdds-server-framework-1.3.0-SNAPSHOT.jar:?]
	at org.apache.hadoop.ozone.protocolPB.OzoneManagerProtocolServerSideTranslatorPB.submitRequest(OzoneManagerProtocolServerSideTranslatorPB.java:147) [ozone-manager-1.3.0-SNAPSHOT.jar:?]
	at org.apache.hadoop.ozone.protocol.proto.OzoneManagerProtocolProtos$OzoneManagerService$2.callBlockingMethod(OzoneManagerProtocolProtos.java) [ozone-interface-client-1.3.0-SNAPSHOT.jar:?]
	at org.apache.hadoop.ipc.ProtobufRpcEngine$Server.processCall(ProtobufRpcEngine.java:466) [hadoop-common-3.3.1.jar:?]
	at org.apache.hadoop.ipc.ProtobufRpcEngine2$Server$ProtoBufRpcInvoker.call(ProtobufRpcEngine2.java:574) [hadoop-common-3.3.1.jar:?]
	at org.apache.hadoop.ipc.ProtobufRpcEngine2$Server$ProtoBufRpcInvoker.call(ProtobufRpcEngine2.java:552) [hadoop-common-3.3.1.jar:?]
	at org.apache.hadoop.ipc.RPC$Server.call(RPC.java:1093) [hadoop-common-3.3.1.jar:?]
	at org.apache.hadoop.ipc.Server$RpcCall.run(Server.java:1035) [hadoop-common-3.3.1.jar:?]
	at org.apache.hadoop.ipc.Server$RpcCall.run(Server.java:963) [hadoop-common-3.3.1.jar:?]
	at java.security.AccessController.doPrivileged(Native Method) ~[?:1.8.0_345]
	at javax.security.auth.Subject.doAs(Subject.java:422) [?:1.8.0_345]
	at org.apache.hadoop.security.UserGroupInformation.doAs(UserGroupInformation.java:1878) [hadoop-common-3.3.1.jar:?]
	at org.apache.hadoop.ipc.Server$Handler.run(Server.java:2966) [hadoop-common-3.3.1.jar:?]
2022-10-09 13:05:58,278 [Time-limited test] WARN  ozone.BasicOzoneFileSystem (BasicOzoneFileSystem.java:getFileStatus(765)) - GetFileStatus failed for path /testBatchDelete/parent/childFolder/child1
java.io.FileNotFoundException: testBatchDelete/parent/childFolder/child1: No such file or directory!
	at org.apache.hadoop.fs.ozone.BasicOzoneClientAdapterImpl.getFileStatus(BasicOzoneClientAdapterImpl.java:369)
	at org.apache.hadoop.fs.ozone.BasicOzoneFileSystem.getFileStatus(BasicOzoneFileSystem.java:757)
	at org.apache.hadoop.fs.FileSystem.exists(FileSystem.java:1760)
	at org.apache.hadoop.fs.ozone.BasicOzoneFileSystem.exists(BasicOzoneFileSystem.java:804)
	at org.apache.hadoop.fs.ozone.TestOzoneFileSystem.testFileDelete(TestOzoneFileSystem.java:539)
	at sun.reflect.NativeMethodAccessorImpl.invoke0(Native Method)
	at sun.reflect.NativeMethodAccessorImpl.invoke(NativeMethodAccessorImpl.java:62)
	at sun.reflect.DelegatingMethodAccessorImpl.invoke(DelegatingMethodAccessorImpl.java:43)
	at java.lang.reflect.Method.invoke(Method.java:498)
	at org.junit.runners.model.FrameworkMethod$1.runReflectiveCall(FrameworkMethod.java:59)
	at org.junit.internal.runners.model.ReflectiveCallable.run(ReflectiveCallable.java:12)
	at org.junit.runners.model.FrameworkMethod.invokeExplosively(FrameworkMethod.java:56)
	at org.junit.internal.runners.statements.InvokeMethod.evaluate(InvokeMethod.java:17)
	at org.junit.internal.runners.statements.RunAfters.evaluate(RunAfters.java:27)
	at org.junit.internal.runners.statements.FailOnTimeout$CallableStatement.call(FailOnTimeout.java:288)
	at org.junit.internal.runners.statements.FailOnTimeout$CallableStatement.call(FailOnTimeout.java:282)
	at java.util.concurrent.FutureTask.run(FutureTask.java:266)
	at java.lang.Thread.run(Thread.java:750)
13:05:58.278 [IPC Server handler 17 on default port 44209] ERROR OMAudit - user=runner | ip=127.0.0.1 | op=GET_FILE_STATUS {volume=volume66281, bucket=bucket85504, key=testBatchDelete/parent/child2, dataSize=0, replicationConfig=null} | ret=FAILURE
org.apache.hadoop.ozone.om.exceptions.OMException: Unable to get file status: volume: volume66281 bucket: bucket85504 key: testBatchDelete/parent/child2
	at org.apache.hadoop.ozone.om.KeyManagerImpl.getOzoneFileStatus(KeyManagerImpl.java:1270) ~[ozone-manager-1.3.0-SNAPSHOT.jar:?]
	at org.apache.hadoop.ozone.om.KeyManagerImpl.getFileStatus(KeyManagerImpl.java:1200) ~[ozone-manager-1.3.0-SNAPSHOT.jar:?]
	at org.apache.hadoop.ozone.om.OzoneManager.getFileStatus(OzoneManager.java:3507) ~[ozone-manager-1.3.0-SNAPSHOT.jar:?]
	at org.apache.hadoop.ozone.protocolPB.OzoneManagerRequestHandler.getOzoneFileStatus(OzoneManagerRequestHandler.java:882) ~[ozone-manager-1.3.0-SNAPSHOT.jar:?]
	at org.apache.hadoop.ozone.protocolPB.OzoneManagerRequestHandler.handleReadRequest(OzoneManagerRequestHandler.java:228) ~[ozone-manager-1.3.0-SNAPSHOT.jar:?]
	at org.apache.hadoop.ozone.protocolPB.OzoneManagerProtocolServerSideTranslatorPB.submitRequestDirectlyToOM(OzoneManagerProtocolServerSideTranslatorPB.java:276) ~[ozone-manager-1.3.0-SNAPSHOT.jar:?]
	at org.apache.hadoop.ozone.protocolPB.OzoneManagerProtocolServerSideTranslatorPB.processRequest(OzoneManagerProtocolServerSideTranslatorPB.java:205) ~[ozone-manager-1.3.0-SNAPSHOT.jar:?]
	at org.apache.hadoop.hdds.server.OzoneProtocolMessageDispatcher.processRequest(OzoneProtocolMessageDispatcher.java:87) [hdds-server-framework-1.3.0-SNAPSHOT.jar:?]
	at org.apache.hadoop.ozone.protocolPB.OzoneManagerProtocolServerSideTranslatorPB.submitRequest(OzoneManagerProtocolServerSideTranslatorPB.java:147) [ozone-manager-1.3.0-SNAPSHOT.jar:?]
	at org.apache.hadoop.ozone.protocol.proto.OzoneManagerProtocolProtos$OzoneManagerService$2.callBlockingMethod(OzoneManagerProtocolProtos.java) [ozone-interface-client-1.3.0-SNAPSHOT.jar:?]
	at org.apache.hadoop.ipc.ProtobufRpcEngine$Server.processCall(ProtobufRpcEngine.java:466) [hadoop-common-3.3.1.jar:?]
	at org.apache.hadoop.ipc.ProtobufRpcEngine2$Server$ProtoBufRpcInvoker.call(ProtobufRpcEngine2.java:574) [hadoop-common-3.3.1.jar:?]
	at org.apache.hadoop.ipc.ProtobufRpcEngine2$Server$ProtoBufRpcInvoker.call(ProtobufRpcEngine2.java:552) [hadoop-common-3.3.1.jar:?]
	at org.apache.hadoop.ipc.RPC$Server.call(RPC.java:1093) [hadoop-common-3.3.1.jar:?]
	at org.apache.hadoop.ipc.Server$RpcCall.run(Server.java:1035) [hadoop-common-3.3.1.jar:?]
	at org.apache.hadoop.ipc.Server$RpcCall.run(Server.java:963) [hadoop-common-3.3.1.jar:?]
	at java.security.AccessController.doPrivileged(Native Method) ~[?:1.8.0_345]
	at javax.security.auth.Subject.doAs(Subject.java:422) [?:1.8.0_345]
	at org.apache.hadoop.security.UserGroupInformation.doAs(UserGroupInformation.java:1878) [hadoop-common-3.3.1.jar:?]
	at org.apache.hadoop.ipc.Server$Handler.run(Server.java:2966) [hadoop-common-3.3.1.jar:?]
2022-10-09 13:05:58,278 [Time-limited test] WARN  ozone.BasicOzoneFileSystem (BasicOzoneFileSystem.java:getFileStatus(765)) - GetFileStatus failed for path /testBatchDelete/parent/child2
java.io.FileNotFoundException: testBatchDelete/parent/child2: No such file or directory!
	at org.apache.hadoop.fs.ozone.BasicOzoneClientAdapterImpl.getFileStatus(BasicOzoneClientAdapterImpl.java:369)
	at org.apache.hadoop.fs.ozone.BasicOzoneFileSystem.getFileStatus(BasicOzoneFileSystem.java:757)
	at org.apache.hadoop.fs.FileSystem.exists(FileSystem.java:1760)
	at org.apache.hadoop.fs.ozone.BasicOzoneFileSystem.exists(BasicOzoneFileSystem.java:804)
	at org.apache.hadoop.fs.ozone.TestOzoneFileSystem.testFileDelete(TestOzoneFileSystem.java:534)
	at sun.reflect.NativeMethodAccessorImpl.invoke0(Native Method)
	at sun.reflect.NativeMethodAccessorImpl.invoke(NativeMethodAccessorImpl.java:62)
	at sun.reflect.DelegatingMethodAccessorImpl.invoke(DelegatingMethodAccessorImpl.java:43)
	at java.lang.reflect.Method.invoke(Method.java:498)
	at org.junit.runners.model.FrameworkMethod$1.runReflectiveCall(FrameworkMethod.java:59)
	at org.junit.internal.runners.model.ReflectiveCallable.run(ReflectiveCallable.java:12)
	at org.junit.runners.model.FrameworkMethod.invokeExplosively(FrameworkMethod.java:56)
	at org.junit.internal.runners.statements.InvokeMethod.evaluate(InvokeMethod.java:17)
	at org.junit.internal.runners.statements.RunAfters.evaluate(RunAfters.java:27)
	at org.junit.internal.runners.statements.FailOnTimeout$CallableStatement.call(FailOnTimeout.java:288)
	at org.junit.internal.runners.statements.FailOnTimeout$CallableStatement.call(FailOnTimeout.java:282)
	at java.util.concurrent.FutureTask.run(FutureTask.java:266)
	at java.lang.Thread.run(Thread.java:750)
13:05:58.279 [IPC Server handler 15 on default port 44209] ERROR OMAudit - user=runner | ip=127.0.0.1 | op=GET_FILE_STATUS {volume=volume66281, bucket=bucket85504, key=testBatchDelete/parent/childFolder/child2, dataSize=0, replicationConfig=null} | ret=FAILURE
org.apache.hadoop.ozone.om.exceptions.OMException: Unable to get file status: volume: volume66281 bucket: bucket85504 key: testBatchDelete/parent/childFolder/child2
	at org.apache.hadoop.ozone.om.KeyManagerImpl.getOzoneFileStatus(KeyManagerImpl.java:1270) ~[ozone-manager-1.3.0-SNAPSHOT.jar:?]
	at org.apache.hadoop.ozone.om.KeyManagerImpl.getFileStatus(KeyManagerImpl.java:1200) ~[ozone-manager-1.3.0-SNAPSHOT.jar:?]
	at org.apache.hadoop.ozone.om.OzoneManager.getFileStatus(OzoneManager.java:3507) ~[ozone-manager-1.3.0-SNAPSHOT.jar:?]
	at org.apache.hadoop.ozone.protocolPB.OzoneManagerRequestHandler.getOzoneFileStatus(OzoneManagerRequestHandler.java:882) ~[ozone-manager-1.3.0-SNAPSHOT.jar:?]
	at org.apache.hadoop.ozone.protocolPB.OzoneManagerRequestHandler.handleReadRequest(OzoneManagerRequestHandler.java:228) ~[ozone-manager-1.3.0-SNAPSHOT.jar:?]
	at org.apache.hadoop.ozone.protocolPB.OzoneManagerProtocolServerSideTranslatorPB.submitRequestDirectlyToOM(OzoneManagerProtocolServerSideTranslatorPB.java:276) ~[ozone-manager-1.3.0-SNAPSHOT.jar:?]
	at org.apache.hadoop.ozone.protocolPB.OzoneManagerProtocolServerSideTranslatorPB.processRequest(OzoneManagerProtocolServerSideTranslatorPB.java:205) ~[ozone-manager-1.3.0-SNAPSHOT.jar:?]
	at org.apache.hadoop.hdds.server.OzoneProtocolMessageDispatcher.processRequest(OzoneProtocolMessageDispatcher.java:87) [hdds-server-framework-1.3.0-SNAPSHOT.jar:?]
	at org.apache.hadoop.ozone.protocolPB.OzoneManagerProtocolServerSideTranslatorPB.submitRequest(OzoneManagerProtocolServerSideTranslatorPB.java:147) [ozone-manager-1.3.0-SNAPSHOT.jar:?]
	at org.apache.hadoop.ozone.protocol.proto.OzoneManagerProtocolProtos$OzoneManagerService$2.callBlockingMethod(OzoneManagerProtocolProtos.java) [ozone-interface-client-1.3.0-SNAPSHOT.jar:?]
	at org.apache.hadoop.ipc.ProtobufRpcEngine$Server.processCall(ProtobufRpcEngine.java:466) [hadoop-common-3.3.1.jar:?]
	at org.apache.hadoop.ipc.ProtobufRpcEngine2$Server$ProtoBufRpcInvoker.call(ProtobufRpcEngine2.java:574) [hadoop-common-3.3.1.jar:?]
	at org.apache.hadoop.ipc.ProtobufRpcEngine2$Server$ProtoBufRpcInvoker.call(ProtobufRpcEngine2.java:552) [hadoop-common-3.3.1.jar:?]
	at org.apache.hadoop.ipc.RPC$Server.call(RPC.java:1093) [hadoop-common-3.3.1.jar:?]
	at org.apache.hadoop.ipc.Server$RpcCall.run(Server.java:1035) [hadoop-common-3.3.1.jar:?]
	at org.apache.hadoop.ipc.Server$RpcCall.run(Server.java:963) [hadoop-common-3.3.1.jar:?]
	at java.security.AccessController.doPrivileged(Native Method) ~[?:1.8.0_345]
	at javax.security.auth.Subject.doAs(Subject.java:422) [?:1.8.0_345]
	at org.apache.hadoop.security.UserGroupInformation.doAs(UserGroupInformation.java:1878) [hadoop-common-3.3.1.jar:?]
	at org.apache.hadoop.ipc.Server$Handler.run(Server.java:2966) [hadoop-common-3.3.1.jar:?]
2022-10-09 13:05:58,279 [Time-limited test] WARN  ozone.BasicOzoneFileSystem (BasicOzoneFileSystem.java:getFileStatus(765)) - GetFileStatus failed for path /testBatchDelete/parent/childFolder/child2
java.io.FileNotFoundException: testBatchDelete/parent/childFolder/child2: No such file or directory!
	at org.apache.hadoop.fs.ozone.BasicOzoneClientAdapterImpl.getFileStatus(BasicOzoneClientAdapterImpl.java:369)
	at org.apache.hadoop.fs.ozone.BasicOzoneFileSystem.getFileStatus(BasicOzoneFileSystem.java:757)
	at org.apache.hadoop.fs.FileSystem.exists(FileSystem.java:1760)
	at org.apache.hadoop.fs.ozone.BasicOzoneFileSystem.exists(BasicOzoneFileSystem.java:804)
	at org.apache.hadoop.fs.ozone.TestOzoneFileSystem.testFileDelete(TestOzoneFileSystem.java:539)
	at sun.reflect.NativeMethodAccessorImpl.invoke0(Native Method)
	at sun.reflect.NativeMethodAccessorImpl.invoke(NativeMethodAccessorImpl.java:62)
	at sun.reflect.DelegatingMethodAccessorImpl.invoke(DelegatingMethodAccessorImpl.java:43)
	at java.lang.reflect.Method.invoke(Method.java:498)
	at org.junit.runners.model.FrameworkMethod$1.runReflectiveCall(FrameworkMethod.java:59)
	at org.junit.internal.runners.model.ReflectiveCallable.run(ReflectiveCallable.java:12)
	at org.junit.runners.model.FrameworkMethod.invokeExplosively(FrameworkMethod.java:56)
	at org.junit.internal.runners.statements.InvokeMethod.evaluate(InvokeMethod.java:17)
	at org.junit.internal.runners.statements.RunAfters.evaluate(RunAfters.java:27)
	at org.junit.internal.runners.statements.FailOnTimeout$CallableStatement.call(FailOnTimeout.java:288)
	at org.junit.internal.runners.statements.FailOnTimeout$CallableStatement.call(FailOnTimeout.java:282)
	at java.util.concurrent.FutureTask.run(FutureTask.java:266)
	at java.lang.Thread.run(Thread.java:750)
13:05:58.280 [IPC Server handler 19 on default port 44209] ERROR OMAudit - user=runner | ip=127.0.0.1 | op=GET_FILE_STATUS {volume=volume66281, bucket=bucket85504, key=testBatchDelete/parent/child3, dataSize=0, replicationConfig=null} | ret=FAILURE
org.apache.hadoop.ozone.om.exceptions.OMException: Unable to get file status: volume: volume66281 bucket: bucket85504 key: testBatchDelete/parent/child3
	at org.apache.hadoop.ozone.om.KeyManagerImpl.getOzoneFileStatus(KeyManagerImpl.java:1270) ~[ozone-manager-1.3.0-SNAPSHOT.jar:?]
	at org.apache.hadoop.ozone.om.KeyManagerImpl.getFileStatus(KeyManagerImpl.java:1200) ~[ozone-manager-1.3.0-SNAPSHOT.jar:?]
	at org.apache.hadoop.ozone.om.OzoneManager.getFileStatus(OzoneManager.java:3507) ~[ozone-manager-1.3.0-SNAPSHOT.jar:?]
	at org.apache.hadoop.ozone.protocolPB.OzoneManagerRequestHandler.getOzoneFileStatus(OzoneManagerRequestHandler.java:882) ~[ozone-manager-1.3.0-SNAPSHOT.jar:?]
	at org.apache.hadoop.ozone.protocolPB.OzoneManagerRequestHandler.handleReadRequest(OzoneManagerRequestHandler.java:228) ~[ozone-manager-1.3.0-SNAPSHOT.jar:?]
	at org.apache.hadoop.ozone.protocolPB.OzoneManagerProtocolServerSideTranslatorPB.submitRequestDirectlyToOM(OzoneManagerProtocolServerSideTranslatorPB.java:276) ~[ozone-manager-1.3.0-SNAPSHOT.jar:?]
	at org.apache.hadoop.ozone.protocolPB.OzoneManagerProtocolServerSideTranslatorPB.processRequest(OzoneManagerProtocolServerSideTranslatorPB.java:205) ~[ozone-manager-1.3.0-SNAPSHOT.jar:?]
	at org.apache.hadoop.hdds.server.OzoneProtocolMessageDispatcher.processRequest(OzoneProtocolMessageDispatcher.java:87) [hdds-server-framework-1.3.0-SNAPSHOT.jar:?]
	at org.apache.hadoop.ozone.protocolPB.OzoneManagerProtocolServerSideTranslatorPB.submitRequest(OzoneManagerProtocolServerSideTranslatorPB.java:147) [ozone-manager-1.3.0-SNAPSHOT.jar:?]
	at org.apache.hadoop.ozone.protocol.proto.OzoneManagerProtocolProtos$OzoneManagerService$2.callBlockingMethod(OzoneManagerProtocolProtos.java) [ozone-interface-client-1.3.0-SNAPSHOT.jar:?]
	at org.apache.hadoop.ipc.ProtobufRpcEngine$Server.processCall(ProtobufRpcEngine.java:466) [hadoop-common-3.3.1.jar:?]
	at org.apache.hadoop.ipc.ProtobufRpcEngine2$Server$ProtoBufRpcInvoker.call(ProtobufRpcEngine2.java:574) [hadoop-common-3.3.1.jar:?]
	at org.apache.hadoop.ipc.ProtobufRpcEngine2$Server$ProtoBufRpcInvoker.call(ProtobufRpcEngine2.java:552) [hadoop-common-3.3.1.jar:?]
	at org.apache.hadoop.ipc.RPC$Server.call(RPC.java:1093) [hadoop-common-3.3.1.jar:?]
	at org.apache.hadoop.ipc.Server$RpcCall.run(Server.java:1035) [hadoop-common-3.3.1.jar:?]
	at org.apache.hadoop.ipc.Server$RpcCall.run(Server.java:963) [hadoop-common-3.3.1.jar:?]
	at java.security.AccessController.doPrivileged(Native Method) ~[?:1.8.0_345]
	at javax.security.auth.Subject.doAs(Subject.java:422) [?:1.8.0_345]
	at org.apache.hadoop.security.UserGroupInformation.doAs(UserGroupInformation.java:1878) [hadoop-common-3.3.1.jar:?]
	at org.apache.hadoop.ipc.Server$Handler.run(Server.java:2966) [hadoop-common-3.3.1.jar:?]
2022-10-09 13:05:58,280 [Time-limited test] WARN  ozone.BasicOzoneFileSystem (BasicOzoneFileSystem.java:getFileStatus(765)) - GetFileStatus failed for path /testBatchDelete/parent/child3
java.io.FileNotFoundException: testBatchDelete/parent/child3: No such file or directory!
	at org.apache.hadoop.fs.ozone.BasicOzoneClientAdapterImpl.getFileStatus(BasicOzoneClientAdapterImpl.java:369)
	at org.apache.hadoop.fs.ozone.BasicOzoneFileSystem.getFileStatus(BasicOzoneFileSystem.java:757)
	at org.apache.hadoop.fs.FileSystem.exists(FileSystem.java:1760)
	at org.apache.hadoop.fs.ozone.BasicOzoneFileSystem.exists(BasicOzoneFileSystem.java:804)
	at org.apache.hadoop.fs.ozone.TestOzoneFileSystem.testFileDelete(TestOzoneFileSystem.java:534)
	at sun.reflect.NativeMethodAccessorImpl.invoke0(Native Method)
	at sun.reflect.NativeMethodAccessorImpl.invoke(NativeMethodAccessorImpl.java:62)
	at sun.reflect.DelegatingMethodAccessorImpl.invoke(DelegatingMethodAccessorImpl.java:43)
	at java.lang.reflect.Method.invoke(Method.java:498)
	at org.junit.runners.model.FrameworkMethod$1.runReflectiveCall(FrameworkMethod.java:59)
	at org.junit.internal.runners.model.ReflectiveCallable.run(ReflectiveCallable.java:12)
	at org.junit.runners.model.FrameworkMethod.invokeExplosively(FrameworkMethod.java:56)
	at org.junit.internal.runners.statements.InvokeMethod.evaluate(InvokeMethod.java:17)
	at org.junit.internal.runners.statements.RunAfters.evaluate(RunAfters.java:27)
	at org.junit.internal.runners.statements.FailOnTimeout$CallableStatement.call(FailOnTimeout.java:288)
	at org.junit.internal.runners.statements.FailOnTimeout$CallableStatement.call(FailOnTimeout.java:282)
	at java.util.concurrent.FutureTask.run(FutureTask.java:266)
	at java.lang.Thread.run(Thread.java:750)
13:05:58.280 [IPC Server handler 16 on default port 44209] ERROR OMAudit - user=runner | ip=127.0.0.1 | op=GET_FILE_STATUS {volume=volume66281, bucket=bucket85504, key=testBatchDelete/parent/childFolder/child3, dataSize=0, replicationConfig=null} | ret=FAILURE
org.apache.hadoop.ozone.om.exceptions.OMException: Unable to get file status: volume: volume66281 bucket: bucket85504 key: testBatchDelete/parent/childFolder/child3
	at org.apache.hadoop.ozone.om.KeyManagerImpl.getOzoneFileStatus(KeyManagerImpl.java:1270) ~[ozone-manager-1.3.0-SNAPSHOT.jar:?]
	at org.apache.hadoop.ozone.om.KeyManagerImpl.getFileStatus(KeyManagerImpl.java:1200) ~[ozone-manager-1.3.0-SNAPSHOT.jar:?]
	at org.apache.hadoop.ozone.om.OzoneManager.getFileStatus(OzoneManager.java:3507) ~[ozone-manager-1.3.0-SNAPSHOT.jar:?]
	at org.apache.hadoop.ozone.protocolPB.OzoneManagerRequestHandler.getOzoneFileStatus(OzoneManagerRequestHandler.java:882) ~[ozone-manager-1.3.0-SNAPSHOT.jar:?]
	at org.apache.hadoop.ozone.protocolPB.OzoneManagerRequestHandler.handleReadRequest(OzoneManagerRequestHandler.java:228) ~[ozone-manager-1.3.0-SNAPSHOT.jar:?]
	at org.apache.hadoop.ozone.protocolPB.OzoneManagerProtocolServerSideTranslatorPB.submitRequestDirectlyToOM(OzoneManagerProtocolServerSideTranslatorPB.java:276) ~[ozone-manager-1.3.0-SNAPSHOT.jar:?]
	at org.apache.hadoop.ozone.protocolPB.OzoneManagerProtocolServerSideTranslatorPB.processRequest(OzoneManagerProtocolServerSideTranslatorPB.java:205) ~[ozone-manager-1.3.0-SNAPSHOT.jar:?]
	at org.apache.hadoop.hdds.server.OzoneProtocolMessageDispatcher.processRequest(OzoneProtocolMessageDispatcher.java:87) [hdds-server-framework-1.3.0-SNAPSHOT.jar:?]
	at org.apache.hadoop.ozone.protocolPB.OzoneManagerProtocolServerSideTranslatorPB.submitRequest(OzoneManagerProtocolServerSideTranslatorPB.java:147) [ozone-manager-1.3.0-SNAPSHOT.jar:?]
	at org.apache.hadoop.ozone.protocol.proto.OzoneManagerProtocolProtos$OzoneManagerService$2.callBlockingMethod(OzoneManagerProtocolProtos.java) [ozone-interface-client-1.3.0-SNAPSHOT.jar:?]
	at org.apache.hadoop.ipc.ProtobufRpcEngine$Server.processCall(ProtobufRpcEngine.java:466) [hadoop-common-3.3.1.jar:?]
	at org.apache.hadoop.ipc.ProtobufRpcEngine2$Server$ProtoBufRpcInvoker.call(ProtobufRpcEngine2.java:574) [hadoop-common-3.3.1.jar:?]
	at org.apache.hadoop.ipc.ProtobufRpcEngine2$Server$ProtoBufRpcInvoker.call(ProtobufRpcEngine2.java:552) [hadoop-common-3.3.1.jar:?]
	at org.apache.hadoop.ipc.RPC$Server.call(RPC.java:1093) [hadoop-common-3.3.1.jar:?]
	at org.apache.hadoop.ipc.Server$RpcCall.run(Server.java:1035) [hadoop-common-3.3.1.jar:?]
	at org.apache.hadoop.ipc.Server$RpcCall.run(Server.java:963) [hadoop-common-3.3.1.jar:?]
	at java.security.AccessController.doPrivileged(Native Method) ~[?:1.8.0_345]
	at javax.security.auth.Subject.doAs(Subject.java:422) [?:1.8.0_345]
	at org.apache.hadoop.security.UserGroupInformation.doAs(UserGroupInformation.java:1878) [hadoop-common-3.3.1.jar:?]
	at org.apache.hadoop.ipc.Server$Handler.run(Server.java:2966) [hadoop-common-3.3.1.jar:?]
2022-10-09 13:05:58,281 [Time-limited test] WARN  ozone.BasicOzoneFileSystem (BasicOzoneFileSystem.java:getFileStatus(765)) - GetFileStatus failed for path /testBatchDelete/parent/childFolder/child3
java.io.FileNotFoundException: testBatchDelete/parent/childFolder/child3: No such file or directory!
	at org.apache.hadoop.fs.ozone.BasicOzoneClientAdapterImpl.getFileStatus(BasicOzoneClientAdapterImpl.java:369)
	at org.apache.hadoop.fs.ozone.BasicOzoneFileSystem.getFileStatus(BasicOzoneFileSystem.java:757)
	at org.apache.hadoop.fs.FileSystem.exists(FileSystem.java:1760)
	at org.apache.hadoop.fs.ozone.BasicOzoneFileSystem.exists(BasicOzoneFileSystem.java:804)
	at org.apache.hadoop.fs.ozone.TestOzoneFileSystem.testFileDelete(TestOzoneFileSystem.java:539)
	at sun.reflect.NativeMethodAccessorImpl.invoke0(Native Method)
	at sun.reflect.NativeMethodAccessorImpl.invoke(NativeMethodAccessorImpl.java:62)
	at sun.reflect.DelegatingMethodAccessorImpl.invoke(DelegatingMethodAccessorImpl.java:43)
	at java.lang.reflect.Method.invoke(Method.java:498)
	at org.junit.runners.model.FrameworkMethod$1.runReflectiveCall(FrameworkMethod.java:59)
	at org.junit.internal.runners.model.ReflectiveCallable.run(ReflectiveCallable.java:12)
	at org.junit.runners.model.FrameworkMethod.invokeExplosively(FrameworkMethod.java:56)
	at org.junit.internal.runners.statements.InvokeMethod.evaluate(InvokeMethod.java:17)
	at org.junit.internal.runners.statements.RunAfters.evaluate(RunAfters.java:27)
	at org.junit.internal.runners.statements.FailOnTimeout$CallableStatement.call(FailOnTimeout.java:288)
	at org.junit.internal.runners.statements.FailOnTimeout$CallableStatement.call(FailOnTimeout.java:282)
	at java.util.concurrent.FutureTask.run(FutureTask.java:266)
	at java.lang.Thread.run(Thread.java:750)
13:05:58.281 [IPC Server handler 14 on default port 44209] ERROR OMAudit - user=runner | ip=127.0.0.1 | op=GET_FILE_STATUS {volume=volume66281, bucket=bucket85504, key=testBatchDelete/parent/child4, dataSize=0, replicationConfig=null} | ret=FAILURE
org.apache.hadoop.ozone.om.exceptions.OMException: Unable to get file status: volume: volume66281 bucket: bucket85504 key: testBatchDelete/parent/child4
	at org.apache.hadoop.ozone.om.KeyManagerImpl.getOzoneFileStatus(KeyManagerImpl.java:1270) ~[ozone-manager-1.3.0-SNAPSHOT.jar:?]
	at org.apache.hadoop.ozone.om.KeyManagerImpl.getFileStatus(KeyManagerImpl.java:1200) ~[ozone-manager-1.3.0-SNAPSHOT.jar:?]
	at org.apache.hadoop.ozone.om.OzoneManager.getFileStatus(OzoneManager.java:3507) ~[ozone-manager-1.3.0-SNAPSHOT.jar:?]
	at org.apache.hadoop.ozone.protocolPB.OzoneManagerRequestHandler.getOzoneFileStatus(OzoneManagerRequestHandler.java:882) ~[ozone-manager-1.3.0-SNAPSHOT.jar:?]
	at org.apache.hadoop.ozone.protocolPB.OzoneManagerRequestHandler.handleReadRequest(OzoneManagerRequestHandler.java:228) ~[ozone-manager-1.3.0-SNAPSHOT.jar:?]
	at org.apache.hadoop.ozone.protocolPB.OzoneManagerProtocolServerSideTranslatorPB.submitRequestDirectlyToOM(OzoneManagerProtocolServerSideTranslatorPB.java:276) ~[ozone-manager-1.3.0-SNAPSHOT.jar:?]
	at org.apache.hadoop.ozone.protocolPB.OzoneManagerProtocolServerSideTranslatorPB.processRequest(OzoneManagerProtocolServerSideTranslatorPB.java:205) ~[ozone-manager-1.3.0-SNAPSHOT.jar:?]
	at org.apache.hadoop.hdds.server.OzoneProtocolMessageDispatcher.processRequest(OzoneProtocolMessageDispatcher.java:87) [hdds-server-framework-1.3.0-SNAPSHOT.jar:?]
	at org.apache.hadoop.ozone.protocolPB.OzoneManagerProtocolServerSideTranslatorPB.submitRequest(OzoneManagerProtocolServerSideTranslatorPB.java:147) [ozone-manager-1.3.0-SNAPSHOT.jar:?]
	at org.apache.hadoop.ozone.protocol.proto.OzoneManagerProtocolProtos$OzoneManagerService$2.callBlockingMethod(OzoneManagerProtocolProtos.java) [ozone-interface-client-1.3.0-SNAPSHOT.jar:?]
	at org.apache.hadoop.ipc.ProtobufRpcEngine$Server.processCall(ProtobufRpcEngine.java:466) [hadoop-common-3.3.1.jar:?]
	at org.apache.hadoop.ipc.ProtobufRpcEngine2$Server$ProtoBufRpcInvoker.call(ProtobufRpcEngine2.java:574) [hadoop-common-3.3.1.jar:?]
	at org.apache.hadoop.ipc.ProtobufRpcEngine2$Server$ProtoBufRpcInvoker.call(ProtobufRpcEngine2.java:552) [hadoop-common-3.3.1.jar:?]
	at org.apache.hadoop.ipc.RPC$Server.call(RPC.java:1093) [hadoop-common-3.3.1.jar:?]
	at org.apache.hadoop.ipc.Server$RpcCall.run(Server.java:1035) [hadoop-common-3.3.1.jar:?]
	at org.apache.hadoop.ipc.Server$RpcCall.run(Server.java:963) [hadoop-common-3.3.1.jar:?]
	at java.security.AccessController.doPrivileged(Native Method) ~[?:1.8.0_345]
	at javax.security.auth.Subject.doAs(Subject.java:422) [?:1.8.0_345]
	at org.apache.hadoop.security.UserGroupInformation.doAs(UserGroupInformation.java:1878) [hadoop-common-3.3.1.jar:?]
	at org.apache.hadoop.ipc.Server$Handler.run(Server.java:2966) [hadoop-common-3.3.1.jar:?]
2022-10-09 13:05:58,282 [Time-limited test] WARN  ozone.BasicOzoneFileSystem (BasicOzoneFileSystem.java:getFileStatus(765)) - GetFileStatus failed for path /testBatchDelete/parent/child4
java.io.FileNotFoundException: testBatchDelete/parent/child4: No such file or directory!
	at org.apache.hadoop.fs.ozone.BasicOzoneClientAdapterImpl.getFileStatus(BasicOzoneClientAdapterImpl.java:369)
	at org.apache.hadoop.fs.ozone.BasicOzoneFileSystem.getFileStatus(BasicOzoneFileSystem.java:757)
	at org.apache.hadoop.fs.FileSystem.exists(FileSystem.java:1760)
	at org.apache.hadoop.fs.ozone.BasicOzoneFileSystem.exists(BasicOzoneFileSystem.java:804)
	at org.apache.hadoop.fs.ozone.TestOzoneFileSystem.testFileDelete(TestOzoneFileSystem.java:534)
	at sun.reflect.NativeMethodAccessorImpl.invoke0(Native Method)
	at sun.reflect.NativeMethodAccessorImpl.invoke(NativeMethodAccessorImpl.java:62)
	at sun.reflect.DelegatingMethodAccessorImpl.invoke(DelegatingMethodAccessorImpl.java:43)
	at java.lang.reflect.Method.invoke(Method.java:498)
	at org.junit.runners.model.FrameworkMethod$1.runReflectiveCall(FrameworkMethod.java:59)
	at org.junit.internal.runners.model.ReflectiveCallable.run(ReflectiveCallable.java:12)
	at org.junit.runners.model.FrameworkMethod.invokeExplosively(FrameworkMethod.java:56)
	at org.junit.internal.runners.statements.InvokeMethod.evaluate(InvokeMethod.java:17)
	at org.junit.internal.runners.statements.RunAfters.evaluate(RunAfters.java:27)
	at org.junit.internal.runners.statements.FailOnTimeout$CallableStatement.call(FailOnTimeout.java:288)
	at org.junit.internal.runners.statements.FailOnTimeout$CallableStatement.call(FailOnTimeout.java:282)
	at java.util.concurrent.FutureTask.run(FutureTask.java:266)
	at java.lang.Thread.run(Thread.java:750)
13:05:58.282 [IPC Server handler 0 on default port 44209] ERROR OMAudit - user=runner | ip=127.0.0.1 | op=GET_FILE_STATUS {volume=volume66281, bucket=bucket85504, key=testBatchDelete/parent/childFolder/child4, dataSize=0, replicationConfig=null} | ret=FAILURE
org.apache.hadoop.ozone.om.exceptions.OMException: Unable to get file status: volume: volume66281 bucket: bucket85504 key: testBatchDelete/parent/childFolder/child4
	at org.apache.hadoop.ozone.om.KeyManagerImpl.getOzoneFileStatus(KeyManagerImpl.java:1270) ~[ozone-manager-1.3.0-SNAPSHOT.jar:?]
	at org.apache.hadoop.ozone.om.KeyManagerImpl.getFileStatus(KeyManagerImpl.java:1200) ~[ozone-manager-1.3.0-SNAPSHOT.jar:?]
	at org.apache.hadoop.ozone.om.OzoneManager.getFileStatus(OzoneManager.java:3507) ~[ozone-manager-1.3.0-SNAPSHOT.jar:?]
	at org.apache.hadoop.ozone.protocolPB.OzoneManagerRequestHandler.getOzoneFileStatus(OzoneManagerRequestHandler.java:882) ~[ozone-manager-1.3.0-SNAPSHOT.jar:?]
	at org.apache.hadoop.ozone.protocolPB.OzoneManagerRequestHandler.handleReadRequest(OzoneManagerRequestHandler.java:228) ~[ozone-manager-1.3.0-SNAPSHOT.jar:?]
	at org.apache.hadoop.ozone.protocolPB.OzoneManagerProtocolServerSideTranslatorPB.submitRequestDirectlyToOM(OzoneManagerProtocolServerSideTranslatorPB.java:276) ~[ozone-manager-1.3.0-SNAPSHOT.jar:?]
	at org.apache.hadoop.ozone.protocolPB.OzoneManagerProtocolServerSideTranslatorPB.processRequest(OzoneManagerProtocolServerSideTranslatorPB.java:205) ~[ozone-manager-1.3.0-SNAPSHOT.jar:?]
	at org.apache.hadoop.hdds.server.OzoneProtocolMessageDispatcher.processRequest(OzoneProtocolMessageDispatcher.java:87) [hdds-server-framework-1.3.0-SNAPSHOT.jar:?]
	at org.apache.hadoop.ozone.protocolPB.OzoneManagerProtocolServerSideTranslatorPB.submitRequest(OzoneManagerProtocolServerSideTranslatorPB.java:147) [ozone-manager-1.3.0-SNAPSHOT.jar:?]
	at org.apache.hadoop.ozone.protocol.proto.OzoneManagerProtocolProtos$OzoneManagerService$2.callBlockingMethod(OzoneManagerProtocolProtos.java) [ozone-interface-client-1.3.0-SNAPSHOT.jar:?]
	at org.apache.hadoop.ipc.ProtobufRpcEngine$Server.processCall(ProtobufRpcEngine.java:466) [hadoop-common-3.3.1.jar:?]
	at org.apache.hadoop.ipc.ProtobufRpcEngine2$Server$ProtoBufRpcInvoker.call(ProtobufRpcEngine2.java:574) [hadoop-common-3.3.1.jar:?]
	at org.apache.hadoop.ipc.ProtobufRpcEngine2$Server$ProtoBufRpcInvoker.call(ProtobufRpcEngine2.java:552) [hadoop-common-3.3.1.jar:?]
	at org.apache.hadoop.ipc.RPC$Server.call(RPC.java:1093) [hadoop-common-3.3.1.jar:?]
	at org.apache.hadoop.ipc.Server$RpcCall.run(Server.java:1035) [hadoop-common-3.3.1.jar:?]
	at org.apache.hadoop.ipc.Server$RpcCall.run(Server.java:963) [hadoop-common-3.3.1.jar:?]
	at java.security.AccessController.doPrivileged(Native Method) ~[?:1.8.0_345]
	at javax.security.auth.Subject.doAs(Subject.java:422) [?:1.8.0_345]
	at org.apache.hadoop.security.UserGroupInformation.doAs(UserGroupInformation.java:1878) [hadoop-common-3.3.1.jar:?]
	at org.apache.hadoop.ipc.Server$Handler.run(Server.java:2966) [hadoop-common-3.3.1.jar:?]
2022-10-09 13:05:58,282 [Time-limited test] WARN  ozone.BasicOzoneFileSystem (BasicOzoneFileSystem.java:getFileStatus(765)) - GetFileStatus failed for path /testBatchDelete/parent/childFolder/child4
java.io.FileNotFoundException: testBatchDelete/parent/childFolder/child4: No such file or directory!
	at org.apache.hadoop.fs.ozone.BasicOzoneClientAdapterImpl.getFileStatus(BasicOzoneClientAdapterImpl.java:369)
	at org.apache.hadoop.fs.ozone.BasicOzoneFileSystem.getFileStatus(BasicOzoneFileSystem.java:757)
	at org.apache.hadoop.fs.FileSystem.exists(FileSystem.java:1760)
	at org.apache.hadoop.fs.ozone.BasicOzoneFileSystem.exists(BasicOzoneFileSystem.java:804)
	at org.apache.hadoop.fs.ozone.TestOzoneFileSystem.testFileDelete(TestOzoneFileSystem.java:539)
	at sun.reflect.NativeMethodAccessorImpl.invoke0(Native Method)
	at sun.reflect.NativeMethodAccessorImpl.invoke(NativeMethodAccessorImpl.java:62)
	at sun.reflect.DelegatingMethodAccessorImpl.invoke(DelegatingMethodAccessorImpl.java:43)
	at java.lang.reflect.Method.invoke(Method.java:498)
	at org.junit.runners.model.FrameworkMethod$1.runReflectiveCall(FrameworkMethod.java:59)
	at org.junit.internal.runners.model.ReflectiveCallable.run(ReflectiveCallable.java:12)
	at org.junit.runners.model.FrameworkMethod.invokeExplosively(FrameworkMethod.java:56)
	at org.junit.internal.runners.statements.InvokeMethod.evaluate(InvokeMethod.java:17)
	at org.junit.internal.runners.statements.RunAfters.evaluate(RunAfters.java:27)
	at org.junit.internal.runners.statements.FailOnTimeout$CallableStatement.call(FailOnTimeout.java:288)
	at org.junit.internal.runners.statements.FailOnTimeout$CallableStatement.call(FailOnTimeout.java:282)
	at java.util.concurrent.FutureTask.run(FutureTask.java:266)
	at java.lang.Thread.run(Thread.java:750)
13:05:58.284 [IPC Server handler 4 on default port 44209] ERROR OMAudit - user=runner | ip=127.0.0.1 | op=GET_FILE_STATUS {volume=volume66281, bucket=bucket85504, key=testBatchDelete/parent/child5, dataSize=0, replicationConfig=null} | ret=FAILURE
org.apache.hadoop.ozone.om.exceptions.OMException: Unable to get file status: volume: volume66281 bucket: bucket85504 key: testBatchDelete/parent/child5
	at org.apache.hadoop.ozone.om.KeyManagerImpl.getOzoneFileStatus(KeyManagerImpl.java:1270) ~[ozone-manager-1.3.0-SNAPSHOT.jar:?]
	at org.apache.hadoop.ozone.om.KeyManagerImpl.getFileStatus(KeyManagerImpl.java:1200) ~[ozone-manager-1.3.0-SNAPSHOT.jar:?]
	at org.apache.hadoop.ozone.om.OzoneManager.getFileStatus(OzoneManager.java:3507) ~[ozone-manager-1.3.0-SNAPSHOT.jar:?]
	at org.apache.hadoop.ozone.protocolPB.OzoneManagerRequestHandler.getOzoneFileStatus(OzoneManagerRequestHandler.java:882) ~[ozone-manager-1.3.0-SNAPSHOT.jar:?]
	at org.apache.hadoop.ozone.protocolPB.OzoneManagerRequestHandler.handleReadRequest(OzoneManagerRequestHandler.java:228) ~[ozone-manager-1.3.0-SNAPSHOT.jar:?]
	at org.apache.hadoop.ozone.protocolPB.OzoneManagerProtocolServerSideTranslatorPB.submitRequestDirectlyToOM(OzoneManagerProtocolServerSideTranslatorPB.java:276) ~[ozone-manager-1.3.0-SNAPSHOT.jar:?]
	at org.apache.hadoop.ozone.protocolPB.OzoneManagerProtocolServerSideTranslatorPB.processRequest(OzoneManagerProtocolServerSideTranslatorPB.java:205) ~[ozone-manager-1.3.0-SNAPSHOT.jar:?]
	at org.apache.hadoop.hdds.server.OzoneProtocolMessageDispatcher.processRequest(OzoneProtocolMessageDispatcher.java:87) [hdds-server-framework-1.3.0-SNAPSHOT.jar:?]
	at org.apache.hadoop.ozone.protocolPB.OzoneManagerProtocolServerSideTranslatorPB.submitRequest(OzoneManagerProtocolServerSideTranslatorPB.java:147) [ozone-manager-1.3.0-SNAPSHOT.jar:?]
	at org.apache.hadoop.ozone.protocol.proto.OzoneManagerProtocolProtos$OzoneManagerService$2.callBlockingMethod(OzoneManagerProtocolProtos.java) [ozone-interface-client-1.3.0-SNAPSHOT.jar:?]
	at org.apache.hadoop.ipc.ProtobufRpcEngine$Server.processCall(ProtobufRpcEngine.java:466) [hadoop-common-3.3.1.jar:?]
	at org.apache.hadoop.ipc.ProtobufRpcEngine2$Server$ProtoBufRpcInvoker.call(ProtobufRpcEngine2.java:574) [hadoop-common-3.3.1.jar:?]
	at org.apache.hadoop.ipc.ProtobufRpcEngine2$Server$ProtoBufRpcInvoker.call(ProtobufRpcEngine2.java:552) [hadoop-common-3.3.1.jar:?]
	at org.apache.hadoop.ipc.RPC$Server.call(RPC.java:1093) [hadoop-common-3.3.1.jar:?]
	at org.apache.hadoop.ipc.Server$RpcCall.run(Server.java:1035) [hadoop-common-3.3.1.jar:?]
	at org.apache.hadoop.ipc.Server$RpcCall.run(Server.java:963) [hadoop-common-3.3.1.jar:?]
	at java.security.AccessController.doPrivileged(Native Method) ~[?:1.8.0_345]
	at javax.security.auth.Subject.doAs(Subject.java:422) [?:1.8.0_345]
	at org.apache.hadoop.security.UserGroupInformation.doAs(UserGroupInformation.java:1878) [hadoop-common-3.3.1.jar:?]
	at org.apache.hadoop.ipc.Server$Handler.run(Server.java:2966) [hadoop-common-3.3.1.jar:?]
2022-10-09 13:05:58,285 [Time-limited test] WARN  ozone.BasicOzoneFileSystem (BasicOzoneFileSystem.java:getFileStatus(765)) - GetFileStatus failed for path /testBatchDelete/parent/child5
java.io.FileNotFoundException: testBatchDelete/parent/child5: No such file or directory!
	at org.apache.hadoop.fs.ozone.BasicOzoneClientAdapterImpl.getFileStatus(BasicOzoneClientAdapterImpl.java:369)
	at org.apache.hadoop.fs.ozone.BasicOzoneFileSystem.getFileStatus(BasicOzoneFileSystem.java:757)
	at org.apache.hadoop.fs.FileSystem.exists(FileSystem.java:1760)
	at org.apache.hadoop.fs.ozone.BasicOzoneFileSystem.exists(BasicOzoneFileSystem.java:804)
	at org.apache.hadoop.fs.ozone.TestOzoneFileSystem.testFileDelete(TestOzoneFileSystem.java:534)
	at sun.reflect.NativeMethodAccessorImpl.invoke0(Native Method)
	at sun.reflect.NativeMethodAccessorImpl.invoke(NativeMethodAccessorImpl.java:62)
	at sun.reflect.DelegatingMethodAccessorImpl.invoke(DelegatingMethodAccessorImpl.java:43)
	at java.lang.reflect.Method.invoke(Method.java:498)
	at org.junit.runners.model.FrameworkMethod$1.runReflectiveCall(FrameworkMethod.java:59)
	at org.junit.internal.runners.model.ReflectiveCallable.run(ReflectiveCallable.java:12)
	at org.junit.runners.model.FrameworkMethod.invokeExplosively(FrameworkMethod.java:56)
	at org.junit.internal.runners.statements.InvokeMethod.evaluate(InvokeMethod.java:17)
	at org.junit.internal.runners.statements.RunAfters.evaluate(RunAfters.java:27)
	at org.junit.internal.runners.statements.FailOnTimeout$CallableStatement.call(FailOnTimeout.java:288)
	at org.junit.internal.runners.statements.FailOnTimeout$CallableStatement.call(FailOnTimeout.java:282)
	at java.util.concurrent.FutureTask.run(FutureTask.java:266)
	at java.lang.Thread.run(Thread.java:750)
13:05:58.285 [IPC Server handler 18 on default port 44209] ERROR OMAudit - user=runner | ip=127.0.0.1 | op=GET_FILE_STATUS {volume=volume66281, bucket=bucket85504, key=testBatchDelete/parent/childFolder/child5, dataSize=0, replicationConfig=null} | ret=FAILURE
org.apache.hadoop.ozone.om.exceptions.OMException: Unable to get file status: volume: volume66281 bucket: bucket85504 key: testBatchDelete/parent/childFolder/child5
	at org.apache.hadoop.ozone.om.KeyManagerImpl.getOzoneFileStatus(KeyManagerImpl.java:1270) ~[ozone-manager-1.3.0-SNAPSHOT.jar:?]
	at org.apache.hadoop.ozone.om.KeyManagerImpl.getFileStatus(KeyManagerImpl.java:1200) ~[ozone-manager-1.3.0-SNAPSHOT.jar:?]
	at org.apache.hadoop.ozone.om.OzoneManager.getFileStatus(OzoneManager.java:3507) ~[ozone-manager-1.3.0-SNAPSHOT.jar:?]
	at org.apache.hadoop.ozone.protocolPB.OzoneManagerRequestHandler.getOzoneFileStatus(OzoneManagerRequestHandler.java:882) ~[ozone-manager-1.3.0-SNAPSHOT.jar:?]
	at org.apache.hadoop.ozone.protocolPB.OzoneManagerRequestHandler.handleReadRequest(OzoneManagerRequestHandler.java:228) ~[ozone-manager-1.3.0-SNAPSHOT.jar:?]
	at org.apache.hadoop.ozone.protocolPB.OzoneManagerProtocolServerSideTranslatorPB.submitRequestDirectlyToOM(OzoneManagerProtocolServerSideTranslatorPB.java:276) ~[ozone-manager-1.3.0-SNAPSHOT.jar:?]
	at org.apache.hadoop.ozone.protocolPB.OzoneManagerProtocolServerSideTranslatorPB.processRequest(OzoneManagerProtocolServerSideTranslatorPB.java:205) ~[ozone-manager-1.3.0-SNAPSHOT.jar:?]
	at org.apache.hadoop.hdds.server.OzoneProtocolMessageDispatcher.processRequest(OzoneProtocolMessageDispatcher.java:87) [hdds-server-framework-1.3.0-SNAPSHOT.jar:?]
	at org.apache.hadoop.ozone.protocolPB.OzoneManagerProtocolServerSideTranslatorPB.submitRequest(OzoneManagerProtocolServerSideTranslatorPB.java:147) [ozone-manager-1.3.0-SNAPSHOT.jar:?]
	at org.apache.hadoop.ozone.protocol.proto.OzoneManagerProtocolProtos$OzoneManagerService$2.callBlockingMethod(OzoneManagerProtocolProtos.java) [ozone-interface-client-1.3.0-SNAPSHOT.jar:?]
	at org.apache.hadoop.ipc.ProtobufRpcEngine$Server.processCall(ProtobufRpcEngine.java:466) [hadoop-common-3.3.1.jar:?]
	at org.apache.hadoop.ipc.ProtobufRpcEngine2$Server$ProtoBufRpcInvoker.call(ProtobufRpcEngine2.java:574) [hadoop-common-3.3.1.jar:?]
	at org.apache.hadoop.ipc.ProtobufRpcEngine2$Server$ProtoBufRpcInvoker.call(ProtobufRpcEngine2.java:552) [hadoop-common-3.3.1.jar:?]
	at org.apache.hadoop.ipc.RPC$Server.call(RPC.java:1093) [hadoop-common-3.3.1.jar:?]
	at org.apache.hadoop.ipc.Server$RpcCall.run(Server.java:1035) [hadoop-common-3.3.1.jar:?]
	at org.apache.hadoop.ipc.Server$RpcCall.run(Server.java:963) [hadoop-common-3.3.1.jar:?]
	at java.security.AccessController.doPrivileged(Native Method) ~[?:1.8.0_345]
	at javax.security.auth.Subject.doAs(Subject.java:422) [?:1.8.0_345]
	at org.apache.hadoop.security.UserGroupInformation.doAs(UserGroupInformation.java:1878) [hadoop-common-3.3.1.jar:?]
	at org.apache.hadoop.ipc.Server$Handler.run(Server.java:2966) [hadoop-common-3.3.1.jar:?]
2022-10-09 13:05:58,286 [Time-limited test] WARN  ozone.BasicOzoneFileSystem (BasicOzoneFileSystem.java:getFileStatus(765)) - GetFileStatus failed for path /testBatchDelete/parent/childFolder/child5
java.io.FileNotFoundException: testBatchDelete/parent/childFolder/child5: No such file or directory!
	at org.apache.hadoop.fs.ozone.BasicOzoneClientAdapterImpl.getFileStatus(BasicOzoneClientAdapterImpl.java:369)
	at org.apache.hadoop.fs.ozone.BasicOzoneFileSystem.getFileStatus(BasicOzoneFileSystem.java:757)
	at org.apache.hadoop.fs.FileSystem.exists(FileSystem.java:1760)
	at org.apache.hadoop.fs.ozone.BasicOzoneFileSystem.exists(BasicOzoneFileSystem.java:804)
	at org.apache.hadoop.fs.ozone.TestOzoneFileSystem.testFileDelete(TestOzoneFileSystem.java:539)
	at sun.reflect.NativeMethodAccessorImpl.invoke0(Native Method)
	at sun.reflect.NativeMethodAccessorImpl.invoke(NativeMethodAccessorImpl.java:62)
	at sun.reflect.DelegatingMethodAccessorImpl.invoke(DelegatingMethodAccessorImpl.java:43)
	at java.lang.reflect.Method.invoke(Method.java:498)
	at org.junit.runners.model.FrameworkMethod$1.runReflectiveCall(FrameworkMethod.java:59)
	at org.junit.internal.runners.model.ReflectiveCallable.run(ReflectiveCallable.java:12)
	at org.junit.runners.model.FrameworkMethod.invokeExplosively(FrameworkMethod.java:56)
	at org.junit.internal.runners.statements.InvokeMethod.evaluate(InvokeMethod.java:17)
	at org.junit.internal.runners.statements.RunAfters.evaluate(RunAfters.java:27)
	at org.junit.internal.runners.statements.FailOnTimeout$CallableStatement.call(FailOnTimeout.java:288)
	at org.junit.internal.runners.statements.FailOnTimeout$CallableStatement.call(FailOnTimeout.java:282)
	at java.util.concurrent.FutureTask.run(FutureTask.java:266)
	at java.lang.Thread.run(Thread.java:750)
13:05:58.286 [IPC Server handler 9 on default port 44209] ERROR OMAudit - user=runner | ip=127.0.0.1 | op=GET_FILE_STATUS {volume=volume66281, bucket=bucket85504, key=testBatchDelete/parent/child6, dataSize=0, replicationConfig=null} | ret=FAILURE
org.apache.hadoop.ozone.om.exceptions.OMException: Unable to get file status: volume: volume66281 bucket: bucket85504 key: testBatchDelete/parent/child6
	at org.apache.hadoop.ozone.om.KeyManagerImpl.getOzoneFileStatus(KeyManagerImpl.java:1270) ~[ozone-manager-1.3.0-SNAPSHOT.jar:?]
	at org.apache.hadoop.ozone.om.KeyManagerImpl.getFileStatus(KeyManagerImpl.java:1200) ~[ozone-manager-1.3.0-SNAPSHOT.jar:?]
	at org.apache.hadoop.ozone.om.OzoneManager.getFileStatus(OzoneManager.java:3507) ~[ozone-manager-1.3.0-SNAPSHOT.jar:?]
	at org.apache.hadoop.ozone.protocolPB.OzoneManagerRequestHandler.getOzoneFileStatus(OzoneManagerRequestHandler.java:882) ~[ozone-manager-1.3.0-SNAPSHOT.jar:?]
	at org.apache.hadoop.ozone.protocolPB.OzoneManagerRequestHandler.handleReadRequest(OzoneManagerRequestHandler.java:228) ~[ozone-manager-1.3.0-SNAPSHOT.jar:?]
	at org.apache.hadoop.ozone.protocolPB.OzoneManagerProtocolServerSideTranslatorPB.submitRequestDirectlyToOM(OzoneManagerProtocolServerSideTranslatorPB.java:276) ~[ozone-manager-1.3.0-SNAPSHOT.jar:?]
	at org.apache.hadoop.ozone.protocolPB.OzoneManagerProtocolServerSideTranslatorPB.processRequest(OzoneManagerProtocolServerSideTranslatorPB.java:205) ~[ozone-manager-1.3.0-SNAPSHOT.jar:?]
	at org.apache.hadoop.hdds.server.OzoneProtocolMessageDispatcher.processRequest(OzoneProtocolMessageDispatcher.java:87) [hdds-server-framework-1.3.0-SNAPSHOT.jar:?]
	at org.apache.hadoop.ozone.protocolPB.OzoneManagerProtocolServerSideTranslatorPB.submitRequest(OzoneManagerProtocolServerSideTranslatorPB.java:147) [ozone-manager-1.3.0-SNAPSHOT.jar:?]
	at org.apache.hadoop.ozone.protocol.proto.OzoneManagerProtocolProtos$OzoneManagerService$2.callBlockingMethod(OzoneManagerProtocolProtos.java) [ozone-interface-client-1.3.0-SNAPSHOT.jar:?]
	at org.apache.hadoop.ipc.ProtobufRpcEngine$Server.processCall(ProtobufRpcEngine.java:466) [hadoop-common-3.3.1.jar:?]
	at org.apache.hadoop.ipc.ProtobufRpcEngine2$Server$ProtoBufRpcInvoker.call(ProtobufRpcEngine2.java:574) [hadoop-common-3.3.1.jar:?]
	at org.apache.hadoop.ipc.ProtobufRpcEngine2$Server$ProtoBufRpcInvoker.call(ProtobufRpcEngine2.java:552) [hadoop-common-3.3.1.jar:?]
	at org.apache.hadoop.ipc.RPC$Server.call(RPC.java:1093) [hadoop-common-3.3.1.jar:?]
	at org.apache.hadoop.ipc.Server$RpcCall.run(Server.java:1035) [hadoop-common-3.3.1.jar:?]
	at org.apache.hadoop.ipc.Server$RpcCall.run(Server.java:963) [hadoop-common-3.3.1.jar:?]
	at java.security.AccessController.doPrivileged(Native Method) ~[?:1.8.0_345]
	at javax.security.auth.Subject.doAs(Subject.java:422) [?:1.8.0_345]
	at org.apache.hadoop.security.UserGroupInformation.doAs(UserGroupInformation.java:1878) [hadoop-common-3.3.1.jar:?]
	at org.apache.hadoop.ipc.Server$Handler.run(Server.java:2966) [hadoop-common-3.3.1.jar:?]
2022-10-09 13:05:58,292 [Time-limited test] WARN  ozone.BasicOzoneFileSystem (BasicOzoneFileSystem.java:getFileStatus(765)) - GetFileStatus failed for path /testBatchDelete/parent/child6
java.io.FileNotFoundException: testBatchDelete/parent/child6: No such file or directory!
	at org.apache.hadoop.fs.ozone.BasicOzoneClientAdapterImpl.getFileStatus(BasicOzoneClientAdapterImpl.java:369)
	at org.apache.hadoop.fs.ozone.BasicOzoneFileSystem.getFileStatus(BasicOzoneFileSystem.java:757)
	at org.apache.hadoop.fs.FileSystem.exists(FileSystem.java:1760)
	at org.apache.hadoop.fs.ozone.BasicOzoneFileSystem.exists(BasicOzoneFileSystem.java:804)
	at org.apache.hadoop.fs.ozone.TestOzoneFileSystem.testFileDelete(TestOzoneFileSystem.java:534)
	at sun.reflect.NativeMethodAccessorImpl.invoke0(Native Method)
	at sun.reflect.NativeMethodAccessorImpl.invoke(NativeMethodAccessorImpl.java:62)
	at sun.reflect.DelegatingMethodAccessorImpl.invoke(DelegatingMethodAccessorImpl.java:43)
	at java.lang.reflect.Method.invoke(Method.java:498)
	at org.junit.runners.model.FrameworkMethod$1.runReflectiveCall(FrameworkMethod.java:59)
	at org.junit.internal.runners.model.ReflectiveCallable.run(ReflectiveCallable.java:12)
	at org.junit.runners.model.FrameworkMethod.invokeExplosively(FrameworkMethod.java:56)
	at org.junit.internal.runners.statements.InvokeMethod.evaluate(InvokeMethod.java:17)
	at org.junit.internal.runners.statements.RunAfters.evaluate(RunAfters.java:27)
	at org.junit.internal.runners.statements.FailOnTimeout$CallableStatement.call(FailOnTimeout.java:288)
	at org.junit.internal.runners.statements.FailOnTimeout$CallableStatement.call(FailOnTimeout.java:282)
	at java.util.concurrent.FutureTask.run(FutureTask.java:266)
	at java.lang.Thread.run(Thread.java:750)
13:05:58.292 [IPC Server handler 2 on default port 44209] ERROR OMAudit - user=runner | ip=127.0.0.1 | op=GET_FILE_STATUS {volume=volume66281, bucket=bucket85504, key=testBatchDelete/parent/childFolder/child6, dataSize=0, replicationConfig=null} | ret=FAILURE
org.apache.hadoop.ozone.om.exceptions.OMException: Unable to get file status: volume: volume66281 bucket: bucket85504 key: testBatchDelete/parent/childFolder/child6
	at org.apache.hadoop.ozone.om.KeyManagerImpl.getOzoneFileStatus(KeyManagerImpl.java:1270) ~[ozone-manager-1.3.0-SNAPSHOT.jar:?]
	at org.apache.hadoop.ozone.om.KeyManagerImpl.getFileStatus(KeyManagerImpl.java:1200) ~[ozone-manager-1.3.0-SNAPSHOT.jar:?]
	at org.apache.hadoop.ozone.om.OzoneManager.getFileStatus(OzoneManager.java:3507) ~[ozone-manager-1.3.0-SNAPSHOT.jar:?]
	at org.apache.hadoop.ozone.protocolPB.OzoneManagerRequestHandler.getOzoneFileStatus(OzoneManagerRequestHandler.java:882) ~[ozone-manager-1.3.0-SNAPSHOT.jar:?]
	at org.apache.hadoop.ozone.protocolPB.OzoneManagerRequestHandler.handleReadRequest(OzoneManagerRequestHandler.java:228) ~[ozone-manager-1.3.0-SNAPSHOT.jar:?]
	at org.apache.hadoop.ozone.protocolPB.OzoneManagerProtocolServerSideTranslatorPB.submitRequestDirectlyToOM(OzoneManagerProtocolServerSideTranslatorPB.java:276) ~[ozone-manager-1.3.0-SNAPSHOT.jar:?]
	at org.apache.hadoop.ozone.protocolPB.OzoneManagerProtocolServerSideTranslatorPB.processRequest(OzoneManagerProtocolServerSideTranslatorPB.java:205) ~[ozone-manager-1.3.0-SNAPSHOT.jar:?]
	at org.apache.hadoop.hdds.server.OzoneProtocolMessageDispatcher.processRequest(OzoneProtocolMessageDispatcher.java:87) [hdds-server-framework-1.3.0-SNAPSHOT.jar:?]
	at org.apache.hadoop.ozone.protocolPB.OzoneManagerProtocolServerSideTranslatorPB.submitRequest(OzoneManagerProtocolServerSideTranslatorPB.java:147) [ozone-manager-1.3.0-SNAPSHOT.jar:?]
	at org.apache.hadoop.ozone.protocol.proto.OzoneManagerProtocolProtos$OzoneManagerService$2.callBlockingMethod(OzoneManagerProtocolProtos.java) [ozone-interface-client-1.3.0-SNAPSHOT.jar:?]
	at org.apache.hadoop.ipc.ProtobufRpcEngine$Server.processCall(ProtobufRpcEngine.java:466) [hadoop-common-3.3.1.jar:?]
	at org.apache.hadoop.ipc.ProtobufRpcEngine2$Server$ProtoBufRpcInvoker.call(ProtobufRpcEngine2.java:574) [hadoop-common-3.3.1.jar:?]
	at org.apache.hadoop.ipc.ProtobufRpcEngine2$Server$ProtoBufRpcInvoker.call(ProtobufRpcEngine2.java:552) [hadoop-common-3.3.1.jar:?]
	at org.apache.hadoop.ipc.RPC$Server.call(RPC.java:1093) [hadoop-common-3.3.1.jar:?]
	at org.apache.hadoop.ipc.Server$RpcCall.run(Server.java:1035) [hadoop-common-3.3.1.jar:?]
	at org.apache.hadoop.ipc.Server$RpcCall.run(Server.java:963) [hadoop-common-3.3.1.jar:?]
	at java.security.AccessController.doPrivileged(Native Method) ~[?:1.8.0_345]
	at javax.security.auth.Subject.doAs(Subject.java:422) [?:1.8.0_345]
	at org.apache.hadoop.security.UserGroupInformation.doAs(UserGroupInformation.java:1878) [hadoop-common-3.3.1.jar:?]
	at org.apache.hadoop.ipc.Server$Handler.run(Server.java:2966) [hadoop-common-3.3.1.jar:?]
2022-10-09 13:05:58,292 [Time-limited test] WARN  ozone.BasicOzoneFileSystem (BasicOzoneFileSystem.java:getFileStatus(765)) - GetFileStatus failed for path /testBatchDelete/parent/childFolder/child6
java.io.FileNotFoundException: testBatchDelete/parent/childFolder/child6: No such file or directory!
	at org.apache.hadoop.fs.ozone.BasicOzoneClientAdapterImpl.getFileStatus(BasicOzoneClientAdapterImpl.java:369)
	at org.apache.hadoop.fs.ozone.BasicOzoneFileSystem.getFileStatus(BasicOzoneFileSystem.java:757)
	at org.apache.hadoop.fs.FileSystem.exists(FileSystem.java:1760)
	at org.apache.hadoop.fs.ozone.BasicOzoneFileSystem.exists(BasicOzoneFileSystem.java:804)
	at org.apache.hadoop.fs.ozone.TestOzoneFileSystem.testFileDelete(TestOzoneFileSystem.java:539)
	at sun.reflect.NativeMethodAccessorImpl.invoke0(Native Method)
	at sun.reflect.NativeMethodAccessorImpl.invoke(NativeMethodAccessorImpl.java:62)
	at sun.reflect.DelegatingMethodAccessorImpl.invoke(DelegatingMethodAccessorImpl.java:43)
	at java.lang.reflect.Method.invoke(Method.java:498)
	at org.junit.runners.model.FrameworkMethod$1.runReflectiveCall(FrameworkMethod.java:59)
	at org.junit.internal.runners.model.ReflectiveCallable.run(ReflectiveCallable.java:12)
	at org.junit.runners.model.FrameworkMethod.invokeExplosively(FrameworkMethod.java:56)
	at org.junit.internal.runners.statements.InvokeMethod.evaluate(InvokeMethod.java:17)
	at org.junit.internal.runners.statements.RunAfters.evaluate(RunAfters.java:27)
	at org.junit.internal.runners.statements.FailOnTimeout$CallableStatement.call(FailOnTimeout.java:288)
	at org.junit.internal.runners.statements.FailOnTimeout$CallableStatement.call(FailOnTimeout.java:282)
	at java.util.concurrent.FutureTask.run(FutureTask.java:266)
	at java.lang.Thread.run(Thread.java:750)
13:05:58.293 [IPC Server handler 3 on default port 44209] ERROR OMAudit - user=runner | ip=127.0.0.1 | op=GET_FILE_STATUS {volume=volume66281, bucket=bucket85504, key=testBatchDelete/parent/child7, dataSize=0, replicationConfig=null} | ret=FAILURE
org.apache.hadoop.ozone.om.exceptions.OMException: Unable to get file status: volume: volume66281 bucket: bucket85504 key: testBatchDelete/parent/child7
	at org.apache.hadoop.ozone.om.KeyManagerImpl.getOzoneFileStatus(KeyManagerImpl.java:1270) ~[ozone-manager-1.3.0-SNAPSHOT.jar:?]
	at org.apache.hadoop.ozone.om.KeyManagerImpl.getFileStatus(KeyManagerImpl.java:1200) ~[ozone-manager-1.3.0-SNAPSHOT.jar:?]
	at org.apache.hadoop.ozone.om.OzoneManager.getFileStatus(OzoneManager.java:3507) ~[ozone-manager-1.3.0-SNAPSHOT.jar:?]
	at org.apache.hadoop.ozone.protocolPB.OzoneManagerRequestHandler.getOzoneFileStatus(OzoneManagerRequestHandler.java:882) ~[ozone-manager-1.3.0-SNAPSHOT.jar:?]
	at org.apache.hadoop.ozone.protocolPB.OzoneManagerRequestHandler.handleReadRequest(OzoneManagerRequestHandler.java:228) ~[ozone-manager-1.3.0-SNAPSHOT.jar:?]
	at org.apache.hadoop.ozone.protocolPB.OzoneManagerProtocolServerSideTranslatorPB.submitRequestDirectlyToOM(OzoneManagerProtocolServerSideTranslatorPB.java:276) ~[ozone-manager-1.3.0-SNAPSHOT.jar:?]
	at org.apache.hadoop.ozone.protocolPB.OzoneManagerProtocolServerSideTranslatorPB.processRequest(OzoneManagerProtocolServerSideTranslatorPB.java:205) ~[ozone-manager-1.3.0-SNAPSHOT.jar:?]
	at org.apache.hadoop.hdds.server.OzoneProtocolMessageDispatcher.processRequest(OzoneProtocolMessageDispatcher.java:87) [hdds-server-framework-1.3.0-SNAPSHOT.jar:?]
	at org.apache.hadoop.ozone.protocolPB.OzoneManagerProtocolServerSideTranslatorPB.submitRequest(OzoneManagerProtocolServerSideTranslatorPB.java:147) [ozone-manager-1.3.0-SNAPSHOT.jar:?]
	at org.apache.hadoop.ozone.protocol.proto.OzoneManagerProtocolProtos$OzoneManagerService$2.callBlockingMethod(OzoneManagerProtocolProtos.java) [ozone-interface-client-1.3.0-SNAPSHOT.jar:?]
	at org.apache.hadoop.ipc.ProtobufRpcEngine$Server.processCall(ProtobufRpcEngine.java:466) [hadoop-common-3.3.1.jar:?]
	at org.apache.hadoop.ipc.ProtobufRpcEngine2$Server$ProtoBufRpcInvoker.call(ProtobufRpcEngine2.java:574) [hadoop-common-3.3.1.jar:?]
	at org.apache.hadoop.ipc.ProtobufRpcEngine2$Server$ProtoBufRpcInvoker.call(ProtobufRpcEngine2.java:552) [hadoop-common-3.3.1.jar:?]
	at org.apache.hadoop.ipc.RPC$Server.call(RPC.java:1093) [hadoop-common-3.3.1.jar:?]
	at org.apache.hadoop.ipc.Server$RpcCall.run(Server.java:1035) [hadoop-common-3.3.1.jar:?]
	at org.apache.hadoop.ipc.Server$RpcCall.run(Server.java:963) [hadoop-common-3.3.1.jar:?]
	at java.security.AccessController.doPrivileged(Native Method) ~[?:1.8.0_345]
	at javax.security.auth.Subject.doAs(Subject.java:422) [?:1.8.0_345]
	at org.apache.hadoop.security.UserGroupInformation.doAs(UserGroupInformation.java:1878) [hadoop-common-3.3.1.jar:?]
	at org.apache.hadoop.ipc.Server$Handler.run(Server.java:2966) [hadoop-common-3.3.1.jar:?]
2022-10-09 13:05:58,293 [Time-limited test] WARN  ozone.BasicOzoneFileSystem (BasicOzoneFileSystem.java:getFileStatus(765)) - GetFileStatus failed for path /testBatchDelete/parent/child7
java.io.FileNotFoundException: testBatchDelete/parent/child7: No such file or directory!
	at org.apache.hadoop.fs.ozone.BasicOzoneClientAdapterImpl.getFileStatus(BasicOzoneClientAdapterImpl.java:369)
	at org.apache.hadoop.fs.ozone.BasicOzoneFileSystem.getFileStatus(BasicOzoneFileSystem.java:757)
	at org.apache.hadoop.fs.FileSystem.exists(FileSystem.java:1760)
	at org.apache.hadoop.fs.ozone.BasicOzoneFileSystem.exists(BasicOzoneFileSystem.java:804)
	at org.apache.hadoop.fs.ozone.TestOzoneFileSystem.testFileDelete(TestOzoneFileSystem.java:534)
	at sun.reflect.NativeMethodAccessorImpl.invoke0(Native Method)
	at sun.reflect.NativeMethodAccessorImpl.invoke(NativeMethodAccessorImpl.java:62)
	at sun.reflect.DelegatingMethodAccessorImpl.invoke(DelegatingMethodAccessorImpl.java:43)
	at java.lang.reflect.Method.invoke(Method.java:498)
	at org.junit.runners.model.FrameworkMethod$1.runReflectiveCall(FrameworkMethod.java:59)
	at org.junit.internal.runners.model.ReflectiveCallable.run(ReflectiveCallable.java:12)
	at org.junit.runners.model.FrameworkMethod.invokeExplosively(FrameworkMethod.java:56)
	at org.junit.internal.runners.statements.InvokeMethod.evaluate(InvokeMethod.java:17)
	at org.junit.internal.runners.statements.RunAfters.evaluate(RunAfters.java:27)
	at org.junit.internal.runners.statements.FailOnTimeout$CallableStatement.call(FailOnTimeout.java:288)
	at org.junit.internal.runners.statements.FailOnTimeout$CallableStatement.call(FailOnTimeout.java:282)
	at java.util.concurrent.FutureTask.run(FutureTask.java:266)
	at java.lang.Thread.run(Thread.java:750)
13:05:58.294 [IPC Server handler 8 on default port 44209] ERROR OMAudit - user=runner | ip=127.0.0.1 | op=GET_FILE_STATUS {volume=volume66281, bucket=bucket85504, key=testBatchDelete/parent/childFolder/child7, dataSize=0, replicationConfig=null} | ret=FAILURE
org.apache.hadoop.ozone.om.exceptions.OMException: Unable to get file status: volume: volume66281 bucket: bucket85504 key: testBatchDelete/parent/childFolder/child7
	at org.apache.hadoop.ozone.om.KeyManagerImpl.getOzoneFileStatus(KeyManagerImpl.java:1270) ~[ozone-manager-1.3.0-SNAPSHOT.jar:?]
	at org.apache.hadoop.ozone.om.KeyManagerImpl.getFileStatus(KeyManagerImpl.java:1200) ~[ozone-manager-1.3.0-SNAPSHOT.jar:?]
	at org.apache.hadoop.ozone.om.OzoneManager.getFileStatus(OzoneManager.java:3507) ~[ozone-manager-1.3.0-SNAPSHOT.jar:?]
	at org.apache.hadoop.ozone.protocolPB.OzoneManagerRequestHandler.getOzoneFileStatus(OzoneManagerRequestHandler.java:882) ~[ozone-manager-1.3.0-SNAPSHOT.jar:?]
	at org.apache.hadoop.ozone.protocolPB.OzoneManagerRequestHandler.handleReadRequest(OzoneManagerRequestHandler.java:228) ~[ozone-manager-1.3.0-SNAPSHOT.jar:?]
	at org.apache.hadoop.ozone.protocolPB.OzoneManagerProtocolServerSideTranslatorPB.submitRequestDirectlyToOM(OzoneManagerProtocolServerSideTranslatorPB.java:276) ~[ozone-manager-1.3.0-SNAPSHOT.jar:?]
	at org.apache.hadoop.ozone.protocolPB.OzoneManagerProtocolServerSideTranslatorPB.processRequest(OzoneManagerProtocolServerSideTranslatorPB.java:205) ~[ozone-manager-1.3.0-SNAPSHOT.jar:?]
	at org.apache.hadoop.hdds.server.OzoneProtocolMessageDispatcher.processRequest(OzoneProtocolMessageDispatcher.java:87) [hdds-server-framework-1.3.0-SNAPSHOT.jar:?]
	at org.apache.hadoop.ozone.protocolPB.OzoneManagerProtocolServerSideTranslatorPB.submitRequest(OzoneManagerProtocolServerSideTranslatorPB.java:147) [ozone-manager-1.3.0-SNAPSHOT.jar:?]
	at org.apache.hadoop.ozone.protocol.proto.OzoneManagerProtocolProtos$OzoneManagerService$2.callBlockingMethod(OzoneManagerProtocolProtos.java) [ozone-interface-client-1.3.0-SNAPSHOT.jar:?]
	at org.apache.hadoop.ipc.ProtobufRpcEngine$Server.processCall(ProtobufRpcEngine.java:466) [hadoop-common-3.3.1.jar:?]
	at org.apache.hadoop.ipc.ProtobufRpcEngine2$Server$ProtoBufRpcInvoker.call(ProtobufRpcEngine2.java:574) [hadoop-common-3.3.1.jar:?]
	at org.apache.hadoop.ipc.ProtobufRpcEngine2$Server$ProtoBufRpcInvoker.call(ProtobufRpcEngine2.java:552) [hadoop-common-3.3.1.jar:?]
	at org.apache.hadoop.ipc.RPC$Server.call(RPC.java:1093) [hadoop-common-3.3.1.jar:?]
	at org.apache.hadoop.ipc.Server$RpcCall.run(Server.java:1035) [hadoop-common-3.3.1.jar:?]
	at org.apache.hadoop.ipc.Server$RpcCall.run(Server.java:963) [hadoop-common-3.3.1.jar:?]
	at java.security.AccessController.doPrivileged(Native Method) ~[?:1.8.0_345]
	at javax.security.auth.Subject.doAs(Subject.java:422) [?:1.8.0_345]
	at org.apache.hadoop.security.UserGroupInformation.doAs(UserGroupInformation.java:1878) [hadoop-common-3.3.1.jar:?]
	at org.apache.hadoop.ipc.Server$Handler.run(Server.java:2966) [hadoop-common-3.3.1.jar:?]
2022-10-09 13:05:58,300 [Time-limited test] WARN  ozone.BasicOzoneFileSystem (BasicOzoneFileSystem.java:getFileStatus(765)) - GetFileStatus failed for path /testBatchDelete/parent/childFolder/child7
java.io.FileNotFoundException: testBatchDelete/parent/childFolder/child7: No such file or directory!
	at org.apache.hadoop.fs.ozone.BasicOzoneClientAdapterImpl.getFileStatus(BasicOzoneClientAdapterImpl.java:369)
	at org.apache.hadoop.fs.ozone.BasicOzoneFileSystem.getFileStatus(BasicOzoneFileSystem.java:757)
	at org.apache.hadoop.fs.FileSystem.exists(FileSystem.java:1760)
	at org.apache.hadoop.fs.ozone.BasicOzoneFileSystem.exists(BasicOzoneFileSystem.java:804)
	at org.apache.hadoop.fs.ozone.TestOzoneFileSystem.testFileDelete(TestOzoneFileSystem.java:539)
	at sun.reflect.NativeMethodAccessorImpl.invoke0(Native Method)
	at sun.reflect.NativeMethodAccessorImpl.invoke(NativeMethodAccessorImpl.java:62)
	at sun.reflect.DelegatingMethodAccessorImpl.invoke(DelegatingMethodAccessorImpl.java:43)
	at java.lang.reflect.Method.invoke(Method.java:498)
	at org.junit.runners.model.FrameworkMethod$1.runReflectiveCall(FrameworkMethod.java:59)
	at org.junit.internal.runners.model.ReflectiveCallable.run(ReflectiveCallable.java:12)
	at org.junit.runners.model.FrameworkMethod.invokeExplosively(FrameworkMethod.java:56)
	at org.junit.internal.runners.statements.InvokeMethod.evaluate(InvokeMethod.java:17)
	at org.junit.internal.runners.statements.RunAfters.evaluate(RunAfters.java:27)
	at org.junit.internal.runners.statements.FailOnTimeout$CallableStatement.call(FailOnTimeout.java:288)
	at org.junit.internal.runners.statements.FailOnTimeout$CallableStatement.call(FailOnTimeout.java:282)
	at java.util.concurrent.FutureTask.run(FutureTask.java:266)
	at java.lang.Thread.run(Thread.java:750)
13:05:58.300 [IPC Server handler 6 on default port 44209] ERROR OMAudit - user=runner | ip=127.0.0.1 | op=GET_FILE_STATUS {volume=volume66281, bucket=bucket85504, key=testBatchDelete/parent, dataSize=0, replicationConfig=null} | ret=FAILURE
org.apache.hadoop.ozone.om.exceptions.OMException: Unable to get file status: volume: volume66281 bucket: bucket85504 key: testBatchDelete/parent
	at org.apache.hadoop.ozone.om.KeyManagerImpl.getOzoneFileStatus(KeyManagerImpl.java:1270) ~[ozone-manager-1.3.0-SNAPSHOT.jar:?]
	at org.apache.hadoop.ozone.om.KeyManagerImpl.getFileStatus(KeyManagerImpl.java:1200) ~[ozone-manager-1.3.0-SNAPSHOT.jar:?]
	at org.apache.hadoop.ozone.om.OzoneManager.getFileStatus(OzoneManager.java:3507) ~[ozone-manager-1.3.0-SNAPSHOT.jar:?]
	at org.apache.hadoop.ozone.protocolPB.OzoneManagerRequestHandler.getOzoneFileStatus(OzoneManagerRequestHandler.java:882) ~[ozone-manager-1.3.0-SNAPSHOT.jar:?]
	at org.apache.hadoop.ozone.protocolPB.OzoneManagerRequestHandler.handleReadRequest(OzoneManagerRequestHandler.java:228) ~[ozone-manager-1.3.0-SNAPSHOT.jar:?]
	at org.apache.hadoop.ozone.protocolPB.OzoneManagerProtocolServerSideTranslatorPB.submitRequestDirectlyToOM(OzoneManagerProtocolServerSideTranslatorPB.java:276) ~[ozone-manager-1.3.0-SNAPSHOT.jar:?]
	at org.apache.hadoop.ozone.protocolPB.OzoneManagerProtocolServerSideTranslatorPB.processRequest(OzoneManagerProtocolServerSideTranslatorPB.java:205) ~[ozone-manager-1.3.0-SNAPSHOT.jar:?]
	at org.apache.hadoop.hdds.server.OzoneProtocolMessageDispatcher.processRequest(OzoneProtocolMessageDispatcher.java:87) [hdds-server-framework-1.3.0-SNAPSHOT.jar:?]
	at org.apache.hadoop.ozone.protocolPB.OzoneManagerProtocolServerSideTranslatorPB.submitRequest(OzoneManagerProtocolServerSideTranslatorPB.java:147) [ozone-manager-1.3.0-SNAPSHOT.jar:?]
	at org.apache.hadoop.ozone.protocol.proto.OzoneManagerProtocolProtos$OzoneManagerService$2.callBlockingMethod(OzoneManagerProtocolProtos.java) [ozone-interface-client-1.3.0-SNAPSHOT.jar:?]
	at org.apache.hadoop.ipc.ProtobufRpcEngine$Server.processCall(ProtobufRpcEngine.java:466) [hadoop-common-3.3.1.jar:?]
	at org.apache.hadoop.ipc.ProtobufRpcEngine2$Server$ProtoBufRpcInvoker.call(ProtobufRpcEngine2.java:574) [hadoop-common-3.3.1.jar:?]
	at org.apache.hadoop.ipc.ProtobufRpcEngine2$Server$ProtoBufRpcInvoker.call(ProtobufRpcEngine2.java:552) [hadoop-common-3.3.1.jar:?]
	at org.apache.hadoop.ipc.RPC$Server.call(RPC.java:1093) [hadoop-common-3.3.1.jar:?]
	at org.apache.hadoop.ipc.Server$RpcCall.run(Server.java:1035) [hadoop-common-3.3.1.jar:?]
	at org.apache.hadoop.ipc.Server$RpcCall.run(Server.java:963) [hadoop-common-3.3.1.jar:?]
	at java.security.AccessController.doPrivileged(Native Method) ~[?:1.8.0_345]
	at javax.security.auth.Subject.doAs(Subject.java:422) [?:1.8.0_345]
	at org.apache.hadoop.security.UserGroupInformation.doAs(UserGroupInformation.java:1878) [hadoop-common-3.3.1.jar:?]
	at org.apache.hadoop.ipc.Server$Handler.run(Server.java:2966) [hadoop-common-3.3.1.jar:?]
2022-10-09 13:05:58,300 [Time-limited test] WARN  ozone.BasicOzoneFileSystem (BasicOzoneFileSystem.java:getFileStatus(765)) - GetFileStatus failed for path /testBatchDelete/parent
java.io.FileNotFoundException: testBatchDelete/parent: No such file or directory!
	at org.apache.hadoop.fs.ozone.BasicOzoneClientAdapterImpl.getFileStatus(BasicOzoneClientAdapterImpl.java:369)
	at org.apache.hadoop.fs.ozone.BasicOzoneFileSystem.getFileStatus(BasicOzoneFileSystem.java:757)
	at org.apache.hadoop.fs.ozone.BasicOzoneFileSystem.delete(BasicOzoneFileSystem.java:530)
	at org.apache.hadoop.fs.ozone.TestOzoneFileSystem.testFileDelete(TestOzoneFileSystem.java:543)
	at sun.reflect.NativeMethodAccessorImpl.invoke0(Native Method)
	at sun.reflect.NativeMethodAccessorImpl.invoke(NativeMethodAccessorImpl.java:62)
	at sun.reflect.DelegatingMethodAccessorImpl.invoke(DelegatingMethodAccessorImpl.java:43)
	at java.lang.reflect.Method.invoke(Method.java:498)
	at org.junit.runners.model.FrameworkMethod$1.runReflectiveCall(FrameworkMethod.java:59)
	at org.junit.internal.runners.model.ReflectiveCallable.run(ReflectiveCallable.java:12)
	at org.junit.runners.model.FrameworkMethod.invokeExplosively(FrameworkMethod.java:56)
	at org.junit.internal.runners.statements.InvokeMethod.evaluate(InvokeMethod.java:17)
	at org.junit.internal.runners.statements.RunAfters.evaluate(RunAfters.java:27)
	at org.junit.internal.runners.statements.FailOnTimeout$CallableStatement.call(FailOnTimeout.java:288)
	at org.junit.internal.runners.statements.FailOnTimeout$CallableStatement.call(FailOnTimeout.java:282)
	at java.util.concurrent.FutureTask.run(FutureTask.java:266)
	at java.lang.Thread.run(Thread.java:750)
2022-10-09 13:05:58,301 [Time-limited test] WARN  ozone.BasicOzoneFileSystem (BasicOzoneFileSystem.java:delete(532)) - delete: Path does not exist: /testBatchDelete/parent
]]></system-out>
  </testcase>
  <testcase name="testFileDelete" classname="TestOzoneFileSystem" time="0.18">
    <system-out><![CDATA[13:07:28.606 [IPC Server handler 18 on default port 33359] ERROR OMAudit - user=runner | ip=127.0.0.1 | op=GET_FILE_STATUS {volume=volume52841, bucket=bucket11878, key=testBatchDelete, dataSize=0, replicationConfig=null} | ret=FAILURE
org.apache.hadoop.ozone.om.exceptions.OMException: Unable to get file status: volume: volume52841 bucket: bucket11878 key: testBatchDelete
	at org.apache.hadoop.ozone.om.KeyManagerImpl.getOzoneFileStatus(KeyManagerImpl.java:1270) ~[ozone-manager-1.3.0-SNAPSHOT.jar:?]
	at org.apache.hadoop.ozone.om.KeyManagerImpl.getFileStatus(KeyManagerImpl.java:1200) ~[ozone-manager-1.3.0-SNAPSHOT.jar:?]
	at org.apache.hadoop.ozone.om.OzoneManager.getFileStatus(OzoneManager.java:3507) ~[ozone-manager-1.3.0-SNAPSHOT.jar:?]
	at org.apache.hadoop.ozone.protocolPB.OzoneManagerRequestHandler.getOzoneFileStatus(OzoneManagerRequestHandler.java:882) ~[ozone-manager-1.3.0-SNAPSHOT.jar:?]
	at org.apache.hadoop.ozone.protocolPB.OzoneManagerRequestHandler.handleReadRequest(OzoneManagerRequestHandler.java:228) ~[ozone-manager-1.3.0-SNAPSHOT.jar:?]
	at org.apache.hadoop.ozone.protocolPB.OzoneManagerProtocolServerSideTranslatorPB.submitReadRequestToOM(OzoneManagerProtocolServerSideTranslatorPB.java:226) ~[ozone-manager-1.3.0-SNAPSHOT.jar:?]
	at org.apache.hadoop.ozone.protocolPB.OzoneManagerProtocolServerSideTranslatorPB.processRequest(OzoneManagerProtocolServerSideTranslatorPB.java:175) ~[ozone-manager-1.3.0-SNAPSHOT.jar:?]
	at org.apache.hadoop.hdds.server.OzoneProtocolMessageDispatcher.processRequest(OzoneProtocolMessageDispatcher.java:87) [hdds-server-framework-1.3.0-SNAPSHOT.jar:?]
	at org.apache.hadoop.ozone.protocolPB.OzoneManagerProtocolServerSideTranslatorPB.submitRequest(OzoneManagerProtocolServerSideTranslatorPB.java:147) [ozone-manager-1.3.0-SNAPSHOT.jar:?]
	at org.apache.hadoop.ozone.protocol.proto.OzoneManagerProtocolProtos$OzoneManagerService$2.callBlockingMethod(OzoneManagerProtocolProtos.java) [ozone-interface-client-1.3.0-SNAPSHOT.jar:?]
	at org.apache.hadoop.ipc.ProtobufRpcEngine$Server.processCall(ProtobufRpcEngine.java:466) [hadoop-common-3.3.1.jar:?]
	at org.apache.hadoop.ipc.ProtobufRpcEngine2$Server$ProtoBufRpcInvoker.call(ProtobufRpcEngine2.java:574) [hadoop-common-3.3.1.jar:?]
	at org.apache.hadoop.ipc.ProtobufRpcEngine2$Server$ProtoBufRpcInvoker.call(ProtobufRpcEngine2.java:552) [hadoop-common-3.3.1.jar:?]
	at org.apache.hadoop.ipc.RPC$Server.call(RPC.java:1093) [hadoop-common-3.3.1.jar:?]
	at org.apache.hadoop.ipc.Server$RpcCall.run(Server.java:1035) [hadoop-common-3.3.1.jar:?]
	at org.apache.hadoop.ipc.Server$RpcCall.run(Server.java:963) [hadoop-common-3.3.1.jar:?]
	at java.security.AccessController.doPrivileged(Native Method) ~[?:1.8.0_345]
	at javax.security.auth.Subject.doAs(Subject.java:422) [?:1.8.0_345]
	at org.apache.hadoop.security.UserGroupInformation.doAs(UserGroupInformation.java:1878) [hadoop-common-3.3.1.jar:?]
	at org.apache.hadoop.ipc.Server$Handler.run(Server.java:2966) [hadoop-common-3.3.1.jar:?]
2022-10-09 13:07:28,606 [Time-limited test] WARN  ozone.BasicOzoneFileSystem (BasicOzoneFileSystem.java:getFileStatus(765)) - GetFileStatus failed for path /testBatchDelete
java.io.FileNotFoundException: testBatchDelete: No such file or directory!
	at org.apache.hadoop.fs.ozone.BasicOzoneClientAdapterImpl.getFileStatus(BasicOzoneClientAdapterImpl.java:369)
	at org.apache.hadoop.fs.ozone.BasicOzoneFileSystem.getFileStatus(BasicOzoneFileSystem.java:757)
	at org.apache.hadoop.fs.FileSystem.exists(FileSystem.java:1760)
	at org.apache.hadoop.fs.ozone.BasicOzoneFileSystem.exists(BasicOzoneFileSystem.java:804)
	at org.apache.hadoop.fs.ozone.TestOzoneFileSystem.testFileDelete(TestOzoneFileSystem.java:530)
	at sun.reflect.NativeMethodAccessorImpl.invoke0(Native Method)
	at sun.reflect.NativeMethodAccessorImpl.invoke(NativeMethodAccessorImpl.java:62)
	at sun.reflect.DelegatingMethodAccessorImpl.invoke(DelegatingMethodAccessorImpl.java:43)
	at java.lang.reflect.Method.invoke(Method.java:498)
	at org.junit.runners.model.FrameworkMethod$1.runReflectiveCall(FrameworkMethod.java:59)
	at org.junit.internal.runners.model.ReflectiveCallable.run(ReflectiveCallable.java:12)
	at org.junit.runners.model.FrameworkMethod.invokeExplosively(FrameworkMethod.java:56)
	at org.junit.internal.runners.statements.InvokeMethod.evaluate(InvokeMethod.java:17)
	at org.junit.internal.runners.statements.RunAfters.evaluate(RunAfters.java:27)
	at org.junit.internal.runners.statements.FailOnTimeout$CallableStatement.call(FailOnTimeout.java:288)
	at org.junit.internal.runners.statements.FailOnTimeout$CallableStatement.call(FailOnTimeout.java:282)
	at java.util.concurrent.FutureTask.run(FutureTask.java:266)
	at java.lang.Thread.run(Thread.java:750)
13:07:28.607 [IPC Server handler 16 on default port 33359] ERROR OMAudit - user=runner | ip=127.0.0.1 | op=GET_FILE_STATUS {volume=volume52841, bucket=bucket11878, key=testBatchDelete/parent/child0, dataSize=0, replicationConfig=null} | ret=FAILURE
org.apache.hadoop.ozone.om.exceptions.OMException: Unable to get file status: volume: volume52841 bucket: bucket11878 key: testBatchDelete/parent/child0
	at org.apache.hadoop.ozone.om.KeyManagerImpl.getOzoneFileStatus(KeyManagerImpl.java:1270) ~[ozone-manager-1.3.0-SNAPSHOT.jar:?]
	at org.apache.hadoop.ozone.om.KeyManagerImpl.getFileStatus(KeyManagerImpl.java:1200) ~[ozone-manager-1.3.0-SNAPSHOT.jar:?]
	at org.apache.hadoop.ozone.om.OzoneManager.getFileStatus(OzoneManager.java:3507) ~[ozone-manager-1.3.0-SNAPSHOT.jar:?]
	at org.apache.hadoop.ozone.protocolPB.OzoneManagerRequestHandler.getOzoneFileStatus(OzoneManagerRequestHandler.java:882) ~[ozone-manager-1.3.0-SNAPSHOT.jar:?]
	at org.apache.hadoop.ozone.protocolPB.OzoneManagerRequestHandler.handleReadRequest(OzoneManagerRequestHandler.java:228) ~[ozone-manager-1.3.0-SNAPSHOT.jar:?]
	at org.apache.hadoop.ozone.protocolPB.OzoneManagerProtocolServerSideTranslatorPB.submitReadRequestToOM(OzoneManagerProtocolServerSideTranslatorPB.java:226) ~[ozone-manager-1.3.0-SNAPSHOT.jar:?]
	at org.apache.hadoop.ozone.protocolPB.OzoneManagerProtocolServerSideTranslatorPB.processRequest(OzoneManagerProtocolServerSideTranslatorPB.java:175) ~[ozone-manager-1.3.0-SNAPSHOT.jar:?]
	at org.apache.hadoop.hdds.server.OzoneProtocolMessageDispatcher.processRequest(OzoneProtocolMessageDispatcher.java:87) [hdds-server-framework-1.3.0-SNAPSHOT.jar:?]
	at org.apache.hadoop.ozone.protocolPB.OzoneManagerProtocolServerSideTranslatorPB.submitRequest(OzoneManagerProtocolServerSideTranslatorPB.java:147) [ozone-manager-1.3.0-SNAPSHOT.jar:?]
	at org.apache.hadoop.ozone.protocol.proto.OzoneManagerProtocolProtos$OzoneManagerService$2.callBlockingMethod(OzoneManagerProtocolProtos.java) [ozone-interface-client-1.3.0-SNAPSHOT.jar:?]
	at org.apache.hadoop.ipc.ProtobufRpcEngine$Server.processCall(ProtobufRpcEngine.java:466) [hadoop-common-3.3.1.jar:?]
	at org.apache.hadoop.ipc.ProtobufRpcEngine2$Server$ProtoBufRpcInvoker.call(ProtobufRpcEngine2.java:574) [hadoop-common-3.3.1.jar:?]
	at org.apache.hadoop.ipc.ProtobufRpcEngine2$Server$ProtoBufRpcInvoker.call(ProtobufRpcEngine2.java:552) [hadoop-common-3.3.1.jar:?]
	at org.apache.hadoop.ipc.RPC$Server.call(RPC.java:1093) [hadoop-common-3.3.1.jar:?]
	at org.apache.hadoop.ipc.Server$RpcCall.run(Server.java:1035) [hadoop-common-3.3.1.jar:?]
	at org.apache.hadoop.ipc.Server$RpcCall.run(Server.java:963) [hadoop-common-3.3.1.jar:?]
	at java.security.AccessController.doPrivileged(Native Method) ~[?:1.8.0_345]
	at javax.security.auth.Subject.doAs(Subject.java:422) [?:1.8.0_345]
	at org.apache.hadoop.security.UserGroupInformation.doAs(UserGroupInformation.java:1878) [hadoop-common-3.3.1.jar:?]
	at org.apache.hadoop.ipc.Server$Handler.run(Server.java:2966) [hadoop-common-3.3.1.jar:?]
2022-10-09 13:07:28,607 [Time-limited test] WARN  ozone.BasicOzoneFileSystem (BasicOzoneFileSystem.java:getFileStatus(765)) - GetFileStatus failed for path /testBatchDelete/parent/child0
java.io.FileNotFoundException: testBatchDelete/parent/child0: No such file or directory!
	at org.apache.hadoop.fs.ozone.BasicOzoneClientAdapterImpl.getFileStatus(BasicOzoneClientAdapterImpl.java:369)
	at org.apache.hadoop.fs.ozone.BasicOzoneFileSystem.getFileStatus(BasicOzoneFileSystem.java:757)
	at org.apache.hadoop.fs.FileSystem.exists(FileSystem.java:1760)
	at org.apache.hadoop.fs.ozone.BasicOzoneFileSystem.exists(BasicOzoneFileSystem.java:804)
	at org.apache.hadoop.fs.ozone.TestOzoneFileSystem.testFileDelete(TestOzoneFileSystem.java:534)
	at sun.reflect.NativeMethodAccessorImpl.invoke0(Native Method)
	at sun.reflect.NativeMethodAccessorImpl.invoke(NativeMethodAccessorImpl.java:62)
	at sun.reflect.DelegatingMethodAccessorImpl.invoke(DelegatingMethodAccessorImpl.java:43)
	at java.lang.reflect.Method.invoke(Method.java:498)
	at org.junit.runners.model.FrameworkMethod$1.runReflectiveCall(FrameworkMethod.java:59)
	at org.junit.internal.runners.model.ReflectiveCallable.run(ReflectiveCallable.java:12)
	at org.junit.runners.model.FrameworkMethod.invokeExplosively(FrameworkMethod.java:56)
	at org.junit.internal.runners.statements.InvokeMethod.evaluate(InvokeMethod.java:17)
	at org.junit.internal.runners.statements.RunAfters.evaluate(RunAfters.java:27)
	at org.junit.internal.runners.statements.FailOnTimeout$CallableStatement.call(FailOnTimeout.java:288)
	at org.junit.internal.runners.statements.FailOnTimeout$CallableStatement.call(FailOnTimeout.java:282)
	at java.util.concurrent.FutureTask.run(FutureTask.java:266)
	at java.lang.Thread.run(Thread.java:750)
13:07:28.608 [IPC Server handler 19 on default port 33359] ERROR OMAudit - user=runner | ip=127.0.0.1 | op=GET_FILE_STATUS {volume=volume52841, bucket=bucket11878, key=testBatchDelete/parent/childFolder/child0, dataSize=0, replicationConfig=null} | ret=FAILURE
org.apache.hadoop.ozone.om.exceptions.OMException: Unable to get file status: volume: volume52841 bucket: bucket11878 key: testBatchDelete/parent/childFolder/child0
	at org.apache.hadoop.ozone.om.KeyManagerImpl.getOzoneFileStatus(KeyManagerImpl.java:1270) ~[ozone-manager-1.3.0-SNAPSHOT.jar:?]
	at org.apache.hadoop.ozone.om.KeyManagerImpl.getFileStatus(KeyManagerImpl.java:1200) ~[ozone-manager-1.3.0-SNAPSHOT.jar:?]
	at org.apache.hadoop.ozone.om.OzoneManager.getFileStatus(OzoneManager.java:3507) ~[ozone-manager-1.3.0-SNAPSHOT.jar:?]
	at org.apache.hadoop.ozone.protocolPB.OzoneManagerRequestHandler.getOzoneFileStatus(OzoneManagerRequestHandler.java:882) ~[ozone-manager-1.3.0-SNAPSHOT.jar:?]
	at org.apache.hadoop.ozone.protocolPB.OzoneManagerRequestHandler.handleReadRequest(OzoneManagerRequestHandler.java:228) ~[ozone-manager-1.3.0-SNAPSHOT.jar:?]
	at org.apache.hadoop.ozone.protocolPB.OzoneManagerProtocolServerSideTranslatorPB.submitReadRequestToOM(OzoneManagerProtocolServerSideTranslatorPB.java:226) ~[ozone-manager-1.3.0-SNAPSHOT.jar:?]
	at org.apache.hadoop.ozone.protocolPB.OzoneManagerProtocolServerSideTranslatorPB.processRequest(OzoneManagerProtocolServerSideTranslatorPB.java:175) ~[ozone-manager-1.3.0-SNAPSHOT.jar:?]
	at org.apache.hadoop.hdds.server.OzoneProtocolMessageDispatcher.processRequest(OzoneProtocolMessageDispatcher.java:87) [hdds-server-framework-1.3.0-SNAPSHOT.jar:?]
	at org.apache.hadoop.ozone.protocolPB.OzoneManagerProtocolServerSideTranslatorPB.submitRequest(OzoneManagerProtocolServerSideTranslatorPB.java:147) [ozone-manager-1.3.0-SNAPSHOT.jar:?]
	at org.apache.hadoop.ozone.protocol.proto.OzoneManagerProtocolProtos$OzoneManagerService$2.callBlockingMethod(OzoneManagerProtocolProtos.java) [ozone-interface-client-1.3.0-SNAPSHOT.jar:?]
	at org.apache.hadoop.ipc.ProtobufRpcEngine$Server.processCall(ProtobufRpcEngine.java:466) [hadoop-common-3.3.1.jar:?]
	at org.apache.hadoop.ipc.ProtobufRpcEngine2$Server$ProtoBufRpcInvoker.call(ProtobufRpcEngine2.java:574) [hadoop-common-3.3.1.jar:?]
	at org.apache.hadoop.ipc.ProtobufRpcEngine2$Server$ProtoBufRpcInvoker.call(ProtobufRpcEngine2.java:552) [hadoop-common-3.3.1.jar:?]
	at org.apache.hadoop.ipc.RPC$Server.call(RPC.java:1093) [hadoop-common-3.3.1.jar:?]
	at org.apache.hadoop.ipc.Server$RpcCall.run(Server.java:1035) [hadoop-common-3.3.1.jar:?]
	at org.apache.hadoop.ipc.Server$RpcCall.run(Server.java:963) [hadoop-common-3.3.1.jar:?]
	at java.security.AccessController.doPrivileged(Native Method) ~[?:1.8.0_345]
	at javax.security.auth.Subject.doAs(Subject.java:422) [?:1.8.0_345]
	at org.apache.hadoop.security.UserGroupInformation.doAs(UserGroupInformation.java:1878) [hadoop-common-3.3.1.jar:?]
	at org.apache.hadoop.ipc.Server$Handler.run(Server.java:2966) [hadoop-common-3.3.1.jar:?]
2022-10-09 13:07:28,608 [Time-limited test] WARN  ozone.BasicOzoneFileSystem (BasicOzoneFileSystem.java:getFileStatus(765)) - GetFileStatus failed for path /testBatchDelete/parent/childFolder/child0
java.io.FileNotFoundException: testBatchDelete/parent/childFolder/child0: No such file or directory!
	at org.apache.hadoop.fs.ozone.BasicOzoneClientAdapterImpl.getFileStatus(BasicOzoneClientAdapterImpl.java:369)
	at org.apache.hadoop.fs.ozone.BasicOzoneFileSystem.getFileStatus(BasicOzoneFileSystem.java:757)
	at org.apache.hadoop.fs.FileSystem.exists(FileSystem.java:1760)
	at org.apache.hadoop.fs.ozone.BasicOzoneFileSystem.exists(BasicOzoneFileSystem.java:804)
	at org.apache.hadoop.fs.ozone.TestOzoneFileSystem.testFileDelete(TestOzoneFileSystem.java:539)
	at sun.reflect.NativeMethodAccessorImpl.invoke0(Native Method)
	at sun.reflect.NativeMethodAccessorImpl.invoke(NativeMethodAccessorImpl.java:62)
	at sun.reflect.DelegatingMethodAccessorImpl.invoke(DelegatingMethodAccessorImpl.java:43)
	at java.lang.reflect.Method.invoke(Method.java:498)
	at org.junit.runners.model.FrameworkMethod$1.runReflectiveCall(FrameworkMethod.java:59)
	at org.junit.internal.runners.model.ReflectiveCallable.run(ReflectiveCallable.java:12)
	at org.junit.runners.model.FrameworkMethod.invokeExplosively(FrameworkMethod.java:56)
	at org.junit.internal.runners.statements.InvokeMethod.evaluate(InvokeMethod.java:17)
	at org.junit.internal.runners.statements.RunAfters.evaluate(RunAfters.java:27)
	at org.junit.internal.runners.statements.FailOnTimeout$CallableStatement.call(FailOnTimeout.java:288)
	at org.junit.internal.runners.statements.FailOnTimeout$CallableStatement.call(FailOnTimeout.java:282)
	at java.util.concurrent.FutureTask.run(FutureTask.java:266)
	at java.lang.Thread.run(Thread.java:750)
13:07:28.608 [IPC Server handler 1 on default port 33359] ERROR OMAudit - user=runner | ip=127.0.0.1 | op=GET_FILE_STATUS {volume=volume52841, bucket=bucket11878, key=testBatchDelete/parent/child1, dataSize=0, replicationConfig=null} | ret=FAILURE
org.apache.hadoop.ozone.om.exceptions.OMException: Unable to get file status: volume: volume52841 bucket: bucket11878 key: testBatchDelete/parent/child1
	at org.apache.hadoop.ozone.om.KeyManagerImpl.getOzoneFileStatus(KeyManagerImpl.java:1270) ~[ozone-manager-1.3.0-SNAPSHOT.jar:?]
	at org.apache.hadoop.ozone.om.KeyManagerImpl.getFileStatus(KeyManagerImpl.java:1200) ~[ozone-manager-1.3.0-SNAPSHOT.jar:?]
	at org.apache.hadoop.ozone.om.OzoneManager.getFileStatus(OzoneManager.java:3507) ~[ozone-manager-1.3.0-SNAPSHOT.jar:?]
	at org.apache.hadoop.ozone.protocolPB.OzoneManagerRequestHandler.getOzoneFileStatus(OzoneManagerRequestHandler.java:882) ~[ozone-manager-1.3.0-SNAPSHOT.jar:?]
	at org.apache.hadoop.ozone.protocolPB.OzoneManagerRequestHandler.handleReadRequest(OzoneManagerRequestHandler.java:228) ~[ozone-manager-1.3.0-SNAPSHOT.jar:?]
	at org.apache.hadoop.ozone.protocolPB.OzoneManagerProtocolServerSideTranslatorPB.submitReadRequestToOM(OzoneManagerProtocolServerSideTranslatorPB.java:226) ~[ozone-manager-1.3.0-SNAPSHOT.jar:?]
	at org.apache.hadoop.ozone.protocolPB.OzoneManagerProtocolServerSideTranslatorPB.processRequest(OzoneManagerProtocolServerSideTranslatorPB.java:175) ~[ozone-manager-1.3.0-SNAPSHOT.jar:?]
	at org.apache.hadoop.hdds.server.OzoneProtocolMessageDispatcher.processRequest(OzoneProtocolMessageDispatcher.java:87) [hdds-server-framework-1.3.0-SNAPSHOT.jar:?]
	at org.apache.hadoop.ozone.protocolPB.OzoneManagerProtocolServerSideTranslatorPB.submitRequest(OzoneManagerProtocolServerSideTranslatorPB.java:147) [ozone-manager-1.3.0-SNAPSHOT.jar:?]
	at org.apache.hadoop.ozone.protocol.proto.OzoneManagerProtocolProtos$OzoneManagerService$2.callBlockingMethod(OzoneManagerProtocolProtos.java) [ozone-interface-client-1.3.0-SNAPSHOT.jar:?]
	at org.apache.hadoop.ipc.ProtobufRpcEngine$Server.processCall(ProtobufRpcEngine.java:466) [hadoop-common-3.3.1.jar:?]
	at org.apache.hadoop.ipc.ProtobufRpcEngine2$Server$ProtoBufRpcInvoker.call(ProtobufRpcEngine2.java:574) [hadoop-common-3.3.1.jar:?]
	at org.apache.hadoop.ipc.ProtobufRpcEngine2$Server$ProtoBufRpcInvoker.call(ProtobufRpcEngine2.java:552) [hadoop-common-3.3.1.jar:?]
	at org.apache.hadoop.ipc.RPC$Server.call(RPC.java:1093) [hadoop-common-3.3.1.jar:?]
	at org.apache.hadoop.ipc.Server$RpcCall.run(Server.java:1035) [hadoop-common-3.3.1.jar:?]
	at org.apache.hadoop.ipc.Server$RpcCall.run(Server.java:963) [hadoop-common-3.3.1.jar:?]
	at java.security.AccessController.doPrivileged(Native Method) ~[?:1.8.0_345]
	at javax.security.auth.Subject.doAs(Subject.java:422) [?:1.8.0_345]
	at org.apache.hadoop.security.UserGroupInformation.doAs(UserGroupInformation.java:1878) [hadoop-common-3.3.1.jar:?]
	at org.apache.hadoop.ipc.Server$Handler.run(Server.java:2966) [hadoop-common-3.3.1.jar:?]
2022-10-09 13:07:28,609 [Time-limited test] WARN  ozone.BasicOzoneFileSystem (BasicOzoneFileSystem.java:getFileStatus(765)) - GetFileStatus failed for path /testBatchDelete/parent/child1
java.io.FileNotFoundException: testBatchDelete/parent/child1: No such file or directory!
	at org.apache.hadoop.fs.ozone.BasicOzoneClientAdapterImpl.getFileStatus(BasicOzoneClientAdapterImpl.java:369)
	at org.apache.hadoop.fs.ozone.BasicOzoneFileSystem.getFileStatus(BasicOzoneFileSystem.java:757)
	at org.apache.hadoop.fs.FileSystem.exists(FileSystem.java:1760)
	at org.apache.hadoop.fs.ozone.BasicOzoneFileSystem.exists(BasicOzoneFileSystem.java:804)
	at org.apache.hadoop.fs.ozone.TestOzoneFileSystem.testFileDelete(TestOzoneFileSystem.java:534)
	at sun.reflect.NativeMethodAccessorImpl.invoke0(Native Method)
	at sun.reflect.NativeMethodAccessorImpl.invoke(NativeMethodAccessorImpl.java:62)
	at sun.reflect.DelegatingMethodAccessorImpl.invoke(DelegatingMethodAccessorImpl.java:43)
	at java.lang.reflect.Method.invoke(Method.java:498)
	at org.junit.runners.model.FrameworkMethod$1.runReflectiveCall(FrameworkMethod.java:59)
	at org.junit.internal.runners.model.ReflectiveCallable.run(ReflectiveCallable.java:12)
	at org.junit.runners.model.FrameworkMethod.invokeExplosively(FrameworkMethod.java:56)
	at org.junit.internal.runners.statements.InvokeMethod.evaluate(InvokeMethod.java:17)
	at org.junit.internal.runners.statements.RunAfters.evaluate(RunAfters.java:27)
	at org.junit.internal.runners.statements.FailOnTimeout$CallableStatement.call(FailOnTimeout.java:288)
	at org.junit.internal.runners.statements.FailOnTimeout$CallableStatement.call(FailOnTimeout.java:282)
	at java.util.concurrent.FutureTask.run(FutureTask.java:266)
	at java.lang.Thread.run(Thread.java:750)
13:07:28.609 [IPC Server handler 0 on default port 33359] ERROR OMAudit - user=runner | ip=127.0.0.1 | op=GET_FILE_STATUS {volume=volume52841, bucket=bucket11878, key=testBatchDelete/parent/childFolder/child1, dataSize=0, replicationConfig=null} | ret=FAILURE
org.apache.hadoop.ozone.om.exceptions.OMException: Unable to get file status: volume: volume52841 bucket: bucket11878 key: testBatchDelete/parent/childFolder/child1
	at org.apache.hadoop.ozone.om.KeyManagerImpl.getOzoneFileStatus(KeyManagerImpl.java:1270) ~[ozone-manager-1.3.0-SNAPSHOT.jar:?]
	at org.apache.hadoop.ozone.om.KeyManagerImpl.getFileStatus(KeyManagerImpl.java:1200) ~[ozone-manager-1.3.0-SNAPSHOT.jar:?]
	at org.apache.hadoop.ozone.om.OzoneManager.getFileStatus(OzoneManager.java:3507) ~[ozone-manager-1.3.0-SNAPSHOT.jar:?]
	at org.apache.hadoop.ozone.protocolPB.OzoneManagerRequestHandler.getOzoneFileStatus(OzoneManagerRequestHandler.java:882) ~[ozone-manager-1.3.0-SNAPSHOT.jar:?]
	at org.apache.hadoop.ozone.protocolPB.OzoneManagerRequestHandler.handleReadRequest(OzoneManagerRequestHandler.java:228) ~[ozone-manager-1.3.0-SNAPSHOT.jar:?]
	at org.apache.hadoop.ozone.protocolPB.OzoneManagerProtocolServerSideTranslatorPB.submitReadRequestToOM(OzoneManagerProtocolServerSideTranslatorPB.java:226) ~[ozone-manager-1.3.0-SNAPSHOT.jar:?]
	at org.apache.hadoop.ozone.protocolPB.OzoneManagerProtocolServerSideTranslatorPB.processRequest(OzoneManagerProtocolServerSideTranslatorPB.java:175) ~[ozone-manager-1.3.0-SNAPSHOT.jar:?]
	at org.apache.hadoop.hdds.server.OzoneProtocolMessageDispatcher.processRequest(OzoneProtocolMessageDispatcher.java:87) [hdds-server-framework-1.3.0-SNAPSHOT.jar:?]
	at org.apache.hadoop.ozone.protocolPB.OzoneManagerProtocolServerSideTranslatorPB.submitRequest(OzoneManagerProtocolServerSideTranslatorPB.java:147) [ozone-manager-1.3.0-SNAPSHOT.jar:?]
	at org.apache.hadoop.ozone.protocol.proto.OzoneManagerProtocolProtos$OzoneManagerService$2.callBlockingMethod(OzoneManagerProtocolProtos.java) [ozone-interface-client-1.3.0-SNAPSHOT.jar:?]
	at org.apache.hadoop.ipc.ProtobufRpcEngine$Server.processCall(ProtobufRpcEngine.java:466) [hadoop-common-3.3.1.jar:?]
	at org.apache.hadoop.ipc.ProtobufRpcEngine2$Server$ProtoBufRpcInvoker.call(ProtobufRpcEngine2.java:574) [hadoop-common-3.3.1.jar:?]
	at org.apache.hadoop.ipc.ProtobufRpcEngine2$Server$ProtoBufRpcInvoker.call(ProtobufRpcEngine2.java:552) [hadoop-common-3.3.1.jar:?]
	at org.apache.hadoop.ipc.RPC$Server.call(RPC.java:1093) [hadoop-common-3.3.1.jar:?]
	at org.apache.hadoop.ipc.Server$RpcCall.run(Server.java:1035) [hadoop-common-3.3.1.jar:?]
	at org.apache.hadoop.ipc.Server$RpcCall.run(Server.java:963) [hadoop-common-3.3.1.jar:?]
	at java.security.AccessController.doPrivileged(Native Method) ~[?:1.8.0_345]
	at javax.security.auth.Subject.doAs(Subject.java:422) [?:1.8.0_345]
	at org.apache.hadoop.security.UserGroupInformation.doAs(UserGroupInformation.java:1878) [hadoop-common-3.3.1.jar:?]
	at org.apache.hadoop.ipc.Server$Handler.run(Server.java:2966) [hadoop-common-3.3.1.jar:?]
2022-10-09 13:07:28,609 [Time-limited test] WARN  ozone.BasicOzoneFileSystem (BasicOzoneFileSystem.java:getFileStatus(765)) - GetFileStatus failed for path /testBatchDelete/parent/childFolder/child1
java.io.FileNotFoundException: testBatchDelete/parent/childFolder/child1: No such file or directory!
	at org.apache.hadoop.fs.ozone.BasicOzoneClientAdapterImpl.getFileStatus(BasicOzoneClientAdapterImpl.java:369)
	at org.apache.hadoop.fs.ozone.BasicOzoneFileSystem.getFileStatus(BasicOzoneFileSystem.java:757)
	at org.apache.hadoop.fs.FileSystem.exists(FileSystem.java:1760)
	at org.apache.hadoop.fs.ozone.BasicOzoneFileSystem.exists(BasicOzoneFileSystem.java:804)
	at org.apache.hadoop.fs.ozone.TestOzoneFileSystem.testFileDelete(TestOzoneFileSystem.java:539)
	at sun.reflect.NativeMethodAccessorImpl.invoke0(Native Method)
	at sun.reflect.NativeMethodAccessorImpl.invoke(NativeMethodAccessorImpl.java:62)
	at sun.reflect.DelegatingMethodAccessorImpl.invoke(DelegatingMethodAccessorImpl.java:43)
	at java.lang.reflect.Method.invoke(Method.java:498)
	at org.junit.runners.model.FrameworkMethod$1.runReflectiveCall(FrameworkMethod.java:59)
	at org.junit.internal.runners.model.ReflectiveCallable.run(ReflectiveCallable.java:12)
	at org.junit.runners.model.FrameworkMethod.invokeExplosively(FrameworkMethod.java:56)
	at org.junit.internal.runners.statements.InvokeMethod.evaluate(InvokeMethod.java:17)
	at org.junit.internal.runners.statements.RunAfters.evaluate(RunAfters.java:27)
	at org.junit.internal.runners.statements.FailOnTimeout$CallableStatement.call(FailOnTimeout.java:288)
	at org.junit.internal.runners.statements.FailOnTimeout$CallableStatement.call(FailOnTimeout.java:282)
	at java.util.concurrent.FutureTask.run(FutureTask.java:266)
	at java.lang.Thread.run(Thread.java:750)
13:07:28.610 [IPC Server handler 7 on default port 33359] ERROR OMAudit - user=runner | ip=127.0.0.1 | op=GET_FILE_STATUS {volume=volume52841, bucket=bucket11878, key=testBatchDelete/parent/child2, dataSize=0, replicationConfig=null} | ret=FAILURE
org.apache.hadoop.ozone.om.exceptions.OMException: Unable to get file status: volume: volume52841 bucket: bucket11878 key: testBatchDelete/parent/child2
	at org.apache.hadoop.ozone.om.KeyManagerImpl.getOzoneFileStatus(KeyManagerImpl.java:1270) ~[ozone-manager-1.3.0-SNAPSHOT.jar:?]
	at org.apache.hadoop.ozone.om.KeyManagerImpl.getFileStatus(KeyManagerImpl.java:1200) ~[ozone-manager-1.3.0-SNAPSHOT.jar:?]
	at org.apache.hadoop.ozone.om.OzoneManager.getFileStatus(OzoneManager.java:3507) ~[ozone-manager-1.3.0-SNAPSHOT.jar:?]
	at org.apache.hadoop.ozone.protocolPB.OzoneManagerRequestHandler.getOzoneFileStatus(OzoneManagerRequestHandler.java:882) ~[ozone-manager-1.3.0-SNAPSHOT.jar:?]
	at org.apache.hadoop.ozone.protocolPB.OzoneManagerRequestHandler.handleReadRequest(OzoneManagerRequestHandler.java:228) ~[ozone-manager-1.3.0-SNAPSHOT.jar:?]
	at org.apache.hadoop.ozone.protocolPB.OzoneManagerProtocolServerSideTranslatorPB.submitReadRequestToOM(OzoneManagerProtocolServerSideTranslatorPB.java:226) ~[ozone-manager-1.3.0-SNAPSHOT.jar:?]
	at org.apache.hadoop.ozone.protocolPB.OzoneManagerProtocolServerSideTranslatorPB.processRequest(OzoneManagerProtocolServerSideTranslatorPB.java:175) ~[ozone-manager-1.3.0-SNAPSHOT.jar:?]
	at org.apache.hadoop.hdds.server.OzoneProtocolMessageDispatcher.processRequest(OzoneProtocolMessageDispatcher.java:87) [hdds-server-framework-1.3.0-SNAPSHOT.jar:?]
	at org.apache.hadoop.ozone.protocolPB.OzoneManagerProtocolServerSideTranslatorPB.submitRequest(OzoneManagerProtocolServerSideTranslatorPB.java:147) [ozone-manager-1.3.0-SNAPSHOT.jar:?]
	at org.apache.hadoop.ozone.protocol.proto.OzoneManagerProtocolProtos$OzoneManagerService$2.callBlockingMethod(OzoneManagerProtocolProtos.java) [ozone-interface-client-1.3.0-SNAPSHOT.jar:?]
	at org.apache.hadoop.ipc.ProtobufRpcEngine$Server.processCall(ProtobufRpcEngine.java:466) [hadoop-common-3.3.1.jar:?]
	at org.apache.hadoop.ipc.ProtobufRpcEngine2$Server$ProtoBufRpcInvoker.call(ProtobufRpcEngine2.java:574) [hadoop-common-3.3.1.jar:?]
	at org.apache.hadoop.ipc.ProtobufRpcEngine2$Server$ProtoBufRpcInvoker.call(ProtobufRpcEngine2.java:552) [hadoop-common-3.3.1.jar:?]
	at org.apache.hadoop.ipc.RPC$Server.call(RPC.java:1093) [hadoop-common-3.3.1.jar:?]
	at org.apache.hadoop.ipc.Server$RpcCall.run(Server.java:1035) [hadoop-common-3.3.1.jar:?]
	at org.apache.hadoop.ipc.Server$RpcCall.run(Server.java:963) [hadoop-common-3.3.1.jar:?]
	at java.security.AccessController.doPrivileged(Native Method) ~[?:1.8.0_345]
	at javax.security.auth.Subject.doAs(Subject.java:422) [?:1.8.0_345]
	at org.apache.hadoop.security.UserGroupInformation.doAs(UserGroupInformation.java:1878) [hadoop-common-3.3.1.jar:?]
	at org.apache.hadoop.ipc.Server$Handler.run(Server.java:2966) [hadoop-common-3.3.1.jar:?]
2022-10-09 13:07:28,610 [Time-limited test] WARN  ozone.BasicOzoneFileSystem (BasicOzoneFileSystem.java:getFileStatus(765)) - GetFileStatus failed for path /testBatchDelete/parent/child2
java.io.FileNotFoundException: testBatchDelete/parent/child2: No such file or directory!
	at org.apache.hadoop.fs.ozone.BasicOzoneClientAdapterImpl.getFileStatus(BasicOzoneClientAdapterImpl.java:369)
	at org.apache.hadoop.fs.ozone.BasicOzoneFileSystem.getFileStatus(BasicOzoneFileSystem.java:757)
	at org.apache.hadoop.fs.FileSystem.exists(FileSystem.java:1760)
	at org.apache.hadoop.fs.ozone.BasicOzoneFileSystem.exists(BasicOzoneFileSystem.java:804)
	at org.apache.hadoop.fs.ozone.TestOzoneFileSystem.testFileDelete(TestOzoneFileSystem.java:534)
	at sun.reflect.NativeMethodAccessorImpl.invoke0(Native Method)
	at sun.reflect.NativeMethodAccessorImpl.invoke(NativeMethodAccessorImpl.java:62)
	at sun.reflect.DelegatingMethodAccessorImpl.invoke(DelegatingMethodAccessorImpl.java:43)
	at java.lang.reflect.Method.invoke(Method.java:498)
	at org.junit.runners.model.FrameworkMethod$1.runReflectiveCall(FrameworkMethod.java:59)
	at org.junit.internal.runners.model.ReflectiveCallable.run(ReflectiveCallable.java:12)
	at org.junit.runners.model.FrameworkMethod.invokeExplosively(FrameworkMethod.java:56)
	at org.junit.internal.runners.statements.InvokeMethod.evaluate(InvokeMethod.java:17)
	at org.junit.internal.runners.statements.RunAfters.evaluate(RunAfters.java:27)
	at org.junit.internal.runners.statements.FailOnTimeout$CallableStatement.call(FailOnTimeout.java:288)
	at org.junit.internal.runners.statements.FailOnTimeout$CallableStatement.call(FailOnTimeout.java:282)
	at java.util.concurrent.FutureTask.run(FutureTask.java:266)
	at java.lang.Thread.run(Thread.java:750)
13:07:28.611 [IPC Server handler 2 on default port 33359] ERROR OMAudit - user=runner | ip=127.0.0.1 | op=GET_FILE_STATUS {volume=volume52841, bucket=bucket11878, key=testBatchDelete/parent/childFolder/child2, dataSize=0, replicationConfig=null} | ret=FAILURE
org.apache.hadoop.ozone.om.exceptions.OMException: Unable to get file status: volume: volume52841 bucket: bucket11878 key: testBatchDelete/parent/childFolder/child2
	at org.apache.hadoop.ozone.om.KeyManagerImpl.getOzoneFileStatus(KeyManagerImpl.java:1270) ~[ozone-manager-1.3.0-SNAPSHOT.jar:?]
	at org.apache.hadoop.ozone.om.KeyManagerImpl.getFileStatus(KeyManagerImpl.java:1200) ~[ozone-manager-1.3.0-SNAPSHOT.jar:?]
	at org.apache.hadoop.ozone.om.OzoneManager.getFileStatus(OzoneManager.java:3507) ~[ozone-manager-1.3.0-SNAPSHOT.jar:?]
	at org.apache.hadoop.ozone.protocolPB.OzoneManagerRequestHandler.getOzoneFileStatus(OzoneManagerRequestHandler.java:882) ~[ozone-manager-1.3.0-SNAPSHOT.jar:?]
	at org.apache.hadoop.ozone.protocolPB.OzoneManagerRequestHandler.handleReadRequest(OzoneManagerRequestHandler.java:228) ~[ozone-manager-1.3.0-SNAPSHOT.jar:?]
	at org.apache.hadoop.ozone.protocolPB.OzoneManagerProtocolServerSideTranslatorPB.submitReadRequestToOM(OzoneManagerProtocolServerSideTranslatorPB.java:226) ~[ozone-manager-1.3.0-SNAPSHOT.jar:?]
	at org.apache.hadoop.ozone.protocolPB.OzoneManagerProtocolServerSideTranslatorPB.processRequest(OzoneManagerProtocolServerSideTranslatorPB.java:175) ~[ozone-manager-1.3.0-SNAPSHOT.jar:?]
	at org.apache.hadoop.hdds.server.OzoneProtocolMessageDispatcher.processRequest(OzoneProtocolMessageDispatcher.java:87) [hdds-server-framework-1.3.0-SNAPSHOT.jar:?]
	at org.apache.hadoop.ozone.protocolPB.OzoneManagerProtocolServerSideTranslatorPB.submitRequest(OzoneManagerProtocolServerSideTranslatorPB.java:147) [ozone-manager-1.3.0-SNAPSHOT.jar:?]
	at org.apache.hadoop.ozone.protocol.proto.OzoneManagerProtocolProtos$OzoneManagerService$2.callBlockingMethod(OzoneManagerProtocolProtos.java) [ozone-interface-client-1.3.0-SNAPSHOT.jar:?]
	at org.apache.hadoop.ipc.ProtobufRpcEngine$Server.processCall(ProtobufRpcEngine.java:466) [hadoop-common-3.3.1.jar:?]
	at org.apache.hadoop.ipc.ProtobufRpcEngine2$Server$ProtoBufRpcInvoker.call(ProtobufRpcEngine2.java:574) [hadoop-common-3.3.1.jar:?]
	at org.apache.hadoop.ipc.ProtobufRpcEngine2$Server$ProtoBufRpcInvoker.call(ProtobufRpcEngine2.java:552) [hadoop-common-3.3.1.jar:?]
	at org.apache.hadoop.ipc.RPC$Server.call(RPC.java:1093) [hadoop-common-3.3.1.jar:?]
	at org.apache.hadoop.ipc.Server$RpcCall.run(Server.java:1035) [hadoop-common-3.3.1.jar:?]
	at org.apache.hadoop.ipc.Server$RpcCall.run(Server.java:963) [hadoop-common-3.3.1.jar:?]
	at java.security.AccessController.doPrivileged(Native Method) ~[?:1.8.0_345]
	at javax.security.auth.Subject.doAs(Subject.java:422) [?:1.8.0_345]
	at org.apache.hadoop.security.UserGroupInformation.doAs(UserGroupInformation.java:1878) [hadoop-common-3.3.1.jar:?]
	at org.apache.hadoop.ipc.Server$Handler.run(Server.java:2966) [hadoop-common-3.3.1.jar:?]
2022-10-09 13:07:28,611 [Time-limited test] WARN  ozone.BasicOzoneFileSystem (BasicOzoneFileSystem.java:getFileStatus(765)) - GetFileStatus failed for path /testBatchDelete/parent/childFolder/child2
java.io.FileNotFoundException: testBatchDelete/parent/childFolder/child2: No such file or directory!
	at org.apache.hadoop.fs.ozone.BasicOzoneClientAdapterImpl.getFileStatus(BasicOzoneClientAdapterImpl.java:369)
	at org.apache.hadoop.fs.ozone.BasicOzoneFileSystem.getFileStatus(BasicOzoneFileSystem.java:757)
	at org.apache.hadoop.fs.FileSystem.exists(FileSystem.java:1760)
	at org.apache.hadoop.fs.ozone.BasicOzoneFileSystem.exists(BasicOzoneFileSystem.java:804)
	at org.apache.hadoop.fs.ozone.TestOzoneFileSystem.testFileDelete(TestOzoneFileSystem.java:539)
	at sun.reflect.NativeMethodAccessorImpl.invoke0(Native Method)
	at sun.reflect.NativeMethodAccessorImpl.invoke(NativeMethodAccessorImpl.java:62)
	at sun.reflect.DelegatingMethodAccessorImpl.invoke(DelegatingMethodAccessorImpl.java:43)
	at java.lang.reflect.Method.invoke(Method.java:498)
	at org.junit.runners.model.FrameworkMethod$1.runReflectiveCall(FrameworkMethod.java:59)
	at org.junit.internal.runners.model.ReflectiveCallable.run(ReflectiveCallable.java:12)
	at org.junit.runners.model.FrameworkMethod.invokeExplosively(FrameworkMethod.java:56)
	at org.junit.internal.runners.statements.InvokeMethod.evaluate(InvokeMethod.java:17)
	at org.junit.internal.runners.statements.RunAfters.evaluate(RunAfters.java:27)
	at org.junit.internal.runners.statements.FailOnTimeout$CallableStatement.call(FailOnTimeout.java:288)
	at org.junit.internal.runners.statements.FailOnTimeout$CallableStatement.call(FailOnTimeout.java:282)
	at java.util.concurrent.FutureTask.run(FutureTask.java:266)
	at java.lang.Thread.run(Thread.java:750)
13:07:28.611 [IPC Server handler 12 on default port 33359] ERROR OMAudit - user=runner | ip=127.0.0.1 | op=GET_FILE_STATUS {volume=volume52841, bucket=bucket11878, key=testBatchDelete/parent/child3, dataSize=0, replicationConfig=null} | ret=FAILURE
org.apache.hadoop.ozone.om.exceptions.OMException: Unable to get file status: volume: volume52841 bucket: bucket11878 key: testBatchDelete/parent/child3
	at org.apache.hadoop.ozone.om.KeyManagerImpl.getOzoneFileStatus(KeyManagerImpl.java:1270) ~[ozone-manager-1.3.0-SNAPSHOT.jar:?]
	at org.apache.hadoop.ozone.om.KeyManagerImpl.getFileStatus(KeyManagerImpl.java:1200) ~[ozone-manager-1.3.0-SNAPSHOT.jar:?]
	at org.apache.hadoop.ozone.om.OzoneManager.getFileStatus(OzoneManager.java:3507) ~[ozone-manager-1.3.0-SNAPSHOT.jar:?]
	at org.apache.hadoop.ozone.protocolPB.OzoneManagerRequestHandler.getOzoneFileStatus(OzoneManagerRequestHandler.java:882) ~[ozone-manager-1.3.0-SNAPSHOT.jar:?]
	at org.apache.hadoop.ozone.protocolPB.OzoneManagerRequestHandler.handleReadRequest(OzoneManagerRequestHandler.java:228) ~[ozone-manager-1.3.0-SNAPSHOT.jar:?]
	at org.apache.hadoop.ozone.protocolPB.OzoneManagerProtocolServerSideTranslatorPB.submitReadRequestToOM(OzoneManagerProtocolServerSideTranslatorPB.java:226) ~[ozone-manager-1.3.0-SNAPSHOT.jar:?]
	at org.apache.hadoop.ozone.protocolPB.OzoneManagerProtocolServerSideTranslatorPB.processRequest(OzoneManagerProtocolServerSideTranslatorPB.java:175) ~[ozone-manager-1.3.0-SNAPSHOT.jar:?]
	at org.apache.hadoop.hdds.server.OzoneProtocolMessageDispatcher.processRequest(OzoneProtocolMessageDispatcher.java:87) [hdds-server-framework-1.3.0-SNAPSHOT.jar:?]
	at org.apache.hadoop.ozone.protocolPB.OzoneManagerProtocolServerSideTranslatorPB.submitRequest(OzoneManagerProtocolServerSideTranslatorPB.java:147) [ozone-manager-1.3.0-SNAPSHOT.jar:?]
	at org.apache.hadoop.ozone.protocol.proto.OzoneManagerProtocolProtos$OzoneManagerService$2.callBlockingMethod(OzoneManagerProtocolProtos.java) [ozone-interface-client-1.3.0-SNAPSHOT.jar:?]
	at org.apache.hadoop.ipc.ProtobufRpcEngine$Server.processCall(ProtobufRpcEngine.java:466) [hadoop-common-3.3.1.jar:?]
	at org.apache.hadoop.ipc.ProtobufRpcEngine2$Server$ProtoBufRpcInvoker.call(ProtobufRpcEngine2.java:574) [hadoop-common-3.3.1.jar:?]
	at org.apache.hadoop.ipc.ProtobufRpcEngine2$Server$ProtoBufRpcInvoker.call(ProtobufRpcEngine2.java:552) [hadoop-common-3.3.1.jar:?]
	at org.apache.hadoop.ipc.RPC$Server.call(RPC.java:1093) [hadoop-common-3.3.1.jar:?]
	at org.apache.hadoop.ipc.Server$RpcCall.run(Server.java:1035) [hadoop-common-3.3.1.jar:?]
	at org.apache.hadoop.ipc.Server$RpcCall.run(Server.java:963) [hadoop-common-3.3.1.jar:?]
	at java.security.AccessController.doPrivileged(Native Method) ~[?:1.8.0_345]
	at javax.security.auth.Subject.doAs(Subject.java:422) [?:1.8.0_345]
	at org.apache.hadoop.security.UserGroupInformation.doAs(UserGroupInformation.java:1878) [hadoop-common-3.3.1.jar:?]
	at org.apache.hadoop.ipc.Server$Handler.run(Server.java:2966) [hadoop-common-3.3.1.jar:?]
2022-10-09 13:07:28,612 [Time-limited test] WARN  ozone.BasicOzoneFileSystem (BasicOzoneFileSystem.java:getFileStatus(765)) - GetFileStatus failed for path /testBatchDelete/parent/child3
java.io.FileNotFoundException: testBatchDelete/parent/child3: No such file or directory!
	at org.apache.hadoop.fs.ozone.BasicOzoneClientAdapterImpl.getFileStatus(BasicOzoneClientAdapterImpl.java:369)
	at org.apache.hadoop.fs.ozone.BasicOzoneFileSystem.getFileStatus(BasicOzoneFileSystem.java:757)
	at org.apache.hadoop.fs.FileSystem.exists(FileSystem.java:1760)
	at org.apache.hadoop.fs.ozone.BasicOzoneFileSystem.exists(BasicOzoneFileSystem.java:804)
	at org.apache.hadoop.fs.ozone.TestOzoneFileSystem.testFileDelete(TestOzoneFileSystem.java:534)
	at sun.reflect.NativeMethodAccessorImpl.invoke0(Native Method)
	at sun.reflect.NativeMethodAccessorImpl.invoke(NativeMethodAccessorImpl.java:62)
	at sun.reflect.DelegatingMethodAccessorImpl.invoke(DelegatingMethodAccessorImpl.java:43)
	at java.lang.reflect.Method.invoke(Method.java:498)
	at org.junit.runners.model.FrameworkMethod$1.runReflectiveCall(FrameworkMethod.java:59)
	at org.junit.internal.runners.model.ReflectiveCallable.run(ReflectiveCallable.java:12)
	at org.junit.runners.model.FrameworkMethod.invokeExplosively(FrameworkMethod.java:56)
	at org.junit.internal.runners.statements.InvokeMethod.evaluate(InvokeMethod.java:17)
	at org.junit.internal.runners.statements.RunAfters.evaluate(RunAfters.java:27)
	at org.junit.internal.runners.statements.FailOnTimeout$CallableStatement.call(FailOnTimeout.java:288)
	at org.junit.internal.runners.statements.FailOnTimeout$CallableStatement.call(FailOnTimeout.java:282)
	at java.util.concurrent.FutureTask.run(FutureTask.java:266)
	at java.lang.Thread.run(Thread.java:750)
13:07:28.612 [IPC Server handler 11 on default port 33359] ERROR OMAudit - user=runner | ip=127.0.0.1 | op=GET_FILE_STATUS {volume=volume52841, bucket=bucket11878, key=testBatchDelete/parent/childFolder/child3, dataSize=0, replicationConfig=null} | ret=FAILURE
org.apache.hadoop.ozone.om.exceptions.OMException: Unable to get file status: volume: volume52841 bucket: bucket11878 key: testBatchDelete/parent/childFolder/child3
	at org.apache.hadoop.ozone.om.KeyManagerImpl.getOzoneFileStatus(KeyManagerImpl.java:1270) ~[ozone-manager-1.3.0-SNAPSHOT.jar:?]
	at org.apache.hadoop.ozone.om.KeyManagerImpl.getFileStatus(KeyManagerImpl.java:1200) ~[ozone-manager-1.3.0-SNAPSHOT.jar:?]
	at org.apache.hadoop.ozone.om.OzoneManager.getFileStatus(OzoneManager.java:3507) ~[ozone-manager-1.3.0-SNAPSHOT.jar:?]
	at org.apache.hadoop.ozone.protocolPB.OzoneManagerRequestHandler.getOzoneFileStatus(OzoneManagerRequestHandler.java:882) ~[ozone-manager-1.3.0-SNAPSHOT.jar:?]
	at org.apache.hadoop.ozone.protocolPB.OzoneManagerRequestHandler.handleReadRequest(OzoneManagerRequestHandler.java:228) ~[ozone-manager-1.3.0-SNAPSHOT.jar:?]
	at org.apache.hadoop.ozone.protocolPB.OzoneManagerProtocolServerSideTranslatorPB.submitReadRequestToOM(OzoneManagerProtocolServerSideTranslatorPB.java:226) ~[ozone-manager-1.3.0-SNAPSHOT.jar:?]
	at org.apache.hadoop.ozone.protocolPB.OzoneManagerProtocolServerSideTranslatorPB.processRequest(OzoneManagerProtocolServerSideTranslatorPB.java:175) ~[ozone-manager-1.3.0-SNAPSHOT.jar:?]
	at org.apache.hadoop.hdds.server.OzoneProtocolMessageDispatcher.processRequest(OzoneProtocolMessageDispatcher.java:87) [hdds-server-framework-1.3.0-SNAPSHOT.jar:?]
	at org.apache.hadoop.ozone.protocolPB.OzoneManagerProtocolServerSideTranslatorPB.submitRequest(OzoneManagerProtocolServerSideTranslatorPB.java:147) [ozone-manager-1.3.0-SNAPSHOT.jar:?]
	at org.apache.hadoop.ozone.protocol.proto.OzoneManagerProtocolProtos$OzoneManagerService$2.callBlockingMethod(OzoneManagerProtocolProtos.java) [ozone-interface-client-1.3.0-SNAPSHOT.jar:?]
	at org.apache.hadoop.ipc.ProtobufRpcEngine$Server.processCall(ProtobufRpcEngine.java:466) [hadoop-common-3.3.1.jar:?]
	at org.apache.hadoop.ipc.ProtobufRpcEngine2$Server$ProtoBufRpcInvoker.call(ProtobufRpcEngine2.java:574) [hadoop-common-3.3.1.jar:?]
	at org.apache.hadoop.ipc.ProtobufRpcEngine2$Server$ProtoBufRpcInvoker.call(ProtobufRpcEngine2.java:552) [hadoop-common-3.3.1.jar:?]
	at org.apache.hadoop.ipc.RPC$Server.call(RPC.java:1093) [hadoop-common-3.3.1.jar:?]
	at org.apache.hadoop.ipc.Server$RpcCall.run(Server.java:1035) [hadoop-common-3.3.1.jar:?]
	at org.apache.hadoop.ipc.Server$RpcCall.run(Server.java:963) [hadoop-common-3.3.1.jar:?]
	at java.security.AccessController.doPrivileged(Native Method) ~[?:1.8.0_345]
	at javax.security.auth.Subject.doAs(Subject.java:422) [?:1.8.0_345]
	at org.apache.hadoop.security.UserGroupInformation.doAs(UserGroupInformation.java:1878) [hadoop-common-3.3.1.jar:?]
	at org.apache.hadoop.ipc.Server$Handler.run(Server.java:2966) [hadoop-common-3.3.1.jar:?]
2022-10-09 13:07:28,612 [Time-limited test] WARN  ozone.BasicOzoneFileSystem (BasicOzoneFileSystem.java:getFileStatus(765)) - GetFileStatus failed for path /testBatchDelete/parent/childFolder/child3
java.io.FileNotFoundException: testBatchDelete/parent/childFolder/child3: No such file or directory!
	at org.apache.hadoop.fs.ozone.BasicOzoneClientAdapterImpl.getFileStatus(BasicOzoneClientAdapterImpl.java:369)
	at org.apache.hadoop.fs.ozone.BasicOzoneFileSystem.getFileStatus(BasicOzoneFileSystem.java:757)
	at org.apache.hadoop.fs.FileSystem.exists(FileSystem.java:1760)
	at org.apache.hadoop.fs.ozone.BasicOzoneFileSystem.exists(BasicOzoneFileSystem.java:804)
	at org.apache.hadoop.fs.ozone.TestOzoneFileSystem.testFileDelete(TestOzoneFileSystem.java:539)
	at sun.reflect.NativeMethodAccessorImpl.invoke0(Native Method)
	at sun.reflect.NativeMethodAccessorImpl.invoke(NativeMethodAccessorImpl.java:62)
	at sun.reflect.DelegatingMethodAccessorImpl.invoke(DelegatingMethodAccessorImpl.java:43)
	at java.lang.reflect.Method.invoke(Method.java:498)
	at org.junit.runners.model.FrameworkMethod$1.runReflectiveCall(FrameworkMethod.java:59)
	at org.junit.internal.runners.model.ReflectiveCallable.run(ReflectiveCallable.java:12)
	at org.junit.runners.model.FrameworkMethod.invokeExplosively(FrameworkMethod.java:56)
	at org.junit.internal.runners.statements.InvokeMethod.evaluate(InvokeMethod.java:17)
	at org.junit.internal.runners.statements.RunAfters.evaluate(RunAfters.java:27)
	at org.junit.internal.runners.statements.FailOnTimeout$CallableStatement.call(FailOnTimeout.java:288)
	at org.junit.internal.runners.statements.FailOnTimeout$CallableStatement.call(FailOnTimeout.java:282)
	at java.util.concurrent.FutureTask.run(FutureTask.java:266)
	at java.lang.Thread.run(Thread.java:750)
13:07:28.613 [IPC Server handler 10 on default port 33359] ERROR OMAudit - user=runner | ip=127.0.0.1 | op=GET_FILE_STATUS {volume=volume52841, bucket=bucket11878, key=testBatchDelete/parent/child4, dataSize=0, replicationConfig=null} | ret=FAILURE
org.apache.hadoop.ozone.om.exceptions.OMException: Unable to get file status: volume: volume52841 bucket: bucket11878 key: testBatchDelete/parent/child4
	at org.apache.hadoop.ozone.om.KeyManagerImpl.getOzoneFileStatus(KeyManagerImpl.java:1270) ~[ozone-manager-1.3.0-SNAPSHOT.jar:?]
	at org.apache.hadoop.ozone.om.KeyManagerImpl.getFileStatus(KeyManagerImpl.java:1200) ~[ozone-manager-1.3.0-SNAPSHOT.jar:?]
	at org.apache.hadoop.ozone.om.OzoneManager.getFileStatus(OzoneManager.java:3507) ~[ozone-manager-1.3.0-SNAPSHOT.jar:?]
	at org.apache.hadoop.ozone.protocolPB.OzoneManagerRequestHandler.getOzoneFileStatus(OzoneManagerRequestHandler.java:882) ~[ozone-manager-1.3.0-SNAPSHOT.jar:?]
	at org.apache.hadoop.ozone.protocolPB.OzoneManagerRequestHandler.handleReadRequest(OzoneManagerRequestHandler.java:228) ~[ozone-manager-1.3.0-SNAPSHOT.jar:?]
	at org.apache.hadoop.ozone.protocolPB.OzoneManagerProtocolServerSideTranslatorPB.submitReadRequestToOM(OzoneManagerProtocolServerSideTranslatorPB.java:226) ~[ozone-manager-1.3.0-SNAPSHOT.jar:?]
	at org.apache.hadoop.ozone.protocolPB.OzoneManagerProtocolServerSideTranslatorPB.processRequest(OzoneManagerProtocolServerSideTranslatorPB.java:175) ~[ozone-manager-1.3.0-SNAPSHOT.jar:?]
	at org.apache.hadoop.hdds.server.OzoneProtocolMessageDispatcher.processRequest(OzoneProtocolMessageDispatcher.java:87) [hdds-server-framework-1.3.0-SNAPSHOT.jar:?]
	at org.apache.hadoop.ozone.protocolPB.OzoneManagerProtocolServerSideTranslatorPB.submitRequest(OzoneManagerProtocolServerSideTranslatorPB.java:147) [ozone-manager-1.3.0-SNAPSHOT.jar:?]
	at org.apache.hadoop.ozone.protocol.proto.OzoneManagerProtocolProtos$OzoneManagerService$2.callBlockingMethod(OzoneManagerProtocolProtos.java) [ozone-interface-client-1.3.0-SNAPSHOT.jar:?]
	at org.apache.hadoop.ipc.ProtobufRpcEngine$Server.processCall(ProtobufRpcEngine.java:466) [hadoop-common-3.3.1.jar:?]
	at org.apache.hadoop.ipc.ProtobufRpcEngine2$Server$ProtoBufRpcInvoker.call(ProtobufRpcEngine2.java:574) [hadoop-common-3.3.1.jar:?]
	at org.apache.hadoop.ipc.ProtobufRpcEngine2$Server$ProtoBufRpcInvoker.call(ProtobufRpcEngine2.java:552) [hadoop-common-3.3.1.jar:?]
	at org.apache.hadoop.ipc.RPC$Server.call(RPC.java:1093) [hadoop-common-3.3.1.jar:?]
	at org.apache.hadoop.ipc.Server$RpcCall.run(Server.java:1035) [hadoop-common-3.3.1.jar:?]
	at org.apache.hadoop.ipc.Server$RpcCall.run(Server.java:963) [hadoop-common-3.3.1.jar:?]
	at java.security.AccessController.doPrivileged(Native Method) ~[?:1.8.0_345]
	at javax.security.auth.Subject.doAs(Subject.java:422) [?:1.8.0_345]
	at org.apache.hadoop.security.UserGroupInformation.doAs(UserGroupInformation.java:1878) [hadoop-common-3.3.1.jar:?]
	at org.apache.hadoop.ipc.Server$Handler.run(Server.java:2966) [hadoop-common-3.3.1.jar:?]
2022-10-09 13:07:28,613 [Time-limited test] WARN  ozone.BasicOzoneFileSystem (BasicOzoneFileSystem.java:getFileStatus(765)) - GetFileStatus failed for path /testBatchDelete/parent/child4
java.io.FileNotFoundException: testBatchDelete/parent/child4: No such file or directory!
	at org.apache.hadoop.fs.ozone.BasicOzoneClientAdapterImpl.getFileStatus(BasicOzoneClientAdapterImpl.java:369)
	at org.apache.hadoop.fs.ozone.BasicOzoneFileSystem.getFileStatus(BasicOzoneFileSystem.java:757)
	at org.apache.hadoop.fs.FileSystem.exists(FileSystem.java:1760)
	at org.apache.hadoop.fs.ozone.BasicOzoneFileSystem.exists(BasicOzoneFileSystem.java:804)
	at org.apache.hadoop.fs.ozone.TestOzoneFileSystem.testFileDelete(TestOzoneFileSystem.java:534)
	at sun.reflect.NativeMethodAccessorImpl.invoke0(Native Method)
	at sun.reflect.NativeMethodAccessorImpl.invoke(NativeMethodAccessorImpl.java:62)
	at sun.reflect.DelegatingMethodAccessorImpl.invoke(DelegatingMethodAccessorImpl.java:43)
	at java.lang.reflect.Method.invoke(Method.java:498)
	at org.junit.runners.model.FrameworkMethod$1.runReflectiveCall(FrameworkMethod.java:59)
	at org.junit.internal.runners.model.ReflectiveCallable.run(ReflectiveCallable.java:12)
	at org.junit.runners.model.FrameworkMethod.invokeExplosively(FrameworkMethod.java:56)
	at org.junit.internal.runners.statements.InvokeMethod.evaluate(InvokeMethod.java:17)
	at org.junit.internal.runners.statements.RunAfters.evaluate(RunAfters.java:27)
	at org.junit.internal.runners.statements.FailOnTimeout$CallableStatement.call(FailOnTimeout.java:288)
	at org.junit.internal.runners.statements.FailOnTimeout$CallableStatement.call(FailOnTimeout.java:282)
	at java.util.concurrent.FutureTask.run(FutureTask.java:266)
	at java.lang.Thread.run(Thread.java:750)
13:07:28.613 [IPC Server handler 17 on default port 33359] ERROR OMAudit - user=runner | ip=127.0.0.1 | op=GET_FILE_STATUS {volume=volume52841, bucket=bucket11878, key=testBatchDelete/parent/childFolder/child4, dataSize=0, replicationConfig=null} | ret=FAILURE
org.apache.hadoop.ozone.om.exceptions.OMException: Unable to get file status: volume: volume52841 bucket: bucket11878 key: testBatchDelete/parent/childFolder/child4
	at org.apache.hadoop.ozone.om.KeyManagerImpl.getOzoneFileStatus(KeyManagerImpl.java:1270) ~[ozone-manager-1.3.0-SNAPSHOT.jar:?]
	at org.apache.hadoop.ozone.om.KeyManagerImpl.getFileStatus(KeyManagerImpl.java:1200) ~[ozone-manager-1.3.0-SNAPSHOT.jar:?]
	at org.apache.hadoop.ozone.om.OzoneManager.getFileStatus(OzoneManager.java:3507) ~[ozone-manager-1.3.0-SNAPSHOT.jar:?]
	at org.apache.hadoop.ozone.protocolPB.OzoneManagerRequestHandler.getOzoneFileStatus(OzoneManagerRequestHandler.java:882) ~[ozone-manager-1.3.0-SNAPSHOT.jar:?]
	at org.apache.hadoop.ozone.protocolPB.OzoneManagerRequestHandler.handleReadRequest(OzoneManagerRequestHandler.java:228) ~[ozone-manager-1.3.0-SNAPSHOT.jar:?]
	at org.apache.hadoop.ozone.protocolPB.OzoneManagerProtocolServerSideTranslatorPB.submitReadRequestToOM(OzoneManagerProtocolServerSideTranslatorPB.java:226) ~[ozone-manager-1.3.0-SNAPSHOT.jar:?]
	at org.apache.hadoop.ozone.protocolPB.OzoneManagerProtocolServerSideTranslatorPB.processRequest(OzoneManagerProtocolServerSideTranslatorPB.java:175) ~[ozone-manager-1.3.0-SNAPSHOT.jar:?]
	at org.apache.hadoop.hdds.server.OzoneProtocolMessageDispatcher.processRequest(OzoneProtocolMessageDispatcher.java:87) [hdds-server-framework-1.3.0-SNAPSHOT.jar:?]
	at org.apache.hadoop.ozone.protocolPB.OzoneManagerProtocolServerSideTranslatorPB.submitRequest(OzoneManagerProtocolServerSideTranslatorPB.java:147) [ozone-manager-1.3.0-SNAPSHOT.jar:?]
	at org.apache.hadoop.ozone.protocol.proto.OzoneManagerProtocolProtos$OzoneManagerService$2.callBlockingMethod(OzoneManagerProtocolProtos.java) [ozone-interface-client-1.3.0-SNAPSHOT.jar:?]
	at org.apache.hadoop.ipc.ProtobufRpcEngine$Server.processCall(ProtobufRpcEngine.java:466) [hadoop-common-3.3.1.jar:?]
	at org.apache.hadoop.ipc.ProtobufRpcEngine2$Server$ProtoBufRpcInvoker.call(ProtobufRpcEngine2.java:574) [hadoop-common-3.3.1.jar:?]
	at org.apache.hadoop.ipc.ProtobufRpcEngine2$Server$ProtoBufRpcInvoker.call(ProtobufRpcEngine2.java:552) [hadoop-common-3.3.1.jar:?]
	at org.apache.hadoop.ipc.RPC$Server.call(RPC.java:1093) [hadoop-common-3.3.1.jar:?]
	at org.apache.hadoop.ipc.Server$RpcCall.run(Server.java:1035) [hadoop-common-3.3.1.jar:?]
	at org.apache.hadoop.ipc.Server$RpcCall.run(Server.java:963) [hadoop-common-3.3.1.jar:?]
	at java.security.AccessController.doPrivileged(Native Method) ~[?:1.8.0_345]
	at javax.security.auth.Subject.doAs(Subject.java:422) [?:1.8.0_345]
	at org.apache.hadoop.security.UserGroupInformation.doAs(UserGroupInformation.java:1878) [hadoop-common-3.3.1.jar:?]
	at org.apache.hadoop.ipc.Server$Handler.run(Server.java:2966) [hadoop-common-3.3.1.jar:?]
2022-10-09 13:07:28,614 [Time-limited test] WARN  ozone.BasicOzoneFileSystem (BasicOzoneFileSystem.java:getFileStatus(765)) - GetFileStatus failed for path /testBatchDelete/parent/childFolder/child4
java.io.FileNotFoundException: testBatchDelete/parent/childFolder/child4: No such file or directory!
	at org.apache.hadoop.fs.ozone.BasicOzoneClientAdapterImpl.getFileStatus(BasicOzoneClientAdapterImpl.java:369)
	at org.apache.hadoop.fs.ozone.BasicOzoneFileSystem.getFileStatus(BasicOzoneFileSystem.java:757)
	at org.apache.hadoop.fs.FileSystem.exists(FileSystem.java:1760)
	at org.apache.hadoop.fs.ozone.BasicOzoneFileSystem.exists(BasicOzoneFileSystem.java:804)
	at org.apache.hadoop.fs.ozone.TestOzoneFileSystem.testFileDelete(TestOzoneFileSystem.java:539)
	at sun.reflect.NativeMethodAccessorImpl.invoke0(Native Method)
	at sun.reflect.NativeMethodAccessorImpl.invoke(NativeMethodAccessorImpl.java:62)
	at sun.reflect.DelegatingMethodAccessorImpl.invoke(DelegatingMethodAccessorImpl.java:43)
	at java.lang.reflect.Method.invoke(Method.java:498)
	at org.junit.runners.model.FrameworkMethod$1.runReflectiveCall(FrameworkMethod.java:59)
	at org.junit.internal.runners.model.ReflectiveCallable.run(ReflectiveCallable.java:12)
	at org.junit.runners.model.FrameworkMethod.invokeExplosively(FrameworkMethod.java:56)
	at org.junit.internal.runners.statements.InvokeMethod.evaluate(InvokeMethod.java:17)
	at org.junit.internal.runners.statements.RunAfters.evaluate(RunAfters.java:27)
	at org.junit.internal.runners.statements.FailOnTimeout$CallableStatement.call(FailOnTimeout.java:288)
	at org.junit.internal.runners.statements.FailOnTimeout$CallableStatement.call(FailOnTimeout.java:282)
	at java.util.concurrent.FutureTask.run(FutureTask.java:266)
	at java.lang.Thread.run(Thread.java:750)
13:07:28.614 [IPC Server handler 4 on default port 33359] ERROR OMAudit - user=runner | ip=127.0.0.1 | op=GET_FILE_STATUS {volume=volume52841, bucket=bucket11878, key=testBatchDelete/parent/child5, dataSize=0, replicationConfig=null} | ret=FAILURE
org.apache.hadoop.ozone.om.exceptions.OMException: Unable to get file status: volume: volume52841 bucket: bucket11878 key: testBatchDelete/parent/child5
	at org.apache.hadoop.ozone.om.KeyManagerImpl.getOzoneFileStatus(KeyManagerImpl.java:1270) ~[ozone-manager-1.3.0-SNAPSHOT.jar:?]
	at org.apache.hadoop.ozone.om.KeyManagerImpl.getFileStatus(KeyManagerImpl.java:1200) ~[ozone-manager-1.3.0-SNAPSHOT.jar:?]
	at org.apache.hadoop.ozone.om.OzoneManager.getFileStatus(OzoneManager.java:3507) ~[ozone-manager-1.3.0-SNAPSHOT.jar:?]
	at org.apache.hadoop.ozone.protocolPB.OzoneManagerRequestHandler.getOzoneFileStatus(OzoneManagerRequestHandler.java:882) ~[ozone-manager-1.3.0-SNAPSHOT.jar:?]
	at org.apache.hadoop.ozone.protocolPB.OzoneManagerRequestHandler.handleReadRequest(OzoneManagerRequestHandler.java:228) ~[ozone-manager-1.3.0-SNAPSHOT.jar:?]
	at org.apache.hadoop.ozone.protocolPB.OzoneManagerProtocolServerSideTranslatorPB.submitReadRequestToOM(OzoneManagerProtocolServerSideTranslatorPB.java:226) ~[ozone-manager-1.3.0-SNAPSHOT.jar:?]
	at org.apache.hadoop.ozone.protocolPB.OzoneManagerProtocolServerSideTranslatorPB.processRequest(OzoneManagerProtocolServerSideTranslatorPB.java:175) ~[ozone-manager-1.3.0-SNAPSHOT.jar:?]
	at org.apache.hadoop.hdds.server.OzoneProtocolMessageDispatcher.processRequest(OzoneProtocolMessageDispatcher.java:87) [hdds-server-framework-1.3.0-SNAPSHOT.jar:?]
	at org.apache.hadoop.ozone.protocolPB.OzoneManagerProtocolServerSideTranslatorPB.submitRequest(OzoneManagerProtocolServerSideTranslatorPB.java:147) [ozone-manager-1.3.0-SNAPSHOT.jar:?]
	at org.apache.hadoop.ozone.protocol.proto.OzoneManagerProtocolProtos$OzoneManagerService$2.callBlockingMethod(OzoneManagerProtocolProtos.java) [ozone-interface-client-1.3.0-SNAPSHOT.jar:?]
	at org.apache.hadoop.ipc.ProtobufRpcEngine$Server.processCall(ProtobufRpcEngine.java:466) [hadoop-common-3.3.1.jar:?]
	at org.apache.hadoop.ipc.ProtobufRpcEngine2$Server$ProtoBufRpcInvoker.call(ProtobufRpcEngine2.java:574) [hadoop-common-3.3.1.jar:?]
	at org.apache.hadoop.ipc.ProtobufRpcEngine2$Server$ProtoBufRpcInvoker.call(ProtobufRpcEngine2.java:552) [hadoop-common-3.3.1.jar:?]
	at org.apache.hadoop.ipc.RPC$Server.call(RPC.java:1093) [hadoop-common-3.3.1.jar:?]
	at org.apache.hadoop.ipc.Server$RpcCall.run(Server.java:1035) [hadoop-common-3.3.1.jar:?]
	at org.apache.hadoop.ipc.Server$RpcCall.run(Server.java:963) [hadoop-common-3.3.1.jar:?]
	at java.security.AccessController.doPrivileged(Native Method) ~[?:1.8.0_345]
	at javax.security.auth.Subject.doAs(Subject.java:422) [?:1.8.0_345]
	at org.apache.hadoop.security.UserGroupInformation.doAs(UserGroupInformation.java:1878) [hadoop-common-3.3.1.jar:?]
	at org.apache.hadoop.ipc.Server$Handler.run(Server.java:2966) [hadoop-common-3.3.1.jar:?]
2022-10-09 13:07:28,614 [Time-limited test] WARN  ozone.BasicOzoneFileSystem (BasicOzoneFileSystem.java:getFileStatus(765)) - GetFileStatus failed for path /testBatchDelete/parent/child5
java.io.FileNotFoundException: testBatchDelete/parent/child5: No such file or directory!
	at org.apache.hadoop.fs.ozone.BasicOzoneClientAdapterImpl.getFileStatus(BasicOzoneClientAdapterImpl.java:369)
	at org.apache.hadoop.fs.ozone.BasicOzoneFileSystem.getFileStatus(BasicOzoneFileSystem.java:757)
	at org.apache.hadoop.fs.FileSystem.exists(FileSystem.java:1760)
	at org.apache.hadoop.fs.ozone.BasicOzoneFileSystem.exists(BasicOzoneFileSystem.java:804)
	at org.apache.hadoop.fs.ozone.TestOzoneFileSystem.testFileDelete(TestOzoneFileSystem.java:534)
	at sun.reflect.NativeMethodAccessorImpl.invoke0(Native Method)
	at sun.reflect.NativeMethodAccessorImpl.invoke(NativeMethodAccessorImpl.java:62)
	at sun.reflect.DelegatingMethodAccessorImpl.invoke(DelegatingMethodAccessorImpl.java:43)
	at java.lang.reflect.Method.invoke(Method.java:498)
	at org.junit.runners.model.FrameworkMethod$1.runReflectiveCall(FrameworkMethod.java:59)
	at org.junit.internal.runners.model.ReflectiveCallable.run(ReflectiveCallable.java:12)
	at org.junit.runners.model.FrameworkMethod.invokeExplosively(FrameworkMethod.java:56)
	at org.junit.internal.runners.statements.InvokeMethod.evaluate(InvokeMethod.java:17)
	at org.junit.internal.runners.statements.RunAfters.evaluate(RunAfters.java:27)
	at org.junit.internal.runners.statements.FailOnTimeout$CallableStatement.call(FailOnTimeout.java:288)
	at org.junit.internal.runners.statements.FailOnTimeout$CallableStatement.call(FailOnTimeout.java:282)
	at java.util.concurrent.FutureTask.run(FutureTask.java:266)
	at java.lang.Thread.run(Thread.java:750)
13:07:28.615 [IPC Server handler 8 on default port 33359] ERROR OMAudit - user=runner | ip=127.0.0.1 | op=GET_FILE_STATUS {volume=volume52841, bucket=bucket11878, key=testBatchDelete/parent/childFolder/child5, dataSize=0, replicationConfig=null} | ret=FAILURE
org.apache.hadoop.ozone.om.exceptions.OMException: Unable to get file status: volume: volume52841 bucket: bucket11878 key: testBatchDelete/parent/childFolder/child5
	at org.apache.hadoop.ozone.om.KeyManagerImpl.getOzoneFileStatus(KeyManagerImpl.java:1270) ~[ozone-manager-1.3.0-SNAPSHOT.jar:?]
	at org.apache.hadoop.ozone.om.KeyManagerImpl.getFileStatus(KeyManagerImpl.java:1200) ~[ozone-manager-1.3.0-SNAPSHOT.jar:?]
	at org.apache.hadoop.ozone.om.OzoneManager.getFileStatus(OzoneManager.java:3507) ~[ozone-manager-1.3.0-SNAPSHOT.jar:?]
	at org.apache.hadoop.ozone.protocolPB.OzoneManagerRequestHandler.getOzoneFileStatus(OzoneManagerRequestHandler.java:882) ~[ozone-manager-1.3.0-SNAPSHOT.jar:?]
	at org.apache.hadoop.ozone.protocolPB.OzoneManagerRequestHandler.handleReadRequest(OzoneManagerRequestHandler.java:228) ~[ozone-manager-1.3.0-SNAPSHOT.jar:?]
	at org.apache.hadoop.ozone.protocolPB.OzoneManagerProtocolServerSideTranslatorPB.submitReadRequestToOM(OzoneManagerProtocolServerSideTranslatorPB.java:226) ~[ozone-manager-1.3.0-SNAPSHOT.jar:?]
	at org.apache.hadoop.ozone.protocolPB.OzoneManagerProtocolServerSideTranslatorPB.processRequest(OzoneManagerProtocolServerSideTranslatorPB.java:175) ~[ozone-manager-1.3.0-SNAPSHOT.jar:?]
	at org.apache.hadoop.hdds.server.OzoneProtocolMessageDispatcher.processRequest(OzoneProtocolMessageDispatcher.java:87) [hdds-server-framework-1.3.0-SNAPSHOT.jar:?]
	at org.apache.hadoop.ozone.protocolPB.OzoneManagerProtocolServerSideTranslatorPB.submitRequest(OzoneManagerProtocolServerSideTranslatorPB.java:147) [ozone-manager-1.3.0-SNAPSHOT.jar:?]
	at org.apache.hadoop.ozone.protocol.proto.OzoneManagerProtocolProtos$OzoneManagerService$2.callBlockingMethod(OzoneManagerProtocolProtos.java) [ozone-interface-client-1.3.0-SNAPSHOT.jar:?]
	at org.apache.hadoop.ipc.ProtobufRpcEngine$Server.processCall(ProtobufRpcEngine.java:466) [hadoop-common-3.3.1.jar:?]
	at org.apache.hadoop.ipc.ProtobufRpcEngine2$Server$ProtoBufRpcInvoker.call(ProtobufRpcEngine2.java:574) [hadoop-common-3.3.1.jar:?]
	at org.apache.hadoop.ipc.ProtobufRpcEngine2$Server$ProtoBufRpcInvoker.call(ProtobufRpcEngine2.java:552) [hadoop-common-3.3.1.jar:?]
	at org.apache.hadoop.ipc.RPC$Server.call(RPC.java:1093) [hadoop-common-3.3.1.jar:?]
	at org.apache.hadoop.ipc.Server$RpcCall.run(Server.java:1035) [hadoop-common-3.3.1.jar:?]
	at org.apache.hadoop.ipc.Server$RpcCall.run(Server.java:963) [hadoop-common-3.3.1.jar:?]
	at java.security.AccessController.doPrivileged(Native Method) ~[?:1.8.0_345]
	at javax.security.auth.Subject.doAs(Subject.java:422) [?:1.8.0_345]
	at org.apache.hadoop.security.UserGroupInformation.doAs(UserGroupInformation.java:1878) [hadoop-common-3.3.1.jar:?]
	at org.apache.hadoop.ipc.Server$Handler.run(Server.java:2966) [hadoop-common-3.3.1.jar:?]
2022-10-09 13:07:28,615 [Time-limited test] WARN  ozone.BasicOzoneFileSystem (BasicOzoneFileSystem.java:getFileStatus(765)) - GetFileStatus failed for path /testBatchDelete/parent/childFolder/child5
java.io.FileNotFoundException: testBatchDelete/parent/childFolder/child5: No such file or directory!
	at org.apache.hadoop.fs.ozone.BasicOzoneClientAdapterImpl.getFileStatus(BasicOzoneClientAdapterImpl.java:369)
	at org.apache.hadoop.fs.ozone.BasicOzoneFileSystem.getFileStatus(BasicOzoneFileSystem.java:757)
	at org.apache.hadoop.fs.FileSystem.exists(FileSystem.java:1760)
	at org.apache.hadoop.fs.ozone.BasicOzoneFileSystem.exists(BasicOzoneFileSystem.java:804)
	at org.apache.hadoop.fs.ozone.TestOzoneFileSystem.testFileDelete(TestOzoneFileSystem.java:539)
	at sun.reflect.NativeMethodAccessorImpl.invoke0(Native Method)
	at sun.reflect.NativeMethodAccessorImpl.invoke(NativeMethodAccessorImpl.java:62)
	at sun.reflect.DelegatingMethodAccessorImpl.invoke(DelegatingMethodAccessorImpl.java:43)
	at java.lang.reflect.Method.invoke(Method.java:498)
	at org.junit.runners.model.FrameworkMethod$1.runReflectiveCall(FrameworkMethod.java:59)
	at org.junit.internal.runners.model.ReflectiveCallable.run(ReflectiveCallable.java:12)
	at org.junit.runners.model.FrameworkMethod.invokeExplosively(FrameworkMethod.java:56)
	at org.junit.internal.runners.statements.InvokeMethod.evaluate(InvokeMethod.java:17)
	at org.junit.internal.runners.statements.RunAfters.evaluate(RunAfters.java:27)
	at org.junit.internal.runners.statements.FailOnTimeout$CallableStatement.call(FailOnTimeout.java:288)
	at org.junit.internal.runners.statements.FailOnTimeout$CallableStatement.call(FailOnTimeout.java:282)
	at java.util.concurrent.FutureTask.run(FutureTask.java:266)
	at java.lang.Thread.run(Thread.java:750)
13:07:28.616 [IPC Server handler 13 on default port 33359] ERROR OMAudit - user=runner | ip=127.0.0.1 | op=GET_FILE_STATUS {volume=volume52841, bucket=bucket11878, key=testBatchDelete/parent/child6, dataSize=0, replicationConfig=null} | ret=FAILURE
org.apache.hadoop.ozone.om.exceptions.OMException: Unable to get file status: volume: volume52841 bucket: bucket11878 key: testBatchDelete/parent/child6
	at org.apache.hadoop.ozone.om.KeyManagerImpl.getOzoneFileStatus(KeyManagerImpl.java:1270) ~[ozone-manager-1.3.0-SNAPSHOT.jar:?]
	at org.apache.hadoop.ozone.om.KeyManagerImpl.getFileStatus(KeyManagerImpl.java:1200) ~[ozone-manager-1.3.0-SNAPSHOT.jar:?]
	at org.apache.hadoop.ozone.om.OzoneManager.getFileStatus(OzoneManager.java:3507) ~[ozone-manager-1.3.0-SNAPSHOT.jar:?]
	at org.apache.hadoop.ozone.protocolPB.OzoneManagerRequestHandler.getOzoneFileStatus(OzoneManagerRequestHandler.java:882) ~[ozone-manager-1.3.0-SNAPSHOT.jar:?]
	at org.apache.hadoop.ozone.protocolPB.OzoneManagerRequestHandler.handleReadRequest(OzoneManagerRequestHandler.java:228) ~[ozone-manager-1.3.0-SNAPSHOT.jar:?]
	at org.apache.hadoop.ozone.protocolPB.OzoneManagerProtocolServerSideTranslatorPB.submitReadRequestToOM(OzoneManagerProtocolServerSideTranslatorPB.java:226) ~[ozone-manager-1.3.0-SNAPSHOT.jar:?]
	at org.apache.hadoop.ozone.protocolPB.OzoneManagerProtocolServerSideTranslatorPB.processRequest(OzoneManagerProtocolServerSideTranslatorPB.java:175) ~[ozone-manager-1.3.0-SNAPSHOT.jar:?]
	at org.apache.hadoop.hdds.server.OzoneProtocolMessageDispatcher.processRequest(OzoneProtocolMessageDispatcher.java:87) [hdds-server-framework-1.3.0-SNAPSHOT.jar:?]
	at org.apache.hadoop.ozone.protocolPB.OzoneManagerProtocolServerSideTranslatorPB.submitRequest(OzoneManagerProtocolServerSideTranslatorPB.java:147) [ozone-manager-1.3.0-SNAPSHOT.jar:?]
	at org.apache.hadoop.ozone.protocol.proto.OzoneManagerProtocolProtos$OzoneManagerService$2.callBlockingMethod(OzoneManagerProtocolProtos.java) [ozone-interface-client-1.3.0-SNAPSHOT.jar:?]
	at org.apache.hadoop.ipc.ProtobufRpcEngine$Server.processCall(ProtobufRpcEngine.java:466) [hadoop-common-3.3.1.jar:?]
	at org.apache.hadoop.ipc.ProtobufRpcEngine2$Server$ProtoBufRpcInvoker.call(ProtobufRpcEngine2.java:574) [hadoop-common-3.3.1.jar:?]
	at org.apache.hadoop.ipc.ProtobufRpcEngine2$Server$ProtoBufRpcInvoker.call(ProtobufRpcEngine2.java:552) [hadoop-common-3.3.1.jar:?]
	at org.apache.hadoop.ipc.RPC$Server.call(RPC.java:1093) [hadoop-common-3.3.1.jar:?]
	at org.apache.hadoop.ipc.Server$RpcCall.run(Server.java:1035) [hadoop-common-3.3.1.jar:?]
	at org.apache.hadoop.ipc.Server$RpcCall.run(Server.java:963) [hadoop-common-3.3.1.jar:?]
	at java.security.AccessController.doPrivileged(Native Method) ~[?:1.8.0_345]
	at javax.security.auth.Subject.doAs(Subject.java:422) [?:1.8.0_345]
	at org.apache.hadoop.security.UserGroupInformation.doAs(UserGroupInformation.java:1878) [hadoop-common-3.3.1.jar:?]
	at org.apache.hadoop.ipc.Server$Handler.run(Server.java:2966) [hadoop-common-3.3.1.jar:?]
2022-10-09 13:07:28,616 [Time-limited test] WARN  ozone.BasicOzoneFileSystem (BasicOzoneFileSystem.java:getFileStatus(765)) - GetFileStatus failed for path /testBatchDelete/parent/child6
java.io.FileNotFoundException: testBatchDelete/parent/child6: No such file or directory!
	at org.apache.hadoop.fs.ozone.BasicOzoneClientAdapterImpl.getFileStatus(BasicOzoneClientAdapterImpl.java:369)
	at org.apache.hadoop.fs.ozone.BasicOzoneFileSystem.getFileStatus(BasicOzoneFileSystem.java:757)
	at org.apache.hadoop.fs.FileSystem.exists(FileSystem.java:1760)
	at org.apache.hadoop.fs.ozone.BasicOzoneFileSystem.exists(BasicOzoneFileSystem.java:804)
	at org.apache.hadoop.fs.ozone.TestOzoneFileSystem.testFileDelete(TestOzoneFileSystem.java:534)
	at sun.reflect.NativeMethodAccessorImpl.invoke0(Native Method)
	at sun.reflect.NativeMethodAccessorImpl.invoke(NativeMethodAccessorImpl.java:62)
	at sun.reflect.DelegatingMethodAccessorImpl.invoke(DelegatingMethodAccessorImpl.java:43)
	at java.lang.reflect.Method.invoke(Method.java:498)
	at org.junit.runners.model.FrameworkMethod$1.runReflectiveCall(FrameworkMethod.java:59)
	at org.junit.internal.runners.model.ReflectiveCallable.run(ReflectiveCallable.java:12)
	at org.junit.runners.model.FrameworkMethod.invokeExplosively(FrameworkMethod.java:56)
	at org.junit.internal.runners.statements.InvokeMethod.evaluate(InvokeMethod.java:17)
	at org.junit.internal.runners.statements.RunAfters.evaluate(RunAfters.java:27)
	at org.junit.internal.runners.statements.FailOnTimeout$CallableStatement.call(FailOnTimeout.java:288)
	at org.junit.internal.runners.statements.FailOnTimeout$CallableStatement.call(FailOnTimeout.java:282)
	at java.util.concurrent.FutureTask.run(FutureTask.java:266)
	at java.lang.Thread.run(Thread.java:750)
13:07:28.617 [IPC Server handler 9 on default port 33359] ERROR OMAudit - user=runner | ip=127.0.0.1 | op=GET_FILE_STATUS {volume=volume52841, bucket=bucket11878, key=testBatchDelete/parent/childFolder/child6, dataSize=0, replicationConfig=null} | ret=FAILURE
org.apache.hadoop.ozone.om.exceptions.OMException: Unable to get file status: volume: volume52841 bucket: bucket11878 key: testBatchDelete/parent/childFolder/child6
	at org.apache.hadoop.ozone.om.KeyManagerImpl.getOzoneFileStatus(KeyManagerImpl.java:1270) ~[ozone-manager-1.3.0-SNAPSHOT.jar:?]
	at org.apache.hadoop.ozone.om.KeyManagerImpl.getFileStatus(KeyManagerImpl.java:1200) ~[ozone-manager-1.3.0-SNAPSHOT.jar:?]
	at org.apache.hadoop.ozone.om.OzoneManager.getFileStatus(OzoneManager.java:3507) ~[ozone-manager-1.3.0-SNAPSHOT.jar:?]
	at org.apache.hadoop.ozone.protocolPB.OzoneManagerRequestHandler.getOzoneFileStatus(OzoneManagerRequestHandler.java:882) ~[ozone-manager-1.3.0-SNAPSHOT.jar:?]
	at org.apache.hadoop.ozone.protocolPB.OzoneManagerRequestHandler.handleReadRequest(OzoneManagerRequestHandler.java:228) ~[ozone-manager-1.3.0-SNAPSHOT.jar:?]
	at org.apache.hadoop.ozone.protocolPB.OzoneManagerProtocolServerSideTranslatorPB.submitReadRequestToOM(OzoneManagerProtocolServerSideTranslatorPB.java:226) ~[ozone-manager-1.3.0-SNAPSHOT.jar:?]
	at org.apache.hadoop.ozone.protocolPB.OzoneManagerProtocolServerSideTranslatorPB.processRequest(OzoneManagerProtocolServerSideTranslatorPB.java:175) ~[ozone-manager-1.3.0-SNAPSHOT.jar:?]
	at org.apache.hadoop.hdds.server.OzoneProtocolMessageDispatcher.processRequest(OzoneProtocolMessageDispatcher.java:87) [hdds-server-framework-1.3.0-SNAPSHOT.jar:?]
	at org.apache.hadoop.ozone.protocolPB.OzoneManagerProtocolServerSideTranslatorPB.submitRequest(OzoneManagerProtocolServerSideTranslatorPB.java:147) [ozone-manager-1.3.0-SNAPSHOT.jar:?]
	at org.apache.hadoop.ozone.protocol.proto.OzoneManagerProtocolProtos$OzoneManagerService$2.callBlockingMethod(OzoneManagerProtocolProtos.java) [ozone-interface-client-1.3.0-SNAPSHOT.jar:?]
	at org.apache.hadoop.ipc.ProtobufRpcEngine$Server.processCall(ProtobufRpcEngine.java:466) [hadoop-common-3.3.1.jar:?]
	at org.apache.hadoop.ipc.ProtobufRpcEngine2$Server$ProtoBufRpcInvoker.call(ProtobufRpcEngine2.java:574) [hadoop-common-3.3.1.jar:?]
	at org.apache.hadoop.ipc.ProtobufRpcEngine2$Server$ProtoBufRpcInvoker.call(ProtobufRpcEngine2.java:552) [hadoop-common-3.3.1.jar:?]
	at org.apache.hadoop.ipc.RPC$Server.call(RPC.java:1093) [hadoop-common-3.3.1.jar:?]
	at org.apache.hadoop.ipc.Server$RpcCall.run(Server.java:1035) [hadoop-common-3.3.1.jar:?]
	at org.apache.hadoop.ipc.Server$RpcCall.run(Server.java:963) [hadoop-common-3.3.1.jar:?]
	at java.security.AccessController.doPrivileged(Native Method) ~[?:1.8.0_345]
	at javax.security.auth.Subject.doAs(Subject.java:422) [?:1.8.0_345]
	at org.apache.hadoop.security.UserGroupInformation.doAs(UserGroupInformation.java:1878) [hadoop-common-3.3.1.jar:?]
	at org.apache.hadoop.ipc.Server$Handler.run(Server.java:2966) [hadoop-common-3.3.1.jar:?]
2022-10-09 13:07:28,617 [Time-limited test] WARN  ozone.BasicOzoneFileSystem (BasicOzoneFileSystem.java:getFileStatus(765)) - GetFileStatus failed for path /testBatchDelete/parent/childFolder/child6
java.io.FileNotFoundException: testBatchDelete/parent/childFolder/child6: No such file or directory!
	at org.apache.hadoop.fs.ozone.BasicOzoneClientAdapterImpl.getFileStatus(BasicOzoneClientAdapterImpl.java:369)
	at org.apache.hadoop.fs.ozone.BasicOzoneFileSystem.getFileStatus(BasicOzoneFileSystem.java:757)
	at org.apache.hadoop.fs.FileSystem.exists(FileSystem.java:1760)
	at org.apache.hadoop.fs.ozone.BasicOzoneFileSystem.exists(BasicOzoneFileSystem.java:804)
	at org.apache.hadoop.fs.ozone.TestOzoneFileSystem.testFileDelete(TestOzoneFileSystem.java:539)
	at sun.reflect.NativeMethodAccessorImpl.invoke0(Native Method)
	at sun.reflect.NativeMethodAccessorImpl.invoke(NativeMethodAccessorImpl.java:62)
	at sun.reflect.DelegatingMethodAccessorImpl.invoke(DelegatingMethodAccessorImpl.java:43)
	at java.lang.reflect.Method.invoke(Method.java:498)
	at org.junit.runners.model.FrameworkMethod$1.runReflectiveCall(FrameworkMethod.java:59)
	at org.junit.internal.runners.model.ReflectiveCallable.run(ReflectiveCallable.java:12)
	at org.junit.runners.model.FrameworkMethod.invokeExplosively(FrameworkMethod.java:56)
	at org.junit.internal.runners.statements.InvokeMethod.evaluate(InvokeMethod.java:17)
	at org.junit.internal.runners.statements.RunAfters.evaluate(RunAfters.java:27)
	at org.junit.internal.runners.statements.FailOnTimeout$CallableStatement.call(FailOnTimeout.java:288)
	at org.junit.internal.runners.statements.FailOnTimeout$CallableStatement.call(FailOnTimeout.java:282)
	at java.util.concurrent.FutureTask.run(FutureTask.java:266)
	at java.lang.Thread.run(Thread.java:750)
13:07:28.617 [IPC Server handler 14 on default port 33359] ERROR OMAudit - user=runner | ip=127.0.0.1 | op=GET_FILE_STATUS {volume=volume52841, bucket=bucket11878, key=testBatchDelete/parent/child7, dataSize=0, replicationConfig=null} | ret=FAILURE
org.apache.hadoop.ozone.om.exceptions.OMException: Unable to get file status: volume: volume52841 bucket: bucket11878 key: testBatchDelete/parent/child7
	at org.apache.hadoop.ozone.om.KeyManagerImpl.getOzoneFileStatus(KeyManagerImpl.java:1270) ~[ozone-manager-1.3.0-SNAPSHOT.jar:?]
	at org.apache.hadoop.ozone.om.KeyManagerImpl.getFileStatus(KeyManagerImpl.java:1200) ~[ozone-manager-1.3.0-SNAPSHOT.jar:?]
	at org.apache.hadoop.ozone.om.OzoneManager.getFileStatus(OzoneManager.java:3507) ~[ozone-manager-1.3.0-SNAPSHOT.jar:?]
	at org.apache.hadoop.ozone.protocolPB.OzoneManagerRequestHandler.getOzoneFileStatus(OzoneManagerRequestHandler.java:882) ~[ozone-manager-1.3.0-SNAPSHOT.jar:?]
	at org.apache.hadoop.ozone.protocolPB.OzoneManagerRequestHandler.handleReadRequest(OzoneManagerRequestHandler.java:228) ~[ozone-manager-1.3.0-SNAPSHOT.jar:?]
	at org.apache.hadoop.ozone.protocolPB.OzoneManagerProtocolServerSideTranslatorPB.submitReadRequestToOM(OzoneManagerProtocolServerSideTranslatorPB.java:226) ~[ozone-manager-1.3.0-SNAPSHOT.jar:?]
	at org.apache.hadoop.ozone.protocolPB.OzoneManagerProtocolServerSideTranslatorPB.processRequest(OzoneManagerProtocolServerSideTranslatorPB.java:175) ~[ozone-manager-1.3.0-SNAPSHOT.jar:?]
	at org.apache.hadoop.hdds.server.OzoneProtocolMessageDispatcher.processRequest(OzoneProtocolMessageDispatcher.java:87) [hdds-server-framework-1.3.0-SNAPSHOT.jar:?]
	at org.apache.hadoop.ozone.protocolPB.OzoneManagerProtocolServerSideTranslatorPB.submitRequest(OzoneManagerProtocolServerSideTranslatorPB.java:147) [ozone-manager-1.3.0-SNAPSHOT.jar:?]
	at org.apache.hadoop.ozone.protocol.proto.OzoneManagerProtocolProtos$OzoneManagerService$2.callBlockingMethod(OzoneManagerProtocolProtos.java) [ozone-interface-client-1.3.0-SNAPSHOT.jar:?]
	at org.apache.hadoop.ipc.ProtobufRpcEngine$Server.processCall(ProtobufRpcEngine.java:466) [hadoop-common-3.3.1.jar:?]
	at org.apache.hadoop.ipc.ProtobufRpcEngine2$Server$ProtoBufRpcInvoker.call(ProtobufRpcEngine2.java:574) [hadoop-common-3.3.1.jar:?]
	at org.apache.hadoop.ipc.ProtobufRpcEngine2$Server$ProtoBufRpcInvoker.call(ProtobufRpcEngine2.java:552) [hadoop-common-3.3.1.jar:?]
	at org.apache.hadoop.ipc.RPC$Server.call(RPC.java:1093) [hadoop-common-3.3.1.jar:?]
	at org.apache.hadoop.ipc.Server$RpcCall.run(Server.java:1035) [hadoop-common-3.3.1.jar:?]
	at org.apache.hadoop.ipc.Server$RpcCall.run(Server.java:963) [hadoop-common-3.3.1.jar:?]
	at java.security.AccessController.doPrivileged(Native Method) ~[?:1.8.0_345]
	at javax.security.auth.Subject.doAs(Subject.java:422) [?:1.8.0_345]
	at org.apache.hadoop.security.UserGroupInformation.doAs(UserGroupInformation.java:1878) [hadoop-common-3.3.1.jar:?]
	at org.apache.hadoop.ipc.Server$Handler.run(Server.java:2966) [hadoop-common-3.3.1.jar:?]
2022-10-09 13:07:28,618 [Time-limited test] WARN  ozone.BasicOzoneFileSystem (BasicOzoneFileSystem.java:getFileStatus(765)) - GetFileStatus failed for path /testBatchDelete/parent/child7
java.io.FileNotFoundException: testBatchDelete/parent/child7: No such file or directory!
	at org.apache.hadoop.fs.ozone.BasicOzoneClientAdapterImpl.getFileStatus(BasicOzoneClientAdapterImpl.java:369)
	at org.apache.hadoop.fs.ozone.BasicOzoneFileSystem.getFileStatus(BasicOzoneFileSystem.java:757)
	at org.apache.hadoop.fs.FileSystem.exists(FileSystem.java:1760)
	at org.apache.hadoop.fs.ozone.BasicOzoneFileSystem.exists(BasicOzoneFileSystem.java:804)
	at org.apache.hadoop.fs.ozone.TestOzoneFileSystem.testFileDelete(TestOzoneFileSystem.java:534)
	at sun.reflect.NativeMethodAccessorImpl.invoke0(Native Method)
	at sun.reflect.NativeMethodAccessorImpl.invoke(NativeMethodAccessorImpl.java:62)
	at sun.reflect.DelegatingMethodAccessorImpl.invoke(DelegatingMethodAccessorImpl.java:43)
	at java.lang.reflect.Method.invoke(Method.java:498)
	at org.junit.runners.model.FrameworkMethod$1.runReflectiveCall(FrameworkMethod.java:59)
	at org.junit.internal.runners.model.ReflectiveCallable.run(ReflectiveCallable.java:12)
	at org.junit.runners.model.FrameworkMethod.invokeExplosively(FrameworkMethod.java:56)
	at org.junit.internal.runners.statements.InvokeMethod.evaluate(InvokeMethod.java:17)
	at org.junit.internal.runners.statements.RunAfters.evaluate(RunAfters.java:27)
	at org.junit.internal.runners.statements.FailOnTimeout$CallableStatement.call(FailOnTimeout.java:288)
	at org.junit.internal.runners.statements.FailOnTimeout$CallableStatement.call(FailOnTimeout.java:282)
	at java.util.concurrent.FutureTask.run(FutureTask.java:266)
	at java.lang.Thread.run(Thread.java:750)
13:07:28.618 [IPC Server handler 6 on default port 33359] ERROR OMAudit - user=runner | ip=127.0.0.1 | op=GET_FILE_STATUS {volume=volume52841, bucket=bucket11878, key=testBatchDelete/parent/childFolder/child7, dataSize=0, replicationConfig=null} | ret=FAILURE
org.apache.hadoop.ozone.om.exceptions.OMException: Unable to get file status: volume: volume52841 bucket: bucket11878 key: testBatchDelete/parent/childFolder/child7
	at org.apache.hadoop.ozone.om.KeyManagerImpl.getOzoneFileStatus(KeyManagerImpl.java:1270) ~[ozone-manager-1.3.0-SNAPSHOT.jar:?]
	at org.apache.hadoop.ozone.om.KeyManagerImpl.getFileStatus(KeyManagerImpl.java:1200) ~[ozone-manager-1.3.0-SNAPSHOT.jar:?]
	at org.apache.hadoop.ozone.om.OzoneManager.getFileStatus(OzoneManager.java:3507) ~[ozone-manager-1.3.0-SNAPSHOT.jar:?]
	at org.apache.hadoop.ozone.protocolPB.OzoneManagerRequestHandler.getOzoneFileStatus(OzoneManagerRequestHandler.java:882) ~[ozone-manager-1.3.0-SNAPSHOT.jar:?]
	at org.apache.hadoop.ozone.protocolPB.OzoneManagerRequestHandler.handleReadRequest(OzoneManagerRequestHandler.java:228) ~[ozone-manager-1.3.0-SNAPSHOT.jar:?]
	at org.apache.hadoop.ozone.protocolPB.OzoneManagerProtocolServerSideTranslatorPB.submitReadRequestToOM(OzoneManagerProtocolServerSideTranslatorPB.java:226) ~[ozone-manager-1.3.0-SNAPSHOT.jar:?]
	at org.apache.hadoop.ozone.protocolPB.OzoneManagerProtocolServerSideTranslatorPB.processRequest(OzoneManagerProtocolServerSideTranslatorPB.java:175) ~[ozone-manager-1.3.0-SNAPSHOT.jar:?]
	at org.apache.hadoop.hdds.server.OzoneProtocolMessageDispatcher.processRequest(OzoneProtocolMessageDispatcher.java:87) [hdds-server-framework-1.3.0-SNAPSHOT.jar:?]
	at org.apache.hadoop.ozone.protocolPB.OzoneManagerProtocolServerSideTranslatorPB.submitRequest(OzoneManagerProtocolServerSideTranslatorPB.java:147) [ozone-manager-1.3.0-SNAPSHOT.jar:?]
	at org.apache.hadoop.ozone.protocol.proto.OzoneManagerProtocolProtos$OzoneManagerService$2.callBlockingMethod(OzoneManagerProtocolProtos.java) [ozone-interface-client-1.3.0-SNAPSHOT.jar:?]
	at org.apache.hadoop.ipc.ProtobufRpcEngine$Server.processCall(ProtobufRpcEngine.java:466) [hadoop-common-3.3.1.jar:?]
	at org.apache.hadoop.ipc.ProtobufRpcEngine2$Server$ProtoBufRpcInvoker.call(ProtobufRpcEngine2.java:574) [hadoop-common-3.3.1.jar:?]
	at org.apache.hadoop.ipc.ProtobufRpcEngine2$Server$ProtoBufRpcInvoker.call(ProtobufRpcEngine2.java:552) [hadoop-common-3.3.1.jar:?]
	at org.apache.hadoop.ipc.RPC$Server.call(RPC.java:1093) [hadoop-common-3.3.1.jar:?]
	at org.apache.hadoop.ipc.Server$RpcCall.run(Server.java:1035) [hadoop-common-3.3.1.jar:?]
	at org.apache.hadoop.ipc.Server$RpcCall.run(Server.java:963) [hadoop-common-3.3.1.jar:?]
	at java.security.AccessController.doPrivileged(Native Method) ~[?:1.8.0_345]
	at javax.security.auth.Subject.doAs(Subject.java:422) [?:1.8.0_345]
	at org.apache.hadoop.security.UserGroupInformation.doAs(UserGroupInformation.java:1878) [hadoop-common-3.3.1.jar:?]
	at org.apache.hadoop.ipc.Server$Handler.run(Server.java:2966) [hadoop-common-3.3.1.jar:?]
2022-10-09 13:07:28,619 [Time-limited test] WARN  ozone.BasicOzoneFileSystem (BasicOzoneFileSystem.java:getFileStatus(765)) - GetFileStatus failed for path /testBatchDelete/parent/childFolder/child7
java.io.FileNotFoundException: testBatchDelete/parent/childFolder/child7: No such file or directory!
	at org.apache.hadoop.fs.ozone.BasicOzoneClientAdapterImpl.getFileStatus(BasicOzoneClientAdapterImpl.java:369)
	at org.apache.hadoop.fs.ozone.BasicOzoneFileSystem.getFileStatus(BasicOzoneFileSystem.java:757)
	at org.apache.hadoop.fs.FileSystem.exists(FileSystem.java:1760)
	at org.apache.hadoop.fs.ozone.BasicOzoneFileSystem.exists(BasicOzoneFileSystem.java:804)
	at org.apache.hadoop.fs.ozone.TestOzoneFileSystem.testFileDelete(TestOzoneFileSystem.java:539)
	at sun.reflect.NativeMethodAccessorImpl.invoke0(Native Method)
	at sun.reflect.NativeMethodAccessorImpl.invoke(NativeMethodAccessorImpl.java:62)
	at sun.reflect.DelegatingMethodAccessorImpl.invoke(DelegatingMethodAccessorImpl.java:43)
	at java.lang.reflect.Method.invoke(Method.java:498)
	at org.junit.runners.model.FrameworkMethod$1.runReflectiveCall(FrameworkMethod.java:59)
	at org.junit.internal.runners.model.ReflectiveCallable.run(ReflectiveCallable.java:12)
	at org.junit.runners.model.FrameworkMethod.invokeExplosively(FrameworkMethod.java:56)
	at org.junit.internal.runners.statements.InvokeMethod.evaluate(InvokeMethod.java:17)
	at org.junit.internal.runners.statements.RunAfters.evaluate(RunAfters.java:27)
	at org.junit.internal.runners.statements.FailOnTimeout$CallableStatement.call(FailOnTimeout.java:288)
	at org.junit.internal.runners.statements.FailOnTimeout$CallableStatement.call(FailOnTimeout.java:282)
	at java.util.concurrent.FutureTask.run(FutureTask.java:266)
	at java.lang.Thread.run(Thread.java:750)
13:07:28.619 [IPC Server handler 5 on default port 33359] ERROR OMAudit - user=runner | ip=127.0.0.1 | op=GET_FILE_STATUS {volume=volume52841, bucket=bucket11878, key=testBatchDelete/parent, dataSize=0, replicationConfig=null} | ret=FAILURE
org.apache.hadoop.ozone.om.exceptions.OMException: Unable to get file status: volume: volume52841 bucket: bucket11878 key: testBatchDelete/parent
	at org.apache.hadoop.ozone.om.KeyManagerImpl.getOzoneFileStatus(KeyManagerImpl.java:1270) ~[ozone-manager-1.3.0-SNAPSHOT.jar:?]
	at org.apache.hadoop.ozone.om.KeyManagerImpl.getFileStatus(KeyManagerImpl.java:1200) ~[ozone-manager-1.3.0-SNAPSHOT.jar:?]
	at org.apache.hadoop.ozone.om.OzoneManager.getFileStatus(OzoneManager.java:3507) ~[ozone-manager-1.3.0-SNAPSHOT.jar:?]
	at org.apache.hadoop.ozone.protocolPB.OzoneManagerRequestHandler.getOzoneFileStatus(OzoneManagerRequestHandler.java:882) ~[ozone-manager-1.3.0-SNAPSHOT.jar:?]
	at org.apache.hadoop.ozone.protocolPB.OzoneManagerRequestHandler.handleReadRequest(OzoneManagerRequestHandler.java:228) ~[ozone-manager-1.3.0-SNAPSHOT.jar:?]
	at org.apache.hadoop.ozone.protocolPB.OzoneManagerProtocolServerSideTranslatorPB.submitReadRequestToOM(OzoneManagerProtocolServerSideTranslatorPB.java:226) ~[ozone-manager-1.3.0-SNAPSHOT.jar:?]
	at org.apache.hadoop.ozone.protocolPB.OzoneManagerProtocolServerSideTranslatorPB.processRequest(OzoneManagerProtocolServerSideTranslatorPB.java:175) ~[ozone-manager-1.3.0-SNAPSHOT.jar:?]
	at org.apache.hadoop.hdds.server.OzoneProtocolMessageDispatcher.processRequest(OzoneProtocolMessageDispatcher.java:87) [hdds-server-framework-1.3.0-SNAPSHOT.jar:?]
	at org.apache.hadoop.ozone.protocolPB.OzoneManagerProtocolServerSideTranslatorPB.submitRequest(OzoneManagerProtocolServerSideTranslatorPB.java:147) [ozone-manager-1.3.0-SNAPSHOT.jar:?]
	at org.apache.hadoop.ozone.protocol.proto.OzoneManagerProtocolProtos$OzoneManagerService$2.callBlockingMethod(OzoneManagerProtocolProtos.java) [ozone-interface-client-1.3.0-SNAPSHOT.jar:?]
	at org.apache.hadoop.ipc.ProtobufRpcEngine$Server.processCall(ProtobufRpcEngine.java:466) [hadoop-common-3.3.1.jar:?]
	at org.apache.hadoop.ipc.ProtobufRpcEngine2$Server$ProtoBufRpcInvoker.call(ProtobufRpcEngine2.java:574) [hadoop-common-3.3.1.jar:?]
	at org.apache.hadoop.ipc.ProtobufRpcEngine2$Server$ProtoBufRpcInvoker.call(ProtobufRpcEngine2.java:552) [hadoop-common-3.3.1.jar:?]
	at org.apache.hadoop.ipc.RPC$Server.call(RPC.java:1093) [hadoop-common-3.3.1.jar:?]
	at org.apache.hadoop.ipc.Server$RpcCall.run(Server.java:1035) [hadoop-common-3.3.1.jar:?]
	at org.apache.hadoop.ipc.Server$RpcCall.run(Server.java:963) [hadoop-common-3.3.1.jar:?]
	at java.security.AccessController.doPrivileged(Native Method) ~[?:1.8.0_345]
	at javax.security.auth.Subject.doAs(Subject.java:422) [?:1.8.0_345]
	at org.apache.hadoop.security.UserGroupInformation.doAs(UserGroupInformation.java:1878) [hadoop-common-3.3.1.jar:?]
	at org.apache.hadoop.ipc.Server$Handler.run(Server.java:2966) [hadoop-common-3.3.1.jar:?]
2022-10-09 13:07:28,619 [Time-limited test] WARN  ozone.BasicOzoneFileSystem (BasicOzoneFileSystem.java:getFileStatus(765)) - GetFileStatus failed for path /testBatchDelete/parent
java.io.FileNotFoundException: testBatchDelete/parent: No such file or directory!
	at org.apache.hadoop.fs.ozone.BasicOzoneClientAdapterImpl.getFileStatus(BasicOzoneClientAdapterImpl.java:369)
	at org.apache.hadoop.fs.ozone.BasicOzoneFileSystem.getFileStatus(BasicOzoneFileSystem.java:757)
	at org.apache.hadoop.fs.ozone.BasicOzoneFileSystem.delete(BasicOzoneFileSystem.java:530)
	at org.apache.hadoop.fs.ozone.TestOzoneFileSystem.testFileDelete(TestOzoneFileSystem.java:543)
	at sun.reflect.NativeMethodAccessorImpl.invoke0(Native Method)
	at sun.reflect.NativeMethodAccessorImpl.invoke(NativeMethodAccessorImpl.java:62)
	at sun.reflect.DelegatingMethodAccessorImpl.invoke(DelegatingMethodAccessorImpl.java:43)
	at java.lang.reflect.Method.invoke(Method.java:498)
	at org.junit.runners.model.FrameworkMethod$1.runReflectiveCall(FrameworkMethod.java:59)
	at org.junit.internal.runners.model.ReflectiveCallable.run(ReflectiveCallable.java:12)
	at org.junit.runners.model.FrameworkMethod.invokeExplosively(FrameworkMethod.java:56)
	at org.junit.internal.runners.statements.InvokeMethod.evaluate(InvokeMethod.java:17)
	at org.junit.internal.runners.statements.RunAfters.evaluate(RunAfters.java:27)
	at org.junit.internal.runners.statements.FailOnTimeout$CallableStatement.call(FailOnTimeout.java:288)
	at org.junit.internal.runners.statements.FailOnTimeout$CallableStatement.call(FailOnTimeout.java:282)
	at java.util.concurrent.FutureTask.run(FutureTask.java:266)
	at java.lang.Thread.run(Thread.java:750)
2022-10-09 13:07:28,619 [Time-limited test] WARN  ozone.BasicOzoneFileSystem (BasicOzoneFileSystem.java:delete(532)) - delete: Path does not exist: /testBatchDelete/parent
]]></system-out>
  </testcase>
  <testcase name="testFileDelete" classname="TestOzoneFileSystem" time="0.125">
    <system-out><![CDATA[13:09:36.383 [IPC Server handler 8 on default port 34869] ERROR OMAudit - user=runner | ip=127.0.0.1 | op=GET_FILE_STATUS {volume=volume25253, bucket=bucket90791, key=testBatchDelete, dataSize=0, replicationConfig=null} | ret=FAILURE
org.apache.hadoop.ozone.om.exceptions.OMException: Unable to get file status: volume: volume25253 bucket: bucket90791 key: testBatchDelete
	at org.apache.hadoop.ozone.om.KeyManagerImpl.getOzoneFileStatus(KeyManagerImpl.java:1270) ~[ozone-manager-1.3.0-SNAPSHOT.jar:?]
	at org.apache.hadoop.ozone.om.KeyManagerImpl.getFileStatus(KeyManagerImpl.java:1200) ~[ozone-manager-1.3.0-SNAPSHOT.jar:?]
	at org.apache.hadoop.ozone.om.OzoneManager.getFileStatus(OzoneManager.java:3507) ~[ozone-manager-1.3.0-SNAPSHOT.jar:?]
	at org.apache.hadoop.ozone.protocolPB.OzoneManagerRequestHandler.getOzoneFileStatus(OzoneManagerRequestHandler.java:882) ~[ozone-manager-1.3.0-SNAPSHOT.jar:?]
	at org.apache.hadoop.ozone.protocolPB.OzoneManagerRequestHandler.handleReadRequest(OzoneManagerRequestHandler.java:228) ~[ozone-manager-1.3.0-SNAPSHOT.jar:?]
	at org.apache.hadoop.ozone.protocolPB.OzoneManagerProtocolServerSideTranslatorPB.submitRequestDirectlyToOM(OzoneManagerProtocolServerSideTranslatorPB.java:276) ~[ozone-manager-1.3.0-SNAPSHOT.jar:?]
	at org.apache.hadoop.ozone.protocolPB.OzoneManagerProtocolServerSideTranslatorPB.processRequest(OzoneManagerProtocolServerSideTranslatorPB.java:205) ~[ozone-manager-1.3.0-SNAPSHOT.jar:?]
	at org.apache.hadoop.hdds.server.OzoneProtocolMessageDispatcher.processRequest(OzoneProtocolMessageDispatcher.java:87) [hdds-server-framework-1.3.0-SNAPSHOT.jar:?]
	at org.apache.hadoop.ozone.protocolPB.OzoneManagerProtocolServerSideTranslatorPB.submitRequest(OzoneManagerProtocolServerSideTranslatorPB.java:147) [ozone-manager-1.3.0-SNAPSHOT.jar:?]
	at org.apache.hadoop.ozone.protocol.proto.OzoneManagerProtocolProtos$OzoneManagerService$2.callBlockingMethod(OzoneManagerProtocolProtos.java) [ozone-interface-client-1.3.0-SNAPSHOT.jar:?]
	at org.apache.hadoop.ipc.ProtobufRpcEngine$Server.processCall(ProtobufRpcEngine.java:466) [hadoop-common-3.3.1.jar:?]
	at org.apache.hadoop.ipc.ProtobufRpcEngine2$Server$ProtoBufRpcInvoker.call(ProtobufRpcEngine2.java:574) [hadoop-common-3.3.1.jar:?]
	at org.apache.hadoop.ipc.ProtobufRpcEngine2$Server$ProtoBufRpcInvoker.call(ProtobufRpcEngine2.java:552) [hadoop-common-3.3.1.jar:?]
	at org.apache.hadoop.ipc.RPC$Server.call(RPC.java:1093) [hadoop-common-3.3.1.jar:?]
	at org.apache.hadoop.ipc.Server$RpcCall.run(Server.java:1035) [hadoop-common-3.3.1.jar:?]
	at org.apache.hadoop.ipc.Server$RpcCall.run(Server.java:963) [hadoop-common-3.3.1.jar:?]
	at java.security.AccessController.doPrivileged(Native Method) ~[?:1.8.0_345]
	at javax.security.auth.Subject.doAs(Subject.java:422) [?:1.8.0_345]
	at org.apache.hadoop.security.UserGroupInformation.doAs(UserGroupInformation.java:1878) [hadoop-common-3.3.1.jar:?]
	at org.apache.hadoop.ipc.Server$Handler.run(Server.java:2966) [hadoop-common-3.3.1.jar:?]
2022-10-09 13:09:36,383 [Time-limited test] WARN  ozone.BasicOzoneFileSystem (BasicOzoneFileSystem.java:getFileStatus(765)) - GetFileStatus failed for path /testBatchDelete
java.io.FileNotFoundException: testBatchDelete: No such file or directory!
	at org.apache.hadoop.fs.ozone.BasicOzoneClientAdapterImpl.getFileStatus(BasicOzoneClientAdapterImpl.java:369)
	at org.apache.hadoop.fs.ozone.BasicOzoneFileSystem.getFileStatus(BasicOzoneFileSystem.java:757)
	at org.apache.hadoop.fs.FileSystem.exists(FileSystem.java:1760)
	at org.apache.hadoop.fs.ozone.BasicOzoneFileSystem.exists(BasicOzoneFileSystem.java:804)
	at org.apache.hadoop.fs.ozone.TestOzoneFileSystem.testFileDelete(TestOzoneFileSystem.java:530)
	at sun.reflect.NativeMethodAccessorImpl.invoke0(Native Method)
	at sun.reflect.NativeMethodAccessorImpl.invoke(NativeMethodAccessorImpl.java:62)
	at sun.reflect.DelegatingMethodAccessorImpl.invoke(DelegatingMethodAccessorImpl.java:43)
	at java.lang.reflect.Method.invoke(Method.java:498)
	at org.junit.runners.model.FrameworkMethod$1.runReflectiveCall(FrameworkMethod.java:59)
	at org.junit.internal.runners.model.ReflectiveCallable.run(ReflectiveCallable.java:12)
	at org.junit.runners.model.FrameworkMethod.invokeExplosively(FrameworkMethod.java:56)
	at org.junit.internal.runners.statements.InvokeMethod.evaluate(InvokeMethod.java:17)
	at org.junit.internal.runners.statements.RunAfters.evaluate(RunAfters.java:27)
	at org.junit.internal.runners.statements.FailOnTimeout$CallableStatement.call(FailOnTimeout.java:288)
	at org.junit.internal.runners.statements.FailOnTimeout$CallableStatement.call(FailOnTimeout.java:282)
	at java.util.concurrent.FutureTask.run(FutureTask.java:266)
	at java.lang.Thread.run(Thread.java:750)
13:09:36.384 [IPC Server handler 4 on default port 34869] ERROR OMAudit - user=runner | ip=127.0.0.1 | op=GET_FILE_STATUS {volume=volume25253, bucket=bucket90791, key=testBatchDelete/parent/child0, dataSize=0, replicationConfig=null} | ret=FAILURE
org.apache.hadoop.ozone.om.exceptions.OMException: Unable to get file status: volume: volume25253 bucket: bucket90791 key: testBatchDelete/parent/child0
	at org.apache.hadoop.ozone.om.KeyManagerImpl.getOzoneFileStatus(KeyManagerImpl.java:1270) ~[ozone-manager-1.3.0-SNAPSHOT.jar:?]
	at org.apache.hadoop.ozone.om.KeyManagerImpl.getFileStatus(KeyManagerImpl.java:1200) ~[ozone-manager-1.3.0-SNAPSHOT.jar:?]
	at org.apache.hadoop.ozone.om.OzoneManager.getFileStatus(OzoneManager.java:3507) ~[ozone-manager-1.3.0-SNAPSHOT.jar:?]
	at org.apache.hadoop.ozone.protocolPB.OzoneManagerRequestHandler.getOzoneFileStatus(OzoneManagerRequestHandler.java:882) ~[ozone-manager-1.3.0-SNAPSHOT.jar:?]
	at org.apache.hadoop.ozone.protocolPB.OzoneManagerRequestHandler.handleReadRequest(OzoneManagerRequestHandler.java:228) ~[ozone-manager-1.3.0-SNAPSHOT.jar:?]
	at org.apache.hadoop.ozone.protocolPB.OzoneManagerProtocolServerSideTranslatorPB.submitRequestDirectlyToOM(OzoneManagerProtocolServerSideTranslatorPB.java:276) ~[ozone-manager-1.3.0-SNAPSHOT.jar:?]
	at org.apache.hadoop.ozone.protocolPB.OzoneManagerProtocolServerSideTranslatorPB.processRequest(OzoneManagerProtocolServerSideTranslatorPB.java:205) ~[ozone-manager-1.3.0-SNAPSHOT.jar:?]
	at org.apache.hadoop.hdds.server.OzoneProtocolMessageDispatcher.processRequest(OzoneProtocolMessageDispatcher.java:87) [hdds-server-framework-1.3.0-SNAPSHOT.jar:?]
	at org.apache.hadoop.ozone.protocolPB.OzoneManagerProtocolServerSideTranslatorPB.submitRequest(OzoneManagerProtocolServerSideTranslatorPB.java:147) [ozone-manager-1.3.0-SNAPSHOT.jar:?]
	at org.apache.hadoop.ozone.protocol.proto.OzoneManagerProtocolProtos$OzoneManagerService$2.callBlockingMethod(OzoneManagerProtocolProtos.java) [ozone-interface-client-1.3.0-SNAPSHOT.jar:?]
	at org.apache.hadoop.ipc.ProtobufRpcEngine$Server.processCall(ProtobufRpcEngine.java:466) [hadoop-common-3.3.1.jar:?]
	at org.apache.hadoop.ipc.ProtobufRpcEngine2$Server$ProtoBufRpcInvoker.call(ProtobufRpcEngine2.java:574) [hadoop-common-3.3.1.jar:?]
	at org.apache.hadoop.ipc.ProtobufRpcEngine2$Server$ProtoBufRpcInvoker.call(ProtobufRpcEngine2.java:552) [hadoop-common-3.3.1.jar:?]
	at org.apache.hadoop.ipc.RPC$Server.call(RPC.java:1093) [hadoop-common-3.3.1.jar:?]
	at org.apache.hadoop.ipc.Server$RpcCall.run(Server.java:1035) [hadoop-common-3.3.1.jar:?]
	at org.apache.hadoop.ipc.Server$RpcCall.run(Server.java:963) [hadoop-common-3.3.1.jar:?]
	at java.security.AccessController.doPrivileged(Native Method) ~[?:1.8.0_345]
	at javax.security.auth.Subject.doAs(Subject.java:422) [?:1.8.0_345]
	at org.apache.hadoop.security.UserGroupInformation.doAs(UserGroupInformation.java:1878) [hadoop-common-3.3.1.jar:?]
	at org.apache.hadoop.ipc.Server$Handler.run(Server.java:2966) [hadoop-common-3.3.1.jar:?]
2022-10-09 13:09:36,384 [Time-limited test] WARN  ozone.BasicOzoneFileSystem (BasicOzoneFileSystem.java:getFileStatus(765)) - GetFileStatus failed for path /testBatchDelete/parent/child0
java.io.FileNotFoundException: testBatchDelete/parent/child0: No such file or directory!
	at org.apache.hadoop.fs.ozone.BasicOzoneClientAdapterImpl.getFileStatus(BasicOzoneClientAdapterImpl.java:369)
	at org.apache.hadoop.fs.ozone.BasicOzoneFileSystem.getFileStatus(BasicOzoneFileSystem.java:757)
	at org.apache.hadoop.fs.FileSystem.exists(FileSystem.java:1760)
	at org.apache.hadoop.fs.ozone.BasicOzoneFileSystem.exists(BasicOzoneFileSystem.java:804)
	at org.apache.hadoop.fs.ozone.TestOzoneFileSystem.testFileDelete(TestOzoneFileSystem.java:534)
	at sun.reflect.NativeMethodAccessorImpl.invoke0(Native Method)
	at sun.reflect.NativeMethodAccessorImpl.invoke(NativeMethodAccessorImpl.java:62)
	at sun.reflect.DelegatingMethodAccessorImpl.invoke(DelegatingMethodAccessorImpl.java:43)
	at java.lang.reflect.Method.invoke(Method.java:498)
	at org.junit.runners.model.FrameworkMethod$1.runReflectiveCall(FrameworkMethod.java:59)
	at org.junit.internal.runners.model.ReflectiveCallable.run(ReflectiveCallable.java:12)
	at org.junit.runners.model.FrameworkMethod.invokeExplosively(FrameworkMethod.java:56)
	at org.junit.internal.runners.statements.InvokeMethod.evaluate(InvokeMethod.java:17)
	at org.junit.internal.runners.statements.RunAfters.evaluate(RunAfters.java:27)
	at org.junit.internal.runners.statements.FailOnTimeout$CallableStatement.call(FailOnTimeout.java:288)
	at org.junit.internal.runners.statements.FailOnTimeout$CallableStatement.call(FailOnTimeout.java:282)
	at java.util.concurrent.FutureTask.run(FutureTask.java:266)
	at java.lang.Thread.run(Thread.java:750)
13:09:36.385 [IPC Server handler 1 on default port 34869] ERROR OMAudit - user=runner | ip=127.0.0.1 | op=GET_FILE_STATUS {volume=volume25253, bucket=bucket90791, key=testBatchDelete/parent/childFolder/child0, dataSize=0, replicationConfig=null} | ret=FAILURE
org.apache.hadoop.ozone.om.exceptions.OMException: Unable to get file status: volume: volume25253 bucket: bucket90791 key: testBatchDelete/parent/childFolder/child0
	at org.apache.hadoop.ozone.om.KeyManagerImpl.getOzoneFileStatus(KeyManagerImpl.java:1270) ~[ozone-manager-1.3.0-SNAPSHOT.jar:?]
	at org.apache.hadoop.ozone.om.KeyManagerImpl.getFileStatus(KeyManagerImpl.java:1200) ~[ozone-manager-1.3.0-SNAPSHOT.jar:?]
	at org.apache.hadoop.ozone.om.OzoneManager.getFileStatus(OzoneManager.java:3507) ~[ozone-manager-1.3.0-SNAPSHOT.jar:?]
	at org.apache.hadoop.ozone.protocolPB.OzoneManagerRequestHandler.getOzoneFileStatus(OzoneManagerRequestHandler.java:882) ~[ozone-manager-1.3.0-SNAPSHOT.jar:?]
	at org.apache.hadoop.ozone.protocolPB.OzoneManagerRequestHandler.handleReadRequest(OzoneManagerRequestHandler.java:228) ~[ozone-manager-1.3.0-SNAPSHOT.jar:?]
	at org.apache.hadoop.ozone.protocolPB.OzoneManagerProtocolServerSideTranslatorPB.submitRequestDirectlyToOM(OzoneManagerProtocolServerSideTranslatorPB.java:276) ~[ozone-manager-1.3.0-SNAPSHOT.jar:?]
	at org.apache.hadoop.ozone.protocolPB.OzoneManagerProtocolServerSideTranslatorPB.processRequest(OzoneManagerProtocolServerSideTranslatorPB.java:205) ~[ozone-manager-1.3.0-SNAPSHOT.jar:?]
	at org.apache.hadoop.hdds.server.OzoneProtocolMessageDispatcher.processRequest(OzoneProtocolMessageDispatcher.java:87) [hdds-server-framework-1.3.0-SNAPSHOT.jar:?]
	at org.apache.hadoop.ozone.protocolPB.OzoneManagerProtocolServerSideTranslatorPB.submitRequest(OzoneManagerProtocolServerSideTranslatorPB.java:147) [ozone-manager-1.3.0-SNAPSHOT.jar:?]
	at org.apache.hadoop.ozone.protocol.proto.OzoneManagerProtocolProtos$OzoneManagerService$2.callBlockingMethod(OzoneManagerProtocolProtos.java) [ozone-interface-client-1.3.0-SNAPSHOT.jar:?]
	at org.apache.hadoop.ipc.ProtobufRpcEngine$Server.processCall(ProtobufRpcEngine.java:466) [hadoop-common-3.3.1.jar:?]
	at org.apache.hadoop.ipc.ProtobufRpcEngine2$Server$ProtoBufRpcInvoker.call(ProtobufRpcEngine2.java:574) [hadoop-common-3.3.1.jar:?]
	at org.apache.hadoop.ipc.ProtobufRpcEngine2$Server$ProtoBufRpcInvoker.call(ProtobufRpcEngine2.java:552) [hadoop-common-3.3.1.jar:?]
	at org.apache.hadoop.ipc.RPC$Server.call(RPC.java:1093) [hadoop-common-3.3.1.jar:?]
	at org.apache.hadoop.ipc.Server$RpcCall.run(Server.java:1035) [hadoop-common-3.3.1.jar:?]
	at org.apache.hadoop.ipc.Server$RpcCall.run(Server.java:963) [hadoop-common-3.3.1.jar:?]
	at java.security.AccessController.doPrivileged(Native Method) ~[?:1.8.0_345]
	at javax.security.auth.Subject.doAs(Subject.java:422) [?:1.8.0_345]
	at org.apache.hadoop.security.UserGroupInformation.doAs(UserGroupInformation.java:1878) [hadoop-common-3.3.1.jar:?]
	at org.apache.hadoop.ipc.Server$Handler.run(Server.java:2966) [hadoop-common-3.3.1.jar:?]
2022-10-09 13:09:36,385 [Time-limited test] WARN  ozone.BasicOzoneFileSystem (BasicOzoneFileSystem.java:getFileStatus(765)) - GetFileStatus failed for path /testBatchDelete/parent/childFolder/child0
java.io.FileNotFoundException: testBatchDelete/parent/childFolder/child0: No such file or directory!
	at org.apache.hadoop.fs.ozone.BasicOzoneClientAdapterImpl.getFileStatus(BasicOzoneClientAdapterImpl.java:369)
	at org.apache.hadoop.fs.ozone.BasicOzoneFileSystem.getFileStatus(BasicOzoneFileSystem.java:757)
	at org.apache.hadoop.fs.FileSystem.exists(FileSystem.java:1760)
	at org.apache.hadoop.fs.ozone.BasicOzoneFileSystem.exists(BasicOzoneFileSystem.java:804)
	at org.apache.hadoop.fs.ozone.TestOzoneFileSystem.testFileDelete(TestOzoneFileSystem.java:539)
	at sun.reflect.NativeMethodAccessorImpl.invoke0(Native Method)
	at sun.reflect.NativeMethodAccessorImpl.invoke(NativeMethodAccessorImpl.java:62)
	at sun.reflect.DelegatingMethodAccessorImpl.invoke(DelegatingMethodAccessorImpl.java:43)
	at java.lang.reflect.Method.invoke(Method.java:498)
	at org.junit.runners.model.FrameworkMethod$1.runReflectiveCall(FrameworkMethod.java:59)
	at org.junit.internal.runners.model.ReflectiveCallable.run(ReflectiveCallable.java:12)
	at org.junit.runners.model.FrameworkMethod.invokeExplosively(FrameworkMethod.java:56)
	at org.junit.internal.runners.statements.InvokeMethod.evaluate(InvokeMethod.java:17)
	at org.junit.internal.runners.statements.RunAfters.evaluate(RunAfters.java:27)
	at org.junit.internal.runners.statements.FailOnTimeout$CallableStatement.call(FailOnTimeout.java:288)
	at org.junit.internal.runners.statements.FailOnTimeout$CallableStatement.call(FailOnTimeout.java:282)
	at java.util.concurrent.FutureTask.run(FutureTask.java:266)
	at java.lang.Thread.run(Thread.java:750)
13:09:36.385 [IPC Server handler 3 on default port 34869] ERROR OMAudit - user=runner | ip=127.0.0.1 | op=GET_FILE_STATUS {volume=volume25253, bucket=bucket90791, key=testBatchDelete/parent/child1, dataSize=0, replicationConfig=null} | ret=FAILURE
org.apache.hadoop.ozone.om.exceptions.OMException: Unable to get file status: volume: volume25253 bucket: bucket90791 key: testBatchDelete/parent/child1
	at org.apache.hadoop.ozone.om.KeyManagerImpl.getOzoneFileStatus(KeyManagerImpl.java:1270) ~[ozone-manager-1.3.0-SNAPSHOT.jar:?]
	at org.apache.hadoop.ozone.om.KeyManagerImpl.getFileStatus(KeyManagerImpl.java:1200) ~[ozone-manager-1.3.0-SNAPSHOT.jar:?]
	at org.apache.hadoop.ozone.om.OzoneManager.getFileStatus(OzoneManager.java:3507) ~[ozone-manager-1.3.0-SNAPSHOT.jar:?]
	at org.apache.hadoop.ozone.protocolPB.OzoneManagerRequestHandler.getOzoneFileStatus(OzoneManagerRequestHandler.java:882) ~[ozone-manager-1.3.0-SNAPSHOT.jar:?]
	at org.apache.hadoop.ozone.protocolPB.OzoneManagerRequestHandler.handleReadRequest(OzoneManagerRequestHandler.java:228) ~[ozone-manager-1.3.0-SNAPSHOT.jar:?]
	at org.apache.hadoop.ozone.protocolPB.OzoneManagerProtocolServerSideTranslatorPB.submitRequestDirectlyToOM(OzoneManagerProtocolServerSideTranslatorPB.java:276) ~[ozone-manager-1.3.0-SNAPSHOT.jar:?]
	at org.apache.hadoop.ozone.protocolPB.OzoneManagerProtocolServerSideTranslatorPB.processRequest(OzoneManagerProtocolServerSideTranslatorPB.java:205) ~[ozone-manager-1.3.0-SNAPSHOT.jar:?]
	at org.apache.hadoop.hdds.server.OzoneProtocolMessageDispatcher.processRequest(OzoneProtocolMessageDispatcher.java:87) [hdds-server-framework-1.3.0-SNAPSHOT.jar:?]
	at org.apache.hadoop.ozone.protocolPB.OzoneManagerProtocolServerSideTranslatorPB.submitRequest(OzoneManagerProtocolServerSideTranslatorPB.java:147) [ozone-manager-1.3.0-SNAPSHOT.jar:?]
	at org.apache.hadoop.ozone.protocol.proto.OzoneManagerProtocolProtos$OzoneManagerService$2.callBlockingMethod(OzoneManagerProtocolProtos.java) [ozone-interface-client-1.3.0-SNAPSHOT.jar:?]
	at org.apache.hadoop.ipc.ProtobufRpcEngine$Server.processCall(ProtobufRpcEngine.java:466) [hadoop-common-3.3.1.jar:?]
	at org.apache.hadoop.ipc.ProtobufRpcEngine2$Server$ProtoBufRpcInvoker.call(ProtobufRpcEngine2.java:574) [hadoop-common-3.3.1.jar:?]
	at org.apache.hadoop.ipc.ProtobufRpcEngine2$Server$ProtoBufRpcInvoker.call(ProtobufRpcEngine2.java:552) [hadoop-common-3.3.1.jar:?]
	at org.apache.hadoop.ipc.RPC$Server.call(RPC.java:1093) [hadoop-common-3.3.1.jar:?]
	at org.apache.hadoop.ipc.Server$RpcCall.run(Server.java:1035) [hadoop-common-3.3.1.jar:?]
	at org.apache.hadoop.ipc.Server$RpcCall.run(Server.java:963) [hadoop-common-3.3.1.jar:?]
	at java.security.AccessController.doPrivileged(Native Method) ~[?:1.8.0_345]
	at javax.security.auth.Subject.doAs(Subject.java:422) [?:1.8.0_345]
	at org.apache.hadoop.security.UserGroupInformation.doAs(UserGroupInformation.java:1878) [hadoop-common-3.3.1.jar:?]
	at org.apache.hadoop.ipc.Server$Handler.run(Server.java:2966) [hadoop-common-3.3.1.jar:?]
2022-10-09 13:09:36,386 [Time-limited test] WARN  ozone.BasicOzoneFileSystem (BasicOzoneFileSystem.java:getFileStatus(765)) - GetFileStatus failed for path /testBatchDelete/parent/child1
java.io.FileNotFoundException: testBatchDelete/parent/child1: No such file or directory!
	at org.apache.hadoop.fs.ozone.BasicOzoneClientAdapterImpl.getFileStatus(BasicOzoneClientAdapterImpl.java:369)
	at org.apache.hadoop.fs.ozone.BasicOzoneFileSystem.getFileStatus(BasicOzoneFileSystem.java:757)
	at org.apache.hadoop.fs.FileSystem.exists(FileSystem.java:1760)
	at org.apache.hadoop.fs.ozone.BasicOzoneFileSystem.exists(BasicOzoneFileSystem.java:804)
	at org.apache.hadoop.fs.ozone.TestOzoneFileSystem.testFileDelete(TestOzoneFileSystem.java:534)
	at sun.reflect.NativeMethodAccessorImpl.invoke0(Native Method)
	at sun.reflect.NativeMethodAccessorImpl.invoke(NativeMethodAccessorImpl.java:62)
	at sun.reflect.DelegatingMethodAccessorImpl.invoke(DelegatingMethodAccessorImpl.java:43)
	at java.lang.reflect.Method.invoke(Method.java:498)
	at org.junit.runners.model.FrameworkMethod$1.runReflectiveCall(FrameworkMethod.java:59)
	at org.junit.internal.runners.model.ReflectiveCallable.run(ReflectiveCallable.java:12)
	at org.junit.runners.model.FrameworkMethod.invokeExplosively(FrameworkMethod.java:56)
	at org.junit.internal.runners.statements.InvokeMethod.evaluate(InvokeMethod.java:17)
	at org.junit.internal.runners.statements.RunAfters.evaluate(RunAfters.java:27)
	at org.junit.internal.runners.statements.FailOnTimeout$CallableStatement.call(FailOnTimeout.java:288)
	at org.junit.internal.runners.statements.FailOnTimeout$CallableStatement.call(FailOnTimeout.java:282)
	at java.util.concurrent.FutureTask.run(FutureTask.java:266)
	at java.lang.Thread.run(Thread.java:750)
13:09:36.386 [IPC Server handler 2 on default port 34869] ERROR OMAudit - user=runner | ip=127.0.0.1 | op=GET_FILE_STATUS {volume=volume25253, bucket=bucket90791, key=testBatchDelete/parent/childFolder/child1, dataSize=0, replicationConfig=null} | ret=FAILURE
org.apache.hadoop.ozone.om.exceptions.OMException: Unable to get file status: volume: volume25253 bucket: bucket90791 key: testBatchDelete/parent/childFolder/child1
	at org.apache.hadoop.ozone.om.KeyManagerImpl.getOzoneFileStatus(KeyManagerImpl.java:1270) ~[ozone-manager-1.3.0-SNAPSHOT.jar:?]
	at org.apache.hadoop.ozone.om.KeyManagerImpl.getFileStatus(KeyManagerImpl.java:1200) ~[ozone-manager-1.3.0-SNAPSHOT.jar:?]
	at org.apache.hadoop.ozone.om.OzoneManager.getFileStatus(OzoneManager.java:3507) ~[ozone-manager-1.3.0-SNAPSHOT.jar:?]
	at org.apache.hadoop.ozone.protocolPB.OzoneManagerRequestHandler.getOzoneFileStatus(OzoneManagerRequestHandler.java:882) ~[ozone-manager-1.3.0-SNAPSHOT.jar:?]
	at org.apache.hadoop.ozone.protocolPB.OzoneManagerRequestHandler.handleReadRequest(OzoneManagerRequestHandler.java:228) ~[ozone-manager-1.3.0-SNAPSHOT.jar:?]
	at org.apache.hadoop.ozone.protocolPB.OzoneManagerProtocolServerSideTranslatorPB.submitRequestDirectlyToOM(OzoneManagerProtocolServerSideTranslatorPB.java:276) ~[ozone-manager-1.3.0-SNAPSHOT.jar:?]
	at org.apache.hadoop.ozone.protocolPB.OzoneManagerProtocolServerSideTranslatorPB.processRequest(OzoneManagerProtocolServerSideTranslatorPB.java:205) ~[ozone-manager-1.3.0-SNAPSHOT.jar:?]
	at org.apache.hadoop.hdds.server.OzoneProtocolMessageDispatcher.processRequest(OzoneProtocolMessageDispatcher.java:87) [hdds-server-framework-1.3.0-SNAPSHOT.jar:?]
	at org.apache.hadoop.ozone.protocolPB.OzoneManagerProtocolServerSideTranslatorPB.submitRequest(OzoneManagerProtocolServerSideTranslatorPB.java:147) [ozone-manager-1.3.0-SNAPSHOT.jar:?]
	at org.apache.hadoop.ozone.protocol.proto.OzoneManagerProtocolProtos$OzoneManagerService$2.callBlockingMethod(OzoneManagerProtocolProtos.java) [ozone-interface-client-1.3.0-SNAPSHOT.jar:?]
	at org.apache.hadoop.ipc.ProtobufRpcEngine$Server.processCall(ProtobufRpcEngine.java:466) [hadoop-common-3.3.1.jar:?]
	at org.apache.hadoop.ipc.ProtobufRpcEngine2$Server$ProtoBufRpcInvoker.call(ProtobufRpcEngine2.java:574) [hadoop-common-3.3.1.jar:?]
	at org.apache.hadoop.ipc.ProtobufRpcEngine2$Server$ProtoBufRpcInvoker.call(ProtobufRpcEngine2.java:552) [hadoop-common-3.3.1.jar:?]
	at org.apache.hadoop.ipc.RPC$Server.call(RPC.java:1093) [hadoop-common-3.3.1.jar:?]
	at org.apache.hadoop.ipc.Server$RpcCall.run(Server.java:1035) [hadoop-common-3.3.1.jar:?]
	at org.apache.hadoop.ipc.Server$RpcCall.run(Server.java:963) [hadoop-common-3.3.1.jar:?]
	at java.security.AccessController.doPrivileged(Native Method) ~[?:1.8.0_345]
	at javax.security.auth.Subject.doAs(Subject.java:422) [?:1.8.0_345]
	at org.apache.hadoop.security.UserGroupInformation.doAs(UserGroupInformation.java:1878) [hadoop-common-3.3.1.jar:?]
	at org.apache.hadoop.ipc.Server$Handler.run(Server.java:2966) [hadoop-common-3.3.1.jar:?]
2022-10-09 13:09:36,387 [Time-limited test] WARN  ozone.BasicOzoneFileSystem (BasicOzoneFileSystem.java:getFileStatus(765)) - GetFileStatus failed for path /testBatchDelete/parent/childFolder/child1
java.io.FileNotFoundException: testBatchDelete/parent/childFolder/child1: No such file or directory!
	at org.apache.hadoop.fs.ozone.BasicOzoneClientAdapterImpl.getFileStatus(BasicOzoneClientAdapterImpl.java:369)
	at org.apache.hadoop.fs.ozone.BasicOzoneFileSystem.getFileStatus(BasicOzoneFileSystem.java:757)
	at org.apache.hadoop.fs.FileSystem.exists(FileSystem.java:1760)
	at org.apache.hadoop.fs.ozone.BasicOzoneFileSystem.exists(BasicOzoneFileSystem.java:804)
	at org.apache.hadoop.fs.ozone.TestOzoneFileSystem.testFileDelete(TestOzoneFileSystem.java:539)
	at sun.reflect.NativeMethodAccessorImpl.invoke0(Native Method)
	at sun.reflect.NativeMethodAccessorImpl.invoke(NativeMethodAccessorImpl.java:62)
	at sun.reflect.DelegatingMethodAccessorImpl.invoke(DelegatingMethodAccessorImpl.java:43)
	at java.lang.reflect.Method.invoke(Method.java:498)
	at org.junit.runners.model.FrameworkMethod$1.runReflectiveCall(FrameworkMethod.java:59)
	at org.junit.internal.runners.model.ReflectiveCallable.run(ReflectiveCallable.java:12)
	at org.junit.runners.model.FrameworkMethod.invokeExplosively(FrameworkMethod.java:56)
	at org.junit.internal.runners.statements.InvokeMethod.evaluate(InvokeMethod.java:17)
	at org.junit.internal.runners.statements.RunAfters.evaluate(RunAfters.java:27)
	at org.junit.internal.runners.statements.FailOnTimeout$CallableStatement.call(FailOnTimeout.java:288)
	at org.junit.internal.runners.statements.FailOnTimeout$CallableStatement.call(FailOnTimeout.java:282)
	at java.util.concurrent.FutureTask.run(FutureTask.java:266)
	at java.lang.Thread.run(Thread.java:750)
13:09:36.387 [IPC Server handler 0 on default port 34869] ERROR OMAudit - user=runner | ip=127.0.0.1 | op=GET_FILE_STATUS {volume=volume25253, bucket=bucket90791, key=testBatchDelete/parent/child2, dataSize=0, replicationConfig=null} | ret=FAILURE
org.apache.hadoop.ozone.om.exceptions.OMException: Unable to get file status: volume: volume25253 bucket: bucket90791 key: testBatchDelete/parent/child2
	at org.apache.hadoop.ozone.om.KeyManagerImpl.getOzoneFileStatus(KeyManagerImpl.java:1270) ~[ozone-manager-1.3.0-SNAPSHOT.jar:?]
	at org.apache.hadoop.ozone.om.KeyManagerImpl.getFileStatus(KeyManagerImpl.java:1200) ~[ozone-manager-1.3.0-SNAPSHOT.jar:?]
	at org.apache.hadoop.ozone.om.OzoneManager.getFileStatus(OzoneManager.java:3507) ~[ozone-manager-1.3.0-SNAPSHOT.jar:?]
	at org.apache.hadoop.ozone.protocolPB.OzoneManagerRequestHandler.getOzoneFileStatus(OzoneManagerRequestHandler.java:882) ~[ozone-manager-1.3.0-SNAPSHOT.jar:?]
	at org.apache.hadoop.ozone.protocolPB.OzoneManagerRequestHandler.handleReadRequest(OzoneManagerRequestHandler.java:228) ~[ozone-manager-1.3.0-SNAPSHOT.jar:?]
	at org.apache.hadoop.ozone.protocolPB.OzoneManagerProtocolServerSideTranslatorPB.submitRequestDirectlyToOM(OzoneManagerProtocolServerSideTranslatorPB.java:276) ~[ozone-manager-1.3.0-SNAPSHOT.jar:?]
	at org.apache.hadoop.ozone.protocolPB.OzoneManagerProtocolServerSideTranslatorPB.processRequest(OzoneManagerProtocolServerSideTranslatorPB.java:205) ~[ozone-manager-1.3.0-SNAPSHOT.jar:?]
	at org.apache.hadoop.hdds.server.OzoneProtocolMessageDispatcher.processRequest(OzoneProtocolMessageDispatcher.java:87) [hdds-server-framework-1.3.0-SNAPSHOT.jar:?]
	at org.apache.hadoop.ozone.protocolPB.OzoneManagerProtocolServerSideTranslatorPB.submitRequest(OzoneManagerProtocolServerSideTranslatorPB.java:147) [ozone-manager-1.3.0-SNAPSHOT.jar:?]
	at org.apache.hadoop.ozone.protocol.proto.OzoneManagerProtocolProtos$OzoneManagerService$2.callBlockingMethod(OzoneManagerProtocolProtos.java) [ozone-interface-client-1.3.0-SNAPSHOT.jar:?]
	at org.apache.hadoop.ipc.ProtobufRpcEngine$Server.processCall(ProtobufRpcEngine.java:466) [hadoop-common-3.3.1.jar:?]
	at org.apache.hadoop.ipc.ProtobufRpcEngine2$Server$ProtoBufRpcInvoker.call(ProtobufRpcEngine2.java:574) [hadoop-common-3.3.1.jar:?]
	at org.apache.hadoop.ipc.ProtobufRpcEngine2$Server$ProtoBufRpcInvoker.call(ProtobufRpcEngine2.java:552) [hadoop-common-3.3.1.jar:?]
	at org.apache.hadoop.ipc.RPC$Server.call(RPC.java:1093) [hadoop-common-3.3.1.jar:?]
	at org.apache.hadoop.ipc.Server$RpcCall.run(Server.java:1035) [hadoop-common-3.3.1.jar:?]
	at org.apache.hadoop.ipc.Server$RpcCall.run(Server.java:963) [hadoop-common-3.3.1.jar:?]
	at java.security.AccessController.doPrivileged(Native Method) ~[?:1.8.0_345]
	at javax.security.auth.Subject.doAs(Subject.java:422) [?:1.8.0_345]
	at org.apache.hadoop.security.UserGroupInformation.doAs(UserGroupInformation.java:1878) [hadoop-common-3.3.1.jar:?]
	at org.apache.hadoop.ipc.Server$Handler.run(Server.java:2966) [hadoop-common-3.3.1.jar:?]
2022-10-09 13:09:36,387 [Time-limited test] WARN  ozone.BasicOzoneFileSystem (BasicOzoneFileSystem.java:getFileStatus(765)) - GetFileStatus failed for path /testBatchDelete/parent/child2
java.io.FileNotFoundException: testBatchDelete/parent/child2: No such file or directory!
	at org.apache.hadoop.fs.ozone.BasicOzoneClientAdapterImpl.getFileStatus(BasicOzoneClientAdapterImpl.java:369)
	at org.apache.hadoop.fs.ozone.BasicOzoneFileSystem.getFileStatus(BasicOzoneFileSystem.java:757)
	at org.apache.hadoop.fs.FileSystem.exists(FileSystem.java:1760)
	at org.apache.hadoop.fs.ozone.BasicOzoneFileSystem.exists(BasicOzoneFileSystem.java:804)
	at org.apache.hadoop.fs.ozone.TestOzoneFileSystem.testFileDelete(TestOzoneFileSystem.java:534)
	at sun.reflect.NativeMethodAccessorImpl.invoke0(Native Method)
	at sun.reflect.NativeMethodAccessorImpl.invoke(NativeMethodAccessorImpl.java:62)
	at sun.reflect.DelegatingMethodAccessorImpl.invoke(DelegatingMethodAccessorImpl.java:43)
	at java.lang.reflect.Method.invoke(Method.java:498)
	at org.junit.runners.model.FrameworkMethod$1.runReflectiveCall(FrameworkMethod.java:59)
	at org.junit.internal.runners.model.ReflectiveCallable.run(ReflectiveCallable.java:12)
	at org.junit.runners.model.FrameworkMethod.invokeExplosively(FrameworkMethod.java:56)
	at org.junit.internal.runners.statements.InvokeMethod.evaluate(InvokeMethod.java:17)
	at org.junit.internal.runners.statements.RunAfters.evaluate(RunAfters.java:27)
	at org.junit.internal.runners.statements.FailOnTimeout$CallableStatement.call(FailOnTimeout.java:288)
	at org.junit.internal.runners.statements.FailOnTimeout$CallableStatement.call(FailOnTimeout.java:282)
	at java.util.concurrent.FutureTask.run(FutureTask.java:266)
	at java.lang.Thread.run(Thread.java:750)
13:09:36.388 [IPC Server handler 6 on default port 34869] ERROR OMAudit - user=runner | ip=127.0.0.1 | op=GET_FILE_STATUS {volume=volume25253, bucket=bucket90791, key=testBatchDelete/parent/childFolder/child2, dataSize=0, replicationConfig=null} | ret=FAILURE
org.apache.hadoop.ozone.om.exceptions.OMException: Unable to get file status: volume: volume25253 bucket: bucket90791 key: testBatchDelete/parent/childFolder/child2
	at org.apache.hadoop.ozone.om.KeyManagerImpl.getOzoneFileStatus(KeyManagerImpl.java:1270) ~[ozone-manager-1.3.0-SNAPSHOT.jar:?]
	at org.apache.hadoop.ozone.om.KeyManagerImpl.getFileStatus(KeyManagerImpl.java:1200) ~[ozone-manager-1.3.0-SNAPSHOT.jar:?]
	at org.apache.hadoop.ozone.om.OzoneManager.getFileStatus(OzoneManager.java:3507) ~[ozone-manager-1.3.0-SNAPSHOT.jar:?]
	at org.apache.hadoop.ozone.protocolPB.OzoneManagerRequestHandler.getOzoneFileStatus(OzoneManagerRequestHandler.java:882) ~[ozone-manager-1.3.0-SNAPSHOT.jar:?]
	at org.apache.hadoop.ozone.protocolPB.OzoneManagerRequestHandler.handleReadRequest(OzoneManagerRequestHandler.java:228) ~[ozone-manager-1.3.0-SNAPSHOT.jar:?]
	at org.apache.hadoop.ozone.protocolPB.OzoneManagerProtocolServerSideTranslatorPB.submitRequestDirectlyToOM(OzoneManagerProtocolServerSideTranslatorPB.java:276) ~[ozone-manager-1.3.0-SNAPSHOT.jar:?]
	at org.apache.hadoop.ozone.protocolPB.OzoneManagerProtocolServerSideTranslatorPB.processRequest(OzoneManagerProtocolServerSideTranslatorPB.java:205) ~[ozone-manager-1.3.0-SNAPSHOT.jar:?]
	at org.apache.hadoop.hdds.server.OzoneProtocolMessageDispatcher.processRequest(OzoneProtocolMessageDispatcher.java:87) [hdds-server-framework-1.3.0-SNAPSHOT.jar:?]
	at org.apache.hadoop.ozone.protocolPB.OzoneManagerProtocolServerSideTranslatorPB.submitRequest(OzoneManagerProtocolServerSideTranslatorPB.java:147) [ozone-manager-1.3.0-SNAPSHOT.jar:?]
	at org.apache.hadoop.ozone.protocol.proto.OzoneManagerProtocolProtos$OzoneManagerService$2.callBlockingMethod(OzoneManagerProtocolProtos.java) [ozone-interface-client-1.3.0-SNAPSHOT.jar:?]
	at org.apache.hadoop.ipc.ProtobufRpcEngine$Server.processCall(ProtobufRpcEngine.java:466) [hadoop-common-3.3.1.jar:?]
	at org.apache.hadoop.ipc.ProtobufRpcEngine2$Server$ProtoBufRpcInvoker.call(ProtobufRpcEngine2.java:574) [hadoop-common-3.3.1.jar:?]
	at org.apache.hadoop.ipc.ProtobufRpcEngine2$Server$ProtoBufRpcInvoker.call(ProtobufRpcEngine2.java:552) [hadoop-common-3.3.1.jar:?]
	at org.apache.hadoop.ipc.RPC$Server.call(RPC.java:1093) [hadoop-common-3.3.1.jar:?]
	at org.apache.hadoop.ipc.Server$RpcCall.run(Server.java:1035) [hadoop-common-3.3.1.jar:?]
	at org.apache.hadoop.ipc.Server$RpcCall.run(Server.java:963) [hadoop-common-3.3.1.jar:?]
	at java.security.AccessController.doPrivileged(Native Method) ~[?:1.8.0_345]
	at javax.security.auth.Subject.doAs(Subject.java:422) [?:1.8.0_345]
	at org.apache.hadoop.security.UserGroupInformation.doAs(UserGroupInformation.java:1878) [hadoop-common-3.3.1.jar:?]
	at org.apache.hadoop.ipc.Server$Handler.run(Server.java:2966) [hadoop-common-3.3.1.jar:?]
2022-10-09 13:09:36,388 [Time-limited test] WARN  ozone.BasicOzoneFileSystem (BasicOzoneFileSystem.java:getFileStatus(765)) - GetFileStatus failed for path /testBatchDelete/parent/childFolder/child2
java.io.FileNotFoundException: testBatchDelete/parent/childFolder/child2: No such file or directory!
	at org.apache.hadoop.fs.ozone.BasicOzoneClientAdapterImpl.getFileStatus(BasicOzoneClientAdapterImpl.java:369)
	at org.apache.hadoop.fs.ozone.BasicOzoneFileSystem.getFileStatus(BasicOzoneFileSystem.java:757)
	at org.apache.hadoop.fs.FileSystem.exists(FileSystem.java:1760)
	at org.apache.hadoop.fs.ozone.BasicOzoneFileSystem.exists(BasicOzoneFileSystem.java:804)
	at org.apache.hadoop.fs.ozone.TestOzoneFileSystem.testFileDelete(TestOzoneFileSystem.java:539)
	at sun.reflect.NativeMethodAccessorImpl.invoke0(Native Method)
	at sun.reflect.NativeMethodAccessorImpl.invoke(NativeMethodAccessorImpl.java:62)
	at sun.reflect.DelegatingMethodAccessorImpl.invoke(DelegatingMethodAccessorImpl.java:43)
	at java.lang.reflect.Method.invoke(Method.java:498)
	at org.junit.runners.model.FrameworkMethod$1.runReflectiveCall(FrameworkMethod.java:59)
	at org.junit.internal.runners.model.ReflectiveCallable.run(ReflectiveCallable.java:12)
	at org.junit.runners.model.FrameworkMethod.invokeExplosively(FrameworkMethod.java:56)
	at org.junit.internal.runners.statements.InvokeMethod.evaluate(InvokeMethod.java:17)
	at org.junit.internal.runners.statements.RunAfters.evaluate(RunAfters.java:27)
	at org.junit.internal.runners.statements.FailOnTimeout$CallableStatement.call(FailOnTimeout.java:288)
	at org.junit.internal.runners.statements.FailOnTimeout$CallableStatement.call(FailOnTimeout.java:282)
	at java.util.concurrent.FutureTask.run(FutureTask.java:266)
	at java.lang.Thread.run(Thread.java:750)
13:09:36.388 [IPC Server handler 12 on default port 34869] ERROR OMAudit - user=runner | ip=127.0.0.1 | op=GET_FILE_STATUS {volume=volume25253, bucket=bucket90791, key=testBatchDelete/parent/child3, dataSize=0, replicationConfig=null} | ret=FAILURE
org.apache.hadoop.ozone.om.exceptions.OMException: Unable to get file status: volume: volume25253 bucket: bucket90791 key: testBatchDelete/parent/child3
	at org.apache.hadoop.ozone.om.KeyManagerImpl.getOzoneFileStatus(KeyManagerImpl.java:1270) ~[ozone-manager-1.3.0-SNAPSHOT.jar:?]
	at org.apache.hadoop.ozone.om.KeyManagerImpl.getFileStatus(KeyManagerImpl.java:1200) ~[ozone-manager-1.3.0-SNAPSHOT.jar:?]
	at org.apache.hadoop.ozone.om.OzoneManager.getFileStatus(OzoneManager.java:3507) ~[ozone-manager-1.3.0-SNAPSHOT.jar:?]
	at org.apache.hadoop.ozone.protocolPB.OzoneManagerRequestHandler.getOzoneFileStatus(OzoneManagerRequestHandler.java:882) ~[ozone-manager-1.3.0-SNAPSHOT.jar:?]
	at org.apache.hadoop.ozone.protocolPB.OzoneManagerRequestHandler.handleReadRequest(OzoneManagerRequestHandler.java:228) ~[ozone-manager-1.3.0-SNAPSHOT.jar:?]
	at org.apache.hadoop.ozone.protocolPB.OzoneManagerProtocolServerSideTranslatorPB.submitRequestDirectlyToOM(OzoneManagerProtocolServerSideTranslatorPB.java:276) ~[ozone-manager-1.3.0-SNAPSHOT.jar:?]
	at org.apache.hadoop.ozone.protocolPB.OzoneManagerProtocolServerSideTranslatorPB.processRequest(OzoneManagerProtocolServerSideTranslatorPB.java:205) ~[ozone-manager-1.3.0-SNAPSHOT.jar:?]
	at org.apache.hadoop.hdds.server.OzoneProtocolMessageDispatcher.processRequest(OzoneProtocolMessageDispatcher.java:87) [hdds-server-framework-1.3.0-SNAPSHOT.jar:?]
	at org.apache.hadoop.ozone.protocolPB.OzoneManagerProtocolServerSideTranslatorPB.submitRequest(OzoneManagerProtocolServerSideTranslatorPB.java:147) [ozone-manager-1.3.0-SNAPSHOT.jar:?]
	at org.apache.hadoop.ozone.protocol.proto.OzoneManagerProtocolProtos$OzoneManagerService$2.callBlockingMethod(OzoneManagerProtocolProtos.java) [ozone-interface-client-1.3.0-SNAPSHOT.jar:?]
	at org.apache.hadoop.ipc.ProtobufRpcEngine$Server.processCall(ProtobufRpcEngine.java:466) [hadoop-common-3.3.1.jar:?]
	at org.apache.hadoop.ipc.ProtobufRpcEngine2$Server$ProtoBufRpcInvoker.call(ProtobufRpcEngine2.java:574) [hadoop-common-3.3.1.jar:?]
	at org.apache.hadoop.ipc.ProtobufRpcEngine2$Server$ProtoBufRpcInvoker.call(ProtobufRpcEngine2.java:552) [hadoop-common-3.3.1.jar:?]
	at org.apache.hadoop.ipc.RPC$Server.call(RPC.java:1093) [hadoop-common-3.3.1.jar:?]
	at org.apache.hadoop.ipc.Server$RpcCall.run(Server.java:1035) [hadoop-common-3.3.1.jar:?]
	at org.apache.hadoop.ipc.Server$RpcCall.run(Server.java:963) [hadoop-common-3.3.1.jar:?]
	at java.security.AccessController.doPrivileged(Native Method) ~[?:1.8.0_345]
	at javax.security.auth.Subject.doAs(Subject.java:422) [?:1.8.0_345]
	at org.apache.hadoop.security.UserGroupInformation.doAs(UserGroupInformation.java:1878) [hadoop-common-3.3.1.jar:?]
	at org.apache.hadoop.ipc.Server$Handler.run(Server.java:2966) [hadoop-common-3.3.1.jar:?]
2022-10-09 13:09:36,389 [Time-limited test] WARN  ozone.BasicOzoneFileSystem (BasicOzoneFileSystem.java:getFileStatus(765)) - GetFileStatus failed for path /testBatchDelete/parent/child3
java.io.FileNotFoundException: testBatchDelete/parent/child3: No such file or directory!
	at org.apache.hadoop.fs.ozone.BasicOzoneClientAdapterImpl.getFileStatus(BasicOzoneClientAdapterImpl.java:369)
	at org.apache.hadoop.fs.ozone.BasicOzoneFileSystem.getFileStatus(BasicOzoneFileSystem.java:757)
	at org.apache.hadoop.fs.FileSystem.exists(FileSystem.java:1760)
	at org.apache.hadoop.fs.ozone.BasicOzoneFileSystem.exists(BasicOzoneFileSystem.java:804)
	at org.apache.hadoop.fs.ozone.TestOzoneFileSystem.testFileDelete(TestOzoneFileSystem.java:534)
	at sun.reflect.NativeMethodAccessorImpl.invoke0(Native Method)
	at sun.reflect.NativeMethodAccessorImpl.invoke(NativeMethodAccessorImpl.java:62)
	at sun.reflect.DelegatingMethodAccessorImpl.invoke(DelegatingMethodAccessorImpl.java:43)
	at java.lang.reflect.Method.invoke(Method.java:498)
	at org.junit.runners.model.FrameworkMethod$1.runReflectiveCall(FrameworkMethod.java:59)
	at org.junit.internal.runners.model.ReflectiveCallable.run(ReflectiveCallable.java:12)
	at org.junit.runners.model.FrameworkMethod.invokeExplosively(FrameworkMethod.java:56)
	at org.junit.internal.runners.statements.InvokeMethod.evaluate(InvokeMethod.java:17)
	at org.junit.internal.runners.statements.RunAfters.evaluate(RunAfters.java:27)
	at org.junit.internal.runners.statements.FailOnTimeout$CallableStatement.call(FailOnTimeout.java:288)
	at org.junit.internal.runners.statements.FailOnTimeout$CallableStatement.call(FailOnTimeout.java:282)
	at java.util.concurrent.FutureTask.run(FutureTask.java:266)
	at java.lang.Thread.run(Thread.java:750)
13:09:36.389 [IPC Server handler 10 on default port 34869] ERROR OMAudit - user=runner | ip=127.0.0.1 | op=GET_FILE_STATUS {volume=volume25253, bucket=bucket90791, key=testBatchDelete/parent/childFolder/child3, dataSize=0, replicationConfig=null} | ret=FAILURE
org.apache.hadoop.ozone.om.exceptions.OMException: Unable to get file status: volume: volume25253 bucket: bucket90791 key: testBatchDelete/parent/childFolder/child3
	at org.apache.hadoop.ozone.om.KeyManagerImpl.getOzoneFileStatus(KeyManagerImpl.java:1270) ~[ozone-manager-1.3.0-SNAPSHOT.jar:?]
	at org.apache.hadoop.ozone.om.KeyManagerImpl.getFileStatus(KeyManagerImpl.java:1200) ~[ozone-manager-1.3.0-SNAPSHOT.jar:?]
	at org.apache.hadoop.ozone.om.OzoneManager.getFileStatus(OzoneManager.java:3507) ~[ozone-manager-1.3.0-SNAPSHOT.jar:?]
	at org.apache.hadoop.ozone.protocolPB.OzoneManagerRequestHandler.getOzoneFileStatus(OzoneManagerRequestHandler.java:882) ~[ozone-manager-1.3.0-SNAPSHOT.jar:?]
	at org.apache.hadoop.ozone.protocolPB.OzoneManagerRequestHandler.handleReadRequest(OzoneManagerRequestHandler.java:228) ~[ozone-manager-1.3.0-SNAPSHOT.jar:?]
	at org.apache.hadoop.ozone.protocolPB.OzoneManagerProtocolServerSideTranslatorPB.submitRequestDirectlyToOM(OzoneManagerProtocolServerSideTranslatorPB.java:276) ~[ozone-manager-1.3.0-SNAPSHOT.jar:?]
	at org.apache.hadoop.ozone.protocolPB.OzoneManagerProtocolServerSideTranslatorPB.processRequest(OzoneManagerProtocolServerSideTranslatorPB.java:205) ~[ozone-manager-1.3.0-SNAPSHOT.jar:?]
	at org.apache.hadoop.hdds.server.OzoneProtocolMessageDispatcher.processRequest(OzoneProtocolMessageDispatcher.java:87) [hdds-server-framework-1.3.0-SNAPSHOT.jar:?]
	at org.apache.hadoop.ozone.protocolPB.OzoneManagerProtocolServerSideTranslatorPB.submitRequest(OzoneManagerProtocolServerSideTranslatorPB.java:147) [ozone-manager-1.3.0-SNAPSHOT.jar:?]
	at org.apache.hadoop.ozone.protocol.proto.OzoneManagerProtocolProtos$OzoneManagerService$2.callBlockingMethod(OzoneManagerProtocolProtos.java) [ozone-interface-client-1.3.0-SNAPSHOT.jar:?]
	at org.apache.hadoop.ipc.ProtobufRpcEngine$Server.processCall(ProtobufRpcEngine.java:466) [hadoop-common-3.3.1.jar:?]
	at org.apache.hadoop.ipc.ProtobufRpcEngine2$Server$ProtoBufRpcInvoker.call(ProtobufRpcEngine2.java:574) [hadoop-common-3.3.1.jar:?]
	at org.apache.hadoop.ipc.ProtobufRpcEngine2$Server$ProtoBufRpcInvoker.call(ProtobufRpcEngine2.java:552) [hadoop-common-3.3.1.jar:?]
	at org.apache.hadoop.ipc.RPC$Server.call(RPC.java:1093) [hadoop-common-3.3.1.jar:?]
	at org.apache.hadoop.ipc.Server$RpcCall.run(Server.java:1035) [hadoop-common-3.3.1.jar:?]
	at org.apache.hadoop.ipc.Server$RpcCall.run(Server.java:963) [hadoop-common-3.3.1.jar:?]
	at java.security.AccessController.doPrivileged(Native Method) ~[?:1.8.0_345]
	at javax.security.auth.Subject.doAs(Subject.java:422) [?:1.8.0_345]
	at org.apache.hadoop.security.UserGroupInformation.doAs(UserGroupInformation.java:1878) [hadoop-common-3.3.1.jar:?]
	at org.apache.hadoop.ipc.Server$Handler.run(Server.java:2966) [hadoop-common-3.3.1.jar:?]
2022-10-09 13:09:36,389 [Time-limited test] WARN  ozone.BasicOzoneFileSystem (BasicOzoneFileSystem.java:getFileStatus(765)) - GetFileStatus failed for path /testBatchDelete/parent/childFolder/child3
java.io.FileNotFoundException: testBatchDelete/parent/childFolder/child3: No such file or directory!
	at org.apache.hadoop.fs.ozone.BasicOzoneClientAdapterImpl.getFileStatus(BasicOzoneClientAdapterImpl.java:369)
	at org.apache.hadoop.fs.ozone.BasicOzoneFileSystem.getFileStatus(BasicOzoneFileSystem.java:757)
	at org.apache.hadoop.fs.FileSystem.exists(FileSystem.java:1760)
	at org.apache.hadoop.fs.ozone.BasicOzoneFileSystem.exists(BasicOzoneFileSystem.java:804)
	at org.apache.hadoop.fs.ozone.TestOzoneFileSystem.testFileDelete(TestOzoneFileSystem.java:539)
	at sun.reflect.NativeMethodAccessorImpl.invoke0(Native Method)
	at sun.reflect.NativeMethodAccessorImpl.invoke(NativeMethodAccessorImpl.java:62)
	at sun.reflect.DelegatingMethodAccessorImpl.invoke(DelegatingMethodAccessorImpl.java:43)
	at java.lang.reflect.Method.invoke(Method.java:498)
	at org.junit.runners.model.FrameworkMethod$1.runReflectiveCall(FrameworkMethod.java:59)
	at org.junit.internal.runners.model.ReflectiveCallable.run(ReflectiveCallable.java:12)
	at org.junit.runners.model.FrameworkMethod.invokeExplosively(FrameworkMethod.java:56)
	at org.junit.internal.runners.statements.InvokeMethod.evaluate(InvokeMethod.java:17)
	at org.junit.internal.runners.statements.RunAfters.evaluate(RunAfters.java:27)
	at org.junit.internal.runners.statements.FailOnTimeout$CallableStatement.call(FailOnTimeout.java:288)
	at org.junit.internal.runners.statements.FailOnTimeout$CallableStatement.call(FailOnTimeout.java:282)
	at java.util.concurrent.FutureTask.run(FutureTask.java:266)
	at java.lang.Thread.run(Thread.java:750)
13:09:36.392 [IPC Server handler 7 on default port 34869] ERROR OMAudit - user=runner | ip=127.0.0.1 | op=GET_FILE_STATUS {volume=volume25253, bucket=bucket90791, key=testBatchDelete/parent/child4, dataSize=0, replicationConfig=null} | ret=FAILURE
org.apache.hadoop.ozone.om.exceptions.OMException: Unable to get file status: volume: volume25253 bucket: bucket90791 key: testBatchDelete/parent/child4
	at org.apache.hadoop.ozone.om.KeyManagerImpl.getOzoneFileStatus(KeyManagerImpl.java:1270) ~[ozone-manager-1.3.0-SNAPSHOT.jar:?]
	at org.apache.hadoop.ozone.om.KeyManagerImpl.getFileStatus(KeyManagerImpl.java:1200) ~[ozone-manager-1.3.0-SNAPSHOT.jar:?]
	at org.apache.hadoop.ozone.om.OzoneManager.getFileStatus(OzoneManager.java:3507) ~[ozone-manager-1.3.0-SNAPSHOT.jar:?]
	at org.apache.hadoop.ozone.protocolPB.OzoneManagerRequestHandler.getOzoneFileStatus(OzoneManagerRequestHandler.java:882) ~[ozone-manager-1.3.0-SNAPSHOT.jar:?]
	at org.apache.hadoop.ozone.protocolPB.OzoneManagerRequestHandler.handleReadRequest(OzoneManagerRequestHandler.java:228) ~[ozone-manager-1.3.0-SNAPSHOT.jar:?]
	at org.apache.hadoop.ozone.protocolPB.OzoneManagerProtocolServerSideTranslatorPB.submitRequestDirectlyToOM(OzoneManagerProtocolServerSideTranslatorPB.java:276) ~[ozone-manager-1.3.0-SNAPSHOT.jar:?]
	at org.apache.hadoop.ozone.protocolPB.OzoneManagerProtocolServerSideTranslatorPB.processRequest(OzoneManagerProtocolServerSideTranslatorPB.java:205) ~[ozone-manager-1.3.0-SNAPSHOT.jar:?]
	at org.apache.hadoop.hdds.server.OzoneProtocolMessageDispatcher.processRequest(OzoneProtocolMessageDispatcher.java:87) [hdds-server-framework-1.3.0-SNAPSHOT.jar:?]
	at org.apache.hadoop.ozone.protocolPB.OzoneManagerProtocolServerSideTranslatorPB.submitRequest(OzoneManagerProtocolServerSideTranslatorPB.java:147) [ozone-manager-1.3.0-SNAPSHOT.jar:?]
	at org.apache.hadoop.ozone.protocol.proto.OzoneManagerProtocolProtos$OzoneManagerService$2.callBlockingMethod(OzoneManagerProtocolProtos.java) [ozone-interface-client-1.3.0-SNAPSHOT.jar:?]
	at org.apache.hadoop.ipc.ProtobufRpcEngine$Server.processCall(ProtobufRpcEngine.java:466) [hadoop-common-3.3.1.jar:?]
	at org.apache.hadoop.ipc.ProtobufRpcEngine2$Server$ProtoBufRpcInvoker.call(ProtobufRpcEngine2.java:574) [hadoop-common-3.3.1.jar:?]
	at org.apache.hadoop.ipc.ProtobufRpcEngine2$Server$ProtoBufRpcInvoker.call(ProtobufRpcEngine2.java:552) [hadoop-common-3.3.1.jar:?]
	at org.apache.hadoop.ipc.RPC$Server.call(RPC.java:1093) [hadoop-common-3.3.1.jar:?]
	at org.apache.hadoop.ipc.Server$RpcCall.run(Server.java:1035) [hadoop-common-3.3.1.jar:?]
	at org.apache.hadoop.ipc.Server$RpcCall.run(Server.java:963) [hadoop-common-3.3.1.jar:?]
	at java.security.AccessController.doPrivileged(Native Method) ~[?:1.8.0_345]
	at javax.security.auth.Subject.doAs(Subject.java:422) [?:1.8.0_345]
	at org.apache.hadoop.security.UserGroupInformation.doAs(UserGroupInformation.java:1878) [hadoop-common-3.3.1.jar:?]
	at org.apache.hadoop.ipc.Server$Handler.run(Server.java:2966) [hadoop-common-3.3.1.jar:?]
2022-10-09 13:09:36,392 [Time-limited test] WARN  ozone.BasicOzoneFileSystem (BasicOzoneFileSystem.java:getFileStatus(765)) - GetFileStatus failed for path /testBatchDelete/parent/child4
java.io.FileNotFoundException: testBatchDelete/parent/child4: No such file or directory!
	at org.apache.hadoop.fs.ozone.BasicOzoneClientAdapterImpl.getFileStatus(BasicOzoneClientAdapterImpl.java:369)
	at org.apache.hadoop.fs.ozone.BasicOzoneFileSystem.getFileStatus(BasicOzoneFileSystem.java:757)
	at org.apache.hadoop.fs.FileSystem.exists(FileSystem.java:1760)
	at org.apache.hadoop.fs.ozone.BasicOzoneFileSystem.exists(BasicOzoneFileSystem.java:804)
	at org.apache.hadoop.fs.ozone.TestOzoneFileSystem.testFileDelete(TestOzoneFileSystem.java:534)
	at sun.reflect.NativeMethodAccessorImpl.invoke0(Native Method)
	at sun.reflect.NativeMethodAccessorImpl.invoke(NativeMethodAccessorImpl.java:62)
	at sun.reflect.DelegatingMethodAccessorImpl.invoke(DelegatingMethodAccessorImpl.java:43)
	at java.lang.reflect.Method.invoke(Method.java:498)
	at org.junit.runners.model.FrameworkMethod$1.runReflectiveCall(FrameworkMethod.java:59)
	at org.junit.internal.runners.model.ReflectiveCallable.run(ReflectiveCallable.java:12)
	at org.junit.runners.model.FrameworkMethod.invokeExplosively(FrameworkMethod.java:56)
	at org.junit.internal.runners.statements.InvokeMethod.evaluate(InvokeMethod.java:17)
	at org.junit.internal.runners.statements.RunAfters.evaluate(RunAfters.java:27)
	at org.junit.internal.runners.statements.FailOnTimeout$CallableStatement.call(FailOnTimeout.java:288)
	at org.junit.internal.runners.statements.FailOnTimeout$CallableStatement.call(FailOnTimeout.java:282)
	at java.util.concurrent.FutureTask.run(FutureTask.java:266)
	at java.lang.Thread.run(Thread.java:750)
13:09:36.392 [IPC Server handler 11 on default port 34869] ERROR OMAudit - user=runner | ip=127.0.0.1 | op=GET_FILE_STATUS {volume=volume25253, bucket=bucket90791, key=testBatchDelete/parent/childFolder/child4, dataSize=0, replicationConfig=null} | ret=FAILURE
org.apache.hadoop.ozone.om.exceptions.OMException: Unable to get file status: volume: volume25253 bucket: bucket90791 key: testBatchDelete/parent/childFolder/child4
	at org.apache.hadoop.ozone.om.KeyManagerImpl.getOzoneFileStatus(KeyManagerImpl.java:1270) ~[ozone-manager-1.3.0-SNAPSHOT.jar:?]
	at org.apache.hadoop.ozone.om.KeyManagerImpl.getFileStatus(KeyManagerImpl.java:1200) ~[ozone-manager-1.3.0-SNAPSHOT.jar:?]
	at org.apache.hadoop.ozone.om.OzoneManager.getFileStatus(OzoneManager.java:3507) ~[ozone-manager-1.3.0-SNAPSHOT.jar:?]
	at org.apache.hadoop.ozone.protocolPB.OzoneManagerRequestHandler.getOzoneFileStatus(OzoneManagerRequestHandler.java:882) ~[ozone-manager-1.3.0-SNAPSHOT.jar:?]
	at org.apache.hadoop.ozone.protocolPB.OzoneManagerRequestHandler.handleReadRequest(OzoneManagerRequestHandler.java:228) ~[ozone-manager-1.3.0-SNAPSHOT.jar:?]
	at org.apache.hadoop.ozone.protocolPB.OzoneManagerProtocolServerSideTranslatorPB.submitRequestDirectlyToOM(OzoneManagerProtocolServerSideTranslatorPB.java:276) ~[ozone-manager-1.3.0-SNAPSHOT.jar:?]
	at org.apache.hadoop.ozone.protocolPB.OzoneManagerProtocolServerSideTranslatorPB.processRequest(OzoneManagerProtocolServerSideTranslatorPB.java:205) ~[ozone-manager-1.3.0-SNAPSHOT.jar:?]
	at org.apache.hadoop.hdds.server.OzoneProtocolMessageDispatcher.processRequest(OzoneProtocolMessageDispatcher.java:87) [hdds-server-framework-1.3.0-SNAPSHOT.jar:?]
	at org.apache.hadoop.ozone.protocolPB.OzoneManagerProtocolServerSideTranslatorPB.submitRequest(OzoneManagerProtocolServerSideTranslatorPB.java:147) [ozone-manager-1.3.0-SNAPSHOT.jar:?]
	at org.apache.hadoop.ozone.protocol.proto.OzoneManagerProtocolProtos$OzoneManagerService$2.callBlockingMethod(OzoneManagerProtocolProtos.java) [ozone-interface-client-1.3.0-SNAPSHOT.jar:?]
	at org.apache.hadoop.ipc.ProtobufRpcEngine$Server.processCall(ProtobufRpcEngine.java:466) [hadoop-common-3.3.1.jar:?]
	at org.apache.hadoop.ipc.ProtobufRpcEngine2$Server$ProtoBufRpcInvoker.call(ProtobufRpcEngine2.java:574) [hadoop-common-3.3.1.jar:?]
	at org.apache.hadoop.ipc.ProtobufRpcEngine2$Server$ProtoBufRpcInvoker.call(ProtobufRpcEngine2.java:552) [hadoop-common-3.3.1.jar:?]
	at org.apache.hadoop.ipc.RPC$Server.call(RPC.java:1093) [hadoop-common-3.3.1.jar:?]
	at org.apache.hadoop.ipc.Server$RpcCall.run(Server.java:1035) [hadoop-common-3.3.1.jar:?]
	at org.apache.hadoop.ipc.Server$RpcCall.run(Server.java:963) [hadoop-common-3.3.1.jar:?]
	at java.security.AccessController.doPrivileged(Native Method) ~[?:1.8.0_345]
	at javax.security.auth.Subject.doAs(Subject.java:422) [?:1.8.0_345]
	at org.apache.hadoop.security.UserGroupInformation.doAs(UserGroupInformation.java:1878) [hadoop-common-3.3.1.jar:?]
	at org.apache.hadoop.ipc.Server$Handler.run(Server.java:2966) [hadoop-common-3.3.1.jar:?]
2022-10-09 13:09:36,394 [Time-limited test] WARN  ozone.BasicOzoneFileSystem (BasicOzoneFileSystem.java:getFileStatus(765)) - GetFileStatus failed for path /testBatchDelete/parent/childFolder/child4
java.io.FileNotFoundException: testBatchDelete/parent/childFolder/child4: No such file or directory!
	at org.apache.hadoop.fs.ozone.BasicOzoneClientAdapterImpl.getFileStatus(BasicOzoneClientAdapterImpl.java:369)
	at org.apache.hadoop.fs.ozone.BasicOzoneFileSystem.getFileStatus(BasicOzoneFileSystem.java:757)
	at org.apache.hadoop.fs.FileSystem.exists(FileSystem.java:1760)
	at org.apache.hadoop.fs.ozone.BasicOzoneFileSystem.exists(BasicOzoneFileSystem.java:804)
	at org.apache.hadoop.fs.ozone.TestOzoneFileSystem.testFileDelete(TestOzoneFileSystem.java:539)
	at sun.reflect.NativeMethodAccessorImpl.invoke0(Native Method)
	at sun.reflect.NativeMethodAccessorImpl.invoke(NativeMethodAccessorImpl.java:62)
	at sun.reflect.DelegatingMethodAccessorImpl.invoke(DelegatingMethodAccessorImpl.java:43)
	at java.lang.reflect.Method.invoke(Method.java:498)
	at org.junit.runners.model.FrameworkMethod$1.runReflectiveCall(FrameworkMethod.java:59)
	at org.junit.internal.runners.model.ReflectiveCallable.run(ReflectiveCallable.java:12)
	at org.junit.runners.model.FrameworkMethod.invokeExplosively(FrameworkMethod.java:56)
	at org.junit.internal.runners.statements.InvokeMethod.evaluate(InvokeMethod.java:17)
	at org.junit.internal.runners.statements.RunAfters.evaluate(RunAfters.java:27)
	at org.junit.internal.runners.statements.FailOnTimeout$CallableStatement.call(FailOnTimeout.java:288)
	at org.junit.internal.runners.statements.FailOnTimeout$CallableStatement.call(FailOnTimeout.java:282)
	at java.util.concurrent.FutureTask.run(FutureTask.java:266)
	at java.lang.Thread.run(Thread.java:750)
13:09:36.394 [IPC Server handler 13 on default port 34869] ERROR OMAudit - user=runner | ip=127.0.0.1 | op=GET_FILE_STATUS {volume=volume25253, bucket=bucket90791, key=testBatchDelete/parent/child5, dataSize=0, replicationConfig=null} | ret=FAILURE
org.apache.hadoop.ozone.om.exceptions.OMException: Unable to get file status: volume: volume25253 bucket: bucket90791 key: testBatchDelete/parent/child5
	at org.apache.hadoop.ozone.om.KeyManagerImpl.getOzoneFileStatus(KeyManagerImpl.java:1270) ~[ozone-manager-1.3.0-SNAPSHOT.jar:?]
	at org.apache.hadoop.ozone.om.KeyManagerImpl.getFileStatus(KeyManagerImpl.java:1200) ~[ozone-manager-1.3.0-SNAPSHOT.jar:?]
	at org.apache.hadoop.ozone.om.OzoneManager.getFileStatus(OzoneManager.java:3507) ~[ozone-manager-1.3.0-SNAPSHOT.jar:?]
	at org.apache.hadoop.ozone.protocolPB.OzoneManagerRequestHandler.getOzoneFileStatus(OzoneManagerRequestHandler.java:882) ~[ozone-manager-1.3.0-SNAPSHOT.jar:?]
	at org.apache.hadoop.ozone.protocolPB.OzoneManagerRequestHandler.handleReadRequest(OzoneManagerRequestHandler.java:228) ~[ozone-manager-1.3.0-SNAPSHOT.jar:?]
	at org.apache.hadoop.ozone.protocolPB.OzoneManagerProtocolServerSideTranslatorPB.submitRequestDirectlyToOM(OzoneManagerProtocolServerSideTranslatorPB.java:276) ~[ozone-manager-1.3.0-SNAPSHOT.jar:?]
	at org.apache.hadoop.ozone.protocolPB.OzoneManagerProtocolServerSideTranslatorPB.processRequest(OzoneManagerProtocolServerSideTranslatorPB.java:205) ~[ozone-manager-1.3.0-SNAPSHOT.jar:?]
	at org.apache.hadoop.hdds.server.OzoneProtocolMessageDispatcher.processRequest(OzoneProtocolMessageDispatcher.java:87) [hdds-server-framework-1.3.0-SNAPSHOT.jar:?]
	at org.apache.hadoop.ozone.protocolPB.OzoneManagerProtocolServerSideTranslatorPB.submitRequest(OzoneManagerProtocolServerSideTranslatorPB.java:147) [ozone-manager-1.3.0-SNAPSHOT.jar:?]
	at org.apache.hadoop.ozone.protocol.proto.OzoneManagerProtocolProtos$OzoneManagerService$2.callBlockingMethod(OzoneManagerProtocolProtos.java) [ozone-interface-client-1.3.0-SNAPSHOT.jar:?]
	at org.apache.hadoop.ipc.ProtobufRpcEngine$Server.processCall(ProtobufRpcEngine.java:466) [hadoop-common-3.3.1.jar:?]
	at org.apache.hadoop.ipc.ProtobufRpcEngine2$Server$ProtoBufRpcInvoker.call(ProtobufRpcEngine2.java:574) [hadoop-common-3.3.1.jar:?]
	at org.apache.hadoop.ipc.ProtobufRpcEngine2$Server$ProtoBufRpcInvoker.call(ProtobufRpcEngine2.java:552) [hadoop-common-3.3.1.jar:?]
	at org.apache.hadoop.ipc.RPC$Server.call(RPC.java:1093) [hadoop-common-3.3.1.jar:?]
	at org.apache.hadoop.ipc.Server$RpcCall.run(Server.java:1035) [hadoop-common-3.3.1.jar:?]
	at org.apache.hadoop.ipc.Server$RpcCall.run(Server.java:963) [hadoop-common-3.3.1.jar:?]
	at java.security.AccessController.doPrivileged(Native Method) ~[?:1.8.0_345]
	at javax.security.auth.Subject.doAs(Subject.java:422) [?:1.8.0_345]
	at org.apache.hadoop.security.UserGroupInformation.doAs(UserGroupInformation.java:1878) [hadoop-common-3.3.1.jar:?]
	at org.apache.hadoop.ipc.Server$Handler.run(Server.java:2966) [hadoop-common-3.3.1.jar:?]
2022-10-09 13:09:36,395 [Time-limited test] WARN  ozone.BasicOzoneFileSystem (BasicOzoneFileSystem.java:getFileStatus(765)) - GetFileStatus failed for path /testBatchDelete/parent/child5
java.io.FileNotFoundException: testBatchDelete/parent/child5: No such file or directory!
	at org.apache.hadoop.fs.ozone.BasicOzoneClientAdapterImpl.getFileStatus(BasicOzoneClientAdapterImpl.java:369)
	at org.apache.hadoop.fs.ozone.BasicOzoneFileSystem.getFileStatus(BasicOzoneFileSystem.java:757)
	at org.apache.hadoop.fs.FileSystem.exists(FileSystem.java:1760)
	at org.apache.hadoop.fs.ozone.BasicOzoneFileSystem.exists(BasicOzoneFileSystem.java:804)
	at org.apache.hadoop.fs.ozone.TestOzoneFileSystem.testFileDelete(TestOzoneFileSystem.java:534)
	at sun.reflect.NativeMethodAccessorImpl.invoke0(Native Method)
	at sun.reflect.NativeMethodAccessorImpl.invoke(NativeMethodAccessorImpl.java:62)
	at sun.reflect.DelegatingMethodAccessorImpl.invoke(DelegatingMethodAccessorImpl.java:43)
	at java.lang.reflect.Method.invoke(Method.java:498)
	at org.junit.runners.model.FrameworkMethod$1.runReflectiveCall(FrameworkMethod.java:59)
	at org.junit.internal.runners.model.ReflectiveCallable.run(ReflectiveCallable.java:12)
	at org.junit.runners.model.FrameworkMethod.invokeExplosively(FrameworkMethod.java:56)
	at org.junit.internal.runners.statements.InvokeMethod.evaluate(InvokeMethod.java:17)
	at org.junit.internal.runners.statements.RunAfters.evaluate(RunAfters.java:27)
	at org.junit.internal.runners.statements.FailOnTimeout$CallableStatement.call(FailOnTimeout.java:288)
	at org.junit.internal.runners.statements.FailOnTimeout$CallableStatement.call(FailOnTimeout.java:282)
	at java.util.concurrent.FutureTask.run(FutureTask.java:266)
	at java.lang.Thread.run(Thread.java:750)
13:09:36.395 [IPC Server handler 19 on default port 34869] ERROR OMAudit - user=runner | ip=127.0.0.1 | op=GET_FILE_STATUS {volume=volume25253, bucket=bucket90791, key=testBatchDelete/parent/childFolder/child5, dataSize=0, replicationConfig=null} | ret=FAILURE
org.apache.hadoop.ozone.om.exceptions.OMException: Unable to get file status: volume: volume25253 bucket: bucket90791 key: testBatchDelete/parent/childFolder/child5
	at org.apache.hadoop.ozone.om.KeyManagerImpl.getOzoneFileStatus(KeyManagerImpl.java:1270) ~[ozone-manager-1.3.0-SNAPSHOT.jar:?]
	at org.apache.hadoop.ozone.om.KeyManagerImpl.getFileStatus(KeyManagerImpl.java:1200) ~[ozone-manager-1.3.0-SNAPSHOT.jar:?]
	at org.apache.hadoop.ozone.om.OzoneManager.getFileStatus(OzoneManager.java:3507) ~[ozone-manager-1.3.0-SNAPSHOT.jar:?]
	at org.apache.hadoop.ozone.protocolPB.OzoneManagerRequestHandler.getOzoneFileStatus(OzoneManagerRequestHandler.java:882) ~[ozone-manager-1.3.0-SNAPSHOT.jar:?]
	at org.apache.hadoop.ozone.protocolPB.OzoneManagerRequestHandler.handleReadRequest(OzoneManagerRequestHandler.java:228) ~[ozone-manager-1.3.0-SNAPSHOT.jar:?]
	at org.apache.hadoop.ozone.protocolPB.OzoneManagerProtocolServerSideTranslatorPB.submitRequestDirectlyToOM(OzoneManagerProtocolServerSideTranslatorPB.java:276) ~[ozone-manager-1.3.0-SNAPSHOT.jar:?]
	at org.apache.hadoop.ozone.protocolPB.OzoneManagerProtocolServerSideTranslatorPB.processRequest(OzoneManagerProtocolServerSideTranslatorPB.java:205) ~[ozone-manager-1.3.0-SNAPSHOT.jar:?]
	at org.apache.hadoop.hdds.server.OzoneProtocolMessageDispatcher.processRequest(OzoneProtocolMessageDispatcher.java:87) [hdds-server-framework-1.3.0-SNAPSHOT.jar:?]
	at org.apache.hadoop.ozone.protocolPB.OzoneManagerProtocolServerSideTranslatorPB.submitRequest(OzoneManagerProtocolServerSideTranslatorPB.java:147) [ozone-manager-1.3.0-SNAPSHOT.jar:?]
	at org.apache.hadoop.ozone.protocol.proto.OzoneManagerProtocolProtos$OzoneManagerService$2.callBlockingMethod(OzoneManagerProtocolProtos.java) [ozone-interface-client-1.3.0-SNAPSHOT.jar:?]
	at org.apache.hadoop.ipc.ProtobufRpcEngine$Server.processCall(ProtobufRpcEngine.java:466) [hadoop-common-3.3.1.jar:?]
	at org.apache.hadoop.ipc.ProtobufRpcEngine2$Server$ProtoBufRpcInvoker.call(ProtobufRpcEngine2.java:574) [hadoop-common-3.3.1.jar:?]
	at org.apache.hadoop.ipc.ProtobufRpcEngine2$Server$ProtoBufRpcInvoker.call(ProtobufRpcEngine2.java:552) [hadoop-common-3.3.1.jar:?]
	at org.apache.hadoop.ipc.RPC$Server.call(RPC.java:1093) [hadoop-common-3.3.1.jar:?]
	at org.apache.hadoop.ipc.Server$RpcCall.run(Server.java:1035) [hadoop-common-3.3.1.jar:?]
	at org.apache.hadoop.ipc.Server$RpcCall.run(Server.java:963) [hadoop-common-3.3.1.jar:?]
	at java.security.AccessController.doPrivileged(Native Method) ~[?:1.8.0_345]
	at javax.security.auth.Subject.doAs(Subject.java:422) [?:1.8.0_345]
	at org.apache.hadoop.security.UserGroupInformation.doAs(UserGroupInformation.java:1878) [hadoop-common-3.3.1.jar:?]
	at org.apache.hadoop.ipc.Server$Handler.run(Server.java:2966) [hadoop-common-3.3.1.jar:?]
2022-10-09 13:09:36,395 [Time-limited test] WARN  ozone.BasicOzoneFileSystem (BasicOzoneFileSystem.java:getFileStatus(765)) - GetFileStatus failed for path /testBatchDelete/parent/childFolder/child5
java.io.FileNotFoundException: testBatchDelete/parent/childFolder/child5: No such file or directory!
	at org.apache.hadoop.fs.ozone.BasicOzoneClientAdapterImpl.getFileStatus(BasicOzoneClientAdapterImpl.java:369)
	at org.apache.hadoop.fs.ozone.BasicOzoneFileSystem.getFileStatus(BasicOzoneFileSystem.java:757)
	at org.apache.hadoop.fs.FileSystem.exists(FileSystem.java:1760)
	at org.apache.hadoop.fs.ozone.BasicOzoneFileSystem.exists(BasicOzoneFileSystem.java:804)
	at org.apache.hadoop.fs.ozone.TestOzoneFileSystem.testFileDelete(TestOzoneFileSystem.java:539)
	at sun.reflect.NativeMethodAccessorImpl.invoke0(Native Method)
	at sun.reflect.NativeMethodAccessorImpl.invoke(NativeMethodAccessorImpl.java:62)
	at sun.reflect.DelegatingMethodAccessorImpl.invoke(DelegatingMethodAccessorImpl.java:43)
	at java.lang.reflect.Method.invoke(Method.java:498)
	at org.junit.runners.model.FrameworkMethod$1.runReflectiveCall(FrameworkMethod.java:59)
	at org.junit.internal.runners.model.ReflectiveCallable.run(ReflectiveCallable.java:12)
	at org.junit.runners.model.FrameworkMethod.invokeExplosively(FrameworkMethod.java:56)
	at org.junit.internal.runners.statements.InvokeMethod.evaluate(InvokeMethod.java:17)
	at org.junit.internal.runners.statements.RunAfters.evaluate(RunAfters.java:27)
	at org.junit.internal.runners.statements.FailOnTimeout$CallableStatement.call(FailOnTimeout.java:288)
	at org.junit.internal.runners.statements.FailOnTimeout$CallableStatement.call(FailOnTimeout.java:282)
	at java.util.concurrent.FutureTask.run(FutureTask.java:266)
	at java.lang.Thread.run(Thread.java:750)
13:09:36.396 [IPC Server handler 15 on default port 34869] ERROR OMAudit - user=runner | ip=127.0.0.1 | op=GET_FILE_STATUS {volume=volume25253, bucket=bucket90791, key=testBatchDelete/parent/child6, dataSize=0, replicationConfig=null} | ret=FAILURE
org.apache.hadoop.ozone.om.exceptions.OMException: Unable to get file status: volume: volume25253 bucket: bucket90791 key: testBatchDelete/parent/child6
	at org.apache.hadoop.ozone.om.KeyManagerImpl.getOzoneFileStatus(KeyManagerImpl.java:1270) ~[ozone-manager-1.3.0-SNAPSHOT.jar:?]
	at org.apache.hadoop.ozone.om.KeyManagerImpl.getFileStatus(KeyManagerImpl.java:1200) ~[ozone-manager-1.3.0-SNAPSHOT.jar:?]
	at org.apache.hadoop.ozone.om.OzoneManager.getFileStatus(OzoneManager.java:3507) ~[ozone-manager-1.3.0-SNAPSHOT.jar:?]
	at org.apache.hadoop.ozone.protocolPB.OzoneManagerRequestHandler.getOzoneFileStatus(OzoneManagerRequestHandler.java:882) ~[ozone-manager-1.3.0-SNAPSHOT.jar:?]
	at org.apache.hadoop.ozone.protocolPB.OzoneManagerRequestHandler.handleReadRequest(OzoneManagerRequestHandler.java:228) ~[ozone-manager-1.3.0-SNAPSHOT.jar:?]
	at org.apache.hadoop.ozone.protocolPB.OzoneManagerProtocolServerSideTranslatorPB.submitRequestDirectlyToOM(OzoneManagerProtocolServerSideTranslatorPB.java:276) ~[ozone-manager-1.3.0-SNAPSHOT.jar:?]
	at org.apache.hadoop.ozone.protocolPB.OzoneManagerProtocolServerSideTranslatorPB.processRequest(OzoneManagerProtocolServerSideTranslatorPB.java:205) ~[ozone-manager-1.3.0-SNAPSHOT.jar:?]
	at org.apache.hadoop.hdds.server.OzoneProtocolMessageDispatcher.processRequest(OzoneProtocolMessageDispatcher.java:87) [hdds-server-framework-1.3.0-SNAPSHOT.jar:?]
	at org.apache.hadoop.ozone.protocolPB.OzoneManagerProtocolServerSideTranslatorPB.submitRequest(OzoneManagerProtocolServerSideTranslatorPB.java:147) [ozone-manager-1.3.0-SNAPSHOT.jar:?]
	at org.apache.hadoop.ozone.protocol.proto.OzoneManagerProtocolProtos$OzoneManagerService$2.callBlockingMethod(OzoneManagerProtocolProtos.java) [ozone-interface-client-1.3.0-SNAPSHOT.jar:?]
	at org.apache.hadoop.ipc.ProtobufRpcEngine$Server.processCall(ProtobufRpcEngine.java:466) [hadoop-common-3.3.1.jar:?]
	at org.apache.hadoop.ipc.ProtobufRpcEngine2$Server$ProtoBufRpcInvoker.call(ProtobufRpcEngine2.java:574) [hadoop-common-3.3.1.jar:?]
	at org.apache.hadoop.ipc.ProtobufRpcEngine2$Server$ProtoBufRpcInvoker.call(ProtobufRpcEngine2.java:552) [hadoop-common-3.3.1.jar:?]
	at org.apache.hadoop.ipc.RPC$Server.call(RPC.java:1093) [hadoop-common-3.3.1.jar:?]
	at org.apache.hadoop.ipc.Server$RpcCall.run(Server.java:1035) [hadoop-common-3.3.1.jar:?]
	at org.apache.hadoop.ipc.Server$RpcCall.run(Server.java:963) [hadoop-common-3.3.1.jar:?]
	at java.security.AccessController.doPrivileged(Native Method) ~[?:1.8.0_345]
	at javax.security.auth.Subject.doAs(Subject.java:422) [?:1.8.0_345]
	at org.apache.hadoop.security.UserGroupInformation.doAs(UserGroupInformation.java:1878) [hadoop-common-3.3.1.jar:?]
	at org.apache.hadoop.ipc.Server$Handler.run(Server.java:2966) [hadoop-common-3.3.1.jar:?]
2022-10-09 13:09:36,396 [Time-limited test] WARN  ozone.BasicOzoneFileSystem (BasicOzoneFileSystem.java:getFileStatus(765)) - GetFileStatus failed for path /testBatchDelete/parent/child6
java.io.FileNotFoundException: testBatchDelete/parent/child6: No such file or directory!
	at org.apache.hadoop.fs.ozone.BasicOzoneClientAdapterImpl.getFileStatus(BasicOzoneClientAdapterImpl.java:369)
	at org.apache.hadoop.fs.ozone.BasicOzoneFileSystem.getFileStatus(BasicOzoneFileSystem.java:757)
	at org.apache.hadoop.fs.FileSystem.exists(FileSystem.java:1760)
	at org.apache.hadoop.fs.ozone.BasicOzoneFileSystem.exists(BasicOzoneFileSystem.java:804)
	at org.apache.hadoop.fs.ozone.TestOzoneFileSystem.testFileDelete(TestOzoneFileSystem.java:534)
	at sun.reflect.NativeMethodAccessorImpl.invoke0(Native Method)
	at sun.reflect.NativeMethodAccessorImpl.invoke(NativeMethodAccessorImpl.java:62)
	at sun.reflect.DelegatingMethodAccessorImpl.invoke(DelegatingMethodAccessorImpl.java:43)
	at java.lang.reflect.Method.invoke(Method.java:498)
	at org.junit.runners.model.FrameworkMethod$1.runReflectiveCall(FrameworkMethod.java:59)
	at org.junit.internal.runners.model.ReflectiveCallable.run(ReflectiveCallable.java:12)
	at org.junit.runners.model.FrameworkMethod.invokeExplosively(FrameworkMethod.java:56)
	at org.junit.internal.runners.statements.InvokeMethod.evaluate(InvokeMethod.java:17)
	at org.junit.internal.runners.statements.RunAfters.evaluate(RunAfters.java:27)
	at org.junit.internal.runners.statements.FailOnTimeout$CallableStatement.call(FailOnTimeout.java:288)
	at org.junit.internal.runners.statements.FailOnTimeout$CallableStatement.call(FailOnTimeout.java:282)
	at java.util.concurrent.FutureTask.run(FutureTask.java:266)
	at java.lang.Thread.run(Thread.java:750)
13:09:36.396 [IPC Server handler 14 on default port 34869] ERROR OMAudit - user=runner | ip=127.0.0.1 | op=GET_FILE_STATUS {volume=volume25253, bucket=bucket90791, key=testBatchDelete/parent/childFolder/child6, dataSize=0, replicationConfig=null} | ret=FAILURE
org.apache.hadoop.ozone.om.exceptions.OMException: Unable to get file status: volume: volume25253 bucket: bucket90791 key: testBatchDelete/parent/childFolder/child6
	at org.apache.hadoop.ozone.om.KeyManagerImpl.getOzoneFileStatus(KeyManagerImpl.java:1270) ~[ozone-manager-1.3.0-SNAPSHOT.jar:?]
	at org.apache.hadoop.ozone.om.KeyManagerImpl.getFileStatus(KeyManagerImpl.java:1200) ~[ozone-manager-1.3.0-SNAPSHOT.jar:?]
	at org.apache.hadoop.ozone.om.OzoneManager.getFileStatus(OzoneManager.java:3507) ~[ozone-manager-1.3.0-SNAPSHOT.jar:?]
	at org.apache.hadoop.ozone.protocolPB.OzoneManagerRequestHandler.getOzoneFileStatus(OzoneManagerRequestHandler.java:882) ~[ozone-manager-1.3.0-SNAPSHOT.jar:?]
	at org.apache.hadoop.ozone.protocolPB.OzoneManagerRequestHandler.handleReadRequest(OzoneManagerRequestHandler.java:228) ~[ozone-manager-1.3.0-SNAPSHOT.jar:?]
	at org.apache.hadoop.ozone.protocolPB.OzoneManagerProtocolServerSideTranslatorPB.submitRequestDirectlyToOM(OzoneManagerProtocolServerSideTranslatorPB.java:276) ~[ozone-manager-1.3.0-SNAPSHOT.jar:?]
	at org.apache.hadoop.ozone.protocolPB.OzoneManagerProtocolServerSideTranslatorPB.processRequest(OzoneManagerProtocolServerSideTranslatorPB.java:205) ~[ozone-manager-1.3.0-SNAPSHOT.jar:?]
	at org.apache.hadoop.hdds.server.OzoneProtocolMessageDispatcher.processRequest(OzoneProtocolMessageDispatcher.java:87) [hdds-server-framework-1.3.0-SNAPSHOT.jar:?]
	at org.apache.hadoop.ozone.protocolPB.OzoneManagerProtocolServerSideTranslatorPB.submitRequest(OzoneManagerProtocolServerSideTranslatorPB.java:147) [ozone-manager-1.3.0-SNAPSHOT.jar:?]
	at org.apache.hadoop.ozone.protocol.proto.OzoneManagerProtocolProtos$OzoneManagerService$2.callBlockingMethod(OzoneManagerProtocolProtos.java) [ozone-interface-client-1.3.0-SNAPSHOT.jar:?]
	at org.apache.hadoop.ipc.ProtobufRpcEngine$Server.processCall(ProtobufRpcEngine.java:466) [hadoop-common-3.3.1.jar:?]
	at org.apache.hadoop.ipc.ProtobufRpcEngine2$Server$ProtoBufRpcInvoker.call(ProtobufRpcEngine2.java:574) [hadoop-common-3.3.1.jar:?]
	at org.apache.hadoop.ipc.ProtobufRpcEngine2$Server$ProtoBufRpcInvoker.call(ProtobufRpcEngine2.java:552) [hadoop-common-3.3.1.jar:?]
	at org.apache.hadoop.ipc.RPC$Server.call(RPC.java:1093) [hadoop-common-3.3.1.jar:?]
	at org.apache.hadoop.ipc.Server$RpcCall.run(Server.java:1035) [hadoop-common-3.3.1.jar:?]
	at org.apache.hadoop.ipc.Server$RpcCall.run(Server.java:963) [hadoop-common-3.3.1.jar:?]
	at java.security.AccessController.doPrivileged(Native Method) ~[?:1.8.0_345]
	at javax.security.auth.Subject.doAs(Subject.java:422) [?:1.8.0_345]
	at org.apache.hadoop.security.UserGroupInformation.doAs(UserGroupInformation.java:1878) [hadoop-common-3.3.1.jar:?]
	at org.apache.hadoop.ipc.Server$Handler.run(Server.java:2966) [hadoop-common-3.3.1.jar:?]
2022-10-09 13:09:36,397 [Time-limited test] WARN  ozone.BasicOzoneFileSystem (BasicOzoneFileSystem.java:getFileStatus(765)) - GetFileStatus failed for path /testBatchDelete/parent/childFolder/child6
java.io.FileNotFoundException: testBatchDelete/parent/childFolder/child6: No such file or directory!
	at org.apache.hadoop.fs.ozone.BasicOzoneClientAdapterImpl.getFileStatus(BasicOzoneClientAdapterImpl.java:369)
	at org.apache.hadoop.fs.ozone.BasicOzoneFileSystem.getFileStatus(BasicOzoneFileSystem.java:757)
	at org.apache.hadoop.fs.FileSystem.exists(FileSystem.java:1760)
	at org.apache.hadoop.fs.ozone.BasicOzoneFileSystem.exists(BasicOzoneFileSystem.java:804)
	at org.apache.hadoop.fs.ozone.TestOzoneFileSystem.testFileDelete(TestOzoneFileSystem.java:539)
	at sun.reflect.NativeMethodAccessorImpl.invoke0(Native Method)
	at sun.reflect.NativeMethodAccessorImpl.invoke(NativeMethodAccessorImpl.java:62)
	at sun.reflect.DelegatingMethodAccessorImpl.invoke(DelegatingMethodAccessorImpl.java:43)
	at java.lang.reflect.Method.invoke(Method.java:498)
	at org.junit.runners.model.FrameworkMethod$1.runReflectiveCall(FrameworkMethod.java:59)
	at org.junit.internal.runners.model.ReflectiveCallable.run(ReflectiveCallable.java:12)
	at org.junit.runners.model.FrameworkMethod.invokeExplosively(FrameworkMethod.java:56)
	at org.junit.internal.runners.statements.InvokeMethod.evaluate(InvokeMethod.java:17)
	at org.junit.internal.runners.statements.RunAfters.evaluate(RunAfters.java:27)
	at org.junit.internal.runners.statements.FailOnTimeout$CallableStatement.call(FailOnTimeout.java:288)
	at org.junit.internal.runners.statements.FailOnTimeout$CallableStatement.call(FailOnTimeout.java:282)
	at java.util.concurrent.FutureTask.run(FutureTask.java:266)
	at java.lang.Thread.run(Thread.java:750)
13:09:36.397 [IPC Server handler 16 on default port 34869] ERROR OMAudit - user=runner | ip=127.0.0.1 | op=GET_FILE_STATUS {volume=volume25253, bucket=bucket90791, key=testBatchDelete/parent/child7, dataSize=0, replicationConfig=null} | ret=FAILURE
org.apache.hadoop.ozone.om.exceptions.OMException: Unable to get file status: volume: volume25253 bucket: bucket90791 key: testBatchDelete/parent/child7
	at org.apache.hadoop.ozone.om.KeyManagerImpl.getOzoneFileStatus(KeyManagerImpl.java:1270) ~[ozone-manager-1.3.0-SNAPSHOT.jar:?]
	at org.apache.hadoop.ozone.om.KeyManagerImpl.getFileStatus(KeyManagerImpl.java:1200) ~[ozone-manager-1.3.0-SNAPSHOT.jar:?]
	at org.apache.hadoop.ozone.om.OzoneManager.getFileStatus(OzoneManager.java:3507) ~[ozone-manager-1.3.0-SNAPSHOT.jar:?]
	at org.apache.hadoop.ozone.protocolPB.OzoneManagerRequestHandler.getOzoneFileStatus(OzoneManagerRequestHandler.java:882) ~[ozone-manager-1.3.0-SNAPSHOT.jar:?]
	at org.apache.hadoop.ozone.protocolPB.OzoneManagerRequestHandler.handleReadRequest(OzoneManagerRequestHandler.java:228) ~[ozone-manager-1.3.0-SNAPSHOT.jar:?]
	at org.apache.hadoop.ozone.protocolPB.OzoneManagerProtocolServerSideTranslatorPB.submitRequestDirectlyToOM(OzoneManagerProtocolServerSideTranslatorPB.java:276) ~[ozone-manager-1.3.0-SNAPSHOT.jar:?]
	at org.apache.hadoop.ozone.protocolPB.OzoneManagerProtocolServerSideTranslatorPB.processRequest(OzoneManagerProtocolServerSideTranslatorPB.java:205) ~[ozone-manager-1.3.0-SNAPSHOT.jar:?]
	at org.apache.hadoop.hdds.server.OzoneProtocolMessageDispatcher.processRequest(OzoneProtocolMessageDispatcher.java:87) [hdds-server-framework-1.3.0-SNAPSHOT.jar:?]
	at org.apache.hadoop.ozone.protocolPB.OzoneManagerProtocolServerSideTranslatorPB.submitRequest(OzoneManagerProtocolServerSideTranslatorPB.java:147) [ozone-manager-1.3.0-SNAPSHOT.jar:?]
	at org.apache.hadoop.ozone.protocol.proto.OzoneManagerProtocolProtos$OzoneManagerService$2.callBlockingMethod(OzoneManagerProtocolProtos.java) [ozone-interface-client-1.3.0-SNAPSHOT.jar:?]
	at org.apache.hadoop.ipc.ProtobufRpcEngine$Server.processCall(ProtobufRpcEngine.java:466) [hadoop-common-3.3.1.jar:?]
	at org.apache.hadoop.ipc.ProtobufRpcEngine2$Server$ProtoBufRpcInvoker.call(ProtobufRpcEngine2.java:574) [hadoop-common-3.3.1.jar:?]
	at org.apache.hadoop.ipc.ProtobufRpcEngine2$Server$ProtoBufRpcInvoker.call(ProtobufRpcEngine2.java:552) [hadoop-common-3.3.1.jar:?]
	at org.apache.hadoop.ipc.RPC$Server.call(RPC.java:1093) [hadoop-common-3.3.1.jar:?]
	at org.apache.hadoop.ipc.Server$RpcCall.run(Server.java:1035) [hadoop-common-3.3.1.jar:?]
	at org.apache.hadoop.ipc.Server$RpcCall.run(Server.java:963) [hadoop-common-3.3.1.jar:?]
	at java.security.AccessController.doPrivileged(Native Method) ~[?:1.8.0_345]
	at javax.security.auth.Subject.doAs(Subject.java:422) [?:1.8.0_345]
	at org.apache.hadoop.security.UserGroupInformation.doAs(UserGroupInformation.java:1878) [hadoop-common-3.3.1.jar:?]
	at org.apache.hadoop.ipc.Server$Handler.run(Server.java:2966) [hadoop-common-3.3.1.jar:?]
2022-10-09 13:09:36,397 [Time-limited test] WARN  ozone.BasicOzoneFileSystem (BasicOzoneFileSystem.java:getFileStatus(765)) - GetFileStatus failed for path /testBatchDelete/parent/child7
java.io.FileNotFoundException: testBatchDelete/parent/child7: No such file or directory!
	at org.apache.hadoop.fs.ozone.BasicOzoneClientAdapterImpl.getFileStatus(BasicOzoneClientAdapterImpl.java:369)
	at org.apache.hadoop.fs.ozone.BasicOzoneFileSystem.getFileStatus(BasicOzoneFileSystem.java:757)
	at org.apache.hadoop.fs.FileSystem.exists(FileSystem.java:1760)
	at org.apache.hadoop.fs.ozone.BasicOzoneFileSystem.exists(BasicOzoneFileSystem.java:804)
	at org.apache.hadoop.fs.ozone.TestOzoneFileSystem.testFileDelete(TestOzoneFileSystem.java:534)
	at sun.reflect.NativeMethodAccessorImpl.invoke0(Native Method)
	at sun.reflect.NativeMethodAccessorImpl.invoke(NativeMethodAccessorImpl.java:62)
	at sun.reflect.DelegatingMethodAccessorImpl.invoke(DelegatingMethodAccessorImpl.java:43)
	at java.lang.reflect.Method.invoke(Method.java:498)
	at org.junit.runners.model.FrameworkMethod$1.runReflectiveCall(FrameworkMethod.java:59)
	at org.junit.internal.runners.model.ReflectiveCallable.run(ReflectiveCallable.java:12)
	at org.junit.runners.model.FrameworkMethod.invokeExplosively(FrameworkMethod.java:56)
	at org.junit.internal.runners.statements.InvokeMethod.evaluate(InvokeMethod.java:17)
	at org.junit.internal.runners.statements.RunAfters.evaluate(RunAfters.java:27)
	at org.junit.internal.runners.statements.FailOnTimeout$CallableStatement.call(FailOnTimeout.java:288)
	at org.junit.internal.runners.statements.FailOnTimeout$CallableStatement.call(FailOnTimeout.java:282)
	at java.util.concurrent.FutureTask.run(FutureTask.java:266)
	at java.lang.Thread.run(Thread.java:750)
13:09:36.398 [IPC Server handler 17 on default port 34869] ERROR OMAudit - user=runner | ip=127.0.0.1 | op=GET_FILE_STATUS {volume=volume25253, bucket=bucket90791, key=testBatchDelete/parent/childFolder/child7, dataSize=0, replicationConfig=null} | ret=FAILURE
org.apache.hadoop.ozone.om.exceptions.OMException: Unable to get file status: volume: volume25253 bucket: bucket90791 key: testBatchDelete/parent/childFolder/child7
	at org.apache.hadoop.ozone.om.KeyManagerImpl.getOzoneFileStatus(KeyManagerImpl.java:1270) ~[ozone-manager-1.3.0-SNAPSHOT.jar:?]
	at org.apache.hadoop.ozone.om.KeyManagerImpl.getFileStatus(KeyManagerImpl.java:1200) ~[ozone-manager-1.3.0-SNAPSHOT.jar:?]
	at org.apache.hadoop.ozone.om.OzoneManager.getFileStatus(OzoneManager.java:3507) ~[ozone-manager-1.3.0-SNAPSHOT.jar:?]
	at org.apache.hadoop.ozone.protocolPB.OzoneManagerRequestHandler.getOzoneFileStatus(OzoneManagerRequestHandler.java:882) ~[ozone-manager-1.3.0-SNAPSHOT.jar:?]
	at org.apache.hadoop.ozone.protocolPB.OzoneManagerRequestHandler.handleReadRequest(OzoneManagerRequestHandler.java:228) ~[ozone-manager-1.3.0-SNAPSHOT.jar:?]
	at org.apache.hadoop.ozone.protocolPB.OzoneManagerProtocolServerSideTranslatorPB.submitRequestDirectlyToOM(OzoneManagerProtocolServerSideTranslatorPB.java:276) ~[ozone-manager-1.3.0-SNAPSHOT.jar:?]
	at org.apache.hadoop.ozone.protocolPB.OzoneManagerProtocolServerSideTranslatorPB.processRequest(OzoneManagerProtocolServerSideTranslatorPB.java:205) ~[ozone-manager-1.3.0-SNAPSHOT.jar:?]
	at org.apache.hadoop.hdds.server.OzoneProtocolMessageDispatcher.processRequest(OzoneProtocolMessageDispatcher.java:87) [hdds-server-framework-1.3.0-SNAPSHOT.jar:?]
	at org.apache.hadoop.ozone.protocolPB.OzoneManagerProtocolServerSideTranslatorPB.submitRequest(OzoneManagerProtocolServerSideTranslatorPB.java:147) [ozone-manager-1.3.0-SNAPSHOT.jar:?]
	at org.apache.hadoop.ozone.protocol.proto.OzoneManagerProtocolProtos$OzoneManagerService$2.callBlockingMethod(OzoneManagerProtocolProtos.java) [ozone-interface-client-1.3.0-SNAPSHOT.jar:?]
	at org.apache.hadoop.ipc.ProtobufRpcEngine$Server.processCall(ProtobufRpcEngine.java:466) [hadoop-common-3.3.1.jar:?]
	at org.apache.hadoop.ipc.ProtobufRpcEngine2$Server$ProtoBufRpcInvoker.call(ProtobufRpcEngine2.java:574) [hadoop-common-3.3.1.jar:?]
	at org.apache.hadoop.ipc.ProtobufRpcEngine2$Server$ProtoBufRpcInvoker.call(ProtobufRpcEngine2.java:552) [hadoop-common-3.3.1.jar:?]
	at org.apache.hadoop.ipc.RPC$Server.call(RPC.java:1093) [hadoop-common-3.3.1.jar:?]
	at org.apache.hadoop.ipc.Server$RpcCall.run(Server.java:1035) [hadoop-common-3.3.1.jar:?]
	at org.apache.hadoop.ipc.Server$RpcCall.run(Server.java:963) [hadoop-common-3.3.1.jar:?]
	at java.security.AccessController.doPrivileged(Native Method) ~[?:1.8.0_345]
	at javax.security.auth.Subject.doAs(Subject.java:422) [?:1.8.0_345]
	at org.apache.hadoop.security.UserGroupInformation.doAs(UserGroupInformation.java:1878) [hadoop-common-3.3.1.jar:?]
	at org.apache.hadoop.ipc.Server$Handler.run(Server.java:2966) [hadoop-common-3.3.1.jar:?]
2022-10-09 13:09:36,398 [Time-limited test] WARN  ozone.BasicOzoneFileSystem (BasicOzoneFileSystem.java:getFileStatus(765)) - GetFileStatus failed for path /testBatchDelete/parent/childFolder/child7
java.io.FileNotFoundException: testBatchDelete/parent/childFolder/child7: No such file or directory!
	at org.apache.hadoop.fs.ozone.BasicOzoneClientAdapterImpl.getFileStatus(BasicOzoneClientAdapterImpl.java:369)
	at org.apache.hadoop.fs.ozone.BasicOzoneFileSystem.getFileStatus(BasicOzoneFileSystem.java:757)
	at org.apache.hadoop.fs.FileSystem.exists(FileSystem.java:1760)
	at org.apache.hadoop.fs.ozone.BasicOzoneFileSystem.exists(BasicOzoneFileSystem.java:804)
	at org.apache.hadoop.fs.ozone.TestOzoneFileSystem.testFileDelete(TestOzoneFileSystem.java:539)
	at sun.reflect.NativeMethodAccessorImpl.invoke0(Native Method)
	at sun.reflect.NativeMethodAccessorImpl.invoke(NativeMethodAccessorImpl.java:62)
	at sun.reflect.DelegatingMethodAccessorImpl.invoke(DelegatingMethodAccessorImpl.java:43)
	at java.lang.reflect.Method.invoke(Method.java:498)
	at org.junit.runners.model.FrameworkMethod$1.runReflectiveCall(FrameworkMethod.java:59)
	at org.junit.internal.runners.model.ReflectiveCallable.run(ReflectiveCallable.java:12)
	at org.junit.runners.model.FrameworkMethod.invokeExplosively(FrameworkMethod.java:56)
	at org.junit.internal.runners.statements.InvokeMethod.evaluate(InvokeMethod.java:17)
	at org.junit.internal.runners.statements.RunAfters.evaluate(RunAfters.java:27)
	at org.junit.internal.runners.statements.FailOnTimeout$CallableStatement.call(FailOnTimeout.java:288)
	at org.junit.internal.runners.statements.FailOnTimeout$CallableStatement.call(FailOnTimeout.java:282)
	at java.util.concurrent.FutureTask.run(FutureTask.java:266)
	at java.lang.Thread.run(Thread.java:750)
13:09:36.399 [IPC Server handler 5 on default port 34869] ERROR OMAudit - user=runner | ip=127.0.0.1 | op=GET_FILE_STATUS {volume=volume25253, bucket=bucket90791, key=testBatchDelete/parent, dataSize=0, replicationConfig=null} | ret=FAILURE
org.apache.hadoop.ozone.om.exceptions.OMException: Unable to get file status: volume: volume25253 bucket: bucket90791 key: testBatchDelete/parent
	at org.apache.hadoop.ozone.om.KeyManagerImpl.getOzoneFileStatus(KeyManagerImpl.java:1270) ~[ozone-manager-1.3.0-SNAPSHOT.jar:?]
	at org.apache.hadoop.ozone.om.KeyManagerImpl.getFileStatus(KeyManagerImpl.java:1200) ~[ozone-manager-1.3.0-SNAPSHOT.jar:?]
	at org.apache.hadoop.ozone.om.OzoneManager.getFileStatus(OzoneManager.java:3507) ~[ozone-manager-1.3.0-SNAPSHOT.jar:?]
	at org.apache.hadoop.ozone.protocolPB.OzoneManagerRequestHandler.getOzoneFileStatus(OzoneManagerRequestHandler.java:882) ~[ozone-manager-1.3.0-SNAPSHOT.jar:?]
	at org.apache.hadoop.ozone.protocolPB.OzoneManagerRequestHandler.handleReadRequest(OzoneManagerRequestHandler.java:228) ~[ozone-manager-1.3.0-SNAPSHOT.jar:?]
	at org.apache.hadoop.ozone.protocolPB.OzoneManagerProtocolServerSideTranslatorPB.submitRequestDirectlyToOM(OzoneManagerProtocolServerSideTranslatorPB.java:276) ~[ozone-manager-1.3.0-SNAPSHOT.jar:?]
	at org.apache.hadoop.ozone.protocolPB.OzoneManagerProtocolServerSideTranslatorPB.processRequest(OzoneManagerProtocolServerSideTranslatorPB.java:205) ~[ozone-manager-1.3.0-SNAPSHOT.jar:?]
	at org.apache.hadoop.hdds.server.OzoneProtocolMessageDispatcher.processRequest(OzoneProtocolMessageDispatcher.java:87) [hdds-server-framework-1.3.0-SNAPSHOT.jar:?]
	at org.apache.hadoop.ozone.protocolPB.OzoneManagerProtocolServerSideTranslatorPB.submitRequest(OzoneManagerProtocolServerSideTranslatorPB.java:147) [ozone-manager-1.3.0-SNAPSHOT.jar:?]
	at org.apache.hadoop.ozone.protocol.proto.OzoneManagerProtocolProtos$OzoneManagerService$2.callBlockingMethod(OzoneManagerProtocolProtos.java) [ozone-interface-client-1.3.0-SNAPSHOT.jar:?]
	at org.apache.hadoop.ipc.ProtobufRpcEngine$Server.processCall(ProtobufRpcEngine.java:466) [hadoop-common-3.3.1.jar:?]
	at org.apache.hadoop.ipc.ProtobufRpcEngine2$Server$ProtoBufRpcInvoker.call(ProtobufRpcEngine2.java:574) [hadoop-common-3.3.1.jar:?]
	at org.apache.hadoop.ipc.ProtobufRpcEngine2$Server$ProtoBufRpcInvoker.call(ProtobufRpcEngine2.java:552) [hadoop-common-3.3.1.jar:?]
	at org.apache.hadoop.ipc.RPC$Server.call(RPC.java:1093) [hadoop-common-3.3.1.jar:?]
	at org.apache.hadoop.ipc.Server$RpcCall.run(Server.java:1035) [hadoop-common-3.3.1.jar:?]
	at org.apache.hadoop.ipc.Server$RpcCall.run(Server.java:963) [hadoop-common-3.3.1.jar:?]
	at java.security.AccessController.doPrivileged(Native Method) ~[?:1.8.0_345]
	at javax.security.auth.Subject.doAs(Subject.java:422) [?:1.8.0_345]
	at org.apache.hadoop.security.UserGroupInformation.doAs(UserGroupInformation.java:1878) [hadoop-common-3.3.1.jar:?]
	at org.apache.hadoop.ipc.Server$Handler.run(Server.java:2966) [hadoop-common-3.3.1.jar:?]
2022-10-09 13:09:36,399 [Time-limited test] WARN  ozone.BasicOzoneFileSystem (BasicOzoneFileSystem.java:getFileStatus(765)) - GetFileStatus failed for path /testBatchDelete/parent
java.io.FileNotFoundException: testBatchDelete/parent: No such file or directory!
	at org.apache.hadoop.fs.ozone.BasicOzoneClientAdapterImpl.getFileStatus(BasicOzoneClientAdapterImpl.java:369)
	at org.apache.hadoop.fs.ozone.BasicOzoneFileSystem.getFileStatus(BasicOzoneFileSystem.java:757)
	at org.apache.hadoop.fs.ozone.BasicOzoneFileSystem.delete(BasicOzoneFileSystem.java:530)
	at org.apache.hadoop.fs.ozone.TestOzoneFileSystem.testFileDelete(TestOzoneFileSystem.java:543)
	at sun.reflect.NativeMethodAccessorImpl.invoke0(Native Method)
	at sun.reflect.NativeMethodAccessorImpl.invoke(NativeMethodAccessorImpl.java:62)
	at sun.reflect.DelegatingMethodAccessorImpl.invoke(DelegatingMethodAccessorImpl.java:43)
	at java.lang.reflect.Method.invoke(Method.java:498)
	at org.junit.runners.model.FrameworkMethod$1.runReflectiveCall(FrameworkMethod.java:59)
	at org.junit.internal.runners.model.ReflectiveCallable.run(ReflectiveCallable.java:12)
	at org.junit.runners.model.FrameworkMethod.invokeExplosively(FrameworkMethod.java:56)
	at org.junit.internal.runners.statements.InvokeMethod.evaluate(InvokeMethod.java:17)
	at org.junit.internal.runners.statements.RunAfters.evaluate(RunAfters.java:27)
	at org.junit.internal.runners.statements.FailOnTimeout$CallableStatement.call(FailOnTimeout.java:288)
	at org.junit.internal.runners.statements.FailOnTimeout$CallableStatement.call(FailOnTimeout.java:282)
	at java.util.concurrent.FutureTask.run(FutureTask.java:266)
	at java.lang.Thread.run(Thread.java:750)
2022-10-09 13:09:36,399 [Time-limited test] WARN  ozone.BasicOzoneFileSystem (BasicOzoneFileSystem.java:delete(532)) - delete: Path does not exist: /testBatchDelete/parent
]]></system-out>
  </testcase>
  <testcase name="testListStatusIteratorOnPageSize" classname="TestOzoneFileSystem" time="28.504">
    <system-out><![CDATA[2022-10-09 13:04:45,811 [Under Replicated Processor] INFO  replication.UnderReplicatedProcessor (UnderReplicatedProcessor.java:processAll(92)) - Processed 0 under replicated containers, failed processing 0
2022-10-09 13:04:45,818 [Over Replicated Processor] INFO  replication.OverReplicatedProcessor (OverReplicatedProcessor.java:processAll(90)) - Processed 0 over replicated containers, failed processing 0
2022-10-09 13:04:50,028 [IPC Server handler 11 on default port 38953] INFO  ha.SequenceIdGenerator (SequenceIdGenerator.java:getNextId(128)) - Allocate a batch for delTxnId, change lastId from 0 to 1000.
]]></system-out>
  </testcase>
  <testcase name="testListStatusIteratorOnPageSize" classname="TestOzoneFileSystem" time="23.762">
    <system-out><![CDATA[2022-10-09 13:06:00,736 [Under Replicated Processor] INFO  replication.UnderReplicatedProcessor (UnderReplicatedProcessor.java:processAll(92)) - Processed 0 under replicated containers, failed processing 0
2022-10-09 13:06:00,737 [Over Replicated Processor] INFO  replication.OverReplicatedProcessor (OverReplicatedProcessor.java:processAll(90)) - Processed 0 over replicated containers, failed processing 0
2022-10-09 13:06:01,112 [864752fb-4a03-48f8-92e4-9b272ebf5ecd@group-BF7723920FB3-FollowerState] INFO  impl.FollowerState (FollowerState.java:run(143)) - 864752fb-4a03-48f8-92e4-9b272ebf5ecd@group-BF7723920FB3-FollowerState: change to CANDIDATE, lastRpcElapsedTime:5091579702ns, electionTimeout:5082ms
2022-10-09 13:06:01,112 [864752fb-4a03-48f8-92e4-9b272ebf5ecd@group-BF7723920FB3-FollowerState] INFO  impl.RoleInfo (RoleInfo.java:shutdownFollowerState(110)) - 864752fb-4a03-48f8-92e4-9b272ebf5ecd: shutdown 864752fb-4a03-48f8-92e4-9b272ebf5ecd@group-BF7723920FB3-FollowerState
2022-10-09 13:06:01,112 [864752fb-4a03-48f8-92e4-9b272ebf5ecd@group-BF7723920FB3-FollowerState] INFO  server.RaftServer$Division (RaftServerImpl.java:setRole(299)) - 864752fb-4a03-48f8-92e4-9b272ebf5ecd@group-BF7723920FB3: changes role from  FOLLOWER to CANDIDATE at term 3 for changeToCandidate
2022-10-09 13:06:01,112 [864752fb-4a03-48f8-92e4-9b272ebf5ecd@group-BF7723920FB3-FollowerState] INFO  server.RaftServerConfigKeys (ConfUtils.java:logGet(46)) - raft.server.leaderelection.pre-vote = false (custom)
2022-10-09 13:06:01,112 [864752fb-4a03-48f8-92e4-9b272ebf5ecd@group-BF7723920FB3-FollowerState] INFO  impl.RoleInfo (RoleInfo.java:updateAndGet(139)) - 864752fb-4a03-48f8-92e4-9b272ebf5ecd: start 864752fb-4a03-48f8-92e4-9b272ebf5ecd@group-BF7723920FB3-LeaderElection30
2022-10-09 13:06:01,132 [864752fb-4a03-48f8-92e4-9b272ebf5ecd@group-BF7723920FB3-LeaderElection30] INFO  impl.LeaderElection (LeaderElection.java:askForVotes(310)) - 864752fb-4a03-48f8-92e4-9b272ebf5ecd@group-BF7723920FB3-LeaderElection30 ELECTION round 0: submit vote requests at term 4 for -1: [2d7a11ae-c5aa-41a6-85dc-c9a8e9cf90b2|rpc:10.1.0.209:34267|dataStream:|priority:1, 864752fb-4a03-48f8-92e4-9b272ebf5ecd|rpc:10.1.0.209:36301|dataStream:|priority:0, 0e0cd2e9-f605-4044-a07f-8c47171ce2f7|rpc:10.1.0.209:36435|dataStream:|priority:0], old=null
2022-10-09 13:06:01,149 [0e0cd2e9-f605-4044-a07f-8c47171ce2f7@group-BF7723920FB3-FollowerState] INFO  impl.FollowerState (FollowerState.java:run(143)) - 0e0cd2e9-f605-4044-a07f-8c47171ce2f7@group-BF7723920FB3-FollowerState: change to CANDIDATE, lastRpcElapsedTime:5171686314ns, electionTimeout:5169ms
2022-10-09 13:06:01,149 [0e0cd2e9-f605-4044-a07f-8c47171ce2f7@group-BF7723920FB3-FollowerState] INFO  impl.RoleInfo (RoleInfo.java:shutdownFollowerState(110)) - 0e0cd2e9-f605-4044-a07f-8c47171ce2f7: shutdown 0e0cd2e9-f605-4044-a07f-8c47171ce2f7@group-BF7723920FB3-FollowerState
2022-10-09 13:06:01,149 [0e0cd2e9-f605-4044-a07f-8c47171ce2f7@group-BF7723920FB3-FollowerState] INFO  server.RaftServer$Division (RaftServerImpl.java:setRole(299)) - 0e0cd2e9-f605-4044-a07f-8c47171ce2f7@group-BF7723920FB3: changes role from  FOLLOWER to CANDIDATE at term 3 for changeToCandidate
2022-10-09 13:06:01,152 [0e0cd2e9-f605-4044-a07f-8c47171ce2f7@group-BF7723920FB3-FollowerState] INFO  server.RaftServerConfigKeys (ConfUtils.java:logGet(46)) - raft.server.leaderelection.pre-vote = false (custom)
2022-10-09 13:06:01,152 [0e0cd2e9-f605-4044-a07f-8c47171ce2f7@group-BF7723920FB3-FollowerState] INFO  impl.RoleInfo (RoleInfo.java:updateAndGet(139)) - 0e0cd2e9-f605-4044-a07f-8c47171ce2f7: start 0e0cd2e9-f605-4044-a07f-8c47171ce2f7@group-BF7723920FB3-LeaderElection31
2022-10-09 13:06:01,157 [grpc-default-executor-0] INFO  server.RaftServer$Division (RaftServerImpl.java:requestVote(1152)) - 2d7a11ae-c5aa-41a6-85dc-c9a8e9cf90b2@group-BF7723920FB3: receive requestVote(ELECTION, 864752fb-4a03-48f8-92e4-9b272ebf5ecd, group-BF7723920FB3, 4, (t:0, i:0))
2022-10-09 13:06:01,157 [grpc-default-executor-0] INFO  impl.VoteContext (VoteContext.java:log(48)) - 2d7a11ae-c5aa-41a6-85dc-c9a8e9cf90b2@group-BF7723920FB3-FOLLOWER: reject ELECTION from 864752fb-4a03-48f8-92e4-9b272ebf5ecd: our priority 1 > candidate's priority 0
2022-10-09 13:06:01,157 [grpc-default-executor-0] INFO  server.RaftServer$Division (RaftServerImpl.java:setRole(299)) - 2d7a11ae-c5aa-41a6-85dc-c9a8e9cf90b2@group-BF7723920FB3: changes role from  FOLLOWER to FOLLOWER at term 4 for candidate:864752fb-4a03-48f8-92e4-9b272ebf5ecd
2022-10-09 13:06:01,157 [grpc-default-executor-0] INFO  impl.RoleInfo (RoleInfo.java:shutdownFollowerState(110)) - 2d7a11ae-c5aa-41a6-85dc-c9a8e9cf90b2: shutdown 2d7a11ae-c5aa-41a6-85dc-c9a8e9cf90b2@group-BF7723920FB3-FollowerState
2022-10-09 13:06:01,157 [grpc-default-executor-0] INFO  impl.RoleInfo (RoleInfo.java:updateAndGet(139)) - 2d7a11ae-c5aa-41a6-85dc-c9a8e9cf90b2: start 2d7a11ae-c5aa-41a6-85dc-c9a8e9cf90b2@group-BF7723920FB3-FollowerState
2022-10-09 13:06:01,157 [2d7a11ae-c5aa-41a6-85dc-c9a8e9cf90b2@group-BF7723920FB3-FollowerState] INFO  impl.FollowerState (FollowerState.java:run(152)) - 2d7a11ae-c5aa-41a6-85dc-c9a8e9cf90b2@group-BF7723920FB3-FollowerState was interrupted
2022-10-09 13:06:01,162 [grpc-default-executor-0] INFO  server.RaftServer$Division (RaftServerImpl.java:requestVote(1184)) - 2d7a11ae-c5aa-41a6-85dc-c9a8e9cf90b2@group-BF7723920FB3 replies to ELECTION vote request: 864752fb-4a03-48f8-92e4-9b272ebf5ecd<-2d7a11ae-c5aa-41a6-85dc-c9a8e9cf90b2#0:FAIL-t4. Peer's state: 2d7a11ae-c5aa-41a6-85dc-c9a8e9cf90b2@group-BF7723920FB3:t4, leader=null, voted=null, raftlog=2d7a11ae-c5aa-41a6-85dc-c9a8e9cf90b2@group-BF7723920FB3-SegmentedRaftLog:OPENED:c-1, conf=-1: [2d7a11ae-c5aa-41a6-85dc-c9a8e9cf90b2|rpc:10.1.0.209:34267|dataStream:|priority:1, 864752fb-4a03-48f8-92e4-9b272ebf5ecd|rpc:10.1.0.209:36301|dataStream:|priority:0, 0e0cd2e9-f605-4044-a07f-8c47171ce2f7|rpc:10.1.0.209:36435|dataStream:|priority:0], old=null
2022-10-09 13:06:01,163 [864752fb-4a03-48f8-92e4-9b272ebf5ecd@group-BF7723920FB3-LeaderElection30] INFO  impl.LeaderElection (LeaderElection.java:logAndReturn(90)) - 864752fb-4a03-48f8-92e4-9b272ebf5ecd@group-BF7723920FB3-LeaderElection30: ELECTION REJECTED received 1 response(s) and 0 exception(s):
2022-10-09 13:06:01,163 [864752fb-4a03-48f8-92e4-9b272ebf5ecd@group-BF7723920FB3-LeaderElection30] INFO  impl.LeaderElection (LeaderElection.java:logAndReturn(94)) -   Response 0: 864752fb-4a03-48f8-92e4-9b272ebf5ecd<-2d7a11ae-c5aa-41a6-85dc-c9a8e9cf90b2#0:FAIL-t4
2022-10-09 13:06:01,163 [864752fb-4a03-48f8-92e4-9b272ebf5ecd@group-BF7723920FB3-LeaderElection30] INFO  impl.LeaderElection (LeaderElection.java:askForVotes(312)) - 864752fb-4a03-48f8-92e4-9b272ebf5ecd@group-BF7723920FB3-LeaderElection30 ELECTION round 0: result REJECTED
2022-10-09 13:06:01,163 [864752fb-4a03-48f8-92e4-9b272ebf5ecd@group-BF7723920FB3-LeaderElection30] INFO  server.RaftServer$Division (RaftServerImpl.java:setRole(299)) - 864752fb-4a03-48f8-92e4-9b272ebf5ecd@group-BF7723920FB3: changes role from CANDIDATE to FOLLOWER at term 4 for REJECTED
2022-10-09 13:06:01,163 [864752fb-4a03-48f8-92e4-9b272ebf5ecd@group-BF7723920FB3-LeaderElection30] INFO  impl.RoleInfo (RoleInfo.java:shutdownLeaderElection(130)) - 864752fb-4a03-48f8-92e4-9b272ebf5ecd: shutdown 864752fb-4a03-48f8-92e4-9b272ebf5ecd@group-BF7723920FB3-LeaderElection30
2022-10-09 13:06:01,163 [864752fb-4a03-48f8-92e4-9b272ebf5ecd@group-BF7723920FB3-LeaderElection30] INFO  impl.RoleInfo (RoleInfo.java:updateAndGet(139)) - 864752fb-4a03-48f8-92e4-9b272ebf5ecd: start 864752fb-4a03-48f8-92e4-9b272ebf5ecd@group-BF7723920FB3-FollowerState
2022-10-09 13:06:01,176 [grpc-default-executor-0] INFO  server.RaftServer$Division (RaftServerImpl.java:requestVote(1152)) - 0e0cd2e9-f605-4044-a07f-8c47171ce2f7@group-BF7723920FB3: receive requestVote(ELECTION, 864752fb-4a03-48f8-92e4-9b272ebf5ecd, group-BF7723920FB3, 4, (t:0, i:0))
2022-10-09 13:06:01,185 [0e0cd2e9-f605-4044-a07f-8c47171ce2f7@group-BF7723920FB3-LeaderElection31] INFO  impl.LeaderElection (LeaderElection.java:askForVotes(310)) - 0e0cd2e9-f605-4044-a07f-8c47171ce2f7@group-BF7723920FB3-LeaderElection31 ELECTION round 0: submit vote requests at term 4 for -1: [2d7a11ae-c5aa-41a6-85dc-c9a8e9cf90b2|rpc:10.1.0.209:34267|priority:1, 864752fb-4a03-48f8-92e4-9b272ebf5ecd|rpc:10.1.0.209:36301|priority:0, 0e0cd2e9-f605-4044-a07f-8c47171ce2f7|rpc:10.1.0.209:36435|priority:0], old=null
2022-10-09 13:06:01,185 [grpc-default-executor-0] INFO  impl.VoteContext (VoteContext.java:log(48)) - 0e0cd2e9-f605-4044-a07f-8c47171ce2f7@group-BF7723920FB3-CANDIDATE: reject ELECTION from 864752fb-4a03-48f8-92e4-9b272ebf5ecd: already has voted for 0e0cd2e9-f605-4044-a07f-8c47171ce2f7 at current term 4
2022-10-09 13:06:01,185 [grpc-default-executor-0] INFO  server.RaftServer$Division (RaftServerImpl.java:requestVote(1184)) - 0e0cd2e9-f605-4044-a07f-8c47171ce2f7@group-BF7723920FB3 replies to ELECTION vote request: 864752fb-4a03-48f8-92e4-9b272ebf5ecd<-0e0cd2e9-f605-4044-a07f-8c47171ce2f7#0:FAIL-t4. Peer's state: 0e0cd2e9-f605-4044-a07f-8c47171ce2f7@group-BF7723920FB3:t4, leader=null, voted=0e0cd2e9-f605-4044-a07f-8c47171ce2f7, raftlog=0e0cd2e9-f605-4044-a07f-8c47171ce2f7@group-BF7723920FB3-SegmentedRaftLog:OPENED:c-1, conf=-1: [2d7a11ae-c5aa-41a6-85dc-c9a8e9cf90b2|rpc:10.1.0.209:34267|priority:1, 864752fb-4a03-48f8-92e4-9b272ebf5ecd|rpc:10.1.0.209:36301|priority:0, 0e0cd2e9-f605-4044-a07f-8c47171ce2f7|rpc:10.1.0.209:36435|priority:0], old=null
2022-10-09 13:06:01,208 [grpc-default-executor-0] INFO  server.RaftServer$Division (RaftServerImpl.java:requestVote(1152)) - 864752fb-4a03-48f8-92e4-9b272ebf5ecd@group-BF7723920FB3: receive requestVote(ELECTION, 0e0cd2e9-f605-4044-a07f-8c47171ce2f7, group-BF7723920FB3, 4, (t:0, i:0))
2022-10-09 13:06:01,208 [grpc-default-executor-0] INFO  impl.VoteContext (VoteContext.java:log(48)) - 864752fb-4a03-48f8-92e4-9b272ebf5ecd@group-BF7723920FB3-FOLLOWER: reject ELECTION from 0e0cd2e9-f605-4044-a07f-8c47171ce2f7: already has voted for 864752fb-4a03-48f8-92e4-9b272ebf5ecd at current term 4
2022-10-09 13:06:01,208 [grpc-default-executor-0] INFO  server.RaftServer$Division (RaftServerImpl.java:requestVote(1184)) - 864752fb-4a03-48f8-92e4-9b272ebf5ecd@group-BF7723920FB3 replies to ELECTION vote request: 0e0cd2e9-f605-4044-a07f-8c47171ce2f7<-864752fb-4a03-48f8-92e4-9b272ebf5ecd#0:FAIL-t4. Peer's state: 864752fb-4a03-48f8-92e4-9b272ebf5ecd@group-BF7723920FB3:t4, leader=null, voted=864752fb-4a03-48f8-92e4-9b272ebf5ecd, raftlog=864752fb-4a03-48f8-92e4-9b272ebf5ecd@group-BF7723920FB3-SegmentedRaftLog:OPENED:c-1, conf=-1: [2d7a11ae-c5aa-41a6-85dc-c9a8e9cf90b2|rpc:10.1.0.209:34267|dataStream:|priority:1, 864752fb-4a03-48f8-92e4-9b272ebf5ecd|rpc:10.1.0.209:36301|dataStream:|priority:0, 0e0cd2e9-f605-4044-a07f-8c47171ce2f7|rpc:10.1.0.209:36435|dataStream:|priority:0], old=null
2022-10-09 13:06:01,211 [grpc-default-executor-0] INFO  server.RaftServer$Division (RaftServerImpl.java:requestVote(1152)) - 2d7a11ae-c5aa-41a6-85dc-c9a8e9cf90b2@group-BF7723920FB3: receive requestVote(ELECTION, 0e0cd2e9-f605-4044-a07f-8c47171ce2f7, group-BF7723920FB3, 4, (t:0, i:0))
2022-10-09 13:06:01,211 [grpc-default-executor-0] INFO  impl.VoteContext (VoteContext.java:log(48)) - 2d7a11ae-c5aa-41a6-85dc-c9a8e9cf90b2@group-BF7723920FB3-FOLLOWER: reject ELECTION from 0e0cd2e9-f605-4044-a07f-8c47171ce2f7: our priority 1 > candidate's priority 0
2022-10-09 13:06:01,211 [grpc-default-executor-0] INFO  server.RaftServer$Division (RaftServerImpl.java:setRole(299)) - 2d7a11ae-c5aa-41a6-85dc-c9a8e9cf90b2@group-BF7723920FB3: changes role from  FOLLOWER to FOLLOWER at term 4 for candidate:0e0cd2e9-f605-4044-a07f-8c47171ce2f7
2022-10-09 13:06:01,212 [grpc-default-executor-0] INFO  impl.RoleInfo (RoleInfo.java:shutdownFollowerState(110)) - 2d7a11ae-c5aa-41a6-85dc-c9a8e9cf90b2: shutdown 2d7a11ae-c5aa-41a6-85dc-c9a8e9cf90b2@group-BF7723920FB3-FollowerState
2022-10-09 13:06:01,212 [grpc-default-executor-0] INFO  impl.RoleInfo (RoleInfo.java:updateAndGet(139)) - 2d7a11ae-c5aa-41a6-85dc-c9a8e9cf90b2: start 2d7a11ae-c5aa-41a6-85dc-c9a8e9cf90b2@group-BF7723920FB3-FollowerState
2022-10-09 13:06:01,212 [2d7a11ae-c5aa-41a6-85dc-c9a8e9cf90b2@group-BF7723920FB3-FollowerState] INFO  impl.FollowerState (FollowerState.java:run(152)) - 2d7a11ae-c5aa-41a6-85dc-c9a8e9cf90b2@group-BF7723920FB3-FollowerState was interrupted
2022-10-09 13:06:01,215 [grpc-default-executor-0] INFO  server.RaftServer$Division (RaftServerImpl.java:requestVote(1184)) - 2d7a11ae-c5aa-41a6-85dc-c9a8e9cf90b2@group-BF7723920FB3 replies to ELECTION vote request: 0e0cd2e9-f605-4044-a07f-8c47171ce2f7<-2d7a11ae-c5aa-41a6-85dc-c9a8e9cf90b2#0:FAIL-t4. Peer's state: 2d7a11ae-c5aa-41a6-85dc-c9a8e9cf90b2@group-BF7723920FB3:t4, leader=null, voted=null, raftlog=2d7a11ae-c5aa-41a6-85dc-c9a8e9cf90b2@group-BF7723920FB3-SegmentedRaftLog:OPENED:c-1, conf=-1: [2d7a11ae-c5aa-41a6-85dc-c9a8e9cf90b2|rpc:10.1.0.209:34267|dataStream:|priority:1, 864752fb-4a03-48f8-92e4-9b272ebf5ecd|rpc:10.1.0.209:36301|dataStream:|priority:0, 0e0cd2e9-f605-4044-a07f-8c47171ce2f7|rpc:10.1.0.209:36435|dataStream:|priority:0], old=null
2022-10-09 13:06:01,216 [0e0cd2e9-f605-4044-a07f-8c47171ce2f7@group-BF7723920FB3-LeaderElection31] INFO  impl.LeaderElection (LeaderElection.java:logAndReturn(90)) - 0e0cd2e9-f605-4044-a07f-8c47171ce2f7@group-BF7723920FB3-LeaderElection31: ELECTION REJECTED received 2 response(s) and 0 exception(s):
2022-10-09 13:06:01,216 [0e0cd2e9-f605-4044-a07f-8c47171ce2f7@group-BF7723920FB3-LeaderElection31] INFO  impl.LeaderElection (LeaderElection.java:logAndReturn(94)) -   Response 0: 0e0cd2e9-f605-4044-a07f-8c47171ce2f7<-2d7a11ae-c5aa-41a6-85dc-c9a8e9cf90b2#0:FAIL-t4
2022-10-09 13:06:01,216 [0e0cd2e9-f605-4044-a07f-8c47171ce2f7@group-BF7723920FB3-LeaderElection31] INFO  impl.LeaderElection (LeaderElection.java:logAndReturn(94)) -   Response 1: 0e0cd2e9-f605-4044-a07f-8c47171ce2f7<-864752fb-4a03-48f8-92e4-9b272ebf5ecd#0:FAIL-t4
2022-10-09 13:06:01,216 [0e0cd2e9-f605-4044-a07f-8c47171ce2f7@group-BF7723920FB3-LeaderElection31] INFO  impl.LeaderElection (LeaderElection.java:askForVotes(312)) - 0e0cd2e9-f605-4044-a07f-8c47171ce2f7@group-BF7723920FB3-LeaderElection31 ELECTION round 0: result REJECTED
2022-10-09 13:06:01,216 [0e0cd2e9-f605-4044-a07f-8c47171ce2f7@group-BF7723920FB3-LeaderElection31] INFO  server.RaftServer$Division (RaftServerImpl.java:setRole(299)) - 0e0cd2e9-f605-4044-a07f-8c47171ce2f7@group-BF7723920FB3: changes role from CANDIDATE to FOLLOWER at term 4 for REJECTED
2022-10-09 13:06:01,216 [0e0cd2e9-f605-4044-a07f-8c47171ce2f7@group-BF7723920FB3-LeaderElection31] INFO  impl.RoleInfo (RoleInfo.java:shutdownLeaderElection(130)) - 0e0cd2e9-f605-4044-a07f-8c47171ce2f7: shutdown 0e0cd2e9-f605-4044-a07f-8c47171ce2f7@group-BF7723920FB3-LeaderElection31
2022-10-09 13:06:01,216 [0e0cd2e9-f605-4044-a07f-8c47171ce2f7@group-BF7723920FB3-LeaderElection31] INFO  impl.RoleInfo (RoleInfo.java:updateAndGet(139)) - 0e0cd2e9-f605-4044-a07f-8c47171ce2f7: start 0e0cd2e9-f605-4044-a07f-8c47171ce2f7@group-BF7723920FB3-FollowerState
2022-10-09 13:06:06,288 [0e0cd2e9-f605-4044-a07f-8c47171ce2f7@group-BF7723920FB3-FollowerState] INFO  impl.FollowerState (FollowerState.java:run(143)) - 0e0cd2e9-f605-4044-a07f-8c47171ce2f7@group-BF7723920FB3-FollowerState: change to CANDIDATE, lastRpcElapsedTime:5071730927ns, electionTimeout:5064ms
2022-10-09 13:06:06,288 [0e0cd2e9-f605-4044-a07f-8c47171ce2f7@group-BF7723920FB3-FollowerState] INFO  impl.RoleInfo (RoleInfo.java:shutdownFollowerState(110)) - 0e0cd2e9-f605-4044-a07f-8c47171ce2f7: shutdown 0e0cd2e9-f605-4044-a07f-8c47171ce2f7@group-BF7723920FB3-FollowerState
2022-10-09 13:06:06,288 [0e0cd2e9-f605-4044-a07f-8c47171ce2f7@group-BF7723920FB3-FollowerState] INFO  server.RaftServer$Division (RaftServerImpl.java:setRole(299)) - 0e0cd2e9-f605-4044-a07f-8c47171ce2f7@group-BF7723920FB3: changes role from  FOLLOWER to CANDIDATE at term 4 for changeToCandidate
2022-10-09 13:06:06,288 [0e0cd2e9-f605-4044-a07f-8c47171ce2f7@group-BF7723920FB3-FollowerState] INFO  server.RaftServerConfigKeys (ConfUtils.java:logGet(46)) - raft.server.leaderelection.pre-vote = false (custom)
2022-10-09 13:06:06,288 [0e0cd2e9-f605-4044-a07f-8c47171ce2f7@group-BF7723920FB3-FollowerState] INFO  impl.RoleInfo (RoleInfo.java:updateAndGet(139)) - 0e0cd2e9-f605-4044-a07f-8c47171ce2f7: start 0e0cd2e9-f605-4044-a07f-8c47171ce2f7@group-BF7723920FB3-LeaderElection32
2022-10-09 13:06:06,297 [864752fb-4a03-48f8-92e4-9b272ebf5ecd@group-BF7723920FB3-FollowerState] INFO  impl.FollowerState (FollowerState.java:run(143)) - 864752fb-4a03-48f8-92e4-9b272ebf5ecd@group-BF7723920FB3-FollowerState: change to CANDIDATE, lastRpcElapsedTime:5133283626ns, electionTimeout:5131ms
2022-10-09 13:06:06,297 [864752fb-4a03-48f8-92e4-9b272ebf5ecd@group-BF7723920FB3-FollowerState] INFO  impl.RoleInfo (RoleInfo.java:shutdownFollowerState(110)) - 864752fb-4a03-48f8-92e4-9b272ebf5ecd: shutdown 864752fb-4a03-48f8-92e4-9b272ebf5ecd@group-BF7723920FB3-FollowerState
2022-10-09 13:06:06,297 [864752fb-4a03-48f8-92e4-9b272ebf5ecd@group-BF7723920FB3-FollowerState] INFO  server.RaftServer$Division (RaftServerImpl.java:setRole(299)) - 864752fb-4a03-48f8-92e4-9b272ebf5ecd@group-BF7723920FB3: changes role from  FOLLOWER to CANDIDATE at term 4 for changeToCandidate
2022-10-09 13:06:06,305 [864752fb-4a03-48f8-92e4-9b272ebf5ecd@group-BF7723920FB3-FollowerState] INFO  server.RaftServerConfigKeys (ConfUtils.java:logGet(46)) - raft.server.leaderelection.pre-vote = false (custom)
2022-10-09 13:06:06,305 [864752fb-4a03-48f8-92e4-9b272ebf5ecd@group-BF7723920FB3-FollowerState] INFO  impl.RoleInfo (RoleInfo.java:updateAndGet(139)) - 864752fb-4a03-48f8-92e4-9b272ebf5ecd: start 864752fb-4a03-48f8-92e4-9b272ebf5ecd@group-BF7723920FB3-LeaderElection33
2022-10-09 13:06:06,328 [0e0cd2e9-f605-4044-a07f-8c47171ce2f7@group-BF7723920FB3-LeaderElection32] INFO  impl.LeaderElection (LeaderElection.java:askForVotes(310)) - 0e0cd2e9-f605-4044-a07f-8c47171ce2f7@group-BF7723920FB3-LeaderElection32 ELECTION round 0: submit vote requests at term 5 for -1: [2d7a11ae-c5aa-41a6-85dc-c9a8e9cf90b2|rpc:10.1.0.209:34267|priority:1, 864752fb-4a03-48f8-92e4-9b272ebf5ecd|rpc:10.1.0.209:36301|priority:0, 0e0cd2e9-f605-4044-a07f-8c47171ce2f7|rpc:10.1.0.209:36435|priority:0], old=null
2022-10-09 13:06:06,332 [864752fb-4a03-48f8-92e4-9b272ebf5ecd@group-BF7723920FB3-LeaderElection33] INFO  impl.LeaderElection (LeaderElection.java:askForVotes(310)) - 864752fb-4a03-48f8-92e4-9b272ebf5ecd@group-BF7723920FB3-LeaderElection33 ELECTION round 0: submit vote requests at term 5 for -1: [2d7a11ae-c5aa-41a6-85dc-c9a8e9cf90b2|rpc:10.1.0.209:34267|dataStream:|priority:1, 864752fb-4a03-48f8-92e4-9b272ebf5ecd|rpc:10.1.0.209:36301|dataStream:|priority:0, 0e0cd2e9-f605-4044-a07f-8c47171ce2f7|rpc:10.1.0.209:36435|dataStream:|priority:0], old=null
2022-10-09 13:06:06,353 [grpc-default-executor-0] INFO  server.RaftServer$Division (RaftServerImpl.java:requestVote(1152)) - 2d7a11ae-c5aa-41a6-85dc-c9a8e9cf90b2@group-BF7723920FB3: receive requestVote(ELECTION, 0e0cd2e9-f605-4044-a07f-8c47171ce2f7, group-BF7723920FB3, 5, (t:0, i:0))
2022-10-09 13:06:06,353 [grpc-default-executor-0] INFO  impl.VoteContext (VoteContext.java:log(48)) - 2d7a11ae-c5aa-41a6-85dc-c9a8e9cf90b2@group-BF7723920FB3-FOLLOWER: reject ELECTION from 0e0cd2e9-f605-4044-a07f-8c47171ce2f7: our priority 1 > candidate's priority 0
2022-10-09 13:06:06,353 [grpc-default-executor-0] INFO  server.RaftServer$Division (RaftServerImpl.java:setRole(299)) - 2d7a11ae-c5aa-41a6-85dc-c9a8e9cf90b2@group-BF7723920FB3: changes role from  FOLLOWER to FOLLOWER at term 5 for candidate:0e0cd2e9-f605-4044-a07f-8c47171ce2f7
2022-10-09 13:06:06,353 [grpc-default-executor-0] INFO  impl.RoleInfo (RoleInfo.java:shutdownFollowerState(110)) - 2d7a11ae-c5aa-41a6-85dc-c9a8e9cf90b2: shutdown 2d7a11ae-c5aa-41a6-85dc-c9a8e9cf90b2@group-BF7723920FB3-FollowerState
2022-10-09 13:06:06,353 [grpc-default-executor-0] INFO  impl.RoleInfo (RoleInfo.java:updateAndGet(139)) - 2d7a11ae-c5aa-41a6-85dc-c9a8e9cf90b2: start 2d7a11ae-c5aa-41a6-85dc-c9a8e9cf90b2@group-BF7723920FB3-FollowerState
2022-10-09 13:06:06,353 [2d7a11ae-c5aa-41a6-85dc-c9a8e9cf90b2@group-BF7723920FB3-FollowerState] INFO  impl.FollowerState (FollowerState.java:run(152)) - 2d7a11ae-c5aa-41a6-85dc-c9a8e9cf90b2@group-BF7723920FB3-FollowerState was interrupted
2022-10-09 13:06:06,361 [grpc-default-executor-0] INFO  server.RaftServer$Division (RaftServerImpl.java:requestVote(1184)) - 2d7a11ae-c5aa-41a6-85dc-c9a8e9cf90b2@group-BF7723920FB3 replies to ELECTION vote request: 0e0cd2e9-f605-4044-a07f-8c47171ce2f7<-2d7a11ae-c5aa-41a6-85dc-c9a8e9cf90b2#0:FAIL-t5. Peer's state: 2d7a11ae-c5aa-41a6-85dc-c9a8e9cf90b2@group-BF7723920FB3:t5, leader=null, voted=null, raftlog=2d7a11ae-c5aa-41a6-85dc-c9a8e9cf90b2@group-BF7723920FB3-SegmentedRaftLog:OPENED:c-1, conf=-1: [2d7a11ae-c5aa-41a6-85dc-c9a8e9cf90b2|rpc:10.1.0.209:34267|dataStream:|priority:1, 864752fb-4a03-48f8-92e4-9b272ebf5ecd|rpc:10.1.0.209:36301|dataStream:|priority:0, 0e0cd2e9-f605-4044-a07f-8c47171ce2f7|rpc:10.1.0.209:36435|dataStream:|priority:0], old=null
2022-10-09 13:06:06,388 [grpc-default-executor-3] INFO  server.RaftServer$Division (RaftServerImpl.java:requestVote(1152)) - 864752fb-4a03-48f8-92e4-9b272ebf5ecd@group-BF7723920FB3: receive requestVote(ELECTION, 0e0cd2e9-f605-4044-a07f-8c47171ce2f7, group-BF7723920FB3, 5, (t:0, i:0))
2022-10-09 13:06:06,388 [grpc-default-executor-3] INFO  impl.VoteContext (VoteContext.java:log(48)) - 864752fb-4a03-48f8-92e4-9b272ebf5ecd@group-BF7723920FB3-CANDIDATE: reject ELECTION from 0e0cd2e9-f605-4044-a07f-8c47171ce2f7: already has voted for 864752fb-4a03-48f8-92e4-9b272ebf5ecd at current term 5
2022-10-09 13:06:06,389 [grpc-default-executor-3] INFO  server.RaftServer$Division (RaftServerImpl.java:requestVote(1184)) - 864752fb-4a03-48f8-92e4-9b272ebf5ecd@group-BF7723920FB3 replies to ELECTION vote request: 0e0cd2e9-f605-4044-a07f-8c47171ce2f7<-864752fb-4a03-48f8-92e4-9b272ebf5ecd#0:FAIL-t5. Peer's state: 864752fb-4a03-48f8-92e4-9b272ebf5ecd@group-BF7723920FB3:t5, leader=null, voted=864752fb-4a03-48f8-92e4-9b272ebf5ecd, raftlog=864752fb-4a03-48f8-92e4-9b272ebf5ecd@group-BF7723920FB3-SegmentedRaftLog:OPENED:c-1, conf=-1: [2d7a11ae-c5aa-41a6-85dc-c9a8e9cf90b2|rpc:10.1.0.209:34267|dataStream:|priority:1, 864752fb-4a03-48f8-92e4-9b272ebf5ecd|rpc:10.1.0.209:36301|dataStream:|priority:0, 0e0cd2e9-f605-4044-a07f-8c47171ce2f7|rpc:10.1.0.209:36435|dataStream:|priority:0], old=null
2022-10-09 13:06:06,408 [0e0cd2e9-f605-4044-a07f-8c47171ce2f7@group-BF7723920FB3-LeaderElection32] INFO  impl.LeaderElection (LeaderElection.java:logAndReturn(90)) - 0e0cd2e9-f605-4044-a07f-8c47171ce2f7@group-BF7723920FB3-LeaderElection32: ELECTION REJECTED received 2 response(s) and 0 exception(s):
2022-10-09 13:06:06,408 [0e0cd2e9-f605-4044-a07f-8c47171ce2f7@group-BF7723920FB3-LeaderElection32] INFO  impl.LeaderElection (LeaderElection.java:logAndReturn(94)) -   Response 0: 0e0cd2e9-f605-4044-a07f-8c47171ce2f7<-2d7a11ae-c5aa-41a6-85dc-c9a8e9cf90b2#0:FAIL-t5
2022-10-09 13:06:06,409 [0e0cd2e9-f605-4044-a07f-8c47171ce2f7@group-BF7723920FB3-LeaderElection32] INFO  impl.LeaderElection (LeaderElection.java:logAndReturn(94)) -   Response 1: 0e0cd2e9-f605-4044-a07f-8c47171ce2f7<-864752fb-4a03-48f8-92e4-9b272ebf5ecd#0:FAIL-t5
2022-10-09 13:06:06,409 [0e0cd2e9-f605-4044-a07f-8c47171ce2f7@group-BF7723920FB3-LeaderElection32] INFO  impl.LeaderElection (LeaderElection.java:askForVotes(312)) - 0e0cd2e9-f605-4044-a07f-8c47171ce2f7@group-BF7723920FB3-LeaderElection32 ELECTION round 0: result REJECTED
2022-10-09 13:06:06,409 [0e0cd2e9-f605-4044-a07f-8c47171ce2f7@group-BF7723920FB3-LeaderElection32] INFO  server.RaftServer$Division (RaftServerImpl.java:setRole(299)) - 0e0cd2e9-f605-4044-a07f-8c47171ce2f7@group-BF7723920FB3: changes role from CANDIDATE to FOLLOWER at term 5 for REJECTED
2022-10-09 13:06:06,409 [0e0cd2e9-f605-4044-a07f-8c47171ce2f7@group-BF7723920FB3-LeaderElection32] INFO  impl.RoleInfo (RoleInfo.java:shutdownLeaderElection(130)) - 0e0cd2e9-f605-4044-a07f-8c47171ce2f7: shutdown 0e0cd2e9-f605-4044-a07f-8c47171ce2f7@group-BF7723920FB3-LeaderElection32
2022-10-09 13:06:06,409 [0e0cd2e9-f605-4044-a07f-8c47171ce2f7@group-BF7723920FB3-LeaderElection32] INFO  impl.RoleInfo (RoleInfo.java:updateAndGet(139)) - 0e0cd2e9-f605-4044-a07f-8c47171ce2f7: start 0e0cd2e9-f605-4044-a07f-8c47171ce2f7@group-BF7723920FB3-FollowerState
2022-10-09 13:06:06,419 [grpc-default-executor-3] INFO  server.RaftServer$Division (RaftServerImpl.java:requestVote(1152)) - 2d7a11ae-c5aa-41a6-85dc-c9a8e9cf90b2@group-BF7723920FB3: receive requestVote(ELECTION, 864752fb-4a03-48f8-92e4-9b272ebf5ecd, group-BF7723920FB3, 5, (t:0, i:0))
2022-10-09 13:06:06,419 [grpc-default-executor-3] INFO  impl.VoteContext (VoteContext.java:log(48)) - 2d7a11ae-c5aa-41a6-85dc-c9a8e9cf90b2@group-BF7723920FB3-FOLLOWER: reject ELECTION from 864752fb-4a03-48f8-92e4-9b272ebf5ecd: our priority 1 > candidate's priority 0
2022-10-09 13:06:06,419 [grpc-default-executor-3] INFO  server.RaftServer$Division (RaftServerImpl.java:setRole(299)) - 2d7a11ae-c5aa-41a6-85dc-c9a8e9cf90b2@group-BF7723920FB3: changes role from  FOLLOWER to FOLLOWER at term 5 for candidate:864752fb-4a03-48f8-92e4-9b272ebf5ecd
2022-10-09 13:06:06,419 [grpc-default-executor-3] INFO  impl.RoleInfo (RoleInfo.java:shutdownFollowerState(110)) - 2d7a11ae-c5aa-41a6-85dc-c9a8e9cf90b2: shutdown 2d7a11ae-c5aa-41a6-85dc-c9a8e9cf90b2@group-BF7723920FB3-FollowerState
2022-10-09 13:06:06,419 [grpc-default-executor-3] INFO  impl.RoleInfo (RoleInfo.java:updateAndGet(139)) - 2d7a11ae-c5aa-41a6-85dc-c9a8e9cf90b2: start 2d7a11ae-c5aa-41a6-85dc-c9a8e9cf90b2@group-BF7723920FB3-FollowerState
2022-10-09 13:06:06,419 [grpc-default-executor-0] INFO  server.RaftServer$Division (RaftServerImpl.java:requestVote(1152)) - 0e0cd2e9-f605-4044-a07f-8c47171ce2f7@group-BF7723920FB3: receive requestVote(ELECTION, 864752fb-4a03-48f8-92e4-9b272ebf5ecd, group-BF7723920FB3, 5, (t:0, i:0))
2022-10-09 13:06:06,419 [grpc-default-executor-0] INFO  impl.VoteContext (VoteContext.java:log(48)) - 0e0cd2e9-f605-4044-a07f-8c47171ce2f7@group-BF7723920FB3-FOLLOWER: reject ELECTION from 864752fb-4a03-48f8-92e4-9b272ebf5ecd: already has voted for 0e0cd2e9-f605-4044-a07f-8c47171ce2f7 at current term 5
2022-10-09 13:06:06,419 [grpc-default-executor-0] INFO  server.RaftServer$Division (RaftServerImpl.java:requestVote(1184)) - 0e0cd2e9-f605-4044-a07f-8c47171ce2f7@group-BF7723920FB3 replies to ELECTION vote request: 864752fb-4a03-48f8-92e4-9b272ebf5ecd<-0e0cd2e9-f605-4044-a07f-8c47171ce2f7#0:FAIL-t5. Peer's state: 0e0cd2e9-f605-4044-a07f-8c47171ce2f7@group-BF7723920FB3:t5, leader=null, voted=0e0cd2e9-f605-4044-a07f-8c47171ce2f7, raftlog=0e0cd2e9-f605-4044-a07f-8c47171ce2f7@group-BF7723920FB3-SegmentedRaftLog:OPENED:c-1, conf=-1: [2d7a11ae-c5aa-41a6-85dc-c9a8e9cf90b2|rpc:10.1.0.209:34267|priority:1, 864752fb-4a03-48f8-92e4-9b272ebf5ecd|rpc:10.1.0.209:36301|priority:0, 0e0cd2e9-f605-4044-a07f-8c47171ce2f7|rpc:10.1.0.209:36435|priority:0], old=null
2022-10-09 13:06:06,419 [2d7a11ae-c5aa-41a6-85dc-c9a8e9cf90b2@group-BF7723920FB3-FollowerState] INFO  impl.FollowerState (FollowerState.java:run(152)) - 2d7a11ae-c5aa-41a6-85dc-c9a8e9cf90b2@group-BF7723920FB3-FollowerState was interrupted
2022-10-09 13:06:06,424 [grpc-default-executor-3] INFO  server.RaftServer$Division (RaftServerImpl.java:requestVote(1184)) - 2d7a11ae-c5aa-41a6-85dc-c9a8e9cf90b2@group-BF7723920FB3 replies to ELECTION vote request: 864752fb-4a03-48f8-92e4-9b272ebf5ecd<-2d7a11ae-c5aa-41a6-85dc-c9a8e9cf90b2#0:FAIL-t5. Peer's state: 2d7a11ae-c5aa-41a6-85dc-c9a8e9cf90b2@group-BF7723920FB3:t5, leader=null, voted=null, raftlog=2d7a11ae-c5aa-41a6-85dc-c9a8e9cf90b2@group-BF7723920FB3-SegmentedRaftLog:OPENED:c-1, conf=-1: [2d7a11ae-c5aa-41a6-85dc-c9a8e9cf90b2|rpc:10.1.0.209:34267|dataStream:|priority:1, 864752fb-4a03-48f8-92e4-9b272ebf5ecd|rpc:10.1.0.209:36301|dataStream:|priority:0, 0e0cd2e9-f605-4044-a07f-8c47171ce2f7|rpc:10.1.0.209:36435|dataStream:|priority:0], old=null
2022-10-09 13:06:06,439 [864752fb-4a03-48f8-92e4-9b272ebf5ecd@group-BF7723920FB3-LeaderElection33] INFO  impl.LeaderElection (LeaderElection.java:logAndReturn(90)) - 864752fb-4a03-48f8-92e4-9b272ebf5ecd@group-BF7723920FB3-LeaderElection33: ELECTION REJECTED received 1 response(s) and 0 exception(s):
2022-10-09 13:06:06,439 [864752fb-4a03-48f8-92e4-9b272ebf5ecd@group-BF7723920FB3-LeaderElection33] INFO  impl.LeaderElection (LeaderElection.java:logAndReturn(94)) -   Response 0: 864752fb-4a03-48f8-92e4-9b272ebf5ecd<-2d7a11ae-c5aa-41a6-85dc-c9a8e9cf90b2#0:FAIL-t5
2022-10-09 13:06:06,439 [864752fb-4a03-48f8-92e4-9b272ebf5ecd@group-BF7723920FB3-LeaderElection33] INFO  impl.LeaderElection (LeaderElection.java:askForVotes(312)) - 864752fb-4a03-48f8-92e4-9b272ebf5ecd@group-BF7723920FB3-LeaderElection33 ELECTION round 0: result REJECTED
2022-10-09 13:06:06,439 [864752fb-4a03-48f8-92e4-9b272ebf5ecd@group-BF7723920FB3-LeaderElection33] INFO  server.RaftServer$Division (RaftServerImpl.java:setRole(299)) - 864752fb-4a03-48f8-92e4-9b272ebf5ecd@group-BF7723920FB3: changes role from CANDIDATE to FOLLOWER at term 5 for REJECTED
2022-10-09 13:06:06,439 [864752fb-4a03-48f8-92e4-9b272ebf5ecd@group-BF7723920FB3-LeaderElection33] INFO  impl.RoleInfo (RoleInfo.java:shutdownLeaderElection(130)) - 864752fb-4a03-48f8-92e4-9b272ebf5ecd: shutdown 864752fb-4a03-48f8-92e4-9b272ebf5ecd@group-BF7723920FB3-LeaderElection33
2022-10-09 13:06:06,439 [864752fb-4a03-48f8-92e4-9b272ebf5ecd@group-BF7723920FB3-LeaderElection33] INFO  impl.RoleInfo (RoleInfo.java:updateAndGet(139)) - 864752fb-4a03-48f8-92e4-9b272ebf5ecd: start 864752fb-4a03-48f8-92e4-9b272ebf5ecd@group-BF7723920FB3-FollowerState
2022-10-09 13:06:11,474 [2d7a11ae-c5aa-41a6-85dc-c9a8e9cf90b2@group-BF7723920FB3-FollowerState] INFO  impl.FollowerState (FollowerState.java:run(143)) - 2d7a11ae-c5aa-41a6-85dc-c9a8e9cf90b2@group-BF7723920FB3-FollowerState: change to CANDIDATE, lastRpcElapsedTime:5054828226ns, electionTimeout:5026ms
2022-10-09 13:06:11,474 [2d7a11ae-c5aa-41a6-85dc-c9a8e9cf90b2@group-BF7723920FB3-FollowerState] INFO  impl.RoleInfo (RoleInfo.java:shutdownFollowerState(110)) - 2d7a11ae-c5aa-41a6-85dc-c9a8e9cf90b2: shutdown 2d7a11ae-c5aa-41a6-85dc-c9a8e9cf90b2@group-BF7723920FB3-FollowerState
2022-10-09 13:06:11,474 [2d7a11ae-c5aa-41a6-85dc-c9a8e9cf90b2@group-BF7723920FB3-FollowerState] INFO  server.RaftServer$Division (RaftServerImpl.java:setRole(299)) - 2d7a11ae-c5aa-41a6-85dc-c9a8e9cf90b2@group-BF7723920FB3: changes role from  FOLLOWER to CANDIDATE at term 5 for changeToCandidate
2022-10-09 13:06:11,474 [2d7a11ae-c5aa-41a6-85dc-c9a8e9cf90b2@group-BF7723920FB3-FollowerState] INFO  server.RaftServerConfigKeys (ConfUtils.java:logGet(46)) - raft.server.leaderelection.pre-vote = false (custom)
2022-10-09 13:06:11,474 [2d7a11ae-c5aa-41a6-85dc-c9a8e9cf90b2@group-BF7723920FB3-FollowerState] INFO  impl.RoleInfo (RoleInfo.java:updateAndGet(139)) - 2d7a11ae-c5aa-41a6-85dc-c9a8e9cf90b2: start 2d7a11ae-c5aa-41a6-85dc-c9a8e9cf90b2@group-BF7723920FB3-LeaderElection34
2022-10-09 13:06:11,492 [2d7a11ae-c5aa-41a6-85dc-c9a8e9cf90b2@group-BF7723920FB3-LeaderElection34] INFO  impl.LeaderElection (LeaderElection.java:askForVotes(310)) - 2d7a11ae-c5aa-41a6-85dc-c9a8e9cf90b2@group-BF7723920FB3-LeaderElection34 ELECTION round 0: submit vote requests at term 6 for -1: [2d7a11ae-c5aa-41a6-85dc-c9a8e9cf90b2|rpc:10.1.0.209:34267|dataStream:|priority:1, 864752fb-4a03-48f8-92e4-9b272ebf5ecd|rpc:10.1.0.209:36301|dataStream:|priority:0, 0e0cd2e9-f605-4044-a07f-8c47171ce2f7|rpc:10.1.0.209:36435|dataStream:|priority:0], old=null
2022-10-09 13:06:11,521 [grpc-default-executor-3] INFO  server.RaftServer$Division (RaftServerImpl.java:requestVote(1152)) - 864752fb-4a03-48f8-92e4-9b272ebf5ecd@group-BF7723920FB3: receive requestVote(ELECTION, 2d7a11ae-c5aa-41a6-85dc-c9a8e9cf90b2, group-BF7723920FB3, 6, (t:0, i:0))
2022-10-09 13:06:11,521 [grpc-default-executor-3] INFO  impl.VoteContext (VoteContext.java:log(48)) - 864752fb-4a03-48f8-92e4-9b272ebf5ecd@group-BF7723920FB3-FOLLOWER: accept ELECTION from 2d7a11ae-c5aa-41a6-85dc-c9a8e9cf90b2: our priority 0 <= candidate's priority 1
2022-10-09 13:06:11,521 [grpc-default-executor-3] INFO  server.RaftServer$Division (RaftServerImpl.java:setRole(299)) - 864752fb-4a03-48f8-92e4-9b272ebf5ecd@group-BF7723920FB3: changes role from  FOLLOWER to FOLLOWER at term 6 for candidate:2d7a11ae-c5aa-41a6-85dc-c9a8e9cf90b2
2022-10-09 13:06:11,521 [grpc-default-executor-3] INFO  impl.RoleInfo (RoleInfo.java:shutdownFollowerState(110)) - 864752fb-4a03-48f8-92e4-9b272ebf5ecd: shutdown 864752fb-4a03-48f8-92e4-9b272ebf5ecd@group-BF7723920FB3-FollowerState
2022-10-09 13:06:11,521 [grpc-default-executor-3] INFO  impl.RoleInfo (RoleInfo.java:updateAndGet(139)) - 864752fb-4a03-48f8-92e4-9b272ebf5ecd: start 864752fb-4a03-48f8-92e4-9b272ebf5ecd@group-BF7723920FB3-FollowerState
2022-10-09 13:06:11,521 [864752fb-4a03-48f8-92e4-9b272ebf5ecd@group-BF7723920FB3-FollowerState] INFO  impl.FollowerState (FollowerState.java:run(152)) - 864752fb-4a03-48f8-92e4-9b272ebf5ecd@group-BF7723920FB3-FollowerState was interrupted
2022-10-09 13:06:11,531 [grpc-default-executor-3] INFO  server.RaftServer$Division (RaftServerImpl.java:requestVote(1184)) - 864752fb-4a03-48f8-92e4-9b272ebf5ecd@group-BF7723920FB3 replies to ELECTION vote request: 2d7a11ae-c5aa-41a6-85dc-c9a8e9cf90b2<-864752fb-4a03-48f8-92e4-9b272ebf5ecd#0:OK-t6. Peer's state: 864752fb-4a03-48f8-92e4-9b272ebf5ecd@group-BF7723920FB3:t6, leader=null, voted=2d7a11ae-c5aa-41a6-85dc-c9a8e9cf90b2, raftlog=864752fb-4a03-48f8-92e4-9b272ebf5ecd@group-BF7723920FB3-SegmentedRaftLog:OPENED:c-1, conf=-1: [2d7a11ae-c5aa-41a6-85dc-c9a8e9cf90b2|rpc:10.1.0.209:34267|dataStream:|priority:1, 864752fb-4a03-48f8-92e4-9b272ebf5ecd|rpc:10.1.0.209:36301|dataStream:|priority:0, 0e0cd2e9-f605-4044-a07f-8c47171ce2f7|rpc:10.1.0.209:36435|dataStream:|priority:0], old=null
2022-10-09 13:06:11,540 [2d7a11ae-c5aa-41a6-85dc-c9a8e9cf90b2@group-BF7723920FB3-LeaderElection34] INFO  impl.LeaderElection (LeaderElection.java:logAndReturn(90)) - 2d7a11ae-c5aa-41a6-85dc-c9a8e9cf90b2@group-BF7723920FB3-LeaderElection34: ELECTION PASSED received 1 response(s) and 0 exception(s):
2022-10-09 13:06:11,540 [2d7a11ae-c5aa-41a6-85dc-c9a8e9cf90b2@group-BF7723920FB3-LeaderElection34] INFO  impl.LeaderElection (LeaderElection.java:logAndReturn(94)) -   Response 0: 2d7a11ae-c5aa-41a6-85dc-c9a8e9cf90b2<-864752fb-4a03-48f8-92e4-9b272ebf5ecd#0:OK-t6
2022-10-09 13:06:11,540 [2d7a11ae-c5aa-41a6-85dc-c9a8e9cf90b2@group-BF7723920FB3-LeaderElection34] INFO  impl.LeaderElection (LeaderElection.java:askForVotes(312)) - 2d7a11ae-c5aa-41a6-85dc-c9a8e9cf90b2@group-BF7723920FB3-LeaderElection34 ELECTION round 0: result PASSED
2022-10-09 13:06:11,540 [2d7a11ae-c5aa-41a6-85dc-c9a8e9cf90b2@group-BF7723920FB3-LeaderElection34] INFO  impl.RoleInfo (RoleInfo.java:shutdownLeaderElection(130)) - 2d7a11ae-c5aa-41a6-85dc-c9a8e9cf90b2: shutdown 2d7a11ae-c5aa-41a6-85dc-c9a8e9cf90b2@group-BF7723920FB3-LeaderElection34
2022-10-09 13:06:11,540 [2d7a11ae-c5aa-41a6-85dc-c9a8e9cf90b2@group-BF7723920FB3-LeaderElection34] INFO  server.RaftServer$Division (RaftServerImpl.java:setRole(299)) - 2d7a11ae-c5aa-41a6-85dc-c9a8e9cf90b2@group-BF7723920FB3: changes role from CANDIDATE to LEADER at term 6 for changeToLeader
2022-10-09 13:06:11,540 [2d7a11ae-c5aa-41a6-85dc-c9a8e9cf90b2@group-BF7723920FB3-LeaderElection34] INFO  ratis.XceiverServerRatis (XceiverServerRatis.java:handleLeaderChangedNotification(863)) - Leader change notification received for group: group-BF7723920FB3 with new leaderId: 2d7a11ae-c5aa-41a6-85dc-c9a8e9cf90b2
2022-10-09 13:06:11,540 [2d7a11ae-c5aa-41a6-85dc-c9a8e9cf90b2@group-BF7723920FB3-LeaderElection34] INFO  server.RaftServer$Division (ServerState.java:setLeader(287)) - 2d7a11ae-c5aa-41a6-85dc-c9a8e9cf90b2@group-BF7723920FB3: change Leader from null to 2d7a11ae-c5aa-41a6-85dc-c9a8e9cf90b2 at term 6 for becomeLeader, leader elected after 30896ms
2022-10-09 13:06:11,540 [2d7a11ae-c5aa-41a6-85dc-c9a8e9cf90b2@group-BF7723920FB3-LeaderElection34] INFO  server.RaftServerConfigKeys (ConfUtils.java:logGet(46)) - raft.server.staging.catchup.gap = 1000 (default)
2022-10-09 13:06:11,549 [2d7a11ae-c5aa-41a6-85dc-c9a8e9cf90b2@group-BF7723920FB3-LeaderElection34] INFO  server.RaftServerConfigKeys (ConfUtils.java:logGet(46)) - raft.server.write.element-limit = 1024 (custom)
2022-10-09 13:06:11,549 [2d7a11ae-c5aa-41a6-85dc-c9a8e9cf90b2@group-BF7723920FB3-LeaderElection34] INFO  server.RaftServerConfigKeys (ConfUtils.java:logGet(46)) - raft.server.write.byte-limit = 1024 M (=1073741824) (custom)
2022-10-09 13:06:11,549 [2d7a11ae-c5aa-41a6-85dc-c9a8e9cf90b2@group-BF7723920FB3-LeaderElection34] INFO  server.RaftServerConfigKeys (ConfUtils.java:logGet(46)) - raft.server.watch.timeout = 180s (custom)
2022-10-09 13:06:11,549 [2d7a11ae-c5aa-41a6-85dc-c9a8e9cf90b2@group-BF7723920FB3-LeaderElection34] INFO  server.RaftServerConfigKeys (ConfUtils.java:logGet(46)) - raft.server.watch.timeout.denomination = 1s (default)
2022-10-09 13:06:11,549 [2d7a11ae-c5aa-41a6-85dc-c9a8e9cf90b2@group-BF7723920FB3-LeaderElection34] INFO  server.RaftServerConfigKeys (ConfUtils.java:logGet(46)) - raft.server.watch.element-limit = 65536 (default)
2022-10-09 13:06:11,549 [2d7a11ae-c5aa-41a6-85dc-c9a8e9cf90b2@group-BF7723920FB3-LeaderElection34] INFO  server.RaftServerConfigKeys (ConfUtils.java:logGet(46)) - raft.server.write.element-limit = 1024 (custom)
2022-10-09 13:06:11,549 [2d7a11ae-c5aa-41a6-85dc-c9a8e9cf90b2@group-BF7723920FB3-LeaderElection34] INFO  server.RaftServerConfigKeys (ConfUtils.java:logGet(46)) - raft.server.write.follower.gap.ratio.max = -1.0 (default)
2022-10-09 13:06:11,550 [2d7a11ae-c5aa-41a6-85dc-c9a8e9cf90b2@group-BF7723920FB3-LeaderElection34] INFO  server.RaftServerConfigKeys (ConfUtils.java:logGet(46)) - raft.server.log.appender.snapshot.chunk.size.max = 16MB (=16777216) (default)
2022-10-09 13:06:11,550 [2d7a11ae-c5aa-41a6-85dc-c9a8e9cf90b2@group-BF7723920FB3-LeaderElection34] INFO  server.RaftServerConfigKeys (ConfUtils.java:logGet(46)) - raft.server.log.appender.buffer.byte-limit = 33554432 (custom)
2022-10-09 13:06:11,550 [2d7a11ae-c5aa-41a6-85dc-c9a8e9cf90b2@group-BF7723920FB3-LeaderElection34] INFO  server.RaftServerConfigKeys (ConfUtils.java:logGet(46)) - raft.server.log.appender.buffer.element-limit = 1 (custom)
2022-10-09 13:06:11,550 [2d7a11ae-c5aa-41a6-85dc-c9a8e9cf90b2@group-BF7723920FB3-LeaderElection34] INFO  grpc.GrpcConfigKeys (ConfUtils.java:logGet(46)) - raft.grpc.server.leader.outstanding.appends.max = 128 (default)
2022-10-09 13:06:11,550 [2d7a11ae-c5aa-41a6-85dc-c9a8e9cf90b2@group-BF7723920FB3-LeaderElection34] INFO  server.RaftServerConfigKeys (ConfUtils.java:logGet(46)) - raft.server.rpc.request.timeout = 60s (custom)
2022-10-09 13:06:11,550 [2d7a11ae-c5aa-41a6-85dc-c9a8e9cf90b2@group-BF7723920FB3-LeaderElection34] INFO  server.RaftServerConfigKeys (ConfUtils.java:logGet(46)) - raft.server.log.appender.install.snapshot.enabled = false (custom)
2022-10-09 13:06:11,551 [2d7a11ae-c5aa-41a6-85dc-c9a8e9cf90b2@group-BF7723920FB3-LeaderElection34] INFO  server.RaftServerConfigKeys (ConfUtils.java:logGet(46)) - raft.server.log.appender.snapshot.chunk.size.max = 16MB (=16777216) (default)
2022-10-09 13:06:11,551 [2d7a11ae-c5aa-41a6-85dc-c9a8e9cf90b2@group-BF7723920FB3-LeaderElection34] INFO  server.RaftServerConfigKeys (ConfUtils.java:logGet(46)) - raft.server.log.appender.buffer.byte-limit = 33554432 (custom)
2022-10-09 13:06:11,551 [2d7a11ae-c5aa-41a6-85dc-c9a8e9cf90b2@group-BF7723920FB3-LeaderElection34] INFO  server.RaftServerConfigKeys (ConfUtils.java:logGet(46)) - raft.server.log.appender.buffer.element-limit = 1 (custom)
2022-10-09 13:06:11,564 [EventQueue-PipelineReportForPipelineReportHandler] INFO  pipeline.PipelineManagerImpl (PipelineManagerImpl.java:openPipeline(367)) - Pipeline Pipeline[ Id: 64625589-bdec-47a0-b8f6-bf7723920fb3, Nodes: 864752fb-4a03-48f8-92e4-9b272ebf5ecd{ip: 10.1.0.209, host: fv-az212-628.zlodpucb4l4udavnfxg5s20dva.cx.internal.cloudapp.net, ports: [REPLICATION=45603, RATIS=36301, RATIS_ADMIN=36301, RATIS_SERVER=36301, STANDALONE=40617], networkLocation: /default-rack, certSerialId: null, persistedOpState: IN_SERVICE, persistedOpStateExpiryEpochSec: 0}2d7a11ae-c5aa-41a6-85dc-c9a8e9cf90b2{ip: 10.1.0.209, host: fv-az212-628.zlodpucb4l4udavnfxg5s20dva.cx.internal.cloudapp.net, ports: [REPLICATION=37283, RATIS=34267, RATIS_ADMIN=34267, RATIS_SERVER=34267, STANDALONE=35587], networkLocation: /default-rack, certSerialId: null, persistedOpState: IN_SERVICE, persistedOpStateExpiryEpochSec: 0}0e0cd2e9-f605-4044-a07f-8c47171ce2f7{ip: 10.1.0.209, host: fv-az212-628.zlodpucb4l4udavnfxg5s20dva.cx.internal.cloudapp.net, ports: [REPLICATION=44807, RATIS=36435, RATIS_ADMIN=36435, RATIS_SERVER=36435, STANDALONE=40693], networkLocation: /default-rack, certSerialId: null, persistedOpState: IN_SERVICE, persistedOpStateExpiryEpochSec: 0}, ReplicationConfig: RATIS/THREE, State:ALLOCATED, leaderId:2d7a11ae-c5aa-41a6-85dc-c9a8e9cf90b2, CreationTimestamp2022-10-09T13:05:38.523Z[Etc/UTC]] moved to OPEN state
2022-10-09 13:06:11,564 [2d7a11ae-c5aa-41a6-85dc-c9a8e9cf90b2@group-BF7723920FB3-LeaderElection34] INFO  grpc.GrpcConfigKeys (ConfUtils.java:logGet(46)) - raft.grpc.server.leader.outstanding.appends.max = 128 (default)
2022-10-09 13:06:11,564 [2d7a11ae-c5aa-41a6-85dc-c9a8e9cf90b2@group-BF7723920FB3-LeaderElection34] INFO  server.RaftServerConfigKeys (ConfUtils.java:logGet(46)) - raft.server.rpc.request.timeout = 60s (custom)
2022-10-09 13:06:11,564 [2d7a11ae-c5aa-41a6-85dc-c9a8e9cf90b2@group-BF7723920FB3-LeaderElection34] INFO  server.RaftServerConfigKeys (ConfUtils.java:logGet(46)) - raft.server.log.appender.install.snapshot.enabled = false (custom)
2022-10-09 13:06:11,564 [2d7a11ae-c5aa-41a6-85dc-c9a8e9cf90b2@group-BF7723920FB3-LeaderElection34] INFO  impl.RoleInfo (RoleInfo.java:updateAndGet(139)) - 2d7a11ae-c5aa-41a6-85dc-c9a8e9cf90b2: start 2d7a11ae-c5aa-41a6-85dc-c9a8e9cf90b2@group-BF7723920FB3-LeaderStateImpl
2022-10-09 13:06:11,565 [2d7a11ae-c5aa-41a6-85dc-c9a8e9cf90b2@group-BF7723920FB3-LeaderElection34] INFO  segmented.SegmentedRaftLogWorker (SegmentedRaftLogWorker.java:startLogSegment(425)) - 2d7a11ae-c5aa-41a6-85dc-c9a8e9cf90b2@group-BF7723920FB3-SegmentedRaftLogWorker: Starting segment from index:0
2022-10-09 13:06:11,566 [grpc-default-executor-3] INFO  server.RaftServer$Division (RaftServerImpl.java:requestVote(1152)) - 0e0cd2e9-f605-4044-a07f-8c47171ce2f7@group-BF7723920FB3: receive requestVote(ELECTION, 2d7a11ae-c5aa-41a6-85dc-c9a8e9cf90b2, group-BF7723920FB3, 6, (t:0, i:0))
2022-10-09 13:06:11,567 [grpc-default-executor-3] INFO  impl.VoteContext (VoteContext.java:log(48)) - 0e0cd2e9-f605-4044-a07f-8c47171ce2f7@group-BF7723920FB3-FOLLOWER: accept ELECTION from 2d7a11ae-c5aa-41a6-85dc-c9a8e9cf90b2: our priority 0 <= candidate's priority 1
2022-10-09 13:06:11,567 [grpc-default-executor-3] INFO  server.RaftServer$Division (RaftServerImpl.java:setRole(299)) - 0e0cd2e9-f605-4044-a07f-8c47171ce2f7@group-BF7723920FB3: changes role from  FOLLOWER to FOLLOWER at term 6 for candidate:2d7a11ae-c5aa-41a6-85dc-c9a8e9cf90b2
2022-10-09 13:06:11,567 [grpc-default-executor-3] INFO  impl.RoleInfo (RoleInfo.java:shutdownFollowerState(110)) - 0e0cd2e9-f605-4044-a07f-8c47171ce2f7: shutdown 0e0cd2e9-f605-4044-a07f-8c47171ce2f7@group-BF7723920FB3-FollowerState
2022-10-09 13:06:11,580 [2d7a11ae-c5aa-41a6-85dc-c9a8e9cf90b2@group-BF7723920FB3-SegmentedRaftLogWorker] INFO  segmented.SegmentedRaftLogWorker (SegmentedRaftLogWorker.java:execute(629)) - 2d7a11ae-c5aa-41a6-85dc-c9a8e9cf90b2@group-BF7723920FB3-SegmentedRaftLogWorker: created new log segment /home/runner/work/ozone/ozone/hadoop-ozone/integration-test/target/test-dir/MiniOzoneClusterImpl-9b82f26c-8b94-4c2d-8316-029798bb519b/datanode-1/data/ratis/64625589-bdec-47a0-b8f6-bf7723920fb3/current/log_inprogress_0
2022-10-09 13:06:11,626 [0e0cd2e9-f605-4044-a07f-8c47171ce2f7@group-BF7723920FB3-FollowerState] INFO  impl.FollowerState (FollowerState.java:shouldRun(117)) - 0e0cd2e9-f605-4044-a07f-8c47171ce2f7@group-BF7723920FB3-FollowerState: Stopping now (isRunning? false, role = FOLLOWER)
2022-10-09 13:06:11,627 [2d7a11ae-c5aa-41a6-85dc-c9a8e9cf90b2@group-BF7723920FB3-LeaderElection34] INFO  server.RaftServer$Division (ServerState.java:setRaftConf(393)) - 2d7a11ae-c5aa-41a6-85dc-c9a8e9cf90b2@group-BF7723920FB3: set configuration 0: [2d7a11ae-c5aa-41a6-85dc-c9a8e9cf90b2|rpc:10.1.0.209:34267|dataStream:|priority:1, 864752fb-4a03-48f8-92e4-9b272ebf5ecd|rpc:10.1.0.209:36301|dataStream:|priority:0, 0e0cd2e9-f605-4044-a07f-8c47171ce2f7|rpc:10.1.0.209:36435|dataStream:|priority:0], old=null
2022-10-09 13:06:11,628 [grpc-default-executor-3] INFO  impl.RoleInfo (RoleInfo.java:updateAndGet(139)) - 0e0cd2e9-f605-4044-a07f-8c47171ce2f7: start 0e0cd2e9-f605-4044-a07f-8c47171ce2f7@group-BF7723920FB3-FollowerState
2022-10-09 13:06:11,642 [grpc-default-executor-3] INFO  server.RaftServer$Division (RaftServerImpl.java:requestVote(1184)) - 0e0cd2e9-f605-4044-a07f-8c47171ce2f7@group-BF7723920FB3 replies to ELECTION vote request: 2d7a11ae-c5aa-41a6-85dc-c9a8e9cf90b2<-0e0cd2e9-f605-4044-a07f-8c47171ce2f7#0:OK-t6. Peer's state: 0e0cd2e9-f605-4044-a07f-8c47171ce2f7@group-BF7723920FB3:t6, leader=null, voted=2d7a11ae-c5aa-41a6-85dc-c9a8e9cf90b2, raftlog=0e0cd2e9-f605-4044-a07f-8c47171ce2f7@group-BF7723920FB3-SegmentedRaftLog:OPENED:c-1, conf=-1: [2d7a11ae-c5aa-41a6-85dc-c9a8e9cf90b2|rpc:10.1.0.209:34267|priority:1, 864752fb-4a03-48f8-92e4-9b272ebf5ecd|rpc:10.1.0.209:36301|priority:0, 0e0cd2e9-f605-4044-a07f-8c47171ce2f7|rpc:10.1.0.209:36435|priority:0], old=null
2022-10-09 13:06:11,658 [864752fb-4a03-48f8-92e4-9b272ebf5ecd-server-thread1] INFO  ratis.XceiverServerRatis (XceiverServerRatis.java:handleLeaderChangedNotification(863)) - Leader change notification received for group: group-BF7723920FB3 with new leaderId: 2d7a11ae-c5aa-41a6-85dc-c9a8e9cf90b2
2022-10-09 13:06:11,658 [864752fb-4a03-48f8-92e4-9b272ebf5ecd-server-thread1] INFO  server.RaftServer$Division (ServerState.java:setLeader(287)) - 864752fb-4a03-48f8-92e4-9b272ebf5ecd@group-BF7723920FB3: change Leader from null to 2d7a11ae-c5aa-41a6-85dc-c9a8e9cf90b2 at term 6 for appendEntries, leader elected after 31170ms
2022-10-09 13:06:11,666 [864752fb-4a03-48f8-92e4-9b272ebf5ecd-server-thread1] INFO  server.RaftServer$Division (ServerState.java:setRaftConf(393)) - 864752fb-4a03-48f8-92e4-9b272ebf5ecd@group-BF7723920FB3: set configuration 0: [2d7a11ae-c5aa-41a6-85dc-c9a8e9cf90b2|rpc:10.1.0.209:34267|dataStream:|priority:1, 864752fb-4a03-48f8-92e4-9b272ebf5ecd|rpc:10.1.0.209:36301|dataStream:|priority:0, 0e0cd2e9-f605-4044-a07f-8c47171ce2f7|rpc:10.1.0.209:36435|dataStream:|priority:0], old=null
2022-10-09 13:06:11,666 [864752fb-4a03-48f8-92e4-9b272ebf5ecd-server-thread1] INFO  segmented.SegmentedRaftLogWorker (SegmentedRaftLogWorker.java:startLogSegment(425)) - 864752fb-4a03-48f8-92e4-9b272ebf5ecd@group-BF7723920FB3-SegmentedRaftLogWorker: Starting segment from index:0
2022-10-09 13:06:11,667 [0e0cd2e9-f605-4044-a07f-8c47171ce2f7-server-thread1] INFO  ratis.XceiverServerRatis (XceiverServerRatis.java:handleLeaderChangedNotification(863)) - Leader change notification received for group: group-BF7723920FB3 with new leaderId: 2d7a11ae-c5aa-41a6-85dc-c9a8e9cf90b2
2022-10-09 13:06:11,667 [0e0cd2e9-f605-4044-a07f-8c47171ce2f7-server-thread1] INFO  server.RaftServer$Division (ServerState.java:setLeader(287)) - 0e0cd2e9-f605-4044-a07f-8c47171ce2f7@group-BF7723920FB3: change Leader from null to 2d7a11ae-c5aa-41a6-85dc-c9a8e9cf90b2 at term 6 for appendEntries, leader elected after 31293ms
2022-10-09 13:06:11,669 [864752fb-4a03-48f8-92e4-9b272ebf5ecd@group-BF7723920FB3-SegmentedRaftLogWorker] INFO  segmented.SegmentedRaftLogWorker (SegmentedRaftLogWorker.java:execute(629)) - 864752fb-4a03-48f8-92e4-9b272ebf5ecd@group-BF7723920FB3-SegmentedRaftLogWorker: created new log segment /home/runner/work/ozone/ozone/hadoop-ozone/integration-test/target/test-dir/MiniOzoneClusterImpl-9b82f26c-8b94-4c2d-8316-029798bb519b/datanode-2/data/ratis/64625589-bdec-47a0-b8f6-bf7723920fb3/current/log_inprogress_0
2022-10-09 13:06:11,750 [0e0cd2e9-f605-4044-a07f-8c47171ce2f7-server-thread1] INFO  server.RaftServer$Division (ServerState.java:setRaftConf(393)) - 0e0cd2e9-f605-4044-a07f-8c47171ce2f7@group-BF7723920FB3: set configuration 0: [2d7a11ae-c5aa-41a6-85dc-c9a8e9cf90b2|rpc:10.1.0.209:34267|dataStream:|priority:1, 864752fb-4a03-48f8-92e4-9b272ebf5ecd|rpc:10.1.0.209:36301|dataStream:|priority:0, 0e0cd2e9-f605-4044-a07f-8c47171ce2f7|rpc:10.1.0.209:36435|dataStream:|priority:0], old=null
2022-10-09 13:06:11,751 [0e0cd2e9-f605-4044-a07f-8c47171ce2f7-server-thread1] INFO  segmented.SegmentedRaftLogWorker (SegmentedRaftLogWorker.java:startLogSegment(425)) - 0e0cd2e9-f605-4044-a07f-8c47171ce2f7@group-BF7723920FB3-SegmentedRaftLogWorker: Starting segment from index:0
2022-10-09 13:06:11,753 [0e0cd2e9-f605-4044-a07f-8c47171ce2f7@group-BF7723920FB3-SegmentedRaftLogWorker] INFO  segmented.SegmentedRaftLogWorker (SegmentedRaftLogWorker.java:execute(629)) - 0e0cd2e9-f605-4044-a07f-8c47171ce2f7@group-BF7723920FB3-SegmentedRaftLogWorker: created new log segment /home/runner/work/ozone/ozone/hadoop-ozone/integration-test/target/test-dir/MiniOzoneClusterImpl-9b82f26c-8b94-4c2d-8316-029798bb519b/datanode-0/data/ratis/64625589-bdec-47a0-b8f6-bf7723920fb3/current/log_inprogress_0
]]></system-out>
  </testcase>
  <testcase name="testListStatusIteratorOnPageSize" classname="TestOzoneFileSystem" time="42.338">
    <system-out><![CDATA[2022-10-09 13:07:31,592 [Over Replicated Processor] INFO  replication.OverReplicatedProcessor (OverReplicatedProcessor.java:processAll(90)) - Processed 0 over replicated containers, failed processing 0
2022-10-09 13:07:31,680 [Under Replicated Processor] INFO  replication.UnderReplicatedProcessor (UnderReplicatedProcessor.java:processAll(92)) - Processed 0 under replicated containers, failed processing 0
2022-10-09 13:08:01,592 [Over Replicated Processor] INFO  replication.OverReplicatedProcessor (OverReplicatedProcessor.java:processAll(90)) - Processed 0 over replicated containers, failed processing 0
2022-10-09 13:08:01,680 [Under Replicated Processor] INFO  replication.UnderReplicatedProcessor (UnderReplicatedProcessor.java:processAll(92)) - Processed 0 under replicated containers, failed processing 0
2022-10-09 13:08:03,867 [IPC Server handler 6 on default port 36597] INFO  ha.SequenceIdGenerator (SequenceIdGenerator.java:getNextId(128)) - Allocate a batch for delTxnId, change lastId from 0 to 1000.
]]></system-out>
  </testcase>
  <testcase name="testListStatusIteratorOnPageSize" classname="TestOzoneFileSystem" time="37.265">
    <system-out><![CDATA[2022-10-09 13:09:37,837 [50de1ab3-18a1-452d-b023-0fe1bea95e64@group-61AA8B057572-FollowerState] INFO  impl.FollowerState (FollowerState.java:run(143)) - 50de1ab3-18a1-452d-b023-0fe1bea95e64@group-61AA8B057572-FollowerState: change to CANDIDATE, lastRpcElapsedTime:5047061884ns, electionTimeout:5009ms
2022-10-09 13:09:37,837 [50de1ab3-18a1-452d-b023-0fe1bea95e64@group-61AA8B057572-FollowerState] INFO  impl.RoleInfo (RoleInfo.java:shutdownFollowerState(110)) - 50de1ab3-18a1-452d-b023-0fe1bea95e64: shutdown 50de1ab3-18a1-452d-b023-0fe1bea95e64@group-61AA8B057572-FollowerState
2022-10-09 13:09:37,837 [50de1ab3-18a1-452d-b023-0fe1bea95e64@group-61AA8B057572-FollowerState] INFO  server.RaftServer$Division (RaftServerImpl.java:setRole(299)) - 50de1ab3-18a1-452d-b023-0fe1bea95e64@group-61AA8B057572: changes role from  FOLLOWER to CANDIDATE at term 5 for changeToCandidate
2022-10-09 13:09:37,837 [50de1ab3-18a1-452d-b023-0fe1bea95e64@group-61AA8B057572-FollowerState] INFO  server.RaftServerConfigKeys (ConfUtils.java:logGet(46)) - raft.server.leaderelection.pre-vote = false (custom)
2022-10-09 13:09:37,837 [50de1ab3-18a1-452d-b023-0fe1bea95e64@group-61AA8B057572-FollowerState] INFO  impl.RoleInfo (RoleInfo.java:updateAndGet(139)) - 50de1ab3-18a1-452d-b023-0fe1bea95e64: start 50de1ab3-18a1-452d-b023-0fe1bea95e64@group-61AA8B057572-LeaderElection70
2022-10-09 13:09:37,862 [a45a9974-6347-49ca-aefd-c703a3af3a84@group-61AA8B057572-FollowerState] INFO  impl.FollowerState (FollowerState.java:run(143)) - a45a9974-6347-49ca-aefd-c703a3af3a84@group-61AA8B057572-FollowerState: change to CANDIDATE, lastRpcElapsedTime:5057003995ns, electionTimeout:5006ms
2022-10-09 13:09:37,862 [a45a9974-6347-49ca-aefd-c703a3af3a84@group-61AA8B057572-FollowerState] INFO  impl.RoleInfo (RoleInfo.java:shutdownFollowerState(110)) - a45a9974-6347-49ca-aefd-c703a3af3a84: shutdown a45a9974-6347-49ca-aefd-c703a3af3a84@group-61AA8B057572-FollowerState
2022-10-09 13:09:37,862 [a45a9974-6347-49ca-aefd-c703a3af3a84@group-61AA8B057572-FollowerState] INFO  server.RaftServer$Division (RaftServerImpl.java:setRole(299)) - a45a9974-6347-49ca-aefd-c703a3af3a84@group-61AA8B057572: changes role from  FOLLOWER to CANDIDATE at term 5 for changeToCandidate
2022-10-09 13:09:37,900 [a45a9974-6347-49ca-aefd-c703a3af3a84@group-61AA8B057572-FollowerState] INFO  server.RaftServerConfigKeys (ConfUtils.java:logGet(46)) - raft.server.leaderelection.pre-vote = false (custom)
2022-10-09 13:09:37,932 [a45a9974-6347-49ca-aefd-c703a3af3a84@group-61AA8B057572-FollowerState] INFO  impl.RoleInfo (RoleInfo.java:updateAndGet(139)) - a45a9974-6347-49ca-aefd-c703a3af3a84: start a45a9974-6347-49ca-aefd-c703a3af3a84@group-61AA8B057572-LeaderElection71
2022-10-09 13:09:37,936 [50de1ab3-18a1-452d-b023-0fe1bea95e64@group-61AA8B057572-LeaderElection70] INFO  impl.LeaderElection (LeaderElection.java:askForVotes(310)) - 50de1ab3-18a1-452d-b023-0fe1bea95e64@group-61AA8B057572-LeaderElection70 ELECTION round 0: submit vote requests at term 6 for -1: [50de1ab3-18a1-452d-b023-0fe1bea95e64|rpc:10.1.0.209:33457|priority:0, a45a9974-6347-49ca-aefd-c703a3af3a84|rpc:10.1.0.209:35151|priority:1, 63d7508a-aae7-47e5-91de-7b918a2106c8|rpc:10.1.0.209:34509|priority:0], old=null
2022-10-09 13:09:37,960 [grpc-default-executor-0] INFO  server.RaftServer$Division (RaftServerImpl.java:requestVote(1152)) - 63d7508a-aae7-47e5-91de-7b918a2106c8@group-61AA8B057572: receive requestVote(ELECTION, 50de1ab3-18a1-452d-b023-0fe1bea95e64, group-61AA8B057572, 6, (t:0, i:0))
2022-10-09 13:09:37,961 [grpc-default-executor-0] INFO  impl.VoteContext (VoteContext.java:log(48)) - 63d7508a-aae7-47e5-91de-7b918a2106c8@group-61AA8B057572-FOLLOWER: accept ELECTION from 50de1ab3-18a1-452d-b023-0fe1bea95e64: our priority 0 <= candidate's priority 0
2022-10-09 13:09:37,961 [grpc-default-executor-0] INFO  server.RaftServer$Division (RaftServerImpl.java:setRole(299)) - 63d7508a-aae7-47e5-91de-7b918a2106c8@group-61AA8B057572: changes role from  FOLLOWER to FOLLOWER at term 6 for candidate:50de1ab3-18a1-452d-b023-0fe1bea95e64
2022-10-09 13:09:37,961 [grpc-default-executor-0] INFO  impl.RoleInfo (RoleInfo.java:shutdownFollowerState(110)) - 63d7508a-aae7-47e5-91de-7b918a2106c8: shutdown 63d7508a-aae7-47e5-91de-7b918a2106c8@group-61AA8B057572-FollowerState
2022-10-09 13:09:37,961 [grpc-default-executor-0] INFO  impl.RoleInfo (RoleInfo.java:updateAndGet(139)) - 63d7508a-aae7-47e5-91de-7b918a2106c8: start 63d7508a-aae7-47e5-91de-7b918a2106c8@group-61AA8B057572-FollowerState
2022-10-09 13:09:37,961 [63d7508a-aae7-47e5-91de-7b918a2106c8@group-61AA8B057572-FollowerState] INFO  impl.FollowerState (FollowerState.java:run(152)) - 63d7508a-aae7-47e5-91de-7b918a2106c8@group-61AA8B057572-FollowerState was interrupted
2022-10-09 13:09:37,965 [grpc-default-executor-0] INFO  server.RaftServer$Division (RaftServerImpl.java:requestVote(1184)) - 63d7508a-aae7-47e5-91de-7b918a2106c8@group-61AA8B057572 replies to ELECTION vote request: 50de1ab3-18a1-452d-b023-0fe1bea95e64<-63d7508a-aae7-47e5-91de-7b918a2106c8#0:OK-t6. Peer's state: 63d7508a-aae7-47e5-91de-7b918a2106c8@group-61AA8B057572:t6, leader=null, voted=50de1ab3-18a1-452d-b023-0fe1bea95e64, raftlog=63d7508a-aae7-47e5-91de-7b918a2106c8@group-61AA8B057572-SegmentedRaftLog:OPENED:c-1, conf=-1: [50de1ab3-18a1-452d-b023-0fe1bea95e64|rpc:10.1.0.209:33457|dataStream:|priority:0, a45a9974-6347-49ca-aefd-c703a3af3a84|rpc:10.1.0.209:35151|dataStream:|priority:1, 63d7508a-aae7-47e5-91de-7b918a2106c8|rpc:10.1.0.209:34509|dataStream:|priority:0], old=null
2022-10-09 13:09:37,966 [a45a9974-6347-49ca-aefd-c703a3af3a84@group-61AA8B057572-LeaderElection71] INFO  impl.LeaderElection (LeaderElection.java:askForVotes(310)) - a45a9974-6347-49ca-aefd-c703a3af3a84@group-61AA8B057572-LeaderElection71 ELECTION round 0: submit vote requests at term 6 for -1: [50de1ab3-18a1-452d-b023-0fe1bea95e64|rpc:10.1.0.209:33457|dataStream:|priority:0, a45a9974-6347-49ca-aefd-c703a3af3a84|rpc:10.1.0.209:35151|dataStream:|priority:1, 63d7508a-aae7-47e5-91de-7b918a2106c8|rpc:10.1.0.209:34509|dataStream:|priority:0], old=null
2022-10-09 13:09:37,996 [grpc-default-executor-2] INFO  server.RaftServer$Division (RaftServerImpl.java:requestVote(1152)) - 63d7508a-aae7-47e5-91de-7b918a2106c8@group-61AA8B057572: receive requestVote(ELECTION, a45a9974-6347-49ca-aefd-c703a3af3a84, group-61AA8B057572, 6, (t:0, i:0))
2022-10-09 13:09:37,996 [grpc-default-executor-2] INFO  impl.VoteContext (VoteContext.java:log(48)) - 63d7508a-aae7-47e5-91de-7b918a2106c8@group-61AA8B057572-FOLLOWER: reject ELECTION from a45a9974-6347-49ca-aefd-c703a3af3a84: already has voted for 50de1ab3-18a1-452d-b023-0fe1bea95e64 at current term 6
2022-10-09 13:09:37,996 [grpc-default-executor-2] INFO  server.RaftServer$Division (RaftServerImpl.java:requestVote(1184)) - 63d7508a-aae7-47e5-91de-7b918a2106c8@group-61AA8B057572 replies to ELECTION vote request: a45a9974-6347-49ca-aefd-c703a3af3a84<-63d7508a-aae7-47e5-91de-7b918a2106c8#0:FAIL-t6. Peer's state: 63d7508a-aae7-47e5-91de-7b918a2106c8@group-61AA8B057572:t6, leader=null, voted=50de1ab3-18a1-452d-b023-0fe1bea95e64, raftlog=63d7508a-aae7-47e5-91de-7b918a2106c8@group-61AA8B057572-SegmentedRaftLog:OPENED:c-1, conf=-1: [50de1ab3-18a1-452d-b023-0fe1bea95e64|rpc:10.1.0.209:33457|dataStream:|priority:0, a45a9974-6347-49ca-aefd-c703a3af3a84|rpc:10.1.0.209:35151|dataStream:|priority:1, 63d7508a-aae7-47e5-91de-7b918a2106c8|rpc:10.1.0.209:34509|dataStream:|priority:0], old=null
2022-10-09 13:09:38,002 [grpc-default-executor-0] INFO  server.RaftServer$Division (RaftServerImpl.java:requestVote(1152)) - a45a9974-6347-49ca-aefd-c703a3af3a84@group-61AA8B057572: receive requestVote(ELECTION, 50de1ab3-18a1-452d-b023-0fe1bea95e64, group-61AA8B057572, 6, (t:0, i:0))
2022-10-09 13:09:38,002 [grpc-default-executor-1] INFO  server.RaftServer$Division (RaftServerImpl.java:requestVote(1152)) - 50de1ab3-18a1-452d-b023-0fe1bea95e64@group-61AA8B057572: receive requestVote(ELECTION, a45a9974-6347-49ca-aefd-c703a3af3a84, group-61AA8B057572, 6, (t:0, i:0))
2022-10-09 13:09:38,002 [grpc-default-executor-0] INFO  impl.VoteContext (VoteContext.java:log(48)) - a45a9974-6347-49ca-aefd-c703a3af3a84@group-61AA8B057572-CANDIDATE: reject ELECTION from 50de1ab3-18a1-452d-b023-0fe1bea95e64: already has voted for a45a9974-6347-49ca-aefd-c703a3af3a84 at current term 6
2022-10-09 13:09:38,003 [grpc-default-executor-1] INFO  impl.VoteContext (VoteContext.java:log(48)) - 50de1ab3-18a1-452d-b023-0fe1bea95e64@group-61AA8B057572-CANDIDATE: reject ELECTION from a45a9974-6347-49ca-aefd-c703a3af3a84: already has voted for 50de1ab3-18a1-452d-b023-0fe1bea95e64 at current term 6
2022-10-09 13:09:38,003 [grpc-default-executor-0] INFO  server.RaftServer$Division (RaftServerImpl.java:requestVote(1184)) - a45a9974-6347-49ca-aefd-c703a3af3a84@group-61AA8B057572 replies to ELECTION vote request: 50de1ab3-18a1-452d-b023-0fe1bea95e64<-a45a9974-6347-49ca-aefd-c703a3af3a84#0:FAIL-t6. Peer's state: a45a9974-6347-49ca-aefd-c703a3af3a84@group-61AA8B057572:t6, leader=null, voted=a45a9974-6347-49ca-aefd-c703a3af3a84, raftlog=a45a9974-6347-49ca-aefd-c703a3af3a84@group-61AA8B057572-SegmentedRaftLog:OPENED:c-1, conf=-1: [50de1ab3-18a1-452d-b023-0fe1bea95e64|rpc:10.1.0.209:33457|dataStream:|priority:0, a45a9974-6347-49ca-aefd-c703a3af3a84|rpc:10.1.0.209:35151|dataStream:|priority:1, 63d7508a-aae7-47e5-91de-7b918a2106c8|rpc:10.1.0.209:34509|dataStream:|priority:0], old=null
2022-10-09 13:09:38,003 [grpc-default-executor-1] INFO  server.RaftServer$Division (RaftServerImpl.java:requestVote(1184)) - 50de1ab3-18a1-452d-b023-0fe1bea95e64@group-61AA8B057572 replies to ELECTION vote request: a45a9974-6347-49ca-aefd-c703a3af3a84<-50de1ab3-18a1-452d-b023-0fe1bea95e64#0:FAIL-t6. Peer's state: 50de1ab3-18a1-452d-b023-0fe1bea95e64@group-61AA8B057572:t6, leader=null, voted=50de1ab3-18a1-452d-b023-0fe1bea95e64, raftlog=50de1ab3-18a1-452d-b023-0fe1bea95e64@group-61AA8B057572-SegmentedRaftLog:OPENED:c-1, conf=-1: [50de1ab3-18a1-452d-b023-0fe1bea95e64|rpc:10.1.0.209:33457|priority:0, a45a9974-6347-49ca-aefd-c703a3af3a84|rpc:10.1.0.209:35151|priority:1, 63d7508a-aae7-47e5-91de-7b918a2106c8|rpc:10.1.0.209:34509|priority:0], old=null
2022-10-09 13:09:38,003 [50de1ab3-18a1-452d-b023-0fe1bea95e64@group-61AA8B057572-LeaderElection70] INFO  impl.LeaderElection (LeaderElection.java:logAndReturn(90)) - 50de1ab3-18a1-452d-b023-0fe1bea95e64@group-61AA8B057572-LeaderElection70: ELECTION REJECTED received 2 response(s) and 0 exception(s):
2022-10-09 13:09:38,003 [50de1ab3-18a1-452d-b023-0fe1bea95e64@group-61AA8B057572-LeaderElection70] INFO  impl.LeaderElection (LeaderElection.java:logAndReturn(94)) -   Response 0: 50de1ab3-18a1-452d-b023-0fe1bea95e64<-a45a9974-6347-49ca-aefd-c703a3af3a84#0:FAIL-t6
2022-10-09 13:09:38,003 [50de1ab3-18a1-452d-b023-0fe1bea95e64@group-61AA8B057572-LeaderElection70] INFO  impl.LeaderElection (LeaderElection.java:logAndReturn(94)) -   Response 1: 50de1ab3-18a1-452d-b023-0fe1bea95e64<-63d7508a-aae7-47e5-91de-7b918a2106c8#0:OK-t6
2022-10-09 13:09:38,003 [50de1ab3-18a1-452d-b023-0fe1bea95e64@group-61AA8B057572-LeaderElection70] INFO  impl.LeaderElection (LeaderElection.java:askForVotes(312)) - 50de1ab3-18a1-452d-b023-0fe1bea95e64@group-61AA8B057572-LeaderElection70 ELECTION round 0: result REJECTED
2022-10-09 13:09:38,003 [50de1ab3-18a1-452d-b023-0fe1bea95e64@group-61AA8B057572-LeaderElection70] INFO  server.RaftServer$Division (RaftServerImpl.java:setRole(299)) - 50de1ab3-18a1-452d-b023-0fe1bea95e64@group-61AA8B057572: changes role from CANDIDATE to FOLLOWER at term 6 for REJECTED
2022-10-09 13:09:38,003 [50de1ab3-18a1-452d-b023-0fe1bea95e64@group-61AA8B057572-LeaderElection70] INFO  impl.RoleInfo (RoleInfo.java:shutdownLeaderElection(130)) - 50de1ab3-18a1-452d-b023-0fe1bea95e64: shutdown 50de1ab3-18a1-452d-b023-0fe1bea95e64@group-61AA8B057572-LeaderElection70
2022-10-09 13:09:38,003 [50de1ab3-18a1-452d-b023-0fe1bea95e64@group-61AA8B057572-LeaderElection70] INFO  impl.RoleInfo (RoleInfo.java:updateAndGet(139)) - 50de1ab3-18a1-452d-b023-0fe1bea95e64: start 50de1ab3-18a1-452d-b023-0fe1bea95e64@group-61AA8B057572-FollowerState
2022-10-09 13:09:38,028 [a45a9974-6347-49ca-aefd-c703a3af3a84@group-61AA8B057572-LeaderElection71] INFO  impl.LeaderElection (LeaderElection.java:logAndReturn(90)) - a45a9974-6347-49ca-aefd-c703a3af3a84@group-61AA8B057572-LeaderElection71: ELECTION REJECTED received 2 response(s) and 0 exception(s):
2022-10-09 13:09:38,028 [a45a9974-6347-49ca-aefd-c703a3af3a84@group-61AA8B057572-LeaderElection71] INFO  impl.LeaderElection (LeaderElection.java:logAndReturn(94)) -   Response 0: a45a9974-6347-49ca-aefd-c703a3af3a84<-50de1ab3-18a1-452d-b023-0fe1bea95e64#0:FAIL-t6
2022-10-09 13:09:38,028 [a45a9974-6347-49ca-aefd-c703a3af3a84@group-61AA8B057572-LeaderElection71] INFO  impl.LeaderElection (LeaderElection.java:logAndReturn(94)) -   Response 1: a45a9974-6347-49ca-aefd-c703a3af3a84<-63d7508a-aae7-47e5-91de-7b918a2106c8#0:FAIL-t6
2022-10-09 13:09:38,028 [a45a9974-6347-49ca-aefd-c703a3af3a84@group-61AA8B057572-LeaderElection71] INFO  impl.LeaderElection (LeaderElection.java:askForVotes(312)) - a45a9974-6347-49ca-aefd-c703a3af3a84@group-61AA8B057572-LeaderElection71 ELECTION round 0: result REJECTED
2022-10-09 13:09:38,028 [a45a9974-6347-49ca-aefd-c703a3af3a84@group-61AA8B057572-LeaderElection71] INFO  server.RaftServer$Division (RaftServerImpl.java:setRole(299)) - a45a9974-6347-49ca-aefd-c703a3af3a84@group-61AA8B057572: changes role from CANDIDATE to FOLLOWER at term 6 for REJECTED
2022-10-09 13:09:38,028 [a45a9974-6347-49ca-aefd-c703a3af3a84@group-61AA8B057572-LeaderElection71] INFO  impl.RoleInfo (RoleInfo.java:shutdownLeaderElection(130)) - a45a9974-6347-49ca-aefd-c703a3af3a84: shutdown a45a9974-6347-49ca-aefd-c703a3af3a84@group-61AA8B057572-LeaderElection71
2022-10-09 13:09:38,028 [a45a9974-6347-49ca-aefd-c703a3af3a84@group-61AA8B057572-LeaderElection71] INFO  impl.RoleInfo (RoleInfo.java:updateAndGet(139)) - a45a9974-6347-49ca-aefd-c703a3af3a84: start a45a9974-6347-49ca-aefd-c703a3af3a84@group-61AA8B057572-FollowerState
2022-10-09 13:09:43,113 [50de1ab3-18a1-452d-b023-0fe1bea95e64@group-61AA8B057572-FollowerState] INFO  impl.FollowerState (FollowerState.java:run(143)) - 50de1ab3-18a1-452d-b023-0fe1bea95e64@group-61AA8B057572-FollowerState: change to CANDIDATE, lastRpcElapsedTime:5109787074ns, electionTimeout:5098ms
2022-10-09 13:09:43,113 [50de1ab3-18a1-452d-b023-0fe1bea95e64@group-61AA8B057572-FollowerState] INFO  impl.RoleInfo (RoleInfo.java:shutdownFollowerState(110)) - 50de1ab3-18a1-452d-b023-0fe1bea95e64: shutdown 50de1ab3-18a1-452d-b023-0fe1bea95e64@group-61AA8B057572-FollowerState
2022-10-09 13:09:43,113 [50de1ab3-18a1-452d-b023-0fe1bea95e64@group-61AA8B057572-FollowerState] INFO  server.RaftServer$Division (RaftServerImpl.java:setRole(299)) - 50de1ab3-18a1-452d-b023-0fe1bea95e64@group-61AA8B057572: changes role from  FOLLOWER to CANDIDATE at term 6 for changeToCandidate
2022-10-09 13:09:43,114 [50de1ab3-18a1-452d-b023-0fe1bea95e64@group-61AA8B057572-FollowerState] INFO  server.RaftServerConfigKeys (ConfUtils.java:logGet(46)) - raft.server.leaderelection.pre-vote = false (custom)
2022-10-09 13:09:43,114 [50de1ab3-18a1-452d-b023-0fe1bea95e64@group-61AA8B057572-FollowerState] INFO  impl.RoleInfo (RoleInfo.java:updateAndGet(139)) - 50de1ab3-18a1-452d-b023-0fe1bea95e64: start 50de1ab3-18a1-452d-b023-0fe1bea95e64@group-61AA8B057572-LeaderElection72
2022-10-09 13:09:43,157 [50de1ab3-18a1-452d-b023-0fe1bea95e64@group-61AA8B057572-LeaderElection72] INFO  impl.LeaderElection (LeaderElection.java:askForVotes(310)) - 50de1ab3-18a1-452d-b023-0fe1bea95e64@group-61AA8B057572-LeaderElection72 ELECTION round 0: submit vote requests at term 7 for -1: [50de1ab3-18a1-452d-b023-0fe1bea95e64|rpc:10.1.0.209:33457|priority:0, a45a9974-6347-49ca-aefd-c703a3af3a84|rpc:10.1.0.209:35151|priority:1, 63d7508a-aae7-47e5-91de-7b918a2106c8|rpc:10.1.0.209:34509|priority:0], old=null
2022-10-09 13:09:43,186 [a45a9974-6347-49ca-aefd-c703a3af3a84@group-61AA8B057572-FollowerState] INFO  impl.FollowerState (FollowerState.java:run(143)) - a45a9974-6347-49ca-aefd-c703a3af3a84@group-61AA8B057572-FollowerState: change to CANDIDATE, lastRpcElapsedTime:5157553917ns, electionTimeout:5151ms
2022-10-09 13:09:43,186 [a45a9974-6347-49ca-aefd-c703a3af3a84@group-61AA8B057572-FollowerState] INFO  impl.RoleInfo (RoleInfo.java:shutdownFollowerState(110)) - a45a9974-6347-49ca-aefd-c703a3af3a84: shutdown a45a9974-6347-49ca-aefd-c703a3af3a84@group-61AA8B057572-FollowerState
2022-10-09 13:09:43,186 [a45a9974-6347-49ca-aefd-c703a3af3a84@group-61AA8B057572-FollowerState] INFO  server.RaftServer$Division (RaftServerImpl.java:setRole(299)) - a45a9974-6347-49ca-aefd-c703a3af3a84@group-61AA8B057572: changes role from  FOLLOWER to CANDIDATE at term 6 for changeToCandidate
2022-10-09 13:09:43,186 [a45a9974-6347-49ca-aefd-c703a3af3a84@group-61AA8B057572-FollowerState] INFO  server.RaftServerConfigKeys (ConfUtils.java:logGet(46)) - raft.server.leaderelection.pre-vote = false (custom)
2022-10-09 13:09:43,186 [a45a9974-6347-49ca-aefd-c703a3af3a84@group-61AA8B057572-FollowerState] INFO  impl.RoleInfo (RoleInfo.java:updateAndGet(139)) - a45a9974-6347-49ca-aefd-c703a3af3a84: start a45a9974-6347-49ca-aefd-c703a3af3a84@group-61AA8B057572-LeaderElection73
2022-10-09 13:09:43,186 [grpc-default-executor-0] INFO  server.RaftServer$Division (RaftServerImpl.java:requestVote(1152)) - a45a9974-6347-49ca-aefd-c703a3af3a84@group-61AA8B057572: receive requestVote(ELECTION, 50de1ab3-18a1-452d-b023-0fe1bea95e64, group-61AA8B057572, 7, (t:0, i:0))
2022-10-09 13:09:43,186 [grpc-default-executor-0] INFO  impl.VoteContext (VoteContext.java:log(48)) - a45a9974-6347-49ca-aefd-c703a3af3a84@group-61AA8B057572-CANDIDATE: reject ELECTION from 50de1ab3-18a1-452d-b023-0fe1bea95e64: our priority 1 > candidate's priority 0
2022-10-09 13:09:43,186 [grpc-default-executor-0] INFO  server.RaftServer$Division (RaftServerImpl.java:setRole(299)) - a45a9974-6347-49ca-aefd-c703a3af3a84@group-61AA8B057572: changes role from CANDIDATE to FOLLOWER at term 7 for candidate:50de1ab3-18a1-452d-b023-0fe1bea95e64
2022-10-09 13:09:43,186 [grpc-default-executor-0] INFO  impl.RoleInfo (RoleInfo.java:shutdownLeaderElection(130)) - a45a9974-6347-49ca-aefd-c703a3af3a84: shutdown a45a9974-6347-49ca-aefd-c703a3af3a84@group-61AA8B057572-LeaderElection73
2022-10-09 13:09:43,186 [grpc-default-executor-0] INFO  impl.RoleInfo (RoleInfo.java:updateAndGet(139)) - a45a9974-6347-49ca-aefd-c703a3af3a84: start a45a9974-6347-49ca-aefd-c703a3af3a84@group-61AA8B057572-FollowerState
2022-10-09 13:09:43,212 [grpc-default-executor-0] INFO  server.RaftServer$Division (RaftServerImpl.java:requestVote(1184)) - a45a9974-6347-49ca-aefd-c703a3af3a84@group-61AA8B057572 replies to ELECTION vote request: 50de1ab3-18a1-452d-b023-0fe1bea95e64<-a45a9974-6347-49ca-aefd-c703a3af3a84#0:FAIL-t7. Peer's state: a45a9974-6347-49ca-aefd-c703a3af3a84@group-61AA8B057572:t7, leader=null, voted=null, raftlog=a45a9974-6347-49ca-aefd-c703a3af3a84@group-61AA8B057572-SegmentedRaftLog:OPENED:c-1, conf=-1: [50de1ab3-18a1-452d-b023-0fe1bea95e64|rpc:10.1.0.209:33457|dataStream:|priority:0, a45a9974-6347-49ca-aefd-c703a3af3a84|rpc:10.1.0.209:35151|dataStream:|priority:1, 63d7508a-aae7-47e5-91de-7b918a2106c8|rpc:10.1.0.209:34509|dataStream:|priority:0], old=null
2022-10-09 13:09:43,216 [a45a9974-6347-49ca-aefd-c703a3af3a84@group-61AA8B057572-LeaderElection73] INFO  impl.LeaderElection (LeaderElection.java:run(231)) - a45a9974-6347-49ca-aefd-c703a3af3a84@group-61AA8B057572-LeaderElection73: skip running since this is already CLOSING
2022-10-09 13:09:43,216 [50de1ab3-18a1-452d-b023-0fe1bea95e64@group-61AA8B057572-LeaderElection72] INFO  impl.LeaderElection (LeaderElection.java:logAndReturn(90)) - 50de1ab3-18a1-452d-b023-0fe1bea95e64@group-61AA8B057572-LeaderElection72: ELECTION REJECTED received 1 response(s) and 0 exception(s):
2022-10-09 13:09:43,217 [50de1ab3-18a1-452d-b023-0fe1bea95e64@group-61AA8B057572-LeaderElection72] INFO  impl.LeaderElection (LeaderElection.java:logAndReturn(94)) -   Response 0: 50de1ab3-18a1-452d-b023-0fe1bea95e64<-a45a9974-6347-49ca-aefd-c703a3af3a84#0:FAIL-t7
2022-10-09 13:09:43,217 [50de1ab3-18a1-452d-b023-0fe1bea95e64@group-61AA8B057572-LeaderElection72] INFO  impl.LeaderElection (LeaderElection.java:askForVotes(312)) - 50de1ab3-18a1-452d-b023-0fe1bea95e64@group-61AA8B057572-LeaderElection72 ELECTION round 0: result REJECTED
2022-10-09 13:09:43,217 [50de1ab3-18a1-452d-b023-0fe1bea95e64@group-61AA8B057572-LeaderElection72] INFO  server.RaftServer$Division (RaftServerImpl.java:setRole(299)) - 50de1ab3-18a1-452d-b023-0fe1bea95e64@group-61AA8B057572: changes role from CANDIDATE to FOLLOWER at term 7 for REJECTED
2022-10-09 13:09:43,217 [50de1ab3-18a1-452d-b023-0fe1bea95e64@group-61AA8B057572-LeaderElection72] INFO  impl.RoleInfo (RoleInfo.java:shutdownLeaderElection(130)) - 50de1ab3-18a1-452d-b023-0fe1bea95e64: shutdown 50de1ab3-18a1-452d-b023-0fe1bea95e64@group-61AA8B057572-LeaderElection72
2022-10-09 13:09:43,217 [50de1ab3-18a1-452d-b023-0fe1bea95e64@group-61AA8B057572-LeaderElection72] INFO  impl.RoleInfo (RoleInfo.java:updateAndGet(139)) - 50de1ab3-18a1-452d-b023-0fe1bea95e64: start 50de1ab3-18a1-452d-b023-0fe1bea95e64@group-61AA8B057572-FollowerState
2022-10-09 13:09:43,229 [grpc-default-executor-0] INFO  server.RaftServer$Division (RaftServerImpl.java:requestVote(1152)) - 63d7508a-aae7-47e5-91de-7b918a2106c8@group-61AA8B057572: receive requestVote(ELECTION, 50de1ab3-18a1-452d-b023-0fe1bea95e64, group-61AA8B057572, 7, (t:0, i:0))
2022-10-09 13:09:43,229 [grpc-default-executor-0] INFO  impl.VoteContext (VoteContext.java:log(48)) - 63d7508a-aae7-47e5-91de-7b918a2106c8@group-61AA8B057572-FOLLOWER: accept ELECTION from 50de1ab3-18a1-452d-b023-0fe1bea95e64: our priority 0 <= candidate's priority 0
2022-10-09 13:09:43,229 [grpc-default-executor-0] INFO  server.RaftServer$Division (RaftServerImpl.java:setRole(299)) - 63d7508a-aae7-47e5-91de-7b918a2106c8@group-61AA8B057572: changes role from  FOLLOWER to FOLLOWER at term 7 for candidate:50de1ab3-18a1-452d-b023-0fe1bea95e64
2022-10-09 13:09:43,229 [grpc-default-executor-0] INFO  impl.RoleInfo (RoleInfo.java:shutdownFollowerState(110)) - 63d7508a-aae7-47e5-91de-7b918a2106c8: shutdown 63d7508a-aae7-47e5-91de-7b918a2106c8@group-61AA8B057572-FollowerState
2022-10-09 13:09:43,229 [grpc-default-executor-0] INFO  impl.RoleInfo (RoleInfo.java:updateAndGet(139)) - 63d7508a-aae7-47e5-91de-7b918a2106c8: start 63d7508a-aae7-47e5-91de-7b918a2106c8@group-61AA8B057572-FollowerState
2022-10-09 13:09:43,229 [63d7508a-aae7-47e5-91de-7b918a2106c8@group-61AA8B057572-FollowerState] INFO  impl.FollowerState (FollowerState.java:run(152)) - 63d7508a-aae7-47e5-91de-7b918a2106c8@group-61AA8B057572-FollowerState was interrupted
2022-10-09 13:09:43,240 [grpc-default-executor-0] INFO  server.RaftServer$Division (RaftServerImpl.java:requestVote(1184)) - 63d7508a-aae7-47e5-91de-7b918a2106c8@group-61AA8B057572 replies to ELECTION vote request: 50de1ab3-18a1-452d-b023-0fe1bea95e64<-63d7508a-aae7-47e5-91de-7b918a2106c8#0:OK-t7. Peer's state: 63d7508a-aae7-47e5-91de-7b918a2106c8@group-61AA8B057572:t7, leader=null, voted=50de1ab3-18a1-452d-b023-0fe1bea95e64, raftlog=63d7508a-aae7-47e5-91de-7b918a2106c8@group-61AA8B057572-SegmentedRaftLog:OPENED:c-1, conf=-1: [50de1ab3-18a1-452d-b023-0fe1bea95e64|rpc:10.1.0.209:33457|dataStream:|priority:0, a45a9974-6347-49ca-aefd-c703a3af3a84|rpc:10.1.0.209:35151|dataStream:|priority:1, 63d7508a-aae7-47e5-91de-7b918a2106c8|rpc:10.1.0.209:34509|dataStream:|priority:0], old=null
2022-10-09 13:09:48,286 [50de1ab3-18a1-452d-b023-0fe1bea95e64@group-61AA8B057572-FollowerState] INFO  impl.FollowerState (FollowerState.java:run(143)) - 50de1ab3-18a1-452d-b023-0fe1bea95e64@group-61AA8B057572-FollowerState: change to CANDIDATE, lastRpcElapsedTime:5069217429ns, electionTimeout:5028ms
2022-10-09 13:09:48,286 [50de1ab3-18a1-452d-b023-0fe1bea95e64@group-61AA8B057572-FollowerState] INFO  impl.RoleInfo (RoleInfo.java:shutdownFollowerState(110)) - 50de1ab3-18a1-452d-b023-0fe1bea95e64: shutdown 50de1ab3-18a1-452d-b023-0fe1bea95e64@group-61AA8B057572-FollowerState
2022-10-09 13:09:48,286 [50de1ab3-18a1-452d-b023-0fe1bea95e64@group-61AA8B057572-FollowerState] INFO  server.RaftServer$Division (RaftServerImpl.java:setRole(299)) - 50de1ab3-18a1-452d-b023-0fe1bea95e64@group-61AA8B057572: changes role from  FOLLOWER to CANDIDATE at term 7 for changeToCandidate
2022-10-09 13:09:48,286 [50de1ab3-18a1-452d-b023-0fe1bea95e64@group-61AA8B057572-FollowerState] INFO  server.RaftServerConfigKeys (ConfUtils.java:logGet(46)) - raft.server.leaderelection.pre-vote = false (custom)
2022-10-09 13:09:48,286 [50de1ab3-18a1-452d-b023-0fe1bea95e64@group-61AA8B057572-FollowerState] INFO  impl.RoleInfo (RoleInfo.java:updateAndGet(139)) - 50de1ab3-18a1-452d-b023-0fe1bea95e64: start 50de1ab3-18a1-452d-b023-0fe1bea95e64@group-61AA8B057572-LeaderElection74
2022-10-09 13:09:48,309 [a45a9974-6347-49ca-aefd-c703a3af3a84@group-61AA8B057572-FollowerState] INFO  impl.FollowerState (FollowerState.java:run(143)) - a45a9974-6347-49ca-aefd-c703a3af3a84@group-61AA8B057572-FollowerState: change to CANDIDATE, lastRpcElapsedTime:5122860038ns, electionTimeout:5093ms
2022-10-09 13:09:48,309 [a45a9974-6347-49ca-aefd-c703a3af3a84@group-61AA8B057572-FollowerState] INFO  impl.RoleInfo (RoleInfo.java:shutdownFollowerState(110)) - a45a9974-6347-49ca-aefd-c703a3af3a84: shutdown a45a9974-6347-49ca-aefd-c703a3af3a84@group-61AA8B057572-FollowerState
2022-10-09 13:09:48,310 [a45a9974-6347-49ca-aefd-c703a3af3a84@group-61AA8B057572-FollowerState] INFO  server.RaftServer$Division (RaftServerImpl.java:setRole(299)) - a45a9974-6347-49ca-aefd-c703a3af3a84@group-61AA8B057572: changes role from  FOLLOWER to CANDIDATE at term 7 for changeToCandidate
2022-10-09 13:09:48,310 [a45a9974-6347-49ca-aefd-c703a3af3a84@group-61AA8B057572-FollowerState] INFO  server.RaftServerConfigKeys (ConfUtils.java:logGet(46)) - raft.server.leaderelection.pre-vote = false (custom)
2022-10-09 13:09:48,310 [a45a9974-6347-49ca-aefd-c703a3af3a84@group-61AA8B057572-FollowerState] INFO  impl.RoleInfo (RoleInfo.java:updateAndGet(139)) - a45a9974-6347-49ca-aefd-c703a3af3a84: start a45a9974-6347-49ca-aefd-c703a3af3a84@group-61AA8B057572-LeaderElection75
2022-10-09 13:09:48,342 [50de1ab3-18a1-452d-b023-0fe1bea95e64@group-61AA8B057572-LeaderElection74] INFO  impl.LeaderElection (LeaderElection.java:askForVotes(310)) - 50de1ab3-18a1-452d-b023-0fe1bea95e64@group-61AA8B057572-LeaderElection74 ELECTION round 0: submit vote requests at term 8 for -1: [50de1ab3-18a1-452d-b023-0fe1bea95e64|rpc:10.1.0.209:33457|priority:0, a45a9974-6347-49ca-aefd-c703a3af3a84|rpc:10.1.0.209:35151|priority:1, 63d7508a-aae7-47e5-91de-7b918a2106c8|rpc:10.1.0.209:34509|priority:0], old=null
2022-10-09 13:09:48,351 [63d7508a-aae7-47e5-91de-7b918a2106c8@group-61AA8B057572-FollowerState] INFO  impl.FollowerState (FollowerState.java:run(143)) - 63d7508a-aae7-47e5-91de-7b918a2106c8@group-61AA8B057572-FollowerState: change to CANDIDATE, lastRpcElapsedTime:5110617399ns, electionTimeout:5102ms
2022-10-09 13:09:48,351 [63d7508a-aae7-47e5-91de-7b918a2106c8@group-61AA8B057572-FollowerState] INFO  impl.RoleInfo (RoleInfo.java:shutdownFollowerState(110)) - 63d7508a-aae7-47e5-91de-7b918a2106c8: shutdown 63d7508a-aae7-47e5-91de-7b918a2106c8@group-61AA8B057572-FollowerState
2022-10-09 13:09:48,351 [63d7508a-aae7-47e5-91de-7b918a2106c8@group-61AA8B057572-FollowerState] INFO  server.RaftServer$Division (RaftServerImpl.java:setRole(299)) - 63d7508a-aae7-47e5-91de-7b918a2106c8@group-61AA8B057572: changes role from  FOLLOWER to CANDIDATE at term 7 for changeToCandidate
2022-10-09 13:09:48,351 [63d7508a-aae7-47e5-91de-7b918a2106c8@group-61AA8B057572-FollowerState] INFO  server.RaftServerConfigKeys (ConfUtils.java:logGet(46)) - raft.server.leaderelection.pre-vote = false (custom)
2022-10-09 13:09:48,351 [63d7508a-aae7-47e5-91de-7b918a2106c8@group-61AA8B057572-FollowerState] INFO  impl.RoleInfo (RoleInfo.java:updateAndGet(139)) - 63d7508a-aae7-47e5-91de-7b918a2106c8: start 63d7508a-aae7-47e5-91de-7b918a2106c8@group-61AA8B057572-LeaderElection76
2022-10-09 13:09:48,360 [grpc-default-executor-0] INFO  server.RaftServer$Division (RaftServerImpl.java:requestVote(1152)) - a45a9974-6347-49ca-aefd-c703a3af3a84@group-61AA8B057572: receive requestVote(ELECTION, 50de1ab3-18a1-452d-b023-0fe1bea95e64, group-61AA8B057572, 8, (t:0, i:0))
2022-10-09 13:09:48,361 [grpc-default-executor-0] INFO  impl.VoteContext (VoteContext.java:log(48)) - a45a9974-6347-49ca-aefd-c703a3af3a84@group-61AA8B057572-CANDIDATE: reject ELECTION from 50de1ab3-18a1-452d-b023-0fe1bea95e64: already has voted for a45a9974-6347-49ca-aefd-c703a3af3a84 at current term 8
2022-10-09 13:09:48,361 [grpc-default-executor-0] INFO  server.RaftServer$Division (RaftServerImpl.java:requestVote(1184)) - a45a9974-6347-49ca-aefd-c703a3af3a84@group-61AA8B057572 replies to ELECTION vote request: 50de1ab3-18a1-452d-b023-0fe1bea95e64<-a45a9974-6347-49ca-aefd-c703a3af3a84#0:FAIL-t8. Peer's state: a45a9974-6347-49ca-aefd-c703a3af3a84@group-61AA8B057572:t8, leader=null, voted=a45a9974-6347-49ca-aefd-c703a3af3a84, raftlog=a45a9974-6347-49ca-aefd-c703a3af3a84@group-61AA8B057572-SegmentedRaftLog:OPENED:c-1, conf=-1: [50de1ab3-18a1-452d-b023-0fe1bea95e64|rpc:10.1.0.209:33457|dataStream:|priority:0, a45a9974-6347-49ca-aefd-c703a3af3a84|rpc:10.1.0.209:35151|dataStream:|priority:1, 63d7508a-aae7-47e5-91de-7b918a2106c8|rpc:10.1.0.209:34509|dataStream:|priority:0], old=null
2022-10-09 13:09:48,361 [a45a9974-6347-49ca-aefd-c703a3af3a84@group-61AA8B057572-LeaderElection75] INFO  impl.LeaderElection (LeaderElection.java:askForVotes(310)) - a45a9974-6347-49ca-aefd-c703a3af3a84@group-61AA8B057572-LeaderElection75 ELECTION round 0: submit vote requests at term 8 for -1: [50de1ab3-18a1-452d-b023-0fe1bea95e64|rpc:10.1.0.209:33457|dataStream:|priority:0, a45a9974-6347-49ca-aefd-c703a3af3a84|rpc:10.1.0.209:35151|dataStream:|priority:1, 63d7508a-aae7-47e5-91de-7b918a2106c8|rpc:10.1.0.209:34509|dataStream:|priority:0], old=null
2022-10-09 13:09:48,381 [63d7508a-aae7-47e5-91de-7b918a2106c8@group-61AA8B057572-LeaderElection76] INFO  impl.LeaderElection (LeaderElection.java:askForVotes(310)) - 63d7508a-aae7-47e5-91de-7b918a2106c8@group-61AA8B057572-LeaderElection76 ELECTION round 0: submit vote requests at term 8 for -1: [50de1ab3-18a1-452d-b023-0fe1bea95e64|rpc:10.1.0.209:33457|dataStream:|priority:0, a45a9974-6347-49ca-aefd-c703a3af3a84|rpc:10.1.0.209:35151|dataStream:|priority:1, 63d7508a-aae7-47e5-91de-7b918a2106c8|rpc:10.1.0.209:34509|dataStream:|priority:0], old=null
2022-10-09 13:09:48,397 [grpc-default-executor-0] INFO  server.RaftServer$Division (RaftServerImpl.java:requestVote(1152)) - 50de1ab3-18a1-452d-b023-0fe1bea95e64@group-61AA8B057572: receive requestVote(ELECTION, a45a9974-6347-49ca-aefd-c703a3af3a84, group-61AA8B057572, 8, (t:0, i:0))
2022-10-09 13:09:48,397 [grpc-default-executor-0] INFO  impl.VoteContext (VoteContext.java:log(48)) - 50de1ab3-18a1-452d-b023-0fe1bea95e64@group-61AA8B057572-CANDIDATE: reject ELECTION from a45a9974-6347-49ca-aefd-c703a3af3a84: already has voted for 50de1ab3-18a1-452d-b023-0fe1bea95e64 at current term 8
2022-10-09 13:09:48,397 [grpc-default-executor-0] INFO  server.RaftServer$Division (RaftServerImpl.java:requestVote(1184)) - 50de1ab3-18a1-452d-b023-0fe1bea95e64@group-61AA8B057572 replies to ELECTION vote request: a45a9974-6347-49ca-aefd-c703a3af3a84<-50de1ab3-18a1-452d-b023-0fe1bea95e64#0:FAIL-t8. Peer's state: 50de1ab3-18a1-452d-b023-0fe1bea95e64@group-61AA8B057572:t8, leader=null, voted=50de1ab3-18a1-452d-b023-0fe1bea95e64, raftlog=50de1ab3-18a1-452d-b023-0fe1bea95e64@group-61AA8B057572-SegmentedRaftLog:OPENED:c-1, conf=-1: [50de1ab3-18a1-452d-b023-0fe1bea95e64|rpc:10.1.0.209:33457|priority:0, a45a9974-6347-49ca-aefd-c703a3af3a84|rpc:10.1.0.209:35151|priority:1, 63d7508a-aae7-47e5-91de-7b918a2106c8|rpc:10.1.0.209:34509|priority:0], old=null
2022-10-09 13:09:48,397 [grpc-default-executor-1] INFO  server.RaftServer$Division (RaftServerImpl.java:requestVote(1152)) - 63d7508a-aae7-47e5-91de-7b918a2106c8@group-61AA8B057572: receive requestVote(ELECTION, 50de1ab3-18a1-452d-b023-0fe1bea95e64, group-61AA8B057572, 8, (t:0, i:0))
2022-10-09 13:09:48,397 [grpc-default-executor-1] INFO  impl.VoteContext (VoteContext.java:log(48)) - 63d7508a-aae7-47e5-91de-7b918a2106c8@group-61AA8B057572-CANDIDATE: reject ELECTION from 50de1ab3-18a1-452d-b023-0fe1bea95e64: already has voted for 63d7508a-aae7-47e5-91de-7b918a2106c8 at current term 8
2022-10-09 13:09:48,397 [grpc-default-executor-1] INFO  server.RaftServer$Division (RaftServerImpl.java:requestVote(1184)) - 63d7508a-aae7-47e5-91de-7b918a2106c8@group-61AA8B057572 replies to ELECTION vote request: 50de1ab3-18a1-452d-b023-0fe1bea95e64<-63d7508a-aae7-47e5-91de-7b918a2106c8#0:FAIL-t8. Peer's state: 63d7508a-aae7-47e5-91de-7b918a2106c8@group-61AA8B057572:t8, leader=null, voted=63d7508a-aae7-47e5-91de-7b918a2106c8, raftlog=63d7508a-aae7-47e5-91de-7b918a2106c8@group-61AA8B057572-SegmentedRaftLog:OPENED:c-1, conf=-1: [50de1ab3-18a1-452d-b023-0fe1bea95e64|rpc:10.1.0.209:33457|dataStream:|priority:0, a45a9974-6347-49ca-aefd-c703a3af3a84|rpc:10.1.0.209:35151|dataStream:|priority:1, 63d7508a-aae7-47e5-91de-7b918a2106c8|rpc:10.1.0.209:34509|dataStream:|priority:0], old=null
2022-10-09 13:09:48,398 [50de1ab3-18a1-452d-b023-0fe1bea95e64@group-61AA8B057572-LeaderElection74] INFO  impl.LeaderElection (LeaderElection.java:logAndReturn(90)) - 50de1ab3-18a1-452d-b023-0fe1bea95e64@group-61AA8B057572-LeaderElection74: ELECTION REJECTED received 1 response(s) and 0 exception(s):
2022-10-09 13:09:48,398 [50de1ab3-18a1-452d-b023-0fe1bea95e64@group-61AA8B057572-LeaderElection74] INFO  impl.LeaderElection (LeaderElection.java:logAndReturn(94)) -   Response 0: 50de1ab3-18a1-452d-b023-0fe1bea95e64<-a45a9974-6347-49ca-aefd-c703a3af3a84#0:FAIL-t8
2022-10-09 13:09:48,398 [50de1ab3-18a1-452d-b023-0fe1bea95e64@group-61AA8B057572-LeaderElection74] INFO  impl.LeaderElection (LeaderElection.java:askForVotes(312)) - 50de1ab3-18a1-452d-b023-0fe1bea95e64@group-61AA8B057572-LeaderElection74 ELECTION round 0: result REJECTED
2022-10-09 13:09:48,398 [50de1ab3-18a1-452d-b023-0fe1bea95e64@group-61AA8B057572-LeaderElection74] INFO  server.RaftServer$Division (RaftServerImpl.java:setRole(299)) - 50de1ab3-18a1-452d-b023-0fe1bea95e64@group-61AA8B057572: changes role from CANDIDATE to FOLLOWER at term 8 for REJECTED
2022-10-09 13:09:48,398 [50de1ab3-18a1-452d-b023-0fe1bea95e64@group-61AA8B057572-LeaderElection74] INFO  impl.RoleInfo (RoleInfo.java:shutdownLeaderElection(130)) - 50de1ab3-18a1-452d-b023-0fe1bea95e64: shutdown 50de1ab3-18a1-452d-b023-0fe1bea95e64@group-61AA8B057572-LeaderElection74
2022-10-09 13:09:48,398 [50de1ab3-18a1-452d-b023-0fe1bea95e64@group-61AA8B057572-LeaderElection74] INFO  impl.RoleInfo (RoleInfo.java:updateAndGet(139)) - 50de1ab3-18a1-452d-b023-0fe1bea95e64: start 50de1ab3-18a1-452d-b023-0fe1bea95e64@group-61AA8B057572-FollowerState
2022-10-09 13:09:48,425 [grpc-default-executor-2] INFO  server.RaftServer$Division (RaftServerImpl.java:requestVote(1152)) - 63d7508a-aae7-47e5-91de-7b918a2106c8@group-61AA8B057572: receive requestVote(ELECTION, a45a9974-6347-49ca-aefd-c703a3af3a84, group-61AA8B057572, 8, (t:0, i:0))
2022-10-09 13:09:48,425 [grpc-default-executor-2] INFO  impl.VoteContext (VoteContext.java:log(48)) - 63d7508a-aae7-47e5-91de-7b918a2106c8@group-61AA8B057572-CANDIDATE: reject ELECTION from a45a9974-6347-49ca-aefd-c703a3af3a84: already has voted for 63d7508a-aae7-47e5-91de-7b918a2106c8 at current term 8
2022-10-09 13:09:48,425 [grpc-default-executor-2] INFO  server.RaftServer$Division (RaftServerImpl.java:requestVote(1184)) - 63d7508a-aae7-47e5-91de-7b918a2106c8@group-61AA8B057572 replies to ELECTION vote request: a45a9974-6347-49ca-aefd-c703a3af3a84<-63d7508a-aae7-47e5-91de-7b918a2106c8#0:FAIL-t8. Peer's state: 63d7508a-aae7-47e5-91de-7b918a2106c8@group-61AA8B057572:t8, leader=null, voted=63d7508a-aae7-47e5-91de-7b918a2106c8, raftlog=63d7508a-aae7-47e5-91de-7b918a2106c8@group-61AA8B057572-SegmentedRaftLog:OPENED:c-1, conf=-1: [50de1ab3-18a1-452d-b023-0fe1bea95e64|rpc:10.1.0.209:33457|dataStream:|priority:0, a45a9974-6347-49ca-aefd-c703a3af3a84|rpc:10.1.0.209:35151|dataStream:|priority:1, 63d7508a-aae7-47e5-91de-7b918a2106c8|rpc:10.1.0.209:34509|dataStream:|priority:0], old=null
2022-10-09 13:09:48,427 [a45a9974-6347-49ca-aefd-c703a3af3a84@group-61AA8B057572-LeaderElection75] INFO  impl.LeaderElection (LeaderElection.java:logAndReturn(90)) - a45a9974-6347-49ca-aefd-c703a3af3a84@group-61AA8B057572-LeaderElection75: ELECTION REJECTED received 2 response(s) and 0 exception(s):
2022-10-09 13:09:48,427 [a45a9974-6347-49ca-aefd-c703a3af3a84@group-61AA8B057572-LeaderElection75] INFO  impl.LeaderElection (LeaderElection.java:logAndReturn(94)) -   Response 0: a45a9974-6347-49ca-aefd-c703a3af3a84<-50de1ab3-18a1-452d-b023-0fe1bea95e64#0:FAIL-t8
2022-10-09 13:09:48,427 [a45a9974-6347-49ca-aefd-c703a3af3a84@group-61AA8B057572-LeaderElection75] INFO  impl.LeaderElection (LeaderElection.java:logAndReturn(94)) -   Response 1: a45a9974-6347-49ca-aefd-c703a3af3a84<-63d7508a-aae7-47e5-91de-7b918a2106c8#0:FAIL-t8
2022-10-09 13:09:48,427 [a45a9974-6347-49ca-aefd-c703a3af3a84@group-61AA8B057572-LeaderElection75] INFO  impl.LeaderElection (LeaderElection.java:askForVotes(312)) - a45a9974-6347-49ca-aefd-c703a3af3a84@group-61AA8B057572-LeaderElection75 ELECTION round 0: result REJECTED
2022-10-09 13:09:48,427 [a45a9974-6347-49ca-aefd-c703a3af3a84@group-61AA8B057572-LeaderElection75] INFO  server.RaftServer$Division (RaftServerImpl.java:setRole(299)) - a45a9974-6347-49ca-aefd-c703a3af3a84@group-61AA8B057572: changes role from CANDIDATE to FOLLOWER at term 8 for REJECTED
2022-10-09 13:09:48,427 [a45a9974-6347-49ca-aefd-c703a3af3a84@group-61AA8B057572-LeaderElection75] INFO  impl.RoleInfo (RoleInfo.java:shutdownLeaderElection(130)) - a45a9974-6347-49ca-aefd-c703a3af3a84: shutdown a45a9974-6347-49ca-aefd-c703a3af3a84@group-61AA8B057572-LeaderElection75
2022-10-09 13:09:48,427 [a45a9974-6347-49ca-aefd-c703a3af3a84@group-61AA8B057572-LeaderElection75] INFO  impl.RoleInfo (RoleInfo.java:updateAndGet(139)) - a45a9974-6347-49ca-aefd-c703a3af3a84: start a45a9974-6347-49ca-aefd-c703a3af3a84@group-61AA8B057572-FollowerState
2022-10-09 13:09:48,444 [grpc-default-executor-2] INFO  server.RaftServer$Division (RaftServerImpl.java:requestVote(1152)) - a45a9974-6347-49ca-aefd-c703a3af3a84@group-61AA8B057572: receive requestVote(ELECTION, 63d7508a-aae7-47e5-91de-7b918a2106c8, group-61AA8B057572, 8, (t:0, i:0))
2022-10-09 13:09:48,445 [grpc-default-executor-2] INFO  impl.VoteContext (VoteContext.java:log(48)) - a45a9974-6347-49ca-aefd-c703a3af3a84@group-61AA8B057572-FOLLOWER: reject ELECTION from 63d7508a-aae7-47e5-91de-7b918a2106c8: already has voted for a45a9974-6347-49ca-aefd-c703a3af3a84 at current term 8
2022-10-09 13:09:48,445 [grpc-default-executor-2] INFO  server.RaftServer$Division (RaftServerImpl.java:requestVote(1184)) - a45a9974-6347-49ca-aefd-c703a3af3a84@group-61AA8B057572 replies to ELECTION vote request: 63d7508a-aae7-47e5-91de-7b918a2106c8<-a45a9974-6347-49ca-aefd-c703a3af3a84#0:FAIL-t8. Peer's state: a45a9974-6347-49ca-aefd-c703a3af3a84@group-61AA8B057572:t8, leader=null, voted=a45a9974-6347-49ca-aefd-c703a3af3a84, raftlog=a45a9974-6347-49ca-aefd-c703a3af3a84@group-61AA8B057572-SegmentedRaftLog:OPENED:c-1, conf=-1: [50de1ab3-18a1-452d-b023-0fe1bea95e64|rpc:10.1.0.209:33457|dataStream:|priority:0, a45a9974-6347-49ca-aefd-c703a3af3a84|rpc:10.1.0.209:35151|dataStream:|priority:1, 63d7508a-aae7-47e5-91de-7b918a2106c8|rpc:10.1.0.209:34509|dataStream:|priority:0], old=null
2022-10-09 13:09:48,445 [63d7508a-aae7-47e5-91de-7b918a2106c8@group-61AA8B057572-LeaderElection76] INFO  impl.LeaderElection (LeaderElection.java:logAndReturn(90)) - 63d7508a-aae7-47e5-91de-7b918a2106c8@group-61AA8B057572-LeaderElection76: ELECTION REJECTED received 1 response(s) and 0 exception(s):
2022-10-09 13:09:48,445 [63d7508a-aae7-47e5-91de-7b918a2106c8@group-61AA8B057572-LeaderElection76] INFO  impl.LeaderElection (LeaderElection.java:logAndReturn(94)) -   Response 0: 63d7508a-aae7-47e5-91de-7b918a2106c8<-a45a9974-6347-49ca-aefd-c703a3af3a84#0:FAIL-t8
2022-10-09 13:09:48,445 [63d7508a-aae7-47e5-91de-7b918a2106c8@group-61AA8B057572-LeaderElection76] INFO  impl.LeaderElection (LeaderElection.java:askForVotes(312)) - 63d7508a-aae7-47e5-91de-7b918a2106c8@group-61AA8B057572-LeaderElection76 ELECTION round 0: result REJECTED
2022-10-09 13:09:48,445 [63d7508a-aae7-47e5-91de-7b918a2106c8@group-61AA8B057572-LeaderElection76] INFO  server.RaftServer$Division (RaftServerImpl.java:setRole(299)) - 63d7508a-aae7-47e5-91de-7b918a2106c8@group-61AA8B057572: changes role from CANDIDATE to FOLLOWER at term 8 for REJECTED
2022-10-09 13:09:48,445 [63d7508a-aae7-47e5-91de-7b918a2106c8@group-61AA8B057572-LeaderElection76] INFO  impl.RoleInfo (RoleInfo.java:shutdownLeaderElection(130)) - 63d7508a-aae7-47e5-91de-7b918a2106c8: shutdown 63d7508a-aae7-47e5-91de-7b918a2106c8@group-61AA8B057572-LeaderElection76
2022-10-09 13:09:48,445 [63d7508a-aae7-47e5-91de-7b918a2106c8@group-61AA8B057572-LeaderElection76] INFO  impl.RoleInfo (RoleInfo.java:updateAndGet(139)) - 63d7508a-aae7-47e5-91de-7b918a2106c8: start 63d7508a-aae7-47e5-91de-7b918a2106c8@group-61AA8B057572-FollowerState
2022-10-09 13:09:48,502 [grpc-default-executor-2] INFO  server.RaftServer$Division (RaftServerImpl.java:requestVote(1152)) - 50de1ab3-18a1-452d-b023-0fe1bea95e64@group-61AA8B057572: receive requestVote(ELECTION, 63d7508a-aae7-47e5-91de-7b918a2106c8, group-61AA8B057572, 8, (t:0, i:0))
2022-10-09 13:09:48,502 [grpc-default-executor-2] INFO  impl.VoteContext (VoteContext.java:log(48)) - 50de1ab3-18a1-452d-b023-0fe1bea95e64@group-61AA8B057572-FOLLOWER: reject ELECTION from 63d7508a-aae7-47e5-91de-7b918a2106c8: already has voted for 50de1ab3-18a1-452d-b023-0fe1bea95e64 at current term 8
2022-10-09 13:09:48,502 [grpc-default-executor-2] INFO  server.RaftServer$Division (RaftServerImpl.java:requestVote(1184)) - 50de1ab3-18a1-452d-b023-0fe1bea95e64@group-61AA8B057572 replies to ELECTION vote request: 63d7508a-aae7-47e5-91de-7b918a2106c8<-50de1ab3-18a1-452d-b023-0fe1bea95e64#0:FAIL-t8. Peer's state: 50de1ab3-18a1-452d-b023-0fe1bea95e64@group-61AA8B057572:t8, leader=null, voted=50de1ab3-18a1-452d-b023-0fe1bea95e64, raftlog=50de1ab3-18a1-452d-b023-0fe1bea95e64@group-61AA8B057572-SegmentedRaftLog:OPENED:c-1, conf=-1: [50de1ab3-18a1-452d-b023-0fe1bea95e64|rpc:10.1.0.209:33457|priority:0, a45a9974-6347-49ca-aefd-c703a3af3a84|rpc:10.1.0.209:35151|priority:1, 63d7508a-aae7-47e5-91de-7b918a2106c8|rpc:10.1.0.209:34509|priority:0], old=null
2022-10-09 13:09:53,601 [50de1ab3-18a1-452d-b023-0fe1bea95e64@group-61AA8B057572-FollowerState] INFO  impl.FollowerState (FollowerState.java:run(143)) - 50de1ab3-18a1-452d-b023-0fe1bea95e64@group-61AA8B057572-FollowerState: change to CANDIDATE, lastRpcElapsedTime:5202245154ns, electionTimeout:5199ms
2022-10-09 13:09:53,601 [50de1ab3-18a1-452d-b023-0fe1bea95e64@group-61AA8B057572-FollowerState] INFO  impl.RoleInfo (RoleInfo.java:shutdownFollowerState(110)) - 50de1ab3-18a1-452d-b023-0fe1bea95e64: shutdown 50de1ab3-18a1-452d-b023-0fe1bea95e64@group-61AA8B057572-FollowerState
2022-10-09 13:09:53,601 [50de1ab3-18a1-452d-b023-0fe1bea95e64@group-61AA8B057572-FollowerState] INFO  server.RaftServer$Division (RaftServerImpl.java:setRole(299)) - 50de1ab3-18a1-452d-b023-0fe1bea95e64@group-61AA8B057572: changes role from  FOLLOWER to CANDIDATE at term 8 for changeToCandidate
2022-10-09 13:09:53,601 [50de1ab3-18a1-452d-b023-0fe1bea95e64@group-61AA8B057572-FollowerState] INFO  server.RaftServerConfigKeys (ConfUtils.java:logGet(46)) - raft.server.leaderelection.pre-vote = false (custom)
2022-10-09 13:09:53,601 [50de1ab3-18a1-452d-b023-0fe1bea95e64@group-61AA8B057572-FollowerState] INFO  impl.RoleInfo (RoleInfo.java:updateAndGet(139)) - 50de1ab3-18a1-452d-b023-0fe1bea95e64: start 50de1ab3-18a1-452d-b023-0fe1bea95e64@group-61AA8B057572-LeaderElection77
2022-10-09 13:09:53,625 [63d7508a-aae7-47e5-91de-7b918a2106c8@group-61AA8B057572-FollowerState] INFO  impl.FollowerState (FollowerState.java:run(143)) - 63d7508a-aae7-47e5-91de-7b918a2106c8@group-61AA8B057572-FollowerState: change to CANDIDATE, lastRpcElapsedTime:5180043599ns, electionTimeout:5172ms
2022-10-09 13:09:53,626 [63d7508a-aae7-47e5-91de-7b918a2106c8@group-61AA8B057572-FollowerState] INFO  impl.RoleInfo (RoleInfo.java:shutdownFollowerState(110)) - 63d7508a-aae7-47e5-91de-7b918a2106c8: shutdown 63d7508a-aae7-47e5-91de-7b918a2106c8@group-61AA8B057572-FollowerState
2022-10-09 13:09:53,626 [63d7508a-aae7-47e5-91de-7b918a2106c8@group-61AA8B057572-FollowerState] INFO  server.RaftServer$Division (RaftServerImpl.java:setRole(299)) - 63d7508a-aae7-47e5-91de-7b918a2106c8@group-61AA8B057572: changes role from  FOLLOWER to CANDIDATE at term 8 for changeToCandidate
2022-10-09 13:09:53,626 [63d7508a-aae7-47e5-91de-7b918a2106c8@group-61AA8B057572-FollowerState] INFO  server.RaftServerConfigKeys (ConfUtils.java:logGet(46)) - raft.server.leaderelection.pre-vote = false (custom)
2022-10-09 13:09:53,626 [63d7508a-aae7-47e5-91de-7b918a2106c8@group-61AA8B057572-FollowerState] INFO  impl.RoleInfo (RoleInfo.java:updateAndGet(139)) - 63d7508a-aae7-47e5-91de-7b918a2106c8: start 63d7508a-aae7-47e5-91de-7b918a2106c8@group-61AA8B057572-LeaderElection78
2022-10-09 13:09:53,626 [a45a9974-6347-49ca-aefd-c703a3af3a84@group-61AA8B057572-FollowerState] INFO  impl.FollowerState (FollowerState.java:run(143)) - a45a9974-6347-49ca-aefd-c703a3af3a84@group-61AA8B057572-FollowerState: change to CANDIDATE, lastRpcElapsedTime:5198747511ns, electionTimeout:5192ms
2022-10-09 13:09:53,626 [a45a9974-6347-49ca-aefd-c703a3af3a84@group-61AA8B057572-FollowerState] INFO  impl.RoleInfo (RoleInfo.java:shutdownFollowerState(110)) - a45a9974-6347-49ca-aefd-c703a3af3a84: shutdown a45a9974-6347-49ca-aefd-c703a3af3a84@group-61AA8B057572-FollowerState
2022-10-09 13:09:53,626 [a45a9974-6347-49ca-aefd-c703a3af3a84@group-61AA8B057572-FollowerState] INFO  server.RaftServer$Division (RaftServerImpl.java:setRole(299)) - a45a9974-6347-49ca-aefd-c703a3af3a84@group-61AA8B057572: changes role from  FOLLOWER to CANDIDATE at term 8 for changeToCandidate
2022-10-09 13:09:53,646 [50de1ab3-18a1-452d-b023-0fe1bea95e64@group-61AA8B057572-LeaderElection77] INFO  impl.LeaderElection (LeaderElection.java:askForVotes(310)) - 50de1ab3-18a1-452d-b023-0fe1bea95e64@group-61AA8B057572-LeaderElection77 ELECTION round 0: submit vote requests at term 9 for -1: [50de1ab3-18a1-452d-b023-0fe1bea95e64|rpc:10.1.0.209:33457|priority:0, a45a9974-6347-49ca-aefd-c703a3af3a84|rpc:10.1.0.209:35151|priority:1, 63d7508a-aae7-47e5-91de-7b918a2106c8|rpc:10.1.0.209:34509|priority:0], old=null
2022-10-09 13:09:53,714 [grpc-default-executor-2] INFO  server.RaftServer$Division (RaftServerImpl.java:requestVote(1152)) - a45a9974-6347-49ca-aefd-c703a3af3a84@group-61AA8B057572: receive requestVote(ELECTION, 50de1ab3-18a1-452d-b023-0fe1bea95e64, group-61AA8B057572, 9, (t:0, i:0))
2022-10-09 13:09:53,727 [63d7508a-aae7-47e5-91de-7b918a2106c8@group-61AA8B057572-LeaderElection78] INFO  impl.LeaderElection (LeaderElection.java:askForVotes(310)) - 63d7508a-aae7-47e5-91de-7b918a2106c8@group-61AA8B057572-LeaderElection78 ELECTION round 0: submit vote requests at term 9 for -1: [50de1ab3-18a1-452d-b023-0fe1bea95e64|rpc:10.1.0.209:33457|dataStream:|priority:0, a45a9974-6347-49ca-aefd-c703a3af3a84|rpc:10.1.0.209:35151|dataStream:|priority:1, 63d7508a-aae7-47e5-91de-7b918a2106c8|rpc:10.1.0.209:34509|dataStream:|priority:0], old=null
2022-10-09 13:09:53,748 [a45a9974-6347-49ca-aefd-c703a3af3a84@group-61AA8B057572-FollowerState] INFO  server.RaftServerConfigKeys (ConfUtils.java:logGet(46)) - raft.server.leaderelection.pre-vote = false (custom)
2022-10-09 13:09:53,748 [a45a9974-6347-49ca-aefd-c703a3af3a84@group-61AA8B057572-FollowerState] INFO  impl.RoleInfo (RoleInfo.java:updateAndGet(139)) - a45a9974-6347-49ca-aefd-c703a3af3a84: start a45a9974-6347-49ca-aefd-c703a3af3a84@group-61AA8B057572-LeaderElection79
2022-10-09 13:09:53,809 [grpc-default-executor-1] INFO  server.RaftServer$Division (RaftServerImpl.java:requestVote(1152)) - 50de1ab3-18a1-452d-b023-0fe1bea95e64@group-61AA8B057572: receive requestVote(ELECTION, 63d7508a-aae7-47e5-91de-7b918a2106c8, group-61AA8B057572, 9, (t:0, i:0))
2022-10-09 13:09:53,809 [grpc-default-executor-1] INFO  impl.VoteContext (VoteContext.java:log(48)) - 50de1ab3-18a1-452d-b023-0fe1bea95e64@group-61AA8B057572-CANDIDATE: reject ELECTION from 63d7508a-aae7-47e5-91de-7b918a2106c8: already has voted for 50de1ab3-18a1-452d-b023-0fe1bea95e64 at current term 9
2022-10-09 13:09:53,809 [grpc-default-executor-1] INFO  server.RaftServer$Division (RaftServerImpl.java:requestVote(1184)) - 50de1ab3-18a1-452d-b023-0fe1bea95e64@group-61AA8B057572 replies to ELECTION vote request: 63d7508a-aae7-47e5-91de-7b918a2106c8<-50de1ab3-18a1-452d-b023-0fe1bea95e64#0:FAIL-t9. Peer's state: 50de1ab3-18a1-452d-b023-0fe1bea95e64@group-61AA8B057572:t9, leader=null, voted=50de1ab3-18a1-452d-b023-0fe1bea95e64, raftlog=50de1ab3-18a1-452d-b023-0fe1bea95e64@group-61AA8B057572-SegmentedRaftLog:OPENED:c-1, conf=-1: [50de1ab3-18a1-452d-b023-0fe1bea95e64|rpc:10.1.0.209:33457|priority:0, a45a9974-6347-49ca-aefd-c703a3af3a84|rpc:10.1.0.209:35151|priority:1, 63d7508a-aae7-47e5-91de-7b918a2106c8|rpc:10.1.0.209:34509|priority:0], old=null
2022-10-09 13:09:53,816 [grpc-default-executor-0] INFO  server.RaftServer$Division (RaftServerImpl.java:requestVote(1152)) - 63d7508a-aae7-47e5-91de-7b918a2106c8@group-61AA8B057572: receive requestVote(ELECTION, 50de1ab3-18a1-452d-b023-0fe1bea95e64, group-61AA8B057572, 9, (t:0, i:0))
2022-10-09 13:09:53,816 [grpc-default-executor-0] INFO  impl.VoteContext (VoteContext.java:log(48)) - 63d7508a-aae7-47e5-91de-7b918a2106c8@group-61AA8B057572-CANDIDATE: reject ELECTION from 50de1ab3-18a1-452d-b023-0fe1bea95e64: already has voted for 63d7508a-aae7-47e5-91de-7b918a2106c8 at current term 9
2022-10-09 13:09:53,816 [grpc-default-executor-0] INFO  server.RaftServer$Division (RaftServerImpl.java:requestVote(1184)) - 63d7508a-aae7-47e5-91de-7b918a2106c8@group-61AA8B057572 replies to ELECTION vote request: 50de1ab3-18a1-452d-b023-0fe1bea95e64<-63d7508a-aae7-47e5-91de-7b918a2106c8#0:FAIL-t9. Peer's state: 63d7508a-aae7-47e5-91de-7b918a2106c8@group-61AA8B057572:t9, leader=null, voted=63d7508a-aae7-47e5-91de-7b918a2106c8, raftlog=63d7508a-aae7-47e5-91de-7b918a2106c8@group-61AA8B057572-SegmentedRaftLog:OPENED:c-1, conf=-1: [50de1ab3-18a1-452d-b023-0fe1bea95e64|rpc:10.1.0.209:33457|dataStream:|priority:0, a45a9974-6347-49ca-aefd-c703a3af3a84|rpc:10.1.0.209:35151|dataStream:|priority:1, 63d7508a-aae7-47e5-91de-7b918a2106c8|rpc:10.1.0.209:34509|dataStream:|priority:0], old=null
2022-10-09 13:09:53,840 [grpc-default-executor-2] INFO  impl.VoteContext (VoteContext.java:log(48)) - a45a9974-6347-49ca-aefd-c703a3af3a84@group-61AA8B057572-CANDIDATE: reject ELECTION from 50de1ab3-18a1-452d-b023-0fe1bea95e64: our priority 1 > candidate's priority 0
2022-10-09 13:09:53,840 [grpc-default-executor-2] INFO  server.RaftServer$Division (RaftServerImpl.java:setRole(299)) - a45a9974-6347-49ca-aefd-c703a3af3a84@group-61AA8B057572: changes role from CANDIDATE to FOLLOWER at term 9 for candidate:50de1ab3-18a1-452d-b023-0fe1bea95e64
2022-10-09 13:09:53,840 [grpc-default-executor-2] INFO  impl.RoleInfo (RoleInfo.java:shutdownLeaderElection(130)) - a45a9974-6347-49ca-aefd-c703a3af3a84: shutdown a45a9974-6347-49ca-aefd-c703a3af3a84@group-61AA8B057572-LeaderElection79
2022-10-09 13:09:53,861 [grpc-default-executor-2] INFO  impl.RoleInfo (RoleInfo.java:updateAndGet(139)) - a45a9974-6347-49ca-aefd-c703a3af3a84: start a45a9974-6347-49ca-aefd-c703a3af3a84@group-61AA8B057572-FollowerState
2022-10-09 13:09:53,863 [grpc-default-executor-2] INFO  server.RaftServer$Division (RaftServerImpl.java:requestVote(1184)) - a45a9974-6347-49ca-aefd-c703a3af3a84@group-61AA8B057572 replies to ELECTION vote request: 50de1ab3-18a1-452d-b023-0fe1bea95e64<-a45a9974-6347-49ca-aefd-c703a3af3a84#0:FAIL-t9. Peer's state: a45a9974-6347-49ca-aefd-c703a3af3a84@group-61AA8B057572:t9, leader=null, voted=null, raftlog=a45a9974-6347-49ca-aefd-c703a3af3a84@group-61AA8B057572-SegmentedRaftLog:OPENED:c-1, conf=-1: [50de1ab3-18a1-452d-b023-0fe1bea95e64|rpc:10.1.0.209:33457|dataStream:|priority:0, a45a9974-6347-49ca-aefd-c703a3af3a84|rpc:10.1.0.209:35151|dataStream:|priority:1, 63d7508a-aae7-47e5-91de-7b918a2106c8|rpc:10.1.0.209:34509|dataStream:|priority:0], old=null
2022-10-09 13:09:53,867 [50de1ab3-18a1-452d-b023-0fe1bea95e64@group-61AA8B057572-LeaderElection77] INFO  impl.LeaderElection (LeaderElection.java:logAndReturn(90)) - 50de1ab3-18a1-452d-b023-0fe1bea95e64@group-61AA8B057572-LeaderElection77: ELECTION REJECTED received 2 response(s) and 0 exception(s):
2022-10-09 13:09:53,867 [50de1ab3-18a1-452d-b023-0fe1bea95e64@group-61AA8B057572-LeaderElection77] INFO  impl.LeaderElection (LeaderElection.java:logAndReturn(94)) -   Response 0: 50de1ab3-18a1-452d-b023-0fe1bea95e64<-a45a9974-6347-49ca-aefd-c703a3af3a84#0:FAIL-t9
2022-10-09 13:09:53,868 [50de1ab3-18a1-452d-b023-0fe1bea95e64@group-61AA8B057572-LeaderElection77] INFO  impl.LeaderElection (LeaderElection.java:logAndReturn(94)) -   Response 1: 50de1ab3-18a1-452d-b023-0fe1bea95e64<-63d7508a-aae7-47e5-91de-7b918a2106c8#0:FAIL-t9
2022-10-09 13:09:53,868 [50de1ab3-18a1-452d-b023-0fe1bea95e64@group-61AA8B057572-LeaderElection77] INFO  impl.LeaderElection (LeaderElection.java:askForVotes(312)) - 50de1ab3-18a1-452d-b023-0fe1bea95e64@group-61AA8B057572-LeaderElection77 ELECTION round 0: result REJECTED
2022-10-09 13:09:53,868 [50de1ab3-18a1-452d-b023-0fe1bea95e64@group-61AA8B057572-LeaderElection77] INFO  server.RaftServer$Division (RaftServerImpl.java:setRole(299)) - 50de1ab3-18a1-452d-b023-0fe1bea95e64@group-61AA8B057572: changes role from CANDIDATE to FOLLOWER at term 9 for REJECTED
2022-10-09 13:09:53,868 [50de1ab3-18a1-452d-b023-0fe1bea95e64@group-61AA8B057572-LeaderElection77] INFO  impl.RoleInfo (RoleInfo.java:shutdownLeaderElection(130)) - 50de1ab3-18a1-452d-b023-0fe1bea95e64: shutdown 50de1ab3-18a1-452d-b023-0fe1bea95e64@group-61AA8B057572-LeaderElection77
2022-10-09 13:09:53,868 [50de1ab3-18a1-452d-b023-0fe1bea95e64@group-61AA8B057572-LeaderElection77] INFO  impl.RoleInfo (RoleInfo.java:updateAndGet(139)) - 50de1ab3-18a1-452d-b023-0fe1bea95e64: start 50de1ab3-18a1-452d-b023-0fe1bea95e64@group-61AA8B057572-FollowerState
2022-10-09 13:09:53,868 [grpc-default-executor-3] INFO  server.RaftServer$Division (RaftServerImpl.java:requestVote(1152)) - a45a9974-6347-49ca-aefd-c703a3af3a84@group-61AA8B057572: receive requestVote(ELECTION, 63d7508a-aae7-47e5-91de-7b918a2106c8, group-61AA8B057572, 9, (t:0, i:0))
2022-10-09 13:09:53,868 [grpc-default-executor-3] INFO  impl.VoteContext (VoteContext.java:log(48)) - a45a9974-6347-49ca-aefd-c703a3af3a84@group-61AA8B057572-FOLLOWER: reject ELECTION from 63d7508a-aae7-47e5-91de-7b918a2106c8: our priority 1 > candidate's priority 0
2022-10-09 13:09:53,868 [grpc-default-executor-3] INFO  server.RaftServer$Division (RaftServerImpl.java:setRole(299)) - a45a9974-6347-49ca-aefd-c703a3af3a84@group-61AA8B057572: changes role from  FOLLOWER to FOLLOWER at term 9 for candidate:63d7508a-aae7-47e5-91de-7b918a2106c8
2022-10-09 13:09:53,869 [grpc-default-executor-3] INFO  impl.RoleInfo (RoleInfo.java:shutdownFollowerState(110)) - a45a9974-6347-49ca-aefd-c703a3af3a84: shutdown a45a9974-6347-49ca-aefd-c703a3af3a84@group-61AA8B057572-FollowerState
2022-10-09 13:09:53,873 [a45a9974-6347-49ca-aefd-c703a3af3a84@group-61AA8B057572-FollowerState] INFO  impl.FollowerState (FollowerState.java:shouldRun(117)) - a45a9974-6347-49ca-aefd-c703a3af3a84@group-61AA8B057572-FollowerState: Stopping now (isRunning? false, role = FOLLOWER)
2022-10-09 13:09:53,877 [grpc-default-executor-3] INFO  impl.RoleInfo (RoleInfo.java:updateAndGet(139)) - a45a9974-6347-49ca-aefd-c703a3af3a84: start a45a9974-6347-49ca-aefd-c703a3af3a84@group-61AA8B057572-FollowerState
2022-10-09 13:09:53,880 [grpc-default-executor-3] INFO  server.RaftServer$Division (RaftServerImpl.java:requestVote(1184)) - a45a9974-6347-49ca-aefd-c703a3af3a84@group-61AA8B057572 replies to ELECTION vote request: 63d7508a-aae7-47e5-91de-7b918a2106c8<-a45a9974-6347-49ca-aefd-c703a3af3a84#0:FAIL-t9. Peer's state: a45a9974-6347-49ca-aefd-c703a3af3a84@group-61AA8B057572:t9, leader=null, voted=null, raftlog=a45a9974-6347-49ca-aefd-c703a3af3a84@group-61AA8B057572-SegmentedRaftLog:OPENED:c-1, conf=-1: [50de1ab3-18a1-452d-b023-0fe1bea95e64|rpc:10.1.0.209:33457|dataStream:|priority:0, a45a9974-6347-49ca-aefd-c703a3af3a84|rpc:10.1.0.209:35151|dataStream:|priority:1, 63d7508a-aae7-47e5-91de-7b918a2106c8|rpc:10.1.0.209:34509|dataStream:|priority:0], old=null
2022-10-09 13:09:53,880 [63d7508a-aae7-47e5-91de-7b918a2106c8@group-61AA8B057572-LeaderElection78] INFO  impl.LeaderElection (LeaderElection.java:logAndReturn(90)) - 63d7508a-aae7-47e5-91de-7b918a2106c8@group-61AA8B057572-LeaderElection78: ELECTION REJECTED received 2 response(s) and 0 exception(s):
2022-10-09 13:09:53,880 [63d7508a-aae7-47e5-91de-7b918a2106c8@group-61AA8B057572-LeaderElection78] INFO  impl.LeaderElection (LeaderElection.java:logAndReturn(94)) -   Response 0: 63d7508a-aae7-47e5-91de-7b918a2106c8<-50de1ab3-18a1-452d-b023-0fe1bea95e64#0:FAIL-t9
2022-10-09 13:09:53,880 [63d7508a-aae7-47e5-91de-7b918a2106c8@group-61AA8B057572-LeaderElection78] INFO  impl.LeaderElection (LeaderElection.java:logAndReturn(94)) -   Response 1: 63d7508a-aae7-47e5-91de-7b918a2106c8<-a45a9974-6347-49ca-aefd-c703a3af3a84#0:FAIL-t9
2022-10-09 13:09:53,880 [63d7508a-aae7-47e5-91de-7b918a2106c8@group-61AA8B057572-LeaderElection78] INFO  impl.LeaderElection (LeaderElection.java:askForVotes(312)) - 63d7508a-aae7-47e5-91de-7b918a2106c8@group-61AA8B057572-LeaderElection78 ELECTION round 0: result REJECTED
2022-10-09 13:09:53,880 [63d7508a-aae7-47e5-91de-7b918a2106c8@group-61AA8B057572-LeaderElection78] INFO  server.RaftServer$Division (RaftServerImpl.java:setRole(299)) - 63d7508a-aae7-47e5-91de-7b918a2106c8@group-61AA8B057572: changes role from CANDIDATE to FOLLOWER at term 9 for REJECTED
2022-10-09 13:09:53,881 [63d7508a-aae7-47e5-91de-7b918a2106c8@group-61AA8B057572-LeaderElection78] INFO  impl.RoleInfo (RoleInfo.java:shutdownLeaderElection(130)) - 63d7508a-aae7-47e5-91de-7b918a2106c8: shutdown 63d7508a-aae7-47e5-91de-7b918a2106c8@group-61AA8B057572-LeaderElection78
2022-10-09 13:09:53,881 [63d7508a-aae7-47e5-91de-7b918a2106c8@group-61AA8B057572-LeaderElection78] INFO  impl.RoleInfo (RoleInfo.java:updateAndGet(139)) - 63d7508a-aae7-47e5-91de-7b918a2106c8: start 63d7508a-aae7-47e5-91de-7b918a2106c8@group-61AA8B057572-FollowerState
2022-10-09 13:09:55,659 [Under Replicated Processor] INFO  replication.UnderReplicatedProcessor (UnderReplicatedProcessor.java:processAll(92)) - Processed 0 under replicated containers, failed processing 0
2022-10-09 13:09:55,671 [Over Replicated Processor] INFO  replication.OverReplicatedProcessor (OverReplicatedProcessor.java:processAll(90)) - Processed 0 over replicated containers, failed processing 0
2022-10-09 13:09:58,366 [IPC Server handler 19 on default port 34077] INFO  ha.SequenceIdGenerator (SequenceIdGenerator.java:getNextId(128)) - Allocate a batch for delTxnId, change lastId from 0 to 1000.
2022-10-09 13:09:59,013 [a45a9974-6347-49ca-aefd-c703a3af3a84@group-61AA8B057572-FollowerState] INFO  impl.FollowerState (FollowerState.java:run(143)) - a45a9974-6347-49ca-aefd-c703a3af3a84@group-61AA8B057572-FollowerState: change to CANDIDATE, lastRpcElapsedTime:5135821544ns, electionTimeout:5132ms
2022-10-09 13:09:59,013 [a45a9974-6347-49ca-aefd-c703a3af3a84@group-61AA8B057572-FollowerState] INFO  impl.RoleInfo (RoleInfo.java:shutdownFollowerState(110)) - a45a9974-6347-49ca-aefd-c703a3af3a84: shutdown a45a9974-6347-49ca-aefd-c703a3af3a84@group-61AA8B057572-FollowerState
2022-10-09 13:09:59,013 [a45a9974-6347-49ca-aefd-c703a3af3a84@group-61AA8B057572-FollowerState] INFO  server.RaftServer$Division (RaftServerImpl.java:setRole(299)) - a45a9974-6347-49ca-aefd-c703a3af3a84@group-61AA8B057572: changes role from  FOLLOWER to CANDIDATE at term 9 for changeToCandidate
2022-10-09 13:09:59,013 [a45a9974-6347-49ca-aefd-c703a3af3a84@group-61AA8B057572-FollowerState] INFO  server.RaftServerConfigKeys (ConfUtils.java:logGet(46)) - raft.server.leaderelection.pre-vote = false (custom)
2022-10-09 13:09:59,013 [a45a9974-6347-49ca-aefd-c703a3af3a84@group-61AA8B057572-FollowerState] INFO  impl.RoleInfo (RoleInfo.java:updateAndGet(139)) - a45a9974-6347-49ca-aefd-c703a3af3a84: start a45a9974-6347-49ca-aefd-c703a3af3a84@group-61AA8B057572-LeaderElection80
2022-10-09 13:09:59,041 [a45a9974-6347-49ca-aefd-c703a3af3a84@group-61AA8B057572-LeaderElection80] INFO  impl.LeaderElection (LeaderElection.java:askForVotes(310)) - a45a9974-6347-49ca-aefd-c703a3af3a84@group-61AA8B057572-LeaderElection80 ELECTION round 0: submit vote requests at term 10 for -1: [50de1ab3-18a1-452d-b023-0fe1bea95e64|rpc:10.1.0.209:33457|dataStream:|priority:0, a45a9974-6347-49ca-aefd-c703a3af3a84|rpc:10.1.0.209:35151|dataStream:|priority:1, 63d7508a-aae7-47e5-91de-7b918a2106c8|rpc:10.1.0.209:34509|dataStream:|priority:0], old=null
2022-10-09 13:09:59,054 [grpc-default-executor-3] INFO  server.RaftServer$Division (RaftServerImpl.java:requestVote(1152)) - 50de1ab3-18a1-452d-b023-0fe1bea95e64@group-61AA8B057572: receive requestVote(ELECTION, a45a9974-6347-49ca-aefd-c703a3af3a84, group-61AA8B057572, 10, (t:0, i:0))
2022-10-09 13:09:59,054 [grpc-default-executor-3] INFO  impl.VoteContext (VoteContext.java:log(48)) - 50de1ab3-18a1-452d-b023-0fe1bea95e64@group-61AA8B057572-FOLLOWER: accept ELECTION from a45a9974-6347-49ca-aefd-c703a3af3a84: our priority 0 <= candidate's priority 1
2022-10-09 13:09:59,054 [grpc-default-executor-3] INFO  server.RaftServer$Division (RaftServerImpl.java:setRole(299)) - 50de1ab3-18a1-452d-b023-0fe1bea95e64@group-61AA8B057572: changes role from  FOLLOWER to FOLLOWER at term 10 for candidate:a45a9974-6347-49ca-aefd-c703a3af3a84
2022-10-09 13:09:59,054 [grpc-default-executor-3] INFO  impl.RoleInfo (RoleInfo.java:shutdownFollowerState(110)) - 50de1ab3-18a1-452d-b023-0fe1bea95e64: shutdown 50de1ab3-18a1-452d-b023-0fe1bea95e64@group-61AA8B057572-FollowerState
2022-10-09 13:09:59,054 [grpc-default-executor-3] INFO  impl.RoleInfo (RoleInfo.java:updateAndGet(139)) - 50de1ab3-18a1-452d-b023-0fe1bea95e64: start 50de1ab3-18a1-452d-b023-0fe1bea95e64@group-61AA8B057572-FollowerState
2022-10-09 13:09:59,055 [grpc-default-executor-3] INFO  server.RaftServer$Division (RaftServerImpl.java:requestVote(1184)) - 50de1ab3-18a1-452d-b023-0fe1bea95e64@group-61AA8B057572 replies to ELECTION vote request: a45a9974-6347-49ca-aefd-c703a3af3a84<-50de1ab3-18a1-452d-b023-0fe1bea95e64#0:OK-t10. Peer's state: 50de1ab3-18a1-452d-b023-0fe1bea95e64@group-61AA8B057572:t10, leader=null, voted=a45a9974-6347-49ca-aefd-c703a3af3a84, raftlog=50de1ab3-18a1-452d-b023-0fe1bea95e64@group-61AA8B057572-SegmentedRaftLog:OPENED:c-1, conf=-1: [50de1ab3-18a1-452d-b023-0fe1bea95e64|rpc:10.1.0.209:33457|priority:0, a45a9974-6347-49ca-aefd-c703a3af3a84|rpc:10.1.0.209:35151|priority:1, 63d7508a-aae7-47e5-91de-7b918a2106c8|rpc:10.1.0.209:34509|priority:0], old=null
2022-10-09 13:09:59,057 [a45a9974-6347-49ca-aefd-c703a3af3a84@group-61AA8B057572-LeaderElection80] INFO  impl.LeaderElection (LeaderElection.java:logAndReturn(90)) - a45a9974-6347-49ca-aefd-c703a3af3a84@group-61AA8B057572-LeaderElection80: ELECTION PASSED received 1 response(s) and 0 exception(s):
2022-10-09 13:09:59,057 [a45a9974-6347-49ca-aefd-c703a3af3a84@group-61AA8B057572-LeaderElection80] INFO  impl.LeaderElection (LeaderElection.java:logAndReturn(94)) -   Response 0: a45a9974-6347-49ca-aefd-c703a3af3a84<-50de1ab3-18a1-452d-b023-0fe1bea95e64#0:OK-t10
2022-10-09 13:09:59,058 [a45a9974-6347-49ca-aefd-c703a3af3a84@group-61AA8B057572-LeaderElection80] INFO  impl.LeaderElection (LeaderElection.java:askForVotes(312)) - a45a9974-6347-49ca-aefd-c703a3af3a84@group-61AA8B057572-LeaderElection80 ELECTION round 0: result PASSED
2022-10-09 13:09:59,058 [a45a9974-6347-49ca-aefd-c703a3af3a84@group-61AA8B057572-LeaderElection80] INFO  impl.RoleInfo (RoleInfo.java:shutdownLeaderElection(130)) - a45a9974-6347-49ca-aefd-c703a3af3a84: shutdown a45a9974-6347-49ca-aefd-c703a3af3a84@group-61AA8B057572-LeaderElection80
2022-10-09 13:09:59,058 [a45a9974-6347-49ca-aefd-c703a3af3a84@group-61AA8B057572-LeaderElection80] INFO  server.RaftServer$Division (RaftServerImpl.java:setRole(299)) - a45a9974-6347-49ca-aefd-c703a3af3a84@group-61AA8B057572: changes role from CANDIDATE to LEADER at term 10 for changeToLeader
2022-10-09 13:09:59,058 [a45a9974-6347-49ca-aefd-c703a3af3a84@group-61AA8B057572-LeaderElection80] INFO  ratis.XceiverServerRatis (XceiverServerRatis.java:handleLeaderChangedNotification(863)) - Leader change notification received for group: group-61AA8B057572 with new leaderId: a45a9974-6347-49ca-aefd-c703a3af3a84
2022-10-09 13:09:59,058 [a45a9974-6347-49ca-aefd-c703a3af3a84@group-61AA8B057572-LeaderElection80] INFO  server.RaftServer$Division (ServerState.java:setLeader(287)) - a45a9974-6347-49ca-aefd-c703a3af3a84@group-61AA8B057572: change Leader from null to a45a9974-6347-49ca-aefd-c703a3af3a84 at term 10 for becomeLeader, leader elected after 51877ms
2022-10-09 13:09:59,058 [a45a9974-6347-49ca-aefd-c703a3af3a84@group-61AA8B057572-LeaderElection80] INFO  server.RaftServerConfigKeys (ConfUtils.java:logGet(46)) - raft.server.staging.catchup.gap = 1000 (default)
2022-10-09 13:09:59,058 [a45a9974-6347-49ca-aefd-c703a3af3a84@group-61AA8B057572-LeaderElection80] INFO  server.RaftServerConfigKeys (ConfUtils.java:logGet(46)) - raft.server.write.element-limit = 1024 (custom)
2022-10-09 13:09:59,058 [a45a9974-6347-49ca-aefd-c703a3af3a84@group-61AA8B057572-LeaderElection80] INFO  server.RaftServerConfigKeys (ConfUtils.java:logGet(46)) - raft.server.write.byte-limit = 1024 M (=1073741824) (custom)
2022-10-09 13:09:59,058 [a45a9974-6347-49ca-aefd-c703a3af3a84@group-61AA8B057572-LeaderElection80] INFO  server.RaftServerConfigKeys (ConfUtils.java:logGet(46)) - raft.server.watch.timeout = 180s (custom)
2022-10-09 13:09:59,059 [a45a9974-6347-49ca-aefd-c703a3af3a84@group-61AA8B057572-LeaderElection80] INFO  server.RaftServerConfigKeys (ConfUtils.java:logGet(46)) - raft.server.watch.timeout.denomination = 1s (default)
2022-10-09 13:09:59,059 [a45a9974-6347-49ca-aefd-c703a3af3a84@group-61AA8B057572-LeaderElection80] INFO  server.RaftServerConfigKeys (ConfUtils.java:logGet(46)) - raft.server.watch.element-limit = 65536 (default)
2022-10-09 13:09:59,059 [a45a9974-6347-49ca-aefd-c703a3af3a84@group-61AA8B057572-LeaderElection80] INFO  server.RaftServerConfigKeys (ConfUtils.java:logGet(46)) - raft.server.write.element-limit = 1024 (custom)
2022-10-09 13:09:59,059 [a45a9974-6347-49ca-aefd-c703a3af3a84@group-61AA8B057572-LeaderElection80] INFO  server.RaftServerConfigKeys (ConfUtils.java:logGet(46)) - raft.server.write.follower.gap.ratio.max = -1.0 (default)
2022-10-09 13:09:59,059 [a45a9974-6347-49ca-aefd-c703a3af3a84@group-61AA8B057572-LeaderElection80] INFO  server.RaftServerConfigKeys (ConfUtils.java:logGet(46)) - raft.server.log.appender.snapshot.chunk.size.max = 16MB (=16777216) (default)
2022-10-09 13:09:59,064 [EventQueue-PipelineReportForPipelineReportHandler] INFO  pipeline.PipelineManagerImpl (PipelineManagerImpl.java:openPipeline(367)) - Pipeline Pipeline[ Id: 64649ea7-5891-41cc-9022-61aa8b057572, Nodes: 63d7508a-aae7-47e5-91de-7b918a2106c8{ip: 10.1.0.209, host: fv-az212-628.zlodpucb4l4udavnfxg5s20dva.cx.internal.cloudapp.net, ports: [REPLICATION=35881, RATIS=34509, RATIS_ADMIN=34509, RATIS_SERVER=34509, STANDALONE=42463], networkLocation: /default-rack, certSerialId: null, persistedOpState: IN_SERVICE, persistedOpStateExpiryEpochSec: 0}50de1ab3-18a1-452d-b023-0fe1bea95e64{ip: 10.1.0.209, host: fv-az212-628.zlodpucb4l4udavnfxg5s20dva.cx.internal.cloudapp.net, ports: [REPLICATION=37969, RATIS=33457, RATIS_ADMIN=33457, RATIS_SERVER=33457, STANDALONE=45047], networkLocation: /default-rack, certSerialId: null, persistedOpState: IN_SERVICE, persistedOpStateExpiryEpochSec: 0}a45a9974-6347-49ca-aefd-c703a3af3a84{ip: 10.1.0.209, host: fv-az212-628.zlodpucb4l4udavnfxg5s20dva.cx.internal.cloudapp.net, ports: [REPLICATION=39625, RATIS=35151, RATIS_ADMIN=35151, RATIS_SERVER=35151, STANDALONE=45685], networkLocation: /default-rack, certSerialId: null, persistedOpState: IN_SERVICE, persistedOpStateExpiryEpochSec: 0}, ReplicationConfig: RATIS/THREE, State:ALLOCATED, leaderId:a45a9974-6347-49ca-aefd-c703a3af3a84, CreationTimestamp2022-10-09T13:09:04.775Z[Etc/UTC]] moved to OPEN state
2022-10-09 13:09:59,059 [50de1ab3-18a1-452d-b023-0fe1bea95e64@group-61AA8B057572-FollowerState] INFO  impl.FollowerState (FollowerState.java:run(152)) - 50de1ab3-18a1-452d-b023-0fe1bea95e64@group-61AA8B057572-FollowerState was interrupted
2022-10-09 13:09:59,075 [grpc-default-executor-3] INFO  server.RaftServer$Division (RaftServerImpl.java:requestVote(1152)) - 63d7508a-aae7-47e5-91de-7b918a2106c8@group-61AA8B057572: receive requestVote(ELECTION, a45a9974-6347-49ca-aefd-c703a3af3a84, group-61AA8B057572, 10, (t:0, i:0))
2022-10-09 13:09:59,075 [grpc-default-executor-3] INFO  impl.VoteContext (VoteContext.java:log(48)) - 63d7508a-aae7-47e5-91de-7b918a2106c8@group-61AA8B057572-FOLLOWER: accept ELECTION from a45a9974-6347-49ca-aefd-c703a3af3a84: our priority 0 <= candidate's priority 1
2022-10-09 13:09:59,075 [grpc-default-executor-3] INFO  server.RaftServer$Division (RaftServerImpl.java:setRole(299)) - 63d7508a-aae7-47e5-91de-7b918a2106c8@group-61AA8B057572: changes role from  FOLLOWER to FOLLOWER at term 10 for candidate:a45a9974-6347-49ca-aefd-c703a3af3a84
2022-10-09 13:09:59,075 [grpc-default-executor-3] INFO  impl.RoleInfo (RoleInfo.java:shutdownFollowerState(110)) - 63d7508a-aae7-47e5-91de-7b918a2106c8: shutdown 63d7508a-aae7-47e5-91de-7b918a2106c8@group-61AA8B057572-FollowerState
2022-10-09 13:09:59,075 [grpc-default-executor-3] INFO  impl.RoleInfo (RoleInfo.java:updateAndGet(139)) - 63d7508a-aae7-47e5-91de-7b918a2106c8: start 63d7508a-aae7-47e5-91de-7b918a2106c8@group-61AA8B057572-FollowerState
2022-10-09 13:09:59,075 [63d7508a-aae7-47e5-91de-7b918a2106c8@group-61AA8B057572-FollowerState] INFO  impl.FollowerState (FollowerState.java:run(152)) - 63d7508a-aae7-47e5-91de-7b918a2106c8@group-61AA8B057572-FollowerState was interrupted
2022-10-09 13:09:59,084 [grpc-default-executor-3] INFO  server.RaftServer$Division (RaftServerImpl.java:requestVote(1184)) - 63d7508a-aae7-47e5-91de-7b918a2106c8@group-61AA8B057572 replies to ELECTION vote request: a45a9974-6347-49ca-aefd-c703a3af3a84<-63d7508a-aae7-47e5-91de-7b918a2106c8#0:OK-t10. Peer's state: 63d7508a-aae7-47e5-91de-7b918a2106c8@group-61AA8B057572:t10, leader=null, voted=a45a9974-6347-49ca-aefd-c703a3af3a84, raftlog=63d7508a-aae7-47e5-91de-7b918a2106c8@group-61AA8B057572-SegmentedRaftLog:OPENED:c-1, conf=-1: [50de1ab3-18a1-452d-b023-0fe1bea95e64|rpc:10.1.0.209:33457|dataStream:|priority:0, a45a9974-6347-49ca-aefd-c703a3af3a84|rpc:10.1.0.209:35151|dataStream:|priority:1, 63d7508a-aae7-47e5-91de-7b918a2106c8|rpc:10.1.0.209:34509|dataStream:|priority:0], old=null
2022-10-09 13:09:59,089 [a45a9974-6347-49ca-aefd-c703a3af3a84@group-61AA8B057572-LeaderElection80] INFO  server.RaftServerConfigKeys (ConfUtils.java:logGet(46)) - raft.server.log.appender.buffer.byte-limit = 33554432 (custom)
2022-10-09 13:09:59,089 [a45a9974-6347-49ca-aefd-c703a3af3a84@group-61AA8B057572-LeaderElection80] INFO  server.RaftServerConfigKeys (ConfUtils.java:logGet(46)) - raft.server.log.appender.buffer.element-limit = 1 (custom)
2022-10-09 13:09:59,089 [a45a9974-6347-49ca-aefd-c703a3af3a84@group-61AA8B057572-LeaderElection80] INFO  grpc.GrpcConfigKeys (ConfUtils.java:logGet(46)) - raft.grpc.server.leader.outstanding.appends.max = 128 (default)
2022-10-09 13:09:59,089 [a45a9974-6347-49ca-aefd-c703a3af3a84@group-61AA8B057572-LeaderElection80] INFO  server.RaftServerConfigKeys (ConfUtils.java:logGet(46)) - raft.server.rpc.request.timeout = 60s (custom)
2022-10-09 13:09:59,089 [a45a9974-6347-49ca-aefd-c703a3af3a84@group-61AA8B057572-LeaderElection80] INFO  server.RaftServerConfigKeys (ConfUtils.java:logGet(46)) - raft.server.log.appender.install.snapshot.enabled = false (custom)
2022-10-09 13:09:59,090 [a45a9974-6347-49ca-aefd-c703a3af3a84@group-61AA8B057572-LeaderElection80] INFO  server.RaftServerConfigKeys (ConfUtils.java:logGet(46)) - raft.server.log.appender.snapshot.chunk.size.max = 16MB (=16777216) (default)
2022-10-09 13:09:59,090 [a45a9974-6347-49ca-aefd-c703a3af3a84@group-61AA8B057572-LeaderElection80] INFO  server.RaftServerConfigKeys (ConfUtils.java:logGet(46)) - raft.server.log.appender.buffer.byte-limit = 33554432 (custom)
2022-10-09 13:09:59,090 [a45a9974-6347-49ca-aefd-c703a3af3a84@group-61AA8B057572-LeaderElection80] INFO  server.RaftServerConfigKeys (ConfUtils.java:logGet(46)) - raft.server.log.appender.buffer.element-limit = 1 (custom)
2022-10-09 13:09:59,091 [a45a9974-6347-49ca-aefd-c703a3af3a84@group-61AA8B057572-LeaderElection80] INFO  grpc.GrpcConfigKeys (ConfUtils.java:logGet(46)) - raft.grpc.server.leader.outstanding.appends.max = 128 (default)
2022-10-09 13:09:59,091 [a45a9974-6347-49ca-aefd-c703a3af3a84@group-61AA8B057572-LeaderElection80] INFO  server.RaftServerConfigKeys (ConfUtils.java:logGet(46)) - raft.server.rpc.request.timeout = 60s (custom)
2022-10-09 13:09:59,091 [a45a9974-6347-49ca-aefd-c703a3af3a84@group-61AA8B057572-LeaderElection80] INFO  server.RaftServerConfigKeys (ConfUtils.java:logGet(46)) - raft.server.log.appender.install.snapshot.enabled = false (custom)
2022-10-09 13:09:59,091 [a45a9974-6347-49ca-aefd-c703a3af3a84@group-61AA8B057572-LeaderElection80] INFO  impl.RoleInfo (RoleInfo.java:updateAndGet(139)) - a45a9974-6347-49ca-aefd-c703a3af3a84: start a45a9974-6347-49ca-aefd-c703a3af3a84@group-61AA8B057572-LeaderStateImpl
2022-10-09 13:09:59,122 [a45a9974-6347-49ca-aefd-c703a3af3a84@group-61AA8B057572-LeaderElection80] INFO  segmented.SegmentedRaftLogWorker (SegmentedRaftLogWorker.java:startLogSegment(425)) - a45a9974-6347-49ca-aefd-c703a3af3a84@group-61AA8B057572-SegmentedRaftLogWorker: Starting segment from index:0
2022-10-09 13:09:59,124 [a45a9974-6347-49ca-aefd-c703a3af3a84@group-61AA8B057572-SegmentedRaftLogWorker] INFO  segmented.SegmentedRaftLogWorker (SegmentedRaftLogWorker.java:execute(629)) - a45a9974-6347-49ca-aefd-c703a3af3a84@group-61AA8B057572-SegmentedRaftLogWorker: created new log segment /home/runner/work/ozone/ozone/hadoop-ozone/integration-test/target/test-dir/MiniOzoneClusterImpl-ae096de1-e798-4387-a84e-b49ba4bb805b/datanode-2/data/ratis/64649ea7-5891-41cc-9022-61aa8b057572/current/log_inprogress_0
2022-10-09 13:09:59,138 [a45a9974-6347-49ca-aefd-c703a3af3a84@group-61AA8B057572-LeaderElection80] INFO  server.RaftServer$Division (ServerState.java:setRaftConf(393)) - a45a9974-6347-49ca-aefd-c703a3af3a84@group-61AA8B057572: set configuration 0: [50de1ab3-18a1-452d-b023-0fe1bea95e64|rpc:10.1.0.209:33457|dataStream:|priority:0, a45a9974-6347-49ca-aefd-c703a3af3a84|rpc:10.1.0.209:35151|dataStream:|priority:1, 63d7508a-aae7-47e5-91de-7b918a2106c8|rpc:10.1.0.209:34509|dataStream:|priority:0], old=null
2022-10-09 13:09:59,147 [50de1ab3-18a1-452d-b023-0fe1bea95e64-server-thread1] INFO  ratis.XceiverServerRatis (XceiverServerRatis.java:handleLeaderChangedNotification(863)) - Leader change notification received for group: group-61AA8B057572 with new leaderId: a45a9974-6347-49ca-aefd-c703a3af3a84
2022-10-09 13:09:59,147 [50de1ab3-18a1-452d-b023-0fe1bea95e64-server-thread1] INFO  server.RaftServer$Division (ServerState.java:setLeader(287)) - 50de1ab3-18a1-452d-b023-0fe1bea95e64@group-61AA8B057572: change Leader from null to a45a9974-6347-49ca-aefd-c703a3af3a84 at term 10 for appendEntries, leader elected after 52346ms
2022-10-09 13:09:59,148 [63d7508a-aae7-47e5-91de-7b918a2106c8-server-thread1] INFO  ratis.XceiverServerRatis (XceiverServerRatis.java:handleLeaderChangedNotification(863)) - Leader change notification received for group: group-61AA8B057572 with new leaderId: a45a9974-6347-49ca-aefd-c703a3af3a84
2022-10-09 13:09:59,148 [63d7508a-aae7-47e5-91de-7b918a2106c8-server-thread1] INFO  server.RaftServer$Division (ServerState.java:setLeader(287)) - 63d7508a-aae7-47e5-91de-7b918a2106c8@group-61AA8B057572: change Leader from null to a45a9974-6347-49ca-aefd-c703a3af3a84 at term 10 for appendEntries, leader elected after 52100ms
2022-10-09 13:09:59,151 [50de1ab3-18a1-452d-b023-0fe1bea95e64-server-thread1] INFO  server.RaftServer$Division (ServerState.java:setRaftConf(393)) - 50de1ab3-18a1-452d-b023-0fe1bea95e64@group-61AA8B057572: set configuration 0: [50de1ab3-18a1-452d-b023-0fe1bea95e64|rpc:10.1.0.209:33457|dataStream:|priority:0, a45a9974-6347-49ca-aefd-c703a3af3a84|rpc:10.1.0.209:35151|dataStream:|priority:1, 63d7508a-aae7-47e5-91de-7b918a2106c8|rpc:10.1.0.209:34509|dataStream:|priority:0], old=null
2022-10-09 13:09:59,151 [50de1ab3-18a1-452d-b023-0fe1bea95e64-server-thread1] INFO  segmented.SegmentedRaftLogWorker (SegmentedRaftLogWorker.java:startLogSegment(425)) - 50de1ab3-18a1-452d-b023-0fe1bea95e64@group-61AA8B057572-SegmentedRaftLogWorker: Starting segment from index:0
2022-10-09 13:09:59,158 [50de1ab3-18a1-452d-b023-0fe1bea95e64@group-61AA8B057572-SegmentedRaftLogWorker] INFO  segmented.SegmentedRaftLogWorker (SegmentedRaftLogWorker.java:execute(629)) - 50de1ab3-18a1-452d-b023-0fe1bea95e64@group-61AA8B057572-SegmentedRaftLogWorker: created new log segment /home/runner/work/ozone/ozone/hadoop-ozone/integration-test/target/test-dir/MiniOzoneClusterImpl-ae096de1-e798-4387-a84e-b49ba4bb805b/datanode-0/data/ratis/64649ea7-5891-41cc-9022-61aa8b057572/current/log_inprogress_0
2022-10-09 13:09:59,168 [63d7508a-aae7-47e5-91de-7b918a2106c8-server-thread1] INFO  server.RaftServer$Division (ServerState.java:setRaftConf(393)) - 63d7508a-aae7-47e5-91de-7b918a2106c8@group-61AA8B057572: set configuration 0: [50de1ab3-18a1-452d-b023-0fe1bea95e64|rpc:10.1.0.209:33457|dataStream:|priority:0, a45a9974-6347-49ca-aefd-c703a3af3a84|rpc:10.1.0.209:35151|dataStream:|priority:1, 63d7508a-aae7-47e5-91de-7b918a2106c8|rpc:10.1.0.209:34509|dataStream:|priority:0], old=null
2022-10-09 13:09:59,169 [63d7508a-aae7-47e5-91de-7b918a2106c8-server-thread1] INFO  segmented.SegmentedRaftLogWorker (SegmentedRaftLogWorker.java:startLogSegment(425)) - 63d7508a-aae7-47e5-91de-7b918a2106c8@group-61AA8B057572-SegmentedRaftLogWorker: Starting segment from index:0
2022-10-09 13:09:59,175 [63d7508a-aae7-47e5-91de-7b918a2106c8@group-61AA8B057572-SegmentedRaftLogWorker] INFO  segmented.SegmentedRaftLogWorker (SegmentedRaftLogWorker.java:execute(629)) - 63d7508a-aae7-47e5-91de-7b918a2106c8@group-61AA8B057572-SegmentedRaftLogWorker: created new log segment /home/runner/work/ozone/ozone/hadoop-ozone/integration-test/target/test-dir/MiniOzoneClusterImpl-ae096de1-e798-4387-a84e-b49ba4bb805b/datanode-1/data/ratis/64649ea7-5891-41cc-9022-61aa8b057572/current/log_inprogress_0
]]></system-out>
  </testcase>
  <testcase name="testRenameToTrashEnabled" classname="TestOzoneFileSystem" time="0.245">
    <system-out><![CDATA[13:04:50.790 [IPC Server handler 10 on default port 37457] ERROR OMAudit - user=runner | ip=127.0.0.1 | op=GET_FILE_STATUS {volume=volume94578, bucket=bucket60014, key=.Trash/runner/Current/testKey1, dataSize=0, replicationConfig=null} | ret=FAILURE
org.apache.hadoop.ozone.om.exceptions.OMException: Unable to get file status: volume: volume94578 bucket: bucket60014 key: .Trash/runner/Current/testKey1
	at org.apache.hadoop.ozone.om.KeyManagerImpl.getOzoneFileStatus(KeyManagerImpl.java:1270) ~[ozone-manager-1.3.0-SNAPSHOT.jar:?]
	at org.apache.hadoop.ozone.om.KeyManagerImpl.getFileStatus(KeyManagerImpl.java:1200) ~[ozone-manager-1.3.0-SNAPSHOT.jar:?]
	at org.apache.hadoop.ozone.om.OzoneManager.getFileStatus(OzoneManager.java:3507) ~[ozone-manager-1.3.0-SNAPSHOT.jar:?]
	at org.apache.hadoop.ozone.protocolPB.OzoneManagerRequestHandler.getOzoneFileStatus(OzoneManagerRequestHandler.java:882) ~[ozone-manager-1.3.0-SNAPSHOT.jar:?]
	at org.apache.hadoop.ozone.protocolPB.OzoneManagerRequestHandler.handleReadRequest(OzoneManagerRequestHandler.java:228) ~[ozone-manager-1.3.0-SNAPSHOT.jar:?]
	at org.apache.hadoop.ozone.protocolPB.OzoneManagerProtocolServerSideTranslatorPB.submitReadRequestToOM(OzoneManagerProtocolServerSideTranslatorPB.java:226) ~[ozone-manager-1.3.0-SNAPSHOT.jar:?]
	at org.apache.hadoop.ozone.protocolPB.OzoneManagerProtocolServerSideTranslatorPB.processRequest(OzoneManagerProtocolServerSideTranslatorPB.java:175) ~[ozone-manager-1.3.0-SNAPSHOT.jar:?]
	at org.apache.hadoop.hdds.server.OzoneProtocolMessageDispatcher.processRequest(OzoneProtocolMessageDispatcher.java:87) [hdds-server-framework-1.3.0-SNAPSHOT.jar:?]
	at org.apache.hadoop.ozone.protocolPB.OzoneManagerProtocolServerSideTranslatorPB.submitRequest(OzoneManagerProtocolServerSideTranslatorPB.java:147) [ozone-manager-1.3.0-SNAPSHOT.jar:?]
	at org.apache.hadoop.ozone.protocol.proto.OzoneManagerProtocolProtos$OzoneManagerService$2.callBlockingMethod(OzoneManagerProtocolProtos.java) [ozone-interface-client-1.3.0-SNAPSHOT.jar:?]
	at org.apache.hadoop.ipc.ProtobufRpcEngine$Server.processCall(ProtobufRpcEngine.java:466) [hadoop-common-3.3.1.jar:?]
	at org.apache.hadoop.ipc.ProtobufRpcEngine2$Server$ProtoBufRpcInvoker.call(ProtobufRpcEngine2.java:574) [hadoop-common-3.3.1.jar:?]
	at org.apache.hadoop.ipc.ProtobufRpcEngine2$Server$ProtoBufRpcInvoker.call(ProtobufRpcEngine2.java:552) [hadoop-common-3.3.1.jar:?]
	at org.apache.hadoop.ipc.RPC$Server.call(RPC.java:1093) [hadoop-common-3.3.1.jar:?]
	at org.apache.hadoop.ipc.Server$RpcCall.run(Server.java:1035) [hadoop-common-3.3.1.jar:?]
	at org.apache.hadoop.ipc.Server$RpcCall.run(Server.java:963) [hadoop-common-3.3.1.jar:?]
	at java.security.AccessController.doPrivileged(Native Method) ~[?:1.8.0_345]
	at javax.security.auth.Subject.doAs(Subject.java:422) [?:1.8.0_345]
	at org.apache.hadoop.security.UserGroupInformation.doAs(UserGroupInformation.java:1878) [hadoop-common-3.3.1.jar:?]
	at org.apache.hadoop.ipc.Server$Handler.run(Server.java:2966) [hadoop-common-3.3.1.jar:?]
2022-10-09 13:04:50,790 [Time-limited test] WARN  ozone.BasicOzoneFileSystem (BasicOzoneFileSystem.java:getFileStatus(765)) - GetFileStatus failed for path /.Trash/runner/Current/testKey1
java.io.FileNotFoundException: .Trash/runner/Current/testKey1: No such file or directory!
	at org.apache.hadoop.fs.ozone.BasicOzoneClientAdapterImpl.getFileStatus(BasicOzoneClientAdapterImpl.java:369)
	at org.apache.hadoop.fs.ozone.BasicOzoneFileSystem.getFileStatus(BasicOzoneFileSystem.java:757)
	at org.apache.hadoop.fs.FileSystem.exists(FileSystem.java:1760)
	at org.apache.hadoop.fs.ozone.BasicOzoneFileSystem.exists(BasicOzoneFileSystem.java:804)
	at org.apache.hadoop.fs.TrashPolicyDefault.moveToTrash(TrashPolicyDefault.java:181)
	at org.apache.hadoop.fs.Trash.moveToTrash(Trash.java:110)
	at org.apache.hadoop.fs.ozone.TestOzoneFileSystem.testRenameToTrashEnabled(TestOzoneFileSystem.java:1549)
	at sun.reflect.NativeMethodAccessorImpl.invoke0(Native Method)
	at sun.reflect.NativeMethodAccessorImpl.invoke(NativeMethodAccessorImpl.java:62)
	at sun.reflect.DelegatingMethodAccessorImpl.invoke(DelegatingMethodAccessorImpl.java:43)
	at java.lang.reflect.Method.invoke(Method.java:498)
	at org.junit.runners.model.FrameworkMethod$1.runReflectiveCall(FrameworkMethod.java:59)
	at org.junit.internal.runners.model.ReflectiveCallable.run(ReflectiveCallable.java:12)
	at org.junit.runners.model.FrameworkMethod.invokeExplosively(FrameworkMethod.java:56)
	at org.junit.internal.runners.statements.InvokeMethod.evaluate(InvokeMethod.java:17)
	at org.junit.internal.runners.statements.RunAfters.evaluate(RunAfters.java:27)
	at org.junit.internal.runners.statements.FailOnTimeout$CallableStatement.call(FailOnTimeout.java:288)
	at org.junit.internal.runners.statements.FailOnTimeout$CallableStatement.call(FailOnTimeout.java:282)
	at java.util.concurrent.FutureTask.run(FutureTask.java:266)
	at java.lang.Thread.run(Thread.java:750)
13:04:50.797 [IPC Server handler 14 on default port 37457] ERROR OMAudit - user=runner | ip=127.0.0.1 | op=GET_FILE_STATUS {volume=volume94578, bucket=bucket60014, key=.Trash/runner/Current/testKey1, dataSize=0, replicationConfig=null} | ret=FAILURE
org.apache.hadoop.ozone.om.exceptions.OMException: Unable to get file status: volume: volume94578 bucket: bucket60014 key: .Trash/runner/Current/testKey1
	at org.apache.hadoop.ozone.om.KeyManagerImpl.getOzoneFileStatus(KeyManagerImpl.java:1270) ~[ozone-manager-1.3.0-SNAPSHOT.jar:?]
	at org.apache.hadoop.ozone.om.KeyManagerImpl.getFileStatus(KeyManagerImpl.java:1200) ~[ozone-manager-1.3.0-SNAPSHOT.jar:?]
	at org.apache.hadoop.ozone.om.OzoneManager.getFileStatus(OzoneManager.java:3507) ~[ozone-manager-1.3.0-SNAPSHOT.jar:?]
	at org.apache.hadoop.ozone.protocolPB.OzoneManagerRequestHandler.getOzoneFileStatus(OzoneManagerRequestHandler.java:882) ~[ozone-manager-1.3.0-SNAPSHOT.jar:?]
	at org.apache.hadoop.ozone.protocolPB.OzoneManagerRequestHandler.handleReadRequest(OzoneManagerRequestHandler.java:228) ~[ozone-manager-1.3.0-SNAPSHOT.jar:?]
	at org.apache.hadoop.ozone.protocolPB.OzoneManagerProtocolServerSideTranslatorPB.submitReadRequestToOM(OzoneManagerProtocolServerSideTranslatorPB.java:226) ~[ozone-manager-1.3.0-SNAPSHOT.jar:?]
	at org.apache.hadoop.ozone.protocolPB.OzoneManagerProtocolServerSideTranslatorPB.processRequest(OzoneManagerProtocolServerSideTranslatorPB.java:175) ~[ozone-manager-1.3.0-SNAPSHOT.jar:?]
	at org.apache.hadoop.hdds.server.OzoneProtocolMessageDispatcher.processRequest(OzoneProtocolMessageDispatcher.java:87) [hdds-server-framework-1.3.0-SNAPSHOT.jar:?]
	at org.apache.hadoop.ozone.protocolPB.OzoneManagerProtocolServerSideTranslatorPB.submitRequest(OzoneManagerProtocolServerSideTranslatorPB.java:147) [ozone-manager-1.3.0-SNAPSHOT.jar:?]
	at org.apache.hadoop.ozone.protocol.proto.OzoneManagerProtocolProtos$OzoneManagerService$2.callBlockingMethod(OzoneManagerProtocolProtos.java) [ozone-interface-client-1.3.0-SNAPSHOT.jar:?]
	at org.apache.hadoop.ipc.ProtobufRpcEngine$Server.processCall(ProtobufRpcEngine.java:466) [hadoop-common-3.3.1.jar:?]
	at org.apache.hadoop.ipc.ProtobufRpcEngine2$Server$ProtoBufRpcInvoker.call(ProtobufRpcEngine2.java:574) [hadoop-common-3.3.1.jar:?]
	at org.apache.hadoop.ipc.ProtobufRpcEngine2$Server$ProtoBufRpcInvoker.call(ProtobufRpcEngine2.java:552) [hadoop-common-3.3.1.jar:?]
	at org.apache.hadoop.ipc.RPC$Server.call(RPC.java:1093) [hadoop-common-3.3.1.jar:?]
	at org.apache.hadoop.ipc.Server$RpcCall.run(Server.java:1035) [hadoop-common-3.3.1.jar:?]
	at org.apache.hadoop.ipc.Server$RpcCall.run(Server.java:963) [hadoop-common-3.3.1.jar:?]
	at java.security.AccessController.doPrivileged(Native Method) ~[?:1.8.0_345]
	at javax.security.auth.Subject.doAs(Subject.java:422) [?:1.8.0_345]
	at org.apache.hadoop.security.UserGroupInformation.doAs(UserGroupInformation.java:1878) [hadoop-common-3.3.1.jar:?]
	at org.apache.hadoop.ipc.Server$Handler.run(Server.java:2966) [hadoop-common-3.3.1.jar:?]
2022-10-09 13:04:50,797 [Time-limited test] WARN  ozone.BasicOzoneFileSystem (BasicOzoneFileSystem.java:getFileStatus(765)) - GetFileStatus failed for path /.Trash/runner/Current/testKey1
java.io.FileNotFoundException: .Trash/runner/Current/testKey1: No such file or directory!
	at org.apache.hadoop.fs.ozone.BasicOzoneClientAdapterImpl.getFileStatus(BasicOzoneClientAdapterImpl.java:369)
	at org.apache.hadoop.fs.ozone.BasicOzoneFileSystem.getFileStatus(BasicOzoneFileSystem.java:757)
	at org.apache.hadoop.fs.ozone.BasicOzoneFileSystem.rename(BasicOzoneFileSystem.java:357)
	at org.apache.hadoop.fs.ozone.BasicOzoneFileSystem.rename(BasicOzoneFileSystem.java:454)
	at org.apache.hadoop.fs.TrashPolicyDefault.moveToTrash(TrashPolicyDefault.java:186)
	at org.apache.hadoop.fs.Trash.moveToTrash(Trash.java:110)
	at org.apache.hadoop.fs.ozone.TestOzoneFileSystem.testRenameToTrashEnabled(TestOzoneFileSystem.java:1549)
	at sun.reflect.NativeMethodAccessorImpl.invoke0(Native Method)
	at sun.reflect.NativeMethodAccessorImpl.invoke(NativeMethodAccessorImpl.java:62)
	at sun.reflect.DelegatingMethodAccessorImpl.invoke(DelegatingMethodAccessorImpl.java:43)
	at java.lang.reflect.Method.invoke(Method.java:498)
	at org.junit.runners.model.FrameworkMethod$1.runReflectiveCall(FrameworkMethod.java:59)
	at org.junit.internal.runners.model.ReflectiveCallable.run(ReflectiveCallable.java:12)
	at org.junit.runners.model.FrameworkMethod.invokeExplosively(FrameworkMethod.java:56)
	at org.junit.internal.runners.statements.InvokeMethod.evaluate(InvokeMethod.java:17)
	at org.junit.internal.runners.statements.RunAfters.evaluate(RunAfters.java:27)
	at org.junit.internal.runners.statements.FailOnTimeout$CallableStatement.call(FailOnTimeout.java:288)
	at org.junit.internal.runners.statements.FailOnTimeout$CallableStatement.call(FailOnTimeout.java:282)
	at java.util.concurrent.FutureTask.run(FutureTask.java:266)
	at java.lang.Thread.run(Thread.java:750)
2022-10-09 13:04:50,803 [Time-limited test] INFO  fs.TrashPolicyDefault (TrashPolicyDefault.java:moveToTrash(188)) - Moved: '/testKey1' to trash at: /.Trash/runner/Current/testKey1
]]></system-out>
  </testcase>
  <testcase name="testRenameToTrashEnabled" classname="TestOzoneFileSystem" time="0.494">
    <failure type="java.lang.AssertionError"><![CDATA[java.lang.AssertionError
	at org.junit.Assert.fail(Assert.java:87)
	at org.junit.Assert.assertTrue(Assert.java:42)
	at org.junit.Assert.assertTrue(Assert.java:53)
	at org.apache.hadoop.fs.ozone.TestOzoneFileSystem.testRenameToTrashEnabled(TestOzoneFileSystem.java:1559)
	at sun.reflect.NativeMethodAccessorImpl.invoke0(Native Method)
	at sun.reflect.NativeMethodAccessorImpl.invoke(NativeMethodAccessorImpl.java:62)
	at sun.reflect.DelegatingMethodAccessorImpl.invoke(DelegatingMethodAccessorImpl.java:43)
	at java.lang.reflect.Method.invoke(Method.java:498)
	at org.junit.runners.model.FrameworkMethod$1.runReflectiveCall(FrameworkMethod.java:59)
	at org.junit.internal.runners.model.ReflectiveCallable.run(ReflectiveCallable.java:12)
	at org.junit.runners.model.FrameworkMethod.invokeExplosively(FrameworkMethod.java:56)
	at org.junit.internal.runners.statements.InvokeMethod.evaluate(InvokeMethod.java:17)
	at org.junit.internal.runners.statements.RunAfters.evaluate(RunAfters.java:27)
	at org.junit.internal.runners.statements.FailOnTimeout$CallableStatement.call(FailOnTimeout.java:288)
	at org.junit.internal.runners.statements.FailOnTimeout$CallableStatement.call(FailOnTimeout.java:282)
	at java.util.concurrent.FutureTask.run(FutureTask.java:266)
	at java.lang.Thread.run(Thread.java:750)
]]></failure>
    <system-out><![CDATA[13:06:22.504 [IPC Server handler 13 on default port 44209] ERROR OMAudit - user=runner | ip=127.0.0.1 | op=GET_FILE_STATUS {volume=volume66281, bucket=bucket85504, key=.Trash/runner/Current/testKey1, dataSize=0, replicationConfig=null} | ret=FAILURE
org.apache.hadoop.ozone.om.exceptions.OMException: Unable to get file status: volume: volume66281 bucket: bucket85504 key: .Trash/runner/Current/testKey1
	at org.apache.hadoop.ozone.om.KeyManagerImpl.getOzoneFileStatus(KeyManagerImpl.java:1270) ~[ozone-manager-1.3.0-SNAPSHOT.jar:?]
	at org.apache.hadoop.ozone.om.KeyManagerImpl.getFileStatus(KeyManagerImpl.java:1200) ~[ozone-manager-1.3.0-SNAPSHOT.jar:?]
	at org.apache.hadoop.ozone.om.OzoneManager.getFileStatus(OzoneManager.java:3507) ~[ozone-manager-1.3.0-SNAPSHOT.jar:?]
	at org.apache.hadoop.ozone.protocolPB.OzoneManagerRequestHandler.getOzoneFileStatus(OzoneManagerRequestHandler.java:882) ~[ozone-manager-1.3.0-SNAPSHOT.jar:?]
	at org.apache.hadoop.ozone.protocolPB.OzoneManagerRequestHandler.handleReadRequest(OzoneManagerRequestHandler.java:228) ~[ozone-manager-1.3.0-SNAPSHOT.jar:?]
	at org.apache.hadoop.ozone.protocolPB.OzoneManagerProtocolServerSideTranslatorPB.submitRequestDirectlyToOM(OzoneManagerProtocolServerSideTranslatorPB.java:276) ~[ozone-manager-1.3.0-SNAPSHOT.jar:?]
	at org.apache.hadoop.ozone.protocolPB.OzoneManagerProtocolServerSideTranslatorPB.processRequest(OzoneManagerProtocolServerSideTranslatorPB.java:205) ~[ozone-manager-1.3.0-SNAPSHOT.jar:?]
	at org.apache.hadoop.hdds.server.OzoneProtocolMessageDispatcher.processRequest(OzoneProtocolMessageDispatcher.java:87) [hdds-server-framework-1.3.0-SNAPSHOT.jar:?]
	at org.apache.hadoop.ozone.protocolPB.OzoneManagerProtocolServerSideTranslatorPB.submitRequest(OzoneManagerProtocolServerSideTranslatorPB.java:147) [ozone-manager-1.3.0-SNAPSHOT.jar:?]
	at org.apache.hadoop.ozone.protocol.proto.OzoneManagerProtocolProtos$OzoneManagerService$2.callBlockingMethod(OzoneManagerProtocolProtos.java) [ozone-interface-client-1.3.0-SNAPSHOT.jar:?]
	at org.apache.hadoop.ipc.ProtobufRpcEngine$Server.processCall(ProtobufRpcEngine.java:466) [hadoop-common-3.3.1.jar:?]
	at org.apache.hadoop.ipc.ProtobufRpcEngine2$Server$ProtoBufRpcInvoker.call(ProtobufRpcEngine2.java:574) [hadoop-common-3.3.1.jar:?]
	at org.apache.hadoop.ipc.ProtobufRpcEngine2$Server$ProtoBufRpcInvoker.call(ProtobufRpcEngine2.java:552) [hadoop-common-3.3.1.jar:?]
	at org.apache.hadoop.ipc.RPC$Server.call(RPC.java:1093) [hadoop-common-3.3.1.jar:?]
	at org.apache.hadoop.ipc.Server$RpcCall.run(Server.java:1035) [hadoop-common-3.3.1.jar:?]
	at org.apache.hadoop.ipc.Server$RpcCall.run(Server.java:963) [hadoop-common-3.3.1.jar:?]
	at java.security.AccessController.doPrivileged(Native Method) ~[?:1.8.0_345]
	at javax.security.auth.Subject.doAs(Subject.java:422) [?:1.8.0_345]
	at org.apache.hadoop.security.UserGroupInformation.doAs(UserGroupInformation.java:1878) [hadoop-common-3.3.1.jar:?]
	at org.apache.hadoop.ipc.Server$Handler.run(Server.java:2966) [hadoop-common-3.3.1.jar:?]
2022-10-09 13:06:22,504 [Time-limited test] WARN  ozone.BasicOzoneFileSystem (BasicOzoneFileSystem.java:getFileStatus(765)) - GetFileStatus failed for path /.Trash/runner/Current/testKey1
java.io.FileNotFoundException: .Trash/runner/Current/testKey1: No such file or directory!
	at org.apache.hadoop.fs.ozone.BasicOzoneClientAdapterImpl.getFileStatus(BasicOzoneClientAdapterImpl.java:369)
	at org.apache.hadoop.fs.ozone.BasicOzoneFileSystem.getFileStatus(BasicOzoneFileSystem.java:757)
	at org.apache.hadoop.fs.FileSystem.exists(FileSystem.java:1760)
	at org.apache.hadoop.fs.ozone.BasicOzoneFileSystem.exists(BasicOzoneFileSystem.java:804)
	at org.apache.hadoop.fs.TrashPolicyDefault.moveToTrash(TrashPolicyDefault.java:181)
	at org.apache.hadoop.fs.Trash.moveToTrash(Trash.java:110)
	at org.apache.hadoop.fs.ozone.TestOzoneFileSystem.testRenameToTrashEnabled(TestOzoneFileSystem.java:1549)
	at sun.reflect.NativeMethodAccessorImpl.invoke0(Native Method)
	at sun.reflect.NativeMethodAccessorImpl.invoke(NativeMethodAccessorImpl.java:62)
	at sun.reflect.DelegatingMethodAccessorImpl.invoke(DelegatingMethodAccessorImpl.java:43)
	at java.lang.reflect.Method.invoke(Method.java:498)
	at org.junit.runners.model.FrameworkMethod$1.runReflectiveCall(FrameworkMethod.java:59)
	at org.junit.internal.runners.model.ReflectiveCallable.run(ReflectiveCallable.java:12)
	at org.junit.runners.model.FrameworkMethod.invokeExplosively(FrameworkMethod.java:56)
	at org.junit.internal.runners.statements.InvokeMethod.evaluate(InvokeMethod.java:17)
	at org.junit.internal.runners.statements.RunAfters.evaluate(RunAfters.java:27)
	at org.junit.internal.runners.statements.FailOnTimeout$CallableStatement.call(FailOnTimeout.java:288)
	at org.junit.internal.runners.statements.FailOnTimeout$CallableStatement.call(FailOnTimeout.java:282)
	at java.util.concurrent.FutureTask.run(FutureTask.java:266)
	at java.lang.Thread.run(Thread.java:750)
13:06:22.528 [IPC Server handler 7 on default port 44209] ERROR OMAudit - user=runner | ip=127.0.0.1 | op=GET_FILE_STATUS {volume=volume66281, bucket=bucket85504, key=.Trash/runner/Current/testKey1, dataSize=0, replicationConfig=null} | ret=FAILURE
org.apache.hadoop.ozone.om.exceptions.OMException: Unable to get file status: volume: volume66281 bucket: bucket85504 key: .Trash/runner/Current/testKey1
	at org.apache.hadoop.ozone.om.KeyManagerImpl.getOzoneFileStatus(KeyManagerImpl.java:1270) ~[ozone-manager-1.3.0-SNAPSHOT.jar:?]
	at org.apache.hadoop.ozone.om.KeyManagerImpl.getFileStatus(KeyManagerImpl.java:1200) ~[ozone-manager-1.3.0-SNAPSHOT.jar:?]
	at org.apache.hadoop.ozone.om.OzoneManager.getFileStatus(OzoneManager.java:3507) ~[ozone-manager-1.3.0-SNAPSHOT.jar:?]
	at org.apache.hadoop.ozone.protocolPB.OzoneManagerRequestHandler.getOzoneFileStatus(OzoneManagerRequestHandler.java:882) ~[ozone-manager-1.3.0-SNAPSHOT.jar:?]
	at org.apache.hadoop.ozone.protocolPB.OzoneManagerRequestHandler.handleReadRequest(OzoneManagerRequestHandler.java:228) ~[ozone-manager-1.3.0-SNAPSHOT.jar:?]
	at org.apache.hadoop.ozone.protocolPB.OzoneManagerProtocolServerSideTranslatorPB.submitRequestDirectlyToOM(OzoneManagerProtocolServerSideTranslatorPB.java:276) ~[ozone-manager-1.3.0-SNAPSHOT.jar:?]
	at org.apache.hadoop.ozone.protocolPB.OzoneManagerProtocolServerSideTranslatorPB.processRequest(OzoneManagerProtocolServerSideTranslatorPB.java:205) ~[ozone-manager-1.3.0-SNAPSHOT.jar:?]
	at org.apache.hadoop.hdds.server.OzoneProtocolMessageDispatcher.processRequest(OzoneProtocolMessageDispatcher.java:87) [hdds-server-framework-1.3.0-SNAPSHOT.jar:?]
	at org.apache.hadoop.ozone.protocolPB.OzoneManagerProtocolServerSideTranslatorPB.submitRequest(OzoneManagerProtocolServerSideTranslatorPB.java:147) [ozone-manager-1.3.0-SNAPSHOT.jar:?]
	at org.apache.hadoop.ozone.protocol.proto.OzoneManagerProtocolProtos$OzoneManagerService$2.callBlockingMethod(OzoneManagerProtocolProtos.java) [ozone-interface-client-1.3.0-SNAPSHOT.jar:?]
	at org.apache.hadoop.ipc.ProtobufRpcEngine$Server.processCall(ProtobufRpcEngine.java:466) [hadoop-common-3.3.1.jar:?]
	at org.apache.hadoop.ipc.ProtobufRpcEngine2$Server$ProtoBufRpcInvoker.call(ProtobufRpcEngine2.java:574) [hadoop-common-3.3.1.jar:?]
	at org.apache.hadoop.ipc.ProtobufRpcEngine2$Server$ProtoBufRpcInvoker.call(ProtobufRpcEngine2.java:552) [hadoop-common-3.3.1.jar:?]
	at org.apache.hadoop.ipc.RPC$Server.call(RPC.java:1093) [hadoop-common-3.3.1.jar:?]
	at org.apache.hadoop.ipc.Server$RpcCall.run(Server.java:1035) [hadoop-common-3.3.1.jar:?]
	at org.apache.hadoop.ipc.Server$RpcCall.run(Server.java:963) [hadoop-common-3.3.1.jar:?]
	at java.security.AccessController.doPrivileged(Native Method) ~[?:1.8.0_345]
	at javax.security.auth.Subject.doAs(Subject.java:422) [?:1.8.0_345]
	at org.apache.hadoop.security.UserGroupInformation.doAs(UserGroupInformation.java:1878) [hadoop-common-3.3.1.jar:?]
	at org.apache.hadoop.ipc.Server$Handler.run(Server.java:2966) [hadoop-common-3.3.1.jar:?]
2022-10-09 13:06:22,535 [Time-limited test] WARN  ozone.BasicOzoneFileSystem (BasicOzoneFileSystem.java:getFileStatus(765)) - GetFileStatus failed for path /.Trash/runner/Current/testKey1
java.io.FileNotFoundException: .Trash/runner/Current/testKey1: No such file or directory!
	at org.apache.hadoop.fs.ozone.BasicOzoneClientAdapterImpl.getFileStatus(BasicOzoneClientAdapterImpl.java:369)
	at org.apache.hadoop.fs.ozone.BasicOzoneFileSystem.getFileStatus(BasicOzoneFileSystem.java:757)
	at org.apache.hadoop.fs.ozone.BasicOzoneFileSystem.rename(BasicOzoneFileSystem.java:357)
	at org.apache.hadoop.fs.ozone.BasicOzoneFileSystem.rename(BasicOzoneFileSystem.java:454)
	at org.apache.hadoop.fs.TrashPolicyDefault.moveToTrash(TrashPolicyDefault.java:186)
	at org.apache.hadoop.fs.Trash.moveToTrash(Trash.java:110)
	at org.apache.hadoop.fs.ozone.TestOzoneFileSystem.testRenameToTrashEnabled(TestOzoneFileSystem.java:1549)
	at sun.reflect.NativeMethodAccessorImpl.invoke0(Native Method)
	at sun.reflect.NativeMethodAccessorImpl.invoke(NativeMethodAccessorImpl.java:62)
	at sun.reflect.DelegatingMethodAccessorImpl.invoke(DelegatingMethodAccessorImpl.java:43)
	at java.lang.reflect.Method.invoke(Method.java:498)
	at org.junit.runners.model.FrameworkMethod$1.runReflectiveCall(FrameworkMethod.java:59)
	at org.junit.internal.runners.model.ReflectiveCallable.run(ReflectiveCallable.java:12)
	at org.junit.runners.model.FrameworkMethod.invokeExplosively(FrameworkMethod.java:56)
	at org.junit.internal.runners.statements.InvokeMethod.evaluate(InvokeMethod.java:17)
	at org.junit.internal.runners.statements.RunAfters.evaluate(RunAfters.java:27)
	at org.junit.internal.runners.statements.FailOnTimeout$CallableStatement.call(FailOnTimeout.java:288)
	at org.junit.internal.runners.statements.FailOnTimeout$CallableStatement.call(FailOnTimeout.java:282)
	at java.util.concurrent.FutureTask.run(FutureTask.java:266)
	at java.lang.Thread.run(Thread.java:750)
2022-10-09 13:06:22,546 [Time-limited test] INFO  fs.TrashPolicyDefault (TrashPolicyDefault.java:moveToTrash(188)) - Moved: '/testKey1' to trash at: /.Trash/runner/Current/testKey1
13:06:22.546 [IPC Server handler 16 on default port 44209] ERROR OMAudit - user=runner | ip=127.0.0.1 | op=GET_FILE_STATUS {volume=volume66281, bucket=bucket85504, key=.Trash/runner/Current, dataSize=0, replicationConfig=null} | ret=FAILURE
org.apache.hadoop.ozone.om.exceptions.OMException: Unable to get file status: volume: volume66281 bucket: bucket85504 key: .Trash/runner/Current
	at org.apache.hadoop.ozone.om.KeyManagerImpl.getOzoneFileStatus(KeyManagerImpl.java:1270) ~[ozone-manager-1.3.0-SNAPSHOT.jar:?]
	at org.apache.hadoop.ozone.om.KeyManagerImpl.getFileStatus(KeyManagerImpl.java:1200) ~[ozone-manager-1.3.0-SNAPSHOT.jar:?]
	at org.apache.hadoop.ozone.om.OzoneManager.getFileStatus(OzoneManager.java:3507) ~[ozone-manager-1.3.0-SNAPSHOT.jar:?]
	at org.apache.hadoop.ozone.protocolPB.OzoneManagerRequestHandler.getOzoneFileStatus(OzoneManagerRequestHandler.java:882) ~[ozone-manager-1.3.0-SNAPSHOT.jar:?]
	at org.apache.hadoop.ozone.protocolPB.OzoneManagerRequestHandler.handleReadRequest(OzoneManagerRequestHandler.java:228) ~[ozone-manager-1.3.0-SNAPSHOT.jar:?]
	at org.apache.hadoop.ozone.protocolPB.OzoneManagerProtocolServerSideTranslatorPB.submitRequestDirectlyToOM(OzoneManagerProtocolServerSideTranslatorPB.java:276) ~[ozone-manager-1.3.0-SNAPSHOT.jar:?]
	at org.apache.hadoop.ozone.protocolPB.OzoneManagerProtocolServerSideTranslatorPB.processRequest(OzoneManagerProtocolServerSideTranslatorPB.java:205) ~[ozone-manager-1.3.0-SNAPSHOT.jar:?]
	at org.apache.hadoop.hdds.server.OzoneProtocolMessageDispatcher.processRequest(OzoneProtocolMessageDispatcher.java:87) [hdds-server-framework-1.3.0-SNAPSHOT.jar:?]
	at org.apache.hadoop.ozone.protocolPB.OzoneManagerProtocolServerSideTranslatorPB.submitRequest(OzoneManagerProtocolServerSideTranslatorPB.java:147) [ozone-manager-1.3.0-SNAPSHOT.jar:?]
	at org.apache.hadoop.ozone.protocol.proto.OzoneManagerProtocolProtos$OzoneManagerService$2.callBlockingMethod(OzoneManagerProtocolProtos.java) [ozone-interface-client-1.3.0-SNAPSHOT.jar:?]
	at org.apache.hadoop.ipc.ProtobufRpcEngine$Server.processCall(ProtobufRpcEngine.java:466) [hadoop-common-3.3.1.jar:?]
	at org.apache.hadoop.ipc.ProtobufRpcEngine2$Server$ProtoBufRpcInvoker.call(ProtobufRpcEngine2.java:574) [hadoop-common-3.3.1.jar:?]
	at org.apache.hadoop.ipc.ProtobufRpcEngine2$Server$ProtoBufRpcInvoker.call(ProtobufRpcEngine2.java:552) [hadoop-common-3.3.1.jar:?]
	at org.apache.hadoop.ipc.RPC$Server.call(RPC.java:1093) [hadoop-common-3.3.1.jar:?]
	at org.apache.hadoop.ipc.Server$RpcCall.run(Server.java:1035) [hadoop-common-3.3.1.jar:?]
	at org.apache.hadoop.ipc.Server$RpcCall.run(Server.java:963) [hadoop-common-3.3.1.jar:?]
	at java.security.AccessController.doPrivileged(Native Method) ~[?:1.8.0_345]
	at javax.security.auth.Subject.doAs(Subject.java:422) [?:1.8.0_345]
	at org.apache.hadoop.security.UserGroupInformation.doAs(UserGroupInformation.java:1878) [hadoop-common-3.3.1.jar:?]
	at org.apache.hadoop.ipc.Server$Handler.run(Server.java:2966) [hadoop-common-3.3.1.jar:?]
2022-10-09 13:06:22,547 [Time-limited test] WARN  ozone.BasicOzoneFileSystem (BasicOzoneFileSystem.java:getFileStatus(765)) - GetFileStatus failed for path /.Trash/runner/Current
java.io.FileNotFoundException: .Trash/runner/Current: No such file or directory!
	at org.apache.hadoop.fs.ozone.BasicOzoneClientAdapterImpl.getFileStatus(BasicOzoneClientAdapterImpl.java:369)
	at org.apache.hadoop.fs.ozone.BasicOzoneFileSystem.getFileStatus(BasicOzoneFileSystem.java:757)
	at org.apache.hadoop.fs.FileSystem.exists(FileSystem.java:1760)
	at org.apache.hadoop.fs.ozone.BasicOzoneFileSystem.exists(BasicOzoneFileSystem.java:804)
	at org.apache.hadoop.fs.ozone.TestOzoneFileSystem.testRenameToTrashEnabled(TestOzoneFileSystem.java:1559)
	at sun.reflect.NativeMethodAccessorImpl.invoke0(Native Method)
	at sun.reflect.NativeMethodAccessorImpl.invoke(NativeMethodAccessorImpl.java:62)
	at sun.reflect.DelegatingMethodAccessorImpl.invoke(DelegatingMethodAccessorImpl.java:43)
	at java.lang.reflect.Method.invoke(Method.java:498)
	at org.junit.runners.model.FrameworkMethod$1.runReflectiveCall(FrameworkMethod.java:59)
	at org.junit.internal.runners.model.ReflectiveCallable.run(ReflectiveCallable.java:12)
	at org.junit.runners.model.FrameworkMethod.invokeExplosively(FrameworkMethod.java:56)
	at org.junit.internal.runners.statements.InvokeMethod.evaluate(InvokeMethod.java:17)
	at org.junit.internal.runners.statements.RunAfters.evaluate(RunAfters.java:27)
	at org.junit.internal.runners.statements.FailOnTimeout$CallableStatement.call(FailOnTimeout.java:288)
	at org.junit.internal.runners.statements.FailOnTimeout$CallableStatement.call(FailOnTimeout.java:282)
	at java.util.concurrent.FutureTask.run(FutureTask.java:266)
	at java.lang.Thread.run(Thread.java:750)
]]></system-out>
  </testcase>
  <testcase name="testRenameToTrashEnabled" classname="TestOzoneFileSystem" time="0.575">
    <system-out><![CDATA[13:08:11.517 [IPC Server handler 16 on default port 33359] ERROR OMAudit - user=runner | ip=127.0.0.1 | op=GET_FILE_STATUS {volume=volume52841, bucket=bucket11878, key=.Trash/runner/Current/testKey1, dataSize=0, replicationConfig=null} | ret=FAILURE
org.apache.hadoop.ozone.om.exceptions.OMException: Unable to get file status: volume: volume52841 bucket: bucket11878 key: .Trash/runner/Current/testKey1
	at org.apache.hadoop.ozone.om.KeyManagerImpl.getOzoneFileStatus(KeyManagerImpl.java:1270) ~[ozone-manager-1.3.0-SNAPSHOT.jar:?]
	at org.apache.hadoop.ozone.om.KeyManagerImpl.getFileStatus(KeyManagerImpl.java:1200) ~[ozone-manager-1.3.0-SNAPSHOT.jar:?]
	at org.apache.hadoop.ozone.om.OzoneManager.getFileStatus(OzoneManager.java:3507) ~[ozone-manager-1.3.0-SNAPSHOT.jar:?]
	at org.apache.hadoop.ozone.protocolPB.OzoneManagerRequestHandler.getOzoneFileStatus(OzoneManagerRequestHandler.java:882) ~[ozone-manager-1.3.0-SNAPSHOT.jar:?]
	at org.apache.hadoop.ozone.protocolPB.OzoneManagerRequestHandler.handleReadRequest(OzoneManagerRequestHandler.java:228) ~[ozone-manager-1.3.0-SNAPSHOT.jar:?]
	at org.apache.hadoop.ozone.protocolPB.OzoneManagerProtocolServerSideTranslatorPB.submitReadRequestToOM(OzoneManagerProtocolServerSideTranslatorPB.java:226) ~[ozone-manager-1.3.0-SNAPSHOT.jar:?]
	at org.apache.hadoop.ozone.protocolPB.OzoneManagerProtocolServerSideTranslatorPB.processRequest(OzoneManagerProtocolServerSideTranslatorPB.java:175) ~[ozone-manager-1.3.0-SNAPSHOT.jar:?]
	at org.apache.hadoop.hdds.server.OzoneProtocolMessageDispatcher.processRequest(OzoneProtocolMessageDispatcher.java:87) [hdds-server-framework-1.3.0-SNAPSHOT.jar:?]
	at org.apache.hadoop.ozone.protocolPB.OzoneManagerProtocolServerSideTranslatorPB.submitRequest(OzoneManagerProtocolServerSideTranslatorPB.java:147) [ozone-manager-1.3.0-SNAPSHOT.jar:?]
	at org.apache.hadoop.ozone.protocol.proto.OzoneManagerProtocolProtos$OzoneManagerService$2.callBlockingMethod(OzoneManagerProtocolProtos.java) [ozone-interface-client-1.3.0-SNAPSHOT.jar:?]
	at org.apache.hadoop.ipc.ProtobufRpcEngine$Server.processCall(ProtobufRpcEngine.java:466) [hadoop-common-3.3.1.jar:?]
	at org.apache.hadoop.ipc.ProtobufRpcEngine2$Server$ProtoBufRpcInvoker.call(ProtobufRpcEngine2.java:574) [hadoop-common-3.3.1.jar:?]
	at org.apache.hadoop.ipc.ProtobufRpcEngine2$Server$ProtoBufRpcInvoker.call(ProtobufRpcEngine2.java:552) [hadoop-common-3.3.1.jar:?]
	at org.apache.hadoop.ipc.RPC$Server.call(RPC.java:1093) [hadoop-common-3.3.1.jar:?]
	at org.apache.hadoop.ipc.Server$RpcCall.run(Server.java:1035) [hadoop-common-3.3.1.jar:?]
	at org.apache.hadoop.ipc.Server$RpcCall.run(Server.java:963) [hadoop-common-3.3.1.jar:?]
	at java.security.AccessController.doPrivileged(Native Method) ~[?:1.8.0_345]
	at javax.security.auth.Subject.doAs(Subject.java:422) [?:1.8.0_345]
	at org.apache.hadoop.security.UserGroupInformation.doAs(UserGroupInformation.java:1878) [hadoop-common-3.3.1.jar:?]
	at org.apache.hadoop.ipc.Server$Handler.run(Server.java:2966) [hadoop-common-3.3.1.jar:?]
2022-10-09 13:08:11,518 [Time-limited test] WARN  ozone.BasicOzoneFileSystem (BasicOzoneFileSystem.java:getFileStatus(765)) - GetFileStatus failed for path /.Trash/runner/Current/testKey1
java.io.FileNotFoundException: .Trash/runner/Current/testKey1: No such file or directory!
	at org.apache.hadoop.fs.ozone.BasicOzoneClientAdapterImpl.getFileStatus(BasicOzoneClientAdapterImpl.java:369)
	at org.apache.hadoop.fs.ozone.BasicOzoneFileSystem.getFileStatus(BasicOzoneFileSystem.java:757)
	at org.apache.hadoop.fs.FileSystem.exists(FileSystem.java:1760)
	at org.apache.hadoop.fs.ozone.BasicOzoneFileSystem.exists(BasicOzoneFileSystem.java:804)
	at org.apache.hadoop.fs.TrashPolicyDefault.moveToTrash(TrashPolicyDefault.java:181)
	at org.apache.hadoop.fs.Trash.moveToTrash(Trash.java:110)
	at org.apache.hadoop.fs.ozone.TestOzoneFileSystem.testRenameToTrashEnabled(TestOzoneFileSystem.java:1549)
	at sun.reflect.NativeMethodAccessorImpl.invoke0(Native Method)
	at sun.reflect.NativeMethodAccessorImpl.invoke(NativeMethodAccessorImpl.java:62)
	at sun.reflect.DelegatingMethodAccessorImpl.invoke(DelegatingMethodAccessorImpl.java:43)
	at java.lang.reflect.Method.invoke(Method.java:498)
	at org.junit.runners.model.FrameworkMethod$1.runReflectiveCall(FrameworkMethod.java:59)
	at org.junit.internal.runners.model.ReflectiveCallable.run(ReflectiveCallable.java:12)
	at org.junit.runners.model.FrameworkMethod.invokeExplosively(FrameworkMethod.java:56)
	at org.junit.internal.runners.statements.InvokeMethod.evaluate(InvokeMethod.java:17)
	at org.junit.internal.runners.statements.RunAfters.evaluate(RunAfters.java:27)
	at org.junit.internal.runners.statements.FailOnTimeout$CallableStatement.call(FailOnTimeout.java:288)
	at org.junit.internal.runners.statements.FailOnTimeout$CallableStatement.call(FailOnTimeout.java:282)
	at java.util.concurrent.FutureTask.run(FutureTask.java:266)
	at java.lang.Thread.run(Thread.java:750)
13:08:11.520 [IPC Server handler 1 on default port 33359] ERROR OMAudit - user=runner | ip=127.0.0.1 | op=GET_FILE_STATUS {volume=volume52841, bucket=bucket11878, key=.Trash/runner/Current/testKey1, dataSize=0, replicationConfig=null} | ret=FAILURE
org.apache.hadoop.ozone.om.exceptions.OMException: Unable to get file status: volume: volume52841 bucket: bucket11878 key: .Trash/runner/Current/testKey1
	at org.apache.hadoop.ozone.om.KeyManagerImpl.getOzoneFileStatus(KeyManagerImpl.java:1270) ~[ozone-manager-1.3.0-SNAPSHOT.jar:?]
	at org.apache.hadoop.ozone.om.KeyManagerImpl.getFileStatus(KeyManagerImpl.java:1200) ~[ozone-manager-1.3.0-SNAPSHOT.jar:?]
	at org.apache.hadoop.ozone.om.OzoneManager.getFileStatus(OzoneManager.java:3507) ~[ozone-manager-1.3.0-SNAPSHOT.jar:?]
	at org.apache.hadoop.ozone.protocolPB.OzoneManagerRequestHandler.getOzoneFileStatus(OzoneManagerRequestHandler.java:882) ~[ozone-manager-1.3.0-SNAPSHOT.jar:?]
	at org.apache.hadoop.ozone.protocolPB.OzoneManagerRequestHandler.handleReadRequest(OzoneManagerRequestHandler.java:228) ~[ozone-manager-1.3.0-SNAPSHOT.jar:?]
	at org.apache.hadoop.ozone.protocolPB.OzoneManagerProtocolServerSideTranslatorPB.submitReadRequestToOM(OzoneManagerProtocolServerSideTranslatorPB.java:226) ~[ozone-manager-1.3.0-SNAPSHOT.jar:?]
	at org.apache.hadoop.ozone.protocolPB.OzoneManagerProtocolServerSideTranslatorPB.processRequest(OzoneManagerProtocolServerSideTranslatorPB.java:175) ~[ozone-manager-1.3.0-SNAPSHOT.jar:?]
	at org.apache.hadoop.hdds.server.OzoneProtocolMessageDispatcher.processRequest(OzoneProtocolMessageDispatcher.java:87) [hdds-server-framework-1.3.0-SNAPSHOT.jar:?]
	at org.apache.hadoop.ozone.protocolPB.OzoneManagerProtocolServerSideTranslatorPB.submitRequest(OzoneManagerProtocolServerSideTranslatorPB.java:147) [ozone-manager-1.3.0-SNAPSHOT.jar:?]
	at org.apache.hadoop.ozone.protocol.proto.OzoneManagerProtocolProtos$OzoneManagerService$2.callBlockingMethod(OzoneManagerProtocolProtos.java) [ozone-interface-client-1.3.0-SNAPSHOT.jar:?]
	at org.apache.hadoop.ipc.ProtobufRpcEngine$Server.processCall(ProtobufRpcEngine.java:466) [hadoop-common-3.3.1.jar:?]
	at org.apache.hadoop.ipc.ProtobufRpcEngine2$Server$ProtoBufRpcInvoker.call(ProtobufRpcEngine2.java:574) [hadoop-common-3.3.1.jar:?]
	at org.apache.hadoop.ipc.ProtobufRpcEngine2$Server$ProtoBufRpcInvoker.call(ProtobufRpcEngine2.java:552) [hadoop-common-3.3.1.jar:?]
	at org.apache.hadoop.ipc.RPC$Server.call(RPC.java:1093) [hadoop-common-3.3.1.jar:?]
	at org.apache.hadoop.ipc.Server$RpcCall.run(Server.java:1035) [hadoop-common-3.3.1.jar:?]
	at org.apache.hadoop.ipc.Server$RpcCall.run(Server.java:963) [hadoop-common-3.3.1.jar:?]
	at java.security.AccessController.doPrivileged(Native Method) ~[?:1.8.0_345]
	at javax.security.auth.Subject.doAs(Subject.java:422) [?:1.8.0_345]
	at org.apache.hadoop.security.UserGroupInformation.doAs(UserGroupInformation.java:1878) [hadoop-common-3.3.1.jar:?]
	at org.apache.hadoop.ipc.Server$Handler.run(Server.java:2966) [hadoop-common-3.3.1.jar:?]
2022-10-09 13:08:11,521 [Time-limited test] WARN  ozone.BasicOzoneFileSystem (BasicOzoneFileSystem.java:getFileStatus(765)) - GetFileStatus failed for path /.Trash/runner/Current/testKey1
java.io.FileNotFoundException: .Trash/runner/Current/testKey1: No such file or directory!
	at org.apache.hadoop.fs.ozone.BasicOzoneClientAdapterImpl.getFileStatus(BasicOzoneClientAdapterImpl.java:369)
	at org.apache.hadoop.fs.ozone.BasicOzoneFileSystem.getFileStatus(BasicOzoneFileSystem.java:757)
	at org.apache.hadoop.fs.ozone.BasicOzoneFileSystem.rename(BasicOzoneFileSystem.java:357)
	at org.apache.hadoop.fs.ozone.BasicOzoneFileSystem.rename(BasicOzoneFileSystem.java:454)
	at org.apache.hadoop.fs.TrashPolicyDefault.moveToTrash(TrashPolicyDefault.java:186)
	at org.apache.hadoop.fs.Trash.moveToTrash(Trash.java:110)
	at org.apache.hadoop.fs.ozone.TestOzoneFileSystem.testRenameToTrashEnabled(TestOzoneFileSystem.java:1549)
	at sun.reflect.NativeMethodAccessorImpl.invoke0(Native Method)
	at sun.reflect.NativeMethodAccessorImpl.invoke(NativeMethodAccessorImpl.java:62)
	at sun.reflect.DelegatingMethodAccessorImpl.invoke(DelegatingMethodAccessorImpl.java:43)
	at java.lang.reflect.Method.invoke(Method.java:498)
	at org.junit.runners.model.FrameworkMethod$1.runReflectiveCall(FrameworkMethod.java:59)
	at org.junit.internal.runners.model.ReflectiveCallable.run(ReflectiveCallable.java:12)
	at org.junit.runners.model.FrameworkMethod.invokeExplosively(FrameworkMethod.java:56)
	at org.junit.internal.runners.statements.InvokeMethod.evaluate(InvokeMethod.java:17)
	at org.junit.internal.runners.statements.RunAfters.evaluate(RunAfters.java:27)
	at org.junit.internal.runners.statements.FailOnTimeout$CallableStatement.call(FailOnTimeout.java:288)
	at org.junit.internal.runners.statements.FailOnTimeout$CallableStatement.call(FailOnTimeout.java:282)
	at java.util.concurrent.FutureTask.run(FutureTask.java:266)
	at java.lang.Thread.run(Thread.java:750)
2022-10-09 13:08:11,529 [Time-limited test] INFO  fs.TrashPolicyDefault (TrashPolicyDefault.java:moveToTrash(188)) - Moved: '/testKey1' to trash at: /.Trash/runner/Current/testKey1
]]></system-out>
  </testcase>
  <testcase name="testRenameToTrashEnabled" classname="TestOzoneFileSystem" time="0.335">
    <system-out><![CDATA[13:10:13.966 [IPC Server handler 4 on default port 34869] ERROR OMAudit - user=runner | ip=127.0.0.1 | op=GET_FILE_STATUS {volume=volume25253, bucket=bucket90791, key=.Trash/runner/Current/testKey1, dataSize=0, replicationConfig=null} | ret=FAILURE
org.apache.hadoop.ozone.om.exceptions.OMException: Unable to get file status: volume: volume25253 bucket: bucket90791 key: .Trash/runner/Current/testKey1
	at org.apache.hadoop.ozone.om.KeyManagerImpl.getOzoneFileStatus(KeyManagerImpl.java:1270) ~[ozone-manager-1.3.0-SNAPSHOT.jar:?]
	at org.apache.hadoop.ozone.om.KeyManagerImpl.getFileStatus(KeyManagerImpl.java:1200) ~[ozone-manager-1.3.0-SNAPSHOT.jar:?]
	at org.apache.hadoop.ozone.om.OzoneManager.getFileStatus(OzoneManager.java:3507) ~[ozone-manager-1.3.0-SNAPSHOT.jar:?]
	at org.apache.hadoop.ozone.protocolPB.OzoneManagerRequestHandler.getOzoneFileStatus(OzoneManagerRequestHandler.java:882) ~[ozone-manager-1.3.0-SNAPSHOT.jar:?]
	at org.apache.hadoop.ozone.protocolPB.OzoneManagerRequestHandler.handleReadRequest(OzoneManagerRequestHandler.java:228) ~[ozone-manager-1.3.0-SNAPSHOT.jar:?]
	at org.apache.hadoop.ozone.protocolPB.OzoneManagerProtocolServerSideTranslatorPB.submitRequestDirectlyToOM(OzoneManagerProtocolServerSideTranslatorPB.java:276) ~[ozone-manager-1.3.0-SNAPSHOT.jar:?]
	at org.apache.hadoop.ozone.protocolPB.OzoneManagerProtocolServerSideTranslatorPB.processRequest(OzoneManagerProtocolServerSideTranslatorPB.java:205) ~[ozone-manager-1.3.0-SNAPSHOT.jar:?]
	at org.apache.hadoop.hdds.server.OzoneProtocolMessageDispatcher.processRequest(OzoneProtocolMessageDispatcher.java:87) [hdds-server-framework-1.3.0-SNAPSHOT.jar:?]
	at org.apache.hadoop.ozone.protocolPB.OzoneManagerProtocolServerSideTranslatorPB.submitRequest(OzoneManagerProtocolServerSideTranslatorPB.java:147) [ozone-manager-1.3.0-SNAPSHOT.jar:?]
	at org.apache.hadoop.ozone.protocol.proto.OzoneManagerProtocolProtos$OzoneManagerService$2.callBlockingMethod(OzoneManagerProtocolProtos.java) [ozone-interface-client-1.3.0-SNAPSHOT.jar:?]
	at org.apache.hadoop.ipc.ProtobufRpcEngine$Server.processCall(ProtobufRpcEngine.java:466) [hadoop-common-3.3.1.jar:?]
	at org.apache.hadoop.ipc.ProtobufRpcEngine2$Server$ProtoBufRpcInvoker.call(ProtobufRpcEngine2.java:574) [hadoop-common-3.3.1.jar:?]
	at org.apache.hadoop.ipc.ProtobufRpcEngine2$Server$ProtoBufRpcInvoker.call(ProtobufRpcEngine2.java:552) [hadoop-common-3.3.1.jar:?]
	at org.apache.hadoop.ipc.RPC$Server.call(RPC.java:1093) [hadoop-common-3.3.1.jar:?]
	at org.apache.hadoop.ipc.Server$RpcCall.run(Server.java:1035) [hadoop-common-3.3.1.jar:?]
	at org.apache.hadoop.ipc.Server$RpcCall.run(Server.java:963) [hadoop-common-3.3.1.jar:?]
	at java.security.AccessController.doPrivileged(Native Method) ~[?:1.8.0_345]
	at javax.security.auth.Subject.doAs(Subject.java:422) [?:1.8.0_345]
	at org.apache.hadoop.security.UserGroupInformation.doAs(UserGroupInformation.java:1878) [hadoop-common-3.3.1.jar:?]
	at org.apache.hadoop.ipc.Server$Handler.run(Server.java:2966) [hadoop-common-3.3.1.jar:?]
2022-10-09 13:10:13,967 [Time-limited test] WARN  ozone.BasicOzoneFileSystem (BasicOzoneFileSystem.java:getFileStatus(765)) - GetFileStatus failed for path /.Trash/runner/Current/testKey1
java.io.FileNotFoundException: .Trash/runner/Current/testKey1: No such file or directory!
	at org.apache.hadoop.fs.ozone.BasicOzoneClientAdapterImpl.getFileStatus(BasicOzoneClientAdapterImpl.java:369)
	at org.apache.hadoop.fs.ozone.BasicOzoneFileSystem.getFileStatus(BasicOzoneFileSystem.java:757)
	at org.apache.hadoop.fs.FileSystem.exists(FileSystem.java:1760)
	at org.apache.hadoop.fs.ozone.BasicOzoneFileSystem.exists(BasicOzoneFileSystem.java:804)
	at org.apache.hadoop.fs.TrashPolicyDefault.moveToTrash(TrashPolicyDefault.java:181)
	at org.apache.hadoop.fs.Trash.moveToTrash(Trash.java:110)
	at org.apache.hadoop.fs.ozone.TestOzoneFileSystem.testRenameToTrashEnabled(TestOzoneFileSystem.java:1549)
	at sun.reflect.NativeMethodAccessorImpl.invoke0(Native Method)
	at sun.reflect.NativeMethodAccessorImpl.invoke(NativeMethodAccessorImpl.java:62)
	at sun.reflect.DelegatingMethodAccessorImpl.invoke(DelegatingMethodAccessorImpl.java:43)
	at java.lang.reflect.Method.invoke(Method.java:498)
	at org.junit.runners.model.FrameworkMethod$1.runReflectiveCall(FrameworkMethod.java:59)
	at org.junit.internal.runners.model.ReflectiveCallable.run(ReflectiveCallable.java:12)
	at org.junit.runners.model.FrameworkMethod.invokeExplosively(FrameworkMethod.java:56)
	at org.junit.internal.runners.statements.InvokeMethod.evaluate(InvokeMethod.java:17)
	at org.junit.internal.runners.statements.RunAfters.evaluate(RunAfters.java:27)
	at org.junit.internal.runners.statements.FailOnTimeout$CallableStatement.call(FailOnTimeout.java:288)
	at org.junit.internal.runners.statements.FailOnTimeout$CallableStatement.call(FailOnTimeout.java:282)
	at java.util.concurrent.FutureTask.run(FutureTask.java:266)
	at java.lang.Thread.run(Thread.java:750)
13:10:13.981 [IPC Server handler 3 on default port 34869] ERROR OMAudit - user=runner | ip=127.0.0.1 | op=GET_FILE_STATUS {volume=volume25253, bucket=bucket90791, key=.Trash/runner/Current/testKey1, dataSize=0, replicationConfig=null} | ret=FAILURE
org.apache.hadoop.ozone.om.exceptions.OMException: Unable to get file status: volume: volume25253 bucket: bucket90791 key: .Trash/runner/Current/testKey1
	at org.apache.hadoop.ozone.om.KeyManagerImpl.getOzoneFileStatus(KeyManagerImpl.java:1270) ~[ozone-manager-1.3.0-SNAPSHOT.jar:?]
	at org.apache.hadoop.ozone.om.KeyManagerImpl.getFileStatus(KeyManagerImpl.java:1200) ~[ozone-manager-1.3.0-SNAPSHOT.jar:?]
	at org.apache.hadoop.ozone.om.OzoneManager.getFileStatus(OzoneManager.java:3507) ~[ozone-manager-1.3.0-SNAPSHOT.jar:?]
	at org.apache.hadoop.ozone.protocolPB.OzoneManagerRequestHandler.getOzoneFileStatus(OzoneManagerRequestHandler.java:882) ~[ozone-manager-1.3.0-SNAPSHOT.jar:?]
	at org.apache.hadoop.ozone.protocolPB.OzoneManagerRequestHandler.handleReadRequest(OzoneManagerRequestHandler.java:228) ~[ozone-manager-1.3.0-SNAPSHOT.jar:?]
	at org.apache.hadoop.ozone.protocolPB.OzoneManagerProtocolServerSideTranslatorPB.submitRequestDirectlyToOM(OzoneManagerProtocolServerSideTranslatorPB.java:276) ~[ozone-manager-1.3.0-SNAPSHOT.jar:?]
	at org.apache.hadoop.ozone.protocolPB.OzoneManagerProtocolServerSideTranslatorPB.processRequest(OzoneManagerProtocolServerSideTranslatorPB.java:205) ~[ozone-manager-1.3.0-SNAPSHOT.jar:?]
	at org.apache.hadoop.hdds.server.OzoneProtocolMessageDispatcher.processRequest(OzoneProtocolMessageDispatcher.java:87) [hdds-server-framework-1.3.0-SNAPSHOT.jar:?]
	at org.apache.hadoop.ozone.protocolPB.OzoneManagerProtocolServerSideTranslatorPB.submitRequest(OzoneManagerProtocolServerSideTranslatorPB.java:147) [ozone-manager-1.3.0-SNAPSHOT.jar:?]
	at org.apache.hadoop.ozone.protocol.proto.OzoneManagerProtocolProtos$OzoneManagerService$2.callBlockingMethod(OzoneManagerProtocolProtos.java) [ozone-interface-client-1.3.0-SNAPSHOT.jar:?]
	at org.apache.hadoop.ipc.ProtobufRpcEngine$Server.processCall(ProtobufRpcEngine.java:466) [hadoop-common-3.3.1.jar:?]
	at org.apache.hadoop.ipc.ProtobufRpcEngine2$Server$ProtoBufRpcInvoker.call(ProtobufRpcEngine2.java:574) [hadoop-common-3.3.1.jar:?]
	at org.apache.hadoop.ipc.ProtobufRpcEngine2$Server$ProtoBufRpcInvoker.call(ProtobufRpcEngine2.java:552) [hadoop-common-3.3.1.jar:?]
	at org.apache.hadoop.ipc.RPC$Server.call(RPC.java:1093) [hadoop-common-3.3.1.jar:?]
	at org.apache.hadoop.ipc.Server$RpcCall.run(Server.java:1035) [hadoop-common-3.3.1.jar:?]
	at org.apache.hadoop.ipc.Server$RpcCall.run(Server.java:963) [hadoop-common-3.3.1.jar:?]
	at java.security.AccessController.doPrivileged(Native Method) ~[?:1.8.0_345]
	at javax.security.auth.Subject.doAs(Subject.java:422) [?:1.8.0_345]
	at org.apache.hadoop.security.UserGroupInformation.doAs(UserGroupInformation.java:1878) [hadoop-common-3.3.1.jar:?]
	at org.apache.hadoop.ipc.Server$Handler.run(Server.java:2966) [hadoop-common-3.3.1.jar:?]
2022-10-09 13:10:13,981 [Time-limited test] WARN  ozone.BasicOzoneFileSystem (BasicOzoneFileSystem.java:getFileStatus(765)) - GetFileStatus failed for path /.Trash/runner/Current/testKey1
java.io.FileNotFoundException: .Trash/runner/Current/testKey1: No such file or directory!
	at org.apache.hadoop.fs.ozone.BasicOzoneClientAdapterImpl.getFileStatus(BasicOzoneClientAdapterImpl.java:369)
	at org.apache.hadoop.fs.ozone.BasicOzoneFileSystem.getFileStatus(BasicOzoneFileSystem.java:757)
	at org.apache.hadoop.fs.ozone.BasicOzoneFileSystem.rename(BasicOzoneFileSystem.java:357)
	at org.apache.hadoop.fs.ozone.BasicOzoneFileSystem.rename(BasicOzoneFileSystem.java:454)
	at org.apache.hadoop.fs.TrashPolicyDefault.moveToTrash(TrashPolicyDefault.java:186)
	at org.apache.hadoop.fs.Trash.moveToTrash(Trash.java:110)
	at org.apache.hadoop.fs.ozone.TestOzoneFileSystem.testRenameToTrashEnabled(TestOzoneFileSystem.java:1549)
	at sun.reflect.NativeMethodAccessorImpl.invoke0(Native Method)
	at sun.reflect.NativeMethodAccessorImpl.invoke(NativeMethodAccessorImpl.java:62)
	at sun.reflect.DelegatingMethodAccessorImpl.invoke(DelegatingMethodAccessorImpl.java:43)
	at java.lang.reflect.Method.invoke(Method.java:498)
	at org.junit.runners.model.FrameworkMethod$1.runReflectiveCall(FrameworkMethod.java:59)
	at org.junit.internal.runners.model.ReflectiveCallable.run(ReflectiveCallable.java:12)
	at org.junit.runners.model.FrameworkMethod.invokeExplosively(FrameworkMethod.java:56)
	at org.junit.internal.runners.statements.InvokeMethod.evaluate(InvokeMethod.java:17)
	at org.junit.internal.runners.statements.RunAfters.evaluate(RunAfters.java:27)
	at org.junit.internal.runners.statements.FailOnTimeout$CallableStatement.call(FailOnTimeout.java:288)
	at org.junit.internal.runners.statements.FailOnTimeout$CallableStatement.call(FailOnTimeout.java:282)
	at java.util.concurrent.FutureTask.run(FutureTask.java:266)
	at java.lang.Thread.run(Thread.java:750)
2022-10-09 13:10:13,988 [Time-limited test] INFO  fs.TrashPolicyDefault (TrashPolicyDefault.java:moveToTrash(188)) - Moved: '/testKey1' to trash at: /.Trash/runner/Current/testKey1
]]></system-out>
  </testcase>
  <testcase name="testListStatusWithIntermediateDir" classname="TestOzoneFileSystem" time="0.058">
    <system-out><![CDATA[2022-10-09 13:04:50,845 [IPC Server handler 10 on default port 38953] INFO  pipeline.PipelineStateManagerImpl (PipelineStateManagerImpl.java:addPipeline(103)) - Created pipeline Pipeline[ Id: 39de88a0-6c04-4259-bce3-b396da6c8cae, Nodes: 1b6ed2ab-cf30-442c-a8fc-fc354f6c4d2f{ip: 10.1.0.209, host: fv-az212-628.zlodpucb4l4udavnfxg5s20dva.cx.internal.cloudapp.net, ports: [REPLICATION=33479, RATIS=41789, RATIS_ADMIN=41789, RATIS_SERVER=41789, STANDALONE=40861], networkLocation: /default-rack, certSerialId: null, persistedOpState: IN_SERVICE, persistedOpStateExpiryEpochSec: 0}, ReplicationConfig: STANDALONE/ONE, State:OPEN, leaderId:, CreationTimestamp2022-10-09T13:04:50.845Z[Etc/UTC]].
]]></system-out>
  </testcase>
  <testcase name="testListStatusWithIntermediateDir" classname="TestOzoneFileSystem" time="0.072">
    <system-out><![CDATA[2022-10-09 13:06:22,617 [IPC Server handler 9 on default port 34237] INFO  pipeline.PipelineStateManagerImpl (PipelineStateManagerImpl.java:addPipeline(103)) - Created pipeline Pipeline[ Id: d0b86a96-740d-40ab-85e4-193ba4630342, Nodes: 2d7a11ae-c5aa-41a6-85dc-c9a8e9cf90b2{ip: 10.1.0.209, host: fv-az212-628.zlodpucb4l4udavnfxg5s20dva.cx.internal.cloudapp.net, ports: [REPLICATION=37283, RATIS=34267, RATIS_ADMIN=34267, RATIS_SERVER=34267, STANDALONE=35587], networkLocation: /default-rack, certSerialId: null, persistedOpState: IN_SERVICE, persistedOpStateExpiryEpochSec: 0}, ReplicationConfig: STANDALONE/ONE, State:OPEN, leaderId:, CreationTimestamp2022-10-09T13:06:22.616Z[Etc/UTC]].
]]></system-out>
  </testcase>
  <testcase name="testListStatusWithIntermediateDir" classname="TestOzoneFileSystem" time="0.109">
    <system-out><![CDATA[2022-10-09 13:08:11,573 [IPC Server handler 4 on default port 36597] INFO  pipeline.PipelineStateManagerImpl (PipelineStateManagerImpl.java:addPipeline(103)) - Created pipeline Pipeline[ Id: a496cce2-8ceb-4f2f-82dc-8293235ea2b5, Nodes: d46e0485-2442-4c5a-ac53-f23987407338{ip: 10.1.0.209, host: fv-az212-628.zlodpucb4l4udavnfxg5s20dva.cx.internal.cloudapp.net, ports: [REPLICATION=41515, RATIS=36777, RATIS_ADMIN=36777, RATIS_SERVER=36777, STANDALONE=45043], networkLocation: /default-rack, certSerialId: null, persistedOpState: IN_SERVICE, persistedOpStateExpiryEpochSec: 0}, ReplicationConfig: STANDALONE/ONE, State:OPEN, leaderId:, CreationTimestamp2022-10-09T13:08:11.570Z[Etc/UTC]].
]]></system-out>
  </testcase>
  <testcase name="testListStatusWithIntermediateDir" classname="TestOzoneFileSystem" time="0.091">
    <system-out><![CDATA[2022-10-09 13:10:14,038 [IPC Server handler 10 on default port 34077] INFO  pipeline.PipelineStateManagerImpl (PipelineStateManagerImpl.java:addPipeline(103)) - Created pipeline Pipeline[ Id: 5ad1b4b7-86b3-4137-97ff-2542a980acb7, Nodes: a45a9974-6347-49ca-aefd-c703a3af3a84{ip: 10.1.0.209, host: fv-az212-628.zlodpucb4l4udavnfxg5s20dva.cx.internal.cloudapp.net, ports: [REPLICATION=39625, RATIS=35151, RATIS_ADMIN=35151, RATIS_SERVER=35151, STANDALONE=45685], networkLocation: /default-rack, certSerialId: null, persistedOpState: IN_SERVICE, persistedOpStateExpiryEpochSec: 0}, ReplicationConfig: STANDALONE/ONE, State:OPEN, leaderId:, CreationTimestamp2022-10-09T13:10:14.033Z[Etc/UTC]].
]]></system-out>
  </testcase>
  <testcase name="testRenameSourceAndDestinAreSame" classname="TestOzoneFileSystem" time="0.025"/>
  <testcase name="testRenameSourceAndDestinAreSame" classname="TestOzoneFileSystem" time="0.017"/>
  <testcase name="testRenameSourceAndDestinAreSame" classname="TestOzoneFileSystem" time="0.036"/>
  <testcase name="testRenameSourceAndDestinAreSame" classname="TestOzoneFileSystem" time="0.043"/>
  <testcase name="testListStatusIteratorWithDir" classname="TestOzoneFileSystem" time="0.049"/>
  <testcase name="testListStatusIteratorWithDir" classname="TestOzoneFileSystem" time="0.037"/>
  <testcase name="testListStatusIteratorWithDir" classname="TestOzoneFileSystem" time="0.065"/>
  <testcase name="testListStatusIteratorWithDir" classname="TestOzoneFileSystem" time="0.063"/>
  <testcase name="testListStatusOnLargeDirectory" classname="TestOzoneFileSystem" time="5.837"/>
  <testcase name="testListStatusOnLargeDirectory" classname="TestOzoneFileSystem" time="4.555"/>
  <testcase name="testListStatusOnLargeDirectory" classname="TestOzoneFileSystem" time="7.981"/>
  <testcase name="testListStatusOnLargeDirectory" classname="TestOzoneFileSystem" time="7.709"/>
  <testcase name="testCreateKeyShouldUseRefreshedBucketReplicationConfig" classname="TestOzoneFileSystem" time="0.679">
    <system-out><![CDATA[2022-10-09 13:04:56,819 [Time-limited test] INFO  rpc.RpcClient (RpcClient.java:createVolume(471)) - Creating Volume: volume73162, with user46658 as owner and space quota set to -1 bytes, counts quota set to -1
2022-10-09 13:04:56,821 [OM StateMachine ApplyTransaction Thread - 0] INFO  volume.OMVolumeCreateRequest (OMVolumeCreateRequest.java:validateAndUpdateCache(195)) - created volume:volume73162 for user:user46658
2022-10-09 13:04:56,824 [Time-limited test] INFO  rpc.RpcClient (RpcClient.java:createBucket(674)) - Creating Bucket: volume73162/bucket85421, with bucket layout LEGACY, runner as owner, Versioning false, Storage Type set to DISK and Encryption set to false 
2022-10-09 13:04:56,826 [OM StateMachine ApplyTransaction Thread - 0] INFO  bucket.OMBucketCreateRequest (OMBucketCreateRequest.java:validateAndUpdateCache(260)) - created bucket: bucket85421 of layout LEGACY in volume: volume73162
2022-10-09 13:04:56,960 [IPC Server handler 14 on default port 38953] INFO  pipeline.PipelineStateManagerImpl (PipelineStateManagerImpl.java:addPipeline(103)) - Created pipeline Pipeline[ Id: bb97e75a-e5a1-4772-a6b0-dca562c52a10, Nodes: 35fd77c5-1f23-44b5-b15d-a7cf87b6731e{ip: 10.1.0.209, host: fv-az212-628.zlodpucb4l4udavnfxg5s20dva.cx.internal.cloudapp.net, ports: [REPLICATION=39267, RATIS=41389, RATIS_ADMIN=41389, RATIS_SERVER=41389, STANDALONE=43509], networkLocation: /default-rack, certSerialId: null, persistedOpState: null, persistedOpStateExpiryEpochSec: 0}2db59515-9e3b-4889-b4e8-582beecf5a37{ip: 10.1.0.209, host: fv-az212-628.zlodpucb4l4udavnfxg5s20dva.cx.internal.cloudapp.net, ports: [REPLICATION=34601, RATIS=43077, RATIS_ADMIN=43077, RATIS_SERVER=43077, STANDALONE=44769], networkLocation: /default-rack, certSerialId: null, persistedOpState: null, persistedOpStateExpiryEpochSec: 0}1b6ed2ab-cf30-442c-a8fc-fc354f6c4d2f{ip: 10.1.0.209, host: fv-az212-628.zlodpucb4l4udavnfxg5s20dva.cx.internal.cloudapp.net, ports: [REPLICATION=33479, RATIS=41789, RATIS_ADMIN=41789, RATIS_SERVER=41789, STANDALONE=40861], networkLocation: /default-rack, certSerialId: null, persistedOpState: null, persistedOpStateExpiryEpochSec: 0}b3799363-510b-4b0d-b719-e4308f1034ba{ip: 10.1.0.209, host: fv-az212-628.zlodpucb4l4udavnfxg5s20dva.cx.internal.cloudapp.net, ports: [REPLICATION=35525, RATIS=41135, RATIS_ADMIN=41135, RATIS_SERVER=41135, STANDALONE=38609], networkLocation: /default-rack, certSerialId: null, persistedOpState: null, persistedOpStateExpiryEpochSec: 0}e5f66691-da51-4e4f-9357-5009f52741ee{ip: 10.1.0.209, host: fv-az212-628.zlodpucb4l4udavnfxg5s20dva.cx.internal.cloudapp.net, ports: [REPLICATION=36845, RATIS=46869, RATIS_ADMIN=46869, RATIS_SERVER=46869, STANDALONE=39337], networkLocation: /default-rack, certSerialId: null, persistedOpState: null, persistedOpStateExpiryEpochSec: 0}, ReplicationConfig: EC/ECReplicationConfig{data=3, parity=2, ecChunkSize=1048576, codec=rs}, State:ALLOCATED, leaderId:, CreationTimestamp2022-10-09T13:04:56.959Z[Etc/UTC]].
2022-10-09 13:04:56,962 [IPC Server handler 14 on default port 38953] INFO  pipeline.PipelineManagerImpl (PipelineManagerImpl.java:openPipeline(367)) - Pipeline Pipeline[ Id: bb97e75a-e5a1-4772-a6b0-dca562c52a10, Nodes: 35fd77c5-1f23-44b5-b15d-a7cf87b6731e{ip: 10.1.0.209, host: fv-az212-628.zlodpucb4l4udavnfxg5s20dva.cx.internal.cloudapp.net, ports: [REPLICATION=39267, RATIS=41389, RATIS_ADMIN=41389, RATIS_SERVER=41389, STANDALONE=43509], networkLocation: /default-rack, certSerialId: null, persistedOpState: null, persistedOpStateExpiryEpochSec: 0}2db59515-9e3b-4889-b4e8-582beecf5a37{ip: 10.1.0.209, host: fv-az212-628.zlodpucb4l4udavnfxg5s20dva.cx.internal.cloudapp.net, ports: [REPLICATION=34601, RATIS=43077, RATIS_ADMIN=43077, RATIS_SERVER=43077, STANDALONE=44769], networkLocation: /default-rack, certSerialId: null, persistedOpState: null, persistedOpStateExpiryEpochSec: 0}1b6ed2ab-cf30-442c-a8fc-fc354f6c4d2f{ip: 10.1.0.209, host: fv-az212-628.zlodpucb4l4udavnfxg5s20dva.cx.internal.cloudapp.net, ports: [REPLICATION=33479, RATIS=41789, RATIS_ADMIN=41789, RATIS_SERVER=41789, STANDALONE=40861], networkLocation: /default-rack, certSerialId: null, persistedOpState: null, persistedOpStateExpiryEpochSec: 0}b3799363-510b-4b0d-b719-e4308f1034ba{ip: 10.1.0.209, host: fv-az212-628.zlodpucb4l4udavnfxg5s20dva.cx.internal.cloudapp.net, ports: [REPLICATION=35525, RATIS=41135, RATIS_ADMIN=41135, RATIS_SERVER=41135, STANDALONE=38609], networkLocation: /default-rack, certSerialId: null, persistedOpState: null, persistedOpStateExpiryEpochSec: 0}e5f66691-da51-4e4f-9357-5009f52741ee{ip: 10.1.0.209, host: fv-az212-628.zlodpucb4l4udavnfxg5s20dva.cx.internal.cloudapp.net, ports: [REPLICATION=36845, RATIS=46869, RATIS_ADMIN=46869, RATIS_SERVER=46869, STANDALONE=39337], networkLocation: /default-rack, certSerialId: null, persistedOpState: null, persistedOpStateExpiryEpochSec: 0}, ReplicationConfig: EC/ECReplicationConfig{data=3, parity=2, ecChunkSize=1048576, codec=rs}, State:ALLOCATED, leaderId:, CreationTimestamp2022-10-09T13:04:56.959Z[Etc/UTC]] moved to OPEN state
2022-10-09 13:04:57,316 [org.apache.ratis.util.JvmPauseMonitor$$Lambda$636/1153107596@108d4478] WARN  util.JvmPauseMonitor (JvmPauseMonitor.java:detectPause(124)) - JvmPauseMonitor-e5f66691-da51-4e4f-9357-5009f52741ee: Detected pause in JVM or host machine (eg GC): pause of approximately 159495344ns.
GC pool 'PS MarkSweep' had collection(s): count=1 time=259ms
GC pool 'PS Scavenge' had collection(s): count=2 time=101ms
2022-10-09 13:04:57,316 [org.apache.ratis.util.JvmPauseMonitor$$Lambda$636/1153107596@27c6bec6] WARN  util.JvmPauseMonitor (JvmPauseMonitor.java:detectPause(124)) - JvmPauseMonitor-35fd77c5-1f23-44b5-b15d-a7cf87b6731e: Detected pause in JVM or host machine (eg GC): pause of approximately 159131240ns.
GC pool 'PS MarkSweep' had collection(s): count=1 time=259ms
GC pool 'PS Scavenge' had collection(s): count=2 time=101ms
2022-10-09 13:04:57,318 [org.apache.ratis.util.JvmPauseMonitor$$Lambda$636/1153107596@12e9ac59] WARN  util.JvmPauseMonitor (JvmPauseMonitor.java:detectPause(124)) - JvmPauseMonitor-om1: Detected pause in JVM or host machine (eg GC): pause of approximately 298198973ns.
GC pool 'PS MarkSweep' had collection(s): count=1 time=259ms
GC pool 'PS Scavenge' had collection(s): count=2 time=101ms
2022-10-09 13:04:57,318 [org.apache.ratis.util.JvmPauseMonitor$$Lambda$636/1153107596@6d2f6cc2] WARN  util.JvmPauseMonitor (JvmPauseMonitor.java:detectPause(124)) - JvmPauseMonitor-2db59515-9e3b-4889-b4e8-582beecf5a37: Detected pause in JVM or host machine (eg GC): pause of approximately 159335742ns.
GC pool 'PS MarkSweep' had collection(s): count=1 time=259ms
GC pool 'PS Scavenge' had collection(s): count=2 time=101ms
2022-10-09 13:04:57,320 [Time-limited test] WARN  erasurecode.ErasureCodeNative (ErasureCodeNative.java:<clinit>(55)) - ISA-L support is not available in your platform... using builtin-java codec where applicable
2022-10-09 13:04:57,425 [IPC Server handler 1 on default port 38953] INFO  pipeline.PipelineStateManagerImpl (PipelineStateManagerImpl.java:addPipeline(103)) - Created pipeline Pipeline[ Id: adee87d7-c244-49f4-bf48-e5d941910d8f, Nodes: 1b6ed2ab-cf30-442c-a8fc-fc354f6c4d2f{ip: 10.1.0.209, host: fv-az212-628.zlodpucb4l4udavnfxg5s20dva.cx.internal.cloudapp.net, ports: [REPLICATION=33479, RATIS=41789, RATIS_ADMIN=41789, RATIS_SERVER=41789, STANDALONE=40861], networkLocation: /default-rack, certSerialId: null, persistedOpState: null, persistedOpStateExpiryEpochSec: 0}35fd77c5-1f23-44b5-b15d-a7cf87b6731e{ip: 10.1.0.209, host: fv-az212-628.zlodpucb4l4udavnfxg5s20dva.cx.internal.cloudapp.net, ports: [REPLICATION=39267, RATIS=41389, RATIS_ADMIN=41389, RATIS_SERVER=41389, STANDALONE=43509], networkLocation: /default-rack, certSerialId: null, persistedOpState: null, persistedOpStateExpiryEpochSec: 0}2db59515-9e3b-4889-b4e8-582beecf5a37{ip: 10.1.0.209, host: fv-az212-628.zlodpucb4l4udavnfxg5s20dva.cx.internal.cloudapp.net, ports: [REPLICATION=34601, RATIS=43077, RATIS_ADMIN=43077, RATIS_SERVER=43077, STANDALONE=44769], networkLocation: /default-rack, certSerialId: null, persistedOpState: null, persistedOpStateExpiryEpochSec: 0}b3799363-510b-4b0d-b719-e4308f1034ba{ip: 10.1.0.209, host: fv-az212-628.zlodpucb4l4udavnfxg5s20dva.cx.internal.cloudapp.net, ports: [REPLICATION=35525, RATIS=41135, RATIS_ADMIN=41135, RATIS_SERVER=41135, STANDALONE=38609], networkLocation: /default-rack, certSerialId: null, persistedOpState: null, persistedOpStateExpiryEpochSec: 0}e5f66691-da51-4e4f-9357-5009f52741ee{ip: 10.1.0.209, host: fv-az212-628.zlodpucb4l4udavnfxg5s20dva.cx.internal.cloudapp.net, ports: [REPLICATION=36845, RATIS=46869, RATIS_ADMIN=46869, RATIS_SERVER=46869, STANDALONE=39337], networkLocation: /default-rack, certSerialId: null, persistedOpState: null, persistedOpStateExpiryEpochSec: 0}, ReplicationConfig: EC/ECReplicationConfig{data=3, parity=2, ecChunkSize=1048576, codec=rs}, State:ALLOCATED, leaderId:, CreationTimestamp2022-10-09T13:04:57.424Z[Etc/UTC]].
2022-10-09 13:04:57,425 [IPC Server handler 1 on default port 38953] INFO  pipeline.PipelineManagerImpl (PipelineManagerImpl.java:openPipeline(367)) - Pipeline Pipeline[ Id: adee87d7-c244-49f4-bf48-e5d941910d8f, Nodes: 1b6ed2ab-cf30-442c-a8fc-fc354f6c4d2f{ip: 10.1.0.209, host: fv-az212-628.zlodpucb4l4udavnfxg5s20dva.cx.internal.cloudapp.net, ports: [REPLICATION=33479, RATIS=41789, RATIS_ADMIN=41789, RATIS_SERVER=41789, STANDALONE=40861], networkLocation: /default-rack, certSerialId: null, persistedOpState: null, persistedOpStateExpiryEpochSec: 0}35fd77c5-1f23-44b5-b15d-a7cf87b6731e{ip: 10.1.0.209, host: fv-az212-628.zlodpucb4l4udavnfxg5s20dva.cx.internal.cloudapp.net, ports: [REPLICATION=39267, RATIS=41389, RATIS_ADMIN=41389, RATIS_SERVER=41389, STANDALONE=43509], networkLocation: /default-rack, certSerialId: null, persistedOpState: null, persistedOpStateExpiryEpochSec: 0}2db59515-9e3b-4889-b4e8-582beecf5a37{ip: 10.1.0.209, host: fv-az212-628.zlodpucb4l4udavnfxg5s20dva.cx.internal.cloudapp.net, ports: [REPLICATION=34601, RATIS=43077, RATIS_ADMIN=43077, RATIS_SERVER=43077, STANDALONE=44769], networkLocation: /default-rack, certSerialId: null, persistedOpState: null, persistedOpStateExpiryEpochSec: 0}b3799363-510b-4b0d-b719-e4308f1034ba{ip: 10.1.0.209, host: fv-az212-628.zlodpucb4l4udavnfxg5s20dva.cx.internal.cloudapp.net, ports: [REPLICATION=35525, RATIS=41135, RATIS_ADMIN=41135, RATIS_SERVER=41135, STANDALONE=38609], networkLocation: /default-rack, certSerialId: null, persistedOpState: null, persistedOpStateExpiryEpochSec: 0}e5f66691-da51-4e4f-9357-5009f52741ee{ip: 10.1.0.209, host: fv-az212-628.zlodpucb4l4udavnfxg5s20dva.cx.internal.cloudapp.net, ports: [REPLICATION=36845, RATIS=46869, RATIS_ADMIN=46869, RATIS_SERVER=46869, STANDALONE=39337], networkLocation: /default-rack, certSerialId: null, persistedOpState: null, persistedOpStateExpiryEpochSec: 0}, ReplicationConfig: EC/ECReplicationConfig{data=3, parity=2, ecChunkSize=1048576, codec=rs}, State:ALLOCATED, leaderId:, CreationTimestamp2022-10-09T13:04:57.424Z[Etc/UTC]] moved to OPEN state
]]></system-out>
  </testcase>
  <testcase name="testCreateKeyShouldUseRefreshedBucketReplicationConfig" classname="TestOzoneFileSystem" time="0.276">
    <system-out><![CDATA[2022-10-09 13:06:27,343 [Time-limited test] INFO  rpc.RpcClient (RpcClient.java:createVolume(471)) - Creating Volume: volume89609, with user08334 as owner and space quota set to -1 bytes, counts quota set to -1
2022-10-09 13:06:27,344 [IPC Server handler 8 on default port 44209] INFO  volume.OMVolumeCreateRequest (OMVolumeCreateRequest.java:validateAndUpdateCache(195)) - created volume:volume89609 for user:user08334
2022-10-09 13:06:27,347 [Time-limited test] INFO  rpc.RpcClient (RpcClient.java:createBucket(674)) - Creating Bucket: volume89609/bucket62975, with bucket layout LEGACY, runner as owner, Versioning false, Storage Type set to DISK and Encryption set to false 
2022-10-09 13:06:27,347 [IPC Server handler 5 on default port 44209] INFO  bucket.OMBucketCreateRequest (OMBucketCreateRequest.java:validateAndUpdateCache(260)) - created bucket: bucket62975 of layout LEGACY in volume: volume89609
2022-10-09 13:06:27,410 [IPC Server handler 3 on default port 34237] INFO  pipeline.PipelineStateManagerImpl (PipelineStateManagerImpl.java:addPipeline(103)) - Created pipeline Pipeline[ Id: e7be1a65-242b-4e10-a09f-cdbced1e11cc, Nodes: 7279ce37-28db-41f2-a11e-d5db3ffcfb1c{ip: 10.1.0.209, host: fv-az212-628.zlodpucb4l4udavnfxg5s20dva.cx.internal.cloudapp.net, ports: [REPLICATION=45909, RATIS=46543, RATIS_ADMIN=46543, RATIS_SERVER=46543, STANDALONE=46059], networkLocation: /default-rack, certSerialId: null, persistedOpState: null, persistedOpStateExpiryEpochSec: 0}d53f1fbb-b576-41c7-afbd-0ba632ac53c7{ip: 10.1.0.209, host: fv-az212-628.zlodpucb4l4udavnfxg5s20dva.cx.internal.cloudapp.net, ports: [REPLICATION=33297, RATIS=46505, RATIS_ADMIN=46505, RATIS_SERVER=46505, STANDALONE=36581], networkLocation: /default-rack, certSerialId: null, persistedOpState: null, persistedOpStateExpiryEpochSec: 0}0e0cd2e9-f605-4044-a07f-8c47171ce2f7{ip: 10.1.0.209, host: fv-az212-628.zlodpucb4l4udavnfxg5s20dva.cx.internal.cloudapp.net, ports: [REPLICATION=44807, RATIS=36435, RATIS_ADMIN=36435, RATIS_SERVER=36435, STANDALONE=40693], networkLocation: /default-rack, certSerialId: null, persistedOpState: null, persistedOpStateExpiryEpochSec: 0}864752fb-4a03-48f8-92e4-9b272ebf5ecd{ip: 10.1.0.209, host: fv-az212-628.zlodpucb4l4udavnfxg5s20dva.cx.internal.cloudapp.net, ports: [REPLICATION=45603, RATIS=36301, RATIS_ADMIN=36301, RATIS_SERVER=36301, STANDALONE=40617], networkLocation: /default-rack, certSerialId: null, persistedOpState: null, persistedOpStateExpiryEpochSec: 0}2d7a11ae-c5aa-41a6-85dc-c9a8e9cf90b2{ip: 10.1.0.209, host: fv-az212-628.zlodpucb4l4udavnfxg5s20dva.cx.internal.cloudapp.net, ports: [REPLICATION=37283, RATIS=34267, RATIS_ADMIN=34267, RATIS_SERVER=34267, STANDALONE=35587], networkLocation: /default-rack, certSerialId: null, persistedOpState: null, persistedOpStateExpiryEpochSec: 0}, ReplicationConfig: EC/ECReplicationConfig{data=3, parity=2, ecChunkSize=1048576, codec=rs}, State:ALLOCATED, leaderId:, CreationTimestamp2022-10-09T13:06:27.409Z[Etc/UTC]].
2022-10-09 13:06:27,410 [IPC Server handler 3 on default port 34237] INFO  pipeline.PipelineManagerImpl (PipelineManagerImpl.java:openPipeline(367)) - Pipeline Pipeline[ Id: e7be1a65-242b-4e10-a09f-cdbced1e11cc, Nodes: 7279ce37-28db-41f2-a11e-d5db3ffcfb1c{ip: 10.1.0.209, host: fv-az212-628.zlodpucb4l4udavnfxg5s20dva.cx.internal.cloudapp.net, ports: [REPLICATION=45909, RATIS=46543, RATIS_ADMIN=46543, RATIS_SERVER=46543, STANDALONE=46059], networkLocation: /default-rack, certSerialId: null, persistedOpState: null, persistedOpStateExpiryEpochSec: 0}d53f1fbb-b576-41c7-afbd-0ba632ac53c7{ip: 10.1.0.209, host: fv-az212-628.zlodpucb4l4udavnfxg5s20dva.cx.internal.cloudapp.net, ports: [REPLICATION=33297, RATIS=46505, RATIS_ADMIN=46505, RATIS_SERVER=46505, STANDALONE=36581], networkLocation: /default-rack, certSerialId: null, persistedOpState: null, persistedOpStateExpiryEpochSec: 0}0e0cd2e9-f605-4044-a07f-8c47171ce2f7{ip: 10.1.0.209, host: fv-az212-628.zlodpucb4l4udavnfxg5s20dva.cx.internal.cloudapp.net, ports: [REPLICATION=44807, RATIS=36435, RATIS_ADMIN=36435, RATIS_SERVER=36435, STANDALONE=40693], networkLocation: /default-rack, certSerialId: null, persistedOpState: null, persistedOpStateExpiryEpochSec: 0}864752fb-4a03-48f8-92e4-9b272ebf5ecd{ip: 10.1.0.209, host: fv-az212-628.zlodpucb4l4udavnfxg5s20dva.cx.internal.cloudapp.net, ports: [REPLICATION=45603, RATIS=36301, RATIS_ADMIN=36301, RATIS_SERVER=36301, STANDALONE=40617], networkLocation: /default-rack, certSerialId: null, persistedOpState: null, persistedOpStateExpiryEpochSec: 0}2d7a11ae-c5aa-41a6-85dc-c9a8e9cf90b2{ip: 10.1.0.209, host: fv-az212-628.zlodpucb4l4udavnfxg5s20dva.cx.internal.cloudapp.net, ports: [REPLICATION=37283, RATIS=34267, RATIS_ADMIN=34267, RATIS_SERVER=34267, STANDALONE=35587], networkLocation: /default-rack, certSerialId: null, persistedOpState: null, persistedOpStateExpiryEpochSec: 0}, ReplicationConfig: EC/ECReplicationConfig{data=3, parity=2, ecChunkSize=1048576, codec=rs}, State:ALLOCATED, leaderId:, CreationTimestamp2022-10-09T13:06:27.409Z[Etc/UTC]] moved to OPEN state
2022-10-09 13:06:27,470 [IPC Server handler 7 on default port 34237] INFO  pipeline.PipelineStateManagerImpl (PipelineStateManagerImpl.java:addPipeline(103)) - Created pipeline Pipeline[ Id: fef737d0-a3ea-4f9e-a04c-5085d5c2c0d4, Nodes: 0e0cd2e9-f605-4044-a07f-8c47171ce2f7{ip: 10.1.0.209, host: fv-az212-628.zlodpucb4l4udavnfxg5s20dva.cx.internal.cloudapp.net, ports: [REPLICATION=44807, RATIS=36435, RATIS_ADMIN=36435, RATIS_SERVER=36435, STANDALONE=40693], networkLocation: /default-rack, certSerialId: null, persistedOpState: null, persistedOpStateExpiryEpochSec: 0}864752fb-4a03-48f8-92e4-9b272ebf5ecd{ip: 10.1.0.209, host: fv-az212-628.zlodpucb4l4udavnfxg5s20dva.cx.internal.cloudapp.net, ports: [REPLICATION=45603, RATIS=36301, RATIS_ADMIN=36301, RATIS_SERVER=36301, STANDALONE=40617], networkLocation: /default-rack, certSerialId: null, persistedOpState: null, persistedOpStateExpiryEpochSec: 0}7279ce37-28db-41f2-a11e-d5db3ffcfb1c{ip: 10.1.0.209, host: fv-az212-628.zlodpucb4l4udavnfxg5s20dva.cx.internal.cloudapp.net, ports: [REPLICATION=45909, RATIS=46543, RATIS_ADMIN=46543, RATIS_SERVER=46543, STANDALONE=46059], networkLocation: /default-rack, certSerialId: null, persistedOpState: null, persistedOpStateExpiryEpochSec: 0}2d7a11ae-c5aa-41a6-85dc-c9a8e9cf90b2{ip: 10.1.0.209, host: fv-az212-628.zlodpucb4l4udavnfxg5s20dva.cx.internal.cloudapp.net, ports: [REPLICATION=37283, RATIS=34267, RATIS_ADMIN=34267, RATIS_SERVER=34267, STANDALONE=35587], networkLocation: /default-rack, certSerialId: null, persistedOpState: null, persistedOpStateExpiryEpochSec: 0}d53f1fbb-b576-41c7-afbd-0ba632ac53c7{ip: 10.1.0.209, host: fv-az212-628.zlodpucb4l4udavnfxg5s20dva.cx.internal.cloudapp.net, ports: [REPLICATION=33297, RATIS=46505, RATIS_ADMIN=46505, RATIS_SERVER=46505, STANDALONE=36581], networkLocation: /default-rack, certSerialId: null, persistedOpState: null, persistedOpStateExpiryEpochSec: 0}, ReplicationConfig: EC/ECReplicationConfig{data=3, parity=2, ecChunkSize=1048576, codec=rs}, State:ALLOCATED, leaderId:, CreationTimestamp2022-10-09T13:06:27.470Z[Etc/UTC]].
2022-10-09 13:06:27,471 [IPC Server handler 7 on default port 34237] INFO  pipeline.PipelineManagerImpl (PipelineManagerImpl.java:openPipeline(367)) - Pipeline Pipeline[ Id: fef737d0-a3ea-4f9e-a04c-5085d5c2c0d4, Nodes: 0e0cd2e9-f605-4044-a07f-8c47171ce2f7{ip: 10.1.0.209, host: fv-az212-628.zlodpucb4l4udavnfxg5s20dva.cx.internal.cloudapp.net, ports: [REPLICATION=44807, RATIS=36435, RATIS_ADMIN=36435, RATIS_SERVER=36435, STANDALONE=40693], networkLocation: /default-rack, certSerialId: null, persistedOpState: null, persistedOpStateExpiryEpochSec: 0}864752fb-4a03-48f8-92e4-9b272ebf5ecd{ip: 10.1.0.209, host: fv-az212-628.zlodpucb4l4udavnfxg5s20dva.cx.internal.cloudapp.net, ports: [REPLICATION=45603, RATIS=36301, RATIS_ADMIN=36301, RATIS_SERVER=36301, STANDALONE=40617], networkLocation: /default-rack, certSerialId: null, persistedOpState: null, persistedOpStateExpiryEpochSec: 0}7279ce37-28db-41f2-a11e-d5db3ffcfb1c{ip: 10.1.0.209, host: fv-az212-628.zlodpucb4l4udavnfxg5s20dva.cx.internal.cloudapp.net, ports: [REPLICATION=45909, RATIS=46543, RATIS_ADMIN=46543, RATIS_SERVER=46543, STANDALONE=46059], networkLocation: /default-rack, certSerialId: null, persistedOpState: null, persistedOpStateExpiryEpochSec: 0}2d7a11ae-c5aa-41a6-85dc-c9a8e9cf90b2{ip: 10.1.0.209, host: fv-az212-628.zlodpucb4l4udavnfxg5s20dva.cx.internal.cloudapp.net, ports: [REPLICATION=37283, RATIS=34267, RATIS_ADMIN=34267, RATIS_SERVER=34267, STANDALONE=35587], networkLocation: /default-rack, certSerialId: null, persistedOpState: null, persistedOpStateExpiryEpochSec: 0}d53f1fbb-b576-41c7-afbd-0ba632ac53c7{ip: 10.1.0.209, host: fv-az212-628.zlodpucb4l4udavnfxg5s20dva.cx.internal.cloudapp.net, ports: [REPLICATION=33297, RATIS=46505, RATIS_ADMIN=46505, RATIS_SERVER=46505, STANDALONE=36581], networkLocation: /default-rack, certSerialId: null, persistedOpState: null, persistedOpStateExpiryEpochSec: 0}, ReplicationConfig: EC/ECReplicationConfig{data=3, parity=2, ecChunkSize=1048576, codec=rs}, State:ALLOCATED, leaderId:, CreationTimestamp2022-10-09T13:06:27.470Z[Etc/UTC]] moved to OPEN state
]]></system-out>
  </testcase>
  <testcase name="testCreateKeyShouldUseRefreshedBucketReplicationConfig" classname="TestOzoneFileSystem" time="0.361">
    <system-out><![CDATA[2022-10-09 13:08:19,833 [Time-limited test] INFO  rpc.RpcClient (RpcClient.java:createVolume(471)) - Creating Volume: volume09336, with user39559 as owner and space quota set to -1 bytes, counts quota set to -1
2022-10-09 13:08:19,835 [OM StateMachine ApplyTransaction Thread - 0] INFO  volume.OMVolumeCreateRequest (OMVolumeCreateRequest.java:validateAndUpdateCache(195)) - created volume:volume09336 for user:user39559
2022-10-09 13:08:19,836 [Time-limited test] INFO  rpc.RpcClient (RpcClient.java:createBucket(674)) - Creating Bucket: volume09336/bucket21106, with bucket layout LEGACY, runner as owner, Versioning false, Storage Type set to DISK and Encryption set to false 
2022-10-09 13:08:19,838 [OM StateMachine ApplyTransaction Thread - 0] INFO  bucket.OMBucketCreateRequest (OMBucketCreateRequest.java:validateAndUpdateCache(260)) - created bucket: bucket21106 of layout LEGACY in volume: volume09336
2022-10-09 13:08:19,926 [IPC Server handler 14 on default port 36597] INFO  pipeline.PipelineStateManagerImpl (PipelineStateManagerImpl.java:addPipeline(103)) - Created pipeline Pipeline[ Id: 1d59bdb3-fa0c-40ac-ab2b-b8846a686a22, Nodes: d46e0485-2442-4c5a-ac53-f23987407338{ip: 10.1.0.209, host: fv-az212-628.zlodpucb4l4udavnfxg5s20dva.cx.internal.cloudapp.net, ports: [REPLICATION=41515, RATIS=36777, RATIS_ADMIN=36777, RATIS_SERVER=36777, STANDALONE=45043], networkLocation: /default-rack, certSerialId: null, persistedOpState: null, persistedOpStateExpiryEpochSec: 0}c6dbff45-d07e-454c-8dcf-e2e002008729{ip: 10.1.0.209, host: fv-az212-628.zlodpucb4l4udavnfxg5s20dva.cx.internal.cloudapp.net, ports: [REPLICATION=35129, RATIS=38729, RATIS_ADMIN=38729, RATIS_SERVER=38729, STANDALONE=41599], networkLocation: /default-rack, certSerialId: null, persistedOpState: null, persistedOpStateExpiryEpochSec: 0}a9de90a3-d1cd-4e8a-97f8-3dbad3d6a22f{ip: 10.1.0.209, host: fv-az212-628.zlodpucb4l4udavnfxg5s20dva.cx.internal.cloudapp.net, ports: [REPLICATION=39993, RATIS=35441, RATIS_ADMIN=35441, RATIS_SERVER=35441, STANDALONE=35451], networkLocation: /default-rack, certSerialId: null, persistedOpState: null, persistedOpStateExpiryEpochSec: 0}55b9ea12-5ed0-4563-9b80-74e62ded3c41{ip: 10.1.0.209, host: fv-az212-628.zlodpucb4l4udavnfxg5s20dva.cx.internal.cloudapp.net, ports: [REPLICATION=43057, RATIS=45387, RATIS_ADMIN=45387, RATIS_SERVER=45387, STANDALONE=38317], networkLocation: /default-rack, certSerialId: null, persistedOpState: null, persistedOpStateExpiryEpochSec: 0}09a05a6c-198f-4b32-89f8-427c1b35cd63{ip: 10.1.0.209, host: fv-az212-628.zlodpucb4l4udavnfxg5s20dva.cx.internal.cloudapp.net, ports: [REPLICATION=35103, RATIS=45145, RATIS_ADMIN=45145, RATIS_SERVER=45145, STANDALONE=41113], networkLocation: /default-rack, certSerialId: null, persistedOpState: null, persistedOpStateExpiryEpochSec: 0}, ReplicationConfig: EC/ECReplicationConfig{data=3, parity=2, ecChunkSize=1048576, codec=rs}, State:ALLOCATED, leaderId:, CreationTimestamp2022-10-09T13:08:19.926Z[Etc/UTC]].
2022-10-09 13:08:19,927 [IPC Server handler 14 on default port 36597] INFO  pipeline.PipelineManagerImpl (PipelineManagerImpl.java:openPipeline(367)) - Pipeline Pipeline[ Id: 1d59bdb3-fa0c-40ac-ab2b-b8846a686a22, Nodes: d46e0485-2442-4c5a-ac53-f23987407338{ip: 10.1.0.209, host: fv-az212-628.zlodpucb4l4udavnfxg5s20dva.cx.internal.cloudapp.net, ports: [REPLICATION=41515, RATIS=36777, RATIS_ADMIN=36777, RATIS_SERVER=36777, STANDALONE=45043], networkLocation: /default-rack, certSerialId: null, persistedOpState: null, persistedOpStateExpiryEpochSec: 0}c6dbff45-d07e-454c-8dcf-e2e002008729{ip: 10.1.0.209, host: fv-az212-628.zlodpucb4l4udavnfxg5s20dva.cx.internal.cloudapp.net, ports: [REPLICATION=35129, RATIS=38729, RATIS_ADMIN=38729, RATIS_SERVER=38729, STANDALONE=41599], networkLocation: /default-rack, certSerialId: null, persistedOpState: null, persistedOpStateExpiryEpochSec: 0}a9de90a3-d1cd-4e8a-97f8-3dbad3d6a22f{ip: 10.1.0.209, host: fv-az212-628.zlodpucb4l4udavnfxg5s20dva.cx.internal.cloudapp.net, ports: [REPLICATION=39993, RATIS=35441, RATIS_ADMIN=35441, RATIS_SERVER=35441, STANDALONE=35451], networkLocation: /default-rack, certSerialId: null, persistedOpState: null, persistedOpStateExpiryEpochSec: 0}55b9ea12-5ed0-4563-9b80-74e62ded3c41{ip: 10.1.0.209, host: fv-az212-628.zlodpucb4l4udavnfxg5s20dva.cx.internal.cloudapp.net, ports: [REPLICATION=43057, RATIS=45387, RATIS_ADMIN=45387, RATIS_SERVER=45387, STANDALONE=38317], networkLocation: /default-rack, certSerialId: null, persistedOpState: null, persistedOpStateExpiryEpochSec: 0}09a05a6c-198f-4b32-89f8-427c1b35cd63{ip: 10.1.0.209, host: fv-az212-628.zlodpucb4l4udavnfxg5s20dva.cx.internal.cloudapp.net, ports: [REPLICATION=35103, RATIS=45145, RATIS_ADMIN=45145, RATIS_SERVER=45145, STANDALONE=41113], networkLocation: /default-rack, certSerialId: null, persistedOpState: null, persistedOpStateExpiryEpochSec: 0}, ReplicationConfig: EC/ECReplicationConfig{data=3, parity=2, ecChunkSize=1048576, codec=rs}, State:ALLOCATED, leaderId:, CreationTimestamp2022-10-09T13:08:19.926Z[Etc/UTC]] moved to OPEN state
2022-10-09 13:08:20,024 [IPC Server handler 11 on default port 36597] INFO  pipeline.PipelineStateManagerImpl (PipelineStateManagerImpl.java:addPipeline(103)) - Created pipeline Pipeline[ Id: f10085b0-dffd-49c0-9fe9-a9e0ce0c97a7, Nodes: a9de90a3-d1cd-4e8a-97f8-3dbad3d6a22f{ip: 10.1.0.209, host: fv-az212-628.zlodpucb4l4udavnfxg5s20dva.cx.internal.cloudapp.net, ports: [REPLICATION=39993, RATIS=35441, RATIS_ADMIN=35441, RATIS_SERVER=35441, STANDALONE=35451], networkLocation: /default-rack, certSerialId: null, persistedOpState: null, persistedOpStateExpiryEpochSec: 0}09a05a6c-198f-4b32-89f8-427c1b35cd63{ip: 10.1.0.209, host: fv-az212-628.zlodpucb4l4udavnfxg5s20dva.cx.internal.cloudapp.net, ports: [REPLICATION=35103, RATIS=45145, RATIS_ADMIN=45145, RATIS_SERVER=45145, STANDALONE=41113], networkLocation: /default-rack, certSerialId: null, persistedOpState: null, persistedOpStateExpiryEpochSec: 0}c6dbff45-d07e-454c-8dcf-e2e002008729{ip: 10.1.0.209, host: fv-az212-628.zlodpucb4l4udavnfxg5s20dva.cx.internal.cloudapp.net, ports: [REPLICATION=35129, RATIS=38729, RATIS_ADMIN=38729, RATIS_SERVER=38729, STANDALONE=41599], networkLocation: /default-rack, certSerialId: null, persistedOpState: null, persistedOpStateExpiryEpochSec: 0}d46e0485-2442-4c5a-ac53-f23987407338{ip: 10.1.0.209, host: fv-az212-628.zlodpucb4l4udavnfxg5s20dva.cx.internal.cloudapp.net, ports: [REPLICATION=41515, RATIS=36777, RATIS_ADMIN=36777, RATIS_SERVER=36777, STANDALONE=45043], networkLocation: /default-rack, certSerialId: null, persistedOpState: null, persistedOpStateExpiryEpochSec: 0}55b9ea12-5ed0-4563-9b80-74e62ded3c41{ip: 10.1.0.209, host: fv-az212-628.zlodpucb4l4udavnfxg5s20dva.cx.internal.cloudapp.net, ports: [REPLICATION=43057, RATIS=45387, RATIS_ADMIN=45387, RATIS_SERVER=45387, STANDALONE=38317], networkLocation: /default-rack, certSerialId: null, persistedOpState: null, persistedOpStateExpiryEpochSec: 0}, ReplicationConfig: EC/ECReplicationConfig{data=3, parity=2, ecChunkSize=1048576, codec=rs}, State:ALLOCATED, leaderId:, CreationTimestamp2022-10-09T13:08:20.024Z[Etc/UTC]].
2022-10-09 13:08:20,025 [IPC Server handler 11 on default port 36597] INFO  pipeline.PipelineManagerImpl (PipelineManagerImpl.java:openPipeline(367)) - Pipeline Pipeline[ Id: f10085b0-dffd-49c0-9fe9-a9e0ce0c97a7, Nodes: a9de90a3-d1cd-4e8a-97f8-3dbad3d6a22f{ip: 10.1.0.209, host: fv-az212-628.zlodpucb4l4udavnfxg5s20dva.cx.internal.cloudapp.net, ports: [REPLICATION=39993, RATIS=35441, RATIS_ADMIN=35441, RATIS_SERVER=35441, STANDALONE=35451], networkLocation: /default-rack, certSerialId: null, persistedOpState: null, persistedOpStateExpiryEpochSec: 0}09a05a6c-198f-4b32-89f8-427c1b35cd63{ip: 10.1.0.209, host: fv-az212-628.zlodpucb4l4udavnfxg5s20dva.cx.internal.cloudapp.net, ports: [REPLICATION=35103, RATIS=45145, RATIS_ADMIN=45145, RATIS_SERVER=45145, STANDALONE=41113], networkLocation: /default-rack, certSerialId: null, persistedOpState: null, persistedOpStateExpiryEpochSec: 0}c6dbff45-d07e-454c-8dcf-e2e002008729{ip: 10.1.0.209, host: fv-az212-628.zlodpucb4l4udavnfxg5s20dva.cx.internal.cloudapp.net, ports: [REPLICATION=35129, RATIS=38729, RATIS_ADMIN=38729, RATIS_SERVER=38729, STANDALONE=41599], networkLocation: /default-rack, certSerialId: null, persistedOpState: null, persistedOpStateExpiryEpochSec: 0}d46e0485-2442-4c5a-ac53-f23987407338{ip: 10.1.0.209, host: fv-az212-628.zlodpucb4l4udavnfxg5s20dva.cx.internal.cloudapp.net, ports: [REPLICATION=41515, RATIS=36777, RATIS_ADMIN=36777, RATIS_SERVER=36777, STANDALONE=45043], networkLocation: /default-rack, certSerialId: null, persistedOpState: null, persistedOpStateExpiryEpochSec: 0}55b9ea12-5ed0-4563-9b80-74e62ded3c41{ip: 10.1.0.209, host: fv-az212-628.zlodpucb4l4udavnfxg5s20dva.cx.internal.cloudapp.net, ports: [REPLICATION=43057, RATIS=45387, RATIS_ADMIN=45387, RATIS_SERVER=45387, STANDALONE=38317], networkLocation: /default-rack, certSerialId: null, persistedOpState: null, persistedOpStateExpiryEpochSec: 0}, ReplicationConfig: EC/ECReplicationConfig{data=3, parity=2, ecChunkSize=1048576, codec=rs}, State:ALLOCATED, leaderId:, CreationTimestamp2022-10-09T13:08:20.024Z[Etc/UTC]] moved to OPEN state
]]></system-out>
  </testcase>
  <testcase name="testCreateKeyShouldUseRefreshedBucketReplicationConfig" classname="TestOzoneFileSystem" time="0.301">
    <system-out><![CDATA[2022-10-09 13:10:21,989 [Time-limited test] INFO  rpc.RpcClient (RpcClient.java:createVolume(471)) - Creating Volume: volume98215, with user32550 as owner and space quota set to -1 bytes, counts quota set to -1
2022-10-09 13:10:21,992 [IPC Server handler 14 on default port 34869] INFO  volume.OMVolumeCreateRequest (OMVolumeCreateRequest.java:validateAndUpdateCache(195)) - created volume:volume98215 for user:user32550
2022-10-09 13:10:22,004 [Time-limited test] INFO  rpc.RpcClient (RpcClient.java:createBucket(674)) - Creating Bucket: volume98215/bucket63806, with bucket layout LEGACY, runner as owner, Versioning false, Storage Type set to DISK and Encryption set to false 
2022-10-09 13:10:22,007 [IPC Server handler 16 on default port 34869] INFO  bucket.OMBucketCreateRequest (OMBucketCreateRequest.java:validateAndUpdateCache(260)) - created bucket: bucket63806 of layout LEGACY in volume: volume98215
2022-10-09 13:10:22,084 [IPC Server handler 9 on default port 34077] INFO  pipeline.PipelineStateManagerImpl (PipelineStateManagerImpl.java:addPipeline(103)) - Created pipeline Pipeline[ Id: 621f0175-dd1e-462e-b810-f5965deacc67, Nodes: acb33dc2-f09b-4244-82bd-fd30ea1545c9{ip: 10.1.0.209, host: fv-az212-628.zlodpucb4l4udavnfxg5s20dva.cx.internal.cloudapp.net, ports: [REPLICATION=43319, RATIS=46425, RATIS_ADMIN=46425, RATIS_SERVER=46425, STANDALONE=42919], networkLocation: /default-rack, certSerialId: null, persistedOpState: null, persistedOpStateExpiryEpochSec: 0}63d7508a-aae7-47e5-91de-7b918a2106c8{ip: 10.1.0.209, host: fv-az212-628.zlodpucb4l4udavnfxg5s20dva.cx.internal.cloudapp.net, ports: [REPLICATION=35881, RATIS=34509, RATIS_ADMIN=34509, RATIS_SERVER=34509, STANDALONE=42463], networkLocation: /default-rack, certSerialId: null, persistedOpState: null, persistedOpStateExpiryEpochSec: 0}a45a9974-6347-49ca-aefd-c703a3af3a84{ip: 10.1.0.209, host: fv-az212-628.zlodpucb4l4udavnfxg5s20dva.cx.internal.cloudapp.net, ports: [REPLICATION=39625, RATIS=35151, RATIS_ADMIN=35151, RATIS_SERVER=35151, STANDALONE=45685], networkLocation: /default-rack, certSerialId: null, persistedOpState: null, persistedOpStateExpiryEpochSec: 0}50de1ab3-18a1-452d-b023-0fe1bea95e64{ip: 10.1.0.209, host: fv-az212-628.zlodpucb4l4udavnfxg5s20dva.cx.internal.cloudapp.net, ports: [REPLICATION=37969, RATIS=33457, RATIS_ADMIN=33457, RATIS_SERVER=33457, STANDALONE=45047], networkLocation: /default-rack, certSerialId: null, persistedOpState: null, persistedOpStateExpiryEpochSec: 0}315315cf-59ad-45fd-8467-2fb2d1f09000{ip: 10.1.0.209, host: fv-az212-628.zlodpucb4l4udavnfxg5s20dva.cx.internal.cloudapp.net, ports: [REPLICATION=38157, RATIS=43159, RATIS_ADMIN=43159, RATIS_SERVER=43159, STANDALONE=34997], networkLocation: /default-rack, certSerialId: null, persistedOpState: null, persistedOpStateExpiryEpochSec: 0}, ReplicationConfig: EC/ECReplicationConfig{data=3, parity=2, ecChunkSize=1048576, codec=rs}, State:ALLOCATED, leaderId:, CreationTimestamp2022-10-09T13:10:22.084Z[Etc/UTC]].
2022-10-09 13:10:22,085 [IPC Server handler 9 on default port 34077] INFO  pipeline.PipelineManagerImpl (PipelineManagerImpl.java:openPipeline(367)) - Pipeline Pipeline[ Id: 621f0175-dd1e-462e-b810-f5965deacc67, Nodes: acb33dc2-f09b-4244-82bd-fd30ea1545c9{ip: 10.1.0.209, host: fv-az212-628.zlodpucb4l4udavnfxg5s20dva.cx.internal.cloudapp.net, ports: [REPLICATION=43319, RATIS=46425, RATIS_ADMIN=46425, RATIS_SERVER=46425, STANDALONE=42919], networkLocation: /default-rack, certSerialId: null, persistedOpState: null, persistedOpStateExpiryEpochSec: 0}63d7508a-aae7-47e5-91de-7b918a2106c8{ip: 10.1.0.209, host: fv-az212-628.zlodpucb4l4udavnfxg5s20dva.cx.internal.cloudapp.net, ports: [REPLICATION=35881, RATIS=34509, RATIS_ADMIN=34509, RATIS_SERVER=34509, STANDALONE=42463], networkLocation: /default-rack, certSerialId: null, persistedOpState: null, persistedOpStateExpiryEpochSec: 0}a45a9974-6347-49ca-aefd-c703a3af3a84{ip: 10.1.0.209, host: fv-az212-628.zlodpucb4l4udavnfxg5s20dva.cx.internal.cloudapp.net, ports: [REPLICATION=39625, RATIS=35151, RATIS_ADMIN=35151, RATIS_SERVER=35151, STANDALONE=45685], networkLocation: /default-rack, certSerialId: null, persistedOpState: null, persistedOpStateExpiryEpochSec: 0}50de1ab3-18a1-452d-b023-0fe1bea95e64{ip: 10.1.0.209, host: fv-az212-628.zlodpucb4l4udavnfxg5s20dva.cx.internal.cloudapp.net, ports: [REPLICATION=37969, RATIS=33457, RATIS_ADMIN=33457, RATIS_SERVER=33457, STANDALONE=45047], networkLocation: /default-rack, certSerialId: null, persistedOpState: null, persistedOpStateExpiryEpochSec: 0}315315cf-59ad-45fd-8467-2fb2d1f09000{ip: 10.1.0.209, host: fv-az212-628.zlodpucb4l4udavnfxg5s20dva.cx.internal.cloudapp.net, ports: [REPLICATION=38157, RATIS=43159, RATIS_ADMIN=43159, RATIS_SERVER=43159, STANDALONE=34997], networkLocation: /default-rack, certSerialId: null, persistedOpState: null, persistedOpStateExpiryEpochSec: 0}, ReplicationConfig: EC/ECReplicationConfig{data=3, parity=2, ecChunkSize=1048576, codec=rs}, State:ALLOCATED, leaderId:, CreationTimestamp2022-10-09T13:10:22.084Z[Etc/UTC]] moved to OPEN state
2022-10-09 13:10:22,145 [IPC Server handler 14 on default port 34077] INFO  pipeline.PipelineStateManagerImpl (PipelineStateManagerImpl.java:addPipeline(103)) - Created pipeline Pipeline[ Id: 67d44344-ccd4-4e35-bce4-b5ca1e7b2b9d, Nodes: acb33dc2-f09b-4244-82bd-fd30ea1545c9{ip: 10.1.0.209, host: fv-az212-628.zlodpucb4l4udavnfxg5s20dva.cx.internal.cloudapp.net, ports: [REPLICATION=43319, RATIS=46425, RATIS_ADMIN=46425, RATIS_SERVER=46425, STANDALONE=42919], networkLocation: /default-rack, certSerialId: null, persistedOpState: null, persistedOpStateExpiryEpochSec: 0}a45a9974-6347-49ca-aefd-c703a3af3a84{ip: 10.1.0.209, host: fv-az212-628.zlodpucb4l4udavnfxg5s20dva.cx.internal.cloudapp.net, ports: [REPLICATION=39625, RATIS=35151, RATIS_ADMIN=35151, RATIS_SERVER=35151, STANDALONE=45685], networkLocation: /default-rack, certSerialId: null, persistedOpState: null, persistedOpStateExpiryEpochSec: 0}50de1ab3-18a1-452d-b023-0fe1bea95e64{ip: 10.1.0.209, host: fv-az212-628.zlodpucb4l4udavnfxg5s20dva.cx.internal.cloudapp.net, ports: [REPLICATION=37969, RATIS=33457, RATIS_ADMIN=33457, RATIS_SERVER=33457, STANDALONE=45047], networkLocation: /default-rack, certSerialId: null, persistedOpState: null, persistedOpStateExpiryEpochSec: 0}63d7508a-aae7-47e5-91de-7b918a2106c8{ip: 10.1.0.209, host: fv-az212-628.zlodpucb4l4udavnfxg5s20dva.cx.internal.cloudapp.net, ports: [REPLICATION=35881, RATIS=34509, RATIS_ADMIN=34509, RATIS_SERVER=34509, STANDALONE=42463], networkLocation: /default-rack, certSerialId: null, persistedOpState: null, persistedOpStateExpiryEpochSec: 0}315315cf-59ad-45fd-8467-2fb2d1f09000{ip: 10.1.0.209, host: fv-az212-628.zlodpucb4l4udavnfxg5s20dva.cx.internal.cloudapp.net, ports: [REPLICATION=38157, RATIS=43159, RATIS_ADMIN=43159, RATIS_SERVER=43159, STANDALONE=34997], networkLocation: /default-rack, certSerialId: null, persistedOpState: null, persistedOpStateExpiryEpochSec: 0}, ReplicationConfig: EC/ECReplicationConfig{data=3, parity=2, ecChunkSize=1048576, codec=rs}, State:ALLOCATED, leaderId:, CreationTimestamp2022-10-09T13:10:22.145Z[Etc/UTC]].
2022-10-09 13:10:22,146 [IPC Server handler 14 on default port 34077] INFO  pipeline.PipelineManagerImpl (PipelineManagerImpl.java:openPipeline(367)) - Pipeline Pipeline[ Id: 67d44344-ccd4-4e35-bce4-b5ca1e7b2b9d, Nodes: acb33dc2-f09b-4244-82bd-fd30ea1545c9{ip: 10.1.0.209, host: fv-az212-628.zlodpucb4l4udavnfxg5s20dva.cx.internal.cloudapp.net, ports: [REPLICATION=43319, RATIS=46425, RATIS_ADMIN=46425, RATIS_SERVER=46425, STANDALONE=42919], networkLocation: /default-rack, certSerialId: null, persistedOpState: null, persistedOpStateExpiryEpochSec: 0}a45a9974-6347-49ca-aefd-c703a3af3a84{ip: 10.1.0.209, host: fv-az212-628.zlodpucb4l4udavnfxg5s20dva.cx.internal.cloudapp.net, ports: [REPLICATION=39625, RATIS=35151, RATIS_ADMIN=35151, RATIS_SERVER=35151, STANDALONE=45685], networkLocation: /default-rack, certSerialId: null, persistedOpState: null, persistedOpStateExpiryEpochSec: 0}50de1ab3-18a1-452d-b023-0fe1bea95e64{ip: 10.1.0.209, host: fv-az212-628.zlodpucb4l4udavnfxg5s20dva.cx.internal.cloudapp.net, ports: [REPLICATION=37969, RATIS=33457, RATIS_ADMIN=33457, RATIS_SERVER=33457, STANDALONE=45047], networkLocation: /default-rack, certSerialId: null, persistedOpState: null, persistedOpStateExpiryEpochSec: 0}63d7508a-aae7-47e5-91de-7b918a2106c8{ip: 10.1.0.209, host: fv-az212-628.zlodpucb4l4udavnfxg5s20dva.cx.internal.cloudapp.net, ports: [REPLICATION=35881, RATIS=34509, RATIS_ADMIN=34509, RATIS_SERVER=34509, STANDALONE=42463], networkLocation: /default-rack, certSerialId: null, persistedOpState: null, persistedOpStateExpiryEpochSec: 0}315315cf-59ad-45fd-8467-2fb2d1f09000{ip: 10.1.0.209, host: fv-az212-628.zlodpucb4l4udavnfxg5s20dva.cx.internal.cloudapp.net, ports: [REPLICATION=38157, RATIS=43159, RATIS_ADMIN=43159, RATIS_SERVER=43159, STANDALONE=34997], networkLocation: /default-rack, certSerialId: null, persistedOpState: null, persistedOpStateExpiryEpochSec: 0}, ReplicationConfig: EC/ECReplicationConfig{data=3, parity=2, ecChunkSize=1048576, codec=rs}, State:ALLOCATED, leaderId:, CreationTimestamp2022-10-09T13:10:22.145Z[Etc/UTC]] moved to OPEN state
]]></system-out>
  </testcase>
  <testcase name="testListStatusIteratorOnRoot" classname="TestOzoneFileSystem" time="0.025"/>
  <testcase name="testListStatusIteratorOnRoot" classname="TestOzoneFileSystem" time="0.036"/>
  <testcase name="testListStatusIteratorOnRoot" classname="TestOzoneFileSystem" time="0.039"/>
  <testcase name="testListStatusIteratorOnRoot" classname="TestOzoneFileSystem" time="0.058"/>
  <testcase name="testRenameDirToFile" classname="TestOzoneFileSystem" time="0.027">
    <system-out><![CDATA[2022-10-09 13:04:57,505 [Time-limited test] WARN  ozone.BasicOzoneFileSystem (BasicOzoneFileSystem.java:rename(396)) - Failed to rename o3fs://bucket60014.volume94578/a/b/c to o3fs://bucket60014.volume94578/root/file1, file already exists!
]]></system-out>
  </testcase>
  <testcase name="testRenameDirToFile" classname="TestOzoneFileSystem" time="0.033">
    <system-out><![CDATA[2022-10-09 13:06:27,581 [Time-limited test] WARN  ozone.BasicOzoneFileSystem (BasicOzoneFileSystem.java:rename(396)) - Failed to rename o3fs://bucket85504.volume66281/a/b/c to o3fs://bucket85504.volume66281/root/file1, file already exists!
]]></system-out>
  </testcase>
  <testcase name="testRenameDirToFile" classname="TestOzoneFileSystem" time="0.041">
    <system-out><![CDATA[2022-10-09 13:08:20,155 [Time-limited test] WARN  ozone.BasicOzoneFileSystem (BasicOzoneFileSystem.java:rename(396)) - Failed to rename o3fs://bucket11878.volume52841/a/b/c to o3fs://bucket11878.volume52841/root/file1, file already exists!
]]></system-out>
  </testcase>
  <testcase name="testRenameDirToFile" classname="TestOzoneFileSystem" time="0.05">
    <system-out><![CDATA[2022-10-09 13:10:22,299 [Time-limited test] WARN  ozone.BasicOzoneFileSystem (BasicOzoneFileSystem.java:rename(396)) - Failed to rename o3fs://bucket90791.volume25253/a/b/c to o3fs://bucket90791.volume25253/root/file1, file already exists!
]]></system-out>
  </testcase>
  <testcase name="testRenameToNewSubDirShouldNotExist" classname="TestOzoneFileSystem" time="0.039">
    <system-out><![CDATA[2022-10-09 13:04:57,528 [Time-limited test] WARN  ozone.BasicOzoneFileSystem (BasicOzoneFileSystem.java:rename(390)) - Failed to rename o3fs://bucket60014.volume94578/a to o3fs://bucket60014.volume94578/b/a, file already exists or not empty!
2022-10-09 13:04:57,544 [Time-limited test] WARN  ozone.BasicOzoneFileSystem (BasicOzoneFileSystem.java:rename(390)) - Failed to rename o3fs://bucket60014.volume94578/file1 to o3fs://bucket60014.volume94578/a/file1, file already exists or not empty!
]]></system-out>
  </testcase>
  <testcase name="testRenameToNewSubDirShouldNotExist" classname="TestOzoneFileSystem" time="0.04">
    <system-out><![CDATA[2022-10-09 13:06:27,602 [Time-limited test] WARN  ozone.BasicOzoneFileSystem (BasicOzoneFileSystem.java:rename(390)) - Failed to rename o3fs://bucket85504.volume66281/a to o3fs://bucket85504.volume66281/b/a, file already exists or not empty!
2022-10-09 13:06:27,618 [Time-limited test] WARN  ozone.BasicOzoneFileSystem (BasicOzoneFileSystem.java:rename(390)) - Failed to rename o3fs://bucket85504.volume66281/file1 to o3fs://bucket85504.volume66281/a/file1, file already exists or not empty!
]]></system-out>
  </testcase>
  <testcase name="testRenameToNewSubDirShouldNotExist" classname="TestOzoneFileSystem" time="0.065">
    <system-out><![CDATA[2022-10-09 13:08:20,200 [Time-limited test] WARN  ozone.BasicOzoneFileSystem (BasicOzoneFileSystem.java:rename(390)) - Failed to rename o3fs://bucket11878.volume52841/a to o3fs://bucket11878.volume52841/b/a, file already exists or not empty!
2022-10-09 13:08:20,219 [Time-limited test] WARN  ozone.BasicOzoneFileSystem (BasicOzoneFileSystem.java:rename(390)) - Failed to rename o3fs://bucket11878.volume52841/file1 to o3fs://bucket11878.volume52841/a/file1, file already exists or not empty!
]]></system-out>
  </testcase>
  <testcase name="testRenameToNewSubDirShouldNotExist" classname="TestOzoneFileSystem" time="0.044">
    <system-out><![CDATA[2022-10-09 13:10:22,329 [Time-limited test] WARN  ozone.BasicOzoneFileSystem (BasicOzoneFileSystem.java:rename(390)) - Failed to rename o3fs://bucket90791.volume25253/a to o3fs://bucket90791.volume25253/b/a, file already exists or not empty!
2022-10-09 13:10:22,348 [Time-limited test] WARN  ozone.BasicOzoneFileSystem (BasicOzoneFileSystem.java:rename(390)) - Failed to rename o3fs://bucket90791.volume25253/file1 to o3fs://bucket90791.volume25253/a/file1, file already exists or not empty!
]]></system-out>
  </testcase>
  <testcase name="testListStatusOnLargeDirectoryForACLCheck" classname="TestOzoneFileSystem" time="2.111">
    <system-out><![CDATA[2022-10-09 13:04:59,635 [om1-client-thread1] INFO  segmented.SegmentedRaftLogWorker (SegmentedRaftLogWorker.java:rollLogSegment(430)) - om1@group-C5BA1605619E-SegmentedRaftLogWorker: Rolling segment log-0_36922 to index:36922
2022-10-09 13:04:59,637 [om1@group-C5BA1605619E-SegmentedRaftLogWorker] INFO  segmented.SegmentedRaftLogWorker (SegmentedRaftLogWorker.java:execute(586)) - om1@group-C5BA1605619E-SegmentedRaftLogWorker: Rolled log segment from /home/runner/work/ozone/ozone/hadoop-ozone/integration-test/target/test-dir/MiniOzoneClusterImpl-6b6317f5-37ef-4289-9029-d6045239d9e9/ozone-meta/ratis/bf265839-605b-3f16-9796-c5ba1605619e/current/log_inprogress_0 to /home/runner/work/ozone/ozone/hadoop-ozone/integration-test/target/test-dir/MiniOzoneClusterImpl-6b6317f5-37ef-4289-9029-d6045239d9e9/ozone-meta/ratis/bf265839-605b-3f16-9796-c5ba1605619e/current/log_0-36922
2022-10-09 13:04:59,647 [om1@group-C5BA1605619E-SegmentedRaftLogWorker] INFO  segmented.SegmentedRaftLogWorker (SegmentedRaftLogWorker.java:execute(629)) - om1@group-C5BA1605619E-SegmentedRaftLogWorker: created new log segment /home/runner/work/ozone/ozone/hadoop-ozone/integration-test/target/test-dir/MiniOzoneClusterImpl-6b6317f5-37ef-4289-9029-d6045239d9e9/ozone-meta/ratis/bf265839-605b-3f16-9796-c5ba1605619e/current/log_inprogress_36923
]]></system-out>
  </testcase>
  <testcase name="testListStatusOnLargeDirectoryForACLCheck" classname="TestOzoneFileSystem" time="2.365"/>
  <testcase name="testListStatusOnLargeDirectoryForACLCheck" classname="TestOzoneFileSystem" time="3.494">
    <system-out><![CDATA[2022-10-09 13:08:23,643 [om1-client-thread1] INFO  segmented.SegmentedRaftLogWorker (SegmentedRaftLogWorker.java:rollLogSegment(430)) - om1@group-C5BA1605619E-SegmentedRaftLogWorker: Rolling segment log-0_36896 to index:36896
2022-10-09 13:08:23,644 [om1@group-C5BA1605619E-SegmentedRaftLogWorker] INFO  segmented.SegmentedRaftLogWorker (SegmentedRaftLogWorker.java:execute(586)) - om1@group-C5BA1605619E-SegmentedRaftLogWorker: Rolled log segment from /home/runner/work/ozone/ozone/hadoop-ozone/integration-test/target/test-dir/MiniOzoneClusterImpl-9128138f-083a-4137-a9cb-d58212e00964/ozone-meta/ratis/bf265839-605b-3f16-9796-c5ba1605619e/current/log_inprogress_0 to /home/runner/work/ozone/ozone/hadoop-ozone/integration-test/target/test-dir/MiniOzoneClusterImpl-9128138f-083a-4137-a9cb-d58212e00964/ozone-meta/ratis/bf265839-605b-3f16-9796-c5ba1605619e/current/log_0-36896
2022-10-09 13:08:23,657 [om1@group-C5BA1605619E-SegmentedRaftLogWorker] INFO  segmented.SegmentedRaftLogWorker (SegmentedRaftLogWorker.java:execute(629)) - om1@group-C5BA1605619E-SegmentedRaftLogWorker: created new log segment /home/runner/work/ozone/ozone/hadoop-ozone/integration-test/target/test-dir/MiniOzoneClusterImpl-9128138f-083a-4137-a9cb-d58212e00964/ozone-meta/ratis/bf265839-605b-3f16-9796-c5ba1605619e/current/log_inprogress_36897
]]></system-out>
  </testcase>
  <testcase name="testListStatusOnLargeDirectoryForACLCheck" classname="TestOzoneFileSystem" time="2.573"/>
  <testcase name="testRenameFileToDir" classname="TestOzoneFileSystem" time="0.044">
    <system-out><![CDATA[13:04:59.690 [IPC Server handler 0 on default port 37457] ERROR OMAudit - user=runner | ip=127.0.0.1 | op=LIST_STATUS {volume=volume94578, bucket=bucket60014, key=a/b/c/file1, dataSize=0, replicationConfig=null} | ret=FAILURE
org.apache.hadoop.ozone.om.exceptions.OMException: Unable to get file status: volume: volume94578 bucket: bucket60014 key: a/b/c/file1
	at org.apache.hadoop.ozone.om.KeyManagerImpl.getOzoneFileStatus(KeyManagerImpl.java:1270) ~[ozone-manager-1.3.0-SNAPSHOT.jar:?]
	at org.apache.hadoop.ozone.om.KeyManagerImpl.getFileStatus(KeyManagerImpl.java:1200) ~[ozone-manager-1.3.0-SNAPSHOT.jar:?]
	at org.apache.hadoop.ozone.om.KeyManagerImpl.listStatus(KeyManagerImpl.java:1518) ~[ozone-manager-1.3.0-SNAPSHOT.jar:?]
	at org.apache.hadoop.ozone.om.OzoneManager.listStatus(OzoneManager.java:3585) ~[ozone-manager-1.3.0-SNAPSHOT.jar:?]
	at org.apache.hadoop.ozone.protocolPB.OzoneManagerRequestHandler.listStatus(OzoneManagerRequestHandler.java:1072) ~[ozone-manager-1.3.0-SNAPSHOT.jar:?]
	at org.apache.hadoop.ozone.protocolPB.OzoneManagerRequestHandler.handleReadRequest(OzoneManagerRequestHandler.java:239) ~[ozone-manager-1.3.0-SNAPSHOT.jar:?]
	at org.apache.hadoop.ozone.protocolPB.OzoneManagerProtocolServerSideTranslatorPB.submitReadRequestToOM(OzoneManagerProtocolServerSideTranslatorPB.java:226) ~[ozone-manager-1.3.0-SNAPSHOT.jar:?]
	at org.apache.hadoop.ozone.protocolPB.OzoneManagerProtocolServerSideTranslatorPB.processRequest(OzoneManagerProtocolServerSideTranslatorPB.java:175) ~[ozone-manager-1.3.0-SNAPSHOT.jar:?]
	at org.apache.hadoop.hdds.server.OzoneProtocolMessageDispatcher.processRequest(OzoneProtocolMessageDispatcher.java:87) [hdds-server-framework-1.3.0-SNAPSHOT.jar:?]
	at org.apache.hadoop.ozone.protocolPB.OzoneManagerProtocolServerSideTranslatorPB.submitRequest(OzoneManagerProtocolServerSideTranslatorPB.java:147) [ozone-manager-1.3.0-SNAPSHOT.jar:?]
	at org.apache.hadoop.ozone.protocol.proto.OzoneManagerProtocolProtos$OzoneManagerService$2.callBlockingMethod(OzoneManagerProtocolProtos.java) [ozone-interface-client-1.3.0-SNAPSHOT.jar:?]
	at org.apache.hadoop.ipc.ProtobufRpcEngine$Server.processCall(ProtobufRpcEngine.java:466) [hadoop-common-3.3.1.jar:?]
	at org.apache.hadoop.ipc.ProtobufRpcEngine2$Server$ProtoBufRpcInvoker.call(ProtobufRpcEngine2.java:574) [hadoop-common-3.3.1.jar:?]
	at org.apache.hadoop.ipc.ProtobufRpcEngine2$Server$ProtoBufRpcInvoker.call(ProtobufRpcEngine2.java:552) [hadoop-common-3.3.1.jar:?]
	at org.apache.hadoop.ipc.RPC$Server.call(RPC.java:1093) [hadoop-common-3.3.1.jar:?]
	at org.apache.hadoop.ipc.Server$RpcCall.run(Server.java:1035) [hadoop-common-3.3.1.jar:?]
	at org.apache.hadoop.ipc.Server$RpcCall.run(Server.java:963) [hadoop-common-3.3.1.jar:?]
	at java.security.AccessController.doPrivileged(Native Method) ~[?:1.8.0_345]
	at javax.security.auth.Subject.doAs(Subject.java:422) [?:1.8.0_345]
	at org.apache.hadoop.security.UserGroupInformation.doAs(UserGroupInformation.java:1878) [hadoop-common-3.3.1.jar:?]
	at org.apache.hadoop.ipc.Server$Handler.run(Server.java:2966) [hadoop-common-3.3.1.jar:?]
]]></system-out>
  </testcase>
  <testcase name="testRenameFileToDir" classname="TestOzoneFileSystem" time="0.062">
    <system-out><![CDATA[13:06:30.036 [IPC Server handler 5 on default port 44209] ERROR OMAudit - user=runner | ip=127.0.0.1 | op=LIST_STATUS {volume=volume66281, bucket=bucket85504, key=a/b/c/file1, dataSize=0, replicationConfig=null} | ret=FAILURE
org.apache.hadoop.ozone.om.exceptions.OMException: Unable to get file status: volume: volume66281 bucket: bucket85504 key: a/b/c/file1
	at org.apache.hadoop.ozone.om.KeyManagerImpl.getOzoneFileStatus(KeyManagerImpl.java:1270) ~[ozone-manager-1.3.0-SNAPSHOT.jar:?]
	at org.apache.hadoop.ozone.om.KeyManagerImpl.getFileStatus(KeyManagerImpl.java:1200) ~[ozone-manager-1.3.0-SNAPSHOT.jar:?]
	at org.apache.hadoop.ozone.om.KeyManagerImpl.listStatus(KeyManagerImpl.java:1518) ~[ozone-manager-1.3.0-SNAPSHOT.jar:?]
	at org.apache.hadoop.ozone.om.OzoneManager.listStatus(OzoneManager.java:3585) ~[ozone-manager-1.3.0-SNAPSHOT.jar:?]
	at org.apache.hadoop.ozone.protocolPB.OzoneManagerRequestHandler.listStatus(OzoneManagerRequestHandler.java:1072) ~[ozone-manager-1.3.0-SNAPSHOT.jar:?]
	at org.apache.hadoop.ozone.protocolPB.OzoneManagerRequestHandler.handleReadRequest(OzoneManagerRequestHandler.java:239) ~[ozone-manager-1.3.0-SNAPSHOT.jar:?]
	at org.apache.hadoop.ozone.protocolPB.OzoneManagerProtocolServerSideTranslatorPB.submitRequestDirectlyToOM(OzoneManagerProtocolServerSideTranslatorPB.java:276) ~[ozone-manager-1.3.0-SNAPSHOT.jar:?]
	at org.apache.hadoop.ozone.protocolPB.OzoneManagerProtocolServerSideTranslatorPB.processRequest(OzoneManagerProtocolServerSideTranslatorPB.java:205) ~[ozone-manager-1.3.0-SNAPSHOT.jar:?]
	at org.apache.hadoop.hdds.server.OzoneProtocolMessageDispatcher.processRequest(OzoneProtocolMessageDispatcher.java:87) [hdds-server-framework-1.3.0-SNAPSHOT.jar:?]
	at org.apache.hadoop.ozone.protocolPB.OzoneManagerProtocolServerSideTranslatorPB.submitRequest(OzoneManagerProtocolServerSideTranslatorPB.java:147) [ozone-manager-1.3.0-SNAPSHOT.jar:?]
	at org.apache.hadoop.ozone.protocol.proto.OzoneManagerProtocolProtos$OzoneManagerService$2.callBlockingMethod(OzoneManagerProtocolProtos.java) [ozone-interface-client-1.3.0-SNAPSHOT.jar:?]
	at org.apache.hadoop.ipc.ProtobufRpcEngine$Server.processCall(ProtobufRpcEngine.java:466) [hadoop-common-3.3.1.jar:?]
	at org.apache.hadoop.ipc.ProtobufRpcEngine2$Server$ProtoBufRpcInvoker.call(ProtobufRpcEngine2.java:574) [hadoop-common-3.3.1.jar:?]
	at org.apache.hadoop.ipc.ProtobufRpcEngine2$Server$ProtoBufRpcInvoker.call(ProtobufRpcEngine2.java:552) [hadoop-common-3.3.1.jar:?]
	at org.apache.hadoop.ipc.RPC$Server.call(RPC.java:1093) [hadoop-common-3.3.1.jar:?]
	at org.apache.hadoop.ipc.Server$RpcCall.run(Server.java:1035) [hadoop-common-3.3.1.jar:?]
	at org.apache.hadoop.ipc.Server$RpcCall.run(Server.java:963) [hadoop-common-3.3.1.jar:?]
	at java.security.AccessController.doPrivileged(Native Method) ~[?:1.8.0_345]
	at javax.security.auth.Subject.doAs(Subject.java:422) [?:1.8.0_345]
	at org.apache.hadoop.security.UserGroupInformation.doAs(UserGroupInformation.java:1878) [hadoop-common-3.3.1.jar:?]
	at org.apache.hadoop.ipc.Server$Handler.run(Server.java:2966) [hadoop-common-3.3.1.jar:?]
]]></system-out>
  </testcase>
  <testcase name="testRenameFileToDir" classname="TestOzoneFileSystem" time="0.066">
    <system-out><![CDATA[13:08:23.767 [IPC Server handler 14 on default port 33359] ERROR OMAudit - user=runner | ip=127.0.0.1 | op=LIST_STATUS {volume=volume52841, bucket=bucket11878, key=a/b/c/file1, dataSize=0, replicationConfig=null} | ret=FAILURE
org.apache.hadoop.ozone.om.exceptions.OMException: Unable to get file status: volume: volume52841 bucket: bucket11878 key: a/b/c/file1
	at org.apache.hadoop.ozone.om.KeyManagerImpl.getOzoneFileStatus(KeyManagerImpl.java:1270) ~[ozone-manager-1.3.0-SNAPSHOT.jar:?]
	at org.apache.hadoop.ozone.om.KeyManagerImpl.getFileStatus(KeyManagerImpl.java:1200) ~[ozone-manager-1.3.0-SNAPSHOT.jar:?]
	at org.apache.hadoop.ozone.om.KeyManagerImpl.listStatus(KeyManagerImpl.java:1518) ~[ozone-manager-1.3.0-SNAPSHOT.jar:?]
	at org.apache.hadoop.ozone.om.OzoneManager.listStatus(OzoneManager.java:3585) ~[ozone-manager-1.3.0-SNAPSHOT.jar:?]
	at org.apache.hadoop.ozone.protocolPB.OzoneManagerRequestHandler.listStatus(OzoneManagerRequestHandler.java:1072) ~[ozone-manager-1.3.0-SNAPSHOT.jar:?]
	at org.apache.hadoop.ozone.protocolPB.OzoneManagerRequestHandler.handleReadRequest(OzoneManagerRequestHandler.java:239) ~[ozone-manager-1.3.0-SNAPSHOT.jar:?]
	at org.apache.hadoop.ozone.protocolPB.OzoneManagerProtocolServerSideTranslatorPB.submitReadRequestToOM(OzoneManagerProtocolServerSideTranslatorPB.java:226) ~[ozone-manager-1.3.0-SNAPSHOT.jar:?]
	at org.apache.hadoop.ozone.protocolPB.OzoneManagerProtocolServerSideTranslatorPB.processRequest(OzoneManagerProtocolServerSideTranslatorPB.java:175) ~[ozone-manager-1.3.0-SNAPSHOT.jar:?]
	at org.apache.hadoop.hdds.server.OzoneProtocolMessageDispatcher.processRequest(OzoneProtocolMessageDispatcher.java:87) [hdds-server-framework-1.3.0-SNAPSHOT.jar:?]
	at org.apache.hadoop.ozone.protocolPB.OzoneManagerProtocolServerSideTranslatorPB.submitRequest(OzoneManagerProtocolServerSideTranslatorPB.java:147) [ozone-manager-1.3.0-SNAPSHOT.jar:?]
	at org.apache.hadoop.ozone.protocol.proto.OzoneManagerProtocolProtos$OzoneManagerService$2.callBlockingMethod(OzoneManagerProtocolProtos.java) [ozone-interface-client-1.3.0-SNAPSHOT.jar:?]
	at org.apache.hadoop.ipc.ProtobufRpcEngine$Server.processCall(ProtobufRpcEngine.java:466) [hadoop-common-3.3.1.jar:?]
	at org.apache.hadoop.ipc.ProtobufRpcEngine2$Server$ProtoBufRpcInvoker.call(ProtobufRpcEngine2.java:574) [hadoop-common-3.3.1.jar:?]
	at org.apache.hadoop.ipc.ProtobufRpcEngine2$Server$ProtoBufRpcInvoker.call(ProtobufRpcEngine2.java:552) [hadoop-common-3.3.1.jar:?]
	at org.apache.hadoop.ipc.RPC$Server.call(RPC.java:1093) [hadoop-common-3.3.1.jar:?]
	at org.apache.hadoop.ipc.Server$RpcCall.run(Server.java:1035) [hadoop-common-3.3.1.jar:?]
	at org.apache.hadoop.ipc.Server$RpcCall.run(Server.java:963) [hadoop-common-3.3.1.jar:?]
	at java.security.AccessController.doPrivileged(Native Method) ~[?:1.8.0_345]
	at javax.security.auth.Subject.doAs(Subject.java:422) [?:1.8.0_345]
	at org.apache.hadoop.security.UserGroupInformation.doAs(UserGroupInformation.java:1878) [hadoop-common-3.3.1.jar:?]
	at org.apache.hadoop.ipc.Server$Handler.run(Server.java:2966) [hadoop-common-3.3.1.jar:?]
]]></system-out>
  </testcase>
  <testcase name="testRenameFileToDir" classname="TestOzoneFileSystem" time="0.075">
    <system-out><![CDATA[13:10:24.958 [IPC Server handler 16 on default port 34869] ERROR OMAudit - user=runner | ip=127.0.0.1 | op=LIST_STATUS {volume=volume25253, bucket=bucket90791, key=a/b/c/file1, dataSize=0, replicationConfig=null} | ret=FAILURE
org.apache.hadoop.ozone.om.exceptions.OMException: Unable to get file status: volume: volume25253 bucket: bucket90791 key: a/b/c/file1
	at org.apache.hadoop.ozone.om.KeyManagerImpl.getOzoneFileStatus(KeyManagerImpl.java:1270) ~[ozone-manager-1.3.0-SNAPSHOT.jar:?]
	at org.apache.hadoop.ozone.om.KeyManagerImpl.getFileStatus(KeyManagerImpl.java:1200) ~[ozone-manager-1.3.0-SNAPSHOT.jar:?]
	at org.apache.hadoop.ozone.om.KeyManagerImpl.listStatus(KeyManagerImpl.java:1518) ~[ozone-manager-1.3.0-SNAPSHOT.jar:?]
	at org.apache.hadoop.ozone.om.OzoneManager.listStatus(OzoneManager.java:3585) ~[ozone-manager-1.3.0-SNAPSHOT.jar:?]
	at org.apache.hadoop.ozone.protocolPB.OzoneManagerRequestHandler.listStatus(OzoneManagerRequestHandler.java:1072) ~[ozone-manager-1.3.0-SNAPSHOT.jar:?]
	at org.apache.hadoop.ozone.protocolPB.OzoneManagerRequestHandler.handleReadRequest(OzoneManagerRequestHandler.java:239) ~[ozone-manager-1.3.0-SNAPSHOT.jar:?]
	at org.apache.hadoop.ozone.protocolPB.OzoneManagerProtocolServerSideTranslatorPB.submitRequestDirectlyToOM(OzoneManagerProtocolServerSideTranslatorPB.java:276) ~[ozone-manager-1.3.0-SNAPSHOT.jar:?]
	at org.apache.hadoop.ozone.protocolPB.OzoneManagerProtocolServerSideTranslatorPB.processRequest(OzoneManagerProtocolServerSideTranslatorPB.java:205) ~[ozone-manager-1.3.0-SNAPSHOT.jar:?]
	at org.apache.hadoop.hdds.server.OzoneProtocolMessageDispatcher.processRequest(OzoneProtocolMessageDispatcher.java:87) [hdds-server-framework-1.3.0-SNAPSHOT.jar:?]
	at org.apache.hadoop.ozone.protocolPB.OzoneManagerProtocolServerSideTranslatorPB.submitRequest(OzoneManagerProtocolServerSideTranslatorPB.java:147) [ozone-manager-1.3.0-SNAPSHOT.jar:?]
	at org.apache.hadoop.ozone.protocol.proto.OzoneManagerProtocolProtos$OzoneManagerService$2.callBlockingMethod(OzoneManagerProtocolProtos.java) [ozone-interface-client-1.3.0-SNAPSHOT.jar:?]
	at org.apache.hadoop.ipc.ProtobufRpcEngine$Server.processCall(ProtobufRpcEngine.java:466) [hadoop-common-3.3.1.jar:?]
	at org.apache.hadoop.ipc.ProtobufRpcEngine2$Server$ProtoBufRpcInvoker.call(ProtobufRpcEngine2.java:574) [hadoop-common-3.3.1.jar:?]
	at org.apache.hadoop.ipc.ProtobufRpcEngine2$Server$ProtoBufRpcInvoker.call(ProtobufRpcEngine2.java:552) [hadoop-common-3.3.1.jar:?]
	at org.apache.hadoop.ipc.RPC$Server.call(RPC.java:1093) [hadoop-common-3.3.1.jar:?]
	at org.apache.hadoop.ipc.Server$RpcCall.run(Server.java:1035) [hadoop-common-3.3.1.jar:?]
	at org.apache.hadoop.ipc.Server$RpcCall.run(Server.java:963) [hadoop-common-3.3.1.jar:?]
	at java.security.AccessController.doPrivileged(Native Method) ~[?:1.8.0_345]
	at javax.security.auth.Subject.doAs(Subject.java:422) [?:1.8.0_345]
	at org.apache.hadoop.security.UserGroupInformation.doAs(UserGroupInformation.java:1878) [hadoop-common-3.3.1.jar:?]
	at org.apache.hadoop.ipc.Server$Handler.run(Server.java:2966) [hadoop-common-3.3.1.jar:?]
]]></system-out>
  </testcase>
  <testcase name="testListStatusWithIntermediateDirWithECEnabled" classname="TestOzoneFileSystem" time="0.029">
    <system-out><![CDATA[2022-10-09 13:04:59,717 [IPC Server handler 16 on default port 38953] INFO  pipeline.PipelineStateManagerImpl (PipelineStateManagerImpl.java:addPipeline(103)) - Created pipeline Pipeline[ Id: 7a4e0b0d-56cd-4d8b-96bb-24533514be38, Nodes: e5f66691-da51-4e4f-9357-5009f52741ee{ip: 10.1.0.209, host: fv-az212-628.zlodpucb4l4udavnfxg5s20dva.cx.internal.cloudapp.net, ports: [REPLICATION=36845, RATIS=46869, RATIS_ADMIN=46869, RATIS_SERVER=46869, STANDALONE=39337], networkLocation: /default-rack, certSerialId: null, persistedOpState: null, persistedOpStateExpiryEpochSec: 0}35fd77c5-1f23-44b5-b15d-a7cf87b6731e{ip: 10.1.0.209, host: fv-az212-628.zlodpucb4l4udavnfxg5s20dva.cx.internal.cloudapp.net, ports: [REPLICATION=39267, RATIS=41389, RATIS_ADMIN=41389, RATIS_SERVER=41389, STANDALONE=43509], networkLocation: /default-rack, certSerialId: null, persistedOpState: null, persistedOpStateExpiryEpochSec: 0}2db59515-9e3b-4889-b4e8-582beecf5a37{ip: 10.1.0.209, host: fv-az212-628.zlodpucb4l4udavnfxg5s20dva.cx.internal.cloudapp.net, ports: [REPLICATION=34601, RATIS=43077, RATIS_ADMIN=43077, RATIS_SERVER=43077, STANDALONE=44769], networkLocation: /default-rack, certSerialId: null, persistedOpState: null, persistedOpStateExpiryEpochSec: 0}b3799363-510b-4b0d-b719-e4308f1034ba{ip: 10.1.0.209, host: fv-az212-628.zlodpucb4l4udavnfxg5s20dva.cx.internal.cloudapp.net, ports: [REPLICATION=35525, RATIS=41135, RATIS_ADMIN=41135, RATIS_SERVER=41135, STANDALONE=38609], networkLocation: /default-rack, certSerialId: null, persistedOpState: null, persistedOpStateExpiryEpochSec: 0}1b6ed2ab-cf30-442c-a8fc-fc354f6c4d2f{ip: 10.1.0.209, host: fv-az212-628.zlodpucb4l4udavnfxg5s20dva.cx.internal.cloudapp.net, ports: [REPLICATION=33479, RATIS=41789, RATIS_ADMIN=41789, RATIS_SERVER=41789, STANDALONE=40861], networkLocation: /default-rack, certSerialId: null, persistedOpState: null, persistedOpStateExpiryEpochSec: 0}, ReplicationConfig: EC/ECReplicationConfig{data=3, parity=2, ecChunkSize=1048576, codec=rs}, State:ALLOCATED, leaderId:, CreationTimestamp2022-10-09T13:04:59.717Z[Etc/UTC]].
2022-10-09 13:04:59,719 [IPC Server handler 16 on default port 38953] INFO  pipeline.PipelineManagerImpl (PipelineManagerImpl.java:openPipeline(367)) - Pipeline Pipeline[ Id: 7a4e0b0d-56cd-4d8b-96bb-24533514be38, Nodes: e5f66691-da51-4e4f-9357-5009f52741ee{ip: 10.1.0.209, host: fv-az212-628.zlodpucb4l4udavnfxg5s20dva.cx.internal.cloudapp.net, ports: [REPLICATION=36845, RATIS=46869, RATIS_ADMIN=46869, RATIS_SERVER=46869, STANDALONE=39337], networkLocation: /default-rack, certSerialId: null, persistedOpState: null, persistedOpStateExpiryEpochSec: 0}35fd77c5-1f23-44b5-b15d-a7cf87b6731e{ip: 10.1.0.209, host: fv-az212-628.zlodpucb4l4udavnfxg5s20dva.cx.internal.cloudapp.net, ports: [REPLICATION=39267, RATIS=41389, RATIS_ADMIN=41389, RATIS_SERVER=41389, STANDALONE=43509], networkLocation: /default-rack, certSerialId: null, persistedOpState: null, persistedOpStateExpiryEpochSec: 0}2db59515-9e3b-4889-b4e8-582beecf5a37{ip: 10.1.0.209, host: fv-az212-628.zlodpucb4l4udavnfxg5s20dva.cx.internal.cloudapp.net, ports: [REPLICATION=34601, RATIS=43077, RATIS_ADMIN=43077, RATIS_SERVER=43077, STANDALONE=44769], networkLocation: /default-rack, certSerialId: null, persistedOpState: null, persistedOpStateExpiryEpochSec: 0}b3799363-510b-4b0d-b719-e4308f1034ba{ip: 10.1.0.209, host: fv-az212-628.zlodpucb4l4udavnfxg5s20dva.cx.internal.cloudapp.net, ports: [REPLICATION=35525, RATIS=41135, RATIS_ADMIN=41135, RATIS_SERVER=41135, STANDALONE=38609], networkLocation: /default-rack, certSerialId: null, persistedOpState: null, persistedOpStateExpiryEpochSec: 0}1b6ed2ab-cf30-442c-a8fc-fc354f6c4d2f{ip: 10.1.0.209, host: fv-az212-628.zlodpucb4l4udavnfxg5s20dva.cx.internal.cloudapp.net, ports: [REPLICATION=33479, RATIS=41789, RATIS_ADMIN=41789, RATIS_SERVER=41789, STANDALONE=40861], networkLocation: /default-rack, certSerialId: null, persistedOpState: null, persistedOpStateExpiryEpochSec: 0}, ReplicationConfig: EC/ECReplicationConfig{data=3, parity=2, ecChunkSize=1048576, codec=rs}, State:ALLOCATED, leaderId:, CreationTimestamp2022-10-09T13:04:59.717Z[Etc/UTC]] moved to OPEN state
]]></system-out>
  </testcase>
  <testcase name="testListStatusWithIntermediateDirWithECEnabled" classname="TestOzoneFileSystem" time="0.034">
    <system-out><![CDATA[2022-10-09 13:06:30,069 [IPC Server handler 4 on default port 34237] INFO  pipeline.PipelineStateManagerImpl (PipelineStateManagerImpl.java:addPipeline(103)) - Created pipeline Pipeline[ Id: 81ec6939-39af-4773-963d-850552866ea8, Nodes: 864752fb-4a03-48f8-92e4-9b272ebf5ecd{ip: 10.1.0.209, host: fv-az212-628.zlodpucb4l4udavnfxg5s20dva.cx.internal.cloudapp.net, ports: [REPLICATION=45603, RATIS=36301, RATIS_ADMIN=36301, RATIS_SERVER=36301, STANDALONE=40617], networkLocation: /default-rack, certSerialId: null, persistedOpState: null, persistedOpStateExpiryEpochSec: 0}0e0cd2e9-f605-4044-a07f-8c47171ce2f7{ip: 10.1.0.209, host: fv-az212-628.zlodpucb4l4udavnfxg5s20dva.cx.internal.cloudapp.net, ports: [REPLICATION=44807, RATIS=36435, RATIS_ADMIN=36435, RATIS_SERVER=36435, STANDALONE=40693], networkLocation: /default-rack, certSerialId: null, persistedOpState: null, persistedOpStateExpiryEpochSec: 0}2d7a11ae-c5aa-41a6-85dc-c9a8e9cf90b2{ip: 10.1.0.209, host: fv-az212-628.zlodpucb4l4udavnfxg5s20dva.cx.internal.cloudapp.net, ports: [REPLICATION=37283, RATIS=34267, RATIS_ADMIN=34267, RATIS_SERVER=34267, STANDALONE=35587], networkLocation: /default-rack, certSerialId: null, persistedOpState: null, persistedOpStateExpiryEpochSec: 0}7279ce37-28db-41f2-a11e-d5db3ffcfb1c{ip: 10.1.0.209, host: fv-az212-628.zlodpucb4l4udavnfxg5s20dva.cx.internal.cloudapp.net, ports: [REPLICATION=45909, RATIS=46543, RATIS_ADMIN=46543, RATIS_SERVER=46543, STANDALONE=46059], networkLocation: /default-rack, certSerialId: null, persistedOpState: null, persistedOpStateExpiryEpochSec: 0}d53f1fbb-b576-41c7-afbd-0ba632ac53c7{ip: 10.1.0.209, host: fv-az212-628.zlodpucb4l4udavnfxg5s20dva.cx.internal.cloudapp.net, ports: [REPLICATION=33297, RATIS=46505, RATIS_ADMIN=46505, RATIS_SERVER=46505, STANDALONE=36581], networkLocation: /default-rack, certSerialId: null, persistedOpState: null, persistedOpStateExpiryEpochSec: 0}, ReplicationConfig: EC/ECReplicationConfig{data=3, parity=2, ecChunkSize=1048576, codec=rs}, State:ALLOCATED, leaderId:, CreationTimestamp2022-10-09T13:06:30.069Z[Etc/UTC]].
2022-10-09 13:06:30,071 [IPC Server handler 4 on default port 34237] INFO  pipeline.PipelineManagerImpl (PipelineManagerImpl.java:openPipeline(367)) - Pipeline Pipeline[ Id: 81ec6939-39af-4773-963d-850552866ea8, Nodes: 864752fb-4a03-48f8-92e4-9b272ebf5ecd{ip: 10.1.0.209, host: fv-az212-628.zlodpucb4l4udavnfxg5s20dva.cx.internal.cloudapp.net, ports: [REPLICATION=45603, RATIS=36301, RATIS_ADMIN=36301, RATIS_SERVER=36301, STANDALONE=40617], networkLocation: /default-rack, certSerialId: null, persistedOpState: null, persistedOpStateExpiryEpochSec: 0}0e0cd2e9-f605-4044-a07f-8c47171ce2f7{ip: 10.1.0.209, host: fv-az212-628.zlodpucb4l4udavnfxg5s20dva.cx.internal.cloudapp.net, ports: [REPLICATION=44807, RATIS=36435, RATIS_ADMIN=36435, RATIS_SERVER=36435, STANDALONE=40693], networkLocation: /default-rack, certSerialId: null, persistedOpState: null, persistedOpStateExpiryEpochSec: 0}2d7a11ae-c5aa-41a6-85dc-c9a8e9cf90b2{ip: 10.1.0.209, host: fv-az212-628.zlodpucb4l4udavnfxg5s20dva.cx.internal.cloudapp.net, ports: [REPLICATION=37283, RATIS=34267, RATIS_ADMIN=34267, RATIS_SERVER=34267, STANDALONE=35587], networkLocation: /default-rack, certSerialId: null, persistedOpState: null, persistedOpStateExpiryEpochSec: 0}7279ce37-28db-41f2-a11e-d5db3ffcfb1c{ip: 10.1.0.209, host: fv-az212-628.zlodpucb4l4udavnfxg5s20dva.cx.internal.cloudapp.net, ports: [REPLICATION=45909, RATIS=46543, RATIS_ADMIN=46543, RATIS_SERVER=46543, STANDALONE=46059], networkLocation: /default-rack, certSerialId: null, persistedOpState: null, persistedOpStateExpiryEpochSec: 0}d53f1fbb-b576-41c7-afbd-0ba632ac53c7{ip: 10.1.0.209, host: fv-az212-628.zlodpucb4l4udavnfxg5s20dva.cx.internal.cloudapp.net, ports: [REPLICATION=33297, RATIS=46505, RATIS_ADMIN=46505, RATIS_SERVER=46505, STANDALONE=36581], networkLocation: /default-rack, certSerialId: null, persistedOpState: null, persistedOpStateExpiryEpochSec: 0}, ReplicationConfig: EC/ECReplicationConfig{data=3, parity=2, ecChunkSize=1048576, codec=rs}, State:ALLOCATED, leaderId:, CreationTimestamp2022-10-09T13:06:30.069Z[Etc/UTC]] moved to OPEN state
]]></system-out>
  </testcase>
  <testcase name="testListStatusWithIntermediateDirWithECEnabled" classname="TestOzoneFileSystem" time="0.216">
    <system-out><![CDATA[2022-10-09 13:08:23,966 [IPC Server handler 11 on default port 36597] INFO  pipeline.PipelineStateManagerImpl (PipelineStateManagerImpl.java:addPipeline(103)) - Created pipeline Pipeline[ Id: 716951ba-f362-47a7-91c8-eeb23b1e1fd5, Nodes: a9de90a3-d1cd-4e8a-97f8-3dbad3d6a22f{ip: 10.1.0.209, host: fv-az212-628.zlodpucb4l4udavnfxg5s20dva.cx.internal.cloudapp.net, ports: [REPLICATION=39993, RATIS=35441, RATIS_ADMIN=35441, RATIS_SERVER=35441, STANDALONE=35451], networkLocation: /default-rack, certSerialId: null, persistedOpState: null, persistedOpStateExpiryEpochSec: 0}d46e0485-2442-4c5a-ac53-f23987407338{ip: 10.1.0.209, host: fv-az212-628.zlodpucb4l4udavnfxg5s20dva.cx.internal.cloudapp.net, ports: [REPLICATION=41515, RATIS=36777, RATIS_ADMIN=36777, RATIS_SERVER=36777, STANDALONE=45043], networkLocation: /default-rack, certSerialId: null, persistedOpState: null, persistedOpStateExpiryEpochSec: 0}55b9ea12-5ed0-4563-9b80-74e62ded3c41{ip: 10.1.0.209, host: fv-az212-628.zlodpucb4l4udavnfxg5s20dva.cx.internal.cloudapp.net, ports: [REPLICATION=43057, RATIS=45387, RATIS_ADMIN=45387, RATIS_SERVER=45387, STANDALONE=38317], networkLocation: /default-rack, certSerialId: null, persistedOpState: null, persistedOpStateExpiryEpochSec: 0}09a05a6c-198f-4b32-89f8-427c1b35cd63{ip: 10.1.0.209, host: fv-az212-628.zlodpucb4l4udavnfxg5s20dva.cx.internal.cloudapp.net, ports: [REPLICATION=35103, RATIS=45145, RATIS_ADMIN=45145, RATIS_SERVER=45145, STANDALONE=41113], networkLocation: /default-rack, certSerialId: null, persistedOpState: null, persistedOpStateExpiryEpochSec: 0}c6dbff45-d07e-454c-8dcf-e2e002008729{ip: 10.1.0.209, host: fv-az212-628.zlodpucb4l4udavnfxg5s20dva.cx.internal.cloudapp.net, ports: [REPLICATION=35129, RATIS=38729, RATIS_ADMIN=38729, RATIS_SERVER=38729, STANDALONE=41599], networkLocation: /default-rack, certSerialId: null, persistedOpState: null, persistedOpStateExpiryEpochSec: 0}, ReplicationConfig: EC/ECReplicationConfig{data=3, parity=2, ecChunkSize=1048576, codec=rs}, State:ALLOCATED, leaderId:, CreationTimestamp2022-10-09T13:08:23.966Z[Etc/UTC]].
2022-10-09 13:08:23,967 [IPC Server handler 11 on default port 36597] INFO  pipeline.PipelineManagerImpl (PipelineManagerImpl.java:openPipeline(367)) - Pipeline Pipeline[ Id: 716951ba-f362-47a7-91c8-eeb23b1e1fd5, Nodes: a9de90a3-d1cd-4e8a-97f8-3dbad3d6a22f{ip: 10.1.0.209, host: fv-az212-628.zlodpucb4l4udavnfxg5s20dva.cx.internal.cloudapp.net, ports: [REPLICATION=39993, RATIS=35441, RATIS_ADMIN=35441, RATIS_SERVER=35441, STANDALONE=35451], networkLocation: /default-rack, certSerialId: null, persistedOpState: null, persistedOpStateExpiryEpochSec: 0}d46e0485-2442-4c5a-ac53-f23987407338{ip: 10.1.0.209, host: fv-az212-628.zlodpucb4l4udavnfxg5s20dva.cx.internal.cloudapp.net, ports: [REPLICATION=41515, RATIS=36777, RATIS_ADMIN=36777, RATIS_SERVER=36777, STANDALONE=45043], networkLocation: /default-rack, certSerialId: null, persistedOpState: null, persistedOpStateExpiryEpochSec: 0}55b9ea12-5ed0-4563-9b80-74e62ded3c41{ip: 10.1.0.209, host: fv-az212-628.zlodpucb4l4udavnfxg5s20dva.cx.internal.cloudapp.net, ports: [REPLICATION=43057, RATIS=45387, RATIS_ADMIN=45387, RATIS_SERVER=45387, STANDALONE=38317], networkLocation: /default-rack, certSerialId: null, persistedOpState: null, persistedOpStateExpiryEpochSec: 0}09a05a6c-198f-4b32-89f8-427c1b35cd63{ip: 10.1.0.209, host: fv-az212-628.zlodpucb4l4udavnfxg5s20dva.cx.internal.cloudapp.net, ports: [REPLICATION=35103, RATIS=45145, RATIS_ADMIN=45145, RATIS_SERVER=45145, STANDALONE=41113], networkLocation: /default-rack, certSerialId: null, persistedOpState: null, persistedOpStateExpiryEpochSec: 0}c6dbff45-d07e-454c-8dcf-e2e002008729{ip: 10.1.0.209, host: fv-az212-628.zlodpucb4l4udavnfxg5s20dva.cx.internal.cloudapp.net, ports: [REPLICATION=35129, RATIS=38729, RATIS_ADMIN=38729, RATIS_SERVER=38729, STANDALONE=41599], networkLocation: /default-rack, certSerialId: null, persistedOpState: null, persistedOpStateExpiryEpochSec: 0}, ReplicationConfig: EC/ECReplicationConfig{data=3, parity=2, ecChunkSize=1048576, codec=rs}, State:ALLOCATED, leaderId:, CreationTimestamp2022-10-09T13:08:23.966Z[Etc/UTC]] moved to OPEN state
]]></system-out>
  </testcase>
  <testcase name="testListStatusWithIntermediateDirWithECEnabled" classname="TestOzoneFileSystem" time="0.074">
    <system-out><![CDATA[2022-10-09 13:10:25,033 [IPC Server handler 7 on default port 34077] INFO  pipeline.PipelineStateManagerImpl (PipelineStateManagerImpl.java:addPipeline(103)) - Created pipeline Pipeline[ Id: c2747f31-3e91-4ad6-a86c-ab799f08a060, Nodes: 50de1ab3-18a1-452d-b023-0fe1bea95e64{ip: 10.1.0.209, host: fv-az212-628.zlodpucb4l4udavnfxg5s20dva.cx.internal.cloudapp.net, ports: [REPLICATION=37969, RATIS=33457, RATIS_ADMIN=33457, RATIS_SERVER=33457, STANDALONE=45047], networkLocation: /default-rack, certSerialId: null, persistedOpState: null, persistedOpStateExpiryEpochSec: 0}a45a9974-6347-49ca-aefd-c703a3af3a84{ip: 10.1.0.209, host: fv-az212-628.zlodpucb4l4udavnfxg5s20dva.cx.internal.cloudapp.net, ports: [REPLICATION=39625, RATIS=35151, RATIS_ADMIN=35151, RATIS_SERVER=35151, STANDALONE=45685], networkLocation: /default-rack, certSerialId: null, persistedOpState: null, persistedOpStateExpiryEpochSec: 0}315315cf-59ad-45fd-8467-2fb2d1f09000{ip: 10.1.0.209, host: fv-az212-628.zlodpucb4l4udavnfxg5s20dva.cx.internal.cloudapp.net, ports: [REPLICATION=38157, RATIS=43159, RATIS_ADMIN=43159, RATIS_SERVER=43159, STANDALONE=34997], networkLocation: /default-rack, certSerialId: null, persistedOpState: null, persistedOpStateExpiryEpochSec: 0}63d7508a-aae7-47e5-91de-7b918a2106c8{ip: 10.1.0.209, host: fv-az212-628.zlodpucb4l4udavnfxg5s20dva.cx.internal.cloudapp.net, ports: [REPLICATION=35881, RATIS=34509, RATIS_ADMIN=34509, RATIS_SERVER=34509, STANDALONE=42463], networkLocation: /default-rack, certSerialId: null, persistedOpState: null, persistedOpStateExpiryEpochSec: 0}acb33dc2-f09b-4244-82bd-fd30ea1545c9{ip: 10.1.0.209, host: fv-az212-628.zlodpucb4l4udavnfxg5s20dva.cx.internal.cloudapp.net, ports: [REPLICATION=43319, RATIS=46425, RATIS_ADMIN=46425, RATIS_SERVER=46425, STANDALONE=42919], networkLocation: /default-rack, certSerialId: null, persistedOpState: null, persistedOpStateExpiryEpochSec: 0}, ReplicationConfig: EC/ECReplicationConfig{data=3, parity=2, ecChunkSize=1048576, codec=rs}, State:ALLOCATED, leaderId:, CreationTimestamp2022-10-09T13:10:25.033Z[Etc/UTC]].
2022-10-09 13:10:25,034 [IPC Server handler 7 on default port 34077] INFO  pipeline.PipelineManagerImpl (PipelineManagerImpl.java:openPipeline(367)) - Pipeline Pipeline[ Id: c2747f31-3e91-4ad6-a86c-ab799f08a060, Nodes: 50de1ab3-18a1-452d-b023-0fe1bea95e64{ip: 10.1.0.209, host: fv-az212-628.zlodpucb4l4udavnfxg5s20dva.cx.internal.cloudapp.net, ports: [REPLICATION=37969, RATIS=33457, RATIS_ADMIN=33457, RATIS_SERVER=33457, STANDALONE=45047], networkLocation: /default-rack, certSerialId: null, persistedOpState: null, persistedOpStateExpiryEpochSec: 0}a45a9974-6347-49ca-aefd-c703a3af3a84{ip: 10.1.0.209, host: fv-az212-628.zlodpucb4l4udavnfxg5s20dva.cx.internal.cloudapp.net, ports: [REPLICATION=39625, RATIS=35151, RATIS_ADMIN=35151, RATIS_SERVER=35151, STANDALONE=45685], networkLocation: /default-rack, certSerialId: null, persistedOpState: null, persistedOpStateExpiryEpochSec: 0}315315cf-59ad-45fd-8467-2fb2d1f09000{ip: 10.1.0.209, host: fv-az212-628.zlodpucb4l4udavnfxg5s20dva.cx.internal.cloudapp.net, ports: [REPLICATION=38157, RATIS=43159, RATIS_ADMIN=43159, RATIS_SERVER=43159, STANDALONE=34997], networkLocation: /default-rack, certSerialId: null, persistedOpState: null, persistedOpStateExpiryEpochSec: 0}63d7508a-aae7-47e5-91de-7b918a2106c8{ip: 10.1.0.209, host: fv-az212-628.zlodpucb4l4udavnfxg5s20dva.cx.internal.cloudapp.net, ports: [REPLICATION=35881, RATIS=34509, RATIS_ADMIN=34509, RATIS_SERVER=34509, STANDALONE=42463], networkLocation: /default-rack, certSerialId: null, persistedOpState: null, persistedOpStateExpiryEpochSec: 0}acb33dc2-f09b-4244-82bd-fd30ea1545c9{ip: 10.1.0.209, host: fv-az212-628.zlodpucb4l4udavnfxg5s20dva.cx.internal.cloudapp.net, ports: [REPLICATION=43319, RATIS=46425, RATIS_ADMIN=46425, RATIS_SERVER=46425, STANDALONE=42919], networkLocation: /default-rack, certSerialId: null, persistedOpState: null, persistedOpStateExpiryEpochSec: 0}, ReplicationConfig: EC/ECReplicationConfig{data=3, parity=2, ecChunkSize=1048576, codec=rs}, State:ALLOCATED, leaderId:, CreationTimestamp2022-10-09T13:10:25.033Z[Etc/UTC]] moved to OPEN state
]]></system-out>
  </testcase>
  <testcase name="testMakeDirsWithAnExistingDirectoryPath" classname="TestOzoneFileSystem" time="0.026"/>
  <testcase name="testMakeDirsWithAnExistingDirectoryPath" classname="TestOzoneFileSystem" time="0.032"/>
  <testcase name="testMakeDirsWithAnExistingDirectoryPath" classname="TestOzoneFileSystem" time="0.057"/>
  <testcase name="testMakeDirsWithAnExistingDirectoryPath" classname="TestOzoneFileSystem" time="0.052"/>
</testsuite>