<?xml version="1.0" encoding="UTF-8"?>
<testsuite xmlns:xsi="http://www.w3.org/2001/XMLSchema-instance" xsi:noNamespaceSchemaLocation="https://maven.apache.org/surefire/maven-surefire-plugin/xsd/surefire-test-report-3.0.xsd" version="3.0" name="org.apache.hadoop.ozone.container.TestECContainerRecovery" time="448.999" tests="1" errors="1" skipped="0" failures="0">
  <properties>
    <property name="awt.toolkit" value="sun.awt.X11.XToolkit"/>
    <property name="file.encoding.pkg" value="sun.io"/>
    <property name="java.specification.version" value="1.8"/>
    <property name="sun.cpu.isalist" value=""/>
    <property name="sun.jnu.encoding" value="UTF-8"/>
    <property name="java.class.path" value="/home/runner/work/ozone/ozone/hadoop-ozone/integration-test/target/test-classes:/home/runner/work/ozone/ozone/hadoop-ozone/integration-test/target/classes:/home/runner/.m2/repository/org/apache/ozone/ozone-common/1.3.0-SNAPSHOT/ozone-common-1.3.0-SNAPSHOT.jar:/home/runner/.m2/repository/io/grpc/grpc-netty/1.48.1/grpc-netty-1.48.1.jar:/home/runner/.m2/repository/io/grpc/grpc-core/1.48.1/grpc-core-1.48.1.jar:/home/runner/.m2/repository/com/google/android/annotations/4.1.1.4/annotations-4.1.1.4.jar:/home/runner/.m2/repository/org/codehaus/mojo/animal-sniffer-annotations/1.21/animal-sniffer-annotations-1.21.jar:/home/runner/.m2/repository/com/google/errorprone/error_prone_annotations/2.2.0/error_prone_annotations-2.2.0.jar:/home/runner/.m2/repository/io/perfmark/perfmark-api/0.25.0/perfmark-api-0.25.0.jar:/home/runner/.m2/repository/io/netty/netty-codec-http2/4.1.79.Final/netty-codec-http2-4.1.79.Final.jar:/home/runner/.m2/repository/io/netty/netty-common/4.1.79.Final/netty-common-4.1.79.Final.jar:/home/runner/.m2/repository/io/netty/netty-buffer/4.1.79.Final/netty-buffer-4.1.79.Final.jar:/home/runner/.m2/repository/io/netty/netty-codec-http/4.1.79.Final/netty-codec-http-4.1.79.Final.jar:/home/runner/.m2/repository/io/netty/netty-handler-proxy/4.1.79.Final/netty-handler-proxy-4.1.79.Final.jar:/home/runner/.m2/repository/io/netty/netty-codec-socks/4.1.79.Final/netty-codec-socks-4.1.79.Final.jar:/home/runner/.m2/repository/io/netty/netty-tcnative-boringssl-static/2.0.53.Final/netty-tcnative-boringssl-static-2.0.53.Final.jar:/home/runner/.m2/repository/io/netty/netty-tcnative-classes/2.0.53.Final/netty-tcnative-classes-2.0.53.Final.jar:/home/runner/.m2/repository/io/netty/netty-tcnative-boringssl-static/2.0.53.Final/netty-tcnative-boringssl-static-2.0.53.Final-linux-x86_64.jar:/home/runner/.m2/repository/io/netty/netty-tcnative-boringssl-static/2.0.53.Final/netty-tcnative-boringssl-static-2.0.53.Final-linux-aarch_64.jar:/home/runner/.m2/repository/io/netty/netty-tcnative-boringssl-static/2.0.53.Final/netty-tcnative-boringssl-static-2.0.53.Final-osx-x86_64.jar:/home/runner/.m2/repository/io/netty/netty-tcnative-boringssl-static/2.0.53.Final/netty-tcnative-boringssl-static-2.0.53.Final-osx-aarch_64.jar:/home/runner/.m2/repository/io/netty/netty-tcnative-boringssl-static/2.0.53.Final/netty-tcnative-boringssl-static-2.0.53.Final-windows-x86_64.jar:/home/runner/.m2/repository/org/apache/commons/commons-compress/1.21/commons-compress-1.21.jar:/home/runner/.m2/repository/org/apache/ozone/hdds-common/1.3.0-SNAPSHOT/hdds-common-1.3.0-SNAPSHOT.jar:/home/runner/.m2/repository/org/apache/ozone/hdds-client/1.3.0-SNAPSHOT/hdds-client-1.3.0-SNAPSHOT.jar:/home/runner/.m2/repository/org/apache/ozone/ozone-interface-client/1.3.0-SNAPSHOT/ozone-interface-client-1.3.0-SNAPSHOT.jar:/home/runner/.m2/repository/org/apache/ozone/hdds-test-utils/1.3.0-SNAPSHOT/hdds-test-utils-1.3.0-SNAPSHOT.jar:/home/runner/.m2/repository/com/google/guava/guava/31.1-jre/guava-31.1-jre.jar:/home/runner/.m2/repository/com/google/guava/failureaccess/1.0.1/failureaccess-1.0.1.jar:/home/runner/.m2/repository/com/google/guava/listenablefuture/9999.0-empty-to-avoid-conflict-with-guava/listenablefuture-9999.0-empty-to-avoid-conflict-with-guava.jar:/home/runner/.m2/repository/com/google/code/findbugs/jsr305/3.0.0/jsr305-3.0.0.jar:/home/runner/.m2/repository/org/checkerframework/checker-qual/3.12.0/checker-qual-3.12.0.jar:/home/runner/.m2/repository/com/google/j2objc/j2objc-annotations/1.3/j2objc-annotations-1.3.jar:/home/runner/.m2/repository/commons-io/commons-io/2.11.0/commons-io-2.11.0.jar:/home/runner/.m2/repository/commons-logging/commons-logging/1.2/commons-logging-1.2.jar:/home/runner/.m2/repository/ch/qos/reload4j/reload4j/1.2.22/reload4j-1.2.22.jar:/home/runner/.m2/repository/org/slf4j/slf4j-api/1.7.36/slf4j-api-1.7.36.jar:/home/runner/.m2/repository/org/apache/ozone/hdds-server-scm/1.3.0-SNAPSHOT/hdds-server-scm-1.3.0-SNAPSHOT.jar:/home/runner/.m2/repository/org/apache/ozone/hdds-container-service/1.3.0-SNAPSHOT/hdds-container-service-1.3.0-SNAPSHOT.jar:/home/runner/.m2/repository/org/apache/ozone/hdds-hadoop-dependency-server/1.3.0-SNAPSHOT/hdds-hadoop-dependency-server-1.3.0-SNAPSHOT.jar:/home/runner/.m2/repository/org/apache/hadoop/hadoop-hdfs/3.3.4/hadoop-hdfs-3.3.4.jar:/home/runner/.m2/repository/org/eclipse/jetty/jetty-util-ajax/9.4.49.v20220914/jetty-util-ajax-9.4.49.v20220914.jar:/home/runner/.m2/repository/commons-daemon/commons-daemon/1.0.13/commons-daemon-1.0.13.jar:/home/runner/.m2/repository/org/apache/ozone/hdds-server-framework/1.3.0-SNAPSHOT/hdds-server-framework-1.3.0-SNAPSHOT.jar:/home/runner/.m2/repository/org/apache/ozone/hdds-interface-server/1.3.0-SNAPSHOT/hdds-interface-server-1.3.0-SNAPSHOT.jar:/home/runner/.m2/repository/org/apache/commons/commons-configuration2/2.1.1/commons-configuration2-2.1.1.jar:/home/runner/.m2/repository/org/apache/logging/log4j/log4j-core/2.17.1/log4j-core-2.17.1.jar:/home/runner/.m2/repository/com/lmax/disruptor/3.4.2/disruptor-3.4.2.jar:/home/runner/.m2/repository/org/eclipse/jetty/jetty-servlet/9.4.49.v20220914/jetty-servlet-9.4.49.v20220914.jar:/home/runner/.m2/repository/org/eclipse/jetty/jetty-security/9.4.49.v20220914/jetty-security-9.4.49.v20220914.jar:/home/runner/.m2/repository/org/rocksdb/rocksdbjni/7.4.5/rocksdbjni-7.4.5.jar:/home/runner/.m2/repository/io/prometheus/simpleclient_dropwizard/0.7.0/simpleclient_dropwizard-0.7.0.jar:/home/runner/.m2/repository/io/prometheus/simpleclient/0.7.0/simpleclient-0.7.0.jar:/home/runner/.m2/repository/io/prometheus/simpleclient_common/0.7.0/simpleclient_common-0.7.0.jar:/home/runner/.m2/repository/com/github/spotbugs/spotbugs-annotations/3.1.12/spotbugs-annotations-3.1.12.jar:/home/runner/.m2/repository/io/dropwizard/metrics/metrics-core/3.2.4/metrics-core-3.2.4.jar:/home/runner/.m2/repository/org/apache/commons/commons-text/1.4/commons-text-1.4.jar:/home/runner/.m2/repository/org/apache/hadoop/hadoop-hdfs-client/3.3.4/hadoop-hdfs-client-3.3.4.jar:/home/runner/.m2/repository/com/squareup/okhttp3/okhttp/4.9.3/okhttp-4.9.3.jar:/home/runner/.m2/repository/com/squareup/okio/okio/2.8.0/okio-2.8.0.jar:/home/runner/.m2/repository/org/jetbrains/kotlin/kotlin-stdlib-common/1.4.10/kotlin-stdlib-common-1.4.10.jar:/home/runner/.m2/repository/org/bouncycastle/bcprov-jdk15on/1.67/bcprov-jdk15on-1.67.jar:/home/runner/.m2/repository/com/google/protobuf/protobuf-java/2.5.0/protobuf-java-2.5.0.jar:/home/runner/.m2/repository/org/apache/ozone/ozone-manager/1.3.0-SNAPSHOT/ozone-manager-1.3.0-SNAPSHOT.jar:/home/runner/.m2/repository/org/aspectj/aspectjrt/1.9.7/aspectjrt-1.9.7.jar:/home/runner/.m2/repository/org/aspectj/aspectjweaver/1.9.7/aspectjweaver-1.9.7.jar:/home/runner/.m2/repository/org/apache/ozone/hdds-interface-client/1.3.0-SNAPSHOT/hdds-interface-client-1.3.0-SNAPSHOT.jar:/home/runner/.m2/repository/org/apache/hadoop/thirdparty/hadoop-shaded-protobuf_3_7/1.1.1/hadoop-shaded-protobuf_3_7-1.1.1.jar:/home/runner/.m2/repository/org/apache/ozone/ozone-interface-storage/1.3.0-SNAPSHOT/ozone-interface-storage-1.3.0-SNAPSHOT.jar:/home/runner/.m2/repository/org/reflections/reflections/0.9.11/reflections-0.9.11.jar:/home/runner/.m2/repository/com/sun/jersey/jersey-client/1.19/jersey-client-1.19.jar:/home/runner/.m2/repository/org/apache/ranger/ranger-intg/2.3.0/ranger-intg-2.3.0.jar:/home/runner/.m2/repository/org/apache/ranger/ranger-plugins-common/2.3.0/ranger-plugins-common-2.3.0.jar:/home/runner/.m2/repository/commons-lang/commons-lang/2.6/commons-lang-2.6.jar:/home/runner/.m2/repository/org/codehaus/jackson/jackson-jaxrs/1.9.13/jackson-jaxrs-1.9.13.jar:/home/runner/.m2/repository/org/apache/ranger/ranger-plugins-cred/2.3.0/ranger-plugins-cred-2.3.0.jar:/home/runner/.m2/repository/org/apache/ranger/ranger-plugins-audit/2.3.0/ranger-plugins-audit-2.3.0.jar:/home/runner/.m2/repository/org/eclipse/jetty/jetty-client/9.4.31.v20200723/jetty-client-9.4.31.v20200723.jar:/home/runner/.m2/repository/org/apache/httpcomponents/httpmime/4.5.6/httpmime-4.5.6.jar:/home/runner/.m2/repository/org/apache/httpcomponents/httpcore-nio/4.4.6/httpcore-nio-4.4.6.jar:/home/runner/.m2/repository/org/apache/httpcomponents/httpasyncclient/4.1.3/httpasyncclient-4.1.3.jar:/home/runner/.m2/repository/com/carrotsearch/hppc/0.8.0/hppc-0.8.0.jar:/home/runner/.m2/repository/org/apache/orc/orc-core/1.5.8/orc-core-1.5.8.jar:/home/runner/.m2/repository/net/java/dev/jna/jna/5.2.0/jna-5.2.0.jar:/home/runner/.m2/repository/net/java/dev/jna/jna-platform/5.2.0/jna-platform-5.2.0.jar:/home/runner/.m2/repository/com/kstruct/gethostname4j/0.0.2/gethostname4j-0.0.2.jar:/home/runner/.m2/repository/org/apache/ranger/ranger-plugin-classloader/2.3.0/ranger-plugin-classloader-2.3.0.jar:/home/runner/.m2/repository/org/apache/hadoop/hadoop-minikdc/3.3.4/hadoop-minikdc-3.3.4.jar:/home/runner/.m2/repository/org/apache/kerby/kerb-simplekdc/1.0.1/kerb-simplekdc-1.0.1.jar:/home/runner/.m2/repository/org/apache/kerby/kerb-client/1.0.1/kerb-client-1.0.1.jar:/home/runner/.m2/repository/org/apache/kerby/kerby-config/1.0.1/kerby-config-1.0.1.jar:/home/runner/.m2/repository/org/apache/kerby/kerb-common/1.0.1/kerb-common-1.0.1.jar:/home/runner/.m2/repository/org/apache/kerby/kerb-crypto/1.0.1/kerb-crypto-1.0.1.jar:/home/runner/.m2/repository/org/apache/kerby/kerb-util/1.0.1/kerb-util-1.0.1.jar:/home/runner/.m2/repository/org/apache/kerby/token-provider/1.0.1/token-provider-1.0.1.jar:/home/runner/.m2/repository/org/apache/kerby/kerb-admin/1.0.1/kerb-admin-1.0.1.jar:/home/runner/.m2/repository/org/apache/kerby/kerb-server/1.0.1/kerb-server-1.0.1.jar:/home/runner/.m2/repository/org/apache/kerby/kerb-identity/1.0.1/kerb-identity-1.0.1.jar:/home/runner/.m2/repository/org/apache/kerby/kerby-xdr/1.0.1/kerby-xdr-1.0.1.jar:/home/runner/.m2/repository/org/apache/ozone/ozone-s3gateway/1.3.0-SNAPSHOT/ozone-s3gateway-1.3.0-SNAPSHOT.jar:/home/runner/.m2/repository/org/javassist/javassist/3.21.0-GA/javassist-3.21.0-GA.jar:/home/runner/.m2/repository/org/jboss/weld/servlet/weld-servlet/2.4.7.Final/weld-servlet-2.4.7.Final.jar:/home/runner/.m2/repository/org/glassfish/jersey/containers/jersey-container-servlet-core/2.34/jersey-container-servlet-core-2.34.jar:/home/runner/.m2/repository/org/glassfish/hk2/external/jakarta.inject/2.6.1/jakarta.inject-2.6.1.jar:/home/runner/.m2/repository/org/glassfish/jersey/core/jersey-common/2.34/jersey-common-2.34.jar:/home/runner/.m2/repository/jakarta/ws/rs/jakarta.ws.rs-api/2.1.6/jakarta.ws.rs-api-2.1.6.jar:/home/runner/.m2/repository/org/glassfish/jersey/ext/cdi/jersey-cdi1x/2.34/jersey-cdi1x-2.34.jar:/home/runner/.m2/repository/org/glassfish/jersey/inject/jersey-hk2/2.34/jersey-hk2-2.34.jar:/home/runner/.m2/repository/org/glassfish/hk2/hk2-locator/2.6.1/hk2-locator-2.6.1.jar:/home/runner/.m2/repository/org/glassfish/jersey/media/jersey-media-jaxb/2.34/jersey-media-jaxb-2.34.jar:/home/runner/.m2/repository/org/glassfish/hk2/osgi-resource-locator/1.0.3/osgi-resource-locator-1.0.3.jar:/home/runner/.m2/repository/org/glassfish/hk2/hk2-api/2.5.0/hk2-api-2.5.0.jar:/home/runner/.m2/repository/org/glassfish/hk2/hk2-utils/2.5.0/hk2-utils-2.5.0.jar:/home/runner/.m2/repository/org/glassfish/hk2/external/aopalliance-repackaged/2.5.0/aopalliance-repackaged-2.5.0.jar:/home/runner/.m2/repository/com/fasterxml/jackson/dataformat/jackson-dataformat-xml/2.13.4/jackson-dataformat-xml-2.13.4.jar:/home/runner/.m2/repository/com/fasterxml/jackson/core/jackson-core/2.13.4/jackson-core-2.13.4.jar:/home/runner/.m2/repository/org/codehaus/woodstox/stax2-api/3.1.4/stax2-api-3.1.4.jar:/home/runner/.m2/repository/com/fasterxml/woodstox/woodstox-core/5.4.0/woodstox-core-5.4.0.jar:/home/runner/.m2/repository/com/fasterxml/jackson/module/jackson-module-jaxb-annotations/2.13.4/jackson-module-jaxb-annotations-2.13.4.jar:/home/runner/.m2/repository/jakarta/xml/bind/jakarta.xml.bind-api/2.3.3/jakarta.xml.bind-api-2.3.3.jar:/home/runner/.m2/repository/jakarta/activation/jakarta.activation-api/1.2.1/jakarta.activation-api-1.2.1.jar:/home/runner/.m2/repository/javax/enterprise/cdi-api/1.2/cdi-api-1.2.jar:/home/runner/.m2/repository/javax/el/javax.el-api/3.0.0/javax.el-api-3.0.0.jar:/home/runner/.m2/repository/javax/interceptor/javax.interceptor-api/1.2/javax.interceptor-api-1.2.jar:/home/runner/.m2/repository/javax/inject/javax.inject/1/javax.inject-1.jar:/home/runner/.m2/repository/javax/xml/bind/jaxb-api/2.3.0/jaxb-api-2.3.0.jar:/home/runner/.m2/repository/org/glassfish/jaxb/jaxb-runtime/2.3.0.1/jaxb-runtime-2.3.0.1.jar:/home/runner/.m2/repository/org/glassfish/jaxb/jaxb-core/2.3.0.1/jaxb-core-2.3.0.1.jar:/home/runner/.m2/repository/org/glassfish/jaxb/txw2/2.3.0.1/txw2-2.3.0.1.jar:/home/runner/.m2/repository/com/sun/istack/istack-commons-runtime/3.0.5/istack-commons-runtime-3.0.5.jar:/home/runner/.m2/repository/org/jvnet/staxex/stax-ex/1.7.8/stax-ex-1.7.8.jar:/home/runner/.m2/repository/com/sun/xml/fastinfoset/FastInfoset/1.2.13/FastInfoset-1.2.13.jar:/home/runner/.m2/repository/javax/activation/activation/1.1.1/activation-1.1.1.jar:/home/runner/.m2/repository/io/grpc/grpc-protobuf/1.48.1/grpc-protobuf-1.48.1.jar:/home/runner/.m2/repository/io/grpc/grpc-api/1.48.1/grpc-api-1.48.1.jar:/home/runner/.m2/repository/io/grpc/grpc-context/1.48.1/grpc-context-1.48.1.jar:/home/runner/.m2/repository/com/google/api/grpc/proto-google-common-protos/2.9.0/proto-google-common-protos-2.9.0.jar:/home/runner/.m2/repository/io/grpc/grpc-protobuf-lite/1.48.1/grpc-protobuf-lite-1.48.1.jar:/home/runner/.m2/repository/io/grpc/grpc-stub/1.48.1/grpc-stub-1.48.1.jar:/home/runner/.m2/repository/io/netty/netty-transport/4.1.79.Final/netty-transport-4.1.79.Final.jar:/home/runner/.m2/repository/io/netty/netty-resolver/4.1.79.Final/netty-resolver-4.1.79.Final.jar:/home/runner/.m2/repository/org/apache/ozone/ozone-csi/1.3.0-SNAPSHOT/ozone-csi-1.3.0-SNAPSHOT.jar:/home/runner/.m2/repository/com/google/protobuf/protobuf-java-util/3.19.2/protobuf-java-util-3.19.2.jar:/home/runner/.m2/repository/com/google/code/gson/gson/2.9.0/gson-2.9.0.jar:/home/runner/.m2/repository/org/apache/ozone/hdds-config/1.3.0-SNAPSHOT/hdds-config-1.3.0-SNAPSHOT.jar:/home/runner/.m2/repository/io/netty/netty-transport-native-epoll/4.1.79.Final/netty-transport-native-epoll-4.1.79.Final-linux-x86_64.jar:/home/runner/.m2/repository/io/netty/netty-transport-classes-epoll/4.1.79.Final/netty-transport-classes-epoll-4.1.79.Final.jar:/home/runner/.m2/repository/io/netty/netty-transport-native-unix-common/4.1.79.Final/netty-transport-native-unix-common-4.1.79.Final.jar:/home/runner/.m2/repository/org/slf4j/slf4j-reload4j/1.7.36/slf4j-reload4j-1.7.36.jar:/home/runner/.m2/repository/org/apache/ozone/ozone-recon/1.3.0-SNAPSHOT/ozone-recon-1.3.0-SNAPSHOT.jar:/home/runner/.m2/repository/org/apache/ozone/ozone-reconcodegen/1.3.0-SNAPSHOT/ozone-reconcodegen-1.3.0-SNAPSHOT.jar:/home/runner/.m2/repository/com/google/inject/extensions/guice-multibindings/4.0/guice-multibindings-4.0.jar:/home/runner/.m2/repository/com/google/inject/guice/4.0/guice-4.0.jar:/home/runner/.m2/repository/aopalliance/aopalliance/1.0/aopalliance-1.0.jar:/home/runner/.m2/repository/com/google/inject/extensions/guice-assistedinject/4.0/guice-assistedinject-4.0.jar:/home/runner/.m2/repository/com/google/inject/extensions/guice-servlet/4.0/guice-servlet-4.0.jar:/home/runner/.m2/repository/org/glassfish/jersey/containers/jersey-container-servlet/2.34/jersey-container-servlet-2.34.jar:/home/runner/.m2/repository/org/glassfish/hk2/guice-bridge/2.5.0/guice-bridge-2.5.0.jar:/home/runner/.m2/repository/org/glassfish/jersey/core/jersey-server/2.34/jersey-server-2.34.jar:/home/runner/.m2/repository/org/glassfish/jersey/core/jersey-client/2.34/jersey-client-2.34.jar:/home/runner/.m2/repository/jakarta/annotation/jakarta.annotation-api/1.3.5/jakarta.annotation-api-1.3.5.jar:/home/runner/.m2/repository/jakarta/validation/jakarta.validation-api/2.0.2/jakarta.validation-api-2.0.2.jar:/home/runner/.m2/repository/org/glassfish/jersey/media/jersey-media-json-jackson/2.34/jersey-media-json-jackson-2.34.jar:/home/runner/.m2/repository/org/glassfish/jersey/ext/jersey-entity-filtering/2.34/jersey-entity-filtering-2.34.jar:/home/runner/.m2/repository/org/jooq/jooq/3.11.10/jooq-3.11.10.jar:/home/runner/.m2/repository/org/jooq/jooq-meta/3.11.10/jooq-meta-3.11.10.jar:/home/runner/.m2/repository/org/jooq/jooq-codegen/3.11.10/jooq-codegen-3.11.10.jar:/home/runner/.m2/repository/com/jolbox/bonecp/0.8.0.RELEASE/bonecp-0.8.0.RELEASE.jar:/home/runner/.m2/repository/org/apache/derby/derby/10.14.2.0/derby-10.14.2.0.jar:/home/runner/.m2/repository/org/xerial/sqlite-jdbc/3.25.2/sqlite-jdbc-3.25.2.jar:/home/runner/.m2/repository/org/springframework/spring-jdbc/5.3.23/spring-jdbc-5.3.23.jar:/home/runner/.m2/repository/org/springframework/spring-beans/5.3.23/spring-beans-5.3.23.jar:/home/runner/.m2/repository/org/springframework/spring-core/5.3.23/spring-core-5.3.23.jar:/home/runner/.m2/repository/org/springframework/spring-jcl/5.3.23/spring-jcl-5.3.23.jar:/home/runner/.m2/repository/org/springframework/spring-tx/5.3.23/spring-tx-5.3.23.jar:/home/runner/.m2/repository/org/apache/ozone/ozone-client/1.3.0-SNAPSHOT/ozone-client-1.3.0-SNAPSHOT.jar:/home/runner/.m2/repository/org/apache/ozone/hdds-erasurecode/1.3.0-SNAPSHOT/hdds-erasurecode-1.3.0-SNAPSHOT.jar:/home/runner/.m2/repository/org/apache/ozone/ozone-filesystem/1.3.0-SNAPSHOT/ozone-filesystem-1.3.0-SNAPSHOT.jar:/home/runner/.m2/repository/org/apache/ozone/ozone-filesystem-common/1.3.0-SNAPSHOT/ozone-filesystem-common-1.3.0-SNAPSHOT.jar:/home/runner/.m2/repository/org/apache/ozone/ozone-tools/1.3.0-SNAPSHOT/ozone-tools-1.3.0-SNAPSHOT.jar:/home/runner/.m2/repository/org/apache/ratis/ratis-tools/2.4.0/ratis-tools-2.4.0.jar:/home/runner/.m2/repository/com/amazonaws/aws-java-sdk-core/1.12.261/aws-java-sdk-core-1.12.261.jar:/home/runner/.m2/repository/org/apache/httpcomponents/httpclient/4.5.13/httpclient-4.5.13.jar:/home/runner/.m2/repository/org/apache/httpcomponents/httpcore/4.4.13/httpcore-4.4.13.jar:/home/runner/.m2/repository/software/amazon/ion/ion-java/1.0.2/ion-java-1.0.2.jar:/home/runner/.m2/repository/com/fasterxml/jackson/dataformat/jackson-dataformat-cbor/2.13.4/jackson-dataformat-cbor-2.13.4.jar:/home/runner/.m2/repository/joda-time/joda-time/2.8.1/joda-time-2.8.1.jar:/home/runner/.m2/repository/com/amazonaws/aws-java-sdk-s3/1.12.261/aws-java-sdk-s3-1.12.261.jar:/home/runner/.m2/repository/com/amazonaws/aws-java-sdk-kms/1.12.261/aws-java-sdk-kms-1.12.261.jar:/home/runner/.m2/repository/com/amazonaws/jmespath-java/1.12.261/jmespath-java-1.12.261.jar:/home/runner/.m2/repository/org/kohsuke/metainf-services/metainf-services/1.8/metainf-services-1.8.jar:/home/runner/.m2/repository/org/apache/ozone/hdds-tools/1.3.0-SNAPSHOT/hdds-tools-1.3.0-SNAPSHOT.jar:/home/runner/.m2/repository/commons-cli/commons-cli/1.2/commons-cli-1.2.jar:/home/runner/.m2/repository/org/apache/commons/commons-lang3/3.7/commons-lang3-3.7.jar:/home/runner/.m2/repository/org/apache/ozone/ozone-manager/1.3.0-SNAPSHOT/ozone-manager-1.3.0-SNAPSHOT-tests.jar:/home/runner/.m2/repository/org/apache/ozone/hdds-common/1.3.0-SNAPSHOT/hdds-common-1.3.0-SNAPSHOT-tests.jar:/home/runner/.m2/repository/org/apache/ozone/hdds-hadoop-dependency-client/1.3.0-SNAPSHOT/hdds-hadoop-dependency-client-1.3.0-SNAPSHOT.jar:/home/runner/.m2/repository/info/picocli/picocli/4.6.1/picocli-4.6.1.jar:/home/runner/.m2/repository/com/fasterxml/jackson/core/jackson-annotations/2.13.4/jackson-annotations-2.13.4.jar:/home/runner/.m2/repository/com/fasterxml/jackson/datatype/jackson-datatype-jsr310/2.13.4/jackson-datatype-jsr310-2.13.4.jar:/home/runner/.m2/repository/org/apache/ozone/hdds-annotation-processing/1.3.0-SNAPSHOT/hdds-annotation-processing-1.3.0-SNAPSHOT.jar:/home/runner/.m2/repository/javax/annotation/javax.annotation-api/1.2/javax.annotation-api-1.2.jar:/home/runner/.m2/repository/org/apache/ratis/ratis-server/2.4.0/ratis-server-2.4.0.jar:/home/runner/.m2/repository/org/apache/ratis/ratis-client/2.4.0/ratis-client-2.4.0.jar:/home/runner/.m2/repository/org/apache/ratis/ratis-server-api/2.4.0/ratis-server-api-2.4.0.jar:/home/runner/.m2/repository/org/apache/ratis/ratis-metrics/2.4.0/ratis-metrics-2.4.0.jar:/home/runner/.m2/repository/org/apache/ratis/ratis-netty/2.4.0/ratis-netty-2.4.0.jar:/home/runner/.m2/repository/org/apache/ratis/ratis-grpc/2.4.0/ratis-grpc-2.4.0.jar:/home/runner/.m2/repository/org/apache/logging/log4j/log4j-api/2.17.1/log4j-api-2.17.1.jar:/home/runner/.m2/repository/org/apache/commons/commons-pool2/2.6.0/commons-pool2-2.6.0.jar:/home/runner/.m2/repository/org/bouncycastle/bcpkix-jdk15on/1.67/bcpkix-jdk15on-1.67.jar:/home/runner/.m2/repository/commons-validator/commons-validator/1.6/commons-validator-1.6.jar:/home/runner/.m2/repository/commons-beanutils/commons-beanutils/1.9.4/commons-beanutils-1.9.4.jar:/home/runner/.m2/repository/commons-digester/commons-digester/1.8.1/commons-digester-1.8.1.jar:/home/runner/.m2/repository/commons-collections/commons-collections/3.2.2/commons-collections-3.2.2.jar:/home/runner/.m2/repository/io/jaegertracing/jaeger-client/1.6.0/jaeger-client-1.6.0.jar:/home/runner/.m2/repository/io/jaegertracing/jaeger-thrift/1.6.0/jaeger-thrift-1.6.0.jar:/home/runner/.m2/repository/org/apache/thrift/libthrift/0.14.1/libthrift-0.14.1.jar:/home/runner/.m2/repository/io/jaegertracing/jaeger-core/1.6.0/jaeger-core-1.6.0.jar:/home/runner/.m2/repository/io/jaegertracing/jaeger-tracerresolver/1.6.0/jaeger-tracerresolver-1.6.0.jar:/home/runner/.m2/repository/io/opentracing/contrib/opentracing-tracerresolver/0.1.8/opentracing-tracerresolver-0.1.8.jar:/home/runner/.m2/repository/org/jetbrains/kotlin/kotlin-stdlib/1.6.21/kotlin-stdlib-1.6.21.jar:/home/runner/.m2/repository/org/jetbrains/annotations/13.0/annotations-13.0.jar:/home/runner/.m2/repository/io/opentracing/opentracing-util/0.33.0/opentracing-util-0.33.0.jar:/home/runner/.m2/repository/io/opentracing/opentracing-api/0.33.0/opentracing-api-0.33.0.jar:/home/runner/.m2/repository/io/opentracing/opentracing-noop/0.33.0/opentracing-noop-0.33.0.jar:/home/runner/.m2/repository/org/yaml/snakeyaml/1.32/snakeyaml-1.32.jar:/home/runner/.m2/repository/org/apache/ozone/hdds-interface-admin/1.3.0-SNAPSHOT/hdds-interface-admin-1.3.0-SNAPSHOT.jar:/home/runner/.m2/repository/junit/junit/4.13.1/junit-4.13.1.jar:/home/runner/.m2/repository/org/hamcrest/hamcrest-core/1.3/hamcrest-core-1.3.jar:/home/runner/.m2/repository/org/junit/jupiter/junit-jupiter-api/5.8.2/junit-jupiter-api-5.8.2.jar:/home/runner/.m2/repository/org/opentest4j/opentest4j/1.2.0/opentest4j-1.2.0.jar:/home/runner/.m2/repository/org/junit/platform/junit-platform-commons/1.8.2/junit-platform-commons-1.8.2.jar:/home/runner/.m2/repository/org/apiguardian/apiguardian-api/1.1.2/apiguardian-api-1.1.2.jar:/home/runner/.m2/repository/org/junit/jupiter/junit-jupiter-params/5.8.2/junit-jupiter-params-5.8.2.jar:/home/runner/.m2/repository/org/junit/jupiter/junit-jupiter-migrationsupport/5.8.2/junit-jupiter-migrationsupport-5.8.2.jar:/home/runner/.m2/repository/org/junit/jupiter/junit-jupiter-engine/5.8.2/junit-jupiter-engine-5.8.2.jar:/home/runner/.m2/repository/org/junit/platform/junit-platform-engine/1.8.2/junit-platform-engine-1.8.2.jar:/home/runner/.m2/repository/org/junit/vintage/junit-vintage-engine/5.8.2/junit-vintage-engine-5.8.2.jar:/home/runner/.m2/repository/org/junit/platform/junit-platform-launcher/1.8.2/junit-platform-launcher-1.8.2.jar:/home/runner/.m2/repository/org/mockito/mockito-core/2.28.2/mockito-core-2.28.2.jar:/home/runner/.m2/repository/net/bytebuddy/byte-buddy/1.9.10/byte-buddy-1.9.10.jar:/home/runner/.m2/repository/net/bytebuddy/byte-buddy-agent/1.9.10/byte-buddy-agent-1.9.10.jar:/home/runner/.m2/repository/org/objenesis/objenesis/1.0/objenesis-1.0.jar:/home/runner/.m2/repository/org/apache/hadoop/hadoop-kms/3.3.4/hadoop-kms-3.3.4.jar:/home/runner/.m2/repository/org/apache/hadoop/hadoop-auth/3.3.4/hadoop-auth-3.3.4.jar:/home/runner/.m2/repository/com/nimbusds/nimbus-jose-jwt/7.9/nimbus-jose-jwt-7.9.jar:/home/runner/.m2/repository/com/github/stephenc/jcip/jcip-annotations/1.0-1/jcip-annotations-1.0-1.jar:/home/runner/.m2/repository/net/minidev/json-smart/2.4.7/json-smart-2.4.7.jar:/home/runner/.m2/repository/net/minidev/accessors-smart/2.4.7/accessors-smart-2.4.7.jar:/home/runner/.m2/repository/org/ow2/asm/asm/5.0.4/asm-5.0.4.jar:/home/runner/.m2/repository/org/apache/zookeeper/zookeeper/3.5.6/zookeeper-3.5.6.jar:/home/runner/.m2/repository/org/apache/zookeeper/zookeeper-jute/3.5.6/zookeeper-jute-3.5.6.jar:/home/runner/.m2/repository/org/apache/yetus/audience-annotations/0.5.0/audience-annotations-0.5.0.jar:/home/runner/.m2/repository/org/apache/curator/curator-framework/4.2.0/curator-framework-4.2.0.jar:/home/runner/.m2/repository/org/apache/hadoop/thirdparty/hadoop-shaded-guava/1.1.1/hadoop-shaded-guava-1.1.1.jar:/home/runner/.m2/repository/com/sun/jersey/jersey-core/1.19/jersey-core-1.19.jar:/home/runner/.m2/repository/javax/ws/rs/jsr311-api/1.1.1/jsr311-api-1.1.1.jar:/home/runner/.m2/repository/com/sun/jersey/jersey-server/1.19/jersey-server-1.19.jar:/home/runner/.m2/repository/javax/servlet/javax.servlet-api/3.1.0/javax.servlet-api-3.1.0.jar:/home/runner/.m2/repository/org/eclipse/jetty/jetty-server/9.4.49.v20220914/jetty-server-9.4.49.v20220914.jar:/home/runner/.m2/repository/org/eclipse/jetty/jetty-http/9.4.49.v20220914/jetty-http-9.4.49.v20220914.jar:/home/runner/.m2/repository/org/eclipse/jetty/jetty-io/9.4.49.v20220914/jetty-io-9.4.49.v20220914.jar:/home/runner/.m2/repository/org/eclipse/jetty/jetty-webapp/9.4.49.v20220914/jetty-webapp-9.4.49.v20220914.jar:/home/runner/.m2/repository/org/eclipse/jetty/jetty-xml/9.4.49.v20220914/jetty-xml-9.4.49.v20220914.jar:/home/runner/.m2/repository/org/apache/hadoop/hadoop-common/3.3.4/hadoop-common-3.3.4.jar:/home/runner/.m2/repository/org/apache/commons/commons-math3/3.1.1/commons-math3-3.1.1.jar:/home/runner/.m2/repository/commons-net/commons-net/3.6/commons-net-3.6.jar:/home/runner/.m2/repository/com/sun/jersey/jersey-servlet/1.19/jersey-servlet-1.19.jar:/home/runner/.m2/repository/com/sun/jersey/jersey-json/1.19/jersey-json-1.19.jar:/home/runner/.m2/repository/org/codehaus/jettison/jettison/1.1/jettison-1.1.jar:/home/runner/.m2/repository/com/sun/xml/bind/jaxb-impl/2.2.3-1/jaxb-impl-2.2.3-1.jar:/home/runner/.m2/repository/org/codehaus/jackson/jackson-xc/1.9.2/jackson-xc-1.9.2.jar:/home/runner/.m2/repository/com/google/re2j/re2j/1.1/re2j-1.1.jar:/home/runner/.m2/repository/com/jcraft/jsch/0.1.54/jsch-0.1.54.jar:/home/runner/.m2/repository/org/apache/curator/curator-client/4.2.0/curator-client-4.2.0.jar:/home/runner/.m2/repository/org/apache/curator/curator-recipes/4.2.0/curator-recipes-4.2.0.jar:/home/runner/.m2/repository/org/apache/kerby/kerb-core/1.0.1/kerb-core-1.0.1.jar:/home/runner/.m2/repository/org/apache/kerby/kerby-pkix/1.0.1/kerby-pkix-1.0.1.jar:/home/runner/.m2/repository/org/apache/kerby/kerby-asn1/1.0.1/kerby-asn1-1.0.1.jar:/home/runner/.m2/repository/org/apache/kerby/kerby-util/1.0.1/kerby-util-1.0.1.jar:/home/runner/.m2/repository/dnsjava/dnsjava/2.1.7/dnsjava-2.1.7.jar:/home/runner/.m2/repository/org/xerial/snappy/snappy-java/1.1.8.2/snappy-java-1.1.8.2.jar:/home/runner/.m2/repository/org/eclipse/jetty/jetty-util/9.4.49.v20220914/jetty-util-9.4.49.v20220914.jar:/home/runner/.m2/repository/com/fasterxml/jackson/core/jackson-databind/2.13.4.2/jackson-databind-2.13.4.2.jar:/home/runner/.m2/repository/org/apache/hadoop/hadoop-kms/3.3.4/hadoop-kms-3.3.4-tests.jar:/home/runner/.m2/repository/org/apache/ozone/hdds-server-scm/1.3.0-SNAPSHOT/hdds-server-scm-1.3.0-SNAPSHOT-tests.jar:/home/runner/.m2/repository/org/apache/ozone/hdds-container-service/1.3.0-SNAPSHOT/hdds-container-service-1.3.0-SNAPSHOT-tests.jar:/home/runner/.m2/repository/commons-codec/commons-codec/1.11/commons-codec-1.11.jar:/home/runner/.m2/repository/io/netty/netty-codec/4.1.79.Final/netty-codec-4.1.79.Final.jar:/home/runner/.m2/repository/io/netty/netty-handler/4.1.79.Final/netty-handler-4.1.79.Final.jar:/home/runner/.m2/repository/org/apache/ozone/hdds-hadoop-dependency-test/1.3.0-SNAPSHOT/hdds-hadoop-dependency-test-1.3.0-SNAPSHOT.jar:/home/runner/.m2/repository/org/apache/hadoop/hadoop-common/3.3.4/hadoop-common-3.3.4-tests.jar:/home/runner/.m2/repository/org/apache/hadoop/hadoop-hdfs/3.3.4/hadoop-hdfs-3.3.4-tests.jar:/home/runner/.m2/repository/org/assertj/assertj-core/3.12.2/assertj-core-3.12.2.jar:/home/runner/.m2/repository/org/apache/hadoop/hadoop-distcp/3.3.4/hadoop-distcp-3.3.4.jar:/home/runner/.m2/repository/org/apache/hadoop/hadoop-mapreduce-client-jobclient/3.3.4/hadoop-mapreduce-client-jobclient-3.3.4.jar:/home/runner/.m2/repository/org/apache/hadoop/hadoop-mapreduce-client-common/3.3.4/hadoop-mapreduce-client-common-3.3.4.jar:/home/runner/.m2/repository/org/apache/hadoop/hadoop-yarn-common/3.3.4/hadoop-yarn-common-3.3.4.jar:/home/runner/.m2/repository/org/apache/hadoop/hadoop-yarn-api/3.3.4/hadoop-yarn-api-3.3.4.jar:/home/runner/.m2/repository/com/sun/jersey/contribs/jersey-guice/1.19/jersey-guice-1.19.jar:/home/runner/.m2/repository/com/fasterxml/jackson/jaxrs/jackson-jaxrs-json-provider/2.13.4/jackson-jaxrs-json-provider-2.13.4.jar:/home/runner/.m2/repository/com/fasterxml/jackson/jaxrs/jackson-jaxrs-base/2.13.4/jackson-jaxrs-base-2.13.4.jar:/home/runner/.m2/repository/org/apache/hadoop/hadoop-yarn-client/3.3.4/hadoop-yarn-client-3.3.4.jar:/home/runner/.m2/repository/org/eclipse/jetty/websocket/websocket-client/9.4.43.v20210629/websocket-client-9.4.43.v20210629.jar:/home/runner/.m2/repository/org/eclipse/jetty/websocket/websocket-common/9.4.43.v20210629/websocket-common-9.4.43.v20210629.jar:/home/runner/.m2/repository/org/eclipse/jetty/websocket/websocket-api/9.4.43.v20210629/websocket-api-9.4.43.v20210629.jar:/home/runner/.m2/repository/org/jline/jline/3.9.0/jline-3.9.0.jar:/home/runner/.m2/repository/org/apache/hadoop/hadoop-mapreduce-client-core/3.3.4/hadoop-mapreduce-client-core-3.3.4.jar:/home/runner/.m2/repository/org/apache/avro/avro/1.7.7/avro-1.7.7.jar:/home/runner/.m2/repository/org/codehaus/jackson/jackson-core-asl/1.9.13/jackson-core-asl-1.9.13.jar:/home/runner/.m2/repository/org/codehaus/jackson/jackson-mapper-asl/1.9.13/jackson-mapper-asl-1.9.13.jar:/home/runner/.m2/repository/com/thoughtworks/paranamer/paranamer/2.3/paranamer-2.3.jar:/home/runner/.m2/repository/org/apache/hadoop/hadoop-annotations/3.3.4/hadoop-annotations-3.3.4.jar:/usr/lib/jvm/temurin-8-jdk-amd64/jre/../lib/tools.jar:/home/runner/.m2/repository/io/netty/netty/3.10.6.Final/netty-3.10.6.Final.jar:/home/runner/.m2/repository/org/apache/hadoop/hadoop-distcp/3.3.4/hadoop-distcp-3.3.4-tests.jar:/home/runner/.m2/repository/org/slf4j/jul-to-slf4j/1.7.36/jul-to-slf4j-1.7.36.jar:/home/runner/.m2/repository/org/apache/ratis/ratis-common/2.4.0/ratis-common-2.4.0.jar:/home/runner/.m2/repository/org/apache/ratis/ratis-thirdparty-misc/1.0.2/ratis-thirdparty-misc-1.0.2.jar:/home/runner/.m2/repository/org/apache/ratis/ratis-proto/2.4.0/ratis-proto-2.4.0.jar:"/>
    <property name="java.vm.vendor" value="Temurin"/>
    <property name="sun.arch.data.model" value="64"/>
    <property name="test.build.dir" value="/home/runner/work/ozone/ozone/hadoop-ozone/integration-test/target/test-dir"/>
    <property name="test.cache.data" value=""/>
    <property name="java.vendor.url" value="https://adoptium.net/"/>
    <property name="user.timezone" value="Etc/UTC"/>
    <property name="java.vm.specification.version" value="1.8"/>
    <property name="os.name" value="Linux"/>
    <property name="test.build.data" value="/home/runner/work/ozone/ozone/hadoop-ozone/integration-test/target/test-dir"/>
    <property name="sun.java.launcher" value="SUN_STANDARD"/>
    <property name="sun.boot.library.path" value="/usr/lib/jvm/temurin-8-jdk-amd64/jre/lib/amd64"/>
    <property name="sun.java.command" value="/home/runner/work/ozone/ozone/hadoop-ozone/integration-test/target/surefire/surefirebooter605321045157268534.jar /home/runner/work/ozone/ozone/hadoop-ozone/integration-test/target/surefire 2022-11-04T13-05-36_805-jvmRun1 surefire254806845467758411tmp surefire_122637064751588409882tmp"/>
    <property name="surefire.test.class.path" value="/home/runner/work/ozone/ozone/hadoop-ozone/integration-test/target/test-classes:/home/runner/work/ozone/ozone/hadoop-ozone/integration-test/target/classes:/home/runner/.m2/repository/org/apache/ozone/ozone-common/1.3.0-SNAPSHOT/ozone-common-1.3.0-SNAPSHOT.jar:/home/runner/.m2/repository/io/grpc/grpc-netty/1.48.1/grpc-netty-1.48.1.jar:/home/runner/.m2/repository/io/grpc/grpc-core/1.48.1/grpc-core-1.48.1.jar:/home/runner/.m2/repository/com/google/android/annotations/4.1.1.4/annotations-4.1.1.4.jar:/home/runner/.m2/repository/org/codehaus/mojo/animal-sniffer-annotations/1.21/animal-sniffer-annotations-1.21.jar:/home/runner/.m2/repository/com/google/errorprone/error_prone_annotations/2.2.0/error_prone_annotations-2.2.0.jar:/home/runner/.m2/repository/io/perfmark/perfmark-api/0.25.0/perfmark-api-0.25.0.jar:/home/runner/.m2/repository/io/netty/netty-codec-http2/4.1.79.Final/netty-codec-http2-4.1.79.Final.jar:/home/runner/.m2/repository/io/netty/netty-common/4.1.79.Final/netty-common-4.1.79.Final.jar:/home/runner/.m2/repository/io/netty/netty-buffer/4.1.79.Final/netty-buffer-4.1.79.Final.jar:/home/runner/.m2/repository/io/netty/netty-codec-http/4.1.79.Final/netty-codec-http-4.1.79.Final.jar:/home/runner/.m2/repository/io/netty/netty-handler-proxy/4.1.79.Final/netty-handler-proxy-4.1.79.Final.jar:/home/runner/.m2/repository/io/netty/netty-codec-socks/4.1.79.Final/netty-codec-socks-4.1.79.Final.jar:/home/runner/.m2/repository/io/netty/netty-tcnative-boringssl-static/2.0.53.Final/netty-tcnative-boringssl-static-2.0.53.Final.jar:/home/runner/.m2/repository/io/netty/netty-tcnative-classes/2.0.53.Final/netty-tcnative-classes-2.0.53.Final.jar:/home/runner/.m2/repository/io/netty/netty-tcnative-boringssl-static/2.0.53.Final/netty-tcnative-boringssl-static-2.0.53.Final-linux-x86_64.jar:/home/runner/.m2/repository/io/netty/netty-tcnative-boringssl-static/2.0.53.Final/netty-tcnative-boringssl-static-2.0.53.Final-linux-aarch_64.jar:/home/runner/.m2/repository/io/netty/netty-tcnative-boringssl-static/2.0.53.Final/netty-tcnative-boringssl-static-2.0.53.Final-osx-x86_64.jar:/home/runner/.m2/repository/io/netty/netty-tcnative-boringssl-static/2.0.53.Final/netty-tcnative-boringssl-static-2.0.53.Final-osx-aarch_64.jar:/home/runner/.m2/repository/io/netty/netty-tcnative-boringssl-static/2.0.53.Final/netty-tcnative-boringssl-static-2.0.53.Final-windows-x86_64.jar:/home/runner/.m2/repository/org/apache/commons/commons-compress/1.21/commons-compress-1.21.jar:/home/runner/.m2/repository/org/apache/ozone/hdds-common/1.3.0-SNAPSHOT/hdds-common-1.3.0-SNAPSHOT.jar:/home/runner/.m2/repository/org/apache/ozone/hdds-client/1.3.0-SNAPSHOT/hdds-client-1.3.0-SNAPSHOT.jar:/home/runner/.m2/repository/org/apache/ozone/ozone-interface-client/1.3.0-SNAPSHOT/ozone-interface-client-1.3.0-SNAPSHOT.jar:/home/runner/.m2/repository/org/apache/ozone/hdds-test-utils/1.3.0-SNAPSHOT/hdds-test-utils-1.3.0-SNAPSHOT.jar:/home/runner/.m2/repository/com/google/guava/guava/31.1-jre/guava-31.1-jre.jar:/home/runner/.m2/repository/com/google/guava/failureaccess/1.0.1/failureaccess-1.0.1.jar:/home/runner/.m2/repository/com/google/guava/listenablefuture/9999.0-empty-to-avoid-conflict-with-guava/listenablefuture-9999.0-empty-to-avoid-conflict-with-guava.jar:/home/runner/.m2/repository/com/google/code/findbugs/jsr305/3.0.0/jsr305-3.0.0.jar:/home/runner/.m2/repository/org/checkerframework/checker-qual/3.12.0/checker-qual-3.12.0.jar:/home/runner/.m2/repository/com/google/j2objc/j2objc-annotations/1.3/j2objc-annotations-1.3.jar:/home/runner/.m2/repository/commons-io/commons-io/2.11.0/commons-io-2.11.0.jar:/home/runner/.m2/repository/commons-logging/commons-logging/1.2/commons-logging-1.2.jar:/home/runner/.m2/repository/ch/qos/reload4j/reload4j/1.2.22/reload4j-1.2.22.jar:/home/runner/.m2/repository/org/slf4j/slf4j-api/1.7.36/slf4j-api-1.7.36.jar:/home/runner/.m2/repository/org/apache/ozone/hdds-server-scm/1.3.0-SNAPSHOT/hdds-server-scm-1.3.0-SNAPSHOT.jar:/home/runner/.m2/repository/org/apache/ozone/hdds-container-service/1.3.0-SNAPSHOT/hdds-container-service-1.3.0-SNAPSHOT.jar:/home/runner/.m2/repository/org/apache/ozone/hdds-hadoop-dependency-server/1.3.0-SNAPSHOT/hdds-hadoop-dependency-server-1.3.0-SNAPSHOT.jar:/home/runner/.m2/repository/org/apache/hadoop/hadoop-hdfs/3.3.4/hadoop-hdfs-3.3.4.jar:/home/runner/.m2/repository/org/eclipse/jetty/jetty-util-ajax/9.4.49.v20220914/jetty-util-ajax-9.4.49.v20220914.jar:/home/runner/.m2/repository/commons-daemon/commons-daemon/1.0.13/commons-daemon-1.0.13.jar:/home/runner/.m2/repository/org/apache/ozone/hdds-server-framework/1.3.0-SNAPSHOT/hdds-server-framework-1.3.0-SNAPSHOT.jar:/home/runner/.m2/repository/org/apache/ozone/hdds-interface-server/1.3.0-SNAPSHOT/hdds-interface-server-1.3.0-SNAPSHOT.jar:/home/runner/.m2/repository/org/apache/commons/commons-configuration2/2.1.1/commons-configuration2-2.1.1.jar:/home/runner/.m2/repository/org/apache/logging/log4j/log4j-core/2.17.1/log4j-core-2.17.1.jar:/home/runner/.m2/repository/com/lmax/disruptor/3.4.2/disruptor-3.4.2.jar:/home/runner/.m2/repository/org/eclipse/jetty/jetty-servlet/9.4.49.v20220914/jetty-servlet-9.4.49.v20220914.jar:/home/runner/.m2/repository/org/eclipse/jetty/jetty-security/9.4.49.v20220914/jetty-security-9.4.49.v20220914.jar:/home/runner/.m2/repository/org/rocksdb/rocksdbjni/7.4.5/rocksdbjni-7.4.5.jar:/home/runner/.m2/repository/io/prometheus/simpleclient_dropwizard/0.7.0/simpleclient_dropwizard-0.7.0.jar:/home/runner/.m2/repository/io/prometheus/simpleclient/0.7.0/simpleclient-0.7.0.jar:/home/runner/.m2/repository/io/prometheus/simpleclient_common/0.7.0/simpleclient_common-0.7.0.jar:/home/runner/.m2/repository/com/github/spotbugs/spotbugs-annotations/3.1.12/spotbugs-annotations-3.1.12.jar:/home/runner/.m2/repository/io/dropwizard/metrics/metrics-core/3.2.4/metrics-core-3.2.4.jar:/home/runner/.m2/repository/org/apache/commons/commons-text/1.4/commons-text-1.4.jar:/home/runner/.m2/repository/org/apache/hadoop/hadoop-hdfs-client/3.3.4/hadoop-hdfs-client-3.3.4.jar:/home/runner/.m2/repository/com/squareup/okhttp3/okhttp/4.9.3/okhttp-4.9.3.jar:/home/runner/.m2/repository/com/squareup/okio/okio/2.8.0/okio-2.8.0.jar:/home/runner/.m2/repository/org/jetbrains/kotlin/kotlin-stdlib-common/1.4.10/kotlin-stdlib-common-1.4.10.jar:/home/runner/.m2/repository/org/bouncycastle/bcprov-jdk15on/1.67/bcprov-jdk15on-1.67.jar:/home/runner/.m2/repository/com/google/protobuf/protobuf-java/2.5.0/protobuf-java-2.5.0.jar:/home/runner/.m2/repository/org/apache/ozone/ozone-manager/1.3.0-SNAPSHOT/ozone-manager-1.3.0-SNAPSHOT.jar:/home/runner/.m2/repository/org/aspectj/aspectjrt/1.9.7/aspectjrt-1.9.7.jar:/home/runner/.m2/repository/org/aspectj/aspectjweaver/1.9.7/aspectjweaver-1.9.7.jar:/home/runner/.m2/repository/org/apache/ozone/hdds-interface-client/1.3.0-SNAPSHOT/hdds-interface-client-1.3.0-SNAPSHOT.jar:/home/runner/.m2/repository/org/apache/hadoop/thirdparty/hadoop-shaded-protobuf_3_7/1.1.1/hadoop-shaded-protobuf_3_7-1.1.1.jar:/home/runner/.m2/repository/org/apache/ozone/ozone-interface-storage/1.3.0-SNAPSHOT/ozone-interface-storage-1.3.0-SNAPSHOT.jar:/home/runner/.m2/repository/org/reflections/reflections/0.9.11/reflections-0.9.11.jar:/home/runner/.m2/repository/com/sun/jersey/jersey-client/1.19/jersey-client-1.19.jar:/home/runner/.m2/repository/org/apache/ranger/ranger-intg/2.3.0/ranger-intg-2.3.0.jar:/home/runner/.m2/repository/org/apache/ranger/ranger-plugins-common/2.3.0/ranger-plugins-common-2.3.0.jar:/home/runner/.m2/repository/commons-lang/commons-lang/2.6/commons-lang-2.6.jar:/home/runner/.m2/repository/org/codehaus/jackson/jackson-jaxrs/1.9.13/jackson-jaxrs-1.9.13.jar:/home/runner/.m2/repository/org/apache/ranger/ranger-plugins-cred/2.3.0/ranger-plugins-cred-2.3.0.jar:/home/runner/.m2/repository/org/apache/ranger/ranger-plugins-audit/2.3.0/ranger-plugins-audit-2.3.0.jar:/home/runner/.m2/repository/org/eclipse/jetty/jetty-client/9.4.31.v20200723/jetty-client-9.4.31.v20200723.jar:/home/runner/.m2/repository/org/apache/httpcomponents/httpmime/4.5.6/httpmime-4.5.6.jar:/home/runner/.m2/repository/org/apache/httpcomponents/httpcore-nio/4.4.6/httpcore-nio-4.4.6.jar:/home/runner/.m2/repository/org/apache/httpcomponents/httpasyncclient/4.1.3/httpasyncclient-4.1.3.jar:/home/runner/.m2/repository/com/carrotsearch/hppc/0.8.0/hppc-0.8.0.jar:/home/runner/.m2/repository/org/apache/orc/orc-core/1.5.8/orc-core-1.5.8.jar:/home/runner/.m2/repository/net/java/dev/jna/jna/5.2.0/jna-5.2.0.jar:/home/runner/.m2/repository/net/java/dev/jna/jna-platform/5.2.0/jna-platform-5.2.0.jar:/home/runner/.m2/repository/com/kstruct/gethostname4j/0.0.2/gethostname4j-0.0.2.jar:/home/runner/.m2/repository/org/apache/ranger/ranger-plugin-classloader/2.3.0/ranger-plugin-classloader-2.3.0.jar:/home/runner/.m2/repository/org/apache/hadoop/hadoop-minikdc/3.3.4/hadoop-minikdc-3.3.4.jar:/home/runner/.m2/repository/org/apache/kerby/kerb-simplekdc/1.0.1/kerb-simplekdc-1.0.1.jar:/home/runner/.m2/repository/org/apache/kerby/kerb-client/1.0.1/kerb-client-1.0.1.jar:/home/runner/.m2/repository/org/apache/kerby/kerby-config/1.0.1/kerby-config-1.0.1.jar:/home/runner/.m2/repository/org/apache/kerby/kerb-common/1.0.1/kerb-common-1.0.1.jar:/home/runner/.m2/repository/org/apache/kerby/kerb-crypto/1.0.1/kerb-crypto-1.0.1.jar:/home/runner/.m2/repository/org/apache/kerby/kerb-util/1.0.1/kerb-util-1.0.1.jar:/home/runner/.m2/repository/org/apache/kerby/token-provider/1.0.1/token-provider-1.0.1.jar:/home/runner/.m2/repository/org/apache/kerby/kerb-admin/1.0.1/kerb-admin-1.0.1.jar:/home/runner/.m2/repository/org/apache/kerby/kerb-server/1.0.1/kerb-server-1.0.1.jar:/home/runner/.m2/repository/org/apache/kerby/kerb-identity/1.0.1/kerb-identity-1.0.1.jar:/home/runner/.m2/repository/org/apache/kerby/kerby-xdr/1.0.1/kerby-xdr-1.0.1.jar:/home/runner/.m2/repository/org/apache/ozone/ozone-s3gateway/1.3.0-SNAPSHOT/ozone-s3gateway-1.3.0-SNAPSHOT.jar:/home/runner/.m2/repository/org/javassist/javassist/3.21.0-GA/javassist-3.21.0-GA.jar:/home/runner/.m2/repository/org/jboss/weld/servlet/weld-servlet/2.4.7.Final/weld-servlet-2.4.7.Final.jar:/home/runner/.m2/repository/org/glassfish/jersey/containers/jersey-container-servlet-core/2.34/jersey-container-servlet-core-2.34.jar:/home/runner/.m2/repository/org/glassfish/hk2/external/jakarta.inject/2.6.1/jakarta.inject-2.6.1.jar:/home/runner/.m2/repository/org/glassfish/jersey/core/jersey-common/2.34/jersey-common-2.34.jar:/home/runner/.m2/repository/jakarta/ws/rs/jakarta.ws.rs-api/2.1.6/jakarta.ws.rs-api-2.1.6.jar:/home/runner/.m2/repository/org/glassfish/jersey/ext/cdi/jersey-cdi1x/2.34/jersey-cdi1x-2.34.jar:/home/runner/.m2/repository/org/glassfish/jersey/inject/jersey-hk2/2.34/jersey-hk2-2.34.jar:/home/runner/.m2/repository/org/glassfish/hk2/hk2-locator/2.6.1/hk2-locator-2.6.1.jar:/home/runner/.m2/repository/org/glassfish/jersey/media/jersey-media-jaxb/2.34/jersey-media-jaxb-2.34.jar:/home/runner/.m2/repository/org/glassfish/hk2/osgi-resource-locator/1.0.3/osgi-resource-locator-1.0.3.jar:/home/runner/.m2/repository/org/glassfish/hk2/hk2-api/2.5.0/hk2-api-2.5.0.jar:/home/runner/.m2/repository/org/glassfish/hk2/hk2-utils/2.5.0/hk2-utils-2.5.0.jar:/home/runner/.m2/repository/org/glassfish/hk2/external/aopalliance-repackaged/2.5.0/aopalliance-repackaged-2.5.0.jar:/home/runner/.m2/repository/com/fasterxml/jackson/dataformat/jackson-dataformat-xml/2.13.4/jackson-dataformat-xml-2.13.4.jar:/home/runner/.m2/repository/com/fasterxml/jackson/core/jackson-core/2.13.4/jackson-core-2.13.4.jar:/home/runner/.m2/repository/org/codehaus/woodstox/stax2-api/3.1.4/stax2-api-3.1.4.jar:/home/runner/.m2/repository/com/fasterxml/woodstox/woodstox-core/5.4.0/woodstox-core-5.4.0.jar:/home/runner/.m2/repository/com/fasterxml/jackson/module/jackson-module-jaxb-annotations/2.13.4/jackson-module-jaxb-annotations-2.13.4.jar:/home/runner/.m2/repository/jakarta/xml/bind/jakarta.xml.bind-api/2.3.3/jakarta.xml.bind-api-2.3.3.jar:/home/runner/.m2/repository/jakarta/activation/jakarta.activation-api/1.2.1/jakarta.activation-api-1.2.1.jar:/home/runner/.m2/repository/javax/enterprise/cdi-api/1.2/cdi-api-1.2.jar:/home/runner/.m2/repository/javax/el/javax.el-api/3.0.0/javax.el-api-3.0.0.jar:/home/runner/.m2/repository/javax/interceptor/javax.interceptor-api/1.2/javax.interceptor-api-1.2.jar:/home/runner/.m2/repository/javax/inject/javax.inject/1/javax.inject-1.jar:/home/runner/.m2/repository/javax/xml/bind/jaxb-api/2.3.0/jaxb-api-2.3.0.jar:/home/runner/.m2/repository/org/glassfish/jaxb/jaxb-runtime/2.3.0.1/jaxb-runtime-2.3.0.1.jar:/home/runner/.m2/repository/org/glassfish/jaxb/jaxb-core/2.3.0.1/jaxb-core-2.3.0.1.jar:/home/runner/.m2/repository/org/glassfish/jaxb/txw2/2.3.0.1/txw2-2.3.0.1.jar:/home/runner/.m2/repository/com/sun/istack/istack-commons-runtime/3.0.5/istack-commons-runtime-3.0.5.jar:/home/runner/.m2/repository/org/jvnet/staxex/stax-ex/1.7.8/stax-ex-1.7.8.jar:/home/runner/.m2/repository/com/sun/xml/fastinfoset/FastInfoset/1.2.13/FastInfoset-1.2.13.jar:/home/runner/.m2/repository/javax/activation/activation/1.1.1/activation-1.1.1.jar:/home/runner/.m2/repository/io/grpc/grpc-protobuf/1.48.1/grpc-protobuf-1.48.1.jar:/home/runner/.m2/repository/io/grpc/grpc-api/1.48.1/grpc-api-1.48.1.jar:/home/runner/.m2/repository/io/grpc/grpc-context/1.48.1/grpc-context-1.48.1.jar:/home/runner/.m2/repository/com/google/api/grpc/proto-google-common-protos/2.9.0/proto-google-common-protos-2.9.0.jar:/home/runner/.m2/repository/io/grpc/grpc-protobuf-lite/1.48.1/grpc-protobuf-lite-1.48.1.jar:/home/runner/.m2/repository/io/grpc/grpc-stub/1.48.1/grpc-stub-1.48.1.jar:/home/runner/.m2/repository/io/netty/netty-transport/4.1.79.Final/netty-transport-4.1.79.Final.jar:/home/runner/.m2/repository/io/netty/netty-resolver/4.1.79.Final/netty-resolver-4.1.79.Final.jar:/home/runner/.m2/repository/org/apache/ozone/ozone-csi/1.3.0-SNAPSHOT/ozone-csi-1.3.0-SNAPSHOT.jar:/home/runner/.m2/repository/com/google/protobuf/protobuf-java-util/3.19.2/protobuf-java-util-3.19.2.jar:/home/runner/.m2/repository/com/google/code/gson/gson/2.9.0/gson-2.9.0.jar:/home/runner/.m2/repository/org/apache/ozone/hdds-config/1.3.0-SNAPSHOT/hdds-config-1.3.0-SNAPSHOT.jar:/home/runner/.m2/repository/io/netty/netty-transport-native-epoll/4.1.79.Final/netty-transport-native-epoll-4.1.79.Final-linux-x86_64.jar:/home/runner/.m2/repository/io/netty/netty-transport-classes-epoll/4.1.79.Final/netty-transport-classes-epoll-4.1.79.Final.jar:/home/runner/.m2/repository/io/netty/netty-transport-native-unix-common/4.1.79.Final/netty-transport-native-unix-common-4.1.79.Final.jar:/home/runner/.m2/repository/org/slf4j/slf4j-reload4j/1.7.36/slf4j-reload4j-1.7.36.jar:/home/runner/.m2/repository/org/apache/ozone/ozone-recon/1.3.0-SNAPSHOT/ozone-recon-1.3.0-SNAPSHOT.jar:/home/runner/.m2/repository/org/apache/ozone/ozone-reconcodegen/1.3.0-SNAPSHOT/ozone-reconcodegen-1.3.0-SNAPSHOT.jar:/home/runner/.m2/repository/com/google/inject/extensions/guice-multibindings/4.0/guice-multibindings-4.0.jar:/home/runner/.m2/repository/com/google/inject/guice/4.0/guice-4.0.jar:/home/runner/.m2/repository/aopalliance/aopalliance/1.0/aopalliance-1.0.jar:/home/runner/.m2/repository/com/google/inject/extensions/guice-assistedinject/4.0/guice-assistedinject-4.0.jar:/home/runner/.m2/repository/com/google/inject/extensions/guice-servlet/4.0/guice-servlet-4.0.jar:/home/runner/.m2/repository/org/glassfish/jersey/containers/jersey-container-servlet/2.34/jersey-container-servlet-2.34.jar:/home/runner/.m2/repository/org/glassfish/hk2/guice-bridge/2.5.0/guice-bridge-2.5.0.jar:/home/runner/.m2/repository/org/glassfish/jersey/core/jersey-server/2.34/jersey-server-2.34.jar:/home/runner/.m2/repository/org/glassfish/jersey/core/jersey-client/2.34/jersey-client-2.34.jar:/home/runner/.m2/repository/jakarta/annotation/jakarta.annotation-api/1.3.5/jakarta.annotation-api-1.3.5.jar:/home/runner/.m2/repository/jakarta/validation/jakarta.validation-api/2.0.2/jakarta.validation-api-2.0.2.jar:/home/runner/.m2/repository/org/glassfish/jersey/media/jersey-media-json-jackson/2.34/jersey-media-json-jackson-2.34.jar:/home/runner/.m2/repository/org/glassfish/jersey/ext/jersey-entity-filtering/2.34/jersey-entity-filtering-2.34.jar:/home/runner/.m2/repository/org/jooq/jooq/3.11.10/jooq-3.11.10.jar:/home/runner/.m2/repository/org/jooq/jooq-meta/3.11.10/jooq-meta-3.11.10.jar:/home/runner/.m2/repository/org/jooq/jooq-codegen/3.11.10/jooq-codegen-3.11.10.jar:/home/runner/.m2/repository/com/jolbox/bonecp/0.8.0.RELEASE/bonecp-0.8.0.RELEASE.jar:/home/runner/.m2/repository/org/apache/derby/derby/10.14.2.0/derby-10.14.2.0.jar:/home/runner/.m2/repository/org/xerial/sqlite-jdbc/3.25.2/sqlite-jdbc-3.25.2.jar:/home/runner/.m2/repository/org/springframework/spring-jdbc/5.3.23/spring-jdbc-5.3.23.jar:/home/runner/.m2/repository/org/springframework/spring-beans/5.3.23/spring-beans-5.3.23.jar:/home/runner/.m2/repository/org/springframework/spring-core/5.3.23/spring-core-5.3.23.jar:/home/runner/.m2/repository/org/springframework/spring-jcl/5.3.23/spring-jcl-5.3.23.jar:/home/runner/.m2/repository/org/springframework/spring-tx/5.3.23/spring-tx-5.3.23.jar:/home/runner/.m2/repository/org/apache/ozone/ozone-client/1.3.0-SNAPSHOT/ozone-client-1.3.0-SNAPSHOT.jar:/home/runner/.m2/repository/org/apache/ozone/hdds-erasurecode/1.3.0-SNAPSHOT/hdds-erasurecode-1.3.0-SNAPSHOT.jar:/home/runner/.m2/repository/org/apache/ozone/ozone-filesystem/1.3.0-SNAPSHOT/ozone-filesystem-1.3.0-SNAPSHOT.jar:/home/runner/.m2/repository/org/apache/ozone/ozone-filesystem-common/1.3.0-SNAPSHOT/ozone-filesystem-common-1.3.0-SNAPSHOT.jar:/home/runner/.m2/repository/org/apache/ozone/ozone-tools/1.3.0-SNAPSHOT/ozone-tools-1.3.0-SNAPSHOT.jar:/home/runner/.m2/repository/org/apache/ratis/ratis-tools/2.4.0/ratis-tools-2.4.0.jar:/home/runner/.m2/repository/com/amazonaws/aws-java-sdk-core/1.12.261/aws-java-sdk-core-1.12.261.jar:/home/runner/.m2/repository/org/apache/httpcomponents/httpclient/4.5.13/httpclient-4.5.13.jar:/home/runner/.m2/repository/org/apache/httpcomponents/httpcore/4.4.13/httpcore-4.4.13.jar:/home/runner/.m2/repository/software/amazon/ion/ion-java/1.0.2/ion-java-1.0.2.jar:/home/runner/.m2/repository/com/fasterxml/jackson/dataformat/jackson-dataformat-cbor/2.13.4/jackson-dataformat-cbor-2.13.4.jar:/home/runner/.m2/repository/joda-time/joda-time/2.8.1/joda-time-2.8.1.jar:/home/runner/.m2/repository/com/amazonaws/aws-java-sdk-s3/1.12.261/aws-java-sdk-s3-1.12.261.jar:/home/runner/.m2/repository/com/amazonaws/aws-java-sdk-kms/1.12.261/aws-java-sdk-kms-1.12.261.jar:/home/runner/.m2/repository/com/amazonaws/jmespath-java/1.12.261/jmespath-java-1.12.261.jar:/home/runner/.m2/repository/org/kohsuke/metainf-services/metainf-services/1.8/metainf-services-1.8.jar:/home/runner/.m2/repository/org/apache/ozone/hdds-tools/1.3.0-SNAPSHOT/hdds-tools-1.3.0-SNAPSHOT.jar:/home/runner/.m2/repository/commons-cli/commons-cli/1.2/commons-cli-1.2.jar:/home/runner/.m2/repository/org/apache/commons/commons-lang3/3.7/commons-lang3-3.7.jar:/home/runner/.m2/repository/org/apache/ozone/ozone-manager/1.3.0-SNAPSHOT/ozone-manager-1.3.0-SNAPSHOT-tests.jar:/home/runner/.m2/repository/org/apache/ozone/hdds-common/1.3.0-SNAPSHOT/hdds-common-1.3.0-SNAPSHOT-tests.jar:/home/runner/.m2/repository/org/apache/ozone/hdds-hadoop-dependency-client/1.3.0-SNAPSHOT/hdds-hadoop-dependency-client-1.3.0-SNAPSHOT.jar:/home/runner/.m2/repository/info/picocli/picocli/4.6.1/picocli-4.6.1.jar:/home/runner/.m2/repository/com/fasterxml/jackson/core/jackson-annotations/2.13.4/jackson-annotations-2.13.4.jar:/home/runner/.m2/repository/com/fasterxml/jackson/datatype/jackson-datatype-jsr310/2.13.4/jackson-datatype-jsr310-2.13.4.jar:/home/runner/.m2/repository/org/apache/ozone/hdds-annotation-processing/1.3.0-SNAPSHOT/hdds-annotation-processing-1.3.0-SNAPSHOT.jar:/home/runner/.m2/repository/javax/annotation/javax.annotation-api/1.2/javax.annotation-api-1.2.jar:/home/runner/.m2/repository/org/apache/ratis/ratis-server/2.4.0/ratis-server-2.4.0.jar:/home/runner/.m2/repository/org/apache/ratis/ratis-client/2.4.0/ratis-client-2.4.0.jar:/home/runner/.m2/repository/org/apache/ratis/ratis-server-api/2.4.0/ratis-server-api-2.4.0.jar:/home/runner/.m2/repository/org/apache/ratis/ratis-metrics/2.4.0/ratis-metrics-2.4.0.jar:/home/runner/.m2/repository/org/apache/ratis/ratis-netty/2.4.0/ratis-netty-2.4.0.jar:/home/runner/.m2/repository/org/apache/ratis/ratis-grpc/2.4.0/ratis-grpc-2.4.0.jar:/home/runner/.m2/repository/org/apache/logging/log4j/log4j-api/2.17.1/log4j-api-2.17.1.jar:/home/runner/.m2/repository/org/apache/commons/commons-pool2/2.6.0/commons-pool2-2.6.0.jar:/home/runner/.m2/repository/org/bouncycastle/bcpkix-jdk15on/1.67/bcpkix-jdk15on-1.67.jar:/home/runner/.m2/repository/commons-validator/commons-validator/1.6/commons-validator-1.6.jar:/home/runner/.m2/repository/commons-beanutils/commons-beanutils/1.9.4/commons-beanutils-1.9.4.jar:/home/runner/.m2/repository/commons-digester/commons-digester/1.8.1/commons-digester-1.8.1.jar:/home/runner/.m2/repository/commons-collections/commons-collections/3.2.2/commons-collections-3.2.2.jar:/home/runner/.m2/repository/io/jaegertracing/jaeger-client/1.6.0/jaeger-client-1.6.0.jar:/home/runner/.m2/repository/io/jaegertracing/jaeger-thrift/1.6.0/jaeger-thrift-1.6.0.jar:/home/runner/.m2/repository/org/apache/thrift/libthrift/0.14.1/libthrift-0.14.1.jar:/home/runner/.m2/repository/io/jaegertracing/jaeger-core/1.6.0/jaeger-core-1.6.0.jar:/home/runner/.m2/repository/io/jaegertracing/jaeger-tracerresolver/1.6.0/jaeger-tracerresolver-1.6.0.jar:/home/runner/.m2/repository/io/opentracing/contrib/opentracing-tracerresolver/0.1.8/opentracing-tracerresolver-0.1.8.jar:/home/runner/.m2/repository/org/jetbrains/kotlin/kotlin-stdlib/1.6.21/kotlin-stdlib-1.6.21.jar:/home/runner/.m2/repository/org/jetbrains/annotations/13.0/annotations-13.0.jar:/home/runner/.m2/repository/io/opentracing/opentracing-util/0.33.0/opentracing-util-0.33.0.jar:/home/runner/.m2/repository/io/opentracing/opentracing-api/0.33.0/opentracing-api-0.33.0.jar:/home/runner/.m2/repository/io/opentracing/opentracing-noop/0.33.0/opentracing-noop-0.33.0.jar:/home/runner/.m2/repository/org/yaml/snakeyaml/1.32/snakeyaml-1.32.jar:/home/runner/.m2/repository/org/apache/ozone/hdds-interface-admin/1.3.0-SNAPSHOT/hdds-interface-admin-1.3.0-SNAPSHOT.jar:/home/runner/.m2/repository/junit/junit/4.13.1/junit-4.13.1.jar:/home/runner/.m2/repository/org/hamcrest/hamcrest-core/1.3/hamcrest-core-1.3.jar:/home/runner/.m2/repository/org/junit/jupiter/junit-jupiter-api/5.8.2/junit-jupiter-api-5.8.2.jar:/home/runner/.m2/repository/org/opentest4j/opentest4j/1.2.0/opentest4j-1.2.0.jar:/home/runner/.m2/repository/org/junit/platform/junit-platform-commons/1.8.2/junit-platform-commons-1.8.2.jar:/home/runner/.m2/repository/org/apiguardian/apiguardian-api/1.1.2/apiguardian-api-1.1.2.jar:/home/runner/.m2/repository/org/junit/jupiter/junit-jupiter-params/5.8.2/junit-jupiter-params-5.8.2.jar:/home/runner/.m2/repository/org/junit/jupiter/junit-jupiter-migrationsupport/5.8.2/junit-jupiter-migrationsupport-5.8.2.jar:/home/runner/.m2/repository/org/junit/jupiter/junit-jupiter-engine/5.8.2/junit-jupiter-engine-5.8.2.jar:/home/runner/.m2/repository/org/junit/platform/junit-platform-engine/1.8.2/junit-platform-engine-1.8.2.jar:/home/runner/.m2/repository/org/junit/vintage/junit-vintage-engine/5.8.2/junit-vintage-engine-5.8.2.jar:/home/runner/.m2/repository/org/junit/platform/junit-platform-launcher/1.8.2/junit-platform-launcher-1.8.2.jar:/home/runner/.m2/repository/org/mockito/mockito-core/2.28.2/mockito-core-2.28.2.jar:/home/runner/.m2/repository/net/bytebuddy/byte-buddy/1.9.10/byte-buddy-1.9.10.jar:/home/runner/.m2/repository/net/bytebuddy/byte-buddy-agent/1.9.10/byte-buddy-agent-1.9.10.jar:/home/runner/.m2/repository/org/objenesis/objenesis/1.0/objenesis-1.0.jar:/home/runner/.m2/repository/org/apache/hadoop/hadoop-kms/3.3.4/hadoop-kms-3.3.4.jar:/home/runner/.m2/repository/org/apache/hadoop/hadoop-auth/3.3.4/hadoop-auth-3.3.4.jar:/home/runner/.m2/repository/com/nimbusds/nimbus-jose-jwt/7.9/nimbus-jose-jwt-7.9.jar:/home/runner/.m2/repository/com/github/stephenc/jcip/jcip-annotations/1.0-1/jcip-annotations-1.0-1.jar:/home/runner/.m2/repository/net/minidev/json-smart/2.4.7/json-smart-2.4.7.jar:/home/runner/.m2/repository/net/minidev/accessors-smart/2.4.7/accessors-smart-2.4.7.jar:/home/runner/.m2/repository/org/ow2/asm/asm/5.0.4/asm-5.0.4.jar:/home/runner/.m2/repository/org/apache/zookeeper/zookeeper/3.5.6/zookeeper-3.5.6.jar:/home/runner/.m2/repository/org/apache/zookeeper/zookeeper-jute/3.5.6/zookeeper-jute-3.5.6.jar:/home/runner/.m2/repository/org/apache/yetus/audience-annotations/0.5.0/audience-annotations-0.5.0.jar:/home/runner/.m2/repository/org/apache/curator/curator-framework/4.2.0/curator-framework-4.2.0.jar:/home/runner/.m2/repository/org/apache/hadoop/thirdparty/hadoop-shaded-guava/1.1.1/hadoop-shaded-guava-1.1.1.jar:/home/runner/.m2/repository/com/sun/jersey/jersey-core/1.19/jersey-core-1.19.jar:/home/runner/.m2/repository/javax/ws/rs/jsr311-api/1.1.1/jsr311-api-1.1.1.jar:/home/runner/.m2/repository/com/sun/jersey/jersey-server/1.19/jersey-server-1.19.jar:/home/runner/.m2/repository/javax/servlet/javax.servlet-api/3.1.0/javax.servlet-api-3.1.0.jar:/home/runner/.m2/repository/org/eclipse/jetty/jetty-server/9.4.49.v20220914/jetty-server-9.4.49.v20220914.jar:/home/runner/.m2/repository/org/eclipse/jetty/jetty-http/9.4.49.v20220914/jetty-http-9.4.49.v20220914.jar:/home/runner/.m2/repository/org/eclipse/jetty/jetty-io/9.4.49.v20220914/jetty-io-9.4.49.v20220914.jar:/home/runner/.m2/repository/org/eclipse/jetty/jetty-webapp/9.4.49.v20220914/jetty-webapp-9.4.49.v20220914.jar:/home/runner/.m2/repository/org/eclipse/jetty/jetty-xml/9.4.49.v20220914/jetty-xml-9.4.49.v20220914.jar:/home/runner/.m2/repository/org/apache/hadoop/hadoop-common/3.3.4/hadoop-common-3.3.4.jar:/home/runner/.m2/repository/org/apache/commons/commons-math3/3.1.1/commons-math3-3.1.1.jar:/home/runner/.m2/repository/commons-net/commons-net/3.6/commons-net-3.6.jar:/home/runner/.m2/repository/com/sun/jersey/jersey-servlet/1.19/jersey-servlet-1.19.jar:/home/runner/.m2/repository/com/sun/jersey/jersey-json/1.19/jersey-json-1.19.jar:/home/runner/.m2/repository/org/codehaus/jettison/jettison/1.1/jettison-1.1.jar:/home/runner/.m2/repository/com/sun/xml/bind/jaxb-impl/2.2.3-1/jaxb-impl-2.2.3-1.jar:/home/runner/.m2/repository/org/codehaus/jackson/jackson-xc/1.9.2/jackson-xc-1.9.2.jar:/home/runner/.m2/repository/com/google/re2j/re2j/1.1/re2j-1.1.jar:/home/runner/.m2/repository/com/jcraft/jsch/0.1.54/jsch-0.1.54.jar:/home/runner/.m2/repository/org/apache/curator/curator-client/4.2.0/curator-client-4.2.0.jar:/home/runner/.m2/repository/org/apache/curator/curator-recipes/4.2.0/curator-recipes-4.2.0.jar:/home/runner/.m2/repository/org/apache/kerby/kerb-core/1.0.1/kerb-core-1.0.1.jar:/home/runner/.m2/repository/org/apache/kerby/kerby-pkix/1.0.1/kerby-pkix-1.0.1.jar:/home/runner/.m2/repository/org/apache/kerby/kerby-asn1/1.0.1/kerby-asn1-1.0.1.jar:/home/runner/.m2/repository/org/apache/kerby/kerby-util/1.0.1/kerby-util-1.0.1.jar:/home/runner/.m2/repository/dnsjava/dnsjava/2.1.7/dnsjava-2.1.7.jar:/home/runner/.m2/repository/org/xerial/snappy/snappy-java/1.1.8.2/snappy-java-1.1.8.2.jar:/home/runner/.m2/repository/org/eclipse/jetty/jetty-util/9.4.49.v20220914/jetty-util-9.4.49.v20220914.jar:/home/runner/.m2/repository/com/fasterxml/jackson/core/jackson-databind/2.13.4.2/jackson-databind-2.13.4.2.jar:/home/runner/.m2/repository/org/apache/hadoop/hadoop-kms/3.3.4/hadoop-kms-3.3.4-tests.jar:/home/runner/.m2/repository/org/apache/ozone/hdds-server-scm/1.3.0-SNAPSHOT/hdds-server-scm-1.3.0-SNAPSHOT-tests.jar:/home/runner/.m2/repository/org/apache/ozone/hdds-container-service/1.3.0-SNAPSHOT/hdds-container-service-1.3.0-SNAPSHOT-tests.jar:/home/runner/.m2/repository/commons-codec/commons-codec/1.11/commons-codec-1.11.jar:/home/runner/.m2/repository/io/netty/netty-codec/4.1.79.Final/netty-codec-4.1.79.Final.jar:/home/runner/.m2/repository/io/netty/netty-handler/4.1.79.Final/netty-handler-4.1.79.Final.jar:/home/runner/.m2/repository/org/apache/ozone/hdds-hadoop-dependency-test/1.3.0-SNAPSHOT/hdds-hadoop-dependency-test-1.3.0-SNAPSHOT.jar:/home/runner/.m2/repository/org/apache/hadoop/hadoop-common/3.3.4/hadoop-common-3.3.4-tests.jar:/home/runner/.m2/repository/org/apache/hadoop/hadoop-hdfs/3.3.4/hadoop-hdfs-3.3.4-tests.jar:/home/runner/.m2/repository/org/assertj/assertj-core/3.12.2/assertj-core-3.12.2.jar:/home/runner/.m2/repository/org/apache/hadoop/hadoop-distcp/3.3.4/hadoop-distcp-3.3.4.jar:/home/runner/.m2/repository/org/apache/hadoop/hadoop-mapreduce-client-jobclient/3.3.4/hadoop-mapreduce-client-jobclient-3.3.4.jar:/home/runner/.m2/repository/org/apache/hadoop/hadoop-mapreduce-client-common/3.3.4/hadoop-mapreduce-client-common-3.3.4.jar:/home/runner/.m2/repository/org/apache/hadoop/hadoop-yarn-common/3.3.4/hadoop-yarn-common-3.3.4.jar:/home/runner/.m2/repository/org/apache/hadoop/hadoop-yarn-api/3.3.4/hadoop-yarn-api-3.3.4.jar:/home/runner/.m2/repository/com/sun/jersey/contribs/jersey-guice/1.19/jersey-guice-1.19.jar:/home/runner/.m2/repository/com/fasterxml/jackson/jaxrs/jackson-jaxrs-json-provider/2.13.4/jackson-jaxrs-json-provider-2.13.4.jar:/home/runner/.m2/repository/com/fasterxml/jackson/jaxrs/jackson-jaxrs-base/2.13.4/jackson-jaxrs-base-2.13.4.jar:/home/runner/.m2/repository/org/apache/hadoop/hadoop-yarn-client/3.3.4/hadoop-yarn-client-3.3.4.jar:/home/runner/.m2/repository/org/eclipse/jetty/websocket/websocket-client/9.4.43.v20210629/websocket-client-9.4.43.v20210629.jar:/home/runner/.m2/repository/org/eclipse/jetty/websocket/websocket-common/9.4.43.v20210629/websocket-common-9.4.43.v20210629.jar:/home/runner/.m2/repository/org/eclipse/jetty/websocket/websocket-api/9.4.43.v20210629/websocket-api-9.4.43.v20210629.jar:/home/runner/.m2/repository/org/jline/jline/3.9.0/jline-3.9.0.jar:/home/runner/.m2/repository/org/apache/hadoop/hadoop-mapreduce-client-core/3.3.4/hadoop-mapreduce-client-core-3.3.4.jar:/home/runner/.m2/repository/org/apache/avro/avro/1.7.7/avro-1.7.7.jar:/home/runner/.m2/repository/org/codehaus/jackson/jackson-core-asl/1.9.13/jackson-core-asl-1.9.13.jar:/home/runner/.m2/repository/org/codehaus/jackson/jackson-mapper-asl/1.9.13/jackson-mapper-asl-1.9.13.jar:/home/runner/.m2/repository/com/thoughtworks/paranamer/paranamer/2.3/paranamer-2.3.jar:/home/runner/.m2/repository/org/apache/hadoop/hadoop-annotations/3.3.4/hadoop-annotations-3.3.4.jar:/usr/lib/jvm/temurin-8-jdk-amd64/jre/../lib/tools.jar:/home/runner/.m2/repository/io/netty/netty/3.10.6.Final/netty-3.10.6.Final.jar:/home/runner/.m2/repository/org/apache/hadoop/hadoop-distcp/3.3.4/hadoop-distcp-3.3.4-tests.jar:/home/runner/.m2/repository/org/slf4j/jul-to-slf4j/1.7.36/jul-to-slf4j-1.7.36.jar:/home/runner/.m2/repository/org/apache/ratis/ratis-common/2.4.0/ratis-common-2.4.0.jar:/home/runner/.m2/repository/org/apache/ratis/ratis-thirdparty-misc/1.0.2/ratis-thirdparty-misc-1.0.2.jar:/home/runner/.m2/repository/org/apache/ratis/ratis-proto/2.4.0/ratis-proto-2.4.0.jar:"/>
    <property name="sun.cpu.endian" value="little"/>
    <property name="user.home" value="/home/runner"/>
    <property name="user.language" value="en"/>
    <property name="java.specification.vendor" value="Oracle Corporation"/>
    <property name="java.home" value="/usr/lib/jvm/temurin-8-jdk-amd64/jre"/>
    <property name="java.security.krb5.conf" value="/home/runner/work/ozone/ozone/hadoop-ozone/integration-test/target/test-classes/krb5.conf"/>
    <property name="basedir" value="/home/runner/work/ozone/ozone/hadoop-ozone/integration-test"/>
    <property name="file.separator" value="/"/>
    <property name="line.separator" value="&#10;"/>
    <property name="java.vm.specification.vendor" value="Oracle Corporation"/>
    <property name="java.specification.name" value="Java Platform API Specification"/>
    <property name="java.awt.graphicsenv" value="sun.awt.X11GraphicsEnvironment"/>
    <property name="skip.installnpx" value="true"/>
    <property name="surefire.real.class.path" value="/home/runner/work/ozone/ozone/hadoop-ozone/integration-test/target/surefire/surefirebooter605321045157268534.jar:/home/runner/.m2/repository/org/jacoco/org.jacoco.agent/0.8.5/org.jacoco.agent-0.8.5-runtime.jar"/>
    <property name="hadoop.log.dir" value="/home/runner/work/ozone/ozone/hadoop-ozone/integration-test/target/log"/>
    <property name="sun.boot.class.path" value="/usr/lib/jvm/temurin-8-jdk-amd64/jre/lib/resources.jar:/usr/lib/jvm/temurin-8-jdk-amd64/jre/lib/rt.jar:/usr/lib/jvm/temurin-8-jdk-amd64/jre/lib/sunrsasign.jar:/usr/lib/jvm/temurin-8-jdk-amd64/jre/lib/jsse.jar:/usr/lib/jvm/temurin-8-jdk-amd64/jre/lib/jce.jar:/usr/lib/jvm/temurin-8-jdk-amd64/jre/lib/charsets.jar:/usr/lib/jvm/temurin-8-jdk-amd64/jre/lib/jfr.jar:/usr/lib/jvm/temurin-8-jdk-amd64/jre/classes"/>
    <property name="sun.management.compiler" value="HotSpot 64-Bit Tiered Compilers"/>
    <property name="skip.npx" value="true"/>
    <property name="java.runtime.version" value="1.8.0_345-b01"/>
    <property name="java.net.preferIPv4Stack" value="true"/>
    <property name="user.name" value="runner"/>
    <property name="path.separator" value=":"/>
    <property name="java.security.egd" value="file:///dev/urandom"/>
    <property name="os.version" value="5.15.0-1022-azure"/>
    <property name="java.endorsed.dirs" value="/usr/lib/jvm/temurin-8-jdk-amd64/jre/lib/endorsed"/>
    <property name="java.runtime.name" value="OpenJDK Runtime Environment"/>
    <property name="file.encoding" value="UTF-8"/>
    <property name="java.vm.name" value="OpenJDK 64-Bit Server VM"/>
    <property name="test.build.webapps" value=""/>
    <property name="localRepository" value="/home/runner/.m2/repository"/>
    <property name="jetty.git.hash" value="4231a3b2e4cb8548a412a789936d640a97b1aa0a"/>
    <property name="java.vendor.url.bug" value="https://github.com/adoptium/adoptium-support/issues"/>
    <property name="java.io.tmpdir" value="/tmp"/>
    <property name="require.test.libhadoop" value=""/>
    <property name="java.version" value="1.8.0_345"/>
    <property name="user.dir" value="/home/runner/work/ozone/ozone/hadoop-ozone/integration-test"/>
    <property name="os.arch" value="amd64"/>
    <property name="java.vm.specification.name" value="Java Virtual Machine Specification"/>
    <property name="test.build.classes" value="/home/runner/work/ozone/ozone/hadoop-ozone/integration-test/target/test-classes"/>
    <property name="java.awt.printerjob" value="sun.print.PSPrinterJob"/>
    <property name="sun.os.patch.level" value="unknown"/>
    <property name="org.apache.ratis.thirdparty.io.netty.allocator.useCacheForAllThreads" value="false"/>
    <property name="hadoop.tmp.dir" value="/home/runner/work/ozone/ozone/hadoop-ozone/integration-test/target/tmp"/>
    <property name="java.library.path" value="/usr/java/packages/lib/amd64:/usr/lib64:/lib64:/lib:/usr/lib"/>
    <property name="java.vm.info" value="mixed mode"/>
    <property name="java.vendor" value="Temurin"/>
    <property name="java.vm.version" value="25.345-b01"/>
    <property name="java.ext.dirs" value="/usr/lib/jvm/temurin-8-jdk-amd64/jre/lib/ext:/usr/java/packages/lib/ext"/>
    <property name="sun.io.unicode.encoding" value="UnicodeLittle"/>
    <property name="java.class.version" value="52.0"/>
  </properties>
  <testcase name="testContainerRecoveryOverReplicationProcessing" classname="org.apache.hadoop.ozone.container.TestECContainerRecovery" time="106.673">
    <error type="java.util.concurrent.TimeoutException"><![CDATA[java.util.concurrent.TimeoutException: 
Timed out waiting for condition. Thread diagnostics:
Timestamp: 2022-11-04 01:18:34,298

"Datanode State Machine Task Thread - 0"  prio=5 tid=410 in Object.wait()
java.lang.Thread.State: WAITING (on object monitor)
        at sun.misc.Unsafe.park(Native Method)
        at java.util.concurrent.locks.LockSupport.park(LockSupport.java:175)
        at java.util.concurrent.locks.AbstractQueuedSynchronizer$ConditionObject.await(AbstractQueuedSynchronizer.java:2039)
        at java.util.concurrent.LinkedBlockingQueue.take(LinkedBlockingQueue.java:442)
        at java.util.concurrent.ThreadPoolExecutor.getTask(ThreadPoolExecutor.java:1074)
        at java.util.concurrent.ThreadPoolExecutor.runWorker(ThreadPoolExecutor.java:1134)
        at java.util.concurrent.ThreadPoolExecutor$Worker.run(ThreadPoolExecutor.java:624)
        at java.lang.Thread.run(Thread.java:750)
"IPC Server listener on 0" daemon prio=5 tid=31 runnable
java.lang.Thread.State: RUNNABLE
        at sun.nio.ch.EPollArrayWrapper.epollWait(Native Method)
        at sun.nio.ch.EPollArrayWrapper.poll(EPollArrayWrapper.java:269)
        at sun.nio.ch.EPollSelectorImpl.doSelect(EPollSelectorImpl.java:93)
        at sun.nio.ch.SelectorImpl.lockAndDoSelect(SelectorImpl.java:86)
        at sun.nio.ch.SelectorImpl.select(SelectorImpl.java:97)
        at sun.nio.ch.SelectorImpl.select(SelectorImpl.java:101)
        at org.apache.hadoop.ipc.Server$Listener.run(Server.java:1358)
"5b5b9152-5d2c-4522-9940-e93bc8d8546d@group-3134A2B79DBE-SegmentedRaftLogWorker"  prio=5 tid=668 timed_waiting
java.lang.Thread.State: TIMED_WAITING
        at sun.misc.Unsafe.park(Native Method)
        at java.util.concurrent.locks.LockSupport.parkNanos(LockSupport.java:215)
        at java.util.concurrent.locks.AbstractQueuedSynchronizer$ConditionObject.awaitNanos(AbstractQueuedSynchronizer.java:2078)
        at org.apache.ratis.util.DataBlockingQueue.poll(DataBlockingQueue.java:148)
        at org.apache.ratis.server.raftlog.segmented.SegmentedRaftLogWorker.run(SegmentedRaftLogWorker.java:310)
        at org.apache.ratis.server.raftlog.segmented.SegmentedRaftLogWorker$$Lambda$665/1658742493.run(Unknown Source)
        at java.lang.Thread.run(Thread.java:750)
"qtp1374355136-115" daemon prio=5 tid=115 timed_waiting
java.lang.Thread.State: TIMED_WAITING
        at sun.misc.Unsafe.park(Native Method)
        at java.util.concurrent.locks.LockSupport.parkNanos(LockSupport.java:215)
        at java.util.concurrent.locks.AbstractQueuedSynchronizer$ConditionObject.awaitNanos(AbstractQueuedSynchronizer.java:2078)
        at org.eclipse.jetty.util.BlockingArrayQueue.poll(BlockingArrayQueue.java:382)
        at org.eclipse.jetty.util.thread.QueuedThreadPool$Runner.idleJobPoll(QueuedThreadPool.java:974)
        at org.eclipse.jetty.util.thread.QueuedThreadPool$Runner.run(QueuedThreadPool.java:1018)
        at java.lang.Thread.run(Thread.java:750)
"IPC Server handler 8 on default port 44219" daemon prio=5 tid=75 timed_waiting
java.lang.Thread.State: TIMED_WAITING
        at sun.misc.Unsafe.park(Native Method)
        at java.util.concurrent.locks.LockSupport.parkNanos(LockSupport.java:215)
        at java.util.concurrent.locks.AbstractQueuedSynchronizer$ConditionObject.awaitNanos(AbstractQueuedSynchronizer.java:2078)
        at java.util.concurrent.LinkedBlockingQueue.poll(LinkedBlockingQueue.java:467)
        at org.apache.hadoop.ipc.CallQueueManager.take(CallQueueManager.java:317)
        at org.apache.hadoop.ipc.Server$Handler.run(Server.java:2942)
"org.apache.hadoop.ozone.container.common.statemachine.commandhandler.DeleteBlocksCommandHandler$DeleteCmdWorker@3e7f090b" daemon prio=5 tid=417 timed_waiting
java.lang.Thread.State: TIMED_WAITING
        at java.lang.Thread.sleep(Native Method)
        at org.apache.hadoop.ozone.container.common.statemachine.commandhandler.DeleteBlocksCommandHandler$DeleteCmdWorker.run(DeleteBlocksCommandHandler.java:183)
        at java.lang.Thread.run(Thread.java:750)
"99050580-db91-402e-a30b-7426b5391f3a@group-D39F9C32CD8E-SegmentedRaftLogWorker"  prio=5 tid=620 timed_waiting
java.lang.Thread.State: TIMED_WAITING
        at sun.misc.Unsafe.park(Native Method)
        at java.util.concurrent.locks.LockSupport.parkNanos(LockSupport.java:215)
        at java.util.concurrent.locks.AbstractQueuedSynchronizer$ConditionObject.awaitNanos(AbstractQueuedSynchronizer.java:2078)
        at org.apache.ratis.util.DataBlockingQueue.poll(DataBlockingQueue.java:148)
        at org.apache.ratis.server.raftlog.segmented.SegmentedRaftLogWorker.run(SegmentedRaftLogWorker.java:310)
        at org.apache.ratis.server.raftlog.segmented.SegmentedRaftLogWorker$$Lambda$665/1658742493.run(Unknown Source)
        at java.lang.Thread.run(Thread.java:750)
"Session-HouseKeeper-6c035744-1"  prio=5 tid=246 timed_waiting
java.lang.Thread.State: TIMED_WAITING
        at sun.misc.Unsafe.park(Native Method)
        at java.util.concurrent.locks.LockSupport.parkNanos(LockSupport.java:215)
        at java.util.concurrent.locks.AbstractQueuedSynchronizer$ConditionObject.awaitNanos(AbstractQueuedSynchronizer.java:2078)
        at java.util.concurrent.ScheduledThreadPoolExecutor$DelayedWorkQueue.take(ScheduledThreadPoolExecutor.java:1093)
        at java.util.concurrent.ScheduledThreadPoolExecutor$DelayedWorkQueue.take(ScheduledThreadPoolExecutor.java:809)
        at java.util.concurrent.ThreadPoolExecutor.getTask(ThreadPoolExecutor.java:1074)
        at java.util.concurrent.ThreadPoolExecutor.runWorker(ThreadPoolExecutor.java:1134)
        at java.util.concurrent.ThreadPoolExecutor$Worker.run(ThreadPoolExecutor.java:624)
        at java.lang.Thread.run(Thread.java:750)
"qtp1298279735-344" daemon prio=5 tid=344 timed_waiting
java.lang.Thread.State: TIMED_WAITING
        at sun.misc.Unsafe.park(Native Method)
        at java.util.concurrent.locks.LockSupport.parkNanos(LockSupport.java:215)
        at java.util.concurrent.locks.AbstractQueuedSynchronizer$ConditionObject.awaitNanos(AbstractQueuedSynchronizer.java:2078)
        at org.eclipse.jetty.util.BlockingArrayQueue.poll(BlockingArrayQueue.java:382)
        at org.eclipse.jetty.util.thread.QueuedThreadPool$Runner.idleJobPoll(QueuedThreadPool.java:974)
        at org.eclipse.jetty.util.thread.QueuedThreadPool$Runner.run(QueuedThreadPool.java:1018)
        at java.lang.Thread.run(Thread.java:750)
"ChunkReader-ELG-0" daemon prio=5 tid=561 runnable
java.lang.Thread.State: RUNNABLE
        at org.apache.ratis.thirdparty.io.netty.channel.epoll.Native.epollWait0(Native Method)
        at org.apache.ratis.thirdparty.io.netty.channel.epoll.Native.epollWait(Native.java:182)
        at org.apache.ratis.thirdparty.io.netty.channel.epoll.EpollEventLoop.epollWait(EpollEventLoop.java:290)
        at org.apache.ratis.thirdparty.io.netty.channel.epoll.EpollEventLoop.run(EpollEventLoop.java:354)
        at org.apache.ratis.thirdparty.io.netty.util.concurrent.SingleThreadEventExecutor$4.run(SingleThreadEventExecutor.java:995)
        at org.apache.ratis.thirdparty.io.netty.util.internal.ThreadExecutorMap$2.run(ThreadExecutorMap.java:74)
        at java.lang.Thread.run(Thread.java:750)
"qtp743713322-240" daemon prio=5 tid=240 timed_waiting
java.lang.Thread.State: TIMED_WAITING
        at sun.misc.Unsafe.park(Native Method)
        at java.util.concurrent.locks.LockSupport.parkNanos(LockSupport.java:215)
        at java.util.concurrent.locks.AbstractQueuedSynchronizer$ConditionObject.awaitNanos(AbstractQueuedSynchronizer.java:2078)
        at org.eclipse.jetty.util.BlockingArrayQueue.poll(BlockingArrayQueue.java:382)
        at org.eclipse.jetty.util.thread.QueuedThreadPool$Runner.idleJobPoll(QueuedThreadPool.java:974)
        at org.eclipse.jetty.util.thread.QueuedThreadPool$Runner.run(QueuedThreadPool.java:1018)
        at java.lang.Thread.run(Thread.java:750)
"99050580-db91-402e-a30b-7426b5391f3a@group-0E0524D27BC6-StateMachineUpdater" daemon prio=5 tid=638 timed_waiting
java.lang.Thread.State: TIMED_WAITING
        at sun.misc.Unsafe.park(Native Method)
        at java.util.concurrent.locks.LockSupport.parkNanos(LockSupport.java:215)
        at java.util.concurrent.CompletableFuture$Signaller.block(CompletableFuture.java:1709)
        at java.util.concurrent.ForkJoinPool.managedBlock(ForkJoinPool.java:3323)
        at java.util.concurrent.CompletableFuture.timedGet(CompletableFuture.java:1788)
        at java.util.concurrent.CompletableFuture.get(CompletableFuture.java:1928)
        at org.apache.ratis.util.AwaitForSignal.await(AwaitForSignal.java:56)
        at org.apache.ratis.server.impl.StateMachineUpdater.waitForCommit(StateMachineUpdater.java:207)
        at org.apache.ratis.server.impl.StateMachineUpdater.run(StateMachineUpdater.java:176)
        at java.lang.Thread.run(Thread.java:750)
"Datanode ReportManager Thread - 3" daemon prio=5 tid=358 in Object.wait()
java.lang.Thread.State: WAITING (on object monitor)
        at sun.misc.Unsafe.park(Native Method)
        at java.util.concurrent.locks.LockSupport.park(LockSupport.java:175)
        at java.util.concurrent.locks.AbstractQueuedSynchronizer$ConditionObject.await(AbstractQueuedSynchronizer.java:2039)
        at java.util.concurrent.ScheduledThreadPoolExecutor$DelayedWorkQueue.take(ScheduledThreadPoolExecutor.java:1088)
        at java.util.concurrent.ScheduledThreadPoolExecutor$DelayedWorkQueue.take(ScheduledThreadPoolExecutor.java:809)
        at java.util.concurrent.ThreadPoolExecutor.getTask(ThreadPoolExecutor.java:1074)
        at java.util.concurrent.ThreadPoolExecutor.runWorker(ThreadPoolExecutor.java:1134)
        at java.util.concurrent.ThreadPoolExecutor$Worker.run(ThreadPoolExecutor.java:624)
        at java.lang.Thread.run(Thread.java:750)
"IPC Server handler 0 on default port 43187" daemon prio=5 tid=87 timed_waiting
java.lang.Thread.State: TIMED_WAITING
        at sun.misc.Unsafe.park(Native Method)
        at java.util.concurrent.locks.LockSupport.parkNanos(LockSupport.java:215)
        at java.util.concurrent.locks.AbstractQueuedSynchronizer$ConditionObject.awaitNanos(AbstractQueuedSynchronizer.java:2078)
        at java.util.concurrent.LinkedBlockingQueue.poll(LinkedBlockingQueue.java:467)
        at org.apache.hadoop.ipc.CallQueueManager.take(CallQueueManager.java:317)
        at org.apache.hadoop.ipc.Server$Handler.run(Server.java:2942)
"Timer for 'StorageContainerManager' metrics system" daemon prio=5 tid=45 timed_waiting
java.lang.Thread.State: TIMED_WAITING
        at java.lang.Object.wait(Native Method)
        at java.util.TimerThread.mainLoop(Timer.java:552)
        at java.util.TimerThread.run(Timer.java:505)
"Datanode State Machine Task Thread - 0"  prio=5 tid=281 in Object.wait()
java.lang.Thread.State: WAITING (on object monitor)
        at sun.misc.Unsafe.park(Native Method)
        at java.util.concurrent.locks.LockSupport.park(LockSupport.java:175)
        at java.util.concurrent.locks.AbstractQueuedSynchronizer$ConditionObject.await(AbstractQueuedSynchronizer.java:2039)
        at java.util.concurrent.LinkedBlockingQueue.take(LinkedBlockingQueue.java:442)
        at java.util.concurrent.ThreadPoolExecutor.getTask(ThreadPoolExecutor.java:1074)
        at java.util.concurrent.ThreadPoolExecutor.runWorker(ThreadPoolExecutor.java:1134)
        at java.util.concurrent.ThreadPoolExecutor$Worker.run(ThreadPoolExecutor.java:624)
        at java.lang.Thread.run(Thread.java:750)
"18b69636-199d-46b1-a155-faec2a9e6e92@group-7B1B130E40C3-LeaderStateImpl" daemon prio=5 tid=714 timed_waiting
java.lang.Thread.State: TIMED_WAITING
        at sun.misc.Unsafe.park(Native Method)
        at java.util.concurrent.locks.LockSupport.parkNanos(LockSupport.java:215)
        at java.util.concurrent.locks.AbstractQueuedSynchronizer$ConditionObject.awaitNanos(AbstractQueuedSynchronizer.java:2078)
        at java.util.concurrent.ArrayBlockingQueue.poll(ArrayBlockingQueue.java:418)
        at org.apache.ratis.server.impl.LeaderStateImpl$EventQueue.poll(LeaderStateImpl.java:159)
        at org.apache.ratis.server.impl.LeaderStateImpl$EventProcessor.run(LeaderStateImpl.java:630)
"ChunkWriter-2-0" daemon prio=5 tid=470 in Object.wait()
java.lang.Thread.State: WAITING (on object monitor)
        at sun.misc.Unsafe.park(Native Method)
        at java.util.concurrent.locks.LockSupport.park(LockSupport.java:175)
        at java.util.concurrent.locks.AbstractQueuedSynchronizer$ConditionObject.await(AbstractQueuedSynchronizer.java:2039)
        at java.util.concurrent.LinkedBlockingDeque.takeFirst(LinkedBlockingDeque.java:492)
        at java.util.concurrent.LinkedBlockingDeque.take(LinkedBlockingDeque.java:680)
        at java.util.concurrent.ThreadPoolExecutor.getTask(ThreadPoolExecutor.java:1074)
        at java.util.concurrent.ThreadPoolExecutor.runWorker(ThreadPoolExecutor.java:1134)
        at java.util.concurrent.ThreadPoolExecutor$Worker.run(ThreadPoolExecutor.java:624)
        at java.lang.Thread.run(Thread.java:750)
"qtp1298279735-342" daemon prio=5 tid=342 runnable
java.lang.Thread.State: RUNNABLE
        at sun.nio.ch.EPollArrayWrapper.epollWait(Native Method)
        at sun.nio.ch.EPollArrayWrapper.poll(EPollArrayWrapper.java:269)
        at sun.nio.ch.EPollSelectorImpl.doSelect(EPollSelectorImpl.java:93)
        at sun.nio.ch.SelectorImpl.lockAndDoSelect(SelectorImpl.java:86)
        at sun.nio.ch.SelectorImpl.select(SelectorImpl.java:97)
        at sun.nio.ch.SelectorImpl.select(SelectorImpl.java:101)
        at org.eclipse.jetty.io.ManagedSelector.nioSelect(ManagedSelector.java:183)
        at org.eclipse.jetty.io.ManagedSelector.select(ManagedSelector.java:190)
        at org.eclipse.jetty.io.ManagedSelector$SelectorProducer.select(ManagedSelector.java:606)
        at org.eclipse.jetty.io.ManagedSelector$SelectorProducer.produce(ManagedSelector.java:543)
        at org.eclipse.jetty.util.thread.strategy.EatWhatYouKill.produceTask(EatWhatYouKill.java:362)
        at org.eclipse.jetty.util.thread.strategy.EatWhatYouKill.doProduce(EatWhatYouKill.java:186)
        at org.eclipse.jetty.util.thread.strategy.EatWhatYouKill.tryProduce(EatWhatYouKill.java:173)
        at org.eclipse.jetty.util.thread.strategy.EatWhatYouKill.produce(EatWhatYouKill.java:137)
        at org.eclipse.jetty.io.ManagedSelector$$Lambda$446/1576513034.run(Unknown Source)
        at org.eclipse.jetty.util.thread.QueuedThreadPool.runJob(QueuedThreadPool.java:883)
        at org.eclipse.jetty.util.thread.QueuedThreadPool$Runner.run(QueuedThreadPool.java:1034)
        at java.lang.Thread.run(Thread.java:750)
"org.apache.hadoop.util.JvmPauseMonitor$Monitor@1afabf06" daemon prio=5 tid=108 timed_waiting
java.lang.Thread.State: TIMED_WAITING
        at java.lang.Thread.sleep(Native Method)
        at org.apache.hadoop.util.JvmPauseMonitor$Monitor.run(JvmPauseMonitor.java:192)
        at java.lang.Thread.run(Thread.java:750)
"pool-180-thread-1" daemon prio=5 tid=311 timed_waiting
java.lang.Thread.State: TIMED_WAITING
        at sun.misc.Unsafe.park(Native Method)
        at java.util.concurrent.locks.LockSupport.parkNanos(LockSupport.java:215)
        at java.util.concurrent.locks.AbstractQueuedSynchronizer$ConditionObject.awaitNanos(AbstractQueuedSynchronizer.java:2078)
        at java.util.concurrent.ScheduledThreadPoolExecutor$DelayedWorkQueue.take(ScheduledThreadPoolExecutor.java:1093)
        at java.util.concurrent.ScheduledThreadPoolExecutor$DelayedWorkQueue.take(ScheduledThreadPoolExecutor.java:809)
        at java.util.concurrent.ThreadPoolExecutor.getTask(ThreadPoolExecutor.java:1074)
        at java.util.concurrent.ThreadPoolExecutor.runWorker(ThreadPoolExecutor.java:1134)
        at java.util.concurrent.ThreadPoolExecutor$Worker.run(ThreadPoolExecutor.java:624)
        at java.lang.Thread.run(Thread.java:750)
"Listener at 127.0.0.1/35095"  prio=5 tid=1 runnable
java.lang.Thread.State: RUNNABLE
        at java.lang.Thread.dumpThreads(Native Method)
        at java.lang.Thread.getAllStackTraces(Thread.java:1615)
        at org.apache.ozone.test.TimedOutTestsListener.buildThreadDump(TimedOutTestsListener.java:93)
        at org.apache.ozone.test.TimedOutTestsListener.buildThreadDiagnosticString(TimedOutTestsListener.java:79)
        at org.apache.ozone.test.GenericTestUtils.waitFor(GenericTestUtils.java:224)
        at org.apache.hadoop.ozone.container.TestECContainerRecovery.waitForContainerCount(TestECContainerRecovery.java:265)
        at org.apache.hadoop.ozone.container.TestECContainerRecovery.testContainerRecoveryOverReplicationProcessing(TestECContainerRecovery.java:209)
        at sun.reflect.NativeMethodAccessorImpl.invoke0(Native Method)
        at sun.reflect.NativeMethodAccessorImpl.invoke(NativeMethodAccessorImpl.java:62)
        at sun.reflect.DelegatingMethodAccessorImpl.invoke(DelegatingMethodAccessorImpl.java:43)
        at java.lang.reflect.Method.invoke(Method.java:498)
        at org.junit.platform.commons.util.ReflectionUtils.invokeMethod(ReflectionUtils.java:725)
        at org.junit.jupiter.engine.execution.MethodInvocation.proceed(MethodInvocation.java:60)
        at org.junit.jupiter.engine.execution.InvocationInterceptorChain$ValidatingInvocation.proceed(InvocationInterceptorChain.java:131)
        at org.junit.jupiter.engine.extension.TimeoutExtension.intercept(TimeoutExtension.java:149)
        at org.junit.jupiter.engine.extension.TimeoutExtension.interceptTestableMethod(TimeoutExtension.java:140)
        at org.junit.jupiter.engine.extension.TimeoutExtension.interceptTestMethod(TimeoutExtension.java:84)
        at org.junit.jupiter.engine.descriptor.TestMethodTestDescriptor$$Lambda$158/1014982340.apply(Unknown Source)
        at org.junit.jupiter.engine.execution.ExecutableInvoker$ReflectiveInterceptorCall.lambda$ofVoidMethod$0(ExecutableInvoker.java:115)
        at org.junit.jupiter.engine.execution.ExecutableInvoker$ReflectiveInterceptorCall$$Lambda$159/268084911.apply(Unknown Source)
        at org.junit.jupiter.engine.execution.ExecutableInvoker.lambda$invoke$0(ExecutableInvoker.java:105)
        at org.junit.jupiter.engine.execution.ExecutableInvoker$$Lambda$314/1457263953.apply(Unknown Source)
        at org.junit.jupiter.engine.execution.InvocationInterceptorChain$InterceptedInvocation.proceed(InvocationInterceptorChain.java:106)
        at org.junit.jupiter.engine.execution.InvocationInterceptorChain.proceed(InvocationInterceptorChain.java:64)
        at org.junit.jupiter.engine.execution.InvocationInterceptorChain.chainAndInvoke(InvocationInterceptorChain.java:45)
        at org.junit.jupiter.engine.execution.InvocationInterceptorChain.invoke(InvocationInterceptorChain.java:37)
        at org.junit.jupiter.engine.execution.ExecutableInvoker.invoke(ExecutableInvoker.java:104)
        at org.junit.jupiter.engine.execution.ExecutableInvoker.invoke(ExecutableInvoker.java:98)
        at org.junit.jupiter.engine.descriptor.TestMethodTestDescriptor.lambda$invokeTestMethod$7(TestMethodTestDescriptor.java:214)
        at org.junit.jupiter.engine.descriptor.TestMethodTestDescriptor$$Lambda$1183/1065929230.execute(Unknown Source)
        at org.junit.platform.engine.support.hierarchical.ThrowableCollector.execute(ThrowableCollector.java:73)
        at org.junit.jupiter.engine.descriptor.TestMethodTestDescriptor.invokeTestMethod(TestMethodTestDescriptor.java:210)
        at org.junit.jupiter.engine.descriptor.TestMethodTestDescriptor.execute(TestMethodTestDescriptor.java:135)
        at org.junit.jupiter.engine.descriptor.TestMethodTestDescriptor.execute(TestMethodTestDescriptor.java:66)
        at org.junit.platform.engine.support.hierarchical.NodeTestTask.lambda$executeRecursively$6(NodeTestTask.java:151)
        at org.junit.platform.engine.support.hierarchical.NodeTestTask$$Lambda$258/2129442232.execute(Unknown Source)
        at org.junit.platform.engine.support.hierarchical.ThrowableCollector.execute(ThrowableCollector.java:73)
        at org.junit.platform.engine.support.hierarchical.NodeTestTask.lambda$executeRecursively$8(NodeTestTask.java:141)
        at org.junit.platform.engine.support.hierarchical.NodeTestTask$$Lambda$257/352367347.invoke(Unknown Source)
        at org.junit.platform.engine.support.hierarchical.Node.around(Node.java:137)
        at org.junit.platform.engine.support.hierarchical.NodeTestTask.lambda$executeRecursively$9(NodeTestTask.java:139)
        at org.junit.platform.engine.support.hierarchical.NodeTestTask$$Lambda$256/1204481453.execute(Unknown Source)
        at org.junit.platform.engine.support.hierarchical.ThrowableCollector.execute(ThrowableCollector.java:73)
        at org.junit.platform.engine.support.hierarchical.NodeTestTask.executeRecursively(NodeTestTask.java:138)
        at org.junit.platform.engine.support.hierarchical.NodeTestTask.execute(NodeTestTask.java:95)
        at org.junit.platform.engine.support.hierarchical.SameThreadHierarchicalTestExecutorService$$Lambda$262/1902671237.accept(Unknown Source)
        at java.util.ArrayList.forEach(ArrayList.java:1259)
        at org.junit.platform.engine.support.hierarchical.SameThreadHierarchicalTestExecutorService.invokeAll(SameThreadHierarchicalTestExecutorService.java:41)
        at org.junit.platform.engine.support.hierarchical.NodeTestTask.lambda$executeRecursively$6(NodeTestTask.java:155)
        at org.junit.platform.engine.support.hierarchical.NodeTestTask$$Lambda$258/2129442232.execute(Unknown Source)
        at org.junit.platform.engine.support.hierarchical.ThrowableCollector.execute(ThrowableCollector.java:73)
        at org.junit.platform.engine.support.hierarchical.NodeTestTask.lambda$executeRecursively$8(NodeTestTask.java:141)
        at org.junit.platform.engine.support.hierarchical.NodeTestTask$$Lambda$257/352367347.invoke(Unknown Source)
        at org.junit.platform.engine.support.hierarchical.Node.around(Node.java:137)
        at org.junit.platform.engine.support.hierarchical.NodeTestTask.lambda$executeRecursively$9(NodeTestTask.java:139)
        at org.junit.platform.engine.support.hierarchical.NodeTestTask$$Lambda$256/1204481453.execute(Unknown Source)
        at org.junit.platform.engine.support.hierarchical.ThrowableCollector.execute(ThrowableCollector.java:73)
        at org.junit.platform.engine.support.hierarchical.NodeTestTask.executeRecursively(NodeTestTask.java:138)
        at org.junit.platform.engine.support.hierarchical.NodeTestTask.execute(NodeTestTask.java:95)
        at org.junit.platform.engine.support.hierarchical.SameThreadHierarchicalTestExecutorService$$Lambda$262/1902671237.accept(Unknown Source)
        at java.util.ArrayList.forEach(ArrayList.java:1259)
        at org.junit.platform.engine.support.hierarchical.SameThreadHierarchicalTestExecutorService.invokeAll(SameThreadHierarchicalTestExecutorService.java:41)
        at org.junit.platform.engine.support.hierarchical.NodeTestTask.lambda$executeRecursively$6(NodeTestTask.java:155)
        at org.junit.platform.engine.support.hierarchical.NodeTestTask$$Lambda$258/2129442232.execute(Unknown Source)
        at org.junit.platform.engine.support.hierarchical.ThrowableCollector.execute(ThrowableCollector.java:73)
        at org.junit.platform.engine.support.hierarchical.NodeTestTask.lambda$executeRecursively$8(NodeTestTask.java:141)
        at org.junit.platform.engine.support.hierarchical.NodeTestTask$$Lambda$257/352367347.invoke(Unknown Source)
        at org.junit.platform.engine.support.hierarchical.Node.around(Node.java:137)
        at org.junit.platform.engine.support.hierarchical.NodeTestTask.lambda$executeRecursively$9(NodeTestTask.java:139)
        at org.junit.platform.engine.support.hierarchical.NodeTestTask$$Lambda$256/1204481453.execute(Unknown Source)
        at org.junit.platform.engine.support.hierarchical.ThrowableCollector.execute(ThrowableCollector.java:73)
        at org.junit.platform.engine.support.hierarchical.NodeTestTask.executeRecursively(NodeTestTask.java:138)
        at org.junit.platform.engine.support.hierarchical.NodeTestTask.execute(NodeTestTask.java:95)
        at org.junit.platform.engine.support.hierarchical.SameThreadHierarchicalTestExecutorService.submit(SameThreadHierarchicalTestExecutorService.java:35)
        at org.junit.platform.engine.support.hierarchical.HierarchicalTestExecutor.execute(HierarchicalTestExecutor.java:57)
        at org.junit.platform.engine.support.hierarchical.HierarchicalTestEngine.execute(HierarchicalTestEngine.java:54)
        at org.junit.platform.launcher.core.EngineExecutionOrchestrator.execute(EngineExecutionOrchestrator.java:107)
        at org.junit.platform.launcher.core.EngineExecutionOrchestrator.execute(EngineExecutionOrchestrator.java:88)
        at org.junit.platform.launcher.core.EngineExecutionOrchestrator.lambda$execute$0(EngineExecutionOrchestrator.java:54)
        at org.junit.platform.launcher.core.EngineExecutionOrchestrator$$Lambda$214/1758008124.accept(Unknown Source)
        at org.junit.platform.launcher.core.EngineExecutionOrchestrator.withInterceptedStreams(EngineExecutionOrchestrator.java:67)
        at org.junit.platform.launcher.core.EngineExecutionOrchestrator.execute(EngineExecutionOrchestrator.java:52)
        at org.junit.platform.launcher.core.DefaultLauncher.execute(DefaultLauncher.java:114)
        at org.junit.platform.launcher.core.DefaultLauncher.execute(DefaultLauncher.java:86)
        at org.junit.platform.launcher.core.DefaultLauncherSession$DelegatingLauncher.execute(DefaultLauncherSession.java:86)
        at org.junit.platform.launcher.core.SessionPerRequestLauncher.execute(SessionPerRequestLauncher.java:53)
        at org.apache.maven.surefire.junitplatform.JUnitPlatformProvider.execute(JUnitPlatformProvider.java:188)
        at org.apache.maven.surefire.junitplatform.JUnitPlatformProvider.invokeAllTests(JUnitPlatformProvider.java:154)
        at org.apache.maven.surefire.junitplatform.JUnitPlatformProvider.invoke(JUnitPlatformProvider.java:124)
        at org.apache.maven.surefire.booter.ForkedBooter.runSuitesInProcess(ForkedBooter.java:428)
        at org.apache.maven.surefire.booter.ForkedBooter.execute(ForkedBooter.java:162)
        at org.apache.maven.surefire.booter.ForkedBooter.run(ForkedBooter.java:562)
        at org.apache.maven.surefire.booter.ForkedBooter.main(ForkedBooter.java:548)
"Datanode ReportManager Thread - 0" daemon prio=5 tid=248 in Object.wait()
java.lang.Thread.State: WAITING (on object monitor)
        at sun.misc.Unsafe.park(Native Method)
        at java.util.concurrent.locks.LockSupport.park(LockSupport.java:175)
        at java.util.concurrent.locks.AbstractQueuedSynchronizer$ConditionObject.await(AbstractQueuedSynchronizer.java:2039)
        at java.util.concurrent.ScheduledThreadPoolExecutor$DelayedWorkQueue.take(ScheduledThreadPoolExecutor.java:1088)
        at java.util.concurrent.ScheduledThreadPoolExecutor$DelayedWorkQueue.take(ScheduledThreadPoolExecutor.java:809)
        at java.util.concurrent.ThreadPoolExecutor.getTask(ThreadPoolExecutor.java:1074)
        at java.util.concurrent.ThreadPoolExecutor.runWorker(ThreadPoolExecutor.java:1134)
        at java.util.concurrent.ThreadPoolExecutor$Worker.run(ThreadPoolExecutor.java:624)
        at java.lang.Thread.run(Thread.java:750)
"IPC Server handler 15 on default port 35095" daemon prio=5 tid=169 timed_waiting
java.lang.Thread.State: TIMED_WAITING
        at sun.misc.Unsafe.park(Native Method)
        at java.util.concurrent.locks.LockSupport.parkNanos(LockSupport.java:215)
        at java.util.concurrent.locks.AbstractQueuedSynchronizer$ConditionObject.awaitNanos(AbstractQueuedSynchronizer.java:2078)
        at java.util.concurrent.LinkedBlockingQueue.poll(LinkedBlockingQueue.java:467)
        at org.apache.hadoop.ipc.CallQueueManager.take(CallQueueManager.java:317)
        at org.apache.hadoop.ipc.Server$Handler.run(Server.java:2942)
"ChunkWriter-3-0" daemon prio=5 tid=535 in Object.wait()
java.lang.Thread.State: WAITING (on object monitor)
        at sun.misc.Unsafe.park(Native Method)
        at java.util.concurrent.locks.LockSupport.park(LockSupport.java:175)
        at java.util.concurrent.locks.AbstractQueuedSynchronizer$ConditionObject.await(AbstractQueuedSynchronizer.java:2039)
        at java.util.concurrent.LinkedBlockingDeque.takeFirst(LinkedBlockingDeque.java:492)
        at java.util.concurrent.LinkedBlockingDeque.take(LinkedBlockingDeque.java:680)
        at java.util.concurrent.ThreadPoolExecutor.getTask(ThreadPoolExecutor.java:1074)
        at java.util.concurrent.ThreadPoolExecutor.runWorker(ThreadPoolExecutor.java:1134)
        at java.util.concurrent.ThreadPoolExecutor$Worker.run(ThreadPoolExecutor.java:624)
        at java.lang.Thread.run(Thread.java:750)
"Command processor thread" daemon prio=5 tid=360 timed_waiting
java.lang.Thread.State: TIMED_WAITING
        at java.lang.Thread.sleep(Native Method)
        at org.apache.hadoop.ozone.container.common.statemachine.DatanodeStateMachine.lambda$initCommandHandlerThread$3(DatanodeStateMachine.java:641)
        at org.apache.hadoop.ozone.container.common.statemachine.DatanodeStateMachine$$Lambda$753/767635075.run(Unknown Source)
        at java.lang.Thread.run(Thread.java:750)
"Datanode State Machine Task Thread - 0"  prio=5 tid=486 in Object.wait()
java.lang.Thread.State: WAITING (on object monitor)
        at sun.misc.Unsafe.park(Native Method)
        at java.util.concurrent.locks.LockSupport.park(LockSupport.java:175)
        at java.util.concurrent.locks.AbstractQueuedSynchronizer$ConditionObject.await(AbstractQueuedSynchronizer.java:2039)
        at java.util.concurrent.LinkedBlockingQueue.take(LinkedBlockingQueue.java:442)
        at java.util.concurrent.ThreadPoolExecutor.getTask(ThreadPoolExecutor.java:1074)
        at java.util.concurrent.ThreadPoolExecutor.runWorker(ThreadPoolExecutor.java:1134)
        at java.util.concurrent.ThreadPoolExecutor$Worker.run(ThreadPoolExecutor.java:624)
        at java.lang.Thread.run(Thread.java:750)
"Periodic HDDS volume checker" daemon prio=5 tid=257 timed_waiting
java.lang.Thread.State: TIMED_WAITING
        at sun.misc.Unsafe.park(Native Method)
        at java.util.concurrent.locks.LockSupport.parkNanos(LockSupport.java:215)
        at java.util.concurrent.locks.AbstractQueuedSynchronizer$ConditionObject.awaitNanos(AbstractQueuedSynchronizer.java:2078)
        at java.util.concurrent.ScheduledThreadPoolExecutor$DelayedWorkQueue.take(ScheduledThreadPoolExecutor.java:1093)
        at java.util.concurrent.ScheduledThreadPoolExecutor$DelayedWorkQueue.take(ScheduledThreadPoolExecutor.java:809)
        at java.util.concurrent.ThreadPoolExecutor.getTask(ThreadPoolExecutor.java:1074)
        at java.util.concurrent.ThreadPoolExecutor.runWorker(ThreadPoolExecutor.java:1134)
        at java.util.concurrent.ThreadPoolExecutor$Worker.run(ThreadPoolExecutor.java:624)
        at java.lang.Thread.run(Thread.java:750)
"Datanode State Machine Task Thread - 0"  prio=5 tid=201 in Object.wait()
java.lang.Thread.State: WAITING (on object monitor)
        at sun.misc.Unsafe.park(Native Method)
        at java.util.concurrent.locks.LockSupport.park(LockSupport.java:175)
        at java.util.concurrent.locks.AbstractQueuedSynchronizer$ConditionObject.await(AbstractQueuedSynchronizer.java:2039)
        at java.util.concurrent.LinkedBlockingQueue.take(LinkedBlockingQueue.java:442)
        at java.util.concurrent.ThreadPoolExecutor.getTask(ThreadPoolExecutor.java:1074)
        at java.util.concurrent.ThreadPoolExecutor.runWorker(ThreadPoolExecutor.java:1134)
        at java.util.concurrent.ThreadPoolExecutor$Worker.run(ThreadPoolExecutor.java:624)
        at java.lang.Thread.run(Thread.java:750)
"BlockDeletingService#1" daemon prio=5 tid=498 timed_waiting
java.lang.Thread.State: TIMED_WAITING
        at sun.misc.Unsafe.park(Native Method)
        at java.util.concurrent.locks.LockSupport.parkNanos(LockSupport.java:215)
        at java.util.concurrent.locks.AbstractQueuedSynchronizer$ConditionObject.awaitNanos(AbstractQueuedSynchronizer.java:2078)
        at java.util.concurrent.ScheduledThreadPoolExecutor$DelayedWorkQueue.take(ScheduledThreadPoolExecutor.java:1093)
        at java.util.concurrent.ScheduledThreadPoolExecutor$DelayedWorkQueue.take(ScheduledThreadPoolExecutor.java:809)
        at java.util.concurrent.ThreadPoolExecutor.getTask(ThreadPoolExecutor.java:1074)
        at java.util.concurrent.ThreadPoolExecutor.runWorker(ThreadPoolExecutor.java:1134)
        at java.util.concurrent.ThreadPoolExecutor$Worker.run(ThreadPoolExecutor.java:624)
        at java.lang.Thread.run(Thread.java:750)
"JvmPauseMonitor7" daemon prio=5 tid=523 timed_waiting
java.lang.Thread.State: TIMED_WAITING
        at java.lang.Thread.sleep(Native Method)
        at java.lang.Thread.sleep(Thread.java:342)
        at java.util.concurrent.TimeUnit.sleep(TimeUnit.java:386)
        at org.apache.ratis.util.TimeDuration.sleep(TimeDuration.java:325)
        at org.apache.ratis.util.TimeDuration.sleep(TimeDuration.java:310)
        at org.apache.ratis.util.JvmPauseMonitor.detectPause(JvmPauseMonitor.java:119)
        at org.apache.ratis.util.JvmPauseMonitor.run(JvmPauseMonitor.java:108)
        at org.apache.ratis.util.JvmPauseMonitor$$Lambda$706/19678348.run(Unknown Source)
        at java.lang.Thread.run(Thread.java:750)
"qtp966253930-188" daemon prio=5 tid=188 timed_waiting
java.lang.Thread.State: TIMED_WAITING
        at sun.misc.Unsafe.park(Native Method)
        at java.util.concurrent.locks.LockSupport.parkNanos(LockSupport.java:215)
        at java.util.concurrent.locks.AbstractQueuedSynchronizer$ConditionObject.awaitNanos(AbstractQueuedSynchronizer.java:2078)
        at org.eclipse.jetty.util.BlockingArrayQueue.poll(BlockingArrayQueue.java:382)
        at org.eclipse.jetty.util.thread.QueuedThreadPool$Runner.idleJobPoll(QueuedThreadPool.java:974)
        at org.eclipse.jetty.util.thread.QueuedThreadPool$Runner.run(QueuedThreadPool.java:1018)
        at java.lang.Thread.run(Thread.java:750)
"IPC Server handler 3 on default port 37293" daemon prio=5 tid=50 timed_waiting
java.lang.Thread.State: TIMED_WAITING
        at sun.misc.Unsafe.park(Native Method)
        at java.util.concurrent.locks.LockSupport.parkNanos(LockSupport.java:215)
        at java.util.concurrent.locks.AbstractQueuedSynchronizer$ConditionObject.awaitNanos(AbstractQueuedSynchronizer.java:2078)
        at java.util.concurrent.LinkedBlockingQueue.poll(LinkedBlockingQueue.java:467)
        at org.apache.hadoop.ipc.CallQueueManager.take(CallQueueManager.java:317)
        at org.apache.hadoop.ipc.Server$Handler.run(Server.java:2942)
"Datanode ReportManager Thread - 4" daemon prio=5 tid=252 in Object.wait()
java.lang.Thread.State: WAITING (on object monitor)
        at sun.misc.Unsafe.park(Native Method)
        at java.util.concurrent.locks.LockSupport.park(LockSupport.java:175)
        at java.util.concurrent.locks.AbstractQueuedSynchronizer$ConditionObject.await(AbstractQueuedSynchronizer.java:2039)
        at java.util.concurrent.ScheduledThreadPoolExecutor$DelayedWorkQueue.take(ScheduledThreadPoolExecutor.java:1088)
        at java.util.concurrent.ScheduledThreadPoolExecutor$DelayedWorkQueue.take(ScheduledThreadPoolExecutor.java:809)
        at java.util.concurrent.ThreadPoolExecutor.getTask(ThreadPoolExecutor.java:1074)
        at java.util.concurrent.ThreadPoolExecutor.runWorker(ThreadPoolExecutor.java:1134)
        at java.util.concurrent.ThreadPoolExecutor$Worker.run(ThreadPoolExecutor.java:624)
        at java.lang.Thread.run(Thread.java:750)
"ChunkReader-ELG-0" daemon prio=5 tid=473 runnable
java.lang.Thread.State: RUNNABLE
        at org.apache.ratis.thirdparty.io.netty.channel.epoll.Native.epollWait0(Native Method)
        at org.apache.ratis.thirdparty.io.netty.channel.epoll.Native.epollWait(Native.java:182)
        at org.apache.ratis.thirdparty.io.netty.channel.epoll.EpollEventLoop.epollWait(EpollEventLoop.java:290)
        at org.apache.ratis.thirdparty.io.netty.channel.epoll.EpollEventLoop.run(EpollEventLoop.java:354)
        at org.apache.ratis.thirdparty.io.netty.util.concurrent.SingleThreadEventExecutor$4.run(SingleThreadEventExecutor.java:995)
        at org.apache.ratis.thirdparty.io.netty.util.internal.ThreadExecutorMap$2.run(ThreadExecutorMap.java:74)
        at java.lang.Thread.run(Thread.java:750)
"org.apache.hadoop.util.JvmPauseMonitor$Monitor@711ad9a0" daemon prio=5 tid=361 timed_waiting
java.lang.Thread.State: TIMED_WAITING
        at java.lang.Thread.sleep(Native Method)
        at org.apache.hadoop.util.JvmPauseMonitor$Monitor.run(JvmPauseMonitor.java:192)
        at java.lang.Thread.run(Thread.java:750)
"Datanode ReportManager Thread - 0" daemon prio=5 tid=441 timed_waiting
java.lang.Thread.State: TIMED_WAITING
        at sun.misc.Unsafe.park(Native Method)
        at java.util.concurrent.locks.LockSupport.parkNanos(LockSupport.java:215)
        at java.util.concurrent.locks.AbstractQueuedSynchronizer$ConditionObject.awaitNanos(AbstractQueuedSynchronizer.java:2078)
        at java.util.concurrent.ScheduledThreadPoolExecutor$DelayedWorkQueue.take(ScheduledThreadPoolExecutor.java:1093)
        at java.util.concurrent.ScheduledThreadPoolExecutor$DelayedWorkQueue.take(ScheduledThreadPoolExecutor.java:809)
        at java.util.concurrent.ThreadPoolExecutor.getTask(ThreadPoolExecutor.java:1074)
        at java.util.concurrent.ThreadPoolExecutor.runWorker(ThreadPoolExecutor.java:1134)
        at java.util.concurrent.ThreadPoolExecutor$Worker.run(ThreadPoolExecutor.java:624)
        at java.lang.Thread.run(Thread.java:750)
"qtp743713322-242" daemon prio=5 tid=242 timed_waiting
java.lang.Thread.State: TIMED_WAITING
        at sun.misc.Unsafe.park(Native Method)
        at java.util.concurrent.locks.LockSupport.parkNanos(LockSupport.java:215)
        at java.util.concurrent.locks.AbstractQueuedSynchronizer$ConditionObject.awaitNanos(AbstractQueuedSynchronizer.java:2078)
        at org.eclipse.jetty.util.BlockingArrayQueue.poll(BlockingArrayQueue.java:382)
        at org.eclipse.jetty.util.thread.QueuedThreadPool$Runner.idleJobPoll(QueuedThreadPool.java:974)
        at org.eclipse.jetty.util.thread.QueuedThreadPool$Runner.run(QueuedThreadPool.java:1018)
        at java.lang.Thread.run(Thread.java:750)
"Session-HouseKeeper-7f4f3ae4-1"  prio=5 tid=298 timed_waiting
java.lang.Thread.State: TIMED_WAITING
        at sun.misc.Unsafe.park(Native Method)
        at java.util.concurrent.locks.LockSupport.parkNanos(LockSupport.java:215)
        at java.util.concurrent.locks.AbstractQueuedSynchronizer$ConditionObject.awaitNanos(AbstractQueuedSynchronizer.java:2078)
        at java.util.concurrent.ScheduledThreadPoolExecutor$DelayedWorkQueue.take(ScheduledThreadPoolExecutor.java:1093)
        at java.util.concurrent.ScheduledThreadPoolExecutor$DelayedWorkQueue.take(ScheduledThreadPoolExecutor.java:809)
        at java.util.concurrent.ThreadPoolExecutor.getTask(ThreadPoolExecutor.java:1074)
        at java.util.concurrent.ThreadPoolExecutor.runWorker(ThreadPoolExecutor.java:1134)
        at java.util.concurrent.ThreadPoolExecutor$Worker.run(ThreadPoolExecutor.java:624)
        at java.lang.Thread.run(Thread.java:750)
"IPC Server handler 16 on default port 43187" daemon prio=5 tid=103 timed_waiting
java.lang.Thread.State: TIMED_WAITING
        at sun.misc.Unsafe.park(Native Method)
        at java.util.concurrent.locks.LockSupport.parkNanos(LockSupport.java:215)
        at java.util.concurrent.locks.AbstractQueuedSynchronizer$ConditionObject.awaitNanos(AbstractQueuedSynchronizer.java:2078)
        at java.util.concurrent.LinkedBlockingQueue.poll(LinkedBlockingQueue.java:467)
        at org.apache.hadoop.ipc.CallQueueManager.take(CallQueueManager.java:317)
        at org.apache.hadoop.ipc.Server$Handler.run(Server.java:2942)
"StaleRecoveringContainerScrubbingService#1" daemon prio=5 tid=565 timed_waiting
java.lang.Thread.State: TIMED_WAITING
        at sun.misc.Unsafe.park(Native Method)
        at java.util.concurrent.locks.LockSupport.parkNanos(LockSupport.java:215)
        at java.util.concurrent.locks.AbstractQueuedSynchronizer$ConditionObject.awaitNanos(AbstractQueuedSynchronizer.java:2078)
        at java.util.concurrent.ScheduledThreadPoolExecutor$DelayedWorkQueue.take(ScheduledThreadPoolExecutor.java:1093)
        at java.util.concurrent.ScheduledThreadPoolExecutor$DelayedWorkQueue.take(ScheduledThreadPoolExecutor.java:809)
        at java.util.concurrent.ThreadPoolExecutor.getTask(ThreadPoolExecutor.java:1074)
        at java.util.concurrent.ThreadPoolExecutor.runWorker(ThreadPoolExecutor.java:1134)
        at java.util.concurrent.ThreadPoolExecutor$Worker.run(ThreadPoolExecutor.java:624)
        at java.lang.Thread.run(Thread.java:750)
"org.apache.hadoop.ozone.container.common.statemachine.commandhandler.DeleteBlocksCommandHandler$DeleteCmdWorker@23701ff5" daemon prio=5 tid=236 timed_waiting
java.lang.Thread.State: TIMED_WAITING
        at java.lang.Thread.sleep(Native Method)
        at org.apache.hadoop.ozone.container.common.statemachine.commandhandler.DeleteBlocksCommandHandler$DeleteCmdWorker.run(DeleteBlocksCommandHandler.java:183)
        at java.lang.Thread.run(Thread.java:750)
"qtp410671928-148" daemon prio=5 tid=148 timed_waiting
java.lang.Thread.State: TIMED_WAITING
        at sun.misc.Unsafe.park(Native Method)
        at java.util.concurrent.locks.LockSupport.parkNanos(LockSupport.java:215)
        at java.util.concurrent.locks.AbstractQueuedSynchronizer$ConditionObject.awaitNanos(AbstractQueuedSynchronizer.java:2078)
        at org.eclipse.jetty.util.BlockingArrayQueue.poll(BlockingArrayQueue.java:382)
        at org.eclipse.jetty.util.thread.QueuedThreadPool$Runner.idleJobPoll(QueuedThreadPool.java:974)
        at org.eclipse.jetty.util.thread.QueuedThreadPool$Runner.run(QueuedThreadPool.java:1018)
        at java.lang.Thread.run(Thread.java:750)
"org.apache.hadoop.util.JvmPauseMonitor$Monitor@493ef176" daemon prio=5 tid=280 timed_waiting
java.lang.Thread.State: TIMED_WAITING
        at java.lang.Thread.sleep(Native Method)
        at org.apache.hadoop.util.JvmPauseMonitor$Monitor.run(JvmPauseMonitor.java:192)
        at java.lang.Thread.run(Thread.java:750)
"47355ef6-248e-415d-99d1-f00ca16e1642-server-thread2" daemon prio=5 tid=914 timed_waiting
java.lang.Thread.State: TIMED_WAITING
        at sun.misc.Unsafe.park(Native Method)
        at java.util.concurrent.locks.LockSupport.parkNanos(LockSupport.java:215)
        at java.util.concurrent.SynchronousQueue$TransferStack.awaitFulfill(SynchronousQueue.java:460)
        at java.util.concurrent.SynchronousQueue$TransferStack.transfer(SynchronousQueue.java:362)
        at java.util.concurrent.SynchronousQueue.poll(SynchronousQueue.java:941)
        at java.util.concurrent.ThreadPoolExecutor.getTask(ThreadPoolExecutor.java:1073)
        at java.util.concurrent.ThreadPoolExecutor.runWorker(ThreadPoolExecutor.java:1134)
        at java.util.concurrent.ThreadPoolExecutor$Worker.run(ThreadPoolExecutor.java:624)
        at java.lang.Thread.run(Thread.java:750)
"IPC Server handler 14 on default port 35095" daemon prio=5 tid=168 timed_waiting
java.lang.Thread.State: TIMED_WAITING
        at sun.misc.Unsafe.park(Native Method)
        at java.util.concurrent.locks.LockSupport.parkNanos(LockSupport.java:215)
        at java.util.concurrent.locks.AbstractQueuedSynchronizer$ConditionObject.awaitNanos(AbstractQueuedSynchronizer.java:2078)
        at java.util.concurrent.LinkedBlockingQueue.poll(LinkedBlockingQueue.java:467)
        at org.apache.hadoop.ipc.CallQueueManager.take(CallQueueManager.java:317)
        at org.apache.hadoop.ipc.Server$Handler.run(Server.java:2942)
"IPC Server handler 10 on default port 35095" daemon prio=5 tid=164 timed_waiting
java.lang.Thread.State: TIMED_WAITING
        at sun.misc.Unsafe.park(Native Method)
        at java.util.concurrent.locks.LockSupport.parkNanos(LockSupport.java:215)
        at java.util.concurrent.locks.AbstractQueuedSynchronizer$ConditionObject.awaitNanos(AbstractQueuedSynchronizer.java:2078)
        at java.util.concurrent.LinkedBlockingQueue.poll(LinkedBlockingQueue.java:467)
        at org.apache.hadoop.ipc.CallQueueManager.take(CallQueueManager.java:317)
        at org.apache.hadoop.ipc.Server$Handler.run(Server.java:2942)
"timer7" daemon prio=5 tid=812 timed_waiting
java.lang.Thread.State: TIMED_WAITING
        at java.lang.Object.wait(Native Method)
        at java.util.TimerThread.mainLoop(Timer.java:552)
        at java.util.TimerThread.run(Timer.java:505)
"qtp1581909647-295" daemon prio=5 tid=295 timed_waiting
java.lang.Thread.State: TIMED_WAITING
        at sun.misc.Unsafe.park(Native Method)
        at java.util.concurrent.locks.LockSupport.parkNanos(LockSupport.java:215)
        at java.util.concurrent.locks.AbstractQueuedSynchronizer$ConditionObject.awaitNanos(AbstractQueuedSynchronizer.java:2078)
        at org.eclipse.jetty.util.BlockingArrayQueue.poll(BlockingArrayQueue.java:382)
        at org.eclipse.jetty.util.thread.QueuedThreadPool$Runner.idleJobPoll(QueuedThreadPool.java:974)
        at org.eclipse.jetty.util.thread.QueuedThreadPool$Runner.run(QueuedThreadPool.java:1018)
        at java.lang.Thread.run(Thread.java:750)
"BlockDeletingService#2" daemon prio=5 tid=949 in Object.wait()
java.lang.Thread.State: WAITING (on object monitor)
        at sun.misc.Unsafe.park(Native Method)
        at java.util.concurrent.locks.LockSupport.park(LockSupport.java:175)
        at java.util.concurrent.locks.AbstractQueuedSynchronizer$ConditionObject.await(AbstractQueuedSynchronizer.java:2039)
        at java.util.concurrent.ScheduledThreadPoolExecutor$DelayedWorkQueue.take(ScheduledThreadPoolExecutor.java:1088)
        at java.util.concurrent.ScheduledThreadPoolExecutor$DelayedWorkQueue.take(ScheduledThreadPoolExecutor.java:809)
        at java.util.concurrent.ThreadPoolExecutor.getTask(ThreadPoolExecutor.java:1074)
        at java.util.concurrent.ThreadPoolExecutor.runWorker(ThreadPoolExecutor.java:1134)
        at java.util.concurrent.ThreadPoolExecutor$Worker.run(ThreadPoolExecutor.java:624)
        at java.lang.Thread.run(Thread.java:750)
"Periodic HDDS volume checker" daemon prio=5 tid=335 timed_waiting
java.lang.Thread.State: TIMED_WAITING
        at sun.misc.Unsafe.park(Native Method)
        at java.util.concurrent.locks.LockSupport.parkNanos(LockSupport.java:215)
        at java.util.concurrent.locks.AbstractQueuedSynchronizer$ConditionObject.awaitNanos(AbstractQueuedSynchronizer.java:2078)
        at java.util.concurrent.ScheduledThreadPoolExecutor$DelayedWorkQueue.take(ScheduledThreadPoolExecutor.java:1093)
        at java.util.concurrent.ScheduledThreadPoolExecutor$DelayedWorkQueue.take(ScheduledThreadPoolExecutor.java:809)
        at java.util.concurrent.ThreadPoolExecutor.getTask(ThreadPoolExecutor.java:1074)
        at java.util.concurrent.ThreadPoolExecutor.runWorker(ThreadPoolExecutor.java:1134)
        at java.util.concurrent.ThreadPoolExecutor$Worker.run(ThreadPoolExecutor.java:624)
        at java.lang.Thread.run(Thread.java:750)
"Datanode ReportManager Thread - 3" daemon prio=5 tid=277 in Object.wait()
java.lang.Thread.State: WAITING (on object monitor)
        at sun.misc.Unsafe.park(Native Method)
        at java.util.concurrent.locks.LockSupport.park(LockSupport.java:175)
        at java.util.concurrent.locks.AbstractQueuedSynchronizer$ConditionObject.await(AbstractQueuedSynchronizer.java:2039)
        at java.util.concurrent.ScheduledThreadPoolExecutor$DelayedWorkQueue.take(ScheduledThreadPoolExecutor.java:1088)
        at java.util.concurrent.ScheduledThreadPoolExecutor$DelayedWorkQueue.take(ScheduledThreadPoolExecutor.java:809)
        at java.util.concurrent.ThreadPoolExecutor.getTask(ThreadPoolExecutor.java:1074)
        at java.util.concurrent.ThreadPoolExecutor.runWorker(ThreadPoolExecutor.java:1134)
        at java.util.concurrent.ThreadPoolExecutor$Worker.run(ThreadPoolExecutor.java:624)
        at java.lang.Thread.run(Thread.java:750)
"ChunkReader-1" daemon prio=5 tid=788 in Object.wait()
java.lang.Thread.State: WAITING (on object monitor)
        at sun.misc.Unsafe.park(Native Method)
        at java.util.concurrent.locks.LockSupport.park(LockSupport.java:175)
        at java.util.concurrent.locks.AbstractQueuedSynchronizer$ConditionObject.await(AbstractQueuedSynchronizer.java:2039)
        at java.util.concurrent.LinkedBlockingQueue.take(LinkedBlockingQueue.java:442)
        at java.util.concurrent.ThreadPoolExecutor.getTask(ThreadPoolExecutor.java:1074)
        at java.util.concurrent.ThreadPoolExecutor.runWorker(ThreadPoolExecutor.java:1134)
        at java.util.concurrent.ThreadPoolExecutor$Worker.run(ThreadPoolExecutor.java:624)
        at java.lang.Thread.run(Thread.java:750)
"qtp2135382997-460" daemon prio=5 tid=460 timed_waiting
java.lang.Thread.State: TIMED_WAITING
        at sun.misc.Unsafe.park(Native Method)
        at java.util.concurrent.locks.LockSupport.parkNanos(LockSupport.java:215)
        at java.util.concurrent.locks.AbstractQueuedSynchronizer$ConditionObject.awaitNanos(AbstractQueuedSynchronizer.java:2078)
        at org.eclipse.jetty.util.BlockingArrayQueue.poll(BlockingArrayQueue.java:382)
        at org.eclipse.jetty.util.thread.QueuedThreadPool$Runner.idleJobPoll(QueuedThreadPool.java:974)
        at org.eclipse.jetty.util.thread.QueuedThreadPool$Runner.run(QueuedThreadPool.java:1018)
        at java.lang.Thread.run(Thread.java:750)
"Datanode State Machine Task Thread - 1"  prio=5 tid=351 in Object.wait()
java.lang.Thread.State: WAITING (on object monitor)
        at sun.misc.Unsafe.park(Native Method)
        at java.util.concurrent.locks.LockSupport.park(LockSupport.java:175)
        at java.util.concurrent.locks.AbstractQueuedSynchronizer$ConditionObject.await(AbstractQueuedSynchronizer.java:2039)
        at java.util.concurrent.LinkedBlockingQueue.take(LinkedBlockingQueue.java:442)
        at java.util.concurrent.ThreadPoolExecutor.getTask(ThreadPoolExecutor.java:1074)
        at java.util.concurrent.ThreadPoolExecutor.runWorker(ThreadPoolExecutor.java:1134)
        at java.util.concurrent.ThreadPoolExecutor$Worker.run(ThreadPoolExecutor.java:624)
        at java.lang.Thread.run(Thread.java:750)
"Datanode ReportManager Thread - 0" daemon prio=5 tid=194 in Object.wait()
java.lang.Thread.State: WAITING (on object monitor)
        at sun.misc.Unsafe.park(Native Method)
        at java.util.concurrent.locks.LockSupport.park(LockSupport.java:175)
        at java.util.concurrent.locks.AbstractQueuedSynchronizer$ConditionObject.await(AbstractQueuedSynchronizer.java:2039)
        at java.util.concurrent.ScheduledThreadPoolExecutor$DelayedWorkQueue.take(ScheduledThreadPoolExecutor.java:1088)
        at java.util.concurrent.ScheduledThreadPoolExecutor$DelayedWorkQueue.take(ScheduledThreadPoolExecutor.java:809)
        at java.util.concurrent.ThreadPoolExecutor.getTask(ThreadPoolExecutor.java:1074)
        at java.util.concurrent.ThreadPoolExecutor.runWorker(ThreadPoolExecutor.java:1134)
        at java.util.concurrent.ThreadPoolExecutor$Worker.run(ThreadPoolExecutor.java:624)
        at java.lang.Thread.run(Thread.java:750)
"Datanode ReportManager Thread - 0" daemon prio=5 tid=274 in Object.wait()
java.lang.Thread.State: WAITING (on object monitor)
        at sun.misc.Unsafe.park(Native Method)
        at java.util.concurrent.locks.LockSupport.park(LockSupport.java:175)
        at java.util.concurrent.locks.AbstractQueuedSynchronizer$ConditionObject.await(AbstractQueuedSynchronizer.java:2039)
        at java.util.concurrent.ScheduledThreadPoolExecutor$DelayedWorkQueue.take(ScheduledThreadPoolExecutor.java:1088)
        at java.util.concurrent.ScheduledThreadPoolExecutor$DelayedWorkQueue.take(ScheduledThreadPoolExecutor.java:809)
        at java.util.concurrent.ThreadPoolExecutor.getTask(ThreadPoolExecutor.java:1074)
        at java.util.concurrent.ThreadPoolExecutor.runWorker(ThreadPoolExecutor.java:1134)
        at java.util.concurrent.ThreadPoolExecutor$Worker.run(ThreadPoolExecutor.java:624)
        at java.lang.Thread.run(Thread.java:750)
"c32434d6-2497-484c-95de-45f9e03d5624@group-A6F22B53C3CA-LeaderStateImpl" daemon prio=5 tid=769 timed_waiting
java.lang.Thread.State: TIMED_WAITING
        at sun.misc.Unsafe.park(Native Method)
        at java.util.concurrent.locks.LockSupport.parkNanos(LockSupport.java:215)
        at java.util.concurrent.locks.AbstractQueuedSynchronizer$ConditionObject.awaitNanos(AbstractQueuedSynchronizer.java:2078)
        at java.util.concurrent.ArrayBlockingQueue.poll(ArrayBlockingQueue.java:418)
        at org.apache.ratis.server.impl.LeaderStateImpl$EventQueue.poll(LeaderStateImpl.java:159)
        at org.apache.ratis.server.impl.LeaderStateImpl$EventProcessor.run(LeaderStateImpl.java:630)
"ChunkWriter-2-0" daemon prio=5 tid=503 in Object.wait()
java.lang.Thread.State: WAITING (on object monitor)
        at sun.misc.Unsafe.park(Native Method)
        at java.util.concurrent.locks.LockSupport.park(LockSupport.java:175)
        at java.util.concurrent.locks.AbstractQueuedSynchronizer$ConditionObject.await(AbstractQueuedSynchronizer.java:2039)
        at java.util.concurrent.LinkedBlockingDeque.takeFirst(LinkedBlockingDeque.java:492)
        at java.util.concurrent.LinkedBlockingDeque.take(LinkedBlockingDeque.java:680)
        at java.util.concurrent.ThreadPoolExecutor.getTask(ThreadPoolExecutor.java:1074)
        at java.util.concurrent.ThreadPoolExecutor.runWorker(ThreadPoolExecutor.java:1134)
        at java.util.concurrent.ThreadPoolExecutor$Worker.run(ThreadPoolExecutor.java:624)
        at java.lang.Thread.run(Thread.java:750)
"pool-31-thread-1"  prio=5 tid=109 timed_waiting
java.lang.Thread.State: TIMED_WAITING
        at sun.misc.Unsafe.park(Native Method)
        at java.util.concurrent.locks.LockSupport.parkNanos(LockSupport.java:215)
        at java.util.concurrent.locks.AbstractQueuedSynchronizer$ConditionObject.awaitNanos(AbstractQueuedSynchronizer.java:2078)
        at java.util.concurrent.ScheduledThreadPoolExecutor$DelayedWorkQueue.take(ScheduledThreadPoolExecutor.java:1093)
        at java.util.concurrent.ScheduledThreadPoolExecutor$DelayedWorkQueue.take(ScheduledThreadPoolExecutor.java:809)
        at java.util.concurrent.ThreadPoolExecutor.getTask(ThreadPoolExecutor.java:1074)
        at java.util.concurrent.ThreadPoolExecutor.runWorker(ThreadPoolExecutor.java:1134)
        at java.util.concurrent.ThreadPoolExecutor$Worker.run(ThreadPoolExecutor.java:624)
        at java.lang.Thread.run(Thread.java:750)
"CommandWatcher-LeaseManager#LeaseMonitor" daemon prio=5 tid=46 timed_waiting
java.lang.Thread.State: TIMED_WAITING
        at java.lang.Object.wait(Native Method)
        at org.apache.hadoop.ozone.lease.LeaseManager$LeaseMonitor.run(LeaseManager.java:238)
        at java.lang.Thread.run(Thread.java:750)
"99050580-db91-402e-a30b-7426b5391f3a@group-0E0524D27BC6->18b69636-199d-46b1-a155-faec2a9e6e92-GrpcLogAppender-LogAppenderDaemon" daemon prio=5 tid=909 timed_waiting
java.lang.Thread.State: TIMED_WAITING
        at sun.misc.Unsafe.park(Native Method)
        at java.util.concurrent.locks.LockSupport.parkNanos(LockSupport.java:215)
        at java.util.concurrent.CompletableFuture$Signaller.block(CompletableFuture.java:1709)
        at java.util.concurrent.ForkJoinPool.managedBlock(ForkJoinPool.java:3323)
        at java.util.concurrent.CompletableFuture.timedGet(CompletableFuture.java:1788)
        at java.util.concurrent.CompletableFuture.get(CompletableFuture.java:1928)
        at org.apache.ratis.util.AwaitForSignal.await(AwaitForSignal.java:56)
        at org.apache.ratis.grpc.server.GrpcLogAppender.mayWait(GrpcLogAppender.java:198)
        at org.apache.ratis.grpc.server.GrpcLogAppender.run(GrpcLogAppender.java:148)
        at org.apache.ratis.server.leader.LogAppenderDaemon.run(LogAppenderDaemon.java:78)
        at org.apache.ratis.server.leader.LogAppenderDaemon$$Lambda$1042/1806567153.run(Unknown Source)
        at java.lang.Thread.run(Thread.java:750)
"IPC Server Responder" daemon prio=5 tid=133 runnable
java.lang.Thread.State: RUNNABLE
        at sun.nio.ch.EPollArrayWrapper.epollWait(Native Method)
        at sun.nio.ch.EPollArrayWrapper.poll(EPollArrayWrapper.java:269)
        at sun.nio.ch.EPollSelectorImpl.doSelect(EPollSelectorImpl.java:93)
        at sun.nio.ch.SelectorImpl.lockAndDoSelect(SelectorImpl.java:86)
        at sun.nio.ch.SelectorImpl.select(SelectorImpl.java:97)
        at org.apache.hadoop.ipc.Server$Responder.doRunLoop(Server.java:1532)
        at org.apache.hadoop.ipc.Server$Responder.run(Server.java:1515)
"18b69636-199d-46b1-a155-faec2a9e6e92-server-thread1" daemon prio=5 tid=911 timed_waiting
java.lang.Thread.State: TIMED_WAITING
        at sun.misc.Unsafe.park(Native Method)
        at java.util.concurrent.locks.LockSupport.parkNanos(LockSupport.java:215)
        at java.util.concurrent.SynchronousQueue$TransferStack.awaitFulfill(SynchronousQueue.java:460)
        at java.util.concurrent.SynchronousQueue$TransferStack.transfer(SynchronousQueue.java:362)
        at java.util.concurrent.SynchronousQueue.poll(SynchronousQueue.java:941)
        at java.util.concurrent.ThreadPoolExecutor.getTask(ThreadPoolExecutor.java:1073)
        at java.util.concurrent.ThreadPoolExecutor.runWorker(ThreadPoolExecutor.java:1134)
        at java.util.concurrent.ThreadPoolExecutor$Worker.run(ThreadPoolExecutor.java:624)
        at java.lang.Thread.run(Thread.java:750)
"ChunkReader-ELG-0" daemon prio=5 tid=506 runnable
java.lang.Thread.State: RUNNABLE
        at org.apache.ratis.thirdparty.io.netty.channel.epoll.Native.epollWait0(Native Method)
        at org.apache.ratis.thirdparty.io.netty.channel.epoll.Native.epollWait(Native.java:182)
        at org.apache.ratis.thirdparty.io.netty.channel.epoll.EpollEventLoop.epollWait(EpollEventLoop.java:290)
        at org.apache.ratis.thirdparty.io.netty.channel.epoll.EpollEventLoop.run(EpollEventLoop.java:354)
        at org.apache.ratis.thirdparty.io.netty.util.concurrent.SingleThreadEventExecutor$4.run(SingleThreadEventExecutor.java:995)
        at org.apache.ratis.thirdparty.io.netty.util.internal.ThreadExecutorMap$2.run(ThreadExecutorMap.java:74)
        at java.lang.Thread.run(Thread.java:750)
"Session-HouseKeeper-38d454fa-1"  prio=5 tid=389 timed_waiting
java.lang.Thread.State: TIMED_WAITING
        at sun.misc.Unsafe.park(Native Method)
        at java.util.concurrent.locks.LockSupport.parkNanos(LockSupport.java:215)
        at java.util.concurrent.locks.AbstractQueuedSynchronizer$ConditionObject.awaitNanos(AbstractQueuedSynchronizer.java:2078)
        at java.util.concurrent.ScheduledThreadPoolExecutor$DelayedWorkQueue.take(ScheduledThreadPoolExecutor.java:1093)
        at java.util.concurrent.ScheduledThreadPoolExecutor$DelayedWorkQueue.take(ScheduledThreadPoolExecutor.java:809)
        at java.util.concurrent.ThreadPoolExecutor.getTask(ThreadPoolExecutor.java:1074)
        at java.util.concurrent.ThreadPoolExecutor.runWorker(ThreadPoolExecutor.java:1134)
        at java.util.concurrent.ThreadPoolExecutor$Worker.run(ThreadPoolExecutor.java:624)
        at java.lang.Thread.run(Thread.java:750)
"IPC Server handler 3 on default port 35095" daemon prio=5 tid=157 timed_waiting
java.lang.Thread.State: TIMED_WAITING
        at sun.misc.Unsafe.park(Native Method)
        at java.util.concurrent.locks.LockSupport.parkNanos(LockSupport.java:215)
        at java.util.concurrent.locks.AbstractQueuedSynchronizer$ConditionObject.awaitNanos(AbstractQueuedSynchronizer.java:2078)
        at java.util.concurrent.LinkedBlockingQueue.poll(LinkedBlockingQueue.java:467)
        at org.apache.hadoop.ipc.CallQueueManager.take(CallQueueManager.java:317)
        at org.apache.hadoop.ipc.Server$Handler.run(Server.java:2942)
"IPC Server handler 8 on default port 43187" daemon prio=5 tid=95 timed_waiting
java.lang.Thread.State: TIMED_WAITING
        at sun.misc.Unsafe.park(Native Method)
        at java.util.concurrent.locks.LockSupport.parkNanos(LockSupport.java:215)
        at java.util.concurrent.locks.AbstractQueuedSynchronizer$ConditionObject.awaitNanos(AbstractQueuedSynchronizer.java:2078)
        at java.util.concurrent.LinkedBlockingQueue.poll(LinkedBlockingQueue.java:467)
        at org.apache.hadoop.ipc.CallQueueManager.take(CallQueueManager.java:317)
        at org.apache.hadoop.ipc.Server$Handler.run(Server.java:2942)
"FixedThreadPoolWithAffinityExecutor-3-0" daemon prio=5 tid=38 timed_waiting
java.lang.Thread.State: TIMED_WAITING
        at sun.misc.Unsafe.park(Native Method)
        at java.util.concurrent.locks.LockSupport.parkNanos(LockSupport.java:215)
        at java.util.concurrent.locks.AbstractQueuedSynchronizer$ConditionObject.awaitNanos(AbstractQueuedSynchronizer.java:2078)
        at java.util.concurrent.LinkedBlockingQueue.poll(LinkedBlockingQueue.java:467)
        at org.apache.hadoop.hdds.scm.server.ContainerReportQueue.poll(ContainerReportQueue.java:266)
        at org.apache.hadoop.hdds.scm.server.ContainerReportQueue.poll(ContainerReportQueue.java:42)
        at org.apache.hadoop.hdds.server.events.FixedThreadPoolWithAffinityExecutor$ContainerReportProcessTask.run(FixedThreadPoolWithAffinityExecutor.java:218)
        at java.util.concurrent.Executors$RunnableAdapter.call(Executors.java:511)
        at java.util.concurrent.FutureTask.run(FutureTask.java:266)
        at java.util.concurrent.ThreadPoolExecutor.runWorker(ThreadPoolExecutor.java:1149)
        at java.util.concurrent.ThreadPoolExecutor$Worker.run(ThreadPoolExecutor.java:624)
        at java.lang.Thread.run(Thread.java:750)
"ChunkWriter-2-0" daemon prio=5 tid=546 in Object.wait()
java.lang.Thread.State: WAITING (on object monitor)
        at sun.misc.Unsafe.park(Native Method)
        at java.util.concurrent.locks.LockSupport.park(LockSupport.java:175)
        at java.util.concurrent.locks.AbstractQueuedSynchronizer$ConditionObject.await(AbstractQueuedSynchronizer.java:2039)
        at java.util.concurrent.LinkedBlockingDeque.takeFirst(LinkedBlockingDeque.java:492)
        at java.util.concurrent.LinkedBlockingDeque.take(LinkedBlockingDeque.java:680)
        at java.util.concurrent.ThreadPoolExecutor.getTask(ThreadPoolExecutor.java:1074)
        at java.util.concurrent.ThreadPoolExecutor.runWorker(ThreadPoolExecutor.java:1134)
        at java.util.concurrent.ThreadPoolExecutor$Worker.run(ThreadPoolExecutor.java:624)
        at java.lang.Thread.run(Thread.java:750)
"47355ef6-248e-415d-99d1-f00ca16e1642@group-D39F9C32CD8E-StateMachineUpdater" daemon prio=5 tid=627 timed_waiting
java.lang.Thread.State: TIMED_WAITING
        at sun.misc.Unsafe.park(Native Method)
        at java.util.concurrent.locks.LockSupport.parkNanos(LockSupport.java:215)
        at java.util.concurrent.CompletableFuture$Signaller.block(CompletableFuture.java:1709)
        at java.util.concurrent.ForkJoinPool.managedBlock(ForkJoinPool.java:3323)
        at java.util.concurrent.CompletableFuture.timedGet(CompletableFuture.java:1788)
        at java.util.concurrent.CompletableFuture.get(CompletableFuture.java:1928)
        at org.apache.ratis.util.AwaitForSignal.await(AwaitForSignal.java:56)
        at org.apache.ratis.server.impl.StateMachineUpdater.waitForCommit(StateMachineUpdater.java:207)
        at org.apache.ratis.server.impl.StateMachineUpdater.run(StateMachineUpdater.java:176)
        at java.lang.Thread.run(Thread.java:750)
"0467b8fc-339c-416e-b5e6-66cb4b1c2e57@group-49B3DD0B9FB3-LeaderStateImpl" daemon prio=5 tid=779 timed_waiting
java.lang.Thread.State: TIMED_WAITING
        at sun.misc.Unsafe.park(Native Method)
        at java.util.concurrent.locks.LockSupport.parkNanos(LockSupport.java:215)
        at java.util.concurrent.locks.AbstractQueuedSynchronizer$ConditionObject.awaitNanos(AbstractQueuedSynchronizer.java:2078)
        at java.util.concurrent.ArrayBlockingQueue.poll(ArrayBlockingQueue.java:418)
        at org.apache.ratis.server.impl.LeaderStateImpl$EventQueue.poll(LeaderStateImpl.java:159)
        at org.apache.ratis.server.impl.LeaderStateImpl$EventProcessor.run(LeaderStateImpl.java:630)
"qtp743713322-241" daemon prio=5 tid=241 timed_waiting
java.lang.Thread.State: TIMED_WAITING
        at sun.misc.Unsafe.park(Native Method)
        at java.util.concurrent.locks.LockSupport.parkNanos(LockSupport.java:215)
        at java.util.concurrent.locks.AbstractQueuedSynchronizer$ConditionObject.awaitNanos(AbstractQueuedSynchronizer.java:2078)
        at org.eclipse.jetty.util.BlockingArrayQueue.poll(BlockingArrayQueue.java:382)
        at org.eclipse.jetty.util.thread.QueuedThreadPool$Runner.idleJobPoll(QueuedThreadPool.java:974)
        at org.eclipse.jetty.util.thread.QueuedThreadPool$Runner.run(QueuedThreadPool.java:1018)
        at java.lang.Thread.run(Thread.java:750)
"Command processor thread" daemon prio=5 tid=305 timed_waiting
java.lang.Thread.State: TIMED_WAITING
        at java.lang.Thread.sleep(Native Method)
        at org.apache.hadoop.ozone.container.common.statemachine.DatanodeStateMachine.lambda$initCommandHandlerThread$3(DatanodeStateMachine.java:641)
        at org.apache.hadoop.ozone.container.common.statemachine.DatanodeStateMachine$$Lambda$753/767635075.run(Unknown Source)
        at java.lang.Thread.run(Thread.java:750)
"99050580-db91-402e-a30b-7426b5391f3a@group-0E0524D27BC6-SegmentedRaftLogWorker"  prio=5 tid=636 timed_waiting
java.lang.Thread.State: TIMED_WAITING
        at sun.misc.Unsafe.park(Native Method)
        at java.util.concurrent.locks.LockSupport.parkNanos(LockSupport.java:215)
        at java.util.concurrent.locks.AbstractQueuedSynchronizer$ConditionObject.awaitNanos(AbstractQueuedSynchronizer.java:2078)
        at org.apache.ratis.util.DataBlockingQueue.poll(DataBlockingQueue.java:148)
        at org.apache.ratis.server.raftlog.segmented.SegmentedRaftLogWorker.run(SegmentedRaftLogWorker.java:310)
        at org.apache.ratis.server.raftlog.segmented.SegmentedRaftLogWorker$$Lambda$665/1658742493.run(Unknown Source)
        at java.lang.Thread.run(Thread.java:750)
"IPC Server handler 5 on default port 44219" daemon prio=5 tid=72 timed_waiting
java.lang.Thread.State: TIMED_WAITING
        at sun.misc.Unsafe.park(Native Method)
        at java.util.concurrent.locks.LockSupport.parkNanos(LockSupport.java:215)
        at java.util.concurrent.locks.AbstractQueuedSynchronizer$ConditionObject.awaitNanos(AbstractQueuedSynchronizer.java:2078)
        at java.util.concurrent.LinkedBlockingQueue.poll(LinkedBlockingQueue.java:467)
        at org.apache.hadoop.ipc.CallQueueManager.take(CallQueueManager.java:317)
        at org.apache.hadoop.ipc.Server$Handler.run(Server.java:2942)
"qtp2135382997-464" daemon prio=5 tid=464 timed_waiting
java.lang.Thread.State: TIMED_WAITING
        at sun.misc.Unsafe.park(Native Method)
        at java.util.concurrent.locks.LockSupport.parkNanos(LockSupport.java:215)
        at java.util.concurrent.locks.AbstractQueuedSynchronizer$ConditionObject.awaitNanos(AbstractQueuedSynchronizer.java:2078)
        at org.eclipse.jetty.util.BlockingArrayQueue.poll(BlockingArrayQueue.java:382)
        at org.eclipse.jetty.util.thread.QueuedThreadPool$Runner.idleJobPoll(QueuedThreadPool.java:974)
        at org.eclipse.jetty.util.thread.QueuedThreadPool$Runner.run(QueuedThreadPool.java:1018)
        at java.lang.Thread.run(Thread.java:750)
"org.apache.hadoop.ozone.container.common.statemachine.commandhandler.DeleteBlocksCommandHandler$DeleteCmdWorker@12701677" daemon prio=5 tid=340 timed_waiting
java.lang.Thread.State: TIMED_WAITING
        at java.lang.Thread.sleep(Native Method)
        at org.apache.hadoop.ozone.container.common.statemachine.commandhandler.DeleteBlocksCommandHandler$DeleteCmdWorker.run(DeleteBlocksCommandHandler.java:183)
        at java.lang.Thread.run(Thread.java:750)
"FixedThreadPoolWithAffinityExecutor-1-0" daemon prio=5 tid=36 timed_waiting
java.lang.Thread.State: TIMED_WAITING
        at sun.misc.Unsafe.park(Native Method)
        at java.util.concurrent.locks.LockSupport.parkNanos(LockSupport.java:215)
        at java.util.concurrent.locks.AbstractQueuedSynchronizer$ConditionObject.awaitNanos(AbstractQueuedSynchronizer.java:2078)
        at java.util.concurrent.LinkedBlockingQueue.poll(LinkedBlockingQueue.java:467)
        at org.apache.hadoop.hdds.scm.server.ContainerReportQueue.poll(ContainerReportQueue.java:266)
        at org.apache.hadoop.hdds.scm.server.ContainerReportQueue.poll(ContainerReportQueue.java:42)
        at org.apache.hadoop.hdds.server.events.FixedThreadPoolWithAffinityExecutor$ContainerReportProcessTask.run(FixedThreadPoolWithAffinityExecutor.java:218)
        at java.util.concurrent.Executors$RunnableAdapter.call(Executors.java:511)
        at java.util.concurrent.FutureTask.run(FutureTask.java:266)
        at java.util.concurrent.ThreadPoolExecutor.runWorker(ThreadPoolExecutor.java:1149)
        at java.util.concurrent.ThreadPoolExecutor$Worker.run(ThreadPoolExecutor.java:624)
        at java.lang.Thread.run(Thread.java:750)
"qtp743713322-239-acceptor-0@3d1ac2e1-ServerConnector@6ffd0408{HTTP/1.1, (http/1.1)}{0.0.0.0:45853}" daemon prio=3 tid=239 runnable
java.lang.Thread.State: RUNNABLE
        at sun.nio.ch.ServerSocketChannelImpl.accept0(Native Method)
        at sun.nio.ch.ServerSocketChannelImpl.accept(ServerSocketChannelImpl.java:421)
        at sun.nio.ch.ServerSocketChannelImpl.accept(ServerSocketChannelImpl.java:249)
        at org.eclipse.jetty.server.ServerConnector.accept(ServerConnector.java:388)
        at org.eclipse.jetty.server.AbstractConnector$Acceptor.run(AbstractConnector.java:704)
        at org.eclipse.jetty.util.thread.QueuedThreadPool.runJob(QueuedThreadPool.java:883)
        at org.eclipse.jetty.util.thread.QueuedThreadPool$Runner.run(QueuedThreadPool.java:1034)
        at java.lang.Thread.run(Thread.java:750)
"ReplicationMonitor" daemon prio=5 tid=854 timed_waiting
java.lang.Thread.State: TIMED_WAITING
        at java.lang.Object.wait(Native Method)
        at org.apache.hadoop.hdds.scm.container.replication.ReplicationManager.run(ReplicationManager.java:575)
        at org.apache.hadoop.hdds.scm.container.replication.ReplicationManager$$Lambda$382/1856963340.run(Unknown Source)
        at java.lang.Thread.run(Thread.java:750)
"ChunkWriter-3-0" daemon prio=5 tid=471 in Object.wait()
java.lang.Thread.State: WAITING (on object monitor)
        at sun.misc.Unsafe.park(Native Method)
        at java.util.concurrent.locks.LockSupport.park(LockSupport.java:175)
        at java.util.concurrent.locks.AbstractQueuedSynchronizer$ConditionObject.await(AbstractQueuedSynchronizer.java:2039)
        at java.util.concurrent.LinkedBlockingDeque.takeFirst(LinkedBlockingDeque.java:492)
        at java.util.concurrent.LinkedBlockingDeque.take(LinkedBlockingDeque.java:680)
        at java.util.concurrent.ThreadPoolExecutor.getTask(ThreadPoolExecutor.java:1074)
        at java.util.concurrent.ThreadPoolExecutor.runWorker(ThreadPoolExecutor.java:1134)
        at java.util.concurrent.ThreadPoolExecutor$Worker.run(ThreadPoolExecutor.java:624)
        at java.lang.Thread.run(Thread.java:750)
"IPC Server handler 9 on default port 44219" daemon prio=5 tid=76 timed_waiting
java.lang.Thread.State: TIMED_WAITING
        at sun.misc.Unsafe.park(Native Method)
        at java.util.concurrent.locks.LockSupport.parkNanos(LockSupport.java:215)
        at java.util.concurrent.locks.AbstractQueuedSynchronizer$ConditionObject.awaitNanos(AbstractQueuedSynchronizer.java:2078)
        at java.util.concurrent.LinkedBlockingQueue.poll(LinkedBlockingQueue.java:467)
        at org.apache.hadoop.ipc.CallQueueManager.take(CallQueueManager.java:317)
        at org.apache.hadoop.ipc.Server$Handler.run(Server.java:2942)
"ChunkReader-ELG-0" daemon prio=5 tid=494 runnable
java.lang.Thread.State: RUNNABLE
        at org.apache.ratis.thirdparty.io.netty.channel.epoll.Native.epollWait(Native Method)
        at org.apache.ratis.thirdparty.io.netty.channel.epoll.Native.epollWait(Native.java:209)
        at org.apache.ratis.thirdparty.io.netty.channel.epoll.Native.epollWait(Native.java:202)
        at org.apache.ratis.thirdparty.io.netty.channel.epoll.EpollEventLoop.epollWaitNoTimerChange(EpollEventLoop.java:294)
        at org.apache.ratis.thirdparty.io.netty.channel.epoll.EpollEventLoop.run(EpollEventLoop.java:351)
        at org.apache.ratis.thirdparty.io.netty.util.concurrent.SingleThreadEventExecutor$4.run(SingleThreadEventExecutor.java:995)
        at org.apache.ratis.thirdparty.io.netty.util.internal.ThreadExecutorMap$2.run(ThreadExecutorMap.java:74)
        at java.lang.Thread.run(Thread.java:750)
"IPC Server listener on 0" daemon prio=5 tid=27 runnable
java.lang.Thread.State: RUNNABLE
        at sun.nio.ch.EPollArrayWrapper.epollWait(Native Method)
        at sun.nio.ch.EPollArrayWrapper.poll(EPollArrayWrapper.java:269)
        at sun.nio.ch.EPollSelectorImpl.doSelect(EPollSelectorImpl.java:93)
        at sun.nio.ch.SelectorImpl.lockAndDoSelect(SelectorImpl.java:86)
        at sun.nio.ch.SelectorImpl.select(SelectorImpl.java:97)
        at sun.nio.ch.SelectorImpl.select(SelectorImpl.java:101)
        at org.apache.hadoop.ipc.Server$Listener.run(Server.java:1358)
"IPC Server idle connection scanner for port 35095" daemon prio=5 tid=132 timed_waiting
java.lang.Thread.State: TIMED_WAITING
        at java.lang.Object.wait(Native Method)
        at java.util.TimerThread.mainLoop(Timer.java:552)
        at java.util.TimerThread.run(Timer.java:505)
"IPC Server handler 18 on default port 44219" daemon prio=5 tid=85 timed_waiting
java.lang.Thread.State: TIMED_WAITING
        at sun.misc.Unsafe.park(Native Method)
        at java.util.concurrent.locks.LockSupport.parkNanos(LockSupport.java:215)
        at java.util.concurrent.locks.AbstractQueuedSynchronizer$ConditionObject.awaitNanos(AbstractQueuedSynchronizer.java:2078)
        at java.util.concurrent.LinkedBlockingQueue.poll(LinkedBlockingQueue.java:467)
        at org.apache.hadoop.ipc.CallQueueManager.take(CallQueueManager.java:317)
        at org.apache.hadoop.ipc.Server$Handler.run(Server.java:2942)
"Datanode ReportManager Thread - 4" daemon prio=5 tid=445 in Object.wait()
java.lang.Thread.State: WAITING (on object monitor)
        at sun.misc.Unsafe.park(Native Method)
        at java.util.concurrent.locks.LockSupport.park(LockSupport.java:175)
        at java.util.concurrent.locks.AbstractQueuedSynchronizer$ConditionObject.await(AbstractQueuedSynchronizer.java:2039)
        at java.util.concurrent.ScheduledThreadPoolExecutor$DelayedWorkQueue.take(ScheduledThreadPoolExecutor.java:1088)
        at java.util.concurrent.ScheduledThreadPoolExecutor$DelayedWorkQueue.take(ScheduledThreadPoolExecutor.java:809)
        at java.util.concurrent.ThreadPoolExecutor.getTask(ThreadPoolExecutor.java:1074)
        at java.util.concurrent.ThreadPoolExecutor.runWorker(ThreadPoolExecutor.java:1134)
        at java.util.concurrent.ThreadPoolExecutor$Worker.run(ThreadPoolExecutor.java:624)
        at java.lang.Thread.run(Thread.java:750)
"Datanode ReportManager Thread - 0" daemon prio=5 tid=355 in Object.wait()
java.lang.Thread.State: WAITING (on object monitor)
        at sun.misc.Unsafe.park(Native Method)
        at java.util.concurrent.locks.LockSupport.park(LockSupport.java:175)
        at java.util.concurrent.locks.AbstractQueuedSynchronizer$ConditionObject.await(AbstractQueuedSynchronizer.java:2039)
        at java.util.concurrent.ScheduledThreadPoolExecutor$DelayedWorkQueue.take(ScheduledThreadPoolExecutor.java:1088)
        at java.util.concurrent.ScheduledThreadPoolExecutor$DelayedWorkQueue.take(ScheduledThreadPoolExecutor.java:809)
        at java.util.concurrent.ThreadPoolExecutor.getTask(ThreadPoolExecutor.java:1074)
        at java.util.concurrent.ThreadPoolExecutor.runWorker(ThreadPoolExecutor.java:1134)
        at java.util.concurrent.ThreadPoolExecutor$Worker.run(ThreadPoolExecutor.java:624)
        at java.lang.Thread.run(Thread.java:750)
"qtp1593771601-424" daemon prio=5 tid=424 timed_waiting
java.lang.Thread.State: TIMED_WAITING
        at sun.misc.Unsafe.park(Native Method)
        at java.util.concurrent.locks.LockSupport.parkNanos(LockSupport.java:215)
        at java.util.concurrent.locks.AbstractQueuedSynchronizer$ConditionObject.awaitNanos(AbstractQueuedSynchronizer.java:2078)
        at org.eclipse.jetty.util.BlockingArrayQueue.poll(BlockingArrayQueue.java:382)
        at org.eclipse.jetty.util.thread.QueuedThreadPool$Runner.idleJobPoll(QueuedThreadPool.java:974)
        at org.eclipse.jetty.util.thread.QueuedThreadPool$Runner.run(QueuedThreadPool.java:1018)
        at java.lang.Thread.run(Thread.java:750)
"6e1286b8-b074-4479-bd2c-46da0ae8c43a@group-DC80249593AF-StateMachineUpdater" daemon prio=5 tid=590 timed_waiting
java.lang.Thread.State: TIMED_WAITING
        at sun.misc.Unsafe.park(Native Method)
        at java.util.concurrent.locks.LockSupport.parkNanos(LockSupport.java:215)
        at java.util.concurrent.CompletableFuture$Signaller.block(CompletableFuture.java:1709)
        at java.util.concurrent.ForkJoinPool.managedBlock(ForkJoinPool.java:3323)
        at java.util.concurrent.CompletableFuture.timedGet(CompletableFuture.java:1788)
        at java.util.concurrent.CompletableFuture.get(CompletableFuture.java:1928)
        at org.apache.ratis.util.AwaitForSignal.await(AwaitForSignal.java:56)
        at org.apache.ratis.server.impl.StateMachineUpdater.waitForCommit(StateMachineUpdater.java:207)
        at org.apache.ratis.server.impl.StateMachineUpdater.run(StateMachineUpdater.java:176)
        at java.lang.Thread.run(Thread.java:750)
"47355ef6-248e-415d-99d1-f00ca16e1642@group-660F148B2C2F-LeaderStateImpl" daemon prio=5 tid=722 timed_waiting
java.lang.Thread.State: TIMED_WAITING
        at sun.misc.Unsafe.park(Native Method)
        at java.util.concurrent.locks.LockSupport.parkNanos(LockSupport.java:215)
        at java.util.concurrent.locks.AbstractQueuedSynchronizer$ConditionObject.awaitNanos(AbstractQueuedSynchronizer.java:2078)
        at java.util.concurrent.ArrayBlockingQueue.poll(ArrayBlockingQueue.java:418)
        at org.apache.ratis.server.impl.LeaderStateImpl$EventQueue.poll(LeaderStateImpl.java:159)
        at org.apache.ratis.server.impl.LeaderStateImpl$EventProcessor.run(LeaderStateImpl.java:630)
"IPC Server handler 2 on default port 35095" daemon prio=5 tid=156 timed_waiting
java.lang.Thread.State: TIMED_WAITING
        at sun.misc.Unsafe.park(Native Method)
        at java.util.concurrent.locks.LockSupport.parkNanos(LockSupport.java:215)
        at java.util.concurrent.locks.AbstractQueuedSynchronizer$ConditionObject.awaitNanos(AbstractQueuedSynchronizer.java:2078)
        at java.util.concurrent.LinkedBlockingQueue.poll(LinkedBlockingQueue.java:467)
        at org.apache.hadoop.ipc.CallQueueManager.take(CallQueueManager.java:317)
        at org.apache.hadoop.ipc.Server$Handler.run(Server.java:2942)
"pool-187-thread-1"  prio=5 tid=618 in Object.wait()
java.lang.Thread.State: WAITING (on object monitor)
        at sun.misc.Unsafe.park(Native Method)
        at java.util.concurrent.locks.LockSupport.park(LockSupport.java:175)
        at java.util.concurrent.locks.AbstractQueuedSynchronizer$ConditionObject.await(AbstractQueuedSynchronizer.java:2039)
        at java.util.concurrent.LinkedBlockingQueue.take(LinkedBlockingQueue.java:442)
        at java.util.concurrent.ThreadPoolExecutor.getTask(ThreadPoolExecutor.java:1074)
        at java.util.concurrent.ThreadPoolExecutor.runWorker(ThreadPoolExecutor.java:1134)
        at java.util.concurrent.ThreadPoolExecutor$Worker.run(ThreadPoolExecutor.java:624)
        at java.lang.Thread.run(Thread.java:750)
"0467b8fc-339c-416e-b5e6-66cb4b1c2e57@group-49B3DD0B9FB3-StateMachineUpdater" daemon prio=5 tid=685 timed_waiting
java.lang.Thread.State: TIMED_WAITING
        at sun.misc.Unsafe.park(Native Method)
        at java.util.concurrent.locks.LockSupport.parkNanos(LockSupport.java:215)
        at java.util.concurrent.CompletableFuture$Signaller.block(CompletableFuture.java:1709)
        at java.util.concurrent.ForkJoinPool.managedBlock(ForkJoinPool.java:3323)
        at java.util.concurrent.CompletableFuture.timedGet(CompletableFuture.java:1788)
        at java.util.concurrent.CompletableFuture.get(CompletableFuture.java:1928)
        at org.apache.ratis.util.AwaitForSignal.await(AwaitForSignal.java:56)
        at org.apache.ratis.server.impl.StateMachineUpdater.waitForCommit(StateMachineUpdater.java:207)
        at org.apache.ratis.server.impl.StateMachineUpdater.run(StateMachineUpdater.java:176)
        at java.lang.Thread.run(Thread.java:750)
"qtp1010968386-388" daemon prio=5 tid=388 timed_waiting
java.lang.Thread.State: TIMED_WAITING
        at sun.misc.Unsafe.park(Native Method)
        at java.util.concurrent.locks.LockSupport.parkNanos(LockSupport.java:215)
        at java.util.concurrent.locks.AbstractQueuedSynchronizer$ConditionObject.awaitNanos(AbstractQueuedSynchronizer.java:2078)
        at org.eclipse.jetty.util.BlockingArrayQueue.poll(BlockingArrayQueue.java:382)
        at org.eclipse.jetty.util.thread.QueuedThreadPool$Runner.idleJobPoll(QueuedThreadPool.java:974)
        at org.eclipse.jetty.util.thread.QueuedThreadPool$Runner.run(QueuedThreadPool.java:1018)
        at java.lang.Thread.run(Thread.java:750)
"Datanode State Machine Daemon Thread" daemon prio=5 tid=402 timed_waiting
java.lang.Thread.State: TIMED_WAITING
        at java.lang.Thread.sleep(Native Method)
        at org.apache.hadoop.ozone.container.common.statemachine.DatanodeStateMachine.startStateMachineThread(DatanodeStateMachine.java:321)
        at org.apache.hadoop.ozone.container.common.statemachine.DatanodeStateMachine.lambda$startDaemon$0(DatanodeStateMachine.java:506)
        at org.apache.hadoop.ozone.container.common.statemachine.DatanodeStateMachine$$Lambda$751/1932525059.run(Unknown Source)
        at java.lang.Thread.run(Thread.java:750)
"pool-196-thread-1"  prio=5 tid=315 timed_waiting
java.lang.Thread.State: TIMED_WAITING
        at sun.misc.Unsafe.park(Native Method)
        at java.util.concurrent.locks.LockSupport.parkNanos(LockSupport.java:215)
        at java.util.concurrent.locks.AbstractQueuedSynchronizer$ConditionObject.awaitNanos(AbstractQueuedSynchronizer.java:2078)
        at java.util.concurrent.ScheduledThreadPoolExecutor$DelayedWorkQueue.take(ScheduledThreadPoolExecutor.java:1093)
        at java.util.concurrent.ScheduledThreadPoolExecutor$DelayedWorkQueue.take(ScheduledThreadPoolExecutor.java:809)
        at java.util.concurrent.ThreadPoolExecutor.getTask(ThreadPoolExecutor.java:1074)
        at java.util.concurrent.ThreadPoolExecutor.runWorker(ThreadPoolExecutor.java:1134)
        at java.util.concurrent.ThreadPoolExecutor$Worker.run(ThreadPoolExecutor.java:624)
        at java.lang.Thread.run(Thread.java:750)
"5b5b9152-5d2c-4522-9940-e93bc8d8546d@group-9E5AF68AEC75-SegmentedRaftLogWorker"  prio=5 tid=676 timed_waiting
java.lang.Thread.State: TIMED_WAITING
        at sun.misc.Unsafe.park(Native Method)
        at java.util.concurrent.locks.LockSupport.parkNanos(LockSupport.java:215)
        at java.util.concurrent.locks.AbstractQueuedSynchronizer$ConditionObject.awaitNanos(AbstractQueuedSynchronizer.java:2078)
        at org.apache.ratis.util.DataBlockingQueue.poll(DataBlockingQueue.java:148)
        at org.apache.ratis.server.raftlog.segmented.SegmentedRaftLogWorker.run(SegmentedRaftLogWorker.java:310)
        at org.apache.ratis.server.raftlog.segmented.SegmentedRaftLogWorker$$Lambda$665/1658742493.run(Unknown Source)
        at java.lang.Thread.run(Thread.java:750)
"pool-127-thread-1"  prio=5 tid=237 timed_waiting
java.lang.Thread.State: TIMED_WAITING
        at sun.misc.Unsafe.park(Native Method)
        at java.util.concurrent.locks.LockSupport.parkNanos(LockSupport.java:215)
        at java.util.concurrent.locks.AbstractQueuedSynchronizer$ConditionObject.awaitNanos(AbstractQueuedSynchronizer.java:2078)
        at java.util.concurrent.ScheduledThreadPoolExecutor$DelayedWorkQueue.take(ScheduledThreadPoolExecutor.java:1093)
        at java.util.concurrent.ScheduledThreadPoolExecutor$DelayedWorkQueue.take(ScheduledThreadPoolExecutor.java:809)
        at java.util.concurrent.ThreadPoolExecutor.getTask(ThreadPoolExecutor.java:1074)
        at java.util.concurrent.ThreadPoolExecutor.runWorker(ThreadPoolExecutor.java:1134)
        at java.util.concurrent.ThreadPoolExecutor$Worker.run(ThreadPoolExecutor.java:624)
        at java.lang.Thread.run(Thread.java:750)
"timer1" daemon prio=5 tid=735 timed_waiting
java.lang.Thread.State: TIMED_WAITING
        at java.lang.Object.wait(Native Method)
        at java.util.TimerThread.mainLoop(Timer.java:552)
        at java.util.TimerThread.run(Timer.java:505)
"Datanode State Machine Task Thread - 1"  prio=5 tid=530 in Object.wait()
java.lang.Thread.State: WAITING (on object monitor)
        at sun.misc.Unsafe.park(Native Method)
        at java.util.concurrent.locks.LockSupport.park(LockSupport.java:175)
        at java.util.concurrent.locks.AbstractQueuedSynchronizer$ConditionObject.await(AbstractQueuedSynchronizer.java:2039)
        at java.util.concurrent.LinkedBlockingQueue.take(LinkedBlockingQueue.java:442)
        at java.util.concurrent.ThreadPoolExecutor.getTask(ThreadPoolExecutor.java:1074)
        at java.util.concurrent.ThreadPoolExecutor.runWorker(ThreadPoolExecutor.java:1134)
        at java.util.concurrent.ThreadPoolExecutor$Worker.run(ThreadPoolExecutor.java:624)
        at java.lang.Thread.run(Thread.java:750)
"Socket Reader #1 for port 0"  prio=5 tid=32 runnable
java.lang.Thread.State: RUNNABLE
        at sun.nio.ch.EPollArrayWrapper.epollWait(Native Method)
        at sun.nio.ch.EPollArrayWrapper.poll(EPollArrayWrapper.java:269)
        at sun.nio.ch.EPollSelectorImpl.doSelect(EPollSelectorImpl.java:93)
        at sun.nio.ch.SelectorImpl.lockAndDoSelect(SelectorImpl.java:86)
        at sun.nio.ch.SelectorImpl.select(SelectorImpl.java:97)
        at sun.nio.ch.SelectorImpl.select(SelectorImpl.java:101)
        at org.apache.hadoop.ipc.Server$Listener$Reader.doRunLoop(Server.java:1296)
        at org.apache.hadoop.ipc.Server$Listener$Reader.run(Server.java:1275)
"org.apache.hadoop.ozone.container.common.statemachine.commandhandler.DeleteBlocksCommandHandler$DeleteCmdWorker@17bc17bd" daemon prio=5 tid=455 timed_waiting
java.lang.Thread.State: TIMED_WAITING
        at java.lang.Thread.sleep(Native Method)
        at org.apache.hadoop.ozone.container.common.statemachine.commandhandler.DeleteBlocksCommandHandler$DeleteCmdWorker.run(DeleteBlocksCommandHandler.java:183)
        at java.lang.Thread.run(Thread.java:750)
"org.apache.hadoop.util.JvmPauseMonitor$Monitor@53923ca0" daemon prio=5 tid=174 timed_waiting
java.lang.Thread.State: TIMED_WAITING
        at java.lang.Thread.sleep(Native Method)
        at org.apache.hadoop.util.JvmPauseMonitor$Monitor.run(JvmPauseMonitor.java:192)
        at java.lang.Thread.run(Thread.java:750)
"org.apache.hadoop.ozone.container.common.statemachine.commandhandler.DeleteBlocksCommandHandler$DeleteCmdWorker@1fd58b03" daemon prio=5 tid=314 timed_waiting
java.lang.Thread.State: TIMED_WAITING
        at java.lang.Thread.sleep(Native Method)
        at org.apache.hadoop.ozone.container.common.statemachine.commandhandler.DeleteBlocksCommandHandler$DeleteCmdWorker.run(DeleteBlocksCommandHandler.java:183)
        at java.lang.Thread.run(Thread.java:750)
"StaleRecoveringContainerScrubbingService#0" daemon prio=5 tid=563 in Object.wait()
java.lang.Thread.State: WAITING (on object monitor)
        at sun.misc.Unsafe.park(Native Method)
        at java.util.concurrent.locks.LockSupport.park(LockSupport.java:175)
        at java.util.concurrent.locks.AbstractQueuedSynchronizer$ConditionObject.await(AbstractQueuedSynchronizer.java:2039)
        at java.util.concurrent.ScheduledThreadPoolExecutor$DelayedWorkQueue.take(ScheduledThreadPoolExecutor.java:1088)
        at java.util.concurrent.ScheduledThreadPoolExecutor$DelayedWorkQueue.take(ScheduledThreadPoolExecutor.java:809)
        at java.util.concurrent.ThreadPoolExecutor.getTask(ThreadPoolExecutor.java:1074)
        at java.util.concurrent.ThreadPoolExecutor.runWorker(ThreadPoolExecutor.java:1134)
        at java.util.concurrent.ThreadPoolExecutor$Worker.run(ThreadPoolExecutor.java:624)
        at java.lang.Thread.run(Thread.java:750)
"ExpiredContainerReplicaOpScrubberThread" daemon prio=5 tid=17 timed_waiting
java.lang.Thread.State: TIMED_WAITING
        at java.lang.Object.wait(Native Method)
        at org.apache.hadoop.hdds.scm.ha.BackgroundSCMService.run(BackgroundSCMService.java:110)
        at org.apache.hadoop.hdds.scm.ha.BackgroundSCMService$$Lambda$375/269287960.run(Unknown Source)
        at java.lang.Thread.run(Thread.java:750)
"IPC Server handler 18 on default port 35095" daemon prio=5 tid=172 timed_waiting
java.lang.Thread.State: TIMED_WAITING
        at sun.misc.Unsafe.park(Native Method)
        at java.util.concurrent.locks.LockSupport.parkNanos(LockSupport.java:215)
        at java.util.concurrent.locks.AbstractQueuedSynchronizer$ConditionObject.awaitNanos(AbstractQueuedSynchronizer.java:2078)
        at java.util.concurrent.LinkedBlockingQueue.poll(LinkedBlockingQueue.java:467)
        at org.apache.hadoop.ipc.CallQueueManager.take(CallQueueManager.java:317)
        at org.apache.hadoop.ipc.Server$Handler.run(Server.java:2942)
"qtp1593771601-426" daemon prio=5 tid=426 timed_waiting
java.lang.Thread.State: TIMED_WAITING
        at sun.misc.Unsafe.park(Native Method)
        at java.util.concurrent.locks.LockSupport.parkNanos(LockSupport.java:215)
        at java.util.concurrent.locks.AbstractQueuedSynchronizer$ConditionObject.awaitNanos(AbstractQueuedSynchronizer.java:2078)
        at org.eclipse.jetty.util.BlockingArrayQueue.poll(BlockingArrayQueue.java:382)
        at org.eclipse.jetty.util.thread.QueuedThreadPool$Runner.idleJobPoll(QueuedThreadPool.java:974)
        at org.eclipse.jetty.util.thread.QueuedThreadPool$Runner.run(QueuedThreadPool.java:1018)
        at java.lang.Thread.run(Thread.java:750)
"StaleRecoveringContainerScrubbingService#2" daemon prio=5 tid=941 in Object.wait()
java.lang.Thread.State: WAITING (on object monitor)
        at sun.misc.Unsafe.park(Native Method)
        at java.util.concurrent.locks.LockSupport.park(LockSupport.java:175)
        at java.util.concurrent.locks.AbstractQueuedSynchronizer$ConditionObject.await(AbstractQueuedSynchronizer.java:2039)
        at java.util.concurrent.ScheduledThreadPoolExecutor$DelayedWorkQueue.take(ScheduledThreadPoolExecutor.java:1088)
        at java.util.concurrent.ScheduledThreadPoolExecutor$DelayedWorkQueue.take(ScheduledThreadPoolExecutor.java:809)
        at java.util.concurrent.ThreadPoolExecutor.getTask(ThreadPoolExecutor.java:1074)
        at java.util.concurrent.ThreadPoolExecutor.runWorker(ThreadPoolExecutor.java:1134)
        at java.util.concurrent.ThreadPoolExecutor$Worker.run(ThreadPoolExecutor.java:624)
        at java.lang.Thread.run(Thread.java:750)
"BlockDeletingService#0" daemon prio=5 tid=562 in Object.wait()
java.lang.Thread.State: WAITING (on object monitor)
        at sun.misc.Unsafe.park(Native Method)
        at java.util.concurrent.locks.LockSupport.park(LockSupport.java:175)
        at java.util.concurrent.locks.AbstractQueuedSynchronizer$ConditionObject.await(AbstractQueuedSynchronizer.java:2039)
        at java.util.concurrent.ScheduledThreadPoolExecutor$DelayedWorkQueue.take(ScheduledThreadPoolExecutor.java:1088)
        at java.util.concurrent.ScheduledThreadPoolExecutor$DelayedWorkQueue.take(ScheduledThreadPoolExecutor.java:809)
        at java.util.concurrent.ThreadPoolExecutor.getTask(ThreadPoolExecutor.java:1074)
        at java.util.concurrent.ThreadPoolExecutor.runWorker(ThreadPoolExecutor.java:1134)
        at java.util.concurrent.ThreadPoolExecutor$Worker.run(ThreadPoolExecutor.java:624)
        at java.lang.Thread.run(Thread.java:750)
"qtp1078491960-267" daemon prio=5 tid=267 timed_waiting
java.lang.Thread.State: TIMED_WAITING
        at sun.misc.Unsafe.park(Native Method)
        at java.util.concurrent.locks.LockSupport.parkNanos(LockSupport.java:215)
        at java.util.concurrent.locks.AbstractQueuedSynchronizer$ConditionObject.awaitNanos(AbstractQueuedSynchronizer.java:2078)
        at org.eclipse.jetty.util.BlockingArrayQueue.poll(BlockingArrayQueue.java:382)
        at org.eclipse.jetty.util.thread.QueuedThreadPool$Runner.idleJobPoll(QueuedThreadPool.java:974)
        at org.eclipse.jetty.util.thread.QueuedThreadPool$Runner.run(QueuedThreadPool.java:1018)
        at java.lang.Thread.run(Thread.java:750)
"ChunkWriter-3-0" daemon prio=5 tid=504 in Object.wait()
java.lang.Thread.State: WAITING (on object monitor)
        at sun.misc.Unsafe.park(Native Method)
        at java.util.concurrent.locks.LockSupport.park(LockSupport.java:175)
        at java.util.concurrent.locks.AbstractQueuedSynchronizer$ConditionObject.await(AbstractQueuedSynchronizer.java:2039)
        at java.util.concurrent.LinkedBlockingDeque.takeFirst(LinkedBlockingDeque.java:492)
        at java.util.concurrent.LinkedBlockingDeque.take(LinkedBlockingDeque.java:680)
        at java.util.concurrent.ThreadPoolExecutor.getTask(ThreadPoolExecutor.java:1074)
        at java.util.concurrent.ThreadPoolExecutor.runWorker(ThreadPoolExecutor.java:1134)
        at java.util.concurrent.ThreadPoolExecutor$Worker.run(ThreadPoolExecutor.java:624)
        at java.lang.Thread.run(Thread.java:750)
"qtp410671928-146-acceptor-0@6d633167-ServerConnector@105637ea{HTTP/1.1, (http/1.1)}{0.0.0.0:33933}" daemon prio=3 tid=146 runnable
java.lang.Thread.State: RUNNABLE
        at sun.nio.ch.ServerSocketChannelImpl.accept0(Native Method)
        at sun.nio.ch.ServerSocketChannelImpl.accept(ServerSocketChannelImpl.java:421)
        at sun.nio.ch.ServerSocketChannelImpl.accept(ServerSocketChannelImpl.java:249)
        at org.eclipse.jetty.server.ServerConnector.accept(ServerConnector.java:388)
        at org.eclipse.jetty.server.AbstractConnector$Acceptor.run(AbstractConnector.java:704)
        at org.eclipse.jetty.util.thread.QueuedThreadPool.runJob(QueuedThreadPool.java:883)
        at org.eclipse.jetty.util.thread.QueuedThreadPool$Runner.run(QueuedThreadPool.java:1034)
        at java.lang.Thread.run(Thread.java:750)
"qtp1593771601-419" daemon prio=5 tid=419 runnable
java.lang.Thread.State: RUNNABLE
        at sun.nio.ch.EPollArrayWrapper.epollWait(Native Method)
        at sun.nio.ch.EPollArrayWrapper.poll(EPollArrayWrapper.java:269)
        at sun.nio.ch.EPollSelectorImpl.doSelect(EPollSelectorImpl.java:93)
        at sun.nio.ch.SelectorImpl.lockAndDoSelect(SelectorImpl.java:86)
        at sun.nio.ch.SelectorImpl.select(SelectorImpl.java:97)
        at sun.nio.ch.SelectorImpl.select(SelectorImpl.java:101)
        at org.eclipse.jetty.io.ManagedSelector.nioSelect(ManagedSelector.java:183)
        at org.eclipse.jetty.io.ManagedSelector.select(ManagedSelector.java:190)
        at org.eclipse.jetty.io.ManagedSelector$SelectorProducer.select(ManagedSelector.java:606)
        at org.eclipse.jetty.io.ManagedSelector$SelectorProducer.produce(ManagedSelector.java:543)
        at org.eclipse.jetty.util.thread.strategy.EatWhatYouKill.produceTask(EatWhatYouKill.java:362)
        at org.eclipse.jetty.util.thread.strategy.EatWhatYouKill.doProduce(EatWhatYouKill.java:186)
        at org.eclipse.jetty.util.thread.strategy.EatWhatYouKill.tryProduce(EatWhatYouKill.java:173)
        at org.eclipse.jetty.util.thread.strategy.EatWhatYouKill.produce(EatWhatYouKill.java:137)
        at org.eclipse.jetty.io.ManagedSelector$$Lambda$446/1576513034.run(Unknown Source)
        at org.eclipse.jetty.util.thread.QueuedThreadPool.runJob(QueuedThreadPool.java:883)
        at org.eclipse.jetty.util.thread.QueuedThreadPool$Runner.run(QueuedThreadPool.java:1034)
        at java.lang.Thread.run(Thread.java:750)
"qtp1298279735-349" daemon prio=5 tid=349 timed_waiting
java.lang.Thread.State: TIMED_WAITING
        at sun.misc.Unsafe.park(Native Method)
        at java.util.concurrent.locks.LockSupport.parkNanos(LockSupport.java:215)
        at java.util.concurrent.locks.AbstractQueuedSynchronizer$ConditionObject.awaitNanos(AbstractQueuedSynchronizer.java:2078)
        at org.eclipse.jetty.util.BlockingArrayQueue.poll(BlockingArrayQueue.java:382)
        at org.eclipse.jetty.util.thread.QueuedThreadPool$Runner.idleJobPoll(QueuedThreadPool.java:974)
        at org.eclipse.jetty.util.thread.QueuedThreadPool$Runner.run(QueuedThreadPool.java:1018)
        at java.lang.Thread.run(Thread.java:750)
"org.apache.hadoop.util.JvmPauseMonitor$Monitor@56009bc9" daemon prio=5 tid=409 timed_waiting
java.lang.Thread.State: TIMED_WAITING
        at java.lang.Thread.sleep(Native Method)
        at org.apache.hadoop.util.JvmPauseMonitor$Monitor.run(JvmPauseMonitor.java:192)
        at java.lang.Thread.run(Thread.java:750)
"grpc-default-worker-ELG-3-1" daemon prio=5 tid=575 runnable
java.lang.Thread.State: RUNNABLE
        at org.apache.ratis.thirdparty.io.netty.channel.epoll.Native.epollWait0(Native Method)
        at org.apache.ratis.thirdparty.io.netty.channel.epoll.Native.epollWait(Native.java:182)
        at org.apache.ratis.thirdparty.io.netty.channel.epoll.EpollEventLoop.epollWait(EpollEventLoop.java:290)
        at org.apache.ratis.thirdparty.io.netty.channel.epoll.EpollEventLoop.run(EpollEventLoop.java:354)
        at org.apache.ratis.thirdparty.io.netty.util.concurrent.SingleThreadEventExecutor$4.run(SingleThreadEventExecutor.java:995)
        at org.apache.ratis.thirdparty.io.netty.util.internal.ThreadExecutorMap$2.run(ThreadExecutorMap.java:74)
        at org.apache.ratis.thirdparty.io.netty.util.concurrent.FastThreadLocalRunnable.run(FastThreadLocalRunnable.java:30)
        at java.lang.Thread.run(Thread.java:750)
"qtp1593771601-421" daemon prio=5 tid=421 timed_waiting
java.lang.Thread.State: TIMED_WAITING
        at sun.misc.Unsafe.park(Native Method)
        at java.util.concurrent.locks.LockSupport.parkNanos(LockSupport.java:215)
        at java.util.concurrent.locks.AbstractQueuedSynchronizer$ConditionObject.awaitNanos(AbstractQueuedSynchronizer.java:2078)
        at org.eclipse.jetty.util.BlockingArrayQueue.poll(BlockingArrayQueue.java:382)
        at org.eclipse.jetty.util.thread.QueuedThreadPool$Runner.idleJobPoll(QueuedThreadPool.java:974)
        at org.eclipse.jetty.util.thread.QueuedThreadPool$Runner.run(QueuedThreadPool.java:1018)
        at java.lang.Thread.run(Thread.java:750)
"IPC Server handler 11 on default port 43187" daemon prio=5 tid=98 timed_waiting
java.lang.Thread.State: TIMED_WAITING
        at sun.misc.Unsafe.park(Native Method)
        at java.util.concurrent.locks.LockSupport.parkNanos(LockSupport.java:215)
        at java.util.concurrent.locks.AbstractQueuedSynchronizer$ConditionObject.awaitNanos(AbstractQueuedSynchronizer.java:2078)
        at java.util.concurrent.LinkedBlockingQueue.poll(LinkedBlockingQueue.java:467)
        at org.apache.hadoop.ipc.CallQueueManager.take(CallQueueManager.java:317)
        at org.apache.hadoop.ipc.Server$Handler.run(Server.java:2942)
"SCM Heartbeat Processing Thread - 0" daemon prio=5 tid=14 timed_waiting
java.lang.Thread.State: TIMED_WAITING
        at sun.misc.Unsafe.park(Native Method)
        at java.util.concurrent.locks.LockSupport.parkNanos(LockSupport.java:215)
        at java.util.concurrent.locks.AbstractQueuedSynchronizer$ConditionObject.awaitNanos(AbstractQueuedSynchronizer.java:2078)
        at java.util.concurrent.ScheduledThreadPoolExecutor$DelayedWorkQueue.take(ScheduledThreadPoolExecutor.java:1093)
        at java.util.concurrent.ScheduledThreadPoolExecutor$DelayedWorkQueue.take(ScheduledThreadPoolExecutor.java:809)
        at java.util.concurrent.ThreadPoolExecutor.getTask(ThreadPoolExecutor.java:1074)
        at java.util.concurrent.ThreadPoolExecutor.runWorker(ThreadPoolExecutor.java:1134)
        at java.util.concurrent.ThreadPoolExecutor$Worker.run(ThreadPoolExecutor.java:624)
        at java.lang.Thread.run(Thread.java:750)
"qtp966253930-184" daemon prio=5 tid=184 runnable
java.lang.Thread.State: RUNNABLE
        at sun.nio.ch.EPollArrayWrapper.epollWait(Native Method)
        at sun.nio.ch.EPollArrayWrapper.poll(EPollArrayWrapper.java:269)
        at sun.nio.ch.EPollSelectorImpl.doSelect(EPollSelectorImpl.java:93)
        at sun.nio.ch.SelectorImpl.lockAndDoSelect(SelectorImpl.java:86)
        at sun.nio.ch.SelectorImpl.select(SelectorImpl.java:97)
        at sun.nio.ch.SelectorImpl.select(SelectorImpl.java:101)
        at org.eclipse.jetty.io.ManagedSelector.nioSelect(ManagedSelector.java:183)
        at org.eclipse.jetty.io.ManagedSelector.select(ManagedSelector.java:190)
        at org.eclipse.jetty.io.ManagedSelector$SelectorProducer.select(ManagedSelector.java:606)
        at org.eclipse.jetty.io.ManagedSelector$SelectorProducer.produce(ManagedSelector.java:543)
        at org.eclipse.jetty.util.thread.strategy.EatWhatYouKill.produceTask(EatWhatYouKill.java:362)
        at org.eclipse.jetty.util.thread.strategy.EatWhatYouKill.doProduce(EatWhatYouKill.java:186)
        at org.eclipse.jetty.util.thread.strategy.EatWhatYouKill.tryProduce(EatWhatYouKill.java:173)
        at org.eclipse.jetty.util.thread.strategy.EatWhatYouKill.produce(EatWhatYouKill.java:137)
        at org.eclipse.jetty.io.ManagedSelector$$Lambda$446/1576513034.run(Unknown Source)
        at org.eclipse.jetty.util.thread.QueuedThreadPool.runJob(QueuedThreadPool.java:883)
        at org.eclipse.jetty.util.thread.QueuedThreadPool$Runner.run(QueuedThreadPool.java:1034)
        at java.lang.Thread.run(Thread.java:750)
"ChunkWriter-1-0" daemon prio=5 tid=490 in Object.wait()
java.lang.Thread.State: WAITING (on object monitor)
        at sun.misc.Unsafe.park(Native Method)
        at java.util.concurrent.locks.LockSupport.park(LockSupport.java:175)
        at java.util.concurrent.locks.AbstractQueuedSynchronizer$ConditionObject.await(AbstractQueuedSynchronizer.java:2039)
        at java.util.concurrent.LinkedBlockingDeque.takeFirst(LinkedBlockingDeque.java:492)
        at java.util.concurrent.LinkedBlockingDeque.take(LinkedBlockingDeque.java:680)
        at java.util.concurrent.ThreadPoolExecutor.getTask(ThreadPoolExecutor.java:1074)
        at java.util.concurrent.ThreadPoolExecutor.runWorker(ThreadPoolExecutor.java:1134)
        at java.util.concurrent.ThreadPoolExecutor$Worker.run(ThreadPoolExecutor.java:624)
        at java.lang.Thread.run(Thread.java:750)
"Command processor thread" daemon prio=5 tid=331 timed_waiting
java.lang.Thread.State: TIMED_WAITING
        at java.lang.Thread.sleep(Native Method)
        at org.apache.hadoop.ozone.container.common.statemachine.DatanodeStateMachine.lambda$initCommandHandlerThread$3(DatanodeStateMachine.java:641)
        at org.apache.hadoop.ozone.container.common.statemachine.DatanodeStateMachine$$Lambda$753/767635075.run(Unknown Source)
        at java.lang.Thread.run(Thread.java:750)
"qtp1374355136-116" daemon prio=5 tid=116 timed_waiting
java.lang.Thread.State: TIMED_WAITING
        at sun.misc.Unsafe.park(Native Method)
        at java.util.concurrent.locks.LockSupport.parkNanos(LockSupport.java:215)
        at java.util.concurrent.locks.AbstractQueuedSynchronizer$ConditionObject.awaitNanos(AbstractQueuedSynchronizer.java:2078)
        at org.eclipse.jetty.util.BlockingArrayQueue.poll(BlockingArrayQueue.java:382)
        at org.eclipse.jetty.util.thread.QueuedThreadPool$Runner.idleJobPoll(QueuedThreadPool.java:974)
        at org.eclipse.jetty.util.thread.QueuedThreadPool$Runner.run(QueuedThreadPool.java:1018)
        at java.lang.Thread.run(Thread.java:750)
"PartialTableCache Cleanup Thread - 0" daemon prio=5 tid=770 in Object.wait()
java.lang.Thread.State: WAITING (on object monitor)
        at sun.misc.Unsafe.park(Native Method)
        at java.util.concurrent.locks.LockSupport.park(LockSupport.java:175)
        at java.util.concurrent.locks.AbstractQueuedSynchronizer$ConditionObject.await(AbstractQueuedSynchronizer.java:2039)
        at java.util.concurrent.LinkedBlockingQueue.take(LinkedBlockingQueue.java:442)
        at java.util.concurrent.ThreadPoolExecutor.getTask(ThreadPoolExecutor.java:1074)
        at java.util.concurrent.ThreadPoolExecutor.runWorker(ThreadPoolExecutor.java:1134)
        at java.util.concurrent.ThreadPoolExecutor$Worker.run(ThreadPoolExecutor.java:624)
        at java.lang.Thread.run(Thread.java:750)
"BlockDeletingService#1" daemon prio=5 tid=372 timed_waiting
java.lang.Thread.State: TIMED_WAITING
        at sun.misc.Unsafe.park(Native Method)
        at java.util.concurrent.locks.LockSupport.parkNanos(LockSupport.java:215)
        at java.util.concurrent.locks.AbstractQueuedSynchronizer$ConditionObject.awaitNanos(AbstractQueuedSynchronizer.java:2078)
        at java.util.concurrent.ScheduledThreadPoolExecutor$DelayedWorkQueue.take(ScheduledThreadPoolExecutor.java:1093)
        at java.util.concurrent.ScheduledThreadPoolExecutor$DelayedWorkQueue.take(ScheduledThreadPoolExecutor.java:809)
        at java.util.concurrent.ThreadPoolExecutor.getTask(ThreadPoolExecutor.java:1074)
        at java.util.concurrent.ThreadPoolExecutor.runWorker(ThreadPoolExecutor.java:1134)
        at java.util.concurrent.ThreadPoolExecutor$Worker.run(ThreadPoolExecutor.java:624)
        at java.lang.Thread.run(Thread.java:750)
"qtp410671928-145" daemon prio=5 tid=145 runnable
java.lang.Thread.State: RUNNABLE
        at sun.nio.ch.EPollArrayWrapper.epollWait(Native Method)
        at sun.nio.ch.EPollArrayWrapper.poll(EPollArrayWrapper.java:269)
        at sun.nio.ch.EPollSelectorImpl.doSelect(EPollSelectorImpl.java:93)
        at sun.nio.ch.SelectorImpl.lockAndDoSelect(SelectorImpl.java:86)
        at sun.nio.ch.SelectorImpl.select(SelectorImpl.java:97)
        at sun.nio.ch.SelectorImpl.select(SelectorImpl.java:101)
        at org.eclipse.jetty.io.ManagedSelector.nioSelect(ManagedSelector.java:183)
        at org.eclipse.jetty.io.ManagedSelector.select(ManagedSelector.java:190)
        at org.eclipse.jetty.io.ManagedSelector$SelectorProducer.select(ManagedSelector.java:606)
        at org.eclipse.jetty.io.ManagedSelector$SelectorProducer.produce(ManagedSelector.java:543)
        at org.eclipse.jetty.util.thread.strategy.EatWhatYouKill.produceTask(EatWhatYouKill.java:362)
        at org.eclipse.jetty.util.thread.strategy.EatWhatYouKill.doProduce(EatWhatYouKill.java:186)
        at org.eclipse.jetty.util.thread.strategy.EatWhatYouKill.tryProduce(EatWhatYouKill.java:173)
        at org.eclipse.jetty.util.thread.strategy.EatWhatYouKill.produce(EatWhatYouKill.java:137)
        at org.eclipse.jetty.io.ManagedSelector$$Lambda$446/1576513034.run(Unknown Source)
        at org.eclipse.jetty.util.thread.QueuedThreadPool.runJob(QueuedThreadPool.java:883)
        at org.eclipse.jetty.util.thread.QueuedThreadPool$Runner.run(QueuedThreadPool.java:1034)
        at java.lang.Thread.run(Thread.java:750)
"pool-230-thread-1" daemon prio=5 tid=376 timed_waiting
java.lang.Thread.State: TIMED_WAITING
        at sun.misc.Unsafe.park(Native Method)
        at java.util.concurrent.locks.LockSupport.parkNanos(LockSupport.java:215)
        at java.util.concurrent.locks.AbstractQueuedSynchronizer$ConditionObject.awaitNanos(AbstractQueuedSynchronizer.java:2078)
        at java.util.concurrent.ScheduledThreadPoolExecutor$DelayedWorkQueue.take(ScheduledThreadPoolExecutor.java:1093)
        at java.util.concurrent.ScheduledThreadPoolExecutor$DelayedWorkQueue.take(ScheduledThreadPoolExecutor.java:809)
        at java.util.concurrent.ThreadPoolExecutor.getTask(ThreadPoolExecutor.java:1074)
        at java.util.concurrent.ThreadPoolExecutor.runWorker(ThreadPoolExecutor.java:1134)
        at java.util.concurrent.ThreadPoolExecutor$Worker.run(ThreadPoolExecutor.java:624)
        at java.lang.Thread.run(Thread.java:750)
"pool-55-thread-1"  prio=5 tid=127 in Object.wait()
java.lang.Thread.State: WAITING (on object monitor)
        at sun.misc.Unsafe.park(Native Method)
        at java.util.concurrent.locks.LockSupport.park(LockSupport.java:175)
        at java.util.concurrent.locks.AbstractQueuedSynchronizer$ConditionObject.await(AbstractQueuedSynchronizer.java:2039)
        at java.util.concurrent.LinkedBlockingQueue.take(LinkedBlockingQueue.java:442)
        at java.util.concurrent.ThreadPoolExecutor.getTask(ThreadPoolExecutor.java:1074)
        at java.util.concurrent.ThreadPoolExecutor.runWorker(ThreadPoolExecutor.java:1134)
        at java.util.concurrent.ThreadPoolExecutor$Worker.run(ThreadPoolExecutor.java:624)
        at java.lang.Thread.run(Thread.java:750)
"ChunkWriter-3-0" daemon prio=5 tid=366 in Object.wait()
java.lang.Thread.State: WAITING (on object monitor)
        at sun.misc.Unsafe.park(Native Method)
        at java.util.concurrent.locks.LockSupport.park(LockSupport.java:175)
        at java.util.concurrent.locks.AbstractQueuedSynchronizer$ConditionObject.await(AbstractQueuedSynchronizer.java:2039)
        at java.util.concurrent.LinkedBlockingDeque.takeFirst(LinkedBlockingDeque.java:492)
        at java.util.concurrent.LinkedBlockingDeque.take(LinkedBlockingDeque.java:680)
        at java.util.concurrent.ThreadPoolExecutor.getTask(ThreadPoolExecutor.java:1074)
        at java.util.concurrent.ThreadPoolExecutor.runWorker(ThreadPoolExecutor.java:1134)
        at java.util.concurrent.ThreadPoolExecutor$Worker.run(ThreadPoolExecutor.java:624)
        at java.lang.Thread.run(Thread.java:750)
"KeyDeletingService#0" daemon prio=5 tid=141 timed_waiting
java.lang.Thread.State: TIMED_WAITING
        at sun.misc.Unsafe.park(Native Method)
        at java.util.concurrent.locks.LockSupport.parkNanos(LockSupport.java:215)
        at java.util.concurrent.locks.AbstractQueuedSynchronizer$ConditionObject.awaitNanos(AbstractQueuedSynchronizer.java:2078)
        at java.util.concurrent.ScheduledThreadPoolExecutor$DelayedWorkQueue.take(ScheduledThreadPoolExecutor.java:1093)
        at java.util.concurrent.ScheduledThreadPoolExecutor$DelayedWorkQueue.take(ScheduledThreadPoolExecutor.java:809)
        at java.util.concurrent.ThreadPoolExecutor.getTask(ThreadPoolExecutor.java:1074)
        at java.util.concurrent.ThreadPoolExecutor.runWorker(ThreadPoolExecutor.java:1134)
        at java.util.concurrent.ThreadPoolExecutor$Worker.run(ThreadPoolExecutor.java:624)
        at java.lang.Thread.run(Thread.java:750)
"c32434d6-2497-484c-95de-45f9e03d5624@group-3134A2B79DBE->5b5b9152-5d2c-4522-9940-e93bc8d8546d-GrpcLogAppender-LogAppenderDaemon" daemon prio=5 tid=921 timed_waiting
java.lang.Thread.State: TIMED_WAITING
        at sun.misc.Unsafe.park(Native Method)
        at java.util.concurrent.locks.LockSupport.parkNanos(LockSupport.java:215)
        at java.util.concurrent.CompletableFuture$Signaller.block(CompletableFuture.java:1709)
        at java.util.concurrent.ForkJoinPool.managedBlock(ForkJoinPool.java:3323)
        at java.util.concurrent.CompletableFuture.timedGet(CompletableFuture.java:1788)
        at java.util.concurrent.CompletableFuture.get(CompletableFuture.java:1928)
        at org.apache.ratis.util.AwaitForSignal.await(AwaitForSignal.java:56)
        at org.apache.ratis.grpc.server.GrpcLogAppender.mayWait(GrpcLogAppender.java:198)
        at org.apache.ratis.grpc.server.GrpcLogAppender.run(GrpcLogAppender.java:148)
        at org.apache.ratis.server.leader.LogAppenderDaemon.run(LogAppenderDaemon.java:78)
        at org.apache.ratis.server.leader.LogAppenderDaemon$$Lambda$1042/1806567153.run(Unknown Source)
        at java.lang.Thread.run(Thread.java:750)
"IPC Server handler 12 on default port 37293" daemon prio=5 tid=59 timed_waiting
java.lang.Thread.State: TIMED_WAITING
        at sun.misc.Unsafe.park(Native Method)
        at java.util.concurrent.locks.LockSupport.parkNanos(LockSupport.java:215)
        at java.util.concurrent.locks.AbstractQueuedSynchronizer$ConditionObject.awaitNanos(AbstractQueuedSynchronizer.java:2078)
        at java.util.concurrent.LinkedBlockingQueue.poll(LinkedBlockingQueue.java:467)
        at org.apache.hadoop.ipc.CallQueueManager.take(CallQueueManager.java:317)
        at org.apache.hadoop.ipc.Server$Handler.run(Server.java:2942)
"pool-273-thread-1"  prio=5 tid=418 timed_waiting
java.lang.Thread.State: TIMED_WAITING
        at sun.misc.Unsafe.park(Native Method)
        at java.util.concurrent.locks.LockSupport.parkNanos(LockSupport.java:215)
        at java.util.concurrent.locks.AbstractQueuedSynchronizer$ConditionObject.awaitNanos(AbstractQueuedSynchronizer.java:2078)
        at java.util.concurrent.ScheduledThreadPoolExecutor$DelayedWorkQueue.take(ScheduledThreadPoolExecutor.java:1093)
        at java.util.concurrent.ScheduledThreadPoolExecutor$DelayedWorkQueue.take(ScheduledThreadPoolExecutor.java:809)
        at java.util.concurrent.ThreadPoolExecutor.getTask(ThreadPoolExecutor.java:1074)
        at java.util.concurrent.ThreadPoolExecutor.runWorker(ThreadPoolExecutor.java:1134)
        at java.util.concurrent.ThreadPoolExecutor$Worker.run(ThreadPoolExecutor.java:624)
        at java.lang.Thread.run(Thread.java:750)
"BlockDeletingService#2" daemon prio=5 tid=942 in Object.wait()
java.lang.Thread.State: WAITING (on object monitor)
        at sun.misc.Unsafe.park(Native Method)
        at java.util.concurrent.locks.LockSupport.park(LockSupport.java:175)
        at java.util.concurrent.locks.AbstractQueuedSynchronizer$ConditionObject.await(AbstractQueuedSynchronizer.java:2039)
        at java.util.concurrent.ScheduledThreadPoolExecutor$DelayedWorkQueue.take(ScheduledThreadPoolExecutor.java:1088)
        at java.util.concurrent.ScheduledThreadPoolExecutor$DelayedWorkQueue.take(ScheduledThreadPoolExecutor.java:809)
        at java.util.concurrent.ThreadPoolExecutor.getTask(ThreadPoolExecutor.java:1074)
        at java.util.concurrent.ThreadPoolExecutor.runWorker(ThreadPoolExecutor.java:1134)
        at java.util.concurrent.ThreadPoolExecutor$Worker.run(ThreadPoolExecutor.java:624)
        at java.lang.Thread.run(Thread.java:750)
"pool-257-thread-1" daemon prio=5 tid=414 timed_waiting
java.lang.Thread.State: TIMED_WAITING
        at sun.misc.Unsafe.park(Native Method)
        at java.util.concurrent.locks.LockSupport.parkNanos(LockSupport.java:215)
        at java.util.concurrent.locks.AbstractQueuedSynchronizer$ConditionObject.awaitNanos(AbstractQueuedSynchronizer.java:2078)
        at java.util.concurrent.ScheduledThreadPoolExecutor$DelayedWorkQueue.take(ScheduledThreadPoolExecutor.java:1093)
        at java.util.concurrent.ScheduledThreadPoolExecutor$DelayedWorkQueue.take(ScheduledThreadPoolExecutor.java:809)
        at java.util.concurrent.ThreadPoolExecutor.getTask(ThreadPoolExecutor.java:1074)
        at java.util.concurrent.ThreadPoolExecutor.runWorker(ThreadPoolExecutor.java:1134)
        at java.util.concurrent.ThreadPoolExecutor$Worker.run(ThreadPoolExecutor.java:624)
        at java.lang.Thread.run(Thread.java:750)
"Command processor thread" daemon prio=5 tid=446 timed_waiting
java.lang.Thread.State: TIMED_WAITING
        at java.lang.Thread.sleep(Native Method)
        at org.apache.hadoop.ozone.container.common.statemachine.DatanodeStateMachine.lambda$initCommandHandlerThread$3(DatanodeStateMachine.java:641)
        at org.apache.hadoop.ozone.container.common.statemachine.DatanodeStateMachine$$Lambda$753/767635075.run(Unknown Source)
        at java.lang.Thread.run(Thread.java:750)
"StaleRecoveringContainerScrubbingService#0" daemon prio=5 tid=526 in Object.wait()
java.lang.Thread.State: WAITING (on object monitor)
        at sun.misc.Unsafe.park(Native Method)
        at java.util.concurrent.locks.LockSupport.park(LockSupport.java:175)
        at java.util.concurrent.locks.AbstractQueuedSynchronizer$ConditionObject.await(AbstractQueuedSynchronizer.java:2039)
        at java.util.concurrent.ScheduledThreadPoolExecutor$DelayedWorkQueue.take(ScheduledThreadPoolExecutor.java:1088)
        at java.util.concurrent.ScheduledThreadPoolExecutor$DelayedWorkQueue.take(ScheduledThreadPoolExecutor.java:809)
        at java.util.concurrent.ThreadPoolExecutor.getTask(ThreadPoolExecutor.java:1074)
        at java.util.concurrent.ThreadPoolExecutor.runWorker(ThreadPoolExecutor.java:1134)
        at java.util.concurrent.ThreadPoolExecutor$Worker.run(ThreadPoolExecutor.java:624)
        at java.lang.Thread.run(Thread.java:750)
"qtp410671928-149" daemon prio=5 tid=149 timed_waiting
java.lang.Thread.State: TIMED_WAITING
        at sun.misc.Unsafe.park(Native Method)
        at java.util.concurrent.locks.LockSupport.parkNanos(LockSupport.java:215)
        at java.util.concurrent.locks.AbstractQueuedSynchronizer$ConditionObject.awaitNanos(AbstractQueuedSynchronizer.java:2078)
        at org.eclipse.jetty.util.BlockingArrayQueue.poll(BlockingArrayQueue.java:382)
        at org.eclipse.jetty.util.thread.QueuedThreadPool$Runner.idleJobPoll(QueuedThreadPool.java:974)
        at org.eclipse.jetty.util.thread.QueuedThreadPool$Runner.run(QueuedThreadPool.java:1018)
        at java.lang.Thread.run(Thread.java:750)
"timer0" daemon prio=5 tid=813 timed_waiting
java.lang.Thread.State: TIMED_WAITING
        at java.lang.Object.wait(Native Method)
        at java.util.TimerThread.mainLoop(Timer.java:552)
        at java.util.TimerThread.run(Timer.java:505)
"ChunkWriter-0-0" daemon prio=5 tid=532 in Object.wait()
java.lang.Thread.State: WAITING (on object monitor)
        at sun.misc.Unsafe.park(Native Method)
        at java.util.concurrent.locks.LockSupport.park(LockSupport.java:175)
        at java.util.concurrent.locks.AbstractQueuedSynchronizer$ConditionObject.await(AbstractQueuedSynchronizer.java:2039)
        at java.util.concurrent.LinkedBlockingDeque.takeFirst(LinkedBlockingDeque.java:492)
        at java.util.concurrent.LinkedBlockingDeque.take(LinkedBlockingDeque.java:680)
        at java.util.concurrent.ThreadPoolExecutor.getTask(ThreadPoolExecutor.java:1074)
        at java.util.concurrent.ThreadPoolExecutor.runWorker(ThreadPoolExecutor.java:1134)
        at java.util.concurrent.ThreadPoolExecutor$Worker.run(ThreadPoolExecutor.java:624)
        at java.lang.Thread.run(Thread.java:750)
"qtp1298279735-347" daemon prio=5 tid=347 timed_waiting
java.lang.Thread.State: TIMED_WAITING
        at sun.misc.Unsafe.park(Native Method)
        at java.util.concurrent.locks.LockSupport.parkNanos(LockSupport.java:215)
        at java.util.concurrent.locks.AbstractQueuedSynchronizer$ConditionObject.awaitNanos(AbstractQueuedSynchronizer.java:2078)
        at org.eclipse.jetty.util.BlockingArrayQueue.poll(BlockingArrayQueue.java:382)
        at org.eclipse.jetty.util.thread.QueuedThreadPool$Runner.idleJobPoll(QueuedThreadPool.java:974)
        at org.eclipse.jetty.util.thread.QueuedThreadPool$Runner.run(QueuedThreadPool.java:1018)
        at java.lang.Thread.run(Thread.java:750)
"StaleRecoveringContainerScrubbingService#2" daemon prio=5 tid=943 in Object.wait()
java.lang.Thread.State: WAITING (on object monitor)
        at sun.misc.Unsafe.park(Native Method)
        at java.util.concurrent.locks.LockSupport.park(LockSupport.java:175)
        at java.util.concurrent.locks.AbstractQueuedSynchronizer$ConditionObject.await(AbstractQueuedSynchronizer.java:2039)
        at java.util.concurrent.ScheduledThreadPoolExecutor$DelayedWorkQueue.take(ScheduledThreadPoolExecutor.java:1088)
        at java.util.concurrent.ScheduledThreadPoolExecutor$DelayedWorkQueue.take(ScheduledThreadPoolExecutor.java:809)
        at java.util.concurrent.ThreadPoolExecutor.getTask(ThreadPoolExecutor.java:1074)
        at java.util.concurrent.ThreadPoolExecutor.runWorker(ThreadPoolExecutor.java:1134)
        at java.util.concurrent.ThreadPoolExecutor$Worker.run(ThreadPoolExecutor.java:624)
        at java.lang.Thread.run(Thread.java:750)
"Command processor thread" daemon prio=5 tid=408 timed_waiting
java.lang.Thread.State: TIMED_WAITING
        at java.lang.Thread.sleep(Native Method)
        at org.apache.hadoop.ozone.container.common.statemachine.DatanodeStateMachine.lambda$initCommandHandlerThread$3(DatanodeStateMachine.java:641)
        at org.apache.hadoop.ozone.container.common.statemachine.DatanodeStateMachine$$Lambda$753/767635075.run(Unknown Source)
        at java.lang.Thread.run(Thread.java:750)
"ChunkWriter-2-0" daemon prio=5 tid=534 in Object.wait()
java.lang.Thread.State: WAITING (on object monitor)
        at sun.misc.Unsafe.park(Native Method)
        at java.util.concurrent.locks.LockSupport.park(LockSupport.java:175)
        at java.util.concurrent.locks.AbstractQueuedSynchronizer$ConditionObject.await(AbstractQueuedSynchronizer.java:2039)
        at java.util.concurrent.LinkedBlockingDeque.takeFirst(LinkedBlockingDeque.java:492)
        at java.util.concurrent.LinkedBlockingDeque.take(LinkedBlockingDeque.java:680)
        at java.util.concurrent.ThreadPoolExecutor.getTask(ThreadPoolExecutor.java:1074)
        at java.util.concurrent.ThreadPoolExecutor.runWorker(ThreadPoolExecutor.java:1134)
        at java.util.concurrent.ThreadPoolExecutor$Worker.run(ThreadPoolExecutor.java:624)
        at java.lang.Thread.run(Thread.java:750)
"qtp966253930-187" daemon prio=5 tid=187 timed_waiting
java.lang.Thread.State: TIMED_WAITING
        at sun.misc.Unsafe.park(Native Method)
        at java.util.concurrent.locks.LockSupport.parkNanos(LockSupport.java:215)
        at java.util.concurrent.locks.AbstractQueuedSynchronizer$ConditionObject.awaitNanos(AbstractQueuedSynchronizer.java:2078)
        at org.eclipse.jetty.util.BlockingArrayQueue.poll(BlockingArrayQueue.java:382)
        at org.eclipse.jetty.util.thread.QueuedThreadPool$Runner.idleJobPoll(QueuedThreadPool.java:974)
        at org.eclipse.jetty.util.thread.QueuedThreadPool$Runner.run(QueuedThreadPool.java:1018)
        at java.lang.Thread.run(Thread.java:750)
"OMDoubleBufferFlushThread" daemon prio=5 tid=125 timed_waiting
java.lang.Thread.State: TIMED_WAITING
        at java.lang.Object.wait(Native Method)
        at org.apache.hadoop.ozone.om.ratis.OzoneManagerDoubleBuffer.canFlush(OzoneManagerDoubleBuffer.java:538)
        at org.apache.hadoop.ozone.om.ratis.OzoneManagerDoubleBuffer.flushTransactions(OzoneManagerDoubleBuffer.java:268)
        at org.apache.hadoop.ozone.om.ratis.OzoneManagerDoubleBuffer$$Lambda$504/618204419.run(Unknown Source)
        at java.lang.Thread.run(Thread.java:750)
"Socket Reader #1 for port 0"  prio=5 tid=24 runnable
java.lang.Thread.State: RUNNABLE
        at sun.nio.ch.EPollArrayWrapper.epollWait(Native Method)
        at sun.nio.ch.EPollArrayWrapper.poll(EPollArrayWrapper.java:269)
        at sun.nio.ch.EPollSelectorImpl.doSelect(EPollSelectorImpl.java:93)
        at sun.nio.ch.SelectorImpl.lockAndDoSelect(SelectorImpl.java:86)
        at sun.nio.ch.SelectorImpl.select(SelectorImpl.java:97)
        at sun.nio.ch.SelectorImpl.select(SelectorImpl.java:101)
        at org.apache.hadoop.ipc.Server$Listener$Reader.doRunLoop(Server.java:1296)
        at org.apache.hadoop.ipc.Server$Listener$Reader.run(Server.java:1275)
"pool-81-thread-1"  prio=5 tid=183 timed_waiting
java.lang.Thread.State: TIMED_WAITING
        at sun.misc.Unsafe.park(Native Method)
        at java.util.concurrent.locks.LockSupport.parkNanos(LockSupport.java:215)
        at java.util.concurrent.locks.AbstractQueuedSynchronizer$ConditionObject.awaitNanos(AbstractQueuedSynchronizer.java:2078)
        at java.util.concurrent.ScheduledThreadPoolExecutor$DelayedWorkQueue.take(ScheduledThreadPoolExecutor.java:1093)
        at java.util.concurrent.ScheduledThreadPoolExecutor$DelayedWorkQueue.take(ScheduledThreadPoolExecutor.java:809)
        at java.util.concurrent.ThreadPoolExecutor.getTask(ThreadPoolExecutor.java:1074)
        at java.util.concurrent.ThreadPoolExecutor.runWorker(ThreadPoolExecutor.java:1134)
        at java.util.concurrent.ThreadPoolExecutor$Worker.run(ThreadPoolExecutor.java:624)
        at java.lang.Thread.run(Thread.java:750)
"18b69636-199d-46b1-a155-faec2a9e6e92-server-thread3" daemon prio=5 tid=871 timed_waiting
java.lang.Thread.State: TIMED_WAITING
        at sun.misc.Unsafe.park(Native Method)
        at java.util.concurrent.locks.LockSupport.parkNanos(LockSupport.java:215)
        at java.util.concurrent.SynchronousQueue$TransferStack.awaitFulfill(SynchronousQueue.java:460)
        at java.util.concurrent.SynchronousQueue$TransferStack.transfer(SynchronousQueue.java:362)
        at java.util.concurrent.SynchronousQueue.poll(SynchronousQueue.java:941)
        at java.util.concurrent.ThreadPoolExecutor.getTask(ThreadPoolExecutor.java:1073)
        at java.util.concurrent.ThreadPoolExecutor.runWorker(ThreadPoolExecutor.java:1134)
        at java.util.concurrent.ThreadPoolExecutor$Worker.run(ThreadPoolExecutor.java:624)
        at java.lang.Thread.run(Thread.java:750)
"BlockDeletingService#2" daemon prio=5 tid=938 in Object.wait()
java.lang.Thread.State: WAITING (on object monitor)
        at sun.misc.Unsafe.park(Native Method)
        at java.util.concurrent.locks.LockSupport.park(LockSupport.java:175)
        at java.util.concurrent.locks.AbstractQueuedSynchronizer$ConditionObject.await(AbstractQueuedSynchronizer.java:2039)
        at java.util.concurrent.ScheduledThreadPoolExecutor$DelayedWorkQueue.take(ScheduledThreadPoolExecutor.java:1088)
        at java.util.concurrent.ScheduledThreadPoolExecutor$DelayedWorkQueue.take(ScheduledThreadPoolExecutor.java:809)
        at java.util.concurrent.ThreadPoolExecutor.getTask(ThreadPoolExecutor.java:1074)
        at java.util.concurrent.ThreadPoolExecutor.runWorker(ThreadPoolExecutor.java:1134)
        at java.util.concurrent.ThreadPoolExecutor$Worker.run(ThreadPoolExecutor.java:624)
        at java.lang.Thread.run(Thread.java:750)
"ChunkReader-1" daemon prio=5 tid=780 in Object.wait()
java.lang.Thread.State: WAITING (on object monitor)
        at sun.misc.Unsafe.park(Native Method)
        at java.util.concurrent.locks.LockSupport.park(LockSupport.java:175)
        at java.util.concurrent.locks.AbstractQueuedSynchronizer$ConditionObject.await(AbstractQueuedSynchronizer.java:2039)
        at java.util.concurrent.LinkedBlockingQueue.take(LinkedBlockingQueue.java:442)
        at java.util.concurrent.ThreadPoolExecutor.getTask(ThreadPoolExecutor.java:1074)
        at java.util.concurrent.ThreadPoolExecutor.runWorker(ThreadPoolExecutor.java:1134)
        at java.util.concurrent.ThreadPoolExecutor$Worker.run(ThreadPoolExecutor.java:624)
        at java.lang.Thread.run(Thread.java:750)
"ChunkWriter-1-0" daemon prio=5 tid=545 in Object.wait()
java.lang.Thread.State: WAITING (on object monitor)
        at sun.misc.Unsafe.park(Native Method)
        at java.util.concurrent.locks.LockSupport.park(LockSupport.java:175)
        at java.util.concurrent.locks.AbstractQueuedSynchronizer$ConditionObject.await(AbstractQueuedSynchronizer.java:2039)
        at java.util.concurrent.LinkedBlockingDeque.takeFirst(LinkedBlockingDeque.java:492)
        at java.util.concurrent.LinkedBlockingDeque.take(LinkedBlockingDeque.java:680)
        at java.util.concurrent.ThreadPoolExecutor.getTask(ThreadPoolExecutor.java:1074)
        at java.util.concurrent.ThreadPoolExecutor.runWorker(ThreadPoolExecutor.java:1134)
        at java.util.concurrent.ThreadPoolExecutor$Worker.run(ThreadPoolExecutor.java:624)
        at java.lang.Thread.run(Thread.java:750)
"Timer-0"  prio=5 tid=140 timed_waiting
java.lang.Thread.State: TIMED_WAITING
        at java.lang.Object.wait(Native Method)
        at java.util.TimerThread.mainLoop(Timer.java:552)
        at java.util.TimerThread.run(Timer.java:505)
"5b5b9152-5d2c-4522-9940-e93bc8d8546d-server-thread3" daemon prio=5 tid=756 timed_waiting
java.lang.Thread.State: TIMED_WAITING
        at sun.misc.Unsafe.park(Native Method)
        at java.util.concurrent.locks.LockSupport.parkNanos(LockSupport.java:215)
        at java.util.concurrent.SynchronousQueue$TransferStack.awaitFulfill(SynchronousQueue.java:460)
        at java.util.concurrent.SynchronousQueue$TransferStack.transfer(SynchronousQueue.java:362)
        at java.util.concurrent.SynchronousQueue.poll(SynchronousQueue.java:941)
        at java.util.concurrent.ThreadPoolExecutor.getTask(ThreadPoolExecutor.java:1073)
        at java.util.concurrent.ThreadPoolExecutor.runWorker(ThreadPoolExecutor.java:1134)
        at java.util.concurrent.ThreadPoolExecutor$Worker.run(ThreadPoolExecutor.java:624)
        at java.lang.Thread.run(Thread.java:750)
"qtp2135382997-459" daemon prio=5 tid=459 timed_waiting
java.lang.Thread.State: TIMED_WAITING
        at sun.misc.Unsafe.park(Native Method)
        at java.util.concurrent.locks.LockSupport.parkNanos(LockSupport.java:215)
        at java.util.concurrent.locks.AbstractQueuedSynchronizer$ConditionObject.awaitNanos(AbstractQueuedSynchronizer.java:2078)
        at org.eclipse.jetty.util.BlockingArrayQueue.poll(BlockingArrayQueue.java:382)
        at org.eclipse.jetty.util.thread.QueuedThreadPool$Runner.idleJobPoll(QueuedThreadPool.java:974)
        at org.eclipse.jetty.util.thread.QueuedThreadPool$Runner.run(QueuedThreadPool.java:1018)
        at java.lang.Thread.run(Thread.java:750)
"8d3760b1-f0ab-49a5-9c8a-a39ea99f9aab@group-2BBF2C51CC02-SegmentedRaftLogWorker"  prio=5 tid=569 timed_waiting
java.lang.Thread.State: TIMED_WAITING
        at sun.misc.Unsafe.park(Native Method)
        at java.util.concurrent.locks.LockSupport.parkNanos(LockSupport.java:215)
        at java.util.concurrent.locks.AbstractQueuedSynchronizer$ConditionObject.awaitNanos(AbstractQueuedSynchronizer.java:2078)
        at org.apache.ratis.util.DataBlockingQueue.poll(DataBlockingQueue.java:148)
        at org.apache.ratis.server.raftlog.segmented.SegmentedRaftLogWorker.run(SegmentedRaftLogWorker.java:310)
        at org.apache.ratis.server.raftlog.segmented.SegmentedRaftLogWorker$$Lambda$665/1658742493.run(Unknown Source)
        at java.lang.Thread.run(Thread.java:750)
"IPC Server handler 10 on default port 37293" daemon prio=5 tid=57 timed_waiting
java.lang.Thread.State: TIMED_WAITING
        at sun.misc.Unsafe.park(Native Method)
        at java.util.concurrent.locks.LockSupport.parkNanos(LockSupport.java:215)
        at java.util.concurrent.locks.AbstractQueuedSynchronizer$ConditionObject.awaitNanos(AbstractQueuedSynchronizer.java:2078)
        at java.util.concurrent.LinkedBlockingQueue.poll(LinkedBlockingQueue.java:467)
        at org.apache.hadoop.ipc.CallQueueManager.take(CallQueueManager.java:317)
        at org.apache.hadoop.ipc.Server$Handler.run(Server.java:2942)
"Datanode ReportManager Thread - 0" daemon prio=5 tid=300 in Object.wait()
java.lang.Thread.State: WAITING (on object monitor)
        at sun.misc.Unsafe.park(Native Method)
        at java.util.concurrent.locks.LockSupport.park(LockSupport.java:175)
        at java.util.concurrent.locks.AbstractQueuedSynchronizer$ConditionObject.await(AbstractQueuedSynchronizer.java:2039)
        at java.util.concurrent.ScheduledThreadPoolExecutor$DelayedWorkQueue.take(ScheduledThreadPoolExecutor.java:1088)
        at java.util.concurrent.ScheduledThreadPoolExecutor$DelayedWorkQueue.take(ScheduledThreadPoolExecutor.java:809)
        at java.util.concurrent.ThreadPoolExecutor.getTask(ThreadPoolExecutor.java:1074)
        at java.util.concurrent.ThreadPoolExecutor.runWorker(ThreadPoolExecutor.java:1134)
        at java.util.concurrent.ThreadPoolExecutor$Worker.run(ThreadPoolExecutor.java:624)
        at java.lang.Thread.run(Thread.java:750)
"BlockDeletingService#2" daemon prio=5 tid=948 in Object.wait()
java.lang.Thread.State: WAITING (on object monitor)
        at sun.misc.Unsafe.park(Native Method)
        at java.util.concurrent.locks.LockSupport.park(LockSupport.java:175)
        at java.util.concurrent.locks.AbstractQueuedSynchronizer$ConditionObject.await(AbstractQueuedSynchronizer.java:2039)
        at java.util.concurrent.ScheduledThreadPoolExecutor$DelayedWorkQueue.take(ScheduledThreadPoolExecutor.java:1088)
        at java.util.concurrent.ScheduledThreadPoolExecutor$DelayedWorkQueue.take(ScheduledThreadPoolExecutor.java:809)
        at java.util.concurrent.ThreadPoolExecutor.getTask(ThreadPoolExecutor.java:1074)
        at java.util.concurrent.ThreadPoolExecutor.runWorker(ThreadPoolExecutor.java:1134)
        at java.util.concurrent.ThreadPoolExecutor$Worker.run(ThreadPoolExecutor.java:624)
        at java.lang.Thread.run(Thread.java:750)
"qtp1593771601-422" daemon prio=5 tid=422 timed_waiting
java.lang.Thread.State: TIMED_WAITING
        at sun.misc.Unsafe.park(Native Method)
        at java.util.concurrent.locks.LockSupport.parkNanos(LockSupport.java:215)
        at java.util.concurrent.locks.AbstractQueuedSynchronizer$ConditionObject.awaitNanos(AbstractQueuedSynchronizer.java:2078)
        at org.eclipse.jetty.util.BlockingArrayQueue.poll(BlockingArrayQueue.java:382)
        at org.eclipse.jetty.util.thread.QueuedThreadPool$Runner.idleJobPoll(QueuedThreadPool.java:974)
        at org.eclipse.jetty.util.thread.QueuedThreadPool$Runner.run(QueuedThreadPool.java:1018)
        at java.lang.Thread.run(Thread.java:750)
"pool-164-thread-1"  prio=5 tid=624 in Object.wait()
java.lang.Thread.State: WAITING (on object monitor)
        at sun.misc.Unsafe.park(Native Method)
        at java.util.concurrent.locks.LockSupport.park(LockSupport.java:175)
        at java.util.concurrent.locks.AbstractQueuedSynchronizer$ConditionObject.await(AbstractQueuedSynchronizer.java:2039)
        at java.util.concurrent.LinkedBlockingQueue.take(LinkedBlockingQueue.java:442)
        at java.util.concurrent.ThreadPoolExecutor.getTask(ThreadPoolExecutor.java:1074)
        at java.util.concurrent.ThreadPoolExecutor.runWorker(ThreadPoolExecutor.java:1134)
        at java.util.concurrent.ThreadPoolExecutor$Worker.run(ThreadPoolExecutor.java:624)
        at java.lang.Thread.run(Thread.java:750)
"Datanode State Machine Daemon Thread" daemon prio=5 tid=299 timed_waiting
java.lang.Thread.State: TIMED_WAITING
        at java.lang.Thread.sleep(Native Method)
        at org.apache.hadoop.ozone.container.common.statemachine.DatanodeStateMachine.startStateMachineThread(DatanodeStateMachine.java:321)
        at org.apache.hadoop.ozone.container.common.statemachine.DatanodeStateMachine.lambda$startDaemon$0(DatanodeStateMachine.java:506)
        at org.apache.hadoop.ozone.container.common.statemachine.DatanodeStateMachine$$Lambda$751/1932525059.run(Unknown Source)
        at java.lang.Thread.run(Thread.java:750)
"qtp1298279735-343-acceptor-0@5a27047-ServerConnector@7e74d1ce{HTTP/1.1, (http/1.1)}{0.0.0.0:46105}" daemon prio=3 tid=343 runnable
java.lang.Thread.State: RUNNABLE
        at sun.nio.ch.ServerSocketChannelImpl.accept0(Native Method)
        at sun.nio.ch.ServerSocketChannelImpl.accept(ServerSocketChannelImpl.java:421)
        at sun.nio.ch.ServerSocketChannelImpl.accept(ServerSocketChannelImpl.java:249)
        at org.eclipse.jetty.server.ServerConnector.accept(ServerConnector.java:388)
        at org.eclipse.jetty.server.AbstractConnector$Acceptor.run(AbstractConnector.java:704)
        at org.eclipse.jetty.util.thread.QueuedThreadPool.runJob(QueuedThreadPool.java:883)
        at org.eclipse.jetty.util.thread.QueuedThreadPool$Runner.run(QueuedThreadPool.java:1034)
        at java.lang.Thread.run(Thread.java:750)
"c32434d6-2497-484c-95de-45f9e03d5624@group-A6F22B53C3CA-StateMachineUpdater" daemon prio=5 tid=681 timed_waiting
java.lang.Thread.State: TIMED_WAITING
        at sun.misc.Unsafe.park(Native Method)
        at java.util.concurrent.locks.LockSupport.parkNanos(LockSupport.java:215)
        at java.util.concurrent.CompletableFuture$Signaller.block(CompletableFuture.java:1709)
        at java.util.concurrent.ForkJoinPool.managedBlock(ForkJoinPool.java:3323)
        at java.util.concurrent.CompletableFuture.timedGet(CompletableFuture.java:1788)
        at java.util.concurrent.CompletableFuture.get(CompletableFuture.java:1928)
        at org.apache.ratis.util.AwaitForSignal.await(AwaitForSignal.java:56)
        at org.apache.ratis.server.impl.StateMachineUpdater.waitForCommit(StateMachineUpdater.java:207)
        at org.apache.ratis.server.impl.StateMachineUpdater.run(StateMachineUpdater.java:176)
        at java.lang.Thread.run(Thread.java:750)
"pool-72-thread-1"  prio=5 tid=567 in Object.wait()
java.lang.Thread.State: WAITING (on object monitor)
        at sun.misc.Unsafe.park(Native Method)
        at java.util.concurrent.locks.LockSupport.park(LockSupport.java:175)
        at java.util.concurrent.locks.AbstractQueuedSynchronizer$ConditionObject.await(AbstractQueuedSynchronizer.java:2039)
        at java.util.concurrent.LinkedBlockingQueue.take(LinkedBlockingQueue.java:442)
        at java.util.concurrent.ThreadPoolExecutor.getTask(ThreadPoolExecutor.java:1074)
        at java.util.concurrent.ThreadPoolExecutor.runWorker(ThreadPoolExecutor.java:1134)
        at java.util.concurrent.ThreadPoolExecutor$Worker.run(ThreadPoolExecutor.java:624)
        at java.lang.Thread.run(Thread.java:750)
"c32434d6-2497-484c-95de-45f9e03d5624@group-A6F22B53C3CA-SegmentedRaftLogWorker"  prio=5 tid=679 timed_waiting
java.lang.Thread.State: TIMED_WAITING
        at sun.misc.Unsafe.park(Native Method)
        at java.util.concurrent.locks.LockSupport.parkNanos(LockSupport.java:215)
        at java.util.concurrent.locks.AbstractQueuedSynchronizer$ConditionObject.awaitNanos(AbstractQueuedSynchronizer.java:2078)
        at org.apache.ratis.util.DataBlockingQueue.poll(DataBlockingQueue.java:148)
        at org.apache.ratis.server.raftlog.segmented.SegmentedRaftLogWorker.run(SegmentedRaftLogWorker.java:310)
        at org.apache.ratis.server.raftlog.segmented.SegmentedRaftLogWorker$$Lambda$665/1658742493.run(Unknown Source)
        at java.lang.Thread.run(Thread.java:750)
"c32434d6-2497-484c-95de-45f9e03d5624-server-thread1" daemon prio=5 tid=745 timed_waiting
java.lang.Thread.State: TIMED_WAITING
        at sun.misc.Unsafe.park(Native Method)
        at java.util.concurrent.locks.LockSupport.parkNanos(LockSupport.java:215)
        at java.util.concurrent.SynchronousQueue$TransferStack.awaitFulfill(SynchronousQueue.java:460)
        at java.util.concurrent.SynchronousQueue$TransferStack.transfer(SynchronousQueue.java:362)
        at java.util.concurrent.SynchronousQueue.poll(SynchronousQueue.java:941)
        at java.util.concurrent.ThreadPoolExecutor.getTask(ThreadPoolExecutor.java:1073)
        at java.util.concurrent.ThreadPoolExecutor.runWorker(ThreadPoolExecutor.java:1134)
        at java.util.concurrent.ThreadPoolExecutor$Worker.run(ThreadPoolExecutor.java:624)
        at java.lang.Thread.run(Thread.java:750)
"IPC Server handler 9 on default port 37293" daemon prio=5 tid=56 timed_waiting
java.lang.Thread.State: TIMED_WAITING
        at sun.misc.Unsafe.park(Native Method)
        at java.util.concurrent.locks.LockSupport.parkNanos(LockSupport.java:215)
        at java.util.concurrent.locks.AbstractQueuedSynchronizer$ConditionObject.awaitNanos(AbstractQueuedSynchronizer.java:2078)
        at java.util.concurrent.LinkedBlockingQueue.poll(LinkedBlockingQueue.java:467)
        at org.apache.hadoop.ipc.CallQueueManager.take(CallQueueManager.java:317)
        at org.apache.hadoop.ipc.Server$Handler.run(Server.java:2942)
"qtp1078491960-266" daemon prio=5 tid=266 timed_waiting
java.lang.Thread.State: TIMED_WAITING
        at sun.misc.Unsafe.park(Native Method)
        at java.util.concurrent.locks.LockSupport.parkNanos(LockSupport.java:215)
        at java.util.concurrent.locks.AbstractQueuedSynchronizer$ConditionObject.awaitNanos(AbstractQueuedSynchronizer.java:2078)
        at org.eclipse.jetty.util.BlockingArrayQueue.poll(BlockingArrayQueue.java:382)
        at org.eclipse.jetty.util.thread.QueuedThreadPool$Runner.idleJobPoll(QueuedThreadPool.java:974)
        at org.eclipse.jetty.util.thread.QueuedThreadPool$Runner.run(QueuedThreadPool.java:1018)
        at java.lang.Thread.run(Thread.java:750)
"IPC Server handler 14 on default port 37293" daemon prio=5 tid=61 timed_waiting
java.lang.Thread.State: TIMED_WAITING
        at sun.misc.Unsafe.park(Native Method)
        at java.util.concurrent.locks.LockSupport.parkNanos(LockSupport.java:215)
        at java.util.concurrent.locks.AbstractQueuedSynchronizer$ConditionObject.awaitNanos(AbstractQueuedSynchronizer.java:2078)
        at java.util.concurrent.LinkedBlockingQueue.poll(LinkedBlockingQueue.java:467)
        at org.apache.hadoop.ipc.CallQueueManager.take(CallQueueManager.java:317)
        at org.apache.hadoop.ipc.Server$Handler.run(Server.java:2942)
"0dd4671e-e5ba-49c8-8afe-be056577c247@group-204990BD3269-LeaderStateImpl" daemon prio=5 tid=732 timed_waiting
java.lang.Thread.State: TIMED_WAITING
        at sun.misc.Unsafe.park(Native Method)
        at java.util.concurrent.locks.LockSupport.parkNanos(LockSupport.java:215)
        at java.util.concurrent.locks.AbstractQueuedSynchronizer$ConditionObject.awaitNanos(AbstractQueuedSynchronizer.java:2078)
        at java.util.concurrent.ArrayBlockingQueue.poll(ArrayBlockingQueue.java:418)
        at org.apache.ratis.server.impl.LeaderStateImpl$EventQueue.poll(LeaderStateImpl.java:159)
        at org.apache.ratis.server.impl.LeaderStateImpl$EventProcessor.run(LeaderStateImpl.java:630)
"5b5b9152-5d2c-4522-9940-e93bc8d8546d@group-204990BD3269-SegmentedRaftLogWorker"  prio=5 tid=661 timed_waiting
java.lang.Thread.State: TIMED_WAITING
        at sun.misc.Unsafe.park(Native Method)
        at java.util.concurrent.locks.LockSupport.parkNanos(LockSupport.java:215)
        at java.util.concurrent.locks.AbstractQueuedSynchronizer$ConditionObject.awaitNanos(AbstractQueuedSynchronizer.java:2078)
        at org.apache.ratis.util.DataBlockingQueue.poll(DataBlockingQueue.java:148)
        at org.apache.ratis.server.raftlog.segmented.SegmentedRaftLogWorker.run(SegmentedRaftLogWorker.java:310)
        at org.apache.ratis.server.raftlog.segmented.SegmentedRaftLogWorker$$Lambda$665/1658742493.run(Unknown Source)
        at java.lang.Thread.run(Thread.java:750)
"BlockDeletingService#2" daemon prio=5 tid=935 in Object.wait()
java.lang.Thread.State: WAITING (on object monitor)
        at sun.misc.Unsafe.park(Native Method)
        at java.util.concurrent.locks.LockSupport.park(LockSupport.java:175)
        at java.util.concurrent.locks.AbstractQueuedSynchronizer$ConditionObject.await(AbstractQueuedSynchronizer.java:2039)
        at java.util.concurrent.ScheduledThreadPoolExecutor$DelayedWorkQueue.take(ScheduledThreadPoolExecutor.java:1088)
        at java.util.concurrent.ScheduledThreadPoolExecutor$DelayedWorkQueue.take(ScheduledThreadPoolExecutor.java:809)
        at java.util.concurrent.ThreadPoolExecutor.getTask(ThreadPoolExecutor.java:1074)
        at java.util.concurrent.ThreadPoolExecutor.runWorker(ThreadPoolExecutor.java:1134)
        at java.util.concurrent.ThreadPoolExecutor$Worker.run(ThreadPoolExecutor.java:624)
        at java.lang.Thread.run(Thread.java:750)
"qtp1581909647-297" daemon prio=5 tid=297 timed_waiting
java.lang.Thread.State: TIMED_WAITING
        at sun.misc.Unsafe.park(Native Method)
        at java.util.concurrent.locks.LockSupport.parkNanos(LockSupport.java:215)
        at java.util.concurrent.locks.AbstractQueuedSynchronizer$ConditionObject.awaitNanos(AbstractQueuedSynchronizer.java:2078)
        at org.eclipse.jetty.util.BlockingArrayQueue.poll(BlockingArrayQueue.java:382)
        at org.eclipse.jetty.util.thread.QueuedThreadPool$Runner.idleJobPoll(QueuedThreadPool.java:974)
        at org.eclipse.jetty.util.thread.QueuedThreadPool$Runner.run(QueuedThreadPool.java:1018)
        at java.lang.Thread.run(Thread.java:750)
"BlockDeletingService#0" daemon prio=5 tid=474 in Object.wait()
java.lang.Thread.State: WAITING (on object monitor)
        at sun.misc.Unsafe.park(Native Method)
        at java.util.concurrent.locks.LockSupport.park(LockSupport.java:175)
        at java.util.concurrent.locks.AbstractQueuedSynchronizer$ConditionObject.await(AbstractQueuedSynchronizer.java:2039)
        at java.util.concurrent.ScheduledThreadPoolExecutor$DelayedWorkQueue.take(ScheduledThreadPoolExecutor.java:1088)
        at java.util.concurrent.ScheduledThreadPoolExecutor$DelayedWorkQueue.take(ScheduledThreadPoolExecutor.java:809)
        at java.util.concurrent.ThreadPoolExecutor.getTask(ThreadPoolExecutor.java:1074)
        at java.util.concurrent.ThreadPoolExecutor.runWorker(ThreadPoolExecutor.java:1134)
        at java.util.concurrent.ThreadPoolExecutor$Worker.run(ThreadPoolExecutor.java:624)
        at java.lang.Thread.run(Thread.java:750)
"EndpointStateMachine task thread for /0.0.0.0:43187 - 0 "  prio=5 tid=352 in Object.wait()
java.lang.Thread.State: WAITING (on object monitor)
        at sun.misc.Unsafe.park(Native Method)
        at java.util.concurrent.locks.LockSupport.park(LockSupport.java:175)
        at java.util.concurrent.locks.AbstractQueuedSynchronizer$ConditionObject.await(AbstractQueuedSynchronizer.java:2039)
        at java.util.concurrent.LinkedBlockingQueue.take(LinkedBlockingQueue.java:442)
        at java.util.concurrent.ThreadPoolExecutor.getTask(ThreadPoolExecutor.java:1074)
        at java.util.concurrent.ThreadPoolExecutor.runWorker(ThreadPoolExecutor.java:1134)
        at java.util.concurrent.ThreadPoolExecutor$Worker.run(ThreadPoolExecutor.java:624)
        at java.lang.Thread.run(Thread.java:750)
"IPC Server handler 8 on default port 37293" daemon prio=5 tid=55 timed_waiting
java.lang.Thread.State: TIMED_WAITING
        at sun.misc.Unsafe.park(Native Method)
        at java.util.concurrent.locks.LockSupport.parkNanos(LockSupport.java:215)
        at java.util.concurrent.locks.AbstractQueuedSynchronizer$ConditionObject.awaitNanos(AbstractQueuedSynchronizer.java:2078)
        at java.util.concurrent.LinkedBlockingQueue.poll(LinkedBlockingQueue.java:467)
        at org.apache.hadoop.ipc.CallQueueManager.take(CallQueueManager.java:317)
        at org.apache.hadoop.ipc.Server$Handler.run(Server.java:2942)
"99050580-db91-402e-a30b-7426b5391f3a@group-D39F9C32CD8E-FollowerState" daemon prio=5 tid=872 timed_waiting
java.lang.Thread.State: TIMED_WAITING
        at java.lang.Thread.sleep(Native Method)
        at java.lang.Thread.sleep(Thread.java:342)
        at java.util.concurrent.TimeUnit.sleep(TimeUnit.java:386)
        at org.apache.ratis.util.TimeDuration.sleep(TimeDuration.java:325)
        at org.apache.ratis.util.TimeDuration.sleep(TimeDuration.java:310)
        at org.apache.ratis.server.impl.FollowerState.run(FollowerState.java:128)
"47355ef6-248e-415d-99d1-f00ca16e1642@group-0E0524D27BC6-FollowerState" daemon prio=5 tid=906 timed_waiting
java.lang.Thread.State: TIMED_WAITING
        at java.lang.Thread.sleep(Native Method)
        at java.lang.Thread.sleep(Thread.java:342)
        at java.util.concurrent.TimeUnit.sleep(TimeUnit.java:386)
        at org.apache.ratis.util.TimeDuration.sleep(TimeDuration.java:325)
        at org.apache.ratis.util.TimeDuration.sleep(TimeDuration.java:310)
        at org.apache.ratis.server.impl.FollowerState.run(FollowerState.java:128)
"IPC Server handler 5 on default port 37293" daemon prio=5 tid=52 timed_waiting
java.lang.Thread.State: TIMED_WAITING
        at sun.misc.Unsafe.park(Native Method)
        at java.util.concurrent.locks.LockSupport.parkNanos(LockSupport.java:215)
        at java.util.concurrent.locks.AbstractQueuedSynchronizer$ConditionObject.awaitNanos(AbstractQueuedSynchronizer.java:2078)
        at java.util.concurrent.LinkedBlockingQueue.poll(LinkedBlockingQueue.java:467)
        at org.apache.hadoop.ipc.CallQueueManager.take(CallQueueManager.java:317)
        at org.apache.hadoop.ipc.Server$Handler.run(Server.java:2942)
"StaleRecoveringContainerScrubbingService#1" daemon prio=5 tid=497 timed_waiting
java.lang.Thread.State: TIMED_WAITING
        at sun.misc.Unsafe.park(Native Method)
        at java.util.concurrent.locks.LockSupport.parkNanos(LockSupport.java:215)
        at java.util.concurrent.locks.AbstractQueuedSynchronizer$ConditionObject.awaitNanos(AbstractQueuedSynchronizer.java:2078)
        at java.util.concurrent.ScheduledThreadPoolExecutor$DelayedWorkQueue.take(ScheduledThreadPoolExecutor.java:1093)
        at java.util.concurrent.ScheduledThreadPoolExecutor$DelayedWorkQueue.take(ScheduledThreadPoolExecutor.java:809)
        at java.util.concurrent.ThreadPoolExecutor.getTask(ThreadPoolExecutor.java:1074)
        at java.util.concurrent.ThreadPoolExecutor.runWorker(ThreadPoolExecutor.java:1134)
        at java.util.concurrent.ThreadPoolExecutor$Worker.run(ThreadPoolExecutor.java:624)
        at java.lang.Thread.run(Thread.java:750)
"DatanodeAdminManager-0" daemon prio=5 tid=21 timed_waiting
java.lang.Thread.State: TIMED_WAITING
        at sun.misc.Unsafe.park(Native Method)
        at java.util.concurrent.locks.LockSupport.parkNanos(LockSupport.java:215)
        at java.util.concurrent.locks.AbstractQueuedSynchronizer$ConditionObject.awaitNanos(AbstractQueuedSynchronizer.java:2078)
        at java.util.concurrent.ScheduledThreadPoolExecutor$DelayedWorkQueue.take(ScheduledThreadPoolExecutor.java:1093)
        at java.util.concurrent.ScheduledThreadPoolExecutor$DelayedWorkQueue.take(ScheduledThreadPoolExecutor.java:809)
        at java.util.concurrent.ThreadPoolExecutor.getTask(ThreadPoolExecutor.java:1074)
        at java.util.concurrent.ThreadPoolExecutor.runWorker(ThreadPoolExecutor.java:1134)
        at java.util.concurrent.ThreadPoolExecutor$Worker.run(ThreadPoolExecutor.java:624)
        at java.lang.Thread.run(Thread.java:750)
"Datanode State Machine Daemon Thread" daemon prio=5 tid=440 timed_waiting
java.lang.Thread.State: TIMED_WAITING
        at java.lang.Thread.sleep(Native Method)
        at org.apache.hadoop.ozone.container.common.statemachine.DatanodeStateMachine.startStateMachineThread(DatanodeStateMachine.java:321)
        at org.apache.hadoop.ozone.container.common.statemachine.DatanodeStateMachine.lambda$startDaemon$0(DatanodeStateMachine.java:506)
        at org.apache.hadoop.ozone.container.common.statemachine.DatanodeStateMachine$$Lambda$751/1932525059.run(Unknown Source)
        at java.lang.Thread.run(Thread.java:750)
"Datanode ReportManager Thread - 3" daemon prio=5 tid=303 in Object.wait()
java.lang.Thread.State: WAITING (on object monitor)
        at sun.misc.Unsafe.park(Native Method)
        at java.util.concurrent.locks.LockSupport.park(LockSupport.java:175)
        at java.util.concurrent.locks.AbstractQueuedSynchronizer$ConditionObject.await(AbstractQueuedSynchronizer.java:2039)
        at java.util.concurrent.ScheduledThreadPoolExecutor$DelayedWorkQueue.take(ScheduledThreadPoolExecutor.java:1088)
        at java.util.concurrent.ScheduledThreadPoolExecutor$DelayedWorkQueue.take(ScheduledThreadPoolExecutor.java:809)
        at java.util.concurrent.ThreadPoolExecutor.getTask(ThreadPoolExecutor.java:1074)
        at java.util.concurrent.ThreadPoolExecutor.runWorker(ThreadPoolExecutor.java:1134)
        at java.util.concurrent.ThreadPoolExecutor$Worker.run(ThreadPoolExecutor.java:624)
        at java.lang.Thread.run(Thread.java:750)
"ChunkWriter-2-0" daemon prio=5 tid=491 in Object.wait()
java.lang.Thread.State: WAITING (on object monitor)
        at sun.misc.Unsafe.park(Native Method)
        at java.util.concurrent.locks.LockSupport.park(LockSupport.java:175)
        at java.util.concurrent.locks.AbstractQueuedSynchronizer$ConditionObject.await(AbstractQueuedSynchronizer.java:2039)
        at java.util.concurrent.LinkedBlockingDeque.takeFirst(LinkedBlockingDeque.java:492)
        at java.util.concurrent.LinkedBlockingDeque.take(LinkedBlockingDeque.java:680)
        at java.util.concurrent.ThreadPoolExecutor.getTask(ThreadPoolExecutor.java:1074)
        at java.util.concurrent.ThreadPoolExecutor.runWorker(ThreadPoolExecutor.java:1134)
        at java.util.concurrent.ThreadPoolExecutor$Worker.run(ThreadPoolExecutor.java:624)
        at java.lang.Thread.run(Thread.java:750)
"ChunkReader-0" daemon prio=5 tid=777 in Object.wait()
java.lang.Thread.State: WAITING (on object monitor)
        at sun.misc.Unsafe.park(Native Method)
        at java.util.concurrent.locks.LockSupport.park(LockSupport.java:175)
        at java.util.concurrent.locks.AbstractQueuedSynchronizer$ConditionObject.await(AbstractQueuedSynchronizer.java:2039)
        at java.util.concurrent.LinkedBlockingQueue.take(LinkedBlockingQueue.java:442)
        at java.util.concurrent.ThreadPoolExecutor.getTask(ThreadPoolExecutor.java:1074)
        at java.util.concurrent.ThreadPoolExecutor.runWorker(ThreadPoolExecutor.java:1134)
        at java.util.concurrent.ThreadPoolExecutor$Worker.run(ThreadPoolExecutor.java:624)
        at java.lang.Thread.run(Thread.java:750)
"Datanode ReportManager Thread - 1" daemon prio=5 tid=301 timed_waiting
java.lang.Thread.State: TIMED_WAITING
        at sun.misc.Unsafe.park(Native Method)
        at java.util.concurrent.locks.LockSupport.parkNanos(LockSupport.java:215)
        at java.util.concurrent.locks.AbstractQueuedSynchronizer$ConditionObject.awaitNanos(AbstractQueuedSynchronizer.java:2078)
        at java.util.concurrent.ScheduledThreadPoolExecutor$DelayedWorkQueue.take(ScheduledThreadPoolExecutor.java:1093)
        at java.util.concurrent.ScheduledThreadPoolExecutor$DelayedWorkQueue.take(ScheduledThreadPoolExecutor.java:809)
        at java.util.concurrent.ThreadPoolExecutor.getTask(ThreadPoolExecutor.java:1074)
        at java.util.concurrent.ThreadPoolExecutor.runWorker(ThreadPoolExecutor.java:1134)
        at java.util.concurrent.ThreadPoolExecutor$Worker.run(ThreadPoolExecutor.java:624)
        at java.lang.Thread.run(Thread.java:750)
"IPC Server handler 12 on default port 44219" daemon prio=5 tid=79 timed_waiting
java.lang.Thread.State: TIMED_WAITING
        at sun.misc.Unsafe.park(Native Method)
        at java.util.concurrent.locks.LockSupport.parkNanos(LockSupport.java:215)
        at java.util.concurrent.locks.AbstractQueuedSynchronizer$ConditionObject.awaitNanos(AbstractQueuedSynchronizer.java:2078)
        at java.util.concurrent.LinkedBlockingQueue.poll(LinkedBlockingQueue.java:467)
        at org.apache.hadoop.ipc.CallQueueManager.take(CallQueueManager.java:317)
        at org.apache.hadoop.ipc.Server$Handler.run(Server.java:2942)
"BlockDeletingService#0" daemon prio=5 tid=369 in Object.wait()
java.lang.Thread.State: WAITING (on object monitor)
        at sun.misc.Unsafe.park(Native Method)
        at java.util.concurrent.locks.LockSupport.park(LockSupport.java:175)
        at java.util.concurrent.locks.AbstractQueuedSynchronizer$ConditionObject.await(AbstractQueuedSynchronizer.java:2039)
        at java.util.concurrent.ScheduledThreadPoolExecutor$DelayedWorkQueue.take(ScheduledThreadPoolExecutor.java:1088)
        at java.util.concurrent.ScheduledThreadPoolExecutor$DelayedWorkQueue.take(ScheduledThreadPoolExecutor.java:809)
        at java.util.concurrent.ThreadPoolExecutor.getTask(ThreadPoolExecutor.java:1074)
        at java.util.concurrent.ThreadPoolExecutor.runWorker(ThreadPoolExecutor.java:1134)
        at java.util.concurrent.ThreadPoolExecutor$Worker.run(ThreadPoolExecutor.java:624)
        at java.lang.Thread.run(Thread.java:750)
"ChunkReader-2" daemon prio=5 tid=792 in Object.wait()
java.lang.Thread.State: WAITING (on object monitor)
        at sun.misc.Unsafe.park(Native Method)
        at java.util.concurrent.locks.LockSupport.park(LockSupport.java:175)
        at java.util.concurrent.locks.AbstractQueuedSynchronizer$ConditionObject.await(AbstractQueuedSynchronizer.java:2039)
        at java.util.concurrent.LinkedBlockingQueue.take(LinkedBlockingQueue.java:442)
        at java.util.concurrent.ThreadPoolExecutor.getTask(ThreadPoolExecutor.java:1074)
        at java.util.concurrent.ThreadPoolExecutor.runWorker(ThreadPoolExecutor.java:1134)
        at java.util.concurrent.ThreadPoolExecutor$Worker.run(ThreadPoolExecutor.java:624)
        at java.lang.Thread.run(Thread.java:750)
"FixedThreadPoolWithAffinityExecutor-7-0" daemon prio=5 tid=42 timed_waiting
java.lang.Thread.State: TIMED_WAITING
        at sun.misc.Unsafe.park(Native Method)
        at java.util.concurrent.locks.LockSupport.parkNanos(LockSupport.java:215)
        at java.util.concurrent.locks.AbstractQueuedSynchronizer$ConditionObject.awaitNanos(AbstractQueuedSynchronizer.java:2078)
        at java.util.concurrent.LinkedBlockingQueue.poll(LinkedBlockingQueue.java:467)
        at org.apache.hadoop.hdds.scm.server.ContainerReportQueue.poll(ContainerReportQueue.java:266)
        at org.apache.hadoop.hdds.scm.server.ContainerReportQueue.poll(ContainerReportQueue.java:42)
        at org.apache.hadoop.hdds.server.events.FixedThreadPoolWithAffinityExecutor$ContainerReportProcessTask.run(FixedThreadPoolWithAffinityExecutor.java:218)
        at java.util.concurrent.Executors$RunnableAdapter.call(Executors.java:511)
        at java.util.concurrent.FutureTask.run(FutureTask.java:266)
        at java.util.concurrent.ThreadPoolExecutor.runWorker(ThreadPoolExecutor.java:1149)
        at java.util.concurrent.ThreadPoolExecutor$Worker.run(ThreadPoolExecutor.java:624)
        at java.lang.Thread.run(Thread.java:750)
"qtp1010968386-384" daemon prio=5 tid=384 timed_waiting
java.lang.Thread.State: TIMED_WAITING
        at sun.misc.Unsafe.park(Native Method)
        at java.util.concurrent.locks.LockSupport.parkNanos(LockSupport.java:215)
        at java.util.concurrent.locks.AbstractQueuedSynchronizer$ConditionObject.awaitNanos(AbstractQueuedSynchronizer.java:2078)
        at org.eclipse.jetty.util.BlockingArrayQueue.poll(BlockingArrayQueue.java:382)
        at org.eclipse.jetty.util.thread.QueuedThreadPool$Runner.idleJobPoll(QueuedThreadPool.java:974)
        at org.eclipse.jetty.util.thread.QueuedThreadPool$Runner.run(QueuedThreadPool.java:1018)
        at java.lang.Thread.run(Thread.java:750)
"99050580-db91-402e-a30b-7426b5391f3a@group-0E0524D27BC6->47355ef6-248e-415d-99d1-f00ca16e1642-GrpcLogAppender-LogAppenderDaemon" daemon prio=5 tid=910 timed_waiting
java.lang.Thread.State: TIMED_WAITING
        at sun.misc.Unsafe.park(Native Method)
        at java.util.concurrent.locks.LockSupport.parkNanos(LockSupport.java:215)
        at java.util.concurrent.CompletableFuture$Signaller.block(CompletableFuture.java:1709)
        at java.util.concurrent.ForkJoinPool.managedBlock(ForkJoinPool.java:3323)
        at java.util.concurrent.CompletableFuture.timedGet(CompletableFuture.java:1788)
        at java.util.concurrent.CompletableFuture.get(CompletableFuture.java:1928)
        at org.apache.ratis.util.AwaitForSignal.await(AwaitForSignal.java:56)
        at org.apache.ratis.grpc.server.GrpcLogAppender.mayWait(GrpcLogAppender.java:198)
        at org.apache.ratis.grpc.server.GrpcLogAppender.run(GrpcLogAppender.java:148)
        at org.apache.ratis.server.leader.LogAppenderDaemon.run(LogAppenderDaemon.java:78)
        at org.apache.ratis.server.leader.LogAppenderDaemon$$Lambda$1042/1806567153.run(Unknown Source)
        at java.lang.Thread.run(Thread.java:750)
"0dd4671e-e5ba-49c8-8afe-be056577c247@group-D3D5B8692D3E-LeaderStateImpl" daemon prio=5 tid=726 timed_waiting
java.lang.Thread.State: TIMED_WAITING
        at sun.misc.Unsafe.park(Native Method)
        at java.util.concurrent.locks.LockSupport.parkNanos(LockSupport.java:215)
        at java.util.concurrent.locks.AbstractQueuedSynchronizer$ConditionObject.awaitNanos(AbstractQueuedSynchronizer.java:2078)
        at java.util.concurrent.ArrayBlockingQueue.poll(ArrayBlockingQueue.java:418)
        at org.apache.ratis.server.impl.LeaderStateImpl$EventQueue.poll(LeaderStateImpl.java:159)
        at org.apache.ratis.server.impl.LeaderStateImpl$EventProcessor.run(LeaderStateImpl.java:630)
"99050580-db91-402e-a30b-7426b5391f3a@group-0E0524D27BC6-LeaderStateImpl" daemon prio=5 tid=908 timed_waiting
java.lang.Thread.State: TIMED_WAITING
        at sun.misc.Unsafe.park(Native Method)
        at java.util.concurrent.locks.LockSupport.parkNanos(LockSupport.java:215)
        at java.util.concurrent.locks.AbstractQueuedSynchronizer$ConditionObject.awaitNanos(AbstractQueuedSynchronizer.java:2078)
        at java.util.concurrent.ArrayBlockingQueue.poll(ArrayBlockingQueue.java:418)
        at org.apache.ratis.server.impl.LeaderStateImpl$EventQueue.poll(LeaderStateImpl.java:159)
        at org.apache.ratis.server.impl.LeaderStateImpl$EventProcessor.run(LeaderStateImpl.java:630)
"6e1286b8-b074-4479-bd2c-46da0ae8c43a@group-DC80249593AF-LeaderStateImpl" daemon prio=5 tid=697 timed_waiting
java.lang.Thread.State: TIMED_WAITING
        at sun.misc.Unsafe.park(Native Method)
        at java.util.concurrent.locks.LockSupport.parkNanos(LockSupport.java:215)
        at java.util.concurrent.locks.AbstractQueuedSynchronizer$ConditionObject.awaitNanos(AbstractQueuedSynchronizer.java:2078)
        at java.util.concurrent.ArrayBlockingQueue.poll(ArrayBlockingQueue.java:418)
        at org.apache.ratis.server.impl.LeaderStateImpl$EventQueue.poll(LeaderStateImpl.java:159)
        at org.apache.ratis.server.impl.LeaderStateImpl$EventProcessor.run(LeaderStateImpl.java:630)
"0dd4671e-e5ba-49c8-8afe-be056577c247@group-3134A2B79DBE-SegmentedRaftLogWorker"  prio=5 tid=665 timed_waiting
java.lang.Thread.State: TIMED_WAITING
        at sun.misc.Unsafe.park(Native Method)
        at java.util.concurrent.locks.LockSupport.parkNanos(LockSupport.java:215)
        at java.util.concurrent.locks.AbstractQueuedSynchronizer$ConditionObject.awaitNanos(AbstractQueuedSynchronizer.java:2078)
        at org.apache.ratis.util.DataBlockingQueue.poll(DataBlockingQueue.java:148)
        at org.apache.ratis.server.raftlog.segmented.SegmentedRaftLogWorker.run(SegmentedRaftLogWorker.java:310)
        at org.apache.ratis.server.raftlog.segmented.SegmentedRaftLogWorker$$Lambda$665/1658742493.run(Unknown Source)
        at java.lang.Thread.run(Thread.java:750)
"prometheus" daemon prio=5 tid=119 in Object.wait()
java.lang.Thread.State: WAITING (on object monitor)
        at java.lang.Object.wait(Native Method)
        at java.lang.Object.wait(Object.java:502)
        at org.apache.hadoop.metrics2.impl.SinkQueue.waitForData(SinkQueue.java:114)
        at org.apache.hadoop.metrics2.impl.SinkQueue.consumeAll(SinkQueue.java:83)
        at org.apache.hadoop.metrics2.impl.MetricsSinkAdapter.publishMetricsFromQueue(MetricsSinkAdapter.java:135)
        at org.apache.hadoop.metrics2.impl.MetricsSinkAdapter$1.run(MetricsSinkAdapter.java:89)
"5b5b9152-5d2c-4522-9940-e93bc8d8546d@group-204990BD3269-FollowerState" daemon prio=5 tid=731 timed_waiting
java.lang.Thread.State: TIMED_WAITING
        at java.lang.Thread.sleep(Native Method)
        at java.lang.Thread.sleep(Thread.java:342)
        at java.util.concurrent.TimeUnit.sleep(TimeUnit.java:386)
        at org.apache.ratis.util.TimeDuration.sleep(TimeDuration.java:325)
        at org.apache.ratis.util.TimeDuration.sleep(TimeDuration.java:310)
        at org.apache.ratis.server.impl.FollowerState.run(FollowerState.java:128)
"BlockDeletingService#1" daemon prio=5 tid=553 timed_waiting
java.lang.Thread.State: TIMED_WAITING
        at sun.misc.Unsafe.park(Native Method)
        at java.util.concurrent.locks.LockSupport.parkNanos(LockSupport.java:215)
        at java.util.concurrent.locks.AbstractQueuedSynchronizer$ConditionObject.awaitNanos(AbstractQueuedSynchronizer.java:2078)
        at java.util.concurrent.ScheduledThreadPoolExecutor$DelayedWorkQueue.take(ScheduledThreadPoolExecutor.java:1093)
        at java.util.concurrent.ScheduledThreadPoolExecutor$DelayedWorkQueue.take(ScheduledThreadPoolExecutor.java:809)
        at java.util.concurrent.ThreadPoolExecutor.getTask(ThreadPoolExecutor.java:1074)
        at java.util.concurrent.ThreadPoolExecutor.runWorker(ThreadPoolExecutor.java:1134)
        at java.util.concurrent.ThreadPoolExecutor$Worker.run(ThreadPoolExecutor.java:624)
        at java.lang.Thread.run(Thread.java:750)
"ChunkWriter-3-0" daemon prio=5 tid=559 in Object.wait()
java.lang.Thread.State: WAITING (on object monitor)
        at sun.misc.Unsafe.park(Native Method)
        at java.util.concurrent.locks.LockSupport.park(LockSupport.java:175)
        at java.util.concurrent.locks.AbstractQueuedSynchronizer$ConditionObject.await(AbstractQueuedSynchronizer.java:2039)
        at java.util.concurrent.LinkedBlockingDeque.takeFirst(LinkedBlockingDeque.java:492)
        at java.util.concurrent.LinkedBlockingDeque.take(LinkedBlockingDeque.java:680)
        at java.util.concurrent.ThreadPoolExecutor.getTask(ThreadPoolExecutor.java:1074)
        at java.util.concurrent.ThreadPoolExecutor.runWorker(ThreadPoolExecutor.java:1134)
        at java.util.concurrent.ThreadPoolExecutor$Worker.run(ThreadPoolExecutor.java:624)
        at java.lang.Thread.run(Thread.java:750)
"EventQueue-OpenPipelineForHealthyPipelineSafeModeRule" daemon prio=5 tid=568 in Object.wait()
java.lang.Thread.State: WAITING (on object monitor)
        at sun.misc.Unsafe.park(Native Method)
        at java.util.concurrent.locks.LockSupport.park(LockSupport.java:175)
        at java.util.concurrent.locks.AbstractQueuedSynchronizer$ConditionObject.await(AbstractQueuedSynchronizer.java:2039)
        at java.util.concurrent.LinkedBlockingQueue.take(LinkedBlockingQueue.java:442)
        at java.util.concurrent.ThreadPoolExecutor.getTask(ThreadPoolExecutor.java:1074)
        at java.util.concurrent.ThreadPoolExecutor.runWorker(ThreadPoolExecutor.java:1134)
        at java.util.concurrent.ThreadPoolExecutor$Worker.run(ThreadPoolExecutor.java:624)
        at java.lang.Thread.run(Thread.java:750)
"18b69636-199d-46b1-a155-faec2a9e6e92-server-thread2" daemon prio=5 tid=912 timed_waiting
java.lang.Thread.State: TIMED_WAITING
        at sun.misc.Unsafe.park(Native Method)
        at java.util.concurrent.locks.LockSupport.parkNanos(LockSupport.java:215)
        at java.util.concurrent.SynchronousQueue$TransferStack.awaitFulfill(SynchronousQueue.java:460)
        at java.util.concurrent.SynchronousQueue$TransferStack.transfer(SynchronousQueue.java:362)
        at java.util.concurrent.SynchronousQueue.poll(SynchronousQueue.java:941)
        at java.util.concurrent.ThreadPoolExecutor.getTask(ThreadPoolExecutor.java:1073)
        at java.util.concurrent.ThreadPoolExecutor.runWorker(ThreadPoolExecutor.java:1134)
        at java.util.concurrent.ThreadPoolExecutor$Worker.run(ThreadPoolExecutor.java:624)
        at java.lang.Thread.run(Thread.java:750)
"IPC Server handler 6 on default port 35095" daemon prio=5 tid=160 timed_waiting
java.lang.Thread.State: TIMED_WAITING
        at sun.misc.Unsafe.park(Native Method)
        at java.util.concurrent.locks.LockSupport.parkNanos(LockSupport.java:215)
        at java.util.concurrent.locks.AbstractQueuedSynchronizer$ConditionObject.awaitNanos(AbstractQueuedSynchronizer.java:2078)
        at java.util.concurrent.LinkedBlockingQueue.poll(LinkedBlockingQueue.java:467)
        at org.apache.hadoop.ipc.CallQueueManager.take(CallQueueManager.java:317)
        at org.apache.hadoop.ipc.Server$Handler.run(Server.java:2942)
"JvmPauseMonitor0" daemon prio=5 tid=139 timed_waiting
java.lang.Thread.State: TIMED_WAITING
        at java.lang.Thread.sleep(Native Method)
        at java.lang.Thread.sleep(Thread.java:342)
        at java.util.concurrent.TimeUnit.sleep(TimeUnit.java:386)
        at org.apache.ratis.util.TimeDuration.sleep(TimeDuration.java:325)
        at org.apache.ratis.util.TimeDuration.sleep(TimeDuration.java:310)
        at org.apache.ratis.util.JvmPauseMonitor.detectPause(JvmPauseMonitor.java:119)
        at org.apache.ratis.util.JvmPauseMonitor.run(JvmPauseMonitor.java:108)
        at org.apache.ratis.util.JvmPauseMonitor$$Lambda$706/19678348.run(Unknown Source)
        at java.lang.Thread.run(Thread.java:750)
"Datanode ReportManager Thread - 1" daemon prio=5 tid=442 timed_waiting
java.lang.Thread.State: TIMED_WAITING
        at sun.misc.Unsafe.park(Native Method)
        at java.util.concurrent.locks.LockSupport.parkNanos(LockSupport.java:215)
        at java.util.concurrent.locks.AbstractQueuedSynchronizer$ConditionObject.awaitNanos(AbstractQueuedSynchronizer.java:2078)
        at java.util.concurrent.ScheduledThreadPoolExecutor$DelayedWorkQueue.take(ScheduledThreadPoolExecutor.java:1093)
        at java.util.concurrent.ScheduledThreadPoolExecutor$DelayedWorkQueue.take(ScheduledThreadPoolExecutor.java:809)
        at java.util.concurrent.ThreadPoolExecutor.getTask(ThreadPoolExecutor.java:1074)
        at java.util.concurrent.ThreadPoolExecutor.runWorker(ThreadPoolExecutor.java:1134)
        at java.util.concurrent.ThreadPoolExecutor$Worker.run(ThreadPoolExecutor.java:624)
        at java.lang.Thread.run(Thread.java:750)
"Datanode State Machine Task Thread - 1"  prio=5 tid=487 in Object.wait()
java.lang.Thread.State: WAITING (on object monitor)
        at sun.misc.Unsafe.park(Native Method)
        at java.util.concurrent.locks.LockSupport.park(LockSupport.java:175)
        at java.util.concurrent.locks.AbstractQueuedSynchronizer$ConditionObject.await(AbstractQueuedSynchronizer.java:2039)
        at java.util.concurrent.LinkedBlockingQueue.take(LinkedBlockingQueue.java:442)
        at java.util.concurrent.ThreadPoolExecutor.getTask(ThreadPoolExecutor.java:1074)
        at java.util.concurrent.ThreadPoolExecutor.runWorker(ThreadPoolExecutor.java:1134)
        at java.util.concurrent.ThreadPoolExecutor$Worker.run(ThreadPoolExecutor.java:624)
        at java.lang.Thread.run(Thread.java:750)
"IPC Server listener on 0" daemon prio=5 tid=130 runnable
java.lang.Thread.State: RUNNABLE
        at sun.nio.ch.EPollArrayWrapper.epollWait(Native Method)
        at sun.nio.ch.EPollArrayWrapper.poll(EPollArrayWrapper.java:269)
        at sun.nio.ch.EPollSelectorImpl.doSelect(EPollSelectorImpl.java:93)
        at sun.nio.ch.SelectorImpl.lockAndDoSelect(SelectorImpl.java:86)
        at sun.nio.ch.SelectorImpl.select(SelectorImpl.java:97)
        at sun.nio.ch.SelectorImpl.select(SelectorImpl.java:101)
        at org.apache.hadoop.ipc.Server$Listener.run(Server.java:1358)
"99050580-db91-402e-a30b-7426b5391f3a@group-285BFC804282-SegmentedRaftLogWorker"  prio=5 tid=645 timed_waiting
java.lang.Thread.State: TIMED_WAITING
        at sun.misc.Unsafe.park(Native Method)
        at java.util.concurrent.locks.LockSupport.parkNanos(LockSupport.java:215)
        at java.util.concurrent.locks.AbstractQueuedSynchronizer$ConditionObject.awaitNanos(AbstractQueuedSynchronizer.java:2078)
        at org.apache.ratis.util.DataBlockingQueue.poll(DataBlockingQueue.java:148)
        at org.apache.ratis.server.raftlog.segmented.SegmentedRaftLogWorker.run(SegmentedRaftLogWorker.java:310)
        at org.apache.ratis.server.raftlog.segmented.SegmentedRaftLogWorker$$Lambda$665/1658742493.run(Unknown Source)
        at java.lang.Thread.run(Thread.java:750)
"ChunkWriter-0-0" daemon prio=5 tid=489 in Object.wait()
java.lang.Thread.State: WAITING (on object monitor)
        at sun.misc.Unsafe.park(Native Method)
        at java.util.concurrent.locks.LockSupport.park(LockSupport.java:175)
        at java.util.concurrent.locks.AbstractQueuedSynchronizer$ConditionObject.await(AbstractQueuedSynchronizer.java:2039)
        at java.util.concurrent.LinkedBlockingDeque.takeFirst(LinkedBlockingDeque.java:492)
        at java.util.concurrent.LinkedBlockingDeque.take(LinkedBlockingDeque.java:680)
        at java.util.concurrent.ThreadPoolExecutor.getTask(ThreadPoolExecutor.java:1074)
        at java.util.concurrent.ThreadPoolExecutor.runWorker(ThreadPoolExecutor.java:1134)
        at java.util.concurrent.ThreadPoolExecutor$Worker.run(ThreadPoolExecutor.java:624)
        at java.lang.Thread.run(Thread.java:750)
"IPC Server handler 19 on default port 43187" daemon prio=5 tid=106 timed_waiting
java.lang.Thread.State: TIMED_WAITING
        at sun.misc.Unsafe.park(Native Method)
        at java.util.concurrent.locks.LockSupport.parkNanos(LockSupport.java:215)
        at java.util.concurrent.locks.AbstractQueuedSynchronizer$ConditionObject.awaitNanos(AbstractQueuedSynchronizer.java:2078)
        at java.util.concurrent.LinkedBlockingQueue.poll(LinkedBlockingQueue.java:467)
        at org.apache.hadoop.ipc.CallQueueManager.take(CallQueueManager.java:317)
        at org.apache.hadoop.ipc.Server$Handler.run(Server.java:2942)
"18b69636-199d-46b1-a155-faec2a9e6e92@group-D39F9C32CD8E-StateMachineUpdater" daemon prio=5 tid=616 timed_waiting
java.lang.Thread.State: TIMED_WAITING
        at sun.misc.Unsafe.park(Native Method)
        at java.util.concurrent.locks.LockSupport.parkNanos(LockSupport.java:215)
        at java.util.concurrent.CompletableFuture$Signaller.block(CompletableFuture.java:1709)
        at java.util.concurrent.ForkJoinPool.managedBlock(ForkJoinPool.java:3323)
        at java.util.concurrent.CompletableFuture.timedGet(CompletableFuture.java:1788)
        at java.util.concurrent.CompletableFuture.get(CompletableFuture.java:1928)
        at org.apache.ratis.util.AwaitForSignal.await(AwaitForSignal.java:56)
        at org.apache.ratis.server.impl.StateMachineUpdater.waitForCommit(StateMachineUpdater.java:207)
        at org.apache.ratis.server.impl.StateMachineUpdater.run(StateMachineUpdater.java:176)
        at java.lang.Thread.run(Thread.java:750)
"0dd4671e-e5ba-49c8-8afe-be056577c247@group-204990BD3269-SegmentedRaftLogWorker"  prio=5 tid=652 timed_waiting
java.lang.Thread.State: TIMED_WAITING
        at sun.misc.Unsafe.park(Native Method)
        at java.util.concurrent.locks.LockSupport.parkNanos(LockSupport.java:215)
        at java.util.concurrent.locks.AbstractQueuedSynchronizer$ConditionObject.awaitNanos(AbstractQueuedSynchronizer.java:2078)
        at org.apache.ratis.util.DataBlockingQueue.poll(DataBlockingQueue.java:148)
        at org.apache.ratis.server.raftlog.segmented.SegmentedRaftLogWorker.run(SegmentedRaftLogWorker.java:310)
        at org.apache.ratis.server.raftlog.segmented.SegmentedRaftLogWorker$$Lambda$665/1658742493.run(Unknown Source)
        at java.lang.Thread.run(Thread.java:750)
"ChunkWriter-0-0" daemon prio=5 tid=519 in Object.wait()
java.lang.Thread.State: WAITING (on object monitor)
        at sun.misc.Unsafe.park(Native Method)
        at java.util.concurrent.locks.LockSupport.park(LockSupport.java:175)
        at java.util.concurrent.locks.AbstractQueuedSynchronizer$ConditionObject.await(AbstractQueuedSynchronizer.java:2039)
        at java.util.concurrent.LinkedBlockingDeque.takeFirst(LinkedBlockingDeque.java:492)
        at java.util.concurrent.LinkedBlockingDeque.take(LinkedBlockingDeque.java:680)
        at java.util.concurrent.ThreadPoolExecutor.getTask(ThreadPoolExecutor.java:1074)
        at java.util.concurrent.ThreadPoolExecutor.runWorker(ThreadPoolExecutor.java:1134)
        at java.util.concurrent.ThreadPoolExecutor$Worker.run(ThreadPoolExecutor.java:624)
        at java.lang.Thread.run(Thread.java:750)
"Datanode ReportManager Thread - 3" daemon prio=5 tid=329 in Object.wait()
java.lang.Thread.State: WAITING (on object monitor)
        at sun.misc.Unsafe.park(Native Method)
        at java.util.concurrent.locks.LockSupport.park(LockSupport.java:175)
        at java.util.concurrent.locks.AbstractQueuedSynchronizer$ConditionObject.await(AbstractQueuedSynchronizer.java:2039)
        at java.util.concurrent.ScheduledThreadPoolExecutor$DelayedWorkQueue.take(ScheduledThreadPoolExecutor.java:1088)
        at java.util.concurrent.ScheduledThreadPoolExecutor$DelayedWorkQueue.take(ScheduledThreadPoolExecutor.java:809)
        at java.util.concurrent.ThreadPoolExecutor.getTask(ThreadPoolExecutor.java:1074)
        at java.util.concurrent.ThreadPoolExecutor.runWorker(ThreadPoolExecutor.java:1134)
        at java.util.concurrent.ThreadPoolExecutor$Worker.run(ThreadPoolExecutor.java:624)
        at java.lang.Thread.run(Thread.java:750)
"IPC Server handler 11 on default port 37293" daemon prio=5 tid=58 timed_waiting
java.lang.Thread.State: TIMED_WAITING
        at sun.misc.Unsafe.park(Native Method)
        at java.util.concurrent.locks.LockSupport.parkNanos(LockSupport.java:215)
        at java.util.concurrent.locks.AbstractQueuedSynchronizer$ConditionObject.awaitNanos(AbstractQueuedSynchronizer.java:2078)
        at java.util.concurrent.LinkedBlockingQueue.poll(LinkedBlockingQueue.java:467)
        at org.apache.hadoop.ipc.CallQueueManager.take(CallQueueManager.java:317)
        at org.apache.hadoop.ipc.Server$Handler.run(Server.java:2942)
"18b69636-199d-46b1-a155-faec2a9e6e92@group-7B1B130E40C3-StateMachineUpdater" daemon prio=5 tid=612 timed_waiting
java.lang.Thread.State: TIMED_WAITING
        at sun.misc.Unsafe.park(Native Method)
        at java.util.concurrent.locks.LockSupport.parkNanos(LockSupport.java:215)
        at java.util.concurrent.CompletableFuture$Signaller.block(CompletableFuture.java:1709)
        at java.util.concurrent.ForkJoinPool.managedBlock(ForkJoinPool.java:3323)
        at java.util.concurrent.CompletableFuture.timedGet(CompletableFuture.java:1788)
        at java.util.concurrent.CompletableFuture.get(CompletableFuture.java:1928)
        at org.apache.ratis.util.AwaitForSignal.await(AwaitForSignal.java:56)
        at org.apache.ratis.server.impl.StateMachineUpdater.waitForCommit(StateMachineUpdater.java:207)
        at org.apache.ratis.server.impl.StateMachineUpdater.run(StateMachineUpdater.java:176)
        at java.lang.Thread.run(Thread.java:750)
"qtp2135382997-463" daemon prio=5 tid=463 timed_waiting
java.lang.Thread.State: TIMED_WAITING
        at sun.misc.Unsafe.park(Native Method)
        at java.util.concurrent.locks.LockSupport.parkNanos(LockSupport.java:215)
        at java.util.concurrent.locks.AbstractQueuedSynchronizer$ConditionObject.awaitNanos(AbstractQueuedSynchronizer.java:2078)
        at org.eclipse.jetty.util.BlockingArrayQueue.poll(BlockingArrayQueue.java:382)
        at org.eclipse.jetty.util.thread.QueuedThreadPool$Runner.idleJobPoll(QueuedThreadPool.java:974)
        at org.eclipse.jetty.util.thread.QueuedThreadPool$Runner.run(QueuedThreadPool.java:1018)
        at java.lang.Thread.run(Thread.java:750)
"IPC Server handler 0 on default port 44219" daemon prio=5 tid=67 timed_waiting
java.lang.Thread.State: TIMED_WAITING
        at sun.misc.Unsafe.park(Native Method)
        at java.util.concurrent.locks.LockSupport.parkNanos(LockSupport.java:215)
        at java.util.concurrent.locks.AbstractQueuedSynchronizer$ConditionObject.awaitNanos(AbstractQueuedSynchronizer.java:2078)
        at java.util.concurrent.LinkedBlockingQueue.poll(LinkedBlockingQueue.java:467)
        at org.apache.hadoop.ipc.CallQueueManager.take(CallQueueManager.java:317)
        at org.apache.hadoop.ipc.Server$Handler.run(Server.java:2942)
"PartialTableCache Cleanup Thread - 0" daemon prio=5 tid=799 in Object.wait()
java.lang.Thread.State: WAITING (on object monitor)
        at sun.misc.Unsafe.park(Native Method)
        at java.util.concurrent.locks.LockSupport.park(LockSupport.java:175)
        at java.util.concurrent.locks.AbstractQueuedSynchronizer$ConditionObject.await(AbstractQueuedSynchronizer.java:2039)
        at java.util.concurrent.LinkedBlockingQueue.take(LinkedBlockingQueue.java:442)
        at java.util.concurrent.ThreadPoolExecutor.getTask(ThreadPoolExecutor.java:1074)
        at java.util.concurrent.ThreadPoolExecutor.runWorker(ThreadPoolExecutor.java:1134)
        at java.util.concurrent.ThreadPoolExecutor$Worker.run(ThreadPoolExecutor.java:624)
        at java.lang.Thread.run(Thread.java:750)
"pool-64-thread-1" daemon prio=5 tid=178 timed_waiting
java.lang.Thread.State: TIMED_WAITING
        at sun.misc.Unsafe.park(Native Method)
        at java.util.concurrent.locks.LockSupport.parkNanos(LockSupport.java:215)
        at java.util.concurrent.locks.AbstractQueuedSynchronizer$ConditionObject.awaitNanos(AbstractQueuedSynchronizer.java:2078)
        at java.util.concurrent.ScheduledThreadPoolExecutor$DelayedWorkQueue.take(ScheduledThreadPoolExecutor.java:1093)
        at java.util.concurrent.ScheduledThreadPoolExecutor$DelayedWorkQueue.take(ScheduledThreadPoolExecutor.java:809)
        at java.util.concurrent.ThreadPoolExecutor.getTask(ThreadPoolExecutor.java:1074)
        at java.util.concurrent.ThreadPoolExecutor.runWorker(ThreadPoolExecutor.java:1134)
        at java.util.concurrent.ThreadPoolExecutor$Worker.run(ThreadPoolExecutor.java:624)
        at java.lang.Thread.run(Thread.java:750)
"BlockDeletingService#1" daemon prio=5 tid=509 timed_waiting
java.lang.Thread.State: TIMED_WAITING
        at sun.misc.Unsafe.park(Native Method)
        at java.util.concurrent.locks.LockSupport.parkNanos(LockSupport.java:215)
        at java.util.concurrent.locks.AbstractQueuedSynchronizer$ConditionObject.awaitNanos(AbstractQueuedSynchronizer.java:2078)
        at java.util.concurrent.ScheduledThreadPoolExecutor$DelayedWorkQueue.take(ScheduledThreadPoolExecutor.java:1093)
        at java.util.concurrent.ScheduledThreadPoolExecutor$DelayedWorkQueue.take(ScheduledThreadPoolExecutor.java:809)
        at java.util.concurrent.ThreadPoolExecutor.getTask(ThreadPoolExecutor.java:1074)
        at java.util.concurrent.ThreadPoolExecutor.runWorker(ThreadPoolExecutor.java:1134)
        at java.util.concurrent.ThreadPoolExecutor$Worker.run(ThreadPoolExecutor.java:624)
        at java.lang.Thread.run(Thread.java:750)
"ChunkReader-ELG-0" daemon prio=5 tid=524 runnable
java.lang.Thread.State: RUNNABLE
        at org.apache.ratis.thirdparty.io.netty.channel.epoll.Native.epollWait(Native Method)
        at org.apache.ratis.thirdparty.io.netty.channel.epoll.Native.epollWait(Native.java:209)
        at org.apache.ratis.thirdparty.io.netty.channel.epoll.Native.epollWait(Native.java:202)
        at org.apache.ratis.thirdparty.io.netty.channel.epoll.EpollEventLoop.epollWaitNoTimerChange(EpollEventLoop.java:294)
        at org.apache.ratis.thirdparty.io.netty.channel.epoll.EpollEventLoop.run(EpollEventLoop.java:351)
        at org.apache.ratis.thirdparty.io.netty.util.concurrent.SingleThreadEventExecutor$4.run(SingleThreadEventExecutor.java:995)
        at org.apache.ratis.thirdparty.io.netty.util.internal.ThreadExecutorMap$2.run(ThreadExecutorMap.java:74)
        at java.lang.Thread.run(Thread.java:750)
"StaleRecoveringContainerScrubbingService#2" daemon prio=5 tid=939 in Object.wait()
java.lang.Thread.State: WAITING (on object monitor)
        at sun.misc.Unsafe.park(Native Method)
        at java.util.concurrent.locks.LockSupport.park(LockSupport.java:175)
        at java.util.concurrent.locks.AbstractQueuedSynchronizer$ConditionObject.await(AbstractQueuedSynchronizer.java:2039)
        at java.util.concurrent.ScheduledThreadPoolExecutor$DelayedWorkQueue.take(ScheduledThreadPoolExecutor.java:1088)
        at java.util.concurrent.ScheduledThreadPoolExecutor$DelayedWorkQueue.take(ScheduledThreadPoolExecutor.java:809)
        at java.util.concurrent.ThreadPoolExecutor.getTask(ThreadPoolExecutor.java:1074)
        at java.util.concurrent.ThreadPoolExecutor.runWorker(ThreadPoolExecutor.java:1134)
        at java.util.concurrent.ThreadPoolExecutor$Worker.run(ThreadPoolExecutor.java:624)
        at java.lang.Thread.run(Thread.java:750)
"qtp2011228831-321" daemon prio=5 tid=321 timed_waiting
java.lang.Thread.State: TIMED_WAITING
        at sun.misc.Unsafe.park(Native Method)
        at java.util.concurrent.locks.LockSupport.parkNanos(LockSupport.java:215)
        at java.util.concurrent.locks.AbstractQueuedSynchronizer$ConditionObject.awaitNanos(AbstractQueuedSynchronizer.java:2078)
        at org.eclipse.jetty.util.BlockingArrayQueue.poll(BlockingArrayQueue.java:382)
        at org.eclipse.jetty.util.thread.QueuedThreadPool$Runner.idleJobPoll(QueuedThreadPool.java:974)
        at org.eclipse.jetty.util.thread.QueuedThreadPool$Runner.run(QueuedThreadPool.java:1018)
        at java.lang.Thread.run(Thread.java:750)
"ChunkWriter-3-0" daemon prio=5 tid=547 in Object.wait()
java.lang.Thread.State: WAITING (on object monitor)
        at sun.misc.Unsafe.park(Native Method)
        at java.util.concurrent.locks.LockSupport.park(LockSupport.java:175)
        at java.util.concurrent.locks.AbstractQueuedSynchronizer$ConditionObject.await(AbstractQueuedSynchronizer.java:2039)
        at java.util.concurrent.LinkedBlockingDeque.takeFirst(LinkedBlockingDeque.java:492)
        at java.util.concurrent.LinkedBlockingDeque.take(LinkedBlockingDeque.java:680)
        at java.util.concurrent.ThreadPoolExecutor.getTask(ThreadPoolExecutor.java:1074)
        at java.util.concurrent.ThreadPoolExecutor.runWorker(ThreadPoolExecutor.java:1134)
        at java.util.concurrent.ThreadPoolExecutor$Worker.run(ThreadPoolExecutor.java:624)
        at java.lang.Thread.run(Thread.java:750)
"qtp1078491960-269" daemon prio=5 tid=269 timed_waiting
java.lang.Thread.State: TIMED_WAITING
        at sun.misc.Unsafe.park(Native Method)
        at java.util.concurrent.locks.LockSupport.parkNanos(LockSupport.java:215)
        at java.util.concurrent.locks.AbstractQueuedSynchronizer$ConditionObject.awaitNanos(AbstractQueuedSynchronizer.java:2078)
        at org.eclipse.jetty.util.BlockingArrayQueue.poll(BlockingArrayQueue.java:382)
        at org.eclipse.jetty.util.thread.QueuedThreadPool$Runner.idleJobPoll(QueuedThreadPool.java:974)
        at org.eclipse.jetty.util.thread.QueuedThreadPool$Runner.run(QueuedThreadPool.java:1018)
        at java.lang.Thread.run(Thread.java:750)
"om1@group-C5BA1605619E-LeaderStateImpl" daemon prio=5 tid=220 timed_waiting
java.lang.Thread.State: TIMED_WAITING
        at sun.misc.Unsafe.park(Native Method)
        at java.util.concurrent.locks.LockSupport.parkNanos(LockSupport.java:215)
        at java.util.concurrent.locks.AbstractQueuedSynchronizer$ConditionObject.awaitNanos(AbstractQueuedSynchronizer.java:2078)
        at java.util.concurrent.ArrayBlockingQueue.poll(ArrayBlockingQueue.java:418)
        at org.apache.ratis.server.impl.LeaderStateImpl$EventQueue.poll(LeaderStateImpl.java:159)
        at org.apache.ratis.server.impl.LeaderStateImpl$EventProcessor.run(LeaderStateImpl.java:630)
"Finalizer" daemon prio=8 tid=3 in Object.wait()
java.lang.Thread.State: WAITING (on object monitor)
        at java.lang.Object.wait(Native Method)
        at java.lang.ref.ReferenceQueue.remove(ReferenceQueue.java:144)
        at java.lang.ref.ReferenceQueue.remove(ReferenceQueue.java:165)
        at java.lang.ref.Finalizer$FinalizerThread.run(Finalizer.java:216)
"EventQueue-CommandQueueReportForCommandQueueReportHandler" daemon prio=5 tid=566 in Object.wait()
java.lang.Thread.State: WAITING (on object monitor)
        at sun.misc.Unsafe.park(Native Method)
        at java.util.concurrent.locks.LockSupport.park(LockSupport.java:175)
        at java.util.concurrent.locks.AbstractQueuedSynchronizer$ConditionObject.await(AbstractQueuedSynchronizer.java:2039)
        at java.util.concurrent.LinkedBlockingQueue.take(LinkedBlockingQueue.java:442)
        at java.util.concurrent.ThreadPoolExecutor.getTask(ThreadPoolExecutor.java:1074)
        at java.util.concurrent.ThreadPoolExecutor.runWorker(ThreadPoolExecutor.java:1134)
        at java.util.concurrent.ThreadPoolExecutor$Worker.run(ThreadPoolExecutor.java:624)
        at java.lang.Thread.run(Thread.java:750)
"qtp2135382997-457" daemon prio=5 tid=457 runnable
java.lang.Thread.State: RUNNABLE
        at sun.nio.ch.EPollArrayWrapper.epollWait(Native Method)
        at sun.nio.ch.EPollArrayWrapper.poll(EPollArrayWrapper.java:269)
        at sun.nio.ch.EPollSelectorImpl.doSelect(EPollSelectorImpl.java:93)
        at sun.nio.ch.SelectorImpl.lockAndDoSelect(SelectorImpl.java:86)
        at sun.nio.ch.SelectorImpl.select(SelectorImpl.java:97)
        at sun.nio.ch.SelectorImpl.select(SelectorImpl.java:101)
        at org.eclipse.jetty.io.ManagedSelector.nioSelect(ManagedSelector.java:183)
        at org.eclipse.jetty.io.ManagedSelector.select(ManagedSelector.java:190)
        at org.eclipse.jetty.io.ManagedSelector$SelectorProducer.select(ManagedSelector.java:606)
        at org.eclipse.jetty.io.ManagedSelector$SelectorProducer.produce(ManagedSelector.java:543)
        at org.eclipse.jetty.util.thread.strategy.EatWhatYouKill.produceTask(EatWhatYouKill.java:362)
        at org.eclipse.jetty.util.thread.strategy.EatWhatYouKill.doProduce(EatWhatYouKill.java:186)
        at org.eclipse.jetty.util.thread.strategy.EatWhatYouKill.tryProduce(EatWhatYouKill.java:173)
        at org.eclipse.jetty.util.thread.strategy.EatWhatYouKill.produce(EatWhatYouKill.java:137)
        at org.eclipse.jetty.io.ManagedSelector$$Lambda$446/1576513034.run(Unknown Source)
        at org.eclipse.jetty.util.thread.QueuedThreadPool.runJob(QueuedThreadPool.java:883)
        at org.eclipse.jetty.util.thread.QueuedThreadPool$Runner.run(QueuedThreadPool.java:1034)
        at java.lang.Thread.run(Thread.java:750)
"IPC Server handler 7 on default port 44219" daemon prio=5 tid=74 timed_waiting
java.lang.Thread.State: TIMED_WAITING
        at sun.misc.Unsafe.park(Native Method)
        at java.util.concurrent.locks.LockSupport.parkNanos(LockSupport.java:215)
        at java.util.concurrent.locks.AbstractQueuedSynchronizer$ConditionObject.awaitNanos(AbstractQueuedSynchronizer.java:2078)
        at java.util.concurrent.LinkedBlockingQueue.poll(LinkedBlockingQueue.java:467)
        at org.apache.hadoop.ipc.CallQueueManager.take(CallQueueManager.java:317)
        at org.apache.hadoop.ipc.Server$Handler.run(Server.java:2942)
"PartialTableCache Cleanup Thread - 0" daemon prio=5 tid=929 in Object.wait()
java.lang.Thread.State: WAITING (on object monitor)
        at sun.misc.Unsafe.park(Native Method)
        at java.util.concurrent.locks.LockSupport.park(LockSupport.java:175)
        at java.util.concurrent.locks.AbstractQueuedSynchronizer$ConditionObject.await(AbstractQueuedSynchronizer.java:2039)
        at java.util.concurrent.LinkedBlockingQueue.take(LinkedBlockingQueue.java:442)
        at java.util.concurrent.ThreadPoolExecutor.getTask(ThreadPoolExecutor.java:1074)
        at java.util.concurrent.ThreadPoolExecutor.runWorker(ThreadPoolExecutor.java:1134)
        at java.util.concurrent.ThreadPoolExecutor$Worker.run(ThreadPoolExecutor.java:624)
        at java.lang.Thread.run(Thread.java:750)
"EventQueue-PipelineReportForPipelineReportHandler" daemon prio=5 tid=514 in Object.wait()
java.lang.Thread.State: WAITING (on object monitor)
        at sun.misc.Unsafe.park(Native Method)
        at java.util.concurrent.locks.LockSupport.park(LockSupport.java:175)
        at java.util.concurrent.locks.AbstractQueuedSynchronizer$ConditionObject.await(AbstractQueuedSynchronizer.java:2039)
        at java.util.concurrent.LinkedBlockingQueue.take(LinkedBlockingQueue.java:442)
        at java.util.concurrent.ThreadPoolExecutor.getTask(ThreadPoolExecutor.java:1074)
        at java.util.concurrent.ThreadPoolExecutor.runWorker(ThreadPoolExecutor.java:1134)
        at java.util.concurrent.ThreadPoolExecutor$Worker.run(ThreadPoolExecutor.java:624)
        at java.lang.Thread.run(Thread.java:750)
"qtp1374355136-112" daemon prio=5 tid=112 timed_waiting
java.lang.Thread.State: TIMED_WAITING
        at sun.misc.Unsafe.park(Native Method)
        at java.util.concurrent.locks.LockSupport.parkNanos(LockSupport.java:215)
        at java.util.concurrent.locks.AbstractQueuedSynchronizer$ConditionObject.awaitNanos(AbstractQueuedSynchronizer.java:2078)
        at org.eclipse.jetty.util.BlockingArrayQueue.poll(BlockingArrayQueue.java:382)
        at org.eclipse.jetty.util.thread.QueuedThreadPool$Runner.idleJobPoll(QueuedThreadPool.java:974)
        at org.eclipse.jetty.util.thread.QueuedThreadPool$Runner.run(QueuedThreadPool.java:1018)
        at java.lang.Thread.run(Thread.java:750)
"grpc-default-worker-ELG-3-2" daemon prio=5 tid=577 runnable
java.lang.Thread.State: RUNNABLE
        at org.apache.ratis.thirdparty.io.netty.channel.epoll.Native.epollWait0(Native Method)
        at org.apache.ratis.thirdparty.io.netty.channel.epoll.Native.epollWait(Native.java:182)
        at org.apache.ratis.thirdparty.io.netty.channel.epoll.EpollEventLoop.epollWait(EpollEventLoop.java:290)
        at org.apache.ratis.thirdparty.io.netty.channel.epoll.EpollEventLoop.run(EpollEventLoop.java:354)
        at org.apache.ratis.thirdparty.io.netty.util.concurrent.SingleThreadEventExecutor$4.run(SingleThreadEventExecutor.java:995)
        at org.apache.ratis.thirdparty.io.netty.util.internal.ThreadExecutorMap$2.run(ThreadExecutorMap.java:74)
        at org.apache.ratis.thirdparty.io.netty.util.concurrent.FastThreadLocalRunnable.run(FastThreadLocalRunnable.java:30)
        at java.lang.Thread.run(Thread.java:750)
"qtp1078491960-271" daemon prio=5 tid=271 timed_waiting
java.lang.Thread.State: TIMED_WAITING
        at sun.misc.Unsafe.park(Native Method)
        at java.util.concurrent.locks.LockSupport.parkNanos(LockSupport.java:215)
        at java.util.concurrent.locks.AbstractQueuedSynchronizer$ConditionObject.awaitNanos(AbstractQueuedSynchronizer.java:2078)
        at org.eclipse.jetty.util.BlockingArrayQueue.poll(BlockingArrayQueue.java:382)
        at org.eclipse.jetty.util.thread.QueuedThreadPool$Runner.idleJobPoll(QueuedThreadPool.java:974)
        at org.eclipse.jetty.util.thread.QueuedThreadPool$Runner.run(QueuedThreadPool.java:1018)
        at java.lang.Thread.run(Thread.java:750)
"0dd4671e-e5ba-49c8-8afe-be056577c247@group-D3D5B8692D3E-StateMachineUpdater" daemon prio=5 tid=651 timed_waiting
java.lang.Thread.State: TIMED_WAITING
        at sun.misc.Unsafe.park(Native Method)
        at java.util.concurrent.locks.LockSupport.parkNanos(LockSupport.java:215)
        at java.util.concurrent.CompletableFuture$Signaller.block(CompletableFuture.java:1709)
        at java.util.concurrent.ForkJoinPool.managedBlock(ForkJoinPool.java:3323)
        at java.util.concurrent.CompletableFuture.timedGet(CompletableFuture.java:1788)
        at java.util.concurrent.CompletableFuture.get(CompletableFuture.java:1928)
        at org.apache.ratis.util.AwaitForSignal.await(AwaitForSignal.java:56)
        at org.apache.ratis.server.impl.StateMachineUpdater.waitForCommit(StateMachineUpdater.java:207)
        at org.apache.ratis.server.impl.StateMachineUpdater.run(StateMachineUpdater.java:176)
        at java.lang.Thread.run(Thread.java:750)
"qtp1581909647-296" daemon prio=5 tid=296 timed_waiting
java.lang.Thread.State: TIMED_WAITING
        at sun.misc.Unsafe.park(Native Method)
        at java.util.concurrent.locks.LockSupport.parkNanos(LockSupport.java:215)
        at java.util.concurrent.locks.AbstractQueuedSynchronizer$ConditionObject.awaitNanos(AbstractQueuedSynchronizer.java:2078)
        at org.eclipse.jetty.util.BlockingArrayQueue.poll(BlockingArrayQueue.java:382)
        at org.eclipse.jetty.util.thread.QueuedThreadPool$Runner.idleJobPoll(QueuedThreadPool.java:974)
        at org.eclipse.jetty.util.thread.QueuedThreadPool$Runner.run(QueuedThreadPool.java:1018)
        at java.lang.Thread.run(Thread.java:750)
"Periodic HDDS volume checker" daemon prio=5 tid=176 timed_waiting
java.lang.Thread.State: TIMED_WAITING
        at sun.misc.Unsafe.park(Native Method)
        at java.util.concurrent.locks.LockSupport.parkNanos(LockSupport.java:215)
        at java.util.concurrent.locks.AbstractQueuedSynchronizer$ConditionObject.awaitNanos(AbstractQueuedSynchronizer.java:2078)
        at java.util.concurrent.ScheduledThreadPoolExecutor$DelayedWorkQueue.take(ScheduledThreadPoolExecutor.java:1093)
        at java.util.concurrent.ScheduledThreadPoolExecutor$DelayedWorkQueue.take(ScheduledThreadPoolExecutor.java:809)
        at java.util.concurrent.ThreadPoolExecutor.getTask(ThreadPoolExecutor.java:1074)
        at java.util.concurrent.ThreadPoolExecutor.runWorker(ThreadPoolExecutor.java:1134)
        at java.util.concurrent.ThreadPoolExecutor$Worker.run(ThreadPoolExecutor.java:624)
        at java.lang.Thread.run(Thread.java:750)
"qtp1374355136-110" daemon prio=5 tid=110 runnable
java.lang.Thread.State: RUNNABLE
        at sun.nio.ch.EPollArrayWrapper.epollWait(Native Method)
        at sun.nio.ch.EPollArrayWrapper.poll(EPollArrayWrapper.java:269)
        at sun.nio.ch.EPollSelectorImpl.doSelect(EPollSelectorImpl.java:93)
        at sun.nio.ch.SelectorImpl.lockAndDoSelect(SelectorImpl.java:86)
        at sun.nio.ch.SelectorImpl.select(SelectorImpl.java:97)
        at sun.nio.ch.SelectorImpl.select(SelectorImpl.java:101)
        at org.eclipse.jetty.io.ManagedSelector.nioSelect(ManagedSelector.java:183)
        at org.eclipse.jetty.io.ManagedSelector.select(ManagedSelector.java:190)
        at org.eclipse.jetty.io.ManagedSelector$SelectorProducer.select(ManagedSelector.java:606)
        at org.eclipse.jetty.io.ManagedSelector$SelectorProducer.produce(ManagedSelector.java:543)
        at org.eclipse.jetty.util.thread.strategy.EatWhatYouKill.produceTask(EatWhatYouKill.java:362)
        at org.eclipse.jetty.util.thread.strategy.EatWhatYouKill.doProduce(EatWhatYouKill.java:186)
        at org.eclipse.jetty.util.thread.strategy.EatWhatYouKill.tryProduce(EatWhatYouKill.java:173)
        at org.eclipse.jetty.util.thread.strategy.EatWhatYouKill.produce(EatWhatYouKill.java:137)
        at org.eclipse.jetty.io.ManagedSelector$$Lambda$446/1576513034.run(Unknown Source)
        at org.eclipse.jetty.util.thread.QueuedThreadPool.runJob(QueuedThreadPool.java:883)
        at org.eclipse.jetty.util.thread.QueuedThreadPool$Runner.run(QueuedThreadPool.java:1034)
        at java.lang.Thread.run(Thread.java:750)
"47355ef6-248e-415d-99d1-f00ca16e1642@group-D39F9C32CD8E-LeaderStateImpl" daemon prio=5 tid=862 timed_waiting
java.lang.Thread.State: TIMED_WAITING
        at sun.misc.Unsafe.park(Native Method)
        at java.util.concurrent.locks.LockSupport.parkNanos(LockSupport.java:215)
        at java.util.concurrent.locks.AbstractQueuedSynchronizer$ConditionObject.awaitNanos(AbstractQueuedSynchronizer.java:2078)
        at java.util.concurrent.ArrayBlockingQueue.poll(ArrayBlockingQueue.java:418)
        at org.apache.ratis.server.impl.LeaderStateImpl$EventQueue.poll(LeaderStateImpl.java:159)
        at org.apache.ratis.server.impl.LeaderStateImpl$EventProcessor.run(LeaderStateImpl.java:630)
"Datanode ReportManager Thread - 4" daemon prio=5 tid=407 in Object.wait()
java.lang.Thread.State: WAITING (on object monitor)
        at sun.misc.Unsafe.park(Native Method)
        at java.util.concurrent.locks.LockSupport.park(LockSupport.java:175)
        at java.util.concurrent.locks.AbstractQueuedSynchronizer$ConditionObject.await(AbstractQueuedSynchronizer.java:2039)
        at java.util.concurrent.ScheduledThreadPoolExecutor$DelayedWorkQueue.take(ScheduledThreadPoolExecutor.java:1088)
        at java.util.concurrent.ScheduledThreadPoolExecutor$DelayedWorkQueue.take(ScheduledThreadPoolExecutor.java:809)
        at java.util.concurrent.ThreadPoolExecutor.getTask(ThreadPoolExecutor.java:1074)
        at java.util.concurrent.ThreadPoolExecutor.runWorker(ThreadPoolExecutor.java:1134)
        at java.util.concurrent.ThreadPoolExecutor$Worker.run(ThreadPoolExecutor.java:624)
        at java.lang.Thread.run(Thread.java:750)
"qtp1298279735-348" daemon prio=5 tid=348 timed_waiting
java.lang.Thread.State: TIMED_WAITING
        at sun.misc.Unsafe.park(Native Method)
        at java.util.concurrent.locks.LockSupport.parkNanos(LockSupport.java:215)
        at java.util.concurrent.locks.AbstractQueuedSynchronizer$ConditionObject.awaitNanos(AbstractQueuedSynchronizer.java:2078)
        at org.eclipse.jetty.util.BlockingArrayQueue.poll(BlockingArrayQueue.java:382)
        at org.eclipse.jetty.util.thread.QueuedThreadPool$Runner.idleJobPoll(QueuedThreadPool.java:974)
        at org.eclipse.jetty.util.thread.QueuedThreadPool$Runner.run(QueuedThreadPool.java:1018)
        at java.lang.Thread.run(Thread.java:750)
"qtp743713322-238" daemon prio=5 tid=238 runnable
java.lang.Thread.State: RUNNABLE
        at sun.nio.ch.EPollArrayWrapper.epollWait(Native Method)
        at sun.nio.ch.EPollArrayWrapper.poll(EPollArrayWrapper.java:269)
        at sun.nio.ch.EPollSelectorImpl.doSelect(EPollSelectorImpl.java:93)
        at sun.nio.ch.SelectorImpl.lockAndDoSelect(SelectorImpl.java:86)
        at sun.nio.ch.SelectorImpl.select(SelectorImpl.java:97)
        at sun.nio.ch.SelectorImpl.select(SelectorImpl.java:101)
        at org.eclipse.jetty.io.ManagedSelector.nioSelect(ManagedSelector.java:183)
        at org.eclipse.jetty.io.ManagedSelector.select(ManagedSelector.java:190)
        at org.eclipse.jetty.io.ManagedSelector$SelectorProducer.select(ManagedSelector.java:606)
        at org.eclipse.jetty.io.ManagedSelector$SelectorProducer.produce(ManagedSelector.java:543)
        at org.eclipse.jetty.util.thread.strategy.EatWhatYouKill.produceTask(EatWhatYouKill.java:362)
        at org.eclipse.jetty.util.thread.strategy.EatWhatYouKill.doProduce(EatWhatYouKill.java:186)
        at org.eclipse.jetty.util.thread.strategy.EatWhatYouKill.tryProduce(EatWhatYouKill.java:173)
        at org.eclipse.jetty.util.thread.strategy.EatWhatYouKill.produce(EatWhatYouKill.java:137)
        at org.eclipse.jetty.io.ManagedSelector$$Lambda$446/1576513034.run(Unknown Source)
        at org.eclipse.jetty.util.thread.QueuedThreadPool.runJob(QueuedThreadPool.java:883)
        at org.eclipse.jetty.util.thread.QueuedThreadPool$Runner.run(QueuedThreadPool.java:1034)
        at java.lang.Thread.run(Thread.java:750)
"qtp966253930-185-acceptor-0@139ec4fc-ServerConnector@18ae9e1b{HTTP/1.1, (http/1.1)}{0.0.0.0:42765}" daemon prio=3 tid=185 runnable
java.lang.Thread.State: RUNNABLE
        at sun.nio.ch.ServerSocketChannelImpl.accept0(Native Method)
        at sun.nio.ch.ServerSocketChannelImpl.accept(ServerSocketChannelImpl.java:421)
        at sun.nio.ch.ServerSocketChannelImpl.accept(ServerSocketChannelImpl.java:249)
        at org.eclipse.jetty.server.ServerConnector.accept(ServerConnector.java:388)
        at org.eclipse.jetty.server.AbstractConnector$Acceptor.run(AbstractConnector.java:704)
        at org.eclipse.jetty.util.thread.QueuedThreadPool.runJob(QueuedThreadPool.java:883)
        at org.eclipse.jetty.util.thread.QueuedThreadPool$Runner.run(QueuedThreadPool.java:1034)
        at java.lang.Thread.run(Thread.java:750)
"8d3760b1-f0ab-49a5-9c8a-a39ea99f9aab@group-2BBF2C51CC02-LeaderStateImpl" daemon prio=5 tid=692 timed_waiting
java.lang.Thread.State: TIMED_WAITING
        at sun.misc.Unsafe.park(Native Method)
        at java.util.concurrent.locks.LockSupport.parkNanos(LockSupport.java:215)
        at java.util.concurrent.locks.AbstractQueuedSynchronizer$ConditionObject.awaitNanos(AbstractQueuedSynchronizer.java:2078)
        at java.util.concurrent.ArrayBlockingQueue.poll(ArrayBlockingQueue.java:418)
        at org.apache.ratis.server.impl.LeaderStateImpl$EventQueue.poll(LeaderStateImpl.java:159)
        at org.apache.ratis.server.impl.LeaderStateImpl$EventProcessor.run(LeaderStateImpl.java:630)
"IPC Server handler 11 on default port 44219" daemon prio=5 tid=78 timed_waiting
java.lang.Thread.State: TIMED_WAITING
        at sun.misc.Unsafe.park(Native Method)
        at java.util.concurrent.locks.LockSupport.parkNanos(LockSupport.java:215)
        at java.util.concurrent.locks.AbstractQueuedSynchronizer$ConditionObject.awaitNanos(AbstractQueuedSynchronizer.java:2078)
        at java.util.concurrent.LinkedBlockingQueue.poll(LinkedBlockingQueue.java:467)
        at org.apache.hadoop.ipc.CallQueueManager.take(CallQueueManager.java:317)
        at org.apache.hadoop.ipc.Server$Handler.run(Server.java:2942)
"Datanode ReportManager Thread - 2" daemon prio=5 tid=250 timed_waiting
java.lang.Thread.State: TIMED_WAITING
        at sun.misc.Unsafe.park(Native Method)
        at java.util.concurrent.locks.LockSupport.parkNanos(LockSupport.java:215)
        at java.util.concurrent.locks.AbstractQueuedSynchronizer$ConditionObject.awaitNanos(AbstractQueuedSynchronizer.java:2078)
        at java.util.concurrent.ScheduledThreadPoolExecutor$DelayedWorkQueue.take(ScheduledThreadPoolExecutor.java:1093)
        at java.util.concurrent.ScheduledThreadPoolExecutor$DelayedWorkQueue.take(ScheduledThreadPoolExecutor.java:809)
        at java.util.concurrent.ThreadPoolExecutor.getTask(ThreadPoolExecutor.java:1074)
        at java.util.concurrent.ThreadPoolExecutor.runWorker(ThreadPoolExecutor.java:1134)
        at java.util.concurrent.ThreadPoolExecutor$Worker.run(ThreadPoolExecutor.java:624)
        at java.lang.Thread.run(Thread.java:750)
"qtp1593771601-425" daemon prio=5 tid=425 timed_waiting
java.lang.Thread.State: TIMED_WAITING
        at sun.misc.Unsafe.park(Native Method)
        at java.util.concurrent.locks.LockSupport.parkNanos(LockSupport.java:215)
        at java.util.concurrent.locks.AbstractQueuedSynchronizer$ConditionObject.awaitNanos(AbstractQueuedSynchronizer.java:2078)
        at org.eclipse.jetty.util.BlockingArrayQueue.poll(BlockingArrayQueue.java:382)
        at org.eclipse.jetty.util.thread.QueuedThreadPool$Runner.idleJobPoll(QueuedThreadPool.java:974)
        at org.eclipse.jetty.util.thread.QueuedThreadPool$Runner.run(QueuedThreadPool.java:1018)
        at java.lang.Thread.run(Thread.java:750)
"Datanode ReportManager Thread - 1" daemon prio=5 tid=480 timed_waiting
java.lang.Thread.State: TIMED_WAITING
        at sun.misc.Unsafe.park(Native Method)
        at java.util.concurrent.locks.LockSupport.parkNanos(LockSupport.java:215)
        at java.util.concurrent.locks.AbstractQueuedSynchronizer$ConditionObject.awaitNanos(AbstractQueuedSynchronizer.java:2078)
        at java.util.concurrent.ScheduledThreadPoolExecutor$DelayedWorkQueue.take(ScheduledThreadPoolExecutor.java:1093)
        at java.util.concurrent.ScheduledThreadPoolExecutor$DelayedWorkQueue.take(ScheduledThreadPoolExecutor.java:809)
        at java.util.concurrent.ThreadPoolExecutor.getTask(ThreadPoolExecutor.java:1074)
        at java.util.concurrent.ThreadPoolExecutor.runWorker(ThreadPoolExecutor.java:1134)
        at java.util.concurrent.ThreadPoolExecutor$Worker.run(ThreadPoolExecutor.java:624)
        at java.lang.Thread.run(Thread.java:750)
"5b5b9152-5d2c-4522-9940-e93bc8d8546d-server-thread3" daemon prio=5 tid=928 timed_waiting
java.lang.Thread.State: TIMED_WAITING
        at sun.misc.Unsafe.park(Native Method)
        at java.util.concurrent.locks.LockSupport.parkNanos(LockSupport.java:215)
        at java.util.concurrent.SynchronousQueue$TransferStack.awaitFulfill(SynchronousQueue.java:460)
        at java.util.concurrent.SynchronousQueue$TransferStack.transfer(SynchronousQueue.java:362)
        at java.util.concurrent.SynchronousQueue.poll(SynchronousQueue.java:941)
        at java.util.concurrent.ThreadPoolExecutor.getTask(ThreadPoolExecutor.java:1073)
        at java.util.concurrent.ThreadPoolExecutor.runWorker(ThreadPoolExecutor.java:1134)
        at java.util.concurrent.ThreadPoolExecutor$Worker.run(ThreadPoolExecutor.java:624)
        at java.lang.Thread.run(Thread.java:750)
"qtp410671928-150" daemon prio=5 tid=150 timed_waiting
java.lang.Thread.State: TIMED_WAITING
        at sun.misc.Unsafe.park(Native Method)
        at java.util.concurrent.locks.LockSupport.parkNanos(LockSupport.java:215)
        at java.util.concurrent.locks.AbstractQueuedSynchronizer$ConditionObject.awaitNanos(AbstractQueuedSynchronizer.java:2078)
        at org.eclipse.jetty.util.BlockingArrayQueue.poll(BlockingArrayQueue.java:382)
        at org.eclipse.jetty.util.thread.QueuedThreadPool$Runner.idleJobPoll(QueuedThreadPool.java:974)
        at org.eclipse.jetty.util.thread.QueuedThreadPool$Runner.run(QueuedThreadPool.java:1018)
        at java.lang.Thread.run(Thread.java:750)
"ChunkReader-2" daemon prio=5 tid=793 in Object.wait()
java.lang.Thread.State: WAITING (on object monitor)
        at sun.misc.Unsafe.park(Native Method)
        at java.util.concurrent.locks.LockSupport.park(LockSupport.java:175)
        at java.util.concurrent.locks.AbstractQueuedSynchronizer$ConditionObject.await(AbstractQueuedSynchronizer.java:2039)
        at java.util.concurrent.LinkedBlockingQueue.take(LinkedBlockingQueue.java:442)
        at java.util.concurrent.ThreadPoolExecutor.getTask(ThreadPoolExecutor.java:1074)
        at java.util.concurrent.ThreadPoolExecutor.runWorker(ThreadPoolExecutor.java:1134)
        at java.util.concurrent.ThreadPoolExecutor$Worker.run(ThreadPoolExecutor.java:624)
        at java.lang.Thread.run(Thread.java:750)
"Datanode ReportManager Thread - 3" daemon prio=5 tid=197 timed_waiting
java.lang.Thread.State: TIMED_WAITING
        at sun.misc.Unsafe.park(Native Method)
        at java.util.concurrent.locks.LockSupport.parkNanos(LockSupport.java:215)
        at java.util.concurrent.locks.AbstractQueuedSynchronizer$ConditionObject.awaitNanos(AbstractQueuedSynchronizer.java:2078)
        at java.util.concurrent.ScheduledThreadPoolExecutor$DelayedWorkQueue.take(ScheduledThreadPoolExecutor.java:1093)
        at java.util.concurrent.ScheduledThreadPoolExecutor$DelayedWorkQueue.take(ScheduledThreadPoolExecutor.java:809)
        at java.util.concurrent.ThreadPoolExecutor.getTask(ThreadPoolExecutor.java:1074)
        at java.util.concurrent.ThreadPoolExecutor.runWorker(ThreadPoolExecutor.java:1134)
        at java.util.concurrent.ThreadPoolExecutor$Worker.run(ThreadPoolExecutor.java:624)
        at java.lang.Thread.run(Thread.java:750)
"IPC Server handler 7 on default port 35095" daemon prio=5 tid=161 timed_waiting
java.lang.Thread.State: TIMED_WAITING
        at sun.misc.Unsafe.park(Native Method)
        at java.util.concurrent.locks.LockSupport.parkNanos(LockSupport.java:215)
        at java.util.concurrent.locks.AbstractQueuedSynchronizer$ConditionObject.awaitNanos(AbstractQueuedSynchronizer.java:2078)
        at java.util.concurrent.LinkedBlockingQueue.poll(LinkedBlockingQueue.java:467)
        at org.apache.hadoop.ipc.CallQueueManager.take(CallQueueManager.java:317)
        at org.apache.hadoop.ipc.Server$Handler.run(Server.java:2942)
"PartialTableCache Cleanup Thread - 0" daemon prio=5 tid=771 in Object.wait()
java.lang.Thread.State: WAITING (on object monitor)
        at sun.misc.Unsafe.park(Native Method)
        at java.util.concurrent.locks.LockSupport.park(LockSupport.java:175)
        at java.util.concurrent.locks.AbstractQueuedSynchronizer$ConditionObject.await(AbstractQueuedSynchronizer.java:2039)
        at java.util.concurrent.LinkedBlockingQueue.take(LinkedBlockingQueue.java:442)
        at java.util.concurrent.ThreadPoolExecutor.getTask(ThreadPoolExecutor.java:1074)
        at java.util.concurrent.ThreadPoolExecutor.runWorker(ThreadPoolExecutor.java:1134)
        at java.util.concurrent.ThreadPoolExecutor$Worker.run(ThreadPoolExecutor.java:624)
        at java.lang.Thread.run(Thread.java:750)
"Session-HouseKeeper-5b4b6f3b-1"  prio=5 tid=118 timed_waiting
java.lang.Thread.State: TIMED_WAITING
        at sun.misc.Unsafe.park(Native Method)
        at java.util.concurrent.locks.LockSupport.parkNanos(LockSupport.java:215)
        at java.util.concurrent.locks.AbstractQueuedSynchronizer$ConditionObject.awaitNanos(AbstractQueuedSynchronizer.java:2078)
        at java.util.concurrent.ScheduledThreadPoolExecutor$DelayedWorkQueue.take(ScheduledThreadPoolExecutor.java:1093)
        at java.util.concurrent.ScheduledThreadPoolExecutor$DelayedWorkQueue.take(ScheduledThreadPoolExecutor.java:809)
        at java.util.concurrent.ThreadPoolExecutor.getTask(ThreadPoolExecutor.java:1074)
        at java.util.concurrent.ThreadPoolExecutor.runWorker(ThreadPoolExecutor.java:1134)
        at java.util.concurrent.ThreadPoolExecutor$Worker.run(ThreadPoolExecutor.java:624)
        at java.lang.Thread.run(Thread.java:750)
"Datanode ReportManager Thread - 1" daemon prio=5 tid=356 in Object.wait()
java.lang.Thread.State: WAITING (on object monitor)
        at sun.misc.Unsafe.park(Native Method)
        at java.util.concurrent.locks.LockSupport.park(LockSupport.java:175)
        at java.util.concurrent.locks.AbstractQueuedSynchronizer$ConditionObject.await(AbstractQueuedSynchronizer.java:2039)
        at java.util.concurrent.ScheduledThreadPoolExecutor$DelayedWorkQueue.take(ScheduledThreadPoolExecutor.java:1088)
        at java.util.concurrent.ScheduledThreadPoolExecutor$DelayedWorkQueue.take(ScheduledThreadPoolExecutor.java:809)
        at java.util.concurrent.ThreadPoolExecutor.getTask(ThreadPoolExecutor.java:1074)
        at java.util.concurrent.ThreadPoolExecutor.runWorker(ThreadPoolExecutor.java:1134)
        at java.util.concurrent.ThreadPoolExecutor$Worker.run(ThreadPoolExecutor.java:624)
        at java.lang.Thread.run(Thread.java:750)
"BlockDeletingService#0" daemon prio=5 tid=436 in Object.wait()
java.lang.Thread.State: WAITING (on object monitor)
        at sun.misc.Unsafe.park(Native Method)
        at java.util.concurrent.locks.LockSupport.park(LockSupport.java:175)
        at java.util.concurrent.locks.AbstractQueuedSynchronizer$ConditionObject.await(AbstractQueuedSynchronizer.java:2039)
        at java.util.concurrent.ScheduledThreadPoolExecutor$DelayedWorkQueue.take(ScheduledThreadPoolExecutor.java:1088)
        at java.util.concurrent.ScheduledThreadPoolExecutor$DelayedWorkQueue.take(ScheduledThreadPoolExecutor.java:809)
        at java.util.concurrent.ThreadPoolExecutor.getTask(ThreadPoolExecutor.java:1074)
        at java.util.concurrent.ThreadPoolExecutor.runWorker(ThreadPoolExecutor.java:1134)
        at java.util.concurrent.ThreadPoolExecutor$Worker.run(ThreadPoolExecutor.java:624)
        at java.lang.Thread.run(Thread.java:750)
"pool-134-thread-1" daemon prio=5 tid=259 timed_waiting
java.lang.Thread.State: TIMED_WAITING
        at sun.misc.Unsafe.park(Native Method)
        at java.util.concurrent.locks.LockSupport.parkNanos(LockSupport.java:215)
        at java.util.concurrent.locks.AbstractQueuedSynchronizer$ConditionObject.awaitNanos(AbstractQueuedSynchronizer.java:2078)
        at java.util.concurrent.ScheduledThreadPoolExecutor$DelayedWorkQueue.take(ScheduledThreadPoolExecutor.java:1093)
        at java.util.concurrent.ScheduledThreadPoolExecutor$DelayedWorkQueue.take(ScheduledThreadPoolExecutor.java:809)
        at java.util.concurrent.ThreadPoolExecutor.getTask(ThreadPoolExecutor.java:1074)
        at java.util.concurrent.ThreadPoolExecutor.runWorker(ThreadPoolExecutor.java:1134)
        at java.util.concurrent.ThreadPoolExecutor$Worker.run(ThreadPoolExecutor.java:624)
        at java.lang.Thread.run(Thread.java:750)
"IPC Server handler 9 on default port 43187" daemon prio=5 tid=96 timed_waiting
java.lang.Thread.State: TIMED_WAITING
        at sun.misc.Unsafe.park(Native Method)
        at java.util.concurrent.locks.LockSupport.parkNanos(LockSupport.java:215)
        at java.util.concurrent.locks.AbstractQueuedSynchronizer$ConditionObject.awaitNanos(AbstractQueuedSynchronizer.java:2078)
        at java.util.concurrent.LinkedBlockingQueue.poll(LinkedBlockingQueue.java:467)
        at org.apache.hadoop.ipc.CallQueueManager.take(CallQueueManager.java:317)
        at org.apache.hadoop.ipc.Server$Handler.run(Server.java:2942)
"timer3" daemon prio=5 tid=743 timed_waiting
java.lang.Thread.State: TIMED_WAITING
        at java.lang.Object.wait(Native Method)
        at java.util.TimerThread.mainLoop(Timer.java:552)
        at java.util.TimerThread.run(Timer.java:505)
"IPC Server handler 0 on default port 35095" daemon prio=5 tid=154 timed_waiting
java.lang.Thread.State: TIMED_WAITING
        at sun.misc.Unsafe.park(Native Method)
        at java.util.concurrent.locks.LockSupport.parkNanos(LockSupport.java:215)
        at java.util.concurrent.locks.AbstractQueuedSynchronizer$ConditionObject.awaitNanos(AbstractQueuedSynchronizer.java:2078)
        at java.util.concurrent.LinkedBlockingQueue.poll(LinkedBlockingQueue.java:467)
        at org.apache.hadoop.ipc.CallQueueManager.take(CallQueueManager.java:317)
        at org.apache.hadoop.ipc.Server$Handler.run(Server.java:2942)
"IPC Server handler 4 on default port 44219" daemon prio=5 tid=71 timed_waiting
java.lang.Thread.State: TIMED_WAITING
        at sun.misc.Unsafe.park(Native Method)
        at java.util.concurrent.locks.LockSupport.parkNanos(LockSupport.java:215)
        at java.util.concurrent.locks.AbstractQueuedSynchronizer$ConditionObject.awaitNanos(AbstractQueuedSynchronizer.java:2078)
        at java.util.concurrent.LinkedBlockingQueue.poll(LinkedBlockingQueue.java:467)
        at org.apache.hadoop.ipc.CallQueueManager.take(CallQueueManager.java:317)
        at org.apache.hadoop.ipc.Server$Handler.run(Server.java:2942)
"qtp1010968386-387" daemon prio=5 tid=387 timed_waiting
java.lang.Thread.State: TIMED_WAITING
        at sun.misc.Unsafe.park(Native Method)
        at java.util.concurrent.locks.LockSupport.parkNanos(LockSupport.java:215)
        at java.util.concurrent.locks.AbstractQueuedSynchronizer$ConditionObject.awaitNanos(AbstractQueuedSynchronizer.java:2078)
        at org.eclipse.jetty.util.BlockingArrayQueue.poll(BlockingArrayQueue.java:382)
        at org.eclipse.jetty.util.thread.QueuedThreadPool$Runner.idleJobPoll(QueuedThreadPool.java:974)
        at org.eclipse.jetty.util.thread.QueuedThreadPool$Runner.run(QueuedThreadPool.java:1018)
        at java.lang.Thread.run(Thread.java:750)
"ChunkReader-ELG-0" daemon prio=5 tid=368 runnable
java.lang.Thread.State: RUNNABLE
        at org.apache.ratis.thirdparty.io.netty.channel.epoll.Native.epollWait0(Native Method)
        at org.apache.ratis.thirdparty.io.netty.channel.epoll.Native.epollWait(Native.java:182)
        at org.apache.ratis.thirdparty.io.netty.channel.epoll.EpollEventLoop.epollWait(EpollEventLoop.java:290)
        at org.apache.ratis.thirdparty.io.netty.channel.epoll.EpollEventLoop.run(EpollEventLoop.java:354)
        at org.apache.ratis.thirdparty.io.netty.util.concurrent.SingleThreadEventExecutor$4.run(SingleThreadEventExecutor.java:995)
        at org.apache.ratis.thirdparty.io.netty.util.internal.ThreadExecutorMap$2.run(ThreadExecutorMap.java:74)
        at java.lang.Thread.run(Thread.java:750)
"EventQueue-StaleNodeForStaleNodeHandler" daemon prio=5 tid=835 in Object.wait()
java.lang.Thread.State: WAITING (on object monitor)
        at sun.misc.Unsafe.park(Native Method)
        at java.util.concurrent.locks.LockSupport.park(LockSupport.java:175)
        at java.util.concurrent.locks.AbstractQueuedSynchronizer$ConditionObject.await(AbstractQueuedSynchronizer.java:2039)
        at java.util.concurrent.LinkedBlockingQueue.take(LinkedBlockingQueue.java:442)
        at java.util.concurrent.ThreadPoolExecutor.getTask(ThreadPoolExecutor.java:1074)
        at java.util.concurrent.ThreadPoolExecutor.runWorker(ThreadPoolExecutor.java:1134)
        at java.util.concurrent.ThreadPoolExecutor$Worker.run(ThreadPoolExecutor.java:624)
        at java.lang.Thread.run(Thread.java:750)
"qtp1298279735-345" daemon prio=5 tid=345 timed_waiting
java.lang.Thread.State: TIMED_WAITING
        at sun.misc.Unsafe.park(Native Method)
        at java.util.concurrent.locks.LockSupport.parkNanos(LockSupport.java:215)
        at java.util.concurrent.locks.AbstractQueuedSynchronizer$ConditionObject.awaitNanos(AbstractQueuedSynchronizer.java:2078)
        at org.eclipse.jetty.util.BlockingArrayQueue.poll(BlockingArrayQueue.java:382)
        at org.eclipse.jetty.util.thread.QueuedThreadPool$Runner.idleJobPoll(QueuedThreadPool.java:974)
        at org.eclipse.jetty.util.thread.QueuedThreadPool$Runner.run(QueuedThreadPool.java:1018)
        at java.lang.Thread.run(Thread.java:750)
"qtp1010968386-382-acceptor-0@585b361e-ServerConnector@22651b3a{HTTP/1.1, (http/1.1)}{0.0.0.0:41159}" daemon prio=3 tid=382 runnable
java.lang.Thread.State: RUNNABLE
        at sun.nio.ch.ServerSocketChannelImpl.accept0(Native Method)
        at sun.nio.ch.ServerSocketChannelImpl.accept(ServerSocketChannelImpl.java:421)
        at sun.nio.ch.ServerSocketChannelImpl.accept(ServerSocketChannelImpl.java:249)
        at org.eclipse.jetty.server.ServerConnector.accept(ServerConnector.java:388)
        at org.eclipse.jetty.server.AbstractConnector$Acceptor.run(AbstractConnector.java:704)
        at org.eclipse.jetty.util.thread.QueuedThreadPool.runJob(QueuedThreadPool.java:883)
        at org.eclipse.jetty.util.thread.QueuedThreadPool$Runner.run(QueuedThreadPool.java:1034)
        at java.lang.Thread.run(Thread.java:750)
"Datanode State Machine Task Thread - 1"  prio=5 tid=517 in Object.wait()
java.lang.Thread.State: WAITING (on object monitor)
        at sun.misc.Unsafe.park(Native Method)
        at java.util.concurrent.locks.LockSupport.park(LockSupport.java:175)
        at java.util.concurrent.locks.AbstractQueuedSynchronizer$ConditionObject.await(AbstractQueuedSynchronizer.java:2039)
        at java.util.concurrent.LinkedBlockingQueue.take(LinkedBlockingQueue.java:442)
        at java.util.concurrent.ThreadPoolExecutor.getTask(ThreadPoolExecutor.java:1074)
        at java.util.concurrent.ThreadPoolExecutor.runWorker(ThreadPoolExecutor.java:1134)
        at java.util.concurrent.ThreadPoolExecutor$Worker.run(ThreadPoolExecutor.java:624)
        at java.lang.Thread.run(Thread.java:750)
"Datanode ReportManager Thread - 2" daemon prio=5 tid=443 timed_waiting
java.lang.Thread.State: TIMED_WAITING
        at sun.misc.Unsafe.park(Native Method)
        at java.util.concurrent.locks.LockSupport.parkNanos(LockSupport.java:215)
        at java.util.concurrent.locks.AbstractQueuedSynchronizer$ConditionObject.awaitNanos(AbstractQueuedSynchronizer.java:2078)
        at java.util.concurrent.ScheduledThreadPoolExecutor$DelayedWorkQueue.take(ScheduledThreadPoolExecutor.java:1093)
        at java.util.concurrent.ScheduledThreadPoolExecutor$DelayedWorkQueue.take(ScheduledThreadPoolExecutor.java:809)
        at java.util.concurrent.ThreadPoolExecutor.getTask(ThreadPoolExecutor.java:1074)
        at java.util.concurrent.ThreadPoolExecutor.runWorker(ThreadPoolExecutor.java:1134)
        at java.util.concurrent.ThreadPoolExecutor$Worker.run(ThreadPoolExecutor.java:624)
        at java.lang.Thread.run(Thread.java:750)
"IPC Server handler 10 on default port 44219" daemon prio=5 tid=77 timed_waiting
java.lang.Thread.State: TIMED_WAITING
        at sun.misc.Unsafe.park(Native Method)
        at java.util.concurrent.locks.LockSupport.parkNanos(LockSupport.java:215)
        at java.util.concurrent.locks.AbstractQueuedSynchronizer$ConditionObject.awaitNanos(AbstractQueuedSynchronizer.java:2078)
        at java.util.concurrent.LinkedBlockingQueue.poll(LinkedBlockingQueue.java:467)
        at org.apache.hadoop.ipc.CallQueueManager.take(CallQueueManager.java:317)
        at org.apache.hadoop.ipc.Server$Handler.run(Server.java:2942)
"EndpointStateMachine task thread for /0.0.0.0:43187 - 0 "  prio=5 tid=543 in Object.wait()
java.lang.Thread.State: WAITING (on object monitor)
        at sun.misc.Unsafe.park(Native Method)
        at java.util.concurrent.locks.LockSupport.park(LockSupport.java:175)
        at java.util.concurrent.locks.AbstractQueuedSynchronizer$ConditionObject.await(AbstractQueuedSynchronizer.java:2039)
        at java.util.concurrent.LinkedBlockingQueue.take(LinkedBlockingQueue.java:442)
        at java.util.concurrent.ThreadPoolExecutor.getTask(ThreadPoolExecutor.java:1074)
        at java.util.concurrent.ThreadPoolExecutor.runWorker(ThreadPoolExecutor.java:1134)
        at java.util.concurrent.ThreadPoolExecutor$Worker.run(ThreadPoolExecutor.java:624)
        at java.lang.Thread.run(Thread.java:750)
"IPC Server handler 14 on default port 43187" daemon prio=5 tid=101 timed_waiting
java.lang.Thread.State: TIMED_WAITING
        at sun.misc.Unsafe.park(Native Method)
        at java.util.concurrent.locks.LockSupport.parkNanos(LockSupport.java:215)
        at java.util.concurrent.locks.AbstractQueuedSynchronizer$ConditionObject.awaitNanos(AbstractQueuedSynchronizer.java:2078)
        at java.util.concurrent.LinkedBlockingQueue.poll(LinkedBlockingQueue.java:467)
        at org.apache.hadoop.ipc.CallQueueManager.take(CallQueueManager.java:317)
        at org.apache.hadoop.ipc.Server$Handler.run(Server.java:2942)
"SCMBlockDeletingService#0" daemon prio=5 tid=107 timed_waiting
java.lang.Thread.State: TIMED_WAITING
        at sun.misc.Unsafe.park(Native Method)
        at java.util.concurrent.locks.LockSupport.parkNanos(LockSupport.java:215)
        at java.util.concurrent.locks.AbstractQueuedSynchronizer$ConditionObject.awaitNanos(AbstractQueuedSynchronizer.java:2078)
        at java.util.concurrent.ScheduledThreadPoolExecutor$DelayedWorkQueue.take(ScheduledThreadPoolExecutor.java:1093)
        at java.util.concurrent.ScheduledThreadPoolExecutor$DelayedWorkQueue.take(ScheduledThreadPoolExecutor.java:809)
        at java.util.concurrent.ThreadPoolExecutor.getTask(ThreadPoolExecutor.java:1074)
        at java.util.concurrent.ThreadPoolExecutor.runWorker(ThreadPoolExecutor.java:1134)
        at java.util.concurrent.ThreadPoolExecutor$Worker.run(ThreadPoolExecutor.java:624)
        at java.lang.Thread.run(Thread.java:750)
"Datanode State Machine Task Thread - 0"  prio=5 tid=255 in Object.wait()
java.lang.Thread.State: WAITING (on object monitor)
        at sun.misc.Unsafe.park(Native Method)
        at java.util.concurrent.locks.LockSupport.park(LockSupport.java:175)
        at java.util.concurrent.locks.AbstractQueuedSynchronizer$ConditionObject.await(AbstractQueuedSynchronizer.java:2039)
        at java.util.concurrent.LinkedBlockingQueue.take(LinkedBlockingQueue.java:442)
        at java.util.concurrent.ThreadPoolExecutor.getTask(ThreadPoolExecutor.java:1074)
        at java.util.concurrent.ThreadPoolExecutor.runWorker(ThreadPoolExecutor.java:1134)
        at java.util.concurrent.ThreadPoolExecutor$Worker.run(ThreadPoolExecutor.java:624)
        at java.lang.Thread.run(Thread.java:750)
"ChunkWriter-1-0" daemon prio=5 tid=364 in Object.wait()
java.lang.Thread.State: WAITING (on object monitor)
        at sun.misc.Unsafe.park(Native Method)
        at java.util.concurrent.locks.LockSupport.park(LockSupport.java:175)
        at java.util.concurrent.locks.AbstractQueuedSynchronizer$ConditionObject.await(AbstractQueuedSynchronizer.java:2039)
        at java.util.concurrent.LinkedBlockingDeque.takeFirst(LinkedBlockingDeque.java:492)
        at java.util.concurrent.LinkedBlockingDeque.take(LinkedBlockingDeque.java:680)
        at java.util.concurrent.ThreadPoolExecutor.getTask(ThreadPoolExecutor.java:1074)
        at java.util.concurrent.ThreadPoolExecutor.runWorker(ThreadPoolExecutor.java:1134)
        at java.util.concurrent.ThreadPoolExecutor$Worker.run(ThreadPoolExecutor.java:624)
        at java.lang.Thread.run(Thread.java:750)
"Datanode ReportManager Thread - 0" daemon prio=5 tid=479 timed_waiting
java.lang.Thread.State: TIMED_WAITING
        at sun.misc.Unsafe.park(Native Method)
        at java.util.concurrent.locks.LockSupport.parkNanos(LockSupport.java:215)
        at java.util.concurrent.locks.AbstractQueuedSynchronizer$ConditionObject.awaitNanos(AbstractQueuedSynchronizer.java:2078)
        at java.util.concurrent.ScheduledThreadPoolExecutor$DelayedWorkQueue.take(ScheduledThreadPoolExecutor.java:1093)
        at java.util.concurrent.ScheduledThreadPoolExecutor$DelayedWorkQueue.take(ScheduledThreadPoolExecutor.java:809)
        at java.util.concurrent.ThreadPoolExecutor.getTask(ThreadPoolExecutor.java:1074)
        at java.util.concurrent.ThreadPoolExecutor.runWorker(ThreadPoolExecutor.java:1134)
        at java.util.concurrent.ThreadPoolExecutor$Worker.run(ThreadPoolExecutor.java:624)
        at java.lang.Thread.run(Thread.java:750)
"pool-300-thread-1"  prio=5 tid=456 timed_waiting
java.lang.Thread.State: TIMED_WAITING
        at sun.misc.Unsafe.park(Native Method)
        at java.util.concurrent.locks.LockSupport.parkNanos(LockSupport.java:215)
        at java.util.concurrent.locks.AbstractQueuedSynchronizer$ConditionObject.awaitNanos(AbstractQueuedSynchronizer.java:2078)
        at java.util.concurrent.ScheduledThreadPoolExecutor$DelayedWorkQueue.take(ScheduledThreadPoolExecutor.java:1093)
        at java.util.concurrent.ScheduledThreadPoolExecutor$DelayedWorkQueue.take(ScheduledThreadPoolExecutor.java:809)
        at java.util.concurrent.ThreadPoolExecutor.getTask(ThreadPoolExecutor.java:1074)
        at java.util.concurrent.ThreadPoolExecutor.runWorker(ThreadPoolExecutor.java:1134)
        at java.util.concurrent.ThreadPoolExecutor$Worker.run(ThreadPoolExecutor.java:624)
        at java.lang.Thread.run(Thread.java:750)
"IPC Server handler 6 on default port 44219" daemon prio=5 tid=73 timed_waiting
java.lang.Thread.State: TIMED_WAITING
        at sun.misc.Unsafe.park(Native Method)
        at java.util.concurrent.locks.LockSupport.parkNanos(LockSupport.java:215)
        at java.util.concurrent.locks.AbstractQueuedSynchronizer$ConditionObject.awaitNanos(AbstractQueuedSynchronizer.java:2078)
        at java.util.concurrent.LinkedBlockingQueue.poll(LinkedBlockingQueue.java:467)
        at org.apache.hadoop.ipc.CallQueueManager.take(CallQueueManager.java:317)
        at org.apache.hadoop.ipc.Server$Handler.run(Server.java:2942)
"PartialTableCache Cleanup Thread - 0" daemon prio=5 tid=931 in Object.wait()
java.lang.Thread.State: WAITING (on object monitor)
        at sun.misc.Unsafe.park(Native Method)
        at java.util.concurrent.locks.LockSupport.park(LockSupport.java:175)
        at java.util.concurrent.locks.AbstractQueuedSynchronizer$ConditionObject.await(AbstractQueuedSynchronizer.java:2039)
        at java.util.concurrent.LinkedBlockingQueue.take(LinkedBlockingQueue.java:442)
        at java.util.concurrent.ThreadPoolExecutor.getTask(ThreadPoolExecutor.java:1074)
        at java.util.concurrent.ThreadPoolExecutor.runWorker(ThreadPoolExecutor.java:1134)
        at java.util.concurrent.ThreadPoolExecutor$Worker.run(ThreadPoolExecutor.java:624)
        at java.lang.Thread.run(Thread.java:750)
"grpc-default-executor-5" daemon prio=5 tid=749 timed_waiting
java.lang.Thread.State: TIMED_WAITING
        at sun.misc.Unsafe.park(Native Method)
        at java.util.concurrent.locks.LockSupport.parkNanos(LockSupport.java:215)
        at java.util.concurrent.SynchronousQueue$TransferStack.awaitFulfill(SynchronousQueue.java:460)
        at java.util.concurrent.SynchronousQueue$TransferStack.transfer(SynchronousQueue.java:362)
        at java.util.concurrent.SynchronousQueue.poll(SynchronousQueue.java:941)
        at java.util.concurrent.ThreadPoolExecutor.getTask(ThreadPoolExecutor.java:1073)
        at java.util.concurrent.ThreadPoolExecutor.runWorker(ThreadPoolExecutor.java:1134)
        at java.util.concurrent.ThreadPoolExecutor$Worker.run(ThreadPoolExecutor.java:624)
        at java.lang.Thread.run(Thread.java:750)
"c32434d6-2497-484c-95de-45f9e03d5624@group-3134A2B79DBE-LeaderStateImpl" daemon prio=5 tid=919 timed_waiting
java.lang.Thread.State: TIMED_WAITING
        at sun.misc.Unsafe.park(Native Method)
        at java.util.concurrent.locks.LockSupport.parkNanos(LockSupport.java:215)
        at java.util.concurrent.locks.AbstractQueuedSynchronizer$ConditionObject.awaitNanos(AbstractQueuedSynchronizer.java:2078)
        at java.util.concurrent.ArrayBlockingQueue.poll(ArrayBlockingQueue.java:418)
        at org.apache.ratis.server.impl.LeaderStateImpl$EventQueue.poll(LeaderStateImpl.java:159)
        at org.apache.ratis.server.impl.LeaderStateImpl$EventProcessor.run(LeaderStateImpl.java:630)
"EndpointStateMachine task thread for /0.0.0.0:43187 - 0 "  prio=5 tid=531 in Object.wait()
java.lang.Thread.State: WAITING (on object monitor)
        at sun.misc.Unsafe.park(Native Method)
        at java.util.concurrent.locks.LockSupport.park(LockSupport.java:175)
        at java.util.concurrent.locks.AbstractQueuedSynchronizer$ConditionObject.await(AbstractQueuedSynchronizer.java:2039)
        at java.util.concurrent.LinkedBlockingQueue.take(LinkedBlockingQueue.java:442)
        at java.util.concurrent.ThreadPoolExecutor.getTask(ThreadPoolExecutor.java:1074)
        at java.util.concurrent.ThreadPoolExecutor.runWorker(ThreadPoolExecutor.java:1134)
        at java.util.concurrent.ThreadPoolExecutor$Worker.run(ThreadPoolExecutor.java:624)
        at java.lang.Thread.run(Thread.java:750)
"Datanode ReportManager Thread - 1" daemon prio=5 tid=249 in Object.wait()
java.lang.Thread.State: WAITING (on object monitor)
        at sun.misc.Unsafe.park(Native Method)
        at java.util.concurrent.locks.LockSupport.park(LockSupport.java:175)
        at java.util.concurrent.locks.AbstractQueuedSynchronizer$ConditionObject.await(AbstractQueuedSynchronizer.java:2039)
        at java.util.concurrent.ScheduledThreadPoolExecutor$DelayedWorkQueue.take(ScheduledThreadPoolExecutor.java:1088)
        at java.util.concurrent.ScheduledThreadPoolExecutor$DelayedWorkQueue.take(ScheduledThreadPoolExecutor.java:809)
        at java.util.concurrent.ThreadPoolExecutor.getTask(ThreadPoolExecutor.java:1074)
        at java.util.concurrent.ThreadPoolExecutor.runWorker(ThreadPoolExecutor.java:1134)
        at java.util.concurrent.ThreadPoolExecutor$Worker.run(ThreadPoolExecutor.java:624)
        at java.lang.Thread.run(Thread.java:750)
"timer2" daemon prio=5 tid=739 timed_waiting
java.lang.Thread.State: TIMED_WAITING
        at java.lang.Object.wait(Native Method)
        at java.util.TimerThread.mainLoop(Timer.java:552)
        at java.util.TimerThread.run(Timer.java:505)
"IPC Server handler 5 on default port 35095" daemon prio=5 tid=159 timed_waiting
java.lang.Thread.State: TIMED_WAITING
        at sun.misc.Unsafe.park(Native Method)
        at java.util.concurrent.locks.LockSupport.parkNanos(LockSupport.java:215)
        at java.util.concurrent.locks.AbstractQueuedSynchronizer$ConditionObject.awaitNanos(AbstractQueuedSynchronizer.java:2078)
        at java.util.concurrent.LinkedBlockingQueue.poll(LinkedBlockingQueue.java:467)
        at org.apache.hadoop.ipc.CallQueueManager.take(CallQueueManager.java:317)
        at org.apache.hadoop.ipc.Server$Handler.run(Server.java:2942)
"IPC Server handler 17 on default port 43187" daemon prio=5 tid=104 timed_waiting
java.lang.Thread.State: TIMED_WAITING
        at sun.misc.Unsafe.park(Native Method)
        at java.util.concurrent.locks.LockSupport.parkNanos(LockSupport.java:215)
        at java.util.concurrent.locks.AbstractQueuedSynchronizer$ConditionObject.awaitNanos(AbstractQueuedSynchronizer.java:2078)
        at java.util.concurrent.LinkedBlockingQueue.poll(LinkedBlockingQueue.java:467)
        at org.apache.hadoop.ipc.CallQueueManager.take(CallQueueManager.java:317)
        at org.apache.hadoop.ipc.Server$Handler.run(Server.java:2942)
"ChunkWriter-0-0" daemon prio=5 tid=363 in Object.wait()
java.lang.Thread.State: WAITING (on object monitor)
        at sun.misc.Unsafe.park(Native Method)
        at java.util.concurrent.locks.LockSupport.park(LockSupport.java:175)
        at java.util.concurrent.locks.AbstractQueuedSynchronizer$ConditionObject.await(AbstractQueuedSynchronizer.java:2039)
        at java.util.concurrent.LinkedBlockingDeque.takeFirst(LinkedBlockingDeque.java:492)
        at java.util.concurrent.LinkedBlockingDeque.take(LinkedBlockingDeque.java:680)
        at java.util.concurrent.ThreadPoolExecutor.getTask(ThreadPoolExecutor.java:1074)
        at java.util.concurrent.ThreadPoolExecutor.runWorker(ThreadPoolExecutor.java:1134)
        at java.util.concurrent.ThreadPoolExecutor$Worker.run(ThreadPoolExecutor.java:624)
        at java.lang.Thread.run(Thread.java:750)
"qtp1374355136-114" daemon prio=5 tid=114 timed_waiting
java.lang.Thread.State: TIMED_WAITING
        at sun.misc.Unsafe.park(Native Method)
        at java.util.concurrent.locks.LockSupport.parkNanos(LockSupport.java:215)
        at java.util.concurrent.locks.AbstractQueuedSynchronizer$ConditionObject.awaitNanos(AbstractQueuedSynchronizer.java:2078)
        at org.eclipse.jetty.util.BlockingArrayQueue.poll(BlockingArrayQueue.java:382)
        at org.eclipse.jetty.util.thread.QueuedThreadPool$Runner.idleJobPoll(QueuedThreadPool.java:974)
        at org.eclipse.jetty.util.thread.QueuedThreadPool$Runner.run(QueuedThreadPool.java:1018)
        at java.lang.Thread.run(Thread.java:750)
"qtp1374355136-113" daemon prio=5 tid=113 timed_waiting
java.lang.Thread.State: TIMED_WAITING
        at sun.misc.Unsafe.park(Native Method)
        at java.util.concurrent.locks.LockSupport.parkNanos(LockSupport.java:215)
        at java.util.concurrent.locks.AbstractQueuedSynchronizer$ConditionObject.awaitNanos(AbstractQueuedSynchronizer.java:2078)
        at org.eclipse.jetty.util.BlockingArrayQueue.poll(BlockingArrayQueue.java:382)
        at org.eclipse.jetty.util.thread.QueuedThreadPool$Runner.idleJobPoll(QueuedThreadPool.java:974)
        at org.eclipse.jetty.util.thread.QueuedThreadPool$Runner.run(QueuedThreadPool.java:1018)
        at java.lang.Thread.run(Thread.java:750)
"ChunkWriter-1-0" daemon prio=5 tid=502 in Object.wait()
java.lang.Thread.State: WAITING (on object monitor)
        at sun.misc.Unsafe.park(Native Method)
        at java.util.concurrent.locks.LockSupport.park(LockSupport.java:175)
        at java.util.concurrent.locks.AbstractQueuedSynchronizer$ConditionObject.await(AbstractQueuedSynchronizer.java:2039)
        at java.util.concurrent.LinkedBlockingDeque.takeFirst(LinkedBlockingDeque.java:492)
        at java.util.concurrent.LinkedBlockingDeque.take(LinkedBlockingDeque.java:680)
        at java.util.concurrent.ThreadPoolExecutor.getTask(ThreadPoolExecutor.java:1074)
        at java.util.concurrent.ThreadPoolExecutor.runWorker(ThreadPoolExecutor.java:1134)
        at java.util.concurrent.ThreadPoolExecutor$Worker.run(ThreadPoolExecutor.java:624)
        at java.lang.Thread.run(Thread.java:750)
"IPC Server handler 1 on default port 43187" daemon prio=5 tid=88 timed_waiting
java.lang.Thread.State: TIMED_WAITING
        at sun.misc.Unsafe.park(Native Method)
        at java.util.concurrent.locks.LockSupport.parkNanos(LockSupport.java:215)
        at java.util.concurrent.locks.AbstractQueuedSynchronizer$ConditionObject.awaitNanos(AbstractQueuedSynchronizer.java:2078)
        at java.util.concurrent.LinkedBlockingQueue.poll(LinkedBlockingQueue.java:467)
        at org.apache.hadoop.ipc.CallQueueManager.take(CallQueueManager.java:317)
        at org.apache.hadoop.ipc.Server$Handler.run(Server.java:2942)
"StaleRecoveringContainerScrubbingService#0" daemon prio=5 tid=475 in Object.wait()
java.lang.Thread.State: WAITING (on object monitor)
        at sun.misc.Unsafe.park(Native Method)
        at java.util.concurrent.locks.LockSupport.park(LockSupport.java:175)
        at java.util.concurrent.locks.AbstractQueuedSynchronizer$ConditionObject.await(AbstractQueuedSynchronizer.java:2039)
        at java.util.concurrent.ScheduledThreadPoolExecutor$DelayedWorkQueue.take(ScheduledThreadPoolExecutor.java:1088)
        at java.util.concurrent.ScheduledThreadPoolExecutor$DelayedWorkQueue.take(ScheduledThreadPoolExecutor.java:809)
        at java.util.concurrent.ThreadPoolExecutor.getTask(ThreadPoolExecutor.java:1074)
        at java.util.concurrent.ThreadPoolExecutor.runWorker(ThreadPoolExecutor.java:1134)
        at java.util.concurrent.ThreadPoolExecutor$Worker.run(ThreadPoolExecutor.java:624)
        at java.lang.Thread.run(Thread.java:750)
"JvmPauseMonitor4" daemon prio=5 tid=472 timed_waiting
java.lang.Thread.State: TIMED_WAITING
        at java.lang.Thread.sleep(Native Method)
        at java.lang.Thread.sleep(Thread.java:342)
        at java.util.concurrent.TimeUnit.sleep(TimeUnit.java:386)
        at org.apache.ratis.util.TimeDuration.sleep(TimeDuration.java:325)
        at org.apache.ratis.util.TimeDuration.sleep(TimeDuration.java:310)
        at org.apache.ratis.util.JvmPauseMonitor.detectPause(JvmPauseMonitor.java:119)
        at org.apache.ratis.util.JvmPauseMonitor.run(JvmPauseMonitor.java:108)
        at org.apache.ratis.util.JvmPauseMonitor$$Lambda$706/19678348.run(Unknown Source)
        at java.lang.Thread.run(Thread.java:750)
"Datanode ReportManager Thread - 1" daemon prio=5 tid=195 in Object.wait()
java.lang.Thread.State: WAITING (on object monitor)
        at sun.misc.Unsafe.park(Native Method)
        at java.util.concurrent.locks.LockSupport.park(LockSupport.java:175)
        at java.util.concurrent.locks.AbstractQueuedSynchronizer$ConditionObject.await(AbstractQueuedSynchronizer.java:2039)
        at java.util.concurrent.ScheduledThreadPoolExecutor$DelayedWorkQueue.take(ScheduledThreadPoolExecutor.java:1088)
        at java.util.concurrent.ScheduledThreadPoolExecutor$DelayedWorkQueue.take(ScheduledThreadPoolExecutor.java:809)
        at java.util.concurrent.ThreadPoolExecutor.getTask(ThreadPoolExecutor.java:1074)
        at java.util.concurrent.ThreadPoolExecutor.runWorker(ThreadPoolExecutor.java:1134)
        at java.util.concurrent.ThreadPoolExecutor$Worker.run(ThreadPoolExecutor.java:624)
        at java.lang.Thread.run(Thread.java:750)
"0dd4671e-e5ba-49c8-8afe-be056577c247-server-thread3" daemon prio=5 tid=925 timed_waiting
java.lang.Thread.State: TIMED_WAITING
        at sun.misc.Unsafe.park(Native Method)
        at java.util.concurrent.locks.LockSupport.parkNanos(LockSupport.java:215)
        at java.util.concurrent.SynchronousQueue$TransferStack.awaitFulfill(SynchronousQueue.java:460)
        at java.util.concurrent.SynchronousQueue$TransferStack.transfer(SynchronousQueue.java:362)
        at java.util.concurrent.SynchronousQueue.poll(SynchronousQueue.java:941)
        at java.util.concurrent.ThreadPoolExecutor.getTask(ThreadPoolExecutor.java:1073)
        at java.util.concurrent.ThreadPoolExecutor.runWorker(ThreadPoolExecutor.java:1134)
        at java.util.concurrent.ThreadPoolExecutor$Worker.run(ThreadPoolExecutor.java:624)
        at java.lang.Thread.run(Thread.java:750)
"Datanode State Machine Task Thread - 1"  prio=5 tid=554 in Object.wait()
java.lang.Thread.State: WAITING (on object monitor)
        at sun.misc.Unsafe.park(Native Method)
        at java.util.concurrent.locks.LockSupport.park(LockSupport.java:175)
        at java.util.concurrent.locks.AbstractQueuedSynchronizer$ConditionObject.await(AbstractQueuedSynchronizer.java:2039)
        at java.util.concurrent.LinkedBlockingQueue.take(LinkedBlockingQueue.java:442)
        at java.util.concurrent.ThreadPoolExecutor.getTask(ThreadPoolExecutor.java:1074)
        at java.util.concurrent.ThreadPoolExecutor.runWorker(ThreadPoolExecutor.java:1134)
        at java.util.concurrent.ThreadPoolExecutor$Worker.run(ThreadPoolExecutor.java:624)
        at java.lang.Thread.run(Thread.java:750)
"5b5b9152-5d2c-4522-9940-e93bc8d8546d@group-204990BD3269-StateMachineUpdater" daemon prio=5 tid=663 timed_waiting
java.lang.Thread.State: TIMED_WAITING
        at sun.misc.Unsafe.park(Native Method)
        at java.util.concurrent.locks.LockSupport.parkNanos(LockSupport.java:215)
        at java.util.concurrent.CompletableFuture$Signaller.block(CompletableFuture.java:1709)
        at java.util.concurrent.ForkJoinPool.managedBlock(ForkJoinPool.java:3323)
        at java.util.concurrent.CompletableFuture.timedGet(CompletableFuture.java:1788)
        at java.util.concurrent.CompletableFuture.get(CompletableFuture.java:1928)
        at org.apache.ratis.util.AwaitForSignal.await(AwaitForSignal.java:56)
        at org.apache.ratis.server.impl.StateMachineUpdater.waitForCommit(StateMachineUpdater.java:207)
        at org.apache.ratis.server.impl.StateMachineUpdater.run(StateMachineUpdater.java:176)
        at java.lang.Thread.run(Thread.java:750)
"grpc-default-boss-ELG-1-1" daemon prio=5 tid=138 runnable
java.lang.Thread.State: RUNNABLE
        at org.apache.ratis.thirdparty.io.netty.channel.epoll.Native.epollWait(Native Method)
        at org.apache.ratis.thirdparty.io.netty.channel.epoll.Native.epollWait(Native.java:209)
        at org.apache.ratis.thirdparty.io.netty.channel.epoll.Native.epollWait(Native.java:202)
        at org.apache.ratis.thirdparty.io.netty.channel.epoll.EpollEventLoop.epollWaitNoTimerChange(EpollEventLoop.java:294)
        at org.apache.ratis.thirdparty.io.netty.channel.epoll.EpollEventLoop.run(EpollEventLoop.java:351)
        at org.apache.ratis.thirdparty.io.netty.util.concurrent.SingleThreadEventExecutor$4.run(SingleThreadEventExecutor.java:995)
        at org.apache.ratis.thirdparty.io.netty.util.internal.ThreadExecutorMap$2.run(ThreadExecutorMap.java:74)
        at org.apache.ratis.thirdparty.io.netty.util.concurrent.FastThreadLocalRunnable.run(FastThreadLocalRunnable.java:30)
        at java.lang.Thread.run(Thread.java:750)
"StaleRecoveringContainerScrubbingService#0" daemon prio=5 tid=508 in Object.wait()
java.lang.Thread.State: WAITING (on object monitor)
        at sun.misc.Unsafe.park(Native Method)
        at java.util.concurrent.locks.LockSupport.park(LockSupport.java:175)
        at java.util.concurrent.locks.AbstractQueuedSynchronizer$ConditionObject.await(AbstractQueuedSynchronizer.java:2039)
        at java.util.concurrent.ScheduledThreadPoolExecutor$DelayedWorkQueue.take(ScheduledThreadPoolExecutor.java:1088)
        at java.util.concurrent.ScheduledThreadPoolExecutor$DelayedWorkQueue.take(ScheduledThreadPoolExecutor.java:809)
        at java.util.concurrent.ThreadPoolExecutor.getTask(ThreadPoolExecutor.java:1074)
        at java.util.concurrent.ThreadPoolExecutor.runWorker(ThreadPoolExecutor.java:1134)
        at java.util.concurrent.ThreadPoolExecutor$Worker.run(ThreadPoolExecutor.java:624)
        at java.lang.Thread.run(Thread.java:750)
"IPC Server handler 19 on default port 44219" daemon prio=5 tid=86 timed_waiting
java.lang.Thread.State: TIMED_WAITING
        at sun.misc.Unsafe.park(Native Method)
        at java.util.concurrent.locks.LockSupport.parkNanos(LockSupport.java:215)
        at java.util.concurrent.locks.AbstractQueuedSynchronizer$ConditionObject.awaitNanos(AbstractQueuedSynchronizer.java:2078)
        at java.util.concurrent.LinkedBlockingQueue.poll(LinkedBlockingQueue.java:467)
        at org.apache.hadoop.ipc.CallQueueManager.take(CallQueueManager.java:317)
        at org.apache.hadoop.ipc.Server$Handler.run(Server.java:2942)
"EndpointStateMachine task thread for /0.0.0.0:43187 - 0 "  prio=5 tid=500 in Object.wait()
java.lang.Thread.State: WAITING (on object monitor)
        at sun.misc.Unsafe.park(Native Method)
        at java.util.concurrent.locks.LockSupport.park(LockSupport.java:175)
        at java.util.concurrent.locks.AbstractQueuedSynchronizer$ConditionObject.await(AbstractQueuedSynchronizer.java:2039)
        at java.util.concurrent.LinkedBlockingQueue.take(LinkedBlockingQueue.java:442)
        at java.util.concurrent.ThreadPoolExecutor.getTask(ThreadPoolExecutor.java:1074)
        at java.util.concurrent.ThreadPoolExecutor.runWorker(ThreadPoolExecutor.java:1134)
        at java.util.concurrent.ThreadPoolExecutor$Worker.run(ThreadPoolExecutor.java:624)
        at java.lang.Thread.run(Thread.java:750)
"pool-219-thread-1"  prio=5 tid=341 timed_waiting
java.lang.Thread.State: TIMED_WAITING
        at sun.misc.Unsafe.park(Native Method)
        at java.util.concurrent.locks.LockSupport.parkNanos(LockSupport.java:215)
        at java.util.concurrent.locks.AbstractQueuedSynchronizer$ConditionObject.awaitNanos(AbstractQueuedSynchronizer.java:2078)
        at java.util.concurrent.ScheduledThreadPoolExecutor$DelayedWorkQueue.take(ScheduledThreadPoolExecutor.java:1093)
        at java.util.concurrent.ScheduledThreadPoolExecutor$DelayedWorkQueue.take(ScheduledThreadPoolExecutor.java:809)
        at java.util.concurrent.ThreadPoolExecutor.getTask(ThreadPoolExecutor.java:1074)
        at java.util.concurrent.ThreadPoolExecutor.runWorker(ThreadPoolExecutor.java:1134)
        at java.util.concurrent.ThreadPoolExecutor$Worker.run(ThreadPoolExecutor.java:624)
        at java.lang.Thread.run(Thread.java:750)
"ChunkWriter-1-0" daemon prio=5 tid=557 in Object.wait()
java.lang.Thread.State: WAITING (on object monitor)
        at sun.misc.Unsafe.park(Native Method)
        at java.util.concurrent.locks.LockSupport.park(LockSupport.java:175)
        at java.util.concurrent.locks.AbstractQueuedSynchronizer$ConditionObject.await(AbstractQueuedSynchronizer.java:2039)
        at java.util.concurrent.LinkedBlockingDeque.takeFirst(LinkedBlockingDeque.java:492)
        at java.util.concurrent.LinkedBlockingDeque.take(LinkedBlockingDeque.java:680)
        at java.util.concurrent.ThreadPoolExecutor.getTask(ThreadPoolExecutor.java:1074)
        at java.util.concurrent.ThreadPoolExecutor.runWorker(ThreadPoolExecutor.java:1134)
        at java.util.concurrent.ThreadPoolExecutor$Worker.run(ThreadPoolExecutor.java:624)
        at java.lang.Thread.run(Thread.java:750)
"Datanode ReportManager Thread - 2" daemon prio=5 tid=481 in Object.wait()
java.lang.Thread.State: WAITING (on object monitor)
        at sun.misc.Unsafe.park(Native Method)
        at java.util.concurrent.locks.LockSupport.park(LockSupport.java:175)
        at java.util.concurrent.locks.AbstractQueuedSynchronizer$ConditionObject.await(AbstractQueuedSynchronizer.java:2039)
        at java.util.concurrent.ScheduledThreadPoolExecutor$DelayedWorkQueue.take(ScheduledThreadPoolExecutor.java:1088)
        at java.util.concurrent.ScheduledThreadPoolExecutor$DelayedWorkQueue.take(ScheduledThreadPoolExecutor.java:809)
        at java.util.concurrent.ThreadPoolExecutor.getTask(ThreadPoolExecutor.java:1074)
        at java.util.concurrent.ThreadPoolExecutor.runWorker(ThreadPoolExecutor.java:1134)
        at java.util.concurrent.ThreadPoolExecutor$Worker.run(ThreadPoolExecutor.java:624)
        at java.lang.Thread.run(Thread.java:750)
"IPC Server handler 1 on default port 44219" daemon prio=5 tid=68 timed_waiting
java.lang.Thread.State: TIMED_WAITING
        at sun.misc.Unsafe.park(Native Method)
        at java.util.concurrent.locks.LockSupport.parkNanos(LockSupport.java:215)
        at java.util.concurrent.locks.AbstractQueuedSynchronizer$ConditionObject.awaitNanos(AbstractQueuedSynchronizer.java:2078)
        at java.util.concurrent.LinkedBlockingQueue.poll(LinkedBlockingQueue.java:467)
        at org.apache.hadoop.ipc.CallQueueManager.take(CallQueueManager.java:317)
        at org.apache.hadoop.ipc.Server$Handler.run(Server.java:2942)
"c32434d6-2497-484c-95de-45f9e03d5624@group-3134A2B79DBE-SegmentedRaftLogWorker"  prio=5 tid=672 timed_waiting
java.lang.Thread.State: TIMED_WAITING
        at sun.misc.Unsafe.park(Native Method)
        at java.util.concurrent.locks.LockSupport.parkNanos(LockSupport.java:215)
        at java.util.concurrent.locks.AbstractQueuedSynchronizer$ConditionObject.awaitNanos(AbstractQueuedSynchronizer.java:2078)
        at org.apache.ratis.util.DataBlockingQueue.poll(DataBlockingQueue.java:148)
        at org.apache.ratis.server.raftlog.segmented.SegmentedRaftLogWorker.run(SegmentedRaftLogWorker.java:310)
        at org.apache.ratis.server.raftlog.segmented.SegmentedRaftLogWorker$$Lambda$665/1658742493.run(Unknown Source)
        at java.lang.Thread.run(Thread.java:750)
"org.apache.hadoop.ozone.container.common.statemachine.commandhandler.DeleteBlocksCommandHandler$DeleteCmdWorker@4e8007e2" daemon prio=5 tid=288 timed_waiting
java.lang.Thread.State: TIMED_WAITING
        at java.lang.Thread.sleep(Native Method)
        at org.apache.hadoop.ozone.container.common.statemachine.commandhandler.DeleteBlocksCommandHandler$DeleteCmdWorker.run(DeleteBlocksCommandHandler.java:183)
        at java.lang.Thread.run(Thread.java:750)
"Periodic HDDS volume checker" daemon prio=5 tid=309 timed_waiting
java.lang.Thread.State: TIMED_WAITING
        at sun.misc.Unsafe.park(Native Method)
        at java.util.concurrent.locks.LockSupport.parkNanos(LockSupport.java:215)
        at java.util.concurrent.locks.AbstractQueuedSynchronizer$ConditionObject.awaitNanos(AbstractQueuedSynchronizer.java:2078)
        at java.util.concurrent.ScheduledThreadPoolExecutor$DelayedWorkQueue.take(ScheduledThreadPoolExecutor.java:1093)
        at java.util.concurrent.ScheduledThreadPoolExecutor$DelayedWorkQueue.take(ScheduledThreadPoolExecutor.java:809)
        at java.util.concurrent.ThreadPoolExecutor.getTask(ThreadPoolExecutor.java:1074)
        at java.util.concurrent.ThreadPoolExecutor.runWorker(ThreadPoolExecutor.java:1134)
        at java.util.concurrent.ThreadPoolExecutor$Worker.run(ThreadPoolExecutor.java:624)
        at java.lang.Thread.run(Thread.java:750)
"Datanode ReportManager Thread - 4" daemon prio=5 tid=359 in Object.wait()
java.lang.Thread.State: WAITING (on object monitor)
        at sun.misc.Unsafe.park(Native Method)
        at java.util.concurrent.locks.LockSupport.park(LockSupport.java:175)
        at java.util.concurrent.locks.AbstractQueuedSynchronizer$ConditionObject.await(AbstractQueuedSynchronizer.java:2039)
        at java.util.concurrent.ScheduledThreadPoolExecutor$DelayedWorkQueue.take(ScheduledThreadPoolExecutor.java:1088)
        at java.util.concurrent.ScheduledThreadPoolExecutor$DelayedWorkQueue.take(ScheduledThreadPoolExecutor.java:809)
        at java.util.concurrent.ThreadPoolExecutor.getTask(ThreadPoolExecutor.java:1074)
        at java.util.concurrent.ThreadPoolExecutor.runWorker(ThreadPoolExecutor.java:1134)
        at java.util.concurrent.ThreadPoolExecutor$Worker.run(ThreadPoolExecutor.java:624)
        at java.lang.Thread.run(Thread.java:750)
"qtp2011228831-320" daemon prio=5 tid=320 timed_waiting
java.lang.Thread.State: TIMED_WAITING
        at sun.misc.Unsafe.park(Native Method)
        at java.util.concurrent.locks.LockSupport.parkNanos(LockSupport.java:215)
        at java.util.concurrent.locks.AbstractQueuedSynchronizer$ConditionObject.awaitNanos(AbstractQueuedSynchronizer.java:2078)
        at org.eclipse.jetty.util.BlockingArrayQueue.poll(BlockingArrayQueue.java:382)
        at org.eclipse.jetty.util.thread.QueuedThreadPool$Runner.idleJobPoll(QueuedThreadPool.java:974)
        at org.eclipse.jetty.util.thread.QueuedThreadPool$Runner.run(QueuedThreadPool.java:1018)
        at java.lang.Thread.run(Thread.java:750)
"org.apache.hadoop.util.JvmPauseMonitor$Monitor@2020042d" daemon prio=5 tid=447 timed_waiting
java.lang.Thread.State: TIMED_WAITING
        at java.lang.Thread.sleep(Native Method)
        at org.apache.hadoop.util.JvmPauseMonitor$Monitor.run(JvmPauseMonitor.java:192)
        at java.lang.Thread.run(Thread.java:750)
"IPC Server handler 17 on default port 35095" daemon prio=5 tid=171 timed_waiting
java.lang.Thread.State: TIMED_WAITING
        at sun.misc.Unsafe.park(Native Method)
        at java.util.concurrent.locks.LockSupport.parkNanos(LockSupport.java:215)
        at java.util.concurrent.locks.AbstractQueuedSynchronizer$ConditionObject.awaitNanos(AbstractQueuedSynchronizer.java:2078)
        at java.util.concurrent.LinkedBlockingQueue.poll(LinkedBlockingQueue.java:467)
        at org.apache.hadoop.ipc.CallQueueManager.take(CallQueueManager.java:317)
        at org.apache.hadoop.ipc.Server$Handler.run(Server.java:2942)
"ChunkReader-3" daemon prio=5 tid=795 in Object.wait()
java.lang.Thread.State: WAITING (on object monitor)
        at sun.misc.Unsafe.park(Native Method)
        at java.util.concurrent.locks.LockSupport.park(LockSupport.java:175)
        at java.util.concurrent.locks.AbstractQueuedSynchronizer$ConditionObject.await(AbstractQueuedSynchronizer.java:2039)
        at java.util.concurrent.LinkedBlockingQueue.take(LinkedBlockingQueue.java:442)
        at java.util.concurrent.ThreadPoolExecutor.getTask(ThreadPoolExecutor.java:1074)
        at java.util.concurrent.ThreadPoolExecutor.runWorker(ThreadPoolExecutor.java:1134)
        at java.util.concurrent.ThreadPoolExecutor$Worker.run(ThreadPoolExecutor.java:624)
        at java.lang.Thread.run(Thread.java:750)
"EndpointStateMachine task thread for /0.0.0.0:43187 - 0 "  prio=5 tid=555 in Object.wait()
java.lang.Thread.State: WAITING (on object monitor)
        at sun.misc.Unsafe.park(Native Method)
        at java.util.concurrent.locks.LockSupport.park(LockSupport.java:175)
        at java.util.concurrent.locks.AbstractQueuedSynchronizer$ConditionObject.await(AbstractQueuedSynchronizer.java:2039)
        at java.util.concurrent.LinkedBlockingQueue.take(LinkedBlockingQueue.java:442)
        at java.util.concurrent.ThreadPoolExecutor.getTask(ThreadPoolExecutor.java:1074)
        at java.util.concurrent.ThreadPoolExecutor.runWorker(ThreadPoolExecutor.java:1134)
        at java.util.concurrent.ThreadPoolExecutor$Worker.run(ThreadPoolExecutor.java:624)
        at java.lang.Thread.run(Thread.java:750)
"EventQueue-DatanodeCommandForSCMNodeManager"  prio=5 tid=516 in Object.wait()
java.lang.Thread.State: WAITING (on object monitor)
        at sun.misc.Unsafe.park(Native Method)
        at java.util.concurrent.locks.LockSupport.park(LockSupport.java:175)
        at java.util.concurrent.locks.AbstractQueuedSynchronizer$ConditionObject.await(AbstractQueuedSynchronizer.java:2039)
        at java.util.concurrent.LinkedBlockingQueue.take(LinkedBlockingQueue.java:442)
        at java.util.concurrent.ThreadPoolExecutor.getTask(ThreadPoolExecutor.java:1074)
        at java.util.concurrent.ThreadPoolExecutor.runWorker(ThreadPoolExecutor.java:1134)
        at java.util.concurrent.ThreadPoolExecutor$Worker.run(ThreadPoolExecutor.java:624)
        at java.lang.Thread.run(Thread.java:750)
"99050580-db91-402e-a30b-7426b5391f3a-server-thread1" daemon prio=5 tid=868 timed_waiting
java.lang.Thread.State: TIMED_WAITING
        at sun.misc.Unsafe.park(Native Method)
        at java.util.concurrent.locks.LockSupport.parkNanos(LockSupport.java:215)
        at java.util.concurrent.SynchronousQueue$TransferStack.awaitFulfill(SynchronousQueue.java:460)
        at java.util.concurrent.SynchronousQueue$TransferStack.transfer(SynchronousQueue.java:362)
        at java.util.concurrent.SynchronousQueue.poll(SynchronousQueue.java:941)
        at java.util.concurrent.ThreadPoolExecutor.getTask(ThreadPoolExecutor.java:1073)
        at java.util.concurrent.ThreadPoolExecutor.runWorker(ThreadPoolExecutor.java:1134)
        at java.util.concurrent.ThreadPoolExecutor$Worker.run(ThreadPoolExecutor.java:624)
        at java.lang.Thread.run(Thread.java:750)
"pool-246-thread-1"  prio=5 tid=380 timed_waiting
java.lang.Thread.State: TIMED_WAITING
        at sun.misc.Unsafe.park(Native Method)
        at java.util.concurrent.locks.LockSupport.parkNanos(LockSupport.java:215)
        at java.util.concurrent.locks.AbstractQueuedSynchronizer$ConditionObject.awaitNanos(AbstractQueuedSynchronizer.java:2078)
        at java.util.concurrent.ScheduledThreadPoolExecutor$DelayedWorkQueue.take(ScheduledThreadPoolExecutor.java:1093)
        at java.util.concurrent.ScheduledThreadPoolExecutor$DelayedWorkQueue.take(ScheduledThreadPoolExecutor.java:809)
        at java.util.concurrent.ThreadPoolExecutor.getTask(ThreadPoolExecutor.java:1074)
        at java.util.concurrent.ThreadPoolExecutor.runWorker(ThreadPoolExecutor.java:1134)
        at java.util.concurrent.ThreadPoolExecutor$Worker.run(ThreadPoolExecutor.java:624)
        at java.lang.Thread.run(Thread.java:750)
"StaleRecoveringContainerScrubbingService#2" daemon prio=5 tid=946 in Object.wait()
java.lang.Thread.State: WAITING (on object monitor)
        at sun.misc.Unsafe.park(Native Method)
        at java.util.concurrent.locks.LockSupport.park(LockSupport.java:175)
        at java.util.concurrent.locks.AbstractQueuedSynchronizer$ConditionObject.await(AbstractQueuedSynchronizer.java:2039)
        at java.util.concurrent.ScheduledThreadPoolExecutor$DelayedWorkQueue.take(ScheduledThreadPoolExecutor.java:1088)
        at java.util.concurrent.ScheduledThreadPoolExecutor$DelayedWorkQueue.take(ScheduledThreadPoolExecutor.java:809)
        at java.util.concurrent.ThreadPoolExecutor.getTask(ThreadPoolExecutor.java:1074)
        at java.util.concurrent.ThreadPoolExecutor.runWorker(ThreadPoolExecutor.java:1134)
        at java.util.concurrent.ThreadPoolExecutor$Worker.run(ThreadPoolExecutor.java:624)
        at java.lang.Thread.run(Thread.java:750)
"FixedThreadPoolWithAffinityExecutor-4-0" daemon prio=5 tid=39 timed_waiting
java.lang.Thread.State: TIMED_WAITING
        at sun.misc.Unsafe.park(Native Method)
        at java.util.concurrent.locks.LockSupport.parkNanos(LockSupport.java:215)
        at java.util.concurrent.locks.AbstractQueuedSynchronizer$ConditionObject.awaitNanos(AbstractQueuedSynchronizer.java:2078)
        at java.util.concurrent.LinkedBlockingQueue.poll(LinkedBlockingQueue.java:467)
        at org.apache.hadoop.hdds.scm.server.ContainerReportQueue.poll(ContainerReportQueue.java:266)
        at org.apache.hadoop.hdds.scm.server.ContainerReportQueue.poll(ContainerReportQueue.java:42)
        at org.apache.hadoop.hdds.server.events.FixedThreadPoolWithAffinityExecutor$ContainerReportProcessTask.run(FixedThreadPoolWithAffinityExecutor.java:218)
        at java.util.concurrent.Executors$RunnableAdapter.call(Executors.java:511)
        at java.util.concurrent.FutureTask.run(FutureTask.java:266)
        at java.util.concurrent.ThreadPoolExecutor.runWorker(ThreadPoolExecutor.java:1149)
        at java.util.concurrent.ThreadPoolExecutor$Worker.run(ThreadPoolExecutor.java:624)
        at java.lang.Thread.run(Thread.java:750)
"surefire-forkedjvm-command-thread" daemon prio=5 tid=10 runnable
java.lang.Thread.State: RUNNABLE
        at java.io.FileInputStream.readBytes(Native Method)
        at java.io.FileInputStream.read(FileInputStream.java:255)
        at java.io.BufferedInputStream.read1(BufferedInputStream.java:284)
        at java.io.BufferedInputStream.read(BufferedInputStream.java:345)
        at java.io.BufferedInputStream.fill(BufferedInputStream.java:246)
        at java.io.BufferedInputStream.read1(BufferedInputStream.java:286)
        at java.io.BufferedInputStream.read(BufferedInputStream.java:345)
        at org.apache.maven.surefire.api.util.internal.Channels$3.readImpl(Channels.java:214)
        at org.apache.maven.surefire.api.util.internal.AbstractNoninterruptibleReadableChannel.read(AbstractNoninterruptibleReadableChannel.java:54)
        at org.apache.maven.surefire.booter.spi.LegacyMasterProcessChannelDecoder.decode(LegacyMasterProcessChannelDecoder.java:80)
        at org.apache.maven.surefire.booter.CommandReader$CommandRunnable.run(CommandReader.java:343)
        at java.lang.Thread.run(Thread.java:750)
"IPC Server handler 19 on default port 37293" daemon prio=5 tid=66 timed_waiting
java.lang.Thread.State: TIMED_WAITING
        at sun.misc.Unsafe.park(Native Method)
        at java.util.concurrent.locks.LockSupport.parkNanos(LockSupport.java:215)
        at java.util.concurrent.locks.AbstractQueuedSynchronizer$ConditionObject.awaitNanos(AbstractQueuedSynchronizer.java:2078)
        at java.util.concurrent.LinkedBlockingQueue.poll(LinkedBlockingQueue.java:467)
        at org.apache.hadoop.ipc.CallQueueManager.take(CallQueueManager.java:317)
        at org.apache.hadoop.ipc.Server$Handler.run(Server.java:2942)
"IPC Server idle connection scanner for port 37293" daemon prio=5 tid=33 timed_waiting
java.lang.Thread.State: TIMED_WAITING
        at java.lang.Object.wait(Native Method)
        at java.util.TimerThread.mainLoop(Timer.java:552)
        at java.util.TimerThread.run(Timer.java:505)
"18b69636-199d-46b1-a155-faec2a9e6e92-server-thread2" daemon prio=5 tid=869 timed_waiting
java.lang.Thread.State: TIMED_WAITING
        at sun.misc.Unsafe.park(Native Method)
        at java.util.concurrent.locks.LockSupport.parkNanos(LockSupport.java:215)
        at java.util.concurrent.SynchronousQueue$TransferStack.awaitFulfill(SynchronousQueue.java:460)
        at java.util.concurrent.SynchronousQueue$TransferStack.transfer(SynchronousQueue.java:362)
        at java.util.concurrent.SynchronousQueue.poll(SynchronousQueue.java:941)
        at java.util.concurrent.ThreadPoolExecutor.getTask(ThreadPoolExecutor.java:1073)
        at java.util.concurrent.ThreadPoolExecutor.runWorker(ThreadPoolExecutor.java:1134)
        at java.util.concurrent.ThreadPoolExecutor$Worker.run(ThreadPoolExecutor.java:624)
        at java.lang.Thread.run(Thread.java:750)
"18b69636-199d-46b1-a155-faec2a9e6e92@group-D39F9C32CD8E-FollowerState" daemon prio=5 tid=861 timed_waiting
java.lang.Thread.State: TIMED_WAITING
        at java.lang.Thread.sleep(Native Method)
        at java.lang.Thread.sleep(Thread.java:342)
        at java.util.concurrent.TimeUnit.sleep(TimeUnit.java:386)
        at org.apache.ratis.util.TimeDuration.sleep(TimeDuration.java:325)
        at org.apache.ratis.util.TimeDuration.sleep(TimeDuration.java:310)
        at org.apache.ratis.server.impl.FollowerState.run(FollowerState.java:128)
"JvmPauseMonitor5" daemon prio=5 tid=493 timed_waiting
java.lang.Thread.State: TIMED_WAITING
        at java.lang.Thread.sleep(Native Method)
        at java.lang.Thread.sleep(Thread.java:342)
        at java.util.concurrent.TimeUnit.sleep(TimeUnit.java:386)
        at org.apache.ratis.util.TimeDuration.sleep(TimeDuration.java:325)
        at org.apache.ratis.util.TimeDuration.sleep(TimeDuration.java:310)
        at org.apache.ratis.util.JvmPauseMonitor.detectPause(JvmPauseMonitor.java:119)
        at org.apache.ratis.util.JvmPauseMonitor.run(JvmPauseMonitor.java:108)
        at org.apache.ratis.util.JvmPauseMonitor$$Lambda$706/19678348.run(Unknown Source)
        at java.lang.Thread.run(Thread.java:750)
"ChunkWriter-0-0" daemon prio=5 tid=544 in Object.wait()
java.lang.Thread.State: WAITING (on object monitor)
        at sun.misc.Unsafe.park(Native Method)
        at java.util.concurrent.locks.LockSupport.park(LockSupport.java:175)
        at java.util.concurrent.locks.AbstractQueuedSynchronizer$ConditionObject.await(AbstractQueuedSynchronizer.java:2039)
        at java.util.concurrent.LinkedBlockingDeque.takeFirst(LinkedBlockingDeque.java:492)
        at java.util.concurrent.LinkedBlockingDeque.take(LinkedBlockingDeque.java:680)
        at java.util.concurrent.ThreadPoolExecutor.getTask(ThreadPoolExecutor.java:1074)
        at java.util.concurrent.ThreadPoolExecutor.runWorker(ThreadPoolExecutor.java:1134)
        at java.util.concurrent.ThreadPoolExecutor$Worker.run(ThreadPoolExecutor.java:624)
        at java.lang.Thread.run(Thread.java:750)
"org.apache.hadoop.util.JvmPauseMonitor$Monitor@1eeb3085" daemon prio=5 tid=306 timed_waiting
java.lang.Thread.State: TIMED_WAITING
        at java.lang.Thread.sleep(Native Method)
        at org.apache.hadoop.util.JvmPauseMonitor$Monitor.run(JvmPauseMonitor.java:192)
        at java.lang.Thread.run(Thread.java:750)
"om1@group-C5BA1605619E-StateMachineUpdater" daemon prio=5 tid=137 timed_waiting
java.lang.Thread.State: TIMED_WAITING
        at sun.misc.Unsafe.park(Native Method)
        at java.util.concurrent.locks.LockSupport.parkNanos(LockSupport.java:215)
        at java.util.concurrent.CompletableFuture$Signaller.block(CompletableFuture.java:1709)
        at java.util.concurrent.ForkJoinPool.managedBlock(ForkJoinPool.java:3323)
        at java.util.concurrent.CompletableFuture.timedGet(CompletableFuture.java:1788)
        at java.util.concurrent.CompletableFuture.get(CompletableFuture.java:1928)
        at org.apache.ratis.util.AwaitForSignal.await(AwaitForSignal.java:56)
        at org.apache.ratis.server.impl.StateMachineUpdater.waitForCommit(StateMachineUpdater.java:207)
        at org.apache.ratis.server.impl.StateMachineUpdater.run(StateMachineUpdater.java:176)
        at java.lang.Thread.run(Thread.java:750)
"IPC Server handler 16 on default port 37293" daemon prio=5 tid=63 timed_waiting
java.lang.Thread.State: TIMED_WAITING
        at sun.misc.Unsafe.park(Native Method)
        at java.util.concurrent.locks.LockSupport.parkNanos(LockSupport.java:215)
        at java.util.concurrent.locks.AbstractQueuedSynchronizer$ConditionObject.awaitNanos(AbstractQueuedSynchronizer.java:2078)
        at java.util.concurrent.LinkedBlockingQueue.poll(LinkedBlockingQueue.java:467)
        at org.apache.hadoop.ipc.CallQueueManager.take(CallQueueManager.java:317)
        at org.apache.hadoop.ipc.Server$Handler.run(Server.java:2942)
"ChunkWriter-2-0" daemon prio=5 tid=365 in Object.wait()
java.lang.Thread.State: WAITING (on object monitor)
        at sun.misc.Unsafe.park(Native Method)
        at java.util.concurrent.locks.LockSupport.park(LockSupport.java:175)
        at java.util.concurrent.locks.AbstractQueuedSynchronizer$ConditionObject.await(AbstractQueuedSynchronizer.java:2039)
        at java.util.concurrent.LinkedBlockingDeque.takeFirst(LinkedBlockingDeque.java:492)
        at java.util.concurrent.LinkedBlockingDeque.take(LinkedBlockingDeque.java:680)
        at java.util.concurrent.ThreadPoolExecutor.getTask(ThreadPoolExecutor.java:1074)
        at java.util.concurrent.ThreadPoolExecutor.runWorker(ThreadPoolExecutor.java:1134)
        at java.util.concurrent.ThreadPoolExecutor$Worker.run(ThreadPoolExecutor.java:624)
        at java.lang.Thread.run(Thread.java:750)
"Datanode State Machine Daemon Thread" daemon prio=5 tid=247 timed_waiting
java.lang.Thread.State: TIMED_WAITING
        at java.lang.Thread.sleep(Native Method)
        at org.apache.hadoop.ozone.container.common.statemachine.DatanodeStateMachine.startStateMachineThread(DatanodeStateMachine.java:321)
        at org.apache.hadoop.ozone.container.common.statemachine.DatanodeStateMachine.lambda$startDaemon$0(DatanodeStateMachine.java:506)
        at org.apache.hadoop.ozone.container.common.statemachine.DatanodeStateMachine$$Lambda$751/1932525059.run(Unknown Source)
        at java.lang.Thread.run(Thread.java:750)
"47355ef6-248e-415d-99d1-f00ca16e1642@group-660F148B2C2F-SegmentedRaftLogWorker"  prio=5 tid=632 timed_waiting
java.lang.Thread.State: TIMED_WAITING
        at sun.misc.Unsafe.park(Native Method)
        at java.util.concurrent.locks.LockSupport.parkNanos(LockSupport.java:215)
        at java.util.concurrent.locks.AbstractQueuedSynchronizer$ConditionObject.awaitNanos(AbstractQueuedSynchronizer.java:2078)
        at org.apache.ratis.util.DataBlockingQueue.poll(DataBlockingQueue.java:148)
        at org.apache.ratis.server.raftlog.segmented.SegmentedRaftLogWorker.run(SegmentedRaftLogWorker.java:310)
        at org.apache.ratis.server.raftlog.segmented.SegmentedRaftLogWorker$$Lambda$665/1658742493.run(Unknown Source)
        at java.lang.Thread.run(Thread.java:750)
"StaleRecoveringContainerScrubbingService#1" daemon prio=5 tid=510 timed_waiting
java.lang.Thread.State: TIMED_WAITING
        at sun.misc.Unsafe.park(Native Method)
        at java.util.concurrent.locks.LockSupport.parkNanos(LockSupport.java:215)
        at java.util.concurrent.locks.AbstractQueuedSynchronizer$ConditionObject.awaitNanos(AbstractQueuedSynchronizer.java:2078)
        at java.util.concurrent.ScheduledThreadPoolExecutor$DelayedWorkQueue.take(ScheduledThreadPoolExecutor.java:1093)
        at java.util.concurrent.ScheduledThreadPoolExecutor$DelayedWorkQueue.take(ScheduledThreadPoolExecutor.java:809)
        at java.util.concurrent.ThreadPoolExecutor.getTask(ThreadPoolExecutor.java:1074)
        at java.util.concurrent.ThreadPoolExecutor.runWorker(ThreadPoolExecutor.java:1134)
        at java.util.concurrent.ThreadPoolExecutor$Worker.run(ThreadPoolExecutor.java:624)
        at java.lang.Thread.run(Thread.java:750)
"org.apache.hadoop.util.JvmPauseMonitor$Monitor@7add3158" daemon prio=5 tid=485 timed_waiting
java.lang.Thread.State: TIMED_WAITING
        at java.lang.Thread.sleep(Native Method)
        at org.apache.hadoop.util.JvmPauseMonitor$Monitor.run(JvmPauseMonitor.java:192)
        at java.lang.Thread.run(Thread.java:750)
"c32434d6-2497-484c-95de-45f9e03d5624@group-204990BD3269-SegmentedRaftLogWorker"  prio=5 tid=656 timed_waiting
java.lang.Thread.State: TIMED_WAITING
        at sun.misc.Unsafe.park(Native Method)
        at java.util.concurrent.locks.LockSupport.parkNanos(LockSupport.java:215)
        at java.util.concurrent.locks.AbstractQueuedSynchronizer$ConditionObject.awaitNanos(AbstractQueuedSynchronizer.java:2078)
        at org.apache.ratis.util.DataBlockingQueue.poll(DataBlockingQueue.java:148)
        at org.apache.ratis.server.raftlog.segmented.SegmentedRaftLogWorker.run(SegmentedRaftLogWorker.java:310)
        at org.apache.ratis.server.raftlog.segmented.SegmentedRaftLogWorker$$Lambda$665/1658742493.run(Unknown Source)
        at java.lang.Thread.run(Thread.java:750)
"ChunkReader-2" daemon prio=5 tid=790 in Object.wait()
java.lang.Thread.State: WAITING (on object monitor)
        at sun.misc.Unsafe.park(Native Method)
        at java.util.concurrent.locks.LockSupport.park(LockSupport.java:175)
        at java.util.concurrent.locks.AbstractQueuedSynchronizer$ConditionObject.await(AbstractQueuedSynchronizer.java:2039)
        at java.util.concurrent.LinkedBlockingQueue.take(LinkedBlockingQueue.java:442)
        at java.util.concurrent.ThreadPoolExecutor.getTask(ThreadPoolExecutor.java:1074)
        at java.util.concurrent.ThreadPoolExecutor.runWorker(ThreadPoolExecutor.java:1134)
        at java.util.concurrent.ThreadPoolExecutor$Worker.run(ThreadPoolExecutor.java:624)
        at java.lang.Thread.run(Thread.java:750)
"BlockDeletingService#0" daemon prio=5 tid=550 in Object.wait()
java.lang.Thread.State: WAITING (on object monitor)
        at sun.misc.Unsafe.park(Native Method)
        at java.util.concurrent.locks.LockSupport.park(LockSupport.java:175)
        at java.util.concurrent.locks.AbstractQueuedSynchronizer$ConditionObject.await(AbstractQueuedSynchronizer.java:2039)
        at java.util.concurrent.ScheduledThreadPoolExecutor$DelayedWorkQueue.take(ScheduledThreadPoolExecutor.java:1088)
        at java.util.concurrent.ScheduledThreadPoolExecutor$DelayedWorkQueue.take(ScheduledThreadPoolExecutor.java:809)
        at java.util.concurrent.ThreadPoolExecutor.getTask(ThreadPoolExecutor.java:1074)
        at java.util.concurrent.ThreadPoolExecutor.runWorker(ThreadPoolExecutor.java:1134)
        at java.util.concurrent.ThreadPoolExecutor$Worker.run(ThreadPoolExecutor.java:624)
        at java.lang.Thread.run(Thread.java:750)
"c32434d6-2497-484c-95de-45f9e03d5624@group-3134A2B79DBE->0dd4671e-e5ba-49c8-8afe-be056577c247-GrpcLogAppender-LogAppenderDaemon" daemon prio=5 tid=920 timed_waiting
java.lang.Thread.State: TIMED_WAITING
        at sun.misc.Unsafe.park(Native Method)
        at java.util.concurrent.locks.LockSupport.parkNanos(LockSupport.java:215)
        at java.util.concurrent.CompletableFuture$Signaller.block(CompletableFuture.java:1709)
        at java.util.concurrent.ForkJoinPool.managedBlock(ForkJoinPool.java:3323)
        at java.util.concurrent.CompletableFuture.timedGet(CompletableFuture.java:1788)
        at java.util.concurrent.CompletableFuture.get(CompletableFuture.java:1928)
        at org.apache.ratis.util.AwaitForSignal.await(AwaitForSignal.java:56)
        at org.apache.ratis.grpc.server.GrpcLogAppender.mayWait(GrpcLogAppender.java:198)
        at org.apache.ratis.grpc.server.GrpcLogAppender.run(GrpcLogAppender.java:148)
        at org.apache.ratis.server.leader.LogAppenderDaemon.run(LogAppenderDaemon.java:78)
        at org.apache.ratis.server.leader.LogAppenderDaemon$$Lambda$1042/1806567153.run(Unknown Source)
        at java.lang.Thread.run(Thread.java:750)
"ChunkReader-1" daemon prio=5 tid=791 in Object.wait()
java.lang.Thread.State: WAITING (on object monitor)
        at sun.misc.Unsafe.park(Native Method)
        at java.util.concurrent.locks.LockSupport.park(LockSupport.java:175)
        at java.util.concurrent.locks.AbstractQueuedSynchronizer$ConditionObject.await(AbstractQueuedSynchronizer.java:2039)
        at java.util.concurrent.LinkedBlockingQueue.take(LinkedBlockingQueue.java:442)
        at java.util.concurrent.ThreadPoolExecutor.getTask(ThreadPoolExecutor.java:1074)
        at java.util.concurrent.ThreadPoolExecutor.runWorker(ThreadPoolExecutor.java:1134)
        at java.util.concurrent.ThreadPoolExecutor$Worker.run(ThreadPoolExecutor.java:624)
        at java.lang.Thread.run(Thread.java:750)
"Over Replicated Processor" daemon prio=5 tid=856 timed_waiting
java.lang.Thread.State: TIMED_WAITING
        at java.lang.Object.wait(Native Method)
        at org.apache.hadoop.hdds.scm.container.replication.OverReplicatedProcessor.run(OverReplicatedProcessor.java:131)
        at java.lang.Thread.run(Thread.java:750)
"Session-HouseKeeper-3cc3f137-1"  prio=5 tid=324 timed_waiting
java.lang.Thread.State: TIMED_WAITING
        at sun.misc.Unsafe.park(Native Method)
        at java.util.concurrent.locks.LockSupport.parkNanos(LockSupport.java:215)
        at java.util.concurrent.locks.AbstractQueuedSynchronizer$ConditionObject.awaitNanos(AbstractQueuedSynchronizer.java:2078)
        at java.util.concurrent.ScheduledThreadPoolExecutor$DelayedWorkQueue.take(ScheduledThreadPoolExecutor.java:1093)
        at java.util.concurrent.ScheduledThreadPoolExecutor$DelayedWorkQueue.take(ScheduledThreadPoolExecutor.java:809)
        at java.util.concurrent.ThreadPoolExecutor.getTask(ThreadPoolExecutor.java:1074)
        at java.util.concurrent.ThreadPoolExecutor.runWorker(ThreadPoolExecutor.java:1134)
        at java.util.concurrent.ThreadPoolExecutor$Worker.run(ThreadPoolExecutor.java:624)
        at java.lang.Thread.run(Thread.java:750)
"qtp966253930-186" daemon prio=5 tid=186 timed_waiting
java.lang.Thread.State: TIMED_WAITING
        at sun.misc.Unsafe.park(Native Method)
        at java.util.concurrent.locks.LockSupport.parkNanos(LockSupport.java:215)
        at java.util.concurrent.locks.AbstractQueuedSynchronizer$ConditionObject.awaitNanos(AbstractQueuedSynchronizer.java:2078)
        at org.eclipse.jetty.util.BlockingArrayQueue.poll(BlockingArrayQueue.java:382)
        at org.eclipse.jetty.util.thread.QueuedThreadPool$Runner.idleJobPoll(QueuedThreadPool.java:974)
        at org.eclipse.jetty.util.thread.QueuedThreadPool$Runner.run(QueuedThreadPool.java:1018)
        at java.lang.Thread.run(Thread.java:750)
"Datanode State Machine Task Thread - 0"  prio=5 tid=448 in Object.wait()
java.lang.Thread.State: WAITING (on object monitor)
        at sun.misc.Unsafe.park(Native Method)
        at java.util.concurrent.locks.LockSupport.park(LockSupport.java:175)
        at java.util.concurrent.locks.AbstractQueuedSynchronizer$ConditionObject.await(AbstractQueuedSynchronizer.java:2039)
        at java.util.concurrent.LinkedBlockingQueue.take(LinkedBlockingQueue.java:442)
        at java.util.concurrent.ThreadPoolExecutor.getTask(ThreadPoolExecutor.java:1074)
        at java.util.concurrent.ThreadPoolExecutor.runWorker(ThreadPoolExecutor.java:1134)
        at java.util.concurrent.ThreadPoolExecutor$Worker.run(ThreadPoolExecutor.java:624)
        at java.lang.Thread.run(Thread.java:750)
"IPC Server handler 13 on default port 44219" daemon prio=5 tid=80 timed_waiting
java.lang.Thread.State: TIMED_WAITING
        at sun.misc.Unsafe.park(Native Method)
        at java.util.concurrent.locks.LockSupport.parkNanos(LockSupport.java:215)
        at java.util.concurrent.locks.AbstractQueuedSynchronizer$ConditionObject.awaitNanos(AbstractQueuedSynchronizer.java:2078)
        at java.util.concurrent.LinkedBlockingQueue.poll(LinkedBlockingQueue.java:467)
        at org.apache.hadoop.ipc.CallQueueManager.take(CallQueueManager.java:317)
        at org.apache.hadoop.ipc.Server$Handler.run(Server.java:2942)
"JvmPauseMonitor6" daemon prio=5 tid=505 timed_waiting
java.lang.Thread.State: TIMED_WAITING
        at java.lang.Thread.sleep(Native Method)
        at java.lang.Thread.sleep(Thread.java:342)
        at java.util.concurrent.TimeUnit.sleep(TimeUnit.java:386)
        at org.apache.ratis.util.TimeDuration.sleep(TimeDuration.java:325)
        at org.apache.ratis.util.TimeDuration.sleep(TimeDuration.java:310)
        at org.apache.ratis.util.JvmPauseMonitor.detectPause(JvmPauseMonitor.java:119)
        at org.apache.ratis.util.JvmPauseMonitor.run(JvmPauseMonitor.java:108)
        at org.apache.ratis.util.JvmPauseMonitor$$Lambda$706/19678348.run(Unknown Source)
        at java.lang.Thread.run(Thread.java:750)
"qtp2011228831-319" daemon prio=5 tid=319 timed_waiting
java.lang.Thread.State: TIMED_WAITING
        at sun.misc.Unsafe.park(Native Method)
        at java.util.concurrent.locks.LockSupport.parkNanos(LockSupport.java:215)
        at java.util.concurrent.locks.AbstractQueuedSynchronizer$ConditionObject.awaitNanos(AbstractQueuedSynchronizer.java:2078)
        at org.eclipse.jetty.util.BlockingArrayQueue.poll(BlockingArrayQueue.java:382)
        at org.eclipse.jetty.util.thread.QueuedThreadPool$Runner.idleJobPoll(QueuedThreadPool.java:974)
        at org.eclipse.jetty.util.thread.QueuedThreadPool$Runner.run(QueuedThreadPool.java:1018)
        at java.lang.Thread.run(Thread.java:750)
"Datanode ReportManager Thread - 1" daemon prio=5 tid=404 timed_waiting
java.lang.Thread.State: TIMED_WAITING
        at sun.misc.Unsafe.park(Native Method)
        at java.util.concurrent.locks.LockSupport.parkNanos(LockSupport.java:215)
        at java.util.concurrent.locks.AbstractQueuedSynchronizer$ConditionObject.awaitNanos(AbstractQueuedSynchronizer.java:2078)
        at java.util.concurrent.ScheduledThreadPoolExecutor$DelayedWorkQueue.take(ScheduledThreadPoolExecutor.java:1093)
        at java.util.concurrent.ScheduledThreadPoolExecutor$DelayedWorkQueue.take(ScheduledThreadPoolExecutor.java:809)
        at java.util.concurrent.ThreadPoolExecutor.getTask(ThreadPoolExecutor.java:1074)
        at java.util.concurrent.ThreadPoolExecutor.runWorker(ThreadPoolExecutor.java:1134)
        at java.util.concurrent.ThreadPoolExecutor$Worker.run(ThreadPoolExecutor.java:624)
        at java.lang.Thread.run(Thread.java:750)
"OpenKeyCleanupService#0" daemon prio=5 tid=143 timed_waiting
java.lang.Thread.State: TIMED_WAITING
        at sun.misc.Unsafe.park(Native Method)
        at java.util.concurrent.locks.LockSupport.parkNanos(LockSupport.java:215)
        at java.util.concurrent.locks.AbstractQueuedSynchronizer$ConditionObject.awaitNanos(AbstractQueuedSynchronizer.java:2078)
        at java.util.concurrent.ScheduledThreadPoolExecutor$DelayedWorkQueue.take(ScheduledThreadPoolExecutor.java:1093)
        at java.util.concurrent.ScheduledThreadPoolExecutor$DelayedWorkQueue.take(ScheduledThreadPoolExecutor.java:809)
        at java.util.concurrent.ThreadPoolExecutor.getTask(ThreadPoolExecutor.java:1074)
        at java.util.concurrent.ThreadPoolExecutor.runWorker(ThreadPoolExecutor.java:1134)
        at java.util.concurrent.ThreadPoolExecutor$Worker.run(ThreadPoolExecutor.java:624)
        at java.lang.Thread.run(Thread.java:750)
"EventQueue-CloseContainerForCloseContainerEventHandler" daemon prio=5 tid=836 in Object.wait()
java.lang.Thread.State: WAITING (on object monitor)
        at sun.misc.Unsafe.park(Native Method)
        at java.util.concurrent.locks.LockSupport.park(LockSupport.java:175)
        at java.util.concurrent.locks.AbstractQueuedSynchronizer$ConditionObject.await(AbstractQueuedSynchronizer.java:2039)
        at java.util.concurrent.LinkedBlockingQueue.take(LinkedBlockingQueue.java:442)
        at java.util.concurrent.ThreadPoolExecutor.getTask(ThreadPoolExecutor.java:1074)
        at java.util.concurrent.ThreadPoolExecutor.runWorker(ThreadPoolExecutor.java:1134)
        at java.util.concurrent.ThreadPoolExecutor$Worker.run(ThreadPoolExecutor.java:624)
        at java.lang.Thread.run(Thread.java:750)
"pool-203-thread-1" daemon prio=5 tid=337 timed_waiting
java.lang.Thread.State: TIMED_WAITING
        at sun.misc.Unsafe.park(Native Method)
        at java.util.concurrent.locks.LockSupport.parkNanos(LockSupport.java:215)
        at java.util.concurrent.locks.AbstractQueuedSynchronizer$ConditionObject.awaitNanos(AbstractQueuedSynchronizer.java:2078)
        at java.util.concurrent.ScheduledThreadPoolExecutor$DelayedWorkQueue.take(ScheduledThreadPoolExecutor.java:1093)
        at java.util.concurrent.ScheduledThreadPoolExecutor$DelayedWorkQueue.take(ScheduledThreadPoolExecutor.java:809)
        at java.util.concurrent.ThreadPoolExecutor.getTask(ThreadPoolExecutor.java:1074)
        at java.util.concurrent.ThreadPoolExecutor.runWorker(ThreadPoolExecutor.java:1134)
        at java.util.concurrent.ThreadPoolExecutor$Worker.run(ThreadPoolExecutor.java:624)
        at java.lang.Thread.run(Thread.java:750)
"qtp1010968386-385" daemon prio=5 tid=385 timed_waiting
java.lang.Thread.State: TIMED_WAITING
        at sun.misc.Unsafe.park(Native Method)
        at java.util.concurrent.locks.LockSupport.parkNanos(LockSupport.java:215)
        at java.util.concurrent.locks.AbstractQueuedSynchronizer$ConditionObject.awaitNanos(AbstractQueuedSynchronizer.java:2078)
        at org.eclipse.jetty.util.BlockingArrayQueue.poll(BlockingArrayQueue.java:382)
        at org.eclipse.jetty.util.thread.QueuedThreadPool$Runner.idleJobPoll(QueuedThreadPool.java:974)
        at org.eclipse.jetty.util.thread.QueuedThreadPool$Runner.run(QueuedThreadPool.java:1018)
        at java.lang.Thread.run(Thread.java:750)
"c32434d6-2497-484c-95de-45f9e03d5624@group-3134A2B79DBE-StateMachineUpdater" daemon prio=5 tid=674 timed_waiting
java.lang.Thread.State: TIMED_WAITING
        at sun.misc.Unsafe.park(Native Method)
        at java.util.concurrent.locks.LockSupport.parkNanos(LockSupport.java:215)
        at java.util.concurrent.CompletableFuture$Signaller.block(CompletableFuture.java:1709)
        at java.util.concurrent.ForkJoinPool.managedBlock(ForkJoinPool.java:3323)
        at java.util.concurrent.CompletableFuture.timedGet(CompletableFuture.java:1788)
        at java.util.concurrent.CompletableFuture.get(CompletableFuture.java:1928)
        at org.apache.ratis.util.AwaitForSignal.await(AwaitForSignal.java:56)
        at org.apache.ratis.server.impl.StateMachineUpdater.waitForCommit(StateMachineUpdater.java:207)
        at org.apache.ratis.server.impl.StateMachineUpdater.run(StateMachineUpdater.java:176)
        at java.lang.Thread.run(Thread.java:750)
"qtp410671928-151" daemon prio=5 tid=151 timed_waiting
java.lang.Thread.State: TIMED_WAITING
        at sun.misc.Unsafe.park(Native Method)
        at java.util.concurrent.locks.LockSupport.parkNanos(LockSupport.java:215)
        at java.util.concurrent.locks.AbstractQueuedSynchronizer$ConditionObject.awaitNanos(AbstractQueuedSynchronizer.java:2078)
        at org.eclipse.jetty.util.BlockingArrayQueue.poll(BlockingArrayQueue.java:382)
        at org.eclipse.jetty.util.thread.QueuedThreadPool$Runner.idleJobPoll(QueuedThreadPool.java:974)
        at org.eclipse.jetty.util.thread.QueuedThreadPool$Runner.run(QueuedThreadPool.java:1018)
        at java.lang.Thread.run(Thread.java:750)
"ChunkWriter-2-0" daemon prio=5 tid=521 in Object.wait()
java.lang.Thread.State: WAITING (on object monitor)
        at sun.misc.Unsafe.park(Native Method)
        at java.util.concurrent.locks.LockSupport.park(LockSupport.java:175)
        at java.util.concurrent.locks.AbstractQueuedSynchronizer$ConditionObject.await(AbstractQueuedSynchronizer.java:2039)
        at java.util.concurrent.LinkedBlockingDeque.takeFirst(LinkedBlockingDeque.java:492)
        at java.util.concurrent.LinkedBlockingDeque.take(LinkedBlockingDeque.java:680)
        at java.util.concurrent.ThreadPoolExecutor.getTask(ThreadPoolExecutor.java:1074)
        at java.util.concurrent.ThreadPoolExecutor.runWorker(ThreadPoolExecutor.java:1134)
        at java.util.concurrent.ThreadPoolExecutor$Worker.run(ThreadPoolExecutor.java:624)
        at java.lang.Thread.run(Thread.java:750)
"EndpointStateMachine task thread for /0.0.0.0:43187 - 0 "  prio=5 tid=488 in Object.wait()
java.lang.Thread.State: WAITING (on object monitor)
        at sun.misc.Unsafe.park(Native Method)
        at java.util.concurrent.locks.LockSupport.park(LockSupport.java:175)
        at java.util.concurrent.locks.AbstractQueuedSynchronizer$ConditionObject.await(AbstractQueuedSynchronizer.java:2039)
        at java.util.concurrent.LinkedBlockingQueue.take(LinkedBlockingQueue.java:442)
        at java.util.concurrent.ThreadPoolExecutor.getTask(ThreadPoolExecutor.java:1074)
        at java.util.concurrent.ThreadPoolExecutor.runWorker(ThreadPoolExecutor.java:1134)
        at java.util.concurrent.ThreadPoolExecutor$Worker.run(ThreadPoolExecutor.java:624)
        at java.lang.Thread.run(Thread.java:750)
"Command processor thread" daemon prio=5 tid=484 timed_waiting
java.lang.Thread.State: TIMED_WAITING
        at java.lang.Thread.sleep(Native Method)
        at org.apache.hadoop.ozone.container.common.statemachine.DatanodeStateMachine.lambda$initCommandHandlerThread$3(DatanodeStateMachine.java:641)
        at org.apache.hadoop.ozone.container.common.statemachine.DatanodeStateMachine$$Lambda$753/767635075.run(Unknown Source)
        at java.lang.Thread.run(Thread.java:750)
"Datanode ReportManager Thread - 4" daemon prio=5 tid=198 timed_waiting
java.lang.Thread.State: TIMED_WAITING
        at sun.misc.Unsafe.park(Native Method)
        at java.util.concurrent.locks.LockSupport.parkNanos(LockSupport.java:215)
        at java.util.concurrent.locks.AbstractQueuedSynchronizer$ConditionObject.awaitNanos(AbstractQueuedSynchronizer.java:2078)
        at java.util.concurrent.ScheduledThreadPoolExecutor$DelayedWorkQueue.take(ScheduledThreadPoolExecutor.java:1093)
        at java.util.concurrent.ScheduledThreadPoolExecutor$DelayedWorkQueue.take(ScheduledThreadPoolExecutor.java:809)
        at java.util.concurrent.ThreadPoolExecutor.getTask(ThreadPoolExecutor.java:1074)
        at java.util.concurrent.ThreadPoolExecutor.runWorker(ThreadPoolExecutor.java:1134)
        at java.util.concurrent.ThreadPoolExecutor$Worker.run(ThreadPoolExecutor.java:624)
        at java.lang.Thread.run(Thread.java:750)
"ChunkWriter-1-0" daemon prio=5 tid=469 in Object.wait()
java.lang.Thread.State: WAITING (on object monitor)
        at sun.misc.Unsafe.park(Native Method)
        at java.util.concurrent.locks.LockSupport.park(LockSupport.java:175)
        at java.util.concurrent.locks.AbstractQueuedSynchronizer$ConditionObject.await(AbstractQueuedSynchronizer.java:2039)
        at java.util.concurrent.LinkedBlockingDeque.takeFirst(LinkedBlockingDeque.java:492)
        at java.util.concurrent.LinkedBlockingDeque.take(LinkedBlockingDeque.java:680)
        at java.util.concurrent.ThreadPoolExecutor.getTask(ThreadPoolExecutor.java:1074)
        at java.util.concurrent.ThreadPoolExecutor.runWorker(ThreadPoolExecutor.java:1134)
        at java.util.concurrent.ThreadPoolExecutor$Worker.run(ThreadPoolExecutor.java:624)
        at java.lang.Thread.run(Thread.java:750)
"pool-141-thread-1"  prio=5 tid=606 in Object.wait()
java.lang.Thread.State: WAITING (on object monitor)
        at sun.misc.Unsafe.park(Native Method)
        at java.util.concurrent.locks.LockSupport.park(LockSupport.java:175)
        at java.util.concurrent.locks.AbstractQueuedSynchronizer$ConditionObject.await(AbstractQueuedSynchronizer.java:2039)
        at java.util.concurrent.LinkedBlockingQueue.take(LinkedBlockingQueue.java:442)
        at java.util.concurrent.ThreadPoolExecutor.getTask(ThreadPoolExecutor.java:1074)
        at java.util.concurrent.ThreadPoolExecutor.runWorker(ThreadPoolExecutor.java:1134)
        at java.util.concurrent.ThreadPoolExecutor$Worker.run(ThreadPoolExecutor.java:624)
        at java.lang.Thread.run(Thread.java:750)
"qtp1581909647-291-acceptor-0@41abbe59-ServerConnector@1d430022{HTTP/1.1, (http/1.1)}{0.0.0.0:40213}" daemon prio=3 tid=291 runnable
java.lang.Thread.State: RUNNABLE
        at sun.nio.ch.ServerSocketChannelImpl.accept0(Native Method)
        at sun.nio.ch.ServerSocketChannelImpl.accept(ServerSocketChannelImpl.java:421)
        at sun.nio.ch.ServerSocketChannelImpl.accept(ServerSocketChannelImpl.java:249)
        at org.eclipse.jetty.server.ServerConnector.accept(ServerConnector.java:388)
        at org.eclipse.jetty.server.AbstractConnector$Acceptor.run(AbstractConnector.java:704)
        at org.eclipse.jetty.util.thread.QueuedThreadPool.runJob(QueuedThreadPool.java:883)
        at org.eclipse.jetty.util.thread.QueuedThreadPool$Runner.run(QueuedThreadPool.java:1034)
        at java.lang.Thread.run(Thread.java:750)
"qtp966253930-190" daemon prio=5 tid=190 timed_waiting
java.lang.Thread.State: TIMED_WAITING
        at sun.misc.Unsafe.park(Native Method)
        at java.util.concurrent.locks.LockSupport.parkNanos(LockSupport.java:215)
        at java.util.concurrent.locks.AbstractQueuedSynchronizer$ConditionObject.awaitNanos(AbstractQueuedSynchronizer.java:2078)
        at org.eclipse.jetty.util.BlockingArrayQueue.poll(BlockingArrayQueue.java:382)
        at org.eclipse.jetty.util.thread.QueuedThreadPool$Runner.idleJobPoll(QueuedThreadPool.java:974)
        at org.eclipse.jetty.util.thread.QueuedThreadPool$Runner.run(QueuedThreadPool.java:1018)
        at java.lang.Thread.run(Thread.java:750)
"qtp743713322-244" daemon prio=5 tid=244 timed_waiting
java.lang.Thread.State: TIMED_WAITING
        at sun.misc.Unsafe.park(Native Method)
        at java.util.concurrent.locks.LockSupport.parkNanos(LockSupport.java:215)
        at java.util.concurrent.locks.AbstractQueuedSynchronizer$ConditionObject.awaitNanos(AbstractQueuedSynchronizer.java:2078)
        at org.eclipse.jetty.util.BlockingArrayQueue.poll(BlockingArrayQueue.java:382)
        at org.eclipse.jetty.util.thread.QueuedThreadPool$Runner.idleJobPoll(QueuedThreadPool.java:974)
        at org.eclipse.jetty.util.thread.QueuedThreadPool$Runner.run(QueuedThreadPool.java:1018)
        at java.lang.Thread.run(Thread.java:750)
"timer5" daemon prio=5 tid=803 timed_waiting
java.lang.Thread.State: TIMED_WAITING
        at java.lang.Object.wait(Native Method)
        at java.util.TimerThread.mainLoop(Timer.java:552)
        at java.util.TimerThread.run(Timer.java:505)
"Periodic HDDS volume checker" daemon prio=5 tid=450 timed_waiting
java.lang.Thread.State: TIMED_WAITING
        at sun.misc.Unsafe.park(Native Method)
        at java.util.concurrent.locks.LockSupport.parkNanos(LockSupport.java:215)
        at java.util.concurrent.locks.AbstractQueuedSynchronizer$ConditionObject.awaitNanos(AbstractQueuedSynchronizer.java:2078)
        at java.util.concurrent.ScheduledThreadPoolExecutor$DelayedWorkQueue.take(ScheduledThreadPoolExecutor.java:1093)
        at java.util.concurrent.ScheduledThreadPoolExecutor$DelayedWorkQueue.take(ScheduledThreadPoolExecutor.java:809)
        at java.util.concurrent.ThreadPoolExecutor.getTask(ThreadPoolExecutor.java:1074)
        at java.util.concurrent.ThreadPoolExecutor.runWorker(ThreadPoolExecutor.java:1134)
        at java.util.concurrent.ThreadPoolExecutor$Worker.run(ThreadPoolExecutor.java:624)
        at java.lang.Thread.run(Thread.java:750)
"99050580-db91-402e-a30b-7426b5391f3a@group-D39F9C32CD8E-StateMachineUpdater" daemon prio=5 tid=622 timed_waiting
java.lang.Thread.State: TIMED_WAITING
        at sun.misc.Unsafe.park(Native Method)
        at java.util.concurrent.locks.LockSupport.parkNanos(LockSupport.java:215)
        at java.util.concurrent.CompletableFuture$Signaller.block(CompletableFuture.java:1709)
        at java.util.concurrent.ForkJoinPool.managedBlock(ForkJoinPool.java:3323)
        at java.util.concurrent.CompletableFuture.timedGet(CompletableFuture.java:1788)
        at java.util.concurrent.CompletableFuture.get(CompletableFuture.java:1928)
        at org.apache.ratis.util.AwaitForSignal.await(AwaitForSignal.java:56)
        at org.apache.ratis.server.impl.StateMachineUpdater.waitForCommit(StateMachineUpdater.java:207)
        at org.apache.ratis.server.impl.StateMachineUpdater.run(StateMachineUpdater.java:176)
        at java.lang.Thread.run(Thread.java:750)
"IPC Server handler 18 on default port 37293" daemon prio=5 tid=65 timed_waiting
java.lang.Thread.State: TIMED_WAITING
        at sun.misc.Unsafe.park(Native Method)
        at java.util.concurrent.locks.LockSupport.parkNanos(LockSupport.java:215)
        at java.util.concurrent.locks.AbstractQueuedSynchronizer$ConditionObject.awaitNanos(AbstractQueuedSynchronizer.java:2078)
        at java.util.concurrent.LinkedBlockingQueue.poll(LinkedBlockingQueue.java:467)
        at org.apache.hadoop.ipc.CallQueueManager.take(CallQueueManager.java:317)
        at org.apache.hadoop.ipc.Server$Handler.run(Server.java:2942)
"StaleRecoveringContainerScrubbingService#0" daemon prio=5 tid=370 in Object.wait()
java.lang.Thread.State: WAITING (on object monitor)
        at sun.misc.Unsafe.park(Native Method)
        at java.util.concurrent.locks.LockSupport.park(LockSupport.java:175)
        at java.util.concurrent.locks.AbstractQueuedSynchronizer$ConditionObject.await(AbstractQueuedSynchronizer.java:2039)
        at java.util.concurrent.ScheduledThreadPoolExecutor$DelayedWorkQueue.take(ScheduledThreadPoolExecutor.java:1088)
        at java.util.concurrent.ScheduledThreadPoolExecutor$DelayedWorkQueue.take(ScheduledThreadPoolExecutor.java:809)
        at java.util.concurrent.ThreadPoolExecutor.getTask(ThreadPoolExecutor.java:1074)
        at java.util.concurrent.ThreadPoolExecutor.runWorker(ThreadPoolExecutor.java:1134)
        at java.util.concurrent.ThreadPoolExecutor$Worker.run(ThreadPoolExecutor.java:624)
        at java.lang.Thread.run(Thread.java:750)
"qtp1078491960-270" daemon prio=5 tid=270 timed_waiting
java.lang.Thread.State: TIMED_WAITING
        at sun.misc.Unsafe.park(Native Method)
        at java.util.concurrent.locks.LockSupport.parkNanos(LockSupport.java:215)
        at java.util.concurrent.locks.AbstractQueuedSynchronizer$ConditionObject.awaitNanos(AbstractQueuedSynchronizer.java:2078)
        at org.eclipse.jetty.util.BlockingArrayQueue.poll(BlockingArrayQueue.java:382)
        at org.eclipse.jetty.util.thread.QueuedThreadPool$Runner.idleJobPoll(QueuedThreadPool.java:974)
        at org.eclipse.jetty.util.thread.QueuedThreadPool$Runner.run(QueuedThreadPool.java:1018)
        at java.lang.Thread.run(Thread.java:750)
"IPC Server handler 6 on default port 37293" daemon prio=5 tid=53 timed_waiting
java.lang.Thread.State: TIMED_WAITING
        at sun.misc.Unsafe.park(Native Method)
        at java.util.concurrent.locks.LockSupport.parkNanos(LockSupport.java:215)
        at java.util.concurrent.locks.AbstractQueuedSynchronizer$ConditionObject.awaitNanos(AbstractQueuedSynchronizer.java:2078)
        at java.util.concurrent.LinkedBlockingQueue.poll(LinkedBlockingQueue.java:467)
        at org.apache.hadoop.ipc.CallQueueManager.take(CallQueueManager.java:317)
        at org.apache.hadoop.ipc.Server$Handler.run(Server.java:2942)
"om1-client-thread1" daemon prio=5 tid=763 timed_waiting
java.lang.Thread.State: TIMED_WAITING
        at sun.misc.Unsafe.park(Native Method)
        at java.util.concurrent.locks.LockSupport.parkNanos(LockSupport.java:215)
        at java.util.concurrent.SynchronousQueue$TransferStack.awaitFulfill(SynchronousQueue.java:460)
        at java.util.concurrent.SynchronousQueue$TransferStack.transfer(SynchronousQueue.java:362)
        at java.util.concurrent.SynchronousQueue.poll(SynchronousQueue.java:941)
        at java.util.concurrent.ThreadPoolExecutor.getTask(ThreadPoolExecutor.java:1073)
        at java.util.concurrent.ThreadPoolExecutor.runWorker(ThreadPoolExecutor.java:1134)
        at java.util.concurrent.ThreadPoolExecutor$Worker.run(ThreadPoolExecutor.java:624)
        at java.lang.Thread.run(Thread.java:750)
"ChunkReader-3" daemon prio=5 tid=797 in Object.wait()
java.lang.Thread.State: WAITING (on object monitor)
        at sun.misc.Unsafe.park(Native Method)
        at java.util.concurrent.locks.LockSupport.park(LockSupport.java:175)
        at java.util.concurrent.locks.AbstractQueuedSynchronizer$ConditionObject.await(AbstractQueuedSynchronizer.java:2039)
        at java.util.concurrent.LinkedBlockingQueue.take(LinkedBlockingQueue.java:442)
        at java.util.concurrent.ThreadPoolExecutor.getTask(ThreadPoolExecutor.java:1074)
        at java.util.concurrent.ThreadPoolExecutor.runWorker(ThreadPoolExecutor.java:1134)
        at java.util.concurrent.ThreadPoolExecutor$Worker.run(ThreadPoolExecutor.java:624)
        at java.lang.Thread.run(Thread.java:750)
"IPC Server handler 2 on default port 44219" daemon prio=5 tid=69 timed_waiting
java.lang.Thread.State: TIMED_WAITING
        at sun.misc.Unsafe.park(Native Method)
        at java.util.concurrent.locks.LockSupport.parkNanos(LockSupport.java:215)
        at java.util.concurrent.locks.AbstractQueuedSynchronizer$ConditionObject.awaitNanos(AbstractQueuedSynchronizer.java:2078)
        at java.util.concurrent.LinkedBlockingQueue.poll(LinkedBlockingQueue.java:467)
        at org.apache.hadoop.ipc.CallQueueManager.take(CallQueueManager.java:317)
        at org.apache.hadoop.ipc.Server$Handler.run(Server.java:2942)
"StaleRecoveringContainerScrubbingService#1" daemon prio=5 tid=527 timed_waiting
java.lang.Thread.State: TIMED_WAITING
        at sun.misc.Unsafe.park(Native Method)
        at java.util.concurrent.locks.LockSupport.parkNanos(LockSupport.java:215)
        at java.util.concurrent.locks.AbstractQueuedSynchronizer$ConditionObject.awaitNanos(AbstractQueuedSynchronizer.java:2078)
        at java.util.concurrent.ScheduledThreadPoolExecutor$DelayedWorkQueue.take(ScheduledThreadPoolExecutor.java:1093)
        at java.util.concurrent.ScheduledThreadPoolExecutor$DelayedWorkQueue.take(ScheduledThreadPoolExecutor.java:809)
        at java.util.concurrent.ThreadPoolExecutor.getTask(ThreadPoolExecutor.java:1074)
        at java.util.concurrent.ThreadPoolExecutor.runWorker(ThreadPoolExecutor.java:1134)
        at java.util.concurrent.ThreadPoolExecutor$Worker.run(ThreadPoolExecutor.java:624)
        at java.lang.Thread.run(Thread.java:750)
"qtp1078491960-268" daemon prio=5 tid=268 timed_waiting
java.lang.Thread.State: TIMED_WAITING
        at sun.misc.Unsafe.park(Native Method)
        at java.util.concurrent.locks.LockSupport.parkNanos(LockSupport.java:215)
        at java.util.concurrent.locks.AbstractQueuedSynchronizer$ConditionObject.awaitNanos(AbstractQueuedSynchronizer.java:2078)
        at org.eclipse.jetty.util.BlockingArrayQueue.poll(BlockingArrayQueue.java:382)
        at org.eclipse.jetty.util.thread.QueuedThreadPool$Runner.idleJobPoll(QueuedThreadPool.java:974)
        at org.eclipse.jetty.util.thread.QueuedThreadPool$Runner.run(QueuedThreadPool.java:1018)
        at java.lang.Thread.run(Thread.java:750)
"qtp410671928-152" daemon prio=5 tid=152 timed_waiting
java.lang.Thread.State: TIMED_WAITING
        at sun.misc.Unsafe.park(Native Method)
        at java.util.concurrent.locks.LockSupport.parkNanos(LockSupport.java:215)
        at java.util.concurrent.locks.AbstractQueuedSynchronizer$ConditionObject.awaitNanos(AbstractQueuedSynchronizer.java:2078)
        at org.eclipse.jetty.util.BlockingArrayQueue.poll(BlockingArrayQueue.java:382)
        at org.eclipse.jetty.util.thread.QueuedThreadPool$Runner.idleJobPoll(QueuedThreadPool.java:974)
        at org.eclipse.jetty.util.thread.QueuedThreadPool$Runner.run(QueuedThreadPool.java:1018)
        at java.lang.Thread.run(Thread.java:750)
"IPC Server handler 18 on default port 43187" daemon prio=5 tid=105 timed_waiting
java.lang.Thread.State: TIMED_WAITING
        at sun.misc.Unsafe.park(Native Method)
        at java.util.concurrent.locks.LockSupport.parkNanos(LockSupport.java:215)
        at java.util.concurrent.locks.AbstractQueuedSynchronizer$ConditionObject.awaitNanos(AbstractQueuedSynchronizer.java:2078)
        at java.util.concurrent.LinkedBlockingQueue.poll(LinkedBlockingQueue.java:467)
        at org.apache.hadoop.ipc.CallQueueManager.take(CallQueueManager.java:317)
        at org.apache.hadoop.ipc.Server$Handler.run(Server.java:2942)
"5b5b9152-5d2c-4522-9940-e93bc8d8546d@group-3134A2B79DBE-FollowerState" daemon prio=5 tid=918 timed_waiting
java.lang.Thread.State: TIMED_WAITING
        at java.lang.Thread.sleep(Native Method)
        at java.lang.Thread.sleep(Thread.java:342)
        at java.util.concurrent.TimeUnit.sleep(TimeUnit.java:386)
        at org.apache.ratis.util.TimeDuration.sleep(TimeDuration.java:325)
        at org.apache.ratis.util.TimeDuration.sleep(TimeDuration.java:310)
        at org.apache.ratis.server.impl.FollowerState.run(FollowerState.java:128)
"ChunkReader-0" daemon prio=5 tid=773 in Object.wait()
java.lang.Thread.State: WAITING (on object monitor)
        at sun.misc.Unsafe.park(Native Method)
        at java.util.concurrent.locks.LockSupport.park(LockSupport.java:175)
        at java.util.concurrent.locks.AbstractQueuedSynchronizer$ConditionObject.await(AbstractQueuedSynchronizer.java:2039)
        at java.util.concurrent.LinkedBlockingQueue.take(LinkedBlockingQueue.java:442)
        at java.util.concurrent.ThreadPoolExecutor.getTask(ThreadPoolExecutor.java:1074)
        at java.util.concurrent.ThreadPoolExecutor.runWorker(ThreadPoolExecutor.java:1134)
        at java.util.concurrent.ThreadPoolExecutor$Worker.run(ThreadPoolExecutor.java:624)
        at java.lang.Thread.run(Thread.java:750)
"grpc-default-executor-3" daemon prio=5 tid=738 timed_waiting
java.lang.Thread.State: TIMED_WAITING
        at sun.misc.Unsafe.park(Native Method)
        at java.util.concurrent.locks.LockSupport.parkNanos(LockSupport.java:215)
        at java.util.concurrent.SynchronousQueue$TransferStack.awaitFulfill(SynchronousQueue.java:460)
        at java.util.concurrent.SynchronousQueue$TransferStack.transfer(SynchronousQueue.java:362)
        at java.util.concurrent.SynchronousQueue.poll(SynchronousQueue.java:941)
        at java.util.concurrent.ThreadPoolExecutor.getTask(ThreadPoolExecutor.java:1073)
        at java.util.concurrent.ThreadPoolExecutor.runWorker(ThreadPoolExecutor.java:1134)
        at java.util.concurrent.ThreadPoolExecutor$Worker.run(ThreadPoolExecutor.java:624)
        at java.lang.Thread.run(Thread.java:750)
"qtp2011228831-318" daemon prio=5 tid=318 timed_waiting
java.lang.Thread.State: TIMED_WAITING
        at sun.misc.Unsafe.park(Native Method)
        at java.util.concurrent.locks.LockSupport.parkNanos(LockSupport.java:215)
        at java.util.concurrent.locks.AbstractQueuedSynchronizer$ConditionObject.awaitNanos(AbstractQueuedSynchronizer.java:2078)
        at org.eclipse.jetty.util.BlockingArrayQueue.poll(BlockingArrayQueue.java:382)
        at org.eclipse.jetty.util.thread.QueuedThreadPool$Runner.idleJobPoll(QueuedThreadPool.java:974)
        at org.eclipse.jetty.util.thread.QueuedThreadPool$Runner.run(QueuedThreadPool.java:1018)
        at java.lang.Thread.run(Thread.java:750)
"0dd4671e-e5ba-49c8-8afe-be056577c247@group-D3D5B8692D3E-SegmentedRaftLogWorker"  prio=5 tid=649 timed_waiting
java.lang.Thread.State: TIMED_WAITING
        at sun.misc.Unsafe.park(Native Method)
        at java.util.concurrent.locks.LockSupport.parkNanos(LockSupport.java:215)
        at java.util.concurrent.locks.AbstractQueuedSynchronizer$ConditionObject.awaitNanos(AbstractQueuedSynchronizer.java:2078)
        at org.apache.ratis.util.DataBlockingQueue.poll(DataBlockingQueue.java:148)
        at org.apache.ratis.server.raftlog.segmented.SegmentedRaftLogWorker.run(SegmentedRaftLogWorker.java:310)
        at org.apache.ratis.server.raftlog.segmented.SegmentedRaftLogWorker$$Lambda$665/1658742493.run(Unknown Source)
        at java.lang.Thread.run(Thread.java:750)
"5b5b9152-5d2c-4522-9940-e93bc8d8546d@group-9E5AF68AEC75-LeaderStateImpl" daemon prio=5 tid=761 timed_waiting
java.lang.Thread.State: TIMED_WAITING
        at sun.misc.Unsafe.park(Native Method)
        at java.util.concurrent.locks.LockSupport.parkNanos(LockSupport.java:215)
        at java.util.concurrent.locks.AbstractQueuedSynchronizer$ConditionObject.awaitNanos(AbstractQueuedSynchronizer.java:2078)
        at java.util.concurrent.ArrayBlockingQueue.poll(ArrayBlockingQueue.java:418)
        at org.apache.ratis.server.impl.LeaderStateImpl$EventQueue.poll(LeaderStateImpl.java:159)
        at org.apache.ratis.server.impl.LeaderStateImpl$EventProcessor.run(LeaderStateImpl.java:630)
"qtp1593771601-423" daemon prio=5 tid=423 timed_waiting
java.lang.Thread.State: TIMED_WAITING
        at sun.misc.Unsafe.park(Native Method)
        at java.util.concurrent.locks.LockSupport.parkNanos(LockSupport.java:215)
        at java.util.concurrent.locks.AbstractQueuedSynchronizer$ConditionObject.awaitNanos(AbstractQueuedSynchronizer.java:2078)
        at org.eclipse.jetty.util.BlockingArrayQueue.poll(BlockingArrayQueue.java:382)
        at org.eclipse.jetty.util.thread.QueuedThreadPool$Runner.idleJobPoll(QueuedThreadPool.java:974)
        at org.eclipse.jetty.util.thread.QueuedThreadPool$Runner.run(QueuedThreadPool.java:1018)
        at java.lang.Thread.run(Thread.java:750)
"Datanode State Machine Task Thread - 0"  prio=5 tid=333 in Object.wait()
java.lang.Thread.State: WAITING (on object monitor)
        at sun.misc.Unsafe.park(Native Method)
        at java.util.concurrent.locks.LockSupport.park(LockSupport.java:175)
        at java.util.concurrent.locks.AbstractQueuedSynchronizer$ConditionObject.await(AbstractQueuedSynchronizer.java:2039)
        at java.util.concurrent.LinkedBlockingQueue.take(LinkedBlockingQueue.java:442)
        at java.util.concurrent.ThreadPoolExecutor.getTask(ThreadPoolExecutor.java:1074)
        at java.util.concurrent.ThreadPoolExecutor.runWorker(ThreadPoolExecutor.java:1134)
        at java.util.concurrent.ThreadPoolExecutor$Worker.run(ThreadPoolExecutor.java:624)
        at java.lang.Thread.run(Thread.java:750)
"ChunkReader-0" daemon prio=5 tid=774 in Object.wait()
java.lang.Thread.State: WAITING (on object monitor)
        at sun.misc.Unsafe.park(Native Method)
        at java.util.concurrent.locks.LockSupport.park(LockSupport.java:175)
        at java.util.concurrent.locks.AbstractQueuedSynchronizer$ConditionObject.await(AbstractQueuedSynchronizer.java:2039)
        at java.util.concurrent.LinkedBlockingQueue.take(LinkedBlockingQueue.java:442)
        at java.util.concurrent.ThreadPoolExecutor.getTask(ThreadPoolExecutor.java:1074)
        at java.util.concurrent.ThreadPoolExecutor.runWorker(ThreadPoolExecutor.java:1134)
        at java.util.concurrent.ThreadPoolExecutor$Worker.run(ThreadPoolExecutor.java:624)
        at java.lang.Thread.run(Thread.java:750)
"Datanode State Machine Task Thread - 1"  prio=5 tid=428 in Object.wait()
java.lang.Thread.State: WAITING (on object monitor)
        at sun.misc.Unsafe.park(Native Method)
        at java.util.concurrent.locks.LockSupport.park(LockSupport.java:175)
        at java.util.concurrent.locks.AbstractQueuedSynchronizer$ConditionObject.await(AbstractQueuedSynchronizer.java:2039)
        at java.util.concurrent.LinkedBlockingQueue.take(LinkedBlockingQueue.java:442)
        at java.util.concurrent.ThreadPoolExecutor.getTask(ThreadPoolExecutor.java:1074)
        at java.util.concurrent.ThreadPoolExecutor.runWorker(ThreadPoolExecutor.java:1134)
        at java.util.concurrent.ThreadPoolExecutor$Worker.run(ThreadPoolExecutor.java:624)
        at java.lang.Thread.run(Thread.java:750)
"18b69636-199d-46b1-a155-faec2a9e6e92@group-D39F9C32CD8E-SegmentedRaftLogWorker"  prio=5 tid=613 timed_waiting
java.lang.Thread.State: TIMED_WAITING
        at sun.misc.Unsafe.park(Native Method)
        at java.util.concurrent.locks.LockSupport.parkNanos(LockSupport.java:215)
        at java.util.concurrent.locks.AbstractQueuedSynchronizer$ConditionObject.awaitNanos(AbstractQueuedSynchronizer.java:2078)
        at org.apache.ratis.util.DataBlockingQueue.poll(DataBlockingQueue.java:148)
        at org.apache.ratis.server.raftlog.segmented.SegmentedRaftLogWorker.run(SegmentedRaftLogWorker.java:310)
        at org.apache.ratis.server.raftlog.segmented.SegmentedRaftLogWorker$$Lambda$665/1658742493.run(Unknown Source)
        at java.lang.Thread.run(Thread.java:750)
"ChunkReader-ELG-0" daemon prio=5 tid=537 runnable
java.lang.Thread.State: RUNNABLE
        at org.apache.ratis.thirdparty.io.netty.channel.epoll.Native.epollWait(Native Method)
        at org.apache.ratis.thirdparty.io.netty.channel.epoll.Native.epollWait(Native.java:209)
        at org.apache.ratis.thirdparty.io.netty.channel.epoll.Native.epollWait(Native.java:202)
        at org.apache.ratis.thirdparty.io.netty.channel.epoll.EpollEventLoop.epollWaitNoTimerChange(EpollEventLoop.java:294)
        at org.apache.ratis.thirdparty.io.netty.channel.epoll.EpollEventLoop.run(EpollEventLoop.java:351)
        at org.apache.ratis.thirdparty.io.netty.util.concurrent.SingleThreadEventExecutor$4.run(SingleThreadEventExecutor.java:995)
        at org.apache.ratis.thirdparty.io.netty.util.internal.ThreadExecutorMap$2.run(ThreadExecutorMap.java:74)
        at java.lang.Thread.run(Thread.java:750)
"qtp1010968386-386" daemon prio=5 tid=386 timed_waiting
java.lang.Thread.State: TIMED_WAITING
        at sun.misc.Unsafe.park(Native Method)
        at java.util.concurrent.locks.LockSupport.parkNanos(LockSupport.java:215)
        at java.util.concurrent.locks.AbstractQueuedSynchronizer$ConditionObject.awaitNanos(AbstractQueuedSynchronizer.java:2078)
        at org.eclipse.jetty.util.BlockingArrayQueue.poll(BlockingArrayQueue.java:382)
        at org.eclipse.jetty.util.thread.QueuedThreadPool$Runner.idleJobPoll(QueuedThreadPool.java:974)
        at org.eclipse.jetty.util.thread.QueuedThreadPool$Runner.run(QueuedThreadPool.java:1018)
        at java.lang.Thread.run(Thread.java:750)
"IPC Server handler 16 on default port 44219" daemon prio=5 tid=83 timed_waiting
java.lang.Thread.State: TIMED_WAITING
        at sun.misc.Unsafe.park(Native Method)
        at java.util.concurrent.locks.LockSupport.parkNanos(LockSupport.java:215)
        at java.util.concurrent.locks.AbstractQueuedSynchronizer$ConditionObject.awaitNanos(AbstractQueuedSynchronizer.java:2078)
        at java.util.concurrent.LinkedBlockingQueue.poll(LinkedBlockingQueue.java:467)
        at org.apache.hadoop.ipc.CallQueueManager.take(CallQueueManager.java:317)
        at org.apache.hadoop.ipc.Server$Handler.run(Server.java:2942)
"qtp2135382997-462" daemon prio=5 tid=462 timed_waiting
java.lang.Thread.State: TIMED_WAITING
        at sun.misc.Unsafe.park(Native Method)
        at java.util.concurrent.locks.LockSupport.parkNanos(LockSupport.java:215)
        at java.util.concurrent.locks.AbstractQueuedSynchronizer$ConditionObject.awaitNanos(AbstractQueuedSynchronizer.java:2078)
        at org.eclipse.jetty.util.BlockingArrayQueue.poll(BlockingArrayQueue.java:382)
        at org.eclipse.jetty.util.thread.QueuedThreadPool$Runner.idleJobPoll(QueuedThreadPool.java:974)
        at org.eclipse.jetty.util.thread.QueuedThreadPool$Runner.run(QueuedThreadPool.java:1018)
        at java.lang.Thread.run(Thread.java:750)
"Datanode State Machine Task Thread - 1"  prio=5 tid=466 in Object.wait()
java.lang.Thread.State: WAITING (on object monitor)
        at sun.misc.Unsafe.park(Native Method)
        at java.util.concurrent.locks.LockSupport.park(LockSupport.java:175)
        at java.util.concurrent.locks.AbstractQueuedSynchronizer$ConditionObject.await(AbstractQueuedSynchronizer.java:2039)
        at java.util.concurrent.LinkedBlockingQueue.take(LinkedBlockingQueue.java:442)
        at java.util.concurrent.ThreadPoolExecutor.getTask(ThreadPoolExecutor.java:1074)
        at java.util.concurrent.ThreadPoolExecutor.runWorker(ThreadPoolExecutor.java:1134)
        at java.util.concurrent.ThreadPoolExecutor$Worker.run(ThreadPoolExecutor.java:624)
        at java.lang.Thread.run(Thread.java:750)
"IPC Server handler 19 on default port 35095" daemon prio=5 tid=173 timed_waiting
java.lang.Thread.State: TIMED_WAITING
        at sun.misc.Unsafe.park(Native Method)
        at java.util.concurrent.locks.LockSupport.parkNanos(LockSupport.java:215)
        at java.util.concurrent.locks.AbstractQueuedSynchronizer$ConditionObject.awaitNanos(AbstractQueuedSynchronizer.java:2078)
        at java.util.concurrent.LinkedBlockingQueue.poll(LinkedBlockingQueue.java:467)
        at org.apache.hadoop.ipc.CallQueueManager.take(CallQueueManager.java:317)
        at org.apache.hadoop.ipc.Server$Handler.run(Server.java:2942)
"qtp1581909647-294" daemon prio=5 tid=294 timed_waiting
java.lang.Thread.State: TIMED_WAITING
        at sun.misc.Unsafe.park(Native Method)
        at java.util.concurrent.locks.LockSupport.parkNanos(LockSupport.java:215)
        at java.util.concurrent.locks.AbstractQueuedSynchronizer$ConditionObject.awaitNanos(AbstractQueuedSynchronizer.java:2078)
        at org.eclipse.jetty.util.BlockingArrayQueue.poll(BlockingArrayQueue.java:382)
        at org.eclipse.jetty.util.thread.QueuedThreadPool$Runner.idleJobPoll(QueuedThreadPool.java:974)
        at org.eclipse.jetty.util.thread.QueuedThreadPool$Runner.run(QueuedThreadPool.java:1018)
        at java.lang.Thread.run(Thread.java:750)
"0dd4671e-e5ba-49c8-8afe-be056577c247-server-thread1" daemon prio=5 tid=923 timed_waiting
java.lang.Thread.State: TIMED_WAITING
        at sun.misc.Unsafe.park(Native Method)
        at java.util.concurrent.locks.LockSupport.parkNanos(LockSupport.java:215)
        at java.util.concurrent.SynchronousQueue$TransferStack.awaitFulfill(SynchronousQueue.java:460)
        at java.util.concurrent.SynchronousQueue$TransferStack.transfer(SynchronousQueue.java:362)
        at java.util.concurrent.SynchronousQueue.poll(SynchronousQueue.java:941)
        at java.util.concurrent.ThreadPoolExecutor.getTask(ThreadPoolExecutor.java:1073)
        at java.util.concurrent.ThreadPoolExecutor.runWorker(ThreadPoolExecutor.java:1134)
        at java.util.concurrent.ThreadPoolExecutor$Worker.run(ThreadPoolExecutor.java:624)
        at java.lang.Thread.run(Thread.java:750)
"org.apache.hadoop.ozone.container.common.statemachine.commandhandler.DeleteBlocksCommandHandler$DeleteCmdWorker@3f682e1f" daemon prio=5 tid=379 timed_waiting
java.lang.Thread.State: TIMED_WAITING
        at java.lang.Thread.sleep(Native Method)
        at org.apache.hadoop.ozone.container.common.statemachine.commandhandler.DeleteBlocksCommandHandler$DeleteCmdWorker.run(DeleteBlocksCommandHandler.java:183)
        at java.lang.Thread.run(Thread.java:750)
"Datanode ReportManager Thread - 0" daemon prio=5 tid=403 in Object.wait()
java.lang.Thread.State: WAITING (on object monitor)
        at sun.misc.Unsafe.park(Native Method)
        at java.util.concurrent.locks.LockSupport.park(LockSupport.java:175)
        at java.util.concurrent.locks.AbstractQueuedSynchronizer$ConditionObject.await(AbstractQueuedSynchronizer.java:2039)
        at java.util.concurrent.ScheduledThreadPoolExecutor$DelayedWorkQueue.take(ScheduledThreadPoolExecutor.java:1088)
        at java.util.concurrent.ScheduledThreadPoolExecutor$DelayedWorkQueue.take(ScheduledThreadPoolExecutor.java:809)
        at java.util.concurrent.ThreadPoolExecutor.getTask(ThreadPoolExecutor.java:1074)
        at java.util.concurrent.ThreadPoolExecutor.runWorker(ThreadPoolExecutor.java:1134)
        at java.util.concurrent.ThreadPoolExecutor$Worker.run(ThreadPoolExecutor.java:624)
        at java.lang.Thread.run(Thread.java:750)
"5b5b9152-5d2c-4522-9940-e93bc8d8546d-server-thread1" daemon prio=5 tid=927 timed_waiting
java.lang.Thread.State: TIMED_WAITING
        at sun.misc.Unsafe.park(Native Method)
        at java.util.concurrent.locks.LockSupport.parkNanos(LockSupport.java:215)
        at java.util.concurrent.SynchronousQueue$TransferStack.awaitFulfill(SynchronousQueue.java:460)
        at java.util.concurrent.SynchronousQueue$TransferStack.transfer(SynchronousQueue.java:362)
        at java.util.concurrent.SynchronousQueue.poll(SynchronousQueue.java:941)
        at java.util.concurrent.ThreadPoolExecutor.getTask(ThreadPoolExecutor.java:1073)
        at java.util.concurrent.ThreadPoolExecutor.runWorker(ThreadPoolExecutor.java:1134)
        at java.util.concurrent.ThreadPoolExecutor$Worker.run(ThreadPoolExecutor.java:624)
        at java.lang.Thread.run(Thread.java:750)
"Datanode ReportManager Thread - 2" daemon prio=5 tid=196 in Object.wait()
java.lang.Thread.State: WAITING (on object monitor)
        at sun.misc.Unsafe.park(Native Method)
        at java.util.concurrent.locks.LockSupport.park(LockSupport.java:175)
        at java.util.concurrent.locks.AbstractQueuedSynchronizer$ConditionObject.await(AbstractQueuedSynchronizer.java:2039)
        at java.util.concurrent.ScheduledThreadPoolExecutor$DelayedWorkQueue.take(ScheduledThreadPoolExecutor.java:1088)
        at java.util.concurrent.ScheduledThreadPoolExecutor$DelayedWorkQueue.take(ScheduledThreadPoolExecutor.java:809)
        at java.util.concurrent.ThreadPoolExecutor.getTask(ThreadPoolExecutor.java:1074)
        at java.util.concurrent.ThreadPoolExecutor.runWorker(ThreadPoolExecutor.java:1134)
        at java.util.concurrent.ThreadPoolExecutor$Worker.run(ThreadPoolExecutor.java:624)
        at java.lang.Thread.run(Thread.java:750)
"c32434d6-2497-484c-95de-45f9e03d5624@group-204990BD3269-FollowerState" daemon prio=5 tid=730 timed_waiting
java.lang.Thread.State: TIMED_WAITING
        at java.lang.Thread.sleep(Native Method)
        at java.lang.Thread.sleep(Thread.java:342)
        at java.util.concurrent.TimeUnit.sleep(TimeUnit.java:386)
        at org.apache.ratis.util.TimeDuration.sleep(TimeDuration.java:325)
        at org.apache.ratis.util.TimeDuration.sleep(TimeDuration.java:310)
        at org.apache.ratis.server.impl.FollowerState.run(FollowerState.java:128)
"StaleRecoveringContainerScrubbingService#1" daemon prio=5 tid=371 timed_waiting
java.lang.Thread.State: TIMED_WAITING
        at sun.misc.Unsafe.park(Native Method)
        at java.util.concurrent.locks.LockSupport.parkNanos(LockSupport.java:215)
        at java.util.concurrent.locks.AbstractQueuedSynchronizer$ConditionObject.awaitNanos(AbstractQueuedSynchronizer.java:2078)
        at java.util.concurrent.ScheduledThreadPoolExecutor$DelayedWorkQueue.take(ScheduledThreadPoolExecutor.java:1093)
        at java.util.concurrent.ScheduledThreadPoolExecutor$DelayedWorkQueue.take(ScheduledThreadPoolExecutor.java:809)
        at java.util.concurrent.ThreadPoolExecutor.getTask(ThreadPoolExecutor.java:1074)
        at java.util.concurrent.ThreadPoolExecutor.runWorker(ThreadPoolExecutor.java:1134)
        at java.util.concurrent.ThreadPoolExecutor$Worker.run(ThreadPoolExecutor.java:624)
        at java.lang.Thread.run(Thread.java:750)
"0dd4671e-e5ba-49c8-8afe-be056577c247@group-204990BD3269-StateMachineUpdater" daemon prio=5 tid=654 timed_waiting
java.lang.Thread.State: TIMED_WAITING
        at sun.misc.Unsafe.park(Native Method)
        at java.util.concurrent.locks.LockSupport.parkNanos(LockSupport.java:215)
        at java.util.concurrent.CompletableFuture$Signaller.block(CompletableFuture.java:1709)
        at java.util.concurrent.ForkJoinPool.managedBlock(ForkJoinPool.java:3323)
        at java.util.concurrent.CompletableFuture.timedGet(CompletableFuture.java:1788)
        at java.util.concurrent.CompletableFuture.get(CompletableFuture.java:1928)
        at org.apache.ratis.util.AwaitForSignal.await(AwaitForSignal.java:56)
        at org.apache.ratis.server.impl.StateMachineUpdater.waitForCommit(StateMachineUpdater.java:207)
        at org.apache.ratis.server.impl.StateMachineUpdater.run(StateMachineUpdater.java:176)
        at java.lang.Thread.run(Thread.java:750)
"ChunkReader-2" daemon prio=5 tid=798 in Object.wait()
java.lang.Thread.State: WAITING (on object monitor)
        at sun.misc.Unsafe.park(Native Method)
        at java.util.concurrent.locks.LockSupport.park(LockSupport.java:175)
        at java.util.concurrent.locks.AbstractQueuedSynchronizer$ConditionObject.await(AbstractQueuedSynchronizer.java:2039)
        at java.util.concurrent.LinkedBlockingQueue.take(LinkedBlockingQueue.java:442)
        at java.util.concurrent.ThreadPoolExecutor.getTask(ThreadPoolExecutor.java:1074)
        at java.util.concurrent.ThreadPoolExecutor.runWorker(ThreadPoolExecutor.java:1134)
        at java.util.concurrent.ThreadPoolExecutor$Worker.run(ThreadPoolExecutor.java:624)
        at java.lang.Thread.run(Thread.java:750)
"StaleRecoveringContainerScrubbingService#0" daemon prio=5 tid=551 in Object.wait()
java.lang.Thread.State: WAITING (on object monitor)
        at sun.misc.Unsafe.park(Native Method)
        at java.util.concurrent.locks.LockSupport.park(LockSupport.java:175)
        at java.util.concurrent.locks.AbstractQueuedSynchronizer$ConditionObject.await(AbstractQueuedSynchronizer.java:2039)
        at java.util.concurrent.ScheduledThreadPoolExecutor$DelayedWorkQueue.take(ScheduledThreadPoolExecutor.java:1088)
        at java.util.concurrent.ScheduledThreadPoolExecutor$DelayedWorkQueue.take(ScheduledThreadPoolExecutor.java:809)
        at java.util.concurrent.ThreadPoolExecutor.getTask(ThreadPoolExecutor.java:1074)
        at java.util.concurrent.ThreadPoolExecutor.runWorker(ThreadPoolExecutor.java:1134)
        at java.util.concurrent.ThreadPoolExecutor$Worker.run(ThreadPoolExecutor.java:624)
        at java.lang.Thread.run(Thread.java:750)
"FixedThreadPoolWithAffinityExecutor-9-0" daemon prio=5 tid=44 timed_waiting
java.lang.Thread.State: TIMED_WAITING
        at sun.misc.Unsafe.park(Native Method)
        at java.util.concurrent.locks.LockSupport.parkNanos(LockSupport.java:215)
        at java.util.concurrent.locks.AbstractQueuedSynchronizer$ConditionObject.awaitNanos(AbstractQueuedSynchronizer.java:2078)
        at java.util.concurrent.LinkedBlockingQueue.poll(LinkedBlockingQueue.java:467)
        at org.apache.hadoop.hdds.scm.server.ContainerReportQueue.poll(ContainerReportQueue.java:266)
        at org.apache.hadoop.hdds.scm.server.ContainerReportQueue.poll(ContainerReportQueue.java:42)
        at org.apache.hadoop.hdds.server.events.FixedThreadPoolWithAffinityExecutor$ContainerReportProcessTask.run(FixedThreadPoolWithAffinityExecutor.java:218)
        at java.util.concurrent.Executors$RunnableAdapter.call(Executors.java:511)
        at java.util.concurrent.FutureTask.run(FutureTask.java:266)
        at java.util.concurrent.ThreadPoolExecutor.runWorker(ThreadPoolExecutor.java:1149)
        at java.util.concurrent.ThreadPoolExecutor$Worker.run(ThreadPoolExecutor.java:624)
        at java.lang.Thread.run(Thread.java:750)
"IPC Server handler 4 on default port 43187" daemon prio=5 tid=91 timed_waiting
java.lang.Thread.State: TIMED_WAITING
        at sun.misc.Unsafe.park(Native Method)
        at java.util.concurrent.locks.LockSupport.parkNanos(LockSupport.java:215)
        at java.util.concurrent.locks.AbstractQueuedSynchronizer$ConditionObject.awaitNanos(AbstractQueuedSynchronizer.java:2078)
        at java.util.concurrent.LinkedBlockingQueue.poll(LinkedBlockingQueue.java:467)
        at org.apache.hadoop.ipc.CallQueueManager.take(CallQueueManager.java:317)
        at org.apache.hadoop.ipc.Server$Handler.run(Server.java:2942)
"Under Replicated Processor" daemon prio=5 tid=855 timed_waiting
java.lang.Thread.State: TIMED_WAITING
        at java.lang.Object.wait(Native Method)
        at org.apache.hadoop.hdds.scm.container.replication.UnderReplicatedProcessor.run(UnderReplicatedProcessor.java:142)
        at java.lang.Thread.run(Thread.java:750)
"Datanode ReportManager Thread - 4" daemon prio=5 tid=278 in Object.wait()
java.lang.Thread.State: WAITING (on object monitor)
        at sun.misc.Unsafe.park(Native Method)
        at java.util.concurrent.locks.LockSupport.park(LockSupport.java:175)
        at java.util.concurrent.locks.AbstractQueuedSynchronizer$ConditionObject.await(AbstractQueuedSynchronizer.java:2039)
        at java.util.concurrent.ScheduledThreadPoolExecutor$DelayedWorkQueue.take(ScheduledThreadPoolExecutor.java:1088)
        at java.util.concurrent.ScheduledThreadPoolExecutor$DelayedWorkQueue.take(ScheduledThreadPoolExecutor.java:809)
        at java.util.concurrent.ThreadPoolExecutor.getTask(ThreadPoolExecutor.java:1074)
        at java.util.concurrent.ThreadPoolExecutor.runWorker(ThreadPoolExecutor.java:1134)
        at java.util.concurrent.ThreadPoolExecutor$Worker.run(ThreadPoolExecutor.java:624)
        at java.lang.Thread.run(Thread.java:750)
"Datanode State Machine Daemon Thread" daemon prio=5 tid=325 timed_waiting
java.lang.Thread.State: TIMED_WAITING
        at java.lang.Thread.sleep(Native Method)
        at org.apache.hadoop.ozone.container.common.statemachine.DatanodeStateMachine.startStateMachineThread(DatanodeStateMachine.java:321)
        at org.apache.hadoop.ozone.container.common.statemachine.DatanodeStateMachine.lambda$startDaemon$0(DatanodeStateMachine.java:506)
        at org.apache.hadoop.ozone.container.common.statemachine.DatanodeStateMachine$$Lambda$751/1932525059.run(Unknown Source)
        at java.lang.Thread.run(Thread.java:750)
"Datanode State Machine Daemon Thread" daemon prio=5 tid=193 timed_waiting
java.lang.Thread.State: TIMED_WAITING
        at java.lang.Thread.sleep(Native Method)
        at org.apache.hadoop.ozone.container.common.statemachine.DatanodeStateMachine.startStateMachineThread(DatanodeStateMachine.java:321)
        at org.apache.hadoop.ozone.container.common.statemachine.DatanodeStateMachine.lambda$startDaemon$0(DatanodeStateMachine.java:506)
        at org.apache.hadoop.ozone.container.common.statemachine.DatanodeStateMachine$$Lambda$751/1932525059.run(Unknown Source)
        at java.lang.Thread.run(Thread.java:750)
"EventQueue-NodeReportForNodeReportHandler" daemon prio=5 tid=932 in Object.wait()
java.lang.Thread.State: WAITING (on object monitor)
        at sun.misc.Unsafe.park(Native Method)
        at java.util.concurrent.locks.LockSupport.park(LockSupport.java:175)
        at java.util.concurrent.locks.AbstractQueuedSynchronizer$ConditionObject.await(AbstractQueuedSynchronizer.java:2039)
        at java.util.concurrent.LinkedBlockingQueue.take(LinkedBlockingQueue.java:442)
        at java.util.concurrent.ThreadPoolExecutor.getTask(ThreadPoolExecutor.java:1074)
        at java.util.concurrent.ThreadPoolExecutor.runWorker(ThreadPoolExecutor.java:1134)
        at java.util.concurrent.ThreadPoolExecutor$Worker.run(ThreadPoolExecutor.java:624)
        at java.lang.Thread.run(Thread.java:750)
"EventQueue-NodeRegistrationContainerReportForDataNodeSafeModeRule" daemon prio=5 tid=513 in Object.wait()
java.lang.Thread.State: WAITING (on object monitor)
        at sun.misc.Unsafe.park(Native Method)
        at java.util.concurrent.locks.LockSupport.park(LockSupport.java:175)
        at java.util.concurrent.locks.AbstractQueuedSynchronizer$ConditionObject.await(AbstractQueuedSynchronizer.java:2039)
        at java.util.concurrent.LinkedBlockingQueue.take(LinkedBlockingQueue.java:442)
        at java.util.concurrent.ThreadPoolExecutor.getTask(ThreadPoolExecutor.java:1074)
        at java.util.concurrent.ThreadPoolExecutor.runWorker(ThreadPoolExecutor.java:1134)
        at java.util.concurrent.ThreadPoolExecutor$Worker.run(ThreadPoolExecutor.java:624)
        at java.lang.Thread.run(Thread.java:750)
"pool-284-thread-1" daemon prio=5 tid=452 timed_waiting
java.lang.Thread.State: TIMED_WAITING
        at sun.misc.Unsafe.park(Native Method)
        at java.util.concurrent.locks.LockSupport.parkNanos(LockSupport.java:215)
        at java.util.concurrent.locks.AbstractQueuedSynchronizer$ConditionObject.awaitNanos(AbstractQueuedSynchronizer.java:2078)
        at java.util.concurrent.ScheduledThreadPoolExecutor$DelayedWorkQueue.take(ScheduledThreadPoolExecutor.java:1093)
        at java.util.concurrent.ScheduledThreadPoolExecutor$DelayedWorkQueue.take(ScheduledThreadPoolExecutor.java:809)
        at java.util.concurrent.ThreadPoolExecutor.getTask(ThreadPoolExecutor.java:1074)
        at java.util.concurrent.ThreadPoolExecutor.runWorker(ThreadPoolExecutor.java:1134)
        at java.util.concurrent.ThreadPoolExecutor$Worker.run(ThreadPoolExecutor.java:624)
        at java.lang.Thread.run(Thread.java:750)
"Datanode ReportManager Thread - 4" daemon prio=5 tid=483 in Object.wait()
java.lang.Thread.State: WAITING (on object monitor)
        at sun.misc.Unsafe.park(Native Method)
        at java.util.concurrent.locks.LockSupport.park(LockSupport.java:175)
        at java.util.concurrent.locks.AbstractQueuedSynchronizer$ConditionObject.await(AbstractQueuedSynchronizer.java:2039)
        at java.util.concurrent.ScheduledThreadPoolExecutor$DelayedWorkQueue.take(ScheduledThreadPoolExecutor.java:1088)
        at java.util.concurrent.ScheduledThreadPoolExecutor$DelayedWorkQueue.take(ScheduledThreadPoolExecutor.java:809)
        at java.util.concurrent.ThreadPoolExecutor.getTask(ThreadPoolExecutor.java:1074)
        at java.util.concurrent.ThreadPoolExecutor.runWorker(ThreadPoolExecutor.java:1134)
        at java.util.concurrent.ThreadPoolExecutor$Worker.run(ThreadPoolExecutor.java:624)
        at java.lang.Thread.run(Thread.java:750)
"BlockDeletingService#1" daemon prio=5 tid=564 timed_waiting
java.lang.Thread.State: TIMED_WAITING
        at sun.misc.Unsafe.park(Native Method)
        at java.util.concurrent.locks.LockSupport.parkNanos(LockSupport.java:215)
        at java.util.concurrent.locks.AbstractQueuedSynchronizer$ConditionObject.awaitNanos(AbstractQueuedSynchronizer.java:2078)
        at java.util.concurrent.ScheduledThreadPoolExecutor$DelayedWorkQueue.take(ScheduledThreadPoolExecutor.java:1093)
        at java.util.concurrent.ScheduledThreadPoolExecutor$DelayedWorkQueue.take(ScheduledThreadPoolExecutor.java:809)
        at java.util.concurrent.ThreadPoolExecutor.getTask(ThreadPoolExecutor.java:1074)
        at java.util.concurrent.ThreadPoolExecutor.runWorker(ThreadPoolExecutor.java:1134)
        at java.util.concurrent.ThreadPoolExecutor$Worker.run(ThreadPoolExecutor.java:624)
        at java.lang.Thread.run(Thread.java:750)
"qtp2011228831-322" daemon prio=5 tid=322 timed_waiting
java.lang.Thread.State: TIMED_WAITING
        at sun.misc.Unsafe.park(Native Method)
        at java.util.concurrent.locks.LockSupport.parkNanos(LockSupport.java:215)
        at java.util.concurrent.locks.AbstractQueuedSynchronizer$ConditionObject.awaitNanos(AbstractQueuedSynchronizer.java:2078)
        at org.eclipse.jetty.util.BlockingArrayQueue.poll(BlockingArrayQueue.java:382)
        at org.eclipse.jetty.util.thread.QueuedThreadPool$Runner.idleJobPoll(QueuedThreadPool.java:974)
        at org.eclipse.jetty.util.thread.QueuedThreadPool$Runner.run(QueuedThreadPool.java:1018)
        at java.lang.Thread.run(Thread.java:750)
"Command processor thread" daemon prio=5 tid=253 timed_waiting
java.lang.Thread.State: TIMED_WAITING
        at java.lang.Thread.sleep(Native Method)
        at org.apache.hadoop.ozone.container.common.statemachine.DatanodeStateMachine.lambda$initCommandHandlerThread$3(DatanodeStateMachine.java:641)
        at org.apache.hadoop.ozone.container.common.statemachine.DatanodeStateMachine$$Lambda$753/767635075.run(Unknown Source)
        at java.lang.Thread.run(Thread.java:750)
"JvmPauseMonitor9" daemon prio=5 tid=548 timed_waiting
java.lang.Thread.State: TIMED_WAITING
        at java.lang.Thread.sleep(Native Method)
        at java.lang.Thread.sleep(Thread.java:342)
        at java.util.concurrent.TimeUnit.sleep(TimeUnit.java:386)
        at org.apache.ratis.util.TimeDuration.sleep(TimeDuration.java:325)
        at org.apache.ratis.util.TimeDuration.sleep(TimeDuration.java:310)
        at org.apache.ratis.util.JvmPauseMonitor.detectPause(JvmPauseMonitor.java:119)
        at org.apache.ratis.util.JvmPauseMonitor.run(JvmPauseMonitor.java:108)
        at org.apache.ratis.util.JvmPauseMonitor$$Lambda$706/19678348.run(Unknown Source)
        at java.lang.Thread.run(Thread.java:750)
"StaleRecoveringContainerScrubbingService#1" daemon prio=5 tid=439 timed_waiting
java.lang.Thread.State: TIMED_WAITING
        at sun.misc.Unsafe.park(Native Method)
        at java.util.concurrent.locks.LockSupport.parkNanos(LockSupport.java:215)
        at java.util.concurrent.locks.AbstractQueuedSynchronizer$ConditionObject.awaitNanos(AbstractQueuedSynchronizer.java:2078)
        at java.util.concurrent.ScheduledThreadPoolExecutor$DelayedWorkQueue.take(ScheduledThreadPoolExecutor.java:1093)
        at java.util.concurrent.ScheduledThreadPoolExecutor$DelayedWorkQueue.take(ScheduledThreadPoolExecutor.java:809)
        at java.util.concurrent.ThreadPoolExecutor.getTask(ThreadPoolExecutor.java:1074)
        at java.util.concurrent.ThreadPoolExecutor.runWorker(ThreadPoolExecutor.java:1134)
        at java.util.concurrent.ThreadPoolExecutor$Worker.run(ThreadPoolExecutor.java:624)
        at java.lang.Thread.run(Thread.java:750)
"Command processor thread" daemon prio=5 tid=199 timed_waiting
java.lang.Thread.State: TIMED_WAITING
        at java.lang.Thread.sleep(Native Method)
        at org.apache.hadoop.ozone.container.common.statemachine.DatanodeStateMachine.lambda$initCommandHandlerThread$3(DatanodeStateMachine.java:641)
        at org.apache.hadoop.ozone.container.common.statemachine.DatanodeStateMachine$$Lambda$753/767635075.run(Unknown Source)
        at java.lang.Thread.run(Thread.java:750)
"ChunkWriter-2-0" daemon prio=5 tid=432 in Object.wait()
java.lang.Thread.State: WAITING (on object monitor)
        at sun.misc.Unsafe.park(Native Method)
        at java.util.concurrent.locks.LockSupport.park(LockSupport.java:175)
        at java.util.concurrent.locks.AbstractQueuedSynchronizer$ConditionObject.await(AbstractQueuedSynchronizer.java:2039)
        at java.util.concurrent.LinkedBlockingDeque.takeFirst(LinkedBlockingDeque.java:492)
        at java.util.concurrent.LinkedBlockingDeque.take(LinkedBlockingDeque.java:680)
        at java.util.concurrent.ThreadPoolExecutor.getTask(ThreadPoolExecutor.java:1074)
        at java.util.concurrent.ThreadPoolExecutor.runWorker(ThreadPoolExecutor.java:1134)
        at java.util.concurrent.ThreadPoolExecutor$Worker.run(ThreadPoolExecutor.java:624)
        at java.lang.Thread.run(Thread.java:750)
"qtp1581909647-293" daemon prio=5 tid=293 timed_waiting
java.lang.Thread.State: TIMED_WAITING
        at sun.misc.Unsafe.park(Native Method)
        at java.util.concurrent.locks.LockSupport.parkNanos(LockSupport.java:215)
        at java.util.concurrent.locks.AbstractQueuedSynchronizer$ConditionObject.awaitNanos(AbstractQueuedSynchronizer.java:2078)
        at org.eclipse.jetty.util.BlockingArrayQueue.poll(BlockingArrayQueue.java:382)
        at org.eclipse.jetty.util.thread.QueuedThreadPool$Runner.idleJobPoll(QueuedThreadPool.java:974)
        at org.eclipse.jetty.util.thread.QueuedThreadPool$Runner.run(QueuedThreadPool.java:1018)
        at java.lang.Thread.run(Thread.java:750)
"DirectoryDeletingService#0" daemon prio=5 tid=142 timed_waiting
java.lang.Thread.State: TIMED_WAITING
        at sun.misc.Unsafe.park(Native Method)
        at java.util.concurrent.locks.LockSupport.parkNanos(LockSupport.java:215)
        at java.util.concurrent.locks.AbstractQueuedSynchronizer$ConditionObject.awaitNanos(AbstractQueuedSynchronizer.java:2078)
        at java.util.concurrent.ScheduledThreadPoolExecutor$DelayedWorkQueue.take(ScheduledThreadPoolExecutor.java:1093)
        at java.util.concurrent.ScheduledThreadPoolExecutor$DelayedWorkQueue.take(ScheduledThreadPoolExecutor.java:809)
        at java.util.concurrent.ThreadPoolExecutor.getTask(ThreadPoolExecutor.java:1074)
        at java.util.concurrent.ThreadPoolExecutor.runWorker(ThreadPoolExecutor.java:1134)
        at java.util.concurrent.ThreadPoolExecutor$Worker.run(ThreadPoolExecutor.java:624)
        at java.lang.Thread.run(Thread.java:750)
"qtp743713322-243" daemon prio=5 tid=243 timed_waiting
java.lang.Thread.State: TIMED_WAITING
        at sun.misc.Unsafe.park(Native Method)
        at java.util.concurrent.locks.LockSupport.parkNanos(LockSupport.java:215)
        at java.util.concurrent.locks.AbstractQueuedSynchronizer$ConditionObject.awaitNanos(AbstractQueuedSynchronizer.java:2078)
        at org.eclipse.jetty.util.BlockingArrayQueue.poll(BlockingArrayQueue.java:382)
        at org.eclipse.jetty.util.thread.QueuedThreadPool$Runner.idleJobPoll(QueuedThreadPool.java:974)
        at org.eclipse.jetty.util.thread.QueuedThreadPool$Runner.run(QueuedThreadPool.java:1018)
        at java.lang.Thread.run(Thread.java:750)
"Datanode State Machine Daemon Thread" daemon prio=5 tid=273 timed_waiting
java.lang.Thread.State: TIMED_WAITING
        at java.lang.Thread.sleep(Native Method)
        at org.apache.hadoop.ozone.container.common.statemachine.DatanodeStateMachine.startStateMachineThread(DatanodeStateMachine.java:321)
        at org.apache.hadoop.ozone.container.common.statemachine.DatanodeStateMachine.lambda$startDaemon$0(DatanodeStateMachine.java:506)
        at org.apache.hadoop.ozone.container.common.statemachine.DatanodeStateMachine$$Lambda$751/1932525059.run(Unknown Source)
        at java.lang.Thread.run(Thread.java:750)
"Signal Dispatcher" daemon prio=9 tid=4 runnable
java.lang.Thread.State: RUNNABLE
"pool-210-thread-1"  prio=5 tid=648 in Object.wait()
java.lang.Thread.State: WAITING (on object monitor)
        at sun.misc.Unsafe.park(Native Method)
        at java.util.concurrent.locks.LockSupport.park(LockSupport.java:175)
        at java.util.concurrent.locks.AbstractQueuedSynchronizer$ConditionObject.await(AbstractQueuedSynchronizer.java:2039)
        at java.util.concurrent.LinkedBlockingQueue.take(LinkedBlockingQueue.java:442)
        at java.util.concurrent.ThreadPoolExecutor.getTask(ThreadPoolExecutor.java:1074)
        at java.util.concurrent.ThreadPoolExecutor.runWorker(ThreadPoolExecutor.java:1134)
        at java.util.concurrent.ThreadPoolExecutor$Worker.run(ThreadPoolExecutor.java:624)
        at java.lang.Thread.run(Thread.java:750)
"0dd4671e-e5ba-49c8-8afe-be056577c247@group-204990BD3269->c32434d6-2497-484c-95de-45f9e03d5624-GrpcLogAppender-LogAppenderDaemon" daemon prio=5 tid=733 timed_waiting
java.lang.Thread.State: TIMED_WAITING
        at sun.misc.Unsafe.park(Native Method)
        at java.util.concurrent.locks.LockSupport.parkNanos(LockSupport.java:215)
        at java.util.concurrent.CompletableFuture$Signaller.block(CompletableFuture.java:1709)
        at java.util.concurrent.ForkJoinPool.managedBlock(ForkJoinPool.java:3323)
        at java.util.concurrent.CompletableFuture.timedGet(CompletableFuture.java:1788)
        at java.util.concurrent.CompletableFuture.get(CompletableFuture.java:1928)
        at org.apache.ratis.util.AwaitForSignal.await(AwaitForSignal.java:56)
        at org.apache.ratis.grpc.server.GrpcLogAppender.mayWait(GrpcLogAppender.java:198)
        at org.apache.ratis.grpc.server.GrpcLogAppender.run(GrpcLogAppender.java:148)
        at org.apache.ratis.server.leader.LogAppenderDaemon.run(LogAppenderDaemon.java:78)
        at org.apache.ratis.server.leader.LogAppenderDaemon$$Lambda$1042/1806567153.run(Unknown Source)
        at java.lang.Thread.run(Thread.java:750)
"OM StateMachine ApplyTransaction Thread - 0" daemon prio=5 tid=764 in Object.wait()
java.lang.Thread.State: WAITING (on object monitor)
        at sun.misc.Unsafe.park(Native Method)
        at java.util.concurrent.locks.LockSupport.park(LockSupport.java:175)
        at java.util.concurrent.locks.AbstractQueuedSynchronizer$ConditionObject.await(AbstractQueuedSynchronizer.java:2039)
        at java.util.concurrent.LinkedBlockingQueue.take(LinkedBlockingQueue.java:442)
        at java.util.concurrent.ThreadPoolExecutor.getTask(ThreadPoolExecutor.java:1074)
        at java.util.concurrent.ThreadPoolExecutor.runWorker(ThreadPoolExecutor.java:1134)
        at java.util.concurrent.ThreadPoolExecutor$Worker.run(ThreadPoolExecutor.java:624)
        at java.lang.Thread.run(Thread.java:750)
"qtp1593771601-420-acceptor-0@3702673f-ServerConnector@66d9a929{HTTP/1.1, (http/1.1)}{0.0.0.0:38345}" daemon prio=3 tid=420 runnable
java.lang.Thread.State: RUNNABLE
        at sun.nio.ch.ServerSocketChannelImpl.accept0(Native Method)
        at sun.nio.ch.ServerSocketChannelImpl.accept(ServerSocketChannelImpl.java:421)
        at sun.nio.ch.ServerSocketChannelImpl.accept(ServerSocketChannelImpl.java:249)
        at org.eclipse.jetty.server.ServerConnector.accept(ServerConnector.java:388)
        at org.eclipse.jetty.server.AbstractConnector$Acceptor.run(AbstractConnector.java:704)
        at org.eclipse.jetty.util.thread.QueuedThreadPool.runJob(QueuedThreadPool.java:883)
        at org.eclipse.jetty.util.thread.QueuedThreadPool$Runner.run(QueuedThreadPool.java:1034)
        at java.lang.Thread.run(Thread.java:750)
"IPC Parameter Sending Thread #0" daemon prio=5 tid=123 timed_waiting
java.lang.Thread.State: TIMED_WAITING
        at sun.misc.Unsafe.park(Native Method)
        at java.util.concurrent.locks.LockSupport.parkNanos(LockSupport.java:215)
        at java.util.concurrent.SynchronousQueue$TransferStack.awaitFulfill(SynchronousQueue.java:460)
        at java.util.concurrent.SynchronousQueue$TransferStack.transfer(SynchronousQueue.java:362)
        at java.util.concurrent.SynchronousQueue.poll(SynchronousQueue.java:941)
        at java.util.concurrent.ThreadPoolExecutor.getTask(ThreadPoolExecutor.java:1073)
        at java.util.concurrent.ThreadPoolExecutor.runWorker(ThreadPoolExecutor.java:1134)
        at java.util.concurrent.ThreadPoolExecutor$Worker.run(ThreadPoolExecutor.java:624)
        at java.lang.Thread.run(Thread.java:750)
"0dd4671e-e5ba-49c8-8afe-be056577c247@group-3134A2B79DBE-FollowerState" daemon prio=5 tid=922 timed_waiting
java.lang.Thread.State: TIMED_WAITING
        at java.lang.Thread.sleep(Native Method)
        at java.lang.Thread.sleep(Thread.java:342)
        at java.util.concurrent.TimeUnit.sleep(TimeUnit.java:386)
        at org.apache.ratis.util.TimeDuration.sleep(TimeDuration.java:325)
        at org.apache.ratis.util.TimeDuration.sleep(TimeDuration.java:310)
        at org.apache.ratis.server.impl.FollowerState.run(FollowerState.java:128)
"PartialTableCache Cleanup Thread - 0" daemon prio=5 tid=930 in Object.wait()
java.lang.Thread.State: WAITING (on object monitor)
        at sun.misc.Unsafe.park(Native Method)
        at java.util.concurrent.locks.LockSupport.park(LockSupport.java:175)
        at java.util.concurrent.locks.AbstractQueuedSynchronizer$ConditionObject.await(AbstractQueuedSynchronizer.java:2039)
        at java.util.concurrent.LinkedBlockingQueue.take(LinkedBlockingQueue.java:442)
        at java.util.concurrent.ThreadPoolExecutor.getTask(ThreadPoolExecutor.java:1074)
        at java.util.concurrent.ThreadPoolExecutor.runWorker(ThreadPoolExecutor.java:1134)
        at java.util.concurrent.ThreadPoolExecutor$Worker.run(ThreadPoolExecutor.java:624)
        at java.lang.Thread.run(Thread.java:750)
"Datanode State Machine Task Thread - 1"  prio=5 tid=542 in Object.wait()
java.lang.Thread.State: WAITING (on object monitor)
        at sun.misc.Unsafe.park(Native Method)
        at java.util.concurrent.locks.LockSupport.park(LockSupport.java:175)
        at java.util.concurrent.locks.AbstractQueuedSynchronizer$ConditionObject.await(AbstractQueuedSynchronizer.java:2039)
        at java.util.concurrent.LinkedBlockingQueue.take(LinkedBlockingQueue.java:442)
        at java.util.concurrent.ThreadPoolExecutor.getTask(ThreadPoolExecutor.java:1074)
        at java.util.concurrent.ThreadPoolExecutor.runWorker(ThreadPoolExecutor.java:1134)
        at java.util.concurrent.ThreadPoolExecutor$Worker.run(ThreadPoolExecutor.java:624)
        at java.lang.Thread.run(Thread.java:750)
"IPC Server handler 7 on default port 43187" daemon prio=5 tid=94 timed_waiting
java.lang.Thread.State: TIMED_WAITING
        at sun.misc.Unsafe.park(Native Method)
        at java.util.concurrent.locks.LockSupport.parkNanos(LockSupport.java:215)
        at java.util.concurrent.locks.AbstractQueuedSynchronizer$ConditionObject.awaitNanos(AbstractQueuedSynchronizer.java:2078)
        at java.util.concurrent.LinkedBlockingQueue.poll(LinkedBlockingQueue.java:467)
        at org.apache.hadoop.ipc.CallQueueManager.take(CallQueueManager.java:317)
        at org.apache.hadoop.ipc.Server$Handler.run(Server.java:2942)
"JvmPauseMonitor8" daemon prio=5 tid=536 timed_waiting
java.lang.Thread.State: TIMED_WAITING
        at java.lang.Thread.sleep(Native Method)
        at java.lang.Thread.sleep(Thread.java:342)
        at java.util.concurrent.TimeUnit.sleep(TimeUnit.java:386)
        at org.apache.ratis.util.TimeDuration.sleep(TimeDuration.java:325)
        at org.apache.ratis.util.TimeDuration.sleep(TimeDuration.java:310)
        at org.apache.ratis.util.JvmPauseMonitor.detectPause(JvmPauseMonitor.java:119)
        at org.apache.ratis.util.JvmPauseMonitor.run(JvmPauseMonitor.java:108)
        at org.apache.ratis.util.JvmPauseMonitor$$Lambda$706/19678348.run(Unknown Source)
        at java.lang.Thread.run(Thread.java:750)
"qtp2011228831-316" daemon prio=5 tid=316 runnable
java.lang.Thread.State: RUNNABLE
        at sun.nio.ch.EPollArrayWrapper.epollWait(Native Method)
        at sun.nio.ch.EPollArrayWrapper.poll(EPollArrayWrapper.java:269)
        at sun.nio.ch.EPollSelectorImpl.doSelect(EPollSelectorImpl.java:93)
        at sun.nio.ch.SelectorImpl.lockAndDoSelect(SelectorImpl.java:86)
        at sun.nio.ch.SelectorImpl.select(SelectorImpl.java:97)
        at sun.nio.ch.SelectorImpl.select(SelectorImpl.java:101)
        at org.eclipse.jetty.io.ManagedSelector.nioSelect(ManagedSelector.java:183)
        at org.eclipse.jetty.io.ManagedSelector.select(ManagedSelector.java:190)
        at org.eclipse.jetty.io.ManagedSelector$SelectorProducer.select(ManagedSelector.java:606)
        at org.eclipse.jetty.io.ManagedSelector$SelectorProducer.produce(ManagedSelector.java:543)
        at org.eclipse.jetty.util.thread.strategy.EatWhatYouKill.produceTask(EatWhatYouKill.java:362)
        at org.eclipse.jetty.util.thread.strategy.EatWhatYouKill.doProduce(EatWhatYouKill.java:186)
        at org.eclipse.jetty.util.thread.strategy.EatWhatYouKill.tryProduce(EatWhatYouKill.java:173)
        at org.eclipse.jetty.util.thread.strategy.EatWhatYouKill.produce(EatWhatYouKill.java:137)
        at org.eclipse.jetty.io.ManagedSelector$$Lambda$446/1576513034.run(Unknown Source)
        at org.eclipse.jetty.util.thread.QueuedThreadPool.runJob(QueuedThreadPool.java:883)
        at org.eclipse.jetty.util.thread.QueuedThreadPool$Runner.run(QueuedThreadPool.java:1034)
        at java.lang.Thread.run(Thread.java:750)
"IPC Server handler 15 on default port 43187" daemon prio=5 tid=102 timed_waiting
java.lang.Thread.State: TIMED_WAITING
        at sun.misc.Unsafe.park(Native Method)
        at java.util.concurrent.locks.LockSupport.parkNanos(LockSupport.java:215)
        at java.util.concurrent.locks.AbstractQueuedSynchronizer$ConditionObject.awaitNanos(AbstractQueuedSynchronizer.java:2078)
        at java.util.concurrent.LinkedBlockingQueue.poll(LinkedBlockingQueue.java:467)
        at org.apache.hadoop.ipc.CallQueueManager.take(CallQueueManager.java:317)
        at org.apache.hadoop.ipc.Server$Handler.run(Server.java:2942)
"pool-237-thread-1"  prio=5 tid=660 in Object.wait()
java.lang.Thread.State: WAITING (on object monitor)
        at sun.misc.Unsafe.park(Native Method)
        at java.util.concurrent.locks.LockSupport.park(LockSupport.java:175)
        at java.util.concurrent.locks.AbstractQueuedSynchronizer$ConditionObject.await(AbstractQueuedSynchronizer.java:2039)
        at java.util.concurrent.LinkedBlockingQueue.take(LinkedBlockingQueue.java:442)
        at java.util.concurrent.ThreadPoolExecutor.getTask(ThreadPoolExecutor.java:1074)
        at java.util.concurrent.ThreadPoolExecutor.runWorker(ThreadPoolExecutor.java:1134)
        at java.util.concurrent.ThreadPoolExecutor$Worker.run(ThreadPoolExecutor.java:624)
        at java.lang.Thread.run(Thread.java:750)
"IPC Server handler 15 on default port 44219" daemon prio=5 tid=82 timed_waiting
java.lang.Thread.State: TIMED_WAITING
        at sun.misc.Unsafe.park(Native Method)
        at java.util.concurrent.locks.LockSupport.parkNanos(LockSupport.java:215)
        at java.util.concurrent.locks.AbstractQueuedSynchronizer$ConditionObject.awaitNanos(AbstractQueuedSynchronizer.java:2078)
        at java.util.concurrent.LinkedBlockingQueue.poll(LinkedBlockingQueue.java:467)
        at org.apache.hadoop.ipc.CallQueueManager.take(CallQueueManager.java:317)
        at org.apache.hadoop.ipc.Server$Handler.run(Server.java:2942)
"pool-157-thread-1" daemon prio=5 tid=285 timed_waiting
java.lang.Thread.State: TIMED_WAITING
        at sun.misc.Unsafe.park(Native Method)
        at java.util.concurrent.locks.LockSupport.parkNanos(LockSupport.java:215)
        at java.util.concurrent.locks.AbstractQueuedSynchronizer$ConditionObject.awaitNanos(AbstractQueuedSynchronizer.java:2078)
        at java.util.concurrent.ScheduledThreadPoolExecutor$DelayedWorkQueue.take(ScheduledThreadPoolExecutor.java:1093)
        at java.util.concurrent.ScheduledThreadPoolExecutor$DelayedWorkQueue.take(ScheduledThreadPoolExecutor.java:809)
        at java.util.concurrent.ThreadPoolExecutor.getTask(ThreadPoolExecutor.java:1074)
        at java.util.concurrent.ThreadPoolExecutor.runWorker(ThreadPoolExecutor.java:1134)
        at java.util.concurrent.ThreadPoolExecutor$Worker.run(ThreadPoolExecutor.java:624)
        at java.lang.Thread.run(Thread.java:750)
"qtp410671928-147" daemon prio=5 tid=147 timed_waiting
java.lang.Thread.State: TIMED_WAITING
        at sun.misc.Unsafe.park(Native Method)
        at java.util.concurrent.locks.LockSupport.parkNanos(LockSupport.java:215)
        at java.util.concurrent.locks.AbstractQueuedSynchronizer$ConditionObject.awaitNanos(AbstractQueuedSynchronizer.java:2078)
        at org.eclipse.jetty.util.BlockingArrayQueue.poll(BlockingArrayQueue.java:382)
        at org.eclipse.jetty.util.thread.QueuedThreadPool$Runner.idleJobPoll(QueuedThreadPool.java:974)
        at org.eclipse.jetty.util.thread.QueuedThreadPool$Runner.run(QueuedThreadPool.java:1018)
        at java.lang.Thread.run(Thread.java:750)
"qtp2135382997-458-acceptor-0@133ba5fd-ServerConnector@3f2919c7{HTTP/1.1, (http/1.1)}{0.0.0.0:43505}" daemon prio=3 tid=458 runnable
java.lang.Thread.State: RUNNABLE
        at sun.nio.ch.ServerSocketChannelImpl.accept0(Native Method)
        at sun.nio.ch.ServerSocketChannelImpl.accept(ServerSocketChannelImpl.java:421)
        at sun.nio.ch.ServerSocketChannelImpl.accept(ServerSocketChannelImpl.java:249)
        at org.eclipse.jetty.server.ServerConnector.accept(ServerConnector.java:388)
        at org.eclipse.jetty.server.AbstractConnector$Acceptor.run(AbstractConnector.java:704)
        at org.eclipse.jetty.util.thread.QueuedThreadPool.runJob(QueuedThreadPool.java:883)
        at org.eclipse.jetty.util.thread.QueuedThreadPool$Runner.run(QueuedThreadPool.java:1034)
        at java.lang.Thread.run(Thread.java:750)
"pool-111-thread-1" daemon prio=5 tid=233 timed_waiting
java.lang.Thread.State: TIMED_WAITING
        at sun.misc.Unsafe.park(Native Method)
        at java.util.concurrent.locks.LockSupport.parkNanos(LockSupport.java:215)
        at java.util.concurrent.locks.AbstractQueuedSynchronizer$ConditionObject.awaitNanos(AbstractQueuedSynchronizer.java:2078)
        at java.util.concurrent.ScheduledThreadPoolExecutor$DelayedWorkQueue.take(ScheduledThreadPoolExecutor.java:1093)
        at java.util.concurrent.ScheduledThreadPoolExecutor$DelayedWorkQueue.take(ScheduledThreadPoolExecutor.java:809)
        at java.util.concurrent.ThreadPoolExecutor.getTask(ThreadPoolExecutor.java:1074)
        at java.util.concurrent.ThreadPoolExecutor.runWorker(ThreadPoolExecutor.java:1134)
        at java.util.concurrent.ThreadPoolExecutor$Worker.run(ThreadPoolExecutor.java:624)
        at java.lang.Thread.run(Thread.java:750)
"18b69636-199d-46b1-a155-faec2a9e6e92@group-0E0524D27BC6-SegmentedRaftLogWorker"  prio=5 tid=629 timed_waiting
java.lang.Thread.State: TIMED_WAITING
        at sun.misc.Unsafe.park(Native Method)
        at java.util.concurrent.locks.LockSupport.parkNanos(LockSupport.java:215)
        at java.util.concurrent.locks.AbstractQueuedSynchronizer$ConditionObject.awaitNanos(AbstractQueuedSynchronizer.java:2078)
        at org.apache.ratis.util.DataBlockingQueue.poll(DataBlockingQueue.java:148)
        at org.apache.ratis.server.raftlog.segmented.SegmentedRaftLogWorker.run(SegmentedRaftLogWorker.java:310)
        at org.apache.ratis.server.raftlog.segmented.SegmentedRaftLogWorker$$Lambda$665/1658742493.run(Unknown Source)
        at java.lang.Thread.run(Thread.java:750)
"IPC Server handler 16 on default port 35095" daemon prio=5 tid=170 timed_waiting
java.lang.Thread.State: TIMED_WAITING
        at sun.misc.Unsafe.park(Native Method)
        at java.util.concurrent.locks.LockSupport.parkNanos(LockSupport.java:215)
        at java.util.concurrent.locks.AbstractQueuedSynchronizer$ConditionObject.awaitNanos(AbstractQueuedSynchronizer.java:2078)
        at java.util.concurrent.LinkedBlockingQueue.poll(LinkedBlockingQueue.java:467)
        at org.apache.hadoop.ipc.CallQueueManager.take(CallQueueManager.java:317)
        at org.apache.hadoop.ipc.Server$Handler.run(Server.java:2942)
"IPC Server Responder" daemon prio=5 tid=26 runnable
java.lang.Thread.State: RUNNABLE
        at sun.nio.ch.EPollArrayWrapper.epollWait(Native Method)
        at sun.nio.ch.EPollArrayWrapper.poll(EPollArrayWrapper.java:269)
        at sun.nio.ch.EPollSelectorImpl.doSelect(EPollSelectorImpl.java:93)
        at sun.nio.ch.SelectorImpl.lockAndDoSelect(SelectorImpl.java:86)
        at sun.nio.ch.SelectorImpl.select(SelectorImpl.java:97)
        at org.apache.hadoop.ipc.Server$Responder.doRunLoop(Server.java:1532)
        at org.apache.hadoop.ipc.Server$Responder.run(Server.java:1515)
"BlockDeletingService#0" daemon prio=5 tid=507 in Object.wait()
java.lang.Thread.State: WAITING (on object monitor)
        at sun.misc.Unsafe.park(Native Method)
        at java.util.concurrent.locks.LockSupport.park(LockSupport.java:175)
        at java.util.concurrent.locks.AbstractQueuedSynchronizer$ConditionObject.await(AbstractQueuedSynchronizer.java:2039)
        at java.util.concurrent.ScheduledThreadPoolExecutor$DelayedWorkQueue.take(ScheduledThreadPoolExecutor.java:1088)
        at java.util.concurrent.ScheduledThreadPoolExecutor$DelayedWorkQueue.take(ScheduledThreadPoolExecutor.java:809)
        at java.util.concurrent.ThreadPoolExecutor.getTask(ThreadPoolExecutor.java:1074)
        at java.util.concurrent.ThreadPoolExecutor.runWorker(ThreadPoolExecutor.java:1134)
        at java.util.concurrent.ThreadPoolExecutor$Worker.run(ThreadPoolExecutor.java:624)
        at java.lang.Thread.run(Thread.java:750)
"5b5b9152-5d2c-4522-9940-e93bc8d8546d@group-9E5AF68AEC75-StateMachineUpdater" daemon prio=5 tid=678 timed_waiting
java.lang.Thread.State: TIMED_WAITING
        at sun.misc.Unsafe.park(Native Method)
        at java.util.concurrent.locks.LockSupport.parkNanos(LockSupport.java:215)
        at java.util.concurrent.CompletableFuture$Signaller.block(CompletableFuture.java:1709)
        at java.util.concurrent.ForkJoinPool.managedBlock(ForkJoinPool.java:3323)
        at java.util.concurrent.CompletableFuture.timedGet(CompletableFuture.java:1788)
        at java.util.concurrent.CompletableFuture.get(CompletableFuture.java:1928)
        at org.apache.ratis.util.AwaitForSignal.await(AwaitForSignal.java:56)
        at org.apache.ratis.server.impl.StateMachineUpdater.waitForCommit(StateMachineUpdater.java:207)
        at org.apache.ratis.server.impl.StateMachineUpdater.run(StateMachineUpdater.java:176)
        at java.lang.Thread.run(Thread.java:750)
"99050580-db91-402e-a30b-7426b5391f3a-server-thread3" daemon prio=5 tid=873 timed_waiting
java.lang.Thread.State: TIMED_WAITING
        at sun.misc.Unsafe.park(Native Method)
        at java.util.concurrent.locks.LockSupport.parkNanos(LockSupport.java:215)
        at java.util.concurrent.SynchronousQueue$TransferStack.awaitFulfill(SynchronousQueue.java:460)
        at java.util.concurrent.SynchronousQueue$TransferStack.transfer(SynchronousQueue.java:362)
        at java.util.concurrent.SynchronousQueue.poll(SynchronousQueue.java:941)
        at java.util.concurrent.ThreadPoolExecutor.getTask(ThreadPoolExecutor.java:1073)
        at java.util.concurrent.ThreadPoolExecutor.runWorker(ThreadPoolExecutor.java:1134)
        at java.util.concurrent.ThreadPoolExecutor$Worker.run(ThreadPoolExecutor.java:624)
        at java.lang.Thread.run(Thread.java:750)
"Datanode ReportManager Thread - 4" daemon prio=5 tid=304 in Object.wait()
java.lang.Thread.State: WAITING (on object monitor)
        at sun.misc.Unsafe.park(Native Method)
        at java.util.concurrent.locks.LockSupport.park(LockSupport.java:175)
        at java.util.concurrent.locks.AbstractQueuedSynchronizer$ConditionObject.await(AbstractQueuedSynchronizer.java:2039)
        at java.util.concurrent.ScheduledThreadPoolExecutor$DelayedWorkQueue.take(ScheduledThreadPoolExecutor.java:1088)
        at java.util.concurrent.ScheduledThreadPoolExecutor$DelayedWorkQueue.take(ScheduledThreadPoolExecutor.java:809)
        at java.util.concurrent.ThreadPoolExecutor.getTask(ThreadPoolExecutor.java:1074)
        at java.util.concurrent.ThreadPoolExecutor.runWorker(ThreadPoolExecutor.java:1134)
        at java.util.concurrent.ThreadPoolExecutor$Worker.run(ThreadPoolExecutor.java:624)
        at java.lang.Thread.run(Thread.java:750)
"47355ef6-248e-415d-99d1-f00ca16e1642@group-660F148B2C2F-StateMachineUpdater" daemon prio=5 tid=634 timed_waiting
java.lang.Thread.State: TIMED_WAITING
        at sun.misc.Unsafe.park(Native Method)
        at java.util.concurrent.locks.LockSupport.parkNanos(LockSupport.java:215)
        at java.util.concurrent.CompletableFuture$Signaller.block(CompletableFuture.java:1709)
        at java.util.concurrent.ForkJoinPool.managedBlock(ForkJoinPool.java:3323)
        at java.util.concurrent.CompletableFuture.timedGet(CompletableFuture.java:1788)
        at java.util.concurrent.CompletableFuture.get(CompletableFuture.java:1928)
        at org.apache.ratis.util.AwaitForSignal.await(AwaitForSignal.java:56)
        at org.apache.ratis.server.impl.StateMachineUpdater.waitForCommit(StateMachineUpdater.java:207)
        at org.apache.ratis.server.impl.StateMachineUpdater.run(StateMachineUpdater.java:176)
        at java.lang.Thread.run(Thread.java:750)
"IPC Server handler 7 on default port 37293" daemon prio=5 tid=54 timed_waiting
java.lang.Thread.State: TIMED_WAITING
        at sun.misc.Unsafe.park(Native Method)
        at java.util.concurrent.locks.LockSupport.parkNanos(LockSupport.java:215)
        at java.util.concurrent.locks.AbstractQueuedSynchronizer$ConditionObject.awaitNanos(AbstractQueuedSynchronizer.java:2078)
        at java.util.concurrent.LinkedBlockingQueue.poll(LinkedBlockingQueue.java:467)
        at org.apache.hadoop.ipc.CallQueueManager.take(CallQueueManager.java:317)
        at org.apache.hadoop.ipc.Server$Handler.run(Server.java:2942)
"IPC Server handler 4 on default port 35095" daemon prio=5 tid=158 timed_waiting
java.lang.Thread.State: TIMED_WAITING
        at sun.misc.Unsafe.park(Native Method)
        at java.util.concurrent.locks.LockSupport.parkNanos(LockSupport.java:215)
        at java.util.concurrent.locks.AbstractQueuedSynchronizer$ConditionObject.awaitNanos(AbstractQueuedSynchronizer.java:2078)
        at java.util.concurrent.LinkedBlockingQueue.poll(LinkedBlockingQueue.java:467)
        at org.apache.hadoop.ipc.CallQueueManager.take(CallQueueManager.java:317)
        at org.apache.hadoop.ipc.Server$Handler.run(Server.java:2942)
"IPC Server handler 11 on default port 35095" daemon prio=5 tid=165 timed_waiting
java.lang.Thread.State: TIMED_WAITING
        at sun.misc.Unsafe.park(Native Method)
        at java.util.concurrent.locks.LockSupport.parkNanos(LockSupport.java:215)
        at java.util.concurrent.locks.AbstractQueuedSynchronizer$ConditionObject.awaitNanos(AbstractQueuedSynchronizer.java:2078)
        at java.util.concurrent.LinkedBlockingQueue.poll(LinkedBlockingQueue.java:467)
        at org.apache.hadoop.ipc.CallQueueManager.take(CallQueueManager.java:317)
        at org.apache.hadoop.ipc.Server$Handler.run(Server.java:2942)
"IPC Server handler 17 on default port 44219" daemon prio=5 tid=84 timed_waiting
java.lang.Thread.State: TIMED_WAITING
        at sun.misc.Unsafe.park(Native Method)
        at java.util.concurrent.locks.LockSupport.parkNanos(LockSupport.java:215)
        at java.util.concurrent.locks.AbstractQueuedSynchronizer$ConditionObject.awaitNanos(AbstractQueuedSynchronizer.java:2078)
        at java.util.concurrent.LinkedBlockingQueue.poll(LinkedBlockingQueue.java:467)
        at org.apache.hadoop.ipc.CallQueueManager.take(CallQueueManager.java:317)
        at org.apache.hadoop.ipc.Server$Handler.run(Server.java:2942)
"Datanode State Machine Task Thread - 0"  prio=5 tid=307 in Object.wait()
java.lang.Thread.State: WAITING (on object monitor)
        at sun.misc.Unsafe.park(Native Method)
        at java.util.concurrent.locks.LockSupport.park(LockSupport.java:175)
        at java.util.concurrent.locks.AbstractQueuedSynchronizer$ConditionObject.await(AbstractQueuedSynchronizer.java:2039)
        at java.util.concurrent.LinkedBlockingQueue.take(LinkedBlockingQueue.java:442)
        at java.util.concurrent.ThreadPoolExecutor.getTask(ThreadPoolExecutor.java:1074)
        at java.util.concurrent.ThreadPoolExecutor.runWorker(ThreadPoolExecutor.java:1134)
        at java.util.concurrent.ThreadPoolExecutor$Worker.run(ThreadPoolExecutor.java:624)
        at java.lang.Thread.run(Thread.java:750)
"18b69636-199d-46b1-a155-faec2a9e6e92@group-0E0524D27BC6-StateMachineUpdater" daemon prio=5 tid=631 timed_waiting
java.lang.Thread.State: TIMED_WAITING
        at sun.misc.Unsafe.park(Native Method)
        at java.util.concurrent.locks.LockSupport.parkNanos(LockSupport.java:215)
        at java.util.concurrent.CompletableFuture$Signaller.block(CompletableFuture.java:1709)
        at java.util.concurrent.ForkJoinPool.managedBlock(ForkJoinPool.java:3323)
        at java.util.concurrent.CompletableFuture.timedGet(CompletableFuture.java:1788)
        at java.util.concurrent.CompletableFuture.get(CompletableFuture.java:1928)
        at org.apache.ratis.util.AwaitForSignal.await(AwaitForSignal.java:56)
        at org.apache.ratis.server.impl.StateMachineUpdater.waitForCommit(StateMachineUpdater.java:207)
        at org.apache.ratis.server.impl.StateMachineUpdater.run(StateMachineUpdater.java:176)
        at java.lang.Thread.run(Thread.java:750)
"47355ef6-248e-415d-99d1-f00ca16e1642@group-0E0524D27BC6-SegmentedRaftLogWorker"  prio=5 tid=635 timed_waiting
java.lang.Thread.State: TIMED_WAITING
        at sun.misc.Unsafe.park(Native Method)
        at java.util.concurrent.locks.LockSupport.parkNanos(LockSupport.java:215)
        at java.util.concurrent.locks.AbstractQueuedSynchronizer$ConditionObject.awaitNanos(AbstractQueuedSynchronizer.java:2078)
        at org.apache.ratis.util.DataBlockingQueue.poll(DataBlockingQueue.java:148)
        at org.apache.ratis.server.raftlog.segmented.SegmentedRaftLogWorker.run(SegmentedRaftLogWorker.java:310)
        at org.apache.ratis.server.raftlog.segmented.SegmentedRaftLogWorker$$Lambda$665/1658742493.run(Unknown Source)
        at java.lang.Thread.run(Thread.java:750)
"IPC Server listener on 0" daemon prio=5 tid=23 runnable
java.lang.Thread.State: RUNNABLE
        at sun.nio.ch.EPollArrayWrapper.epollWait(Native Method)
        at sun.nio.ch.EPollArrayWrapper.poll(EPollArrayWrapper.java:269)
        at sun.nio.ch.EPollSelectorImpl.doSelect(EPollSelectorImpl.java:93)
        at sun.nio.ch.SelectorImpl.lockAndDoSelect(SelectorImpl.java:86)
        at sun.nio.ch.SelectorImpl.select(SelectorImpl.java:97)
        at sun.nio.ch.SelectorImpl.select(SelectorImpl.java:101)
        at org.apache.hadoop.ipc.Server$Listener.run(Server.java:1358)
"IPC Server handler 12 on default port 35095" daemon prio=5 tid=166 timed_waiting
java.lang.Thread.State: TIMED_WAITING
        at sun.misc.Unsafe.park(Native Method)
        at java.util.concurrent.locks.LockSupport.parkNanos(LockSupport.java:215)
        at java.util.concurrent.locks.AbstractQueuedSynchronizer$ConditionObject.awaitNanos(AbstractQueuedSynchronizer.java:2078)
        at java.util.concurrent.LinkedBlockingQueue.poll(LinkedBlockingQueue.java:467)
        at org.apache.hadoop.ipc.CallQueueManager.take(CallQueueManager.java:317)
        at org.apache.hadoop.ipc.Server$Handler.run(Server.java:2942)
"qtp1581909647-290" daemon prio=5 tid=290 runnable
java.lang.Thread.State: RUNNABLE
        at sun.nio.ch.EPollArrayWrapper.epollWait(Native Method)
        at sun.nio.ch.EPollArrayWrapper.poll(EPollArrayWrapper.java:269)
        at sun.nio.ch.EPollSelectorImpl.doSelect(EPollSelectorImpl.java:93)
        at sun.nio.ch.SelectorImpl.lockAndDoSelect(SelectorImpl.java:86)
        at sun.nio.ch.SelectorImpl.select(SelectorImpl.java:97)
        at sun.nio.ch.SelectorImpl.select(SelectorImpl.java:101)
        at org.eclipse.jetty.io.ManagedSelector.nioSelect(ManagedSelector.java:183)
        at org.eclipse.jetty.io.ManagedSelector.select(ManagedSelector.java:190)
        at org.eclipse.jetty.io.ManagedSelector$SelectorProducer.select(ManagedSelector.java:606)
        at org.eclipse.jetty.io.ManagedSelector$SelectorProducer.produce(ManagedSelector.java:543)
        at org.eclipse.jetty.util.thread.strategy.EatWhatYouKill.produceTask(EatWhatYouKill.java:362)
        at org.eclipse.jetty.util.thread.strategy.EatWhatYouKill.doProduce(EatWhatYouKill.java:186)
        at org.eclipse.jetty.util.thread.strategy.EatWhatYouKill.tryProduce(EatWhatYouKill.java:173)
        at org.eclipse.jetty.util.thread.strategy.EatWhatYouKill.produce(EatWhatYouKill.java:137)
        at org.eclipse.jetty.io.ManagedSelector$$Lambda$446/1576513034.run(Unknown Source)
        at org.eclipse.jetty.util.thread.QueuedThreadPool.runJob(QueuedThreadPool.java:883)
        at org.eclipse.jetty.util.thread.QueuedThreadPool$Runner.run(QueuedThreadPool.java:1034)
        at java.lang.Thread.run(Thread.java:750)
"ChunkReader-1" daemon prio=5 tid=787 in Object.wait()
java.lang.Thread.State: WAITING (on object monitor)
        at sun.misc.Unsafe.park(Native Method)
        at java.util.concurrent.locks.LockSupport.park(LockSupport.java:175)
        at java.util.concurrent.locks.AbstractQueuedSynchronizer$ConditionObject.await(AbstractQueuedSynchronizer.java:2039)
        at java.util.concurrent.LinkedBlockingQueue.take(LinkedBlockingQueue.java:442)
        at java.util.concurrent.ThreadPoolExecutor.getTask(ThreadPoolExecutor.java:1074)
        at java.util.concurrent.ThreadPoolExecutor.runWorker(ThreadPoolExecutor.java:1134)
        at java.util.concurrent.ThreadPoolExecutor$Worker.run(ThreadPoolExecutor.java:624)
        at java.lang.Thread.run(Thread.java:750)
"FixedThreadPoolWithAffinityExecutor-2-0" daemon prio=5 tid=37 timed_waiting
java.lang.Thread.State: TIMED_WAITING
        at sun.misc.Unsafe.park(Native Method)
        at java.util.concurrent.locks.LockSupport.parkNanos(LockSupport.java:215)
        at java.util.concurrent.locks.AbstractQueuedSynchronizer$ConditionObject.awaitNanos(AbstractQueuedSynchronizer.java:2078)
        at java.util.concurrent.LinkedBlockingQueue.poll(LinkedBlockingQueue.java:467)
        at org.apache.hadoop.hdds.scm.server.ContainerReportQueue.poll(ContainerReportQueue.java:266)
        at org.apache.hadoop.hdds.scm.server.ContainerReportQueue.poll(ContainerReportQueue.java:42)
        at org.apache.hadoop.hdds.server.events.FixedThreadPoolWithAffinityExecutor$ContainerReportProcessTask.run(FixedThreadPoolWithAffinityExecutor.java:218)
        at java.util.concurrent.Executors$RunnableAdapter.call(Executors.java:511)
        at java.util.concurrent.FutureTask.run(FutureTask.java:266)
        at java.util.concurrent.ThreadPoolExecutor.runWorker(ThreadPoolExecutor.java:1149)
        at java.util.concurrent.ThreadPoolExecutor$Worker.run(ThreadPoolExecutor.java:624)
        at java.lang.Thread.run(Thread.java:750)
"qtp1374355136-117" daemon prio=5 tid=117 timed_waiting
java.lang.Thread.State: TIMED_WAITING
        at sun.misc.Unsafe.park(Native Method)
        at java.util.concurrent.locks.LockSupport.parkNanos(LockSupport.java:215)
        at java.util.concurrent.locks.AbstractQueuedSynchronizer$ConditionObject.awaitNanos(AbstractQueuedSynchronizer.java:2078)
        at org.eclipse.jetty.util.BlockingArrayQueue.poll(BlockingArrayQueue.java:382)
        at org.eclipse.jetty.util.thread.QueuedThreadPool$Runner.idleJobPoll(QueuedThreadPool.java:974)
        at org.eclipse.jetty.util.thread.QueuedThreadPool$Runner.run(QueuedThreadPool.java:1018)
        at java.lang.Thread.run(Thread.java:750)
"c32434d6-2497-484c-95de-45f9e03d5624@group-204990BD3269-StateMachineUpdater" daemon prio=5 tid=658 timed_waiting
java.lang.Thread.State: TIMED_WAITING
        at sun.misc.Unsafe.park(Native Method)
        at java.util.concurrent.locks.LockSupport.parkNanos(LockSupport.java:215)
        at java.util.concurrent.CompletableFuture$Signaller.block(CompletableFuture.java:1709)
        at java.util.concurrent.ForkJoinPool.managedBlock(ForkJoinPool.java:3323)
        at java.util.concurrent.CompletableFuture.timedGet(CompletableFuture.java:1788)
        at java.util.concurrent.CompletableFuture.get(CompletableFuture.java:1928)
        at org.apache.ratis.util.AwaitForSignal.await(AwaitForSignal.java:56)
        at org.apache.ratis.server.impl.StateMachineUpdater.waitForCommit(StateMachineUpdater.java:207)
        at org.apache.ratis.server.impl.StateMachineUpdater.run(StateMachineUpdater.java:176)
        at java.lang.Thread.run(Thread.java:750)
"FixedThreadPoolWithAffinityExecutor-8-0" daemon prio=5 tid=43 timed_waiting
java.lang.Thread.State: TIMED_WAITING
        at sun.misc.Unsafe.park(Native Method)
        at java.util.concurrent.locks.LockSupport.parkNanos(LockSupport.java:215)
        at java.util.concurrent.locks.AbstractQueuedSynchronizer$ConditionObject.awaitNanos(AbstractQueuedSynchronizer.java:2078)
        at java.util.concurrent.LinkedBlockingQueue.poll(LinkedBlockingQueue.java:467)
        at org.apache.hadoop.hdds.scm.server.ContainerReportQueue.poll(ContainerReportQueue.java:266)
        at org.apache.hadoop.hdds.scm.server.ContainerReportQueue.poll(ContainerReportQueue.java:42)
        at org.apache.hadoop.hdds.server.events.FixedThreadPoolWithAffinityExecutor$ContainerReportProcessTask.run(FixedThreadPoolWithAffinityExecutor.java:218)
        at java.util.concurrent.Executors$RunnableAdapter.call(Executors.java:511)
        at java.util.concurrent.FutureTask.run(FutureTask.java:266)
        at java.util.concurrent.ThreadPoolExecutor.runWorker(ThreadPoolExecutor.java:1149)
        at java.util.concurrent.ThreadPoolExecutor$Worker.run(ThreadPoolExecutor.java:624)
        at java.lang.Thread.run(Thread.java:750)
"org.apache.hadoop.ozone.container.common.statemachine.commandhandler.DeleteBlocksCommandHandler$DeleteCmdWorker@504b52db" daemon prio=5 tid=262 timed_waiting
java.lang.Thread.State: TIMED_WAITING
        at java.lang.Thread.sleep(Native Method)
        at org.apache.hadoop.ozone.container.common.statemachine.commandhandler.DeleteBlocksCommandHandler$DeleteCmdWorker.run(DeleteBlocksCommandHandler.java:183)
        at java.lang.Thread.run(Thread.java:750)
"qtp966253930-189" daemon prio=5 tid=189 timed_waiting
java.lang.Thread.State: TIMED_WAITING
        at sun.misc.Unsafe.park(Native Method)
        at java.util.concurrent.locks.LockSupport.parkNanos(LockSupport.java:215)
        at java.util.concurrent.locks.AbstractQueuedSynchronizer$ConditionObject.awaitNanos(AbstractQueuedSynchronizer.java:2078)
        at org.eclipse.jetty.util.BlockingArrayQueue.poll(BlockingArrayQueue.java:382)
        at org.eclipse.jetty.util.thread.QueuedThreadPool$Runner.idleJobPoll(QueuedThreadPool.java:974)
        at org.eclipse.jetty.util.thread.QueuedThreadPool$Runner.run(QueuedThreadPool.java:1018)
        at java.lang.Thread.run(Thread.java:750)
"EventQueue-DeadNodeForDeadNodeHandler" daemon prio=5 tid=853 in Object.wait()
java.lang.Thread.State: WAITING (on object monitor)
        at sun.misc.Unsafe.park(Native Method)
        at java.util.concurrent.locks.LockSupport.park(LockSupport.java:175)
        at java.util.concurrent.locks.AbstractQueuedSynchronizer$ConditionObject.await(AbstractQueuedSynchronizer.java:2039)
        at java.util.concurrent.LinkedBlockingQueue.take(LinkedBlockingQueue.java:442)
        at java.util.concurrent.ThreadPoolExecutor.getTask(ThreadPoolExecutor.java:1074)
        at java.util.concurrent.ThreadPoolExecutor.runWorker(ThreadPoolExecutor.java:1134)
        at java.util.concurrent.ThreadPoolExecutor$Worker.run(ThreadPoolExecutor.java:624)
        at java.lang.Thread.run(Thread.java:750)
"99050580-db91-402e-a30b-7426b5391f3a@group-285BFC804282-LeaderStateImpl" daemon prio=5 tid=724 timed_waiting
java.lang.Thread.State: TIMED_WAITING
        at sun.misc.Unsafe.park(Native Method)
        at java.util.concurrent.locks.LockSupport.parkNanos(LockSupport.java:215)
        at java.util.concurrent.locks.AbstractQueuedSynchronizer$ConditionObject.awaitNanos(AbstractQueuedSynchronizer.java:2078)
        at java.util.concurrent.ArrayBlockingQueue.poll(ArrayBlockingQueue.java:418)
        at org.apache.ratis.server.impl.LeaderStateImpl$EventQueue.poll(LeaderStateImpl.java:159)
        at org.apache.ratis.server.impl.LeaderStateImpl$EventProcessor.run(LeaderStateImpl.java:630)
"pool-264-thread-1"  prio=5 tid=655 in Object.wait()
java.lang.Thread.State: WAITING (on object monitor)
        at sun.misc.Unsafe.park(Native Method)
        at java.util.concurrent.locks.LockSupport.park(LockSupport.java:175)
        at java.util.concurrent.locks.AbstractQueuedSynchronizer$ConditionObject.await(AbstractQueuedSynchronizer.java:2039)
        at java.util.concurrent.LinkedBlockingQueue.take(LinkedBlockingQueue.java:442)
        at java.util.concurrent.ThreadPoolExecutor.getTask(ThreadPoolExecutor.java:1074)
        at java.util.concurrent.ThreadPoolExecutor.runWorker(ThreadPoolExecutor.java:1134)
        at java.util.concurrent.ThreadPoolExecutor$Worker.run(ThreadPoolExecutor.java:624)
        at java.lang.Thread.run(Thread.java:750)
"47355ef6-248e-415d-99d1-f00ca16e1642-server-thread1" daemon prio=5 tid=913 timed_waiting
java.lang.Thread.State: TIMED_WAITING
        at sun.misc.Unsafe.park(Native Method)
        at java.util.concurrent.locks.LockSupport.parkNanos(LockSupport.java:215)
        at java.util.concurrent.SynchronousQueue$TransferStack.awaitFulfill(SynchronousQueue.java:460)
        at java.util.concurrent.SynchronousQueue$TransferStack.transfer(SynchronousQueue.java:362)
        at java.util.concurrent.SynchronousQueue.poll(SynchronousQueue.java:941)
        at java.util.concurrent.ThreadPoolExecutor.getTask(ThreadPoolExecutor.java:1073)
        at java.util.concurrent.ThreadPoolExecutor.runWorker(ThreadPoolExecutor.java:1134)
        at java.util.concurrent.ThreadPoolExecutor$Worker.run(ThreadPoolExecutor.java:624)
        at java.lang.Thread.run(Thread.java:750)
"Periodic HDDS volume checker" daemon prio=5 tid=283 timed_waiting
java.lang.Thread.State: TIMED_WAITING
        at sun.misc.Unsafe.park(Native Method)
        at java.util.concurrent.locks.LockSupport.parkNanos(LockSupport.java:215)
        at java.util.concurrent.locks.AbstractQueuedSynchronizer$ConditionObject.awaitNanos(AbstractQueuedSynchronizer.java:2078)
        at java.util.concurrent.ScheduledThreadPoolExecutor$DelayedWorkQueue.take(ScheduledThreadPoolExecutor.java:1093)
        at java.util.concurrent.ScheduledThreadPoolExecutor$DelayedWorkQueue.take(ScheduledThreadPoolExecutor.java:809)
        at java.util.concurrent.ThreadPoolExecutor.getTask(ThreadPoolExecutor.java:1074)
        at java.util.concurrent.ThreadPoolExecutor.runWorker(ThreadPoolExecutor.java:1134)
        at java.util.concurrent.ThreadPoolExecutor$Worker.run(ThreadPoolExecutor.java:624)
        at java.lang.Thread.run(Thread.java:750)
"Datanode ReportManager Thread - 4" daemon prio=5 tid=330 in Object.wait()
java.lang.Thread.State: WAITING (on object monitor)
        at sun.misc.Unsafe.park(Native Method)
        at java.util.concurrent.locks.LockSupport.park(LockSupport.java:175)
        at java.util.concurrent.locks.AbstractQueuedSynchronizer$ConditionObject.await(AbstractQueuedSynchronizer.java:2039)
        at java.util.concurrent.ScheduledThreadPoolExecutor$DelayedWorkQueue.take(ScheduledThreadPoolExecutor.java:1088)
        at java.util.concurrent.ScheduledThreadPoolExecutor$DelayedWorkQueue.take(ScheduledThreadPoolExecutor.java:809)
        at java.util.concurrent.ThreadPoolExecutor.getTask(ThreadPoolExecutor.java:1074)
        at java.util.concurrent.ThreadPoolExecutor.runWorker(ThreadPoolExecutor.java:1134)
        at java.util.concurrent.ThreadPoolExecutor$Worker.run(ThreadPoolExecutor.java:624)
        at java.lang.Thread.run(Thread.java:750)
"IPC Server idle connection scanner for port 43187" daemon prio=5 tid=25 timed_waiting
java.lang.Thread.State: TIMED_WAITING
        at java.lang.Object.wait(Native Method)
        at java.util.TimerThread.mainLoop(Timer.java:552)
        at java.util.TimerThread.run(Timer.java:505)
"EndpointStateMachine task thread for /0.0.0.0:43187 - 0 "  prio=5 tid=518 in Object.wait()
java.lang.Thread.State: WAITING (on object monitor)
        at sun.misc.Unsafe.park(Native Method)
        at java.util.concurrent.locks.LockSupport.park(LockSupport.java:175)
        at java.util.concurrent.locks.AbstractQueuedSynchronizer$ConditionObject.await(AbstractQueuedSynchronizer.java:2039)
        at java.util.concurrent.LinkedBlockingQueue.take(LinkedBlockingQueue.java:442)
        at java.util.concurrent.ThreadPoolExecutor.getTask(ThreadPoolExecutor.java:1074)
        at java.util.concurrent.ThreadPoolExecutor.runWorker(ThreadPoolExecutor.java:1134)
        at java.util.concurrent.ThreadPoolExecutor$Worker.run(ThreadPoolExecutor.java:624)
        at java.lang.Thread.run(Thread.java:750)
"qtp1078491960-264" daemon prio=5 tid=264 runnable
java.lang.Thread.State: RUNNABLE
        at sun.nio.ch.EPollArrayWrapper.epollWait(Native Method)
        at sun.nio.ch.EPollArrayWrapper.poll(EPollArrayWrapper.java:269)
        at sun.nio.ch.EPollSelectorImpl.doSelect(EPollSelectorImpl.java:93)
        at sun.nio.ch.SelectorImpl.lockAndDoSelect(SelectorImpl.java:86)
        at sun.nio.ch.SelectorImpl.select(SelectorImpl.java:97)
        at sun.nio.ch.SelectorImpl.select(SelectorImpl.java:101)
        at org.eclipse.jetty.io.ManagedSelector.nioSelect(ManagedSelector.java:183)
        at org.eclipse.jetty.io.ManagedSelector.select(ManagedSelector.java:190)
        at org.eclipse.jetty.io.ManagedSelector$SelectorProducer.select(ManagedSelector.java:606)
        at org.eclipse.jetty.io.ManagedSelector$SelectorProducer.produce(ManagedSelector.java:543)
        at org.eclipse.jetty.util.thread.strategy.EatWhatYouKill.produceTask(EatWhatYouKill.java:362)
        at org.eclipse.jetty.util.thread.strategy.EatWhatYouKill.doProduce(EatWhatYouKill.java:186)
        at org.eclipse.jetty.util.thread.strategy.EatWhatYouKill.tryProduce(EatWhatYouKill.java:173)
        at org.eclipse.jetty.util.thread.strategy.EatWhatYouKill.produce(EatWhatYouKill.java:137)
        at org.eclipse.jetty.io.ManagedSelector$$Lambda$446/1576513034.run(Unknown Source)
        at org.eclipse.jetty.util.thread.QueuedThreadPool.runJob(QueuedThreadPool.java:883)
        at org.eclipse.jetty.util.thread.QueuedThreadPool$Runner.run(QueuedThreadPool.java:1034)
        at java.lang.Thread.run(Thread.java:750)
"IPC Server handler 1 on default port 35095" daemon prio=5 tid=155 timed_waiting
java.lang.Thread.State: TIMED_WAITING
        at sun.misc.Unsafe.park(Native Method)
        at java.util.concurrent.locks.LockSupport.parkNanos(LockSupport.java:215)
        at java.util.concurrent.locks.AbstractQueuedSynchronizer$ConditionObject.awaitNanos(AbstractQueuedSynchronizer.java:2078)
        at java.util.concurrent.LinkedBlockingQueue.poll(LinkedBlockingQueue.java:467)
        at org.apache.hadoop.ipc.CallQueueManager.take(CallQueueManager.java:317)
        at org.apache.hadoop.ipc.Server$Handler.run(Server.java:2942)
"IPC Server handler 1 on default port 37293" daemon prio=5 tid=48 timed_waiting
java.lang.Thread.State: TIMED_WAITING
        at sun.misc.Unsafe.park(Native Method)
        at java.util.concurrent.locks.LockSupport.parkNanos(LockSupport.java:215)
        at java.util.concurrent.locks.AbstractQueuedSynchronizer$ConditionObject.awaitNanos(AbstractQueuedSynchronizer.java:2078)
        at java.util.concurrent.LinkedBlockingQueue.poll(LinkedBlockingQueue.java:467)
        at org.apache.hadoop.ipc.CallQueueManager.take(CallQueueManager.java:317)
        at org.apache.hadoop.ipc.Server$Handler.run(Server.java:2942)
"ChunkWriter-3-0" daemon prio=5 tid=433 in Object.wait()
java.lang.Thread.State: WAITING (on object monitor)
        at sun.misc.Unsafe.park(Native Method)
        at java.util.concurrent.locks.LockSupport.park(LockSupport.java:175)
        at java.util.concurrent.locks.AbstractQueuedSynchronizer$ConditionObject.await(AbstractQueuedSynchronizer.java:2039)
        at java.util.concurrent.LinkedBlockingDeque.takeFirst(LinkedBlockingDeque.java:492)
        at java.util.concurrent.LinkedBlockingDeque.take(LinkedBlockingDeque.java:680)
        at java.util.concurrent.ThreadPoolExecutor.getTask(ThreadPoolExecutor.java:1074)
        at java.util.concurrent.ThreadPoolExecutor.runWorker(ThreadPoolExecutor.java:1134)
        at java.util.concurrent.ThreadPoolExecutor$Worker.run(ThreadPoolExecutor.java:624)
        at java.lang.Thread.run(Thread.java:750)
"IPC Client (814583272) connection to 0.0.0.0/0.0.0.0:43187 from runner" daemon prio=5 tid=353 timed_waiting
java.lang.Thread.State: TIMED_WAITING
        at java.lang.Object.wait(Native Method)
        at org.apache.hadoop.ipc.Client$Connection.waitForWork(Client.java:1086)
        at org.apache.hadoop.ipc.Client$Connection.run(Client.java:1133)
"Datanode ReportManager Thread - 3" daemon prio=5 tid=406 in Object.wait()
java.lang.Thread.State: WAITING (on object monitor)
        at sun.misc.Unsafe.park(Native Method)
        at java.util.concurrent.locks.LockSupport.park(LockSupport.java:175)
        at java.util.concurrent.locks.AbstractQueuedSynchronizer$ConditionObject.await(AbstractQueuedSynchronizer.java:2039)
        at java.util.concurrent.ScheduledThreadPoolExecutor$DelayedWorkQueue.take(ScheduledThreadPoolExecutor.java:1088)
        at java.util.concurrent.ScheduledThreadPoolExecutor$DelayedWorkQueue.take(ScheduledThreadPoolExecutor.java:809)
        at java.util.concurrent.ThreadPoolExecutor.getTask(ThreadPoolExecutor.java:1074)
        at java.util.concurrent.ThreadPoolExecutor.runWorker(ThreadPoolExecutor.java:1134)
        at java.util.concurrent.ThreadPoolExecutor$Worker.run(ThreadPoolExecutor.java:624)
        at java.lang.Thread.run(Thread.java:750)
"IPC Server handler 17 on default port 37293" daemon prio=5 tid=64 timed_waiting
java.lang.Thread.State: TIMED_WAITING
        at sun.misc.Unsafe.park(Native Method)
        at java.util.concurrent.locks.LockSupport.parkNanos(LockSupport.java:215)
        at java.util.concurrent.locks.AbstractQueuedSynchronizer$ConditionObject.awaitNanos(AbstractQueuedSynchronizer.java:2078)
        at java.util.concurrent.LinkedBlockingQueue.poll(LinkedBlockingQueue.java:467)
        at org.apache.hadoop.ipc.CallQueueManager.take(CallQueueManager.java:317)
        at org.apache.hadoop.ipc.Server$Handler.run(Server.java:2942)
"RatisPipelineUtilsThread - 0"  prio=5 tid=15 timed_waiting
java.lang.Thread.State: TIMED_WAITING
        at java.lang.Object.wait(Native Method)
        at org.apache.hadoop.hdds.scm.pipeline.BackgroundPipelineCreator.run(BackgroundPipelineCreator.java:176)
        at org.apache.hadoop.hdds.scm.pipeline.BackgroundPipelineCreator$$Lambda$372/603327357.run(Unknown Source)
        at java.lang.Thread.run(Thread.java:750)
"StaleRecoveringContainerScrubbingService#1" daemon prio=5 tid=541 timed_waiting
java.lang.Thread.State: TIMED_WAITING
        at sun.misc.Unsafe.park(Native Method)
        at java.util.concurrent.locks.LockSupport.parkNanos(LockSupport.java:215)
        at java.util.concurrent.locks.AbstractQueuedSynchronizer$ConditionObject.awaitNanos(AbstractQueuedSynchronizer.java:2078)
        at java.util.concurrent.ScheduledThreadPoolExecutor$DelayedWorkQueue.take(ScheduledThreadPoolExecutor.java:1093)
        at java.util.concurrent.ScheduledThreadPoolExecutor$DelayedWorkQueue.take(ScheduledThreadPoolExecutor.java:809)
        at java.util.concurrent.ThreadPoolExecutor.getTask(ThreadPoolExecutor.java:1074)
        at java.util.concurrent.ThreadPoolExecutor.runWorker(ThreadPoolExecutor.java:1134)
        at java.util.concurrent.ThreadPoolExecutor$Worker.run(ThreadPoolExecutor.java:624)
        at java.lang.Thread.run(Thread.java:750)
"FullTableCache Cleanup Thread - 0" daemon prio=5 tid=765 in Object.wait()
java.lang.Thread.State: WAITING (on object monitor)
        at sun.misc.Unsafe.park(Native Method)
        at java.util.concurrent.locks.LockSupport.park(LockSupport.java:175)
        at java.util.concurrent.locks.AbstractQueuedSynchronizer$ConditionObject.await(AbstractQueuedSynchronizer.java:2039)
        at java.util.concurrent.LinkedBlockingQueue.take(LinkedBlockingQueue.java:442)
        at java.util.concurrent.ThreadPoolExecutor.getTask(ThreadPoolExecutor.java:1074)
        at java.util.concurrent.ThreadPoolExecutor.runWorker(ThreadPoolExecutor.java:1134)
        at java.util.concurrent.ThreadPoolExecutor$Worker.run(ThreadPoolExecutor.java:624)
        at java.lang.Thread.run(Thread.java:750)
"IPC Server handler 6 on default port 43187" daemon prio=5 tid=93 timed_waiting
java.lang.Thread.State: TIMED_WAITING
        at sun.misc.Unsafe.park(Native Method)
        at java.util.concurrent.locks.LockSupport.parkNanos(LockSupport.java:215)
        at java.util.concurrent.locks.AbstractQueuedSynchronizer$ConditionObject.awaitNanos(AbstractQueuedSynchronizer.java:2078)
        at java.util.concurrent.LinkedBlockingQueue.poll(LinkedBlockingQueue.java:467)
        at org.apache.hadoop.ipc.CallQueueManager.take(CallQueueManager.java:317)
        at org.apache.hadoop.ipc.Server$Handler.run(Server.java:2942)
"Datanode ReportManager Thread - 3" daemon prio=5 tid=482 timed_waiting
java.lang.Thread.State: TIMED_WAITING
        at sun.misc.Unsafe.park(Native Method)
        at java.util.concurrent.locks.LockSupport.parkNanos(LockSupport.java:215)
        at java.util.concurrent.locks.AbstractQueuedSynchronizer$ConditionObject.awaitNanos(AbstractQueuedSynchronizer.java:2078)
        at java.util.concurrent.ScheduledThreadPoolExecutor$DelayedWorkQueue.take(ScheduledThreadPoolExecutor.java:1093)
        at java.util.concurrent.ScheduledThreadPoolExecutor$DelayedWorkQueue.take(ScheduledThreadPoolExecutor.java:809)
        at java.util.concurrent.ThreadPoolExecutor.getTask(ThreadPoolExecutor.java:1074)
        at java.util.concurrent.ThreadPoolExecutor.runWorker(ThreadPoolExecutor.java:1134)
        at java.util.concurrent.ThreadPoolExecutor$Worker.run(ThreadPoolExecutor.java:624)
        at java.lang.Thread.run(Thread.java:750)
"IPC Server handler 2 on default port 43187" daemon prio=5 tid=89 timed_waiting
java.lang.Thread.State: TIMED_WAITING
        at sun.misc.Unsafe.park(Native Method)
        at java.util.concurrent.locks.LockSupport.parkNanos(LockSupport.java:215)
        at java.util.concurrent.locks.AbstractQueuedSynchronizer$ConditionObject.awaitNanos(AbstractQueuedSynchronizer.java:2078)
        at java.util.concurrent.LinkedBlockingQueue.poll(LinkedBlockingQueue.java:467)
        at org.apache.hadoop.ipc.CallQueueManager.take(CallQueueManager.java:317)
        at org.apache.hadoop.ipc.Server$Handler.run(Server.java:2942)
"qtp1298279735-346" daemon prio=5 tid=346 timed_waiting
java.lang.Thread.State: TIMED_WAITING
        at sun.misc.Unsafe.park(Native Method)
        at java.util.concurrent.locks.LockSupport.parkNanos(LockSupport.java:215)
        at java.util.concurrent.locks.AbstractQueuedSynchronizer$ConditionObject.awaitNanos(AbstractQueuedSynchronizer.java:2078)
        at org.eclipse.jetty.util.BlockingArrayQueue.poll(BlockingArrayQueue.java:382)
        at org.eclipse.jetty.util.thread.QueuedThreadPool$Runner.idleJobPoll(QueuedThreadPool.java:974)
        at org.eclipse.jetty.util.thread.QueuedThreadPool$Runner.run(QueuedThreadPool.java:1018)
        at java.lang.Thread.run(Thread.java:750)
"ChunkWriter-2-0" daemon prio=5 tid=558 in Object.wait()
java.lang.Thread.State: WAITING (on object monitor)
        at sun.misc.Unsafe.park(Native Method)
        at java.util.concurrent.locks.LockSupport.park(LockSupport.java:175)
        at java.util.concurrent.locks.AbstractQueuedSynchronizer$ConditionObject.await(AbstractQueuedSynchronizer.java:2039)
        at java.util.concurrent.LinkedBlockingDeque.takeFirst(LinkedBlockingDeque.java:492)
        at java.util.concurrent.LinkedBlockingDeque.take(LinkedBlockingDeque.java:680)
        at java.util.concurrent.ThreadPoolExecutor.getTask(ThreadPoolExecutor.java:1074)
        at java.util.concurrent.ThreadPoolExecutor.runWorker(ThreadPoolExecutor.java:1134)
        at java.util.concurrent.ThreadPoolExecutor$Worker.run(ThreadPoolExecutor.java:624)
        at java.lang.Thread.run(Thread.java:750)
"StaleRecoveringContainerScrubbingService#2" daemon prio=5 tid=937 in Object.wait()
java.lang.Thread.State: WAITING (on object monitor)
        at sun.misc.Unsafe.park(Native Method)
        at java.util.concurrent.locks.LockSupport.park(LockSupport.java:175)
        at java.util.concurrent.locks.AbstractQueuedSynchronizer$ConditionObject.await(AbstractQueuedSynchronizer.java:2039)
        at java.util.concurrent.ScheduledThreadPoolExecutor$DelayedWorkQueue.take(ScheduledThreadPoolExecutor.java:1088)
        at java.util.concurrent.ScheduledThreadPoolExecutor$DelayedWorkQueue.take(ScheduledThreadPoolExecutor.java:809)
        at java.util.concurrent.ThreadPoolExecutor.getTask(ThreadPoolExecutor.java:1074)
        at java.util.concurrent.ThreadPoolExecutor.runWorker(ThreadPoolExecutor.java:1134)
        at java.util.concurrent.ThreadPoolExecutor$Worker.run(ThreadPoolExecutor.java:624)
        at java.lang.Thread.run(Thread.java:750)
"pool-118-thread-1"  prio=5 tid=586 in Object.wait()
java.lang.Thread.State: WAITING (on object monitor)
        at sun.misc.Unsafe.park(Native Method)
        at java.util.concurrent.locks.LockSupport.park(LockSupport.java:175)
        at java.util.concurrent.locks.AbstractQueuedSynchronizer$ConditionObject.await(AbstractQueuedSynchronizer.java:2039)
        at java.util.concurrent.LinkedBlockingQueue.take(LinkedBlockingQueue.java:442)
        at java.util.concurrent.ThreadPoolExecutor.getTask(ThreadPoolExecutor.java:1074)
        at java.util.concurrent.ThreadPoolExecutor.runWorker(ThreadPoolExecutor.java:1134)
        at java.util.concurrent.ThreadPoolExecutor$Worker.run(ThreadPoolExecutor.java:624)
        at java.lang.Thread.run(Thread.java:750)
"qtp2135382997-461" daemon prio=5 tid=461 timed_waiting
java.lang.Thread.State: TIMED_WAITING
        at sun.misc.Unsafe.park(Native Method)
        at java.util.concurrent.locks.LockSupport.parkNanos(LockSupport.java:215)
        at java.util.concurrent.locks.AbstractQueuedSynchronizer$ConditionObject.awaitNanos(AbstractQueuedSynchronizer.java:2078)
        at org.eclipse.jetty.util.BlockingArrayQueue.poll(BlockingArrayQueue.java:382)
        at org.eclipse.jetty.util.thread.QueuedThreadPool$Runner.idleJobPoll(QueuedThreadPool.java:974)
        at org.eclipse.jetty.util.thread.QueuedThreadPool$Runner.run(QueuedThreadPool.java:1018)
        at java.lang.Thread.run(Thread.java:750)
"qtp2011228831-317-acceptor-0@3bcf8501-ServerConnector@4227a705{HTTP/1.1, (http/1.1)}{0.0.0.0:44769}" daemon prio=3 tid=317 runnable
java.lang.Thread.State: RUNNABLE
        at sun.nio.ch.ServerSocketChannelImpl.accept0(Native Method)
        at sun.nio.ch.ServerSocketChannelImpl.accept(ServerSocketChannelImpl.java:421)
        at sun.nio.ch.ServerSocketChannelImpl.accept(ServerSocketChannelImpl.java:249)
        at org.eclipse.jetty.server.ServerConnector.accept(ServerConnector.java:388)
        at org.eclipse.jetty.server.AbstractConnector$Acceptor.run(AbstractConnector.java:704)
        at org.eclipse.jetty.util.thread.QueuedThreadPool.runJob(QueuedThreadPool.java:883)
        at org.eclipse.jetty.util.thread.QueuedThreadPool$Runner.run(QueuedThreadPool.java:1034)
        at java.lang.Thread.run(Thread.java:750)
"om1@group-C5BA1605619E-SegmentedRaftLogWorker"  prio=5 tid=135 timed_waiting
java.lang.Thread.State: TIMED_WAITING
        at sun.misc.Unsafe.park(Native Method)
        at java.util.concurrent.locks.LockSupport.parkNanos(LockSupport.java:215)
        at java.util.concurrent.locks.AbstractQueuedSynchronizer$ConditionObject.awaitNanos(AbstractQueuedSynchronizer.java:2078)
        at org.apache.ratis.util.DataBlockingQueue.poll(DataBlockingQueue.java:148)
        at org.apache.ratis.server.raftlog.segmented.SegmentedRaftLogWorker.run(SegmentedRaftLogWorker.java:310)
        at org.apache.ratis.server.raftlog.segmented.SegmentedRaftLogWorker$$Lambda$665/1658742493.run(Unknown Source)
        at java.lang.Thread.run(Thread.java:750)
"IPC Server handler 5 on default port 43187" daemon prio=5 tid=92 timed_waiting
java.lang.Thread.State: TIMED_WAITING
        at sun.misc.Unsafe.park(Native Method)
        at java.util.concurrent.locks.LockSupport.parkNanos(LockSupport.java:215)
        at java.util.concurrent.locks.AbstractQueuedSynchronizer$ConditionObject.awaitNanos(AbstractQueuedSynchronizer.java:2078)
        at java.util.concurrent.LinkedBlockingQueue.poll(LinkedBlockingQueue.java:467)
        at org.apache.hadoop.ipc.CallQueueManager.take(CallQueueManager.java:317)
        at org.apache.hadoop.ipc.Server$Handler.run(Server.java:2942)
"StaleRecoveringContainerScrubbingService#1" daemon prio=5 tid=476 timed_waiting
java.lang.Thread.State: TIMED_WAITING
        at sun.misc.Unsafe.park(Native Method)
        at java.util.concurrent.locks.LockSupport.parkNanos(LockSupport.java:215)
        at java.util.concurrent.locks.AbstractQueuedSynchronizer$ConditionObject.awaitNanos(AbstractQueuedSynchronizer.java:2078)
        at java.util.concurrent.ScheduledThreadPoolExecutor$DelayedWorkQueue.take(ScheduledThreadPoolExecutor.java:1093)
        at java.util.concurrent.ScheduledThreadPoolExecutor$DelayedWorkQueue.take(ScheduledThreadPoolExecutor.java:809)
        at java.util.concurrent.ThreadPoolExecutor.getTask(ThreadPoolExecutor.java:1074)
        at java.util.concurrent.ThreadPoolExecutor.runWorker(ThreadPoolExecutor.java:1134)
        at java.util.concurrent.ThreadPoolExecutor$Worker.run(ThreadPoolExecutor.java:624)
        at java.lang.Thread.run(Thread.java:750)
"ChunkReader-0" daemon prio=5 tid=776 in Object.wait()
java.lang.Thread.State: WAITING (on object monitor)
        at sun.misc.Unsafe.park(Native Method)
        at java.util.concurrent.locks.LockSupport.park(LockSupport.java:175)
        at java.util.concurrent.locks.AbstractQueuedSynchronizer$ConditionObject.await(AbstractQueuedSynchronizer.java:2039)
        at java.util.concurrent.LinkedBlockingQueue.take(LinkedBlockingQueue.java:442)
        at java.util.concurrent.ThreadPoolExecutor.getTask(ThreadPoolExecutor.java:1074)
        at java.util.concurrent.ThreadPoolExecutor.runWorker(ThreadPoolExecutor.java:1134)
        at java.util.concurrent.ThreadPoolExecutor$Worker.run(ThreadPoolExecutor.java:624)
        at java.lang.Thread.run(Thread.java:750)
"FixedThreadPoolWithAffinityExecutor-5-0" daemon prio=5 tid=40 timed_waiting
java.lang.Thread.State: TIMED_WAITING
        at sun.misc.Unsafe.park(Native Method)
        at java.util.concurrent.locks.LockSupport.parkNanos(LockSupport.java:215)
        at java.util.concurrent.locks.AbstractQueuedSynchronizer$ConditionObject.awaitNanos(AbstractQueuedSynchronizer.java:2078)
        at java.util.concurrent.LinkedBlockingQueue.poll(LinkedBlockingQueue.java:467)
        at org.apache.hadoop.hdds.scm.server.ContainerReportQueue.poll(ContainerReportQueue.java:266)
        at org.apache.hadoop.hdds.scm.server.ContainerReportQueue.poll(ContainerReportQueue.java:42)
        at org.apache.hadoop.hdds.server.events.FixedThreadPoolWithAffinityExecutor$ContainerReportProcessTask.run(FixedThreadPoolWithAffinityExecutor.java:218)
        at java.util.concurrent.Executors$RunnableAdapter.call(Executors.java:511)
        at java.util.concurrent.FutureTask.run(FutureTask.java:266)
        at java.util.concurrent.ThreadPoolExecutor.runWorker(ThreadPoolExecutor.java:1149)
        at java.util.concurrent.ThreadPoolExecutor$Worker.run(ThreadPoolExecutor.java:624)
        at java.lang.Thread.run(Thread.java:750)
"qtp743713322-245" daemon prio=5 tid=245 timed_waiting
java.lang.Thread.State: TIMED_WAITING
        at sun.misc.Unsafe.park(Native Method)
        at java.util.concurrent.locks.LockSupport.parkNanos(LockSupport.java:215)
        at java.util.concurrent.locks.AbstractQueuedSynchronizer$ConditionObject.awaitNanos(AbstractQueuedSynchronizer.java:2078)
        at org.eclipse.jetty.util.BlockingArrayQueue.poll(BlockingArrayQueue.java:382)
        at org.eclipse.jetty.util.thread.QueuedThreadPool$Runner.idleJobPoll(QueuedThreadPool.java:974)
        at org.eclipse.jetty.util.thread.QueuedThreadPool$Runner.run(QueuedThreadPool.java:1018)
        at java.lang.Thread.run(Thread.java:750)
"qtp1374355136-111-acceptor-0@4e6b9b40-ServerConnector@34cb1310{HTTP/1.1, (http/1.1)}{0.0.0.0:43817}" daemon prio=3 tid=111 runnable
java.lang.Thread.State: RUNNABLE
        at sun.nio.ch.ServerSocketChannelImpl.accept0(Native Method)
        at sun.nio.ch.ServerSocketChannelImpl.accept(ServerSocketChannelImpl.java:421)
        at sun.nio.ch.ServerSocketChannelImpl.accept(ServerSocketChannelImpl.java:249)
        at org.eclipse.jetty.server.ServerConnector.accept(ServerConnector.java:388)
        at org.eclipse.jetty.server.AbstractConnector$Acceptor.run(AbstractConnector.java:704)
        at org.eclipse.jetty.util.thread.QueuedThreadPool.runJob(QueuedThreadPool.java:883)
        at org.eclipse.jetty.util.thread.QueuedThreadPool$Runner.run(QueuedThreadPool.java:1034)
        at java.lang.Thread.run(Thread.java:750)
"0467b8fc-339c-416e-b5e6-66cb4b1c2e57@group-49B3DD0B9FB3-SegmentedRaftLogWorker"  prio=5 tid=683 timed_waiting
java.lang.Thread.State: TIMED_WAITING
        at sun.misc.Unsafe.park(Native Method)
        at java.util.concurrent.locks.LockSupport.parkNanos(LockSupport.java:215)
        at java.util.concurrent.locks.AbstractQueuedSynchronizer$ConditionObject.awaitNanos(AbstractQueuedSynchronizer.java:2078)
        at org.apache.ratis.util.DataBlockingQueue.poll(DataBlockingQueue.java:148)
        at org.apache.ratis.server.raftlog.segmented.SegmentedRaftLogWorker.run(SegmentedRaftLogWorker.java:310)
        at org.apache.ratis.server.raftlog.segmented.SegmentedRaftLogWorker$$Lambda$665/1658742493.run(Unknown Source)
        at java.lang.Thread.run(Thread.java:750)
"ChunkWriter-1-0" daemon prio=5 tid=520 in Object.wait()
java.lang.Thread.State: WAITING (on object monitor)
        at sun.misc.Unsafe.park(Native Method)
        at java.util.concurrent.locks.LockSupport.park(LockSupport.java:175)
        at java.util.concurrent.locks.AbstractQueuedSynchronizer$ConditionObject.await(AbstractQueuedSynchronizer.java:2039)
        at java.util.concurrent.LinkedBlockingDeque.takeFirst(LinkedBlockingDeque.java:492)
        at java.util.concurrent.LinkedBlockingDeque.take(LinkedBlockingDeque.java:680)
        at java.util.concurrent.ThreadPoolExecutor.getTask(ThreadPoolExecutor.java:1074)
        at java.util.concurrent.ThreadPoolExecutor.runWorker(ThreadPoolExecutor.java:1134)
        at java.util.concurrent.ThreadPoolExecutor$Worker.run(ThreadPoolExecutor.java:624)
        at java.lang.Thread.run(Thread.java:750)
"Session-HouseKeeper-1346d3ae-1"  prio=5 tid=350 timed_waiting
java.lang.Thread.State: TIMED_WAITING
        at sun.misc.Unsafe.park(Native Method)
        at java.util.concurrent.locks.LockSupport.parkNanos(LockSupport.java:215)
        at java.util.concurrent.locks.AbstractQueuedSynchronizer$ConditionObject.awaitNanos(AbstractQueuedSynchronizer.java:2078)
        at java.util.concurrent.ScheduledThreadPoolExecutor$DelayedWorkQueue.take(ScheduledThreadPoolExecutor.java:1093)
        at java.util.concurrent.ScheduledThreadPoolExecutor$DelayedWorkQueue.take(ScheduledThreadPoolExecutor.java:809)
        at java.util.concurrent.ThreadPoolExecutor.getTask(ThreadPoolExecutor.java:1074)
        at java.util.concurrent.ThreadPoolExecutor.runWorker(ThreadPoolExecutor.java:1134)
        at java.util.concurrent.ThreadPoolExecutor$Worker.run(ThreadPoolExecutor.java:624)
        at java.lang.Thread.run(Thread.java:750)
"EventQueue-PipelineReportForOneReplicaPipelineSafeModeRule" daemon prio=5 tid=515 in Object.wait()
java.lang.Thread.State: WAITING (on object monitor)
        at sun.misc.Unsafe.park(Native Method)
        at java.util.concurrent.locks.LockSupport.park(LockSupport.java:175)
        at java.util.concurrent.locks.AbstractQueuedSynchronizer$ConditionObject.await(AbstractQueuedSynchronizer.java:2039)
        at java.util.concurrent.LinkedBlockingQueue.take(LinkedBlockingQueue.java:442)
        at java.util.concurrent.ThreadPoolExecutor.getTask(ThreadPoolExecutor.java:1074)
        at java.util.concurrent.ThreadPoolExecutor.runWorker(ThreadPoolExecutor.java:1134)
        at java.util.concurrent.ThreadPoolExecutor$Worker.run(ThreadPoolExecutor.java:624)
        at java.lang.Thread.run(Thread.java:750)
"IPC Server handler 13 on default port 43187" daemon prio=5 tid=100 timed_waiting
java.lang.Thread.State: TIMED_WAITING
        at sun.misc.Unsafe.park(Native Method)
        at java.util.concurrent.locks.LockSupport.parkNanos(LockSupport.java:215)
        at java.util.concurrent.locks.AbstractQueuedSynchronizer$ConditionObject.awaitNanos(AbstractQueuedSynchronizer.java:2078)
        at java.util.concurrent.LinkedBlockingQueue.poll(LinkedBlockingQueue.java:467)
        at org.apache.hadoop.ipc.CallQueueManager.take(CallQueueManager.java:317)
        at org.apache.hadoop.ipc.Server$Handler.run(Server.java:2942)
"Datanode State Machine Daemon Thread" daemon prio=5 tid=354 timed_waiting
java.lang.Thread.State: TIMED_WAITING
        at java.lang.Thread.sleep(Native Method)
        at org.apache.hadoop.ozone.container.common.statemachine.DatanodeStateMachine.startStateMachineThread(DatanodeStateMachine.java:321)
        at org.apache.hadoop.ozone.container.common.statemachine.DatanodeStateMachine.lambda$startDaemon$0(DatanodeStateMachine.java:506)
        at org.apache.hadoop.ozone.container.common.statemachine.DatanodeStateMachine$$Lambda$751/1932525059.run(Unknown Source)
        at java.lang.Thread.run(Thread.java:750)
"FixedThreadPoolWithAffinityExecutor-6-0" daemon prio=5 tid=41 timed_waiting
java.lang.Thread.State: TIMED_WAITING
        at sun.misc.Unsafe.park(Native Method)
        at java.util.concurrent.locks.LockSupport.parkNanos(LockSupport.java:215)
        at java.util.concurrent.locks.AbstractQueuedSynchronizer$ConditionObject.awaitNanos(AbstractQueuedSynchronizer.java:2078)
        at java.util.concurrent.LinkedBlockingQueue.poll(LinkedBlockingQueue.java:467)
        at org.apache.hadoop.hdds.scm.server.ContainerReportQueue.poll(ContainerReportQueue.java:266)
        at org.apache.hadoop.hdds.scm.server.ContainerReportQueue.poll(ContainerReportQueue.java:42)
        at org.apache.hadoop.hdds.server.events.FixedThreadPoolWithAffinityExecutor$ContainerReportProcessTask.run(FixedThreadPoolWithAffinityExecutor.java:218)
        at java.util.concurrent.Executors$RunnableAdapter.call(Executors.java:511)
        at java.util.concurrent.FutureTask.run(FutureTask.java:266)
        at java.util.concurrent.ThreadPoolExecutor.runWorker(ThreadPoolExecutor.java:1149)
        at java.util.concurrent.ThreadPoolExecutor$Worker.run(ThreadPoolExecutor.java:624)
        at java.lang.Thread.run(Thread.java:750)
"qtp1010968386-381" daemon prio=5 tid=381 runnable
java.lang.Thread.State: RUNNABLE
        at sun.nio.ch.EPollArrayWrapper.epollWait(Native Method)
        at sun.nio.ch.EPollArrayWrapper.poll(EPollArrayWrapper.java:269)
        at sun.nio.ch.EPollSelectorImpl.doSelect(EPollSelectorImpl.java:93)
        at sun.nio.ch.SelectorImpl.lockAndDoSelect(SelectorImpl.java:86)
        at sun.nio.ch.SelectorImpl.select(SelectorImpl.java:97)
        at sun.nio.ch.SelectorImpl.select(SelectorImpl.java:101)
        at org.eclipse.jetty.io.ManagedSelector.nioSelect(ManagedSelector.java:183)
        at org.eclipse.jetty.io.ManagedSelector.select(ManagedSelector.java:190)
        at org.eclipse.jetty.io.ManagedSelector$SelectorProducer.select(ManagedSelector.java:606)
        at org.eclipse.jetty.io.ManagedSelector$SelectorProducer.produce(ManagedSelector.java:543)
        at org.eclipse.jetty.util.thread.strategy.EatWhatYouKill.produceTask(EatWhatYouKill.java:362)
        at org.eclipse.jetty.util.thread.strategy.EatWhatYouKill.doProduce(EatWhatYouKill.java:186)
        at org.eclipse.jetty.util.thread.strategy.EatWhatYouKill.tryProduce(EatWhatYouKill.java:173)
        at org.eclipse.jetty.util.thread.strategy.EatWhatYouKill.produce(EatWhatYouKill.java:137)
        at org.eclipse.jetty.io.ManagedSelector$$Lambda$446/1576513034.run(Unknown Source)
        at org.eclipse.jetty.util.thread.QueuedThreadPool.runJob(QueuedThreadPool.java:883)
        at org.eclipse.jetty.util.thread.QueuedThreadPool$Runner.run(QueuedThreadPool.java:1034)
        at java.lang.Thread.run(Thread.java:750)
"JvmPauseMonitor3" daemon prio=5 tid=434 timed_waiting
java.lang.Thread.State: TIMED_WAITING
        at java.lang.Thread.sleep(Native Method)
        at java.lang.Thread.sleep(Thread.java:342)
        at java.util.concurrent.TimeUnit.sleep(TimeUnit.java:386)
        at org.apache.ratis.util.TimeDuration.sleep(TimeDuration.java:325)
        at org.apache.ratis.util.TimeDuration.sleep(TimeDuration.java:310)
        at org.apache.ratis.util.JvmPauseMonitor.detectPause(JvmPauseMonitor.java:119)
        at org.apache.ratis.util.JvmPauseMonitor.run(JvmPauseMonitor.java:108)
        at org.apache.ratis.util.JvmPauseMonitor$$Lambda$706/19678348.run(Unknown Source)
        at java.lang.Thread.run(Thread.java:750)
"Reference Handler" daemon prio=10 tid=2 in Object.wait()
java.lang.Thread.State: WAITING (on object monitor)
        at java.lang.Object.wait(Native Method)
        at java.lang.Object.wait(Object.java:502)
        at java.lang.ref.Reference.tryHandlePending(Reference.java:191)
        at java.lang.ref.Reference$ReferenceHandler.run(Reference.java:153)
"99050580-db91-402e-a30b-7426b5391f3a@group-285BFC804282-StateMachineUpdater" daemon prio=5 tid=647 timed_waiting
java.lang.Thread.State: TIMED_WAITING
        at sun.misc.Unsafe.park(Native Method)
        at java.util.concurrent.locks.LockSupport.parkNanos(LockSupport.java:215)
        at java.util.concurrent.CompletableFuture$Signaller.block(CompletableFuture.java:1709)
        at java.util.concurrent.ForkJoinPool.managedBlock(ForkJoinPool.java:3323)
        at java.util.concurrent.CompletableFuture.timedGet(CompletableFuture.java:1788)
        at java.util.concurrent.CompletableFuture.get(CompletableFuture.java:1928)
        at org.apache.ratis.util.AwaitForSignal.await(AwaitForSignal.java:56)
        at org.apache.ratis.server.impl.StateMachineUpdater.waitForCommit(StateMachineUpdater.java:207)
        at org.apache.ratis.server.impl.StateMachineUpdater.run(StateMachineUpdater.java:176)
        at java.lang.Thread.run(Thread.java:750)
"FullTableCache Cleanup Thread - 0" daemon prio=5 tid=766 in Object.wait()
java.lang.Thread.State: WAITING (on object monitor)
        at sun.misc.Unsafe.park(Native Method)
        at java.util.concurrent.locks.LockSupport.park(LockSupport.java:175)
        at java.util.concurrent.locks.AbstractQueuedSynchronizer$ConditionObject.await(AbstractQueuedSynchronizer.java:2039)
        at java.util.concurrent.LinkedBlockingQueue.take(LinkedBlockingQueue.java:442)
        at java.util.concurrent.ThreadPoolExecutor.getTask(ThreadPoolExecutor.java:1074)
        at java.util.concurrent.ThreadPoolExecutor.runWorker(ThreadPoolExecutor.java:1134)
        at java.util.concurrent.ThreadPoolExecutor$Worker.run(ThreadPoolExecutor.java:624)
        at java.lang.Thread.run(Thread.java:750)
"ChunkReader-ELG-0" daemon prio=5 tid=549 runnable
java.lang.Thread.State: RUNNABLE
        at org.apache.ratis.thirdparty.io.netty.channel.epoll.Native.epollWait(Native Method)
        at org.apache.ratis.thirdparty.io.netty.channel.epoll.Native.epollWait(Native.java:209)
        at org.apache.ratis.thirdparty.io.netty.channel.epoll.Native.epollWait(Native.java:202)
        at org.apache.ratis.thirdparty.io.netty.channel.epoll.EpollEventLoop.epollWaitNoTimerChange(EpollEventLoop.java:294)
        at org.apache.ratis.thirdparty.io.netty.channel.epoll.EpollEventLoop.run(EpollEventLoop.java:351)
        at org.apache.ratis.thirdparty.io.netty.util.concurrent.SingleThreadEventExecutor$4.run(SingleThreadEventExecutor.java:995)
        at org.apache.ratis.thirdparty.io.netty.util.internal.ThreadExecutorMap$2.run(ThreadExecutorMap.java:74)
        at java.lang.Thread.run(Thread.java:750)
"BlockDeletingService#1" daemon prio=5 tid=438 timed_waiting
java.lang.Thread.State: TIMED_WAITING
        at sun.misc.Unsafe.park(Native Method)
        at java.util.concurrent.locks.LockSupport.parkNanos(LockSupport.java:215)
        at java.util.concurrent.locks.AbstractQueuedSynchronizer$ConditionObject.awaitNanos(AbstractQueuedSynchronizer.java:2078)
        at java.util.concurrent.ScheduledThreadPoolExecutor$DelayedWorkQueue.take(ScheduledThreadPoolExecutor.java:1093)
        at java.util.concurrent.ScheduledThreadPoolExecutor$DelayedWorkQueue.take(ScheduledThreadPoolExecutor.java:809)
        at java.util.concurrent.ThreadPoolExecutor.getTask(ThreadPoolExecutor.java:1074)
        at java.util.concurrent.ThreadPoolExecutor.runWorker(ThreadPoolExecutor.java:1134)
        at java.util.concurrent.ThreadPoolExecutor$Worker.run(ThreadPoolExecutor.java:624)
        at java.lang.Thread.run(Thread.java:750)
"pool-150-thread-1"  prio=5 tid=263 timed_waiting
java.lang.Thread.State: TIMED_WAITING
        at sun.misc.Unsafe.park(Native Method)
        at java.util.concurrent.locks.LockSupport.parkNanos(LockSupport.java:215)
        at java.util.concurrent.locks.AbstractQueuedSynchronizer$ConditionObject.awaitNanos(AbstractQueuedSynchronizer.java:2078)
        at java.util.concurrent.ScheduledThreadPoolExecutor$DelayedWorkQueue.take(ScheduledThreadPoolExecutor.java:1093)
        at java.util.concurrent.ScheduledThreadPoolExecutor$DelayedWorkQueue.take(ScheduledThreadPoolExecutor.java:809)
        at java.util.concurrent.ThreadPoolExecutor.getTask(ThreadPoolExecutor.java:1074)
        at java.util.concurrent.ThreadPoolExecutor.runWorker(ThreadPoolExecutor.java:1134)
        at java.util.concurrent.ThreadPoolExecutor$Worker.run(ThreadPoolExecutor.java:624)
        at java.lang.Thread.run(Thread.java:750)
"IPC Server handler 2 on default port 37293" daemon prio=5 tid=49 timed_waiting
java.lang.Thread.State: TIMED_WAITING
        at sun.misc.Unsafe.park(Native Method)
        at java.util.concurrent.locks.LockSupport.parkNanos(LockSupport.java:215)
        at java.util.concurrent.locks.AbstractQueuedSynchronizer$ConditionObject.awaitNanos(AbstractQueuedSynchronizer.java:2078)
        at java.util.concurrent.LinkedBlockingQueue.poll(LinkedBlockingQueue.java:467)
        at org.apache.hadoop.ipc.CallQueueManager.take(CallQueueManager.java:317)
        at org.apache.hadoop.ipc.Server$Handler.run(Server.java:2942)
"IPC Server handler 14 on default port 44219" daemon prio=5 tid=81 timed_waiting
java.lang.Thread.State: TIMED_WAITING
        at sun.misc.Unsafe.park(Native Method)
        at java.util.concurrent.locks.LockSupport.parkNanos(LockSupport.java:215)
        at java.util.concurrent.locks.AbstractQueuedSynchronizer$ConditionObject.awaitNanos(AbstractQueuedSynchronizer.java:2078)
        at java.util.concurrent.LinkedBlockingQueue.poll(LinkedBlockingQueue.java:467)
        at org.apache.hadoop.ipc.CallQueueManager.take(CallQueueManager.java:317)
        at org.apache.hadoop.ipc.Server$Handler.run(Server.java:2942)
"ChunkReader-ELG-0" daemon prio=5 tid=435 runnable
java.lang.Thread.State: RUNNABLE
        at org.apache.ratis.thirdparty.io.netty.channel.epoll.Native.epollWait(Native Method)
        at org.apache.ratis.thirdparty.io.netty.channel.epoll.Native.epollWait(Native.java:209)
        at org.apache.ratis.thirdparty.io.netty.channel.epoll.Native.epollWait(Native.java:202)
        at org.apache.ratis.thirdparty.io.netty.channel.epoll.EpollEventLoop.epollWaitNoTimerChange(EpollEventLoop.java:294)
        at org.apache.ratis.thirdparty.io.netty.channel.epoll.EpollEventLoop.run(EpollEventLoop.java:351)
        at org.apache.ratis.thirdparty.io.netty.util.concurrent.SingleThreadEventExecutor$4.run(SingleThreadEventExecutor.java:995)
        at org.apache.ratis.thirdparty.io.netty.util.internal.ThreadExecutorMap$2.run(ThreadExecutorMap.java:74)
        at java.lang.Thread.run(Thread.java:750)
"0dd4671e-e5ba-49c8-8afe-be056577c247@group-3134A2B79DBE-StateMachineUpdater" daemon prio=5 tid=667 timed_waiting
java.lang.Thread.State: TIMED_WAITING
        at sun.misc.Unsafe.park(Native Method)
        at java.util.concurrent.locks.LockSupport.parkNanos(LockSupport.java:215)
        at java.util.concurrent.CompletableFuture$Signaller.block(CompletableFuture.java:1709)
        at java.util.concurrent.ForkJoinPool.managedBlock(ForkJoinPool.java:3323)
        at java.util.concurrent.CompletableFuture.timedGet(CompletableFuture.java:1788)
        at java.util.concurrent.CompletableFuture.get(CompletableFuture.java:1928)
        at org.apache.ratis.util.AwaitForSignal.await(AwaitForSignal.java:56)
        at org.apache.ratis.server.impl.StateMachineUpdater.waitForCommit(StateMachineUpdater.java:207)
        at org.apache.ratis.server.impl.StateMachineUpdater.run(StateMachineUpdater.java:176)
        at java.lang.Thread.run(Thread.java:750)
"Datanode State Machine Daemon Thread" daemon prio=5 tid=478 timed_waiting
java.lang.Thread.State: TIMED_WAITING
        at java.lang.Thread.sleep(Native Method)
        at org.apache.hadoop.ozone.container.common.statemachine.DatanodeStateMachine.startStateMachineThread(DatanodeStateMachine.java:321)
        at org.apache.hadoop.ozone.container.common.statemachine.DatanodeStateMachine.lambda$startDaemon$0(DatanodeStateMachine.java:506)
        at org.apache.hadoop.ozone.container.common.statemachine.DatanodeStateMachine$$Lambda$751/1932525059.run(Unknown Source)
        at java.lang.Thread.run(Thread.java:750)
"ChunkWriter-0-0" daemon prio=5 tid=468 in Object.wait()
java.lang.Thread.State: WAITING (on object monitor)
        at sun.misc.Unsafe.park(Native Method)
        at java.util.concurrent.locks.LockSupport.park(LockSupport.java:175)
        at java.util.concurrent.locks.AbstractQueuedSynchronizer$ConditionObject.await(AbstractQueuedSynchronizer.java:2039)
        at java.util.concurrent.LinkedBlockingDeque.takeFirst(LinkedBlockingDeque.java:492)
        at java.util.concurrent.LinkedBlockingDeque.take(LinkedBlockingDeque.java:680)
        at java.util.concurrent.ThreadPoolExecutor.getTask(ThreadPoolExecutor.java:1074)
        at java.util.concurrent.ThreadPoolExecutor.runWorker(ThreadPoolExecutor.java:1134)
        at java.util.concurrent.ThreadPoolExecutor$Worker.run(ThreadPoolExecutor.java:624)
        at java.lang.Thread.run(Thread.java:750)
"IPC Server handler 3 on default port 43187" daemon prio=5 tid=90 timed_waiting
java.lang.Thread.State: TIMED_WAITING
        at sun.misc.Unsafe.park(Native Method)
        at java.util.concurrent.locks.LockSupport.parkNanos(LockSupport.java:215)
        at java.util.concurrent.locks.AbstractQueuedSynchronizer$ConditionObject.awaitNanos(AbstractQueuedSynchronizer.java:2078)
        at java.util.concurrent.LinkedBlockingQueue.poll(LinkedBlockingQueue.java:467)
        at org.apache.hadoop.ipc.CallQueueManager.take(CallQueueManager.java:317)
        at org.apache.hadoop.ipc.Server$Handler.run(Server.java:2942)
"BlockDeletingService#0" daemon prio=5 tid=538 in Object.wait()
java.lang.Thread.State: WAITING (on object monitor)
        at sun.misc.Unsafe.park(Native Method)
        at java.util.concurrent.locks.LockSupport.park(LockSupport.java:175)
        at java.util.concurrent.locks.AbstractQueuedSynchronizer$ConditionObject.await(AbstractQueuedSynchronizer.java:2039)
        at java.util.concurrent.ScheduledThreadPoolExecutor$DelayedWorkQueue.take(ScheduledThreadPoolExecutor.java:1088)
        at java.util.concurrent.ScheduledThreadPoolExecutor$DelayedWorkQueue.take(ScheduledThreadPoolExecutor.java:809)
        at java.util.concurrent.ThreadPoolExecutor.getTask(ThreadPoolExecutor.java:1074)
        at java.util.concurrent.ThreadPoolExecutor.runWorker(ThreadPoolExecutor.java:1134)
        at java.util.concurrent.ThreadPoolExecutor$Worker.run(ThreadPoolExecutor.java:624)
        at java.lang.Thread.run(Thread.java:750)
"Session-HouseKeeper-1f537655-1"  prio=5 tid=427 timed_waiting
java.lang.Thread.State: TIMED_WAITING
        at sun.misc.Unsafe.park(Native Method)
        at java.util.concurrent.locks.LockSupport.parkNanos(LockSupport.java:215)
        at java.util.concurrent.locks.AbstractQueuedSynchronizer$ConditionObject.awaitNanos(AbstractQueuedSynchronizer.java:2078)
        at java.util.concurrent.ScheduledThreadPoolExecutor$DelayedWorkQueue.take(ScheduledThreadPoolExecutor.java:1093)
        at java.util.concurrent.ScheduledThreadPoolExecutor$DelayedWorkQueue.take(ScheduledThreadPoolExecutor.java:809)
        at java.util.concurrent.ThreadPoolExecutor.getTask(ThreadPoolExecutor.java:1074)
        at java.util.concurrent.ThreadPoolExecutor.runWorker(ThreadPoolExecutor.java:1134)
        at java.util.concurrent.ThreadPoolExecutor$Worker.run(ThreadPoolExecutor.java:624)
        at java.lang.Thread.run(Thread.java:750)
"EndpointStateMachine task thread for /0.0.0.0:43187 - 0 "  prio=5 tid=467 in Object.wait()
java.lang.Thread.State: WAITING (on object monitor)
        at sun.misc.Unsafe.park(Native Method)
        at java.util.concurrent.locks.LockSupport.park(LockSupport.java:175)
        at java.util.concurrent.locks.AbstractQueuedSynchronizer$ConditionObject.await(AbstractQueuedSynchronizer.java:2039)
        at java.util.concurrent.LinkedBlockingQueue.take(LinkedBlockingQueue.java:442)
        at java.util.concurrent.ThreadPoolExecutor.getTask(ThreadPoolExecutor.java:1074)
        at java.util.concurrent.ThreadPoolExecutor.runWorker(ThreadPoolExecutor.java:1134)
        at java.util.concurrent.ThreadPoolExecutor$Worker.run(ThreadPoolExecutor.java:624)
        at java.lang.Thread.run(Thread.java:750)
"IPC Server handler 15 on default port 37293" daemon prio=5 tid=62 timed_waiting
java.lang.Thread.State: TIMED_WAITING
        at sun.misc.Unsafe.park(Native Method)
        at java.util.concurrent.locks.LockSupport.parkNanos(LockSupport.java:215)
        at java.util.concurrent.locks.AbstractQueuedSynchronizer$ConditionObject.awaitNanos(AbstractQueuedSynchronizer.java:2078)
        at java.util.concurrent.LinkedBlockingQueue.poll(LinkedBlockingQueue.java:467)
        at org.apache.hadoop.ipc.CallQueueManager.take(CallQueueManager.java:317)
        at org.apache.hadoop.ipc.Server$Handler.run(Server.java:2942)
"Periodic HDDS volume checker" daemon prio=5 tid=374 timed_waiting
java.lang.Thread.State: TIMED_WAITING
        at sun.misc.Unsafe.park(Native Method)
        at java.util.concurrent.locks.LockSupport.parkNanos(LockSupport.java:215)
        at java.util.concurrent.locks.AbstractQueuedSynchronizer$ConditionObject.awaitNanos(AbstractQueuedSynchronizer.java:2078)
        at java.util.concurrent.ScheduledThreadPoolExecutor$DelayedWorkQueue.take(ScheduledThreadPoolExecutor.java:1093)
        at java.util.concurrent.ScheduledThreadPoolExecutor$DelayedWorkQueue.take(ScheduledThreadPoolExecutor.java:809)
        at java.util.concurrent.ThreadPoolExecutor.getTask(ThreadPoolExecutor.java:1074)
        at java.util.concurrent.ThreadPoolExecutor.runWorker(ThreadPoolExecutor.java:1134)
        at java.util.concurrent.ThreadPoolExecutor$Worker.run(ThreadPoolExecutor.java:624)
        at java.lang.Thread.run(Thread.java:750)
"BlockDeletingService#2" daemon prio=5 tid=940 in Object.wait()
java.lang.Thread.State: WAITING (on object monitor)
        at sun.misc.Unsafe.park(Native Method)
        at java.util.concurrent.locks.LockSupport.park(LockSupport.java:175)
        at java.util.concurrent.locks.AbstractQueuedSynchronizer$ConditionObject.await(AbstractQueuedSynchronizer.java:2039)
        at java.util.concurrent.ScheduledThreadPoolExecutor$DelayedWorkQueue.take(ScheduledThreadPoolExecutor.java:1088)
        at java.util.concurrent.ScheduledThreadPoolExecutor$DelayedWorkQueue.take(ScheduledThreadPoolExecutor.java:809)
        at java.util.concurrent.ThreadPoolExecutor.getTask(ThreadPoolExecutor.java:1074)
        at java.util.concurrent.ThreadPoolExecutor.runWorker(ThreadPoolExecutor.java:1134)
        at java.util.concurrent.ThreadPoolExecutor$Worker.run(ThreadPoolExecutor.java:624)
        at java.lang.Thread.run(Thread.java:750)
"qtp1010968386-383" daemon prio=5 tid=383 timed_waiting
java.lang.Thread.State: TIMED_WAITING
        at sun.misc.Unsafe.park(Native Method)
        at java.util.concurrent.locks.LockSupport.parkNanos(LockSupport.java:215)
        at java.util.concurrent.locks.AbstractQueuedSynchronizer$ConditionObject.awaitNanos(AbstractQueuedSynchronizer.java:2078)
        at org.eclipse.jetty.util.BlockingArrayQueue.poll(BlockingArrayQueue.java:382)
        at org.eclipse.jetty.util.thread.QueuedThreadPool$Runner.idleJobPoll(QueuedThreadPool.java:974)
        at org.eclipse.jetty.util.thread.QueuedThreadPool$Runner.run(QueuedThreadPool.java:1018)
        at java.lang.Thread.run(Thread.java:750)
"qtp966253930-191" daemon prio=5 tid=191 timed_waiting
java.lang.Thread.State: TIMED_WAITING
        at sun.misc.Unsafe.park(Native Method)
        at java.util.concurrent.locks.LockSupport.parkNanos(LockSupport.java:215)
        at java.util.concurrent.locks.AbstractQueuedSynchronizer$ConditionObject.awaitNanos(AbstractQueuedSynchronizer.java:2078)
        at org.eclipse.jetty.util.BlockingArrayQueue.poll(BlockingArrayQueue.java:382)
        at org.eclipse.jetty.util.thread.QueuedThreadPool$Runner.idleJobPoll(QueuedThreadPool.java:974)
        at org.eclipse.jetty.util.thread.QueuedThreadPool$Runner.run(QueuedThreadPool.java:1018)
        at java.lang.Thread.run(Thread.java:750)
"IPC Server handler 13 on default port 35095" daemon prio=5 tid=167 timed_waiting
java.lang.Thread.State: TIMED_WAITING
        at sun.misc.Unsafe.park(Native Method)
        at java.util.concurrent.locks.LockSupport.parkNanos(LockSupport.java:215)
        at java.util.concurrent.locks.AbstractQueuedSynchronizer$ConditionObject.awaitNanos(AbstractQueuedSynchronizer.java:2078)
        at java.util.concurrent.LinkedBlockingQueue.poll(LinkedBlockingQueue.java:467)
        at org.apache.hadoop.ipc.CallQueueManager.take(CallQueueManager.java:317)
        at org.apache.hadoop.ipc.Server$Handler.run(Server.java:2942)
"IPC Server handler 10 on default port 43187" daemon prio=5 tid=97 timed_waiting
java.lang.Thread.State: TIMED_WAITING
        at sun.misc.Unsafe.park(Native Method)
        at java.util.concurrent.locks.LockSupport.parkNanos(LockSupport.java:215)
        at java.util.concurrent.locks.AbstractQueuedSynchronizer$ConditionObject.awaitNanos(AbstractQueuedSynchronizer.java:2078)
        at java.util.concurrent.LinkedBlockingQueue.poll(LinkedBlockingQueue.java:467)
        at org.apache.hadoop.ipc.CallQueueManager.take(CallQueueManager.java:317)
        at org.apache.hadoop.ipc.Server$Handler.run(Server.java:2942)
"qtp1078491960-265-acceptor-0@449ba5a8-ServerConnector@7175d37c{HTTP/1.1, (http/1.1)}{0.0.0.0:34213}" daemon prio=3 tid=265 runnable
java.lang.Thread.State: RUNNABLE
        at sun.nio.ch.ServerSocketChannelImpl.accept0(Native Method)
        at sun.nio.ch.ServerSocketChannelImpl.accept(ServerSocketChannelImpl.java:421)
        at sun.nio.ch.ServerSocketChannelImpl.accept(ServerSocketChannelImpl.java:249)
        at org.eclipse.jetty.server.ServerConnector.accept(ServerConnector.java:388)
        at org.eclipse.jetty.server.AbstractConnector$Acceptor.run(AbstractConnector.java:704)
        at org.eclipse.jetty.util.thread.QueuedThreadPool.runJob(QueuedThreadPool.java:883)
        at org.eclipse.jetty.util.thread.QueuedThreadPool$Runner.run(QueuedThreadPool.java:1034)
        at java.lang.Thread.run(Thread.java:750)
"6e1286b8-b074-4479-bd2c-46da0ae8c43a@group-DC80249593AF-SegmentedRaftLogWorker"  prio=5 tid=588 timed_waiting
java.lang.Thread.State: TIMED_WAITING
        at sun.misc.Unsafe.park(Native Method)
        at java.util.concurrent.locks.LockSupport.parkNanos(LockSupport.java:215)
        at java.util.concurrent.locks.AbstractQueuedSynchronizer$ConditionObject.awaitNanos(AbstractQueuedSynchronizer.java:2078)
        at org.apache.ratis.util.DataBlockingQueue.poll(DataBlockingQueue.java:148)
        at org.apache.ratis.server.raftlog.segmented.SegmentedRaftLogWorker.run(SegmentedRaftLogWorker.java:310)
        at org.apache.ratis.server.raftlog.segmented.SegmentedRaftLogWorker$$Lambda$665/1658742493.run(Unknown Source)
        at java.lang.Thread.run(Thread.java:750)
"ChunkWriter-1-0" daemon prio=5 tid=533 in Object.wait()
java.lang.Thread.State: WAITING (on object monitor)
        at sun.misc.Unsafe.park(Native Method)
        at java.util.concurrent.locks.LockSupport.park(LockSupport.java:175)
        at java.util.concurrent.locks.AbstractQueuedSynchronizer$ConditionObject.await(AbstractQueuedSynchronizer.java:2039)
        at java.util.concurrent.LinkedBlockingDeque.takeFirst(LinkedBlockingDeque.java:492)
        at java.util.concurrent.LinkedBlockingDeque.take(LinkedBlockingDeque.java:680)
        at java.util.concurrent.ThreadPoolExecutor.getTask(ThreadPoolExecutor.java:1074)
        at java.util.concurrent.ThreadPoolExecutor.runWorker(ThreadPoolExecutor.java:1134)
        at java.util.concurrent.ThreadPoolExecutor$Worker.run(ThreadPoolExecutor.java:624)
        at java.lang.Thread.run(Thread.java:750)
"ChunkWriter-3-0" daemon prio=5 tid=522 in Object.wait()
java.lang.Thread.State: WAITING (on object monitor)
        at sun.misc.Unsafe.park(Native Method)
        at java.util.concurrent.locks.LockSupport.park(LockSupport.java:175)
        at java.util.concurrent.locks.AbstractQueuedSynchronizer$ConditionObject.await(AbstractQueuedSynchronizer.java:2039)
        at java.util.concurrent.LinkedBlockingDeque.takeFirst(LinkedBlockingDeque.java:492)
        at java.util.concurrent.LinkedBlockingDeque.take(LinkedBlockingDeque.java:680)
        at java.util.concurrent.ThreadPoolExecutor.getTask(ThreadPoolExecutor.java:1074)
        at java.util.concurrent.ThreadPoolExecutor.runWorker(ThreadPoolExecutor.java:1134)
        at java.util.concurrent.ThreadPoolExecutor$Worker.run(ThreadPoolExecutor.java:624)
        at java.lang.Thread.run(Thread.java:750)
"8d3760b1-f0ab-49a5-9c8a-a39ea99f9aab@group-2BBF2C51CC02-StateMachineUpdater" daemon prio=5 tid=571 timed_waiting
java.lang.Thread.State: TIMED_WAITING
        at sun.misc.Unsafe.park(Native Method)
        at java.util.concurrent.locks.LockSupport.parkNanos(LockSupport.java:215)
        at java.util.concurrent.CompletableFuture$Signaller.block(CompletableFuture.java:1709)
        at java.util.concurrent.ForkJoinPool.managedBlock(ForkJoinPool.java:3323)
        at java.util.concurrent.CompletableFuture.timedGet(CompletableFuture.java:1788)
        at java.util.concurrent.CompletableFuture.get(CompletableFuture.java:1928)
        at org.apache.ratis.util.AwaitForSignal.await(AwaitForSignal.java:56)
        at org.apache.ratis.server.impl.StateMachineUpdater.waitForCommit(StateMachineUpdater.java:207)
        at org.apache.ratis.server.impl.StateMachineUpdater.run(StateMachineUpdater.java:176)
        at java.lang.Thread.run(Thread.java:750)
"pool-59-thread-1"  prio=5 tid=144 timed_waiting
java.lang.Thread.State: TIMED_WAITING
        at sun.misc.Unsafe.park(Native Method)
        at java.util.concurrent.locks.LockSupport.parkNanos(LockSupport.java:215)
        at java.util.concurrent.locks.AbstractQueuedSynchronizer$ConditionObject.awaitNanos(AbstractQueuedSynchronizer.java:2078)
        at java.util.concurrent.ScheduledThreadPoolExecutor$DelayedWorkQueue.take(ScheduledThreadPoolExecutor.java:1093)
        at java.util.concurrent.ScheduledThreadPoolExecutor$DelayedWorkQueue.take(ScheduledThreadPoolExecutor.java:809)
        at java.util.concurrent.ThreadPoolExecutor.getTask(ThreadPoolExecutor.java:1074)
        at java.util.concurrent.ThreadPoolExecutor.runWorker(ThreadPoolExecutor.java:1134)
        at java.util.concurrent.ThreadPoolExecutor$Worker.run(ThreadPoolExecutor.java:624)
        at java.lang.Thread.run(Thread.java:750)
"5b5b9152-5d2c-4522-9940-e93bc8d8546d@group-3134A2B79DBE-StateMachineUpdater" daemon prio=5 tid=670 timed_waiting
java.lang.Thread.State: TIMED_WAITING
        at sun.misc.Unsafe.park(Native Method)
        at java.util.concurrent.locks.LockSupport.parkNanos(LockSupport.java:215)
        at java.util.concurrent.CompletableFuture$Signaller.block(CompletableFuture.java:1709)
        at java.util.concurrent.ForkJoinPool.managedBlock(ForkJoinPool.java:3323)
        at java.util.concurrent.CompletableFuture.timedGet(CompletableFuture.java:1788)
        at java.util.concurrent.CompletableFuture.get(CompletableFuture.java:1928)
        at org.apache.ratis.util.AwaitForSignal.await(AwaitForSignal.java:56)
        at org.apache.ratis.server.impl.StateMachineUpdater.waitForCommit(StateMachineUpdater.java:207)
        at org.apache.ratis.server.impl.StateMachineUpdater.run(StateMachineUpdater.java:176)
        at java.lang.Thread.run(Thread.java:750)
"Datanode ReportManager Thread - 2" daemon prio=5 tid=328 timed_waiting
java.lang.Thread.State: TIMED_WAITING
        at sun.misc.Unsafe.park(Native Method)
        at java.util.concurrent.locks.LockSupport.parkNanos(LockSupport.java:215)
        at java.util.concurrent.locks.AbstractQueuedSynchronizer$ConditionObject.awaitNanos(AbstractQueuedSynchronizer.java:2078)
        at java.util.concurrent.ScheduledThreadPoolExecutor$DelayedWorkQueue.take(ScheduledThreadPoolExecutor.java:1093)
        at java.util.concurrent.ScheduledThreadPoolExecutor$DelayedWorkQueue.take(ScheduledThreadPoolExecutor.java:809)
        at java.util.concurrent.ThreadPoolExecutor.getTask(ThreadPoolExecutor.java:1074)
        at java.util.concurrent.ThreadPoolExecutor.runWorker(ThreadPoolExecutor.java:1134)
        at java.util.concurrent.ThreadPoolExecutor$Worker.run(ThreadPoolExecutor.java:624)
        at java.lang.Thread.run(Thread.java:750)
"BlockDeletingService#1" daemon prio=5 tid=540 timed_waiting
java.lang.Thread.State: TIMED_WAITING
        at sun.misc.Unsafe.park(Native Method)
        at java.util.concurrent.locks.LockSupport.parkNanos(LockSupport.java:215)
        at java.util.concurrent.locks.AbstractQueuedSynchronizer$ConditionObject.awaitNanos(AbstractQueuedSynchronizer.java:2078)
        at java.util.concurrent.ScheduledThreadPoolExecutor$DelayedWorkQueue.take(ScheduledThreadPoolExecutor.java:1093)
        at java.util.concurrent.ScheduledThreadPoolExecutor$DelayedWorkQueue.take(ScheduledThreadPoolExecutor.java:809)
        at java.util.concurrent.ThreadPoolExecutor.getTask(ThreadPoolExecutor.java:1074)
        at java.util.concurrent.ThreadPoolExecutor.runWorker(ThreadPoolExecutor.java:1134)
        at java.util.concurrent.ThreadPoolExecutor$Worker.run(ThreadPoolExecutor.java:624)
        at java.lang.Thread.run(Thread.java:750)
"EventQueue-NodeRegistrationContainerReportForContainerSafeModeRule" daemon prio=5 tid=512 in Object.wait()
java.lang.Thread.State: WAITING (on object monitor)
        at sun.misc.Unsafe.park(Native Method)
        at java.util.concurrent.locks.LockSupport.park(LockSupport.java:175)
        at java.util.concurrent.locks.AbstractQueuedSynchronizer$ConditionObject.await(AbstractQueuedSynchronizer.java:2039)
        at java.util.concurrent.LinkedBlockingQueue.take(LinkedBlockingQueue.java:442)
        at java.util.concurrent.ThreadPoolExecutor.getTask(ThreadPoolExecutor.java:1074)
        at java.util.concurrent.ThreadPoolExecutor.runWorker(ThreadPoolExecutor.java:1134)
        at java.util.concurrent.ThreadPoolExecutor$Worker.run(ThreadPoolExecutor.java:624)
        at java.lang.Thread.run(Thread.java:750)
"Datanode ReportManager Thread - 2" daemon prio=5 tid=357 timed_waiting
java.lang.Thread.State: TIMED_WAITING
        at sun.misc.Unsafe.park(Native Method)
        at java.util.concurrent.locks.LockSupport.parkNanos(LockSupport.java:215)
        at java.util.concurrent.locks.AbstractQueuedSynchronizer$ConditionObject.awaitNanos(AbstractQueuedSynchronizer.java:2078)
        at java.util.concurrent.ScheduledThreadPoolExecutor$DelayedWorkQueue.take(ScheduledThreadPoolExecutor.java:1093)
        at java.util.concurrent.ScheduledThreadPoolExecutor$DelayedWorkQueue.take(ScheduledThreadPoolExecutor.java:809)
        at java.util.concurrent.ThreadPoolExecutor.getTask(ThreadPoolExecutor.java:1074)
        at java.util.concurrent.ThreadPoolExecutor.runWorker(ThreadPoolExecutor.java:1134)
        at java.util.concurrent.ThreadPoolExecutor$Worker.run(ThreadPoolExecutor.java:624)
        at java.lang.Thread.run(Thread.java:750)
"org.apache.hadoop.util.JvmPauseMonitor$Monitor@40e8813d" daemon prio=5 tid=254 timed_waiting
java.lang.Thread.State: TIMED_WAITING
        at java.lang.Thread.sleep(Native Method)
        at org.apache.hadoop.util.JvmPauseMonitor$Monitor.run(JvmPauseMonitor.java:192)
        at java.lang.Thread.run(Thread.java:750)
"ChunkWriter-0-0" daemon prio=5 tid=430 in Object.wait()
java.lang.Thread.State: WAITING (on object monitor)
        at sun.misc.Unsafe.park(Native Method)
        at java.util.concurrent.locks.LockSupport.park(LockSupport.java:175)
        at java.util.concurrent.locks.AbstractQueuedSynchronizer$ConditionObject.await(AbstractQueuedSynchronizer.java:2039)
        at java.util.concurrent.LinkedBlockingDeque.takeFirst(LinkedBlockingDeque.java:492)
        at java.util.concurrent.LinkedBlockingDeque.take(LinkedBlockingDeque.java:680)
        at java.util.concurrent.ThreadPoolExecutor.getTask(ThreadPoolExecutor.java:1074)
        at java.util.concurrent.ThreadPoolExecutor.runWorker(ThreadPoolExecutor.java:1134)
        at java.util.concurrent.ThreadPoolExecutor$Worker.run(ThreadPoolExecutor.java:624)
        at java.lang.Thread.run(Thread.java:750)
"pool-291-thread-1"  prio=5 tid=682 in Object.wait()
java.lang.Thread.State: WAITING (on object monitor)
        at sun.misc.Unsafe.park(Native Method)
        at java.util.concurrent.locks.LockSupport.park(LockSupport.java:175)
        at java.util.concurrent.locks.AbstractQueuedSynchronizer$ConditionObject.await(AbstractQueuedSynchronizer.java:2039)
        at java.util.concurrent.LinkedBlockingQueue.take(LinkedBlockingQueue.java:442)
        at java.util.concurrent.ThreadPoolExecutor.getTask(ThreadPoolExecutor.java:1074)
        at java.util.concurrent.ThreadPoolExecutor.runWorker(ThreadPoolExecutor.java:1134)
        at java.util.concurrent.ThreadPoolExecutor$Worker.run(ThreadPoolExecutor.java:624)
        at java.lang.Thread.run(Thread.java:750)
"StaleRecoveringContainerScrubbingService#0" daemon prio=5 tid=496 in Object.wait()
java.lang.Thread.State: WAITING (on object monitor)
        at sun.misc.Unsafe.park(Native Method)
        at java.util.concurrent.locks.LockSupport.park(LockSupport.java:175)
        at java.util.concurrent.locks.AbstractQueuedSynchronizer$ConditionObject.await(AbstractQueuedSynchronizer.java:2039)
        at java.util.concurrent.ScheduledThreadPoolExecutor$DelayedWorkQueue.take(ScheduledThreadPoolExecutor.java:1088)
        at java.util.concurrent.ScheduledThreadPoolExecutor$DelayedWorkQueue.take(ScheduledThreadPoolExecutor.java:809)
        at java.util.concurrent.ThreadPoolExecutor.getTask(ThreadPoolExecutor.java:1074)
        at java.util.concurrent.ThreadPoolExecutor.runWorker(ThreadPoolExecutor.java:1134)
        at java.util.concurrent.ThreadPoolExecutor$Worker.run(ThreadPoolExecutor.java:624)
        at java.lang.Thread.run(Thread.java:750)
"timer6" daemon prio=5 tid=804 timed_waiting
java.lang.Thread.State: TIMED_WAITING
        at java.lang.Object.wait(Native Method)
        at java.util.TimerThread.mainLoop(Timer.java:552)
        at java.util.TimerThread.run(Timer.java:505)
"BlockDeletingService#0" daemon prio=5 tid=495 in Object.wait()
java.lang.Thread.State: WAITING (on object monitor)
        at sun.misc.Unsafe.park(Native Method)
        at java.util.concurrent.locks.LockSupport.park(LockSupport.java:175)
        at java.util.concurrent.locks.AbstractQueuedSynchronizer$ConditionObject.await(AbstractQueuedSynchronizer.java:2039)
        at java.util.concurrent.ScheduledThreadPoolExecutor$DelayedWorkQueue.take(ScheduledThreadPoolExecutor.java:1088)
        at java.util.concurrent.ScheduledThreadPoolExecutor$DelayedWorkQueue.take(ScheduledThreadPoolExecutor.java:809)
        at java.util.concurrent.ThreadPoolExecutor.getTask(ThreadPoolExecutor.java:1074)
        at java.util.concurrent.ThreadPoolExecutor.runWorker(ThreadPoolExecutor.java:1134)
        at java.util.concurrent.ThreadPoolExecutor$Worker.run(ThreadPoolExecutor.java:624)
        at java.lang.Thread.run(Thread.java:750)
"47355ef6-248e-415d-99d1-f00ca16e1642@group-D39F9C32CD8E-SegmentedRaftLogWorker"  prio=5 tid=625 timed_waiting
java.lang.Thread.State: TIMED_WAITING
        at sun.misc.Unsafe.park(Native Method)
        at java.util.concurrent.locks.LockSupport.parkNanos(LockSupport.java:215)
        at java.util.concurrent.locks.AbstractQueuedSynchronizer$ConditionObject.awaitNanos(AbstractQueuedSynchronizer.java:2078)
        at org.apache.ratis.util.DataBlockingQueue.poll(DataBlockingQueue.java:148)
        at org.apache.ratis.server.raftlog.segmented.SegmentedRaftLogWorker.run(SegmentedRaftLogWorker.java:310)
        at org.apache.ratis.server.raftlog.segmented.SegmentedRaftLogWorker$$Lambda$665/1658742493.run(Unknown Source)
        at java.lang.Thread.run(Thread.java:750)
"org.apache.hadoop.ozone.container.common.statemachine.commandhandler.DeleteBlocksCommandHandler$DeleteCmdWorker@1f2fc50" daemon prio=5 tid=182 timed_waiting
java.lang.Thread.State: TIMED_WAITING
        at java.lang.Thread.sleep(Native Method)
        at org.apache.hadoop.ozone.container.common.statemachine.commandhandler.DeleteBlocksCommandHandler$DeleteCmdWorker.run(DeleteBlocksCommandHandler.java:183)
        at java.lang.Thread.run(Thread.java:750)
"ChunkWriter-1-0" daemon prio=5 tid=431 in Object.wait()
java.lang.Thread.State: WAITING (on object monitor)
        at sun.misc.Unsafe.park(Native Method)
        at java.util.concurrent.locks.LockSupport.park(LockSupport.java:175)
        at java.util.concurrent.locks.AbstractQueuedSynchronizer$ConditionObject.await(AbstractQueuedSynchronizer.java:2039)
        at java.util.concurrent.LinkedBlockingDeque.takeFirst(LinkedBlockingDeque.java:492)
        at java.util.concurrent.LinkedBlockingDeque.take(LinkedBlockingDeque.java:680)
        at java.util.concurrent.ThreadPoolExecutor.getTask(ThreadPoolExecutor.java:1074)
        at java.util.concurrent.ThreadPoolExecutor.runWorker(ThreadPoolExecutor.java:1134)
        at java.util.concurrent.ThreadPoolExecutor$Worker.run(ThreadPoolExecutor.java:624)
        at java.lang.Thread.run(Thread.java:750)
"pool-173-thread-1"  prio=5 tid=289 timed_waiting
java.lang.Thread.State: TIMED_WAITING
        at sun.misc.Unsafe.park(Native Method)
        at java.util.concurrent.locks.LockSupport.parkNanos(LockSupport.java:215)
        at java.util.concurrent.locks.AbstractQueuedSynchronizer$ConditionObject.awaitNanos(AbstractQueuedSynchronizer.java:2078)
        at java.util.concurrent.ScheduledThreadPoolExecutor$DelayedWorkQueue.take(ScheduledThreadPoolExecutor.java:1093)
        at java.util.concurrent.ScheduledThreadPoolExecutor$DelayedWorkQueue.take(ScheduledThreadPoolExecutor.java:809)
        at java.util.concurrent.ThreadPoolExecutor.getTask(ThreadPoolExecutor.java:1074)
        at java.util.concurrent.ThreadPoolExecutor.runWorker(ThreadPoolExecutor.java:1134)
        at java.util.concurrent.ThreadPoolExecutor$Worker.run(ThreadPoolExecutor.java:624)
        at java.lang.Thread.run(Thread.java:750)
"5b5b9152-5d2c-4522-9940-e93bc8d8546d-server-thread1" daemon prio=5 tid=747 timed_waiting
java.lang.Thread.State: TIMED_WAITING
        at sun.misc.Unsafe.park(Native Method)
        at java.util.concurrent.locks.LockSupport.parkNanos(LockSupport.java:215)
        at java.util.concurrent.SynchronousQueue$TransferStack.awaitFulfill(SynchronousQueue.java:460)
        at java.util.concurrent.SynchronousQueue$TransferStack.transfer(SynchronousQueue.java:362)
        at java.util.concurrent.SynchronousQueue.poll(SynchronousQueue.java:941)
        at java.util.concurrent.ThreadPoolExecutor.getTask(ThreadPoolExecutor.java:1073)
        at java.util.concurrent.ThreadPoolExecutor.runWorker(ThreadPoolExecutor.java:1134)
        at java.util.concurrent.ThreadPoolExecutor$Worker.run(ThreadPoolExecutor.java:624)
        at java.lang.Thread.run(Thread.java:750)
"47355ef6-248e-415d-99d1-f00ca16e1642@group-0E0524D27BC6-StateMachineUpdater" daemon prio=5 tid=641 timed_waiting
java.lang.Thread.State: TIMED_WAITING
        at sun.misc.Unsafe.park(Native Method)
        at java.util.concurrent.locks.LockSupport.parkNanos(LockSupport.java:215)
        at java.util.concurrent.CompletableFuture$Signaller.block(CompletableFuture.java:1709)
        at java.util.concurrent.ForkJoinPool.managedBlock(ForkJoinPool.java:3323)
        at java.util.concurrent.CompletableFuture.timedGet(CompletableFuture.java:1788)
        at java.util.concurrent.CompletableFuture.get(CompletableFuture.java:1928)
        at org.apache.ratis.util.AwaitForSignal.await(AwaitForSignal.java:56)
        at org.apache.ratis.server.impl.StateMachineUpdater.waitForCommit(StateMachineUpdater.java:207)
        at org.apache.ratis.server.impl.StateMachineUpdater.run(StateMachineUpdater.java:176)
        at java.lang.Thread.run(Thread.java:750)
"ChunkReader-3" daemon prio=5 tid=796 in Object.wait()
java.lang.Thread.State: WAITING (on object monitor)
        at sun.misc.Unsafe.park(Native Method)
        at java.util.concurrent.locks.LockSupport.park(LockSupport.java:175)
        at java.util.concurrent.locks.AbstractQueuedSynchronizer$ConditionObject.await(AbstractQueuedSynchronizer.java:2039)
        at java.util.concurrent.LinkedBlockingQueue.take(LinkedBlockingQueue.java:442)
        at java.util.concurrent.ThreadPoolExecutor.getTask(ThreadPoolExecutor.java:1074)
        at java.util.concurrent.ThreadPoolExecutor.runWorker(ThreadPoolExecutor.java:1134)
        at java.util.concurrent.ThreadPoolExecutor$Worker.run(ThreadPoolExecutor.java:624)
        at java.lang.Thread.run(Thread.java:750)
"Socket Reader #1 for port 0"  prio=5 tid=28 runnable
java.lang.Thread.State: RUNNABLE
        at sun.nio.ch.EPollArrayWrapper.epollWait(Native Method)
        at sun.nio.ch.EPollArrayWrapper.poll(EPollArrayWrapper.java:269)
        at sun.nio.ch.EPollSelectorImpl.doSelect(EPollSelectorImpl.java:93)
        at sun.nio.ch.SelectorImpl.lockAndDoSelect(SelectorImpl.java:86)
        at sun.nio.ch.SelectorImpl.select(SelectorImpl.java:97)
        at sun.nio.ch.SelectorImpl.select(SelectorImpl.java:101)
        at org.apache.hadoop.ipc.Server$Listener$Reader.doRunLoop(Server.java:1296)
        at org.apache.hadoop.ipc.Server$Listener$Reader.run(Server.java:1275)
"Datanode State Machine Task Thread - 0"  prio=5 tid=362 in Object.wait()
java.lang.Thread.State: WAITING (on object monitor)
        at sun.misc.Unsafe.park(Native Method)
        at java.util.concurrent.locks.LockSupport.park(LockSupport.java:175)
        at java.util.concurrent.locks.AbstractQueuedSynchronizer$ConditionObject.await(AbstractQueuedSynchronizer.java:2039)
        at java.util.concurrent.LinkedBlockingQueue.take(LinkedBlockingQueue.java:442)
        at java.util.concurrent.ThreadPoolExecutor.getTask(ThreadPoolExecutor.java:1074)
        at java.util.concurrent.ThreadPoolExecutor.runWorker(ThreadPoolExecutor.java:1134)
        at java.util.concurrent.ThreadPoolExecutor$Worker.run(ThreadPoolExecutor.java:624)
        at java.lang.Thread.run(Thread.java:750)
"qtp2011228831-323" daemon prio=5 tid=323 timed_waiting
java.lang.Thread.State: TIMED_WAITING
        at sun.misc.Unsafe.park(Native Method)
        at java.util.concurrent.locks.LockSupport.parkNanos(LockSupport.java:215)
        at java.util.concurrent.locks.AbstractQueuedSynchronizer$ConditionObject.awaitNanos(AbstractQueuedSynchronizer.java:2078)
        at org.eclipse.jetty.util.BlockingArrayQueue.poll(BlockingArrayQueue.java:382)
        at org.eclipse.jetty.util.thread.QueuedThreadPool$Runner.idleJobPoll(QueuedThreadPool.java:974)
        at org.eclipse.jetty.util.thread.QueuedThreadPool$Runner.run(QueuedThreadPool.java:1018)
        at java.lang.Thread.run(Thread.java:750)
"Datanode State Machine Task Thread - 1"  prio=5 tid=499 in Object.wait()
java.lang.Thread.State: WAITING (on object monitor)
        at sun.misc.Unsafe.park(Native Method)
        at java.util.concurrent.locks.LockSupport.park(LockSupport.java:175)
        at java.util.concurrent.locks.AbstractQueuedSynchronizer$ConditionObject.await(AbstractQueuedSynchronizer.java:2039)
        at java.util.concurrent.LinkedBlockingQueue.take(LinkedBlockingQueue.java:442)
        at java.util.concurrent.ThreadPoolExecutor.getTask(ThreadPoolExecutor.java:1074)
        at java.util.concurrent.ThreadPoolExecutor.runWorker(ThreadPoolExecutor.java:1134)
        at java.util.concurrent.ThreadPoolExecutor$Worker.run(ThreadPoolExecutor.java:624)
        at java.lang.Thread.run(Thread.java:750)
"StaleRecoveringContainerScrubbingService#2" daemon prio=5 tid=950 in Object.wait()
java.lang.Thread.State: WAITING (on object monitor)
        at sun.misc.Unsafe.park(Native Method)
        at java.util.concurrent.locks.LockSupport.park(LockSupport.java:175)
        at java.util.concurrent.locks.AbstractQueuedSynchronizer$ConditionObject.await(AbstractQueuedSynchronizer.java:2039)
        at java.util.concurrent.ScheduledThreadPoolExecutor$DelayedWorkQueue.take(ScheduledThreadPoolExecutor.java:1088)
        at java.util.concurrent.ScheduledThreadPoolExecutor$DelayedWorkQueue.take(ScheduledThreadPoolExecutor.java:809)
        at java.util.concurrent.ThreadPoolExecutor.getTask(ThreadPoolExecutor.java:1074)
        at java.util.concurrent.ThreadPoolExecutor.runWorker(ThreadPoolExecutor.java:1134)
        at java.util.concurrent.ThreadPoolExecutor$Worker.run(ThreadPoolExecutor.java:624)
        at java.lang.Thread.run(Thread.java:750)
"JvmPauseMonitor10" daemon prio=5 tid=560 timed_waiting
java.lang.Thread.State: TIMED_WAITING
        at java.lang.Thread.sleep(Native Method)
        at java.lang.Thread.sleep(Thread.java:342)
        at java.util.concurrent.TimeUnit.sleep(TimeUnit.java:386)
        at org.apache.ratis.util.TimeDuration.sleep(TimeDuration.java:325)
        at org.apache.ratis.util.TimeDuration.sleep(TimeDuration.java:310)
        at org.apache.ratis.util.JvmPauseMonitor.detectPause(JvmPauseMonitor.java:119)
        at org.apache.ratis.util.JvmPauseMonitor.run(JvmPauseMonitor.java:108)
        at org.apache.ratis.util.JvmPauseMonitor$$Lambda$706/19678348.run(Unknown Source)
        at java.lang.Thread.run(Thread.java:750)
"IPC Server handler 13 on default port 37293" daemon prio=5 tid=60 timed_waiting
java.lang.Thread.State: TIMED_WAITING
        at sun.misc.Unsafe.park(Native Method)
        at java.util.concurrent.locks.LockSupport.parkNanos(LockSupport.java:215)
        at java.util.concurrent.locks.AbstractQueuedSynchronizer$ConditionObject.awaitNanos(AbstractQueuedSynchronizer.java:2078)
        at java.util.concurrent.LinkedBlockingQueue.poll(LinkedBlockingQueue.java:467)
        at org.apache.hadoop.ipc.CallQueueManager.take(CallQueueManager.java:317)
        at org.apache.hadoop.ipc.Server$Handler.run(Server.java:2942)
"Command processor thread" daemon prio=5 tid=279 timed_waiting
java.lang.Thread.State: TIMED_WAITING
        at java.lang.Thread.sleep(Native Method)
        at org.apache.hadoop.ozone.container.common.statemachine.DatanodeStateMachine.lambda$initCommandHandlerThread$3(DatanodeStateMachine.java:641)
        at org.apache.hadoop.ozone.container.common.statemachine.DatanodeStateMachine$$Lambda$753/767635075.run(Unknown Source)
        at java.lang.Thread.run(Thread.java:750)
"org.apache.hadoop.util.JvmPauseMonitor$Monitor@78076fea" daemon prio=5 tid=332 timed_waiting
java.lang.Thread.State: TIMED_WAITING
        at java.lang.Thread.sleep(Native Method)
        at org.apache.hadoop.util.JvmPauseMonitor$Monitor.run(JvmPauseMonitor.java:192)
        at java.lang.Thread.run(Thread.java:750)
"47355ef6-248e-415d-99d1-f00ca16e1642@group-D39F9C32CD8E->18b69636-199d-46b1-a155-faec2a9e6e92-GrpcLogAppender-LogAppenderDaemon" daemon prio=5 tid=863 timed_waiting
java.lang.Thread.State: TIMED_WAITING
        at sun.misc.Unsafe.park(Native Method)
        at java.util.concurrent.locks.LockSupport.parkNanos(LockSupport.java:215)
        at java.util.concurrent.CompletableFuture$Signaller.block(CompletableFuture.java:1709)
        at java.util.concurrent.ForkJoinPool.managedBlock(ForkJoinPool.java:3323)
        at java.util.concurrent.CompletableFuture.timedGet(CompletableFuture.java:1788)
        at java.util.concurrent.CompletableFuture.get(CompletableFuture.java:1928)
        at org.apache.ratis.util.AwaitForSignal.await(AwaitForSignal.java:56)
        at org.apache.ratis.grpc.server.GrpcLogAppender.mayWait(GrpcLogAppender.java:198)
        at org.apache.ratis.grpc.server.GrpcLogAppender.run(GrpcLogAppender.java:148)
        at org.apache.ratis.server.leader.LogAppenderDaemon.run(LogAppenderDaemon.java:78)
        at org.apache.ratis.server.leader.LogAppenderDaemon$$Lambda$1042/1806567153.run(Unknown Source)
        at java.lang.Thread.run(Thread.java:750)
"StaleRecoveringContainerScrubbingService#1" daemon prio=5 tid=552 timed_waiting
java.lang.Thread.State: TIMED_WAITING
        at sun.misc.Unsafe.park(Native Method)
        at java.util.concurrent.locks.LockSupport.parkNanos(LockSupport.java:215)
        at java.util.concurrent.locks.AbstractQueuedSynchronizer$ConditionObject.awaitNanos(AbstractQueuedSynchronizer.java:2078)
        at java.util.concurrent.ScheduledThreadPoolExecutor$DelayedWorkQueue.take(ScheduledThreadPoolExecutor.java:1093)
        at java.util.concurrent.ScheduledThreadPoolExecutor$DelayedWorkQueue.take(ScheduledThreadPoolExecutor.java:809)
        at java.util.concurrent.ThreadPoolExecutor.getTask(ThreadPoolExecutor.java:1074)
        at java.util.concurrent.ThreadPoolExecutor.runWorker(ThreadPoolExecutor.java:1134)
        at java.util.concurrent.ThreadPoolExecutor$Worker.run(ThreadPoolExecutor.java:624)
        at java.lang.Thread.run(Thread.java:750)
"FixedThreadPoolWithAffinityExecutor-0-0" daemon prio=5 tid=35 timed_waiting
java.lang.Thread.State: TIMED_WAITING
        at sun.misc.Unsafe.park(Native Method)
        at java.util.concurrent.locks.LockSupport.parkNanos(LockSupport.java:215)
        at java.util.concurrent.locks.AbstractQueuedSynchronizer$ConditionObject.awaitNanos(AbstractQueuedSynchronizer.java:2078)
        at java.util.concurrent.LinkedBlockingQueue.poll(LinkedBlockingQueue.java:467)
        at org.apache.hadoop.hdds.scm.server.ContainerReportQueue.poll(ContainerReportQueue.java:266)
        at org.apache.hadoop.hdds.scm.server.ContainerReportQueue.poll(ContainerReportQueue.java:42)
        at org.apache.hadoop.hdds.server.events.FixedThreadPoolWithAffinityExecutor$ContainerReportProcessTask.run(FixedThreadPoolWithAffinityExecutor.java:218)
        at java.util.concurrent.Executors$RunnableAdapter.call(Executors.java:511)
        at java.util.concurrent.FutureTask.run(FutureTask.java:266)
        at java.util.concurrent.ThreadPoolExecutor.runWorker(ThreadPoolExecutor.java:1149)
        at java.util.concurrent.ThreadPoolExecutor$Worker.run(ThreadPoolExecutor.java:624)
        at java.lang.Thread.run(Thread.java:750)
"Datanode ReportManager Thread - 2" daemon prio=5 tid=405 timed_waiting
java.lang.Thread.State: TIMED_WAITING
        at sun.misc.Unsafe.park(Native Method)
        at java.util.concurrent.locks.LockSupport.parkNanos(LockSupport.java:215)
        at java.util.concurrent.locks.AbstractQueuedSynchronizer$ConditionObject.awaitNanos(AbstractQueuedSynchronizer.java:2078)
        at java.util.concurrent.ScheduledThreadPoolExecutor$DelayedWorkQueue.take(ScheduledThreadPoolExecutor.java:1093)
        at java.util.concurrent.ScheduledThreadPoolExecutor$DelayedWorkQueue.take(ScheduledThreadPoolExecutor.java:809)
        at java.util.concurrent.ThreadPoolExecutor.getTask(ThreadPoolExecutor.java:1074)
        at java.util.concurrent.ThreadPoolExecutor.runWorker(ThreadPoolExecutor.java:1134)
        at java.util.concurrent.ThreadPoolExecutor$Worker.run(ThreadPoolExecutor.java:624)
        at java.lang.Thread.run(Thread.java:750)
"Datanode ReportManager Thread - 2" daemon prio=5 tid=276 timed_waiting
java.lang.Thread.State: TIMED_WAITING
        at sun.misc.Unsafe.park(Native Method)
        at java.util.concurrent.locks.LockSupport.parkNanos(LockSupport.java:215)
        at java.util.concurrent.locks.AbstractQueuedSynchronizer$ConditionObject.awaitNanos(AbstractQueuedSynchronizer.java:2078)
        at java.util.concurrent.ScheduledThreadPoolExecutor$DelayedWorkQueue.take(ScheduledThreadPoolExecutor.java:1093)
        at java.util.concurrent.ScheduledThreadPoolExecutor$DelayedWorkQueue.take(ScheduledThreadPoolExecutor.java:809)
        at java.util.concurrent.ThreadPoolExecutor.getTask(ThreadPoolExecutor.java:1074)
        at java.util.concurrent.ThreadPoolExecutor.runWorker(ThreadPoolExecutor.java:1134)
        at java.util.concurrent.ThreadPoolExecutor$Worker.run(ThreadPoolExecutor.java:624)
        at java.lang.Thread.run(Thread.java:750)
"IPC Server Responder" daemon prio=5 tid=30 runnable
java.lang.Thread.State: RUNNABLE
        at sun.nio.ch.EPollArrayWrapper.epollWait(Native Method)
        at sun.nio.ch.EPollArrayWrapper.poll(EPollArrayWrapper.java:269)
        at sun.nio.ch.EPollSelectorImpl.doSelect(EPollSelectorImpl.java:93)
        at sun.nio.ch.SelectorImpl.lockAndDoSelect(SelectorImpl.java:86)
        at sun.nio.ch.SelectorImpl.select(SelectorImpl.java:97)
        at org.apache.hadoop.ipc.Server$Responder.doRunLoop(Server.java:1532)
        at org.apache.hadoop.ipc.Server$Responder.run(Server.java:1515)
"BlockDeletingService#2" daemon prio=5 tid=944 in Object.wait()
java.lang.Thread.State: WAITING (on object monitor)
        at sun.misc.Unsafe.park(Native Method)
        at java.util.concurrent.locks.LockSupport.park(LockSupport.java:175)
        at java.util.concurrent.locks.AbstractQueuedSynchronizer$ConditionObject.await(AbstractQueuedSynchronizer.java:2039)
        at java.util.concurrent.ScheduledThreadPoolExecutor$DelayedWorkQueue.take(ScheduledThreadPoolExecutor.java:1088)
        at java.util.concurrent.ScheduledThreadPoolExecutor$DelayedWorkQueue.take(ScheduledThreadPoolExecutor.java:809)
        at java.util.concurrent.ThreadPoolExecutor.getTask(ThreadPoolExecutor.java:1074)
        at java.util.concurrent.ThreadPoolExecutor.runWorker(ThreadPoolExecutor.java:1134)
        at java.util.concurrent.ThreadPoolExecutor$Worker.run(ThreadPoolExecutor.java:624)
        at java.lang.Thread.run(Thread.java:750)
"BlockDeletingService#0" daemon prio=5 tid=525 in Object.wait()
java.lang.Thread.State: WAITING (on object monitor)
        at sun.misc.Unsafe.park(Native Method)
        at java.util.concurrent.locks.LockSupport.park(LockSupport.java:175)
        at java.util.concurrent.locks.AbstractQueuedSynchronizer$ConditionObject.await(AbstractQueuedSynchronizer.java:2039)
        at java.util.concurrent.ScheduledThreadPoolExecutor$DelayedWorkQueue.take(ScheduledThreadPoolExecutor.java:1088)
        at java.util.concurrent.ScheduledThreadPoolExecutor$DelayedWorkQueue.take(ScheduledThreadPoolExecutor.java:809)
        at java.util.concurrent.ThreadPoolExecutor.getTask(ThreadPoolExecutor.java:1074)
        at java.util.concurrent.ThreadPoolExecutor.runWorker(ThreadPoolExecutor.java:1134)
        at java.util.concurrent.ThreadPoolExecutor$Worker.run(ThreadPoolExecutor.java:624)
        at java.lang.Thread.run(Thread.java:750)
"EndpointStateMachine task thread for /0.0.0.0:43187 - 0 "  prio=5 tid=429 in Object.wait()
java.lang.Thread.State: WAITING (on object monitor)
        at sun.misc.Unsafe.park(Native Method)
        at java.util.concurrent.locks.LockSupport.park(LockSupport.java:175)
        at java.util.concurrent.locks.AbstractQueuedSynchronizer$ConditionObject.await(AbstractQueuedSynchronizer.java:2039)
        at java.util.concurrent.LinkedBlockingQueue.take(LinkedBlockingQueue.java:442)
        at java.util.concurrent.ThreadPoolExecutor.getTask(ThreadPoolExecutor.java:1074)
        at java.util.concurrent.ThreadPoolExecutor.runWorker(ThreadPoolExecutor.java:1134)
        at java.util.concurrent.ThreadPoolExecutor$Worker.run(ThreadPoolExecutor.java:624)
        at java.lang.Thread.run(Thread.java:750)
"IPC Server handler 9 on default port 35095" daemon prio=5 tid=163 timed_waiting
java.lang.Thread.State: TIMED_WAITING
        at sun.misc.Unsafe.park(Native Method)
        at java.util.concurrent.locks.LockSupport.parkNanos(LockSupport.java:215)
        at java.util.concurrent.locks.AbstractQueuedSynchronizer$ConditionObject.awaitNanos(AbstractQueuedSynchronizer.java:2078)
        at java.util.concurrent.LinkedBlockingQueue.poll(LinkedBlockingQueue.java:467)
        at org.apache.hadoop.ipc.CallQueueManager.take(CallQueueManager.java:317)
        at org.apache.hadoop.ipc.Server$Handler.run(Server.java:2942)
"StaleRecoveringContainerScrubbingService#0" daemon prio=5 tid=437 in Object.wait()
java.lang.Thread.State: WAITING (on object monitor)
        at sun.misc.Unsafe.park(Native Method)
        at java.util.concurrent.locks.LockSupport.park(LockSupport.java:175)
        at java.util.concurrent.locks.AbstractQueuedSynchronizer$ConditionObject.await(AbstractQueuedSynchronizer.java:2039)
        at java.util.concurrent.ScheduledThreadPoolExecutor$DelayedWorkQueue.take(ScheduledThreadPoolExecutor.java:1088)
        at java.util.concurrent.ScheduledThreadPoolExecutor$DelayedWorkQueue.take(ScheduledThreadPoolExecutor.java:809)
        at java.util.concurrent.ThreadPoolExecutor.getTask(ThreadPoolExecutor.java:1074)
        at java.util.concurrent.ThreadPoolExecutor.runWorker(ThreadPoolExecutor.java:1134)
        at java.util.concurrent.ThreadPoolExecutor$Worker.run(ThreadPoolExecutor.java:624)
        at java.lang.Thread.run(Thread.java:750)
"IPC Server handler 0 on default port 37293" daemon prio=5 tid=47 timed_waiting
java.lang.Thread.State: TIMED_WAITING
        at sun.misc.Unsafe.park(Native Method)
        at java.util.concurrent.locks.LockSupport.parkNanos(LockSupport.java:215)
        at java.util.concurrent.locks.AbstractQueuedSynchronizer$ConditionObject.awaitNanos(AbstractQueuedSynchronizer.java:2078)
        at java.util.concurrent.LinkedBlockingQueue.poll(LinkedBlockingQueue.java:467)
        at org.apache.hadoop.ipc.CallQueueManager.take(CallQueueManager.java:317)
        at org.apache.hadoop.ipc.Server$Handler.run(Server.java:2942)
"Datanode ReportManager Thread - 1" daemon prio=5 tid=327 timed_waiting
java.lang.Thread.State: TIMED_WAITING
        at sun.misc.Unsafe.park(Native Method)
        at java.util.concurrent.locks.LockSupport.parkNanos(LockSupport.java:215)
        at java.util.concurrent.locks.AbstractQueuedSynchronizer$ConditionObject.awaitNanos(AbstractQueuedSynchronizer.java:2078)
        at java.util.concurrent.ScheduledThreadPoolExecutor$DelayedWorkQueue.take(ScheduledThreadPoolExecutor.java:1093)
        at java.util.concurrent.ScheduledThreadPoolExecutor$DelayedWorkQueue.take(ScheduledThreadPoolExecutor.java:809)
        at java.util.concurrent.ThreadPoolExecutor.getTask(ThreadPoolExecutor.java:1074)
        at java.util.concurrent.ThreadPoolExecutor.runWorker(ThreadPoolExecutor.java:1134)
        at java.util.concurrent.ThreadPoolExecutor$Worker.run(ThreadPoolExecutor.java:624)
        at java.lang.Thread.run(Thread.java:750)
"IPC Server Responder" daemon prio=5 tid=34 runnable
java.lang.Thread.State: RUNNABLE
        at sun.nio.ch.EPollArrayWrapper.epollWait(Native Method)
        at sun.nio.ch.EPollArrayWrapper.poll(EPollArrayWrapper.java:269)
        at sun.nio.ch.EPollSelectorImpl.doSelect(EPollSelectorImpl.java:93)
        at sun.nio.ch.SelectorImpl.lockAndDoSelect(SelectorImpl.java:86)
        at sun.nio.ch.SelectorImpl.select(SelectorImpl.java:97)
        at org.apache.hadoop.ipc.Server$Responder.doRunLoop(Server.java:1532)
        at org.apache.hadoop.ipc.Server$Responder.run(Server.java:1515)
"qtp1581909647-292" daemon prio=5 tid=292 timed_waiting
java.lang.Thread.State: TIMED_WAITING
        at sun.misc.Unsafe.park(Native Method)
        at java.util.concurrent.locks.LockSupport.parkNanos(LockSupport.java:215)
        at java.util.concurrent.locks.AbstractQueuedSynchronizer$ConditionObject.awaitNanos(AbstractQueuedSynchronizer.java:2078)
        at org.eclipse.jetty.util.BlockingArrayQueue.poll(BlockingArrayQueue.java:382)
        at org.eclipse.jetty.util.thread.QueuedThreadPool$Runner.idleJobPoll(QueuedThreadPool.java:974)
        at org.eclipse.jetty.util.thread.QueuedThreadPool$Runner.run(QueuedThreadPool.java:1018)
        at java.lang.Thread.run(Thread.java:750)
"Datanode ReportManager Thread - 3" daemon prio=5 tid=251 in Object.wait()
java.lang.Thread.State: WAITING (on object monitor)
        at sun.misc.Unsafe.park(Native Method)
        at java.util.concurrent.locks.LockSupport.park(LockSupport.java:175)
        at java.util.concurrent.locks.AbstractQueuedSynchronizer$ConditionObject.await(AbstractQueuedSynchronizer.java:2039)
        at java.util.concurrent.ScheduledThreadPoolExecutor$DelayedWorkQueue.take(ScheduledThreadPoolExecutor.java:1088)
        at java.util.concurrent.ScheduledThreadPoolExecutor$DelayedWorkQueue.take(ScheduledThreadPoolExecutor.java:809)
        at java.util.concurrent.ThreadPoolExecutor.getTask(ThreadPoolExecutor.java:1074)
        at java.util.concurrent.ThreadPoolExecutor.runWorker(ThreadPoolExecutor.java:1134)
        at java.util.concurrent.ThreadPoolExecutor$Worker.run(ThreadPoolExecutor.java:624)
        at java.lang.Thread.run(Thread.java:750)
"Socket Reader #1 for port 0"  prio=5 tid=131 runnable
java.lang.Thread.State: RUNNABLE
        at sun.nio.ch.EPollArrayWrapper.epollWait(Native Method)
        at sun.nio.ch.EPollArrayWrapper.poll(EPollArrayWrapper.java:269)
        at sun.nio.ch.EPollSelectorImpl.doSelect(EPollSelectorImpl.java:93)
        at sun.nio.ch.SelectorImpl.lockAndDoSelect(SelectorImpl.java:86)
        at sun.nio.ch.SelectorImpl.select(SelectorImpl.java:97)
        at sun.nio.ch.SelectorImpl.select(SelectorImpl.java:101)
        at org.apache.hadoop.ipc.Server$Listener$Reader.doRunLoop(Server.java:1296)
        at org.apache.hadoop.ipc.Server$Listener$Reader.run(Server.java:1275)
"EventQueue-NewNodeForNewNodeHandler" daemon prio=5 tid=511 in Object.wait()
java.lang.Thread.State: WAITING (on object monitor)
        at sun.misc.Unsafe.park(Native Method)
        at java.util.concurrent.locks.LockSupport.park(LockSupport.java:175)
        at java.util.concurrent.locks.AbstractQueuedSynchronizer$ConditionObject.await(AbstractQueuedSynchronizer.java:2039)
        at java.util.concurrent.LinkedBlockingQueue.take(LinkedBlockingQueue.java:442)
        at java.util.concurrent.ThreadPoolExecutor.getTask(ThreadPoolExecutor.java:1074)
        at java.util.concurrent.ThreadPoolExecutor.runWorker(ThreadPoolExecutor.java:1134)
        at java.util.concurrent.ThreadPoolExecutor$Worker.run(ThreadPoolExecutor.java:624)
        at java.lang.Thread.run(Thread.java:750)
"BackgroundPipelineScrubberThread" daemon prio=5 tid=16 timed_waiting
java.lang.Thread.State: TIMED_WAITING
        at java.lang.Object.wait(Native Method)
        at org.apache.hadoop.hdds.scm.ha.BackgroundSCMService.run(BackgroundSCMService.java:110)
        at org.apache.hadoop.hdds.scm.ha.BackgroundSCMService$$Lambda$375/269287960.run(Unknown Source)
        at java.lang.Thread.run(Thread.java:750)
"Session-HouseKeeper-4f1f313f-1"  prio=5 tid=465 timed_waiting
java.lang.Thread.State: TIMED_WAITING
        at sun.misc.Unsafe.park(Native Method)
        at java.util.concurrent.locks.LockSupport.parkNanos(LockSupport.java:215)
        at java.util.concurrent.locks.AbstractQueuedSynchronizer$ConditionObject.awaitNanos(AbstractQueuedSynchronizer.java:2078)
        at java.util.concurrent.ScheduledThreadPoolExecutor$DelayedWorkQueue.take(ScheduledThreadPoolExecutor.java:1093)
        at java.util.concurrent.ScheduledThreadPoolExecutor$DelayedWorkQueue.take(ScheduledThreadPoolExecutor.java:809)
        at java.util.concurrent.ThreadPoolExecutor.getTask(ThreadPoolExecutor.java:1074)
        at java.util.concurrent.ThreadPoolExecutor.runWorker(ThreadPoolExecutor.java:1134)
        at java.util.concurrent.ThreadPoolExecutor$Worker.run(ThreadPoolExecutor.java:624)
        at java.lang.Thread.run(Thread.java:750)
"Datanode ReportManager Thread - 3" daemon prio=5 tid=444 in Object.wait()
java.lang.Thread.State: WAITING (on object monitor)
        at sun.misc.Unsafe.park(Native Method)
        at java.util.concurrent.locks.LockSupport.park(LockSupport.java:175)
        at java.util.concurrent.locks.AbstractQueuedSynchronizer$ConditionObject.await(AbstractQueuedSynchronizer.java:2039)
        at java.util.concurrent.ScheduledThreadPoolExecutor$DelayedWorkQueue.take(ScheduledThreadPoolExecutor.java:1088)
        at java.util.concurrent.ScheduledThreadPoolExecutor$DelayedWorkQueue.take(ScheduledThreadPoolExecutor.java:809)
        at java.util.concurrent.ThreadPoolExecutor.getTask(ThreadPoolExecutor.java:1074)
        at java.util.concurrent.ThreadPoolExecutor.runWorker(ThreadPoolExecutor.java:1134)
        at java.util.concurrent.ThreadPoolExecutor$Worker.run(ThreadPoolExecutor.java:624)
        at java.lang.Thread.run(Thread.java:750)
"IPC Server idle connection scanner for port 44219" daemon prio=5 tid=29 timed_waiting
java.lang.Thread.State: TIMED_WAITING
        at java.lang.Object.wait(Native Method)
        at java.util.TimerThread.mainLoop(Timer.java:552)
        at java.util.TimerThread.run(Timer.java:505)
"c32434d6-2497-484c-95de-45f9e03d5624-server-thread2" daemon prio=5 tid=748 timed_waiting
java.lang.Thread.State: TIMED_WAITING
        at sun.misc.Unsafe.park(Native Method)
        at java.util.concurrent.locks.LockSupport.parkNanos(LockSupport.java:215)
        at java.util.concurrent.SynchronousQueue$TransferStack.awaitFulfill(SynchronousQueue.java:460)
        at java.util.concurrent.SynchronousQueue$TransferStack.transfer(SynchronousQueue.java:362)
        at java.util.concurrent.SynchronousQueue.poll(SynchronousQueue.java:941)
        at java.util.concurrent.ThreadPoolExecutor.getTask(ThreadPoolExecutor.java:1073)
        at java.util.concurrent.ThreadPoolExecutor.runWorker(ThreadPoolExecutor.java:1134)
        at java.util.concurrent.ThreadPoolExecutor$Worker.run(ThreadPoolExecutor.java:624)
        at java.lang.Thread.run(Thread.java:750)
"IPC Server handler 8 on default port 35095" daemon prio=5 tid=162 timed_waiting
java.lang.Thread.State: TIMED_WAITING
        at sun.misc.Unsafe.park(Native Method)
        at java.util.concurrent.locks.LockSupport.parkNanos(LockSupport.java:215)
        at java.util.concurrent.locks.AbstractQueuedSynchronizer$ConditionObject.awaitNanos(AbstractQueuedSynchronizer.java:2078)
        at java.util.concurrent.LinkedBlockingQueue.poll(LinkedBlockingQueue.java:467)
        at org.apache.hadoop.ipc.CallQueueManager.take(CallQueueManager.java:317)
        at org.apache.hadoop.ipc.Server$Handler.run(Server.java:2942)
"47355ef6-248e-415d-99d1-f00ca16e1642@group-D39F9C32CD8E->99050580-db91-402e-a30b-7426b5391f3a-GrpcLogAppender-LogAppenderDaemon" daemon prio=5 tid=864 timed_waiting
java.lang.Thread.State: TIMED_WAITING
        at sun.misc.Unsafe.park(Native Method)
        at java.util.concurrent.locks.LockSupport.parkNanos(LockSupport.java:215)
        at java.util.concurrent.CompletableFuture$Signaller.block(CompletableFuture.java:1709)
        at java.util.concurrent.ForkJoinPool.managedBlock(ForkJoinPool.java:3323)
        at java.util.concurrent.CompletableFuture.timedGet(CompletableFuture.java:1788)
        at java.util.concurrent.CompletableFuture.get(CompletableFuture.java:1928)
        at org.apache.ratis.util.AwaitForSignal.await(AwaitForSignal.java:56)
        at org.apache.ratis.grpc.server.GrpcLogAppender.mayWait(GrpcLogAppender.java:198)
        at org.apache.ratis.grpc.server.GrpcLogAppender.run(GrpcLogAppender.java:148)
        at org.apache.ratis.server.leader.LogAppenderDaemon.run(LogAppenderDaemon.java:78)
        at org.apache.ratis.server.leader.LogAppenderDaemon$$Lambda$1042/1806567153.run(Unknown Source)
        at java.lang.Thread.run(Thread.java:750)
"ChunkWriter-0-0" daemon prio=5 tid=501 in Object.wait()
java.lang.Thread.State: WAITING (on object monitor)
        at sun.misc.Unsafe.park(Native Method)
        at java.util.concurrent.locks.LockSupport.park(LockSupport.java:175)
        at java.util.concurrent.locks.AbstractQueuedSynchronizer$ConditionObject.await(AbstractQueuedSynchronizer.java:2039)
        at java.util.concurrent.LinkedBlockingDeque.takeFirst(LinkedBlockingDeque.java:492)
        at java.util.concurrent.LinkedBlockingDeque.take(LinkedBlockingDeque.java:680)
        at java.util.concurrent.ThreadPoolExecutor.getTask(ThreadPoolExecutor.java:1074)
        at java.util.concurrent.ThreadPoolExecutor.runWorker(ThreadPoolExecutor.java:1134)
        at java.util.concurrent.ThreadPoolExecutor$Worker.run(ThreadPoolExecutor.java:624)
        at java.lang.Thread.run(Thread.java:750)
"StaleRecoveringContainerScrubbingService#0" daemon prio=5 tid=539 in Object.wait()
java.lang.Thread.State: WAITING (on object monitor)
        at sun.misc.Unsafe.park(Native Method)
        at java.util.concurrent.locks.LockSupport.park(LockSupport.java:175)
        at java.util.concurrent.locks.AbstractQueuedSynchronizer$ConditionObject.await(AbstractQueuedSynchronizer.java:2039)
        at java.util.concurrent.ScheduledThreadPoolExecutor$DelayedWorkQueue.take(ScheduledThreadPoolExecutor.java:1088)
        at java.util.concurrent.ScheduledThreadPoolExecutor$DelayedWorkQueue.take(ScheduledThreadPoolExecutor.java:809)
        at java.util.concurrent.ThreadPoolExecutor.getTask(ThreadPoolExecutor.java:1074)
        at java.util.concurrent.ThreadPoolExecutor.runWorker(ThreadPoolExecutor.java:1134)
        at java.util.concurrent.ThreadPoolExecutor$Worker.run(ThreadPoolExecutor.java:624)
        at java.lang.Thread.run(Thread.java:750)
"JvmPauseMonitor1" daemon prio=5 tid=367 timed_waiting
java.lang.Thread.State: TIMED_WAITING
        at java.lang.Thread.sleep(Native Method)
        at java.lang.Thread.sleep(Thread.java:342)
        at java.util.concurrent.TimeUnit.sleep(TimeUnit.java:386)
        at org.apache.ratis.util.TimeDuration.sleep(TimeDuration.java:325)
        at org.apache.ratis.util.TimeDuration.sleep(TimeDuration.java:310)
        at org.apache.ratis.util.JvmPauseMonitor.detectPause(JvmPauseMonitor.java:119)
        at org.apache.ratis.util.JvmPauseMonitor.run(JvmPauseMonitor.java:108)
        at org.apache.ratis.util.JvmPauseMonitor$$Lambda$706/19678348.run(Unknown Source)
        at java.lang.Thread.run(Thread.java:750)
"Datanode ReportManager Thread - 2" daemon prio=5 tid=302 in Object.wait()
java.lang.Thread.State: WAITING (on object monitor)
        at sun.misc.Unsafe.park(Native Method)
        at java.util.concurrent.locks.LockSupport.park(LockSupport.java:175)
        at java.util.concurrent.locks.AbstractQueuedSynchronizer$ConditionObject.await(AbstractQueuedSynchronizer.java:2039)
        at java.util.concurrent.ScheduledThreadPoolExecutor$DelayedWorkQueue.take(ScheduledThreadPoolExecutor.java:1088)
        at java.util.concurrent.ScheduledThreadPoolExecutor$DelayedWorkQueue.take(ScheduledThreadPoolExecutor.java:809)
        at java.util.concurrent.ThreadPoolExecutor.getTask(ThreadPoolExecutor.java:1074)
        at java.util.concurrent.ThreadPoolExecutor.runWorker(ThreadPoolExecutor.java:1134)
        at java.util.concurrent.ThreadPoolExecutor$Worker.run(ThreadPoolExecutor.java:624)
        at java.lang.Thread.run(Thread.java:750)
"org.apache.hadoop.util.JvmPauseMonitor$Monitor@298ff7eb" daemon prio=5 tid=200 timed_waiting
java.lang.Thread.State: TIMED_WAITING
        at java.lang.Thread.sleep(Native Method)
        at org.apache.hadoop.util.JvmPauseMonitor$Monitor.run(JvmPauseMonitor.java:192)
        at java.lang.Thread.run(Thread.java:750)
"Periodic HDDS volume checker" daemon prio=5 tid=231 timed_waiting
java.lang.Thread.State: TIMED_WAITING
        at sun.misc.Unsafe.park(Native Method)
        at java.util.concurrent.locks.LockSupport.parkNanos(LockSupport.java:215)
        at java.util.concurrent.locks.AbstractQueuedSynchronizer$ConditionObject.awaitNanos(AbstractQueuedSynchronizer.java:2078)
        at java.util.concurrent.ScheduledThreadPoolExecutor$DelayedWorkQueue.take(ScheduledThreadPoolExecutor.java:1093)
        at java.util.concurrent.ScheduledThreadPoolExecutor$DelayedWorkQueue.take(ScheduledThreadPoolExecutor.java:809)
        at java.util.concurrent.ThreadPoolExecutor.getTask(ThreadPoolExecutor.java:1074)
        at java.util.concurrent.ThreadPoolExecutor.runWorker(ThreadPoolExecutor.java:1134)
        at java.util.concurrent.ThreadPoolExecutor$Worker.run(ThreadPoolExecutor.java:624)
        at java.lang.Thread.run(Thread.java:750)
"18b69636-199d-46b1-a155-faec2a9e6e92@group-7B1B130E40C3-SegmentedRaftLogWorker"  prio=5 tid=610 timed_waiting
java.lang.Thread.State: TIMED_WAITING
        at sun.misc.Unsafe.park(Native Method)
        at java.util.concurrent.locks.LockSupport.parkNanos(LockSupport.java:215)
        at java.util.concurrent.locks.AbstractQueuedSynchronizer$ConditionObject.awaitNanos(AbstractQueuedSynchronizer.java:2078)
        at org.apache.ratis.util.DataBlockingQueue.poll(DataBlockingQueue.java:148)
        at org.apache.ratis.server.raftlog.segmented.SegmentedRaftLogWorker.run(SegmentedRaftLogWorker.java:310)
        at org.apache.ratis.server.raftlog.segmented.SegmentedRaftLogWorker$$Lambda$665/1658742493.run(Unknown Source)
        at java.lang.Thread.run(Thread.java:750)
"BlockDeletingService#2" daemon prio=5 tid=934 in Object.wait()
java.lang.Thread.State: WAITING (on object monitor)
        at sun.misc.Unsafe.park(Native Method)
        at java.util.concurrent.locks.LockSupport.park(LockSupport.java:175)
        at java.util.concurrent.locks.AbstractQueuedSynchronizer$ConditionObject.await(AbstractQueuedSynchronizer.java:2039)
        at java.util.concurrent.ScheduledThreadPoolExecutor$DelayedWorkQueue.take(ScheduledThreadPoolExecutor.java:1088)
        at java.util.concurrent.ScheduledThreadPoolExecutor$DelayedWorkQueue.take(ScheduledThreadPoolExecutor.java:809)
        at java.util.concurrent.ThreadPoolExecutor.getTask(ThreadPoolExecutor.java:1074)
        at java.util.concurrent.ThreadPoolExecutor.runWorker(ThreadPoolExecutor.java:1134)
        at java.util.concurrent.ThreadPoolExecutor$Worker.run(ThreadPoolExecutor.java:624)
        at java.lang.Thread.run(Thread.java:750)
"18b69636-199d-46b1-a155-faec2a9e6e92@group-0E0524D27BC6-FollowerState" daemon prio=5 tid=907 timed_waiting
java.lang.Thread.State: TIMED_WAITING
        at java.lang.Thread.sleep(Native Method)
        at java.lang.Thread.sleep(Thread.java:342)
        at java.util.concurrent.TimeUnit.sleep(TimeUnit.java:386)
        at org.apache.ratis.util.TimeDuration.sleep(TimeDuration.java:325)
        at org.apache.ratis.util.TimeDuration.sleep(TimeDuration.java:310)
        at org.apache.ratis.server.impl.FollowerState.run(FollowerState.java:128)
"BlockDeletingService#1" daemon prio=5 tid=477 timed_waiting
java.lang.Thread.State: TIMED_WAITING
        at sun.misc.Unsafe.park(Native Method)
        at java.util.concurrent.locks.LockSupport.parkNanos(LockSupport.java:215)
        at java.util.concurrent.locks.AbstractQueuedSynchronizer$ConditionObject.awaitNanos(AbstractQueuedSynchronizer.java:2078)
        at java.util.concurrent.ScheduledThreadPoolExecutor$DelayedWorkQueue.take(ScheduledThreadPoolExecutor.java:1093)
        at java.util.concurrent.ScheduledThreadPoolExecutor$DelayedWorkQueue.take(ScheduledThreadPoolExecutor.java:809)
        at java.util.concurrent.ThreadPoolExecutor.getTask(ThreadPoolExecutor.java:1074)
        at java.util.concurrent.ThreadPoolExecutor.runWorker(ThreadPoolExecutor.java:1134)
        at java.util.concurrent.ThreadPoolExecutor$Worker.run(ThreadPoolExecutor.java:624)
        at java.lang.Thread.run(Thread.java:750)
"Periodic HDDS volume checker" daemon prio=5 tid=412 timed_waiting
java.lang.Thread.State: TIMED_WAITING
        at sun.misc.Unsafe.park(Native Method)
        at java.util.concurrent.locks.LockSupport.parkNanos(LockSupport.java:215)
        at java.util.concurrent.locks.AbstractQueuedSynchronizer$ConditionObject.awaitNanos(AbstractQueuedSynchronizer.java:2078)
        at java.util.concurrent.ScheduledThreadPoolExecutor$DelayedWorkQueue.take(ScheduledThreadPoolExecutor.java:1093)
        at java.util.concurrent.ScheduledThreadPoolExecutor$DelayedWorkQueue.take(ScheduledThreadPoolExecutor.java:809)
        at java.util.concurrent.ThreadPoolExecutor.getTask(ThreadPoolExecutor.java:1074)
        at java.util.concurrent.ThreadPoolExecutor.runWorker(ThreadPoolExecutor.java:1134)
        at java.util.concurrent.ThreadPoolExecutor$Worker.run(ThreadPoolExecutor.java:624)
        at java.lang.Thread.run(Thread.java:750)
"StaleRecoveringContainerScrubbingService#2" daemon prio=5 tid=936 in Object.wait()
java.lang.Thread.State: WAITING (on object monitor)
        at sun.misc.Unsafe.park(Native Method)
        at java.util.concurrent.locks.LockSupport.park(LockSupport.java:175)
        at java.util.concurrent.locks.AbstractQueuedSynchronizer$ConditionObject.await(AbstractQueuedSynchronizer.java:2039)
        at java.util.concurrent.ScheduledThreadPoolExecutor$DelayedWorkQueue.take(ScheduledThreadPoolExecutor.java:1088)
        at java.util.concurrent.ScheduledThreadPoolExecutor$DelayedWorkQueue.take(ScheduledThreadPoolExecutor.java:809)
        at java.util.concurrent.ThreadPoolExecutor.getTask(ThreadPoolExecutor.java:1074)
        at java.util.concurrent.ThreadPoolExecutor.runWorker(ThreadPoolExecutor.java:1134)
        at java.util.concurrent.ThreadPoolExecutor$Worker.run(ThreadPoolExecutor.java:624)
        at java.lang.Thread.run(Thread.java:750)
"ChunkWriter-3-0" daemon prio=5 tid=492 in Object.wait()
java.lang.Thread.State: WAITING (on object monitor)
        at sun.misc.Unsafe.park(Native Method)
        at java.util.concurrent.locks.LockSupport.park(LockSupport.java:175)
        at java.util.concurrent.locks.AbstractQueuedSynchronizer$ConditionObject.await(AbstractQueuedSynchronizer.java:2039)
        at java.util.concurrent.LinkedBlockingDeque.takeFirst(LinkedBlockingDeque.java:492)
        at java.util.concurrent.LinkedBlockingDeque.take(LinkedBlockingDeque.java:680)
        at java.util.concurrent.ThreadPoolExecutor.getTask(ThreadPoolExecutor.java:1074)
        at java.util.concurrent.ThreadPoolExecutor.runWorker(ThreadPoolExecutor.java:1134)
        at java.util.concurrent.ThreadPoolExecutor$Worker.run(ThreadPoolExecutor.java:624)
        at java.lang.Thread.run(Thread.java:750)
"Datanode ReportManager Thread - 0" daemon prio=5 tid=326 in Object.wait()
java.lang.Thread.State: WAITING (on object monitor)
        at sun.misc.Unsafe.park(Native Method)
        at java.util.concurrent.locks.LockSupport.park(LockSupport.java:175)
        at java.util.concurrent.locks.AbstractQueuedSynchronizer$ConditionObject.await(AbstractQueuedSynchronizer.java:2039)
        at java.util.concurrent.ScheduledThreadPoolExecutor$DelayedWorkQueue.take(ScheduledThreadPoolExecutor.java:1088)
        at java.util.concurrent.ScheduledThreadPoolExecutor$DelayedWorkQueue.take(ScheduledThreadPoolExecutor.java:809)
        at java.util.concurrent.ThreadPoolExecutor.getTask(ThreadPoolExecutor.java:1074)
        at java.util.concurrent.ThreadPoolExecutor.runWorker(ThreadPoolExecutor.java:1134)
        at java.util.concurrent.ThreadPoolExecutor$Worker.run(ThreadPoolExecutor.java:624)
        at java.lang.Thread.run(Thread.java:750)
"IPC Server handler 4 on default port 37293" daemon prio=5 tid=51 timed_waiting
java.lang.Thread.State: TIMED_WAITING
        at sun.misc.Unsafe.park(Native Method)
        at java.util.concurrent.locks.LockSupport.parkNanos(LockSupport.java:215)
        at java.util.concurrent.locks.AbstractQueuedSynchronizer$ConditionObject.awaitNanos(AbstractQueuedSynchronizer.java:2078)
        at java.util.concurrent.LinkedBlockingQueue.poll(LinkedBlockingQueue.java:467)
        at org.apache.hadoop.ipc.CallQueueManager.take(CallQueueManager.java:317)
        at org.apache.hadoop.ipc.Server$Handler.run(Server.java:2942)
"timer4" daemon prio=5 tid=744 timed_waiting
java.lang.Thread.State: TIMED_WAITING
        at java.lang.Object.wait(Native Method)
        at java.util.TimerThread.mainLoop(Timer.java:552)
        at java.util.TimerThread.run(Timer.java:505)
"Session-HouseKeeper-6ccfdee8-1"  prio=5 tid=272 timed_waiting
java.lang.Thread.State: TIMED_WAITING
        at sun.misc.Unsafe.park(Native Method)
        at java.util.concurrent.locks.LockSupport.parkNanos(LockSupport.java:215)
        at java.util.concurrent.locks.AbstractQueuedSynchronizer$ConditionObject.awaitNanos(AbstractQueuedSynchronizer.java:2078)
        at java.util.concurrent.ScheduledThreadPoolExecutor$DelayedWorkQueue.take(ScheduledThreadPoolExecutor.java:1093)
        at java.util.concurrent.ScheduledThreadPoolExecutor$DelayedWorkQueue.take(ScheduledThreadPoolExecutor.java:809)
        at java.util.concurrent.ThreadPoolExecutor.getTask(ThreadPoolExecutor.java:1074)
        at java.util.concurrent.ThreadPoolExecutor.runWorker(ThreadPoolExecutor.java:1134)
        at java.util.concurrent.ThreadPoolExecutor$Worker.run(ThreadPoolExecutor.java:624)
        at java.lang.Thread.run(Thread.java:750)
"IPC Server handler 12 on default port 43187" daemon prio=5 tid=99 timed_waiting
java.lang.Thread.State: TIMED_WAITING
        at sun.misc.Unsafe.park(Native Method)
        at java.util.concurrent.locks.LockSupport.parkNanos(LockSupport.java:215)
        at java.util.concurrent.locks.AbstractQueuedSynchronizer$ConditionObject.awaitNanos(AbstractQueuedSynchronizer.java:2078)
        at java.util.concurrent.LinkedBlockingQueue.poll(LinkedBlockingQueue.java:467)
        at org.apache.hadoop.ipc.CallQueueManager.take(CallQueueManager.java:317)
        at org.apache.hadoop.ipc.Server$Handler.run(Server.java:2942)
"StaleRecoveringContainerScrubbingService#2" daemon prio=5 tid=947 in Object.wait()
java.lang.Thread.State: WAITING (on object monitor)
        at sun.misc.Unsafe.park(Native Method)
        at java.util.concurrent.locks.LockSupport.park(LockSupport.java:175)
        at java.util.concurrent.locks.AbstractQueuedSynchronizer$ConditionObject.await(AbstractQueuedSynchronizer.java:2039)
        at java.util.concurrent.ScheduledThreadPoolExecutor$DelayedWorkQueue.take(ScheduledThreadPoolExecutor.java:1088)
        at java.util.concurrent.ScheduledThreadPoolExecutor$DelayedWorkQueue.take(ScheduledThreadPoolExecutor.java:809)
        at java.util.concurrent.ThreadPoolExecutor.getTask(ThreadPoolExecutor.java:1074)
        at java.util.concurrent.ThreadPoolExecutor.runWorker(ThreadPoolExecutor.java:1134)
        at java.util.concurrent.ThreadPoolExecutor$Worker.run(ThreadPoolExecutor.java:624)
        at java.lang.Thread.run(Thread.java:750)
"BlockDeletingService#2" daemon prio=5 tid=945 in Object.wait()
java.lang.Thread.State: WAITING (on object monitor)
        at sun.misc.Unsafe.park(Native Method)
        at java.util.concurrent.locks.LockSupport.park(LockSupport.java:175)
        at java.util.concurrent.locks.AbstractQueuedSynchronizer$ConditionObject.await(AbstractQueuedSynchronizer.java:2039)
        at java.util.concurrent.ScheduledThreadPoolExecutor$DelayedWorkQueue.take(ScheduledThreadPoolExecutor.java:1088)
        at java.util.concurrent.ScheduledThreadPoolExecutor$DelayedWorkQueue.take(ScheduledThreadPoolExecutor.java:809)
        at java.util.concurrent.ThreadPoolExecutor.getTask(ThreadPoolExecutor.java:1074)
        at java.util.concurrent.ThreadPoolExecutor.runWorker(ThreadPoolExecutor.java:1134)
        at java.util.concurrent.ThreadPoolExecutor$Worker.run(ThreadPoolExecutor.java:624)
        at java.lang.Thread.run(Thread.java:750)
"Session-HouseKeeper-3861652e-1"  prio=5 tid=153 timed_waiting
java.lang.Thread.State: TIMED_WAITING
        at sun.misc.Unsafe.park(Native Method)
        at java.util.concurrent.locks.LockSupport.parkNanos(LockSupport.java:215)
        at java.util.concurrent.locks.AbstractQueuedSynchronizer$ConditionObject.awaitNanos(AbstractQueuedSynchronizer.java:2078)
        at java.util.concurrent.ScheduledThreadPoolExecutor$DelayedWorkQueue.take(ScheduledThreadPoolExecutor.java:1093)
        at java.util.concurrent.ScheduledThreadPoolExecutor$DelayedWorkQueue.take(ScheduledThreadPoolExecutor.java:809)
        at java.util.concurrent.ThreadPoolExecutor.getTask(ThreadPoolExecutor.java:1074)
        at java.util.concurrent.ThreadPoolExecutor.runWorker(ThreadPoolExecutor.java:1134)
        at java.util.concurrent.ThreadPoolExecutor$Worker.run(ThreadPoolExecutor.java:624)
        at java.lang.Thread.run(Thread.java:750)
"IPC Server handler 3 on default port 44219" daemon prio=5 tid=70 timed_waiting
java.lang.Thread.State: TIMED_WAITING
        at sun.misc.Unsafe.park(Native Method)
        at java.util.concurrent.locks.LockSupport.parkNanos(LockSupport.java:215)
        at java.util.concurrent.locks.AbstractQueuedSynchronizer$ConditionObject.awaitNanos(AbstractQueuedSynchronizer.java:2078)
        at java.util.concurrent.LinkedBlockingQueue.poll(LinkedBlockingQueue.java:467)
        at org.apache.hadoop.ipc.CallQueueManager.take(CallQueueManager.java:317)
        at org.apache.hadoop.ipc.Server$Handler.run(Server.java:2942)
"BlockDeletingService#1" daemon prio=5 tid=528 timed_waiting
java.lang.Thread.State: TIMED_WAITING
        at sun.misc.Unsafe.park(Native Method)
        at java.util.concurrent.locks.LockSupport.parkNanos(LockSupport.java:215)
        at java.util.concurrent.locks.AbstractQueuedSynchronizer$ConditionObject.awaitNanos(AbstractQueuedSynchronizer.java:2078)
        at java.util.concurrent.ScheduledThreadPoolExecutor$DelayedWorkQueue.take(ScheduledThreadPoolExecutor.java:1093)
        at java.util.concurrent.ScheduledThreadPoolExecutor$DelayedWorkQueue.take(ScheduledThreadPoolExecutor.java:809)
        at java.util.concurrent.ThreadPoolExecutor.getTask(ThreadPoolExecutor.java:1074)
        at java.util.concurrent.ThreadPoolExecutor.runWorker(ThreadPoolExecutor.java:1134)
        at java.util.concurrent.ThreadPoolExecutor$Worker.run(ThreadPoolExecutor.java:624)
        at java.lang.Thread.run(Thread.java:750)
"0dd4671e-e5ba-49c8-8afe-be056577c247@group-204990BD3269->5b5b9152-5d2c-4522-9940-e93bc8d8546d-GrpcLogAppender-LogAppenderDaemon" daemon prio=5 tid=734 timed_waiting
java.lang.Thread.State: TIMED_WAITING
        at sun.misc.Unsafe.park(Native Method)
        at java.util.concurrent.locks.LockSupport.parkNanos(LockSupport.java:215)
        at java.util.concurrent.CompletableFuture$Signaller.block(CompletableFuture.java:1709)
        at java.util.concurrent.ForkJoinPool.managedBlock(ForkJoinPool.java:3323)
        at java.util.concurrent.CompletableFuture.timedGet(CompletableFuture.java:1788)
        at java.util.concurrent.CompletableFuture.get(CompletableFuture.java:1928)
        at org.apache.ratis.util.AwaitForSignal.await(AwaitForSignal.java:56)
        at org.apache.ratis.grpc.server.GrpcLogAppender.mayWait(GrpcLogAppender.java:198)
        at org.apache.ratis.grpc.server.GrpcLogAppender.run(GrpcLogAppender.java:148)
        at org.apache.ratis.server.leader.LogAppenderDaemon.run(LogAppenderDaemon.java:78)
        at org.apache.ratis.server.leader.LogAppenderDaemon$$Lambda$1042/1806567153.run(Unknown Source)
        at java.lang.Thread.run(Thread.java:750)
"ChunkWriter-0-0" daemon prio=5 tid=556 in Object.wait()
java.lang.Thread.State: WAITING (on object monitor)
        at sun.misc.Unsafe.park(Native Method)
        at java.util.concurrent.locks.LockSupport.park(LockSupport.java:175)
        at java.util.concurrent.locks.AbstractQueuedSynchronizer$ConditionObject.await(AbstractQueuedSynchronizer.java:2039)
        at java.util.concurrent.LinkedBlockingDeque.takeFirst(LinkedBlockingDeque.java:492)
        at java.util.concurrent.LinkedBlockingDeque.take(LinkedBlockingDeque.java:680)
        at java.util.concurrent.ThreadPoolExecutor.getTask(ThreadPoolExecutor.java:1074)
        at java.util.concurrent.ThreadPoolExecutor.runWorker(ThreadPoolExecutor.java:1134)
        at java.util.concurrent.ThreadPoolExecutor$Worker.run(ThreadPoolExecutor.java:624)
        at java.lang.Thread.run(Thread.java:750)
"StaleRecoveringContainerScrubbingService#2" daemon prio=5 tid=933 in Object.wait()
java.lang.Thread.State: WAITING (on object monitor)
        at sun.misc.Unsafe.park(Native Method)
        at java.util.concurrent.locks.LockSupport.park(LockSupport.java:175)
        at java.util.concurrent.locks.AbstractQueuedSynchronizer$ConditionObject.await(AbstractQueuedSynchronizer.java:2039)
        at java.util.concurrent.ScheduledThreadPoolExecutor$DelayedWorkQueue.take(ScheduledThreadPoolExecutor.java:1088)
        at java.util.concurrent.ScheduledThreadPoolExecutor$DelayedWorkQueue.take(ScheduledThreadPoolExecutor.java:809)
        at java.util.concurrent.ThreadPoolExecutor.getTask(ThreadPoolExecutor.java:1074)
        at java.util.concurrent.ThreadPoolExecutor.runWorker(ThreadPoolExecutor.java:1134)
        at java.util.concurrent.ThreadPoolExecutor$Worker.run(ThreadPoolExecutor.java:624)
        at java.lang.Thread.run(Thread.java:750)
"Datanode ReportManager Thread - 1" daemon prio=5 tid=275 in Object.wait()
java.lang.Thread.State: WAITING (on object monitor)
        at sun.misc.Unsafe.park(Native Method)
        at java.util.concurrent.locks.LockSupport.park(LockSupport.java:175)
        at java.util.concurrent.locks.AbstractQueuedSynchronizer$ConditionObject.await(AbstractQueuedSynchronizer.java:2039)
        at java.util.concurrent.ScheduledThreadPoolExecutor$DelayedWorkQueue.take(ScheduledThreadPoolExecutor.java:1088)
        at java.util.concurrent.ScheduledThreadPoolExecutor$DelayedWorkQueue.take(ScheduledThreadPoolExecutor.java:809)
        at java.util.concurrent.ThreadPoolExecutor.getTask(ThreadPoolExecutor.java:1074)
        at java.util.concurrent.ThreadPoolExecutor.runWorker(ThreadPoolExecutor.java:1134)
        at java.util.concurrent.ThreadPoolExecutor$Worker.run(ThreadPoolExecutor.java:624)
        at java.lang.Thread.run(Thread.java:750)
"Session-HouseKeeper-5ba71291-1"  prio=5 tid=192 timed_waiting
java.lang.Thread.State: TIMED_WAITING
        at sun.misc.Unsafe.park(Native Method)
        at java.util.concurrent.locks.LockSupport.parkNanos(LockSupport.java:215)
        at java.util.concurrent.locks.AbstractQueuedSynchronizer$ConditionObject.awaitNanos(AbstractQueuedSynchronizer.java:2078)
        at java.util.concurrent.ScheduledThreadPoolExecutor$DelayedWorkQueue.take(ScheduledThreadPoolExecutor.java:1093)
        at java.util.concurrent.ScheduledThreadPoolExecutor$DelayedWorkQueue.take(ScheduledThreadPoolExecutor.java:809)
        at java.util.concurrent.ThreadPoolExecutor.getTask(ThreadPoolExecutor.java:1074)
        at java.util.concurrent.ThreadPoolExecutor.runWorker(ThreadPoolExecutor.java:1134)
        at java.util.concurrent.ThreadPoolExecutor$Worker.run(ThreadPoolExecutor.java:624)
        at java.lang.Thread.run(Thread.java:750)


	at org.apache.ozone.test.GenericTestUtils.waitFor(GenericTestUtils.java:224)
	at org.apache.hadoop.ozone.container.TestECContainerRecovery.waitForContainerCount(TestECContainerRecovery.java:265)
	at org.apache.hadoop.ozone.container.TestECContainerRecovery.testContainerRecoveryOverReplicationProcessing(TestECContainerRecovery.java:209)
	at sun.reflect.NativeMethodAccessorImpl.invoke0(Native Method)
	at sun.reflect.NativeMethodAccessorImpl.invoke(NativeMethodAccessorImpl.java:62)
	at sun.reflect.DelegatingMethodAccessorImpl.invoke(DelegatingMethodAccessorImpl.java:43)
	at java.lang.reflect.Method.invoke(Method.java:498)
	at org.junit.platform.commons.util.ReflectionUtils.invokeMethod(ReflectionUtils.java:725)
	at org.junit.jupiter.engine.execution.MethodInvocation.proceed(MethodInvocation.java:60)
	at org.junit.jupiter.engine.execution.InvocationInterceptorChain$ValidatingInvocation.proceed(InvocationInterceptorChain.java:131)
	at org.junit.jupiter.engine.extension.TimeoutExtension.intercept(TimeoutExtension.java:149)
	at org.junit.jupiter.engine.extension.TimeoutExtension.interceptTestableMethod(TimeoutExtension.java:140)
	at org.junit.jupiter.engine.extension.TimeoutExtension.interceptTestMethod(TimeoutExtension.java:84)
	at org.junit.jupiter.engine.execution.ExecutableInvoker$ReflectiveInterceptorCall.lambda$ofVoidMethod$0(ExecutableInvoker.java:115)
	at org.junit.jupiter.engine.execution.ExecutableInvoker.lambda$invoke$0(ExecutableInvoker.java:105)
	at org.junit.jupiter.engine.execution.InvocationInterceptorChain$InterceptedInvocation.proceed(InvocationInterceptorChain.java:106)
	at org.junit.jupiter.engine.execution.InvocationInterceptorChain.proceed(InvocationInterceptorChain.java:64)
	at org.junit.jupiter.engine.execution.InvocationInterceptorChain.chainAndInvoke(InvocationInterceptorChain.java:45)
	at org.junit.jupiter.engine.execution.InvocationInterceptorChain.invoke(InvocationInterceptorChain.java:37)
	at org.junit.jupiter.engine.execution.ExecutableInvoker.invoke(ExecutableInvoker.java:104)
	at org.junit.jupiter.engine.execution.ExecutableInvoker.invoke(ExecutableInvoker.java:98)
	at org.junit.jupiter.engine.descriptor.TestMethodTestDescriptor.lambda$invokeTestMethod$7(TestMethodTestDescriptor.java:214)
	at org.junit.platform.engine.support.hierarchical.ThrowableCollector.execute(ThrowableCollector.java:73)
	at org.junit.jupiter.engine.descriptor.TestMethodTestDescriptor.invokeTestMethod(TestMethodTestDescriptor.java:210)
	at org.junit.jupiter.engine.descriptor.TestMethodTestDescriptor.execute(TestMethodTestDescriptor.java:135)
	at org.junit.jupiter.engine.descriptor.TestMethodTestDescriptor.execute(TestMethodTestDescriptor.java:66)
	at org.junit.platform.engine.support.hierarchical.NodeTestTask.lambda$executeRecursively$6(NodeTestTask.java:151)
	at org.junit.platform.engine.support.hierarchical.ThrowableCollector.execute(ThrowableCollector.java:73)
	at org.junit.platform.engine.support.hierarchical.NodeTestTask.lambda$executeRecursively$8(NodeTestTask.java:141)
	at org.junit.platform.engine.support.hierarchical.Node.around(Node.java:137)
	at org.junit.platform.engine.support.hierarchical.NodeTestTask.lambda$executeRecursively$9(NodeTestTask.java:139)
	at org.junit.platform.engine.support.hierarchical.ThrowableCollector.execute(ThrowableCollector.java:73)
	at org.junit.platform.engine.support.hierarchical.NodeTestTask.executeRecursively(NodeTestTask.java:138)
	at org.junit.platform.engine.support.hierarchical.NodeTestTask.execute(NodeTestTask.java:95)
	at java.util.ArrayList.forEach(ArrayList.java:1259)
	at org.junit.platform.engine.support.hierarchical.SameThreadHierarchicalTestExecutorService.invokeAll(SameThreadHierarchicalTestExecutorService.java:41)
	at org.junit.platform.engine.support.hierarchical.NodeTestTask.lambda$executeRecursively$6(NodeTestTask.java:155)
	at org.junit.platform.engine.support.hierarchical.ThrowableCollector.execute(ThrowableCollector.java:73)
	at org.junit.platform.engine.support.hierarchical.NodeTestTask.lambda$executeRecursively$8(NodeTestTask.java:141)
	at org.junit.platform.engine.support.hierarchical.Node.around(Node.java:137)
	at org.junit.platform.engine.support.hierarchical.NodeTestTask.lambda$executeRecursively$9(NodeTestTask.java:139)
	at org.junit.platform.engine.support.hierarchical.ThrowableCollector.execute(ThrowableCollector.java:73)
	at org.junit.platform.engine.support.hierarchical.NodeTestTask.executeRecursively(NodeTestTask.java:138)
	at org.junit.platform.engine.support.hierarchical.NodeTestTask.execute(NodeTestTask.java:95)
	at java.util.ArrayList.forEach(ArrayList.java:1259)
	at org.junit.platform.engine.support.hierarchical.SameThreadHierarchicalTestExecutorService.invokeAll(SameThreadHierarchicalTestExecutorService.java:41)
	at org.junit.platform.engine.support.hierarchical.NodeTestTask.lambda$executeRecursively$6(NodeTestTask.java:155)
	at org.junit.platform.engine.support.hierarchical.ThrowableCollector.execute(ThrowableCollector.java:73)
	at org.junit.platform.engine.support.hierarchical.NodeTestTask.lambda$executeRecursively$8(NodeTestTask.java:141)
	at org.junit.platform.engine.support.hierarchical.Node.around(Node.java:137)
	at org.junit.platform.engine.support.hierarchical.NodeTestTask.lambda$executeRecursively$9(NodeTestTask.java:139)
	at org.junit.platform.engine.support.hierarchical.ThrowableCollector.execute(ThrowableCollector.java:73)
	at org.junit.platform.engine.support.hierarchical.NodeTestTask.executeRecursively(NodeTestTask.java:138)
	at org.junit.platform.engine.support.hierarchical.NodeTestTask.execute(NodeTestTask.java:95)
	at org.junit.platform.engine.support.hierarchical.SameThreadHierarchicalTestExecutorService.submit(SameThreadHierarchicalTestExecutorService.java:35)
	at org.junit.platform.engine.support.hierarchical.HierarchicalTestExecutor.execute(HierarchicalTestExecutor.java:57)
	at org.junit.platform.engine.support.hierarchical.HierarchicalTestEngine.execute(HierarchicalTestEngine.java:54)
	at org.junit.platform.launcher.core.EngineExecutionOrchestrator.execute(EngineExecutionOrchestrator.java:107)
	at org.junit.platform.launcher.core.EngineExecutionOrchestrator.execute(EngineExecutionOrchestrator.java:88)
	at org.junit.platform.launcher.core.EngineExecutionOrchestrator.lambda$execute$0(EngineExecutionOrchestrator.java:54)
	at org.junit.platform.launcher.core.EngineExecutionOrchestrator.withInterceptedStreams(EngineExecutionOrchestrator.java:67)
	at org.junit.platform.launcher.core.EngineExecutionOrchestrator.execute(EngineExecutionOrchestrator.java:52)
	at org.junit.platform.launcher.core.DefaultLauncher.execute(DefaultLauncher.java:114)
	at org.junit.platform.launcher.core.DefaultLauncher.execute(DefaultLauncher.java:86)
	at org.junit.platform.launcher.core.DefaultLauncherSession$DelegatingLauncher.execute(DefaultLauncherSession.java:86)
	at org.junit.platform.launcher.core.SessionPerRequestLauncher.execute(SessionPerRequestLauncher.java:53)
	at org.apache.maven.surefire.junitplatform.JUnitPlatformProvider.execute(JUnitPlatformProvider.java:188)
	at org.apache.maven.surefire.junitplatform.JUnitPlatformProvider.invokeAllTests(JUnitPlatformProvider.java:154)
	at org.apache.maven.surefire.junitplatform.JUnitPlatformProvider.invoke(JUnitPlatformProvider.java:124)
	at org.apache.maven.surefire.booter.ForkedBooter.runSuitesInProcess(ForkedBooter.java:428)
	at org.apache.maven.surefire.booter.ForkedBooter.execute(ForkedBooter.java:162)
	at org.apache.maven.surefire.booter.ForkedBooter.run(ForkedBooter.java:562)
	at org.apache.maven.surefire.booter.ForkedBooter.main(ForkedBooter.java:548)
]]></error>
    <system-out><![CDATA[2022-11-04 13:16:26,233 [main] WARN  server.ServerUtils (ServerUtils.java:getScmDbDir(148)) - ozone.scm.db.dirs is not configured. We recommend adding this setting. Falling back to ozone.metadata.dirs instead.
2022-11-04 13:16:26,323 [main] WARN  server.ServerUtils (ServerUtils.java:getScmDbDir(148)) - ozone.scm.db.dirs is not configured. We recommend adding this setting. Falling back to ozone.metadata.dirs instead.
2022-11-04 13:16:26,326 [main] INFO  ha.SCMHANodeDetails (SCMHANodeDetails.java:loadSCMHAConfig(209)) - ServiceID for StorageContainerManager is null
2022-11-04 13:16:26,335 [main] WARN  ha.SCMHANodeDetails (SCMHANodeDetails.java:validateSCMHAConfig(182)) - Invalid config ozone.scm.ratis.enable. The config was not specified, but the default value true conflicts with the expected config value false. Falling back to the expected value. Current State of SCM: SCM is running in Non-HA without Ratis Ratis SCM -> Non Ratis SCM or Non HA SCM -> HA SCM is not supported
2022-11-04 13:16:26,336 [main] INFO  ha.SCMHANodeDetails (SCMHANodeDetails.java:loadSCMHAConfig(214)) - ozone.scm.default.service.id is not defined, falling back to ozone.scm.service.ids to find serviceID for StorageContainerManager if it is HA enabled cluster
2022-11-04 13:16:26,765 [main] WARN  utils.HAUtils (HAUtils.java:getMetaDir(342)) - ozone.scm.db.dirs is not configured. We recommend adding this setting. Falling back to ozone.metadata.dirs instead.
2022-11-04 13:16:26,892 [main] WARN  db.DBStoreBuilder (DBStoreBuilder.java:applyDBDefinition(144)) - ozone.scm.db.dirs is not configured. We recommend adding this setting. Falling back to ozone.metadata.dirs instead.
2022-11-04 13:16:27,195 [main] INFO  net.NodeSchemaLoader (NodeSchemaLoader.java:loadSchemaFromFile(129)) - Loading schema from [jar:file:/home/runner/.m2/repository/org/apache/ozone/hdds-common/1.3.0-SNAPSHOT/hdds-common-1.3.0-SNAPSHOT.jar!/network-topology-default.xml]
2022-11-04 13:16:27,197 [main] INFO  net.NodeSchemaLoader (NodeSchemaLoader.java:loadSchema(176)) - Loading network topology layer schema file
2022-11-04 13:16:27,243 [main] INFO  metrics.MetricRegistries (MetricRegistriesLoader.java:load(64)) - Loaded MetricRegistries class org.apache.ratis.metrics.impl.MetricRegistriesImpl
2022-11-04 13:16:27,249 [main] INFO  upgrade.AbstractLayoutVersionManager (AbstractLayoutVersionManager.java:init(83)) - Initializing Layout version manager with metadata layout = DATANODE_SCHEMA_V3 (version = 4), software layout = DATANODE_SCHEMA_V3 (version = 4)
2022-11-04 13:16:27,467 [main] INFO  reflections.Reflections (Reflections.java:scan(232)) - Reflections took 136 ms to scan 7 urls, producing 139 keys and 336 values 
2022-11-04 13:16:27,558 [main] INFO  ha.SequenceIdGenerator (SequenceIdGenerator.java:upgradeToSequenceId(349)) - upgrade localId to 109611004723200000
2022-11-04 13:16:27,559 [main] INFO  ha.SequenceIdGenerator (SequenceIdGenerator.java:upgradeToSequenceId(359)) - upgrade delTxnId to 0
2022-11-04 13:16:27,562 [main] INFO  ha.SequenceIdGenerator (SequenceIdGenerator.java:upgradeToSequenceId(376)) - upgrade containerId to 0
2022-11-04 13:16:27,564 [main] INFO  ha.SequenceIdGenerator (SequenceIdGenerator.java:<init>(220)) - Init the HA SequenceIdGenerator.
2022-11-04 13:16:27,599 [main] WARN  server.ServerUtils (ServerUtils.java:sanitizeUserArgs(67)) - ozone.scm.stale.node.interval value = 1000 is smaller than min = 3000 based on the key value of hdds.heartbeat.interval, reset to the min value 3000.
2022-11-04 13:16:27,599 [main] WARN  server.ServerUtils (ServerUtils.java:sanitizeUserArgs(67)) - ozone.scm.stale.node.interval value = 1000 is smaller than min = 3000 based on the key value of hdds.heartbeat.interval, reset to the min value 3000.
2022-11-04 13:16:27,599 [main] WARN  server.ServerUtils (ServerUtils.java:sanitizeUserArgs(67)) - ozone.scm.dead.node.interval value = 1000 is smaller than min = 6000 based on the key value of ozone.scm.stale.node.interval, reset to the min value 6000.
2022-11-04 13:16:27,606 [main] INFO  node.SCMNodeManager (SCMNodeManager.java:<init>(149)) - Entering startup safe mode.
2022-11-04 13:16:27,672 [main] INFO  algorithms.ContainerPlacementPolicyFactory (ContainerPlacementPolicyFactory.java:getPolicyInternal(86)) - Create container placement policy of type org.apache.hadoop.hdds.scm.container.placement.algorithms.SCMContainerPlacementRandom
2022-11-04 13:16:27,674 [main] INFO  algorithms.ContainerPlacementPolicyFactory (ContainerPlacementPolicyFactory.java:getPolicyInternal(86)) - Create container placement policy of type org.apache.hadoop.hdds.scm.container.placement.algorithms.SCMContainerPlacementRackScatter
2022-11-04 13:16:27,682 [main] INFO  pipeline.PipelineStateManagerImpl (PipelineStateManagerImpl.java:initialize(78)) - No pipeline exists in current db
2022-11-04 13:16:27,711 [main] INFO  algorithms.LeaderChoosePolicyFactory (LeaderChoosePolicyFactory.java:getPolicy(57)) - Create leader choose policy of type org.apache.hadoop.hdds.scm.pipeline.leader.choose.algorithms.MinLeaderCountChoosePolicy
2022-11-04 13:16:27,712 [main] INFO  algorithms.ContainerPlacementPolicyFactory (ContainerPlacementPolicyFactory.java:getPolicyInternal(86)) - Create container placement policy of type org.apache.hadoop.hdds.scm.container.placement.algorithms.SCMContainerPlacementRackScatter
2022-11-04 13:16:27,717 [main] INFO  ha.SCMServiceManager (SCMServiceManager.java:register(42)) - Registering service BackgroundPipelineCreator.
2022-11-04 13:16:27,717 [main] INFO  pipeline.BackgroundPipelineCreator (BackgroundPipelineCreator.java:start(124)) - Starting RatisPipelineUtilsThread.
2022-11-04 13:16:27,721 [main] INFO  BackgroundPipelineScrubber (BackgroundSCMService.java:start(68)) - Starting BackgroundPipelineScrubber Service.
2022-11-04 13:16:27,724 [main] INFO  ha.SCMServiceManager (SCMServiceManager.java:register(42)) - Registering service BackgroundPipelineScrubber.
2022-11-04 13:16:27,730 [main] INFO  ExpiredContainerReplicaOpScrubber (BackgroundSCMService.java:start(68)) - Starting ExpiredContainerReplicaOpScrubber Service.
2022-11-04 13:16:27,730 [main] INFO  ha.SCMServiceManager (SCMServiceManager.java:register(42)) - Registering service ExpiredContainerReplicaOpScrubber.
2022-11-04 13:16:27,779 [main] INFO  algorithms.PipelineChoosePolicyFactory (PipelineChoosePolicyFactory.java:createPipelineChoosePolicyFromClass(73)) - Create pipeline choose policy of type org.apache.hadoop.hdds.scm.pipeline.choose.algorithms.RandomPipelineChoosePolicy
2022-11-04 13:16:27,798 [main] INFO  ha.SCMServiceManager (SCMServiceManager.java:register(42)) - Registering service SCMBlockDeletingService.
2022-11-04 13:16:27,851 [main] INFO  replication.ReplicationManager (ReplicationManager.java:start(239)) - Starting Replication Monitor Thread.
2022-11-04 13:16:27,858 [main] INFO  ha.SCMServiceManager (SCMServiceManager.java:register(42)) - Registering service ReplicationManager.
2022-11-04 13:16:27,864 [ReplicationMonitor] INFO  replication.ReplicationManager (ReplicationManager.java:processAll(307)) - Replication Manager is not ready to run until 3000ms after safemode exit
2022-11-04 13:16:27,870 [main] INFO  safemode.ContainerSafeModeRule (ContainerSafeModeRule.java:<init>(89)) - containers with one replica threshold count 0
2022-11-04 13:16:27,875 [main] INFO  safemode.HealthyPipelineSafeModeRule (HealthyPipelineSafeModeRule.java:initializeRule(169)) - Total pipeline count is 0, healthy pipeline threshold count is 1
2022-11-04 13:16:27,878 [main] INFO  safemode.OneReplicaPipelineSafeModeRule (OneReplicaPipelineSafeModeRule.java:initializeRule(180)) - Total pipeline count is 0, pipeline's with at least one datanode reported threshold count is 0
2022-11-04 13:16:28,145 [main] INFO  audit.AuditLogger (AuditLogger.java:refreshDebugCmdSet(126)) - Refresh DebugCmdSet for SCMAudit to [].
2022-11-04 13:16:28,172 [main] INFO  ipc.CallQueueManager (CallQueueManager.java:<init>(90)) - Using callQueue: class java.util.concurrent.LinkedBlockingQueue, queueCapacity: 2000, scheduler: class org.apache.hadoop.ipc.DefaultRpcScheduler, ipcBackoff: false.
2022-11-04 13:16:28,206 [Socket Reader #1 for port 0] INFO  ipc.Server (Server.java:run(1273)) - Starting Socket Reader #1 for port 0
2022-11-04 13:16:28,260 [Listener at 0.0.0.0/43187] INFO  audit.AuditLogger (AuditLogger.java:refreshDebugCmdSet(126)) - Refresh DebugCmdSet for SCMAudit to [].
2022-11-04 13:16:28,264 [Listener at 0.0.0.0/43187] INFO  ipc.CallQueueManager (CallQueueManager.java:<init>(90)) - Using callQueue: class java.util.concurrent.LinkedBlockingQueue, queueCapacity: 2000, scheduler: class org.apache.hadoop.ipc.DefaultRpcScheduler, ipcBackoff: false.
2022-11-04 13:16:28,266 [Socket Reader #1 for port 0] INFO  ipc.Server (Server.java:run(1273)) - Starting Socket Reader #1 for port 0
2022-11-04 13:16:28,294 [Listener at 0.0.0.0/44219] INFO  audit.AuditLogger (AuditLogger.java:refreshDebugCmdSet(126)) - Refresh DebugCmdSet for SCMAudit to [].
2022-11-04 13:16:28,305 [Listener at 0.0.0.0/44219] INFO  ipc.CallQueueManager (CallQueueManager.java:<init>(90)) - Using callQueue: class java.util.concurrent.LinkedBlockingQueue, queueCapacity: 2000, scheduler: class org.apache.hadoop.ipc.DefaultRpcScheduler, ipcBackoff: false.
2022-11-04 13:16:28,306 [Socket Reader #1 for port 0] INFO  ipc.Server (Server.java:run(1273)) - Starting Socket Reader #1 for port 0
2022-11-04 13:16:28,361 [Listener at 0.0.0.0/37293] INFO  ha.SCMServiceManager (SCMServiceManager.java:register(42)) - Registering service ContainerBalancer.
2022-11-04 13:16:28,362 [Listener at 0.0.0.0/37293] INFO  server.StorageContainerManager (StorageContainerManager.java:<init>(415)) - 
Container Balancer status:
Key                            Value
Running                        true
Container Balancer Configuration values:
Key                                                Value
Threshold                                          10
Max Datanodes to Involve per Iteration(percent)    20
Max Size to Move per Iteration                     500GB
Max Size Entering Target per Iteration             26GB
Max Size Leaving Source per Iteration              26GB

2022-11-04 13:16:28,362 [Listener at 0.0.0.0/37293] WARN  events.EventQueue (EventQueue.java:fireEvent(216)) - No event handler registered for event TypedEvent{payloadType=SafeModeStatus, name='Safe mode status'}
2022-11-04 13:16:28,363 [Listener at 0.0.0.0/37293] INFO  ha.SCMContext (SCMContext.java:updateSafeModeStatus(228)) - Update SafeModeStatus from SafeModeStatus{safeModeStatus=true, preCheckPassed=false} to SafeModeStatus{safeModeStatus=true, preCheckPassed=false}.
2022-11-04 13:16:28,370 [Listener at 0.0.0.0/37293] INFO  server.StorageContainerManager (StorageContainerManager.java:start(1449)) - StorageContainerLocationProtocol RPC server is listening at /0.0.0.0:37293
2022-11-04 13:16:28,435 [Listener at 0.0.0.0/37293] WARN  impl.MetricsConfig (MetricsConfig.java:loadFirst(136)) - Cannot locate configuration: tried hadoop-metrics2-storagecontainermanager.properties,hadoop-metrics2.properties
2022-11-04 13:16:28,447 [Listener at 0.0.0.0/37293] INFO  impl.MetricsSystemImpl (MetricsSystemImpl.java:startTimer(378)) - Scheduled Metric snapshot period at 10 second(s).
2022-11-04 13:16:28,447 [Listener at 0.0.0.0/37293] INFO  impl.MetricsSystemImpl (MetricsSystemImpl.java:start(191)) - StorageContainerManager metrics system started
2022-11-04 13:16:28,764 [Listener at 0.0.0.0/37293] INFO  server.SCMClientProtocolServer (SCMClientProtocolServer.java:start(170)) - RPC server for Client  is listening at /0.0.0.0:37293
2022-11-04 13:16:28,771 [IPC Server listener on 0] INFO  ipc.Server (Server.java:run(1352)) - IPC Server listener on 0: starting
2022-11-04 13:16:28,771 [IPC Server Responder] INFO  ipc.Server (Server.java:run(1512)) - IPC Server Responder: starting
2022-11-04 13:16:28,782 [Listener at 0.0.0.0/37293] INFO  server.StorageContainerManager (StorageContainerManager.java:start(1464)) - ScmBlockLocationProtocol RPC server is listening at /0.0.0.0:44219
2022-11-04 13:16:28,783 [Listener at 0.0.0.0/37293] INFO  server.SCMBlockProtocolServer (SCMBlockProtocolServer.java:start(152)) - RPC server for Block Protocol is listening at /0.0.0.0:44219
2022-11-04 13:16:28,783 [IPC Server Responder] INFO  ipc.Server (Server.java:run(1512)) - IPC Server Responder: starting
2022-11-04 13:16:28,784 [IPC Server listener on 0] INFO  ipc.Server (Server.java:run(1352)) - IPC Server listener on 0: starting
2022-11-04 13:16:28,787 [Listener at 0.0.0.0/37293] INFO  server.SCMDatanodeProtocolServer (SCMDatanodeProtocolServer.java:start(186)) - ScmDatanodeProtocol RPC server for DataNodes is listening at /0.0.0.0:43187
2022-11-04 13:16:28,788 [IPC Server Responder] INFO  ipc.Server (Server.java:run(1512)) - IPC Server Responder: starting
2022-11-04 13:16:28,788 [IPC Server listener on 0] INFO  ipc.Server (Server.java:run(1352)) - IPC Server listener on 0: starting
2022-11-04 13:16:28,809 [org.apache.hadoop.util.JvmPauseMonitor$Monitor@1afabf06] INFO  util.JvmPauseMonitor (JvmPauseMonitor.java:run(188)) - Starting JVM pause monitor
2022-11-04 13:16:28,819 [Listener at 0.0.0.0/37293] INFO  http.BaseHttpServer (BaseHttpServer.java:newHttpServer2BuilderForOzone(213)) - Starting Web-server for scm at: http://0.0.0.0:0
2022-11-04 13:16:28,819 [Listener at 0.0.0.0/37293] INFO  http.BaseHttpServer (BaseHttpServer.java:<init>(108)) - Hadoop Security Enabled: false Ozone Security Enabled: false Ozone HTTP Security Enabled: false 
2022-11-04 13:16:28,844 [Listener at 0.0.0.0/37293] INFO  util.log (Log.java:initialized(170)) - Logging initialized @3990ms to org.eclipse.jetty.util.log.Slf4jLog
2022-11-04 13:16:28,944 [Listener at 0.0.0.0/37293] WARN  server.AuthenticationFilter (AuthenticationFilter.java:constructSecretProvider(240)) - Unable to initialize FileSignerSecretProvider, falling back to use random secrets. Reason: Could not read signature secret file: /home/runner/hadoop-http-auth-signature-secret
2022-11-04 13:16:28,950 [Listener at 0.0.0.0/37293] WARN  http.HttpRequestLog (HttpRequestLog.java:getRequestLog(103)) - Jetty request log can only be enabled using Log4j
2022-11-04 13:16:28,956 [Listener at 0.0.0.0/37293] INFO  http.HttpServer2 (HttpServer2.java:addGlobalFilter(1031)) - Added global filter 'safety' (class=org.apache.hadoop.hdds.server.http.HttpServer2$QuotingInputFilter)
2022-11-04 13:16:28,958 [Listener at 0.0.0.0/37293] INFO  http.HttpServer2 (HttpServer2.java:addFilter(1007)) - Added filter static_user_filter (class=org.apache.hadoop.http.lib.StaticUserWebFilter$StaticUserFilter) to context scm
2022-11-04 13:16:28,958 [Listener at 0.0.0.0/37293] INFO  http.HttpServer2 (HttpServer2.java:addFilter(1015)) - Added filter static_user_filter (class=org.apache.hadoop.http.lib.StaticUserWebFilter$StaticUserFilter) to context static
2022-11-04 13:16:28,959 [Listener at 0.0.0.0/37293] INFO  http.HttpServer2 (HttpServer2.java:addFilter(1015)) - Added filter static_user_filter (class=org.apache.hadoop.http.lib.StaticUserWebFilter$StaticUserFilter) to context logs
2022-11-04 13:16:28,996 [Listener at 0.0.0.0/37293] INFO  http.HttpServer2 (HttpServer2.java:bindListener(1250)) - Jetty bound to port 43817
2022-11-04 13:16:28,998 [Listener at 0.0.0.0/37293] INFO  server.Server (Server.java:doStart(375)) - jetty-9.4.49.v20220914; built: 2022-09-14T01:07:36.601Z; git: 4231a3b2e4cb8548a412a789936d640a97b1aa0a; jvm 1.8.0_345-b01
2022-11-04 13:16:29,042 [Listener at 0.0.0.0/37293] INFO  server.session (DefaultSessionIdManager.java:doStart(334)) - DefaultSessionIdManager workerName=node0
2022-11-04 13:16:29,043 [Listener at 0.0.0.0/37293] INFO  server.session (DefaultSessionIdManager.java:doStart(339)) - No SessionScavenger set, using defaults
2022-11-04 13:16:29,044 [Listener at 0.0.0.0/37293] INFO  server.session (HouseKeeper.java:startScavenging(132)) - node0 Scavenging every 600000ms
2022-11-04 13:16:29,057 [Listener at 0.0.0.0/37293] INFO  handler.ContextHandler (ContextHandler.java:doStart(921)) - Started o.e.j.s.ServletContextHandler@118879d2{logs,/logs,file:///home/runner/work/ozone/ozone/hadoop-ozone/integration-test/target/log,AVAILABLE}
2022-11-04 13:16:29,058 [Listener at 0.0.0.0/37293] INFO  handler.ContextHandler (ContextHandler.java:doStart(921)) - Started o.e.j.s.ServletContextHandler@b859355{static,/static,file:///home/runner/work/ozone/ozone/hadoop-ozone/integration-test/target/test-classes/webapps/static,AVAILABLE}
2022-11-04 13:16:29,105 [Listener at 0.0.0.0/37293] INFO  handler.ContextHandler (ContextHandler.java:doStart(921)) - Started o.e.j.w.WebAppContext@17e66aed{scm,/,file:///home/runner/work/ozone/ozone/hadoop-ozone/integration-test/target/test-classes/webapps/scm/,AVAILABLE}{file:/home/runner/work/ozone/ozone/hadoop-ozone/integration-test/target/test-classes/webapps/scm}
2022-11-04 13:16:29,114 [Listener at 0.0.0.0/37293] INFO  server.AbstractConnector (AbstractConnector.java:doStart(333)) - Started ServerConnector@34cb1310{HTTP/1.1, (http/1.1)}{0.0.0.0:43817}
2022-11-04 13:16:29,115 [Listener at 0.0.0.0/37293] INFO  server.Server (Server.java:doStart(415)) - Started @4261ms
2022-11-04 13:16:29,118 [Listener at 0.0.0.0/37293] INFO  impl.MetricsSinkAdapter (MetricsSinkAdapter.java:start(204)) - Sink prometheus started
2022-11-04 13:16:29,118 [Listener at 0.0.0.0/37293] INFO  impl.MetricsSystemImpl (MetricsSystemImpl.java:registerSink(305)) - Registered sink prometheus
2022-11-04 13:16:29,120 [Listener at 0.0.0.0/37293] INFO  http.BaseHttpServer (BaseHttpServer.java:updateConnectorAddress(333)) - HTTP server of scm listening at http://0.0.0.0:43817
2022-11-04 13:16:29,122 [Listener at 0.0.0.0/37293] WARN  server.ServerUtils (ServerUtils.java:getDBPath(225)) - ozone.om.db.dirs is not configured. We recommend adding this setting. Falling back to ozone.metadata.dirs instead.
2022-11-04 13:16:29,192 [Listener at 0.0.0.0/37293] INFO  audit.AuditLogger (AuditLogger.java:refreshDebugCmdSet(126)) - Refresh DebugCmdSet for OMAudit to [].
2022-11-04 13:16:29,272 [Listener at 0.0.0.0/37293] INFO  ha.OMHANodeDetails (OMHANodeDetails.java:loadOMHAConfig(115)) - ozone.om.internal.service.id is not defined, falling back to ozone.om.service.ids to find serviceID for OzoneManager if it is HA enabled cluster
2022-11-04 13:16:29,287 [Listener at 0.0.0.0/37293] INFO  ha.OMHANodeDetails (OMHANodeDetails.java:loadOMHAConfig(226)) - Configuration does not have ozone.om.address set. Falling back to the default OM address /127.0.0.1:0
2022-11-04 13:16:29,287 [Listener at 0.0.0.0/37293] INFO  ha.OMHANodeDetails (OMHANodeDetails.java:getOMNodeDetailsForNonHA(254)) - OM Service ID is not set. Setting it to the default ID: omServiceIdDefault
2022-11-04 13:16:29,287 [Listener at 0.0.0.0/37293] INFO  ha.OMHANodeDetails (OMHANodeDetails.java:getOMNodeDetailsForNonHA(261)) - OM Node ID is not set. Setting it to the default ID: om1
2022-11-04 13:16:29,291 [Listener at 0.0.0.0/37293] WARN  server.ServerUtils (ServerUtils.java:getDBPath(225)) - ozone.om.db.dirs is not configured. We recommend adding this setting. Falling back to ozone.metadata.dirs instead.
2022-11-04 13:16:29,293 [Listener at 0.0.0.0/37293] INFO  upgrade.AbstractLayoutVersionManager (AbstractLayoutVersionManager.java:init(83)) - Initializing Layout version manager with metadata layout = MULTITENANCY_SCHEMA (version = 3), software layout = MULTITENANCY_SCHEMA (version = 3)
2022-11-04 13:16:29,370 [Listener at 0.0.0.0/37293] INFO  reflections.Reflections (Reflections.java:scan(232)) - Reflections took 73 ms to scan 2 urls, producing 154 keys and 428 values [using 2 cores]
2022-11-04 13:16:29,374 [Listener at 0.0.0.0/37293] INFO  upgrade.OMLayoutVersionManager (OMLayoutVersionManager.java:lambda$0(115)) - Skipping Upgrade Action MockOmUpgradeAction since it has been finalized.
2022-11-04 13:16:29,375 [Listener at 0.0.0.0/37293] WARN  server.ServerUtils (ServerUtils.java:getDBPath(225)) - ozone.om.db.dirs is not configured. We recommend adding this setting. Falling back to ozone.metadata.dirs instead.
2022-11-04 13:16:29,530 [Listener at 0.0.0.0/37293] INFO  proxy.SCMBlockLocationFailoverProxyProvider (SCMBlockLocationFailoverProxyProvider.java:<init>(114)) - Created block location fail-over proxy with 1 nodes: [nodeId=scmNodeId,nodeAddress=/0.0.0.0:44219]
2022-11-04 13:16:29,561 [Listener at 0.0.0.0/37293] INFO  proxy.SCMBlockLocationFailoverProxyProvider (SCMBlockLocationFailoverProxyProvider.java:<init>(114)) - Created block location fail-over proxy with 1 nodes: [nodeId=scmNodeId,nodeAddress=/0.0.0.0:44219]
2022-11-04 13:16:29,746 [Listener at 0.0.0.0/37293] WARN  server.ServerUtils (ServerUtils.java:getDBPath(225)) - ozone.om.db.dirs is not configured. We recommend adding this setting. Falling back to ozone.metadata.dirs instead.
2022-11-04 13:16:29,753 [Listener at 0.0.0.0/37293] INFO  codec.OmKeyInfoCodec (OmKeyInfoCodec.java:<init>(49)) - OmKeyInfoCodec ignorePipeline = true
2022-11-04 13:16:29,754 [Listener at 0.0.0.0/37293] INFO  codec.RepeatedOmKeyInfoCodec (RepeatedOmKeyInfoCodec.java:<init>(41)) - RepeatedOmKeyInfoCodec ignorePipeline = true
2022-11-04 13:16:29,921 [Listener at 0.0.0.0/37293] INFO  om.OzoneManager (OzoneManager.java:instantiateServices(715)) - S3 Multi-Tenancy is disabled
2022-11-04 13:16:30,014 [Listener at 0.0.0.0/37293] INFO  om.OzoneManager (OzoneManager.java:addS3GVolumeToDB(4395)) - Created Volume s3v With Owner runner required for S3Gateway operations.
2022-11-04 13:16:30,068 [Listener at 0.0.0.0/37293] WARN  server.ServerUtils (ServerUtils.java:getDefaultRatisDirectory(237)) - Storage directory for Ratis is not configured. It is a good idea to map this to an SSD disk. Falling back to ozone.metadata.dirs
2022-11-04 13:16:30,069 [Listener at 0.0.0.0/37293] WARN  utils.OzoneManagerRatisUtils (OzoneManagerRatisUtils.java:getOMRatisSnapshotDirectory(434)) - ozone.om.ratis.snapshot.dir is not configured. Falling back to ozone.metadata.dirs config
2022-11-04 13:16:30,092 [Listener at 0.0.0.0/37293] WARN  server.ServerUtils (ServerUtils.java:getDefaultRatisDirectory(237)) - Storage directory for Ratis is not configured. It is a good idea to map this to an SSD disk. Falling back to ozone.metadata.dirs
2022-11-04 13:16:30,123 [Listener at 0.0.0.0/37293] INFO  ratis.OzoneManagerRatisServer (OzoneManagerRatisServer.java:<init>(160)) - Instantiating OM Ratis server with groupID: omServiceIdDefault and peers: localhost:9872
2022-11-04 13:16:30,131 [Listener at 0.0.0.0/37293] INFO  ratis.OzoneManagerStateMachine (OzoneManagerStateMachine.java:loadSnapshotInfoFromDB(636)) - LastAppliedIndex is set from TransactionInfo from OM DB as (t:0, i:~)
2022-11-04 13:16:30,189 [Listener at 0.0.0.0/37293] INFO  server.RaftServer (ConfUtils.java:logGet(46)) - raft.rpc.type = GRPC (default)
2022-11-04 13:16:30,280 [Listener at 0.0.0.0/37293] INFO  grpc.GrpcConfigKeys (ConfUtils.java:logFallback(53)) - raft.grpc.admin.host = null (fallback to raft.grpc.server.host)
2022-11-04 13:16:30,281 [Listener at 0.0.0.0/37293] INFO  grpc.GrpcConfigKeys (ConfUtils.java:logFallback(53)) - raft.grpc.admin.port = 9872 (fallback to raft.grpc.server.port)
2022-11-04 13:16:30,282 [Listener at 0.0.0.0/37293] INFO  grpc.GrpcConfigKeys (ConfUtils.java:logFallback(53)) - raft.grpc.client.host = null (fallback to raft.grpc.server.host)
2022-11-04 13:16:30,282 [Listener at 0.0.0.0/37293] INFO  grpc.GrpcConfigKeys (ConfUtils.java:logFallback(53)) - raft.grpc.client.port = 9872 (fallback to raft.grpc.server.port)
2022-11-04 13:16:30,282 [Listener at 0.0.0.0/37293] INFO  grpc.GrpcConfigKeys (ConfUtils.java:logGet(46)) - raft.grpc.server.host = null (default)
2022-11-04 13:16:30,282 [Listener at 0.0.0.0/37293] INFO  grpc.GrpcConfigKeys (ConfUtils.java:logGet(46)) - raft.grpc.server.port = 9872 (custom)
2022-11-04 13:16:30,283 [Listener at 0.0.0.0/37293] INFO  server.GrpcService (ConfUtils.java:logGet(46)) - raft.grpc.message.size.max = 33554432 (custom)
2022-11-04 13:16:30,284 [Listener at 0.0.0.0/37293] INFO  server.RaftServerConfigKeys (ConfUtils.java:logGet(46)) - raft.server.log.appender.buffer.byte-limit = 33554432 (custom)
2022-11-04 13:16:30,285 [Listener at 0.0.0.0/37293] INFO  server.GrpcService (ConfUtils.java:logGet(46)) - raft.grpc.flow.control.window = 1MB (=1048576) (default)
2022-11-04 13:16:30,285 [Listener at 0.0.0.0/37293] INFO  server.RaftServerConfigKeys (ConfUtils.java:logGet(46)) - raft.server.rpc.request.timeout = 3000ms (default)
2022-11-04 13:16:30,300 [Listener at 0.0.0.0/37293] INFO  grpc.GrpcConfigKeys (ConfUtils.java:logGet(46)) - raft.grpc.server.heartbeat.channel = true (default)
2022-11-04 13:16:30,303 [Listener at 0.0.0.0/37293] INFO  grpc.GrpcConfigKeys (ConfUtils.java:logGet(46)) - raft.grpc.server.async.request.thread.pool.cached = true (default)
2022-11-04 13:16:30,303 [Listener at 0.0.0.0/37293] INFO  grpc.GrpcConfigKeys (ConfUtils.java:logGet(46)) - raft.grpc.server.async.request.thread.pool.size = 32 (default)
2022-11-04 13:16:30,594 [Listener at 0.0.0.0/37293] INFO  impl.DataStreamServerImpl (ConfUtils.java:logGet(46)) - raft.datastream.type = DISABLED (default)
2022-11-04 13:16:30,597 [Listener at 0.0.0.0/37293] INFO  server.RaftServerConfigKeys (ConfUtils.java:logGet(46)) - raft.server.threadpool.proxy.cached = true (default)
2022-11-04 13:16:30,598 [Listener at 0.0.0.0/37293] INFO  server.RaftServerConfigKeys (ConfUtils.java:logGet(46)) - raft.server.threadpool.proxy.size = 0 (default)
2022-11-04 13:16:30,598 [Listener at 0.0.0.0/37293] INFO  server.RaftServerConfigKeys (ConfUtils.java:logGet(46)) - raft.server.rpc.slowness.timeout = 120s (custom)
2022-11-04 13:16:30,598 [Listener at 0.0.0.0/37293] INFO  server.RaftServerConfigKeys (ConfUtils.java:logGet(46)) - raft.server.leaderelection.leader.step-down.wait-time = 10s (default)
2022-11-04 13:16:30,601 [Listener at 0.0.0.0/37293] INFO  server.RaftServerConfigKeys (ConfUtils.java:logGet(46)) - raft.server.storage.dir = [/home/runner/work/ozone/ozone/hadoop-ozone/integration-test/target/test-dir/MiniOzoneClusterImpl-0c0bfa66-1f5b-4f11-9fe6-cbebe0503434/ozone-meta/ratis] (custom)
2022-11-04 13:16:30,609 [Listener at 0.0.0.0/37293] INFO  server.RaftServer (RaftServerProxy.java:addNew(96)) - om1: addNew group-C5BA1605619E:[om1|rpc:localhost:9872|priority:0|startupRole:FOLLOWER] returns group-C5BA1605619E:java.util.concurrent.CompletableFuture@4c53ea14[Not completed]
2022-11-04 13:16:30,609 [Listener at 0.0.0.0/37293] INFO  om.OzoneManager (OzoneManager.java:initializeRatisServer(1978)) - OzoneManager Ratis server initialized at port 9872
2022-11-04 13:16:30,618 [Listener at 0.0.0.0/37293] INFO  om.OzoneManager (OzoneManager.java:getRpcServer(1104)) - Creating RPC Server
2022-11-04 13:16:30,656 [pool-55-thread-1] INFO  server.RaftServer$Division (RaftServerImpl.java:<init>(195)) - om1: new RaftServerImpl for group-C5BA1605619E:[om1|rpc:localhost:9872|priority:0|startupRole:FOLLOWER] with OzoneManagerStateMachine:uninitialized
2022-11-04 13:16:30,660 [pool-55-thread-1] INFO  server.RaftServerConfigKeys (ConfUtils.java:logGet(46)) - raft.server.rpc.timeout.min = 1s (custom)
2022-11-04 13:16:30,666 [pool-55-thread-1] INFO  server.RaftServerConfigKeys (ConfUtils.java:logGet(46)) - raft.server.rpc.timeout.max = 1200ms (custom)
2022-11-04 13:16:30,666 [pool-55-thread-1] INFO  server.RaftServerConfigKeys (ConfUtils.java:logGet(46)) - raft.server.rpc.sleep.time = 25ms (default)
2022-11-04 13:16:30,667 [pool-55-thread-1] INFO  server.RaftServerConfigKeys (ConfUtils.java:logGet(46)) - raft.server.rpc.slowness.timeout = 120s (custom)
2022-11-04 13:16:30,667 [pool-55-thread-1] INFO  server.RaftServerConfigKeys (ConfUtils.java:logGet(46)) - raft.server.leaderelection.leader.step-down.wait-time = 10s (default)
2022-11-04 13:16:30,667 [pool-55-thread-1] INFO  server.RaftServerConfigKeys (ConfUtils.java:logGet(46)) - raft.server.sleep.deviation.threshold = 300ms (default)
2022-11-04 13:16:30,675 [pool-55-thread-1] INFO  server.RaftServer$Division (ServerState.java:<init>(118)) - om1@group-C5BA1605619E: ConfigurationManager, init=-1: peers:[om1|rpc:localhost:9872|priority:0|startupRole:FOLLOWER]|listeners:[], old=null, confs=<EMPTY_MAP>
2022-11-04 13:16:30,676 [pool-55-thread-1] INFO  server.RaftServerConfigKeys (ConfUtils.java:logGet(46)) - raft.server.storage.dir = [/home/runner/work/ozone/ozone/hadoop-ozone/integration-test/target/test-dir/MiniOzoneClusterImpl-0c0bfa66-1f5b-4f11-9fe6-cbebe0503434/ozone-meta/ratis] (custom)
2022-11-04 13:16:30,683 [pool-55-thread-1] INFO  server.RaftServerConfigKeys (ConfUtils.java:logGet(46)) - raft.server.log.corruption.policy = EXCEPTION (default)
2022-11-04 13:16:30,684 [pool-55-thread-1] INFO  server.RaftServerConfigKeys (ConfUtils.java:logGet(46)) - raft.server.storage.free-space.min = 0MB (=0) (default)
2022-11-04 13:16:30,694 [pool-55-thread-1] INFO  server.RaftServerConfigKeys (ConfUtils.java:logGet(46)) - raft.server.notification.no-leader.timeout = 120s (custom)
2022-11-04 13:16:30,697 [pool-55-thread-1] INFO  server.RaftServerConfigKeys (ConfUtils.java:logGet(46)) - raft.server.retrycache.expirytime = 300s (custom)
2022-11-04 13:16:30,697 [pool-55-thread-1] INFO  server.RaftServerConfigKeys (ConfUtils.java:logGet(46)) - raft.server.retrycache.statistics.expirytime = 100μs (default)
2022-11-04 13:16:30,906 [pool-55-thread-1] INFO  server.RaftServerConfigKeys (ConfUtils.java:logGet(46)) - raft.server.log.appender.install.snapshot.enabled = false (custom)
2022-11-04 13:16:30,907 [pool-55-thread-1] INFO  server.RaftServerConfigKeys (ConfUtils.java:logGet(46)) - raft.server.threadpool.server.cached = true (default)
2022-11-04 13:16:30,907 [pool-55-thread-1] INFO  server.RaftServerConfigKeys (ConfUtils.java:logGet(46)) - raft.server.threadpool.server.size = 0 (default)
2022-11-04 13:16:30,907 [pool-55-thread-1] INFO  server.RaftServerConfigKeys (ConfUtils.java:logGet(46)) - raft.server.threadpool.client.cached = true (default)
2022-11-04 13:16:30,908 [pool-55-thread-1] INFO  server.RaftServerConfigKeys (ConfUtils.java:logGet(46)) - raft.server.threadpool.client.size = 0 (default)
2022-11-04 13:16:31,376 [Listener at 0.0.0.0/37293] INFO  reflections.Reflections (Reflections.java:scan(232)) - Reflections took 686 ms to scan 19 urls, producing 67 keys and 4312 values [using 2 cores]
2022-11-04 13:16:31,520 [Listener at 0.0.0.0/37293] INFO  ipc.CallQueueManager (CallQueueManager.java:<init>(90)) - Using callQueue: class java.util.concurrent.LinkedBlockingQueue, queueCapacity: 2000, scheduler: class org.apache.hadoop.ipc.DefaultRpcScheduler, ipcBackoff: false.
2022-11-04 13:16:31,521 [Socket Reader #1 for port 0] INFO  ipc.Server (Server.java:run(1273)) - Starting Socket Reader #1 for port 0
2022-11-04 13:16:31,550 [Listener at 127.0.0.1/35095] INFO  impl.MetricsSystemImpl (MetricsSystemImpl.java:init(158)) - OzoneManager metrics system started (again)
2022-11-04 13:16:31,562 [Listener at 127.0.0.1/35095] INFO  om.OzoneManager (OzoneManager.java:start(1485)) - OzoneManager RPC server is listening at localhost/127.0.0.1:35095
2022-11-04 13:16:31,563 [Listener at 127.0.0.1/35095] INFO  ratis.OzoneManagerRatisServer (OzoneManagerRatisServer.java:start(555)) - Starting OzoneManagerRatisServer om1 at port 9872
2022-11-04 13:16:31,566 [om1-impl-thread1] INFO  storage.RaftStorageDirectory (RaftStorageDirectoryImpl.java:analyzeStorage(137)) - The storage directory /home/runner/work/ozone/ozone/hadoop-ozone/integration-test/target/test-dir/MiniOzoneClusterImpl-0c0bfa66-1f5b-4f11-9fe6-cbebe0503434/ozone-meta/ratis/bf265839-605b-3f16-9796-c5ba1605619e does not exist. Creating ...
2022-11-04 13:16:31,570 [om1-impl-thread1] INFO  storage.RaftStorageDirectory (RaftStorageDirectoryImpl.java:tryLock(231)) - Lock on /home/runner/work/ozone/ozone/hadoop-ozone/integration-test/target/test-dir/MiniOzoneClusterImpl-0c0bfa66-1f5b-4f11-9fe6-cbebe0503434/ozone-meta/ratis/bf265839-605b-3f16-9796-c5ba1605619e/in_use.lock acquired by nodename 14841@fv-az443-313
2022-11-04 13:16:31,576 [om1-impl-thread1] INFO  storage.RaftStorage (RaftStorageImpl.java:format(96)) - Storage directory /home/runner/work/ozone/ozone/hadoop-ozone/integration-test/target/test-dir/MiniOzoneClusterImpl-0c0bfa66-1f5b-4f11-9fe6-cbebe0503434/ozone-meta/ratis/bf265839-605b-3f16-9796-c5ba1605619e has been successfully formatted.
2022-11-04 13:16:31,578 [om1-impl-thread1] INFO  server.RaftServerConfigKeys (ConfUtils.java:logGet(46)) - raft.server.log.use.memory = false (default)
2022-11-04 13:16:31,591 [om1-impl-thread1] INFO  server.RaftServerConfigKeys (ConfUtils.java:logGet(46)) - raft.server.log.purge.gap = 1000000 (custom)
2022-11-04 13:16:31,591 [om1-impl-thread1] INFO  server.RaftServerConfigKeys (ConfUtils.java:logGet(46)) - raft.server.log.appender.buffer.byte-limit = 33554432 (custom)
2022-11-04 13:16:31,593 [om1-impl-thread1] INFO  server.RaftServerConfigKeys (ConfUtils.java:logGet(46)) - raft.server.log.statemachine.data.read.timeout = 1000ms (default)
2022-11-04 13:16:31,595 [om1-impl-thread1] INFO  server.RaftServerConfigKeys (ConfUtils.java:logGet(46)) - raft.server.log.purge.preservation.log.num = 0 (default)
2022-11-04 13:16:31,597 [om1-impl-thread1] INFO  server.RaftServerConfigKeys (ConfUtils.java:logGet(46)) - raft.server.log.segment.size.max = 4194304 (custom)
2022-11-04 13:16:31,731 [om1-impl-thread1] INFO  server.RaftServerConfigKeys (ConfUtils.java:logGet(46)) - raft.server.log.segment.cache.num.max = 2 (custom)
2022-11-04 13:16:31,732 [om1-impl-thread1] INFO  server.RaftServerConfigKeys (ConfUtils.java:logGet(46)) - raft.server.log.segment.cache.size.max = 200MB (=209715200) (default)
2022-11-04 13:16:31,758 [om1-impl-thread1] INFO  segmented.SegmentedRaftLogWorker (SegmentedRaftLogWorker.java:<init>(191)) - new om1@group-C5BA1605619E-SegmentedRaftLogWorker for RaftStorageImpl:Storage Directory /home/runner/work/ozone/ozone/hadoop-ozone/integration-test/target/test-dir/MiniOzoneClusterImpl-0c0bfa66-1f5b-4f11-9fe6-cbebe0503434/ozone-meta/ratis/bf265839-605b-3f16-9796-c5ba1605619e
2022-11-04 13:16:31,758 [om1-impl-thread1] INFO  server.RaftServerConfigKeys (ConfUtils.java:logGet(46)) - raft.server.log.queue.byte-limit = 64MB (=67108864) (default)
2022-11-04 13:16:31,759 [om1-impl-thread1] INFO  server.RaftServerConfigKeys (ConfUtils.java:logGet(46)) - raft.server.log.queue.element-limit = 4096 (default)
2022-11-04 13:16:31,760 [om1-impl-thread1] INFO  server.RaftServerConfigKeys (ConfUtils.java:logGet(46)) - raft.server.log.segment.size.max = 4194304 (custom)
2022-11-04 13:16:31,760 [om1-impl-thread1] INFO  server.RaftServerConfigKeys (ConfUtils.java:logGet(46)) - raft.server.log.preallocated.size = 4194304 (custom)
2022-11-04 13:16:31,761 [om1-impl-thread1] INFO  server.RaftServerConfigKeys (ConfUtils.java:logGet(46)) - raft.server.log.force.sync.num = 128 (default)
2022-11-04 13:16:31,762 [om1-impl-thread1] INFO  server.RaftServerConfigKeys (ConfUtils.java:logGet(46)) - raft.server.log.statemachine.data.sync = true (default)
2022-11-04 13:16:31,762 [om1-impl-thread1] INFO  server.RaftServerConfigKeys (ConfUtils.java:logGet(46)) - raft.server.log.statemachine.data.sync.timeout = 10s (default)
2022-11-04 13:16:31,762 [om1-impl-thread1] INFO  server.RaftServerConfigKeys (ConfUtils.java:logGet(46)) - raft.server.log.statemachine.data.sync.timeout.retry = -1 (default)
2022-11-04 13:16:31,771 [om1-impl-thread1] INFO  server.RaftServerConfigKeys (ConfUtils.java:logGet(46)) - raft.server.log.write.buffer.size = 64KB (=65536) (default)
2022-11-04 13:16:31,771 [om1-impl-thread1] INFO  server.RaftServerConfigKeys (ConfUtils.java:logGet(46)) - raft.server.log.unsafe-flush.enabled = false (default)
2022-11-04 13:16:31,772 [om1-impl-thread1] INFO  server.RaftServerConfigKeys (ConfUtils.java:logGet(46)) - raft.server.log.async-flush.enabled = false (default)
2022-11-04 13:16:31,772 [om1-impl-thread1] INFO  server.RaftServerConfigKeys (ConfUtils.java:logGet(46)) - raft.server.log.statemachine.data.caching.enabled = false (default)
2022-11-04 13:16:31,778 [om1-impl-thread1] INFO  segmented.SegmentedRaftLogWorker (SegmentedRaftLogWorker.java:lambda$new$0(136)) - om1@group-C5BA1605619E-SegmentedRaftLogWorker: flushIndex: setUnconditionally 0 -> -1
2022-11-04 13:16:31,779 [om1-impl-thread1] INFO  segmented.SegmentedRaftLogWorker (SegmentedRaftLogWorker.java:lambda$new$0(136)) - om1@group-C5BA1605619E-SegmentedRaftLogWorker: safeCacheEvictIndex: setUnconditionally 0 -> -1
2022-11-04 13:16:31,780 [om1-impl-thread1] INFO  server.RaftServer$Division (RaftServerImpl.java:start(334)) - om1@group-C5BA1605619E: start as a follower, conf=-1: peers:[om1|rpc:localhost:9872|priority:0|startupRole:FOLLOWER]|listeners:[], old=null
2022-11-04 13:16:31,784 [om1-impl-thread1] INFO  server.RaftServer$Division (RaftServerImpl.java:setRole(321)) - om1@group-C5BA1605619E: changes role from      null to FOLLOWER at term 0 for startAsFollower
2022-11-04 13:16:31,786 [om1-impl-thread1] INFO  impl.RoleInfo (RoleInfo.java:updateAndGet(139)) - om1: start om1@group-C5BA1605619E-FollowerState
2022-11-04 13:16:31,787 [om1-impl-thread1] INFO  util.JmxRegister (JmxRegister.java:tryRegister(44)) - Successfully registered JMX Bean with object name Ratis:service=RaftServer,group=group-C5BA1605619E,id=om1
2022-11-04 13:16:31,789 [om1-impl-thread1] INFO  server.RaftServerConfigKeys (ConfUtils.java:logGet(46)) - raft.server.snapshot.auto.trigger.enabled = true (custom)
2022-11-04 13:16:31,789 [om1-impl-thread1] INFO  server.RaftServerConfigKeys (ConfUtils.java:logGet(46)) - raft.server.snapshot.auto.trigger.threshold = 400000 (default)
2022-11-04 13:16:31,790 [om1-impl-thread1] INFO  server.RaftServerConfigKeys (ConfUtils.java:logGet(46)) - raft.server.snapshot.retention.file.num = -1 (default)
2022-11-04 13:16:31,790 [om1-impl-thread1] INFO  server.RaftServerConfigKeys (ConfUtils.java:logGet(46)) - raft.server.log.purge.upto.snapshot.index = true (custom)
2022-11-04 13:16:31,793 [om1@group-C5BA1605619E-FollowerState] INFO  server.RaftServerConfigKeys (ConfUtils.java:logFallback(53)) - raft.server.rpc.first-election.timeout.min = 1s (fallback to raft.server.rpc.timeout.min)
2022-11-04 13:16:31,793 [om1@group-C5BA1605619E-FollowerState] INFO  server.RaftServerConfigKeys (ConfUtils.java:logFallback(53)) - raft.server.rpc.first-election.timeout.max = 1200ms (fallback to raft.server.rpc.timeout.max)
2022-11-04 13:16:31,796 [Listener at 127.0.0.1/35095] INFO  server.RaftServer (RaftServerProxy.java:startImpl(393)) - om1: start RPC server
2022-11-04 13:16:31,861 [Listener at 127.0.0.1/35095] INFO  server.GrpcService (GrpcService.java:startImpl(270)) - om1: GrpcService started, listening on 9872
2022-11-04 13:16:31,864 [Listener at 127.0.0.1/35095] INFO  om.OzoneManager (OzoneManager.java:start(1501)) - Version File has different layout version (3) than OM DB (null). That is expected if this OM has never been finalized to a newer layout version.
2022-11-04 13:16:31,867 [JvmPauseMonitor0] INFO  util.JvmPauseMonitor (JvmPauseMonitor.java:run(105)) - JvmPauseMonitor-om1: Started
2022-11-04 13:16:31,884 [Listener at 127.0.0.1/35095] INFO  http.BaseHttpServer (BaseHttpServer.java:newHttpServer2BuilderForOzone(213)) - Starting Web-server for ozoneManager at: http://0.0.0.0:0
2022-11-04 13:16:31,885 [Listener at 127.0.0.1/35095] INFO  http.BaseHttpServer (BaseHttpServer.java:<init>(108)) - Hadoop Security Enabled: false Ozone Security Enabled: false Ozone HTTP Security Enabled: false 
2022-11-04 13:16:31,886 [Listener at 127.0.0.1/35095] WARN  server.AuthenticationFilter (AuthenticationFilter.java:constructSecretProvider(240)) - Unable to initialize FileSignerSecretProvider, falling back to use random secrets. Reason: Could not read signature secret file: /home/runner/hadoop-http-auth-signature-secret
2022-11-04 13:16:31,889 [Listener at 127.0.0.1/35095] WARN  http.HttpRequestLog (HttpRequestLog.java:getRequestLog(103)) - Jetty request log can only be enabled using Log4j
2022-11-04 13:16:31,891 [Listener at 127.0.0.1/35095] INFO  http.HttpServer2 (HttpServer2.java:addGlobalFilter(1031)) - Added global filter 'safety' (class=org.apache.hadoop.hdds.server.http.HttpServer2$QuotingInputFilter)
2022-11-04 13:16:31,892 [Listener at 127.0.0.1/35095] INFO  http.HttpServer2 (HttpServer2.java:addFilter(1007)) - Added filter static_user_filter (class=org.apache.hadoop.http.lib.StaticUserWebFilter$StaticUserFilter) to context ozoneManager
2022-11-04 13:16:31,893 [Listener at 127.0.0.1/35095] INFO  http.HttpServer2 (HttpServer2.java:addFilter(1015)) - Added filter static_user_filter (class=org.apache.hadoop.http.lib.StaticUserWebFilter$StaticUserFilter) to context logs
2022-11-04 13:16:31,893 [Listener at 127.0.0.1/35095] INFO  http.HttpServer2 (HttpServer2.java:addFilter(1015)) - Added filter static_user_filter (class=org.apache.hadoop.http.lib.StaticUserWebFilter$StaticUserFilter) to context static
2022-11-04 13:16:31,898 [Listener at 127.0.0.1/35095] INFO  http.HttpServer2 (HttpServer2.java:bindListener(1250)) - Jetty bound to port 33933
2022-11-04 13:16:31,899 [Listener at 127.0.0.1/35095] INFO  server.Server (Server.java:doStart(375)) - jetty-9.4.49.v20220914; built: 2022-09-14T01:07:36.601Z; git: 4231a3b2e4cb8548a412a789936d640a97b1aa0a; jvm 1.8.0_345-b01
2022-11-04 13:16:31,902 [Listener at 127.0.0.1/35095] INFO  server.session (DefaultSessionIdManager.java:doStart(334)) - DefaultSessionIdManager workerName=node0
2022-11-04 13:16:31,902 [Listener at 127.0.0.1/35095] INFO  server.session (DefaultSessionIdManager.java:doStart(339)) - No SessionScavenger set, using defaults
2022-11-04 13:16:31,902 [Listener at 127.0.0.1/35095] INFO  server.session (HouseKeeper.java:startScavenging(132)) - node0 Scavenging every 660000ms
2022-11-04 13:16:31,903 [Listener at 127.0.0.1/35095] INFO  handler.ContextHandler (ContextHandler.java:doStart(921)) - Started o.e.j.s.ServletContextHandler@253ab1d3{logs,/logs,file:///home/runner/work/ozone/ozone/hadoop-ozone/integration-test/target/log,AVAILABLE}
2022-11-04 13:16:31,904 [Listener at 127.0.0.1/35095] INFO  handler.ContextHandler (ContextHandler.java:doStart(921)) - Started o.e.j.s.ServletContextHandler@13428b9d{static,/static,file:///home/runner/work/ozone/ozone/hadoop-ozone/integration-test/target/test-classes/webapps/static,AVAILABLE}
2022-11-04 13:16:31,909 [Listener at 127.0.0.1/35095] INFO  handler.ContextHandler (ContextHandler.java:doStart(921)) - Started o.e.j.w.WebAppContext@328cc3ee{ozoneManager,/,file:///home/runner/work/ozone/ozone/hadoop-ozone/integration-test/target/test-classes/webapps/ozoneManager/,AVAILABLE}{file:/home/runner/work/ozone/ozone/hadoop-ozone/integration-test/target/test-classes/webapps/ozoneManager}
2022-11-04 13:16:31,915 [Listener at 127.0.0.1/35095] INFO  server.AbstractConnector (AbstractConnector.java:doStart(333)) - Started ServerConnector@105637ea{HTTP/1.1, (http/1.1)}{0.0.0.0:33933}
2022-11-04 13:16:31,915 [Listener at 127.0.0.1/35095] INFO  server.Server (Server.java:doStart(415)) - Started @7061ms
2022-11-04 13:16:31,916 [Listener at 127.0.0.1/35095] WARN  impl.MetricsSystemImpl (MetricsSystemImpl.java:register(279)) - Sink prometheus already exists!
2022-11-04 13:16:31,917 [Listener at 127.0.0.1/35095] INFO  http.BaseHttpServer (BaseHttpServer.java:updateConnectorAddress(333)) - HTTP server of ozoneManager listening at http://0.0.0.0:33933
2022-11-04 13:16:31,917 [IPC Server Responder] INFO  ipc.Server (Server.java:run(1512)) - IPC Server Responder: starting
2022-11-04 13:16:31,917 [IPC Server listener on 0] INFO  ipc.Server (Server.java:run(1352)) - IPC Server listener on 0: starting
2022-11-04 13:16:31,920 [Listener at 127.0.0.1/35095] INFO  om.OzoneManager (OzoneManager.java:startTrashEmptier(1922)) - Trash Interval set to 0. Files deleted won't move to trash
2022-11-04 13:16:31,928 [org.apache.hadoop.util.JvmPauseMonitor$Monitor@53923ca0] INFO  util.JvmPauseMonitor (JvmPauseMonitor.java:run(188)) - Starting JVM pause monitor
2022-11-04 13:16:32,089 [Listener at 127.0.0.1/35095] WARN  impl.MetricRegistriesImpl (MetricRegistriesImpl.java:addReporterRegistration(111)) - New reporters are added after registries were created. Some metrics will be missing from the reporter. Please add reporter before adding any new registry.
2022-11-04 13:16:32,089 [Listener at 127.0.0.1/35095] WARN  impl.MetricRegistriesImpl (MetricRegistriesImpl.java:addReporterRegistration(111)) - New reporters are added after registries were created. Some metrics will be missing from the reporter. Please add reporter before adding any new registry.
2022-11-04 13:16:32,089 [Listener at 127.0.0.1/35095] INFO  impl.MetricsSystemImpl (MetricsSystemImpl.java:init(158)) - HddsDatanode metrics system started (again)
2022-11-04 13:16:32,112 [Listener at 127.0.0.1/35095] INFO  ozone.HddsDatanodeService (HddsDatanodeService.java:start(236)) - HddsDatanodeService host:fv-az443-313.ap2fcshprsnunfx25e1aelzb4b.cx.internal.cloudapp.net ip:10.1.1.104
2022-11-04 13:16:32,140 [Listener at 127.0.0.1/35095] INFO  upgrade.AbstractLayoutVersionManager (AbstractLayoutVersionManager.java:init(83)) - Initializing Layout version manager with metadata layout = DATANODE_SCHEMA_V3 (version = 4), software layout = DATANODE_SCHEMA_V3 (version = 4)
2022-11-04 13:16:32,197 [Listener at 127.0.0.1/35095] INFO  reflections.Reflections (Reflections.java:scan(232)) - Reflections took 53 ms to scan 7 urls, producing 139 keys and 336 values 
2022-11-04 13:16:32,203 [Listener at 127.0.0.1/35095] INFO  statemachine.DatanodeStateMachine (DatanodeStateMachine.java:getEndPointTaskThreadPoolSize(245)) - Datanode State Machine Task Thread Pool size 2
2022-11-04 13:16:32,262 [Listener at 127.0.0.1/35095] INFO  volume.HddsVolume (HddsVolume.java:<init>(117)) - Creating HddsVolume: /home/runner/work/ozone/ozone/hadoop-ozone/integration-test/target/test-dir/MiniOzoneClusterImpl-0c0bfa66-1f5b-4f11-9fe6-cbebe0503434/datanode-0/data-0/containers/hdds of storage type : DISK capacity : 9223372036854775807
2022-11-04 13:16:32,265 [Listener at 127.0.0.1/35095] INFO  volume.MutableVolumeSet (MutableVolumeSet.java:initializeVolumeSet(174)) - Added Volume : /home/runner/work/ozone/ozone/hadoop-ozone/integration-test/target/test-dir/MiniOzoneClusterImpl-0c0bfa66-1f5b-4f11-9fe6-cbebe0503434/datanode-0/data-0/containers/hdds to VolumeSet
2022-11-04 13:16:32,265 [Listener at 127.0.0.1/35095] INFO  volume.ThrottledAsyncChecker (ThrottledAsyncChecker.java:schedule(141)) - Scheduling a check for /home/runner/work/ozone/ozone/hadoop-ozone/integration-test/target/test-dir/MiniOzoneClusterImpl-0c0bfa66-1f5b-4f11-9fe6-cbebe0503434/datanode-0/data-0/containers/hdds
2022-11-04 13:16:32,279 [Listener at 127.0.0.1/35095] INFO  volume.StorageVolumeChecker (StorageVolumeChecker.java:checkAllVolumes(202)) - Scheduled health check for volume /home/runner/work/ozone/ozone/hadoop-ozone/integration-test/target/test-dir/MiniOzoneClusterImpl-0c0bfa66-1f5b-4f11-9fe6-cbebe0503434/datanode-0/data-0/containers/hdds
2022-11-04 13:16:32,295 [Listener at 127.0.0.1/35095] INFO  volume.MutableVolumeSet (MutableVolumeSet.java:initializeVolumeSet(174)) - Added Volume : /home/runner/work/ozone/ozone/hadoop-ozone/integration-test/target/test-dir/MiniOzoneClusterImpl-0c0bfa66-1f5b-4f11-9fe6-cbebe0503434/datanode-0/data/ratis to VolumeSet
2022-11-04 13:16:32,295 [Listener at 127.0.0.1/35095] INFO  volume.ThrottledAsyncChecker (ThrottledAsyncChecker.java:schedule(141)) - Scheduling a check for /home/runner/work/ozone/ozone/hadoop-ozone/integration-test/target/test-dir/MiniOzoneClusterImpl-0c0bfa66-1f5b-4f11-9fe6-cbebe0503434/datanode-0/data/ratis
2022-11-04 13:16:32,296 [Listener at 127.0.0.1/35095] INFO  volume.StorageVolumeChecker (StorageVolumeChecker.java:checkAllVolumes(202)) - Scheduled health check for volume /home/runner/work/ozone/ozone/hadoop-ozone/integration-test/target/test-dir/MiniOzoneClusterImpl-0c0bfa66-1f5b-4f11-9fe6-cbebe0503434/datanode-0/data/ratis
2022-11-04 13:16:32,319 [Thread-136] INFO  ozoneimpl.ContainerReader (ContainerReader.java:readVolume(175)) - Finish verifying containers on volume /home/runner/work/ozone/ozone/hadoop-ozone/integration-test/target/test-dir/MiniOzoneClusterImpl-0c0bfa66-1f5b-4f11-9fe6-cbebe0503434/datanode-0/data-0/containers/hdds
2022-11-04 13:16:32,319 [Listener at 127.0.0.1/35095] INFO  ozoneimpl.OzoneContainer (OzoneContainer.java:buildContainerSet(300)) - Build ContainerSet costs 0s
2022-11-04 13:16:32,363 [Listener at 127.0.0.1/35095] INFO  audit.AuditLogger (AuditLogger.java:refreshDebugCmdSet(126)) - Refresh DebugCmdSet for DNAudit to [].
2022-11-04 13:16:32,390 [Listener at 127.0.0.1/35095] INFO  server.RaftServer (ConfUtils.java:logGet(46)) - raft.rpc.type = GRPC (default)
2022-11-04 13:16:32,390 [Listener at 127.0.0.1/35095] INFO  grpc.GrpcConfigKeys (ConfUtils.java:logFallback(53)) - raft.grpc.admin.host = null (fallback to raft.grpc.server.host)
2022-11-04 13:16:32,391 [Listener at 127.0.0.1/35095] INFO  grpc.GrpcConfigKeys (ConfUtils.java:logGet(46)) - raft.grpc.admin.port = 0 (custom)
2022-11-04 13:16:32,391 [Listener at 127.0.0.1/35095] INFO  grpc.GrpcConfigKeys (ConfUtils.java:logFallback(53)) - raft.grpc.client.host = null (fallback to raft.grpc.server.host)
2022-11-04 13:16:32,391 [Listener at 127.0.0.1/35095] INFO  grpc.GrpcConfigKeys (ConfUtils.java:logGet(46)) - raft.grpc.client.port = 0 (custom)
2022-11-04 13:16:32,391 [Listener at 127.0.0.1/35095] INFO  grpc.GrpcConfigKeys (ConfUtils.java:logGet(46)) - raft.grpc.server.host = null (default)
2022-11-04 13:16:32,391 [Listener at 127.0.0.1/35095] INFO  grpc.GrpcConfigKeys (ConfUtils.java:logGet(46)) - raft.grpc.server.port = 0 (default)
2022-11-04 13:16:32,391 [Listener at 127.0.0.1/35095] INFO  server.GrpcService (ConfUtils.java:logGet(46)) - raft.grpc.message.size.max = 32MB (=33554432) (custom)
2022-11-04 13:16:32,391 [Listener at 127.0.0.1/35095] INFO  server.RaftServerConfigKeys (ConfUtils.java:logGet(46)) - raft.server.log.appender.buffer.byte-limit = 33554432 (custom)
2022-11-04 13:16:32,392 [Listener at 127.0.0.1/35095] INFO  server.GrpcService (ConfUtils.java:logGet(46)) - raft.grpc.flow.control.window = 5MB (=5242880) (custom)
2022-11-04 13:16:32,392 [Listener at 127.0.0.1/35095] INFO  server.RaftServerConfigKeys (ConfUtils.java:logGet(46)) - raft.server.rpc.request.timeout = 60s (custom)
2022-11-04 13:16:32,392 [Listener at 127.0.0.1/35095] INFO  grpc.GrpcConfigKeys (ConfUtils.java:logGet(46)) - raft.grpc.server.heartbeat.channel = true (default)
2022-11-04 13:16:32,392 [Listener at 127.0.0.1/35095] INFO  grpc.GrpcConfigKeys (ConfUtils.java:logGet(46)) - raft.grpc.server.async.request.thread.pool.cached = true (default)
2022-11-04 13:16:32,392 [Listener at 127.0.0.1/35095] INFO  grpc.GrpcConfigKeys (ConfUtils.java:logGet(46)) - raft.grpc.server.async.request.thread.pool.size = 32 (default)
2022-11-04 13:16:32,394 [Listener at 127.0.0.1/35095] INFO  impl.DataStreamServerImpl (ConfUtils.java:logGet(46)) - raft.datastream.type = DISABLED (default)
2022-11-04 13:16:32,394 [Listener at 127.0.0.1/35095] INFO  server.RaftServerConfigKeys (ConfUtils.java:logGet(46)) - raft.server.threadpool.proxy.cached = true (default)
2022-11-04 13:16:32,394 [Listener at 127.0.0.1/35095] INFO  server.RaftServerConfigKeys (ConfUtils.java:logGet(46)) - raft.server.threadpool.proxy.size = 0 (default)
2022-11-04 13:16:32,394 [Listener at 127.0.0.1/35095] INFO  server.RaftServerConfigKeys (ConfUtils.java:logGet(46)) - raft.server.rpc.slowness.timeout = 300s (custom)
2022-11-04 13:16:32,394 [Listener at 127.0.0.1/35095] INFO  server.RaftServerConfigKeys (ConfUtils.java:logGet(46)) - raft.server.leaderelection.leader.step-down.wait-time = 10s (default)
2022-11-04 13:16:32,395 [Listener at 127.0.0.1/35095] INFO  server.RaftServerConfigKeys (ConfUtils.java:logGet(46)) - raft.server.storage.dir = [/home/runner/work/ozone/ozone/hadoop-ozone/integration-test/target/test-dir/MiniOzoneClusterImpl-0c0bfa66-1f5b-4f11-9fe6-cbebe0503434/datanode-0/data/ratis] (custom)
2022-11-04 13:16:32,412 [Listener at 127.0.0.1/35095] INFO  server.XceiverServerGrpc (XceiverServerGrpc.java:<init>(132)) - GrpcServer channel type EpollServerSocketChannel
2022-11-04 13:16:32,475 [Listener at 127.0.0.1/35095] INFO  http.BaseHttpServer (BaseHttpServer.java:newHttpServer2BuilderForOzone(213)) - Starting Web-server for hddsDatanode at: http://0.0.0.0:0
2022-11-04 13:16:32,475 [Listener at 127.0.0.1/35095] INFO  http.BaseHttpServer (BaseHttpServer.java:<init>(108)) - Hadoop Security Enabled: false Ozone Security Enabled: false Ozone HTTP Security Enabled: false 
2022-11-04 13:16:32,476 [Listener at 127.0.0.1/35095] WARN  server.AuthenticationFilter (AuthenticationFilter.java:constructSecretProvider(240)) - Unable to initialize FileSignerSecretProvider, falling back to use random secrets. Reason: Could not read signature secret file: /home/runner/hadoop-http-auth-signature-secret
2022-11-04 13:16:32,477 [Listener at 127.0.0.1/35095] WARN  http.HttpRequestLog (HttpRequestLog.java:getRequestLog(103)) - Jetty request log can only be enabled using Log4j
2022-11-04 13:16:32,479 [Listener at 127.0.0.1/35095] INFO  http.HttpServer2 (HttpServer2.java:addGlobalFilter(1031)) - Added global filter 'safety' (class=org.apache.hadoop.hdds.server.http.HttpServer2$QuotingInputFilter)
2022-11-04 13:16:32,480 [Listener at 127.0.0.1/35095] INFO  http.HttpServer2 (HttpServer2.java:addFilter(1007)) - Added filter static_user_filter (class=org.apache.hadoop.http.lib.StaticUserWebFilter$StaticUserFilter) to context hddsDatanode
2022-11-04 13:16:32,480 [Listener at 127.0.0.1/35095] INFO  http.HttpServer2 (HttpServer2.java:addFilter(1015)) - Added filter static_user_filter (class=org.apache.hadoop.http.lib.StaticUserWebFilter$StaticUserFilter) to context logs
2022-11-04 13:16:32,480 [Listener at 127.0.0.1/35095] INFO  http.HttpServer2 (HttpServer2.java:addFilter(1015)) - Added filter static_user_filter (class=org.apache.hadoop.http.lib.StaticUserWebFilter$StaticUserFilter) to context static
2022-11-04 13:16:32,481 [Listener at 127.0.0.1/35095] INFO  http.HttpServer2 (HttpServer2.java:bindListener(1250)) - Jetty bound to port 42765
2022-11-04 13:16:32,481 [Listener at 127.0.0.1/35095] INFO  server.Server (Server.java:doStart(375)) - jetty-9.4.49.v20220914; built: 2022-09-14T01:07:36.601Z; git: 4231a3b2e4cb8548a412a789936d640a97b1aa0a; jvm 1.8.0_345-b01
2022-11-04 13:16:32,486 [Listener at 127.0.0.1/35095] INFO  server.session (DefaultSessionIdManager.java:doStart(334)) - DefaultSessionIdManager workerName=node0
2022-11-04 13:16:32,486 [Listener at 127.0.0.1/35095] INFO  server.session (DefaultSessionIdManager.java:doStart(339)) - No SessionScavenger set, using defaults
2022-11-04 13:16:32,486 [Listener at 127.0.0.1/35095] INFO  server.session (HouseKeeper.java:startScavenging(132)) - node0 Scavenging every 660000ms
2022-11-04 13:16:32,487 [Listener at 127.0.0.1/35095] INFO  handler.ContextHandler (ContextHandler.java:doStart(921)) - Started o.e.j.s.ServletContextHandler@a477d22{logs,/logs,file:///home/runner/work/ozone/ozone/hadoop-ozone/integration-test/target/log,AVAILABLE}
2022-11-04 13:16:32,487 [Listener at 127.0.0.1/35095] INFO  handler.ContextHandler (ContextHandler.java:doStart(921)) - Started o.e.j.s.ServletContextHandler@1c57062c{static,/static,jar:file:/home/runner/.m2/repository/org/apache/ozone/hdds-container-service/1.3.0-SNAPSHOT/hdds-container-service-1.3.0-SNAPSHOT.jar!/webapps/static,AVAILABLE}
2022-11-04 13:16:32,666 [Listener at 127.0.0.1/35095] INFO  handler.ContextHandler (ContextHandler.java:doStart(921)) - Started o.e.j.w.WebAppContext@2f7cf665{hddsDatanode,/,file:///tmp/jetty-0_0_0_0-42765-hdds-container-service-1_3_0-SNAPSHOT_jar-_-any-922163853796918018/webapp/,AVAILABLE}{jar:file:/home/runner/.m2/repository/org/apache/ozone/hdds-container-service/1.3.0-SNAPSHOT/hdds-container-service-1.3.0-SNAPSHOT.jar!/webapps/hddsDatanode}
2022-11-04 13:16:32,668 [Listener at 127.0.0.1/35095] INFO  server.AbstractConnector (AbstractConnector.java:doStart(333)) - Started ServerConnector@18ae9e1b{HTTP/1.1, (http/1.1)}{0.0.0.0:42765}
2022-11-04 13:16:32,669 [Listener at 127.0.0.1/35095] INFO  server.Server (Server.java:doStart(415)) - Started @7814ms
2022-11-04 13:16:32,669 [Listener at 127.0.0.1/35095] WARN  impl.MetricsSystemImpl (MetricsSystemImpl.java:register(279)) - Sink prometheus already exists!
2022-11-04 13:16:32,669 [Listener at 127.0.0.1/35095] INFO  http.BaseHttpServer (BaseHttpServer.java:updateConnectorAddress(333)) - HTTP server of hddsDatanode listening at http://0.0.0.0:42765
2022-11-04 13:16:32,673 [Listener at 127.0.0.1/35095] WARN  impl.MetricRegistriesImpl (MetricRegistriesImpl.java:addReporterRegistration(111)) - New reporters are added after registries were created. Some metrics will be missing from the reporter. Please add reporter before adding any new registry.
2022-11-04 13:16:32,673 [Listener at 127.0.0.1/35095] WARN  impl.MetricRegistriesImpl (MetricRegistriesImpl.java:addReporterRegistration(111)) - New reporters are added after registries were created. Some metrics will be missing from the reporter. Please add reporter before adding any new registry.
2022-11-04 13:16:32,673 [Listener at 127.0.0.1/35095] INFO  impl.MetricsSystemImpl (MetricsSystemImpl.java:init(158)) - HddsDatanode metrics system started (again)
2022-11-04 13:16:32,677 [Datanode State Machine Daemon Thread] INFO  statemachine.DatanodeStateMachine (DatanodeStateMachine.java:lambda$startDaemon$0(505)) - Ozone container server started.
2022-11-04 13:16:32,686 [Listener at 127.0.0.1/35095] INFO  ozone.HddsDatanodeService (HddsDatanodeService.java:start(236)) - HddsDatanodeService host:fv-az443-313.ap2fcshprsnunfx25e1aelzb4b.cx.internal.cloudapp.net ip:10.1.1.104
2022-11-04 13:16:32,704 [org.apache.hadoop.util.JvmPauseMonitor$Monitor@298ff7eb] INFO  util.JvmPauseMonitor (JvmPauseMonitor.java:run(188)) - Starting JVM pause monitor
2022-11-04 13:16:32,708 [Listener at 127.0.0.1/35095] INFO  upgrade.AbstractLayoutVersionManager (AbstractLayoutVersionManager.java:init(83)) - Initializing Layout version manager with metadata layout = DATANODE_SCHEMA_V3 (version = 4), software layout = DATANODE_SCHEMA_V3 (version = 4)
2022-11-04 13:16:32,765 [Listener at 127.0.0.1/35095] INFO  reflections.Reflections (Reflections.java:scan(232)) - Reflections took 56 ms to scan 7 urls, producing 139 keys and 336 values 
2022-11-04 13:16:32,769 [Listener at 127.0.0.1/35095] INFO  statemachine.DatanodeStateMachine (DatanodeStateMachine.java:getEndPointTaskThreadPoolSize(245)) - Datanode State Machine Task Thread Pool size 2
2022-11-04 13:16:32,772 [Listener at 127.0.0.1/35095] INFO  volume.HddsVolume (HddsVolume.java:<init>(117)) - Creating HddsVolume: /home/runner/work/ozone/ozone/hadoop-ozone/integration-test/target/test-dir/MiniOzoneClusterImpl-0c0bfa66-1f5b-4f11-9fe6-cbebe0503434/datanode-1/data-0/containers/hdds of storage type : DISK capacity : 9223372036854775807
2022-11-04 13:16:32,772 [Listener at 127.0.0.1/35095] INFO  volume.MutableVolumeSet (MutableVolumeSet.java:initializeVolumeSet(174)) - Added Volume : /home/runner/work/ozone/ozone/hadoop-ozone/integration-test/target/test-dir/MiniOzoneClusterImpl-0c0bfa66-1f5b-4f11-9fe6-cbebe0503434/datanode-1/data-0/containers/hdds to VolumeSet
2022-11-04 13:16:32,772 [Listener at 127.0.0.1/35095] INFO  volume.ThrottledAsyncChecker (ThrottledAsyncChecker.java:schedule(141)) - Scheduling a check for /home/runner/work/ozone/ozone/hadoop-ozone/integration-test/target/test-dir/MiniOzoneClusterImpl-0c0bfa66-1f5b-4f11-9fe6-cbebe0503434/datanode-1/data-0/containers/hdds
2022-11-04 13:16:32,784 [Listener at 127.0.0.1/35095] INFO  volume.StorageVolumeChecker (StorageVolumeChecker.java:checkAllVolumes(202)) - Scheduled health check for volume /home/runner/work/ozone/ozone/hadoop-ozone/integration-test/target/test-dir/MiniOzoneClusterImpl-0c0bfa66-1f5b-4f11-9fe6-cbebe0503434/datanode-1/data-0/containers/hdds
2022-11-04 13:16:32,795 [Listener at 127.0.0.1/35095] INFO  volume.MutableVolumeSet (MutableVolumeSet.java:initializeVolumeSet(174)) - Added Volume : /home/runner/work/ozone/ozone/hadoop-ozone/integration-test/target/test-dir/MiniOzoneClusterImpl-0c0bfa66-1f5b-4f11-9fe6-cbebe0503434/datanode-1/data/ratis to VolumeSet
2022-11-04 13:16:32,796 [Listener at 127.0.0.1/35095] INFO  volume.ThrottledAsyncChecker (ThrottledAsyncChecker.java:schedule(141)) - Scheduling a check for /home/runner/work/ozone/ozone/hadoop-ozone/integration-test/target/test-dir/MiniOzoneClusterImpl-0c0bfa66-1f5b-4f11-9fe6-cbebe0503434/datanode-1/data/ratis
2022-11-04 13:16:32,808 [Listener at 127.0.0.1/35095] INFO  volume.StorageVolumeChecker (StorageVolumeChecker.java:checkAllVolumes(202)) - Scheduled health check for volume /home/runner/work/ozone/ozone/hadoop-ozone/integration-test/target/test-dir/MiniOzoneClusterImpl-0c0bfa66-1f5b-4f11-9fe6-cbebe0503434/datanode-1/data/ratis
2022-11-04 13:16:32,827 [Thread-149] INFO  ozoneimpl.ContainerReader (ContainerReader.java:readVolume(175)) - Finish verifying containers on volume /home/runner/work/ozone/ozone/hadoop-ozone/integration-test/target/test-dir/MiniOzoneClusterImpl-0c0bfa66-1f5b-4f11-9fe6-cbebe0503434/datanode-1/data-0/containers/hdds
2022-11-04 13:16:32,827 [Listener at 127.0.0.1/35095] INFO  ozoneimpl.OzoneContainer (OzoneContainer.java:buildContainerSet(300)) - Build ContainerSet costs 0s
2022-11-04 13:16:32,831 [Listener at 127.0.0.1/35095] INFO  server.RaftServer (ConfUtils.java:logGet(46)) - raft.rpc.type = GRPC (default)
2022-11-04 13:16:32,831 [Listener at 127.0.0.1/35095] INFO  grpc.GrpcConfigKeys (ConfUtils.java:logFallback(53)) - raft.grpc.admin.host = null (fallback to raft.grpc.server.host)
2022-11-04 13:16:32,831 [Listener at 127.0.0.1/35095] INFO  grpc.GrpcConfigKeys (ConfUtils.java:logGet(46)) - raft.grpc.admin.port = 0 (custom)
2022-11-04 13:16:32,831 [Listener at 127.0.0.1/35095] INFO  grpc.GrpcConfigKeys (ConfUtils.java:logFallback(53)) - raft.grpc.client.host = null (fallback to raft.grpc.server.host)
2022-11-04 13:16:32,832 [Listener at 127.0.0.1/35095] INFO  grpc.GrpcConfigKeys (ConfUtils.java:logGet(46)) - raft.grpc.client.port = 0 (custom)
2022-11-04 13:16:32,832 [Listener at 127.0.0.1/35095] INFO  grpc.GrpcConfigKeys (ConfUtils.java:logGet(46)) - raft.grpc.server.host = null (default)
2022-11-04 13:16:32,832 [Listener at 127.0.0.1/35095] INFO  grpc.GrpcConfigKeys (ConfUtils.java:logGet(46)) - raft.grpc.server.port = 0 (default)
2022-11-04 13:16:32,832 [Listener at 127.0.0.1/35095] INFO  server.GrpcService (ConfUtils.java:logGet(46)) - raft.grpc.message.size.max = 32MB (=33554432) (custom)
2022-11-04 13:16:32,832 [Listener at 127.0.0.1/35095] INFO  server.RaftServerConfigKeys (ConfUtils.java:logGet(46)) - raft.server.log.appender.buffer.byte-limit = 33554432 (custom)
2022-11-04 13:16:32,832 [Listener at 127.0.0.1/35095] INFO  server.GrpcService (ConfUtils.java:logGet(46)) - raft.grpc.flow.control.window = 5MB (=5242880) (custom)
2022-11-04 13:16:32,832 [Listener at 127.0.0.1/35095] INFO  server.RaftServerConfigKeys (ConfUtils.java:logGet(46)) - raft.server.rpc.request.timeout = 60s (custom)
2022-11-04 13:16:32,833 [Listener at 127.0.0.1/35095] INFO  grpc.GrpcConfigKeys (ConfUtils.java:logGet(46)) - raft.grpc.server.heartbeat.channel = true (default)
2022-11-04 13:16:32,833 [Listener at 127.0.0.1/35095] INFO  grpc.GrpcConfigKeys (ConfUtils.java:logGet(46)) - raft.grpc.server.async.request.thread.pool.cached = true (default)
2022-11-04 13:16:32,833 [Listener at 127.0.0.1/35095] INFO  grpc.GrpcConfigKeys (ConfUtils.java:logGet(46)) - raft.grpc.server.async.request.thread.pool.size = 32 (default)
2022-11-04 13:16:32,834 [Listener at 127.0.0.1/35095] INFO  impl.DataStreamServerImpl (ConfUtils.java:logGet(46)) - raft.datastream.type = DISABLED (default)
2022-11-04 13:16:32,834 [Listener at 127.0.0.1/35095] INFO  server.RaftServerConfigKeys (ConfUtils.java:logGet(46)) - raft.server.threadpool.proxy.cached = true (default)
2022-11-04 13:16:32,834 [Listener at 127.0.0.1/35095] INFO  server.RaftServerConfigKeys (ConfUtils.java:logGet(46)) - raft.server.threadpool.proxy.size = 0 (default)
2022-11-04 13:16:32,834 [Listener at 127.0.0.1/35095] INFO  server.RaftServerConfigKeys (ConfUtils.java:logGet(46)) - raft.server.rpc.slowness.timeout = 300s (custom)
2022-11-04 13:16:32,834 [Listener at 127.0.0.1/35095] INFO  server.RaftServerConfigKeys (ConfUtils.java:logGet(46)) - raft.server.leaderelection.leader.step-down.wait-time = 10s (default)
2022-11-04 13:16:32,835 [Listener at 127.0.0.1/35095] INFO  server.RaftServerConfigKeys (ConfUtils.java:logGet(46)) - raft.server.storage.dir = [/home/runner/work/ozone/ozone/hadoop-ozone/integration-test/target/test-dir/MiniOzoneClusterImpl-0c0bfa66-1f5b-4f11-9fe6-cbebe0503434/datanode-1/data/ratis] (custom)
2022-11-04 13:16:32,842 [Listener at 127.0.0.1/35095] INFO  server.XceiverServerGrpc (XceiverServerGrpc.java:<init>(132)) - GrpcServer channel type EpollServerSocketChannel
2022-11-04 13:16:32,845 [Datanode State Machine Task Thread - 0] INFO  datanode.InitDatanodeState (InitDatanodeState.java:persistContainerDatanodeDetails(138)) - DatanodeDetails is persisted to /home/runner/work/ozone/ozone/hadoop-ozone/integration-test/target/test-dir/MiniOzoneClusterImpl-0c0bfa66-1f5b-4f11-9fe6-cbebe0503434/datanode-0/meta/datanode.id
2022-11-04 13:16:32,853 [Listener at 127.0.0.1/35095] INFO  http.BaseHttpServer (BaseHttpServer.java:newHttpServer2BuilderForOzone(213)) - Starting Web-server for hddsDatanode at: http://0.0.0.0:0
2022-11-04 13:16:32,853 [Listener at 127.0.0.1/35095] INFO  http.BaseHttpServer (BaseHttpServer.java:<init>(108)) - Hadoop Security Enabled: false Ozone Security Enabled: false Ozone HTTP Security Enabled: false 
2022-11-04 13:16:32,855 [Listener at 127.0.0.1/35095] WARN  server.AuthenticationFilter (AuthenticationFilter.java:constructSecretProvider(240)) - Unable to initialize FileSignerSecretProvider, falling back to use random secrets. Reason: Could not read signature secret file: /home/runner/hadoop-http-auth-signature-secret
2022-11-04 13:16:32,859 [Listener at 127.0.0.1/35095] WARN  http.HttpRequestLog (HttpRequestLog.java:getRequestLog(103)) - Jetty request log can only be enabled using Log4j
2022-11-04 13:16:32,862 [Listener at 127.0.0.1/35095] INFO  http.HttpServer2 (HttpServer2.java:addGlobalFilter(1031)) - Added global filter 'safety' (class=org.apache.hadoop.hdds.server.http.HttpServer2$QuotingInputFilter)
2022-11-04 13:16:32,863 [Listener at 127.0.0.1/35095] INFO  http.HttpServer2 (HttpServer2.java:addFilter(1007)) - Added filter static_user_filter (class=org.apache.hadoop.http.lib.StaticUserWebFilter$StaticUserFilter) to context hddsDatanode
2022-11-04 13:16:32,863 [Listener at 127.0.0.1/35095] INFO  http.HttpServer2 (HttpServer2.java:addFilter(1015)) - Added filter static_user_filter (class=org.apache.hadoop.http.lib.StaticUserWebFilter$StaticUserFilter) to context static
2022-11-04 13:16:32,863 [Listener at 127.0.0.1/35095] INFO  http.HttpServer2 (HttpServer2.java:addFilter(1015)) - Added filter static_user_filter (class=org.apache.hadoop.http.lib.StaticUserWebFilter$StaticUserFilter) to context logs
2022-11-04 13:16:32,864 [Listener at 127.0.0.1/35095] INFO  http.HttpServer2 (HttpServer2.java:bindListener(1250)) - Jetty bound to port 36897
2022-11-04 13:16:32,864 [Listener at 127.0.0.1/35095] INFO  server.Server (Server.java:doStart(375)) - jetty-9.4.49.v20220914; built: 2022-09-14T01:07:36.601Z; git: 4231a3b2e4cb8548a412a789936d640a97b1aa0a; jvm 1.8.0_345-b01
2022-11-04 13:16:32,866 [Listener at 127.0.0.1/35095] INFO  server.session (DefaultSessionIdManager.java:doStart(334)) - DefaultSessionIdManager workerName=node0
2022-11-04 13:16:32,866 [Listener at 127.0.0.1/35095] INFO  server.session (DefaultSessionIdManager.java:doStart(339)) - No SessionScavenger set, using defaults
2022-11-04 13:16:32,866 [Listener at 127.0.0.1/35095] INFO  server.session (HouseKeeper.java:startScavenging(132)) - node0 Scavenging every 660000ms
2022-11-04 13:16:32,867 [Listener at 127.0.0.1/35095] INFO  handler.ContextHandler (ContextHandler.java:doStart(921)) - Started o.e.j.s.ServletContextHandler@2d5edbad{logs,/logs,file:///home/runner/work/ozone/ozone/hadoop-ozone/integration-test/target/log,AVAILABLE}
2022-11-04 13:16:32,868 [Listener at 127.0.0.1/35095] INFO  handler.ContextHandler (ContextHandler.java:doStart(921)) - Started o.e.j.s.ServletContextHandler@4c9d87ff{static,/static,jar:file:/home/runner/.m2/repository/org/apache/ozone/hdds-container-service/1.3.0-SNAPSHOT/hdds-container-service-1.3.0-SNAPSHOT.jar!/webapps/static,AVAILABLE}
2022-11-04 13:16:32,941 [om1@group-C5BA1605619E-FollowerState] INFO  impl.FollowerState (FollowerState.java:run(143)) - om1@group-C5BA1605619E-FollowerState: change to CANDIDATE, lastRpcElapsedTime:1155197746ns, electionTimeout:1146ms
2022-11-04 13:16:32,943 [om1@group-C5BA1605619E-FollowerState] INFO  impl.RoleInfo (RoleInfo.java:shutdownFollowerState(110)) - om1: shutdown om1@group-C5BA1605619E-FollowerState
2022-11-04 13:16:32,944 [om1@group-C5BA1605619E-FollowerState] INFO  server.RaftServer$Division (RaftServerImpl.java:setRole(321)) - om1@group-C5BA1605619E: changes role from  FOLLOWER to CANDIDATE at term 0 for changeToCandidate
2022-11-04 13:16:32,946 [om1@group-C5BA1605619E-FollowerState] INFO  server.RaftServerConfigKeys (ConfUtils.java:logGet(46)) - raft.server.leaderelection.pre-vote = false (custom)
2022-11-04 13:16:32,947 [om1@group-C5BA1605619E-FollowerState] INFO  impl.RoleInfo (RoleInfo.java:updateAndGet(139)) - om1: start om1@group-C5BA1605619E-LeaderElection1
2022-11-04 13:16:32,965 [om1@group-C5BA1605619E-LeaderElection1] INFO  impl.LeaderElection (LeaderElection.java:askForVotes(312)) - om1@group-C5BA1605619E-LeaderElection1 ELECTION round 0: submit vote requests at term 1 for -1: peers:[om1|rpc:localhost:9872|priority:0|startupRole:FOLLOWER]|listeners:[], old=null
2022-11-04 13:16:32,966 [om1@group-C5BA1605619E-LeaderElection1] INFO  impl.LeaderElection (LeaderElection.java:askForVotes(314)) - om1@group-C5BA1605619E-LeaderElection1 ELECTION round 0: result PASSED (term=1)
2022-11-04 13:16:32,968 [om1@group-C5BA1605619E-LeaderElection1] INFO  impl.RoleInfo (RoleInfo.java:shutdownLeaderElection(130)) - om1: shutdown om1@group-C5BA1605619E-LeaderElection1
2022-11-04 13:16:32,970 [om1@group-C5BA1605619E-LeaderElection1] INFO  server.RaftServer$Division (RaftServerImpl.java:setRole(321)) - om1@group-C5BA1605619E: changes role from CANDIDATE to LEADER at term 1 for changeToLeader
2022-11-04 13:16:32,971 [om1@group-C5BA1605619E-LeaderElection1] INFO  server.RaftServer$Division (ServerState.java:setLeader(313)) - om1@group-C5BA1605619E: change Leader from null to om1 at term 1 for becomeLeader, leader elected after 2276ms
2022-11-04 13:16:32,982 [om1@group-C5BA1605619E-LeaderElection1] INFO  server.RaftServerConfigKeys (ConfUtils.java:logGet(46)) - raft.server.staging.catchup.gap = 1000 (default)
2022-11-04 13:16:32,994 [om1@group-C5BA1605619E-LeaderElection1] INFO  server.RaftServerConfigKeys (ConfUtils.java:logGet(46)) - raft.server.write.element-limit = 4096 (default)
2022-11-04 13:16:32,994 [om1@group-C5BA1605619E-LeaderElection1] INFO  server.RaftServerConfigKeys (ConfUtils.java:logGet(46)) - raft.server.write.byte-limit = 64MB (=67108864) (default)
2022-11-04 13:16:33,005 [om1@group-C5BA1605619E-LeaderElection1] INFO  server.RaftServerConfigKeys (ConfUtils.java:logGet(46)) - raft.server.watch.timeout = 10s (default)
2022-11-04 13:16:33,007 [om1@group-C5BA1605619E-LeaderElection1] INFO  server.RaftServerConfigKeys (ConfUtils.java:logGet(46)) - raft.server.watch.timeout.denomination = 1s (default)
2022-11-04 13:16:33,007 [om1@group-C5BA1605619E-LeaderElection1] INFO  server.RaftServerConfigKeys (ConfUtils.java:logGet(46)) - raft.server.watch.element-limit = 65536 (default)
2022-11-04 13:16:33,020 [om1@group-C5BA1605619E-LeaderElection1] INFO  server.RaftServerConfigKeys (ConfUtils.java:logGet(46)) - raft.server.write.element-limit = 4096 (default)
2022-11-04 13:16:33,025 [om1@group-C5BA1605619E-LeaderElection1] INFO  server.RaftServerConfigKeys (ConfUtils.java:logGet(46)) - raft.server.write.follower.gap.ratio.max = -1.0 (default)
2022-11-04 13:16:33,032 [om1@group-C5BA1605619E-LeaderElection1] INFO  impl.RoleInfo (RoleInfo.java:updateAndGet(139)) - om1: start om1@group-C5BA1605619E-LeaderStateImpl
2022-11-04 13:16:33,059 [Listener at 127.0.0.1/35095] INFO  handler.ContextHandler (ContextHandler.java:doStart(921)) - Started o.e.j.w.WebAppContext@d13d812{hddsDatanode,/,file:///tmp/jetty-0_0_0_0-36897-hdds-container-service-1_3_0-SNAPSHOT_jar-_-any-7238360079690407857/webapp/,AVAILABLE}{jar:file:/home/runner/.m2/repository/org/apache/ozone/hdds-container-service/1.3.0-SNAPSHOT/hdds-container-service-1.3.0-SNAPSHOT.jar!/webapps/hddsDatanode}
2022-11-04 13:16:33,063 [Listener at 127.0.0.1/35095] INFO  server.AbstractConnector (AbstractConnector.java:doStart(333)) - Started ServerConnector@4260f222{HTTP/1.1, (http/1.1)}{0.0.0.0:36897}
2022-11-04 13:16:33,063 [Listener at 127.0.0.1/35095] INFO  server.Server (Server.java:doStart(415)) - Started @8209ms
2022-11-04 13:16:33,063 [Listener at 127.0.0.1/35095] WARN  impl.MetricsSystemImpl (MetricsSystemImpl.java:register(279)) - Sink prometheus already exists!
2022-11-04 13:16:33,066 [Listener at 127.0.0.1/35095] INFO  http.BaseHttpServer (BaseHttpServer.java:updateConnectorAddress(333)) - HTTP server of hddsDatanode listening at http://0.0.0.0:36897
2022-11-04 13:16:33,072 [Listener at 127.0.0.1/35095] WARN  impl.MetricRegistriesImpl (MetricRegistriesImpl.java:addReporterRegistration(111)) - New reporters are added after registries were created. Some metrics will be missing from the reporter. Please add reporter before adding any new registry.
2022-11-04 13:16:33,072 [Listener at 127.0.0.1/35095] WARN  impl.MetricRegistriesImpl (MetricRegistriesImpl.java:addReporterRegistration(111)) - New reporters are added after registries were created. Some metrics will be missing from the reporter. Please add reporter before adding any new registry.
2022-11-04 13:16:33,072 [Listener at 127.0.0.1/35095] INFO  impl.MetricsSystemImpl (MetricsSystemImpl.java:init(158)) - HddsDatanode metrics system started (again)
2022-11-04 13:16:33,072 [Datanode State Machine Daemon Thread] INFO  statemachine.DatanodeStateMachine (DatanodeStateMachine.java:lambda$startDaemon$0(505)) - Ozone container server started.
2022-11-04 13:16:33,084 [Listener at 127.0.0.1/35095] INFO  ozone.HddsDatanodeService (HddsDatanodeService.java:start(236)) - HddsDatanodeService host:fv-az443-313.ap2fcshprsnunfx25e1aelzb4b.cx.internal.cloudapp.net ip:10.1.1.104
2022-11-04 13:16:33,096 [om1@group-C5BA1605619E-LeaderElection1] INFO  segmented.SegmentedRaftLogWorker (SegmentedRaftLogWorker.java:startLogSegment(452)) - om1@group-C5BA1605619E-SegmentedRaftLogWorker: Starting segment from index:0
2022-11-04 13:16:33,097 [org.apache.hadoop.util.JvmPauseMonitor$Monitor@7c9e810b] INFO  util.JvmPauseMonitor (JvmPauseMonitor.java:run(188)) - Starting JVM pause monitor
2022-11-04 13:16:33,113 [Listener at 127.0.0.1/35095] INFO  upgrade.AbstractLayoutVersionManager (AbstractLayoutVersionManager.java:init(83)) - Initializing Layout version manager with metadata layout = DATANODE_SCHEMA_V3 (version = 4), software layout = DATANODE_SCHEMA_V3 (version = 4)
2022-11-04 13:16:33,131 [Datanode State Machine Task Thread - 0] INFO  datanode.InitDatanodeState (InitDatanodeState.java:persistContainerDatanodeDetails(138)) - DatanodeDetails is persisted to /home/runner/work/ozone/ozone/hadoop-ozone/integration-test/target/test-dir/MiniOzoneClusterImpl-0c0bfa66-1f5b-4f11-9fe6-cbebe0503434/datanode-1/meta/datanode.id
2022-11-04 13:16:33,201 [Listener at 127.0.0.1/35095] INFO  reflections.Reflections (Reflections.java:scan(232)) - Reflections took 85 ms to scan 7 urls, producing 139 keys and 336 values 
2022-11-04 13:16:33,203 [Listener at 127.0.0.1/35095] INFO  statemachine.DatanodeStateMachine (DatanodeStateMachine.java:getEndPointTaskThreadPoolSize(245)) - Datanode State Machine Task Thread Pool size 2
2022-11-04 13:16:33,206 [Listener at 127.0.0.1/35095] INFO  volume.HddsVolume (HddsVolume.java:<init>(117)) - Creating HddsVolume: /home/runner/work/ozone/ozone/hadoop-ozone/integration-test/target/test-dir/MiniOzoneClusterImpl-0c0bfa66-1f5b-4f11-9fe6-cbebe0503434/datanode-2/data-0/containers/hdds of storage type : DISK capacity : 9223372036854775807
2022-11-04 13:16:33,207 [Listener at 127.0.0.1/35095] INFO  volume.MutableVolumeSet (MutableVolumeSet.java:initializeVolumeSet(174)) - Added Volume : /home/runner/work/ozone/ozone/hadoop-ozone/integration-test/target/test-dir/MiniOzoneClusterImpl-0c0bfa66-1f5b-4f11-9fe6-cbebe0503434/datanode-2/data-0/containers/hdds to VolumeSet
2022-11-04 13:16:33,207 [Listener at 127.0.0.1/35095] INFO  volume.ThrottledAsyncChecker (ThrottledAsyncChecker.java:schedule(141)) - Scheduling a check for /home/runner/work/ozone/ozone/hadoop-ozone/integration-test/target/test-dir/MiniOzoneClusterImpl-0c0bfa66-1f5b-4f11-9fe6-cbebe0503434/datanode-2/data-0/containers/hdds
2022-11-04 13:16:33,227 [om1@group-C5BA1605619E-LeaderElection1] INFO  server.RaftServer$Division (ServerState.java:setRaftConf(430)) - om1@group-C5BA1605619E: set configuration 0: peers:[om1|rpc:localhost:9872|admin:|client:|dataStream:|priority:0|startupRole:FOLLOWER]|listeners:[], old=null
2022-11-04 13:16:33,228 [Listener at 127.0.0.1/35095] INFO  volume.StorageVolumeChecker (StorageVolumeChecker.java:checkAllVolumes(202)) - Scheduled health check for volume /home/runner/work/ozone/ozone/hadoop-ozone/integration-test/target/test-dir/MiniOzoneClusterImpl-0c0bfa66-1f5b-4f11-9fe6-cbebe0503434/datanode-2/data-0/containers/hdds
2022-11-04 13:16:33,240 [Listener at 127.0.0.1/35095] INFO  volume.MutableVolumeSet (MutableVolumeSet.java:initializeVolumeSet(174)) - Added Volume : /home/runner/work/ozone/ozone/hadoop-ozone/integration-test/target/test-dir/MiniOzoneClusterImpl-0c0bfa66-1f5b-4f11-9fe6-cbebe0503434/datanode-2/data/ratis to VolumeSet
2022-11-04 13:16:33,240 [Listener at 127.0.0.1/35095] INFO  volume.ThrottledAsyncChecker (ThrottledAsyncChecker.java:schedule(141)) - Scheduling a check for /home/runner/work/ozone/ozone/hadoop-ozone/integration-test/target/test-dir/MiniOzoneClusterImpl-0c0bfa66-1f5b-4f11-9fe6-cbebe0503434/datanode-2/data/ratis
2022-11-04 13:16:33,240 [Listener at 127.0.0.1/35095] INFO  volume.StorageVolumeChecker (StorageVolumeChecker.java:checkAllVolumes(202)) - Scheduled health check for volume /home/runner/work/ozone/ozone/hadoop-ozone/integration-test/target/test-dir/MiniOzoneClusterImpl-0c0bfa66-1f5b-4f11-9fe6-cbebe0503434/datanode-2/data/ratis
2022-11-04 13:16:33,251 [Thread-164] INFO  ozoneimpl.ContainerReader (ContainerReader.java:readVolume(175)) - Finish verifying containers on volume /home/runner/work/ozone/ozone/hadoop-ozone/integration-test/target/test-dir/MiniOzoneClusterImpl-0c0bfa66-1f5b-4f11-9fe6-cbebe0503434/datanode-2/data-0/containers/hdds
2022-11-04 13:16:33,252 [Listener at 127.0.0.1/35095] INFO  ozoneimpl.OzoneContainer (OzoneContainer.java:buildContainerSet(300)) - Build ContainerSet costs 0s
2022-11-04 13:16:33,255 [Listener at 127.0.0.1/35095] INFO  server.RaftServer (ConfUtils.java:logGet(46)) - raft.rpc.type = GRPC (default)
2022-11-04 13:16:33,255 [Listener at 127.0.0.1/35095] INFO  grpc.GrpcConfigKeys (ConfUtils.java:logFallback(53)) - raft.grpc.admin.host = null (fallback to raft.grpc.server.host)
2022-11-04 13:16:33,255 [Listener at 127.0.0.1/35095] INFO  grpc.GrpcConfigKeys (ConfUtils.java:logGet(46)) - raft.grpc.admin.port = 0 (custom)
2022-11-04 13:16:33,255 [Listener at 127.0.0.1/35095] INFO  grpc.GrpcConfigKeys (ConfUtils.java:logFallback(53)) - raft.grpc.client.host = null (fallback to raft.grpc.server.host)
2022-11-04 13:16:33,255 [Listener at 127.0.0.1/35095] INFO  grpc.GrpcConfigKeys (ConfUtils.java:logGet(46)) - raft.grpc.client.port = 0 (custom)
2022-11-04 13:16:33,255 [Listener at 127.0.0.1/35095] INFO  grpc.GrpcConfigKeys (ConfUtils.java:logGet(46)) - raft.grpc.server.host = null (default)
2022-11-04 13:16:33,256 [Listener at 127.0.0.1/35095] INFO  grpc.GrpcConfigKeys (ConfUtils.java:logGet(46)) - raft.grpc.server.port = 0 (default)
2022-11-04 13:16:33,256 [Listener at 127.0.0.1/35095] INFO  server.GrpcService (ConfUtils.java:logGet(46)) - raft.grpc.message.size.max = 32MB (=33554432) (custom)
2022-11-04 13:16:33,256 [Listener at 127.0.0.1/35095] INFO  server.RaftServerConfigKeys (ConfUtils.java:logGet(46)) - raft.server.log.appender.buffer.byte-limit = 33554432 (custom)
2022-11-04 13:16:33,256 [Listener at 127.0.0.1/35095] INFO  server.GrpcService (ConfUtils.java:logGet(46)) - raft.grpc.flow.control.window = 5MB (=5242880) (custom)
2022-11-04 13:16:33,256 [Listener at 127.0.0.1/35095] INFO  server.RaftServerConfigKeys (ConfUtils.java:logGet(46)) - raft.server.rpc.request.timeout = 60s (custom)
2022-11-04 13:16:33,256 [Listener at 127.0.0.1/35095] INFO  grpc.GrpcConfigKeys (ConfUtils.java:logGet(46)) - raft.grpc.server.heartbeat.channel = true (default)
2022-11-04 13:16:33,256 [Listener at 127.0.0.1/35095] INFO  grpc.GrpcConfigKeys (ConfUtils.java:logGet(46)) - raft.grpc.server.async.request.thread.pool.cached = true (default)
2022-11-04 13:16:33,258 [Listener at 127.0.0.1/35095] INFO  grpc.GrpcConfigKeys (ConfUtils.java:logGet(46)) - raft.grpc.server.async.request.thread.pool.size = 32 (default)
2022-11-04 13:16:33,260 [Listener at 127.0.0.1/35095] INFO  impl.DataStreamServerImpl (ConfUtils.java:logGet(46)) - raft.datastream.type = DISABLED (default)
2022-11-04 13:16:33,260 [Listener at 127.0.0.1/35095] INFO  server.RaftServerConfigKeys (ConfUtils.java:logGet(46)) - raft.server.threadpool.proxy.cached = true (default)
2022-11-04 13:16:33,260 [Listener at 127.0.0.1/35095] INFO  server.RaftServerConfigKeys (ConfUtils.java:logGet(46)) - raft.server.threadpool.proxy.size = 0 (default)
2022-11-04 13:16:33,260 [Listener at 127.0.0.1/35095] INFO  server.RaftServerConfigKeys (ConfUtils.java:logGet(46)) - raft.server.rpc.slowness.timeout = 300s (custom)
2022-11-04 13:16:33,260 [Listener at 127.0.0.1/35095] INFO  server.RaftServerConfigKeys (ConfUtils.java:logGet(46)) - raft.server.leaderelection.leader.step-down.wait-time = 10s (default)
2022-11-04 13:16:33,261 [Listener at 127.0.0.1/35095] INFO  server.RaftServerConfigKeys (ConfUtils.java:logGet(46)) - raft.server.storage.dir = [/home/runner/work/ozone/ozone/hadoop-ozone/integration-test/target/test-dir/MiniOzoneClusterImpl-0c0bfa66-1f5b-4f11-9fe6-cbebe0503434/datanode-2/data/ratis] (custom)
2022-11-04 13:16:33,262 [Listener at 127.0.0.1/35095] INFO  server.XceiverServerGrpc (XceiverServerGrpc.java:<init>(132)) - GrpcServer channel type EpollServerSocketChannel
2022-11-04 13:16:33,270 [Listener at 127.0.0.1/35095] INFO  http.BaseHttpServer (BaseHttpServer.java:newHttpServer2BuilderForOzone(213)) - Starting Web-server for hddsDatanode at: http://0.0.0.0:0
2022-11-04 13:16:33,271 [Listener at 127.0.0.1/35095] INFO  http.BaseHttpServer (BaseHttpServer.java:<init>(108)) - Hadoop Security Enabled: false Ozone Security Enabled: false Ozone HTTP Security Enabled: false 
2022-11-04 13:16:33,272 [Listener at 127.0.0.1/35095] WARN  server.AuthenticationFilter (AuthenticationFilter.java:constructSecretProvider(240)) - Unable to initialize FileSignerSecretProvider, falling back to use random secrets. Reason: Could not read signature secret file: /home/runner/hadoop-http-auth-signature-secret
2022-11-04 13:16:33,276 [Listener at 127.0.0.1/35095] WARN  http.HttpRequestLog (HttpRequestLog.java:getRequestLog(103)) - Jetty request log can only be enabled using Log4j
2022-11-04 13:16:33,277 [Listener at 127.0.0.1/35095] INFO  http.HttpServer2 (HttpServer2.java:addGlobalFilter(1031)) - Added global filter 'safety' (class=org.apache.hadoop.hdds.server.http.HttpServer2$QuotingInputFilter)
2022-11-04 13:16:33,278 [Listener at 127.0.0.1/35095] INFO  http.HttpServer2 (HttpServer2.java:addFilter(1007)) - Added filter static_user_filter (class=org.apache.hadoop.http.lib.StaticUserWebFilter$StaticUserFilter) to context hddsDatanode
2022-11-04 13:16:33,278 [Listener at 127.0.0.1/35095] INFO  http.HttpServer2 (HttpServer2.java:addFilter(1015)) - Added filter static_user_filter (class=org.apache.hadoop.http.lib.StaticUserWebFilter$StaticUserFilter) to context static
2022-11-04 13:16:33,278 [Listener at 127.0.0.1/35095] INFO  http.HttpServer2 (HttpServer2.java:addFilter(1015)) - Added filter static_user_filter (class=org.apache.hadoop.http.lib.StaticUserWebFilter$StaticUserFilter) to context logs
2022-11-04 13:16:33,279 [Listener at 127.0.0.1/35095] INFO  http.HttpServer2 (HttpServer2.java:bindListener(1250)) - Jetty bound to port 45853
2022-11-04 13:16:33,279 [Listener at 127.0.0.1/35095] INFO  server.Server (Server.java:doStart(375)) - jetty-9.4.49.v20220914; built: 2022-09-14T01:07:36.601Z; git: 4231a3b2e4cb8548a412a789936d640a97b1aa0a; jvm 1.8.0_345-b01
2022-11-04 13:16:33,297 [om1@group-C5BA1605619E-SegmentedRaftLogWorker] INFO  segmented.SegmentedRaftLogWorker (SegmentedRaftLogWorker.java:execute(656)) - om1@group-C5BA1605619E-SegmentedRaftLogWorker: created new log segment /home/runner/work/ozone/ozone/hadoop-ozone/integration-test/target/test-dir/MiniOzoneClusterImpl-0c0bfa66-1f5b-4f11-9fe6-cbebe0503434/ozone-meta/ratis/bf265839-605b-3f16-9796-c5ba1605619e/current/log_inprogress_0
2022-11-04 13:16:33,312 [Listener at 127.0.0.1/35095] INFO  server.session (DefaultSessionIdManager.java:doStart(334)) - DefaultSessionIdManager workerName=node0
2022-11-04 13:16:33,313 [Listener at 127.0.0.1/35095] INFO  server.session (DefaultSessionIdManager.java:doStart(339)) - No SessionScavenger set, using defaults
2022-11-04 13:16:33,313 [Listener at 127.0.0.1/35095] INFO  server.session (HouseKeeper.java:startScavenging(132)) - node0 Scavenging every 600000ms
2022-11-04 13:16:33,315 [Listener at 127.0.0.1/35095] INFO  handler.ContextHandler (ContextHandler.java:doStart(921)) - Started o.e.j.s.ServletContextHandler@5ca758b9{logs,/logs,file:///home/runner/work/ozone/ozone/hadoop-ozone/integration-test/target/log,AVAILABLE}
2022-11-04 13:16:33,315 [Listener at 127.0.0.1/35095] INFO  handler.ContextHandler (ContextHandler.java:doStart(921)) - Started o.e.j.s.ServletContextHandler@55e4d821{static,/static,jar:file:/home/runner/.m2/repository/org/apache/ozone/hdds-container-service/1.3.0-SNAPSHOT/hdds-container-service-1.3.0-SNAPSHOT.jar!/webapps/static,AVAILABLE}
2022-11-04 13:16:33,418 [om1@group-C5BA1605619E-StateMachineUpdater] INFO  ratis.OzoneManagerStateMachine (OzoneManagerStateMachine.java:notifyConfigurationChanged(192)) - Received Configuration change notification from Ratis. New Peer list:
[id: "om1"
address: "localhost:9872"
startupRole: FOLLOWER
]
2022-11-04 13:16:33,496 [Listener at 127.0.0.1/35095] INFO  handler.ContextHandler (ContextHandler.java:doStart(921)) - Started o.e.j.w.WebAppContext@52c2906e{hddsDatanode,/,file:///tmp/jetty-0_0_0_0-45853-hdds-container-service-1_3_0-SNAPSHOT_jar-_-any-6275745697279559780/webapp/,AVAILABLE}{jar:file:/home/runner/.m2/repository/org/apache/ozone/hdds-container-service/1.3.0-SNAPSHOT/hdds-container-service-1.3.0-SNAPSHOT.jar!/webapps/hddsDatanode}
2022-11-04 13:16:33,497 [Listener at 127.0.0.1/35095] INFO  server.AbstractConnector (AbstractConnector.java:doStart(333)) - Started ServerConnector@6ffd0408{HTTP/1.1, (http/1.1)}{0.0.0.0:45853}
2022-11-04 13:16:33,498 [Listener at 127.0.0.1/35095] INFO  server.Server (Server.java:doStart(415)) - Started @8643ms
2022-11-04 13:16:33,498 [Listener at 127.0.0.1/35095] WARN  impl.MetricsSystemImpl (MetricsSystemImpl.java:register(279)) - Sink prometheus already exists!
2022-11-04 13:16:33,498 [Listener at 127.0.0.1/35095] INFO  http.BaseHttpServer (BaseHttpServer.java:updateConnectorAddress(333)) - HTTP server of hddsDatanode listening at http://0.0.0.0:45853
2022-11-04 13:16:33,499 [Datanode State Machine Daemon Thread] INFO  statemachine.DatanodeStateMachine (DatanodeStateMachine.java:lambda$startDaemon$0(505)) - Ozone container server started.
2022-11-04 13:16:33,499 [Listener at 127.0.0.1/35095] WARN  impl.MetricRegistriesImpl (MetricRegistriesImpl.java:addReporterRegistration(111)) - New reporters are added after registries were created. Some metrics will be missing from the reporter. Please add reporter before adding any new registry.
2022-11-04 13:16:33,500 [Listener at 127.0.0.1/35095] WARN  impl.MetricRegistriesImpl (MetricRegistriesImpl.java:addReporterRegistration(111)) - New reporters are added after registries were created. Some metrics will be missing from the reporter. Please add reporter before adding any new registry.
2022-11-04 13:16:33,501 [Listener at 127.0.0.1/35095] INFO  impl.MetricsSystemImpl (MetricsSystemImpl.java:init(158)) - HddsDatanode metrics system started (again)
2022-11-04 13:16:33,512 [Listener at 127.0.0.1/35095] INFO  ozone.HddsDatanodeService (HddsDatanodeService.java:start(236)) - HddsDatanodeService host:fv-az443-313.ap2fcshprsnunfx25e1aelzb4b.cx.internal.cloudapp.net ip:10.1.1.104
2022-11-04 13:16:33,517 [org.apache.hadoop.util.JvmPauseMonitor$Monitor@40e8813d] INFO  util.JvmPauseMonitor (JvmPauseMonitor.java:run(188)) - Starting JVM pause monitor
2022-11-04 13:16:33,538 [Datanode State Machine Task Thread - 0] INFO  datanode.InitDatanodeState (InitDatanodeState.java:persistContainerDatanodeDetails(138)) - DatanodeDetails is persisted to /home/runner/work/ozone/ozone/hadoop-ozone/integration-test/target/test-dir/MiniOzoneClusterImpl-0c0bfa66-1f5b-4f11-9fe6-cbebe0503434/datanode-2/meta/datanode.id
2022-11-04 13:16:33,551 [Listener at 127.0.0.1/35095] INFO  upgrade.AbstractLayoutVersionManager (AbstractLayoutVersionManager.java:init(83)) - Initializing Layout version manager with metadata layout = DATANODE_SCHEMA_V3 (version = 4), software layout = DATANODE_SCHEMA_V3 (version = 4)
2022-11-04 13:16:33,594 [Listener at 127.0.0.1/35095] INFO  reflections.Reflections (Reflections.java:scan(232)) - Reflections took 42 ms to scan 7 urls, producing 139 keys and 336 values 
2022-11-04 13:16:33,596 [Listener at 127.0.0.1/35095] INFO  statemachine.DatanodeStateMachine (DatanodeStateMachine.java:getEndPointTaskThreadPoolSize(245)) - Datanode State Machine Task Thread Pool size 2
2022-11-04 13:16:33,601 [Listener at 127.0.0.1/35095] INFO  volume.HddsVolume (HddsVolume.java:<init>(117)) - Creating HddsVolume: /home/runner/work/ozone/ozone/hadoop-ozone/integration-test/target/test-dir/MiniOzoneClusterImpl-0c0bfa66-1f5b-4f11-9fe6-cbebe0503434/datanode-3/data-0/containers/hdds of storage type : DISK capacity : 9223372036854775807
2022-11-04 13:16:33,601 [Listener at 127.0.0.1/35095] INFO  volume.MutableVolumeSet (MutableVolumeSet.java:initializeVolumeSet(174)) - Added Volume : /home/runner/work/ozone/ozone/hadoop-ozone/integration-test/target/test-dir/MiniOzoneClusterImpl-0c0bfa66-1f5b-4f11-9fe6-cbebe0503434/datanode-3/data-0/containers/hdds to VolumeSet
2022-11-04 13:16:33,601 [Listener at 127.0.0.1/35095] INFO  volume.ThrottledAsyncChecker (ThrottledAsyncChecker.java:schedule(141)) - Scheduling a check for /home/runner/work/ozone/ozone/hadoop-ozone/integration-test/target/test-dir/MiniOzoneClusterImpl-0c0bfa66-1f5b-4f11-9fe6-cbebe0503434/datanode-3/data-0/containers/hdds
2022-11-04 13:16:33,605 [Listener at 127.0.0.1/35095] INFO  volume.StorageVolumeChecker (StorageVolumeChecker.java:checkAllVolumes(202)) - Scheduled health check for volume /home/runner/work/ozone/ozone/hadoop-ozone/integration-test/target/test-dir/MiniOzoneClusterImpl-0c0bfa66-1f5b-4f11-9fe6-cbebe0503434/datanode-3/data-0/containers/hdds
2022-11-04 13:16:33,617 [Listener at 127.0.0.1/35095] INFO  volume.MutableVolumeSet (MutableVolumeSet.java:initializeVolumeSet(174)) - Added Volume : /home/runner/work/ozone/ozone/hadoop-ozone/integration-test/target/test-dir/MiniOzoneClusterImpl-0c0bfa66-1f5b-4f11-9fe6-cbebe0503434/datanode-3/data/ratis to VolumeSet
2022-11-04 13:16:33,618 [Listener at 127.0.0.1/35095] INFO  volume.ThrottledAsyncChecker (ThrottledAsyncChecker.java:schedule(141)) - Scheduling a check for /home/runner/work/ozone/ozone/hadoop-ozone/integration-test/target/test-dir/MiniOzoneClusterImpl-0c0bfa66-1f5b-4f11-9fe6-cbebe0503434/datanode-3/data/ratis
2022-11-04 13:16:33,618 [Listener at 127.0.0.1/35095] INFO  volume.StorageVolumeChecker (StorageVolumeChecker.java:checkAllVolumes(202)) - Scheduled health check for volume /home/runner/work/ozone/ozone/hadoop-ozone/integration-test/target/test-dir/MiniOzoneClusterImpl-0c0bfa66-1f5b-4f11-9fe6-cbebe0503434/datanode-3/data/ratis
2022-11-04 13:16:33,629 [Thread-177] INFO  ozoneimpl.ContainerReader (ContainerReader.java:readVolume(175)) - Finish verifying containers on volume /home/runner/work/ozone/ozone/hadoop-ozone/integration-test/target/test-dir/MiniOzoneClusterImpl-0c0bfa66-1f5b-4f11-9fe6-cbebe0503434/datanode-3/data-0/containers/hdds
2022-11-04 13:16:33,629 [Listener at 127.0.0.1/35095] INFO  ozoneimpl.OzoneContainer (OzoneContainer.java:buildContainerSet(300)) - Build ContainerSet costs 0s
2022-11-04 13:16:33,633 [Listener at 127.0.0.1/35095] INFO  server.RaftServer (ConfUtils.java:logGet(46)) - raft.rpc.type = GRPC (default)
2022-11-04 13:16:33,633 [Listener at 127.0.0.1/35095] INFO  grpc.GrpcConfigKeys (ConfUtils.java:logFallback(53)) - raft.grpc.admin.host = null (fallback to raft.grpc.server.host)
2022-11-04 13:16:33,633 [Listener at 127.0.0.1/35095] INFO  grpc.GrpcConfigKeys (ConfUtils.java:logGet(46)) - raft.grpc.admin.port = 0 (custom)
2022-11-04 13:16:33,633 [Listener at 127.0.0.1/35095] INFO  grpc.GrpcConfigKeys (ConfUtils.java:logFallback(53)) - raft.grpc.client.host = null (fallback to raft.grpc.server.host)
2022-11-04 13:16:33,633 [Listener at 127.0.0.1/35095] INFO  grpc.GrpcConfigKeys (ConfUtils.java:logGet(46)) - raft.grpc.client.port = 0 (custom)
2022-11-04 13:16:33,633 [Listener at 127.0.0.1/35095] INFO  grpc.GrpcConfigKeys (ConfUtils.java:logGet(46)) - raft.grpc.server.host = null (default)
2022-11-04 13:16:33,634 [Listener at 127.0.0.1/35095] INFO  grpc.GrpcConfigKeys (ConfUtils.java:logGet(46)) - raft.grpc.server.port = 0 (default)
2022-11-04 13:16:33,634 [Listener at 127.0.0.1/35095] INFO  server.GrpcService (ConfUtils.java:logGet(46)) - raft.grpc.message.size.max = 32MB (=33554432) (custom)
2022-11-04 13:16:33,635 [Listener at 127.0.0.1/35095] INFO  server.RaftServerConfigKeys (ConfUtils.java:logGet(46)) - raft.server.log.appender.buffer.byte-limit = 33554432 (custom)
2022-11-04 13:16:33,635 [Listener at 127.0.0.1/35095] INFO  server.GrpcService (ConfUtils.java:logGet(46)) - raft.grpc.flow.control.window = 5MB (=5242880) (custom)
2022-11-04 13:16:33,635 [Listener at 127.0.0.1/35095] INFO  server.RaftServerConfigKeys (ConfUtils.java:logGet(46)) - raft.server.rpc.request.timeout = 60s (custom)
2022-11-04 13:16:33,635 [Listener at 127.0.0.1/35095] INFO  grpc.GrpcConfigKeys (ConfUtils.java:logGet(46)) - raft.grpc.server.heartbeat.channel = true (default)
2022-11-04 13:16:33,635 [Listener at 127.0.0.1/35095] INFO  grpc.GrpcConfigKeys (ConfUtils.java:logGet(46)) - raft.grpc.server.async.request.thread.pool.cached = true (default)
2022-11-04 13:16:33,635 [Listener at 127.0.0.1/35095] INFO  grpc.GrpcConfigKeys (ConfUtils.java:logGet(46)) - raft.grpc.server.async.request.thread.pool.size = 32 (default)
2022-11-04 13:16:33,636 [Listener at 127.0.0.1/35095] INFO  impl.DataStreamServerImpl (ConfUtils.java:logGet(46)) - raft.datastream.type = DISABLED (default)
2022-11-04 13:16:33,637 [Listener at 127.0.0.1/35095] INFO  server.RaftServerConfigKeys (ConfUtils.java:logGet(46)) - raft.server.threadpool.proxy.cached = true (default)
2022-11-04 13:16:33,637 [Listener at 127.0.0.1/35095] INFO  server.RaftServerConfigKeys (ConfUtils.java:logGet(46)) - raft.server.threadpool.proxy.size = 0 (default)
2022-11-04 13:16:33,637 [Listener at 127.0.0.1/35095] INFO  server.RaftServerConfigKeys (ConfUtils.java:logGet(46)) - raft.server.rpc.slowness.timeout = 300s (custom)
2022-11-04 13:16:33,637 [Listener at 127.0.0.1/35095] INFO  server.RaftServerConfigKeys (ConfUtils.java:logGet(46)) - raft.server.leaderelection.leader.step-down.wait-time = 10s (default)
2022-11-04 13:16:33,637 [Listener at 127.0.0.1/35095] INFO  server.RaftServerConfigKeys (ConfUtils.java:logGet(46)) - raft.server.storage.dir = [/home/runner/work/ozone/ozone/hadoop-ozone/integration-test/target/test-dir/MiniOzoneClusterImpl-0c0bfa66-1f5b-4f11-9fe6-cbebe0503434/datanode-3/data/ratis] (custom)
2022-11-04 13:16:33,642 [Listener at 127.0.0.1/35095] INFO  server.XceiverServerGrpc (XceiverServerGrpc.java:<init>(132)) - GrpcServer channel type EpollServerSocketChannel
2022-11-04 13:16:33,646 [Listener at 127.0.0.1/35095] INFO  http.BaseHttpServer (BaseHttpServer.java:newHttpServer2BuilderForOzone(213)) - Starting Web-server for hddsDatanode at: http://0.0.0.0:0
2022-11-04 13:16:33,646 [Listener at 127.0.0.1/35095] INFO  http.BaseHttpServer (BaseHttpServer.java:<init>(108)) - Hadoop Security Enabled: false Ozone Security Enabled: false Ozone HTTP Security Enabled: false 
2022-11-04 13:16:33,647 [Listener at 127.0.0.1/35095] WARN  server.AuthenticationFilter (AuthenticationFilter.java:constructSecretProvider(240)) - Unable to initialize FileSignerSecretProvider, falling back to use random secrets. Reason: Could not read signature secret file: /home/runner/hadoop-http-auth-signature-secret
2022-11-04 13:16:33,648 [Listener at 127.0.0.1/35095] WARN  http.HttpRequestLog (HttpRequestLog.java:getRequestLog(103)) - Jetty request log can only be enabled using Log4j
2022-11-04 13:16:33,650 [Listener at 127.0.0.1/35095] INFO  http.HttpServer2 (HttpServer2.java:addGlobalFilter(1031)) - Added global filter 'safety' (class=org.apache.hadoop.hdds.server.http.HttpServer2$QuotingInputFilter)
2022-11-04 13:16:33,651 [Listener at 127.0.0.1/35095] INFO  http.HttpServer2 (HttpServer2.java:addFilter(1007)) - Added filter static_user_filter (class=org.apache.hadoop.http.lib.StaticUserWebFilter$StaticUserFilter) to context hddsDatanode
2022-11-04 13:16:33,651 [Listener at 127.0.0.1/35095] INFO  http.HttpServer2 (HttpServer2.java:addFilter(1015)) - Added filter static_user_filter (class=org.apache.hadoop.http.lib.StaticUserWebFilter$StaticUserFilter) to context logs
2022-11-04 13:16:33,651 [Listener at 127.0.0.1/35095] INFO  http.HttpServer2 (HttpServer2.java:addFilter(1015)) - Added filter static_user_filter (class=org.apache.hadoop.http.lib.StaticUserWebFilter$StaticUserFilter) to context static
2022-11-04 13:16:33,652 [Listener at 127.0.0.1/35095] INFO  http.HttpServer2 (HttpServer2.java:bindListener(1250)) - Jetty bound to port 34213
2022-11-04 13:16:33,652 [Listener at 127.0.0.1/35095] INFO  server.Server (Server.java:doStart(375)) - jetty-9.4.49.v20220914; built: 2022-09-14T01:07:36.601Z; git: 4231a3b2e4cb8548a412a789936d640a97b1aa0a; jvm 1.8.0_345-b01
2022-11-04 13:16:33,672 [Listener at 127.0.0.1/35095] INFO  server.session (DefaultSessionIdManager.java:doStart(334)) - DefaultSessionIdManager workerName=node0
2022-11-04 13:16:33,672 [Listener at 127.0.0.1/35095] INFO  server.session (DefaultSessionIdManager.java:doStart(339)) - No SessionScavenger set, using defaults
2022-11-04 13:16:33,672 [Listener at 127.0.0.1/35095] INFO  server.session (HouseKeeper.java:startScavenging(132)) - node0 Scavenging every 660000ms
2022-11-04 13:16:33,676 [Listener at 127.0.0.1/35095] INFO  handler.ContextHandler (ContextHandler.java:doStart(921)) - Started o.e.j.s.ServletContextHandler@46152f41{logs,/logs,file:///home/runner/work/ozone/ozone/hadoop-ozone/integration-test/target/log,AVAILABLE}
2022-11-04 13:16:33,677 [Listener at 127.0.0.1/35095] INFO  handler.ContextHandler (ContextHandler.java:doStart(921)) - Started o.e.j.s.ServletContextHandler@70b16f37{static,/static,jar:file:/home/runner/.m2/repository/org/apache/ozone/hdds-container-service/1.3.0-SNAPSHOT/hdds-container-service-1.3.0-SNAPSHOT.jar!/webapps/static,AVAILABLE}
2022-11-04 13:16:33,843 [Listener at 127.0.0.1/35095] INFO  handler.ContextHandler (ContextHandler.java:doStart(921)) - Started o.e.j.w.WebAppContext@36e8861f{hddsDatanode,/,file:///tmp/jetty-0_0_0_0-34213-hdds-container-service-1_3_0-SNAPSHOT_jar-_-any-281199577024810257/webapp/,AVAILABLE}{jar:file:/home/runner/.m2/repository/org/apache/ozone/hdds-container-service/1.3.0-SNAPSHOT/hdds-container-service-1.3.0-SNAPSHOT.jar!/webapps/hddsDatanode}
2022-11-04 13:16:33,844 [Listener at 127.0.0.1/35095] INFO  server.AbstractConnector (AbstractConnector.java:doStart(333)) - Started ServerConnector@7175d37c{HTTP/1.1, (http/1.1)}{0.0.0.0:34213}
2022-11-04 13:16:33,845 [Listener at 127.0.0.1/35095] INFO  server.Server (Server.java:doStart(415)) - Started @8990ms
2022-11-04 13:16:33,845 [Listener at 127.0.0.1/35095] WARN  impl.MetricsSystemImpl (MetricsSystemImpl.java:register(279)) - Sink prometheus already exists!
2022-11-04 13:16:33,845 [Listener at 127.0.0.1/35095] INFO  http.BaseHttpServer (BaseHttpServer.java:updateConnectorAddress(333)) - HTTP server of hddsDatanode listening at http://0.0.0.0:34213
2022-11-04 13:16:33,846 [Datanode State Machine Daemon Thread] INFO  statemachine.DatanodeStateMachine (DatanodeStateMachine.java:lambda$startDaemon$0(505)) - Ozone container server started.
2022-11-04 13:16:33,846 [Listener at 127.0.0.1/35095] WARN  impl.MetricRegistriesImpl (MetricRegistriesImpl.java:addReporterRegistration(111)) - New reporters are added after registries were created. Some metrics will be missing from the reporter. Please add reporter before adding any new registry.
2022-11-04 13:16:33,848 [Listener at 127.0.0.1/35095] WARN  impl.MetricRegistriesImpl (MetricRegistriesImpl.java:addReporterRegistration(111)) - New reporters are added after registries were created. Some metrics will be missing from the reporter. Please add reporter before adding any new registry.
2022-11-04 13:16:33,849 [Listener at 127.0.0.1/35095] INFO  impl.MetricsSystemImpl (MetricsSystemImpl.java:init(158)) - HddsDatanode metrics system started (again)
2022-11-04 13:16:33,862 [Listener at 127.0.0.1/35095] INFO  ozone.HddsDatanodeService (HddsDatanodeService.java:start(236)) - HddsDatanodeService host:fv-az443-313.ap2fcshprsnunfx25e1aelzb4b.cx.internal.cloudapp.net ip:10.1.1.104
2022-11-04 13:16:33,867 [org.apache.hadoop.util.JvmPauseMonitor$Monitor@493ef176] INFO  util.JvmPauseMonitor (JvmPauseMonitor.java:run(188)) - Starting JVM pause monitor
2022-11-04 13:16:33,872 [Datanode State Machine Task Thread - 0] INFO  datanode.InitDatanodeState (InitDatanodeState.java:persistContainerDatanodeDetails(138)) - DatanodeDetails is persisted to /home/runner/work/ozone/ozone/hadoop-ozone/integration-test/target/test-dir/MiniOzoneClusterImpl-0c0bfa66-1f5b-4f11-9fe6-cbebe0503434/datanode-3/meta/datanode.id
2022-11-04 13:16:33,885 [Listener at 127.0.0.1/35095] INFO  upgrade.AbstractLayoutVersionManager (AbstractLayoutVersionManager.java:init(83)) - Initializing Layout version manager with metadata layout = DATANODE_SCHEMA_V3 (version = 4), software layout = DATANODE_SCHEMA_V3 (version = 4)
2022-11-04 13:16:33,929 [Listener at 127.0.0.1/35095] INFO  reflections.Reflections (Reflections.java:scan(232)) - Reflections took 41 ms to scan 7 urls, producing 139 keys and 336 values 
2022-11-04 13:16:33,931 [Listener at 127.0.0.1/35095] INFO  statemachine.DatanodeStateMachine (DatanodeStateMachine.java:getEndPointTaskThreadPoolSize(245)) - Datanode State Machine Task Thread Pool size 2
2022-11-04 13:16:33,933 [Listener at 127.0.0.1/35095] INFO  volume.HddsVolume (HddsVolume.java:<init>(117)) - Creating HddsVolume: /home/runner/work/ozone/ozone/hadoop-ozone/integration-test/target/test-dir/MiniOzoneClusterImpl-0c0bfa66-1f5b-4f11-9fe6-cbebe0503434/datanode-4/data-0/containers/hdds of storage type : DISK capacity : 9223372036854775807
2022-11-04 13:16:33,934 [Listener at 127.0.0.1/35095] INFO  volume.MutableVolumeSet (MutableVolumeSet.java:initializeVolumeSet(174)) - Added Volume : /home/runner/work/ozone/ozone/hadoop-ozone/integration-test/target/test-dir/MiniOzoneClusterImpl-0c0bfa66-1f5b-4f11-9fe6-cbebe0503434/datanode-4/data-0/containers/hdds to VolumeSet
2022-11-04 13:16:33,934 [Listener at 127.0.0.1/35095] INFO  volume.ThrottledAsyncChecker (ThrottledAsyncChecker.java:schedule(141)) - Scheduling a check for /home/runner/work/ozone/ozone/hadoop-ozone/integration-test/target/test-dir/MiniOzoneClusterImpl-0c0bfa66-1f5b-4f11-9fe6-cbebe0503434/datanode-4/data-0/containers/hdds
2022-11-04 13:16:33,937 [Listener at 127.0.0.1/35095] INFO  volume.StorageVolumeChecker (StorageVolumeChecker.java:checkAllVolumes(202)) - Scheduled health check for volume /home/runner/work/ozone/ozone/hadoop-ozone/integration-test/target/test-dir/MiniOzoneClusterImpl-0c0bfa66-1f5b-4f11-9fe6-cbebe0503434/datanode-4/data-0/containers/hdds
2022-11-04 13:16:33,948 [Listener at 127.0.0.1/35095] INFO  volume.MutableVolumeSet (MutableVolumeSet.java:initializeVolumeSet(174)) - Added Volume : /home/runner/work/ozone/ozone/hadoop-ozone/integration-test/target/test-dir/MiniOzoneClusterImpl-0c0bfa66-1f5b-4f11-9fe6-cbebe0503434/datanode-4/data/ratis to VolumeSet
2022-11-04 13:16:33,948 [Listener at 127.0.0.1/35095] INFO  volume.ThrottledAsyncChecker (ThrottledAsyncChecker.java:schedule(141)) - Scheduling a check for /home/runner/work/ozone/ozone/hadoop-ozone/integration-test/target/test-dir/MiniOzoneClusterImpl-0c0bfa66-1f5b-4f11-9fe6-cbebe0503434/datanode-4/data/ratis
2022-11-04 13:16:33,948 [Listener at 127.0.0.1/35095] INFO  volume.StorageVolumeChecker (StorageVolumeChecker.java:checkAllVolumes(202)) - Scheduled health check for volume /home/runner/work/ozone/ozone/hadoop-ozone/integration-test/target/test-dir/MiniOzoneClusterImpl-0c0bfa66-1f5b-4f11-9fe6-cbebe0503434/datanode-4/data/ratis
2022-11-04 13:16:33,959 [Thread-190] INFO  ozoneimpl.ContainerReader (ContainerReader.java:readVolume(175)) - Finish verifying containers on volume /home/runner/work/ozone/ozone/hadoop-ozone/integration-test/target/test-dir/MiniOzoneClusterImpl-0c0bfa66-1f5b-4f11-9fe6-cbebe0503434/datanode-4/data-0/containers/hdds
2022-11-04 13:16:33,959 [Listener at 127.0.0.1/35095] INFO  ozoneimpl.OzoneContainer (OzoneContainer.java:buildContainerSet(300)) - Build ContainerSet costs 0s
2022-11-04 13:16:33,962 [Listener at 127.0.0.1/35095] INFO  server.RaftServer (ConfUtils.java:logGet(46)) - raft.rpc.type = GRPC (default)
2022-11-04 13:16:33,962 [Listener at 127.0.0.1/35095] INFO  grpc.GrpcConfigKeys (ConfUtils.java:logFallback(53)) - raft.grpc.admin.host = null (fallback to raft.grpc.server.host)
2022-11-04 13:16:33,962 [Listener at 127.0.0.1/35095] INFO  grpc.GrpcConfigKeys (ConfUtils.java:logGet(46)) - raft.grpc.admin.port = 0 (custom)
2022-11-04 13:16:33,963 [Listener at 127.0.0.1/35095] INFO  grpc.GrpcConfigKeys (ConfUtils.java:logFallback(53)) - raft.grpc.client.host = null (fallback to raft.grpc.server.host)
2022-11-04 13:16:33,963 [Listener at 127.0.0.1/35095] INFO  grpc.GrpcConfigKeys (ConfUtils.java:logGet(46)) - raft.grpc.client.port = 0 (custom)
2022-11-04 13:16:33,963 [Listener at 127.0.0.1/35095] INFO  grpc.GrpcConfigKeys (ConfUtils.java:logGet(46)) - raft.grpc.server.host = null (default)
2022-11-04 13:16:33,963 [Listener at 127.0.0.1/35095] INFO  grpc.GrpcConfigKeys (ConfUtils.java:logGet(46)) - raft.grpc.server.port = 0 (default)
2022-11-04 13:16:33,963 [Listener at 127.0.0.1/35095] INFO  server.GrpcService (ConfUtils.java:logGet(46)) - raft.grpc.message.size.max = 32MB (=33554432) (custom)
2022-11-04 13:16:33,963 [Listener at 127.0.0.1/35095] INFO  server.RaftServerConfigKeys (ConfUtils.java:logGet(46)) - raft.server.log.appender.buffer.byte-limit = 33554432 (custom)
2022-11-04 13:16:33,964 [Listener at 127.0.0.1/35095] INFO  server.GrpcService (ConfUtils.java:logGet(46)) - raft.grpc.flow.control.window = 5MB (=5242880) (custom)
2022-11-04 13:16:33,964 [Listener at 127.0.0.1/35095] INFO  server.RaftServerConfigKeys (ConfUtils.java:logGet(46)) - raft.server.rpc.request.timeout = 60s (custom)
2022-11-04 13:16:33,964 [Listener at 127.0.0.1/35095] INFO  grpc.GrpcConfigKeys (ConfUtils.java:logGet(46)) - raft.grpc.server.heartbeat.channel = true (default)
2022-11-04 13:16:33,964 [Listener at 127.0.0.1/35095] INFO  grpc.GrpcConfigKeys (ConfUtils.java:logGet(46)) - raft.grpc.server.async.request.thread.pool.cached = true (default)
2022-11-04 13:16:33,964 [Listener at 127.0.0.1/35095] INFO  grpc.GrpcConfigKeys (ConfUtils.java:logGet(46)) - raft.grpc.server.async.request.thread.pool.size = 32 (default)
2022-11-04 13:16:33,965 [Listener at 127.0.0.1/35095] INFO  impl.DataStreamServerImpl (ConfUtils.java:logGet(46)) - raft.datastream.type = DISABLED (default)
2022-11-04 13:16:33,965 [Listener at 127.0.0.1/35095] INFO  server.RaftServerConfigKeys (ConfUtils.java:logGet(46)) - raft.server.threadpool.proxy.cached = true (default)
2022-11-04 13:16:33,966 [Listener at 127.0.0.1/35095] INFO  server.RaftServerConfigKeys (ConfUtils.java:logGet(46)) - raft.server.threadpool.proxy.size = 0 (default)
2022-11-04 13:16:33,966 [Listener at 127.0.0.1/35095] INFO  server.RaftServerConfigKeys (ConfUtils.java:logGet(46)) - raft.server.rpc.slowness.timeout = 300s (custom)
2022-11-04 13:16:33,966 [Listener at 127.0.0.1/35095] INFO  server.RaftServerConfigKeys (ConfUtils.java:logGet(46)) - raft.server.leaderelection.leader.step-down.wait-time = 10s (default)
2022-11-04 13:16:33,966 [Listener at 127.0.0.1/35095] INFO  server.RaftServerConfigKeys (ConfUtils.java:logGet(46)) - raft.server.storage.dir = [/home/runner/work/ozone/ozone/hadoop-ozone/integration-test/target/test-dir/MiniOzoneClusterImpl-0c0bfa66-1f5b-4f11-9fe6-cbebe0503434/datanode-4/data/ratis] (custom)
2022-11-04 13:16:33,967 [Listener at 127.0.0.1/35095] INFO  server.XceiverServerGrpc (XceiverServerGrpc.java:<init>(132)) - GrpcServer channel type EpollServerSocketChannel
2022-11-04 13:16:33,973 [Listener at 127.0.0.1/35095] INFO  http.BaseHttpServer (BaseHttpServer.java:newHttpServer2BuilderForOzone(213)) - Starting Web-server for hddsDatanode at: http://0.0.0.0:0
2022-11-04 13:16:33,973 [Listener at 127.0.0.1/35095] INFO  http.BaseHttpServer (BaseHttpServer.java:<init>(108)) - Hadoop Security Enabled: false Ozone Security Enabled: false Ozone HTTP Security Enabled: false 
2022-11-04 13:16:33,974 [Listener at 127.0.0.1/35095] WARN  server.AuthenticationFilter (AuthenticationFilter.java:constructSecretProvider(240)) - Unable to initialize FileSignerSecretProvider, falling back to use random secrets. Reason: Could not read signature secret file: /home/runner/hadoop-http-auth-signature-secret
2022-11-04 13:16:33,976 [Listener at 127.0.0.1/35095] WARN  http.HttpRequestLog (HttpRequestLog.java:getRequestLog(103)) - Jetty request log can only be enabled using Log4j
2022-11-04 13:16:33,978 [Listener at 127.0.0.1/35095] INFO  http.HttpServer2 (HttpServer2.java:addGlobalFilter(1031)) - Added global filter 'safety' (class=org.apache.hadoop.hdds.server.http.HttpServer2$QuotingInputFilter)
2022-11-04 13:16:33,979 [Listener at 127.0.0.1/35095] INFO  http.HttpServer2 (HttpServer2.java:addFilter(1007)) - Added filter static_user_filter (class=org.apache.hadoop.http.lib.StaticUserWebFilter$StaticUserFilter) to context hddsDatanode
2022-11-04 13:16:33,979 [Listener at 127.0.0.1/35095] INFO  http.HttpServer2 (HttpServer2.java:addFilter(1015)) - Added filter static_user_filter (class=org.apache.hadoop.http.lib.StaticUserWebFilter$StaticUserFilter) to context logs
2022-11-04 13:16:33,979 [Listener at 127.0.0.1/35095] INFO  http.HttpServer2 (HttpServer2.java:addFilter(1015)) - Added filter static_user_filter (class=org.apache.hadoop.http.lib.StaticUserWebFilter$StaticUserFilter) to context static
2022-11-04 13:16:33,980 [Listener at 127.0.0.1/35095] INFO  http.HttpServer2 (HttpServer2.java:bindListener(1250)) - Jetty bound to port 40213
2022-11-04 13:16:33,980 [Listener at 127.0.0.1/35095] INFO  server.Server (Server.java:doStart(375)) - jetty-9.4.49.v20220914; built: 2022-09-14T01:07:36.601Z; git: 4231a3b2e4cb8548a412a789936d640a97b1aa0a; jvm 1.8.0_345-b01
2022-11-04 13:16:33,986 [Listener at 127.0.0.1/35095] INFO  server.session (DefaultSessionIdManager.java:doStart(334)) - DefaultSessionIdManager workerName=node0
2022-11-04 13:16:33,986 [Listener at 127.0.0.1/35095] INFO  server.session (DefaultSessionIdManager.java:doStart(339)) - No SessionScavenger set, using defaults
2022-11-04 13:16:33,986 [Listener at 127.0.0.1/35095] INFO  server.session (HouseKeeper.java:startScavenging(132)) - node0 Scavenging every 660000ms
2022-11-04 13:16:33,988 [Listener at 127.0.0.1/35095] INFO  handler.ContextHandler (ContextHandler.java:doStart(921)) - Started o.e.j.s.ServletContextHandler@1d591f58{logs,/logs,file:///home/runner/work/ozone/ozone/hadoop-ozone/integration-test/target/log,AVAILABLE}
2022-11-04 13:16:33,989 [Listener at 127.0.0.1/35095] INFO  handler.ContextHandler (ContextHandler.java:doStart(921)) - Started o.e.j.s.ServletContextHandler@3e6367bd{static,/static,jar:file:/home/runner/.m2/repository/org/apache/ozone/hdds-container-service/1.3.0-SNAPSHOT/hdds-container-service-1.3.0-SNAPSHOT.jar!/webapps/static,AVAILABLE}
2022-11-04 13:16:34,153 [Listener at 127.0.0.1/35095] INFO  handler.ContextHandler (ContextHandler.java:doStart(921)) - Started o.e.j.w.WebAppContext@1302230f{hddsDatanode,/,file:///tmp/jetty-0_0_0_0-40213-hdds-container-service-1_3_0-SNAPSHOT_jar-_-any-880379491890140726/webapp/,AVAILABLE}{jar:file:/home/runner/.m2/repository/org/apache/ozone/hdds-container-service/1.3.0-SNAPSHOT/hdds-container-service-1.3.0-SNAPSHOT.jar!/webapps/hddsDatanode}
2022-11-04 13:16:34,154 [Listener at 127.0.0.1/35095] INFO  server.AbstractConnector (AbstractConnector.java:doStart(333)) - Started ServerConnector@1d430022{HTTP/1.1, (http/1.1)}{0.0.0.0:40213}
2022-11-04 13:16:34,154 [Listener at 127.0.0.1/35095] INFO  server.Server (Server.java:doStart(415)) - Started @9300ms
2022-11-04 13:16:34,155 [Listener at 127.0.0.1/35095] WARN  impl.MetricsSystemImpl (MetricsSystemImpl.java:register(279)) - Sink prometheus already exists!
2022-11-04 13:16:34,155 [Listener at 127.0.0.1/35095] INFO  http.BaseHttpServer (BaseHttpServer.java:updateConnectorAddress(333)) - HTTP server of hddsDatanode listening at http://0.0.0.0:40213
2022-11-04 13:16:34,156 [Datanode State Machine Daemon Thread] INFO  statemachine.DatanodeStateMachine (DatanodeStateMachine.java:lambda$startDaemon$0(505)) - Ozone container server started.
2022-11-04 13:16:34,160 [Listener at 127.0.0.1/35095] WARN  impl.MetricRegistriesImpl (MetricRegistriesImpl.java:addReporterRegistration(111)) - New reporters are added after registries were created. Some metrics will be missing from the reporter. Please add reporter before adding any new registry.
2022-11-04 13:16:34,160 [Listener at 127.0.0.1/35095] WARN  impl.MetricRegistriesImpl (MetricRegistriesImpl.java:addReporterRegistration(111)) - New reporters are added after registries were created. Some metrics will be missing from the reporter. Please add reporter before adding any new registry.
2022-11-04 13:16:34,160 [Listener at 127.0.0.1/35095] INFO  impl.MetricsSystemImpl (MetricsSystemImpl.java:init(158)) - HddsDatanode metrics system started (again)
2022-11-04 13:16:34,172 [Listener at 127.0.0.1/35095] INFO  ozone.HddsDatanodeService (HddsDatanodeService.java:start(236)) - HddsDatanodeService host:fv-az443-313.ap2fcshprsnunfx25e1aelzb4b.cx.internal.cloudapp.net ip:10.1.1.104
2022-11-04 13:16:34,178 [org.apache.hadoop.util.JvmPauseMonitor$Monitor@1eeb3085] INFO  util.JvmPauseMonitor (JvmPauseMonitor.java:run(188)) - Starting JVM pause monitor
2022-11-04 13:16:34,185 [Datanode State Machine Task Thread - 0] INFO  datanode.InitDatanodeState (InitDatanodeState.java:persistContainerDatanodeDetails(138)) - DatanodeDetails is persisted to /home/runner/work/ozone/ozone/hadoop-ozone/integration-test/target/test-dir/MiniOzoneClusterImpl-0c0bfa66-1f5b-4f11-9fe6-cbebe0503434/datanode-4/meta/datanode.id
2022-11-04 13:16:34,197 [Listener at 127.0.0.1/35095] INFO  upgrade.AbstractLayoutVersionManager (AbstractLayoutVersionManager.java:init(83)) - Initializing Layout version manager with metadata layout = DATANODE_SCHEMA_V3 (version = 4), software layout = DATANODE_SCHEMA_V3 (version = 4)
2022-11-04 13:16:34,240 [Listener at 127.0.0.1/35095] INFO  reflections.Reflections (Reflections.java:scan(232)) - Reflections took 42 ms to scan 7 urls, producing 139 keys and 336 values 
2022-11-04 13:16:34,241 [Listener at 127.0.0.1/35095] INFO  statemachine.DatanodeStateMachine (DatanodeStateMachine.java:getEndPointTaskThreadPoolSize(245)) - Datanode State Machine Task Thread Pool size 2
2022-11-04 13:16:34,243 [Listener at 127.0.0.1/35095] INFO  volume.HddsVolume (HddsVolume.java:<init>(117)) - Creating HddsVolume: /home/runner/work/ozone/ozone/hadoop-ozone/integration-test/target/test-dir/MiniOzoneClusterImpl-0c0bfa66-1f5b-4f11-9fe6-cbebe0503434/datanode-5/data-0/containers/hdds of storage type : DISK capacity : 9223372036854775807
2022-11-04 13:16:34,244 [Listener at 127.0.0.1/35095] INFO  volume.MutableVolumeSet (MutableVolumeSet.java:initializeVolumeSet(174)) - Added Volume : /home/runner/work/ozone/ozone/hadoop-ozone/integration-test/target/test-dir/MiniOzoneClusterImpl-0c0bfa66-1f5b-4f11-9fe6-cbebe0503434/datanode-5/data-0/containers/hdds to VolumeSet
2022-11-04 13:16:34,244 [Listener at 127.0.0.1/35095] INFO  volume.ThrottledAsyncChecker (ThrottledAsyncChecker.java:schedule(141)) - Scheduling a check for /home/runner/work/ozone/ozone/hadoop-ozone/integration-test/target/test-dir/MiniOzoneClusterImpl-0c0bfa66-1f5b-4f11-9fe6-cbebe0503434/datanode-5/data-0/containers/hdds
2022-11-04 13:16:34,248 [Listener at 127.0.0.1/35095] INFO  volume.StorageVolumeChecker (StorageVolumeChecker.java:checkAllVolumes(202)) - Scheduled health check for volume /home/runner/work/ozone/ozone/hadoop-ozone/integration-test/target/test-dir/MiniOzoneClusterImpl-0c0bfa66-1f5b-4f11-9fe6-cbebe0503434/datanode-5/data-0/containers/hdds
2022-11-04 13:16:34,259 [Listener at 127.0.0.1/35095] INFO  volume.MutableVolumeSet (MutableVolumeSet.java:initializeVolumeSet(174)) - Added Volume : /home/runner/work/ozone/ozone/hadoop-ozone/integration-test/target/test-dir/MiniOzoneClusterImpl-0c0bfa66-1f5b-4f11-9fe6-cbebe0503434/datanode-5/data/ratis to VolumeSet
2022-11-04 13:16:34,259 [Listener at 127.0.0.1/35095] INFO  volume.ThrottledAsyncChecker (ThrottledAsyncChecker.java:schedule(141)) - Scheduling a check for /home/runner/work/ozone/ozone/hadoop-ozone/integration-test/target/test-dir/MiniOzoneClusterImpl-0c0bfa66-1f5b-4f11-9fe6-cbebe0503434/datanode-5/data/ratis
2022-11-04 13:16:34,260 [Listener at 127.0.0.1/35095] INFO  volume.StorageVolumeChecker (StorageVolumeChecker.java:checkAllVolumes(202)) - Scheduled health check for volume /home/runner/work/ozone/ozone/hadoop-ozone/integration-test/target/test-dir/MiniOzoneClusterImpl-0c0bfa66-1f5b-4f11-9fe6-cbebe0503434/datanode-5/data/ratis
2022-11-04 13:16:34,278 [Thread-203] INFO  ozoneimpl.ContainerReader (ContainerReader.java:readVolume(175)) - Finish verifying containers on volume /home/runner/work/ozone/ozone/hadoop-ozone/integration-test/target/test-dir/MiniOzoneClusterImpl-0c0bfa66-1f5b-4f11-9fe6-cbebe0503434/datanode-5/data-0/containers/hdds
2022-11-04 13:16:34,278 [Listener at 127.0.0.1/35095] INFO  ozoneimpl.OzoneContainer (OzoneContainer.java:buildContainerSet(300)) - Build ContainerSet costs 0s
2022-11-04 13:16:34,282 [Listener at 127.0.0.1/35095] INFO  server.RaftServer (ConfUtils.java:logGet(46)) - raft.rpc.type = GRPC (default)
2022-11-04 13:16:34,282 [Listener at 127.0.0.1/35095] INFO  grpc.GrpcConfigKeys (ConfUtils.java:logFallback(53)) - raft.grpc.admin.host = null (fallback to raft.grpc.server.host)
2022-11-04 13:16:34,282 [Listener at 127.0.0.1/35095] INFO  grpc.GrpcConfigKeys (ConfUtils.java:logGet(46)) - raft.grpc.admin.port = 0 (custom)
2022-11-04 13:16:34,282 [Listener at 127.0.0.1/35095] INFO  grpc.GrpcConfigKeys (ConfUtils.java:logFallback(53)) - raft.grpc.client.host = null (fallback to raft.grpc.server.host)
2022-11-04 13:16:34,282 [Listener at 127.0.0.1/35095] INFO  grpc.GrpcConfigKeys (ConfUtils.java:logGet(46)) - raft.grpc.client.port = 0 (custom)
2022-11-04 13:16:34,282 [Listener at 127.0.0.1/35095] INFO  grpc.GrpcConfigKeys (ConfUtils.java:logGet(46)) - raft.grpc.server.host = null (default)
2022-11-04 13:16:34,282 [Listener at 127.0.0.1/35095] INFO  grpc.GrpcConfigKeys (ConfUtils.java:logGet(46)) - raft.grpc.server.port = 0 (default)
2022-11-04 13:16:34,283 [Listener at 127.0.0.1/35095] INFO  server.GrpcService (ConfUtils.java:logGet(46)) - raft.grpc.message.size.max = 32MB (=33554432) (custom)
2022-11-04 13:16:34,283 [Listener at 127.0.0.1/35095] INFO  server.RaftServerConfigKeys (ConfUtils.java:logGet(46)) - raft.server.log.appender.buffer.byte-limit = 33554432 (custom)
2022-11-04 13:16:34,283 [Listener at 127.0.0.1/35095] INFO  server.GrpcService (ConfUtils.java:logGet(46)) - raft.grpc.flow.control.window = 5MB (=5242880) (custom)
2022-11-04 13:16:34,283 [Listener at 127.0.0.1/35095] INFO  server.RaftServerConfigKeys (ConfUtils.java:logGet(46)) - raft.server.rpc.request.timeout = 60s (custom)
2022-11-04 13:16:34,283 [Listener at 127.0.0.1/35095] INFO  grpc.GrpcConfigKeys (ConfUtils.java:logGet(46)) - raft.grpc.server.heartbeat.channel = true (default)
2022-11-04 13:16:34,283 [Listener at 127.0.0.1/35095] INFO  grpc.GrpcConfigKeys (ConfUtils.java:logGet(46)) - raft.grpc.server.async.request.thread.pool.cached = true (default)
2022-11-04 13:16:34,283 [Listener at 127.0.0.1/35095] INFO  grpc.GrpcConfigKeys (ConfUtils.java:logGet(46)) - raft.grpc.server.async.request.thread.pool.size = 32 (default)
2022-11-04 13:16:34,285 [Listener at 127.0.0.1/35095] INFO  impl.DataStreamServerImpl (ConfUtils.java:logGet(46)) - raft.datastream.type = DISABLED (default)
2022-11-04 13:16:34,285 [Listener at 127.0.0.1/35095] INFO  server.RaftServerConfigKeys (ConfUtils.java:logGet(46)) - raft.server.threadpool.proxy.cached = true (default)
2022-11-04 13:16:34,285 [Listener at 127.0.0.1/35095] INFO  server.RaftServerConfigKeys (ConfUtils.java:logGet(46)) - raft.server.threadpool.proxy.size = 0 (default)
2022-11-04 13:16:34,285 [Listener at 127.0.0.1/35095] INFO  server.RaftServerConfigKeys (ConfUtils.java:logGet(46)) - raft.server.rpc.slowness.timeout = 300s (custom)
2022-11-04 13:16:34,285 [Listener at 127.0.0.1/35095] INFO  server.RaftServerConfigKeys (ConfUtils.java:logGet(46)) - raft.server.leaderelection.leader.step-down.wait-time = 10s (default)
2022-11-04 13:16:34,285 [Listener at 127.0.0.1/35095] INFO  server.RaftServerConfigKeys (ConfUtils.java:logGet(46)) - raft.server.storage.dir = [/home/runner/work/ozone/ozone/hadoop-ozone/integration-test/target/test-dir/MiniOzoneClusterImpl-0c0bfa66-1f5b-4f11-9fe6-cbebe0503434/datanode-5/data/ratis] (custom)
2022-11-04 13:16:34,287 [Listener at 127.0.0.1/35095] INFO  server.XceiverServerGrpc (XceiverServerGrpc.java:<init>(132)) - GrpcServer channel type EpollServerSocketChannel
2022-11-04 13:16:34,293 [Listener at 127.0.0.1/35095] INFO  http.BaseHttpServer (BaseHttpServer.java:newHttpServer2BuilderForOzone(213)) - Starting Web-server for hddsDatanode at: http://0.0.0.0:0
2022-11-04 13:16:34,293 [Listener at 127.0.0.1/35095] INFO  http.BaseHttpServer (BaseHttpServer.java:<init>(108)) - Hadoop Security Enabled: false Ozone Security Enabled: false Ozone HTTP Security Enabled: false 
2022-11-04 13:16:34,294 [Listener at 127.0.0.1/35095] WARN  server.AuthenticationFilter (AuthenticationFilter.java:constructSecretProvider(240)) - Unable to initialize FileSignerSecretProvider, falling back to use random secrets. Reason: Could not read signature secret file: /home/runner/hadoop-http-auth-signature-secret
2022-11-04 13:16:34,295 [Listener at 127.0.0.1/35095] WARN  http.HttpRequestLog (HttpRequestLog.java:getRequestLog(103)) - Jetty request log can only be enabled using Log4j
2022-11-04 13:16:34,296 [Listener at 127.0.0.1/35095] INFO  http.HttpServer2 (HttpServer2.java:addGlobalFilter(1031)) - Added global filter 'safety' (class=org.apache.hadoop.hdds.server.http.HttpServer2$QuotingInputFilter)
2022-11-04 13:16:34,297 [Listener at 127.0.0.1/35095] INFO  http.HttpServer2 (HttpServer2.java:addFilter(1007)) - Added filter static_user_filter (class=org.apache.hadoop.http.lib.StaticUserWebFilter$StaticUserFilter) to context hddsDatanode
2022-11-04 13:16:34,297 [Listener at 127.0.0.1/35095] INFO  http.HttpServer2 (HttpServer2.java:addFilter(1015)) - Added filter static_user_filter (class=org.apache.hadoop.http.lib.StaticUserWebFilter$StaticUserFilter) to context logs
2022-11-04 13:16:34,297 [Listener at 127.0.0.1/35095] INFO  http.HttpServer2 (HttpServer2.java:addFilter(1015)) - Added filter static_user_filter (class=org.apache.hadoop.http.lib.StaticUserWebFilter$StaticUserFilter) to context static
2022-11-04 13:16:34,298 [Listener at 127.0.0.1/35095] INFO  http.HttpServer2 (HttpServer2.java:bindListener(1250)) - Jetty bound to port 44769
2022-11-04 13:16:34,298 [Listener at 127.0.0.1/35095] INFO  server.Server (Server.java:doStart(375)) - jetty-9.4.49.v20220914; built: 2022-09-14T01:07:36.601Z; git: 4231a3b2e4cb8548a412a789936d640a97b1aa0a; jvm 1.8.0_345-b01
2022-11-04 13:16:34,299 [Listener at 127.0.0.1/35095] INFO  server.session (DefaultSessionIdManager.java:doStart(334)) - DefaultSessionIdManager workerName=node0
2022-11-04 13:16:34,300 [Listener at 127.0.0.1/35095] INFO  server.session (DefaultSessionIdManager.java:doStart(339)) - No SessionScavenger set, using defaults
2022-11-04 13:16:34,300 [Listener at 127.0.0.1/35095] INFO  server.session (HouseKeeper.java:startScavenging(132)) - node0 Scavenging every 660000ms
2022-11-04 13:16:34,301 [Listener at 127.0.0.1/35095] INFO  handler.ContextHandler (ContextHandler.java:doStart(921)) - Started o.e.j.s.ServletContextHandler@5c4d43ee{logs,/logs,file:///home/runner/work/ozone/ozone/hadoop-ozone/integration-test/target/log,AVAILABLE}
2022-11-04 13:16:34,301 [Listener at 127.0.0.1/35095] INFO  handler.ContextHandler (ContextHandler.java:doStart(921)) - Started o.e.j.s.ServletContextHandler@4285e6ae{static,/static,jar:file:/home/runner/.m2/repository/org/apache/ozone/hdds-container-service/1.3.0-SNAPSHOT/hdds-container-service-1.3.0-SNAPSHOT.jar!/webapps/static,AVAILABLE}
2022-11-04 13:16:34,464 [Listener at 127.0.0.1/35095] INFO  handler.ContextHandler (ContextHandler.java:doStart(921)) - Started o.e.j.w.WebAppContext@244e16d{hddsDatanode,/,file:///tmp/jetty-0_0_0_0-44769-hdds-container-service-1_3_0-SNAPSHOT_jar-_-any-7393635399030499025/webapp/,AVAILABLE}{jar:file:/home/runner/.m2/repository/org/apache/ozone/hdds-container-service/1.3.0-SNAPSHOT/hdds-container-service-1.3.0-SNAPSHOT.jar!/webapps/hddsDatanode}
2022-11-04 13:16:34,466 [Listener at 127.0.0.1/35095] INFO  server.AbstractConnector (AbstractConnector.java:doStart(333)) - Started ServerConnector@4227a705{HTTP/1.1, (http/1.1)}{0.0.0.0:44769}
2022-11-04 13:16:34,466 [Listener at 127.0.0.1/35095] INFO  server.Server (Server.java:doStart(415)) - Started @9612ms
2022-11-04 13:16:34,466 [Listener at 127.0.0.1/35095] WARN  impl.MetricsSystemImpl (MetricsSystemImpl.java:register(279)) - Sink prometheus already exists!
2022-11-04 13:16:34,467 [Listener at 127.0.0.1/35095] INFO  http.BaseHttpServer (BaseHttpServer.java:updateConnectorAddress(333)) - HTTP server of hddsDatanode listening at http://0.0.0.0:44769
2022-11-04 13:16:34,467 [Datanode State Machine Daemon Thread] INFO  statemachine.DatanodeStateMachine (DatanodeStateMachine.java:lambda$startDaemon$0(505)) - Ozone container server started.
2022-11-04 13:16:34,473 [Listener at 127.0.0.1/35095] WARN  impl.MetricRegistriesImpl (MetricRegistriesImpl.java:addReporterRegistration(111)) - New reporters are added after registries were created. Some metrics will be missing from the reporter. Please add reporter before adding any new registry.
2022-11-04 13:16:34,473 [Listener at 127.0.0.1/35095] WARN  impl.MetricRegistriesImpl (MetricRegistriesImpl.java:addReporterRegistration(111)) - New reporters are added after registries were created. Some metrics will be missing from the reporter. Please add reporter before adding any new registry.
2022-11-04 13:16:34,474 [Listener at 127.0.0.1/35095] INFO  impl.MetricsSystemImpl (MetricsSystemImpl.java:init(158)) - HddsDatanode metrics system started (again)
2022-11-04 13:16:34,480 [org.apache.hadoop.util.JvmPauseMonitor$Monitor@78076fea] INFO  util.JvmPauseMonitor (JvmPauseMonitor.java:run(188)) - Starting JVM pause monitor
2022-11-04 13:16:34,491 [Datanode State Machine Task Thread - 0] INFO  datanode.InitDatanodeState (InitDatanodeState.java:persistContainerDatanodeDetails(138)) - DatanodeDetails is persisted to /home/runner/work/ozone/ozone/hadoop-ozone/integration-test/target/test-dir/MiniOzoneClusterImpl-0c0bfa66-1f5b-4f11-9fe6-cbebe0503434/datanode-5/meta/datanode.id
2022-11-04 13:16:34,491 [Listener at 127.0.0.1/35095] INFO  ozone.HddsDatanodeService (HddsDatanodeService.java:start(236)) - HddsDatanodeService host:fv-az443-313.ap2fcshprsnunfx25e1aelzb4b.cx.internal.cloudapp.net ip:10.1.1.104
2022-11-04 13:16:34,514 [Listener at 127.0.0.1/35095] INFO  upgrade.AbstractLayoutVersionManager (AbstractLayoutVersionManager.java:init(83)) - Initializing Layout version manager with metadata layout = DATANODE_SCHEMA_V3 (version = 4), software layout = DATANODE_SCHEMA_V3 (version = 4)
2022-11-04 13:16:34,562 [Listener at 127.0.0.1/35095] INFO  reflections.Reflections (Reflections.java:scan(232)) - Reflections took 47 ms to scan 7 urls, producing 139 keys and 336 values 
2022-11-04 13:16:34,563 [Listener at 127.0.0.1/35095] INFO  statemachine.DatanodeStateMachine (DatanodeStateMachine.java:getEndPointTaskThreadPoolSize(245)) - Datanode State Machine Task Thread Pool size 2
2022-11-04 13:16:34,565 [Listener at 127.0.0.1/35095] INFO  volume.HddsVolume (HddsVolume.java:<init>(117)) - Creating HddsVolume: /home/runner/work/ozone/ozone/hadoop-ozone/integration-test/target/test-dir/MiniOzoneClusterImpl-0c0bfa66-1f5b-4f11-9fe6-cbebe0503434/datanode-6/data-0/containers/hdds of storage type : DISK capacity : 9223372036854775807
2022-11-04 13:16:34,565 [Listener at 127.0.0.1/35095] INFO  volume.MutableVolumeSet (MutableVolumeSet.java:initializeVolumeSet(174)) - Added Volume : /home/runner/work/ozone/ozone/hadoop-ozone/integration-test/target/test-dir/MiniOzoneClusterImpl-0c0bfa66-1f5b-4f11-9fe6-cbebe0503434/datanode-6/data-0/containers/hdds to VolumeSet
2022-11-04 13:16:34,565 [Listener at 127.0.0.1/35095] INFO  volume.ThrottledAsyncChecker (ThrottledAsyncChecker.java:schedule(141)) - Scheduling a check for /home/runner/work/ozone/ozone/hadoop-ozone/integration-test/target/test-dir/MiniOzoneClusterImpl-0c0bfa66-1f5b-4f11-9fe6-cbebe0503434/datanode-6/data-0/containers/hdds
2022-11-04 13:16:34,568 [Listener at 127.0.0.1/35095] INFO  volume.StorageVolumeChecker (StorageVolumeChecker.java:checkAllVolumes(202)) - Scheduled health check for volume /home/runner/work/ozone/ozone/hadoop-ozone/integration-test/target/test-dir/MiniOzoneClusterImpl-0c0bfa66-1f5b-4f11-9fe6-cbebe0503434/datanode-6/data-0/containers/hdds
2022-11-04 13:16:34,583 [Listener at 127.0.0.1/35095] INFO  volume.MutableVolumeSet (MutableVolumeSet.java:initializeVolumeSet(174)) - Added Volume : /home/runner/work/ozone/ozone/hadoop-ozone/integration-test/target/test-dir/MiniOzoneClusterImpl-0c0bfa66-1f5b-4f11-9fe6-cbebe0503434/datanode-6/data/ratis to VolumeSet
2022-11-04 13:16:34,583 [Listener at 127.0.0.1/35095] INFO  volume.ThrottledAsyncChecker (ThrottledAsyncChecker.java:schedule(141)) - Scheduling a check for /home/runner/work/ozone/ozone/hadoop-ozone/integration-test/target/test-dir/MiniOzoneClusterImpl-0c0bfa66-1f5b-4f11-9fe6-cbebe0503434/datanode-6/data/ratis
2022-11-04 13:16:34,583 [Listener at 127.0.0.1/35095] INFO  volume.StorageVolumeChecker (StorageVolumeChecker.java:checkAllVolumes(202)) - Scheduled health check for volume /home/runner/work/ozone/ozone/hadoop-ozone/integration-test/target/test-dir/MiniOzoneClusterImpl-0c0bfa66-1f5b-4f11-9fe6-cbebe0503434/datanode-6/data/ratis
2022-11-04 13:16:34,596 [Thread-216] INFO  ozoneimpl.ContainerReader (ContainerReader.java:readVolume(175)) - Finish verifying containers on volume /home/runner/work/ozone/ozone/hadoop-ozone/integration-test/target/test-dir/MiniOzoneClusterImpl-0c0bfa66-1f5b-4f11-9fe6-cbebe0503434/datanode-6/data-0/containers/hdds
2022-11-04 13:16:34,597 [Listener at 127.0.0.1/35095] INFO  ozoneimpl.OzoneContainer (OzoneContainer.java:buildContainerSet(300)) - Build ContainerSet costs 0s
2022-11-04 13:16:34,600 [Listener at 127.0.0.1/35095] INFO  server.RaftServer (ConfUtils.java:logGet(46)) - raft.rpc.type = GRPC (default)
2022-11-04 13:16:34,600 [Listener at 127.0.0.1/35095] INFO  grpc.GrpcConfigKeys (ConfUtils.java:logFallback(53)) - raft.grpc.admin.host = null (fallback to raft.grpc.server.host)
2022-11-04 13:16:34,600 [Listener at 127.0.0.1/35095] INFO  grpc.GrpcConfigKeys (ConfUtils.java:logGet(46)) - raft.grpc.admin.port = 0 (custom)
2022-11-04 13:16:34,601 [Listener at 127.0.0.1/35095] INFO  grpc.GrpcConfigKeys (ConfUtils.java:logFallback(53)) - raft.grpc.client.host = null (fallback to raft.grpc.server.host)
2022-11-04 13:16:34,601 [Listener at 127.0.0.1/35095] INFO  grpc.GrpcConfigKeys (ConfUtils.java:logGet(46)) - raft.grpc.client.port = 0 (custom)
2022-11-04 13:16:34,601 [Listener at 127.0.0.1/35095] INFO  grpc.GrpcConfigKeys (ConfUtils.java:logGet(46)) - raft.grpc.server.host = null (default)
2022-11-04 13:16:34,601 [Listener at 127.0.0.1/35095] INFO  grpc.GrpcConfigKeys (ConfUtils.java:logGet(46)) - raft.grpc.server.port = 0 (default)
2022-11-04 13:16:34,601 [Listener at 127.0.0.1/35095] INFO  server.GrpcService (ConfUtils.java:logGet(46)) - raft.grpc.message.size.max = 32MB (=33554432) (custom)
2022-11-04 13:16:34,601 [Listener at 127.0.0.1/35095] INFO  server.RaftServerConfigKeys (ConfUtils.java:logGet(46)) - raft.server.log.appender.buffer.byte-limit = 33554432 (custom)
2022-11-04 13:16:34,601 [Listener at 127.0.0.1/35095] INFO  server.GrpcService (ConfUtils.java:logGet(46)) - raft.grpc.flow.control.window = 5MB (=5242880) (custom)
2022-11-04 13:16:34,602 [Listener at 127.0.0.1/35095] INFO  server.RaftServerConfigKeys (ConfUtils.java:logGet(46)) - raft.server.rpc.request.timeout = 60s (custom)
2022-11-04 13:16:34,602 [Listener at 127.0.0.1/35095] INFO  grpc.GrpcConfigKeys (ConfUtils.java:logGet(46)) - raft.grpc.server.heartbeat.channel = true (default)
2022-11-04 13:16:34,602 [Listener at 127.0.0.1/35095] INFO  grpc.GrpcConfigKeys (ConfUtils.java:logGet(46)) - raft.grpc.server.async.request.thread.pool.cached = true (default)
2022-11-04 13:16:34,602 [Listener at 127.0.0.1/35095] INFO  grpc.GrpcConfigKeys (ConfUtils.java:logGet(46)) - raft.grpc.server.async.request.thread.pool.size = 32 (default)
2022-11-04 13:16:34,603 [Listener at 127.0.0.1/35095] INFO  impl.DataStreamServerImpl (ConfUtils.java:logGet(46)) - raft.datastream.type = DISABLED (default)
2022-11-04 13:16:34,603 [Listener at 127.0.0.1/35095] INFO  server.RaftServerConfigKeys (ConfUtils.java:logGet(46)) - raft.server.threadpool.proxy.cached = true (default)
2022-11-04 13:16:34,603 [Listener at 127.0.0.1/35095] INFO  server.RaftServerConfigKeys (ConfUtils.java:logGet(46)) - raft.server.threadpool.proxy.size = 0 (default)
2022-11-04 13:16:34,604 [Listener at 127.0.0.1/35095] INFO  server.RaftServerConfigKeys (ConfUtils.java:logGet(46)) - raft.server.rpc.slowness.timeout = 300s (custom)
2022-11-04 13:16:34,604 [Listener at 127.0.0.1/35095] INFO  server.RaftServerConfigKeys (ConfUtils.java:logGet(46)) - raft.server.leaderelection.leader.step-down.wait-time = 10s (default)
2022-11-04 13:16:34,604 [Listener at 127.0.0.1/35095] INFO  server.RaftServerConfigKeys (ConfUtils.java:logGet(46)) - raft.server.storage.dir = [/home/runner/work/ozone/ozone/hadoop-ozone/integration-test/target/test-dir/MiniOzoneClusterImpl-0c0bfa66-1f5b-4f11-9fe6-cbebe0503434/datanode-6/data/ratis] (custom)
2022-11-04 13:16:34,605 [Listener at 127.0.0.1/35095] INFO  server.XceiverServerGrpc (XceiverServerGrpc.java:<init>(132)) - GrpcServer channel type EpollServerSocketChannel
2022-11-04 13:16:34,610 [Listener at 127.0.0.1/35095] INFO  http.BaseHttpServer (BaseHttpServer.java:newHttpServer2BuilderForOzone(213)) - Starting Web-server for hddsDatanode at: http://0.0.0.0:0
2022-11-04 13:16:34,611 [Listener at 127.0.0.1/35095] INFO  http.BaseHttpServer (BaseHttpServer.java:<init>(108)) - Hadoop Security Enabled: false Ozone Security Enabled: false Ozone HTTP Security Enabled: false 
2022-11-04 13:16:34,612 [Listener at 127.0.0.1/35095] WARN  server.AuthenticationFilter (AuthenticationFilter.java:constructSecretProvider(240)) - Unable to initialize FileSignerSecretProvider, falling back to use random secrets. Reason: Could not read signature secret file: /home/runner/hadoop-http-auth-signature-secret
2022-11-04 13:16:34,613 [Listener at 127.0.0.1/35095] WARN  http.HttpRequestLog (HttpRequestLog.java:getRequestLog(103)) - Jetty request log can only be enabled using Log4j
2022-11-04 13:16:34,614 [Listener at 127.0.0.1/35095] INFO  http.HttpServer2 (HttpServer2.java:addGlobalFilter(1031)) - Added global filter 'safety' (class=org.apache.hadoop.hdds.server.http.HttpServer2$QuotingInputFilter)
2022-11-04 13:16:34,614 [Listener at 127.0.0.1/35095] INFO  http.HttpServer2 (HttpServer2.java:addFilter(1007)) - Added filter static_user_filter (class=org.apache.hadoop.http.lib.StaticUserWebFilter$StaticUserFilter) to context hddsDatanode
2022-11-04 13:16:34,615 [Listener at 127.0.0.1/35095] INFO  http.HttpServer2 (HttpServer2.java:addFilter(1015)) - Added filter static_user_filter (class=org.apache.hadoop.http.lib.StaticUserWebFilter$StaticUserFilter) to context logs
2022-11-04 13:16:34,615 [Listener at 127.0.0.1/35095] INFO  http.HttpServer2 (HttpServer2.java:addFilter(1015)) - Added filter static_user_filter (class=org.apache.hadoop.http.lib.StaticUserWebFilter$StaticUserFilter) to context static
2022-11-04 13:16:34,615 [Listener at 127.0.0.1/35095] INFO  http.HttpServer2 (HttpServer2.java:bindListener(1250)) - Jetty bound to port 46105
2022-11-04 13:16:34,615 [Listener at 127.0.0.1/35095] INFO  server.Server (Server.java:doStart(375)) - jetty-9.4.49.v20220914; built: 2022-09-14T01:07:36.601Z; git: 4231a3b2e4cb8548a412a789936d640a97b1aa0a; jvm 1.8.0_345-b01
2022-11-04 13:16:34,618 [Listener at 127.0.0.1/35095] INFO  server.session (DefaultSessionIdManager.java:doStart(334)) - DefaultSessionIdManager workerName=node0
2022-11-04 13:16:34,618 [Listener at 127.0.0.1/35095] INFO  server.session (DefaultSessionIdManager.java:doStart(339)) - No SessionScavenger set, using defaults
2022-11-04 13:16:34,619 [Listener at 127.0.0.1/35095] INFO  server.session (HouseKeeper.java:startScavenging(132)) - node0 Scavenging every 660000ms
2022-11-04 13:16:34,619 [Listener at 127.0.0.1/35095] INFO  handler.ContextHandler (ContextHandler.java:doStart(921)) - Started o.e.j.s.ServletContextHandler@7d4b0cf2{logs,/logs,file:///home/runner/work/ozone/ozone/hadoop-ozone/integration-test/target/log,AVAILABLE}
2022-11-04 13:16:34,620 [Listener at 127.0.0.1/35095] INFO  handler.ContextHandler (ContextHandler.java:doStart(921)) - Started o.e.j.s.ServletContextHandler@4e10099e{static,/static,jar:file:/home/runner/.m2/repository/org/apache/ozone/hdds-container-service/1.3.0-SNAPSHOT/hdds-container-service-1.3.0-SNAPSHOT.jar!/webapps/static,AVAILABLE}
2022-11-04 13:16:34,788 [Listener at 127.0.0.1/35095] INFO  handler.ContextHandler (ContextHandler.java:doStart(921)) - Started o.e.j.w.WebAppContext@29b96be0{hddsDatanode,/,file:///tmp/jetty-0_0_0_0-46105-hdds-container-service-1_3_0-SNAPSHOT_jar-_-any-8107687243899987622/webapp/,AVAILABLE}{jar:file:/home/runner/.m2/repository/org/apache/ozone/hdds-container-service/1.3.0-SNAPSHOT/hdds-container-service-1.3.0-SNAPSHOT.jar!/webapps/hddsDatanode}
2022-11-04 13:16:34,791 [Listener at 127.0.0.1/35095] INFO  server.AbstractConnector (AbstractConnector.java:doStart(333)) - Started ServerConnector@7e74d1ce{HTTP/1.1, (http/1.1)}{0.0.0.0:46105}
2022-11-04 13:16:34,791 [Listener at 127.0.0.1/35095] INFO  server.Server (Server.java:doStart(415)) - Started @9937ms
2022-11-04 13:16:34,791 [Listener at 127.0.0.1/35095] WARN  impl.MetricsSystemImpl (MetricsSystemImpl.java:register(279)) - Sink prometheus already exists!
2022-11-04 13:16:34,791 [Listener at 127.0.0.1/35095] INFO  http.BaseHttpServer (BaseHttpServer.java:updateConnectorAddress(333)) - HTTP server of hddsDatanode listening at http://0.0.0.0:46105
2022-11-04 13:16:34,796 [Listener at 127.0.0.1/35095] WARN  impl.MetricRegistriesImpl (MetricRegistriesImpl.java:addReporterRegistration(111)) - New reporters are added after registries were created. Some metrics will be missing from the reporter. Please add reporter before adding any new registry.
2022-11-04 13:16:34,796 [Listener at 127.0.0.1/35095] WARN  impl.MetricRegistriesImpl (MetricRegistriesImpl.java:addReporterRegistration(111)) - New reporters are added after registries were created. Some metrics will be missing from the reporter. Please add reporter before adding any new registry.
2022-11-04 13:16:34,797 [Listener at 127.0.0.1/35095] INFO  impl.MetricsSystemImpl (MetricsSystemImpl.java:init(158)) - HddsDatanode metrics system started (again)
2022-11-04 13:16:34,798 [Datanode State Machine Daemon Thread] INFO  statemachine.DatanodeStateMachine (DatanodeStateMachine.java:lambda$startDaemon$0(505)) - Ozone container server started.
2022-11-04 13:16:34,820 [org.apache.hadoop.util.JvmPauseMonitor$Monitor@711ad9a0] INFO  util.JvmPauseMonitor (JvmPauseMonitor.java:run(188)) - Starting JVM pause monitor
2022-11-04 13:16:34,822 [Datanode State Machine Task Thread - 0] INFO  datanode.InitDatanodeState (InitDatanodeState.java:persistContainerDatanodeDetails(138)) - DatanodeDetails is persisted to /home/runner/work/ozone/ozone/hadoop-ozone/integration-test/target/test-dir/MiniOzoneClusterImpl-0c0bfa66-1f5b-4f11-9fe6-cbebe0503434/datanode-6/meta/datanode.id
2022-11-04 13:16:34,832 [Listener at 127.0.0.1/35095] INFO  ozone.HddsDatanodeService (HddsDatanodeService.java:start(236)) - HddsDatanodeService host:fv-az443-313.ap2fcshprsnunfx25e1aelzb4b.cx.internal.cloudapp.net ip:10.1.1.104
2022-11-04 13:16:34,866 [Listener at 127.0.0.1/35095] INFO  upgrade.AbstractLayoutVersionManager (AbstractLayoutVersionManager.java:init(83)) - Initializing Layout version manager with metadata layout = DATANODE_SCHEMA_V3 (version = 4), software layout = DATANODE_SCHEMA_V3 (version = 4)
2022-11-04 13:16:34,886 [EndpointStateMachine task thread for /0.0.0.0:43187 - 0 ] INFO  utils.DatanodeStoreCache (DatanodeStoreCache.java:addDB(58)) - Added db /home/runner/work/ozone/ozone/hadoop-ozone/integration-test/target/test-dir/MiniOzoneClusterImpl-0c0bfa66-1f5b-4f11-9fe6-cbebe0503434/datanode-0/data-0/containers/hdds/0c0bfa66-1f5b-4f11-9fe6-cbebe0503434/DS-3024741f-c4b1-426e-9620-d316d997a4e0/container.db to cache
2022-11-04 13:16:34,886 [EndpointStateMachine task thread for /0.0.0.0:43187 - 0 ] INFO  volume.HddsVolume (HddsVolume.java:createDbStore(307)) - SchemaV3 db is created and loaded at /home/runner/work/ozone/ozone/hadoop-ozone/integration-test/target/test-dir/MiniOzoneClusterImpl-0c0bfa66-1f5b-4f11-9fe6-cbebe0503434/datanode-0/data-0/containers/hdds/0c0bfa66-1f5b-4f11-9fe6-cbebe0503434/DS-3024741f-c4b1-426e-9620-d316d997a4e0/container.db for volume DS-3024741f-c4b1-426e-9620-d316d997a4e0
2022-11-04 13:16:34,887 [EndpointStateMachine task thread for /0.0.0.0:43187 - 0 ] INFO  ozoneimpl.OzoneContainer (OzoneContainer.java:start(378)) - Attempting to start container services.
2022-11-04 13:16:34,890 [EndpointStateMachine task thread for /0.0.0.0:43187 - 0 ] INFO  ozoneimpl.OzoneContainer (OzoneContainer.java:startContainerScrub(313)) - Background container scanner has been disabled.
2022-11-04 13:16:34,904 [EndpointStateMachine task thread for /0.0.0.0:43187 - 0 ] INFO  replication.ReplicationServer (ReplicationServer.java:start(111)) - ReplicationServer is started using port 44345
2022-11-04 13:16:34,907 [EndpointStateMachine task thread for /0.0.0.0:43187 - 0 ] INFO  ratis.XceiverServerRatis (XceiverServerRatis.java:start(481)) - Starting XceiverServerRatis 8d3760b1-f0ab-49a5-9c8a-a39ea99f9aab
2022-11-04 13:16:34,908 [EndpointStateMachine task thread for /0.0.0.0:43187 - 0 ] INFO  server.RaftServer (RaftServerProxy.java:startImpl(393)) - 8d3760b1-f0ab-49a5-9c8a-a39ea99f9aab: start RPC server
2022-11-04 13:16:34,912 [EndpointStateMachine task thread for /0.0.0.0:43187 - 0 ] INFO  server.GrpcService (GrpcService.java:startImpl(270)) - 8d3760b1-f0ab-49a5-9c8a-a39ea99f9aab: GrpcService started, listening on 40979
2022-11-04 13:16:34,916 [EndpointStateMachine task thread for /0.0.0.0:43187 - 0 ] INFO  ratis.XceiverServerRatis (XceiverServerRatis.java:getRealPort(502)) - XceiverServerRatis 8d3760b1-f0ab-49a5-9c8a-a39ea99f9aab is started using port 40979 for RATIS
2022-11-04 13:16:34,916 [EndpointStateMachine task thread for /0.0.0.0:43187 - 0 ] INFO  ratis.XceiverServerRatis (XceiverServerRatis.java:getRealPort(502)) - XceiverServerRatis 8d3760b1-f0ab-49a5-9c8a-a39ea99f9aab is started using port 40979 for RATIS_ADMIN
2022-11-04 13:16:34,916 [EndpointStateMachine task thread for /0.0.0.0:43187 - 0 ] INFO  ratis.XceiverServerRatis (XceiverServerRatis.java:getRealPort(502)) - XceiverServerRatis 8d3760b1-f0ab-49a5-9c8a-a39ea99f9aab is started using port 40979 for RATIS_SERVER
2022-11-04 13:16:34,918 [JvmPauseMonitor1] INFO  util.JvmPauseMonitor (JvmPauseMonitor.java:run(105)) - JvmPauseMonitor-8d3760b1-f0ab-49a5-9c8a-a39ea99f9aab: Started
2022-11-04 13:16:34,948 [EndpointStateMachine task thread for /0.0.0.0:43187 - 0 ] INFO  server.XceiverServerGrpc (XceiverServerGrpc.java:start(180)) - XceiverServerGrpc 8d3760b1-f0ab-49a5-9c8a-a39ea99f9aab is started using port 43541
2022-11-04 13:16:34,974 [Listener at 127.0.0.1/35095] INFO  reflections.Reflections (Reflections.java:scan(232)) - Reflections took 104 ms to scan 7 urls, producing 139 keys and 336 values 
2022-11-04 13:16:34,976 [Listener at 127.0.0.1/35095] INFO  statemachine.DatanodeStateMachine (DatanodeStateMachine.java:getEndPointTaskThreadPoolSize(245)) - Datanode State Machine Task Thread Pool size 2
2022-11-04 13:16:34,978 [Listener at 127.0.0.1/35095] INFO  volume.HddsVolume (HddsVolume.java:<init>(117)) - Creating HddsVolume: /home/runner/work/ozone/ozone/hadoop-ozone/integration-test/target/test-dir/MiniOzoneClusterImpl-0c0bfa66-1f5b-4f11-9fe6-cbebe0503434/datanode-7/data-0/containers/hdds of storage type : DISK capacity : 9223372036854775807
2022-11-04 13:16:34,978 [Listener at 127.0.0.1/35095] INFO  volume.MutableVolumeSet (MutableVolumeSet.java:initializeVolumeSet(174)) - Added Volume : /home/runner/work/ozone/ozone/hadoop-ozone/integration-test/target/test-dir/MiniOzoneClusterImpl-0c0bfa66-1f5b-4f11-9fe6-cbebe0503434/datanode-7/data-0/containers/hdds to VolumeSet
2022-11-04 13:16:34,978 [Listener at 127.0.0.1/35095] INFO  volume.ThrottledAsyncChecker (ThrottledAsyncChecker.java:schedule(141)) - Scheduling a check for /home/runner/work/ozone/ozone/hadoop-ozone/integration-test/target/test-dir/MiniOzoneClusterImpl-0c0bfa66-1f5b-4f11-9fe6-cbebe0503434/datanode-7/data-0/containers/hdds
2022-11-04 13:16:34,979 [Listener at 127.0.0.1/35095] INFO  volume.StorageVolumeChecker (StorageVolumeChecker.java:checkAllVolumes(202)) - Scheduled health check for volume /home/runner/work/ozone/ozone/hadoop-ozone/integration-test/target/test-dir/MiniOzoneClusterImpl-0c0bfa66-1f5b-4f11-9fe6-cbebe0503434/datanode-7/data-0/containers/hdds
2022-11-04 13:16:34,997 [Listener at 127.0.0.1/35095] INFO  volume.MutableVolumeSet (MutableVolumeSet.java:initializeVolumeSet(174)) - Added Volume : /home/runner/work/ozone/ozone/hadoop-ozone/integration-test/target/test-dir/MiniOzoneClusterImpl-0c0bfa66-1f5b-4f11-9fe6-cbebe0503434/datanode-7/data/ratis to VolumeSet
2022-11-04 13:16:34,997 [Listener at 127.0.0.1/35095] INFO  volume.ThrottledAsyncChecker (ThrottledAsyncChecker.java:schedule(141)) - Scheduling a check for /home/runner/work/ozone/ozone/hadoop-ozone/integration-test/target/test-dir/MiniOzoneClusterImpl-0c0bfa66-1f5b-4f11-9fe6-cbebe0503434/datanode-7/data/ratis
2022-11-04 13:16:34,998 [Listener at 127.0.0.1/35095] INFO  volume.StorageVolumeChecker (StorageVolumeChecker.java:checkAllVolumes(202)) - Scheduled health check for volume /home/runner/work/ozone/ozone/hadoop-ozone/integration-test/target/test-dir/MiniOzoneClusterImpl-0c0bfa66-1f5b-4f11-9fe6-cbebe0503434/datanode-7/data/ratis
2022-11-04 13:16:35,008 [Thread-235] INFO  ozoneimpl.ContainerReader (ContainerReader.java:readVolume(175)) - Finish verifying containers on volume /home/runner/work/ozone/ozone/hadoop-ozone/integration-test/target/test-dir/MiniOzoneClusterImpl-0c0bfa66-1f5b-4f11-9fe6-cbebe0503434/datanode-7/data-0/containers/hdds
2022-11-04 13:16:35,009 [Listener at 127.0.0.1/35095] INFO  ozoneimpl.OzoneContainer (OzoneContainer.java:buildContainerSet(300)) - Build ContainerSet costs 0s
2022-11-04 13:16:35,011 [Listener at 127.0.0.1/35095] INFO  server.RaftServer (ConfUtils.java:logGet(46)) - raft.rpc.type = GRPC (default)
2022-11-04 13:16:35,011 [Listener at 127.0.0.1/35095] INFO  grpc.GrpcConfigKeys (ConfUtils.java:logFallback(53)) - raft.grpc.admin.host = null (fallback to raft.grpc.server.host)
2022-11-04 13:16:35,012 [Listener at 127.0.0.1/35095] INFO  grpc.GrpcConfigKeys (ConfUtils.java:logGet(46)) - raft.grpc.admin.port = 0 (custom)
2022-11-04 13:16:35,012 [Listener at 127.0.0.1/35095] INFO  grpc.GrpcConfigKeys (ConfUtils.java:logFallback(53)) - raft.grpc.client.host = null (fallback to raft.grpc.server.host)
2022-11-04 13:16:35,012 [Listener at 127.0.0.1/35095] INFO  grpc.GrpcConfigKeys (ConfUtils.java:logGet(46)) - raft.grpc.client.port = 0 (custom)
2022-11-04 13:16:35,012 [Listener at 127.0.0.1/35095] INFO  grpc.GrpcConfigKeys (ConfUtils.java:logGet(46)) - raft.grpc.server.host = null (default)
2022-11-04 13:16:35,012 [Listener at 127.0.0.1/35095] INFO  grpc.GrpcConfigKeys (ConfUtils.java:logGet(46)) - raft.grpc.server.port = 0 (default)
2022-11-04 13:16:35,016 [Listener at 127.0.0.1/35095] INFO  server.GrpcService (ConfUtils.java:logGet(46)) - raft.grpc.message.size.max = 32MB (=33554432) (custom)
2022-11-04 13:16:35,017 [Listener at 127.0.0.1/35095] INFO  server.RaftServerConfigKeys (ConfUtils.java:logGet(46)) - raft.server.log.appender.buffer.byte-limit = 33554432 (custom)
2022-11-04 13:16:35,017 [Listener at 127.0.0.1/35095] INFO  server.GrpcService (ConfUtils.java:logGet(46)) - raft.grpc.flow.control.window = 5MB (=5242880) (custom)
2022-11-04 13:16:35,017 [Listener at 127.0.0.1/35095] INFO  server.RaftServerConfigKeys (ConfUtils.java:logGet(46)) - raft.server.rpc.request.timeout = 60s (custom)
2022-11-04 13:16:35,017 [Listener at 127.0.0.1/35095] INFO  grpc.GrpcConfigKeys (ConfUtils.java:logGet(46)) - raft.grpc.server.heartbeat.channel = true (default)
2022-11-04 13:16:35,018 [Listener at 127.0.0.1/35095] INFO  grpc.GrpcConfigKeys (ConfUtils.java:logGet(46)) - raft.grpc.server.async.request.thread.pool.cached = true (default)
2022-11-04 13:16:35,018 [Listener at 127.0.0.1/35095] INFO  grpc.GrpcConfigKeys (ConfUtils.java:logGet(46)) - raft.grpc.server.async.request.thread.pool.size = 32 (default)
2022-11-04 13:16:35,020 [Listener at 127.0.0.1/35095] INFO  impl.DataStreamServerImpl (ConfUtils.java:logGet(46)) - raft.datastream.type = DISABLED (default)
2022-11-04 13:16:35,020 [Listener at 127.0.0.1/35095] INFO  server.RaftServerConfigKeys (ConfUtils.java:logGet(46)) - raft.server.threadpool.proxy.cached = true (default)
2022-11-04 13:16:35,020 [Listener at 127.0.0.1/35095] INFO  server.RaftServerConfigKeys (ConfUtils.java:logGet(46)) - raft.server.threadpool.proxy.size = 0 (default)
2022-11-04 13:16:35,020 [Listener at 127.0.0.1/35095] INFO  server.RaftServerConfigKeys (ConfUtils.java:logGet(46)) - raft.server.rpc.slowness.timeout = 300s (custom)
2022-11-04 13:16:35,021 [Listener at 127.0.0.1/35095] INFO  server.RaftServerConfigKeys (ConfUtils.java:logGet(46)) - raft.server.leaderelection.leader.step-down.wait-time = 10s (default)
2022-11-04 13:16:35,021 [Listener at 127.0.0.1/35095] INFO  server.RaftServerConfigKeys (ConfUtils.java:logGet(46)) - raft.server.storage.dir = [/home/runner/work/ozone/ozone/hadoop-ozone/integration-test/target/test-dir/MiniOzoneClusterImpl-0c0bfa66-1f5b-4f11-9fe6-cbebe0503434/datanode-7/data/ratis] (custom)
2022-11-04 13:16:35,030 [Listener at 127.0.0.1/35095] INFO  server.XceiverServerGrpc (XceiverServerGrpc.java:<init>(132)) - GrpcServer channel type EpollServerSocketChannel
2022-11-04 13:16:35,041 [Listener at 127.0.0.1/35095] INFO  http.BaseHttpServer (BaseHttpServer.java:newHttpServer2BuilderForOzone(213)) - Starting Web-server for hddsDatanode at: http://0.0.0.0:0
2022-11-04 13:16:35,041 [Listener at 127.0.0.1/35095] INFO  http.BaseHttpServer (BaseHttpServer.java:<init>(108)) - Hadoop Security Enabled: false Ozone Security Enabled: false Ozone HTTP Security Enabled: false 
2022-11-04 13:16:35,043 [Listener at 127.0.0.1/35095] WARN  server.AuthenticationFilter (AuthenticationFilter.java:constructSecretProvider(240)) - Unable to initialize FileSignerSecretProvider, falling back to use random secrets. Reason: Could not read signature secret file: /home/runner/hadoop-http-auth-signature-secret
2022-11-04 13:16:35,044 [Listener at 127.0.0.1/35095] WARN  http.HttpRequestLog (HttpRequestLog.java:getRequestLog(103)) - Jetty request log can only be enabled using Log4j
2022-11-04 13:16:35,046 [Listener at 127.0.0.1/35095] INFO  http.HttpServer2 (HttpServer2.java:addGlobalFilter(1031)) - Added global filter 'safety' (class=org.apache.hadoop.hdds.server.http.HttpServer2$QuotingInputFilter)
2022-11-04 13:16:35,047 [Listener at 127.0.0.1/35095] INFO  http.HttpServer2 (HttpServer2.java:addFilter(1007)) - Added filter static_user_filter (class=org.apache.hadoop.http.lib.StaticUserWebFilter$StaticUserFilter) to context hddsDatanode
2022-11-04 13:16:35,048 [Listener at 127.0.0.1/35095] INFO  http.HttpServer2 (HttpServer2.java:addFilter(1015)) - Added filter static_user_filter (class=org.apache.hadoop.http.lib.StaticUserWebFilter$StaticUserFilter) to context logs
2022-11-04 13:16:35,048 [Listener at 127.0.0.1/35095] INFO  http.HttpServer2 (HttpServer2.java:addFilter(1015)) - Added filter static_user_filter (class=org.apache.hadoop.http.lib.StaticUserWebFilter$StaticUserFilter) to context static
2022-11-04 13:16:35,048 [Listener at 127.0.0.1/35095] INFO  http.HttpServer2 (HttpServer2.java:bindListener(1250)) - Jetty bound to port 41159
2022-11-04 13:16:35,048 [Listener at 127.0.0.1/35095] INFO  server.Server (Server.java:doStart(375)) - jetty-9.4.49.v20220914; built: 2022-09-14T01:07:36.601Z; git: 4231a3b2e4cb8548a412a789936d640a97b1aa0a; jvm 1.8.0_345-b01
2022-11-04 13:16:35,053 [Listener at 127.0.0.1/35095] INFO  server.session (DefaultSessionIdManager.java:doStart(334)) - DefaultSessionIdManager workerName=node0
2022-11-04 13:16:35,053 [Listener at 127.0.0.1/35095] INFO  server.session (DefaultSessionIdManager.java:doStart(339)) - No SessionScavenger set, using defaults
2022-11-04 13:16:35,053 [Listener at 127.0.0.1/35095] INFO  server.session (HouseKeeper.java:startScavenging(132)) - node0 Scavenging every 600000ms
2022-11-04 13:16:35,054 [Listener at 127.0.0.1/35095] INFO  handler.ContextHandler (ContextHandler.java:doStart(921)) - Started o.e.j.s.ServletContextHandler@2fe6a375{logs,/logs,file:///home/runner/work/ozone/ozone/hadoop-ozone/integration-test/target/log,AVAILABLE}
2022-11-04 13:16:35,054 [Listener at 127.0.0.1/35095] INFO  handler.ContextHandler (ContextHandler.java:doStart(921)) - Started o.e.j.s.ServletContextHandler@18ca542f{static,/static,jar:file:/home/runner/.m2/repository/org/apache/ozone/hdds-container-service/1.3.0-SNAPSHOT/hdds-container-service-1.3.0-SNAPSHOT.jar!/webapps/static,AVAILABLE}
2022-11-04 13:16:35,153 [EndpointStateMachine task thread for /0.0.0.0:43187 - 0 ] INFO  utils.DatanodeStoreCache (DatanodeStoreCache.java:addDB(58)) - Added db /home/runner/work/ozone/ozone/hadoop-ozone/integration-test/target/test-dir/MiniOzoneClusterImpl-0c0bfa66-1f5b-4f11-9fe6-cbebe0503434/datanode-1/data-0/containers/hdds/0c0bfa66-1f5b-4f11-9fe6-cbebe0503434/DS-64a723b0-98e6-4f29-a5f6-9164ccaafc9e/container.db to cache
2022-11-04 13:16:35,154 [EndpointStateMachine task thread for /0.0.0.0:43187 - 0 ] INFO  volume.HddsVolume (HddsVolume.java:createDbStore(307)) - SchemaV3 db is created and loaded at /home/runner/work/ozone/ozone/hadoop-ozone/integration-test/target/test-dir/MiniOzoneClusterImpl-0c0bfa66-1f5b-4f11-9fe6-cbebe0503434/datanode-1/data-0/containers/hdds/0c0bfa66-1f5b-4f11-9fe6-cbebe0503434/DS-64a723b0-98e6-4f29-a5f6-9164ccaafc9e/container.db for volume DS-64a723b0-98e6-4f29-a5f6-9164ccaafc9e
2022-11-04 13:16:35,154 [EndpointStateMachine task thread for /0.0.0.0:43187 - 0 ] INFO  ozoneimpl.OzoneContainer (OzoneContainer.java:start(378)) - Attempting to start container services.
2022-11-04 13:16:35,154 [EndpointStateMachine task thread for /0.0.0.0:43187 - 0 ] INFO  ozoneimpl.OzoneContainer (OzoneContainer.java:startContainerScrub(313)) - Background container scanner has been disabled.
2022-11-04 13:16:35,156 [EndpointStateMachine task thread for /0.0.0.0:43187 - 0 ] INFO  replication.ReplicationServer (ReplicationServer.java:start(111)) - ReplicationServer is started using port 44479
2022-11-04 13:16:35,156 [EndpointStateMachine task thread for /0.0.0.0:43187 - 0 ] INFO  ratis.XceiverServerRatis (XceiverServerRatis.java:start(481)) - Starting XceiverServerRatis c7cc2fe0-c6a0-4806-a89e-0e07a1727659
2022-11-04 13:16:35,173 [EndpointStateMachine task thread for /0.0.0.0:43187 - 0 ] INFO  server.RaftServer (RaftServerProxy.java:startImpl(393)) - c7cc2fe0-c6a0-4806-a89e-0e07a1727659: start RPC server
2022-11-04 13:16:35,182 [EndpointStateMachine task thread for /0.0.0.0:43187 - 0 ] INFO  server.GrpcService (GrpcService.java:startImpl(270)) - c7cc2fe0-c6a0-4806-a89e-0e07a1727659: GrpcService started, listening on 40287
2022-11-04 13:16:35,183 [EndpointStateMachine task thread for /0.0.0.0:43187 - 0 ] INFO  ratis.XceiverServerRatis (XceiverServerRatis.java:getRealPort(502)) - XceiverServerRatis c7cc2fe0-c6a0-4806-a89e-0e07a1727659 is started using port 40287 for RATIS
2022-11-04 13:16:35,183 [EndpointStateMachine task thread for /0.0.0.0:43187 - 0 ] INFO  ratis.XceiverServerRatis (XceiverServerRatis.java:getRealPort(502)) - XceiverServerRatis c7cc2fe0-c6a0-4806-a89e-0e07a1727659 is started using port 40287 for RATIS_ADMIN
2022-11-04 13:16:35,183 [EndpointStateMachine task thread for /0.0.0.0:43187 - 0 ] INFO  ratis.XceiverServerRatis (XceiverServerRatis.java:getRealPort(502)) - XceiverServerRatis c7cc2fe0-c6a0-4806-a89e-0e07a1727659 is started using port 40287 for RATIS_SERVER
2022-11-04 13:16:35,184 [JvmPauseMonitor2] INFO  util.JvmPauseMonitor (JvmPauseMonitor.java:run(105)) - JvmPauseMonitor-c7cc2fe0-c6a0-4806-a89e-0e07a1727659: Started
2022-11-04 13:16:35,185 [EndpointStateMachine task thread for /0.0.0.0:43187 - 0 ] INFO  server.XceiverServerGrpc (XceiverServerGrpc.java:start(180)) - XceiverServerGrpc c7cc2fe0-c6a0-4806-a89e-0e07a1727659 is started using port 46851
2022-11-04 13:16:35,269 [Listener at 127.0.0.1/35095] INFO  handler.ContextHandler (ContextHandler.java:doStart(921)) - Started o.e.j.w.WebAppContext@4d38f8b8{hddsDatanode,/,file:///tmp/jetty-0_0_0_0-41159-hdds-container-service-1_3_0-SNAPSHOT_jar-_-any-6588967544951896126/webapp/,AVAILABLE}{jar:file:/home/runner/.m2/repository/org/apache/ozone/hdds-container-service/1.3.0-SNAPSHOT/hdds-container-service-1.3.0-SNAPSHOT.jar!/webapps/hddsDatanode}
2022-11-04 13:16:35,271 [Listener at 127.0.0.1/35095] INFO  server.AbstractConnector (AbstractConnector.java:doStart(333)) - Started ServerConnector@22651b3a{HTTP/1.1, (http/1.1)}{0.0.0.0:41159}
2022-11-04 13:16:35,271 [Listener at 127.0.0.1/35095] INFO  server.Server (Server.java:doStart(415)) - Started @10417ms
2022-11-04 13:16:35,271 [Listener at 127.0.0.1/35095] WARN  impl.MetricsSystemImpl (MetricsSystemImpl.java:register(279)) - Sink prometheus already exists!
2022-11-04 13:16:35,271 [Listener at 127.0.0.1/35095] INFO  http.BaseHttpServer (BaseHttpServer.java:updateConnectorAddress(333)) - HTTP server of hddsDatanode listening at http://0.0.0.0:41159
2022-11-04 13:16:35,272 [Listener at 127.0.0.1/35095] WARN  impl.MetricRegistriesImpl (MetricRegistriesImpl.java:addReporterRegistration(111)) - New reporters are added after registries were created. Some metrics will be missing from the reporter. Please add reporter before adding any new registry.
2022-11-04 13:16:35,272 [Listener at 127.0.0.1/35095] WARN  impl.MetricRegistriesImpl (MetricRegistriesImpl.java:addReporterRegistration(111)) - New reporters are added after registries were created. Some metrics will be missing from the reporter. Please add reporter before adding any new registry.
2022-11-04 13:16:35,272 [Listener at 127.0.0.1/35095] INFO  impl.MetricsSystemImpl (MetricsSystemImpl.java:init(158)) - HddsDatanode metrics system started (again)
2022-11-04 13:16:35,278 [Datanode State Machine Daemon Thread] INFO  statemachine.DatanodeStateMachine (DatanodeStateMachine.java:lambda$startDaemon$0(505)) - Ozone container server started.
2022-11-04 13:16:35,293 [org.apache.hadoop.util.JvmPauseMonitor$Monitor@56009bc9] INFO  util.JvmPauseMonitor (JvmPauseMonitor.java:run(188)) - Starting JVM pause monitor
2022-11-04 13:16:35,299 [Listener at 127.0.0.1/35095] INFO  ozone.HddsDatanodeService (HddsDatanodeService.java:start(236)) - HddsDatanodeService host:fv-az443-313.ap2fcshprsnunfx25e1aelzb4b.cx.internal.cloudapp.net ip:10.1.1.104
2022-11-04 13:16:35,304 [Datanode State Machine Task Thread - 0] INFO  datanode.InitDatanodeState (InitDatanodeState.java:persistContainerDatanodeDetails(138)) - DatanodeDetails is persisted to /home/runner/work/ozone/ozone/hadoop-ozone/integration-test/target/test-dir/MiniOzoneClusterImpl-0c0bfa66-1f5b-4f11-9fe6-cbebe0503434/datanode-7/meta/datanode.id
2022-11-04 13:16:35,325 [Listener at 127.0.0.1/35095] INFO  upgrade.AbstractLayoutVersionManager (AbstractLayoutVersionManager.java:init(83)) - Initializing Layout version manager with metadata layout = DATANODE_SCHEMA_V3 (version = 4), software layout = DATANODE_SCHEMA_V3 (version = 4)
2022-11-04 13:16:35,400 [Listener at 127.0.0.1/35095] INFO  reflections.Reflections (Reflections.java:scan(232)) - Reflections took 73 ms to scan 7 urls, producing 139 keys and 336 values 
2022-11-04 13:16:35,402 [Listener at 127.0.0.1/35095] INFO  statemachine.DatanodeStateMachine (DatanodeStateMachine.java:getEndPointTaskThreadPoolSize(245)) - Datanode State Machine Task Thread Pool size 2
2022-11-04 13:16:35,405 [Listener at 127.0.0.1/35095] INFO  volume.HddsVolume (HddsVolume.java:<init>(117)) - Creating HddsVolume: /home/runner/work/ozone/ozone/hadoop-ozone/integration-test/target/test-dir/MiniOzoneClusterImpl-0c0bfa66-1f5b-4f11-9fe6-cbebe0503434/datanode-8/data-0/containers/hdds of storage type : DISK capacity : 9223372036854775807
2022-11-04 13:16:35,406 [Listener at 127.0.0.1/35095] INFO  volume.MutableVolumeSet (MutableVolumeSet.java:initializeVolumeSet(174)) - Added Volume : /home/runner/work/ozone/ozone/hadoop-ozone/integration-test/target/test-dir/MiniOzoneClusterImpl-0c0bfa66-1f5b-4f11-9fe6-cbebe0503434/datanode-8/data-0/containers/hdds to VolumeSet
2022-11-04 13:16:35,406 [Listener at 127.0.0.1/35095] INFO  volume.ThrottledAsyncChecker (ThrottledAsyncChecker.java:schedule(141)) - Scheduling a check for /home/runner/work/ozone/ozone/hadoop-ozone/integration-test/target/test-dir/MiniOzoneClusterImpl-0c0bfa66-1f5b-4f11-9fe6-cbebe0503434/datanode-8/data-0/containers/hdds
2022-11-04 13:16:35,414 [Listener at 127.0.0.1/35095] INFO  volume.StorageVolumeChecker (StorageVolumeChecker.java:checkAllVolumes(202)) - Scheduled health check for volume /home/runner/work/ozone/ozone/hadoop-ozone/integration-test/target/test-dir/MiniOzoneClusterImpl-0c0bfa66-1f5b-4f11-9fe6-cbebe0503434/datanode-8/data-0/containers/hdds
2022-11-04 13:16:35,425 [Listener at 127.0.0.1/35095] INFO  volume.MutableVolumeSet (MutableVolumeSet.java:initializeVolumeSet(174)) - Added Volume : /home/runner/work/ozone/ozone/hadoop-ozone/integration-test/target/test-dir/MiniOzoneClusterImpl-0c0bfa66-1f5b-4f11-9fe6-cbebe0503434/datanode-8/data/ratis to VolumeSet
2022-11-04 13:16:35,426 [Listener at 127.0.0.1/35095] INFO  volume.ThrottledAsyncChecker (ThrottledAsyncChecker.java:schedule(141)) - Scheduling a check for /home/runner/work/ozone/ozone/hadoop-ozone/integration-test/target/test-dir/MiniOzoneClusterImpl-0c0bfa66-1f5b-4f11-9fe6-cbebe0503434/datanode-8/data/ratis
2022-11-04 13:16:35,426 [Listener at 127.0.0.1/35095] INFO  volume.StorageVolumeChecker (StorageVolumeChecker.java:checkAllVolumes(202)) - Scheduled health check for volume /home/runner/work/ozone/ozone/hadoop-ozone/integration-test/target/test-dir/MiniOzoneClusterImpl-0c0bfa66-1f5b-4f11-9fe6-cbebe0503434/datanode-8/data/ratis
2022-11-04 13:16:35,440 [Thread-253] INFO  ozoneimpl.ContainerReader (ContainerReader.java:readVolume(175)) - Finish verifying containers on volume /home/runner/work/ozone/ozone/hadoop-ozone/integration-test/target/test-dir/MiniOzoneClusterImpl-0c0bfa66-1f5b-4f11-9fe6-cbebe0503434/datanode-8/data-0/containers/hdds
2022-11-04 13:16:35,441 [Listener at 127.0.0.1/35095] INFO  ozoneimpl.OzoneContainer (OzoneContainer.java:buildContainerSet(300)) - Build ContainerSet costs 0s
2022-11-04 13:16:35,446 [Listener at 127.0.0.1/35095] INFO  server.RaftServer (ConfUtils.java:logGet(46)) - raft.rpc.type = GRPC (default)
2022-11-04 13:16:35,446 [Listener at 127.0.0.1/35095] INFO  grpc.GrpcConfigKeys (ConfUtils.java:logFallback(53)) - raft.grpc.admin.host = null (fallback to raft.grpc.server.host)
2022-11-04 13:16:35,446 [Listener at 127.0.0.1/35095] INFO  grpc.GrpcConfigKeys (ConfUtils.java:logGet(46)) - raft.grpc.admin.port = 0 (custom)
2022-11-04 13:16:35,447 [Listener at 127.0.0.1/35095] INFO  grpc.GrpcConfigKeys (ConfUtils.java:logFallback(53)) - raft.grpc.client.host = null (fallback to raft.grpc.server.host)
2022-11-04 13:16:35,447 [Listener at 127.0.0.1/35095] INFO  grpc.GrpcConfigKeys (ConfUtils.java:logGet(46)) - raft.grpc.client.port = 0 (custom)
2022-11-04 13:16:35,447 [Listener at 127.0.0.1/35095] INFO  grpc.GrpcConfigKeys (ConfUtils.java:logGet(46)) - raft.grpc.server.host = null (default)
2022-11-04 13:16:35,447 [Listener at 127.0.0.1/35095] INFO  grpc.GrpcConfigKeys (ConfUtils.java:logGet(46)) - raft.grpc.server.port = 0 (default)
2022-11-04 13:16:35,447 [Listener at 127.0.0.1/35095] INFO  server.GrpcService (ConfUtils.java:logGet(46)) - raft.grpc.message.size.max = 32MB (=33554432) (custom)
2022-11-04 13:16:35,447 [Listener at 127.0.0.1/35095] INFO  server.RaftServerConfigKeys (ConfUtils.java:logGet(46)) - raft.server.log.appender.buffer.byte-limit = 33554432 (custom)
2022-11-04 13:16:35,447 [Listener at 127.0.0.1/35095] INFO  server.GrpcService (ConfUtils.java:logGet(46)) - raft.grpc.flow.control.window = 5MB (=5242880) (custom)
2022-11-04 13:16:35,448 [Listener at 127.0.0.1/35095] INFO  server.RaftServerConfigKeys (ConfUtils.java:logGet(46)) - raft.server.rpc.request.timeout = 60s (custom)
2022-11-04 13:16:35,448 [Listener at 127.0.0.1/35095] INFO  grpc.GrpcConfigKeys (ConfUtils.java:logGet(46)) - raft.grpc.server.heartbeat.channel = true (default)
2022-11-04 13:16:35,448 [Listener at 127.0.0.1/35095] INFO  grpc.GrpcConfigKeys (ConfUtils.java:logGet(46)) - raft.grpc.server.async.request.thread.pool.cached = true (default)
2022-11-04 13:16:35,448 [Listener at 127.0.0.1/35095] INFO  grpc.GrpcConfigKeys (ConfUtils.java:logGet(46)) - raft.grpc.server.async.request.thread.pool.size = 32 (default)
2022-11-04 13:16:35,449 [Listener at 127.0.0.1/35095] INFO  impl.DataStreamServerImpl (ConfUtils.java:logGet(46)) - raft.datastream.type = DISABLED (default)
2022-11-04 13:16:35,450 [Listener at 127.0.0.1/35095] INFO  server.RaftServerConfigKeys (ConfUtils.java:logGet(46)) - raft.server.threadpool.proxy.cached = true (default)
2022-11-04 13:16:35,450 [Listener at 127.0.0.1/35095] INFO  server.RaftServerConfigKeys (ConfUtils.java:logGet(46)) - raft.server.threadpool.proxy.size = 0 (default)
2022-11-04 13:16:35,450 [Listener at 127.0.0.1/35095] INFO  server.RaftServerConfigKeys (ConfUtils.java:logGet(46)) - raft.server.rpc.slowness.timeout = 300s (custom)
2022-11-04 13:16:35,450 [Listener at 127.0.0.1/35095] INFO  server.RaftServerConfigKeys (ConfUtils.java:logGet(46)) - raft.server.leaderelection.leader.step-down.wait-time = 10s (default)
2022-11-04 13:16:35,450 [Listener at 127.0.0.1/35095] INFO  server.RaftServerConfigKeys (ConfUtils.java:logGet(46)) - raft.server.storage.dir = [/home/runner/work/ozone/ozone/hadoop-ozone/integration-test/target/test-dir/MiniOzoneClusterImpl-0c0bfa66-1f5b-4f11-9fe6-cbebe0503434/datanode-8/data/ratis] (custom)
2022-11-04 13:16:35,458 [Listener at 127.0.0.1/35095] INFO  server.XceiverServerGrpc (XceiverServerGrpc.java:<init>(132)) - GrpcServer channel type EpollServerSocketChannel
2022-11-04 13:16:35,465 [Listener at 127.0.0.1/35095] INFO  http.BaseHttpServer (BaseHttpServer.java:newHttpServer2BuilderForOzone(213)) - Starting Web-server for hddsDatanode at: http://0.0.0.0:0
2022-11-04 13:16:35,465 [Listener at 127.0.0.1/35095] INFO  http.BaseHttpServer (BaseHttpServer.java:<init>(108)) - Hadoop Security Enabled: false Ozone Security Enabled: false Ozone HTTP Security Enabled: false 
2022-11-04 13:16:35,466 [Listener at 127.0.0.1/35095] WARN  server.AuthenticationFilter (AuthenticationFilter.java:constructSecretProvider(240)) - Unable to initialize FileSignerSecretProvider, falling back to use random secrets. Reason: Could not read signature secret file: /home/runner/hadoop-http-auth-signature-secret
2022-11-04 13:16:35,467 [Listener at 127.0.0.1/35095] WARN  http.HttpRequestLog (HttpRequestLog.java:getRequestLog(103)) - Jetty request log can only be enabled using Log4j
2022-11-04 13:16:35,469 [Listener at 127.0.0.1/35095] INFO  http.HttpServer2 (HttpServer2.java:addGlobalFilter(1031)) - Added global filter 'safety' (class=org.apache.hadoop.hdds.server.http.HttpServer2$QuotingInputFilter)
2022-11-04 13:16:35,469 [Listener at 127.0.0.1/35095] INFO  http.HttpServer2 (HttpServer2.java:addFilter(1007)) - Added filter static_user_filter (class=org.apache.hadoop.http.lib.StaticUserWebFilter$StaticUserFilter) to context hddsDatanode
2022-11-04 13:16:35,470 [Listener at 127.0.0.1/35095] INFO  http.HttpServer2 (HttpServer2.java:addFilter(1015)) - Added filter static_user_filter (class=org.apache.hadoop.http.lib.StaticUserWebFilter$StaticUserFilter) to context logs
2022-11-04 13:16:35,470 [Listener at 127.0.0.1/35095] INFO  http.HttpServer2 (HttpServer2.java:addFilter(1015)) - Added filter static_user_filter (class=org.apache.hadoop.http.lib.StaticUserWebFilter$StaticUserFilter) to context static
2022-11-04 13:16:35,471 [Listener at 127.0.0.1/35095] INFO  http.HttpServer2 (HttpServer2.java:bindListener(1250)) - Jetty bound to port 38345
2022-11-04 13:16:35,471 [Listener at 127.0.0.1/35095] INFO  server.Server (Server.java:doStart(375)) - jetty-9.4.49.v20220914; built: 2022-09-14T01:07:36.601Z; git: 4231a3b2e4cb8548a412a789936d640a97b1aa0a; jvm 1.8.0_345-b01
2022-11-04 13:16:35,472 [Listener at 127.0.0.1/35095] INFO  server.session (DefaultSessionIdManager.java:doStart(334)) - DefaultSessionIdManager workerName=node0
2022-11-04 13:16:35,472 [Listener at 127.0.0.1/35095] INFO  server.session (DefaultSessionIdManager.java:doStart(339)) - No SessionScavenger set, using defaults
2022-11-04 13:16:35,473 [Listener at 127.0.0.1/35095] INFO  server.session (HouseKeeper.java:startScavenging(132)) - node0 Scavenging every 600000ms
2022-11-04 13:16:35,473 [Listener at 127.0.0.1/35095] INFO  handler.ContextHandler (ContextHandler.java:doStart(921)) - Started o.e.j.s.ServletContextHandler@2628b479{logs,/logs,file:///home/runner/work/ozone/ozone/hadoop-ozone/integration-test/target/log,AVAILABLE}
2022-11-04 13:16:35,474 [Listener at 127.0.0.1/35095] INFO  handler.ContextHandler (ContextHandler.java:doStart(921)) - Started o.e.j.s.ServletContextHandler@37389825{static,/static,jar:file:/home/runner/.m2/repository/org/apache/ozone/hdds-container-service/1.3.0-SNAPSHOT/hdds-container-service-1.3.0-SNAPSHOT.jar!/webapps/static,AVAILABLE}
2022-11-04 13:16:35,553 [EndpointStateMachine task thread for /0.0.0.0:43187 - 0 ] INFO  utils.DatanodeStoreCache (DatanodeStoreCache.java:addDB(58)) - Added db /home/runner/work/ozone/ozone/hadoop-ozone/integration-test/target/test-dir/MiniOzoneClusterImpl-0c0bfa66-1f5b-4f11-9fe6-cbebe0503434/datanode-2/data-0/containers/hdds/0c0bfa66-1f5b-4f11-9fe6-cbebe0503434/DS-8ee9d497-9107-4040-b029-317dce362ece/container.db to cache
2022-11-04 13:16:35,553 [EndpointStateMachine task thread for /0.0.0.0:43187 - 0 ] INFO  volume.HddsVolume (HddsVolume.java:createDbStore(307)) - SchemaV3 db is created and loaded at /home/runner/work/ozone/ozone/hadoop-ozone/integration-test/target/test-dir/MiniOzoneClusterImpl-0c0bfa66-1f5b-4f11-9fe6-cbebe0503434/datanode-2/data-0/containers/hdds/0c0bfa66-1f5b-4f11-9fe6-cbebe0503434/DS-8ee9d497-9107-4040-b029-317dce362ece/container.db for volume DS-8ee9d497-9107-4040-b029-317dce362ece
2022-11-04 13:16:35,553 [EndpointStateMachine task thread for /0.0.0.0:43187 - 0 ] INFO  ozoneimpl.OzoneContainer (OzoneContainer.java:start(378)) - Attempting to start container services.
2022-11-04 13:16:35,554 [EndpointStateMachine task thread for /0.0.0.0:43187 - 0 ] INFO  ozoneimpl.OzoneContainer (OzoneContainer.java:startContainerScrub(313)) - Background container scanner has been disabled.
2022-11-04 13:16:35,556 [EndpointStateMachine task thread for /0.0.0.0:43187 - 0 ] INFO  replication.ReplicationServer (ReplicationServer.java:start(111)) - ReplicationServer is started using port 39547
2022-11-04 13:16:35,557 [EndpointStateMachine task thread for /0.0.0.0:43187 - 0 ] INFO  ratis.XceiverServerRatis (XceiverServerRatis.java:start(481)) - Starting XceiverServerRatis 6e1286b8-b074-4479-bd2c-46da0ae8c43a
2022-11-04 13:16:35,563 [EndpointStateMachine task thread for /0.0.0.0:43187 - 0 ] INFO  server.RaftServer (RaftServerProxy.java:startImpl(393)) - 6e1286b8-b074-4479-bd2c-46da0ae8c43a: start RPC server
2022-11-04 13:16:35,570 [EndpointStateMachine task thread for /0.0.0.0:43187 - 0 ] INFO  server.GrpcService (GrpcService.java:startImpl(270)) - 6e1286b8-b074-4479-bd2c-46da0ae8c43a: GrpcService started, listening on 43531
2022-11-04 13:16:35,570 [EndpointStateMachine task thread for /0.0.0.0:43187 - 0 ] INFO  ratis.XceiverServerRatis (XceiverServerRatis.java:getRealPort(502)) - XceiverServerRatis 6e1286b8-b074-4479-bd2c-46da0ae8c43a is started using port 43531 for RATIS
2022-11-04 13:16:35,570 [EndpointStateMachine task thread for /0.0.0.0:43187 - 0 ] INFO  ratis.XceiverServerRatis (XceiverServerRatis.java:getRealPort(502)) - XceiverServerRatis 6e1286b8-b074-4479-bd2c-46da0ae8c43a is started using port 43531 for RATIS_ADMIN
2022-11-04 13:16:35,570 [EndpointStateMachine task thread for /0.0.0.0:43187 - 0 ] INFO  ratis.XceiverServerRatis (XceiverServerRatis.java:getRealPort(502)) - XceiverServerRatis 6e1286b8-b074-4479-bd2c-46da0ae8c43a is started using port 43531 for RATIS_SERVER
2022-11-04 13:16:35,570 [JvmPauseMonitor3] INFO  util.JvmPauseMonitor (JvmPauseMonitor.java:run(105)) - JvmPauseMonitor-6e1286b8-b074-4479-bd2c-46da0ae8c43a: Started
2022-11-04 13:16:35,575 [EndpointStateMachine task thread for /0.0.0.0:43187 - 0 ] INFO  server.XceiverServerGrpc (XceiverServerGrpc.java:start(180)) - XceiverServerGrpc 6e1286b8-b074-4479-bd2c-46da0ae8c43a is started using port 42445
2022-11-04 13:16:35,662 [Listener at 127.0.0.1/35095] INFO  handler.ContextHandler (ContextHandler.java:doStart(921)) - Started o.e.j.w.WebAppContext@71644fdf{hddsDatanode,/,file:///tmp/jetty-0_0_0_0-38345-hdds-container-service-1_3_0-SNAPSHOT_jar-_-any-6002422467819721042/webapp/,AVAILABLE}{jar:file:/home/runner/.m2/repository/org/apache/ozone/hdds-container-service/1.3.0-SNAPSHOT/hdds-container-service-1.3.0-SNAPSHOT.jar!/webapps/hddsDatanode}
2022-11-04 13:16:35,664 [Listener at 127.0.0.1/35095] INFO  server.AbstractConnector (AbstractConnector.java:doStart(333)) - Started ServerConnector@66d9a929{HTTP/1.1, (http/1.1)}{0.0.0.0:38345}
2022-11-04 13:16:35,664 [Listener at 127.0.0.1/35095] INFO  server.Server (Server.java:doStart(415)) - Started @10810ms
2022-11-04 13:16:35,664 [Listener at 127.0.0.1/35095] WARN  impl.MetricsSystemImpl (MetricsSystemImpl.java:register(279)) - Sink prometheus already exists!
2022-11-04 13:16:35,665 [Listener at 127.0.0.1/35095] INFO  http.BaseHttpServer (BaseHttpServer.java:updateConnectorAddress(333)) - HTTP server of hddsDatanode listening at http://0.0.0.0:38345
2022-11-04 13:16:35,668 [Datanode State Machine Daemon Thread] INFO  statemachine.DatanodeStateMachine (DatanodeStateMachine.java:lambda$startDaemon$0(505)) - Ozone container server started.
2022-11-04 13:16:35,669 [Listener at 127.0.0.1/35095] WARN  impl.MetricRegistriesImpl (MetricRegistriesImpl.java:addReporterRegistration(111)) - New reporters are added after registries were created. Some metrics will be missing from the reporter. Please add reporter before adding any new registry.
2022-11-04 13:16:35,669 [Listener at 127.0.0.1/35095] WARN  impl.MetricRegistriesImpl (MetricRegistriesImpl.java:addReporterRegistration(111)) - New reporters are added after registries were created. Some metrics will be missing from the reporter. Please add reporter before adding any new registry.
2022-11-04 13:16:35,669 [Listener at 127.0.0.1/35095] INFO  impl.MetricsSystemImpl (MetricsSystemImpl.java:init(158)) - HddsDatanode metrics system started (again)
2022-11-04 13:16:35,680 [Listener at 127.0.0.1/35095] INFO  ozone.HddsDatanodeService (HddsDatanodeService.java:start(236)) - HddsDatanodeService host:fv-az443-313.ap2fcshprsnunfx25e1aelzb4b.cx.internal.cloudapp.net ip:10.1.1.104
2022-11-04 13:16:35,692 [org.apache.hadoop.util.JvmPauseMonitor$Monitor@2020042d] INFO  util.JvmPauseMonitor (JvmPauseMonitor.java:run(188)) - Starting JVM pause monitor
2022-11-04 13:16:35,694 [Datanode State Machine Task Thread - 0] INFO  datanode.InitDatanodeState (InitDatanodeState.java:persistContainerDatanodeDetails(138)) - DatanodeDetails is persisted to /home/runner/work/ozone/ozone/hadoop-ozone/integration-test/target/test-dir/MiniOzoneClusterImpl-0c0bfa66-1f5b-4f11-9fe6-cbebe0503434/datanode-8/meta/datanode.id
2022-11-04 13:16:35,704 [Listener at 127.0.0.1/35095] INFO  upgrade.AbstractLayoutVersionManager (AbstractLayoutVersionManager.java:init(83)) - Initializing Layout version manager with metadata layout = DATANODE_SCHEMA_V3 (version = 4), software layout = DATANODE_SCHEMA_V3 (version = 4)
2022-11-04 13:16:35,752 [Listener at 127.0.0.1/35095] INFO  reflections.Reflections (Reflections.java:scan(232)) - Reflections took 47 ms to scan 7 urls, producing 139 keys and 336 values 
2022-11-04 13:16:35,753 [Listener at 127.0.0.1/35095] INFO  statemachine.DatanodeStateMachine (DatanodeStateMachine.java:getEndPointTaskThreadPoolSize(245)) - Datanode State Machine Task Thread Pool size 2
2022-11-04 13:16:35,755 [Listener at 127.0.0.1/35095] INFO  volume.HddsVolume (HddsVolume.java:<init>(117)) - Creating HddsVolume: /home/runner/work/ozone/ozone/hadoop-ozone/integration-test/target/test-dir/MiniOzoneClusterImpl-0c0bfa66-1f5b-4f11-9fe6-cbebe0503434/datanode-9/data-0/containers/hdds of storage type : DISK capacity : 9223372036854775807
2022-11-04 13:16:35,756 [Listener at 127.0.0.1/35095] INFO  volume.MutableVolumeSet (MutableVolumeSet.java:initializeVolumeSet(174)) - Added Volume : /home/runner/work/ozone/ozone/hadoop-ozone/integration-test/target/test-dir/MiniOzoneClusterImpl-0c0bfa66-1f5b-4f11-9fe6-cbebe0503434/datanode-9/data-0/containers/hdds to VolumeSet
2022-11-04 13:16:35,756 [Listener at 127.0.0.1/35095] INFO  volume.ThrottledAsyncChecker (ThrottledAsyncChecker.java:schedule(141)) - Scheduling a check for /home/runner/work/ozone/ozone/hadoop-ozone/integration-test/target/test-dir/MiniOzoneClusterImpl-0c0bfa66-1f5b-4f11-9fe6-cbebe0503434/datanode-9/data-0/containers/hdds
2022-11-04 13:16:35,758 [Listener at 127.0.0.1/35095] INFO  volume.StorageVolumeChecker (StorageVolumeChecker.java:checkAllVolumes(202)) - Scheduled health check for volume /home/runner/work/ozone/ozone/hadoop-ozone/integration-test/target/test-dir/MiniOzoneClusterImpl-0c0bfa66-1f5b-4f11-9fe6-cbebe0503434/datanode-9/data-0/containers/hdds
2022-11-04 13:16:35,770 [Listener at 127.0.0.1/35095] INFO  volume.MutableVolumeSet (MutableVolumeSet.java:initializeVolumeSet(174)) - Added Volume : /home/runner/work/ozone/ozone/hadoop-ozone/integration-test/target/test-dir/MiniOzoneClusterImpl-0c0bfa66-1f5b-4f11-9fe6-cbebe0503434/datanode-9/data/ratis to VolumeSet
2022-11-04 13:16:35,771 [Listener at 127.0.0.1/35095] INFO  volume.ThrottledAsyncChecker (ThrottledAsyncChecker.java:schedule(141)) - Scheduling a check for /home/runner/work/ozone/ozone/hadoop-ozone/integration-test/target/test-dir/MiniOzoneClusterImpl-0c0bfa66-1f5b-4f11-9fe6-cbebe0503434/datanode-9/data/ratis
2022-11-04 13:16:35,771 [Listener at 127.0.0.1/35095] INFO  volume.StorageVolumeChecker (StorageVolumeChecker.java:checkAllVolumes(202)) - Scheduled health check for volume /home/runner/work/ozone/ozone/hadoop-ozone/integration-test/target/test-dir/MiniOzoneClusterImpl-0c0bfa66-1f5b-4f11-9fe6-cbebe0503434/datanode-9/data/ratis
2022-11-04 13:16:35,781 [Thread-271] INFO  ozoneimpl.ContainerReader (ContainerReader.java:readVolume(175)) - Finish verifying containers on volume /home/runner/work/ozone/ozone/hadoop-ozone/integration-test/target/test-dir/MiniOzoneClusterImpl-0c0bfa66-1f5b-4f11-9fe6-cbebe0503434/datanode-9/data-0/containers/hdds
2022-11-04 13:16:35,781 [Listener at 127.0.0.1/35095] INFO  ozoneimpl.OzoneContainer (OzoneContainer.java:buildContainerSet(300)) - Build ContainerSet costs 0s
2022-11-04 13:16:35,784 [Listener at 127.0.0.1/35095] INFO  server.RaftServer (ConfUtils.java:logGet(46)) - raft.rpc.type = GRPC (default)
2022-11-04 13:16:35,784 [Listener at 127.0.0.1/35095] INFO  grpc.GrpcConfigKeys (ConfUtils.java:logFallback(53)) - raft.grpc.admin.host = null (fallback to raft.grpc.server.host)
2022-11-04 13:16:35,785 [Listener at 127.0.0.1/35095] INFO  grpc.GrpcConfigKeys (ConfUtils.java:logGet(46)) - raft.grpc.admin.port = 0 (custom)
2022-11-04 13:16:35,785 [Listener at 127.0.0.1/35095] INFO  grpc.GrpcConfigKeys (ConfUtils.java:logFallback(53)) - raft.grpc.client.host = null (fallback to raft.grpc.server.host)
2022-11-04 13:16:35,785 [Listener at 127.0.0.1/35095] INFO  grpc.GrpcConfigKeys (ConfUtils.java:logGet(46)) - raft.grpc.client.port = 0 (custom)
2022-11-04 13:16:35,785 [Listener at 127.0.0.1/35095] INFO  grpc.GrpcConfigKeys (ConfUtils.java:logGet(46)) - raft.grpc.server.host = null (default)
2022-11-04 13:16:35,785 [Listener at 127.0.0.1/35095] INFO  grpc.GrpcConfigKeys (ConfUtils.java:logGet(46)) - raft.grpc.server.port = 0 (default)
2022-11-04 13:16:35,785 [Listener at 127.0.0.1/35095] INFO  server.GrpcService (ConfUtils.java:logGet(46)) - raft.grpc.message.size.max = 32MB (=33554432) (custom)
2022-11-04 13:16:35,785 [Listener at 127.0.0.1/35095] INFO  server.RaftServerConfigKeys (ConfUtils.java:logGet(46)) - raft.server.log.appender.buffer.byte-limit = 33554432 (custom)
2022-11-04 13:16:35,785 [Listener at 127.0.0.1/35095] INFO  server.GrpcService (ConfUtils.java:logGet(46)) - raft.grpc.flow.control.window = 5MB (=5242880) (custom)
2022-11-04 13:16:35,786 [Listener at 127.0.0.1/35095] INFO  server.RaftServerConfigKeys (ConfUtils.java:logGet(46)) - raft.server.rpc.request.timeout = 60s (custom)
2022-11-04 13:16:35,786 [Listener at 127.0.0.1/35095] INFO  grpc.GrpcConfigKeys (ConfUtils.java:logGet(46)) - raft.grpc.server.heartbeat.channel = true (default)
2022-11-04 13:16:35,786 [Listener at 127.0.0.1/35095] INFO  grpc.GrpcConfigKeys (ConfUtils.java:logGet(46)) - raft.grpc.server.async.request.thread.pool.cached = true (default)
2022-11-04 13:16:35,786 [Listener at 127.0.0.1/35095] INFO  grpc.GrpcConfigKeys (ConfUtils.java:logGet(46)) - raft.grpc.server.async.request.thread.pool.size = 32 (default)
2022-11-04 13:16:35,787 [Listener at 127.0.0.1/35095] INFO  impl.DataStreamServerImpl (ConfUtils.java:logGet(46)) - raft.datastream.type = DISABLED (default)
2022-11-04 13:16:35,787 [Listener at 127.0.0.1/35095] INFO  server.RaftServerConfigKeys (ConfUtils.java:logGet(46)) - raft.server.threadpool.proxy.cached = true (default)
2022-11-04 13:16:35,787 [Listener at 127.0.0.1/35095] INFO  server.RaftServerConfigKeys (ConfUtils.java:logGet(46)) - raft.server.threadpool.proxy.size = 0 (default)
2022-11-04 13:16:35,787 [Listener at 127.0.0.1/35095] INFO  server.RaftServerConfigKeys (ConfUtils.java:logGet(46)) - raft.server.rpc.slowness.timeout = 300s (custom)
2022-11-04 13:16:35,788 [Listener at 127.0.0.1/35095] INFO  server.RaftServerConfigKeys (ConfUtils.java:logGet(46)) - raft.server.leaderelection.leader.step-down.wait-time = 10s (default)
2022-11-04 13:16:35,788 [Listener at 127.0.0.1/35095] INFO  server.RaftServerConfigKeys (ConfUtils.java:logGet(46)) - raft.server.storage.dir = [/home/runner/work/ozone/ozone/hadoop-ozone/integration-test/target/test-dir/MiniOzoneClusterImpl-0c0bfa66-1f5b-4f11-9fe6-cbebe0503434/datanode-9/data/ratis] (custom)
2022-11-04 13:16:35,789 [Listener at 127.0.0.1/35095] INFO  server.XceiverServerGrpc (XceiverServerGrpc.java:<init>(132)) - GrpcServer channel type EpollServerSocketChannel
2022-11-04 13:16:35,792 [Listener at 127.0.0.1/35095] INFO  http.BaseHttpServer (BaseHttpServer.java:newHttpServer2BuilderForOzone(213)) - Starting Web-server for hddsDatanode at: http://0.0.0.0:0
2022-11-04 13:16:35,792 [Listener at 127.0.0.1/35095] INFO  http.BaseHttpServer (BaseHttpServer.java:<init>(108)) - Hadoop Security Enabled: false Ozone Security Enabled: false Ozone HTTP Security Enabled: false 
2022-11-04 13:16:35,794 [Listener at 127.0.0.1/35095] WARN  server.AuthenticationFilter (AuthenticationFilter.java:constructSecretProvider(240)) - Unable to initialize FileSignerSecretProvider, falling back to use random secrets. Reason: Could not read signature secret file: /home/runner/hadoop-http-auth-signature-secret
2022-11-04 13:16:35,794 [Listener at 127.0.0.1/35095] WARN  http.HttpRequestLog (HttpRequestLog.java:getRequestLog(103)) - Jetty request log can only be enabled using Log4j
2022-11-04 13:16:35,795 [Listener at 127.0.0.1/35095] INFO  http.HttpServer2 (HttpServer2.java:addGlobalFilter(1031)) - Added global filter 'safety' (class=org.apache.hadoop.hdds.server.http.HttpServer2$QuotingInputFilter)
2022-11-04 13:16:35,796 [Listener at 127.0.0.1/35095] INFO  http.HttpServer2 (HttpServer2.java:addFilter(1007)) - Added filter static_user_filter (class=org.apache.hadoop.http.lib.StaticUserWebFilter$StaticUserFilter) to context hddsDatanode
2022-11-04 13:16:35,796 [Listener at 127.0.0.1/35095] INFO  http.HttpServer2 (HttpServer2.java:addFilter(1015)) - Added filter static_user_filter (class=org.apache.hadoop.http.lib.StaticUserWebFilter$StaticUserFilter) to context logs
2022-11-04 13:16:35,796 [Listener at 127.0.0.1/35095] INFO  http.HttpServer2 (HttpServer2.java:addFilter(1015)) - Added filter static_user_filter (class=org.apache.hadoop.http.lib.StaticUserWebFilter$StaticUserFilter) to context static
2022-11-04 13:16:35,797 [Listener at 127.0.0.1/35095] INFO  http.HttpServer2 (HttpServer2.java:bindListener(1250)) - Jetty bound to port 43505
2022-11-04 13:16:35,797 [Listener at 127.0.0.1/35095] INFO  server.Server (Server.java:doStart(375)) - jetty-9.4.49.v20220914; built: 2022-09-14T01:07:36.601Z; git: 4231a3b2e4cb8548a412a789936d640a97b1aa0a; jvm 1.8.0_345-b01
2022-11-04 13:16:35,798 [Listener at 127.0.0.1/35095] INFO  server.session (DefaultSessionIdManager.java:doStart(334)) - DefaultSessionIdManager workerName=node0
2022-11-04 13:16:35,798 [Listener at 127.0.0.1/35095] INFO  server.session (DefaultSessionIdManager.java:doStart(339)) - No SessionScavenger set, using defaults
2022-11-04 13:16:35,798 [Listener at 127.0.0.1/35095] INFO  server.session (HouseKeeper.java:startScavenging(132)) - node0 Scavenging every 660000ms
2022-11-04 13:16:35,799 [Listener at 127.0.0.1/35095] INFO  handler.ContextHandler (ContextHandler.java:doStart(921)) - Started o.e.j.s.ServletContextHandler@41717985{logs,/logs,file:///home/runner/work/ozone/ozone/hadoop-ozone/integration-test/target/log,AVAILABLE}
2022-11-04 13:16:35,799 [Listener at 127.0.0.1/35095] INFO  handler.ContextHandler (ContextHandler.java:doStart(921)) - Started o.e.j.s.ServletContextHandler@45eda6e7{static,/static,jar:file:/home/runner/.m2/repository/org/apache/ozone/hdds-container-service/1.3.0-SNAPSHOT/hdds-container-service-1.3.0-SNAPSHOT.jar!/webapps/static,AVAILABLE}
2022-11-04 13:16:35,919 [EndpointStateMachine task thread for /0.0.0.0:43187 - 0 ] INFO  utils.DatanodeStoreCache (DatanodeStoreCache.java:addDB(58)) - Added db /home/runner/work/ozone/ozone/hadoop-ozone/integration-test/target/test-dir/MiniOzoneClusterImpl-0c0bfa66-1f5b-4f11-9fe6-cbebe0503434/datanode-3/data-0/containers/hdds/0c0bfa66-1f5b-4f11-9fe6-cbebe0503434/DS-e31ef304-74e9-4824-a8ab-812f69dd270a/container.db to cache
2022-11-04 13:16:35,920 [EndpointStateMachine task thread for /0.0.0.0:43187 - 0 ] INFO  volume.HddsVolume (HddsVolume.java:createDbStore(307)) - SchemaV3 db is created and loaded at /home/runner/work/ozone/ozone/hadoop-ozone/integration-test/target/test-dir/MiniOzoneClusterImpl-0c0bfa66-1f5b-4f11-9fe6-cbebe0503434/datanode-3/data-0/containers/hdds/0c0bfa66-1f5b-4f11-9fe6-cbebe0503434/DS-e31ef304-74e9-4824-a8ab-812f69dd270a/container.db for volume DS-e31ef304-74e9-4824-a8ab-812f69dd270a
2022-11-04 13:16:35,920 [EndpointStateMachine task thread for /0.0.0.0:43187 - 0 ] INFO  ozoneimpl.OzoneContainer (OzoneContainer.java:start(378)) - Attempting to start container services.
2022-11-04 13:16:35,920 [EndpointStateMachine task thread for /0.0.0.0:43187 - 0 ] INFO  ozoneimpl.OzoneContainer (OzoneContainer.java:startContainerScrub(313)) - Background container scanner has been disabled.
2022-11-04 13:16:35,923 [EndpointStateMachine task thread for /0.0.0.0:43187 - 0 ] INFO  replication.ReplicationServer (ReplicationServer.java:start(111)) - ReplicationServer is started using port 33747
2022-11-04 13:16:35,924 [EndpointStateMachine task thread for /0.0.0.0:43187 - 0 ] INFO  ratis.XceiverServerRatis (XceiverServerRatis.java:start(481)) - Starting XceiverServerRatis 18b69636-199d-46b1-a155-faec2a9e6e92
2022-11-04 13:16:35,934 [EndpointStateMachine task thread for /0.0.0.0:43187 - 0 ] INFO  server.RaftServer (RaftServerProxy.java:startImpl(393)) - 18b69636-199d-46b1-a155-faec2a9e6e92: start RPC server
2022-11-04 13:16:35,936 [EndpointStateMachine task thread for /0.0.0.0:43187 - 0 ] INFO  server.GrpcService (GrpcService.java:startImpl(270)) - 18b69636-199d-46b1-a155-faec2a9e6e92: GrpcService started, listening on 40753
2022-11-04 13:16:35,936 [EndpointStateMachine task thread for /0.0.0.0:43187 - 0 ] INFO  ratis.XceiverServerRatis (XceiverServerRatis.java:getRealPort(502)) - XceiverServerRatis 18b69636-199d-46b1-a155-faec2a9e6e92 is started using port 40753 for RATIS
2022-11-04 13:16:35,936 [EndpointStateMachine task thread for /0.0.0.0:43187 - 0 ] INFO  ratis.XceiverServerRatis (XceiverServerRatis.java:getRealPort(502)) - XceiverServerRatis 18b69636-199d-46b1-a155-faec2a9e6e92 is started using port 40753 for RATIS_ADMIN
2022-11-04 13:16:35,936 [EndpointStateMachine task thread for /0.0.0.0:43187 - 0 ] INFO  ratis.XceiverServerRatis (XceiverServerRatis.java:getRealPort(502)) - XceiverServerRatis 18b69636-199d-46b1-a155-faec2a9e6e92 is started using port 40753 for RATIS_SERVER
2022-11-04 13:16:35,937 [JvmPauseMonitor4] INFO  util.JvmPauseMonitor (JvmPauseMonitor.java:run(105)) - JvmPauseMonitor-18b69636-199d-46b1-a155-faec2a9e6e92: Started
2022-11-04 13:16:35,939 [EndpointStateMachine task thread for /0.0.0.0:43187 - 0 ] INFO  server.XceiverServerGrpc (XceiverServerGrpc.java:start(180)) - XceiverServerGrpc 18b69636-199d-46b1-a155-faec2a9e6e92 is started using port 36937
2022-11-04 13:16:36,009 [Listener at 127.0.0.1/35095] INFO  handler.ContextHandler (ContextHandler.java:doStart(921)) - Started o.e.j.w.WebAppContext@12946090{hddsDatanode,/,file:///tmp/jetty-0_0_0_0-43505-hdds-container-service-1_3_0-SNAPSHOT_jar-_-any-1047774873873407008/webapp/,AVAILABLE}{jar:file:/home/runner/.m2/repository/org/apache/ozone/hdds-container-service/1.3.0-SNAPSHOT/hdds-container-service-1.3.0-SNAPSHOT.jar!/webapps/hddsDatanode}
2022-11-04 13:16:36,011 [Listener at 127.0.0.1/35095] INFO  server.AbstractConnector (AbstractConnector.java:doStart(333)) - Started ServerConnector@3f2919c7{HTTP/1.1, (http/1.1)}{0.0.0.0:43505}
2022-11-04 13:16:36,011 [Listener at 127.0.0.1/35095] INFO  server.Server (Server.java:doStart(415)) - Started @11157ms
2022-11-04 13:16:36,011 [Listener at 127.0.0.1/35095] WARN  impl.MetricsSystemImpl (MetricsSystemImpl.java:register(279)) - Sink prometheus already exists!
2022-11-04 13:16:36,012 [Listener at 127.0.0.1/35095] INFO  http.BaseHttpServer (BaseHttpServer.java:updateConnectorAddress(333)) - HTTP server of hddsDatanode listening at http://0.0.0.0:43505
2022-11-04 13:16:36,012 [Datanode State Machine Daemon Thread] INFO  statemachine.DatanodeStateMachine (DatanodeStateMachine.java:lambda$startDaemon$0(505)) - Ozone container server started.
2022-11-04 13:16:36,016 [Listener at 127.0.0.1/35095] INFO  ozone.MiniOzoneClusterImpl (MiniOzoneClusterImpl.java:lambda$waitForClusterToBeReady$0(216)) - Waiting for nodes to be ready. Got 0 of 10 DN Heartbeats.
2022-11-04 13:16:36,016 [Listener at 127.0.0.1/35095] INFO  ozone.MiniOzoneClusterImpl (MiniOzoneClusterImpl.java:lambda$waitForClusterToBeReady$0(219)) - Waiting for cluster to exit safe mode
2022-11-04 13:16:36,016 [Listener at 127.0.0.1/35095] INFO  ozone.MiniOzoneClusterImpl (MiniOzoneClusterImpl.java:lambda$waitForClusterToBeReady$0(221)) - SCM became leader
2022-11-04 13:16:36,029 [org.apache.hadoop.util.JvmPauseMonitor$Monitor@7add3158] INFO  util.JvmPauseMonitor (JvmPauseMonitor.java:run(188)) - Starting JVM pause monitor
2022-11-04 13:16:36,036 [Datanode State Machine Task Thread - 0] INFO  datanode.InitDatanodeState (InitDatanodeState.java:persistContainerDatanodeDetails(138)) - DatanodeDetails is persisted to /home/runner/work/ozone/ozone/hadoop-ozone/integration-test/target/test-dir/MiniOzoneClusterImpl-0c0bfa66-1f5b-4f11-9fe6-cbebe0503434/datanode-9/meta/datanode.id
2022-11-04 13:16:36,208 [EndpointStateMachine task thread for /0.0.0.0:43187 - 0 ] INFO  utils.DatanodeStoreCache (DatanodeStoreCache.java:addDB(58)) - Added db /home/runner/work/ozone/ozone/hadoop-ozone/integration-test/target/test-dir/MiniOzoneClusterImpl-0c0bfa66-1f5b-4f11-9fe6-cbebe0503434/datanode-4/data-0/containers/hdds/0c0bfa66-1f5b-4f11-9fe6-cbebe0503434/DS-d885b8db-7836-406c-a7dd-e3b46dc85e25/container.db to cache
2022-11-04 13:16:36,208 [EndpointStateMachine task thread for /0.0.0.0:43187 - 0 ] INFO  volume.HddsVolume (HddsVolume.java:createDbStore(307)) - SchemaV3 db is created and loaded at /home/runner/work/ozone/ozone/hadoop-ozone/integration-test/target/test-dir/MiniOzoneClusterImpl-0c0bfa66-1f5b-4f11-9fe6-cbebe0503434/datanode-4/data-0/containers/hdds/0c0bfa66-1f5b-4f11-9fe6-cbebe0503434/DS-d885b8db-7836-406c-a7dd-e3b46dc85e25/container.db for volume DS-d885b8db-7836-406c-a7dd-e3b46dc85e25
2022-11-04 13:16:36,209 [EndpointStateMachine task thread for /0.0.0.0:43187 - 0 ] INFO  ozoneimpl.OzoneContainer (OzoneContainer.java:start(378)) - Attempting to start container services.
2022-11-04 13:16:36,209 [EndpointStateMachine task thread for /0.0.0.0:43187 - 0 ] INFO  ozoneimpl.OzoneContainer (OzoneContainer.java:startContainerScrub(313)) - Background container scanner has been disabled.
2022-11-04 13:16:36,213 [EndpointStateMachine task thread for /0.0.0.0:43187 - 0 ] INFO  replication.ReplicationServer (ReplicationServer.java:start(111)) - ReplicationServer is started using port 45467
2022-11-04 13:16:36,213 [EndpointStateMachine task thread for /0.0.0.0:43187 - 0 ] INFO  ratis.XceiverServerRatis (XceiverServerRatis.java:start(481)) - Starting XceiverServerRatis 47355ef6-248e-415d-99d1-f00ca16e1642
2022-11-04 13:16:36,221 [EndpointStateMachine task thread for /0.0.0.0:43187 - 0 ] INFO  server.RaftServer (RaftServerProxy.java:startImpl(393)) - 47355ef6-248e-415d-99d1-f00ca16e1642: start RPC server
2022-11-04 13:16:36,223 [EndpointStateMachine task thread for /0.0.0.0:43187 - 0 ] INFO  server.GrpcService (GrpcService.java:startImpl(270)) - 47355ef6-248e-415d-99d1-f00ca16e1642: GrpcService started, listening on 43613
2022-11-04 13:16:36,224 [EndpointStateMachine task thread for /0.0.0.0:43187 - 0 ] INFO  ratis.XceiverServerRatis (XceiverServerRatis.java:getRealPort(502)) - XceiverServerRatis 47355ef6-248e-415d-99d1-f00ca16e1642 is started using port 43613 for RATIS
2022-11-04 13:16:36,224 [EndpointStateMachine task thread for /0.0.0.0:43187 - 0 ] INFO  ratis.XceiverServerRatis (XceiverServerRatis.java:getRealPort(502)) - XceiverServerRatis 47355ef6-248e-415d-99d1-f00ca16e1642 is started using port 43613 for RATIS_ADMIN
2022-11-04 13:16:36,224 [JvmPauseMonitor5] INFO  util.JvmPauseMonitor (JvmPauseMonitor.java:run(105)) - JvmPauseMonitor-47355ef6-248e-415d-99d1-f00ca16e1642: Started
2022-11-04 13:16:36,224 [EndpointStateMachine task thread for /0.0.0.0:43187 - 0 ] INFO  ratis.XceiverServerRatis (XceiverServerRatis.java:getRealPort(502)) - XceiverServerRatis 47355ef6-248e-415d-99d1-f00ca16e1642 is started using port 43613 for RATIS_SERVER
2022-11-04 13:16:36,227 [EndpointStateMachine task thread for /0.0.0.0:43187 - 0 ] INFO  server.XceiverServerGrpc (XceiverServerGrpc.java:start(180)) - XceiverServerGrpc 47355ef6-248e-415d-99d1-f00ca16e1642 is started using port 35029
2022-11-04 13:16:36,515 [EndpointStateMachine task thread for /0.0.0.0:43187 - 0 ] INFO  utils.DatanodeStoreCache (DatanodeStoreCache.java:addDB(58)) - Added db /home/runner/work/ozone/ozone/hadoop-ozone/integration-test/target/test-dir/MiniOzoneClusterImpl-0c0bfa66-1f5b-4f11-9fe6-cbebe0503434/datanode-5/data-0/containers/hdds/0c0bfa66-1f5b-4f11-9fe6-cbebe0503434/DS-f737722a-4248-49a2-aa0e-e0b29cf821f1/container.db to cache
2022-11-04 13:16:36,515 [EndpointStateMachine task thread for /0.0.0.0:43187 - 0 ] INFO  volume.HddsVolume (HddsVolume.java:createDbStore(307)) - SchemaV3 db is created and loaded at /home/runner/work/ozone/ozone/hadoop-ozone/integration-test/target/test-dir/MiniOzoneClusterImpl-0c0bfa66-1f5b-4f11-9fe6-cbebe0503434/datanode-5/data-0/containers/hdds/0c0bfa66-1f5b-4f11-9fe6-cbebe0503434/DS-f737722a-4248-49a2-aa0e-e0b29cf821f1/container.db for volume DS-f737722a-4248-49a2-aa0e-e0b29cf821f1
2022-11-04 13:16:36,515 [EndpointStateMachine task thread for /0.0.0.0:43187 - 0 ] INFO  ozoneimpl.OzoneContainer (OzoneContainer.java:start(378)) - Attempting to start container services.
2022-11-04 13:16:36,516 [EndpointStateMachine task thread for /0.0.0.0:43187 - 0 ] INFO  ozoneimpl.OzoneContainer (OzoneContainer.java:startContainerScrub(313)) - Background container scanner has been disabled.
2022-11-04 13:16:36,518 [EndpointStateMachine task thread for /0.0.0.0:43187 - 0 ] INFO  replication.ReplicationServer (ReplicationServer.java:start(111)) - ReplicationServer is started using port 35487
2022-11-04 13:16:36,519 [EndpointStateMachine task thread for /0.0.0.0:43187 - 0 ] INFO  ratis.XceiverServerRatis (XceiverServerRatis.java:start(481)) - Starting XceiverServerRatis 99050580-db91-402e-a30b-7426b5391f3a
2022-11-04 13:16:36,519 [EndpointStateMachine task thread for /0.0.0.0:43187 - 0 ] INFO  server.RaftServer (RaftServerProxy.java:startImpl(393)) - 99050580-db91-402e-a30b-7426b5391f3a: start RPC server
2022-11-04 13:16:36,521 [EndpointStateMachine task thread for /0.0.0.0:43187 - 0 ] INFO  server.GrpcService (GrpcService.java:startImpl(270)) - 99050580-db91-402e-a30b-7426b5391f3a: GrpcService started, listening on 40645
2022-11-04 13:16:36,521 [EndpointStateMachine task thread for /0.0.0.0:43187 - 0 ] INFO  ratis.XceiverServerRatis (XceiverServerRatis.java:getRealPort(502)) - XceiverServerRatis 99050580-db91-402e-a30b-7426b5391f3a is started using port 40645 for RATIS
2022-11-04 13:16:36,521 [JvmPauseMonitor6] INFO  util.JvmPauseMonitor (JvmPauseMonitor.java:run(105)) - JvmPauseMonitor-99050580-db91-402e-a30b-7426b5391f3a: Started
2022-11-04 13:16:36,521 [EndpointStateMachine task thread for /0.0.0.0:43187 - 0 ] INFO  ratis.XceiverServerRatis (XceiverServerRatis.java:getRealPort(502)) - XceiverServerRatis 99050580-db91-402e-a30b-7426b5391f3a is started using port 40645 for RATIS_ADMIN
2022-11-04 13:16:36,521 [EndpointStateMachine task thread for /0.0.0.0:43187 - 0 ] INFO  ratis.XceiverServerRatis (XceiverServerRatis.java:getRealPort(502)) - XceiverServerRatis 99050580-db91-402e-a30b-7426b5391f3a is started using port 40645 for RATIS_SERVER
2022-11-04 13:16:36,524 [EndpointStateMachine task thread for /0.0.0.0:43187 - 0 ] INFO  server.XceiverServerGrpc (XceiverServerGrpc.java:start(180)) - XceiverServerGrpc 99050580-db91-402e-a30b-7426b5391f3a is started using port 45217
2022-11-04 13:16:36,726 [IPC Server handler 9 on default port 43187] INFO  net.NetworkTopologyImpl (NetworkTopologyImpl.java:add(112)) - Added a new node: /default-rack/8d3760b1-f0ab-49a5-9c8a-a39ea99f9aab
2022-11-04 13:16:36,728 [IPC Server handler 9 on default port 43187] INFO  node.SCMNodeManager (SCMNodeManager.java:register(397)) - Registered Data node : 8d3760b1-f0ab-49a5-9c8a-a39ea99f9aab{ip: 10.1.1.104, host: fv-az443-313.ap2fcshprsnunfx25e1aelzb4b.cx.internal.cloudapp.net, ports: [REPLICATION=44345, RATIS=40979, RATIS_ADMIN=40979, RATIS_SERVER=40979, STANDALONE=43541], networkLocation: /default-rack, certSerialId: null, persistedOpState: null, persistedOpStateExpiryEpochSec: 0}
2022-11-04 13:16:36,731 [EventQueue-NewNodeForNewNodeHandler] INFO  pipeline.BackgroundPipelineCreator (BackgroundPipelineCreator.java:notifyEventTriggered(276)) - trigger a one-shot run on RatisPipelineUtilsThread.
2022-11-04 13:16:36,732 [EventQueue-NodeRegistrationContainerReportForContainerSafeModeRule] INFO  safemode.SCMSafeModeManager (SCMSafeModeManager.java:validateSafeModeExitRules(204)) - ContainerSafeModeRule rule is successfully validated
2022-11-04 13:16:36,733 [EventQueue-NodeRegistrationContainerReportForDataNodeSafeModeRule] INFO  safemode.SCMSafeModeManager (DataNodeSafeModeRule.java:process(71)) - SCM in safe mode. 1 DataNodes registered, 3 required.
2022-11-04 13:16:36,738 [EventQueue-PipelineReportForOneReplicaPipelineSafeModeRule] INFO  safemode.SCMSafeModeManager (SCMSafeModeManager.java:validateSafeModeExitRules(204)) - AtleastOneDatanodeReportedRule rule is successfully validated
2022-11-04 13:16:36,742 [RatisPipelineUtilsThread - 0] INFO  pipeline.RatisPipelineProvider (RatisPipelineProvider.java:lambda$create$0(195)) - Sending CreatePipelineCommand for pipeline:PipelineID=5c9195ff-9c3f-4fef-849b-2bbf2c51cc02 to datanode:8d3760b1-f0ab-49a5-9c8a-a39ea99f9aab
2022-11-04 13:16:36,752 [RatisPipelineUtilsThread - 0] INFO  pipeline.PipelineStateManagerImpl (PipelineStateManagerImpl.java:addPipeline(103)) - Created pipeline Pipeline[ Id: 5c9195ff-9c3f-4fef-849b-2bbf2c51cc02, Nodes: 8d3760b1-f0ab-49a5-9c8a-a39ea99f9aab{ip: 10.1.1.104, host: fv-az443-313.ap2fcshprsnunfx25e1aelzb4b.cx.internal.cloudapp.net, ports: [REPLICATION=44345, RATIS=40979, RATIS_ADMIN=40979, RATIS_SERVER=40979, STANDALONE=43541], networkLocation: /default-rack, certSerialId: null, persistedOpState: IN_SERVICE, persistedOpStateExpiryEpochSec: 0}, ReplicationConfig: RATIS/ONE, State:ALLOCATED, leaderId:, CreationTimestamp2022-11-04T13:16:36.741Z[Etc/UTC]].
2022-11-04 13:16:36,850 [EndpointStateMachine task thread for /0.0.0.0:43187 - 0 ] INFO  utils.DatanodeStoreCache (DatanodeStoreCache.java:addDB(58)) - Added db /home/runner/work/ozone/ozone/hadoop-ozone/integration-test/target/test-dir/MiniOzoneClusterImpl-0c0bfa66-1f5b-4f11-9fe6-cbebe0503434/datanode-6/data-0/containers/hdds/0c0bfa66-1f5b-4f11-9fe6-cbebe0503434/DS-a20d389a-bdb5-4460-b80d-0ae8bc1de819/container.db to cache
2022-11-04 13:16:36,851 [EndpointStateMachine task thread for /0.0.0.0:43187 - 0 ] INFO  volume.HddsVolume (HddsVolume.java:createDbStore(307)) - SchemaV3 db is created and loaded at /home/runner/work/ozone/ozone/hadoop-ozone/integration-test/target/test-dir/MiniOzoneClusterImpl-0c0bfa66-1f5b-4f11-9fe6-cbebe0503434/datanode-6/data-0/containers/hdds/0c0bfa66-1f5b-4f11-9fe6-cbebe0503434/DS-a20d389a-bdb5-4460-b80d-0ae8bc1de819/container.db for volume DS-a20d389a-bdb5-4460-b80d-0ae8bc1de819
2022-11-04 13:16:36,851 [EndpointStateMachine task thread for /0.0.0.0:43187 - 0 ] INFO  ozoneimpl.OzoneContainer (OzoneContainer.java:start(378)) - Attempting to start container services.
2022-11-04 13:16:36,851 [EndpointStateMachine task thread for /0.0.0.0:43187 - 0 ] INFO  ozoneimpl.OzoneContainer (OzoneContainer.java:startContainerScrub(313)) - Background container scanner has been disabled.
2022-11-04 13:16:36,858 [EndpointStateMachine task thread for /0.0.0.0:43187 - 0 ] INFO  replication.ReplicationServer (ReplicationServer.java:start(111)) - ReplicationServer is started using port 36307
2022-11-04 13:16:36,858 [EndpointStateMachine task thread for /0.0.0.0:43187 - 0 ] INFO  ratis.XceiverServerRatis (XceiverServerRatis.java:start(481)) - Starting XceiverServerRatis 0dd4671e-e5ba-49c8-8afe-be056577c247
2022-11-04 13:16:36,859 [EndpointStateMachine task thread for /0.0.0.0:43187 - 0 ] INFO  server.RaftServer (RaftServerProxy.java:startImpl(393)) - 0dd4671e-e5ba-49c8-8afe-be056577c247: start RPC server
2022-11-04 13:16:36,860 [EndpointStateMachine task thread for /0.0.0.0:43187 - 0 ] INFO  server.GrpcService (GrpcService.java:startImpl(270)) - 0dd4671e-e5ba-49c8-8afe-be056577c247: GrpcService started, listening on 32843
2022-11-04 13:16:36,860 [EndpointStateMachine task thread for /0.0.0.0:43187 - 0 ] INFO  ratis.XceiverServerRatis (XceiverServerRatis.java:getRealPort(502)) - XceiverServerRatis 0dd4671e-e5ba-49c8-8afe-be056577c247 is started using port 32843 for RATIS
2022-11-04 13:16:36,860 [JvmPauseMonitor7] INFO  util.JvmPauseMonitor (JvmPauseMonitor.java:run(105)) - JvmPauseMonitor-0dd4671e-e5ba-49c8-8afe-be056577c247: Started
2022-11-04 13:16:36,860 [EndpointStateMachine task thread for /0.0.0.0:43187 - 0 ] INFO  ratis.XceiverServerRatis (XceiverServerRatis.java:getRealPort(502)) - XceiverServerRatis 0dd4671e-e5ba-49c8-8afe-be056577c247 is started using port 32843 for RATIS_ADMIN
2022-11-04 13:16:36,861 [EndpointStateMachine task thread for /0.0.0.0:43187 - 0 ] INFO  ratis.XceiverServerRatis (XceiverServerRatis.java:getRealPort(502)) - XceiverServerRatis 0dd4671e-e5ba-49c8-8afe-be056577c247 is started using port 32843 for RATIS_SERVER
2022-11-04 13:16:36,870 [EndpointStateMachine task thread for /0.0.0.0:43187 - 0 ] INFO  server.XceiverServerGrpc (XceiverServerGrpc.java:start(180)) - XceiverServerGrpc 0dd4671e-e5ba-49c8-8afe-be056577c247 is started using port 33921
2022-11-04 13:16:37,016 [Listener at 127.0.0.1/35095] INFO  ozone.MiniOzoneClusterImpl (MiniOzoneClusterImpl.java:lambda$waitForClusterToBeReady$0(216)) - Waiting for nodes to be ready. Got 1 of 10 DN Heartbeats.
2022-11-04 13:16:37,017 [Listener at 127.0.0.1/35095] INFO  ozone.MiniOzoneClusterImpl (MiniOzoneClusterImpl.java:lambda$waitForClusterToBeReady$0(219)) - Waiting for cluster to exit safe mode
2022-11-04 13:16:37,017 [Listener at 127.0.0.1/35095] INFO  ozone.MiniOzoneClusterImpl (MiniOzoneClusterImpl.java:lambda$waitForClusterToBeReady$0(221)) - SCM became leader
2022-11-04 13:16:37,100 [IPC Server handler 16 on default port 43187] INFO  net.NetworkTopologyImpl (NetworkTopologyImpl.java:add(112)) - Added a new node: /default-rack/c7cc2fe0-c6a0-4806-a89e-0e07a1727659
2022-11-04 13:16:37,100 [IPC Server handler 16 on default port 43187] INFO  node.SCMNodeManager (SCMNodeManager.java:register(397)) - Registered Data node : c7cc2fe0-c6a0-4806-a89e-0e07a1727659{ip: 10.1.1.104, host: fv-az443-313.ap2fcshprsnunfx25e1aelzb4b.cx.internal.cloudapp.net, ports: [REPLICATION=44479, RATIS=40287, RATIS_ADMIN=40287, RATIS_SERVER=40287, STANDALONE=46851], networkLocation: /default-rack, certSerialId: null, persistedOpState: null, persistedOpStateExpiryEpochSec: 0}
2022-11-04 13:16:37,100 [EventQueue-NodeRegistrationContainerReportForDataNodeSafeModeRule] INFO  safemode.SCMSafeModeManager (DataNodeSafeModeRule.java:process(71)) - SCM in safe mode. 2 DataNodes registered, 3 required.
2022-11-04 13:16:37,101 [EventQueue-NewNodeForNewNodeHandler] INFO  pipeline.BackgroundPipelineCreator (BackgroundPipelineCreator.java:notifyEventTriggered(276)) - trigger a one-shot run on RatisPipelineUtilsThread.
2022-11-04 13:16:37,102 [RatisPipelineUtilsThread - 0] INFO  pipeline.RatisPipelineProvider (RatisPipelineProvider.java:lambda$create$0(195)) - Sending CreatePipelineCommand for pipeline:PipelineID=bc979f65-e453-4d61-80f7-2cf5c2f60d11 to datanode:c7cc2fe0-c6a0-4806-a89e-0e07a1727659
2022-11-04 13:16:37,102 [RatisPipelineUtilsThread - 0] INFO  pipeline.PipelineStateManagerImpl (PipelineStateManagerImpl.java:addPipeline(103)) - Created pipeline Pipeline[ Id: bc979f65-e453-4d61-80f7-2cf5c2f60d11, Nodes: c7cc2fe0-c6a0-4806-a89e-0e07a1727659{ip: 10.1.1.104, host: fv-az443-313.ap2fcshprsnunfx25e1aelzb4b.cx.internal.cloudapp.net, ports: [REPLICATION=44479, RATIS=40287, RATIS_ADMIN=40287, RATIS_SERVER=40287, STANDALONE=46851], networkLocation: /default-rack, certSerialId: null, persistedOpState: IN_SERVICE, persistedOpStateExpiryEpochSec: 0}, ReplicationConfig: RATIS/ONE, State:ALLOCATED, leaderId:, CreationTimestamp2022-11-04T13:16:37.102Z[Etc/UTC]].
2022-11-04 13:16:37,322 [EndpointStateMachine task thread for /0.0.0.0:43187 - 0 ] INFO  utils.DatanodeStoreCache (DatanodeStoreCache.java:addDB(58)) - Added db /home/runner/work/ozone/ozone/hadoop-ozone/integration-test/target/test-dir/MiniOzoneClusterImpl-0c0bfa66-1f5b-4f11-9fe6-cbebe0503434/datanode-7/data-0/containers/hdds/0c0bfa66-1f5b-4f11-9fe6-cbebe0503434/DS-f0668e10-7e68-45cf-9022-d14ef23e2a72/container.db to cache
2022-11-04 13:16:37,322 [EndpointStateMachine task thread for /0.0.0.0:43187 - 0 ] INFO  volume.HddsVolume (HddsVolume.java:createDbStore(307)) - SchemaV3 db is created and loaded at /home/runner/work/ozone/ozone/hadoop-ozone/integration-test/target/test-dir/MiniOzoneClusterImpl-0c0bfa66-1f5b-4f11-9fe6-cbebe0503434/datanode-7/data-0/containers/hdds/0c0bfa66-1f5b-4f11-9fe6-cbebe0503434/DS-f0668e10-7e68-45cf-9022-d14ef23e2a72/container.db for volume DS-f0668e10-7e68-45cf-9022-d14ef23e2a72
2022-11-04 13:16:37,322 [EndpointStateMachine task thread for /0.0.0.0:43187 - 0 ] INFO  ozoneimpl.OzoneContainer (OzoneContainer.java:start(378)) - Attempting to start container services.
2022-11-04 13:16:37,322 [EndpointStateMachine task thread for /0.0.0.0:43187 - 0 ] INFO  ozoneimpl.OzoneContainer (OzoneContainer.java:startContainerScrub(313)) - Background container scanner has been disabled.
2022-11-04 13:16:37,324 [EndpointStateMachine task thread for /0.0.0.0:43187 - 0 ] INFO  replication.ReplicationServer (ReplicationServer.java:start(111)) - ReplicationServer is started using port 43113
2022-11-04 13:16:37,325 [EndpointStateMachine task thread for /0.0.0.0:43187 - 0 ] INFO  ratis.XceiverServerRatis (XceiverServerRatis.java:start(481)) - Starting XceiverServerRatis 5b5b9152-5d2c-4522-9940-e93bc8d8546d
2022-11-04 13:16:37,325 [EndpointStateMachine task thread for /0.0.0.0:43187 - 0 ] INFO  server.RaftServer (RaftServerProxy.java:startImpl(393)) - 5b5b9152-5d2c-4522-9940-e93bc8d8546d: start RPC server
2022-11-04 13:16:37,329 [EndpointStateMachine task thread for /0.0.0.0:43187 - 0 ] INFO  server.GrpcService (GrpcService.java:startImpl(270)) - 5b5b9152-5d2c-4522-9940-e93bc8d8546d: GrpcService started, listening on 42221
2022-11-04 13:16:37,330 [EndpointStateMachine task thread for /0.0.0.0:43187 - 0 ] INFO  ratis.XceiverServerRatis (XceiverServerRatis.java:getRealPort(502)) - XceiverServerRatis 5b5b9152-5d2c-4522-9940-e93bc8d8546d is started using port 42221 for RATIS
2022-11-04 13:16:37,330 [EndpointStateMachine task thread for /0.0.0.0:43187 - 0 ] INFO  ratis.XceiverServerRatis (XceiverServerRatis.java:getRealPort(502)) - XceiverServerRatis 5b5b9152-5d2c-4522-9940-e93bc8d8546d is started using port 42221 for RATIS_ADMIN
2022-11-04 13:16:37,330 [EndpointStateMachine task thread for /0.0.0.0:43187 - 0 ] INFO  ratis.XceiverServerRatis (XceiverServerRatis.java:getRealPort(502)) - XceiverServerRatis 5b5b9152-5d2c-4522-9940-e93bc8d8546d is started using port 42221 for RATIS_SERVER
2022-11-04 13:16:37,330 [JvmPauseMonitor8] INFO  util.JvmPauseMonitor (JvmPauseMonitor.java:run(105)) - JvmPauseMonitor-5b5b9152-5d2c-4522-9940-e93bc8d8546d: Started
2022-11-04 13:16:37,337 [EndpointStateMachine task thread for /0.0.0.0:43187 - 0 ] INFO  server.XceiverServerGrpc (XceiverServerGrpc.java:start(180)) - XceiverServerGrpc 5b5b9152-5d2c-4522-9940-e93bc8d8546d is started using port 40779
2022-11-04 13:16:37,521 [IPC Server handler 9 on default port 43187] INFO  net.NetworkTopologyImpl (NetworkTopologyImpl.java:add(112)) - Added a new node: /default-rack/6e1286b8-b074-4479-bd2c-46da0ae8c43a
2022-11-04 13:16:37,521 [IPC Server handler 9 on default port 43187] INFO  node.SCMNodeManager (SCMNodeManager.java:register(397)) - Registered Data node : 6e1286b8-b074-4479-bd2c-46da0ae8c43a{ip: 10.1.1.104, host: fv-az443-313.ap2fcshprsnunfx25e1aelzb4b.cx.internal.cloudapp.net, ports: [REPLICATION=39547, RATIS=43531, RATIS_ADMIN=43531, RATIS_SERVER=43531, STANDALONE=42445], networkLocation: /default-rack, certSerialId: null, persistedOpState: null, persistedOpStateExpiryEpochSec: 0}
2022-11-04 13:16:37,521 [EventQueue-NewNodeForNewNodeHandler] INFO  pipeline.BackgroundPipelineCreator (BackgroundPipelineCreator.java:notifyEventTriggered(276)) - trigger a one-shot run on RatisPipelineUtilsThread.
2022-11-04 13:16:37,521 [EventQueue-NodeRegistrationContainerReportForDataNodeSafeModeRule] INFO  safemode.SCMSafeModeManager (DataNodeSafeModeRule.java:process(71)) - SCM in safe mode. 3 DataNodes registered, 3 required.
2022-11-04 13:16:37,521 [EventQueue-NodeRegistrationContainerReportForDataNodeSafeModeRule] INFO  safemode.SCMSafeModeManager (SCMSafeModeManager.java:validateSafeModeExitRules(204)) - DataNodeSafeModeRule rule is successfully validated
2022-11-04 13:16:37,521 [EventQueue-NodeRegistrationContainerReportForDataNodeSafeModeRule] INFO  safemode.SCMSafeModeManager (SCMSafeModeManager.java:completePreCheck(233)) - All SCM safe mode pre check rules have passed
2022-11-04 13:16:37,521 [EventQueue-NodeRegistrationContainerReportForDataNodeSafeModeRule] WARN  events.EventQueue (EventQueue.java:fireEvent(216)) - No event handler registered for event TypedEvent{payloadType=SafeModeStatus, name='Safe mode status'}
2022-11-04 13:16:37,521 [EventQueue-NodeRegistrationContainerReportForDataNodeSafeModeRule] INFO  ha.SCMContext (SCMContext.java:updateSafeModeStatus(228)) - Update SafeModeStatus from SafeModeStatus{safeModeStatus=true, preCheckPassed=false} to SafeModeStatus{safeModeStatus=true, preCheckPassed=true}.
2022-11-04 13:16:37,521 [EventQueue-NodeRegistrationContainerReportForDataNodeSafeModeRule] INFO  pipeline.BackgroundPipelineCreator (BackgroundPipelineCreator.java:notifyEventTriggered(276)) - trigger a one-shot run on RatisPipelineUtilsThread.
2022-11-04 13:16:37,522 [RatisPipelineUtilsThread - 0] INFO  pipeline.RatisPipelineProvider (RatisPipelineProvider.java:lambda$create$0(195)) - Sending CreatePipelineCommand for pipeline:PipelineID=18df3eae-e2b4-4265-b2fd-dc80249593af to datanode:6e1286b8-b074-4479-bd2c-46da0ae8c43a
2022-11-04 13:16:37,523 [RatisPipelineUtilsThread - 0] INFO  pipeline.PipelineStateManagerImpl (PipelineStateManagerImpl.java:addPipeline(103)) - Created pipeline Pipeline[ Id: 18df3eae-e2b4-4265-b2fd-dc80249593af, Nodes: 6e1286b8-b074-4479-bd2c-46da0ae8c43a{ip: 10.1.1.104, host: fv-az443-313.ap2fcshprsnunfx25e1aelzb4b.cx.internal.cloudapp.net, ports: [REPLICATION=39547, RATIS=43531, RATIS_ADMIN=43531, RATIS_SERVER=43531, STANDALONE=42445], networkLocation: /default-rack, certSerialId: null, persistedOpState: IN_SERVICE, persistedOpStateExpiryEpochSec: 0}, ReplicationConfig: RATIS/ONE, State:ALLOCATED, leaderId:, CreationTimestamp2022-11-04T13:16:37.522Z[Etc/UTC]].
2022-11-04 13:16:37,527 [RatisPipelineUtilsThread - 0] INFO  pipeline.RatisPipelineProvider (RatisPipelineProvider.java:lambda$create$0(195)) - Sending CreatePipelineCommand for pipeline:PipelineID=3733acae-4637-413b-b21d-fa853d2a5168 to datanode:6e1286b8-b074-4479-bd2c-46da0ae8c43a
2022-11-04 13:16:37,527 [RatisPipelineUtilsThread - 0] INFO  pipeline.RatisPipelineProvider (RatisPipelineProvider.java:lambda$create$0(195)) - Sending CreatePipelineCommand for pipeline:PipelineID=3733acae-4637-413b-b21d-fa853d2a5168 to datanode:c7cc2fe0-c6a0-4806-a89e-0e07a1727659
2022-11-04 13:16:37,527 [RatisPipelineUtilsThread - 0] INFO  pipeline.RatisPipelineProvider (RatisPipelineProvider.java:lambda$create$0(195)) - Sending CreatePipelineCommand for pipeline:PipelineID=3733acae-4637-413b-b21d-fa853d2a5168 to datanode:8d3760b1-f0ab-49a5-9c8a-a39ea99f9aab
2022-11-04 13:16:37,528 [RatisPipelineUtilsThread - 0] INFO  pipeline.PipelineStateManagerImpl (PipelineStateManagerImpl.java:addPipeline(103)) - Created pipeline Pipeline[ Id: 3733acae-4637-413b-b21d-fa853d2a5168, Nodes: 6e1286b8-b074-4479-bd2c-46da0ae8c43a{ip: 10.1.1.104, host: fv-az443-313.ap2fcshprsnunfx25e1aelzb4b.cx.internal.cloudapp.net, ports: [REPLICATION=39547, RATIS=43531, RATIS_ADMIN=43531, RATIS_SERVER=43531, STANDALONE=42445], networkLocation: /default-rack, certSerialId: null, persistedOpState: IN_SERVICE, persistedOpStateExpiryEpochSec: 0}c7cc2fe0-c6a0-4806-a89e-0e07a1727659{ip: 10.1.1.104, host: fv-az443-313.ap2fcshprsnunfx25e1aelzb4b.cx.internal.cloudapp.net, ports: [REPLICATION=44479, RATIS=40287, RATIS_ADMIN=40287, RATIS_SERVER=40287, STANDALONE=46851], networkLocation: /default-rack, certSerialId: null, persistedOpState: IN_SERVICE, persistedOpStateExpiryEpochSec: 0}8d3760b1-f0ab-49a5-9c8a-a39ea99f9aab{ip: 10.1.1.104, host: fv-az443-313.ap2fcshprsnunfx25e1aelzb4b.cx.internal.cloudapp.net, ports: [REPLICATION=44345, RATIS=40979, RATIS_ADMIN=40979, RATIS_SERVER=40979, STANDALONE=43541], networkLocation: /default-rack, certSerialId: null, persistedOpState: IN_SERVICE, persistedOpStateExpiryEpochSec: 0}, ReplicationConfig: RATIS/THREE, State:ALLOCATED, leaderId:, CreationTimestamp2022-11-04T13:16:37.527Z[Etc/UTC]].
2022-11-04 13:16:37,529 [RatisPipelineUtilsThread - 0] INFO  pipeline.RatisPipelineProvider (RatisPipelineProvider.java:lambda$create$0(195)) - Sending CreatePipelineCommand for pipeline:PipelineID=2f318765-ecc8-4fba-a471-d9f9bf4b5168 to datanode:c7cc2fe0-c6a0-4806-a89e-0e07a1727659
2022-11-04 13:16:37,529 [RatisPipelineUtilsThread - 0] INFO  pipeline.RatisPipelineProvider (RatisPipelineProvider.java:lambda$create$0(195)) - Sending CreatePipelineCommand for pipeline:PipelineID=2f318765-ecc8-4fba-a471-d9f9bf4b5168 to datanode:6e1286b8-b074-4479-bd2c-46da0ae8c43a
2022-11-04 13:16:37,529 [RatisPipelineUtilsThread - 0] INFO  pipeline.RatisPipelineProvider (RatisPipelineProvider.java:lambda$create$0(195)) - Sending CreatePipelineCommand for pipeline:PipelineID=2f318765-ecc8-4fba-a471-d9f9bf4b5168 to datanode:8d3760b1-f0ab-49a5-9c8a-a39ea99f9aab
2022-11-04 13:16:37,530 [RatisPipelineUtilsThread - 0] INFO  pipeline.PipelineStateManagerImpl (PipelineStateManagerImpl.java:addPipeline(103)) - Created pipeline Pipeline[ Id: 2f318765-ecc8-4fba-a471-d9f9bf4b5168, Nodes: c7cc2fe0-c6a0-4806-a89e-0e07a1727659{ip: 10.1.1.104, host: fv-az443-313.ap2fcshprsnunfx25e1aelzb4b.cx.internal.cloudapp.net, ports: [REPLICATION=44479, RATIS=40287, RATIS_ADMIN=40287, RATIS_SERVER=40287, STANDALONE=46851], networkLocation: /default-rack, certSerialId: null, persistedOpState: IN_SERVICE, persistedOpStateExpiryEpochSec: 0}6e1286b8-b074-4479-bd2c-46da0ae8c43a{ip: 10.1.1.104, host: fv-az443-313.ap2fcshprsnunfx25e1aelzb4b.cx.internal.cloudapp.net, ports: [REPLICATION=39547, RATIS=43531, RATIS_ADMIN=43531, RATIS_SERVER=43531, STANDALONE=42445], networkLocation: /default-rack, certSerialId: null, persistedOpState: IN_SERVICE, persistedOpStateExpiryEpochSec: 0}8d3760b1-f0ab-49a5-9c8a-a39ea99f9aab{ip: 10.1.1.104, host: fv-az443-313.ap2fcshprsnunfx25e1aelzb4b.cx.internal.cloudapp.net, ports: [REPLICATION=44345, RATIS=40979, RATIS_ADMIN=40979, RATIS_SERVER=40979, STANDALONE=43541], networkLocation: /default-rack, certSerialId: null, persistedOpState: IN_SERVICE, persistedOpStateExpiryEpochSec: 0}, ReplicationConfig: RATIS/THREE, State:ALLOCATED, leaderId:, CreationTimestamp2022-11-04T13:16:37.529Z[Etc/UTC]].
2022-11-04 13:16:37,530 [RatisPipelineUtilsThread - 0] INFO  pipeline.PipelineManagerImpl (PipelineManagerImpl.java:recordMetricsForPipeline(826)) - Pipeline: PipelineID=2f318765-ecc8-4fba-a471-d9f9bf4b5168 contains same datanodes as previous pipelines: PipelineID=3733acae-4637-413b-b21d-fa853d2a5168 nodeIds: c7cc2fe0-c6a0-4806-a89e-0e07a1727659, 6e1286b8-b074-4479-bd2c-46da0ae8c43a, 8d3760b1-f0ab-49a5-9c8a-a39ea99f9aab
2022-11-04 13:16:37,722 [EndpointStateMachine task thread for /0.0.0.0:43187 - 0 ] INFO  utils.DatanodeStoreCache (DatanodeStoreCache.java:addDB(58)) - Added db /home/runner/work/ozone/ozone/hadoop-ozone/integration-test/target/test-dir/MiniOzoneClusterImpl-0c0bfa66-1f5b-4f11-9fe6-cbebe0503434/datanode-8/data-0/containers/hdds/0c0bfa66-1f5b-4f11-9fe6-cbebe0503434/DS-df26a1ab-b4a0-4893-a556-ea7acdd4cdc5/container.db to cache
2022-11-04 13:16:37,723 [EndpointStateMachine task thread for /0.0.0.0:43187 - 0 ] INFO  volume.HddsVolume (HddsVolume.java:createDbStore(307)) - SchemaV3 db is created and loaded at /home/runner/work/ozone/ozone/hadoop-ozone/integration-test/target/test-dir/MiniOzoneClusterImpl-0c0bfa66-1f5b-4f11-9fe6-cbebe0503434/datanode-8/data-0/containers/hdds/0c0bfa66-1f5b-4f11-9fe6-cbebe0503434/DS-df26a1ab-b4a0-4893-a556-ea7acdd4cdc5/container.db for volume DS-df26a1ab-b4a0-4893-a556-ea7acdd4cdc5
2022-11-04 13:16:37,724 [EndpointStateMachine task thread for /0.0.0.0:43187 - 0 ] INFO  ozoneimpl.OzoneContainer (OzoneContainer.java:start(378)) - Attempting to start container services.
2022-11-04 13:16:37,724 [EndpointStateMachine task thread for /0.0.0.0:43187 - 0 ] INFO  ozoneimpl.OzoneContainer (OzoneContainer.java:startContainerScrub(313)) - Background container scanner has been disabled.
2022-11-04 13:16:37,725 [EndpointStateMachine task thread for /0.0.0.0:43187 - 0 ] INFO  replication.ReplicationServer (ReplicationServer.java:start(111)) - ReplicationServer is started using port 36169
2022-11-04 13:16:37,726 [EndpointStateMachine task thread for /0.0.0.0:43187 - 0 ] INFO  ratis.XceiverServerRatis (XceiverServerRatis.java:start(481)) - Starting XceiverServerRatis c32434d6-2497-484c-95de-45f9e03d5624
2022-11-04 13:16:37,732 [EndpointStateMachine task thread for /0.0.0.0:43187 - 0 ] INFO  server.RaftServer (RaftServerProxy.java:startImpl(393)) - c32434d6-2497-484c-95de-45f9e03d5624: start RPC server
2022-11-04 13:16:37,733 [EndpointStateMachine task thread for /0.0.0.0:43187 - 0 ] INFO  server.GrpcService (GrpcService.java:startImpl(270)) - c32434d6-2497-484c-95de-45f9e03d5624: GrpcService started, listening on 38331
2022-11-04 13:16:37,733 [EndpointStateMachine task thread for /0.0.0.0:43187 - 0 ] INFO  ratis.XceiverServerRatis (XceiverServerRatis.java:getRealPort(502)) - XceiverServerRatis c32434d6-2497-484c-95de-45f9e03d5624 is started using port 38331 for RATIS
2022-11-04 13:16:37,733 [JvmPauseMonitor9] INFO  util.JvmPauseMonitor (JvmPauseMonitor.java:run(105)) - JvmPauseMonitor-c32434d6-2497-484c-95de-45f9e03d5624: Started
2022-11-04 13:16:37,733 [EndpointStateMachine task thread for /0.0.0.0:43187 - 0 ] INFO  ratis.XceiverServerRatis (XceiverServerRatis.java:getRealPort(502)) - XceiverServerRatis c32434d6-2497-484c-95de-45f9e03d5624 is started using port 38331 for RATIS_ADMIN
2022-11-04 13:16:37,733 [EndpointStateMachine task thread for /0.0.0.0:43187 - 0 ] INFO  ratis.XceiverServerRatis (XceiverServerRatis.java:getRealPort(502)) - XceiverServerRatis c32434d6-2497-484c-95de-45f9e03d5624 is started using port 38331 for RATIS_SERVER
2022-11-04 13:16:37,736 [EndpointStateMachine task thread for /0.0.0.0:43187 - 0 ] INFO  server.XceiverServerGrpc (XceiverServerGrpc.java:start(180)) - XceiverServerGrpc c32434d6-2497-484c-95de-45f9e03d5624 is started using port 36231
2022-11-04 13:16:37,870 [IPC Server handler 16 on default port 43187] INFO  net.NetworkTopologyImpl (NetworkTopologyImpl.java:add(112)) - Added a new node: /default-rack/18b69636-199d-46b1-a155-faec2a9e6e92
2022-11-04 13:16:37,870 [IPC Server handler 16 on default port 43187] INFO  node.SCMNodeManager (SCMNodeManager.java:register(397)) - Registered Data node : 18b69636-199d-46b1-a155-faec2a9e6e92{ip: 10.1.1.104, host: fv-az443-313.ap2fcshprsnunfx25e1aelzb4b.cx.internal.cloudapp.net, ports: [REPLICATION=33747, RATIS=40753, RATIS_ADMIN=40753, RATIS_SERVER=40753, STANDALONE=36937], networkLocation: /default-rack, certSerialId: null, persistedOpState: null, persistedOpStateExpiryEpochSec: 0}
2022-11-04 13:16:37,870 [EventQueue-NewNodeForNewNodeHandler] INFO  pipeline.BackgroundPipelineCreator (BackgroundPipelineCreator.java:notifyEventTriggered(276)) - trigger a one-shot run on RatisPipelineUtilsThread.
2022-11-04 13:16:37,871 [RatisPipelineUtilsThread - 0] INFO  pipeline.RatisPipelineProvider (RatisPipelineProvider.java:lambda$create$0(195)) - Sending CreatePipelineCommand for pipeline:PipelineID=01bfd09c-578b-4d59-a453-7b1b130e40c3 to datanode:18b69636-199d-46b1-a155-faec2a9e6e92
2022-11-04 13:16:37,871 [RatisPipelineUtilsThread - 0] INFO  pipeline.PipelineStateManagerImpl (PipelineStateManagerImpl.java:addPipeline(103)) - Created pipeline Pipeline[ Id: 01bfd09c-578b-4d59-a453-7b1b130e40c3, Nodes: 18b69636-199d-46b1-a155-faec2a9e6e92{ip: 10.1.1.104, host: fv-az443-313.ap2fcshprsnunfx25e1aelzb4b.cx.internal.cloudapp.net, ports: [REPLICATION=33747, RATIS=40753, RATIS_ADMIN=40753, RATIS_SERVER=40753, STANDALONE=36937], networkLocation: /default-rack, certSerialId: null, persistedOpState: IN_SERVICE, persistedOpStateExpiryEpochSec: 0}, ReplicationConfig: RATIS/ONE, State:ALLOCATED, leaderId:, CreationTimestamp2022-11-04T13:16:37.871Z[Etc/UTC]].
2022-11-04 13:16:38,017 [Listener at 127.0.0.1/35095] INFO  ozone.MiniOzoneClusterImpl (MiniOzoneClusterImpl.java:lambda$waitForClusterToBeReady$0(216)) - Waiting for nodes to be ready. Got 4 of 10 DN Heartbeats.
2022-11-04 13:16:38,017 [Listener at 127.0.0.1/35095] INFO  ozone.MiniOzoneClusterImpl (MiniOzoneClusterImpl.java:lambda$waitForClusterToBeReady$0(219)) - Waiting for cluster to exit safe mode
2022-11-04 13:16:38,017 [Listener at 127.0.0.1/35095] INFO  ozone.MiniOzoneClusterImpl (MiniOzoneClusterImpl.java:lambda$waitForClusterToBeReady$0(221)) - SCM became leader
2022-11-04 13:16:38,060 [EndpointStateMachine task thread for /0.0.0.0:43187 - 0 ] INFO  utils.DatanodeStoreCache (DatanodeStoreCache.java:addDB(58)) - Added db /home/runner/work/ozone/ozone/hadoop-ozone/integration-test/target/test-dir/MiniOzoneClusterImpl-0c0bfa66-1f5b-4f11-9fe6-cbebe0503434/datanode-9/data-0/containers/hdds/0c0bfa66-1f5b-4f11-9fe6-cbebe0503434/DS-131762c8-cb50-4d8a-a3f5-3b04293c3533/container.db to cache
2022-11-04 13:16:38,061 [EndpointStateMachine task thread for /0.0.0.0:43187 - 0 ] INFO  volume.HddsVolume (HddsVolume.java:createDbStore(307)) - SchemaV3 db is created and loaded at /home/runner/work/ozone/ozone/hadoop-ozone/integration-test/target/test-dir/MiniOzoneClusterImpl-0c0bfa66-1f5b-4f11-9fe6-cbebe0503434/datanode-9/data-0/containers/hdds/0c0bfa66-1f5b-4f11-9fe6-cbebe0503434/DS-131762c8-cb50-4d8a-a3f5-3b04293c3533/container.db for volume DS-131762c8-cb50-4d8a-a3f5-3b04293c3533
2022-11-04 13:16:38,061 [EndpointStateMachine task thread for /0.0.0.0:43187 - 0 ] INFO  ozoneimpl.OzoneContainer (OzoneContainer.java:start(378)) - Attempting to start container services.
2022-11-04 13:16:38,061 [EndpointStateMachine task thread for /0.0.0.0:43187 - 0 ] INFO  ozoneimpl.OzoneContainer (OzoneContainer.java:startContainerScrub(313)) - Background container scanner has been disabled.
2022-11-04 13:16:38,064 [EndpointStateMachine task thread for /0.0.0.0:43187 - 0 ] INFO  replication.ReplicationServer (ReplicationServer.java:start(111)) - ReplicationServer is started using port 40647
2022-11-04 13:16:38,065 [EndpointStateMachine task thread for /0.0.0.0:43187 - 0 ] INFO  ratis.XceiverServerRatis (XceiverServerRatis.java:start(481)) - Starting XceiverServerRatis 0467b8fc-339c-416e-b5e6-66cb4b1c2e57
2022-11-04 13:16:38,065 [EndpointStateMachine task thread for /0.0.0.0:43187 - 0 ] INFO  server.RaftServer (RaftServerProxy.java:startImpl(393)) - 0467b8fc-339c-416e-b5e6-66cb4b1c2e57: start RPC server
2022-11-04 13:16:38,067 [EndpointStateMachine task thread for /0.0.0.0:43187 - 0 ] INFO  server.GrpcService (GrpcService.java:startImpl(270)) - 0467b8fc-339c-416e-b5e6-66cb4b1c2e57: GrpcService started, listening on 40137
2022-11-04 13:16:38,067 [EndpointStateMachine task thread for /0.0.0.0:43187 - 0 ] INFO  ratis.XceiverServerRatis (XceiverServerRatis.java:getRealPort(502)) - XceiverServerRatis 0467b8fc-339c-416e-b5e6-66cb4b1c2e57 is started using port 40137 for RATIS
2022-11-04 13:16:38,067 [EndpointStateMachine task thread for /0.0.0.0:43187 - 0 ] INFO  ratis.XceiverServerRatis (XceiverServerRatis.java:getRealPort(502)) - XceiverServerRatis 0467b8fc-339c-416e-b5e6-66cb4b1c2e57 is started using port 40137 for RATIS_ADMIN
2022-11-04 13:16:38,067 [EndpointStateMachine task thread for /0.0.0.0:43187 - 0 ] INFO  ratis.XceiverServerRatis (XceiverServerRatis.java:getRealPort(502)) - XceiverServerRatis 0467b8fc-339c-416e-b5e6-66cb4b1c2e57 is started using port 40137 for RATIS_SERVER
2022-11-04 13:16:38,068 [JvmPauseMonitor10] INFO  util.JvmPauseMonitor (JvmPauseMonitor.java:run(105)) - JvmPauseMonitor-0467b8fc-339c-416e-b5e6-66cb4b1c2e57: Started
2022-11-04 13:16:38,070 [EndpointStateMachine task thread for /0.0.0.0:43187 - 0 ] INFO  server.XceiverServerGrpc (XceiverServerGrpc.java:start(180)) - XceiverServerGrpc 0467b8fc-339c-416e-b5e6-66cb4b1c2e57 is started using port 40209
2022-11-04 13:16:38,182 [IPC Server handler 9 on default port 43187] INFO  net.NetworkTopologyImpl (NetworkTopologyImpl.java:add(112)) - Added a new node: /default-rack/47355ef6-248e-415d-99d1-f00ca16e1642
2022-11-04 13:16:38,182 [IPC Server handler 9 on default port 43187] INFO  node.SCMNodeManager (SCMNodeManager.java:register(397)) - Registered Data node : 47355ef6-248e-415d-99d1-f00ca16e1642{ip: 10.1.1.104, host: fv-az443-313.ap2fcshprsnunfx25e1aelzb4b.cx.internal.cloudapp.net, ports: [REPLICATION=45467, RATIS=43613, RATIS_ADMIN=43613, RATIS_SERVER=43613, STANDALONE=35029], networkLocation: /default-rack, certSerialId: null, persistedOpState: null, persistedOpStateExpiryEpochSec: 0}
2022-11-04 13:16:38,183 [EventQueue-NewNodeForNewNodeHandler] INFO  pipeline.BackgroundPipelineCreator (BackgroundPipelineCreator.java:notifyEventTriggered(276)) - trigger a one-shot run on RatisPipelineUtilsThread.
2022-11-04 13:16:38,183 [RatisPipelineUtilsThread - 0] INFO  pipeline.RatisPipelineProvider (RatisPipelineProvider.java:lambda$create$0(195)) - Sending CreatePipelineCommand for pipeline:PipelineID=80cf342c-22bd-49f7-9da0-660f148b2c2f to datanode:47355ef6-248e-415d-99d1-f00ca16e1642
2022-11-04 13:16:38,184 [RatisPipelineUtilsThread - 0] INFO  pipeline.PipelineStateManagerImpl (PipelineStateManagerImpl.java:addPipeline(103)) - Created pipeline Pipeline[ Id: 80cf342c-22bd-49f7-9da0-660f148b2c2f, Nodes: 47355ef6-248e-415d-99d1-f00ca16e1642{ip: 10.1.1.104, host: fv-az443-313.ap2fcshprsnunfx25e1aelzb4b.cx.internal.cloudapp.net, ports: [REPLICATION=45467, RATIS=43613, RATIS_ADMIN=43613, RATIS_SERVER=43613, STANDALONE=35029], networkLocation: /default-rack, certSerialId: null, persistedOpState: IN_SERVICE, persistedOpStateExpiryEpochSec: 0}, ReplicationConfig: RATIS/ONE, State:ALLOCATED, leaderId:, CreationTimestamp2022-11-04T13:16:38.183Z[Etc/UTC]].
2022-11-04 13:16:38,492 [IPC Server handler 10 on default port 43187] INFO  net.NetworkTopologyImpl (NetworkTopologyImpl.java:add(112)) - Added a new node: /default-rack/99050580-db91-402e-a30b-7426b5391f3a
2022-11-04 13:16:38,492 [IPC Server handler 10 on default port 43187] INFO  node.SCMNodeManager (SCMNodeManager.java:register(397)) - Registered Data node : 99050580-db91-402e-a30b-7426b5391f3a{ip: 10.1.1.104, host: fv-az443-313.ap2fcshprsnunfx25e1aelzb4b.cx.internal.cloudapp.net, ports: [REPLICATION=35487, RATIS=40645, RATIS_ADMIN=40645, RATIS_SERVER=40645, STANDALONE=45217], networkLocation: /default-rack, certSerialId: null, persistedOpState: null, persistedOpStateExpiryEpochSec: 0}
2022-11-04 13:16:38,492 [EventQueue-NewNodeForNewNodeHandler] INFO  pipeline.BackgroundPipelineCreator (BackgroundPipelineCreator.java:notifyEventTriggered(276)) - trigger a one-shot run on RatisPipelineUtilsThread.
2022-11-04 13:16:38,497 [RatisPipelineUtilsThread - 0] INFO  pipeline.RatisPipelineProvider (RatisPipelineProvider.java:lambda$create$0(195)) - Sending CreatePipelineCommand for pipeline:PipelineID=b332cd44-5569-4650-a974-285bfc804282 to datanode:99050580-db91-402e-a30b-7426b5391f3a
2022-11-04 13:16:38,498 [RatisPipelineUtilsThread - 0] INFO  pipeline.PipelineStateManagerImpl (PipelineStateManagerImpl.java:addPipeline(103)) - Created pipeline Pipeline[ Id: b332cd44-5569-4650-a974-285bfc804282, Nodes: 99050580-db91-402e-a30b-7426b5391f3a{ip: 10.1.1.104, host: fv-az443-313.ap2fcshprsnunfx25e1aelzb4b.cx.internal.cloudapp.net, ports: [REPLICATION=35487, RATIS=40645, RATIS_ADMIN=40645, RATIS_SERVER=40645, STANDALONE=45217], networkLocation: /default-rack, certSerialId: null, persistedOpState: IN_SERVICE, persistedOpStateExpiryEpochSec: 0}, ReplicationConfig: RATIS/ONE, State:ALLOCATED, leaderId:, CreationTimestamp2022-11-04T13:16:38.497Z[Etc/UTC]].
2022-11-04 13:16:38,498 [RatisPipelineUtilsThread - 0] INFO  pipeline.RatisPipelineProvider (RatisPipelineProvider.java:lambda$create$0(195)) - Sending CreatePipelineCommand for pipeline:PipelineID=cc3fb77a-ab95-4649-9bbb-d39f9c32cd8e to datanode:18b69636-199d-46b1-a155-faec2a9e6e92
2022-11-04 13:16:38,498 [RatisPipelineUtilsThread - 0] INFO  pipeline.RatisPipelineProvider (RatisPipelineProvider.java:lambda$create$0(195)) - Sending CreatePipelineCommand for pipeline:PipelineID=cc3fb77a-ab95-4649-9bbb-d39f9c32cd8e to datanode:99050580-db91-402e-a30b-7426b5391f3a
2022-11-04 13:16:38,499 [RatisPipelineUtilsThread - 0] INFO  pipeline.RatisPipelineProvider (RatisPipelineProvider.java:lambda$create$0(195)) - Sending CreatePipelineCommand for pipeline:PipelineID=cc3fb77a-ab95-4649-9bbb-d39f9c32cd8e to datanode:47355ef6-248e-415d-99d1-f00ca16e1642
2022-11-04 13:16:38,499 [RatisPipelineUtilsThread - 0] INFO  pipeline.PipelineStateManagerImpl (PipelineStateManagerImpl.java:addPipeline(103)) - Created pipeline Pipeline[ Id: cc3fb77a-ab95-4649-9bbb-d39f9c32cd8e, Nodes: 18b69636-199d-46b1-a155-faec2a9e6e92{ip: 10.1.1.104, host: fv-az443-313.ap2fcshprsnunfx25e1aelzb4b.cx.internal.cloudapp.net, ports: [REPLICATION=33747, RATIS=40753, RATIS_ADMIN=40753, RATIS_SERVER=40753, STANDALONE=36937], networkLocation: /default-rack, certSerialId: null, persistedOpState: IN_SERVICE, persistedOpStateExpiryEpochSec: 0}99050580-db91-402e-a30b-7426b5391f3a{ip: 10.1.1.104, host: fv-az443-313.ap2fcshprsnunfx25e1aelzb4b.cx.internal.cloudapp.net, ports: [REPLICATION=35487, RATIS=40645, RATIS_ADMIN=40645, RATIS_SERVER=40645, STANDALONE=45217], networkLocation: /default-rack, certSerialId: null, persistedOpState: IN_SERVICE, persistedOpStateExpiryEpochSec: 0}47355ef6-248e-415d-99d1-f00ca16e1642{ip: 10.1.1.104, host: fv-az443-313.ap2fcshprsnunfx25e1aelzb4b.cx.internal.cloudapp.net, ports: [REPLICATION=45467, RATIS=43613, RATIS_ADMIN=43613, RATIS_SERVER=43613, STANDALONE=35029], networkLocation: /default-rack, certSerialId: null, persistedOpState: IN_SERVICE, persistedOpStateExpiryEpochSec: 0}, ReplicationConfig: RATIS/THREE, State:ALLOCATED, leaderId:, CreationTimestamp2022-11-04T13:16:38.498Z[Etc/UTC]].
2022-11-04 13:16:38,500 [RatisPipelineUtilsThread - 0] INFO  pipeline.RatisPipelineProvider (RatisPipelineProvider.java:lambda$create$0(195)) - Sending CreatePipelineCommand for pipeline:PipelineID=4c486c42-032a-47d2-86a7-0e0524d27bc6 to datanode:18b69636-199d-46b1-a155-faec2a9e6e92
2022-11-04 13:16:38,500 [RatisPipelineUtilsThread - 0] INFO  pipeline.RatisPipelineProvider (RatisPipelineProvider.java:lambda$create$0(195)) - Sending CreatePipelineCommand for pipeline:PipelineID=4c486c42-032a-47d2-86a7-0e0524d27bc6 to datanode:99050580-db91-402e-a30b-7426b5391f3a
2022-11-04 13:16:38,500 [RatisPipelineUtilsThread - 0] INFO  pipeline.RatisPipelineProvider (RatisPipelineProvider.java:lambda$create$0(195)) - Sending CreatePipelineCommand for pipeline:PipelineID=4c486c42-032a-47d2-86a7-0e0524d27bc6 to datanode:47355ef6-248e-415d-99d1-f00ca16e1642
2022-11-04 13:16:38,507 [RatisPipelineUtilsThread - 0] INFO  pipeline.PipelineStateManagerImpl (PipelineStateManagerImpl.java:addPipeline(103)) - Created pipeline Pipeline[ Id: 4c486c42-032a-47d2-86a7-0e0524d27bc6, Nodes: 18b69636-199d-46b1-a155-faec2a9e6e92{ip: 10.1.1.104, host: fv-az443-313.ap2fcshprsnunfx25e1aelzb4b.cx.internal.cloudapp.net, ports: [REPLICATION=33747, RATIS=40753, RATIS_ADMIN=40753, RATIS_SERVER=40753, STANDALONE=36937], networkLocation: /default-rack, certSerialId: null, persistedOpState: IN_SERVICE, persistedOpStateExpiryEpochSec: 0}99050580-db91-402e-a30b-7426b5391f3a{ip: 10.1.1.104, host: fv-az443-313.ap2fcshprsnunfx25e1aelzb4b.cx.internal.cloudapp.net, ports: [REPLICATION=35487, RATIS=40645, RATIS_ADMIN=40645, RATIS_SERVER=40645, STANDALONE=45217], networkLocation: /default-rack, certSerialId: null, persistedOpState: IN_SERVICE, persistedOpStateExpiryEpochSec: 0}47355ef6-248e-415d-99d1-f00ca16e1642{ip: 10.1.1.104, host: fv-az443-313.ap2fcshprsnunfx25e1aelzb4b.cx.internal.cloudapp.net, ports: [REPLICATION=45467, RATIS=43613, RATIS_ADMIN=43613, RATIS_SERVER=43613, STANDALONE=35029], networkLocation: /default-rack, certSerialId: null, persistedOpState: IN_SERVICE, persistedOpStateExpiryEpochSec: 0}, ReplicationConfig: RATIS/THREE, State:ALLOCATED, leaderId:, CreationTimestamp2022-11-04T13:16:38.500Z[Etc/UTC]].
2022-11-04 13:16:38,507 [RatisPipelineUtilsThread - 0] INFO  pipeline.PipelineManagerImpl (PipelineManagerImpl.java:recordMetricsForPipeline(826)) - Pipeline: PipelineID=4c486c42-032a-47d2-86a7-0e0524d27bc6 contains same datanodes as previous pipelines: PipelineID=cc3fb77a-ab95-4649-9bbb-d39f9c32cd8e nodeIds: 18b69636-199d-46b1-a155-faec2a9e6e92, 99050580-db91-402e-a30b-7426b5391f3a, 47355ef6-248e-415d-99d1-f00ca16e1642
2022-11-04 13:16:38,824 [IPC Server handler 19 on default port 43187] INFO  net.NetworkTopologyImpl (NetworkTopologyImpl.java:add(112)) - Added a new node: /default-rack/0dd4671e-e5ba-49c8-8afe-be056577c247
2022-11-04 13:16:38,826 [IPC Server handler 19 on default port 43187] INFO  node.SCMNodeManager (SCMNodeManager.java:register(397)) - Registered Data node : 0dd4671e-e5ba-49c8-8afe-be056577c247{ip: 10.1.1.104, host: fv-az443-313.ap2fcshprsnunfx25e1aelzb4b.cx.internal.cloudapp.net, ports: [REPLICATION=36307, RATIS=32843, RATIS_ADMIN=32843, RATIS_SERVER=32843, STANDALONE=33921], networkLocation: /default-rack, certSerialId: null, persistedOpState: null, persistedOpStateExpiryEpochSec: 0}
2022-11-04 13:16:38,828 [EventQueue-NewNodeForNewNodeHandler] INFO  pipeline.BackgroundPipelineCreator (BackgroundPipelineCreator.java:notifyEventTriggered(276)) - trigger a one-shot run on RatisPipelineUtilsThread.
2022-11-04 13:16:38,828 [RatisPipelineUtilsThread - 0] INFO  pipeline.RatisPipelineProvider (RatisPipelineProvider.java:lambda$create$0(195)) - Sending CreatePipelineCommand for pipeline:PipelineID=297006e3-55a6-4fb8-8f28-d3d5b8692d3e to datanode:0dd4671e-e5ba-49c8-8afe-be056577c247
2022-11-04 13:16:38,829 [RatisPipelineUtilsThread - 0] INFO  pipeline.PipelineStateManagerImpl (PipelineStateManagerImpl.java:addPipeline(103)) - Created pipeline Pipeline[ Id: 297006e3-55a6-4fb8-8f28-d3d5b8692d3e, Nodes: 0dd4671e-e5ba-49c8-8afe-be056577c247{ip: 10.1.1.104, host: fv-az443-313.ap2fcshprsnunfx25e1aelzb4b.cx.internal.cloudapp.net, ports: [REPLICATION=36307, RATIS=32843, RATIS_ADMIN=32843, RATIS_SERVER=32843, STANDALONE=33921], networkLocation: /default-rack, certSerialId: null, persistedOpState: IN_SERVICE, persistedOpStateExpiryEpochSec: 0}, ReplicationConfig: RATIS/ONE, State:ALLOCATED, leaderId:, CreationTimestamp2022-11-04T13:16:38.828Z[Etc/UTC]].
2022-11-04 13:16:39,018 [Listener at 127.0.0.1/35095] INFO  ozone.MiniOzoneClusterImpl (MiniOzoneClusterImpl.java:lambda$waitForClusterToBeReady$0(216)) - Waiting for nodes to be ready. Got 7 of 10 DN Heartbeats.
2022-11-04 13:16:39,018 [Listener at 127.0.0.1/35095] INFO  ozone.MiniOzoneClusterImpl (MiniOzoneClusterImpl.java:lambda$waitForClusterToBeReady$0(219)) - Waiting for cluster to exit safe mode
2022-11-04 13:16:39,018 [Listener at 127.0.0.1/35095] INFO  ozone.MiniOzoneClusterImpl (MiniOzoneClusterImpl.java:lambda$waitForClusterToBeReady$0(221)) - SCM became leader
2022-11-04 13:16:39,297 [IPC Server handler 10 on default port 43187] INFO  net.NetworkTopologyImpl (NetworkTopologyImpl.java:add(112)) - Added a new node: /default-rack/5b5b9152-5d2c-4522-9940-e93bc8d8546d
2022-11-04 13:16:39,298 [IPC Server handler 10 on default port 43187] INFO  node.SCMNodeManager (SCMNodeManager.java:register(397)) - Registered Data node : 5b5b9152-5d2c-4522-9940-e93bc8d8546d{ip: 10.1.1.104, host: fv-az443-313.ap2fcshprsnunfx25e1aelzb4b.cx.internal.cloudapp.net, ports: [REPLICATION=43113, RATIS=42221, RATIS_ADMIN=42221, RATIS_SERVER=42221, STANDALONE=40779], networkLocation: /default-rack, certSerialId: null, persistedOpState: null, persistedOpStateExpiryEpochSec: 0}
2022-11-04 13:16:39,298 [EventQueue-NewNodeForNewNodeHandler] INFO  pipeline.BackgroundPipelineCreator (BackgroundPipelineCreator.java:notifyEventTriggered(276)) - trigger a one-shot run on RatisPipelineUtilsThread.
2022-11-04 13:16:39,298 [RatisPipelineUtilsThread - 0] INFO  pipeline.RatisPipelineProvider (RatisPipelineProvider.java:lambda$create$0(195)) - Sending CreatePipelineCommand for pipeline:PipelineID=420e8bb4-416f-496c-b500-9e5af68aec75 to datanode:5b5b9152-5d2c-4522-9940-e93bc8d8546d
2022-11-04 13:16:39,299 [RatisPipelineUtilsThread - 0] INFO  pipeline.PipelineStateManagerImpl (PipelineStateManagerImpl.java:addPipeline(103)) - Created pipeline Pipeline[ Id: 420e8bb4-416f-496c-b500-9e5af68aec75, Nodes: 5b5b9152-5d2c-4522-9940-e93bc8d8546d{ip: 10.1.1.104, host: fv-az443-313.ap2fcshprsnunfx25e1aelzb4b.cx.internal.cloudapp.net, ports: [REPLICATION=43113, RATIS=42221, RATIS_ADMIN=42221, RATIS_SERVER=42221, STANDALONE=40779], networkLocation: /default-rack, certSerialId: null, persistedOpState: IN_SERVICE, persistedOpStateExpiryEpochSec: 0}, ReplicationConfig: RATIS/ONE, State:ALLOCATED, leaderId:, CreationTimestamp2022-11-04T13:16:39.298Z[Etc/UTC]].
2022-11-04 13:16:39,694 [IPC Server handler 12 on default port 43187] INFO  net.NetworkTopologyImpl (NetworkTopologyImpl.java:add(112)) - Added a new node: /default-rack/c32434d6-2497-484c-95de-45f9e03d5624
2022-11-04 13:16:39,694 [IPC Server handler 12 on default port 43187] INFO  node.SCMNodeManager (SCMNodeManager.java:register(397)) - Registered Data node : c32434d6-2497-484c-95de-45f9e03d5624{ip: 10.1.1.104, host: fv-az443-313.ap2fcshprsnunfx25e1aelzb4b.cx.internal.cloudapp.net, ports: [REPLICATION=36169, RATIS=38331, RATIS_ADMIN=38331, RATIS_SERVER=38331, STANDALONE=36231], networkLocation: /default-rack, certSerialId: null, persistedOpState: null, persistedOpStateExpiryEpochSec: 0}
2022-11-04 13:16:39,695 [EventQueue-NewNodeForNewNodeHandler] INFO  pipeline.BackgroundPipelineCreator (BackgroundPipelineCreator.java:notifyEventTriggered(276)) - trigger a one-shot run on RatisPipelineUtilsThread.
2022-11-04 13:16:39,699 [RatisPipelineUtilsThread - 0] INFO  pipeline.RatisPipelineProvider (RatisPipelineProvider.java:lambda$create$0(195)) - Sending CreatePipelineCommand for pipeline:PipelineID=77e5e39f-85fe-47f7-b71b-a6f22b53c3ca to datanode:c32434d6-2497-484c-95de-45f9e03d5624
2022-11-04 13:16:39,699 [RatisPipelineUtilsThread - 0] INFO  pipeline.PipelineStateManagerImpl (PipelineStateManagerImpl.java:addPipeline(103)) - Created pipeline Pipeline[ Id: 77e5e39f-85fe-47f7-b71b-a6f22b53c3ca, Nodes: c32434d6-2497-484c-95de-45f9e03d5624{ip: 10.1.1.104, host: fv-az443-313.ap2fcshprsnunfx25e1aelzb4b.cx.internal.cloudapp.net, ports: [REPLICATION=36169, RATIS=38331, RATIS_ADMIN=38331, RATIS_SERVER=38331, STANDALONE=36231], networkLocation: /default-rack, certSerialId: null, persistedOpState: IN_SERVICE, persistedOpStateExpiryEpochSec: 0}, ReplicationConfig: RATIS/ONE, State:ALLOCATED, leaderId:, CreationTimestamp2022-11-04T13:16:39.699Z[Etc/UTC]].
2022-11-04 13:16:39,700 [RatisPipelineUtilsThread - 0] INFO  pipeline.RatisPipelineProvider (RatisPipelineProvider.java:lambda$create$0(195)) - Sending CreatePipelineCommand for pipeline:PipelineID=88eee1e1-fcc8-4f36-800d-204990bd3269 to datanode:0dd4671e-e5ba-49c8-8afe-be056577c247
2022-11-04 13:16:39,700 [RatisPipelineUtilsThread - 0] INFO  pipeline.RatisPipelineProvider (RatisPipelineProvider.java:lambda$create$0(195)) - Sending CreatePipelineCommand for pipeline:PipelineID=88eee1e1-fcc8-4f36-800d-204990bd3269 to datanode:c32434d6-2497-484c-95de-45f9e03d5624
2022-11-04 13:16:39,700 [RatisPipelineUtilsThread - 0] INFO  pipeline.RatisPipelineProvider (RatisPipelineProvider.java:lambda$create$0(195)) - Sending CreatePipelineCommand for pipeline:PipelineID=88eee1e1-fcc8-4f36-800d-204990bd3269 to datanode:5b5b9152-5d2c-4522-9940-e93bc8d8546d
2022-11-04 13:16:39,701 [RatisPipelineUtilsThread - 0] INFO  pipeline.PipelineStateManagerImpl (PipelineStateManagerImpl.java:addPipeline(103)) - Created pipeline Pipeline[ Id: 88eee1e1-fcc8-4f36-800d-204990bd3269, Nodes: 0dd4671e-e5ba-49c8-8afe-be056577c247{ip: 10.1.1.104, host: fv-az443-313.ap2fcshprsnunfx25e1aelzb4b.cx.internal.cloudapp.net, ports: [REPLICATION=36307, RATIS=32843, RATIS_ADMIN=32843, RATIS_SERVER=32843, STANDALONE=33921], networkLocation: /default-rack, certSerialId: null, persistedOpState: IN_SERVICE, persistedOpStateExpiryEpochSec: 0}c32434d6-2497-484c-95de-45f9e03d5624{ip: 10.1.1.104, host: fv-az443-313.ap2fcshprsnunfx25e1aelzb4b.cx.internal.cloudapp.net, ports: [REPLICATION=36169, RATIS=38331, RATIS_ADMIN=38331, RATIS_SERVER=38331, STANDALONE=36231], networkLocation: /default-rack, certSerialId: null, persistedOpState: IN_SERVICE, persistedOpStateExpiryEpochSec: 0}5b5b9152-5d2c-4522-9940-e93bc8d8546d{ip: 10.1.1.104, host: fv-az443-313.ap2fcshprsnunfx25e1aelzb4b.cx.internal.cloudapp.net, ports: [REPLICATION=43113, RATIS=42221, RATIS_ADMIN=42221, RATIS_SERVER=42221, STANDALONE=40779], networkLocation: /default-rack, certSerialId: null, persistedOpState: IN_SERVICE, persistedOpStateExpiryEpochSec: 0}, ReplicationConfig: RATIS/THREE, State:ALLOCATED, leaderId:, CreationTimestamp2022-11-04T13:16:39.700Z[Etc/UTC]].
2022-11-04 13:16:39,702 [RatisPipelineUtilsThread - 0] INFO  pipeline.RatisPipelineProvider (RatisPipelineProvider.java:lambda$create$0(195)) - Sending CreatePipelineCommand for pipeline:PipelineID=ed153e9c-e645-4fd0-89da-3134a2b79dbe to datanode:0dd4671e-e5ba-49c8-8afe-be056577c247
2022-11-04 13:16:39,702 [RatisPipelineUtilsThread - 0] INFO  pipeline.RatisPipelineProvider (RatisPipelineProvider.java:lambda$create$0(195)) - Sending CreatePipelineCommand for pipeline:PipelineID=ed153e9c-e645-4fd0-89da-3134a2b79dbe to datanode:5b5b9152-5d2c-4522-9940-e93bc8d8546d
2022-11-04 13:16:39,703 [RatisPipelineUtilsThread - 0] INFO  pipeline.RatisPipelineProvider (RatisPipelineProvider.java:lambda$create$0(195)) - Sending CreatePipelineCommand for pipeline:PipelineID=ed153e9c-e645-4fd0-89da-3134a2b79dbe to datanode:c32434d6-2497-484c-95de-45f9e03d5624
2022-11-04 13:16:39,704 [RatisPipelineUtilsThread - 0] INFO  pipeline.PipelineStateManagerImpl (PipelineStateManagerImpl.java:addPipeline(103)) - Created pipeline Pipeline[ Id: ed153e9c-e645-4fd0-89da-3134a2b79dbe, Nodes: 0dd4671e-e5ba-49c8-8afe-be056577c247{ip: 10.1.1.104, host: fv-az443-313.ap2fcshprsnunfx25e1aelzb4b.cx.internal.cloudapp.net, ports: [REPLICATION=36307, RATIS=32843, RATIS_ADMIN=32843, RATIS_SERVER=32843, STANDALONE=33921], networkLocation: /default-rack, certSerialId: null, persistedOpState: IN_SERVICE, persistedOpStateExpiryEpochSec: 0}5b5b9152-5d2c-4522-9940-e93bc8d8546d{ip: 10.1.1.104, host: fv-az443-313.ap2fcshprsnunfx25e1aelzb4b.cx.internal.cloudapp.net, ports: [REPLICATION=43113, RATIS=42221, RATIS_ADMIN=42221, RATIS_SERVER=42221, STANDALONE=40779], networkLocation: /default-rack, certSerialId: null, persistedOpState: IN_SERVICE, persistedOpStateExpiryEpochSec: 0}c32434d6-2497-484c-95de-45f9e03d5624{ip: 10.1.1.104, host: fv-az443-313.ap2fcshprsnunfx25e1aelzb4b.cx.internal.cloudapp.net, ports: [REPLICATION=36169, RATIS=38331, RATIS_ADMIN=38331, RATIS_SERVER=38331, STANDALONE=36231], networkLocation: /default-rack, certSerialId: null, persistedOpState: IN_SERVICE, persistedOpStateExpiryEpochSec: 0}, ReplicationConfig: RATIS/THREE, State:ALLOCATED, leaderId:, CreationTimestamp2022-11-04T13:16:39.702Z[Etc/UTC]].
2022-11-04 13:16:39,704 [RatisPipelineUtilsThread - 0] INFO  pipeline.PipelineManagerImpl (PipelineManagerImpl.java:recordMetricsForPipeline(826)) - Pipeline: PipelineID=ed153e9c-e645-4fd0-89da-3134a2b79dbe contains same datanodes as previous pipelines: PipelineID=88eee1e1-fcc8-4f36-800d-204990bd3269 nodeIds: 0dd4671e-e5ba-49c8-8afe-be056577c247, 5b5b9152-5d2c-4522-9940-e93bc8d8546d, c32434d6-2497-484c-95de-45f9e03d5624
2022-11-04 13:16:39,733 [Command processor thread] INFO  server.RaftServer (RaftServerProxy.java:addNew(96)) - 8d3760b1-f0ab-49a5-9c8a-a39ea99f9aab: addNew group-2BBF2C51CC02:[8d3760b1-f0ab-49a5-9c8a-a39ea99f9aab|rpc:10.1.1.104:40979|priority:1|startupRole:FOLLOWER] returns group-2BBF2C51CC02:java.util.concurrent.CompletableFuture@7c3c6be6[Not completed]
2022-11-04 13:16:39,747 [pool-72-thread-1] INFO  server.RaftServer$Division (RaftServerImpl.java:<init>(195)) - 8d3760b1-f0ab-49a5-9c8a-a39ea99f9aab: new RaftServerImpl for group-2BBF2C51CC02:[8d3760b1-f0ab-49a5-9c8a-a39ea99f9aab|rpc:10.1.1.104:40979|priority:1|startupRole:FOLLOWER] with ContainerStateMachine:uninitialized
2022-11-04 13:16:39,747 [pool-72-thread-1] INFO  server.RaftServerConfigKeys (ConfUtils.java:logGet(46)) - raft.server.rpc.timeout.min = 5s (custom)
2022-11-04 13:16:39,747 [pool-72-thread-1] INFO  server.RaftServerConfigKeys (ConfUtils.java:logGet(46)) - raft.server.rpc.timeout.max = 5200ms (custom)
2022-11-04 13:16:39,748 [pool-72-thread-1] INFO  server.RaftServerConfigKeys (ConfUtils.java:logGet(46)) - raft.server.rpc.sleep.time = 25ms (default)
2022-11-04 13:16:39,748 [pool-72-thread-1] INFO  server.RaftServerConfigKeys (ConfUtils.java:logGet(46)) - raft.server.rpc.slowness.timeout = 300s (custom)
2022-11-04 13:16:39,748 [pool-72-thread-1] INFO  server.RaftServerConfigKeys (ConfUtils.java:logGet(46)) - raft.server.leaderelection.leader.step-down.wait-time = 10s (default)
2022-11-04 13:16:39,748 [pool-72-thread-1] INFO  server.RaftServerConfigKeys (ConfUtils.java:logGet(46)) - raft.server.sleep.deviation.threshold = 300ms (default)
2022-11-04 13:16:39,748 [pool-72-thread-1] INFO  server.RaftServer$Division (ServerState.java:<init>(118)) - 8d3760b1-f0ab-49a5-9c8a-a39ea99f9aab@group-2BBF2C51CC02: ConfigurationManager, init=-1: peers:[8d3760b1-f0ab-49a5-9c8a-a39ea99f9aab|rpc:10.1.1.104:40979|priority:1|startupRole:FOLLOWER]|listeners:[], old=null, confs=<EMPTY_MAP>
2022-11-04 13:16:39,748 [pool-72-thread-1] INFO  server.RaftServerConfigKeys (ConfUtils.java:logGet(46)) - raft.server.storage.dir = [/home/runner/work/ozone/ozone/hadoop-ozone/integration-test/target/test-dir/MiniOzoneClusterImpl-0c0bfa66-1f5b-4f11-9fe6-cbebe0503434/datanode-0/data/ratis] (custom)
2022-11-04 13:16:39,748 [pool-72-thread-1] INFO  server.RaftServerConfigKeys (ConfUtils.java:logGet(46)) - raft.server.log.corruption.policy = EXCEPTION (default)
2022-11-04 13:16:39,749 [pool-72-thread-1] INFO  server.RaftServerConfigKeys (ConfUtils.java:logGet(46)) - raft.server.storage.free-space.min = 0MB (=0) (default)
2022-11-04 13:16:39,749 [pool-72-thread-1] INFO  server.RaftServerConfigKeys (ConfUtils.java:logGet(46)) - raft.server.notification.no-leader.timeout = 300s (custom)
2022-11-04 13:16:39,749 [pool-72-thread-1] INFO  server.RaftServerConfigKeys (ConfUtils.java:logGet(46)) - raft.server.retrycache.expirytime = 600000ms (custom)
2022-11-04 13:16:39,749 [pool-72-thread-1] INFO  server.RaftServerConfigKeys (ConfUtils.java:logGet(46)) - raft.server.retrycache.statistics.expirytime = 100μs (default)
2022-11-04 13:16:39,762 [pool-72-thread-1] INFO  server.RaftServerConfigKeys (ConfUtils.java:logGet(46)) - raft.server.log.appender.install.snapshot.enabled = false (custom)
2022-11-04 13:16:39,762 [pool-72-thread-1] INFO  server.RaftServerConfigKeys (ConfUtils.java:logGet(46)) - raft.server.threadpool.server.cached = true (default)
2022-11-04 13:16:39,763 [pool-72-thread-1] INFO  server.RaftServerConfigKeys (ConfUtils.java:logGet(46)) - raft.server.threadpool.server.size = 0 (default)
2022-11-04 13:16:39,763 [pool-72-thread-1] INFO  server.RaftServerConfigKeys (ConfUtils.java:logGet(46)) - raft.server.threadpool.client.cached = true (default)
2022-11-04 13:16:39,763 [pool-72-thread-1] INFO  server.RaftServerConfigKeys (ConfUtils.java:logGet(46)) - raft.server.threadpool.client.size = 0 (default)
2022-11-04 13:16:39,763 [pool-72-thread-1] INFO  storage.RaftStorageDirectory (RaftStorageDirectoryImpl.java:analyzeStorage(137)) - The storage directory /home/runner/work/ozone/ozone/hadoop-ozone/integration-test/target/test-dir/MiniOzoneClusterImpl-0c0bfa66-1f5b-4f11-9fe6-cbebe0503434/datanode-0/data/ratis/5c9195ff-9c3f-4fef-849b-2bbf2c51cc02 does not exist. Creating ...
2022-11-04 13:16:39,765 [pool-72-thread-1] INFO  storage.RaftStorageDirectory (RaftStorageDirectoryImpl.java:tryLock(231)) - Lock on /home/runner/work/ozone/ozone/hadoop-ozone/integration-test/target/test-dir/MiniOzoneClusterImpl-0c0bfa66-1f5b-4f11-9fe6-cbebe0503434/datanode-0/data/ratis/5c9195ff-9c3f-4fef-849b-2bbf2c51cc02/in_use.lock acquired by nodename 14841@fv-az443-313
2022-11-04 13:16:39,766 [pool-72-thread-1] INFO  storage.RaftStorage (RaftStorageImpl.java:format(96)) - Storage directory /home/runner/work/ozone/ozone/hadoop-ozone/integration-test/target/test-dir/MiniOzoneClusterImpl-0c0bfa66-1f5b-4f11-9fe6-cbebe0503434/datanode-0/data/ratis/5c9195ff-9c3f-4fef-849b-2bbf2c51cc02 has been successfully formatted.
2022-11-04 13:16:39,770 [pool-72-thread-1] INFO  ratis.ContainerStateMachine (ContainerStateMachine.java:loadSnapshot(236)) - group-2BBF2C51CC02: The snapshot info is null. Setting the last applied indexto:(t:0, i:~)
2022-11-04 13:16:39,770 [pool-72-thread-1] INFO  server.RaftServerConfigKeys (ConfUtils.java:logGet(46)) - raft.server.log.use.memory = false (default)
2022-11-04 13:16:39,772 [pool-72-thread-1] INFO  server.RaftServerConfigKeys (ConfUtils.java:logGet(46)) - raft.server.log.purge.gap = 1000000 (custom)
2022-11-04 13:16:39,772 [pool-72-thread-1] INFO  server.RaftServerConfigKeys (ConfUtils.java:logGet(46)) - raft.server.log.appender.buffer.byte-limit = 33554432 (custom)
2022-11-04 13:16:39,772 [pool-72-thread-1] INFO  server.RaftServerConfigKeys (ConfUtils.java:logGet(46)) - raft.server.log.statemachine.data.read.timeout = 1000ms (default)
2022-11-04 13:16:39,772 [pool-72-thread-1] INFO  server.RaftServerConfigKeys (ConfUtils.java:logGet(46)) - raft.server.log.purge.preservation.log.num = 0 (default)
2022-11-04 13:16:39,772 [pool-72-thread-1] INFO  server.RaftServerConfigKeys (ConfUtils.java:logGet(46)) - raft.server.log.segment.size.max = 1048576 (custom)
2022-11-04 13:16:39,774 [EventQueue-PipelineReportForPipelineReportHandler] INFO  pipeline.PipelineManagerImpl (PipelineManagerImpl.java:openPipeline(367)) - Pipeline Pipeline[ Id: 5c9195ff-9c3f-4fef-849b-2bbf2c51cc02, Nodes: 8d3760b1-f0ab-49a5-9c8a-a39ea99f9aab{ip: 10.1.1.104, host: fv-az443-313.ap2fcshprsnunfx25e1aelzb4b.cx.internal.cloudapp.net, ports: [REPLICATION=44345, RATIS=40979, RATIS_ADMIN=40979, RATIS_SERVER=40979, STANDALONE=43541], networkLocation: /default-rack, certSerialId: null, persistedOpState: IN_SERVICE, persistedOpStateExpiryEpochSec: 0}, ReplicationConfig: RATIS/ONE, State:ALLOCATED, leaderId:8d3760b1-f0ab-49a5-9c8a-a39ea99f9aab, CreationTimestamp2022-11-04T13:16:36.741Z[Etc/UTC]] moved to OPEN state
2022-11-04 13:16:39,776 [pool-72-thread-1] INFO  server.RaftServerConfigKeys (ConfUtils.java:logGet(46)) - raft.server.log.segment.cache.num.max = 2 (custom)
2022-11-04 13:16:39,776 [pool-72-thread-1] INFO  server.RaftServerConfigKeys (ConfUtils.java:logGet(46)) - raft.server.log.segment.cache.size.max = 200MB (=209715200) (default)
2022-11-04 13:16:39,776 [pool-72-thread-1] INFO  segmented.SegmentedRaftLogWorker (SegmentedRaftLogWorker.java:<init>(191)) - new 8d3760b1-f0ab-49a5-9c8a-a39ea99f9aab@group-2BBF2C51CC02-SegmentedRaftLogWorker for RaftStorageImpl:Storage Directory /home/runner/work/ozone/ozone/hadoop-ozone/integration-test/target/test-dir/MiniOzoneClusterImpl-0c0bfa66-1f5b-4f11-9fe6-cbebe0503434/datanode-0/data/ratis/5c9195ff-9c3f-4fef-849b-2bbf2c51cc02
2022-11-04 13:16:39,776 [pool-72-thread-1] INFO  server.RaftServerConfigKeys (ConfUtils.java:logGet(46)) - raft.server.log.queue.byte-limit = 4294967296 (custom)
2022-11-04 13:16:39,776 [pool-72-thread-1] INFO  server.RaftServerConfigKeys (ConfUtils.java:logGet(46)) - raft.server.log.queue.element-limit = 1024 (custom)
2022-11-04 13:16:39,776 [pool-72-thread-1] INFO  server.RaftServerConfigKeys (ConfUtils.java:logGet(46)) - raft.server.log.segment.size.max = 1048576 (custom)
2022-11-04 13:16:39,776 [pool-72-thread-1] INFO  server.RaftServerConfigKeys (ConfUtils.java:logGet(46)) - raft.server.log.preallocated.size = 16384 (custom)
2022-11-04 13:16:39,776 [pool-72-thread-1] INFO  server.RaftServerConfigKeys (ConfUtils.java:logGet(46)) - raft.server.log.force.sync.num = 128 (default)
2022-11-04 13:16:39,776 [pool-72-thread-1] INFO  server.RaftServerConfigKeys (ConfUtils.java:logGet(46)) - raft.server.log.statemachine.data.sync = true (default)
2022-11-04 13:16:39,776 [pool-72-thread-1] INFO  server.RaftServerConfigKeys (ConfUtils.java:logGet(46)) - raft.server.log.statemachine.data.sync.timeout = 10s (default)
2022-11-04 13:16:39,776 [pool-72-thread-1] INFO  server.RaftServerConfigKeys (ConfUtils.java:logGet(46)) - raft.server.log.statemachine.data.sync.timeout.retry = -1 (default)
2022-11-04 13:16:39,778 [pool-72-thread-1] INFO  server.RaftServerConfigKeys (ConfUtils.java:logGet(46)) - raft.server.log.write.buffer.size = 1048576 (custom)
2022-11-04 13:16:39,779 [pool-72-thread-1] INFO  server.RaftServerConfigKeys (ConfUtils.java:logGet(46)) - raft.server.log.unsafe-flush.enabled = false (default)
2022-11-04 13:16:39,779 [pool-72-thread-1] INFO  server.RaftServerConfigKeys (ConfUtils.java:logGet(46)) - raft.server.log.async-flush.enabled = false (default)
2022-11-04 13:16:39,779 [pool-72-thread-1] INFO  server.RaftServerConfigKeys (ConfUtils.java:logGet(46)) - raft.server.log.statemachine.data.caching.enabled = true (custom)
2022-11-04 13:16:39,779 [pool-72-thread-1] INFO  segmented.SegmentedRaftLogWorker (SegmentedRaftLogWorker.java:lambda$new$0(136)) - 8d3760b1-f0ab-49a5-9c8a-a39ea99f9aab@group-2BBF2C51CC02-SegmentedRaftLogWorker: flushIndex: setUnconditionally 0 -> -1
2022-11-04 13:16:39,779 [pool-72-thread-1] INFO  segmented.SegmentedRaftLogWorker (SegmentedRaftLogWorker.java:lambda$new$0(136)) - 8d3760b1-f0ab-49a5-9c8a-a39ea99f9aab@group-2BBF2C51CC02-SegmentedRaftLogWorker: safeCacheEvictIndex: setUnconditionally 0 -> -1
2022-11-04 13:16:39,780 [pool-72-thread-1] INFO  server.RaftServer$Division (RaftServerImpl.java:start(334)) - 8d3760b1-f0ab-49a5-9c8a-a39ea99f9aab@group-2BBF2C51CC02: start as a follower, conf=-1: peers:[8d3760b1-f0ab-49a5-9c8a-a39ea99f9aab|rpc:10.1.1.104:40979|priority:1|startupRole:FOLLOWER]|listeners:[], old=null
2022-11-04 13:16:39,780 [pool-72-thread-1] INFO  server.RaftServer$Division (RaftServerImpl.java:setRole(321)) - 8d3760b1-f0ab-49a5-9c8a-a39ea99f9aab@group-2BBF2C51CC02: changes role from      null to FOLLOWER at term 0 for startAsFollower
2022-11-04 13:16:39,780 [pool-72-thread-1] INFO  impl.RoleInfo (RoleInfo.java:updateAndGet(139)) - 8d3760b1-f0ab-49a5-9c8a-a39ea99f9aab: start 8d3760b1-f0ab-49a5-9c8a-a39ea99f9aab@group-2BBF2C51CC02-FollowerState
2022-11-04 13:16:39,780 [EventQueue-OpenPipelineForHealthyPipelineSafeModeRule] INFO  safemode.SCMSafeModeManager (HealthyPipelineSafeModeRule.java:process(137)) - SCM in safe mode. Healthy pipelines reported count is 0, required healthy pipeline reported count is 1
2022-11-04 13:16:39,781 [pool-72-thread-1] INFO  util.JmxRegister (JmxRegister.java:tryRegister(44)) - Successfully registered JMX Bean with object name Ratis:service=RaftServer,group=group-2BBF2C51CC02,id=8d3760b1-f0ab-49a5-9c8a-a39ea99f9aab
2022-11-04 13:16:39,786 [pool-72-thread-1] INFO  server.RaftServerConfigKeys (ConfUtils.java:logGet(46)) - raft.server.snapshot.auto.trigger.enabled = true (custom)
2022-11-04 13:16:39,786 [pool-72-thread-1] INFO  server.RaftServerConfigKeys (ConfUtils.java:logGet(46)) - raft.server.snapshot.auto.trigger.threshold = 10000 (custom)
2022-11-04 13:16:39,786 [pool-72-thread-1] INFO  server.RaftServerConfigKeys (ConfUtils.java:logGet(46)) - raft.server.snapshot.retention.file.num = 5 (custom)
2022-11-04 13:16:39,786 [pool-72-thread-1] INFO  server.RaftServerConfigKeys (ConfUtils.java:logGet(46)) - raft.server.log.purge.upto.snapshot.index = false (default)
2022-11-04 13:16:39,790 [8d3760b1-f0ab-49a5-9c8a-a39ea99f9aab@group-2BBF2C51CC02-FollowerState] INFO  server.RaftServerConfigKeys (ConfUtils.java:logFallback(53)) - raft.server.rpc.first-election.timeout.min = 5s (fallback to raft.server.rpc.timeout.min)
2022-11-04 13:16:39,790 [8d3760b1-f0ab-49a5-9c8a-a39ea99f9aab@group-2BBF2C51CC02-FollowerState] INFO  server.RaftServerConfigKeys (ConfUtils.java:logFallback(53)) - raft.server.rpc.first-election.timeout.max = 5200ms (fallback to raft.server.rpc.timeout.max)
2022-11-04 13:16:39,797 [Command processor thread] INFO  ratis.XceiverServerRatis (XceiverServerRatis.java:addGroup(765)) - Created group PipelineID=5c9195ff-9c3f-4fef-849b-2bbf2c51cc02
2022-11-04 13:16:39,798 [Command processor thread] INFO  commandhandler.CreatePipelineCommandHandler (CreatePipelineCommandHandler.java:handle(113)) - Created Pipeline RATIS ONE PipelineID=5c9195ff-9c3f-4fef-849b-2bbf2c51cc02.
2022-11-04 13:16:39,798 [Command processor thread] INFO  server.RaftServer (RaftServerProxy.java:addNew(96)) - 8d3760b1-f0ab-49a5-9c8a-a39ea99f9aab: addNew group-FA853D2A5168:[c7cc2fe0-c6a0-4806-a89e-0e07a1727659|rpc:10.1.1.104:40287|priority:0|startupRole:FOLLOWER, 6e1286b8-b074-4479-bd2c-46da0ae8c43a|rpc:10.1.1.104:43531|priority:1|startupRole:FOLLOWER, 8d3760b1-f0ab-49a5-9c8a-a39ea99f9aab|rpc:10.1.1.104:40979|priority:0|startupRole:FOLLOWER] returns group-FA853D2A5168:java.util.concurrent.CompletableFuture@335a5f43[Not completed]
2022-11-04 13:16:39,799 [pool-72-thread-1] INFO  server.RaftServer$Division (RaftServerImpl.java:<init>(195)) - 8d3760b1-f0ab-49a5-9c8a-a39ea99f9aab: new RaftServerImpl for group-FA853D2A5168:[c7cc2fe0-c6a0-4806-a89e-0e07a1727659|rpc:10.1.1.104:40287|priority:0|startupRole:FOLLOWER, 6e1286b8-b074-4479-bd2c-46da0ae8c43a|rpc:10.1.1.104:43531|priority:1|startupRole:FOLLOWER, 8d3760b1-f0ab-49a5-9c8a-a39ea99f9aab|rpc:10.1.1.104:40979|priority:0|startupRole:FOLLOWER] with ContainerStateMachine:uninitialized
2022-11-04 13:16:39,801 [pool-72-thread-1] INFO  server.RaftServerConfigKeys (ConfUtils.java:logGet(46)) - raft.server.rpc.timeout.min = 5s (custom)
2022-11-04 13:16:39,801 [pool-72-thread-1] INFO  server.RaftServerConfigKeys (ConfUtils.java:logGet(46)) - raft.server.rpc.timeout.max = 5200ms (custom)
2022-11-04 13:16:39,801 [pool-72-thread-1] INFO  server.RaftServerConfigKeys (ConfUtils.java:logGet(46)) - raft.server.rpc.sleep.time = 25ms (default)
2022-11-04 13:16:39,801 [pool-72-thread-1] INFO  server.RaftServerConfigKeys (ConfUtils.java:logGet(46)) - raft.server.rpc.slowness.timeout = 300s (custom)
2022-11-04 13:16:39,801 [pool-72-thread-1] INFO  server.RaftServerConfigKeys (ConfUtils.java:logGet(46)) - raft.server.leaderelection.leader.step-down.wait-time = 10s (default)
2022-11-04 13:16:39,801 [pool-72-thread-1] INFO  server.RaftServerConfigKeys (ConfUtils.java:logGet(46)) - raft.server.sleep.deviation.threshold = 300ms (default)
2022-11-04 13:16:39,802 [pool-72-thread-1] INFO  server.RaftServer$Division (ServerState.java:<init>(118)) - 8d3760b1-f0ab-49a5-9c8a-a39ea99f9aab@group-FA853D2A5168: ConfigurationManager, init=-1: peers:[c7cc2fe0-c6a0-4806-a89e-0e07a1727659|rpc:10.1.1.104:40287|priority:0|startupRole:FOLLOWER, 6e1286b8-b074-4479-bd2c-46da0ae8c43a|rpc:10.1.1.104:43531|priority:1|startupRole:FOLLOWER, 8d3760b1-f0ab-49a5-9c8a-a39ea99f9aab|rpc:10.1.1.104:40979|priority:0|startupRole:FOLLOWER]|listeners:[], old=null, confs=<EMPTY_MAP>
2022-11-04 13:16:39,802 [pool-72-thread-1] INFO  server.RaftServerConfigKeys (ConfUtils.java:logGet(46)) - raft.server.storage.dir = [/home/runner/work/ozone/ozone/hadoop-ozone/integration-test/target/test-dir/MiniOzoneClusterImpl-0c0bfa66-1f5b-4f11-9fe6-cbebe0503434/datanode-0/data/ratis] (custom)
2022-11-04 13:16:39,802 [pool-72-thread-1] INFO  server.RaftServerConfigKeys (ConfUtils.java:logGet(46)) - raft.server.log.corruption.policy = EXCEPTION (default)
2022-11-04 13:16:39,802 [pool-72-thread-1] INFO  server.RaftServerConfigKeys (ConfUtils.java:logGet(46)) - raft.server.storage.free-space.min = 0MB (=0) (default)
2022-11-04 13:16:39,802 [pool-72-thread-1] INFO  server.RaftServerConfigKeys (ConfUtils.java:logGet(46)) - raft.server.notification.no-leader.timeout = 300s (custom)
2022-11-04 13:16:39,802 [pool-72-thread-1] INFO  server.RaftServerConfigKeys (ConfUtils.java:logGet(46)) - raft.server.retrycache.expirytime = 600000ms (custom)
2022-11-04 13:16:39,802 [pool-72-thread-1] INFO  server.RaftServerConfigKeys (ConfUtils.java:logGet(46)) - raft.server.retrycache.statistics.expirytime = 100μs (default)
2022-11-04 13:16:39,808 [pool-72-thread-1] INFO  server.RaftServerConfigKeys (ConfUtils.java:logGet(46)) - raft.server.log.appender.install.snapshot.enabled = false (custom)
2022-11-04 13:16:39,808 [pool-72-thread-1] INFO  server.RaftServerConfigKeys (ConfUtils.java:logGet(46)) - raft.server.threadpool.server.cached = true (default)
2022-11-04 13:16:39,808 [pool-72-thread-1] INFO  server.RaftServerConfigKeys (ConfUtils.java:logGet(46)) - raft.server.threadpool.server.size = 0 (default)
2022-11-04 13:16:39,808 [pool-72-thread-1] INFO  server.RaftServerConfigKeys (ConfUtils.java:logGet(46)) - raft.server.threadpool.client.cached = true (default)
2022-11-04 13:16:39,809 [pool-72-thread-1] INFO  server.RaftServerConfigKeys (ConfUtils.java:logGet(46)) - raft.server.threadpool.client.size = 0 (default)
2022-11-04 13:16:39,809 [pool-72-thread-1] INFO  storage.RaftStorageDirectory (RaftStorageDirectoryImpl.java:analyzeStorage(137)) - The storage directory /home/runner/work/ozone/ozone/hadoop-ozone/integration-test/target/test-dir/MiniOzoneClusterImpl-0c0bfa66-1f5b-4f11-9fe6-cbebe0503434/datanode-0/data/ratis/3733acae-4637-413b-b21d-fa853d2a5168 does not exist. Creating ...
2022-11-04 13:16:39,811 [pool-72-thread-1] INFO  storage.RaftStorageDirectory (RaftStorageDirectoryImpl.java:tryLock(231)) - Lock on /home/runner/work/ozone/ozone/hadoop-ozone/integration-test/target/test-dir/MiniOzoneClusterImpl-0c0bfa66-1f5b-4f11-9fe6-cbebe0503434/datanode-0/data/ratis/3733acae-4637-413b-b21d-fa853d2a5168/in_use.lock acquired by nodename 14841@fv-az443-313
2022-11-04 13:16:39,812 [pool-72-thread-1] INFO  storage.RaftStorage (RaftStorageImpl.java:format(96)) - Storage directory /home/runner/work/ozone/ozone/hadoop-ozone/integration-test/target/test-dir/MiniOzoneClusterImpl-0c0bfa66-1f5b-4f11-9fe6-cbebe0503434/datanode-0/data/ratis/3733acae-4637-413b-b21d-fa853d2a5168 has been successfully formatted.
2022-11-04 13:16:39,812 [pool-72-thread-1] INFO  ratis.ContainerStateMachine (ContainerStateMachine.java:loadSnapshot(236)) - group-FA853D2A5168: The snapshot info is null. Setting the last applied indexto:(t:0, i:~)
2022-11-04 13:16:39,813 [pool-72-thread-1] INFO  server.RaftServerConfigKeys (ConfUtils.java:logGet(46)) - raft.server.log.use.memory = false (default)
2022-11-04 13:16:39,820 [pool-72-thread-1] INFO  server.RaftServerConfigKeys (ConfUtils.java:logGet(46)) - raft.server.log.purge.gap = 1000000 (custom)
2022-11-04 13:16:39,820 [pool-72-thread-1] INFO  server.RaftServerConfigKeys (ConfUtils.java:logGet(46)) - raft.server.log.appender.buffer.byte-limit = 33554432 (custom)
2022-11-04 13:16:39,820 [pool-72-thread-1] INFO  server.RaftServerConfigKeys (ConfUtils.java:logGet(46)) - raft.server.log.statemachine.data.read.timeout = 1000ms (default)
2022-11-04 13:16:39,820 [pool-72-thread-1] INFO  server.RaftServerConfigKeys (ConfUtils.java:logGet(46)) - raft.server.log.purge.preservation.log.num = 0 (default)
2022-11-04 13:16:39,821 [pool-72-thread-1] INFO  server.RaftServerConfigKeys (ConfUtils.java:logGet(46)) - raft.server.log.segment.size.max = 1048576 (custom)
2022-11-04 13:16:39,821 [EventQueue-OpenPipelineForHealthyPipelineSafeModeRule] INFO  safemode.SCMSafeModeManager (HealthyPipelineSafeModeRule.java:process(137)) - SCM in safe mode. Healthy pipelines reported count is 0, required healthy pipeline reported count is 1
2022-11-04 13:16:39,823 [pool-72-thread-1] INFO  server.RaftServerConfigKeys (ConfUtils.java:logGet(46)) - raft.server.log.segment.cache.num.max = 2 (custom)
2022-11-04 13:16:39,823 [pool-72-thread-1] INFO  server.RaftServerConfigKeys (ConfUtils.java:logGet(46)) - raft.server.log.segment.cache.size.max = 200MB (=209715200) (default)
2022-11-04 13:16:39,823 [pool-72-thread-1] INFO  segmented.SegmentedRaftLogWorker (SegmentedRaftLogWorker.java:<init>(191)) - new 8d3760b1-f0ab-49a5-9c8a-a39ea99f9aab@group-FA853D2A5168-SegmentedRaftLogWorker for RaftStorageImpl:Storage Directory /home/runner/work/ozone/ozone/hadoop-ozone/integration-test/target/test-dir/MiniOzoneClusterImpl-0c0bfa66-1f5b-4f11-9fe6-cbebe0503434/datanode-0/data/ratis/3733acae-4637-413b-b21d-fa853d2a5168
2022-11-04 13:16:39,823 [pool-72-thread-1] INFO  server.RaftServerConfigKeys (ConfUtils.java:logGet(46)) - raft.server.log.queue.byte-limit = 4294967296 (custom)
2022-11-04 13:16:39,823 [pool-72-thread-1] INFO  server.RaftServerConfigKeys (ConfUtils.java:logGet(46)) - raft.server.log.queue.element-limit = 1024 (custom)
2022-11-04 13:16:39,823 [pool-72-thread-1] INFO  server.RaftServerConfigKeys (ConfUtils.java:logGet(46)) - raft.server.log.segment.size.max = 1048576 (custom)
2022-11-04 13:16:39,823 [pool-72-thread-1] INFO  server.RaftServerConfigKeys (ConfUtils.java:logGet(46)) - raft.server.log.preallocated.size = 16384 (custom)
2022-11-04 13:16:39,823 [pool-72-thread-1] INFO  server.RaftServerConfigKeys (ConfUtils.java:logGet(46)) - raft.server.log.force.sync.num = 128 (default)
2022-11-04 13:16:39,823 [pool-72-thread-1] INFO  server.RaftServerConfigKeys (ConfUtils.java:logGet(46)) - raft.server.log.statemachine.data.sync = true (default)
2022-11-04 13:16:39,823 [pool-72-thread-1] INFO  server.RaftServerConfigKeys (ConfUtils.java:logGet(46)) - raft.server.log.statemachine.data.sync.timeout = 10s (default)
2022-11-04 13:16:39,823 [pool-72-thread-1] INFO  server.RaftServerConfigKeys (ConfUtils.java:logGet(46)) - raft.server.log.statemachine.data.sync.timeout.retry = -1 (default)
2022-11-04 13:16:39,826 [pool-72-thread-1] INFO  server.RaftServerConfigKeys (ConfUtils.java:logGet(46)) - raft.server.log.write.buffer.size = 1048576 (custom)
2022-11-04 13:16:39,828 [pool-72-thread-1] INFO  server.RaftServerConfigKeys (ConfUtils.java:logGet(46)) - raft.server.log.unsafe-flush.enabled = false (default)
2022-11-04 13:16:39,828 [pool-72-thread-1] INFO  server.RaftServerConfigKeys (ConfUtils.java:logGet(46)) - raft.server.log.async-flush.enabled = false (default)
2022-11-04 13:16:39,829 [pool-72-thread-1] INFO  server.RaftServerConfigKeys (ConfUtils.java:logGet(46)) - raft.server.log.statemachine.data.caching.enabled = true (custom)
2022-11-04 13:16:39,829 [pool-72-thread-1] INFO  segmented.SegmentedRaftLogWorker (SegmentedRaftLogWorker.java:lambda$new$0(136)) - 8d3760b1-f0ab-49a5-9c8a-a39ea99f9aab@group-FA853D2A5168-SegmentedRaftLogWorker: flushIndex: setUnconditionally 0 -> -1
2022-11-04 13:16:39,829 [pool-72-thread-1] INFO  segmented.SegmentedRaftLogWorker (SegmentedRaftLogWorker.java:lambda$new$0(136)) - 8d3760b1-f0ab-49a5-9c8a-a39ea99f9aab@group-FA853D2A5168-SegmentedRaftLogWorker: safeCacheEvictIndex: setUnconditionally 0 -> -1
2022-11-04 13:16:39,829 [pool-72-thread-1] INFO  server.RaftServer$Division (RaftServerImpl.java:start(334)) - 8d3760b1-f0ab-49a5-9c8a-a39ea99f9aab@group-FA853D2A5168: start as a follower, conf=-1: peers:[c7cc2fe0-c6a0-4806-a89e-0e07a1727659|rpc:10.1.1.104:40287|priority:0|startupRole:FOLLOWER, 6e1286b8-b074-4479-bd2c-46da0ae8c43a|rpc:10.1.1.104:43531|priority:1|startupRole:FOLLOWER, 8d3760b1-f0ab-49a5-9c8a-a39ea99f9aab|rpc:10.1.1.104:40979|priority:0|startupRole:FOLLOWER]|listeners:[], old=null
2022-11-04 13:16:39,829 [pool-72-thread-1] INFO  server.RaftServer$Division (RaftServerImpl.java:setRole(321)) - 8d3760b1-f0ab-49a5-9c8a-a39ea99f9aab@group-FA853D2A5168: changes role from      null to FOLLOWER at term 0 for startAsFollower
2022-11-04 13:16:39,829 [pool-72-thread-1] INFO  impl.RoleInfo (RoleInfo.java:updateAndGet(139)) - 8d3760b1-f0ab-49a5-9c8a-a39ea99f9aab: start 8d3760b1-f0ab-49a5-9c8a-a39ea99f9aab@group-FA853D2A5168-FollowerState
2022-11-04 13:16:39,832 [pool-72-thread-1] INFO  util.JmxRegister (JmxRegister.java:tryRegister(44)) - Successfully registered JMX Bean with object name Ratis:service=RaftServer,group=group-FA853D2A5168,id=8d3760b1-f0ab-49a5-9c8a-a39ea99f9aab
2022-11-04 13:16:39,832 [pool-72-thread-1] INFO  server.RaftServerConfigKeys (ConfUtils.java:logGet(46)) - raft.server.snapshot.auto.trigger.enabled = true (custom)
2022-11-04 13:16:39,833 [pool-72-thread-1] INFO  server.RaftServerConfigKeys (ConfUtils.java:logGet(46)) - raft.server.snapshot.auto.trigger.threshold = 10000 (custom)
2022-11-04 13:16:39,833 [pool-72-thread-1] INFO  server.RaftServerConfigKeys (ConfUtils.java:logGet(46)) - raft.server.snapshot.retention.file.num = 5 (custom)
2022-11-04 13:16:39,833 [pool-72-thread-1] INFO  server.RaftServerConfigKeys (ConfUtils.java:logGet(46)) - raft.server.log.purge.upto.snapshot.index = false (default)
2022-11-04 13:16:39,834 [8d3760b1-f0ab-49a5-9c8a-a39ea99f9aab@group-FA853D2A5168-FollowerState] INFO  server.RaftServerConfigKeys (ConfUtils.java:logFallback(53)) - raft.server.rpc.first-election.timeout.min = 5s (fallback to raft.server.rpc.timeout.min)
2022-11-04 13:16:39,834 [8d3760b1-f0ab-49a5-9c8a-a39ea99f9aab@group-FA853D2A5168-FollowerState] INFO  server.RaftServerConfigKeys (ConfUtils.java:logFallback(53)) - raft.server.rpc.first-election.timeout.max = 5200ms (fallback to raft.server.rpc.timeout.max)
2022-11-04 13:16:39,836 [Command processor thread] INFO  ratis.XceiverServerRatis (XceiverServerRatis.java:addGroup(765)) - Created group PipelineID=3733acae-4637-413b-b21d-fa853d2a5168
2022-11-04 13:16:40,020 [Listener at 127.0.0.1/35095] INFO  ozone.MiniOzoneClusterImpl (MiniOzoneClusterImpl.java:lambda$waitForClusterToBeReady$0(216)) - Waiting for nodes to be ready. Got 9 of 10 DN Heartbeats.
2022-11-04 13:16:40,021 [Listener at 127.0.0.1/35095] INFO  ozone.MiniOzoneClusterImpl (MiniOzoneClusterImpl.java:lambda$waitForClusterToBeReady$0(219)) - Waiting for cluster to exit safe mode
2022-11-04 13:16:40,021 [Listener at 127.0.0.1/35095] INFO  ozone.MiniOzoneClusterImpl (MiniOzoneClusterImpl.java:lambda$waitForClusterToBeReady$0(221)) - SCM became leader
2022-11-04 13:16:40,032 [IPC Server handler 17 on default port 43187] INFO  net.NetworkTopologyImpl (NetworkTopologyImpl.java:add(112)) - Added a new node: /default-rack/0467b8fc-339c-416e-b5e6-66cb4b1c2e57
2022-11-04 13:16:40,033 [IPC Server handler 17 on default port 43187] INFO  node.SCMNodeManager (SCMNodeManager.java:register(397)) - Registered Data node : 0467b8fc-339c-416e-b5e6-66cb4b1c2e57{ip: 10.1.1.104, host: fv-az443-313.ap2fcshprsnunfx25e1aelzb4b.cx.internal.cloudapp.net, ports: [REPLICATION=40647, RATIS=40137, RATIS_ADMIN=40137, RATIS_SERVER=40137, STANDALONE=40209], networkLocation: /default-rack, certSerialId: null, persistedOpState: null, persistedOpStateExpiryEpochSec: 0}
2022-11-04 13:16:40,033 [EventQueue-NewNodeForNewNodeHandler] INFO  pipeline.BackgroundPipelineCreator (BackgroundPipelineCreator.java:notifyEventTriggered(276)) - trigger a one-shot run on RatisPipelineUtilsThread.
2022-11-04 13:16:40,033 [RatisPipelineUtilsThread - 0] INFO  pipeline.RatisPipelineProvider (RatisPipelineProvider.java:lambda$create$0(195)) - Sending CreatePipelineCommand for pipeline:PipelineID=6c6e24e8-07eb-402d-95db-49b3dd0b9fb3 to datanode:0467b8fc-339c-416e-b5e6-66cb4b1c2e57
2022-11-04 13:16:40,034 [RatisPipelineUtilsThread - 0] INFO  pipeline.PipelineStateManagerImpl (PipelineStateManagerImpl.java:addPipeline(103)) - Created pipeline Pipeline[ Id: 6c6e24e8-07eb-402d-95db-49b3dd0b9fb3, Nodes: 0467b8fc-339c-416e-b5e6-66cb4b1c2e57{ip: 10.1.1.104, host: fv-az443-313.ap2fcshprsnunfx25e1aelzb4b.cx.internal.cloudapp.net, ports: [REPLICATION=40647, RATIS=40137, RATIS_ADMIN=40137, RATIS_SERVER=40137, STANDALONE=40209], networkLocation: /default-rack, certSerialId: null, persistedOpState: IN_SERVICE, persistedOpStateExpiryEpochSec: 0}, ReplicationConfig: RATIS/ONE, State:ALLOCATED, leaderId:, CreationTimestamp2022-11-04T13:16:40.033Z[Etc/UTC]].
2022-11-04 13:16:40,101 [Command processor thread] INFO  server.RaftServer (RaftServerProxy.java:addNew(96)) - c7cc2fe0-c6a0-4806-a89e-0e07a1727659: addNew group-2CF5C2F60D11:[c7cc2fe0-c6a0-4806-a89e-0e07a1727659|rpc:10.1.1.104:40287|priority:1|startupRole:FOLLOWER] returns group-2CF5C2F60D11:java.util.concurrent.CompletableFuture@6f24f24a[Not completed]
2022-11-04 13:16:40,114 [pool-95-thread-1] INFO  server.RaftServer$Division (RaftServerImpl.java:<init>(195)) - c7cc2fe0-c6a0-4806-a89e-0e07a1727659: new RaftServerImpl for group-2CF5C2F60D11:[c7cc2fe0-c6a0-4806-a89e-0e07a1727659|rpc:10.1.1.104:40287|priority:1|startupRole:FOLLOWER] with ContainerStateMachine:uninitialized
2022-11-04 13:16:40,115 [pool-95-thread-1] INFO  server.RaftServerConfigKeys (ConfUtils.java:logGet(46)) - raft.server.rpc.timeout.min = 5s (custom)
2022-11-04 13:16:40,115 [pool-95-thread-1] INFO  server.RaftServerConfigKeys (ConfUtils.java:logGet(46)) - raft.server.rpc.timeout.max = 5200ms (custom)
2022-11-04 13:16:40,115 [pool-95-thread-1] INFO  server.RaftServerConfigKeys (ConfUtils.java:logGet(46)) - raft.server.rpc.sleep.time = 25ms (default)
2022-11-04 13:16:40,115 [pool-95-thread-1] INFO  server.RaftServerConfigKeys (ConfUtils.java:logGet(46)) - raft.server.rpc.slowness.timeout = 300s (custom)
2022-11-04 13:16:40,115 [pool-95-thread-1] INFO  server.RaftServerConfigKeys (ConfUtils.java:logGet(46)) - raft.server.leaderelection.leader.step-down.wait-time = 10s (default)
2022-11-04 13:16:40,116 [pool-95-thread-1] INFO  server.RaftServerConfigKeys (ConfUtils.java:logGet(46)) - raft.server.sleep.deviation.threshold = 300ms (default)
2022-11-04 13:16:40,116 [pool-95-thread-1] INFO  server.RaftServer$Division (ServerState.java:<init>(118)) - c7cc2fe0-c6a0-4806-a89e-0e07a1727659@group-2CF5C2F60D11: ConfigurationManager, init=-1: peers:[c7cc2fe0-c6a0-4806-a89e-0e07a1727659|rpc:10.1.1.104:40287|priority:1|startupRole:FOLLOWER]|listeners:[], old=null, confs=<EMPTY_MAP>
2022-11-04 13:16:40,116 [pool-95-thread-1] INFO  server.RaftServerConfigKeys (ConfUtils.java:logGet(46)) - raft.server.storage.dir = [/home/runner/work/ozone/ozone/hadoop-ozone/integration-test/target/test-dir/MiniOzoneClusterImpl-0c0bfa66-1f5b-4f11-9fe6-cbebe0503434/datanode-1/data/ratis] (custom)
2022-11-04 13:16:40,116 [pool-95-thread-1] INFO  server.RaftServerConfigKeys (ConfUtils.java:logGet(46)) - raft.server.log.corruption.policy = EXCEPTION (default)
2022-11-04 13:16:40,116 [pool-95-thread-1] INFO  server.RaftServerConfigKeys (ConfUtils.java:logGet(46)) - raft.server.storage.free-space.min = 0MB (=0) (default)
2022-11-04 13:16:40,116 [pool-95-thread-1] INFO  server.RaftServerConfigKeys (ConfUtils.java:logGet(46)) - raft.server.notification.no-leader.timeout = 300s (custom)
2022-11-04 13:16:40,116 [pool-95-thread-1] INFO  server.RaftServerConfigKeys (ConfUtils.java:logGet(46)) - raft.server.retrycache.expirytime = 600000ms (custom)
2022-11-04 13:16:40,116 [pool-95-thread-1] INFO  server.RaftServerConfigKeys (ConfUtils.java:logGet(46)) - raft.server.retrycache.statistics.expirytime = 100μs (default)
2022-11-04 13:16:40,119 [pool-95-thread-1] INFO  server.RaftServerConfigKeys (ConfUtils.java:logGet(46)) - raft.server.log.appender.install.snapshot.enabled = false (custom)
2022-11-04 13:16:40,119 [pool-95-thread-1] INFO  server.RaftServerConfigKeys (ConfUtils.java:logGet(46)) - raft.server.threadpool.server.cached = true (default)
2022-11-04 13:16:40,119 [pool-95-thread-1] INFO  server.RaftServerConfigKeys (ConfUtils.java:logGet(46)) - raft.server.threadpool.server.size = 0 (default)
2022-11-04 13:16:40,119 [pool-95-thread-1] INFO  server.RaftServerConfigKeys (ConfUtils.java:logGet(46)) - raft.server.threadpool.client.cached = true (default)
2022-11-04 13:16:40,119 [pool-95-thread-1] INFO  server.RaftServerConfigKeys (ConfUtils.java:logGet(46)) - raft.server.threadpool.client.size = 0 (default)
2022-11-04 13:16:40,119 [pool-95-thread-1] INFO  storage.RaftStorageDirectory (RaftStorageDirectoryImpl.java:analyzeStorage(137)) - The storage directory /home/runner/work/ozone/ozone/hadoop-ozone/integration-test/target/test-dir/MiniOzoneClusterImpl-0c0bfa66-1f5b-4f11-9fe6-cbebe0503434/datanode-1/data/ratis/bc979f65-e453-4d61-80f7-2cf5c2f60d11 does not exist. Creating ...
2022-11-04 13:16:40,123 [pool-95-thread-1] INFO  storage.RaftStorageDirectory (RaftStorageDirectoryImpl.java:tryLock(231)) - Lock on /home/runner/work/ozone/ozone/hadoop-ozone/integration-test/target/test-dir/MiniOzoneClusterImpl-0c0bfa66-1f5b-4f11-9fe6-cbebe0503434/datanode-1/data/ratis/bc979f65-e453-4d61-80f7-2cf5c2f60d11/in_use.lock acquired by nodename 14841@fv-az443-313
2022-11-04 13:16:40,124 [pool-95-thread-1] INFO  storage.RaftStorage (RaftStorageImpl.java:format(96)) - Storage directory /home/runner/work/ozone/ozone/hadoop-ozone/integration-test/target/test-dir/MiniOzoneClusterImpl-0c0bfa66-1f5b-4f11-9fe6-cbebe0503434/datanode-1/data/ratis/bc979f65-e453-4d61-80f7-2cf5c2f60d11 has been successfully formatted.
2022-11-04 13:16:40,124 [pool-95-thread-1] INFO  ratis.ContainerStateMachine (ContainerStateMachine.java:loadSnapshot(236)) - group-2CF5C2F60D11: The snapshot info is null. Setting the last applied indexto:(t:0, i:~)
2022-11-04 13:16:40,129 [pool-95-thread-1] INFO  server.RaftServerConfigKeys (ConfUtils.java:logGet(46)) - raft.server.log.use.memory = false (default)
2022-11-04 13:16:40,129 [pool-95-thread-1] INFO  server.RaftServerConfigKeys (ConfUtils.java:logGet(46)) - raft.server.log.purge.gap = 1000000 (custom)
2022-11-04 13:16:40,129 [pool-95-thread-1] INFO  server.RaftServerConfigKeys (ConfUtils.java:logGet(46)) - raft.server.log.appender.buffer.byte-limit = 33554432 (custom)
2022-11-04 13:16:40,129 [pool-95-thread-1] INFO  server.RaftServerConfigKeys (ConfUtils.java:logGet(46)) - raft.server.log.statemachine.data.read.timeout = 1000ms (default)
2022-11-04 13:16:40,129 [pool-95-thread-1] INFO  server.RaftServerConfigKeys (ConfUtils.java:logGet(46)) - raft.server.log.purge.preservation.log.num = 0 (default)
2022-11-04 13:16:40,129 [pool-95-thread-1] INFO  server.RaftServerConfigKeys (ConfUtils.java:logGet(46)) - raft.server.log.segment.size.max = 1048576 (custom)
2022-11-04 13:16:40,130 [EventQueue-PipelineReportForPipelineReportHandler] INFO  pipeline.PipelineManagerImpl (PipelineManagerImpl.java:openPipeline(367)) - Pipeline Pipeline[ Id: bc979f65-e453-4d61-80f7-2cf5c2f60d11, Nodes: c7cc2fe0-c6a0-4806-a89e-0e07a1727659{ip: 10.1.1.104, host: fv-az443-313.ap2fcshprsnunfx25e1aelzb4b.cx.internal.cloudapp.net, ports: [REPLICATION=44479, RATIS=40287, RATIS_ADMIN=40287, RATIS_SERVER=40287, STANDALONE=46851], networkLocation: /default-rack, certSerialId: null, persistedOpState: IN_SERVICE, persistedOpStateExpiryEpochSec: 0}, ReplicationConfig: RATIS/ONE, State:ALLOCATED, leaderId:c7cc2fe0-c6a0-4806-a89e-0e07a1727659, CreationTimestamp2022-11-04T13:16:37.102Z[Etc/UTC]] moved to OPEN state
2022-11-04 13:16:40,130 [pool-95-thread-1] INFO  server.RaftServerConfigKeys (ConfUtils.java:logGet(46)) - raft.server.log.segment.cache.num.max = 2 (custom)
2022-11-04 13:16:40,130 [pool-95-thread-1] INFO  server.RaftServerConfigKeys (ConfUtils.java:logGet(46)) - raft.server.log.segment.cache.size.max = 200MB (=209715200) (default)
2022-11-04 13:16:40,130 [EventQueue-OpenPipelineForHealthyPipelineSafeModeRule] INFO  safemode.SCMSafeModeManager (HealthyPipelineSafeModeRule.java:process(137)) - SCM in safe mode. Healthy pipelines reported count is 0, required healthy pipeline reported count is 1
2022-11-04 13:16:40,130 [pool-95-thread-1] INFO  segmented.SegmentedRaftLogWorker (SegmentedRaftLogWorker.java:<init>(191)) - new c7cc2fe0-c6a0-4806-a89e-0e07a1727659@group-2CF5C2F60D11-SegmentedRaftLogWorker for RaftStorageImpl:Storage Directory /home/runner/work/ozone/ozone/hadoop-ozone/integration-test/target/test-dir/MiniOzoneClusterImpl-0c0bfa66-1f5b-4f11-9fe6-cbebe0503434/datanode-1/data/ratis/bc979f65-e453-4d61-80f7-2cf5c2f60d11
2022-11-04 13:16:40,133 [pool-95-thread-1] INFO  server.RaftServerConfigKeys (ConfUtils.java:logGet(46)) - raft.server.log.queue.byte-limit = 4294967296 (custom)
2022-11-04 13:16:40,134 [pool-95-thread-1] INFO  server.RaftServerConfigKeys (ConfUtils.java:logGet(46)) - raft.server.log.queue.element-limit = 1024 (custom)
2022-11-04 13:16:40,134 [pool-95-thread-1] INFO  server.RaftServerConfigKeys (ConfUtils.java:logGet(46)) - raft.server.log.segment.size.max = 1048576 (custom)
2022-11-04 13:16:40,134 [pool-95-thread-1] INFO  server.RaftServerConfigKeys (ConfUtils.java:logGet(46)) - raft.server.log.preallocated.size = 16384 (custom)
2022-11-04 13:16:40,134 [pool-95-thread-1] INFO  server.RaftServerConfigKeys (ConfUtils.java:logGet(46)) - raft.server.log.force.sync.num = 128 (default)
2022-11-04 13:16:40,134 [pool-95-thread-1] INFO  server.RaftServerConfigKeys (ConfUtils.java:logGet(46)) - raft.server.log.statemachine.data.sync = true (default)
2022-11-04 13:16:40,134 [pool-95-thread-1] INFO  server.RaftServerConfigKeys (ConfUtils.java:logGet(46)) - raft.server.log.statemachine.data.sync.timeout = 10s (default)
2022-11-04 13:16:40,134 [pool-95-thread-1] INFO  server.RaftServerConfigKeys (ConfUtils.java:logGet(46)) - raft.server.log.statemachine.data.sync.timeout.retry = -1 (default)
2022-11-04 13:16:40,135 [pool-95-thread-1] INFO  server.RaftServerConfigKeys (ConfUtils.java:logGet(46)) - raft.server.log.write.buffer.size = 1048576 (custom)
2022-11-04 13:16:40,137 [pool-95-thread-1] INFO  server.RaftServerConfigKeys (ConfUtils.java:logGet(46)) - raft.server.log.unsafe-flush.enabled = false (default)
2022-11-04 13:16:40,137 [pool-95-thread-1] INFO  server.RaftServerConfigKeys (ConfUtils.java:logGet(46)) - raft.server.log.async-flush.enabled = false (default)
2022-11-04 13:16:40,137 [pool-95-thread-1] INFO  server.RaftServerConfigKeys (ConfUtils.java:logGet(46)) - raft.server.log.statemachine.data.caching.enabled = true (custom)
2022-11-04 13:16:40,137 [pool-95-thread-1] INFO  segmented.SegmentedRaftLogWorker (SegmentedRaftLogWorker.java:lambda$new$0(136)) - c7cc2fe0-c6a0-4806-a89e-0e07a1727659@group-2CF5C2F60D11-SegmentedRaftLogWorker: flushIndex: setUnconditionally 0 -> -1
2022-11-04 13:16:40,138 [pool-95-thread-1] INFO  segmented.SegmentedRaftLogWorker (SegmentedRaftLogWorker.java:lambda$new$0(136)) - c7cc2fe0-c6a0-4806-a89e-0e07a1727659@group-2CF5C2F60D11-SegmentedRaftLogWorker: safeCacheEvictIndex: setUnconditionally 0 -> -1
2022-11-04 13:16:40,148 [pool-95-thread-1] INFO  server.RaftServer$Division (RaftServerImpl.java:start(334)) - c7cc2fe0-c6a0-4806-a89e-0e07a1727659@group-2CF5C2F60D11: start as a follower, conf=-1: peers:[c7cc2fe0-c6a0-4806-a89e-0e07a1727659|rpc:10.1.1.104:40287|priority:1|startupRole:FOLLOWER]|listeners:[], old=null
2022-11-04 13:16:40,148 [pool-95-thread-1] INFO  server.RaftServer$Division (RaftServerImpl.java:setRole(321)) - c7cc2fe0-c6a0-4806-a89e-0e07a1727659@group-2CF5C2F60D11: changes role from      null to FOLLOWER at term 0 for startAsFollower
2022-11-04 13:16:40,149 [pool-95-thread-1] INFO  impl.RoleInfo (RoleInfo.java:updateAndGet(139)) - c7cc2fe0-c6a0-4806-a89e-0e07a1727659: start c7cc2fe0-c6a0-4806-a89e-0e07a1727659@group-2CF5C2F60D11-FollowerState
2022-11-04 13:16:40,156 [c7cc2fe0-c6a0-4806-a89e-0e07a1727659@group-2CF5C2F60D11-FollowerState] INFO  server.RaftServerConfigKeys (ConfUtils.java:logFallback(53)) - raft.server.rpc.first-election.timeout.min = 5s (fallback to raft.server.rpc.timeout.min)
2022-11-04 13:16:40,156 [pool-95-thread-1] INFO  util.JmxRegister (JmxRegister.java:tryRegister(44)) - Successfully registered JMX Bean with object name Ratis:service=RaftServer,group=group-2CF5C2F60D11,id=c7cc2fe0-c6a0-4806-a89e-0e07a1727659
2022-11-04 13:16:40,158 [c7cc2fe0-c6a0-4806-a89e-0e07a1727659@group-2CF5C2F60D11-FollowerState] INFO  server.RaftServerConfigKeys (ConfUtils.java:logFallback(53)) - raft.server.rpc.first-election.timeout.max = 5200ms (fallback to raft.server.rpc.timeout.max)
2022-11-04 13:16:40,158 [pool-95-thread-1] INFO  server.RaftServerConfigKeys (ConfUtils.java:logGet(46)) - raft.server.snapshot.auto.trigger.enabled = true (custom)
2022-11-04 13:16:40,158 [pool-95-thread-1] INFO  server.RaftServerConfigKeys (ConfUtils.java:logGet(46)) - raft.server.snapshot.auto.trigger.threshold = 10000 (custom)
2022-11-04 13:16:40,158 [pool-95-thread-1] INFO  server.RaftServerConfigKeys (ConfUtils.java:logGet(46)) - raft.server.snapshot.retention.file.num = 5 (custom)
2022-11-04 13:16:40,158 [pool-95-thread-1] INFO  server.RaftServerConfigKeys (ConfUtils.java:logGet(46)) - raft.server.log.purge.upto.snapshot.index = false (default)
2022-11-04 13:16:40,164 [Command processor thread] INFO  ratis.XceiverServerRatis (XceiverServerRatis.java:addGroup(765)) - Created group PipelineID=bc979f65-e453-4d61-80f7-2cf5c2f60d11
2022-11-04 13:16:40,164 [Command processor thread] INFO  commandhandler.CreatePipelineCommandHandler (CreatePipelineCommandHandler.java:handle(113)) - Created Pipeline RATIS ONE PipelineID=bc979f65-e453-4d61-80f7-2cf5c2f60d11.
2022-11-04 13:16:40,177 [Command processor thread] INFO  server.RaftServer (RaftServerProxy.java:addNew(96)) - c7cc2fe0-c6a0-4806-a89e-0e07a1727659: addNew group-FA853D2A5168:[c7cc2fe0-c6a0-4806-a89e-0e07a1727659|rpc:10.1.1.104:40287|priority:0|startupRole:FOLLOWER, 6e1286b8-b074-4479-bd2c-46da0ae8c43a|rpc:10.1.1.104:43531|priority:1|startupRole:FOLLOWER, 8d3760b1-f0ab-49a5-9c8a-a39ea99f9aab|rpc:10.1.1.104:40979|priority:0|startupRole:FOLLOWER] returns group-FA853D2A5168:java.util.concurrent.CompletableFuture@6b1b6b76[Not completed]
2022-11-04 13:16:40,178 [pool-95-thread-1] INFO  server.RaftServer$Division (RaftServerImpl.java:<init>(195)) - c7cc2fe0-c6a0-4806-a89e-0e07a1727659: new RaftServerImpl for group-FA853D2A5168:[c7cc2fe0-c6a0-4806-a89e-0e07a1727659|rpc:10.1.1.104:40287|priority:0|startupRole:FOLLOWER, 6e1286b8-b074-4479-bd2c-46da0ae8c43a|rpc:10.1.1.104:43531|priority:1|startupRole:FOLLOWER, 8d3760b1-f0ab-49a5-9c8a-a39ea99f9aab|rpc:10.1.1.104:40979|priority:0|startupRole:FOLLOWER] with ContainerStateMachine:uninitialized
2022-11-04 13:16:40,178 [pool-95-thread-1] INFO  server.RaftServerConfigKeys (ConfUtils.java:logGet(46)) - raft.server.rpc.timeout.min = 5s (custom)
2022-11-04 13:16:40,178 [pool-95-thread-1] INFO  server.RaftServerConfigKeys (ConfUtils.java:logGet(46)) - raft.server.rpc.timeout.max = 5200ms (custom)
2022-11-04 13:16:40,178 [pool-95-thread-1] INFO  server.RaftServerConfigKeys (ConfUtils.java:logGet(46)) - raft.server.rpc.sleep.time = 25ms (default)
2022-11-04 13:16:40,178 [pool-95-thread-1] INFO  server.RaftServerConfigKeys (ConfUtils.java:logGet(46)) - raft.server.rpc.slowness.timeout = 300s (custom)
2022-11-04 13:16:40,178 [pool-95-thread-1] INFO  server.RaftServerConfigKeys (ConfUtils.java:logGet(46)) - raft.server.leaderelection.leader.step-down.wait-time = 10s (default)
2022-11-04 13:16:40,178 [pool-95-thread-1] INFO  server.RaftServerConfigKeys (ConfUtils.java:logGet(46)) - raft.server.sleep.deviation.threshold = 300ms (default)
2022-11-04 13:16:40,178 [pool-95-thread-1] INFO  server.RaftServer$Division (ServerState.java:<init>(118)) - c7cc2fe0-c6a0-4806-a89e-0e07a1727659@group-FA853D2A5168: ConfigurationManager, init=-1: peers:[c7cc2fe0-c6a0-4806-a89e-0e07a1727659|rpc:10.1.1.104:40287|priority:0|startupRole:FOLLOWER, 6e1286b8-b074-4479-bd2c-46da0ae8c43a|rpc:10.1.1.104:43531|priority:1|startupRole:FOLLOWER, 8d3760b1-f0ab-49a5-9c8a-a39ea99f9aab|rpc:10.1.1.104:40979|priority:0|startupRole:FOLLOWER]|listeners:[], old=null, confs=<EMPTY_MAP>
2022-11-04 13:16:40,178 [pool-95-thread-1] INFO  server.RaftServerConfigKeys (ConfUtils.java:logGet(46)) - raft.server.storage.dir = [/home/runner/work/ozone/ozone/hadoop-ozone/integration-test/target/test-dir/MiniOzoneClusterImpl-0c0bfa66-1f5b-4f11-9fe6-cbebe0503434/datanode-1/data/ratis] (custom)
2022-11-04 13:16:40,179 [pool-95-thread-1] INFO  server.RaftServerConfigKeys (ConfUtils.java:logGet(46)) - raft.server.log.corruption.policy = EXCEPTION (default)
2022-11-04 13:16:40,179 [pool-95-thread-1] INFO  server.RaftServerConfigKeys (ConfUtils.java:logGet(46)) - raft.server.storage.free-space.min = 0MB (=0) (default)
2022-11-04 13:16:40,179 [pool-95-thread-1] INFO  server.RaftServerConfigKeys (ConfUtils.java:logGet(46)) - raft.server.notification.no-leader.timeout = 300s (custom)
2022-11-04 13:16:40,179 [pool-95-thread-1] INFO  server.RaftServerConfigKeys (ConfUtils.java:logGet(46)) - raft.server.retrycache.expirytime = 600000ms (custom)
2022-11-04 13:16:40,179 [pool-95-thread-1] INFO  server.RaftServerConfigKeys (ConfUtils.java:logGet(46)) - raft.server.retrycache.statistics.expirytime = 100μs (default)
2022-11-04 13:16:40,185 [pool-95-thread-1] INFO  server.RaftServerConfigKeys (ConfUtils.java:logGet(46)) - raft.server.log.appender.install.snapshot.enabled = false (custom)
2022-11-04 13:16:40,185 [pool-95-thread-1] INFO  server.RaftServerConfigKeys (ConfUtils.java:logGet(46)) - raft.server.threadpool.server.cached = true (default)
2022-11-04 13:16:40,185 [pool-95-thread-1] INFO  server.RaftServerConfigKeys (ConfUtils.java:logGet(46)) - raft.server.threadpool.server.size = 0 (default)
2022-11-04 13:16:40,185 [pool-95-thread-1] INFO  server.RaftServerConfigKeys (ConfUtils.java:logGet(46)) - raft.server.threadpool.client.cached = true (default)
2022-11-04 13:16:40,185 [pool-95-thread-1] INFO  server.RaftServerConfigKeys (ConfUtils.java:logGet(46)) - raft.server.threadpool.client.size = 0 (default)
2022-11-04 13:16:40,185 [pool-95-thread-1] INFO  storage.RaftStorageDirectory (RaftStorageDirectoryImpl.java:analyzeStorage(137)) - The storage directory /home/runner/work/ozone/ozone/hadoop-ozone/integration-test/target/test-dir/MiniOzoneClusterImpl-0c0bfa66-1f5b-4f11-9fe6-cbebe0503434/datanode-1/data/ratis/3733acae-4637-413b-b21d-fa853d2a5168 does not exist. Creating ...
2022-11-04 13:16:40,187 [pool-95-thread-1] INFO  storage.RaftStorageDirectory (RaftStorageDirectoryImpl.java:tryLock(231)) - Lock on /home/runner/work/ozone/ozone/hadoop-ozone/integration-test/target/test-dir/MiniOzoneClusterImpl-0c0bfa66-1f5b-4f11-9fe6-cbebe0503434/datanode-1/data/ratis/3733acae-4637-413b-b21d-fa853d2a5168/in_use.lock acquired by nodename 14841@fv-az443-313
2022-11-04 13:16:40,189 [pool-95-thread-1] INFO  storage.RaftStorage (RaftStorageImpl.java:format(96)) - Storage directory /home/runner/work/ozone/ozone/hadoop-ozone/integration-test/target/test-dir/MiniOzoneClusterImpl-0c0bfa66-1f5b-4f11-9fe6-cbebe0503434/datanode-1/data/ratis/3733acae-4637-413b-b21d-fa853d2a5168 has been successfully formatted.
2022-11-04 13:16:40,189 [pool-95-thread-1] INFO  ratis.ContainerStateMachine (ContainerStateMachine.java:loadSnapshot(236)) - group-FA853D2A5168: The snapshot info is null. Setting the last applied indexto:(t:0, i:~)
2022-11-04 13:16:40,193 [pool-95-thread-1] INFO  server.RaftServerConfigKeys (ConfUtils.java:logGet(46)) - raft.server.log.use.memory = false (default)
2022-11-04 13:16:40,193 [pool-95-thread-1] INFO  server.RaftServerConfigKeys (ConfUtils.java:logGet(46)) - raft.server.log.purge.gap = 1000000 (custom)
2022-11-04 13:16:40,193 [pool-95-thread-1] INFO  server.RaftServerConfigKeys (ConfUtils.java:logGet(46)) - raft.server.log.appender.buffer.byte-limit = 33554432 (custom)
2022-11-04 13:16:40,193 [pool-95-thread-1] INFO  server.RaftServerConfigKeys (ConfUtils.java:logGet(46)) - raft.server.log.statemachine.data.read.timeout = 1000ms (default)
2022-11-04 13:16:40,193 [pool-95-thread-1] INFO  server.RaftServerConfigKeys (ConfUtils.java:logGet(46)) - raft.server.log.purge.preservation.log.num = 0 (default)
2022-11-04 13:16:40,194 [pool-95-thread-1] INFO  server.RaftServerConfigKeys (ConfUtils.java:logGet(46)) - raft.server.log.segment.size.max = 1048576 (custom)
2022-11-04 13:16:40,195 [pool-95-thread-1] INFO  server.RaftServerConfigKeys (ConfUtils.java:logGet(46)) - raft.server.log.segment.cache.num.max = 2 (custom)
2022-11-04 13:16:40,197 [pool-95-thread-1] INFO  server.RaftServerConfigKeys (ConfUtils.java:logGet(46)) - raft.server.log.segment.cache.size.max = 200MB (=209715200) (default)
2022-11-04 13:16:40,197 [pool-95-thread-1] INFO  segmented.SegmentedRaftLogWorker (SegmentedRaftLogWorker.java:<init>(191)) - new c7cc2fe0-c6a0-4806-a89e-0e07a1727659@group-FA853D2A5168-SegmentedRaftLogWorker for RaftStorageImpl:Storage Directory /home/runner/work/ozone/ozone/hadoop-ozone/integration-test/target/test-dir/MiniOzoneClusterImpl-0c0bfa66-1f5b-4f11-9fe6-cbebe0503434/datanode-1/data/ratis/3733acae-4637-413b-b21d-fa853d2a5168
2022-11-04 13:16:40,197 [pool-95-thread-1] INFO  server.RaftServerConfigKeys (ConfUtils.java:logGet(46)) - raft.server.log.queue.byte-limit = 4294967296 (custom)
2022-11-04 13:16:40,197 [pool-95-thread-1] INFO  server.RaftServerConfigKeys (ConfUtils.java:logGet(46)) - raft.server.log.queue.element-limit = 1024 (custom)
2022-11-04 13:16:40,197 [pool-95-thread-1] INFO  server.RaftServerConfigKeys (ConfUtils.java:logGet(46)) - raft.server.log.segment.size.max = 1048576 (custom)
2022-11-04 13:16:40,198 [pool-95-thread-1] INFO  server.RaftServerConfigKeys (ConfUtils.java:logGet(46)) - raft.server.log.preallocated.size = 16384 (custom)
2022-11-04 13:16:40,198 [pool-95-thread-1] INFO  server.RaftServerConfigKeys (ConfUtils.java:logGet(46)) - raft.server.log.force.sync.num = 128 (default)
2022-11-04 13:16:40,198 [pool-95-thread-1] INFO  server.RaftServerConfigKeys (ConfUtils.java:logGet(46)) - raft.server.log.statemachine.data.sync = true (default)
2022-11-04 13:16:40,198 [pool-95-thread-1] INFO  server.RaftServerConfigKeys (ConfUtils.java:logGet(46)) - raft.server.log.statemachine.data.sync.timeout = 10s (default)
2022-11-04 13:16:40,198 [pool-95-thread-1] INFO  server.RaftServerConfigKeys (ConfUtils.java:logGet(46)) - raft.server.log.statemachine.data.sync.timeout.retry = -1 (default)
2022-11-04 13:16:40,202 [EventQueue-OpenPipelineForHealthyPipelineSafeModeRule] INFO  safemode.SCMSafeModeManager (HealthyPipelineSafeModeRule.java:process(137)) - SCM in safe mode. Healthy pipelines reported count is 0, required healthy pipeline reported count is 1
2022-11-04 13:16:40,202 [pool-95-thread-1] INFO  server.RaftServerConfigKeys (ConfUtils.java:logGet(46)) - raft.server.log.write.buffer.size = 1048576 (custom)
2022-11-04 13:16:40,207 [pool-95-thread-1] INFO  server.RaftServerConfigKeys (ConfUtils.java:logGet(46)) - raft.server.log.unsafe-flush.enabled = false (default)
2022-11-04 13:16:40,207 [pool-95-thread-1] INFO  server.RaftServerConfigKeys (ConfUtils.java:logGet(46)) - raft.server.log.async-flush.enabled = false (default)
2022-11-04 13:16:40,207 [pool-95-thread-1] INFO  server.RaftServerConfigKeys (ConfUtils.java:logGet(46)) - raft.server.log.statemachine.data.caching.enabled = true (custom)
2022-11-04 13:16:40,207 [pool-95-thread-1] INFO  segmented.SegmentedRaftLogWorker (SegmentedRaftLogWorker.java:lambda$new$0(136)) - c7cc2fe0-c6a0-4806-a89e-0e07a1727659@group-FA853D2A5168-SegmentedRaftLogWorker: flushIndex: setUnconditionally 0 -> -1
2022-11-04 13:16:40,208 [pool-95-thread-1] INFO  segmented.SegmentedRaftLogWorker (SegmentedRaftLogWorker.java:lambda$new$0(136)) - c7cc2fe0-c6a0-4806-a89e-0e07a1727659@group-FA853D2A5168-SegmentedRaftLogWorker: safeCacheEvictIndex: setUnconditionally 0 -> -1
2022-11-04 13:16:40,212 [pool-95-thread-1] INFO  server.RaftServer$Division (RaftServerImpl.java:start(334)) - c7cc2fe0-c6a0-4806-a89e-0e07a1727659@group-FA853D2A5168: start as a follower, conf=-1: peers:[c7cc2fe0-c6a0-4806-a89e-0e07a1727659|rpc:10.1.1.104:40287|priority:0|startupRole:FOLLOWER, 6e1286b8-b074-4479-bd2c-46da0ae8c43a|rpc:10.1.1.104:43531|priority:1|startupRole:FOLLOWER, 8d3760b1-f0ab-49a5-9c8a-a39ea99f9aab|rpc:10.1.1.104:40979|priority:0|startupRole:FOLLOWER]|listeners:[], old=null
2022-11-04 13:16:40,212 [pool-95-thread-1] INFO  server.RaftServer$Division (RaftServerImpl.java:setRole(321)) - c7cc2fe0-c6a0-4806-a89e-0e07a1727659@group-FA853D2A5168: changes role from      null to FOLLOWER at term 0 for startAsFollower
2022-11-04 13:16:40,212 [pool-95-thread-1] INFO  impl.RoleInfo (RoleInfo.java:updateAndGet(139)) - c7cc2fe0-c6a0-4806-a89e-0e07a1727659: start c7cc2fe0-c6a0-4806-a89e-0e07a1727659@group-FA853D2A5168-FollowerState
2022-11-04 13:16:40,216 [pool-95-thread-1] INFO  util.JmxRegister (JmxRegister.java:tryRegister(44)) - Successfully registered JMX Bean with object name Ratis:service=RaftServer,group=group-FA853D2A5168,id=c7cc2fe0-c6a0-4806-a89e-0e07a1727659
2022-11-04 13:16:40,216 [pool-95-thread-1] INFO  server.RaftServerConfigKeys (ConfUtils.java:logGet(46)) - raft.server.snapshot.auto.trigger.enabled = true (custom)
2022-11-04 13:16:40,216 [pool-95-thread-1] INFO  server.RaftServerConfigKeys (ConfUtils.java:logGet(46)) - raft.server.snapshot.auto.trigger.threshold = 10000 (custom)
2022-11-04 13:16:40,216 [pool-95-thread-1] INFO  server.RaftServerConfigKeys (ConfUtils.java:logGet(46)) - raft.server.snapshot.retention.file.num = 5 (custom)
2022-11-04 13:16:40,216 [pool-95-thread-1] INFO  server.RaftServerConfigKeys (ConfUtils.java:logGet(46)) - raft.server.log.purge.upto.snapshot.index = false (default)
2022-11-04 13:16:40,217 [c7cc2fe0-c6a0-4806-a89e-0e07a1727659@group-FA853D2A5168-FollowerState] INFO  server.RaftServerConfigKeys (ConfUtils.java:logFallback(53)) - raft.server.rpc.first-election.timeout.min = 5s (fallback to raft.server.rpc.timeout.min)
2022-11-04 13:16:40,217 [c7cc2fe0-c6a0-4806-a89e-0e07a1727659@group-FA853D2A5168-FollowerState] INFO  server.RaftServerConfigKeys (ConfUtils.java:logFallback(53)) - raft.server.rpc.first-election.timeout.max = 5200ms (fallback to raft.server.rpc.timeout.max)
2022-11-04 13:16:40,222 [Command processor thread] INFO  ratis.XceiverServerRatis (XceiverServerRatis.java:addGroup(765)) - Created group PipelineID=3733acae-4637-413b-b21d-fa853d2a5168
2022-11-04 13:16:40,526 [Command processor thread] INFO  server.RaftServer (RaftServerProxy.java:addNew(96)) - 6e1286b8-b074-4479-bd2c-46da0ae8c43a: addNew group-DC80249593AF:[6e1286b8-b074-4479-bd2c-46da0ae8c43a|rpc:10.1.1.104:43531|priority:1|startupRole:FOLLOWER] returns group-DC80249593AF:java.util.concurrent.CompletableFuture@28133317[Not completed]
2022-11-04 13:16:40,566 [pool-118-thread-1] INFO  server.RaftServer$Division (RaftServerImpl.java:<init>(195)) - 6e1286b8-b074-4479-bd2c-46da0ae8c43a: new RaftServerImpl for group-DC80249593AF:[6e1286b8-b074-4479-bd2c-46da0ae8c43a|rpc:10.1.1.104:43531|priority:1|startupRole:FOLLOWER] with ContainerStateMachine:uninitialized
2022-11-04 13:16:40,566 [pool-118-thread-1] INFO  server.RaftServerConfigKeys (ConfUtils.java:logGet(46)) - raft.server.rpc.timeout.min = 5s (custom)
2022-11-04 13:16:40,566 [pool-118-thread-1] INFO  server.RaftServerConfigKeys (ConfUtils.java:logGet(46)) - raft.server.rpc.timeout.max = 5200ms (custom)
2022-11-04 13:16:40,566 [pool-118-thread-1] INFO  server.RaftServerConfigKeys (ConfUtils.java:logGet(46)) - raft.server.rpc.sleep.time = 25ms (default)
2022-11-04 13:16:40,566 [pool-118-thread-1] INFO  server.RaftServerConfigKeys (ConfUtils.java:logGet(46)) - raft.server.rpc.slowness.timeout = 300s (custom)
2022-11-04 13:16:40,566 [pool-118-thread-1] INFO  server.RaftServerConfigKeys (ConfUtils.java:logGet(46)) - raft.server.leaderelection.leader.step-down.wait-time = 10s (default)
2022-11-04 13:16:40,566 [pool-118-thread-1] INFO  server.RaftServerConfigKeys (ConfUtils.java:logGet(46)) - raft.server.sleep.deviation.threshold = 300ms (default)
2022-11-04 13:16:40,567 [pool-118-thread-1] INFO  server.RaftServer$Division (ServerState.java:<init>(118)) - 6e1286b8-b074-4479-bd2c-46da0ae8c43a@group-DC80249593AF: ConfigurationManager, init=-1: peers:[6e1286b8-b074-4479-bd2c-46da0ae8c43a|rpc:10.1.1.104:43531|priority:1|startupRole:FOLLOWER]|listeners:[], old=null, confs=<EMPTY_MAP>
2022-11-04 13:16:40,567 [pool-118-thread-1] INFO  server.RaftServerConfigKeys (ConfUtils.java:logGet(46)) - raft.server.storage.dir = [/home/runner/work/ozone/ozone/hadoop-ozone/integration-test/target/test-dir/MiniOzoneClusterImpl-0c0bfa66-1f5b-4f11-9fe6-cbebe0503434/datanode-2/data/ratis] (custom)
2022-11-04 13:16:40,567 [pool-118-thread-1] INFO  server.RaftServerConfigKeys (ConfUtils.java:logGet(46)) - raft.server.log.corruption.policy = EXCEPTION (default)
2022-11-04 13:16:40,567 [pool-118-thread-1] INFO  server.RaftServerConfigKeys (ConfUtils.java:logGet(46)) - raft.server.storage.free-space.min = 0MB (=0) (default)
2022-11-04 13:16:40,567 [pool-118-thread-1] INFO  server.RaftServerConfigKeys (ConfUtils.java:logGet(46)) - raft.server.notification.no-leader.timeout = 300s (custom)
2022-11-04 13:16:40,567 [pool-118-thread-1] INFO  server.RaftServerConfigKeys (ConfUtils.java:logGet(46)) - raft.server.retrycache.expirytime = 600000ms (custom)
2022-11-04 13:16:40,567 [pool-118-thread-1] INFO  server.RaftServerConfigKeys (ConfUtils.java:logGet(46)) - raft.server.retrycache.statistics.expirytime = 100μs (default)
2022-11-04 13:16:40,572 [grpc-default-executor-0] INFO  server.RaftServer (RaftServerProxy.java:addNew(96)) - 6e1286b8-b074-4479-bd2c-46da0ae8c43a: addNew group-FA853D2A5168:[c7cc2fe0-c6a0-4806-a89e-0e07a1727659|rpc:10.1.1.104:40287|dataStream:|priority:0|startupRole:FOLLOWER, 6e1286b8-b074-4479-bd2c-46da0ae8c43a|rpc:10.1.1.104:43531|dataStream:|priority:1|startupRole:FOLLOWER, 8d3760b1-f0ab-49a5-9c8a-a39ea99f9aab|rpc:10.1.1.104:40979|dataStream:|priority:0|startupRole:FOLLOWER] returns group-FA853D2A5168:java.util.concurrent.CompletableFuture@46245476[Not completed]
2022-11-04 13:16:40,581 [pool-118-thread-1] INFO  server.RaftServerConfigKeys (ConfUtils.java:logGet(46)) - raft.server.log.appender.install.snapshot.enabled = false (custom)
2022-11-04 13:16:40,581 [pool-118-thread-1] INFO  server.RaftServerConfigKeys (ConfUtils.java:logGet(46)) - raft.server.threadpool.server.cached = true (default)
2022-11-04 13:16:40,581 [pool-118-thread-1] INFO  server.RaftServerConfigKeys (ConfUtils.java:logGet(46)) - raft.server.threadpool.server.size = 0 (default)
2022-11-04 13:16:40,581 [pool-118-thread-1] INFO  server.RaftServerConfigKeys (ConfUtils.java:logGet(46)) - raft.server.threadpool.client.cached = true (default)
2022-11-04 13:16:40,581 [pool-118-thread-1] INFO  server.RaftServerConfigKeys (ConfUtils.java:logGet(46)) - raft.server.threadpool.client.size = 0 (default)
2022-11-04 13:16:40,582 [pool-118-thread-1] INFO  server.RaftServer$Division (RaftServerImpl.java:<init>(195)) - 6e1286b8-b074-4479-bd2c-46da0ae8c43a: new RaftServerImpl for group-FA853D2A5168:[c7cc2fe0-c6a0-4806-a89e-0e07a1727659|rpc:10.1.1.104:40287|dataStream:|priority:0|startupRole:FOLLOWER, 6e1286b8-b074-4479-bd2c-46da0ae8c43a|rpc:10.1.1.104:43531|dataStream:|priority:1|startupRole:FOLLOWER, 8d3760b1-f0ab-49a5-9c8a-a39ea99f9aab|rpc:10.1.1.104:40979|dataStream:|priority:0|startupRole:FOLLOWER] with ContainerStateMachine:uninitialized
2022-11-04 13:16:40,582 [pool-118-thread-1] INFO  server.RaftServerConfigKeys (ConfUtils.java:logGet(46)) - raft.server.rpc.timeout.min = 5s (custom)
2022-11-04 13:16:40,582 [pool-118-thread-1] INFO  server.RaftServerConfigKeys (ConfUtils.java:logGet(46)) - raft.server.rpc.timeout.max = 5200ms (custom)
2022-11-04 13:16:40,582 [pool-118-thread-1] INFO  server.RaftServerConfigKeys (ConfUtils.java:logGet(46)) - raft.server.rpc.sleep.time = 25ms (default)
2022-11-04 13:16:40,582 [pool-118-thread-1] INFO  server.RaftServerConfigKeys (ConfUtils.java:logGet(46)) - raft.server.rpc.slowness.timeout = 300s (custom)
2022-11-04 13:16:40,582 [pool-118-thread-1] INFO  server.RaftServerConfigKeys (ConfUtils.java:logGet(46)) - raft.server.leaderelection.leader.step-down.wait-time = 10s (default)
2022-11-04 13:16:40,582 [pool-118-thread-1] INFO  server.RaftServerConfigKeys (ConfUtils.java:logGet(46)) - raft.server.sleep.deviation.threshold = 300ms (default)
2022-11-04 13:16:40,582 [pool-118-thread-1] INFO  server.RaftServer$Division (ServerState.java:<init>(118)) - 6e1286b8-b074-4479-bd2c-46da0ae8c43a@group-FA853D2A5168: ConfigurationManager, init=-1: peers:[c7cc2fe0-c6a0-4806-a89e-0e07a1727659|rpc:10.1.1.104:40287|dataStream:|priority:0|startupRole:FOLLOWER, 6e1286b8-b074-4479-bd2c-46da0ae8c43a|rpc:10.1.1.104:43531|dataStream:|priority:1|startupRole:FOLLOWER, 8d3760b1-f0ab-49a5-9c8a-a39ea99f9aab|rpc:10.1.1.104:40979|dataStream:|priority:0|startupRole:FOLLOWER]|listeners:[], old=null, confs=<EMPTY_MAP>
2022-11-04 13:16:40,582 [pool-118-thread-1] INFO  server.RaftServerConfigKeys (ConfUtils.java:logGet(46)) - raft.server.storage.dir = [/home/runner/work/ozone/ozone/hadoop-ozone/integration-test/target/test-dir/MiniOzoneClusterImpl-0c0bfa66-1f5b-4f11-9fe6-cbebe0503434/datanode-2/data/ratis] (custom)
2022-11-04 13:16:40,582 [pool-118-thread-1] INFO  server.RaftServerConfigKeys (ConfUtils.java:logGet(46)) - raft.server.log.corruption.policy = EXCEPTION (default)
2022-11-04 13:16:40,582 [pool-118-thread-1] INFO  server.RaftServerConfigKeys (ConfUtils.java:logGet(46)) - raft.server.storage.free-space.min = 0MB (=0) (default)
2022-11-04 13:16:40,582 [pool-118-thread-1] INFO  server.RaftServerConfigKeys (ConfUtils.java:logGet(46)) - raft.server.notification.no-leader.timeout = 300s (custom)
2022-11-04 13:16:40,583 [pool-118-thread-1] INFO  server.RaftServerConfigKeys (ConfUtils.java:logGet(46)) - raft.server.retrycache.expirytime = 600000ms (custom)
2022-11-04 13:16:40,583 [pool-118-thread-1] INFO  server.RaftServerConfigKeys (ConfUtils.java:logGet(46)) - raft.server.retrycache.statistics.expirytime = 100μs (default)
2022-11-04 13:16:40,584 [pool-118-thread-1] INFO  server.RaftServerConfigKeys (ConfUtils.java:logGet(46)) - raft.server.log.appender.install.snapshot.enabled = false (custom)
2022-11-04 13:16:40,584 [pool-118-thread-1] INFO  server.RaftServerConfigKeys (ConfUtils.java:logGet(46)) - raft.server.threadpool.server.cached = true (default)
2022-11-04 13:16:40,584 [pool-118-thread-1] INFO  server.RaftServerConfigKeys (ConfUtils.java:logGet(46)) - raft.server.threadpool.server.size = 0 (default)
2022-11-04 13:16:40,584 [pool-118-thread-1] INFO  server.RaftServerConfigKeys (ConfUtils.java:logGet(46)) - raft.server.threadpool.client.cached = true (default)
2022-11-04 13:16:40,584 [pool-118-thread-1] INFO  server.RaftServerConfigKeys (ConfUtils.java:logGet(46)) - raft.server.threadpool.client.size = 0 (default)
2022-11-04 13:16:40,585 [pool-118-thread-1] INFO  storage.RaftStorageDirectory (RaftStorageDirectoryImpl.java:analyzeStorage(137)) - The storage directory /home/runner/work/ozone/ozone/hadoop-ozone/integration-test/target/test-dir/MiniOzoneClusterImpl-0c0bfa66-1f5b-4f11-9fe6-cbebe0503434/datanode-2/data/ratis/18df3eae-e2b4-4265-b2fd-dc80249593af does not exist. Creating ...
2022-11-04 13:16:40,591 [pool-118-thread-1] INFO  storage.RaftStorageDirectory (RaftStorageDirectoryImpl.java:tryLock(231)) - Lock on /home/runner/work/ozone/ozone/hadoop-ozone/integration-test/target/test-dir/MiniOzoneClusterImpl-0c0bfa66-1f5b-4f11-9fe6-cbebe0503434/datanode-2/data/ratis/18df3eae-e2b4-4265-b2fd-dc80249593af/in_use.lock acquired by nodename 14841@fv-az443-313
2022-11-04 13:16:40,595 [pool-118-thread-1] INFO  storage.RaftStorage (RaftStorageImpl.java:format(96)) - Storage directory /home/runner/work/ozone/ozone/hadoop-ozone/integration-test/target/test-dir/MiniOzoneClusterImpl-0c0bfa66-1f5b-4f11-9fe6-cbebe0503434/datanode-2/data/ratis/18df3eae-e2b4-4265-b2fd-dc80249593af has been successfully formatted.
2022-11-04 13:16:40,595 [pool-118-thread-1] INFO  ratis.ContainerStateMachine (ContainerStateMachine.java:loadSnapshot(236)) - group-DC80249593AF: The snapshot info is null. Setting the last applied indexto:(t:0, i:~)
2022-11-04 13:16:40,595 [pool-118-thread-1] INFO  server.RaftServerConfigKeys (ConfUtils.java:logGet(46)) - raft.server.log.use.memory = false (default)
2022-11-04 13:16:40,595 [pool-118-thread-1] INFO  server.RaftServerConfigKeys (ConfUtils.java:logGet(46)) - raft.server.log.purge.gap = 1000000 (custom)
2022-11-04 13:16:40,595 [pool-118-thread-1] INFO  server.RaftServerConfigKeys (ConfUtils.java:logGet(46)) - raft.server.log.appender.buffer.byte-limit = 33554432 (custom)
2022-11-04 13:16:40,596 [pool-118-thread-1] INFO  server.RaftServerConfigKeys (ConfUtils.java:logGet(46)) - raft.server.log.statemachine.data.read.timeout = 1000ms (default)
2022-11-04 13:16:40,596 [pool-118-thread-1] INFO  server.RaftServerConfigKeys (ConfUtils.java:logGet(46)) - raft.server.log.purge.preservation.log.num = 0 (default)
2022-11-04 13:16:40,596 [pool-118-thread-1] INFO  server.RaftServerConfigKeys (ConfUtils.java:logGet(46)) - raft.server.log.segment.size.max = 1048576 (custom)
2022-11-04 13:16:40,597 [pool-118-thread-1] INFO  server.RaftServerConfigKeys (ConfUtils.java:logGet(46)) - raft.server.log.segment.cache.num.max = 2 (custom)
2022-11-04 13:16:40,597 [pool-118-thread-1] INFO  server.RaftServerConfigKeys (ConfUtils.java:logGet(46)) - raft.server.log.segment.cache.size.max = 200MB (=209715200) (default)
2022-11-04 13:16:40,597 [pool-118-thread-1] INFO  segmented.SegmentedRaftLogWorker (SegmentedRaftLogWorker.java:<init>(191)) - new 6e1286b8-b074-4479-bd2c-46da0ae8c43a@group-DC80249593AF-SegmentedRaftLogWorker for RaftStorageImpl:Storage Directory /home/runner/work/ozone/ozone/hadoop-ozone/integration-test/target/test-dir/MiniOzoneClusterImpl-0c0bfa66-1f5b-4f11-9fe6-cbebe0503434/datanode-2/data/ratis/18df3eae-e2b4-4265-b2fd-dc80249593af
2022-11-04 13:16:40,597 [pool-118-thread-1] INFO  server.RaftServerConfigKeys (ConfUtils.java:logGet(46)) - raft.server.log.queue.byte-limit = 4294967296 (custom)
2022-11-04 13:16:40,597 [pool-118-thread-1] INFO  server.RaftServerConfigKeys (ConfUtils.java:logGet(46)) - raft.server.log.queue.element-limit = 1024 (custom)
2022-11-04 13:16:40,597 [pool-118-thread-1] INFO  server.RaftServerConfigKeys (ConfUtils.java:logGet(46)) - raft.server.log.segment.size.max = 1048576 (custom)
2022-11-04 13:16:40,597 [pool-118-thread-1] INFO  server.RaftServerConfigKeys (ConfUtils.java:logGet(46)) - raft.server.log.preallocated.size = 16384 (custom)
2022-11-04 13:16:40,597 [pool-118-thread-1] INFO  server.RaftServerConfigKeys (ConfUtils.java:logGet(46)) - raft.server.log.force.sync.num = 128 (default)
2022-11-04 13:16:40,597 [pool-118-thread-1] INFO  server.RaftServerConfigKeys (ConfUtils.java:logGet(46)) - raft.server.log.statemachine.data.sync = true (default)
2022-11-04 13:16:40,597 [pool-118-thread-1] INFO  server.RaftServerConfigKeys (ConfUtils.java:logGet(46)) - raft.server.log.statemachine.data.sync.timeout = 10s (default)
2022-11-04 13:16:40,597 [pool-118-thread-1] INFO  server.RaftServerConfigKeys (ConfUtils.java:logGet(46)) - raft.server.log.statemachine.data.sync.timeout.retry = -1 (default)
2022-11-04 13:16:40,598 [pool-118-thread-1] INFO  server.RaftServerConfigKeys (ConfUtils.java:logGet(46)) - raft.server.log.write.buffer.size = 1048576 (custom)
2022-11-04 13:16:40,599 [pool-118-thread-1] INFO  server.RaftServerConfigKeys (ConfUtils.java:logGet(46)) - raft.server.log.unsafe-flush.enabled = false (default)
2022-11-04 13:16:40,599 [pool-118-thread-1] INFO  server.RaftServerConfigKeys (ConfUtils.java:logGet(46)) - raft.server.log.async-flush.enabled = false (default)
2022-11-04 13:16:40,599 [pool-118-thread-1] INFO  server.RaftServerConfigKeys (ConfUtils.java:logGet(46)) - raft.server.log.statemachine.data.caching.enabled = true (custom)
2022-11-04 13:16:40,599 [pool-118-thread-1] INFO  segmented.SegmentedRaftLogWorker (SegmentedRaftLogWorker.java:lambda$new$0(136)) - 6e1286b8-b074-4479-bd2c-46da0ae8c43a@group-DC80249593AF-SegmentedRaftLogWorker: flushIndex: setUnconditionally 0 -> -1
2022-11-04 13:16:40,599 [pool-118-thread-1] INFO  segmented.SegmentedRaftLogWorker (SegmentedRaftLogWorker.java:lambda$new$0(136)) - 6e1286b8-b074-4479-bd2c-46da0ae8c43a@group-DC80249593AF-SegmentedRaftLogWorker: safeCacheEvictIndex: setUnconditionally 0 -> -1
2022-11-04 13:16:40,611 [pool-118-thread-1] INFO  server.RaftServer$Division (RaftServerImpl.java:start(334)) - 6e1286b8-b074-4479-bd2c-46da0ae8c43a@group-DC80249593AF: start as a follower, conf=-1: peers:[6e1286b8-b074-4479-bd2c-46da0ae8c43a|rpc:10.1.1.104:43531|priority:1|startupRole:FOLLOWER]|listeners:[], old=null
2022-11-04 13:16:40,611 [pool-118-thread-1] INFO  server.RaftServer$Division (RaftServerImpl.java:setRole(321)) - 6e1286b8-b074-4479-bd2c-46da0ae8c43a@group-DC80249593AF: changes role from      null to FOLLOWER at term 0 for startAsFollower
2022-11-04 13:16:40,611 [pool-118-thread-1] INFO  impl.RoleInfo (RoleInfo.java:updateAndGet(139)) - 6e1286b8-b074-4479-bd2c-46da0ae8c43a: start 6e1286b8-b074-4479-bd2c-46da0ae8c43a@group-DC80249593AF-FollowerState
2022-11-04 13:16:40,612 [EventQueue-PipelineReportForPipelineReportHandler] INFO  pipeline.PipelineManagerImpl (PipelineManagerImpl.java:openPipeline(367)) - Pipeline Pipeline[ Id: 18df3eae-e2b4-4265-b2fd-dc80249593af, Nodes: 6e1286b8-b074-4479-bd2c-46da0ae8c43a{ip: 10.1.1.104, host: fv-az443-313.ap2fcshprsnunfx25e1aelzb4b.cx.internal.cloudapp.net, ports: [REPLICATION=39547, RATIS=43531, RATIS_ADMIN=43531, RATIS_SERVER=43531, STANDALONE=42445], networkLocation: /default-rack, certSerialId: null, persistedOpState: IN_SERVICE, persistedOpStateExpiryEpochSec: 0}, ReplicationConfig: RATIS/ONE, State:ALLOCATED, leaderId:6e1286b8-b074-4479-bd2c-46da0ae8c43a, CreationTimestamp2022-11-04T13:16:37.522Z[Etc/UTC]] moved to OPEN state
2022-11-04 13:16:40,616 [6e1286b8-b074-4479-bd2c-46da0ae8c43a@group-DC80249593AF-FollowerState] INFO  server.RaftServerConfigKeys (ConfUtils.java:logFallback(53)) - raft.server.rpc.first-election.timeout.min = 5s (fallback to raft.server.rpc.timeout.min)
2022-11-04 13:16:40,623 [6e1286b8-b074-4479-bd2c-46da0ae8c43a@group-DC80249593AF-FollowerState] INFO  server.RaftServerConfigKeys (ConfUtils.java:logFallback(53)) - raft.server.rpc.first-election.timeout.max = 5200ms (fallback to raft.server.rpc.timeout.max)
2022-11-04 13:16:40,616 [pool-118-thread-1] INFO  util.JmxRegister (JmxRegister.java:tryRegister(44)) - Successfully registered JMX Bean with object name Ratis:service=RaftServer,group=group-DC80249593AF,id=6e1286b8-b074-4479-bd2c-46da0ae8c43a
2022-11-04 13:16:40,624 [EventQueue-OpenPipelineForHealthyPipelineSafeModeRule] INFO  safemode.SCMSafeModeManager (HealthyPipelineSafeModeRule.java:process(137)) - SCM in safe mode. Healthy pipelines reported count is 0, required healthy pipeline reported count is 1
2022-11-04 13:16:40,625 [pool-118-thread-1] INFO  server.RaftServerConfigKeys (ConfUtils.java:logGet(46)) - raft.server.snapshot.auto.trigger.enabled = true (custom)
2022-11-04 13:16:40,625 [pool-118-thread-1] INFO  server.RaftServerConfigKeys (ConfUtils.java:logGet(46)) - raft.server.snapshot.auto.trigger.threshold = 10000 (custom)
2022-11-04 13:16:40,625 [pool-118-thread-1] INFO  server.RaftServerConfigKeys (ConfUtils.java:logGet(46)) - raft.server.snapshot.retention.file.num = 5 (custom)
2022-11-04 13:16:40,625 [pool-118-thread-1] INFO  server.RaftServerConfigKeys (ConfUtils.java:logGet(46)) - raft.server.log.purge.upto.snapshot.index = false (default)
2022-11-04 13:16:40,634 [pool-118-thread-1] INFO  storage.RaftStorageDirectory (RaftStorageDirectoryImpl.java:analyzeStorage(137)) - The storage directory /home/runner/work/ozone/ozone/hadoop-ozone/integration-test/target/test-dir/MiniOzoneClusterImpl-0c0bfa66-1f5b-4f11-9fe6-cbebe0503434/datanode-2/data/ratis/3733acae-4637-413b-b21d-fa853d2a5168 does not exist. Creating ...
2022-11-04 13:16:40,634 [Command processor thread] INFO  ratis.XceiverServerRatis (XceiverServerRatis.java:addGroup(765)) - Created group PipelineID=18df3eae-e2b4-4265-b2fd-dc80249593af
2022-11-04 13:16:40,634 [Command processor thread] INFO  commandhandler.CreatePipelineCommandHandler (CreatePipelineCommandHandler.java:handle(113)) - Created Pipeline RATIS ONE PipelineID=18df3eae-e2b4-4265-b2fd-dc80249593af.
2022-11-04 13:16:40,635 [Command processor thread] INFO  server.RaftServer (RaftServerProxy.java:addNew(96)) - 6e1286b8-b074-4479-bd2c-46da0ae8c43a: addNew group-D9F9BF4B5168:[c7cc2fe0-c6a0-4806-a89e-0e07a1727659|rpc:10.1.1.104:40287|priority:1|startupRole:FOLLOWER, 6e1286b8-b074-4479-bd2c-46da0ae8c43a|rpc:10.1.1.104:43531|priority:0|startupRole:FOLLOWER, 8d3760b1-f0ab-49a5-9c8a-a39ea99f9aab|rpc:10.1.1.104:40979|priority:0|startupRole:FOLLOWER] returns group-D9F9BF4B5168:java.util.concurrent.CompletableFuture@2c2cb2cd[Not completed]
2022-11-04 13:16:40,637 [pool-118-thread-1] INFO  storage.RaftStorageDirectory (RaftStorageDirectoryImpl.java:tryLock(231)) - Lock on /home/runner/work/ozone/ozone/hadoop-ozone/integration-test/target/test-dir/MiniOzoneClusterImpl-0c0bfa66-1f5b-4f11-9fe6-cbebe0503434/datanode-2/data/ratis/3733acae-4637-413b-b21d-fa853d2a5168/in_use.lock acquired by nodename 14841@fv-az443-313
2022-11-04 13:16:40,638 [pool-118-thread-1] INFO  storage.RaftStorage (RaftStorageImpl.java:format(96)) - Storage directory /home/runner/work/ozone/ozone/hadoop-ozone/integration-test/target/test-dir/MiniOzoneClusterImpl-0c0bfa66-1f5b-4f11-9fe6-cbebe0503434/datanode-2/data/ratis/3733acae-4637-413b-b21d-fa853d2a5168 has been successfully formatted.
2022-11-04 13:16:40,639 [pool-118-thread-1] INFO  ratis.ContainerStateMachine (ContainerStateMachine.java:loadSnapshot(236)) - group-FA853D2A5168: The snapshot info is null. Setting the last applied indexto:(t:0, i:~)
2022-11-04 13:16:40,639 [pool-118-thread-1] INFO  server.RaftServerConfigKeys (ConfUtils.java:logGet(46)) - raft.server.log.use.memory = false (default)
2022-11-04 13:16:40,639 [pool-118-thread-1] INFO  server.RaftServerConfigKeys (ConfUtils.java:logGet(46)) - raft.server.log.purge.gap = 1000000 (custom)
2022-11-04 13:16:40,639 [pool-118-thread-1] INFO  server.RaftServerConfigKeys (ConfUtils.java:logGet(46)) - raft.server.log.appender.buffer.byte-limit = 33554432 (custom)
2022-11-04 13:16:40,639 [pool-118-thread-1] INFO  server.RaftServerConfigKeys (ConfUtils.java:logGet(46)) - raft.server.log.statemachine.data.read.timeout = 1000ms (default)
2022-11-04 13:16:40,639 [pool-118-thread-1] INFO  server.RaftServerConfigKeys (ConfUtils.java:logGet(46)) - raft.server.log.purge.preservation.log.num = 0 (default)
2022-11-04 13:16:40,639 [pool-118-thread-1] INFO  server.RaftServerConfigKeys (ConfUtils.java:logGet(46)) - raft.server.log.segment.size.max = 1048576 (custom)
2022-11-04 13:16:40,640 [pool-118-thread-1] INFO  server.RaftServerConfigKeys (ConfUtils.java:logGet(46)) - raft.server.log.segment.cache.num.max = 2 (custom)
2022-11-04 13:16:40,640 [pool-118-thread-1] INFO  server.RaftServerConfigKeys (ConfUtils.java:logGet(46)) - raft.server.log.segment.cache.size.max = 200MB (=209715200) (default)
2022-11-04 13:16:40,640 [pool-118-thread-1] INFO  segmented.SegmentedRaftLogWorker (SegmentedRaftLogWorker.java:<init>(191)) - new 6e1286b8-b074-4479-bd2c-46da0ae8c43a@group-FA853D2A5168-SegmentedRaftLogWorker for RaftStorageImpl:Storage Directory /home/runner/work/ozone/ozone/hadoop-ozone/integration-test/target/test-dir/MiniOzoneClusterImpl-0c0bfa66-1f5b-4f11-9fe6-cbebe0503434/datanode-2/data/ratis/3733acae-4637-413b-b21d-fa853d2a5168
2022-11-04 13:16:40,640 [pool-118-thread-1] INFO  server.RaftServerConfigKeys (ConfUtils.java:logGet(46)) - raft.server.log.queue.byte-limit = 4294967296 (custom)
2022-11-04 13:16:40,640 [pool-118-thread-1] INFO  server.RaftServerConfigKeys (ConfUtils.java:logGet(46)) - raft.server.log.queue.element-limit = 1024 (custom)
2022-11-04 13:16:40,640 [pool-118-thread-1] INFO  server.RaftServerConfigKeys (ConfUtils.java:logGet(46)) - raft.server.log.segment.size.max = 1048576 (custom)
2022-11-04 13:16:40,640 [pool-118-thread-1] INFO  server.RaftServerConfigKeys (ConfUtils.java:logGet(46)) - raft.server.log.preallocated.size = 16384 (custom)
2022-11-04 13:16:40,640 [pool-118-thread-1] INFO  server.RaftServerConfigKeys (ConfUtils.java:logGet(46)) - raft.server.log.force.sync.num = 128 (default)
2022-11-04 13:16:40,640 [pool-118-thread-1] INFO  server.RaftServerConfigKeys (ConfUtils.java:logGet(46)) - raft.server.log.statemachine.data.sync = true (default)
2022-11-04 13:16:40,640 [pool-118-thread-1] INFO  server.RaftServerConfigKeys (ConfUtils.java:logGet(46)) - raft.server.log.statemachine.data.sync.timeout = 10s (default)
2022-11-04 13:16:40,641 [pool-118-thread-1] INFO  server.RaftServerConfigKeys (ConfUtils.java:logGet(46)) - raft.server.log.statemachine.data.sync.timeout.retry = -1 (default)
2022-11-04 13:16:40,643 [EventQueue-OpenPipelineForHealthyPipelineSafeModeRule] INFO  safemode.SCMSafeModeManager (HealthyPipelineSafeModeRule.java:process(137)) - SCM in safe mode. Healthy pipelines reported count is 0, required healthy pipeline reported count is 1
2022-11-04 13:16:40,644 [pool-118-thread-1] INFO  server.RaftServerConfigKeys (ConfUtils.java:logGet(46)) - raft.server.log.write.buffer.size = 1048576 (custom)
2022-11-04 13:16:40,645 [pool-118-thread-1] INFO  server.RaftServerConfigKeys (ConfUtils.java:logGet(46)) - raft.server.log.unsafe-flush.enabled = false (default)
2022-11-04 13:16:40,646 [pool-118-thread-1] INFO  server.RaftServerConfigKeys (ConfUtils.java:logGet(46)) - raft.server.log.async-flush.enabled = false (default)
2022-11-04 13:16:40,646 [pool-118-thread-1] INFO  server.RaftServerConfigKeys (ConfUtils.java:logGet(46)) - raft.server.log.statemachine.data.caching.enabled = true (custom)
2022-11-04 13:16:40,646 [pool-118-thread-1] INFO  segmented.SegmentedRaftLogWorker (SegmentedRaftLogWorker.java:lambda$new$0(136)) - 6e1286b8-b074-4479-bd2c-46da0ae8c43a@group-FA853D2A5168-SegmentedRaftLogWorker: flushIndex: setUnconditionally 0 -> -1
2022-11-04 13:16:40,647 [pool-118-thread-1] INFO  segmented.SegmentedRaftLogWorker (SegmentedRaftLogWorker.java:lambda$new$0(136)) - 6e1286b8-b074-4479-bd2c-46da0ae8c43a@group-FA853D2A5168-SegmentedRaftLogWorker: safeCacheEvictIndex: setUnconditionally 0 -> -1
2022-11-04 13:16:40,657 [pool-118-thread-1] INFO  server.RaftServer$Division (RaftServerImpl.java:start(334)) - 6e1286b8-b074-4479-bd2c-46da0ae8c43a@group-FA853D2A5168: start as a follower, conf=-1: peers:[c7cc2fe0-c6a0-4806-a89e-0e07a1727659|rpc:10.1.1.104:40287|dataStream:|priority:0|startupRole:FOLLOWER, 6e1286b8-b074-4479-bd2c-46da0ae8c43a|rpc:10.1.1.104:43531|dataStream:|priority:1|startupRole:FOLLOWER, 8d3760b1-f0ab-49a5-9c8a-a39ea99f9aab|rpc:10.1.1.104:40979|dataStream:|priority:0|startupRole:FOLLOWER]|listeners:[], old=null
2022-11-04 13:16:40,657 [pool-118-thread-1] INFO  server.RaftServer$Division (RaftServerImpl.java:setRole(321)) - 6e1286b8-b074-4479-bd2c-46da0ae8c43a@group-FA853D2A5168: changes role from      null to FOLLOWER at term 0 for startAsFollower
2022-11-04 13:16:40,657 [pool-118-thread-1] INFO  impl.RoleInfo (RoleInfo.java:updateAndGet(139)) - 6e1286b8-b074-4479-bd2c-46da0ae8c43a: start 6e1286b8-b074-4479-bd2c-46da0ae8c43a@group-FA853D2A5168-FollowerState
2022-11-04 13:16:40,661 [pool-118-thread-1] INFO  util.JmxRegister (JmxRegister.java:tryRegister(44)) - Successfully registered JMX Bean with object name Ratis:service=RaftServer,group=group-FA853D2A5168,id=6e1286b8-b074-4479-bd2c-46da0ae8c43a
2022-11-04 13:16:40,661 [pool-118-thread-1] INFO  server.RaftServerConfigKeys (ConfUtils.java:logGet(46)) - raft.server.snapshot.auto.trigger.enabled = true (custom)
2022-11-04 13:16:40,661 [pool-118-thread-1] INFO  server.RaftServerConfigKeys (ConfUtils.java:logGet(46)) - raft.server.snapshot.auto.trigger.threshold = 10000 (custom)
2022-11-04 13:16:40,661 [pool-118-thread-1] INFO  server.RaftServerConfigKeys (ConfUtils.java:logGet(46)) - raft.server.snapshot.retention.file.num = 5 (custom)
2022-11-04 13:16:40,661 [pool-118-thread-1] INFO  server.RaftServerConfigKeys (ConfUtils.java:logGet(46)) - raft.server.log.purge.upto.snapshot.index = false (default)
2022-11-04 13:16:40,664 [6e1286b8-b074-4479-bd2c-46da0ae8c43a@group-FA853D2A5168-FollowerState] INFO  server.RaftServerConfigKeys (ConfUtils.java:logFallback(53)) - raft.server.rpc.first-election.timeout.min = 5s (fallback to raft.server.rpc.timeout.min)
2022-11-04 13:16:40,673 [6e1286b8-b074-4479-bd2c-46da0ae8c43a@group-FA853D2A5168-FollowerState] INFO  server.RaftServerConfigKeys (ConfUtils.java:logFallback(53)) - raft.server.rpc.first-election.timeout.max = 5200ms (fallback to raft.server.rpc.timeout.max)
2022-11-04 13:16:40,683 [pool-118-thread-1] INFO  server.RaftServer$Division (RaftServerImpl.java:<init>(195)) - 6e1286b8-b074-4479-bd2c-46da0ae8c43a: new RaftServerImpl for group-D9F9BF4B5168:[c7cc2fe0-c6a0-4806-a89e-0e07a1727659|rpc:10.1.1.104:40287|priority:1|startupRole:FOLLOWER, 6e1286b8-b074-4479-bd2c-46da0ae8c43a|rpc:10.1.1.104:43531|priority:0|startupRole:FOLLOWER, 8d3760b1-f0ab-49a5-9c8a-a39ea99f9aab|rpc:10.1.1.104:40979|priority:0|startupRole:FOLLOWER] with ContainerStateMachine:uninitialized
2022-11-04 13:16:40,683 [pool-118-thread-1] INFO  server.RaftServerConfigKeys (ConfUtils.java:logGet(46)) - raft.server.rpc.timeout.min = 5s (custom)
2022-11-04 13:16:40,683 [pool-118-thread-1] INFO  server.RaftServerConfigKeys (ConfUtils.java:logGet(46)) - raft.server.rpc.timeout.max = 5200ms (custom)
2022-11-04 13:16:40,683 [pool-118-thread-1] INFO  server.RaftServerConfigKeys (ConfUtils.java:logGet(46)) - raft.server.rpc.sleep.time = 25ms (default)
2022-11-04 13:16:40,683 [pool-118-thread-1] INFO  server.RaftServerConfigKeys (ConfUtils.java:logGet(46)) - raft.server.rpc.slowness.timeout = 300s (custom)
2022-11-04 13:16:40,683 [pool-118-thread-1] INFO  server.RaftServerConfigKeys (ConfUtils.java:logGet(46)) - raft.server.leaderelection.leader.step-down.wait-time = 10s (default)
2022-11-04 13:16:40,683 [pool-118-thread-1] INFO  server.RaftServerConfigKeys (ConfUtils.java:logGet(46)) - raft.server.sleep.deviation.threshold = 300ms (default)
2022-11-04 13:16:40,684 [pool-118-thread-1] INFO  server.RaftServer$Division (ServerState.java:<init>(118)) - 6e1286b8-b074-4479-bd2c-46da0ae8c43a@group-D9F9BF4B5168: ConfigurationManager, init=-1: peers:[c7cc2fe0-c6a0-4806-a89e-0e07a1727659|rpc:10.1.1.104:40287|priority:1|startupRole:FOLLOWER, 6e1286b8-b074-4479-bd2c-46da0ae8c43a|rpc:10.1.1.104:43531|priority:0|startupRole:FOLLOWER, 8d3760b1-f0ab-49a5-9c8a-a39ea99f9aab|rpc:10.1.1.104:40979|priority:0|startupRole:FOLLOWER]|listeners:[], old=null, confs=<EMPTY_MAP>
2022-11-04 13:16:40,684 [pool-118-thread-1] INFO  server.RaftServerConfigKeys (ConfUtils.java:logGet(46)) - raft.server.storage.dir = [/home/runner/work/ozone/ozone/hadoop-ozone/integration-test/target/test-dir/MiniOzoneClusterImpl-0c0bfa66-1f5b-4f11-9fe6-cbebe0503434/datanode-2/data/ratis] (custom)
2022-11-04 13:16:40,684 [pool-118-thread-1] INFO  server.RaftServerConfigKeys (ConfUtils.java:logGet(46)) - raft.server.log.corruption.policy = EXCEPTION (default)
2022-11-04 13:16:40,684 [pool-118-thread-1] INFO  server.RaftServerConfigKeys (ConfUtils.java:logGet(46)) - raft.server.storage.free-space.min = 0MB (=0) (default)
2022-11-04 13:16:40,684 [pool-118-thread-1] INFO  server.RaftServerConfigKeys (ConfUtils.java:logGet(46)) - raft.server.notification.no-leader.timeout = 300s (custom)
2022-11-04 13:16:40,684 [pool-118-thread-1] INFO  server.RaftServerConfigKeys (ConfUtils.java:logGet(46)) - raft.server.retrycache.expirytime = 600000ms (custom)
2022-11-04 13:16:40,684 [pool-118-thread-1] INFO  server.RaftServerConfigKeys (ConfUtils.java:logGet(46)) - raft.server.retrycache.statistics.expirytime = 100μs (default)
2022-11-04 13:16:40,690 [pool-118-thread-1] INFO  server.RaftServerConfigKeys (ConfUtils.java:logGet(46)) - raft.server.log.appender.install.snapshot.enabled = false (custom)
2022-11-04 13:16:40,697 [pool-118-thread-1] INFO  server.RaftServerConfigKeys (ConfUtils.java:logGet(46)) - raft.server.threadpool.server.cached = true (default)
2022-11-04 13:16:40,697 [pool-118-thread-1] INFO  server.RaftServerConfigKeys (ConfUtils.java:logGet(46)) - raft.server.threadpool.server.size = 0 (default)
2022-11-04 13:16:40,697 [pool-118-thread-1] INFO  server.RaftServerConfigKeys (ConfUtils.java:logGet(46)) - raft.server.threadpool.client.cached = true (default)
2022-11-04 13:16:40,697 [pool-118-thread-1] INFO  server.RaftServerConfigKeys (ConfUtils.java:logGet(46)) - raft.server.threadpool.client.size = 0 (default)
2022-11-04 13:16:40,697 [pool-118-thread-1] INFO  storage.RaftStorageDirectory (RaftStorageDirectoryImpl.java:analyzeStorage(137)) - The storage directory /home/runner/work/ozone/ozone/hadoop-ozone/integration-test/target/test-dir/MiniOzoneClusterImpl-0c0bfa66-1f5b-4f11-9fe6-cbebe0503434/datanode-2/data/ratis/2f318765-ecc8-4fba-a471-d9f9bf4b5168 does not exist. Creating ...
2022-11-04 13:16:40,704 [pool-118-thread-1] INFO  storage.RaftStorageDirectory (RaftStorageDirectoryImpl.java:tryLock(231)) - Lock on /home/runner/work/ozone/ozone/hadoop-ozone/integration-test/target/test-dir/MiniOzoneClusterImpl-0c0bfa66-1f5b-4f11-9fe6-cbebe0503434/datanode-2/data/ratis/2f318765-ecc8-4fba-a471-d9f9bf4b5168/in_use.lock acquired by nodename 14841@fv-az443-313
2022-11-04 13:16:40,709 [pool-118-thread-1] INFO  storage.RaftStorage (RaftStorageImpl.java:format(96)) - Storage directory /home/runner/work/ozone/ozone/hadoop-ozone/integration-test/target/test-dir/MiniOzoneClusterImpl-0c0bfa66-1f5b-4f11-9fe6-cbebe0503434/datanode-2/data/ratis/2f318765-ecc8-4fba-a471-d9f9bf4b5168 has been successfully formatted.
2022-11-04 13:16:40,710 [pool-118-thread-1] INFO  ratis.ContainerStateMachine (ContainerStateMachine.java:loadSnapshot(236)) - group-D9F9BF4B5168: The snapshot info is null. Setting the last applied indexto:(t:0, i:~)
2022-11-04 13:16:40,710 [pool-118-thread-1] INFO  server.RaftServerConfigKeys (ConfUtils.java:logGet(46)) - raft.server.log.use.memory = false (default)
2022-11-04 13:16:40,710 [pool-118-thread-1] INFO  server.RaftServerConfigKeys (ConfUtils.java:logGet(46)) - raft.server.log.purge.gap = 1000000 (custom)
2022-11-04 13:16:40,710 [pool-118-thread-1] INFO  server.RaftServerConfigKeys (ConfUtils.java:logGet(46)) - raft.server.log.appender.buffer.byte-limit = 33554432 (custom)
2022-11-04 13:16:40,710 [pool-118-thread-1] INFO  server.RaftServerConfigKeys (ConfUtils.java:logGet(46)) - raft.server.log.statemachine.data.read.timeout = 1000ms (default)
2022-11-04 13:16:40,710 [pool-118-thread-1] INFO  server.RaftServerConfigKeys (ConfUtils.java:logGet(46)) - raft.server.log.purge.preservation.log.num = 0 (default)
2022-11-04 13:16:40,710 [pool-118-thread-1] INFO  server.RaftServerConfigKeys (ConfUtils.java:logGet(46)) - raft.server.log.segment.size.max = 1048576 (custom)
2022-11-04 13:16:40,711 [pool-118-thread-1] INFO  server.RaftServerConfigKeys (ConfUtils.java:logGet(46)) - raft.server.log.segment.cache.num.max = 2 (custom)
2022-11-04 13:16:40,711 [pool-118-thread-1] INFO  server.RaftServerConfigKeys (ConfUtils.java:logGet(46)) - raft.server.log.segment.cache.size.max = 200MB (=209715200) (default)
2022-11-04 13:16:40,711 [pool-118-thread-1] INFO  segmented.SegmentedRaftLogWorker (SegmentedRaftLogWorker.java:<init>(191)) - new 6e1286b8-b074-4479-bd2c-46da0ae8c43a@group-D9F9BF4B5168-SegmentedRaftLogWorker for RaftStorageImpl:Storage Directory /home/runner/work/ozone/ozone/hadoop-ozone/integration-test/target/test-dir/MiniOzoneClusterImpl-0c0bfa66-1f5b-4f11-9fe6-cbebe0503434/datanode-2/data/ratis/2f318765-ecc8-4fba-a471-d9f9bf4b5168
2022-11-04 13:16:40,711 [pool-118-thread-1] INFO  server.RaftServerConfigKeys (ConfUtils.java:logGet(46)) - raft.server.log.queue.byte-limit = 4294967296 (custom)
2022-11-04 13:16:40,711 [pool-118-thread-1] INFO  server.RaftServerConfigKeys (ConfUtils.java:logGet(46)) - raft.server.log.queue.element-limit = 1024 (custom)
2022-11-04 13:16:40,711 [pool-118-thread-1] INFO  server.RaftServerConfigKeys (ConfUtils.java:logGet(46)) - raft.server.log.segment.size.max = 1048576 (custom)
2022-11-04 13:16:40,711 [pool-118-thread-1] INFO  server.RaftServerConfigKeys (ConfUtils.java:logGet(46)) - raft.server.log.preallocated.size = 16384 (custom)
2022-11-04 13:16:40,711 [pool-118-thread-1] INFO  server.RaftServerConfigKeys (ConfUtils.java:logGet(46)) - raft.server.log.force.sync.num = 128 (default)
2022-11-04 13:16:40,711 [pool-118-thread-1] INFO  server.RaftServerConfigKeys (ConfUtils.java:logGet(46)) - raft.server.log.statemachine.data.sync = true (default)
2022-11-04 13:16:40,711 [pool-118-thread-1] INFO  server.RaftServerConfigKeys (ConfUtils.java:logGet(46)) - raft.server.log.statemachine.data.sync.timeout = 10s (default)
2022-11-04 13:16:40,711 [pool-118-thread-1] INFO  server.RaftServerConfigKeys (ConfUtils.java:logGet(46)) - raft.server.log.statemachine.data.sync.timeout.retry = -1 (default)
2022-11-04 13:16:40,712 [pool-118-thread-1] INFO  server.RaftServerConfigKeys (ConfUtils.java:logGet(46)) - raft.server.log.write.buffer.size = 1048576 (custom)
2022-11-04 13:16:40,713 [pool-118-thread-1] INFO  server.RaftServerConfigKeys (ConfUtils.java:logGet(46)) - raft.server.log.unsafe-flush.enabled = false (default)
2022-11-04 13:16:40,713 [pool-118-thread-1] INFO  server.RaftServerConfigKeys (ConfUtils.java:logGet(46)) - raft.server.log.async-flush.enabled = false (default)
2022-11-04 13:16:40,713 [pool-118-thread-1] INFO  server.RaftServerConfigKeys (ConfUtils.java:logGet(46)) - raft.server.log.statemachine.data.caching.enabled = true (custom)
2022-11-04 13:16:40,713 [pool-118-thread-1] INFO  segmented.SegmentedRaftLogWorker (SegmentedRaftLogWorker.java:lambda$new$0(136)) - 6e1286b8-b074-4479-bd2c-46da0ae8c43a@group-D9F9BF4B5168-SegmentedRaftLogWorker: flushIndex: setUnconditionally 0 -> -1
2022-11-04 13:16:40,713 [pool-118-thread-1] INFO  segmented.SegmentedRaftLogWorker (SegmentedRaftLogWorker.java:lambda$new$0(136)) - 6e1286b8-b074-4479-bd2c-46da0ae8c43a@group-D9F9BF4B5168-SegmentedRaftLogWorker: safeCacheEvictIndex: setUnconditionally 0 -> -1
2022-11-04 13:16:40,717 [pool-118-thread-1] INFO  server.RaftServer$Division (RaftServerImpl.java:start(334)) - 6e1286b8-b074-4479-bd2c-46da0ae8c43a@group-D9F9BF4B5168: start as a follower, conf=-1: peers:[c7cc2fe0-c6a0-4806-a89e-0e07a1727659|rpc:10.1.1.104:40287|priority:1|startupRole:FOLLOWER, 6e1286b8-b074-4479-bd2c-46da0ae8c43a|rpc:10.1.1.104:43531|priority:0|startupRole:FOLLOWER, 8d3760b1-f0ab-49a5-9c8a-a39ea99f9aab|rpc:10.1.1.104:40979|priority:0|startupRole:FOLLOWER]|listeners:[], old=null
2022-11-04 13:16:40,717 [pool-118-thread-1] INFO  server.RaftServer$Division (RaftServerImpl.java:setRole(321)) - 6e1286b8-b074-4479-bd2c-46da0ae8c43a@group-D9F9BF4B5168: changes role from      null to FOLLOWER at term 0 for startAsFollower
2022-11-04 13:16:40,717 [pool-118-thread-1] INFO  impl.RoleInfo (RoleInfo.java:updateAndGet(139)) - 6e1286b8-b074-4479-bd2c-46da0ae8c43a: start 6e1286b8-b074-4479-bd2c-46da0ae8c43a@group-D9F9BF4B5168-FollowerState
2022-11-04 13:16:40,720 [pool-118-thread-1] INFO  util.JmxRegister (JmxRegister.java:tryRegister(44)) - Successfully registered JMX Bean with object name Ratis:service=RaftServer,group=group-D9F9BF4B5168,id=6e1286b8-b074-4479-bd2c-46da0ae8c43a
2022-11-04 13:16:40,720 [pool-118-thread-1] INFO  server.RaftServerConfigKeys (ConfUtils.java:logGet(46)) - raft.server.snapshot.auto.trigger.enabled = true (custom)
2022-11-04 13:16:40,721 [pool-118-thread-1] INFO  server.RaftServerConfigKeys (ConfUtils.java:logGet(46)) - raft.server.snapshot.auto.trigger.threshold = 10000 (custom)
2022-11-04 13:16:40,721 [pool-118-thread-1] INFO  server.RaftServerConfigKeys (ConfUtils.java:logGet(46)) - raft.server.snapshot.retention.file.num = 5 (custom)
2022-11-04 13:16:40,721 [pool-118-thread-1] INFO  server.RaftServerConfigKeys (ConfUtils.java:logGet(46)) - raft.server.log.purge.upto.snapshot.index = false (default)
2022-11-04 13:16:40,724 [EventQueue-OpenPipelineForHealthyPipelineSafeModeRule] INFO  safemode.SCMSafeModeManager (HealthyPipelineSafeModeRule.java:process(137)) - SCM in safe mode. Healthy pipelines reported count is 0, required healthy pipeline reported count is 1
2022-11-04 13:16:40,729 [6e1286b8-b074-4479-bd2c-46da0ae8c43a@group-D9F9BF4B5168-FollowerState] INFO  server.RaftServerConfigKeys (ConfUtils.java:logFallback(53)) - raft.server.rpc.first-election.timeout.min = 5s (fallback to raft.server.rpc.timeout.min)
2022-11-04 13:16:40,729 [6e1286b8-b074-4479-bd2c-46da0ae8c43a@group-D9F9BF4B5168-FollowerState] INFO  server.RaftServerConfigKeys (ConfUtils.java:logFallback(53)) - raft.server.rpc.first-election.timeout.max = 5200ms (fallback to raft.server.rpc.timeout.max)
2022-11-04 13:16:40,729 [Command processor thread] INFO  ratis.XceiverServerRatis (XceiverServerRatis.java:addGroup(765)) - Created group PipelineID=2f318765-ecc8-4fba-a471-d9f9bf4b5168
2022-11-04 13:16:40,737 [Command processor thread] INFO  commandhandler.CreatePipelineCommandHandler (CreatePipelineCommandHandler.java:handle(113)) - Created Pipeline RATIS THREE PipelineID=3733acae-4637-413b-b21d-fa853d2a5168.
2022-11-04 13:16:40,737 [Command processor thread] INFO  server.RaftServer (RaftServerProxy.java:addNew(96)) - c7cc2fe0-c6a0-4806-a89e-0e07a1727659: addNew group-D9F9BF4B5168:[c7cc2fe0-c6a0-4806-a89e-0e07a1727659|rpc:10.1.1.104:40287|priority:1|startupRole:FOLLOWER, 6e1286b8-b074-4479-bd2c-46da0ae8c43a|rpc:10.1.1.104:43531|priority:0|startupRole:FOLLOWER, 8d3760b1-f0ab-49a5-9c8a-a39ea99f9aab|rpc:10.1.1.104:40979|priority:0|startupRole:FOLLOWER] returns group-D9F9BF4B5168:java.util.concurrent.CompletableFuture@50137e2e[Not completed]
2022-11-04 13:16:40,743 [pool-95-thread-1] INFO  server.RaftServer$Division (RaftServerImpl.java:<init>(195)) - c7cc2fe0-c6a0-4806-a89e-0e07a1727659: new RaftServerImpl for group-D9F9BF4B5168:[c7cc2fe0-c6a0-4806-a89e-0e07a1727659|rpc:10.1.1.104:40287|priority:1|startupRole:FOLLOWER, 6e1286b8-b074-4479-bd2c-46da0ae8c43a|rpc:10.1.1.104:43531|priority:0|startupRole:FOLLOWER, 8d3760b1-f0ab-49a5-9c8a-a39ea99f9aab|rpc:10.1.1.104:40979|priority:0|startupRole:FOLLOWER] with ContainerStateMachine:uninitialized
2022-11-04 13:16:40,743 [pool-95-thread-1] INFO  server.RaftServerConfigKeys (ConfUtils.java:logGet(46)) - raft.server.rpc.timeout.min = 5s (custom)
2022-11-04 13:16:40,743 [pool-95-thread-1] INFO  server.RaftServerConfigKeys (ConfUtils.java:logGet(46)) - raft.server.rpc.timeout.max = 5200ms (custom)
2022-11-04 13:16:40,743 [pool-95-thread-1] INFO  server.RaftServerConfigKeys (ConfUtils.java:logGet(46)) - raft.server.rpc.sleep.time = 25ms (default)
2022-11-04 13:16:40,743 [pool-95-thread-1] INFO  server.RaftServerConfigKeys (ConfUtils.java:logGet(46)) - raft.server.rpc.slowness.timeout = 300s (custom)
2022-11-04 13:16:40,743 [pool-95-thread-1] INFO  server.RaftServerConfigKeys (ConfUtils.java:logGet(46)) - raft.server.leaderelection.leader.step-down.wait-time = 10s (default)
2022-11-04 13:16:40,743 [pool-95-thread-1] INFO  server.RaftServerConfigKeys (ConfUtils.java:logGet(46)) - raft.server.sleep.deviation.threshold = 300ms (default)
2022-11-04 13:16:40,743 [pool-95-thread-1] INFO  server.RaftServer$Division (ServerState.java:<init>(118)) - c7cc2fe0-c6a0-4806-a89e-0e07a1727659@group-D9F9BF4B5168: ConfigurationManager, init=-1: peers:[c7cc2fe0-c6a0-4806-a89e-0e07a1727659|rpc:10.1.1.104:40287|priority:1|startupRole:FOLLOWER, 6e1286b8-b074-4479-bd2c-46da0ae8c43a|rpc:10.1.1.104:43531|priority:0|startupRole:FOLLOWER, 8d3760b1-f0ab-49a5-9c8a-a39ea99f9aab|rpc:10.1.1.104:40979|priority:0|startupRole:FOLLOWER]|listeners:[], old=null, confs=<EMPTY_MAP>
2022-11-04 13:16:40,743 [pool-95-thread-1] INFO  server.RaftServerConfigKeys (ConfUtils.java:logGet(46)) - raft.server.storage.dir = [/home/runner/work/ozone/ozone/hadoop-ozone/integration-test/target/test-dir/MiniOzoneClusterImpl-0c0bfa66-1f5b-4f11-9fe6-cbebe0503434/datanode-1/data/ratis] (custom)
2022-11-04 13:16:40,743 [pool-95-thread-1] INFO  server.RaftServerConfigKeys (ConfUtils.java:logGet(46)) - raft.server.log.corruption.policy = EXCEPTION (default)
2022-11-04 13:16:40,743 [pool-95-thread-1] INFO  server.RaftServerConfigKeys (ConfUtils.java:logGet(46)) - raft.server.storage.free-space.min = 0MB (=0) (default)
2022-11-04 13:16:40,743 [pool-95-thread-1] INFO  server.RaftServerConfigKeys (ConfUtils.java:logGet(46)) - raft.server.notification.no-leader.timeout = 300s (custom)
2022-11-04 13:16:40,743 [pool-95-thread-1] INFO  server.RaftServerConfigKeys (ConfUtils.java:logGet(46)) - raft.server.retrycache.expirytime = 600000ms (custom)
2022-11-04 13:16:40,743 [pool-95-thread-1] INFO  server.RaftServerConfigKeys (ConfUtils.java:logGet(46)) - raft.server.retrycache.statistics.expirytime = 100μs (default)
2022-11-04 13:16:40,746 [pool-95-thread-1] INFO  server.RaftServerConfigKeys (ConfUtils.java:logGet(46)) - raft.server.log.appender.install.snapshot.enabled = false (custom)
2022-11-04 13:16:40,746 [pool-95-thread-1] INFO  server.RaftServerConfigKeys (ConfUtils.java:logGet(46)) - raft.server.threadpool.server.cached = true (default)
2022-11-04 13:16:40,746 [pool-95-thread-1] INFO  server.RaftServerConfigKeys (ConfUtils.java:logGet(46)) - raft.server.threadpool.server.size = 0 (default)
2022-11-04 13:16:40,747 [pool-95-thread-1] INFO  server.RaftServerConfigKeys (ConfUtils.java:logGet(46)) - raft.server.threadpool.client.cached = true (default)
2022-11-04 13:16:40,747 [pool-95-thread-1] INFO  server.RaftServerConfigKeys (ConfUtils.java:logGet(46)) - raft.server.threadpool.client.size = 0 (default)
2022-11-04 13:16:40,747 [pool-95-thread-1] INFO  storage.RaftStorageDirectory (RaftStorageDirectoryImpl.java:analyzeStorage(137)) - The storage directory /home/runner/work/ozone/ozone/hadoop-ozone/integration-test/target/test-dir/MiniOzoneClusterImpl-0c0bfa66-1f5b-4f11-9fe6-cbebe0503434/datanode-1/data/ratis/2f318765-ecc8-4fba-a471-d9f9bf4b5168 does not exist. Creating ...
2022-11-04 13:16:40,751 [pool-95-thread-1] INFO  storage.RaftStorageDirectory (RaftStorageDirectoryImpl.java:tryLock(231)) - Lock on /home/runner/work/ozone/ozone/hadoop-ozone/integration-test/target/test-dir/MiniOzoneClusterImpl-0c0bfa66-1f5b-4f11-9fe6-cbebe0503434/datanode-1/data/ratis/2f318765-ecc8-4fba-a471-d9f9bf4b5168/in_use.lock acquired by nodename 14841@fv-az443-313
2022-11-04 13:16:40,757 [pool-95-thread-1] INFO  storage.RaftStorage (RaftStorageImpl.java:format(96)) - Storage directory /home/runner/work/ozone/ozone/hadoop-ozone/integration-test/target/test-dir/MiniOzoneClusterImpl-0c0bfa66-1f5b-4f11-9fe6-cbebe0503434/datanode-1/data/ratis/2f318765-ecc8-4fba-a471-d9f9bf4b5168 has been successfully formatted.
2022-11-04 13:16:40,758 [pool-95-thread-1] INFO  ratis.ContainerStateMachine (ContainerStateMachine.java:loadSnapshot(236)) - group-D9F9BF4B5168: The snapshot info is null. Setting the last applied indexto:(t:0, i:~)
2022-11-04 13:16:40,758 [pool-95-thread-1] INFO  server.RaftServerConfigKeys (ConfUtils.java:logGet(46)) - raft.server.log.use.memory = false (default)
2022-11-04 13:16:40,758 [pool-95-thread-1] INFO  server.RaftServerConfigKeys (ConfUtils.java:logGet(46)) - raft.server.log.purge.gap = 1000000 (custom)
2022-11-04 13:16:40,758 [pool-95-thread-1] INFO  server.RaftServerConfigKeys (ConfUtils.java:logGet(46)) - raft.server.log.appender.buffer.byte-limit = 33554432 (custom)
2022-11-04 13:16:40,758 [pool-95-thread-1] INFO  server.RaftServerConfigKeys (ConfUtils.java:logGet(46)) - raft.server.log.statemachine.data.read.timeout = 1000ms (default)
2022-11-04 13:16:40,758 [pool-95-thread-1] INFO  server.RaftServerConfigKeys (ConfUtils.java:logGet(46)) - raft.server.log.purge.preservation.log.num = 0 (default)
2022-11-04 13:16:40,759 [pool-95-thread-1] INFO  server.RaftServerConfigKeys (ConfUtils.java:logGet(46)) - raft.server.log.segment.size.max = 1048576 (custom)
2022-11-04 13:16:40,759 [pool-95-thread-1] INFO  server.RaftServerConfigKeys (ConfUtils.java:logGet(46)) - raft.server.log.segment.cache.num.max = 2 (custom)
2022-11-04 13:16:40,759 [pool-95-thread-1] INFO  server.RaftServerConfigKeys (ConfUtils.java:logGet(46)) - raft.server.log.segment.cache.size.max = 200MB (=209715200) (default)
2022-11-04 13:16:40,759 [pool-95-thread-1] INFO  segmented.SegmentedRaftLogWorker (SegmentedRaftLogWorker.java:<init>(191)) - new c7cc2fe0-c6a0-4806-a89e-0e07a1727659@group-D9F9BF4B5168-SegmentedRaftLogWorker for RaftStorageImpl:Storage Directory /home/runner/work/ozone/ozone/hadoop-ozone/integration-test/target/test-dir/MiniOzoneClusterImpl-0c0bfa66-1f5b-4f11-9fe6-cbebe0503434/datanode-1/data/ratis/2f318765-ecc8-4fba-a471-d9f9bf4b5168
2022-11-04 13:16:40,759 [pool-95-thread-1] INFO  server.RaftServerConfigKeys (ConfUtils.java:logGet(46)) - raft.server.log.queue.byte-limit = 4294967296 (custom)
2022-11-04 13:16:40,759 [pool-95-thread-1] INFO  server.RaftServerConfigKeys (ConfUtils.java:logGet(46)) - raft.server.log.queue.element-limit = 1024 (custom)
2022-11-04 13:16:40,759 [pool-95-thread-1] INFO  server.RaftServerConfigKeys (ConfUtils.java:logGet(46)) - raft.server.log.segment.size.max = 1048576 (custom)
2022-11-04 13:16:40,759 [pool-95-thread-1] INFO  server.RaftServerConfigKeys (ConfUtils.java:logGet(46)) - raft.server.log.preallocated.size = 16384 (custom)
2022-11-04 13:16:40,760 [pool-95-thread-1] INFO  server.RaftServerConfigKeys (ConfUtils.java:logGet(46)) - raft.server.log.force.sync.num = 128 (default)
2022-11-04 13:16:40,760 [pool-95-thread-1] INFO  server.RaftServerConfigKeys (ConfUtils.java:logGet(46)) - raft.server.log.statemachine.data.sync = true (default)
2022-11-04 13:16:40,760 [pool-95-thread-1] INFO  server.RaftServerConfigKeys (ConfUtils.java:logGet(46)) - raft.server.log.statemachine.data.sync.timeout = 10s (default)
2022-11-04 13:16:40,760 [pool-95-thread-1] INFO  server.RaftServerConfigKeys (ConfUtils.java:logGet(46)) - raft.server.log.statemachine.data.sync.timeout.retry = -1 (default)
2022-11-04 13:16:40,761 [pool-95-thread-1] INFO  server.RaftServerConfigKeys (ConfUtils.java:logGet(46)) - raft.server.log.write.buffer.size = 1048576 (custom)
2022-11-04 13:16:40,762 [pool-95-thread-1] INFO  server.RaftServerConfigKeys (ConfUtils.java:logGet(46)) - raft.server.log.unsafe-flush.enabled = false (default)
2022-11-04 13:16:40,762 [pool-95-thread-1] INFO  server.RaftServerConfigKeys (ConfUtils.java:logGet(46)) - raft.server.log.async-flush.enabled = false (default)
2022-11-04 13:16:40,762 [pool-95-thread-1] INFO  server.RaftServerConfigKeys (ConfUtils.java:logGet(46)) - raft.server.log.statemachine.data.caching.enabled = true (custom)
2022-11-04 13:16:40,762 [pool-95-thread-1] INFO  segmented.SegmentedRaftLogWorker (SegmentedRaftLogWorker.java:lambda$new$0(136)) - c7cc2fe0-c6a0-4806-a89e-0e07a1727659@group-D9F9BF4B5168-SegmentedRaftLogWorker: flushIndex: setUnconditionally 0 -> -1
2022-11-04 13:16:40,762 [pool-95-thread-1] INFO  segmented.SegmentedRaftLogWorker (SegmentedRaftLogWorker.java:lambda$new$0(136)) - c7cc2fe0-c6a0-4806-a89e-0e07a1727659@group-D9F9BF4B5168-SegmentedRaftLogWorker: safeCacheEvictIndex: setUnconditionally 0 -> -1
2022-11-04 13:16:40,764 [pool-95-thread-1] INFO  server.RaftServer$Division (RaftServerImpl.java:start(334)) - c7cc2fe0-c6a0-4806-a89e-0e07a1727659@group-D9F9BF4B5168: start as a follower, conf=-1: peers:[c7cc2fe0-c6a0-4806-a89e-0e07a1727659|rpc:10.1.1.104:40287|priority:1|startupRole:FOLLOWER, 6e1286b8-b074-4479-bd2c-46da0ae8c43a|rpc:10.1.1.104:43531|priority:0|startupRole:FOLLOWER, 8d3760b1-f0ab-49a5-9c8a-a39ea99f9aab|rpc:10.1.1.104:40979|priority:0|startupRole:FOLLOWER]|listeners:[], old=null
2022-11-04 13:16:40,764 [pool-95-thread-1] INFO  server.RaftServer$Division (RaftServerImpl.java:setRole(321)) - c7cc2fe0-c6a0-4806-a89e-0e07a1727659@group-D9F9BF4B5168: changes role from      null to FOLLOWER at term 0 for startAsFollower
2022-11-04 13:16:40,764 [pool-95-thread-1] INFO  impl.RoleInfo (RoleInfo.java:updateAndGet(139)) - c7cc2fe0-c6a0-4806-a89e-0e07a1727659: start c7cc2fe0-c6a0-4806-a89e-0e07a1727659@group-D9F9BF4B5168-FollowerState
2022-11-04 13:16:40,773 [EventQueue-OpenPipelineForHealthyPipelineSafeModeRule] INFO  safemode.SCMSafeModeManager (HealthyPipelineSafeModeRule.java:process(137)) - SCM in safe mode. Healthy pipelines reported count is 0, required healthy pipeline reported count is 1
2022-11-04 13:16:40,783 [c7cc2fe0-c6a0-4806-a89e-0e07a1727659@group-D9F9BF4B5168-FollowerState] INFO  server.RaftServerConfigKeys (ConfUtils.java:logFallback(53)) - raft.server.rpc.first-election.timeout.min = 5s (fallback to raft.server.rpc.timeout.min)
2022-11-04 13:16:40,784 [c7cc2fe0-c6a0-4806-a89e-0e07a1727659@group-D9F9BF4B5168-FollowerState] INFO  server.RaftServerConfigKeys (ConfUtils.java:logFallback(53)) - raft.server.rpc.first-election.timeout.max = 5200ms (fallback to raft.server.rpc.timeout.max)
2022-11-04 13:16:40,784 [pool-95-thread-1] INFO  util.JmxRegister (JmxRegister.java:tryRegister(44)) - Successfully registered JMX Bean with object name Ratis:service=RaftServer,group=group-D9F9BF4B5168,id=c7cc2fe0-c6a0-4806-a89e-0e07a1727659
2022-11-04 13:16:40,785 [pool-95-thread-1] INFO  server.RaftServerConfigKeys (ConfUtils.java:logGet(46)) - raft.server.snapshot.auto.trigger.enabled = true (custom)
2022-11-04 13:16:40,785 [pool-95-thread-1] INFO  server.RaftServerConfigKeys (ConfUtils.java:logGet(46)) - raft.server.snapshot.auto.trigger.threshold = 10000 (custom)
2022-11-04 13:16:40,785 [pool-95-thread-1] INFO  server.RaftServerConfigKeys (ConfUtils.java:logGet(46)) - raft.server.snapshot.retention.file.num = 5 (custom)
2022-11-04 13:16:40,785 [pool-95-thread-1] INFO  server.RaftServerConfigKeys (ConfUtils.java:logGet(46)) - raft.server.log.purge.upto.snapshot.index = false (default)
2022-11-04 13:16:40,792 [Command processor thread] INFO  ratis.XceiverServerRatis (XceiverServerRatis.java:addGroup(765)) - Created group PipelineID=2f318765-ecc8-4fba-a471-d9f9bf4b5168
2022-11-04 13:16:40,867 [Command processor thread] INFO  commandhandler.CreatePipelineCommandHandler (CreatePipelineCommandHandler.java:handle(113)) - Created Pipeline RATIS THREE PipelineID=3733acae-4637-413b-b21d-fa853d2a5168.
2022-11-04 13:16:40,867 [Command processor thread] INFO  server.RaftServer (RaftServerProxy.java:addNew(96)) - 8d3760b1-f0ab-49a5-9c8a-a39ea99f9aab: addNew group-D9F9BF4B5168:[c7cc2fe0-c6a0-4806-a89e-0e07a1727659|rpc:10.1.1.104:40287|priority:1|startupRole:FOLLOWER, 6e1286b8-b074-4479-bd2c-46da0ae8c43a|rpc:10.1.1.104:43531|priority:0|startupRole:FOLLOWER, 8d3760b1-f0ab-49a5-9c8a-a39ea99f9aab|rpc:10.1.1.104:40979|priority:0|startupRole:FOLLOWER] returns group-D9F9BF4B5168:java.util.concurrent.CompletableFuture@2f544a4a[Not completed]
2022-11-04 13:16:40,869 [pool-72-thread-1] INFO  server.RaftServer$Division (RaftServerImpl.java:<init>(195)) - 8d3760b1-f0ab-49a5-9c8a-a39ea99f9aab: new RaftServerImpl for group-D9F9BF4B5168:[c7cc2fe0-c6a0-4806-a89e-0e07a1727659|rpc:10.1.1.104:40287|priority:1|startupRole:FOLLOWER, 6e1286b8-b074-4479-bd2c-46da0ae8c43a|rpc:10.1.1.104:43531|priority:0|startupRole:FOLLOWER, 8d3760b1-f0ab-49a5-9c8a-a39ea99f9aab|rpc:10.1.1.104:40979|priority:0|startupRole:FOLLOWER] with ContainerStateMachine:uninitialized
2022-11-04 13:16:40,869 [pool-72-thread-1] INFO  server.RaftServerConfigKeys (ConfUtils.java:logGet(46)) - raft.server.rpc.timeout.min = 5s (custom)
2022-11-04 13:16:40,869 [pool-72-thread-1] INFO  server.RaftServerConfigKeys (ConfUtils.java:logGet(46)) - raft.server.rpc.timeout.max = 5200ms (custom)
2022-11-04 13:16:40,869 [pool-72-thread-1] INFO  server.RaftServerConfigKeys (ConfUtils.java:logGet(46)) - raft.server.rpc.sleep.time = 25ms (default)
2022-11-04 13:16:40,869 [pool-72-thread-1] INFO  server.RaftServerConfigKeys (ConfUtils.java:logGet(46)) - raft.server.rpc.slowness.timeout = 300s (custom)
2022-11-04 13:16:40,869 [pool-72-thread-1] INFO  server.RaftServerConfigKeys (ConfUtils.java:logGet(46)) - raft.server.leaderelection.leader.step-down.wait-time = 10s (default)
2022-11-04 13:16:40,870 [pool-72-thread-1] INFO  server.RaftServerConfigKeys (ConfUtils.java:logGet(46)) - raft.server.sleep.deviation.threshold = 300ms (default)
2022-11-04 13:16:40,870 [pool-72-thread-1] INFO  server.RaftServer$Division (ServerState.java:<init>(118)) - 8d3760b1-f0ab-49a5-9c8a-a39ea99f9aab@group-D9F9BF4B5168: ConfigurationManager, init=-1: peers:[c7cc2fe0-c6a0-4806-a89e-0e07a1727659|rpc:10.1.1.104:40287|priority:1|startupRole:FOLLOWER, 6e1286b8-b074-4479-bd2c-46da0ae8c43a|rpc:10.1.1.104:43531|priority:0|startupRole:FOLLOWER, 8d3760b1-f0ab-49a5-9c8a-a39ea99f9aab|rpc:10.1.1.104:40979|priority:0|startupRole:FOLLOWER]|listeners:[], old=null, confs=<EMPTY_MAP>
2022-11-04 13:16:40,870 [pool-72-thread-1] INFO  server.RaftServerConfigKeys (ConfUtils.java:logGet(46)) - raft.server.storage.dir = [/home/runner/work/ozone/ozone/hadoop-ozone/integration-test/target/test-dir/MiniOzoneClusterImpl-0c0bfa66-1f5b-4f11-9fe6-cbebe0503434/datanode-0/data/ratis] (custom)
2022-11-04 13:16:40,870 [pool-72-thread-1] INFO  server.RaftServerConfigKeys (ConfUtils.java:logGet(46)) - raft.server.log.corruption.policy = EXCEPTION (default)
2022-11-04 13:16:40,872 [pool-72-thread-1] INFO  server.RaftServerConfigKeys (ConfUtils.java:logGet(46)) - raft.server.storage.free-space.min = 0MB (=0) (default)
2022-11-04 13:16:40,872 [pool-72-thread-1] INFO  server.RaftServerConfigKeys (ConfUtils.java:logGet(46)) - raft.server.notification.no-leader.timeout = 300s (custom)
2022-11-04 13:16:40,872 [pool-72-thread-1] INFO  server.RaftServerConfigKeys (ConfUtils.java:logGet(46)) - raft.server.retrycache.expirytime = 600000ms (custom)
2022-11-04 13:16:40,873 [pool-72-thread-1] INFO  server.RaftServerConfigKeys (ConfUtils.java:logGet(46)) - raft.server.retrycache.statistics.expirytime = 100μs (default)
2022-11-04 13:16:40,874 [pool-72-thread-1] INFO  server.RaftServerConfigKeys (ConfUtils.java:logGet(46)) - raft.server.log.appender.install.snapshot.enabled = false (custom)
2022-11-04 13:16:40,874 [pool-72-thread-1] INFO  server.RaftServerConfigKeys (ConfUtils.java:logGet(46)) - raft.server.threadpool.server.cached = true (default)
2022-11-04 13:16:40,874 [pool-72-thread-1] INFO  server.RaftServerConfigKeys (ConfUtils.java:logGet(46)) - raft.server.threadpool.server.size = 0 (default)
2022-11-04 13:16:40,874 [pool-72-thread-1] INFO  server.RaftServerConfigKeys (ConfUtils.java:logGet(46)) - raft.server.threadpool.client.cached = true (default)
2022-11-04 13:16:40,874 [pool-72-thread-1] INFO  server.RaftServerConfigKeys (ConfUtils.java:logGet(46)) - raft.server.threadpool.client.size = 0 (default)
2022-11-04 13:16:40,874 [pool-72-thread-1] INFO  storage.RaftStorageDirectory (RaftStorageDirectoryImpl.java:analyzeStorage(137)) - The storage directory /home/runner/work/ozone/ozone/hadoop-ozone/integration-test/target/test-dir/MiniOzoneClusterImpl-0c0bfa66-1f5b-4f11-9fe6-cbebe0503434/datanode-0/data/ratis/2f318765-ecc8-4fba-a471-d9f9bf4b5168 does not exist. Creating ...
2022-11-04 13:16:40,881 [pool-72-thread-1] INFO  storage.RaftStorageDirectory (RaftStorageDirectoryImpl.java:tryLock(231)) - Lock on /home/runner/work/ozone/ozone/hadoop-ozone/integration-test/target/test-dir/MiniOzoneClusterImpl-0c0bfa66-1f5b-4f11-9fe6-cbebe0503434/datanode-0/data/ratis/2f318765-ecc8-4fba-a471-d9f9bf4b5168/in_use.lock acquired by nodename 14841@fv-az443-313
2022-11-04 13:16:40,884 [Command processor thread] INFO  server.RaftServer (RaftServerProxy.java:addNew(96)) - 18b69636-199d-46b1-a155-faec2a9e6e92: addNew group-7B1B130E40C3:[18b69636-199d-46b1-a155-faec2a9e6e92|rpc:10.1.1.104:40753|priority:1|startupRole:FOLLOWER] returns group-7B1B130E40C3:java.util.concurrent.CompletableFuture@1ec17854[Not completed]
2022-11-04 13:16:40,887 [pool-72-thread-1] INFO  storage.RaftStorage (RaftStorageImpl.java:format(96)) - Storage directory /home/runner/work/ozone/ozone/hadoop-ozone/integration-test/target/test-dir/MiniOzoneClusterImpl-0c0bfa66-1f5b-4f11-9fe6-cbebe0503434/datanode-0/data/ratis/2f318765-ecc8-4fba-a471-d9f9bf4b5168 has been successfully formatted.
2022-11-04 13:16:40,887 [pool-72-thread-1] INFO  ratis.ContainerStateMachine (ContainerStateMachine.java:loadSnapshot(236)) - group-D9F9BF4B5168: The snapshot info is null. Setting the last applied indexto:(t:0, i:~)
2022-11-04 13:16:40,887 [pool-72-thread-1] INFO  server.RaftServerConfigKeys (ConfUtils.java:logGet(46)) - raft.server.log.use.memory = false (default)
2022-11-04 13:16:40,887 [pool-72-thread-1] INFO  server.RaftServerConfigKeys (ConfUtils.java:logGet(46)) - raft.server.log.purge.gap = 1000000 (custom)
2022-11-04 13:16:40,887 [pool-72-thread-1] INFO  server.RaftServerConfigKeys (ConfUtils.java:logGet(46)) - raft.server.log.appender.buffer.byte-limit = 33554432 (custom)
2022-11-04 13:16:40,887 [pool-72-thread-1] INFO  server.RaftServerConfigKeys (ConfUtils.java:logGet(46)) - raft.server.log.statemachine.data.read.timeout = 1000ms (default)
2022-11-04 13:16:40,887 [pool-72-thread-1] INFO  server.RaftServerConfigKeys (ConfUtils.java:logGet(46)) - raft.server.log.purge.preservation.log.num = 0 (default)
2022-11-04 13:16:40,887 [pool-72-thread-1] INFO  server.RaftServerConfigKeys (ConfUtils.java:logGet(46)) - raft.server.log.segment.size.max = 1048576 (custom)
2022-11-04 13:16:40,887 [pool-141-thread-1] INFO  server.RaftServer$Division (RaftServerImpl.java:<init>(195)) - 18b69636-199d-46b1-a155-faec2a9e6e92: new RaftServerImpl for group-7B1B130E40C3:[18b69636-199d-46b1-a155-faec2a9e6e92|rpc:10.1.1.104:40753|priority:1|startupRole:FOLLOWER] with ContainerStateMachine:uninitialized
2022-11-04 13:16:40,888 [pool-141-thread-1] INFO  server.RaftServerConfigKeys (ConfUtils.java:logGet(46)) - raft.server.rpc.timeout.min = 5s (custom)
2022-11-04 13:16:40,888 [pool-141-thread-1] INFO  server.RaftServerConfigKeys (ConfUtils.java:logGet(46)) - raft.server.rpc.timeout.max = 5200ms (custom)
2022-11-04 13:16:40,888 [pool-141-thread-1] INFO  server.RaftServerConfigKeys (ConfUtils.java:logGet(46)) - raft.server.rpc.sleep.time = 25ms (default)
2022-11-04 13:16:40,888 [pool-141-thread-1] INFO  server.RaftServerConfigKeys (ConfUtils.java:logGet(46)) - raft.server.rpc.slowness.timeout = 300s (custom)
2022-11-04 13:16:40,888 [pool-141-thread-1] INFO  server.RaftServerConfigKeys (ConfUtils.java:logGet(46)) - raft.server.leaderelection.leader.step-down.wait-time = 10s (default)
2022-11-04 13:16:40,888 [pool-72-thread-1] INFO  server.RaftServerConfigKeys (ConfUtils.java:logGet(46)) - raft.server.log.segment.cache.num.max = 2 (custom)
2022-11-04 13:16:40,888 [pool-72-thread-1] INFO  server.RaftServerConfigKeys (ConfUtils.java:logGet(46)) - raft.server.log.segment.cache.size.max = 200MB (=209715200) (default)
2022-11-04 13:16:40,888 [pool-72-thread-1] INFO  segmented.SegmentedRaftLogWorker (SegmentedRaftLogWorker.java:<init>(191)) - new 8d3760b1-f0ab-49a5-9c8a-a39ea99f9aab@group-D9F9BF4B5168-SegmentedRaftLogWorker for RaftStorageImpl:Storage Directory /home/runner/work/ozone/ozone/hadoop-ozone/integration-test/target/test-dir/MiniOzoneClusterImpl-0c0bfa66-1f5b-4f11-9fe6-cbebe0503434/datanode-0/data/ratis/2f318765-ecc8-4fba-a471-d9f9bf4b5168
2022-11-04 13:16:40,888 [pool-72-thread-1] INFO  server.RaftServerConfigKeys (ConfUtils.java:logGet(46)) - raft.server.log.queue.byte-limit = 4294967296 (custom)
2022-11-04 13:16:40,888 [pool-72-thread-1] INFO  server.RaftServerConfigKeys (ConfUtils.java:logGet(46)) - raft.server.log.queue.element-limit = 1024 (custom)
2022-11-04 13:16:40,888 [pool-141-thread-1] INFO  server.RaftServerConfigKeys (ConfUtils.java:logGet(46)) - raft.server.sleep.deviation.threshold = 300ms (default)
2022-11-04 13:16:40,889 [pool-141-thread-1] INFO  server.RaftServer$Division (ServerState.java:<init>(118)) - 18b69636-199d-46b1-a155-faec2a9e6e92@group-7B1B130E40C3: ConfigurationManager, init=-1: peers:[18b69636-199d-46b1-a155-faec2a9e6e92|rpc:10.1.1.104:40753|priority:1|startupRole:FOLLOWER]|listeners:[], old=null, confs=<EMPTY_MAP>
2022-11-04 13:16:40,889 [pool-141-thread-1] INFO  server.RaftServerConfigKeys (ConfUtils.java:logGet(46)) - raft.server.storage.dir = [/home/runner/work/ozone/ozone/hadoop-ozone/integration-test/target/test-dir/MiniOzoneClusterImpl-0c0bfa66-1f5b-4f11-9fe6-cbebe0503434/datanode-3/data/ratis] (custom)
2022-11-04 13:16:40,890 [EventQueue-OpenPipelineForHealthyPipelineSafeModeRule] INFO  safemode.SCMSafeModeManager (HealthyPipelineSafeModeRule.java:process(137)) - SCM in safe mode. Healthy pipelines reported count is 0, required healthy pipeline reported count is 1
2022-11-04 13:16:40,890 [pool-141-thread-1] INFO  server.RaftServerConfigKeys (ConfUtils.java:logGet(46)) - raft.server.log.corruption.policy = EXCEPTION (default)
2022-11-04 13:16:40,890 [pool-141-thread-1] INFO  server.RaftServerConfigKeys (ConfUtils.java:logGet(46)) - raft.server.storage.free-space.min = 0MB (=0) (default)
2022-11-04 13:16:40,890 [pool-141-thread-1] INFO  server.RaftServerConfigKeys (ConfUtils.java:logGet(46)) - raft.server.notification.no-leader.timeout = 300s (custom)
2022-11-04 13:16:40,890 [pool-141-thread-1] INFO  server.RaftServerConfigKeys (ConfUtils.java:logGet(46)) - raft.server.retrycache.expirytime = 600000ms (custom)
2022-11-04 13:16:40,890 [pool-141-thread-1] INFO  server.RaftServerConfigKeys (ConfUtils.java:logGet(46)) - raft.server.retrycache.statistics.expirytime = 100μs (default)
2022-11-04 13:16:40,889 [pool-72-thread-1] INFO  server.RaftServerConfigKeys (ConfUtils.java:logGet(46)) - raft.server.log.segment.size.max = 1048576 (custom)
2022-11-04 13:16:40,890 [pool-72-thread-1] INFO  server.RaftServerConfigKeys (ConfUtils.java:logGet(46)) - raft.server.log.preallocated.size = 16384 (custom)
2022-11-04 13:16:40,891 [pool-72-thread-1] INFO  server.RaftServerConfigKeys (ConfUtils.java:logGet(46)) - raft.server.log.force.sync.num = 128 (default)
2022-11-04 13:16:40,891 [pool-72-thread-1] INFO  server.RaftServerConfigKeys (ConfUtils.java:logGet(46)) - raft.server.log.statemachine.data.sync = true (default)
2022-11-04 13:16:40,891 [pool-72-thread-1] INFO  server.RaftServerConfigKeys (ConfUtils.java:logGet(46)) - raft.server.log.statemachine.data.sync.timeout = 10s (default)
2022-11-04 13:16:40,891 [pool-72-thread-1] INFO  server.RaftServerConfigKeys (ConfUtils.java:logGet(46)) - raft.server.log.statemachine.data.sync.timeout.retry = -1 (default)
2022-11-04 13:16:40,892 [pool-72-thread-1] INFO  server.RaftServerConfigKeys (ConfUtils.java:logGet(46)) - raft.server.log.write.buffer.size = 1048576 (custom)
2022-11-04 13:16:40,892 [pool-72-thread-1] INFO  server.RaftServerConfigKeys (ConfUtils.java:logGet(46)) - raft.server.log.unsafe-flush.enabled = false (default)
2022-11-04 13:16:40,892 [pool-72-thread-1] INFO  server.RaftServerConfigKeys (ConfUtils.java:logGet(46)) - raft.server.log.async-flush.enabled = false (default)
2022-11-04 13:16:40,892 [pool-72-thread-1] INFO  server.RaftServerConfigKeys (ConfUtils.java:logGet(46)) - raft.server.log.statemachine.data.caching.enabled = true (custom)
2022-11-04 13:16:40,892 [pool-72-thread-1] INFO  segmented.SegmentedRaftLogWorker (SegmentedRaftLogWorker.java:lambda$new$0(136)) - 8d3760b1-f0ab-49a5-9c8a-a39ea99f9aab@group-D9F9BF4B5168-SegmentedRaftLogWorker: flushIndex: setUnconditionally 0 -> -1
2022-11-04 13:16:40,893 [pool-72-thread-1] INFO  segmented.SegmentedRaftLogWorker (SegmentedRaftLogWorker.java:lambda$new$0(136)) - 8d3760b1-f0ab-49a5-9c8a-a39ea99f9aab@group-D9F9BF4B5168-SegmentedRaftLogWorker: safeCacheEvictIndex: setUnconditionally 0 -> -1
2022-11-04 13:16:40,895 [pool-72-thread-1] INFO  server.RaftServer$Division (RaftServerImpl.java:start(334)) - 8d3760b1-f0ab-49a5-9c8a-a39ea99f9aab@group-D9F9BF4B5168: start as a follower, conf=-1: peers:[c7cc2fe0-c6a0-4806-a89e-0e07a1727659|rpc:10.1.1.104:40287|priority:1|startupRole:FOLLOWER, 6e1286b8-b074-4479-bd2c-46da0ae8c43a|rpc:10.1.1.104:43531|priority:0|startupRole:FOLLOWER, 8d3760b1-f0ab-49a5-9c8a-a39ea99f9aab|rpc:10.1.1.104:40979|priority:0|startupRole:FOLLOWER]|listeners:[], old=null
2022-11-04 13:16:40,895 [pool-72-thread-1] INFO  server.RaftServer$Division (RaftServerImpl.java:setRole(321)) - 8d3760b1-f0ab-49a5-9c8a-a39ea99f9aab@group-D9F9BF4B5168: changes role from      null to FOLLOWER at term 0 for startAsFollower
2022-11-04 13:16:40,895 [pool-72-thread-1] INFO  impl.RoleInfo (RoleInfo.java:updateAndGet(139)) - 8d3760b1-f0ab-49a5-9c8a-a39ea99f9aab: start 8d3760b1-f0ab-49a5-9c8a-a39ea99f9aab@group-D9F9BF4B5168-FollowerState
2022-11-04 13:16:40,899 [pool-72-thread-1] INFO  util.JmxRegister (JmxRegister.java:tryRegister(44)) - Successfully registered JMX Bean with object name Ratis:service=RaftServer,group=group-D9F9BF4B5168,id=8d3760b1-f0ab-49a5-9c8a-a39ea99f9aab
2022-11-04 13:16:40,899 [pool-72-thread-1] INFO  server.RaftServerConfigKeys (ConfUtils.java:logGet(46)) - raft.server.snapshot.auto.trigger.enabled = true (custom)
2022-11-04 13:16:40,899 [pool-72-thread-1] INFO  server.RaftServerConfigKeys (ConfUtils.java:logGet(46)) - raft.server.snapshot.auto.trigger.threshold = 10000 (custom)
2022-11-04 13:16:40,899 [pool-72-thread-1] INFO  server.RaftServerConfigKeys (ConfUtils.java:logGet(46)) - raft.server.snapshot.retention.file.num = 5 (custom)
2022-11-04 13:16:40,899 [pool-72-thread-1] INFO  server.RaftServerConfigKeys (ConfUtils.java:logGet(46)) - raft.server.log.purge.upto.snapshot.index = false (default)
2022-11-04 13:16:40,900 [8d3760b1-f0ab-49a5-9c8a-a39ea99f9aab@group-D9F9BF4B5168-FollowerState] INFO  server.RaftServerConfigKeys (ConfUtils.java:logFallback(53)) - raft.server.rpc.first-election.timeout.min = 5s (fallback to raft.server.rpc.timeout.min)
2022-11-04 13:16:40,900 [8d3760b1-f0ab-49a5-9c8a-a39ea99f9aab@group-D9F9BF4B5168-FollowerState] INFO  server.RaftServerConfigKeys (ConfUtils.java:logFallback(53)) - raft.server.rpc.first-election.timeout.max = 5200ms (fallback to raft.server.rpc.timeout.max)
2022-11-04 13:16:40,916 [pool-141-thread-1] INFO  server.RaftServerConfigKeys (ConfUtils.java:logGet(46)) - raft.server.log.appender.install.snapshot.enabled = false (custom)
2022-11-04 13:16:40,916 [pool-141-thread-1] INFO  server.RaftServerConfigKeys (ConfUtils.java:logGet(46)) - raft.server.threadpool.server.cached = true (default)
2022-11-04 13:16:40,916 [pool-141-thread-1] INFO  server.RaftServerConfigKeys (ConfUtils.java:logGet(46)) - raft.server.threadpool.server.size = 0 (default)
2022-11-04 13:16:40,916 [pool-141-thread-1] INFO  server.RaftServerConfigKeys (ConfUtils.java:logGet(46)) - raft.server.threadpool.client.cached = true (default)
2022-11-04 13:16:40,916 [pool-141-thread-1] INFO  server.RaftServerConfigKeys (ConfUtils.java:logGet(46)) - raft.server.threadpool.client.size = 0 (default)
2022-11-04 13:16:40,916 [pool-141-thread-1] INFO  storage.RaftStorageDirectory (RaftStorageDirectoryImpl.java:analyzeStorage(137)) - The storage directory /home/runner/work/ozone/ozone/hadoop-ozone/integration-test/target/test-dir/MiniOzoneClusterImpl-0c0bfa66-1f5b-4f11-9fe6-cbebe0503434/datanode-3/data/ratis/01bfd09c-578b-4d59-a453-7b1b130e40c3 does not exist. Creating ...
2022-11-04 13:16:40,918 [Command processor thread] INFO  ratis.XceiverServerRatis (XceiverServerRatis.java:addGroup(765)) - Created group PipelineID=2f318765-ecc8-4fba-a471-d9f9bf4b5168
2022-11-04 13:16:40,921 [pool-141-thread-1] INFO  storage.RaftStorageDirectory (RaftStorageDirectoryImpl.java:tryLock(231)) - Lock on /home/runner/work/ozone/ozone/hadoop-ozone/integration-test/target/test-dir/MiniOzoneClusterImpl-0c0bfa66-1f5b-4f11-9fe6-cbebe0503434/datanode-3/data/ratis/01bfd09c-578b-4d59-a453-7b1b130e40c3/in_use.lock acquired by nodename 14841@fv-az443-313
2022-11-04 13:16:40,923 [pool-141-thread-1] INFO  storage.RaftStorage (RaftStorageImpl.java:format(96)) - Storage directory /home/runner/work/ozone/ozone/hadoop-ozone/integration-test/target/test-dir/MiniOzoneClusterImpl-0c0bfa66-1f5b-4f11-9fe6-cbebe0503434/datanode-3/data/ratis/01bfd09c-578b-4d59-a453-7b1b130e40c3 has been successfully formatted.
2022-11-04 13:16:40,924 [pool-141-thread-1] INFO  ratis.ContainerStateMachine (ContainerStateMachine.java:loadSnapshot(236)) - group-7B1B130E40C3: The snapshot info is null. Setting the last applied indexto:(t:0, i:~)
2022-11-04 13:16:40,924 [pool-141-thread-1] INFO  server.RaftServerConfigKeys (ConfUtils.java:logGet(46)) - raft.server.log.use.memory = false (default)
2022-11-04 13:16:40,924 [pool-141-thread-1] INFO  server.RaftServerConfigKeys (ConfUtils.java:logGet(46)) - raft.server.log.purge.gap = 1000000 (custom)
2022-11-04 13:16:40,924 [pool-141-thread-1] INFO  server.RaftServerConfigKeys (ConfUtils.java:logGet(46)) - raft.server.log.appender.buffer.byte-limit = 33554432 (custom)
2022-11-04 13:16:40,924 [pool-141-thread-1] INFO  server.RaftServerConfigKeys (ConfUtils.java:logGet(46)) - raft.server.log.statemachine.data.read.timeout = 1000ms (default)
2022-11-04 13:16:40,924 [pool-141-thread-1] INFO  server.RaftServerConfigKeys (ConfUtils.java:logGet(46)) - raft.server.log.purge.preservation.log.num = 0 (default)
2022-11-04 13:16:40,924 [pool-141-thread-1] INFO  server.RaftServerConfigKeys (ConfUtils.java:logGet(46)) - raft.server.log.segment.size.max = 1048576 (custom)
2022-11-04 13:16:40,925 [pool-141-thread-1] INFO  server.RaftServerConfigKeys (ConfUtils.java:logGet(46)) - raft.server.log.segment.cache.num.max = 2 (custom)
2022-11-04 13:16:40,925 [pool-141-thread-1] INFO  server.RaftServerConfigKeys (ConfUtils.java:logGet(46)) - raft.server.log.segment.cache.size.max = 200MB (=209715200) (default)
2022-11-04 13:16:40,925 [pool-141-thread-1] INFO  segmented.SegmentedRaftLogWorker (SegmentedRaftLogWorker.java:<init>(191)) - new 18b69636-199d-46b1-a155-faec2a9e6e92@group-7B1B130E40C3-SegmentedRaftLogWorker for RaftStorageImpl:Storage Directory /home/runner/work/ozone/ozone/hadoop-ozone/integration-test/target/test-dir/MiniOzoneClusterImpl-0c0bfa66-1f5b-4f11-9fe6-cbebe0503434/datanode-3/data/ratis/01bfd09c-578b-4d59-a453-7b1b130e40c3
2022-11-04 13:16:40,925 [pool-141-thread-1] INFO  server.RaftServerConfigKeys (ConfUtils.java:logGet(46)) - raft.server.log.queue.byte-limit = 4294967296 (custom)
2022-11-04 13:16:40,925 [pool-141-thread-1] INFO  server.RaftServerConfigKeys (ConfUtils.java:logGet(46)) - raft.server.log.queue.element-limit = 1024 (custom)
2022-11-04 13:16:40,925 [pool-141-thread-1] INFO  server.RaftServerConfigKeys (ConfUtils.java:logGet(46)) - raft.server.log.segment.size.max = 1048576 (custom)
2022-11-04 13:16:40,925 [pool-141-thread-1] INFO  server.RaftServerConfigKeys (ConfUtils.java:logGet(46)) - raft.server.log.preallocated.size = 16384 (custom)
2022-11-04 13:16:40,925 [pool-141-thread-1] INFO  server.RaftServerConfigKeys (ConfUtils.java:logGet(46)) - raft.server.log.force.sync.num = 128 (default)
2022-11-04 13:16:40,925 [pool-141-thread-1] INFO  server.RaftServerConfigKeys (ConfUtils.java:logGet(46)) - raft.server.log.statemachine.data.sync = true (default)
2022-11-04 13:16:40,925 [pool-141-thread-1] INFO  server.RaftServerConfigKeys (ConfUtils.java:logGet(46)) - raft.server.log.statemachine.data.sync.timeout = 10s (default)
2022-11-04 13:16:40,925 [pool-141-thread-1] INFO  server.RaftServerConfigKeys (ConfUtils.java:logGet(46)) - raft.server.log.statemachine.data.sync.timeout.retry = -1 (default)
2022-11-04 13:16:40,925 [EventQueue-PipelineReportForPipelineReportHandler] INFO  pipeline.PipelineManagerImpl (PipelineManagerImpl.java:openPipeline(367)) - Pipeline Pipeline[ Id: 01bfd09c-578b-4d59-a453-7b1b130e40c3, Nodes: 18b69636-199d-46b1-a155-faec2a9e6e92{ip: 10.1.1.104, host: fv-az443-313.ap2fcshprsnunfx25e1aelzb4b.cx.internal.cloudapp.net, ports: [REPLICATION=33747, RATIS=40753, RATIS_ADMIN=40753, RATIS_SERVER=40753, STANDALONE=36937], networkLocation: /default-rack, certSerialId: null, persistedOpState: IN_SERVICE, persistedOpStateExpiryEpochSec: 0}, ReplicationConfig: RATIS/ONE, State:ALLOCATED, leaderId:18b69636-199d-46b1-a155-faec2a9e6e92, CreationTimestamp2022-11-04T13:16:37.871Z[Etc/UTC]] moved to OPEN state
2022-11-04 13:16:40,926 [EventQueue-OpenPipelineForHealthyPipelineSafeModeRule] INFO  safemode.SCMSafeModeManager (HealthyPipelineSafeModeRule.java:process(137)) - SCM in safe mode. Healthy pipelines reported count is 0, required healthy pipeline reported count is 1
2022-11-04 13:16:40,928 [pool-141-thread-1] INFO  server.RaftServerConfigKeys (ConfUtils.java:logGet(46)) - raft.server.log.write.buffer.size = 1048576 (custom)
2022-11-04 13:16:40,934 [pool-141-thread-1] INFO  server.RaftServerConfigKeys (ConfUtils.java:logGet(46)) - raft.server.log.unsafe-flush.enabled = false (default)
2022-11-04 13:16:40,935 [pool-141-thread-1] INFO  server.RaftServerConfigKeys (ConfUtils.java:logGet(46)) - raft.server.log.async-flush.enabled = false (default)
2022-11-04 13:16:40,935 [pool-141-thread-1] INFO  server.RaftServerConfigKeys (ConfUtils.java:logGet(46)) - raft.server.log.statemachine.data.caching.enabled = true (custom)
2022-11-04 13:16:40,935 [pool-141-thread-1] INFO  segmented.SegmentedRaftLogWorker (SegmentedRaftLogWorker.java:lambda$new$0(136)) - 18b69636-199d-46b1-a155-faec2a9e6e92@group-7B1B130E40C3-SegmentedRaftLogWorker: flushIndex: setUnconditionally 0 -> -1
2022-11-04 13:16:40,935 [pool-141-thread-1] INFO  segmented.SegmentedRaftLogWorker (SegmentedRaftLogWorker.java:lambda$new$0(136)) - 18b69636-199d-46b1-a155-faec2a9e6e92@group-7B1B130E40C3-SegmentedRaftLogWorker: safeCacheEvictIndex: setUnconditionally 0 -> -1
2022-11-04 13:16:40,938 [pool-141-thread-1] INFO  server.RaftServer$Division (RaftServerImpl.java:start(334)) - 18b69636-199d-46b1-a155-faec2a9e6e92@group-7B1B130E40C3: start as a follower, conf=-1: peers:[18b69636-199d-46b1-a155-faec2a9e6e92|rpc:10.1.1.104:40753|priority:1|startupRole:FOLLOWER]|listeners:[], old=null
2022-11-04 13:16:40,938 [pool-141-thread-1] INFO  server.RaftServer$Division (RaftServerImpl.java:setRole(321)) - 18b69636-199d-46b1-a155-faec2a9e6e92@group-7B1B130E40C3: changes role from      null to FOLLOWER at term 0 for startAsFollower
2022-11-04 13:16:40,938 [pool-141-thread-1] INFO  impl.RoleInfo (RoleInfo.java:updateAndGet(139)) - 18b69636-199d-46b1-a155-faec2a9e6e92: start 18b69636-199d-46b1-a155-faec2a9e6e92@group-7B1B130E40C3-FollowerState
2022-11-04 13:16:40,940 [pool-141-thread-1] INFO  util.JmxRegister (JmxRegister.java:tryRegister(44)) - Successfully registered JMX Bean with object name Ratis:service=RaftServer,group=group-7B1B130E40C3,id=18b69636-199d-46b1-a155-faec2a9e6e92
2022-11-04 13:16:40,940 [pool-141-thread-1] INFO  server.RaftServerConfigKeys (ConfUtils.java:logGet(46)) - raft.server.snapshot.auto.trigger.enabled = true (custom)
2022-11-04 13:16:40,941 [pool-141-thread-1] INFO  server.RaftServerConfigKeys (ConfUtils.java:logGet(46)) - raft.server.snapshot.auto.trigger.threshold = 10000 (custom)
2022-11-04 13:16:40,941 [pool-141-thread-1] INFO  server.RaftServerConfigKeys (ConfUtils.java:logGet(46)) - raft.server.snapshot.retention.file.num = 5 (custom)
2022-11-04 13:16:40,941 [pool-141-thread-1] INFO  server.RaftServerConfigKeys (ConfUtils.java:logGet(46)) - raft.server.log.purge.upto.snapshot.index = false (default)
2022-11-04 13:16:40,941 [18b69636-199d-46b1-a155-faec2a9e6e92@group-7B1B130E40C3-FollowerState] INFO  server.RaftServerConfigKeys (ConfUtils.java:logFallback(53)) - raft.server.rpc.first-election.timeout.min = 5s (fallback to raft.server.rpc.timeout.min)
2022-11-04 13:16:40,942 [18b69636-199d-46b1-a155-faec2a9e6e92@group-7B1B130E40C3-FollowerState] INFO  server.RaftServerConfigKeys (ConfUtils.java:logFallback(53)) - raft.server.rpc.first-election.timeout.max = 5200ms (fallback to raft.server.rpc.timeout.max)
2022-11-04 13:16:40,949 [Command processor thread] INFO  ratis.XceiverServerRatis (XceiverServerRatis.java:addGroup(765)) - Created group PipelineID=01bfd09c-578b-4d59-a453-7b1b130e40c3
2022-11-04 13:16:40,951 [Command processor thread] INFO  commandhandler.CreatePipelineCommandHandler (CreatePipelineCommandHandler.java:handle(113)) - Created Pipeline RATIS ONE PipelineID=01bfd09c-578b-4d59-a453-7b1b130e40c3.
2022-11-04 13:16:40,952 [Command processor thread] INFO  server.RaftServer (RaftServerProxy.java:addNew(96)) - 18b69636-199d-46b1-a155-faec2a9e6e92: addNew group-D39F9C32CD8E:[18b69636-199d-46b1-a155-faec2a9e6e92|rpc:10.1.1.104:40753|priority:0|startupRole:FOLLOWER, 47355ef6-248e-415d-99d1-f00ca16e1642|rpc:10.1.1.104:43613|priority:1|startupRole:FOLLOWER, 99050580-db91-402e-a30b-7426b5391f3a|rpc:10.1.1.104:40645|priority:0|startupRole:FOLLOWER] returns group-D39F9C32CD8E:java.util.concurrent.CompletableFuture@1afeff54[Not completed]
2022-11-04 13:16:40,952 [Command processor thread] INFO  commandhandler.CreatePipelineCommandHandler (CreatePipelineCommandHandler.java:handle(113)) - Created Pipeline RATIS THREE PipelineID=2f318765-ecc8-4fba-a471-d9f9bf4b5168.
2022-11-04 13:16:40,957 [pool-141-thread-1] INFO  server.RaftServer$Division (RaftServerImpl.java:<init>(195)) - 18b69636-199d-46b1-a155-faec2a9e6e92: new RaftServerImpl for group-D39F9C32CD8E:[18b69636-199d-46b1-a155-faec2a9e6e92|rpc:10.1.1.104:40753|priority:0|startupRole:FOLLOWER, 47355ef6-248e-415d-99d1-f00ca16e1642|rpc:10.1.1.104:43613|priority:1|startupRole:FOLLOWER, 99050580-db91-402e-a30b-7426b5391f3a|rpc:10.1.1.104:40645|priority:0|startupRole:FOLLOWER] with ContainerStateMachine:uninitialized
2022-11-04 13:16:40,958 [pool-141-thread-1] INFO  server.RaftServerConfigKeys (ConfUtils.java:logGet(46)) - raft.server.rpc.timeout.min = 5s (custom)
2022-11-04 13:16:40,958 [pool-141-thread-1] INFO  server.RaftServerConfigKeys (ConfUtils.java:logGet(46)) - raft.server.rpc.timeout.max = 5200ms (custom)
2022-11-04 13:16:40,958 [pool-141-thread-1] INFO  server.RaftServerConfigKeys (ConfUtils.java:logGet(46)) - raft.server.rpc.sleep.time = 25ms (default)
2022-11-04 13:16:40,958 [pool-141-thread-1] INFO  server.RaftServerConfigKeys (ConfUtils.java:logGet(46)) - raft.server.rpc.slowness.timeout = 300s (custom)
2022-11-04 13:16:40,959 [pool-141-thread-1] INFO  server.RaftServerConfigKeys (ConfUtils.java:logGet(46)) - raft.server.leaderelection.leader.step-down.wait-time = 10s (default)
2022-11-04 13:16:40,959 [pool-141-thread-1] INFO  server.RaftServerConfigKeys (ConfUtils.java:logGet(46)) - raft.server.sleep.deviation.threshold = 300ms (default)
2022-11-04 13:16:40,959 [pool-141-thread-1] INFO  server.RaftServer$Division (ServerState.java:<init>(118)) - 18b69636-199d-46b1-a155-faec2a9e6e92@group-D39F9C32CD8E: ConfigurationManager, init=-1: peers:[18b69636-199d-46b1-a155-faec2a9e6e92|rpc:10.1.1.104:40753|priority:0|startupRole:FOLLOWER, 47355ef6-248e-415d-99d1-f00ca16e1642|rpc:10.1.1.104:43613|priority:1|startupRole:FOLLOWER, 99050580-db91-402e-a30b-7426b5391f3a|rpc:10.1.1.104:40645|priority:0|startupRole:FOLLOWER]|listeners:[], old=null, confs=<EMPTY_MAP>
2022-11-04 13:16:40,959 [pool-141-thread-1] INFO  server.RaftServerConfigKeys (ConfUtils.java:logGet(46)) - raft.server.storage.dir = [/home/runner/work/ozone/ozone/hadoop-ozone/integration-test/target/test-dir/MiniOzoneClusterImpl-0c0bfa66-1f5b-4f11-9fe6-cbebe0503434/datanode-3/data/ratis] (custom)
2022-11-04 13:16:40,959 [pool-141-thread-1] INFO  server.RaftServerConfigKeys (ConfUtils.java:logGet(46)) - raft.server.log.corruption.policy = EXCEPTION (default)
2022-11-04 13:16:40,959 [pool-141-thread-1] INFO  server.RaftServerConfigKeys (ConfUtils.java:logGet(46)) - raft.server.storage.free-space.min = 0MB (=0) (default)
2022-11-04 13:16:40,959 [pool-141-thread-1] INFO  server.RaftServerConfigKeys (ConfUtils.java:logGet(46)) - raft.server.notification.no-leader.timeout = 300s (custom)
2022-11-04 13:16:40,959 [pool-141-thread-1] INFO  server.RaftServerConfigKeys (ConfUtils.java:logGet(46)) - raft.server.retrycache.expirytime = 600000ms (custom)
2022-11-04 13:16:40,959 [pool-141-thread-1] INFO  server.RaftServerConfigKeys (ConfUtils.java:logGet(46)) - raft.server.retrycache.statistics.expirytime = 100μs (default)
2022-11-04 13:16:40,960 [pool-141-thread-1] INFO  server.RaftServerConfigKeys (ConfUtils.java:logGet(46)) - raft.server.log.appender.install.snapshot.enabled = false (custom)
2022-11-04 13:16:40,960 [pool-141-thread-1] INFO  server.RaftServerConfigKeys (ConfUtils.java:logGet(46)) - raft.server.threadpool.server.cached = true (default)
2022-11-04 13:16:40,960 [pool-141-thread-1] INFO  server.RaftServerConfigKeys (ConfUtils.java:logGet(46)) - raft.server.threadpool.server.size = 0 (default)
2022-11-04 13:16:40,961 [pool-141-thread-1] INFO  server.RaftServerConfigKeys (ConfUtils.java:logGet(46)) - raft.server.threadpool.client.cached = true (default)
2022-11-04 13:16:40,961 [pool-141-thread-1] INFO  server.RaftServerConfigKeys (ConfUtils.java:logGet(46)) - raft.server.threadpool.client.size = 0 (default)
2022-11-04 13:16:40,961 [pool-141-thread-1] INFO  storage.RaftStorageDirectory (RaftStorageDirectoryImpl.java:analyzeStorage(137)) - The storage directory /home/runner/work/ozone/ozone/hadoop-ozone/integration-test/target/test-dir/MiniOzoneClusterImpl-0c0bfa66-1f5b-4f11-9fe6-cbebe0503434/datanode-3/data/ratis/cc3fb77a-ab95-4649-9bbb-d39f9c32cd8e does not exist. Creating ...
2022-11-04 13:16:40,962 [pool-141-thread-1] INFO  storage.RaftStorageDirectory (RaftStorageDirectoryImpl.java:tryLock(231)) - Lock on /home/runner/work/ozone/ozone/hadoop-ozone/integration-test/target/test-dir/MiniOzoneClusterImpl-0c0bfa66-1f5b-4f11-9fe6-cbebe0503434/datanode-3/data/ratis/cc3fb77a-ab95-4649-9bbb-d39f9c32cd8e/in_use.lock acquired by nodename 14841@fv-az443-313
2022-11-04 13:16:40,964 [pool-141-thread-1] INFO  storage.RaftStorage (RaftStorageImpl.java:format(96)) - Storage directory /home/runner/work/ozone/ozone/hadoop-ozone/integration-test/target/test-dir/MiniOzoneClusterImpl-0c0bfa66-1f5b-4f11-9fe6-cbebe0503434/datanode-3/data/ratis/cc3fb77a-ab95-4649-9bbb-d39f9c32cd8e has been successfully formatted.
2022-11-04 13:16:40,965 [pool-141-thread-1] INFO  ratis.ContainerStateMachine (ContainerStateMachine.java:loadSnapshot(236)) - group-D39F9C32CD8E: The snapshot info is null. Setting the last applied indexto:(t:0, i:~)
2022-11-04 13:16:40,965 [pool-141-thread-1] INFO  server.RaftServerConfigKeys (ConfUtils.java:logGet(46)) - raft.server.log.use.memory = false (default)
2022-11-04 13:16:40,965 [pool-141-thread-1] INFO  server.RaftServerConfigKeys (ConfUtils.java:logGet(46)) - raft.server.log.purge.gap = 1000000 (custom)
2022-11-04 13:16:40,965 [pool-141-thread-1] INFO  server.RaftServerConfigKeys (ConfUtils.java:logGet(46)) - raft.server.log.appender.buffer.byte-limit = 33554432 (custom)
2022-11-04 13:16:40,965 [pool-141-thread-1] INFO  server.RaftServerConfigKeys (ConfUtils.java:logGet(46)) - raft.server.log.statemachine.data.read.timeout = 1000ms (default)
2022-11-04 13:16:40,965 [pool-141-thread-1] INFO  server.RaftServerConfigKeys (ConfUtils.java:logGet(46)) - raft.server.log.purge.preservation.log.num = 0 (default)
2022-11-04 13:16:40,966 [pool-141-thread-1] INFO  server.RaftServerConfigKeys (ConfUtils.java:logGet(46)) - raft.server.log.segment.size.max = 1048576 (custom)
2022-11-04 13:16:40,966 [pool-141-thread-1] INFO  server.RaftServerConfigKeys (ConfUtils.java:logGet(46)) - raft.server.log.segment.cache.num.max = 2 (custom)
2022-11-04 13:16:40,966 [pool-141-thread-1] INFO  server.RaftServerConfigKeys (ConfUtils.java:logGet(46)) - raft.server.log.segment.cache.size.max = 200MB (=209715200) (default)
2022-11-04 13:16:40,966 [pool-141-thread-1] INFO  segmented.SegmentedRaftLogWorker (SegmentedRaftLogWorker.java:<init>(191)) - new 18b69636-199d-46b1-a155-faec2a9e6e92@group-D39F9C32CD8E-SegmentedRaftLogWorker for RaftStorageImpl:Storage Directory /home/runner/work/ozone/ozone/hadoop-ozone/integration-test/target/test-dir/MiniOzoneClusterImpl-0c0bfa66-1f5b-4f11-9fe6-cbebe0503434/datanode-3/data/ratis/cc3fb77a-ab95-4649-9bbb-d39f9c32cd8e
2022-11-04 13:16:40,966 [pool-141-thread-1] INFO  server.RaftServerConfigKeys (ConfUtils.java:logGet(46)) - raft.server.log.queue.byte-limit = 4294967296 (custom)
2022-11-04 13:16:40,966 [pool-141-thread-1] INFO  server.RaftServerConfigKeys (ConfUtils.java:logGet(46)) - raft.server.log.queue.element-limit = 1024 (custom)
2022-11-04 13:16:40,966 [pool-141-thread-1] INFO  server.RaftServerConfigKeys (ConfUtils.java:logGet(46)) - raft.server.log.segment.size.max = 1048576 (custom)
2022-11-04 13:16:40,966 [pool-141-thread-1] INFO  server.RaftServerConfigKeys (ConfUtils.java:logGet(46)) - raft.server.log.preallocated.size = 16384 (custom)
2022-11-04 13:16:40,966 [pool-141-thread-1] INFO  server.RaftServerConfigKeys (ConfUtils.java:logGet(46)) - raft.server.log.force.sync.num = 128 (default)
2022-11-04 13:16:40,966 [pool-141-thread-1] INFO  server.RaftServerConfigKeys (ConfUtils.java:logGet(46)) - raft.server.log.statemachine.data.sync = true (default)
2022-11-04 13:16:40,966 [EventQueue-OpenPipelineForHealthyPipelineSafeModeRule] INFO  safemode.SCMSafeModeManager (HealthyPipelineSafeModeRule.java:process(137)) - SCM in safe mode. Healthy pipelines reported count is 0, required healthy pipeline reported count is 1
2022-11-04 13:16:40,967 [pool-141-thread-1] INFO  server.RaftServerConfigKeys (ConfUtils.java:logGet(46)) - raft.server.log.statemachine.data.sync.timeout = 10s (default)
2022-11-04 13:16:40,969 [pool-141-thread-1] INFO  server.RaftServerConfigKeys (ConfUtils.java:logGet(46)) - raft.server.log.statemachine.data.sync.timeout.retry = -1 (default)
2022-11-04 13:16:40,970 [pool-141-thread-1] INFO  server.RaftServerConfigKeys (ConfUtils.java:logGet(46)) - raft.server.log.write.buffer.size = 1048576 (custom)
2022-11-04 13:16:40,973 [pool-141-thread-1] INFO  server.RaftServerConfigKeys (ConfUtils.java:logGet(46)) - raft.server.log.unsafe-flush.enabled = false (default)
2022-11-04 13:16:40,973 [pool-141-thread-1] INFO  server.RaftServerConfigKeys (ConfUtils.java:logGet(46)) - raft.server.log.async-flush.enabled = false (default)
2022-11-04 13:16:40,973 [pool-141-thread-1] INFO  server.RaftServerConfigKeys (ConfUtils.java:logGet(46)) - raft.server.log.statemachine.data.caching.enabled = true (custom)
2022-11-04 13:16:40,974 [pool-141-thread-1] INFO  segmented.SegmentedRaftLogWorker (SegmentedRaftLogWorker.java:lambda$new$0(136)) - 18b69636-199d-46b1-a155-faec2a9e6e92@group-D39F9C32CD8E-SegmentedRaftLogWorker: flushIndex: setUnconditionally 0 -> -1
2022-11-04 13:16:40,974 [pool-141-thread-1] INFO  segmented.SegmentedRaftLogWorker (SegmentedRaftLogWorker.java:lambda$new$0(136)) - 18b69636-199d-46b1-a155-faec2a9e6e92@group-D39F9C32CD8E-SegmentedRaftLogWorker: safeCacheEvictIndex: setUnconditionally 0 -> -1
2022-11-04 13:16:40,976 [pool-141-thread-1] INFO  server.RaftServer$Division (RaftServerImpl.java:start(334)) - 18b69636-199d-46b1-a155-faec2a9e6e92@group-D39F9C32CD8E: start as a follower, conf=-1: peers:[18b69636-199d-46b1-a155-faec2a9e6e92|rpc:10.1.1.104:40753|priority:0|startupRole:FOLLOWER, 47355ef6-248e-415d-99d1-f00ca16e1642|rpc:10.1.1.104:43613|priority:1|startupRole:FOLLOWER, 99050580-db91-402e-a30b-7426b5391f3a|rpc:10.1.1.104:40645|priority:0|startupRole:FOLLOWER]|listeners:[], old=null
2022-11-04 13:16:40,976 [pool-141-thread-1] INFO  server.RaftServer$Division (RaftServerImpl.java:setRole(321)) - 18b69636-199d-46b1-a155-faec2a9e6e92@group-D39F9C32CD8E: changes role from      null to FOLLOWER at term 0 for startAsFollower
2022-11-04 13:16:40,976 [pool-141-thread-1] INFO  impl.RoleInfo (RoleInfo.java:updateAndGet(139)) - 18b69636-199d-46b1-a155-faec2a9e6e92: start 18b69636-199d-46b1-a155-faec2a9e6e92@group-D39F9C32CD8E-FollowerState
2022-11-04 13:16:40,992 [pool-141-thread-1] INFO  util.JmxRegister (JmxRegister.java:tryRegister(44)) - Successfully registered JMX Bean with object name Ratis:service=RaftServer,group=group-D39F9C32CD8E,id=18b69636-199d-46b1-a155-faec2a9e6e92
2022-11-04 13:16:40,992 [pool-141-thread-1] INFO  server.RaftServerConfigKeys (ConfUtils.java:logGet(46)) - raft.server.snapshot.auto.trigger.enabled = true (custom)
2022-11-04 13:16:40,993 [pool-141-thread-1] INFO  server.RaftServerConfigKeys (ConfUtils.java:logGet(46)) - raft.server.snapshot.auto.trigger.threshold = 10000 (custom)
2022-11-04 13:16:40,993 [pool-141-thread-1] INFO  server.RaftServerConfigKeys (ConfUtils.java:logGet(46)) - raft.server.snapshot.retention.file.num = 5 (custom)
2022-11-04 13:16:40,993 [pool-141-thread-1] INFO  server.RaftServerConfigKeys (ConfUtils.java:logGet(46)) - raft.server.log.purge.upto.snapshot.index = false (default)
2022-11-04 13:16:40,994 [18b69636-199d-46b1-a155-faec2a9e6e92@group-D39F9C32CD8E-FollowerState] INFO  server.RaftServerConfigKeys (ConfUtils.java:logFallback(53)) - raft.server.rpc.first-election.timeout.min = 5s (fallback to raft.server.rpc.timeout.min)
2022-11-04 13:16:40,994 [18b69636-199d-46b1-a155-faec2a9e6e92@group-D39F9C32CD8E-FollowerState] INFO  server.RaftServerConfigKeys (ConfUtils.java:logFallback(53)) - raft.server.rpc.first-election.timeout.max = 5200ms (fallback to raft.server.rpc.timeout.max)
2022-11-04 13:16:40,996 [Command processor thread] INFO  ratis.XceiverServerRatis (XceiverServerRatis.java:addGroup(765)) - Created group PipelineID=cc3fb77a-ab95-4649-9bbb-d39f9c32cd8e
2022-11-04 13:16:41,022 [Listener at 127.0.0.1/35095] INFO  ozone.MiniOzoneClusterImpl (MiniOzoneClusterImpl.java:lambda$waitForClusterToBeReady$0(216)) - Nodes are ready. Got 10 of 10 DN Heartbeats.
2022-11-04 13:16:41,022 [Listener at 127.0.0.1/35095] INFO  ozone.MiniOzoneClusterImpl (MiniOzoneClusterImpl.java:lambda$waitForClusterToBeReady$0(219)) - Waiting for cluster to exit safe mode
2022-11-04 13:16:41,022 [Listener at 127.0.0.1/35095] INFO  ozone.MiniOzoneClusterImpl (MiniOzoneClusterImpl.java:lambda$waitForClusterToBeReady$0(221)) - SCM became leader
2022-11-04 13:16:41,023 [Command processor thread] INFO  commandhandler.CreatePipelineCommandHandler (CreatePipelineCommandHandler.java:handle(113)) - Created Pipeline RATIS THREE PipelineID=2f318765-ecc8-4fba-a471-d9f9bf4b5168.
2022-11-04 13:16:41,038 [grpc-default-executor-1] INFO  server.RaftServer (RaftServerProxy.java:addNew(96)) - 99050580-db91-402e-a30b-7426b5391f3a: addNew group-D39F9C32CD8E:[18b69636-199d-46b1-a155-faec2a9e6e92|rpc:10.1.1.104:40753|dataStream:|priority:0|startupRole:FOLLOWER, 47355ef6-248e-415d-99d1-f00ca16e1642|rpc:10.1.1.104:43613|dataStream:|priority:1|startupRole:FOLLOWER, 99050580-db91-402e-a30b-7426b5391f3a|rpc:10.1.1.104:40645|dataStream:|priority:0|startupRole:FOLLOWER] returns group-D39F9C32CD8E:java.util.concurrent.CompletableFuture@58d4d941[Not completed]
2022-11-04 13:16:41,047 [pool-187-thread-1] INFO  server.RaftServer$Division (RaftServerImpl.java:<init>(195)) - 99050580-db91-402e-a30b-7426b5391f3a: new RaftServerImpl for group-D39F9C32CD8E:[18b69636-199d-46b1-a155-faec2a9e6e92|rpc:10.1.1.104:40753|dataStream:|priority:0|startupRole:FOLLOWER, 47355ef6-248e-415d-99d1-f00ca16e1642|rpc:10.1.1.104:43613|dataStream:|priority:1|startupRole:FOLLOWER, 99050580-db91-402e-a30b-7426b5391f3a|rpc:10.1.1.104:40645|dataStream:|priority:0|startupRole:FOLLOWER] with ContainerStateMachine:uninitialized
2022-11-04 13:16:41,047 [pool-187-thread-1] INFO  server.RaftServerConfigKeys (ConfUtils.java:logGet(46)) - raft.server.rpc.timeout.min = 5s (custom)
2022-11-04 13:16:41,047 [pool-187-thread-1] INFO  server.RaftServerConfigKeys (ConfUtils.java:logGet(46)) - raft.server.rpc.timeout.max = 5200ms (custom)
2022-11-04 13:16:41,047 [pool-187-thread-1] INFO  server.RaftServerConfigKeys (ConfUtils.java:logGet(46)) - raft.server.rpc.sleep.time = 25ms (default)
2022-11-04 13:16:41,047 [pool-187-thread-1] INFO  server.RaftServerConfigKeys (ConfUtils.java:logGet(46)) - raft.server.rpc.slowness.timeout = 300s (custom)
2022-11-04 13:16:41,047 [pool-187-thread-1] INFO  server.RaftServerConfigKeys (ConfUtils.java:logGet(46)) - raft.server.leaderelection.leader.step-down.wait-time = 10s (default)
2022-11-04 13:16:41,047 [pool-187-thread-1] INFO  server.RaftServerConfigKeys (ConfUtils.java:logGet(46)) - raft.server.sleep.deviation.threshold = 300ms (default)
2022-11-04 13:16:41,049 [pool-187-thread-1] INFO  server.RaftServer$Division (ServerState.java:<init>(118)) - 99050580-db91-402e-a30b-7426b5391f3a@group-D39F9C32CD8E: ConfigurationManager, init=-1: peers:[18b69636-199d-46b1-a155-faec2a9e6e92|rpc:10.1.1.104:40753|dataStream:|priority:0|startupRole:FOLLOWER, 47355ef6-248e-415d-99d1-f00ca16e1642|rpc:10.1.1.104:43613|dataStream:|priority:1|startupRole:FOLLOWER, 99050580-db91-402e-a30b-7426b5391f3a|rpc:10.1.1.104:40645|dataStream:|priority:0|startupRole:FOLLOWER]|listeners:[], old=null, confs=<EMPTY_MAP>
2022-11-04 13:16:41,049 [pool-187-thread-1] INFO  server.RaftServerConfigKeys (ConfUtils.java:logGet(46)) - raft.server.storage.dir = [/home/runner/work/ozone/ozone/hadoop-ozone/integration-test/target/test-dir/MiniOzoneClusterImpl-0c0bfa66-1f5b-4f11-9fe6-cbebe0503434/datanode-5/data/ratis] (custom)
2022-11-04 13:16:41,049 [pool-187-thread-1] INFO  server.RaftServerConfigKeys (ConfUtils.java:logGet(46)) - raft.server.log.corruption.policy = EXCEPTION (default)
2022-11-04 13:16:41,049 [pool-187-thread-1] INFO  server.RaftServerConfigKeys (ConfUtils.java:logGet(46)) - raft.server.storage.free-space.min = 0MB (=0) (default)
2022-11-04 13:16:41,049 [pool-187-thread-1] INFO  server.RaftServerConfigKeys (ConfUtils.java:logGet(46)) - raft.server.notification.no-leader.timeout = 300s (custom)
2022-11-04 13:16:41,049 [pool-187-thread-1] INFO  server.RaftServerConfigKeys (ConfUtils.java:logGet(46)) - raft.server.retrycache.expirytime = 600000ms (custom)
2022-11-04 13:16:41,050 [pool-187-thread-1] INFO  server.RaftServerConfigKeys (ConfUtils.java:logGet(46)) - raft.server.retrycache.statistics.expirytime = 100μs (default)
2022-11-04 13:16:41,061 [Command processor thread] INFO  commandhandler.CreatePipelineCommandHandler (CreatePipelineCommandHandler.java:handle(113)) - Created Pipeline RATIS THREE PipelineID=2f318765-ecc8-4fba-a471-d9f9bf4b5168.
2022-11-04 13:16:41,064 [pool-187-thread-1] INFO  server.RaftServerConfigKeys (ConfUtils.java:logGet(46)) - raft.server.log.appender.install.snapshot.enabled = false (custom)
2022-11-04 13:16:41,064 [pool-187-thread-1] INFO  server.RaftServerConfigKeys (ConfUtils.java:logGet(46)) - raft.server.threadpool.server.cached = true (default)
2022-11-04 13:16:41,064 [pool-187-thread-1] INFO  server.RaftServerConfigKeys (ConfUtils.java:logGet(46)) - raft.server.threadpool.server.size = 0 (default)
2022-11-04 13:16:41,064 [pool-187-thread-1] INFO  server.RaftServerConfigKeys (ConfUtils.java:logGet(46)) - raft.server.threadpool.client.cached = true (default)
2022-11-04 13:16:41,064 [pool-187-thread-1] INFO  server.RaftServerConfigKeys (ConfUtils.java:logGet(46)) - raft.server.threadpool.client.size = 0 (default)
2022-11-04 13:16:41,065 [pool-187-thread-1] INFO  storage.RaftStorageDirectory (RaftStorageDirectoryImpl.java:analyzeStorage(137)) - The storage directory /home/runner/work/ozone/ozone/hadoop-ozone/integration-test/target/test-dir/MiniOzoneClusterImpl-0c0bfa66-1f5b-4f11-9fe6-cbebe0503434/datanode-5/data/ratis/cc3fb77a-ab95-4649-9bbb-d39f9c32cd8e does not exist. Creating ...
2022-11-04 13:16:41,067 [pool-187-thread-1] INFO  storage.RaftStorageDirectory (RaftStorageDirectoryImpl.java:tryLock(231)) - Lock on /home/runner/work/ozone/ozone/hadoop-ozone/integration-test/target/test-dir/MiniOzoneClusterImpl-0c0bfa66-1f5b-4f11-9fe6-cbebe0503434/datanode-5/data/ratis/cc3fb77a-ab95-4649-9bbb-d39f9c32cd8e/in_use.lock acquired by nodename 14841@fv-az443-313
2022-11-04 13:16:41,068 [pool-187-thread-1] INFO  storage.RaftStorage (RaftStorageImpl.java:format(96)) - Storage directory /home/runner/work/ozone/ozone/hadoop-ozone/integration-test/target/test-dir/MiniOzoneClusterImpl-0c0bfa66-1f5b-4f11-9fe6-cbebe0503434/datanode-5/data/ratis/cc3fb77a-ab95-4649-9bbb-d39f9c32cd8e has been successfully formatted.
2022-11-04 13:16:41,071 [pool-187-thread-1] INFO  ratis.ContainerStateMachine (ContainerStateMachine.java:loadSnapshot(236)) - group-D39F9C32CD8E: The snapshot info is null. Setting the last applied indexto:(t:0, i:~)
2022-11-04 13:16:41,071 [pool-187-thread-1] INFO  server.RaftServerConfigKeys (ConfUtils.java:logGet(46)) - raft.server.log.use.memory = false (default)
2022-11-04 13:16:41,071 [pool-187-thread-1] INFO  server.RaftServerConfigKeys (ConfUtils.java:logGet(46)) - raft.server.log.purge.gap = 1000000 (custom)
2022-11-04 13:16:41,071 [pool-187-thread-1] INFO  server.RaftServerConfigKeys (ConfUtils.java:logGet(46)) - raft.server.log.appender.buffer.byte-limit = 33554432 (custom)
2022-11-04 13:16:41,071 [pool-187-thread-1] INFO  server.RaftServerConfigKeys (ConfUtils.java:logGet(46)) - raft.server.log.statemachine.data.read.timeout = 1000ms (default)
2022-11-04 13:16:41,071 [pool-187-thread-1] INFO  server.RaftServerConfigKeys (ConfUtils.java:logGet(46)) - raft.server.log.purge.preservation.log.num = 0 (default)
2022-11-04 13:16:41,072 [pool-187-thread-1] INFO  server.RaftServerConfigKeys (ConfUtils.java:logGet(46)) - raft.server.log.segment.size.max = 1048576 (custom)
2022-11-04 13:16:41,073 [pool-187-thread-1] INFO  server.RaftServerConfigKeys (ConfUtils.java:logGet(46)) - raft.server.log.segment.cache.num.max = 2 (custom)
2022-11-04 13:16:41,073 [pool-187-thread-1] INFO  server.RaftServerConfigKeys (ConfUtils.java:logGet(46)) - raft.server.log.segment.cache.size.max = 200MB (=209715200) (default)
2022-11-04 13:16:41,073 [pool-187-thread-1] INFO  segmented.SegmentedRaftLogWorker (SegmentedRaftLogWorker.java:<init>(191)) - new 99050580-db91-402e-a30b-7426b5391f3a@group-D39F9C32CD8E-SegmentedRaftLogWorker for RaftStorageImpl:Storage Directory /home/runner/work/ozone/ozone/hadoop-ozone/integration-test/target/test-dir/MiniOzoneClusterImpl-0c0bfa66-1f5b-4f11-9fe6-cbebe0503434/datanode-5/data/ratis/cc3fb77a-ab95-4649-9bbb-d39f9c32cd8e
2022-11-04 13:16:41,073 [pool-187-thread-1] INFO  server.RaftServerConfigKeys (ConfUtils.java:logGet(46)) - raft.server.log.queue.byte-limit = 4294967296 (custom)
2022-11-04 13:16:41,073 [pool-187-thread-1] INFO  server.RaftServerConfigKeys (ConfUtils.java:logGet(46)) - raft.server.log.queue.element-limit = 1024 (custom)
2022-11-04 13:16:41,073 [pool-187-thread-1] INFO  server.RaftServerConfigKeys (ConfUtils.java:logGet(46)) - raft.server.log.segment.size.max = 1048576 (custom)
2022-11-04 13:16:41,074 [pool-187-thread-1] INFO  server.RaftServerConfigKeys (ConfUtils.java:logGet(46)) - raft.server.log.preallocated.size = 16384 (custom)
2022-11-04 13:16:41,074 [pool-187-thread-1] INFO  server.RaftServerConfigKeys (ConfUtils.java:logGet(46)) - raft.server.log.force.sync.num = 128 (default)
2022-11-04 13:16:41,074 [pool-187-thread-1] INFO  server.RaftServerConfigKeys (ConfUtils.java:logGet(46)) - raft.server.log.statemachine.data.sync = true (default)
2022-11-04 13:16:41,074 [pool-187-thread-1] INFO  server.RaftServerConfigKeys (ConfUtils.java:logGet(46)) - raft.server.log.statemachine.data.sync.timeout = 10s (default)
2022-11-04 13:16:41,074 [pool-187-thread-1] INFO  server.RaftServerConfigKeys (ConfUtils.java:logGet(46)) - raft.server.log.statemachine.data.sync.timeout.retry = -1 (default)
2022-11-04 13:16:41,076 [pool-187-thread-1] INFO  server.RaftServerConfigKeys (ConfUtils.java:logGet(46)) - raft.server.log.write.buffer.size = 1048576 (custom)
2022-11-04 13:16:41,077 [pool-187-thread-1] INFO  server.RaftServerConfigKeys (ConfUtils.java:logGet(46)) - raft.server.log.unsafe-flush.enabled = false (default)
2022-11-04 13:16:41,077 [pool-187-thread-1] INFO  server.RaftServerConfigKeys (ConfUtils.java:logGet(46)) - raft.server.log.async-flush.enabled = false (default)
2022-11-04 13:16:41,077 [pool-187-thread-1] INFO  server.RaftServerConfigKeys (ConfUtils.java:logGet(46)) - raft.server.log.statemachine.data.caching.enabled = true (custom)
2022-11-04 13:16:41,077 [pool-187-thread-1] INFO  segmented.SegmentedRaftLogWorker (SegmentedRaftLogWorker.java:lambda$new$0(136)) - 99050580-db91-402e-a30b-7426b5391f3a@group-D39F9C32CD8E-SegmentedRaftLogWorker: flushIndex: setUnconditionally 0 -> -1
2022-11-04 13:16:41,077 [pool-187-thread-1] INFO  segmented.SegmentedRaftLogWorker (SegmentedRaftLogWorker.java:lambda$new$0(136)) - 99050580-db91-402e-a30b-7426b5391f3a@group-D39F9C32CD8E-SegmentedRaftLogWorker: safeCacheEvictIndex: setUnconditionally 0 -> -1
2022-11-04 13:16:41,083 [pool-187-thread-1] INFO  server.RaftServer$Division (RaftServerImpl.java:start(334)) - 99050580-db91-402e-a30b-7426b5391f3a@group-D39F9C32CD8E: start as a follower, conf=-1: peers:[18b69636-199d-46b1-a155-faec2a9e6e92|rpc:10.1.1.104:40753|dataStream:|priority:0|startupRole:FOLLOWER, 47355ef6-248e-415d-99d1-f00ca16e1642|rpc:10.1.1.104:43613|dataStream:|priority:1|startupRole:FOLLOWER, 99050580-db91-402e-a30b-7426b5391f3a|rpc:10.1.1.104:40645|dataStream:|priority:0|startupRole:FOLLOWER]|listeners:[], old=null
2022-11-04 13:16:41,083 [pool-187-thread-1] INFO  server.RaftServer$Division (RaftServerImpl.java:setRole(321)) - 99050580-db91-402e-a30b-7426b5391f3a@group-D39F9C32CD8E: changes role from      null to FOLLOWER at term 0 for startAsFollower
2022-11-04 13:16:41,083 [pool-187-thread-1] INFO  impl.RoleInfo (RoleInfo.java:updateAndGet(139)) - 99050580-db91-402e-a30b-7426b5391f3a: start 99050580-db91-402e-a30b-7426b5391f3a@group-D39F9C32CD8E-FollowerState
2022-11-04 13:16:41,083 [pool-187-thread-1] INFO  util.JmxRegister (JmxRegister.java:tryRegister(44)) - Successfully registered JMX Bean with object name Ratis:service=RaftServer,group=group-D39F9C32CD8E,id=99050580-db91-402e-a30b-7426b5391f3a
2022-11-04 13:16:41,083 [pool-187-thread-1] INFO  server.RaftServerConfigKeys (ConfUtils.java:logGet(46)) - raft.server.snapshot.auto.trigger.enabled = true (custom)
2022-11-04 13:16:41,083 [pool-187-thread-1] INFO  server.RaftServerConfigKeys (ConfUtils.java:logGet(46)) - raft.server.snapshot.auto.trigger.threshold = 10000 (custom)
2022-11-04 13:16:41,083 [pool-187-thread-1] INFO  server.RaftServerConfigKeys (ConfUtils.java:logGet(46)) - raft.server.snapshot.retention.file.num = 5 (custom)
2022-11-04 13:16:41,084 [pool-187-thread-1] INFO  server.RaftServerConfigKeys (ConfUtils.java:logGet(46)) - raft.server.log.purge.upto.snapshot.index = false (default)
2022-11-04 13:16:41,087 [99050580-db91-402e-a30b-7426b5391f3a@group-D39F9C32CD8E-FollowerState] INFO  server.RaftServerConfigKeys (ConfUtils.java:logFallback(53)) - raft.server.rpc.first-election.timeout.min = 5s (fallback to raft.server.rpc.timeout.min)
2022-11-04 13:16:41,093 [99050580-db91-402e-a30b-7426b5391f3a@group-D39F9C32CD8E-FollowerState] INFO  server.RaftServerConfigKeys (ConfUtils.java:logFallback(53)) - raft.server.rpc.first-election.timeout.max = 5200ms (fallback to raft.server.rpc.timeout.max)
2022-11-04 13:16:41,120 [grpc-default-executor-1] INFO  server.RaftServer (RaftServerProxy.java:addNew(96)) - 47355ef6-248e-415d-99d1-f00ca16e1642: addNew group-D39F9C32CD8E:[18b69636-199d-46b1-a155-faec2a9e6e92|rpc:10.1.1.104:40753|dataStream:|priority:0|startupRole:FOLLOWER, 47355ef6-248e-415d-99d1-f00ca16e1642|rpc:10.1.1.104:43613|dataStream:|priority:1|startupRole:FOLLOWER, 99050580-db91-402e-a30b-7426b5391f3a|rpc:10.1.1.104:40645|dataStream:|priority:0|startupRole:FOLLOWER] returns group-D39F9C32CD8E:java.util.concurrent.CompletableFuture@258df65c[Not completed]
2022-11-04 13:16:41,121 [pool-164-thread-1] INFO  server.RaftServer$Division (RaftServerImpl.java:<init>(195)) - 47355ef6-248e-415d-99d1-f00ca16e1642: new RaftServerImpl for group-D39F9C32CD8E:[18b69636-199d-46b1-a155-faec2a9e6e92|rpc:10.1.1.104:40753|dataStream:|priority:0|startupRole:FOLLOWER, 47355ef6-248e-415d-99d1-f00ca16e1642|rpc:10.1.1.104:43613|dataStream:|priority:1|startupRole:FOLLOWER, 99050580-db91-402e-a30b-7426b5391f3a|rpc:10.1.1.104:40645|dataStream:|priority:0|startupRole:FOLLOWER] with ContainerStateMachine:uninitialized
2022-11-04 13:16:41,121 [pool-164-thread-1] INFO  server.RaftServerConfigKeys (ConfUtils.java:logGet(46)) - raft.server.rpc.timeout.min = 5s (custom)
2022-11-04 13:16:41,121 [pool-164-thread-1] INFO  server.RaftServerConfigKeys (ConfUtils.java:logGet(46)) - raft.server.rpc.timeout.max = 5200ms (custom)
2022-11-04 13:16:41,121 [pool-164-thread-1] INFO  server.RaftServerConfigKeys (ConfUtils.java:logGet(46)) - raft.server.rpc.sleep.time = 25ms (default)
2022-11-04 13:16:41,121 [pool-164-thread-1] INFO  server.RaftServerConfigKeys (ConfUtils.java:logGet(46)) - raft.server.rpc.slowness.timeout = 300s (custom)
2022-11-04 13:16:41,121 [pool-164-thread-1] INFO  server.RaftServerConfigKeys (ConfUtils.java:logGet(46)) - raft.server.leaderelection.leader.step-down.wait-time = 10s (default)
2022-11-04 13:16:41,122 [pool-164-thread-1] INFO  server.RaftServerConfigKeys (ConfUtils.java:logGet(46)) - raft.server.sleep.deviation.threshold = 300ms (default)
2022-11-04 13:16:41,122 [pool-164-thread-1] INFO  server.RaftServer$Division (ServerState.java:<init>(118)) - 47355ef6-248e-415d-99d1-f00ca16e1642@group-D39F9C32CD8E: ConfigurationManager, init=-1: peers:[18b69636-199d-46b1-a155-faec2a9e6e92|rpc:10.1.1.104:40753|dataStream:|priority:0|startupRole:FOLLOWER, 47355ef6-248e-415d-99d1-f00ca16e1642|rpc:10.1.1.104:43613|dataStream:|priority:1|startupRole:FOLLOWER, 99050580-db91-402e-a30b-7426b5391f3a|rpc:10.1.1.104:40645|dataStream:|priority:0|startupRole:FOLLOWER]|listeners:[], old=null, confs=<EMPTY_MAP>
2022-11-04 13:16:41,122 [pool-164-thread-1] INFO  server.RaftServerConfigKeys (ConfUtils.java:logGet(46)) - raft.server.storage.dir = [/home/runner/work/ozone/ozone/hadoop-ozone/integration-test/target/test-dir/MiniOzoneClusterImpl-0c0bfa66-1f5b-4f11-9fe6-cbebe0503434/datanode-4/data/ratis] (custom)
2022-11-04 13:16:41,122 [pool-164-thread-1] INFO  server.RaftServerConfigKeys (ConfUtils.java:logGet(46)) - raft.server.log.corruption.policy = EXCEPTION (default)
2022-11-04 13:16:41,122 [pool-164-thread-1] INFO  server.RaftServerConfigKeys (ConfUtils.java:logGet(46)) - raft.server.storage.free-space.min = 0MB (=0) (default)
2022-11-04 13:16:41,122 [pool-164-thread-1] INFO  server.RaftServerConfigKeys (ConfUtils.java:logGet(46)) - raft.server.notification.no-leader.timeout = 300s (custom)
2022-11-04 13:16:41,122 [pool-164-thread-1] INFO  server.RaftServerConfigKeys (ConfUtils.java:logGet(46)) - raft.server.retrycache.expirytime = 600000ms (custom)
2022-11-04 13:16:41,122 [pool-164-thread-1] INFO  server.RaftServerConfigKeys (ConfUtils.java:logGet(46)) - raft.server.retrycache.statistics.expirytime = 100μs (default)
2022-11-04 13:16:41,125 [pool-164-thread-1] INFO  server.RaftServerConfigKeys (ConfUtils.java:logGet(46)) - raft.server.log.appender.install.snapshot.enabled = false (custom)
2022-11-04 13:16:41,125 [pool-164-thread-1] INFO  server.RaftServerConfigKeys (ConfUtils.java:logGet(46)) - raft.server.threadpool.server.cached = true (default)
2022-11-04 13:16:41,125 [pool-164-thread-1] INFO  server.RaftServerConfigKeys (ConfUtils.java:logGet(46)) - raft.server.threadpool.server.size = 0 (default)
2022-11-04 13:16:41,125 [pool-164-thread-1] INFO  server.RaftServerConfigKeys (ConfUtils.java:logGet(46)) - raft.server.threadpool.client.cached = true (default)
2022-11-04 13:16:41,125 [pool-164-thread-1] INFO  server.RaftServerConfigKeys (ConfUtils.java:logGet(46)) - raft.server.threadpool.client.size = 0 (default)
2022-11-04 13:16:41,125 [pool-164-thread-1] INFO  storage.RaftStorageDirectory (RaftStorageDirectoryImpl.java:analyzeStorage(137)) - The storage directory /home/runner/work/ozone/ozone/hadoop-ozone/integration-test/target/test-dir/MiniOzoneClusterImpl-0c0bfa66-1f5b-4f11-9fe6-cbebe0503434/datanode-4/data/ratis/cc3fb77a-ab95-4649-9bbb-d39f9c32cd8e does not exist. Creating ...
2022-11-04 13:16:41,126 [pool-164-thread-1] INFO  storage.RaftStorageDirectory (RaftStorageDirectoryImpl.java:tryLock(231)) - Lock on /home/runner/work/ozone/ozone/hadoop-ozone/integration-test/target/test-dir/MiniOzoneClusterImpl-0c0bfa66-1f5b-4f11-9fe6-cbebe0503434/datanode-4/data/ratis/cc3fb77a-ab95-4649-9bbb-d39f9c32cd8e/in_use.lock acquired by nodename 14841@fv-az443-313
2022-11-04 13:16:41,127 [pool-164-thread-1] INFO  storage.RaftStorage (RaftStorageImpl.java:format(96)) - Storage directory /home/runner/work/ozone/ozone/hadoop-ozone/integration-test/target/test-dir/MiniOzoneClusterImpl-0c0bfa66-1f5b-4f11-9fe6-cbebe0503434/datanode-4/data/ratis/cc3fb77a-ab95-4649-9bbb-d39f9c32cd8e has been successfully formatted.
2022-11-04 13:16:41,128 [pool-164-thread-1] INFO  ratis.ContainerStateMachine (ContainerStateMachine.java:loadSnapshot(236)) - group-D39F9C32CD8E: The snapshot info is null. Setting the last applied indexto:(t:0, i:~)
2022-11-04 13:16:41,128 [pool-164-thread-1] INFO  server.RaftServerConfigKeys (ConfUtils.java:logGet(46)) - raft.server.log.use.memory = false (default)
2022-11-04 13:16:41,128 [pool-164-thread-1] INFO  server.RaftServerConfigKeys (ConfUtils.java:logGet(46)) - raft.server.log.purge.gap = 1000000 (custom)
2022-11-04 13:16:41,128 [pool-164-thread-1] INFO  server.RaftServerConfigKeys (ConfUtils.java:logGet(46)) - raft.server.log.appender.buffer.byte-limit = 33554432 (custom)
2022-11-04 13:16:41,128 [pool-164-thread-1] INFO  server.RaftServerConfigKeys (ConfUtils.java:logGet(46)) - raft.server.log.statemachine.data.read.timeout = 1000ms (default)
2022-11-04 13:16:41,128 [pool-164-thread-1] INFO  server.RaftServerConfigKeys (ConfUtils.java:logGet(46)) - raft.server.log.purge.preservation.log.num = 0 (default)
2022-11-04 13:16:41,129 [pool-164-thread-1] INFO  server.RaftServerConfigKeys (ConfUtils.java:logGet(46)) - raft.server.log.segment.size.max = 1048576 (custom)
2022-11-04 13:16:41,129 [pool-164-thread-1] INFO  server.RaftServerConfigKeys (ConfUtils.java:logGet(46)) - raft.server.log.segment.cache.num.max = 2 (custom)
2022-11-04 13:16:41,129 [pool-164-thread-1] INFO  server.RaftServerConfigKeys (ConfUtils.java:logGet(46)) - raft.server.log.segment.cache.size.max = 200MB (=209715200) (default)
2022-11-04 13:16:41,129 [pool-164-thread-1] INFO  segmented.SegmentedRaftLogWorker (SegmentedRaftLogWorker.java:<init>(191)) - new 47355ef6-248e-415d-99d1-f00ca16e1642@group-D39F9C32CD8E-SegmentedRaftLogWorker for RaftStorageImpl:Storage Directory /home/runner/work/ozone/ozone/hadoop-ozone/integration-test/target/test-dir/MiniOzoneClusterImpl-0c0bfa66-1f5b-4f11-9fe6-cbebe0503434/datanode-4/data/ratis/cc3fb77a-ab95-4649-9bbb-d39f9c32cd8e
2022-11-04 13:16:41,129 [pool-164-thread-1] INFO  server.RaftServerConfigKeys (ConfUtils.java:logGet(46)) - raft.server.log.queue.byte-limit = 4294967296 (custom)
2022-11-04 13:16:41,129 [pool-164-thread-1] INFO  server.RaftServerConfigKeys (ConfUtils.java:logGet(46)) - raft.server.log.queue.element-limit = 1024 (custom)
2022-11-04 13:16:41,129 [pool-164-thread-1] INFO  server.RaftServerConfigKeys (ConfUtils.java:logGet(46)) - raft.server.log.segment.size.max = 1048576 (custom)
2022-11-04 13:16:41,129 [pool-164-thread-1] INFO  server.RaftServerConfigKeys (ConfUtils.java:logGet(46)) - raft.server.log.preallocated.size = 16384 (custom)
2022-11-04 13:16:41,129 [pool-164-thread-1] INFO  server.RaftServerConfigKeys (ConfUtils.java:logGet(46)) - raft.server.log.force.sync.num = 128 (default)
2022-11-04 13:16:41,129 [pool-164-thread-1] INFO  server.RaftServerConfigKeys (ConfUtils.java:logGet(46)) - raft.server.log.statemachine.data.sync = true (default)
2022-11-04 13:16:41,129 [pool-164-thread-1] INFO  server.RaftServerConfigKeys (ConfUtils.java:logGet(46)) - raft.server.log.statemachine.data.sync.timeout = 10s (default)
2022-11-04 13:16:41,129 [pool-164-thread-1] INFO  server.RaftServerConfigKeys (ConfUtils.java:logGet(46)) - raft.server.log.statemachine.data.sync.timeout.retry = -1 (default)
2022-11-04 13:16:41,130 [pool-164-thread-1] INFO  server.RaftServerConfigKeys (ConfUtils.java:logGet(46)) - raft.server.log.write.buffer.size = 1048576 (custom)
2022-11-04 13:16:41,131 [pool-164-thread-1] INFO  server.RaftServerConfigKeys (ConfUtils.java:logGet(46)) - raft.server.log.unsafe-flush.enabled = false (default)
2022-11-04 13:16:41,131 [pool-164-thread-1] INFO  server.RaftServerConfigKeys (ConfUtils.java:logGet(46)) - raft.server.log.async-flush.enabled = false (default)
2022-11-04 13:16:41,131 [pool-164-thread-1] INFO  server.RaftServerConfigKeys (ConfUtils.java:logGet(46)) - raft.server.log.statemachine.data.caching.enabled = true (custom)
2022-11-04 13:16:41,131 [pool-164-thread-1] INFO  segmented.SegmentedRaftLogWorker (SegmentedRaftLogWorker.java:lambda$new$0(136)) - 47355ef6-248e-415d-99d1-f00ca16e1642@group-D39F9C32CD8E-SegmentedRaftLogWorker: flushIndex: setUnconditionally 0 -> -1
2022-11-04 13:16:41,131 [pool-164-thread-1] INFO  segmented.SegmentedRaftLogWorker (SegmentedRaftLogWorker.java:lambda$new$0(136)) - 47355ef6-248e-415d-99d1-f00ca16e1642@group-D39F9C32CD8E-SegmentedRaftLogWorker: safeCacheEvictIndex: setUnconditionally 0 -> -1
2022-11-04 13:16:41,132 [pool-164-thread-1] INFO  server.RaftServer$Division (RaftServerImpl.java:start(334)) - 47355ef6-248e-415d-99d1-f00ca16e1642@group-D39F9C32CD8E: start as a follower, conf=-1: peers:[18b69636-199d-46b1-a155-faec2a9e6e92|rpc:10.1.1.104:40753|dataStream:|priority:0|startupRole:FOLLOWER, 47355ef6-248e-415d-99d1-f00ca16e1642|rpc:10.1.1.104:43613|dataStream:|priority:1|startupRole:FOLLOWER, 99050580-db91-402e-a30b-7426b5391f3a|rpc:10.1.1.104:40645|dataStream:|priority:0|startupRole:FOLLOWER]|listeners:[], old=null
2022-11-04 13:16:41,132 [pool-164-thread-1] INFO  server.RaftServer$Division (RaftServerImpl.java:setRole(321)) - 47355ef6-248e-415d-99d1-f00ca16e1642@group-D39F9C32CD8E: changes role from      null to FOLLOWER at term 0 for startAsFollower
2022-11-04 13:16:41,132 [pool-164-thread-1] INFO  impl.RoleInfo (RoleInfo.java:updateAndGet(139)) - 47355ef6-248e-415d-99d1-f00ca16e1642: start 47355ef6-248e-415d-99d1-f00ca16e1642@group-D39F9C32CD8E-FollowerState
2022-11-04 13:16:41,136 [pool-164-thread-1] INFO  util.JmxRegister (JmxRegister.java:tryRegister(44)) - Successfully registered JMX Bean with object name Ratis:service=RaftServer,group=group-D39F9C32CD8E,id=47355ef6-248e-415d-99d1-f00ca16e1642
2022-11-04 13:16:41,136 [pool-164-thread-1] INFO  server.RaftServerConfigKeys (ConfUtils.java:logGet(46)) - raft.server.snapshot.auto.trigger.enabled = true (custom)
2022-11-04 13:16:41,136 [pool-164-thread-1] INFO  server.RaftServerConfigKeys (ConfUtils.java:logGet(46)) - raft.server.snapshot.auto.trigger.threshold = 10000 (custom)
2022-11-04 13:16:41,136 [pool-164-thread-1] INFO  server.RaftServerConfigKeys (ConfUtils.java:logGet(46)) - raft.server.snapshot.retention.file.num = 5 (custom)
2022-11-04 13:16:41,137 [pool-164-thread-1] INFO  server.RaftServerConfigKeys (ConfUtils.java:logGet(46)) - raft.server.log.purge.upto.snapshot.index = false (default)
2022-11-04 13:16:41,137 [47355ef6-248e-415d-99d1-f00ca16e1642@group-D39F9C32CD8E-FollowerState] INFO  server.RaftServerConfigKeys (ConfUtils.java:logFallback(53)) - raft.server.rpc.first-election.timeout.min = 5s (fallback to raft.server.rpc.timeout.min)
2022-11-04 13:16:41,153 [47355ef6-248e-415d-99d1-f00ca16e1642@group-D39F9C32CD8E-FollowerState] INFO  server.RaftServerConfigKeys (ConfUtils.java:logFallback(53)) - raft.server.rpc.first-election.timeout.max = 5200ms (fallback to raft.server.rpc.timeout.max)
2022-11-04 13:16:41,161 [Command processor thread] INFO  commandhandler.CreatePipelineCommandHandler (CreatePipelineCommandHandler.java:handle(113)) - Created Pipeline RATIS THREE PipelineID=cc3fb77a-ab95-4649-9bbb-d39f9c32cd8e.
2022-11-04 13:16:41,162 [Command processor thread] INFO  server.RaftServer (RaftServerProxy.java:addNew(96)) - 18b69636-199d-46b1-a155-faec2a9e6e92: addNew group-0E0524D27BC6:[18b69636-199d-46b1-a155-faec2a9e6e92|rpc:10.1.1.104:40753|priority:0|startupRole:FOLLOWER, 47355ef6-248e-415d-99d1-f00ca16e1642|rpc:10.1.1.104:43613|priority:0|startupRole:FOLLOWER, 99050580-db91-402e-a30b-7426b5391f3a|rpc:10.1.1.104:40645|priority:1|startupRole:FOLLOWER] returns group-0E0524D27BC6:java.util.concurrent.CompletableFuture@431cb9fe[Not completed]
2022-11-04 13:16:41,163 [pool-141-thread-1] INFO  server.RaftServer$Division (RaftServerImpl.java:<init>(195)) - 18b69636-199d-46b1-a155-faec2a9e6e92: new RaftServerImpl for group-0E0524D27BC6:[18b69636-199d-46b1-a155-faec2a9e6e92|rpc:10.1.1.104:40753|priority:0|startupRole:FOLLOWER, 47355ef6-248e-415d-99d1-f00ca16e1642|rpc:10.1.1.104:43613|priority:0|startupRole:FOLLOWER, 99050580-db91-402e-a30b-7426b5391f3a|rpc:10.1.1.104:40645|priority:1|startupRole:FOLLOWER] with ContainerStateMachine:uninitialized
2022-11-04 13:16:41,163 [pool-141-thread-1] INFO  server.RaftServerConfigKeys (ConfUtils.java:logGet(46)) - raft.server.rpc.timeout.min = 5s (custom)
2022-11-04 13:16:41,163 [pool-141-thread-1] INFO  server.RaftServerConfigKeys (ConfUtils.java:logGet(46)) - raft.server.rpc.timeout.max = 5200ms (custom)
2022-11-04 13:16:41,163 [pool-141-thread-1] INFO  server.RaftServerConfigKeys (ConfUtils.java:logGet(46)) - raft.server.rpc.sleep.time = 25ms (default)
2022-11-04 13:16:41,163 [pool-141-thread-1] INFO  server.RaftServerConfigKeys (ConfUtils.java:logGet(46)) - raft.server.rpc.slowness.timeout = 300s (custom)
2022-11-04 13:16:41,163 [pool-141-thread-1] INFO  server.RaftServerConfigKeys (ConfUtils.java:logGet(46)) - raft.server.leaderelection.leader.step-down.wait-time = 10s (default)
2022-11-04 13:16:41,163 [pool-141-thread-1] INFO  server.RaftServerConfigKeys (ConfUtils.java:logGet(46)) - raft.server.sleep.deviation.threshold = 300ms (default)
2022-11-04 13:16:41,163 [pool-141-thread-1] INFO  server.RaftServer$Division (ServerState.java:<init>(118)) - 18b69636-199d-46b1-a155-faec2a9e6e92@group-0E0524D27BC6: ConfigurationManager, init=-1: peers:[18b69636-199d-46b1-a155-faec2a9e6e92|rpc:10.1.1.104:40753|priority:0|startupRole:FOLLOWER, 47355ef6-248e-415d-99d1-f00ca16e1642|rpc:10.1.1.104:43613|priority:0|startupRole:FOLLOWER, 99050580-db91-402e-a30b-7426b5391f3a|rpc:10.1.1.104:40645|priority:1|startupRole:FOLLOWER]|listeners:[], old=null, confs=<EMPTY_MAP>
2022-11-04 13:16:41,163 [pool-141-thread-1] INFO  server.RaftServerConfigKeys (ConfUtils.java:logGet(46)) - raft.server.storage.dir = [/home/runner/work/ozone/ozone/hadoop-ozone/integration-test/target/test-dir/MiniOzoneClusterImpl-0c0bfa66-1f5b-4f11-9fe6-cbebe0503434/datanode-3/data/ratis] (custom)
2022-11-04 13:16:41,163 [pool-141-thread-1] INFO  server.RaftServerConfigKeys (ConfUtils.java:logGet(46)) - raft.server.log.corruption.policy = EXCEPTION (default)
2022-11-04 13:16:41,163 [pool-141-thread-1] INFO  server.RaftServerConfigKeys (ConfUtils.java:logGet(46)) - raft.server.storage.free-space.min = 0MB (=0) (default)
2022-11-04 13:16:41,163 [pool-141-thread-1] INFO  server.RaftServerConfigKeys (ConfUtils.java:logGet(46)) - raft.server.notification.no-leader.timeout = 300s (custom)
2022-11-04 13:16:41,163 [pool-141-thread-1] INFO  server.RaftServerConfigKeys (ConfUtils.java:logGet(46)) - raft.server.retrycache.expirytime = 600000ms (custom)
2022-11-04 13:16:41,163 [pool-141-thread-1] INFO  server.RaftServerConfigKeys (ConfUtils.java:logGet(46)) - raft.server.retrycache.statistics.expirytime = 100μs (default)
2022-11-04 13:16:41,165 [pool-141-thread-1] INFO  server.RaftServerConfigKeys (ConfUtils.java:logGet(46)) - raft.server.log.appender.install.snapshot.enabled = false (custom)
2022-11-04 13:16:41,165 [pool-141-thread-1] INFO  server.RaftServerConfigKeys (ConfUtils.java:logGet(46)) - raft.server.threadpool.server.cached = true (default)
2022-11-04 13:16:41,165 [pool-141-thread-1] INFO  server.RaftServerConfigKeys (ConfUtils.java:logGet(46)) - raft.server.threadpool.server.size = 0 (default)
2022-11-04 13:16:41,165 [pool-141-thread-1] INFO  server.RaftServerConfigKeys (ConfUtils.java:logGet(46)) - raft.server.threadpool.client.cached = true (default)
2022-11-04 13:16:41,165 [pool-141-thread-1] INFO  server.RaftServerConfigKeys (ConfUtils.java:logGet(46)) - raft.server.threadpool.client.size = 0 (default)
2022-11-04 13:16:41,165 [pool-141-thread-1] INFO  storage.RaftStorageDirectory (RaftStorageDirectoryImpl.java:analyzeStorage(137)) - The storage directory /home/runner/work/ozone/ozone/hadoop-ozone/integration-test/target/test-dir/MiniOzoneClusterImpl-0c0bfa66-1f5b-4f11-9fe6-cbebe0503434/datanode-3/data/ratis/4c486c42-032a-47d2-86a7-0e0524d27bc6 does not exist. Creating ...
2022-11-04 13:16:41,167 [pool-141-thread-1] INFO  storage.RaftStorageDirectory (RaftStorageDirectoryImpl.java:tryLock(231)) - Lock on /home/runner/work/ozone/ozone/hadoop-ozone/integration-test/target/test-dir/MiniOzoneClusterImpl-0c0bfa66-1f5b-4f11-9fe6-cbebe0503434/datanode-3/data/ratis/4c486c42-032a-47d2-86a7-0e0524d27bc6/in_use.lock acquired by nodename 14841@fv-az443-313
2022-11-04 13:16:41,169 [pool-141-thread-1] INFO  storage.RaftStorage (RaftStorageImpl.java:format(96)) - Storage directory /home/runner/work/ozone/ozone/hadoop-ozone/integration-test/target/test-dir/MiniOzoneClusterImpl-0c0bfa66-1f5b-4f11-9fe6-cbebe0503434/datanode-3/data/ratis/4c486c42-032a-47d2-86a7-0e0524d27bc6 has been successfully formatted.
2022-11-04 13:16:41,169 [pool-141-thread-1] INFO  ratis.ContainerStateMachine (ContainerStateMachine.java:loadSnapshot(236)) - group-0E0524D27BC6: The snapshot info is null. Setting the last applied indexto:(t:0, i:~)
2022-11-04 13:16:41,169 [pool-141-thread-1] INFO  server.RaftServerConfigKeys (ConfUtils.java:logGet(46)) - raft.server.log.use.memory = false (default)
2022-11-04 13:16:41,169 [pool-141-thread-1] INFO  server.RaftServerConfigKeys (ConfUtils.java:logGet(46)) - raft.server.log.purge.gap = 1000000 (custom)
2022-11-04 13:16:41,169 [pool-141-thread-1] INFO  server.RaftServerConfigKeys (ConfUtils.java:logGet(46)) - raft.server.log.appender.buffer.byte-limit = 33554432 (custom)
2022-11-04 13:16:41,169 [pool-141-thread-1] INFO  server.RaftServerConfigKeys (ConfUtils.java:logGet(46)) - raft.server.log.statemachine.data.read.timeout = 1000ms (default)
2022-11-04 13:16:41,169 [pool-141-thread-1] INFO  server.RaftServerConfigKeys (ConfUtils.java:logGet(46)) - raft.server.log.purge.preservation.log.num = 0 (default)
2022-11-04 13:16:41,170 [pool-141-thread-1] INFO  server.RaftServerConfigKeys (ConfUtils.java:logGet(46)) - raft.server.log.segment.size.max = 1048576 (custom)
2022-11-04 13:16:41,170 [pool-141-thread-1] INFO  server.RaftServerConfigKeys (ConfUtils.java:logGet(46)) - raft.server.log.segment.cache.num.max = 2 (custom)
2022-11-04 13:16:41,171 [pool-141-thread-1] INFO  server.RaftServerConfigKeys (ConfUtils.java:logGet(46)) - raft.server.log.segment.cache.size.max = 200MB (=209715200) (default)
2022-11-04 13:16:41,171 [pool-141-thread-1] INFO  segmented.SegmentedRaftLogWorker (SegmentedRaftLogWorker.java:<init>(191)) - new 18b69636-199d-46b1-a155-faec2a9e6e92@group-0E0524D27BC6-SegmentedRaftLogWorker for RaftStorageImpl:Storage Directory /home/runner/work/ozone/ozone/hadoop-ozone/integration-test/target/test-dir/MiniOzoneClusterImpl-0c0bfa66-1f5b-4f11-9fe6-cbebe0503434/datanode-3/data/ratis/4c486c42-032a-47d2-86a7-0e0524d27bc6
2022-11-04 13:16:41,171 [pool-141-thread-1] INFO  server.RaftServerConfigKeys (ConfUtils.java:logGet(46)) - raft.server.log.queue.byte-limit = 4294967296 (custom)
2022-11-04 13:16:41,171 [pool-141-thread-1] INFO  server.RaftServerConfigKeys (ConfUtils.java:logGet(46)) - raft.server.log.queue.element-limit = 1024 (custom)
2022-11-04 13:16:41,171 [pool-141-thread-1] INFO  server.RaftServerConfigKeys (ConfUtils.java:logGet(46)) - raft.server.log.segment.size.max = 1048576 (custom)
2022-11-04 13:16:41,171 [EventQueue-OpenPipelineForHealthyPipelineSafeModeRule] INFO  safemode.SCMSafeModeManager (HealthyPipelineSafeModeRule.java:process(137)) - SCM in safe mode. Healthy pipelines reported count is 0, required healthy pipeline reported count is 1
2022-11-04 13:16:41,171 [pool-141-thread-1] INFO  server.RaftServerConfigKeys (ConfUtils.java:logGet(46)) - raft.server.log.preallocated.size = 16384 (custom)
2022-11-04 13:16:41,173 [pool-141-thread-1] INFO  server.RaftServerConfigKeys (ConfUtils.java:logGet(46)) - raft.server.log.force.sync.num = 128 (default)
2022-11-04 13:16:41,173 [pool-141-thread-1] INFO  server.RaftServerConfigKeys (ConfUtils.java:logGet(46)) - raft.server.log.statemachine.data.sync = true (default)
2022-11-04 13:16:41,173 [pool-141-thread-1] INFO  server.RaftServerConfigKeys (ConfUtils.java:logGet(46)) - raft.server.log.statemachine.data.sync.timeout = 10s (default)
2022-11-04 13:16:41,173 [pool-141-thread-1] INFO  server.RaftServerConfigKeys (ConfUtils.java:logGet(46)) - raft.server.log.statemachine.data.sync.timeout.retry = -1 (default)
2022-11-04 13:16:41,176 [pool-141-thread-1] INFO  server.RaftServerConfigKeys (ConfUtils.java:logGet(46)) - raft.server.log.write.buffer.size = 1048576 (custom)
2022-11-04 13:16:41,176 [pool-141-thread-1] INFO  server.RaftServerConfigKeys (ConfUtils.java:logGet(46)) - raft.server.log.unsafe-flush.enabled = false (default)
2022-11-04 13:16:41,176 [pool-141-thread-1] INFO  server.RaftServerConfigKeys (ConfUtils.java:logGet(46)) - raft.server.log.async-flush.enabled = false (default)
2022-11-04 13:16:41,176 [pool-141-thread-1] INFO  server.RaftServerConfigKeys (ConfUtils.java:logGet(46)) - raft.server.log.statemachine.data.caching.enabled = true (custom)
2022-11-04 13:16:41,177 [pool-141-thread-1] INFO  segmented.SegmentedRaftLogWorker (SegmentedRaftLogWorker.java:lambda$new$0(136)) - 18b69636-199d-46b1-a155-faec2a9e6e92@group-0E0524D27BC6-SegmentedRaftLogWorker: flushIndex: setUnconditionally 0 -> -1
2022-11-04 13:16:41,177 [pool-141-thread-1] INFO  segmented.SegmentedRaftLogWorker (SegmentedRaftLogWorker.java:lambda$new$0(136)) - 18b69636-199d-46b1-a155-faec2a9e6e92@group-0E0524D27BC6-SegmentedRaftLogWorker: safeCacheEvictIndex: setUnconditionally 0 -> -1
2022-11-04 13:16:41,180 [Command processor thread] INFO  server.RaftServer (RaftServerProxy.java:addNew(96)) - 47355ef6-248e-415d-99d1-f00ca16e1642: addNew group-660F148B2C2F:[47355ef6-248e-415d-99d1-f00ca16e1642|rpc:10.1.1.104:43613|priority:1|startupRole:FOLLOWER] returns group-660F148B2C2F:java.util.concurrent.CompletableFuture@78f8b11c[Not completed]
2022-11-04 13:16:41,181 [pool-164-thread-1] INFO  server.RaftServer$Division (RaftServerImpl.java:<init>(195)) - 47355ef6-248e-415d-99d1-f00ca16e1642: new RaftServerImpl for group-660F148B2C2F:[47355ef6-248e-415d-99d1-f00ca16e1642|rpc:10.1.1.104:43613|priority:1|startupRole:FOLLOWER] with ContainerStateMachine:uninitialized
2022-11-04 13:16:41,181 [pool-164-thread-1] INFO  server.RaftServerConfigKeys (ConfUtils.java:logGet(46)) - raft.server.rpc.timeout.min = 5s (custom)
2022-11-04 13:16:41,181 [pool-164-thread-1] INFO  server.RaftServerConfigKeys (ConfUtils.java:logGet(46)) - raft.server.rpc.timeout.max = 5200ms (custom)
2022-11-04 13:16:41,181 [pool-164-thread-1] INFO  server.RaftServerConfigKeys (ConfUtils.java:logGet(46)) - raft.server.rpc.sleep.time = 25ms (default)
2022-11-04 13:16:41,181 [pool-164-thread-1] INFO  server.RaftServerConfigKeys (ConfUtils.java:logGet(46)) - raft.server.rpc.slowness.timeout = 300s (custom)
2022-11-04 13:16:41,181 [pool-164-thread-1] INFO  server.RaftServerConfigKeys (ConfUtils.java:logGet(46)) - raft.server.leaderelection.leader.step-down.wait-time = 10s (default)
2022-11-04 13:16:41,181 [pool-164-thread-1] INFO  server.RaftServerConfigKeys (ConfUtils.java:logGet(46)) - raft.server.sleep.deviation.threshold = 300ms (default)
2022-11-04 13:16:41,182 [pool-164-thread-1] INFO  server.RaftServer$Division (ServerState.java:<init>(118)) - 47355ef6-248e-415d-99d1-f00ca16e1642@group-660F148B2C2F: ConfigurationManager, init=-1: peers:[47355ef6-248e-415d-99d1-f00ca16e1642|rpc:10.1.1.104:43613|priority:1|startupRole:FOLLOWER]|listeners:[], old=null, confs=<EMPTY_MAP>
2022-11-04 13:16:41,182 [pool-164-thread-1] INFO  server.RaftServerConfigKeys (ConfUtils.java:logGet(46)) - raft.server.storage.dir = [/home/runner/work/ozone/ozone/hadoop-ozone/integration-test/target/test-dir/MiniOzoneClusterImpl-0c0bfa66-1f5b-4f11-9fe6-cbebe0503434/datanode-4/data/ratis] (custom)
2022-11-04 13:16:41,182 [pool-164-thread-1] INFO  server.RaftServerConfigKeys (ConfUtils.java:logGet(46)) - raft.server.log.corruption.policy = EXCEPTION (default)
2022-11-04 13:16:41,182 [pool-164-thread-1] INFO  server.RaftServerConfigKeys (ConfUtils.java:logGet(46)) - raft.server.storage.free-space.min = 0MB (=0) (default)
2022-11-04 13:16:41,182 [pool-164-thread-1] INFO  server.RaftServerConfigKeys (ConfUtils.java:logGet(46)) - raft.server.notification.no-leader.timeout = 300s (custom)
2022-11-04 13:16:41,182 [pool-164-thread-1] INFO  server.RaftServerConfigKeys (ConfUtils.java:logGet(46)) - raft.server.retrycache.expirytime = 600000ms (custom)
2022-11-04 13:16:41,182 [pool-164-thread-1] INFO  server.RaftServerConfigKeys (ConfUtils.java:logGet(46)) - raft.server.retrycache.statistics.expirytime = 100μs (default)
2022-11-04 13:16:41,183 [pool-164-thread-1] INFO  server.RaftServerConfigKeys (ConfUtils.java:logGet(46)) - raft.server.log.appender.install.snapshot.enabled = false (custom)
2022-11-04 13:16:41,183 [pool-164-thread-1] INFO  server.RaftServerConfigKeys (ConfUtils.java:logGet(46)) - raft.server.threadpool.server.cached = true (default)
2022-11-04 13:16:41,183 [pool-164-thread-1] INFO  server.RaftServerConfigKeys (ConfUtils.java:logGet(46)) - raft.server.threadpool.server.size = 0 (default)
2022-11-04 13:16:41,183 [pool-164-thread-1] INFO  server.RaftServerConfigKeys (ConfUtils.java:logGet(46)) - raft.server.threadpool.client.cached = true (default)
2022-11-04 13:16:41,183 [pool-164-thread-1] INFO  server.RaftServerConfigKeys (ConfUtils.java:logGet(46)) - raft.server.threadpool.client.size = 0 (default)
2022-11-04 13:16:41,184 [pool-164-thread-1] INFO  storage.RaftStorageDirectory (RaftStorageDirectoryImpl.java:analyzeStorage(137)) - The storage directory /home/runner/work/ozone/ozone/hadoop-ozone/integration-test/target/test-dir/MiniOzoneClusterImpl-0c0bfa66-1f5b-4f11-9fe6-cbebe0503434/datanode-4/data/ratis/80cf342c-22bd-49f7-9da0-660f148b2c2f does not exist. Creating ...
2022-11-04 13:16:41,184 [pool-141-thread-1] INFO  server.RaftServer$Division (RaftServerImpl.java:start(334)) - 18b69636-199d-46b1-a155-faec2a9e6e92@group-0E0524D27BC6: start as a follower, conf=-1: peers:[18b69636-199d-46b1-a155-faec2a9e6e92|rpc:10.1.1.104:40753|priority:0|startupRole:FOLLOWER, 47355ef6-248e-415d-99d1-f00ca16e1642|rpc:10.1.1.104:43613|priority:0|startupRole:FOLLOWER, 99050580-db91-402e-a30b-7426b5391f3a|rpc:10.1.1.104:40645|priority:1|startupRole:FOLLOWER]|listeners:[], old=null
2022-11-04 13:16:41,184 [pool-141-thread-1] INFO  server.RaftServer$Division (RaftServerImpl.java:setRole(321)) - 18b69636-199d-46b1-a155-faec2a9e6e92@group-0E0524D27BC6: changes role from      null to FOLLOWER at term 0 for startAsFollower
2022-11-04 13:16:41,184 [pool-141-thread-1] INFO  impl.RoleInfo (RoleInfo.java:updateAndGet(139)) - 18b69636-199d-46b1-a155-faec2a9e6e92: start 18b69636-199d-46b1-a155-faec2a9e6e92@group-0E0524D27BC6-FollowerState
2022-11-04 13:16:41,185 [pool-164-thread-1] INFO  storage.RaftStorageDirectory (RaftStorageDirectoryImpl.java:tryLock(231)) - Lock on /home/runner/work/ozone/ozone/hadoop-ozone/integration-test/target/test-dir/MiniOzoneClusterImpl-0c0bfa66-1f5b-4f11-9fe6-cbebe0503434/datanode-4/data/ratis/80cf342c-22bd-49f7-9da0-660f148b2c2f/in_use.lock acquired by nodename 14841@fv-az443-313
2022-11-04 13:16:41,185 [pool-141-thread-1] INFO  util.JmxRegister (JmxRegister.java:tryRegister(44)) - Successfully registered JMX Bean with object name Ratis:service=RaftServer,group=group-0E0524D27BC6,id=18b69636-199d-46b1-a155-faec2a9e6e92
2022-11-04 13:16:41,185 [pool-141-thread-1] INFO  server.RaftServerConfigKeys (ConfUtils.java:logGet(46)) - raft.server.snapshot.auto.trigger.enabled = true (custom)
2022-11-04 13:16:41,185 [pool-141-thread-1] INFO  server.RaftServerConfigKeys (ConfUtils.java:logGet(46)) - raft.server.snapshot.auto.trigger.threshold = 10000 (custom)
2022-11-04 13:16:41,185 [pool-141-thread-1] INFO  server.RaftServerConfigKeys (ConfUtils.java:logGet(46)) - raft.server.snapshot.retention.file.num = 5 (custom)
2022-11-04 13:16:41,185 [pool-141-thread-1] INFO  server.RaftServerConfigKeys (ConfUtils.java:logGet(46)) - raft.server.log.purge.upto.snapshot.index = false (default)
2022-11-04 13:16:41,186 [18b69636-199d-46b1-a155-faec2a9e6e92@group-0E0524D27BC6-FollowerState] INFO  server.RaftServerConfigKeys (ConfUtils.java:logFallback(53)) - raft.server.rpc.first-election.timeout.min = 5s (fallback to raft.server.rpc.timeout.min)
2022-11-04 13:16:41,186 [18b69636-199d-46b1-a155-faec2a9e6e92@group-0E0524D27BC6-FollowerState] INFO  server.RaftServerConfigKeys (ConfUtils.java:logFallback(53)) - raft.server.rpc.first-election.timeout.max = 5200ms (fallback to raft.server.rpc.timeout.max)
2022-11-04 13:16:41,186 [pool-164-thread-1] INFO  storage.RaftStorage (RaftStorageImpl.java:format(96)) - Storage directory /home/runner/work/ozone/ozone/hadoop-ozone/integration-test/target/test-dir/MiniOzoneClusterImpl-0c0bfa66-1f5b-4f11-9fe6-cbebe0503434/datanode-4/data/ratis/80cf342c-22bd-49f7-9da0-660f148b2c2f has been successfully formatted.
2022-11-04 13:16:41,187 [pool-164-thread-1] INFO  ratis.ContainerStateMachine (ContainerStateMachine.java:loadSnapshot(236)) - group-660F148B2C2F: The snapshot info is null. Setting the last applied indexto:(t:0, i:~)
2022-11-04 13:16:41,187 [pool-164-thread-1] INFO  server.RaftServerConfigKeys (ConfUtils.java:logGet(46)) - raft.server.log.use.memory = false (default)
2022-11-04 13:16:41,187 [pool-164-thread-1] INFO  server.RaftServerConfigKeys (ConfUtils.java:logGet(46)) - raft.server.log.purge.gap = 1000000 (custom)
2022-11-04 13:16:41,187 [pool-164-thread-1] INFO  server.RaftServerConfigKeys (ConfUtils.java:logGet(46)) - raft.server.log.appender.buffer.byte-limit = 33554432 (custom)
2022-11-04 13:16:41,187 [pool-164-thread-1] INFO  server.RaftServerConfigKeys (ConfUtils.java:logGet(46)) - raft.server.log.statemachine.data.read.timeout = 1000ms (default)
2022-11-04 13:16:41,188 [pool-164-thread-1] INFO  server.RaftServerConfigKeys (ConfUtils.java:logGet(46)) - raft.server.log.purge.preservation.log.num = 0 (default)
2022-11-04 13:16:41,188 [pool-164-thread-1] INFO  server.RaftServerConfigKeys (ConfUtils.java:logGet(46)) - raft.server.log.segment.size.max = 1048576 (custom)
2022-11-04 13:16:41,188 [pool-164-thread-1] INFO  server.RaftServerConfigKeys (ConfUtils.java:logGet(46)) - raft.server.log.segment.cache.num.max = 2 (custom)
2022-11-04 13:16:41,188 [pool-164-thread-1] INFO  server.RaftServerConfigKeys (ConfUtils.java:logGet(46)) - raft.server.log.segment.cache.size.max = 200MB (=209715200) (default)
2022-11-04 13:16:41,188 [pool-164-thread-1] INFO  segmented.SegmentedRaftLogWorker (SegmentedRaftLogWorker.java:<init>(191)) - new 47355ef6-248e-415d-99d1-f00ca16e1642@group-660F148B2C2F-SegmentedRaftLogWorker for RaftStorageImpl:Storage Directory /home/runner/work/ozone/ozone/hadoop-ozone/integration-test/target/test-dir/MiniOzoneClusterImpl-0c0bfa66-1f5b-4f11-9fe6-cbebe0503434/datanode-4/data/ratis/80cf342c-22bd-49f7-9da0-660f148b2c2f
2022-11-04 13:16:41,188 [pool-164-thread-1] INFO  server.RaftServerConfigKeys (ConfUtils.java:logGet(46)) - raft.server.log.queue.byte-limit = 4294967296 (custom)
2022-11-04 13:16:41,188 [pool-164-thread-1] INFO  server.RaftServerConfigKeys (ConfUtils.java:logGet(46)) - raft.server.log.queue.element-limit = 1024 (custom)
2022-11-04 13:16:41,188 [pool-164-thread-1] INFO  server.RaftServerConfigKeys (ConfUtils.java:logGet(46)) - raft.server.log.segment.size.max = 1048576 (custom)
2022-11-04 13:16:41,188 [pool-164-thread-1] INFO  server.RaftServerConfigKeys (ConfUtils.java:logGet(46)) - raft.server.log.preallocated.size = 16384 (custom)
2022-11-04 13:16:41,188 [pool-164-thread-1] INFO  server.RaftServerConfigKeys (ConfUtils.java:logGet(46)) - raft.server.log.force.sync.num = 128 (default)
2022-11-04 13:16:41,188 [pool-164-thread-1] INFO  server.RaftServerConfigKeys (ConfUtils.java:logGet(46)) - raft.server.log.statemachine.data.sync = true (default)
2022-11-04 13:16:41,189 [pool-164-thread-1] INFO  server.RaftServerConfigKeys (ConfUtils.java:logGet(46)) - raft.server.log.statemachine.data.sync.timeout = 10s (default)
2022-11-04 13:16:41,189 [pool-164-thread-1] INFO  server.RaftServerConfigKeys (ConfUtils.java:logGet(46)) - raft.server.log.statemachine.data.sync.timeout.retry = -1 (default)
2022-11-04 13:16:41,189 [pool-164-thread-1] INFO  server.RaftServerConfigKeys (ConfUtils.java:logGet(46)) - raft.server.log.write.buffer.size = 1048576 (custom)
2022-11-04 13:16:41,190 [pool-164-thread-1] INFO  server.RaftServerConfigKeys (ConfUtils.java:logGet(46)) - raft.server.log.unsafe-flush.enabled = false (default)
2022-11-04 13:16:41,190 [pool-164-thread-1] INFO  server.RaftServerConfigKeys (ConfUtils.java:logGet(46)) - raft.server.log.async-flush.enabled = false (default)
2022-11-04 13:16:41,190 [pool-164-thread-1] INFO  server.RaftServerConfigKeys (ConfUtils.java:logGet(46)) - raft.server.log.statemachine.data.caching.enabled = true (custom)
2022-11-04 13:16:41,190 [pool-164-thread-1] INFO  segmented.SegmentedRaftLogWorker (SegmentedRaftLogWorker.java:lambda$new$0(136)) - 47355ef6-248e-415d-99d1-f00ca16e1642@group-660F148B2C2F-SegmentedRaftLogWorker: flushIndex: setUnconditionally 0 -> -1
2022-11-04 13:16:41,190 [pool-164-thread-1] INFO  segmented.SegmentedRaftLogWorker (SegmentedRaftLogWorker.java:lambda$new$0(136)) - 47355ef6-248e-415d-99d1-f00ca16e1642@group-660F148B2C2F-SegmentedRaftLogWorker: safeCacheEvictIndex: setUnconditionally 0 -> -1
2022-11-04 13:16:41,188 [Command processor thread] INFO  ratis.XceiverServerRatis (XceiverServerRatis.java:addGroup(765)) - Created group PipelineID=4c486c42-032a-47d2-86a7-0e0524d27bc6
2022-11-04 13:16:41,196 [EventQueue-PipelineReportForPipelineReportHandler] INFO  pipeline.PipelineManagerImpl (PipelineManagerImpl.java:openPipeline(367)) - Pipeline Pipeline[ Id: 80cf342c-22bd-49f7-9da0-660f148b2c2f, Nodes: 47355ef6-248e-415d-99d1-f00ca16e1642{ip: 10.1.1.104, host: fv-az443-313.ap2fcshprsnunfx25e1aelzb4b.cx.internal.cloudapp.net, ports: [REPLICATION=45467, RATIS=43613, RATIS_ADMIN=43613, RATIS_SERVER=43613, STANDALONE=35029], networkLocation: /default-rack, certSerialId: null, persistedOpState: IN_SERVICE, persistedOpStateExpiryEpochSec: 0}, ReplicationConfig: RATIS/ONE, State:ALLOCATED, leaderId:47355ef6-248e-415d-99d1-f00ca16e1642, CreationTimestamp2022-11-04T13:16:38.183Z[Etc/UTC]] moved to OPEN state
2022-11-04 13:16:41,196 [EventQueue-OpenPipelineForHealthyPipelineSafeModeRule] INFO  safemode.SCMSafeModeManager (HealthyPipelineSafeModeRule.java:process(137)) - SCM in safe mode. Healthy pipelines reported count is 0, required healthy pipeline reported count is 1
2022-11-04 13:16:41,203 [pool-164-thread-1] INFO  server.RaftServer$Division (RaftServerImpl.java:start(334)) - 47355ef6-248e-415d-99d1-f00ca16e1642@group-660F148B2C2F: start as a follower, conf=-1: peers:[47355ef6-248e-415d-99d1-f00ca16e1642|rpc:10.1.1.104:43613|priority:1|startupRole:FOLLOWER]|listeners:[], old=null
2022-11-04 13:16:41,205 [pool-164-thread-1] INFO  server.RaftServer$Division (RaftServerImpl.java:setRole(321)) - 47355ef6-248e-415d-99d1-f00ca16e1642@group-660F148B2C2F: changes role from      null to FOLLOWER at term 0 for startAsFollower
2022-11-04 13:16:41,205 [pool-164-thread-1] INFO  impl.RoleInfo (RoleInfo.java:updateAndGet(139)) - 47355ef6-248e-415d-99d1-f00ca16e1642: start 47355ef6-248e-415d-99d1-f00ca16e1642@group-660F148B2C2F-FollowerState
2022-11-04 13:16:41,207 [pool-164-thread-1] INFO  util.JmxRegister (JmxRegister.java:tryRegister(44)) - Successfully registered JMX Bean with object name Ratis:service=RaftServer,group=group-660F148B2C2F,id=47355ef6-248e-415d-99d1-f00ca16e1642
2022-11-04 13:16:41,207 [47355ef6-248e-415d-99d1-f00ca16e1642@group-660F148B2C2F-FollowerState] INFO  server.RaftServerConfigKeys (ConfUtils.java:logFallback(53)) - raft.server.rpc.first-election.timeout.min = 5s (fallback to raft.server.rpc.timeout.min)
2022-11-04 13:16:41,214 [pool-187-thread-1] INFO  server.RaftServer$Division (RaftServerImpl.java:<init>(195)) - 99050580-db91-402e-a30b-7426b5391f3a: new RaftServerImpl for group-0E0524D27BC6:[18b69636-199d-46b1-a155-faec2a9e6e92|rpc:10.1.1.104:40753|dataStream:|priority:0|startupRole:FOLLOWER, 47355ef6-248e-415d-99d1-f00ca16e1642|rpc:10.1.1.104:43613|dataStream:|priority:0|startupRole:FOLLOWER, 99050580-db91-402e-a30b-7426b5391f3a|rpc:10.1.1.104:40645|dataStream:|priority:1|startupRole:FOLLOWER] with ContainerStateMachine:uninitialized
2022-11-04 13:16:41,213 [grpc-default-executor-1] INFO  server.RaftServer (RaftServerProxy.java:addNew(96)) - 99050580-db91-402e-a30b-7426b5391f3a: addNew group-0E0524D27BC6:[18b69636-199d-46b1-a155-faec2a9e6e92|rpc:10.1.1.104:40753|dataStream:|priority:0|startupRole:FOLLOWER, 47355ef6-248e-415d-99d1-f00ca16e1642|rpc:10.1.1.104:43613|dataStream:|priority:0|startupRole:FOLLOWER, 99050580-db91-402e-a30b-7426b5391f3a|rpc:10.1.1.104:40645|dataStream:|priority:1|startupRole:FOLLOWER] returns group-0E0524D27BC6:java.util.concurrent.CompletableFuture@4fe47e77[Not completed]
2022-11-04 13:16:41,207 [pool-164-thread-1] INFO  server.RaftServerConfigKeys (ConfUtils.java:logGet(46)) - raft.server.snapshot.auto.trigger.enabled = true (custom)
2022-11-04 13:16:41,216 [pool-187-thread-1] INFO  server.RaftServerConfigKeys (ConfUtils.java:logGet(46)) - raft.server.rpc.timeout.min = 5s (custom)
2022-11-04 13:16:41,216 [47355ef6-248e-415d-99d1-f00ca16e1642@group-660F148B2C2F-FollowerState] INFO  server.RaftServerConfigKeys (ConfUtils.java:logFallback(53)) - raft.server.rpc.first-election.timeout.max = 5200ms (fallback to raft.server.rpc.timeout.max)
2022-11-04 13:16:41,217 [pool-187-thread-1] INFO  server.RaftServerConfigKeys (ConfUtils.java:logGet(46)) - raft.server.rpc.timeout.max = 5200ms (custom)
2022-11-04 13:16:41,217 [pool-164-thread-1] INFO  server.RaftServerConfigKeys (ConfUtils.java:logGet(46)) - raft.server.snapshot.auto.trigger.threshold = 10000 (custom)
2022-11-04 13:16:41,217 [pool-187-thread-1] INFO  server.RaftServerConfigKeys (ConfUtils.java:logGet(46)) - raft.server.rpc.sleep.time = 25ms (default)
2022-11-04 13:16:41,217 [pool-164-thread-1] INFO  server.RaftServerConfigKeys (ConfUtils.java:logGet(46)) - raft.server.snapshot.retention.file.num = 5 (custom)
2022-11-04 13:16:41,217 [pool-187-thread-1] INFO  server.RaftServerConfigKeys (ConfUtils.java:logGet(46)) - raft.server.rpc.slowness.timeout = 300s (custom)
2022-11-04 13:16:41,218 [pool-164-thread-1] INFO  server.RaftServerConfigKeys (ConfUtils.java:logGet(46)) - raft.server.log.purge.upto.snapshot.index = false (default)
2022-11-04 13:16:41,218 [pool-187-thread-1] INFO  server.RaftServerConfigKeys (ConfUtils.java:logGet(46)) - raft.server.leaderelection.leader.step-down.wait-time = 10s (default)
2022-11-04 13:16:41,218 [pool-187-thread-1] INFO  server.RaftServerConfigKeys (ConfUtils.java:logGet(46)) - raft.server.sleep.deviation.threshold = 300ms (default)
2022-11-04 13:16:41,218 [pool-187-thread-1] INFO  server.RaftServer$Division (ServerState.java:<init>(118)) - 99050580-db91-402e-a30b-7426b5391f3a@group-0E0524D27BC6: ConfigurationManager, init=-1: peers:[18b69636-199d-46b1-a155-faec2a9e6e92|rpc:10.1.1.104:40753|dataStream:|priority:0|startupRole:FOLLOWER, 47355ef6-248e-415d-99d1-f00ca16e1642|rpc:10.1.1.104:43613|dataStream:|priority:0|startupRole:FOLLOWER, 99050580-db91-402e-a30b-7426b5391f3a|rpc:10.1.1.104:40645|dataStream:|priority:1|startupRole:FOLLOWER]|listeners:[], old=null, confs=<EMPTY_MAP>
2022-11-04 13:16:41,218 [pool-187-thread-1] INFO  server.RaftServerConfigKeys (ConfUtils.java:logGet(46)) - raft.server.storage.dir = [/home/runner/work/ozone/ozone/hadoop-ozone/integration-test/target/test-dir/MiniOzoneClusterImpl-0c0bfa66-1f5b-4f11-9fe6-cbebe0503434/datanode-5/data/ratis] (custom)
2022-11-04 13:16:41,218 [pool-187-thread-1] INFO  server.RaftServerConfigKeys (ConfUtils.java:logGet(46)) - raft.server.log.corruption.policy = EXCEPTION (default)
2022-11-04 13:16:41,218 [pool-187-thread-1] INFO  server.RaftServerConfigKeys (ConfUtils.java:logGet(46)) - raft.server.storage.free-space.min = 0MB (=0) (default)
2022-11-04 13:16:41,218 [pool-187-thread-1] INFO  server.RaftServerConfigKeys (ConfUtils.java:logGet(46)) - raft.server.notification.no-leader.timeout = 300s (custom)
2022-11-04 13:16:41,218 [pool-187-thread-1] INFO  server.RaftServerConfigKeys (ConfUtils.java:logGet(46)) - raft.server.retrycache.expirytime = 600000ms (custom)
2022-11-04 13:16:41,218 [pool-187-thread-1] INFO  server.RaftServerConfigKeys (ConfUtils.java:logGet(46)) - raft.server.retrycache.statistics.expirytime = 100μs (default)
2022-11-04 13:16:41,219 [pool-187-thread-1] INFO  server.RaftServerConfigKeys (ConfUtils.java:logGet(46)) - raft.server.log.appender.install.snapshot.enabled = false (custom)
2022-11-04 13:16:41,219 [pool-187-thread-1] INFO  server.RaftServerConfigKeys (ConfUtils.java:logGet(46)) - raft.server.threadpool.server.cached = true (default)
2022-11-04 13:16:41,219 [pool-187-thread-1] INFO  server.RaftServerConfigKeys (ConfUtils.java:logGet(46)) - raft.server.threadpool.server.size = 0 (default)
2022-11-04 13:16:41,219 [pool-187-thread-1] INFO  server.RaftServerConfigKeys (ConfUtils.java:logGet(46)) - raft.server.threadpool.client.cached = true (default)
2022-11-04 13:16:41,219 [pool-187-thread-1] INFO  server.RaftServerConfigKeys (ConfUtils.java:logGet(46)) - raft.server.threadpool.client.size = 0 (default)
2022-11-04 13:16:41,220 [pool-187-thread-1] INFO  storage.RaftStorageDirectory (RaftStorageDirectoryImpl.java:analyzeStorage(137)) - The storage directory /home/runner/work/ozone/ozone/hadoop-ozone/integration-test/target/test-dir/MiniOzoneClusterImpl-0c0bfa66-1f5b-4f11-9fe6-cbebe0503434/datanode-5/data/ratis/4c486c42-032a-47d2-86a7-0e0524d27bc6 does not exist. Creating ...
2022-11-04 13:16:41,220 [Command processor thread] INFO  ratis.XceiverServerRatis (XceiverServerRatis.java:addGroup(765)) - Created group PipelineID=80cf342c-22bd-49f7-9da0-660f148b2c2f
2022-11-04 13:16:41,221 [Command processor thread] INFO  commandhandler.CreatePipelineCommandHandler (CreatePipelineCommandHandler.java:handle(113)) - Created Pipeline RATIS ONE PipelineID=80cf342c-22bd-49f7-9da0-660f148b2c2f.
2022-11-04 13:16:41,221 [Command processor thread] INFO  server.RaftServer (RaftServerProxy.java:addNew(96)) - 47355ef6-248e-415d-99d1-f00ca16e1642: addNew group-0E0524D27BC6:[18b69636-199d-46b1-a155-faec2a9e6e92|rpc:10.1.1.104:40753|priority:0|startupRole:FOLLOWER, 47355ef6-248e-415d-99d1-f00ca16e1642|rpc:10.1.1.104:43613|priority:0|startupRole:FOLLOWER, 99050580-db91-402e-a30b-7426b5391f3a|rpc:10.1.1.104:40645|priority:1|startupRole:FOLLOWER] returns group-0E0524D27BC6:java.util.concurrent.CompletableFuture@763f5073[Not completed]
2022-11-04 13:16:41,222 [pool-164-thread-1] INFO  server.RaftServer$Division (RaftServerImpl.java:<init>(195)) - 47355ef6-248e-415d-99d1-f00ca16e1642: new RaftServerImpl for group-0E0524D27BC6:[18b69636-199d-46b1-a155-faec2a9e6e92|rpc:10.1.1.104:40753|priority:0|startupRole:FOLLOWER, 47355ef6-248e-415d-99d1-f00ca16e1642|rpc:10.1.1.104:43613|priority:0|startupRole:FOLLOWER, 99050580-db91-402e-a30b-7426b5391f3a|rpc:10.1.1.104:40645|priority:1|startupRole:FOLLOWER] with ContainerStateMachine:uninitialized
2022-11-04 13:16:41,222 [pool-164-thread-1] INFO  server.RaftServerConfigKeys (ConfUtils.java:logGet(46)) - raft.server.rpc.timeout.min = 5s (custom)
2022-11-04 13:16:41,222 [pool-164-thread-1] INFO  server.RaftServerConfigKeys (ConfUtils.java:logGet(46)) - raft.server.rpc.timeout.max = 5200ms (custom)
2022-11-04 13:16:41,222 [pool-164-thread-1] INFO  server.RaftServerConfigKeys (ConfUtils.java:logGet(46)) - raft.server.rpc.sleep.time = 25ms (default)
2022-11-04 13:16:41,222 [pool-164-thread-1] INFO  server.RaftServerConfigKeys (ConfUtils.java:logGet(46)) - raft.server.rpc.slowness.timeout = 300s (custom)
2022-11-04 13:16:41,222 [pool-164-thread-1] INFO  server.RaftServerConfigKeys (ConfUtils.java:logGet(46)) - raft.server.leaderelection.leader.step-down.wait-time = 10s (default)
2022-11-04 13:16:41,222 [pool-164-thread-1] INFO  server.RaftServerConfigKeys (ConfUtils.java:logGet(46)) - raft.server.sleep.deviation.threshold = 300ms (default)
2022-11-04 13:16:41,222 [pool-164-thread-1] INFO  server.RaftServer$Division (ServerState.java:<init>(118)) - 47355ef6-248e-415d-99d1-f00ca16e1642@group-0E0524D27BC6: ConfigurationManager, init=-1: peers:[18b69636-199d-46b1-a155-faec2a9e6e92|rpc:10.1.1.104:40753|priority:0|startupRole:FOLLOWER, 47355ef6-248e-415d-99d1-f00ca16e1642|rpc:10.1.1.104:43613|priority:0|startupRole:FOLLOWER, 99050580-db91-402e-a30b-7426b5391f3a|rpc:10.1.1.104:40645|priority:1|startupRole:FOLLOWER]|listeners:[], old=null, confs=<EMPTY_MAP>
2022-11-04 13:16:41,223 [pool-164-thread-1] INFO  server.RaftServerConfigKeys (ConfUtils.java:logGet(46)) - raft.server.storage.dir = [/home/runner/work/ozone/ozone/hadoop-ozone/integration-test/target/test-dir/MiniOzoneClusterImpl-0c0bfa66-1f5b-4f11-9fe6-cbebe0503434/datanode-4/data/ratis] (custom)
2022-11-04 13:16:41,223 [pool-164-thread-1] INFO  server.RaftServerConfigKeys (ConfUtils.java:logGet(46)) - raft.server.log.corruption.policy = EXCEPTION (default)
2022-11-04 13:16:41,223 [pool-164-thread-1] INFO  server.RaftServerConfigKeys (ConfUtils.java:logGet(46)) - raft.server.storage.free-space.min = 0MB (=0) (default)
2022-11-04 13:16:41,223 [pool-164-thread-1] INFO  server.RaftServerConfigKeys (ConfUtils.java:logGet(46)) - raft.server.notification.no-leader.timeout = 300s (custom)
2022-11-04 13:16:41,223 [pool-164-thread-1] INFO  server.RaftServerConfigKeys (ConfUtils.java:logGet(46)) - raft.server.retrycache.expirytime = 600000ms (custom)
2022-11-04 13:16:41,223 [pool-164-thread-1] INFO  server.RaftServerConfigKeys (ConfUtils.java:logGet(46)) - raft.server.retrycache.statistics.expirytime = 100μs (default)
2022-11-04 13:16:41,224 [pool-164-thread-1] INFO  server.RaftServerConfigKeys (ConfUtils.java:logGet(46)) - raft.server.log.appender.install.snapshot.enabled = false (custom)
2022-11-04 13:16:41,224 [pool-164-thread-1] INFO  server.RaftServerConfigKeys (ConfUtils.java:logGet(46)) - raft.server.threadpool.server.cached = true (default)
2022-11-04 13:16:41,224 [pool-164-thread-1] INFO  server.RaftServerConfigKeys (ConfUtils.java:logGet(46)) - raft.server.threadpool.server.size = 0 (default)
2022-11-04 13:16:41,224 [pool-164-thread-1] INFO  server.RaftServerConfigKeys (ConfUtils.java:logGet(46)) - raft.server.threadpool.client.cached = true (default)
2022-11-04 13:16:41,224 [pool-164-thread-1] INFO  server.RaftServerConfigKeys (ConfUtils.java:logGet(46)) - raft.server.threadpool.client.size = 0 (default)
2022-11-04 13:16:41,224 [pool-164-thread-1] INFO  storage.RaftStorageDirectory (RaftStorageDirectoryImpl.java:analyzeStorage(137)) - The storage directory /home/runner/work/ozone/ozone/hadoop-ozone/integration-test/target/test-dir/MiniOzoneClusterImpl-0c0bfa66-1f5b-4f11-9fe6-cbebe0503434/datanode-4/data/ratis/4c486c42-032a-47d2-86a7-0e0524d27bc6 does not exist. Creating ...
2022-11-04 13:16:41,221 [pool-187-thread-1] INFO  storage.RaftStorageDirectory (RaftStorageDirectoryImpl.java:tryLock(231)) - Lock on /home/runner/work/ozone/ozone/hadoop-ozone/integration-test/target/test-dir/MiniOzoneClusterImpl-0c0bfa66-1f5b-4f11-9fe6-cbebe0503434/datanode-5/data/ratis/4c486c42-032a-47d2-86a7-0e0524d27bc6/in_use.lock acquired by nodename 14841@fv-az443-313
2022-11-04 13:16:41,225 [pool-164-thread-1] INFO  storage.RaftStorageDirectory (RaftStorageDirectoryImpl.java:tryLock(231)) - Lock on /home/runner/work/ozone/ozone/hadoop-ozone/integration-test/target/test-dir/MiniOzoneClusterImpl-0c0bfa66-1f5b-4f11-9fe6-cbebe0503434/datanode-4/data/ratis/4c486c42-032a-47d2-86a7-0e0524d27bc6/in_use.lock acquired by nodename 14841@fv-az443-313
2022-11-04 13:16:41,227 [pool-164-thread-1] INFO  storage.RaftStorage (RaftStorageImpl.java:format(96)) - Storage directory /home/runner/work/ozone/ozone/hadoop-ozone/integration-test/target/test-dir/MiniOzoneClusterImpl-0c0bfa66-1f5b-4f11-9fe6-cbebe0503434/datanode-4/data/ratis/4c486c42-032a-47d2-86a7-0e0524d27bc6 has been successfully formatted.
2022-11-04 13:16:41,227 [pool-187-thread-1] INFO  storage.RaftStorage (RaftStorageImpl.java:format(96)) - Storage directory /home/runner/work/ozone/ozone/hadoop-ozone/integration-test/target/test-dir/MiniOzoneClusterImpl-0c0bfa66-1f5b-4f11-9fe6-cbebe0503434/datanode-5/data/ratis/4c486c42-032a-47d2-86a7-0e0524d27bc6 has been successfully formatted.
2022-11-04 13:16:41,227 [pool-187-thread-1] INFO  ratis.ContainerStateMachine (ContainerStateMachine.java:loadSnapshot(236)) - group-0E0524D27BC6: The snapshot info is null. Setting the last applied indexto:(t:0, i:~)
2022-11-04 13:16:41,227 [pool-187-thread-1] INFO  server.RaftServerConfigKeys (ConfUtils.java:logGet(46)) - raft.server.log.use.memory = false (default)
2022-11-04 13:16:41,228 [pool-187-thread-1] INFO  server.RaftServerConfigKeys (ConfUtils.java:logGet(46)) - raft.server.log.purge.gap = 1000000 (custom)
2022-11-04 13:16:41,228 [pool-187-thread-1] INFO  server.RaftServerConfigKeys (ConfUtils.java:logGet(46)) - raft.server.log.appender.buffer.byte-limit = 33554432 (custom)
2022-11-04 13:16:41,228 [pool-187-thread-1] INFO  server.RaftServerConfigKeys (ConfUtils.java:logGet(46)) - raft.server.log.statemachine.data.read.timeout = 1000ms (default)
2022-11-04 13:16:41,228 [pool-187-thread-1] INFO  server.RaftServerConfigKeys (ConfUtils.java:logGet(46)) - raft.server.log.purge.preservation.log.num = 0 (default)
2022-11-04 13:16:41,228 [pool-187-thread-1] INFO  server.RaftServerConfigKeys (ConfUtils.java:logGet(46)) - raft.server.log.segment.size.max = 1048576 (custom)
2022-11-04 13:16:41,228 [pool-164-thread-1] INFO  ratis.ContainerStateMachine (ContainerStateMachine.java:loadSnapshot(236)) - group-0E0524D27BC6: The snapshot info is null. Setting the last applied indexto:(t:0, i:~)
2022-11-04 13:16:41,229 [pool-164-thread-1] INFO  server.RaftServerConfigKeys (ConfUtils.java:logGet(46)) - raft.server.log.use.memory = false (default)
2022-11-04 13:16:41,230 [pool-164-thread-1] INFO  server.RaftServerConfigKeys (ConfUtils.java:logGet(46)) - raft.server.log.purge.gap = 1000000 (custom)
2022-11-04 13:16:41,230 [pool-164-thread-1] INFO  server.RaftServerConfigKeys (ConfUtils.java:logGet(46)) - raft.server.log.appender.buffer.byte-limit = 33554432 (custom)
2022-11-04 13:16:41,230 [pool-164-thread-1] INFO  server.RaftServerConfigKeys (ConfUtils.java:logGet(46)) - raft.server.log.statemachine.data.read.timeout = 1000ms (default)
2022-11-04 13:16:41,230 [pool-164-thread-1] INFO  server.RaftServerConfigKeys (ConfUtils.java:logGet(46)) - raft.server.log.purge.preservation.log.num = 0 (default)
2022-11-04 13:16:41,230 [pool-164-thread-1] INFO  server.RaftServerConfigKeys (ConfUtils.java:logGet(46)) - raft.server.log.segment.size.max = 1048576 (custom)
2022-11-04 13:16:41,230 [EventQueue-OpenPipelineForHealthyPipelineSafeModeRule] INFO  safemode.SCMSafeModeManager (HealthyPipelineSafeModeRule.java:process(137)) - SCM in safe mode. Healthy pipelines reported count is 0, required healthy pipeline reported count is 1
2022-11-04 13:16:41,231 [pool-164-thread-1] INFO  server.RaftServerConfigKeys (ConfUtils.java:logGet(46)) - raft.server.log.segment.cache.num.max = 2 (custom)
2022-11-04 13:16:41,231 [pool-164-thread-1] INFO  server.RaftServerConfigKeys (ConfUtils.java:logGet(46)) - raft.server.log.segment.cache.size.max = 200MB (=209715200) (default)
2022-11-04 13:16:41,231 [pool-164-thread-1] INFO  segmented.SegmentedRaftLogWorker (SegmentedRaftLogWorker.java:<init>(191)) - new 47355ef6-248e-415d-99d1-f00ca16e1642@group-0E0524D27BC6-SegmentedRaftLogWorker for RaftStorageImpl:Storage Directory /home/runner/work/ozone/ozone/hadoop-ozone/integration-test/target/test-dir/MiniOzoneClusterImpl-0c0bfa66-1f5b-4f11-9fe6-cbebe0503434/datanode-4/data/ratis/4c486c42-032a-47d2-86a7-0e0524d27bc6
2022-11-04 13:16:41,231 [pool-164-thread-1] INFO  server.RaftServerConfigKeys (ConfUtils.java:logGet(46)) - raft.server.log.queue.byte-limit = 4294967296 (custom)
2022-11-04 13:16:41,231 [pool-164-thread-1] INFO  server.RaftServerConfigKeys (ConfUtils.java:logGet(46)) - raft.server.log.queue.element-limit = 1024 (custom)
2022-11-04 13:16:41,231 [pool-164-thread-1] INFO  server.RaftServerConfigKeys (ConfUtils.java:logGet(46)) - raft.server.log.segment.size.max = 1048576 (custom)
2022-11-04 13:16:41,231 [pool-164-thread-1] INFO  server.RaftServerConfigKeys (ConfUtils.java:logGet(46)) - raft.server.log.preallocated.size = 16384 (custom)
2022-11-04 13:16:41,231 [pool-164-thread-1] INFO  server.RaftServerConfigKeys (ConfUtils.java:logGet(46)) - raft.server.log.force.sync.num = 128 (default)
2022-11-04 13:16:41,231 [pool-164-thread-1] INFO  server.RaftServerConfigKeys (ConfUtils.java:logGet(46)) - raft.server.log.statemachine.data.sync = true (default)
2022-11-04 13:16:41,231 [pool-164-thread-1] INFO  server.RaftServerConfigKeys (ConfUtils.java:logGet(46)) - raft.server.log.statemachine.data.sync.timeout = 10s (default)
2022-11-04 13:16:41,231 [pool-164-thread-1] INFO  server.RaftServerConfigKeys (ConfUtils.java:logGet(46)) - raft.server.log.statemachine.data.sync.timeout.retry = -1 (default)
2022-11-04 13:16:41,232 [pool-187-thread-1] INFO  server.RaftServerConfigKeys (ConfUtils.java:logGet(46)) - raft.server.log.segment.cache.num.max = 2 (custom)
2022-11-04 13:16:41,232 [pool-187-thread-1] INFO  server.RaftServerConfigKeys (ConfUtils.java:logGet(46)) - raft.server.log.segment.cache.size.max = 200MB (=209715200) (default)
2022-11-04 13:16:41,232 [pool-187-thread-1] INFO  segmented.SegmentedRaftLogWorker (SegmentedRaftLogWorker.java:<init>(191)) - new 99050580-db91-402e-a30b-7426b5391f3a@group-0E0524D27BC6-SegmentedRaftLogWorker for RaftStorageImpl:Storage Directory /home/runner/work/ozone/ozone/hadoop-ozone/integration-test/target/test-dir/MiniOzoneClusterImpl-0c0bfa66-1f5b-4f11-9fe6-cbebe0503434/datanode-5/data/ratis/4c486c42-032a-47d2-86a7-0e0524d27bc6
2022-11-04 13:16:41,232 [pool-187-thread-1] INFO  server.RaftServerConfigKeys (ConfUtils.java:logGet(46)) - raft.server.log.queue.byte-limit = 4294967296 (custom)
2022-11-04 13:16:41,232 [pool-187-thread-1] INFO  server.RaftServerConfigKeys (ConfUtils.java:logGet(46)) - raft.server.log.queue.element-limit = 1024 (custom)
2022-11-04 13:16:41,232 [pool-187-thread-1] INFO  server.RaftServerConfigKeys (ConfUtils.java:logGet(46)) - raft.server.log.segment.size.max = 1048576 (custom)
2022-11-04 13:16:41,232 [pool-187-thread-1] INFO  server.RaftServerConfigKeys (ConfUtils.java:logGet(46)) - raft.server.log.preallocated.size = 16384 (custom)
2022-11-04 13:16:41,232 [pool-187-thread-1] INFO  server.RaftServerConfigKeys (ConfUtils.java:logGet(46)) - raft.server.log.force.sync.num = 128 (default)
2022-11-04 13:16:41,232 [pool-187-thread-1] INFO  server.RaftServerConfigKeys (ConfUtils.java:logGet(46)) - raft.server.log.statemachine.data.sync = true (default)
2022-11-04 13:16:41,232 [pool-187-thread-1] INFO  server.RaftServerConfigKeys (ConfUtils.java:logGet(46)) - raft.server.log.statemachine.data.sync.timeout = 10s (default)
2022-11-04 13:16:41,232 [pool-187-thread-1] INFO  server.RaftServerConfigKeys (ConfUtils.java:logGet(46)) - raft.server.log.statemachine.data.sync.timeout.retry = -1 (default)
2022-11-04 13:16:41,233 [pool-164-thread-1] INFO  server.RaftServerConfigKeys (ConfUtils.java:logGet(46)) - raft.server.log.write.buffer.size = 1048576 (custom)
2022-11-04 13:16:41,234 [pool-187-thread-1] INFO  server.RaftServerConfigKeys (ConfUtils.java:logGet(46)) - raft.server.log.write.buffer.size = 1048576 (custom)
2022-11-04 13:16:41,235 [pool-164-thread-1] INFO  server.RaftServerConfigKeys (ConfUtils.java:logGet(46)) - raft.server.log.unsafe-flush.enabled = false (default)
2022-11-04 13:16:41,235 [pool-164-thread-1] INFO  server.RaftServerConfigKeys (ConfUtils.java:logGet(46)) - raft.server.log.async-flush.enabled = false (default)
2022-11-04 13:16:41,235 [pool-164-thread-1] INFO  server.RaftServerConfigKeys (ConfUtils.java:logGet(46)) - raft.server.log.statemachine.data.caching.enabled = true (custom)
2022-11-04 13:16:41,235 [pool-187-thread-1] INFO  server.RaftServerConfigKeys (ConfUtils.java:logGet(46)) - raft.server.log.unsafe-flush.enabled = false (default)
2022-11-04 13:16:41,235 [pool-187-thread-1] INFO  server.RaftServerConfigKeys (ConfUtils.java:logGet(46)) - raft.server.log.async-flush.enabled = false (default)
2022-11-04 13:16:41,235 [pool-187-thread-1] INFO  server.RaftServerConfigKeys (ConfUtils.java:logGet(46)) - raft.server.log.statemachine.data.caching.enabled = true (custom)
2022-11-04 13:16:41,236 [pool-187-thread-1] INFO  segmented.SegmentedRaftLogWorker (SegmentedRaftLogWorker.java:lambda$new$0(136)) - 99050580-db91-402e-a30b-7426b5391f3a@group-0E0524D27BC6-SegmentedRaftLogWorker: flushIndex: setUnconditionally 0 -> -1
2022-11-04 13:16:41,236 [pool-187-thread-1] INFO  segmented.SegmentedRaftLogWorker (SegmentedRaftLogWorker.java:lambda$new$0(136)) - 99050580-db91-402e-a30b-7426b5391f3a@group-0E0524D27BC6-SegmentedRaftLogWorker: safeCacheEvictIndex: setUnconditionally 0 -> -1
2022-11-04 13:16:41,236 [pool-164-thread-1] INFO  segmented.SegmentedRaftLogWorker (SegmentedRaftLogWorker.java:lambda$new$0(136)) - 47355ef6-248e-415d-99d1-f00ca16e1642@group-0E0524D27BC6-SegmentedRaftLogWorker: flushIndex: setUnconditionally 0 -> -1
2022-11-04 13:16:41,236 [pool-164-thread-1] INFO  segmented.SegmentedRaftLogWorker (SegmentedRaftLogWorker.java:lambda$new$0(136)) - 47355ef6-248e-415d-99d1-f00ca16e1642@group-0E0524D27BC6-SegmentedRaftLogWorker: safeCacheEvictIndex: setUnconditionally 0 -> -1
2022-11-04 13:16:41,236 [pool-187-thread-1] INFO  server.RaftServer$Division (RaftServerImpl.java:start(334)) - 99050580-db91-402e-a30b-7426b5391f3a@group-0E0524D27BC6: start as a follower, conf=-1: peers:[18b69636-199d-46b1-a155-faec2a9e6e92|rpc:10.1.1.104:40753|dataStream:|priority:0|startupRole:FOLLOWER, 47355ef6-248e-415d-99d1-f00ca16e1642|rpc:10.1.1.104:43613|dataStream:|priority:0|startupRole:FOLLOWER, 99050580-db91-402e-a30b-7426b5391f3a|rpc:10.1.1.104:40645|dataStream:|priority:1|startupRole:FOLLOWER]|listeners:[], old=null
2022-11-04 13:16:41,236 [pool-187-thread-1] INFO  server.RaftServer$Division (RaftServerImpl.java:setRole(321)) - 99050580-db91-402e-a30b-7426b5391f3a@group-0E0524D27BC6: changes role from      null to FOLLOWER at term 0 for startAsFollower
2022-11-04 13:16:41,236 [pool-187-thread-1] INFO  impl.RoleInfo (RoleInfo.java:updateAndGet(139)) - 99050580-db91-402e-a30b-7426b5391f3a: start 99050580-db91-402e-a30b-7426b5391f3a@group-0E0524D27BC6-FollowerState
2022-11-04 13:16:41,236 [pool-187-thread-1] INFO  util.JmxRegister (JmxRegister.java:tryRegister(44)) - Successfully registered JMX Bean with object name Ratis:service=RaftServer,group=group-0E0524D27BC6,id=99050580-db91-402e-a30b-7426b5391f3a
2022-11-04 13:16:41,236 [pool-187-thread-1] INFO  server.RaftServerConfigKeys (ConfUtils.java:logGet(46)) - raft.server.snapshot.auto.trigger.enabled = true (custom)
2022-11-04 13:16:41,237 [pool-187-thread-1] INFO  server.RaftServerConfigKeys (ConfUtils.java:logGet(46)) - raft.server.snapshot.auto.trigger.threshold = 10000 (custom)
2022-11-04 13:16:41,237 [pool-187-thread-1] INFO  server.RaftServerConfigKeys (ConfUtils.java:logGet(46)) - raft.server.snapshot.retention.file.num = 5 (custom)
2022-11-04 13:16:41,237 [pool-187-thread-1] INFO  server.RaftServerConfigKeys (ConfUtils.java:logGet(46)) - raft.server.log.purge.upto.snapshot.index = false (default)
2022-11-04 13:16:41,237 [99050580-db91-402e-a30b-7426b5391f3a@group-0E0524D27BC6-FollowerState] INFO  server.RaftServerConfigKeys (ConfUtils.java:logFallback(53)) - raft.server.rpc.first-election.timeout.min = 5s (fallback to raft.server.rpc.timeout.min)
2022-11-04 13:16:41,247 [99050580-db91-402e-a30b-7426b5391f3a@group-0E0524D27BC6-FollowerState] INFO  server.RaftServerConfigKeys (ConfUtils.java:logFallback(53)) - raft.server.rpc.first-election.timeout.max = 5200ms (fallback to raft.server.rpc.timeout.max)
2022-11-04 13:16:41,238 [pool-164-thread-1] INFO  server.RaftServer$Division (RaftServerImpl.java:start(334)) - 47355ef6-248e-415d-99d1-f00ca16e1642@group-0E0524D27BC6: start as a follower, conf=-1: peers:[18b69636-199d-46b1-a155-faec2a9e6e92|rpc:10.1.1.104:40753|priority:0|startupRole:FOLLOWER, 47355ef6-248e-415d-99d1-f00ca16e1642|rpc:10.1.1.104:43613|priority:0|startupRole:FOLLOWER, 99050580-db91-402e-a30b-7426b5391f3a|rpc:10.1.1.104:40645|priority:1|startupRole:FOLLOWER]|listeners:[], old=null
2022-11-04 13:16:41,248 [pool-164-thread-1] INFO  server.RaftServer$Division (RaftServerImpl.java:setRole(321)) - 47355ef6-248e-415d-99d1-f00ca16e1642@group-0E0524D27BC6: changes role from      null to FOLLOWER at term 0 for startAsFollower
2022-11-04 13:16:41,248 [pool-164-thread-1] INFO  impl.RoleInfo (RoleInfo.java:updateAndGet(139)) - 47355ef6-248e-415d-99d1-f00ca16e1642: start 47355ef6-248e-415d-99d1-f00ca16e1642@group-0E0524D27BC6-FollowerState
2022-11-04 13:16:41,248 [pool-164-thread-1] INFO  util.JmxRegister (JmxRegister.java:tryRegister(44)) - Successfully registered JMX Bean with object name Ratis:service=RaftServer,group=group-0E0524D27BC6,id=47355ef6-248e-415d-99d1-f00ca16e1642
2022-11-04 13:16:41,248 [pool-164-thread-1] INFO  server.RaftServerConfigKeys (ConfUtils.java:logGet(46)) - raft.server.snapshot.auto.trigger.enabled = true (custom)
2022-11-04 13:16:41,248 [pool-164-thread-1] INFO  server.RaftServerConfigKeys (ConfUtils.java:logGet(46)) - raft.server.snapshot.auto.trigger.threshold = 10000 (custom)
2022-11-04 13:16:41,249 [pool-164-thread-1] INFO  server.RaftServerConfigKeys (ConfUtils.java:logGet(46)) - raft.server.snapshot.retention.file.num = 5 (custom)
2022-11-04 13:16:41,249 [pool-164-thread-1] INFO  server.RaftServerConfigKeys (ConfUtils.java:logGet(46)) - raft.server.log.purge.upto.snapshot.index = false (default)
2022-11-04 13:16:41,249 [47355ef6-248e-415d-99d1-f00ca16e1642@group-0E0524D27BC6-FollowerState] INFO  server.RaftServerConfigKeys (ConfUtils.java:logFallback(53)) - raft.server.rpc.first-election.timeout.min = 5s (fallback to raft.server.rpc.timeout.min)
2022-11-04 13:16:41,249 [47355ef6-248e-415d-99d1-f00ca16e1642@group-0E0524D27BC6-FollowerState] INFO  server.RaftServerConfigKeys (ConfUtils.java:logFallback(53)) - raft.server.rpc.first-election.timeout.max = 5200ms (fallback to raft.server.rpc.timeout.max)
2022-11-04 13:16:41,249 [Command processor thread] INFO  ratis.XceiverServerRatis (XceiverServerRatis.java:addGroup(765)) - Created group PipelineID=4c486c42-032a-47d2-86a7-0e0524d27bc6
2022-11-04 13:16:41,306 [Command processor thread] INFO  commandhandler.CreatePipelineCommandHandler (CreatePipelineCommandHandler.java:handle(113)) - Created Pipeline RATIS THREE PipelineID=4c486c42-032a-47d2-86a7-0e0524d27bc6.
2022-11-04 13:16:41,317 [Command processor thread] INFO  commandhandler.CreatePipelineCommandHandler (CreatePipelineCommandHandler.java:handle(113)) - Created Pipeline RATIS THREE PipelineID=4c486c42-032a-47d2-86a7-0e0524d27bc6.
2022-11-04 13:16:41,481 [Command processor thread] INFO  server.RaftServer (RaftServerProxy.java:addNew(96)) - 99050580-db91-402e-a30b-7426b5391f3a: addNew group-285BFC804282:[99050580-db91-402e-a30b-7426b5391f3a|rpc:10.1.1.104:40645|priority:1|startupRole:FOLLOWER] returns group-285BFC804282:java.util.concurrent.CompletableFuture@579e08b[Not completed]
2022-11-04 13:16:41,482 [pool-187-thread-1] INFO  server.RaftServer$Division (RaftServerImpl.java:<init>(195)) - 99050580-db91-402e-a30b-7426b5391f3a: new RaftServerImpl for group-285BFC804282:[99050580-db91-402e-a30b-7426b5391f3a|rpc:10.1.1.104:40645|priority:1|startupRole:FOLLOWER] with ContainerStateMachine:uninitialized
2022-11-04 13:16:41,482 [pool-187-thread-1] INFO  server.RaftServerConfigKeys (ConfUtils.java:logGet(46)) - raft.server.rpc.timeout.min = 5s (custom)
2022-11-04 13:16:41,482 [pool-187-thread-1] INFO  server.RaftServerConfigKeys (ConfUtils.java:logGet(46)) - raft.server.rpc.timeout.max = 5200ms (custom)
2022-11-04 13:16:41,482 [pool-187-thread-1] INFO  server.RaftServerConfigKeys (ConfUtils.java:logGet(46)) - raft.server.rpc.sleep.time = 25ms (default)
2022-11-04 13:16:41,482 [pool-187-thread-1] INFO  server.RaftServerConfigKeys (ConfUtils.java:logGet(46)) - raft.server.rpc.slowness.timeout = 300s (custom)
2022-11-04 13:16:41,482 [pool-187-thread-1] INFO  server.RaftServerConfigKeys (ConfUtils.java:logGet(46)) - raft.server.leaderelection.leader.step-down.wait-time = 10s (default)
2022-11-04 13:16:41,482 [pool-187-thread-1] INFO  server.RaftServerConfigKeys (ConfUtils.java:logGet(46)) - raft.server.sleep.deviation.threshold = 300ms (default)
2022-11-04 13:16:41,482 [pool-187-thread-1] INFO  server.RaftServer$Division (ServerState.java:<init>(118)) - 99050580-db91-402e-a30b-7426b5391f3a@group-285BFC804282: ConfigurationManager, init=-1: peers:[99050580-db91-402e-a30b-7426b5391f3a|rpc:10.1.1.104:40645|priority:1|startupRole:FOLLOWER]|listeners:[], old=null, confs=<EMPTY_MAP>
2022-11-04 13:16:41,482 [pool-187-thread-1] INFO  server.RaftServerConfigKeys (ConfUtils.java:logGet(46)) - raft.server.storage.dir = [/home/runner/work/ozone/ozone/hadoop-ozone/integration-test/target/test-dir/MiniOzoneClusterImpl-0c0bfa66-1f5b-4f11-9fe6-cbebe0503434/datanode-5/data/ratis] (custom)
2022-11-04 13:16:41,482 [pool-187-thread-1] INFO  server.RaftServerConfigKeys (ConfUtils.java:logGet(46)) - raft.server.log.corruption.policy = EXCEPTION (default)
2022-11-04 13:16:41,483 [pool-187-thread-1] INFO  server.RaftServerConfigKeys (ConfUtils.java:logGet(46)) - raft.server.storage.free-space.min = 0MB (=0) (default)
2022-11-04 13:16:41,483 [pool-187-thread-1] INFO  server.RaftServerConfigKeys (ConfUtils.java:logGet(46)) - raft.server.notification.no-leader.timeout = 300s (custom)
2022-11-04 13:16:41,483 [pool-187-thread-1] INFO  server.RaftServerConfigKeys (ConfUtils.java:logGet(46)) - raft.server.retrycache.expirytime = 600000ms (custom)
2022-11-04 13:16:41,483 [pool-187-thread-1] INFO  server.RaftServerConfigKeys (ConfUtils.java:logGet(46)) - raft.server.retrycache.statistics.expirytime = 100μs (default)
2022-11-04 13:16:41,484 [pool-187-thread-1] INFO  server.RaftServerConfigKeys (ConfUtils.java:logGet(46)) - raft.server.log.appender.install.snapshot.enabled = false (custom)
2022-11-04 13:16:41,484 [pool-187-thread-1] INFO  server.RaftServerConfigKeys (ConfUtils.java:logGet(46)) - raft.server.threadpool.server.cached = true (default)
2022-11-04 13:16:41,484 [pool-187-thread-1] INFO  server.RaftServerConfigKeys (ConfUtils.java:logGet(46)) - raft.server.threadpool.server.size = 0 (default)
2022-11-04 13:16:41,484 [pool-187-thread-1] INFO  server.RaftServerConfigKeys (ConfUtils.java:logGet(46)) - raft.server.threadpool.client.cached = true (default)
2022-11-04 13:16:41,484 [pool-187-thread-1] INFO  server.RaftServerConfigKeys (ConfUtils.java:logGet(46)) - raft.server.threadpool.client.size = 0 (default)
2022-11-04 13:16:41,484 [pool-187-thread-1] INFO  storage.RaftStorageDirectory (RaftStorageDirectoryImpl.java:analyzeStorage(137)) - The storage directory /home/runner/work/ozone/ozone/hadoop-ozone/integration-test/target/test-dir/MiniOzoneClusterImpl-0c0bfa66-1f5b-4f11-9fe6-cbebe0503434/datanode-5/data/ratis/b332cd44-5569-4650-a974-285bfc804282 does not exist. Creating ...
2022-11-04 13:16:41,485 [pool-187-thread-1] INFO  storage.RaftStorageDirectory (RaftStorageDirectoryImpl.java:tryLock(231)) - Lock on /home/runner/work/ozone/ozone/hadoop-ozone/integration-test/target/test-dir/MiniOzoneClusterImpl-0c0bfa66-1f5b-4f11-9fe6-cbebe0503434/datanode-5/data/ratis/b332cd44-5569-4650-a974-285bfc804282/in_use.lock acquired by nodename 14841@fv-az443-313
2022-11-04 13:16:41,486 [pool-187-thread-1] INFO  storage.RaftStorage (RaftStorageImpl.java:format(96)) - Storage directory /home/runner/work/ozone/ozone/hadoop-ozone/integration-test/target/test-dir/MiniOzoneClusterImpl-0c0bfa66-1f5b-4f11-9fe6-cbebe0503434/datanode-5/data/ratis/b332cd44-5569-4650-a974-285bfc804282 has been successfully formatted.
2022-11-04 13:16:41,486 [pool-187-thread-1] INFO  ratis.ContainerStateMachine (ContainerStateMachine.java:loadSnapshot(236)) - group-285BFC804282: The snapshot info is null. Setting the last applied indexto:(t:0, i:~)
2022-11-04 13:16:41,486 [pool-187-thread-1] INFO  server.RaftServerConfigKeys (ConfUtils.java:logGet(46)) - raft.server.log.use.memory = false (default)
2022-11-04 13:16:41,487 [pool-187-thread-1] INFO  server.RaftServerConfigKeys (ConfUtils.java:logGet(46)) - raft.server.log.purge.gap = 1000000 (custom)
2022-11-04 13:16:41,488 [pool-187-thread-1] INFO  server.RaftServerConfigKeys (ConfUtils.java:logGet(46)) - raft.server.log.appender.buffer.byte-limit = 33554432 (custom)
2022-11-04 13:16:41,488 [pool-187-thread-1] INFO  server.RaftServerConfigKeys (ConfUtils.java:logGet(46)) - raft.server.log.statemachine.data.read.timeout = 1000ms (default)
2022-11-04 13:16:41,488 [pool-187-thread-1] INFO  server.RaftServerConfigKeys (ConfUtils.java:logGet(46)) - raft.server.log.purge.preservation.log.num = 0 (default)
2022-11-04 13:16:41,488 [pool-187-thread-1] INFO  server.RaftServerConfigKeys (ConfUtils.java:logGet(46)) - raft.server.log.segment.size.max = 1048576 (custom)
2022-11-04 13:16:41,488 [EventQueue-PipelineReportForPipelineReportHandler] INFO  pipeline.PipelineManagerImpl (PipelineManagerImpl.java:openPipeline(367)) - Pipeline Pipeline[ Id: b332cd44-5569-4650-a974-285bfc804282, Nodes: 99050580-db91-402e-a30b-7426b5391f3a{ip: 10.1.1.104, host: fv-az443-313.ap2fcshprsnunfx25e1aelzb4b.cx.internal.cloudapp.net, ports: [REPLICATION=35487, RATIS=40645, RATIS_ADMIN=40645, RATIS_SERVER=40645, STANDALONE=45217], networkLocation: /default-rack, certSerialId: null, persistedOpState: IN_SERVICE, persistedOpStateExpiryEpochSec: 0}, ReplicationConfig: RATIS/ONE, State:ALLOCATED, leaderId:99050580-db91-402e-a30b-7426b5391f3a, CreationTimestamp2022-11-04T13:16:38.497Z[Etc/UTC]] moved to OPEN state
2022-11-04 13:16:41,489 [EventQueue-OpenPipelineForHealthyPipelineSafeModeRule] INFO  safemode.SCMSafeModeManager (HealthyPipelineSafeModeRule.java:process(137)) - SCM in safe mode. Healthy pipelines reported count is 0, required healthy pipeline reported count is 1
2022-11-04 13:16:41,490 [pool-187-thread-1] INFO  server.RaftServerConfigKeys (ConfUtils.java:logGet(46)) - raft.server.log.segment.cache.num.max = 2 (custom)
2022-11-04 13:16:41,491 [pool-187-thread-1] INFO  server.RaftServerConfigKeys (ConfUtils.java:logGet(46)) - raft.server.log.segment.cache.size.max = 200MB (=209715200) (default)
2022-11-04 13:16:41,491 [pool-187-thread-1] INFO  segmented.SegmentedRaftLogWorker (SegmentedRaftLogWorker.java:<init>(191)) - new 99050580-db91-402e-a30b-7426b5391f3a@group-285BFC804282-SegmentedRaftLogWorker for RaftStorageImpl:Storage Directory /home/runner/work/ozone/ozone/hadoop-ozone/integration-test/target/test-dir/MiniOzoneClusterImpl-0c0bfa66-1f5b-4f11-9fe6-cbebe0503434/datanode-5/data/ratis/b332cd44-5569-4650-a974-285bfc804282
2022-11-04 13:16:41,491 [pool-187-thread-1] INFO  server.RaftServerConfigKeys (ConfUtils.java:logGet(46)) - raft.server.log.queue.byte-limit = 4294967296 (custom)
2022-11-04 13:16:41,491 [pool-187-thread-1] INFO  server.RaftServerConfigKeys (ConfUtils.java:logGet(46)) - raft.server.log.queue.element-limit = 1024 (custom)
2022-11-04 13:16:41,491 [pool-187-thread-1] INFO  server.RaftServerConfigKeys (ConfUtils.java:logGet(46)) - raft.server.log.segment.size.max = 1048576 (custom)
2022-11-04 13:16:41,491 [pool-187-thread-1] INFO  server.RaftServerConfigKeys (ConfUtils.java:logGet(46)) - raft.server.log.preallocated.size = 16384 (custom)
2022-11-04 13:16:41,491 [pool-187-thread-1] INFO  server.RaftServerConfigKeys (ConfUtils.java:logGet(46)) - raft.server.log.force.sync.num = 128 (default)
2022-11-04 13:16:41,491 [pool-187-thread-1] INFO  server.RaftServerConfigKeys (ConfUtils.java:logGet(46)) - raft.server.log.statemachine.data.sync = true (default)
2022-11-04 13:16:41,491 [pool-187-thread-1] INFO  server.RaftServerConfigKeys (ConfUtils.java:logGet(46)) - raft.server.log.statemachine.data.sync.timeout = 10s (default)
2022-11-04 13:16:41,491 [pool-187-thread-1] INFO  server.RaftServerConfigKeys (ConfUtils.java:logGet(46)) - raft.server.log.statemachine.data.sync.timeout.retry = -1 (default)
2022-11-04 13:16:41,492 [pool-187-thread-1] INFO  server.RaftServerConfigKeys (ConfUtils.java:logGet(46)) - raft.server.log.write.buffer.size = 1048576 (custom)
2022-11-04 13:16:41,493 [pool-187-thread-1] INFO  server.RaftServerConfigKeys (ConfUtils.java:logGet(46)) - raft.server.log.unsafe-flush.enabled = false (default)
2022-11-04 13:16:41,493 [pool-187-thread-1] INFO  server.RaftServerConfigKeys (ConfUtils.java:logGet(46)) - raft.server.log.async-flush.enabled = false (default)
2022-11-04 13:16:41,493 [pool-187-thread-1] INFO  server.RaftServerConfigKeys (ConfUtils.java:logGet(46)) - raft.server.log.statemachine.data.caching.enabled = true (custom)
2022-11-04 13:16:41,493 [pool-187-thread-1] INFO  segmented.SegmentedRaftLogWorker (SegmentedRaftLogWorker.java:lambda$new$0(136)) - 99050580-db91-402e-a30b-7426b5391f3a@group-285BFC804282-SegmentedRaftLogWorker: flushIndex: setUnconditionally 0 -> -1
2022-11-04 13:16:41,493 [pool-187-thread-1] INFO  segmented.SegmentedRaftLogWorker (SegmentedRaftLogWorker.java:lambda$new$0(136)) - 99050580-db91-402e-a30b-7426b5391f3a@group-285BFC804282-SegmentedRaftLogWorker: safeCacheEvictIndex: setUnconditionally 0 -> -1
2022-11-04 13:16:41,493 [pool-187-thread-1] INFO  server.RaftServer$Division (RaftServerImpl.java:start(334)) - 99050580-db91-402e-a30b-7426b5391f3a@group-285BFC804282: start as a follower, conf=-1: peers:[99050580-db91-402e-a30b-7426b5391f3a|rpc:10.1.1.104:40645|priority:1|startupRole:FOLLOWER]|listeners:[], old=null
2022-11-04 13:16:41,493 [pool-187-thread-1] INFO  server.RaftServer$Division (RaftServerImpl.java:setRole(321)) - 99050580-db91-402e-a30b-7426b5391f3a@group-285BFC804282: changes role from      null to FOLLOWER at term 0 for startAsFollower
2022-11-04 13:16:41,493 [pool-187-thread-1] INFO  impl.RoleInfo (RoleInfo.java:updateAndGet(139)) - 99050580-db91-402e-a30b-7426b5391f3a: start 99050580-db91-402e-a30b-7426b5391f3a@group-285BFC804282-FollowerState
2022-11-04 13:16:41,494 [pool-187-thread-1] INFO  util.JmxRegister (JmxRegister.java:tryRegister(44)) - Successfully registered JMX Bean with object name Ratis:service=RaftServer,group=group-285BFC804282,id=99050580-db91-402e-a30b-7426b5391f3a
2022-11-04 13:16:41,494 [pool-187-thread-1] INFO  server.RaftServerConfigKeys (ConfUtils.java:logGet(46)) - raft.server.snapshot.auto.trigger.enabled = true (custom)
2022-11-04 13:16:41,494 [pool-187-thread-1] INFO  server.RaftServerConfigKeys (ConfUtils.java:logGet(46)) - raft.server.snapshot.auto.trigger.threshold = 10000 (custom)
2022-11-04 13:16:41,494 [pool-187-thread-1] INFO  server.RaftServerConfigKeys (ConfUtils.java:logGet(46)) - raft.server.snapshot.retention.file.num = 5 (custom)
2022-11-04 13:16:41,494 [pool-187-thread-1] INFO  server.RaftServerConfigKeys (ConfUtils.java:logGet(46)) - raft.server.log.purge.upto.snapshot.index = false (default)
2022-11-04 13:16:41,494 [99050580-db91-402e-a30b-7426b5391f3a@group-285BFC804282-FollowerState] INFO  server.RaftServerConfigKeys (ConfUtils.java:logFallback(53)) - raft.server.rpc.first-election.timeout.min = 5s (fallback to raft.server.rpc.timeout.min)
2022-11-04 13:16:41,494 [99050580-db91-402e-a30b-7426b5391f3a@group-285BFC804282-FollowerState] INFO  server.RaftServerConfigKeys (ConfUtils.java:logFallback(53)) - raft.server.rpc.first-election.timeout.max = 5200ms (fallback to raft.server.rpc.timeout.max)
2022-11-04 13:16:41,495 [Command processor thread] INFO  ratis.XceiverServerRatis (XceiverServerRatis.java:addGroup(765)) - Created group PipelineID=b332cd44-5569-4650-a974-285bfc804282
2022-11-04 13:16:41,495 [Command processor thread] INFO  commandhandler.CreatePipelineCommandHandler (CreatePipelineCommandHandler.java:handle(113)) - Created Pipeline RATIS ONE PipelineID=b332cd44-5569-4650-a974-285bfc804282.
2022-11-04 13:16:41,823 [Command processor thread] INFO  server.RaftServer (RaftServerProxy.java:addNew(96)) - 0dd4671e-e5ba-49c8-8afe-be056577c247: addNew group-D3D5B8692D3E:[0dd4671e-e5ba-49c8-8afe-be056577c247|rpc:10.1.1.104:32843|priority:1|startupRole:FOLLOWER] returns group-D3D5B8692D3E:java.util.concurrent.CompletableFuture@9010764[Not completed]
2022-11-04 13:16:41,825 [pool-210-thread-1] INFO  server.RaftServer$Division (RaftServerImpl.java:<init>(195)) - 0dd4671e-e5ba-49c8-8afe-be056577c247: new RaftServerImpl for group-D3D5B8692D3E:[0dd4671e-e5ba-49c8-8afe-be056577c247|rpc:10.1.1.104:32843|priority:1|startupRole:FOLLOWER] with ContainerStateMachine:uninitialized
2022-11-04 13:16:41,825 [pool-210-thread-1] INFO  server.RaftServerConfigKeys (ConfUtils.java:logGet(46)) - raft.server.rpc.timeout.min = 5s (custom)
2022-11-04 13:16:41,826 [pool-210-thread-1] INFO  server.RaftServerConfigKeys (ConfUtils.java:logGet(46)) - raft.server.rpc.timeout.max = 5200ms (custom)
2022-11-04 13:16:41,826 [pool-210-thread-1] INFO  server.RaftServerConfigKeys (ConfUtils.java:logGet(46)) - raft.server.rpc.sleep.time = 25ms (default)
2022-11-04 13:16:41,826 [pool-210-thread-1] INFO  server.RaftServerConfigKeys (ConfUtils.java:logGet(46)) - raft.server.rpc.slowness.timeout = 300s (custom)
2022-11-04 13:16:41,826 [pool-210-thread-1] INFO  server.RaftServerConfigKeys (ConfUtils.java:logGet(46)) - raft.server.leaderelection.leader.step-down.wait-time = 10s (default)
2022-11-04 13:16:41,826 [pool-210-thread-1] INFO  server.RaftServerConfigKeys (ConfUtils.java:logGet(46)) - raft.server.sleep.deviation.threshold = 300ms (default)
2022-11-04 13:16:41,826 [pool-210-thread-1] INFO  server.RaftServer$Division (ServerState.java:<init>(118)) - 0dd4671e-e5ba-49c8-8afe-be056577c247@group-D3D5B8692D3E: ConfigurationManager, init=-1: peers:[0dd4671e-e5ba-49c8-8afe-be056577c247|rpc:10.1.1.104:32843|priority:1|startupRole:FOLLOWER]|listeners:[], old=null, confs=<EMPTY_MAP>
2022-11-04 13:16:41,826 [pool-210-thread-1] INFO  server.RaftServerConfigKeys (ConfUtils.java:logGet(46)) - raft.server.storage.dir = [/home/runner/work/ozone/ozone/hadoop-ozone/integration-test/target/test-dir/MiniOzoneClusterImpl-0c0bfa66-1f5b-4f11-9fe6-cbebe0503434/datanode-6/data/ratis] (custom)
2022-11-04 13:16:41,826 [pool-210-thread-1] INFO  server.RaftServerConfigKeys (ConfUtils.java:logGet(46)) - raft.server.log.corruption.policy = EXCEPTION (default)
2022-11-04 13:16:41,826 [pool-210-thread-1] INFO  server.RaftServerConfigKeys (ConfUtils.java:logGet(46)) - raft.server.storage.free-space.min = 0MB (=0) (default)
2022-11-04 13:16:41,826 [pool-210-thread-1] INFO  server.RaftServerConfigKeys (ConfUtils.java:logGet(46)) - raft.server.notification.no-leader.timeout = 300s (custom)
2022-11-04 13:16:41,826 [pool-210-thread-1] INFO  server.RaftServerConfigKeys (ConfUtils.java:logGet(46)) - raft.server.retrycache.expirytime = 600000ms (custom)
2022-11-04 13:16:41,826 [pool-210-thread-1] INFO  server.RaftServerConfigKeys (ConfUtils.java:logGet(46)) - raft.server.retrycache.statistics.expirytime = 100μs (default)
2022-11-04 13:16:41,829 [pool-210-thread-1] INFO  server.RaftServerConfigKeys (ConfUtils.java:logGet(46)) - raft.server.log.appender.install.snapshot.enabled = false (custom)
2022-11-04 13:16:41,829 [pool-210-thread-1] INFO  server.RaftServerConfigKeys (ConfUtils.java:logGet(46)) - raft.server.threadpool.server.cached = true (default)
2022-11-04 13:16:41,829 [pool-210-thread-1] INFO  server.RaftServerConfigKeys (ConfUtils.java:logGet(46)) - raft.server.threadpool.server.size = 0 (default)
2022-11-04 13:16:41,829 [pool-210-thread-1] INFO  server.RaftServerConfigKeys (ConfUtils.java:logGet(46)) - raft.server.threadpool.client.cached = true (default)
2022-11-04 13:16:41,829 [pool-210-thread-1] INFO  server.RaftServerConfigKeys (ConfUtils.java:logGet(46)) - raft.server.threadpool.client.size = 0 (default)
2022-11-04 13:16:41,829 [pool-210-thread-1] INFO  storage.RaftStorageDirectory (RaftStorageDirectoryImpl.java:analyzeStorage(137)) - The storage directory /home/runner/work/ozone/ozone/hadoop-ozone/integration-test/target/test-dir/MiniOzoneClusterImpl-0c0bfa66-1f5b-4f11-9fe6-cbebe0503434/datanode-6/data/ratis/297006e3-55a6-4fb8-8f28-d3d5b8692d3e does not exist. Creating ...
2022-11-04 13:16:41,831 [pool-210-thread-1] INFO  storage.RaftStorageDirectory (RaftStorageDirectoryImpl.java:tryLock(231)) - Lock on /home/runner/work/ozone/ozone/hadoop-ozone/integration-test/target/test-dir/MiniOzoneClusterImpl-0c0bfa66-1f5b-4f11-9fe6-cbebe0503434/datanode-6/data/ratis/297006e3-55a6-4fb8-8f28-d3d5b8692d3e/in_use.lock acquired by nodename 14841@fv-az443-313
2022-11-04 13:16:41,832 [pool-210-thread-1] INFO  storage.RaftStorage (RaftStorageImpl.java:format(96)) - Storage directory /home/runner/work/ozone/ozone/hadoop-ozone/integration-test/target/test-dir/MiniOzoneClusterImpl-0c0bfa66-1f5b-4f11-9fe6-cbebe0503434/datanode-6/data/ratis/297006e3-55a6-4fb8-8f28-d3d5b8692d3e has been successfully formatted.
2022-11-04 13:16:41,832 [pool-210-thread-1] INFO  ratis.ContainerStateMachine (ContainerStateMachine.java:loadSnapshot(236)) - group-D3D5B8692D3E: The snapshot info is null. Setting the last applied indexto:(t:0, i:~)
2022-11-04 13:16:41,832 [pool-210-thread-1] INFO  server.RaftServerConfigKeys (ConfUtils.java:logGet(46)) - raft.server.log.use.memory = false (default)
2022-11-04 13:16:41,832 [pool-210-thread-1] INFO  server.RaftServerConfigKeys (ConfUtils.java:logGet(46)) - raft.server.log.purge.gap = 1000000 (custom)
2022-11-04 13:16:41,833 [EventQueue-PipelineReportForPipelineReportHandler] INFO  pipeline.PipelineManagerImpl (PipelineManagerImpl.java:openPipeline(367)) - Pipeline Pipeline[ Id: 297006e3-55a6-4fb8-8f28-d3d5b8692d3e, Nodes: 0dd4671e-e5ba-49c8-8afe-be056577c247{ip: 10.1.1.104, host: fv-az443-313.ap2fcshprsnunfx25e1aelzb4b.cx.internal.cloudapp.net, ports: [REPLICATION=36307, RATIS=32843, RATIS_ADMIN=32843, RATIS_SERVER=32843, STANDALONE=33921], networkLocation: /default-rack, certSerialId: null, persistedOpState: IN_SERVICE, persistedOpStateExpiryEpochSec: 0}, ReplicationConfig: RATIS/ONE, State:ALLOCATED, leaderId:0dd4671e-e5ba-49c8-8afe-be056577c247, CreationTimestamp2022-11-04T13:16:38.828Z[Etc/UTC]] moved to OPEN state
2022-11-04 13:16:41,834 [pool-210-thread-1] INFO  server.RaftServerConfigKeys (ConfUtils.java:logGet(46)) - raft.server.log.appender.buffer.byte-limit = 33554432 (custom)
2022-11-04 13:16:41,834 [pool-210-thread-1] INFO  server.RaftServerConfigKeys (ConfUtils.java:logGet(46)) - raft.server.log.statemachine.data.read.timeout = 1000ms (default)
2022-11-04 13:16:41,834 [pool-210-thread-1] INFO  server.RaftServerConfigKeys (ConfUtils.java:logGet(46)) - raft.server.log.purge.preservation.log.num = 0 (default)
2022-11-04 13:16:41,834 [pool-210-thread-1] INFO  server.RaftServerConfigKeys (ConfUtils.java:logGet(46)) - raft.server.log.segment.size.max = 1048576 (custom)
2022-11-04 13:16:41,834 [EventQueue-OpenPipelineForHealthyPipelineSafeModeRule] INFO  safemode.SCMSafeModeManager (HealthyPipelineSafeModeRule.java:process(137)) - SCM in safe mode. Healthy pipelines reported count is 0, required healthy pipeline reported count is 1
2022-11-04 13:16:41,836 [pool-210-thread-1] INFO  server.RaftServerConfigKeys (ConfUtils.java:logGet(46)) - raft.server.log.segment.cache.num.max = 2 (custom)
2022-11-04 13:16:41,836 [pool-210-thread-1] INFO  server.RaftServerConfigKeys (ConfUtils.java:logGet(46)) - raft.server.log.segment.cache.size.max = 200MB (=209715200) (default)
2022-11-04 13:16:41,836 [pool-210-thread-1] INFO  segmented.SegmentedRaftLogWorker (SegmentedRaftLogWorker.java:<init>(191)) - new 0dd4671e-e5ba-49c8-8afe-be056577c247@group-D3D5B8692D3E-SegmentedRaftLogWorker for RaftStorageImpl:Storage Directory /home/runner/work/ozone/ozone/hadoop-ozone/integration-test/target/test-dir/MiniOzoneClusterImpl-0c0bfa66-1f5b-4f11-9fe6-cbebe0503434/datanode-6/data/ratis/297006e3-55a6-4fb8-8f28-d3d5b8692d3e
2022-11-04 13:16:41,837 [pool-210-thread-1] INFO  server.RaftServerConfigKeys (ConfUtils.java:logGet(46)) - raft.server.log.queue.byte-limit = 4294967296 (custom)
2022-11-04 13:16:41,838 [pool-210-thread-1] INFO  server.RaftServerConfigKeys (ConfUtils.java:logGet(46)) - raft.server.log.queue.element-limit = 1024 (custom)
2022-11-04 13:16:41,838 [pool-210-thread-1] INFO  server.RaftServerConfigKeys (ConfUtils.java:logGet(46)) - raft.server.log.segment.size.max = 1048576 (custom)
2022-11-04 13:16:41,838 [pool-210-thread-1] INFO  server.RaftServerConfigKeys (ConfUtils.java:logGet(46)) - raft.server.log.preallocated.size = 16384 (custom)
2022-11-04 13:16:41,838 [pool-210-thread-1] INFO  server.RaftServerConfigKeys (ConfUtils.java:logGet(46)) - raft.server.log.force.sync.num = 128 (default)
2022-11-04 13:16:41,838 [pool-210-thread-1] INFO  server.RaftServerConfigKeys (ConfUtils.java:logGet(46)) - raft.server.log.statemachine.data.sync = true (default)
2022-11-04 13:16:41,838 [pool-210-thread-1] INFO  server.RaftServerConfigKeys (ConfUtils.java:logGet(46)) - raft.server.log.statemachine.data.sync.timeout = 10s (default)
2022-11-04 13:16:41,838 [pool-210-thread-1] INFO  server.RaftServerConfigKeys (ConfUtils.java:logGet(46)) - raft.server.log.statemachine.data.sync.timeout.retry = -1 (default)
2022-11-04 13:16:41,839 [pool-210-thread-1] INFO  server.RaftServerConfigKeys (ConfUtils.java:logGet(46)) - raft.server.log.write.buffer.size = 1048576 (custom)
2022-11-04 13:16:41,839 [pool-210-thread-1] INFO  server.RaftServerConfigKeys (ConfUtils.java:logGet(46)) - raft.server.log.unsafe-flush.enabled = false (default)
2022-11-04 13:16:41,839 [pool-210-thread-1] INFO  server.RaftServerConfigKeys (ConfUtils.java:logGet(46)) - raft.server.log.async-flush.enabled = false (default)
2022-11-04 13:16:41,839 [pool-210-thread-1] INFO  server.RaftServerConfigKeys (ConfUtils.java:logGet(46)) - raft.server.log.statemachine.data.caching.enabled = true (custom)
2022-11-04 13:16:41,840 [pool-210-thread-1] INFO  segmented.SegmentedRaftLogWorker (SegmentedRaftLogWorker.java:lambda$new$0(136)) - 0dd4671e-e5ba-49c8-8afe-be056577c247@group-D3D5B8692D3E-SegmentedRaftLogWorker: flushIndex: setUnconditionally 0 -> -1
2022-11-04 13:16:41,840 [pool-210-thread-1] INFO  segmented.SegmentedRaftLogWorker (SegmentedRaftLogWorker.java:lambda$new$0(136)) - 0dd4671e-e5ba-49c8-8afe-be056577c247@group-D3D5B8692D3E-SegmentedRaftLogWorker: safeCacheEvictIndex: setUnconditionally 0 -> -1
2022-11-04 13:16:41,840 [pool-210-thread-1] INFO  server.RaftServer$Division (RaftServerImpl.java:start(334)) - 0dd4671e-e5ba-49c8-8afe-be056577c247@group-D3D5B8692D3E: start as a follower, conf=-1: peers:[0dd4671e-e5ba-49c8-8afe-be056577c247|rpc:10.1.1.104:32843|priority:1|startupRole:FOLLOWER]|listeners:[], old=null
2022-11-04 13:16:41,840 [pool-210-thread-1] INFO  server.RaftServer$Division (RaftServerImpl.java:setRole(321)) - 0dd4671e-e5ba-49c8-8afe-be056577c247@group-D3D5B8692D3E: changes role from      null to FOLLOWER at term 0 for startAsFollower
2022-11-04 13:16:41,841 [pool-210-thread-1] INFO  impl.RoleInfo (RoleInfo.java:updateAndGet(139)) - 0dd4671e-e5ba-49c8-8afe-be056577c247: start 0dd4671e-e5ba-49c8-8afe-be056577c247@group-D3D5B8692D3E-FollowerState
2022-11-04 13:16:41,848 [0dd4671e-e5ba-49c8-8afe-be056577c247@group-D3D5B8692D3E-FollowerState] INFO  server.RaftServerConfigKeys (ConfUtils.java:logFallback(53)) - raft.server.rpc.first-election.timeout.min = 5s (fallback to raft.server.rpc.timeout.min)
2022-11-04 13:16:41,848 [0dd4671e-e5ba-49c8-8afe-be056577c247@group-D3D5B8692D3E-FollowerState] INFO  server.RaftServerConfigKeys (ConfUtils.java:logFallback(53)) - raft.server.rpc.first-election.timeout.max = 5200ms (fallback to raft.server.rpc.timeout.max)
2022-11-04 13:16:41,852 [pool-210-thread-1] INFO  util.JmxRegister (JmxRegister.java:tryRegister(44)) - Successfully registered JMX Bean with object name Ratis:service=RaftServer,group=group-D3D5B8692D3E,id=0dd4671e-e5ba-49c8-8afe-be056577c247
2022-11-04 13:16:41,852 [pool-210-thread-1] INFO  server.RaftServerConfigKeys (ConfUtils.java:logGet(46)) - raft.server.snapshot.auto.trigger.enabled = true (custom)
2022-11-04 13:16:41,852 [pool-210-thread-1] INFO  server.RaftServerConfigKeys (ConfUtils.java:logGet(46)) - raft.server.snapshot.auto.trigger.threshold = 10000 (custom)
2022-11-04 13:16:41,852 [pool-210-thread-1] INFO  server.RaftServerConfigKeys (ConfUtils.java:logGet(46)) - raft.server.snapshot.retention.file.num = 5 (custom)
2022-11-04 13:16:41,852 [pool-210-thread-1] INFO  server.RaftServerConfigKeys (ConfUtils.java:logGet(46)) - raft.server.log.purge.upto.snapshot.index = false (default)
2022-11-04 13:16:41,853 [Command processor thread] INFO  ratis.XceiverServerRatis (XceiverServerRatis.java:addGroup(765)) - Created group PipelineID=297006e3-55a6-4fb8-8f28-d3d5b8692d3e
2022-11-04 13:16:41,853 [Command processor thread] INFO  commandhandler.CreatePipelineCommandHandler (CreatePipelineCommandHandler.java:handle(113)) - Created Pipeline RATIS ONE PipelineID=297006e3-55a6-4fb8-8f28-d3d5b8692d3e.
2022-11-04 13:16:41,853 [Command processor thread] INFO  server.RaftServer (RaftServerProxy.java:addNew(96)) - 0dd4671e-e5ba-49c8-8afe-be056577c247: addNew group-204990BD3269:[c32434d6-2497-484c-95de-45f9e03d5624|rpc:10.1.1.104:38331|priority:0|startupRole:FOLLOWER, 0dd4671e-e5ba-49c8-8afe-be056577c247|rpc:10.1.1.104:32843|priority:1|startupRole:FOLLOWER, 5b5b9152-5d2c-4522-9940-e93bc8d8546d|rpc:10.1.1.104:42221|priority:0|startupRole:FOLLOWER] returns group-204990BD3269:java.util.concurrent.CompletableFuture@d3e829c[Not completed]
2022-11-04 13:16:41,856 [pool-210-thread-1] INFO  server.RaftServer$Division (RaftServerImpl.java:<init>(195)) - 0dd4671e-e5ba-49c8-8afe-be056577c247: new RaftServerImpl for group-204990BD3269:[c32434d6-2497-484c-95de-45f9e03d5624|rpc:10.1.1.104:38331|priority:0|startupRole:FOLLOWER, 0dd4671e-e5ba-49c8-8afe-be056577c247|rpc:10.1.1.104:32843|priority:1|startupRole:FOLLOWER, 5b5b9152-5d2c-4522-9940-e93bc8d8546d|rpc:10.1.1.104:42221|priority:0|startupRole:FOLLOWER] with ContainerStateMachine:uninitialized
2022-11-04 13:16:41,856 [pool-210-thread-1] INFO  server.RaftServerConfigKeys (ConfUtils.java:logGet(46)) - raft.server.rpc.timeout.min = 5s (custom)
2022-11-04 13:16:41,856 [pool-210-thread-1] INFO  server.RaftServerConfigKeys (ConfUtils.java:logGet(46)) - raft.server.rpc.timeout.max = 5200ms (custom)
2022-11-04 13:16:41,856 [pool-210-thread-1] INFO  server.RaftServerConfigKeys (ConfUtils.java:logGet(46)) - raft.server.rpc.sleep.time = 25ms (default)
2022-11-04 13:16:41,856 [pool-210-thread-1] INFO  server.RaftServerConfigKeys (ConfUtils.java:logGet(46)) - raft.server.rpc.slowness.timeout = 300s (custom)
2022-11-04 13:16:41,856 [pool-210-thread-1] INFO  server.RaftServerConfigKeys (ConfUtils.java:logGet(46)) - raft.server.leaderelection.leader.step-down.wait-time = 10s (default)
2022-11-04 13:16:41,856 [pool-210-thread-1] INFO  server.RaftServerConfigKeys (ConfUtils.java:logGet(46)) - raft.server.sleep.deviation.threshold = 300ms (default)
2022-11-04 13:16:41,856 [pool-210-thread-1] INFO  server.RaftServer$Division (ServerState.java:<init>(118)) - 0dd4671e-e5ba-49c8-8afe-be056577c247@group-204990BD3269: ConfigurationManager, init=-1: peers:[c32434d6-2497-484c-95de-45f9e03d5624|rpc:10.1.1.104:38331|priority:0|startupRole:FOLLOWER, 0dd4671e-e5ba-49c8-8afe-be056577c247|rpc:10.1.1.104:32843|priority:1|startupRole:FOLLOWER, 5b5b9152-5d2c-4522-9940-e93bc8d8546d|rpc:10.1.1.104:42221|priority:0|startupRole:FOLLOWER]|listeners:[], old=null, confs=<EMPTY_MAP>
2022-11-04 13:16:41,856 [pool-210-thread-1] INFO  server.RaftServerConfigKeys (ConfUtils.java:logGet(46)) - raft.server.storage.dir = [/home/runner/work/ozone/ozone/hadoop-ozone/integration-test/target/test-dir/MiniOzoneClusterImpl-0c0bfa66-1f5b-4f11-9fe6-cbebe0503434/datanode-6/data/ratis] (custom)
2022-11-04 13:16:41,856 [pool-210-thread-1] INFO  server.RaftServerConfigKeys (ConfUtils.java:logGet(46)) - raft.server.log.corruption.policy = EXCEPTION (default)
2022-11-04 13:16:41,857 [pool-210-thread-1] INFO  server.RaftServerConfigKeys (ConfUtils.java:logGet(46)) - raft.server.storage.free-space.min = 0MB (=0) (default)
2022-11-04 13:16:41,857 [pool-210-thread-1] INFO  server.RaftServerConfigKeys (ConfUtils.java:logGet(46)) - raft.server.notification.no-leader.timeout = 300s (custom)
2022-11-04 13:16:41,857 [pool-210-thread-1] INFO  server.RaftServerConfigKeys (ConfUtils.java:logGet(46)) - raft.server.retrycache.expirytime = 600000ms (custom)
2022-11-04 13:16:41,857 [pool-210-thread-1] INFO  server.RaftServerConfigKeys (ConfUtils.java:logGet(46)) - raft.server.retrycache.statistics.expirytime = 100μs (default)
2022-11-04 13:16:41,858 [pool-210-thread-1] INFO  server.RaftServerConfigKeys (ConfUtils.java:logGet(46)) - raft.server.log.appender.install.snapshot.enabled = false (custom)
2022-11-04 13:16:41,858 [pool-210-thread-1] INFO  server.RaftServerConfigKeys (ConfUtils.java:logGet(46)) - raft.server.threadpool.server.cached = true (default)
2022-11-04 13:16:41,858 [pool-210-thread-1] INFO  server.RaftServerConfigKeys (ConfUtils.java:logGet(46)) - raft.server.threadpool.server.size = 0 (default)
2022-11-04 13:16:41,858 [pool-210-thread-1] INFO  server.RaftServerConfigKeys (ConfUtils.java:logGet(46)) - raft.server.threadpool.client.cached = true (default)
2022-11-04 13:16:41,858 [pool-210-thread-1] INFO  server.RaftServerConfigKeys (ConfUtils.java:logGet(46)) - raft.server.threadpool.client.size = 0 (default)
2022-11-04 13:16:41,858 [pool-210-thread-1] INFO  storage.RaftStorageDirectory (RaftStorageDirectoryImpl.java:analyzeStorage(137)) - The storage directory /home/runner/work/ozone/ozone/hadoop-ozone/integration-test/target/test-dir/MiniOzoneClusterImpl-0c0bfa66-1f5b-4f11-9fe6-cbebe0503434/datanode-6/data/ratis/88eee1e1-fcc8-4f36-800d-204990bd3269 does not exist. Creating ...
2022-11-04 13:16:41,860 [pool-210-thread-1] INFO  storage.RaftStorageDirectory (RaftStorageDirectoryImpl.java:tryLock(231)) - Lock on /home/runner/work/ozone/ozone/hadoop-ozone/integration-test/target/test-dir/MiniOzoneClusterImpl-0c0bfa66-1f5b-4f11-9fe6-cbebe0503434/datanode-6/data/ratis/88eee1e1-fcc8-4f36-800d-204990bd3269/in_use.lock acquired by nodename 14841@fv-az443-313
2022-11-04 13:16:41,861 [pool-210-thread-1] INFO  storage.RaftStorage (RaftStorageImpl.java:format(96)) - Storage directory /home/runner/work/ozone/ozone/hadoop-ozone/integration-test/target/test-dir/MiniOzoneClusterImpl-0c0bfa66-1f5b-4f11-9fe6-cbebe0503434/datanode-6/data/ratis/88eee1e1-fcc8-4f36-800d-204990bd3269 has been successfully formatted.
2022-11-04 13:16:41,862 [pool-210-thread-1] INFO  ratis.ContainerStateMachine (ContainerStateMachine.java:loadSnapshot(236)) - group-204990BD3269: The snapshot info is null. Setting the last applied indexto:(t:0, i:~)
2022-11-04 13:16:41,862 [pool-210-thread-1] INFO  server.RaftServerConfigKeys (ConfUtils.java:logGet(46)) - raft.server.log.use.memory = false (default)
2022-11-04 13:16:41,862 [pool-210-thread-1] INFO  server.RaftServerConfigKeys (ConfUtils.java:logGet(46)) - raft.server.log.purge.gap = 1000000 (custom)
2022-11-04 13:16:41,862 [pool-210-thread-1] INFO  server.RaftServerConfigKeys (ConfUtils.java:logGet(46)) - raft.server.log.appender.buffer.byte-limit = 33554432 (custom)
2022-11-04 13:16:41,862 [pool-210-thread-1] INFO  server.RaftServerConfigKeys (ConfUtils.java:logGet(46)) - raft.server.log.statemachine.data.read.timeout = 1000ms (default)
2022-11-04 13:16:41,862 [pool-210-thread-1] INFO  server.RaftServerConfigKeys (ConfUtils.java:logGet(46)) - raft.server.log.purge.preservation.log.num = 0 (default)
2022-11-04 13:16:41,862 [pool-210-thread-1] INFO  server.RaftServerConfigKeys (ConfUtils.java:logGet(46)) - raft.server.log.segment.size.max = 1048576 (custom)
2022-11-04 13:16:41,863 [EventQueue-OpenPipelineForHealthyPipelineSafeModeRule] INFO  safemode.SCMSafeModeManager (HealthyPipelineSafeModeRule.java:process(137)) - SCM in safe mode. Healthy pipelines reported count is 0, required healthy pipeline reported count is 1
2022-11-04 13:16:41,869 [pool-210-thread-1] INFO  server.RaftServerConfigKeys (ConfUtils.java:logGet(46)) - raft.server.log.segment.cache.num.max = 2 (custom)
2022-11-04 13:16:41,869 [pool-210-thread-1] INFO  server.RaftServerConfigKeys (ConfUtils.java:logGet(46)) - raft.server.log.segment.cache.size.max = 200MB (=209715200) (default)
2022-11-04 13:16:41,869 [pool-210-thread-1] INFO  segmented.SegmentedRaftLogWorker (SegmentedRaftLogWorker.java:<init>(191)) - new 0dd4671e-e5ba-49c8-8afe-be056577c247@group-204990BD3269-SegmentedRaftLogWorker for RaftStorageImpl:Storage Directory /home/runner/work/ozone/ozone/hadoop-ozone/integration-test/target/test-dir/MiniOzoneClusterImpl-0c0bfa66-1f5b-4f11-9fe6-cbebe0503434/datanode-6/data/ratis/88eee1e1-fcc8-4f36-800d-204990bd3269
2022-11-04 13:16:41,869 [pool-210-thread-1] INFO  server.RaftServerConfigKeys (ConfUtils.java:logGet(46)) - raft.server.log.queue.byte-limit = 4294967296 (custom)
2022-11-04 13:16:41,869 [pool-210-thread-1] INFO  server.RaftServerConfigKeys (ConfUtils.java:logGet(46)) - raft.server.log.queue.element-limit = 1024 (custom)
2022-11-04 13:16:41,869 [pool-210-thread-1] INFO  server.RaftServerConfigKeys (ConfUtils.java:logGet(46)) - raft.server.log.segment.size.max = 1048576 (custom)
2022-11-04 13:16:41,869 [pool-210-thread-1] INFO  server.RaftServerConfigKeys (ConfUtils.java:logGet(46)) - raft.server.log.preallocated.size = 16384 (custom)
2022-11-04 13:16:41,869 [pool-210-thread-1] INFO  server.RaftServerConfigKeys (ConfUtils.java:logGet(46)) - raft.server.log.force.sync.num = 128 (default)
2022-11-04 13:16:41,869 [pool-210-thread-1] INFO  server.RaftServerConfigKeys (ConfUtils.java:logGet(46)) - raft.server.log.statemachine.data.sync = true (default)
2022-11-04 13:16:41,869 [pool-210-thread-1] INFO  server.RaftServerConfigKeys (ConfUtils.java:logGet(46)) - raft.server.log.statemachine.data.sync.timeout = 10s (default)
2022-11-04 13:16:41,869 [pool-210-thread-1] INFO  server.RaftServerConfigKeys (ConfUtils.java:logGet(46)) - raft.server.log.statemachine.data.sync.timeout.retry = -1 (default)
2022-11-04 13:16:41,870 [pool-210-thread-1] INFO  server.RaftServerConfigKeys (ConfUtils.java:logGet(46)) - raft.server.log.write.buffer.size = 1048576 (custom)
2022-11-04 13:16:41,871 [pool-210-thread-1] INFO  server.RaftServerConfigKeys (ConfUtils.java:logGet(46)) - raft.server.log.unsafe-flush.enabled = false (default)
2022-11-04 13:16:41,871 [pool-210-thread-1] INFO  server.RaftServerConfigKeys (ConfUtils.java:logGet(46)) - raft.server.log.async-flush.enabled = false (default)
2022-11-04 13:16:41,871 [pool-210-thread-1] INFO  server.RaftServerConfigKeys (ConfUtils.java:logGet(46)) - raft.server.log.statemachine.data.caching.enabled = true (custom)
2022-11-04 13:16:41,871 [pool-210-thread-1] INFO  segmented.SegmentedRaftLogWorker (SegmentedRaftLogWorker.java:lambda$new$0(136)) - 0dd4671e-e5ba-49c8-8afe-be056577c247@group-204990BD3269-SegmentedRaftLogWorker: flushIndex: setUnconditionally 0 -> -1
2022-11-04 13:16:41,871 [pool-210-thread-1] INFO  segmented.SegmentedRaftLogWorker (SegmentedRaftLogWorker.java:lambda$new$0(136)) - 0dd4671e-e5ba-49c8-8afe-be056577c247@group-204990BD3269-SegmentedRaftLogWorker: safeCacheEvictIndex: setUnconditionally 0 -> -1
2022-11-04 13:16:41,872 [pool-210-thread-1] INFO  server.RaftServer$Division (RaftServerImpl.java:start(334)) - 0dd4671e-e5ba-49c8-8afe-be056577c247@group-204990BD3269: start as a follower, conf=-1: peers:[c32434d6-2497-484c-95de-45f9e03d5624|rpc:10.1.1.104:38331|priority:0|startupRole:FOLLOWER, 0dd4671e-e5ba-49c8-8afe-be056577c247|rpc:10.1.1.104:32843|priority:1|startupRole:FOLLOWER, 5b5b9152-5d2c-4522-9940-e93bc8d8546d|rpc:10.1.1.104:42221|priority:0|startupRole:FOLLOWER]|listeners:[], old=null
2022-11-04 13:16:41,872 [pool-210-thread-1] INFO  server.RaftServer$Division (RaftServerImpl.java:setRole(321)) - 0dd4671e-e5ba-49c8-8afe-be056577c247@group-204990BD3269: changes role from      null to FOLLOWER at term 0 for startAsFollower
2022-11-04 13:16:41,872 [pool-210-thread-1] INFO  impl.RoleInfo (RoleInfo.java:updateAndGet(139)) - 0dd4671e-e5ba-49c8-8afe-be056577c247: start 0dd4671e-e5ba-49c8-8afe-be056577c247@group-204990BD3269-FollowerState
2022-11-04 13:16:41,872 [pool-210-thread-1] INFO  util.JmxRegister (JmxRegister.java:tryRegister(44)) - Successfully registered JMX Bean with object name Ratis:service=RaftServer,group=group-204990BD3269,id=0dd4671e-e5ba-49c8-8afe-be056577c247
2022-11-04 13:16:41,872 [pool-210-thread-1] INFO  server.RaftServerConfigKeys (ConfUtils.java:logGet(46)) - raft.server.snapshot.auto.trigger.enabled = true (custom)
2022-11-04 13:16:41,875 [pool-210-thread-1] INFO  server.RaftServerConfigKeys (ConfUtils.java:logGet(46)) - raft.server.snapshot.auto.trigger.threshold = 10000 (custom)
2022-11-04 13:16:41,875 [pool-210-thread-1] INFO  server.RaftServerConfigKeys (ConfUtils.java:logGet(46)) - raft.server.snapshot.retention.file.num = 5 (custom)
2022-11-04 13:16:41,875 [pool-210-thread-1] INFO  server.RaftServerConfigKeys (ConfUtils.java:logGet(46)) - raft.server.log.purge.upto.snapshot.index = false (default)
2022-11-04 13:16:41,875 [0dd4671e-e5ba-49c8-8afe-be056577c247@group-204990BD3269-FollowerState] INFO  server.RaftServerConfigKeys (ConfUtils.java:logFallback(53)) - raft.server.rpc.first-election.timeout.min = 5s (fallback to raft.server.rpc.timeout.min)
2022-11-04 13:16:41,875 [0dd4671e-e5ba-49c8-8afe-be056577c247@group-204990BD3269-FollowerState] INFO  server.RaftServerConfigKeys (ConfUtils.java:logFallback(53)) - raft.server.rpc.first-election.timeout.max = 5200ms (fallback to raft.server.rpc.timeout.max)
2022-11-04 13:16:41,876 [Command processor thread] INFO  ratis.XceiverServerRatis (XceiverServerRatis.java:addGroup(765)) - Created group PipelineID=88eee1e1-fcc8-4f36-800d-204990bd3269
2022-11-04 13:16:41,893 [grpc-default-executor-0] INFO  server.RaftServer (RaftServerProxy.java:addNew(96)) - c32434d6-2497-484c-95de-45f9e03d5624: addNew group-204990BD3269:[c32434d6-2497-484c-95de-45f9e03d5624|rpc:10.1.1.104:38331|dataStream:|priority:0|startupRole:FOLLOWER, 0dd4671e-e5ba-49c8-8afe-be056577c247|rpc:10.1.1.104:32843|dataStream:|priority:1|startupRole:FOLLOWER, 5b5b9152-5d2c-4522-9940-e93bc8d8546d|rpc:10.1.1.104:42221|dataStream:|priority:0|startupRole:FOLLOWER] returns group-204990BD3269:java.util.concurrent.CompletableFuture@6a252192[Not completed]
2022-11-04 13:16:41,894 [pool-264-thread-1] INFO  server.RaftServer$Division (RaftServerImpl.java:<init>(195)) - c32434d6-2497-484c-95de-45f9e03d5624: new RaftServerImpl for group-204990BD3269:[c32434d6-2497-484c-95de-45f9e03d5624|rpc:10.1.1.104:38331|dataStream:|priority:0|startupRole:FOLLOWER, 0dd4671e-e5ba-49c8-8afe-be056577c247|rpc:10.1.1.104:32843|dataStream:|priority:1|startupRole:FOLLOWER, 5b5b9152-5d2c-4522-9940-e93bc8d8546d|rpc:10.1.1.104:42221|dataStream:|priority:0|startupRole:FOLLOWER] with ContainerStateMachine:uninitialized
2022-11-04 13:16:41,894 [pool-264-thread-1] INFO  server.RaftServerConfigKeys (ConfUtils.java:logGet(46)) - raft.server.rpc.timeout.min = 5s (custom)
2022-11-04 13:16:41,894 [pool-264-thread-1] INFO  server.RaftServerConfigKeys (ConfUtils.java:logGet(46)) - raft.server.rpc.timeout.max = 5200ms (custom)
2022-11-04 13:16:41,894 [pool-264-thread-1] INFO  server.RaftServerConfigKeys (ConfUtils.java:logGet(46)) - raft.server.rpc.sleep.time = 25ms (default)
2022-11-04 13:16:41,894 [pool-264-thread-1] INFO  server.RaftServerConfigKeys (ConfUtils.java:logGet(46)) - raft.server.rpc.slowness.timeout = 300s (custom)
2022-11-04 13:16:41,894 [pool-264-thread-1] INFO  server.RaftServerConfigKeys (ConfUtils.java:logGet(46)) - raft.server.leaderelection.leader.step-down.wait-time = 10s (default)
2022-11-04 13:16:41,894 [pool-264-thread-1] INFO  server.RaftServerConfigKeys (ConfUtils.java:logGet(46)) - raft.server.sleep.deviation.threshold = 300ms (default)
2022-11-04 13:16:41,894 [pool-264-thread-1] INFO  server.RaftServer$Division (ServerState.java:<init>(118)) - c32434d6-2497-484c-95de-45f9e03d5624@group-204990BD3269: ConfigurationManager, init=-1: peers:[c32434d6-2497-484c-95de-45f9e03d5624|rpc:10.1.1.104:38331|dataStream:|priority:0|startupRole:FOLLOWER, 0dd4671e-e5ba-49c8-8afe-be056577c247|rpc:10.1.1.104:32843|dataStream:|priority:1|startupRole:FOLLOWER, 5b5b9152-5d2c-4522-9940-e93bc8d8546d|rpc:10.1.1.104:42221|dataStream:|priority:0|startupRole:FOLLOWER]|listeners:[], old=null, confs=<EMPTY_MAP>
2022-11-04 13:16:41,894 [pool-264-thread-1] INFO  server.RaftServerConfigKeys (ConfUtils.java:logGet(46)) - raft.server.storage.dir = [/home/runner/work/ozone/ozone/hadoop-ozone/integration-test/target/test-dir/MiniOzoneClusterImpl-0c0bfa66-1f5b-4f11-9fe6-cbebe0503434/datanode-8/data/ratis] (custom)
2022-11-04 13:16:41,895 [pool-264-thread-1] INFO  server.RaftServerConfigKeys (ConfUtils.java:logGet(46)) - raft.server.log.corruption.policy = EXCEPTION (default)
2022-11-04 13:16:41,895 [pool-264-thread-1] INFO  server.RaftServerConfigKeys (ConfUtils.java:logGet(46)) - raft.server.storage.free-space.min = 0MB (=0) (default)
2022-11-04 13:16:41,895 [pool-264-thread-1] INFO  server.RaftServerConfigKeys (ConfUtils.java:logGet(46)) - raft.server.notification.no-leader.timeout = 300s (custom)
2022-11-04 13:16:41,895 [pool-264-thread-1] INFO  server.RaftServerConfigKeys (ConfUtils.java:logGet(46)) - raft.server.retrycache.expirytime = 600000ms (custom)
2022-11-04 13:16:41,895 [pool-264-thread-1] INFO  server.RaftServerConfigKeys (ConfUtils.java:logGet(46)) - raft.server.retrycache.statistics.expirytime = 100μs (default)
2022-11-04 13:16:41,897 [pool-264-thread-1] INFO  server.RaftServerConfigKeys (ConfUtils.java:logGet(46)) - raft.server.log.appender.install.snapshot.enabled = false (custom)
2022-11-04 13:16:41,897 [pool-264-thread-1] INFO  server.RaftServerConfigKeys (ConfUtils.java:logGet(46)) - raft.server.threadpool.server.cached = true (default)
2022-11-04 13:16:41,897 [pool-264-thread-1] INFO  server.RaftServerConfigKeys (ConfUtils.java:logGet(46)) - raft.server.threadpool.server.size = 0 (default)
2022-11-04 13:16:41,897 [pool-264-thread-1] INFO  server.RaftServerConfigKeys (ConfUtils.java:logGet(46)) - raft.server.threadpool.client.cached = true (default)
2022-11-04 13:16:41,897 [pool-264-thread-1] INFO  server.RaftServerConfigKeys (ConfUtils.java:logGet(46)) - raft.server.threadpool.client.size = 0 (default)
2022-11-04 13:16:41,897 [pool-264-thread-1] INFO  storage.RaftStorageDirectory (RaftStorageDirectoryImpl.java:analyzeStorage(137)) - The storage directory /home/runner/work/ozone/ozone/hadoop-ozone/integration-test/target/test-dir/MiniOzoneClusterImpl-0c0bfa66-1f5b-4f11-9fe6-cbebe0503434/datanode-8/data/ratis/88eee1e1-fcc8-4f36-800d-204990bd3269 does not exist. Creating ...
2022-11-04 13:16:41,898 [pool-264-thread-1] INFO  storage.RaftStorageDirectory (RaftStorageDirectoryImpl.java:tryLock(231)) - Lock on /home/runner/work/ozone/ozone/hadoop-ozone/integration-test/target/test-dir/MiniOzoneClusterImpl-0c0bfa66-1f5b-4f11-9fe6-cbebe0503434/datanode-8/data/ratis/88eee1e1-fcc8-4f36-800d-204990bd3269/in_use.lock acquired by nodename 14841@fv-az443-313
2022-11-04 13:16:41,899 [pool-264-thread-1] INFO  storage.RaftStorage (RaftStorageImpl.java:format(96)) - Storage directory /home/runner/work/ozone/ozone/hadoop-ozone/integration-test/target/test-dir/MiniOzoneClusterImpl-0c0bfa66-1f5b-4f11-9fe6-cbebe0503434/datanode-8/data/ratis/88eee1e1-fcc8-4f36-800d-204990bd3269 has been successfully formatted.
2022-11-04 13:16:41,900 [pool-264-thread-1] INFO  ratis.ContainerStateMachine (ContainerStateMachine.java:loadSnapshot(236)) - group-204990BD3269: The snapshot info is null. Setting the last applied indexto:(t:0, i:~)
2022-11-04 13:16:41,900 [pool-264-thread-1] INFO  server.RaftServerConfigKeys (ConfUtils.java:logGet(46)) - raft.server.log.use.memory = false (default)
2022-11-04 13:16:41,900 [pool-264-thread-1] INFO  server.RaftServerConfigKeys (ConfUtils.java:logGet(46)) - raft.server.log.purge.gap = 1000000 (custom)
2022-11-04 13:16:41,900 [pool-264-thread-1] INFO  server.RaftServerConfigKeys (ConfUtils.java:logGet(46)) - raft.server.log.appender.buffer.byte-limit = 33554432 (custom)
2022-11-04 13:16:41,900 [pool-264-thread-1] INFO  server.RaftServerConfigKeys (ConfUtils.java:logGet(46)) - raft.server.log.statemachine.data.read.timeout = 1000ms (default)
2022-11-04 13:16:41,900 [pool-264-thread-1] INFO  server.RaftServerConfigKeys (ConfUtils.java:logGet(46)) - raft.server.log.purge.preservation.log.num = 0 (default)
2022-11-04 13:16:41,902 [pool-264-thread-1] INFO  server.RaftServerConfigKeys (ConfUtils.java:logGet(46)) - raft.server.log.segment.size.max = 1048576 (custom)
2022-11-04 13:16:41,903 [pool-264-thread-1] INFO  server.RaftServerConfigKeys (ConfUtils.java:logGet(46)) - raft.server.log.segment.cache.num.max = 2 (custom)
2022-11-04 13:16:41,903 [pool-264-thread-1] INFO  server.RaftServerConfigKeys (ConfUtils.java:logGet(46)) - raft.server.log.segment.cache.size.max = 200MB (=209715200) (default)
2022-11-04 13:16:41,903 [pool-264-thread-1] INFO  segmented.SegmentedRaftLogWorker (SegmentedRaftLogWorker.java:<init>(191)) - new c32434d6-2497-484c-95de-45f9e03d5624@group-204990BD3269-SegmentedRaftLogWorker for RaftStorageImpl:Storage Directory /home/runner/work/ozone/ozone/hadoop-ozone/integration-test/target/test-dir/MiniOzoneClusterImpl-0c0bfa66-1f5b-4f11-9fe6-cbebe0503434/datanode-8/data/ratis/88eee1e1-fcc8-4f36-800d-204990bd3269
2022-11-04 13:16:41,903 [pool-264-thread-1] INFO  server.RaftServerConfigKeys (ConfUtils.java:logGet(46)) - raft.server.log.queue.byte-limit = 4294967296 (custom)
2022-11-04 13:16:41,903 [pool-264-thread-1] INFO  server.RaftServerConfigKeys (ConfUtils.java:logGet(46)) - raft.server.log.queue.element-limit = 1024 (custom)
2022-11-04 13:16:41,903 [pool-264-thread-1] INFO  server.RaftServerConfigKeys (ConfUtils.java:logGet(46)) - raft.server.log.segment.size.max = 1048576 (custom)
2022-11-04 13:16:41,903 [pool-264-thread-1] INFO  server.RaftServerConfigKeys (ConfUtils.java:logGet(46)) - raft.server.log.preallocated.size = 16384 (custom)
2022-11-04 13:16:41,903 [pool-264-thread-1] INFO  server.RaftServerConfigKeys (ConfUtils.java:logGet(46)) - raft.server.log.force.sync.num = 128 (default)
2022-11-04 13:16:41,903 [pool-264-thread-1] INFO  server.RaftServerConfigKeys (ConfUtils.java:logGet(46)) - raft.server.log.statemachine.data.sync = true (default)
2022-11-04 13:16:41,903 [pool-264-thread-1] INFO  server.RaftServerConfigKeys (ConfUtils.java:logGet(46)) - raft.server.log.statemachine.data.sync.timeout = 10s (default)
2022-11-04 13:16:41,903 [pool-264-thread-1] INFO  server.RaftServerConfigKeys (ConfUtils.java:logGet(46)) - raft.server.log.statemachine.data.sync.timeout.retry = -1 (default)
2022-11-04 13:16:41,905 [pool-264-thread-1] INFO  server.RaftServerConfigKeys (ConfUtils.java:logGet(46)) - raft.server.log.write.buffer.size = 1048576 (custom)
2022-11-04 13:16:41,905 [pool-264-thread-1] INFO  server.RaftServerConfigKeys (ConfUtils.java:logGet(46)) - raft.server.log.unsafe-flush.enabled = false (default)
2022-11-04 13:16:41,905 [pool-264-thread-1] INFO  server.RaftServerConfigKeys (ConfUtils.java:logGet(46)) - raft.server.log.async-flush.enabled = false (default)
2022-11-04 13:16:41,905 [pool-264-thread-1] INFO  server.RaftServerConfigKeys (ConfUtils.java:logGet(46)) - raft.server.log.statemachine.data.caching.enabled = true (custom)
2022-11-04 13:16:41,905 [pool-264-thread-1] INFO  segmented.SegmentedRaftLogWorker (SegmentedRaftLogWorker.java:lambda$new$0(136)) - c32434d6-2497-484c-95de-45f9e03d5624@group-204990BD3269-SegmentedRaftLogWorker: flushIndex: setUnconditionally 0 -> -1
2022-11-04 13:16:41,906 [pool-264-thread-1] INFO  segmented.SegmentedRaftLogWorker (SegmentedRaftLogWorker.java:lambda$new$0(136)) - c32434d6-2497-484c-95de-45f9e03d5624@group-204990BD3269-SegmentedRaftLogWorker: safeCacheEvictIndex: setUnconditionally 0 -> -1
2022-11-04 13:16:41,908 [pool-264-thread-1] INFO  server.RaftServer$Division (RaftServerImpl.java:start(334)) - c32434d6-2497-484c-95de-45f9e03d5624@group-204990BD3269: start as a follower, conf=-1: peers:[c32434d6-2497-484c-95de-45f9e03d5624|rpc:10.1.1.104:38331|dataStream:|priority:0|startupRole:FOLLOWER, 0dd4671e-e5ba-49c8-8afe-be056577c247|rpc:10.1.1.104:32843|dataStream:|priority:1|startupRole:FOLLOWER, 5b5b9152-5d2c-4522-9940-e93bc8d8546d|rpc:10.1.1.104:42221|dataStream:|priority:0|startupRole:FOLLOWER]|listeners:[], old=null
2022-11-04 13:16:41,908 [pool-264-thread-1] INFO  server.RaftServer$Division (RaftServerImpl.java:setRole(321)) - c32434d6-2497-484c-95de-45f9e03d5624@group-204990BD3269: changes role from      null to FOLLOWER at term 0 for startAsFollower
2022-11-04 13:16:41,908 [pool-264-thread-1] INFO  impl.RoleInfo (RoleInfo.java:updateAndGet(139)) - c32434d6-2497-484c-95de-45f9e03d5624: start c32434d6-2497-484c-95de-45f9e03d5624@group-204990BD3269-FollowerState
2022-11-04 13:16:41,909 [c32434d6-2497-484c-95de-45f9e03d5624@group-204990BD3269-FollowerState] INFO  server.RaftServerConfigKeys (ConfUtils.java:logFallback(53)) - raft.server.rpc.first-election.timeout.min = 5s (fallback to raft.server.rpc.timeout.min)
2022-11-04 13:16:41,909 [pool-264-thread-1] INFO  util.JmxRegister (JmxRegister.java:tryRegister(44)) - Successfully registered JMX Bean with object name Ratis:service=RaftServer,group=group-204990BD3269,id=c32434d6-2497-484c-95de-45f9e03d5624
2022-11-04 13:16:41,909 [c32434d6-2497-484c-95de-45f9e03d5624@group-204990BD3269-FollowerState] INFO  server.RaftServerConfigKeys (ConfUtils.java:logFallback(53)) - raft.server.rpc.first-election.timeout.max = 5200ms (fallback to raft.server.rpc.timeout.max)
2022-11-04 13:16:41,910 [pool-264-thread-1] INFO  server.RaftServerConfigKeys (ConfUtils.java:logGet(46)) - raft.server.snapshot.auto.trigger.enabled = true (custom)
2022-11-04 13:16:41,910 [pool-264-thread-1] INFO  server.RaftServerConfigKeys (ConfUtils.java:logGet(46)) - raft.server.snapshot.auto.trigger.threshold = 10000 (custom)
2022-11-04 13:16:41,910 [pool-264-thread-1] INFO  server.RaftServerConfigKeys (ConfUtils.java:logGet(46)) - raft.server.snapshot.retention.file.num = 5 (custom)
2022-11-04 13:16:41,910 [pool-264-thread-1] INFO  server.RaftServerConfigKeys (ConfUtils.java:logGet(46)) - raft.server.log.purge.upto.snapshot.index = false (default)
2022-11-04 13:16:41,924 [grpc-default-executor-0] INFO  server.RaftServer (RaftServerProxy.java:addNew(96)) - 5b5b9152-5d2c-4522-9940-e93bc8d8546d: addNew group-204990BD3269:[c32434d6-2497-484c-95de-45f9e03d5624|rpc:10.1.1.104:38331|dataStream:|priority:0|startupRole:FOLLOWER, 0dd4671e-e5ba-49c8-8afe-be056577c247|rpc:10.1.1.104:32843|dataStream:|priority:1|startupRole:FOLLOWER, 5b5b9152-5d2c-4522-9940-e93bc8d8546d|rpc:10.1.1.104:42221|dataStream:|priority:0|startupRole:FOLLOWER] returns group-204990BD3269:java.util.concurrent.CompletableFuture@3aa3c114[Not completed]
2022-11-04 13:16:41,925 [pool-237-thread-1] INFO  server.RaftServer$Division (RaftServerImpl.java:<init>(195)) - 5b5b9152-5d2c-4522-9940-e93bc8d8546d: new RaftServerImpl for group-204990BD3269:[c32434d6-2497-484c-95de-45f9e03d5624|rpc:10.1.1.104:38331|dataStream:|priority:0|startupRole:FOLLOWER, 0dd4671e-e5ba-49c8-8afe-be056577c247|rpc:10.1.1.104:32843|dataStream:|priority:1|startupRole:FOLLOWER, 5b5b9152-5d2c-4522-9940-e93bc8d8546d|rpc:10.1.1.104:42221|dataStream:|priority:0|startupRole:FOLLOWER] with ContainerStateMachine:uninitialized
2022-11-04 13:16:41,925 [pool-237-thread-1] INFO  server.RaftServerConfigKeys (ConfUtils.java:logGet(46)) - raft.server.rpc.timeout.min = 5s (custom)
2022-11-04 13:16:41,925 [pool-237-thread-1] INFO  server.RaftServerConfigKeys (ConfUtils.java:logGet(46)) - raft.server.rpc.timeout.max = 5200ms (custom)
2022-11-04 13:16:41,925 [pool-237-thread-1] INFO  server.RaftServerConfigKeys (ConfUtils.java:logGet(46)) - raft.server.rpc.sleep.time = 25ms (default)
2022-11-04 13:16:41,925 [pool-237-thread-1] INFO  server.RaftServerConfigKeys (ConfUtils.java:logGet(46)) - raft.server.rpc.slowness.timeout = 300s (custom)
2022-11-04 13:16:41,925 [pool-237-thread-1] INFO  server.RaftServerConfigKeys (ConfUtils.java:logGet(46)) - raft.server.leaderelection.leader.step-down.wait-time = 10s (default)
2022-11-04 13:16:41,925 [pool-237-thread-1] INFO  server.RaftServerConfigKeys (ConfUtils.java:logGet(46)) - raft.server.sleep.deviation.threshold = 300ms (default)
2022-11-04 13:16:41,925 [pool-237-thread-1] INFO  server.RaftServer$Division (ServerState.java:<init>(118)) - 5b5b9152-5d2c-4522-9940-e93bc8d8546d@group-204990BD3269: ConfigurationManager, init=-1: peers:[c32434d6-2497-484c-95de-45f9e03d5624|rpc:10.1.1.104:38331|dataStream:|priority:0|startupRole:FOLLOWER, 0dd4671e-e5ba-49c8-8afe-be056577c247|rpc:10.1.1.104:32843|dataStream:|priority:1|startupRole:FOLLOWER, 5b5b9152-5d2c-4522-9940-e93bc8d8546d|rpc:10.1.1.104:42221|dataStream:|priority:0|startupRole:FOLLOWER]|listeners:[], old=null, confs=<EMPTY_MAP>
2022-11-04 13:16:41,925 [pool-237-thread-1] INFO  server.RaftServerConfigKeys (ConfUtils.java:logGet(46)) - raft.server.storage.dir = [/home/runner/work/ozone/ozone/hadoop-ozone/integration-test/target/test-dir/MiniOzoneClusterImpl-0c0bfa66-1f5b-4f11-9fe6-cbebe0503434/datanode-7/data/ratis] (custom)
2022-11-04 13:16:41,926 [pool-237-thread-1] INFO  server.RaftServerConfigKeys (ConfUtils.java:logGet(46)) - raft.server.log.corruption.policy = EXCEPTION (default)
2022-11-04 13:16:41,926 [pool-237-thread-1] INFO  server.RaftServerConfigKeys (ConfUtils.java:logGet(46)) - raft.server.storage.free-space.min = 0MB (=0) (default)
2022-11-04 13:16:41,926 [pool-237-thread-1] INFO  server.RaftServerConfigKeys (ConfUtils.java:logGet(46)) - raft.server.notification.no-leader.timeout = 300s (custom)
2022-11-04 13:16:41,926 [pool-237-thread-1] INFO  server.RaftServerConfigKeys (ConfUtils.java:logGet(46)) - raft.server.retrycache.expirytime = 600000ms (custom)
2022-11-04 13:16:41,926 [pool-237-thread-1] INFO  server.RaftServerConfigKeys (ConfUtils.java:logGet(46)) - raft.server.retrycache.statistics.expirytime = 100μs (default)
2022-11-04 13:16:41,927 [pool-237-thread-1] INFO  server.RaftServerConfigKeys (ConfUtils.java:logGet(46)) - raft.server.log.appender.install.snapshot.enabled = false (custom)
2022-11-04 13:16:41,927 [pool-237-thread-1] INFO  server.RaftServerConfigKeys (ConfUtils.java:logGet(46)) - raft.server.threadpool.server.cached = true (default)
2022-11-04 13:16:41,928 [pool-237-thread-1] INFO  server.RaftServerConfigKeys (ConfUtils.java:logGet(46)) - raft.server.threadpool.server.size = 0 (default)
2022-11-04 13:16:41,928 [pool-237-thread-1] INFO  server.RaftServerConfigKeys (ConfUtils.java:logGet(46)) - raft.server.threadpool.client.cached = true (default)
2022-11-04 13:16:41,928 [pool-237-thread-1] INFO  server.RaftServerConfigKeys (ConfUtils.java:logGet(46)) - raft.server.threadpool.client.size = 0 (default)
2022-11-04 13:16:41,928 [pool-237-thread-1] INFO  storage.RaftStorageDirectory (RaftStorageDirectoryImpl.java:analyzeStorage(137)) - The storage directory /home/runner/work/ozone/ozone/hadoop-ozone/integration-test/target/test-dir/MiniOzoneClusterImpl-0c0bfa66-1f5b-4f11-9fe6-cbebe0503434/datanode-7/data/ratis/88eee1e1-fcc8-4f36-800d-204990bd3269 does not exist. Creating ...
2022-11-04 13:16:41,929 [pool-237-thread-1] INFO  storage.RaftStorageDirectory (RaftStorageDirectoryImpl.java:tryLock(231)) - Lock on /home/runner/work/ozone/ozone/hadoop-ozone/integration-test/target/test-dir/MiniOzoneClusterImpl-0c0bfa66-1f5b-4f11-9fe6-cbebe0503434/datanode-7/data/ratis/88eee1e1-fcc8-4f36-800d-204990bd3269/in_use.lock acquired by nodename 14841@fv-az443-313
2022-11-04 13:16:41,930 [pool-237-thread-1] INFO  storage.RaftStorage (RaftStorageImpl.java:format(96)) - Storage directory /home/runner/work/ozone/ozone/hadoop-ozone/integration-test/target/test-dir/MiniOzoneClusterImpl-0c0bfa66-1f5b-4f11-9fe6-cbebe0503434/datanode-7/data/ratis/88eee1e1-fcc8-4f36-800d-204990bd3269 has been successfully formatted.
2022-11-04 13:16:41,933 [pool-237-thread-1] INFO  ratis.ContainerStateMachine (ContainerStateMachine.java:loadSnapshot(236)) - group-204990BD3269: The snapshot info is null. Setting the last applied indexto:(t:0, i:~)
2022-11-04 13:16:41,934 [pool-237-thread-1] INFO  server.RaftServerConfigKeys (ConfUtils.java:logGet(46)) - raft.server.log.use.memory = false (default)
2022-11-04 13:16:41,934 [pool-237-thread-1] INFO  server.RaftServerConfigKeys (ConfUtils.java:logGet(46)) - raft.server.log.purge.gap = 1000000 (custom)
2022-11-04 13:16:41,934 [pool-237-thread-1] INFO  server.RaftServerConfigKeys (ConfUtils.java:logGet(46)) - raft.server.log.appender.buffer.byte-limit = 33554432 (custom)
2022-11-04 13:16:41,934 [pool-237-thread-1] INFO  server.RaftServerConfigKeys (ConfUtils.java:logGet(46)) - raft.server.log.statemachine.data.read.timeout = 1000ms (default)
2022-11-04 13:16:41,934 [pool-237-thread-1] INFO  server.RaftServerConfigKeys (ConfUtils.java:logGet(46)) - raft.server.log.purge.preservation.log.num = 0 (default)
2022-11-04 13:16:41,934 [pool-237-thread-1] INFO  server.RaftServerConfigKeys (ConfUtils.java:logGet(46)) - raft.server.log.segment.size.max = 1048576 (custom)
2022-11-04 13:16:41,935 [pool-237-thread-1] INFO  server.RaftServerConfigKeys (ConfUtils.java:logGet(46)) - raft.server.log.segment.cache.num.max = 2 (custom)
2022-11-04 13:16:41,935 [pool-237-thread-1] INFO  server.RaftServerConfigKeys (ConfUtils.java:logGet(46)) - raft.server.log.segment.cache.size.max = 200MB (=209715200) (default)
2022-11-04 13:16:41,935 [pool-237-thread-1] INFO  segmented.SegmentedRaftLogWorker (SegmentedRaftLogWorker.java:<init>(191)) - new 5b5b9152-5d2c-4522-9940-e93bc8d8546d@group-204990BD3269-SegmentedRaftLogWorker for RaftStorageImpl:Storage Directory /home/runner/work/ozone/ozone/hadoop-ozone/integration-test/target/test-dir/MiniOzoneClusterImpl-0c0bfa66-1f5b-4f11-9fe6-cbebe0503434/datanode-7/data/ratis/88eee1e1-fcc8-4f36-800d-204990bd3269
2022-11-04 13:16:41,935 [pool-237-thread-1] INFO  server.RaftServerConfigKeys (ConfUtils.java:logGet(46)) - raft.server.log.queue.byte-limit = 4294967296 (custom)
2022-11-04 13:16:41,935 [pool-237-thread-1] INFO  server.RaftServerConfigKeys (ConfUtils.java:logGet(46)) - raft.server.log.queue.element-limit = 1024 (custom)
2022-11-04 13:16:41,935 [pool-237-thread-1] INFO  server.RaftServerConfigKeys (ConfUtils.java:logGet(46)) - raft.server.log.segment.size.max = 1048576 (custom)
2022-11-04 13:16:41,935 [pool-237-thread-1] INFO  server.RaftServerConfigKeys (ConfUtils.java:logGet(46)) - raft.server.log.preallocated.size = 16384 (custom)
2022-11-04 13:16:41,935 [pool-237-thread-1] INFO  server.RaftServerConfigKeys (ConfUtils.java:logGet(46)) - raft.server.log.force.sync.num = 128 (default)
2022-11-04 13:16:41,935 [pool-237-thread-1] INFO  server.RaftServerConfigKeys (ConfUtils.java:logGet(46)) - raft.server.log.statemachine.data.sync = true (default)
2022-11-04 13:16:41,935 [pool-237-thread-1] INFO  server.RaftServerConfigKeys (ConfUtils.java:logGet(46)) - raft.server.log.statemachine.data.sync.timeout = 10s (default)
2022-11-04 13:16:41,935 [pool-237-thread-1] INFO  server.RaftServerConfigKeys (ConfUtils.java:logGet(46)) - raft.server.log.statemachine.data.sync.timeout.retry = -1 (default)
2022-11-04 13:16:41,936 [pool-237-thread-1] INFO  server.RaftServerConfigKeys (ConfUtils.java:logGet(46)) - raft.server.log.write.buffer.size = 1048576 (custom)
2022-11-04 13:16:41,937 [pool-237-thread-1] INFO  server.RaftServerConfigKeys (ConfUtils.java:logGet(46)) - raft.server.log.unsafe-flush.enabled = false (default)
2022-11-04 13:16:41,937 [pool-237-thread-1] INFO  server.RaftServerConfigKeys (ConfUtils.java:logGet(46)) - raft.server.log.async-flush.enabled = false (default)
2022-11-04 13:16:41,937 [pool-237-thread-1] INFO  server.RaftServerConfigKeys (ConfUtils.java:logGet(46)) - raft.server.log.statemachine.data.caching.enabled = true (custom)
2022-11-04 13:16:41,937 [pool-237-thread-1] INFO  segmented.SegmentedRaftLogWorker (SegmentedRaftLogWorker.java:lambda$new$0(136)) - 5b5b9152-5d2c-4522-9940-e93bc8d8546d@group-204990BD3269-SegmentedRaftLogWorker: flushIndex: setUnconditionally 0 -> -1
2022-11-04 13:16:41,937 [pool-237-thread-1] INFO  segmented.SegmentedRaftLogWorker (SegmentedRaftLogWorker.java:lambda$new$0(136)) - 5b5b9152-5d2c-4522-9940-e93bc8d8546d@group-204990BD3269-SegmentedRaftLogWorker: safeCacheEvictIndex: setUnconditionally 0 -> -1
2022-11-04 13:16:41,938 [pool-237-thread-1] INFO  server.RaftServer$Division (RaftServerImpl.java:start(334)) - 5b5b9152-5d2c-4522-9940-e93bc8d8546d@group-204990BD3269: start as a follower, conf=-1: peers:[c32434d6-2497-484c-95de-45f9e03d5624|rpc:10.1.1.104:38331|dataStream:|priority:0|startupRole:FOLLOWER, 0dd4671e-e5ba-49c8-8afe-be056577c247|rpc:10.1.1.104:32843|dataStream:|priority:1|startupRole:FOLLOWER, 5b5b9152-5d2c-4522-9940-e93bc8d8546d|rpc:10.1.1.104:42221|dataStream:|priority:0|startupRole:FOLLOWER]|listeners:[], old=null
2022-11-04 13:16:41,938 [pool-237-thread-1] INFO  server.RaftServer$Division (RaftServerImpl.java:setRole(321)) - 5b5b9152-5d2c-4522-9940-e93bc8d8546d@group-204990BD3269: changes role from      null to FOLLOWER at term 0 for startAsFollower
2022-11-04 13:16:41,938 [pool-237-thread-1] INFO  impl.RoleInfo (RoleInfo.java:updateAndGet(139)) - 5b5b9152-5d2c-4522-9940-e93bc8d8546d: start 5b5b9152-5d2c-4522-9940-e93bc8d8546d@group-204990BD3269-FollowerState
2022-11-04 13:16:41,939 [pool-237-thread-1] INFO  util.JmxRegister (JmxRegister.java:tryRegister(44)) - Successfully registered JMX Bean with object name Ratis:service=RaftServer,group=group-204990BD3269,id=5b5b9152-5d2c-4522-9940-e93bc8d8546d
2022-11-04 13:16:41,939 [pool-237-thread-1] INFO  server.RaftServerConfigKeys (ConfUtils.java:logGet(46)) - raft.server.snapshot.auto.trigger.enabled = true (custom)
2022-11-04 13:16:41,939 [pool-237-thread-1] INFO  server.RaftServerConfigKeys (ConfUtils.java:logGet(46)) - raft.server.snapshot.auto.trigger.threshold = 10000 (custom)
2022-11-04 13:16:41,940 [pool-237-thread-1] INFO  server.RaftServerConfigKeys (ConfUtils.java:logGet(46)) - raft.server.snapshot.retention.file.num = 5 (custom)
2022-11-04 13:16:41,940 [pool-237-thread-1] INFO  server.RaftServerConfigKeys (ConfUtils.java:logGet(46)) - raft.server.log.purge.upto.snapshot.index = false (default)
2022-11-04 13:16:41,940 [5b5b9152-5d2c-4522-9940-e93bc8d8546d@group-204990BD3269-FollowerState] INFO  server.RaftServerConfigKeys (ConfUtils.java:logFallback(53)) - raft.server.rpc.first-election.timeout.min = 5s (fallback to raft.server.rpc.timeout.min)
2022-11-04 13:16:41,953 [5b5b9152-5d2c-4522-9940-e93bc8d8546d@group-204990BD3269-FollowerState] INFO  server.RaftServerConfigKeys (ConfUtils.java:logFallback(53)) - raft.server.rpc.first-election.timeout.max = 5200ms (fallback to raft.server.rpc.timeout.max)
2022-11-04 13:16:41,961 [Command processor thread] INFO  commandhandler.CreatePipelineCommandHandler (CreatePipelineCommandHandler.java:handle(113)) - Created Pipeline RATIS THREE PipelineID=88eee1e1-fcc8-4f36-800d-204990bd3269.
2022-11-04 13:16:41,962 [Command processor thread] INFO  server.RaftServer (RaftServerProxy.java:addNew(96)) - 0dd4671e-e5ba-49c8-8afe-be056577c247: addNew group-3134A2B79DBE:[c32434d6-2497-484c-95de-45f9e03d5624|rpc:10.1.1.104:38331|priority:1|startupRole:FOLLOWER, 0dd4671e-e5ba-49c8-8afe-be056577c247|rpc:10.1.1.104:32843|priority:0|startupRole:FOLLOWER, 5b5b9152-5d2c-4522-9940-e93bc8d8546d|rpc:10.1.1.104:42221|priority:0|startupRole:FOLLOWER] returns group-3134A2B79DBE:java.util.concurrent.CompletableFuture@43e36abe[Not completed]
2022-11-04 13:16:41,963 [pool-210-thread-1] INFO  server.RaftServer$Division (RaftServerImpl.java:<init>(195)) - 0dd4671e-e5ba-49c8-8afe-be056577c247: new RaftServerImpl for group-3134A2B79DBE:[c32434d6-2497-484c-95de-45f9e03d5624|rpc:10.1.1.104:38331|priority:1|startupRole:FOLLOWER, 0dd4671e-e5ba-49c8-8afe-be056577c247|rpc:10.1.1.104:32843|priority:0|startupRole:FOLLOWER, 5b5b9152-5d2c-4522-9940-e93bc8d8546d|rpc:10.1.1.104:42221|priority:0|startupRole:FOLLOWER] with ContainerStateMachine:uninitialized
2022-11-04 13:16:41,963 [pool-210-thread-1] INFO  server.RaftServerConfigKeys (ConfUtils.java:logGet(46)) - raft.server.rpc.timeout.min = 5s (custom)
2022-11-04 13:16:41,963 [pool-210-thread-1] INFO  server.RaftServerConfigKeys (ConfUtils.java:logGet(46)) - raft.server.rpc.timeout.max = 5200ms (custom)
2022-11-04 13:16:41,963 [pool-210-thread-1] INFO  server.RaftServerConfigKeys (ConfUtils.java:logGet(46)) - raft.server.rpc.sleep.time = 25ms (default)
2022-11-04 13:16:41,963 [pool-210-thread-1] INFO  server.RaftServerConfigKeys (ConfUtils.java:logGet(46)) - raft.server.rpc.slowness.timeout = 300s (custom)
2022-11-04 13:16:41,963 [pool-210-thread-1] INFO  server.RaftServerConfigKeys (ConfUtils.java:logGet(46)) - raft.server.leaderelection.leader.step-down.wait-time = 10s (default)
2022-11-04 13:16:41,963 [pool-210-thread-1] INFO  server.RaftServerConfigKeys (ConfUtils.java:logGet(46)) - raft.server.sleep.deviation.threshold = 300ms (default)
2022-11-04 13:16:41,963 [pool-210-thread-1] INFO  server.RaftServer$Division (ServerState.java:<init>(118)) - 0dd4671e-e5ba-49c8-8afe-be056577c247@group-3134A2B79DBE: ConfigurationManager, init=-1: peers:[c32434d6-2497-484c-95de-45f9e03d5624|rpc:10.1.1.104:38331|priority:1|startupRole:FOLLOWER, 0dd4671e-e5ba-49c8-8afe-be056577c247|rpc:10.1.1.104:32843|priority:0|startupRole:FOLLOWER, 5b5b9152-5d2c-4522-9940-e93bc8d8546d|rpc:10.1.1.104:42221|priority:0|startupRole:FOLLOWER]|listeners:[], old=null, confs=<EMPTY_MAP>
2022-11-04 13:16:41,963 [pool-210-thread-1] INFO  server.RaftServerConfigKeys (ConfUtils.java:logGet(46)) - raft.server.storage.dir = [/home/runner/work/ozone/ozone/hadoop-ozone/integration-test/target/test-dir/MiniOzoneClusterImpl-0c0bfa66-1f5b-4f11-9fe6-cbebe0503434/datanode-6/data/ratis] (custom)
2022-11-04 13:16:41,963 [pool-210-thread-1] INFO  server.RaftServerConfigKeys (ConfUtils.java:logGet(46)) - raft.server.log.corruption.policy = EXCEPTION (default)
2022-11-04 13:16:41,963 [pool-210-thread-1] INFO  server.RaftServerConfigKeys (ConfUtils.java:logGet(46)) - raft.server.storage.free-space.min = 0MB (=0) (default)
2022-11-04 13:16:41,963 [pool-210-thread-1] INFO  server.RaftServerConfigKeys (ConfUtils.java:logGet(46)) - raft.server.notification.no-leader.timeout = 300s (custom)
2022-11-04 13:16:41,963 [pool-210-thread-1] INFO  server.RaftServerConfigKeys (ConfUtils.java:logGet(46)) - raft.server.retrycache.expirytime = 600000ms (custom)
2022-11-04 13:16:41,963 [pool-210-thread-1] INFO  server.RaftServerConfigKeys (ConfUtils.java:logGet(46)) - raft.server.retrycache.statistics.expirytime = 100μs (default)
2022-11-04 13:16:41,964 [pool-210-thread-1] INFO  server.RaftServerConfigKeys (ConfUtils.java:logGet(46)) - raft.server.log.appender.install.snapshot.enabled = false (custom)
2022-11-04 13:16:41,964 [pool-210-thread-1] INFO  server.RaftServerConfigKeys (ConfUtils.java:logGet(46)) - raft.server.threadpool.server.cached = true (default)
2022-11-04 13:16:41,964 [pool-210-thread-1] INFO  server.RaftServerConfigKeys (ConfUtils.java:logGet(46)) - raft.server.threadpool.server.size = 0 (default)
2022-11-04 13:16:41,965 [pool-210-thread-1] INFO  server.RaftServerConfigKeys (ConfUtils.java:logGet(46)) - raft.server.threadpool.client.cached = true (default)
2022-11-04 13:16:41,965 [pool-210-thread-1] INFO  server.RaftServerConfigKeys (ConfUtils.java:logGet(46)) - raft.server.threadpool.client.size = 0 (default)
2022-11-04 13:16:41,965 [pool-210-thread-1] INFO  storage.RaftStorageDirectory (RaftStorageDirectoryImpl.java:analyzeStorage(137)) - The storage directory /home/runner/work/ozone/ozone/hadoop-ozone/integration-test/target/test-dir/MiniOzoneClusterImpl-0c0bfa66-1f5b-4f11-9fe6-cbebe0503434/datanode-6/data/ratis/ed153e9c-e645-4fd0-89da-3134a2b79dbe does not exist. Creating ...
2022-11-04 13:16:41,966 [pool-210-thread-1] INFO  storage.RaftStorageDirectory (RaftStorageDirectoryImpl.java:tryLock(231)) - Lock on /home/runner/work/ozone/ozone/hadoop-ozone/integration-test/target/test-dir/MiniOzoneClusterImpl-0c0bfa66-1f5b-4f11-9fe6-cbebe0503434/datanode-6/data/ratis/ed153e9c-e645-4fd0-89da-3134a2b79dbe/in_use.lock acquired by nodename 14841@fv-az443-313
2022-11-04 13:16:41,967 [pool-210-thread-1] INFO  storage.RaftStorage (RaftStorageImpl.java:format(96)) - Storage directory /home/runner/work/ozone/ozone/hadoop-ozone/integration-test/target/test-dir/MiniOzoneClusterImpl-0c0bfa66-1f5b-4f11-9fe6-cbebe0503434/datanode-6/data/ratis/ed153e9c-e645-4fd0-89da-3134a2b79dbe has been successfully formatted.
2022-11-04 13:16:41,967 [pool-210-thread-1] INFO  ratis.ContainerStateMachine (ContainerStateMachine.java:loadSnapshot(236)) - group-3134A2B79DBE: The snapshot info is null. Setting the last applied indexto:(t:0, i:~)
2022-11-04 13:16:41,969 [EventQueue-OpenPipelineForHealthyPipelineSafeModeRule] INFO  safemode.SCMSafeModeManager (HealthyPipelineSafeModeRule.java:process(137)) - SCM in safe mode. Healthy pipelines reported count is 0, required healthy pipeline reported count is 1
2022-11-04 13:16:41,970 [pool-210-thread-1] INFO  server.RaftServerConfigKeys (ConfUtils.java:logGet(46)) - raft.server.log.use.memory = false (default)
2022-11-04 13:16:41,970 [pool-210-thread-1] INFO  server.RaftServerConfigKeys (ConfUtils.java:logGet(46)) - raft.server.log.purge.gap = 1000000 (custom)
2022-11-04 13:16:41,970 [pool-210-thread-1] INFO  server.RaftServerConfigKeys (ConfUtils.java:logGet(46)) - raft.server.log.appender.buffer.byte-limit = 33554432 (custom)
2022-11-04 13:16:41,970 [pool-210-thread-1] INFO  server.RaftServerConfigKeys (ConfUtils.java:logGet(46)) - raft.server.log.statemachine.data.read.timeout = 1000ms (default)
2022-11-04 13:16:41,970 [pool-210-thread-1] INFO  server.RaftServerConfigKeys (ConfUtils.java:logGet(46)) - raft.server.log.purge.preservation.log.num = 0 (default)
2022-11-04 13:16:41,970 [pool-210-thread-1] INFO  server.RaftServerConfigKeys (ConfUtils.java:logGet(46)) - raft.server.log.segment.size.max = 1048576 (custom)
2022-11-04 13:16:41,971 [pool-210-thread-1] INFO  server.RaftServerConfigKeys (ConfUtils.java:logGet(46)) - raft.server.log.segment.cache.num.max = 2 (custom)
2022-11-04 13:16:41,971 [pool-210-thread-1] INFO  server.RaftServerConfigKeys (ConfUtils.java:logGet(46)) - raft.server.log.segment.cache.size.max = 200MB (=209715200) (default)
2022-11-04 13:16:41,971 [pool-210-thread-1] INFO  segmented.SegmentedRaftLogWorker (SegmentedRaftLogWorker.java:<init>(191)) - new 0dd4671e-e5ba-49c8-8afe-be056577c247@group-3134A2B79DBE-SegmentedRaftLogWorker for RaftStorageImpl:Storage Directory /home/runner/work/ozone/ozone/hadoop-ozone/integration-test/target/test-dir/MiniOzoneClusterImpl-0c0bfa66-1f5b-4f11-9fe6-cbebe0503434/datanode-6/data/ratis/ed153e9c-e645-4fd0-89da-3134a2b79dbe
2022-11-04 13:16:41,971 [pool-210-thread-1] INFO  server.RaftServerConfigKeys (ConfUtils.java:logGet(46)) - raft.server.log.queue.byte-limit = 4294967296 (custom)
2022-11-04 13:16:41,971 [pool-210-thread-1] INFO  server.RaftServerConfigKeys (ConfUtils.java:logGet(46)) - raft.server.log.queue.element-limit = 1024 (custom)
2022-11-04 13:16:41,971 [pool-210-thread-1] INFO  server.RaftServerConfigKeys (ConfUtils.java:logGet(46)) - raft.server.log.segment.size.max = 1048576 (custom)
2022-11-04 13:16:41,971 [pool-210-thread-1] INFO  server.RaftServerConfigKeys (ConfUtils.java:logGet(46)) - raft.server.log.preallocated.size = 16384 (custom)
2022-11-04 13:16:41,971 [pool-210-thread-1] INFO  server.RaftServerConfigKeys (ConfUtils.java:logGet(46)) - raft.server.log.force.sync.num = 128 (default)
2022-11-04 13:16:41,971 [pool-210-thread-1] INFO  server.RaftServerConfigKeys (ConfUtils.java:logGet(46)) - raft.server.log.statemachine.data.sync = true (default)
2022-11-04 13:16:41,971 [pool-210-thread-1] INFO  server.RaftServerConfigKeys (ConfUtils.java:logGet(46)) - raft.server.log.statemachine.data.sync.timeout = 10s (default)
2022-11-04 13:16:41,971 [pool-210-thread-1] INFO  server.RaftServerConfigKeys (ConfUtils.java:logGet(46)) - raft.server.log.statemachine.data.sync.timeout.retry = -1 (default)
2022-11-04 13:16:41,972 [pool-210-thread-1] INFO  server.RaftServerConfigKeys (ConfUtils.java:logGet(46)) - raft.server.log.write.buffer.size = 1048576 (custom)
2022-11-04 13:16:41,973 [pool-210-thread-1] INFO  server.RaftServerConfigKeys (ConfUtils.java:logGet(46)) - raft.server.log.unsafe-flush.enabled = false (default)
2022-11-04 13:16:41,973 [pool-210-thread-1] INFO  server.RaftServerConfigKeys (ConfUtils.java:logGet(46)) - raft.server.log.async-flush.enabled = false (default)
2022-11-04 13:16:41,973 [pool-210-thread-1] INFO  server.RaftServerConfigKeys (ConfUtils.java:logGet(46)) - raft.server.log.statemachine.data.caching.enabled = true (custom)
2022-11-04 13:16:41,973 [pool-210-thread-1] INFO  segmented.SegmentedRaftLogWorker (SegmentedRaftLogWorker.java:lambda$new$0(136)) - 0dd4671e-e5ba-49c8-8afe-be056577c247@group-3134A2B79DBE-SegmentedRaftLogWorker: flushIndex: setUnconditionally 0 -> -1
2022-11-04 13:16:41,973 [pool-210-thread-1] INFO  segmented.SegmentedRaftLogWorker (SegmentedRaftLogWorker.java:lambda$new$0(136)) - 0dd4671e-e5ba-49c8-8afe-be056577c247@group-3134A2B79DBE-SegmentedRaftLogWorker: safeCacheEvictIndex: setUnconditionally 0 -> -1
2022-11-04 13:16:41,973 [pool-210-thread-1] INFO  server.RaftServer$Division (RaftServerImpl.java:start(334)) - 0dd4671e-e5ba-49c8-8afe-be056577c247@group-3134A2B79DBE: start as a follower, conf=-1: peers:[c32434d6-2497-484c-95de-45f9e03d5624|rpc:10.1.1.104:38331|priority:1|startupRole:FOLLOWER, 0dd4671e-e5ba-49c8-8afe-be056577c247|rpc:10.1.1.104:32843|priority:0|startupRole:FOLLOWER, 5b5b9152-5d2c-4522-9940-e93bc8d8546d|rpc:10.1.1.104:42221|priority:0|startupRole:FOLLOWER]|listeners:[], old=null
2022-11-04 13:16:41,973 [pool-210-thread-1] INFO  server.RaftServer$Division (RaftServerImpl.java:setRole(321)) - 0dd4671e-e5ba-49c8-8afe-be056577c247@group-3134A2B79DBE: changes role from      null to FOLLOWER at term 0 for startAsFollower
2022-11-04 13:16:41,974 [pool-210-thread-1] INFO  impl.RoleInfo (RoleInfo.java:updateAndGet(139)) - 0dd4671e-e5ba-49c8-8afe-be056577c247: start 0dd4671e-e5ba-49c8-8afe-be056577c247@group-3134A2B79DBE-FollowerState
2022-11-04 13:16:41,979 [pool-210-thread-1] INFO  util.JmxRegister (JmxRegister.java:tryRegister(44)) - Successfully registered JMX Bean with object name Ratis:service=RaftServer,group=group-3134A2B79DBE,id=0dd4671e-e5ba-49c8-8afe-be056577c247
2022-11-04 13:16:41,979 [pool-210-thread-1] INFO  server.RaftServerConfigKeys (ConfUtils.java:logGet(46)) - raft.server.snapshot.auto.trigger.enabled = true (custom)
2022-11-04 13:16:41,979 [pool-210-thread-1] INFO  server.RaftServerConfigKeys (ConfUtils.java:logGet(46)) - raft.server.snapshot.auto.trigger.threshold = 10000 (custom)
2022-11-04 13:16:41,979 [pool-210-thread-1] INFO  server.RaftServerConfigKeys (ConfUtils.java:logGet(46)) - raft.server.snapshot.retention.file.num = 5 (custom)
2022-11-04 13:16:41,979 [pool-210-thread-1] INFO  server.RaftServerConfigKeys (ConfUtils.java:logGet(46)) - raft.server.log.purge.upto.snapshot.index = false (default)
2022-11-04 13:16:41,979 [0dd4671e-e5ba-49c8-8afe-be056577c247@group-3134A2B79DBE-FollowerState] INFO  server.RaftServerConfigKeys (ConfUtils.java:logFallback(53)) - raft.server.rpc.first-election.timeout.min = 5s (fallback to raft.server.rpc.timeout.min)
2022-11-04 13:16:41,979 [0dd4671e-e5ba-49c8-8afe-be056577c247@group-3134A2B79DBE-FollowerState] INFO  server.RaftServerConfigKeys (ConfUtils.java:logFallback(53)) - raft.server.rpc.first-election.timeout.max = 5200ms (fallback to raft.server.rpc.timeout.max)
2022-11-04 13:16:41,980 [Command processor thread] INFO  ratis.XceiverServerRatis (XceiverServerRatis.java:addGroup(765)) - Created group PipelineID=ed153e9c-e645-4fd0-89da-3134a2b79dbe
2022-11-04 13:16:41,990 [grpc-default-executor-0] INFO  server.RaftServer (RaftServerProxy.java:addNew(96)) - 5b5b9152-5d2c-4522-9940-e93bc8d8546d: addNew group-3134A2B79DBE:[c32434d6-2497-484c-95de-45f9e03d5624|rpc:10.1.1.104:38331|dataStream:|priority:1|startupRole:FOLLOWER, 0dd4671e-e5ba-49c8-8afe-be056577c247|rpc:10.1.1.104:32843|dataStream:|priority:0|startupRole:FOLLOWER, 5b5b9152-5d2c-4522-9940-e93bc8d8546d|rpc:10.1.1.104:42221|dataStream:|priority:0|startupRole:FOLLOWER] returns group-3134A2B79DBE:java.util.concurrent.CompletableFuture@5c831bf4[Not completed]
2022-11-04 13:16:41,991 [pool-237-thread-1] INFO  server.RaftServer$Division (RaftServerImpl.java:<init>(195)) - 5b5b9152-5d2c-4522-9940-e93bc8d8546d: new RaftServerImpl for group-3134A2B79DBE:[c32434d6-2497-484c-95de-45f9e03d5624|rpc:10.1.1.104:38331|dataStream:|priority:1|startupRole:FOLLOWER, 0dd4671e-e5ba-49c8-8afe-be056577c247|rpc:10.1.1.104:32843|dataStream:|priority:0|startupRole:FOLLOWER, 5b5b9152-5d2c-4522-9940-e93bc8d8546d|rpc:10.1.1.104:42221|dataStream:|priority:0|startupRole:FOLLOWER] with ContainerStateMachine:uninitialized
2022-11-04 13:16:41,991 [pool-237-thread-1] INFO  server.RaftServerConfigKeys (ConfUtils.java:logGet(46)) - raft.server.rpc.timeout.min = 5s (custom)
2022-11-04 13:16:41,991 [pool-237-thread-1] INFO  server.RaftServerConfigKeys (ConfUtils.java:logGet(46)) - raft.server.rpc.timeout.max = 5200ms (custom)
2022-11-04 13:16:41,991 [pool-237-thread-1] INFO  server.RaftServerConfigKeys (ConfUtils.java:logGet(46)) - raft.server.rpc.sleep.time = 25ms (default)
2022-11-04 13:16:41,991 [pool-237-thread-1] INFO  server.RaftServerConfigKeys (ConfUtils.java:logGet(46)) - raft.server.rpc.slowness.timeout = 300s (custom)
2022-11-04 13:16:41,991 [pool-237-thread-1] INFO  server.RaftServerConfigKeys (ConfUtils.java:logGet(46)) - raft.server.leaderelection.leader.step-down.wait-time = 10s (default)
2022-11-04 13:16:41,991 [pool-237-thread-1] INFO  server.RaftServerConfigKeys (ConfUtils.java:logGet(46)) - raft.server.sleep.deviation.threshold = 300ms (default)
2022-11-04 13:16:41,991 [pool-237-thread-1] INFO  server.RaftServer$Division (ServerState.java:<init>(118)) - 5b5b9152-5d2c-4522-9940-e93bc8d8546d@group-3134A2B79DBE: ConfigurationManager, init=-1: peers:[c32434d6-2497-484c-95de-45f9e03d5624|rpc:10.1.1.104:38331|dataStream:|priority:1|startupRole:FOLLOWER, 0dd4671e-e5ba-49c8-8afe-be056577c247|rpc:10.1.1.104:32843|dataStream:|priority:0|startupRole:FOLLOWER, 5b5b9152-5d2c-4522-9940-e93bc8d8546d|rpc:10.1.1.104:42221|dataStream:|priority:0|startupRole:FOLLOWER]|listeners:[], old=null, confs=<EMPTY_MAP>
2022-11-04 13:16:41,991 [pool-237-thread-1] INFO  server.RaftServerConfigKeys (ConfUtils.java:logGet(46)) - raft.server.storage.dir = [/home/runner/work/ozone/ozone/hadoop-ozone/integration-test/target/test-dir/MiniOzoneClusterImpl-0c0bfa66-1f5b-4f11-9fe6-cbebe0503434/datanode-7/data/ratis] (custom)
2022-11-04 13:16:41,991 [pool-237-thread-1] INFO  server.RaftServerConfigKeys (ConfUtils.java:logGet(46)) - raft.server.log.corruption.policy = EXCEPTION (default)
2022-11-04 13:16:41,991 [pool-237-thread-1] INFO  server.RaftServerConfigKeys (ConfUtils.java:logGet(46)) - raft.server.storage.free-space.min = 0MB (=0) (default)
2022-11-04 13:16:41,991 [pool-237-thread-1] INFO  server.RaftServerConfigKeys (ConfUtils.java:logGet(46)) - raft.server.notification.no-leader.timeout = 300s (custom)
2022-11-04 13:16:41,991 [pool-237-thread-1] INFO  server.RaftServerConfigKeys (ConfUtils.java:logGet(46)) - raft.server.retrycache.expirytime = 600000ms (custom)
2022-11-04 13:16:41,991 [pool-237-thread-1] INFO  server.RaftServerConfigKeys (ConfUtils.java:logGet(46)) - raft.server.retrycache.statistics.expirytime = 100μs (default)
2022-11-04 13:16:41,992 [pool-237-thread-1] INFO  server.RaftServerConfigKeys (ConfUtils.java:logGet(46)) - raft.server.log.appender.install.snapshot.enabled = false (custom)
2022-11-04 13:16:41,992 [pool-237-thread-1] INFO  server.RaftServerConfigKeys (ConfUtils.java:logGet(46)) - raft.server.threadpool.server.cached = true (default)
2022-11-04 13:16:41,992 [pool-237-thread-1] INFO  server.RaftServerConfigKeys (ConfUtils.java:logGet(46)) - raft.server.threadpool.server.size = 0 (default)
2022-11-04 13:16:41,993 [pool-237-thread-1] INFO  server.RaftServerConfigKeys (ConfUtils.java:logGet(46)) - raft.server.threadpool.client.cached = true (default)
2022-11-04 13:16:41,993 [pool-237-thread-1] INFO  server.RaftServerConfigKeys (ConfUtils.java:logGet(46)) - raft.server.threadpool.client.size = 0 (default)
2022-11-04 13:16:41,993 [pool-237-thread-1] INFO  storage.RaftStorageDirectory (RaftStorageDirectoryImpl.java:analyzeStorage(137)) - The storage directory /home/runner/work/ozone/ozone/hadoop-ozone/integration-test/target/test-dir/MiniOzoneClusterImpl-0c0bfa66-1f5b-4f11-9fe6-cbebe0503434/datanode-7/data/ratis/ed153e9c-e645-4fd0-89da-3134a2b79dbe does not exist. Creating ...
2022-11-04 13:16:41,994 [pool-237-thread-1] INFO  storage.RaftStorageDirectory (RaftStorageDirectoryImpl.java:tryLock(231)) - Lock on /home/runner/work/ozone/ozone/hadoop-ozone/integration-test/target/test-dir/MiniOzoneClusterImpl-0c0bfa66-1f5b-4f11-9fe6-cbebe0503434/datanode-7/data/ratis/ed153e9c-e645-4fd0-89da-3134a2b79dbe/in_use.lock acquired by nodename 14841@fv-az443-313
2022-11-04 13:16:41,995 [pool-237-thread-1] INFO  storage.RaftStorage (RaftStorageImpl.java:format(96)) - Storage directory /home/runner/work/ozone/ozone/hadoop-ozone/integration-test/target/test-dir/MiniOzoneClusterImpl-0c0bfa66-1f5b-4f11-9fe6-cbebe0503434/datanode-7/data/ratis/ed153e9c-e645-4fd0-89da-3134a2b79dbe has been successfully formatted.
2022-11-04 13:16:41,996 [pool-237-thread-1] INFO  ratis.ContainerStateMachine (ContainerStateMachine.java:loadSnapshot(236)) - group-3134A2B79DBE: The snapshot info is null. Setting the last applied indexto:(t:0, i:~)
2022-11-04 13:16:41,996 [pool-237-thread-1] INFO  server.RaftServerConfigKeys (ConfUtils.java:logGet(46)) - raft.server.log.use.memory = false (default)
2022-11-04 13:16:41,996 [pool-237-thread-1] INFO  server.RaftServerConfigKeys (ConfUtils.java:logGet(46)) - raft.server.log.purge.gap = 1000000 (custom)
2022-11-04 13:16:41,996 [pool-237-thread-1] INFO  server.RaftServerConfigKeys (ConfUtils.java:logGet(46)) - raft.server.log.appender.buffer.byte-limit = 33554432 (custom)
2022-11-04 13:16:41,996 [pool-237-thread-1] INFO  server.RaftServerConfigKeys (ConfUtils.java:logGet(46)) - raft.server.log.statemachine.data.read.timeout = 1000ms (default)
2022-11-04 13:16:41,996 [pool-237-thread-1] INFO  server.RaftServerConfigKeys (ConfUtils.java:logGet(46)) - raft.server.log.purge.preservation.log.num = 0 (default)
2022-11-04 13:16:41,997 [pool-237-thread-1] INFO  server.RaftServerConfigKeys (ConfUtils.java:logGet(46)) - raft.server.log.segment.size.max = 1048576 (custom)
2022-11-04 13:16:41,997 [pool-237-thread-1] INFO  server.RaftServerConfigKeys (ConfUtils.java:logGet(46)) - raft.server.log.segment.cache.num.max = 2 (custom)
2022-11-04 13:16:41,997 [pool-237-thread-1] INFO  server.RaftServerConfigKeys (ConfUtils.java:logGet(46)) - raft.server.log.segment.cache.size.max = 200MB (=209715200) (default)
2022-11-04 13:16:41,997 [pool-237-thread-1] INFO  segmented.SegmentedRaftLogWorker (SegmentedRaftLogWorker.java:<init>(191)) - new 5b5b9152-5d2c-4522-9940-e93bc8d8546d@group-3134A2B79DBE-SegmentedRaftLogWorker for RaftStorageImpl:Storage Directory /home/runner/work/ozone/ozone/hadoop-ozone/integration-test/target/test-dir/MiniOzoneClusterImpl-0c0bfa66-1f5b-4f11-9fe6-cbebe0503434/datanode-7/data/ratis/ed153e9c-e645-4fd0-89da-3134a2b79dbe
2022-11-04 13:16:41,997 [pool-237-thread-1] INFO  server.RaftServerConfigKeys (ConfUtils.java:logGet(46)) - raft.server.log.queue.byte-limit = 4294967296 (custom)
2022-11-04 13:16:41,997 [pool-237-thread-1] INFO  server.RaftServerConfigKeys (ConfUtils.java:logGet(46)) - raft.server.log.queue.element-limit = 1024 (custom)
2022-11-04 13:16:41,997 [pool-237-thread-1] INFO  server.RaftServerConfigKeys (ConfUtils.java:logGet(46)) - raft.server.log.segment.size.max = 1048576 (custom)
2022-11-04 13:16:41,997 [pool-237-thread-1] INFO  server.RaftServerConfigKeys (ConfUtils.java:logGet(46)) - raft.server.log.preallocated.size = 16384 (custom)
2022-11-04 13:16:41,997 [pool-237-thread-1] INFO  server.RaftServerConfigKeys (ConfUtils.java:logGet(46)) - raft.server.log.force.sync.num = 128 (default)
2022-11-04 13:16:41,997 [pool-237-thread-1] INFO  server.RaftServerConfigKeys (ConfUtils.java:logGet(46)) - raft.server.log.statemachine.data.sync = true (default)
2022-11-04 13:16:41,997 [pool-237-thread-1] INFO  server.RaftServerConfigKeys (ConfUtils.java:logGet(46)) - raft.server.log.statemachine.data.sync.timeout = 10s (default)
2022-11-04 13:16:41,998 [pool-237-thread-1] INFO  server.RaftServerConfigKeys (ConfUtils.java:logGet(46)) - raft.server.log.statemachine.data.sync.timeout.retry = -1 (default)
2022-11-04 13:16:42,002 [pool-237-thread-1] INFO  server.RaftServerConfigKeys (ConfUtils.java:logGet(46)) - raft.server.log.write.buffer.size = 1048576 (custom)
2022-11-04 13:16:42,004 [pool-237-thread-1] INFO  server.RaftServerConfigKeys (ConfUtils.java:logGet(46)) - raft.server.log.unsafe-flush.enabled = false (default)
2022-11-04 13:16:42,004 [pool-237-thread-1] INFO  server.RaftServerConfigKeys (ConfUtils.java:logGet(46)) - raft.server.log.async-flush.enabled = false (default)
2022-11-04 13:16:42,004 [pool-237-thread-1] INFO  server.RaftServerConfigKeys (ConfUtils.java:logGet(46)) - raft.server.log.statemachine.data.caching.enabled = true (custom)
2022-11-04 13:16:42,005 [pool-237-thread-1] INFO  segmented.SegmentedRaftLogWorker (SegmentedRaftLogWorker.java:lambda$new$0(136)) - 5b5b9152-5d2c-4522-9940-e93bc8d8546d@group-3134A2B79DBE-SegmentedRaftLogWorker: flushIndex: setUnconditionally 0 -> -1
2022-11-04 13:16:42,005 [pool-237-thread-1] INFO  segmented.SegmentedRaftLogWorker (SegmentedRaftLogWorker.java:lambda$new$0(136)) - 5b5b9152-5d2c-4522-9940-e93bc8d8546d@group-3134A2B79DBE-SegmentedRaftLogWorker: safeCacheEvictIndex: setUnconditionally 0 -> -1
2022-11-04 13:16:42,006 [pool-237-thread-1] INFO  server.RaftServer$Division (RaftServerImpl.java:start(334)) - 5b5b9152-5d2c-4522-9940-e93bc8d8546d@group-3134A2B79DBE: start as a follower, conf=-1: peers:[c32434d6-2497-484c-95de-45f9e03d5624|rpc:10.1.1.104:38331|dataStream:|priority:1|startupRole:FOLLOWER, 0dd4671e-e5ba-49c8-8afe-be056577c247|rpc:10.1.1.104:32843|dataStream:|priority:0|startupRole:FOLLOWER, 5b5b9152-5d2c-4522-9940-e93bc8d8546d|rpc:10.1.1.104:42221|dataStream:|priority:0|startupRole:FOLLOWER]|listeners:[], old=null
2022-11-04 13:16:42,006 [pool-237-thread-1] INFO  server.RaftServer$Division (RaftServerImpl.java:setRole(321)) - 5b5b9152-5d2c-4522-9940-e93bc8d8546d@group-3134A2B79DBE: changes role from      null to FOLLOWER at term 0 for startAsFollower
2022-11-04 13:16:42,007 [pool-237-thread-1] INFO  impl.RoleInfo (RoleInfo.java:updateAndGet(139)) - 5b5b9152-5d2c-4522-9940-e93bc8d8546d: start 5b5b9152-5d2c-4522-9940-e93bc8d8546d@group-3134A2B79DBE-FollowerState
2022-11-04 13:16:42,009 [pool-237-thread-1] INFO  util.JmxRegister (JmxRegister.java:tryRegister(44)) - Successfully registered JMX Bean with object name Ratis:service=RaftServer,group=group-3134A2B79DBE,id=5b5b9152-5d2c-4522-9940-e93bc8d8546d
2022-11-04 13:16:42,010 [pool-237-thread-1] INFO  server.RaftServerConfigKeys (ConfUtils.java:logGet(46)) - raft.server.snapshot.auto.trigger.enabled = true (custom)
2022-11-04 13:16:42,010 [pool-237-thread-1] INFO  server.RaftServerConfigKeys (ConfUtils.java:logGet(46)) - raft.server.snapshot.auto.trigger.threshold = 10000 (custom)
2022-11-04 13:16:42,011 [pool-237-thread-1] INFO  server.RaftServerConfigKeys (ConfUtils.java:logGet(46)) - raft.server.snapshot.retention.file.num = 5 (custom)
2022-11-04 13:16:42,011 [pool-237-thread-1] INFO  server.RaftServerConfigKeys (ConfUtils.java:logGet(46)) - raft.server.log.purge.upto.snapshot.index = false (default)
2022-11-04 13:16:42,013 [5b5b9152-5d2c-4522-9940-e93bc8d8546d@group-3134A2B79DBE-FollowerState] INFO  server.RaftServerConfigKeys (ConfUtils.java:logFallback(53)) - raft.server.rpc.first-election.timeout.min = 5s (fallback to raft.server.rpc.timeout.min)
2022-11-04 13:16:42,014 [5b5b9152-5d2c-4522-9940-e93bc8d8546d@group-3134A2B79DBE-FollowerState] INFO  server.RaftServerConfigKeys (ConfUtils.java:logFallback(53)) - raft.server.rpc.first-election.timeout.max = 5200ms (fallback to raft.server.rpc.timeout.max)
2022-11-04 13:16:42,023 [Listener at 127.0.0.1/35095] INFO  ozone.MiniOzoneClusterImpl (MiniOzoneClusterImpl.java:lambda$waitForClusterToBeReady$0(216)) - Nodes are ready. Got 10 of 10 DN Heartbeats.
2022-11-04 13:16:42,023 [Listener at 127.0.0.1/35095] INFO  ozone.MiniOzoneClusterImpl (MiniOzoneClusterImpl.java:lambda$waitForClusterToBeReady$0(219)) - Waiting for cluster to exit safe mode
2022-11-04 13:16:42,023 [Listener at 127.0.0.1/35095] INFO  ozone.MiniOzoneClusterImpl (MiniOzoneClusterImpl.java:lambda$waitForClusterToBeReady$0(221)) - SCM became leader
2022-11-04 13:16:42,048 [grpc-default-executor-0] INFO  server.RaftServer (RaftServerProxy.java:addNew(96)) - c32434d6-2497-484c-95de-45f9e03d5624: addNew group-3134A2B79DBE:[c32434d6-2497-484c-95de-45f9e03d5624|rpc:10.1.1.104:38331|dataStream:|priority:1|startupRole:FOLLOWER, 0dd4671e-e5ba-49c8-8afe-be056577c247|rpc:10.1.1.104:32843|dataStream:|priority:0|startupRole:FOLLOWER, 5b5b9152-5d2c-4522-9940-e93bc8d8546d|rpc:10.1.1.104:42221|dataStream:|priority:0|startupRole:FOLLOWER] returns group-3134A2B79DBE:java.util.concurrent.CompletableFuture@2bb186e8[Not completed]
2022-11-04 13:16:42,049 [pool-264-thread-1] INFO  server.RaftServer$Division (RaftServerImpl.java:<init>(195)) - c32434d6-2497-484c-95de-45f9e03d5624: new RaftServerImpl for group-3134A2B79DBE:[c32434d6-2497-484c-95de-45f9e03d5624|rpc:10.1.1.104:38331|dataStream:|priority:1|startupRole:FOLLOWER, 0dd4671e-e5ba-49c8-8afe-be056577c247|rpc:10.1.1.104:32843|dataStream:|priority:0|startupRole:FOLLOWER, 5b5b9152-5d2c-4522-9940-e93bc8d8546d|rpc:10.1.1.104:42221|dataStream:|priority:0|startupRole:FOLLOWER] with ContainerStateMachine:uninitialized
2022-11-04 13:16:42,049 [pool-264-thread-1] INFO  server.RaftServerConfigKeys (ConfUtils.java:logGet(46)) - raft.server.rpc.timeout.min = 5s (custom)
2022-11-04 13:16:42,049 [pool-264-thread-1] INFO  server.RaftServerConfigKeys (ConfUtils.java:logGet(46)) - raft.server.rpc.timeout.max = 5200ms (custom)
2022-11-04 13:16:42,049 [pool-264-thread-1] INFO  server.RaftServerConfigKeys (ConfUtils.java:logGet(46)) - raft.server.rpc.sleep.time = 25ms (default)
2022-11-04 13:16:42,049 [pool-264-thread-1] INFO  server.RaftServerConfigKeys (ConfUtils.java:logGet(46)) - raft.server.rpc.slowness.timeout = 300s (custom)
2022-11-04 13:16:42,049 [pool-264-thread-1] INFO  server.RaftServerConfigKeys (ConfUtils.java:logGet(46)) - raft.server.leaderelection.leader.step-down.wait-time = 10s (default)
2022-11-04 13:16:42,049 [pool-264-thread-1] INFO  server.RaftServerConfigKeys (ConfUtils.java:logGet(46)) - raft.server.sleep.deviation.threshold = 300ms (default)
2022-11-04 13:16:42,049 [pool-264-thread-1] INFO  server.RaftServer$Division (ServerState.java:<init>(118)) - c32434d6-2497-484c-95de-45f9e03d5624@group-3134A2B79DBE: ConfigurationManager, init=-1: peers:[c32434d6-2497-484c-95de-45f9e03d5624|rpc:10.1.1.104:38331|dataStream:|priority:1|startupRole:FOLLOWER, 0dd4671e-e5ba-49c8-8afe-be056577c247|rpc:10.1.1.104:32843|dataStream:|priority:0|startupRole:FOLLOWER, 5b5b9152-5d2c-4522-9940-e93bc8d8546d|rpc:10.1.1.104:42221|dataStream:|priority:0|startupRole:FOLLOWER]|listeners:[], old=null, confs=<EMPTY_MAP>
2022-11-04 13:16:42,049 [pool-264-thread-1] INFO  server.RaftServerConfigKeys (ConfUtils.java:logGet(46)) - raft.server.storage.dir = [/home/runner/work/ozone/ozone/hadoop-ozone/integration-test/target/test-dir/MiniOzoneClusterImpl-0c0bfa66-1f5b-4f11-9fe6-cbebe0503434/datanode-8/data/ratis] (custom)
2022-11-04 13:16:42,050 [pool-264-thread-1] INFO  server.RaftServerConfigKeys (ConfUtils.java:logGet(46)) - raft.server.log.corruption.policy = EXCEPTION (default)
2022-11-04 13:16:42,050 [pool-264-thread-1] INFO  server.RaftServerConfigKeys (ConfUtils.java:logGet(46)) - raft.server.storage.free-space.min = 0MB (=0) (default)
2022-11-04 13:16:42,050 [pool-264-thread-1] INFO  server.RaftServerConfigKeys (ConfUtils.java:logGet(46)) - raft.server.notification.no-leader.timeout = 300s (custom)
2022-11-04 13:16:42,050 [pool-264-thread-1] INFO  server.RaftServerConfigKeys (ConfUtils.java:logGet(46)) - raft.server.retrycache.expirytime = 600000ms (custom)
2022-11-04 13:16:42,050 [pool-264-thread-1] INFO  server.RaftServerConfigKeys (ConfUtils.java:logGet(46)) - raft.server.retrycache.statistics.expirytime = 100μs (default)
2022-11-04 13:16:42,051 [pool-264-thread-1] INFO  server.RaftServerConfigKeys (ConfUtils.java:logGet(46)) - raft.server.log.appender.install.snapshot.enabled = false (custom)
2022-11-04 13:16:42,051 [pool-264-thread-1] INFO  server.RaftServerConfigKeys (ConfUtils.java:logGet(46)) - raft.server.threadpool.server.cached = true (default)
2022-11-04 13:16:42,051 [pool-264-thread-1] INFO  server.RaftServerConfigKeys (ConfUtils.java:logGet(46)) - raft.server.threadpool.server.size = 0 (default)
2022-11-04 13:16:42,051 [pool-264-thread-1] INFO  server.RaftServerConfigKeys (ConfUtils.java:logGet(46)) - raft.server.threadpool.client.cached = true (default)
2022-11-04 13:16:42,051 [pool-264-thread-1] INFO  server.RaftServerConfigKeys (ConfUtils.java:logGet(46)) - raft.server.threadpool.client.size = 0 (default)
2022-11-04 13:16:42,051 [pool-264-thread-1] INFO  storage.RaftStorageDirectory (RaftStorageDirectoryImpl.java:analyzeStorage(137)) - The storage directory /home/runner/work/ozone/ozone/hadoop-ozone/integration-test/target/test-dir/MiniOzoneClusterImpl-0c0bfa66-1f5b-4f11-9fe6-cbebe0503434/datanode-8/data/ratis/ed153e9c-e645-4fd0-89da-3134a2b79dbe does not exist. Creating ...
2022-11-04 13:16:42,052 [pool-264-thread-1] INFO  storage.RaftStorageDirectory (RaftStorageDirectoryImpl.java:tryLock(231)) - Lock on /home/runner/work/ozone/ozone/hadoop-ozone/integration-test/target/test-dir/MiniOzoneClusterImpl-0c0bfa66-1f5b-4f11-9fe6-cbebe0503434/datanode-8/data/ratis/ed153e9c-e645-4fd0-89da-3134a2b79dbe/in_use.lock acquired by nodename 14841@fv-az443-313
2022-11-04 13:16:42,053 [pool-264-thread-1] INFO  storage.RaftStorage (RaftStorageImpl.java:format(96)) - Storage directory /home/runner/work/ozone/ozone/hadoop-ozone/integration-test/target/test-dir/MiniOzoneClusterImpl-0c0bfa66-1f5b-4f11-9fe6-cbebe0503434/datanode-8/data/ratis/ed153e9c-e645-4fd0-89da-3134a2b79dbe has been successfully formatted.
2022-11-04 13:16:42,053 [pool-264-thread-1] INFO  ratis.ContainerStateMachine (ContainerStateMachine.java:loadSnapshot(236)) - group-3134A2B79DBE: The snapshot info is null. Setting the last applied indexto:(t:0, i:~)
2022-11-04 13:16:42,054 [pool-264-thread-1] INFO  server.RaftServerConfigKeys (ConfUtils.java:logGet(46)) - raft.server.log.use.memory = false (default)
2022-11-04 13:16:42,055 [pool-264-thread-1] INFO  server.RaftServerConfigKeys (ConfUtils.java:logGet(46)) - raft.server.log.purge.gap = 1000000 (custom)
2022-11-04 13:16:42,055 [pool-264-thread-1] INFO  server.RaftServerConfigKeys (ConfUtils.java:logGet(46)) - raft.server.log.appender.buffer.byte-limit = 33554432 (custom)
2022-11-04 13:16:42,055 [pool-264-thread-1] INFO  server.RaftServerConfigKeys (ConfUtils.java:logGet(46)) - raft.server.log.statemachine.data.read.timeout = 1000ms (default)
2022-11-04 13:16:42,055 [pool-264-thread-1] INFO  server.RaftServerConfigKeys (ConfUtils.java:logGet(46)) - raft.server.log.purge.preservation.log.num = 0 (default)
2022-11-04 13:16:42,055 [pool-264-thread-1] INFO  server.RaftServerConfigKeys (ConfUtils.java:logGet(46)) - raft.server.log.segment.size.max = 1048576 (custom)
2022-11-04 13:16:42,056 [pool-264-thread-1] INFO  server.RaftServerConfigKeys (ConfUtils.java:logGet(46)) - raft.server.log.segment.cache.num.max = 2 (custom)
2022-11-04 13:16:42,056 [pool-264-thread-1] INFO  server.RaftServerConfigKeys (ConfUtils.java:logGet(46)) - raft.server.log.segment.cache.size.max = 200MB (=209715200) (default)
2022-11-04 13:16:42,056 [pool-264-thread-1] INFO  segmented.SegmentedRaftLogWorker (SegmentedRaftLogWorker.java:<init>(191)) - new c32434d6-2497-484c-95de-45f9e03d5624@group-3134A2B79DBE-SegmentedRaftLogWorker for RaftStorageImpl:Storage Directory /home/runner/work/ozone/ozone/hadoop-ozone/integration-test/target/test-dir/MiniOzoneClusterImpl-0c0bfa66-1f5b-4f11-9fe6-cbebe0503434/datanode-8/data/ratis/ed153e9c-e645-4fd0-89da-3134a2b79dbe
2022-11-04 13:16:42,056 [pool-264-thread-1] INFO  server.RaftServerConfigKeys (ConfUtils.java:logGet(46)) - raft.server.log.queue.byte-limit = 4294967296 (custom)
2022-11-04 13:16:42,056 [pool-264-thread-1] INFO  server.RaftServerConfigKeys (ConfUtils.java:logGet(46)) - raft.server.log.queue.element-limit = 1024 (custom)
2022-11-04 13:16:42,056 [pool-264-thread-1] INFO  server.RaftServerConfigKeys (ConfUtils.java:logGet(46)) - raft.server.log.segment.size.max = 1048576 (custom)
2022-11-04 13:16:42,056 [pool-264-thread-1] INFO  server.RaftServerConfigKeys (ConfUtils.java:logGet(46)) - raft.server.log.preallocated.size = 16384 (custom)
2022-11-04 13:16:42,056 [pool-264-thread-1] INFO  server.RaftServerConfigKeys (ConfUtils.java:logGet(46)) - raft.server.log.force.sync.num = 128 (default)
2022-11-04 13:16:42,056 [pool-264-thread-1] INFO  server.RaftServerConfigKeys (ConfUtils.java:logGet(46)) - raft.server.log.statemachine.data.sync = true (default)
2022-11-04 13:16:42,056 [pool-264-thread-1] INFO  server.RaftServerConfigKeys (ConfUtils.java:logGet(46)) - raft.server.log.statemachine.data.sync.timeout = 10s (default)
2022-11-04 13:16:42,056 [pool-264-thread-1] INFO  server.RaftServerConfigKeys (ConfUtils.java:logGet(46)) - raft.server.log.statemachine.data.sync.timeout.retry = -1 (default)
2022-11-04 13:16:42,057 [pool-264-thread-1] INFO  server.RaftServerConfigKeys (ConfUtils.java:logGet(46)) - raft.server.log.write.buffer.size = 1048576 (custom)
2022-11-04 13:16:42,058 [pool-264-thread-1] INFO  server.RaftServerConfigKeys (ConfUtils.java:logGet(46)) - raft.server.log.unsafe-flush.enabled = false (default)
2022-11-04 13:16:42,058 [pool-264-thread-1] INFO  server.RaftServerConfigKeys (ConfUtils.java:logGet(46)) - raft.server.log.async-flush.enabled = false (default)
2022-11-04 13:16:42,058 [pool-264-thread-1] INFO  server.RaftServerConfigKeys (ConfUtils.java:logGet(46)) - raft.server.log.statemachine.data.caching.enabled = true (custom)
2022-11-04 13:16:42,058 [pool-264-thread-1] INFO  segmented.SegmentedRaftLogWorker (SegmentedRaftLogWorker.java:lambda$new$0(136)) - c32434d6-2497-484c-95de-45f9e03d5624@group-3134A2B79DBE-SegmentedRaftLogWorker: flushIndex: setUnconditionally 0 -> -1
2022-11-04 13:16:42,058 [pool-264-thread-1] INFO  segmented.SegmentedRaftLogWorker (SegmentedRaftLogWorker.java:lambda$new$0(136)) - c32434d6-2497-484c-95de-45f9e03d5624@group-3134A2B79DBE-SegmentedRaftLogWorker: safeCacheEvictIndex: setUnconditionally 0 -> -1
2022-11-04 13:16:42,060 [pool-264-thread-1] INFO  server.RaftServer$Division (RaftServerImpl.java:start(334)) - c32434d6-2497-484c-95de-45f9e03d5624@group-3134A2B79DBE: start as a follower, conf=-1: peers:[c32434d6-2497-484c-95de-45f9e03d5624|rpc:10.1.1.104:38331|dataStream:|priority:1|startupRole:FOLLOWER, 0dd4671e-e5ba-49c8-8afe-be056577c247|rpc:10.1.1.104:32843|dataStream:|priority:0|startupRole:FOLLOWER, 5b5b9152-5d2c-4522-9940-e93bc8d8546d|rpc:10.1.1.104:42221|dataStream:|priority:0|startupRole:FOLLOWER]|listeners:[], old=null
2022-11-04 13:16:42,061 [pool-264-thread-1] INFO  server.RaftServer$Division (RaftServerImpl.java:setRole(321)) - c32434d6-2497-484c-95de-45f9e03d5624@group-3134A2B79DBE: changes role from      null to FOLLOWER at term 0 for startAsFollower
2022-11-04 13:16:42,061 [pool-264-thread-1] INFO  impl.RoleInfo (RoleInfo.java:updateAndGet(139)) - c32434d6-2497-484c-95de-45f9e03d5624: start c32434d6-2497-484c-95de-45f9e03d5624@group-3134A2B79DBE-FollowerState
2022-11-04 13:16:42,062 [pool-264-thread-1] INFO  util.JmxRegister (JmxRegister.java:tryRegister(44)) - Successfully registered JMX Bean with object name Ratis:service=RaftServer,group=group-3134A2B79DBE,id=c32434d6-2497-484c-95de-45f9e03d5624
2022-11-04 13:16:42,062 [c32434d6-2497-484c-95de-45f9e03d5624@group-3134A2B79DBE-FollowerState] INFO  server.RaftServerConfigKeys (ConfUtils.java:logFallback(53)) - raft.server.rpc.first-election.timeout.min = 5s (fallback to raft.server.rpc.timeout.min)
2022-11-04 13:16:42,062 [pool-264-thread-1] INFO  server.RaftServerConfigKeys (ConfUtils.java:logGet(46)) - raft.server.snapshot.auto.trigger.enabled = true (custom)
2022-11-04 13:16:42,062 [pool-264-thread-1] INFO  server.RaftServerConfigKeys (ConfUtils.java:logGet(46)) - raft.server.snapshot.auto.trigger.threshold = 10000 (custom)
2022-11-04 13:16:42,062 [pool-264-thread-1] INFO  server.RaftServerConfigKeys (ConfUtils.java:logGet(46)) - raft.server.snapshot.retention.file.num = 5 (custom)
2022-11-04 13:16:42,062 [pool-264-thread-1] INFO  server.RaftServerConfigKeys (ConfUtils.java:logGet(46)) - raft.server.log.purge.upto.snapshot.index = false (default)
2022-11-04 13:16:42,062 [c32434d6-2497-484c-95de-45f9e03d5624@group-3134A2B79DBE-FollowerState] INFO  server.RaftServerConfigKeys (ConfUtils.java:logFallback(53)) - raft.server.rpc.first-election.timeout.max = 5200ms (fallback to raft.server.rpc.timeout.max)
2022-11-04 13:16:42,074 [Command processor thread] INFO  commandhandler.CreatePipelineCommandHandler (CreatePipelineCommandHandler.java:handle(113)) - Created Pipeline RATIS THREE PipelineID=ed153e9c-e645-4fd0-89da-3134a2b79dbe.
2022-11-04 13:16:42,293 [Command processor thread] INFO  server.RaftServer (RaftServerProxy.java:addNew(96)) - 5b5b9152-5d2c-4522-9940-e93bc8d8546d: addNew group-9E5AF68AEC75:[5b5b9152-5d2c-4522-9940-e93bc8d8546d|rpc:10.1.1.104:42221|priority:1|startupRole:FOLLOWER] returns group-9E5AF68AEC75:java.util.concurrent.CompletableFuture@6418702f[Not completed]
2022-11-04 13:16:42,294 [pool-237-thread-1] INFO  server.RaftServer$Division (RaftServerImpl.java:<init>(195)) - 5b5b9152-5d2c-4522-9940-e93bc8d8546d: new RaftServerImpl for group-9E5AF68AEC75:[5b5b9152-5d2c-4522-9940-e93bc8d8546d|rpc:10.1.1.104:42221|priority:1|startupRole:FOLLOWER] with ContainerStateMachine:uninitialized
2022-11-04 13:16:42,294 [pool-237-thread-1] INFO  server.RaftServerConfigKeys (ConfUtils.java:logGet(46)) - raft.server.rpc.timeout.min = 5s (custom)
2022-11-04 13:16:42,294 [pool-237-thread-1] INFO  server.RaftServerConfigKeys (ConfUtils.java:logGet(46)) - raft.server.rpc.timeout.max = 5200ms (custom)
2022-11-04 13:16:42,294 [pool-237-thread-1] INFO  server.RaftServerConfigKeys (ConfUtils.java:logGet(46)) - raft.server.rpc.sleep.time = 25ms (default)
2022-11-04 13:16:42,294 [pool-237-thread-1] INFO  server.RaftServerConfigKeys (ConfUtils.java:logGet(46)) - raft.server.rpc.slowness.timeout = 300s (custom)
2022-11-04 13:16:42,294 [pool-237-thread-1] INFO  server.RaftServerConfigKeys (ConfUtils.java:logGet(46)) - raft.server.leaderelection.leader.step-down.wait-time = 10s (default)
2022-11-04 13:16:42,294 [pool-237-thread-1] INFO  server.RaftServerConfigKeys (ConfUtils.java:logGet(46)) - raft.server.sleep.deviation.threshold = 300ms (default)
2022-11-04 13:16:42,294 [pool-237-thread-1] INFO  server.RaftServer$Division (ServerState.java:<init>(118)) - 5b5b9152-5d2c-4522-9940-e93bc8d8546d@group-9E5AF68AEC75: ConfigurationManager, init=-1: peers:[5b5b9152-5d2c-4522-9940-e93bc8d8546d|rpc:10.1.1.104:42221|priority:1|startupRole:FOLLOWER]|listeners:[], old=null, confs=<EMPTY_MAP>
2022-11-04 13:16:42,294 [pool-237-thread-1] INFO  server.RaftServerConfigKeys (ConfUtils.java:logGet(46)) - raft.server.storage.dir = [/home/runner/work/ozone/ozone/hadoop-ozone/integration-test/target/test-dir/MiniOzoneClusterImpl-0c0bfa66-1f5b-4f11-9fe6-cbebe0503434/datanode-7/data/ratis] (custom)
2022-11-04 13:16:42,294 [pool-237-thread-1] INFO  server.RaftServerConfigKeys (ConfUtils.java:logGet(46)) - raft.server.log.corruption.policy = EXCEPTION (default)
2022-11-04 13:16:42,294 [pool-237-thread-1] INFO  server.RaftServerConfigKeys (ConfUtils.java:logGet(46)) - raft.server.storage.free-space.min = 0MB (=0) (default)
2022-11-04 13:16:42,294 [pool-237-thread-1] INFO  server.RaftServerConfigKeys (ConfUtils.java:logGet(46)) - raft.server.notification.no-leader.timeout = 300s (custom)
2022-11-04 13:16:42,294 [pool-237-thread-1] INFO  server.RaftServerConfigKeys (ConfUtils.java:logGet(46)) - raft.server.retrycache.expirytime = 600000ms (custom)
2022-11-04 13:16:42,294 [pool-237-thread-1] INFO  server.RaftServerConfigKeys (ConfUtils.java:logGet(46)) - raft.server.retrycache.statistics.expirytime = 100μs (default)
2022-11-04 13:16:42,296 [pool-237-thread-1] INFO  server.RaftServerConfigKeys (ConfUtils.java:logGet(46)) - raft.server.log.appender.install.snapshot.enabled = false (custom)
2022-11-04 13:16:42,296 [pool-237-thread-1] INFO  server.RaftServerConfigKeys (ConfUtils.java:logGet(46)) - raft.server.threadpool.server.cached = true (default)
2022-11-04 13:16:42,296 [pool-237-thread-1] INFO  server.RaftServerConfigKeys (ConfUtils.java:logGet(46)) - raft.server.threadpool.server.size = 0 (default)
2022-11-04 13:16:42,296 [pool-237-thread-1] INFO  server.RaftServerConfigKeys (ConfUtils.java:logGet(46)) - raft.server.threadpool.client.cached = true (default)
2022-11-04 13:16:42,296 [pool-237-thread-1] INFO  server.RaftServerConfigKeys (ConfUtils.java:logGet(46)) - raft.server.threadpool.client.size = 0 (default)
2022-11-04 13:16:42,296 [pool-237-thread-1] INFO  storage.RaftStorageDirectory (RaftStorageDirectoryImpl.java:analyzeStorage(137)) - The storage directory /home/runner/work/ozone/ozone/hadoop-ozone/integration-test/target/test-dir/MiniOzoneClusterImpl-0c0bfa66-1f5b-4f11-9fe6-cbebe0503434/datanode-7/data/ratis/420e8bb4-416f-496c-b500-9e5af68aec75 does not exist. Creating ...
2022-11-04 13:16:42,297 [pool-237-thread-1] INFO  storage.RaftStorageDirectory (RaftStorageDirectoryImpl.java:tryLock(231)) - Lock on /home/runner/work/ozone/ozone/hadoop-ozone/integration-test/target/test-dir/MiniOzoneClusterImpl-0c0bfa66-1f5b-4f11-9fe6-cbebe0503434/datanode-7/data/ratis/420e8bb4-416f-496c-b500-9e5af68aec75/in_use.lock acquired by nodename 14841@fv-az443-313
2022-11-04 13:16:42,298 [pool-237-thread-1] INFO  storage.RaftStorage (RaftStorageImpl.java:format(96)) - Storage directory /home/runner/work/ozone/ozone/hadoop-ozone/integration-test/target/test-dir/MiniOzoneClusterImpl-0c0bfa66-1f5b-4f11-9fe6-cbebe0503434/datanode-7/data/ratis/420e8bb4-416f-496c-b500-9e5af68aec75 has been successfully formatted.
2022-11-04 13:16:42,298 [pool-237-thread-1] INFO  ratis.ContainerStateMachine (ContainerStateMachine.java:loadSnapshot(236)) - group-9E5AF68AEC75: The snapshot info is null. Setting the last applied indexto:(t:0, i:~)
2022-11-04 13:16:42,298 [pool-237-thread-1] INFO  server.RaftServerConfigKeys (ConfUtils.java:logGet(46)) - raft.server.log.use.memory = false (default)
2022-11-04 13:16:42,299 [pool-237-thread-1] INFO  server.RaftServerConfigKeys (ConfUtils.java:logGet(46)) - raft.server.log.purge.gap = 1000000 (custom)
2022-11-04 13:16:42,299 [pool-237-thread-1] INFO  server.RaftServerConfigKeys (ConfUtils.java:logGet(46)) - raft.server.log.appender.buffer.byte-limit = 33554432 (custom)
2022-11-04 13:16:42,299 [pool-237-thread-1] INFO  server.RaftServerConfigKeys (ConfUtils.java:logGet(46)) - raft.server.log.statemachine.data.read.timeout = 1000ms (default)
2022-11-04 13:16:42,299 [pool-237-thread-1] INFO  server.RaftServerConfigKeys (ConfUtils.java:logGet(46)) - raft.server.log.purge.preservation.log.num = 0 (default)
2022-11-04 13:16:42,299 [pool-237-thread-1] INFO  server.RaftServerConfigKeys (ConfUtils.java:logGet(46)) - raft.server.log.segment.size.max = 1048576 (custom)
2022-11-04 13:16:42,300 [EventQueue-PipelineReportForPipelineReportHandler] INFO  pipeline.PipelineManagerImpl (PipelineManagerImpl.java:openPipeline(367)) - Pipeline Pipeline[ Id: 420e8bb4-416f-496c-b500-9e5af68aec75, Nodes: 5b5b9152-5d2c-4522-9940-e93bc8d8546d{ip: 10.1.1.104, host: fv-az443-313.ap2fcshprsnunfx25e1aelzb4b.cx.internal.cloudapp.net, ports: [REPLICATION=43113, RATIS=42221, RATIS_ADMIN=42221, RATIS_SERVER=42221, STANDALONE=40779], networkLocation: /default-rack, certSerialId: null, persistedOpState: IN_SERVICE, persistedOpStateExpiryEpochSec: 0}, ReplicationConfig: RATIS/ONE, State:ALLOCATED, leaderId:5b5b9152-5d2c-4522-9940-e93bc8d8546d, CreationTimestamp2022-11-04T13:16:39.298Z[Etc/UTC]] moved to OPEN state
2022-11-04 13:16:42,300 [EventQueue-OpenPipelineForHealthyPipelineSafeModeRule] INFO  safemode.SCMSafeModeManager (HealthyPipelineSafeModeRule.java:process(137)) - SCM in safe mode. Healthy pipelines reported count is 0, required healthy pipeline reported count is 1
2022-11-04 13:16:42,301 [pool-237-thread-1] INFO  server.RaftServerConfigKeys (ConfUtils.java:logGet(46)) - raft.server.log.segment.cache.num.max = 2 (custom)
2022-11-04 13:16:42,301 [pool-237-thread-1] INFO  server.RaftServerConfigKeys (ConfUtils.java:logGet(46)) - raft.server.log.segment.cache.size.max = 200MB (=209715200) (default)
2022-11-04 13:16:42,301 [pool-237-thread-1] INFO  segmented.SegmentedRaftLogWorker (SegmentedRaftLogWorker.java:<init>(191)) - new 5b5b9152-5d2c-4522-9940-e93bc8d8546d@group-9E5AF68AEC75-SegmentedRaftLogWorker for RaftStorageImpl:Storage Directory /home/runner/work/ozone/ozone/hadoop-ozone/integration-test/target/test-dir/MiniOzoneClusterImpl-0c0bfa66-1f5b-4f11-9fe6-cbebe0503434/datanode-7/data/ratis/420e8bb4-416f-496c-b500-9e5af68aec75
2022-11-04 13:16:42,301 [pool-237-thread-1] INFO  server.RaftServerConfigKeys (ConfUtils.java:logGet(46)) - raft.server.log.queue.byte-limit = 4294967296 (custom)
2022-11-04 13:16:42,301 [pool-237-thread-1] INFO  server.RaftServerConfigKeys (ConfUtils.java:logGet(46)) - raft.server.log.queue.element-limit = 1024 (custom)
2022-11-04 13:16:42,301 [pool-237-thread-1] INFO  server.RaftServerConfigKeys (ConfUtils.java:logGet(46)) - raft.server.log.segment.size.max = 1048576 (custom)
2022-11-04 13:16:42,301 [pool-237-thread-1] INFO  server.RaftServerConfigKeys (ConfUtils.java:logGet(46)) - raft.server.log.preallocated.size = 16384 (custom)
2022-11-04 13:16:42,301 [pool-237-thread-1] INFO  server.RaftServerConfigKeys (ConfUtils.java:logGet(46)) - raft.server.log.force.sync.num = 128 (default)
2022-11-04 13:16:42,301 [pool-237-thread-1] INFO  server.RaftServerConfigKeys (ConfUtils.java:logGet(46)) - raft.server.log.statemachine.data.sync = true (default)
2022-11-04 13:16:42,301 [pool-237-thread-1] INFO  server.RaftServerConfigKeys (ConfUtils.java:logGet(46)) - raft.server.log.statemachine.data.sync.timeout = 10s (default)
2022-11-04 13:16:42,301 [pool-237-thread-1] INFO  server.RaftServerConfigKeys (ConfUtils.java:logGet(46)) - raft.server.log.statemachine.data.sync.timeout.retry = -1 (default)
2022-11-04 13:16:42,302 [pool-237-thread-1] INFO  server.RaftServerConfigKeys (ConfUtils.java:logGet(46)) - raft.server.log.write.buffer.size = 1048576 (custom)
2022-11-04 13:16:42,302 [pool-237-thread-1] INFO  server.RaftServerConfigKeys (ConfUtils.java:logGet(46)) - raft.server.log.unsafe-flush.enabled = false (default)
2022-11-04 13:16:42,302 [pool-237-thread-1] INFO  server.RaftServerConfigKeys (ConfUtils.java:logGet(46)) - raft.server.log.async-flush.enabled = false (default)
2022-11-04 13:16:42,303 [pool-237-thread-1] INFO  server.RaftServerConfigKeys (ConfUtils.java:logGet(46)) - raft.server.log.statemachine.data.caching.enabled = true (custom)
2022-11-04 13:16:42,303 [pool-237-thread-1] INFO  segmented.SegmentedRaftLogWorker (SegmentedRaftLogWorker.java:lambda$new$0(136)) - 5b5b9152-5d2c-4522-9940-e93bc8d8546d@group-9E5AF68AEC75-SegmentedRaftLogWorker: flushIndex: setUnconditionally 0 -> -1
2022-11-04 13:16:42,303 [pool-237-thread-1] INFO  segmented.SegmentedRaftLogWorker (SegmentedRaftLogWorker.java:lambda$new$0(136)) - 5b5b9152-5d2c-4522-9940-e93bc8d8546d@group-9E5AF68AEC75-SegmentedRaftLogWorker: safeCacheEvictIndex: setUnconditionally 0 -> -1
2022-11-04 13:16:42,305 [pool-237-thread-1] INFO  server.RaftServer$Division (RaftServerImpl.java:start(334)) - 5b5b9152-5d2c-4522-9940-e93bc8d8546d@group-9E5AF68AEC75: start as a follower, conf=-1: peers:[5b5b9152-5d2c-4522-9940-e93bc8d8546d|rpc:10.1.1.104:42221|priority:1|startupRole:FOLLOWER]|listeners:[], old=null
2022-11-04 13:16:42,305 [pool-237-thread-1] INFO  server.RaftServer$Division (RaftServerImpl.java:setRole(321)) - 5b5b9152-5d2c-4522-9940-e93bc8d8546d@group-9E5AF68AEC75: changes role from      null to FOLLOWER at term 0 for startAsFollower
2022-11-04 13:16:42,305 [pool-237-thread-1] INFO  impl.RoleInfo (RoleInfo.java:updateAndGet(139)) - 5b5b9152-5d2c-4522-9940-e93bc8d8546d: start 5b5b9152-5d2c-4522-9940-e93bc8d8546d@group-9E5AF68AEC75-FollowerState
2022-11-04 13:16:42,305 [pool-237-thread-1] INFO  util.JmxRegister (JmxRegister.java:tryRegister(44)) - Successfully registered JMX Bean with object name Ratis:service=RaftServer,group=group-9E5AF68AEC75,id=5b5b9152-5d2c-4522-9940-e93bc8d8546d
2022-11-04 13:16:42,305 [pool-237-thread-1] INFO  server.RaftServerConfigKeys (ConfUtils.java:logGet(46)) - raft.server.snapshot.auto.trigger.enabled = true (custom)
2022-11-04 13:16:42,305 [pool-237-thread-1] INFO  server.RaftServerConfigKeys (ConfUtils.java:logGet(46)) - raft.server.snapshot.auto.trigger.threshold = 10000 (custom)
2022-11-04 13:16:42,305 [pool-237-thread-1] INFO  server.RaftServerConfigKeys (ConfUtils.java:logGet(46)) - raft.server.snapshot.retention.file.num = 5 (custom)
2022-11-04 13:16:42,305 [pool-237-thread-1] INFO  server.RaftServerConfigKeys (ConfUtils.java:logGet(46)) - raft.server.log.purge.upto.snapshot.index = false (default)
2022-11-04 13:16:42,306 [5b5b9152-5d2c-4522-9940-e93bc8d8546d@group-9E5AF68AEC75-FollowerState] INFO  server.RaftServerConfigKeys (ConfUtils.java:logFallback(53)) - raft.server.rpc.first-election.timeout.min = 5s (fallback to raft.server.rpc.timeout.min)
2022-11-04 13:16:42,306 [5b5b9152-5d2c-4522-9940-e93bc8d8546d@group-9E5AF68AEC75-FollowerState] INFO  server.RaftServerConfigKeys (ConfUtils.java:logFallback(53)) - raft.server.rpc.first-election.timeout.max = 5200ms (fallback to raft.server.rpc.timeout.max)
2022-11-04 13:16:42,306 [Command processor thread] INFO  ratis.XceiverServerRatis (XceiverServerRatis.java:addGroup(765)) - Created group PipelineID=420e8bb4-416f-496c-b500-9e5af68aec75
2022-11-04 13:16:42,306 [Command processor thread] INFO  commandhandler.CreatePipelineCommandHandler (CreatePipelineCommandHandler.java:handle(113)) - Created Pipeline RATIS ONE PipelineID=420e8bb4-416f-496c-b500-9e5af68aec75.
2022-11-04 13:16:42,692 [Command processor thread] INFO  server.RaftServer (RaftServerProxy.java:addNew(96)) - c32434d6-2497-484c-95de-45f9e03d5624: addNew group-A6F22B53C3CA:[c32434d6-2497-484c-95de-45f9e03d5624|rpc:10.1.1.104:38331|priority:1|startupRole:FOLLOWER] returns group-A6F22B53C3CA:java.util.concurrent.CompletableFuture@27426dc5[Not completed]
2022-11-04 13:16:42,693 [pool-264-thread-1] INFO  server.RaftServer$Division (RaftServerImpl.java:<init>(195)) - c32434d6-2497-484c-95de-45f9e03d5624: new RaftServerImpl for group-A6F22B53C3CA:[c32434d6-2497-484c-95de-45f9e03d5624|rpc:10.1.1.104:38331|priority:1|startupRole:FOLLOWER] with ContainerStateMachine:uninitialized
2022-11-04 13:16:42,693 [pool-264-thread-1] INFO  server.RaftServerConfigKeys (ConfUtils.java:logGet(46)) - raft.server.rpc.timeout.min = 5s (custom)
2022-11-04 13:16:42,693 [pool-264-thread-1] INFO  server.RaftServerConfigKeys (ConfUtils.java:logGet(46)) - raft.server.rpc.timeout.max = 5200ms (custom)
2022-11-04 13:16:42,693 [pool-264-thread-1] INFO  server.RaftServerConfigKeys (ConfUtils.java:logGet(46)) - raft.server.rpc.sleep.time = 25ms (default)
2022-11-04 13:16:42,693 [pool-264-thread-1] INFO  server.RaftServerConfigKeys (ConfUtils.java:logGet(46)) - raft.server.rpc.slowness.timeout = 300s (custom)
2022-11-04 13:16:42,693 [pool-264-thread-1] INFO  server.RaftServerConfigKeys (ConfUtils.java:logGet(46)) - raft.server.leaderelection.leader.step-down.wait-time = 10s (default)
2022-11-04 13:16:42,693 [pool-264-thread-1] INFO  server.RaftServerConfigKeys (ConfUtils.java:logGet(46)) - raft.server.sleep.deviation.threshold = 300ms (default)
2022-11-04 13:16:42,693 [pool-264-thread-1] INFO  server.RaftServer$Division (ServerState.java:<init>(118)) - c32434d6-2497-484c-95de-45f9e03d5624@group-A6F22B53C3CA: ConfigurationManager, init=-1: peers:[c32434d6-2497-484c-95de-45f9e03d5624|rpc:10.1.1.104:38331|priority:1|startupRole:FOLLOWER]|listeners:[], old=null, confs=<EMPTY_MAP>
2022-11-04 13:16:42,693 [pool-264-thread-1] INFO  server.RaftServerConfigKeys (ConfUtils.java:logGet(46)) - raft.server.storage.dir = [/home/runner/work/ozone/ozone/hadoop-ozone/integration-test/target/test-dir/MiniOzoneClusterImpl-0c0bfa66-1f5b-4f11-9fe6-cbebe0503434/datanode-8/data/ratis] (custom)
2022-11-04 13:16:42,693 [pool-264-thread-1] INFO  server.RaftServerConfigKeys (ConfUtils.java:logGet(46)) - raft.server.log.corruption.policy = EXCEPTION (default)
2022-11-04 13:16:42,693 [pool-264-thread-1] INFO  server.RaftServerConfigKeys (ConfUtils.java:logGet(46)) - raft.server.storage.free-space.min = 0MB (=0) (default)
2022-11-04 13:16:42,694 [pool-264-thread-1] INFO  server.RaftServerConfigKeys (ConfUtils.java:logGet(46)) - raft.server.notification.no-leader.timeout = 300s (custom)
2022-11-04 13:16:42,694 [pool-264-thread-1] INFO  server.RaftServerConfigKeys (ConfUtils.java:logGet(46)) - raft.server.retrycache.expirytime = 600000ms (custom)
2022-11-04 13:16:42,694 [pool-264-thread-1] INFO  server.RaftServerConfigKeys (ConfUtils.java:logGet(46)) - raft.server.retrycache.statistics.expirytime = 100μs (default)
2022-11-04 13:16:42,695 [pool-264-thread-1] INFO  server.RaftServerConfigKeys (ConfUtils.java:logGet(46)) - raft.server.log.appender.install.snapshot.enabled = false (custom)
2022-11-04 13:16:42,695 [pool-264-thread-1] INFO  server.RaftServerConfigKeys (ConfUtils.java:logGet(46)) - raft.server.threadpool.server.cached = true (default)
2022-11-04 13:16:42,695 [pool-264-thread-1] INFO  server.RaftServerConfigKeys (ConfUtils.java:logGet(46)) - raft.server.threadpool.server.size = 0 (default)
2022-11-04 13:16:42,695 [pool-264-thread-1] INFO  server.RaftServerConfigKeys (ConfUtils.java:logGet(46)) - raft.server.threadpool.client.cached = true (default)
2022-11-04 13:16:42,695 [pool-264-thread-1] INFO  server.RaftServerConfigKeys (ConfUtils.java:logGet(46)) - raft.server.threadpool.client.size = 0 (default)
2022-11-04 13:16:42,695 [pool-264-thread-1] INFO  storage.RaftStorageDirectory (RaftStorageDirectoryImpl.java:analyzeStorage(137)) - The storage directory /home/runner/work/ozone/ozone/hadoop-ozone/integration-test/target/test-dir/MiniOzoneClusterImpl-0c0bfa66-1f5b-4f11-9fe6-cbebe0503434/datanode-8/data/ratis/77e5e39f-85fe-47f7-b71b-a6f22b53c3ca does not exist. Creating ...
2022-11-04 13:16:42,696 [pool-264-thread-1] INFO  storage.RaftStorageDirectory (RaftStorageDirectoryImpl.java:tryLock(231)) - Lock on /home/runner/work/ozone/ozone/hadoop-ozone/integration-test/target/test-dir/MiniOzoneClusterImpl-0c0bfa66-1f5b-4f11-9fe6-cbebe0503434/datanode-8/data/ratis/77e5e39f-85fe-47f7-b71b-a6f22b53c3ca/in_use.lock acquired by nodename 14841@fv-az443-313
2022-11-04 13:16:42,697 [pool-264-thread-1] INFO  storage.RaftStorage (RaftStorageImpl.java:format(96)) - Storage directory /home/runner/work/ozone/ozone/hadoop-ozone/integration-test/target/test-dir/MiniOzoneClusterImpl-0c0bfa66-1f5b-4f11-9fe6-cbebe0503434/datanode-8/data/ratis/77e5e39f-85fe-47f7-b71b-a6f22b53c3ca has been successfully formatted.
2022-11-04 13:16:42,697 [pool-264-thread-1] INFO  ratis.ContainerStateMachine (ContainerStateMachine.java:loadSnapshot(236)) - group-A6F22B53C3CA: The snapshot info is null. Setting the last applied indexto:(t:0, i:~)
2022-11-04 13:16:42,698 [pool-264-thread-1] INFO  server.RaftServerConfigKeys (ConfUtils.java:logGet(46)) - raft.server.log.use.memory = false (default)
2022-11-04 13:16:42,698 [pool-264-thread-1] INFO  server.RaftServerConfigKeys (ConfUtils.java:logGet(46)) - raft.server.log.purge.gap = 1000000 (custom)
2022-11-04 13:16:42,698 [pool-264-thread-1] INFO  server.RaftServerConfigKeys (ConfUtils.java:logGet(46)) - raft.server.log.appender.buffer.byte-limit = 33554432 (custom)
2022-11-04 13:16:42,698 [pool-264-thread-1] INFO  server.RaftServerConfigKeys (ConfUtils.java:logGet(46)) - raft.server.log.statemachine.data.read.timeout = 1000ms (default)
2022-11-04 13:16:42,698 [pool-264-thread-1] INFO  server.RaftServerConfigKeys (ConfUtils.java:logGet(46)) - raft.server.log.purge.preservation.log.num = 0 (default)
2022-11-04 13:16:42,698 [pool-264-thread-1] INFO  server.RaftServerConfigKeys (ConfUtils.java:logGet(46)) - raft.server.log.segment.size.max = 1048576 (custom)
2022-11-04 13:16:42,699 [EventQueue-PipelineReportForPipelineReportHandler] INFO  pipeline.PipelineManagerImpl (PipelineManagerImpl.java:openPipeline(367)) - Pipeline Pipeline[ Id: 77e5e39f-85fe-47f7-b71b-a6f22b53c3ca, Nodes: c32434d6-2497-484c-95de-45f9e03d5624{ip: 10.1.1.104, host: fv-az443-313.ap2fcshprsnunfx25e1aelzb4b.cx.internal.cloudapp.net, ports: [REPLICATION=36169, RATIS=38331, RATIS_ADMIN=38331, RATIS_SERVER=38331, STANDALONE=36231], networkLocation: /default-rack, certSerialId: null, persistedOpState: IN_SERVICE, persistedOpStateExpiryEpochSec: 0}, ReplicationConfig: RATIS/ONE, State:ALLOCATED, leaderId:c32434d6-2497-484c-95de-45f9e03d5624, CreationTimestamp2022-11-04T13:16:39.699Z[Etc/UTC]] moved to OPEN state
2022-11-04 13:16:42,699 [EventQueue-OpenPipelineForHealthyPipelineSafeModeRule] INFO  safemode.SCMSafeModeManager (HealthyPipelineSafeModeRule.java:process(137)) - SCM in safe mode. Healthy pipelines reported count is 0, required healthy pipeline reported count is 1
2022-11-04 13:16:42,700 [pool-264-thread-1] INFO  server.RaftServerConfigKeys (ConfUtils.java:logGet(46)) - raft.server.log.segment.cache.num.max = 2 (custom)
2022-11-04 13:16:42,700 [pool-264-thread-1] INFO  server.RaftServerConfigKeys (ConfUtils.java:logGet(46)) - raft.server.log.segment.cache.size.max = 200MB (=209715200) (default)
2022-11-04 13:16:42,700 [pool-264-thread-1] INFO  segmented.SegmentedRaftLogWorker (SegmentedRaftLogWorker.java:<init>(191)) - new c32434d6-2497-484c-95de-45f9e03d5624@group-A6F22B53C3CA-SegmentedRaftLogWorker for RaftStorageImpl:Storage Directory /home/runner/work/ozone/ozone/hadoop-ozone/integration-test/target/test-dir/MiniOzoneClusterImpl-0c0bfa66-1f5b-4f11-9fe6-cbebe0503434/datanode-8/data/ratis/77e5e39f-85fe-47f7-b71b-a6f22b53c3ca
2022-11-04 13:16:42,700 [pool-264-thread-1] INFO  server.RaftServerConfigKeys (ConfUtils.java:logGet(46)) - raft.server.log.queue.byte-limit = 4294967296 (custom)
2022-11-04 13:16:42,700 [pool-264-thread-1] INFO  server.RaftServerConfigKeys (ConfUtils.java:logGet(46)) - raft.server.log.queue.element-limit = 1024 (custom)
2022-11-04 13:16:42,700 [pool-264-thread-1] INFO  server.RaftServerConfigKeys (ConfUtils.java:logGet(46)) - raft.server.log.segment.size.max = 1048576 (custom)
2022-11-04 13:16:42,700 [pool-264-thread-1] INFO  server.RaftServerConfigKeys (ConfUtils.java:logGet(46)) - raft.server.log.preallocated.size = 16384 (custom)
2022-11-04 13:16:42,701 [pool-264-thread-1] INFO  server.RaftServerConfigKeys (ConfUtils.java:logGet(46)) - raft.server.log.force.sync.num = 128 (default)
2022-11-04 13:16:42,701 [pool-264-thread-1] INFO  server.RaftServerConfigKeys (ConfUtils.java:logGet(46)) - raft.server.log.statemachine.data.sync = true (default)
2022-11-04 13:16:42,701 [pool-264-thread-1] INFO  server.RaftServerConfigKeys (ConfUtils.java:logGet(46)) - raft.server.log.statemachine.data.sync.timeout = 10s (default)
2022-11-04 13:16:42,701 [pool-264-thread-1] INFO  server.RaftServerConfigKeys (ConfUtils.java:logGet(46)) - raft.server.log.statemachine.data.sync.timeout.retry = -1 (default)
2022-11-04 13:16:42,701 [pool-264-thread-1] INFO  server.RaftServerConfigKeys (ConfUtils.java:logGet(46)) - raft.server.log.write.buffer.size = 1048576 (custom)
2022-11-04 13:16:42,702 [pool-264-thread-1] INFO  server.RaftServerConfigKeys (ConfUtils.java:logGet(46)) - raft.server.log.unsafe-flush.enabled = false (default)
2022-11-04 13:16:42,702 [pool-264-thread-1] INFO  server.RaftServerConfigKeys (ConfUtils.java:logGet(46)) - raft.server.log.async-flush.enabled = false (default)
2022-11-04 13:16:42,702 [pool-264-thread-1] INFO  server.RaftServerConfigKeys (ConfUtils.java:logGet(46)) - raft.server.log.statemachine.data.caching.enabled = true (custom)
2022-11-04 13:16:42,702 [pool-264-thread-1] INFO  segmented.SegmentedRaftLogWorker (SegmentedRaftLogWorker.java:lambda$new$0(136)) - c32434d6-2497-484c-95de-45f9e03d5624@group-A6F22B53C3CA-SegmentedRaftLogWorker: flushIndex: setUnconditionally 0 -> -1
2022-11-04 13:16:42,702 [pool-264-thread-1] INFO  segmented.SegmentedRaftLogWorker (SegmentedRaftLogWorker.java:lambda$new$0(136)) - c32434d6-2497-484c-95de-45f9e03d5624@group-A6F22B53C3CA-SegmentedRaftLogWorker: safeCacheEvictIndex: setUnconditionally 0 -> -1
2022-11-04 13:16:42,703 [pool-264-thread-1] INFO  server.RaftServer$Division (RaftServerImpl.java:start(334)) - c32434d6-2497-484c-95de-45f9e03d5624@group-A6F22B53C3CA: start as a follower, conf=-1: peers:[c32434d6-2497-484c-95de-45f9e03d5624|rpc:10.1.1.104:38331|priority:1|startupRole:FOLLOWER]|listeners:[], old=null
2022-11-04 13:16:42,703 [pool-264-thread-1] INFO  server.RaftServer$Division (RaftServerImpl.java:setRole(321)) - c32434d6-2497-484c-95de-45f9e03d5624@group-A6F22B53C3CA: changes role from      null to FOLLOWER at term 0 for startAsFollower
2022-11-04 13:16:42,703 [pool-264-thread-1] INFO  impl.RoleInfo (RoleInfo.java:updateAndGet(139)) - c32434d6-2497-484c-95de-45f9e03d5624: start c32434d6-2497-484c-95de-45f9e03d5624@group-A6F22B53C3CA-FollowerState
2022-11-04 13:16:42,703 [pool-264-thread-1] INFO  util.JmxRegister (JmxRegister.java:tryRegister(44)) - Successfully registered JMX Bean with object name Ratis:service=RaftServer,group=group-A6F22B53C3CA,id=c32434d6-2497-484c-95de-45f9e03d5624
2022-11-04 13:16:42,703 [pool-264-thread-1] INFO  server.RaftServerConfigKeys (ConfUtils.java:logGet(46)) - raft.server.snapshot.auto.trigger.enabled = true (custom)
2022-11-04 13:16:42,703 [pool-264-thread-1] INFO  server.RaftServerConfigKeys (ConfUtils.java:logGet(46)) - raft.server.snapshot.auto.trigger.threshold = 10000 (custom)
2022-11-04 13:16:42,703 [pool-264-thread-1] INFO  server.RaftServerConfigKeys (ConfUtils.java:logGet(46)) - raft.server.snapshot.retention.file.num = 5 (custom)
2022-11-04 13:16:42,703 [pool-264-thread-1] INFO  server.RaftServerConfigKeys (ConfUtils.java:logGet(46)) - raft.server.log.purge.upto.snapshot.index = false (default)
2022-11-04 13:16:42,704 [c32434d6-2497-484c-95de-45f9e03d5624@group-A6F22B53C3CA-FollowerState] INFO  server.RaftServerConfigKeys (ConfUtils.java:logFallback(53)) - raft.server.rpc.first-election.timeout.min = 5s (fallback to raft.server.rpc.timeout.min)
2022-11-04 13:16:42,704 [c32434d6-2497-484c-95de-45f9e03d5624@group-A6F22B53C3CA-FollowerState] INFO  server.RaftServerConfigKeys (ConfUtils.java:logFallback(53)) - raft.server.rpc.first-election.timeout.max = 5200ms (fallback to raft.server.rpc.timeout.max)
2022-11-04 13:16:42,704 [Command processor thread] INFO  ratis.XceiverServerRatis (XceiverServerRatis.java:addGroup(765)) - Created group PipelineID=77e5e39f-85fe-47f7-b71b-a6f22b53c3ca
2022-11-04 13:16:42,704 [Command processor thread] INFO  commandhandler.CreatePipelineCommandHandler (CreatePipelineCommandHandler.java:handle(113)) - Created Pipeline RATIS ONE PipelineID=77e5e39f-85fe-47f7-b71b-a6f22b53c3ca.
2022-11-04 13:16:43,023 [Listener at 127.0.0.1/35095] INFO  ozone.MiniOzoneClusterImpl (MiniOzoneClusterImpl.java:lambda$waitForClusterToBeReady$0(216)) - Nodes are ready. Got 10 of 10 DN Heartbeats.
2022-11-04 13:16:43,023 [Listener at 127.0.0.1/35095] INFO  ozone.MiniOzoneClusterImpl (MiniOzoneClusterImpl.java:lambda$waitForClusterToBeReady$0(219)) - Waiting for cluster to exit safe mode
2022-11-04 13:16:43,024 [Listener at 127.0.0.1/35095] INFO  ozone.MiniOzoneClusterImpl (MiniOzoneClusterImpl.java:lambda$waitForClusterToBeReady$0(221)) - SCM became leader
2022-11-04 13:16:43,032 [Command processor thread] INFO  server.RaftServer (RaftServerProxy.java:addNew(96)) - 0467b8fc-339c-416e-b5e6-66cb4b1c2e57: addNew group-49B3DD0B9FB3:[0467b8fc-339c-416e-b5e6-66cb4b1c2e57|rpc:10.1.1.104:40137|priority:1|startupRole:FOLLOWER] returns group-49B3DD0B9FB3:java.util.concurrent.CompletableFuture@44dbe0a0[Not completed]
2022-11-04 13:16:43,034 [pool-291-thread-1] INFO  server.RaftServer$Division (RaftServerImpl.java:<init>(195)) - 0467b8fc-339c-416e-b5e6-66cb4b1c2e57: new RaftServerImpl for group-49B3DD0B9FB3:[0467b8fc-339c-416e-b5e6-66cb4b1c2e57|rpc:10.1.1.104:40137|priority:1|startupRole:FOLLOWER] with ContainerStateMachine:uninitialized
2022-11-04 13:16:43,034 [pool-291-thread-1] INFO  server.RaftServerConfigKeys (ConfUtils.java:logGet(46)) - raft.server.rpc.timeout.min = 5s (custom)
2022-11-04 13:16:43,034 [pool-291-thread-1] INFO  server.RaftServerConfigKeys (ConfUtils.java:logGet(46)) - raft.server.rpc.timeout.max = 5200ms (custom)
2022-11-04 13:16:43,034 [pool-291-thread-1] INFO  server.RaftServerConfigKeys (ConfUtils.java:logGet(46)) - raft.server.rpc.sleep.time = 25ms (default)
2022-11-04 13:16:43,034 [pool-291-thread-1] INFO  server.RaftServerConfigKeys (ConfUtils.java:logGet(46)) - raft.server.rpc.slowness.timeout = 300s (custom)
2022-11-04 13:16:43,034 [pool-291-thread-1] INFO  server.RaftServerConfigKeys (ConfUtils.java:logGet(46)) - raft.server.leaderelection.leader.step-down.wait-time = 10s (default)
2022-11-04 13:16:43,034 [pool-291-thread-1] INFO  server.RaftServerConfigKeys (ConfUtils.java:logGet(46)) - raft.server.sleep.deviation.threshold = 300ms (default)
2022-11-04 13:16:43,035 [pool-291-thread-1] INFO  server.RaftServer$Division (ServerState.java:<init>(118)) - 0467b8fc-339c-416e-b5e6-66cb4b1c2e57@group-49B3DD0B9FB3: ConfigurationManager, init=-1: peers:[0467b8fc-339c-416e-b5e6-66cb4b1c2e57|rpc:10.1.1.104:40137|priority:1|startupRole:FOLLOWER]|listeners:[], old=null, confs=<EMPTY_MAP>
2022-11-04 13:16:43,035 [pool-291-thread-1] INFO  server.RaftServerConfigKeys (ConfUtils.java:logGet(46)) - raft.server.storage.dir = [/home/runner/work/ozone/ozone/hadoop-ozone/integration-test/target/test-dir/MiniOzoneClusterImpl-0c0bfa66-1f5b-4f11-9fe6-cbebe0503434/datanode-9/data/ratis] (custom)
2022-11-04 13:16:43,035 [pool-291-thread-1] INFO  server.RaftServerConfigKeys (ConfUtils.java:logGet(46)) - raft.server.log.corruption.policy = EXCEPTION (default)
2022-11-04 13:16:43,035 [pool-291-thread-1] INFO  server.RaftServerConfigKeys (ConfUtils.java:logGet(46)) - raft.server.storage.free-space.min = 0MB (=0) (default)
2022-11-04 13:16:43,035 [pool-291-thread-1] INFO  server.RaftServerConfigKeys (ConfUtils.java:logGet(46)) - raft.server.notification.no-leader.timeout = 300s (custom)
2022-11-04 13:16:43,035 [pool-291-thread-1] INFO  server.RaftServerConfigKeys (ConfUtils.java:logGet(46)) - raft.server.retrycache.expirytime = 600000ms (custom)
2022-11-04 13:16:43,035 [pool-291-thread-1] INFO  server.RaftServerConfigKeys (ConfUtils.java:logGet(46)) - raft.server.retrycache.statistics.expirytime = 100μs (default)
2022-11-04 13:16:43,037 [pool-291-thread-1] INFO  server.RaftServerConfigKeys (ConfUtils.java:logGet(46)) - raft.server.log.appender.install.snapshot.enabled = false (custom)
2022-11-04 13:16:43,037 [pool-291-thread-1] INFO  server.RaftServerConfigKeys (ConfUtils.java:logGet(46)) - raft.server.threadpool.server.cached = true (default)
2022-11-04 13:16:43,037 [pool-291-thread-1] INFO  server.RaftServerConfigKeys (ConfUtils.java:logGet(46)) - raft.server.threadpool.server.size = 0 (default)
2022-11-04 13:16:43,038 [pool-291-thread-1] INFO  server.RaftServerConfigKeys (ConfUtils.java:logGet(46)) - raft.server.threadpool.client.cached = true (default)
2022-11-04 13:16:43,038 [pool-291-thread-1] INFO  server.RaftServerConfigKeys (ConfUtils.java:logGet(46)) - raft.server.threadpool.client.size = 0 (default)
2022-11-04 13:16:43,038 [pool-291-thread-1] INFO  storage.RaftStorageDirectory (RaftStorageDirectoryImpl.java:analyzeStorage(137)) - The storage directory /home/runner/work/ozone/ozone/hadoop-ozone/integration-test/target/test-dir/MiniOzoneClusterImpl-0c0bfa66-1f5b-4f11-9fe6-cbebe0503434/datanode-9/data/ratis/6c6e24e8-07eb-402d-95db-49b3dd0b9fb3 does not exist. Creating ...
2022-11-04 13:16:43,039 [pool-291-thread-1] INFO  storage.RaftStorageDirectory (RaftStorageDirectoryImpl.java:tryLock(231)) - Lock on /home/runner/work/ozone/ozone/hadoop-ozone/integration-test/target/test-dir/MiniOzoneClusterImpl-0c0bfa66-1f5b-4f11-9fe6-cbebe0503434/datanode-9/data/ratis/6c6e24e8-07eb-402d-95db-49b3dd0b9fb3/in_use.lock acquired by nodename 14841@fv-az443-313
2022-11-04 13:16:43,040 [pool-291-thread-1] INFO  storage.RaftStorage (RaftStorageImpl.java:format(96)) - Storage directory /home/runner/work/ozone/ozone/hadoop-ozone/integration-test/target/test-dir/MiniOzoneClusterImpl-0c0bfa66-1f5b-4f11-9fe6-cbebe0503434/datanode-9/data/ratis/6c6e24e8-07eb-402d-95db-49b3dd0b9fb3 has been successfully formatted.
2022-11-04 13:16:43,040 [pool-291-thread-1] INFO  ratis.ContainerStateMachine (ContainerStateMachine.java:loadSnapshot(236)) - group-49B3DD0B9FB3: The snapshot info is null. Setting the last applied indexto:(t:0, i:~)
2022-11-04 13:16:43,040 [pool-291-thread-1] INFO  server.RaftServerConfigKeys (ConfUtils.java:logGet(46)) - raft.server.log.use.memory = false (default)
2022-11-04 13:16:43,040 [pool-291-thread-1] INFO  server.RaftServerConfigKeys (ConfUtils.java:logGet(46)) - raft.server.log.purge.gap = 1000000 (custom)
2022-11-04 13:16:43,040 [pool-291-thread-1] INFO  server.RaftServerConfigKeys (ConfUtils.java:logGet(46)) - raft.server.log.appender.buffer.byte-limit = 33554432 (custom)
2022-11-04 13:16:43,041 [pool-291-thread-1] INFO  server.RaftServerConfigKeys (ConfUtils.java:logGet(46)) - raft.server.log.statemachine.data.read.timeout = 1000ms (default)
2022-11-04 13:16:43,041 [pool-291-thread-1] INFO  server.RaftServerConfigKeys (ConfUtils.java:logGet(46)) - raft.server.log.purge.preservation.log.num = 0 (default)
2022-11-04 13:16:43,041 [pool-291-thread-1] INFO  server.RaftServerConfigKeys (ConfUtils.java:logGet(46)) - raft.server.log.segment.size.max = 1048576 (custom)
2022-11-04 13:16:43,041 [EventQueue-PipelineReportForPipelineReportHandler] INFO  pipeline.PipelineManagerImpl (PipelineManagerImpl.java:openPipeline(367)) - Pipeline Pipeline[ Id: 6c6e24e8-07eb-402d-95db-49b3dd0b9fb3, Nodes: 0467b8fc-339c-416e-b5e6-66cb4b1c2e57{ip: 10.1.1.104, host: fv-az443-313.ap2fcshprsnunfx25e1aelzb4b.cx.internal.cloudapp.net, ports: [REPLICATION=40647, RATIS=40137, RATIS_ADMIN=40137, RATIS_SERVER=40137, STANDALONE=40209], networkLocation: /default-rack, certSerialId: null, persistedOpState: IN_SERVICE, persistedOpStateExpiryEpochSec: 0}, ReplicationConfig: RATIS/ONE, State:ALLOCATED, leaderId:0467b8fc-339c-416e-b5e6-66cb4b1c2e57, CreationTimestamp2022-11-04T13:16:40.033Z[Etc/UTC]] moved to OPEN state
2022-11-04 13:16:43,042 [EventQueue-OpenPipelineForHealthyPipelineSafeModeRule] INFO  safemode.SCMSafeModeManager (HealthyPipelineSafeModeRule.java:process(137)) - SCM in safe mode. Healthy pipelines reported count is 0, required healthy pipeline reported count is 1
2022-11-04 13:16:43,042 [pool-291-thread-1] INFO  server.RaftServerConfigKeys (ConfUtils.java:logGet(46)) - raft.server.log.segment.cache.num.max = 2 (custom)
2022-11-04 13:16:43,042 [pool-291-thread-1] INFO  server.RaftServerConfigKeys (ConfUtils.java:logGet(46)) - raft.server.log.segment.cache.size.max = 200MB (=209715200) (default)
2022-11-04 13:16:43,042 [pool-291-thread-1] INFO  segmented.SegmentedRaftLogWorker (SegmentedRaftLogWorker.java:<init>(191)) - new 0467b8fc-339c-416e-b5e6-66cb4b1c2e57@group-49B3DD0B9FB3-SegmentedRaftLogWorker for RaftStorageImpl:Storage Directory /home/runner/work/ozone/ozone/hadoop-ozone/integration-test/target/test-dir/MiniOzoneClusterImpl-0c0bfa66-1f5b-4f11-9fe6-cbebe0503434/datanode-9/data/ratis/6c6e24e8-07eb-402d-95db-49b3dd0b9fb3
2022-11-04 13:16:43,042 [pool-291-thread-1] INFO  server.RaftServerConfigKeys (ConfUtils.java:logGet(46)) - raft.server.log.queue.byte-limit = 4294967296 (custom)
2022-11-04 13:16:43,042 [pool-291-thread-1] INFO  server.RaftServerConfigKeys (ConfUtils.java:logGet(46)) - raft.server.log.queue.element-limit = 1024 (custom)
2022-11-04 13:16:43,042 [pool-291-thread-1] INFO  server.RaftServerConfigKeys (ConfUtils.java:logGet(46)) - raft.server.log.segment.size.max = 1048576 (custom)
2022-11-04 13:16:43,042 [pool-291-thread-1] INFO  server.RaftServerConfigKeys (ConfUtils.java:logGet(46)) - raft.server.log.preallocated.size = 16384 (custom)
2022-11-04 13:16:43,042 [pool-291-thread-1] INFO  server.RaftServerConfigKeys (ConfUtils.java:logGet(46)) - raft.server.log.force.sync.num = 128 (default)
2022-11-04 13:16:43,042 [pool-291-thread-1] INFO  server.RaftServerConfigKeys (ConfUtils.java:logGet(46)) - raft.server.log.statemachine.data.sync = true (default)
2022-11-04 13:16:43,043 [pool-291-thread-1] INFO  server.RaftServerConfigKeys (ConfUtils.java:logGet(46)) - raft.server.log.statemachine.data.sync.timeout = 10s (default)
2022-11-04 13:16:43,043 [pool-291-thread-1] INFO  server.RaftServerConfigKeys (ConfUtils.java:logGet(46)) - raft.server.log.statemachine.data.sync.timeout.retry = -1 (default)
2022-11-04 13:16:43,043 [pool-291-thread-1] INFO  server.RaftServerConfigKeys (ConfUtils.java:logGet(46)) - raft.server.log.write.buffer.size = 1048576 (custom)
2022-11-04 13:16:43,044 [pool-291-thread-1] INFO  server.RaftServerConfigKeys (ConfUtils.java:logGet(46)) - raft.server.log.unsafe-flush.enabled = false (default)
2022-11-04 13:16:43,044 [pool-291-thread-1] INFO  server.RaftServerConfigKeys (ConfUtils.java:logGet(46)) - raft.server.log.async-flush.enabled = false (default)
2022-11-04 13:16:43,044 [pool-291-thread-1] INFO  server.RaftServerConfigKeys (ConfUtils.java:logGet(46)) - raft.server.log.statemachine.data.caching.enabled = true (custom)
2022-11-04 13:16:43,044 [pool-291-thread-1] INFO  segmented.SegmentedRaftLogWorker (SegmentedRaftLogWorker.java:lambda$new$0(136)) - 0467b8fc-339c-416e-b5e6-66cb4b1c2e57@group-49B3DD0B9FB3-SegmentedRaftLogWorker: flushIndex: setUnconditionally 0 -> -1
2022-11-04 13:16:43,044 [pool-291-thread-1] INFO  segmented.SegmentedRaftLogWorker (SegmentedRaftLogWorker.java:lambda$new$0(136)) - 0467b8fc-339c-416e-b5e6-66cb4b1c2e57@group-49B3DD0B9FB3-SegmentedRaftLogWorker: safeCacheEvictIndex: setUnconditionally 0 -> -1
2022-11-04 13:16:43,045 [pool-291-thread-1] INFO  server.RaftServer$Division (RaftServerImpl.java:start(334)) - 0467b8fc-339c-416e-b5e6-66cb4b1c2e57@group-49B3DD0B9FB3: start as a follower, conf=-1: peers:[0467b8fc-339c-416e-b5e6-66cb4b1c2e57|rpc:10.1.1.104:40137|priority:1|startupRole:FOLLOWER]|listeners:[], old=null
2022-11-04 13:16:43,045 [pool-291-thread-1] INFO  server.RaftServer$Division (RaftServerImpl.java:setRole(321)) - 0467b8fc-339c-416e-b5e6-66cb4b1c2e57@group-49B3DD0B9FB3: changes role from      null to FOLLOWER at term 0 for startAsFollower
2022-11-04 13:16:43,045 [pool-291-thread-1] INFO  impl.RoleInfo (RoleInfo.java:updateAndGet(139)) - 0467b8fc-339c-416e-b5e6-66cb4b1c2e57: start 0467b8fc-339c-416e-b5e6-66cb4b1c2e57@group-49B3DD0B9FB3-FollowerState
2022-11-04 13:16:43,052 [pool-291-thread-1] INFO  util.JmxRegister (JmxRegister.java:tryRegister(44)) - Successfully registered JMX Bean with object name Ratis:service=RaftServer,group=group-49B3DD0B9FB3,id=0467b8fc-339c-416e-b5e6-66cb4b1c2e57
2022-11-04 13:16:43,052 [pool-291-thread-1] INFO  server.RaftServerConfigKeys (ConfUtils.java:logGet(46)) - raft.server.snapshot.auto.trigger.enabled = true (custom)
2022-11-04 13:16:43,053 [pool-291-thread-1] INFO  server.RaftServerConfigKeys (ConfUtils.java:logGet(46)) - raft.server.snapshot.auto.trigger.threshold = 10000 (custom)
2022-11-04 13:16:43,053 [pool-291-thread-1] INFO  server.RaftServerConfigKeys (ConfUtils.java:logGet(46)) - raft.server.snapshot.retention.file.num = 5 (custom)
2022-11-04 13:16:43,053 [pool-291-thread-1] INFO  server.RaftServerConfigKeys (ConfUtils.java:logGet(46)) - raft.server.log.purge.upto.snapshot.index = false (default)
2022-11-04 13:16:43,053 [0467b8fc-339c-416e-b5e6-66cb4b1c2e57@group-49B3DD0B9FB3-FollowerState] INFO  server.RaftServerConfigKeys (ConfUtils.java:logFallback(53)) - raft.server.rpc.first-election.timeout.min = 5s (fallback to raft.server.rpc.timeout.min)
2022-11-04 13:16:43,053 [0467b8fc-339c-416e-b5e6-66cb4b1c2e57@group-49B3DD0B9FB3-FollowerState] INFO  server.RaftServerConfigKeys (ConfUtils.java:logFallback(53)) - raft.server.rpc.first-election.timeout.max = 5200ms (fallback to raft.server.rpc.timeout.max)
2022-11-04 13:16:43,053 [Command processor thread] INFO  ratis.XceiverServerRatis (XceiverServerRatis.java:addGroup(765)) - Created group PipelineID=6c6e24e8-07eb-402d-95db-49b3dd0b9fb3
2022-11-04 13:16:43,054 [Command processor thread] INFO  commandhandler.CreatePipelineCommandHandler (CreatePipelineCommandHandler.java:handle(113)) - Created Pipeline RATIS ONE PipelineID=6c6e24e8-07eb-402d-95db-49b3dd0b9fb3.
2022-11-04 13:16:44,024 [Listener at 127.0.0.1/35095] INFO  ozone.MiniOzoneClusterImpl (MiniOzoneClusterImpl.java:lambda$waitForClusterToBeReady$0(216)) - Nodes are ready. Got 10 of 10 DN Heartbeats.
2022-11-04 13:16:44,024 [Listener at 127.0.0.1/35095] INFO  ozone.MiniOzoneClusterImpl (MiniOzoneClusterImpl.java:lambda$waitForClusterToBeReady$0(219)) - Waiting for cluster to exit safe mode
2022-11-04 13:16:44,024 [Listener at 127.0.0.1/35095] INFO  ozone.MiniOzoneClusterImpl (MiniOzoneClusterImpl.java:lambda$waitForClusterToBeReady$0(221)) - SCM became leader
2022-11-04 13:16:44,942 [8d3760b1-f0ab-49a5-9c8a-a39ea99f9aab@group-FA853D2A5168-FollowerState] INFO  impl.FollowerState (FollowerState.java:run(143)) - 8d3760b1-f0ab-49a5-9c8a-a39ea99f9aab@group-FA853D2A5168-FollowerState: change to CANDIDATE, lastRpcElapsedTime:5112832471ns, electionTimeout:5108ms
2022-11-04 13:16:44,942 [8d3760b1-f0ab-49a5-9c8a-a39ea99f9aab@group-FA853D2A5168-FollowerState] INFO  impl.RoleInfo (RoleInfo.java:shutdownFollowerState(110)) - 8d3760b1-f0ab-49a5-9c8a-a39ea99f9aab: shutdown 8d3760b1-f0ab-49a5-9c8a-a39ea99f9aab@group-FA853D2A5168-FollowerState
2022-11-04 13:16:44,942 [8d3760b1-f0ab-49a5-9c8a-a39ea99f9aab@group-FA853D2A5168-FollowerState] INFO  server.RaftServer$Division (RaftServerImpl.java:setRole(321)) - 8d3760b1-f0ab-49a5-9c8a-a39ea99f9aab@group-FA853D2A5168: changes role from  FOLLOWER to CANDIDATE at term 0 for changeToCandidate
2022-11-04 13:16:44,944 [8d3760b1-f0ab-49a5-9c8a-a39ea99f9aab@group-FA853D2A5168-FollowerState] INFO  server.RaftServerConfigKeys (ConfUtils.java:logGet(46)) - raft.server.leaderelection.pre-vote = false (custom)
2022-11-04 13:16:44,944 [8d3760b1-f0ab-49a5-9c8a-a39ea99f9aab@group-FA853D2A5168-FollowerState] INFO  impl.RoleInfo (RoleInfo.java:updateAndGet(139)) - 8d3760b1-f0ab-49a5-9c8a-a39ea99f9aab: start 8d3760b1-f0ab-49a5-9c8a-a39ea99f9aab@group-FA853D2A5168-LeaderElection2
2022-11-04 13:16:44,952 [8d3760b1-f0ab-49a5-9c8a-a39ea99f9aab@group-FA853D2A5168-LeaderElection2] INFO  impl.LeaderElection (LeaderElection.java:askForVotes(312)) - 8d3760b1-f0ab-49a5-9c8a-a39ea99f9aab@group-FA853D2A5168-LeaderElection2 ELECTION round 0: submit vote requests at term 1 for -1: peers:[c7cc2fe0-c6a0-4806-a89e-0e07a1727659|rpc:10.1.1.104:40287|priority:0|startupRole:FOLLOWER, 6e1286b8-b074-4479-bd2c-46da0ae8c43a|rpc:10.1.1.104:43531|priority:1|startupRole:FOLLOWER, 8d3760b1-f0ab-49a5-9c8a-a39ea99f9aab|rpc:10.1.1.104:40979|priority:0|startupRole:FOLLOWER]|listeners:[], old=null
2022-11-04 13:16:44,958 [8d3760b1-f0ab-49a5-9c8a-a39ea99f9aab@group-FA853D2A5168-LeaderElection2] INFO  server.RaftServerConfigKeys (ConfUtils.java:logFallback(53)) - raft.server.rpc.first-election.timeout.min = 5s (fallback to raft.server.rpc.timeout.min)
2022-11-04 13:16:44,958 [8d3760b1-f0ab-49a5-9c8a-a39ea99f9aab@group-FA853D2A5168-LeaderElection2] INFO  server.RaftServerConfigKeys (ConfUtils.java:logFallback(53)) - raft.server.rpc.first-election.timeout.max = 5200ms (fallback to raft.server.rpc.timeout.max)
2022-11-04 13:16:44,958 [8d3760b1-f0ab-49a5-9c8a-a39ea99f9aab@group-FA853D2A5168-LeaderElection2-1] INFO  server.GrpcServerProtocolClient (GrpcServerProtocolClient.java:<init>(63)) - Build channel for c7cc2fe0-c6a0-4806-a89e-0e07a1727659
2022-11-04 13:16:44,960 [8d3760b1-f0ab-49a5-9c8a-a39ea99f9aab@group-FA853D2A5168-LeaderElection2-2] INFO  server.GrpcServerProtocolClient (GrpcServerProtocolClient.java:<init>(63)) - Build channel for 6e1286b8-b074-4479-bd2c-46da0ae8c43a
2022-11-04 13:16:44,970 [8d3760b1-f0ab-49a5-9c8a-a39ea99f9aab@group-2BBF2C51CC02-FollowerState] INFO  impl.FollowerState (FollowerState.java:run(143)) - 8d3760b1-f0ab-49a5-9c8a-a39ea99f9aab@group-2BBF2C51CC02-FollowerState: change to CANDIDATE, lastRpcElapsedTime:5190679544ns, electionTimeout:5180ms
2022-11-04 13:16:44,972 [8d3760b1-f0ab-49a5-9c8a-a39ea99f9aab@group-2BBF2C51CC02-FollowerState] INFO  impl.RoleInfo (RoleInfo.java:shutdownFollowerState(110)) - 8d3760b1-f0ab-49a5-9c8a-a39ea99f9aab: shutdown 8d3760b1-f0ab-49a5-9c8a-a39ea99f9aab@group-2BBF2C51CC02-FollowerState
2022-11-04 13:16:44,972 [8d3760b1-f0ab-49a5-9c8a-a39ea99f9aab@group-2BBF2C51CC02-FollowerState] INFO  server.RaftServer$Division (RaftServerImpl.java:setRole(321)) - 8d3760b1-f0ab-49a5-9c8a-a39ea99f9aab@group-2BBF2C51CC02: changes role from  FOLLOWER to CANDIDATE at term 0 for changeToCandidate
2022-11-04 13:16:44,973 [8d3760b1-f0ab-49a5-9c8a-a39ea99f9aab@group-2BBF2C51CC02-FollowerState] INFO  server.RaftServerConfigKeys (ConfUtils.java:logGet(46)) - raft.server.leaderelection.pre-vote = false (custom)
2022-11-04 13:16:44,973 [8d3760b1-f0ab-49a5-9c8a-a39ea99f9aab@group-2BBF2C51CC02-FollowerState] INFO  impl.RoleInfo (RoleInfo.java:updateAndGet(139)) - 8d3760b1-f0ab-49a5-9c8a-a39ea99f9aab: start 8d3760b1-f0ab-49a5-9c8a-a39ea99f9aab@group-2BBF2C51CC02-LeaderElection3
2022-11-04 13:16:44,982 [grpc-default-executor-0] INFO  server.RaftServer$Division (RaftServerImpl.java:requestVote(1218)) - 6e1286b8-b074-4479-bd2c-46da0ae8c43a@group-FA853D2A5168: receive requestVote(ELECTION, 8d3760b1-f0ab-49a5-9c8a-a39ea99f9aab, group-FA853D2A5168, 1, (t:0, i:0))
2022-11-04 13:16:44,984 [grpc-default-executor-1] INFO  server.RaftServer$Division (RaftServerImpl.java:requestVote(1218)) - c7cc2fe0-c6a0-4806-a89e-0e07a1727659@group-FA853D2A5168: receive requestVote(ELECTION, 8d3760b1-f0ab-49a5-9c8a-a39ea99f9aab, group-FA853D2A5168, 1, (t:0, i:0))
2022-11-04 13:16:44,985 [grpc-default-executor-1] INFO  impl.VoteContext (VoteContext.java:log(48)) - c7cc2fe0-c6a0-4806-a89e-0e07a1727659@group-FA853D2A5168-FOLLOWER: accept ELECTION from 8d3760b1-f0ab-49a5-9c8a-a39ea99f9aab: our priority 0 <= candidate's priority 0
2022-11-04 13:16:44,986 [grpc-default-executor-1] INFO  server.RaftServer$Division (RaftServerImpl.java:setRole(321)) - c7cc2fe0-c6a0-4806-a89e-0e07a1727659@group-FA853D2A5168: changes role from  FOLLOWER to FOLLOWER at term 1 for candidate:8d3760b1-f0ab-49a5-9c8a-a39ea99f9aab
2022-11-04 13:16:44,986 [grpc-default-executor-1] INFO  impl.RoleInfo (RoleInfo.java:shutdownFollowerState(110)) - c7cc2fe0-c6a0-4806-a89e-0e07a1727659: shutdown c7cc2fe0-c6a0-4806-a89e-0e07a1727659@group-FA853D2A5168-FollowerState
2022-11-04 13:16:44,985 [grpc-default-executor-0] INFO  impl.VoteContext (VoteContext.java:log(48)) - 6e1286b8-b074-4479-bd2c-46da0ae8c43a@group-FA853D2A5168-FOLLOWER: reject ELECTION from 8d3760b1-f0ab-49a5-9c8a-a39ea99f9aab: our priority 1 > candidate's priority 0
2022-11-04 13:16:44,987 [c7cc2fe0-c6a0-4806-a89e-0e07a1727659@group-FA853D2A5168-FollowerState] INFO  impl.FollowerState (FollowerState.java:run(152)) - c7cc2fe0-c6a0-4806-a89e-0e07a1727659@group-FA853D2A5168-FollowerState was interrupted
2022-11-04 13:16:44,987 [grpc-default-executor-0] INFO  server.RaftServer$Division (RaftServerImpl.java:setRole(321)) - 6e1286b8-b074-4479-bd2c-46da0ae8c43a@group-FA853D2A5168: changes role from  FOLLOWER to FOLLOWER at term 1 for candidate:8d3760b1-f0ab-49a5-9c8a-a39ea99f9aab
2022-11-04 13:16:44,987 [grpc-default-executor-0] INFO  impl.RoleInfo (RoleInfo.java:shutdownFollowerState(110)) - 6e1286b8-b074-4479-bd2c-46da0ae8c43a: shutdown 6e1286b8-b074-4479-bd2c-46da0ae8c43a@group-FA853D2A5168-FollowerState
2022-11-04 13:16:44,987 [6e1286b8-b074-4479-bd2c-46da0ae8c43a@group-FA853D2A5168-FollowerState] INFO  impl.FollowerState (FollowerState.java:run(152)) - 6e1286b8-b074-4479-bd2c-46da0ae8c43a@group-FA853D2A5168-FollowerState was interrupted
2022-11-04 13:16:44,987 [grpc-default-executor-1] INFO  impl.RoleInfo (RoleInfo.java:updateAndGet(139)) - c7cc2fe0-c6a0-4806-a89e-0e07a1727659: start c7cc2fe0-c6a0-4806-a89e-0e07a1727659@group-FA853D2A5168-FollowerState
2022-11-04 13:16:44,989 [c7cc2fe0-c6a0-4806-a89e-0e07a1727659@group-FA853D2A5168-FollowerState] INFO  server.RaftServerConfigKeys (ConfUtils.java:logFallback(53)) - raft.server.rpc.first-election.timeout.min = 5s (fallback to raft.server.rpc.timeout.min)
2022-11-04 13:16:44,989 [c7cc2fe0-c6a0-4806-a89e-0e07a1727659@group-FA853D2A5168-FollowerState] INFO  server.RaftServerConfigKeys (ConfUtils.java:logFallback(53)) - raft.server.rpc.first-election.timeout.max = 5200ms (fallback to raft.server.rpc.timeout.max)
2022-11-04 13:16:44,989 [grpc-default-executor-0] INFO  impl.RoleInfo (RoleInfo.java:updateAndGet(139)) - 6e1286b8-b074-4479-bd2c-46da0ae8c43a: start 6e1286b8-b074-4479-bd2c-46da0ae8c43a@group-FA853D2A5168-FollowerState
2022-11-04 13:16:44,999 [grpc-default-executor-0] INFO  server.RaftServer$Division (RaftServerImpl.java:requestVote(1251)) - 6e1286b8-b074-4479-bd2c-46da0ae8c43a@group-FA853D2A5168 replies to ELECTION vote request: 8d3760b1-f0ab-49a5-9c8a-a39ea99f9aab<-6e1286b8-b074-4479-bd2c-46da0ae8c43a#0:FAIL-t1. Peer's state: 6e1286b8-b074-4479-bd2c-46da0ae8c43a@group-FA853D2A5168:t1, leader=null, voted=null, raftlog=Memoized:6e1286b8-b074-4479-bd2c-46da0ae8c43a@group-FA853D2A5168-SegmentedRaftLog:OPENED:c-1, conf=-1: peers:[c7cc2fe0-c6a0-4806-a89e-0e07a1727659|rpc:10.1.1.104:40287|dataStream:|priority:0|startupRole:FOLLOWER, 6e1286b8-b074-4479-bd2c-46da0ae8c43a|rpc:10.1.1.104:43531|dataStream:|priority:1|startupRole:FOLLOWER, 8d3760b1-f0ab-49a5-9c8a-a39ea99f9aab|rpc:10.1.1.104:40979|dataStream:|priority:0|startupRole:FOLLOWER]|listeners:[], old=null
2022-11-04 13:16:45,004 [6e1286b8-b074-4479-bd2c-46da0ae8c43a@group-FA853D2A5168-FollowerState] INFO  server.RaftServerConfigKeys (ConfUtils.java:logFallback(53)) - raft.server.rpc.first-election.timeout.min = 5s (fallback to raft.server.rpc.timeout.min)
2022-11-04 13:16:45,007 [6e1286b8-b074-4479-bd2c-46da0ae8c43a@group-FA853D2A5168-FollowerState] INFO  server.RaftServerConfigKeys (ConfUtils.java:logFallback(53)) - raft.server.rpc.first-election.timeout.max = 5200ms (fallback to raft.server.rpc.timeout.max)
2022-11-04 13:16:45,007 [grpc-default-executor-1] INFO  server.RaftServer$Division (RaftServerImpl.java:requestVote(1251)) - c7cc2fe0-c6a0-4806-a89e-0e07a1727659@group-FA853D2A5168 replies to ELECTION vote request: 8d3760b1-f0ab-49a5-9c8a-a39ea99f9aab<-c7cc2fe0-c6a0-4806-a89e-0e07a1727659#0:OK-t1. Peer's state: c7cc2fe0-c6a0-4806-a89e-0e07a1727659@group-FA853D2A5168:t1, leader=null, voted=8d3760b1-f0ab-49a5-9c8a-a39ea99f9aab, raftlog=Memoized:c7cc2fe0-c6a0-4806-a89e-0e07a1727659@group-FA853D2A5168-SegmentedRaftLog:OPENED:c-1, conf=-1: peers:[c7cc2fe0-c6a0-4806-a89e-0e07a1727659|rpc:10.1.1.104:40287|priority:0|startupRole:FOLLOWER, 6e1286b8-b074-4479-bd2c-46da0ae8c43a|rpc:10.1.1.104:43531|priority:1|startupRole:FOLLOWER, 8d3760b1-f0ab-49a5-9c8a-a39ea99f9aab|rpc:10.1.1.104:40979|priority:0|startupRole:FOLLOWER]|listeners:[], old=null
2022-11-04 13:16:45,004 [8d3760b1-f0ab-49a5-9c8a-a39ea99f9aab@group-2BBF2C51CC02-LeaderElection3] INFO  impl.LeaderElection (LeaderElection.java:askForVotes(312)) - 8d3760b1-f0ab-49a5-9c8a-a39ea99f9aab@group-2BBF2C51CC02-LeaderElection3 ELECTION round 0: submit vote requests at term 1 for -1: peers:[8d3760b1-f0ab-49a5-9c8a-a39ea99f9aab|rpc:10.1.1.104:40979|priority:1|startupRole:FOLLOWER]|listeners:[], old=null
2022-11-04 13:16:45,008 [8d3760b1-f0ab-49a5-9c8a-a39ea99f9aab@group-2BBF2C51CC02-LeaderElection3] INFO  impl.LeaderElection (LeaderElection.java:askForVotes(314)) - 8d3760b1-f0ab-49a5-9c8a-a39ea99f9aab@group-2BBF2C51CC02-LeaderElection3 ELECTION round 0: result PASSED (term=1)
2022-11-04 13:16:45,008 [8d3760b1-f0ab-49a5-9c8a-a39ea99f9aab@group-2BBF2C51CC02-LeaderElection3] INFO  impl.RoleInfo (RoleInfo.java:shutdownLeaderElection(130)) - 8d3760b1-f0ab-49a5-9c8a-a39ea99f9aab: shutdown 8d3760b1-f0ab-49a5-9c8a-a39ea99f9aab@group-2BBF2C51CC02-LeaderElection3
2022-11-04 13:16:45,008 [8d3760b1-f0ab-49a5-9c8a-a39ea99f9aab@group-2BBF2C51CC02-LeaderElection3] INFO  server.RaftServer$Division (RaftServerImpl.java:setRole(321)) - 8d3760b1-f0ab-49a5-9c8a-a39ea99f9aab@group-2BBF2C51CC02: changes role from CANDIDATE to LEADER at term 1 for changeToLeader
2022-11-04 13:16:45,008 [8d3760b1-f0ab-49a5-9c8a-a39ea99f9aab@group-2BBF2C51CC02-LeaderElection3] INFO  ratis.XceiverServerRatis (XceiverServerRatis.java:handleLeaderChangedNotification(863)) - Leader change notification received for group: group-2BBF2C51CC02 with new leaderId: 8d3760b1-f0ab-49a5-9c8a-a39ea99f9aab
2022-11-04 13:16:45,008 [8d3760b1-f0ab-49a5-9c8a-a39ea99f9aab@group-2BBF2C51CC02-LeaderElection3] INFO  server.RaftServer$Division (ServerState.java:setLeader(313)) - 8d3760b1-f0ab-49a5-9c8a-a39ea99f9aab@group-2BBF2C51CC02: change Leader from null to 8d3760b1-f0ab-49a5-9c8a-a39ea99f9aab at term 1 for becomeLeader, leader elected after 5259ms
2022-11-04 13:16:45,008 [8d3760b1-f0ab-49a5-9c8a-a39ea99f9aab@group-2BBF2C51CC02-LeaderElection3] INFO  server.RaftServerConfigKeys (ConfUtils.java:logGet(46)) - raft.server.staging.catchup.gap = 1000 (default)
2022-11-04 13:16:45,008 [8d3760b1-f0ab-49a5-9c8a-a39ea99f9aab@group-2BBF2C51CC02-LeaderElection3] INFO  server.RaftServerConfigKeys (ConfUtils.java:logGet(46)) - raft.server.write.element-limit = 1024 (custom)
2022-11-04 13:16:45,009 [8d3760b1-f0ab-49a5-9c8a-a39ea99f9aab@group-2BBF2C51CC02-LeaderElection3] INFO  server.RaftServerConfigKeys (ConfUtils.java:logGet(46)) - raft.server.write.byte-limit = 1024 M (=1073741824) (custom)
2022-11-04 13:16:45,009 [8d3760b1-f0ab-49a5-9c8a-a39ea99f9aab@group-2BBF2C51CC02-LeaderElection3] INFO  server.RaftServerConfigKeys (ConfUtils.java:logGet(46)) - raft.server.watch.timeout = 180s (custom)
2022-11-04 13:16:45,010 [EventQueue-OpenPipelineForHealthyPipelineSafeModeRule] INFO  safemode.SCMSafeModeManager (HealthyPipelineSafeModeRule.java:process(137)) - SCM in safe mode. Healthy pipelines reported count is 0, required healthy pipeline reported count is 1
2022-11-04 13:16:45,011 [8d3760b1-f0ab-49a5-9c8a-a39ea99f9aab@group-2BBF2C51CC02-LeaderElection3] INFO  server.RaftServerConfigKeys (ConfUtils.java:logGet(46)) - raft.server.watch.timeout.denomination = 1s (default)
2022-11-04 13:16:45,012 [8d3760b1-f0ab-49a5-9c8a-a39ea99f9aab@group-2BBF2C51CC02-LeaderElection3] INFO  server.RaftServerConfigKeys (ConfUtils.java:logGet(46)) - raft.server.watch.element-limit = 65536 (default)
2022-11-04 13:16:45,012 [8d3760b1-f0ab-49a5-9c8a-a39ea99f9aab@group-2BBF2C51CC02-LeaderElection3] INFO  server.RaftServerConfigKeys (ConfUtils.java:logGet(46)) - raft.server.write.element-limit = 1024 (custom)
2022-11-04 13:16:45,012 [8d3760b1-f0ab-49a5-9c8a-a39ea99f9aab@group-2BBF2C51CC02-LeaderElection3] INFO  server.RaftServerConfigKeys (ConfUtils.java:logGet(46)) - raft.server.write.follower.gap.ratio.max = -1.0 (default)
2022-11-04 13:16:45,012 [8d3760b1-f0ab-49a5-9c8a-a39ea99f9aab@group-2BBF2C51CC02-LeaderElection3] INFO  impl.RoleInfo (RoleInfo.java:updateAndGet(139)) - 8d3760b1-f0ab-49a5-9c8a-a39ea99f9aab: start 8d3760b1-f0ab-49a5-9c8a-a39ea99f9aab@group-2BBF2C51CC02-LeaderStateImpl
2022-11-04 13:16:45,012 [8d3760b1-f0ab-49a5-9c8a-a39ea99f9aab@group-2BBF2C51CC02-LeaderElection3] INFO  segmented.SegmentedRaftLogWorker (SegmentedRaftLogWorker.java:startLogSegment(452)) - 8d3760b1-f0ab-49a5-9c8a-a39ea99f9aab@group-2BBF2C51CC02-SegmentedRaftLogWorker: Starting segment from index:0
2022-11-04 13:16:45,015 [8d3760b1-f0ab-49a5-9c8a-a39ea99f9aab@group-2BBF2C51CC02-LeaderElection3] INFO  server.RaftServer$Division (ServerState.java:setRaftConf(430)) - 8d3760b1-f0ab-49a5-9c8a-a39ea99f9aab@group-2BBF2C51CC02: set configuration 0: peers:[8d3760b1-f0ab-49a5-9c8a-a39ea99f9aab|rpc:10.1.1.104:40979|dataStream:|priority:1|startupRole:FOLLOWER]|listeners:[], old=null
2022-11-04 13:16:45,015 [8d3760b1-f0ab-49a5-9c8a-a39ea99f9aab@group-FA853D2A5168-LeaderElection2] INFO  impl.LeaderElection (LeaderElection.java:logAndReturn(90)) - 8d3760b1-f0ab-49a5-9c8a-a39ea99f9aab@group-FA853D2A5168-LeaderElection2: ELECTION REJECTED received 2 response(s) and 0 exception(s):
2022-11-04 13:16:45,015 [8d3760b1-f0ab-49a5-9c8a-a39ea99f9aab@group-FA853D2A5168-LeaderElection2] INFO  impl.LeaderElection (LeaderElection.java:logAndReturn(94)) -   Response 0: 8d3760b1-f0ab-49a5-9c8a-a39ea99f9aab<-c7cc2fe0-c6a0-4806-a89e-0e07a1727659#0:OK-t1
2022-11-04 13:16:45,015 [8d3760b1-f0ab-49a5-9c8a-a39ea99f9aab@group-FA853D2A5168-LeaderElection2] INFO  impl.LeaderElection (LeaderElection.java:logAndReturn(94)) -   Response 1: 8d3760b1-f0ab-49a5-9c8a-a39ea99f9aab<-6e1286b8-b074-4479-bd2c-46da0ae8c43a#0:FAIL-t1
2022-11-04 13:16:45,016 [8d3760b1-f0ab-49a5-9c8a-a39ea99f9aab@group-FA853D2A5168-LeaderElection2] INFO  impl.LeaderElection (LeaderElection.java:askForVotes(314)) - 8d3760b1-f0ab-49a5-9c8a-a39ea99f9aab@group-FA853D2A5168-LeaderElection2 ELECTION round 0: result REJECTED
2022-11-04 13:16:45,016 [8d3760b1-f0ab-49a5-9c8a-a39ea99f9aab@group-FA853D2A5168-LeaderElection2] INFO  server.RaftServer$Division (RaftServerImpl.java:setRole(321)) - 8d3760b1-f0ab-49a5-9c8a-a39ea99f9aab@group-FA853D2A5168: changes role from CANDIDATE to FOLLOWER at term 1 for REJECTED
2022-11-04 13:16:45,016 [8d3760b1-f0ab-49a5-9c8a-a39ea99f9aab@group-FA853D2A5168-LeaderElection2] INFO  impl.RoleInfo (RoleInfo.java:shutdownLeaderElection(130)) - 8d3760b1-f0ab-49a5-9c8a-a39ea99f9aab: shutdown 8d3760b1-f0ab-49a5-9c8a-a39ea99f9aab@group-FA853D2A5168-LeaderElection2
2022-11-04 13:16:45,016 [8d3760b1-f0ab-49a5-9c8a-a39ea99f9aab@group-FA853D2A5168-LeaderElection2] INFO  impl.RoleInfo (RoleInfo.java:updateAndGet(139)) - 8d3760b1-f0ab-49a5-9c8a-a39ea99f9aab: start 8d3760b1-f0ab-49a5-9c8a-a39ea99f9aab@group-FA853D2A5168-FollowerState
2022-11-04 13:16:45,016 [8d3760b1-f0ab-49a5-9c8a-a39ea99f9aab@group-2BBF2C51CC02-SegmentedRaftLogWorker] INFO  segmented.SegmentedRaftLogWorker (SegmentedRaftLogWorker.java:execute(656)) - 8d3760b1-f0ab-49a5-9c8a-a39ea99f9aab@group-2BBF2C51CC02-SegmentedRaftLogWorker: created new log segment /home/runner/work/ozone/ozone/hadoop-ozone/integration-test/target/test-dir/MiniOzoneClusterImpl-0c0bfa66-1f5b-4f11-9fe6-cbebe0503434/datanode-0/data/ratis/5c9195ff-9c3f-4fef-849b-2bbf2c51cc02/current/log_inprogress_0
2022-11-04 13:16:45,021 [8d3760b1-f0ab-49a5-9c8a-a39ea99f9aab@group-FA853D2A5168-FollowerState] INFO  server.RaftServerConfigKeys (ConfUtils.java:logFallback(53)) - raft.server.rpc.first-election.timeout.min = 5s (fallback to raft.server.rpc.timeout.min)
2022-11-04 13:16:45,028 [8d3760b1-f0ab-49a5-9c8a-a39ea99f9aab@group-FA853D2A5168-FollowerState] INFO  server.RaftServerConfigKeys (ConfUtils.java:logFallback(53)) - raft.server.rpc.first-election.timeout.max = 5200ms (fallback to raft.server.rpc.timeout.max)
2022-11-04 13:16:45,028 [Listener at 127.0.0.1/35095] INFO  ozone.MiniOzoneClusterImpl (MiniOzoneClusterImpl.java:lambda$waitForClusterToBeReady$0(216)) - Nodes are ready. Got 10 of 10 DN Heartbeats.
2022-11-04 13:16:45,030 [Listener at 127.0.0.1/35095] INFO  ozone.MiniOzoneClusterImpl (MiniOzoneClusterImpl.java:lambda$waitForClusterToBeReady$0(219)) - Waiting for cluster to exit safe mode
2022-11-04 13:16:45,030 [Listener at 127.0.0.1/35095] INFO  ozone.MiniOzoneClusterImpl (MiniOzoneClusterImpl.java:lambda$waitForClusterToBeReady$0(221)) - SCM became leader
2022-11-04 13:16:45,268 [c7cc2fe0-c6a0-4806-a89e-0e07a1727659@group-2CF5C2F60D11-FollowerState] INFO  impl.FollowerState (FollowerState.java:run(143)) - c7cc2fe0-c6a0-4806-a89e-0e07a1727659@group-2CF5C2F60D11-FollowerState: change to CANDIDATE, lastRpcElapsedTime:5119642683ns, electionTimeout:5110ms
2022-11-04 13:16:45,269 [c7cc2fe0-c6a0-4806-a89e-0e07a1727659@group-2CF5C2F60D11-FollowerState] INFO  impl.RoleInfo (RoleInfo.java:shutdownFollowerState(110)) - c7cc2fe0-c6a0-4806-a89e-0e07a1727659: shutdown c7cc2fe0-c6a0-4806-a89e-0e07a1727659@group-2CF5C2F60D11-FollowerState
2022-11-04 13:16:45,269 [c7cc2fe0-c6a0-4806-a89e-0e07a1727659@group-2CF5C2F60D11-FollowerState] INFO  server.RaftServer$Division (RaftServerImpl.java:setRole(321)) - c7cc2fe0-c6a0-4806-a89e-0e07a1727659@group-2CF5C2F60D11: changes role from  FOLLOWER to CANDIDATE at term 0 for changeToCandidate
2022-11-04 13:16:45,270 [c7cc2fe0-c6a0-4806-a89e-0e07a1727659@group-2CF5C2F60D11-FollowerState] INFO  server.RaftServerConfigKeys (ConfUtils.java:logGet(46)) - raft.server.leaderelection.pre-vote = false (custom)
2022-11-04 13:16:45,270 [c7cc2fe0-c6a0-4806-a89e-0e07a1727659@group-2CF5C2F60D11-FollowerState] INFO  impl.RoleInfo (RoleInfo.java:updateAndGet(139)) - c7cc2fe0-c6a0-4806-a89e-0e07a1727659: start c7cc2fe0-c6a0-4806-a89e-0e07a1727659@group-2CF5C2F60D11-LeaderElection4
2022-11-04 13:16:45,275 [c7cc2fe0-c6a0-4806-a89e-0e07a1727659@group-2CF5C2F60D11-LeaderElection4] INFO  impl.LeaderElection (LeaderElection.java:askForVotes(312)) - c7cc2fe0-c6a0-4806-a89e-0e07a1727659@group-2CF5C2F60D11-LeaderElection4 ELECTION round 0: submit vote requests at term 1 for -1: peers:[c7cc2fe0-c6a0-4806-a89e-0e07a1727659|rpc:10.1.1.104:40287|priority:1|startupRole:FOLLOWER]|listeners:[], old=null
2022-11-04 13:16:45,275 [c7cc2fe0-c6a0-4806-a89e-0e07a1727659@group-2CF5C2F60D11-LeaderElection4] INFO  impl.LeaderElection (LeaderElection.java:askForVotes(314)) - c7cc2fe0-c6a0-4806-a89e-0e07a1727659@group-2CF5C2F60D11-LeaderElection4 ELECTION round 0: result PASSED (term=1)
2022-11-04 13:16:45,275 [c7cc2fe0-c6a0-4806-a89e-0e07a1727659@group-2CF5C2F60D11-LeaderElection4] INFO  impl.RoleInfo (RoleInfo.java:shutdownLeaderElection(130)) - c7cc2fe0-c6a0-4806-a89e-0e07a1727659: shutdown c7cc2fe0-c6a0-4806-a89e-0e07a1727659@group-2CF5C2F60D11-LeaderElection4
2022-11-04 13:16:45,275 [c7cc2fe0-c6a0-4806-a89e-0e07a1727659@group-2CF5C2F60D11-LeaderElection4] INFO  server.RaftServer$Division (RaftServerImpl.java:setRole(321)) - c7cc2fe0-c6a0-4806-a89e-0e07a1727659@group-2CF5C2F60D11: changes role from CANDIDATE to LEADER at term 1 for changeToLeader
2022-11-04 13:16:45,275 [c7cc2fe0-c6a0-4806-a89e-0e07a1727659@group-2CF5C2F60D11-LeaderElection4] INFO  ratis.XceiverServerRatis (XceiverServerRatis.java:handleLeaderChangedNotification(863)) - Leader change notification received for group: group-2CF5C2F60D11 with new leaderId: c7cc2fe0-c6a0-4806-a89e-0e07a1727659
2022-11-04 13:16:45,275 [c7cc2fe0-c6a0-4806-a89e-0e07a1727659@group-2CF5C2F60D11-LeaderElection4] INFO  server.RaftServer$Division (ServerState.java:setLeader(313)) - c7cc2fe0-c6a0-4806-a89e-0e07a1727659@group-2CF5C2F60D11: change Leader from null to c7cc2fe0-c6a0-4806-a89e-0e07a1727659 at term 1 for becomeLeader, leader elected after 5159ms
2022-11-04 13:16:45,276 [c7cc2fe0-c6a0-4806-a89e-0e07a1727659@group-2CF5C2F60D11-LeaderElection4] INFO  server.RaftServerConfigKeys (ConfUtils.java:logGet(46)) - raft.server.staging.catchup.gap = 1000 (default)
2022-11-04 13:16:45,276 [c7cc2fe0-c6a0-4806-a89e-0e07a1727659@group-2CF5C2F60D11-LeaderElection4] INFO  server.RaftServerConfigKeys (ConfUtils.java:logGet(46)) - raft.server.write.element-limit = 1024 (custom)
2022-11-04 13:16:45,276 [c7cc2fe0-c6a0-4806-a89e-0e07a1727659@group-2CF5C2F60D11-LeaderElection4] INFO  server.RaftServerConfigKeys (ConfUtils.java:logGet(46)) - raft.server.write.byte-limit = 1024 M (=1073741824) (custom)
2022-11-04 13:16:45,276 [c7cc2fe0-c6a0-4806-a89e-0e07a1727659@group-2CF5C2F60D11-LeaderElection4] INFO  server.RaftServerConfigKeys (ConfUtils.java:logGet(46)) - raft.server.watch.timeout = 180s (custom)
2022-11-04 13:16:45,276 [c7cc2fe0-c6a0-4806-a89e-0e07a1727659@group-2CF5C2F60D11-LeaderElection4] INFO  server.RaftServerConfigKeys (ConfUtils.java:logGet(46)) - raft.server.watch.timeout.denomination = 1s (default)
2022-11-04 13:16:45,276 [c7cc2fe0-c6a0-4806-a89e-0e07a1727659@group-2CF5C2F60D11-LeaderElection4] INFO  server.RaftServerConfigKeys (ConfUtils.java:logGet(46)) - raft.server.watch.element-limit = 65536 (default)
2022-11-04 13:16:45,276 [c7cc2fe0-c6a0-4806-a89e-0e07a1727659@group-2CF5C2F60D11-LeaderElection4] INFO  server.RaftServerConfigKeys (ConfUtils.java:logGet(46)) - raft.server.write.element-limit = 1024 (custom)
2022-11-04 13:16:45,276 [c7cc2fe0-c6a0-4806-a89e-0e07a1727659@group-2CF5C2F60D11-LeaderElection4] INFO  server.RaftServerConfigKeys (ConfUtils.java:logGet(46)) - raft.server.write.follower.gap.ratio.max = -1.0 (default)
2022-11-04 13:16:45,277 [c7cc2fe0-c6a0-4806-a89e-0e07a1727659@group-2CF5C2F60D11-LeaderElection4] INFO  impl.RoleInfo (RoleInfo.java:updateAndGet(139)) - c7cc2fe0-c6a0-4806-a89e-0e07a1727659: start c7cc2fe0-c6a0-4806-a89e-0e07a1727659@group-2CF5C2F60D11-LeaderStateImpl
2022-11-04 13:16:45,277 [c7cc2fe0-c6a0-4806-a89e-0e07a1727659@group-2CF5C2F60D11-LeaderElection4] INFO  segmented.SegmentedRaftLogWorker (SegmentedRaftLogWorker.java:startLogSegment(452)) - c7cc2fe0-c6a0-4806-a89e-0e07a1727659@group-2CF5C2F60D11-SegmentedRaftLogWorker: Starting segment from index:0
2022-11-04 13:16:45,277 [EventQueue-OpenPipelineForHealthyPipelineSafeModeRule] INFO  safemode.SCMSafeModeManager (HealthyPipelineSafeModeRule.java:process(137)) - SCM in safe mode. Healthy pipelines reported count is 0, required healthy pipeline reported count is 1
2022-11-04 13:16:45,278 [c7cc2fe0-c6a0-4806-a89e-0e07a1727659@group-2CF5C2F60D11-LeaderElection4] INFO  server.RaftServer$Division (ServerState.java:setRaftConf(430)) - c7cc2fe0-c6a0-4806-a89e-0e07a1727659@group-2CF5C2F60D11: set configuration 0: peers:[c7cc2fe0-c6a0-4806-a89e-0e07a1727659|rpc:10.1.1.104:40287|dataStream:|priority:1|startupRole:FOLLOWER]|listeners:[], old=null
2022-11-04 13:16:45,279 [c7cc2fe0-c6a0-4806-a89e-0e07a1727659@group-2CF5C2F60D11-SegmentedRaftLogWorker] INFO  segmented.SegmentedRaftLogWorker (SegmentedRaftLogWorker.java:execute(656)) - c7cc2fe0-c6a0-4806-a89e-0e07a1727659@group-2CF5C2F60D11-SegmentedRaftLogWorker: created new log segment /home/runner/work/ozone/ozone/hadoop-ozone/integration-test/target/test-dir/MiniOzoneClusterImpl-0c0bfa66-1f5b-4f11-9fe6-cbebe0503434/datanode-1/data/ratis/bc979f65-e453-4d61-80f7-2cf5c2f60d11/current/log_inprogress_0
2022-11-04 13:16:45,762 [6e1286b8-b074-4479-bd2c-46da0ae8c43a@group-DC80249593AF-FollowerState] INFO  impl.FollowerState (FollowerState.java:run(143)) - 6e1286b8-b074-4479-bd2c-46da0ae8c43a@group-DC80249593AF-FollowerState: change to CANDIDATE, lastRpcElapsedTime:5150824253ns, electionTimeout:5138ms
2022-11-04 13:16:45,762 [6e1286b8-b074-4479-bd2c-46da0ae8c43a@group-DC80249593AF-FollowerState] INFO  impl.RoleInfo (RoleInfo.java:shutdownFollowerState(110)) - 6e1286b8-b074-4479-bd2c-46da0ae8c43a: shutdown 6e1286b8-b074-4479-bd2c-46da0ae8c43a@group-DC80249593AF-FollowerState
2022-11-04 13:16:45,762 [6e1286b8-b074-4479-bd2c-46da0ae8c43a@group-DC80249593AF-FollowerState] INFO  server.RaftServer$Division (RaftServerImpl.java:setRole(321)) - 6e1286b8-b074-4479-bd2c-46da0ae8c43a@group-DC80249593AF: changes role from  FOLLOWER to CANDIDATE at term 0 for changeToCandidate
2022-11-04 13:16:45,765 [6e1286b8-b074-4479-bd2c-46da0ae8c43a@group-DC80249593AF-FollowerState] INFO  server.RaftServerConfigKeys (ConfUtils.java:logGet(46)) - raft.server.leaderelection.pre-vote = false (custom)
2022-11-04 13:16:45,766 [6e1286b8-b074-4479-bd2c-46da0ae8c43a@group-DC80249593AF-FollowerState] INFO  impl.RoleInfo (RoleInfo.java:updateAndGet(139)) - 6e1286b8-b074-4479-bd2c-46da0ae8c43a: start 6e1286b8-b074-4479-bd2c-46da0ae8c43a@group-DC80249593AF-LeaderElection5
2022-11-04 13:16:45,770 [6e1286b8-b074-4479-bd2c-46da0ae8c43a@group-DC80249593AF-LeaderElection5] INFO  impl.LeaderElection (LeaderElection.java:askForVotes(312)) - 6e1286b8-b074-4479-bd2c-46da0ae8c43a@group-DC80249593AF-LeaderElection5 ELECTION round 0: submit vote requests at term 1 for -1: peers:[6e1286b8-b074-4479-bd2c-46da0ae8c43a|rpc:10.1.1.104:43531|priority:1|startupRole:FOLLOWER]|listeners:[], old=null
2022-11-04 13:16:45,770 [6e1286b8-b074-4479-bd2c-46da0ae8c43a@group-DC80249593AF-LeaderElection5] INFO  impl.LeaderElection (LeaderElection.java:askForVotes(314)) - 6e1286b8-b074-4479-bd2c-46da0ae8c43a@group-DC80249593AF-LeaderElection5 ELECTION round 0: result PASSED (term=1)
2022-11-04 13:16:45,770 [6e1286b8-b074-4479-bd2c-46da0ae8c43a@group-DC80249593AF-LeaderElection5] INFO  impl.RoleInfo (RoleInfo.java:shutdownLeaderElection(130)) - 6e1286b8-b074-4479-bd2c-46da0ae8c43a: shutdown 6e1286b8-b074-4479-bd2c-46da0ae8c43a@group-DC80249593AF-LeaderElection5
2022-11-04 13:16:45,770 [6e1286b8-b074-4479-bd2c-46da0ae8c43a@group-DC80249593AF-LeaderElection5] INFO  server.RaftServer$Division (RaftServerImpl.java:setRole(321)) - 6e1286b8-b074-4479-bd2c-46da0ae8c43a@group-DC80249593AF: changes role from CANDIDATE to LEADER at term 1 for changeToLeader
2022-11-04 13:16:45,770 [6e1286b8-b074-4479-bd2c-46da0ae8c43a@group-DC80249593AF-LeaderElection5] INFO  ratis.XceiverServerRatis (XceiverServerRatis.java:handleLeaderChangedNotification(863)) - Leader change notification received for group: group-DC80249593AF with new leaderId: 6e1286b8-b074-4479-bd2c-46da0ae8c43a
2022-11-04 13:16:45,770 [6e1286b8-b074-4479-bd2c-46da0ae8c43a@group-DC80249593AF-LeaderElection5] INFO  server.RaftServer$Division (ServerState.java:setLeader(313)) - 6e1286b8-b074-4479-bd2c-46da0ae8c43a@group-DC80249593AF: change Leader from null to 6e1286b8-b074-4479-bd2c-46da0ae8c43a at term 1 for becomeLeader, leader elected after 5203ms
2022-11-04 13:16:45,770 [6e1286b8-b074-4479-bd2c-46da0ae8c43a@group-DC80249593AF-LeaderElection5] INFO  server.RaftServerConfigKeys (ConfUtils.java:logGet(46)) - raft.server.staging.catchup.gap = 1000 (default)
2022-11-04 13:16:45,771 [6e1286b8-b074-4479-bd2c-46da0ae8c43a@group-DC80249593AF-LeaderElection5] INFO  server.RaftServerConfigKeys (ConfUtils.java:logGet(46)) - raft.server.write.element-limit = 1024 (custom)
2022-11-04 13:16:45,771 [6e1286b8-b074-4479-bd2c-46da0ae8c43a@group-DC80249593AF-LeaderElection5] INFO  server.RaftServerConfigKeys (ConfUtils.java:logGet(46)) - raft.server.write.byte-limit = 1024 M (=1073741824) (custom)
2022-11-04 13:16:45,771 [6e1286b8-b074-4479-bd2c-46da0ae8c43a@group-DC80249593AF-LeaderElection5] INFO  server.RaftServerConfigKeys (ConfUtils.java:logGet(46)) - raft.server.watch.timeout = 180s (custom)
2022-11-04 13:16:45,771 [6e1286b8-b074-4479-bd2c-46da0ae8c43a@group-DC80249593AF-LeaderElection5] INFO  server.RaftServerConfigKeys (ConfUtils.java:logGet(46)) - raft.server.watch.timeout.denomination = 1s (default)
2022-11-04 13:16:45,772 [EventQueue-OpenPipelineForHealthyPipelineSafeModeRule] INFO  safemode.SCMSafeModeManager (HealthyPipelineSafeModeRule.java:process(137)) - SCM in safe mode. Healthy pipelines reported count is 0, required healthy pipeline reported count is 1
2022-11-04 13:16:45,772 [6e1286b8-b074-4479-bd2c-46da0ae8c43a@group-DC80249593AF-LeaderElection5] INFO  server.RaftServerConfigKeys (ConfUtils.java:logGet(46)) - raft.server.watch.element-limit = 65536 (default)
2022-11-04 13:16:45,772 [6e1286b8-b074-4479-bd2c-46da0ae8c43a@group-DC80249593AF-LeaderElection5] INFO  server.RaftServerConfigKeys (ConfUtils.java:logGet(46)) - raft.server.write.element-limit = 1024 (custom)
2022-11-04 13:16:45,772 [6e1286b8-b074-4479-bd2c-46da0ae8c43a@group-DC80249593AF-LeaderElection5] INFO  server.RaftServerConfigKeys (ConfUtils.java:logGet(46)) - raft.server.write.follower.gap.ratio.max = -1.0 (default)
2022-11-04 13:16:45,773 [6e1286b8-b074-4479-bd2c-46da0ae8c43a@group-DC80249593AF-LeaderElection5] INFO  impl.RoleInfo (RoleInfo.java:updateAndGet(139)) - 6e1286b8-b074-4479-bd2c-46da0ae8c43a: start 6e1286b8-b074-4479-bd2c-46da0ae8c43a@group-DC80249593AF-LeaderStateImpl
2022-11-04 13:16:45,775 [6e1286b8-b074-4479-bd2c-46da0ae8c43a@group-DC80249593AF-LeaderElection5] INFO  segmented.SegmentedRaftLogWorker (SegmentedRaftLogWorker.java:startLogSegment(452)) - 6e1286b8-b074-4479-bd2c-46da0ae8c43a@group-DC80249593AF-SegmentedRaftLogWorker: Starting segment from index:0
2022-11-04 13:16:45,777 [6e1286b8-b074-4479-bd2c-46da0ae8c43a@group-DC80249593AF-LeaderElection5] INFO  server.RaftServer$Division (ServerState.java:setRaftConf(430)) - 6e1286b8-b074-4479-bd2c-46da0ae8c43a@group-DC80249593AF: set configuration 0: peers:[6e1286b8-b074-4479-bd2c-46da0ae8c43a|rpc:10.1.1.104:43531|dataStream:|priority:1|startupRole:FOLLOWER]|listeners:[], old=null
2022-11-04 13:16:45,778 [6e1286b8-b074-4479-bd2c-46da0ae8c43a@group-DC80249593AF-SegmentedRaftLogWorker] INFO  segmented.SegmentedRaftLogWorker (SegmentedRaftLogWorker.java:execute(656)) - 6e1286b8-b074-4479-bd2c-46da0ae8c43a@group-DC80249593AF-SegmentedRaftLogWorker: created new log segment /home/runner/work/ozone/ozone/hadoop-ozone/integration-test/target/test-dir/MiniOzoneClusterImpl-0c0bfa66-1f5b-4f11-9fe6-cbebe0503434/datanode-2/data/ratis/18df3eae-e2b4-4265-b2fd-dc80249593af/current/log_inprogress_0
2022-11-04 13:16:45,884 [6e1286b8-b074-4479-bd2c-46da0ae8c43a@group-D9F9BF4B5168-FollowerState] INFO  impl.FollowerState (FollowerState.java:run(143)) - 6e1286b8-b074-4479-bd2c-46da0ae8c43a@group-D9F9BF4B5168-FollowerState: change to CANDIDATE, lastRpcElapsedTime:5167190961ns, electionTimeout:5155ms
2022-11-04 13:16:45,884 [6e1286b8-b074-4479-bd2c-46da0ae8c43a@group-D9F9BF4B5168-FollowerState] INFO  impl.RoleInfo (RoleInfo.java:shutdownFollowerState(110)) - 6e1286b8-b074-4479-bd2c-46da0ae8c43a: shutdown 6e1286b8-b074-4479-bd2c-46da0ae8c43a@group-D9F9BF4B5168-FollowerState
2022-11-04 13:16:45,884 [6e1286b8-b074-4479-bd2c-46da0ae8c43a@group-D9F9BF4B5168-FollowerState] INFO  server.RaftServer$Division (RaftServerImpl.java:setRole(321)) - 6e1286b8-b074-4479-bd2c-46da0ae8c43a@group-D9F9BF4B5168: changes role from  FOLLOWER to CANDIDATE at term 0 for changeToCandidate
2022-11-04 13:16:45,884 [6e1286b8-b074-4479-bd2c-46da0ae8c43a@group-D9F9BF4B5168-FollowerState] INFO  server.RaftServerConfigKeys (ConfUtils.java:logGet(46)) - raft.server.leaderelection.pre-vote = false (custom)
2022-11-04 13:16:45,885 [6e1286b8-b074-4479-bd2c-46da0ae8c43a@group-D9F9BF4B5168-FollowerState] INFO  impl.RoleInfo (RoleInfo.java:updateAndGet(139)) - 6e1286b8-b074-4479-bd2c-46da0ae8c43a: start 6e1286b8-b074-4479-bd2c-46da0ae8c43a@group-D9F9BF4B5168-LeaderElection6
2022-11-04 13:16:45,890 [6e1286b8-b074-4479-bd2c-46da0ae8c43a@group-D9F9BF4B5168-LeaderElection6] INFO  impl.LeaderElection (LeaderElection.java:askForVotes(312)) - 6e1286b8-b074-4479-bd2c-46da0ae8c43a@group-D9F9BF4B5168-LeaderElection6 ELECTION round 0: submit vote requests at term 1 for -1: peers:[c7cc2fe0-c6a0-4806-a89e-0e07a1727659|rpc:10.1.1.104:40287|priority:1|startupRole:FOLLOWER, 6e1286b8-b074-4479-bd2c-46da0ae8c43a|rpc:10.1.1.104:43531|priority:0|startupRole:FOLLOWER, 8d3760b1-f0ab-49a5-9c8a-a39ea99f9aab|rpc:10.1.1.104:40979|priority:0|startupRole:FOLLOWER]|listeners:[], old=null
2022-11-04 13:16:45,890 [6e1286b8-b074-4479-bd2c-46da0ae8c43a@group-D9F9BF4B5168-LeaderElection6] INFO  server.RaftServerConfigKeys (ConfUtils.java:logFallback(53)) - raft.server.rpc.first-election.timeout.min = 5s (fallback to raft.server.rpc.timeout.min)
2022-11-04 13:16:45,890 [6e1286b8-b074-4479-bd2c-46da0ae8c43a@group-D9F9BF4B5168-LeaderElection6] INFO  server.RaftServerConfigKeys (ConfUtils.java:logFallback(53)) - raft.server.rpc.first-election.timeout.max = 5200ms (fallback to raft.server.rpc.timeout.max)
2022-11-04 13:16:45,890 [6e1286b8-b074-4479-bd2c-46da0ae8c43a@group-D9F9BF4B5168-LeaderElection6-2] INFO  server.GrpcServerProtocolClient (GrpcServerProtocolClient.java:<init>(63)) - Build channel for 8d3760b1-f0ab-49a5-9c8a-a39ea99f9aab
2022-11-04 13:16:45,891 [6e1286b8-b074-4479-bd2c-46da0ae8c43a@group-D9F9BF4B5168-LeaderElection6-1] INFO  server.GrpcServerProtocolClient (GrpcServerProtocolClient.java:<init>(63)) - Build channel for c7cc2fe0-c6a0-4806-a89e-0e07a1727659
2022-11-04 13:16:45,902 [grpc-default-executor-1] INFO  server.RaftServer$Division (RaftServerImpl.java:requestVote(1218)) - 8d3760b1-f0ab-49a5-9c8a-a39ea99f9aab@group-D9F9BF4B5168: receive requestVote(ELECTION, 6e1286b8-b074-4479-bd2c-46da0ae8c43a, group-D9F9BF4B5168, 1, (t:0, i:0))
2022-11-04 13:16:45,902 [grpc-default-executor-1] INFO  impl.VoteContext (VoteContext.java:log(48)) - 8d3760b1-f0ab-49a5-9c8a-a39ea99f9aab@group-D9F9BF4B5168-FOLLOWER: accept ELECTION from 6e1286b8-b074-4479-bd2c-46da0ae8c43a: our priority 0 <= candidate's priority 0
2022-11-04 13:16:45,902 [grpc-default-executor-1] INFO  server.RaftServer$Division (RaftServerImpl.java:setRole(321)) - 8d3760b1-f0ab-49a5-9c8a-a39ea99f9aab@group-D9F9BF4B5168: changes role from  FOLLOWER to FOLLOWER at term 1 for candidate:6e1286b8-b074-4479-bd2c-46da0ae8c43a
2022-11-04 13:16:45,902 [grpc-default-executor-1] INFO  impl.RoleInfo (RoleInfo.java:shutdownFollowerState(110)) - 8d3760b1-f0ab-49a5-9c8a-a39ea99f9aab: shutdown 8d3760b1-f0ab-49a5-9c8a-a39ea99f9aab@group-D9F9BF4B5168-FollowerState
2022-11-04 13:16:45,902 [grpc-default-executor-1] INFO  impl.RoleInfo (RoleInfo.java:updateAndGet(139)) - 8d3760b1-f0ab-49a5-9c8a-a39ea99f9aab: start 8d3760b1-f0ab-49a5-9c8a-a39ea99f9aab@group-D9F9BF4B5168-FollowerState
2022-11-04 13:16:45,902 [8d3760b1-f0ab-49a5-9c8a-a39ea99f9aab@group-D9F9BF4B5168-FollowerState] INFO  impl.FollowerState (FollowerState.java:run(152)) - 8d3760b1-f0ab-49a5-9c8a-a39ea99f9aab@group-D9F9BF4B5168-FollowerState was interrupted
2022-11-04 13:16:45,904 [grpc-default-executor-1] INFO  server.RaftServer$Division (RaftServerImpl.java:requestVote(1251)) - 8d3760b1-f0ab-49a5-9c8a-a39ea99f9aab@group-D9F9BF4B5168 replies to ELECTION vote request: 6e1286b8-b074-4479-bd2c-46da0ae8c43a<-8d3760b1-f0ab-49a5-9c8a-a39ea99f9aab#0:OK-t1. Peer's state: 8d3760b1-f0ab-49a5-9c8a-a39ea99f9aab@group-D9F9BF4B5168:t1, leader=null, voted=6e1286b8-b074-4479-bd2c-46da0ae8c43a, raftlog=Memoized:8d3760b1-f0ab-49a5-9c8a-a39ea99f9aab@group-D9F9BF4B5168-SegmentedRaftLog:OPENED:c-1, conf=-1: peers:[c7cc2fe0-c6a0-4806-a89e-0e07a1727659|rpc:10.1.1.104:40287|priority:1|startupRole:FOLLOWER, 6e1286b8-b074-4479-bd2c-46da0ae8c43a|rpc:10.1.1.104:43531|priority:0|startupRole:FOLLOWER, 8d3760b1-f0ab-49a5-9c8a-a39ea99f9aab|rpc:10.1.1.104:40979|priority:0|startupRole:FOLLOWER]|listeners:[], old=null
2022-11-04 13:16:45,904 [8d3760b1-f0ab-49a5-9c8a-a39ea99f9aab@group-D9F9BF4B5168-FollowerState] INFO  server.RaftServerConfigKeys (ConfUtils.java:logFallback(53)) - raft.server.rpc.first-election.timeout.min = 5s (fallback to raft.server.rpc.timeout.min)
2022-11-04 13:16:45,904 [8d3760b1-f0ab-49a5-9c8a-a39ea99f9aab@group-D9F9BF4B5168-FollowerState] INFO  server.RaftServerConfigKeys (ConfUtils.java:logFallback(53)) - raft.server.rpc.first-election.timeout.max = 5200ms (fallback to raft.server.rpc.timeout.max)
2022-11-04 13:16:45,910 [c7cc2fe0-c6a0-4806-a89e-0e07a1727659@group-D9F9BF4B5168-FollowerState] INFO  impl.FollowerState (FollowerState.java:run(143)) - c7cc2fe0-c6a0-4806-a89e-0e07a1727659@group-D9F9BF4B5168-FollowerState: change to CANDIDATE, lastRpcElapsedTime:5145223463ns, electionTimeout:5125ms
2022-11-04 13:16:45,910 [c7cc2fe0-c6a0-4806-a89e-0e07a1727659@group-D9F9BF4B5168-FollowerState] INFO  impl.RoleInfo (RoleInfo.java:shutdownFollowerState(110)) - c7cc2fe0-c6a0-4806-a89e-0e07a1727659: shutdown c7cc2fe0-c6a0-4806-a89e-0e07a1727659@group-D9F9BF4B5168-FollowerState
2022-11-04 13:16:45,910 [c7cc2fe0-c6a0-4806-a89e-0e07a1727659@group-D9F9BF4B5168-FollowerState] INFO  server.RaftServer$Division (RaftServerImpl.java:setRole(321)) - c7cc2fe0-c6a0-4806-a89e-0e07a1727659@group-D9F9BF4B5168: changes role from  FOLLOWER to CANDIDATE at term 0 for changeToCandidate
2022-11-04 13:16:45,910 [c7cc2fe0-c6a0-4806-a89e-0e07a1727659@group-D9F9BF4B5168-FollowerState] INFO  server.RaftServerConfigKeys (ConfUtils.java:logGet(46)) - raft.server.leaderelection.pre-vote = false (custom)
2022-11-04 13:16:45,910 [c7cc2fe0-c6a0-4806-a89e-0e07a1727659@group-D9F9BF4B5168-FollowerState] INFO  impl.RoleInfo (RoleInfo.java:updateAndGet(139)) - c7cc2fe0-c6a0-4806-a89e-0e07a1727659: start c7cc2fe0-c6a0-4806-a89e-0e07a1727659@group-D9F9BF4B5168-LeaderElection7
2022-11-04 13:16:45,920 [c7cc2fe0-c6a0-4806-a89e-0e07a1727659@group-D9F9BF4B5168-LeaderElection7] INFO  impl.LeaderElection (LeaderElection.java:askForVotes(312)) - c7cc2fe0-c6a0-4806-a89e-0e07a1727659@group-D9F9BF4B5168-LeaderElection7 ELECTION round 0: submit vote requests at term 1 for -1: peers:[c7cc2fe0-c6a0-4806-a89e-0e07a1727659|rpc:10.1.1.104:40287|priority:1|startupRole:FOLLOWER, 6e1286b8-b074-4479-bd2c-46da0ae8c43a|rpc:10.1.1.104:43531|priority:0|startupRole:FOLLOWER, 8d3760b1-f0ab-49a5-9c8a-a39ea99f9aab|rpc:10.1.1.104:40979|priority:0|startupRole:FOLLOWER]|listeners:[], old=null
2022-11-04 13:16:45,920 [grpc-default-executor-1] INFO  server.RaftServer$Division (RaftServerImpl.java:requestVote(1218)) - c7cc2fe0-c6a0-4806-a89e-0e07a1727659@group-D9F9BF4B5168: receive requestVote(ELECTION, 6e1286b8-b074-4479-bd2c-46da0ae8c43a, group-D9F9BF4B5168, 1, (t:0, i:0))
2022-11-04 13:16:45,920 [grpc-default-executor-1] INFO  impl.VoteContext (VoteContext.java:log(48)) - c7cc2fe0-c6a0-4806-a89e-0e07a1727659@group-D9F9BF4B5168-CANDIDATE: reject ELECTION from 6e1286b8-b074-4479-bd2c-46da0ae8c43a: already has voted for c7cc2fe0-c6a0-4806-a89e-0e07a1727659 at current term 1
2022-11-04 13:16:45,920 [grpc-default-executor-1] INFO  server.RaftServer$Division (RaftServerImpl.java:requestVote(1251)) - c7cc2fe0-c6a0-4806-a89e-0e07a1727659@group-D9F9BF4B5168 replies to ELECTION vote request: 6e1286b8-b074-4479-bd2c-46da0ae8c43a<-c7cc2fe0-c6a0-4806-a89e-0e07a1727659#0:FAIL-t1. Peer's state: c7cc2fe0-c6a0-4806-a89e-0e07a1727659@group-D9F9BF4B5168:t1, leader=null, voted=c7cc2fe0-c6a0-4806-a89e-0e07a1727659, raftlog=Memoized:c7cc2fe0-c6a0-4806-a89e-0e07a1727659@group-D9F9BF4B5168-SegmentedRaftLog:OPENED:c-1, conf=-1: peers:[c7cc2fe0-c6a0-4806-a89e-0e07a1727659|rpc:10.1.1.104:40287|priority:1|startupRole:FOLLOWER, 6e1286b8-b074-4479-bd2c-46da0ae8c43a|rpc:10.1.1.104:43531|priority:0|startupRole:FOLLOWER, 8d3760b1-f0ab-49a5-9c8a-a39ea99f9aab|rpc:10.1.1.104:40979|priority:0|startupRole:FOLLOWER]|listeners:[], old=null
2022-11-04 13:16:45,924 [6e1286b8-b074-4479-bd2c-46da0ae8c43a@group-D9F9BF4B5168-LeaderElection6] INFO  impl.LeaderElection (LeaderElection.java:logAndReturn(90)) - 6e1286b8-b074-4479-bd2c-46da0ae8c43a@group-D9F9BF4B5168-LeaderElection6: ELECTION REJECTED received 2 response(s) and 0 exception(s):
2022-11-04 13:16:45,924 [6e1286b8-b074-4479-bd2c-46da0ae8c43a@group-D9F9BF4B5168-LeaderElection6] INFO  impl.LeaderElection (LeaderElection.java:logAndReturn(94)) -   Response 0: 6e1286b8-b074-4479-bd2c-46da0ae8c43a<-c7cc2fe0-c6a0-4806-a89e-0e07a1727659#0:FAIL-t1
2022-11-04 13:16:45,924 [6e1286b8-b074-4479-bd2c-46da0ae8c43a@group-D9F9BF4B5168-LeaderElection6] INFO  impl.LeaderElection (LeaderElection.java:logAndReturn(94)) -   Response 1: 6e1286b8-b074-4479-bd2c-46da0ae8c43a<-8d3760b1-f0ab-49a5-9c8a-a39ea99f9aab#0:OK-t1
2022-11-04 13:16:45,924 [6e1286b8-b074-4479-bd2c-46da0ae8c43a@group-D9F9BF4B5168-LeaderElection6] INFO  impl.LeaderElection (LeaderElection.java:askForVotes(314)) - 6e1286b8-b074-4479-bd2c-46da0ae8c43a@group-D9F9BF4B5168-LeaderElection6 ELECTION round 0: result REJECTED
2022-11-04 13:16:45,924 [6e1286b8-b074-4479-bd2c-46da0ae8c43a@group-D9F9BF4B5168-LeaderElection6] INFO  server.RaftServer$Division (RaftServerImpl.java:setRole(321)) - 6e1286b8-b074-4479-bd2c-46da0ae8c43a@group-D9F9BF4B5168: changes role from CANDIDATE to FOLLOWER at term 1 for REJECTED
2022-11-04 13:16:45,924 [6e1286b8-b074-4479-bd2c-46da0ae8c43a@group-D9F9BF4B5168-LeaderElection6] INFO  impl.RoleInfo (RoleInfo.java:shutdownLeaderElection(130)) - 6e1286b8-b074-4479-bd2c-46da0ae8c43a: shutdown 6e1286b8-b074-4479-bd2c-46da0ae8c43a@group-D9F9BF4B5168-LeaderElection6
2022-11-04 13:16:45,924 [6e1286b8-b074-4479-bd2c-46da0ae8c43a@group-D9F9BF4B5168-LeaderElection6] INFO  impl.RoleInfo (RoleInfo.java:updateAndGet(139)) - 6e1286b8-b074-4479-bd2c-46da0ae8c43a: start 6e1286b8-b074-4479-bd2c-46da0ae8c43a@group-D9F9BF4B5168-FollowerState
2022-11-04 13:16:45,932 [c7cc2fe0-c6a0-4806-a89e-0e07a1727659@group-D9F9BF4B5168-LeaderElection7] INFO  server.RaftServerConfigKeys (ConfUtils.java:logFallback(53)) - raft.server.rpc.first-election.timeout.min = 5s (fallback to raft.server.rpc.timeout.min)
2022-11-04 13:16:45,932 [c7cc2fe0-c6a0-4806-a89e-0e07a1727659@group-D9F9BF4B5168-LeaderElection7] INFO  server.RaftServerConfigKeys (ConfUtils.java:logFallback(53)) - raft.server.rpc.first-election.timeout.max = 5200ms (fallback to raft.server.rpc.timeout.max)
2022-11-04 13:16:45,933 [c7cc2fe0-c6a0-4806-a89e-0e07a1727659@group-D9F9BF4B5168-LeaderElection7-1] INFO  server.GrpcServerProtocolClient (GrpcServerProtocolClient.java:<init>(63)) - Build channel for 6e1286b8-b074-4479-bd2c-46da0ae8c43a
2022-11-04 13:16:45,936 [6e1286b8-b074-4479-bd2c-46da0ae8c43a@group-D9F9BF4B5168-FollowerState] INFO  server.RaftServerConfigKeys (ConfUtils.java:logFallback(53)) - raft.server.rpc.first-election.timeout.min = 5s (fallback to raft.server.rpc.timeout.min)
2022-11-04 13:16:45,936 [6e1286b8-b074-4479-bd2c-46da0ae8c43a@group-D9F9BF4B5168-FollowerState] INFO  server.RaftServerConfigKeys (ConfUtils.java:logFallback(53)) - raft.server.rpc.first-election.timeout.max = 5200ms (fallback to raft.server.rpc.timeout.max)
2022-11-04 13:16:45,938 [c7cc2fe0-c6a0-4806-a89e-0e07a1727659@group-D9F9BF4B5168-LeaderElection7-2] INFO  server.GrpcServerProtocolClient (GrpcServerProtocolClient.java:<init>(63)) - Build channel for 8d3760b1-f0ab-49a5-9c8a-a39ea99f9aab
2022-11-04 13:16:45,945 [grpc-default-executor-1] INFO  server.RaftServer$Division (RaftServerImpl.java:requestVote(1218)) - 8d3760b1-f0ab-49a5-9c8a-a39ea99f9aab@group-D9F9BF4B5168: receive requestVote(ELECTION, c7cc2fe0-c6a0-4806-a89e-0e07a1727659, group-D9F9BF4B5168, 1, (t:0, i:0))
2022-11-04 13:16:45,945 [grpc-default-executor-1] INFO  impl.VoteContext (VoteContext.java:log(48)) - 8d3760b1-f0ab-49a5-9c8a-a39ea99f9aab@group-D9F9BF4B5168-FOLLOWER: reject ELECTION from c7cc2fe0-c6a0-4806-a89e-0e07a1727659: already has voted for 6e1286b8-b074-4479-bd2c-46da0ae8c43a at current term 1
2022-11-04 13:16:45,945 [grpc-default-executor-1] INFO  server.RaftServer$Division (RaftServerImpl.java:requestVote(1251)) - 8d3760b1-f0ab-49a5-9c8a-a39ea99f9aab@group-D9F9BF4B5168 replies to ELECTION vote request: c7cc2fe0-c6a0-4806-a89e-0e07a1727659<-8d3760b1-f0ab-49a5-9c8a-a39ea99f9aab#0:FAIL-t1. Peer's state: 8d3760b1-f0ab-49a5-9c8a-a39ea99f9aab@group-D9F9BF4B5168:t1, leader=null, voted=6e1286b8-b074-4479-bd2c-46da0ae8c43a, raftlog=Memoized:8d3760b1-f0ab-49a5-9c8a-a39ea99f9aab@group-D9F9BF4B5168-SegmentedRaftLog:OPENED:c-1, conf=-1: peers:[c7cc2fe0-c6a0-4806-a89e-0e07a1727659|rpc:10.1.1.104:40287|priority:1|startupRole:FOLLOWER, 6e1286b8-b074-4479-bd2c-46da0ae8c43a|rpc:10.1.1.104:43531|priority:0|startupRole:FOLLOWER, 8d3760b1-f0ab-49a5-9c8a-a39ea99f9aab|rpc:10.1.1.104:40979|priority:0|startupRole:FOLLOWER]|listeners:[], old=null
2022-11-04 13:16:45,948 [grpc-default-executor-1] INFO  server.RaftServer$Division (RaftServerImpl.java:requestVote(1218)) - 6e1286b8-b074-4479-bd2c-46da0ae8c43a@group-D9F9BF4B5168: receive requestVote(ELECTION, c7cc2fe0-c6a0-4806-a89e-0e07a1727659, group-D9F9BF4B5168, 1, (t:0, i:0))
2022-11-04 13:16:45,948 [grpc-default-executor-1] INFO  impl.VoteContext (VoteContext.java:log(48)) - 6e1286b8-b074-4479-bd2c-46da0ae8c43a@group-D9F9BF4B5168-FOLLOWER: reject ELECTION from c7cc2fe0-c6a0-4806-a89e-0e07a1727659: already has voted for 6e1286b8-b074-4479-bd2c-46da0ae8c43a at current term 1
2022-11-04 13:16:45,948 [grpc-default-executor-1] INFO  server.RaftServer$Division (RaftServerImpl.java:requestVote(1251)) - 6e1286b8-b074-4479-bd2c-46da0ae8c43a@group-D9F9BF4B5168 replies to ELECTION vote request: c7cc2fe0-c6a0-4806-a89e-0e07a1727659<-6e1286b8-b074-4479-bd2c-46da0ae8c43a#0:FAIL-t1. Peer's state: 6e1286b8-b074-4479-bd2c-46da0ae8c43a@group-D9F9BF4B5168:t1, leader=null, voted=6e1286b8-b074-4479-bd2c-46da0ae8c43a, raftlog=Memoized:6e1286b8-b074-4479-bd2c-46da0ae8c43a@group-D9F9BF4B5168-SegmentedRaftLog:OPENED:c-1, conf=-1: peers:[c7cc2fe0-c6a0-4806-a89e-0e07a1727659|rpc:10.1.1.104:40287|priority:1|startupRole:FOLLOWER, 6e1286b8-b074-4479-bd2c-46da0ae8c43a|rpc:10.1.1.104:43531|priority:0|startupRole:FOLLOWER, 8d3760b1-f0ab-49a5-9c8a-a39ea99f9aab|rpc:10.1.1.104:40979|priority:0|startupRole:FOLLOWER]|listeners:[], old=null
2022-11-04 13:16:45,949 [c7cc2fe0-c6a0-4806-a89e-0e07a1727659@group-D9F9BF4B5168-LeaderElection7] INFO  impl.LeaderElection (LeaderElection.java:logAndReturn(90)) - c7cc2fe0-c6a0-4806-a89e-0e07a1727659@group-D9F9BF4B5168-LeaderElection7: ELECTION REJECTED received 2 response(s) and 0 exception(s):
2022-11-04 13:16:45,949 [c7cc2fe0-c6a0-4806-a89e-0e07a1727659@group-D9F9BF4B5168-LeaderElection7] INFO  impl.LeaderElection (LeaderElection.java:logAndReturn(94)) -   Response 0: c7cc2fe0-c6a0-4806-a89e-0e07a1727659<-6e1286b8-b074-4479-bd2c-46da0ae8c43a#0:FAIL-t1
2022-11-04 13:16:45,949 [c7cc2fe0-c6a0-4806-a89e-0e07a1727659@group-D9F9BF4B5168-LeaderElection7] INFO  impl.LeaderElection (LeaderElection.java:logAndReturn(94)) -   Response 1: c7cc2fe0-c6a0-4806-a89e-0e07a1727659<-8d3760b1-f0ab-49a5-9c8a-a39ea99f9aab#0:FAIL-t1
2022-11-04 13:16:45,949 [c7cc2fe0-c6a0-4806-a89e-0e07a1727659@group-D9F9BF4B5168-LeaderElection7] INFO  impl.LeaderElection (LeaderElection.java:askForVotes(314)) - c7cc2fe0-c6a0-4806-a89e-0e07a1727659@group-D9F9BF4B5168-LeaderElection7 ELECTION round 0: result REJECTED
2022-11-04 13:16:45,949 [c7cc2fe0-c6a0-4806-a89e-0e07a1727659@group-D9F9BF4B5168-LeaderElection7] INFO  server.RaftServer$Division (RaftServerImpl.java:setRole(321)) - c7cc2fe0-c6a0-4806-a89e-0e07a1727659@group-D9F9BF4B5168: changes role from CANDIDATE to FOLLOWER at term 1 for REJECTED
2022-11-04 13:16:45,949 [c7cc2fe0-c6a0-4806-a89e-0e07a1727659@group-D9F9BF4B5168-LeaderElection7] INFO  impl.RoleInfo (RoleInfo.java:shutdownLeaderElection(130)) - c7cc2fe0-c6a0-4806-a89e-0e07a1727659: shutdown c7cc2fe0-c6a0-4806-a89e-0e07a1727659@group-D9F9BF4B5168-LeaderElection7
2022-11-04 13:16:45,949 [c7cc2fe0-c6a0-4806-a89e-0e07a1727659@group-D9F9BF4B5168-LeaderElection7] INFO  impl.RoleInfo (RoleInfo.java:updateAndGet(139)) - c7cc2fe0-c6a0-4806-a89e-0e07a1727659: start c7cc2fe0-c6a0-4806-a89e-0e07a1727659@group-D9F9BF4B5168-FollowerState
2022-11-04 13:16:45,958 [c7cc2fe0-c6a0-4806-a89e-0e07a1727659@group-D9F9BF4B5168-FollowerState] INFO  server.RaftServerConfigKeys (ConfUtils.java:logFallback(53)) - raft.server.rpc.first-election.timeout.min = 5s (fallback to raft.server.rpc.timeout.min)
2022-11-04 13:16:45,958 [c7cc2fe0-c6a0-4806-a89e-0e07a1727659@group-D9F9BF4B5168-FollowerState] INFO  server.RaftServerConfigKeys (ConfUtils.java:logFallback(53)) - raft.server.rpc.first-election.timeout.max = 5200ms (fallback to raft.server.rpc.timeout.max)
2022-11-04 13:16:46,017 [18b69636-199d-46b1-a155-faec2a9e6e92@group-D39F9C32CD8E-FollowerState] INFO  impl.FollowerState (FollowerState.java:run(143)) - 18b69636-199d-46b1-a155-faec2a9e6e92@group-D39F9C32CD8E-FollowerState: change to CANDIDATE, lastRpcElapsedTime:5040901900ns, electionTimeout:5022ms
2022-11-04 13:16:46,017 [18b69636-199d-46b1-a155-faec2a9e6e92@group-D39F9C32CD8E-FollowerState] INFO  impl.RoleInfo (RoleInfo.java:shutdownFollowerState(110)) - 18b69636-199d-46b1-a155-faec2a9e6e92: shutdown 18b69636-199d-46b1-a155-faec2a9e6e92@group-D39F9C32CD8E-FollowerState
2022-11-04 13:16:46,017 [18b69636-199d-46b1-a155-faec2a9e6e92@group-D39F9C32CD8E-FollowerState] INFO  server.RaftServer$Division (RaftServerImpl.java:setRole(321)) - 18b69636-199d-46b1-a155-faec2a9e6e92@group-D39F9C32CD8E: changes role from  FOLLOWER to CANDIDATE at term 0 for changeToCandidate
2022-11-04 13:16:46,017 [18b69636-199d-46b1-a155-faec2a9e6e92@group-D39F9C32CD8E-FollowerState] INFO  server.RaftServerConfigKeys (ConfUtils.java:logGet(46)) - raft.server.leaderelection.pre-vote = false (custom)
2022-11-04 13:16:46,017 [18b69636-199d-46b1-a155-faec2a9e6e92@group-D39F9C32CD8E-FollowerState] INFO  impl.RoleInfo (RoleInfo.java:updateAndGet(139)) - 18b69636-199d-46b1-a155-faec2a9e6e92: start 18b69636-199d-46b1-a155-faec2a9e6e92@group-D39F9C32CD8E-LeaderElection8
2022-11-04 13:16:46,021 [18b69636-199d-46b1-a155-faec2a9e6e92@group-D39F9C32CD8E-LeaderElection8] INFO  impl.LeaderElection (LeaderElection.java:askForVotes(312)) - 18b69636-199d-46b1-a155-faec2a9e6e92@group-D39F9C32CD8E-LeaderElection8 ELECTION round 0: submit vote requests at term 1 for -1: peers:[18b69636-199d-46b1-a155-faec2a9e6e92|rpc:10.1.1.104:40753|priority:0|startupRole:FOLLOWER, 47355ef6-248e-415d-99d1-f00ca16e1642|rpc:10.1.1.104:43613|priority:1|startupRole:FOLLOWER, 99050580-db91-402e-a30b-7426b5391f3a|rpc:10.1.1.104:40645|priority:0|startupRole:FOLLOWER]|listeners:[], old=null
2022-11-04 13:16:46,021 [18b69636-199d-46b1-a155-faec2a9e6e92@group-D39F9C32CD8E-LeaderElection8-1] INFO  server.GrpcServerProtocolClient (GrpcServerProtocolClient.java:<init>(63)) - Build channel for 47355ef6-248e-415d-99d1-f00ca16e1642
2022-11-04 13:16:46,024 [18b69636-199d-46b1-a155-faec2a9e6e92@group-D39F9C32CD8E-LeaderElection8] INFO  server.RaftServerConfigKeys (ConfUtils.java:logFallback(53)) - raft.server.rpc.first-election.timeout.min = 5s (fallback to raft.server.rpc.timeout.min)
2022-11-04 13:16:46,024 [18b69636-199d-46b1-a155-faec2a9e6e92@group-D39F9C32CD8E-LeaderElection8] INFO  server.RaftServerConfigKeys (ConfUtils.java:logFallback(53)) - raft.server.rpc.first-election.timeout.max = 5200ms (fallback to raft.server.rpc.timeout.max)
2022-11-04 13:16:46,025 [18b69636-199d-46b1-a155-faec2a9e6e92@group-D39F9C32CD8E-LeaderElection8-2] INFO  server.GrpcServerProtocolClient (GrpcServerProtocolClient.java:<init>(63)) - Build channel for 99050580-db91-402e-a30b-7426b5391f3a
2022-11-04 13:16:46,030 [grpc-default-executor-0] INFO  server.RaftServer$Division (RaftServerImpl.java:requestVote(1218)) - 47355ef6-248e-415d-99d1-f00ca16e1642@group-D39F9C32CD8E: receive requestVote(ELECTION, 18b69636-199d-46b1-a155-faec2a9e6e92, group-D39F9C32CD8E, 1, (t:0, i:0))
2022-11-04 13:16:46,031 [grpc-default-executor-0] INFO  impl.VoteContext (VoteContext.java:log(48)) - 47355ef6-248e-415d-99d1-f00ca16e1642@group-D39F9C32CD8E-FOLLOWER: reject ELECTION from 18b69636-199d-46b1-a155-faec2a9e6e92: our priority 1 > candidate's priority 0
2022-11-04 13:16:46,031 [grpc-default-executor-0] INFO  server.RaftServer$Division (RaftServerImpl.java:setRole(321)) - 47355ef6-248e-415d-99d1-f00ca16e1642@group-D39F9C32CD8E: changes role from  FOLLOWER to FOLLOWER at term 1 for candidate:18b69636-199d-46b1-a155-faec2a9e6e92
2022-11-04 13:16:46,031 [grpc-default-executor-0] INFO  impl.RoleInfo (RoleInfo.java:shutdownFollowerState(110)) - 47355ef6-248e-415d-99d1-f00ca16e1642: shutdown 47355ef6-248e-415d-99d1-f00ca16e1642@group-D39F9C32CD8E-FollowerState
2022-11-04 13:16:46,031 [grpc-default-executor-0] INFO  impl.RoleInfo (RoleInfo.java:updateAndGet(139)) - 47355ef6-248e-415d-99d1-f00ca16e1642: start 47355ef6-248e-415d-99d1-f00ca16e1642@group-D39F9C32CD8E-FollowerState
2022-11-04 13:16:46,031 [Listener at 127.0.0.1/35095] INFO  ozone.MiniOzoneClusterImpl (MiniOzoneClusterImpl.java:lambda$waitForClusterToBeReady$0(216)) - Nodes are ready. Got 10 of 10 DN Heartbeats.
2022-11-04 13:16:46,031 [Listener at 127.0.0.1/35095] INFO  ozone.MiniOzoneClusterImpl (MiniOzoneClusterImpl.java:lambda$waitForClusterToBeReady$0(219)) - Waiting for cluster to exit safe mode
2022-11-04 13:16:46,031 [Listener at 127.0.0.1/35095] INFO  ozone.MiniOzoneClusterImpl (MiniOzoneClusterImpl.java:lambda$waitForClusterToBeReady$0(221)) - SCM became leader
2022-11-04 13:16:46,031 [47355ef6-248e-415d-99d1-f00ca16e1642@group-D39F9C32CD8E-FollowerState] INFO  impl.FollowerState (FollowerState.java:run(152)) - 47355ef6-248e-415d-99d1-f00ca16e1642@group-D39F9C32CD8E-FollowerState was interrupted
2022-11-04 13:16:46,037 [grpc-default-executor-0] INFO  server.RaftServer$Division (RaftServerImpl.java:requestVote(1251)) - 47355ef6-248e-415d-99d1-f00ca16e1642@group-D39F9C32CD8E replies to ELECTION vote request: 18b69636-199d-46b1-a155-faec2a9e6e92<-47355ef6-248e-415d-99d1-f00ca16e1642#0:FAIL-t1. Peer's state: 47355ef6-248e-415d-99d1-f00ca16e1642@group-D39F9C32CD8E:t1, leader=null, voted=null, raftlog=Memoized:47355ef6-248e-415d-99d1-f00ca16e1642@group-D39F9C32CD8E-SegmentedRaftLog:OPENED:c-1, conf=-1: peers:[18b69636-199d-46b1-a155-faec2a9e6e92|rpc:10.1.1.104:40753|dataStream:|priority:0|startupRole:FOLLOWER, 47355ef6-248e-415d-99d1-f00ca16e1642|rpc:10.1.1.104:43613|dataStream:|priority:1|startupRole:FOLLOWER, 99050580-db91-402e-a30b-7426b5391f3a|rpc:10.1.1.104:40645|dataStream:|priority:0|startupRole:FOLLOWER]|listeners:[], old=null
2022-11-04 13:16:46,039 [18b69636-199d-46b1-a155-faec2a9e6e92@group-D39F9C32CD8E-LeaderElection8] INFO  impl.LeaderElection (LeaderElection.java:logAndReturn(90)) - 18b69636-199d-46b1-a155-faec2a9e6e92@group-D39F9C32CD8E-LeaderElection8: ELECTION REJECTED received 1 response(s) and 0 exception(s):
2022-11-04 13:16:46,039 [18b69636-199d-46b1-a155-faec2a9e6e92@group-D39F9C32CD8E-LeaderElection8] INFO  impl.LeaderElection (LeaderElection.java:logAndReturn(94)) -   Response 0: 18b69636-199d-46b1-a155-faec2a9e6e92<-47355ef6-248e-415d-99d1-f00ca16e1642#0:FAIL-t1
2022-11-04 13:16:46,040 [47355ef6-248e-415d-99d1-f00ca16e1642@group-D39F9C32CD8E-FollowerState] INFO  server.RaftServerConfigKeys (ConfUtils.java:logFallback(53)) - raft.server.rpc.first-election.timeout.min = 5s (fallback to raft.server.rpc.timeout.min)
2022-11-04 13:16:46,040 [47355ef6-248e-415d-99d1-f00ca16e1642@group-D39F9C32CD8E-FollowerState] INFO  server.RaftServerConfigKeys (ConfUtils.java:logFallback(53)) - raft.server.rpc.first-election.timeout.max = 5200ms (fallback to raft.server.rpc.timeout.max)
2022-11-04 13:16:46,041 [18b69636-199d-46b1-a155-faec2a9e6e92@group-D39F9C32CD8E-LeaderElection8] INFO  impl.LeaderElection (LeaderElection.java:askForVotes(314)) - 18b69636-199d-46b1-a155-faec2a9e6e92@group-D39F9C32CD8E-LeaderElection8 ELECTION round 0: result REJECTED
2022-11-04 13:16:46,041 [18b69636-199d-46b1-a155-faec2a9e6e92@group-D39F9C32CD8E-LeaderElection8] INFO  server.RaftServer$Division (RaftServerImpl.java:setRole(321)) - 18b69636-199d-46b1-a155-faec2a9e6e92@group-D39F9C32CD8E: changes role from CANDIDATE to FOLLOWER at term 1 for REJECTED
2022-11-04 13:16:46,041 [18b69636-199d-46b1-a155-faec2a9e6e92@group-D39F9C32CD8E-LeaderElection8] INFO  impl.RoleInfo (RoleInfo.java:shutdownLeaderElection(130)) - 18b69636-199d-46b1-a155-faec2a9e6e92: shutdown 18b69636-199d-46b1-a155-faec2a9e6e92@group-D39F9C32CD8E-LeaderElection8
2022-11-04 13:16:46,041 [18b69636-199d-46b1-a155-faec2a9e6e92@group-D39F9C32CD8E-LeaderElection8] INFO  impl.RoleInfo (RoleInfo.java:updateAndGet(139)) - 18b69636-199d-46b1-a155-faec2a9e6e92: start 18b69636-199d-46b1-a155-faec2a9e6e92@group-D39F9C32CD8E-FollowerState
2022-11-04 13:16:46,045 [grpc-default-executor-0] INFO  server.RaftServer$Division (RaftServerImpl.java:requestVote(1218)) - 99050580-db91-402e-a30b-7426b5391f3a@group-D39F9C32CD8E: receive requestVote(ELECTION, 18b69636-199d-46b1-a155-faec2a9e6e92, group-D39F9C32CD8E, 1, (t:0, i:0))
2022-11-04 13:16:46,045 [grpc-default-executor-0] INFO  impl.VoteContext (VoteContext.java:log(48)) - 99050580-db91-402e-a30b-7426b5391f3a@group-D39F9C32CD8E-FOLLOWER: accept ELECTION from 18b69636-199d-46b1-a155-faec2a9e6e92: our priority 0 <= candidate's priority 0
2022-11-04 13:16:46,045 [grpc-default-executor-0] INFO  server.RaftServer$Division (RaftServerImpl.java:setRole(321)) - 99050580-db91-402e-a30b-7426b5391f3a@group-D39F9C32CD8E: changes role from  FOLLOWER to FOLLOWER at term 1 for candidate:18b69636-199d-46b1-a155-faec2a9e6e92
2022-11-04 13:16:46,045 [grpc-default-executor-0] INFO  impl.RoleInfo (RoleInfo.java:shutdownFollowerState(110)) - 99050580-db91-402e-a30b-7426b5391f3a: shutdown 99050580-db91-402e-a30b-7426b5391f3a@group-D39F9C32CD8E-FollowerState
2022-11-04 13:16:46,046 [grpc-default-executor-0] INFO  impl.RoleInfo (RoleInfo.java:updateAndGet(139)) - 99050580-db91-402e-a30b-7426b5391f3a: start 99050580-db91-402e-a30b-7426b5391f3a@group-D39F9C32CD8E-FollowerState
2022-11-04 13:16:46,046 [99050580-db91-402e-a30b-7426b5391f3a@group-D39F9C32CD8E-FollowerState] INFO  impl.FollowerState (FollowerState.java:run(152)) - 99050580-db91-402e-a30b-7426b5391f3a@group-D39F9C32CD8E-FollowerState was interrupted
2022-11-04 13:16:46,047 [99050580-db91-402e-a30b-7426b5391f3a@group-D39F9C32CD8E-FollowerState] INFO  server.RaftServerConfigKeys (ConfUtils.java:logFallback(53)) - raft.server.rpc.first-election.timeout.min = 5s (fallback to raft.server.rpc.timeout.min)
2022-11-04 13:16:46,047 [99050580-db91-402e-a30b-7426b5391f3a@group-D39F9C32CD8E-FollowerState] INFO  server.RaftServerConfigKeys (ConfUtils.java:logFallback(53)) - raft.server.rpc.first-election.timeout.max = 5200ms (fallback to raft.server.rpc.timeout.max)
2022-11-04 13:16:46,048 [grpc-default-executor-0] INFO  server.RaftServer$Division (RaftServerImpl.java:requestVote(1251)) - 99050580-db91-402e-a30b-7426b5391f3a@group-D39F9C32CD8E replies to ELECTION vote request: 18b69636-199d-46b1-a155-faec2a9e6e92<-99050580-db91-402e-a30b-7426b5391f3a#0:OK-t1. Peer's state: 99050580-db91-402e-a30b-7426b5391f3a@group-D39F9C32CD8E:t1, leader=null, voted=18b69636-199d-46b1-a155-faec2a9e6e92, raftlog=Memoized:99050580-db91-402e-a30b-7426b5391f3a@group-D39F9C32CD8E-SegmentedRaftLog:OPENED:c-1, conf=-1: peers:[18b69636-199d-46b1-a155-faec2a9e6e92|rpc:10.1.1.104:40753|dataStream:|priority:0|startupRole:FOLLOWER, 47355ef6-248e-415d-99d1-f00ca16e1642|rpc:10.1.1.104:43613|dataStream:|priority:1|startupRole:FOLLOWER, 99050580-db91-402e-a30b-7426b5391f3a|rpc:10.1.1.104:40645|dataStream:|priority:0|startupRole:FOLLOWER]|listeners:[], old=null
2022-11-04 13:16:46,051 [18b69636-199d-46b1-a155-faec2a9e6e92@group-D39F9C32CD8E-FollowerState] INFO  server.RaftServerConfigKeys (ConfUtils.java:logFallback(53)) - raft.server.rpc.first-election.timeout.min = 5s (fallback to raft.server.rpc.timeout.min)
2022-11-04 13:16:46,053 [18b69636-199d-46b1-a155-faec2a9e6e92@group-D39F9C32CD8E-FollowerState] INFO  server.RaftServerConfigKeys (ConfUtils.java:logFallback(53)) - raft.server.rpc.first-election.timeout.max = 5200ms (fallback to raft.server.rpc.timeout.max)
2022-11-04 13:16:46,116 [18b69636-199d-46b1-a155-faec2a9e6e92@group-7B1B130E40C3-FollowerState] INFO  impl.FollowerState (FollowerState.java:run(143)) - 18b69636-199d-46b1-a155-faec2a9e6e92@group-7B1B130E40C3-FollowerState: change to CANDIDATE, lastRpcElapsedTime:5177304366ns, electionTimeout:5174ms
2022-11-04 13:16:46,116 [18b69636-199d-46b1-a155-faec2a9e6e92@group-7B1B130E40C3-FollowerState] INFO  impl.RoleInfo (RoleInfo.java:shutdownFollowerState(110)) - 18b69636-199d-46b1-a155-faec2a9e6e92: shutdown 18b69636-199d-46b1-a155-faec2a9e6e92@group-7B1B130E40C3-FollowerState
2022-11-04 13:16:46,116 [18b69636-199d-46b1-a155-faec2a9e6e92@group-7B1B130E40C3-FollowerState] INFO  server.RaftServer$Division (RaftServerImpl.java:setRole(321)) - 18b69636-199d-46b1-a155-faec2a9e6e92@group-7B1B130E40C3: changes role from  FOLLOWER to CANDIDATE at term 0 for changeToCandidate
2022-11-04 13:16:46,116 [18b69636-199d-46b1-a155-faec2a9e6e92@group-7B1B130E40C3-FollowerState] INFO  server.RaftServerConfigKeys (ConfUtils.java:logGet(46)) - raft.server.leaderelection.pre-vote = false (custom)
2022-11-04 13:16:46,116 [18b69636-199d-46b1-a155-faec2a9e6e92@group-7B1B130E40C3-FollowerState] INFO  impl.RoleInfo (RoleInfo.java:updateAndGet(139)) - 18b69636-199d-46b1-a155-faec2a9e6e92: start 18b69636-199d-46b1-a155-faec2a9e6e92@group-7B1B130E40C3-LeaderElection9
2022-11-04 13:16:46,124 [18b69636-199d-46b1-a155-faec2a9e6e92@group-7B1B130E40C3-LeaderElection9] INFO  impl.LeaderElection (LeaderElection.java:askForVotes(312)) - 18b69636-199d-46b1-a155-faec2a9e6e92@group-7B1B130E40C3-LeaderElection9 ELECTION round 0: submit vote requests at term 1 for -1: peers:[18b69636-199d-46b1-a155-faec2a9e6e92|rpc:10.1.1.104:40753|priority:1|startupRole:FOLLOWER]|listeners:[], old=null
2022-11-04 13:16:46,124 [18b69636-199d-46b1-a155-faec2a9e6e92@group-7B1B130E40C3-LeaderElection9] INFO  impl.LeaderElection (LeaderElection.java:askForVotes(314)) - 18b69636-199d-46b1-a155-faec2a9e6e92@group-7B1B130E40C3-LeaderElection9 ELECTION round 0: result PASSED (term=1)
2022-11-04 13:16:46,124 [18b69636-199d-46b1-a155-faec2a9e6e92@group-7B1B130E40C3-LeaderElection9] INFO  impl.RoleInfo (RoleInfo.java:shutdownLeaderElection(130)) - 18b69636-199d-46b1-a155-faec2a9e6e92: shutdown 18b69636-199d-46b1-a155-faec2a9e6e92@group-7B1B130E40C3-LeaderElection9
2022-11-04 13:16:46,124 [18b69636-199d-46b1-a155-faec2a9e6e92@group-7B1B130E40C3-LeaderElection9] INFO  server.RaftServer$Division (RaftServerImpl.java:setRole(321)) - 18b69636-199d-46b1-a155-faec2a9e6e92@group-7B1B130E40C3: changes role from CANDIDATE to LEADER at term 1 for changeToLeader
2022-11-04 13:16:46,124 [18b69636-199d-46b1-a155-faec2a9e6e92@group-7B1B130E40C3-LeaderElection9] INFO  ratis.XceiverServerRatis (XceiverServerRatis.java:handleLeaderChangedNotification(863)) - Leader change notification received for group: group-7B1B130E40C3 with new leaderId: 18b69636-199d-46b1-a155-faec2a9e6e92
2022-11-04 13:16:46,124 [18b69636-199d-46b1-a155-faec2a9e6e92@group-7B1B130E40C3-LeaderElection9] INFO  server.RaftServer$Division (ServerState.java:setLeader(313)) - 18b69636-199d-46b1-a155-faec2a9e6e92@group-7B1B130E40C3: change Leader from null to 18b69636-199d-46b1-a155-faec2a9e6e92 at term 1 for becomeLeader, leader elected after 5233ms
2022-11-04 13:16:46,124 [18b69636-199d-46b1-a155-faec2a9e6e92@group-7B1B130E40C3-LeaderElection9] INFO  server.RaftServerConfigKeys (ConfUtils.java:logGet(46)) - raft.server.staging.catchup.gap = 1000 (default)
2022-11-04 13:16:46,126 [EventQueue-OpenPipelineForHealthyPipelineSafeModeRule] INFO  safemode.SCMSafeModeManager (HealthyPipelineSafeModeRule.java:process(137)) - SCM in safe mode. Healthy pipelines reported count is 0, required healthy pipeline reported count is 1
2022-11-04 13:16:46,126 [18b69636-199d-46b1-a155-faec2a9e6e92@group-7B1B130E40C3-LeaderElection9] INFO  server.RaftServerConfigKeys (ConfUtils.java:logGet(46)) - raft.server.write.element-limit = 1024 (custom)
2022-11-04 13:16:46,126 [18b69636-199d-46b1-a155-faec2a9e6e92@group-7B1B130E40C3-LeaderElection9] INFO  server.RaftServerConfigKeys (ConfUtils.java:logGet(46)) - raft.server.write.byte-limit = 1024 M (=1073741824) (custom)
2022-11-04 13:16:46,128 [18b69636-199d-46b1-a155-faec2a9e6e92@group-7B1B130E40C3-LeaderElection9] INFO  server.RaftServerConfigKeys (ConfUtils.java:logGet(46)) - raft.server.watch.timeout = 180s (custom)
2022-11-04 13:16:46,128 [18b69636-199d-46b1-a155-faec2a9e6e92@group-7B1B130E40C3-LeaderElection9] INFO  server.RaftServerConfigKeys (ConfUtils.java:logGet(46)) - raft.server.watch.timeout.denomination = 1s (default)
2022-11-04 13:16:46,128 [18b69636-199d-46b1-a155-faec2a9e6e92@group-7B1B130E40C3-LeaderElection9] INFO  server.RaftServerConfigKeys (ConfUtils.java:logGet(46)) - raft.server.watch.element-limit = 65536 (default)
2022-11-04 13:16:46,128 [18b69636-199d-46b1-a155-faec2a9e6e92@group-7B1B130E40C3-LeaderElection9] INFO  server.RaftServerConfigKeys (ConfUtils.java:logGet(46)) - raft.server.write.element-limit = 1024 (custom)
2022-11-04 13:16:46,128 [18b69636-199d-46b1-a155-faec2a9e6e92@group-7B1B130E40C3-LeaderElection9] INFO  server.RaftServerConfigKeys (ConfUtils.java:logGet(46)) - raft.server.write.follower.gap.ratio.max = -1.0 (default)
2022-11-04 13:16:46,128 [18b69636-199d-46b1-a155-faec2a9e6e92@group-7B1B130E40C3-LeaderElection9] INFO  impl.RoleInfo (RoleInfo.java:updateAndGet(139)) - 18b69636-199d-46b1-a155-faec2a9e6e92: start 18b69636-199d-46b1-a155-faec2a9e6e92@group-7B1B130E40C3-LeaderStateImpl
2022-11-04 13:16:46,129 [18b69636-199d-46b1-a155-faec2a9e6e92@group-7B1B130E40C3-LeaderElection9] INFO  segmented.SegmentedRaftLogWorker (SegmentedRaftLogWorker.java:startLogSegment(452)) - 18b69636-199d-46b1-a155-faec2a9e6e92@group-7B1B130E40C3-SegmentedRaftLogWorker: Starting segment from index:0
2022-11-04 13:16:46,130 [18b69636-199d-46b1-a155-faec2a9e6e92@group-7B1B130E40C3-LeaderElection9] INFO  server.RaftServer$Division (ServerState.java:setRaftConf(430)) - 18b69636-199d-46b1-a155-faec2a9e6e92@group-7B1B130E40C3: set configuration 0: peers:[18b69636-199d-46b1-a155-faec2a9e6e92|rpc:10.1.1.104:40753|dataStream:|priority:1|startupRole:FOLLOWER]|listeners:[], old=null
2022-11-04 13:16:46,130 [18b69636-199d-46b1-a155-faec2a9e6e92@group-7B1B130E40C3-SegmentedRaftLogWorker] INFO  segmented.SegmentedRaftLogWorker (SegmentedRaftLogWorker.java:execute(656)) - 18b69636-199d-46b1-a155-faec2a9e6e92@group-7B1B130E40C3-SegmentedRaftLogWorker: created new log segment /home/runner/work/ozone/ozone/hadoop-ozone/integration-test/target/test-dir/MiniOzoneClusterImpl-0c0bfa66-1f5b-4f11-9fe6-cbebe0503434/datanode-3/data/ratis/01bfd09c-578b-4d59-a453-7b1b130e40c3/current/log_inprogress_0
2022-11-04 13:16:46,194 [18b69636-199d-46b1-a155-faec2a9e6e92@group-0E0524D27BC6-FollowerState] INFO  impl.FollowerState (FollowerState.java:run(143)) - 18b69636-199d-46b1-a155-faec2a9e6e92@group-0E0524D27BC6-FollowerState: change to CANDIDATE, lastRpcElapsedTime:5009987698ns, electionTimeout:5008ms
2022-11-04 13:16:46,194 [18b69636-199d-46b1-a155-faec2a9e6e92@group-0E0524D27BC6-FollowerState] INFO  impl.RoleInfo (RoleInfo.java:shutdownFollowerState(110)) - 18b69636-199d-46b1-a155-faec2a9e6e92: shutdown 18b69636-199d-46b1-a155-faec2a9e6e92@group-0E0524D27BC6-FollowerState
2022-11-04 13:16:46,194 [18b69636-199d-46b1-a155-faec2a9e6e92@group-0E0524D27BC6-FollowerState] INFO  server.RaftServer$Division (RaftServerImpl.java:setRole(321)) - 18b69636-199d-46b1-a155-faec2a9e6e92@group-0E0524D27BC6: changes role from  FOLLOWER to CANDIDATE at term 0 for changeToCandidate
2022-11-04 13:16:46,194 [18b69636-199d-46b1-a155-faec2a9e6e92@group-0E0524D27BC6-FollowerState] INFO  server.RaftServerConfigKeys (ConfUtils.java:logGet(46)) - raft.server.leaderelection.pre-vote = false (custom)
2022-11-04 13:16:46,195 [18b69636-199d-46b1-a155-faec2a9e6e92@group-0E0524D27BC6-FollowerState] INFO  impl.RoleInfo (RoleInfo.java:updateAndGet(139)) - 18b69636-199d-46b1-a155-faec2a9e6e92: start 18b69636-199d-46b1-a155-faec2a9e6e92@group-0E0524D27BC6-LeaderElection10
2022-11-04 13:16:46,198 [18b69636-199d-46b1-a155-faec2a9e6e92@group-0E0524D27BC6-LeaderElection10] INFO  impl.LeaderElection (LeaderElection.java:askForVotes(312)) - 18b69636-199d-46b1-a155-faec2a9e6e92@group-0E0524D27BC6-LeaderElection10 ELECTION round 0: submit vote requests at term 1 for -1: peers:[18b69636-199d-46b1-a155-faec2a9e6e92|rpc:10.1.1.104:40753|priority:0|startupRole:FOLLOWER, 47355ef6-248e-415d-99d1-f00ca16e1642|rpc:10.1.1.104:43613|priority:0|startupRole:FOLLOWER, 99050580-db91-402e-a30b-7426b5391f3a|rpc:10.1.1.104:40645|priority:1|startupRole:FOLLOWER]|listeners:[], old=null
2022-11-04 13:16:46,199 [18b69636-199d-46b1-a155-faec2a9e6e92@group-0E0524D27BC6-LeaderElection10] INFO  server.RaftServerConfigKeys (ConfUtils.java:logFallback(53)) - raft.server.rpc.first-election.timeout.min = 5s (fallback to raft.server.rpc.timeout.min)
2022-11-04 13:16:46,199 [18b69636-199d-46b1-a155-faec2a9e6e92@group-0E0524D27BC6-LeaderElection10] INFO  server.RaftServerConfigKeys (ConfUtils.java:logFallback(53)) - raft.server.rpc.first-election.timeout.max = 5200ms (fallback to raft.server.rpc.timeout.max)
2022-11-04 13:16:46,203 [grpc-default-executor-0] INFO  server.RaftServer$Division (RaftServerImpl.java:requestVote(1218)) - 47355ef6-248e-415d-99d1-f00ca16e1642@group-0E0524D27BC6: receive requestVote(ELECTION, 18b69636-199d-46b1-a155-faec2a9e6e92, group-0E0524D27BC6, 1, (t:0, i:0))
2022-11-04 13:16:46,203 [grpc-default-executor-0] INFO  impl.VoteContext (VoteContext.java:log(48)) - 47355ef6-248e-415d-99d1-f00ca16e1642@group-0E0524D27BC6-FOLLOWER: accept ELECTION from 18b69636-199d-46b1-a155-faec2a9e6e92: our priority 0 <= candidate's priority 0
2022-11-04 13:16:46,203 [grpc-default-executor-0] INFO  server.RaftServer$Division (RaftServerImpl.java:setRole(321)) - 47355ef6-248e-415d-99d1-f00ca16e1642@group-0E0524D27BC6: changes role from  FOLLOWER to FOLLOWER at term 1 for candidate:18b69636-199d-46b1-a155-faec2a9e6e92
2022-11-04 13:16:46,203 [grpc-default-executor-0] INFO  impl.RoleInfo (RoleInfo.java:shutdownFollowerState(110)) - 47355ef6-248e-415d-99d1-f00ca16e1642: shutdown 47355ef6-248e-415d-99d1-f00ca16e1642@group-0E0524D27BC6-FollowerState
2022-11-04 13:16:46,203 [grpc-default-executor-0] INFO  impl.RoleInfo (RoleInfo.java:updateAndGet(139)) - 47355ef6-248e-415d-99d1-f00ca16e1642: start 47355ef6-248e-415d-99d1-f00ca16e1642@group-0E0524D27BC6-FollowerState
2022-11-04 13:16:46,203 [47355ef6-248e-415d-99d1-f00ca16e1642@group-0E0524D27BC6-FollowerState] INFO  impl.FollowerState (FollowerState.java:run(152)) - 47355ef6-248e-415d-99d1-f00ca16e1642@group-0E0524D27BC6-FollowerState was interrupted
2022-11-04 13:16:46,209 [grpc-default-executor-0] INFO  server.RaftServer$Division (RaftServerImpl.java:requestVote(1251)) - 47355ef6-248e-415d-99d1-f00ca16e1642@group-0E0524D27BC6 replies to ELECTION vote request: 18b69636-199d-46b1-a155-faec2a9e6e92<-47355ef6-248e-415d-99d1-f00ca16e1642#0:OK-t1. Peer's state: 47355ef6-248e-415d-99d1-f00ca16e1642@group-0E0524D27BC6:t1, leader=null, voted=18b69636-199d-46b1-a155-faec2a9e6e92, raftlog=Memoized:47355ef6-248e-415d-99d1-f00ca16e1642@group-0E0524D27BC6-SegmentedRaftLog:OPENED:c-1, conf=-1: peers:[18b69636-199d-46b1-a155-faec2a9e6e92|rpc:10.1.1.104:40753|priority:0|startupRole:FOLLOWER, 47355ef6-248e-415d-99d1-f00ca16e1642|rpc:10.1.1.104:43613|priority:0|startupRole:FOLLOWER, 99050580-db91-402e-a30b-7426b5391f3a|rpc:10.1.1.104:40645|priority:1|startupRole:FOLLOWER]|listeners:[], old=null
2022-11-04 13:16:46,210 [47355ef6-248e-415d-99d1-f00ca16e1642@group-0E0524D27BC6-FollowerState] INFO  server.RaftServerConfigKeys (ConfUtils.java:logFallback(53)) - raft.server.rpc.first-election.timeout.min = 5s (fallback to raft.server.rpc.timeout.min)
2022-11-04 13:16:46,210 [47355ef6-248e-415d-99d1-f00ca16e1642@group-0E0524D27BC6-FollowerState] INFO  server.RaftServerConfigKeys (ConfUtils.java:logFallback(53)) - raft.server.rpc.first-election.timeout.max = 5200ms (fallback to raft.server.rpc.timeout.max)
2022-11-04 13:16:46,218 [grpc-default-executor-0] INFO  server.RaftServer$Division (RaftServerImpl.java:requestVote(1218)) - 99050580-db91-402e-a30b-7426b5391f3a@group-0E0524D27BC6: receive requestVote(ELECTION, 18b69636-199d-46b1-a155-faec2a9e6e92, group-0E0524D27BC6, 1, (t:0, i:0))
2022-11-04 13:16:46,218 [grpc-default-executor-0] INFO  impl.VoteContext (VoteContext.java:log(48)) - 99050580-db91-402e-a30b-7426b5391f3a@group-0E0524D27BC6-FOLLOWER: reject ELECTION from 18b69636-199d-46b1-a155-faec2a9e6e92: our priority 1 > candidate's priority 0
2022-11-04 13:16:46,218 [grpc-default-executor-0] INFO  server.RaftServer$Division (RaftServerImpl.java:setRole(321)) - 99050580-db91-402e-a30b-7426b5391f3a@group-0E0524D27BC6: changes role from  FOLLOWER to FOLLOWER at term 1 for candidate:18b69636-199d-46b1-a155-faec2a9e6e92
2022-11-04 13:16:46,218 [grpc-default-executor-0] INFO  impl.RoleInfo (RoleInfo.java:shutdownFollowerState(110)) - 99050580-db91-402e-a30b-7426b5391f3a: shutdown 99050580-db91-402e-a30b-7426b5391f3a@group-0E0524D27BC6-FollowerState
2022-11-04 13:16:46,218 [grpc-default-executor-0] INFO  impl.RoleInfo (RoleInfo.java:updateAndGet(139)) - 99050580-db91-402e-a30b-7426b5391f3a: start 99050580-db91-402e-a30b-7426b5391f3a@group-0E0524D27BC6-FollowerState
2022-11-04 13:16:46,218 [99050580-db91-402e-a30b-7426b5391f3a@group-0E0524D27BC6-FollowerState] INFO  impl.FollowerState (FollowerState.java:run(152)) - 99050580-db91-402e-a30b-7426b5391f3a@group-0E0524D27BC6-FollowerState was interrupted
2022-11-04 13:16:46,225 [99050580-db91-402e-a30b-7426b5391f3a@group-0E0524D27BC6-FollowerState] INFO  server.RaftServerConfigKeys (ConfUtils.java:logFallback(53)) - raft.server.rpc.first-election.timeout.min = 5s (fallback to raft.server.rpc.timeout.min)
2022-11-04 13:16:46,225 [99050580-db91-402e-a30b-7426b5391f3a@group-0E0524D27BC6-FollowerState] INFO  server.RaftServerConfigKeys (ConfUtils.java:logFallback(53)) - raft.server.rpc.first-election.timeout.max = 5200ms (fallback to raft.server.rpc.timeout.max)
2022-11-04 13:16:46,225 [grpc-default-executor-0] INFO  server.RaftServer$Division (RaftServerImpl.java:requestVote(1251)) - 99050580-db91-402e-a30b-7426b5391f3a@group-0E0524D27BC6 replies to ELECTION vote request: 18b69636-199d-46b1-a155-faec2a9e6e92<-99050580-db91-402e-a30b-7426b5391f3a#0:FAIL-t1. Peer's state: 99050580-db91-402e-a30b-7426b5391f3a@group-0E0524D27BC6:t1, leader=null, voted=null, raftlog=Memoized:99050580-db91-402e-a30b-7426b5391f3a@group-0E0524D27BC6-SegmentedRaftLog:OPENED:c-1, conf=-1: peers:[18b69636-199d-46b1-a155-faec2a9e6e92|rpc:10.1.1.104:40753|dataStream:|priority:0|startupRole:FOLLOWER, 47355ef6-248e-415d-99d1-f00ca16e1642|rpc:10.1.1.104:43613|dataStream:|priority:0|startupRole:FOLLOWER, 99050580-db91-402e-a30b-7426b5391f3a|rpc:10.1.1.104:40645|dataStream:|priority:1|startupRole:FOLLOWER]|listeners:[], old=null
2022-11-04 13:16:46,226 [18b69636-199d-46b1-a155-faec2a9e6e92@group-0E0524D27BC6-LeaderElection10] INFO  impl.LeaderElection (LeaderElection.java:logAndReturn(90)) - 18b69636-199d-46b1-a155-faec2a9e6e92@group-0E0524D27BC6-LeaderElection10: ELECTION REJECTED received 2 response(s) and 0 exception(s):
2022-11-04 13:16:46,226 [18b69636-199d-46b1-a155-faec2a9e6e92@group-0E0524D27BC6-LeaderElection10] INFO  impl.LeaderElection (LeaderElection.java:logAndReturn(94)) -   Response 0: 18b69636-199d-46b1-a155-faec2a9e6e92<-47355ef6-248e-415d-99d1-f00ca16e1642#0:OK-t1
2022-11-04 13:16:46,226 [18b69636-199d-46b1-a155-faec2a9e6e92@group-0E0524D27BC6-LeaderElection10] INFO  impl.LeaderElection (LeaderElection.java:logAndReturn(94)) -   Response 1: 18b69636-199d-46b1-a155-faec2a9e6e92<-99050580-db91-402e-a30b-7426b5391f3a#0:FAIL-t1
2022-11-04 13:16:46,226 [18b69636-199d-46b1-a155-faec2a9e6e92@group-0E0524D27BC6-LeaderElection10] INFO  impl.LeaderElection (LeaderElection.java:askForVotes(314)) - 18b69636-199d-46b1-a155-faec2a9e6e92@group-0E0524D27BC6-LeaderElection10 ELECTION round 0: result REJECTED
2022-11-04 13:16:46,226 [18b69636-199d-46b1-a155-faec2a9e6e92@group-0E0524D27BC6-LeaderElection10] INFO  server.RaftServer$Division (RaftServerImpl.java:setRole(321)) - 18b69636-199d-46b1-a155-faec2a9e6e92@group-0E0524D27BC6: changes role from CANDIDATE to FOLLOWER at term 1 for REJECTED
2022-11-04 13:16:46,226 [18b69636-199d-46b1-a155-faec2a9e6e92@group-0E0524D27BC6-LeaderElection10] INFO  impl.RoleInfo (RoleInfo.java:shutdownLeaderElection(130)) - 18b69636-199d-46b1-a155-faec2a9e6e92: shutdown 18b69636-199d-46b1-a155-faec2a9e6e92@group-0E0524D27BC6-LeaderElection10
2022-11-04 13:16:46,226 [18b69636-199d-46b1-a155-faec2a9e6e92@group-0E0524D27BC6-LeaderElection10] INFO  impl.RoleInfo (RoleInfo.java:updateAndGet(139)) - 18b69636-199d-46b1-a155-faec2a9e6e92: start 18b69636-199d-46b1-a155-faec2a9e6e92@group-0E0524D27BC6-FollowerState
2022-11-04 13:16:46,230 [18b69636-199d-46b1-a155-faec2a9e6e92@group-0E0524D27BC6-FollowerState] INFO  server.RaftServerConfigKeys (ConfUtils.java:logFallback(53)) - raft.server.rpc.first-election.timeout.min = 5s (fallback to raft.server.rpc.timeout.min)
2022-11-04 13:16:46,233 [18b69636-199d-46b1-a155-faec2a9e6e92@group-0E0524D27BC6-FollowerState] INFO  server.RaftServerConfigKeys (ConfUtils.java:logFallback(53)) - raft.server.rpc.first-election.timeout.max = 5200ms (fallback to raft.server.rpc.timeout.max)
2022-11-04 13:16:46,414 [47355ef6-248e-415d-99d1-f00ca16e1642@group-660F148B2C2F-FollowerState] INFO  impl.FollowerState (FollowerState.java:run(143)) - 47355ef6-248e-415d-99d1-f00ca16e1642@group-660F148B2C2F-FollowerState: change to CANDIDATE, lastRpcElapsedTime:5209515692ns, electionTimeout:5197ms
2022-11-04 13:16:46,415 [47355ef6-248e-415d-99d1-f00ca16e1642@group-660F148B2C2F-FollowerState] INFO  impl.RoleInfo (RoleInfo.java:shutdownFollowerState(110)) - 47355ef6-248e-415d-99d1-f00ca16e1642: shutdown 47355ef6-248e-415d-99d1-f00ca16e1642@group-660F148B2C2F-FollowerState
2022-11-04 13:16:46,415 [47355ef6-248e-415d-99d1-f00ca16e1642@group-660F148B2C2F-FollowerState] INFO  server.RaftServer$Division (RaftServerImpl.java:setRole(321)) - 47355ef6-248e-415d-99d1-f00ca16e1642@group-660F148B2C2F: changes role from  FOLLOWER to CANDIDATE at term 0 for changeToCandidate
2022-11-04 13:16:46,415 [47355ef6-248e-415d-99d1-f00ca16e1642@group-660F148B2C2F-FollowerState] INFO  server.RaftServerConfigKeys (ConfUtils.java:logGet(46)) - raft.server.leaderelection.pre-vote = false (custom)
2022-11-04 13:16:46,415 [47355ef6-248e-415d-99d1-f00ca16e1642@group-660F148B2C2F-FollowerState] INFO  impl.RoleInfo (RoleInfo.java:updateAndGet(139)) - 47355ef6-248e-415d-99d1-f00ca16e1642: start 47355ef6-248e-415d-99d1-f00ca16e1642@group-660F148B2C2F-LeaderElection11
2022-11-04 13:16:46,419 [47355ef6-248e-415d-99d1-f00ca16e1642@group-660F148B2C2F-LeaderElection11] INFO  impl.LeaderElection (LeaderElection.java:askForVotes(312)) - 47355ef6-248e-415d-99d1-f00ca16e1642@group-660F148B2C2F-LeaderElection11 ELECTION round 0: submit vote requests at term 1 for -1: peers:[47355ef6-248e-415d-99d1-f00ca16e1642|rpc:10.1.1.104:43613|priority:1|startupRole:FOLLOWER]|listeners:[], old=null
2022-11-04 13:16:46,420 [47355ef6-248e-415d-99d1-f00ca16e1642@group-660F148B2C2F-LeaderElection11] INFO  impl.LeaderElection (LeaderElection.java:askForVotes(314)) - 47355ef6-248e-415d-99d1-f00ca16e1642@group-660F148B2C2F-LeaderElection11 ELECTION round 0: result PASSED (term=1)
2022-11-04 13:16:46,420 [47355ef6-248e-415d-99d1-f00ca16e1642@group-660F148B2C2F-LeaderElection11] INFO  impl.RoleInfo (RoleInfo.java:shutdownLeaderElection(130)) - 47355ef6-248e-415d-99d1-f00ca16e1642: shutdown 47355ef6-248e-415d-99d1-f00ca16e1642@group-660F148B2C2F-LeaderElection11
2022-11-04 13:16:46,420 [47355ef6-248e-415d-99d1-f00ca16e1642@group-660F148B2C2F-LeaderElection11] INFO  server.RaftServer$Division (RaftServerImpl.java:setRole(321)) - 47355ef6-248e-415d-99d1-f00ca16e1642@group-660F148B2C2F: changes role from CANDIDATE to LEADER at term 1 for changeToLeader
2022-11-04 13:16:46,420 [47355ef6-248e-415d-99d1-f00ca16e1642@group-660F148B2C2F-LeaderElection11] INFO  ratis.XceiverServerRatis (XceiverServerRatis.java:handleLeaderChangedNotification(863)) - Leader change notification received for group: group-660F148B2C2F with new leaderId: 47355ef6-248e-415d-99d1-f00ca16e1642
2022-11-04 13:16:46,420 [47355ef6-248e-415d-99d1-f00ca16e1642@group-660F148B2C2F-LeaderElection11] INFO  server.RaftServer$Division (ServerState.java:setLeader(313)) - 47355ef6-248e-415d-99d1-f00ca16e1642@group-660F148B2C2F: change Leader from null to 47355ef6-248e-415d-99d1-f00ca16e1642 at term 1 for becomeLeader, leader elected after 5237ms
2022-11-04 13:16:46,420 [47355ef6-248e-415d-99d1-f00ca16e1642@group-660F148B2C2F-LeaderElection11] INFO  server.RaftServerConfigKeys (ConfUtils.java:logGet(46)) - raft.server.staging.catchup.gap = 1000 (default)
2022-11-04 13:16:46,420 [47355ef6-248e-415d-99d1-f00ca16e1642@group-660F148B2C2F-LeaderElection11] INFO  server.RaftServerConfigKeys (ConfUtils.java:logGet(46)) - raft.server.write.element-limit = 1024 (custom)
2022-11-04 13:16:46,420 [47355ef6-248e-415d-99d1-f00ca16e1642@group-660F148B2C2F-LeaderElection11] INFO  server.RaftServerConfigKeys (ConfUtils.java:logGet(46)) - raft.server.write.byte-limit = 1024 M (=1073741824) (custom)
2022-11-04 13:16:46,421 [47355ef6-248e-415d-99d1-f00ca16e1642@group-660F148B2C2F-LeaderElection11] INFO  server.RaftServerConfigKeys (ConfUtils.java:logGet(46)) - raft.server.watch.timeout = 180s (custom)
2022-11-04 13:16:46,421 [47355ef6-248e-415d-99d1-f00ca16e1642@group-660F148B2C2F-LeaderElection11] INFO  server.RaftServerConfigKeys (ConfUtils.java:logGet(46)) - raft.server.watch.timeout.denomination = 1s (default)
2022-11-04 13:16:46,421 [47355ef6-248e-415d-99d1-f00ca16e1642@group-660F148B2C2F-LeaderElection11] INFO  server.RaftServerConfigKeys (ConfUtils.java:logGet(46)) - raft.server.watch.element-limit = 65536 (default)
2022-11-04 13:16:46,421 [47355ef6-248e-415d-99d1-f00ca16e1642@group-660F148B2C2F-LeaderElection11] INFO  server.RaftServerConfigKeys (ConfUtils.java:logGet(46)) - raft.server.write.element-limit = 1024 (custom)
2022-11-04 13:16:46,421 [47355ef6-248e-415d-99d1-f00ca16e1642@group-660F148B2C2F-LeaderElection11] INFO  server.RaftServerConfigKeys (ConfUtils.java:logGet(46)) - raft.server.write.follower.gap.ratio.max = -1.0 (default)
2022-11-04 13:16:46,421 [47355ef6-248e-415d-99d1-f00ca16e1642@group-660F148B2C2F-LeaderElection11] INFO  impl.RoleInfo (RoleInfo.java:updateAndGet(139)) - 47355ef6-248e-415d-99d1-f00ca16e1642: start 47355ef6-248e-415d-99d1-f00ca16e1642@group-660F148B2C2F-LeaderStateImpl
2022-11-04 13:16:46,421 [47355ef6-248e-415d-99d1-f00ca16e1642@group-660F148B2C2F-LeaderElection11] INFO  segmented.SegmentedRaftLogWorker (SegmentedRaftLogWorker.java:startLogSegment(452)) - 47355ef6-248e-415d-99d1-f00ca16e1642@group-660F148B2C2F-SegmentedRaftLogWorker: Starting segment from index:0
2022-11-04 13:16:46,422 [EventQueue-OpenPipelineForHealthyPipelineSafeModeRule] INFO  safemode.SCMSafeModeManager (HealthyPipelineSafeModeRule.java:process(137)) - SCM in safe mode. Healthy pipelines reported count is 0, required healthy pipeline reported count is 1
2022-11-04 13:16:46,424 [47355ef6-248e-415d-99d1-f00ca16e1642@group-660F148B2C2F-LeaderElection11] INFO  server.RaftServer$Division (ServerState.java:setRaftConf(430)) - 47355ef6-248e-415d-99d1-f00ca16e1642@group-660F148B2C2F: set configuration 0: peers:[47355ef6-248e-415d-99d1-f00ca16e1642|rpc:10.1.1.104:43613|dataStream:|priority:1|startupRole:FOLLOWER]|listeners:[], old=null
2022-11-04 13:16:46,424 [47355ef6-248e-415d-99d1-f00ca16e1642@group-660F148B2C2F-SegmentedRaftLogWorker] INFO  segmented.SegmentedRaftLogWorker (SegmentedRaftLogWorker.java:execute(656)) - 47355ef6-248e-415d-99d1-f00ca16e1642@group-660F148B2C2F-SegmentedRaftLogWorker: created new log segment /home/runner/work/ozone/ozone/hadoop-ozone/integration-test/target/test-dir/MiniOzoneClusterImpl-0c0bfa66-1f5b-4f11-9fe6-cbebe0503434/datanode-4/data/ratis/80cf342c-22bd-49f7-9da0-660f148b2c2f/current/log_inprogress_0
2022-11-04 13:16:46,567 [99050580-db91-402e-a30b-7426b5391f3a@group-285BFC804282-FollowerState] INFO  impl.FollowerState (FollowerState.java:run(143)) - 99050580-db91-402e-a30b-7426b5391f3a@group-285BFC804282-FollowerState: change to CANDIDATE, lastRpcElapsedTime:5073260889ns, electionTimeout:5072ms
2022-11-04 13:16:46,567 [99050580-db91-402e-a30b-7426b5391f3a@group-285BFC804282-FollowerState] INFO  impl.RoleInfo (RoleInfo.java:shutdownFollowerState(110)) - 99050580-db91-402e-a30b-7426b5391f3a: shutdown 99050580-db91-402e-a30b-7426b5391f3a@group-285BFC804282-FollowerState
2022-11-04 13:16:46,567 [99050580-db91-402e-a30b-7426b5391f3a@group-285BFC804282-FollowerState] INFO  server.RaftServer$Division (RaftServerImpl.java:setRole(321)) - 99050580-db91-402e-a30b-7426b5391f3a@group-285BFC804282: changes role from  FOLLOWER to CANDIDATE at term 0 for changeToCandidate
2022-11-04 13:16:46,567 [99050580-db91-402e-a30b-7426b5391f3a@group-285BFC804282-FollowerState] INFO  server.RaftServerConfigKeys (ConfUtils.java:logGet(46)) - raft.server.leaderelection.pre-vote = false (custom)
2022-11-04 13:16:46,567 [99050580-db91-402e-a30b-7426b5391f3a@group-285BFC804282-FollowerState] INFO  impl.RoleInfo (RoleInfo.java:updateAndGet(139)) - 99050580-db91-402e-a30b-7426b5391f3a: start 99050580-db91-402e-a30b-7426b5391f3a@group-285BFC804282-LeaderElection12
2022-11-04 13:16:46,571 [99050580-db91-402e-a30b-7426b5391f3a@group-285BFC804282-LeaderElection12] INFO  impl.LeaderElection (LeaderElection.java:askForVotes(312)) - 99050580-db91-402e-a30b-7426b5391f3a@group-285BFC804282-LeaderElection12 ELECTION round 0: submit vote requests at term 1 for -1: peers:[99050580-db91-402e-a30b-7426b5391f3a|rpc:10.1.1.104:40645|priority:1|startupRole:FOLLOWER]|listeners:[], old=null
2022-11-04 13:16:46,571 [99050580-db91-402e-a30b-7426b5391f3a@group-285BFC804282-LeaderElection12] INFO  impl.LeaderElection (LeaderElection.java:askForVotes(314)) - 99050580-db91-402e-a30b-7426b5391f3a@group-285BFC804282-LeaderElection12 ELECTION round 0: result PASSED (term=1)
2022-11-04 13:16:46,571 [99050580-db91-402e-a30b-7426b5391f3a@group-285BFC804282-LeaderElection12] INFO  impl.RoleInfo (RoleInfo.java:shutdownLeaderElection(130)) - 99050580-db91-402e-a30b-7426b5391f3a: shutdown 99050580-db91-402e-a30b-7426b5391f3a@group-285BFC804282-LeaderElection12
2022-11-04 13:16:46,571 [99050580-db91-402e-a30b-7426b5391f3a@group-285BFC804282-LeaderElection12] INFO  server.RaftServer$Division (RaftServerImpl.java:setRole(321)) - 99050580-db91-402e-a30b-7426b5391f3a@group-285BFC804282: changes role from CANDIDATE to LEADER at term 1 for changeToLeader
2022-11-04 13:16:46,571 [99050580-db91-402e-a30b-7426b5391f3a@group-285BFC804282-LeaderElection12] INFO  ratis.XceiverServerRatis (XceiverServerRatis.java:handleLeaderChangedNotification(863)) - Leader change notification received for group: group-285BFC804282 with new leaderId: 99050580-db91-402e-a30b-7426b5391f3a
2022-11-04 13:16:46,571 [99050580-db91-402e-a30b-7426b5391f3a@group-285BFC804282-LeaderElection12] INFO  server.RaftServer$Division (ServerState.java:setLeader(313)) - 99050580-db91-402e-a30b-7426b5391f3a@group-285BFC804282: change Leader from null to 99050580-db91-402e-a30b-7426b5391f3a at term 1 for becomeLeader, leader elected after 5088ms
2022-11-04 13:16:46,571 [99050580-db91-402e-a30b-7426b5391f3a@group-285BFC804282-LeaderElection12] INFO  server.RaftServerConfigKeys (ConfUtils.java:logGet(46)) - raft.server.staging.catchup.gap = 1000 (default)
2022-11-04 13:16:46,572 [99050580-db91-402e-a30b-7426b5391f3a@group-285BFC804282-LeaderElection12] INFO  server.RaftServerConfigKeys (ConfUtils.java:logGet(46)) - raft.server.write.element-limit = 1024 (custom)
2022-11-04 13:16:46,572 [99050580-db91-402e-a30b-7426b5391f3a@group-285BFC804282-LeaderElection12] INFO  server.RaftServerConfigKeys (ConfUtils.java:logGet(46)) - raft.server.write.byte-limit = 1024 M (=1073741824) (custom)
2022-11-04 13:16:46,572 [99050580-db91-402e-a30b-7426b5391f3a@group-285BFC804282-LeaderElection12] INFO  server.RaftServerConfigKeys (ConfUtils.java:logGet(46)) - raft.server.watch.timeout = 180s (custom)
2022-11-04 13:16:46,572 [99050580-db91-402e-a30b-7426b5391f3a@group-285BFC804282-LeaderElection12] INFO  server.RaftServerConfigKeys (ConfUtils.java:logGet(46)) - raft.server.watch.timeout.denomination = 1s (default)
2022-11-04 13:16:46,572 [99050580-db91-402e-a30b-7426b5391f3a@group-285BFC804282-LeaderElection12] INFO  server.RaftServerConfigKeys (ConfUtils.java:logGet(46)) - raft.server.watch.element-limit = 65536 (default)
2022-11-04 13:16:46,572 [99050580-db91-402e-a30b-7426b5391f3a@group-285BFC804282-LeaderElection12] INFO  server.RaftServerConfigKeys (ConfUtils.java:logGet(46)) - raft.server.write.element-limit = 1024 (custom)
2022-11-04 13:16:46,572 [99050580-db91-402e-a30b-7426b5391f3a@group-285BFC804282-LeaderElection12] INFO  server.RaftServerConfigKeys (ConfUtils.java:logGet(46)) - raft.server.write.follower.gap.ratio.max = -1.0 (default)
2022-11-04 13:16:46,572 [99050580-db91-402e-a30b-7426b5391f3a@group-285BFC804282-LeaderElection12] INFO  impl.RoleInfo (RoleInfo.java:updateAndGet(139)) - 99050580-db91-402e-a30b-7426b5391f3a: start 99050580-db91-402e-a30b-7426b5391f3a@group-285BFC804282-LeaderStateImpl
2022-11-04 13:16:46,573 [99050580-db91-402e-a30b-7426b5391f3a@group-285BFC804282-LeaderElection12] INFO  segmented.SegmentedRaftLogWorker (SegmentedRaftLogWorker.java:startLogSegment(452)) - 99050580-db91-402e-a30b-7426b5391f3a@group-285BFC804282-SegmentedRaftLogWorker: Starting segment from index:0
2022-11-04 13:16:46,577 [99050580-db91-402e-a30b-7426b5391f3a@group-285BFC804282-LeaderElection12] INFO  server.RaftServer$Division (ServerState.java:setRaftConf(430)) - 99050580-db91-402e-a30b-7426b5391f3a@group-285BFC804282: set configuration 0: peers:[99050580-db91-402e-a30b-7426b5391f3a|rpc:10.1.1.104:40645|dataStream:|priority:1|startupRole:FOLLOWER]|listeners:[], old=null
2022-11-04 13:16:46,579 [EventQueue-OpenPipelineForHealthyPipelineSafeModeRule] INFO  safemode.SCMSafeModeManager (HealthyPipelineSafeModeRule.java:process(137)) - SCM in safe mode. Healthy pipelines reported count is 0, required healthy pipeline reported count is 1
2022-11-04 13:16:46,580 [99050580-db91-402e-a30b-7426b5391f3a@group-285BFC804282-SegmentedRaftLogWorker] INFO  segmented.SegmentedRaftLogWorker (SegmentedRaftLogWorker.java:execute(656)) - 99050580-db91-402e-a30b-7426b5391f3a@group-285BFC804282-SegmentedRaftLogWorker: created new log segment /home/runner/work/ozone/ozone/hadoop-ozone/integration-test/target/test-dir/MiniOzoneClusterImpl-0c0bfa66-1f5b-4f11-9fe6-cbebe0503434/datanode-5/data/ratis/b332cd44-5569-4650-a974-285bfc804282/current/log_inprogress_0
2022-11-04 13:16:46,919 [0dd4671e-e5ba-49c8-8afe-be056577c247@group-D3D5B8692D3E-FollowerState] INFO  impl.FollowerState (FollowerState.java:run(143)) - 0dd4671e-e5ba-49c8-8afe-be056577c247@group-D3D5B8692D3E-FollowerState: change to CANDIDATE, lastRpcElapsedTime:5078054899ns, electionTimeout:5070ms
2022-11-04 13:16:46,919 [0dd4671e-e5ba-49c8-8afe-be056577c247@group-D3D5B8692D3E-FollowerState] INFO  impl.RoleInfo (RoleInfo.java:shutdownFollowerState(110)) - 0dd4671e-e5ba-49c8-8afe-be056577c247: shutdown 0dd4671e-e5ba-49c8-8afe-be056577c247@group-D3D5B8692D3E-FollowerState
2022-11-04 13:16:46,919 [0dd4671e-e5ba-49c8-8afe-be056577c247@group-D3D5B8692D3E-FollowerState] INFO  server.RaftServer$Division (RaftServerImpl.java:setRole(321)) - 0dd4671e-e5ba-49c8-8afe-be056577c247@group-D3D5B8692D3E: changes role from  FOLLOWER to CANDIDATE at term 0 for changeToCandidate
2022-11-04 13:16:46,920 [0dd4671e-e5ba-49c8-8afe-be056577c247@group-D3D5B8692D3E-FollowerState] INFO  server.RaftServerConfigKeys (ConfUtils.java:logGet(46)) - raft.server.leaderelection.pre-vote = false (custom)
2022-11-04 13:16:46,920 [0dd4671e-e5ba-49c8-8afe-be056577c247@group-D3D5B8692D3E-FollowerState] INFO  impl.RoleInfo (RoleInfo.java:updateAndGet(139)) - 0dd4671e-e5ba-49c8-8afe-be056577c247: start 0dd4671e-e5ba-49c8-8afe-be056577c247@group-D3D5B8692D3E-LeaderElection13
2022-11-04 13:16:46,926 [0dd4671e-e5ba-49c8-8afe-be056577c247@group-D3D5B8692D3E-LeaderElection13] INFO  impl.LeaderElection (LeaderElection.java:askForVotes(312)) - 0dd4671e-e5ba-49c8-8afe-be056577c247@group-D3D5B8692D3E-LeaderElection13 ELECTION round 0: submit vote requests at term 1 for -1: peers:[0dd4671e-e5ba-49c8-8afe-be056577c247|rpc:10.1.1.104:32843|priority:1|startupRole:FOLLOWER]|listeners:[], old=null
2022-11-04 13:16:46,926 [0dd4671e-e5ba-49c8-8afe-be056577c247@group-D3D5B8692D3E-LeaderElection13] INFO  impl.LeaderElection (LeaderElection.java:askForVotes(314)) - 0dd4671e-e5ba-49c8-8afe-be056577c247@group-D3D5B8692D3E-LeaderElection13 ELECTION round 0: result PASSED (term=1)
2022-11-04 13:16:46,927 [0dd4671e-e5ba-49c8-8afe-be056577c247@group-D3D5B8692D3E-LeaderElection13] INFO  impl.RoleInfo (RoleInfo.java:shutdownLeaderElection(130)) - 0dd4671e-e5ba-49c8-8afe-be056577c247: shutdown 0dd4671e-e5ba-49c8-8afe-be056577c247@group-D3D5B8692D3E-LeaderElection13
2022-11-04 13:16:46,927 [0dd4671e-e5ba-49c8-8afe-be056577c247@group-D3D5B8692D3E-LeaderElection13] INFO  server.RaftServer$Division (RaftServerImpl.java:setRole(321)) - 0dd4671e-e5ba-49c8-8afe-be056577c247@group-D3D5B8692D3E: changes role from CANDIDATE to LEADER at term 1 for changeToLeader
2022-11-04 13:16:46,927 [0dd4671e-e5ba-49c8-8afe-be056577c247@group-D3D5B8692D3E-LeaderElection13] INFO  ratis.XceiverServerRatis (XceiverServerRatis.java:handleLeaderChangedNotification(863)) - Leader change notification received for group: group-D3D5B8692D3E with new leaderId: 0dd4671e-e5ba-49c8-8afe-be056577c247
2022-11-04 13:16:46,927 [0dd4671e-e5ba-49c8-8afe-be056577c247@group-D3D5B8692D3E-LeaderElection13] INFO  server.RaftServer$Division (ServerState.java:setLeader(313)) - 0dd4671e-e5ba-49c8-8afe-be056577c247@group-D3D5B8692D3E: change Leader from null to 0dd4671e-e5ba-49c8-8afe-be056577c247 at term 1 for becomeLeader, leader elected after 5100ms
2022-11-04 13:16:46,927 [0dd4671e-e5ba-49c8-8afe-be056577c247@group-D3D5B8692D3E-LeaderElection13] INFO  server.RaftServerConfigKeys (ConfUtils.java:logGet(46)) - raft.server.staging.catchup.gap = 1000 (default)
2022-11-04 13:16:46,927 [0dd4671e-e5ba-49c8-8afe-be056577c247@group-D3D5B8692D3E-LeaderElection13] INFO  server.RaftServerConfigKeys (ConfUtils.java:logGet(46)) - raft.server.write.element-limit = 1024 (custom)
2022-11-04 13:16:46,927 [0dd4671e-e5ba-49c8-8afe-be056577c247@group-D3D5B8692D3E-LeaderElection13] INFO  server.RaftServerConfigKeys (ConfUtils.java:logGet(46)) - raft.server.write.byte-limit = 1024 M (=1073741824) (custom)
2022-11-04 13:16:46,927 [0dd4671e-e5ba-49c8-8afe-be056577c247@group-D3D5B8692D3E-LeaderElection13] INFO  server.RaftServerConfigKeys (ConfUtils.java:logGet(46)) - raft.server.watch.timeout = 180s (custom)
2022-11-04 13:16:46,928 [0dd4671e-e5ba-49c8-8afe-be056577c247@group-D3D5B8692D3E-LeaderElection13] INFO  server.RaftServerConfigKeys (ConfUtils.java:logGet(46)) - raft.server.watch.timeout.denomination = 1s (default)
2022-11-04 13:16:46,928 [0dd4671e-e5ba-49c8-8afe-be056577c247@group-D3D5B8692D3E-LeaderElection13] INFO  server.RaftServerConfigKeys (ConfUtils.java:logGet(46)) - raft.server.watch.element-limit = 65536 (default)
2022-11-04 13:16:46,928 [0dd4671e-e5ba-49c8-8afe-be056577c247@group-D3D5B8692D3E-LeaderElection13] INFO  server.RaftServerConfigKeys (ConfUtils.java:logGet(46)) - raft.server.write.element-limit = 1024 (custom)
2022-11-04 13:16:46,928 [0dd4671e-e5ba-49c8-8afe-be056577c247@group-D3D5B8692D3E-LeaderElection13] INFO  server.RaftServerConfigKeys (ConfUtils.java:logGet(46)) - raft.server.write.follower.gap.ratio.max = -1.0 (default)
2022-11-04 13:16:46,928 [0dd4671e-e5ba-49c8-8afe-be056577c247@group-D3D5B8692D3E-LeaderElection13] INFO  impl.RoleInfo (RoleInfo.java:updateAndGet(139)) - 0dd4671e-e5ba-49c8-8afe-be056577c247: start 0dd4671e-e5ba-49c8-8afe-be056577c247@group-D3D5B8692D3E-LeaderStateImpl
2022-11-04 13:16:46,928 [0dd4671e-e5ba-49c8-8afe-be056577c247@group-D3D5B8692D3E-LeaderElection13] INFO  segmented.SegmentedRaftLogWorker (SegmentedRaftLogWorker.java:startLogSegment(452)) - 0dd4671e-e5ba-49c8-8afe-be056577c247@group-D3D5B8692D3E-SegmentedRaftLogWorker: Starting segment from index:0
2022-11-04 13:16:46,929 [EventQueue-OpenPipelineForHealthyPipelineSafeModeRule] INFO  safemode.SCMSafeModeManager (HealthyPipelineSafeModeRule.java:process(137)) - SCM in safe mode. Healthy pipelines reported count is 0, required healthy pipeline reported count is 1
2022-11-04 13:16:46,930 [0dd4671e-e5ba-49c8-8afe-be056577c247@group-D3D5B8692D3E-SegmentedRaftLogWorker] INFO  segmented.SegmentedRaftLogWorker (SegmentedRaftLogWorker.java:execute(656)) - 0dd4671e-e5ba-49c8-8afe-be056577c247@group-D3D5B8692D3E-SegmentedRaftLogWorker: created new log segment /home/runner/work/ozone/ozone/hadoop-ozone/integration-test/target/test-dir/MiniOzoneClusterImpl-0c0bfa66-1f5b-4f11-9fe6-cbebe0503434/datanode-6/data/ratis/297006e3-55a6-4fb8-8f28-d3d5b8692d3e/current/log_inprogress_0
2022-11-04 13:16:46,930 [0dd4671e-e5ba-49c8-8afe-be056577c247@group-D3D5B8692D3E-LeaderElection13] INFO  server.RaftServer$Division (ServerState.java:setRaftConf(430)) - 0dd4671e-e5ba-49c8-8afe-be056577c247@group-D3D5B8692D3E: set configuration 0: peers:[0dd4671e-e5ba-49c8-8afe-be056577c247|rpc:10.1.1.104:32843|dataStream:|priority:1|startupRole:FOLLOWER]|listeners:[], old=null
2022-11-04 13:16:46,935 [0dd4671e-e5ba-49c8-8afe-be056577c247@group-204990BD3269-FollowerState] INFO  impl.FollowerState (FollowerState.java:run(143)) - 0dd4671e-e5ba-49c8-8afe-be056577c247@group-204990BD3269-FollowerState: change to CANDIDATE, lastRpcElapsedTime:5062904232ns, electionTimeout:5059ms
2022-11-04 13:16:46,935 [0dd4671e-e5ba-49c8-8afe-be056577c247@group-204990BD3269-FollowerState] INFO  impl.RoleInfo (RoleInfo.java:shutdownFollowerState(110)) - 0dd4671e-e5ba-49c8-8afe-be056577c247: shutdown 0dd4671e-e5ba-49c8-8afe-be056577c247@group-204990BD3269-FollowerState
2022-11-04 13:16:46,935 [0dd4671e-e5ba-49c8-8afe-be056577c247@group-204990BD3269-FollowerState] INFO  server.RaftServer$Division (RaftServerImpl.java:setRole(321)) - 0dd4671e-e5ba-49c8-8afe-be056577c247@group-204990BD3269: changes role from  FOLLOWER to CANDIDATE at term 0 for changeToCandidate
2022-11-04 13:16:46,935 [0dd4671e-e5ba-49c8-8afe-be056577c247@group-204990BD3269-FollowerState] INFO  server.RaftServerConfigKeys (ConfUtils.java:logGet(46)) - raft.server.leaderelection.pre-vote = false (custom)
2022-11-04 13:16:46,935 [0dd4671e-e5ba-49c8-8afe-be056577c247@group-204990BD3269-FollowerState] INFO  impl.RoleInfo (RoleInfo.java:updateAndGet(139)) - 0dd4671e-e5ba-49c8-8afe-be056577c247: start 0dd4671e-e5ba-49c8-8afe-be056577c247@group-204990BD3269-LeaderElection14
2022-11-04 13:16:46,937 [0dd4671e-e5ba-49c8-8afe-be056577c247@group-204990BD3269-LeaderElection14] INFO  impl.LeaderElection (LeaderElection.java:askForVotes(312)) - 0dd4671e-e5ba-49c8-8afe-be056577c247@group-204990BD3269-LeaderElection14 ELECTION round 0: submit vote requests at term 1 for -1: peers:[c32434d6-2497-484c-95de-45f9e03d5624|rpc:10.1.1.104:38331|priority:0|startupRole:FOLLOWER, 0dd4671e-e5ba-49c8-8afe-be056577c247|rpc:10.1.1.104:32843|priority:1|startupRole:FOLLOWER, 5b5b9152-5d2c-4522-9940-e93bc8d8546d|rpc:10.1.1.104:42221|priority:0|startupRole:FOLLOWER]|listeners:[], old=null
2022-11-04 13:16:46,937 [0dd4671e-e5ba-49c8-8afe-be056577c247@group-204990BD3269-LeaderElection14-1] INFO  server.GrpcServerProtocolClient (GrpcServerProtocolClient.java:<init>(63)) - Build channel for c32434d6-2497-484c-95de-45f9e03d5624
2022-11-04 13:16:46,944 [0dd4671e-e5ba-49c8-8afe-be056577c247@group-204990BD3269-LeaderElection14] INFO  server.RaftServerConfigKeys (ConfUtils.java:logFallback(53)) - raft.server.rpc.first-election.timeout.min = 5s (fallback to raft.server.rpc.timeout.min)
2022-11-04 13:16:46,944 [0dd4671e-e5ba-49c8-8afe-be056577c247@group-204990BD3269-LeaderElection14] INFO  server.RaftServerConfigKeys (ConfUtils.java:logFallback(53)) - raft.server.rpc.first-election.timeout.max = 5200ms (fallback to raft.server.rpc.timeout.max)
2022-11-04 13:16:46,945 [0dd4671e-e5ba-49c8-8afe-be056577c247@group-204990BD3269-LeaderElection14-2] INFO  server.GrpcServerProtocolClient (GrpcServerProtocolClient.java:<init>(63)) - Build channel for 5b5b9152-5d2c-4522-9940-e93bc8d8546d
2022-11-04 13:16:46,951 [grpc-default-executor-0] INFO  server.RaftServer$Division (RaftServerImpl.java:requestVote(1218)) - c32434d6-2497-484c-95de-45f9e03d5624@group-204990BD3269: receive requestVote(ELECTION, 0dd4671e-e5ba-49c8-8afe-be056577c247, group-204990BD3269, 1, (t:0, i:0))
2022-11-04 13:16:46,951 [grpc-default-executor-0] INFO  impl.VoteContext (VoteContext.java:log(48)) - c32434d6-2497-484c-95de-45f9e03d5624@group-204990BD3269-FOLLOWER: accept ELECTION from 0dd4671e-e5ba-49c8-8afe-be056577c247: our priority 0 <= candidate's priority 1
2022-11-04 13:16:46,951 [grpc-default-executor-0] INFO  server.RaftServer$Division (RaftServerImpl.java:setRole(321)) - c32434d6-2497-484c-95de-45f9e03d5624@group-204990BD3269: changes role from  FOLLOWER to FOLLOWER at term 1 for candidate:0dd4671e-e5ba-49c8-8afe-be056577c247
2022-11-04 13:16:46,951 [grpc-default-executor-0] INFO  impl.RoleInfo (RoleInfo.java:shutdownFollowerState(110)) - c32434d6-2497-484c-95de-45f9e03d5624: shutdown c32434d6-2497-484c-95de-45f9e03d5624@group-204990BD3269-FollowerState
2022-11-04 13:16:46,951 [grpc-default-executor-0] INFO  impl.RoleInfo (RoleInfo.java:updateAndGet(139)) - c32434d6-2497-484c-95de-45f9e03d5624: start c32434d6-2497-484c-95de-45f9e03d5624@group-204990BD3269-FollowerState
2022-11-04 13:16:46,951 [c32434d6-2497-484c-95de-45f9e03d5624@group-204990BD3269-FollowerState] INFO  impl.FollowerState (FollowerState.java:run(152)) - c32434d6-2497-484c-95de-45f9e03d5624@group-204990BD3269-FollowerState was interrupted
2022-11-04 13:16:46,967 [c32434d6-2497-484c-95de-45f9e03d5624@group-204990BD3269-FollowerState] INFO  server.RaftServerConfigKeys (ConfUtils.java:logFallback(53)) - raft.server.rpc.first-election.timeout.min = 5s (fallback to raft.server.rpc.timeout.min)
2022-11-04 13:16:46,967 [grpc-default-executor-1] INFO  server.RaftServer$Division (RaftServerImpl.java:requestVote(1218)) - 5b5b9152-5d2c-4522-9940-e93bc8d8546d@group-204990BD3269: receive requestVote(ELECTION, 0dd4671e-e5ba-49c8-8afe-be056577c247, group-204990BD3269, 1, (t:0, i:0))
2022-11-04 13:16:46,967 [grpc-default-executor-1] INFO  impl.VoteContext (VoteContext.java:log(48)) - 5b5b9152-5d2c-4522-9940-e93bc8d8546d@group-204990BD3269-FOLLOWER: accept ELECTION from 0dd4671e-e5ba-49c8-8afe-be056577c247: our priority 0 <= candidate's priority 1
2022-11-04 13:16:46,967 [grpc-default-executor-1] INFO  server.RaftServer$Division (RaftServerImpl.java:setRole(321)) - 5b5b9152-5d2c-4522-9940-e93bc8d8546d@group-204990BD3269: changes role from  FOLLOWER to FOLLOWER at term 1 for candidate:0dd4671e-e5ba-49c8-8afe-be056577c247
2022-11-04 13:16:46,967 [grpc-default-executor-1] INFO  impl.RoleInfo (RoleInfo.java:shutdownFollowerState(110)) - 5b5b9152-5d2c-4522-9940-e93bc8d8546d: shutdown 5b5b9152-5d2c-4522-9940-e93bc8d8546d@group-204990BD3269-FollowerState
2022-11-04 13:16:46,967 [grpc-default-executor-1] INFO  impl.RoleInfo (RoleInfo.java:updateAndGet(139)) - 5b5b9152-5d2c-4522-9940-e93bc8d8546d: start 5b5b9152-5d2c-4522-9940-e93bc8d8546d@group-204990BD3269-FollowerState
2022-11-04 13:16:46,967 [5b5b9152-5d2c-4522-9940-e93bc8d8546d@group-204990BD3269-FollowerState] INFO  impl.FollowerState (FollowerState.java:run(152)) - 5b5b9152-5d2c-4522-9940-e93bc8d8546d@group-204990BD3269-FollowerState was interrupted
2022-11-04 13:16:46,967 [c32434d6-2497-484c-95de-45f9e03d5624@group-204990BD3269-FollowerState] INFO  server.RaftServerConfigKeys (ConfUtils.java:logFallback(53)) - raft.server.rpc.first-election.timeout.max = 5200ms (fallback to raft.server.rpc.timeout.max)
2022-11-04 13:16:46,968 [grpc-default-executor-0] INFO  server.RaftServer$Division (RaftServerImpl.java:requestVote(1251)) - c32434d6-2497-484c-95de-45f9e03d5624@group-204990BD3269 replies to ELECTION vote request: 0dd4671e-e5ba-49c8-8afe-be056577c247<-c32434d6-2497-484c-95de-45f9e03d5624#0:OK-t1. Peer's state: c32434d6-2497-484c-95de-45f9e03d5624@group-204990BD3269:t1, leader=null, voted=0dd4671e-e5ba-49c8-8afe-be056577c247, raftlog=Memoized:c32434d6-2497-484c-95de-45f9e03d5624@group-204990BD3269-SegmentedRaftLog:OPENED:c-1, conf=-1: peers:[c32434d6-2497-484c-95de-45f9e03d5624|rpc:10.1.1.104:38331|dataStream:|priority:0|startupRole:FOLLOWER, 0dd4671e-e5ba-49c8-8afe-be056577c247|rpc:10.1.1.104:32843|dataStream:|priority:1|startupRole:FOLLOWER, 5b5b9152-5d2c-4522-9940-e93bc8d8546d|rpc:10.1.1.104:42221|dataStream:|priority:0|startupRole:FOLLOWER]|listeners:[], old=null
2022-11-04 13:16:46,978 [5b5b9152-5d2c-4522-9940-e93bc8d8546d@group-204990BD3269-FollowerState] INFO  server.RaftServerConfigKeys (ConfUtils.java:logFallback(53)) - raft.server.rpc.first-election.timeout.min = 5s (fallback to raft.server.rpc.timeout.min)
2022-11-04 13:16:46,978 [5b5b9152-5d2c-4522-9940-e93bc8d8546d@group-204990BD3269-FollowerState] INFO  server.RaftServerConfigKeys (ConfUtils.java:logFallback(53)) - raft.server.rpc.first-election.timeout.max = 5200ms (fallback to raft.server.rpc.timeout.max)
2022-11-04 13:16:46,978 [grpc-default-executor-1] INFO  server.RaftServer$Division (RaftServerImpl.java:requestVote(1251)) - 5b5b9152-5d2c-4522-9940-e93bc8d8546d@group-204990BD3269 replies to ELECTION vote request: 0dd4671e-e5ba-49c8-8afe-be056577c247<-5b5b9152-5d2c-4522-9940-e93bc8d8546d#0:OK-t1. Peer's state: 5b5b9152-5d2c-4522-9940-e93bc8d8546d@group-204990BD3269:t1, leader=null, voted=0dd4671e-e5ba-49c8-8afe-be056577c247, raftlog=Memoized:5b5b9152-5d2c-4522-9940-e93bc8d8546d@group-204990BD3269-SegmentedRaftLog:OPENED:c-1, conf=-1: peers:[c32434d6-2497-484c-95de-45f9e03d5624|rpc:10.1.1.104:38331|dataStream:|priority:0|startupRole:FOLLOWER, 0dd4671e-e5ba-49c8-8afe-be056577c247|rpc:10.1.1.104:32843|dataStream:|priority:1|startupRole:FOLLOWER, 5b5b9152-5d2c-4522-9940-e93bc8d8546d|rpc:10.1.1.104:42221|dataStream:|priority:0|startupRole:FOLLOWER]|listeners:[], old=null
2022-11-04 13:16:46,981 [0dd4671e-e5ba-49c8-8afe-be056577c247@group-204990BD3269-LeaderElection14] INFO  impl.LeaderElection (LeaderElection.java:logAndReturn(90)) - 0dd4671e-e5ba-49c8-8afe-be056577c247@group-204990BD3269-LeaderElection14: ELECTION PASSED received 1 response(s) and 0 exception(s):
2022-11-04 13:16:46,981 [0dd4671e-e5ba-49c8-8afe-be056577c247@group-204990BD3269-LeaderElection14] INFO  impl.LeaderElection (LeaderElection.java:logAndReturn(94)) -   Response 0: 0dd4671e-e5ba-49c8-8afe-be056577c247<-5b5b9152-5d2c-4522-9940-e93bc8d8546d#0:OK-t1
2022-11-04 13:16:46,982 [0dd4671e-e5ba-49c8-8afe-be056577c247@group-204990BD3269-LeaderElection14] INFO  impl.LeaderElection (LeaderElection.java:askForVotes(314)) - 0dd4671e-e5ba-49c8-8afe-be056577c247@group-204990BD3269-LeaderElection14 ELECTION round 0: result PASSED
2022-11-04 13:16:46,982 [0dd4671e-e5ba-49c8-8afe-be056577c247@group-204990BD3269-LeaderElection14] INFO  impl.RoleInfo (RoleInfo.java:shutdownLeaderElection(130)) - 0dd4671e-e5ba-49c8-8afe-be056577c247: shutdown 0dd4671e-e5ba-49c8-8afe-be056577c247@group-204990BD3269-LeaderElection14
2022-11-04 13:16:46,982 [0dd4671e-e5ba-49c8-8afe-be056577c247@group-204990BD3269-LeaderElection14] INFO  server.RaftServer$Division (RaftServerImpl.java:setRole(321)) - 0dd4671e-e5ba-49c8-8afe-be056577c247@group-204990BD3269: changes role from CANDIDATE to LEADER at term 1 for changeToLeader
2022-11-04 13:16:46,982 [0dd4671e-e5ba-49c8-8afe-be056577c247@group-204990BD3269-LeaderElection14] INFO  ratis.XceiverServerRatis (XceiverServerRatis.java:handleLeaderChangedNotification(863)) - Leader change notification received for group: group-204990BD3269 with new leaderId: 0dd4671e-e5ba-49c8-8afe-be056577c247
2022-11-04 13:16:46,982 [0dd4671e-e5ba-49c8-8afe-be056577c247@group-204990BD3269-LeaderElection14] INFO  server.RaftServer$Division (ServerState.java:setLeader(313)) - 0dd4671e-e5ba-49c8-8afe-be056577c247@group-204990BD3269: change Leader from null to 0dd4671e-e5ba-49c8-8afe-be056577c247 at term 1 for becomeLeader, leader elected after 5125ms
2022-11-04 13:16:46,982 [0dd4671e-e5ba-49c8-8afe-be056577c247@group-204990BD3269-LeaderElection14] INFO  server.RaftServerConfigKeys (ConfUtils.java:logGet(46)) - raft.server.staging.catchup.gap = 1000 (default)
2022-11-04 13:16:46,982 [0dd4671e-e5ba-49c8-8afe-be056577c247@group-204990BD3269-LeaderElection14] INFO  server.RaftServerConfigKeys (ConfUtils.java:logGet(46)) - raft.server.write.element-limit = 1024 (custom)
2022-11-04 13:16:46,982 [0dd4671e-e5ba-49c8-8afe-be056577c247@group-204990BD3269-LeaderElection14] INFO  server.RaftServerConfigKeys (ConfUtils.java:logGet(46)) - raft.server.write.byte-limit = 1024 M (=1073741824) (custom)
2022-11-04 13:16:46,982 [0dd4671e-e5ba-49c8-8afe-be056577c247@group-204990BD3269-LeaderElection14] INFO  server.RaftServerConfigKeys (ConfUtils.java:logGet(46)) - raft.server.watch.timeout = 180s (custom)
2022-11-04 13:16:46,983 [0dd4671e-e5ba-49c8-8afe-be056577c247@group-204990BD3269-LeaderElection14] INFO  server.RaftServerConfigKeys (ConfUtils.java:logGet(46)) - raft.server.watch.timeout.denomination = 1s (default)
2022-11-04 13:16:46,983 [0dd4671e-e5ba-49c8-8afe-be056577c247@group-204990BD3269-LeaderElection14] INFO  server.RaftServerConfigKeys (ConfUtils.java:logGet(46)) - raft.server.watch.element-limit = 65536 (default)
2022-11-04 13:16:46,983 [0dd4671e-e5ba-49c8-8afe-be056577c247@group-204990BD3269-LeaderElection14] INFO  server.RaftServerConfigKeys (ConfUtils.java:logGet(46)) - raft.server.write.element-limit = 1024 (custom)
2022-11-04 13:16:46,983 [0dd4671e-e5ba-49c8-8afe-be056577c247@group-204990BD3269-LeaderElection14] INFO  server.RaftServerConfigKeys (ConfUtils.java:logGet(46)) - raft.server.write.follower.gap.ratio.max = -1.0 (default)
2022-11-04 13:16:46,984 [EventQueue-PipelineReportForPipelineReportHandler] INFO  pipeline.PipelineManagerImpl (PipelineManagerImpl.java:openPipeline(367)) - Pipeline Pipeline[ Id: 88eee1e1-fcc8-4f36-800d-204990bd3269, Nodes: 0dd4671e-e5ba-49c8-8afe-be056577c247{ip: 10.1.1.104, host: fv-az443-313.ap2fcshprsnunfx25e1aelzb4b.cx.internal.cloudapp.net, ports: [REPLICATION=36307, RATIS=32843, RATIS_ADMIN=32843, RATIS_SERVER=32843, STANDALONE=33921], networkLocation: /default-rack, certSerialId: null, persistedOpState: IN_SERVICE, persistedOpStateExpiryEpochSec: 0}c32434d6-2497-484c-95de-45f9e03d5624{ip: 10.1.1.104, host: fv-az443-313.ap2fcshprsnunfx25e1aelzb4b.cx.internal.cloudapp.net, ports: [REPLICATION=36169, RATIS=38331, RATIS_ADMIN=38331, RATIS_SERVER=38331, STANDALONE=36231], networkLocation: /default-rack, certSerialId: null, persistedOpState: IN_SERVICE, persistedOpStateExpiryEpochSec: 0}5b5b9152-5d2c-4522-9940-e93bc8d8546d{ip: 10.1.1.104, host: fv-az443-313.ap2fcshprsnunfx25e1aelzb4b.cx.internal.cloudapp.net, ports: [REPLICATION=43113, RATIS=42221, RATIS_ADMIN=42221, RATIS_SERVER=42221, STANDALONE=40779], networkLocation: /default-rack, certSerialId: null, persistedOpState: IN_SERVICE, persistedOpStateExpiryEpochSec: 0}, ReplicationConfig: RATIS/THREE, State:ALLOCATED, leaderId:0dd4671e-e5ba-49c8-8afe-be056577c247, CreationTimestamp2022-11-04T13:16:39.700Z[Etc/UTC]] moved to OPEN state
2022-11-04 13:16:46,984 [EventQueue-OpenPipelineForHealthyPipelineSafeModeRule] INFO  safemode.SCMSafeModeManager (HealthyPipelineSafeModeRule.java:process(137)) - SCM in safe mode. Healthy pipelines reported count is 1, required healthy pipeline reported count is 1
2022-11-04 13:16:46,985 [EventQueue-OpenPipelineForHealthyPipelineSafeModeRule] INFO  safemode.SCMSafeModeManager (SCMSafeModeManager.java:validateSafeModeExitRules(204)) - HealthyPipelineSafeModeRule rule is successfully validated
2022-11-04 13:16:46,986 [EventQueue-OpenPipelineForHealthyPipelineSafeModeRule] INFO  safemode.SCMSafeModeManager (SCMSafeModeManager.java:validateSafeModeExitRules(219)) - ScmSafeModeManager, all rules are successfully validated
2022-11-04 13:16:46,986 [EventQueue-OpenPipelineForHealthyPipelineSafeModeRule] INFO  safemode.SCMSafeModeManager (SCMSafeModeManager.java:exitSafeMode(248)) - SCM exiting safe mode.
2022-11-04 13:16:46,986 [EventQueue-OpenPipelineForHealthyPipelineSafeModeRule] WARN  events.EventQueue (EventQueue.java:fireEvent(216)) - No event handler registered for event TypedEvent{payloadType=SafeModeStatus, name='Safe mode status'}
2022-11-04 13:16:46,986 [EventQueue-OpenPipelineForHealthyPipelineSafeModeRule] INFO  ha.SCMContext (SCMContext.java:updateSafeModeStatus(228)) - Update SafeModeStatus from SafeModeStatus{safeModeStatus=true, preCheckPassed=true} to SafeModeStatus{safeModeStatus=false, preCheckPassed=true}.
2022-11-04 13:16:46,986 [EventQueue-OpenPipelineForHealthyPipelineSafeModeRule] INFO  pipeline.BackgroundPipelineCreator (BackgroundPipelineCreator.java:notifyStatusChanged(254)) - Service BackgroundPipelineCreator transitions to RUNNING.
2022-11-04 13:16:46,986 [EventQueue-OpenPipelineForHealthyPipelineSafeModeRule] INFO  BackgroundPipelineScrubber (BackgroundSCMService.java:notifyStatusChanged(82)) - Service BackgroundPipelineScrubber transitions to RUNNING.
2022-11-04 13:16:46,986 [EventQueue-OpenPipelineForHealthyPipelineSafeModeRule] INFO  ExpiredContainerReplicaOpScrubber (BackgroundSCMService.java:notifyStatusChanged(82)) - Service ExpiredContainerReplicaOpScrubber transitions to RUNNING.
2022-11-04 13:16:46,986 [EventQueue-OpenPipelineForHealthyPipelineSafeModeRule] INFO  replication.ReplicationManager (ReplicationManager.java:notifyStatusChanged(798)) - Service ReplicationManager transitions to RUNNING.
2022-11-04 13:16:46,989 [EventQueue-OpenPipelineForHealthyPipelineSafeModeRule] WARN  balancer.ContainerBalancer (ContainerBalancer.java:shouldRun(131)) - Could not find persisted configuration for ContainerBalancer when checking if ContainerBalancer should run. ContainerBalancer should not run now.
2022-11-04 13:16:46,998 [0dd4671e-e5ba-49c8-8afe-be056577c247@group-204990BD3269-LeaderElection14] INFO  server.RaftServerConfigKeys (ConfUtils.java:logGet(46)) - raft.server.log.appender.snapshot.chunk.size.max = 16MB (=16777216) (default)
2022-11-04 13:16:46,998 [0dd4671e-e5ba-49c8-8afe-be056577c247@group-204990BD3269-LeaderElection14] INFO  server.RaftServerConfigKeys (ConfUtils.java:logGet(46)) - raft.server.log.appender.buffer.byte-limit = 33554432 (custom)
2022-11-04 13:16:46,998 [0dd4671e-e5ba-49c8-8afe-be056577c247@group-204990BD3269-LeaderElection14] INFO  server.RaftServerConfigKeys (ConfUtils.java:logGet(46)) - raft.server.log.appender.buffer.element-limit = 1 (custom)
2022-11-04 13:16:47,001 [0dd4671e-e5ba-49c8-8afe-be056577c247@group-204990BD3269-LeaderElection14] INFO  grpc.GrpcConfigKeys (ConfUtils.java:logGet(46)) - raft.grpc.server.leader.outstanding.appends.max = 128 (default)
2022-11-04 13:16:47,001 [0dd4671e-e5ba-49c8-8afe-be056577c247@group-204990BD3269-LeaderElection14] INFO  server.RaftServerConfigKeys (ConfUtils.java:logGet(46)) - raft.server.rpc.request.timeout = 60s (custom)
2022-11-04 13:16:47,001 [0dd4671e-e5ba-49c8-8afe-be056577c247@group-204990BD3269-LeaderElection14] INFO  server.RaftServerConfigKeys (ConfUtils.java:logGet(46)) - raft.server.log.appender.install.snapshot.enabled = false (custom)
2022-11-04 13:16:47,001 [0dd4671e-e5ba-49c8-8afe-be056577c247@group-204990BD3269-LeaderElection14] INFO  grpc.GrpcConfigKeys (ConfUtils.java:logGet(46)) - raft.grpc.server.heartbeat.channel = true (default)
2022-11-04 13:16:47,002 [0dd4671e-e5ba-49c8-8afe-be056577c247@group-204990BD3269-LeaderElection14] INFO  server.RaftServerConfigKeys (ConfUtils.java:logGet(46)) - raft.server.log.appender.wait-time.min = 10ms (default)
2022-11-04 13:16:47,006 [0dd4671e-e5ba-49c8-8afe-be056577c247@group-204990BD3269-LeaderElection14] INFO  server.RaftServerConfigKeys (ConfUtils.java:logGet(46)) - raft.server.log.appender.snapshot.chunk.size.max = 16MB (=16777216) (default)
2022-11-04 13:16:47,006 [0dd4671e-e5ba-49c8-8afe-be056577c247@group-204990BD3269-LeaderElection14] INFO  server.RaftServerConfigKeys (ConfUtils.java:logGet(46)) - raft.server.log.appender.buffer.byte-limit = 33554432 (custom)
2022-11-04 13:16:47,006 [0dd4671e-e5ba-49c8-8afe-be056577c247@group-204990BD3269-LeaderElection14] INFO  server.RaftServerConfigKeys (ConfUtils.java:logGet(46)) - raft.server.log.appender.buffer.element-limit = 1 (custom)
2022-11-04 13:16:47,006 [0dd4671e-e5ba-49c8-8afe-be056577c247@group-204990BD3269-LeaderElection14] INFO  grpc.GrpcConfigKeys (ConfUtils.java:logGet(46)) - raft.grpc.server.leader.outstanding.appends.max = 128 (default)
2022-11-04 13:16:47,006 [0dd4671e-e5ba-49c8-8afe-be056577c247@group-204990BD3269-LeaderElection14] INFO  server.RaftServerConfigKeys (ConfUtils.java:logGet(46)) - raft.server.rpc.request.timeout = 60s (custom)
2022-11-04 13:16:47,006 [0dd4671e-e5ba-49c8-8afe-be056577c247@group-204990BD3269-LeaderElection14] INFO  server.RaftServerConfigKeys (ConfUtils.java:logGet(46)) - raft.server.log.appender.install.snapshot.enabled = false (custom)
2022-11-04 13:16:47,006 [0dd4671e-e5ba-49c8-8afe-be056577c247@group-204990BD3269-LeaderElection14] INFO  grpc.GrpcConfigKeys (ConfUtils.java:logGet(46)) - raft.grpc.server.heartbeat.channel = true (default)
2022-11-04 13:16:47,006 [0dd4671e-e5ba-49c8-8afe-be056577c247@group-204990BD3269-LeaderElection14] INFO  server.RaftServerConfigKeys (ConfUtils.java:logGet(46)) - raft.server.log.appender.wait-time.min = 10ms (default)
2022-11-04 13:16:47,007 [0dd4671e-e5ba-49c8-8afe-be056577c247@group-204990BD3269-LeaderElection14] INFO  impl.RoleInfo (RoleInfo.java:updateAndGet(139)) - 0dd4671e-e5ba-49c8-8afe-be056577c247: start 0dd4671e-e5ba-49c8-8afe-be056577c247@group-204990BD3269-LeaderStateImpl
2022-11-04 13:16:47,007 [0dd4671e-e5ba-49c8-8afe-be056577c247@group-204990BD3269-LeaderElection14] INFO  segmented.SegmentedRaftLogWorker (SegmentedRaftLogWorker.java:startLogSegment(452)) - 0dd4671e-e5ba-49c8-8afe-be056577c247@group-204990BD3269-SegmentedRaftLogWorker: Starting segment from index:0
2022-11-04 13:16:47,009 [0dd4671e-e5ba-49c8-8afe-be056577c247@group-204990BD3269-SegmentedRaftLogWorker] INFO  segmented.SegmentedRaftLogWorker (SegmentedRaftLogWorker.java:execute(656)) - 0dd4671e-e5ba-49c8-8afe-be056577c247@group-204990BD3269-SegmentedRaftLogWorker: created new log segment /home/runner/work/ozone/ozone/hadoop-ozone/integration-test/target/test-dir/MiniOzoneClusterImpl-0c0bfa66-1f5b-4f11-9fe6-cbebe0503434/datanode-6/data/ratis/88eee1e1-fcc8-4f36-800d-204990bd3269/current/log_inprogress_0
2022-11-04 13:16:47,040 [0dd4671e-e5ba-49c8-8afe-be056577c247@group-204990BD3269-LeaderElection14] INFO  server.RaftServer$Division (ServerState.java:setRaftConf(430)) - 0dd4671e-e5ba-49c8-8afe-be056577c247@group-204990BD3269: set configuration 0: peers:[c32434d6-2497-484c-95de-45f9e03d5624|rpc:10.1.1.104:38331|dataStream:|priority:0|startupRole:FOLLOWER, 0dd4671e-e5ba-49c8-8afe-be056577c247|rpc:10.1.1.104:32843|dataStream:|priority:1|startupRole:FOLLOWER, 5b5b9152-5d2c-4522-9940-e93bc8d8546d|rpc:10.1.1.104:42221|dataStream:|priority:0|startupRole:FOLLOWER]|listeners:[], old=null
2022-11-04 13:16:47,041 [Listener at 127.0.0.1/35095] INFO  ozone.MiniOzoneClusterImpl (MiniOzoneClusterImpl.java:lambda$waitForClusterToBeReady$0(216)) - Nodes are ready. Got 10 of 10 DN Heartbeats.
2022-11-04 13:16:47,041 [Listener at 127.0.0.1/35095] INFO  ozone.MiniOzoneClusterImpl (MiniOzoneClusterImpl.java:lambda$waitForClusterToBeReady$0(219)) - Cluster exits safe mode
2022-11-04 13:16:47,041 [Listener at 127.0.0.1/35095] INFO  ozone.MiniOzoneClusterImpl (MiniOzoneClusterImpl.java:lambda$waitForClusterToBeReady$0(221)) - SCM became leader
2022-11-04 13:16:47,060 [5b5b9152-5d2c-4522-9940-e93bc8d8546d@group-3134A2B79DBE-FollowerState] INFO  impl.FollowerState (FollowerState.java:run(143)) - 5b5b9152-5d2c-4522-9940-e93bc8d8546d@group-3134A2B79DBE-FollowerState: change to CANDIDATE, lastRpcElapsedTime:5053102417ns, electionTimeout:5046ms
2022-11-04 13:16:47,060 [5b5b9152-5d2c-4522-9940-e93bc8d8546d@group-3134A2B79DBE-FollowerState] INFO  impl.RoleInfo (RoleInfo.java:shutdownFollowerState(110)) - 5b5b9152-5d2c-4522-9940-e93bc8d8546d: shutdown 5b5b9152-5d2c-4522-9940-e93bc8d8546d@group-3134A2B79DBE-FollowerState
2022-11-04 13:16:47,060 [5b5b9152-5d2c-4522-9940-e93bc8d8546d@group-3134A2B79DBE-FollowerState] INFO  server.RaftServer$Division (RaftServerImpl.java:setRole(321)) - 5b5b9152-5d2c-4522-9940-e93bc8d8546d@group-3134A2B79DBE: changes role from  FOLLOWER to CANDIDATE at term 0 for changeToCandidate
2022-11-04 13:16:47,063 [5b5b9152-5d2c-4522-9940-e93bc8d8546d@group-3134A2B79DBE-FollowerState] INFO  server.RaftServerConfigKeys (ConfUtils.java:logGet(46)) - raft.server.leaderelection.pre-vote = false (custom)
2022-11-04 13:16:47,063 [5b5b9152-5d2c-4522-9940-e93bc8d8546d@group-3134A2B79DBE-FollowerState] INFO  impl.RoleInfo (RoleInfo.java:updateAndGet(139)) - 5b5b9152-5d2c-4522-9940-e93bc8d8546d: start 5b5b9152-5d2c-4522-9940-e93bc8d8546d@group-3134A2B79DBE-LeaderElection15
2022-11-04 13:16:47,077 [5b5b9152-5d2c-4522-9940-e93bc8d8546d@group-3134A2B79DBE-LeaderElection15] INFO  impl.LeaderElection (LeaderElection.java:askForVotes(312)) - 5b5b9152-5d2c-4522-9940-e93bc8d8546d@group-3134A2B79DBE-LeaderElection15 ELECTION round 0: submit vote requests at term 1 for -1: peers:[c32434d6-2497-484c-95de-45f9e03d5624|rpc:10.1.1.104:38331|dataStream:|priority:1|startupRole:FOLLOWER, 0dd4671e-e5ba-49c8-8afe-be056577c247|rpc:10.1.1.104:32843|dataStream:|priority:0|startupRole:FOLLOWER, 5b5b9152-5d2c-4522-9940-e93bc8d8546d|rpc:10.1.1.104:42221|dataStream:|priority:0|startupRole:FOLLOWER]|listeners:[], old=null
2022-11-04 13:16:47,078 [5b5b9152-5d2c-4522-9940-e93bc8d8546d@group-3134A2B79DBE-LeaderElection15-1] INFO  server.GrpcServerProtocolClient (GrpcServerProtocolClient.java:<init>(63)) - Build channel for c32434d6-2497-484c-95de-45f9e03d5624
2022-11-04 13:16:47,078 [5b5b9152-5d2c-4522-9940-e93bc8d8546d@group-3134A2B79DBE-LeaderElection15] INFO  server.RaftServerConfigKeys (ConfUtils.java:logFallback(53)) - raft.server.rpc.first-election.timeout.min = 5s (fallback to raft.server.rpc.timeout.min)
2022-11-04 13:16:47,078 [5b5b9152-5d2c-4522-9940-e93bc8d8546d@group-3134A2B79DBE-LeaderElection15] INFO  server.RaftServerConfigKeys (ConfUtils.java:logFallback(53)) - raft.server.rpc.first-election.timeout.max = 5200ms (fallback to raft.server.rpc.timeout.max)
2022-11-04 13:16:47,080 [5b5b9152-5d2c-4522-9940-e93bc8d8546d@group-3134A2B79DBE-LeaderElection15-2] INFO  server.GrpcServerProtocolClient (GrpcServerProtocolClient.java:<init>(63)) - Build channel for 0dd4671e-e5ba-49c8-8afe-be056577c247
2022-11-04 13:16:47,117 [grpc-default-executor-4] INFO  server.RaftServer$Division (RaftServerImpl.java:requestVote(1218)) - 0dd4671e-e5ba-49c8-8afe-be056577c247@group-3134A2B79DBE: receive requestVote(ELECTION, 5b5b9152-5d2c-4522-9940-e93bc8d8546d, group-3134A2B79DBE, 1, (t:0, i:0))
2022-11-04 13:16:47,117 [grpc-default-executor-4] INFO  impl.VoteContext (VoteContext.java:log(48)) - 0dd4671e-e5ba-49c8-8afe-be056577c247@group-3134A2B79DBE-FOLLOWER: accept ELECTION from 5b5b9152-5d2c-4522-9940-e93bc8d8546d: our priority 0 <= candidate's priority 0
2022-11-04 13:16:47,117 [grpc-default-executor-4] INFO  server.RaftServer$Division (RaftServerImpl.java:setRole(321)) - 0dd4671e-e5ba-49c8-8afe-be056577c247@group-3134A2B79DBE: changes role from  FOLLOWER to FOLLOWER at term 1 for candidate:5b5b9152-5d2c-4522-9940-e93bc8d8546d
2022-11-04 13:16:47,117 [grpc-default-executor-4] INFO  impl.RoleInfo (RoleInfo.java:shutdownFollowerState(110)) - 0dd4671e-e5ba-49c8-8afe-be056577c247: shutdown 0dd4671e-e5ba-49c8-8afe-be056577c247@group-3134A2B79DBE-FollowerState
2022-11-04 13:16:47,118 [grpc-default-executor-4] INFO  impl.RoleInfo (RoleInfo.java:updateAndGet(139)) - 0dd4671e-e5ba-49c8-8afe-be056577c247: start 0dd4671e-e5ba-49c8-8afe-be056577c247@group-3134A2B79DBE-FollowerState
2022-11-04 13:16:47,118 [0dd4671e-e5ba-49c8-8afe-be056577c247@group-3134A2B79DBE-FollowerState] INFO  impl.FollowerState (FollowerState.java:run(152)) - 0dd4671e-e5ba-49c8-8afe-be056577c247@group-3134A2B79DBE-FollowerState was interrupted
2022-11-04 13:16:47,136 [grpc-default-executor-4] INFO  server.RaftServer$Division (RaftServerImpl.java:requestVote(1251)) - 0dd4671e-e5ba-49c8-8afe-be056577c247@group-3134A2B79DBE replies to ELECTION vote request: 5b5b9152-5d2c-4522-9940-e93bc8d8546d<-0dd4671e-e5ba-49c8-8afe-be056577c247#0:OK-t1. Peer's state: 0dd4671e-e5ba-49c8-8afe-be056577c247@group-3134A2B79DBE:t1, leader=null, voted=5b5b9152-5d2c-4522-9940-e93bc8d8546d, raftlog=Memoized:0dd4671e-e5ba-49c8-8afe-be056577c247@group-3134A2B79DBE-SegmentedRaftLog:OPENED:c-1, conf=-1: peers:[c32434d6-2497-484c-95de-45f9e03d5624|rpc:10.1.1.104:38331|priority:1|startupRole:FOLLOWER, 0dd4671e-e5ba-49c8-8afe-be056577c247|rpc:10.1.1.104:32843|priority:0|startupRole:FOLLOWER, 5b5b9152-5d2c-4522-9940-e93bc8d8546d|rpc:10.1.1.104:42221|priority:0|startupRole:FOLLOWER]|listeners:[], old=null
2022-11-04 13:16:47,137 [5b5b9152-5d2c-4522-9940-e93bc8d8546d-server-thread1] INFO  ratis.XceiverServerRatis (XceiverServerRatis.java:handleLeaderChangedNotification(863)) - Leader change notification received for group: group-204990BD3269 with new leaderId: 0dd4671e-e5ba-49c8-8afe-be056577c247
2022-11-04 13:16:47,137 [5b5b9152-5d2c-4522-9940-e93bc8d8546d-server-thread1] INFO  server.RaftServer$Division (ServerState.java:setLeader(313)) - 5b5b9152-5d2c-4522-9940-e93bc8d8546d@group-204990BD3269: change Leader from null to 0dd4671e-e5ba-49c8-8afe-be056577c247 at term 1 for appendEntries, leader elected after 5211ms
2022-11-04 13:16:47,145 [c32434d6-2497-484c-95de-45f9e03d5624@group-3134A2B79DBE-FollowerState] INFO  impl.FollowerState (FollowerState.java:run(143)) - c32434d6-2497-484c-95de-45f9e03d5624@group-3134A2B79DBE-FollowerState: change to CANDIDATE, lastRpcElapsedTime:5084600086ns, electionTimeout:5076ms
2022-11-04 13:16:47,145 [c32434d6-2497-484c-95de-45f9e03d5624@group-3134A2B79DBE-FollowerState] INFO  impl.RoleInfo (RoleInfo.java:shutdownFollowerState(110)) - c32434d6-2497-484c-95de-45f9e03d5624: shutdown c32434d6-2497-484c-95de-45f9e03d5624@group-3134A2B79DBE-FollowerState
2022-11-04 13:16:47,145 [c32434d6-2497-484c-95de-45f9e03d5624@group-3134A2B79DBE-FollowerState] INFO  server.RaftServer$Division (RaftServerImpl.java:setRole(321)) - c32434d6-2497-484c-95de-45f9e03d5624@group-3134A2B79DBE: changes role from  FOLLOWER to CANDIDATE at term 0 for changeToCandidate
2022-11-04 13:16:47,146 [c32434d6-2497-484c-95de-45f9e03d5624@group-3134A2B79DBE-FollowerState] INFO  server.RaftServerConfigKeys (ConfUtils.java:logGet(46)) - raft.server.leaderelection.pre-vote = false (custom)
2022-11-04 13:16:47,146 [c32434d6-2497-484c-95de-45f9e03d5624@group-3134A2B79DBE-FollowerState] INFO  impl.RoleInfo (RoleInfo.java:updateAndGet(139)) - c32434d6-2497-484c-95de-45f9e03d5624: start c32434d6-2497-484c-95de-45f9e03d5624@group-3134A2B79DBE-LeaderElection16
2022-11-04 13:16:47,148 [0dd4671e-e5ba-49c8-8afe-be056577c247@group-3134A2B79DBE-FollowerState] INFO  server.RaftServerConfigKeys (ConfUtils.java:logFallback(53)) - raft.server.rpc.first-election.timeout.min = 5s (fallback to raft.server.rpc.timeout.min)
2022-11-04 13:16:47,148 [0dd4671e-e5ba-49c8-8afe-be056577c247@group-3134A2B79DBE-FollowerState] INFO  server.RaftServerConfigKeys (ConfUtils.java:logFallback(53)) - raft.server.rpc.first-election.timeout.max = 5200ms (fallback to raft.server.rpc.timeout.max)
2022-11-04 13:16:47,148 [grpc-default-executor-5] INFO  server.RaftServer$Division (RaftServerImpl.java:requestVote(1218)) - c32434d6-2497-484c-95de-45f9e03d5624@group-3134A2B79DBE: receive requestVote(ELECTION, 5b5b9152-5d2c-4522-9940-e93bc8d8546d, group-3134A2B79DBE, 1, (t:0, i:0))
2022-11-04 13:16:47,151 [c32434d6-2497-484c-95de-45f9e03d5624-server-thread1] INFO  ratis.XceiverServerRatis (XceiverServerRatis.java:handleLeaderChangedNotification(863)) - Leader change notification received for group: group-204990BD3269 with new leaderId: 0dd4671e-e5ba-49c8-8afe-be056577c247
2022-11-04 13:16:47,151 [c32434d6-2497-484c-95de-45f9e03d5624-server-thread1] INFO  server.RaftServer$Division (ServerState.java:setLeader(313)) - c32434d6-2497-484c-95de-45f9e03d5624@group-204990BD3269: change Leader from null to 0dd4671e-e5ba-49c8-8afe-be056577c247 at term 1 for appendEntries, leader elected after 5256ms
2022-11-04 13:16:47,154 [c32434d6-2497-484c-95de-45f9e03d5624-server-thread1] INFO  server.RaftServer$Division (ServerState.java:setRaftConf(430)) - c32434d6-2497-484c-95de-45f9e03d5624@group-204990BD3269: set configuration 0: peers:[c32434d6-2497-484c-95de-45f9e03d5624|rpc:10.1.1.104:38331|dataStream:|priority:0|startupRole:FOLLOWER, 0dd4671e-e5ba-49c8-8afe-be056577c247|rpc:10.1.1.104:32843|dataStream:|priority:1|startupRole:FOLLOWER, 5b5b9152-5d2c-4522-9940-e93bc8d8546d|rpc:10.1.1.104:42221|dataStream:|priority:0|startupRole:FOLLOWER]|listeners:[], old=null
2022-11-04 13:16:47,154 [c32434d6-2497-484c-95de-45f9e03d5624-server-thread1] INFO  segmented.SegmentedRaftLogWorker (SegmentedRaftLogWorker.java:startLogSegment(452)) - c32434d6-2497-484c-95de-45f9e03d5624@group-204990BD3269-SegmentedRaftLogWorker: Starting segment from index:0
2022-11-04 13:16:47,156 [5b5b9152-5d2c-4522-9940-e93bc8d8546d-server-thread1] INFO  server.RaftServer$Division (ServerState.java:setRaftConf(430)) - 5b5b9152-5d2c-4522-9940-e93bc8d8546d@group-204990BD3269: set configuration 0: peers:[c32434d6-2497-484c-95de-45f9e03d5624|rpc:10.1.1.104:38331|dataStream:|priority:0|startupRole:FOLLOWER, 0dd4671e-e5ba-49c8-8afe-be056577c247|rpc:10.1.1.104:32843|dataStream:|priority:1|startupRole:FOLLOWER, 5b5b9152-5d2c-4522-9940-e93bc8d8546d|rpc:10.1.1.104:42221|dataStream:|priority:0|startupRole:FOLLOWER]|listeners:[], old=null
2022-11-04 13:16:47,156 [5b5b9152-5d2c-4522-9940-e93bc8d8546d-server-thread1] INFO  segmented.SegmentedRaftLogWorker (SegmentedRaftLogWorker.java:startLogSegment(452)) - 5b5b9152-5d2c-4522-9940-e93bc8d8546d@group-204990BD3269-SegmentedRaftLogWorker: Starting segment from index:0
2022-11-04 13:16:47,157 [c32434d6-2497-484c-95de-45f9e03d5624@group-204990BD3269-SegmentedRaftLogWorker] INFO  segmented.SegmentedRaftLogWorker (SegmentedRaftLogWorker.java:execute(656)) - c32434d6-2497-484c-95de-45f9e03d5624@group-204990BD3269-SegmentedRaftLogWorker: created new log segment /home/runner/work/ozone/ozone/hadoop-ozone/integration-test/target/test-dir/MiniOzoneClusterImpl-0c0bfa66-1f5b-4f11-9fe6-cbebe0503434/datanode-8/data/ratis/88eee1e1-fcc8-4f36-800d-204990bd3269/current/log_inprogress_0
2022-11-04 13:16:47,158 [grpc-default-executor-5] INFO  impl.VoteContext (VoteContext.java:log(48)) - c32434d6-2497-484c-95de-45f9e03d5624@group-3134A2B79DBE-CANDIDATE: reject ELECTION from 5b5b9152-5d2c-4522-9940-e93bc8d8546d: already has voted for c32434d6-2497-484c-95de-45f9e03d5624 at current term 1
2022-11-04 13:16:47,158 [grpc-default-executor-5] INFO  server.RaftServer$Division (RaftServerImpl.java:requestVote(1251)) - c32434d6-2497-484c-95de-45f9e03d5624@group-3134A2B79DBE replies to ELECTION vote request: 5b5b9152-5d2c-4522-9940-e93bc8d8546d<-c32434d6-2497-484c-95de-45f9e03d5624#0:FAIL-t1. Peer's state: c32434d6-2497-484c-95de-45f9e03d5624@group-3134A2B79DBE:t1, leader=null, voted=c32434d6-2497-484c-95de-45f9e03d5624, raftlog=Memoized:c32434d6-2497-484c-95de-45f9e03d5624@group-3134A2B79DBE-SegmentedRaftLog:OPENED:c-1, conf=-1: peers:[c32434d6-2497-484c-95de-45f9e03d5624|rpc:10.1.1.104:38331|dataStream:|priority:1|startupRole:FOLLOWER, 0dd4671e-e5ba-49c8-8afe-be056577c247|rpc:10.1.1.104:32843|dataStream:|priority:0|startupRole:FOLLOWER, 5b5b9152-5d2c-4522-9940-e93bc8d8546d|rpc:10.1.1.104:42221|dataStream:|priority:0|startupRole:FOLLOWER]|listeners:[], old=null
2022-11-04 13:16:47,158 [5b5b9152-5d2c-4522-9940-e93bc8d8546d@group-204990BD3269-SegmentedRaftLogWorker] INFO  segmented.SegmentedRaftLogWorker (SegmentedRaftLogWorker.java:execute(656)) - 5b5b9152-5d2c-4522-9940-e93bc8d8546d@group-204990BD3269-SegmentedRaftLogWorker: created new log segment /home/runner/work/ozone/ozone/hadoop-ozone/integration-test/target/test-dir/MiniOzoneClusterImpl-0c0bfa66-1f5b-4f11-9fe6-cbebe0503434/datanode-7/data/ratis/88eee1e1-fcc8-4f36-800d-204990bd3269/current/log_inprogress_0
2022-11-04 13:16:47,159 [c32434d6-2497-484c-95de-45f9e03d5624@group-3134A2B79DBE-LeaderElection16] INFO  impl.LeaderElection (LeaderElection.java:askForVotes(312)) - c32434d6-2497-484c-95de-45f9e03d5624@group-3134A2B79DBE-LeaderElection16 ELECTION round 0: submit vote requests at term 1 for -1: peers:[c32434d6-2497-484c-95de-45f9e03d5624|rpc:10.1.1.104:38331|dataStream:|priority:1|startupRole:FOLLOWER, 0dd4671e-e5ba-49c8-8afe-be056577c247|rpc:10.1.1.104:32843|dataStream:|priority:0|startupRole:FOLLOWER, 5b5b9152-5d2c-4522-9940-e93bc8d8546d|rpc:10.1.1.104:42221|dataStream:|priority:0|startupRole:FOLLOWER]|listeners:[], old=null
2022-11-04 13:16:47,160 [c32434d6-2497-484c-95de-45f9e03d5624@group-3134A2B79DBE-LeaderElection16-1] INFO  server.GrpcServerProtocolClient (GrpcServerProtocolClient.java:<init>(63)) - Build channel for 0dd4671e-e5ba-49c8-8afe-be056577c247
2022-11-04 13:16:47,181 [5b5b9152-5d2c-4522-9940-e93bc8d8546d@group-3134A2B79DBE-LeaderElection15] INFO  impl.LeaderElection (LeaderElection.java:logAndReturn(90)) - 5b5b9152-5d2c-4522-9940-e93bc8d8546d@group-3134A2B79DBE-LeaderElection15: ELECTION REJECTED received 2 response(s) and 0 exception(s):
2022-11-04 13:16:47,181 [5b5b9152-5d2c-4522-9940-e93bc8d8546d@group-3134A2B79DBE-LeaderElection15] INFO  impl.LeaderElection (LeaderElection.java:logAndReturn(94)) -   Response 0: 5b5b9152-5d2c-4522-9940-e93bc8d8546d<-c32434d6-2497-484c-95de-45f9e03d5624#0:FAIL-t1
2022-11-04 13:16:47,181 [5b5b9152-5d2c-4522-9940-e93bc8d8546d@group-3134A2B79DBE-LeaderElection15] INFO  impl.LeaderElection (LeaderElection.java:logAndReturn(94)) -   Response 1: 5b5b9152-5d2c-4522-9940-e93bc8d8546d<-0dd4671e-e5ba-49c8-8afe-be056577c247#0:OK-t1
2022-11-04 13:16:47,190 [c32434d6-2497-484c-95de-45f9e03d5624@group-3134A2B79DBE-LeaderElection16] INFO  server.RaftServerConfigKeys (ConfUtils.java:logFallback(53)) - raft.server.rpc.first-election.timeout.min = 5s (fallback to raft.server.rpc.timeout.min)
2022-11-04 13:16:47,190 [c32434d6-2497-484c-95de-45f9e03d5624@group-3134A2B79DBE-LeaderElection16] INFO  server.RaftServerConfigKeys (ConfUtils.java:logFallback(53)) - raft.server.rpc.first-election.timeout.max = 5200ms (fallback to raft.server.rpc.timeout.max)
2022-11-04 13:16:47,190 [5b5b9152-5d2c-4522-9940-e93bc8d8546d@group-3134A2B79DBE-LeaderElection15] INFO  impl.LeaderElection (LeaderElection.java:askForVotes(314)) - 5b5b9152-5d2c-4522-9940-e93bc8d8546d@group-3134A2B79DBE-LeaderElection15 ELECTION round 0: result REJECTED
2022-11-04 13:16:47,190 [5b5b9152-5d2c-4522-9940-e93bc8d8546d@group-3134A2B79DBE-LeaderElection15] INFO  server.RaftServer$Division (RaftServerImpl.java:setRole(321)) - 5b5b9152-5d2c-4522-9940-e93bc8d8546d@group-3134A2B79DBE: changes role from CANDIDATE to FOLLOWER at term 1 for REJECTED
2022-11-04 13:16:47,190 [5b5b9152-5d2c-4522-9940-e93bc8d8546d@group-3134A2B79DBE-LeaderElection15] INFO  impl.RoleInfo (RoleInfo.java:shutdownLeaderElection(130)) - 5b5b9152-5d2c-4522-9940-e93bc8d8546d: shutdown 5b5b9152-5d2c-4522-9940-e93bc8d8546d@group-3134A2B79DBE-LeaderElection15
2022-11-04 13:16:47,190 [5b5b9152-5d2c-4522-9940-e93bc8d8546d@group-3134A2B79DBE-LeaderElection15] INFO  impl.RoleInfo (RoleInfo.java:updateAndGet(139)) - 5b5b9152-5d2c-4522-9940-e93bc8d8546d: start 5b5b9152-5d2c-4522-9940-e93bc8d8546d@group-3134A2B79DBE-FollowerState
2022-11-04 13:16:47,190 [c32434d6-2497-484c-95de-45f9e03d5624@group-3134A2B79DBE-LeaderElection16-2] INFO  server.GrpcServerProtocolClient (GrpcServerProtocolClient.java:<init>(63)) - Build channel for 5b5b9152-5d2c-4522-9940-e93bc8d8546d
2022-11-04 13:16:47,204 [5b5b9152-5d2c-4522-9940-e93bc8d8546d@group-3134A2B79DBE-FollowerState] INFO  server.RaftServerConfigKeys (ConfUtils.java:logFallback(53)) - raft.server.rpc.first-election.timeout.min = 5s (fallback to raft.server.rpc.timeout.min)
2022-11-04 13:16:47,204 [5b5b9152-5d2c-4522-9940-e93bc8d8546d@group-3134A2B79DBE-FollowerState] INFO  server.RaftServerConfigKeys (ConfUtils.java:logFallback(53)) - raft.server.rpc.first-election.timeout.max = 5200ms (fallback to raft.server.rpc.timeout.max)
2022-11-04 13:16:47,214 [grpc-default-executor-1] INFO  server.RaftServer$Division (RaftServerImpl.java:requestVote(1218)) - 0dd4671e-e5ba-49c8-8afe-be056577c247@group-3134A2B79DBE: receive requestVote(ELECTION, c32434d6-2497-484c-95de-45f9e03d5624, group-3134A2B79DBE, 1, (t:0, i:0))
2022-11-04 13:16:47,222 [grpc-default-executor-5] INFO  server.RaftServer$Division (RaftServerImpl.java:requestVote(1218)) - 5b5b9152-5d2c-4522-9940-e93bc8d8546d@group-3134A2B79DBE: receive requestVote(ELECTION, c32434d6-2497-484c-95de-45f9e03d5624, group-3134A2B79DBE, 1, (t:0, i:0))
2022-11-04 13:16:47,222 [grpc-default-executor-5] INFO  impl.VoteContext (VoteContext.java:log(48)) - 5b5b9152-5d2c-4522-9940-e93bc8d8546d@group-3134A2B79DBE-FOLLOWER: reject ELECTION from c32434d6-2497-484c-95de-45f9e03d5624: already has voted for 5b5b9152-5d2c-4522-9940-e93bc8d8546d at current term 1
2022-11-04 13:16:47,222 [grpc-default-executor-5] INFO  server.RaftServer$Division (RaftServerImpl.java:requestVote(1251)) - 5b5b9152-5d2c-4522-9940-e93bc8d8546d@group-3134A2B79DBE replies to ELECTION vote request: c32434d6-2497-484c-95de-45f9e03d5624<-5b5b9152-5d2c-4522-9940-e93bc8d8546d#0:FAIL-t1. Peer's state: 5b5b9152-5d2c-4522-9940-e93bc8d8546d@group-3134A2B79DBE:t1, leader=null, voted=5b5b9152-5d2c-4522-9940-e93bc8d8546d, raftlog=Memoized:5b5b9152-5d2c-4522-9940-e93bc8d8546d@group-3134A2B79DBE-SegmentedRaftLog:OPENED:c-1, conf=-1: peers:[c32434d6-2497-484c-95de-45f9e03d5624|rpc:10.1.1.104:38331|dataStream:|priority:1|startupRole:FOLLOWER, 0dd4671e-e5ba-49c8-8afe-be056577c247|rpc:10.1.1.104:32843|dataStream:|priority:0|startupRole:FOLLOWER, 5b5b9152-5d2c-4522-9940-e93bc8d8546d|rpc:10.1.1.104:42221|dataStream:|priority:0|startupRole:FOLLOWER]|listeners:[], old=null
2022-11-04 13:16:47,223 [grpc-default-executor-1] INFO  impl.VoteContext (VoteContext.java:log(48)) - 0dd4671e-e5ba-49c8-8afe-be056577c247@group-3134A2B79DBE-FOLLOWER: reject ELECTION from c32434d6-2497-484c-95de-45f9e03d5624: already has voted for 5b5b9152-5d2c-4522-9940-e93bc8d8546d at current term 1
2022-11-04 13:16:47,223 [grpc-default-executor-1] INFO  server.RaftServer$Division (RaftServerImpl.java:requestVote(1251)) - 0dd4671e-e5ba-49c8-8afe-be056577c247@group-3134A2B79DBE replies to ELECTION vote request: c32434d6-2497-484c-95de-45f9e03d5624<-0dd4671e-e5ba-49c8-8afe-be056577c247#0:FAIL-t1. Peer's state: 0dd4671e-e5ba-49c8-8afe-be056577c247@group-3134A2B79DBE:t1, leader=null, voted=5b5b9152-5d2c-4522-9940-e93bc8d8546d, raftlog=Memoized:0dd4671e-e5ba-49c8-8afe-be056577c247@group-3134A2B79DBE-SegmentedRaftLog:OPENED:c-1, conf=-1: peers:[c32434d6-2497-484c-95de-45f9e03d5624|rpc:10.1.1.104:38331|priority:1|startupRole:FOLLOWER, 0dd4671e-e5ba-49c8-8afe-be056577c247|rpc:10.1.1.104:32843|priority:0|startupRole:FOLLOWER, 5b5b9152-5d2c-4522-9940-e93bc8d8546d|rpc:10.1.1.104:42221|priority:0|startupRole:FOLLOWER]|listeners:[], old=null
2022-11-04 13:16:47,228 [c32434d6-2497-484c-95de-45f9e03d5624@group-3134A2B79DBE-LeaderElection16] INFO  impl.LeaderElection (LeaderElection.java:logAndReturn(90)) - c32434d6-2497-484c-95de-45f9e03d5624@group-3134A2B79DBE-LeaderElection16: ELECTION REJECTED received 2 response(s) and 0 exception(s):
2022-11-04 13:16:47,229 [c32434d6-2497-484c-95de-45f9e03d5624@group-3134A2B79DBE-LeaderElection16] INFO  impl.LeaderElection (LeaderElection.java:logAndReturn(94)) -   Response 0: c32434d6-2497-484c-95de-45f9e03d5624<-5b5b9152-5d2c-4522-9940-e93bc8d8546d#0:FAIL-t1
2022-11-04 13:16:47,229 [c32434d6-2497-484c-95de-45f9e03d5624@group-3134A2B79DBE-LeaderElection16] INFO  impl.LeaderElection (LeaderElection.java:logAndReturn(94)) -   Response 1: c32434d6-2497-484c-95de-45f9e03d5624<-0dd4671e-e5ba-49c8-8afe-be056577c247#0:FAIL-t1
2022-11-04 13:16:47,229 [c32434d6-2497-484c-95de-45f9e03d5624@group-3134A2B79DBE-LeaderElection16] INFO  impl.LeaderElection (LeaderElection.java:askForVotes(314)) - c32434d6-2497-484c-95de-45f9e03d5624@group-3134A2B79DBE-LeaderElection16 ELECTION round 0: result REJECTED
2022-11-04 13:16:47,229 [c32434d6-2497-484c-95de-45f9e03d5624@group-3134A2B79DBE-LeaderElection16] INFO  server.RaftServer$Division (RaftServerImpl.java:setRole(321)) - c32434d6-2497-484c-95de-45f9e03d5624@group-3134A2B79DBE: changes role from CANDIDATE to FOLLOWER at term 1 for REJECTED
2022-11-04 13:16:47,229 [c32434d6-2497-484c-95de-45f9e03d5624@group-3134A2B79DBE-LeaderElection16] INFO  impl.RoleInfo (RoleInfo.java:shutdownLeaderElection(130)) - c32434d6-2497-484c-95de-45f9e03d5624: shutdown c32434d6-2497-484c-95de-45f9e03d5624@group-3134A2B79DBE-LeaderElection16
2022-11-04 13:16:47,229 [c32434d6-2497-484c-95de-45f9e03d5624@group-3134A2B79DBE-LeaderElection16] INFO  impl.RoleInfo (RoleInfo.java:updateAndGet(139)) - c32434d6-2497-484c-95de-45f9e03d5624: start c32434d6-2497-484c-95de-45f9e03d5624@group-3134A2B79DBE-FollowerState
2022-11-04 13:16:47,246 [c32434d6-2497-484c-95de-45f9e03d5624@group-3134A2B79DBE-FollowerState] INFO  server.RaftServerConfigKeys (ConfUtils.java:logFallback(53)) - raft.server.rpc.first-election.timeout.min = 5s (fallback to raft.server.rpc.timeout.min)
2022-11-04 13:16:47,246 [c32434d6-2497-484c-95de-45f9e03d5624@group-3134A2B79DBE-FollowerState] INFO  server.RaftServerConfigKeys (ConfUtils.java:logFallback(53)) - raft.server.rpc.first-election.timeout.max = 5200ms (fallback to raft.server.rpc.timeout.max)
2022-11-04 13:16:47,334 [5b5b9152-5d2c-4522-9940-e93bc8d8546d@group-9E5AF68AEC75-FollowerState] INFO  impl.FollowerState (FollowerState.java:run(143)) - 5b5b9152-5d2c-4522-9940-e93bc8d8546d@group-9E5AF68AEC75-FollowerState: change to CANDIDATE, lastRpcElapsedTime:5029455575ns, electionTimeout:5028ms
2022-11-04 13:16:47,334 [5b5b9152-5d2c-4522-9940-e93bc8d8546d@group-9E5AF68AEC75-FollowerState] INFO  impl.RoleInfo (RoleInfo.java:shutdownFollowerState(110)) - 5b5b9152-5d2c-4522-9940-e93bc8d8546d: shutdown 5b5b9152-5d2c-4522-9940-e93bc8d8546d@group-9E5AF68AEC75-FollowerState
2022-11-04 13:16:47,335 [5b5b9152-5d2c-4522-9940-e93bc8d8546d@group-9E5AF68AEC75-FollowerState] INFO  server.RaftServer$Division (RaftServerImpl.java:setRole(321)) - 5b5b9152-5d2c-4522-9940-e93bc8d8546d@group-9E5AF68AEC75: changes role from  FOLLOWER to CANDIDATE at term 0 for changeToCandidate
2022-11-04 13:16:47,335 [5b5b9152-5d2c-4522-9940-e93bc8d8546d@group-9E5AF68AEC75-FollowerState] INFO  server.RaftServerConfigKeys (ConfUtils.java:logGet(46)) - raft.server.leaderelection.pre-vote = false (custom)
2022-11-04 13:16:47,335 [5b5b9152-5d2c-4522-9940-e93bc8d8546d@group-9E5AF68AEC75-FollowerState] INFO  impl.RoleInfo (RoleInfo.java:updateAndGet(139)) - 5b5b9152-5d2c-4522-9940-e93bc8d8546d: start 5b5b9152-5d2c-4522-9940-e93bc8d8546d@group-9E5AF68AEC75-LeaderElection17
2022-11-04 13:16:47,339 [5b5b9152-5d2c-4522-9940-e93bc8d8546d@group-9E5AF68AEC75-LeaderElection17] INFO  impl.LeaderElection (LeaderElection.java:askForVotes(312)) - 5b5b9152-5d2c-4522-9940-e93bc8d8546d@group-9E5AF68AEC75-LeaderElection17 ELECTION round 0: submit vote requests at term 1 for -1: peers:[5b5b9152-5d2c-4522-9940-e93bc8d8546d|rpc:10.1.1.104:42221|priority:1|startupRole:FOLLOWER]|listeners:[], old=null
2022-11-04 13:16:47,339 [5b5b9152-5d2c-4522-9940-e93bc8d8546d@group-9E5AF68AEC75-LeaderElection17] INFO  impl.LeaderElection (LeaderElection.java:askForVotes(314)) - 5b5b9152-5d2c-4522-9940-e93bc8d8546d@group-9E5AF68AEC75-LeaderElection17 ELECTION round 0: result PASSED (term=1)
2022-11-04 13:16:47,339 [5b5b9152-5d2c-4522-9940-e93bc8d8546d@group-9E5AF68AEC75-LeaderElection17] INFO  impl.RoleInfo (RoleInfo.java:shutdownLeaderElection(130)) - 5b5b9152-5d2c-4522-9940-e93bc8d8546d: shutdown 5b5b9152-5d2c-4522-9940-e93bc8d8546d@group-9E5AF68AEC75-LeaderElection17
2022-11-04 13:16:47,339 [5b5b9152-5d2c-4522-9940-e93bc8d8546d@group-9E5AF68AEC75-LeaderElection17] INFO  server.RaftServer$Division (RaftServerImpl.java:setRole(321)) - 5b5b9152-5d2c-4522-9940-e93bc8d8546d@group-9E5AF68AEC75: changes role from CANDIDATE to LEADER at term 1 for changeToLeader
2022-11-04 13:16:47,339 [5b5b9152-5d2c-4522-9940-e93bc8d8546d@group-9E5AF68AEC75-LeaderElection17] INFO  ratis.XceiverServerRatis (XceiverServerRatis.java:handleLeaderChangedNotification(863)) - Leader change notification received for group: group-9E5AF68AEC75 with new leaderId: 5b5b9152-5d2c-4522-9940-e93bc8d8546d
2022-11-04 13:16:47,341 [5b5b9152-5d2c-4522-9940-e93bc8d8546d@group-9E5AF68AEC75-LeaderElection17] INFO  server.RaftServer$Division (ServerState.java:setLeader(313)) - 5b5b9152-5d2c-4522-9940-e93bc8d8546d@group-9E5AF68AEC75: change Leader from null to 5b5b9152-5d2c-4522-9940-e93bc8d8546d at term 1 for becomeLeader, leader elected after 5044ms
2022-11-04 13:16:47,341 [5b5b9152-5d2c-4522-9940-e93bc8d8546d@group-9E5AF68AEC75-LeaderElection17] INFO  server.RaftServerConfigKeys (ConfUtils.java:logGet(46)) - raft.server.staging.catchup.gap = 1000 (default)
2022-11-04 13:16:47,345 [5b5b9152-5d2c-4522-9940-e93bc8d8546d@group-9E5AF68AEC75-LeaderElection17] INFO  server.RaftServerConfigKeys (ConfUtils.java:logGet(46)) - raft.server.write.element-limit = 1024 (custom)
2022-11-04 13:16:47,345 [5b5b9152-5d2c-4522-9940-e93bc8d8546d@group-9E5AF68AEC75-LeaderElection17] INFO  server.RaftServerConfigKeys (ConfUtils.java:logGet(46)) - raft.server.write.byte-limit = 1024 M (=1073741824) (custom)
2022-11-04 13:16:47,345 [5b5b9152-5d2c-4522-9940-e93bc8d8546d@group-9E5AF68AEC75-LeaderElection17] INFO  server.RaftServerConfigKeys (ConfUtils.java:logGet(46)) - raft.server.watch.timeout = 180s (custom)
2022-11-04 13:16:47,345 [5b5b9152-5d2c-4522-9940-e93bc8d8546d@group-9E5AF68AEC75-LeaderElection17] INFO  server.RaftServerConfigKeys (ConfUtils.java:logGet(46)) - raft.server.watch.timeout.denomination = 1s (default)
2022-11-04 13:16:47,345 [5b5b9152-5d2c-4522-9940-e93bc8d8546d@group-9E5AF68AEC75-LeaderElection17] INFO  server.RaftServerConfigKeys (ConfUtils.java:logGet(46)) - raft.server.watch.element-limit = 65536 (default)
2022-11-04 13:16:47,345 [5b5b9152-5d2c-4522-9940-e93bc8d8546d@group-9E5AF68AEC75-LeaderElection17] INFO  server.RaftServerConfigKeys (ConfUtils.java:logGet(46)) - raft.server.write.element-limit = 1024 (custom)
2022-11-04 13:16:47,345 [5b5b9152-5d2c-4522-9940-e93bc8d8546d@group-9E5AF68AEC75-LeaderElection17] INFO  server.RaftServerConfigKeys (ConfUtils.java:logGet(46)) - raft.server.write.follower.gap.ratio.max = -1.0 (default)
2022-11-04 13:16:47,346 [5b5b9152-5d2c-4522-9940-e93bc8d8546d@group-9E5AF68AEC75-LeaderElection17] INFO  impl.RoleInfo (RoleInfo.java:updateAndGet(139)) - 5b5b9152-5d2c-4522-9940-e93bc8d8546d: start 5b5b9152-5d2c-4522-9940-e93bc8d8546d@group-9E5AF68AEC75-LeaderStateImpl
2022-11-04 13:16:47,346 [5b5b9152-5d2c-4522-9940-e93bc8d8546d@group-9E5AF68AEC75-LeaderElection17] INFO  segmented.SegmentedRaftLogWorker (SegmentedRaftLogWorker.java:startLogSegment(452)) - 5b5b9152-5d2c-4522-9940-e93bc8d8546d@group-9E5AF68AEC75-SegmentedRaftLogWorker: Starting segment from index:0
2022-11-04 13:16:47,347 [5b5b9152-5d2c-4522-9940-e93bc8d8546d@group-9E5AF68AEC75-SegmentedRaftLogWorker] INFO  segmented.SegmentedRaftLogWorker (SegmentedRaftLogWorker.java:execute(656)) - 5b5b9152-5d2c-4522-9940-e93bc8d8546d@group-9E5AF68AEC75-SegmentedRaftLogWorker: created new log segment /home/runner/work/ozone/ozone/hadoop-ozone/integration-test/target/test-dir/MiniOzoneClusterImpl-0c0bfa66-1f5b-4f11-9fe6-cbebe0503434/datanode-7/data/ratis/420e8bb4-416f-496c-b500-9e5af68aec75/current/log_inprogress_0
2022-11-04 13:16:47,353 [5b5b9152-5d2c-4522-9940-e93bc8d8546d@group-9E5AF68AEC75-LeaderElection17] INFO  server.RaftServer$Division (ServerState.java:setRaftConf(430)) - 5b5b9152-5d2c-4522-9940-e93bc8d8546d@group-9E5AF68AEC75: set configuration 0: peers:[5b5b9152-5d2c-4522-9940-e93bc8d8546d|rpc:10.1.1.104:42221|dataStream:|priority:1|startupRole:FOLLOWER]|listeners:[], old=null
2022-11-04 13:16:47,586 [Listener at 127.0.0.1/35095] INFO  rpc.RpcClient (RpcClient.java:createVolume(472)) - Creating Volume: f4eddfa2-0c94-4695-b193-283df91f81b6, with runner as owner and space quota set to -1 bytes, counts quota set to -1
2022-11-04 13:16:47,625 [OM StateMachine ApplyTransaction Thread - 0] INFO  volume.OMVolumeCreateRequest (OMVolumeCreateRequest.java:validateAndUpdateCache(195)) - created volume:f4eddfa2-0c94-4695-b193-283df91f81b6 for user:runner
2022-11-04 13:16:47,650 [Listener at 127.0.0.1/35095] INFO  rpc.RpcClient (RpcClient.java:createBucket(691)) - Creating Bucket: f4eddfa2-0c94-4695-b193-283df91f81b6/f4eddfa2-0c94-4695-b193-283df91f81b6, with server-side default bucket layout, runner as owner, Versioning false, Storage Type set to DISK and Encryption set to false 
2022-11-04 13:16:47,668 [OM StateMachine ApplyTransaction Thread - 0] INFO  bucket.OMBucketCreateRequest (OMBucketCreateRequest.java:validateAndUpdateCache(260)) - created bucket: f4eddfa2-0c94-4695-b193-283df91f81b6 of layout LEGACY in volume: f4eddfa2-0c94-4695-b193-283df91f81b6
2022-11-04 13:16:47,692 [Listener at 127.0.0.1/35095] INFO  rpc.RpcClient (RpcClient.java:createBucket(691)) - Creating Bucket: f4eddfa2-0c94-4695-b193-283df91f81b6/429c7053-2023-4e8c-9843-ce0756d3b8e1, with server-side default bucket layout, runner as owner, Versioning false, Storage Type set to DISK and Encryption set to false 
2022-11-04 13:16:47,704 [OM StateMachine ApplyTransaction Thread - 0] INFO  bucket.OMBucketCreateRequest (OMBucketCreateRequest.java:validateAndUpdateCache(260)) - created bucket: 429c7053-2023-4e8c-9843-ce0756d3b8e1 of layout LEGACY in volume: f4eddfa2-0c94-4695-b193-283df91f81b6
2022-11-04 13:16:47,760 [c32434d6-2497-484c-95de-45f9e03d5624@group-A6F22B53C3CA-FollowerState] INFO  impl.FollowerState (FollowerState.java:run(143)) - c32434d6-2497-484c-95de-45f9e03d5624@group-A6F22B53C3CA-FollowerState: change to CANDIDATE, lastRpcElapsedTime:5057045610ns, electionTimeout:5055ms
2022-11-04 13:16:47,760 [c32434d6-2497-484c-95de-45f9e03d5624@group-A6F22B53C3CA-FollowerState] INFO  impl.RoleInfo (RoleInfo.java:shutdownFollowerState(110)) - c32434d6-2497-484c-95de-45f9e03d5624: shutdown c32434d6-2497-484c-95de-45f9e03d5624@group-A6F22B53C3CA-FollowerState
2022-11-04 13:16:47,760 [c32434d6-2497-484c-95de-45f9e03d5624@group-A6F22B53C3CA-FollowerState] INFO  server.RaftServer$Division (RaftServerImpl.java:setRole(321)) - c32434d6-2497-484c-95de-45f9e03d5624@group-A6F22B53C3CA: changes role from  FOLLOWER to CANDIDATE at term 0 for changeToCandidate
2022-11-04 13:16:47,760 [c32434d6-2497-484c-95de-45f9e03d5624@group-A6F22B53C3CA-FollowerState] INFO  server.RaftServerConfigKeys (ConfUtils.java:logGet(46)) - raft.server.leaderelection.pre-vote = false (custom)
2022-11-04 13:16:47,760 [c32434d6-2497-484c-95de-45f9e03d5624@group-A6F22B53C3CA-FollowerState] INFO  impl.RoleInfo (RoleInfo.java:updateAndGet(139)) - c32434d6-2497-484c-95de-45f9e03d5624: start c32434d6-2497-484c-95de-45f9e03d5624@group-A6F22B53C3CA-LeaderElection18
2022-11-04 13:16:47,770 [c32434d6-2497-484c-95de-45f9e03d5624@group-A6F22B53C3CA-LeaderElection18] INFO  impl.LeaderElection (LeaderElection.java:askForVotes(312)) - c32434d6-2497-484c-95de-45f9e03d5624@group-A6F22B53C3CA-LeaderElection18 ELECTION round 0: submit vote requests at term 1 for -1: peers:[c32434d6-2497-484c-95de-45f9e03d5624|rpc:10.1.1.104:38331|priority:1|startupRole:FOLLOWER]|listeners:[], old=null
2022-11-04 13:16:47,771 [c32434d6-2497-484c-95de-45f9e03d5624@group-A6F22B53C3CA-LeaderElection18] INFO  impl.LeaderElection (LeaderElection.java:askForVotes(314)) - c32434d6-2497-484c-95de-45f9e03d5624@group-A6F22B53C3CA-LeaderElection18 ELECTION round 0: result PASSED (term=1)
2022-11-04 13:16:47,771 [c32434d6-2497-484c-95de-45f9e03d5624@group-A6F22B53C3CA-LeaderElection18] INFO  impl.RoleInfo (RoleInfo.java:shutdownLeaderElection(130)) - c32434d6-2497-484c-95de-45f9e03d5624: shutdown c32434d6-2497-484c-95de-45f9e03d5624@group-A6F22B53C3CA-LeaderElection18
2022-11-04 13:16:47,771 [c32434d6-2497-484c-95de-45f9e03d5624@group-A6F22B53C3CA-LeaderElection18] INFO  server.RaftServer$Division (RaftServerImpl.java:setRole(321)) - c32434d6-2497-484c-95de-45f9e03d5624@group-A6F22B53C3CA: changes role from CANDIDATE to LEADER at term 1 for changeToLeader
2022-11-04 13:16:47,771 [c32434d6-2497-484c-95de-45f9e03d5624@group-A6F22B53C3CA-LeaderElection18] INFO  ratis.XceiverServerRatis (XceiverServerRatis.java:handleLeaderChangedNotification(863)) - Leader change notification received for group: group-A6F22B53C3CA with new leaderId: c32434d6-2497-484c-95de-45f9e03d5624
2022-11-04 13:16:47,771 [c32434d6-2497-484c-95de-45f9e03d5624@group-A6F22B53C3CA-LeaderElection18] INFO  server.RaftServer$Division (ServerState.java:setLeader(313)) - c32434d6-2497-484c-95de-45f9e03d5624@group-A6F22B53C3CA: change Leader from null to c32434d6-2497-484c-95de-45f9e03d5624 at term 1 for becomeLeader, leader elected after 5077ms
2022-11-04 13:16:47,771 [c32434d6-2497-484c-95de-45f9e03d5624@group-A6F22B53C3CA-LeaderElection18] INFO  server.RaftServerConfigKeys (ConfUtils.java:logGet(46)) - raft.server.staging.catchup.gap = 1000 (default)
2022-11-04 13:16:47,774 [c32434d6-2497-484c-95de-45f9e03d5624@group-A6F22B53C3CA-LeaderElection18] INFO  server.RaftServerConfigKeys (ConfUtils.java:logGet(46)) - raft.server.write.element-limit = 1024 (custom)
2022-11-04 13:16:47,774 [c32434d6-2497-484c-95de-45f9e03d5624@group-A6F22B53C3CA-LeaderElection18] INFO  server.RaftServerConfigKeys (ConfUtils.java:logGet(46)) - raft.server.write.byte-limit = 1024 M (=1073741824) (custom)
2022-11-04 13:16:47,774 [c32434d6-2497-484c-95de-45f9e03d5624@group-A6F22B53C3CA-LeaderElection18] INFO  server.RaftServerConfigKeys (ConfUtils.java:logGet(46)) - raft.server.watch.timeout = 180s (custom)
2022-11-04 13:16:47,774 [c32434d6-2497-484c-95de-45f9e03d5624@group-A6F22B53C3CA-LeaderElection18] INFO  server.RaftServerConfigKeys (ConfUtils.java:logGet(46)) - raft.server.watch.timeout.denomination = 1s (default)
2022-11-04 13:16:47,774 [c32434d6-2497-484c-95de-45f9e03d5624@group-A6F22B53C3CA-LeaderElection18] INFO  server.RaftServerConfigKeys (ConfUtils.java:logGet(46)) - raft.server.watch.element-limit = 65536 (default)
2022-11-04 13:16:47,774 [c32434d6-2497-484c-95de-45f9e03d5624@group-A6F22B53C3CA-LeaderElection18] INFO  server.RaftServerConfigKeys (ConfUtils.java:logGet(46)) - raft.server.write.element-limit = 1024 (custom)
2022-11-04 13:16:47,774 [c32434d6-2497-484c-95de-45f9e03d5624@group-A6F22B53C3CA-LeaderElection18] INFO  server.RaftServerConfigKeys (ConfUtils.java:logGet(46)) - raft.server.write.follower.gap.ratio.max = -1.0 (default)
2022-11-04 13:16:47,774 [c32434d6-2497-484c-95de-45f9e03d5624@group-A6F22B53C3CA-LeaderElection18] INFO  impl.RoleInfo (RoleInfo.java:updateAndGet(139)) - c32434d6-2497-484c-95de-45f9e03d5624: start c32434d6-2497-484c-95de-45f9e03d5624@group-A6F22B53C3CA-LeaderStateImpl
2022-11-04 13:16:47,774 [c32434d6-2497-484c-95de-45f9e03d5624@group-A6F22B53C3CA-LeaderElection18] INFO  segmented.SegmentedRaftLogWorker (SegmentedRaftLogWorker.java:startLogSegment(452)) - c32434d6-2497-484c-95de-45f9e03d5624@group-A6F22B53C3CA-SegmentedRaftLogWorker: Starting segment from index:0
2022-11-04 13:16:47,777 [c32434d6-2497-484c-95de-45f9e03d5624@group-A6F22B53C3CA-LeaderElection18] INFO  server.RaftServer$Division (ServerState.java:setRaftConf(430)) - c32434d6-2497-484c-95de-45f9e03d5624@group-A6F22B53C3CA: set configuration 0: peers:[c32434d6-2497-484c-95de-45f9e03d5624|rpc:10.1.1.104:38331|dataStream:|priority:1|startupRole:FOLLOWER]|listeners:[], old=null
2022-11-04 13:16:47,779 [IPC Server handler 2 on default port 44219] INFO  pipeline.PipelineStateManagerImpl (PipelineStateManagerImpl.java:addPipeline(103)) - Created pipeline Pipeline[ Id: f0c01e89-b43d-4a22-b446-1337fe436db2, Nodes: c7cc2fe0-c6a0-4806-a89e-0e07a1727659{ip: 10.1.1.104, host: fv-az443-313.ap2fcshprsnunfx25e1aelzb4b.cx.internal.cloudapp.net, ports: [REPLICATION=44479, RATIS=40287, RATIS_ADMIN=40287, RATIS_SERVER=40287, STANDALONE=46851], networkLocation: /default-rack, certSerialId: null, persistedOpState: null, persistedOpStateExpiryEpochSec: 0}8d3760b1-f0ab-49a5-9c8a-a39ea99f9aab{ip: 10.1.1.104, host: fv-az443-313.ap2fcshprsnunfx25e1aelzb4b.cx.internal.cloudapp.net, ports: [REPLICATION=44345, RATIS=40979, RATIS_ADMIN=40979, RATIS_SERVER=40979, STANDALONE=43541], networkLocation: /default-rack, certSerialId: null, persistedOpState: null, persistedOpStateExpiryEpochSec: 0}0467b8fc-339c-416e-b5e6-66cb4b1c2e57{ip: 10.1.1.104, host: fv-az443-313.ap2fcshprsnunfx25e1aelzb4b.cx.internal.cloudapp.net, ports: [REPLICATION=40647, RATIS=40137, RATIS_ADMIN=40137, RATIS_SERVER=40137, STANDALONE=40209], networkLocation: /default-rack, certSerialId: null, persistedOpState: null, persistedOpStateExpiryEpochSec: 0}18b69636-199d-46b1-a155-faec2a9e6e92{ip: 10.1.1.104, host: fv-az443-313.ap2fcshprsnunfx25e1aelzb4b.cx.internal.cloudapp.net, ports: [REPLICATION=33747, RATIS=40753, RATIS_ADMIN=40753, RATIS_SERVER=40753, STANDALONE=36937], networkLocation: /default-rack, certSerialId: null, persistedOpState: null, persistedOpStateExpiryEpochSec: 0}99050580-db91-402e-a30b-7426b5391f3a{ip: 10.1.1.104, host: fv-az443-313.ap2fcshprsnunfx25e1aelzb4b.cx.internal.cloudapp.net, ports: [REPLICATION=35487, RATIS=40645, RATIS_ADMIN=40645, RATIS_SERVER=40645, STANDALONE=45217], networkLocation: /default-rack, certSerialId: null, persistedOpState: null, persistedOpStateExpiryEpochSec: 0}, ReplicationConfig: EC/ECReplicationConfig{data=3, parity=2, ecChunkSize=1024, codec=rs}, State:ALLOCATED, leaderId:, CreationTimestamp2022-11-04T13:16:47.778Z[Etc/UTC]].
2022-11-04 13:16:47,779 [c32434d6-2497-484c-95de-45f9e03d5624@group-A6F22B53C3CA-SegmentedRaftLogWorker] INFO  segmented.SegmentedRaftLogWorker (SegmentedRaftLogWorker.java:execute(656)) - c32434d6-2497-484c-95de-45f9e03d5624@group-A6F22B53C3CA-SegmentedRaftLogWorker: created new log segment /home/runner/work/ozone/ozone/hadoop-ozone/integration-test/target/test-dir/MiniOzoneClusterImpl-0c0bfa66-1f5b-4f11-9fe6-cbebe0503434/datanode-8/data/ratis/77e5e39f-85fe-47f7-b71b-a6f22b53c3ca/current/log_inprogress_0
2022-11-04 13:16:47,782 [IPC Server handler 2 on default port 44219] INFO  ha.SequenceIdGenerator (SequenceIdGenerator.java:getNextId(128)) - Allocate a batch for containerId, change lastId from 0 to 1000.
2022-11-04 13:16:47,793 [IPC Server handler 2 on default port 44219] INFO  pipeline.PipelineManagerImpl (PipelineManagerImpl.java:openPipeline(367)) - Pipeline Pipeline[ Id: f0c01e89-b43d-4a22-b446-1337fe436db2, Nodes: c7cc2fe0-c6a0-4806-a89e-0e07a1727659{ip: 10.1.1.104, host: fv-az443-313.ap2fcshprsnunfx25e1aelzb4b.cx.internal.cloudapp.net, ports: [REPLICATION=44479, RATIS=40287, RATIS_ADMIN=40287, RATIS_SERVER=40287, STANDALONE=46851], networkLocation: /default-rack, certSerialId: null, persistedOpState: null, persistedOpStateExpiryEpochSec: 0}8d3760b1-f0ab-49a5-9c8a-a39ea99f9aab{ip: 10.1.1.104, host: fv-az443-313.ap2fcshprsnunfx25e1aelzb4b.cx.internal.cloudapp.net, ports: [REPLICATION=44345, RATIS=40979, RATIS_ADMIN=40979, RATIS_SERVER=40979, STANDALONE=43541], networkLocation: /default-rack, certSerialId: null, persistedOpState: null, persistedOpStateExpiryEpochSec: 0}0467b8fc-339c-416e-b5e6-66cb4b1c2e57{ip: 10.1.1.104, host: fv-az443-313.ap2fcshprsnunfx25e1aelzb4b.cx.internal.cloudapp.net, ports: [REPLICATION=40647, RATIS=40137, RATIS_ADMIN=40137, RATIS_SERVER=40137, STANDALONE=40209], networkLocation: /default-rack, certSerialId: null, persistedOpState: null, persistedOpStateExpiryEpochSec: 0}18b69636-199d-46b1-a155-faec2a9e6e92{ip: 10.1.1.104, host: fv-az443-313.ap2fcshprsnunfx25e1aelzb4b.cx.internal.cloudapp.net, ports: [REPLICATION=33747, RATIS=40753, RATIS_ADMIN=40753, RATIS_SERVER=40753, STANDALONE=36937], networkLocation: /default-rack, certSerialId: null, persistedOpState: null, persistedOpStateExpiryEpochSec: 0}99050580-db91-402e-a30b-7426b5391f3a{ip: 10.1.1.104, host: fv-az443-313.ap2fcshprsnunfx25e1aelzb4b.cx.internal.cloudapp.net, ports: [REPLICATION=35487, RATIS=40645, RATIS_ADMIN=40645, RATIS_SERVER=40645, STANDALONE=45217], networkLocation: /default-rack, certSerialId: null, persistedOpState: null, persistedOpStateExpiryEpochSec: 0}, ReplicationConfig: EC/ECReplicationConfig{data=3, parity=2, ecChunkSize=1024, codec=rs}, State:ALLOCATED, leaderId:, CreationTimestamp2022-11-04T13:16:47.778Z[Etc/UTC]] moved to OPEN state
2022-11-04 13:16:47,794 [IPC Server handler 2 on default port 44219] WARN  ha.SequenceIdGenerator (SequenceIdGenerator.java:allocateBatch(237)) - Failed to allocate a batch for localId, expected lastId is 0, actual lastId is 109611004723200000.
2022-11-04 13:16:47,794 [IPC Server handler 2 on default port 44219] INFO  ha.SequenceIdGenerator (SequenceIdGenerator.java:getNextId(128)) - Allocate a batch for localId, change lastId from 109611004723200000 to 109611004723201000.
2022-11-04 13:16:47,875 [Listener at 127.0.0.1/35095] WARN  erasurecode.ErasureCodeNative (ErasureCodeNative.java:<clinit>(55)) - ISA-L support is not available in your platform... using builtin-java codec where applicable
2022-11-04 13:16:47,991 [Listener at 127.0.0.1/35095] INFO  impl.MetricsSystemImpl (MetricsSystemImpl.java:init(158)) - XceiverClientMetrics metrics system started (again)
2022-11-04 13:16:48,128 [0467b8fc-339c-416e-b5e6-66cb4b1c2e57@group-49B3DD0B9FB3-FollowerState] INFO  impl.FollowerState (FollowerState.java:run(143)) - 0467b8fc-339c-416e-b5e6-66cb4b1c2e57@group-49B3DD0B9FB3-FollowerState: change to CANDIDATE, lastRpcElapsedTime:5083737327ns, electionTimeout:5075ms
2022-11-04 13:16:48,129 [0467b8fc-339c-416e-b5e6-66cb4b1c2e57@group-49B3DD0B9FB3-FollowerState] INFO  impl.RoleInfo (RoleInfo.java:shutdownFollowerState(110)) - 0467b8fc-339c-416e-b5e6-66cb4b1c2e57: shutdown 0467b8fc-339c-416e-b5e6-66cb4b1c2e57@group-49B3DD0B9FB3-FollowerState
2022-11-04 13:16:48,129 [0467b8fc-339c-416e-b5e6-66cb4b1c2e57@group-49B3DD0B9FB3-FollowerState] INFO  server.RaftServer$Division (RaftServerImpl.java:setRole(321)) - 0467b8fc-339c-416e-b5e6-66cb4b1c2e57@group-49B3DD0B9FB3: changes role from  FOLLOWER to CANDIDATE at term 0 for changeToCandidate
2022-11-04 13:16:48,129 [0467b8fc-339c-416e-b5e6-66cb4b1c2e57@group-49B3DD0B9FB3-FollowerState] INFO  server.RaftServerConfigKeys (ConfUtils.java:logGet(46)) - raft.server.leaderelection.pre-vote = false (custom)
2022-11-04 13:16:48,129 [0467b8fc-339c-416e-b5e6-66cb4b1c2e57@group-49B3DD0B9FB3-FollowerState] INFO  impl.RoleInfo (RoleInfo.java:updateAndGet(139)) - 0467b8fc-339c-416e-b5e6-66cb4b1c2e57: start 0467b8fc-339c-416e-b5e6-66cb4b1c2e57@group-49B3DD0B9FB3-LeaderElection19
2022-11-04 13:16:48,143 [0467b8fc-339c-416e-b5e6-66cb4b1c2e57@group-49B3DD0B9FB3-LeaderElection19] INFO  impl.LeaderElection (LeaderElection.java:askForVotes(312)) - 0467b8fc-339c-416e-b5e6-66cb4b1c2e57@group-49B3DD0B9FB3-LeaderElection19 ELECTION round 0: submit vote requests at term 1 for -1: peers:[0467b8fc-339c-416e-b5e6-66cb4b1c2e57|rpc:10.1.1.104:40137|priority:1|startupRole:FOLLOWER]|listeners:[], old=null
2022-11-04 13:16:48,143 [0467b8fc-339c-416e-b5e6-66cb4b1c2e57@group-49B3DD0B9FB3-LeaderElection19] INFO  impl.LeaderElection (LeaderElection.java:askForVotes(314)) - 0467b8fc-339c-416e-b5e6-66cb4b1c2e57@group-49B3DD0B9FB3-LeaderElection19 ELECTION round 0: result PASSED (term=1)
2022-11-04 13:16:48,143 [0467b8fc-339c-416e-b5e6-66cb4b1c2e57@group-49B3DD0B9FB3-LeaderElection19] INFO  impl.RoleInfo (RoleInfo.java:shutdownLeaderElection(130)) - 0467b8fc-339c-416e-b5e6-66cb4b1c2e57: shutdown 0467b8fc-339c-416e-b5e6-66cb4b1c2e57@group-49B3DD0B9FB3-LeaderElection19
2022-11-04 13:16:48,143 [0467b8fc-339c-416e-b5e6-66cb4b1c2e57@group-49B3DD0B9FB3-LeaderElection19] INFO  server.RaftServer$Division (RaftServerImpl.java:setRole(321)) - 0467b8fc-339c-416e-b5e6-66cb4b1c2e57@group-49B3DD0B9FB3: changes role from CANDIDATE to LEADER at term 1 for changeToLeader
2022-11-04 13:16:48,143 [0467b8fc-339c-416e-b5e6-66cb4b1c2e57@group-49B3DD0B9FB3-LeaderElection19] INFO  ratis.XceiverServerRatis (XceiverServerRatis.java:handleLeaderChangedNotification(863)) - Leader change notification received for group: group-49B3DD0B9FB3 with new leaderId: 0467b8fc-339c-416e-b5e6-66cb4b1c2e57
2022-11-04 13:16:48,144 [0467b8fc-339c-416e-b5e6-66cb4b1c2e57@group-49B3DD0B9FB3-LeaderElection19] INFO  server.RaftServer$Division (ServerState.java:setLeader(313)) - 0467b8fc-339c-416e-b5e6-66cb4b1c2e57@group-49B3DD0B9FB3: change Leader from null to 0467b8fc-339c-416e-b5e6-66cb4b1c2e57 at term 1 for becomeLeader, leader elected after 5108ms
2022-11-04 13:16:48,144 [0467b8fc-339c-416e-b5e6-66cb4b1c2e57@group-49B3DD0B9FB3-LeaderElection19] INFO  server.RaftServerConfigKeys (ConfUtils.java:logGet(46)) - raft.server.staging.catchup.gap = 1000 (default)
2022-11-04 13:16:48,144 [0467b8fc-339c-416e-b5e6-66cb4b1c2e57@group-49B3DD0B9FB3-LeaderElection19] INFO  server.RaftServerConfigKeys (ConfUtils.java:logGet(46)) - raft.server.write.element-limit = 1024 (custom)
2022-11-04 13:16:48,144 [0467b8fc-339c-416e-b5e6-66cb4b1c2e57@group-49B3DD0B9FB3-LeaderElection19] INFO  server.RaftServerConfigKeys (ConfUtils.java:logGet(46)) - raft.server.write.byte-limit = 1024 M (=1073741824) (custom)
2022-11-04 13:16:48,145 [0467b8fc-339c-416e-b5e6-66cb4b1c2e57@group-49B3DD0B9FB3-LeaderElection19] INFO  server.RaftServerConfigKeys (ConfUtils.java:logGet(46)) - raft.server.watch.timeout = 180s (custom)
2022-11-04 13:16:48,145 [0467b8fc-339c-416e-b5e6-66cb4b1c2e57@group-49B3DD0B9FB3-LeaderElection19] INFO  server.RaftServerConfigKeys (ConfUtils.java:logGet(46)) - raft.server.watch.timeout.denomination = 1s (default)
2022-11-04 13:16:48,145 [0467b8fc-339c-416e-b5e6-66cb4b1c2e57@group-49B3DD0B9FB3-LeaderElection19] INFO  server.RaftServerConfigKeys (ConfUtils.java:logGet(46)) - raft.server.watch.element-limit = 65536 (default)
2022-11-04 13:16:48,145 [0467b8fc-339c-416e-b5e6-66cb4b1c2e57@group-49B3DD0B9FB3-LeaderElection19] INFO  server.RaftServerConfigKeys (ConfUtils.java:logGet(46)) - raft.server.write.element-limit = 1024 (custom)
2022-11-04 13:16:48,145 [0467b8fc-339c-416e-b5e6-66cb4b1c2e57@group-49B3DD0B9FB3-LeaderElection19] INFO  server.RaftServerConfigKeys (ConfUtils.java:logGet(46)) - raft.server.write.follower.gap.ratio.max = -1.0 (default)
2022-11-04 13:16:48,145 [0467b8fc-339c-416e-b5e6-66cb4b1c2e57@group-49B3DD0B9FB3-LeaderElection19] INFO  impl.RoleInfo (RoleInfo.java:updateAndGet(139)) - 0467b8fc-339c-416e-b5e6-66cb4b1c2e57: start 0467b8fc-339c-416e-b5e6-66cb4b1c2e57@group-49B3DD0B9FB3-LeaderStateImpl
2022-11-04 13:16:48,146 [0467b8fc-339c-416e-b5e6-66cb4b1c2e57@group-49B3DD0B9FB3-LeaderElection19] INFO  segmented.SegmentedRaftLogWorker (SegmentedRaftLogWorker.java:startLogSegment(452)) - 0467b8fc-339c-416e-b5e6-66cb4b1c2e57@group-49B3DD0B9FB3-SegmentedRaftLogWorker: Starting segment from index:0
2022-11-04 13:16:48,148 [0467b8fc-339c-416e-b5e6-66cb4b1c2e57@group-49B3DD0B9FB3-SegmentedRaftLogWorker] INFO  segmented.SegmentedRaftLogWorker (SegmentedRaftLogWorker.java:execute(656)) - 0467b8fc-339c-416e-b5e6-66cb4b1c2e57@group-49B3DD0B9FB3-SegmentedRaftLogWorker: created new log segment /home/runner/work/ozone/ozone/hadoop-ozone/integration-test/target/test-dir/MiniOzoneClusterImpl-0c0bfa66-1f5b-4f11-9fe6-cbebe0503434/datanode-9/data/ratis/6c6e24e8-07eb-402d-95db-49b3dd0b9fb3/current/log_inprogress_0
2022-11-04 13:16:48,175 [0467b8fc-339c-416e-b5e6-66cb4b1c2e57@group-49B3DD0B9FB3-LeaderElection19] INFO  server.RaftServer$Division (ServerState.java:setRaftConf(430)) - 0467b8fc-339c-416e-b5e6-66cb4b1c2e57@group-49B3DD0B9FB3: set configuration 0: peers:[0467b8fc-339c-416e-b5e6-66cb4b1c2e57|rpc:10.1.1.104:40137|dataStream:|priority:1|startupRole:FOLLOWER]|listeners:[], old=null
2022-11-04 13:16:48,304 [Listener at 127.0.0.1/35095] INFO  ozoneimpl.OzoneContainer (OzoneContainer.java:stop(400)) - Attempting to stop container services.
2022-11-04 13:16:48,311 [Listener at 127.0.0.1/35095] INFO  server.RaftServer (RaftServerProxy.java:lambda$close$6(409)) - c7cc2fe0-c6a0-4806-a89e-0e07a1727659: close
2022-11-04 13:16:48,312 [c7cc2fe0-c6a0-4806-a89e-0e07a1727659-impl-thread1] INFO  server.RaftServer$Division (RaftServerImpl.java:lambda$close$4(458)) - c7cc2fe0-c6a0-4806-a89e-0e07a1727659@group-2CF5C2F60D11: shutdown
2022-11-04 13:16:48,312 [c7cc2fe0-c6a0-4806-a89e-0e07a1727659-impl-thread1] INFO  util.JmxRegister (JmxRegister.java:unregister(73)) - Successfully un-registered JMX Bean with object name Ratis:service=RaftServer,group=group-2CF5C2F60D11,id=c7cc2fe0-c6a0-4806-a89e-0e07a1727659
2022-11-04 13:16:48,312 [c7cc2fe0-c6a0-4806-a89e-0e07a1727659-impl-thread1] INFO  impl.RoleInfo (RoleInfo.java:shutdownLeaderState(93)) - c7cc2fe0-c6a0-4806-a89e-0e07a1727659: shutdown c7cc2fe0-c6a0-4806-a89e-0e07a1727659@group-2CF5C2F60D11-LeaderStateImpl
2022-11-04 13:16:48,312 [c7cc2fe0-c6a0-4806-a89e-0e07a1727659-impl-thread1] INFO  impl.PendingRequests (PendingRequests.java:sendNotLeaderResponses(282)) - c7cc2fe0-c6a0-4806-a89e-0e07a1727659@group-2CF5C2F60D11-PendingRequests: sendNotLeaderResponses
2022-11-04 13:16:48,313 [c7cc2fe0-c6a0-4806-a89e-0e07a1727659-impl-thread1] INFO  impl.StateMachineUpdater (StateMachineUpdater.java:stopAndJoin(153)) - c7cc2fe0-c6a0-4806-a89e-0e07a1727659@group-2CF5C2F60D11-StateMachineUpdater: set stopIndex = 0
2022-11-04 13:16:48,314 [c7cc2fe0-c6a0-4806-a89e-0e07a1727659@group-2CF5C2F60D11-StateMachineUpdater] INFO  ratis.ContainerStateMachine (ContainerStateMachine.java:takeSnapshot(304)) - group-2CF5C2F60D11: Taking a snapshot at:(t:1, i:0) file /home/runner/work/ozone/ozone/hadoop-ozone/integration-test/target/test-dir/MiniOzoneClusterImpl-0c0bfa66-1f5b-4f11-9fe6-cbebe0503434/datanode-1/data/ratis/bc979f65-e453-4d61-80f7-2cf5c2f60d11/sm/snapshot.1_0
2022-11-04 13:16:48,316 [c7cc2fe0-c6a0-4806-a89e-0e07a1727659-impl-thread2] INFO  server.RaftServer$Division (RaftServerImpl.java:lambda$close$4(458)) - c7cc2fe0-c6a0-4806-a89e-0e07a1727659@group-FA853D2A5168: shutdown
2022-11-04 13:16:48,317 [c7cc2fe0-c6a0-4806-a89e-0e07a1727659-impl-thread2] INFO  util.JmxRegister (JmxRegister.java:unregister(73)) - Successfully un-registered JMX Bean with object name Ratis:service=RaftServer,group=group-FA853D2A5168,id=c7cc2fe0-c6a0-4806-a89e-0e07a1727659
2022-11-04 13:16:48,317 [c7cc2fe0-c6a0-4806-a89e-0e07a1727659-impl-thread2] INFO  impl.RoleInfo (RoleInfo.java:shutdownFollowerState(110)) - c7cc2fe0-c6a0-4806-a89e-0e07a1727659: shutdown c7cc2fe0-c6a0-4806-a89e-0e07a1727659@group-FA853D2A5168-FollowerState
2022-11-04 13:16:48,321 [Listener at 127.0.0.1/35095] INFO  server.GrpcService (GrpcService.java:closeImpl(279)) - c7cc2fe0-c6a0-4806-a89e-0e07a1727659: shutdown server GrpcServerProtocolService now
2022-11-04 13:16:48,323 [c7cc2fe0-c6a0-4806-a89e-0e07a1727659@group-FA853D2A5168-FollowerState] INFO  impl.FollowerState (FollowerState.java:run(152)) - c7cc2fe0-c6a0-4806-a89e-0e07a1727659@group-FA853D2A5168-FollowerState was interrupted
2022-11-04 13:16:48,324 [c7cc2fe0-c6a0-4806-a89e-0e07a1727659-impl-thread3] INFO  server.RaftServer$Division (RaftServerImpl.java:lambda$close$4(458)) - c7cc2fe0-c6a0-4806-a89e-0e07a1727659@group-D9F9BF4B5168: shutdown
2022-11-04 13:16:48,324 [c7cc2fe0-c6a0-4806-a89e-0e07a1727659-impl-thread3] INFO  util.JmxRegister (JmxRegister.java:unregister(73)) - Successfully un-registered JMX Bean with object name Ratis:service=RaftServer,group=group-D9F9BF4B5168,id=c7cc2fe0-c6a0-4806-a89e-0e07a1727659
2022-11-04 13:16:48,324 [c7cc2fe0-c6a0-4806-a89e-0e07a1727659-impl-thread3] INFO  impl.RoleInfo (RoleInfo.java:shutdownFollowerState(110)) - c7cc2fe0-c6a0-4806-a89e-0e07a1727659: shutdown c7cc2fe0-c6a0-4806-a89e-0e07a1727659@group-D9F9BF4B5168-FollowerState
2022-11-04 13:16:48,324 [c7cc2fe0-c6a0-4806-a89e-0e07a1727659@group-D9F9BF4B5168-FollowerState] INFO  impl.FollowerState (FollowerState.java:run(152)) - c7cc2fe0-c6a0-4806-a89e-0e07a1727659@group-D9F9BF4B5168-FollowerState was interrupted
2022-11-04 13:16:48,324 [c7cc2fe0-c6a0-4806-a89e-0e07a1727659-impl-thread3] INFO  impl.StateMachineUpdater (StateMachineUpdater.java:stopAndJoin(153)) - c7cc2fe0-c6a0-4806-a89e-0e07a1727659@group-D9F9BF4B5168-StateMachineUpdater: set stopIndex = -1
2022-11-04 13:16:48,329 [c7cc2fe0-c6a0-4806-a89e-0e07a1727659-impl-thread3] INFO  server.RaftServer$Division (ServerState.java:close(466)) - c7cc2fe0-c6a0-4806-a89e-0e07a1727659@group-D9F9BF4B5168: closes. applyIndex: -1
2022-11-04 13:16:48,330 [c7cc2fe0-c6a0-4806-a89e-0e07a1727659@group-D9F9BF4B5168-SegmentedRaftLogWorker] INFO  segmented.SegmentedRaftLogWorker (SegmentedRaftLogWorker.java:run(345)) - c7cc2fe0-c6a0-4806-a89e-0e07a1727659@group-D9F9BF4B5168-SegmentedRaftLogWorker was interrupted, exiting. There are 0 tasks remaining in the queue.
2022-11-04 13:16:48,330 [c7cc2fe0-c6a0-4806-a89e-0e07a1727659-impl-thread3] INFO  segmented.SegmentedRaftLogWorker (SegmentedRaftLogWorker.java:close(255)) - c7cc2fe0-c6a0-4806-a89e-0e07a1727659@group-D9F9BF4B5168-SegmentedRaftLogWorker close()
2022-11-04 13:16:48,331 [c7cc2fe0-c6a0-4806-a89e-0e07a1727659-impl-thread2] INFO  impl.StateMachineUpdater (StateMachineUpdater.java:stopAndJoin(153)) - c7cc2fe0-c6a0-4806-a89e-0e07a1727659@group-FA853D2A5168-StateMachineUpdater: set stopIndex = -1
2022-11-04 13:16:48,332 [c7cc2fe0-c6a0-4806-a89e-0e07a1727659-impl-thread2] INFO  server.RaftServer$Division (ServerState.java:close(466)) - c7cc2fe0-c6a0-4806-a89e-0e07a1727659@group-FA853D2A5168: closes. applyIndex: -1
2022-11-04 13:16:48,332 [c7cc2fe0-c6a0-4806-a89e-0e07a1727659@group-FA853D2A5168-SegmentedRaftLogWorker] INFO  segmented.SegmentedRaftLogWorker (SegmentedRaftLogWorker.java:run(345)) - c7cc2fe0-c6a0-4806-a89e-0e07a1727659@group-FA853D2A5168-SegmentedRaftLogWorker was interrupted, exiting. There are 0 tasks remaining in the queue.
2022-11-04 13:16:48,332 [c7cc2fe0-c6a0-4806-a89e-0e07a1727659-impl-thread2] INFO  segmented.SegmentedRaftLogWorker (SegmentedRaftLogWorker.java:close(255)) - c7cc2fe0-c6a0-4806-a89e-0e07a1727659@group-FA853D2A5168-SegmentedRaftLogWorker close()
2022-11-04 13:16:48,342 [Listener at 127.0.0.1/35095] INFO  server.GrpcServerProtocolClient (GrpcServerProtocolClient.java:close(111)) - 6e1286b8-b074-4479-bd2c-46da0ae8c43a Close channels
2022-11-04 13:16:48,352 [ForkJoinPool.commonPool-worker-0] INFO  server.GrpcServerProtocolClient (GrpcServerProtocolClient.java:close(111)) - 8d3760b1-f0ab-49a5-9c8a-a39ea99f9aab Close channels
2022-11-04 13:16:48,354 [Listener at 127.0.0.1/35095] INFO  server.GrpcService (GrpcService.java:closeImpl(288)) - c7cc2fe0-c6a0-4806-a89e-0e07a1727659: shutdown server GrpcServerProtocolService successfully
2022-11-04 13:16:48,374 [c7cc2fe0-c6a0-4806-a89e-0e07a1727659@group-2CF5C2F60D11-StateMachineUpdater] INFO  ratis.ContainerStateMachine (ContainerStateMachine.java:takeSnapshot(315)) - group-2CF5C2F60D11: Finished taking a snapshot at:(t:1, i:0) file:/home/runner/work/ozone/ozone/hadoop-ozone/integration-test/target/test-dir/MiniOzoneClusterImpl-0c0bfa66-1f5b-4f11-9fe6-cbebe0503434/datanode-1/data/ratis/bc979f65-e453-4d61-80f7-2cf5c2f60d11/sm/snapshot.1_0 took: 60 ms
2022-11-04 13:16:48,376 [c7cc2fe0-c6a0-4806-a89e-0e07a1727659@group-2CF5C2F60D11-StateMachineUpdater] INFO  impl.StateMachineUpdater (StateMachineUpdater.java:takeSnapshot(287)) - c7cc2fe0-c6a0-4806-a89e-0e07a1727659@group-2CF5C2F60D11-StateMachineUpdater: Took a snapshot at index 0
2022-11-04 13:16:48,376 [c7cc2fe0-c6a0-4806-a89e-0e07a1727659@group-2CF5C2F60D11-StateMachineUpdater] INFO  impl.StateMachineUpdater (StateMachineUpdater.java:lambda$new$0(92)) - c7cc2fe0-c6a0-4806-a89e-0e07a1727659@group-2CF5C2F60D11-StateMachineUpdater: snapshotIndex: updateIncreasingly -1 -> 0
2022-11-04 13:16:48,380 [c7cc2fe0-c6a0-4806-a89e-0e07a1727659-impl-thread1] INFO  server.RaftServer$Division (ServerState.java:close(466)) - c7cc2fe0-c6a0-4806-a89e-0e07a1727659@group-2CF5C2F60D11: closes. applyIndex: 0
2022-11-04 13:16:48,380 [c7cc2fe0-c6a0-4806-a89e-0e07a1727659@group-2CF5C2F60D11-SegmentedRaftLogWorker] INFO  segmented.SegmentedRaftLogWorker (SegmentedRaftLogWorker.java:run(345)) - c7cc2fe0-c6a0-4806-a89e-0e07a1727659@group-2CF5C2F60D11-SegmentedRaftLogWorker was interrupted, exiting. There are 0 tasks remaining in the queue.
2022-11-04 13:16:48,383 [c7cc2fe0-c6a0-4806-a89e-0e07a1727659-impl-thread1] INFO  segmented.SegmentedRaftLogWorker (SegmentedRaftLogWorker.java:close(255)) - c7cc2fe0-c6a0-4806-a89e-0e07a1727659@group-2CF5C2F60D11-SegmentedRaftLogWorker close()
2022-11-04 13:16:48,386 [JvmPauseMonitor2] INFO  util.JvmPauseMonitor (JvmPauseMonitor.java:run(111)) - JvmPauseMonitor-c7cc2fe0-c6a0-4806-a89e-0e07a1727659: Stopped
2022-11-04 13:16:50,045 [6e1286b8-b074-4479-bd2c-46da0ae8c43a@group-FA853D2A5168-FollowerState] INFO  impl.FollowerState (FollowerState.java:run(143)) - 6e1286b8-b074-4479-bd2c-46da0ae8c43a@group-FA853D2A5168-FollowerState: change to CANDIDATE, lastRpcElapsedTime:5055749940ns, electionTimeout:5037ms
2022-11-04 13:16:50,045 [6e1286b8-b074-4479-bd2c-46da0ae8c43a@group-FA853D2A5168-FollowerState] INFO  impl.RoleInfo (RoleInfo.java:shutdownFollowerState(110)) - 6e1286b8-b074-4479-bd2c-46da0ae8c43a: shutdown 6e1286b8-b074-4479-bd2c-46da0ae8c43a@group-FA853D2A5168-FollowerState
2022-11-04 13:16:50,045 [6e1286b8-b074-4479-bd2c-46da0ae8c43a@group-FA853D2A5168-FollowerState] INFO  server.RaftServer$Division (RaftServerImpl.java:setRole(321)) - 6e1286b8-b074-4479-bd2c-46da0ae8c43a@group-FA853D2A5168: changes role from  FOLLOWER to CANDIDATE at term 1 for changeToCandidate
2022-11-04 13:16:50,045 [6e1286b8-b074-4479-bd2c-46da0ae8c43a@group-FA853D2A5168-FollowerState] INFO  server.RaftServerConfigKeys (ConfUtils.java:logGet(46)) - raft.server.leaderelection.pre-vote = false (custom)
2022-11-04 13:16:50,045 [6e1286b8-b074-4479-bd2c-46da0ae8c43a@group-FA853D2A5168-FollowerState] INFO  impl.RoleInfo (RoleInfo.java:updateAndGet(139)) - 6e1286b8-b074-4479-bd2c-46da0ae8c43a: start 6e1286b8-b074-4479-bd2c-46da0ae8c43a@group-FA853D2A5168-LeaderElection20
2022-11-04 13:16:50,048 [6e1286b8-b074-4479-bd2c-46da0ae8c43a@group-FA853D2A5168-LeaderElection20] INFO  impl.LeaderElection (LeaderElection.java:askForVotes(312)) - 6e1286b8-b074-4479-bd2c-46da0ae8c43a@group-FA853D2A5168-LeaderElection20 ELECTION round 0: submit vote requests at term 2 for -1: peers:[c7cc2fe0-c6a0-4806-a89e-0e07a1727659|rpc:10.1.1.104:40287|dataStream:|priority:0|startupRole:FOLLOWER, 6e1286b8-b074-4479-bd2c-46da0ae8c43a|rpc:10.1.1.104:43531|dataStream:|priority:1|startupRole:FOLLOWER, 8d3760b1-f0ab-49a5-9c8a-a39ea99f9aab|rpc:10.1.1.104:40979|dataStream:|priority:0|startupRole:FOLLOWER]|listeners:[], old=null
2022-11-04 13:16:50,049 [6e1286b8-b074-4479-bd2c-46da0ae8c43a@group-FA853D2A5168-LeaderElection20] INFO  server.RaftServerConfigKeys (ConfUtils.java:logFallback(53)) - raft.server.rpc.first-election.timeout.min = 5s (fallback to raft.server.rpc.timeout.min)
2022-11-04 13:16:50,049 [6e1286b8-b074-4479-bd2c-46da0ae8c43a@group-FA853D2A5168-LeaderElection20] INFO  server.RaftServerConfigKeys (ConfUtils.java:logFallback(53)) - raft.server.rpc.first-election.timeout.max = 5200ms (fallback to raft.server.rpc.timeout.max)
2022-11-04 13:16:50,050 [grpc-default-executor-5] INFO  server.RaftServer$Division (RaftServerImpl.java:requestVote(1218)) - 8d3760b1-f0ab-49a5-9c8a-a39ea99f9aab@group-FA853D2A5168: receive requestVote(ELECTION, 6e1286b8-b074-4479-bd2c-46da0ae8c43a, group-FA853D2A5168, 2, (t:0, i:0))
2022-11-04 13:16:50,051 [grpc-default-executor-5] INFO  impl.VoteContext (VoteContext.java:log(48)) - 8d3760b1-f0ab-49a5-9c8a-a39ea99f9aab@group-FA853D2A5168-FOLLOWER: accept ELECTION from 6e1286b8-b074-4479-bd2c-46da0ae8c43a: our priority 0 <= candidate's priority 1
2022-11-04 13:16:50,051 [grpc-default-executor-5] INFO  server.RaftServer$Division (RaftServerImpl.java:setRole(321)) - 8d3760b1-f0ab-49a5-9c8a-a39ea99f9aab@group-FA853D2A5168: changes role from  FOLLOWER to FOLLOWER at term 2 for candidate:6e1286b8-b074-4479-bd2c-46da0ae8c43a
2022-11-04 13:16:50,051 [grpc-default-executor-5] INFO  impl.RoleInfo (RoleInfo.java:shutdownFollowerState(110)) - 8d3760b1-f0ab-49a5-9c8a-a39ea99f9aab: shutdown 8d3760b1-f0ab-49a5-9c8a-a39ea99f9aab@group-FA853D2A5168-FollowerState
2022-11-04 13:16:50,051 [grpc-default-executor-5] INFO  impl.RoleInfo (RoleInfo.java:updateAndGet(139)) - 8d3760b1-f0ab-49a5-9c8a-a39ea99f9aab: start 8d3760b1-f0ab-49a5-9c8a-a39ea99f9aab@group-FA853D2A5168-FollowerState
2022-11-04 13:16:50,051 [8d3760b1-f0ab-49a5-9c8a-a39ea99f9aab@group-FA853D2A5168-FollowerState] INFO  server.RaftServerConfigKeys (ConfUtils.java:logFallback(53)) - raft.server.rpc.first-election.timeout.min = 5s (fallback to raft.server.rpc.timeout.min)
2022-11-04 13:16:50,052 [8d3760b1-f0ab-49a5-9c8a-a39ea99f9aab@group-FA853D2A5168-FollowerState] INFO  server.RaftServerConfigKeys (ConfUtils.java:logFallback(53)) - raft.server.rpc.first-election.timeout.max = 5200ms (fallback to raft.server.rpc.timeout.max)
2022-11-04 13:16:50,052 [8d3760b1-f0ab-49a5-9c8a-a39ea99f9aab@group-FA853D2A5168-FollowerState] INFO  impl.FollowerState (FollowerState.java:run(152)) - 8d3760b1-f0ab-49a5-9c8a-a39ea99f9aab@group-FA853D2A5168-FollowerState was interrupted
2022-11-04 13:16:50,052 [grpc-default-executor-5] INFO  server.RaftServer$Division (RaftServerImpl.java:requestVote(1251)) - 8d3760b1-f0ab-49a5-9c8a-a39ea99f9aab@group-FA853D2A5168 replies to ELECTION vote request: 6e1286b8-b074-4479-bd2c-46da0ae8c43a<-8d3760b1-f0ab-49a5-9c8a-a39ea99f9aab#0:OK-t2. Peer's state: 8d3760b1-f0ab-49a5-9c8a-a39ea99f9aab@group-FA853D2A5168:t2, leader=null, voted=6e1286b8-b074-4479-bd2c-46da0ae8c43a, raftlog=Memoized:8d3760b1-f0ab-49a5-9c8a-a39ea99f9aab@group-FA853D2A5168-SegmentedRaftLog:OPENED:c-1, conf=-1: peers:[c7cc2fe0-c6a0-4806-a89e-0e07a1727659|rpc:10.1.1.104:40287|priority:0|startupRole:FOLLOWER, 6e1286b8-b074-4479-bd2c-46da0ae8c43a|rpc:10.1.1.104:43531|priority:1|startupRole:FOLLOWER, 8d3760b1-f0ab-49a5-9c8a-a39ea99f9aab|rpc:10.1.1.104:40979|priority:0|startupRole:FOLLOWER]|listeners:[], old=null
2022-11-04 13:16:50,053 [6e1286b8-b074-4479-bd2c-46da0ae8c43a@group-FA853D2A5168-LeaderElection20] INFO  impl.LeaderElection (LeaderElection.java:logAndReturn(90)) - 6e1286b8-b074-4479-bd2c-46da0ae8c43a@group-FA853D2A5168-LeaderElection20: ELECTION PASSED received 1 response(s) and 0 exception(s):
2022-11-04 13:16:50,053 [6e1286b8-b074-4479-bd2c-46da0ae8c43a@group-FA853D2A5168-LeaderElection20] INFO  impl.LeaderElection (LeaderElection.java:logAndReturn(94)) -   Response 0: 6e1286b8-b074-4479-bd2c-46da0ae8c43a<-8d3760b1-f0ab-49a5-9c8a-a39ea99f9aab#0:OK-t2
2022-11-04 13:16:50,054 [6e1286b8-b074-4479-bd2c-46da0ae8c43a@group-FA853D2A5168-LeaderElection20] INFO  impl.LeaderElection (LeaderElection.java:askForVotes(314)) - 6e1286b8-b074-4479-bd2c-46da0ae8c43a@group-FA853D2A5168-LeaderElection20 ELECTION round 0: result PASSED
2022-11-04 13:16:50,054 [6e1286b8-b074-4479-bd2c-46da0ae8c43a@group-FA853D2A5168-LeaderElection20] INFO  impl.RoleInfo (RoleInfo.java:shutdownLeaderElection(130)) - 6e1286b8-b074-4479-bd2c-46da0ae8c43a: shutdown 6e1286b8-b074-4479-bd2c-46da0ae8c43a@group-FA853D2A5168-LeaderElection20
2022-11-04 13:16:50,054 [6e1286b8-b074-4479-bd2c-46da0ae8c43a@group-FA853D2A5168-LeaderElection20] INFO  server.RaftServer$Division (RaftServerImpl.java:setRole(321)) - 6e1286b8-b074-4479-bd2c-46da0ae8c43a@group-FA853D2A5168: changes role from CANDIDATE to LEADER at term 2 for changeToLeader
2022-11-04 13:16:50,054 [6e1286b8-b074-4479-bd2c-46da0ae8c43a@group-FA853D2A5168-LeaderElection20] INFO  ratis.XceiverServerRatis (XceiverServerRatis.java:handleLeaderChangedNotification(863)) - Leader change notification received for group: group-FA853D2A5168 with new leaderId: 6e1286b8-b074-4479-bd2c-46da0ae8c43a
2022-11-04 13:16:50,054 [6e1286b8-b074-4479-bd2c-46da0ae8c43a@group-FA853D2A5168-LeaderElection20] INFO  server.RaftServer$Division (ServerState.java:setLeader(313)) - 6e1286b8-b074-4479-bd2c-46da0ae8c43a@group-FA853D2A5168: change Leader from null to 6e1286b8-b074-4479-bd2c-46da0ae8c43a at term 2 for becomeLeader, leader elected after 9471ms
2022-11-04 13:16:50,054 [6e1286b8-b074-4479-bd2c-46da0ae8c43a@group-FA853D2A5168-LeaderElection20] INFO  server.RaftServerConfigKeys (ConfUtils.java:logGet(46)) - raft.server.staging.catchup.gap = 1000 (default)
2022-11-04 13:16:50,054 [6e1286b8-b074-4479-bd2c-46da0ae8c43a@group-FA853D2A5168-LeaderElection20] INFO  server.RaftServerConfigKeys (ConfUtils.java:logGet(46)) - raft.server.write.element-limit = 1024 (custom)
2022-11-04 13:16:50,054 [6e1286b8-b074-4479-bd2c-46da0ae8c43a@group-FA853D2A5168-LeaderElection20] INFO  server.RaftServerConfigKeys (ConfUtils.java:logGet(46)) - raft.server.write.byte-limit = 1024 M (=1073741824) (custom)
2022-11-04 13:16:50,054 [6e1286b8-b074-4479-bd2c-46da0ae8c43a@group-FA853D2A5168-LeaderElection20] INFO  server.RaftServerConfigKeys (ConfUtils.java:logGet(46)) - raft.server.watch.timeout = 180s (custom)
2022-11-04 13:16:50,055 [6e1286b8-b074-4479-bd2c-46da0ae8c43a@group-FA853D2A5168-LeaderElection20] INFO  server.RaftServerConfigKeys (ConfUtils.java:logGet(46)) - raft.server.watch.timeout.denomination = 1s (default)
2022-11-04 13:16:50,055 [6e1286b8-b074-4479-bd2c-46da0ae8c43a@group-FA853D2A5168-LeaderElection20] INFO  server.RaftServerConfigKeys (ConfUtils.java:logGet(46)) - raft.server.watch.element-limit = 65536 (default)
2022-11-04 13:16:50,055 [6e1286b8-b074-4479-bd2c-46da0ae8c43a@group-FA853D2A5168-LeaderElection20] INFO  server.RaftServerConfigKeys (ConfUtils.java:logGet(46)) - raft.server.write.element-limit = 1024 (custom)
2022-11-04 13:16:50,055 [6e1286b8-b074-4479-bd2c-46da0ae8c43a@group-FA853D2A5168-LeaderElection20] INFO  server.RaftServerConfigKeys (ConfUtils.java:logGet(46)) - raft.server.write.follower.gap.ratio.max = -1.0 (default)
2022-11-04 13:16:50,055 [6e1286b8-b074-4479-bd2c-46da0ae8c43a@group-FA853D2A5168-LeaderElection20] INFO  server.RaftServerConfigKeys (ConfUtils.java:logGet(46)) - raft.server.log.appender.snapshot.chunk.size.max = 16MB (=16777216) (default)
2022-11-04 13:16:50,055 [6e1286b8-b074-4479-bd2c-46da0ae8c43a@group-FA853D2A5168-LeaderElection20] INFO  server.RaftServerConfigKeys (ConfUtils.java:logGet(46)) - raft.server.log.appender.buffer.byte-limit = 33554432 (custom)
2022-11-04 13:16:50,055 [6e1286b8-b074-4479-bd2c-46da0ae8c43a@group-FA853D2A5168-LeaderElection20] INFO  server.RaftServerConfigKeys (ConfUtils.java:logGet(46)) - raft.server.log.appender.buffer.element-limit = 1 (custom)
2022-11-04 13:16:50,055 [6e1286b8-b074-4479-bd2c-46da0ae8c43a@group-FA853D2A5168-LeaderElection20] INFO  grpc.GrpcConfigKeys (ConfUtils.java:logGet(46)) - raft.grpc.server.leader.outstanding.appends.max = 128 (default)
2022-11-04 13:16:50,057 [6e1286b8-b074-4479-bd2c-46da0ae8c43a@group-FA853D2A5168-LeaderElection20] INFO  server.RaftServerConfigKeys (ConfUtils.java:logGet(46)) - raft.server.rpc.request.timeout = 60s (custom)
2022-11-04 13:16:50,059 [6e1286b8-b074-4479-bd2c-46da0ae8c43a@group-FA853D2A5168-LeaderElection20] INFO  server.RaftServerConfigKeys (ConfUtils.java:logGet(46)) - raft.server.log.appender.install.snapshot.enabled = false (custom)
2022-11-04 13:16:50,059 [6e1286b8-b074-4479-bd2c-46da0ae8c43a@group-FA853D2A5168-LeaderElection20] INFO  grpc.GrpcConfigKeys (ConfUtils.java:logGet(46)) - raft.grpc.server.heartbeat.channel = true (default)
2022-11-04 13:16:50,059 [6e1286b8-b074-4479-bd2c-46da0ae8c43a@group-FA853D2A5168-LeaderElection20] INFO  server.RaftServerConfigKeys (ConfUtils.java:logGet(46)) - raft.server.log.appender.wait-time.min = 10ms (default)
2022-11-04 13:16:50,060 [6e1286b8-b074-4479-bd2c-46da0ae8c43a@group-FA853D2A5168-LeaderElection20] INFO  server.RaftServerConfigKeys (ConfUtils.java:logGet(46)) - raft.server.log.appender.snapshot.chunk.size.max = 16MB (=16777216) (default)
2022-11-04 13:16:50,060 [6e1286b8-b074-4479-bd2c-46da0ae8c43a@group-FA853D2A5168-LeaderElection20] INFO  server.RaftServerConfigKeys (ConfUtils.java:logGet(46)) - raft.server.log.appender.buffer.byte-limit = 33554432 (custom)
2022-11-04 13:16:50,060 [6e1286b8-b074-4479-bd2c-46da0ae8c43a@group-FA853D2A5168-LeaderElection20] INFO  server.RaftServerConfigKeys (ConfUtils.java:logGet(46)) - raft.server.log.appender.buffer.element-limit = 1 (custom)
2022-11-04 13:16:50,060 [6e1286b8-b074-4479-bd2c-46da0ae8c43a@group-FA853D2A5168-LeaderElection20] INFO  grpc.GrpcConfigKeys (ConfUtils.java:logGet(46)) - raft.grpc.server.leader.outstanding.appends.max = 128 (default)
2022-11-04 13:16:50,060 [6e1286b8-b074-4479-bd2c-46da0ae8c43a@group-FA853D2A5168-LeaderElection20] INFO  server.RaftServerConfigKeys (ConfUtils.java:logGet(46)) - raft.server.rpc.request.timeout = 60s (custom)
2022-11-04 13:16:50,060 [6e1286b8-b074-4479-bd2c-46da0ae8c43a@group-FA853D2A5168-LeaderElection20] INFO  server.RaftServerConfigKeys (ConfUtils.java:logGet(46)) - raft.server.log.appender.install.snapshot.enabled = false (custom)
2022-11-04 13:16:50,060 [6e1286b8-b074-4479-bd2c-46da0ae8c43a@group-FA853D2A5168-LeaderElection20] INFO  grpc.GrpcConfigKeys (ConfUtils.java:logGet(46)) - raft.grpc.server.heartbeat.channel = true (default)
2022-11-04 13:16:50,060 [6e1286b8-b074-4479-bd2c-46da0ae8c43a@group-FA853D2A5168-LeaderElection20] INFO  server.RaftServerConfigKeys (ConfUtils.java:logGet(46)) - raft.server.log.appender.wait-time.min = 10ms (default)
2022-11-04 13:16:50,060 [EventQueue-PipelineReportForPipelineReportHandler] INFO  pipeline.PipelineManagerImpl (PipelineManagerImpl.java:openPipeline(367)) - Pipeline Pipeline[ Id: 3733acae-4637-413b-b21d-fa853d2a5168, Nodes: 6e1286b8-b074-4479-bd2c-46da0ae8c43a{ip: 10.1.1.104, host: fv-az443-313.ap2fcshprsnunfx25e1aelzb4b.cx.internal.cloudapp.net, ports: [REPLICATION=39547, RATIS=43531, RATIS_ADMIN=43531, RATIS_SERVER=43531, STANDALONE=42445], networkLocation: /default-rack, certSerialId: null, persistedOpState: IN_SERVICE, persistedOpStateExpiryEpochSec: 0}c7cc2fe0-c6a0-4806-a89e-0e07a1727659{ip: 10.1.1.104, host: fv-az443-313.ap2fcshprsnunfx25e1aelzb4b.cx.internal.cloudapp.net, ports: [REPLICATION=44479, RATIS=40287, RATIS_ADMIN=40287, RATIS_SERVER=40287, STANDALONE=46851], networkLocation: /default-rack, certSerialId: null, persistedOpState: IN_SERVICE, persistedOpStateExpiryEpochSec: 0}8d3760b1-f0ab-49a5-9c8a-a39ea99f9aab{ip: 10.1.1.104, host: fv-az443-313.ap2fcshprsnunfx25e1aelzb4b.cx.internal.cloudapp.net, ports: [REPLICATION=44345, RATIS=40979, RATIS_ADMIN=40979, RATIS_SERVER=40979, STANDALONE=43541], networkLocation: /default-rack, certSerialId: null, persistedOpState: IN_SERVICE, persistedOpStateExpiryEpochSec: 0}, ReplicationConfig: RATIS/THREE, State:ALLOCATED, leaderId:6e1286b8-b074-4479-bd2c-46da0ae8c43a, CreationTimestamp2022-11-04T13:16:37.527Z[Etc/UTC]] moved to OPEN state
2022-11-04 13:16:50,061 [6e1286b8-b074-4479-bd2c-46da0ae8c43a@group-FA853D2A5168-LeaderElection20] INFO  impl.RoleInfo (RoleInfo.java:updateAndGet(139)) - 6e1286b8-b074-4479-bd2c-46da0ae8c43a: start 6e1286b8-b074-4479-bd2c-46da0ae8c43a@group-FA853D2A5168-LeaderStateImpl
2022-11-04 13:16:50,061 [6e1286b8-b074-4479-bd2c-46da0ae8c43a@group-FA853D2A5168-LeaderElection20] INFO  segmented.SegmentedRaftLogWorker (SegmentedRaftLogWorker.java:startLogSegment(452)) - 6e1286b8-b074-4479-bd2c-46da0ae8c43a@group-FA853D2A5168-SegmentedRaftLogWorker: Starting segment from index:0
2022-11-04 13:16:50,063 [6e1286b8-b074-4479-bd2c-46da0ae8c43a@group-FA853D2A5168-SegmentedRaftLogWorker] INFO  segmented.SegmentedRaftLogWorker (SegmentedRaftLogWorker.java:execute(656)) - 6e1286b8-b074-4479-bd2c-46da0ae8c43a@group-FA853D2A5168-SegmentedRaftLogWorker: created new log segment /home/runner/work/ozone/ozone/hadoop-ozone/integration-test/target/test-dir/MiniOzoneClusterImpl-0c0bfa66-1f5b-4f11-9fe6-cbebe0503434/datanode-2/data/ratis/3733acae-4637-413b-b21d-fa853d2a5168/current/log_inprogress_0
2022-11-04 13:16:50,069 [6e1286b8-b074-4479-bd2c-46da0ae8c43a@group-FA853D2A5168-LeaderElection20] INFO  server.RaftServer$Division (ServerState.java:setRaftConf(430)) - 6e1286b8-b074-4479-bd2c-46da0ae8c43a@group-FA853D2A5168: set configuration 0: peers:[c7cc2fe0-c6a0-4806-a89e-0e07a1727659|rpc:10.1.1.104:40287|dataStream:|priority:0|startupRole:FOLLOWER, 6e1286b8-b074-4479-bd2c-46da0ae8c43a|rpc:10.1.1.104:43531|dataStream:|priority:1|startupRole:FOLLOWER, 8d3760b1-f0ab-49a5-9c8a-a39ea99f9aab|rpc:10.1.1.104:40979|dataStream:|priority:0|startupRole:FOLLOWER]|listeners:[], old=null
2022-11-04 13:16:50,092 [grpc-default-executor-3] WARN  server.GrpcLogAppender (LogUtils.java:warn(122)) - 6e1286b8-b074-4479-bd2c-46da0ae8c43a@group-FA853D2A5168->c7cc2fe0-c6a0-4806-a89e-0e07a1727659-AppendLogResponseHandler: Failed appendEntries: org.apache.ratis.thirdparty.io.grpc.StatusRuntimeException: UNAVAILABLE: io exception
2022-11-04 13:16:50,093 [8d3760b1-f0ab-49a5-9c8a-a39ea99f9aab-server-thread1] INFO  ratis.XceiverServerRatis (XceiverServerRatis.java:handleLeaderChangedNotification(863)) - Leader change notification received for group: group-FA853D2A5168 with new leaderId: 6e1286b8-b074-4479-bd2c-46da0ae8c43a
2022-11-04 13:16:50,093 [8d3760b1-f0ab-49a5-9c8a-a39ea99f9aab-server-thread1] INFO  server.RaftServer$Division (ServerState.java:setLeader(313)) - 8d3760b1-f0ab-49a5-9c8a-a39ea99f9aab@group-FA853D2A5168: change Leader from null to 6e1286b8-b074-4479-bd2c-46da0ae8c43a at term 2 for appendEntries, leader elected after 10291ms
2022-11-04 13:16:50,095 [grpc-default-executor-3] WARN  server.GrpcLogAppender (GrpcLogAppender.java:resetClient(131)) - 6e1286b8-b074-4479-bd2c-46da0ae8c43a@group-FA853D2A5168->c7cc2fe0-c6a0-4806-a89e-0e07a1727659-GrpcLogAppender: Leader has not got in touch with Follower 6e1286b8-b074-4479-bd2c-46da0ae8c43a@group-FA853D2A5168->c7cc2fe0-c6a0-4806-a89e-0e07a1727659(c-1,m0,n1, attendVote=true, lastRpcSendTime=22, lastRpcResponseTime=5240) yet, just keep nextIndex unchanged and retry.
2022-11-04 13:16:50,092 [grpc-default-executor-5] WARN  server.GrpcLogAppender (LogUtils.java:warn(122)) - 6e1286b8-b074-4479-bd2c-46da0ae8c43a@group-FA853D2A5168->c7cc2fe0-c6a0-4806-a89e-0e07a1727659-AppendLogResponseHandler: Failed appendEntries: org.apache.ratis.thirdparty.io.grpc.StatusRuntimeException: UNAVAILABLE: io exception
2022-11-04 13:16:50,096 [grpc-default-executor-5] WARN  server.GrpcLogAppender (GrpcLogAppender.java:resetClient(131)) - 6e1286b8-b074-4479-bd2c-46da0ae8c43a@group-FA853D2A5168->c7cc2fe0-c6a0-4806-a89e-0e07a1727659-GrpcLogAppender: Leader has not got in touch with Follower 6e1286b8-b074-4479-bd2c-46da0ae8c43a@group-FA853D2A5168->c7cc2fe0-c6a0-4806-a89e-0e07a1727659(c-1,m0,n1, attendVote=true, lastRpcSendTime=23, lastRpcResponseTime=5241) yet, just keep nextIndex unchanged and retry.
2022-11-04 13:16:50,098 [8d3760b1-f0ab-49a5-9c8a-a39ea99f9aab-server-thread1] INFO  server.RaftServer$Division (ServerState.java:setRaftConf(430)) - 8d3760b1-f0ab-49a5-9c8a-a39ea99f9aab@group-FA853D2A5168: set configuration 0: peers:[c7cc2fe0-c6a0-4806-a89e-0e07a1727659|rpc:10.1.1.104:40287|dataStream:|priority:0|startupRole:FOLLOWER, 6e1286b8-b074-4479-bd2c-46da0ae8c43a|rpc:10.1.1.104:43531|dataStream:|priority:1|startupRole:FOLLOWER, 8d3760b1-f0ab-49a5-9c8a-a39ea99f9aab|rpc:10.1.1.104:40979|dataStream:|priority:0|startupRole:FOLLOWER]|listeners:[], old=null
2022-11-04 13:16:50,099 [8d3760b1-f0ab-49a5-9c8a-a39ea99f9aab-server-thread1] INFO  segmented.SegmentedRaftLogWorker (SegmentedRaftLogWorker.java:startLogSegment(452)) - 8d3760b1-f0ab-49a5-9c8a-a39ea99f9aab@group-FA853D2A5168-SegmentedRaftLogWorker: Starting segment from index:0
2022-11-04 13:16:50,100 [8d3760b1-f0ab-49a5-9c8a-a39ea99f9aab@group-FA853D2A5168-SegmentedRaftLogWorker] INFO  segmented.SegmentedRaftLogWorker (SegmentedRaftLogWorker.java:execute(656)) - 8d3760b1-f0ab-49a5-9c8a-a39ea99f9aab@group-FA853D2A5168-SegmentedRaftLogWorker: created new log segment /home/runner/work/ozone/ozone/hadoop-ozone/integration-test/target/test-dir/MiniOzoneClusterImpl-0c0bfa66-1f5b-4f11-9fe6-cbebe0503434/datanode-0/data/ratis/3733acae-4637-413b-b21d-fa853d2a5168/current/log_inprogress_0
2022-11-04 13:16:50,437 [Listener at 127.0.0.1/35095] INFO  volume.HddsVolume (HddsVolume.java:closeDbStore(338)) - SchemaV3 db is stopped at /home/runner/work/ozone/ozone/hadoop-ozone/integration-test/target/test-dir/MiniOzoneClusterImpl-0c0bfa66-1f5b-4f11-9fe6-cbebe0503434/datanode-1/data-0/containers/hdds/0c0bfa66-1f5b-4f11-9fe6-cbebe0503434/DS-64a723b0-98e6-4f29-a5f6-9164ccaafc9e/container.db for volume DS-64a723b0-98e6-4f29-a5f6-9164ccaafc9e
2022-11-04 13:16:50,437 [Listener at 127.0.0.1/35095] INFO  utils.BackgroundService (BackgroundService.java:shutdown(141)) - Shutting down service BlockDeletingService
2022-11-04 13:16:50,438 [Listener at 127.0.0.1/35095] INFO  utils.BackgroundService (BackgroundService.java:shutdown(141)) - Shutting down service StaleRecoveringContainerScrubbingService
2022-11-04 13:16:50,446 [Listener at 127.0.0.1/35095] INFO  statemachine.DatanodeStateMachine (DatanodeStateMachine.java:stopDaemon(593)) - Ozone container server stopped.
2022-11-04 13:16:50,457 [Listener at 127.0.0.1/35095] INFO  handler.ContextHandler (ContextHandler.java:doStop(1159)) - Stopped o.e.j.w.WebAppContext@d13d812{hddsDatanode,/,null,STOPPED}{jar:file:/home/runner/.m2/repository/org/apache/ozone/hdds-container-service/1.3.0-SNAPSHOT/hdds-container-service-1.3.0-SNAPSHOT.jar!/webapps/hddsDatanode}
2022-11-04 13:16:50,461 [Listener at 127.0.0.1/35095] INFO  server.AbstractConnector (AbstractConnector.java:doStop(383)) - Stopped ServerConnector@4260f222{HTTP/1.1, (http/1.1)}{0.0.0.0:0}
2022-11-04 13:16:50,461 [Listener at 127.0.0.1/35095] INFO  server.session (HouseKeeper.java:stopScavenging(149)) - node0 Stopped scavenging
2022-11-04 13:16:50,462 [Listener at 127.0.0.1/35095] INFO  handler.ContextHandler (ContextHandler.java:doStop(1159)) - Stopped o.e.j.s.ServletContextHandler@4c9d87ff{static,/static,jar:file:/home/runner/.m2/repository/org/apache/ozone/hdds-container-service/1.3.0-SNAPSHOT/hdds-container-service-1.3.0-SNAPSHOT.jar!/webapps/static,STOPPED}
2022-11-04 13:16:50,462 [Listener at 127.0.0.1/35095] INFO  handler.ContextHandler (ContextHandler.java:doStop(1159)) - Stopped o.e.j.s.ServletContextHandler@2d5edbad{logs,/logs,file:///home/runner/work/ozone/ozone/hadoop-ozone/integration-test/target/log,STOPPED}
2022-11-04 13:16:51,008 [8d3760b1-f0ab-49a5-9c8a-a39ea99f9aab@group-D9F9BF4B5168-FollowerState] INFO  impl.FollowerState (FollowerState.java:run(143)) - 8d3760b1-f0ab-49a5-9c8a-a39ea99f9aab@group-D9F9BF4B5168-FollowerState: change to CANDIDATE, lastRpcElapsedTime:5103856479ns, electionTimeout:5103ms
2022-11-04 13:16:51,008 [8d3760b1-f0ab-49a5-9c8a-a39ea99f9aab@group-D9F9BF4B5168-FollowerState] INFO  impl.RoleInfo (RoleInfo.java:shutdownFollowerState(110)) - 8d3760b1-f0ab-49a5-9c8a-a39ea99f9aab: shutdown 8d3760b1-f0ab-49a5-9c8a-a39ea99f9aab@group-D9F9BF4B5168-FollowerState
2022-11-04 13:16:51,008 [8d3760b1-f0ab-49a5-9c8a-a39ea99f9aab@group-D9F9BF4B5168-FollowerState] INFO  server.RaftServer$Division (RaftServerImpl.java:setRole(321)) - 8d3760b1-f0ab-49a5-9c8a-a39ea99f9aab@group-D9F9BF4B5168: changes role from  FOLLOWER to CANDIDATE at term 1 for changeToCandidate
2022-11-04 13:16:51,008 [8d3760b1-f0ab-49a5-9c8a-a39ea99f9aab@group-D9F9BF4B5168-FollowerState] INFO  server.RaftServerConfigKeys (ConfUtils.java:logGet(46)) - raft.server.leaderelection.pre-vote = false (custom)
2022-11-04 13:16:51,008 [8d3760b1-f0ab-49a5-9c8a-a39ea99f9aab@group-D9F9BF4B5168-FollowerState] INFO  impl.RoleInfo (RoleInfo.java:updateAndGet(139)) - 8d3760b1-f0ab-49a5-9c8a-a39ea99f9aab: start 8d3760b1-f0ab-49a5-9c8a-a39ea99f9aab@group-D9F9BF4B5168-LeaderElection21
2022-11-04 13:16:51,013 [8d3760b1-f0ab-49a5-9c8a-a39ea99f9aab@group-D9F9BF4B5168-LeaderElection21] INFO  impl.LeaderElection (LeaderElection.java:askForVotes(312)) - 8d3760b1-f0ab-49a5-9c8a-a39ea99f9aab@group-D9F9BF4B5168-LeaderElection21 ELECTION round 0: submit vote requests at term 2 for -1: peers:[c7cc2fe0-c6a0-4806-a89e-0e07a1727659|rpc:10.1.1.104:40287|priority:1|startupRole:FOLLOWER, 6e1286b8-b074-4479-bd2c-46da0ae8c43a|rpc:10.1.1.104:43531|priority:0|startupRole:FOLLOWER, 8d3760b1-f0ab-49a5-9c8a-a39ea99f9aab|rpc:10.1.1.104:40979|priority:0|startupRole:FOLLOWER]|listeners:[], old=null
2022-11-04 13:16:51,016 [8d3760b1-f0ab-49a5-9c8a-a39ea99f9aab@group-D9F9BF4B5168-LeaderElection21] INFO  server.RaftServerConfigKeys (ConfUtils.java:logFallback(53)) - raft.server.rpc.first-election.timeout.min = 5s (fallback to raft.server.rpc.timeout.min)
2022-11-04 13:16:51,024 [8d3760b1-f0ab-49a5-9c8a-a39ea99f9aab@group-D9F9BF4B5168-LeaderElection21] INFO  server.RaftServerConfigKeys (ConfUtils.java:logFallback(53)) - raft.server.rpc.first-election.timeout.max = 5200ms (fallback to raft.server.rpc.timeout.max)
2022-11-04 13:16:51,026 [6e1286b8-b074-4479-bd2c-46da0ae8c43a@group-D9F9BF4B5168-FollowerState] INFO  impl.FollowerState (FollowerState.java:run(143)) - 6e1286b8-b074-4479-bd2c-46da0ae8c43a@group-D9F9BF4B5168-FollowerState: change to CANDIDATE, lastRpcElapsedTime:5102109871ns, electionTimeout:5082ms
2022-11-04 13:16:51,026 [6e1286b8-b074-4479-bd2c-46da0ae8c43a@group-D9F9BF4B5168-FollowerState] INFO  impl.RoleInfo (RoleInfo.java:shutdownFollowerState(110)) - 6e1286b8-b074-4479-bd2c-46da0ae8c43a: shutdown 6e1286b8-b074-4479-bd2c-46da0ae8c43a@group-D9F9BF4B5168-FollowerState
2022-11-04 13:16:51,026 [6e1286b8-b074-4479-bd2c-46da0ae8c43a@group-D9F9BF4B5168-FollowerState] INFO  server.RaftServer$Division (RaftServerImpl.java:setRole(321)) - 6e1286b8-b074-4479-bd2c-46da0ae8c43a@group-D9F9BF4B5168: changes role from  FOLLOWER to CANDIDATE at term 1 for changeToCandidate
2022-11-04 13:16:51,026 [6e1286b8-b074-4479-bd2c-46da0ae8c43a@group-D9F9BF4B5168-FollowerState] INFO  server.RaftServerConfigKeys (ConfUtils.java:logGet(46)) - raft.server.leaderelection.pre-vote = false (custom)
2022-11-04 13:16:51,026 [6e1286b8-b074-4479-bd2c-46da0ae8c43a@group-D9F9BF4B5168-FollowerState] INFO  impl.RoleInfo (RoleInfo.java:updateAndGet(139)) - 6e1286b8-b074-4479-bd2c-46da0ae8c43a: start 6e1286b8-b074-4479-bd2c-46da0ae8c43a@group-D9F9BF4B5168-LeaderElection22
2022-11-04 13:16:51,028 [grpc-default-executor-4] INFO  server.RaftServer$Division (RaftServerImpl.java:requestVote(1218)) - 6e1286b8-b074-4479-bd2c-46da0ae8c43a@group-D9F9BF4B5168: receive requestVote(ELECTION, 8d3760b1-f0ab-49a5-9c8a-a39ea99f9aab, group-D9F9BF4B5168, 2, (t:0, i:0))
2022-11-04 13:16:51,028 [grpc-default-executor-4] INFO  impl.VoteContext (VoteContext.java:log(48)) - 6e1286b8-b074-4479-bd2c-46da0ae8c43a@group-D9F9BF4B5168-CANDIDATE: accept ELECTION from 8d3760b1-f0ab-49a5-9c8a-a39ea99f9aab: our priority 0 <= candidate's priority 0
2022-11-04 13:16:51,028 [grpc-default-executor-4] INFO  server.RaftServer$Division (RaftServerImpl.java:setRole(321)) - 6e1286b8-b074-4479-bd2c-46da0ae8c43a@group-D9F9BF4B5168: changes role from CANDIDATE to FOLLOWER at term 2 for candidate:8d3760b1-f0ab-49a5-9c8a-a39ea99f9aab
2022-11-04 13:16:51,029 [grpc-default-executor-4] INFO  impl.RoleInfo (RoleInfo.java:shutdownLeaderElection(130)) - 6e1286b8-b074-4479-bd2c-46da0ae8c43a: shutdown 6e1286b8-b074-4479-bd2c-46da0ae8c43a@group-D9F9BF4B5168-LeaderElection22
2022-11-04 13:16:51,029 [grpc-default-executor-4] INFO  impl.RoleInfo (RoleInfo.java:updateAndGet(139)) - 6e1286b8-b074-4479-bd2c-46da0ae8c43a: start 6e1286b8-b074-4479-bd2c-46da0ae8c43a@group-D9F9BF4B5168-FollowerState
2022-11-04 13:16:51,029 [6e1286b8-b074-4479-bd2c-46da0ae8c43a@group-D9F9BF4B5168-LeaderElection22] INFO  impl.LeaderElection (LeaderElection.java:run(233)) - 6e1286b8-b074-4479-bd2c-46da0ae8c43a@group-D9F9BF4B5168-LeaderElection22: skip running since this is already CLOSING
2022-11-04 13:16:51,032 [6e1286b8-b074-4479-bd2c-46da0ae8c43a@group-D9F9BF4B5168-FollowerState] INFO  server.RaftServerConfigKeys (ConfUtils.java:logFallback(53)) - raft.server.rpc.first-election.timeout.min = 5s (fallback to raft.server.rpc.timeout.min)
2022-11-04 13:16:51,032 [6e1286b8-b074-4479-bd2c-46da0ae8c43a@group-D9F9BF4B5168-FollowerState] INFO  server.RaftServerConfigKeys (ConfUtils.java:logFallback(53)) - raft.server.rpc.first-election.timeout.max = 5200ms (fallback to raft.server.rpc.timeout.max)
2022-11-04 13:16:51,034 [grpc-default-executor-4] INFO  server.RaftServer$Division (RaftServerImpl.java:requestVote(1251)) - 6e1286b8-b074-4479-bd2c-46da0ae8c43a@group-D9F9BF4B5168 replies to ELECTION vote request: 8d3760b1-f0ab-49a5-9c8a-a39ea99f9aab<-6e1286b8-b074-4479-bd2c-46da0ae8c43a#0:OK-t2. Peer's state: 6e1286b8-b074-4479-bd2c-46da0ae8c43a@group-D9F9BF4B5168:t2, leader=null, voted=8d3760b1-f0ab-49a5-9c8a-a39ea99f9aab, raftlog=Memoized:6e1286b8-b074-4479-bd2c-46da0ae8c43a@group-D9F9BF4B5168-SegmentedRaftLog:OPENED:c-1, conf=-1: peers:[c7cc2fe0-c6a0-4806-a89e-0e07a1727659|rpc:10.1.1.104:40287|priority:1|startupRole:FOLLOWER, 6e1286b8-b074-4479-bd2c-46da0ae8c43a|rpc:10.1.1.104:43531|priority:0|startupRole:FOLLOWER, 8d3760b1-f0ab-49a5-9c8a-a39ea99f9aab|rpc:10.1.1.104:40979|priority:0|startupRole:FOLLOWER]|listeners:[], old=null
2022-11-04 13:16:51,034 [8d3760b1-f0ab-49a5-9c8a-a39ea99f9aab@group-D9F9BF4B5168-LeaderElection21] INFO  impl.LeaderElection (LogUtils.java:infoOrTrace(137)) - 8d3760b1-f0ab-49a5-9c8a-a39ea99f9aab@group-D9F9BF4B5168-LeaderElection21 got exception when requesting votes: java.util.concurrent.ExecutionException: org.apache.ratis.thirdparty.io.grpc.StatusRuntimeException: UNAVAILABLE: io exception
2022-11-04 13:16:51,036 [8d3760b1-f0ab-49a5-9c8a-a39ea99f9aab@group-D9F9BF4B5168-LeaderElection21] INFO  impl.LeaderElection (LeaderElection.java:logAndReturn(90)) - 8d3760b1-f0ab-49a5-9c8a-a39ea99f9aab@group-D9F9BF4B5168-LeaderElection21: ELECTION PASSED received 1 response(s) and 1 exception(s):
2022-11-04 13:16:51,036 [8d3760b1-f0ab-49a5-9c8a-a39ea99f9aab@group-D9F9BF4B5168-LeaderElection21] INFO  impl.LeaderElection (LeaderElection.java:logAndReturn(94)) -   Response 0: 8d3760b1-f0ab-49a5-9c8a-a39ea99f9aab<-6e1286b8-b074-4479-bd2c-46da0ae8c43a#0:OK-t2
2022-11-04 13:16:51,036 [8d3760b1-f0ab-49a5-9c8a-a39ea99f9aab@group-D9F9BF4B5168-LeaderElection21] INFO  impl.LeaderElection (LogUtils.java:infoOrTrace(137)) -   Exception 1: java.util.concurrent.ExecutionException: org.apache.ratis.thirdparty.io.grpc.StatusRuntimeException: UNAVAILABLE: io exception
2022-11-04 13:16:51,036 [8d3760b1-f0ab-49a5-9c8a-a39ea99f9aab@group-D9F9BF4B5168-LeaderElection21] INFO  impl.LeaderElection (LeaderElection.java:askForVotes(314)) - 8d3760b1-f0ab-49a5-9c8a-a39ea99f9aab@group-D9F9BF4B5168-LeaderElection21 ELECTION round 0: result PASSED
2022-11-04 13:16:51,036 [8d3760b1-f0ab-49a5-9c8a-a39ea99f9aab@group-D9F9BF4B5168-LeaderElection21] INFO  impl.RoleInfo (RoleInfo.java:shutdownLeaderElection(130)) - 8d3760b1-f0ab-49a5-9c8a-a39ea99f9aab: shutdown 8d3760b1-f0ab-49a5-9c8a-a39ea99f9aab@group-D9F9BF4B5168-LeaderElection21
2022-11-04 13:16:51,036 [8d3760b1-f0ab-49a5-9c8a-a39ea99f9aab@group-D9F9BF4B5168-LeaderElection21] INFO  server.RaftServer$Division (RaftServerImpl.java:setRole(321)) - 8d3760b1-f0ab-49a5-9c8a-a39ea99f9aab@group-D9F9BF4B5168: changes role from CANDIDATE to LEADER at term 2 for changeToLeader
2022-11-04 13:16:51,036 [8d3760b1-f0ab-49a5-9c8a-a39ea99f9aab@group-D9F9BF4B5168-LeaderElection21] INFO  ratis.XceiverServerRatis (XceiverServerRatis.java:handleLeaderChangedNotification(863)) - Leader change notification received for group: group-D9F9BF4B5168 with new leaderId: 8d3760b1-f0ab-49a5-9c8a-a39ea99f9aab
2022-11-04 13:16:51,036 [8d3760b1-f0ab-49a5-9c8a-a39ea99f9aab@group-D9F9BF4B5168-LeaderElection21] INFO  server.RaftServer$Division (ServerState.java:setLeader(313)) - 8d3760b1-f0ab-49a5-9c8a-a39ea99f9aab@group-D9F9BF4B5168: change Leader from null to 8d3760b1-f0ab-49a5-9c8a-a39ea99f9aab at term 2 for becomeLeader, leader elected after 10163ms
2022-11-04 13:16:51,037 [8d3760b1-f0ab-49a5-9c8a-a39ea99f9aab@group-D9F9BF4B5168-LeaderElection21] INFO  server.RaftServerConfigKeys (ConfUtils.java:logGet(46)) - raft.server.staging.catchup.gap = 1000 (default)
2022-11-04 13:16:51,037 [8d3760b1-f0ab-49a5-9c8a-a39ea99f9aab@group-D9F9BF4B5168-LeaderElection21] INFO  server.RaftServerConfigKeys (ConfUtils.java:logGet(46)) - raft.server.write.element-limit = 1024 (custom)
2022-11-04 13:16:51,037 [8d3760b1-f0ab-49a5-9c8a-a39ea99f9aab@group-D9F9BF4B5168-LeaderElection21] INFO  server.RaftServerConfigKeys (ConfUtils.java:logGet(46)) - raft.server.write.byte-limit = 1024 M (=1073741824) (custom)
2022-11-04 13:16:51,037 [8d3760b1-f0ab-49a5-9c8a-a39ea99f9aab@group-D9F9BF4B5168-LeaderElection21] INFO  server.RaftServerConfigKeys (ConfUtils.java:logGet(46)) - raft.server.watch.timeout = 180s (custom)
2022-11-04 13:16:51,037 [8d3760b1-f0ab-49a5-9c8a-a39ea99f9aab@group-D9F9BF4B5168-LeaderElection21] INFO  server.RaftServerConfigKeys (ConfUtils.java:logGet(46)) - raft.server.watch.timeout.denomination = 1s (default)
2022-11-04 13:16:51,037 [8d3760b1-f0ab-49a5-9c8a-a39ea99f9aab@group-D9F9BF4B5168-LeaderElection21] INFO  server.RaftServerConfigKeys (ConfUtils.java:logGet(46)) - raft.server.watch.element-limit = 65536 (default)
2022-11-04 13:16:51,037 [8d3760b1-f0ab-49a5-9c8a-a39ea99f9aab@group-D9F9BF4B5168-LeaderElection21] INFO  server.RaftServerConfigKeys (ConfUtils.java:logGet(46)) - raft.server.write.element-limit = 1024 (custom)
2022-11-04 13:16:51,037 [8d3760b1-f0ab-49a5-9c8a-a39ea99f9aab@group-D9F9BF4B5168-LeaderElection21] INFO  server.RaftServerConfigKeys (ConfUtils.java:logGet(46)) - raft.server.write.follower.gap.ratio.max = -1.0 (default)
2022-11-04 13:16:51,038 [8d3760b1-f0ab-49a5-9c8a-a39ea99f9aab@group-D9F9BF4B5168-LeaderElection21] INFO  server.RaftServerConfigKeys (ConfUtils.java:logGet(46)) - raft.server.log.appender.snapshot.chunk.size.max = 16MB (=16777216) (default)
2022-11-04 13:16:51,038 [8d3760b1-f0ab-49a5-9c8a-a39ea99f9aab@group-D9F9BF4B5168-LeaderElection21] INFO  server.RaftServerConfigKeys (ConfUtils.java:logGet(46)) - raft.server.log.appender.buffer.byte-limit = 33554432 (custom)
2022-11-04 13:16:51,038 [8d3760b1-f0ab-49a5-9c8a-a39ea99f9aab@group-D9F9BF4B5168-LeaderElection21] INFO  server.RaftServerConfigKeys (ConfUtils.java:logGet(46)) - raft.server.log.appender.buffer.element-limit = 1 (custom)
2022-11-04 13:16:51,038 [8d3760b1-f0ab-49a5-9c8a-a39ea99f9aab@group-D9F9BF4B5168-LeaderElection21] INFO  grpc.GrpcConfigKeys (ConfUtils.java:logGet(46)) - raft.grpc.server.leader.outstanding.appends.max = 128 (default)
2022-11-04 13:16:51,038 [8d3760b1-f0ab-49a5-9c8a-a39ea99f9aab@group-D9F9BF4B5168-LeaderElection21] INFO  server.RaftServerConfigKeys (ConfUtils.java:logGet(46)) - raft.server.rpc.request.timeout = 60s (custom)
2022-11-04 13:16:51,038 [8d3760b1-f0ab-49a5-9c8a-a39ea99f9aab@group-D9F9BF4B5168-LeaderElection21] INFO  server.RaftServerConfigKeys (ConfUtils.java:logGet(46)) - raft.server.log.appender.install.snapshot.enabled = false (custom)
2022-11-04 13:16:51,038 [8d3760b1-f0ab-49a5-9c8a-a39ea99f9aab@group-D9F9BF4B5168-LeaderElection21] INFO  grpc.GrpcConfigKeys (ConfUtils.java:logGet(46)) - raft.grpc.server.heartbeat.channel = true (default)
2022-11-04 13:16:51,038 [8d3760b1-f0ab-49a5-9c8a-a39ea99f9aab@group-D9F9BF4B5168-LeaderElection21] INFO  server.RaftServerConfigKeys (ConfUtils.java:logGet(46)) - raft.server.log.appender.wait-time.min = 10ms (default)
2022-11-04 13:16:51,040 [8d3760b1-f0ab-49a5-9c8a-a39ea99f9aab@group-D9F9BF4B5168-LeaderElection21] INFO  server.RaftServerConfigKeys (ConfUtils.java:logGet(46)) - raft.server.log.appender.snapshot.chunk.size.max = 16MB (=16777216) (default)
2022-11-04 13:16:51,040 [8d3760b1-f0ab-49a5-9c8a-a39ea99f9aab@group-D9F9BF4B5168-LeaderElection21] INFO  server.RaftServerConfigKeys (ConfUtils.java:logGet(46)) - raft.server.log.appender.buffer.byte-limit = 33554432 (custom)
2022-11-04 13:16:51,044 [8d3760b1-f0ab-49a5-9c8a-a39ea99f9aab@group-D9F9BF4B5168-LeaderElection21] INFO  server.RaftServerConfigKeys (ConfUtils.java:logGet(46)) - raft.server.log.appender.buffer.element-limit = 1 (custom)
2022-11-04 13:16:51,044 [8d3760b1-f0ab-49a5-9c8a-a39ea99f9aab@group-D9F9BF4B5168-LeaderElection21] INFO  grpc.GrpcConfigKeys (ConfUtils.java:logGet(46)) - raft.grpc.server.leader.outstanding.appends.max = 128 (default)
2022-11-04 13:16:51,044 [8d3760b1-f0ab-49a5-9c8a-a39ea99f9aab@group-D9F9BF4B5168-LeaderElection21] INFO  server.RaftServerConfigKeys (ConfUtils.java:logGet(46)) - raft.server.rpc.request.timeout = 60s (custom)
2022-11-04 13:16:51,044 [8d3760b1-f0ab-49a5-9c8a-a39ea99f9aab@group-D9F9BF4B5168-LeaderElection21] INFO  server.RaftServerConfigKeys (ConfUtils.java:logGet(46)) - raft.server.log.appender.install.snapshot.enabled = false (custom)
2022-11-04 13:16:51,044 [8d3760b1-f0ab-49a5-9c8a-a39ea99f9aab@group-D9F9BF4B5168-LeaderElection21] INFO  grpc.GrpcConfigKeys (ConfUtils.java:logGet(46)) - raft.grpc.server.heartbeat.channel = true (default)
2022-11-04 13:16:51,044 [8d3760b1-f0ab-49a5-9c8a-a39ea99f9aab@group-D9F9BF4B5168-LeaderElection21] INFO  server.RaftServerConfigKeys (ConfUtils.java:logGet(46)) - raft.server.log.appender.wait-time.min = 10ms (default)
2022-11-04 13:16:51,045 [8d3760b1-f0ab-49a5-9c8a-a39ea99f9aab@group-D9F9BF4B5168-LeaderElection21] INFO  impl.RoleInfo (RoleInfo.java:updateAndGet(139)) - 8d3760b1-f0ab-49a5-9c8a-a39ea99f9aab: start 8d3760b1-f0ab-49a5-9c8a-a39ea99f9aab@group-D9F9BF4B5168-LeaderStateImpl
2022-11-04 13:16:51,041 [EventQueue-PipelineReportForPipelineReportHandler] INFO  pipeline.PipelineManagerImpl (PipelineManagerImpl.java:openPipeline(367)) - Pipeline Pipeline[ Id: 2f318765-ecc8-4fba-a471-d9f9bf4b5168, Nodes: c7cc2fe0-c6a0-4806-a89e-0e07a1727659{ip: 10.1.1.104, host: fv-az443-313.ap2fcshprsnunfx25e1aelzb4b.cx.internal.cloudapp.net, ports: [REPLICATION=44479, RATIS=40287, RATIS_ADMIN=40287, RATIS_SERVER=40287, STANDALONE=46851], networkLocation: /default-rack, certSerialId: null, persistedOpState: IN_SERVICE, persistedOpStateExpiryEpochSec: 0}6e1286b8-b074-4479-bd2c-46da0ae8c43a{ip: 10.1.1.104, host: fv-az443-313.ap2fcshprsnunfx25e1aelzb4b.cx.internal.cloudapp.net, ports: [REPLICATION=39547, RATIS=43531, RATIS_ADMIN=43531, RATIS_SERVER=43531, STANDALONE=42445], networkLocation: /default-rack, certSerialId: null, persistedOpState: IN_SERVICE, persistedOpStateExpiryEpochSec: 0}8d3760b1-f0ab-49a5-9c8a-a39ea99f9aab{ip: 10.1.1.104, host: fv-az443-313.ap2fcshprsnunfx25e1aelzb4b.cx.internal.cloudapp.net, ports: [REPLICATION=44345, RATIS=40979, RATIS_ADMIN=40979, RATIS_SERVER=40979, STANDALONE=43541], networkLocation: /default-rack, certSerialId: null, persistedOpState: IN_SERVICE, persistedOpStateExpiryEpochSec: 0}, ReplicationConfig: RATIS/THREE, State:ALLOCATED, leaderId:8d3760b1-f0ab-49a5-9c8a-a39ea99f9aab, CreationTimestamp2022-11-04T13:16:37.529Z[Etc/UTC]] moved to OPEN state
2022-11-04 13:16:51,045 [8d3760b1-f0ab-49a5-9c8a-a39ea99f9aab@group-D9F9BF4B5168-LeaderElection21] INFO  segmented.SegmentedRaftLogWorker (SegmentedRaftLogWorker.java:startLogSegment(452)) - 8d3760b1-f0ab-49a5-9c8a-a39ea99f9aab@group-D9F9BF4B5168-SegmentedRaftLogWorker: Starting segment from index:0
2022-11-04 13:16:51,047 [8d3760b1-f0ab-49a5-9c8a-a39ea99f9aab@group-D9F9BF4B5168-SegmentedRaftLogWorker] INFO  segmented.SegmentedRaftLogWorker (SegmentedRaftLogWorker.java:execute(656)) - 8d3760b1-f0ab-49a5-9c8a-a39ea99f9aab@group-D9F9BF4B5168-SegmentedRaftLogWorker: created new log segment /home/runner/work/ozone/ozone/hadoop-ozone/integration-test/target/test-dir/MiniOzoneClusterImpl-0c0bfa66-1f5b-4f11-9fe6-cbebe0503434/datanode-0/data/ratis/2f318765-ecc8-4fba-a471-d9f9bf4b5168/current/log_inprogress_0
2022-11-04 13:16:51,059 [8d3760b1-f0ab-49a5-9c8a-a39ea99f9aab@group-D9F9BF4B5168-LeaderElection21] INFO  server.RaftServer$Division (ServerState.java:setRaftConf(430)) - 8d3760b1-f0ab-49a5-9c8a-a39ea99f9aab@group-D9F9BF4B5168: set configuration 0: peers:[c7cc2fe0-c6a0-4806-a89e-0e07a1727659|rpc:10.1.1.104:40287|dataStream:|priority:1|startupRole:FOLLOWER, 6e1286b8-b074-4479-bd2c-46da0ae8c43a|rpc:10.1.1.104:43531|dataStream:|priority:0|startupRole:FOLLOWER, 8d3760b1-f0ab-49a5-9c8a-a39ea99f9aab|rpc:10.1.1.104:40979|dataStream:|priority:0|startupRole:FOLLOWER]|listeners:[], old=null
2022-11-04 13:16:51,061 [grpc-default-executor-4] WARN  server.GrpcLogAppender (LogUtils.java:warn(122)) - 8d3760b1-f0ab-49a5-9c8a-a39ea99f9aab@group-D9F9BF4B5168->c7cc2fe0-c6a0-4806-a89e-0e07a1727659-AppendLogResponseHandler: Failed appendEntries: org.apache.ratis.thirdparty.io.grpc.StatusRuntimeException: UNAVAILABLE: io exception
2022-11-04 13:16:51,071 [grpc-default-executor-1] WARN  server.GrpcLogAppender (LogUtils.java:warn(122)) - 8d3760b1-f0ab-49a5-9c8a-a39ea99f9aab@group-D9F9BF4B5168->c7cc2fe0-c6a0-4806-a89e-0e07a1727659-AppendLogResponseHandler: Failed appendEntries: org.apache.ratis.thirdparty.io.grpc.StatusRuntimeException: UNAVAILABLE: io exception
2022-11-04 13:16:51,071 [grpc-default-executor-4] WARN  server.GrpcLogAppender (GrpcLogAppender.java:resetClient(131)) - 8d3760b1-f0ab-49a5-9c8a-a39ea99f9aab@group-D9F9BF4B5168->c7cc2fe0-c6a0-4806-a89e-0e07a1727659-GrpcLogAppender: Leader has not got in touch with Follower 8d3760b1-f0ab-49a5-9c8a-a39ea99f9aab@group-D9F9BF4B5168->c7cc2fe0-c6a0-4806-a89e-0e07a1727659(c-1,m0,n0, attendVote=true, lastRpcSendTime=0, lastRpcResponseTime=5234) yet, just keep nextIndex unchanged and retry.
2022-11-04 13:16:51,073 [grpc-default-executor-1] WARN  server.GrpcLogAppender (GrpcLogAppender.java:resetClient(131)) - 8d3760b1-f0ab-49a5-9c8a-a39ea99f9aab@group-D9F9BF4B5168->c7cc2fe0-c6a0-4806-a89e-0e07a1727659-GrpcLogAppender: Leader has not got in touch with Follower 8d3760b1-f0ab-49a5-9c8a-a39ea99f9aab@group-D9F9BF4B5168->c7cc2fe0-c6a0-4806-a89e-0e07a1727659(c-1,m0,n0, attendVote=true, lastRpcSendTime=1, lastRpcResponseTime=5235) yet, just keep nextIndex unchanged and retry.
2022-11-04 13:16:51,075 [6e1286b8-b074-4479-bd2c-46da0ae8c43a-server-thread2] INFO  ratis.XceiverServerRatis (XceiverServerRatis.java:handleLeaderChangedNotification(863)) - Leader change notification received for group: group-D9F9BF4B5168 with new leaderId: 8d3760b1-f0ab-49a5-9c8a-a39ea99f9aab
2022-11-04 13:16:51,076 [6e1286b8-b074-4479-bd2c-46da0ae8c43a-server-thread2] INFO  server.RaftServer$Division (ServerState.java:setLeader(313)) - 6e1286b8-b074-4479-bd2c-46da0ae8c43a@group-D9F9BF4B5168: change Leader from null to 8d3760b1-f0ab-49a5-9c8a-a39ea99f9aab at term 2 for appendEntries, leader elected after 10391ms
2022-11-04 13:16:51,081 [grpc-default-executor-3] WARN  server.GrpcLogAppender (LogUtils.java:warn(122)) - 8d3760b1-f0ab-49a5-9c8a-a39ea99f9aab@group-D9F9BF4B5168->c7cc2fe0-c6a0-4806-a89e-0e07a1727659-AppendLogResponseHandler: Failed appendEntries: org.apache.ratis.thirdparty.io.grpc.StatusRuntimeException: UNAVAILABLE: io exception
2022-11-04 13:16:51,081 [grpc-default-executor-4] WARN  server.GrpcLogAppender (LogUtils.java:warn(122)) - 8d3760b1-f0ab-49a5-9c8a-a39ea99f9aab@group-D9F9BF4B5168->c7cc2fe0-c6a0-4806-a89e-0e07a1727659-AppendLogResponseHandler: Failed appendEntries: org.apache.ratis.thirdparty.io.grpc.StatusRuntimeException: UNAVAILABLE: io exception
2022-11-04 13:16:51,082 [grpc-default-executor-3] WARN  server.GrpcLogAppender (GrpcLogAppender.java:resetClient(131)) - 8d3760b1-f0ab-49a5-9c8a-a39ea99f9aab@group-D9F9BF4B5168->c7cc2fe0-c6a0-4806-a89e-0e07a1727659-GrpcLogAppender: Leader has not got in touch with Follower 8d3760b1-f0ab-49a5-9c8a-a39ea99f9aab@group-D9F9BF4B5168->c7cc2fe0-c6a0-4806-a89e-0e07a1727659(c-1,m0,n1, attendVote=true, lastRpcSendTime=0, lastRpcResponseTime=5244) yet, just keep nextIndex unchanged and retry.
2022-11-04 13:16:51,082 [grpc-default-executor-4] WARN  server.GrpcLogAppender (GrpcLogAppender.java:resetClient(131)) - 8d3760b1-f0ab-49a5-9c8a-a39ea99f9aab@group-D9F9BF4B5168->c7cc2fe0-c6a0-4806-a89e-0e07a1727659-GrpcLogAppender: Leader has not got in touch with Follower 8d3760b1-f0ab-49a5-9c8a-a39ea99f9aab@group-D9F9BF4B5168->c7cc2fe0-c6a0-4806-a89e-0e07a1727659(c-1,m0,n1, attendVote=true, lastRpcSendTime=0, lastRpcResponseTime=5244) yet, just keep nextIndex unchanged and retry.
2022-11-04 13:16:51,092 [6e1286b8-b074-4479-bd2c-46da0ae8c43a-server-thread2] INFO  server.RaftServer$Division (ServerState.java:setRaftConf(430)) - 6e1286b8-b074-4479-bd2c-46da0ae8c43a@group-D9F9BF4B5168: set configuration 0: peers:[c7cc2fe0-c6a0-4806-a89e-0e07a1727659|rpc:10.1.1.104:40287|dataStream:|priority:1|startupRole:FOLLOWER, 6e1286b8-b074-4479-bd2c-46da0ae8c43a|rpc:10.1.1.104:43531|dataStream:|priority:0|startupRole:FOLLOWER, 8d3760b1-f0ab-49a5-9c8a-a39ea99f9aab|rpc:10.1.1.104:40979|dataStream:|priority:0|startupRole:FOLLOWER]|listeners:[], old=null
2022-11-04 13:16:51,093 [6e1286b8-b074-4479-bd2c-46da0ae8c43a-server-thread2] INFO  segmented.SegmentedRaftLogWorker (SegmentedRaftLogWorker.java:startLogSegment(452)) - 6e1286b8-b074-4479-bd2c-46da0ae8c43a@group-D9F9BF4B5168-SegmentedRaftLogWorker: Starting segment from index:0
2022-11-04 13:16:51,098 [6e1286b8-b074-4479-bd2c-46da0ae8c43a@group-D9F9BF4B5168-SegmentedRaftLogWorker] INFO  segmented.SegmentedRaftLogWorker (SegmentedRaftLogWorker.java:execute(656)) - 6e1286b8-b074-4479-bd2c-46da0ae8c43a@group-D9F9BF4B5168-SegmentedRaftLogWorker: created new log segment /home/runner/work/ozone/ozone/hadoop-ozone/integration-test/target/test-dir/MiniOzoneClusterImpl-0c0bfa66-1f5b-4f11-9fe6-cbebe0503434/datanode-2/data/ratis/2f318765-ecc8-4fba-a471-d9f9bf4b5168/current/log_inprogress_0
2022-11-04 13:16:51,139 [18b69636-199d-46b1-a155-faec2a9e6e92@group-D39F9C32CD8E-FollowerState] INFO  impl.FollowerState (FollowerState.java:run(143)) - 18b69636-199d-46b1-a155-faec2a9e6e92@group-D39F9C32CD8E-FollowerState: change to CANDIDATE, lastRpcElapsedTime:5098155051ns, electionTimeout:5086ms
2022-11-04 13:16:51,139 [18b69636-199d-46b1-a155-faec2a9e6e92@group-D39F9C32CD8E-FollowerState] INFO  impl.RoleInfo (RoleInfo.java:shutdownFollowerState(110)) - 18b69636-199d-46b1-a155-faec2a9e6e92: shutdown 18b69636-199d-46b1-a155-faec2a9e6e92@group-D39F9C32CD8E-FollowerState
2022-11-04 13:16:51,139 [18b69636-199d-46b1-a155-faec2a9e6e92@group-D39F9C32CD8E-FollowerState] INFO  server.RaftServer$Division (RaftServerImpl.java:setRole(321)) - 18b69636-199d-46b1-a155-faec2a9e6e92@group-D39F9C32CD8E: changes role from  FOLLOWER to CANDIDATE at term 1 for changeToCandidate
2022-11-04 13:16:51,140 [18b69636-199d-46b1-a155-faec2a9e6e92@group-D39F9C32CD8E-FollowerState] INFO  server.RaftServerConfigKeys (ConfUtils.java:logGet(46)) - raft.server.leaderelection.pre-vote = false (custom)
2022-11-04 13:16:51,140 [18b69636-199d-46b1-a155-faec2a9e6e92@group-D39F9C32CD8E-FollowerState] INFO  impl.RoleInfo (RoleInfo.java:updateAndGet(139)) - 18b69636-199d-46b1-a155-faec2a9e6e92: start 18b69636-199d-46b1-a155-faec2a9e6e92@group-D39F9C32CD8E-LeaderElection23
2022-11-04 13:16:51,146 [18b69636-199d-46b1-a155-faec2a9e6e92@group-D39F9C32CD8E-LeaderElection23] INFO  impl.LeaderElection (LeaderElection.java:askForVotes(312)) - 18b69636-199d-46b1-a155-faec2a9e6e92@group-D39F9C32CD8E-LeaderElection23 ELECTION round 0: submit vote requests at term 2 for -1: peers:[18b69636-199d-46b1-a155-faec2a9e6e92|rpc:10.1.1.104:40753|priority:0|startupRole:FOLLOWER, 47355ef6-248e-415d-99d1-f00ca16e1642|rpc:10.1.1.104:43613|priority:1|startupRole:FOLLOWER, 99050580-db91-402e-a30b-7426b5391f3a|rpc:10.1.1.104:40645|priority:0|startupRole:FOLLOWER]|listeners:[], old=null
2022-11-04 13:16:51,147 [47355ef6-248e-415d-99d1-f00ca16e1642@group-D39F9C32CD8E-FollowerState] INFO  impl.FollowerState (FollowerState.java:run(143)) - 47355ef6-248e-415d-99d1-f00ca16e1642@group-D39F9C32CD8E-FollowerState: change to CANDIDATE, lastRpcElapsedTime:5116514141ns, electionTimeout:5107ms
2022-11-04 13:16:51,147 [47355ef6-248e-415d-99d1-f00ca16e1642@group-D39F9C32CD8E-FollowerState] INFO  impl.RoleInfo (RoleInfo.java:shutdownFollowerState(110)) - 47355ef6-248e-415d-99d1-f00ca16e1642: shutdown 47355ef6-248e-415d-99d1-f00ca16e1642@group-D39F9C32CD8E-FollowerState
2022-11-04 13:16:51,147 [47355ef6-248e-415d-99d1-f00ca16e1642@group-D39F9C32CD8E-FollowerState] INFO  server.RaftServer$Division (RaftServerImpl.java:setRole(321)) - 47355ef6-248e-415d-99d1-f00ca16e1642@group-D39F9C32CD8E: changes role from  FOLLOWER to CANDIDATE at term 1 for changeToCandidate
2022-11-04 13:16:51,153 [grpc-default-executor-5] INFO  server.RaftServer$Division (RaftServerImpl.java:requestVote(1218)) - 47355ef6-248e-415d-99d1-f00ca16e1642@group-D39F9C32CD8E: receive requestVote(ELECTION, 18b69636-199d-46b1-a155-faec2a9e6e92, group-D39F9C32CD8E, 2, (t:0, i:0))
2022-11-04 13:16:51,159 [18b69636-199d-46b1-a155-faec2a9e6e92@group-D39F9C32CD8E-LeaderElection23] INFO  server.RaftServerConfigKeys (ConfUtils.java:logFallback(53)) - raft.server.rpc.first-election.timeout.min = 5s (fallback to raft.server.rpc.timeout.min)
2022-11-04 13:16:51,159 [18b69636-199d-46b1-a155-faec2a9e6e92@group-D39F9C32CD8E-LeaderElection23] INFO  server.RaftServerConfigKeys (ConfUtils.java:logFallback(53)) - raft.server.rpc.first-election.timeout.max = 5200ms (fallback to raft.server.rpc.timeout.max)
2022-11-04 13:16:51,159 [47355ef6-248e-415d-99d1-f00ca16e1642@group-D39F9C32CD8E-FollowerState] INFO  server.RaftServerConfigKeys (ConfUtils.java:logGet(46)) - raft.server.leaderelection.pre-vote = false (custom)
2022-11-04 13:16:51,159 [47355ef6-248e-415d-99d1-f00ca16e1642@group-D39F9C32CD8E-FollowerState] INFO  impl.RoleInfo (RoleInfo.java:updateAndGet(139)) - 47355ef6-248e-415d-99d1-f00ca16e1642: start 47355ef6-248e-415d-99d1-f00ca16e1642@group-D39F9C32CD8E-LeaderElection24
2022-11-04 13:16:51,162 [grpc-default-executor-1] INFO  server.RaftServer$Division (RaftServerImpl.java:requestVote(1218)) - 99050580-db91-402e-a30b-7426b5391f3a@group-D39F9C32CD8E: receive requestVote(ELECTION, 18b69636-199d-46b1-a155-faec2a9e6e92, group-D39F9C32CD8E, 2, (t:0, i:0))
2022-11-04 13:16:51,162 [grpc-default-executor-1] INFO  impl.VoteContext (VoteContext.java:log(48)) - 99050580-db91-402e-a30b-7426b5391f3a@group-D39F9C32CD8E-FOLLOWER: accept ELECTION from 18b69636-199d-46b1-a155-faec2a9e6e92: our priority 0 <= candidate's priority 0
2022-11-04 13:16:51,162 [grpc-default-executor-1] INFO  server.RaftServer$Division (RaftServerImpl.java:setRole(321)) - 99050580-db91-402e-a30b-7426b5391f3a@group-D39F9C32CD8E: changes role from  FOLLOWER to FOLLOWER at term 2 for candidate:18b69636-199d-46b1-a155-faec2a9e6e92
2022-11-04 13:16:51,163 [grpc-default-executor-1] INFO  impl.RoleInfo (RoleInfo.java:shutdownFollowerState(110)) - 99050580-db91-402e-a30b-7426b5391f3a: shutdown 99050580-db91-402e-a30b-7426b5391f3a@group-D39F9C32CD8E-FollowerState
2022-11-04 13:16:51,172 [grpc-default-executor-5] INFO  impl.VoteContext (VoteContext.java:log(48)) - 47355ef6-248e-415d-99d1-f00ca16e1642@group-D39F9C32CD8E-CANDIDATE: reject ELECTION from 18b69636-199d-46b1-a155-faec2a9e6e92: our priority 1 > candidate's priority 0
2022-11-04 13:16:51,172 [grpc-default-executor-5] INFO  server.RaftServer$Division (RaftServerImpl.java:setRole(321)) - 47355ef6-248e-415d-99d1-f00ca16e1642@group-D39F9C32CD8E: changes role from CANDIDATE to FOLLOWER at term 2 for candidate:18b69636-199d-46b1-a155-faec2a9e6e92
2022-11-04 13:16:51,172 [grpc-default-executor-5] INFO  impl.RoleInfo (RoleInfo.java:shutdownLeaderElection(130)) - 47355ef6-248e-415d-99d1-f00ca16e1642: shutdown 47355ef6-248e-415d-99d1-f00ca16e1642@group-D39F9C32CD8E-LeaderElection24
2022-11-04 13:16:51,172 [grpc-default-executor-5] INFO  impl.RoleInfo (RoleInfo.java:updateAndGet(139)) - 47355ef6-248e-415d-99d1-f00ca16e1642: start 47355ef6-248e-415d-99d1-f00ca16e1642@group-D39F9C32CD8E-FollowerState
2022-11-04 13:16:51,176 [47355ef6-248e-415d-99d1-f00ca16e1642@group-D39F9C32CD8E-LeaderElection24] INFO  impl.LeaderElection (LeaderElection.java:run(233)) - 47355ef6-248e-415d-99d1-f00ca16e1642@group-D39F9C32CD8E-LeaderElection24: skip running since this is already CLOSING
2022-11-04 13:16:51,180 [grpc-default-executor-1] INFO  impl.RoleInfo (RoleInfo.java:updateAndGet(139)) - 99050580-db91-402e-a30b-7426b5391f3a: start 99050580-db91-402e-a30b-7426b5391f3a@group-D39F9C32CD8E-FollowerState
2022-11-04 13:16:51,180 [99050580-db91-402e-a30b-7426b5391f3a@group-D39F9C32CD8E-FollowerState] INFO  impl.FollowerState (FollowerState.java:run(152)) - 99050580-db91-402e-a30b-7426b5391f3a@group-D39F9C32CD8E-FollowerState was interrupted
2022-11-04 13:16:51,184 [grpc-default-executor-5] INFO  server.RaftServer$Division (RaftServerImpl.java:requestVote(1251)) - 47355ef6-248e-415d-99d1-f00ca16e1642@group-D39F9C32CD8E replies to ELECTION vote request: 18b69636-199d-46b1-a155-faec2a9e6e92<-47355ef6-248e-415d-99d1-f00ca16e1642#0:FAIL-t2. Peer's state: 47355ef6-248e-415d-99d1-f00ca16e1642@group-D39F9C32CD8E:t2, leader=null, voted=null, raftlog=Memoized:47355ef6-248e-415d-99d1-f00ca16e1642@group-D39F9C32CD8E-SegmentedRaftLog:OPENED:c-1, conf=-1: peers:[18b69636-199d-46b1-a155-faec2a9e6e92|rpc:10.1.1.104:40753|dataStream:|priority:0|startupRole:FOLLOWER, 47355ef6-248e-415d-99d1-f00ca16e1642|rpc:10.1.1.104:43613|dataStream:|priority:1|startupRole:FOLLOWER, 99050580-db91-402e-a30b-7426b5391f3a|rpc:10.1.1.104:40645|dataStream:|priority:0|startupRole:FOLLOWER]|listeners:[], old=null
2022-11-04 13:16:51,185 [grpc-default-executor-1] INFO  server.RaftServer$Division (RaftServerImpl.java:requestVote(1251)) - 99050580-db91-402e-a30b-7426b5391f3a@group-D39F9C32CD8E replies to ELECTION vote request: 18b69636-199d-46b1-a155-faec2a9e6e92<-99050580-db91-402e-a30b-7426b5391f3a#0:OK-t2. Peer's state: 99050580-db91-402e-a30b-7426b5391f3a@group-D39F9C32CD8E:t2, leader=null, voted=18b69636-199d-46b1-a155-faec2a9e6e92, raftlog=Memoized:99050580-db91-402e-a30b-7426b5391f3a@group-D39F9C32CD8E-SegmentedRaftLog:OPENED:c-1, conf=-1: peers:[18b69636-199d-46b1-a155-faec2a9e6e92|rpc:10.1.1.104:40753|dataStream:|priority:0|startupRole:FOLLOWER, 47355ef6-248e-415d-99d1-f00ca16e1642|rpc:10.1.1.104:43613|dataStream:|priority:1|startupRole:FOLLOWER, 99050580-db91-402e-a30b-7426b5391f3a|rpc:10.1.1.104:40645|dataStream:|priority:0|startupRole:FOLLOWER]|listeners:[], old=null
2022-11-04 13:16:51,185 [18b69636-199d-46b1-a155-faec2a9e6e92@group-D39F9C32CD8E-LeaderElection23] INFO  impl.LeaderElection (LeaderElection.java:logAndReturn(90)) - 18b69636-199d-46b1-a155-faec2a9e6e92@group-D39F9C32CD8E-LeaderElection23: ELECTION REJECTED received 1 response(s) and 0 exception(s):
2022-11-04 13:16:51,185 [18b69636-199d-46b1-a155-faec2a9e6e92@group-D39F9C32CD8E-LeaderElection23] INFO  impl.LeaderElection (LeaderElection.java:logAndReturn(94)) -   Response 0: 18b69636-199d-46b1-a155-faec2a9e6e92<-47355ef6-248e-415d-99d1-f00ca16e1642#0:FAIL-t2
2022-11-04 13:16:51,185 [18b69636-199d-46b1-a155-faec2a9e6e92@group-D39F9C32CD8E-LeaderElection23] INFO  impl.LeaderElection (LeaderElection.java:askForVotes(314)) - 18b69636-199d-46b1-a155-faec2a9e6e92@group-D39F9C32CD8E-LeaderElection23 ELECTION round 0: result REJECTED
2022-11-04 13:16:51,185 [18b69636-199d-46b1-a155-faec2a9e6e92@group-D39F9C32CD8E-LeaderElection23] INFO  server.RaftServer$Division (RaftServerImpl.java:setRole(321)) - 18b69636-199d-46b1-a155-faec2a9e6e92@group-D39F9C32CD8E: changes role from CANDIDATE to FOLLOWER at term 2 for REJECTED
2022-11-04 13:16:51,185 [18b69636-199d-46b1-a155-faec2a9e6e92@group-D39F9C32CD8E-LeaderElection23] INFO  impl.RoleInfo (RoleInfo.java:shutdownLeaderElection(130)) - 18b69636-199d-46b1-a155-faec2a9e6e92: shutdown 18b69636-199d-46b1-a155-faec2a9e6e92@group-D39F9C32CD8E-LeaderElection23
2022-11-04 13:16:51,185 [18b69636-199d-46b1-a155-faec2a9e6e92@group-D39F9C32CD8E-LeaderElection23] INFO  impl.RoleInfo (RoleInfo.java:updateAndGet(139)) - 18b69636-199d-46b1-a155-faec2a9e6e92: start 18b69636-199d-46b1-a155-faec2a9e6e92@group-D39F9C32CD8E-FollowerState
2022-11-04 13:16:51,185 [99050580-db91-402e-a30b-7426b5391f3a@group-D39F9C32CD8E-FollowerState] INFO  server.RaftServerConfigKeys (ConfUtils.java:logFallback(53)) - raft.server.rpc.first-election.timeout.min = 5s (fallback to raft.server.rpc.timeout.min)
2022-11-04 13:16:51,185 [99050580-db91-402e-a30b-7426b5391f3a@group-D39F9C32CD8E-FollowerState] INFO  server.RaftServerConfigKeys (ConfUtils.java:logFallback(53)) - raft.server.rpc.first-election.timeout.max = 5200ms (fallback to raft.server.rpc.timeout.max)
2022-11-04 13:16:51,188 [18b69636-199d-46b1-a155-faec2a9e6e92@group-D39F9C32CD8E-FollowerState] INFO  server.RaftServerConfigKeys (ConfUtils.java:logFallback(53)) - raft.server.rpc.first-election.timeout.min = 5s (fallback to raft.server.rpc.timeout.min)
2022-11-04 13:16:51,188 [18b69636-199d-46b1-a155-faec2a9e6e92@group-D39F9C32CD8E-FollowerState] INFO  server.RaftServerConfigKeys (ConfUtils.java:logFallback(53)) - raft.server.rpc.first-election.timeout.max = 5200ms (fallback to raft.server.rpc.timeout.max)
2022-11-04 13:16:51,192 [47355ef6-248e-415d-99d1-f00ca16e1642@group-D39F9C32CD8E-FollowerState] INFO  server.RaftServerConfigKeys (ConfUtils.java:logFallback(53)) - raft.server.rpc.first-election.timeout.min = 5s (fallback to raft.server.rpc.timeout.min)
2022-11-04 13:16:51,192 [47355ef6-248e-415d-99d1-f00ca16e1642@group-D39F9C32CD8E-FollowerState] INFO  server.RaftServerConfigKeys (ConfUtils.java:logFallback(53)) - raft.server.rpc.first-election.timeout.max = 5200ms (fallback to raft.server.rpc.timeout.max)
2022-11-04 13:16:51,214 [EventQueue-StaleNodeForStaleNodeHandler] INFO  node.StaleNodeHandler (StaleNodeHandler.java:onMessage(59)) - Datanode c7cc2fe0-c6a0-4806-a89e-0e07a1727659{ip: 10.1.1.104, host: fv-az443-313.ap2fcshprsnunfx25e1aelzb4b.cx.internal.cloudapp.net, ports: [REPLICATION=44479, RATIS=40287, RATIS_ADMIN=40287, RATIS_SERVER=40287, STANDALONE=46851], networkLocation: /default-rack, certSerialId: null, persistedOpState: IN_SERVICE, persistedOpStateExpiryEpochSec: 0} moved to stale state. Finalizing its pipelines [PipelineID=bc979f65-e453-4d61-80f7-2cf5c2f60d11, PipelineID=f0c01e89-b43d-4a22-b446-1337fe436db2, PipelineID=3733acae-4637-413b-b21d-fa853d2a5168, PipelineID=2f318765-ecc8-4fba-a471-d9f9bf4b5168]
2022-11-04 13:16:51,215 [EventQueue-StaleNodeForStaleNodeHandler] INFO  pipeline.PipelineManagerImpl (PipelineManagerImpl.java:closePipeline(442)) - Pipeline Pipeline[ Id: bc979f65-e453-4d61-80f7-2cf5c2f60d11, Nodes: c7cc2fe0-c6a0-4806-a89e-0e07a1727659{ip: 10.1.1.104, host: fv-az443-313.ap2fcshprsnunfx25e1aelzb4b.cx.internal.cloudapp.net, ports: [REPLICATION=44479, RATIS=40287, RATIS_ADMIN=40287, RATIS_SERVER=40287, STANDALONE=46851], networkLocation: /default-rack, certSerialId: null, persistedOpState: IN_SERVICE, persistedOpStateExpiryEpochSec: 0}, ReplicationConfig: RATIS/ONE, State:OPEN, leaderId:c7cc2fe0-c6a0-4806-a89e-0e07a1727659, CreationTimestamp2022-11-04T13:16:37.102Z[Etc/UTC]] moved to CLOSED state
2022-11-04 13:16:51,230 [EventQueue-StaleNodeForStaleNodeHandler] INFO  pipeline.PipelineManagerImpl (PipelineManagerImpl.java:closeContainersForPipeline(421)) - Container #1 closed for pipeline=PipelineID=f0c01e89-b43d-4a22-b446-1337fe436db2
2022-11-04 13:16:51,231 [EventQueue-StaleNodeForStaleNodeHandler] INFO  pipeline.PipelineManagerImpl (PipelineManagerImpl.java:closePipeline(442)) - Pipeline Pipeline[ Id: f0c01e89-b43d-4a22-b446-1337fe436db2, Nodes: c7cc2fe0-c6a0-4806-a89e-0e07a1727659{ip: 10.1.1.104, host: fv-az443-313.ap2fcshprsnunfx25e1aelzb4b.cx.internal.cloudapp.net, ports: [REPLICATION=44479, RATIS=40287, RATIS_ADMIN=40287, RATIS_SERVER=40287, STANDALONE=46851], networkLocation: /default-rack, certSerialId: null, persistedOpState: null, persistedOpStateExpiryEpochSec: 0}8d3760b1-f0ab-49a5-9c8a-a39ea99f9aab{ip: 10.1.1.104, host: fv-az443-313.ap2fcshprsnunfx25e1aelzb4b.cx.internal.cloudapp.net, ports: [REPLICATION=44345, RATIS=40979, RATIS_ADMIN=40979, RATIS_SERVER=40979, STANDALONE=43541], networkLocation: /default-rack, certSerialId: null, persistedOpState: null, persistedOpStateExpiryEpochSec: 0}0467b8fc-339c-416e-b5e6-66cb4b1c2e57{ip: 10.1.1.104, host: fv-az443-313.ap2fcshprsnunfx25e1aelzb4b.cx.internal.cloudapp.net, ports: [REPLICATION=40647, RATIS=40137, RATIS_ADMIN=40137, RATIS_SERVER=40137, STANDALONE=40209], networkLocation: /default-rack, certSerialId: null, persistedOpState: null, persistedOpStateExpiryEpochSec: 0}18b69636-199d-46b1-a155-faec2a9e6e92{ip: 10.1.1.104, host: fv-az443-313.ap2fcshprsnunfx25e1aelzb4b.cx.internal.cloudapp.net, ports: [REPLICATION=33747, RATIS=40753, RATIS_ADMIN=40753, RATIS_SERVER=40753, STANDALONE=36937], networkLocation: /default-rack, certSerialId: null, persistedOpState: null, persistedOpStateExpiryEpochSec: 0}99050580-db91-402e-a30b-7426b5391f3a{ip: 10.1.1.104, host: fv-az443-313.ap2fcshprsnunfx25e1aelzb4b.cx.internal.cloudapp.net, ports: [REPLICATION=35487, RATIS=40645, RATIS_ADMIN=40645, RATIS_SERVER=40645, STANDALONE=45217], networkLocation: /default-rack, certSerialId: null, persistedOpState: null, persistedOpStateExpiryEpochSec: 0}, ReplicationConfig: EC/ECReplicationConfig{data=3, parity=2, ecChunkSize=1024, codec=rs}, State:OPEN, leaderId:, CreationTimestamp2022-11-04T13:16:47.778Z[Etc/UTC]] moved to CLOSED state
2022-11-04 13:16:51,231 [EventQueue-StaleNodeForStaleNodeHandler] INFO  pipeline.PipelineManagerImpl (PipelineManagerImpl.java:closePipeline(442)) - Pipeline Pipeline[ Id: 3733acae-4637-413b-b21d-fa853d2a5168, Nodes: 6e1286b8-b074-4479-bd2c-46da0ae8c43a{ip: 10.1.1.104, host: fv-az443-313.ap2fcshprsnunfx25e1aelzb4b.cx.internal.cloudapp.net, ports: [REPLICATION=39547, RATIS=43531, RATIS_ADMIN=43531, RATIS_SERVER=43531, STANDALONE=42445], networkLocation: /default-rack, certSerialId: null, persistedOpState: IN_SERVICE, persistedOpStateExpiryEpochSec: 0}c7cc2fe0-c6a0-4806-a89e-0e07a1727659{ip: 10.1.1.104, host: fv-az443-313.ap2fcshprsnunfx25e1aelzb4b.cx.internal.cloudapp.net, ports: [REPLICATION=44479, RATIS=40287, RATIS_ADMIN=40287, RATIS_SERVER=40287, STANDALONE=46851], networkLocation: /default-rack, certSerialId: null, persistedOpState: IN_SERVICE, persistedOpStateExpiryEpochSec: 0}8d3760b1-f0ab-49a5-9c8a-a39ea99f9aab{ip: 10.1.1.104, host: fv-az443-313.ap2fcshprsnunfx25e1aelzb4b.cx.internal.cloudapp.net, ports: [REPLICATION=44345, RATIS=40979, RATIS_ADMIN=40979, RATIS_SERVER=40979, STANDALONE=43541], networkLocation: /default-rack, certSerialId: null, persistedOpState: IN_SERVICE, persistedOpStateExpiryEpochSec: 0}, ReplicationConfig: RATIS/THREE, State:OPEN, leaderId:6e1286b8-b074-4479-bd2c-46da0ae8c43a, CreationTimestamp2022-11-04T13:16:37.527Z[Etc/UTC]] moved to CLOSED state
2022-11-04 13:16:51,232 [EventQueue-StaleNodeForStaleNodeHandler] INFO  pipeline.PipelineManagerImpl (PipelineManagerImpl.java:closePipeline(442)) - Pipeline Pipeline[ Id: 2f318765-ecc8-4fba-a471-d9f9bf4b5168, Nodes: c7cc2fe0-c6a0-4806-a89e-0e07a1727659{ip: 10.1.1.104, host: fv-az443-313.ap2fcshprsnunfx25e1aelzb4b.cx.internal.cloudapp.net, ports: [REPLICATION=44479, RATIS=40287, RATIS_ADMIN=40287, RATIS_SERVER=40287, STANDALONE=46851], networkLocation: /default-rack, certSerialId: null, persistedOpState: IN_SERVICE, persistedOpStateExpiryEpochSec: 0}6e1286b8-b074-4479-bd2c-46da0ae8c43a{ip: 10.1.1.104, host: fv-az443-313.ap2fcshprsnunfx25e1aelzb4b.cx.internal.cloudapp.net, ports: [REPLICATION=39547, RATIS=43531, RATIS_ADMIN=43531, RATIS_SERVER=43531, STANDALONE=42445], networkLocation: /default-rack, certSerialId: null, persistedOpState: IN_SERVICE, persistedOpStateExpiryEpochSec: 0}8d3760b1-f0ab-49a5-9c8a-a39ea99f9aab{ip: 10.1.1.104, host: fv-az443-313.ap2fcshprsnunfx25e1aelzb4b.cx.internal.cloudapp.net, ports: [REPLICATION=44345, RATIS=40979, RATIS_ADMIN=40979, RATIS_SERVER=40979, STANDALONE=43541], networkLocation: /default-rack, certSerialId: null, persistedOpState: IN_SERVICE, persistedOpStateExpiryEpochSec: 0}, ReplicationConfig: RATIS/THREE, State:OPEN, leaderId:8d3760b1-f0ab-49a5-9c8a-a39ea99f9aab, CreationTimestamp2022-11-04T13:16:37.529Z[Etc/UTC]] moved to CLOSED state
2022-11-04 13:16:51,233 [EventQueue-CloseContainerForCloseContainerEventHandler] INFO  container.CloseContainerEventHandler (CloseContainerEventHandler.java:onMessage(71)) - Close container Event triggered for container : #1
2022-11-04 13:16:51,255 [18b69636-199d-46b1-a155-faec2a9e6e92@group-0E0524D27BC6-FollowerState] INFO  impl.FollowerState (FollowerState.java:run(143)) - 18b69636-199d-46b1-a155-faec2a9e6e92@group-0E0524D27BC6-FollowerState: change to CANDIDATE, lastRpcElapsedTime:5028814007ns, electionTimeout:5022ms
2022-11-04 13:16:51,255 [18b69636-199d-46b1-a155-faec2a9e6e92@group-0E0524D27BC6-FollowerState] INFO  impl.RoleInfo (RoleInfo.java:shutdownFollowerState(110)) - 18b69636-199d-46b1-a155-faec2a9e6e92: shutdown 18b69636-199d-46b1-a155-faec2a9e6e92@group-0E0524D27BC6-FollowerState
2022-11-04 13:16:51,255 [18b69636-199d-46b1-a155-faec2a9e6e92@group-0E0524D27BC6-FollowerState] INFO  server.RaftServer$Division (RaftServerImpl.java:setRole(321)) - 18b69636-199d-46b1-a155-faec2a9e6e92@group-0E0524D27BC6: changes role from  FOLLOWER to CANDIDATE at term 1 for changeToCandidate
2022-11-04 13:16:51,255 [18b69636-199d-46b1-a155-faec2a9e6e92@group-0E0524D27BC6-FollowerState] INFO  server.RaftServerConfigKeys (ConfUtils.java:logGet(46)) - raft.server.leaderelection.pre-vote = false (custom)
2022-11-04 13:16:51,255 [18b69636-199d-46b1-a155-faec2a9e6e92@group-0E0524D27BC6-FollowerState] INFO  impl.RoleInfo (RoleInfo.java:updateAndGet(139)) - 18b69636-199d-46b1-a155-faec2a9e6e92: start 18b69636-199d-46b1-a155-faec2a9e6e92@group-0E0524D27BC6-LeaderElection25
2022-11-04 13:16:51,264 [18b69636-199d-46b1-a155-faec2a9e6e92@group-0E0524D27BC6-LeaderElection25] INFO  impl.LeaderElection (LeaderElection.java:askForVotes(312)) - 18b69636-199d-46b1-a155-faec2a9e6e92@group-0E0524D27BC6-LeaderElection25 ELECTION round 0: submit vote requests at term 2 for -1: peers:[18b69636-199d-46b1-a155-faec2a9e6e92|rpc:10.1.1.104:40753|priority:0|startupRole:FOLLOWER, 47355ef6-248e-415d-99d1-f00ca16e1642|rpc:10.1.1.104:43613|priority:0|startupRole:FOLLOWER, 99050580-db91-402e-a30b-7426b5391f3a|rpc:10.1.1.104:40645|priority:1|startupRole:FOLLOWER]|listeners:[], old=null
2022-11-04 13:16:51,272 [grpc-default-executor-5] INFO  server.RaftServer$Division (RaftServerImpl.java:requestVote(1218)) - 47355ef6-248e-415d-99d1-f00ca16e1642@group-0E0524D27BC6: receive requestVote(ELECTION, 18b69636-199d-46b1-a155-faec2a9e6e92, group-0E0524D27BC6, 2, (t:0, i:0))
2022-11-04 13:16:51,272 [grpc-default-executor-5] INFO  impl.VoteContext (VoteContext.java:log(48)) - 47355ef6-248e-415d-99d1-f00ca16e1642@group-0E0524D27BC6-FOLLOWER: accept ELECTION from 18b69636-199d-46b1-a155-faec2a9e6e92: our priority 0 <= candidate's priority 0
2022-11-04 13:16:51,272 [grpc-default-executor-5] INFO  server.RaftServer$Division (RaftServerImpl.java:setRole(321)) - 47355ef6-248e-415d-99d1-f00ca16e1642@group-0E0524D27BC6: changes role from  FOLLOWER to FOLLOWER at term 2 for candidate:18b69636-199d-46b1-a155-faec2a9e6e92
2022-11-04 13:16:51,272 [grpc-default-executor-5] INFO  impl.RoleInfo (RoleInfo.java:shutdownFollowerState(110)) - 47355ef6-248e-415d-99d1-f00ca16e1642: shutdown 47355ef6-248e-415d-99d1-f00ca16e1642@group-0E0524D27BC6-FollowerState
2022-11-04 13:16:51,276 [18b69636-199d-46b1-a155-faec2a9e6e92@group-0E0524D27BC6-LeaderElection25] INFO  server.RaftServerConfigKeys (ConfUtils.java:logFallback(53)) - raft.server.rpc.first-election.timeout.min = 5s (fallback to raft.server.rpc.timeout.min)
2022-11-04 13:16:51,276 [18b69636-199d-46b1-a155-faec2a9e6e92@group-0E0524D27BC6-LeaderElection25] INFO  server.RaftServerConfigKeys (ConfUtils.java:logFallback(53)) - raft.server.rpc.first-election.timeout.max = 5200ms (fallback to raft.server.rpc.timeout.max)
2022-11-04 13:16:51,276 [grpc-default-executor-5] INFO  impl.RoleInfo (RoleInfo.java:updateAndGet(139)) - 47355ef6-248e-415d-99d1-f00ca16e1642: start 47355ef6-248e-415d-99d1-f00ca16e1642@group-0E0524D27BC6-FollowerState
2022-11-04 13:16:51,276 [47355ef6-248e-415d-99d1-f00ca16e1642@group-0E0524D27BC6-FollowerState] INFO  impl.FollowerState (FollowerState.java:run(152)) - 47355ef6-248e-415d-99d1-f00ca16e1642@group-0E0524D27BC6-FollowerState was interrupted
2022-11-04 13:16:51,282 [grpc-default-executor-1] INFO  server.RaftServer$Division (RaftServerImpl.java:requestVote(1218)) - 99050580-db91-402e-a30b-7426b5391f3a@group-0E0524D27BC6: receive requestVote(ELECTION, 18b69636-199d-46b1-a155-faec2a9e6e92, group-0E0524D27BC6, 2, (t:0, i:0))
2022-11-04 13:16:51,282 [grpc-default-executor-1] INFO  impl.VoteContext (VoteContext.java:log(48)) - 99050580-db91-402e-a30b-7426b5391f3a@group-0E0524D27BC6-FOLLOWER: reject ELECTION from 18b69636-199d-46b1-a155-faec2a9e6e92: our priority 1 > candidate's priority 0
2022-11-04 13:16:51,282 [grpc-default-executor-1] INFO  server.RaftServer$Division (RaftServerImpl.java:setRole(321)) - 99050580-db91-402e-a30b-7426b5391f3a@group-0E0524D27BC6: changes role from  FOLLOWER to FOLLOWER at term 2 for candidate:18b69636-199d-46b1-a155-faec2a9e6e92
2022-11-04 13:16:51,282 [grpc-default-executor-1] INFO  impl.RoleInfo (RoleInfo.java:shutdownFollowerState(110)) - 99050580-db91-402e-a30b-7426b5391f3a: shutdown 99050580-db91-402e-a30b-7426b5391f3a@group-0E0524D27BC6-FollowerState
2022-11-04 13:16:51,283 [grpc-default-executor-1] INFO  impl.RoleInfo (RoleInfo.java:updateAndGet(139)) - 99050580-db91-402e-a30b-7426b5391f3a: start 99050580-db91-402e-a30b-7426b5391f3a@group-0E0524D27BC6-FollowerState
2022-11-04 13:16:51,283 [99050580-db91-402e-a30b-7426b5391f3a@group-0E0524D27BC6-FollowerState] INFO  impl.FollowerState (FollowerState.java:run(152)) - 99050580-db91-402e-a30b-7426b5391f3a@group-0E0524D27BC6-FollowerState was interrupted
2022-11-04 13:16:51,283 [grpc-default-executor-5] INFO  server.RaftServer$Division (RaftServerImpl.java:requestVote(1251)) - 47355ef6-248e-415d-99d1-f00ca16e1642@group-0E0524D27BC6 replies to ELECTION vote request: 18b69636-199d-46b1-a155-faec2a9e6e92<-47355ef6-248e-415d-99d1-f00ca16e1642#0:OK-t2. Peer's state: 47355ef6-248e-415d-99d1-f00ca16e1642@group-0E0524D27BC6:t2, leader=null, voted=18b69636-199d-46b1-a155-faec2a9e6e92, raftlog=Memoized:47355ef6-248e-415d-99d1-f00ca16e1642@group-0E0524D27BC6-SegmentedRaftLog:OPENED:c-1, conf=-1: peers:[18b69636-199d-46b1-a155-faec2a9e6e92|rpc:10.1.1.104:40753|priority:0|startupRole:FOLLOWER, 47355ef6-248e-415d-99d1-f00ca16e1642|rpc:10.1.1.104:43613|priority:0|startupRole:FOLLOWER, 99050580-db91-402e-a30b-7426b5391f3a|rpc:10.1.1.104:40645|priority:1|startupRole:FOLLOWER]|listeners:[], old=null
2022-11-04 13:16:51,285 [47355ef6-248e-415d-99d1-f00ca16e1642@group-0E0524D27BC6-FollowerState] INFO  server.RaftServerConfigKeys (ConfUtils.java:logFallback(53)) - raft.server.rpc.first-election.timeout.min = 5s (fallback to raft.server.rpc.timeout.min)
2022-11-04 13:16:51,285 [47355ef6-248e-415d-99d1-f00ca16e1642@group-0E0524D27BC6-FollowerState] INFO  server.RaftServerConfigKeys (ConfUtils.java:logFallback(53)) - raft.server.rpc.first-election.timeout.max = 5200ms (fallback to raft.server.rpc.timeout.max)
2022-11-04 13:16:51,289 [99050580-db91-402e-a30b-7426b5391f3a@group-0E0524D27BC6-FollowerState] INFO  server.RaftServerConfigKeys (ConfUtils.java:logFallback(53)) - raft.server.rpc.first-election.timeout.min = 5s (fallback to raft.server.rpc.timeout.min)
2022-11-04 13:16:51,290 [99050580-db91-402e-a30b-7426b5391f3a@group-0E0524D27BC6-FollowerState] INFO  server.RaftServerConfigKeys (ConfUtils.java:logFallback(53)) - raft.server.rpc.first-election.timeout.max = 5200ms (fallback to raft.server.rpc.timeout.max)
2022-11-04 13:16:51,290 [grpc-default-executor-1] INFO  server.RaftServer$Division (RaftServerImpl.java:requestVote(1251)) - 99050580-db91-402e-a30b-7426b5391f3a@group-0E0524D27BC6 replies to ELECTION vote request: 18b69636-199d-46b1-a155-faec2a9e6e92<-99050580-db91-402e-a30b-7426b5391f3a#0:FAIL-t2. Peer's state: 99050580-db91-402e-a30b-7426b5391f3a@group-0E0524D27BC6:t2, leader=null, voted=null, raftlog=Memoized:99050580-db91-402e-a30b-7426b5391f3a@group-0E0524D27BC6-SegmentedRaftLog:OPENED:c-1, conf=-1: peers:[18b69636-199d-46b1-a155-faec2a9e6e92|rpc:10.1.1.104:40753|dataStream:|priority:0|startupRole:FOLLOWER, 47355ef6-248e-415d-99d1-f00ca16e1642|rpc:10.1.1.104:43613|dataStream:|priority:0|startupRole:FOLLOWER, 99050580-db91-402e-a30b-7426b5391f3a|rpc:10.1.1.104:40645|dataStream:|priority:1|startupRole:FOLLOWER]|listeners:[], old=null
2022-11-04 13:16:51,292 [18b69636-199d-46b1-a155-faec2a9e6e92@group-0E0524D27BC6-LeaderElection25] INFO  impl.LeaderElection (LeaderElection.java:logAndReturn(90)) - 18b69636-199d-46b1-a155-faec2a9e6e92@group-0E0524D27BC6-LeaderElection25: ELECTION REJECTED received 2 response(s) and 0 exception(s):
2022-11-04 13:16:51,292 [18b69636-199d-46b1-a155-faec2a9e6e92@group-0E0524D27BC6-LeaderElection25] INFO  impl.LeaderElection (LeaderElection.java:logAndReturn(94)) -   Response 0: 18b69636-199d-46b1-a155-faec2a9e6e92<-47355ef6-248e-415d-99d1-f00ca16e1642#0:OK-t2
2022-11-04 13:16:51,292 [18b69636-199d-46b1-a155-faec2a9e6e92@group-0E0524D27BC6-LeaderElection25] INFO  impl.LeaderElection (LeaderElection.java:logAndReturn(94)) -   Response 1: 18b69636-199d-46b1-a155-faec2a9e6e92<-99050580-db91-402e-a30b-7426b5391f3a#0:FAIL-t2
2022-11-04 13:16:51,292 [18b69636-199d-46b1-a155-faec2a9e6e92@group-0E0524D27BC6-LeaderElection25] INFO  impl.LeaderElection (LeaderElection.java:askForVotes(314)) - 18b69636-199d-46b1-a155-faec2a9e6e92@group-0E0524D27BC6-LeaderElection25 ELECTION round 0: result REJECTED
2022-11-04 13:16:51,292 [18b69636-199d-46b1-a155-faec2a9e6e92@group-0E0524D27BC6-LeaderElection25] INFO  server.RaftServer$Division (RaftServerImpl.java:setRole(321)) - 18b69636-199d-46b1-a155-faec2a9e6e92@group-0E0524D27BC6: changes role from CANDIDATE to FOLLOWER at term 2 for REJECTED
2022-11-04 13:16:51,292 [18b69636-199d-46b1-a155-faec2a9e6e92@group-0E0524D27BC6-LeaderElection25] INFO  impl.RoleInfo (RoleInfo.java:shutdownLeaderElection(130)) - 18b69636-199d-46b1-a155-faec2a9e6e92: shutdown 18b69636-199d-46b1-a155-faec2a9e6e92@group-0E0524D27BC6-LeaderElection25
2022-11-04 13:16:51,292 [18b69636-199d-46b1-a155-faec2a9e6e92@group-0E0524D27BC6-LeaderElection25] INFO  impl.RoleInfo (RoleInfo.java:updateAndGet(139)) - 18b69636-199d-46b1-a155-faec2a9e6e92: start 18b69636-199d-46b1-a155-faec2a9e6e92@group-0E0524D27BC6-FollowerState
2022-11-04 13:16:51,301 [18b69636-199d-46b1-a155-faec2a9e6e92@group-0E0524D27BC6-FollowerState] INFO  server.RaftServerConfigKeys (ConfUtils.java:logFallback(53)) - raft.server.rpc.first-election.timeout.min = 5s (fallback to raft.server.rpc.timeout.min)
2022-11-04 13:16:51,302 [18b69636-199d-46b1-a155-faec2a9e6e92@group-0E0524D27BC6-FollowerState] INFO  server.RaftServerConfigKeys (ConfUtils.java:logFallback(53)) - raft.server.rpc.first-election.timeout.max = 5200ms (fallback to raft.server.rpc.timeout.max)
2022-11-04 13:16:51,321 [grpc-default-executor-1] WARN  server.GrpcLogAppender (LogUtils.java:warn(122)) - 6e1286b8-b074-4479-bd2c-46da0ae8c43a@group-FA853D2A5168->c7cc2fe0-c6a0-4806-a89e-0e07a1727659-AppendLogResponseHandler: Failed appendEntries: org.apache.ratis.thirdparty.io.grpc.StatusRuntimeException: UNAVAILABLE: io exception
2022-11-04 13:16:51,321 [grpc-default-executor-5] WARN  server.GrpcLogAppender (LogUtils.java:warn(122)) - 6e1286b8-b074-4479-bd2c-46da0ae8c43a@group-FA853D2A5168->c7cc2fe0-c6a0-4806-a89e-0e07a1727659-AppendLogResponseHandler: Failed appendEntries: org.apache.ratis.thirdparty.io.grpc.StatusRuntimeException: UNAVAILABLE: io exception
2022-11-04 13:16:51,322 [grpc-default-executor-1] WARN  server.GrpcLogAppender (GrpcLogAppender.java:resetClient(131)) - 6e1286b8-b074-4479-bd2c-46da0ae8c43a@group-FA853D2A5168->c7cc2fe0-c6a0-4806-a89e-0e07a1727659-GrpcLogAppender: Leader has not got in touch with Follower 6e1286b8-b074-4479-bd2c-46da0ae8c43a@group-FA853D2A5168->c7cc2fe0-c6a0-4806-a89e-0e07a1727659(c-1,m0,n1, attendVote=true, lastRpcSendTime=1249, lastRpcResponseTime=6467) yet, just keep nextIndex unchanged and retry.
2022-11-04 13:16:51,324 [grpc-default-executor-5] WARN  server.GrpcLogAppender (GrpcLogAppender.java:resetClient(131)) - 6e1286b8-b074-4479-bd2c-46da0ae8c43a@group-FA853D2A5168->c7cc2fe0-c6a0-4806-a89e-0e07a1727659-GrpcLogAppender: Leader has not got in touch with Follower 6e1286b8-b074-4479-bd2c-46da0ae8c43a@group-FA853D2A5168->c7cc2fe0-c6a0-4806-a89e-0e07a1727659(c-1,m0,n1, attendVote=true, lastRpcSendTime=1251, lastRpcResponseTime=6468) yet, just keep nextIndex unchanged and retry.
2022-11-04 13:16:51,334 [grpc-default-executor-1] WARN  server.GrpcLogAppender (LogUtils.java:warn(122)) - 6e1286b8-b074-4479-bd2c-46da0ae8c43a@group-FA853D2A5168->c7cc2fe0-c6a0-4806-a89e-0e07a1727659-AppendLogResponseHandler: Failed appendEntries: org.apache.ratis.thirdparty.io.grpc.StatusRuntimeException: UNAVAILABLE: io exception
2022-11-04 13:16:51,334 [grpc-default-executor-1] WARN  server.GrpcLogAppender (GrpcLogAppender.java:resetClient(131)) - 6e1286b8-b074-4479-bd2c-46da0ae8c43a@group-FA853D2A5168->c7cc2fe0-c6a0-4806-a89e-0e07a1727659-GrpcLogAppender: Leader has not got in touch with Follower 6e1286b8-b074-4479-bd2c-46da0ae8c43a@group-FA853D2A5168->c7cc2fe0-c6a0-4806-a89e-0e07a1727659(c-1,m0,n1, attendVote=true, lastRpcSendTime=3, lastRpcResponseTime=6479) yet, just keep nextIndex unchanged and retry.
2022-11-04 13:16:51,335 [grpc-default-executor-1] WARN  server.GrpcLogAppender (LogUtils.java:warn(122)) - 6e1286b8-b074-4479-bd2c-46da0ae8c43a@group-FA853D2A5168->c7cc2fe0-c6a0-4806-a89e-0e07a1727659-AppendLogResponseHandler: Failed appendEntries: org.apache.ratis.thirdparty.io.grpc.StatusRuntimeException: UNAVAILABLE: io exception
2022-11-04 13:16:51,335 [grpc-default-executor-1] WARN  server.GrpcLogAppender (GrpcLogAppender.java:resetClient(131)) - 6e1286b8-b074-4479-bd2c-46da0ae8c43a@group-FA853D2A5168->c7cc2fe0-c6a0-4806-a89e-0e07a1727659-GrpcLogAppender: Leader has not got in touch with Follower 6e1286b8-b074-4479-bd2c-46da0ae8c43a@group-FA853D2A5168->c7cc2fe0-c6a0-4806-a89e-0e07a1727659(c-1,m0,n1, attendVote=true, lastRpcSendTime=4, lastRpcResponseTime=6480) yet, just keep nextIndex unchanged and retry.
2022-11-04 13:16:52,219 [Command processor thread] INFO  keyvalue.KeyValueContainer (KeyValueContainer.java:flushAndSyncDB(437)) - Container 1 is synced with bcsId 0.
2022-11-04 13:16:52,219 [Command processor thread] INFO  keyvalue.KeyValueContainer (KeyValueContainer.java:flushAndSyncDB(437)) - Container 1 is synced with bcsId 0.
2022-11-04 13:16:52,226 [0dd4671e-e5ba-49c8-8afe-be056577c247@group-3134A2B79DBE-FollowerState] INFO  impl.FollowerState (FollowerState.java:run(143)) - 0dd4671e-e5ba-49c8-8afe-be056577c247@group-3134A2B79DBE-FollowerState: change to CANDIDATE, lastRpcElapsedTime:5089702386ns, electionTimeout:5073ms
2022-11-04 13:16:52,226 [0dd4671e-e5ba-49c8-8afe-be056577c247@group-3134A2B79DBE-FollowerState] INFO  impl.RoleInfo (RoleInfo.java:shutdownFollowerState(110)) - 0dd4671e-e5ba-49c8-8afe-be056577c247: shutdown 0dd4671e-e5ba-49c8-8afe-be056577c247@group-3134A2B79DBE-FollowerState
2022-11-04 13:16:52,226 [0dd4671e-e5ba-49c8-8afe-be056577c247@group-3134A2B79DBE-FollowerState] INFO  server.RaftServer$Division (RaftServerImpl.java:setRole(321)) - 0dd4671e-e5ba-49c8-8afe-be056577c247@group-3134A2B79DBE: changes role from  FOLLOWER to CANDIDATE at term 1 for changeToCandidate
2022-11-04 13:16:52,226 [0dd4671e-e5ba-49c8-8afe-be056577c247@group-3134A2B79DBE-FollowerState] INFO  server.RaftServerConfigKeys (ConfUtils.java:logGet(46)) - raft.server.leaderelection.pre-vote = false (custom)
2022-11-04 13:16:52,226 [0dd4671e-e5ba-49c8-8afe-be056577c247@group-3134A2B79DBE-FollowerState] INFO  impl.RoleInfo (RoleInfo.java:updateAndGet(139)) - 0dd4671e-e5ba-49c8-8afe-be056577c247: start 0dd4671e-e5ba-49c8-8afe-be056577c247@group-3134A2B79DBE-LeaderElection26
2022-11-04 13:16:52,238 [Command processor thread] INFO  keyvalue.KeyValueContainer (KeyValueContainer.java:close(352)) - Container 1 is closed with bcsId 0.
2022-11-04 13:16:52,240 [FixedThreadPoolWithAffinityExecutor-1-0] INFO  container.IncrementalContainerReportHandler (AbstractContainerReportHandler.java:updateContainerState(292)) - Moving container #1 to CLOSED state, datanode 8d3760b1-f0ab-49a5-9c8a-a39ea99f9aab{ip: 10.1.1.104, host: fv-az443-313.ap2fcshprsnunfx25e1aelzb4b.cx.internal.cloudapp.net, ports: [REPLICATION=44345, RATIS=40979, RATIS_ADMIN=40979, RATIS_SERVER=40979, STANDALONE=43541], networkLocation: /default-rack, certSerialId: null, persistedOpState: IN_SERVICE, persistedOpStateExpiryEpochSec: 0} reported CLOSED replica.
2022-11-04 13:16:52,293 [5b5b9152-5d2c-4522-9940-e93bc8d8546d@group-3134A2B79DBE-FollowerState] INFO  impl.FollowerState (FollowerState.java:run(143)) - 5b5b9152-5d2c-4522-9940-e93bc8d8546d@group-3134A2B79DBE-FollowerState: change to CANDIDATE, lastRpcElapsedTime:5102687613ns, electionTimeout:5071ms
2022-11-04 13:16:52,293 [5b5b9152-5d2c-4522-9940-e93bc8d8546d@group-3134A2B79DBE-FollowerState] INFO  impl.RoleInfo (RoleInfo.java:shutdownFollowerState(110)) - 5b5b9152-5d2c-4522-9940-e93bc8d8546d: shutdown 5b5b9152-5d2c-4522-9940-e93bc8d8546d@group-3134A2B79DBE-FollowerState
2022-11-04 13:16:52,293 [5b5b9152-5d2c-4522-9940-e93bc8d8546d@group-3134A2B79DBE-FollowerState] INFO  server.RaftServer$Division (RaftServerImpl.java:setRole(321)) - 5b5b9152-5d2c-4522-9940-e93bc8d8546d@group-3134A2B79DBE: changes role from  FOLLOWER to CANDIDATE at term 1 for changeToCandidate
2022-11-04 13:16:52,293 [5b5b9152-5d2c-4522-9940-e93bc8d8546d@group-3134A2B79DBE-FollowerState] INFO  server.RaftServerConfigKeys (ConfUtils.java:logGet(46)) - raft.server.leaderelection.pre-vote = false (custom)
2022-11-04 13:16:52,293 [5b5b9152-5d2c-4522-9940-e93bc8d8546d@group-3134A2B79DBE-FollowerState] INFO  impl.RoleInfo (RoleInfo.java:updateAndGet(139)) - 5b5b9152-5d2c-4522-9940-e93bc8d8546d: start 5b5b9152-5d2c-4522-9940-e93bc8d8546d@group-3134A2B79DBE-LeaderElection27
2022-11-04 13:16:52,313 [0dd4671e-e5ba-49c8-8afe-be056577c247@group-3134A2B79DBE-LeaderElection26] INFO  impl.LeaderElection (LeaderElection.java:askForVotes(312)) - 0dd4671e-e5ba-49c8-8afe-be056577c247@group-3134A2B79DBE-LeaderElection26 ELECTION round 0: submit vote requests at term 2 for -1: peers:[c32434d6-2497-484c-95de-45f9e03d5624|rpc:10.1.1.104:38331|priority:1|startupRole:FOLLOWER, 0dd4671e-e5ba-49c8-8afe-be056577c247|rpc:10.1.1.104:32843|priority:0|startupRole:FOLLOWER, 5b5b9152-5d2c-4522-9940-e93bc8d8546d|rpc:10.1.1.104:42221|priority:0|startupRole:FOLLOWER]|listeners:[], old=null
2022-11-04 13:16:52,314 [Listener at 127.0.0.1/35095] INFO  replication.ReplicationManager (ReplicationManager.java:stop(273)) - Stopping Replication Monitor Thread.
2022-11-04 13:16:52,315 [5b5b9152-5d2c-4522-9940-e93bc8d8546d@group-3134A2B79DBE-LeaderElection27] INFO  impl.LeaderElection (LeaderElection.java:askForVotes(312)) - 5b5b9152-5d2c-4522-9940-e93bc8d8546d@group-3134A2B79DBE-LeaderElection27 ELECTION round 0: submit vote requests at term 2 for -1: peers:[c32434d6-2497-484c-95de-45f9e03d5624|rpc:10.1.1.104:38331|dataStream:|priority:1|startupRole:FOLLOWER, 0dd4671e-e5ba-49c8-8afe-be056577c247|rpc:10.1.1.104:32843|dataStream:|priority:0|startupRole:FOLLOWER, 5b5b9152-5d2c-4522-9940-e93bc8d8546d|rpc:10.1.1.104:42221|dataStream:|priority:0|startupRole:FOLLOWER]|listeners:[], old=null
2022-11-04 13:16:52,318 [Under Replicated Processor] WARN  replication.UnderReplicatedProcessor (UnderReplicatedProcessor.java:run(148)) - Under Replicated Processor interrupted. Exiting...
2022-11-04 13:16:52,318 [Over Replicated Processor] WARN  replication.OverReplicatedProcessor (OverReplicatedProcessor.java:run(137)) - Over Replicated Processor interrupted. Exiting...
2022-11-04 13:16:52,321 [grpc-default-executor-5] INFO  server.RaftServer$Division (RaftServerImpl.java:requestVote(1218)) - c32434d6-2497-484c-95de-45f9e03d5624@group-3134A2B79DBE: receive requestVote(ELECTION, 0dd4671e-e5ba-49c8-8afe-be056577c247, group-3134A2B79DBE, 2, (t:0, i:0))
2022-11-04 13:16:52,321 [grpc-default-executor-5] INFO  impl.VoteContext (VoteContext.java:log(48)) - c32434d6-2497-484c-95de-45f9e03d5624@group-3134A2B79DBE-FOLLOWER: reject ELECTION from 0dd4671e-e5ba-49c8-8afe-be056577c247: our priority 1 > candidate's priority 0
2022-11-04 13:16:52,321 [grpc-default-executor-5] INFO  server.RaftServer$Division (RaftServerImpl.java:setRole(321)) - c32434d6-2497-484c-95de-45f9e03d5624@group-3134A2B79DBE: changes role from  FOLLOWER to FOLLOWER at term 2 for candidate:0dd4671e-e5ba-49c8-8afe-be056577c247
2022-11-04 13:16:52,321 [grpc-default-executor-5] INFO  impl.RoleInfo (RoleInfo.java:shutdownFollowerState(110)) - c32434d6-2497-484c-95de-45f9e03d5624: shutdown c32434d6-2497-484c-95de-45f9e03d5624@group-3134A2B79DBE-FollowerState
2022-11-04 13:16:52,321 [grpc-default-executor-1] WARN  server.GrpcLogAppender (LogUtils.java:warn(122)) - 8d3760b1-f0ab-49a5-9c8a-a39ea99f9aab@group-D9F9BF4B5168->c7cc2fe0-c6a0-4806-a89e-0e07a1727659-AppendLogResponseHandler: Failed appendEntries: org.apache.ratis.thirdparty.io.grpc.StatusRuntimeException: UNAVAILABLE: io exception
2022-11-04 13:16:52,321 [0dd4671e-e5ba-49c8-8afe-be056577c247@group-3134A2B79DBE-LeaderElection26] INFO  server.RaftServerConfigKeys (ConfUtils.java:logFallback(53)) - raft.server.rpc.first-election.timeout.min = 5s (fallback to raft.server.rpc.timeout.min)
2022-11-04 13:16:52,322 [0dd4671e-e5ba-49c8-8afe-be056577c247@group-3134A2B79DBE-LeaderElection26] INFO  server.RaftServerConfigKeys (ConfUtils.java:logFallback(53)) - raft.server.rpc.first-election.timeout.max = 5200ms (fallback to raft.server.rpc.timeout.max)
2022-11-04 13:16:52,322 [grpc-default-executor-5] INFO  impl.RoleInfo (RoleInfo.java:updateAndGet(139)) - c32434d6-2497-484c-95de-45f9e03d5624: start c32434d6-2497-484c-95de-45f9e03d5624@group-3134A2B79DBE-FollowerState
2022-11-04 13:16:52,322 [grpc-default-executor-1] WARN  server.GrpcLogAppender (GrpcLogAppender.java:resetClient(131)) - 8d3760b1-f0ab-49a5-9c8a-a39ea99f9aab@group-D9F9BF4B5168->c7cc2fe0-c6a0-4806-a89e-0e07a1727659-GrpcLogAppender: Leader has not got in touch with Follower 8d3760b1-f0ab-49a5-9c8a-a39ea99f9aab@group-D9F9BF4B5168->c7cc2fe0-c6a0-4806-a89e-0e07a1727659(c-1,m0,n1, attendVote=true, lastRpcSendTime=0, lastRpcResponseTime=6484) yet, just keep nextIndex unchanged and retry.
2022-11-04 13:16:52,322 [grpc-default-executor-4] WARN  server.GrpcLogAppender (LogUtils.java:warn(122)) - 8d3760b1-f0ab-49a5-9c8a-a39ea99f9aab@group-D9F9BF4B5168->c7cc2fe0-c6a0-4806-a89e-0e07a1727659-AppendLogResponseHandler: Failed appendEntries: org.apache.ratis.thirdparty.io.grpc.StatusRuntimeException: UNAVAILABLE: io exception
2022-11-04 13:16:52,323 [grpc-default-executor-4] WARN  server.GrpcLogAppender (GrpcLogAppender.java:resetClient(131)) - 8d3760b1-f0ab-49a5-9c8a-a39ea99f9aab@group-D9F9BF4B5168->c7cc2fe0-c6a0-4806-a89e-0e07a1727659-GrpcLogAppender: Leader has not got in touch with Follower 8d3760b1-f0ab-49a5-9c8a-a39ea99f9aab@group-D9F9BF4B5168->c7cc2fe0-c6a0-4806-a89e-0e07a1727659(c-1,m0,n1, attendVote=true, lastRpcSendTime=1, lastRpcResponseTime=6485) yet, just keep nextIndex unchanged and retry.
2022-11-04 13:16:52,323 [c32434d6-2497-484c-95de-45f9e03d5624@group-3134A2B79DBE-FollowerState] INFO  impl.FollowerState (FollowerState.java:run(152)) - c32434d6-2497-484c-95de-45f9e03d5624@group-3134A2B79DBE-FollowerState was interrupted
2022-11-04 13:16:52,324 [c32434d6-2497-484c-95de-45f9e03d5624@group-3134A2B79DBE-FollowerState] INFO  server.RaftServerConfigKeys (ConfUtils.java:logFallback(53)) - raft.server.rpc.first-election.timeout.min = 5s (fallback to raft.server.rpc.timeout.min)
2022-11-04 13:16:52,324 [grpc-default-executor-4] INFO  server.RaftServer$Division (RaftServerImpl.java:requestVote(1218)) - 5b5b9152-5d2c-4522-9940-e93bc8d8546d@group-3134A2B79DBE: receive requestVote(ELECTION, 0dd4671e-e5ba-49c8-8afe-be056577c247, group-3134A2B79DBE, 2, (t:0, i:0))
2022-11-04 13:16:52,324 [grpc-default-executor-4] INFO  impl.VoteContext (VoteContext.java:log(48)) - 5b5b9152-5d2c-4522-9940-e93bc8d8546d@group-3134A2B79DBE-CANDIDATE: reject ELECTION from 0dd4671e-e5ba-49c8-8afe-be056577c247: already has voted for 5b5b9152-5d2c-4522-9940-e93bc8d8546d at current term 2
2022-11-04 13:16:52,324 [c32434d6-2497-484c-95de-45f9e03d5624@group-3134A2B79DBE-FollowerState] INFO  server.RaftServerConfigKeys (ConfUtils.java:logFallback(53)) - raft.server.rpc.first-election.timeout.max = 5200ms (fallback to raft.server.rpc.timeout.max)
2022-11-04 13:16:52,325 [grpc-default-executor-4] INFO  server.RaftServer$Division (RaftServerImpl.java:requestVote(1251)) - 5b5b9152-5d2c-4522-9940-e93bc8d8546d@group-3134A2B79DBE replies to ELECTION vote request: 0dd4671e-e5ba-49c8-8afe-be056577c247<-5b5b9152-5d2c-4522-9940-e93bc8d8546d#0:FAIL-t2. Peer's state: 5b5b9152-5d2c-4522-9940-e93bc8d8546d@group-3134A2B79DBE:t2, leader=null, voted=5b5b9152-5d2c-4522-9940-e93bc8d8546d, raftlog=Memoized:5b5b9152-5d2c-4522-9940-e93bc8d8546d@group-3134A2B79DBE-SegmentedRaftLog:OPENED:c-1, conf=-1: peers:[c32434d6-2497-484c-95de-45f9e03d5624|rpc:10.1.1.104:38331|dataStream:|priority:1|startupRole:FOLLOWER, 0dd4671e-e5ba-49c8-8afe-be056577c247|rpc:10.1.1.104:32843|dataStream:|priority:0|startupRole:FOLLOWER, 5b5b9152-5d2c-4522-9940-e93bc8d8546d|rpc:10.1.1.104:42221|dataStream:|priority:0|startupRole:FOLLOWER]|listeners:[], old=null
2022-11-04 13:16:52,325 [grpc-default-executor-5] INFO  server.RaftServer$Division (RaftServerImpl.java:requestVote(1251)) - c32434d6-2497-484c-95de-45f9e03d5624@group-3134A2B79DBE replies to ELECTION vote request: 0dd4671e-e5ba-49c8-8afe-be056577c247<-c32434d6-2497-484c-95de-45f9e03d5624#0:FAIL-t2. Peer's state: c32434d6-2497-484c-95de-45f9e03d5624@group-3134A2B79DBE:t2, leader=null, voted=null, raftlog=Memoized:c32434d6-2497-484c-95de-45f9e03d5624@group-3134A2B79DBE-SegmentedRaftLog:OPENED:c-1, conf=-1: peers:[c32434d6-2497-484c-95de-45f9e03d5624|rpc:10.1.1.104:38331|dataStream:|priority:1|startupRole:FOLLOWER, 0dd4671e-e5ba-49c8-8afe-be056577c247|rpc:10.1.1.104:32843|dataStream:|priority:0|startupRole:FOLLOWER, 5b5b9152-5d2c-4522-9940-e93bc8d8546d|rpc:10.1.1.104:42221|dataStream:|priority:0|startupRole:FOLLOWER]|listeners:[], old=null
2022-11-04 13:16:52,326 [5b5b9152-5d2c-4522-9940-e93bc8d8546d@group-3134A2B79DBE-LeaderElection27] INFO  server.RaftServerConfigKeys (ConfUtils.java:logFallback(53)) - raft.server.rpc.first-election.timeout.min = 5s (fallback to raft.server.rpc.timeout.min)
2022-11-04 13:16:52,326 [5b5b9152-5d2c-4522-9940-e93bc8d8546d@group-3134A2B79DBE-LeaderElection27] INFO  server.RaftServerConfigKeys (ConfUtils.java:logFallback(53)) - raft.server.rpc.first-election.timeout.max = 5200ms (fallback to raft.server.rpc.timeout.max)
2022-11-04 13:16:52,328 [ReplicationMonitor] INFO  replication.ReplicationManager (ReplicationManager.java:run(579)) - Replication Monitor Thread is stopped
2022-11-04 13:16:52,338 [0dd4671e-e5ba-49c8-8afe-be056577c247@group-3134A2B79DBE-LeaderElection26] INFO  impl.LeaderElection (LeaderElection.java:logAndReturn(90)) - 0dd4671e-e5ba-49c8-8afe-be056577c247@group-3134A2B79DBE-LeaderElection26: ELECTION REJECTED received 2 response(s) and 0 exception(s):
2022-11-04 13:16:52,338 [0dd4671e-e5ba-49c8-8afe-be056577c247@group-3134A2B79DBE-LeaderElection26] INFO  impl.LeaderElection (LeaderElection.java:logAndReturn(94)) -   Response 0: 0dd4671e-e5ba-49c8-8afe-be056577c247<-c32434d6-2497-484c-95de-45f9e03d5624#0:FAIL-t2
2022-11-04 13:16:52,338 [0dd4671e-e5ba-49c8-8afe-be056577c247@group-3134A2B79DBE-LeaderElection26] INFO  impl.LeaderElection (LeaderElection.java:logAndReturn(94)) -   Response 1: 0dd4671e-e5ba-49c8-8afe-be056577c247<-5b5b9152-5d2c-4522-9940-e93bc8d8546d#0:FAIL-t2
2022-11-04 13:16:52,338 [0dd4671e-e5ba-49c8-8afe-be056577c247@group-3134A2B79DBE-LeaderElection26] INFO  impl.LeaderElection (LeaderElection.java:askForVotes(314)) - 0dd4671e-e5ba-49c8-8afe-be056577c247@group-3134A2B79DBE-LeaderElection26 ELECTION round 0: result REJECTED
2022-11-04 13:16:52,338 [0dd4671e-e5ba-49c8-8afe-be056577c247@group-3134A2B79DBE-LeaderElection26] INFO  server.RaftServer$Division (RaftServerImpl.java:setRole(321)) - 0dd4671e-e5ba-49c8-8afe-be056577c247@group-3134A2B79DBE: changes role from CANDIDATE to FOLLOWER at term 2 for REJECTED
2022-11-04 13:16:52,338 [0dd4671e-e5ba-49c8-8afe-be056577c247@group-3134A2B79DBE-LeaderElection26] INFO  impl.RoleInfo (RoleInfo.java:shutdownLeaderElection(130)) - 0dd4671e-e5ba-49c8-8afe-be056577c247: shutdown 0dd4671e-e5ba-49c8-8afe-be056577c247@group-3134A2B79DBE-LeaderElection26
2022-11-04 13:16:52,338 [0dd4671e-e5ba-49c8-8afe-be056577c247@group-3134A2B79DBE-LeaderElection26] INFO  impl.RoleInfo (RoleInfo.java:updateAndGet(139)) - 0dd4671e-e5ba-49c8-8afe-be056577c247: start 0dd4671e-e5ba-49c8-8afe-be056577c247@group-3134A2B79DBE-FollowerState
2022-11-04 13:16:52,339 [grpc-default-executor-4] INFO  server.RaftServer$Division (RaftServerImpl.java:requestVote(1218)) - 0dd4671e-e5ba-49c8-8afe-be056577c247@group-3134A2B79DBE: receive requestVote(ELECTION, 5b5b9152-5d2c-4522-9940-e93bc8d8546d, group-3134A2B79DBE, 2, (t:0, i:0))
2022-11-04 13:16:52,341 [grpc-default-executor-5] INFO  server.RaftServer$Division (RaftServerImpl.java:requestVote(1218)) - c32434d6-2497-484c-95de-45f9e03d5624@group-3134A2B79DBE: receive requestVote(ELECTION, 5b5b9152-5d2c-4522-9940-e93bc8d8546d, group-3134A2B79DBE, 2, (t:0, i:0))
2022-11-04 13:16:52,341 [grpc-default-executor-5] INFO  impl.VoteContext (VoteContext.java:log(48)) - c32434d6-2497-484c-95de-45f9e03d5624@group-3134A2B79DBE-FOLLOWER: reject ELECTION from 5b5b9152-5d2c-4522-9940-e93bc8d8546d: our priority 1 > candidate's priority 0
2022-11-04 13:16:52,341 [grpc-default-executor-5] INFO  server.RaftServer$Division (RaftServerImpl.java:setRole(321)) - c32434d6-2497-484c-95de-45f9e03d5624@group-3134A2B79DBE: changes role from  FOLLOWER to FOLLOWER at term 2 for candidate:5b5b9152-5d2c-4522-9940-e93bc8d8546d
2022-11-04 13:16:52,341 [grpc-default-executor-5] INFO  impl.RoleInfo (RoleInfo.java:shutdownFollowerState(110)) - c32434d6-2497-484c-95de-45f9e03d5624: shutdown c32434d6-2497-484c-95de-45f9e03d5624@group-3134A2B79DBE-FollowerState
2022-11-04 13:16:52,347 [grpc-default-executor-5] INFO  impl.RoleInfo (RoleInfo.java:updateAndGet(139)) - c32434d6-2497-484c-95de-45f9e03d5624: start c32434d6-2497-484c-95de-45f9e03d5624@group-3134A2B79DBE-FollowerState
2022-11-04 13:16:52,347 [grpc-default-executor-4] INFO  impl.VoteContext (VoteContext.java:log(48)) - 0dd4671e-e5ba-49c8-8afe-be056577c247@group-3134A2B79DBE-FOLLOWER: reject ELECTION from 5b5b9152-5d2c-4522-9940-e93bc8d8546d: already has voted for 0dd4671e-e5ba-49c8-8afe-be056577c247 at current term 2
2022-11-04 13:16:52,347 [grpc-default-executor-4] INFO  server.RaftServer$Division (RaftServerImpl.java:requestVote(1251)) - 0dd4671e-e5ba-49c8-8afe-be056577c247@group-3134A2B79DBE replies to ELECTION vote request: 5b5b9152-5d2c-4522-9940-e93bc8d8546d<-0dd4671e-e5ba-49c8-8afe-be056577c247#0:FAIL-t2. Peer's state: 0dd4671e-e5ba-49c8-8afe-be056577c247@group-3134A2B79DBE:t2, leader=null, voted=0dd4671e-e5ba-49c8-8afe-be056577c247, raftlog=Memoized:0dd4671e-e5ba-49c8-8afe-be056577c247@group-3134A2B79DBE-SegmentedRaftLog:OPENED:c-1, conf=-1: peers:[c32434d6-2497-484c-95de-45f9e03d5624|rpc:10.1.1.104:38331|priority:1|startupRole:FOLLOWER, 0dd4671e-e5ba-49c8-8afe-be056577c247|rpc:10.1.1.104:32843|priority:0|startupRole:FOLLOWER, 5b5b9152-5d2c-4522-9940-e93bc8d8546d|rpc:10.1.1.104:42221|priority:0|startupRole:FOLLOWER]|listeners:[], old=null
2022-11-04 13:16:52,347 [c32434d6-2497-484c-95de-45f9e03d5624@group-3134A2B79DBE-FollowerState] INFO  impl.FollowerState (FollowerState.java:run(152)) - c32434d6-2497-484c-95de-45f9e03d5624@group-3134A2B79DBE-FollowerState was interrupted
2022-11-04 13:16:52,348 [0dd4671e-e5ba-49c8-8afe-be056577c247@group-3134A2B79DBE-FollowerState] INFO  server.RaftServerConfigKeys (ConfUtils.java:logFallback(53)) - raft.server.rpc.first-election.timeout.min = 5s (fallback to raft.server.rpc.timeout.min)
2022-11-04 13:16:52,348 [0dd4671e-e5ba-49c8-8afe-be056577c247@group-3134A2B79DBE-FollowerState] INFO  server.RaftServerConfigKeys (ConfUtils.java:logFallback(53)) - raft.server.rpc.first-election.timeout.max = 5200ms (fallback to raft.server.rpc.timeout.max)
2022-11-04 13:16:52,358 [grpc-default-executor-5] INFO  server.RaftServer$Division (RaftServerImpl.java:requestVote(1251)) - c32434d6-2497-484c-95de-45f9e03d5624@group-3134A2B79DBE replies to ELECTION vote request: 5b5b9152-5d2c-4522-9940-e93bc8d8546d<-c32434d6-2497-484c-95de-45f9e03d5624#0:FAIL-t2. Peer's state: c32434d6-2497-484c-95de-45f9e03d5624@group-3134A2B79DBE:t2, leader=null, voted=null, raftlog=Memoized:c32434d6-2497-484c-95de-45f9e03d5624@group-3134A2B79DBE-SegmentedRaftLog:OPENED:c-1, conf=-1: peers:[c32434d6-2497-484c-95de-45f9e03d5624|rpc:10.1.1.104:38331|dataStream:|priority:1|startupRole:FOLLOWER, 0dd4671e-e5ba-49c8-8afe-be056577c247|rpc:10.1.1.104:32843|dataStream:|priority:0|startupRole:FOLLOWER, 5b5b9152-5d2c-4522-9940-e93bc8d8546d|rpc:10.1.1.104:42221|dataStream:|priority:0|startupRole:FOLLOWER]|listeners:[], old=null
2022-11-04 13:16:52,363 [5b5b9152-5d2c-4522-9940-e93bc8d8546d@group-3134A2B79DBE-LeaderElection27] INFO  impl.LeaderElection (LeaderElection.java:logAndReturn(90)) - 5b5b9152-5d2c-4522-9940-e93bc8d8546d@group-3134A2B79DBE-LeaderElection27: ELECTION REJECTED received 2 response(s) and 0 exception(s):
2022-11-04 13:16:52,363 [5b5b9152-5d2c-4522-9940-e93bc8d8546d@group-3134A2B79DBE-LeaderElection27] INFO  impl.LeaderElection (LeaderElection.java:logAndReturn(94)) -   Response 0: 5b5b9152-5d2c-4522-9940-e93bc8d8546d<-c32434d6-2497-484c-95de-45f9e03d5624#0:FAIL-t2
2022-11-04 13:16:52,363 [5b5b9152-5d2c-4522-9940-e93bc8d8546d@group-3134A2B79DBE-LeaderElection27] INFO  impl.LeaderElection (LeaderElection.java:logAndReturn(94)) -   Response 1: 5b5b9152-5d2c-4522-9940-e93bc8d8546d<-0dd4671e-e5ba-49c8-8afe-be056577c247#0:FAIL-t2
2022-11-04 13:16:52,363 [5b5b9152-5d2c-4522-9940-e93bc8d8546d@group-3134A2B79DBE-LeaderElection27] INFO  impl.LeaderElection (LeaderElection.java:askForVotes(314)) - 5b5b9152-5d2c-4522-9940-e93bc8d8546d@group-3134A2B79DBE-LeaderElection27 ELECTION round 0: result REJECTED
2022-11-04 13:16:52,363 [5b5b9152-5d2c-4522-9940-e93bc8d8546d@group-3134A2B79DBE-LeaderElection27] INFO  server.RaftServer$Division (RaftServerImpl.java:setRole(321)) - 5b5b9152-5d2c-4522-9940-e93bc8d8546d@group-3134A2B79DBE: changes role from CANDIDATE to FOLLOWER at term 2 for REJECTED
2022-11-04 13:16:52,363 [5b5b9152-5d2c-4522-9940-e93bc8d8546d@group-3134A2B79DBE-LeaderElection27] INFO  impl.RoleInfo (RoleInfo.java:shutdownLeaderElection(130)) - 5b5b9152-5d2c-4522-9940-e93bc8d8546d: shutdown 5b5b9152-5d2c-4522-9940-e93bc8d8546d@group-3134A2B79DBE-LeaderElection27
2022-11-04 13:16:52,363 [5b5b9152-5d2c-4522-9940-e93bc8d8546d@group-3134A2B79DBE-LeaderElection27] INFO  impl.RoleInfo (RoleInfo.java:updateAndGet(139)) - 5b5b9152-5d2c-4522-9940-e93bc8d8546d: start 5b5b9152-5d2c-4522-9940-e93bc8d8546d@group-3134A2B79DBE-FollowerState
2022-11-04 13:16:52,368 [5b5b9152-5d2c-4522-9940-e93bc8d8546d@group-3134A2B79DBE-FollowerState] INFO  server.RaftServerConfigKeys (ConfUtils.java:logFallback(53)) - raft.server.rpc.first-election.timeout.min = 5s (fallback to raft.server.rpc.timeout.min)
2022-11-04 13:16:52,368 [5b5b9152-5d2c-4522-9940-e93bc8d8546d@group-3134A2B79DBE-FollowerState] INFO  server.RaftServerConfigKeys (ConfUtils.java:logFallback(53)) - raft.server.rpc.first-election.timeout.max = 5200ms (fallback to raft.server.rpc.timeout.max)
2022-11-04 13:16:52,372 [c32434d6-2497-484c-95de-45f9e03d5624@group-3134A2B79DBE-FollowerState] INFO  server.RaftServerConfigKeys (ConfUtils.java:logFallback(53)) - raft.server.rpc.first-election.timeout.min = 5s (fallback to raft.server.rpc.timeout.min)
2022-11-04 13:16:52,372 [c32434d6-2497-484c-95de-45f9e03d5624@group-3134A2B79DBE-FollowerState] INFO  server.RaftServerConfigKeys (ConfUtils.java:logFallback(53)) - raft.server.rpc.first-election.timeout.max = 5200ms (fallback to raft.server.rpc.timeout.max)
2022-11-04 13:16:52,581 [grpc-default-executor-5] WARN  server.GrpcLogAppender (LogUtils.java:warn(122)) - 6e1286b8-b074-4479-bd2c-46da0ae8c43a@group-FA853D2A5168->c7cc2fe0-c6a0-4806-a89e-0e07a1727659-AppendLogResponseHandler: Failed appendEntries: org.apache.ratis.thirdparty.io.grpc.StatusRuntimeException: UNAVAILABLE: io exception
2022-11-04 13:16:52,582 [grpc-default-executor-5] WARN  server.GrpcLogAppender (GrpcLogAppender.java:resetClient(131)) - 6e1286b8-b074-4479-bd2c-46da0ae8c43a@group-FA853D2A5168->c7cc2fe0-c6a0-4806-a89e-0e07a1727659-GrpcLogAppender: Leader has not got in touch with Follower 6e1286b8-b074-4479-bd2c-46da0ae8c43a@group-FA853D2A5168->c7cc2fe0-c6a0-4806-a89e-0e07a1727659(c-1,m0,n1, attendVote=true, lastRpcSendTime=0, lastRpcResponseTime=7727) yet, just keep nextIndex unchanged and retry.
2022-11-04 13:16:52,582 [grpc-default-executor-4] WARN  server.GrpcLogAppender (LogUtils.java:warn(122)) - 6e1286b8-b074-4479-bd2c-46da0ae8c43a@group-FA853D2A5168->c7cc2fe0-c6a0-4806-a89e-0e07a1727659-AppendLogResponseHandler: Failed appendEntries: org.apache.ratis.thirdparty.io.grpc.StatusRuntimeException: UNAVAILABLE: io exception
2022-11-04 13:16:52,583 [grpc-default-executor-4] WARN  server.GrpcLogAppender (GrpcLogAppender.java:resetClient(131)) - 6e1286b8-b074-4479-bd2c-46da0ae8c43a@group-FA853D2A5168->c7cc2fe0-c6a0-4806-a89e-0e07a1727659-GrpcLogAppender: Leader has not got in touch with Follower 6e1286b8-b074-4479-bd2c-46da0ae8c43a@group-FA853D2A5168->c7cc2fe0-c6a0-4806-a89e-0e07a1727659(c-1,m0,n1, attendVote=true, lastRpcSendTime=1, lastRpcResponseTime=7727) yet, just keep nextIndex unchanged and retry.
2022-11-04 13:16:53,214 [Command processor thread] INFO  keyvalue.KeyValueContainer (KeyValueContainer.java:flushAndSyncDB(437)) - Container 1 is synced with bcsId 0.
2022-11-04 13:16:53,217 [Command processor thread] INFO  keyvalue.KeyValueContainer (KeyValueContainer.java:flushAndSyncDB(437)) - Container 1 is synced with bcsId 0.
2022-11-04 13:16:53,224 [Command processor thread] INFO  keyvalue.KeyValueContainer (KeyValueContainer.java:close(352)) - Container 1 is closed with bcsId 0.
2022-11-04 13:16:53,572 [grpc-default-executor-4] WARN  server.GrpcLogAppender (LogUtils.java:warn(122)) - 8d3760b1-f0ab-49a5-9c8a-a39ea99f9aab@group-D9F9BF4B5168->c7cc2fe0-c6a0-4806-a89e-0e07a1727659-AppendLogResponseHandler: Failed appendEntries: org.apache.ratis.thirdparty.io.grpc.StatusRuntimeException: UNAVAILABLE: io exception
2022-11-04 13:16:53,572 [grpc-default-executor-5] WARN  server.GrpcLogAppender (LogUtils.java:warn(122)) - 8d3760b1-f0ab-49a5-9c8a-a39ea99f9aab@group-D9F9BF4B5168->c7cc2fe0-c6a0-4806-a89e-0e07a1727659-AppendLogResponseHandler: Failed appendEntries: org.apache.ratis.thirdparty.io.grpc.StatusRuntimeException: UNAVAILABLE: io exception
2022-11-04 13:16:53,575 [grpc-default-executor-4] WARN  server.GrpcLogAppender (GrpcLogAppender.java:resetClient(131)) - 8d3760b1-f0ab-49a5-9c8a-a39ea99f9aab@group-D9F9BF4B5168->c7cc2fe0-c6a0-4806-a89e-0e07a1727659-GrpcLogAppender: Leader has not got in touch with Follower 8d3760b1-f0ab-49a5-9c8a-a39ea99f9aab@group-D9F9BF4B5168->c7cc2fe0-c6a0-4806-a89e-0e07a1727659(c-1,m0,n1, attendVote=true, lastRpcSendTime=1253, lastRpcResponseTime=7737) yet, just keep nextIndex unchanged and retry.
2022-11-04 13:16:53,576 [grpc-default-executor-5] WARN  server.GrpcLogAppender (GrpcLogAppender.java:resetClient(131)) - 8d3760b1-f0ab-49a5-9c8a-a39ea99f9aab@group-D9F9BF4B5168->c7cc2fe0-c6a0-4806-a89e-0e07a1727659-GrpcLogAppender: Leader has not got in touch with Follower 8d3760b1-f0ab-49a5-9c8a-a39ea99f9aab@group-D9F9BF4B5168->c7cc2fe0-c6a0-4806-a89e-0e07a1727659(c-1,m0,n1, attendVote=true, lastRpcSendTime=1254, lastRpcResponseTime=7738) yet, just keep nextIndex unchanged and retry.
2022-11-04 13:16:53,590 [grpc-default-executor-5] WARN  server.GrpcLogAppender (LogUtils.java:warn(122)) - 8d3760b1-f0ab-49a5-9c8a-a39ea99f9aab@group-D9F9BF4B5168->c7cc2fe0-c6a0-4806-a89e-0e07a1727659-AppendLogResponseHandler: Failed appendEntries: org.apache.ratis.thirdparty.io.grpc.StatusRuntimeException: UNAVAILABLE: io exception
2022-11-04 13:16:53,590 [grpc-default-executor-4] WARN  server.GrpcLogAppender (LogUtils.java:warn(122)) - 8d3760b1-f0ab-49a5-9c8a-a39ea99f9aab@group-D9F9BF4B5168->c7cc2fe0-c6a0-4806-a89e-0e07a1727659-AppendLogResponseHandler: Failed appendEntries: org.apache.ratis.thirdparty.io.grpc.StatusRuntimeException: UNAVAILABLE: io exception
2022-11-04 13:16:53,591 [grpc-default-executor-5] WARN  server.GrpcLogAppender (GrpcLogAppender.java:resetClient(131)) - 8d3760b1-f0ab-49a5-9c8a-a39ea99f9aab@group-D9F9BF4B5168->c7cc2fe0-c6a0-4806-a89e-0e07a1727659-GrpcLogAppender: Leader has not got in touch with Follower 8d3760b1-f0ab-49a5-9c8a-a39ea99f9aab@group-D9F9BF4B5168->c7cc2fe0-c6a0-4806-a89e-0e07a1727659(c-1,m0,n1, attendVote=true, lastRpcSendTime=1269, lastRpcResponseTime=7753) yet, just keep nextIndex unchanged and retry.
2022-11-04 13:16:53,591 [grpc-default-executor-4] WARN  server.GrpcLogAppender (GrpcLogAppender.java:resetClient(131)) - 8d3760b1-f0ab-49a5-9c8a-a39ea99f9aab@group-D9F9BF4B5168->c7cc2fe0-c6a0-4806-a89e-0e07a1727659-GrpcLogAppender: Leader has not got in touch with Follower 8d3760b1-f0ab-49a5-9c8a-a39ea99f9aab@group-D9F9BF4B5168->c7cc2fe0-c6a0-4806-a89e-0e07a1727659(c-1,m0,n1, attendVote=true, lastRpcSendTime=1269, lastRpcResponseTime=7753) yet, just keep nextIndex unchanged and retry.
2022-11-04 13:16:53,597 [grpc-default-executor-4] WARN  server.GrpcLogAppender (LogUtils.java:warn(122)) - 8d3760b1-f0ab-49a5-9c8a-a39ea99f9aab@group-D9F9BF4B5168->c7cc2fe0-c6a0-4806-a89e-0e07a1727659-AppendLogResponseHandler: Failed appendEntries: org.apache.ratis.thirdparty.io.grpc.StatusRuntimeException: UNAVAILABLE: io exception
2022-11-04 13:16:53,597 [grpc-default-executor-5] WARN  server.GrpcLogAppender (LogUtils.java:warn(122)) - 8d3760b1-f0ab-49a5-9c8a-a39ea99f9aab@group-D9F9BF4B5168->c7cc2fe0-c6a0-4806-a89e-0e07a1727659-AppendLogResponseHandler: Failed appendEntries: org.apache.ratis.thirdparty.io.grpc.StatusRuntimeException: UNAVAILABLE: io exception
2022-11-04 13:16:53,598 [grpc-default-executor-4] WARN  server.GrpcLogAppender (GrpcLogAppender.java:resetClient(131)) - 8d3760b1-f0ab-49a5-9c8a-a39ea99f9aab@group-D9F9BF4B5168->c7cc2fe0-c6a0-4806-a89e-0e07a1727659-GrpcLogAppender: Leader has not got in touch with Follower 8d3760b1-f0ab-49a5-9c8a-a39ea99f9aab@group-D9F9BF4B5168->c7cc2fe0-c6a0-4806-a89e-0e07a1727659(c-1,m0,n1, attendVote=true, lastRpcSendTime=1276, lastRpcResponseTime=7760) yet, just keep nextIndex unchanged and retry.
2022-11-04 13:16:53,599 [grpc-default-executor-5] WARN  server.GrpcLogAppender (GrpcLogAppender.java:resetClient(131)) - 8d3760b1-f0ab-49a5-9c8a-a39ea99f9aab@group-D9F9BF4B5168->c7cc2fe0-c6a0-4806-a89e-0e07a1727659-GrpcLogAppender: Leader has not got in touch with Follower 8d3760b1-f0ab-49a5-9c8a-a39ea99f9aab@group-D9F9BF4B5168->c7cc2fe0-c6a0-4806-a89e-0e07a1727659(c-1,m0,n1, attendVote=true, lastRpcSendTime=1277, lastRpcResponseTime=7761) yet, just keep nextIndex unchanged and retry.
2022-11-04 13:16:53,600 [grpc-default-executor-5] WARN  server.GrpcLogAppender (LogUtils.java:warn(122)) - 8d3760b1-f0ab-49a5-9c8a-a39ea99f9aab@group-D9F9BF4B5168->c7cc2fe0-c6a0-4806-a89e-0e07a1727659-AppendLogResponseHandler: Failed appendEntries: org.apache.ratis.thirdparty.io.grpc.StatusRuntimeException: UNAVAILABLE: io exception
2022-11-04 13:16:53,600 [grpc-default-executor-4] WARN  server.GrpcLogAppender (LogUtils.java:warn(122)) - 8d3760b1-f0ab-49a5-9c8a-a39ea99f9aab@group-D9F9BF4B5168->c7cc2fe0-c6a0-4806-a89e-0e07a1727659-AppendLogResponseHandler: Failed appendEntries: org.apache.ratis.thirdparty.io.grpc.StatusRuntimeException: UNAVAILABLE: io exception
2022-11-04 13:16:53,600 [grpc-default-executor-5] WARN  server.GrpcLogAppender (GrpcLogAppender.java:resetClient(131)) - 8d3760b1-f0ab-49a5-9c8a-a39ea99f9aab@group-D9F9BF4B5168->c7cc2fe0-c6a0-4806-a89e-0e07a1727659-GrpcLogAppender: Leader has not got in touch with Follower 8d3760b1-f0ab-49a5-9c8a-a39ea99f9aab@group-D9F9BF4B5168->c7cc2fe0-c6a0-4806-a89e-0e07a1727659(c-1,m0,n1, attendVote=true, lastRpcSendTime=1278, lastRpcResponseTime=7763) yet, just keep nextIndex unchanged and retry.
2022-11-04 13:16:53,600 [grpc-default-executor-4] WARN  server.GrpcLogAppender (GrpcLogAppender.java:resetClient(131)) - 8d3760b1-f0ab-49a5-9c8a-a39ea99f9aab@group-D9F9BF4B5168->c7cc2fe0-c6a0-4806-a89e-0e07a1727659-GrpcLogAppender: Leader has not got in touch with Follower 8d3760b1-f0ab-49a5-9c8a-a39ea99f9aab@group-D9F9BF4B5168->c7cc2fe0-c6a0-4806-a89e-0e07a1727659(c-1,m0,n1, attendVote=true, lastRpcSendTime=1279, lastRpcResponseTime=7763) yet, just keep nextIndex unchanged and retry.
2022-11-04 13:16:53,602 [grpc-default-executor-4] WARN  server.GrpcLogAppender (LogUtils.java:warn(122)) - 8d3760b1-f0ab-49a5-9c8a-a39ea99f9aab@group-D9F9BF4B5168->c7cc2fe0-c6a0-4806-a89e-0e07a1727659-AppendLogResponseHandler: Failed appendEntries: org.apache.ratis.thirdparty.io.grpc.StatusRuntimeException: UNAVAILABLE: io exception
2022-11-04 13:16:53,602 [grpc-default-executor-5] WARN  server.GrpcLogAppender (LogUtils.java:warn(122)) - 8d3760b1-f0ab-49a5-9c8a-a39ea99f9aab@group-D9F9BF4B5168->c7cc2fe0-c6a0-4806-a89e-0e07a1727659-AppendLogResponseHandler: Failed appendEntries: org.apache.ratis.thirdparty.io.grpc.StatusRuntimeException: UNAVAILABLE: io exception
2022-11-04 13:16:53,603 [grpc-default-executor-4] WARN  server.GrpcLogAppender (GrpcLogAppender.java:resetClient(131)) - 8d3760b1-f0ab-49a5-9c8a-a39ea99f9aab@group-D9F9BF4B5168->c7cc2fe0-c6a0-4806-a89e-0e07a1727659-GrpcLogAppender: Leader has not got in touch with Follower 8d3760b1-f0ab-49a5-9c8a-a39ea99f9aab@group-D9F9BF4B5168->c7cc2fe0-c6a0-4806-a89e-0e07a1727659(c-1,m0,n1, attendVote=true, lastRpcSendTime=1281, lastRpcResponseTime=7765) yet, just keep nextIndex unchanged and retry.
2022-11-04 13:16:53,604 [grpc-default-executor-5] WARN  server.GrpcLogAppender (GrpcLogAppender.java:resetClient(131)) - 8d3760b1-f0ab-49a5-9c8a-a39ea99f9aab@group-D9F9BF4B5168->c7cc2fe0-c6a0-4806-a89e-0e07a1727659-GrpcLogAppender: Leader has not got in touch with Follower 8d3760b1-f0ab-49a5-9c8a-a39ea99f9aab@group-D9F9BF4B5168->c7cc2fe0-c6a0-4806-a89e-0e07a1727659(c-1,m0,n1, attendVote=true, lastRpcSendTime=1282, lastRpcResponseTime=7766) yet, just keep nextIndex unchanged and retry.
2022-11-04 13:16:53,607 [grpc-default-executor-5] WARN  server.GrpcLogAppender (LogUtils.java:warn(122)) - 8d3760b1-f0ab-49a5-9c8a-a39ea99f9aab@group-D9F9BF4B5168->c7cc2fe0-c6a0-4806-a89e-0e07a1727659-AppendLogResponseHandler: Failed appendEntries: org.apache.ratis.thirdparty.io.grpc.StatusRuntimeException: UNAVAILABLE: io exception
2022-11-04 13:16:53,607 [grpc-default-executor-4] WARN  server.GrpcLogAppender (LogUtils.java:warn(122)) - 8d3760b1-f0ab-49a5-9c8a-a39ea99f9aab@group-D9F9BF4B5168->c7cc2fe0-c6a0-4806-a89e-0e07a1727659-AppendLogResponseHandler: Failed appendEntries: org.apache.ratis.thirdparty.io.grpc.StatusRuntimeException: UNAVAILABLE: io exception
2022-11-04 13:16:53,607 [grpc-default-executor-5] WARN  server.GrpcLogAppender (GrpcLogAppender.java:resetClient(131)) - 8d3760b1-f0ab-49a5-9c8a-a39ea99f9aab@group-D9F9BF4B5168->c7cc2fe0-c6a0-4806-a89e-0e07a1727659-GrpcLogAppender: Leader has not got in touch with Follower 8d3760b1-f0ab-49a5-9c8a-a39ea99f9aab@group-D9F9BF4B5168->c7cc2fe0-c6a0-4806-a89e-0e07a1727659(c-1,m0,n1, attendVote=true, lastRpcSendTime=0, lastRpcResponseTime=7769) yet, just keep nextIndex unchanged and retry.
2022-11-04 13:16:53,607 [grpc-default-executor-4] WARN  server.GrpcLogAppender (GrpcLogAppender.java:resetClient(131)) - 8d3760b1-f0ab-49a5-9c8a-a39ea99f9aab@group-D9F9BF4B5168->c7cc2fe0-c6a0-4806-a89e-0e07a1727659-GrpcLogAppender: Leader has not got in touch with Follower 8d3760b1-f0ab-49a5-9c8a-a39ea99f9aab@group-D9F9BF4B5168->c7cc2fe0-c6a0-4806-a89e-0e07a1727659(c-1,m0,n1, attendVote=true, lastRpcSendTime=0, lastRpcResponseTime=7770) yet, just keep nextIndex unchanged and retry.
2022-11-04 13:16:53,833 [grpc-default-executor-4] WARN  server.GrpcLogAppender (LogUtils.java:warn(122)) - 6e1286b8-b074-4479-bd2c-46da0ae8c43a@group-FA853D2A5168->c7cc2fe0-c6a0-4806-a89e-0e07a1727659-AppendLogResponseHandler: Failed appendEntries: org.apache.ratis.thirdparty.io.grpc.StatusRuntimeException: UNAVAILABLE: io exception
2022-11-04 13:16:53,834 [grpc-default-executor-4] WARN  server.GrpcLogAppender (GrpcLogAppender.java:resetClient(131)) - 6e1286b8-b074-4479-bd2c-46da0ae8c43a@group-FA853D2A5168->c7cc2fe0-c6a0-4806-a89e-0e07a1727659-GrpcLogAppender: Leader has not got in touch with Follower 6e1286b8-b074-4479-bd2c-46da0ae8c43a@group-FA853D2A5168->c7cc2fe0-c6a0-4806-a89e-0e07a1727659(c-1,m0,n1, attendVote=true, lastRpcSendTime=0, lastRpcResponseTime=8978) yet, just keep nextIndex unchanged and retry.
2022-11-04 13:16:53,834 [grpc-default-executor-5] WARN  server.GrpcLogAppender (LogUtils.java:warn(122)) - 6e1286b8-b074-4479-bd2c-46da0ae8c43a@group-FA853D2A5168->c7cc2fe0-c6a0-4806-a89e-0e07a1727659-AppendLogResponseHandler: Failed appendEntries: org.apache.ratis.thirdparty.io.grpc.StatusRuntimeException: UNAVAILABLE: io exception
2022-11-04 13:16:53,834 [grpc-default-executor-5] WARN  server.GrpcLogAppender (GrpcLogAppender.java:resetClient(131)) - 6e1286b8-b074-4479-bd2c-46da0ae8c43a@group-FA853D2A5168->c7cc2fe0-c6a0-4806-a89e-0e07a1727659-GrpcLogAppender: Leader has not got in touch with Follower 6e1286b8-b074-4479-bd2c-46da0ae8c43a@group-FA853D2A5168->c7cc2fe0-c6a0-4806-a89e-0e07a1727659(c-1,m0,n1, attendVote=true, lastRpcSendTime=1, lastRpcResponseTime=8979) yet, just keep nextIndex unchanged and retry.
2022-11-04 13:16:54,206 [Command processor thread] INFO  keyvalue.KeyValueContainer (KeyValueContainer.java:flushAndSyncDB(437)) - Container 1 is synced with bcsId 0.
2022-11-04 13:16:54,207 [Command processor thread] INFO  keyvalue.KeyValueContainer (KeyValueContainer.java:flushAndSyncDB(437)) - Container 1 is synced with bcsId 0.
2022-11-04 13:16:54,216 [Command processor thread] INFO  keyvalue.KeyValueContainer (KeyValueContainer.java:close(352)) - Container 1 is closed with bcsId 0.
2022-11-04 13:16:54,228 [EventQueue-DeadNodeForDeadNodeHandler] INFO  node.DeadNodeHandler (DeadNodeHandler.java:onMessage(81)) - A dead datanode is detected. c7cc2fe0-c6a0-4806-a89e-0e07a1727659{ip: 10.1.1.104, host: fv-az443-313.ap2fcshprsnunfx25e1aelzb4b.cx.internal.cloudapp.net, ports: [REPLICATION=44479, RATIS=40287, RATIS_ADMIN=40287, RATIS_SERVER=40287, STANDALONE=46851], networkLocation: /default-rack, certSerialId: null, persistedOpState: IN_SERVICE, persistedOpStateExpiryEpochSec: 0}
2022-11-04 13:16:54,230 [EventQueue-DeadNodeForDeadNodeHandler] INFO  pipeline.RatisPipelineProvider (RatisPipelineProvider.java:lambda$close$1(244)) - Send pipeline:PipelineID=bc979f65-e453-4d61-80f7-2cf5c2f60d11 close command to datanode c7cc2fe0-c6a0-4806-a89e-0e07a1727659
2022-11-04 13:16:54,230 [EventQueue-DeadNodeForDeadNodeHandler] INFO  pipeline.PipelineStateManagerImpl (PipelineStateManagerImpl.java:removePipeline(245)) - Pipeline Pipeline[ Id: bc979f65-e453-4d61-80f7-2cf5c2f60d11, Nodes: c7cc2fe0-c6a0-4806-a89e-0e07a1727659{ip: 10.1.1.104, host: fv-az443-313.ap2fcshprsnunfx25e1aelzb4b.cx.internal.cloudapp.net, ports: [REPLICATION=44479, RATIS=40287, RATIS_ADMIN=40287, RATIS_SERVER=40287, STANDALONE=46851], networkLocation: /default-rack, certSerialId: null, persistedOpState: IN_SERVICE, persistedOpStateExpiryEpochSec: 0}, ReplicationConfig: RATIS/ONE, State:CLOSED, leaderId:c7cc2fe0-c6a0-4806-a89e-0e07a1727659, CreationTimestamp2022-11-04T13:16:37.102Z[Etc/UTC]] removed.
2022-11-04 13:16:54,231 [EventQueue-DeadNodeForDeadNodeHandler] INFO  pipeline.PipelineStateManagerImpl (PipelineStateManagerImpl.java:removePipeline(245)) - Pipeline Pipeline[ Id: f0c01e89-b43d-4a22-b446-1337fe436db2, Nodes: c7cc2fe0-c6a0-4806-a89e-0e07a1727659{ip: 10.1.1.104, host: fv-az443-313.ap2fcshprsnunfx25e1aelzb4b.cx.internal.cloudapp.net, ports: [REPLICATION=44479, RATIS=40287, RATIS_ADMIN=40287, RATIS_SERVER=40287, STANDALONE=46851], networkLocation: /default-rack, certSerialId: null, persistedOpState: null, persistedOpStateExpiryEpochSec: 0}8d3760b1-f0ab-49a5-9c8a-a39ea99f9aab{ip: 10.1.1.104, host: fv-az443-313.ap2fcshprsnunfx25e1aelzb4b.cx.internal.cloudapp.net, ports: [REPLICATION=44345, RATIS=40979, RATIS_ADMIN=40979, RATIS_SERVER=40979, STANDALONE=43541], networkLocation: /default-rack, certSerialId: null, persistedOpState: null, persistedOpStateExpiryEpochSec: 0}0467b8fc-339c-416e-b5e6-66cb4b1c2e57{ip: 10.1.1.104, host: fv-az443-313.ap2fcshprsnunfx25e1aelzb4b.cx.internal.cloudapp.net, ports: [REPLICATION=40647, RATIS=40137, RATIS_ADMIN=40137, RATIS_SERVER=40137, STANDALONE=40209], networkLocation: /default-rack, certSerialId: null, persistedOpState: null, persistedOpStateExpiryEpochSec: 0}18b69636-199d-46b1-a155-faec2a9e6e92{ip: 10.1.1.104, host: fv-az443-313.ap2fcshprsnunfx25e1aelzb4b.cx.internal.cloudapp.net, ports: [REPLICATION=33747, RATIS=40753, RATIS_ADMIN=40753, RATIS_SERVER=40753, STANDALONE=36937], networkLocation: /default-rack, certSerialId: null, persistedOpState: null, persistedOpStateExpiryEpochSec: 0}99050580-db91-402e-a30b-7426b5391f3a{ip: 10.1.1.104, host: fv-az443-313.ap2fcshprsnunfx25e1aelzb4b.cx.internal.cloudapp.net, ports: [REPLICATION=35487, RATIS=40645, RATIS_ADMIN=40645, RATIS_SERVER=40645, STANDALONE=45217], networkLocation: /default-rack, certSerialId: null, persistedOpState: null, persistedOpStateExpiryEpochSec: 0}, ReplicationConfig: EC/ECReplicationConfig{data=3, parity=2, ecChunkSize=1024, codec=rs}, State:CLOSED, leaderId:, CreationTimestamp2022-11-04T13:16:47.778Z[Etc/UTC]] removed.
2022-11-04 13:16:54,231 [EventQueue-DeadNodeForDeadNodeHandler] INFO  pipeline.RatisPipelineProvider (RatisPipelineProvider.java:lambda$close$1(244)) - Send pipeline:PipelineID=3733acae-4637-413b-b21d-fa853d2a5168 close command to datanode 6e1286b8-b074-4479-bd2c-46da0ae8c43a
2022-11-04 13:16:54,231 [EventQueue-DeadNodeForDeadNodeHandler] INFO  pipeline.RatisPipelineProvider (RatisPipelineProvider.java:lambda$close$1(244)) - Send pipeline:PipelineID=3733acae-4637-413b-b21d-fa853d2a5168 close command to datanode c7cc2fe0-c6a0-4806-a89e-0e07a1727659
2022-11-04 13:16:54,231 [EventQueue-DeadNodeForDeadNodeHandler] INFO  pipeline.RatisPipelineProvider (RatisPipelineProvider.java:lambda$close$1(244)) - Send pipeline:PipelineID=3733acae-4637-413b-b21d-fa853d2a5168 close command to datanode 8d3760b1-f0ab-49a5-9c8a-a39ea99f9aab
2022-11-04 13:16:54,231 [EventQueue-DeadNodeForDeadNodeHandler] INFO  pipeline.PipelineStateManagerImpl (PipelineStateManagerImpl.java:removePipeline(245)) - Pipeline Pipeline[ Id: 3733acae-4637-413b-b21d-fa853d2a5168, Nodes: 6e1286b8-b074-4479-bd2c-46da0ae8c43a{ip: 10.1.1.104, host: fv-az443-313.ap2fcshprsnunfx25e1aelzb4b.cx.internal.cloudapp.net, ports: [REPLICATION=39547, RATIS=43531, RATIS_ADMIN=43531, RATIS_SERVER=43531, STANDALONE=42445], networkLocation: /default-rack, certSerialId: null, persistedOpState: IN_SERVICE, persistedOpStateExpiryEpochSec: 0}c7cc2fe0-c6a0-4806-a89e-0e07a1727659{ip: 10.1.1.104, host: fv-az443-313.ap2fcshprsnunfx25e1aelzb4b.cx.internal.cloudapp.net, ports: [REPLICATION=44479, RATIS=40287, RATIS_ADMIN=40287, RATIS_SERVER=40287, STANDALONE=46851], networkLocation: /default-rack, certSerialId: null, persistedOpState: IN_SERVICE, persistedOpStateExpiryEpochSec: 0}8d3760b1-f0ab-49a5-9c8a-a39ea99f9aab{ip: 10.1.1.104, host: fv-az443-313.ap2fcshprsnunfx25e1aelzb4b.cx.internal.cloudapp.net, ports: [REPLICATION=44345, RATIS=40979, RATIS_ADMIN=40979, RATIS_SERVER=40979, STANDALONE=43541], networkLocation: /default-rack, certSerialId: null, persistedOpState: IN_SERVICE, persistedOpStateExpiryEpochSec: 0}, ReplicationConfig: RATIS/THREE, State:CLOSED, leaderId:6e1286b8-b074-4479-bd2c-46da0ae8c43a, CreationTimestamp2022-11-04T13:16:37.527Z[Etc/UTC]] removed.
2022-11-04 13:16:54,231 [EventQueue-DeadNodeForDeadNodeHandler] INFO  pipeline.RatisPipelineProvider (RatisPipelineProvider.java:lambda$close$1(244)) - Send pipeline:PipelineID=2f318765-ecc8-4fba-a471-d9f9bf4b5168 close command to datanode c7cc2fe0-c6a0-4806-a89e-0e07a1727659
2022-11-04 13:16:54,231 [EventQueue-DeadNodeForDeadNodeHandler] INFO  pipeline.RatisPipelineProvider (RatisPipelineProvider.java:lambda$close$1(244)) - Send pipeline:PipelineID=2f318765-ecc8-4fba-a471-d9f9bf4b5168 close command to datanode 6e1286b8-b074-4479-bd2c-46da0ae8c43a
2022-11-04 13:16:54,232 [EventQueue-DeadNodeForDeadNodeHandler] INFO  pipeline.RatisPipelineProvider (RatisPipelineProvider.java:lambda$close$1(244)) - Send pipeline:PipelineID=2f318765-ecc8-4fba-a471-d9f9bf4b5168 close command to datanode 8d3760b1-f0ab-49a5-9c8a-a39ea99f9aab
2022-11-04 13:16:54,234 [EventQueue-DeadNodeForDeadNodeHandler] INFO  pipeline.PipelineStateManagerImpl (PipelineStateManagerImpl.java:removePipeline(245)) - Pipeline Pipeline[ Id: 2f318765-ecc8-4fba-a471-d9f9bf4b5168, Nodes: c7cc2fe0-c6a0-4806-a89e-0e07a1727659{ip: 10.1.1.104, host: fv-az443-313.ap2fcshprsnunfx25e1aelzb4b.cx.internal.cloudapp.net, ports: [REPLICATION=44479, RATIS=40287, RATIS_ADMIN=40287, RATIS_SERVER=40287, STANDALONE=46851], networkLocation: /default-rack, certSerialId: null, persistedOpState: IN_SERVICE, persistedOpStateExpiryEpochSec: 0}6e1286b8-b074-4479-bd2c-46da0ae8c43a{ip: 10.1.1.104, host: fv-az443-313.ap2fcshprsnunfx25e1aelzb4b.cx.internal.cloudapp.net, ports: [REPLICATION=39547, RATIS=43531, RATIS_ADMIN=43531, RATIS_SERVER=43531, STANDALONE=42445], networkLocation: /default-rack, certSerialId: null, persistedOpState: IN_SERVICE, persistedOpStateExpiryEpochSec: 0}8d3760b1-f0ab-49a5-9c8a-a39ea99f9aab{ip: 10.1.1.104, host: fv-az443-313.ap2fcshprsnunfx25e1aelzb4b.cx.internal.cloudapp.net, ports: [REPLICATION=44345, RATIS=40979, RATIS_ADMIN=40979, RATIS_SERVER=40979, STANDALONE=43541], networkLocation: /default-rack, certSerialId: null, persistedOpState: IN_SERVICE, persistedOpStateExpiryEpochSec: 0}, ReplicationConfig: RATIS/THREE, State:CLOSED, leaderId:8d3760b1-f0ab-49a5-9c8a-a39ea99f9aab, CreationTimestamp2022-11-04T13:16:37.529Z[Etc/UTC]] removed.
2022-11-04 13:16:54,236 [Listener at 127.0.0.1/35095] INFO  replication.ReplicationManager (ReplicationManager.java:start(239)) - Starting Replication Monitor Thread.
2022-11-04 13:16:54,238 [EventQueue-DeadNodeForDeadNodeHandler] INFO  net.NetworkTopologyImpl (NetworkTopologyImpl.java:remove(190)) - Removed a node: /default-rack/c7cc2fe0-c6a0-4806-a89e-0e07a1727659
2022-11-04 13:16:54,247 [Under Replicated Processor] INFO  replication.UnderReplicatedProcessor (UnderReplicatedProcessor.java:processAll(92)) - Processed 0 under replicated containers, failed processing 0
2022-11-04 13:16:54,253 [ReplicationMonitor] INFO  replication.ReplicationManager (ReplicationManager.java:sendCloseContainerReplicaCommand(537)) - Sending close container command for container #1 to datanode 18b69636-199d-46b1-a155-faec2a9e6e92{ip: 10.1.1.104, host: fv-az443-313.ap2fcshprsnunfx25e1aelzb4b.cx.internal.cloudapp.net, ports: [REPLICATION=33747, RATIS=40753, RATIS_ADMIN=40753, RATIS_SERVER=40753, STANDALONE=36937], networkLocation: /default-rack, certSerialId: null, persistedOpState: IN_SERVICE, persistedOpStateExpiryEpochSec: 0}.
2022-11-04 13:16:54,253 [ReplicationMonitor] INFO  replication.ReplicationManager (ReplicationManager.java:processAll(340)) - Replication Monitor Thread took 2 milliseconds for processing 1 containers.
2022-11-04 13:16:54,253 [Over Replicated Processor] INFO  replication.OverReplicatedProcessor (OverReplicatedProcessor.java:processAll(90)) - Processed 0 over replicated containers, failed processing 0
2022-11-04 13:16:54,263 [Command processor thread] INFO  keyvalue.KeyValueContainer (KeyValueContainer.java:flushAndSyncDB(437)) - Container 1 is synced with bcsId 0.
2022-11-04 13:16:54,263 [Command processor thread] INFO  keyvalue.KeyValueContainer (KeyValueContainer.java:flushAndSyncDB(437)) - Container 1 is synced with bcsId 0.
2022-11-04 13:16:54,269 [Command processor thread] INFO  keyvalue.KeyValueContainer (KeyValueContainer.java:close(352)) - Container 1 is closed with bcsId 0.
2022-11-04 13:16:54,857 [grpc-default-executor-4] WARN  server.GrpcLogAppender (LogUtils.java:warn(122)) - 8d3760b1-f0ab-49a5-9c8a-a39ea99f9aab@group-D9F9BF4B5168->c7cc2fe0-c6a0-4806-a89e-0e07a1727659-AppendLogResponseHandler: Failed appendEntries: org.apache.ratis.thirdparty.io.grpc.StatusRuntimeException: UNAVAILABLE: io exception
2022-11-04 13:16:54,857 [grpc-default-executor-5] WARN  server.GrpcLogAppender (LogUtils.java:warn(122)) - 8d3760b1-f0ab-49a5-9c8a-a39ea99f9aab@group-D9F9BF4B5168->c7cc2fe0-c6a0-4806-a89e-0e07a1727659-AppendLogResponseHandler: Failed appendEntries: org.apache.ratis.thirdparty.io.grpc.StatusRuntimeException: UNAVAILABLE: io exception
2022-11-04 13:16:54,858 [grpc-default-executor-4] WARN  server.GrpcLogAppender (GrpcLogAppender.java:resetClient(131)) - 8d3760b1-f0ab-49a5-9c8a-a39ea99f9aab@group-D9F9BF4B5168->c7cc2fe0-c6a0-4806-a89e-0e07a1727659-GrpcLogAppender: Leader has not got in touch with Follower 8d3760b1-f0ab-49a5-9c8a-a39ea99f9aab@group-D9F9BF4B5168->c7cc2fe0-c6a0-4806-a89e-0e07a1727659(c-1,m0,n1, attendVote=true, lastRpcSendTime=1251, lastRpcResponseTime=9020) yet, just keep nextIndex unchanged and retry.
2022-11-04 13:16:54,859 [grpc-default-executor-5] WARN  server.GrpcLogAppender (GrpcLogAppender.java:resetClient(131)) - 8d3760b1-f0ab-49a5-9c8a-a39ea99f9aab@group-D9F9BF4B5168->c7cc2fe0-c6a0-4806-a89e-0e07a1727659-GrpcLogAppender: Leader has not got in touch with Follower 8d3760b1-f0ab-49a5-9c8a-a39ea99f9aab@group-D9F9BF4B5168->c7cc2fe0-c6a0-4806-a89e-0e07a1727659(c-1,m0,n1, attendVote=true, lastRpcSendTime=1252, lastRpcResponseTime=9022) yet, just keep nextIndex unchanged and retry.
2022-11-04 13:16:54,861 [grpc-default-executor-5] WARN  server.GrpcLogAppender (LogUtils.java:warn(122)) - 8d3760b1-f0ab-49a5-9c8a-a39ea99f9aab@group-D9F9BF4B5168->c7cc2fe0-c6a0-4806-a89e-0e07a1727659-AppendLogResponseHandler: Failed appendEntries: org.apache.ratis.thirdparty.io.grpc.StatusRuntimeException: UNAVAILABLE: io exception
2022-11-04 13:16:54,861 [grpc-default-executor-4] WARN  server.GrpcLogAppender (LogUtils.java:warn(122)) - 8d3760b1-f0ab-49a5-9c8a-a39ea99f9aab@group-D9F9BF4B5168->c7cc2fe0-c6a0-4806-a89e-0e07a1727659-AppendLogResponseHandler: Failed appendEntries: org.apache.ratis.thirdparty.io.grpc.StatusRuntimeException: UNAVAILABLE: io exception
2022-11-04 13:16:54,862 [grpc-default-executor-5] WARN  server.GrpcLogAppender (GrpcLogAppender.java:resetClient(131)) - 8d3760b1-f0ab-49a5-9c8a-a39ea99f9aab@group-D9F9BF4B5168->c7cc2fe0-c6a0-4806-a89e-0e07a1727659-GrpcLogAppender: Leader has not got in touch with Follower 8d3760b1-f0ab-49a5-9c8a-a39ea99f9aab@group-D9F9BF4B5168->c7cc2fe0-c6a0-4806-a89e-0e07a1727659(c-1,m0,n1, attendVote=true, lastRpcSendTime=0, lastRpcResponseTime=9024) yet, just keep nextIndex unchanged and retry.
2022-11-04 13:16:54,869 [grpc-default-executor-4] WARN  server.GrpcLogAppender (GrpcLogAppender.java:resetClient(131)) - 8d3760b1-f0ab-49a5-9c8a-a39ea99f9aab@group-D9F9BF4B5168->c7cc2fe0-c6a0-4806-a89e-0e07a1727659-GrpcLogAppender: Leader has not got in touch with Follower 8d3760b1-f0ab-49a5-9c8a-a39ea99f9aab@group-D9F9BF4B5168->c7cc2fe0-c6a0-4806-a89e-0e07a1727659(c-1,m0,n1, attendVote=true, lastRpcSendTime=7, lastRpcResponseTime=9031) yet, just keep nextIndex unchanged and retry.
2022-11-04 13:16:55,083 [grpc-default-executor-4] WARN  server.GrpcLogAppender (LogUtils.java:warn(122)) - 6e1286b8-b074-4479-bd2c-46da0ae8c43a@group-FA853D2A5168->c7cc2fe0-c6a0-4806-a89e-0e07a1727659-AppendLogResponseHandler: Failed appendEntries: org.apache.ratis.thirdparty.io.grpc.StatusRuntimeException: UNAVAILABLE: io exception
2022-11-04 13:16:55,083 [grpc-default-executor-5] WARN  server.GrpcLogAppender (LogUtils.java:warn(122)) - 6e1286b8-b074-4479-bd2c-46da0ae8c43a@group-FA853D2A5168->c7cc2fe0-c6a0-4806-a89e-0e07a1727659-AppendLogResponseHandler: Failed appendEntries: org.apache.ratis.thirdparty.io.grpc.StatusRuntimeException: UNAVAILABLE: io exception
2022-11-04 13:16:55,084 [grpc-default-executor-4] WARN  server.GrpcLogAppender (GrpcLogAppender.java:resetClient(131)) - 6e1286b8-b074-4479-bd2c-46da0ae8c43a@group-FA853D2A5168->c7cc2fe0-c6a0-4806-a89e-0e07a1727659-GrpcLogAppender: Leader has not got in touch with Follower 6e1286b8-b074-4479-bd2c-46da0ae8c43a@group-FA853D2A5168->c7cc2fe0-c6a0-4806-a89e-0e07a1727659(c-1,m0,n1, attendVote=true, lastRpcSendTime=0, lastRpcResponseTime=10229) yet, just keep nextIndex unchanged and retry.
2022-11-04 13:16:55,085 [grpc-default-executor-5] WARN  server.GrpcLogAppender (GrpcLogAppender.java:resetClient(131)) - 6e1286b8-b074-4479-bd2c-46da0ae8c43a@group-FA853D2A5168->c7cc2fe0-c6a0-4806-a89e-0e07a1727659-GrpcLogAppender: Leader has not got in touch with Follower 6e1286b8-b074-4479-bd2c-46da0ae8c43a@group-FA853D2A5168->c7cc2fe0-c6a0-4806-a89e-0e07a1727659(c-1,m0,n1, attendVote=true, lastRpcSendTime=1, lastRpcResponseTime=10230) yet, just keep nextIndex unchanged and retry.
2022-11-04 13:16:55,239 [Command processor thread] INFO  server.RaftServer (RaftServerProxy.java:remove(107)) - 8d3760b1-f0ab-49a5-9c8a-a39ea99f9aab: remove  FOLLOWER 8d3760b1-f0ab-49a5-9c8a-a39ea99f9aab@group-FA853D2A5168:t2, leader=6e1286b8-b074-4479-bd2c-46da0ae8c43a, voted=6e1286b8-b074-4479-bd2c-46da0ae8c43a, raftlog=Memoized:8d3760b1-f0ab-49a5-9c8a-a39ea99f9aab@group-FA853D2A5168-SegmentedRaftLog:OPENED:c0, conf=0: peers:[c7cc2fe0-c6a0-4806-a89e-0e07a1727659|rpc:10.1.1.104:40287|dataStream:|priority:0|startupRole:FOLLOWER, 6e1286b8-b074-4479-bd2c-46da0ae8c43a|rpc:10.1.1.104:43531|dataStream:|priority:1|startupRole:FOLLOWER, 8d3760b1-f0ab-49a5-9c8a-a39ea99f9aab|rpc:10.1.1.104:40979|dataStream:|priority:0|startupRole:FOLLOWER]|listeners:[], old=null RUNNING
2022-11-04 13:16:55,240 [Command processor thread] INFO  server.RaftServer$Division (RaftServerImpl.java:lambda$close$4(458)) - 8d3760b1-f0ab-49a5-9c8a-a39ea99f9aab@group-FA853D2A5168: shutdown
2022-11-04 13:16:55,241 [Command processor thread] INFO  util.JmxRegister (JmxRegister.java:unregister(73)) - Successfully un-registered JMX Bean with object name Ratis:service=RaftServer,group=group-FA853D2A5168,id=8d3760b1-f0ab-49a5-9c8a-a39ea99f9aab
2022-11-04 13:16:55,241 [Command processor thread] INFO  impl.RoleInfo (RoleInfo.java:shutdownFollowerState(110)) - 8d3760b1-f0ab-49a5-9c8a-a39ea99f9aab: shutdown 8d3760b1-f0ab-49a5-9c8a-a39ea99f9aab@group-FA853D2A5168-FollowerState
2022-11-04 13:16:55,242 [8d3760b1-f0ab-49a5-9c8a-a39ea99f9aab@group-FA853D2A5168-StateMachineUpdater] INFO  ratis.ContainerStateMachine (ContainerStateMachine.java:takeSnapshot(304)) - group-FA853D2A5168: Taking a snapshot at:(t:2, i:0) file /home/runner/work/ozone/ozone/hadoop-ozone/integration-test/target/test-dir/MiniOzoneClusterImpl-0c0bfa66-1f5b-4f11-9fe6-cbebe0503434/datanode-0/data/ratis/3733acae-4637-413b-b21d-fa853d2a5168/sm/snapshot.2_0
2022-11-04 13:16:55,242 [Command processor thread] INFO  impl.StateMachineUpdater (StateMachineUpdater.java:stopAndJoin(153)) - 8d3760b1-f0ab-49a5-9c8a-a39ea99f9aab@group-FA853D2A5168-StateMachineUpdater: set stopIndex = 0
2022-11-04 13:16:55,243 [8d3760b1-f0ab-49a5-9c8a-a39ea99f9aab@group-FA853D2A5168-StateMachineUpdater] INFO  ratis.ContainerStateMachine (ContainerStateMachine.java:takeSnapshot(315)) - group-FA853D2A5168: Finished taking a snapshot at:(t:2, i:0) file:/home/runner/work/ozone/ozone/hadoop-ozone/integration-test/target/test-dir/MiniOzoneClusterImpl-0c0bfa66-1f5b-4f11-9fe6-cbebe0503434/datanode-0/data/ratis/3733acae-4637-413b-b21d-fa853d2a5168/sm/snapshot.2_0 took: 1 ms
2022-11-04 13:16:55,243 [8d3760b1-f0ab-49a5-9c8a-a39ea99f9aab@group-FA853D2A5168-FollowerState] INFO  impl.FollowerState (FollowerState.java:run(152)) - 8d3760b1-f0ab-49a5-9c8a-a39ea99f9aab@group-FA853D2A5168-FollowerState was interrupted
2022-11-04 13:16:55,243 [8d3760b1-f0ab-49a5-9c8a-a39ea99f9aab@group-FA853D2A5168-StateMachineUpdater] INFO  impl.StateMachineUpdater (StateMachineUpdater.java:takeSnapshot(287)) - 8d3760b1-f0ab-49a5-9c8a-a39ea99f9aab@group-FA853D2A5168-StateMachineUpdater: Took a snapshot at index 0
2022-11-04 13:16:55,243 [8d3760b1-f0ab-49a5-9c8a-a39ea99f9aab@group-FA853D2A5168-StateMachineUpdater] INFO  impl.StateMachineUpdater (StateMachineUpdater.java:lambda$new$0(92)) - 8d3760b1-f0ab-49a5-9c8a-a39ea99f9aab@group-FA853D2A5168-StateMachineUpdater: snapshotIndex: updateIncreasingly -1 -> 0
2022-11-04 13:16:55,249 [Command processor thread] INFO  server.RaftServer$Division (ServerState.java:close(466)) - 8d3760b1-f0ab-49a5-9c8a-a39ea99f9aab@group-FA853D2A5168: closes. applyIndex: 0
2022-11-04 13:16:55,249 [8d3760b1-f0ab-49a5-9c8a-a39ea99f9aab@group-FA853D2A5168-SegmentedRaftLogWorker] INFO  segmented.SegmentedRaftLogWorker (SegmentedRaftLogWorker.java:run(345)) - 8d3760b1-f0ab-49a5-9c8a-a39ea99f9aab@group-FA853D2A5168-SegmentedRaftLogWorker was interrupted, exiting. There are 0 tasks remaining in the queue.
2022-11-04 13:16:55,252 [Command processor thread] INFO  segmented.SegmentedRaftLogWorker (SegmentedRaftLogWorker.java:close(255)) - 8d3760b1-f0ab-49a5-9c8a-a39ea99f9aab@group-FA853D2A5168-SegmentedRaftLogWorker close()
2022-11-04 13:16:55,256 [Command processor thread] INFO  server.RaftServer$Division (RaftServerImpl.java:groupRemove(428)) - 8d3760b1-f0ab-49a5-9c8a-a39ea99f9aab@group-FA853D2A5168: Succeed to remove RaftStorageDirectory Storage Directory /home/runner/work/ozone/ozone/hadoop-ozone/integration-test/target/test-dir/MiniOzoneClusterImpl-0c0bfa66-1f5b-4f11-9fe6-cbebe0503434/datanode-0/data/ratis/3733acae-4637-413b-b21d-fa853d2a5168
2022-11-04 13:16:55,257 [Command processor thread] INFO  commandhandler.ClosePipelineCommandHandler (ClosePipelineCommandHandler.java:handle(78)) - Close Pipeline PipelineID=3733acae-4637-413b-b21d-fa853d2a5168 command on datanode 8d3760b1-f0ab-49a5-9c8a-a39ea99f9aab.
2022-11-04 13:16:55,257 [Command processor thread] INFO  server.RaftServer (RaftServerProxy.java:remove(107)) - 8d3760b1-f0ab-49a5-9c8a-a39ea99f9aab: remove    LEADER 8d3760b1-f0ab-49a5-9c8a-a39ea99f9aab@group-D9F9BF4B5168:t2, leader=8d3760b1-f0ab-49a5-9c8a-a39ea99f9aab, voted=8d3760b1-f0ab-49a5-9c8a-a39ea99f9aab, raftlog=Memoized:8d3760b1-f0ab-49a5-9c8a-a39ea99f9aab@group-D9F9BF4B5168-SegmentedRaftLog:OPENED:c0, conf=0: peers:[c7cc2fe0-c6a0-4806-a89e-0e07a1727659|rpc:10.1.1.104:40287|dataStream:|priority:1|startupRole:FOLLOWER, 6e1286b8-b074-4479-bd2c-46da0ae8c43a|rpc:10.1.1.104:43531|dataStream:|priority:0|startupRole:FOLLOWER, 8d3760b1-f0ab-49a5-9c8a-a39ea99f9aab|rpc:10.1.1.104:40979|dataStream:|priority:0|startupRole:FOLLOWER]|listeners:[], old=null RUNNING
2022-11-04 13:16:55,257 [Command processor thread] INFO  server.RaftServer$Division (RaftServerImpl.java:lambda$close$4(458)) - 8d3760b1-f0ab-49a5-9c8a-a39ea99f9aab@group-D9F9BF4B5168: shutdown
2022-11-04 13:16:55,257 [Command processor thread] INFO  util.JmxRegister (JmxRegister.java:unregister(73)) - Successfully un-registered JMX Bean with object name Ratis:service=RaftServer,group=group-D9F9BF4B5168,id=8d3760b1-f0ab-49a5-9c8a-a39ea99f9aab
2022-11-04 13:16:55,257 [Command processor thread] INFO  impl.RoleInfo (RoleInfo.java:shutdownLeaderState(93)) - 8d3760b1-f0ab-49a5-9c8a-a39ea99f9aab: shutdown 8d3760b1-f0ab-49a5-9c8a-a39ea99f9aab@group-D9F9BF4B5168-LeaderStateImpl
2022-11-04 13:16:55,258 [Command processor thread] INFO  impl.PendingRequests (PendingRequests.java:sendNotLeaderResponses(282)) - 8d3760b1-f0ab-49a5-9c8a-a39ea99f9aab@group-D9F9BF4B5168-PendingRequests: sendNotLeaderResponses
2022-11-04 13:16:55,258 [8d3760b1-f0ab-49a5-9c8a-a39ea99f9aab@group-D9F9BF4B5168->6e1286b8-b074-4479-bd2c-46da0ae8c43a-GrpcLogAppender-LogAppenderDaemon] WARN  server.GrpcLogAppender (GrpcLogAppender.java:mayWait(200)) - 8d3760b1-f0ab-49a5-9c8a-a39ea99f9aab@group-D9F9BF4B5168->6e1286b8-b074-4479-bd2c-46da0ae8c43a-GrpcLogAppender: Wait interrupted by java.lang.InterruptedException
2022-11-04 13:16:55,261 [grpc-default-executor-5] INFO  server.GrpcServerProtocolService (GrpcServerProtocolService.java:onCompleted(145)) - 6e1286b8-b074-4479-bd2c-46da0ae8c43a: Completed APPEND_ENTRIES, lastRequest: null
2022-11-04 13:16:55,263 [grpc-default-executor-1] INFO  server.GrpcLogAppender (GrpcLogAppender.java:onCompleted(415)) - 8d3760b1-f0ab-49a5-9c8a-a39ea99f9aab@group-D9F9BF4B5168->6e1286b8-b074-4479-bd2c-46da0ae8c43a-AppendLogResponseHandler: follower responses appendEntries COMPLETED
2022-11-04 13:16:55,264 [grpc-default-executor-1] INFO  leader.FollowerInfo (FollowerInfoImpl.java:lambda$new$0(48)) - 8d3760b1-f0ab-49a5-9c8a-a39ea99f9aab@group-D9F9BF4B5168->6e1286b8-b074-4479-bd2c-46da0ae8c43a: nextIndex: updateUnconditionally 1 -> 0
2022-11-04 13:16:55,266 [8d3760b1-f0ab-49a5-9c8a-a39ea99f9aab@group-D9F9BF4B5168-StateMachineUpdater] INFO  ratis.ContainerStateMachine (ContainerStateMachine.java:takeSnapshot(304)) - group-D9F9BF4B5168: Taking a snapshot at:(t:2, i:0) file /home/runner/work/ozone/ozone/hadoop-ozone/integration-test/target/test-dir/MiniOzoneClusterImpl-0c0bfa66-1f5b-4f11-9fe6-cbebe0503434/datanode-0/data/ratis/2f318765-ecc8-4fba-a471-d9f9bf4b5168/sm/snapshot.2_0
2022-11-04 13:16:55,266 [Command processor thread] INFO  impl.StateMachineUpdater (StateMachineUpdater.java:stopAndJoin(153)) - 8d3760b1-f0ab-49a5-9c8a-a39ea99f9aab@group-D9F9BF4B5168-StateMachineUpdater: set stopIndex = 0
2022-11-04 13:16:55,267 [8d3760b1-f0ab-49a5-9c8a-a39ea99f9aab@group-D9F9BF4B5168-StateMachineUpdater] INFO  ratis.ContainerStateMachine (ContainerStateMachine.java:takeSnapshot(315)) - group-D9F9BF4B5168: Finished taking a snapshot at:(t:2, i:0) file:/home/runner/work/ozone/ozone/hadoop-ozone/integration-test/target/test-dir/MiniOzoneClusterImpl-0c0bfa66-1f5b-4f11-9fe6-cbebe0503434/datanode-0/data/ratis/2f318765-ecc8-4fba-a471-d9f9bf4b5168/sm/snapshot.2_0 took: 2 ms
2022-11-04 13:16:55,268 [8d3760b1-f0ab-49a5-9c8a-a39ea99f9aab@group-D9F9BF4B5168-StateMachineUpdater] INFO  impl.StateMachineUpdater (StateMachineUpdater.java:takeSnapshot(287)) - 8d3760b1-f0ab-49a5-9c8a-a39ea99f9aab@group-D9F9BF4B5168-StateMachineUpdater: Took a snapshot at index 0
2022-11-04 13:16:55,268 [8d3760b1-f0ab-49a5-9c8a-a39ea99f9aab@group-D9F9BF4B5168-StateMachineUpdater] INFO  impl.StateMachineUpdater (StateMachineUpdater.java:lambda$new$0(92)) - 8d3760b1-f0ab-49a5-9c8a-a39ea99f9aab@group-D9F9BF4B5168-StateMachineUpdater: snapshotIndex: updateIncreasingly -1 -> 0
2022-11-04 13:16:55,268 [Command processor thread] INFO  server.RaftServer$Division (ServerState.java:close(466)) - 8d3760b1-f0ab-49a5-9c8a-a39ea99f9aab@group-D9F9BF4B5168: closes. applyIndex: 0
2022-11-04 13:16:55,268 [8d3760b1-f0ab-49a5-9c8a-a39ea99f9aab@group-D9F9BF4B5168-SegmentedRaftLogWorker] INFO  segmented.SegmentedRaftLogWorker (SegmentedRaftLogWorker.java:run(345)) - 8d3760b1-f0ab-49a5-9c8a-a39ea99f9aab@group-D9F9BF4B5168-SegmentedRaftLogWorker was interrupted, exiting. There are 0 tasks remaining in the queue.
2022-11-04 13:16:55,262 [grpc-default-executor-4] INFO  server.GrpcServerProtocolService (GrpcServerProtocolService.java:onCompleted(145)) - 6e1286b8-b074-4479-bd2c-46da0ae8c43a: Completed APPEND_ENTRIES, lastRequest: 8d3760b1-f0ab-49a5-9c8a-a39ea99f9aab->6e1286b8-b074-4479-bd2c-46da0ae8c43a#1-t2,previous=(t:0, i:0),leaderCommit=0,initializing? true,entries: size=1, first=(t:2, i:0), CONFIGURATIONENTRY(current:id: "c7cc2fe0-c6a0-4806-a89e-0e07a1727659"
address: "10.1.1.104:40287"
priority: 1
clientAddress: "10.1.1.104:40287"
adminAddress: "10.1.1.104:40287"
startupRole: FOLLOWER
,id: "6e1286b8-b074-4479-bd2c-46da0ae8c43a"
address: "10.1.1.104:43531"
clientAddress: "10.1.1.104:43531"
adminAddress: "10.1.1.104:43531"
startupRole: FOLLOWER
,id: "8d3760b1-f0ab-49a5-9c8a-a39ea99f9aab"
address: "10.1.1.104:40979"
clientAddress: "10.1.1.104:40979"
adminAddress: "10.1.1.104:40979"
startupRole: FOLLOWER
, old:)
2022-11-04 13:16:55,272 [Command processor thread] INFO  segmented.SegmentedRaftLogWorker (SegmentedRaftLogWorker.java:close(255)) - 8d3760b1-f0ab-49a5-9c8a-a39ea99f9aab@group-D9F9BF4B5168-SegmentedRaftLogWorker close()
2022-11-04 13:16:55,272 [grpc-default-executor-1] INFO  server.GrpcLogAppender (GrpcLogAppender.java:onCompleted(415)) - 8d3760b1-f0ab-49a5-9c8a-a39ea99f9aab@group-D9F9BF4B5168->6e1286b8-b074-4479-bd2c-46da0ae8c43a-AppendLogResponseHandler: follower responses appendEntries COMPLETED
2022-11-04 13:16:55,272 [grpc-default-executor-1] INFO  leader.FollowerInfo (FollowerInfoImpl.java:lambda$new$0(48)) - 8d3760b1-f0ab-49a5-9c8a-a39ea99f9aab@group-D9F9BF4B5168->6e1286b8-b074-4479-bd2c-46da0ae8c43a: nextIndex: updateUnconditionally 0 -> 0
2022-11-04 13:16:55,280 [Command processor thread] INFO  server.RaftServer$Division (RaftServerImpl.java:groupRemove(428)) - 8d3760b1-f0ab-49a5-9c8a-a39ea99f9aab@group-D9F9BF4B5168: Succeed to remove RaftStorageDirectory Storage Directory /home/runner/work/ozone/ozone/hadoop-ozone/integration-test/target/test-dir/MiniOzoneClusterImpl-0c0bfa66-1f5b-4f11-9fe6-cbebe0503434/datanode-0/data/ratis/2f318765-ecc8-4fba-a471-d9f9bf4b5168
2022-11-04 13:16:55,280 [Command processor thread] INFO  commandhandler.ClosePipelineCommandHandler (ClosePipelineCommandHandler.java:handle(78)) - Close Pipeline PipelineID=2f318765-ecc8-4fba-a471-d9f9bf4b5168 command on datanode 8d3760b1-f0ab-49a5-9c8a-a39ea99f9aab.
2022-11-04 13:16:56,201 [47355ef6-248e-415d-99d1-f00ca16e1642@group-D39F9C32CD8E-FollowerState] INFO  impl.FollowerState (FollowerState.java:run(143)) - 47355ef6-248e-415d-99d1-f00ca16e1642@group-D39F9C32CD8E-FollowerState: change to CANDIDATE, lastRpcElapsedTime:5028742906ns, electionTimeout:5009ms
2022-11-04 13:16:56,201 [47355ef6-248e-415d-99d1-f00ca16e1642@group-D39F9C32CD8E-FollowerState] INFO  impl.RoleInfo (RoleInfo.java:shutdownFollowerState(110)) - 47355ef6-248e-415d-99d1-f00ca16e1642: shutdown 47355ef6-248e-415d-99d1-f00ca16e1642@group-D39F9C32CD8E-FollowerState
2022-11-04 13:16:56,201 [47355ef6-248e-415d-99d1-f00ca16e1642@group-D39F9C32CD8E-FollowerState] INFO  server.RaftServer$Division (RaftServerImpl.java:setRole(321)) - 47355ef6-248e-415d-99d1-f00ca16e1642@group-D39F9C32CD8E: changes role from  FOLLOWER to CANDIDATE at term 2 for changeToCandidate
2022-11-04 13:16:56,201 [47355ef6-248e-415d-99d1-f00ca16e1642@group-D39F9C32CD8E-FollowerState] INFO  server.RaftServerConfigKeys (ConfUtils.java:logGet(46)) - raft.server.leaderelection.pre-vote = false (custom)
2022-11-04 13:16:56,201 [47355ef6-248e-415d-99d1-f00ca16e1642@group-D39F9C32CD8E-FollowerState] INFO  impl.RoleInfo (RoleInfo.java:updateAndGet(139)) - 47355ef6-248e-415d-99d1-f00ca16e1642: start 47355ef6-248e-415d-99d1-f00ca16e1642@group-D39F9C32CD8E-LeaderElection28
2022-11-04 13:16:56,205 [47355ef6-248e-415d-99d1-f00ca16e1642@group-D39F9C32CD8E-LeaderElection28] INFO  impl.LeaderElection (LeaderElection.java:askForVotes(312)) - 47355ef6-248e-415d-99d1-f00ca16e1642@group-D39F9C32CD8E-LeaderElection28 ELECTION round 0: submit vote requests at term 3 for -1: peers:[18b69636-199d-46b1-a155-faec2a9e6e92|rpc:10.1.1.104:40753|dataStream:|priority:0|startupRole:FOLLOWER, 47355ef6-248e-415d-99d1-f00ca16e1642|rpc:10.1.1.104:43613|dataStream:|priority:1|startupRole:FOLLOWER, 99050580-db91-402e-a30b-7426b5391f3a|rpc:10.1.1.104:40645|dataStream:|priority:0|startupRole:FOLLOWER]|listeners:[], old=null
2022-11-04 13:16:56,206 [47355ef6-248e-415d-99d1-f00ca16e1642@group-D39F9C32CD8E-LeaderElection28-1] INFO  server.GrpcServerProtocolClient (GrpcServerProtocolClient.java:<init>(63)) - Build channel for 18b69636-199d-46b1-a155-faec2a9e6e92
2022-11-04 13:16:56,208 [47355ef6-248e-415d-99d1-f00ca16e1642@group-D39F9C32CD8E-LeaderElection28] INFO  server.RaftServerConfigKeys (ConfUtils.java:logFallback(53)) - raft.server.rpc.first-election.timeout.min = 5s (fallback to raft.server.rpc.timeout.min)
2022-11-04 13:16:56,208 [47355ef6-248e-415d-99d1-f00ca16e1642@group-D39F9C32CD8E-LeaderElection28] INFO  server.RaftServerConfigKeys (ConfUtils.java:logFallback(53)) - raft.server.rpc.first-election.timeout.max = 5200ms (fallback to raft.server.rpc.timeout.max)
2022-11-04 13:16:56,212 [99050580-db91-402e-a30b-7426b5391f3a@group-D39F9C32CD8E-FollowerState] INFO  impl.FollowerState (FollowerState.java:run(143)) - 99050580-db91-402e-a30b-7426b5391f3a@group-D39F9C32CD8E-FollowerState: change to CANDIDATE, lastRpcElapsedTime:5027274693ns, electionTimeout:5024ms
2022-11-04 13:16:56,212 [99050580-db91-402e-a30b-7426b5391f3a@group-D39F9C32CD8E-FollowerState] INFO  impl.RoleInfo (RoleInfo.java:shutdownFollowerState(110)) - 99050580-db91-402e-a30b-7426b5391f3a: shutdown 99050580-db91-402e-a30b-7426b5391f3a@group-D39F9C32CD8E-FollowerState
2022-11-04 13:16:56,212 [99050580-db91-402e-a30b-7426b5391f3a@group-D39F9C32CD8E-FollowerState] INFO  server.RaftServer$Division (RaftServerImpl.java:setRole(321)) - 99050580-db91-402e-a30b-7426b5391f3a@group-D39F9C32CD8E: changes role from  FOLLOWER to CANDIDATE at term 2 for changeToCandidate
2022-11-04 13:16:56,212 [99050580-db91-402e-a30b-7426b5391f3a@group-D39F9C32CD8E-FollowerState] INFO  server.RaftServerConfigKeys (ConfUtils.java:logGet(46)) - raft.server.leaderelection.pre-vote = false (custom)
2022-11-04 13:16:56,212 [99050580-db91-402e-a30b-7426b5391f3a@group-D39F9C32CD8E-FollowerState] INFO  impl.RoleInfo (RoleInfo.java:updateAndGet(139)) - 99050580-db91-402e-a30b-7426b5391f3a: start 99050580-db91-402e-a30b-7426b5391f3a@group-D39F9C32CD8E-LeaderElection29
2022-11-04 13:16:56,213 [47355ef6-248e-415d-99d1-f00ca16e1642@group-D39F9C32CD8E-LeaderElection28-2] INFO  server.GrpcServerProtocolClient (GrpcServerProtocolClient.java:<init>(63)) - Build channel for 99050580-db91-402e-a30b-7426b5391f3a
2022-11-04 13:16:56,225 [grpc-default-executor-1] INFO  server.RaftServer$Division (RaftServerImpl.java:requestVote(1218)) - 18b69636-199d-46b1-a155-faec2a9e6e92@group-D39F9C32CD8E: receive requestVote(ELECTION, 47355ef6-248e-415d-99d1-f00ca16e1642, group-D39F9C32CD8E, 3, (t:0, i:0))
2022-11-04 13:16:56,225 [grpc-default-executor-1] INFO  impl.VoteContext (VoteContext.java:log(48)) - 18b69636-199d-46b1-a155-faec2a9e6e92@group-D39F9C32CD8E-FOLLOWER: accept ELECTION from 47355ef6-248e-415d-99d1-f00ca16e1642: our priority 0 <= candidate's priority 1
2022-11-04 13:16:56,225 [grpc-default-executor-1] INFO  server.RaftServer$Division (RaftServerImpl.java:setRole(321)) - 18b69636-199d-46b1-a155-faec2a9e6e92@group-D39F9C32CD8E: changes role from  FOLLOWER to FOLLOWER at term 3 for candidate:47355ef6-248e-415d-99d1-f00ca16e1642
2022-11-04 13:16:56,225 [grpc-default-executor-1] INFO  impl.RoleInfo (RoleInfo.java:shutdownFollowerState(110)) - 18b69636-199d-46b1-a155-faec2a9e6e92: shutdown 18b69636-199d-46b1-a155-faec2a9e6e92@group-D39F9C32CD8E-FollowerState
2022-11-04 13:16:56,225 [grpc-default-executor-1] INFO  impl.RoleInfo (RoleInfo.java:updateAndGet(139)) - 18b69636-199d-46b1-a155-faec2a9e6e92: start 18b69636-199d-46b1-a155-faec2a9e6e92@group-D39F9C32CD8E-FollowerState
2022-11-04 13:16:56,226 [18b69636-199d-46b1-a155-faec2a9e6e92@group-D39F9C32CD8E-FollowerState] INFO  impl.FollowerState (FollowerState.java:run(152)) - 18b69636-199d-46b1-a155-faec2a9e6e92@group-D39F9C32CD8E-FollowerState was interrupted
2022-11-04 13:16:56,230 [grpc-default-executor-1] INFO  server.RaftServer$Division (RaftServerImpl.java:requestVote(1251)) - 18b69636-199d-46b1-a155-faec2a9e6e92@group-D39F9C32CD8E replies to ELECTION vote request: 47355ef6-248e-415d-99d1-f00ca16e1642<-18b69636-199d-46b1-a155-faec2a9e6e92#0:OK-t3. Peer's state: 18b69636-199d-46b1-a155-faec2a9e6e92@group-D39F9C32CD8E:t3, leader=null, voted=47355ef6-248e-415d-99d1-f00ca16e1642, raftlog=Memoized:18b69636-199d-46b1-a155-faec2a9e6e92@group-D39F9C32CD8E-SegmentedRaftLog:OPENED:c-1, conf=-1: peers:[18b69636-199d-46b1-a155-faec2a9e6e92|rpc:10.1.1.104:40753|priority:0|startupRole:FOLLOWER, 47355ef6-248e-415d-99d1-f00ca16e1642|rpc:10.1.1.104:43613|priority:1|startupRole:FOLLOWER, 99050580-db91-402e-a30b-7426b5391f3a|rpc:10.1.1.104:40645|priority:0|startupRole:FOLLOWER]|listeners:[], old=null
2022-11-04 13:16:56,233 [47355ef6-248e-415d-99d1-f00ca16e1642@group-D39F9C32CD8E-LeaderElection28] INFO  impl.LeaderElection (LeaderElection.java:logAndReturn(90)) - 47355ef6-248e-415d-99d1-f00ca16e1642@group-D39F9C32CD8E-LeaderElection28: ELECTION PASSED received 1 response(s) and 0 exception(s):
2022-11-04 13:16:56,233 [47355ef6-248e-415d-99d1-f00ca16e1642@group-D39F9C32CD8E-LeaderElection28] INFO  impl.LeaderElection (LeaderElection.java:logAndReturn(94)) -   Response 0: 47355ef6-248e-415d-99d1-f00ca16e1642<-18b69636-199d-46b1-a155-faec2a9e6e92#0:OK-t3
2022-11-04 13:16:56,233 [47355ef6-248e-415d-99d1-f00ca16e1642@group-D39F9C32CD8E-LeaderElection28] INFO  impl.LeaderElection (LeaderElection.java:askForVotes(314)) - 47355ef6-248e-415d-99d1-f00ca16e1642@group-D39F9C32CD8E-LeaderElection28 ELECTION round 0: result PASSED
2022-11-04 13:16:56,233 [47355ef6-248e-415d-99d1-f00ca16e1642@group-D39F9C32CD8E-LeaderElection28] INFO  impl.RoleInfo (RoleInfo.java:shutdownLeaderElection(130)) - 47355ef6-248e-415d-99d1-f00ca16e1642: shutdown 47355ef6-248e-415d-99d1-f00ca16e1642@group-D39F9C32CD8E-LeaderElection28
2022-11-04 13:16:56,233 [47355ef6-248e-415d-99d1-f00ca16e1642@group-D39F9C32CD8E-LeaderElection28] INFO  server.RaftServer$Division (RaftServerImpl.java:setRole(321)) - 47355ef6-248e-415d-99d1-f00ca16e1642@group-D39F9C32CD8E: changes role from CANDIDATE to LEADER at term 3 for changeToLeader
2022-11-04 13:16:56,233 [47355ef6-248e-415d-99d1-f00ca16e1642@group-D39F9C32CD8E-LeaderElection28] INFO  ratis.XceiverServerRatis (XceiverServerRatis.java:handleLeaderChangedNotification(863)) - Leader change notification received for group: group-D39F9C32CD8E with new leaderId: 47355ef6-248e-415d-99d1-f00ca16e1642
2022-11-04 13:16:56,234 [47355ef6-248e-415d-99d1-f00ca16e1642@group-D39F9C32CD8E-LeaderElection28] INFO  server.RaftServer$Division (ServerState.java:setLeader(313)) - 47355ef6-248e-415d-99d1-f00ca16e1642@group-D39F9C32CD8E: change Leader from null to 47355ef6-248e-415d-99d1-f00ca16e1642 at term 3 for becomeLeader, leader elected after 15111ms
2022-11-04 13:16:56,234 [47355ef6-248e-415d-99d1-f00ca16e1642@group-D39F9C32CD8E-LeaderElection28] INFO  server.RaftServerConfigKeys (ConfUtils.java:logGet(46)) - raft.server.staging.catchup.gap = 1000 (default)
2022-11-04 13:16:56,234 [18b69636-199d-46b1-a155-faec2a9e6e92@group-D39F9C32CD8E-FollowerState] INFO  server.RaftServerConfigKeys (ConfUtils.java:logFallback(53)) - raft.server.rpc.first-election.timeout.min = 5s (fallback to raft.server.rpc.timeout.min)
2022-11-04 13:16:56,234 [18b69636-199d-46b1-a155-faec2a9e6e92@group-D39F9C32CD8E-FollowerState] INFO  server.RaftServerConfigKeys (ConfUtils.java:logFallback(53)) - raft.server.rpc.first-election.timeout.max = 5200ms (fallback to raft.server.rpc.timeout.max)
2022-11-04 13:16:56,235 [EventQueue-PipelineReportForPipelineReportHandler] INFO  pipeline.PipelineManagerImpl (PipelineManagerImpl.java:openPipeline(367)) - Pipeline Pipeline[ Id: cc3fb77a-ab95-4649-9bbb-d39f9c32cd8e, Nodes: 18b69636-199d-46b1-a155-faec2a9e6e92{ip: 10.1.1.104, host: fv-az443-313.ap2fcshprsnunfx25e1aelzb4b.cx.internal.cloudapp.net, ports: [REPLICATION=33747, RATIS=40753, RATIS_ADMIN=40753, RATIS_SERVER=40753, STANDALONE=36937], networkLocation: /default-rack, certSerialId: null, persistedOpState: IN_SERVICE, persistedOpStateExpiryEpochSec: 0}99050580-db91-402e-a30b-7426b5391f3a{ip: 10.1.1.104, host: fv-az443-313.ap2fcshprsnunfx25e1aelzb4b.cx.internal.cloudapp.net, ports: [REPLICATION=35487, RATIS=40645, RATIS_ADMIN=40645, RATIS_SERVER=40645, STANDALONE=45217], networkLocation: /default-rack, certSerialId: null, persistedOpState: IN_SERVICE, persistedOpStateExpiryEpochSec: 0}47355ef6-248e-415d-99d1-f00ca16e1642{ip: 10.1.1.104, host: fv-az443-313.ap2fcshprsnunfx25e1aelzb4b.cx.internal.cloudapp.net, ports: [REPLICATION=45467, RATIS=43613, RATIS_ADMIN=43613, RATIS_SERVER=43613, STANDALONE=35029], networkLocation: /default-rack, certSerialId: null, persistedOpState: IN_SERVICE, persistedOpStateExpiryEpochSec: 0}, ReplicationConfig: RATIS/THREE, State:ALLOCATED, leaderId:47355ef6-248e-415d-99d1-f00ca16e1642, CreationTimestamp2022-11-04T13:16:38.498Z[Etc/UTC]] moved to OPEN state
2022-11-04 13:16:56,234 [47355ef6-248e-415d-99d1-f00ca16e1642@group-D39F9C32CD8E-LeaderElection28] INFO  server.RaftServerConfigKeys (ConfUtils.java:logGet(46)) - raft.server.write.element-limit = 1024 (custom)
2022-11-04 13:16:56,236 [47355ef6-248e-415d-99d1-f00ca16e1642@group-D39F9C32CD8E-LeaderElection28] INFO  server.RaftServerConfigKeys (ConfUtils.java:logGet(46)) - raft.server.write.byte-limit = 1024 M (=1073741824) (custom)
2022-11-04 13:16:56,236 [47355ef6-248e-415d-99d1-f00ca16e1642@group-D39F9C32CD8E-LeaderElection28] INFO  server.RaftServerConfigKeys (ConfUtils.java:logGet(46)) - raft.server.watch.timeout = 180s (custom)
2022-11-04 13:16:56,236 [47355ef6-248e-415d-99d1-f00ca16e1642@group-D39F9C32CD8E-LeaderElection28] INFO  server.RaftServerConfigKeys (ConfUtils.java:logGet(46)) - raft.server.watch.timeout.denomination = 1s (default)
2022-11-04 13:16:56,236 [47355ef6-248e-415d-99d1-f00ca16e1642@group-D39F9C32CD8E-LeaderElection28] INFO  server.RaftServerConfigKeys (ConfUtils.java:logGet(46)) - raft.server.watch.element-limit = 65536 (default)
2022-11-04 13:16:56,236 [47355ef6-248e-415d-99d1-f00ca16e1642@group-D39F9C32CD8E-LeaderElection28] INFO  server.RaftServerConfigKeys (ConfUtils.java:logGet(46)) - raft.server.write.element-limit = 1024 (custom)
2022-11-04 13:16:56,236 [47355ef6-248e-415d-99d1-f00ca16e1642@group-D39F9C32CD8E-LeaderElection28] INFO  server.RaftServerConfigKeys (ConfUtils.java:logGet(46)) - raft.server.write.follower.gap.ratio.max = -1.0 (default)
2022-11-04 13:16:56,237 [47355ef6-248e-415d-99d1-f00ca16e1642@group-D39F9C32CD8E-LeaderElection28] INFO  server.RaftServerConfigKeys (ConfUtils.java:logGet(46)) - raft.server.log.appender.snapshot.chunk.size.max = 16MB (=16777216) (default)
2022-11-04 13:16:56,237 [47355ef6-248e-415d-99d1-f00ca16e1642@group-D39F9C32CD8E-LeaderElection28] INFO  server.RaftServerConfigKeys (ConfUtils.java:logGet(46)) - raft.server.log.appender.buffer.byte-limit = 33554432 (custom)
2022-11-04 13:16:56,237 [47355ef6-248e-415d-99d1-f00ca16e1642@group-D39F9C32CD8E-LeaderElection28] INFO  server.RaftServerConfigKeys (ConfUtils.java:logGet(46)) - raft.server.log.appender.buffer.element-limit = 1 (custom)
2022-11-04 13:16:56,237 [47355ef6-248e-415d-99d1-f00ca16e1642@group-D39F9C32CD8E-LeaderElection28] INFO  grpc.GrpcConfigKeys (ConfUtils.java:logGet(46)) - raft.grpc.server.leader.outstanding.appends.max = 128 (default)
2022-11-04 13:16:56,237 [47355ef6-248e-415d-99d1-f00ca16e1642@group-D39F9C32CD8E-LeaderElection28] INFO  server.RaftServerConfigKeys (ConfUtils.java:logGet(46)) - raft.server.rpc.request.timeout = 60s (custom)
2022-11-04 13:16:56,237 [47355ef6-248e-415d-99d1-f00ca16e1642@group-D39F9C32CD8E-LeaderElection28] INFO  server.RaftServerConfigKeys (ConfUtils.java:logGet(46)) - raft.server.log.appender.install.snapshot.enabled = false (custom)
2022-11-04 13:16:56,237 [47355ef6-248e-415d-99d1-f00ca16e1642@group-D39F9C32CD8E-LeaderElection28] INFO  grpc.GrpcConfigKeys (ConfUtils.java:logGet(46)) - raft.grpc.server.heartbeat.channel = true (default)
2022-11-04 13:16:56,237 [47355ef6-248e-415d-99d1-f00ca16e1642@group-D39F9C32CD8E-LeaderElection28] INFO  server.RaftServerConfigKeys (ConfUtils.java:logGet(46)) - raft.server.log.appender.wait-time.min = 10ms (default)
2022-11-04 13:16:56,238 [grpc-default-executor-4] INFO  server.RaftServer$Division (RaftServerImpl.java:requestVote(1218)) - 99050580-db91-402e-a30b-7426b5391f3a@group-D39F9C32CD8E: receive requestVote(ELECTION, 47355ef6-248e-415d-99d1-f00ca16e1642, group-D39F9C32CD8E, 3, (t:0, i:0))
2022-11-04 13:16:56,238 [47355ef6-248e-415d-99d1-f00ca16e1642@group-D39F9C32CD8E-LeaderElection28] INFO  server.RaftServerConfigKeys (ConfUtils.java:logGet(46)) - raft.server.log.appender.snapshot.chunk.size.max = 16MB (=16777216) (default)
2022-11-04 13:16:56,238 [47355ef6-248e-415d-99d1-f00ca16e1642@group-D39F9C32CD8E-LeaderElection28] INFO  server.RaftServerConfigKeys (ConfUtils.java:logGet(46)) - raft.server.log.appender.buffer.byte-limit = 33554432 (custom)
2022-11-04 13:16:56,239 [47355ef6-248e-415d-99d1-f00ca16e1642@group-D39F9C32CD8E-LeaderElection28] INFO  server.RaftServerConfigKeys (ConfUtils.java:logGet(46)) - raft.server.log.appender.buffer.element-limit = 1 (custom)
2022-11-04 13:16:56,239 [47355ef6-248e-415d-99d1-f00ca16e1642@group-D39F9C32CD8E-LeaderElection28] INFO  grpc.GrpcConfigKeys (ConfUtils.java:logGet(46)) - raft.grpc.server.leader.outstanding.appends.max = 128 (default)
2022-11-04 13:16:56,239 [47355ef6-248e-415d-99d1-f00ca16e1642@group-D39F9C32CD8E-LeaderElection28] INFO  server.RaftServerConfigKeys (ConfUtils.java:logGet(46)) - raft.server.rpc.request.timeout = 60s (custom)
2022-11-04 13:16:56,241 [47355ef6-248e-415d-99d1-f00ca16e1642@group-D39F9C32CD8E-LeaderElection28] INFO  server.RaftServerConfigKeys (ConfUtils.java:logGet(46)) - raft.server.log.appender.install.snapshot.enabled = false (custom)
2022-11-04 13:16:56,241 [47355ef6-248e-415d-99d1-f00ca16e1642@group-D39F9C32CD8E-LeaderElection28] INFO  grpc.GrpcConfigKeys (ConfUtils.java:logGet(46)) - raft.grpc.server.heartbeat.channel = true (default)
2022-11-04 13:16:56,241 [47355ef6-248e-415d-99d1-f00ca16e1642@group-D39F9C32CD8E-LeaderElection28] INFO  server.RaftServerConfigKeys (ConfUtils.java:logGet(46)) - raft.server.log.appender.wait-time.min = 10ms (default)
2022-11-04 13:16:56,241 [47355ef6-248e-415d-99d1-f00ca16e1642@group-D39F9C32CD8E-LeaderElection28] INFO  impl.RoleInfo (RoleInfo.java:updateAndGet(139)) - 47355ef6-248e-415d-99d1-f00ca16e1642: start 47355ef6-248e-415d-99d1-f00ca16e1642@group-D39F9C32CD8E-LeaderStateImpl
2022-11-04 13:16:56,241 [47355ef6-248e-415d-99d1-f00ca16e1642@group-D39F9C32CD8E-LeaderElection28] INFO  segmented.SegmentedRaftLogWorker (SegmentedRaftLogWorker.java:startLogSegment(452)) - 47355ef6-248e-415d-99d1-f00ca16e1642@group-D39F9C32CD8E-SegmentedRaftLogWorker: Starting segment from index:0
2022-11-04 13:16:56,243 [grpc-default-executor-4] INFO  impl.VoteContext (VoteContext.java:log(48)) - 99050580-db91-402e-a30b-7426b5391f3a@group-D39F9C32CD8E-CANDIDATE: reject ELECTION from 47355ef6-248e-415d-99d1-f00ca16e1642: already has voted for 99050580-db91-402e-a30b-7426b5391f3a at current term 3
2022-11-04 13:16:56,243 [grpc-default-executor-4] INFO  server.RaftServer$Division (RaftServerImpl.java:requestVote(1251)) - 99050580-db91-402e-a30b-7426b5391f3a@group-D39F9C32CD8E replies to ELECTION vote request: 47355ef6-248e-415d-99d1-f00ca16e1642<-99050580-db91-402e-a30b-7426b5391f3a#0:FAIL-t3. Peer's state: 99050580-db91-402e-a30b-7426b5391f3a@group-D39F9C32CD8E:t3, leader=null, voted=99050580-db91-402e-a30b-7426b5391f3a, raftlog=Memoized:99050580-db91-402e-a30b-7426b5391f3a@group-D39F9C32CD8E-SegmentedRaftLog:OPENED:c-1, conf=-1: peers:[18b69636-199d-46b1-a155-faec2a9e6e92|rpc:10.1.1.104:40753|dataStream:|priority:0|startupRole:FOLLOWER, 47355ef6-248e-415d-99d1-f00ca16e1642|rpc:10.1.1.104:43613|dataStream:|priority:1|startupRole:FOLLOWER, 99050580-db91-402e-a30b-7426b5391f3a|rpc:10.1.1.104:40645|dataStream:|priority:0|startupRole:FOLLOWER]|listeners:[], old=null
2022-11-04 13:16:56,243 [47355ef6-248e-415d-99d1-f00ca16e1642@group-D39F9C32CD8E-SegmentedRaftLogWorker] INFO  segmented.SegmentedRaftLogWorker (SegmentedRaftLogWorker.java:execute(656)) - 47355ef6-248e-415d-99d1-f00ca16e1642@group-D39F9C32CD8E-SegmentedRaftLogWorker: created new log segment /home/runner/work/ozone/ozone/hadoop-ozone/integration-test/target/test-dir/MiniOzoneClusterImpl-0c0bfa66-1f5b-4f11-9fe6-cbebe0503434/datanode-4/data/ratis/cc3fb77a-ab95-4649-9bbb-d39f9c32cd8e/current/log_inprogress_0
2022-11-04 13:16:56,247 [99050580-db91-402e-a30b-7426b5391f3a@group-D39F9C32CD8E-LeaderElection29] INFO  impl.LeaderElection (LeaderElection.java:askForVotes(312)) - 99050580-db91-402e-a30b-7426b5391f3a@group-D39F9C32CD8E-LeaderElection29 ELECTION round 0: submit vote requests at term 3 for -1: peers:[18b69636-199d-46b1-a155-faec2a9e6e92|rpc:10.1.1.104:40753|dataStream:|priority:0|startupRole:FOLLOWER, 47355ef6-248e-415d-99d1-f00ca16e1642|rpc:10.1.1.104:43613|dataStream:|priority:1|startupRole:FOLLOWER, 99050580-db91-402e-a30b-7426b5391f3a|rpc:10.1.1.104:40645|dataStream:|priority:0|startupRole:FOLLOWER]|listeners:[], old=null
2022-11-04 13:16:56,256 [99050580-db91-402e-a30b-7426b5391f3a@group-D39F9C32CD8E-LeaderElection29-1] INFO  server.GrpcServerProtocolClient (GrpcServerProtocolClient.java:<init>(63)) - Build channel for 18b69636-199d-46b1-a155-faec2a9e6e92
2022-11-04 13:16:56,259 [99050580-db91-402e-a30b-7426b5391f3a@group-D39F9C32CD8E-LeaderElection29] INFO  server.RaftServerConfigKeys (ConfUtils.java:logFallback(53)) - raft.server.rpc.first-election.timeout.min = 5s (fallback to raft.server.rpc.timeout.min)
2022-11-04 13:16:56,259 [99050580-db91-402e-a30b-7426b5391f3a@group-D39F9C32CD8E-LeaderElection29] INFO  server.RaftServerConfigKeys (ConfUtils.java:logFallback(53)) - raft.server.rpc.first-election.timeout.max = 5200ms (fallback to raft.server.rpc.timeout.max)
2022-11-04 13:16:56,263 [99050580-db91-402e-a30b-7426b5391f3a@group-D39F9C32CD8E-LeaderElection29-2] INFO  server.GrpcServerProtocolClient (GrpcServerProtocolClient.java:<init>(63)) - Build channel for 47355ef6-248e-415d-99d1-f00ca16e1642
2022-11-04 13:16:56,265 [18b69636-199d-46b1-a155-faec2a9e6e92-server-thread1] INFO  ratis.XceiverServerRatis (XceiverServerRatis.java:handleLeaderChangedNotification(863)) - Leader change notification received for group: group-D39F9C32CD8E with new leaderId: 47355ef6-248e-415d-99d1-f00ca16e1642
2022-11-04 13:16:56,265 [18b69636-199d-46b1-a155-faec2a9e6e92-server-thread1] INFO  server.RaftServer$Division (ServerState.java:setLeader(313)) - 18b69636-199d-46b1-a155-faec2a9e6e92@group-D39F9C32CD8E: change Leader from null to 47355ef6-248e-415d-99d1-f00ca16e1642 at term 3 for appendEntries, leader elected after 15305ms
2022-11-04 13:16:56,265 [47355ef6-248e-415d-99d1-f00ca16e1642@group-D39F9C32CD8E-LeaderElection28] INFO  server.RaftServer$Division (ServerState.java:setRaftConf(430)) - 47355ef6-248e-415d-99d1-f00ca16e1642@group-D39F9C32CD8E: set configuration 0: peers:[18b69636-199d-46b1-a155-faec2a9e6e92|rpc:10.1.1.104:40753|dataStream:|priority:0|startupRole:FOLLOWER, 47355ef6-248e-415d-99d1-f00ca16e1642|rpc:10.1.1.104:43613|dataStream:|priority:1|startupRole:FOLLOWER, 99050580-db91-402e-a30b-7426b5391f3a|rpc:10.1.1.104:40645|dataStream:|priority:0|startupRole:FOLLOWER]|listeners:[], old=null
2022-11-04 13:16:56,267 [99050580-db91-402e-a30b-7426b5391f3a-server-thread1] INFO  server.RaftServer$Division (RaftServerImpl.java:setRole(321)) - 99050580-db91-402e-a30b-7426b5391f3a@group-D39F9C32CD8E: changes role from CANDIDATE to FOLLOWER at term 3 for appendEntries
2022-11-04 13:16:56,267 [99050580-db91-402e-a30b-7426b5391f3a-server-thread1] INFO  impl.RoleInfo (RoleInfo.java:shutdownLeaderElection(130)) - 99050580-db91-402e-a30b-7426b5391f3a: shutdown 99050580-db91-402e-a30b-7426b5391f3a@group-D39F9C32CD8E-LeaderElection29
2022-11-04 13:16:56,285 [grpc-default-executor-2] INFO  server.RaftServer$Division (RaftServerImpl.java:requestVote(1218)) - 18b69636-199d-46b1-a155-faec2a9e6e92@group-D39F9C32CD8E: receive requestVote(ELECTION, 99050580-db91-402e-a30b-7426b5391f3a, group-D39F9C32CD8E, 3, (t:0, i:0))
2022-11-04 13:16:56,285 [grpc-default-executor-2] INFO  impl.VoteContext (VoteContext.java:log(48)) - 18b69636-199d-46b1-a155-faec2a9e6e92@group-D39F9C32CD8E-FOLLOWER: reject ELECTION from 99050580-db91-402e-a30b-7426b5391f3a: already has voted for 47355ef6-248e-415d-99d1-f00ca16e1642 at current term 3
2022-11-04 13:16:56,285 [grpc-default-executor-2] INFO  server.RaftServer$Division (RaftServerImpl.java:requestVote(1251)) - 18b69636-199d-46b1-a155-faec2a9e6e92@group-D39F9C32CD8E replies to ELECTION vote request: 99050580-db91-402e-a30b-7426b5391f3a<-18b69636-199d-46b1-a155-faec2a9e6e92#0:FAIL-t3. Peer's state: 18b69636-199d-46b1-a155-faec2a9e6e92@group-D39F9C32CD8E:t3, leader=47355ef6-248e-415d-99d1-f00ca16e1642, voted=47355ef6-248e-415d-99d1-f00ca16e1642, raftlog=Memoized:18b69636-199d-46b1-a155-faec2a9e6e92@group-D39F9C32CD8E-SegmentedRaftLog:OPENED:c-1, conf=-1: peers:[18b69636-199d-46b1-a155-faec2a9e6e92|rpc:10.1.1.104:40753|priority:0|startupRole:FOLLOWER, 47355ef6-248e-415d-99d1-f00ca16e1642|rpc:10.1.1.104:43613|priority:1|startupRole:FOLLOWER, 99050580-db91-402e-a30b-7426b5391f3a|rpc:10.1.1.104:40645|priority:0|startupRole:FOLLOWER]|listeners:[], old=null
2022-11-04 13:16:56,290 [99050580-db91-402e-a30b-7426b5391f3a@group-D39F9C32CD8E-LeaderElection29] INFO  impl.LeaderElection (LeaderElection.java:logAndReturn(90)) - 99050580-db91-402e-a30b-7426b5391f3a@group-D39F9C32CD8E-LeaderElection29: ELECTION REJECTED received 1 response(s) and 0 exception(s):
2022-11-04 13:16:56,290 [99050580-db91-402e-a30b-7426b5391f3a@group-D39F9C32CD8E-LeaderElection29] INFO  impl.LeaderElection (LeaderElection.java:logAndReturn(94)) -   Response 0: 99050580-db91-402e-a30b-7426b5391f3a<-18b69636-199d-46b1-a155-faec2a9e6e92#0:FAIL-t3
2022-11-04 13:16:56,292 [99050580-db91-402e-a30b-7426b5391f3a@group-D39F9C32CD8E-LeaderElection29] INFO  impl.LeaderElection (LeaderElection.java:askForVotes(314)) - 99050580-db91-402e-a30b-7426b5391f3a@group-D39F9C32CD8E-LeaderElection29 ELECTION round 0: result REJECTED
2022-11-04 13:16:56,294 [grpc-default-executor-1] INFO  server.RaftServer$Division (RaftServerImpl.java:requestVote(1218)) - 47355ef6-248e-415d-99d1-f00ca16e1642@group-D39F9C32CD8E: receive requestVote(ELECTION, 99050580-db91-402e-a30b-7426b5391f3a, group-D39F9C32CD8E, 3, (t:0, i:0))
2022-11-04 13:16:56,294 [grpc-default-executor-1] INFO  impl.VoteContext (VoteContext.java:log(48)) - 47355ef6-248e-415d-99d1-f00ca16e1642@group-D39F9C32CD8E-LEADER: reject ELECTION from 99050580-db91-402e-a30b-7426b5391f3a: already has voted for 47355ef6-248e-415d-99d1-f00ca16e1642 at current term 3
2022-11-04 13:16:56,294 [grpc-default-executor-1] INFO  server.RaftServer$Division (RaftServerImpl.java:requestVote(1251)) - 47355ef6-248e-415d-99d1-f00ca16e1642@group-D39F9C32CD8E replies to ELECTION vote request: 99050580-db91-402e-a30b-7426b5391f3a<-47355ef6-248e-415d-99d1-f00ca16e1642#0:FAIL-t3. Peer's state: 47355ef6-248e-415d-99d1-f00ca16e1642@group-D39F9C32CD8E:t3, leader=47355ef6-248e-415d-99d1-f00ca16e1642, voted=47355ef6-248e-415d-99d1-f00ca16e1642, raftlog=Memoized:47355ef6-248e-415d-99d1-f00ca16e1642@group-D39F9C32CD8E-SegmentedRaftLog:OPENED:c0, conf=0: peers:[18b69636-199d-46b1-a155-faec2a9e6e92|rpc:10.1.1.104:40753|dataStream:|priority:0|startupRole:FOLLOWER, 47355ef6-248e-415d-99d1-f00ca16e1642|rpc:10.1.1.104:43613|dataStream:|priority:1|startupRole:FOLLOWER, 99050580-db91-402e-a30b-7426b5391f3a|rpc:10.1.1.104:40645|dataStream:|priority:0|startupRole:FOLLOWER]|listeners:[], old=null
2022-11-04 13:16:56,298 [18b69636-199d-46b1-a155-faec2a9e6e92-server-thread3] INFO  server.RaftServer$Division (ServerState.java:setRaftConf(430)) - 18b69636-199d-46b1-a155-faec2a9e6e92@group-D39F9C32CD8E: set configuration 0: peers:[18b69636-199d-46b1-a155-faec2a9e6e92|rpc:10.1.1.104:40753|dataStream:|priority:0|startupRole:FOLLOWER, 47355ef6-248e-415d-99d1-f00ca16e1642|rpc:10.1.1.104:43613|dataStream:|priority:1|startupRole:FOLLOWER, 99050580-db91-402e-a30b-7426b5391f3a|rpc:10.1.1.104:40645|dataStream:|priority:0|startupRole:FOLLOWER]|listeners:[], old=null
2022-11-04 13:16:56,298 [18b69636-199d-46b1-a155-faec2a9e6e92-server-thread3] INFO  segmented.SegmentedRaftLogWorker (SegmentedRaftLogWorker.java:startLogSegment(452)) - 18b69636-199d-46b1-a155-faec2a9e6e92@group-D39F9C32CD8E-SegmentedRaftLogWorker: Starting segment from index:0
2022-11-04 13:16:56,301 [99050580-db91-402e-a30b-7426b5391f3a-server-thread1] INFO  impl.RoleInfo (RoleInfo.java:updateAndGet(139)) - 99050580-db91-402e-a30b-7426b5391f3a: start 99050580-db91-402e-a30b-7426b5391f3a@group-D39F9C32CD8E-FollowerState
2022-11-04 13:16:56,301 [18b69636-199d-46b1-a155-faec2a9e6e92@group-D39F9C32CD8E-SegmentedRaftLogWorker] INFO  segmented.SegmentedRaftLogWorker (SegmentedRaftLogWorker.java:execute(656)) - 18b69636-199d-46b1-a155-faec2a9e6e92@group-D39F9C32CD8E-SegmentedRaftLogWorker: created new log segment /home/runner/work/ozone/ozone/hadoop-ozone/integration-test/target/test-dir/MiniOzoneClusterImpl-0c0bfa66-1f5b-4f11-9fe6-cbebe0503434/datanode-3/data/ratis/cc3fb77a-ab95-4649-9bbb-d39f9c32cd8e/current/log_inprogress_0
2022-11-04 13:16:56,312 [99050580-db91-402e-a30b-7426b5391f3a-server-thread1] INFO  ratis.XceiverServerRatis (XceiverServerRatis.java:handleLeaderChangedNotification(863)) - Leader change notification received for group: group-D39F9C32CD8E with new leaderId: 47355ef6-248e-415d-99d1-f00ca16e1642
2022-11-04 13:16:56,312 [99050580-db91-402e-a30b-7426b5391f3a-server-thread1] INFO  server.RaftServer$Division (ServerState.java:setLeader(313)) - 99050580-db91-402e-a30b-7426b5391f3a@group-D39F9C32CD8E: change Leader from null to 47355ef6-248e-415d-99d1-f00ca16e1642 at term 3 for appendEntries, leader elected after 15262ms
2022-11-04 13:16:56,314 [99050580-db91-402e-a30b-7426b5391f3a-server-thread2] INFO  server.RaftServer$Division (ServerState.java:setRaftConf(430)) - 99050580-db91-402e-a30b-7426b5391f3a@group-D39F9C32CD8E: set configuration 0: peers:[18b69636-199d-46b1-a155-faec2a9e6e92|rpc:10.1.1.104:40753|dataStream:|priority:0|startupRole:FOLLOWER, 47355ef6-248e-415d-99d1-f00ca16e1642|rpc:10.1.1.104:43613|dataStream:|priority:1|startupRole:FOLLOWER, 99050580-db91-402e-a30b-7426b5391f3a|rpc:10.1.1.104:40645|dataStream:|priority:0|startupRole:FOLLOWER]|listeners:[], old=null
2022-11-04 13:16:56,315 [99050580-db91-402e-a30b-7426b5391f3a-server-thread2] INFO  segmented.SegmentedRaftLogWorker (SegmentedRaftLogWorker.java:startLogSegment(452)) - 99050580-db91-402e-a30b-7426b5391f3a@group-D39F9C32CD8E-SegmentedRaftLogWorker: Starting segment from index:0
2022-11-04 13:16:56,317 [99050580-db91-402e-a30b-7426b5391f3a@group-D39F9C32CD8E-SegmentedRaftLogWorker] INFO  segmented.SegmentedRaftLogWorker (SegmentedRaftLogWorker.java:execute(656)) - 99050580-db91-402e-a30b-7426b5391f3a@group-D39F9C32CD8E-SegmentedRaftLogWorker: created new log segment /home/runner/work/ozone/ozone/hadoop-ozone/integration-test/target/test-dir/MiniOzoneClusterImpl-0c0bfa66-1f5b-4f11-9fe6-cbebe0503434/datanode-5/data/ratis/cc3fb77a-ab95-4649-9bbb-d39f9c32cd8e/current/log_inprogress_0
2022-11-04 13:16:56,334 [grpc-default-executor-5] WARN  server.GrpcLogAppender (LogUtils.java:warn(122)) - 6e1286b8-b074-4479-bd2c-46da0ae8c43a@group-FA853D2A5168->c7cc2fe0-c6a0-4806-a89e-0e07a1727659-AppendLogResponseHandler: Failed appendEntries: org.apache.ratis.thirdparty.io.grpc.StatusRuntimeException: UNAVAILABLE: io exception
2022-11-04 13:16:56,334 [grpc-default-executor-3] WARN  server.GrpcLogAppender (LogUtils.java:warn(122)) - 6e1286b8-b074-4479-bd2c-46da0ae8c43a@group-FA853D2A5168->c7cc2fe0-c6a0-4806-a89e-0e07a1727659-AppendLogResponseHandler: Failed appendEntries: org.apache.ratis.thirdparty.io.grpc.StatusRuntimeException: UNAVAILABLE: io exception
2022-11-04 13:16:56,335 [grpc-default-executor-5] WARN  server.GrpcLogAppender (GrpcLogAppender.java:resetClient(131)) - 6e1286b8-b074-4479-bd2c-46da0ae8c43a@group-FA853D2A5168->c7cc2fe0-c6a0-4806-a89e-0e07a1727659-GrpcLogAppender: Leader has not got in touch with Follower 6e1286b8-b074-4479-bd2c-46da0ae8c43a@group-FA853D2A5168->c7cc2fe0-c6a0-4806-a89e-0e07a1727659(c-1,m0,n1, attendVote=true, lastRpcSendTime=1251, lastRpcResponseTime=11479) yet, just keep nextIndex unchanged and retry.
2022-11-04 13:16:56,336 [grpc-default-executor-3] WARN  server.GrpcLogAppender (GrpcLogAppender.java:resetClient(131)) - 6e1286b8-b074-4479-bd2c-46da0ae8c43a@group-FA853D2A5168->c7cc2fe0-c6a0-4806-a89e-0e07a1727659-GrpcLogAppender: Leader has not got in touch with Follower 6e1286b8-b074-4479-bd2c-46da0ae8c43a@group-FA853D2A5168->c7cc2fe0-c6a0-4806-a89e-0e07a1727659(c-1,m0,n1, attendVote=true, lastRpcSendTime=1252, lastRpcResponseTime=11481) yet, just keep nextIndex unchanged and retry.
2022-11-04 13:16:56,337 [grpc-default-executor-3] WARN  server.GrpcLogAppender (LogUtils.java:warn(122)) - 6e1286b8-b074-4479-bd2c-46da0ae8c43a@group-FA853D2A5168->c7cc2fe0-c6a0-4806-a89e-0e07a1727659-AppendLogResponseHandler: Failed appendEntries: org.apache.ratis.thirdparty.io.grpc.StatusRuntimeException: UNAVAILABLE: io exception
2022-11-04 13:16:56,337 [grpc-default-executor-5] WARN  server.GrpcLogAppender (LogUtils.java:warn(122)) - 6e1286b8-b074-4479-bd2c-46da0ae8c43a@group-FA853D2A5168->c7cc2fe0-c6a0-4806-a89e-0e07a1727659-AppendLogResponseHandler: Failed appendEntries: org.apache.ratis.thirdparty.io.grpc.StatusRuntimeException: UNAVAILABLE: io exception
2022-11-04 13:16:56,338 [grpc-default-executor-3] WARN  server.GrpcLogAppender (GrpcLogAppender.java:resetClient(131)) - 6e1286b8-b074-4479-bd2c-46da0ae8c43a@group-FA853D2A5168->c7cc2fe0-c6a0-4806-a89e-0e07a1727659-GrpcLogAppender: Leader has not got in touch with Follower 6e1286b8-b074-4479-bd2c-46da0ae8c43a@group-FA853D2A5168->c7cc2fe0-c6a0-4806-a89e-0e07a1727659(c-1,m0,n1, attendVote=true, lastRpcSendTime=1254, lastRpcResponseTime=11483) yet, just keep nextIndex unchanged and retry.
2022-11-04 13:16:56,339 [grpc-default-executor-5] WARN  server.GrpcLogAppender (GrpcLogAppender.java:resetClient(131)) - 6e1286b8-b074-4479-bd2c-46da0ae8c43a@group-FA853D2A5168->c7cc2fe0-c6a0-4806-a89e-0e07a1727659-GrpcLogAppender: Leader has not got in touch with Follower 6e1286b8-b074-4479-bd2c-46da0ae8c43a@group-FA853D2A5168->c7cc2fe0-c6a0-4806-a89e-0e07a1727659(c-1,m0,n1, attendVote=true, lastRpcSendTime=1255, lastRpcResponseTime=11484) yet, just keep nextIndex unchanged and retry.
2022-11-04 13:16:56,340 [grpc-default-executor-5] WARN  server.GrpcLogAppender (LogUtils.java:warn(122)) - 6e1286b8-b074-4479-bd2c-46da0ae8c43a@group-FA853D2A5168->c7cc2fe0-c6a0-4806-a89e-0e07a1727659-AppendLogResponseHandler: Failed appendEntries: org.apache.ratis.thirdparty.io.grpc.StatusRuntimeException: UNAVAILABLE: io exception
2022-11-04 13:16:56,340 [grpc-default-executor-3] WARN  server.GrpcLogAppender (LogUtils.java:warn(122)) - 6e1286b8-b074-4479-bd2c-46da0ae8c43a@group-FA853D2A5168->c7cc2fe0-c6a0-4806-a89e-0e07a1727659-AppendLogResponseHandler: Failed appendEntries: org.apache.ratis.thirdparty.io.grpc.StatusRuntimeException: UNAVAILABLE: io exception
2022-11-04 13:16:56,341 [grpc-default-executor-5] WARN  server.GrpcLogAppender (GrpcLogAppender.java:resetClient(131)) - 6e1286b8-b074-4479-bd2c-46da0ae8c43a@group-FA853D2A5168->c7cc2fe0-c6a0-4806-a89e-0e07a1727659-GrpcLogAppender: Leader has not got in touch with Follower 6e1286b8-b074-4479-bd2c-46da0ae8c43a@group-FA853D2A5168->c7cc2fe0-c6a0-4806-a89e-0e07a1727659(c-1,m0,n1, attendVote=true, lastRpcSendTime=1257, lastRpcResponseTime=11486) yet, just keep nextIndex unchanged and retry.
2022-11-04 13:16:56,341 [grpc-default-executor-3] WARN  server.GrpcLogAppender (GrpcLogAppender.java:resetClient(131)) - 6e1286b8-b074-4479-bd2c-46da0ae8c43a@group-FA853D2A5168->c7cc2fe0-c6a0-4806-a89e-0e07a1727659-GrpcLogAppender: Leader has not got in touch with Follower 6e1286b8-b074-4479-bd2c-46da0ae8c43a@group-FA853D2A5168->c7cc2fe0-c6a0-4806-a89e-0e07a1727659(c-1,m0,n1, attendVote=true, lastRpcSendTime=1257, lastRpcResponseTime=11486) yet, just keep nextIndex unchanged and retry.
2022-11-04 13:16:56,372 [47355ef6-248e-415d-99d1-f00ca16e1642@group-0E0524D27BC6-FollowerState] INFO  impl.FollowerState (FollowerState.java:run(143)) - 47355ef6-248e-415d-99d1-f00ca16e1642@group-0E0524D27BC6-FollowerState: change to CANDIDATE, lastRpcElapsedTime:5088593004ns, electionTimeout:5085ms
2022-11-04 13:16:56,372 [47355ef6-248e-415d-99d1-f00ca16e1642@group-0E0524D27BC6-FollowerState] INFO  impl.RoleInfo (RoleInfo.java:shutdownFollowerState(110)) - 47355ef6-248e-415d-99d1-f00ca16e1642: shutdown 47355ef6-248e-415d-99d1-f00ca16e1642@group-0E0524D27BC6-FollowerState
2022-11-04 13:16:56,372 [47355ef6-248e-415d-99d1-f00ca16e1642@group-0E0524D27BC6-FollowerState] INFO  server.RaftServer$Division (RaftServerImpl.java:setRole(321)) - 47355ef6-248e-415d-99d1-f00ca16e1642@group-0E0524D27BC6: changes role from  FOLLOWER to CANDIDATE at term 2 for changeToCandidate
2022-11-04 13:16:56,372 [47355ef6-248e-415d-99d1-f00ca16e1642@group-0E0524D27BC6-FollowerState] INFO  server.RaftServerConfigKeys (ConfUtils.java:logGet(46)) - raft.server.leaderelection.pre-vote = false (custom)
2022-11-04 13:16:56,372 [47355ef6-248e-415d-99d1-f00ca16e1642@group-0E0524D27BC6-FollowerState] INFO  impl.RoleInfo (RoleInfo.java:updateAndGet(139)) - 47355ef6-248e-415d-99d1-f00ca16e1642: start 47355ef6-248e-415d-99d1-f00ca16e1642@group-0E0524D27BC6-LeaderElection30
2022-11-04 13:16:56,382 [47355ef6-248e-415d-99d1-f00ca16e1642@group-0E0524D27BC6-LeaderElection30] INFO  impl.LeaderElection (LeaderElection.java:askForVotes(312)) - 47355ef6-248e-415d-99d1-f00ca16e1642@group-0E0524D27BC6-LeaderElection30 ELECTION round 0: submit vote requests at term 3 for -1: peers:[18b69636-199d-46b1-a155-faec2a9e6e92|rpc:10.1.1.104:40753|priority:0|startupRole:FOLLOWER, 47355ef6-248e-415d-99d1-f00ca16e1642|rpc:10.1.1.104:43613|priority:0|startupRole:FOLLOWER, 99050580-db91-402e-a30b-7426b5391f3a|rpc:10.1.1.104:40645|priority:1|startupRole:FOLLOWER]|listeners:[], old=null
2022-11-04 13:16:56,384 [grpc-default-executor-3] INFO  server.RaftServer$Division (RaftServerImpl.java:requestVote(1218)) - 18b69636-199d-46b1-a155-faec2a9e6e92@group-0E0524D27BC6: receive requestVote(ELECTION, 47355ef6-248e-415d-99d1-f00ca16e1642, group-0E0524D27BC6, 3, (t:0, i:0))
2022-11-04 13:16:56,384 [grpc-default-executor-3] INFO  impl.VoteContext (VoteContext.java:log(48)) - 18b69636-199d-46b1-a155-faec2a9e6e92@group-0E0524D27BC6-FOLLOWER: accept ELECTION from 47355ef6-248e-415d-99d1-f00ca16e1642: our priority 0 <= candidate's priority 0
2022-11-04 13:16:56,384 [grpc-default-executor-3] INFO  server.RaftServer$Division (RaftServerImpl.java:setRole(321)) - 18b69636-199d-46b1-a155-faec2a9e6e92@group-0E0524D27BC6: changes role from  FOLLOWER to FOLLOWER at term 3 for candidate:47355ef6-248e-415d-99d1-f00ca16e1642
2022-11-04 13:16:56,384 [grpc-default-executor-3] INFO  impl.RoleInfo (RoleInfo.java:shutdownFollowerState(110)) - 18b69636-199d-46b1-a155-faec2a9e6e92: shutdown 18b69636-199d-46b1-a155-faec2a9e6e92@group-0E0524D27BC6-FollowerState
2022-11-04 13:16:56,384 [47355ef6-248e-415d-99d1-f00ca16e1642@group-0E0524D27BC6-LeaderElection30] INFO  server.RaftServerConfigKeys (ConfUtils.java:logFallback(53)) - raft.server.rpc.first-election.timeout.min = 5s (fallback to raft.server.rpc.timeout.min)
2022-11-04 13:16:56,384 [47355ef6-248e-415d-99d1-f00ca16e1642@group-0E0524D27BC6-LeaderElection30] INFO  server.RaftServerConfigKeys (ConfUtils.java:logFallback(53)) - raft.server.rpc.first-election.timeout.max = 5200ms (fallback to raft.server.rpc.timeout.max)
2022-11-04 13:16:56,384 [grpc-default-executor-3] INFO  impl.RoleInfo (RoleInfo.java:updateAndGet(139)) - 18b69636-199d-46b1-a155-faec2a9e6e92: start 18b69636-199d-46b1-a155-faec2a9e6e92@group-0E0524D27BC6-FollowerState
2022-11-04 13:16:56,384 [18b69636-199d-46b1-a155-faec2a9e6e92@group-0E0524D27BC6-FollowerState] INFO  impl.FollowerState (FollowerState.java:run(152)) - 18b69636-199d-46b1-a155-faec2a9e6e92@group-0E0524D27BC6-FollowerState was interrupted
2022-11-04 13:16:56,386 [grpc-default-executor-5] INFO  server.RaftServer$Division (RaftServerImpl.java:requestVote(1218)) - 99050580-db91-402e-a30b-7426b5391f3a@group-0E0524D27BC6: receive requestVote(ELECTION, 47355ef6-248e-415d-99d1-f00ca16e1642, group-0E0524D27BC6, 3, (t:0, i:0))
2022-11-04 13:16:56,393 [grpc-default-executor-5] INFO  impl.VoteContext (VoteContext.java:log(48)) - 99050580-db91-402e-a30b-7426b5391f3a@group-0E0524D27BC6-FOLLOWER: reject ELECTION from 47355ef6-248e-415d-99d1-f00ca16e1642: our priority 1 > candidate's priority 0
2022-11-04 13:16:56,393 [grpc-default-executor-3] INFO  server.RaftServer$Division (RaftServerImpl.java:requestVote(1251)) - 18b69636-199d-46b1-a155-faec2a9e6e92@group-0E0524D27BC6 replies to ELECTION vote request: 47355ef6-248e-415d-99d1-f00ca16e1642<-18b69636-199d-46b1-a155-faec2a9e6e92#0:OK-t3. Peer's state: 18b69636-199d-46b1-a155-faec2a9e6e92@group-0E0524D27BC6:t3, leader=null, voted=47355ef6-248e-415d-99d1-f00ca16e1642, raftlog=Memoized:18b69636-199d-46b1-a155-faec2a9e6e92@group-0E0524D27BC6-SegmentedRaftLog:OPENED:c-1, conf=-1: peers:[18b69636-199d-46b1-a155-faec2a9e6e92|rpc:10.1.1.104:40753|priority:0|startupRole:FOLLOWER, 47355ef6-248e-415d-99d1-f00ca16e1642|rpc:10.1.1.104:43613|priority:0|startupRole:FOLLOWER, 99050580-db91-402e-a30b-7426b5391f3a|rpc:10.1.1.104:40645|priority:1|startupRole:FOLLOWER]|listeners:[], old=null
2022-11-04 13:16:56,393 [grpc-default-executor-5] INFO  server.RaftServer$Division (RaftServerImpl.java:setRole(321)) - 99050580-db91-402e-a30b-7426b5391f3a@group-0E0524D27BC6: changes role from  FOLLOWER to FOLLOWER at term 3 for candidate:47355ef6-248e-415d-99d1-f00ca16e1642
2022-11-04 13:16:56,394 [grpc-default-executor-5] INFO  impl.RoleInfo (RoleInfo.java:shutdownFollowerState(110)) - 99050580-db91-402e-a30b-7426b5391f3a: shutdown 99050580-db91-402e-a30b-7426b5391f3a@group-0E0524D27BC6-FollowerState
2022-11-04 13:16:56,394 [grpc-default-executor-5] INFO  impl.RoleInfo (RoleInfo.java:updateAndGet(139)) - 99050580-db91-402e-a30b-7426b5391f3a: start 99050580-db91-402e-a30b-7426b5391f3a@group-0E0524D27BC6-FollowerState
2022-11-04 13:16:56,394 [99050580-db91-402e-a30b-7426b5391f3a@group-0E0524D27BC6-FollowerState] INFO  impl.FollowerState (FollowerState.java:run(152)) - 99050580-db91-402e-a30b-7426b5391f3a@group-0E0524D27BC6-FollowerState was interrupted
2022-11-04 13:16:56,394 [99050580-db91-402e-a30b-7426b5391f3a@group-0E0524D27BC6-FollowerState] INFO  server.RaftServerConfigKeys (ConfUtils.java:logFallback(53)) - raft.server.rpc.first-election.timeout.min = 5s (fallback to raft.server.rpc.timeout.min)
2022-11-04 13:16:56,394 [99050580-db91-402e-a30b-7426b5391f3a@group-0E0524D27BC6-FollowerState] INFO  server.RaftServerConfigKeys (ConfUtils.java:logFallback(53)) - raft.server.rpc.first-election.timeout.max = 5200ms (fallback to raft.server.rpc.timeout.max)
2022-11-04 13:16:56,395 [18b69636-199d-46b1-a155-faec2a9e6e92@group-0E0524D27BC6-FollowerState] INFO  server.RaftServerConfigKeys (ConfUtils.java:logFallback(53)) - raft.server.rpc.first-election.timeout.min = 5s (fallback to raft.server.rpc.timeout.min)
2022-11-04 13:16:56,396 [grpc-default-executor-5] INFO  server.RaftServer$Division (RaftServerImpl.java:requestVote(1251)) - 99050580-db91-402e-a30b-7426b5391f3a@group-0E0524D27BC6 replies to ELECTION vote request: 47355ef6-248e-415d-99d1-f00ca16e1642<-99050580-db91-402e-a30b-7426b5391f3a#0:FAIL-t3. Peer's state: 99050580-db91-402e-a30b-7426b5391f3a@group-0E0524D27BC6:t3, leader=null, voted=null, raftlog=Memoized:99050580-db91-402e-a30b-7426b5391f3a@group-0E0524D27BC6-SegmentedRaftLog:OPENED:c-1, conf=-1: peers:[18b69636-199d-46b1-a155-faec2a9e6e92|rpc:10.1.1.104:40753|dataStream:|priority:0|startupRole:FOLLOWER, 47355ef6-248e-415d-99d1-f00ca16e1642|rpc:10.1.1.104:43613|dataStream:|priority:0|startupRole:FOLLOWER, 99050580-db91-402e-a30b-7426b5391f3a|rpc:10.1.1.104:40645|dataStream:|priority:1|startupRole:FOLLOWER]|listeners:[], old=null
2022-11-04 13:16:56,397 [47355ef6-248e-415d-99d1-f00ca16e1642@group-0E0524D27BC6-LeaderElection30] INFO  impl.LeaderElection (LeaderElection.java:logAndReturn(90)) - 47355ef6-248e-415d-99d1-f00ca16e1642@group-0E0524D27BC6-LeaderElection30: ELECTION REJECTED received 2 response(s) and 0 exception(s):
2022-11-04 13:16:56,397 [47355ef6-248e-415d-99d1-f00ca16e1642@group-0E0524D27BC6-LeaderElection30] INFO  impl.LeaderElection (LeaderElection.java:logAndReturn(94)) -   Response 0: 47355ef6-248e-415d-99d1-f00ca16e1642<-18b69636-199d-46b1-a155-faec2a9e6e92#0:OK-t3
2022-11-04 13:16:56,397 [47355ef6-248e-415d-99d1-f00ca16e1642@group-0E0524D27BC6-LeaderElection30] INFO  impl.LeaderElection (LeaderElection.java:logAndReturn(94)) -   Response 1: 47355ef6-248e-415d-99d1-f00ca16e1642<-99050580-db91-402e-a30b-7426b5391f3a#0:FAIL-t3
2022-11-04 13:16:56,397 [47355ef6-248e-415d-99d1-f00ca16e1642@group-0E0524D27BC6-LeaderElection30] INFO  impl.LeaderElection (LeaderElection.java:askForVotes(314)) - 47355ef6-248e-415d-99d1-f00ca16e1642@group-0E0524D27BC6-LeaderElection30 ELECTION round 0: result REJECTED
2022-11-04 13:16:56,397 [47355ef6-248e-415d-99d1-f00ca16e1642@group-0E0524D27BC6-LeaderElection30] INFO  server.RaftServer$Division (RaftServerImpl.java:setRole(321)) - 47355ef6-248e-415d-99d1-f00ca16e1642@group-0E0524D27BC6: changes role from CANDIDATE to FOLLOWER at term 3 for REJECTED
2022-11-04 13:16:56,397 [47355ef6-248e-415d-99d1-f00ca16e1642@group-0E0524D27BC6-LeaderElection30] INFO  impl.RoleInfo (RoleInfo.java:shutdownLeaderElection(130)) - 47355ef6-248e-415d-99d1-f00ca16e1642: shutdown 47355ef6-248e-415d-99d1-f00ca16e1642@group-0E0524D27BC6-LeaderElection30
2022-11-04 13:16:56,397 [47355ef6-248e-415d-99d1-f00ca16e1642@group-0E0524D27BC6-LeaderElection30] INFO  impl.RoleInfo (RoleInfo.java:updateAndGet(139)) - 47355ef6-248e-415d-99d1-f00ca16e1642: start 47355ef6-248e-415d-99d1-f00ca16e1642@group-0E0524D27BC6-FollowerState
2022-11-04 13:16:56,397 [18b69636-199d-46b1-a155-faec2a9e6e92@group-0E0524D27BC6-FollowerState] INFO  server.RaftServerConfigKeys (ConfUtils.java:logFallback(53)) - raft.server.rpc.first-election.timeout.max = 5200ms (fallback to raft.server.rpc.timeout.max)
2022-11-04 13:16:56,398 [47355ef6-248e-415d-99d1-f00ca16e1642@group-0E0524D27BC6-FollowerState] INFO  server.RaftServerConfigKeys (ConfUtils.java:logFallback(53)) - raft.server.rpc.first-election.timeout.min = 5s (fallback to raft.server.rpc.timeout.min)
2022-11-04 13:16:56,398 [47355ef6-248e-415d-99d1-f00ca16e1642@group-0E0524D27BC6-FollowerState] INFO  server.RaftServerConfigKeys (ConfUtils.java:logFallback(53)) - raft.server.rpc.first-election.timeout.max = 5200ms (fallback to raft.server.rpc.timeout.max)
2022-11-04 13:16:57,058 [Command processor thread] INFO  server.RaftServer (RaftServerProxy.java:remove(107)) - 6e1286b8-b074-4479-bd2c-46da0ae8c43a: remove    LEADER 6e1286b8-b074-4479-bd2c-46da0ae8c43a@group-FA853D2A5168:t2, leader=6e1286b8-b074-4479-bd2c-46da0ae8c43a, voted=6e1286b8-b074-4479-bd2c-46da0ae8c43a, raftlog=Memoized:6e1286b8-b074-4479-bd2c-46da0ae8c43a@group-FA853D2A5168-SegmentedRaftLog:OPENED:c0, conf=0: peers:[c7cc2fe0-c6a0-4806-a89e-0e07a1727659|rpc:10.1.1.104:40287|dataStream:|priority:0|startupRole:FOLLOWER, 6e1286b8-b074-4479-bd2c-46da0ae8c43a|rpc:10.1.1.104:43531|dataStream:|priority:1|startupRole:FOLLOWER, 8d3760b1-f0ab-49a5-9c8a-a39ea99f9aab|rpc:10.1.1.104:40979|dataStream:|priority:0|startupRole:FOLLOWER]|listeners:[], old=null RUNNING
2022-11-04 13:16:57,059 [Command processor thread] INFO  server.RaftServer$Division (RaftServerImpl.java:lambda$close$4(458)) - 6e1286b8-b074-4479-bd2c-46da0ae8c43a@group-FA853D2A5168: shutdown
2022-11-04 13:16:57,059 [Command processor thread] INFO  util.JmxRegister (JmxRegister.java:unregister(73)) - Successfully un-registered JMX Bean with object name Ratis:service=RaftServer,group=group-FA853D2A5168,id=6e1286b8-b074-4479-bd2c-46da0ae8c43a
2022-11-04 13:16:57,059 [Command processor thread] INFO  impl.RoleInfo (RoleInfo.java:shutdownLeaderState(93)) - 6e1286b8-b074-4479-bd2c-46da0ae8c43a: shutdown 6e1286b8-b074-4479-bd2c-46da0ae8c43a@group-FA853D2A5168-LeaderStateImpl
2022-11-04 13:16:57,059 [Command processor thread] INFO  impl.PendingRequests (PendingRequests.java:sendNotLeaderResponses(282)) - 6e1286b8-b074-4479-bd2c-46da0ae8c43a@group-FA853D2A5168-PendingRequests: sendNotLeaderResponses
2022-11-04 13:16:57,059 [Command processor thread] INFO  impl.StateMachineUpdater (StateMachineUpdater.java:stopAndJoin(153)) - 6e1286b8-b074-4479-bd2c-46da0ae8c43a@group-FA853D2A5168-StateMachineUpdater: set stopIndex = 0
2022-11-04 13:16:57,059 [6e1286b8-b074-4479-bd2c-46da0ae8c43a@group-FA853D2A5168->8d3760b1-f0ab-49a5-9c8a-a39ea99f9aab-GrpcLogAppender-LogAppenderDaemon] WARN  server.GrpcLogAppender (GrpcLogAppender.java:mayWait(200)) - 6e1286b8-b074-4479-bd2c-46da0ae8c43a@group-FA853D2A5168->8d3760b1-f0ab-49a5-9c8a-a39ea99f9aab-GrpcLogAppender: Wait interrupted by java.lang.InterruptedException
2022-11-04 13:16:57,060 [grpc-default-executor-5] INFO  server.GrpcServerProtocolService (GrpcServerProtocolService.java:onCompleted(145)) - 8d3760b1-f0ab-49a5-9c8a-a39ea99f9aab: Completed APPEND_ENTRIES, lastRequest: null
2022-11-04 13:16:57,061 [grpc-default-executor-3] INFO  server.GrpcServerProtocolService (GrpcServerProtocolService.java:onCompleted(145)) - 8d3760b1-f0ab-49a5-9c8a-a39ea99f9aab: Completed APPEND_ENTRIES, lastRequest: 6e1286b8-b074-4479-bd2c-46da0ae8c43a->8d3760b1-f0ab-49a5-9c8a-a39ea99f9aab#1-t2,previous=(t:0, i:0),leaderCommit=0,initializing? true,entries: size=1, first=(t:2, i:0), CONFIGURATIONENTRY(current:id: "c7cc2fe0-c6a0-4806-a89e-0e07a1727659"
address: "10.1.1.104:40287"
clientAddress: "10.1.1.104:40287"
adminAddress: "10.1.1.104:40287"
startupRole: FOLLOWER
,id: "6e1286b8-b074-4479-bd2c-46da0ae8c43a"
address: "10.1.1.104:43531"
priority: 1
clientAddress: "10.1.1.104:43531"
adminAddress: "10.1.1.104:43531"
startupRole: FOLLOWER
,id: "8d3760b1-f0ab-49a5-9c8a-a39ea99f9aab"
address: "10.1.1.104:40979"
clientAddress: "10.1.1.104:40979"
adminAddress: "10.1.1.104:40979"
startupRole: FOLLOWER
, old:)
2022-11-04 13:16:57,061 [grpc-default-executor-0] INFO  server.GrpcLogAppender (GrpcLogAppender.java:onCompleted(415)) - 6e1286b8-b074-4479-bd2c-46da0ae8c43a@group-FA853D2A5168->8d3760b1-f0ab-49a5-9c8a-a39ea99f9aab-AppendLogResponseHandler: follower responses appendEntries COMPLETED
2022-11-04 13:16:57,062 [grpc-default-executor-0] INFO  leader.FollowerInfo (FollowerInfoImpl.java:lambda$new$0(48)) - 6e1286b8-b074-4479-bd2c-46da0ae8c43a@group-FA853D2A5168->8d3760b1-f0ab-49a5-9c8a-a39ea99f9aab: nextIndex: updateUnconditionally 1 -> 0
2022-11-04 13:16:57,064 [6e1286b8-b074-4479-bd2c-46da0ae8c43a@group-FA853D2A5168-StateMachineUpdater] INFO  ratis.ContainerStateMachine (ContainerStateMachine.java:takeSnapshot(304)) - group-FA853D2A5168: Taking a snapshot at:(t:2, i:0) file /home/runner/work/ozone/ozone/hadoop-ozone/integration-test/target/test-dir/MiniOzoneClusterImpl-0c0bfa66-1f5b-4f11-9fe6-cbebe0503434/datanode-2/data/ratis/3733acae-4637-413b-b21d-fa853d2a5168/sm/snapshot.2_0
2022-11-04 13:16:57,066 [grpc-default-executor-5] INFO  server.GrpcLogAppender (GrpcLogAppender.java:onCompleted(415)) - 6e1286b8-b074-4479-bd2c-46da0ae8c43a@group-FA853D2A5168->8d3760b1-f0ab-49a5-9c8a-a39ea99f9aab-AppendLogResponseHandler: follower responses appendEntries COMPLETED
2022-11-04 13:16:57,066 [grpc-default-executor-5] INFO  leader.FollowerInfo (FollowerInfoImpl.java:lambda$new$0(48)) - 6e1286b8-b074-4479-bd2c-46da0ae8c43a@group-FA853D2A5168->8d3760b1-f0ab-49a5-9c8a-a39ea99f9aab: nextIndex: updateUnconditionally 0 -> 0
2022-11-04 13:16:57,066 [6e1286b8-b074-4479-bd2c-46da0ae8c43a@group-FA853D2A5168-StateMachineUpdater] INFO  ratis.ContainerStateMachine (ContainerStateMachine.java:takeSnapshot(315)) - group-FA853D2A5168: Finished taking a snapshot at:(t:2, i:0) file:/home/runner/work/ozone/ozone/hadoop-ozone/integration-test/target/test-dir/MiniOzoneClusterImpl-0c0bfa66-1f5b-4f11-9fe6-cbebe0503434/datanode-2/data/ratis/3733acae-4637-413b-b21d-fa853d2a5168/sm/snapshot.2_0 took: 2 ms
2022-11-04 13:16:57,067 [6e1286b8-b074-4479-bd2c-46da0ae8c43a@group-FA853D2A5168-StateMachineUpdater] INFO  impl.StateMachineUpdater (StateMachineUpdater.java:takeSnapshot(287)) - 6e1286b8-b074-4479-bd2c-46da0ae8c43a@group-FA853D2A5168-StateMachineUpdater: Took a snapshot at index 0
2022-11-04 13:16:57,067 [6e1286b8-b074-4479-bd2c-46da0ae8c43a@group-FA853D2A5168-StateMachineUpdater] INFO  impl.StateMachineUpdater (StateMachineUpdater.java:lambda$new$0(92)) - 6e1286b8-b074-4479-bd2c-46da0ae8c43a@group-FA853D2A5168-StateMachineUpdater: snapshotIndex: updateIncreasingly -1 -> 0
2022-11-04 13:16:57,067 [Command processor thread] INFO  server.RaftServer$Division (ServerState.java:close(466)) - 6e1286b8-b074-4479-bd2c-46da0ae8c43a@group-FA853D2A5168: closes. applyIndex: 0
2022-11-04 13:16:57,067 [6e1286b8-b074-4479-bd2c-46da0ae8c43a@group-FA853D2A5168-SegmentedRaftLogWorker] INFO  segmented.SegmentedRaftLogWorker (SegmentedRaftLogWorker.java:run(345)) - 6e1286b8-b074-4479-bd2c-46da0ae8c43a@group-FA853D2A5168-SegmentedRaftLogWorker was interrupted, exiting. There are 0 tasks remaining in the queue.
2022-11-04 13:16:57,068 [Command processor thread] INFO  segmented.SegmentedRaftLogWorker (SegmentedRaftLogWorker.java:close(255)) - 6e1286b8-b074-4479-bd2c-46da0ae8c43a@group-FA853D2A5168-SegmentedRaftLogWorker close()
2022-11-04 13:16:57,070 [Command processor thread] INFO  server.RaftServer$Division (RaftServerImpl.java:groupRemove(428)) - 6e1286b8-b074-4479-bd2c-46da0ae8c43a@group-FA853D2A5168: Succeed to remove RaftStorageDirectory Storage Directory /home/runner/work/ozone/ozone/hadoop-ozone/integration-test/target/test-dir/MiniOzoneClusterImpl-0c0bfa66-1f5b-4f11-9fe6-cbebe0503434/datanode-2/data/ratis/3733acae-4637-413b-b21d-fa853d2a5168
2022-11-04 13:16:57,070 [Command processor thread] INFO  commandhandler.ClosePipelineCommandHandler (ClosePipelineCommandHandler.java:handle(78)) - Close Pipeline PipelineID=3733acae-4637-413b-b21d-fa853d2a5168 command on datanode 6e1286b8-b074-4479-bd2c-46da0ae8c43a.
2022-11-04 13:16:57,072 [Command processor thread] INFO  server.RaftServer (RaftServerProxy.java:remove(107)) - 6e1286b8-b074-4479-bd2c-46da0ae8c43a: remove  FOLLOWER 6e1286b8-b074-4479-bd2c-46da0ae8c43a@group-D9F9BF4B5168:t2, leader=8d3760b1-f0ab-49a5-9c8a-a39ea99f9aab, voted=8d3760b1-f0ab-49a5-9c8a-a39ea99f9aab, raftlog=Memoized:6e1286b8-b074-4479-bd2c-46da0ae8c43a@group-D9F9BF4B5168-SegmentedRaftLog:OPENED:c0, conf=0: peers:[c7cc2fe0-c6a0-4806-a89e-0e07a1727659|rpc:10.1.1.104:40287|dataStream:|priority:1|startupRole:FOLLOWER, 6e1286b8-b074-4479-bd2c-46da0ae8c43a|rpc:10.1.1.104:43531|dataStream:|priority:0|startupRole:FOLLOWER, 8d3760b1-f0ab-49a5-9c8a-a39ea99f9aab|rpc:10.1.1.104:40979|dataStream:|priority:0|startupRole:FOLLOWER]|listeners:[], old=null RUNNING
2022-11-04 13:16:57,072 [Command processor thread] INFO  server.RaftServer$Division (RaftServerImpl.java:lambda$close$4(458)) - 6e1286b8-b074-4479-bd2c-46da0ae8c43a@group-D9F9BF4B5168: shutdown
2022-11-04 13:16:57,072 [Command processor thread] INFO  util.JmxRegister (JmxRegister.java:unregister(73)) - Successfully un-registered JMX Bean with object name Ratis:service=RaftServer,group=group-D9F9BF4B5168,id=6e1286b8-b074-4479-bd2c-46da0ae8c43a
2022-11-04 13:16:57,072 [Command processor thread] INFO  impl.RoleInfo (RoleInfo.java:shutdownFollowerState(110)) - 6e1286b8-b074-4479-bd2c-46da0ae8c43a: shutdown 6e1286b8-b074-4479-bd2c-46da0ae8c43a@group-D9F9BF4B5168-FollowerState
2022-11-04 13:16:57,072 [Command processor thread] INFO  impl.StateMachineUpdater (StateMachineUpdater.java:stopAndJoin(153)) - 6e1286b8-b074-4479-bd2c-46da0ae8c43a@group-D9F9BF4B5168-StateMachineUpdater: set stopIndex = 0
2022-11-04 13:16:57,072 [6e1286b8-b074-4479-bd2c-46da0ae8c43a@group-D9F9BF4B5168-FollowerState] INFO  impl.FollowerState (FollowerState.java:run(152)) - 6e1286b8-b074-4479-bd2c-46da0ae8c43a@group-D9F9BF4B5168-FollowerState was interrupted
2022-11-04 13:16:57,073 [6e1286b8-b074-4479-bd2c-46da0ae8c43a@group-D9F9BF4B5168-StateMachineUpdater] INFO  ratis.ContainerStateMachine (ContainerStateMachine.java:takeSnapshot(304)) - group-D9F9BF4B5168: Taking a snapshot at:(t:2, i:0) file /home/runner/work/ozone/ozone/hadoop-ozone/integration-test/target/test-dir/MiniOzoneClusterImpl-0c0bfa66-1f5b-4f11-9fe6-cbebe0503434/datanode-2/data/ratis/2f318765-ecc8-4fba-a471-d9f9bf4b5168/sm/snapshot.2_0
2022-11-04 13:16:57,074 [6e1286b8-b074-4479-bd2c-46da0ae8c43a@group-D9F9BF4B5168-StateMachineUpdater] INFO  ratis.ContainerStateMachine (ContainerStateMachine.java:takeSnapshot(315)) - group-D9F9BF4B5168: Finished taking a snapshot at:(t:2, i:0) file:/home/runner/work/ozone/ozone/hadoop-ozone/integration-test/target/test-dir/MiniOzoneClusterImpl-0c0bfa66-1f5b-4f11-9fe6-cbebe0503434/datanode-2/data/ratis/2f318765-ecc8-4fba-a471-d9f9bf4b5168/sm/snapshot.2_0 took: 0 ms
2022-11-04 13:16:57,074 [6e1286b8-b074-4479-bd2c-46da0ae8c43a@group-D9F9BF4B5168-StateMachineUpdater] INFO  impl.StateMachineUpdater (StateMachineUpdater.java:takeSnapshot(287)) - 6e1286b8-b074-4479-bd2c-46da0ae8c43a@group-D9F9BF4B5168-StateMachineUpdater: Took a snapshot at index 0
2022-11-04 13:16:57,074 [6e1286b8-b074-4479-bd2c-46da0ae8c43a@group-D9F9BF4B5168-StateMachineUpdater] INFO  impl.StateMachineUpdater (StateMachineUpdater.java:lambda$new$0(92)) - 6e1286b8-b074-4479-bd2c-46da0ae8c43a@group-D9F9BF4B5168-StateMachineUpdater: snapshotIndex: updateIncreasingly -1 -> 0
2022-11-04 13:16:57,075 [Command processor thread] INFO  server.RaftServer$Division (ServerState.java:close(466)) - 6e1286b8-b074-4479-bd2c-46da0ae8c43a@group-D9F9BF4B5168: closes. applyIndex: 0
2022-11-04 13:16:57,075 [6e1286b8-b074-4479-bd2c-46da0ae8c43a@group-D9F9BF4B5168-SegmentedRaftLogWorker] INFO  segmented.SegmentedRaftLogWorker (SegmentedRaftLogWorker.java:run(345)) - 6e1286b8-b074-4479-bd2c-46da0ae8c43a@group-D9F9BF4B5168-SegmentedRaftLogWorker was interrupted, exiting. There are 0 tasks remaining in the queue.
2022-11-04 13:16:57,077 [Command processor thread] INFO  segmented.SegmentedRaftLogWorker (SegmentedRaftLogWorker.java:close(255)) - 6e1286b8-b074-4479-bd2c-46da0ae8c43a@group-D9F9BF4B5168-SegmentedRaftLogWorker close()
2022-11-04 13:16:57,079 [Command processor thread] INFO  server.RaftServer$Division (RaftServerImpl.java:groupRemove(428)) - 6e1286b8-b074-4479-bd2c-46da0ae8c43a@group-D9F9BF4B5168: Succeed to remove RaftStorageDirectory Storage Directory /home/runner/work/ozone/ozone/hadoop-ozone/integration-test/target/test-dir/MiniOzoneClusterImpl-0c0bfa66-1f5b-4f11-9fe6-cbebe0503434/datanode-2/data/ratis/2f318765-ecc8-4fba-a471-d9f9bf4b5168
2022-11-04 13:16:57,079 [Command processor thread] INFO  commandhandler.ClosePipelineCommandHandler (ClosePipelineCommandHandler.java:handle(78)) - Close Pipeline PipelineID=2f318765-ecc8-4fba-a471-d9f9bf4b5168 command on datanode 6e1286b8-b074-4479-bd2c-46da0ae8c43a.
2022-11-04 13:16:57,365 [0dd4671e-e5ba-49c8-8afe-be056577c247@group-3134A2B79DBE-FollowerState] INFO  impl.FollowerState (FollowerState.java:run(143)) - 0dd4671e-e5ba-49c8-8afe-be056577c247@group-3134A2B79DBE-FollowerState: change to CANDIDATE, lastRpcElapsedTime:5026918716ns, electionTimeout:5017ms
2022-11-04 13:16:57,365 [0dd4671e-e5ba-49c8-8afe-be056577c247@group-3134A2B79DBE-FollowerState] INFO  impl.RoleInfo (RoleInfo.java:shutdownFollowerState(110)) - 0dd4671e-e5ba-49c8-8afe-be056577c247: shutdown 0dd4671e-e5ba-49c8-8afe-be056577c247@group-3134A2B79DBE-FollowerState
2022-11-04 13:16:57,365 [0dd4671e-e5ba-49c8-8afe-be056577c247@group-3134A2B79DBE-FollowerState] INFO  server.RaftServer$Division (RaftServerImpl.java:setRole(321)) - 0dd4671e-e5ba-49c8-8afe-be056577c247@group-3134A2B79DBE: changes role from  FOLLOWER to CANDIDATE at term 2 for changeToCandidate
2022-11-04 13:16:57,366 [0dd4671e-e5ba-49c8-8afe-be056577c247@group-3134A2B79DBE-FollowerState] INFO  server.RaftServerConfigKeys (ConfUtils.java:logGet(46)) - raft.server.leaderelection.pre-vote = false (custom)
2022-11-04 13:16:57,366 [0dd4671e-e5ba-49c8-8afe-be056577c247@group-3134A2B79DBE-FollowerState] INFO  impl.RoleInfo (RoleInfo.java:updateAndGet(139)) - 0dd4671e-e5ba-49c8-8afe-be056577c247: start 0dd4671e-e5ba-49c8-8afe-be056577c247@group-3134A2B79DBE-LeaderElection31
2022-11-04 13:16:57,373 [5b5b9152-5d2c-4522-9940-e93bc8d8546d@group-3134A2B79DBE-FollowerState] INFO  impl.FollowerState (FollowerState.java:run(143)) - 5b5b9152-5d2c-4522-9940-e93bc8d8546d@group-3134A2B79DBE-FollowerState: change to CANDIDATE, lastRpcElapsedTime:5009683940ns, electionTimeout:5003ms
2022-11-04 13:16:57,373 [5b5b9152-5d2c-4522-9940-e93bc8d8546d@group-3134A2B79DBE-FollowerState] INFO  impl.RoleInfo (RoleInfo.java:shutdownFollowerState(110)) - 5b5b9152-5d2c-4522-9940-e93bc8d8546d: shutdown 5b5b9152-5d2c-4522-9940-e93bc8d8546d@group-3134A2B79DBE-FollowerState
2022-11-04 13:16:57,373 [5b5b9152-5d2c-4522-9940-e93bc8d8546d@group-3134A2B79DBE-FollowerState] INFO  server.RaftServer$Division (RaftServerImpl.java:setRole(321)) - 5b5b9152-5d2c-4522-9940-e93bc8d8546d@group-3134A2B79DBE: changes role from  FOLLOWER to CANDIDATE at term 2 for changeToCandidate
2022-11-04 13:16:57,373 [5b5b9152-5d2c-4522-9940-e93bc8d8546d@group-3134A2B79DBE-FollowerState] INFO  server.RaftServerConfigKeys (ConfUtils.java:logGet(46)) - raft.server.leaderelection.pre-vote = false (custom)
2022-11-04 13:16:57,373 [5b5b9152-5d2c-4522-9940-e93bc8d8546d@group-3134A2B79DBE-FollowerState] INFO  impl.RoleInfo (RoleInfo.java:updateAndGet(139)) - 5b5b9152-5d2c-4522-9940-e93bc8d8546d: start 5b5b9152-5d2c-4522-9940-e93bc8d8546d@group-3134A2B79DBE-LeaderElection32
2022-11-04 13:16:57,380 [5b5b9152-5d2c-4522-9940-e93bc8d8546d@group-3134A2B79DBE-LeaderElection32] INFO  impl.LeaderElection (LeaderElection.java:askForVotes(312)) - 5b5b9152-5d2c-4522-9940-e93bc8d8546d@group-3134A2B79DBE-LeaderElection32 ELECTION round 0: submit vote requests at term 3 for -1: peers:[c32434d6-2497-484c-95de-45f9e03d5624|rpc:10.1.1.104:38331|dataStream:|priority:1|startupRole:FOLLOWER, 0dd4671e-e5ba-49c8-8afe-be056577c247|rpc:10.1.1.104:32843|dataStream:|priority:0|startupRole:FOLLOWER, 5b5b9152-5d2c-4522-9940-e93bc8d8546d|rpc:10.1.1.104:42221|dataStream:|priority:0|startupRole:FOLLOWER]|listeners:[], old=null
2022-11-04 13:16:57,381 [0dd4671e-e5ba-49c8-8afe-be056577c247@group-3134A2B79DBE-LeaderElection31] INFO  impl.LeaderElection (LeaderElection.java:askForVotes(312)) - 0dd4671e-e5ba-49c8-8afe-be056577c247@group-3134A2B79DBE-LeaderElection31 ELECTION round 0: submit vote requests at term 3 for -1: peers:[c32434d6-2497-484c-95de-45f9e03d5624|rpc:10.1.1.104:38331|priority:1|startupRole:FOLLOWER, 0dd4671e-e5ba-49c8-8afe-be056577c247|rpc:10.1.1.104:32843|priority:0|startupRole:FOLLOWER, 5b5b9152-5d2c-4522-9940-e93bc8d8546d|rpc:10.1.1.104:42221|priority:0|startupRole:FOLLOWER]|listeners:[], old=null
2022-11-04 13:16:57,383 [grpc-default-executor-5] INFO  server.RaftServer$Division (RaftServerImpl.java:requestVote(1218)) - c32434d6-2497-484c-95de-45f9e03d5624@group-3134A2B79DBE: receive requestVote(ELECTION, 0dd4671e-e5ba-49c8-8afe-be056577c247, group-3134A2B79DBE, 3, (t:0, i:0))
2022-11-04 13:16:57,383 [grpc-default-executor-5] INFO  impl.VoteContext (VoteContext.java:log(48)) - c32434d6-2497-484c-95de-45f9e03d5624@group-3134A2B79DBE-FOLLOWER: reject ELECTION from 0dd4671e-e5ba-49c8-8afe-be056577c247: our priority 1 > candidate's priority 0
2022-11-04 13:16:57,383 [grpc-default-executor-5] INFO  server.RaftServer$Division (RaftServerImpl.java:setRole(321)) - c32434d6-2497-484c-95de-45f9e03d5624@group-3134A2B79DBE: changes role from  FOLLOWER to FOLLOWER at term 3 for candidate:0dd4671e-e5ba-49c8-8afe-be056577c247
2022-11-04 13:16:57,383 [grpc-default-executor-5] INFO  impl.RoleInfo (RoleInfo.java:shutdownFollowerState(110)) - c32434d6-2497-484c-95de-45f9e03d5624: shutdown c32434d6-2497-484c-95de-45f9e03d5624@group-3134A2B79DBE-FollowerState
2022-11-04 13:16:57,383 [5b5b9152-5d2c-4522-9940-e93bc8d8546d@group-3134A2B79DBE-LeaderElection32] INFO  server.RaftServerConfigKeys (ConfUtils.java:logFallback(53)) - raft.server.rpc.first-election.timeout.min = 5s (fallback to raft.server.rpc.timeout.min)
2022-11-04 13:16:57,383 [5b5b9152-5d2c-4522-9940-e93bc8d8546d@group-3134A2B79DBE-LeaderElection32] INFO  server.RaftServerConfigKeys (ConfUtils.java:logFallback(53)) - raft.server.rpc.first-election.timeout.max = 5200ms (fallback to raft.server.rpc.timeout.max)
2022-11-04 13:16:57,383 [grpc-default-executor-0] INFO  server.RaftServer$Division (RaftServerImpl.java:requestVote(1218)) - c32434d6-2497-484c-95de-45f9e03d5624@group-3134A2B79DBE: receive requestVote(ELECTION, 5b5b9152-5d2c-4522-9940-e93bc8d8546d, group-3134A2B79DBE, 3, (t:0, i:0))
2022-11-04 13:16:57,383 [grpc-default-executor-5] INFO  impl.RoleInfo (RoleInfo.java:updateAndGet(139)) - c32434d6-2497-484c-95de-45f9e03d5624: start c32434d6-2497-484c-95de-45f9e03d5624@group-3134A2B79DBE-FollowerState
2022-11-04 13:16:57,384 [c32434d6-2497-484c-95de-45f9e03d5624@group-3134A2B79DBE-FollowerState] INFO  impl.FollowerState (FollowerState.java:run(152)) - c32434d6-2497-484c-95de-45f9e03d5624@group-3134A2B79DBE-FollowerState was interrupted
2022-11-04 13:16:57,385 [grpc-default-executor-3] INFO  server.RaftServer$Division (RaftServerImpl.java:requestVote(1218)) - 0dd4671e-e5ba-49c8-8afe-be056577c247@group-3134A2B79DBE: receive requestVote(ELECTION, 5b5b9152-5d2c-4522-9940-e93bc8d8546d, group-3134A2B79DBE, 3, (t:0, i:0))
2022-11-04 13:16:57,385 [grpc-default-executor-3] INFO  impl.VoteContext (VoteContext.java:log(48)) - 0dd4671e-e5ba-49c8-8afe-be056577c247@group-3134A2B79DBE-CANDIDATE: reject ELECTION from 5b5b9152-5d2c-4522-9940-e93bc8d8546d: already has voted for 0dd4671e-e5ba-49c8-8afe-be056577c247 at current term 3
2022-11-04 13:16:57,385 [grpc-default-executor-3] INFO  server.RaftServer$Division (RaftServerImpl.java:requestVote(1251)) - 0dd4671e-e5ba-49c8-8afe-be056577c247@group-3134A2B79DBE replies to ELECTION vote request: 5b5b9152-5d2c-4522-9940-e93bc8d8546d<-0dd4671e-e5ba-49c8-8afe-be056577c247#0:FAIL-t3. Peer's state: 0dd4671e-e5ba-49c8-8afe-be056577c247@group-3134A2B79DBE:t3, leader=null, voted=0dd4671e-e5ba-49c8-8afe-be056577c247, raftlog=Memoized:0dd4671e-e5ba-49c8-8afe-be056577c247@group-3134A2B79DBE-SegmentedRaftLog:OPENED:c-1, conf=-1: peers:[c32434d6-2497-484c-95de-45f9e03d5624|rpc:10.1.1.104:38331|priority:1|startupRole:FOLLOWER, 0dd4671e-e5ba-49c8-8afe-be056577c247|rpc:10.1.1.104:32843|priority:0|startupRole:FOLLOWER, 5b5b9152-5d2c-4522-9940-e93bc8d8546d|rpc:10.1.1.104:42221|priority:0|startupRole:FOLLOWER]|listeners:[], old=null
2022-11-04 13:16:57,385 [c32434d6-2497-484c-95de-45f9e03d5624@group-3134A2B79DBE-FollowerState] INFO  server.RaftServerConfigKeys (ConfUtils.java:logFallback(53)) - raft.server.rpc.first-election.timeout.min = 5s (fallback to raft.server.rpc.timeout.min)
2022-11-04 13:16:57,385 [c32434d6-2497-484c-95de-45f9e03d5624@group-3134A2B79DBE-FollowerState] INFO  server.RaftServerConfigKeys (ConfUtils.java:logFallback(53)) - raft.server.rpc.first-election.timeout.max = 5200ms (fallback to raft.server.rpc.timeout.max)
2022-11-04 13:16:57,386 [grpc-default-executor-5] INFO  server.RaftServer$Division (RaftServerImpl.java:requestVote(1251)) - c32434d6-2497-484c-95de-45f9e03d5624@group-3134A2B79DBE replies to ELECTION vote request: 0dd4671e-e5ba-49c8-8afe-be056577c247<-c32434d6-2497-484c-95de-45f9e03d5624#0:FAIL-t3. Peer's state: c32434d6-2497-484c-95de-45f9e03d5624@group-3134A2B79DBE:t3, leader=null, voted=null, raftlog=Memoized:c32434d6-2497-484c-95de-45f9e03d5624@group-3134A2B79DBE-SegmentedRaftLog:OPENED:c-1, conf=-1: peers:[c32434d6-2497-484c-95de-45f9e03d5624|rpc:10.1.1.104:38331|dataStream:|priority:1|startupRole:FOLLOWER, 0dd4671e-e5ba-49c8-8afe-be056577c247|rpc:10.1.1.104:32843|dataStream:|priority:0|startupRole:FOLLOWER, 5b5b9152-5d2c-4522-9940-e93bc8d8546d|rpc:10.1.1.104:42221|dataStream:|priority:0|startupRole:FOLLOWER]|listeners:[], old=null
2022-11-04 13:16:57,389 [0dd4671e-e5ba-49c8-8afe-be056577c247@group-3134A2B79DBE-LeaderElection31] INFO  server.RaftServerConfigKeys (ConfUtils.java:logFallback(53)) - raft.server.rpc.first-election.timeout.min = 5s (fallback to raft.server.rpc.timeout.min)
2022-11-04 13:16:57,389 [0dd4671e-e5ba-49c8-8afe-be056577c247@group-3134A2B79DBE-LeaderElection31] INFO  server.RaftServerConfigKeys (ConfUtils.java:logFallback(53)) - raft.server.rpc.first-election.timeout.max = 5200ms (fallback to raft.server.rpc.timeout.max)
2022-11-04 13:16:57,390 [0dd4671e-e5ba-49c8-8afe-be056577c247@group-3134A2B79DBE-LeaderElection31] INFO  impl.LeaderElection (LeaderElection.java:logAndReturn(90)) - 0dd4671e-e5ba-49c8-8afe-be056577c247@group-3134A2B79DBE-LeaderElection31: ELECTION REJECTED received 1 response(s) and 0 exception(s):
2022-11-04 13:16:57,390 [0dd4671e-e5ba-49c8-8afe-be056577c247@group-3134A2B79DBE-LeaderElection31] INFO  impl.LeaderElection (LeaderElection.java:logAndReturn(94)) -   Response 0: 0dd4671e-e5ba-49c8-8afe-be056577c247<-c32434d6-2497-484c-95de-45f9e03d5624#0:FAIL-t3
2022-11-04 13:16:57,390 [0dd4671e-e5ba-49c8-8afe-be056577c247@group-3134A2B79DBE-LeaderElection31] INFO  impl.LeaderElection (LeaderElection.java:askForVotes(314)) - 0dd4671e-e5ba-49c8-8afe-be056577c247@group-3134A2B79DBE-LeaderElection31 ELECTION round 0: result REJECTED
2022-11-04 13:16:57,390 [0dd4671e-e5ba-49c8-8afe-be056577c247@group-3134A2B79DBE-LeaderElection31] INFO  server.RaftServer$Division (RaftServerImpl.java:setRole(321)) - 0dd4671e-e5ba-49c8-8afe-be056577c247@group-3134A2B79DBE: changes role from CANDIDATE to FOLLOWER at term 3 for REJECTED
2022-11-04 13:16:57,390 [0dd4671e-e5ba-49c8-8afe-be056577c247@group-3134A2B79DBE-LeaderElection31] INFO  impl.RoleInfo (RoleInfo.java:shutdownLeaderElection(130)) - 0dd4671e-e5ba-49c8-8afe-be056577c247: shutdown 0dd4671e-e5ba-49c8-8afe-be056577c247@group-3134A2B79DBE-LeaderElection31
2022-11-04 13:16:57,390 [0dd4671e-e5ba-49c8-8afe-be056577c247@group-3134A2B79DBE-LeaderElection31] INFO  impl.RoleInfo (RoleInfo.java:updateAndGet(139)) - 0dd4671e-e5ba-49c8-8afe-be056577c247: start 0dd4671e-e5ba-49c8-8afe-be056577c247@group-3134A2B79DBE-FollowerState
2022-11-04 13:16:57,391 [grpc-default-executor-0] INFO  impl.VoteContext (VoteContext.java:log(48)) - c32434d6-2497-484c-95de-45f9e03d5624@group-3134A2B79DBE-FOLLOWER: reject ELECTION from 5b5b9152-5d2c-4522-9940-e93bc8d8546d: our priority 1 > candidate's priority 0
2022-11-04 13:16:57,391 [grpc-default-executor-0] INFO  server.RaftServer$Division (RaftServerImpl.java:setRole(321)) - c32434d6-2497-484c-95de-45f9e03d5624@group-3134A2B79DBE: changes role from  FOLLOWER to FOLLOWER at term 3 for candidate:5b5b9152-5d2c-4522-9940-e93bc8d8546d
2022-11-04 13:16:57,391 [grpc-default-executor-0] INFO  impl.RoleInfo (RoleInfo.java:shutdownFollowerState(110)) - c32434d6-2497-484c-95de-45f9e03d5624: shutdown c32434d6-2497-484c-95de-45f9e03d5624@group-3134A2B79DBE-FollowerState
2022-11-04 13:16:57,391 [grpc-default-executor-0] INFO  impl.RoleInfo (RoleInfo.java:updateAndGet(139)) - c32434d6-2497-484c-95de-45f9e03d5624: start c32434d6-2497-484c-95de-45f9e03d5624@group-3134A2B79DBE-FollowerState
2022-11-04 13:16:57,391 [grpc-default-executor-0] INFO  server.RaftServer$Division (RaftServerImpl.java:requestVote(1251)) - c32434d6-2497-484c-95de-45f9e03d5624@group-3134A2B79DBE replies to ELECTION vote request: 5b5b9152-5d2c-4522-9940-e93bc8d8546d<-c32434d6-2497-484c-95de-45f9e03d5624#0:FAIL-t3. Peer's state: c32434d6-2497-484c-95de-45f9e03d5624@group-3134A2B79DBE:t3, leader=null, voted=null, raftlog=Memoized:c32434d6-2497-484c-95de-45f9e03d5624@group-3134A2B79DBE-SegmentedRaftLog:OPENED:c-1, conf=-1: peers:[c32434d6-2497-484c-95de-45f9e03d5624|rpc:10.1.1.104:38331|dataStream:|priority:1|startupRole:FOLLOWER, 0dd4671e-e5ba-49c8-8afe-be056577c247|rpc:10.1.1.104:32843|dataStream:|priority:0|startupRole:FOLLOWER, 5b5b9152-5d2c-4522-9940-e93bc8d8546d|rpc:10.1.1.104:42221|dataStream:|priority:0|startupRole:FOLLOWER]|listeners:[], old=null
2022-11-04 13:16:57,391 [c32434d6-2497-484c-95de-45f9e03d5624@group-3134A2B79DBE-FollowerState] INFO  impl.FollowerState (FollowerState.java:run(152)) - c32434d6-2497-484c-95de-45f9e03d5624@group-3134A2B79DBE-FollowerState was interrupted
2022-11-04 13:16:57,392 [c32434d6-2497-484c-95de-45f9e03d5624@group-3134A2B79DBE-FollowerState] INFO  server.RaftServerConfigKeys (ConfUtils.java:logFallback(53)) - raft.server.rpc.first-election.timeout.min = 5s (fallback to raft.server.rpc.timeout.min)
2022-11-04 13:16:57,397 [c32434d6-2497-484c-95de-45f9e03d5624@group-3134A2B79DBE-FollowerState] INFO  server.RaftServerConfigKeys (ConfUtils.java:logFallback(53)) - raft.server.rpc.first-election.timeout.max = 5200ms (fallback to raft.server.rpc.timeout.max)
2022-11-04 13:16:57,398 [0dd4671e-e5ba-49c8-8afe-be056577c247@group-3134A2B79DBE-FollowerState] INFO  server.RaftServerConfigKeys (ConfUtils.java:logFallback(53)) - raft.server.rpc.first-election.timeout.min = 5s (fallback to raft.server.rpc.timeout.min)
2022-11-04 13:16:57,399 [5b5b9152-5d2c-4522-9940-e93bc8d8546d@group-3134A2B79DBE-LeaderElection32] INFO  impl.LeaderElection (LeaderElection.java:logAndReturn(90)) - 5b5b9152-5d2c-4522-9940-e93bc8d8546d@group-3134A2B79DBE-LeaderElection32: ELECTION REJECTED received 2 response(s) and 0 exception(s):
2022-11-04 13:16:57,399 [grpc-default-executor-0] INFO  server.RaftServer$Division (RaftServerImpl.java:requestVote(1218)) - 5b5b9152-5d2c-4522-9940-e93bc8d8546d@group-3134A2B79DBE: receive requestVote(ELECTION, 0dd4671e-e5ba-49c8-8afe-be056577c247, group-3134A2B79DBE, 3, (t:0, i:0))
2022-11-04 13:16:57,399 [5b5b9152-5d2c-4522-9940-e93bc8d8546d@group-3134A2B79DBE-LeaderElection32] INFO  impl.LeaderElection (LeaderElection.java:logAndReturn(94)) -   Response 0: 5b5b9152-5d2c-4522-9940-e93bc8d8546d<-c32434d6-2497-484c-95de-45f9e03d5624#0:FAIL-t3
2022-11-04 13:16:57,399 [grpc-default-executor-0] INFO  impl.VoteContext (VoteContext.java:log(48)) - 5b5b9152-5d2c-4522-9940-e93bc8d8546d@group-3134A2B79DBE-CANDIDATE: reject ELECTION from 0dd4671e-e5ba-49c8-8afe-be056577c247: already has voted for 5b5b9152-5d2c-4522-9940-e93bc8d8546d at current term 3
2022-11-04 13:16:57,399 [grpc-default-executor-0] INFO  server.RaftServer$Division (RaftServerImpl.java:requestVote(1251)) - 5b5b9152-5d2c-4522-9940-e93bc8d8546d@group-3134A2B79DBE replies to ELECTION vote request: 0dd4671e-e5ba-49c8-8afe-be056577c247<-5b5b9152-5d2c-4522-9940-e93bc8d8546d#0:FAIL-t3. Peer's state: 5b5b9152-5d2c-4522-9940-e93bc8d8546d@group-3134A2B79DBE:t3, leader=null, voted=5b5b9152-5d2c-4522-9940-e93bc8d8546d, raftlog=Memoized:5b5b9152-5d2c-4522-9940-e93bc8d8546d@group-3134A2B79DBE-SegmentedRaftLog:OPENED:c-1, conf=-1: peers:[c32434d6-2497-484c-95de-45f9e03d5624|rpc:10.1.1.104:38331|dataStream:|priority:1|startupRole:FOLLOWER, 0dd4671e-e5ba-49c8-8afe-be056577c247|rpc:10.1.1.104:32843|dataStream:|priority:0|startupRole:FOLLOWER, 5b5b9152-5d2c-4522-9940-e93bc8d8546d|rpc:10.1.1.104:42221|dataStream:|priority:0|startupRole:FOLLOWER]|listeners:[], old=null
2022-11-04 13:16:57,399 [0dd4671e-e5ba-49c8-8afe-be056577c247@group-3134A2B79DBE-FollowerState] INFO  server.RaftServerConfigKeys (ConfUtils.java:logFallback(53)) - raft.server.rpc.first-election.timeout.max = 5200ms (fallback to raft.server.rpc.timeout.max)
2022-11-04 13:16:57,399 [5b5b9152-5d2c-4522-9940-e93bc8d8546d@group-3134A2B79DBE-LeaderElection32] INFO  impl.LeaderElection (LeaderElection.java:logAndReturn(94)) -   Response 1: 5b5b9152-5d2c-4522-9940-e93bc8d8546d<-0dd4671e-e5ba-49c8-8afe-be056577c247#0:FAIL-t3
2022-11-04 13:16:57,400 [5b5b9152-5d2c-4522-9940-e93bc8d8546d@group-3134A2B79DBE-LeaderElection32] INFO  impl.LeaderElection (LeaderElection.java:askForVotes(314)) - 5b5b9152-5d2c-4522-9940-e93bc8d8546d@group-3134A2B79DBE-LeaderElection32 ELECTION round 0: result REJECTED
2022-11-04 13:16:57,400 [5b5b9152-5d2c-4522-9940-e93bc8d8546d@group-3134A2B79DBE-LeaderElection32] INFO  server.RaftServer$Division (RaftServerImpl.java:setRole(321)) - 5b5b9152-5d2c-4522-9940-e93bc8d8546d@group-3134A2B79DBE: changes role from CANDIDATE to FOLLOWER at term 3 for REJECTED
2022-11-04 13:16:57,400 [5b5b9152-5d2c-4522-9940-e93bc8d8546d@group-3134A2B79DBE-LeaderElection32] INFO  impl.RoleInfo (RoleInfo.java:shutdownLeaderElection(130)) - 5b5b9152-5d2c-4522-9940-e93bc8d8546d: shutdown 5b5b9152-5d2c-4522-9940-e93bc8d8546d@group-3134A2B79DBE-LeaderElection32
2022-11-04 13:16:57,400 [5b5b9152-5d2c-4522-9940-e93bc8d8546d@group-3134A2B79DBE-LeaderElection32] INFO  impl.RoleInfo (RoleInfo.java:updateAndGet(139)) - 5b5b9152-5d2c-4522-9940-e93bc8d8546d: start 5b5b9152-5d2c-4522-9940-e93bc8d8546d@group-3134A2B79DBE-FollowerState
2022-11-04 13:16:57,401 [5b5b9152-5d2c-4522-9940-e93bc8d8546d@group-3134A2B79DBE-FollowerState] INFO  server.RaftServerConfigKeys (ConfUtils.java:logFallback(53)) - raft.server.rpc.first-election.timeout.min = 5s (fallback to raft.server.rpc.timeout.min)
2022-11-04 13:16:57,401 [5b5b9152-5d2c-4522-9940-e93bc8d8546d@group-3134A2B79DBE-FollowerState] INFO  server.RaftServerConfigKeys (ConfUtils.java:logFallback(53)) - raft.server.rpc.first-election.timeout.max = 5200ms (fallback to raft.server.rpc.timeout.max)
2022-11-04 13:17:01,490 [18b69636-199d-46b1-a155-faec2a9e6e92@group-0E0524D27BC6-FollowerState] INFO  impl.FollowerState (FollowerState.java:run(143)) - 18b69636-199d-46b1-a155-faec2a9e6e92@group-0E0524D27BC6-FollowerState: change to CANDIDATE, lastRpcElapsedTime:5097208322ns, electionTimeout:5093ms
2022-11-04 13:17:01,491 [18b69636-199d-46b1-a155-faec2a9e6e92@group-0E0524D27BC6-FollowerState] INFO  impl.RoleInfo (RoleInfo.java:shutdownFollowerState(110)) - 18b69636-199d-46b1-a155-faec2a9e6e92: shutdown 18b69636-199d-46b1-a155-faec2a9e6e92@group-0E0524D27BC6-FollowerState
2022-11-04 13:17:01,491 [18b69636-199d-46b1-a155-faec2a9e6e92@group-0E0524D27BC6-FollowerState] INFO  server.RaftServer$Division (RaftServerImpl.java:setRole(321)) - 18b69636-199d-46b1-a155-faec2a9e6e92@group-0E0524D27BC6: changes role from  FOLLOWER to CANDIDATE at term 3 for changeToCandidate
2022-11-04 13:17:01,491 [18b69636-199d-46b1-a155-faec2a9e6e92@group-0E0524D27BC6-FollowerState] INFO  server.RaftServerConfigKeys (ConfUtils.java:logGet(46)) - raft.server.leaderelection.pre-vote = false (custom)
2022-11-04 13:17:01,491 [18b69636-199d-46b1-a155-faec2a9e6e92@group-0E0524D27BC6-FollowerState] INFO  impl.RoleInfo (RoleInfo.java:updateAndGet(139)) - 18b69636-199d-46b1-a155-faec2a9e6e92: start 18b69636-199d-46b1-a155-faec2a9e6e92@group-0E0524D27BC6-LeaderElection33
2022-11-04 13:17:01,494 [18b69636-199d-46b1-a155-faec2a9e6e92@group-0E0524D27BC6-LeaderElection33] INFO  impl.LeaderElection (LeaderElection.java:askForVotes(312)) - 18b69636-199d-46b1-a155-faec2a9e6e92@group-0E0524D27BC6-LeaderElection33 ELECTION round 0: submit vote requests at term 4 for -1: peers:[18b69636-199d-46b1-a155-faec2a9e6e92|rpc:10.1.1.104:40753|priority:0|startupRole:FOLLOWER, 47355ef6-248e-415d-99d1-f00ca16e1642|rpc:10.1.1.104:43613|priority:0|startupRole:FOLLOWER, 99050580-db91-402e-a30b-7426b5391f3a|rpc:10.1.1.104:40645|priority:1|startupRole:FOLLOWER]|listeners:[], old=null
2022-11-04 13:17:01,497 [18b69636-199d-46b1-a155-faec2a9e6e92@group-0E0524D27BC6-LeaderElection33] INFO  server.RaftServerConfigKeys (ConfUtils.java:logFallback(53)) - raft.server.rpc.first-election.timeout.min = 5s (fallback to raft.server.rpc.timeout.min)
2022-11-04 13:17:01,497 [18b69636-199d-46b1-a155-faec2a9e6e92@group-0E0524D27BC6-LeaderElection33] INFO  server.RaftServerConfigKeys (ConfUtils.java:logFallback(53)) - raft.server.rpc.first-election.timeout.max = 5200ms (fallback to raft.server.rpc.timeout.max)
2022-11-04 13:17:01,497 [47355ef6-248e-415d-99d1-f00ca16e1642@group-0E0524D27BC6-FollowerState] INFO  impl.FollowerState (FollowerState.java:run(143)) - 47355ef6-248e-415d-99d1-f00ca16e1642@group-0E0524D27BC6-FollowerState: change to CANDIDATE, lastRpcElapsedTime:5099668332ns, electionTimeout:5099ms
2022-11-04 13:17:01,497 [47355ef6-248e-415d-99d1-f00ca16e1642@group-0E0524D27BC6-FollowerState] INFO  impl.RoleInfo (RoleInfo.java:shutdownFollowerState(110)) - 47355ef6-248e-415d-99d1-f00ca16e1642: shutdown 47355ef6-248e-415d-99d1-f00ca16e1642@group-0E0524D27BC6-FollowerState
2022-11-04 13:17:01,497 [47355ef6-248e-415d-99d1-f00ca16e1642@group-0E0524D27BC6-FollowerState] INFO  server.RaftServer$Division (RaftServerImpl.java:setRole(321)) - 47355ef6-248e-415d-99d1-f00ca16e1642@group-0E0524D27BC6: changes role from  FOLLOWER to CANDIDATE at term 3 for changeToCandidate
2022-11-04 13:17:01,497 [47355ef6-248e-415d-99d1-f00ca16e1642@group-0E0524D27BC6-FollowerState] INFO  server.RaftServerConfigKeys (ConfUtils.java:logGet(46)) - raft.server.leaderelection.pre-vote = false (custom)
2022-11-04 13:17:01,497 [47355ef6-248e-415d-99d1-f00ca16e1642@group-0E0524D27BC6-FollowerState] INFO  impl.RoleInfo (RoleInfo.java:updateAndGet(139)) - 47355ef6-248e-415d-99d1-f00ca16e1642: start 47355ef6-248e-415d-99d1-f00ca16e1642@group-0E0524D27BC6-LeaderElection34
2022-11-04 13:17:01,498 [grpc-default-executor-0] INFO  server.RaftServer$Division (RaftServerImpl.java:requestVote(1218)) - 99050580-db91-402e-a30b-7426b5391f3a@group-0E0524D27BC6: receive requestVote(ELECTION, 18b69636-199d-46b1-a155-faec2a9e6e92, group-0E0524D27BC6, 4, (t:0, i:0))
2022-11-04 13:17:01,498 [grpc-default-executor-0] INFO  impl.VoteContext (VoteContext.java:log(48)) - 99050580-db91-402e-a30b-7426b5391f3a@group-0E0524D27BC6-FOLLOWER: reject ELECTION from 18b69636-199d-46b1-a155-faec2a9e6e92: our priority 1 > candidate's priority 0
2022-11-04 13:17:01,499 [grpc-default-executor-0] INFO  server.RaftServer$Division (RaftServerImpl.java:setRole(321)) - 99050580-db91-402e-a30b-7426b5391f3a@group-0E0524D27BC6: changes role from  FOLLOWER to FOLLOWER at term 4 for candidate:18b69636-199d-46b1-a155-faec2a9e6e92
2022-11-04 13:17:01,499 [grpc-default-executor-0] INFO  impl.RoleInfo (RoleInfo.java:shutdownFollowerState(110)) - 99050580-db91-402e-a30b-7426b5391f3a: shutdown 99050580-db91-402e-a30b-7426b5391f3a@group-0E0524D27BC6-FollowerState
2022-11-04 13:17:01,499 [grpc-default-executor-5] INFO  server.RaftServer$Division (RaftServerImpl.java:requestVote(1218)) - 47355ef6-248e-415d-99d1-f00ca16e1642@group-0E0524D27BC6: receive requestVote(ELECTION, 18b69636-199d-46b1-a155-faec2a9e6e92, group-0E0524D27BC6, 4, (t:0, i:0))
2022-11-04 13:17:01,500 [grpc-default-executor-5] INFO  impl.VoteContext (VoteContext.java:log(48)) - 47355ef6-248e-415d-99d1-f00ca16e1642@group-0E0524D27BC6-CANDIDATE: accept ELECTION from 18b69636-199d-46b1-a155-faec2a9e6e92: our priority 0 <= candidate's priority 0
2022-11-04 13:17:01,500 [grpc-default-executor-5] INFO  server.RaftServer$Division (RaftServerImpl.java:setRole(321)) - 47355ef6-248e-415d-99d1-f00ca16e1642@group-0E0524D27BC6: changes role from CANDIDATE to FOLLOWER at term 4 for candidate:18b69636-199d-46b1-a155-faec2a9e6e92
2022-11-04 13:17:01,500 [grpc-default-executor-5] INFO  impl.RoleInfo (RoleInfo.java:shutdownLeaderElection(130)) - 47355ef6-248e-415d-99d1-f00ca16e1642: shutdown 47355ef6-248e-415d-99d1-f00ca16e1642@group-0E0524D27BC6-LeaderElection34
2022-11-04 13:17:01,500 [grpc-default-executor-5] INFO  impl.RoleInfo (RoleInfo.java:updateAndGet(139)) - 47355ef6-248e-415d-99d1-f00ca16e1642: start 47355ef6-248e-415d-99d1-f00ca16e1642@group-0E0524D27BC6-FollowerState
2022-11-04 13:17:01,500 [47355ef6-248e-415d-99d1-f00ca16e1642@group-0E0524D27BC6-LeaderElection34] INFO  impl.LeaderElection (LeaderElection.java:run(233)) - 47355ef6-248e-415d-99d1-f00ca16e1642@group-0E0524D27BC6-LeaderElection34: skip running since this is already CLOSING
2022-11-04 13:17:01,500 [47355ef6-248e-415d-99d1-f00ca16e1642@group-0E0524D27BC6-FollowerState] INFO  server.RaftServerConfigKeys (ConfUtils.java:logFallback(53)) - raft.server.rpc.first-election.timeout.min = 5s (fallback to raft.server.rpc.timeout.min)
2022-11-04 13:17:01,501 [47355ef6-248e-415d-99d1-f00ca16e1642@group-0E0524D27BC6-FollowerState] INFO  server.RaftServerConfigKeys (ConfUtils.java:logFallback(53)) - raft.server.rpc.first-election.timeout.max = 5200ms (fallback to raft.server.rpc.timeout.max)
2022-11-04 13:17:01,501 [99050580-db91-402e-a30b-7426b5391f3a@group-0E0524D27BC6-FollowerState] INFO  impl.FollowerState (FollowerState.java:run(152)) - 99050580-db91-402e-a30b-7426b5391f3a@group-0E0524D27BC6-FollowerState was interrupted
2022-11-04 13:17:01,501 [grpc-default-executor-0] INFO  impl.RoleInfo (RoleInfo.java:updateAndGet(139)) - 99050580-db91-402e-a30b-7426b5391f3a: start 99050580-db91-402e-a30b-7426b5391f3a@group-0E0524D27BC6-FollowerState
2022-11-04 13:17:01,502 [grpc-default-executor-5] INFO  server.RaftServer$Division (RaftServerImpl.java:requestVote(1251)) - 47355ef6-248e-415d-99d1-f00ca16e1642@group-0E0524D27BC6 replies to ELECTION vote request: 18b69636-199d-46b1-a155-faec2a9e6e92<-47355ef6-248e-415d-99d1-f00ca16e1642#0:OK-t4. Peer's state: 47355ef6-248e-415d-99d1-f00ca16e1642@group-0E0524D27BC6:t4, leader=null, voted=18b69636-199d-46b1-a155-faec2a9e6e92, raftlog=Memoized:47355ef6-248e-415d-99d1-f00ca16e1642@group-0E0524D27BC6-SegmentedRaftLog:OPENED:c-1, conf=-1: peers:[18b69636-199d-46b1-a155-faec2a9e6e92|rpc:10.1.1.104:40753|priority:0|startupRole:FOLLOWER, 47355ef6-248e-415d-99d1-f00ca16e1642|rpc:10.1.1.104:43613|priority:0|startupRole:FOLLOWER, 99050580-db91-402e-a30b-7426b5391f3a|rpc:10.1.1.104:40645|priority:1|startupRole:FOLLOWER]|listeners:[], old=null
2022-11-04 13:17:01,502 [99050580-db91-402e-a30b-7426b5391f3a@group-0E0524D27BC6-FollowerState] INFO  server.RaftServerConfigKeys (ConfUtils.java:logFallback(53)) - raft.server.rpc.first-election.timeout.min = 5s (fallback to raft.server.rpc.timeout.min)
2022-11-04 13:17:01,503 [99050580-db91-402e-a30b-7426b5391f3a@group-0E0524D27BC6-FollowerState] INFO  server.RaftServerConfigKeys (ConfUtils.java:logFallback(53)) - raft.server.rpc.first-election.timeout.max = 5200ms (fallback to raft.server.rpc.timeout.max)
2022-11-04 13:17:01,503 [grpc-default-executor-0] INFO  server.RaftServer$Division (RaftServerImpl.java:requestVote(1251)) - 99050580-db91-402e-a30b-7426b5391f3a@group-0E0524D27BC6 replies to ELECTION vote request: 18b69636-199d-46b1-a155-faec2a9e6e92<-99050580-db91-402e-a30b-7426b5391f3a#0:FAIL-t4. Peer's state: 99050580-db91-402e-a30b-7426b5391f3a@group-0E0524D27BC6:t4, leader=null, voted=null, raftlog=Memoized:99050580-db91-402e-a30b-7426b5391f3a@group-0E0524D27BC6-SegmentedRaftLog:OPENED:c-1, conf=-1: peers:[18b69636-199d-46b1-a155-faec2a9e6e92|rpc:10.1.1.104:40753|dataStream:|priority:0|startupRole:FOLLOWER, 47355ef6-248e-415d-99d1-f00ca16e1642|rpc:10.1.1.104:43613|dataStream:|priority:0|startupRole:FOLLOWER, 99050580-db91-402e-a30b-7426b5391f3a|rpc:10.1.1.104:40645|dataStream:|priority:1|startupRole:FOLLOWER]|listeners:[], old=null
2022-11-04 13:17:01,505 [18b69636-199d-46b1-a155-faec2a9e6e92@group-0E0524D27BC6-LeaderElection33] INFO  impl.LeaderElection (LeaderElection.java:logAndReturn(90)) - 18b69636-199d-46b1-a155-faec2a9e6e92@group-0E0524D27BC6-LeaderElection33: ELECTION REJECTED received 2 response(s) and 0 exception(s):
2022-11-04 13:17:01,505 [18b69636-199d-46b1-a155-faec2a9e6e92@group-0E0524D27BC6-LeaderElection33] INFO  impl.LeaderElection (LeaderElection.java:logAndReturn(94)) -   Response 0: 18b69636-199d-46b1-a155-faec2a9e6e92<-47355ef6-248e-415d-99d1-f00ca16e1642#0:OK-t4
2022-11-04 13:17:01,505 [18b69636-199d-46b1-a155-faec2a9e6e92@group-0E0524D27BC6-LeaderElection33] INFO  impl.LeaderElection (LeaderElection.java:logAndReturn(94)) -   Response 1: 18b69636-199d-46b1-a155-faec2a9e6e92<-99050580-db91-402e-a30b-7426b5391f3a#0:FAIL-t4
2022-11-04 13:17:01,505 [18b69636-199d-46b1-a155-faec2a9e6e92@group-0E0524D27BC6-LeaderElection33] INFO  impl.LeaderElection (LeaderElection.java:askForVotes(314)) - 18b69636-199d-46b1-a155-faec2a9e6e92@group-0E0524D27BC6-LeaderElection33 ELECTION round 0: result REJECTED
2022-11-04 13:17:01,505 [18b69636-199d-46b1-a155-faec2a9e6e92@group-0E0524D27BC6-LeaderElection33] INFO  server.RaftServer$Division (RaftServerImpl.java:setRole(321)) - 18b69636-199d-46b1-a155-faec2a9e6e92@group-0E0524D27BC6: changes role from CANDIDATE to FOLLOWER at term 4 for REJECTED
2022-11-04 13:17:01,505 [18b69636-199d-46b1-a155-faec2a9e6e92@group-0E0524D27BC6-LeaderElection33] INFO  impl.RoleInfo (RoleInfo.java:shutdownLeaderElection(130)) - 18b69636-199d-46b1-a155-faec2a9e6e92: shutdown 18b69636-199d-46b1-a155-faec2a9e6e92@group-0E0524D27BC6-LeaderElection33
2022-11-04 13:17:01,505 [18b69636-199d-46b1-a155-faec2a9e6e92@group-0E0524D27BC6-LeaderElection33] INFO  impl.RoleInfo (RoleInfo.java:updateAndGet(139)) - 18b69636-199d-46b1-a155-faec2a9e6e92: start 18b69636-199d-46b1-a155-faec2a9e6e92@group-0E0524D27BC6-FollowerState
2022-11-04 13:17:01,506 [18b69636-199d-46b1-a155-faec2a9e6e92@group-0E0524D27BC6-FollowerState] INFO  server.RaftServerConfigKeys (ConfUtils.java:logFallback(53)) - raft.server.rpc.first-election.timeout.min = 5s (fallback to raft.server.rpc.timeout.min)
2022-11-04 13:17:01,507 [18b69636-199d-46b1-a155-faec2a9e6e92@group-0E0524D27BC6-FollowerState] INFO  server.RaftServerConfigKeys (ConfUtils.java:logFallback(53)) - raft.server.rpc.first-election.timeout.max = 5200ms (fallback to raft.server.rpc.timeout.max)
2022-11-04 13:17:02,410 [0dd4671e-e5ba-49c8-8afe-be056577c247@group-3134A2B79DBE-FollowerState] INFO  impl.FollowerState (FollowerState.java:run(143)) - 0dd4671e-e5ba-49c8-8afe-be056577c247@group-3134A2B79DBE-FollowerState: change to CANDIDATE, lastRpcElapsedTime:5020036782ns, electionTimeout:5011ms
2022-11-04 13:17:02,410 [0dd4671e-e5ba-49c8-8afe-be056577c247@group-3134A2B79DBE-FollowerState] INFO  impl.RoleInfo (RoleInfo.java:shutdownFollowerState(110)) - 0dd4671e-e5ba-49c8-8afe-be056577c247: shutdown 0dd4671e-e5ba-49c8-8afe-be056577c247@group-3134A2B79DBE-FollowerState
2022-11-04 13:17:02,411 [0dd4671e-e5ba-49c8-8afe-be056577c247@group-3134A2B79DBE-FollowerState] INFO  server.RaftServer$Division (RaftServerImpl.java:setRole(321)) - 0dd4671e-e5ba-49c8-8afe-be056577c247@group-3134A2B79DBE: changes role from  FOLLOWER to CANDIDATE at term 3 for changeToCandidate
2022-11-04 13:17:02,411 [0dd4671e-e5ba-49c8-8afe-be056577c247@group-3134A2B79DBE-FollowerState] INFO  server.RaftServerConfigKeys (ConfUtils.java:logGet(46)) - raft.server.leaderelection.pre-vote = false (custom)
2022-11-04 13:17:02,411 [0dd4671e-e5ba-49c8-8afe-be056577c247@group-3134A2B79DBE-FollowerState] INFO  impl.RoleInfo (RoleInfo.java:updateAndGet(139)) - 0dd4671e-e5ba-49c8-8afe-be056577c247: start 0dd4671e-e5ba-49c8-8afe-be056577c247@group-3134A2B79DBE-LeaderElection35
2022-11-04 13:17:02,417 [0dd4671e-e5ba-49c8-8afe-be056577c247@group-3134A2B79DBE-LeaderElection35] INFO  impl.LeaderElection (LeaderElection.java:askForVotes(312)) - 0dd4671e-e5ba-49c8-8afe-be056577c247@group-3134A2B79DBE-LeaderElection35 ELECTION round 0: submit vote requests at term 4 for -1: peers:[c32434d6-2497-484c-95de-45f9e03d5624|rpc:10.1.1.104:38331|priority:1|startupRole:FOLLOWER, 0dd4671e-e5ba-49c8-8afe-be056577c247|rpc:10.1.1.104:32843|priority:0|startupRole:FOLLOWER, 5b5b9152-5d2c-4522-9940-e93bc8d8546d|rpc:10.1.1.104:42221|priority:0|startupRole:FOLLOWER]|listeners:[], old=null
2022-11-04 13:17:02,417 [0dd4671e-e5ba-49c8-8afe-be056577c247@group-3134A2B79DBE-LeaderElection35] INFO  server.RaftServerConfigKeys (ConfUtils.java:logFallback(53)) - raft.server.rpc.first-election.timeout.min = 5s (fallback to raft.server.rpc.timeout.min)
2022-11-04 13:17:02,417 [0dd4671e-e5ba-49c8-8afe-be056577c247@group-3134A2B79DBE-LeaderElection35] INFO  server.RaftServerConfigKeys (ConfUtils.java:logFallback(53)) - raft.server.rpc.first-election.timeout.max = 5200ms (fallback to raft.server.rpc.timeout.max)
2022-11-04 13:17:02,419 [grpc-default-executor-5] INFO  server.RaftServer$Division (RaftServerImpl.java:requestVote(1218)) - 5b5b9152-5d2c-4522-9940-e93bc8d8546d@group-3134A2B79DBE: receive requestVote(ELECTION, 0dd4671e-e5ba-49c8-8afe-be056577c247, group-3134A2B79DBE, 4, (t:0, i:0))
2022-11-04 13:17:02,419 [grpc-default-executor-5] INFO  impl.VoteContext (VoteContext.java:log(48)) - 5b5b9152-5d2c-4522-9940-e93bc8d8546d@group-3134A2B79DBE-FOLLOWER: accept ELECTION from 0dd4671e-e5ba-49c8-8afe-be056577c247: our priority 0 <= candidate's priority 0
2022-11-04 13:17:02,419 [grpc-default-executor-5] INFO  server.RaftServer$Division (RaftServerImpl.java:setRole(321)) - 5b5b9152-5d2c-4522-9940-e93bc8d8546d@group-3134A2B79DBE: changes role from  FOLLOWER to FOLLOWER at term 4 for candidate:0dd4671e-e5ba-49c8-8afe-be056577c247
2022-11-04 13:17:02,419 [grpc-default-executor-5] INFO  impl.RoleInfo (RoleInfo.java:shutdownFollowerState(110)) - 5b5b9152-5d2c-4522-9940-e93bc8d8546d: shutdown 5b5b9152-5d2c-4522-9940-e93bc8d8546d@group-3134A2B79DBE-FollowerState
2022-11-04 13:17:02,419 [grpc-default-executor-5] INFO  impl.RoleInfo (RoleInfo.java:updateAndGet(139)) - 5b5b9152-5d2c-4522-9940-e93bc8d8546d: start 5b5b9152-5d2c-4522-9940-e93bc8d8546d@group-3134A2B79DBE-FollowerState
2022-11-04 13:17:02,420 [5b5b9152-5d2c-4522-9940-e93bc8d8546d@group-3134A2B79DBE-FollowerState] INFO  impl.FollowerState (FollowerState.java:run(152)) - 5b5b9152-5d2c-4522-9940-e93bc8d8546d@group-3134A2B79DBE-FollowerState was interrupted
2022-11-04 13:17:02,420 [grpc-default-executor-0] INFO  server.RaftServer$Division (RaftServerImpl.java:requestVote(1218)) - c32434d6-2497-484c-95de-45f9e03d5624@group-3134A2B79DBE: receive requestVote(ELECTION, 0dd4671e-e5ba-49c8-8afe-be056577c247, group-3134A2B79DBE, 4, (t:0, i:0))
2022-11-04 13:17:02,420 [grpc-default-executor-0] INFO  impl.VoteContext (VoteContext.java:log(48)) - c32434d6-2497-484c-95de-45f9e03d5624@group-3134A2B79DBE-FOLLOWER: reject ELECTION from 0dd4671e-e5ba-49c8-8afe-be056577c247: our priority 1 > candidate's priority 0
2022-11-04 13:17:02,420 [grpc-default-executor-0] INFO  server.RaftServer$Division (RaftServerImpl.java:setRole(321)) - c32434d6-2497-484c-95de-45f9e03d5624@group-3134A2B79DBE: changes role from  FOLLOWER to FOLLOWER at term 4 for candidate:0dd4671e-e5ba-49c8-8afe-be056577c247
2022-11-04 13:17:02,420 [grpc-default-executor-0] INFO  impl.RoleInfo (RoleInfo.java:shutdownFollowerState(110)) - c32434d6-2497-484c-95de-45f9e03d5624: shutdown c32434d6-2497-484c-95de-45f9e03d5624@group-3134A2B79DBE-FollowerState
2022-11-04 13:17:02,421 [grpc-default-executor-0] INFO  impl.RoleInfo (RoleInfo.java:updateAndGet(139)) - c32434d6-2497-484c-95de-45f9e03d5624: start c32434d6-2497-484c-95de-45f9e03d5624@group-3134A2B79DBE-FollowerState
2022-11-04 13:17:02,421 [c32434d6-2497-484c-95de-45f9e03d5624@group-3134A2B79DBE-FollowerState] INFO  impl.FollowerState (FollowerState.java:run(152)) - c32434d6-2497-484c-95de-45f9e03d5624@group-3134A2B79DBE-FollowerState was interrupted
2022-11-04 13:17:02,421 [c32434d6-2497-484c-95de-45f9e03d5624@group-3134A2B79DBE-FollowerState] INFO  server.RaftServerConfigKeys (ConfUtils.java:logFallback(53)) - raft.server.rpc.first-election.timeout.min = 5s (fallback to raft.server.rpc.timeout.min)
2022-11-04 13:17:02,421 [c32434d6-2497-484c-95de-45f9e03d5624@group-3134A2B79DBE-FollowerState] INFO  server.RaftServerConfigKeys (ConfUtils.java:logFallback(53)) - raft.server.rpc.first-election.timeout.max = 5200ms (fallback to raft.server.rpc.timeout.max)
2022-11-04 13:17:02,420 [5b5b9152-5d2c-4522-9940-e93bc8d8546d@group-3134A2B79DBE-FollowerState] INFO  server.RaftServerConfigKeys (ConfUtils.java:logFallback(53)) - raft.server.rpc.first-election.timeout.min = 5s (fallback to raft.server.rpc.timeout.min)
2022-11-04 13:17:02,422 [5b5b9152-5d2c-4522-9940-e93bc8d8546d@group-3134A2B79DBE-FollowerState] INFO  server.RaftServerConfigKeys (ConfUtils.java:logFallback(53)) - raft.server.rpc.first-election.timeout.max = 5200ms (fallback to raft.server.rpc.timeout.max)
2022-11-04 13:17:02,422 [grpc-default-executor-5] INFO  server.RaftServer$Division (RaftServerImpl.java:requestVote(1251)) - 5b5b9152-5d2c-4522-9940-e93bc8d8546d@group-3134A2B79DBE replies to ELECTION vote request: 0dd4671e-e5ba-49c8-8afe-be056577c247<-5b5b9152-5d2c-4522-9940-e93bc8d8546d#0:OK-t4. Peer's state: 5b5b9152-5d2c-4522-9940-e93bc8d8546d@group-3134A2B79DBE:t4, leader=null, voted=0dd4671e-e5ba-49c8-8afe-be056577c247, raftlog=Memoized:5b5b9152-5d2c-4522-9940-e93bc8d8546d@group-3134A2B79DBE-SegmentedRaftLog:OPENED:c-1, conf=-1: peers:[c32434d6-2497-484c-95de-45f9e03d5624|rpc:10.1.1.104:38331|dataStream:|priority:1|startupRole:FOLLOWER, 0dd4671e-e5ba-49c8-8afe-be056577c247|rpc:10.1.1.104:32843|dataStream:|priority:0|startupRole:FOLLOWER, 5b5b9152-5d2c-4522-9940-e93bc8d8546d|rpc:10.1.1.104:42221|dataStream:|priority:0|startupRole:FOLLOWER]|listeners:[], old=null
2022-11-04 13:17:02,422 [grpc-default-executor-0] INFO  server.RaftServer$Division (RaftServerImpl.java:requestVote(1251)) - c32434d6-2497-484c-95de-45f9e03d5624@group-3134A2B79DBE replies to ELECTION vote request: 0dd4671e-e5ba-49c8-8afe-be056577c247<-c32434d6-2497-484c-95de-45f9e03d5624#0:FAIL-t4. Peer's state: c32434d6-2497-484c-95de-45f9e03d5624@group-3134A2B79DBE:t4, leader=null, voted=null, raftlog=Memoized:c32434d6-2497-484c-95de-45f9e03d5624@group-3134A2B79DBE-SegmentedRaftLog:OPENED:c-1, conf=-1: peers:[c32434d6-2497-484c-95de-45f9e03d5624|rpc:10.1.1.104:38331|dataStream:|priority:1|startupRole:FOLLOWER, 0dd4671e-e5ba-49c8-8afe-be056577c247|rpc:10.1.1.104:32843|dataStream:|priority:0|startupRole:FOLLOWER, 5b5b9152-5d2c-4522-9940-e93bc8d8546d|rpc:10.1.1.104:42221|dataStream:|priority:0|startupRole:FOLLOWER]|listeners:[], old=null
2022-11-04 13:17:02,424 [0dd4671e-e5ba-49c8-8afe-be056577c247@group-3134A2B79DBE-LeaderElection35] INFO  impl.LeaderElection (LeaderElection.java:logAndReturn(90)) - 0dd4671e-e5ba-49c8-8afe-be056577c247@group-3134A2B79DBE-LeaderElection35: ELECTION REJECTED received 2 response(s) and 0 exception(s):
2022-11-04 13:17:02,424 [0dd4671e-e5ba-49c8-8afe-be056577c247@group-3134A2B79DBE-LeaderElection35] INFO  impl.LeaderElection (LeaderElection.java:logAndReturn(94)) -   Response 0: 0dd4671e-e5ba-49c8-8afe-be056577c247<-c32434d6-2497-484c-95de-45f9e03d5624#0:FAIL-t4
2022-11-04 13:17:02,424 [0dd4671e-e5ba-49c8-8afe-be056577c247@group-3134A2B79DBE-LeaderElection35] INFO  impl.LeaderElection (LeaderElection.java:logAndReturn(94)) -   Response 1: 0dd4671e-e5ba-49c8-8afe-be056577c247<-5b5b9152-5d2c-4522-9940-e93bc8d8546d#0:OK-t4
2022-11-04 13:17:02,424 [0dd4671e-e5ba-49c8-8afe-be056577c247@group-3134A2B79DBE-LeaderElection35] INFO  impl.LeaderElection (LeaderElection.java:askForVotes(314)) - 0dd4671e-e5ba-49c8-8afe-be056577c247@group-3134A2B79DBE-LeaderElection35 ELECTION round 0: result REJECTED
2022-11-04 13:17:02,424 [0dd4671e-e5ba-49c8-8afe-be056577c247@group-3134A2B79DBE-LeaderElection35] INFO  server.RaftServer$Division (RaftServerImpl.java:setRole(321)) - 0dd4671e-e5ba-49c8-8afe-be056577c247@group-3134A2B79DBE: changes role from CANDIDATE to FOLLOWER at term 4 for REJECTED
2022-11-04 13:17:02,424 [0dd4671e-e5ba-49c8-8afe-be056577c247@group-3134A2B79DBE-LeaderElection35] INFO  impl.RoleInfo (RoleInfo.java:shutdownLeaderElection(130)) - 0dd4671e-e5ba-49c8-8afe-be056577c247: shutdown 0dd4671e-e5ba-49c8-8afe-be056577c247@group-3134A2B79DBE-LeaderElection35
2022-11-04 13:17:02,424 [0dd4671e-e5ba-49c8-8afe-be056577c247@group-3134A2B79DBE-LeaderElection35] INFO  impl.RoleInfo (RoleInfo.java:updateAndGet(139)) - 0dd4671e-e5ba-49c8-8afe-be056577c247: start 0dd4671e-e5ba-49c8-8afe-be056577c247@group-3134A2B79DBE-FollowerState
2022-11-04 13:17:02,424 [0dd4671e-e5ba-49c8-8afe-be056577c247@group-3134A2B79DBE-FollowerState] INFO  server.RaftServerConfigKeys (ConfUtils.java:logFallback(53)) - raft.server.rpc.first-election.timeout.min = 5s (fallback to raft.server.rpc.timeout.min)
2022-11-04 13:17:02,424 [0dd4671e-e5ba-49c8-8afe-be056577c247@group-3134A2B79DBE-FollowerState] INFO  server.RaftServerConfigKeys (ConfUtils.java:logFallback(53)) - raft.server.rpc.first-election.timeout.max = 5200ms (fallback to raft.server.rpc.timeout.max)
2022-11-04 13:17:06,571 [47355ef6-248e-415d-99d1-f00ca16e1642@group-0E0524D27BC6-FollowerState] INFO  server.RaftServerConfigKeys (ConfUtils.java:logFallback(53)) - raft.server.rpc.first-election.timeout.min = 5s (fallback to raft.server.rpc.timeout.min)
2022-11-04 13:17:06,571 [47355ef6-248e-415d-99d1-f00ca16e1642@group-0E0524D27BC6-FollowerState] INFO  server.RaftServerConfigKeys (ConfUtils.java:logFallback(53)) - raft.server.rpc.first-election.timeout.max = 5200ms (fallback to raft.server.rpc.timeout.max)
2022-11-04 13:17:06,667 [99050580-db91-402e-a30b-7426b5391f3a@group-0E0524D27BC6-FollowerState] INFO  impl.FollowerState (FollowerState.java:run(143)) - 99050580-db91-402e-a30b-7426b5391f3a@group-0E0524D27BC6-FollowerState: change to CANDIDATE, lastRpcElapsedTime:5165853751ns, electionTimeout:5164ms
2022-11-04 13:17:06,667 [99050580-db91-402e-a30b-7426b5391f3a@group-0E0524D27BC6-FollowerState] INFO  impl.RoleInfo (RoleInfo.java:shutdownFollowerState(110)) - 99050580-db91-402e-a30b-7426b5391f3a: shutdown 99050580-db91-402e-a30b-7426b5391f3a@group-0E0524D27BC6-FollowerState
2022-11-04 13:17:06,667 [99050580-db91-402e-a30b-7426b5391f3a@group-0E0524D27BC6-FollowerState] INFO  server.RaftServer$Division (RaftServerImpl.java:setRole(321)) - 99050580-db91-402e-a30b-7426b5391f3a@group-0E0524D27BC6: changes role from  FOLLOWER to CANDIDATE at term 4 for changeToCandidate
2022-11-04 13:17:06,667 [99050580-db91-402e-a30b-7426b5391f3a@group-0E0524D27BC6-FollowerState] INFO  server.RaftServerConfigKeys (ConfUtils.java:logGet(46)) - raft.server.leaderelection.pre-vote = false (custom)
2022-11-04 13:17:06,667 [99050580-db91-402e-a30b-7426b5391f3a@group-0E0524D27BC6-FollowerState] INFO  impl.RoleInfo (RoleInfo.java:updateAndGet(139)) - 99050580-db91-402e-a30b-7426b5391f3a: start 99050580-db91-402e-a30b-7426b5391f3a@group-0E0524D27BC6-LeaderElection36
2022-11-04 13:17:06,672 [99050580-db91-402e-a30b-7426b5391f3a@group-0E0524D27BC6-LeaderElection36] INFO  impl.LeaderElection (LeaderElection.java:askForVotes(312)) - 99050580-db91-402e-a30b-7426b5391f3a@group-0E0524D27BC6-LeaderElection36 ELECTION round 0: submit vote requests at term 5 for -1: peers:[18b69636-199d-46b1-a155-faec2a9e6e92|rpc:10.1.1.104:40753|dataStream:|priority:0|startupRole:FOLLOWER, 47355ef6-248e-415d-99d1-f00ca16e1642|rpc:10.1.1.104:43613|dataStream:|priority:0|startupRole:FOLLOWER, 99050580-db91-402e-a30b-7426b5391f3a|rpc:10.1.1.104:40645|dataStream:|priority:1|startupRole:FOLLOWER]|listeners:[], old=null
2022-11-04 13:17:06,672 [99050580-db91-402e-a30b-7426b5391f3a@group-0E0524D27BC6-LeaderElection36] INFO  server.RaftServerConfigKeys (ConfUtils.java:logFallback(53)) - raft.server.rpc.first-election.timeout.min = 5s (fallback to raft.server.rpc.timeout.min)
2022-11-04 13:17:06,672 [99050580-db91-402e-a30b-7426b5391f3a@group-0E0524D27BC6-LeaderElection36] INFO  server.RaftServerConfigKeys (ConfUtils.java:logFallback(53)) - raft.server.rpc.first-election.timeout.max = 5200ms (fallback to raft.server.rpc.timeout.max)
2022-11-04 13:17:06,675 [grpc-default-executor-5] INFO  server.RaftServer$Division (RaftServerImpl.java:requestVote(1218)) - 47355ef6-248e-415d-99d1-f00ca16e1642@group-0E0524D27BC6: receive requestVote(ELECTION, 99050580-db91-402e-a30b-7426b5391f3a, group-0E0524D27BC6, 5, (t:0, i:0))
2022-11-04 13:17:06,675 [grpc-default-executor-5] INFO  impl.VoteContext (VoteContext.java:log(48)) - 47355ef6-248e-415d-99d1-f00ca16e1642@group-0E0524D27BC6-FOLLOWER: accept ELECTION from 99050580-db91-402e-a30b-7426b5391f3a: our priority 0 <= candidate's priority 1
2022-11-04 13:17:06,675 [grpc-default-executor-5] INFO  server.RaftServer$Division (RaftServerImpl.java:setRole(321)) - 47355ef6-248e-415d-99d1-f00ca16e1642@group-0E0524D27BC6: changes role from  FOLLOWER to FOLLOWER at term 5 for candidate:99050580-db91-402e-a30b-7426b5391f3a
2022-11-04 13:17:06,675 [grpc-default-executor-5] INFO  impl.RoleInfo (RoleInfo.java:shutdownFollowerState(110)) - 47355ef6-248e-415d-99d1-f00ca16e1642: shutdown 47355ef6-248e-415d-99d1-f00ca16e1642@group-0E0524D27BC6-FollowerState
2022-11-04 13:17:06,675 [grpc-default-executor-5] INFO  impl.RoleInfo (RoleInfo.java:updateAndGet(139)) - 47355ef6-248e-415d-99d1-f00ca16e1642: start 47355ef6-248e-415d-99d1-f00ca16e1642@group-0E0524D27BC6-FollowerState
2022-11-04 13:17:06,675 [47355ef6-248e-415d-99d1-f00ca16e1642@group-0E0524D27BC6-FollowerState] INFO  impl.FollowerState (FollowerState.java:run(152)) - 47355ef6-248e-415d-99d1-f00ca16e1642@group-0E0524D27BC6-FollowerState was interrupted
2022-11-04 13:17:06,675 [grpc-default-executor-0] INFO  server.RaftServer$Division (RaftServerImpl.java:requestVote(1218)) - 18b69636-199d-46b1-a155-faec2a9e6e92@group-0E0524D27BC6: receive requestVote(ELECTION, 99050580-db91-402e-a30b-7426b5391f3a, group-0E0524D27BC6, 5, (t:0, i:0))
2022-11-04 13:17:06,676 [grpc-default-executor-0] INFO  impl.VoteContext (VoteContext.java:log(48)) - 18b69636-199d-46b1-a155-faec2a9e6e92@group-0E0524D27BC6-FOLLOWER: accept ELECTION from 99050580-db91-402e-a30b-7426b5391f3a: our priority 0 <= candidate's priority 1
2022-11-04 13:17:06,676 [grpc-default-executor-0] INFO  server.RaftServer$Division (RaftServerImpl.java:setRole(321)) - 18b69636-199d-46b1-a155-faec2a9e6e92@group-0E0524D27BC6: changes role from  FOLLOWER to FOLLOWER at term 5 for candidate:99050580-db91-402e-a30b-7426b5391f3a
2022-11-04 13:17:06,676 [grpc-default-executor-0] INFO  impl.RoleInfo (RoleInfo.java:shutdownFollowerState(110)) - 18b69636-199d-46b1-a155-faec2a9e6e92: shutdown 18b69636-199d-46b1-a155-faec2a9e6e92@group-0E0524D27BC6-FollowerState
2022-11-04 13:17:06,676 [grpc-default-executor-0] INFO  impl.RoleInfo (RoleInfo.java:updateAndGet(139)) - 18b69636-199d-46b1-a155-faec2a9e6e92: start 18b69636-199d-46b1-a155-faec2a9e6e92@group-0E0524D27BC6-FollowerState
2022-11-04 13:17:06,676 [18b69636-199d-46b1-a155-faec2a9e6e92@group-0E0524D27BC6-FollowerState] INFO  impl.FollowerState (FollowerState.java:run(152)) - 18b69636-199d-46b1-a155-faec2a9e6e92@group-0E0524D27BC6-FollowerState was interrupted
2022-11-04 13:17:06,676 [47355ef6-248e-415d-99d1-f00ca16e1642@group-0E0524D27BC6-FollowerState] INFO  server.RaftServerConfigKeys (ConfUtils.java:logFallback(53)) - raft.server.rpc.first-election.timeout.min = 5s (fallback to raft.server.rpc.timeout.min)
2022-11-04 13:17:06,678 [grpc-default-executor-5] INFO  server.RaftServer$Division (RaftServerImpl.java:requestVote(1251)) - 47355ef6-248e-415d-99d1-f00ca16e1642@group-0E0524D27BC6 replies to ELECTION vote request: 99050580-db91-402e-a30b-7426b5391f3a<-47355ef6-248e-415d-99d1-f00ca16e1642#0:OK-t5. Peer's state: 47355ef6-248e-415d-99d1-f00ca16e1642@group-0E0524D27BC6:t5, leader=null, voted=99050580-db91-402e-a30b-7426b5391f3a, raftlog=Memoized:47355ef6-248e-415d-99d1-f00ca16e1642@group-0E0524D27BC6-SegmentedRaftLog:OPENED:c-1, conf=-1: peers:[18b69636-199d-46b1-a155-faec2a9e6e92|rpc:10.1.1.104:40753|priority:0|startupRole:FOLLOWER, 47355ef6-248e-415d-99d1-f00ca16e1642|rpc:10.1.1.104:43613|priority:0|startupRole:FOLLOWER, 99050580-db91-402e-a30b-7426b5391f3a|rpc:10.1.1.104:40645|priority:1|startupRole:FOLLOWER]|listeners:[], old=null
2022-11-04 13:17:06,677 [grpc-default-executor-0] INFO  server.RaftServer$Division (RaftServerImpl.java:requestVote(1251)) - 18b69636-199d-46b1-a155-faec2a9e6e92@group-0E0524D27BC6 replies to ELECTION vote request: 99050580-db91-402e-a30b-7426b5391f3a<-18b69636-199d-46b1-a155-faec2a9e6e92#0:OK-t5. Peer's state: 18b69636-199d-46b1-a155-faec2a9e6e92@group-0E0524D27BC6:t5, leader=null, voted=99050580-db91-402e-a30b-7426b5391f3a, raftlog=Memoized:18b69636-199d-46b1-a155-faec2a9e6e92@group-0E0524D27BC6-SegmentedRaftLog:OPENED:c-1, conf=-1: peers:[18b69636-199d-46b1-a155-faec2a9e6e92|rpc:10.1.1.104:40753|priority:0|startupRole:FOLLOWER, 47355ef6-248e-415d-99d1-f00ca16e1642|rpc:10.1.1.104:43613|priority:0|startupRole:FOLLOWER, 99050580-db91-402e-a30b-7426b5391f3a|rpc:10.1.1.104:40645|priority:1|startupRole:FOLLOWER]|listeners:[], old=null
2022-11-04 13:17:06,677 [18b69636-199d-46b1-a155-faec2a9e6e92@group-0E0524D27BC6-FollowerState] INFO  server.RaftServerConfigKeys (ConfUtils.java:logFallback(53)) - raft.server.rpc.first-election.timeout.min = 5s (fallback to raft.server.rpc.timeout.min)
2022-11-04 13:17:06,678 [18b69636-199d-46b1-a155-faec2a9e6e92@group-0E0524D27BC6-FollowerState] INFO  server.RaftServerConfigKeys (ConfUtils.java:logFallback(53)) - raft.server.rpc.first-election.timeout.max = 5200ms (fallback to raft.server.rpc.timeout.max)
2022-11-04 13:17:06,679 [99050580-db91-402e-a30b-7426b5391f3a@group-0E0524D27BC6-LeaderElection36] INFO  impl.LeaderElection (LeaderElection.java:logAndReturn(90)) - 99050580-db91-402e-a30b-7426b5391f3a@group-0E0524D27BC6-LeaderElection36: ELECTION PASSED received 1 response(s) and 0 exception(s):
2022-11-04 13:17:06,679 [99050580-db91-402e-a30b-7426b5391f3a@group-0E0524D27BC6-LeaderElection36] INFO  impl.LeaderElection (LeaderElection.java:logAndReturn(94)) -   Response 0: 99050580-db91-402e-a30b-7426b5391f3a<-47355ef6-248e-415d-99d1-f00ca16e1642#0:OK-t5
2022-11-04 13:17:06,679 [99050580-db91-402e-a30b-7426b5391f3a@group-0E0524D27BC6-LeaderElection36] INFO  impl.LeaderElection (LeaderElection.java:askForVotes(314)) - 99050580-db91-402e-a30b-7426b5391f3a@group-0E0524D27BC6-LeaderElection36 ELECTION round 0: result PASSED
2022-11-04 13:17:06,679 [99050580-db91-402e-a30b-7426b5391f3a@group-0E0524D27BC6-LeaderElection36] INFO  impl.RoleInfo (RoleInfo.java:shutdownLeaderElection(130)) - 99050580-db91-402e-a30b-7426b5391f3a: shutdown 99050580-db91-402e-a30b-7426b5391f3a@group-0E0524D27BC6-LeaderElection36
2022-11-04 13:17:06,679 [99050580-db91-402e-a30b-7426b5391f3a@group-0E0524D27BC6-LeaderElection36] INFO  server.RaftServer$Division (RaftServerImpl.java:setRole(321)) - 99050580-db91-402e-a30b-7426b5391f3a@group-0E0524D27BC6: changes role from CANDIDATE to LEADER at term 5 for changeToLeader
2022-11-04 13:17:06,679 [99050580-db91-402e-a30b-7426b5391f3a@group-0E0524D27BC6-LeaderElection36] INFO  ratis.XceiverServerRatis (XceiverServerRatis.java:handleLeaderChangedNotification(863)) - Leader change notification received for group: group-0E0524D27BC6 with new leaderId: 99050580-db91-402e-a30b-7426b5391f3a
2022-11-04 13:17:06,679 [99050580-db91-402e-a30b-7426b5391f3a@group-0E0524D27BC6-LeaderElection36] INFO  server.RaftServer$Division (ServerState.java:setLeader(313)) - 99050580-db91-402e-a30b-7426b5391f3a@group-0E0524D27BC6: change Leader from null to 99050580-db91-402e-a30b-7426b5391f3a at term 5 for becomeLeader, leader elected after 25461ms
2022-11-04 13:17:06,679 [99050580-db91-402e-a30b-7426b5391f3a@group-0E0524D27BC6-LeaderElection36] INFO  server.RaftServerConfigKeys (ConfUtils.java:logGet(46)) - raft.server.staging.catchup.gap = 1000 (default)
2022-11-04 13:17:06,680 [99050580-db91-402e-a30b-7426b5391f3a@group-0E0524D27BC6-LeaderElection36] INFO  server.RaftServerConfigKeys (ConfUtils.java:logGet(46)) - raft.server.write.element-limit = 1024 (custom)
2022-11-04 13:17:06,680 [99050580-db91-402e-a30b-7426b5391f3a@group-0E0524D27BC6-LeaderElection36] INFO  server.RaftServerConfigKeys (ConfUtils.java:logGet(46)) - raft.server.write.byte-limit = 1024 M (=1073741824) (custom)
2022-11-04 13:17:06,680 [99050580-db91-402e-a30b-7426b5391f3a@group-0E0524D27BC6-LeaderElection36] INFO  server.RaftServerConfigKeys (ConfUtils.java:logGet(46)) - raft.server.watch.timeout = 180s (custom)
2022-11-04 13:17:06,680 [99050580-db91-402e-a30b-7426b5391f3a@group-0E0524D27BC6-LeaderElection36] INFO  server.RaftServerConfigKeys (ConfUtils.java:logGet(46)) - raft.server.watch.timeout.denomination = 1s (default)
2022-11-04 13:17:06,680 [99050580-db91-402e-a30b-7426b5391f3a@group-0E0524D27BC6-LeaderElection36] INFO  server.RaftServerConfigKeys (ConfUtils.java:logGet(46)) - raft.server.watch.element-limit = 65536 (default)
2022-11-04 13:17:06,680 [99050580-db91-402e-a30b-7426b5391f3a@group-0E0524D27BC6-LeaderElection36] INFO  server.RaftServerConfigKeys (ConfUtils.java:logGet(46)) - raft.server.write.element-limit = 1024 (custom)
2022-11-04 13:17:06,680 [99050580-db91-402e-a30b-7426b5391f3a@group-0E0524D27BC6-LeaderElection36] INFO  server.RaftServerConfigKeys (ConfUtils.java:logGet(46)) - raft.server.write.follower.gap.ratio.max = -1.0 (default)
2022-11-04 13:17:06,681 [99050580-db91-402e-a30b-7426b5391f3a@group-0E0524D27BC6-LeaderElection36] INFO  server.RaftServerConfigKeys (ConfUtils.java:logGet(46)) - raft.server.log.appender.snapshot.chunk.size.max = 16MB (=16777216) (default)
2022-11-04 13:17:06,681 [99050580-db91-402e-a30b-7426b5391f3a@group-0E0524D27BC6-LeaderElection36] INFO  server.RaftServerConfigKeys (ConfUtils.java:logGet(46)) - raft.server.log.appender.buffer.byte-limit = 33554432 (custom)
2022-11-04 13:17:06,681 [99050580-db91-402e-a30b-7426b5391f3a@group-0E0524D27BC6-LeaderElection36] INFO  server.RaftServerConfigKeys (ConfUtils.java:logGet(46)) - raft.server.log.appender.buffer.element-limit = 1 (custom)
2022-11-04 13:17:06,681 [99050580-db91-402e-a30b-7426b5391f3a@group-0E0524D27BC6-LeaderElection36] INFO  grpc.GrpcConfigKeys (ConfUtils.java:logGet(46)) - raft.grpc.server.leader.outstanding.appends.max = 128 (default)
2022-11-04 13:17:06,681 [99050580-db91-402e-a30b-7426b5391f3a@group-0E0524D27BC6-LeaderElection36] INFO  server.RaftServerConfigKeys (ConfUtils.java:logGet(46)) - raft.server.rpc.request.timeout = 60s (custom)
2022-11-04 13:17:06,681 [99050580-db91-402e-a30b-7426b5391f3a@group-0E0524D27BC6-LeaderElection36] INFO  server.RaftServerConfigKeys (ConfUtils.java:logGet(46)) - raft.server.log.appender.install.snapshot.enabled = false (custom)
2022-11-04 13:17:06,681 [99050580-db91-402e-a30b-7426b5391f3a@group-0E0524D27BC6-LeaderElection36] INFO  grpc.GrpcConfigKeys (ConfUtils.java:logGet(46)) - raft.grpc.server.heartbeat.channel = true (default)
2022-11-04 13:17:06,681 [99050580-db91-402e-a30b-7426b5391f3a@group-0E0524D27BC6-LeaderElection36] INFO  server.RaftServerConfigKeys (ConfUtils.java:logGet(46)) - raft.server.log.appender.wait-time.min = 10ms (default)
2022-11-04 13:17:06,681 [99050580-db91-402e-a30b-7426b5391f3a@group-0E0524D27BC6-LeaderElection36] INFO  server.RaftServerConfigKeys (ConfUtils.java:logGet(46)) - raft.server.log.appender.snapshot.chunk.size.max = 16MB (=16777216) (default)
2022-11-04 13:17:06,682 [99050580-db91-402e-a30b-7426b5391f3a@group-0E0524D27BC6-LeaderElection36] INFO  server.RaftServerConfigKeys (ConfUtils.java:logGet(46)) - raft.server.log.appender.buffer.byte-limit = 33554432 (custom)
2022-11-04 13:17:06,682 [99050580-db91-402e-a30b-7426b5391f3a@group-0E0524D27BC6-LeaderElection36] INFO  server.RaftServerConfigKeys (ConfUtils.java:logGet(46)) - raft.server.log.appender.buffer.element-limit = 1 (custom)
2022-11-04 13:17:06,682 [99050580-db91-402e-a30b-7426b5391f3a@group-0E0524D27BC6-LeaderElection36] INFO  grpc.GrpcConfigKeys (ConfUtils.java:logGet(46)) - raft.grpc.server.leader.outstanding.appends.max = 128 (default)
2022-11-04 13:17:06,682 [99050580-db91-402e-a30b-7426b5391f3a@group-0E0524D27BC6-LeaderElection36] INFO  server.RaftServerConfigKeys (ConfUtils.java:logGet(46)) - raft.server.rpc.request.timeout = 60s (custom)
2022-11-04 13:17:06,682 [99050580-db91-402e-a30b-7426b5391f3a@group-0E0524D27BC6-LeaderElection36] INFO  server.RaftServerConfigKeys (ConfUtils.java:logGet(46)) - raft.server.log.appender.install.snapshot.enabled = false (custom)
2022-11-04 13:17:06,682 [99050580-db91-402e-a30b-7426b5391f3a@group-0E0524D27BC6-LeaderElection36] INFO  grpc.GrpcConfigKeys (ConfUtils.java:logGet(46)) - raft.grpc.server.heartbeat.channel = true (default)
2022-11-04 13:17:06,682 [99050580-db91-402e-a30b-7426b5391f3a@group-0E0524D27BC6-LeaderElection36] INFO  server.RaftServerConfigKeys (ConfUtils.java:logGet(46)) - raft.server.log.appender.wait-time.min = 10ms (default)
2022-11-04 13:17:06,682 [99050580-db91-402e-a30b-7426b5391f3a@group-0E0524D27BC6-LeaderElection36] INFO  impl.RoleInfo (RoleInfo.java:updateAndGet(139)) - 99050580-db91-402e-a30b-7426b5391f3a: start 99050580-db91-402e-a30b-7426b5391f3a@group-0E0524D27BC6-LeaderStateImpl
2022-11-04 13:17:06,682 [99050580-db91-402e-a30b-7426b5391f3a@group-0E0524D27BC6-LeaderElection36] INFO  segmented.SegmentedRaftLogWorker (SegmentedRaftLogWorker.java:startLogSegment(452)) - 99050580-db91-402e-a30b-7426b5391f3a@group-0E0524D27BC6-SegmentedRaftLogWorker: Starting segment from index:0
2022-11-04 13:17:06,683 [EventQueue-PipelineReportForPipelineReportHandler] INFO  pipeline.PipelineManagerImpl (PipelineManagerImpl.java:openPipeline(367)) - Pipeline Pipeline[ Id: 4c486c42-032a-47d2-86a7-0e0524d27bc6, Nodes: 18b69636-199d-46b1-a155-faec2a9e6e92{ip: 10.1.1.104, host: fv-az443-313.ap2fcshprsnunfx25e1aelzb4b.cx.internal.cloudapp.net, ports: [REPLICATION=33747, RATIS=40753, RATIS_ADMIN=40753, RATIS_SERVER=40753, STANDALONE=36937], networkLocation: /default-rack, certSerialId: null, persistedOpState: IN_SERVICE, persistedOpStateExpiryEpochSec: 0}99050580-db91-402e-a30b-7426b5391f3a{ip: 10.1.1.104, host: fv-az443-313.ap2fcshprsnunfx25e1aelzb4b.cx.internal.cloudapp.net, ports: [REPLICATION=35487, RATIS=40645, RATIS_ADMIN=40645, RATIS_SERVER=40645, STANDALONE=45217], networkLocation: /default-rack, certSerialId: null, persistedOpState: IN_SERVICE, persistedOpStateExpiryEpochSec: 0}47355ef6-248e-415d-99d1-f00ca16e1642{ip: 10.1.1.104, host: fv-az443-313.ap2fcshprsnunfx25e1aelzb4b.cx.internal.cloudapp.net, ports: [REPLICATION=45467, RATIS=43613, RATIS_ADMIN=43613, RATIS_SERVER=43613, STANDALONE=35029], networkLocation: /default-rack, certSerialId: null, persistedOpState: IN_SERVICE, persistedOpStateExpiryEpochSec: 0}, ReplicationConfig: RATIS/THREE, State:ALLOCATED, leaderId:99050580-db91-402e-a30b-7426b5391f3a, CreationTimestamp2022-11-04T13:16:38.500Z[Etc/UTC]] moved to OPEN state
2022-11-04 13:17:06,684 [99050580-db91-402e-a30b-7426b5391f3a@group-0E0524D27BC6-SegmentedRaftLogWorker] INFO  segmented.SegmentedRaftLogWorker (SegmentedRaftLogWorker.java:execute(656)) - 99050580-db91-402e-a30b-7426b5391f3a@group-0E0524D27BC6-SegmentedRaftLogWorker: created new log segment /home/runner/work/ozone/ozone/hadoop-ozone/integration-test/target/test-dir/MiniOzoneClusterImpl-0c0bfa66-1f5b-4f11-9fe6-cbebe0503434/datanode-5/data/ratis/4c486c42-032a-47d2-86a7-0e0524d27bc6/current/log_inprogress_0
2022-11-04 13:17:06,678 [47355ef6-248e-415d-99d1-f00ca16e1642@group-0E0524D27BC6-FollowerState] INFO  server.RaftServerConfigKeys (ConfUtils.java:logFallback(53)) - raft.server.rpc.first-election.timeout.max = 5200ms (fallback to raft.server.rpc.timeout.max)
2022-11-04 13:17:06,688 [99050580-db91-402e-a30b-7426b5391f3a@group-0E0524D27BC6-LeaderElection36] INFO  server.RaftServer$Division (ServerState.java:setRaftConf(430)) - 99050580-db91-402e-a30b-7426b5391f3a@group-0E0524D27BC6: set configuration 0: peers:[18b69636-199d-46b1-a155-faec2a9e6e92|rpc:10.1.1.104:40753|dataStream:|priority:0|startupRole:FOLLOWER, 47355ef6-248e-415d-99d1-f00ca16e1642|rpc:10.1.1.104:43613|dataStream:|priority:0|startupRole:FOLLOWER, 99050580-db91-402e-a30b-7426b5391f3a|rpc:10.1.1.104:40645|dataStream:|priority:1|startupRole:FOLLOWER]|listeners:[], old=null
2022-11-04 13:17:06,694 [18b69636-199d-46b1-a155-faec2a9e6e92-server-thread1] INFO  ratis.XceiverServerRatis (XceiverServerRatis.java:handleLeaderChangedNotification(863)) - Leader change notification received for group: group-0E0524D27BC6 with new leaderId: 99050580-db91-402e-a30b-7426b5391f3a
2022-11-04 13:17:06,694 [18b69636-199d-46b1-a155-faec2a9e6e92-server-thread1] INFO  server.RaftServer$Division (ServerState.java:setLeader(313)) - 18b69636-199d-46b1-a155-faec2a9e6e92@group-0E0524D27BC6: change Leader from null to 99050580-db91-402e-a30b-7426b5391f3a at term 5 for appendEntries, leader elected after 25530ms
2022-11-04 13:17:06,701 [18b69636-199d-46b1-a155-faec2a9e6e92-server-thread2] INFO  server.RaftServer$Division (ServerState.java:setRaftConf(430)) - 18b69636-199d-46b1-a155-faec2a9e6e92@group-0E0524D27BC6: set configuration 0: peers:[18b69636-199d-46b1-a155-faec2a9e6e92|rpc:10.1.1.104:40753|dataStream:|priority:0|startupRole:FOLLOWER, 47355ef6-248e-415d-99d1-f00ca16e1642|rpc:10.1.1.104:43613|dataStream:|priority:0|startupRole:FOLLOWER, 99050580-db91-402e-a30b-7426b5391f3a|rpc:10.1.1.104:40645|dataStream:|priority:1|startupRole:FOLLOWER]|listeners:[], old=null
2022-11-04 13:17:06,701 [18b69636-199d-46b1-a155-faec2a9e6e92-server-thread2] INFO  segmented.SegmentedRaftLogWorker (SegmentedRaftLogWorker.java:startLogSegment(452)) - 18b69636-199d-46b1-a155-faec2a9e6e92@group-0E0524D27BC6-SegmentedRaftLogWorker: Starting segment from index:0
2022-11-04 13:17:06,703 [18b69636-199d-46b1-a155-faec2a9e6e92@group-0E0524D27BC6-SegmentedRaftLogWorker] INFO  segmented.SegmentedRaftLogWorker (SegmentedRaftLogWorker.java:execute(656)) - 18b69636-199d-46b1-a155-faec2a9e6e92@group-0E0524D27BC6-SegmentedRaftLogWorker: created new log segment /home/runner/work/ozone/ozone/hadoop-ozone/integration-test/target/test-dir/MiniOzoneClusterImpl-0c0bfa66-1f5b-4f11-9fe6-cbebe0503434/datanode-3/data/ratis/4c486c42-032a-47d2-86a7-0e0524d27bc6/current/log_inprogress_0
2022-11-04 13:17:06,704 [47355ef6-248e-415d-99d1-f00ca16e1642-server-thread1] INFO  ratis.XceiverServerRatis (XceiverServerRatis.java:handleLeaderChangedNotification(863)) - Leader change notification received for group: group-0E0524D27BC6 with new leaderId: 99050580-db91-402e-a30b-7426b5391f3a
2022-11-04 13:17:06,704 [47355ef6-248e-415d-99d1-f00ca16e1642-server-thread1] INFO  server.RaftServer$Division (ServerState.java:setLeader(313)) - 47355ef6-248e-415d-99d1-f00ca16e1642@group-0E0524D27BC6: change Leader from null to 99050580-db91-402e-a30b-7426b5391f3a at term 5 for appendEntries, leader elected after 25481ms
2022-11-04 13:17:06,706 [47355ef6-248e-415d-99d1-f00ca16e1642-server-thread2] INFO  server.RaftServer$Division (ServerState.java:setRaftConf(430)) - 47355ef6-248e-415d-99d1-f00ca16e1642@group-0E0524D27BC6: set configuration 0: peers:[18b69636-199d-46b1-a155-faec2a9e6e92|rpc:10.1.1.104:40753|dataStream:|priority:0|startupRole:FOLLOWER, 47355ef6-248e-415d-99d1-f00ca16e1642|rpc:10.1.1.104:43613|dataStream:|priority:0|startupRole:FOLLOWER, 99050580-db91-402e-a30b-7426b5391f3a|rpc:10.1.1.104:40645|dataStream:|priority:1|startupRole:FOLLOWER]|listeners:[], old=null
2022-11-04 13:17:06,706 [47355ef6-248e-415d-99d1-f00ca16e1642-server-thread2] INFO  segmented.SegmentedRaftLogWorker (SegmentedRaftLogWorker.java:startLogSegment(452)) - 47355ef6-248e-415d-99d1-f00ca16e1642@group-0E0524D27BC6-SegmentedRaftLogWorker: Starting segment from index:0
2022-11-04 13:17:06,707 [47355ef6-248e-415d-99d1-f00ca16e1642@group-0E0524D27BC6-SegmentedRaftLogWorker] INFO  segmented.SegmentedRaftLogWorker (SegmentedRaftLogWorker.java:execute(656)) - 47355ef6-248e-415d-99d1-f00ca16e1642@group-0E0524D27BC6-SegmentedRaftLogWorker: created new log segment /home/runner/work/ozone/ozone/hadoop-ozone/integration-test/target/test-dir/MiniOzoneClusterImpl-0c0bfa66-1f5b-4f11-9fe6-cbebe0503434/datanode-4/data/ratis/4c486c42-032a-47d2-86a7-0e0524d27bc6/current/log_inprogress_0
2022-11-04 13:17:07,424 [c32434d6-2497-484c-95de-45f9e03d5624@group-3134A2B79DBE-FollowerState] INFO  impl.FollowerState (FollowerState.java:run(143)) - c32434d6-2497-484c-95de-45f9e03d5624@group-3134A2B79DBE-FollowerState: change to CANDIDATE, lastRpcElapsedTime:5003072457ns, electionTimeout:5002ms
2022-11-04 13:17:07,424 [c32434d6-2497-484c-95de-45f9e03d5624@group-3134A2B79DBE-FollowerState] INFO  impl.RoleInfo (RoleInfo.java:shutdownFollowerState(110)) - c32434d6-2497-484c-95de-45f9e03d5624: shutdown c32434d6-2497-484c-95de-45f9e03d5624@group-3134A2B79DBE-FollowerState
2022-11-04 13:17:07,424 [c32434d6-2497-484c-95de-45f9e03d5624@group-3134A2B79DBE-FollowerState] INFO  server.RaftServer$Division (RaftServerImpl.java:setRole(321)) - c32434d6-2497-484c-95de-45f9e03d5624@group-3134A2B79DBE: changes role from  FOLLOWER to CANDIDATE at term 4 for changeToCandidate
2022-11-04 13:17:07,424 [c32434d6-2497-484c-95de-45f9e03d5624@group-3134A2B79DBE-FollowerState] INFO  server.RaftServerConfigKeys (ConfUtils.java:logGet(46)) - raft.server.leaderelection.pre-vote = false (custom)
2022-11-04 13:17:07,424 [c32434d6-2497-484c-95de-45f9e03d5624@group-3134A2B79DBE-FollowerState] INFO  impl.RoleInfo (RoleInfo.java:updateAndGet(139)) - c32434d6-2497-484c-95de-45f9e03d5624: start c32434d6-2497-484c-95de-45f9e03d5624@group-3134A2B79DBE-LeaderElection37
2022-11-04 13:17:07,426 [c32434d6-2497-484c-95de-45f9e03d5624@group-3134A2B79DBE-LeaderElection37] INFO  impl.LeaderElection (LeaderElection.java:askForVotes(312)) - c32434d6-2497-484c-95de-45f9e03d5624@group-3134A2B79DBE-LeaderElection37 ELECTION round 0: submit vote requests at term 5 for -1: peers:[c32434d6-2497-484c-95de-45f9e03d5624|rpc:10.1.1.104:38331|dataStream:|priority:1|startupRole:FOLLOWER, 0dd4671e-e5ba-49c8-8afe-be056577c247|rpc:10.1.1.104:32843|dataStream:|priority:0|startupRole:FOLLOWER, 5b5b9152-5d2c-4522-9940-e93bc8d8546d|rpc:10.1.1.104:42221|dataStream:|priority:0|startupRole:FOLLOWER]|listeners:[], old=null
2022-11-04 13:17:07,426 [c32434d6-2497-484c-95de-45f9e03d5624@group-3134A2B79DBE-LeaderElection37] INFO  server.RaftServerConfigKeys (ConfUtils.java:logFallback(53)) - raft.server.rpc.first-election.timeout.min = 5s (fallback to raft.server.rpc.timeout.min)
2022-11-04 13:17:07,426 [c32434d6-2497-484c-95de-45f9e03d5624@group-3134A2B79DBE-LeaderElection37] INFO  server.RaftServerConfigKeys (ConfUtils.java:logFallback(53)) - raft.server.rpc.first-election.timeout.max = 5200ms (fallback to raft.server.rpc.timeout.max)
2022-11-04 13:17:07,428 [grpc-default-executor-0] INFO  server.RaftServer$Division (RaftServerImpl.java:requestVote(1218)) - 5b5b9152-5d2c-4522-9940-e93bc8d8546d@group-3134A2B79DBE: receive requestVote(ELECTION, c32434d6-2497-484c-95de-45f9e03d5624, group-3134A2B79DBE, 5, (t:0, i:0))
2022-11-04 13:17:07,428 [grpc-default-executor-0] INFO  impl.VoteContext (VoteContext.java:log(48)) - 5b5b9152-5d2c-4522-9940-e93bc8d8546d@group-3134A2B79DBE-FOLLOWER: accept ELECTION from c32434d6-2497-484c-95de-45f9e03d5624: our priority 0 <= candidate's priority 1
2022-11-04 13:17:07,428 [grpc-default-executor-0] INFO  server.RaftServer$Division (RaftServerImpl.java:setRole(321)) - 5b5b9152-5d2c-4522-9940-e93bc8d8546d@group-3134A2B79DBE: changes role from  FOLLOWER to FOLLOWER at term 5 for candidate:c32434d6-2497-484c-95de-45f9e03d5624
2022-11-04 13:17:07,428 [grpc-default-executor-0] INFO  impl.RoleInfo (RoleInfo.java:shutdownFollowerState(110)) - 5b5b9152-5d2c-4522-9940-e93bc8d8546d: shutdown 5b5b9152-5d2c-4522-9940-e93bc8d8546d@group-3134A2B79DBE-FollowerState
2022-11-04 13:17:07,428 [grpc-default-executor-0] INFO  impl.RoleInfo (RoleInfo.java:updateAndGet(139)) - 5b5b9152-5d2c-4522-9940-e93bc8d8546d: start 5b5b9152-5d2c-4522-9940-e93bc8d8546d@group-3134A2B79DBE-FollowerState
2022-11-04 13:17:07,429 [5b5b9152-5d2c-4522-9940-e93bc8d8546d@group-3134A2B79DBE-FollowerState] INFO  impl.FollowerState (FollowerState.java:run(152)) - 5b5b9152-5d2c-4522-9940-e93bc8d8546d@group-3134A2B79DBE-FollowerState was interrupted
2022-11-04 13:17:07,429 [5b5b9152-5d2c-4522-9940-e93bc8d8546d@group-3134A2B79DBE-FollowerState] INFO  server.RaftServerConfigKeys (ConfUtils.java:logFallback(53)) - raft.server.rpc.first-election.timeout.min = 5s (fallback to raft.server.rpc.timeout.min)
2022-11-04 13:17:07,429 [5b5b9152-5d2c-4522-9940-e93bc8d8546d@group-3134A2B79DBE-FollowerState] INFO  server.RaftServerConfigKeys (ConfUtils.java:logFallback(53)) - raft.server.rpc.first-election.timeout.max = 5200ms (fallback to raft.server.rpc.timeout.max)
2022-11-04 13:17:07,430 [grpc-default-executor-0] INFO  server.RaftServer$Division (RaftServerImpl.java:requestVote(1251)) - 5b5b9152-5d2c-4522-9940-e93bc8d8546d@group-3134A2B79DBE replies to ELECTION vote request: c32434d6-2497-484c-95de-45f9e03d5624<-5b5b9152-5d2c-4522-9940-e93bc8d8546d#0:OK-t5. Peer's state: 5b5b9152-5d2c-4522-9940-e93bc8d8546d@group-3134A2B79DBE:t5, leader=null, voted=c32434d6-2497-484c-95de-45f9e03d5624, raftlog=Memoized:5b5b9152-5d2c-4522-9940-e93bc8d8546d@group-3134A2B79DBE-SegmentedRaftLog:OPENED:c-1, conf=-1: peers:[c32434d6-2497-484c-95de-45f9e03d5624|rpc:10.1.1.104:38331|dataStream:|priority:1|startupRole:FOLLOWER, 0dd4671e-e5ba-49c8-8afe-be056577c247|rpc:10.1.1.104:32843|dataStream:|priority:0|startupRole:FOLLOWER, 5b5b9152-5d2c-4522-9940-e93bc8d8546d|rpc:10.1.1.104:42221|dataStream:|priority:0|startupRole:FOLLOWER]|listeners:[], old=null
2022-11-04 13:17:07,431 [c32434d6-2497-484c-95de-45f9e03d5624@group-3134A2B79DBE-LeaderElection37] INFO  impl.LeaderElection (LeaderElection.java:logAndReturn(90)) - c32434d6-2497-484c-95de-45f9e03d5624@group-3134A2B79DBE-LeaderElection37: ELECTION PASSED received 1 response(s) and 0 exception(s):
2022-11-04 13:17:07,431 [c32434d6-2497-484c-95de-45f9e03d5624@group-3134A2B79DBE-LeaderElection37] INFO  impl.LeaderElection (LeaderElection.java:logAndReturn(94)) -   Response 0: c32434d6-2497-484c-95de-45f9e03d5624<-5b5b9152-5d2c-4522-9940-e93bc8d8546d#0:OK-t5
2022-11-04 13:17:07,431 [c32434d6-2497-484c-95de-45f9e03d5624@group-3134A2B79DBE-LeaderElection37] INFO  impl.LeaderElection (LeaderElection.java:askForVotes(314)) - c32434d6-2497-484c-95de-45f9e03d5624@group-3134A2B79DBE-LeaderElection37 ELECTION round 0: result PASSED
2022-11-04 13:17:07,431 [c32434d6-2497-484c-95de-45f9e03d5624@group-3134A2B79DBE-LeaderElection37] INFO  impl.RoleInfo (RoleInfo.java:shutdownLeaderElection(130)) - c32434d6-2497-484c-95de-45f9e03d5624: shutdown c32434d6-2497-484c-95de-45f9e03d5624@group-3134A2B79DBE-LeaderElection37
2022-11-04 13:17:07,431 [c32434d6-2497-484c-95de-45f9e03d5624@group-3134A2B79DBE-LeaderElection37] INFO  server.RaftServer$Division (RaftServerImpl.java:setRole(321)) - c32434d6-2497-484c-95de-45f9e03d5624@group-3134A2B79DBE: changes role from CANDIDATE to LEADER at term 5 for changeToLeader
2022-11-04 13:17:07,431 [c32434d6-2497-484c-95de-45f9e03d5624@group-3134A2B79DBE-LeaderElection37] INFO  ratis.XceiverServerRatis (XceiverServerRatis.java:handleLeaderChangedNotification(863)) - Leader change notification received for group: group-3134A2B79DBE with new leaderId: c32434d6-2497-484c-95de-45f9e03d5624
2022-11-04 13:17:07,431 [c32434d6-2497-484c-95de-45f9e03d5624@group-3134A2B79DBE-LeaderElection37] INFO  server.RaftServer$Division (ServerState.java:setLeader(313)) - c32434d6-2497-484c-95de-45f9e03d5624@group-3134A2B79DBE: change Leader from null to c32434d6-2497-484c-95de-45f9e03d5624 at term 5 for becomeLeader, leader elected after 25381ms
2022-11-04 13:17:07,432 [c32434d6-2497-484c-95de-45f9e03d5624@group-3134A2B79DBE-LeaderElection37] INFO  server.RaftServerConfigKeys (ConfUtils.java:logGet(46)) - raft.server.staging.catchup.gap = 1000 (default)
2022-11-04 13:17:07,432 [c32434d6-2497-484c-95de-45f9e03d5624@group-3134A2B79DBE-LeaderElection37] INFO  server.RaftServerConfigKeys (ConfUtils.java:logGet(46)) - raft.server.write.element-limit = 1024 (custom)
2022-11-04 13:17:07,432 [c32434d6-2497-484c-95de-45f9e03d5624@group-3134A2B79DBE-LeaderElection37] INFO  server.RaftServerConfigKeys (ConfUtils.java:logGet(46)) - raft.server.write.byte-limit = 1024 M (=1073741824) (custom)
2022-11-04 13:17:07,432 [c32434d6-2497-484c-95de-45f9e03d5624@group-3134A2B79DBE-LeaderElection37] INFO  server.RaftServerConfigKeys (ConfUtils.java:logGet(46)) - raft.server.watch.timeout = 180s (custom)
2022-11-04 13:17:07,432 [c32434d6-2497-484c-95de-45f9e03d5624@group-3134A2B79DBE-LeaderElection37] INFO  server.RaftServerConfigKeys (ConfUtils.java:logGet(46)) - raft.server.watch.timeout.denomination = 1s (default)
2022-11-04 13:17:07,432 [c32434d6-2497-484c-95de-45f9e03d5624@group-3134A2B79DBE-LeaderElection37] INFO  server.RaftServerConfigKeys (ConfUtils.java:logGet(46)) - raft.server.watch.element-limit = 65536 (default)
2022-11-04 13:17:07,432 [c32434d6-2497-484c-95de-45f9e03d5624@group-3134A2B79DBE-LeaderElection37] INFO  server.RaftServerConfigKeys (ConfUtils.java:logGet(46)) - raft.server.write.element-limit = 1024 (custom)
2022-11-04 13:17:07,432 [c32434d6-2497-484c-95de-45f9e03d5624@group-3134A2B79DBE-LeaderElection37] INFO  server.RaftServerConfigKeys (ConfUtils.java:logGet(46)) - raft.server.write.follower.gap.ratio.max = -1.0 (default)
2022-11-04 13:17:07,433 [c32434d6-2497-484c-95de-45f9e03d5624@group-3134A2B79DBE-LeaderElection37] INFO  server.RaftServerConfigKeys (ConfUtils.java:logGet(46)) - raft.server.log.appender.snapshot.chunk.size.max = 16MB (=16777216) (default)
2022-11-04 13:17:07,433 [c32434d6-2497-484c-95de-45f9e03d5624@group-3134A2B79DBE-LeaderElection37] INFO  server.RaftServerConfigKeys (ConfUtils.java:logGet(46)) - raft.server.log.appender.buffer.byte-limit = 33554432 (custom)
2022-11-04 13:17:07,433 [c32434d6-2497-484c-95de-45f9e03d5624@group-3134A2B79DBE-LeaderElection37] INFO  server.RaftServerConfigKeys (ConfUtils.java:logGet(46)) - raft.server.log.appender.buffer.element-limit = 1 (custom)
2022-11-04 13:17:07,433 [c32434d6-2497-484c-95de-45f9e03d5624@group-3134A2B79DBE-LeaderElection37] INFO  grpc.GrpcConfigKeys (ConfUtils.java:logGet(46)) - raft.grpc.server.leader.outstanding.appends.max = 128 (default)
2022-11-04 13:17:07,433 [c32434d6-2497-484c-95de-45f9e03d5624@group-3134A2B79DBE-LeaderElection37] INFO  server.RaftServerConfigKeys (ConfUtils.java:logGet(46)) - raft.server.rpc.request.timeout = 60s (custom)
2022-11-04 13:17:07,434 [c32434d6-2497-484c-95de-45f9e03d5624@group-3134A2B79DBE-LeaderElection37] INFO  server.RaftServerConfigKeys (ConfUtils.java:logGet(46)) - raft.server.log.appender.install.snapshot.enabled = false (custom)
2022-11-04 13:17:07,434 [c32434d6-2497-484c-95de-45f9e03d5624@group-3134A2B79DBE-LeaderElection37] INFO  grpc.GrpcConfigKeys (ConfUtils.java:logGet(46)) - raft.grpc.server.heartbeat.channel = true (default)
2022-11-04 13:17:07,434 [c32434d6-2497-484c-95de-45f9e03d5624@group-3134A2B79DBE-LeaderElection37] INFO  server.RaftServerConfigKeys (ConfUtils.java:logGet(46)) - raft.server.log.appender.wait-time.min = 10ms (default)
2022-11-04 13:17:07,434 [c32434d6-2497-484c-95de-45f9e03d5624@group-3134A2B79DBE-LeaderElection37] INFO  server.RaftServerConfigKeys (ConfUtils.java:logGet(46)) - raft.server.log.appender.snapshot.chunk.size.max = 16MB (=16777216) (default)
2022-11-04 13:17:07,434 [c32434d6-2497-484c-95de-45f9e03d5624@group-3134A2B79DBE-LeaderElection37] INFO  server.RaftServerConfigKeys (ConfUtils.java:logGet(46)) - raft.server.log.appender.buffer.byte-limit = 33554432 (custom)
2022-11-04 13:17:07,434 [c32434d6-2497-484c-95de-45f9e03d5624@group-3134A2B79DBE-LeaderElection37] INFO  server.RaftServerConfigKeys (ConfUtils.java:logGet(46)) - raft.server.log.appender.buffer.element-limit = 1 (custom)
2022-11-04 13:17:07,434 [c32434d6-2497-484c-95de-45f9e03d5624@group-3134A2B79DBE-LeaderElection37] INFO  grpc.GrpcConfigKeys (ConfUtils.java:logGet(46)) - raft.grpc.server.leader.outstanding.appends.max = 128 (default)
2022-11-04 13:17:07,434 [c32434d6-2497-484c-95de-45f9e03d5624@group-3134A2B79DBE-LeaderElection37] INFO  server.RaftServerConfigKeys (ConfUtils.java:logGet(46)) - raft.server.rpc.request.timeout = 60s (custom)
2022-11-04 13:17:07,434 [c32434d6-2497-484c-95de-45f9e03d5624@group-3134A2B79DBE-LeaderElection37] INFO  server.RaftServerConfigKeys (ConfUtils.java:logGet(46)) - raft.server.log.appender.install.snapshot.enabled = false (custom)
2022-11-04 13:17:07,435 [c32434d6-2497-484c-95de-45f9e03d5624@group-3134A2B79DBE-LeaderElection37] INFO  grpc.GrpcConfigKeys (ConfUtils.java:logGet(46)) - raft.grpc.server.heartbeat.channel = true (default)
2022-11-04 13:17:07,435 [c32434d6-2497-484c-95de-45f9e03d5624@group-3134A2B79DBE-LeaderElection37] INFO  server.RaftServerConfigKeys (ConfUtils.java:logGet(46)) - raft.server.log.appender.wait-time.min = 10ms (default)
2022-11-04 13:17:07,435 [c32434d6-2497-484c-95de-45f9e03d5624@group-3134A2B79DBE-LeaderElection37] INFO  impl.RoleInfo (RoleInfo.java:updateAndGet(139)) - c32434d6-2497-484c-95de-45f9e03d5624: start c32434d6-2497-484c-95de-45f9e03d5624@group-3134A2B79DBE-LeaderStateImpl
2022-11-04 13:17:07,436 [c32434d6-2497-484c-95de-45f9e03d5624@group-3134A2B79DBE-LeaderElection37] INFO  segmented.SegmentedRaftLogWorker (SegmentedRaftLogWorker.java:startLogSegment(452)) - c32434d6-2497-484c-95de-45f9e03d5624@group-3134A2B79DBE-SegmentedRaftLogWorker: Starting segment from index:0
2022-11-04 13:17:07,438 [c32434d6-2497-484c-95de-45f9e03d5624@group-3134A2B79DBE-SegmentedRaftLogWorker] INFO  segmented.SegmentedRaftLogWorker (SegmentedRaftLogWorker.java:execute(656)) - c32434d6-2497-484c-95de-45f9e03d5624@group-3134A2B79DBE-SegmentedRaftLogWorker: created new log segment /home/runner/work/ozone/ozone/hadoop-ozone/integration-test/target/test-dir/MiniOzoneClusterImpl-0c0bfa66-1f5b-4f11-9fe6-cbebe0503434/datanode-8/data/ratis/ed153e9c-e645-4fd0-89da-3134a2b79dbe/current/log_inprogress_0
2022-11-04 13:17:07,439 [EventQueue-PipelineReportForPipelineReportHandler] INFO  pipeline.PipelineManagerImpl (PipelineManagerImpl.java:openPipeline(367)) - Pipeline Pipeline[ Id: ed153e9c-e645-4fd0-89da-3134a2b79dbe, Nodes: 0dd4671e-e5ba-49c8-8afe-be056577c247{ip: 10.1.1.104, host: fv-az443-313.ap2fcshprsnunfx25e1aelzb4b.cx.internal.cloudapp.net, ports: [REPLICATION=36307, RATIS=32843, RATIS_ADMIN=32843, RATIS_SERVER=32843, STANDALONE=33921], networkLocation: /default-rack, certSerialId: null, persistedOpState: IN_SERVICE, persistedOpStateExpiryEpochSec: 0}5b5b9152-5d2c-4522-9940-e93bc8d8546d{ip: 10.1.1.104, host: fv-az443-313.ap2fcshprsnunfx25e1aelzb4b.cx.internal.cloudapp.net, ports: [REPLICATION=43113, RATIS=42221, RATIS_ADMIN=42221, RATIS_SERVER=42221, STANDALONE=40779], networkLocation: /default-rack, certSerialId: null, persistedOpState: IN_SERVICE, persistedOpStateExpiryEpochSec: 0}c32434d6-2497-484c-95de-45f9e03d5624{ip: 10.1.1.104, host: fv-az443-313.ap2fcshprsnunfx25e1aelzb4b.cx.internal.cloudapp.net, ports: [REPLICATION=36169, RATIS=38331, RATIS_ADMIN=38331, RATIS_SERVER=38331, STANDALONE=36231], networkLocation: /default-rack, certSerialId: null, persistedOpState: IN_SERVICE, persistedOpStateExpiryEpochSec: 0}, ReplicationConfig: RATIS/THREE, State:ALLOCATED, leaderId:c32434d6-2497-484c-95de-45f9e03d5624, CreationTimestamp2022-11-04T13:16:39.702Z[Etc/UTC]] moved to OPEN state
2022-11-04 13:17:07,443 [grpc-default-executor-0] INFO  server.RaftServer$Division (RaftServerImpl.java:requestVote(1218)) - 0dd4671e-e5ba-49c8-8afe-be056577c247@group-3134A2B79DBE: receive requestVote(ELECTION, c32434d6-2497-484c-95de-45f9e03d5624, group-3134A2B79DBE, 5, (t:0, i:0))
2022-11-04 13:17:07,443 [grpc-default-executor-0] INFO  impl.VoteContext (VoteContext.java:log(48)) - 0dd4671e-e5ba-49c8-8afe-be056577c247@group-3134A2B79DBE-FOLLOWER: accept ELECTION from c32434d6-2497-484c-95de-45f9e03d5624: our priority 0 <= candidate's priority 1
2022-11-04 13:17:07,444 [grpc-default-executor-0] INFO  server.RaftServer$Division (RaftServerImpl.java:setRole(321)) - 0dd4671e-e5ba-49c8-8afe-be056577c247@group-3134A2B79DBE: changes role from  FOLLOWER to FOLLOWER at term 5 for candidate:c32434d6-2497-484c-95de-45f9e03d5624
2022-11-04 13:17:07,444 [grpc-default-executor-0] INFO  impl.RoleInfo (RoleInfo.java:shutdownFollowerState(110)) - 0dd4671e-e5ba-49c8-8afe-be056577c247: shutdown 0dd4671e-e5ba-49c8-8afe-be056577c247@group-3134A2B79DBE-FollowerState
2022-11-04 13:17:07,459 [c32434d6-2497-484c-95de-45f9e03d5624@group-3134A2B79DBE-LeaderElection37] INFO  server.RaftServer$Division (ServerState.java:setRaftConf(430)) - c32434d6-2497-484c-95de-45f9e03d5624@group-3134A2B79DBE: set configuration 0: peers:[c32434d6-2497-484c-95de-45f9e03d5624|rpc:10.1.1.104:38331|dataStream:|priority:1|startupRole:FOLLOWER, 0dd4671e-e5ba-49c8-8afe-be056577c247|rpc:10.1.1.104:32843|dataStream:|priority:0|startupRole:FOLLOWER, 5b5b9152-5d2c-4522-9940-e93bc8d8546d|rpc:10.1.1.104:42221|dataStream:|priority:0|startupRole:FOLLOWER]|listeners:[], old=null
2022-11-04 13:17:07,459 [grpc-default-executor-0] INFO  impl.RoleInfo (RoleInfo.java:updateAndGet(139)) - 0dd4671e-e5ba-49c8-8afe-be056577c247: start 0dd4671e-e5ba-49c8-8afe-be056577c247@group-3134A2B79DBE-FollowerState
2022-11-04 13:17:07,459 [0dd4671e-e5ba-49c8-8afe-be056577c247@group-3134A2B79DBE-FollowerState] INFO  impl.FollowerState (FollowerState.java:run(152)) - 0dd4671e-e5ba-49c8-8afe-be056577c247@group-3134A2B79DBE-FollowerState was interrupted
2022-11-04 13:17:07,462 [grpc-default-executor-0] INFO  server.RaftServer$Division (RaftServerImpl.java:requestVote(1251)) - 0dd4671e-e5ba-49c8-8afe-be056577c247@group-3134A2B79DBE replies to ELECTION vote request: c32434d6-2497-484c-95de-45f9e03d5624<-0dd4671e-e5ba-49c8-8afe-be056577c247#0:OK-t5. Peer's state: 0dd4671e-e5ba-49c8-8afe-be056577c247@group-3134A2B79DBE:t5, leader=null, voted=c32434d6-2497-484c-95de-45f9e03d5624, raftlog=Memoized:0dd4671e-e5ba-49c8-8afe-be056577c247@group-3134A2B79DBE-SegmentedRaftLog:OPENED:c-1, conf=-1: peers:[c32434d6-2497-484c-95de-45f9e03d5624|rpc:10.1.1.104:38331|priority:1|startupRole:FOLLOWER, 0dd4671e-e5ba-49c8-8afe-be056577c247|rpc:10.1.1.104:32843|priority:0|startupRole:FOLLOWER, 5b5b9152-5d2c-4522-9940-e93bc8d8546d|rpc:10.1.1.104:42221|priority:0|startupRole:FOLLOWER]|listeners:[], old=null
2022-11-04 13:17:07,464 [0dd4671e-e5ba-49c8-8afe-be056577c247@group-3134A2B79DBE-FollowerState] INFO  server.RaftServerConfigKeys (ConfUtils.java:logFallback(53)) - raft.server.rpc.first-election.timeout.min = 5s (fallback to raft.server.rpc.timeout.min)
2022-11-04 13:17:07,464 [0dd4671e-e5ba-49c8-8afe-be056577c247@group-3134A2B79DBE-FollowerState] INFO  server.RaftServerConfigKeys (ConfUtils.java:logFallback(53)) - raft.server.rpc.first-election.timeout.max = 5200ms (fallback to raft.server.rpc.timeout.max)
2022-11-04 13:17:07,466 [0dd4671e-e5ba-49c8-8afe-be056577c247-server-thread1] INFO  ratis.XceiverServerRatis (XceiverServerRatis.java:handleLeaderChangedNotification(863)) - Leader change notification received for group: group-3134A2B79DBE with new leaderId: c32434d6-2497-484c-95de-45f9e03d5624
2022-11-04 13:17:07,466 [0dd4671e-e5ba-49c8-8afe-be056577c247-server-thread1] INFO  server.RaftServer$Division (ServerState.java:setLeader(313)) - 0dd4671e-e5ba-49c8-8afe-be056577c247@group-3134A2B79DBE: change Leader from null to c32434d6-2497-484c-95de-45f9e03d5624 at term 5 for appendEntries, leader elected after 25502ms
2022-11-04 13:17:07,467 [0dd4671e-e5ba-49c8-8afe-be056577c247-server-thread2] INFO  server.RaftServer$Division (ServerState.java:setRaftConf(430)) - 0dd4671e-e5ba-49c8-8afe-be056577c247@group-3134A2B79DBE: set configuration 0: peers:[c32434d6-2497-484c-95de-45f9e03d5624|rpc:10.1.1.104:38331|dataStream:|priority:1|startupRole:FOLLOWER, 0dd4671e-e5ba-49c8-8afe-be056577c247|rpc:10.1.1.104:32843|dataStream:|priority:0|startupRole:FOLLOWER, 5b5b9152-5d2c-4522-9940-e93bc8d8546d|rpc:10.1.1.104:42221|dataStream:|priority:0|startupRole:FOLLOWER]|listeners:[], old=null
2022-11-04 13:17:07,467 [0dd4671e-e5ba-49c8-8afe-be056577c247-server-thread2] INFO  segmented.SegmentedRaftLogWorker (SegmentedRaftLogWorker.java:startLogSegment(452)) - 0dd4671e-e5ba-49c8-8afe-be056577c247@group-3134A2B79DBE-SegmentedRaftLogWorker: Starting segment from index:0
2022-11-04 13:17:07,473 [5b5b9152-5d2c-4522-9940-e93bc8d8546d-server-thread2] INFO  ratis.XceiverServerRatis (XceiverServerRatis.java:handleLeaderChangedNotification(863)) - Leader change notification received for group: group-3134A2B79DBE with new leaderId: c32434d6-2497-484c-95de-45f9e03d5624
2022-11-04 13:17:07,473 [5b5b9152-5d2c-4522-9940-e93bc8d8546d-server-thread2] INFO  server.RaftServer$Division (ServerState.java:setLeader(313)) - 5b5b9152-5d2c-4522-9940-e93bc8d8546d@group-3134A2B79DBE: change Leader from null to c32434d6-2497-484c-95de-45f9e03d5624 at term 5 for appendEntries, leader elected after 25481ms
2022-11-04 13:17:07,473 [0dd4671e-e5ba-49c8-8afe-be056577c247@group-3134A2B79DBE-SegmentedRaftLogWorker] INFO  segmented.SegmentedRaftLogWorker (SegmentedRaftLogWorker.java:execute(656)) - 0dd4671e-e5ba-49c8-8afe-be056577c247@group-3134A2B79DBE-SegmentedRaftLogWorker: created new log segment /home/runner/work/ozone/ozone/hadoop-ozone/integration-test/target/test-dir/MiniOzoneClusterImpl-0c0bfa66-1f5b-4f11-9fe6-cbebe0503434/datanode-6/data/ratis/ed153e9c-e645-4fd0-89da-3134a2b79dbe/current/log_inprogress_0
2022-11-04 13:17:07,476 [5b5b9152-5d2c-4522-9940-e93bc8d8546d-server-thread1] INFO  server.RaftServer$Division (ServerState.java:setRaftConf(430)) - 5b5b9152-5d2c-4522-9940-e93bc8d8546d@group-3134A2B79DBE: set configuration 0: peers:[c32434d6-2497-484c-95de-45f9e03d5624|rpc:10.1.1.104:38331|dataStream:|priority:1|startupRole:FOLLOWER, 0dd4671e-e5ba-49c8-8afe-be056577c247|rpc:10.1.1.104:32843|dataStream:|priority:0|startupRole:FOLLOWER, 5b5b9152-5d2c-4522-9940-e93bc8d8546d|rpc:10.1.1.104:42221|dataStream:|priority:0|startupRole:FOLLOWER]|listeners:[], old=null
2022-11-04 13:17:07,476 [5b5b9152-5d2c-4522-9940-e93bc8d8546d-server-thread1] INFO  segmented.SegmentedRaftLogWorker (SegmentedRaftLogWorker.java:startLogSegment(452)) - 5b5b9152-5d2c-4522-9940-e93bc8d8546d@group-3134A2B79DBE-SegmentedRaftLogWorker: Starting segment from index:0
2022-11-04 13:17:07,479 [5b5b9152-5d2c-4522-9940-e93bc8d8546d@group-3134A2B79DBE-SegmentedRaftLogWorker] INFO  segmented.SegmentedRaftLogWorker (SegmentedRaftLogWorker.java:execute(656)) - 5b5b9152-5d2c-4522-9940-e93bc8d8546d@group-3134A2B79DBE-SegmentedRaftLogWorker: created new log segment /home/runner/work/ozone/ozone/hadoop-ozone/integration-test/target/test-dir/MiniOzoneClusterImpl-0c0bfa66-1f5b-4f11-9fe6-cbebe0503434/datanode-7/data/ratis/ed153e9c-e645-4fd0-89da-3134a2b79dbe/current/log_inprogress_0
2022-11-04 13:17:24,247 [Under Replicated Processor] INFO  replication.UnderReplicatedProcessor (UnderReplicatedProcessor.java:processAll(92)) - Processed 0 under replicated containers, failed processing 0
2022-11-04 13:17:24,253 [Over Replicated Processor] INFO  replication.OverReplicatedProcessor (OverReplicatedProcessor.java:processAll(90)) - Processed 0 over replicated containers, failed processing 0
2022-11-04 13:17:54,247 [Under Replicated Processor] INFO  replication.UnderReplicatedProcessor (UnderReplicatedProcessor.java:processAll(92)) - Processed 0 under replicated containers, failed processing 0
2022-11-04 13:17:54,253 [Over Replicated Processor] INFO  replication.OverReplicatedProcessor (OverReplicatedProcessor.java:processAll(90)) - Processed 0 over replicated containers, failed processing 0
2022-11-04 13:18:24,248 [Under Replicated Processor] INFO  replication.UnderReplicatedProcessor (UnderReplicatedProcessor.java:processAll(92)) - Processed 0 under replicated containers, failed processing 0
2022-11-04 13:18:24,253 [Over Replicated Processor] INFO  replication.OverReplicatedProcessor (OverReplicatedProcessor.java:processAll(90)) - Processed 0 over replicated containers, failed processing 0
]]></system-out>
  </testcase>
</testsuite>