<?xml version="1.0" encoding="UTF-8"?>
<testsuite xmlns:xsi="http://www.w3.org/2001/XMLSchema-instance" xsi:noNamespaceSchemaLocation="https://maven.apache.org/surefire/maven-surefire-plugin/xsd/surefire-test-report-3.0.xsd" version="3.0" name="org.apache.hadoop.ozone.container.common.impl.TestContainerPersistence" time="9.469" tests="84" errors="1" skipped="0" failures="0">
  <properties>
    <property name="awt.toolkit" value="sun.awt.X11.XToolkit"/>
    <property name="file.encoding.pkg" value="sun.io"/>
    <property name="java.specification.version" value="1.8"/>
    <property name="sun.cpu.isalist" value=""/>
    <property name="sun.jnu.encoding" value="UTF-8"/>
    <property name="java.class.path" value="/home/runner/work/ozone/ozone/hadoop-hdds/container-service/target/test-classes:/home/runner/work/ozone/ozone/hadoop-hdds/container-service/target/classes:/home/runner/work/ozone/ozone/hadoop-hdds/common/target/classes:/home/runner/work/ozone/ozone/hadoop-hdds/hadoop-dependency-client/target/classes:/home/runner/.m2/repository/org/apache/hadoop/hadoop-annotations/3.3.1/hadoop-annotations-3.3.1.jar:/usr/lib/jvm/temurin-8-jdk-amd64/jre/../lib/tools.jar:/home/runner/.m2/repository/org/apache/hadoop/hadoop-common/3.3.1/hadoop-common-3.3.1.jar:/home/runner/.m2/repository/org/apache/hadoop/thirdparty/hadoop-shaded-guava/1.1.1/hadoop-shaded-guava-1.1.1.jar:/home/runner/.m2/repository/org/apache/httpcomponents/httpclient/4.5.13/httpclient-4.5.13.jar:/home/runner/.m2/repository/org/apache/httpcomponents/httpcore/4.4.13/httpcore-4.4.13.jar:/home/runner/.m2/repository/jakarta/activation/jakarta.activation-api/1.2.1/jakarta.activation-api-1.2.1.jar:/home/runner/.m2/repository/org/apache/commons/commons-configuration2/2.1.1/commons-configuration2-2.1.1.jar:/home/runner/.m2/repository/com/google/re2j/re2j/1.1/re2j-1.1.jar:/home/runner/.m2/repository/org/apache/hadoop/hadoop-auth/3.3.1/hadoop-auth-3.3.1.jar:/home/runner/.m2/repository/org/apache/htrace/htrace-core4/4.1.0-incubating/htrace-core4-4.1.0-incubating.jar:/home/runner/.m2/repository/org/apache/kerby/kerb-core/1.0.1/kerb-core-1.0.1.jar:/home/runner/.m2/repository/org/apache/kerby/kerby-pkix/1.0.1/kerby-pkix-1.0.1.jar:/home/runner/.m2/repository/org/apache/kerby/kerby-asn1/1.0.1/kerby-asn1-1.0.1.jar:/home/runner/.m2/repository/org/apache/kerby/kerby-util/1.0.1/kerby-util-1.0.1.jar:/home/runner/.m2/repository/org/codehaus/woodstox/stax2-api/3.1.4/stax2-api-3.1.4.jar:/home/runner/.m2/repository/com/fasterxml/woodstox/woodstox-core/5.0.3/woodstox-core-5.0.3.jar:/home/runner/.m2/repository/org/xerial/snappy/snappy-java/1.1.8.2/snappy-java-1.1.8.2.jar:/home/runner/.m2/repository/org/apache/hadoop/hadoop-hdfs/3.3.1/hadoop-hdfs-3.3.1.jar:/home/runner/.m2/repository/info/picocli/picocli/4.6.1/picocli-4.6.1.jar:/home/runner/.m2/repository/com/google/protobuf/protobuf-java/2.5.0/protobuf-java-2.5.0.jar:/home/runner/.m2/repository/com/google/guava/guava/31.1-jre/guava-31.1-jre.jar:/home/runner/.m2/repository/com/google/guava/failureaccess/1.0.1/failureaccess-1.0.1.jar:/home/runner/.m2/repository/com/google/guava/listenablefuture/9999.0-empty-to-avoid-conflict-with-guava/listenablefuture-9999.0-empty-to-avoid-conflict-with-guava.jar:/home/runner/.m2/repository/org/checkerframework/checker-qual/3.12.0/checker-qual-3.12.0.jar:/home/runner/.m2/repository/com/google/errorprone/error_prone_annotations/2.2.0/error_prone_annotations-2.2.0.jar:/home/runner/.m2/repository/com/google/j2objc/j2objc-annotations/1.3/j2objc-annotations-1.3.jar:/home/runner/.m2/repository/org/apache/commons/commons-lang3/3.7/commons-lang3-3.7.jar:/home/runner/.m2/repository/commons-io/commons-io/2.11.0/commons-io-2.11.0.jar:/home/runner/.m2/repository/com/fasterxml/jackson/core/jackson-annotations/2.13.2/jackson-annotations-2.13.2.jar:/home/runner/.m2/repository/com/fasterxml/jackson/datatype/jackson-datatype-jsr310/2.13.2/jackson-datatype-jsr310-2.13.2.jar:/home/runner/.m2/repository/com/fasterxml/jackson/core/jackson-core/2.13.2/jackson-core-2.13.2.jar:/home/runner/.m2/repository/com/fasterxml/jackson/core/jackson-databind/2.13.2.2/jackson-databind-2.13.2.2.jar:/home/runner/work/ozone/ozone/hadoop-hdds/config/target/classes:/home/runner/.m2/repository/javax/annotation/javax.annotation-api/1.2/javax.annotation-api-1.2.jar:/home/runner/.m2/repository/org/apache/ratis/ratis-server/2.3.0/ratis-server-2.3.0.jar:/home/runner/.m2/repository/org/apache/ratis/ratis-thirdparty-misc/1.0.0/ratis-thirdparty-misc-1.0.0.jar:/home/runner/.m2/repository/org/apache/ratis/ratis-proto/2.3.0/ratis-proto-2.3.0.jar:/home/runner/.m2/repository/org/apache/ratis/ratis-common/2.3.0/ratis-common-2.3.0.jar:/home/runner/.m2/repository/org/apache/ratis/ratis-client/2.3.0/ratis-client-2.3.0.jar:/home/runner/.m2/repository/org/apache/ratis/ratis-server-api/2.3.0/ratis-server-api-2.3.0.jar:/home/runner/.m2/repository/org/apache/ratis/ratis-metrics/2.3.0/ratis-metrics-2.3.0.jar:/home/runner/.m2/repository/org/apache/ratis/ratis-netty/2.3.0/ratis-netty-2.3.0.jar:/home/runner/.m2/repository/org/apache/ratis/ratis-grpc/2.3.0/ratis-grpc-2.3.0.jar:/home/runner/.m2/repository/org/apache/logging/log4j/log4j-api/2.17.1/log4j-api-2.17.1.jar:/home/runner/.m2/repository/org/apache/commons/commons-pool2/2.6.0/commons-pool2-2.6.0.jar:/home/runner/.m2/repository/org/bouncycastle/bcpkix-jdk15on/1.67/bcpkix-jdk15on-1.67.jar:/home/runner/.m2/repository/org/bouncycastle/bcprov-jdk15on/1.67/bcprov-jdk15on-1.67.jar:/home/runner/.m2/repository/commons-validator/commons-validator/1.6/commons-validator-1.6.jar:/home/runner/.m2/repository/commons-beanutils/commons-beanutils/1.9.4/commons-beanutils-1.9.4.jar:/home/runner/.m2/repository/commons-digester/commons-digester/1.8.1/commons-digester-1.8.1.jar:/home/runner/.m2/repository/commons-collections/commons-collections/3.2.2/commons-collections-3.2.2.jar:/home/runner/.m2/repository/io/jaegertracing/jaeger-client/1.6.0/jaeger-client-1.6.0.jar:/home/runner/.m2/repository/io/jaegertracing/jaeger-thrift/1.6.0/jaeger-thrift-1.6.0.jar:/home/runner/.m2/repository/org/apache/thrift/libthrift/0.14.1/libthrift-0.14.1.jar:/home/runner/.m2/repository/com/squareup/okhttp3/okhttp/4.9.0/okhttp-4.9.0.jar:/home/runner/.m2/repository/com/squareup/okio/okio/2.8.0/okio-2.8.0.jar:/home/runner/.m2/repository/io/jaegertracing/jaeger-core/1.6.0/jaeger-core-1.6.0.jar:/home/runner/.m2/repository/com/google/code/gson/gson/2.9.0/gson-2.9.0.jar:/home/runner/.m2/repository/io/jaegertracing/jaeger-tracerresolver/1.6.0/jaeger-tracerresolver-1.6.0.jar:/home/runner/.m2/repository/io/opentracing/contrib/opentracing-tracerresolver/0.1.8/opentracing-tracerresolver-0.1.8.jar:/home/runner/.m2/repository/org/jetbrains/kotlin/kotlin-stdlib/1.6.21/kotlin-stdlib-1.6.21.jar:/home/runner/.m2/repository/org/jetbrains/kotlin/kotlin-stdlib-common/1.6.21/kotlin-stdlib-common-1.6.21.jar:/home/runner/.m2/repository/org/jetbrains/annotations/13.0/annotations-13.0.jar:/home/runner/.m2/repository/io/opentracing/opentracing-util/0.33.0/opentracing-util-0.33.0.jar:/home/runner/.m2/repository/io/opentracing/opentracing-api/0.33.0/opentracing-api-0.33.0.jar:/home/runner/.m2/repository/io/opentracing/opentracing-noop/0.33.0/opentracing-noop-0.33.0.jar:/home/runner/.m2/repository/org/reflections/reflections/0.9.11/reflections-0.9.11.jar:/home/runner/.m2/repository/org/javassist/javassist/3.21.0-GA/javassist-3.21.0-GA.jar:/home/runner/work/ozone/ozone/hadoop-hdds/interface-client/target/classes:/home/runner/.m2/repository/org/apache/hadoop/thirdparty/hadoop-shaded-protobuf_3_7/1.1.1/hadoop-shaded-protobuf_3_7-1.1.1.jar:/home/runner/work/ozone/ozone/hadoop-hdds/interface-admin/target/classes:/home/runner/work/ozone/ozone/hadoop-hdds/test-utils/target/classes:/home/runner/.m2/repository/commons-logging/commons-logging/1.2/commons-logging-1.2.jar:/home/runner/.m2/repository/org/junit/jupiter/junit-jupiter-api/5.8.2/junit-jupiter-api-5.8.2.jar:/home/runner/.m2/repository/org/opentest4j/opentest4j/1.2.0/opentest4j-1.2.0.jar:/home/runner/.m2/repository/org/junit/platform/junit-platform-commons/1.8.2/junit-platform-commons-1.8.2.jar:/home/runner/.m2/repository/org/apiguardian/apiguardian-api/1.1.2/apiguardian-api-1.1.2.jar:/home/runner/.m2/repository/log4j/log4j/1.2.17/log4j-1.2.17.jar:/home/runner/.m2/repository/org/slf4j/slf4j-api/1.7.30/slf4j-api-1.7.30.jar:/home/runner/.m2/repository/org/apache/commons/commons-compress/1.21/commons-compress-1.21.jar:/home/runner/work/ozone/ozone/hadoop-hdds/common/target/test-classes:/home/runner/work/ozone/ozone/hadoop-hdds/framework/target/classes:/home/runner/work/ozone/ozone/hadoop-hdds/interface-server/target/classes:/home/runner/work/ozone/ozone/hadoop-hdds/hadoop-dependency-server/target/classes:/home/runner/.m2/repository/commons-cli/commons-cli/1.2/commons-cli-1.2.jar:/home/runner/.m2/repository/org/apache/logging/log4j/log4j-core/2.17.1/log4j-core-2.17.1.jar:/home/runner/.m2/repository/com/lmax/disruptor/3.4.2/disruptor-3.4.2.jar:/home/runner/.m2/repository/org/eclipse/jetty/jetty-util/9.4.43.v20210629/jetty-util-9.4.43.v20210629.jar:/home/runner/.m2/repository/org/eclipse/jetty/jetty-server/9.4.43.v20210629/jetty-server-9.4.43.v20210629.jar:/home/runner/.m2/repository/javax/servlet/javax.servlet-api/3.1.0/javax.servlet-api-3.1.0.jar:/home/runner/.m2/repository/org/eclipse/jetty/jetty-http/9.4.43.v20210629/jetty-http-9.4.43.v20210629.jar:/home/runner/.m2/repository/org/eclipse/jetty/jetty-io/9.4.43.v20210629/jetty-io-9.4.43.v20210629.jar:/home/runner/.m2/repository/org/eclipse/jetty/jetty-servlet/9.4.43.v20210629/jetty-servlet-9.4.43.v20210629.jar:/home/runner/.m2/repository/org/eclipse/jetty/jetty-security/9.4.43.v20210629/jetty-security-9.4.43.v20210629.jar:/home/runner/.m2/repository/org/eclipse/jetty/jetty-util-ajax/9.4.43.v20210629/jetty-util-ajax-9.4.43.v20210629.jar:/home/runner/.m2/repository/org/eclipse/jetty/jetty-webapp/9.4.43.v20210629/jetty-webapp-9.4.43.v20210629.jar:/home/runner/.m2/repository/org/eclipse/jetty/jetty-xml/9.4.43.v20210629/jetty-xml-9.4.43.v20210629.jar:/home/runner/.m2/repository/org/rocksdb/rocksdbjni/6.29.5/rocksdbjni-6.29.5.jar:/home/runner/.m2/repository/io/prometheus/simpleclient_dropwizard/0.7.0/simpleclient_dropwizard-0.7.0.jar:/home/runner/.m2/repository/io/prometheus/simpleclient/0.7.0/simpleclient-0.7.0.jar:/home/runner/.m2/repository/io/prometheus/simpleclient_common/0.7.0/simpleclient_common-0.7.0.jar:/home/runner/.m2/repository/org/apache/hadoop/hadoop-hdfs-client/3.3.1/hadoop-hdfs-client-3.3.1.jar:/home/runner/work/ozone/ozone/hadoop-hdds/client/target/classes:/home/runner/work/ozone/ozone/hadoop-hdds/erasurecode/target/classes:/home/runner/.m2/repository/commons-codec/commons-codec/1.11/commons-codec-1.11.jar:/home/runner/.m2/repository/io/dropwizard/metrics/metrics-core/3.2.4/metrics-core-3.2.4.jar:/home/runner/.m2/repository/org/mockito/mockito-core/2.28.2/mockito-core-2.28.2.jar:/home/runner/.m2/repository/net/bytebuddy/byte-buddy/1.9.10/byte-buddy-1.9.10.jar:/home/runner/.m2/repository/net/bytebuddy/byte-buddy-agent/1.9.10/byte-buddy-agent-1.9.10.jar:/home/runner/.m2/repository/org/objenesis/objenesis/1.0/objenesis-1.0.jar:/home/runner/.m2/repository/org/yaml/snakeyaml/1.26/snakeyaml-1.26.jar:/home/runner/work/ozone/ozone/hadoop-hdds/docs/target/classes:/home/runner/.m2/repository/com/github/spotbugs/spotbugs-annotations/3.1.12/spotbugs-annotations-3.1.12.jar:/home/runner/.m2/repository/com/google/code/findbugs/jsr305/3.0.0/jsr305-3.0.0.jar:/home/runner/.m2/repository/org/powermock/powermock-module-junit4/2.0.4/powermock-module-junit4-2.0.4.jar:/home/runner/.m2/repository/org/powermock/powermock-module-junit4-common/2.0.4/powermock-module-junit4-common-2.0.4.jar:/home/runner/.m2/repository/org/powermock/powermock-reflect/2.0.4/powermock-reflect-2.0.4.jar:/home/runner/.m2/repository/org/powermock/powermock-core/2.0.4/powermock-core-2.0.4.jar:/home/runner/.m2/repository/org/hamcrest/hamcrest-core/1.3/hamcrest-core-1.3.jar:/home/runner/.m2/repository/org/powermock/powermock-api-mockito2/2.0.4/powermock-api-mockito2-2.0.4.jar:/home/runner/.m2/repository/org/powermock/powermock-api-support/2.0.4/powermock-api-support-2.0.4.jar:/home/runner/work/ozone/ozone/hadoop-hdds/hadoop-dependency-test/target/classes:/home/runner/.m2/repository/org/apache/hadoop/hadoop-common/3.3.1/hadoop-common-3.3.1-tests.jar:/home/runner/.m2/repository/org/apache/hadoop/hadoop-hdfs/3.3.1/hadoop-hdfs-3.3.1-tests.jar:/home/runner/.m2/repository/org/assertj/assertj-core/3.12.2/assertj-core-3.12.2.jar:/home/runner/.m2/repository/org/slf4j/slf4j-log4j12/1.7.30/slf4j-log4j12-1.7.30.jar:/home/runner/.m2/repository/javax/xml/bind/jaxb-api/2.3.0/jaxb-api-2.3.0.jar:/home/runner/.m2/repository/org/glassfish/jaxb/jaxb-runtime/2.3.0.1/jaxb-runtime-2.3.0.1.jar:/home/runner/.m2/repository/org/glassfish/jaxb/jaxb-core/2.3.0.1/jaxb-core-2.3.0.1.jar:/home/runner/.m2/repository/org/glassfish/jaxb/txw2/2.3.0.1/txw2-2.3.0.1.jar:/home/runner/.m2/repository/com/sun/istack/istack-commons-runtime/3.0.5/istack-commons-runtime-3.0.5.jar:/home/runner/.m2/repository/org/jvnet/staxex/stax-ex/1.7.8/stax-ex-1.7.8.jar:/home/runner/.m2/repository/com/sun/xml/fastinfoset/FastInfoset/1.2.13/FastInfoset-1.2.13.jar:/home/runner/.m2/repository/io/netty/netty-transport/4.1.74.Final/netty-transport-4.1.74.Final.jar:/home/runner/.m2/repository/io/netty/netty-common/4.1.74.Final/netty-common-4.1.74.Final.jar:/home/runner/.m2/repository/io/netty/netty-buffer/4.1.74.Final/netty-buffer-4.1.74.Final.jar:/home/runner/.m2/repository/io/netty/netty-resolver/4.1.74.Final/netty-resolver-4.1.74.Final.jar:/home/runner/.m2/repository/io/netty/netty-codec/4.1.74.Final/netty-codec-4.1.74.Final.jar:/home/runner/.m2/repository/io/netty/netty-handler/4.1.74.Final/netty-handler-4.1.74.Final.jar:/home/runner/.m2/repository/io/netty/netty-tcnative-classes/2.0.48.Final/netty-tcnative-classes-2.0.48.Final.jar:/home/runner/.m2/repository/junit/junit/4.13.1/junit-4.13.1.jar:/home/runner/work/ozone/ozone/dev-support/annotations/target/classes:"/>
    <property name="java.vm.vendor" value="Temurin"/>
    <property name="sun.arch.data.model" value="64"/>
    <property name="test.build.dir" value="/home/runner/work/ozone/ozone/hadoop-hdds/container-service/target/test-dir"/>
    <property name="test.cache.data" value=""/>
    <property name="java.vendor.url" value="https://adoptium.net/"/>
    <property name="user.timezone" value="Etc/UTC"/>
    <property name="java.vm.specification.version" value="1.8"/>
    <property name="os.name" value="Linux"/>
    <property name="test.build.data" value="/home/runner/work/ozone/ozone/hadoop-hdds/container-service/target/test-dir"/>
    <property name="sun.java.launcher" value="SUN_STANDARD"/>
    <property name="sun.boot.library.path" value="/usr/lib/jvm/temurin-8-jdk-amd64/jre/lib/amd64"/>
    <property name="sun.java.command" value="/home/runner/work/ozone/ozone/hadoop-hdds/container-service/target/surefire/surefirebooter1283066238430174040.jar /home/runner/work/ozone/ozone/hadoop-hdds/container-service/target/surefire 2022-07-11T00-50-38_656-jvmRun1 surefire2224983657975729109tmp surefire_1346732624925929354375tmp"/>
    <property name="surefire.test.class.path" value="/home/runner/work/ozone/ozone/hadoop-hdds/container-service/target/test-classes:/home/runner/work/ozone/ozone/hadoop-hdds/container-service/target/classes:/home/runner/work/ozone/ozone/hadoop-hdds/common/target/classes:/home/runner/work/ozone/ozone/hadoop-hdds/hadoop-dependency-client/target/classes:/home/runner/.m2/repository/org/apache/hadoop/hadoop-annotations/3.3.1/hadoop-annotations-3.3.1.jar:/usr/lib/jvm/temurin-8-jdk-amd64/jre/../lib/tools.jar:/home/runner/.m2/repository/org/apache/hadoop/hadoop-common/3.3.1/hadoop-common-3.3.1.jar:/home/runner/.m2/repository/org/apache/hadoop/thirdparty/hadoop-shaded-guava/1.1.1/hadoop-shaded-guava-1.1.1.jar:/home/runner/.m2/repository/org/apache/httpcomponents/httpclient/4.5.13/httpclient-4.5.13.jar:/home/runner/.m2/repository/org/apache/httpcomponents/httpcore/4.4.13/httpcore-4.4.13.jar:/home/runner/.m2/repository/jakarta/activation/jakarta.activation-api/1.2.1/jakarta.activation-api-1.2.1.jar:/home/runner/.m2/repository/org/apache/commons/commons-configuration2/2.1.1/commons-configuration2-2.1.1.jar:/home/runner/.m2/repository/com/google/re2j/re2j/1.1/re2j-1.1.jar:/home/runner/.m2/repository/org/apache/hadoop/hadoop-auth/3.3.1/hadoop-auth-3.3.1.jar:/home/runner/.m2/repository/org/apache/htrace/htrace-core4/4.1.0-incubating/htrace-core4-4.1.0-incubating.jar:/home/runner/.m2/repository/org/apache/kerby/kerb-core/1.0.1/kerb-core-1.0.1.jar:/home/runner/.m2/repository/org/apache/kerby/kerby-pkix/1.0.1/kerby-pkix-1.0.1.jar:/home/runner/.m2/repository/org/apache/kerby/kerby-asn1/1.0.1/kerby-asn1-1.0.1.jar:/home/runner/.m2/repository/org/apache/kerby/kerby-util/1.0.1/kerby-util-1.0.1.jar:/home/runner/.m2/repository/org/codehaus/woodstox/stax2-api/3.1.4/stax2-api-3.1.4.jar:/home/runner/.m2/repository/com/fasterxml/woodstox/woodstox-core/5.0.3/woodstox-core-5.0.3.jar:/home/runner/.m2/repository/org/xerial/snappy/snappy-java/1.1.8.2/snappy-java-1.1.8.2.jar:/home/runner/.m2/repository/org/apache/hadoop/hadoop-hdfs/3.3.1/hadoop-hdfs-3.3.1.jar:/home/runner/.m2/repository/info/picocli/picocli/4.6.1/picocli-4.6.1.jar:/home/runner/.m2/repository/com/google/protobuf/protobuf-java/2.5.0/protobuf-java-2.5.0.jar:/home/runner/.m2/repository/com/google/guava/guava/31.1-jre/guava-31.1-jre.jar:/home/runner/.m2/repository/com/google/guava/failureaccess/1.0.1/failureaccess-1.0.1.jar:/home/runner/.m2/repository/com/google/guava/listenablefuture/9999.0-empty-to-avoid-conflict-with-guava/listenablefuture-9999.0-empty-to-avoid-conflict-with-guava.jar:/home/runner/.m2/repository/org/checkerframework/checker-qual/3.12.0/checker-qual-3.12.0.jar:/home/runner/.m2/repository/com/google/errorprone/error_prone_annotations/2.2.0/error_prone_annotations-2.2.0.jar:/home/runner/.m2/repository/com/google/j2objc/j2objc-annotations/1.3/j2objc-annotations-1.3.jar:/home/runner/.m2/repository/org/apache/commons/commons-lang3/3.7/commons-lang3-3.7.jar:/home/runner/.m2/repository/commons-io/commons-io/2.11.0/commons-io-2.11.0.jar:/home/runner/.m2/repository/com/fasterxml/jackson/core/jackson-annotations/2.13.2/jackson-annotations-2.13.2.jar:/home/runner/.m2/repository/com/fasterxml/jackson/datatype/jackson-datatype-jsr310/2.13.2/jackson-datatype-jsr310-2.13.2.jar:/home/runner/.m2/repository/com/fasterxml/jackson/core/jackson-core/2.13.2/jackson-core-2.13.2.jar:/home/runner/.m2/repository/com/fasterxml/jackson/core/jackson-databind/2.13.2.2/jackson-databind-2.13.2.2.jar:/home/runner/work/ozone/ozone/hadoop-hdds/config/target/classes:/home/runner/.m2/repository/javax/annotation/javax.annotation-api/1.2/javax.annotation-api-1.2.jar:/home/runner/.m2/repository/org/apache/ratis/ratis-server/2.3.0/ratis-server-2.3.0.jar:/home/runner/.m2/repository/org/apache/ratis/ratis-thirdparty-misc/1.0.0/ratis-thirdparty-misc-1.0.0.jar:/home/runner/.m2/repository/org/apache/ratis/ratis-proto/2.3.0/ratis-proto-2.3.0.jar:/home/runner/.m2/repository/org/apache/ratis/ratis-common/2.3.0/ratis-common-2.3.0.jar:/home/runner/.m2/repository/org/apache/ratis/ratis-client/2.3.0/ratis-client-2.3.0.jar:/home/runner/.m2/repository/org/apache/ratis/ratis-server-api/2.3.0/ratis-server-api-2.3.0.jar:/home/runner/.m2/repository/org/apache/ratis/ratis-metrics/2.3.0/ratis-metrics-2.3.0.jar:/home/runner/.m2/repository/org/apache/ratis/ratis-netty/2.3.0/ratis-netty-2.3.0.jar:/home/runner/.m2/repository/org/apache/ratis/ratis-grpc/2.3.0/ratis-grpc-2.3.0.jar:/home/runner/.m2/repository/org/apache/logging/log4j/log4j-api/2.17.1/log4j-api-2.17.1.jar:/home/runner/.m2/repository/org/apache/commons/commons-pool2/2.6.0/commons-pool2-2.6.0.jar:/home/runner/.m2/repository/org/bouncycastle/bcpkix-jdk15on/1.67/bcpkix-jdk15on-1.67.jar:/home/runner/.m2/repository/org/bouncycastle/bcprov-jdk15on/1.67/bcprov-jdk15on-1.67.jar:/home/runner/.m2/repository/commons-validator/commons-validator/1.6/commons-validator-1.6.jar:/home/runner/.m2/repository/commons-beanutils/commons-beanutils/1.9.4/commons-beanutils-1.9.4.jar:/home/runner/.m2/repository/commons-digester/commons-digester/1.8.1/commons-digester-1.8.1.jar:/home/runner/.m2/repository/commons-collections/commons-collections/3.2.2/commons-collections-3.2.2.jar:/home/runner/.m2/repository/io/jaegertracing/jaeger-client/1.6.0/jaeger-client-1.6.0.jar:/home/runner/.m2/repository/io/jaegertracing/jaeger-thrift/1.6.0/jaeger-thrift-1.6.0.jar:/home/runner/.m2/repository/org/apache/thrift/libthrift/0.14.1/libthrift-0.14.1.jar:/home/runner/.m2/repository/com/squareup/okhttp3/okhttp/4.9.0/okhttp-4.9.0.jar:/home/runner/.m2/repository/com/squareup/okio/okio/2.8.0/okio-2.8.0.jar:/home/runner/.m2/repository/io/jaegertracing/jaeger-core/1.6.0/jaeger-core-1.6.0.jar:/home/runner/.m2/repository/com/google/code/gson/gson/2.9.0/gson-2.9.0.jar:/home/runner/.m2/repository/io/jaegertracing/jaeger-tracerresolver/1.6.0/jaeger-tracerresolver-1.6.0.jar:/home/runner/.m2/repository/io/opentracing/contrib/opentracing-tracerresolver/0.1.8/opentracing-tracerresolver-0.1.8.jar:/home/runner/.m2/repository/org/jetbrains/kotlin/kotlin-stdlib/1.6.21/kotlin-stdlib-1.6.21.jar:/home/runner/.m2/repository/org/jetbrains/kotlin/kotlin-stdlib-common/1.6.21/kotlin-stdlib-common-1.6.21.jar:/home/runner/.m2/repository/org/jetbrains/annotations/13.0/annotations-13.0.jar:/home/runner/.m2/repository/io/opentracing/opentracing-util/0.33.0/opentracing-util-0.33.0.jar:/home/runner/.m2/repository/io/opentracing/opentracing-api/0.33.0/opentracing-api-0.33.0.jar:/home/runner/.m2/repository/io/opentracing/opentracing-noop/0.33.0/opentracing-noop-0.33.0.jar:/home/runner/.m2/repository/org/reflections/reflections/0.9.11/reflections-0.9.11.jar:/home/runner/.m2/repository/org/javassist/javassist/3.21.0-GA/javassist-3.21.0-GA.jar:/home/runner/work/ozone/ozone/hadoop-hdds/interface-client/target/classes:/home/runner/.m2/repository/org/apache/hadoop/thirdparty/hadoop-shaded-protobuf_3_7/1.1.1/hadoop-shaded-protobuf_3_7-1.1.1.jar:/home/runner/work/ozone/ozone/hadoop-hdds/interface-admin/target/classes:/home/runner/work/ozone/ozone/hadoop-hdds/test-utils/target/classes:/home/runner/.m2/repository/commons-logging/commons-logging/1.2/commons-logging-1.2.jar:/home/runner/.m2/repository/org/junit/jupiter/junit-jupiter-api/5.8.2/junit-jupiter-api-5.8.2.jar:/home/runner/.m2/repository/org/opentest4j/opentest4j/1.2.0/opentest4j-1.2.0.jar:/home/runner/.m2/repository/org/junit/platform/junit-platform-commons/1.8.2/junit-platform-commons-1.8.2.jar:/home/runner/.m2/repository/org/apiguardian/apiguardian-api/1.1.2/apiguardian-api-1.1.2.jar:/home/runner/.m2/repository/log4j/log4j/1.2.17/log4j-1.2.17.jar:/home/runner/.m2/repository/org/slf4j/slf4j-api/1.7.30/slf4j-api-1.7.30.jar:/home/runner/.m2/repository/org/apache/commons/commons-compress/1.21/commons-compress-1.21.jar:/home/runner/work/ozone/ozone/hadoop-hdds/common/target/test-classes:/home/runner/work/ozone/ozone/hadoop-hdds/framework/target/classes:/home/runner/work/ozone/ozone/hadoop-hdds/interface-server/target/classes:/home/runner/work/ozone/ozone/hadoop-hdds/hadoop-dependency-server/target/classes:/home/runner/.m2/repository/commons-cli/commons-cli/1.2/commons-cli-1.2.jar:/home/runner/.m2/repository/org/apache/logging/log4j/log4j-core/2.17.1/log4j-core-2.17.1.jar:/home/runner/.m2/repository/com/lmax/disruptor/3.4.2/disruptor-3.4.2.jar:/home/runner/.m2/repository/org/eclipse/jetty/jetty-util/9.4.43.v20210629/jetty-util-9.4.43.v20210629.jar:/home/runner/.m2/repository/org/eclipse/jetty/jetty-server/9.4.43.v20210629/jetty-server-9.4.43.v20210629.jar:/home/runner/.m2/repository/javax/servlet/javax.servlet-api/3.1.0/javax.servlet-api-3.1.0.jar:/home/runner/.m2/repository/org/eclipse/jetty/jetty-http/9.4.43.v20210629/jetty-http-9.4.43.v20210629.jar:/home/runner/.m2/repository/org/eclipse/jetty/jetty-io/9.4.43.v20210629/jetty-io-9.4.43.v20210629.jar:/home/runner/.m2/repository/org/eclipse/jetty/jetty-servlet/9.4.43.v20210629/jetty-servlet-9.4.43.v20210629.jar:/home/runner/.m2/repository/org/eclipse/jetty/jetty-security/9.4.43.v20210629/jetty-security-9.4.43.v20210629.jar:/home/runner/.m2/repository/org/eclipse/jetty/jetty-util-ajax/9.4.43.v20210629/jetty-util-ajax-9.4.43.v20210629.jar:/home/runner/.m2/repository/org/eclipse/jetty/jetty-webapp/9.4.43.v20210629/jetty-webapp-9.4.43.v20210629.jar:/home/runner/.m2/repository/org/eclipse/jetty/jetty-xml/9.4.43.v20210629/jetty-xml-9.4.43.v20210629.jar:/home/runner/.m2/repository/org/rocksdb/rocksdbjni/6.29.5/rocksdbjni-6.29.5.jar:/home/runner/.m2/repository/io/prometheus/simpleclient_dropwizard/0.7.0/simpleclient_dropwizard-0.7.0.jar:/home/runner/.m2/repository/io/prometheus/simpleclient/0.7.0/simpleclient-0.7.0.jar:/home/runner/.m2/repository/io/prometheus/simpleclient_common/0.7.0/simpleclient_common-0.7.0.jar:/home/runner/.m2/repository/org/apache/hadoop/hadoop-hdfs-client/3.3.1/hadoop-hdfs-client-3.3.1.jar:/home/runner/work/ozone/ozone/hadoop-hdds/client/target/classes:/home/runner/work/ozone/ozone/hadoop-hdds/erasurecode/target/classes:/home/runner/.m2/repository/commons-codec/commons-codec/1.11/commons-codec-1.11.jar:/home/runner/.m2/repository/io/dropwizard/metrics/metrics-core/3.2.4/metrics-core-3.2.4.jar:/home/runner/.m2/repository/org/mockito/mockito-core/2.28.2/mockito-core-2.28.2.jar:/home/runner/.m2/repository/net/bytebuddy/byte-buddy/1.9.10/byte-buddy-1.9.10.jar:/home/runner/.m2/repository/net/bytebuddy/byte-buddy-agent/1.9.10/byte-buddy-agent-1.9.10.jar:/home/runner/.m2/repository/org/objenesis/objenesis/1.0/objenesis-1.0.jar:/home/runner/.m2/repository/org/yaml/snakeyaml/1.26/snakeyaml-1.26.jar:/home/runner/work/ozone/ozone/hadoop-hdds/docs/target/classes:/home/runner/.m2/repository/com/github/spotbugs/spotbugs-annotations/3.1.12/spotbugs-annotations-3.1.12.jar:/home/runner/.m2/repository/com/google/code/findbugs/jsr305/3.0.0/jsr305-3.0.0.jar:/home/runner/.m2/repository/org/powermock/powermock-module-junit4/2.0.4/powermock-module-junit4-2.0.4.jar:/home/runner/.m2/repository/org/powermock/powermock-module-junit4-common/2.0.4/powermock-module-junit4-common-2.0.4.jar:/home/runner/.m2/repository/org/powermock/powermock-reflect/2.0.4/powermock-reflect-2.0.4.jar:/home/runner/.m2/repository/org/powermock/powermock-core/2.0.4/powermock-core-2.0.4.jar:/home/runner/.m2/repository/org/hamcrest/hamcrest-core/1.3/hamcrest-core-1.3.jar:/home/runner/.m2/repository/org/powermock/powermock-api-mockito2/2.0.4/powermock-api-mockito2-2.0.4.jar:/home/runner/.m2/repository/org/powermock/powermock-api-support/2.0.4/powermock-api-support-2.0.4.jar:/home/runner/work/ozone/ozone/hadoop-hdds/hadoop-dependency-test/target/classes:/home/runner/.m2/repository/org/apache/hadoop/hadoop-common/3.3.1/hadoop-common-3.3.1-tests.jar:/home/runner/.m2/repository/org/apache/hadoop/hadoop-hdfs/3.3.1/hadoop-hdfs-3.3.1-tests.jar:/home/runner/.m2/repository/org/assertj/assertj-core/3.12.2/assertj-core-3.12.2.jar:/home/runner/.m2/repository/org/slf4j/slf4j-log4j12/1.7.30/slf4j-log4j12-1.7.30.jar:/home/runner/.m2/repository/javax/xml/bind/jaxb-api/2.3.0/jaxb-api-2.3.0.jar:/home/runner/.m2/repository/org/glassfish/jaxb/jaxb-runtime/2.3.0.1/jaxb-runtime-2.3.0.1.jar:/home/runner/.m2/repository/org/glassfish/jaxb/jaxb-core/2.3.0.1/jaxb-core-2.3.0.1.jar:/home/runner/.m2/repository/org/glassfish/jaxb/txw2/2.3.0.1/txw2-2.3.0.1.jar:/home/runner/.m2/repository/com/sun/istack/istack-commons-runtime/3.0.5/istack-commons-runtime-3.0.5.jar:/home/runner/.m2/repository/org/jvnet/staxex/stax-ex/1.7.8/stax-ex-1.7.8.jar:/home/runner/.m2/repository/com/sun/xml/fastinfoset/FastInfoset/1.2.13/FastInfoset-1.2.13.jar:/home/runner/.m2/repository/io/netty/netty-transport/4.1.74.Final/netty-transport-4.1.74.Final.jar:/home/runner/.m2/repository/io/netty/netty-common/4.1.74.Final/netty-common-4.1.74.Final.jar:/home/runner/.m2/repository/io/netty/netty-buffer/4.1.74.Final/netty-buffer-4.1.74.Final.jar:/home/runner/.m2/repository/io/netty/netty-resolver/4.1.74.Final/netty-resolver-4.1.74.Final.jar:/home/runner/.m2/repository/io/netty/netty-codec/4.1.74.Final/netty-codec-4.1.74.Final.jar:/home/runner/.m2/repository/io/netty/netty-handler/4.1.74.Final/netty-handler-4.1.74.Final.jar:/home/runner/.m2/repository/io/netty/netty-tcnative-classes/2.0.48.Final/netty-tcnative-classes-2.0.48.Final.jar:/home/runner/.m2/repository/junit/junit/4.13.1/junit-4.13.1.jar:/home/runner/work/ozone/ozone/dev-support/annotations/target/classes:"/>
    <property name="sun.cpu.endian" value="little"/>
    <property name="user.home" value="/home/runner"/>
    <property name="user.language" value="en"/>
    <property name="java.specification.vendor" value="Oracle Corporation"/>
    <property name="java.home" value="/usr/lib/jvm/temurin-8-jdk-amd64/jre"/>
    <property name="java.security.krb5.conf" value="/home/runner/work/ozone/ozone/hadoop-hdds/container-service/target/test-classes/krb5.conf"/>
    <property name="basedir" value="/home/runner/work/ozone/ozone/hadoop-hdds/container-service"/>
    <property name="file.separator" value="/"/>
    <property name="line.separator" value="&#10;"/>
    <property name="java.vm.specification.vendor" value="Oracle Corporation"/>
    <property name="java.specification.name" value="Java Platform API Specification"/>
    <property name="java.awt.graphicsenv" value="sun.awt.X11GraphicsEnvironment"/>
    <property name="skip.installnpx" value="true"/>
    <property name="surefire.real.class.path" value="/home/runner/work/ozone/ozone/hadoop-hdds/container-service/target/surefire/surefirebooter1283066238430174040.jar:/home/runner/.m2/repository/org/jacoco/org.jacoco.agent/0.8.5/org.jacoco.agent-0.8.5-runtime.jar"/>
    <property name="hadoop.log.dir" value="/home/runner/work/ozone/ozone/hadoop-hdds/container-service/target/log"/>
    <property name="sun.boot.class.path" value="/usr/lib/jvm/temurin-8-jdk-amd64/jre/lib/resources.jar:/usr/lib/jvm/temurin-8-jdk-amd64/jre/lib/rt.jar:/usr/lib/jvm/temurin-8-jdk-amd64/jre/lib/sunrsasign.jar:/usr/lib/jvm/temurin-8-jdk-amd64/jre/lib/jsse.jar:/usr/lib/jvm/temurin-8-jdk-amd64/jre/lib/jce.jar:/usr/lib/jvm/temurin-8-jdk-amd64/jre/lib/charsets.jar:/usr/lib/jvm/temurin-8-jdk-amd64/jre/lib/jfr.jar:/usr/lib/jvm/temurin-8-jdk-amd64/jre/classes"/>
    <property name="sun.management.compiler" value="HotSpot 64-Bit Tiered Compilers"/>
    <property name="skip.npx" value="true"/>
    <property name="java.runtime.version" value="1.8.0_332-b09"/>
    <property name="java.net.preferIPv4Stack" value="true"/>
    <property name="user.name" value="runner"/>
    <property name="path.separator" value=":"/>
    <property name="java.security.egd" value="file:///dev/urandom"/>
    <property name="os.version" value="5.4.0-1085-azure"/>
    <property name="java.endorsed.dirs" value="/usr/lib/jvm/temurin-8-jdk-amd64/jre/lib/endorsed"/>
    <property name="java.runtime.name" value="OpenJDK Runtime Environment"/>
    <property name="file.encoding" value="UTF-8"/>
    <property name="java.vm.name" value="OpenJDK 64-Bit Server VM"/>
    <property name="test.build.webapps" value=""/>
    <property name="localRepository" value="/home/runner/.m2/repository"/>
    <property name="java.vendor.url.bug" value="https://github.com/adoptium/adoptium-support/issues"/>
    <property name="java.io.tmpdir" value="/tmp"/>
    <property name="require.test.libhadoop" value=""/>
    <property name="java.version" value="1.8.0_332"/>
    <property name="user.dir" value="/home/runner/work/ozone/ozone/hadoop-hdds/container-service"/>
    <property name="os.arch" value="amd64"/>
    <property name="java.vm.specification.name" value="Java Virtual Machine Specification"/>
    <property name="test.build.classes" value="/home/runner/work/ozone/ozone/hadoop-hdds/container-service/target/test-classes"/>
    <property name="java.awt.printerjob" value="sun.print.PSPrinterJob"/>
    <property name="sun.os.patch.level" value="unknown"/>
    <property name="hadoop.tmp.dir" value="/home/runner/work/ozone/ozone/hadoop-hdds/container-service/target/tmp"/>
    <property name="java.library.path" value="/usr/java/packages/lib/amd64:/usr/lib64:/lib64:/lib:/usr/lib"/>
    <property name="java.vm.info" value="mixed mode"/>
    <property name="java.vendor" value="Temurin"/>
    <property name="java.vm.version" value="25.332-b09"/>
    <property name="java.ext.dirs" value="/usr/lib/jvm/temurin-8-jdk-amd64/jre/lib/ext:/usr/java/packages/lib/ext"/>
    <property name="sun.io.unicode.encoding" value="UnicodeLittle"/>
    <property name="java.class.version" value="52.0"/>
  </properties>
  <testcase name="testCreateContainer" classname="TestContainerPersistence" time="0.521">
    <system-out><![CDATA[2022-07-11 01:03:59,583 [Time-limited test] INFO  volume.HddsVolume (HddsVolume.java:<init>(116)) - Creating HddsVolume: /home/runner/work/ozone/ozone/hadoop-hdds/container-service/target/test-dir/TestContainerPersistence/hdds of storage type : DISK capacity : 9223372036854775807
2022-07-11 01:03:59,588 [Time-limited test] INFO  volume.MutableVolumeSet (MutableVolumeSet.java:initializeVolumeSet(174)) - Added Volume : /home/runner/work/ozone/ozone/hadoop-hdds/container-service/target/test-dir/TestContainerPersistence/hdds to VolumeSet
2022-07-11 01:03:59,955 [Time-limited test] WARN  util.NativeCodeLoader (NativeCodeLoader.java:<clinit>(60)) - Unable to load native-hadoop library for your platform... using builtin-java classes where applicable
2022-07-11 01:03:59,967 [Time-limited test] INFO  impl.TestContainerPersistence (TestContainerPersistence.java:cleanupDir(170)) - Deleting /home/runner/work/ozone/ozone/hadoop-hdds/container-service/target/test-dir/TestContainerPersistence
]]></system-out>
  </testcase>
  <testcase name="testCreateContainer" classname="TestContainerPersistence" time="0.047">
    <system-out><![CDATA[2022-07-11 01:04:02,387 [Time-limited test] INFO  volume.HddsVolume (HddsVolume.java:<init>(116)) - Creating HddsVolume: /home/runner/work/ozone/ozone/hadoop-hdds/container-service/target/test-dir/TestContainerPersistence/hdds of storage type : DISK capacity : 9223372036854775807
2022-07-11 01:04:02,387 [Time-limited test] INFO  volume.MutableVolumeSet (MutableVolumeSet.java:initializeVolumeSet(174)) - Added Volume : /home/runner/work/ozone/ozone/hadoop-hdds/container-service/target/test-dir/TestContainerPersistence/hdds to VolumeSet
2022-07-11 01:04:02,426 [Time-limited test] INFO  impl.TestContainerPersistence (TestContainerPersistence.java:cleanupDir(170)) - Deleting /home/runner/work/ozone/ozone/hadoop-hdds/container-service/target/test-dir/TestContainerPersistence
]]></system-out>
  </testcase>
  <testcase name="testCreateContainer" classname="TestContainerPersistence" time="0.057">
    <system-out><![CDATA[2022-07-11 01:04:04,324 [Time-limited test] INFO  volume.HddsVolume (HddsVolume.java:<init>(116)) - Creating HddsVolume: /home/runner/work/ozone/ozone/hadoop-hdds/container-service/target/test-dir/TestContainerPersistence/hdds of storage type : DISK capacity : 9223372036854775807
2022-07-11 01:04:04,324 [Time-limited test] INFO  volume.MutableVolumeSet (MutableVolumeSet.java:initializeVolumeSet(174)) - Added Volume : /home/runner/work/ozone/ozone/hadoop-hdds/container-service/target/test-dir/TestContainerPersistence/hdds to VolumeSet
2022-07-11 01:04:04,364 [Time-limited test] INFO  volume.HddsVolume (HddsVolume.java:createDbStore(309)) - SchemaV3 db is created and loaded at /home/runner/work/ozone/ozone/hadoop-hdds/container-service/target/test-dir/TestContainerPersistence/hdds/10c612e0-bc91-43ff-ba99-20cb0feac034/DS-75b9013f-7373-4754-96ba-40c9a7224580/container.db for volume DS-75b9013f-7373-4754-96ba-40c9a7224580
2022-07-11 01:04:04,370 [Time-limited test] INFO  impl.TestContainerPersistence (TestContainerPersistence.java:cleanupDir(170)) - Deleting /home/runner/work/ozone/ozone/hadoop-hdds/container-service/target/test-dir/TestContainerPersistence
]]></system-out>
  </testcase>
  <testcase name="testCreateContainer" classname="TestContainerPersistence" time="0.049">
    <system-out><![CDATA[2022-07-11 01:04:05,607 [Time-limited test] INFO  volume.HddsVolume (HddsVolume.java:<init>(116)) - Creating HddsVolume: /home/runner/work/ozone/ozone/hadoop-hdds/container-service/target/test-dir/TestContainerPersistence/hdds of storage type : DISK capacity : 9223372036854775807
2022-07-11 01:04:05,607 [Time-limited test] INFO  volume.MutableVolumeSet (MutableVolumeSet.java:initializeVolumeSet(174)) - Added Volume : /home/runner/work/ozone/ozone/hadoop-hdds/container-service/target/test-dir/TestContainerPersistence/hdds to VolumeSet
2022-07-11 01:04:05,650 [Time-limited test] INFO  impl.TestContainerPersistence (TestContainerPersistence.java:cleanupDir(170)) - Deleting /home/runner/work/ozone/ozone/hadoop-hdds/container-service/target/test-dir/TestContainerPersistence
]]></system-out>
  </testcase>
  <testcase name="testCreateContainer" classname="TestContainerPersistence" time="0.039">
    <system-out><![CDATA[2022-07-11 01:04:06,852 [Time-limited test] INFO  volume.HddsVolume (HddsVolume.java:<init>(116)) - Creating HddsVolume: /home/runner/work/ozone/ozone/hadoop-hdds/container-service/target/test-dir/TestContainerPersistence/hdds of storage type : DISK capacity : 9223372036854775807
2022-07-11 01:04:06,852 [Time-limited test] INFO  volume.MutableVolumeSet (MutableVolumeSet.java:initializeVolumeSet(174)) - Added Volume : /home/runner/work/ozone/ozone/hadoop-hdds/container-service/target/test-dir/TestContainerPersistence/hdds to VolumeSet
2022-07-11 01:04:06,881 [Time-limited test] INFO  impl.TestContainerPersistence (TestContainerPersistence.java:cleanupDir(170)) - Deleting /home/runner/work/ozone/ozone/hadoop-hdds/container-service/target/test-dir/TestContainerPersistence
]]></system-out>
  </testcase>
  <testcase name="testCreateContainer" classname="TestContainerPersistence" time="0.042">
    <system-out><![CDATA[2022-07-11 01:04:08,056 [Time-limited test] INFO  volume.HddsVolume (HddsVolume.java:<init>(116)) - Creating HddsVolume: /home/runner/work/ozone/ozone/hadoop-hdds/container-service/target/test-dir/TestContainerPersistence/hdds of storage type : DISK capacity : 9223372036854775807
2022-07-11 01:04:08,057 [Time-limited test] INFO  volume.MutableVolumeSet (MutableVolumeSet.java:initializeVolumeSet(174)) - Added Volume : /home/runner/work/ozone/ozone/hadoop-hdds/container-service/target/test-dir/TestContainerPersistence/hdds to VolumeSet
2022-07-11 01:04:08,085 [Time-limited test] INFO  volume.HddsVolume (HddsVolume.java:createDbStore(309)) - SchemaV3 db is created and loaded at /home/runner/work/ozone/ozone/hadoop-hdds/container-service/target/test-dir/TestContainerPersistence/hdds/10c612e0-bc91-43ff-ba99-20cb0feac034/DS-b9d165d3-1b39-4f61-a8b2-93a4fff9794a/container.db for volume DS-b9d165d3-1b39-4f61-a8b2-93a4fff9794a
2022-07-11 01:04:08,090 [Time-limited test] INFO  impl.TestContainerPersistence (TestContainerPersistence.java:cleanupDir(170)) - Deleting /home/runner/work/ozone/ozone/hadoop-hdds/container-service/target/test-dir/TestContainerPersistence
]]></system-out>
  </testcase>
  <testcase name="testPutBlock" classname="TestContainerPersistence" time="0.128">
    <system-out><![CDATA[2022-07-11 01:03:59,988 [Time-limited test] INFO  volume.HddsVolume (HddsVolume.java:<init>(116)) - Creating HddsVolume: /home/runner/work/ozone/ozone/hadoop-hdds/container-service/target/test-dir/TestContainerPersistence/hdds of storage type : DISK capacity : 9223372036854775807
2022-07-11 01:03:59,988 [Time-limited test] INFO  volume.MutableVolumeSet (MutableVolumeSet.java:initializeVolumeSet(174)) - Added Volume : /home/runner/work/ozone/ozone/hadoop-hdds/container-service/target/test-dir/TestContainerPersistence/hdds to VolumeSet
2022-07-11 01:04:00,106 [Time-limited test] INFO  impl.TestContainerPersistence (TestContainerPersistence.java:cleanupDir(170)) - Deleting /home/runner/work/ozone/ozone/hadoop-hdds/container-service/target/test-dir/TestContainerPersistence
]]></system-out>
  </testcase>
  <testcase name="testPutBlock" classname="TestContainerPersistence" time="0.044">
    <system-out><![CDATA[2022-07-11 01:04:02,435 [Time-limited test] INFO  volume.HddsVolume (HddsVolume.java:<init>(116)) - Creating HddsVolume: /home/runner/work/ozone/ozone/hadoop-hdds/container-service/target/test-dir/TestContainerPersistence/hdds of storage type : DISK capacity : 9223372036854775807
2022-07-11 01:04:02,435 [Time-limited test] INFO  volume.MutableVolumeSet (MutableVolumeSet.java:initializeVolumeSet(174)) - Added Volume : /home/runner/work/ozone/ozone/hadoop-hdds/container-service/target/test-dir/TestContainerPersistence/hdds to VolumeSet
2022-07-11 01:04:02,470 [Time-limited test] INFO  impl.TestContainerPersistence (TestContainerPersistence.java:cleanupDir(170)) - Deleting /home/runner/work/ozone/ozone/hadoop-hdds/container-service/target/test-dir/TestContainerPersistence
]]></system-out>
  </testcase>
  <testcase name="testPutBlock" classname="TestContainerPersistence" time="0.043">
    <system-out><![CDATA[2022-07-11 01:04:04,380 [Time-limited test] INFO  volume.HddsVolume (HddsVolume.java:<init>(116)) - Creating HddsVolume: /home/runner/work/ozone/ozone/hadoop-hdds/container-service/target/test-dir/TestContainerPersistence/hdds of storage type : DISK capacity : 9223372036854775807
2022-07-11 01:04:04,380 [Time-limited test] INFO  volume.MutableVolumeSet (MutableVolumeSet.java:initializeVolumeSet(174)) - Added Volume : /home/runner/work/ozone/ozone/hadoop-hdds/container-service/target/test-dir/TestContainerPersistence/hdds to VolumeSet
2022-07-11 01:04:04,409 [Time-limited test] INFO  volume.HddsVolume (HddsVolume.java:createDbStore(309)) - SchemaV3 db is created and loaded at /home/runner/work/ozone/ozone/hadoop-hdds/container-service/target/test-dir/TestContainerPersistence/hdds/10c612e0-bc91-43ff-ba99-20cb0feac034/DS-f4beb08e-6e03-4abd-b323-c06e9ed1313e/container.db for volume DS-f4beb08e-6e03-4abd-b323-c06e9ed1313e
2022-07-11 01:04:04,414 [Time-limited test] INFO  impl.TestContainerPersistence (TestContainerPersistence.java:cleanupDir(170)) - Deleting /home/runner/work/ozone/ozone/hadoop-hdds/container-service/target/test-dir/TestContainerPersistence
]]></system-out>
  </testcase>
  <testcase name="testPutBlock" classname="TestContainerPersistence" time="0.047">
    <system-out><![CDATA[2022-07-11 01:04:05,653 [Time-limited test] INFO  volume.HddsVolume (HddsVolume.java:<init>(116)) - Creating HddsVolume: /home/runner/work/ozone/ozone/hadoop-hdds/container-service/target/test-dir/TestContainerPersistence/hdds of storage type : DISK capacity : 9223372036854775807
2022-07-11 01:04:05,653 [Time-limited test] INFO  volume.MutableVolumeSet (MutableVolumeSet.java:initializeVolumeSet(174)) - Added Volume : /home/runner/work/ozone/ozone/hadoop-hdds/container-service/target/test-dir/TestContainerPersistence/hdds to VolumeSet
2022-07-11 01:04:05,697 [Time-limited test] INFO  impl.TestContainerPersistence (TestContainerPersistence.java:cleanupDir(170)) - Deleting /home/runner/work/ozone/ozone/hadoop-hdds/container-service/target/test-dir/TestContainerPersistence
]]></system-out>
  </testcase>
  <testcase name="testPutBlock" classname="TestContainerPersistence" time="0.041">
    <system-out><![CDATA[2022-07-11 01:04:06,887 [Time-limited test] INFO  volume.HddsVolume (HddsVolume.java:<init>(116)) - Creating HddsVolume: /home/runner/work/ozone/ozone/hadoop-hdds/container-service/target/test-dir/TestContainerPersistence/hdds of storage type : DISK capacity : 9223372036854775807
2022-07-11 01:04:06,887 [Time-limited test] INFO  volume.MutableVolumeSet (MutableVolumeSet.java:initializeVolumeSet(174)) - Added Volume : /home/runner/work/ozone/ozone/hadoop-hdds/container-service/target/test-dir/TestContainerPersistence/hdds to VolumeSet
2022-07-11 01:04:06,922 [Time-limited test] INFO  impl.TestContainerPersistence (TestContainerPersistence.java:cleanupDir(170)) - Deleting /home/runner/work/ozone/ozone/hadoop-hdds/container-service/target/test-dir/TestContainerPersistence
]]></system-out>
  </testcase>
  <testcase name="testPutBlock" classname="TestContainerPersistence" time="0.04">
    <system-out><![CDATA[2022-07-11 01:04:08,095 [Time-limited test] INFO  volume.HddsVolume (HddsVolume.java:<init>(116)) - Creating HddsVolume: /home/runner/work/ozone/ozone/hadoop-hdds/container-service/target/test-dir/TestContainerPersistence/hdds of storage type : DISK capacity : 9223372036854775807
2022-07-11 01:04:08,095 [Time-limited test] INFO  volume.MutableVolumeSet (MutableVolumeSet.java:initializeVolumeSet(174)) - Added Volume : /home/runner/work/ozone/ozone/hadoop-hdds/container-service/target/test-dir/TestContainerPersistence/hdds to VolumeSet
2022-07-11 01:04:08,125 [Time-limited test] INFO  volume.HddsVolume (HddsVolume.java:createDbStore(309)) - SchemaV3 db is created and loaded at /home/runner/work/ozone/ozone/hadoop-hdds/container-service/target/test-dir/TestContainerPersistence/hdds/10c612e0-bc91-43ff-ba99-20cb0feac034/DS-5d24b760-1f2b-4e2d-93c1-67c931a7668b/container.db for volume DS-5d24b760-1f2b-4e2d-93c1-67c931a7668b
2022-07-11 01:04:08,130 [Time-limited test] INFO  impl.TestContainerPersistence (TestContainerPersistence.java:cleanupDir(170)) - Deleting /home/runner/work/ozone/ozone/hadoop-hdds/container-service/target/test-dir/TestContainerPersistence
]]></system-out>
  </testcase>
  <testcase name="testDeleteChunk" classname="TestContainerPersistence" time="0.109">
    <system-out><![CDATA[2022-07-11 01:04:00,112 [Time-limited test] INFO  volume.HddsVolume (HddsVolume.java:<init>(116)) - Creating HddsVolume: /home/runner/work/ozone/ozone/hadoop-hdds/container-service/target/test-dir/TestContainerPersistence/hdds of storage type : DISK capacity : 9223372036854775807
2022-07-11 01:04:00,113 [Time-limited test] INFO  volume.MutableVolumeSet (MutableVolumeSet.java:initializeVolumeSet(174)) - Added Volume : /home/runner/work/ozone/ozone/hadoop-hdds/container-service/target/test-dir/TestContainerPersistence/hdds to VolumeSet
2022-07-11 01:04:00,170 [Time-limited test] INFO  impl.FilePerChunkStrategy (FilePerChunkStrategy.java:deleteChunk(322)) - Deleted chunk file /home/runner/work/ozone/ozone/hadoop-hdds/container-service/target/test-dir/TestContainerPersistence/hdds/10c612e0-bc91-43ff-ba99-20cb0feac034/current/containerDir108/1657501440125/chunks/1657501440163.data.1 (size 1024) for chunk ChunkInfo{chunkName='1657501440163.data.1, offset=0, len=1024}
2022-07-11 01:04:00,210 [Time-limited test] INFO  impl.TestContainerPersistence (TestContainerPersistence.java:cleanupDir(170)) - Deleting /home/runner/work/ozone/ozone/hadoop-hdds/container-service/target/test-dir/TestContainerPersistence
]]></system-out>
  </testcase>
  <testcase name="testDeleteChunk" classname="TestContainerPersistence" time="0.038">
    <system-out><![CDATA[2022-07-11 01:04:02,475 [Time-limited test] INFO  volume.HddsVolume (HddsVolume.java:<init>(116)) - Creating HddsVolume: /home/runner/work/ozone/ozone/hadoop-hdds/container-service/target/test-dir/TestContainerPersistence/hdds of storage type : DISK capacity : 9223372036854775807
2022-07-11 01:04:02,475 [Time-limited test] INFO  volume.MutableVolumeSet (MutableVolumeSet.java:initializeVolumeSet(174)) - Added Volume : /home/runner/work/ozone/ozone/hadoop-hdds/container-service/target/test-dir/TestContainerPersistence/hdds to VolumeSet
2022-07-11 01:04:02,508 [Time-limited test] INFO  impl.FilePerChunkStrategy (FilePerChunkStrategy.java:deleteChunk(322)) - Deleted chunk file /home/runner/work/ozone/ozone/hadoop-hdds/container-service/target/test-dir/TestContainerPersistence/hdds/10c612e0-bc91-43ff-ba99-20cb0feac034/current/containerDir112/1657501442481/chunks/1657501442508.data.1 (size 1024) for chunk ChunkInfo{chunkName='1657501442508.data.1, offset=0, len=1024}
2022-07-11 01:04:02,509 [Time-limited test] INFO  impl.TestContainerPersistence (TestContainerPersistence.java:cleanupDir(170)) - Deleting /home/runner/work/ozone/ozone/hadoop-hdds/container-service/target/test-dir/TestContainerPersistence
]]></system-out>
  </testcase>
  <testcase name="testDeleteChunk" classname="TestContainerPersistence" time="0.04">
    <system-out><![CDATA[2022-07-11 01:04:04,418 [Time-limited test] INFO  volume.HddsVolume (HddsVolume.java:<init>(116)) - Creating HddsVolume: /home/runner/work/ozone/ozone/hadoop-hdds/container-service/target/test-dir/TestContainerPersistence/hdds of storage type : DISK capacity : 9223372036854775807
2022-07-11 01:04:04,419 [Time-limited test] INFO  volume.MutableVolumeSet (MutableVolumeSet.java:initializeVolumeSet(174)) - Added Volume : /home/runner/work/ozone/ozone/hadoop-hdds/container-service/target/test-dir/TestContainerPersistence/hdds to VolumeSet
2022-07-11 01:04:04,447 [Time-limited test] INFO  volume.HddsVolume (HddsVolume.java:createDbStore(309)) - SchemaV3 db is created and loaded at /home/runner/work/ozone/ozone/hadoop-hdds/container-service/target/test-dir/TestContainerPersistence/hdds/10c612e0-bc91-43ff-ba99-20cb0feac034/DS-a5815103-0217-4fba-a6eb-dfccaab9aacb/container.db for volume DS-a5815103-0217-4fba-a6eb-dfccaab9aacb
2022-07-11 01:04:04,452 [Time-limited test] INFO  impl.FilePerChunkStrategy (FilePerChunkStrategy.java:deleteChunk(322)) - Deleted chunk file /home/runner/work/ozone/ozone/hadoop-hdds/container-service/target/test-dir/TestContainerPersistence/hdds/10c612e0-bc91-43ff-ba99-20cb0feac034/current/containerDir116/1657501444448/chunks/1657501444451.data.1 (size 1024) for chunk ChunkInfo{chunkName='1657501444451.data.1, offset=0, len=1024}
2022-07-11 01:04:04,454 [Time-limited test] INFO  impl.TestContainerPersistence (TestContainerPersistence.java:cleanupDir(170)) - Deleting /home/runner/work/ozone/ozone/hadoop-hdds/container-service/target/test-dir/TestContainerPersistence
]]></system-out>
  </testcase>
  <testcase name="testDeleteChunk" classname="TestContainerPersistence" time="0.049">
    <system-out><![CDATA[2022-07-11 01:04:05,707 [Time-limited test] INFO  volume.HddsVolume (HddsVolume.java:<init>(116)) - Creating HddsVolume: /home/runner/work/ozone/ozone/hadoop-hdds/container-service/target/test-dir/TestContainerPersistence/hdds of storage type : DISK capacity : 9223372036854775807
2022-07-11 01:04:05,708 [Time-limited test] INFO  volume.MutableVolumeSet (MutableVolumeSet.java:initializeVolumeSet(174)) - Added Volume : /home/runner/work/ozone/ozone/hadoop-hdds/container-service/target/test-dir/TestContainerPersistence/hdds to VolumeSet
2022-07-11 01:04:05,745 [Time-limited test] INFO  impl.FilePerBlockStrategy (FilePerBlockStrategy.java:deleteChunk(232)) - Deleted block file: /home/runner/work/ozone/ozone/hadoop-hdds/container-service/target/test-dir/TestContainerPersistence/hdds/10c612e0-bc91-43ff-ba99-20cb0feac034/current/containerDir119/1657501445715/chunks/1657501445745.block
2022-07-11 01:04:05,746 [Time-limited test] INFO  impl.TestContainerPersistence (TestContainerPersistence.java:cleanupDir(170)) - Deleting /home/runner/work/ozone/ozone/hadoop-hdds/container-service/target/test-dir/TestContainerPersistence
]]></system-out>
  </testcase>
  <testcase name="testDeleteChunk" classname="TestContainerPersistence" time="0.034">
    <system-out><![CDATA[2022-07-11 01:04:06,925 [Time-limited test] INFO  volume.HddsVolume (HddsVolume.java:<init>(116)) - Creating HddsVolume: /home/runner/work/ozone/ozone/hadoop-hdds/container-service/target/test-dir/TestContainerPersistence/hdds of storage type : DISK capacity : 9223372036854775807
2022-07-11 01:04:06,925 [Time-limited test] INFO  volume.MutableVolumeSet (MutableVolumeSet.java:initializeVolumeSet(174)) - Added Volume : /home/runner/work/ozone/ozone/hadoop-hdds/container-service/target/test-dir/TestContainerPersistence/hdds to VolumeSet
2022-07-11 01:04:06,956 [Time-limited test] INFO  impl.FilePerBlockStrategy (FilePerBlockStrategy.java:deleteChunk(232)) - Deleted block file: /home/runner/work/ozone/ozone/hadoop-hdds/container-service/target/test-dir/TestContainerPersistence/hdds/10c612e0-bc91-43ff-ba99-20cb0feac034/current/containerDir121/1657501446931/chunks/1657501446956.block
2022-07-11 01:04:06,956 [Time-limited test] INFO  impl.TestContainerPersistence (TestContainerPersistence.java:cleanupDir(170)) - Deleting /home/runner/work/ozone/ozone/hadoop-hdds/container-service/target/test-dir/TestContainerPersistence
]]></system-out>
  </testcase>
  <testcase name="testDeleteChunk" classname="TestContainerPersistence" time="0.044">
    <system-out><![CDATA[2022-07-11 01:04:08,135 [Time-limited test] INFO  volume.HddsVolume (HddsVolume.java:<init>(116)) - Creating HddsVolume: /home/runner/work/ozone/ozone/hadoop-hdds/container-service/target/test-dir/TestContainerPersistence/hdds of storage type : DISK capacity : 9223372036854775807
2022-07-11 01:04:08,135 [Time-limited test] INFO  volume.MutableVolumeSet (MutableVolumeSet.java:initializeVolumeSet(174)) - Added Volume : /home/runner/work/ozone/ozone/hadoop-hdds/container-service/target/test-dir/TestContainerPersistence/hdds to VolumeSet
2022-07-11 01:04:08,169 [Time-limited test] INFO  volume.HddsVolume (HddsVolume.java:createDbStore(309)) - SchemaV3 db is created and loaded at /home/runner/work/ozone/ozone/hadoop-hdds/container-service/target/test-dir/TestContainerPersistence/hdds/10c612e0-bc91-43ff-ba99-20cb0feac034/DS-d466d31c-32e6-44a0-8a91-a95f4aa1dfab/container.db for volume DS-d466d31c-32e6-44a0-8a91-a95f4aa1dfab
2022-07-11 01:04:08,173 [Time-limited test] INFO  impl.FilePerBlockStrategy (FilePerBlockStrategy.java:deleteChunk(232)) - Deleted block file: /home/runner/work/ozone/ozone/hadoop-hdds/container-service/target/test-dir/TestContainerPersistence/hdds/10c612e0-bc91-43ff-ba99-20cb0feac034/current/containerDir123/1657501448169/chunks/1657501448172.block
2022-07-11 01:04:08,174 [Time-limited test] INFO  impl.TestContainerPersistence (TestContainerPersistence.java:cleanupDir(170)) - Deleting /home/runner/work/ozone/ozone/hadoop-hdds/container-service/target/test-dir/TestContainerPersistence
]]></system-out>
  </testcase>
  <testcase name="testWriteChunk" classname="TestContainerPersistence" time="0.056">
    <system-out><![CDATA[2022-07-11 01:04:00,225 [Time-limited test] INFO  volume.HddsVolume (HddsVolume.java:<init>(116)) - Creating HddsVolume: /home/runner/work/ozone/ozone/hadoop-hdds/container-service/target/test-dir/TestContainerPersistence/hdds of storage type : DISK capacity : 9223372036854775807
2022-07-11 01:04:00,225 [Time-limited test] INFO  volume.MutableVolumeSet (MutableVolumeSet.java:initializeVolumeSet(174)) - Added Volume : /home/runner/work/ozone/ozone/hadoop-hdds/container-service/target/test-dir/TestContainerPersistence/hdds to VolumeSet
2022-07-11 01:04:00,270 [Time-limited test] INFO  impl.TestContainerPersistence (TestContainerPersistence.java:cleanupDir(170)) - Deleting /home/runner/work/ozone/ozone/hadoop-hdds/container-service/target/test-dir/TestContainerPersistence
]]></system-out>
  </testcase>
  <testcase name="testWriteChunk" classname="TestContainerPersistence" time="0.05">
    <system-out><![CDATA[2022-07-11 01:04:02,515 [Time-limited test] INFO  volume.HddsVolume (HddsVolume.java:<init>(116)) - Creating HddsVolume: /home/runner/work/ozone/ozone/hadoop-hdds/container-service/target/test-dir/TestContainerPersistence/hdds of storage type : DISK capacity : 9223372036854775807
2022-07-11 01:04:02,515 [Time-limited test] INFO  volume.MutableVolumeSet (MutableVolumeSet.java:initializeVolumeSet(174)) - Added Volume : /home/runner/work/ozone/ozone/hadoop-hdds/container-service/target/test-dir/TestContainerPersistence/hdds to VolumeSet
2022-07-11 01:04:02,558 [Time-limited test] INFO  impl.TestContainerPersistence (TestContainerPersistence.java:cleanupDir(170)) - Deleting /home/runner/work/ozone/ozone/hadoop-hdds/container-service/target/test-dir/TestContainerPersistence
]]></system-out>
  </testcase>
  <testcase name="testWriteChunk" classname="TestContainerPersistence" time="0.049">
    <system-out><![CDATA[2022-07-11 01:04:04,459 [Time-limited test] INFO  volume.HddsVolume (HddsVolume.java:<init>(116)) - Creating HddsVolume: /home/runner/work/ozone/ozone/hadoop-hdds/container-service/target/test-dir/TestContainerPersistence/hdds of storage type : DISK capacity : 9223372036854775807
2022-07-11 01:04:04,459 [Time-limited test] INFO  volume.MutableVolumeSet (MutableVolumeSet.java:initializeVolumeSet(174)) - Added Volume : /home/runner/work/ozone/ozone/hadoop-hdds/container-service/target/test-dir/TestContainerPersistence/hdds to VolumeSet
2022-07-11 01:04:04,494 [Time-limited test] INFO  volume.HddsVolume (HddsVolume.java:createDbStore(309)) - SchemaV3 db is created and loaded at /home/runner/work/ozone/ozone/hadoop-hdds/container-service/target/test-dir/TestContainerPersistence/hdds/10c612e0-bc91-43ff-ba99-20cb0feac034/DS-84aad1bf-5f71-4658-ba69-125f1a72afb9/container.db for volume DS-84aad1bf-5f71-4658-ba69-125f1a72afb9
2022-07-11 01:04:04,502 [Time-limited test] INFO  impl.TestContainerPersistence (TestContainerPersistence.java:cleanupDir(170)) - Deleting /home/runner/work/ozone/ozone/hadoop-hdds/container-service/target/test-dir/TestContainerPersistence
]]></system-out>
  </testcase>
  <testcase name="testWriteChunk" classname="TestContainerPersistence" time="0.048">
    <system-out><![CDATA[2022-07-11 01:04:05,752 [Time-limited test] INFO  volume.HddsVolume (HddsVolume.java:<init>(116)) - Creating HddsVolume: /home/runner/work/ozone/ozone/hadoop-hdds/container-service/target/test-dir/TestContainerPersistence/hdds of storage type : DISK capacity : 9223372036854775807
2022-07-11 01:04:05,752 [Time-limited test] INFO  volume.MutableVolumeSet (MutableVolumeSet.java:initializeVolumeSet(174)) - Added Volume : /home/runner/work/ozone/ozone/hadoop-hdds/container-service/target/test-dir/TestContainerPersistence/hdds to VolumeSet
2022-07-11 01:04:05,794 [Time-limited test] INFO  impl.TestContainerPersistence (TestContainerPersistence.java:cleanupDir(170)) - Deleting /home/runner/work/ozone/ozone/hadoop-hdds/container-service/target/test-dir/TestContainerPersistence
]]></system-out>
  </testcase>
  <testcase name="testWriteChunk" classname="TestContainerPersistence" time="0.05">
    <system-out><![CDATA[2022-07-11 01:04:06,967 [Time-limited test] INFO  volume.HddsVolume (HddsVolume.java:<init>(116)) - Creating HddsVolume: /home/runner/work/ozone/ozone/hadoop-hdds/container-service/target/test-dir/TestContainerPersistence/hdds of storage type : DISK capacity : 9223372036854775807
2022-07-11 01:04:06,967 [Time-limited test] INFO  volume.MutableVolumeSet (MutableVolumeSet.java:initializeVolumeSet(174)) - Added Volume : /home/runner/work/ozone/ozone/hadoop-hdds/container-service/target/test-dir/TestContainerPersistence/hdds to VolumeSet
2022-07-11 01:04:07,006 [Time-limited test] INFO  impl.TestContainerPersistence (TestContainerPersistence.java:cleanupDir(170)) - Deleting /home/runner/work/ozone/ozone/hadoop-hdds/container-service/target/test-dir/TestContainerPersistence
]]></system-out>
  </testcase>
  <testcase name="testWriteChunk" classname="TestContainerPersistence" time="0.039">
    <system-out><![CDATA[2022-07-11 01:04:08,179 [Time-limited test] INFO  volume.HddsVolume (HddsVolume.java:<init>(116)) - Creating HddsVolume: /home/runner/work/ozone/ozone/hadoop-hdds/container-service/target/test-dir/TestContainerPersistence/hdds of storage type : DISK capacity : 9223372036854775807
2022-07-11 01:04:08,179 [Time-limited test] INFO  volume.MutableVolumeSet (MutableVolumeSet.java:initializeVolumeSet(174)) - Added Volume : /home/runner/work/ozone/ozone/hadoop-hdds/container-service/target/test-dir/TestContainerPersistence/hdds to VolumeSet
2022-07-11 01:04:08,209 [Time-limited test] INFO  volume.HddsVolume (HddsVolume.java:createDbStore(309)) - SchemaV3 db is created and loaded at /home/runner/work/ozone/ozone/hadoop-hdds/container-service/target/test-dir/TestContainerPersistence/hdds/10c612e0-bc91-43ff-ba99-20cb0feac034/DS-29fe6f2b-ec46-401c-b3c0-6918cbd4a3a6/container.db for volume DS-29fe6f2b-ec46-401c-b3c0-6918cbd4a3a6
2022-07-11 01:04:08,214 [Time-limited test] INFO  impl.TestContainerPersistence (TestContainerPersistence.java:cleanupDir(170)) - Deleting /home/runner/work/ozone/ozone/hadoop-hdds/container-service/target/test-dir/TestContainerPersistence
]]></system-out>
  </testcase>
  <testcase name="testPutBlockWithInvalidBCSId" classname="TestContainerPersistence" time="0.059">
    <system-out><![CDATA[2022-07-11 01:04:00,278 [Time-limited test] INFO  volume.HddsVolume (HddsVolume.java:<init>(116)) - Creating HddsVolume: /home/runner/work/ozone/ozone/hadoop-hdds/container-service/target/test-dir/TestContainerPersistence/hdds of storage type : DISK capacity : 9223372036854775807
2022-07-11 01:04:00,278 [Time-limited test] INFO  volume.MutableVolumeSet (MutableVolumeSet.java:initializeVolumeSet(174)) - Added Volume : /home/runner/work/ozone/ozone/hadoop-hdds/container-service/target/test-dir/TestContainerPersistence/hdds to VolumeSet
2022-07-11 01:04:00,328 [Time-limited test] INFO  impl.TestContainerPersistence (TestContainerPersistence.java:cleanupDir(170)) - Deleting /home/runner/work/ozone/ozone/hadoop-hdds/container-service/target/test-dir/TestContainerPersistence
]]></system-out>
  </testcase>
  <testcase name="testPutBlockWithInvalidBCSId" classname="TestContainerPersistence" time="0.045">
    <system-out><![CDATA[2022-07-11 01:04:02,562 [Time-limited test] INFO  volume.HddsVolume (HddsVolume.java:<init>(116)) - Creating HddsVolume: /home/runner/work/ozone/ozone/hadoop-hdds/container-service/target/test-dir/TestContainerPersistence/hdds of storage type : DISK capacity : 9223372036854775807
2022-07-11 01:04:02,563 [Time-limited test] INFO  volume.MutableVolumeSet (MutableVolumeSet.java:initializeVolumeSet(174)) - Added Volume : /home/runner/work/ozone/ozone/hadoop-hdds/container-service/target/test-dir/TestContainerPersistence/hdds to VolumeSet
2022-07-11 01:04:02,601 [Time-limited test] INFO  impl.TestContainerPersistence (TestContainerPersistence.java:cleanupDir(170)) - Deleting /home/runner/work/ozone/ozone/hadoop-hdds/container-service/target/test-dir/TestContainerPersistence
]]></system-out>
  </testcase>
  <testcase name="testPutBlockWithInvalidBCSId" classname="TestContainerPersistence" time="0.045">
    <system-out><![CDATA[2022-07-11 01:04:04,508 [Time-limited test] INFO  volume.HddsVolume (HddsVolume.java:<init>(116)) - Creating HddsVolume: /home/runner/work/ozone/ozone/hadoop-hdds/container-service/target/test-dir/TestContainerPersistence/hdds of storage type : DISK capacity : 9223372036854775807
2022-07-11 01:04:04,508 [Time-limited test] INFO  volume.MutableVolumeSet (MutableVolumeSet.java:initializeVolumeSet(174)) - Added Volume : /home/runner/work/ozone/ozone/hadoop-hdds/container-service/target/test-dir/TestContainerPersistence/hdds to VolumeSet
2022-07-11 01:04:04,537 [Time-limited test] INFO  volume.HddsVolume (HddsVolume.java:createDbStore(309)) - SchemaV3 db is created and loaded at /home/runner/work/ozone/ozone/hadoop-hdds/container-service/target/test-dir/TestContainerPersistence/hdds/10c612e0-bc91-43ff-ba99-20cb0feac034/DS-56a3d314-d295-4125-aa64-f530fdebe028/container.db for volume DS-56a3d314-d295-4125-aa64-f530fdebe028
2022-07-11 01:04:04,549 [Time-limited test] INFO  impl.TestContainerPersistence (TestContainerPersistence.java:cleanupDir(170)) - Deleting /home/runner/work/ozone/ozone/hadoop-hdds/container-service/target/test-dir/TestContainerPersistence
]]></system-out>
  </testcase>
  <testcase name="testPutBlockWithInvalidBCSId" classname="TestContainerPersistence" time="0.046">
    <system-out><![CDATA[2022-07-11 01:04:05,797 [Time-limited test] INFO  volume.HddsVolume (HddsVolume.java:<init>(116)) - Creating HddsVolume: /home/runner/work/ozone/ozone/hadoop-hdds/container-service/target/test-dir/TestContainerPersistence/hdds of storage type : DISK capacity : 9223372036854775807
2022-07-11 01:04:05,797 [Time-limited test] INFO  volume.MutableVolumeSet (MutableVolumeSet.java:initializeVolumeSet(174)) - Added Volume : /home/runner/work/ozone/ozone/hadoop-hdds/container-service/target/test-dir/TestContainerPersistence/hdds to VolumeSet
2022-07-11 01:04:05,841 [Time-limited test] INFO  impl.TestContainerPersistence (TestContainerPersistence.java:cleanupDir(170)) - Deleting /home/runner/work/ozone/ozone/hadoop-hdds/container-service/target/test-dir/TestContainerPersistence
]]></system-out>
  </testcase>
  <testcase name="testPutBlockWithInvalidBCSId" classname="TestContainerPersistence" time="0.04">
    <system-out><![CDATA[2022-07-11 01:04:07,009 [Time-limited test] INFO  volume.HddsVolume (HddsVolume.java:<init>(116)) - Creating HddsVolume: /home/runner/work/ozone/ozone/hadoop-hdds/container-service/target/test-dir/TestContainerPersistence/hdds of storage type : DISK capacity : 9223372036854775807
2022-07-11 01:04:07,009 [Time-limited test] INFO  volume.MutableVolumeSet (MutableVolumeSet.java:initializeVolumeSet(174)) - Added Volume : /home/runner/work/ozone/ozone/hadoop-hdds/container-service/target/test-dir/TestContainerPersistence/hdds to VolumeSet
2022-07-11 01:04:07,047 [Time-limited test] INFO  impl.TestContainerPersistence (TestContainerPersistence.java:cleanupDir(170)) - Deleting /home/runner/work/ozone/ozone/hadoop-hdds/container-service/target/test-dir/TestContainerPersistence
]]></system-out>
  </testcase>
  <testcase name="testPutBlockWithInvalidBCSId" classname="TestContainerPersistence" time="0.037">
    <system-out><![CDATA[2022-07-11 01:04:08,218 [Time-limited test] INFO  volume.HddsVolume (HddsVolume.java:<init>(116)) - Creating HddsVolume: /home/runner/work/ozone/ozone/hadoop-hdds/container-service/target/test-dir/TestContainerPersistence/hdds of storage type : DISK capacity : 9223372036854775807
2022-07-11 01:04:08,218 [Time-limited test] INFO  volume.MutableVolumeSet (MutableVolumeSet.java:initializeVolumeSet(174)) - Added Volume : /home/runner/work/ozone/ozone/hadoop-hdds/container-service/target/test-dir/TestContainerPersistence/hdds to VolumeSet
2022-07-11 01:04:08,244 [Time-limited test] INFO  volume.HddsVolume (HddsVolume.java:createDbStore(309)) - SchemaV3 db is created and loaded at /home/runner/work/ozone/ozone/hadoop-hdds/container-service/target/test-dir/TestContainerPersistence/hdds/10c612e0-bc91-43ff-ba99-20cb0feac034/DS-92add95d-51c5-4b77-8cfe-c105c41d26fc/container.db for volume DS-92add95d-51c5-4b77-8cfe-c105c41d26fc
2022-07-11 01:04:08,251 [Time-limited test] INFO  impl.TestContainerPersistence (TestContainerPersistence.java:cleanupDir(170)) - Deleting /home/runner/work/ozone/ozone/hadoop-hdds/container-service/target/test-dir/TestContainerPersistence
]]></system-out>
  </testcase>
  <testcase name="testListBlock" classname="TestContainerPersistence" time="0.075">
    <system-out><![CDATA[2022-07-11 01:04:00,343 [Time-limited test] INFO  volume.HddsVolume (HddsVolume.java:<init>(116)) - Creating HddsVolume: /home/runner/work/ozone/ozone/hadoop-hdds/container-service/target/test-dir/TestContainerPersistence/hdds of storage type : DISK capacity : 9223372036854775807
2022-07-11 01:04:00,343 [Time-limited test] INFO  volume.MutableVolumeSet (MutableVolumeSet.java:initializeVolumeSet(174)) - Added Volume : /home/runner/work/ozone/ozone/hadoop-hdds/container-service/target/test-dir/TestContainerPersistence/hdds to VolumeSet
2022-07-11 01:04:00,406 [Time-limited test] INFO  impl.TestContainerPersistence (TestContainerPersistence.java:cleanupDir(170)) - Deleting /home/runner/work/ozone/ozone/hadoop-hdds/container-service/target/test-dir/TestContainerPersistence
]]></system-out>
  </testcase>
  <testcase name="testListBlock" classname="TestContainerPersistence" time="0.043">
    <system-out><![CDATA[2022-07-11 01:04:02,608 [Time-limited test] INFO  volume.HddsVolume (HddsVolume.java:<init>(116)) - Creating HddsVolume: /home/runner/work/ozone/ozone/hadoop-hdds/container-service/target/test-dir/TestContainerPersistence/hdds of storage type : DISK capacity : 9223372036854775807
2022-07-11 01:04:02,608 [Time-limited test] INFO  volume.MutableVolumeSet (MutableVolumeSet.java:initializeVolumeSet(174)) - Added Volume : /home/runner/work/ozone/ozone/hadoop-hdds/container-service/target/test-dir/TestContainerPersistence/hdds to VolumeSet
2022-07-11 01:04:02,646 [Time-limited test] INFO  impl.TestContainerPersistence (TestContainerPersistence.java:cleanupDir(170)) - Deleting /home/runner/work/ozone/ozone/hadoop-hdds/container-service/target/test-dir/TestContainerPersistence
]]></system-out>
  </testcase>
  <testcase name="testListBlock" classname="TestContainerPersistence" time="0.045">
    <system-out><![CDATA[2022-07-11 01:04:04,552 [Time-limited test] INFO  volume.HddsVolume (HddsVolume.java:<init>(116)) - Creating HddsVolume: /home/runner/work/ozone/ozone/hadoop-hdds/container-service/target/test-dir/TestContainerPersistence/hdds of storage type : DISK capacity : 9223372036854775807
2022-07-11 01:04:04,552 [Time-limited test] INFO  volume.MutableVolumeSet (MutableVolumeSet.java:initializeVolumeSet(174)) - Added Volume : /home/runner/work/ozone/ozone/hadoop-hdds/container-service/target/test-dir/TestContainerPersistence/hdds to VolumeSet
2022-07-11 01:04:04,585 [Time-limited test] INFO  volume.HddsVolume (HddsVolume.java:createDbStore(309)) - SchemaV3 db is created and loaded at /home/runner/work/ozone/ozone/hadoop-hdds/container-service/target/test-dir/TestContainerPersistence/hdds/10c612e0-bc91-43ff-ba99-20cb0feac034/DS-30db3e56-4dfa-4697-bdaa-3a569554387b/container.db for volume DS-30db3e56-4dfa-4697-bdaa-3a569554387b
2022-07-11 01:04:04,594 [Time-limited test] INFO  impl.TestContainerPersistence (TestContainerPersistence.java:cleanupDir(170)) - Deleting /home/runner/work/ozone/ozone/hadoop-hdds/container-service/target/test-dir/TestContainerPersistence
]]></system-out>
  </testcase>
  <testcase name="testListBlock" classname="TestContainerPersistence" time="0.046">
    <system-out><![CDATA[2022-07-11 01:04:05,847 [Time-limited test] INFO  volume.HddsVolume (HddsVolume.java:<init>(116)) - Creating HddsVolume: /home/runner/work/ozone/ozone/hadoop-hdds/container-service/target/test-dir/TestContainerPersistence/hdds of storage type : DISK capacity : 9223372036854775807
2022-07-11 01:04:05,847 [Time-limited test] INFO  volume.MutableVolumeSet (MutableVolumeSet.java:initializeVolumeSet(174)) - Added Volume : /home/runner/work/ozone/ozone/hadoop-hdds/container-service/target/test-dir/TestContainerPersistence/hdds to VolumeSet
2022-07-11 01:04:05,886 [Time-limited test] INFO  impl.TestContainerPersistence (TestContainerPersistence.java:cleanupDir(170)) - Deleting /home/runner/work/ozone/ozone/hadoop-hdds/container-service/target/test-dir/TestContainerPersistence
]]></system-out>
  </testcase>
  <testcase name="testListBlock" classname="TestContainerPersistence" time="0.04">
    <system-out><![CDATA[2022-07-11 01:04:07,051 [Time-limited test] INFO  volume.HddsVolume (HddsVolume.java:<init>(116)) - Creating HddsVolume: /home/runner/work/ozone/ozone/hadoop-hdds/container-service/target/test-dir/TestContainerPersistence/hdds of storage type : DISK capacity : 9223372036854775807
2022-07-11 01:04:07,051 [Time-limited test] INFO  volume.MutableVolumeSet (MutableVolumeSet.java:initializeVolumeSet(174)) - Added Volume : /home/runner/work/ozone/ozone/hadoop-hdds/container-service/target/test-dir/TestContainerPersistence/hdds to VolumeSet
2022-07-11 01:04:07,086 [Time-limited test] INFO  impl.TestContainerPersistence (TestContainerPersistence.java:cleanupDir(170)) - Deleting /home/runner/work/ozone/ozone/hadoop-hdds/container-service/target/test-dir/TestContainerPersistence
]]></system-out>
  </testcase>
  <testcase name="testListBlock" classname="TestContainerPersistence" time="0.038">
    <system-out><![CDATA[2022-07-11 01:04:08,253 [Time-limited test] INFO  volume.HddsVolume (HddsVolume.java:<init>(116)) - Creating HddsVolume: /home/runner/work/ozone/ozone/hadoop-hdds/container-service/target/test-dir/TestContainerPersistence/hdds of storage type : DISK capacity : 9223372036854775807
2022-07-11 01:04:08,253 [Time-limited test] INFO  volume.MutableVolumeSet (MutableVolumeSet.java:initializeVolumeSet(174)) - Added Volume : /home/runner/work/ozone/ozone/hadoop-hdds/container-service/target/test-dir/TestContainerPersistence/hdds to VolumeSet
2022-07-11 01:04:08,281 [Time-limited test] INFO  volume.HddsVolume (HddsVolume.java:createDbStore(309)) - SchemaV3 db is created and loaded at /home/runner/work/ozone/ozone/hadoop-hdds/container-service/target/test-dir/TestContainerPersistence/hdds/10c612e0-bc91-43ff-ba99-20cb0feac034/DS-68acf32e-f625-4f1d-8b11-a6831d4f6871/container.db for volume DS-68acf32e-f625-4f1d-8b11-a6831d4f6871
2022-07-11 01:04:08,288 [Time-limited test] INFO  impl.TestContainerPersistence (TestContainerPersistence.java:cleanupDir(170)) - Deleting /home/runner/work/ozone/ozone/hadoop-hdds/container-service/target/test-dir/TestContainerPersistence
]]></system-out>
  </testcase>
  <testcase name="testGetContainerReports" classname="TestContainerPersistence" time="0.331">
    <system-out><![CDATA[2022-07-11 01:04:00,419 [Time-limited test] INFO  volume.HddsVolume (HddsVolume.java:<init>(116)) - Creating HddsVolume: /home/runner/work/ozone/ozone/hadoop-hdds/container-service/target/test-dir/TestContainerPersistence/hdds of storage type : DISK capacity : 9223372036854775807
2022-07-11 01:04:00,419 [Time-limited test] INFO  volume.MutableVolumeSet (MutableVolumeSet.java:initializeVolumeSet(174)) - Added Volume : /home/runner/work/ozone/ozone/hadoop-hdds/container-service/target/test-dir/TestContainerPersistence/hdds to VolumeSet
2022-07-11 01:04:00,468 [Time-limited test] INFO  keyvalue.KeyValueContainer (KeyValueContainer.java:flushAndSyncDB(431)) - Container 1657501440427 is synced with bcsId 0.
2022-07-11 01:04:00,468 [Time-limited test] INFO  keyvalue.KeyValueContainer (KeyValueContainer.java:flushAndSyncDB(431)) - Container 1657501440427 is synced with bcsId 0.
2022-07-11 01:04:00,472 [Time-limited test] INFO  keyvalue.KeyValueContainer (KeyValueContainer.java:close(346)) - Container 1657501440427 is closed with bcsId 0.
2022-07-11 01:04:00,545 [Time-limited test] INFO  keyvalue.KeyValueContainer (KeyValueContainer.java:flushAndSyncDB(431)) - Container 1657501440524 is synced with bcsId 0.
2022-07-11 01:04:00,545 [Time-limited test] INFO  keyvalue.KeyValueContainer (KeyValueContainer.java:flushAndSyncDB(431)) - Container 1657501440524 is synced with bcsId 0.
2022-07-11 01:04:00,547 [Time-limited test] INFO  keyvalue.KeyValueContainer (KeyValueContainer.java:close(346)) - Container 1657501440524 is closed with bcsId 0.
2022-07-11 01:04:00,623 [Time-limited test] INFO  keyvalue.KeyValueContainer (KeyValueContainer.java:flushAndSyncDB(431)) - Container 1657501440597 is synced with bcsId 0.
2022-07-11 01:04:00,623 [Time-limited test] INFO  keyvalue.KeyValueContainer (KeyValueContainer.java:flushAndSyncDB(431)) - Container 1657501440597 is synced with bcsId 0.
2022-07-11 01:04:00,624 [Time-limited test] INFO  keyvalue.KeyValueContainer (KeyValueContainer.java:close(346)) - Container 1657501440597 is closed with bcsId 0.
2022-07-11 01:04:00,707 [Time-limited test] INFO  keyvalue.KeyValueContainer (KeyValueContainer.java:flushAndSyncDB(431)) - Container 1657501440669 is synced with bcsId 0.
2022-07-11 01:04:00,707 [Time-limited test] INFO  keyvalue.KeyValueContainer (KeyValueContainer.java:flushAndSyncDB(431)) - Container 1657501440669 is synced with bcsId 0.
2022-07-11 01:04:00,708 [Time-limited test] INFO  keyvalue.KeyValueContainer (KeyValueContainer.java:close(346)) - Container 1657501440669 is closed with bcsId 0.
2022-07-11 01:04:00,731 [Time-limited test] INFO  impl.TestContainerPersistence (TestContainerPersistence.java:cleanupDir(170)) - Deleting /home/runner/work/ozone/ozone/hadoop-hdds/container-service/target/test-dir/TestContainerPersistence
]]></system-out>
  </testcase>
  <testcase name="testGetContainerReports" classname="TestContainerPersistence" time="0.28">
    <system-out><![CDATA[2022-07-11 01:04:02,655 [Time-limited test] INFO  volume.HddsVolume (HddsVolume.java:<init>(116)) - Creating HddsVolume: /home/runner/work/ozone/ozone/hadoop-hdds/container-service/target/test-dir/TestContainerPersistence/hdds of storage type : DISK capacity : 9223372036854775807
2022-07-11 01:04:02,655 [Time-limited test] INFO  volume.MutableVolumeSet (MutableVolumeSet.java:initializeVolumeSet(174)) - Added Volume : /home/runner/work/ozone/ozone/hadoop-hdds/container-service/target/test-dir/TestContainerPersistence/hdds to VolumeSet
2022-07-11 01:04:02,694 [Time-limited test] INFO  keyvalue.KeyValueContainer (KeyValueContainer.java:flushAndSyncDB(431)) - Container 1657501442665 is synced with bcsId 0.
2022-07-11 01:04:02,694 [Time-limited test] INFO  keyvalue.KeyValueContainer (KeyValueContainer.java:flushAndSyncDB(431)) - Container 1657501442665 is synced with bcsId 0.
2022-07-11 01:04:02,696 [Time-limited test] INFO  keyvalue.KeyValueContainer (KeyValueContainer.java:close(346)) - Container 1657501442665 is closed with bcsId 0.
2022-07-11 01:04:02,766 [Time-limited test] INFO  keyvalue.KeyValueContainer (KeyValueContainer.java:flushAndSyncDB(431)) - Container 1657501442742 is synced with bcsId 0.
2022-07-11 01:04:02,766 [Time-limited test] INFO  keyvalue.KeyValueContainer (KeyValueContainer.java:flushAndSyncDB(431)) - Container 1657501442742 is synced with bcsId 0.
2022-07-11 01:04:02,767 [Time-limited test] INFO  keyvalue.KeyValueContainer (KeyValueContainer.java:close(346)) - Container 1657501442742 is closed with bcsId 0.
2022-07-11 01:04:02,839 [Time-limited test] INFO  keyvalue.KeyValueContainer (KeyValueContainer.java:flushAndSyncDB(431)) - Container 1657501442814 is synced with bcsId 0.
2022-07-11 01:04:02,839 [Time-limited test] INFO  keyvalue.KeyValueContainer (KeyValueContainer.java:flushAndSyncDB(431)) - Container 1657501442814 is synced with bcsId 0.
2022-07-11 01:04:02,841 [Time-limited test] INFO  keyvalue.KeyValueContainer (KeyValueContainer.java:close(346)) - Container 1657501442814 is closed with bcsId 0.
2022-07-11 01:04:02,914 [Time-limited test] INFO  keyvalue.KeyValueContainer (KeyValueContainer.java:flushAndSyncDB(431)) - Container 1657501442890 is synced with bcsId 0.
2022-07-11 01:04:02,914 [Time-limited test] INFO  keyvalue.KeyValueContainer (KeyValueContainer.java:flushAndSyncDB(431)) - Container 1657501442890 is synced with bcsId 0.
2022-07-11 01:04:02,917 [Time-limited test] INFO  keyvalue.KeyValueContainer (KeyValueContainer.java:close(346)) - Container 1657501442890 is closed with bcsId 0.
2022-07-11 01:04:02,919 [Time-limited test] INFO  impl.TestContainerPersistence (TestContainerPersistence.java:cleanupDir(170)) - Deleting /home/runner/work/ozone/ozone/hadoop-hdds/container-service/target/test-dir/TestContainerPersistence
]]></system-out>
  </testcase>
  <testcase name="testGetContainerReports" classname="TestContainerPersistence" time="0.062">
    <system-out><![CDATA[2022-07-11 01:04:04,602 [Time-limited test] INFO  volume.HddsVolume (HddsVolume.java:<init>(116)) - Creating HddsVolume: /home/runner/work/ozone/ozone/hadoop-hdds/container-service/target/test-dir/TestContainerPersistence/hdds of storage type : DISK capacity : 9223372036854775807
2022-07-11 01:04:04,602 [Time-limited test] INFO  volume.MutableVolumeSet (MutableVolumeSet.java:initializeVolumeSet(174)) - Added Volume : /home/runner/work/ozone/ozone/hadoop-hdds/container-service/target/test-dir/TestContainerPersistence/hdds to VolumeSet
2022-07-11 01:04:04,633 [Time-limited test] INFO  volume.HddsVolume (HddsVolume.java:createDbStore(309)) - SchemaV3 db is created and loaded at /home/runner/work/ozone/ozone/hadoop-hdds/container-service/target/test-dir/TestContainerPersistence/hdds/10c612e0-bc91-43ff-ba99-20cb0feac034/DS-9dfbcd6b-8843-4cad-a1ef-def5ff1f2b7d/container.db for volume DS-9dfbcd6b-8843-4cad-a1ef-def5ff1f2b7d
2022-07-11 01:04:04,635 [Time-limited test] INFO  keyvalue.KeyValueContainer (KeyValueContainer.java:flushAndSyncDB(431)) - Container 1657501444633 is synced with bcsId 0.
2022-07-11 01:04:04,635 [Time-limited test] INFO  keyvalue.KeyValueContainer (KeyValueContainer.java:flushAndSyncDB(431)) - Container 1657501444633 is synced with bcsId 0.
2022-07-11 01:04:04,636 [Time-limited test] INFO  keyvalue.KeyValueContainer (KeyValueContainer.java:close(346)) - Container 1657501444633 is closed with bcsId 0.
2022-07-11 01:04:04,641 [Time-limited test] INFO  keyvalue.KeyValueContainer (KeyValueContainer.java:flushAndSyncDB(431)) - Container 1657501444640 is synced with bcsId 0.
2022-07-11 01:04:04,641 [Time-limited test] INFO  keyvalue.KeyValueContainer (KeyValueContainer.java:flushAndSyncDB(431)) - Container 1657501444640 is synced with bcsId 0.
2022-07-11 01:04:04,642 [Time-limited test] INFO  keyvalue.KeyValueContainer (KeyValueContainer.java:close(346)) - Container 1657501444640 is closed with bcsId 0.
2022-07-11 01:04:04,648 [Time-limited test] INFO  keyvalue.KeyValueContainer (KeyValueContainer.java:flushAndSyncDB(431)) - Container 1657501444646 is synced with bcsId 0.
2022-07-11 01:04:04,648 [Time-limited test] INFO  keyvalue.KeyValueContainer (KeyValueContainer.java:flushAndSyncDB(431)) - Container 1657501444646 is synced with bcsId 0.
2022-07-11 01:04:04,649 [Time-limited test] INFO  keyvalue.KeyValueContainer (KeyValueContainer.java:close(346)) - Container 1657501444646 is closed with bcsId 0.
2022-07-11 01:04:04,653 [Time-limited test] INFO  keyvalue.KeyValueContainer (KeyValueContainer.java:flushAndSyncDB(431)) - Container 1657501444652 is synced with bcsId 0.
2022-07-11 01:04:04,653 [Time-limited test] INFO  keyvalue.KeyValueContainer (KeyValueContainer.java:flushAndSyncDB(431)) - Container 1657501444652 is synced with bcsId 0.
2022-07-11 01:04:04,655 [Time-limited test] INFO  keyvalue.KeyValueContainer (KeyValueContainer.java:close(346)) - Container 1657501444652 is closed with bcsId 0.
2022-07-11 01:04:04,656 [Time-limited test] INFO  impl.TestContainerPersistence (TestContainerPersistence.java:cleanupDir(170)) - Deleting /home/runner/work/ozone/ozone/hadoop-hdds/container-service/target/test-dir/TestContainerPersistence
]]></system-out>
  </testcase>
  <testcase name="testGetContainerReports" classname="TestContainerPersistence" time="0.258">
    <system-out><![CDATA[2022-07-11 01:04:05,891 [Time-limited test] INFO  volume.HddsVolume (HddsVolume.java:<init>(116)) - Creating HddsVolume: /home/runner/work/ozone/ozone/hadoop-hdds/container-service/target/test-dir/TestContainerPersistence/hdds of storage type : DISK capacity : 9223372036854775807
2022-07-11 01:04:05,891 [Time-limited test] INFO  volume.MutableVolumeSet (MutableVolumeSet.java:initializeVolumeSet(174)) - Added Volume : /home/runner/work/ozone/ozone/hadoop-hdds/container-service/target/test-dir/TestContainerPersistence/hdds to VolumeSet
2022-07-11 01:04:05,918 [Time-limited test] INFO  keyvalue.KeyValueContainer (KeyValueContainer.java:flushAndSyncDB(431)) - Container 1657501445896 is synced with bcsId 0.
2022-07-11 01:04:05,918 [Time-limited test] INFO  keyvalue.KeyValueContainer (KeyValueContainer.java:flushAndSyncDB(431)) - Container 1657501445896 is synced with bcsId 0.
2022-07-11 01:04:05,919 [Time-limited test] INFO  keyvalue.KeyValueContainer (KeyValueContainer.java:close(346)) - Container 1657501445896 is closed with bcsId 0.
2022-07-11 01:04:05,991 [Time-limited test] INFO  keyvalue.KeyValueContainer (KeyValueContainer.java:flushAndSyncDB(431)) - Container 1657501445965 is synced with bcsId 0.
2022-07-11 01:04:05,991 [Time-limited test] INFO  keyvalue.KeyValueContainer (KeyValueContainer.java:flushAndSyncDB(431)) - Container 1657501445965 is synced with bcsId 0.
2022-07-11 01:04:05,993 [Time-limited test] INFO  keyvalue.KeyValueContainer (KeyValueContainer.java:close(346)) - Container 1657501445965 is closed with bcsId 0.
2022-07-11 01:04:06,063 [Time-limited test] INFO  keyvalue.KeyValueContainer (KeyValueContainer.java:flushAndSyncDB(431)) - Container 1657501446038 is synced with bcsId 0.
2022-07-11 01:04:06,063 [Time-limited test] INFO  keyvalue.KeyValueContainer (KeyValueContainer.java:flushAndSyncDB(431)) - Container 1657501446038 is synced with bcsId 0.
2022-07-11 01:04:06,064 [Time-limited test] INFO  keyvalue.KeyValueContainer (KeyValueContainer.java:close(346)) - Container 1657501446038 is closed with bcsId 0.
2022-07-11 01:04:06,136 [Time-limited test] INFO  keyvalue.KeyValueContainer (KeyValueContainer.java:flushAndSyncDB(431)) - Container 1657501446111 is synced with bcsId 0.
2022-07-11 01:04:06,136 [Time-limited test] INFO  keyvalue.KeyValueContainer (KeyValueContainer.java:flushAndSyncDB(431)) - Container 1657501446111 is synced with bcsId 0.
2022-07-11 01:04:06,137 [Time-limited test] INFO  keyvalue.KeyValueContainer (KeyValueContainer.java:close(346)) - Container 1657501446111 is closed with bcsId 0.
2022-07-11 01:04:06,140 [Time-limited test] INFO  impl.TestContainerPersistence (TestContainerPersistence.java:cleanupDir(170)) - Deleting /home/runner/work/ozone/ozone/hadoop-hdds/container-service/target/test-dir/TestContainerPersistence
]]></system-out>
  </testcase>
  <testcase name="testGetContainerReports" classname="TestContainerPersistence" time="0.268">
    <system-out><![CDATA[2022-07-11 01:04:07,095 [Time-limited test] INFO  volume.HddsVolume (HddsVolume.java:<init>(116)) - Creating HddsVolume: /home/runner/work/ozone/ozone/hadoop-hdds/container-service/target/test-dir/TestContainerPersistence/hdds of storage type : DISK capacity : 9223372036854775807
2022-07-11 01:04:07,095 [Time-limited test] INFO  volume.MutableVolumeSet (MutableVolumeSet.java:initializeVolumeSet(174)) - Added Volume : /home/runner/work/ozone/ozone/hadoop-hdds/container-service/target/test-dir/TestContainerPersistence/hdds to VolumeSet
2022-07-11 01:04:07,126 [Time-limited test] INFO  keyvalue.KeyValueContainer (KeyValueContainer.java:flushAndSyncDB(431)) - Container 1657501447101 is synced with bcsId 0.
2022-07-11 01:04:07,126 [Time-limited test] INFO  keyvalue.KeyValueContainer (KeyValueContainer.java:flushAndSyncDB(431)) - Container 1657501447101 is synced with bcsId 0.
2022-07-11 01:04:07,127 [Time-limited test] INFO  keyvalue.KeyValueContainer (KeyValueContainer.java:close(346)) - Container 1657501447101 is closed with bcsId 0.
2022-07-11 01:04:07,197 [Time-limited test] INFO  keyvalue.KeyValueContainer (KeyValueContainer.java:flushAndSyncDB(431)) - Container 1657501447173 is synced with bcsId 0.
2022-07-11 01:04:07,198 [Time-limited test] INFO  keyvalue.KeyValueContainer (KeyValueContainer.java:flushAndSyncDB(431)) - Container 1657501447173 is synced with bcsId 0.
2022-07-11 01:04:07,199 [Time-limited test] INFO  keyvalue.KeyValueContainer (KeyValueContainer.java:close(346)) - Container 1657501447173 is closed with bcsId 0.
2022-07-11 01:04:07,274 [Time-limited test] INFO  keyvalue.KeyValueContainer (KeyValueContainer.java:flushAndSyncDB(431)) - Container 1657501447251 is synced with bcsId 0.
2022-07-11 01:04:07,274 [Time-limited test] INFO  keyvalue.KeyValueContainer (KeyValueContainer.java:flushAndSyncDB(431)) - Container 1657501447251 is synced with bcsId 0.
2022-07-11 01:04:07,275 [Time-limited test] INFO  keyvalue.KeyValueContainer (KeyValueContainer.java:close(346)) - Container 1657501447251 is closed with bcsId 0.
2022-07-11 01:04:07,346 [Time-limited test] INFO  keyvalue.KeyValueContainer (KeyValueContainer.java:flushAndSyncDB(431)) - Container 1657501447322 is synced with bcsId 0.
2022-07-11 01:04:07,346 [Time-limited test] INFO  keyvalue.KeyValueContainer (KeyValueContainer.java:flushAndSyncDB(431)) - Container 1657501447322 is synced with bcsId 0.
2022-07-11 01:04:07,347 [Time-limited test] INFO  keyvalue.KeyValueContainer (KeyValueContainer.java:close(346)) - Container 1657501447322 is closed with bcsId 0.
2022-07-11 01:04:07,349 [Time-limited test] INFO  impl.TestContainerPersistence (TestContainerPersistence.java:cleanupDir(170)) - Deleting /home/runner/work/ozone/ozone/hadoop-hdds/container-service/target/test-dir/TestContainerPersistence
]]></system-out>
  </testcase>
  <testcase name="testGetContainerReports" classname="TestContainerPersistence" time="0.047">
    <system-out><![CDATA[2022-07-11 01:04:08,294 [Time-limited test] INFO  volume.HddsVolume (HddsVolume.java:<init>(116)) - Creating HddsVolume: /home/runner/work/ozone/ozone/hadoop-hdds/container-service/target/test-dir/TestContainerPersistence/hdds of storage type : DISK capacity : 9223372036854775807
2022-07-11 01:04:08,295 [Time-limited test] INFO  volume.MutableVolumeSet (MutableVolumeSet.java:initializeVolumeSet(174)) - Added Volume : /home/runner/work/ozone/ozone/hadoop-hdds/container-service/target/test-dir/TestContainerPersistence/hdds to VolumeSet
2022-07-11 01:04:08,319 [Time-limited test] INFO  volume.HddsVolume (HddsVolume.java:createDbStore(309)) - SchemaV3 db is created and loaded at /home/runner/work/ozone/ozone/hadoop-hdds/container-service/target/test-dir/TestContainerPersistence/hdds/10c612e0-bc91-43ff-ba99-20cb0feac034/DS-1dcea9de-fed3-4643-b517-bae0435c3e8b/container.db for volume DS-1dcea9de-fed3-4643-b517-bae0435c3e8b
2022-07-11 01:04:08,321 [Time-limited test] INFO  keyvalue.KeyValueContainer (KeyValueContainer.java:flushAndSyncDB(431)) - Container 1657501448320 is synced with bcsId 0.
2022-07-11 01:04:08,321 [Time-limited test] INFO  keyvalue.KeyValueContainer (KeyValueContainer.java:flushAndSyncDB(431)) - Container 1657501448320 is synced with bcsId 0.
2022-07-11 01:04:08,322 [Time-limited test] INFO  keyvalue.KeyValueContainer (KeyValueContainer.java:close(346)) - Container 1657501448320 is closed with bcsId 0.
2022-07-11 01:04:08,325 [Time-limited test] INFO  keyvalue.KeyValueContainer (KeyValueContainer.java:flushAndSyncDB(431)) - Container 1657501448324 is synced with bcsId 0.
2022-07-11 01:04:08,325 [Time-limited test] INFO  keyvalue.KeyValueContainer (KeyValueContainer.java:flushAndSyncDB(431)) - Container 1657501448324 is synced with bcsId 0.
2022-07-11 01:04:08,326 [Time-limited test] INFO  keyvalue.KeyValueContainer (KeyValueContainer.java:close(346)) - Container 1657501448324 is closed with bcsId 0.
2022-07-11 01:04:08,329 [Time-limited test] INFO  keyvalue.KeyValueContainer (KeyValueContainer.java:flushAndSyncDB(431)) - Container 1657501448328 is synced with bcsId 0.
2022-07-11 01:04:08,329 [Time-limited test] INFO  keyvalue.KeyValueContainer (KeyValueContainer.java:flushAndSyncDB(431)) - Container 1657501448328 is synced with bcsId 0.
2022-07-11 01:04:08,330 [Time-limited test] INFO  keyvalue.KeyValueContainer (KeyValueContainer.java:close(346)) - Container 1657501448328 is closed with bcsId 0.
2022-07-11 01:04:08,333 [Time-limited test] INFO  keyvalue.KeyValueContainer (KeyValueContainer.java:flushAndSyncDB(431)) - Container 1657501448332 is synced with bcsId 0.
2022-07-11 01:04:08,333 [Time-limited test] INFO  keyvalue.KeyValueContainer (KeyValueContainer.java:flushAndSyncDB(431)) - Container 1657501448332 is synced with bcsId 0.
2022-07-11 01:04:08,333 [Time-limited test] INFO  keyvalue.KeyValueContainer (KeyValueContainer.java:close(346)) - Container 1657501448332 is closed with bcsId 0.
2022-07-11 01:04:08,334 [Time-limited test] INFO  impl.TestContainerPersistence (TestContainerPersistence.java:cleanupDir(170)) - Deleting /home/runner/work/ozone/ozone/hadoop-hdds/container-service/target/test-dir/TestContainerPersistence
]]></system-out>
  </testcase>
  <testcase name="testOverWrite" classname="TestContainerPersistence" time="0.052">
    <system-out><![CDATA[2022-07-11 01:04:00,747 [Time-limited test] INFO  volume.HddsVolume (HddsVolume.java:<init>(116)) - Creating HddsVolume: /home/runner/work/ozone/ozone/hadoop-hdds/container-service/target/test-dir/TestContainerPersistence/hdds of storage type : DISK capacity : 9223372036854775807
2022-07-11 01:04:00,747 [Time-limited test] INFO  volume.MutableVolumeSet (MutableVolumeSet.java:initializeVolumeSet(174)) - Added Volume : /home/runner/work/ozone/ozone/hadoop-hdds/container-service/target/test-dir/TestContainerPersistence/hdds to VolumeSet
2022-07-11 01:04:00,787 [Time-limited test] WARN  helpers.ChunkUtils (ChunkUtils.java:validateChunkForOverwrite(240)) - Duplicate write chunk request. Chunk overwrite without explicit request. ChunkInfo{chunkName='1657501440787.data.0, offset=0, len=1024}
2022-07-11 01:04:00,790 [Time-limited test] INFO  impl.TestContainerPersistence (TestContainerPersistence.java:cleanupDir(170)) - Deleting /home/runner/work/ozone/ozone/hadoop-hdds/container-service/target/test-dir/TestContainerPersistence
]]></system-out>
  </testcase>
  <testcase name="testOverWrite" classname="TestContainerPersistence" time="0.047">
    <system-out><![CDATA[2022-07-11 01:04:02,935 [Time-limited test] INFO  volume.HddsVolume (HddsVolume.java:<init>(116)) - Creating HddsVolume: /home/runner/work/ozone/ozone/hadoop-hdds/container-service/target/test-dir/TestContainerPersistence/hdds of storage type : DISK capacity : 9223372036854775807
2022-07-11 01:04:02,936 [Time-limited test] INFO  volume.MutableVolumeSet (MutableVolumeSet.java:initializeVolumeSet(174)) - Added Volume : /home/runner/work/ozone/ozone/hadoop-hdds/container-service/target/test-dir/TestContainerPersistence/hdds to VolumeSet
2022-07-11 01:04:02,969 [Time-limited test] WARN  helpers.ChunkUtils (ChunkUtils.java:validateChunkForOverwrite(240)) - Duplicate write chunk request. Chunk overwrite without explicit request. ChunkInfo{chunkName='1657501442969.data.0, offset=0, len=1024}
2022-07-11 01:04:02,974 [Time-limited test] INFO  impl.TestContainerPersistence (TestContainerPersistence.java:cleanupDir(170)) - Deleting /home/runner/work/ozone/ozone/hadoop-hdds/container-service/target/test-dir/TestContainerPersistence
]]></system-out>
  </testcase>
  <testcase name="testOverWrite" classname="TestContainerPersistence" time="0.045">
    <system-out><![CDATA[2022-07-11 01:04:04,663 [Time-limited test] INFO  volume.HddsVolume (HddsVolume.java:<init>(116)) - Creating HddsVolume: /home/runner/work/ozone/ozone/hadoop-hdds/container-service/target/test-dir/TestContainerPersistence/hdds of storage type : DISK capacity : 9223372036854775807
2022-07-11 01:04:04,664 [Time-limited test] INFO  volume.MutableVolumeSet (MutableVolumeSet.java:initializeVolumeSet(174)) - Added Volume : /home/runner/work/ozone/ozone/hadoop-hdds/container-service/target/test-dir/TestContainerPersistence/hdds to VolumeSet
2022-07-11 01:04:04,693 [Time-limited test] INFO  volume.HddsVolume (HddsVolume.java:createDbStore(309)) - SchemaV3 db is created and loaded at /home/runner/work/ozone/ozone/hadoop-hdds/container-service/target/test-dir/TestContainerPersistence/hdds/10c612e0-bc91-43ff-ba99-20cb0feac034/DS-514d425f-89f5-4bce-bafa-4bb1ad987b33/container.db for volume DS-514d425f-89f5-4bce-bafa-4bb1ad987b33
2022-07-11 01:04:04,698 [Time-limited test] WARN  helpers.ChunkUtils (ChunkUtils.java:validateChunkForOverwrite(240)) - Duplicate write chunk request. Chunk overwrite without explicit request. ChunkInfo{chunkName='1657501444698.data.0, offset=0, len=1024}
2022-07-11 01:04:04,702 [Time-limited test] INFO  impl.TestContainerPersistence (TestContainerPersistence.java:cleanupDir(170)) - Deleting /home/runner/work/ozone/ozone/hadoop-hdds/container-service/target/test-dir/TestContainerPersistence
]]></system-out>
  </testcase>
  <testcase name="testOverWrite" classname="TestContainerPersistence" time="0.043">
    <system-out><![CDATA[2022-07-11 01:04:06,153 [Time-limited test] INFO  volume.HddsVolume (HddsVolume.java:<init>(116)) - Creating HddsVolume: /home/runner/work/ozone/ozone/hadoop-hdds/container-service/target/test-dir/TestContainerPersistence/hdds of storage type : DISK capacity : 9223372036854775807
2022-07-11 01:04:06,153 [Time-limited test] INFO  volume.MutableVolumeSet (MutableVolumeSet.java:initializeVolumeSet(174)) - Added Volume : /home/runner/work/ozone/ozone/hadoop-hdds/container-service/target/test-dir/TestContainerPersistence/hdds to VolumeSet
2022-07-11 01:04:06,188 [Time-limited test] WARN  helpers.ChunkUtils (ChunkUtils.java:validateChunkForOverwrite(240)) - Duplicate write chunk request. Chunk overwrite without explicit request. ChunkInfo{chunkName='1657501446188.data.0, offset=0, len=1024}
2022-07-11 01:04:06,188 [Time-limited test] INFO  impl.TestContainerPersistence (TestContainerPersistence.java:cleanupDir(170)) - Deleting /home/runner/work/ozone/ozone/hadoop-hdds/container-service/target/test-dir/TestContainerPersistence
]]></system-out>
  </testcase>
  <testcase name="testOverWrite" classname="TestContainerPersistence" time="0.037">
    <system-out><![CDATA[2022-07-11 01:04:07,363 [Time-limited test] INFO  volume.HddsVolume (HddsVolume.java:<init>(116)) - Creating HddsVolume: /home/runner/work/ozone/ozone/hadoop-hdds/container-service/target/test-dir/TestContainerPersistence/hdds of storage type : DISK capacity : 9223372036854775807
2022-07-11 01:04:07,363 [Time-limited test] INFO  volume.MutableVolumeSet (MutableVolumeSet.java:initializeVolumeSet(174)) - Added Volume : /home/runner/work/ozone/ozone/hadoop-hdds/container-service/target/test-dir/TestContainerPersistence/hdds to VolumeSet
2022-07-11 01:04:07,391 [Time-limited test] WARN  helpers.ChunkUtils (ChunkUtils.java:validateChunkForOverwrite(240)) - Duplicate write chunk request. Chunk overwrite without explicit request. ChunkInfo{chunkName='1657501447391.data.0, offset=0, len=1024}
2022-07-11 01:04:07,392 [Time-limited test] INFO  impl.TestContainerPersistence (TestContainerPersistence.java:cleanupDir(170)) - Deleting /home/runner/work/ozone/ozone/hadoop-hdds/container-service/target/test-dir/TestContainerPersistence
]]></system-out>
  </testcase>
  <testcase name="testOverWrite" classname="TestContainerPersistence" time="0.034">
    <system-out><![CDATA[2022-07-11 01:04:08,338 [Time-limited test] INFO  volume.HddsVolume (HddsVolume.java:<init>(116)) - Creating HddsVolume: /home/runner/work/ozone/ozone/hadoop-hdds/container-service/target/test-dir/TestContainerPersistence/hdds of storage type : DISK capacity : 9223372036854775807
2022-07-11 01:04:08,338 [Time-limited test] INFO  volume.MutableVolumeSet (MutableVolumeSet.java:initializeVolumeSet(174)) - Added Volume : /home/runner/work/ozone/ozone/hadoop-hdds/container-service/target/test-dir/TestContainerPersistence/hdds to VolumeSet
2022-07-11 01:04:08,365 [Time-limited test] INFO  volume.HddsVolume (HddsVolume.java:createDbStore(309)) - SchemaV3 db is created and loaded at /home/runner/work/ozone/ozone/hadoop-hdds/container-service/target/test-dir/TestContainerPersistence/hdds/10c612e0-bc91-43ff-ba99-20cb0feac034/DS-38201182-6b7e-4031-887d-f9ee1c620f20/container.db for volume DS-38201182-6b7e-4031-887d-f9ee1c620f20
2022-07-11 01:04:08,369 [Time-limited test] WARN  helpers.ChunkUtils (ChunkUtils.java:validateChunkForOverwrite(240)) - Duplicate write chunk request. Chunk overwrite without explicit request. ChunkInfo{chunkName='1657501448369.data.0, offset=0, len=1024}
2022-07-11 01:04:08,370 [Time-limited test] INFO  impl.TestContainerPersistence (TestContainerPersistence.java:cleanupDir(170)) - Deleting /home/runner/work/ozone/ozone/hadoop-hdds/container-service/target/test-dir/TestContainerPersistence
]]></system-out>
  </testcase>
  <testcase name="testDeleteContainer" classname="TestContainerPersistence" time="0.181">
    <system-out><![CDATA[2022-07-11 01:04:00,800 [Time-limited test] INFO  volume.HddsVolume (HddsVolume.java:<init>(116)) - Creating HddsVolume: /home/runner/work/ozone/ozone/hadoop-hdds/container-service/target/test-dir/TestContainerPersistence/hdds of storage type : DISK capacity : 9223372036854775807
2022-07-11 01:04:00,800 [Time-limited test] INFO  volume.MutableVolumeSet (MutableVolumeSet.java:initializeVolumeSet(174)) - Added Volume : /home/runner/work/ozone/ozone/hadoop-hdds/container-service/target/test-dir/TestContainerPersistence/hdds to VolumeSet
2022-07-11 01:04:00,935 [Time-limited test] INFO  keyvalue.KeyValueContainer (KeyValueContainer.java:flushAndSyncDB(431)) - Container 1657501440810 is synced with bcsId 0.
2022-07-11 01:04:00,935 [Time-limited test] INFO  keyvalue.KeyValueContainer (KeyValueContainer.java:flushAndSyncDB(431)) - Container 1657501440810 is synced with bcsId 0.
2022-07-11 01:04:00,936 [Time-limited test] INFO  keyvalue.KeyValueContainer (KeyValueContainer.java:close(346)) - Container 1657501440810 is closed with bcsId 0.
2022-07-11 01:04:00,971 [Time-limited test] ERROR utils.ContainerCache (ContainerCache.java:getDB(166)) - Error opening DB. Container:1657501440810 ContainerPath:/home/runner/work/ozone/ozone/hadoop-hdds/container-service/target/test-dir/TestContainerPersistence/hdds/10c612e0-bc91-43ff-ba99-20cb0feac034/current/containerDir109/1657501440810/metadata/1657501440810-dn-container.db
java.io.IOException: The DB destination directory should exist.
	at org.apache.hadoop.hdds.utils.db.DBStoreBuilder.build(DBStoreBuilder.java:188)
	at org.apache.hadoop.ozone.container.metadata.AbstractDatanodeStore.start(AbstractDatanodeStore.java:128)
	at org.apache.hadoop.ozone.container.metadata.AbstractDatanodeStore.<init>(AbstractDatanodeStore.java:97)
	at org.apache.hadoop.ozone.container.metadata.DatanodeStoreSchemaTwoImpl.<init>(DatanodeStoreSchemaTwoImpl.java:48)
	at org.apache.hadoop.ozone.container.keyvalue.helpers.BlockUtils.getUncachedDatanodeStore(BlockUtils.java:82)
	at org.apache.hadoop.ozone.container.common.utils.ContainerCache.getDB(ContainerCache.java:161)
	at org.apache.hadoop.ozone.container.keyvalue.helpers.BlockUtils.getDB(BlockUtils.java:136)
	at org.apache.hadoop.ozone.container.keyvalue.impl.BlockManagerImpl.persistPutBlock(BlockManagerImpl.java:122)
	at org.apache.hadoop.ozone.container.keyvalue.impl.BlockManagerImpl.putBlock(BlockManagerImpl.java:103)
	at org.apache.hadoop.ozone.container.keyvalue.impl.BlockManagerImpl.putBlock(BlockManagerImpl.java:88)
	at org.apache.hadoop.ozone.container.common.impl.TestContainerPersistence.testDeleteContainer(TestContainerPersistence.java:288)
	at sun.reflect.NativeMethodAccessorImpl.invoke0(Native Method)
	at sun.reflect.NativeMethodAccessorImpl.invoke(NativeMethodAccessorImpl.java:62)
	at sun.reflect.DelegatingMethodAccessorImpl.invoke(DelegatingMethodAccessorImpl.java:43)
	at java.lang.reflect.Method.invoke(Method.java:498)
	at org.junit.runners.model.FrameworkMethod$1.runReflectiveCall(FrameworkMethod.java:59)
	at org.junit.internal.runners.model.ReflectiveCallable.run(ReflectiveCallable.java:12)
	at org.junit.runners.model.FrameworkMethod.invokeExplosively(FrameworkMethod.java:56)
	at org.junit.internal.runners.statements.InvokeMethod.evaluate(InvokeMethod.java:17)
	at org.junit.internal.runners.statements.RunBefores.evaluate(RunBefores.java:26)
	at org.junit.internal.runners.statements.RunAfters.evaluate(RunAfters.java:27)
	at org.junit.rules.ExpectedException$ExpectedExceptionStatement.evaluate(ExpectedException.java:258)
	at org.junit.internal.runners.statements.FailOnTimeout$CallableStatement.call(FailOnTimeout.java:288)
	at org.junit.internal.runners.statements.FailOnTimeout$CallableStatement.call(FailOnTimeout.java:282)
	at java.util.concurrent.FutureTask.run(FutureTask.java:266)
	at java.lang.Thread.run(Thread.java:750)
2022-07-11 01:04:00,973 [Time-limited test] INFO  impl.TestContainerPersistence (TestContainerPersistence.java:cleanupDir(170)) - Deleting /home/runner/work/ozone/ozone/hadoop-hdds/container-service/target/test-dir/TestContainerPersistence
]]></system-out>
  </testcase>
  <testcase name="testDeleteContainer" classname="TestContainerPersistence" time="0.182">
    <system-out><![CDATA[2022-07-11 01:04:02,980 [Time-limited test] INFO  volume.HddsVolume (HddsVolume.java:<init>(116)) - Creating HddsVolume: /home/runner/work/ozone/ozone/hadoop-hdds/container-service/target/test-dir/TestContainerPersistence/hdds of storage type : DISK capacity : 9223372036854775807
2022-07-11 01:04:02,981 [Time-limited test] INFO  volume.MutableVolumeSet (MutableVolumeSet.java:initializeVolumeSet(174)) - Added Volume : /home/runner/work/ozone/ozone/hadoop-hdds/container-service/target/test-dir/TestContainerPersistence/hdds to VolumeSet
2022-07-11 01:04:03,118 [Time-limited test] INFO  keyvalue.KeyValueContainer (KeyValueContainer.java:flushAndSyncDB(431)) - Container 1657501442989 is synced with bcsId 0.
2022-07-11 01:04:03,118 [Time-limited test] INFO  keyvalue.KeyValueContainer (KeyValueContainer.java:flushAndSyncDB(431)) - Container 1657501442989 is synced with bcsId 0.
2022-07-11 01:04:03,124 [Time-limited test] INFO  keyvalue.KeyValueContainer (KeyValueContainer.java:close(346)) - Container 1657501442989 is closed with bcsId 0.
2022-07-11 01:04:03,155 [Time-limited test] ERROR utils.ContainerCache (ContainerCache.java:getDB(166)) - Error opening DB. Container:1657501442989 ContainerPath:/home/runner/work/ozone/ozone/hadoop-hdds/container-service/target/test-dir/TestContainerPersistence/hdds/10c612e0-bc91-43ff-ba99-20cb0feac034/current/containerDir113/1657501442989/metadata/1657501442989-dn-container.db
java.io.IOException: The DB destination directory should exist.
	at org.apache.hadoop.hdds.utils.db.DBStoreBuilder.build(DBStoreBuilder.java:188)
	at org.apache.hadoop.ozone.container.metadata.AbstractDatanodeStore.start(AbstractDatanodeStore.java:128)
	at org.apache.hadoop.ozone.container.metadata.AbstractDatanodeStore.<init>(AbstractDatanodeStore.java:97)
	at org.apache.hadoop.ozone.container.metadata.DatanodeStoreSchemaTwoImpl.<init>(DatanodeStoreSchemaTwoImpl.java:48)
	at org.apache.hadoop.ozone.container.keyvalue.helpers.BlockUtils.getUncachedDatanodeStore(BlockUtils.java:82)
	at org.apache.hadoop.ozone.container.common.utils.ContainerCache.getDB(ContainerCache.java:161)
	at org.apache.hadoop.ozone.container.keyvalue.helpers.BlockUtils.getDB(BlockUtils.java:136)
	at org.apache.hadoop.ozone.container.keyvalue.impl.BlockManagerImpl.persistPutBlock(BlockManagerImpl.java:122)
	at org.apache.hadoop.ozone.container.keyvalue.impl.BlockManagerImpl.putBlock(BlockManagerImpl.java:103)
	at org.apache.hadoop.ozone.container.keyvalue.impl.BlockManagerImpl.putBlock(BlockManagerImpl.java:88)
	at org.apache.hadoop.ozone.container.common.impl.TestContainerPersistence.testDeleteContainer(TestContainerPersistence.java:288)
	at sun.reflect.NativeMethodAccessorImpl.invoke0(Native Method)
	at sun.reflect.NativeMethodAccessorImpl.invoke(NativeMethodAccessorImpl.java:62)
	at sun.reflect.DelegatingMethodAccessorImpl.invoke(DelegatingMethodAccessorImpl.java:43)
	at java.lang.reflect.Method.invoke(Method.java:498)
	at org.junit.runners.model.FrameworkMethod$1.runReflectiveCall(FrameworkMethod.java:59)
	at org.junit.internal.runners.model.ReflectiveCallable.run(ReflectiveCallable.java:12)
	at org.junit.runners.model.FrameworkMethod.invokeExplosively(FrameworkMethod.java:56)
	at org.junit.internal.runners.statements.InvokeMethod.evaluate(InvokeMethod.java:17)
	at org.junit.internal.runners.statements.RunBefores.evaluate(RunBefores.java:26)
	at org.junit.internal.runners.statements.RunAfters.evaluate(RunAfters.java:27)
	at org.junit.rules.ExpectedException$ExpectedExceptionStatement.evaluate(ExpectedException.java:258)
	at org.junit.internal.runners.statements.FailOnTimeout$CallableStatement.call(FailOnTimeout.java:288)
	at org.junit.internal.runners.statements.FailOnTimeout$CallableStatement.call(FailOnTimeout.java:282)
	at java.util.concurrent.FutureTask.run(FutureTask.java:266)
	at java.lang.Thread.run(Thread.java:750)
2022-07-11 01:04:03,157 [Time-limited test] INFO  impl.TestContainerPersistence (TestContainerPersistence.java:cleanupDir(170)) - Deleting /home/runner/work/ozone/ozone/hadoop-hdds/container-service/target/test-dir/TestContainerPersistence
]]></system-out>
  </testcase>
  <testcase name="testDeleteContainer" classname="TestContainerPersistence" time="0.149">
    <system-out><![CDATA[2022-07-11 01:04:04,705 [Time-limited test] INFO  volume.HddsVolume (HddsVolume.java:<init>(116)) - Creating HddsVolume: /home/runner/work/ozone/ozone/hadoop-hdds/container-service/target/test-dir/TestContainerPersistence/hdds of storage type : DISK capacity : 9223372036854775807
2022-07-11 01:04:04,705 [Time-limited test] INFO  volume.MutableVolumeSet (MutableVolumeSet.java:initializeVolumeSet(174)) - Added Volume : /home/runner/work/ozone/ozone/hadoop-hdds/container-service/target/test-dir/TestContainerPersistence/hdds to VolumeSet
2022-07-11 01:04:04,744 [Time-limited test] INFO  volume.HddsVolume (HddsVolume.java:createDbStore(309)) - SchemaV3 db is created and loaded at /home/runner/work/ozone/ozone/hadoop-hdds/container-service/target/test-dir/TestContainerPersistence/hdds/10c612e0-bc91-43ff-ba99-20cb0feac034/DS-76fc1c30-abd2-497c-b023-dc2c125dd065/container.db for volume DS-76fc1c30-abd2-497c-b023-dc2c125dd065
2022-07-11 01:04:04,847 [Time-limited test] INFO  keyvalue.KeyValueContainer (KeyValueContainer.java:flushAndSyncDB(431)) - Container 1657501444744 is synced with bcsId 0.
2022-07-11 01:04:04,847 [Time-limited test] INFO  keyvalue.KeyValueContainer (KeyValueContainer.java:flushAndSyncDB(431)) - Container 1657501444744 is synced with bcsId 0.
2022-07-11 01:04:04,849 [Time-limited test] INFO  keyvalue.KeyValueContainer (KeyValueContainer.java:close(346)) - Container 1657501444744 is closed with bcsId 0.
2022-07-11 01:04:04,851 [Time-limited test] INFO  impl.TestContainerPersistence (TestContainerPersistence.java:cleanupDir(170)) - Deleting /home/runner/work/ozone/ozone/hadoop-hdds/container-service/target/test-dir/TestContainerPersistence
]]></system-out>
  </testcase>
  <testcase name="testDeleteContainer" classname="TestContainerPersistence" time="0.161">
    <system-out><![CDATA[2022-07-11 01:04:06,195 [Time-limited test] INFO  volume.HddsVolume (HddsVolume.java:<init>(116)) - Creating HddsVolume: /home/runner/work/ozone/ozone/hadoop-hdds/container-service/target/test-dir/TestContainerPersistence/hdds of storage type : DISK capacity : 9223372036854775807
2022-07-11 01:04:06,195 [Time-limited test] INFO  volume.MutableVolumeSet (MutableVolumeSet.java:initializeVolumeSet(174)) - Added Volume : /home/runner/work/ozone/ozone/hadoop-hdds/container-service/target/test-dir/TestContainerPersistence/hdds to VolumeSet
2022-07-11 01:04:06,321 [Time-limited test] INFO  keyvalue.KeyValueContainer (KeyValueContainer.java:flushAndSyncDB(431)) - Container 1657501446201 is synced with bcsId 0.
2022-07-11 01:04:06,321 [Time-limited test] INFO  keyvalue.KeyValueContainer (KeyValueContainer.java:flushAndSyncDB(431)) - Container 1657501446201 is synced with bcsId 0.
2022-07-11 01:04:06,322 [Time-limited test] INFO  keyvalue.KeyValueContainer (KeyValueContainer.java:close(346)) - Container 1657501446201 is closed with bcsId 0.
2022-07-11 01:04:06,349 [Time-limited test] ERROR utils.ContainerCache (ContainerCache.java:getDB(166)) - Error opening DB. Container:1657501446201 ContainerPath:/home/runner/work/ozone/ozone/hadoop-hdds/container-service/target/test-dir/TestContainerPersistence/hdds/10c612e0-bc91-43ff-ba99-20cb0feac034/current/containerDir120/1657501446201/metadata/1657501446201-dn-container.db
java.io.IOException: The DB destination directory should exist.
	at org.apache.hadoop.hdds.utils.db.DBStoreBuilder.build(DBStoreBuilder.java:188)
	at org.apache.hadoop.ozone.container.metadata.AbstractDatanodeStore.start(AbstractDatanodeStore.java:128)
	at org.apache.hadoop.ozone.container.metadata.AbstractDatanodeStore.<init>(AbstractDatanodeStore.java:97)
	at org.apache.hadoop.ozone.container.metadata.DatanodeStoreSchemaTwoImpl.<init>(DatanodeStoreSchemaTwoImpl.java:48)
	at org.apache.hadoop.ozone.container.keyvalue.helpers.BlockUtils.getUncachedDatanodeStore(BlockUtils.java:82)
	at org.apache.hadoop.ozone.container.common.utils.ContainerCache.getDB(ContainerCache.java:161)
	at org.apache.hadoop.ozone.container.keyvalue.helpers.BlockUtils.getDB(BlockUtils.java:136)
	at org.apache.hadoop.ozone.container.keyvalue.impl.BlockManagerImpl.persistPutBlock(BlockManagerImpl.java:122)
	at org.apache.hadoop.ozone.container.keyvalue.impl.BlockManagerImpl.putBlock(BlockManagerImpl.java:103)
	at org.apache.hadoop.ozone.container.keyvalue.impl.BlockManagerImpl.putBlock(BlockManagerImpl.java:88)
	at org.apache.hadoop.ozone.container.common.impl.TestContainerPersistence.testDeleteContainer(TestContainerPersistence.java:288)
	at sun.reflect.NativeMethodAccessorImpl.invoke0(Native Method)
	at sun.reflect.NativeMethodAccessorImpl.invoke(NativeMethodAccessorImpl.java:62)
	at sun.reflect.DelegatingMethodAccessorImpl.invoke(DelegatingMethodAccessorImpl.java:43)
	at java.lang.reflect.Method.invoke(Method.java:498)
	at org.junit.runners.model.FrameworkMethod$1.runReflectiveCall(FrameworkMethod.java:59)
	at org.junit.internal.runners.model.ReflectiveCallable.run(ReflectiveCallable.java:12)
	at org.junit.runners.model.FrameworkMethod.invokeExplosively(FrameworkMethod.java:56)
	at org.junit.internal.runners.statements.InvokeMethod.evaluate(InvokeMethod.java:17)
	at org.junit.internal.runners.statements.RunBefores.evaluate(RunBefores.java:26)
	at org.junit.internal.runners.statements.RunAfters.evaluate(RunAfters.java:27)
	at org.junit.rules.ExpectedException$ExpectedExceptionStatement.evaluate(ExpectedException.java:258)
	at org.junit.internal.runners.statements.FailOnTimeout$CallableStatement.call(FailOnTimeout.java:288)
	at org.junit.internal.runners.statements.FailOnTimeout$CallableStatement.call(FailOnTimeout.java:282)
	at java.util.concurrent.FutureTask.run(FutureTask.java:266)
	at java.lang.Thread.run(Thread.java:750)
2022-07-11 01:04:06,350 [Time-limited test] INFO  impl.TestContainerPersistence (TestContainerPersistence.java:cleanupDir(170)) - Deleting /home/runner/work/ozone/ozone/hadoop-hdds/container-service/target/test-dir/TestContainerPersistence
]]></system-out>
  </testcase>
  <testcase name="testDeleteContainer" classname="TestContainerPersistence" time="0.171">
    <system-out><![CDATA[2022-07-11 01:04:07,396 [Time-limited test] INFO  volume.HddsVolume (HddsVolume.java:<init>(116)) - Creating HddsVolume: /home/runner/work/ozone/ozone/hadoop-hdds/container-service/target/test-dir/TestContainerPersistence/hdds of storage type : DISK capacity : 9223372036854775807
2022-07-11 01:04:07,396 [Time-limited test] INFO  volume.MutableVolumeSet (MutableVolumeSet.java:initializeVolumeSet(174)) - Added Volume : /home/runner/work/ozone/ozone/hadoop-hdds/container-service/target/test-dir/TestContainerPersistence/hdds to VolumeSet
2022-07-11 01:04:07,528 [Time-limited test] INFO  keyvalue.KeyValueContainer (KeyValueContainer.java:flushAndSyncDB(431)) - Container 1657501447402 is synced with bcsId 0.
2022-07-11 01:04:07,528 [Time-limited test] INFO  keyvalue.KeyValueContainer (KeyValueContainer.java:flushAndSyncDB(431)) - Container 1657501447402 is synced with bcsId 0.
2022-07-11 01:04:07,529 [Time-limited test] INFO  keyvalue.KeyValueContainer (KeyValueContainer.java:close(346)) - Container 1657501447402 is closed with bcsId 0.
2022-07-11 01:04:07,562 [Time-limited test] ERROR utils.ContainerCache (ContainerCache.java:getDB(166)) - Error opening DB. Container:1657501447402 ContainerPath:/home/runner/work/ozone/ozone/hadoop-hdds/container-service/target/test-dir/TestContainerPersistence/hdds/10c612e0-bc91-43ff-ba99-20cb0feac034/current/containerDir122/1657501447402/metadata/1657501447402-dn-container.db
java.io.IOException: The DB destination directory should exist.
	at org.apache.hadoop.hdds.utils.db.DBStoreBuilder.build(DBStoreBuilder.java:188)
	at org.apache.hadoop.ozone.container.metadata.AbstractDatanodeStore.start(AbstractDatanodeStore.java:128)
	at org.apache.hadoop.ozone.container.metadata.AbstractDatanodeStore.<init>(AbstractDatanodeStore.java:97)
	at org.apache.hadoop.ozone.container.metadata.DatanodeStoreSchemaTwoImpl.<init>(DatanodeStoreSchemaTwoImpl.java:48)
	at org.apache.hadoop.ozone.container.keyvalue.helpers.BlockUtils.getUncachedDatanodeStore(BlockUtils.java:82)
	at org.apache.hadoop.ozone.container.common.utils.ContainerCache.getDB(ContainerCache.java:161)
	at org.apache.hadoop.ozone.container.keyvalue.helpers.BlockUtils.getDB(BlockUtils.java:136)
	at org.apache.hadoop.ozone.container.keyvalue.impl.BlockManagerImpl.persistPutBlock(BlockManagerImpl.java:122)
	at org.apache.hadoop.ozone.container.keyvalue.impl.BlockManagerImpl.putBlock(BlockManagerImpl.java:103)
	at org.apache.hadoop.ozone.container.keyvalue.impl.BlockManagerImpl.putBlock(BlockManagerImpl.java:88)
	at org.apache.hadoop.ozone.container.common.impl.TestContainerPersistence.testDeleteContainer(TestContainerPersistence.java:288)
	at sun.reflect.NativeMethodAccessorImpl.invoke0(Native Method)
	at sun.reflect.NativeMethodAccessorImpl.invoke(NativeMethodAccessorImpl.java:62)
	at sun.reflect.DelegatingMethodAccessorImpl.invoke(DelegatingMethodAccessorImpl.java:43)
	at java.lang.reflect.Method.invoke(Method.java:498)
	at org.junit.runners.model.FrameworkMethod$1.runReflectiveCall(FrameworkMethod.java:59)
	at org.junit.internal.runners.model.ReflectiveCallable.run(ReflectiveCallable.java:12)
	at org.junit.runners.model.FrameworkMethod.invokeExplosively(FrameworkMethod.java:56)
	at org.junit.internal.runners.statements.InvokeMethod.evaluate(InvokeMethod.java:17)
	at org.junit.internal.runners.statements.RunBefores.evaluate(RunBefores.java:26)
	at org.junit.internal.runners.statements.RunAfters.evaluate(RunAfters.java:27)
	at org.junit.rules.ExpectedException$ExpectedExceptionStatement.evaluate(ExpectedException.java:258)
	at org.junit.internal.runners.statements.FailOnTimeout$CallableStatement.call(FailOnTimeout.java:288)
	at org.junit.internal.runners.statements.FailOnTimeout$CallableStatement.call(FailOnTimeout.java:282)
	at java.util.concurrent.FutureTask.run(FutureTask.java:266)
	at java.lang.Thread.run(Thread.java:750)
2022-07-11 01:04:07,562 [Time-limited test] INFO  impl.TestContainerPersistence (TestContainerPersistence.java:cleanupDir(170)) - Deleting /home/runner/work/ozone/ozone/hadoop-hdds/container-service/target/test-dir/TestContainerPersistence
]]></system-out>
  </testcase>
  <testcase name="testDeleteContainer" classname="TestContainerPersistence" time="0.138">
    <system-out><![CDATA[2022-07-11 01:04:08,375 [Time-limited test] INFO  volume.HddsVolume (HddsVolume.java:<init>(116)) - Creating HddsVolume: /home/runner/work/ozone/ozone/hadoop-hdds/container-service/target/test-dir/TestContainerPersistence/hdds of storage type : DISK capacity : 9223372036854775807
2022-07-11 01:04:08,375 [Time-limited test] INFO  volume.MutableVolumeSet (MutableVolumeSet.java:initializeVolumeSet(174)) - Added Volume : /home/runner/work/ozone/ozone/hadoop-hdds/container-service/target/test-dir/TestContainerPersistence/hdds to VolumeSet
2022-07-11 01:04:08,401 [Time-limited test] INFO  volume.HddsVolume (HddsVolume.java:createDbStore(309)) - SchemaV3 db is created and loaded at /home/runner/work/ozone/ozone/hadoop-hdds/container-service/target/test-dir/TestContainerPersistence/hdds/10c612e0-bc91-43ff-ba99-20cb0feac034/DS-2ba16251-b2e2-44f2-9471-cb4c8d5aa4da/container.db for volume DS-2ba16251-b2e2-44f2-9471-cb4c8d5aa4da
2022-07-11 01:04:08,504 [Time-limited test] INFO  keyvalue.KeyValueContainer (KeyValueContainer.java:flushAndSyncDB(431)) - Container 1657501448401 is synced with bcsId 0.
2022-07-11 01:04:08,504 [Time-limited test] INFO  keyvalue.KeyValueContainer (KeyValueContainer.java:flushAndSyncDB(431)) - Container 1657501448401 is synced with bcsId 0.
2022-07-11 01:04:08,505 [Time-limited test] INFO  keyvalue.KeyValueContainer (KeyValueContainer.java:close(346)) - Container 1657501448401 is closed with bcsId 0.
2022-07-11 01:04:08,509 [Time-limited test] INFO  impl.TestContainerPersistence (TestContainerPersistence.java:cleanupDir(170)) - Deleting /home/runner/work/ozone/ozone/hadoop-hdds/container-service/target/test-dir/TestContainerPersistence
]]></system-out>
  </testcase>
  <testcase name="testCreateDuplicateContainer" classname="TestContainerPersistence" time="0.043">
    <system-out><![CDATA[2022-07-11 01:04:00,977 [Time-limited test] INFO  volume.HddsVolume (HddsVolume.java:<init>(116)) - Creating HddsVolume: /home/runner/work/ozone/ozone/hadoop-hdds/container-service/target/test-dir/TestContainerPersistence/hdds of storage type : DISK capacity : 9223372036854775807
2022-07-11 01:04:00,978 [Time-limited test] INFO  volume.MutableVolumeSet (MutableVolumeSet.java:initializeVolumeSet(174)) - Added Volume : /home/runner/work/ozone/ozone/hadoop-hdds/container-service/target/test-dir/TestContainerPersistence/hdds to VolumeSet
2022-07-11 01:04:01,011 [Time-limited test] WARN  impl.ContainerSet (ContainerSet.java:addContainer(77)) - Container already exists with container Id 1657501440984
2022-07-11 01:04:01,015 [Time-limited test] INFO  impl.TestContainerPersistence (TestContainerPersistence.java:cleanupDir(170)) - Deleting /home/runner/work/ozone/ozone/hadoop-hdds/container-service/target/test-dir/TestContainerPersistence
]]></system-out>
  </testcase>
  <testcase name="testCreateDuplicateContainer" classname="TestContainerPersistence" time="0.042">
    <system-out><![CDATA[2022-07-11 01:04:03,167 [Time-limited test] INFO  volume.HddsVolume (HddsVolume.java:<init>(116)) - Creating HddsVolume: /home/runner/work/ozone/ozone/hadoop-hdds/container-service/target/test-dir/TestContainerPersistence/hdds of storage type : DISK capacity : 9223372036854775807
2022-07-11 01:04:03,167 [Time-limited test] INFO  volume.MutableVolumeSet (MutableVolumeSet.java:initializeVolumeSet(174)) - Added Volume : /home/runner/work/ozone/ozone/hadoop-hdds/container-service/target/test-dir/TestContainerPersistence/hdds to VolumeSet
2022-07-11 01:04:03,196 [Time-limited test] WARN  impl.ContainerSet (ContainerSet.java:addContainer(77)) - Container already exists with container Id 1657501443173
2022-07-11 01:04:03,198 [Time-limited test] INFO  impl.TestContainerPersistence (TestContainerPersistence.java:cleanupDir(170)) - Deleting /home/runner/work/ozone/ozone/hadoop-hdds/container-service/target/test-dir/TestContainerPersistence
]]></system-out>
  </testcase>
  <testcase name="testCreateDuplicateContainer" classname="TestContainerPersistence" time="0.034">
    <system-out><![CDATA[2022-07-11 01:04:04,854 [Time-limited test] INFO  volume.HddsVolume (HddsVolume.java:<init>(116)) - Creating HddsVolume: /home/runner/work/ozone/ozone/hadoop-hdds/container-service/target/test-dir/TestContainerPersistence/hdds of storage type : DISK capacity : 9223372036854775807
2022-07-11 01:04:04,854 [Time-limited test] INFO  volume.MutableVolumeSet (MutableVolumeSet.java:initializeVolumeSet(174)) - Added Volume : /home/runner/work/ozone/ozone/hadoop-hdds/container-service/target/test-dir/TestContainerPersistence/hdds to VolumeSet
2022-07-11 01:04:04,879 [Time-limited test] INFO  volume.HddsVolume (HddsVolume.java:createDbStore(309)) - SchemaV3 db is created and loaded at /home/runner/work/ozone/ozone/hadoop-hdds/container-service/target/test-dir/TestContainerPersistence/hdds/10c612e0-bc91-43ff-ba99-20cb0feac034/DS-939ab14c-c6ba-40fd-84ef-8693899f8dc0/container.db for volume DS-939ab14c-c6ba-40fd-84ef-8693899f8dc0
2022-07-11 01:04:04,881 [Time-limited test] WARN  impl.ContainerSet (ContainerSet.java:addContainer(77)) - Container already exists with container Id 1657501444880
2022-07-11 01:04:04,885 [Time-limited test] INFO  impl.TestContainerPersistence (TestContainerPersistence.java:cleanupDir(170)) - Deleting /home/runner/work/ozone/ozone/hadoop-hdds/container-service/target/test-dir/TestContainerPersistence
]]></system-out>
  </testcase>
  <testcase name="testCreateDuplicateContainer" classname="TestContainerPersistence" time="0.04">
    <system-out><![CDATA[2022-07-11 01:04:06,355 [Time-limited test] INFO  volume.HddsVolume (HddsVolume.java:<init>(116)) - Creating HddsVolume: /home/runner/work/ozone/ozone/hadoop-hdds/container-service/target/test-dir/TestContainerPersistence/hdds of storage type : DISK capacity : 9223372036854775807
2022-07-11 01:04:06,355 [Time-limited test] INFO  volume.MutableVolumeSet (MutableVolumeSet.java:initializeVolumeSet(174)) - Added Volume : /home/runner/work/ozone/ozone/hadoop-hdds/container-service/target/test-dir/TestContainerPersistence/hdds to VolumeSet
2022-07-11 01:04:06,388 [Time-limited test] WARN  impl.ContainerSet (ContainerSet.java:addContainer(77)) - Container already exists with container Id 1657501446361
2022-07-11 01:04:06,390 [Time-limited test] INFO  impl.TestContainerPersistence (TestContainerPersistence.java:cleanupDir(170)) - Deleting /home/runner/work/ozone/ozone/hadoop-hdds/container-service/target/test-dir/TestContainerPersistence
]]></system-out>
  </testcase>
  <testcase name="testCreateDuplicateContainer" classname="TestContainerPersistence" time="0.04">
    <system-out><![CDATA[2022-07-11 01:04:07,565 [Time-limited test] INFO  volume.HddsVolume (HddsVolume.java:<init>(116)) - Creating HddsVolume: /home/runner/work/ozone/ozone/hadoop-hdds/container-service/target/test-dir/TestContainerPersistence/hdds of storage type : DISK capacity : 9223372036854775807
2022-07-11 01:04:07,565 [Time-limited test] INFO  volume.MutableVolumeSet (MutableVolumeSet.java:initializeVolumeSet(174)) - Added Volume : /home/runner/work/ozone/ozone/hadoop-hdds/container-service/target/test-dir/TestContainerPersistence/hdds to VolumeSet
2022-07-11 01:04:07,602 [Time-limited test] WARN  impl.ContainerSet (ContainerSet.java:addContainer(77)) - Container already exists with container Id 1657501447571
2022-07-11 01:04:07,602 [Time-limited test] INFO  impl.TestContainerPersistence (TestContainerPersistence.java:cleanupDir(170)) - Deleting /home/runner/work/ozone/ozone/hadoop-hdds/container-service/target/test-dir/TestContainerPersistence
]]></system-out>
  </testcase>
  <testcase name="testCreateDuplicateContainer" classname="TestContainerPersistence" time="0.033">
    <system-out><![CDATA[2022-07-11 01:04:08,512 [Time-limited test] INFO  volume.HddsVolume (HddsVolume.java:<init>(116)) - Creating HddsVolume: /home/runner/work/ozone/ozone/hadoop-hdds/container-service/target/test-dir/TestContainerPersistence/hdds of storage type : DISK capacity : 9223372036854775807
2022-07-11 01:04:08,512 [Time-limited test] INFO  volume.MutableVolumeSet (MutableVolumeSet.java:initializeVolumeSet(174)) - Added Volume : /home/runner/work/ozone/ozone/hadoop-hdds/container-service/target/test-dir/TestContainerPersistence/hdds to VolumeSet
2022-07-11 01:04:08,541 [Time-limited test] INFO  volume.HddsVolume (HddsVolume.java:createDbStore(309)) - SchemaV3 db is created and loaded at /home/runner/work/ozone/ozone/hadoop-hdds/container-service/target/test-dir/TestContainerPersistence/hdds/10c612e0-bc91-43ff-ba99-20cb0feac034/DS-6869f296-7766-47ee-9fa2-c1e2d1fda563/container.db for volume DS-6869f296-7766-47ee-9fa2-c1e2d1fda563
2022-07-11 01:04:08,543 [Time-limited test] WARN  impl.ContainerSet (ContainerSet.java:addContainer(77)) - Container already exists with container Id 1657501448542
2022-07-11 01:04:08,543 [Time-limited test] INFO  impl.TestContainerPersistence (TestContainerPersistence.java:cleanupDir(170)) - Deleting /home/runner/work/ozone/ozone/hadoop-hdds/container-service/target/test-dir/TestContainerPersistence
]]></system-out>
  </testcase>
  <testcase name="testUpdateContainer" classname="TestContainerPersistence" time="0.056">
    <system-out><![CDATA[2022-07-11 01:04:01,021 [Time-limited test] INFO  volume.HddsVolume (HddsVolume.java:<init>(116)) - Creating HddsVolume: /home/runner/work/ozone/ozone/hadoop-hdds/container-service/target/test-dir/TestContainerPersistence/hdds of storage type : DISK capacity : 9223372036854775807
2022-07-11 01:04:01,021 [Time-limited test] INFO  volume.MutableVolumeSet (MutableVolumeSet.java:initializeVolumeSet(174)) - Added Volume : /home/runner/work/ozone/ozone/hadoop-hdds/container-service/target/test-dir/TestContainerPersistence/hdds to VolumeSet
2022-07-11 01:04:01,070 [Time-limited test] INFO  keyvalue.KeyValueContainer (KeyValueContainer.java:flushAndSyncDB(431)) - Container 1657501441027 is synced with bcsId 0.
2022-07-11 01:04:01,070 [Time-limited test] INFO  keyvalue.KeyValueContainer (KeyValueContainer.java:flushAndSyncDB(431)) - Container 1657501441027 is synced with bcsId 0.
2022-07-11 01:04:01,072 [Time-limited test] INFO  keyvalue.KeyValueContainer (KeyValueContainer.java:close(346)) - Container 1657501441027 is closed with bcsId 0.
2022-07-11 01:04:01,074 [Time-limited test] INFO  impl.TestContainerPersistence (TestContainerPersistence.java:cleanupDir(170)) - Deleting /home/runner/work/ozone/ozone/hadoop-hdds/container-service/target/test-dir/TestContainerPersistence
]]></system-out>
  </testcase>
  <testcase name="testUpdateContainer" classname="TestContainerPersistence" time="0.045">
    <system-out><![CDATA[2022-07-11 01:04:03,203 [Time-limited test] INFO  volume.HddsVolume (HddsVolume.java:<init>(116)) - Creating HddsVolume: /home/runner/work/ozone/ozone/hadoop-hdds/container-service/target/test-dir/TestContainerPersistence/hdds of storage type : DISK capacity : 9223372036854775807
2022-07-11 01:04:03,203 [Time-limited test] INFO  volume.MutableVolumeSet (MutableVolumeSet.java:initializeVolumeSet(174)) - Added Volume : /home/runner/work/ozone/ozone/hadoop-hdds/container-service/target/test-dir/TestContainerPersistence/hdds to VolumeSet
2022-07-11 01:04:03,240 [Time-limited test] INFO  keyvalue.KeyValueContainer (KeyValueContainer.java:flushAndSyncDB(431)) - Container 1657501443209 is synced with bcsId 0.
2022-07-11 01:04:03,240 [Time-limited test] INFO  keyvalue.KeyValueContainer (KeyValueContainer.java:flushAndSyncDB(431)) - Container 1657501443209 is synced with bcsId 0.
2022-07-11 01:04:03,241 [Time-limited test] INFO  keyvalue.KeyValueContainer (KeyValueContainer.java:close(346)) - Container 1657501443209 is closed with bcsId 0.
2022-07-11 01:04:03,242 [Time-limited test] INFO  impl.TestContainerPersistence (TestContainerPersistence.java:cleanupDir(170)) - Deleting /home/runner/work/ozone/ozone/hadoop-hdds/container-service/target/test-dir/TestContainerPersistence
]]></system-out>
  </testcase>
  <testcase name="testUpdateContainer" classname="TestContainerPersistence" time="0.049">
    <system-out><![CDATA[2022-07-11 01:04:04,891 [Time-limited test] INFO  volume.HddsVolume (HddsVolume.java:<init>(116)) - Creating HddsVolume: /home/runner/work/ozone/ozone/hadoop-hdds/container-service/target/test-dir/TestContainerPersistence/hdds of storage type : DISK capacity : 9223372036854775807
2022-07-11 01:04:04,891 [Time-limited test] INFO  volume.MutableVolumeSet (MutableVolumeSet.java:initializeVolumeSet(174)) - Added Volume : /home/runner/work/ozone/ozone/hadoop-hdds/container-service/target/test-dir/TestContainerPersistence/hdds to VolumeSet
2022-07-11 01:04:04,921 [Time-limited test] INFO  volume.HddsVolume (HddsVolume.java:createDbStore(309)) - SchemaV3 db is created and loaded at /home/runner/work/ozone/ozone/hadoop-hdds/container-service/target/test-dir/TestContainerPersistence/hdds/10c612e0-bc91-43ff-ba99-20cb0feac034/DS-c7a34327-b55a-4582-97f8-0948110d76a6/container.db for volume DS-c7a34327-b55a-4582-97f8-0948110d76a6
2022-07-11 01:04:04,926 [Time-limited test] INFO  keyvalue.KeyValueContainer (KeyValueContainer.java:flushAndSyncDB(431)) - Container 1657501444921 is synced with bcsId 0.
2022-07-11 01:04:04,926 [Time-limited test] INFO  keyvalue.KeyValueContainer (KeyValueContainer.java:flushAndSyncDB(431)) - Container 1657501444921 is synced with bcsId 0.
2022-07-11 01:04:04,927 [Time-limited test] INFO  keyvalue.KeyValueContainer (KeyValueContainer.java:close(346)) - Container 1657501444921 is closed with bcsId 0.
2022-07-11 01:04:04,935 [Time-limited test] INFO  impl.TestContainerPersistence (TestContainerPersistence.java:cleanupDir(170)) - Deleting /home/runner/work/ozone/ozone/hadoop-hdds/container-service/target/test-dir/TestContainerPersistence
]]></system-out>
  </testcase>
  <testcase name="testUpdateContainer" classname="TestContainerPersistence" time="0.054">
    <system-out><![CDATA[2022-07-11 01:04:06,399 [Time-limited test] INFO  volume.HddsVolume (HddsVolume.java:<init>(116)) - Creating HddsVolume: /home/runner/work/ozone/ozone/hadoop-hdds/container-service/target/test-dir/TestContainerPersistence/hdds of storage type : DISK capacity : 9223372036854775807
2022-07-11 01:04:06,400 [Time-limited test] INFO  volume.MutableVolumeSet (MutableVolumeSet.java:initializeVolumeSet(174)) - Added Volume : /home/runner/work/ozone/ozone/hadoop-hdds/container-service/target/test-dir/TestContainerPersistence/hdds to VolumeSet
2022-07-11 01:04:06,442 [Time-limited test] INFO  keyvalue.KeyValueContainer (KeyValueContainer.java:flushAndSyncDB(431)) - Container 1657501446406 is synced with bcsId 0.
2022-07-11 01:04:06,442 [Time-limited test] INFO  keyvalue.KeyValueContainer (KeyValueContainer.java:flushAndSyncDB(431)) - Container 1657501446406 is synced with bcsId 0.
2022-07-11 01:04:06,443 [Time-limited test] INFO  keyvalue.KeyValueContainer (KeyValueContainer.java:close(346)) - Container 1657501446406 is closed with bcsId 0.
2022-07-11 01:04:06,445 [Time-limited test] INFO  impl.TestContainerPersistence (TestContainerPersistence.java:cleanupDir(170)) - Deleting /home/runner/work/ozone/ozone/hadoop-hdds/container-service/target/test-dir/TestContainerPersistence
]]></system-out>
  </testcase>
  <testcase name="testUpdateContainer" classname="TestContainerPersistence" time="0.049">
    <system-out><![CDATA[2022-07-11 01:04:07,610 [Time-limited test] INFO  volume.HddsVolume (HddsVolume.java:<init>(116)) - Creating HddsVolume: /home/runner/work/ozone/ozone/hadoop-hdds/container-service/target/test-dir/TestContainerPersistence/hdds of storage type : DISK capacity : 9223372036854775807
2022-07-11 01:04:07,610 [Time-limited test] INFO  volume.MutableVolumeSet (MutableVolumeSet.java:initializeVolumeSet(174)) - Added Volume : /home/runner/work/ozone/ozone/hadoop-hdds/container-service/target/test-dir/TestContainerPersistence/hdds to VolumeSet
2022-07-11 01:04:07,647 [Time-limited test] INFO  keyvalue.KeyValueContainer (KeyValueContainer.java:flushAndSyncDB(431)) - Container 1657501447616 is synced with bcsId 0.
2022-07-11 01:04:07,647 [Time-limited test] INFO  keyvalue.KeyValueContainer (KeyValueContainer.java:flushAndSyncDB(431)) - Container 1657501447616 is synced with bcsId 0.
2022-07-11 01:04:07,651 [Time-limited test] INFO  keyvalue.KeyValueContainer (KeyValueContainer.java:close(346)) - Container 1657501447616 is closed with bcsId 0.
2022-07-11 01:04:07,652 [Time-limited test] INFO  impl.TestContainerPersistence (TestContainerPersistence.java:cleanupDir(170)) - Deleting /home/runner/work/ozone/ozone/hadoop-hdds/container-service/target/test-dir/TestContainerPersistence
]]></system-out>
  </testcase>
  <testcase name="testUpdateContainer" classname="TestContainerPersistence" time="0.043">
    <system-out><![CDATA[2022-07-11 01:04:08,551 [Time-limited test] INFO  volume.HddsVolume (HddsVolume.java:<init>(116)) - Creating HddsVolume: /home/runner/work/ozone/ozone/hadoop-hdds/container-service/target/test-dir/TestContainerPersistence/hdds of storage type : DISK capacity : 9223372036854775807
2022-07-11 01:04:08,551 [Time-limited test] INFO  volume.MutableVolumeSet (MutableVolumeSet.java:initializeVolumeSet(174)) - Added Volume : /home/runner/work/ozone/ozone/hadoop-hdds/container-service/target/test-dir/TestContainerPersistence/hdds to VolumeSet
2022-07-11 01:04:08,578 [Time-limited test] INFO  volume.HddsVolume (HddsVolume.java:createDbStore(309)) - SchemaV3 db is created and loaded at /home/runner/work/ozone/ozone/hadoop-hdds/container-service/target/test-dir/TestContainerPersistence/hdds/10c612e0-bc91-43ff-ba99-20cb0feac034/DS-d475f530-9280-4b58-ac6b-e8c425bbbf75/container.db for volume DS-d475f530-9280-4b58-ac6b-e8c425bbbf75
2022-07-11 01:04:08,581 [Time-limited test] INFO  keyvalue.KeyValueContainer (KeyValueContainer.java:flushAndSyncDB(431)) - Container 1657501448578 is synced with bcsId 0.
2022-07-11 01:04:08,581 [Time-limited test] INFO  keyvalue.KeyValueContainer (KeyValueContainer.java:flushAndSyncDB(431)) - Container 1657501448578 is synced with bcsId 0.
2022-07-11 01:04:08,582 [Time-limited test] INFO  keyvalue.KeyValueContainer (KeyValueContainer.java:close(346)) - Container 1657501448578 is closed with bcsId 0.
2022-07-11 01:04:08,586 [Time-limited test] INFO  impl.TestContainerPersistence (TestContainerPersistence.java:cleanupDir(170)) - Deleting /home/runner/work/ozone/ozone/hadoop-hdds/container-service/target/test-dir/TestContainerPersistence
]]></system-out>
  </testcase>
  <testcase name="testListContainer" classname="TestContainerPersistence" time="0.269">
    <system-out><![CDATA[2022-07-11 01:04:01,080 [Time-limited test] INFO  volume.HddsVolume (HddsVolume.java:<init>(116)) - Creating HddsVolume: /home/runner/work/ozone/ozone/hadoop-hdds/container-service/target/test-dir/TestContainerPersistence/hdds of storage type : DISK capacity : 9223372036854775807
2022-07-11 01:04:01,081 [Time-limited test] INFO  volume.MutableVolumeSet (MutableVolumeSet.java:initializeVolumeSet(174)) - Added Volume : /home/runner/work/ozone/ozone/hadoop-hdds/container-service/target/test-dir/TestContainerPersistence/hdds to VolumeSet
2022-07-11 01:04:01,336 [Time-limited test] INFO  impl.TestContainerPersistence (TestContainerPersistence.java:cleanupDir(170)) - Deleting /home/runner/work/ozone/ozone/hadoop-hdds/container-service/target/test-dir/TestContainerPersistence
]]></system-out>
  </testcase>
  <testcase name="testListContainer" classname="TestContainerPersistence" time="0.272">
    <system-out><![CDATA[2022-07-11 01:04:03,252 [Time-limited test] INFO  volume.HddsVolume (HddsVolume.java:<init>(116)) - Creating HddsVolume: /home/runner/work/ozone/ozone/hadoop-hdds/container-service/target/test-dir/TestContainerPersistence/hdds of storage type : DISK capacity : 9223372036854775807
2022-07-11 01:04:03,252 [Time-limited test] INFO  volume.MutableVolumeSet (MutableVolumeSet.java:initializeVolumeSet(174)) - Added Volume : /home/runner/work/ozone/ozone/hadoop-hdds/container-service/target/test-dir/TestContainerPersistence/hdds to VolumeSet
2022-07-11 01:04:03,510 [Time-limited test] INFO  impl.TestContainerPersistence (TestContainerPersistence.java:cleanupDir(170)) - Deleting /home/runner/work/ozone/ozone/hadoop-hdds/container-service/target/test-dir/TestContainerPersistence
]]></system-out>
  </testcase>
  <testcase name="testListContainer" classname="TestContainerPersistence" time="0.042">
    <system-out><![CDATA[2022-07-11 01:04:04,938 [Time-limited test] INFO  volume.HddsVolume (HddsVolume.java:<init>(116)) - Creating HddsVolume: /home/runner/work/ozone/ozone/hadoop-hdds/container-service/target/test-dir/TestContainerPersistence/hdds of storage type : DISK capacity : 9223372036854775807
2022-07-11 01:04:04,938 [Time-limited test] INFO  volume.MutableVolumeSet (MutableVolumeSet.java:initializeVolumeSet(174)) - Added Volume : /home/runner/work/ozone/ozone/hadoop-hdds/container-service/target/test-dir/TestContainerPersistence/hdds to VolumeSet
2022-07-11 01:04:04,964 [Time-limited test] INFO  volume.HddsVolume (HddsVolume.java:createDbStore(309)) - SchemaV3 db is created and loaded at /home/runner/work/ozone/ozone/hadoop-hdds/container-service/target/test-dir/TestContainerPersistence/hdds/10c612e0-bc91-43ff-ba99-20cb0feac034/DS-1caa50cf-d13b-4bdf-a8a2-c7318249d878/container.db for volume DS-1caa50cf-d13b-4bdf-a8a2-c7318249d878
2022-07-11 01:04:04,976 [Time-limited test] INFO  impl.TestContainerPersistence (TestContainerPersistence.java:cleanupDir(170)) - Deleting /home/runner/work/ozone/ozone/hadoop-hdds/container-service/target/test-dir/TestContainerPersistence
]]></system-out>
  </testcase>
  <testcase name="testListContainer" classname="TestContainerPersistence" time="0.248">
    <system-out><![CDATA[2022-07-11 01:04:06,453 [Time-limited test] INFO  volume.HddsVolume (HddsVolume.java:<init>(116)) - Creating HddsVolume: /home/runner/work/ozone/ozone/hadoop-hdds/container-service/target/test-dir/TestContainerPersistence/hdds of storage type : DISK capacity : 9223372036854775807
2022-07-11 01:04:06,453 [Time-limited test] INFO  volume.MutableVolumeSet (MutableVolumeSet.java:initializeVolumeSet(174)) - Added Volume : /home/runner/work/ozone/ozone/hadoop-hdds/container-service/target/test-dir/TestContainerPersistence/hdds to VolumeSet
2022-07-11 01:04:06,687 [Time-limited test] INFO  impl.TestContainerPersistence (TestContainerPersistence.java:cleanupDir(170)) - Deleting /home/runner/work/ozone/ozone/hadoop-hdds/container-service/target/test-dir/TestContainerPersistence
]]></system-out>
  </testcase>
  <testcase name="testListContainer" classname="TestContainerPersistence" time="0.26">
    <system-out><![CDATA[2022-07-11 01:04:07,659 [Time-limited test] INFO  volume.HddsVolume (HddsVolume.java:<init>(116)) - Creating HddsVolume: /home/runner/work/ozone/ozone/hadoop-hdds/container-service/target/test-dir/TestContainerPersistence/hdds of storage type : DISK capacity : 9223372036854775807
2022-07-11 01:04:07,659 [Time-limited test] INFO  volume.MutableVolumeSet (MutableVolumeSet.java:initializeVolumeSet(174)) - Added Volume : /home/runner/work/ozone/ozone/hadoop-hdds/container-service/target/test-dir/TestContainerPersistence/hdds to VolumeSet
2022-07-11 01:04:07,907 [Time-limited test] INFO  impl.TestContainerPersistence (TestContainerPersistence.java:cleanupDir(170)) - Deleting /home/runner/work/ozone/ozone/hadoop-hdds/container-service/target/test-dir/TestContainerPersistence
]]></system-out>
  </testcase>
  <testcase name="testListContainer" classname="TestContainerPersistence" time="0.037">
    <error type="org.apache.hadoop.hdds.scm.container.common.helpers.StorageContainerException"><![CDATA[org.apache.hadoop.hdds.scm.container.common.helpers.StorageContainerException: Container creation failed because ContainerFile already exists
	at org.apache.hadoop.ozone.container.keyvalue.KeyValueContainer.create(KeyValueContainer.java:191)
	at org.apache.hadoop.ozone.container.common.impl.TestContainerPersistence.addContainer(TestContainerPersistence.java:200)
	at org.apache.hadoop.ozone.container.common.impl.TestContainerPersistence.testListContainer(TestContainerPersistence.java:347)
	at sun.reflect.NativeMethodAccessorImpl.invoke0(Native Method)
	at sun.reflect.NativeMethodAccessorImpl.invoke(NativeMethodAccessorImpl.java:62)
	at sun.reflect.DelegatingMethodAccessorImpl.invoke(DelegatingMethodAccessorImpl.java:43)
	at java.lang.reflect.Method.invoke(Method.java:498)
	at org.junit.runners.model.FrameworkMethod$1.runReflectiveCall(FrameworkMethod.java:59)
	at org.junit.internal.runners.model.ReflectiveCallable.run(ReflectiveCallable.java:12)
	at org.junit.runners.model.FrameworkMethod.invokeExplosively(FrameworkMethod.java:56)
	at org.junit.internal.runners.statements.InvokeMethod.evaluate(InvokeMethod.java:17)
	at org.junit.internal.runners.statements.RunBefores.evaluate(RunBefores.java:26)
	at org.junit.internal.runners.statements.RunAfters.evaluate(RunAfters.java:27)
	at org.junit.rules.ExpectedException$ExpectedExceptionStatement.evaluate(ExpectedException.java:258)
	at org.junit.internal.runners.statements.FailOnTimeout$CallableStatement.call(FailOnTimeout.java:288)
	at org.junit.internal.runners.statements.FailOnTimeout$CallableStatement.call(FailOnTimeout.java:282)
	at java.util.concurrent.FutureTask.run(FutureTask.java:266)
	at java.lang.Thread.run(Thread.java:750)
Caused by: org.apache.hadoop.fs.FileAlreadyExistsException: container already exists on disk.
	at org.apache.hadoop.ozone.container.common.helpers.ContainerUtils.verifyIsNewContainer(ContainerUtils.java:126)
	at org.apache.hadoop.ozone.container.keyvalue.KeyValueContainer.create(KeyValueContainer.java:164)
	... 17 more
]]></error>
    <system-out><![CDATA[2022-07-11 01:04:08,590 [Time-limited test] INFO  volume.HddsVolume (HddsVolume.java:<init>(116)) - Creating HddsVolume: /home/runner/work/ozone/ozone/hadoop-hdds/container-service/target/test-dir/TestContainerPersistence/hdds of storage type : DISK capacity : 9223372036854775807
2022-07-11 01:04:08,590 [Time-limited test] INFO  volume.MutableVolumeSet (MutableVolumeSet.java:initializeVolumeSet(174)) - Added Volume : /home/runner/work/ozone/ozone/hadoop-hdds/container-service/target/test-dir/TestContainerPersistence/hdds to VolumeSet
2022-07-11 01:04:08,618 [Time-limited test] INFO  volume.HddsVolume (HddsVolume.java:createDbStore(309)) - SchemaV3 db is created and loaded at /home/runner/work/ozone/ozone/hadoop-hdds/container-service/target/test-dir/TestContainerPersistence/hdds/10c612e0-bc91-43ff-ba99-20cb0feac034/DS-e3392dc6-b272-4112-9d8f-ef1d67f9e866/container.db for volume DS-e3392dc6-b272-4112-9d8f-ef1d67f9e866
2022-07-11 01:04:08,622 [Time-limited test] ERROR impl.ContainerSet (ContainerUtils.java:verifyIsNewContainer(124)) - Container already exists on disk. File: /home/runner/work/ozone/ozone/hadoop-hdds/container-service/target/test-dir/TestContainerPersistence/hdds/10c612e0-bc91-43ff-ba99-20cb0feac034/current/containerDir124/1657501448621/metadata
2022-07-11 01:04:08,622 [Time-limited test] INFO  impl.TestContainerPersistence (TestContainerPersistence.java:cleanupDir(170)) - Deleting /home/runner/work/ozone/ozone/hadoop-hdds/container-service/target/test-dir/TestContainerPersistence
]]></system-out>
  </testcase>
  <testcase name="testWritReadManyChunks" classname="TestContainerPersistence" time="0.988">
    <system-out><![CDATA[2022-07-11 01:04:01,348 [Time-limited test] INFO  volume.HddsVolume (HddsVolume.java:<init>(116)) - Creating HddsVolume: /home/runner/work/ozone/ozone/hadoop-hdds/container-service/target/test-dir/TestContainerPersistence/hdds of storage type : DISK capacity : 9223372036854775807
2022-07-11 01:04:01,348 [Time-limited test] INFO  volume.MutableVolumeSet (MutableVolumeSet.java:initializeVolumeSet(174)) - Added Volume : /home/runner/work/ozone/ozone/hadoop-hdds/container-service/target/test-dir/TestContainerPersistence/hdds to VolumeSet
2022-07-11 01:04:02,283 [Time-limited test] INFO  impl.TestContainerPersistence (TestContainerPersistence.java:cleanupDir(170)) - Deleting /home/runner/work/ozone/ozone/hadoop-hdds/container-service/target/test-dir/TestContainerPersistence
]]></system-out>
  </testcase>
  <testcase name="testWritReadManyChunks" classname="TestContainerPersistence" time="0.743">
    <system-out><![CDATA[2022-07-11 01:04:03,523 [Time-limited test] INFO  volume.HddsVolume (HddsVolume.java:<init>(116)) - Creating HddsVolume: /home/runner/work/ozone/ozone/hadoop-hdds/container-service/target/test-dir/TestContainerPersistence/hdds of storage type : DISK capacity : 9223372036854775807
2022-07-11 01:04:03,523 [Time-limited test] INFO  volume.MutableVolumeSet (MutableVolumeSet.java:initializeVolumeSet(174)) - Added Volume : /home/runner/work/ozone/ozone/hadoop-hdds/container-service/target/test-dir/TestContainerPersistence/hdds to VolumeSet
2022-07-11 01:04:04,217 [Time-limited test] INFO  impl.TestContainerPersistence (TestContainerPersistence.java:cleanupDir(170)) - Deleting /home/runner/work/ozone/ozone/hadoop-hdds/container-service/target/test-dir/TestContainerPersistence
]]></system-out>
  </testcase>
  <testcase name="testWritReadManyChunks" classname="TestContainerPersistence" time="0.582">
    <system-out><![CDATA[2022-07-11 01:04:04,980 [Time-limited test] INFO  volume.HddsVolume (HddsVolume.java:<init>(116)) - Creating HddsVolume: /home/runner/work/ozone/ozone/hadoop-hdds/container-service/target/test-dir/TestContainerPersistence/hdds of storage type : DISK capacity : 9223372036854775807
2022-07-11 01:04:04,981 [Time-limited test] INFO  volume.MutableVolumeSet (MutableVolumeSet.java:initializeVolumeSet(174)) - Added Volume : /home/runner/work/ozone/ozone/hadoop-hdds/container-service/target/test-dir/TestContainerPersistence/hdds to VolumeSet
2022-07-11 01:04:05,004 [Time-limited test] INFO  volume.HddsVolume (HddsVolume.java:createDbStore(309)) - SchemaV3 db is created and loaded at /home/runner/work/ozone/ozone/hadoop-hdds/container-service/target/test-dir/TestContainerPersistence/hdds/10c612e0-bc91-43ff-ba99-20cb0feac034/DS-0df8dc65-ba66-4597-a73f-fd3a904c1c7d/container.db for volume DS-0df8dc65-ba66-4597-a73f-fd3a904c1c7d
2022-07-11 01:04:05,516 [Time-limited test] INFO  impl.TestContainerPersistence (TestContainerPersistence.java:cleanupDir(170)) - Deleting /home/runner/work/ozone/ozone/hadoop-hdds/container-service/target/test-dir/TestContainerPersistence
]]></system-out>
  </testcase>
  <testcase name="testWritReadManyChunks" classname="TestContainerPersistence" time="0.109">
    <system-out><![CDATA[2022-07-11 01:04:06,703 [Time-limited test] INFO  volume.HddsVolume (HddsVolume.java:<init>(116)) - Creating HddsVolume: /home/runner/work/ozone/ozone/hadoop-hdds/container-service/target/test-dir/TestContainerPersistence/hdds of storage type : DISK capacity : 9223372036854775807
2022-07-11 01:04:06,703 [Time-limited test] INFO  volume.MutableVolumeSet (MutableVolumeSet.java:initializeVolumeSet(174)) - Added Volume : /home/runner/work/ozone/ozone/hadoop-hdds/container-service/target/test-dir/TestContainerPersistence/hdds to VolumeSet
2022-07-11 01:04:06,802 [Time-limited test] INFO  impl.TestContainerPersistence (TestContainerPersistence.java:cleanupDir(170)) - Deleting /home/runner/work/ozone/ozone/hadoop-hdds/container-service/target/test-dir/TestContainerPersistence
]]></system-out>
  </testcase>
  <testcase name="testWritReadManyChunks" classname="TestContainerPersistence" time="0.091">
    <system-out><![CDATA[2022-07-11 01:04:07,923 [Time-limited test] INFO  volume.HddsVolume (HddsVolume.java:<init>(116)) - Creating HddsVolume: /home/runner/work/ozone/ozone/hadoop-hdds/container-service/target/test-dir/TestContainerPersistence/hdds of storage type : DISK capacity : 9223372036854775807
2022-07-11 01:04:07,923 [Time-limited test] INFO  volume.MutableVolumeSet (MutableVolumeSet.java:initializeVolumeSet(174)) - Added Volume : /home/runner/work/ozone/ozone/hadoop-hdds/container-service/target/test-dir/TestContainerPersistence/hdds to VolumeSet
2022-07-11 01:04:08,005 [Time-limited test] INFO  impl.TestContainerPersistence (TestContainerPersistence.java:cleanupDir(170)) - Deleting /home/runner/work/ozone/ozone/hadoop-hdds/container-service/target/test-dir/TestContainerPersistence
]]></system-out>
  </testcase>
  <testcase name="testWritReadManyChunks" classname="TestContainerPersistence" time="0.087">
    <system-out><![CDATA[2022-07-11 01:04:08,632 [Time-limited test] INFO  volume.HddsVolume (HddsVolume.java:<init>(116)) - Creating HddsVolume: /home/runner/work/ozone/ozone/hadoop-hdds/container-service/target/test-dir/TestContainerPersistence/hdds of storage type : DISK capacity : 9223372036854775807
2022-07-11 01:04:08,632 [Time-limited test] INFO  volume.MutableVolumeSet (MutableVolumeSet.java:initializeVolumeSet(174)) - Added Volume : /home/runner/work/ozone/ozone/hadoop-hdds/container-service/target/test-dir/TestContainerPersistence/hdds to VolumeSet
2022-07-11 01:04:08,665 [Time-limited test] INFO  volume.HddsVolume (HddsVolume.java:createDbStore(309)) - SchemaV3 db is created and loaded at /home/runner/work/ozone/ozone/hadoop-hdds/container-service/target/test-dir/TestContainerPersistence/hdds/10c612e0-bc91-43ff-ba99-20cb0feac034/DS-98bbf968-65b8-47f9-8a7a-aa1d63ef37a2/container.db for volume DS-98bbf968-65b8-47f9-8a7a-aa1d63ef37a2
2022-07-11 01:04:08,715 [Time-limited test] INFO  impl.TestContainerPersistence (TestContainerPersistence.java:cleanupDir(170)) - Deleting /home/runner/work/ozone/ozone/hadoop-hdds/container-service/target/test-dir/TestContainerPersistence
]]></system-out>
  </testcase>
  <testcase name="testPutBlockWithLotsOfChunks" classname="TestContainerPersistence" time="0.046">
    <system-out><![CDATA[2022-07-11 01:04:02,339 [Time-limited test] INFO  volume.HddsVolume (HddsVolume.java:<init>(116)) - Creating HddsVolume: /home/runner/work/ozone/ozone/hadoop-hdds/container-service/target/test-dir/TestContainerPersistence/hdds of storage type : DISK capacity : 9223372036854775807
2022-07-11 01:04:02,339 [Time-limited test] INFO  volume.MutableVolumeSet (MutableVolumeSet.java:initializeVolumeSet(174)) - Added Volume : /home/runner/work/ozone/ozone/hadoop-hdds/container-service/target/test-dir/TestContainerPersistence/hdds to VolumeSet
2022-07-11 01:04:02,378 [Time-limited test] INFO  impl.TestContainerPersistence (TestContainerPersistence.java:cleanupDir(170)) - Deleting /home/runner/work/ozone/ozone/hadoop-hdds/container-service/target/test-dir/TestContainerPersistence
]]></system-out>
  </testcase>
  <testcase name="testPutBlockWithLotsOfChunks" classname="TestContainerPersistence" time="0.053">
    <system-out><![CDATA[2022-07-11 01:04:04,267 [Time-limited test] INFO  volume.HddsVolume (HddsVolume.java:<init>(116)) - Creating HddsVolume: /home/runner/work/ozone/ozone/hadoop-hdds/container-service/target/test-dir/TestContainerPersistence/hdds of storage type : DISK capacity : 9223372036854775807
2022-07-11 01:04:04,267 [Time-limited test] INFO  volume.MutableVolumeSet (MutableVolumeSet.java:initializeVolumeSet(174)) - Added Volume : /home/runner/work/ozone/ozone/hadoop-hdds/container-service/target/test-dir/TestContainerPersistence/hdds to VolumeSet
2022-07-11 01:04:04,314 [Time-limited test] INFO  impl.TestContainerPersistence (TestContainerPersistence.java:cleanupDir(170)) - Deleting /home/runner/work/ozone/ozone/hadoop-hdds/container-service/target/test-dir/TestContainerPersistence
]]></system-out>
  </testcase>
  <testcase name="testPutBlockWithLotsOfChunks" classname="TestContainerPersistence" time="0.042">
    <system-out><![CDATA[2022-07-11 01:04:05,563 [Time-limited test] INFO  volume.HddsVolume (HddsVolume.java:<init>(116)) - Creating HddsVolume: /home/runner/work/ozone/ozone/hadoop-hdds/container-service/target/test-dir/TestContainerPersistence/hdds of storage type : DISK capacity : 9223372036854775807
2022-07-11 01:04:05,563 [Time-limited test] INFO  volume.MutableVolumeSet (MutableVolumeSet.java:initializeVolumeSet(174)) - Added Volume : /home/runner/work/ozone/ozone/hadoop-hdds/container-service/target/test-dir/TestContainerPersistence/hdds to VolumeSet
2022-07-11 01:04:05,593 [Time-limited test] INFO  volume.HddsVolume (HddsVolume.java:createDbStore(309)) - SchemaV3 db is created and loaded at /home/runner/work/ozone/ozone/hadoop-hdds/container-service/target/test-dir/TestContainerPersistence/hdds/10c612e0-bc91-43ff-ba99-20cb0feac034/DS-552d2f28-aef3-4969-a2eb-e781c7dc8e43/container.db for volume DS-552d2f28-aef3-4969-a2eb-e781c7dc8e43
2022-07-11 01:04:05,601 [Time-limited test] INFO  impl.TestContainerPersistence (TestContainerPersistence.java:cleanupDir(170)) - Deleting /home/runner/work/ozone/ozone/hadoop-hdds/container-service/target/test-dir/TestContainerPersistence
]]></system-out>
  </testcase>
  <testcase name="testPutBlockWithLotsOfChunks" classname="TestContainerPersistence" time="0.041">
    <system-out><![CDATA[2022-07-11 01:04:06,807 [Time-limited test] INFO  volume.HddsVolume (HddsVolume.java:<init>(116)) - Creating HddsVolume: /home/runner/work/ozone/ozone/hadoop-hdds/container-service/target/test-dir/TestContainerPersistence/hdds of storage type : DISK capacity : 9223372036854775807
2022-07-11 01:04:06,807 [Time-limited test] INFO  volume.MutableVolumeSet (MutableVolumeSet.java:initializeVolumeSet(174)) - Added Volume : /home/runner/work/ozone/ozone/hadoop-hdds/container-service/target/test-dir/TestContainerPersistence/hdds to VolumeSet
2022-07-11 01:04:06,842 [Time-limited test] INFO  impl.TestContainerPersistence (TestContainerPersistence.java:cleanupDir(170)) - Deleting /home/runner/work/ozone/ozone/hadoop-hdds/container-service/target/test-dir/TestContainerPersistence
]]></system-out>
  </testcase>
  <testcase name="testPutBlockWithLotsOfChunks" classname="TestContainerPersistence" time="0.044">
    <system-out><![CDATA[2022-07-11 01:04:08,015 [Time-limited test] INFO  volume.HddsVolume (HddsVolume.java:<init>(116)) - Creating HddsVolume: /home/runner/work/ozone/ozone/hadoop-hdds/container-service/target/test-dir/TestContainerPersistence/hdds of storage type : DISK capacity : 9223372036854775807
2022-07-11 01:04:08,015 [Time-limited test] INFO  volume.MutableVolumeSet (MutableVolumeSet.java:initializeVolumeSet(174)) - Added Volume : /home/runner/work/ozone/ozone/hadoop-hdds/container-service/target/test-dir/TestContainerPersistence/hdds to VolumeSet
2022-07-11 01:04:08,049 [Time-limited test] INFO  impl.TestContainerPersistence (TestContainerPersistence.java:cleanupDir(170)) - Deleting /home/runner/work/ozone/ozone/hadoop-hdds/container-service/target/test-dir/TestContainerPersistence
]]></system-out>
  </testcase>
  <testcase name="testPutBlockWithLotsOfChunks" classname="TestContainerPersistence" time="0.037">
    <system-out><![CDATA[2022-07-11 01:04:08,719 [Time-limited test] INFO  volume.HddsVolume (HddsVolume.java:<init>(116)) - Creating HddsVolume: /home/runner/work/ozone/ozone/hadoop-hdds/container-service/target/test-dir/TestContainerPersistence/hdds of storage type : DISK capacity : 9223372036854775807
2022-07-11 01:04:08,719 [Time-limited test] INFO  volume.MutableVolumeSet (MutableVolumeSet.java:initializeVolumeSet(174)) - Added Volume : /home/runner/work/ozone/ozone/hadoop-hdds/container-service/target/test-dir/TestContainerPersistence/hdds to VolumeSet
2022-07-11 01:04:08,747 [Time-limited test] INFO  volume.HddsVolume (HddsVolume.java:createDbStore(309)) - SchemaV3 db is created and loaded at /home/runner/work/ozone/ozone/hadoop-hdds/container-service/target/test-dir/TestContainerPersistence/hdds/10c612e0-bc91-43ff-ba99-20cb0feac034/DS-541c7202-4af7-4446-b20a-6b11f358f2d2/container.db for volume DS-541c7202-4af7-4446-b20a-6b11f358f2d2
2022-07-11 01:04:08,752 [Time-limited test] INFO  impl.TestContainerPersistence (TestContainerPersistence.java:cleanupDir(170)) - Deleting /home/runner/work/ozone/ozone/hadoop-hdds/container-service/target/test-dir/TestContainerPersistence
]]></system-out>
  </testcase>
</testsuite>