<?xml version="1.0" encoding="UTF-8"?>
<testsuite xmlns:xsi="http://www.w3.org/2001/XMLSchema-instance" xsi:noNamespaceSchemaLocation="https://maven.apache.org/surefire/maven-surefire-plugin/xsd/surefire-test-report-3.0.xsd" version="3.0" name="org.apache.hadoop.ozone.container.common.TestBlockDeletingService" time="10.222" tests="20" errors="1" skipped="4" failures="0">
  <properties>
    <property name="awt.toolkit" value="sun.awt.X11.XToolkit"/>
    <property name="file.encoding.pkg" value="sun.io"/>
    <property name="java.specification.version" value="1.8"/>
    <property name="sun.cpu.isalist" value=""/>
    <property name="sun.jnu.encoding" value="UTF-8"/>
    <property name="java.class.path" value="/home/runner/work/ozone/ozone/hadoop-hdds/container-service/target/test-classes:/home/runner/work/ozone/ozone/hadoop-hdds/container-service/target/classes:/home/runner/work/ozone/ozone/hadoop-hdds/common/target/classes:/home/runner/work/ozone/ozone/hadoop-hdds/hadoop-dependency-client/target/classes:/home/runner/.m2/repository/org/apache/hadoop/hadoop-annotations/3.3.1/hadoop-annotations-3.3.1.jar:/usr/lib/jvm/temurin-8-jdk-amd64/jre/../lib/tools.jar:/home/runner/.m2/repository/org/apache/hadoop/hadoop-common/3.3.1/hadoop-common-3.3.1.jar:/home/runner/.m2/repository/org/apache/hadoop/thirdparty/hadoop-shaded-guava/1.1.1/hadoop-shaded-guava-1.1.1.jar:/home/runner/.m2/repository/org/apache/httpcomponents/httpclient/4.5.13/httpclient-4.5.13.jar:/home/runner/.m2/repository/org/apache/httpcomponents/httpcore/4.4.13/httpcore-4.4.13.jar:/home/runner/.m2/repository/jakarta/activation/jakarta.activation-api/1.2.1/jakarta.activation-api-1.2.1.jar:/home/runner/.m2/repository/org/apache/commons/commons-configuration2/2.1.1/commons-configuration2-2.1.1.jar:/home/runner/.m2/repository/com/google/re2j/re2j/1.1/re2j-1.1.jar:/home/runner/.m2/repository/org/apache/hadoop/hadoop-auth/3.3.1/hadoop-auth-3.3.1.jar:/home/runner/.m2/repository/org/apache/htrace/htrace-core4/4.1.0-incubating/htrace-core4-4.1.0-incubating.jar:/home/runner/.m2/repository/org/apache/kerby/kerb-core/1.0.1/kerb-core-1.0.1.jar:/home/runner/.m2/repository/org/apache/kerby/kerby-pkix/1.0.1/kerby-pkix-1.0.1.jar:/home/runner/.m2/repository/org/apache/kerby/kerby-asn1/1.0.1/kerby-asn1-1.0.1.jar:/home/runner/.m2/repository/org/apache/kerby/kerby-util/1.0.1/kerby-util-1.0.1.jar:/home/runner/.m2/repository/org/codehaus/woodstox/stax2-api/3.1.4/stax2-api-3.1.4.jar:/home/runner/.m2/repository/com/fasterxml/woodstox/woodstox-core/5.0.3/woodstox-core-5.0.3.jar:/home/runner/.m2/repository/org/xerial/snappy/snappy-java/1.1.8.2/snappy-java-1.1.8.2.jar:/home/runner/.m2/repository/org/apache/hadoop/hadoop-hdfs/3.3.1/hadoop-hdfs-3.3.1.jar:/home/runner/.m2/repository/info/picocli/picocli/4.6.1/picocli-4.6.1.jar:/home/runner/.m2/repository/com/google/protobuf/protobuf-java/2.5.0/protobuf-java-2.5.0.jar:/home/runner/.m2/repository/com/google/guava/guava/30.1.1-jre/guava-30.1.1-jre.jar:/home/runner/.m2/repository/com/google/guava/failureaccess/1.0.1/failureaccess-1.0.1.jar:/home/runner/.m2/repository/com/google/guava/listenablefuture/9999.0-empty-to-avoid-conflict-with-guava/listenablefuture-9999.0-empty-to-avoid-conflict-with-guava.jar:/home/runner/.m2/repository/org/checkerframework/checker-qual/3.8.0/checker-qual-3.8.0.jar:/home/runner/.m2/repository/com/google/errorprone/error_prone_annotations/2.2.0/error_prone_annotations-2.2.0.jar:/home/runner/.m2/repository/com/google/j2objc/j2objc-annotations/1.3/j2objc-annotations-1.3.jar:/home/runner/.m2/repository/org/apache/commons/commons-lang3/3.7/commons-lang3-3.7.jar:/home/runner/.m2/repository/commons-io/commons-io/2.11.0/commons-io-2.11.0.jar:/home/runner/.m2/repository/com/fasterxml/jackson/core/jackson-annotations/2.13.2/jackson-annotations-2.13.2.jar:/home/runner/.m2/repository/com/fasterxml/jackson/datatype/jackson-datatype-jsr310/2.13.2/jackson-datatype-jsr310-2.13.2.jar:/home/runner/.m2/repository/com/fasterxml/jackson/core/jackson-core/2.13.2/jackson-core-2.13.2.jar:/home/runner/.m2/repository/com/fasterxml/jackson/core/jackson-databind/2.13.2.2/jackson-databind-2.13.2.2.jar:/home/runner/work/ozone/ozone/hadoop-hdds/config/target/classes:/home/runner/.m2/repository/javax/annotation/javax.annotation-api/1.2/javax.annotation-api-1.2.jar:/home/runner/.m2/repository/org/apache/ratis/ratis-server/2.2.0/ratis-server-2.2.0.jar:/home/runner/.m2/repository/org/apache/ratis/ratis-thirdparty-misc/0.7.0/ratis-thirdparty-misc-0.7.0.jar:/home/runner/.m2/repository/org/apache/ratis/ratis-proto/2.2.0/ratis-proto-2.2.0.jar:/home/runner/.m2/repository/org/apache/ratis/ratis-common/2.2.0/ratis-common-2.2.0.jar:/home/runner/.m2/repository/org/apache/ratis/ratis-client/2.2.0/ratis-client-2.2.0.jar:/home/runner/.m2/repository/org/apache/ratis/ratis-server-api/2.2.0/ratis-server-api-2.2.0.jar:/home/runner/.m2/repository/org/apache/ratis/ratis-metrics/2.2.0/ratis-metrics-2.2.0.jar:/home/runner/.m2/repository/org/apache/ratis/ratis-netty/2.2.0/ratis-netty-2.2.0.jar:/home/runner/.m2/repository/org/apache/ratis/ratis-grpc/2.2.0/ratis-grpc-2.2.0.jar:/home/runner/.m2/repository/org/apache/logging/log4j/log4j-api/2.17.1/log4j-api-2.17.1.jar:/home/runner/.m2/repository/org/apache/commons/commons-pool2/2.6.0/commons-pool2-2.6.0.jar:/home/runner/.m2/repository/org/bouncycastle/bcpkix-jdk15on/1.67/bcpkix-jdk15on-1.67.jar:/home/runner/.m2/repository/org/bouncycastle/bcprov-jdk15on/1.67/bcprov-jdk15on-1.67.jar:/home/runner/.m2/repository/commons-validator/commons-validator/1.6/commons-validator-1.6.jar:/home/runner/.m2/repository/commons-beanutils/commons-beanutils/1.9.4/commons-beanutils-1.9.4.jar:/home/runner/.m2/repository/commons-digester/commons-digester/1.8.1/commons-digester-1.8.1.jar:/home/runner/.m2/repository/commons-collections/commons-collections/3.2.2/commons-collections-3.2.2.jar:/home/runner/.m2/repository/io/jaegertracing/jaeger-client/1.6.0/jaeger-client-1.6.0.jar:/home/runner/.m2/repository/io/jaegertracing/jaeger-thrift/1.6.0/jaeger-thrift-1.6.0.jar:/home/runner/.m2/repository/org/apache/thrift/libthrift/0.14.1/libthrift-0.14.1.jar:/home/runner/.m2/repository/com/squareup/okhttp3/okhttp/4.9.0/okhttp-4.9.0.jar:/home/runner/.m2/repository/com/squareup/okio/okio/2.8.0/okio-2.8.0.jar:/home/runner/.m2/repository/io/jaegertracing/jaeger-core/1.6.0/jaeger-core-1.6.0.jar:/home/runner/.m2/repository/com/google/code/gson/gson/2.2.4/gson-2.2.4.jar:/home/runner/.m2/repository/io/jaegertracing/jaeger-tracerresolver/1.6.0/jaeger-tracerresolver-1.6.0.jar:/home/runner/.m2/repository/io/opentracing/contrib/opentracing-tracerresolver/0.1.8/opentracing-tracerresolver-0.1.8.jar:/home/runner/.m2/repository/org/jetbrains/kotlin/kotlin-stdlib/1.4.31/kotlin-stdlib-1.4.31.jar:/home/runner/.m2/repository/org/jetbrains/kotlin/kotlin-stdlib-common/1.4.31/kotlin-stdlib-common-1.4.31.jar:/home/runner/.m2/repository/org/jetbrains/annotations/13.0/annotations-13.0.jar:/home/runner/.m2/repository/io/opentracing/opentracing-util/0.33.0/opentracing-util-0.33.0.jar:/home/runner/.m2/repository/io/opentracing/opentracing-api/0.33.0/opentracing-api-0.33.0.jar:/home/runner/.m2/repository/io/opentracing/opentracing-noop/0.33.0/opentracing-noop-0.33.0.jar:/home/runner/.m2/repository/org/reflections/reflections/0.9.11/reflections-0.9.11.jar:/home/runner/.m2/repository/org/javassist/javassist/3.21.0-GA/javassist-3.21.0-GA.jar:/home/runner/work/ozone/ozone/hadoop-hdds/interface-client/target/classes:/home/runner/.m2/repository/org/apache/hadoop/thirdparty/hadoop-shaded-protobuf_3_7/1.1.1/hadoop-shaded-protobuf_3_7-1.1.1.jar:/home/runner/work/ozone/ozone/hadoop-hdds/interface-admin/target/classes:/home/runner/work/ozone/ozone/hadoop-hdds/test-utils/target/classes:/home/runner/.m2/repository/commons-logging/commons-logging/1.2/commons-logging-1.2.jar:/home/runner/.m2/repository/org/junit/jupiter/junit-jupiter-api/5.7.0/junit-jupiter-api-5.7.0.jar:/home/runner/.m2/repository/org/apiguardian/apiguardian-api/1.1.0/apiguardian-api-1.1.0.jar:/home/runner/.m2/repository/org/opentest4j/opentest4j/1.2.0/opentest4j-1.2.0.jar:/home/runner/.m2/repository/org/junit/platform/junit-platform-commons/1.7.0/junit-platform-commons-1.7.0.jar:/home/runner/.m2/repository/log4j/log4j/1.2.17/log4j-1.2.17.jar:/home/runner/.m2/repository/org/slf4j/slf4j-api/1.7.30/slf4j-api-1.7.30.jar:/home/runner/.m2/repository/org/apache/commons/commons-compress/1.21/commons-compress-1.21.jar:/home/runner/work/ozone/ozone/hadoop-hdds/common/target/test-classes:/home/runner/work/ozone/ozone/hadoop-hdds/framework/target/classes:/home/runner/work/ozone/ozone/hadoop-hdds/interface-server/target/classes:/home/runner/work/ozone/ozone/hadoop-hdds/hadoop-dependency-server/target/classes:/home/runner/.m2/repository/commons-cli/commons-cli/1.2/commons-cli-1.2.jar:/home/runner/.m2/repository/org/apache/logging/log4j/log4j-core/2.17.1/log4j-core-2.17.1.jar:/home/runner/.m2/repository/com/lmax/disruptor/3.4.2/disruptor-3.4.2.jar:/home/runner/.m2/repository/org/eclipse/jetty/jetty-util/9.4.43.v20210629/jetty-util-9.4.43.v20210629.jar:/home/runner/.m2/repository/org/eclipse/jetty/jetty-server/9.4.43.v20210629/jetty-server-9.4.43.v20210629.jar:/home/runner/.m2/repository/javax/servlet/javax.servlet-api/3.1.0/javax.servlet-api-3.1.0.jar:/home/runner/.m2/repository/org/eclipse/jetty/jetty-http/9.4.43.v20210629/jetty-http-9.4.43.v20210629.jar:/home/runner/.m2/repository/org/eclipse/jetty/jetty-io/9.4.43.v20210629/jetty-io-9.4.43.v20210629.jar:/home/runner/.m2/repository/org/eclipse/jetty/jetty-servlet/9.4.43.v20210629/jetty-servlet-9.4.43.v20210629.jar:/home/runner/.m2/repository/org/eclipse/jetty/jetty-security/9.4.43.v20210629/jetty-security-9.4.43.v20210629.jar:/home/runner/.m2/repository/org/eclipse/jetty/jetty-util-ajax/9.4.43.v20210629/jetty-util-ajax-9.4.43.v20210629.jar:/home/runner/.m2/repository/org/eclipse/jetty/jetty-webapp/9.4.43.v20210629/jetty-webapp-9.4.43.v20210629.jar:/home/runner/.m2/repository/org/eclipse/jetty/jetty-xml/9.4.43.v20210629/jetty-xml-9.4.43.v20210629.jar:/home/runner/.m2/repository/org/rocksdb/rocksdbjni/7.0.4/rocksdbjni-7.0.4.jar:/home/runner/.m2/repository/io/prometheus/simpleclient_dropwizard/0.7.0/simpleclient_dropwizard-0.7.0.jar:/home/runner/.m2/repository/io/prometheus/simpleclient/0.7.0/simpleclient-0.7.0.jar:/home/runner/.m2/repository/io/prometheus/simpleclient_common/0.7.0/simpleclient_common-0.7.0.jar:/home/runner/.m2/repository/org/apache/hadoop/hadoop-hdfs-client/3.3.1/hadoop-hdfs-client-3.3.1.jar:/home/runner/work/ozone/ozone/hadoop-hdds/client/target/classes:/home/runner/work/ozone/ozone/hadoop-hdds/erasurecode/target/classes:/home/runner/.m2/repository/commons-codec/commons-codec/1.11/commons-codec-1.11.jar:/home/runner/.m2/repository/io/dropwizard/metrics/metrics-core/3.2.4/metrics-core-3.2.4.jar:/home/runner/.m2/repository/org/mockito/mockito-core/2.28.2/mockito-core-2.28.2.jar:/home/runner/.m2/repository/net/bytebuddy/byte-buddy/1.9.10/byte-buddy-1.9.10.jar:/home/runner/.m2/repository/net/bytebuddy/byte-buddy-agent/1.9.10/byte-buddy-agent-1.9.10.jar:/home/runner/.m2/repository/org/objenesis/objenesis/1.0/objenesis-1.0.jar:/home/runner/.m2/repository/org/yaml/snakeyaml/1.26/snakeyaml-1.26.jar:/home/runner/work/ozone/ozone/hadoop-hdds/docs/target/classes:/home/runner/.m2/repository/com/github/spotbugs/spotbugs-annotations/3.1.12/spotbugs-annotations-3.1.12.jar:/home/runner/.m2/repository/com/google/code/findbugs/jsr305/3.0.0/jsr305-3.0.0.jar:/home/runner/.m2/repository/org/powermock/powermock-module-junit4/2.0.4/powermock-module-junit4-2.0.4.jar:/home/runner/.m2/repository/org/powermock/powermock-module-junit4-common/2.0.4/powermock-module-junit4-common-2.0.4.jar:/home/runner/.m2/repository/org/powermock/powermock-reflect/2.0.4/powermock-reflect-2.0.4.jar:/home/runner/.m2/repository/org/powermock/powermock-core/2.0.4/powermock-core-2.0.4.jar:/home/runner/.m2/repository/org/hamcrest/hamcrest-core/1.3/hamcrest-core-1.3.jar:/home/runner/.m2/repository/org/powermock/powermock-api-mockito2/2.0.4/powermock-api-mockito2-2.0.4.jar:/home/runner/.m2/repository/org/powermock/powermock-api-support/2.0.4/powermock-api-support-2.0.4.jar:/home/runner/work/ozone/ozone/hadoop-hdds/hadoop-dependency-test/target/classes:/home/runner/.m2/repository/org/apache/hadoop/hadoop-common/3.3.1/hadoop-common-3.3.1-tests.jar:/home/runner/.m2/repository/org/apache/hadoop/hadoop-hdfs/3.3.1/hadoop-hdfs-3.3.1-tests.jar:/home/runner/.m2/repository/org/assertj/assertj-core/3.12.2/assertj-core-3.12.2.jar:/home/runner/.m2/repository/org/slf4j/slf4j-log4j12/1.7.30/slf4j-log4j12-1.7.30.jar:/home/runner/.m2/repository/javax/xml/bind/jaxb-api/2.3.0/jaxb-api-2.3.0.jar:/home/runner/.m2/repository/org/glassfish/jaxb/jaxb-runtime/2.3.0.1/jaxb-runtime-2.3.0.1.jar:/home/runner/.m2/repository/org/glassfish/jaxb/jaxb-core/2.3.0.1/jaxb-core-2.3.0.1.jar:/home/runner/.m2/repository/org/glassfish/jaxb/txw2/2.3.0.1/txw2-2.3.0.1.jar:/home/runner/.m2/repository/com/sun/istack/istack-commons-runtime/3.0.5/istack-commons-runtime-3.0.5.jar:/home/runner/.m2/repository/org/jvnet/staxex/stax-ex/1.7.8/stax-ex-1.7.8.jar:/home/runner/.m2/repository/com/sun/xml/fastinfoset/FastInfoset/1.2.13/FastInfoset-1.2.13.jar:/home/runner/.m2/repository/io/netty/netty-transport/4.1.63.Final/netty-transport-4.1.63.Final.jar:/home/runner/.m2/repository/io/netty/netty-common/4.1.63.Final/netty-common-4.1.63.Final.jar:/home/runner/.m2/repository/io/netty/netty-buffer/4.1.63.Final/netty-buffer-4.1.63.Final.jar:/home/runner/.m2/repository/io/netty/netty-resolver/4.1.63.Final/netty-resolver-4.1.63.Final.jar:/home/runner/.m2/repository/io/netty/netty-codec/4.1.63.Final/netty-codec-4.1.63.Final.jar:/home/runner/.m2/repository/io/netty/netty-handler/4.1.63.Final/netty-handler-4.1.63.Final.jar:/home/runner/.m2/repository/junit/junit/4.13.1/junit-4.13.1.jar:/home/runner/work/ozone/ozone/dev-support/annotations/target/classes:"/>
    <property name="java.vm.vendor" value="Temurin"/>
    <property name="sun.arch.data.model" value="64"/>
    <property name="test.build.dir" value="/home/runner/work/ozone/ozone/hadoop-hdds/container-service/target/test-dir"/>
    <property name="test.cache.data" value=""/>
    <property name="java.vendor.url" value="https://adoptium.net/"/>
    <property name="user.timezone" value="Etc/UTC"/>
    <property name="java.vm.specification.version" value="1.8"/>
    <property name="os.name" value="Linux"/>
    <property name="test.build.data" value="/home/runner/work/ozone/ozone/hadoop-hdds/container-service/target/test-dir"/>
    <property name="sun.java.launcher" value="SUN_STANDARD"/>
    <property name="sun.boot.library.path" value="/usr/lib/jvm/temurin-8-jdk-amd64/jre/lib/amd64"/>
    <property name="sun.java.command" value="/home/runner/work/ozone/ozone/hadoop-hdds/container-service/target/surefire/surefirebooter3373245909393732110.jar /home/runner/work/ozone/ozone/hadoop-hdds/container-service/target/surefire 2022-05-17T19-05-02_506-jvmRun1 surefire2474790872097680051tmp surefire_1623198814786167514710tmp"/>
    <property name="surefire.test.class.path" value="/home/runner/work/ozone/ozone/hadoop-hdds/container-service/target/test-classes:/home/runner/work/ozone/ozone/hadoop-hdds/container-service/target/classes:/home/runner/work/ozone/ozone/hadoop-hdds/common/target/classes:/home/runner/work/ozone/ozone/hadoop-hdds/hadoop-dependency-client/target/classes:/home/runner/.m2/repository/org/apache/hadoop/hadoop-annotations/3.3.1/hadoop-annotations-3.3.1.jar:/usr/lib/jvm/temurin-8-jdk-amd64/jre/../lib/tools.jar:/home/runner/.m2/repository/org/apache/hadoop/hadoop-common/3.3.1/hadoop-common-3.3.1.jar:/home/runner/.m2/repository/org/apache/hadoop/thirdparty/hadoop-shaded-guava/1.1.1/hadoop-shaded-guava-1.1.1.jar:/home/runner/.m2/repository/org/apache/httpcomponents/httpclient/4.5.13/httpclient-4.5.13.jar:/home/runner/.m2/repository/org/apache/httpcomponents/httpcore/4.4.13/httpcore-4.4.13.jar:/home/runner/.m2/repository/jakarta/activation/jakarta.activation-api/1.2.1/jakarta.activation-api-1.2.1.jar:/home/runner/.m2/repository/org/apache/commons/commons-configuration2/2.1.1/commons-configuration2-2.1.1.jar:/home/runner/.m2/repository/com/google/re2j/re2j/1.1/re2j-1.1.jar:/home/runner/.m2/repository/org/apache/hadoop/hadoop-auth/3.3.1/hadoop-auth-3.3.1.jar:/home/runner/.m2/repository/org/apache/htrace/htrace-core4/4.1.0-incubating/htrace-core4-4.1.0-incubating.jar:/home/runner/.m2/repository/org/apache/kerby/kerb-core/1.0.1/kerb-core-1.0.1.jar:/home/runner/.m2/repository/org/apache/kerby/kerby-pkix/1.0.1/kerby-pkix-1.0.1.jar:/home/runner/.m2/repository/org/apache/kerby/kerby-asn1/1.0.1/kerby-asn1-1.0.1.jar:/home/runner/.m2/repository/org/apache/kerby/kerby-util/1.0.1/kerby-util-1.0.1.jar:/home/runner/.m2/repository/org/codehaus/woodstox/stax2-api/3.1.4/stax2-api-3.1.4.jar:/home/runner/.m2/repository/com/fasterxml/woodstox/woodstox-core/5.0.3/woodstox-core-5.0.3.jar:/home/runner/.m2/repository/org/xerial/snappy/snappy-java/1.1.8.2/snappy-java-1.1.8.2.jar:/home/runner/.m2/repository/org/apache/hadoop/hadoop-hdfs/3.3.1/hadoop-hdfs-3.3.1.jar:/home/runner/.m2/repository/info/picocli/picocli/4.6.1/picocli-4.6.1.jar:/home/runner/.m2/repository/com/google/protobuf/protobuf-java/2.5.0/protobuf-java-2.5.0.jar:/home/runner/.m2/repository/com/google/guava/guava/30.1.1-jre/guava-30.1.1-jre.jar:/home/runner/.m2/repository/com/google/guava/failureaccess/1.0.1/failureaccess-1.0.1.jar:/home/runner/.m2/repository/com/google/guava/listenablefuture/9999.0-empty-to-avoid-conflict-with-guava/listenablefuture-9999.0-empty-to-avoid-conflict-with-guava.jar:/home/runner/.m2/repository/org/checkerframework/checker-qual/3.8.0/checker-qual-3.8.0.jar:/home/runner/.m2/repository/com/google/errorprone/error_prone_annotations/2.2.0/error_prone_annotations-2.2.0.jar:/home/runner/.m2/repository/com/google/j2objc/j2objc-annotations/1.3/j2objc-annotations-1.3.jar:/home/runner/.m2/repository/org/apache/commons/commons-lang3/3.7/commons-lang3-3.7.jar:/home/runner/.m2/repository/commons-io/commons-io/2.11.0/commons-io-2.11.0.jar:/home/runner/.m2/repository/com/fasterxml/jackson/core/jackson-annotations/2.13.2/jackson-annotations-2.13.2.jar:/home/runner/.m2/repository/com/fasterxml/jackson/datatype/jackson-datatype-jsr310/2.13.2/jackson-datatype-jsr310-2.13.2.jar:/home/runner/.m2/repository/com/fasterxml/jackson/core/jackson-core/2.13.2/jackson-core-2.13.2.jar:/home/runner/.m2/repository/com/fasterxml/jackson/core/jackson-databind/2.13.2.2/jackson-databind-2.13.2.2.jar:/home/runner/work/ozone/ozone/hadoop-hdds/config/target/classes:/home/runner/.m2/repository/javax/annotation/javax.annotation-api/1.2/javax.annotation-api-1.2.jar:/home/runner/.m2/repository/org/apache/ratis/ratis-server/2.2.0/ratis-server-2.2.0.jar:/home/runner/.m2/repository/org/apache/ratis/ratis-thirdparty-misc/0.7.0/ratis-thirdparty-misc-0.7.0.jar:/home/runner/.m2/repository/org/apache/ratis/ratis-proto/2.2.0/ratis-proto-2.2.0.jar:/home/runner/.m2/repository/org/apache/ratis/ratis-common/2.2.0/ratis-common-2.2.0.jar:/home/runner/.m2/repository/org/apache/ratis/ratis-client/2.2.0/ratis-client-2.2.0.jar:/home/runner/.m2/repository/org/apache/ratis/ratis-server-api/2.2.0/ratis-server-api-2.2.0.jar:/home/runner/.m2/repository/org/apache/ratis/ratis-metrics/2.2.0/ratis-metrics-2.2.0.jar:/home/runner/.m2/repository/org/apache/ratis/ratis-netty/2.2.0/ratis-netty-2.2.0.jar:/home/runner/.m2/repository/org/apache/ratis/ratis-grpc/2.2.0/ratis-grpc-2.2.0.jar:/home/runner/.m2/repository/org/apache/logging/log4j/log4j-api/2.17.1/log4j-api-2.17.1.jar:/home/runner/.m2/repository/org/apache/commons/commons-pool2/2.6.0/commons-pool2-2.6.0.jar:/home/runner/.m2/repository/org/bouncycastle/bcpkix-jdk15on/1.67/bcpkix-jdk15on-1.67.jar:/home/runner/.m2/repository/org/bouncycastle/bcprov-jdk15on/1.67/bcprov-jdk15on-1.67.jar:/home/runner/.m2/repository/commons-validator/commons-validator/1.6/commons-validator-1.6.jar:/home/runner/.m2/repository/commons-beanutils/commons-beanutils/1.9.4/commons-beanutils-1.9.4.jar:/home/runner/.m2/repository/commons-digester/commons-digester/1.8.1/commons-digester-1.8.1.jar:/home/runner/.m2/repository/commons-collections/commons-collections/3.2.2/commons-collections-3.2.2.jar:/home/runner/.m2/repository/io/jaegertracing/jaeger-client/1.6.0/jaeger-client-1.6.0.jar:/home/runner/.m2/repository/io/jaegertracing/jaeger-thrift/1.6.0/jaeger-thrift-1.6.0.jar:/home/runner/.m2/repository/org/apache/thrift/libthrift/0.14.1/libthrift-0.14.1.jar:/home/runner/.m2/repository/com/squareup/okhttp3/okhttp/4.9.0/okhttp-4.9.0.jar:/home/runner/.m2/repository/com/squareup/okio/okio/2.8.0/okio-2.8.0.jar:/home/runner/.m2/repository/io/jaegertracing/jaeger-core/1.6.0/jaeger-core-1.6.0.jar:/home/runner/.m2/repository/com/google/code/gson/gson/2.2.4/gson-2.2.4.jar:/home/runner/.m2/repository/io/jaegertracing/jaeger-tracerresolver/1.6.0/jaeger-tracerresolver-1.6.0.jar:/home/runner/.m2/repository/io/opentracing/contrib/opentracing-tracerresolver/0.1.8/opentracing-tracerresolver-0.1.8.jar:/home/runner/.m2/repository/org/jetbrains/kotlin/kotlin-stdlib/1.4.31/kotlin-stdlib-1.4.31.jar:/home/runner/.m2/repository/org/jetbrains/kotlin/kotlin-stdlib-common/1.4.31/kotlin-stdlib-common-1.4.31.jar:/home/runner/.m2/repository/org/jetbrains/annotations/13.0/annotations-13.0.jar:/home/runner/.m2/repository/io/opentracing/opentracing-util/0.33.0/opentracing-util-0.33.0.jar:/home/runner/.m2/repository/io/opentracing/opentracing-api/0.33.0/opentracing-api-0.33.0.jar:/home/runner/.m2/repository/io/opentracing/opentracing-noop/0.33.0/opentracing-noop-0.33.0.jar:/home/runner/.m2/repository/org/reflections/reflections/0.9.11/reflections-0.9.11.jar:/home/runner/.m2/repository/org/javassist/javassist/3.21.0-GA/javassist-3.21.0-GA.jar:/home/runner/work/ozone/ozone/hadoop-hdds/interface-client/target/classes:/home/runner/.m2/repository/org/apache/hadoop/thirdparty/hadoop-shaded-protobuf_3_7/1.1.1/hadoop-shaded-protobuf_3_7-1.1.1.jar:/home/runner/work/ozone/ozone/hadoop-hdds/interface-admin/target/classes:/home/runner/work/ozone/ozone/hadoop-hdds/test-utils/target/classes:/home/runner/.m2/repository/commons-logging/commons-logging/1.2/commons-logging-1.2.jar:/home/runner/.m2/repository/org/junit/jupiter/junit-jupiter-api/5.7.0/junit-jupiter-api-5.7.0.jar:/home/runner/.m2/repository/org/apiguardian/apiguardian-api/1.1.0/apiguardian-api-1.1.0.jar:/home/runner/.m2/repository/org/opentest4j/opentest4j/1.2.0/opentest4j-1.2.0.jar:/home/runner/.m2/repository/org/junit/platform/junit-platform-commons/1.7.0/junit-platform-commons-1.7.0.jar:/home/runner/.m2/repository/log4j/log4j/1.2.17/log4j-1.2.17.jar:/home/runner/.m2/repository/org/slf4j/slf4j-api/1.7.30/slf4j-api-1.7.30.jar:/home/runner/.m2/repository/org/apache/commons/commons-compress/1.21/commons-compress-1.21.jar:/home/runner/work/ozone/ozone/hadoop-hdds/common/target/test-classes:/home/runner/work/ozone/ozone/hadoop-hdds/framework/target/classes:/home/runner/work/ozone/ozone/hadoop-hdds/interface-server/target/classes:/home/runner/work/ozone/ozone/hadoop-hdds/hadoop-dependency-server/target/classes:/home/runner/.m2/repository/commons-cli/commons-cli/1.2/commons-cli-1.2.jar:/home/runner/.m2/repository/org/apache/logging/log4j/log4j-core/2.17.1/log4j-core-2.17.1.jar:/home/runner/.m2/repository/com/lmax/disruptor/3.4.2/disruptor-3.4.2.jar:/home/runner/.m2/repository/org/eclipse/jetty/jetty-util/9.4.43.v20210629/jetty-util-9.4.43.v20210629.jar:/home/runner/.m2/repository/org/eclipse/jetty/jetty-server/9.4.43.v20210629/jetty-server-9.4.43.v20210629.jar:/home/runner/.m2/repository/javax/servlet/javax.servlet-api/3.1.0/javax.servlet-api-3.1.0.jar:/home/runner/.m2/repository/org/eclipse/jetty/jetty-http/9.4.43.v20210629/jetty-http-9.4.43.v20210629.jar:/home/runner/.m2/repository/org/eclipse/jetty/jetty-io/9.4.43.v20210629/jetty-io-9.4.43.v20210629.jar:/home/runner/.m2/repository/org/eclipse/jetty/jetty-servlet/9.4.43.v20210629/jetty-servlet-9.4.43.v20210629.jar:/home/runner/.m2/repository/org/eclipse/jetty/jetty-security/9.4.43.v20210629/jetty-security-9.4.43.v20210629.jar:/home/runner/.m2/repository/org/eclipse/jetty/jetty-util-ajax/9.4.43.v20210629/jetty-util-ajax-9.4.43.v20210629.jar:/home/runner/.m2/repository/org/eclipse/jetty/jetty-webapp/9.4.43.v20210629/jetty-webapp-9.4.43.v20210629.jar:/home/runner/.m2/repository/org/eclipse/jetty/jetty-xml/9.4.43.v20210629/jetty-xml-9.4.43.v20210629.jar:/home/runner/.m2/repository/org/rocksdb/rocksdbjni/7.0.4/rocksdbjni-7.0.4.jar:/home/runner/.m2/repository/io/prometheus/simpleclient_dropwizard/0.7.0/simpleclient_dropwizard-0.7.0.jar:/home/runner/.m2/repository/io/prometheus/simpleclient/0.7.0/simpleclient-0.7.0.jar:/home/runner/.m2/repository/io/prometheus/simpleclient_common/0.7.0/simpleclient_common-0.7.0.jar:/home/runner/.m2/repository/org/apache/hadoop/hadoop-hdfs-client/3.3.1/hadoop-hdfs-client-3.3.1.jar:/home/runner/work/ozone/ozone/hadoop-hdds/client/target/classes:/home/runner/work/ozone/ozone/hadoop-hdds/erasurecode/target/classes:/home/runner/.m2/repository/commons-codec/commons-codec/1.11/commons-codec-1.11.jar:/home/runner/.m2/repository/io/dropwizard/metrics/metrics-core/3.2.4/metrics-core-3.2.4.jar:/home/runner/.m2/repository/org/mockito/mockito-core/2.28.2/mockito-core-2.28.2.jar:/home/runner/.m2/repository/net/bytebuddy/byte-buddy/1.9.10/byte-buddy-1.9.10.jar:/home/runner/.m2/repository/net/bytebuddy/byte-buddy-agent/1.9.10/byte-buddy-agent-1.9.10.jar:/home/runner/.m2/repository/org/objenesis/objenesis/1.0/objenesis-1.0.jar:/home/runner/.m2/repository/org/yaml/snakeyaml/1.26/snakeyaml-1.26.jar:/home/runner/work/ozone/ozone/hadoop-hdds/docs/target/classes:/home/runner/.m2/repository/com/github/spotbugs/spotbugs-annotations/3.1.12/spotbugs-annotations-3.1.12.jar:/home/runner/.m2/repository/com/google/code/findbugs/jsr305/3.0.0/jsr305-3.0.0.jar:/home/runner/.m2/repository/org/powermock/powermock-module-junit4/2.0.4/powermock-module-junit4-2.0.4.jar:/home/runner/.m2/repository/org/powermock/powermock-module-junit4-common/2.0.4/powermock-module-junit4-common-2.0.4.jar:/home/runner/.m2/repository/org/powermock/powermock-reflect/2.0.4/powermock-reflect-2.0.4.jar:/home/runner/.m2/repository/org/powermock/powermock-core/2.0.4/powermock-core-2.0.4.jar:/home/runner/.m2/repository/org/hamcrest/hamcrest-core/1.3/hamcrest-core-1.3.jar:/home/runner/.m2/repository/org/powermock/powermock-api-mockito2/2.0.4/powermock-api-mockito2-2.0.4.jar:/home/runner/.m2/repository/org/powermock/powermock-api-support/2.0.4/powermock-api-support-2.0.4.jar:/home/runner/work/ozone/ozone/hadoop-hdds/hadoop-dependency-test/target/classes:/home/runner/.m2/repository/org/apache/hadoop/hadoop-common/3.3.1/hadoop-common-3.3.1-tests.jar:/home/runner/.m2/repository/org/apache/hadoop/hadoop-hdfs/3.3.1/hadoop-hdfs-3.3.1-tests.jar:/home/runner/.m2/repository/org/assertj/assertj-core/3.12.2/assertj-core-3.12.2.jar:/home/runner/.m2/repository/org/slf4j/slf4j-log4j12/1.7.30/slf4j-log4j12-1.7.30.jar:/home/runner/.m2/repository/javax/xml/bind/jaxb-api/2.3.0/jaxb-api-2.3.0.jar:/home/runner/.m2/repository/org/glassfish/jaxb/jaxb-runtime/2.3.0.1/jaxb-runtime-2.3.0.1.jar:/home/runner/.m2/repository/org/glassfish/jaxb/jaxb-core/2.3.0.1/jaxb-core-2.3.0.1.jar:/home/runner/.m2/repository/org/glassfish/jaxb/txw2/2.3.0.1/txw2-2.3.0.1.jar:/home/runner/.m2/repository/com/sun/istack/istack-commons-runtime/3.0.5/istack-commons-runtime-3.0.5.jar:/home/runner/.m2/repository/org/jvnet/staxex/stax-ex/1.7.8/stax-ex-1.7.8.jar:/home/runner/.m2/repository/com/sun/xml/fastinfoset/FastInfoset/1.2.13/FastInfoset-1.2.13.jar:/home/runner/.m2/repository/io/netty/netty-transport/4.1.63.Final/netty-transport-4.1.63.Final.jar:/home/runner/.m2/repository/io/netty/netty-common/4.1.63.Final/netty-common-4.1.63.Final.jar:/home/runner/.m2/repository/io/netty/netty-buffer/4.1.63.Final/netty-buffer-4.1.63.Final.jar:/home/runner/.m2/repository/io/netty/netty-resolver/4.1.63.Final/netty-resolver-4.1.63.Final.jar:/home/runner/.m2/repository/io/netty/netty-codec/4.1.63.Final/netty-codec-4.1.63.Final.jar:/home/runner/.m2/repository/io/netty/netty-handler/4.1.63.Final/netty-handler-4.1.63.Final.jar:/home/runner/.m2/repository/junit/junit/4.13.1/junit-4.13.1.jar:/home/runner/work/ozone/ozone/dev-support/annotations/target/classes:"/>
    <property name="sun.cpu.endian" value="little"/>
    <property name="user.home" value="/home/runner"/>
    <property name="user.language" value="en"/>
    <property name="java.specification.vendor" value="Oracle Corporation"/>
    <property name="java.home" value="/usr/lib/jvm/temurin-8-jdk-amd64/jre"/>
    <property name="java.security.krb5.conf" value="/home/runner/work/ozone/ozone/hadoop-hdds/container-service/target/test-classes/krb5.conf"/>
    <property name="basedir" value="/home/runner/work/ozone/ozone/hadoop-hdds/container-service"/>
    <property name="file.separator" value="/"/>
    <property name="line.separator" value="&#10;"/>
    <property name="java.vm.specification.vendor" value="Oracle Corporation"/>
    <property name="java.specification.name" value="Java Platform API Specification"/>
    <property name="java.awt.graphicsenv" value="sun.awt.X11GraphicsEnvironment"/>
    <property name="skip.installnpx" value="true"/>
    <property name="surefire.real.class.path" value="/home/runner/work/ozone/ozone/hadoop-hdds/container-service/target/surefire/surefirebooter3373245909393732110.jar:/home/runner/.m2/repository/org/jacoco/org.jacoco.agent/0.8.5/org.jacoco.agent-0.8.5-runtime.jar"/>
    <property name="hadoop.log.dir" value="/home/runner/work/ozone/ozone/hadoop-hdds/container-service/target/log"/>
    <property name="sun.boot.class.path" value="/usr/lib/jvm/temurin-8-jdk-amd64/jre/lib/resources.jar:/usr/lib/jvm/temurin-8-jdk-amd64/jre/lib/rt.jar:/usr/lib/jvm/temurin-8-jdk-amd64/jre/lib/sunrsasign.jar:/usr/lib/jvm/temurin-8-jdk-amd64/jre/lib/jsse.jar:/usr/lib/jvm/temurin-8-jdk-amd64/jre/lib/jce.jar:/usr/lib/jvm/temurin-8-jdk-amd64/jre/lib/charsets.jar:/usr/lib/jvm/temurin-8-jdk-amd64/jre/lib/jfr.jar:/usr/lib/jvm/temurin-8-jdk-amd64/jre/classes"/>
    <property name="sun.management.compiler" value="HotSpot 64-Bit Tiered Compilers"/>
    <property name="skip.npx" value="true"/>
    <property name="java.runtime.version" value="1.8.0_332-b09"/>
    <property name="java.net.preferIPv4Stack" value="true"/>
    <property name="user.name" value="runner"/>
    <property name="path.separator" value=":"/>
    <property name="java.security.egd" value="file:///dev/urandom"/>
    <property name="os.version" value="5.4.0-1078-azure"/>
    <property name="java.endorsed.dirs" value="/usr/lib/jvm/temurin-8-jdk-amd64/jre/lib/endorsed"/>
    <property name="java.runtime.name" value="OpenJDK Runtime Environment"/>
    <property name="file.encoding" value="UTF-8"/>
    <property name="java.vm.name" value="OpenJDK 64-Bit Server VM"/>
    <property name="test.build.webapps" value=""/>
    <property name="localRepository" value="/home/runner/.m2/repository"/>
    <property name="java.vendor.url.bug" value="https://github.com/adoptium/adoptium-support/issues"/>
    <property name="java.io.tmpdir" value="/tmp"/>
    <property name="require.test.libhadoop" value=""/>
    <property name="java.version" value="1.8.0_332"/>
    <property name="user.dir" value="/home/runner/work/ozone/ozone/hadoop-hdds/container-service"/>
    <property name="os.arch" value="amd64"/>
    <property name="java.vm.specification.name" value="Java Virtual Machine Specification"/>
    <property name="test.build.classes" value="/home/runner/work/ozone/ozone/hadoop-hdds/container-service/target/test-classes"/>
    <property name="java.awt.printerjob" value="sun.print.PSPrinterJob"/>
    <property name="sun.os.patch.level" value="unknown"/>
    <property name="hadoop.tmp.dir" value="/home/runner/work/ozone/ozone/hadoop-hdds/container-service/target/tmp"/>
    <property name="java.library.path" value="/usr/java/packages/lib/amd64:/usr/lib64:/lib64:/lib:/usr/lib"/>
    <property name="java.vm.info" value="mixed mode"/>
    <property name="java.vendor" value="Temurin"/>
    <property name="java.vm.version" value="25.332-b09"/>
    <property name="java.ext.dirs" value="/usr/lib/jvm/temurin-8-jdk-amd64/jre/lib/ext:/usr/java/packages/lib/ext"/>
    <property name="sun.io.unicode.encoding" value="UnicodeLittle"/>
    <property name="java.class.version" value="52.0"/>
  </properties>
  <testcase name="testContainerThrottle" classname="TestBlockDeletingService" time="0">
    <skipped/>
    <system-out><![CDATA[2022-05-17 19:16:08,405 [main] INFO  volume.HddsVolume (HddsVolume.java:<init>(120)) - Creating HddsVolume: /home/runner/work/ozone/ozone/hadoop-hdds/container-service/target/test-dir/TestBlockDeletingService/hdds of storage type : DISK capacity : 9223372036854775807
2022-05-17 19:16:08,412 [main] INFO  volume.MutableVolumeSet (MutableVolumeSet.java:initializeVolumeSet(168)) - Added Volume : /home/runner/work/ozone/ozone/hadoop-hdds/container-service/target/test-dir/TestBlockDeletingService/hdds to VolumeSet
]]></system-out>
  </testcase>
  <testcase name="testContainerThrottle" classname="TestBlockDeletingService" time="0">
    <skipped/>
  </testcase>
  <testcase name="testContainerThrottle" classname="TestBlockDeletingService" time="0">
    <skipped/>
  </testcase>
  <testcase name="testContainerThrottle" classname="TestBlockDeletingService" time="0">
    <skipped/>
  </testcase>
  <testcase name="testShutdownService" classname="TestBlockDeletingService" time="2.497">
    <system-out><![CDATA[2022-05-17 19:16:08,861 [main] WARN  util.NativeCodeLoader (NativeCodeLoader.java:<clinit>(60)) - Unable to load native-hadoop library for your platform... using builtin-java classes where applicable
2022-05-17 19:16:10,759 [BlockDeletingService#0] INFO  impl.FilePerChunkStrategy (FilePerChunkStrategy.java:deleteChunk(322)) - Deleted chunk file /home/runner/work/ozone/ozone/hadoop-hdds/container-service/target/test-dir/TestBlockDeletingService/hdds/ce3fb3dd-9903-4e22-a140-0143dfbe9650/current/containerDir123/1652814968551/chunks/block.0.chunk.0 (size 100) for chunk ChunkInfo{chunkName='block.0.chunk.0, offset=0, len=100}
2022-05-17 19:16:10,760 [BlockDeletingService#0] INFO  impl.FilePerChunkStrategy (FilePerChunkStrategy.java:deleteChunk(322)) - Deleted chunk file /home/runner/work/ozone/ozone/hadoop-hdds/container-service/target/test-dir/TestBlockDeletingService/hdds/ce3fb3dd-9903-4e22-a140-0143dfbe9650/current/containerDir123/1652814968551/chunks/block.1.chunk.0 (size 100) for chunk ChunkInfo{chunkName='block.1.chunk.0, offset=0, len=100}
2022-05-17 19:16:10,765 [BlockDeletingService#0] INFO  impl.FilePerChunkStrategy (FilePerChunkStrategy.java:deleteChunk(322)) - Deleted chunk file /home/runner/work/ozone/ozone/hadoop-hdds/container-service/target/test-dir/TestBlockDeletingService/hdds/ce3fb3dd-9903-4e22-a140-0143dfbe9650/current/containerDir123/1652814968551/chunks/block.2.chunk.0 (size 100) for chunk ChunkInfo{chunkName='block.2.chunk.0, offset=0, len=100}
2022-05-17 19:16:10,765 [BlockDeletingService#0] INFO  impl.FilePerChunkStrategy (FilePerChunkStrategy.java:deleteChunk(322)) - Deleted chunk file /home/runner/work/ozone/ozone/hadoop-hdds/container-service/target/test-dir/TestBlockDeletingService/hdds/ce3fb3dd-9903-4e22-a140-0143dfbe9650/current/containerDir123/1652814968551/chunks/block.3.chunk.0 (size 100) for chunk ChunkInfo{chunkName='block.3.chunk.0, offset=0, len=100}
2022-05-17 19:16:10,765 [BlockDeletingService#0] INFO  impl.FilePerChunkStrategy (FilePerChunkStrategy.java:deleteChunk(322)) - Deleted chunk file /home/runner/work/ozone/ozone/hadoop-hdds/container-service/target/test-dir/TestBlockDeletingService/hdds/ce3fb3dd-9903-4e22-a140-0143dfbe9650/current/containerDir123/1652814968551/chunks/block.4.chunk.0 (size 100) for chunk ChunkInfo{chunkName='block.4.chunk.0, offset=0, len=100}
2022-05-17 19:16:10,766 [BlockDeletingService#0] INFO  impl.FilePerChunkStrategy (FilePerChunkStrategy.java:deleteChunk(322)) - Deleted chunk file /home/runner/work/ozone/ozone/hadoop-hdds/container-service/target/test-dir/TestBlockDeletingService/hdds/ce3fb3dd-9903-4e22-a140-0143dfbe9650/current/containerDir123/1652814968551/chunks/block.5.chunk.0 (size 100) for chunk ChunkInfo{chunkName='block.5.chunk.0, offset=0, len=100}
2022-05-17 19:16:10,768 [BlockDeletingService#0] INFO  impl.FilePerChunkStrategy (FilePerChunkStrategy.java:deleteChunk(322)) - Deleted chunk file /home/runner/work/ozone/ozone/hadoop-hdds/container-service/target/test-dir/TestBlockDeletingService/hdds/ce3fb3dd-9903-4e22-a140-0143dfbe9650/current/containerDir123/1652814968551/chunks/block.6.chunk.0 (size 100) for chunk ChunkInfo{chunkName='block.6.chunk.0, offset=0, len=100}
2022-05-17 19:16:10,769 [BlockDeletingService#0] INFO  impl.FilePerChunkStrategy (FilePerChunkStrategy.java:deleteChunk(322)) - Deleted chunk file /home/runner/work/ozone/ozone/hadoop-hdds/container-service/target/test-dir/TestBlockDeletingService/hdds/ce3fb3dd-9903-4e22-a140-0143dfbe9650/current/containerDir123/1652814968551/chunks/block.7.chunk.0 (size 100) for chunk ChunkInfo{chunkName='block.7.chunk.0, offset=0, len=100}
2022-05-17 19:16:10,770 [BlockDeletingService#0] INFO  impl.FilePerChunkStrategy (FilePerChunkStrategy.java:deleteChunk(322)) - Deleted chunk file /home/runner/work/ozone/ozone/hadoop-hdds/container-service/target/test-dir/TestBlockDeletingService/hdds/ce3fb3dd-9903-4e22-a140-0143dfbe9650/current/containerDir123/1652814968551/chunks/block.8.chunk.0 (size 100) for chunk ChunkInfo{chunkName='block.8.chunk.0, offset=0, len=100}
2022-05-17 19:16:10,771 [BlockDeletingService#0] INFO  impl.FilePerChunkStrategy (FilePerChunkStrategy.java:deleteChunk(322)) - Deleted chunk file /home/runner/work/ozone/ozone/hadoop-hdds/container-service/target/test-dir/TestBlockDeletingService/hdds/ce3fb3dd-9903-4e22-a140-0143dfbe9650/current/containerDir123/1652814968551/chunks/block.9.chunk.0 (size 100) for chunk ChunkInfo{chunkName='block.9.chunk.0, offset=0, len=100}
2022-05-17 19:16:10,772 [BlockDeletingService#0] INFO  impl.FilePerChunkStrategy (FilePerChunkStrategy.java:deleteChunk(322)) - Deleted chunk file /home/runner/work/ozone/ozone/hadoop-hdds/container-service/target/test-dir/TestBlockDeletingService/hdds/ce3fb3dd-9903-4e22-a140-0143dfbe9650/current/containerDir123/1652814968551/chunks/block.10.chunk.0 (size 100) for chunk ChunkInfo{chunkName='block.10.chunk.0, offset=0, len=100}
2022-05-17 19:16:10,773 [BlockDeletingService#0] INFO  impl.FilePerChunkStrategy (FilePerChunkStrategy.java:deleteChunk(322)) - Deleted chunk file /home/runner/work/ozone/ozone/hadoop-hdds/container-service/target/test-dir/TestBlockDeletingService/hdds/ce3fb3dd-9903-4e22-a140-0143dfbe9650/current/containerDir123/1652814968551/chunks/block.11.chunk.0 (size 100) for chunk ChunkInfo{chunkName='block.11.chunk.0, offset=0, len=100}
2022-05-17 19:16:10,774 [BlockDeletingService#0] INFO  impl.FilePerChunkStrategy (FilePerChunkStrategy.java:deleteChunk(322)) - Deleted chunk file /home/runner/work/ozone/ozone/hadoop-hdds/container-service/target/test-dir/TestBlockDeletingService/hdds/ce3fb3dd-9903-4e22-a140-0143dfbe9650/current/containerDir123/1652814968551/chunks/block.12.chunk.0 (size 100) for chunk ChunkInfo{chunkName='block.12.chunk.0, offset=0, len=100}
2022-05-17 19:16:10,775 [BlockDeletingService#0] INFO  impl.FilePerChunkStrategy (FilePerChunkStrategy.java:deleteChunk(322)) - Deleted chunk file /home/runner/work/ozone/ozone/hadoop-hdds/container-service/target/test-dir/TestBlockDeletingService/hdds/ce3fb3dd-9903-4e22-a140-0143dfbe9650/current/containerDir123/1652814968551/chunks/block.13.chunk.0 (size 100) for chunk ChunkInfo{chunkName='block.13.chunk.0, offset=0, len=100}
2022-05-17 19:16:10,777 [BlockDeletingService#0] INFO  impl.FilePerChunkStrategy (FilePerChunkStrategy.java:deleteChunk(322)) - Deleted chunk file /home/runner/work/ozone/ozone/hadoop-hdds/container-service/target/test-dir/TestBlockDeletingService/hdds/ce3fb3dd-9903-4e22-a140-0143dfbe9650/current/containerDir123/1652814968551/chunks/block.14.chunk.0 (size 100) for chunk ChunkInfo{chunkName='block.14.chunk.0, offset=0, len=100}
2022-05-17 19:16:10,778 [BlockDeletingService#0] INFO  impl.FilePerChunkStrategy (FilePerChunkStrategy.java:deleteChunk(322)) - Deleted chunk file /home/runner/work/ozone/ozone/hadoop-hdds/container-service/target/test-dir/TestBlockDeletingService/hdds/ce3fb3dd-9903-4e22-a140-0143dfbe9650/current/containerDir123/1652814968551/chunks/block.15.chunk.0 (size 100) for chunk ChunkInfo{chunkName='block.15.chunk.0, offset=0, len=100}
2022-05-17 19:16:10,778 [BlockDeletingService#0] INFO  impl.FilePerChunkStrategy (FilePerChunkStrategy.java:deleteChunk(322)) - Deleted chunk file /home/runner/work/ozone/ozone/hadoop-hdds/container-service/target/test-dir/TestBlockDeletingService/hdds/ce3fb3dd-9903-4e22-a140-0143dfbe9650/current/containerDir123/1652814968551/chunks/block.16.chunk.0 (size 100) for chunk ChunkInfo{chunkName='block.16.chunk.0, offset=0, len=100}
2022-05-17 19:16:10,779 [BlockDeletingService#0] INFO  impl.FilePerChunkStrategy (FilePerChunkStrategy.java:deleteChunk(322)) - Deleted chunk file /home/runner/work/ozone/ozone/hadoop-hdds/container-service/target/test-dir/TestBlockDeletingService/hdds/ce3fb3dd-9903-4e22-a140-0143dfbe9650/current/containerDir123/1652814968551/chunks/block.17.chunk.0 (size 100) for chunk ChunkInfo{chunkName='block.17.chunk.0, offset=0, len=100}
2022-05-17 19:16:10,780 [BlockDeletingService#0] INFO  impl.FilePerChunkStrategy (FilePerChunkStrategy.java:deleteChunk(322)) - Deleted chunk file /home/runner/work/ozone/ozone/hadoop-hdds/container-service/target/test-dir/TestBlockDeletingService/hdds/ce3fb3dd-9903-4e22-a140-0143dfbe9650/current/containerDir123/1652814968551/chunks/block.18.chunk.0 (size 100) for chunk ChunkInfo{chunkName='block.18.chunk.0, offset=0, len=100}
2022-05-17 19:16:10,781 [BlockDeletingService#0] INFO  impl.FilePerChunkStrategy (FilePerChunkStrategy.java:deleteChunk(322)) - Deleted chunk file /home/runner/work/ozone/ozone/hadoop-hdds/container-service/target/test-dir/TestBlockDeletingService/hdds/ce3fb3dd-9903-4e22-a140-0143dfbe9650/current/containerDir123/1652814968551/chunks/block.19.chunk.0 (size 100) for chunk ChunkInfo{chunkName='block.19.chunk.0, offset=0, len=100}
2022-05-17 19:16:10,781 [BlockDeletingService#0] INFO  impl.FilePerChunkStrategy (FilePerChunkStrategy.java:deleteChunk(322)) - Deleted chunk file /home/runner/work/ozone/ozone/hadoop-hdds/container-service/target/test-dir/TestBlockDeletingService/hdds/ce3fb3dd-9903-4e22-a140-0143dfbe9650/current/containerDir123/1652814968551/chunks/block.20.chunk.0 (size 100) for chunk ChunkInfo{chunkName='block.20.chunk.0, offset=0, len=100}
2022-05-17 19:16:10,784 [BlockDeletingService#0] INFO  impl.FilePerChunkStrategy (FilePerChunkStrategy.java:deleteChunk(322)) - Deleted chunk file /home/runner/work/ozone/ozone/hadoop-hdds/container-service/target/test-dir/TestBlockDeletingService/hdds/ce3fb3dd-9903-4e22-a140-0143dfbe9650/current/containerDir123/1652814968551/chunks/block.21.chunk.0 (size 100) for chunk ChunkInfo{chunkName='block.21.chunk.0, offset=0, len=100}
2022-05-17 19:16:10,785 [BlockDeletingService#0] INFO  impl.FilePerChunkStrategy (FilePerChunkStrategy.java:deleteChunk(322)) - Deleted chunk file /home/runner/work/ozone/ozone/hadoop-hdds/container-service/target/test-dir/TestBlockDeletingService/hdds/ce3fb3dd-9903-4e22-a140-0143dfbe9650/current/containerDir123/1652814968551/chunks/block.22.chunk.0 (size 100) for chunk ChunkInfo{chunkName='block.22.chunk.0, offset=0, len=100}
2022-05-17 19:16:10,786 [BlockDeletingService#0] INFO  impl.FilePerChunkStrategy (FilePerChunkStrategy.java:deleteChunk(322)) - Deleted chunk file /home/runner/work/ozone/ozone/hadoop-hdds/container-service/target/test-dir/TestBlockDeletingService/hdds/ce3fb3dd-9903-4e22-a140-0143dfbe9650/current/containerDir123/1652814968551/chunks/block.23.chunk.0 (size 100) for chunk ChunkInfo{chunkName='block.23.chunk.0, offset=0, len=100}
2022-05-17 19:16:10,786 [BlockDeletingService#0] INFO  impl.FilePerChunkStrategy (FilePerChunkStrategy.java:deleteChunk(322)) - Deleted chunk file /home/runner/work/ozone/ozone/hadoop-hdds/container-service/target/test-dir/TestBlockDeletingService/hdds/ce3fb3dd-9903-4e22-a140-0143dfbe9650/current/containerDir123/1652814968551/chunks/block.24.chunk.0 (size 100) for chunk ChunkInfo{chunkName='block.24.chunk.0, offset=0, len=100}
2022-05-17 19:16:10,787 [BlockDeletingService#0] INFO  impl.FilePerChunkStrategy (FilePerChunkStrategy.java:deleteChunk(322)) - Deleted chunk file /home/runner/work/ozone/ozone/hadoop-hdds/container-service/target/test-dir/TestBlockDeletingService/hdds/ce3fb3dd-9903-4e22-a140-0143dfbe9650/current/containerDir123/1652814968551/chunks/block.25.chunk.0 (size 100) for chunk ChunkInfo{chunkName='block.25.chunk.0, offset=0, len=100}
2022-05-17 19:16:10,789 [BlockDeletingService#0] INFO  impl.FilePerChunkStrategy (FilePerChunkStrategy.java:deleteChunk(322)) - Deleted chunk file /home/runner/work/ozone/ozone/hadoop-hdds/container-service/target/test-dir/TestBlockDeletingService/hdds/ce3fb3dd-9903-4e22-a140-0143dfbe9650/current/containerDir123/1652814968551/chunks/block.26.chunk.0 (size 100) for chunk ChunkInfo{chunkName='block.26.chunk.0, offset=0, len=100}
2022-05-17 19:16:10,789 [BlockDeletingService#0] INFO  impl.FilePerChunkStrategy (FilePerChunkStrategy.java:deleteChunk(322)) - Deleted chunk file /home/runner/work/ozone/ozone/hadoop-hdds/container-service/target/test-dir/TestBlockDeletingService/hdds/ce3fb3dd-9903-4e22-a140-0143dfbe9650/current/containerDir123/1652814968551/chunks/block.27.chunk.0 (size 100) for chunk ChunkInfo{chunkName='block.27.chunk.0, offset=0, len=100}
2022-05-17 19:16:10,789 [BlockDeletingService#0] INFO  impl.FilePerChunkStrategy (FilePerChunkStrategy.java:deleteChunk(322)) - Deleted chunk file /home/runner/work/ozone/ozone/hadoop-hdds/container-service/target/test-dir/TestBlockDeletingService/hdds/ce3fb3dd-9903-4e22-a140-0143dfbe9650/current/containerDir123/1652814968551/chunks/block.28.chunk.0 (size 100) for chunk ChunkInfo{chunkName='block.28.chunk.0, offset=0, len=100}
2022-05-17 19:16:10,790 [BlockDeletingService#0] INFO  impl.FilePerChunkStrategy (FilePerChunkStrategy.java:deleteChunk(322)) - Deleted chunk file /home/runner/work/ozone/ozone/hadoop-hdds/container-service/target/test-dir/TestBlockDeletingService/hdds/ce3fb3dd-9903-4e22-a140-0143dfbe9650/current/containerDir123/1652814968551/chunks/block.29.chunk.0 (size 100) for chunk ChunkInfo{chunkName='block.29.chunk.0, offset=0, len=100}
2022-05-17 19:16:10,791 [BlockDeletingService#0] INFO  impl.FilePerChunkStrategy (FilePerChunkStrategy.java:deleteChunk(322)) - Deleted chunk file /home/runner/work/ozone/ozone/hadoop-hdds/container-service/target/test-dir/TestBlockDeletingService/hdds/ce3fb3dd-9903-4e22-a140-0143dfbe9650/current/containerDir123/1652814968551/chunks/block.30.chunk.0 (size 100) for chunk ChunkInfo{chunkName='block.30.chunk.0, offset=0, len=100}
2022-05-17 19:16:10,793 [BlockDeletingService#0] INFO  impl.FilePerChunkStrategy (FilePerChunkStrategy.java:deleteChunk(322)) - Deleted chunk file /home/runner/work/ozone/ozone/hadoop-hdds/container-service/target/test-dir/TestBlockDeletingService/hdds/ce3fb3dd-9903-4e22-a140-0143dfbe9650/current/containerDir123/1652814968551/chunks/block.31.chunk.0 (size 100) for chunk ChunkInfo{chunkName='block.31.chunk.0, offset=0, len=100}
2022-05-17 19:16:10,793 [BlockDeletingService#0] INFO  impl.FilePerChunkStrategy (FilePerChunkStrategy.java:deleteChunk(322)) - Deleted chunk file /home/runner/work/ozone/ozone/hadoop-hdds/container-service/target/test-dir/TestBlockDeletingService/hdds/ce3fb3dd-9903-4e22-a140-0143dfbe9650/current/containerDir123/1652814968551/chunks/block.32.chunk.0 (size 100) for chunk ChunkInfo{chunkName='block.32.chunk.0, offset=0, len=100}
2022-05-17 19:16:10,794 [BlockDeletingService#0] INFO  impl.FilePerChunkStrategy (FilePerChunkStrategy.java:deleteChunk(322)) - Deleted chunk file /home/runner/work/ozone/ozone/hadoop-hdds/container-service/target/test-dir/TestBlockDeletingService/hdds/ce3fb3dd-9903-4e22-a140-0143dfbe9650/current/containerDir123/1652814968551/chunks/block.33.chunk.0 (size 100) for chunk ChunkInfo{chunkName='block.33.chunk.0, offset=0, len=100}
2022-05-17 19:16:10,794 [BlockDeletingService#0] INFO  impl.FilePerChunkStrategy (FilePerChunkStrategy.java:deleteChunk(322)) - Deleted chunk file /home/runner/work/ozone/ozone/hadoop-hdds/container-service/target/test-dir/TestBlockDeletingService/hdds/ce3fb3dd-9903-4e22-a140-0143dfbe9650/current/containerDir123/1652814968551/chunks/block.34.chunk.0 (size 100) for chunk ChunkInfo{chunkName='block.34.chunk.0, offset=0, len=100}
2022-05-17 19:16:10,794 [BlockDeletingService#0] INFO  impl.FilePerChunkStrategy (FilePerChunkStrategy.java:deleteChunk(322)) - Deleted chunk file /home/runner/work/ozone/ozone/hadoop-hdds/container-service/target/test-dir/TestBlockDeletingService/hdds/ce3fb3dd-9903-4e22-a140-0143dfbe9650/current/containerDir123/1652814968551/chunks/block.35.chunk.0 (size 100) for chunk ChunkInfo{chunkName='block.35.chunk.0, offset=0, len=100}
2022-05-17 19:16:10,795 [BlockDeletingService#0] INFO  impl.FilePerChunkStrategy (FilePerChunkStrategy.java:deleteChunk(322)) - Deleted chunk file /home/runner/work/ozone/ozone/hadoop-hdds/container-service/target/test-dir/TestBlockDeletingService/hdds/ce3fb3dd-9903-4e22-a140-0143dfbe9650/current/containerDir123/1652814968551/chunks/block.36.chunk.0 (size 100) for chunk ChunkInfo{chunkName='block.36.chunk.0, offset=0, len=100}
2022-05-17 19:16:10,795 [BlockDeletingService#0] INFO  impl.FilePerChunkStrategy (FilePerChunkStrategy.java:deleteChunk(322)) - Deleted chunk file /home/runner/work/ozone/ozone/hadoop-hdds/container-service/target/test-dir/TestBlockDeletingService/hdds/ce3fb3dd-9903-4e22-a140-0143dfbe9650/current/containerDir123/1652814968551/chunks/block.37.chunk.0 (size 100) for chunk ChunkInfo{chunkName='block.37.chunk.0, offset=0, len=100}
2022-05-17 19:16:10,795 [BlockDeletingService#0] INFO  impl.FilePerChunkStrategy (FilePerChunkStrategy.java:deleteChunk(322)) - Deleted chunk file /home/runner/work/ozone/ozone/hadoop-hdds/container-service/target/test-dir/TestBlockDeletingService/hdds/ce3fb3dd-9903-4e22-a140-0143dfbe9650/current/containerDir123/1652814968551/chunks/block.38.chunk.0 (size 100) for chunk ChunkInfo{chunkName='block.38.chunk.0, offset=0, len=100}
2022-05-17 19:16:10,796 [BlockDeletingService#0] INFO  impl.FilePerChunkStrategy (FilePerChunkStrategy.java:deleteChunk(322)) - Deleted chunk file /home/runner/work/ozone/ozone/hadoop-hdds/container-service/target/test-dir/TestBlockDeletingService/hdds/ce3fb3dd-9903-4e22-a140-0143dfbe9650/current/containerDir123/1652814968551/chunks/block.39.chunk.0 (size 100) for chunk ChunkInfo{chunkName='block.39.chunk.0, offset=0, len=100}
2022-05-17 19:16:10,796 [BlockDeletingService#0] INFO  impl.FilePerChunkStrategy (FilePerChunkStrategy.java:deleteChunk(322)) - Deleted chunk file /home/runner/work/ozone/ozone/hadoop-hdds/container-service/target/test-dir/TestBlockDeletingService/hdds/ce3fb3dd-9903-4e22-a140-0143dfbe9650/current/containerDir123/1652814968551/chunks/block.40.chunk.0 (size 100) for chunk ChunkInfo{chunkName='block.40.chunk.0, offset=0, len=100}
2022-05-17 19:16:10,796 [BlockDeletingService#0] INFO  impl.FilePerChunkStrategy (FilePerChunkStrategy.java:deleteChunk(322)) - Deleted chunk file /home/runner/work/ozone/ozone/hadoop-hdds/container-service/target/test-dir/TestBlockDeletingService/hdds/ce3fb3dd-9903-4e22-a140-0143dfbe9650/current/containerDir123/1652814968551/chunks/block.41.chunk.0 (size 100) for chunk ChunkInfo{chunkName='block.41.chunk.0, offset=0, len=100}
2022-05-17 19:16:10,797 [BlockDeletingService#0] INFO  impl.FilePerChunkStrategy (FilePerChunkStrategy.java:deleteChunk(322)) - Deleted chunk file /home/runner/work/ozone/ozone/hadoop-hdds/container-service/target/test-dir/TestBlockDeletingService/hdds/ce3fb3dd-9903-4e22-a140-0143dfbe9650/current/containerDir123/1652814968551/chunks/block.42.chunk.0 (size 100) for chunk ChunkInfo{chunkName='block.42.chunk.0, offset=0, len=100}
2022-05-17 19:16:10,797 [BlockDeletingService#0] INFO  impl.FilePerChunkStrategy (FilePerChunkStrategy.java:deleteChunk(322)) - Deleted chunk file /home/runner/work/ozone/ozone/hadoop-hdds/container-service/target/test-dir/TestBlockDeletingService/hdds/ce3fb3dd-9903-4e22-a140-0143dfbe9650/current/containerDir123/1652814968551/chunks/block.43.chunk.0 (size 100) for chunk ChunkInfo{chunkName='block.43.chunk.0, offset=0, len=100}
2022-05-17 19:16:10,797 [BlockDeletingService#0] INFO  impl.FilePerChunkStrategy (FilePerChunkStrategy.java:deleteChunk(322)) - Deleted chunk file /home/runner/work/ozone/ozone/hadoop-hdds/container-service/target/test-dir/TestBlockDeletingService/hdds/ce3fb3dd-9903-4e22-a140-0143dfbe9650/current/containerDir123/1652814968551/chunks/block.44.chunk.0 (size 100) for chunk ChunkInfo{chunkName='block.44.chunk.0, offset=0, len=100}
2022-05-17 19:16:10,798 [BlockDeletingService#0] INFO  impl.FilePerChunkStrategy (FilePerChunkStrategy.java:deleteChunk(322)) - Deleted chunk file /home/runner/work/ozone/ozone/hadoop-hdds/container-service/target/test-dir/TestBlockDeletingService/hdds/ce3fb3dd-9903-4e22-a140-0143dfbe9650/current/containerDir123/1652814968551/chunks/block.45.chunk.0 (size 100) for chunk ChunkInfo{chunkName='block.45.chunk.0, offset=0, len=100}
2022-05-17 19:16:10,800 [BlockDeletingService#0] INFO  impl.FilePerChunkStrategy (FilePerChunkStrategy.java:deleteChunk(322)) - Deleted chunk file /home/runner/work/ozone/ozone/hadoop-hdds/container-service/target/test-dir/TestBlockDeletingService/hdds/ce3fb3dd-9903-4e22-a140-0143dfbe9650/current/containerDir123/1652814968551/chunks/block.46.chunk.0 (size 100) for chunk ChunkInfo{chunkName='block.46.chunk.0, offset=0, len=100}
2022-05-17 19:16:10,801 [BlockDeletingService#0] INFO  impl.FilePerChunkStrategy (FilePerChunkStrategy.java:deleteChunk(322)) - Deleted chunk file /home/runner/work/ozone/ozone/hadoop-hdds/container-service/target/test-dir/TestBlockDeletingService/hdds/ce3fb3dd-9903-4e22-a140-0143dfbe9650/current/containerDir123/1652814968551/chunks/block.47.chunk.0 (size 100) for chunk ChunkInfo{chunkName='block.47.chunk.0, offset=0, len=100}
2022-05-17 19:16:10,802 [BlockDeletingService#0] INFO  impl.FilePerChunkStrategy (FilePerChunkStrategy.java:deleteChunk(322)) - Deleted chunk file /home/runner/work/ozone/ozone/hadoop-hdds/container-service/target/test-dir/TestBlockDeletingService/hdds/ce3fb3dd-9903-4e22-a140-0143dfbe9650/current/containerDir123/1652814968551/chunks/block.48.chunk.0 (size 100) for chunk ChunkInfo{chunkName='block.48.chunk.0, offset=0, len=100}
2022-05-17 19:16:10,803 [BlockDeletingService#0] INFO  impl.FilePerChunkStrategy (FilePerChunkStrategy.java:deleteChunk(322)) - Deleted chunk file /home/runner/work/ozone/ozone/hadoop-hdds/container-service/target/test-dir/TestBlockDeletingService/hdds/ce3fb3dd-9903-4e22-a140-0143dfbe9650/current/containerDir123/1652814968551/chunks/block.49.chunk.0 (size 100) for chunk ChunkInfo{chunkName='block.49.chunk.0, offset=0, len=100}
2022-05-17 19:16:10,803 [BlockDeletingService#0] INFO  impl.FilePerChunkStrategy (FilePerChunkStrategy.java:deleteChunk(322)) - Deleted chunk file /home/runner/work/ozone/ozone/hadoop-hdds/container-service/target/test-dir/TestBlockDeletingService/hdds/ce3fb3dd-9903-4e22-a140-0143dfbe9650/current/containerDir123/1652814968551/chunks/block.50.chunk.0 (size 100) for chunk ChunkInfo{chunkName='block.50.chunk.0, offset=0, len=100}
2022-05-17 19:16:10,804 [main] INFO  utils.BackgroundService (BackgroundService.java:shutdown(132)) - Shutting down service BlockDeletingService
2022-05-17 19:16:10,806 [BlockDeletingService#0] INFO  impl.FilePerChunkStrategy (FilePerChunkStrategy.java:deleteChunk(322)) - Deleted chunk file /home/runner/work/ozone/ozone/hadoop-hdds/container-service/target/test-dir/TestBlockDeletingService/hdds/ce3fb3dd-9903-4e22-a140-0143dfbe9650/current/containerDir123/1652814968551/chunks/block.51.chunk.0 (size 100) for chunk ChunkInfo{chunkName='block.51.chunk.0, offset=0, len=100}
2022-05-17 19:16:10,808 [BlockDeletingService#0] INFO  impl.FilePerChunkStrategy (FilePerChunkStrategy.java:deleteChunk(322)) - Deleted chunk file /home/runner/work/ozone/ozone/hadoop-hdds/container-service/target/test-dir/TestBlockDeletingService/hdds/ce3fb3dd-9903-4e22-a140-0143dfbe9650/current/containerDir123/1652814968551/chunks/block.52.chunk.0 (size 100) for chunk ChunkInfo{chunkName='block.52.chunk.0, offset=0, len=100}
2022-05-17 19:16:10,808 [BlockDeletingService#0] INFO  impl.FilePerChunkStrategy (FilePerChunkStrategy.java:deleteChunk(322)) - Deleted chunk file /home/runner/work/ozone/ozone/hadoop-hdds/container-service/target/test-dir/TestBlockDeletingService/hdds/ce3fb3dd-9903-4e22-a140-0143dfbe9650/current/containerDir123/1652814968551/chunks/block.53.chunk.0 (size 100) for chunk ChunkInfo{chunkName='block.53.chunk.0, offset=0, len=100}
2022-05-17 19:16:10,809 [BlockDeletingService#0] INFO  impl.FilePerChunkStrategy (FilePerChunkStrategy.java:deleteChunk(322)) - Deleted chunk file /home/runner/work/ozone/ozone/hadoop-hdds/container-service/target/test-dir/TestBlockDeletingService/hdds/ce3fb3dd-9903-4e22-a140-0143dfbe9650/current/containerDir123/1652814968551/chunks/block.54.chunk.0 (size 100) for chunk ChunkInfo{chunkName='block.54.chunk.0, offset=0, len=100}
2022-05-17 19:16:10,810 [BlockDeletingService#0] INFO  impl.FilePerChunkStrategy (FilePerChunkStrategy.java:deleteChunk(322)) - Deleted chunk file /home/runner/work/ozone/ozone/hadoop-hdds/container-service/target/test-dir/TestBlockDeletingService/hdds/ce3fb3dd-9903-4e22-a140-0143dfbe9650/current/containerDir123/1652814968551/chunks/block.55.chunk.0 (size 100) for chunk ChunkInfo{chunkName='block.55.chunk.0, offset=0, len=100}
2022-05-17 19:16:10,810 [BlockDeletingService#0] INFO  impl.FilePerChunkStrategy (FilePerChunkStrategy.java:deleteChunk(322)) - Deleted chunk file /home/runner/work/ozone/ozone/hadoop-hdds/container-service/target/test-dir/TestBlockDeletingService/hdds/ce3fb3dd-9903-4e22-a140-0143dfbe9650/current/containerDir123/1652814968551/chunks/block.56.chunk.0 (size 100) for chunk ChunkInfo{chunkName='block.56.chunk.0, offset=0, len=100}
2022-05-17 19:16:10,810 [BlockDeletingService#0] INFO  impl.FilePerChunkStrategy (FilePerChunkStrategy.java:deleteChunk(322)) - Deleted chunk file /home/runner/work/ozone/ozone/hadoop-hdds/container-service/target/test-dir/TestBlockDeletingService/hdds/ce3fb3dd-9903-4e22-a140-0143dfbe9650/current/containerDir123/1652814968551/chunks/block.57.chunk.0 (size 100) for chunk ChunkInfo{chunkName='block.57.chunk.0, offset=0, len=100}
2022-05-17 19:16:10,811 [BlockDeletingService#0] INFO  impl.FilePerChunkStrategy (FilePerChunkStrategy.java:deleteChunk(322)) - Deleted chunk file /home/runner/work/ozone/ozone/hadoop-hdds/container-service/target/test-dir/TestBlockDeletingService/hdds/ce3fb3dd-9903-4e22-a140-0143dfbe9650/current/containerDir123/1652814968551/chunks/block.58.chunk.0 (size 100) for chunk ChunkInfo{chunkName='block.58.chunk.0, offset=0, len=100}
2022-05-17 19:16:10,811 [BlockDeletingService#0] INFO  impl.FilePerChunkStrategy (FilePerChunkStrategy.java:deleteChunk(322)) - Deleted chunk file /home/runner/work/ozone/ozone/hadoop-hdds/container-service/target/test-dir/TestBlockDeletingService/hdds/ce3fb3dd-9903-4e22-a140-0143dfbe9650/current/containerDir123/1652814968551/chunks/block.59.chunk.0 (size 100) for chunk ChunkInfo{chunkName='block.59.chunk.0, offset=0, len=100}
2022-05-17 19:16:10,811 [BlockDeletingService#0] INFO  impl.FilePerChunkStrategy (FilePerChunkStrategy.java:deleteChunk(322)) - Deleted chunk file /home/runner/work/ozone/ozone/hadoop-hdds/container-service/target/test-dir/TestBlockDeletingService/hdds/ce3fb3dd-9903-4e22-a140-0143dfbe9650/current/containerDir123/1652814968551/chunks/block.60.chunk.0 (size 100) for chunk ChunkInfo{chunkName='block.60.chunk.0, offset=0, len=100}
2022-05-17 19:16:10,811 [BlockDeletingService#0] INFO  impl.FilePerChunkStrategy (FilePerChunkStrategy.java:deleteChunk(322)) - Deleted chunk file /home/runner/work/ozone/ozone/hadoop-hdds/container-service/target/test-dir/TestBlockDeletingService/hdds/ce3fb3dd-9903-4e22-a140-0143dfbe9650/current/containerDir123/1652814968551/chunks/block.61.chunk.0 (size 100) for chunk ChunkInfo{chunkName='block.61.chunk.0, offset=0, len=100}
2022-05-17 19:16:10,812 [BlockDeletingService#0] INFO  impl.FilePerChunkStrategy (FilePerChunkStrategy.java:deleteChunk(322)) - Deleted chunk file /home/runner/work/ozone/ozone/hadoop-hdds/container-service/target/test-dir/TestBlockDeletingService/hdds/ce3fb3dd-9903-4e22-a140-0143dfbe9650/current/containerDir123/1652814968551/chunks/block.62.chunk.0 (size 100) for chunk ChunkInfo{chunkName='block.62.chunk.0, offset=0, len=100}
2022-05-17 19:16:10,812 [BlockDeletingService#0] INFO  impl.FilePerChunkStrategy (FilePerChunkStrategy.java:deleteChunk(322)) - Deleted chunk file /home/runner/work/ozone/ozone/hadoop-hdds/container-service/target/test-dir/TestBlockDeletingService/hdds/ce3fb3dd-9903-4e22-a140-0143dfbe9650/current/containerDir123/1652814968551/chunks/block.63.chunk.0 (size 100) for chunk ChunkInfo{chunkName='block.63.chunk.0, offset=0, len=100}
2022-05-17 19:16:10,812 [BlockDeletingService#0] INFO  impl.FilePerChunkStrategy (FilePerChunkStrategy.java:deleteChunk(322)) - Deleted chunk file /home/runner/work/ozone/ozone/hadoop-hdds/container-service/target/test-dir/TestBlockDeletingService/hdds/ce3fb3dd-9903-4e22-a140-0143dfbe9650/current/containerDir123/1652814968551/chunks/block.64.chunk.0 (size 100) for chunk ChunkInfo{chunkName='block.64.chunk.0, offset=0, len=100}
2022-05-17 19:16:10,812 [BlockDeletingService#0] INFO  impl.FilePerChunkStrategy (FilePerChunkStrategy.java:deleteChunk(322)) - Deleted chunk file /home/runner/work/ozone/ozone/hadoop-hdds/container-service/target/test-dir/TestBlockDeletingService/hdds/ce3fb3dd-9903-4e22-a140-0143dfbe9650/current/containerDir123/1652814968551/chunks/block.65.chunk.0 (size 100) for chunk ChunkInfo{chunkName='block.65.chunk.0, offset=0, len=100}
2022-05-17 19:16:10,813 [BlockDeletingService#0] INFO  impl.FilePerChunkStrategy (FilePerChunkStrategy.java:deleteChunk(322)) - Deleted chunk file /home/runner/work/ozone/ozone/hadoop-hdds/container-service/target/test-dir/TestBlockDeletingService/hdds/ce3fb3dd-9903-4e22-a140-0143dfbe9650/current/containerDir123/1652814968551/chunks/block.66.chunk.0 (size 100) for chunk ChunkInfo{chunkName='block.66.chunk.0, offset=0, len=100}
2022-05-17 19:16:10,813 [BlockDeletingService#0] INFO  impl.FilePerChunkStrategy (FilePerChunkStrategy.java:deleteChunk(322)) - Deleted chunk file /home/runner/work/ozone/ozone/hadoop-hdds/container-service/target/test-dir/TestBlockDeletingService/hdds/ce3fb3dd-9903-4e22-a140-0143dfbe9650/current/containerDir123/1652814968551/chunks/block.67.chunk.0 (size 100) for chunk ChunkInfo{chunkName='block.67.chunk.0, offset=0, len=100}
2022-05-17 19:16:10,813 [BlockDeletingService#0] INFO  impl.FilePerChunkStrategy (FilePerChunkStrategy.java:deleteChunk(322)) - Deleted chunk file /home/runner/work/ozone/ozone/hadoop-hdds/container-service/target/test-dir/TestBlockDeletingService/hdds/ce3fb3dd-9903-4e22-a140-0143dfbe9650/current/containerDir123/1652814968551/chunks/block.68.chunk.0 (size 100) for chunk ChunkInfo{chunkName='block.68.chunk.0, offset=0, len=100}
2022-05-17 19:16:10,813 [BlockDeletingService#0] INFO  impl.FilePerChunkStrategy (FilePerChunkStrategy.java:deleteChunk(322)) - Deleted chunk file /home/runner/work/ozone/ozone/hadoop-hdds/container-service/target/test-dir/TestBlockDeletingService/hdds/ce3fb3dd-9903-4e22-a140-0143dfbe9650/current/containerDir123/1652814968551/chunks/block.69.chunk.0 (size 100) for chunk ChunkInfo{chunkName='block.69.chunk.0, offset=0, len=100}
2022-05-17 19:16:10,814 [BlockDeletingService#0] INFO  impl.FilePerChunkStrategy (FilePerChunkStrategy.java:deleteChunk(322)) - Deleted chunk file /home/runner/work/ozone/ozone/hadoop-hdds/container-service/target/test-dir/TestBlockDeletingService/hdds/ce3fb3dd-9903-4e22-a140-0143dfbe9650/current/containerDir123/1652814968551/chunks/block.70.chunk.0 (size 100) for chunk ChunkInfo{chunkName='block.70.chunk.0, offset=0, len=100}
2022-05-17 19:16:10,816 [BlockDeletingService#0] INFO  impl.FilePerChunkStrategy (FilePerChunkStrategy.java:deleteChunk(322)) - Deleted chunk file /home/runner/work/ozone/ozone/hadoop-hdds/container-service/target/test-dir/TestBlockDeletingService/hdds/ce3fb3dd-9903-4e22-a140-0143dfbe9650/current/containerDir123/1652814968551/chunks/block.71.chunk.0 (size 100) for chunk ChunkInfo{chunkName='block.71.chunk.0, offset=0, len=100}
2022-05-17 19:16:10,816 [BlockDeletingService#0] INFO  impl.FilePerChunkStrategy (FilePerChunkStrategy.java:deleteChunk(322)) - Deleted chunk file /home/runner/work/ozone/ozone/hadoop-hdds/container-service/target/test-dir/TestBlockDeletingService/hdds/ce3fb3dd-9903-4e22-a140-0143dfbe9650/current/containerDir123/1652814968551/chunks/block.72.chunk.0 (size 100) for chunk ChunkInfo{chunkName='block.72.chunk.0, offset=0, len=100}
2022-05-17 19:16:10,817 [BlockDeletingService#0] INFO  impl.FilePerChunkStrategy (FilePerChunkStrategy.java:deleteChunk(322)) - Deleted chunk file /home/runner/work/ozone/ozone/hadoop-hdds/container-service/target/test-dir/TestBlockDeletingService/hdds/ce3fb3dd-9903-4e22-a140-0143dfbe9650/current/containerDir123/1652814968551/chunks/block.73.chunk.0 (size 100) for chunk ChunkInfo{chunkName='block.73.chunk.0, offset=0, len=100}
2022-05-17 19:16:10,820 [BlockDeletingService#0] INFO  impl.FilePerChunkStrategy (FilePerChunkStrategy.java:deleteChunk(322)) - Deleted chunk file /home/runner/work/ozone/ozone/hadoop-hdds/container-service/target/test-dir/TestBlockDeletingService/hdds/ce3fb3dd-9903-4e22-a140-0143dfbe9650/current/containerDir123/1652814968551/chunks/block.74.chunk.0 (size 100) for chunk ChunkInfo{chunkName='block.74.chunk.0, offset=0, len=100}
2022-05-17 19:16:10,820 [BlockDeletingService#0] INFO  impl.FilePerChunkStrategy (FilePerChunkStrategy.java:deleteChunk(322)) - Deleted chunk file /home/runner/work/ozone/ozone/hadoop-hdds/container-service/target/test-dir/TestBlockDeletingService/hdds/ce3fb3dd-9903-4e22-a140-0143dfbe9650/current/containerDir123/1652814968551/chunks/block.75.chunk.0 (size 100) for chunk ChunkInfo{chunkName='block.75.chunk.0, offset=0, len=100}
2022-05-17 19:16:10,821 [BlockDeletingService#0] INFO  impl.FilePerChunkStrategy (FilePerChunkStrategy.java:deleteChunk(322)) - Deleted chunk file /home/runner/work/ozone/ozone/hadoop-hdds/container-service/target/test-dir/TestBlockDeletingService/hdds/ce3fb3dd-9903-4e22-a140-0143dfbe9650/current/containerDir123/1652814968551/chunks/block.76.chunk.0 (size 100) for chunk ChunkInfo{chunkName='block.76.chunk.0, offset=0, len=100}
2022-05-17 19:16:10,821 [BlockDeletingService#0] INFO  impl.FilePerChunkStrategy (FilePerChunkStrategy.java:deleteChunk(322)) - Deleted chunk file /home/runner/work/ozone/ozone/hadoop-hdds/container-service/target/test-dir/TestBlockDeletingService/hdds/ce3fb3dd-9903-4e22-a140-0143dfbe9650/current/containerDir123/1652814968551/chunks/block.77.chunk.0 (size 100) for chunk ChunkInfo{chunkName='block.77.chunk.0, offset=0, len=100}
2022-05-17 19:16:10,823 [BlockDeletingService#0] INFO  impl.FilePerChunkStrategy (FilePerChunkStrategy.java:deleteChunk(322)) - Deleted chunk file /home/runner/work/ozone/ozone/hadoop-hdds/container-service/target/test-dir/TestBlockDeletingService/hdds/ce3fb3dd-9903-4e22-a140-0143dfbe9650/current/containerDir123/1652814968551/chunks/block.78.chunk.0 (size 100) for chunk ChunkInfo{chunkName='block.78.chunk.0, offset=0, len=100}
2022-05-17 19:16:10,823 [BlockDeletingService#0] INFO  impl.FilePerChunkStrategy (FilePerChunkStrategy.java:deleteChunk(322)) - Deleted chunk file /home/runner/work/ozone/ozone/hadoop-hdds/container-service/target/test-dir/TestBlockDeletingService/hdds/ce3fb3dd-9903-4e22-a140-0143dfbe9650/current/containerDir123/1652814968551/chunks/block.79.chunk.0 (size 100) for chunk ChunkInfo{chunkName='block.79.chunk.0, offset=0, len=100}
2022-05-17 19:16:10,824 [BlockDeletingService#0] INFO  impl.FilePerChunkStrategy (FilePerChunkStrategy.java:deleteChunk(322)) - Deleted chunk file /home/runner/work/ozone/ozone/hadoop-hdds/container-service/target/test-dir/TestBlockDeletingService/hdds/ce3fb3dd-9903-4e22-a140-0143dfbe9650/current/containerDir123/1652814968551/chunks/block.80.chunk.0 (size 100) for chunk ChunkInfo{chunkName='block.80.chunk.0, offset=0, len=100}
2022-05-17 19:16:10,824 [BlockDeletingService#0] INFO  impl.FilePerChunkStrategy (FilePerChunkStrategy.java:deleteChunk(322)) - Deleted chunk file /home/runner/work/ozone/ozone/hadoop-hdds/container-service/target/test-dir/TestBlockDeletingService/hdds/ce3fb3dd-9903-4e22-a140-0143dfbe9650/current/containerDir123/1652814968551/chunks/block.81.chunk.0 (size 100) for chunk ChunkInfo{chunkName='block.81.chunk.0, offset=0, len=100}
2022-05-17 19:16:10,825 [BlockDeletingService#0] INFO  impl.FilePerChunkStrategy (FilePerChunkStrategy.java:deleteChunk(322)) - Deleted chunk file /home/runner/work/ozone/ozone/hadoop-hdds/container-service/target/test-dir/TestBlockDeletingService/hdds/ce3fb3dd-9903-4e22-a140-0143dfbe9650/current/containerDir123/1652814968551/chunks/block.82.chunk.0 (size 100) for chunk ChunkInfo{chunkName='block.82.chunk.0, offset=0, len=100}
2022-05-17 19:16:10,826 [BlockDeletingService#0] INFO  impl.FilePerChunkStrategy (FilePerChunkStrategy.java:deleteChunk(322)) - Deleted chunk file /home/runner/work/ozone/ozone/hadoop-hdds/container-service/target/test-dir/TestBlockDeletingService/hdds/ce3fb3dd-9903-4e22-a140-0143dfbe9650/current/containerDir123/1652814968551/chunks/block.83.chunk.0 (size 100) for chunk ChunkInfo{chunkName='block.83.chunk.0, offset=0, len=100}
2022-05-17 19:16:10,827 [BlockDeletingService#0] INFO  impl.FilePerChunkStrategy (FilePerChunkStrategy.java:deleteChunk(322)) - Deleted chunk file /home/runner/work/ozone/ozone/hadoop-hdds/container-service/target/test-dir/TestBlockDeletingService/hdds/ce3fb3dd-9903-4e22-a140-0143dfbe9650/current/containerDir123/1652814968551/chunks/block.84.chunk.0 (size 100) for chunk ChunkInfo{chunkName='block.84.chunk.0, offset=0, len=100}
2022-05-17 19:16:10,828 [BlockDeletingService#0] INFO  impl.FilePerChunkStrategy (FilePerChunkStrategy.java:deleteChunk(322)) - Deleted chunk file /home/runner/work/ozone/ozone/hadoop-hdds/container-service/target/test-dir/TestBlockDeletingService/hdds/ce3fb3dd-9903-4e22-a140-0143dfbe9650/current/containerDir123/1652814968551/chunks/block.85.chunk.0 (size 100) for chunk ChunkInfo{chunkName='block.85.chunk.0, offset=0, len=100}
2022-05-17 19:16:10,828 [BlockDeletingService#0] INFO  impl.FilePerChunkStrategy (FilePerChunkStrategy.java:deleteChunk(322)) - Deleted chunk file /home/runner/work/ozone/ozone/hadoop-hdds/container-service/target/test-dir/TestBlockDeletingService/hdds/ce3fb3dd-9903-4e22-a140-0143dfbe9650/current/containerDir123/1652814968551/chunks/block.86.chunk.0 (size 100) for chunk ChunkInfo{chunkName='block.86.chunk.0, offset=0, len=100}
2022-05-17 19:16:10,828 [BlockDeletingService#0] INFO  impl.FilePerChunkStrategy (FilePerChunkStrategy.java:deleteChunk(322)) - Deleted chunk file /home/runner/work/ozone/ozone/hadoop-hdds/container-service/target/test-dir/TestBlockDeletingService/hdds/ce3fb3dd-9903-4e22-a140-0143dfbe9650/current/containerDir123/1652814968551/chunks/block.87.chunk.0 (size 100) for chunk ChunkInfo{chunkName='block.87.chunk.0, offset=0, len=100}
2022-05-17 19:16:10,829 [BlockDeletingService#0] INFO  impl.FilePerChunkStrategy (FilePerChunkStrategy.java:deleteChunk(322)) - Deleted chunk file /home/runner/work/ozone/ozone/hadoop-hdds/container-service/target/test-dir/TestBlockDeletingService/hdds/ce3fb3dd-9903-4e22-a140-0143dfbe9650/current/containerDir123/1652814968551/chunks/block.88.chunk.0 (size 100) for chunk ChunkInfo{chunkName='block.88.chunk.0, offset=0, len=100}
2022-05-17 19:16:10,829 [BlockDeletingService#0] INFO  impl.FilePerChunkStrategy (FilePerChunkStrategy.java:deleteChunk(322)) - Deleted chunk file /home/runner/work/ozone/ozone/hadoop-hdds/container-service/target/test-dir/TestBlockDeletingService/hdds/ce3fb3dd-9903-4e22-a140-0143dfbe9650/current/containerDir123/1652814968551/chunks/block.89.chunk.0 (size 100) for chunk ChunkInfo{chunkName='block.89.chunk.0, offset=0, len=100}
2022-05-17 19:16:10,829 [BlockDeletingService#0] INFO  impl.FilePerChunkStrategy (FilePerChunkStrategy.java:deleteChunk(322)) - Deleted chunk file /home/runner/work/ozone/ozone/hadoop-hdds/container-service/target/test-dir/TestBlockDeletingService/hdds/ce3fb3dd-9903-4e22-a140-0143dfbe9650/current/containerDir123/1652814968551/chunks/block.90.chunk.0 (size 100) for chunk ChunkInfo{chunkName='block.90.chunk.0, offset=0, len=100}
2022-05-17 19:16:10,831 [BlockDeletingService#0] INFO  impl.FilePerChunkStrategy (FilePerChunkStrategy.java:deleteChunk(322)) - Deleted chunk file /home/runner/work/ozone/ozone/hadoop-hdds/container-service/target/test-dir/TestBlockDeletingService/hdds/ce3fb3dd-9903-4e22-a140-0143dfbe9650/current/containerDir123/1652814968551/chunks/block.91.chunk.0 (size 100) for chunk ChunkInfo{chunkName='block.91.chunk.0, offset=0, len=100}
2022-05-17 19:16:10,831 [BlockDeletingService#0] INFO  impl.FilePerChunkStrategy (FilePerChunkStrategy.java:deleteChunk(322)) - Deleted chunk file /home/runner/work/ozone/ozone/hadoop-hdds/container-service/target/test-dir/TestBlockDeletingService/hdds/ce3fb3dd-9903-4e22-a140-0143dfbe9650/current/containerDir123/1652814968551/chunks/block.92.chunk.0 (size 100) for chunk ChunkInfo{chunkName='block.92.chunk.0, offset=0, len=100}
2022-05-17 19:16:10,832 [BlockDeletingService#0] INFO  impl.FilePerChunkStrategy (FilePerChunkStrategy.java:deleteChunk(322)) - Deleted chunk file /home/runner/work/ozone/ozone/hadoop-hdds/container-service/target/test-dir/TestBlockDeletingService/hdds/ce3fb3dd-9903-4e22-a140-0143dfbe9650/current/containerDir123/1652814968551/chunks/block.93.chunk.0 (size 100) for chunk ChunkInfo{chunkName='block.93.chunk.0, offset=0, len=100}
2022-05-17 19:16:10,832 [BlockDeletingService#0] INFO  impl.FilePerChunkStrategy (FilePerChunkStrategy.java:deleteChunk(322)) - Deleted chunk file /home/runner/work/ozone/ozone/hadoop-hdds/container-service/target/test-dir/TestBlockDeletingService/hdds/ce3fb3dd-9903-4e22-a140-0143dfbe9650/current/containerDir123/1652814968551/chunks/block.94.chunk.0 (size 100) for chunk ChunkInfo{chunkName='block.94.chunk.0, offset=0, len=100}
2022-05-17 19:16:10,832 [BlockDeletingService#0] INFO  impl.FilePerChunkStrategy (FilePerChunkStrategy.java:deleteChunk(322)) - Deleted chunk file /home/runner/work/ozone/ozone/hadoop-hdds/container-service/target/test-dir/TestBlockDeletingService/hdds/ce3fb3dd-9903-4e22-a140-0143dfbe9650/current/containerDir123/1652814968551/chunks/block.95.chunk.0 (size 100) for chunk ChunkInfo{chunkName='block.95.chunk.0, offset=0, len=100}
2022-05-17 19:16:10,832 [BlockDeletingService#0] INFO  impl.FilePerChunkStrategy (FilePerChunkStrategy.java:deleteChunk(322)) - Deleted chunk file /home/runner/work/ozone/ozone/hadoop-hdds/container-service/target/test-dir/TestBlockDeletingService/hdds/ce3fb3dd-9903-4e22-a140-0143dfbe9650/current/containerDir123/1652814968551/chunks/block.96.chunk.0 (size 100) for chunk ChunkInfo{chunkName='block.96.chunk.0, offset=0, len=100}
2022-05-17 19:16:10,833 [BlockDeletingService#0] INFO  impl.FilePerChunkStrategy (FilePerChunkStrategy.java:deleteChunk(322)) - Deleted chunk file /home/runner/work/ozone/ozone/hadoop-hdds/container-service/target/test-dir/TestBlockDeletingService/hdds/ce3fb3dd-9903-4e22-a140-0143dfbe9650/current/containerDir123/1652814968551/chunks/block.97.chunk.0 (size 100) for chunk ChunkInfo{chunkName='block.97.chunk.0, offset=0, len=100}
2022-05-17 19:16:10,833 [BlockDeletingService#0] INFO  impl.FilePerChunkStrategy (FilePerChunkStrategy.java:deleteChunk(322)) - Deleted chunk file /home/runner/work/ozone/ozone/hadoop-hdds/container-service/target/test-dir/TestBlockDeletingService/hdds/ce3fb3dd-9903-4e22-a140-0143dfbe9650/current/containerDir123/1652814968551/chunks/block.98.chunk.0 (size 100) for chunk ChunkInfo{chunkName='block.98.chunk.0, offset=0, len=100}
2022-05-17 19:16:10,833 [BlockDeletingService#0] INFO  impl.FilePerChunkStrategy (FilePerChunkStrategy.java:deleteChunk(322)) - Deleted chunk file /home/runner/work/ozone/ozone/hadoop-hdds/container-service/target/test-dir/TestBlockDeletingService/hdds/ce3fb3dd-9903-4e22-a140-0143dfbe9650/current/containerDir123/1652814968551/chunks/block.99.chunk.0 (size 100) for chunk ChunkInfo{chunkName='block.99.chunk.0, offset=0, len=100}
2022-05-17 19:16:10,836 [BlockDeletingService#0] WARN  utils.BackgroundService (BackgroundService.java:lambda$run$0(121)) - BlockDeletingService Background task execution took 102696990ns > 0ns(timeout)
]]></system-out>
  </testcase>
  <testcase name="testShutdownService" classname="TestBlockDeletingService" time="0.678">
    <system-out><![CDATA[2022-05-17 19:16:13,486 [BlockDeletingService#0] INFO  impl.FilePerChunkStrategy (FilePerChunkStrategy.java:deleteChunk(322)) - Deleted chunk file /home/runner/work/ozone/ozone/hadoop-hdds/container-service/target/test-dir/TestBlockDeletingService/hdds/ce3fb3dd-9903-4e22-a140-0143dfbe9650/current/containerDir132/1652814973034/chunks/block.0.chunk.0 (size 100) for chunk ChunkInfo{chunkName='block.0.chunk.0, offset=0, len=100}
2022-05-17 19:16:13,487 [BlockDeletingService#0] INFO  impl.FilePerChunkStrategy (FilePerChunkStrategy.java:deleteChunk(322)) - Deleted chunk file /home/runner/work/ozone/ozone/hadoop-hdds/container-service/target/test-dir/TestBlockDeletingService/hdds/ce3fb3dd-9903-4e22-a140-0143dfbe9650/current/containerDir132/1652814973034/chunks/block.1.chunk.0 (size 100) for chunk ChunkInfo{chunkName='block.1.chunk.0, offset=0, len=100}
2022-05-17 19:16:13,487 [BlockDeletingService#0] INFO  impl.FilePerChunkStrategy (FilePerChunkStrategy.java:deleteChunk(322)) - Deleted chunk file /home/runner/work/ozone/ozone/hadoop-hdds/container-service/target/test-dir/TestBlockDeletingService/hdds/ce3fb3dd-9903-4e22-a140-0143dfbe9650/current/containerDir132/1652814973034/chunks/block.2.chunk.0 (size 100) for chunk ChunkInfo{chunkName='block.2.chunk.0, offset=0, len=100}
2022-05-17 19:16:13,487 [BlockDeletingService#0] INFO  impl.FilePerChunkStrategy (FilePerChunkStrategy.java:deleteChunk(322)) - Deleted chunk file /home/runner/work/ozone/ozone/hadoop-hdds/container-service/target/test-dir/TestBlockDeletingService/hdds/ce3fb3dd-9903-4e22-a140-0143dfbe9650/current/containerDir132/1652814973034/chunks/block.3.chunk.0 (size 100) for chunk ChunkInfo{chunkName='block.3.chunk.0, offset=0, len=100}
2022-05-17 19:16:13,487 [BlockDeletingService#0] INFO  impl.FilePerChunkStrategy (FilePerChunkStrategy.java:deleteChunk(322)) - Deleted chunk file /home/runner/work/ozone/ozone/hadoop-hdds/container-service/target/test-dir/TestBlockDeletingService/hdds/ce3fb3dd-9903-4e22-a140-0143dfbe9650/current/containerDir132/1652814973034/chunks/block.4.chunk.0 (size 100) for chunk ChunkInfo{chunkName='block.4.chunk.0, offset=0, len=100}
2022-05-17 19:16:13,487 [BlockDeletingService#0] INFO  impl.FilePerChunkStrategy (FilePerChunkStrategy.java:deleteChunk(322)) - Deleted chunk file /home/runner/work/ozone/ozone/hadoop-hdds/container-service/target/test-dir/TestBlockDeletingService/hdds/ce3fb3dd-9903-4e22-a140-0143dfbe9650/current/containerDir132/1652814973034/chunks/block.5.chunk.0 (size 100) for chunk ChunkInfo{chunkName='block.5.chunk.0, offset=0, len=100}
2022-05-17 19:16:13,487 [BlockDeletingService#0] INFO  impl.FilePerChunkStrategy (FilePerChunkStrategy.java:deleteChunk(322)) - Deleted chunk file /home/runner/work/ozone/ozone/hadoop-hdds/container-service/target/test-dir/TestBlockDeletingService/hdds/ce3fb3dd-9903-4e22-a140-0143dfbe9650/current/containerDir132/1652814973034/chunks/block.6.chunk.0 (size 100) for chunk ChunkInfo{chunkName='block.6.chunk.0, offset=0, len=100}
2022-05-17 19:16:13,488 [BlockDeletingService#0] INFO  impl.FilePerChunkStrategy (FilePerChunkStrategy.java:deleteChunk(322)) - Deleted chunk file /home/runner/work/ozone/ozone/hadoop-hdds/container-service/target/test-dir/TestBlockDeletingService/hdds/ce3fb3dd-9903-4e22-a140-0143dfbe9650/current/containerDir132/1652814973034/chunks/block.7.chunk.0 (size 100) for chunk ChunkInfo{chunkName='block.7.chunk.0, offset=0, len=100}
2022-05-17 19:16:13,488 [BlockDeletingService#0] INFO  impl.FilePerChunkStrategy (FilePerChunkStrategy.java:deleteChunk(322)) - Deleted chunk file /home/runner/work/ozone/ozone/hadoop-hdds/container-service/target/test-dir/TestBlockDeletingService/hdds/ce3fb3dd-9903-4e22-a140-0143dfbe9650/current/containerDir132/1652814973034/chunks/block.8.chunk.0 (size 100) for chunk ChunkInfo{chunkName='block.8.chunk.0, offset=0, len=100}
2022-05-17 19:16:13,488 [BlockDeletingService#0] INFO  impl.FilePerChunkStrategy (FilePerChunkStrategy.java:deleteChunk(322)) - Deleted chunk file /home/runner/work/ozone/ozone/hadoop-hdds/container-service/target/test-dir/TestBlockDeletingService/hdds/ce3fb3dd-9903-4e22-a140-0143dfbe9650/current/containerDir132/1652814973034/chunks/block.9.chunk.0 (size 100) for chunk ChunkInfo{chunkName='block.9.chunk.0, offset=0, len=100}
2022-05-17 19:16:13,489 [BlockDeletingService#0] WARN  utils.BackgroundService (BackgroundService.java:lambda$run$0(121)) - BlockDeletingService Background task execution took 8181167ns > 0ns(timeout)
2022-05-17 19:16:13,570 [main] INFO  utils.BackgroundService (BackgroundService.java:shutdown(132)) - Shutting down service BlockDeletingService
]]></system-out>
  </testcase>
  <testcase name="testShutdownService" classname="TestBlockDeletingService" time="0.557">
    <system-out><![CDATA[2022-05-17 19:16:15,288 [BlockDeletingService#0] INFO  impl.FilePerBlockStrategy (FilePerBlockStrategy.java:deleteChunk(232)) - Deleted block file: /home/runner/work/ozone/ozone/hadoop-hdds/container-service/target/test-dir/TestBlockDeletingService/hdds/ce3fb3dd-9903-4e22-a140-0143dfbe9650/current/containerDir135/1652814974869/chunks/1652814974896.block
2022-05-17 19:16:15,288 [BlockDeletingService#0] INFO  impl.FilePerBlockStrategy (FilePerBlockStrategy.java:deleteChunk(232)) - Deleted block file: /home/runner/work/ozone/ozone/hadoop-hdds/container-service/target/test-dir/TestBlockDeletingService/hdds/ce3fb3dd-9903-4e22-a140-0143dfbe9650/current/containerDir135/1652814974869/chunks/1652814974915.block
2022-05-17 19:16:15,288 [BlockDeletingService#0] INFO  impl.FilePerBlockStrategy (FilePerBlockStrategy.java:deleteChunk(232)) - Deleted block file: /home/runner/work/ozone/ozone/hadoop-hdds/container-service/target/test-dir/TestBlockDeletingService/hdds/ce3fb3dd-9903-4e22-a140-0143dfbe9650/current/containerDir135/1652814974869/chunks/1652814974918.block
2022-05-17 19:16:15,289 [BlockDeletingService#0] INFO  impl.FilePerBlockStrategy (FilePerBlockStrategy.java:deleteChunk(232)) - Deleted block file: /home/runner/work/ozone/ozone/hadoop-hdds/container-service/target/test-dir/TestBlockDeletingService/hdds/ce3fb3dd-9903-4e22-a140-0143dfbe9650/current/containerDir135/1652814974869/chunks/1652814974921.block
2022-05-17 19:16:15,289 [BlockDeletingService#0] INFO  impl.FilePerBlockStrategy (FilePerBlockStrategy.java:deleteChunk(232)) - Deleted block file: /home/runner/work/ozone/ozone/hadoop-hdds/container-service/target/test-dir/TestBlockDeletingService/hdds/ce3fb3dd-9903-4e22-a140-0143dfbe9650/current/containerDir135/1652814974869/chunks/1652814974924.block
2022-05-17 19:16:15,289 [BlockDeletingService#0] INFO  impl.FilePerBlockStrategy (FilePerBlockStrategy.java:deleteChunk(232)) - Deleted block file: /home/runner/work/ozone/ozone/hadoop-hdds/container-service/target/test-dir/TestBlockDeletingService/hdds/ce3fb3dd-9903-4e22-a140-0143dfbe9650/current/containerDir135/1652814974869/chunks/1652814974927.block
2022-05-17 19:16:15,289 [BlockDeletingService#0] INFO  impl.FilePerBlockStrategy (FilePerBlockStrategy.java:deleteChunk(232)) - Deleted block file: /home/runner/work/ozone/ozone/hadoop-hdds/container-service/target/test-dir/TestBlockDeletingService/hdds/ce3fb3dd-9903-4e22-a140-0143dfbe9650/current/containerDir135/1652814974869/chunks/1652814974929.block
2022-05-17 19:16:15,289 [BlockDeletingService#0] INFO  impl.FilePerBlockStrategy (FilePerBlockStrategy.java:deleteChunk(232)) - Deleted block file: /home/runner/work/ozone/ozone/hadoop-hdds/container-service/target/test-dir/TestBlockDeletingService/hdds/ce3fb3dd-9903-4e22-a140-0143dfbe9650/current/containerDir135/1652814974869/chunks/1652814974932.block
2022-05-17 19:16:15,289 [BlockDeletingService#0] INFO  impl.FilePerBlockStrategy (FilePerBlockStrategy.java:deleteChunk(232)) - Deleted block file: /home/runner/work/ozone/ozone/hadoop-hdds/container-service/target/test-dir/TestBlockDeletingService/hdds/ce3fb3dd-9903-4e22-a140-0143dfbe9650/current/containerDir135/1652814974869/chunks/1652814974935.block
2022-05-17 19:16:15,289 [BlockDeletingService#0] INFO  impl.FilePerBlockStrategy (FilePerBlockStrategy.java:deleteChunk(232)) - Deleted block file: /home/runner/work/ozone/ozone/hadoop-hdds/container-service/target/test-dir/TestBlockDeletingService/hdds/ce3fb3dd-9903-4e22-a140-0143dfbe9650/current/containerDir135/1652814974869/chunks/1652814974938.block
2022-05-17 19:16:15,290 [BlockDeletingService#0] WARN  utils.BackgroundService (BackgroundService.java:lambda$run$0(121)) - BlockDeletingService Background task execution took 3863985ns > 0ns(timeout)
2022-05-17 19:16:15,384 [main] INFO  utils.BackgroundService (BackgroundService.java:shutdown(132)) - Shutting down service BlockDeletingService
]]></system-out>
  </testcase>
  <testcase name="testShutdownService" classname="TestBlockDeletingService" time="0.64">
    <system-out><![CDATA[2022-05-17 19:16:16,973 [BlockDeletingService#0] INFO  impl.FilePerBlockStrategy (FilePerBlockStrategy.java:deleteChunk(232)) - Deleted block file: /home/runner/work/ozone/ozone/hadoop-hdds/container-service/target/test-dir/TestBlockDeletingService/hdds/ce3fb3dd-9903-4e22-a140-0143dfbe9650/current/containerDir139/1652814976571/chunks/1652814976596.block
2022-05-17 19:16:16,973 [BlockDeletingService#0] INFO  impl.FilePerBlockStrategy (FilePerBlockStrategy.java:deleteChunk(232)) - Deleted block file: /home/runner/work/ozone/ozone/hadoop-hdds/container-service/target/test-dir/TestBlockDeletingService/hdds/ce3fb3dd-9903-4e22-a140-0143dfbe9650/current/containerDir139/1652814976571/chunks/1652814976598.block
2022-05-17 19:16:16,974 [BlockDeletingService#0] INFO  impl.FilePerBlockStrategy (FilePerBlockStrategy.java:deleteChunk(232)) - Deleted block file: /home/runner/work/ozone/ozone/hadoop-hdds/container-service/target/test-dir/TestBlockDeletingService/hdds/ce3fb3dd-9903-4e22-a140-0143dfbe9650/current/containerDir139/1652814976571/chunks/1652814976601.block
2022-05-17 19:16:16,974 [BlockDeletingService#0] INFO  impl.FilePerBlockStrategy (FilePerBlockStrategy.java:deleteChunk(232)) - Deleted block file: /home/runner/work/ozone/ozone/hadoop-hdds/container-service/target/test-dir/TestBlockDeletingService/hdds/ce3fb3dd-9903-4e22-a140-0143dfbe9650/current/containerDir139/1652814976571/chunks/1652814976604.block
2022-05-17 19:16:16,974 [BlockDeletingService#0] INFO  impl.FilePerBlockStrategy (FilePerBlockStrategy.java:deleteChunk(232)) - Deleted block file: /home/runner/work/ozone/ozone/hadoop-hdds/container-service/target/test-dir/TestBlockDeletingService/hdds/ce3fb3dd-9903-4e22-a140-0143dfbe9650/current/containerDir139/1652814976571/chunks/1652814976611.block
2022-05-17 19:16:16,974 [BlockDeletingService#0] INFO  impl.FilePerBlockStrategy (FilePerBlockStrategy.java:deleteChunk(232)) - Deleted block file: /home/runner/work/ozone/ozone/hadoop-hdds/container-service/target/test-dir/TestBlockDeletingService/hdds/ce3fb3dd-9903-4e22-a140-0143dfbe9650/current/containerDir139/1652814976571/chunks/1652814976614.block
2022-05-17 19:16:16,974 [BlockDeletingService#0] INFO  impl.FilePerBlockStrategy (FilePerBlockStrategy.java:deleteChunk(232)) - Deleted block file: /home/runner/work/ozone/ozone/hadoop-hdds/container-service/target/test-dir/TestBlockDeletingService/hdds/ce3fb3dd-9903-4e22-a140-0143dfbe9650/current/containerDir139/1652814976571/chunks/1652814976616.block
2022-05-17 19:16:16,974 [BlockDeletingService#0] INFO  impl.FilePerBlockStrategy (FilePerBlockStrategy.java:deleteChunk(232)) - Deleted block file: /home/runner/work/ozone/ozone/hadoop-hdds/container-service/target/test-dir/TestBlockDeletingService/hdds/ce3fb3dd-9903-4e22-a140-0143dfbe9650/current/containerDir139/1652814976571/chunks/1652814976619.block
2022-05-17 19:16:16,974 [BlockDeletingService#0] INFO  impl.FilePerBlockStrategy (FilePerBlockStrategy.java:deleteChunk(232)) - Deleted block file: /home/runner/work/ozone/ozone/hadoop-hdds/container-service/target/test-dir/TestBlockDeletingService/hdds/ce3fb3dd-9903-4e22-a140-0143dfbe9650/current/containerDir139/1652814976571/chunks/1652814976622.block
2022-05-17 19:16:16,975 [BlockDeletingService#0] INFO  impl.FilePerBlockStrategy (FilePerBlockStrategy.java:deleteChunk(232)) - Deleted block file: /home/runner/work/ozone/ozone/hadoop-hdds/container-service/target/test-dir/TestBlockDeletingService/hdds/ce3fb3dd-9903-4e22-a140-0143dfbe9650/current/containerDir139/1652814976571/chunks/1652814976624.block
2022-05-17 19:16:16,975 [BlockDeletingService#0] WARN  utils.BackgroundService (BackgroundService.java:lambda$run$0(121)) - BlockDeletingService Background task execution took 3273686ns > 0ns(timeout)
2022-05-17 19:16:17,071 [main] INFO  utils.BackgroundService (BackgroundService.java:shutdown(132)) - Shutting down service BlockDeletingService
]]></system-out>
  </testcase>
  <testcase name="testBlockDeletionTimeout" classname="TestBlockDeletingService" time="1.204">
    <error type="java.util.concurrent.TimeoutException"><![CDATA[java.util.concurrent.TimeoutException: 
Timed out waiting for condition. Thread diagnostics:
Timestamp: 2022-05-17 07:16:12,141

"BlockDeletingService#2" daemon prio=5 tid=21 in Object.wait()
java.lang.Thread.State: WAITING (on object monitor)
        at sun.misc.Unsafe.park(Native Method)
        at java.util.concurrent.locks.LockSupport.park(LockSupport.java:175)
        at java.util.concurrent.locks.AbstractQueuedSynchronizer$ConditionObject.await(AbstractQueuedSynchronizer.java:2039)
        at java.util.concurrent.ScheduledThreadPoolExecutor$DelayedWorkQueue.take(ScheduledThreadPoolExecutor.java:1088)
        at java.util.concurrent.ScheduledThreadPoolExecutor$DelayedWorkQueue.take(ScheduledThreadPoolExecutor.java:809)
        at java.util.concurrent.ThreadPoolExecutor.getTask(ThreadPoolExecutor.java:1074)
        at java.util.concurrent.ThreadPoolExecutor.runWorker(ThreadPoolExecutor.java:1134)
        at java.util.concurrent.ThreadPoolExecutor$Worker.run(ThreadPoolExecutor.java:624)
        at java.lang.Thread.run(Thread.java:750)
"main"  prio=5 tid=1 runnable
java.lang.Thread.State: RUNNABLE
        at java.lang.Thread.dumpThreads(Native Method)
        at java.lang.Thread.getAllStackTraces(Thread.java:1615)
        at org.apache.ozone.test.TimedOutTestsListener.buildThreadDump(TimedOutTestsListener.java:93)
        at org.apache.ozone.test.TimedOutTestsListener.buildThreadDiagnosticString(TimedOutTestsListener.java:79)
        at org.apache.ozone.test.GenericTestUtils.waitFor(GenericTestUtils.java:226)
        at org.apache.hadoop.ozone.container.common.TestBlockDeletingService.testBlockDeletionTimeout(TestBlockDeletingService.java:538)
        at sun.reflect.NativeMethodAccessorImpl.invoke0(Native Method)
        at sun.reflect.NativeMethodAccessorImpl.invoke(NativeMethodAccessorImpl.java:62)
        at sun.reflect.DelegatingMethodAccessorImpl.invoke(DelegatingMethodAccessorImpl.java:43)
        at java.lang.reflect.Method.invoke(Method.java:498)
        at org.junit.runners.model.FrameworkMethod$1.runReflectiveCall(FrameworkMethod.java:59)
        at org.junit.internal.runners.model.ReflectiveCallable.run(ReflectiveCallable.java:12)
        at org.junit.runners.model.FrameworkMethod.invokeExplosively(FrameworkMethod.java:56)
        at org.junit.internal.runners.statements.InvokeMethod.evaluate(InvokeMethod.java:17)
        at org.junit.runners.ParentRunner$3.evaluate(ParentRunner.java:306)
        at org.junit.runners.BlockJUnit4ClassRunner$1.evaluate(BlockJUnit4ClassRunner.java:100)
        at org.junit.runners.ParentRunner.runLeaf(ParentRunner.java:366)
        at org.junit.runners.BlockJUnit4ClassRunner.runChild(BlockJUnit4ClassRunner.java:103)
        at org.junit.runners.BlockJUnit4ClassRunner.runChild(BlockJUnit4ClassRunner.java:63)
        at org.junit.runners.ParentRunner$4.run(ParentRunner.java:331)
        at org.junit.runners.ParentRunner$1.schedule(ParentRunner.java:79)
        at org.junit.runners.ParentRunner.runChildren(ParentRunner.java:329)
        at org.junit.runners.ParentRunner.access$100(ParentRunner.java:66)
        at org.junit.runners.ParentRunner$2.evaluate(ParentRunner.java:293)
        at org.junit.runners.ParentRunner.run(ParentRunner.java:413)
        at org.junit.runners.Suite.runChild(Suite.java:128)
        at org.junit.runners.Suite.runChild(Suite.java:27)
        at org.junit.runners.ParentRunner$4.run(ParentRunner.java:331)
        at org.junit.runners.ParentRunner$1.schedule(ParentRunner.java:79)
        at org.junit.runners.ParentRunner.runChildren(ParentRunner.java:329)
        at org.junit.runners.ParentRunner.access$100(ParentRunner.java:66)
        at org.junit.runners.ParentRunner$2.evaluate(ParentRunner.java:293)
        at org.junit.internal.runners.statements.RunBefores.evaluate(RunBefores.java:26)
        at org.junit.internal.runners.statements.RunAfters.evaluate(RunAfters.java:27)
        at org.junit.runners.ParentRunner$3.evaluate(ParentRunner.java:306)
        at org.junit.runners.ParentRunner.run(ParentRunner.java:413)
        at org.junit.runner.JUnitCore.run(JUnitCore.java:137)
        at org.junit.runner.JUnitCore.run(JUnitCore.java:115)
        at org.junit.vintage.engine.execution.RunnerExecutor.execute(RunnerExecutor.java:43)
        at org.junit.vintage.engine.VintageTestEngine$$Lambda$192/1052317717.accept(Unknown Source)
        at java.util.stream.ForEachOps$ForEachOp$OfRef.accept(ForEachOps.java:183)
        at java.util.stream.ReferencePipeline$3$1.accept(ReferencePipeline.java:193)
        at java.util.Iterator.forEachRemaining(Iterator.java:116)
        at java.util.Spliterators$IteratorSpliterator.forEachRemaining(Spliterators.java:1801)
        at java.util.stream.AbstractPipeline.copyInto(AbstractPipeline.java:482)
        at java.util.stream.AbstractPipeline.wrapAndCopyInto(AbstractPipeline.java:472)
        at java.util.stream.ForEachOps$ForEachOp.evaluateSequential(ForEachOps.java:150)
        at java.util.stream.ForEachOps$ForEachOp$OfRef.evaluateSequential(ForEachOps.java:173)
        at java.util.stream.AbstractPipeline.evaluate(AbstractPipeline.java:234)
        at java.util.stream.ReferencePipeline.forEach(ReferencePipeline.java:485)
        at org.junit.vintage.engine.VintageTestEngine.executeAllChildren(VintageTestEngine.java:82)
        at org.junit.vintage.engine.VintageTestEngine.execute(VintageTestEngine.java:73)
        at org.junit.platform.launcher.core.EngineExecutionOrchestrator.execute(EngineExecutionOrchestrator.java:108)
        at org.junit.platform.launcher.core.EngineExecutionOrchestrator.execute(EngineExecutionOrchestrator.java:88)
        at org.junit.platform.launcher.core.EngineExecutionOrchestrator.lambda$execute$0(EngineExecutionOrchestrator.java:54)
        at org.junit.platform.launcher.core.EngineExecutionOrchestrator$$Lambda$139/467796378.accept(Unknown Source)
        at org.junit.platform.launcher.core.EngineExecutionOrchestrator.withInterceptedStreams(EngineExecutionOrchestrator.java:67)
        at org.junit.platform.launcher.core.EngineExecutionOrchestrator.execute(EngineExecutionOrchestrator.java:52)
        at org.junit.platform.launcher.core.DefaultLauncher.execute(DefaultLauncher.java:96)
        at org.junit.platform.launcher.core.DefaultLauncher.execute(DefaultLauncher.java:75)
        at org.apache.maven.surefire.junitplatform.JUnitPlatformProvider.execute(JUnitPlatformProvider.java:188)
        at org.apache.maven.surefire.junitplatform.JUnitPlatformProvider.invokeAllTests(JUnitPlatformProvider.java:154)
        at org.apache.maven.surefire.junitplatform.JUnitPlatformProvider.invoke(JUnitPlatformProvider.java:124)
        at org.apache.maven.surefire.booter.ForkedBooter.runSuitesInProcess(ForkedBooter.java:428)
        at org.apache.maven.surefire.booter.ForkedBooter.execute(ForkedBooter.java:162)
        at org.apache.maven.surefire.booter.ForkedBooter.run(ForkedBooter.java:562)
        at org.apache.maven.surefire.booter.ForkedBooter.main(ForkedBooter.java:548)
"Attach Listener" daemon prio=9 tid=15 runnable
java.lang.Thread.State: RUNNABLE
"surefire-forkedjvm-command-thread" daemon prio=5 tid=10 runnable
java.lang.Thread.State: RUNNABLE
        at java.io.FileInputStream.readBytes(Native Method)
        at java.io.FileInputStream.read(FileInputStream.java:255)
        at java.io.BufferedInputStream.read1(BufferedInputStream.java:284)
        at java.io.BufferedInputStream.read(BufferedInputStream.java:345)
        at java.io.BufferedInputStream.fill(BufferedInputStream.java:246)
        at java.io.BufferedInputStream.read1(BufferedInputStream.java:286)
        at java.io.BufferedInputStream.read(BufferedInputStream.java:345)
        at org.apache.maven.surefire.api.util.internal.Channels$3.readImpl(Channels.java:214)
        at org.apache.maven.surefire.api.util.internal.AbstractNoninterruptibleReadableChannel.read(AbstractNoninterruptibleReadableChannel.java:54)
        at org.apache.maven.surefire.booter.spi.LegacyMasterProcessChannelDecoder.decode(LegacyMasterProcessChannelDecoder.java:80)
        at org.apache.maven.surefire.booter.CommandReader$CommandRunnable.run(CommandReader.java:343)
        at java.lang.Thread.run(Thread.java:750)
"Reference Handler" daemon prio=10 tid=2 in Object.wait()
java.lang.Thread.State: WAITING (on object monitor)
        at java.lang.Object.wait(Native Method)
        at java.lang.Object.wait(Object.java:502)
        at java.lang.ref.Reference.tryHandlePending(Reference.java:191)
        at java.lang.ref.Reference$ReferenceHandler.run(Reference.java:153)
"process reaper" daemon prio=10 tid=12 timed_waiting
java.lang.Thread.State: TIMED_WAITING
        at sun.misc.Unsafe.park(Native Method)
        at java.util.concurrent.locks.LockSupport.parkNanos(LockSupport.java:215)
        at java.util.concurrent.SynchronousQueue$TransferStack.awaitFulfill(SynchronousQueue.java:460)
        at java.util.concurrent.SynchronousQueue$TransferStack.transfer(SynchronousQueue.java:362)
        at java.util.concurrent.SynchronousQueue.poll(SynchronousQueue.java:941)
        at java.util.concurrent.ThreadPoolExecutor.getTask(ThreadPoolExecutor.java:1073)
        at java.util.concurrent.ThreadPoolExecutor.runWorker(ThreadPoolExecutor.java:1134)
        at java.util.concurrent.ThreadPoolExecutor$Worker.run(ThreadPoolExecutor.java:624)
        at java.lang.Thread.run(Thread.java:750)
"BlockDeletingService#3" daemon prio=5 tid=22 in Object.wait()
java.lang.Thread.State: WAITING (on object monitor)
        at sun.misc.Unsafe.park(Native Method)
        at java.util.concurrent.locks.LockSupport.park(LockSupport.java:175)
        at java.util.concurrent.locks.AbstractQueuedSynchronizer$ConditionObject.await(AbstractQueuedSynchronizer.java:2039)
        at java.util.concurrent.ScheduledThreadPoolExecutor$DelayedWorkQueue.take(ScheduledThreadPoolExecutor.java:1088)
        at java.util.concurrent.ScheduledThreadPoolExecutor$DelayedWorkQueue.take(ScheduledThreadPoolExecutor.java:809)
        at java.util.concurrent.ThreadPoolExecutor.getTask(ThreadPoolExecutor.java:1074)
        at java.util.concurrent.ThreadPoolExecutor.runWorker(ThreadPoolExecutor.java:1134)
        at java.util.concurrent.ThreadPoolExecutor$Worker.run(ThreadPoolExecutor.java:624)
        at java.lang.Thread.run(Thread.java:750)
"Signal Dispatcher" daemon prio=9 tid=4 runnable
java.lang.Thread.State: RUNNABLE
"BlockDeletingService#1" daemon prio=5 tid=20 in Object.wait()
java.lang.Thread.State: WAITING (on object monitor)
        at sun.misc.Unsafe.park(Native Method)
        at java.util.concurrent.locks.LockSupport.park(LockSupport.java:175)
        at java.util.concurrent.locks.AbstractQueuedSynchronizer$ConditionObject.await(AbstractQueuedSynchronizer.java:2039)
        at java.util.concurrent.ScheduledThreadPoolExecutor$DelayedWorkQueue.take(ScheduledThreadPoolExecutor.java:1088)
        at java.util.concurrent.ScheduledThreadPoolExecutor$DelayedWorkQueue.take(ScheduledThreadPoolExecutor.java:809)
        at java.util.concurrent.ThreadPoolExecutor.getTask(ThreadPoolExecutor.java:1074)
        at java.util.concurrent.ThreadPoolExecutor.runWorker(ThreadPoolExecutor.java:1134)
        at java.util.concurrent.ThreadPoolExecutor$Worker.run(ThreadPoolExecutor.java:624)
        at java.lang.Thread.run(Thread.java:750)
"Finalizer" daemon prio=8 tid=3 in Object.wait()
java.lang.Thread.State: WAITING (on object monitor)
        at java.lang.Object.wait(Native Method)
        at java.lang.ref.ReferenceQueue.remove(ReferenceQueue.java:144)
        at java.lang.ref.ReferenceQueue.remove(ReferenceQueue.java:165)
        at java.lang.ref.Finalizer$FinalizerThread.run(Finalizer.java:216)
"BlockDeletingService#0" daemon prio=5 tid=19 timed_waiting
java.lang.Thread.State: TIMED_WAITING
        at sun.misc.Unsafe.park(Native Method)
        at java.util.concurrent.locks.LockSupport.parkNanos(LockSupport.java:215)
        at java.util.concurrent.locks.AbstractQueuedSynchronizer$ConditionObject.awaitNanos(AbstractQueuedSynchronizer.java:2078)
        at java.util.concurrent.ScheduledThreadPoolExecutor$DelayedWorkQueue.take(ScheduledThreadPoolExecutor.java:1093)
        at java.util.concurrent.ScheduledThreadPoolExecutor$DelayedWorkQueue.take(ScheduledThreadPoolExecutor.java:809)
        at java.util.concurrent.ThreadPoolExecutor.getTask(ThreadPoolExecutor.java:1074)
        at java.util.concurrent.ThreadPoolExecutor.runWorker(ThreadPoolExecutor.java:1134)
        at java.util.concurrent.ThreadPoolExecutor$Worker.run(ThreadPoolExecutor.java:624)
        at java.lang.Thread.run(Thread.java:750)


	at org.apache.ozone.test.GenericTestUtils.waitFor(GenericTestUtils.java:226)
	at org.apache.hadoop.ozone.container.common.TestBlockDeletingService.testBlockDeletionTimeout(TestBlockDeletingService.java:538)
	at sun.reflect.NativeMethodAccessorImpl.invoke0(Native Method)
	at sun.reflect.NativeMethodAccessorImpl.invoke(NativeMethodAccessorImpl.java:62)
	at sun.reflect.DelegatingMethodAccessorImpl.invoke(DelegatingMethodAccessorImpl.java:43)
	at java.lang.reflect.Method.invoke(Method.java:498)
	at org.junit.runners.model.FrameworkMethod$1.runReflectiveCall(FrameworkMethod.java:59)
	at org.junit.internal.runners.model.ReflectiveCallable.run(ReflectiveCallable.java:12)
	at org.junit.runners.model.FrameworkMethod.invokeExplosively(FrameworkMethod.java:56)
	at org.junit.internal.runners.statements.InvokeMethod.evaluate(InvokeMethod.java:17)
	at org.junit.runners.ParentRunner$3.evaluate(ParentRunner.java:306)
	at org.junit.runners.BlockJUnit4ClassRunner$1.evaluate(BlockJUnit4ClassRunner.java:100)
	at org.junit.runners.ParentRunner.runLeaf(ParentRunner.java:366)
	at org.junit.runners.BlockJUnit4ClassRunner.runChild(BlockJUnit4ClassRunner.java:103)
	at org.junit.runners.BlockJUnit4ClassRunner.runChild(BlockJUnit4ClassRunner.java:63)
	at org.junit.runners.ParentRunner$4.run(ParentRunner.java:331)
	at org.junit.runners.ParentRunner$1.schedule(ParentRunner.java:79)
	at org.junit.runners.ParentRunner.runChildren(ParentRunner.java:329)
	at org.junit.runners.ParentRunner.access$100(ParentRunner.java:66)
	at org.junit.runners.ParentRunner$2.evaluate(ParentRunner.java:293)
	at org.junit.runners.ParentRunner.run(ParentRunner.java:413)
	at org.junit.runners.Suite.runChild(Suite.java:128)
	at org.junit.runners.Suite.runChild(Suite.java:27)
	at org.junit.runners.ParentRunner$4.run(ParentRunner.java:331)
	at org.junit.runners.ParentRunner$1.schedule(ParentRunner.java:79)
	at org.junit.runners.ParentRunner.runChildren(ParentRunner.java:329)
	at org.junit.runners.ParentRunner.access$100(ParentRunner.java:66)
	at org.junit.runners.ParentRunner$2.evaluate(ParentRunner.java:293)
	at org.junit.internal.runners.statements.RunBefores.evaluate(RunBefores.java:26)
	at org.junit.internal.runners.statements.RunAfters.evaluate(RunAfters.java:27)
	at org.junit.runners.ParentRunner$3.evaluate(ParentRunner.java:306)
	at org.junit.runners.ParentRunner.run(ParentRunner.java:413)
	at org.junit.runner.JUnitCore.run(JUnitCore.java:137)
	at org.junit.runner.JUnitCore.run(JUnitCore.java:115)
	at org.junit.vintage.engine.execution.RunnerExecutor.execute(RunnerExecutor.java:43)
	at java.util.stream.ForEachOps$ForEachOp$OfRef.accept(ForEachOps.java:183)
	at java.util.stream.ReferencePipeline$3$1.accept(ReferencePipeline.java:193)
	at java.util.Iterator.forEachRemaining(Iterator.java:116)
	at java.util.Spliterators$IteratorSpliterator.forEachRemaining(Spliterators.java:1801)
	at java.util.stream.AbstractPipeline.copyInto(AbstractPipeline.java:482)
	at java.util.stream.AbstractPipeline.wrapAndCopyInto(AbstractPipeline.java:472)
	at java.util.stream.ForEachOps$ForEachOp.evaluateSequential(ForEachOps.java:150)
	at java.util.stream.ForEachOps$ForEachOp$OfRef.evaluateSequential(ForEachOps.java:173)
	at java.util.stream.AbstractPipeline.evaluate(AbstractPipeline.java:234)
	at java.util.stream.ReferencePipeline.forEach(ReferencePipeline.java:485)
	at org.junit.vintage.engine.VintageTestEngine.executeAllChildren(VintageTestEngine.java:82)
	at org.junit.vintage.engine.VintageTestEngine.execute(VintageTestEngine.java:73)
	at org.junit.platform.launcher.core.EngineExecutionOrchestrator.execute(EngineExecutionOrchestrator.java:108)
	at org.junit.platform.launcher.core.EngineExecutionOrchestrator.execute(EngineExecutionOrchestrator.java:88)
	at org.junit.platform.launcher.core.EngineExecutionOrchestrator.lambda$execute$0(EngineExecutionOrchestrator.java:54)
	at org.junit.platform.launcher.core.EngineExecutionOrchestrator.withInterceptedStreams(EngineExecutionOrchestrator.java:67)
	at org.junit.platform.launcher.core.EngineExecutionOrchestrator.execute(EngineExecutionOrchestrator.java:52)
	at org.junit.platform.launcher.core.DefaultLauncher.execute(DefaultLauncher.java:96)
	at org.junit.platform.launcher.core.DefaultLauncher.execute(DefaultLauncher.java:75)
	at org.apache.maven.surefire.junitplatform.JUnitPlatformProvider.execute(JUnitPlatformProvider.java:188)
	at org.apache.maven.surefire.junitplatform.JUnitPlatformProvider.invokeAllTests(JUnitPlatformProvider.java:154)
	at org.apache.maven.surefire.junitplatform.JUnitPlatformProvider.invoke(JUnitPlatformProvider.java:124)
	at org.apache.maven.surefire.booter.ForkedBooter.runSuitesInProcess(ForkedBooter.java:428)
	at org.apache.maven.surefire.booter.ForkedBooter.execute(ForkedBooter.java:162)
	at org.apache.maven.surefire.booter.ForkedBooter.run(ForkedBooter.java:562)
	at org.apache.maven.surefire.booter.ForkedBooter.main(ForkedBooter.java:548)
]]></error>
    <system-out><![CDATA[2022-05-17 19:16:11,133 [BlockDeletingService#1] INFO  impl.FilePerChunkStrategy (FilePerChunkStrategy.java:deleteChunk(322)) - Deleted chunk file /home/runner/work/ozone/ozone/hadoop-hdds/container-service/target/test-dir/TestBlockDeletingService/hdds/ce3fb3dd-9903-4e22-a140-0143dfbe9650/current/containerDir128/1652814971066/chunks/block.0.chunk.0 (size 100) for chunk ChunkInfo{chunkName='block.0.chunk.0, offset=0, len=100}
2022-05-17 19:16:11,134 [BlockDeletingService#1] INFO  impl.FilePerChunkStrategy (FilePerChunkStrategy.java:deleteChunk(322)) - Deleted chunk file /home/runner/work/ozone/ozone/hadoop-hdds/container-service/target/test-dir/TestBlockDeletingService/hdds/ce3fb3dd-9903-4e22-a140-0143dfbe9650/current/containerDir128/1652814971066/chunks/block.1.chunk.0 (size 100) for chunk ChunkInfo{chunkName='block.1.chunk.0, offset=0, len=100}
2022-05-17 19:16:11,136 [BlockDeletingService#1] INFO  impl.FilePerChunkStrategy (FilePerChunkStrategy.java:deleteChunk(322)) - Deleted chunk file /home/runner/work/ozone/ozone/hadoop-hdds/container-service/target/test-dir/TestBlockDeletingService/hdds/ce3fb3dd-9903-4e22-a140-0143dfbe9650/current/containerDir128/1652814971066/chunks/block.2.chunk.0 (size 100) for chunk ChunkInfo{chunkName='block.2.chunk.0, offset=0, len=100}
2022-05-17 19:16:11,137 [BlockDeletingService#1] WARN  utils.BackgroundService (BackgroundService.java:lambda$run$0(121)) - BlockDeletingService Background task execution took 4275583ns > 1ns(timeout)
]]></system-out>
  </testcase>
  <testcase name="testBlockDeletionTimeout" classname="TestBlockDeletingService" time="0.268">
    <system-out><![CDATA[2022-05-17 19:16:13,765 [BlockDeletingService#1] INFO  impl.FilePerChunkStrategy (FilePerChunkStrategy.java:deleteChunk(322)) - Deleted chunk file /home/runner/work/ozone/ozone/hadoop-hdds/container-service/target/test-dir/TestBlockDeletingService/hdds/ce3fb3dd-9903-4e22-a140-0143dfbe9650/current/containerDir133/1652814973711/chunks/block.0.chunk.0 (size 100) for chunk ChunkInfo{chunkName='block.0.chunk.0, offset=0, len=100}
2022-05-17 19:16:13,765 [BlockDeletingService#1] INFO  impl.FilePerChunkStrategy (FilePerChunkStrategy.java:deleteChunk(322)) - Deleted chunk file /home/runner/work/ozone/ozone/hadoop-hdds/container-service/target/test-dir/TestBlockDeletingService/hdds/ce3fb3dd-9903-4e22-a140-0143dfbe9650/current/containerDir133/1652814973711/chunks/block.1.chunk.0 (size 100) for chunk ChunkInfo{chunkName='block.1.chunk.0, offset=0, len=100}
2022-05-17 19:16:13,765 [BlockDeletingService#1] INFO  impl.FilePerChunkStrategy (FilePerChunkStrategy.java:deleteChunk(322)) - Deleted chunk file /home/runner/work/ozone/ozone/hadoop-hdds/container-service/target/test-dir/TestBlockDeletingService/hdds/ce3fb3dd-9903-4e22-a140-0143dfbe9650/current/containerDir133/1652814973711/chunks/block.2.chunk.0 (size 100) for chunk ChunkInfo{chunkName='block.2.chunk.0, offset=0, len=100}
2022-05-17 19:16:13,765 [BlockDeletingService#1] WARN  utils.BackgroundService (BackgroundService.java:lambda$run$0(121)) - BlockDeletingService Background task execution took 2124792ns > 1ns(timeout)
2022-05-17 19:16:13,862 [main] INFO  utils.BackgroundService (BackgroundService.java:shutdown(132)) - Shutting down service BlockDeletingService
2022-05-17 19:16:13,938 [main] INFO  utils.BackgroundService (BackgroundService.java:shutdown(132)) - Shutting down service BlockDeletingService
]]></system-out>
  </testcase>
  <testcase name="testBlockDeletionTimeout" classname="TestBlockDeletingService" time="0.256">
    <system-out><![CDATA[2022-05-17 19:16:15,473 [BlockDeletingService#1] INFO  impl.FilePerBlockStrategy (FilePerBlockStrategy.java:deleteChunk(232)) - Deleted block file: /home/runner/work/ozone/ozone/hadoop-hdds/container-service/target/test-dir/TestBlockDeletingService/hdds/ce3fb3dd-9903-4e22-a140-0143dfbe9650/current/containerDir136/1652814975432/chunks/1652814975459.block
2022-05-17 19:16:15,473 [BlockDeletingService#1] INFO  impl.FilePerBlockStrategy (FilePerBlockStrategy.java:deleteChunk(232)) - Deleted block file: /home/runner/work/ozone/ozone/hadoop-hdds/container-service/target/test-dir/TestBlockDeletingService/hdds/ce3fb3dd-9903-4e22-a140-0143dfbe9650/current/containerDir136/1652814975432/chunks/1652814975462.block
2022-05-17 19:16:15,474 [BlockDeletingService#1] INFO  impl.FilePerBlockStrategy (FilePerBlockStrategy.java:deleteChunk(232)) - Deleted block file: /home/runner/work/ozone/ozone/hadoop-hdds/container-service/target/test-dir/TestBlockDeletingService/hdds/ce3fb3dd-9903-4e22-a140-0143dfbe9650/current/containerDir136/1652814975432/chunks/1652814975464.block
2022-05-17 19:16:15,474 [BlockDeletingService#1] WARN  utils.BackgroundService (BackgroundService.java:lambda$run$0(121)) - BlockDeletingService Background task execution took 5737377ns > 1ns(timeout)
2022-05-17 19:16:15,567 [main] INFO  utils.BackgroundService (BackgroundService.java:shutdown(132)) - Shutting down service BlockDeletingService
2022-05-17 19:16:15,640 [main] INFO  utils.BackgroundService (BackgroundService.java:shutdown(132)) - Shutting down service BlockDeletingService
]]></system-out>
  </testcase>
  <testcase name="testBlockDeletionTimeout" classname="TestBlockDeletingService" time="0.252">
    <system-out><![CDATA[2022-05-17 19:16:17,252 [BlockDeletingService#1] INFO  impl.FilePerBlockStrategy (FilePerBlockStrategy.java:deleteChunk(232)) - Deleted block file: /home/runner/work/ozone/ozone/hadoop-hdds/container-service/target/test-dir/TestBlockDeletingService/hdds/ce3fb3dd-9903-4e22-a140-0143dfbe9650/current/containerDir140/1652814977211/chunks/1652814977238.block
2022-05-17 19:16:17,252 [BlockDeletingService#1] INFO  impl.FilePerBlockStrategy (FilePerBlockStrategy.java:deleteChunk(232)) - Deleted block file: /home/runner/work/ozone/ozone/hadoop-hdds/container-service/target/test-dir/TestBlockDeletingService/hdds/ce3fb3dd-9903-4e22-a140-0143dfbe9650/current/containerDir140/1652814977211/chunks/1652814977241.block
2022-05-17 19:16:17,253 [BlockDeletingService#1] INFO  impl.FilePerBlockStrategy (FilePerBlockStrategy.java:deleteChunk(232)) - Deleted block file: /home/runner/work/ozone/ozone/hadoop-hdds/container-service/target/test-dir/TestBlockDeletingService/hdds/ce3fb3dd-9903-4e22-a140-0143dfbe9650/current/containerDir140/1652814977211/chunks/1652814977244.block
2022-05-17 19:16:17,253 [BlockDeletingService#1] WARN  utils.BackgroundService (BackgroundService.java:lambda$run$0(121)) - BlockDeletingService Background task execution took 1462694ns > 1ns(timeout)
2022-05-17 19:16:17,350 [main] INFO  utils.BackgroundService (BackgroundService.java:shutdown(132)) - Shutting down service BlockDeletingService
2022-05-17 19:16:17,423 [main] INFO  utils.BackgroundService (BackgroundService.java:shutdown(132)) - Shutting down service BlockDeletingService
]]></system-out>
  </testcase>
  <testcase name="testBlockDeletion" classname="TestBlockDeletingService" time="0.307">
    <system-out><![CDATA[2022-05-17 19:16:12,266 [BlockDeletingService#0] INFO  impl.FilePerChunkStrategy (FilePerChunkStrategy.java:deleteChunk(322)) - Deleted chunk file /home/runner/work/ozone/ozone/hadoop-hdds/container-service/target/test-dir/TestBlockDeletingService/hdds/ce3fb3dd-9903-4e22-a140-0143dfbe9650/current/containerDir130/1652814972202/chunks/block.0.chunk.0 (size 100) for chunk ChunkInfo{chunkName='block.0.chunk.0, offset=0, len=100}
2022-05-17 19:16:12,267 [BlockDeletingService#0] INFO  impl.FilePerChunkStrategy (FilePerChunkStrategy.java:deleteChunk(322)) - Deleted chunk file /home/runner/work/ozone/ozone/hadoop-hdds/container-service/target/test-dir/TestBlockDeletingService/hdds/ce3fb3dd-9903-4e22-a140-0143dfbe9650/current/containerDir130/1652814972202/chunks/block.1.chunk.0 (size 100) for chunk ChunkInfo{chunkName='block.1.chunk.0, offset=0, len=100}
2022-05-17 19:16:12,267 [BlockDeletingService#0] WARN  utils.BackgroundService (BackgroundService.java:lambda$run$0(121)) - BlockDeletingService Background task execution took 6440874ns > 0ns(timeout)
2022-05-17 19:16:12,363 [BlockDeletingService#2] INFO  impl.FilePerChunkStrategy (FilePerChunkStrategy.java:deleteChunk(322)) - Deleted chunk file /home/runner/work/ozone/ozone/hadoop-hdds/container-service/target/test-dir/TestBlockDeletingService/hdds/ce3fb3dd-9903-4e22-a140-0143dfbe9650/current/containerDir130/1652814972202/chunks/block.2.chunk.0 (size 100) for chunk ChunkInfo{chunkName='block.2.chunk.0, offset=0, len=100}
2022-05-17 19:16:12,363 [BlockDeletingService#2] WARN  utils.BackgroundService (BackgroundService.java:lambda$run$0(121)) - BlockDeletingService Background task execution took 2693789ns > 0ns(timeout)
2022-05-17 19:16:12,460 [main] INFO  utils.BackgroundService (BackgroundService.java:shutdown(132)) - Shutting down service BlockDeletingService
]]></system-out>
  </testcase>
  <testcase name="testBlockDeletion" classname="TestBlockDeletingService" time="0.377">
    <system-out><![CDATA[2022-05-17 19:16:14,117 [BlockDeletingService#0] INFO  impl.FilePerChunkStrategy (FilePerChunkStrategy.java:deleteChunk(322)) - Deleted chunk file /home/runner/work/ozone/ozone/hadoop-hdds/container-service/target/test-dir/TestBlockDeletingService/hdds/ce3fb3dd-9903-4e22-a140-0143dfbe9650/current/containerDir134/1652814973981/chunks/block.0.chunk.0 (size 100) for chunk ChunkInfo{chunkName='block.0.chunk.0, offset=0, len=100}
2022-05-17 19:16:14,117 [BlockDeletingService#0] INFO  impl.FilePerChunkStrategy (FilePerChunkStrategy.java:deleteChunk(322)) - Deleted chunk file /home/runner/work/ozone/ozone/hadoop-hdds/container-service/target/test-dir/TestBlockDeletingService/hdds/ce3fb3dd-9903-4e22-a140-0143dfbe9650/current/containerDir134/1652814973981/chunks/block.1.chunk.0 (size 100) for chunk ChunkInfo{chunkName='block.1.chunk.0, offset=0, len=100}
2022-05-17 19:16:14,117 [BlockDeletingService#0] WARN  utils.BackgroundService (BackgroundService.java:lambda$run$0(121)) - BlockDeletingService Background task execution took 1196896ns > 0ns(timeout)
2022-05-17 19:16:14,216 [BlockDeletingService#0] INFO  impl.FilePerChunkStrategy (FilePerChunkStrategy.java:deleteChunk(322)) - Deleted chunk file /home/runner/work/ozone/ozone/hadoop-hdds/container-service/target/test-dir/TestBlockDeletingService/hdds/ce3fb3dd-9903-4e22-a140-0143dfbe9650/current/containerDir134/1652814973981/chunks/block.2.chunk.0 (size 100) for chunk ChunkInfo{chunkName='block.2.chunk.0, offset=0, len=100}
2022-05-17 19:16:14,217 [BlockDeletingService#0] WARN  utils.BackgroundService (BackgroundService.java:lambda$run$0(121)) - BlockDeletingService Background task execution took 770897ns > 0ns(timeout)
2022-05-17 19:16:14,315 [main] INFO  utils.BackgroundService (BackgroundService.java:shutdown(132)) - Shutting down service BlockDeletingService
]]></system-out>
  </testcase>
  <testcase name="testBlockDeletion" classname="TestBlockDeletingService" time="0.375">
    <system-out><![CDATA[2022-05-17 19:16:15,819 [BlockDeletingService#0] INFO  impl.FilePerBlockStrategy (FilePerBlockStrategy.java:deleteChunk(232)) - Deleted block file: /home/runner/work/ozone/ozone/hadoop-hdds/container-service/target/test-dir/TestBlockDeletingService/hdds/ce3fb3dd-9903-4e22-a140-0143dfbe9650/current/containerDir137/1652814975683/chunks/1652814975707.block
2022-05-17 19:16:15,820 [BlockDeletingService#0] INFO  impl.FilePerBlockStrategy (FilePerBlockStrategy.java:deleteChunk(232)) - Deleted block file: /home/runner/work/ozone/ozone/hadoop-hdds/container-service/target/test-dir/TestBlockDeletingService/hdds/ce3fb3dd-9903-4e22-a140-0143dfbe9650/current/containerDir137/1652814975683/chunks/1652814975710.block
2022-05-17 19:16:15,820 [BlockDeletingService#0] WARN  utils.BackgroundService (BackgroundService.java:lambda$run$0(121)) - BlockDeletingService Background task execution took 2028692ns > 0ns(timeout)
2022-05-17 19:16:15,919 [BlockDeletingService#0] INFO  impl.FilePerBlockStrategy (FilePerBlockStrategy.java:deleteChunk(232)) - Deleted block file: /home/runner/work/ozone/ozone/hadoop-hdds/container-service/target/test-dir/TestBlockDeletingService/hdds/ce3fb3dd-9903-4e22-a140-0143dfbe9650/current/containerDir137/1652814975683/chunks/1652814975713.block
2022-05-17 19:16:15,919 [BlockDeletingService#0] WARN  utils.BackgroundService (BackgroundService.java:lambda$run$0(121)) - BlockDeletingService Background task execution took 838197ns > 0ns(timeout)
2022-05-17 19:16:16,017 [main] INFO  utils.BackgroundService (BackgroundService.java:shutdown(132)) - Shutting down service BlockDeletingService
]]></system-out>
  </testcase>
  <testcase name="testBlockDeletion" classname="TestBlockDeletingService" time="0.38">
    <system-out><![CDATA[2022-05-17 19:16:17,604 [BlockDeletingService#0] INFO  impl.FilePerBlockStrategy (FilePerBlockStrategy.java:deleteChunk(232)) - Deleted block file: /home/runner/work/ozone/ozone/hadoop-hdds/container-service/target/test-dir/TestBlockDeletingService/hdds/ce3fb3dd-9903-4e22-a140-0143dfbe9650/current/containerDir140/1652814977466/chunks/1652814977490.block
2022-05-17 19:16:17,604 [BlockDeletingService#0] INFO  impl.FilePerBlockStrategy (FilePerBlockStrategy.java:deleteChunk(232)) - Deleted block file: /home/runner/work/ozone/ozone/hadoop-hdds/container-service/target/test-dir/TestBlockDeletingService/hdds/ce3fb3dd-9903-4e22-a140-0143dfbe9650/current/containerDir140/1652814977466/chunks/1652814977493.block
2022-05-17 19:16:17,604 [BlockDeletingService#0] WARN  utils.BackgroundService (BackgroundService.java:lambda$run$0(121)) - BlockDeletingService Background task execution took 802697ns > 0ns(timeout)
2022-05-17 19:16:17,705 [BlockDeletingService#1] INFO  impl.FilePerBlockStrategy (FilePerBlockStrategy.java:deleteChunk(232)) - Deleted block file: /home/runner/work/ozone/ozone/hadoop-hdds/container-service/target/test-dir/TestBlockDeletingService/hdds/ce3fb3dd-9903-4e22-a140-0143dfbe9650/current/containerDir140/1652814977466/chunks/1652814977496.block
2022-05-17 19:16:17,705 [BlockDeletingService#1] WARN  utils.BackgroundService (BackgroundService.java:lambda$run$0(121)) - BlockDeletingService Background task execution took 2088192ns > 0ns(timeout)
2022-05-17 19:16:17,803 [main] INFO  utils.BackgroundService (BackgroundService.java:shutdown(132)) - Shutting down service BlockDeletingService
]]></system-out>
  </testcase>
  <testcase name="testBlockThrottle" classname="TestBlockDeletingService" time="0.529">
    <system-out><![CDATA[2022-05-17 19:16:12,794 [BlockDeletingService#2] INFO  impl.FilePerChunkStrategy (FilePerChunkStrategy.java:deleteChunk(322)) - Deleted chunk file /home/runner/work/ozone/ozone/hadoop-hdds/container-service/target/test-dir/TestBlockDeletingService/hdds/ce3fb3dd-9903-4e22-a140-0143dfbe9650/current/containerDir131/1652814972576/chunks/block.0.chunk.0 (size 100) for chunk ChunkInfo{chunkName='block.0.chunk.0, offset=0, len=100}
2022-05-17 19:16:12,794 [BlockDeletingService#2] INFO  impl.FilePerChunkStrategy (FilePerChunkStrategy.java:deleteChunk(322)) - Deleted chunk file /home/runner/work/ozone/ozone/hadoop-hdds/container-service/target/test-dir/TestBlockDeletingService/hdds/ce3fb3dd-9903-4e22-a140-0143dfbe9650/current/containerDir131/1652814972576/chunks/block.1.chunk.0 (size 100) for chunk ChunkInfo{chunkName='block.1.chunk.0, offset=0, len=100}
2022-05-17 19:16:12,795 [BlockDeletingService#2] INFO  impl.FilePerChunkStrategy (FilePerChunkStrategy.java:deleteChunk(322)) - Deleted chunk file /home/runner/work/ozone/ozone/hadoop-hdds/container-service/target/test-dir/TestBlockDeletingService/hdds/ce3fb3dd-9903-4e22-a140-0143dfbe9650/current/containerDir131/1652814972576/chunks/block.2.chunk.0 (size 100) for chunk ChunkInfo{chunkName='block.2.chunk.0, offset=0, len=100}
2022-05-17 19:16:12,796 [BlockDeletingService#2] WARN  utils.BackgroundService (BackgroundService.java:lambda$run$0(121)) - BlockDeletingService Background task execution took 7250771ns > 0ns(timeout)
2022-05-17 19:16:12,797 [BlockDeletingService#1] INFO  impl.FilePerChunkStrategy (FilePerChunkStrategy.java:deleteChunk(322)) - Deleted chunk file /home/runner/work/ozone/ozone/hadoop-hdds/container-service/target/test-dir/TestBlockDeletingService/hdds/ce3fb3dd-9903-4e22-a140-0143dfbe9650/current/containerDir131/1652814972645/chunks/block.0.chunk.0 (size 100) for chunk ChunkInfo{chunkName='block.0.chunk.0, offset=0, len=100}
2022-05-17 19:16:12,796 [BlockDeletingService#0] INFO  impl.FilePerChunkStrategy (FilePerChunkStrategy.java:deleteChunk(322)) - Deleted chunk file /home/runner/work/ozone/ozone/hadoop-hdds/container-service/target/test-dir/TestBlockDeletingService/hdds/ce3fb3dd-9903-4e22-a140-0143dfbe9650/current/containerDir131/1652814972613/chunks/block.0.chunk.0 (size 100) for chunk ChunkInfo{chunkName='block.0.chunk.0, offset=0, len=100}
2022-05-17 19:16:12,806 [BlockDeletingService#1] INFO  impl.FilePerChunkStrategy (FilePerChunkStrategy.java:deleteChunk(322)) - Deleted chunk file /home/runner/work/ozone/ozone/hadoop-hdds/container-service/target/test-dir/TestBlockDeletingService/hdds/ce3fb3dd-9903-4e22-a140-0143dfbe9650/current/containerDir131/1652814972645/chunks/block.1.chunk.0 (size 100) for chunk ChunkInfo{chunkName='block.1.chunk.0, offset=0, len=100}
2022-05-17 19:16:12,806 [BlockDeletingService#0] INFO  impl.FilePerChunkStrategy (FilePerChunkStrategy.java:deleteChunk(322)) - Deleted chunk file /home/runner/work/ozone/ozone/hadoop-hdds/container-service/target/test-dir/TestBlockDeletingService/hdds/ce3fb3dd-9903-4e22-a140-0143dfbe9650/current/containerDir131/1652814972613/chunks/block.1.chunk.0 (size 100) for chunk ChunkInfo{chunkName='block.1.chunk.0, offset=0, len=100}
2022-05-17 19:16:12,806 [BlockDeletingService#1] INFO  impl.FilePerChunkStrategy (FilePerChunkStrategy.java:deleteChunk(322)) - Deleted chunk file /home/runner/work/ozone/ozone/hadoop-hdds/container-service/target/test-dir/TestBlockDeletingService/hdds/ce3fb3dd-9903-4e22-a140-0143dfbe9650/current/containerDir131/1652814972645/chunks/block.2.chunk.0 (size 100) for chunk ChunkInfo{chunkName='block.2.chunk.0, offset=0, len=100}
2022-05-17 19:16:12,807 [BlockDeletingService#0] INFO  impl.FilePerChunkStrategy (FilePerChunkStrategy.java:deleteChunk(322)) - Deleted chunk file /home/runner/work/ozone/ozone/hadoop-hdds/container-service/target/test-dir/TestBlockDeletingService/hdds/ce3fb3dd-9903-4e22-a140-0143dfbe9650/current/containerDir131/1652814972613/chunks/block.2.chunk.0 (size 100) for chunk ChunkInfo{chunkName='block.2.chunk.0, offset=0, len=100}
2022-05-17 19:16:12,807 [BlockDeletingService#1] WARN  utils.BackgroundService (BackgroundService.java:lambda$run$0(121)) - BlockDeletingService Background task execution took 11769053ns > 0ns(timeout)
2022-05-17 19:16:12,796 [BlockDeletingService#3] INFO  impl.FilePerChunkStrategy (2022-05-17 19:16:12,807 [BlockDeletingService#0] WARN  utils.BackgroundService (BackgroundService.java:lambda$run$0(121)) - BlockDeletingService Background task execution took 11909952ns > 0ns(timeout)
FilePerChunkStrategy.java:deleteChunk(322)) - Deleted chunk file /home/runner/work/ozone/ozone/hadoop-hdds/container-service/target/test-dir/TestBlockDeletingService/hdds/ce3fb3dd-9903-4e22-a140-0143dfbe9650/current/containerDir131/1652814972507/chunks/block.0.chunk.0 (size 100) for chunk ChunkInfo{chunkName='block.0.chunk.0, offset=0, len=100}
2022-05-17 19:16:12,807 [BlockDeletingService#0] WARN  utils.BackgroundService (BackgroundService.java:lambda$run$0(121)) - BlockDeletingService Background task execution took 11909952ns > 0ns(timeout)
2022-05-17 19:16:12,807 [BlockDeletingService#3] WARN  utils.BackgroundService (BackgroundService.java:lambda$run$0(121)) - BlockDeletingService Background task execution took 13183447ns > 0ns(timeout)
2022-05-17 19:16:12,891 [BlockDeletingService#4] INFO  impl.FilePerChunkStrategy (FilePerChunkStrategy.java:deleteChunk(322)) - Deleted chunk file /home/runner/work/ozone/ozone/hadoop-hdds/container-service/target/test-dir/TestBlockDeletingService/hdds/ce3fb3dd-9903-4e22-a140-0143dfbe9650/current/containerDir131/1652814972542/chunks/block.0.chunk.0 (size 100) for chunk ChunkInfo{chunkName='block.0.chunk.0, offset=0, len=100}
2022-05-17 19:16:12,891 [BlockDeletingService#4] INFO  impl.FilePerChunkStrategy (FilePerChunkStrategy.java:deleteChunk(322)) - Deleted chunk file /home/runner/work/ozone/ozone/hadoop-hdds/container-service/target/test-dir/TestBlockDeletingService/hdds/ce3fb3dd-9903-4e22-a140-0143dfbe9650/current/containerDir131/1652814972542/chunks/block.1.chunk.0 (size 100) for chunk ChunkInfo{chunkName='block.1.chunk.0, offset=0, len=100}
2022-05-17 19:16:12,891 [BlockDeletingService#4] INFO  impl.FilePerChunkStrategy (FilePerChunkStrategy.java:deleteChunk(322)) - Deleted chunk file /home/runner/work/ozone/ozone/hadoop-hdds/container-service/target/test-dir/TestBlockDeletingService/hdds/ce3fb3dd-9903-4e22-a140-0143dfbe9650/current/containerDir131/1652814972542/chunks/block.2.chunk.0 (size 100) for chunk ChunkInfo{chunkName='block.2.chunk.0, offset=0, len=100}
2022-05-17 19:16:12,892 [BlockDeletingService#4] WARN  utils.BackgroundService (BackgroundService.java:lambda$run$0(121)) - BlockDeletingService Background task execution took 6014876ns > 0ns(timeout)
2022-05-17 19:16:12,894 [BlockDeletingService#1] INFO  impl.FilePerChunkStrategy (FilePerChunkStrategy.java:deleteChunk(322)) - Deleted chunk file /home/runner/work/ozone/ozone/hadoop-hdds/container-service/target/test-dir/TestBlockDeletingService/hdds/ce3fb3dd-9903-4e22-a140-0143dfbe9650/current/containerDir131/1652814972507/chunks/block.1.chunk.0 (size 100) for chunk ChunkInfo{chunkName='block.1.chunk.0, offset=0, len=100}
2022-05-17 19:16:12,894 [BlockDeletingService#1] INFO  impl.FilePerChunkStrategy (FilePerChunkStrategy.java:deleteChunk(322)) - Deleted chunk file /home/runner/work/ozone/ozone/hadoop-hdds/container-service/target/test-dir/TestBlockDeletingService/hdds/ce3fb3dd-9903-4e22-a140-0143dfbe9650/current/containerDir131/1652814972507/chunks/block.2.chunk.0 (size 100) for chunk ChunkInfo{chunkName='block.2.chunk.0, offset=0, len=100}
2022-05-17 19:16:12,894 [BlockDeletingService#1] WARN  utils.BackgroundService (BackgroundService.java:lambda$run$0(121)) - BlockDeletingService Background task execution took 1164895ns > 0ns(timeout)
2022-05-17 19:16:12,986 [Time-limited test] INFO  utils.BackgroundService (BackgroundService.java:shutdown(132)) - Shutting down service BlockDeletingService
]]></system-out>
  </testcase>
  <testcase name="testBlockThrottle" classname="TestBlockDeletingService" time="0.512">
    <system-out><![CDATA[2022-05-17 19:16:14,635 [BlockDeletingService#1] INFO  impl.FilePerChunkStrategy (FilePerChunkStrategy.java:deleteChunk(322)) - Deleted chunk file /home/runner/work/ozone/ozone/hadoop-hdds/container-service/target/test-dir/TestBlockDeletingService/hdds/ce3fb3dd-9903-4e22-a140-0143dfbe9650/current/containerDir134/1652814974358/chunks/block.0.chunk.0 (size 100) for chunk ChunkInfo{chunkName='block.0.chunk.0, offset=0, len=100}
2022-05-17 19:16:14,635 [BlockDeletingService#1] INFO  impl.FilePerChunkStrategy (FilePerChunkStrategy.java:deleteChunk(322)) - Deleted chunk file /home/runner/work/ozone/ozone/hadoop-hdds/container-service/target/test-dir/TestBlockDeletingService/hdds/ce3fb3dd-9903-4e22-a140-0143dfbe9650/current/containerDir134/1652814974358/chunks/block.1.chunk.0 (size 100) for chunk ChunkInfo{chunkName='block.1.chunk.0, offset=0, len=100}
2022-05-17 19:16:14,635 [BlockDeletingService#1] INFO  impl.FilePerChunkStrategy (FilePerChunkStrategy.java:deleteChunk(322)) - Deleted chunk file /home/runner/work/ozone/ozone/hadoop-hdds/container-service/target/test-dir/TestBlockDeletingService/hdds/ce3fb3dd-9903-4e22-a140-0143dfbe9650/current/containerDir134/1652814974358/chunks/block.2.chunk.0 (size 100) for chunk ChunkInfo{chunkName='block.2.chunk.0, offset=0, len=100}
2022-05-17 19:16:14,636 [BlockDeletingService#1] WARN  utils.BackgroundService (BackgroundService.java:lambda$run$0(121)) - BlockDeletingService Background task execution took 6231575ns > 0ns(timeout)
2022-05-17 19:16:14,637 [BlockDeletingService#0] INFO  impl.FilePerChunkStrategy (FilePerChunkStrategy.java:deleteChunk(322)) - Deleted chunk file /home/runner/work/ozone/ozone/hadoop-hdds/container-service/target/test-dir/TestBlockDeletingService/hdds/ce3fb3dd-9903-4e22-a140-0143dfbe9650/current/containerDir134/1652814974394/chunks/block.0.chunk.0 (size 100) for chunk ChunkInfo{chunkName='block.0.chunk.0, offset=0, len=100}
2022-05-17 19:16:14,637 [BlockDeletingService#0] INFO  impl.FilePerChunkStrategy (FilePerChunkStrategy.java:deleteChunk(322)) - Deleted chunk file /home/runner/work/ozone/ozone/hadoop-hdds/container-service/target/test-dir/TestBlockDeletingService/hdds/ce3fb3dd-9903-4e22-a140-0143dfbe9650/current/containerDir134/1652814974394/chunks/block.1.chunk.0 (size 100) for chunk ChunkInfo{chunkName='block.1.chunk.0, offset=0, len=100}
2022-05-17 19:16:14,637 [BlockDeletingService#0] INFO  impl.FilePerChunkStrategy (FilePerChunkStrategy.java:deleteChunk(322)) - Deleted chunk file /home/runner/work/ozone/ozone/hadoop-hdds/container-service/target/test-dir/TestBlockDeletingService/hdds/ce3fb3dd-9903-4e22-a140-0143dfbe9650/current/containerDir134/1652814974394/chunks/block.2.chunk.0 (size 100) for chunk ChunkInfo{chunkName='block.2.chunk.0, offset=0, len=100}
2022-05-17 19:16:14,637 [BlockDeletingService#0] WARN  utils.BackgroundService (BackgroundService.java:lambda$run$0(121)) - BlockDeletingService Background task execution took 2325990ns > 0ns(timeout)
2022-05-17 19:16:14,638 [BlockDeletingService#3] INFO  impl.FilePerChunkStrategy (FilePerChunkStrategy.java:deleteChunk(322)) - Deleted chunk file /home/runner/work/ozone/ozone/hadoop-hdds/container-service/target/test-dir/TestBlockDeletingService/hdds/ce3fb3dd-9903-4e22-a140-0143dfbe9650/current/containerDir134/1652814974457/chunks/block.0.chunk.0 (size 100) for chunk ChunkInfo{chunkName='block.0.chunk.0, offset=0, len=100}
2022-05-17 19:16:14,639 [BlockDeletingService#3] WARN  utils.BackgroundService (2022-05-17 19:16:14,639 [BlockDeletingService#3] WARN  utils.BackgroundService (BackgroundService.java:lambda$run$0(121)) - BlockDeletingService Background task execution took 4317383ns > 0ns(timeout)
2022-05-17 19:16:14,639 [BlockDeletingService#2] INFO  impl.FilePerChunkStrategy (FilePerChunkStrategy.java:deleteChunk(322)) - Deleted chunk file /home/runner/work/ozone/ozone/hadoop-hdds/container-service/target/test-dir/TestBlockDeletingService/hdds/ce3fb3dd-9903-4e22-a140-0143dfbe9650/current/containerDir134/1652814974426/chunks/block.1.chunk.0 (size 100) for chunk ChunkInfo{chunkName='block.1.chunk.0, offset=0, len=100}
2022-05-17 19:16:14,639 [BlockDeletingService#2] INFO  impl.FilePerChunkStrategy (FilePerChunkStrategy.java:deleteChunk(322)) - Deleted chunk file /home/runner/work/ozone/ozone/hadoop-hdds/container-service/target/test-dir/TestBlockDeletingService/hdds/ce3fb3dd-9903-4e22-a140-0143dfbe9650/current/containerDir134/1652814974426/chunks/block.2.chunk.0 (size 100) for chunk ChunkInfo{chunkName='block.2.chunk.0, offset=0, len=100}
2022-05-17 19:16:14,639 [BlockDeletingService#2] WARN  utils.BackgroundService (BackgroundService.java:lambda$run$0(121)) - BlockDeletingService Background task execution took 3844085ns > 0ns(timeout)
2022-05-17 19:16:14,728 [BlockDeletingService#0] INFO  impl.FilePerChunkStrategy (FilePerChunkStrategy.java:deleteChunk(322)) - Deleted chunk file /home/runner/work/ozone/ozone/hadoop-hdds/container-service/target/test-dir/TestBlockDeletingService/hdds/ce3fb3dd-9903-4e22-a140-0143dfbe9650/current/containerDir135/1652814974492/chunks/block.0.chunk.0 (size 100) for chunk ChunkInfo{chunkName='block.0.chunk.0, offset=0, len=100}
2022-05-17 19:16:14,728 [BlockDeletingService#0] INFO  impl.FilePerChunkStrategy (FilePerChunkStrategy.java:deleteChunk(322)) - Deleted chunk file /home/runner/work/ozone/ozone/hadoop-hdds/container-service/target/test-dir/TestBlockDeletingService/hdds/ce3fb3dd-9903-4e22-a140-0143dfbe9650/current/containerDir135/1652814974492/chunks/block.1.chunk.0 (size 100) for chunk ChunkInfo{chunkName='block.1.chunk.0, offset=0, len=100}
2022-05-17 19:16:14,728 [BlockDeletingService#6] INFO  impl.FilePerChunkStrategy (FilePerChunkStrategy.java:deleteChunk(322)) - Deleted chunk file /home/runner/work/ozone/ozone/hadoop-hdds/container-service/target/test-dir/TestBlockDeletingService/hdds/ce3fb3dd-9903-4e22-a140-0143dfbe9650/current/containerDir134/1652814974457/chunks/block.1.chunk.0 (size 100) for chunk ChunkInfo{chunkName='block.1.chunk.0, offset=0, len=100}
2022-05-17 19:16:14,729 [BlockDeletingService#0] INFO  impl.FilePerChunkStrategy (FilePerChunkStrategy.java:deleteChunk(322)) - Deleted chunk file /home/runner/work/ozone/ozone/hadoop-hdds/container-service/target/test-dir/TestBlockDeletingService/hdds/ce3fb3dd-9903-4e22-a140-0143dfbe9650/current/containerDir135/1652814974492/chunks/block.2.chunk.0 (size 100) for chunk ChunkInfo{chunkName='block.2.chunk.0, offset=0, len=100}
2022-05-17 19:16:14,729 [BlockDeletingService#6] INFO  impl.FilePerChunkStrategy (FilePerChunkStrategy.java:deleteChunk(322)) - Deleted chunk file /home/runner/work/ozone/ozone/hadoop-hdds/container-service/target/test-dir/TestBlockDeletingService/hdds/ce3fb3dd-9903-4e22-a140-0143dfbe9650/current/containerDir134/1652814974457/chunks/block.2.chunk.0 (size 100) for chunk ChunkInfo{chunkName='block.2.chunk.0, offset=0, len=100}
2022-05-17 19:16:14,729 [BlockDeletingService#0] WARN  utils.BackgroundService (BackgroundService.java:lambda$run$0(121)) - BlockDeletingService Background task execution took 1153795ns > 0ns(timeout)
2022-05-17 19:16:14,729 [BlockDeletingService#6] WARN  utils.BackgroundService (BackgroundService.java:lambda$run$0(121)) - BlockDeletingService Background task execution took 1043896ns > 0ns(timeout)
2022-05-17 19:16:14,827 [Time-limited test] INFO  utils.BackgroundService (BackgroundService.java:shutdown(132)) - Shutting down service BlockDeletingService
]]></system-out>
  </testcase>
  <testcase name="testBlockThrottle" classname="TestBlockDeletingService" time="0.512">
    <system-out><![CDATA[2022-05-17 19:16:16,337 [BlockDeletingService#0] INFO  impl.FilePerBlockStrategy (FilePerBlockStrategy.java:deleteChunk(232)) - Deleted block file: /home/runner/work/ozone/ozone/hadoop-hdds/container-service/target/test-dir/TestBlockDeletingService/hdds/ce3fb3dd-9903-4e22-a140-0143dfbe9650/current/containerDir138/1652814976198/chunks/1652814976221.block
2022-05-17 19:16:16,337 [BlockDeletingService#0] INFO  impl.FilePerBlockStrategy (FilePerBlockStrategy.java:deleteChunk(232)) - Deleted block file: /home/runner/work/ozone/ozone/hadoop-hdds/container-service/target/test-dir/TestBlockDeletingService/hdds/ce3fb3dd-9903-4e22-a140-0143dfbe9650/current/containerDir138/1652814976198/chunks/1652814976224.block
2022-05-17 19:16:16,337 [BlockDeletingService#0] INFO  impl.FilePerBlockStrategy (FilePerBlockStrategy.java:deleteChunk(232)) - Deleted block file: /home/runner/work/ozone/ozone/hadoop-hdds/container-service/target/test-dir/TestBlockDeletingService/hdds/ce3fb3dd-9903-4e22-a140-0143dfbe9650/current/containerDir138/1652814976198/chunks/1652814976227.block
2022-05-17 19:16:16,337 [BlockDeletingService#0] WARN  utils.BackgroundService (BackgroundService.java:lambda$run$0(121)) - BlockDeletingService Background task execution took 5813577ns > 0ns(timeout)
2022-05-17 19:16:16,338 [BlockDeletingService#2] INFO  impl.FilePerBlockStrategy (FilePerBlockStrategy.java:deleteChunk(232)) - Deleted block file: /home/runner/work/ozone/ozone/hadoop-hdds/container-service/target/test-dir/TestBlockDeletingService/hdds/ce3fb3dd-9903-4e22-a140-0143dfbe9650/current/containerDir138/1652814976094/chunks/1652814976118.block
2022-05-17 19:16:16,338 [BlockDeletingService#2] WARN  utils.BackgroundService (BackgroundService.java:lambda$run$0(121)) - BlockDeletingService Background task execution took 6800973ns > 0ns(timeout)
2022-05-17 19:16:16,338 [BlockDeletingService#3] INFO  impl.FilePerBlockStrategy (FilePerBlockStrategy.java:deleteChunk(232)) - Deleted block file: /home/runner/work/ozone/ozone/hadoop-hdds/container-service/target/test-dir/TestBlockDeletingService/hdds/ce3fb3dd-9903-4e22-a140-0143dfbe9650/current/containerDir138/1652814976168/chunks/1652814976192.block
2022-05-17 19:16:16,338 [BlockDeletingService#3] INFO  impl.FilePerBlockStrategy (FilePerBlockStrategy.java:deleteChunk(232)) - Deleted block file: /home/runner/work/ozone/ozone/hadoop-hdds/container-service/target/test-dir/TestBlockDeletingService/hdds/ce3fb3dd-9903-4e22-a140-0143dfbe9650/current/containerDir138/1652814976168/chunks/1652814976195.block
2022-05-17 19:16:16,338 [BlockDeletingService#3] INFO  impl.FilePerBlockStrategy (FilePerBlockStrategy.java:deleteChunk(232)) - Deleted block file: /home/runner/work/ozone/ozone/hadoop-hdds/container-service/target/test-dir/TestBlockDeletingService/hdds/ce3fb3dd-9903-4e22-a140-0143dfbe9650/current/containerDir138/1652814976168/chunks/1652814976197.block
2022-05-17 19:16:16,338 [BlockDeletingService#3] WARN  utils.BackgroundService (BackgroundService.java:lambda$run$0(121)) - BlockDeletingService Background task execution took 7121772ns > 0ns(timeout)
2022-05-17 19:16:16,339 [BlockDeletingService#1] INFO  impl.FilePerBlockStrategy (FilePerBlockStrategy.java:deleteChunk(232)) - Deleted block file: /home/runner/work/ozone/ozone/hadoop-hdds/container-service/target/test-dir/TestBlockDeletingService/hdds/ce3fb3dd-9903-4e22-a140-0143dfbe9650/current/containerDir138/1652814976064/chunks/1652814976088.block
2022-05-17 19:16:16,339 [BlockDeletingService#1] INFO  impl.FilePerBlockStrategy (FilePerBlockStrategy.java:deleteChunk(232)) - Deleted block file: /home/runner/work/ozone/ozone/hadoop-hdds/container-service/target/test-dir/TestBlockDeletingService/hdds/ce3fb3dd-9903-4e22-a140-0143dfbe9650/current/containerDir138/1652814976064/chunks/1652814976091.block
2022-05-17 19:16:16,339 [BlockDeletingService#1] INFO  impl.FilePerBlockStrategy (FilePerBlockStrategy.java:deleteChunk(232)) - Deleted block file: /home/runner/work/ozone/ozone/hadoop-hdds/container-service/target/test-dir/TestBlockDeletingService/hdds/ce3fb3dd-9903-4e22-a140-0143dfbe9650/current/containerDir138/1652814976064/chunks/1652814976093.block
2022-05-17 19:16:16,339 [BlockDeletingService#1] WARN  utils.BackgroundService (BackgroundService.java:lambda$run$0(121)) - BlockDeletingService Background task execution took 8167267ns > 0ns(timeout)
2022-05-17 19:16:16,431 [BlockDeletingService#6] INFO  impl.FilePerBlockStrategy (FilePerBlockStrategy.java:deleteChunk(232)) - Deleted block file: /home/runner/work/ozone/ozone/hadoop-hdds/container-service/target/test-dir/TestBlockDeletingService/hdds/ce3fb3dd-9903-4e22-a140-0143dfbe9650/current/containerDir138/1652814976124/chunks/1652814976161.block
2022-05-17 19:16:16,431 [BlockDeletingService#6] INFO  impl.FilePerBlockStrategy (FilePerBlockStrategy.java:deleteChunk(232)) - Deleted block file: /home/runner/work/ozone/ozone/hadoop-hdds/container-service/target/test-dir/TestBlockDeletingService/hdds/ce3fb3dd-9903-4e22-a140-0143dfbe9650/current/containerDir138/1652814976124/chunks/1652814976164.block
2022-05-17 19:16:16,432 [BlockDeletingService#6] INFO  impl.FilePerBlockStrategy (FilePerBlockStrategy.java:deleteChunk(232)) - Deleted block file: /home/runner/work/ozone/ozone/hadoop-hdds/container-service/target/test-dir/TestBlockDeletingService/hdds/ce3fb3dd-9903-4e22-a140-0143dfbe9650/current/containerDir138/1652814976124/chunks/1652814976167.block
2022-05-17 19:16:16,432 [BlockDeletingService#6] WARN  utils.BackgroundService (BackgroundService.java:lambda$run$0(121)) - BlockDeletingService Background task execution took 1172795ns > 0ns(timeout)
2022-05-17 19:16:16,432 [BlockDeletingService#6] INFO  impl.FilePerBlockStrategy (FilePerBlockStrategy.java:deleteChunk(232)) - Deleted block file: /home/runner/work/ozone/ozone/hadoop-hdds/container-service/target/test-dir/TestBlockDeletingService/hdds/ce3fb3dd-9903-4e22-a140-0143dfbe9650/current/containerDir138/1652814976094/chunks/1652814976121.block
2022-05-17 19:16:16,432 [BlockDeletingService#6] INFO  impl.FilePerBlockStrategy (FilePerBlockStrategy.java:deleteChunk(232)) - Deleted block file: /home/runner/work/ozone/ozone/hadoop-hdds/container-service/target/test-dir/TestBlockDeletingService/hdds/ce3fb3dd-9903-4e22-a140-0143dfbe9650/current/containerDir138/1652814976094/chunks/1652814976123.block
2022-05-17 19:16:16,432 [BlockDeletingService#6] WARN  utils.BackgroundService (BackgroundService.java:lambda$run$0(121)) - BlockDeletingService Background task execution took 668897ns > 0ns(timeout)
2022-05-17 19:16:16,529 [Time-limited test] INFO  utils.BackgroundService (BackgroundService.java:shutdown(132)) - Shutting down service BlockDeletingService
]]></system-out>
  </testcase>
  <testcase name="testBlockThrottle" classname="TestBlockDeletingService" time="0.499">
    <system-out><![CDATA[2022-05-17 19:16:18,110 [BlockDeletingService#1] INFO  impl.FilePerBlockStrategy (FilePerBlockStrategy.java:deleteChunk(232)) - Deleted block file: /home/runner/work/ozone/ozone/hadoop-hdds/container-service/target/test-dir/TestBlockDeletingService/hdds/ce3fb3dd-9903-4e22-a140-0143dfbe9650/current/containerDir141/1652814977941/chunks/1652814977966.block
2022-05-17 19:16:18,110 [BlockDeletingService#1] INFO  impl.FilePerBlockStrategy (FilePerBlockStrategy.java:deleteChunk(232)) - Deleted block file: /home/runner/work/ozone/ozone/hadoop-hdds/container-service/target/test-dir/TestBlockDeletingService/hdds/ce3fb3dd-9903-4e22-a140-0143dfbe9650/current/containerDir141/1652814977941/chunks/1652814977969.block
2022-05-17 19:16:18,111 [BlockDeletingService#1] INFO  impl.FilePerBlockStrategy (FilePerBlockStrategy.java:deleteChunk(232)) - Deleted block file: /home/runner/work/ozone/ozone/hadoop-hdds/container-service/target/test-dir/TestBlockDeletingService/hdds/ce3fb3dd-9903-4e22-a140-0143dfbe9650/current/containerDir141/1652814977941/chunks/1652814977971.block
2022-05-17 19:16:18,111 [BlockDeletingService#1] WARN  utils.BackgroundService (BackgroundService.java:lambda$run$0(121)) - BlockDeletingService Background task execution took 6088576ns > 0ns(timeout)
2022-05-17 19:16:18,111 [BlockDeletingService#1] INFO  impl.FilePerBlockStrategy (FilePerBlockStrategy.java:deleteChunk(232)) - Deleted block file: /home/runner/work/ozone/ozone/hadoop-hdds/container-service/target/test-dir/TestBlockDeletingService/hdds/ce3fb3dd-9903-4e22-a140-0143dfbe9650/current/containerDir141/1652814977882/chunks/1652814977906.block
2022-05-17 19:16:18,111 [BlockDeletingService#1] INFO  impl.FilePerBlockStrategy (FilePerBlockStrategy.java:deleteChunk(232)) - Deleted block file: /home/runner/work/ozone/ozone/hadoop-hdds/container-service/target/test-dir/TestBlockDeletingService/hdds/ce3fb3dd-9903-4e22-a140-0143dfbe9650/current/containerDir141/1652814977882/chunks/1652814977908.block
2022-05-17 19:16:18,112 [BlockDeletingService#1] INFO  impl.FilePerBlockStrategy (FilePerBlockStrategy.java:deleteChunk(232)) - Deleted block file: /home/runner/work/ozone/ozone/hadoop-hdds/container-service/target/test-dir/TestBlockDeletingService/hdds/ce3fb3dd-9903-4e22-a140-0143dfbe9650/current/containerDir141/1652814977882/chunks/1652814977911.block
2022-05-17 19:16:18,112 [BlockDeletingService#1] WARN  utils.BackgroundService (BackgroundService.java:lambda$run$0(121)) - BlockDeletingService Background task execution took 864397ns > 0ns(timeout)
2022-05-17 19:16:18,114 [BlockDeletingService#2] INFO  impl.FilePerBlockStrategy (FilePerBlockStrategy.java:deleteChunk(232)) - Deleted block file: /home/runner/work/ozone/ozone/hadoop-hdds/container-service/target/test-dir/TestBlockDeletingService/hdds/ce3fb3dd-9903-4e22-a140-0143dfbe9650/current/containerDir141/1652814977912/chunks/1652814977935.block
2022-05-17 19:16:18,114 [BlockDeletingService#2] WARN  utils.BackgroundService (BackgroundService.java:lambda$run$0(121)) - BlockDeletingService Background task execution took 8863365ns > 0ns(timeout)
2022-05-17 19:16:18,114 [BlockDeletingService#3] INFO  impl.FilePerBlockStrategy (FilePerBlockStrategy.java:deleteChunk(232)) - Deleted block file: /home/runner/work/ozone/ozone/hadoop-hdds/container-service/target/test-dir/TestBlockDeletingService/hdds/ce3fb3dd-9903-4e22-a140-0143dfbe9650/current/containerDir141/1652814977972/chunks/1652814977995.block
2022-05-17 19:16:18,115 [BlockDeletingService#3] INFO  impl.FilePerBlockStrategy (FilePerBlockStrategy.java:deleteChunk(232)) - Deleted block file: /home/runner/work/ozone/ozone/hadoop-hdds/container-service/target/test-dir/TestBlockDeletingService/hdds/ce3fb3dd-9903-4e22-a140-0143dfbe9650/current/containerDir141/1652814977972/chunks/1652814977998.block
2022-05-17 19:16:18,115 [BlockDeletingService#3] INFO  impl.FilePerBlockStrategy (FilePerBlockStrategy.java:deleteChunk(232)) - Deleted block file: /home/runner/work/ozone/ozone/hadoop-hdds/container-service/target/test-dir/TestBlockDeletingService/hdds/ce3fb3dd-9903-4e22-a140-0143dfbe9650/current/containerDir141/1652814977972/chunks/1652814978001.block
2022-05-17 19:16:18,115 [BlockDeletingService#3] WARN  utils.BackgroundService (BackgroundService.java:lambda$run$0(121)) - BlockDeletingService Background task execution took 3624385ns > 0ns(timeout)
2022-05-17 19:16:18,204 [BlockDeletingService#0] INFO  impl.FilePerBlockStrategy (FilePerBlockStrategy.java:deleteChunk(232)) - Deleted block file: /home/runner/work/ozone/ozone/hadoop-hdds/container-service/target/test-dir/TestBlockDeletingService/hdds/ce3fb3dd-9903-4e22-a140-0143dfbe9650/current/containerDir141/1652814977848/chunks/1652814977875.block
2022-05-17 19:16:18,204 [BlockDeletingService#0] INFO  impl.FilePerBlockStrategy (FilePerBlockStrategy.java:deleteChunk(232)) - Deleted block file: /home/runner/work/ozone/ozone/hadoop-hdds/container-service/target/test-dir/TestBlockDeletingService/hdds/ce3fb3dd-9903-4e22-a140-0143dfbe9650/current/containerDir141/1652814977848/chunks/1652814977878.block
2022-05-17 19:16:18,205 [BlockDeletingService#4] INFO  impl.FilePerBlockStrategy (FilePerBlockStrategy.java:deleteChunk(232)) - Deleted block file: /home/runner/work/ozone/ozone/hadoop-hdds/container-service/target/test-dir/TestBlockDeletingService/hdds/ce3fb3dd-9903-4e22-a140-0143dfbe9650/current/containerDir141/1652814977912/chunks/1652814977938.block
2022-05-17 19:16:18,205 [BlockDeletingService#0] INFO  impl.FilePerBlockStrategy (FilePerBlockStrategy.java:deleteChunk(232)) - Deleted block file: /home/runner/work/ozone/ozone/hadoop-hdds/container-service/target/test-dir/TestBlockDeletingService/hdds/ce3fb3dd-9903-4e22-a140-0143dfbe9650/current/containerDir141/1652814977848/chunks/1652814977881.block
2022-05-17 19:16:18,205 [BlockDeletingService#4] INFO  impl.FilePerBlockStrategy (FilePerBlockStrategy.java:deleteChunk(232)) - Deleted block file: /home/runner/work/ozone/ozone/hadoop-hdds/container-service/target/test-dir/TestBlockDeletingService/hdds/ce3fb3dd-9903-4e22-a140-0143dfbe9650/current/containerDir141/1652814977912/chunks/1652814977941.block
2022-05-17 19:16:18,205 [BlockDeletingService#0] WARN  utils.BackgroundService (BackgroundService.java:lambda$run$0(121)) - BlockDeletingService Background task execution took 977296ns > 0ns(timeout)
2022-05-17 19:16:18,205 [BlockDeletingService#4] WARN  utils.BackgroundService (BackgroundService.java:lambda$run$0(121)) - BlockDeletingService Background task execution took 886296ns > 0ns(timeout)
2022-05-17 19:16:18,303 [Time-limited test] INFO  utils.BackgroundService (BackgroundService.java:shutdown(132)) - Shutting down service BlockDeletingService
]]></system-out>
  </testcase>
</testsuite>