<?xml version="1.0" encoding="UTF-8"?>
<testsuite xmlns:xsi="http://www.w3.org/2001/XMLSchema-instance" xsi:noNamespaceSchemaLocation="https://maven.apache.org/surefire/maven-surefire-plugin/xsd/surefire-test-report-3.0.xsd" version="3.0" name="org.apache.hadoop.fs.ozone.TestRootedOzoneFileSystemWithFSO" time="136.166" tests="72" errors="1" skipped="18" failures="1">
  <properties>
    <property name="awt.toolkit" value="sun.awt.X11.XToolkit"/>
    <property name="file.encoding.pkg" value="sun.io"/>
    <property name="java.specification.version" value="1.8"/>
    <property name="sun.cpu.isalist" value=""/>
    <property name="sun.jnu.encoding" value="UTF-8"/>
    <property name="java.class.path" value="/home/runner/work/ozone/ozone/hadoop-ozone/integration-test/target/test-classes:/home/runner/work/ozone/ozone/hadoop-ozone/integration-test/target/classes:/home/runner/.m2/repository/org/apache/ozone/ozone-common/1.3.0-SNAPSHOT/ozone-common-1.3.0-SNAPSHOT.jar:/home/runner/.m2/repository/io/grpc/grpc-netty/1.44.0/grpc-netty-1.44.0.jar:/home/runner/.m2/repository/io/grpc/grpc-core/1.44.0/grpc-core-1.44.0.jar:/home/runner/.m2/repository/com/google/android/annotations/4.1.1.4/annotations-4.1.1.4.jar:/home/runner/.m2/repository/org/codehaus/mojo/animal-sniffer-annotations/1.19/animal-sniffer-annotations-1.19.jar:/home/runner/.m2/repository/com/google/errorprone/error_prone_annotations/2.2.0/error_prone_annotations-2.2.0.jar:/home/runner/.m2/repository/io/perfmark/perfmark-api/0.23.0/perfmark-api-0.23.0.jar:/home/runner/.m2/repository/io/netty/netty-codec-http2/4.1.79.Final/netty-codec-http2-4.1.79.Final.jar:/home/runner/.m2/repository/io/netty/netty-common/4.1.79.Final/netty-common-4.1.79.Final.jar:/home/runner/.m2/repository/io/netty/netty-buffer/4.1.79.Final/netty-buffer-4.1.79.Final.jar:/home/runner/.m2/repository/io/netty/netty-codec-http/4.1.79.Final/netty-codec-http-4.1.79.Final.jar:/home/runner/.m2/repository/io/netty/netty-handler-proxy/4.1.79.Final/netty-handler-proxy-4.1.79.Final.jar:/home/runner/.m2/repository/io/netty/netty-codec-socks/4.1.79.Final/netty-codec-socks-4.1.79.Final.jar:/home/runner/.m2/repository/io/netty/netty-tcnative-boringssl-static/2.0.53.Final/netty-tcnative-boringssl-static-2.0.53.Final.jar:/home/runner/.m2/repository/io/netty/netty-tcnative-classes/2.0.53.Final/netty-tcnative-classes-2.0.53.Final.jar:/home/runner/.m2/repository/io/netty/netty-tcnative-boringssl-static/2.0.53.Final/netty-tcnative-boringssl-static-2.0.53.Final-linux-x86_64.jar:/home/runner/.m2/repository/io/netty/netty-tcnative-boringssl-static/2.0.53.Final/netty-tcnative-boringssl-static-2.0.53.Final-linux-aarch_64.jar:/home/runner/.m2/repository/io/netty/netty-tcnative-boringssl-static/2.0.53.Final/netty-tcnative-boringssl-static-2.0.53.Final-osx-x86_64.jar:/home/runner/.m2/repository/io/netty/netty-tcnative-boringssl-static/2.0.53.Final/netty-tcnative-boringssl-static-2.0.53.Final-osx-aarch_64.jar:/home/runner/.m2/repository/io/netty/netty-tcnative-boringssl-static/2.0.53.Final/netty-tcnative-boringssl-static-2.0.53.Final-windows-x86_64.jar:/home/runner/.m2/repository/org/apache/commons/commons-compress/1.21/commons-compress-1.21.jar:/home/runner/.m2/repository/org/apache/ozone/hdds-common/1.3.0-SNAPSHOT/hdds-common-1.3.0-SNAPSHOT.jar:/home/runner/.m2/repository/org/apache/ozone/hdds-client/1.3.0-SNAPSHOT/hdds-client-1.3.0-SNAPSHOT.jar:/home/runner/.m2/repository/org/apache/ozone/ozone-interface-client/1.3.0-SNAPSHOT/ozone-interface-client-1.3.0-SNAPSHOT.jar:/home/runner/.m2/repository/org/apache/ozone/hdds-test-utils/1.3.0-SNAPSHOT/hdds-test-utils-1.3.0-SNAPSHOT.jar:/home/runner/.m2/repository/com/google/guava/guava/31.1-jre/guava-31.1-jre.jar:/home/runner/.m2/repository/com/google/guava/failureaccess/1.0.1/failureaccess-1.0.1.jar:/home/runner/.m2/repository/com/google/guava/listenablefuture/9999.0-empty-to-avoid-conflict-with-guava/listenablefuture-9999.0-empty-to-avoid-conflict-with-guava.jar:/home/runner/.m2/repository/com/google/code/findbugs/jsr305/3.0.0/jsr305-3.0.0.jar:/home/runner/.m2/repository/org/checkerframework/checker-qual/3.12.0/checker-qual-3.12.0.jar:/home/runner/.m2/repository/com/google/j2objc/j2objc-annotations/1.3/j2objc-annotations-1.3.jar:/home/runner/.m2/repository/commons-io/commons-io/2.11.0/commons-io-2.11.0.jar:/home/runner/.m2/repository/commons-logging/commons-logging/1.2/commons-logging-1.2.jar:/home/runner/.m2/repository/log4j/log4j/1.2.17/log4j-1.2.17.jar:/home/runner/.m2/repository/org/slf4j/slf4j-api/1.7.30/slf4j-api-1.7.30.jar:/home/runner/.m2/repository/org/apache/ozone/hdds-server-scm/1.3.0-SNAPSHOT/hdds-server-scm-1.3.0-SNAPSHOT.jar:/home/runner/.m2/repository/org/apache/ozone/hdds-container-service/1.3.0-SNAPSHOT/hdds-container-service-1.3.0-SNAPSHOT.jar:/home/runner/.m2/repository/org/apache/ozone/hdds-hadoop-dependency-server/1.3.0-SNAPSHOT/hdds-hadoop-dependency-server-1.3.0-SNAPSHOT.jar:/home/runner/.m2/repository/org/apache/hadoop/hadoop-hdfs/3.3.1/hadoop-hdfs-3.3.1.jar:/home/runner/.m2/repository/org/apache/ozone/hdds-server-framework/1.3.0-SNAPSHOT/hdds-server-framework-1.3.0-SNAPSHOT.jar:/home/runner/.m2/repository/org/apache/ozone/hdds-interface-server/1.3.0-SNAPSHOT/hdds-interface-server-1.3.0-SNAPSHOT.jar:/home/runner/.m2/repository/org/apache/logging/log4j/log4j-core/2.17.1/log4j-core-2.17.1.jar:/home/runner/.m2/repository/com/lmax/disruptor/3.4.2/disruptor-3.4.2.jar:/home/runner/.m2/repository/org/eclipse/jetty/jetty-servlet/9.4.43.v20210629/jetty-servlet-9.4.43.v20210629.jar:/home/runner/.m2/repository/org/eclipse/jetty/jetty-security/9.4.43.v20210629/jetty-security-9.4.43.v20210629.jar:/home/runner/.m2/repository/org/rocksdb/rocksdbjni/6.29.5/rocksdbjni-6.29.5.jar:/home/runner/.m2/repository/io/prometheus/simpleclient_dropwizard/0.7.0/simpleclient_dropwizard-0.7.0.jar:/home/runner/.m2/repository/io/prometheus/simpleclient/0.7.0/simpleclient-0.7.0.jar:/home/runner/.m2/repository/io/prometheus/simpleclient_common/0.7.0/simpleclient_common-0.7.0.jar:/home/runner/.m2/repository/io/dropwizard/metrics/metrics-core/3.2.4/metrics-core-3.2.4.jar:/home/runner/.m2/repository/org/apache/hadoop/hadoop-hdfs-client/3.3.1/hadoop-hdfs-client-3.3.1.jar:/home/runner/.m2/repository/org/bouncycastle/bcprov-jdk15on/1.67/bcprov-jdk15on-1.67.jar:/home/runner/.m2/repository/com/google/protobuf/protobuf-java/2.5.0/protobuf-java-2.5.0.jar:/home/runner/.m2/repository/org/apache/ozone/ozone-manager/1.3.0-SNAPSHOT/ozone-manager-1.3.0-SNAPSHOT.jar:/home/runner/.m2/repository/org/aspectj/aspectjrt/1.9.7/aspectjrt-1.9.7.jar:/home/runner/.m2/repository/org/aspectj/aspectjweaver/1.9.7/aspectjweaver-1.9.7.jar:/home/runner/.m2/repository/org/apache/ozone/hdds-interface-client/1.3.0-SNAPSHOT/hdds-interface-client-1.3.0-SNAPSHOT.jar:/home/runner/.m2/repository/org/apache/hadoop/thirdparty/hadoop-shaded-protobuf_3_7/1.1.1/hadoop-shaded-protobuf_3_7-1.1.1.jar:/home/runner/.m2/repository/org/apache/ozone/ozone-interface-storage/1.3.0-SNAPSHOT/ozone-interface-storage-1.3.0-SNAPSHOT.jar:/home/runner/.m2/repository/org/reflections/reflections/0.9.11/reflections-0.9.11.jar:/home/runner/.m2/repository/com/sun/jersey/jersey-client/1.19/jersey-client-1.19.jar:/home/runner/.m2/repository/org/apache/ranger/ranger-intg/2.3.0/ranger-intg-2.3.0.jar:/home/runner/.m2/repository/org/apache/ranger/ranger-plugins-common/2.3.0/ranger-plugins-common-2.3.0.jar:/home/runner/.m2/repository/commons-lang/commons-lang/2.6/commons-lang-2.6.jar:/home/runner/.m2/repository/org/codehaus/jackson/jackson-jaxrs/1.9.13/jackson-jaxrs-1.9.13.jar:/home/runner/.m2/repository/org/apache/ranger/ranger-plugins-cred/2.3.0/ranger-plugins-cred-2.3.0.jar:/home/runner/.m2/repository/org/apache/ranger/ranger-plugins-audit/2.3.0/ranger-plugins-audit-2.3.0.jar:/home/runner/.m2/repository/org/apache/kafka/kafka-clients/2.8.1/kafka-clients-2.8.1.jar:/home/runner/.m2/repository/com/github/luben/zstd-jni/1.4.9-1/zstd-jni-1.4.9-1.jar:/home/runner/.m2/repository/org/apache/solr/solr-solrj/8.6.3/solr-solrj-8.6.3.jar:/home/runner/.m2/repository/org/slf4j/jcl-over-slf4j/1.7.24/jcl-over-slf4j-1.7.24.jar:/home/runner/.m2/repository/org/eclipse/jetty/jetty-client/9.4.31.v20200723/jetty-client-9.4.31.v20200723.jar:/home/runner/.m2/repository/org/apache/httpcomponents/httpmime/4.5.6/httpmime-4.5.6.jar:/home/runner/.m2/repository/org/apache/httpcomponents/httpcore-nio/4.4.6/httpcore-nio-4.4.6.jar:/home/runner/.m2/repository/org/apache/httpcomponents/httpasyncclient/4.1.3/httpasyncclient-4.1.3.jar:/home/runner/.m2/repository/com/carrotsearch/hppc/0.8.0/hppc-0.8.0.jar:/home/runner/.m2/repository/org/apache/hive/hive-storage-api/2.7.2/hive-storage-api-2.7.2.jar:/home/runner/.m2/repository/org/apache/orc/orc-core/1.5.8/orc-core-1.5.8.jar:/home/runner/.m2/repository/com/amazonaws/aws-java-sdk-bundle/1.12.125/aws-java-sdk-bundle-1.12.125.jar:/home/runner/.m2/repository/net/java/dev/jna/jna/5.2.0/jna-5.2.0.jar:/home/runner/.m2/repository/net/java/dev/jna/jna-platform/5.2.0/jna-platform-5.2.0.jar:/home/runner/.m2/repository/com/kstruct/gethostname4j/0.0.2/gethostname4j-0.0.2.jar:/home/runner/.m2/repository/org/apache/ranger/ranger-plugin-classloader/2.3.0/ranger-plugin-classloader-2.3.0.jar:/home/runner/.m2/repository/org/apache/hadoop/hadoop-minikdc/3.3.1/hadoop-minikdc-3.3.1.jar:/home/runner/.m2/repository/org/apache/kerby/kerb-simplekdc/1.0.1/kerb-simplekdc-1.0.1.jar:/home/runner/.m2/repository/org/apache/kerby/kerb-client/1.0.1/kerb-client-1.0.1.jar:/home/runner/.m2/repository/org/apache/kerby/kerby-config/1.0.1/kerby-config-1.0.1.jar:/home/runner/.m2/repository/org/apache/kerby/kerb-common/1.0.1/kerb-common-1.0.1.jar:/home/runner/.m2/repository/org/apache/kerby/kerb-crypto/1.0.1/kerb-crypto-1.0.1.jar:/home/runner/.m2/repository/org/apache/kerby/kerb-util/1.0.1/kerb-util-1.0.1.jar:/home/runner/.m2/repository/org/apache/kerby/token-provider/1.0.1/token-provider-1.0.1.jar:/home/runner/.m2/repository/org/apache/kerby/kerb-admin/1.0.1/kerb-admin-1.0.1.jar:/home/runner/.m2/repository/org/apache/kerby/kerb-server/1.0.1/kerb-server-1.0.1.jar:/home/runner/.m2/repository/org/apache/kerby/kerb-identity/1.0.1/kerb-identity-1.0.1.jar:/home/runner/.m2/repository/org/apache/kerby/kerby-xdr/1.0.1/kerby-xdr-1.0.1.jar:/home/runner/.m2/repository/org/slf4j/slf4j-log4j12/1.7.30/slf4j-log4j12-1.7.30.jar:/home/runner/.m2/repository/org/apache/ozone/ozone-s3gateway/1.3.0-SNAPSHOT/ozone-s3gateway-1.3.0-SNAPSHOT.jar:/home/runner/.m2/repository/org/javassist/javassist/3.21.0-GA/javassist-3.21.0-GA.jar:/home/runner/.m2/repository/org/jboss/weld/servlet/weld-servlet/2.4.7.Final/weld-servlet-2.4.7.Final.jar:/home/runner/.m2/repository/org/glassfish/jersey/containers/jersey-container-servlet-core/2.33/jersey-container-servlet-core-2.33.jar:/home/runner/.m2/repository/org/glassfish/hk2/external/jakarta.inject/2.6.1/jakarta.inject-2.6.1.jar:/home/runner/.m2/repository/org/glassfish/jersey/core/jersey-common/2.33/jersey-common-2.33.jar:/home/runner/.m2/repository/jakarta/ws/rs/jakarta.ws.rs-api/2.1.6/jakarta.ws.rs-api-2.1.6.jar:/home/runner/.m2/repository/org/glassfish/jersey/ext/cdi/jersey-cdi1x/2.33/jersey-cdi1x-2.33.jar:/home/runner/.m2/repository/org/glassfish/jersey/inject/jersey-hk2/2.33/jersey-hk2-2.33.jar:/home/runner/.m2/repository/org/glassfish/hk2/hk2-locator/2.6.1/hk2-locator-2.6.1.jar:/home/runner/.m2/repository/org/glassfish/jersey/media/jersey-media-jaxb/2.33/jersey-media-jaxb-2.33.jar:/home/runner/.m2/repository/org/glassfish/hk2/osgi-resource-locator/1.0.3/osgi-resource-locator-1.0.3.jar:/home/runner/.m2/repository/org/glassfish/hk2/hk2-api/2.5.0/hk2-api-2.5.0.jar:/home/runner/.m2/repository/org/glassfish/hk2/hk2-utils/2.5.0/hk2-utils-2.5.0.jar:/home/runner/.m2/repository/org/glassfish/hk2/external/aopalliance-repackaged/2.5.0/aopalliance-repackaged-2.5.0.jar:/home/runner/.m2/repository/com/fasterxml/jackson/dataformat/jackson-dataformat-xml/2.13.2/jackson-dataformat-xml-2.13.2.jar:/home/runner/.m2/repository/com/fasterxml/jackson/core/jackson-core/2.13.2/jackson-core-2.13.2.jar:/home/runner/.m2/repository/org/codehaus/woodstox/stax2-api/3.1.4/stax2-api-3.1.4.jar:/home/runner/.m2/repository/com/fasterxml/woodstox/woodstox-core/5.0.3/woodstox-core-5.0.3.jar:/home/runner/.m2/repository/com/fasterxml/jackson/module/jackson-module-jaxb-annotations/2.13.2/jackson-module-jaxb-annotations-2.13.2.jar:/home/runner/.m2/repository/jakarta/xml/bind/jakarta.xml.bind-api/2.3.3/jakarta.xml.bind-api-2.3.3.jar:/home/runner/.m2/repository/jakarta/activation/jakarta.activation-api/1.2.1/jakarta.activation-api-1.2.1.jar:/home/runner/.m2/repository/javax/enterprise/cdi-api/1.2/cdi-api-1.2.jar:/home/runner/.m2/repository/javax/el/javax.el-api/3.0.0/javax.el-api-3.0.0.jar:/home/runner/.m2/repository/javax/interceptor/javax.interceptor-api/1.2/javax.interceptor-api-1.2.jar:/home/runner/.m2/repository/javax/inject/javax.inject/1/javax.inject-1.jar:/home/runner/.m2/repository/javax/xml/bind/jaxb-api/2.3.0/jaxb-api-2.3.0.jar:/home/runner/.m2/repository/org/glassfish/jaxb/jaxb-runtime/2.3.0.1/jaxb-runtime-2.3.0.1.jar:/home/runner/.m2/repository/org/glassfish/jaxb/jaxb-core/2.3.0.1/jaxb-core-2.3.0.1.jar:/home/runner/.m2/repository/org/glassfish/jaxb/txw2/2.3.0.1/txw2-2.3.0.1.jar:/home/runner/.m2/repository/com/sun/istack/istack-commons-runtime/3.0.5/istack-commons-runtime-3.0.5.jar:/home/runner/.m2/repository/org/jvnet/staxex/stax-ex/1.7.8/stax-ex-1.7.8.jar:/home/runner/.m2/repository/com/sun/xml/fastinfoset/FastInfoset/1.2.13/FastInfoset-1.2.13.jar:/home/runner/.m2/repository/javax/activation/activation/1.1.1/activation-1.1.1.jar:/home/runner/.m2/repository/io/grpc/grpc-protobuf/1.44.0/grpc-protobuf-1.44.0.jar:/home/runner/.m2/repository/io/grpc/grpc-api/1.44.0/grpc-api-1.44.0.jar:/home/runner/.m2/repository/io/grpc/grpc-context/1.44.0/grpc-context-1.44.0.jar:/home/runner/.m2/repository/com/google/api/grpc/proto-google-common-protos/2.0.1/proto-google-common-protos-2.0.1.jar:/home/runner/.m2/repository/io/grpc/grpc-protobuf-lite/1.44.0/grpc-protobuf-lite-1.44.0.jar:/home/runner/.m2/repository/io/grpc/grpc-stub/1.44.0/grpc-stub-1.44.0.jar:/home/runner/.m2/repository/io/netty/netty-transport/4.1.79.Final/netty-transport-4.1.79.Final.jar:/home/runner/.m2/repository/io/netty/netty-resolver/4.1.79.Final/netty-resolver-4.1.79.Final.jar:/home/runner/.m2/repository/org/apache/ozone/ozone-csi/1.3.0-SNAPSHOT/ozone-csi-1.3.0-SNAPSHOT.jar:/home/runner/.m2/repository/com/google/protobuf/protobuf-java-util/3.19.2/protobuf-java-util-3.19.2.jar:/home/runner/.m2/repository/com/google/code/gson/gson/2.9.0/gson-2.9.0.jar:/home/runner/.m2/repository/org/apache/ozone/hdds-config/1.3.0-SNAPSHOT/hdds-config-1.3.0-SNAPSHOT.jar:/home/runner/.m2/repository/io/netty/netty-transport-native-epoll/4.1.79.Final/netty-transport-native-epoll-4.1.79.Final-linux-x86_64.jar:/home/runner/.m2/repository/io/netty/netty-transport-classes-epoll/4.1.79.Final/netty-transport-classes-epoll-4.1.79.Final.jar:/home/runner/.m2/repository/io/netty/netty-transport-native-unix-common/4.1.79.Final/netty-transport-native-unix-common-4.1.79.Final.jar:/home/runner/.m2/repository/org/apache/ozone/ozone-recon/1.3.0-SNAPSHOT/ozone-recon-1.3.0-SNAPSHOT.jar:/home/runner/.m2/repository/org/apache/ozone/ozone-reconcodegen/1.3.0-SNAPSHOT/ozone-reconcodegen-1.3.0-SNAPSHOT.jar:/home/runner/.m2/repository/com/google/inject/extensions/guice-multibindings/4.0/guice-multibindings-4.0.jar:/home/runner/.m2/repository/com/google/inject/guice/4.0/guice-4.0.jar:/home/runner/.m2/repository/aopalliance/aopalliance/1.0/aopalliance-1.0.jar:/home/runner/.m2/repository/com/google/inject/extensions/guice-assistedinject/4.0/guice-assistedinject-4.0.jar:/home/runner/.m2/repository/com/google/inject/extensions/guice-servlet/4.0/guice-servlet-4.0.jar:/home/runner/.m2/repository/org/glassfish/jersey/containers/jersey-container-servlet/2.33/jersey-container-servlet-2.33.jar:/home/runner/.m2/repository/org/glassfish/hk2/guice-bridge/2.5.0/guice-bridge-2.5.0.jar:/home/runner/.m2/repository/org/glassfish/jersey/core/jersey-server/2.33/jersey-server-2.33.jar:/home/runner/.m2/repository/org/glassfish/jersey/core/jersey-client/2.33/jersey-client-2.33.jar:/home/runner/.m2/repository/jakarta/annotation/jakarta.annotation-api/1.3.5/jakarta.annotation-api-1.3.5.jar:/home/runner/.m2/repository/jakarta/validation/jakarta.validation-api/2.0.2/jakarta.validation-api-2.0.2.jar:/home/runner/.m2/repository/org/glassfish/jersey/media/jersey-media-json-jackson/2.33/jersey-media-json-jackson-2.33.jar:/home/runner/.m2/repository/org/glassfish/jersey/ext/jersey-entity-filtering/2.33/jersey-entity-filtering-2.33.jar:/home/runner/.m2/repository/org/jooq/jooq/3.11.10/jooq-3.11.10.jar:/home/runner/.m2/repository/org/jooq/jooq-meta/3.11.10/jooq-meta-3.11.10.jar:/home/runner/.m2/repository/org/jooq/jooq-codegen/3.11.10/jooq-codegen-3.11.10.jar:/home/runner/.m2/repository/com/jolbox/bonecp/0.8.0.RELEASE/bonecp-0.8.0.RELEASE.jar:/home/runner/.m2/repository/org/apache/derby/derby/10.14.2.0/derby-10.14.2.0.jar:/home/runner/.m2/repository/org/xerial/sqlite-jdbc/3.25.2/sqlite-jdbc-3.25.2.jar:/home/runner/.m2/repository/org/springframework/spring-jdbc/5.2.20.RELEASE/spring-jdbc-5.2.20.RELEASE.jar:/home/runner/.m2/repository/org/springframework/spring-beans/5.2.20.RELEASE/spring-beans-5.2.20.RELEASE.jar:/home/runner/.m2/repository/org/springframework/spring-core/5.2.20.RELEASE/spring-core-5.2.20.RELEASE.jar:/home/runner/.m2/repository/org/springframework/spring-jcl/5.2.20.RELEASE/spring-jcl-5.2.20.RELEASE.jar:/home/runner/.m2/repository/org/springframework/spring-tx/5.2.20.RELEASE/spring-tx-5.2.20.RELEASE.jar:/home/runner/.m2/repository/org/apache/ozone/ozone-client/1.3.0-SNAPSHOT/ozone-client-1.3.0-SNAPSHOT.jar:/home/runner/.m2/repository/org/apache/ozone/hdds-erasurecode/1.3.0-SNAPSHOT/hdds-erasurecode-1.3.0-SNAPSHOT.jar:/home/runner/.m2/repository/com/github/spotbugs/spotbugs-annotations/3.1.12/spotbugs-annotations-3.1.12.jar:/home/runner/.m2/repository/org/apache/ozone/ozone-filesystem/1.3.0-SNAPSHOT/ozone-filesystem-1.3.0-SNAPSHOT.jar:/home/runner/.m2/repository/org/apache/ozone/ozone-filesystem-common/1.3.0-SNAPSHOT/ozone-filesystem-common-1.3.0-SNAPSHOT.jar:/home/runner/.m2/repository/org/apache/ozone/ozone-tools/1.3.0-SNAPSHOT/ozone-tools-1.3.0-SNAPSHOT.jar:/home/runner/.m2/repository/org/apache/ratis/ratis-tools/2.3.0/ratis-tools-2.3.0.jar:/home/runner/.m2/repository/com/amazonaws/aws-java-sdk-core/1.12.261/aws-java-sdk-core-1.12.261.jar:/home/runner/.m2/repository/org/apache/httpcomponents/httpclient/4.5.13/httpclient-4.5.13.jar:/home/runner/.m2/repository/org/apache/httpcomponents/httpcore/4.4.13/httpcore-4.4.13.jar:/home/runner/.m2/repository/software/amazon/ion/ion-java/1.0.2/ion-java-1.0.2.jar:/home/runner/.m2/repository/com/fasterxml/jackson/dataformat/jackson-dataformat-cbor/2.13.2/jackson-dataformat-cbor-2.13.2.jar:/home/runner/.m2/repository/joda-time/joda-time/2.8.1/joda-time-2.8.1.jar:/home/runner/.m2/repository/com/amazonaws/aws-java-sdk-s3/1.12.261/aws-java-sdk-s3-1.12.261.jar:/home/runner/.m2/repository/com/amazonaws/aws-java-sdk-kms/1.12.261/aws-java-sdk-kms-1.12.261.jar:/home/runner/.m2/repository/com/amazonaws/jmespath-java/1.12.261/jmespath-java-1.12.261.jar:/home/runner/.m2/repository/org/kohsuke/metainf-services/metainf-services/1.8/metainf-services-1.8.jar:/home/runner/.m2/repository/org/apache/ozone/hdds-tools/1.3.0-SNAPSHOT/hdds-tools-1.3.0-SNAPSHOT.jar:/home/runner/.m2/repository/commons-cli/commons-cli/1.2/commons-cli-1.2.jar:/home/runner/.m2/repository/org/apache/commons/commons-lang3/3.7/commons-lang3-3.7.jar:/home/runner/.m2/repository/org/apache/ozone/ozone-manager/1.3.0-SNAPSHOT/ozone-manager-1.3.0-SNAPSHOT-tests.jar:/home/runner/.m2/repository/org/apache/ozone/hdds-common/1.3.0-SNAPSHOT/hdds-common-1.3.0-SNAPSHOT-tests.jar:/home/runner/.m2/repository/org/apache/ozone/hdds-hadoop-dependency-client/1.3.0-SNAPSHOT/hdds-hadoop-dependency-client-1.3.0-SNAPSHOT.jar:/home/runner/.m2/repository/info/picocli/picocli/4.6.1/picocli-4.6.1.jar:/home/runner/.m2/repository/com/fasterxml/jackson/core/jackson-annotations/2.13.2/jackson-annotations-2.13.2.jar:/home/runner/.m2/repository/com/fasterxml/jackson/datatype/jackson-datatype-jsr310/2.13.2/jackson-datatype-jsr310-2.13.2.jar:/home/runner/.m2/repository/javax/annotation/javax.annotation-api/1.2/javax.annotation-api-1.2.jar:/home/runner/.m2/repository/org/apache/ratis/ratis-server/2.3.0/ratis-server-2.3.0.jar:/home/runner/.m2/repository/org/apache/ratis/ratis-client/2.3.0/ratis-client-2.3.0.jar:/home/runner/.m2/repository/org/apache/ratis/ratis-server-api/2.3.0/ratis-server-api-2.3.0.jar:/home/runner/.m2/repository/org/apache/ratis/ratis-metrics/2.3.0/ratis-metrics-2.3.0.jar:/home/runner/.m2/repository/org/apache/ratis/ratis-netty/2.3.0/ratis-netty-2.3.0.jar:/home/runner/.m2/repository/org/apache/ratis/ratis-grpc/2.3.0/ratis-grpc-2.3.0.jar:/home/runner/.m2/repository/org/apache/logging/log4j/log4j-api/2.17.1/log4j-api-2.17.1.jar:/home/runner/.m2/repository/org/apache/commons/commons-pool2/2.6.0/commons-pool2-2.6.0.jar:/home/runner/.m2/repository/org/bouncycastle/bcpkix-jdk15on/1.67/bcpkix-jdk15on-1.67.jar:/home/runner/.m2/repository/commons-validator/commons-validator/1.6/commons-validator-1.6.jar:/home/runner/.m2/repository/commons-beanutils/commons-beanutils/1.9.4/commons-beanutils-1.9.4.jar:/home/runner/.m2/repository/commons-digester/commons-digester/1.8.1/commons-digester-1.8.1.jar:/home/runner/.m2/repository/commons-collections/commons-collections/3.2.2/commons-collections-3.2.2.jar:/home/runner/.m2/repository/io/jaegertracing/jaeger-client/1.6.0/jaeger-client-1.6.0.jar:/home/runner/.m2/repository/io/jaegertracing/jaeger-thrift/1.6.0/jaeger-thrift-1.6.0.jar:/home/runner/.m2/repository/org/apache/thrift/libthrift/0.14.1/libthrift-0.14.1.jar:/home/runner/.m2/repository/com/squareup/okhttp3/okhttp/4.9.0/okhttp-4.9.0.jar:/home/runner/.m2/repository/com/squareup/okio/okio/2.8.0/okio-2.8.0.jar:/home/runner/.m2/repository/io/jaegertracing/jaeger-core/1.6.0/jaeger-core-1.6.0.jar:/home/runner/.m2/repository/io/jaegertracing/jaeger-tracerresolver/1.6.0/jaeger-tracerresolver-1.6.0.jar:/home/runner/.m2/repository/io/opentracing/contrib/opentracing-tracerresolver/0.1.8/opentracing-tracerresolver-0.1.8.jar:/home/runner/.m2/repository/org/jetbrains/kotlin/kotlin-stdlib/1.6.21/kotlin-stdlib-1.6.21.jar:/home/runner/.m2/repository/org/jetbrains/kotlin/kotlin-stdlib-common/1.6.21/kotlin-stdlib-common-1.6.21.jar:/home/runner/.m2/repository/org/jetbrains/annotations/13.0/annotations-13.0.jar:/home/runner/.m2/repository/io/opentracing/opentracing-util/0.33.0/opentracing-util-0.33.0.jar:/home/runner/.m2/repository/io/opentracing/opentracing-api/0.33.0/opentracing-api-0.33.0.jar:/home/runner/.m2/repository/io/opentracing/opentracing-noop/0.33.0/opentracing-noop-0.33.0.jar:/home/runner/.m2/repository/org/yaml/snakeyaml/1.26/snakeyaml-1.26.jar:/home/runner/.m2/repository/org/apache/ozone/hdds-interface-admin/1.3.0-SNAPSHOT/hdds-interface-admin-1.3.0-SNAPSHOT.jar:/home/runner/.m2/repository/junit/junit/4.13.1/junit-4.13.1.jar:/home/runner/.m2/repository/org/hamcrest/hamcrest-core/1.3/hamcrest-core-1.3.jar:/home/runner/.m2/repository/org/junit/jupiter/junit-jupiter-api/5.8.2/junit-jupiter-api-5.8.2.jar:/home/runner/.m2/repository/org/opentest4j/opentest4j/1.2.0/opentest4j-1.2.0.jar:/home/runner/.m2/repository/org/junit/platform/junit-platform-commons/1.8.2/junit-platform-commons-1.8.2.jar:/home/runner/.m2/repository/org/apiguardian/apiguardian-api/1.1.2/apiguardian-api-1.1.2.jar:/home/runner/.m2/repository/org/junit/jupiter/junit-jupiter-params/5.8.2/junit-jupiter-params-5.8.2.jar:/home/runner/.m2/repository/org/junit/jupiter/junit-jupiter-migrationsupport/5.8.2/junit-jupiter-migrationsupport-5.8.2.jar:/home/runner/.m2/repository/org/junit/jupiter/junit-jupiter-engine/5.8.2/junit-jupiter-engine-5.8.2.jar:/home/runner/.m2/repository/org/junit/platform/junit-platform-engine/1.8.2/junit-platform-engine-1.8.2.jar:/home/runner/.m2/repository/org/junit/vintage/junit-vintage-engine/5.8.2/junit-vintage-engine-5.8.2.jar:/home/runner/.m2/repository/org/junit/platform/junit-platform-launcher/1.8.2/junit-platform-launcher-1.8.2.jar:/home/runner/.m2/repository/org/mockito/mockito-core/2.28.2/mockito-core-2.28.2.jar:/home/runner/.m2/repository/net/bytebuddy/byte-buddy/1.9.10/byte-buddy-1.9.10.jar:/home/runner/.m2/repository/net/bytebuddy/byte-buddy-agent/1.9.10/byte-buddy-agent-1.9.10.jar:/home/runner/.m2/repository/org/objenesis/objenesis/1.0/objenesis-1.0.jar:/home/runner/.m2/repository/org/apache/hadoop/hadoop-kms/3.3.1/hadoop-kms-3.3.1.jar:/home/runner/.m2/repository/org/apache/hadoop/hadoop-auth/3.3.1/hadoop-auth-3.3.1.jar:/home/runner/.m2/repository/com/nimbusds/nimbus-jose-jwt/7.9/nimbus-jose-jwt-7.9.jar:/home/runner/.m2/repository/com/github/stephenc/jcip/jcip-annotations/1.0-1/jcip-annotations-1.0-1.jar:/home/runner/.m2/repository/net/minidev/json-smart/2.4.7/json-smart-2.4.7.jar:/home/runner/.m2/repository/net/minidev/accessors-smart/2.4.7/accessors-smart-2.4.7.jar:/home/runner/.m2/repository/org/ow2/asm/asm/5.0.4/asm-5.0.4.jar:/home/runner/.m2/repository/org/apache/zookeeper/zookeeper/3.5.6/zookeeper-3.5.6.jar:/home/runner/.m2/repository/org/apache/zookeeper/zookeeper-jute/3.5.6/zookeeper-jute-3.5.6.jar:/home/runner/.m2/repository/org/apache/yetus/audience-annotations/0.5.0/audience-annotations-0.5.0.jar:/home/runner/.m2/repository/org/apache/curator/curator-framework/4.2.0/curator-framework-4.2.0.jar:/home/runner/.m2/repository/org/apache/hadoop/thirdparty/hadoop-shaded-guava/1.1.1/hadoop-shaded-guava-1.1.1.jar:/home/runner/.m2/repository/com/sun/jersey/jersey-core/1.19/jersey-core-1.19.jar:/home/runner/.m2/repository/javax/ws/rs/jsr311-api/1.1.1/jsr311-api-1.1.1.jar:/home/runner/.m2/repository/com/sun/jersey/jersey-server/1.19/jersey-server-1.19.jar:/home/runner/.m2/repository/javax/servlet/javax.servlet-api/3.1.0/javax.servlet-api-3.1.0.jar:/home/runner/.m2/repository/org/eclipse/jetty/jetty-server/9.4.43.v20210629/jetty-server-9.4.43.v20210629.jar:/home/runner/.m2/repository/org/eclipse/jetty/jetty-http/9.4.43.v20210629/jetty-http-9.4.43.v20210629.jar:/home/runner/.m2/repository/org/eclipse/jetty/jetty-io/9.4.43.v20210629/jetty-io-9.4.43.v20210629.jar:/home/runner/.m2/repository/org/eclipse/jetty/jetty-webapp/9.4.43.v20210629/jetty-webapp-9.4.43.v20210629.jar:/home/runner/.m2/repository/org/eclipse/jetty/jetty-xml/9.4.43.v20210629/jetty-xml-9.4.43.v20210629.jar:/home/runner/.m2/repository/org/apache/hadoop/hadoop-common/3.3.1/hadoop-common-3.3.1.jar:/home/runner/.m2/repository/org/apache/commons/commons-math3/3.1.1/commons-math3-3.1.1.jar:/home/runner/.m2/repository/commons-net/commons-net/3.6/commons-net-3.6.jar:/home/runner/.m2/repository/com/sun/jersey/jersey-servlet/1.19/jersey-servlet-1.19.jar:/home/runner/.m2/repository/com/sun/jersey/jersey-json/1.19/jersey-json-1.19.jar:/home/runner/.m2/repository/org/codehaus/jettison/jettison/1.1/jettison-1.1.jar:/home/runner/.m2/repository/com/sun/xml/bind/jaxb-impl/2.2.3-1/jaxb-impl-2.2.3-1.jar:/home/runner/.m2/repository/org/codehaus/jackson/jackson-xc/1.9.2/jackson-xc-1.9.2.jar:/home/runner/.m2/repository/org/apache/commons/commons-configuration2/2.1.1/commons-configuration2-2.1.1.jar:/home/runner/.m2/repository/org/apache/commons/commons-text/1.4/commons-text-1.4.jar:/home/runner/.m2/repository/com/google/re2j/re2j/1.1/re2j-1.1.jar:/home/runner/.m2/repository/com/jcraft/jsch/0.1.54/jsch-0.1.54.jar:/home/runner/.m2/repository/org/apache/curator/curator-client/4.2.0/curator-client-4.2.0.jar:/home/runner/.m2/repository/org/apache/curator/curator-recipes/4.2.0/curator-recipes-4.2.0.jar:/home/runner/.m2/repository/org/apache/kerby/kerb-core/1.0.1/kerb-core-1.0.1.jar:/home/runner/.m2/repository/org/apache/kerby/kerby-pkix/1.0.1/kerby-pkix-1.0.1.jar:/home/runner/.m2/repository/org/apache/kerby/kerby-asn1/1.0.1/kerby-asn1-1.0.1.jar:/home/runner/.m2/repository/org/apache/kerby/kerby-util/1.0.1/kerby-util-1.0.1.jar:/home/runner/.m2/repository/dnsjava/dnsjava/2.1.7/dnsjava-2.1.7.jar:/home/runner/.m2/repository/org/xerial/snappy/snappy-java/1.1.8.2/snappy-java-1.1.8.2.jar:/home/runner/.m2/repository/org/slf4j/jul-to-slf4j/1.7.30/jul-to-slf4j-1.7.30.jar:/home/runner/.m2/repository/org/eclipse/jetty/jetty-util/9.4.43.v20210629/jetty-util-9.4.43.v20210629.jar:/home/runner/.m2/repository/com/fasterxml/jackson/core/jackson-databind/2.13.2.2/jackson-databind-2.13.2.2.jar:/home/runner/.m2/repository/org/apache/hadoop/hadoop-kms/3.3.1/hadoop-kms-3.3.1-tests.jar:/home/runner/.m2/repository/org/apache/ozone/hdds-server-scm/1.3.0-SNAPSHOT/hdds-server-scm-1.3.0-SNAPSHOT-tests.jar:/home/runner/.m2/repository/org/apache/ozone/hdds-container-service/1.3.0-SNAPSHOT/hdds-container-service-1.3.0-SNAPSHOT-tests.jar:/home/runner/.m2/repository/commons-codec/commons-codec/1.11/commons-codec-1.11.jar:/home/runner/.m2/repository/io/netty/netty-codec/4.1.79.Final/netty-codec-4.1.79.Final.jar:/home/runner/.m2/repository/io/netty/netty-handler/4.1.79.Final/netty-handler-4.1.79.Final.jar:/home/runner/.m2/repository/org/apache/ozone/hdds-hadoop-dependency-test/1.3.0-SNAPSHOT/hdds-hadoop-dependency-test-1.3.0-SNAPSHOT.jar:/home/runner/.m2/repository/org/apache/hadoop/hadoop-common/3.3.1/hadoop-common-3.3.1-tests.jar:/home/runner/.m2/repository/org/assertj/assertj-core/3.12.2/assertj-core-3.12.2.jar:/home/runner/.m2/repository/org/apache/hadoop/hadoop-hdfs/3.3.1/hadoop-hdfs-3.3.1-tests.jar:/home/runner/.m2/repository/org/eclipse/jetty/jetty-util-ajax/9.4.43.v20210629/jetty-util-ajax-9.4.43.v20210629.jar:/home/runner/.m2/repository/commons-daemon/commons-daemon/1.0.13/commons-daemon-1.0.13.jar:/home/runner/.m2/repository/io/netty/netty/3.10.6.Final/netty-3.10.6.Final.jar:/home/runner/.m2/repository/io/netty/netty-all/4.1.79.Final/netty-all-4.1.79.Final.jar:/home/runner/.m2/repository/io/netty/netty-codec-dns/4.1.79.Final/netty-codec-dns-4.1.79.Final.jar:/home/runner/.m2/repository/io/netty/netty-codec-haproxy/4.1.79.Final/netty-codec-haproxy-4.1.79.Final.jar:/home/runner/.m2/repository/io/netty/netty-codec-memcache/4.1.79.Final/netty-codec-memcache-4.1.79.Final.jar:/home/runner/.m2/repository/io/netty/netty-codec-mqtt/4.1.79.Final/netty-codec-mqtt-4.1.79.Final.jar:/home/runner/.m2/repository/io/netty/netty-codec-redis/4.1.79.Final/netty-codec-redis-4.1.79.Final.jar:/home/runner/.m2/repository/io/netty/netty-codec-smtp/4.1.79.Final/netty-codec-smtp-4.1.79.Final.jar:/home/runner/.m2/repository/io/netty/netty-codec-stomp/4.1.79.Final/netty-codec-stomp-4.1.79.Final.jar:/home/runner/.m2/repository/io/netty/netty-codec-xml/4.1.79.Final/netty-codec-xml-4.1.79.Final.jar:/home/runner/.m2/repository/io/netty/netty-resolver-dns/4.1.79.Final/netty-resolver-dns-4.1.79.Final.jar:/home/runner/.m2/repository/io/netty/netty-transport-rxtx/4.1.79.Final/netty-transport-rxtx-4.1.79.Final.jar:/home/runner/.m2/repository/io/netty/netty-transport-sctp/4.1.79.Final/netty-transport-sctp-4.1.79.Final.jar:/home/runner/.m2/repository/io/netty/netty-transport-udt/4.1.79.Final/netty-transport-udt-4.1.79.Final.jar:/home/runner/.m2/repository/io/netty/netty-transport-classes-kqueue/4.1.79.Final/netty-transport-classes-kqueue-4.1.79.Final.jar:/home/runner/.m2/repository/io/netty/netty-resolver-dns-classes-macos/4.1.79.Final/netty-resolver-dns-classes-macos-4.1.79.Final.jar:/home/runner/.m2/repository/io/netty/netty-transport-native-epoll/4.1.79.Final/netty-transport-native-epoll-4.1.79.Final-linux-aarch_64.jar:/home/runner/.m2/repository/io/netty/netty-transport-native-kqueue/4.1.79.Final/netty-transport-native-kqueue-4.1.79.Final-osx-x86_64.jar:/home/runner/.m2/repository/io/netty/netty-transport-native-kqueue/4.1.79.Final/netty-transport-native-kqueue-4.1.79.Final-osx-aarch_64.jar:/home/runner/.m2/repository/io/netty/netty-resolver-dns-native-macos/4.1.79.Final/netty-resolver-dns-native-macos-4.1.79.Final-osx-x86_64.jar:/home/runner/.m2/repository/io/netty/netty-resolver-dns-native-macos/4.1.79.Final/netty-resolver-dns-native-macos-4.1.79.Final-osx-aarch_64.jar:/home/runner/.m2/repository/org/apache/htrace/htrace-core4/4.1.0-incubating/htrace-core4-4.1.0-incubating.jar:/home/runner/.m2/repository/org/fusesource/leveldbjni/leveldbjni-all/1.8/leveldbjni-all-1.8.jar:/home/runner/.m2/repository/org/apache/hadoop/hadoop-distcp/3.3.1/hadoop-distcp-3.3.1.jar:/home/runner/.m2/repository/org/apache/hadoop/hadoop-mapreduce-client-jobclient/3.3.1/hadoop-mapreduce-client-jobclient-3.3.1.jar:/home/runner/.m2/repository/org/apache/hadoop/hadoop-mapreduce-client-common/3.3.1/hadoop-mapreduce-client-common-3.3.1.jar:/home/runner/.m2/repository/org/apache/hadoop/hadoop-yarn-common/3.3.1/hadoop-yarn-common-3.3.1.jar:/home/runner/.m2/repository/org/apache/hadoop/hadoop-yarn-api/3.3.1/hadoop-yarn-api-3.3.1.jar:/home/runner/.m2/repository/com/sun/jersey/contribs/jersey-guice/1.19/jersey-guice-1.19.jar:/home/runner/.m2/repository/com/fasterxml/jackson/jaxrs/jackson-jaxrs-json-provider/2.13.2/jackson-jaxrs-json-provider-2.13.2.jar:/home/runner/.m2/repository/com/fasterxml/jackson/jaxrs/jackson-jaxrs-base/2.13.2/jackson-jaxrs-base-2.13.2.jar:/home/runner/.m2/repository/org/apache/hadoop/hadoop-yarn-client/3.3.1/hadoop-yarn-client-3.3.1.jar:/home/runner/.m2/repository/org/eclipse/jetty/websocket/websocket-client/9.4.40.v20210413/websocket-client-9.4.40.v20210413.jar:/home/runner/.m2/repository/org/eclipse/jetty/websocket/websocket-common/9.4.40.v20210413/websocket-common-9.4.40.v20210413.jar:/home/runner/.m2/repository/org/eclipse/jetty/websocket/websocket-api/9.4.40.v20210413/websocket-api-9.4.40.v20210413.jar:/home/runner/.m2/repository/org/jline/jline/3.9.0/jline-3.9.0.jar:/home/runner/.m2/repository/org/apache/hadoop/hadoop-mapreduce-client-core/3.3.1/hadoop-mapreduce-client-core-3.3.1.jar:/home/runner/.m2/repository/org/apache/avro/avro/1.7.7/avro-1.7.7.jar:/home/runner/.m2/repository/org/codehaus/jackson/jackson-core-asl/1.9.13/jackson-core-asl-1.9.13.jar:/home/runner/.m2/repository/org/codehaus/jackson/jackson-mapper-asl/1.9.13/jackson-mapper-asl-1.9.13.jar:/home/runner/.m2/repository/com/thoughtworks/paranamer/paranamer/2.3/paranamer-2.3.jar:/home/runner/.m2/repository/org/apache/hadoop/hadoop-annotations/3.3.1/hadoop-annotations-3.3.1.jar:/usr/lib/jvm/temurin-8-jdk-amd64/jre/../lib/tools.jar:/home/runner/.m2/repository/org/apache/hadoop/hadoop-distcp/3.3.1/hadoop-distcp-3.3.1-tests.jar:/home/runner/.m2/repository/org/apache/ratis/ratis-common/2.3.0/ratis-common-2.3.0.jar:/home/runner/.m2/repository/org/apache/ratis/ratis-thirdparty-misc/1.0.0/ratis-thirdparty-misc-1.0.0.jar:/home/runner/.m2/repository/org/apache/ratis/ratis-proto/2.3.0/ratis-proto-2.3.0.jar:/home/runner/.m2/repository/org/apache/ozone/ozone-annotation-processing/1.3.0-SNAPSHOT/ozone-annotation-processing-1.3.0-SNAPSHOT.jar:"/>
    <property name="java.vm.vendor" value="Temurin"/>
    <property name="sun.arch.data.model" value="64"/>
    <property name="test.build.dir" value="/home/runner/work/ozone/ozone/hadoop-ozone/integration-test/target/test-dir"/>
    <property name="test.cache.data" value=""/>
    <property name="java.vendor.url" value="https://adoptium.net/"/>
    <property name="user.timezone" value="Etc/UTC"/>
    <property name="java.vm.specification.version" value="1.8"/>
    <property name="os.name" value="Linux"/>
    <property name="test.build.data" value="/home/runner/work/ozone/ozone/hadoop-ozone/integration-test/target/test-dir"/>
    <property name="sun.java.launcher" value="SUN_STANDARD"/>
    <property name="sun.boot.library.path" value="/usr/lib/jvm/temurin-8-jdk-amd64/jre/lib/amd64"/>
    <property name="sun.java.command" value="/home/runner/work/ozone/ozone/hadoop-ozone/integration-test/target/surefire/surefirebooter1768176592916843695.jar /home/runner/work/ozone/ozone/hadoop-ozone/integration-test/target/surefire 2022-07-27T22-38-35_290-jvmRun1 surefire3697526387255098239tmp surefire_274016861303129057299tmp"/>
    <property name="surefire.test.class.path" value="/home/runner/work/ozone/ozone/hadoop-ozone/integration-test/target/test-classes:/home/runner/work/ozone/ozone/hadoop-ozone/integration-test/target/classes:/home/runner/.m2/repository/org/apache/ozone/ozone-common/1.3.0-SNAPSHOT/ozone-common-1.3.0-SNAPSHOT.jar:/home/runner/.m2/repository/io/grpc/grpc-netty/1.44.0/grpc-netty-1.44.0.jar:/home/runner/.m2/repository/io/grpc/grpc-core/1.44.0/grpc-core-1.44.0.jar:/home/runner/.m2/repository/com/google/android/annotations/4.1.1.4/annotations-4.1.1.4.jar:/home/runner/.m2/repository/org/codehaus/mojo/animal-sniffer-annotations/1.19/animal-sniffer-annotations-1.19.jar:/home/runner/.m2/repository/com/google/errorprone/error_prone_annotations/2.2.0/error_prone_annotations-2.2.0.jar:/home/runner/.m2/repository/io/perfmark/perfmark-api/0.23.0/perfmark-api-0.23.0.jar:/home/runner/.m2/repository/io/netty/netty-codec-http2/4.1.79.Final/netty-codec-http2-4.1.79.Final.jar:/home/runner/.m2/repository/io/netty/netty-common/4.1.79.Final/netty-common-4.1.79.Final.jar:/home/runner/.m2/repository/io/netty/netty-buffer/4.1.79.Final/netty-buffer-4.1.79.Final.jar:/home/runner/.m2/repository/io/netty/netty-codec-http/4.1.79.Final/netty-codec-http-4.1.79.Final.jar:/home/runner/.m2/repository/io/netty/netty-handler-proxy/4.1.79.Final/netty-handler-proxy-4.1.79.Final.jar:/home/runner/.m2/repository/io/netty/netty-codec-socks/4.1.79.Final/netty-codec-socks-4.1.79.Final.jar:/home/runner/.m2/repository/io/netty/netty-tcnative-boringssl-static/2.0.53.Final/netty-tcnative-boringssl-static-2.0.53.Final.jar:/home/runner/.m2/repository/io/netty/netty-tcnative-classes/2.0.53.Final/netty-tcnative-classes-2.0.53.Final.jar:/home/runner/.m2/repository/io/netty/netty-tcnative-boringssl-static/2.0.53.Final/netty-tcnative-boringssl-static-2.0.53.Final-linux-x86_64.jar:/home/runner/.m2/repository/io/netty/netty-tcnative-boringssl-static/2.0.53.Final/netty-tcnative-boringssl-static-2.0.53.Final-linux-aarch_64.jar:/home/runner/.m2/repository/io/netty/netty-tcnative-boringssl-static/2.0.53.Final/netty-tcnative-boringssl-static-2.0.53.Final-osx-x86_64.jar:/home/runner/.m2/repository/io/netty/netty-tcnative-boringssl-static/2.0.53.Final/netty-tcnative-boringssl-static-2.0.53.Final-osx-aarch_64.jar:/home/runner/.m2/repository/io/netty/netty-tcnative-boringssl-static/2.0.53.Final/netty-tcnative-boringssl-static-2.0.53.Final-windows-x86_64.jar:/home/runner/.m2/repository/org/apache/commons/commons-compress/1.21/commons-compress-1.21.jar:/home/runner/.m2/repository/org/apache/ozone/hdds-common/1.3.0-SNAPSHOT/hdds-common-1.3.0-SNAPSHOT.jar:/home/runner/.m2/repository/org/apache/ozone/hdds-client/1.3.0-SNAPSHOT/hdds-client-1.3.0-SNAPSHOT.jar:/home/runner/.m2/repository/org/apache/ozone/ozone-interface-client/1.3.0-SNAPSHOT/ozone-interface-client-1.3.0-SNAPSHOT.jar:/home/runner/.m2/repository/org/apache/ozone/hdds-test-utils/1.3.0-SNAPSHOT/hdds-test-utils-1.3.0-SNAPSHOT.jar:/home/runner/.m2/repository/com/google/guava/guava/31.1-jre/guava-31.1-jre.jar:/home/runner/.m2/repository/com/google/guava/failureaccess/1.0.1/failureaccess-1.0.1.jar:/home/runner/.m2/repository/com/google/guava/listenablefuture/9999.0-empty-to-avoid-conflict-with-guava/listenablefuture-9999.0-empty-to-avoid-conflict-with-guava.jar:/home/runner/.m2/repository/com/google/code/findbugs/jsr305/3.0.0/jsr305-3.0.0.jar:/home/runner/.m2/repository/org/checkerframework/checker-qual/3.12.0/checker-qual-3.12.0.jar:/home/runner/.m2/repository/com/google/j2objc/j2objc-annotations/1.3/j2objc-annotations-1.3.jar:/home/runner/.m2/repository/commons-io/commons-io/2.11.0/commons-io-2.11.0.jar:/home/runner/.m2/repository/commons-logging/commons-logging/1.2/commons-logging-1.2.jar:/home/runner/.m2/repository/log4j/log4j/1.2.17/log4j-1.2.17.jar:/home/runner/.m2/repository/org/slf4j/slf4j-api/1.7.30/slf4j-api-1.7.30.jar:/home/runner/.m2/repository/org/apache/ozone/hdds-server-scm/1.3.0-SNAPSHOT/hdds-server-scm-1.3.0-SNAPSHOT.jar:/home/runner/.m2/repository/org/apache/ozone/hdds-container-service/1.3.0-SNAPSHOT/hdds-container-service-1.3.0-SNAPSHOT.jar:/home/runner/.m2/repository/org/apache/ozone/hdds-hadoop-dependency-server/1.3.0-SNAPSHOT/hdds-hadoop-dependency-server-1.3.0-SNAPSHOT.jar:/home/runner/.m2/repository/org/apache/hadoop/hadoop-hdfs/3.3.1/hadoop-hdfs-3.3.1.jar:/home/runner/.m2/repository/org/apache/ozone/hdds-server-framework/1.3.0-SNAPSHOT/hdds-server-framework-1.3.0-SNAPSHOT.jar:/home/runner/.m2/repository/org/apache/ozone/hdds-interface-server/1.3.0-SNAPSHOT/hdds-interface-server-1.3.0-SNAPSHOT.jar:/home/runner/.m2/repository/org/apache/logging/log4j/log4j-core/2.17.1/log4j-core-2.17.1.jar:/home/runner/.m2/repository/com/lmax/disruptor/3.4.2/disruptor-3.4.2.jar:/home/runner/.m2/repository/org/eclipse/jetty/jetty-servlet/9.4.43.v20210629/jetty-servlet-9.4.43.v20210629.jar:/home/runner/.m2/repository/org/eclipse/jetty/jetty-security/9.4.43.v20210629/jetty-security-9.4.43.v20210629.jar:/home/runner/.m2/repository/org/rocksdb/rocksdbjni/6.29.5/rocksdbjni-6.29.5.jar:/home/runner/.m2/repository/io/prometheus/simpleclient_dropwizard/0.7.0/simpleclient_dropwizard-0.7.0.jar:/home/runner/.m2/repository/io/prometheus/simpleclient/0.7.0/simpleclient-0.7.0.jar:/home/runner/.m2/repository/io/prometheus/simpleclient_common/0.7.0/simpleclient_common-0.7.0.jar:/home/runner/.m2/repository/io/dropwizard/metrics/metrics-core/3.2.4/metrics-core-3.2.4.jar:/home/runner/.m2/repository/org/apache/hadoop/hadoop-hdfs-client/3.3.1/hadoop-hdfs-client-3.3.1.jar:/home/runner/.m2/repository/org/bouncycastle/bcprov-jdk15on/1.67/bcprov-jdk15on-1.67.jar:/home/runner/.m2/repository/com/google/protobuf/protobuf-java/2.5.0/protobuf-java-2.5.0.jar:/home/runner/.m2/repository/org/apache/ozone/ozone-manager/1.3.0-SNAPSHOT/ozone-manager-1.3.0-SNAPSHOT.jar:/home/runner/.m2/repository/org/aspectj/aspectjrt/1.9.7/aspectjrt-1.9.7.jar:/home/runner/.m2/repository/org/aspectj/aspectjweaver/1.9.7/aspectjweaver-1.9.7.jar:/home/runner/.m2/repository/org/apache/ozone/hdds-interface-client/1.3.0-SNAPSHOT/hdds-interface-client-1.3.0-SNAPSHOT.jar:/home/runner/.m2/repository/org/apache/hadoop/thirdparty/hadoop-shaded-protobuf_3_7/1.1.1/hadoop-shaded-protobuf_3_7-1.1.1.jar:/home/runner/.m2/repository/org/apache/ozone/ozone-interface-storage/1.3.0-SNAPSHOT/ozone-interface-storage-1.3.0-SNAPSHOT.jar:/home/runner/.m2/repository/org/reflections/reflections/0.9.11/reflections-0.9.11.jar:/home/runner/.m2/repository/com/sun/jersey/jersey-client/1.19/jersey-client-1.19.jar:/home/runner/.m2/repository/org/apache/ranger/ranger-intg/2.3.0/ranger-intg-2.3.0.jar:/home/runner/.m2/repository/org/apache/ranger/ranger-plugins-common/2.3.0/ranger-plugins-common-2.3.0.jar:/home/runner/.m2/repository/commons-lang/commons-lang/2.6/commons-lang-2.6.jar:/home/runner/.m2/repository/org/codehaus/jackson/jackson-jaxrs/1.9.13/jackson-jaxrs-1.9.13.jar:/home/runner/.m2/repository/org/apache/ranger/ranger-plugins-cred/2.3.0/ranger-plugins-cred-2.3.0.jar:/home/runner/.m2/repository/org/apache/ranger/ranger-plugins-audit/2.3.0/ranger-plugins-audit-2.3.0.jar:/home/runner/.m2/repository/org/apache/kafka/kafka-clients/2.8.1/kafka-clients-2.8.1.jar:/home/runner/.m2/repository/com/github/luben/zstd-jni/1.4.9-1/zstd-jni-1.4.9-1.jar:/home/runner/.m2/repository/org/apache/solr/solr-solrj/8.6.3/solr-solrj-8.6.3.jar:/home/runner/.m2/repository/org/slf4j/jcl-over-slf4j/1.7.24/jcl-over-slf4j-1.7.24.jar:/home/runner/.m2/repository/org/eclipse/jetty/jetty-client/9.4.31.v20200723/jetty-client-9.4.31.v20200723.jar:/home/runner/.m2/repository/org/apache/httpcomponents/httpmime/4.5.6/httpmime-4.5.6.jar:/home/runner/.m2/repository/org/apache/httpcomponents/httpcore-nio/4.4.6/httpcore-nio-4.4.6.jar:/home/runner/.m2/repository/org/apache/httpcomponents/httpasyncclient/4.1.3/httpasyncclient-4.1.3.jar:/home/runner/.m2/repository/com/carrotsearch/hppc/0.8.0/hppc-0.8.0.jar:/home/runner/.m2/repository/org/apache/hive/hive-storage-api/2.7.2/hive-storage-api-2.7.2.jar:/home/runner/.m2/repository/org/apache/orc/orc-core/1.5.8/orc-core-1.5.8.jar:/home/runner/.m2/repository/com/amazonaws/aws-java-sdk-bundle/1.12.125/aws-java-sdk-bundle-1.12.125.jar:/home/runner/.m2/repository/net/java/dev/jna/jna/5.2.0/jna-5.2.0.jar:/home/runner/.m2/repository/net/java/dev/jna/jna-platform/5.2.0/jna-platform-5.2.0.jar:/home/runner/.m2/repository/com/kstruct/gethostname4j/0.0.2/gethostname4j-0.0.2.jar:/home/runner/.m2/repository/org/apache/ranger/ranger-plugin-classloader/2.3.0/ranger-plugin-classloader-2.3.0.jar:/home/runner/.m2/repository/org/apache/hadoop/hadoop-minikdc/3.3.1/hadoop-minikdc-3.3.1.jar:/home/runner/.m2/repository/org/apache/kerby/kerb-simplekdc/1.0.1/kerb-simplekdc-1.0.1.jar:/home/runner/.m2/repository/org/apache/kerby/kerb-client/1.0.1/kerb-client-1.0.1.jar:/home/runner/.m2/repository/org/apache/kerby/kerby-config/1.0.1/kerby-config-1.0.1.jar:/home/runner/.m2/repository/org/apache/kerby/kerb-common/1.0.1/kerb-common-1.0.1.jar:/home/runner/.m2/repository/org/apache/kerby/kerb-crypto/1.0.1/kerb-crypto-1.0.1.jar:/home/runner/.m2/repository/org/apache/kerby/kerb-util/1.0.1/kerb-util-1.0.1.jar:/home/runner/.m2/repository/org/apache/kerby/token-provider/1.0.1/token-provider-1.0.1.jar:/home/runner/.m2/repository/org/apache/kerby/kerb-admin/1.0.1/kerb-admin-1.0.1.jar:/home/runner/.m2/repository/org/apache/kerby/kerb-server/1.0.1/kerb-server-1.0.1.jar:/home/runner/.m2/repository/org/apache/kerby/kerb-identity/1.0.1/kerb-identity-1.0.1.jar:/home/runner/.m2/repository/org/apache/kerby/kerby-xdr/1.0.1/kerby-xdr-1.0.1.jar:/home/runner/.m2/repository/org/slf4j/slf4j-log4j12/1.7.30/slf4j-log4j12-1.7.30.jar:/home/runner/.m2/repository/org/apache/ozone/ozone-s3gateway/1.3.0-SNAPSHOT/ozone-s3gateway-1.3.0-SNAPSHOT.jar:/home/runner/.m2/repository/org/javassist/javassist/3.21.0-GA/javassist-3.21.0-GA.jar:/home/runner/.m2/repository/org/jboss/weld/servlet/weld-servlet/2.4.7.Final/weld-servlet-2.4.7.Final.jar:/home/runner/.m2/repository/org/glassfish/jersey/containers/jersey-container-servlet-core/2.33/jersey-container-servlet-core-2.33.jar:/home/runner/.m2/repository/org/glassfish/hk2/external/jakarta.inject/2.6.1/jakarta.inject-2.6.1.jar:/home/runner/.m2/repository/org/glassfish/jersey/core/jersey-common/2.33/jersey-common-2.33.jar:/home/runner/.m2/repository/jakarta/ws/rs/jakarta.ws.rs-api/2.1.6/jakarta.ws.rs-api-2.1.6.jar:/home/runner/.m2/repository/org/glassfish/jersey/ext/cdi/jersey-cdi1x/2.33/jersey-cdi1x-2.33.jar:/home/runner/.m2/repository/org/glassfish/jersey/inject/jersey-hk2/2.33/jersey-hk2-2.33.jar:/home/runner/.m2/repository/org/glassfish/hk2/hk2-locator/2.6.1/hk2-locator-2.6.1.jar:/home/runner/.m2/repository/org/glassfish/jersey/media/jersey-media-jaxb/2.33/jersey-media-jaxb-2.33.jar:/home/runner/.m2/repository/org/glassfish/hk2/osgi-resource-locator/1.0.3/osgi-resource-locator-1.0.3.jar:/home/runner/.m2/repository/org/glassfish/hk2/hk2-api/2.5.0/hk2-api-2.5.0.jar:/home/runner/.m2/repository/org/glassfish/hk2/hk2-utils/2.5.0/hk2-utils-2.5.0.jar:/home/runner/.m2/repository/org/glassfish/hk2/external/aopalliance-repackaged/2.5.0/aopalliance-repackaged-2.5.0.jar:/home/runner/.m2/repository/com/fasterxml/jackson/dataformat/jackson-dataformat-xml/2.13.2/jackson-dataformat-xml-2.13.2.jar:/home/runner/.m2/repository/com/fasterxml/jackson/core/jackson-core/2.13.2/jackson-core-2.13.2.jar:/home/runner/.m2/repository/org/codehaus/woodstox/stax2-api/3.1.4/stax2-api-3.1.4.jar:/home/runner/.m2/repository/com/fasterxml/woodstox/woodstox-core/5.0.3/woodstox-core-5.0.3.jar:/home/runner/.m2/repository/com/fasterxml/jackson/module/jackson-module-jaxb-annotations/2.13.2/jackson-module-jaxb-annotations-2.13.2.jar:/home/runner/.m2/repository/jakarta/xml/bind/jakarta.xml.bind-api/2.3.3/jakarta.xml.bind-api-2.3.3.jar:/home/runner/.m2/repository/jakarta/activation/jakarta.activation-api/1.2.1/jakarta.activation-api-1.2.1.jar:/home/runner/.m2/repository/javax/enterprise/cdi-api/1.2/cdi-api-1.2.jar:/home/runner/.m2/repository/javax/el/javax.el-api/3.0.0/javax.el-api-3.0.0.jar:/home/runner/.m2/repository/javax/interceptor/javax.interceptor-api/1.2/javax.interceptor-api-1.2.jar:/home/runner/.m2/repository/javax/inject/javax.inject/1/javax.inject-1.jar:/home/runner/.m2/repository/javax/xml/bind/jaxb-api/2.3.0/jaxb-api-2.3.0.jar:/home/runner/.m2/repository/org/glassfish/jaxb/jaxb-runtime/2.3.0.1/jaxb-runtime-2.3.0.1.jar:/home/runner/.m2/repository/org/glassfish/jaxb/jaxb-core/2.3.0.1/jaxb-core-2.3.0.1.jar:/home/runner/.m2/repository/org/glassfish/jaxb/txw2/2.3.0.1/txw2-2.3.0.1.jar:/home/runner/.m2/repository/com/sun/istack/istack-commons-runtime/3.0.5/istack-commons-runtime-3.0.5.jar:/home/runner/.m2/repository/org/jvnet/staxex/stax-ex/1.7.8/stax-ex-1.7.8.jar:/home/runner/.m2/repository/com/sun/xml/fastinfoset/FastInfoset/1.2.13/FastInfoset-1.2.13.jar:/home/runner/.m2/repository/javax/activation/activation/1.1.1/activation-1.1.1.jar:/home/runner/.m2/repository/io/grpc/grpc-protobuf/1.44.0/grpc-protobuf-1.44.0.jar:/home/runner/.m2/repository/io/grpc/grpc-api/1.44.0/grpc-api-1.44.0.jar:/home/runner/.m2/repository/io/grpc/grpc-context/1.44.0/grpc-context-1.44.0.jar:/home/runner/.m2/repository/com/google/api/grpc/proto-google-common-protos/2.0.1/proto-google-common-protos-2.0.1.jar:/home/runner/.m2/repository/io/grpc/grpc-protobuf-lite/1.44.0/grpc-protobuf-lite-1.44.0.jar:/home/runner/.m2/repository/io/grpc/grpc-stub/1.44.0/grpc-stub-1.44.0.jar:/home/runner/.m2/repository/io/netty/netty-transport/4.1.79.Final/netty-transport-4.1.79.Final.jar:/home/runner/.m2/repository/io/netty/netty-resolver/4.1.79.Final/netty-resolver-4.1.79.Final.jar:/home/runner/.m2/repository/org/apache/ozone/ozone-csi/1.3.0-SNAPSHOT/ozone-csi-1.3.0-SNAPSHOT.jar:/home/runner/.m2/repository/com/google/protobuf/protobuf-java-util/3.19.2/protobuf-java-util-3.19.2.jar:/home/runner/.m2/repository/com/google/code/gson/gson/2.9.0/gson-2.9.0.jar:/home/runner/.m2/repository/org/apache/ozone/hdds-config/1.3.0-SNAPSHOT/hdds-config-1.3.0-SNAPSHOT.jar:/home/runner/.m2/repository/io/netty/netty-transport-native-epoll/4.1.79.Final/netty-transport-native-epoll-4.1.79.Final-linux-x86_64.jar:/home/runner/.m2/repository/io/netty/netty-transport-classes-epoll/4.1.79.Final/netty-transport-classes-epoll-4.1.79.Final.jar:/home/runner/.m2/repository/io/netty/netty-transport-native-unix-common/4.1.79.Final/netty-transport-native-unix-common-4.1.79.Final.jar:/home/runner/.m2/repository/org/apache/ozone/ozone-recon/1.3.0-SNAPSHOT/ozone-recon-1.3.0-SNAPSHOT.jar:/home/runner/.m2/repository/org/apache/ozone/ozone-reconcodegen/1.3.0-SNAPSHOT/ozone-reconcodegen-1.3.0-SNAPSHOT.jar:/home/runner/.m2/repository/com/google/inject/extensions/guice-multibindings/4.0/guice-multibindings-4.0.jar:/home/runner/.m2/repository/com/google/inject/guice/4.0/guice-4.0.jar:/home/runner/.m2/repository/aopalliance/aopalliance/1.0/aopalliance-1.0.jar:/home/runner/.m2/repository/com/google/inject/extensions/guice-assistedinject/4.0/guice-assistedinject-4.0.jar:/home/runner/.m2/repository/com/google/inject/extensions/guice-servlet/4.0/guice-servlet-4.0.jar:/home/runner/.m2/repository/org/glassfish/jersey/containers/jersey-container-servlet/2.33/jersey-container-servlet-2.33.jar:/home/runner/.m2/repository/org/glassfish/hk2/guice-bridge/2.5.0/guice-bridge-2.5.0.jar:/home/runner/.m2/repository/org/glassfish/jersey/core/jersey-server/2.33/jersey-server-2.33.jar:/home/runner/.m2/repository/org/glassfish/jersey/core/jersey-client/2.33/jersey-client-2.33.jar:/home/runner/.m2/repository/jakarta/annotation/jakarta.annotation-api/1.3.5/jakarta.annotation-api-1.3.5.jar:/home/runner/.m2/repository/jakarta/validation/jakarta.validation-api/2.0.2/jakarta.validation-api-2.0.2.jar:/home/runner/.m2/repository/org/glassfish/jersey/media/jersey-media-json-jackson/2.33/jersey-media-json-jackson-2.33.jar:/home/runner/.m2/repository/org/glassfish/jersey/ext/jersey-entity-filtering/2.33/jersey-entity-filtering-2.33.jar:/home/runner/.m2/repository/org/jooq/jooq/3.11.10/jooq-3.11.10.jar:/home/runner/.m2/repository/org/jooq/jooq-meta/3.11.10/jooq-meta-3.11.10.jar:/home/runner/.m2/repository/org/jooq/jooq-codegen/3.11.10/jooq-codegen-3.11.10.jar:/home/runner/.m2/repository/com/jolbox/bonecp/0.8.0.RELEASE/bonecp-0.8.0.RELEASE.jar:/home/runner/.m2/repository/org/apache/derby/derby/10.14.2.0/derby-10.14.2.0.jar:/home/runner/.m2/repository/org/xerial/sqlite-jdbc/3.25.2/sqlite-jdbc-3.25.2.jar:/home/runner/.m2/repository/org/springframework/spring-jdbc/5.2.20.RELEASE/spring-jdbc-5.2.20.RELEASE.jar:/home/runner/.m2/repository/org/springframework/spring-beans/5.2.20.RELEASE/spring-beans-5.2.20.RELEASE.jar:/home/runner/.m2/repository/org/springframework/spring-core/5.2.20.RELEASE/spring-core-5.2.20.RELEASE.jar:/home/runner/.m2/repository/org/springframework/spring-jcl/5.2.20.RELEASE/spring-jcl-5.2.20.RELEASE.jar:/home/runner/.m2/repository/org/springframework/spring-tx/5.2.20.RELEASE/spring-tx-5.2.20.RELEASE.jar:/home/runner/.m2/repository/org/apache/ozone/ozone-client/1.3.0-SNAPSHOT/ozone-client-1.3.0-SNAPSHOT.jar:/home/runner/.m2/repository/org/apache/ozone/hdds-erasurecode/1.3.0-SNAPSHOT/hdds-erasurecode-1.3.0-SNAPSHOT.jar:/home/runner/.m2/repository/com/github/spotbugs/spotbugs-annotations/3.1.12/spotbugs-annotations-3.1.12.jar:/home/runner/.m2/repository/org/apache/ozone/ozone-filesystem/1.3.0-SNAPSHOT/ozone-filesystem-1.3.0-SNAPSHOT.jar:/home/runner/.m2/repository/org/apache/ozone/ozone-filesystem-common/1.3.0-SNAPSHOT/ozone-filesystem-common-1.3.0-SNAPSHOT.jar:/home/runner/.m2/repository/org/apache/ozone/ozone-tools/1.3.0-SNAPSHOT/ozone-tools-1.3.0-SNAPSHOT.jar:/home/runner/.m2/repository/org/apache/ratis/ratis-tools/2.3.0/ratis-tools-2.3.0.jar:/home/runner/.m2/repository/com/amazonaws/aws-java-sdk-core/1.12.261/aws-java-sdk-core-1.12.261.jar:/home/runner/.m2/repository/org/apache/httpcomponents/httpclient/4.5.13/httpclient-4.5.13.jar:/home/runner/.m2/repository/org/apache/httpcomponents/httpcore/4.4.13/httpcore-4.4.13.jar:/home/runner/.m2/repository/software/amazon/ion/ion-java/1.0.2/ion-java-1.0.2.jar:/home/runner/.m2/repository/com/fasterxml/jackson/dataformat/jackson-dataformat-cbor/2.13.2/jackson-dataformat-cbor-2.13.2.jar:/home/runner/.m2/repository/joda-time/joda-time/2.8.1/joda-time-2.8.1.jar:/home/runner/.m2/repository/com/amazonaws/aws-java-sdk-s3/1.12.261/aws-java-sdk-s3-1.12.261.jar:/home/runner/.m2/repository/com/amazonaws/aws-java-sdk-kms/1.12.261/aws-java-sdk-kms-1.12.261.jar:/home/runner/.m2/repository/com/amazonaws/jmespath-java/1.12.261/jmespath-java-1.12.261.jar:/home/runner/.m2/repository/org/kohsuke/metainf-services/metainf-services/1.8/metainf-services-1.8.jar:/home/runner/.m2/repository/org/apache/ozone/hdds-tools/1.3.0-SNAPSHOT/hdds-tools-1.3.0-SNAPSHOT.jar:/home/runner/.m2/repository/commons-cli/commons-cli/1.2/commons-cli-1.2.jar:/home/runner/.m2/repository/org/apache/commons/commons-lang3/3.7/commons-lang3-3.7.jar:/home/runner/.m2/repository/org/apache/ozone/ozone-manager/1.3.0-SNAPSHOT/ozone-manager-1.3.0-SNAPSHOT-tests.jar:/home/runner/.m2/repository/org/apache/ozone/hdds-common/1.3.0-SNAPSHOT/hdds-common-1.3.0-SNAPSHOT-tests.jar:/home/runner/.m2/repository/org/apache/ozone/hdds-hadoop-dependency-client/1.3.0-SNAPSHOT/hdds-hadoop-dependency-client-1.3.0-SNAPSHOT.jar:/home/runner/.m2/repository/info/picocli/picocli/4.6.1/picocli-4.6.1.jar:/home/runner/.m2/repository/com/fasterxml/jackson/core/jackson-annotations/2.13.2/jackson-annotations-2.13.2.jar:/home/runner/.m2/repository/com/fasterxml/jackson/datatype/jackson-datatype-jsr310/2.13.2/jackson-datatype-jsr310-2.13.2.jar:/home/runner/.m2/repository/javax/annotation/javax.annotation-api/1.2/javax.annotation-api-1.2.jar:/home/runner/.m2/repository/org/apache/ratis/ratis-server/2.3.0/ratis-server-2.3.0.jar:/home/runner/.m2/repository/org/apache/ratis/ratis-client/2.3.0/ratis-client-2.3.0.jar:/home/runner/.m2/repository/org/apache/ratis/ratis-server-api/2.3.0/ratis-server-api-2.3.0.jar:/home/runner/.m2/repository/org/apache/ratis/ratis-metrics/2.3.0/ratis-metrics-2.3.0.jar:/home/runner/.m2/repository/org/apache/ratis/ratis-netty/2.3.0/ratis-netty-2.3.0.jar:/home/runner/.m2/repository/org/apache/ratis/ratis-grpc/2.3.0/ratis-grpc-2.3.0.jar:/home/runner/.m2/repository/org/apache/logging/log4j/log4j-api/2.17.1/log4j-api-2.17.1.jar:/home/runner/.m2/repository/org/apache/commons/commons-pool2/2.6.0/commons-pool2-2.6.0.jar:/home/runner/.m2/repository/org/bouncycastle/bcpkix-jdk15on/1.67/bcpkix-jdk15on-1.67.jar:/home/runner/.m2/repository/commons-validator/commons-validator/1.6/commons-validator-1.6.jar:/home/runner/.m2/repository/commons-beanutils/commons-beanutils/1.9.4/commons-beanutils-1.9.4.jar:/home/runner/.m2/repository/commons-digester/commons-digester/1.8.1/commons-digester-1.8.1.jar:/home/runner/.m2/repository/commons-collections/commons-collections/3.2.2/commons-collections-3.2.2.jar:/home/runner/.m2/repository/io/jaegertracing/jaeger-client/1.6.0/jaeger-client-1.6.0.jar:/home/runner/.m2/repository/io/jaegertracing/jaeger-thrift/1.6.0/jaeger-thrift-1.6.0.jar:/home/runner/.m2/repository/org/apache/thrift/libthrift/0.14.1/libthrift-0.14.1.jar:/home/runner/.m2/repository/com/squareup/okhttp3/okhttp/4.9.0/okhttp-4.9.0.jar:/home/runner/.m2/repository/com/squareup/okio/okio/2.8.0/okio-2.8.0.jar:/home/runner/.m2/repository/io/jaegertracing/jaeger-core/1.6.0/jaeger-core-1.6.0.jar:/home/runner/.m2/repository/io/jaegertracing/jaeger-tracerresolver/1.6.0/jaeger-tracerresolver-1.6.0.jar:/home/runner/.m2/repository/io/opentracing/contrib/opentracing-tracerresolver/0.1.8/opentracing-tracerresolver-0.1.8.jar:/home/runner/.m2/repository/org/jetbrains/kotlin/kotlin-stdlib/1.6.21/kotlin-stdlib-1.6.21.jar:/home/runner/.m2/repository/org/jetbrains/kotlin/kotlin-stdlib-common/1.6.21/kotlin-stdlib-common-1.6.21.jar:/home/runner/.m2/repository/org/jetbrains/annotations/13.0/annotations-13.0.jar:/home/runner/.m2/repository/io/opentracing/opentracing-util/0.33.0/opentracing-util-0.33.0.jar:/home/runner/.m2/repository/io/opentracing/opentracing-api/0.33.0/opentracing-api-0.33.0.jar:/home/runner/.m2/repository/io/opentracing/opentracing-noop/0.33.0/opentracing-noop-0.33.0.jar:/home/runner/.m2/repository/org/yaml/snakeyaml/1.26/snakeyaml-1.26.jar:/home/runner/.m2/repository/org/apache/ozone/hdds-interface-admin/1.3.0-SNAPSHOT/hdds-interface-admin-1.3.0-SNAPSHOT.jar:/home/runner/.m2/repository/junit/junit/4.13.1/junit-4.13.1.jar:/home/runner/.m2/repository/org/hamcrest/hamcrest-core/1.3/hamcrest-core-1.3.jar:/home/runner/.m2/repository/org/junit/jupiter/junit-jupiter-api/5.8.2/junit-jupiter-api-5.8.2.jar:/home/runner/.m2/repository/org/opentest4j/opentest4j/1.2.0/opentest4j-1.2.0.jar:/home/runner/.m2/repository/org/junit/platform/junit-platform-commons/1.8.2/junit-platform-commons-1.8.2.jar:/home/runner/.m2/repository/org/apiguardian/apiguardian-api/1.1.2/apiguardian-api-1.1.2.jar:/home/runner/.m2/repository/org/junit/jupiter/junit-jupiter-params/5.8.2/junit-jupiter-params-5.8.2.jar:/home/runner/.m2/repository/org/junit/jupiter/junit-jupiter-migrationsupport/5.8.2/junit-jupiter-migrationsupport-5.8.2.jar:/home/runner/.m2/repository/org/junit/jupiter/junit-jupiter-engine/5.8.2/junit-jupiter-engine-5.8.2.jar:/home/runner/.m2/repository/org/junit/platform/junit-platform-engine/1.8.2/junit-platform-engine-1.8.2.jar:/home/runner/.m2/repository/org/junit/vintage/junit-vintage-engine/5.8.2/junit-vintage-engine-5.8.2.jar:/home/runner/.m2/repository/org/junit/platform/junit-platform-launcher/1.8.2/junit-platform-launcher-1.8.2.jar:/home/runner/.m2/repository/org/mockito/mockito-core/2.28.2/mockito-core-2.28.2.jar:/home/runner/.m2/repository/net/bytebuddy/byte-buddy/1.9.10/byte-buddy-1.9.10.jar:/home/runner/.m2/repository/net/bytebuddy/byte-buddy-agent/1.9.10/byte-buddy-agent-1.9.10.jar:/home/runner/.m2/repository/org/objenesis/objenesis/1.0/objenesis-1.0.jar:/home/runner/.m2/repository/org/apache/hadoop/hadoop-kms/3.3.1/hadoop-kms-3.3.1.jar:/home/runner/.m2/repository/org/apache/hadoop/hadoop-auth/3.3.1/hadoop-auth-3.3.1.jar:/home/runner/.m2/repository/com/nimbusds/nimbus-jose-jwt/7.9/nimbus-jose-jwt-7.9.jar:/home/runner/.m2/repository/com/github/stephenc/jcip/jcip-annotations/1.0-1/jcip-annotations-1.0-1.jar:/home/runner/.m2/repository/net/minidev/json-smart/2.4.7/json-smart-2.4.7.jar:/home/runner/.m2/repository/net/minidev/accessors-smart/2.4.7/accessors-smart-2.4.7.jar:/home/runner/.m2/repository/org/ow2/asm/asm/5.0.4/asm-5.0.4.jar:/home/runner/.m2/repository/org/apache/zookeeper/zookeeper/3.5.6/zookeeper-3.5.6.jar:/home/runner/.m2/repository/org/apache/zookeeper/zookeeper-jute/3.5.6/zookeeper-jute-3.5.6.jar:/home/runner/.m2/repository/org/apache/yetus/audience-annotations/0.5.0/audience-annotations-0.5.0.jar:/home/runner/.m2/repository/org/apache/curator/curator-framework/4.2.0/curator-framework-4.2.0.jar:/home/runner/.m2/repository/org/apache/hadoop/thirdparty/hadoop-shaded-guava/1.1.1/hadoop-shaded-guava-1.1.1.jar:/home/runner/.m2/repository/com/sun/jersey/jersey-core/1.19/jersey-core-1.19.jar:/home/runner/.m2/repository/javax/ws/rs/jsr311-api/1.1.1/jsr311-api-1.1.1.jar:/home/runner/.m2/repository/com/sun/jersey/jersey-server/1.19/jersey-server-1.19.jar:/home/runner/.m2/repository/javax/servlet/javax.servlet-api/3.1.0/javax.servlet-api-3.1.0.jar:/home/runner/.m2/repository/org/eclipse/jetty/jetty-server/9.4.43.v20210629/jetty-server-9.4.43.v20210629.jar:/home/runner/.m2/repository/org/eclipse/jetty/jetty-http/9.4.43.v20210629/jetty-http-9.4.43.v20210629.jar:/home/runner/.m2/repository/org/eclipse/jetty/jetty-io/9.4.43.v20210629/jetty-io-9.4.43.v20210629.jar:/home/runner/.m2/repository/org/eclipse/jetty/jetty-webapp/9.4.43.v20210629/jetty-webapp-9.4.43.v20210629.jar:/home/runner/.m2/repository/org/eclipse/jetty/jetty-xml/9.4.43.v20210629/jetty-xml-9.4.43.v20210629.jar:/home/runner/.m2/repository/org/apache/hadoop/hadoop-common/3.3.1/hadoop-common-3.3.1.jar:/home/runner/.m2/repository/org/apache/commons/commons-math3/3.1.1/commons-math3-3.1.1.jar:/home/runner/.m2/repository/commons-net/commons-net/3.6/commons-net-3.6.jar:/home/runner/.m2/repository/com/sun/jersey/jersey-servlet/1.19/jersey-servlet-1.19.jar:/home/runner/.m2/repository/com/sun/jersey/jersey-json/1.19/jersey-json-1.19.jar:/home/runner/.m2/repository/org/codehaus/jettison/jettison/1.1/jettison-1.1.jar:/home/runner/.m2/repository/com/sun/xml/bind/jaxb-impl/2.2.3-1/jaxb-impl-2.2.3-1.jar:/home/runner/.m2/repository/org/codehaus/jackson/jackson-xc/1.9.2/jackson-xc-1.9.2.jar:/home/runner/.m2/repository/org/apache/commons/commons-configuration2/2.1.1/commons-configuration2-2.1.1.jar:/home/runner/.m2/repository/org/apache/commons/commons-text/1.4/commons-text-1.4.jar:/home/runner/.m2/repository/com/google/re2j/re2j/1.1/re2j-1.1.jar:/home/runner/.m2/repository/com/jcraft/jsch/0.1.54/jsch-0.1.54.jar:/home/runner/.m2/repository/org/apache/curator/curator-client/4.2.0/curator-client-4.2.0.jar:/home/runner/.m2/repository/org/apache/curator/curator-recipes/4.2.0/curator-recipes-4.2.0.jar:/home/runner/.m2/repository/org/apache/kerby/kerb-core/1.0.1/kerb-core-1.0.1.jar:/home/runner/.m2/repository/org/apache/kerby/kerby-pkix/1.0.1/kerby-pkix-1.0.1.jar:/home/runner/.m2/repository/org/apache/kerby/kerby-asn1/1.0.1/kerby-asn1-1.0.1.jar:/home/runner/.m2/repository/org/apache/kerby/kerby-util/1.0.1/kerby-util-1.0.1.jar:/home/runner/.m2/repository/dnsjava/dnsjava/2.1.7/dnsjava-2.1.7.jar:/home/runner/.m2/repository/org/xerial/snappy/snappy-java/1.1.8.2/snappy-java-1.1.8.2.jar:/home/runner/.m2/repository/org/slf4j/jul-to-slf4j/1.7.30/jul-to-slf4j-1.7.30.jar:/home/runner/.m2/repository/org/eclipse/jetty/jetty-util/9.4.43.v20210629/jetty-util-9.4.43.v20210629.jar:/home/runner/.m2/repository/com/fasterxml/jackson/core/jackson-databind/2.13.2.2/jackson-databind-2.13.2.2.jar:/home/runner/.m2/repository/org/apache/hadoop/hadoop-kms/3.3.1/hadoop-kms-3.3.1-tests.jar:/home/runner/.m2/repository/org/apache/ozone/hdds-server-scm/1.3.0-SNAPSHOT/hdds-server-scm-1.3.0-SNAPSHOT-tests.jar:/home/runner/.m2/repository/org/apache/ozone/hdds-container-service/1.3.0-SNAPSHOT/hdds-container-service-1.3.0-SNAPSHOT-tests.jar:/home/runner/.m2/repository/commons-codec/commons-codec/1.11/commons-codec-1.11.jar:/home/runner/.m2/repository/io/netty/netty-codec/4.1.79.Final/netty-codec-4.1.79.Final.jar:/home/runner/.m2/repository/io/netty/netty-handler/4.1.79.Final/netty-handler-4.1.79.Final.jar:/home/runner/.m2/repository/org/apache/ozone/hdds-hadoop-dependency-test/1.3.0-SNAPSHOT/hdds-hadoop-dependency-test-1.3.0-SNAPSHOT.jar:/home/runner/.m2/repository/org/apache/hadoop/hadoop-common/3.3.1/hadoop-common-3.3.1-tests.jar:/home/runner/.m2/repository/org/assertj/assertj-core/3.12.2/assertj-core-3.12.2.jar:/home/runner/.m2/repository/org/apache/hadoop/hadoop-hdfs/3.3.1/hadoop-hdfs-3.3.1-tests.jar:/home/runner/.m2/repository/org/eclipse/jetty/jetty-util-ajax/9.4.43.v20210629/jetty-util-ajax-9.4.43.v20210629.jar:/home/runner/.m2/repository/commons-daemon/commons-daemon/1.0.13/commons-daemon-1.0.13.jar:/home/runner/.m2/repository/io/netty/netty/3.10.6.Final/netty-3.10.6.Final.jar:/home/runner/.m2/repository/io/netty/netty-all/4.1.79.Final/netty-all-4.1.79.Final.jar:/home/runner/.m2/repository/io/netty/netty-codec-dns/4.1.79.Final/netty-codec-dns-4.1.79.Final.jar:/home/runner/.m2/repository/io/netty/netty-codec-haproxy/4.1.79.Final/netty-codec-haproxy-4.1.79.Final.jar:/home/runner/.m2/repository/io/netty/netty-codec-memcache/4.1.79.Final/netty-codec-memcache-4.1.79.Final.jar:/home/runner/.m2/repository/io/netty/netty-codec-mqtt/4.1.79.Final/netty-codec-mqtt-4.1.79.Final.jar:/home/runner/.m2/repository/io/netty/netty-codec-redis/4.1.79.Final/netty-codec-redis-4.1.79.Final.jar:/home/runner/.m2/repository/io/netty/netty-codec-smtp/4.1.79.Final/netty-codec-smtp-4.1.79.Final.jar:/home/runner/.m2/repository/io/netty/netty-codec-stomp/4.1.79.Final/netty-codec-stomp-4.1.79.Final.jar:/home/runner/.m2/repository/io/netty/netty-codec-xml/4.1.79.Final/netty-codec-xml-4.1.79.Final.jar:/home/runner/.m2/repository/io/netty/netty-resolver-dns/4.1.79.Final/netty-resolver-dns-4.1.79.Final.jar:/home/runner/.m2/repository/io/netty/netty-transport-rxtx/4.1.79.Final/netty-transport-rxtx-4.1.79.Final.jar:/home/runner/.m2/repository/io/netty/netty-transport-sctp/4.1.79.Final/netty-transport-sctp-4.1.79.Final.jar:/home/runner/.m2/repository/io/netty/netty-transport-udt/4.1.79.Final/netty-transport-udt-4.1.79.Final.jar:/home/runner/.m2/repository/io/netty/netty-transport-classes-kqueue/4.1.79.Final/netty-transport-classes-kqueue-4.1.79.Final.jar:/home/runner/.m2/repository/io/netty/netty-resolver-dns-classes-macos/4.1.79.Final/netty-resolver-dns-classes-macos-4.1.79.Final.jar:/home/runner/.m2/repository/io/netty/netty-transport-native-epoll/4.1.79.Final/netty-transport-native-epoll-4.1.79.Final-linux-aarch_64.jar:/home/runner/.m2/repository/io/netty/netty-transport-native-kqueue/4.1.79.Final/netty-transport-native-kqueue-4.1.79.Final-osx-x86_64.jar:/home/runner/.m2/repository/io/netty/netty-transport-native-kqueue/4.1.79.Final/netty-transport-native-kqueue-4.1.79.Final-osx-aarch_64.jar:/home/runner/.m2/repository/io/netty/netty-resolver-dns-native-macos/4.1.79.Final/netty-resolver-dns-native-macos-4.1.79.Final-osx-x86_64.jar:/home/runner/.m2/repository/io/netty/netty-resolver-dns-native-macos/4.1.79.Final/netty-resolver-dns-native-macos-4.1.79.Final-osx-aarch_64.jar:/home/runner/.m2/repository/org/apache/htrace/htrace-core4/4.1.0-incubating/htrace-core4-4.1.0-incubating.jar:/home/runner/.m2/repository/org/fusesource/leveldbjni/leveldbjni-all/1.8/leveldbjni-all-1.8.jar:/home/runner/.m2/repository/org/apache/hadoop/hadoop-distcp/3.3.1/hadoop-distcp-3.3.1.jar:/home/runner/.m2/repository/org/apache/hadoop/hadoop-mapreduce-client-jobclient/3.3.1/hadoop-mapreduce-client-jobclient-3.3.1.jar:/home/runner/.m2/repository/org/apache/hadoop/hadoop-mapreduce-client-common/3.3.1/hadoop-mapreduce-client-common-3.3.1.jar:/home/runner/.m2/repository/org/apache/hadoop/hadoop-yarn-common/3.3.1/hadoop-yarn-common-3.3.1.jar:/home/runner/.m2/repository/org/apache/hadoop/hadoop-yarn-api/3.3.1/hadoop-yarn-api-3.3.1.jar:/home/runner/.m2/repository/com/sun/jersey/contribs/jersey-guice/1.19/jersey-guice-1.19.jar:/home/runner/.m2/repository/com/fasterxml/jackson/jaxrs/jackson-jaxrs-json-provider/2.13.2/jackson-jaxrs-json-provider-2.13.2.jar:/home/runner/.m2/repository/com/fasterxml/jackson/jaxrs/jackson-jaxrs-base/2.13.2/jackson-jaxrs-base-2.13.2.jar:/home/runner/.m2/repository/org/apache/hadoop/hadoop-yarn-client/3.3.1/hadoop-yarn-client-3.3.1.jar:/home/runner/.m2/repository/org/eclipse/jetty/websocket/websocket-client/9.4.40.v20210413/websocket-client-9.4.40.v20210413.jar:/home/runner/.m2/repository/org/eclipse/jetty/websocket/websocket-common/9.4.40.v20210413/websocket-common-9.4.40.v20210413.jar:/home/runner/.m2/repository/org/eclipse/jetty/websocket/websocket-api/9.4.40.v20210413/websocket-api-9.4.40.v20210413.jar:/home/runner/.m2/repository/org/jline/jline/3.9.0/jline-3.9.0.jar:/home/runner/.m2/repository/org/apache/hadoop/hadoop-mapreduce-client-core/3.3.1/hadoop-mapreduce-client-core-3.3.1.jar:/home/runner/.m2/repository/org/apache/avro/avro/1.7.7/avro-1.7.7.jar:/home/runner/.m2/repository/org/codehaus/jackson/jackson-core-asl/1.9.13/jackson-core-asl-1.9.13.jar:/home/runner/.m2/repository/org/codehaus/jackson/jackson-mapper-asl/1.9.13/jackson-mapper-asl-1.9.13.jar:/home/runner/.m2/repository/com/thoughtworks/paranamer/paranamer/2.3/paranamer-2.3.jar:/home/runner/.m2/repository/org/apache/hadoop/hadoop-annotations/3.3.1/hadoop-annotations-3.3.1.jar:/usr/lib/jvm/temurin-8-jdk-amd64/jre/../lib/tools.jar:/home/runner/.m2/repository/org/apache/hadoop/hadoop-distcp/3.3.1/hadoop-distcp-3.3.1-tests.jar:/home/runner/.m2/repository/org/apache/ratis/ratis-common/2.3.0/ratis-common-2.3.0.jar:/home/runner/.m2/repository/org/apache/ratis/ratis-thirdparty-misc/1.0.0/ratis-thirdparty-misc-1.0.0.jar:/home/runner/.m2/repository/org/apache/ratis/ratis-proto/2.3.0/ratis-proto-2.3.0.jar:/home/runner/.m2/repository/org/apache/ozone/ozone-annotation-processing/1.3.0-SNAPSHOT/ozone-annotation-processing-1.3.0-SNAPSHOT.jar:"/>
    <property name="sun.cpu.endian" value="little"/>
    <property name="user.home" value="/home/runner"/>
    <property name="user.language" value="en"/>
    <property name="java.specification.vendor" value="Oracle Corporation"/>
    <property name="java.home" value="/usr/lib/jvm/temurin-8-jdk-amd64/jre"/>
    <property name="java.security.krb5.conf" value="/home/runner/work/ozone/ozone/hadoop-ozone/integration-test/target/test-classes/krb5.conf"/>
    <property name="basedir" value="/home/runner/work/ozone/ozone/hadoop-ozone/integration-test"/>
    <property name="file.separator" value="/"/>
    <property name="line.separator" value="&#10;"/>
    <property name="java.vm.specification.vendor" value="Oracle Corporation"/>
    <property name="java.specification.name" value="Java Platform API Specification"/>
    <property name="java.awt.graphicsenv" value="sun.awt.X11GraphicsEnvironment"/>
    <property name="skip.installnpx" value="true"/>
    <property name="surefire.real.class.path" value="/home/runner/work/ozone/ozone/hadoop-ozone/integration-test/target/surefire/surefirebooter1768176592916843695.jar:/home/runner/.m2/repository/org/jacoco/org.jacoco.agent/0.8.5/org.jacoco.agent-0.8.5-runtime.jar"/>
    <property name="hadoop.log.dir" value="/home/runner/work/ozone/ozone/hadoop-ozone/integration-test/target/log"/>
    <property name="sun.boot.class.path" value="/usr/lib/jvm/temurin-8-jdk-amd64/jre/lib/resources.jar:/usr/lib/jvm/temurin-8-jdk-amd64/jre/lib/rt.jar:/usr/lib/jvm/temurin-8-jdk-amd64/jre/lib/sunrsasign.jar:/usr/lib/jvm/temurin-8-jdk-amd64/jre/lib/jsse.jar:/usr/lib/jvm/temurin-8-jdk-amd64/jre/lib/jce.jar:/usr/lib/jvm/temurin-8-jdk-amd64/jre/lib/charsets.jar:/usr/lib/jvm/temurin-8-jdk-amd64/jre/lib/jfr.jar:/usr/lib/jvm/temurin-8-jdk-amd64/jre/classes"/>
    <property name="sun.management.compiler" value="HotSpot 64-Bit Tiered Compilers"/>
    <property name="skip.npx" value="true"/>
    <property name="java.runtime.version" value="1.8.0_332-b09"/>
    <property name="java.net.preferIPv4Stack" value="true"/>
    <property name="user.name" value="runner"/>
    <property name="path.separator" value=":"/>
    <property name="java.security.egd" value="file:///dev/urandom"/>
    <property name="os.version" value="5.4.0-1086-azure"/>
    <property name="java.endorsed.dirs" value="/usr/lib/jvm/temurin-8-jdk-amd64/jre/lib/endorsed"/>
    <property name="java.runtime.name" value="OpenJDK Runtime Environment"/>
    <property name="file.encoding" value="UTF-8"/>
    <property name="java.vm.name" value="OpenJDK 64-Bit Server VM"/>
    <property name="test.build.webapps" value=""/>
    <property name="localRepository" value="/home/runner/.m2/repository"/>
    <property name="jetty.git.hash" value="526006ecfa3af7f1a27ef3a288e2bef7ea9dd7e8"/>
    <property name="java.vendor.url.bug" value="https://github.com/adoptium/adoptium-support/issues"/>
    <property name="java.io.tmpdir" value="/tmp"/>
    <property name="require.test.libhadoop" value=""/>
    <property name="java.version" value="1.8.0_332"/>
    <property name="user.dir" value="/home/runner/work/ozone/ozone/hadoop-ozone/integration-test"/>
    <property name="os.arch" value="amd64"/>
    <property name="java.vm.specification.name" value="Java Virtual Machine Specification"/>
    <property name="test.build.classes" value="/home/runner/work/ozone/ozone/hadoop-ozone/integration-test/target/test-classes"/>
    <property name="java.awt.printerjob" value="sun.print.PSPrinterJob"/>
    <property name="sun.os.patch.level" value="unknown"/>
    <property name="hadoop.tmp.dir" value="/home/runner/work/ozone/ozone/hadoop-ozone/integration-test/target/tmp"/>
    <property name="java.library.path" value="/usr/java/packages/lib/amd64:/usr/lib64:/lib64:/lib:/usr/lib"/>
    <property name="java.vm.info" value="mixed mode"/>
    <property name="java.vendor" value="Temurin"/>
    <property name="java.vm.version" value="25.332-b09"/>
    <property name="java.ext.dirs" value="/usr/lib/jvm/temurin-8-jdk-amd64/jre/lib/ext:/usr/java/packages/lib/ext"/>
    <property name="sun.io.unicode.encoding" value="UnicodeLittle"/>
    <property name="java.class.version" value="52.0"/>
  </properties>
  <testcase name="testRenameDir" classname="TestRootedOzoneFileSystemWithFSO" time="0.267">
    <system-out><![CDATA[2022-07-27 23:16:19,117 [main] WARN  server.ServerUtils (ServerUtils.java:getScmDbDir(148)) - ozone.scm.db.dirs is not configured. We recommend adding this setting. Falling back to ozone.metadata.dirs instead.
2022-07-27 23:16:19,181 [main] WARN  server.ServerUtils (ServerUtils.java:getScmDbDir(148)) - ozone.scm.db.dirs is not configured. We recommend adding this setting. Falling back to ozone.metadata.dirs instead.
2022-07-27 23:16:19,184 [main] INFO  ha.SCMHANodeDetails (SCMHANodeDetails.java:loadSCMHAConfig(209)) - ServiceID for StorageContainerManager is null
2022-07-27 23:16:19,192 [main] WARN  ha.SCMHANodeDetails (SCMHANodeDetails.java:validateSCMHAConfig(182)) - Invalid config ozone.scm.ratis.enable. The config was not specified, but the default value true conflicts with the expected config value false. Falling back to the expected value. Current State of SCM: SCM is running in Non-HA without Ratis Ratis SCM -> Non Ratis SCM or Non HA SCM -> HA SCM is not supported
2022-07-27 23:16:19,193 [main] INFO  ha.SCMHANodeDetails (SCMHANodeDetails.java:loadSCMHAConfig(214)) - ozone.scm.default.service.id is not defined, falling back to ozone.scm.service.ids to find serviceID for StorageContainerManager if it is HA enabled cluster
2022-07-27 23:16:19,575 [main] WARN  utils.HAUtils (HAUtils.java:getMetaDir(342)) - ozone.scm.db.dirs is not configured. We recommend adding this setting. Falling back to ozone.metadata.dirs instead.
2022-07-27 23:16:19,766 [main] WARN  db.DBStoreBuilder (DBStoreBuilder.java:applyDBDefinition(145)) - ozone.scm.db.dirs is not configured. We recommend adding this setting. Falling back to ozone.metadata.dirs instead.
2022-07-27 23:16:19,935 [main] INFO  net.NodeSchemaLoader (NodeSchemaLoader.java:loadSchemaFromFile(129)) - Loading schema from [jar:file:/home/runner/.m2/repository/org/apache/ozone/hdds-common/1.3.0-SNAPSHOT/hdds-common-1.3.0-SNAPSHOT.jar!/network-topology-default.xml]
2022-07-27 23:16:19,936 [main] INFO  net.NodeSchemaLoader (NodeSchemaLoader.java:loadSchema(176)) - Loading network topology layer schema file
2022-07-27 23:16:19,969 [main] INFO  metrics.MetricRegistries (MetricRegistriesLoader.java:load(64)) - Loaded MetricRegistries class org.apache.ratis.metrics.impl.MetricRegistriesImpl
2022-07-27 23:16:19,975 [main] INFO  upgrade.AbstractLayoutVersionManager (AbstractLayoutVersionManager.java:init(83)) - Initializing Layout version manager with metadata layout = DATANODE_SCHEMA_V3 (version = 4), software layout = DATANODE_SCHEMA_V3 (version = 4)
2022-07-27 23:16:20,140 [main] INFO  reflections.Reflections (Reflections.java:scan(232)) - Reflections took 112 ms to scan 7 urls, producing 132 keys and 321 values 
2022-07-27 23:16:20,243 [main] INFO  ha.SequenceIdGenerator (SequenceIdGenerator.java:upgradeToSequenceId(349)) - upgrade localId to 109611004723200000
2022-07-27 23:16:20,243 [main] INFO  ha.SequenceIdGenerator (SequenceIdGenerator.java:upgradeToSequenceId(359)) - upgrade delTxnId to 0
2022-07-27 23:16:20,251 [main] INFO  ha.SequenceIdGenerator (SequenceIdGenerator.java:upgradeToSequenceId(376)) - upgrade containerId to 0
2022-07-27 23:16:20,253 [main] INFO  ha.SequenceIdGenerator (SequenceIdGenerator.java:<init>(220)) - Init the HA SequenceIdGenerator.
2022-07-27 23:16:20,294 [main] WARN  server.ServerUtils (ServerUtils.java:sanitizeUserArgs(73)) - ozone.scm.stale.node.interval value = 300000 is larger than max = 100000 based on the key value of ozone.scm.heartbeat.thread.interval, reset to the max value 100000.
2022-07-27 23:16:20,294 [main] WARN  server.ServerUtils (ServerUtils.java:sanitizeUserArgs(73)) - ozone.scm.stale.node.interval value = 300000 is larger than max = 100000 based on the key value of ozone.scm.heartbeat.thread.interval, reset to the max value 100000.
2022-07-27 23:16:20,303 [main] INFO  node.SCMNodeManager (SCMNodeManager.java:<init>(149)) - Entering startup safe mode.
2022-07-27 23:16:20,316 [main] INFO  algorithms.ContainerPlacementPolicyFactory (ContainerPlacementPolicyFactory.java:getPolicyInternal(86)) - Create container placement policy of type org.apache.hadoop.hdds.scm.container.placement.algorithms.SCMContainerPlacementRandom
2022-07-27 23:16:20,327 [main] INFO  pipeline.PipelineStateManagerImpl (PipelineStateManagerImpl.java:initialize(78)) - No pipeline exists in current db
2022-07-27 23:16:20,375 [main] INFO  algorithms.LeaderChoosePolicyFactory (LeaderChoosePolicyFactory.java:getPolicy(57)) - Create leader choose policy of type org.apache.hadoop.hdds.scm.pipeline.leader.choose.algorithms.MinLeaderCountChoosePolicy
2022-07-27 23:16:20,376 [main] INFO  algorithms.ContainerPlacementPolicyFactory (ContainerPlacementPolicyFactory.java:getPolicyInternal(86)) - Create container placement policy of type org.apache.hadoop.hdds.scm.container.placement.algorithms.SCMContainerPlacementRackScatter
2022-07-27 23:16:20,383 [main] INFO  ha.SCMServiceManager (SCMServiceManager.java:register(42)) - Registering service BackgroundPipelineCreator.
2022-07-27 23:16:20,383 [main] INFO  pipeline.BackgroundPipelineCreator (BackgroundPipelineCreator.java:start(124)) - Starting RatisPipelineUtilsThread.
2022-07-27 23:16:20,387 [main] INFO  BackgroundPipelineScrubber (BackgroundSCMService.java:start(68)) - Starting BackgroundPipelineScrubber Service.
2022-07-27 23:16:20,388 [main] INFO  ha.SCMServiceManager (SCMServiceManager.java:register(42)) - Registering service BackgroundPipelineScrubber.
2022-07-27 23:16:20,395 [main] INFO  ExpiredContainerReplicaOpScrubber (BackgroundSCMService.java:start(68)) - Starting ExpiredContainerReplicaOpScrubber Service.
2022-07-27 23:16:20,395 [main] INFO  ha.SCMServiceManager (SCMServiceManager.java:register(42)) - Registering service ExpiredContainerReplicaOpScrubber.
2022-07-27 23:16:20,435 [main] INFO  algorithms.PipelineChoosePolicyFactory (PipelineChoosePolicyFactory.java:createPipelineChoosePolicyFromClass(73)) - Create pipeline choose policy of type org.apache.hadoop.hdds.scm.pipeline.choose.algorithms.RandomPipelineChoosePolicy
2022-07-27 23:16:20,455 [main] INFO  ha.SCMServiceManager (SCMServiceManager.java:register(42)) - Registering service SCMBlockDeletingService.
2022-07-27 23:16:20,491 [main] INFO  replication.ReplicationManager (ReplicationManager.java:start(200)) - Starting Replication Monitor Thread.
2022-07-27 23:16:20,498 [main] INFO  UnderReplicatedQueueThread (BackgroundSCMService.java:start(68)) - Starting UnderReplicatedQueueThread Service.
2022-07-27 23:16:20,498 [ReplicationMonitor] INFO  replication.ReplicationManager (ReplicationManager.java:processAll(249)) - Replication Manager is not ready to run until 3000ms after safemode exit
2022-07-27 23:16:20,501 [main] INFO  ha.SCMServiceManager (SCMServiceManager.java:register(42)) - Registering service UnderReplicatedQueueThread.
2022-07-27 23:16:20,502 [main] INFO  OverReplicatedQueueThread (BackgroundSCMService.java:start(68)) - Starting OverReplicatedQueueThread Service.
2022-07-27 23:16:20,503 [main] INFO  ha.SCMServiceManager (SCMServiceManager.java:register(42)) - Registering service OverReplicatedQueueThread.
2022-07-27 23:16:20,503 [main] INFO  ha.SCMServiceManager (SCMServiceManager.java:register(42)) - Registering service ReplicationManager.
2022-07-27 23:16:20,510 [main] INFO  safemode.ContainerSafeModeRule (ContainerSafeModeRule.java:<init>(89)) - containers with one replica threshold count 0
2022-07-27 23:16:20,513 [main] INFO  safemode.HealthyPipelineSafeModeRule (HealthyPipelineSafeModeRule.java:initializeRule(169)) - Total pipeline count is 0, healthy pipeline threshold count is 1
2022-07-27 23:16:20,516 [main] INFO  safemode.OneReplicaPipelineSafeModeRule (OneReplicaPipelineSafeModeRule.java:initializeRule(180)) - Total pipeline count is 0, pipeline's with at least one datanode reported threshold count is 0
2022-07-27 23:16:20,762 [main] INFO  audit.AuditLogger (AuditLogger.java:refreshDebugCmdSet(126)) - Refresh DebugCmdSet for SCMAudit to [].
2022-07-27 23:16:20,793 [main] INFO  ipc.CallQueueManager (CallQueueManager.java:<init>(90)) - Using callQueue: class java.util.concurrent.LinkedBlockingQueue, queueCapacity: 2000, scheduler: class org.apache.hadoop.ipc.DefaultRpcScheduler, ipcBackoff: false.
2022-07-27 23:16:20,826 [Socket Reader #1 for port 0] INFO  ipc.Server (Server.java:run(1265)) - Starting Socket Reader #1 for port 0
2022-07-27 23:16:20,870 [Listener at 0.0.0.0/36191] INFO  audit.AuditLogger (AuditLogger.java:refreshDebugCmdSet(126)) - Refresh DebugCmdSet for SCMAudit to [].
2022-07-27 23:16:20,875 [Listener at 0.0.0.0/36191] INFO  ipc.CallQueueManager (CallQueueManager.java:<init>(90)) - Using callQueue: class java.util.concurrent.LinkedBlockingQueue, queueCapacity: 2000, scheduler: class org.apache.hadoop.ipc.DefaultRpcScheduler, ipcBackoff: false.
2022-07-27 23:16:20,878 [Socket Reader #1 for port 0] INFO  ipc.Server (Server.java:run(1265)) - Starting Socket Reader #1 for port 0
2022-07-27 23:16:20,902 [Listener at 0.0.0.0/39031] INFO  audit.AuditLogger (AuditLogger.java:refreshDebugCmdSet(126)) - Refresh DebugCmdSet for SCMAudit to [].
2022-07-27 23:16:20,912 [Listener at 0.0.0.0/39031] INFO  ipc.CallQueueManager (CallQueueManager.java:<init>(90)) - Using callQueue: class java.util.concurrent.LinkedBlockingQueue, queueCapacity: 2000, scheduler: class org.apache.hadoop.ipc.DefaultRpcScheduler, ipcBackoff: false.
2022-07-27 23:16:20,913 [Socket Reader #1 for port 0] INFO  ipc.Server (Server.java:run(1265)) - Starting Socket Reader #1 for port 0
2022-07-27 23:16:20,969 [Listener at 0.0.0.0/38849] INFO  ha.SCMServiceManager (SCMServiceManager.java:register(42)) - Registering service ContainerBalancer.
2022-07-27 23:16:20,970 [Listener at 0.0.0.0/38849] INFO  server.StorageContainerManager (StorageContainerManager.java:<init>(403)) - 
Container Balancer status:
Key                            Value
Running                        false
Container Balancer Configuration values:
Key                                                Value
Threshold                                          10
Max Datanodes to Involve per Iteration(percent)    20
Max Size to Move per Iteration                     500GB
Max Size Entering Target per Iteration             26GB
Max Size Leaving Source per Iteration              26GB

2022-07-27 23:16:20,972 [Listener at 0.0.0.0/38849] WARN  events.EventQueue (EventQueue.java:fireEvent(216)) - No event handler registered for event TypedEvent{payloadType=SafeModeStatus, name='Safe mode status'}
2022-07-27 23:16:20,972 [Listener at 0.0.0.0/38849] INFO  ha.SCMContext (SCMContext.java:updateSafeModeStatus(228)) - Update SafeModeStatus from SafeModeStatus{safeModeStatus=true, preCheckPassed=false} to SafeModeStatus{safeModeStatus=true, preCheckPassed=false}.
2022-07-27 23:16:20,975 [Listener at 0.0.0.0/38849] INFO  server.StorageContainerManager (StorageContainerManager.java:start(1452)) - StorageContainerLocationProtocol RPC server is listening at /0.0.0.0:38849
2022-07-27 23:16:21,042 [Listener at 0.0.0.0/38849] WARN  impl.MetricsConfig (MetricsConfig.java:loadFirst(136)) - Cannot locate configuration: tried hadoop-metrics2-storagecontainermanager.properties,hadoop-metrics2.properties
2022-07-27 23:16:21,053 [Listener at 0.0.0.0/38849] INFO  impl.MetricsSystemImpl (MetricsSystemImpl.java:startTimer(378)) - Scheduled Metric snapshot period at 10 second(s).
2022-07-27 23:16:21,053 [Listener at 0.0.0.0/38849] INFO  impl.MetricsSystemImpl (MetricsSystemImpl.java:start(191)) - StorageContainerManager metrics system started
2022-07-27 23:16:21,322 [Listener at 0.0.0.0/38849] INFO  server.SCMClientProtocolServer (SCMClientProtocolServer.java:start(170)) - RPC server for Client  is listening at /0.0.0.0:38849
2022-07-27 23:16:21,324 [IPC Server Responder] INFO  ipc.Server (Server.java:run(1507)) - IPC Server Responder: starting
2022-07-27 23:16:21,325 [IPC Server listener on 0] INFO  ipc.Server (Server.java:run(1344)) - IPC Server listener on 0: starting
2022-07-27 23:16:21,331 [Listener at 0.0.0.0/38849] INFO  server.StorageContainerManager (StorageContainerManager.java:start(1467)) - ScmBlockLocationProtocol RPC server is listening at /0.0.0.0:39031
2022-07-27 23:16:21,332 [Listener at 0.0.0.0/38849] INFO  server.SCMBlockProtocolServer (SCMBlockProtocolServer.java:start(152)) - RPC server for Block Protocol is listening at /0.0.0.0:39031
2022-07-27 23:16:21,334 [IPC Server Responder] INFO  ipc.Server (Server.java:run(1507)) - IPC Server Responder: starting
2022-07-27 23:16:21,334 [IPC Server listener on 0] INFO  ipc.Server (Server.java:run(1344)) - IPC Server listener on 0: starting
2022-07-27 23:16:21,338 [Listener at 0.0.0.0/38849] INFO  server.SCMDatanodeProtocolServer (SCMDatanodeProtocolServer.java:start(186)) - ScmDatanodeProtocol RPC server for DataNodes is listening at /0.0.0.0:36191
2022-07-27 23:16:21,339 [IPC Server Responder] INFO  ipc.Server (Server.java:run(1507)) - IPC Server Responder: starting
2022-07-27 23:16:21,339 [IPC Server listener on 0] INFO  ipc.Server (Server.java:run(1344)) - IPC Server listener on 0: starting
2022-07-27 23:16:21,358 [org.apache.hadoop.util.JvmPauseMonitor$Monitor@5ee95d42] INFO  util.JvmPauseMonitor (JvmPauseMonitor.java:run(188)) - Starting JVM pause monitor
2022-07-27 23:16:21,368 [Listener at 0.0.0.0/38849] INFO  http.BaseHttpServer (BaseHttpServer.java:newHttpServer2BuilderForOzone(209)) - Starting Web-server for scm at: http://0.0.0.0:0
2022-07-27 23:16:21,368 [Listener at 0.0.0.0/38849] INFO  http.BaseHttpServer (BaseHttpServer.java:<init>(107)) - Hadoop Security Enabled: false Ozone Security Enabled: false Ozone HTTP Security Enabled: false 
2022-07-27 23:16:21,391 [Listener at 0.0.0.0/38849] INFO  util.log (Log.java:initialized(170)) - Logging initialized @3782ms to org.eclipse.jetty.util.log.Slf4jLog
2022-07-27 23:16:21,487 [Listener at 0.0.0.0/38849] INFO  server.AuthenticationFilter (AuthenticationFilter.java:constructSecretProvider(240)) - Unable to initialize FileSignerSecretProvider, falling back to use random secrets.
2022-07-27 23:16:21,492 [Listener at 0.0.0.0/38849] WARN  http.HttpRequestLog (HttpRequestLog.java:getRequestLog(103)) - Jetty request log can only be enabled using Log4j
2022-07-27 23:16:21,500 [Listener at 0.0.0.0/38849] INFO  http.HttpServer2 (HttpServer2.java:addGlobalFilter(1029)) - Added global filter 'safety' (class=org.apache.hadoop.hdds.server.http.HttpServer2$QuotingInputFilter)
2022-07-27 23:16:21,503 [Listener at 0.0.0.0/38849] INFO  http.HttpServer2 (HttpServer2.java:addFilter(1005)) - Added filter static_user_filter (class=org.apache.hadoop.http.lib.StaticUserWebFilter$StaticUserFilter) to context scm
2022-07-27 23:16:21,503 [Listener at 0.0.0.0/38849] INFO  http.HttpServer2 (HttpServer2.java:addFilter(1013)) - Added filter static_user_filter (class=org.apache.hadoop.http.lib.StaticUserWebFilter$StaticUserFilter) to context logs
2022-07-27 23:16:21,504 [Listener at 0.0.0.0/38849] INFO  http.HttpServer2 (HttpServer2.java:addFilter(1013)) - Added filter static_user_filter (class=org.apache.hadoop.http.lib.StaticUserWebFilter$StaticUserFilter) to context static
2022-07-27 23:16:21,539 [Listener at 0.0.0.0/38849] INFO  http.HttpServer2 (HttpServer2.java:bindListener(1248)) - Jetty bound to port 42483
2022-07-27 23:16:21,540 [Listener at 0.0.0.0/38849] INFO  server.Server (Server.java:doStart(375)) - jetty-9.4.43.v20210629; built: 2021-06-30T11:07:22.254Z; git: 526006ecfa3af7f1a27ef3a288e2bef7ea9dd7e8; jvm 1.8.0_332-b09
2022-07-27 23:16:21,570 [Listener at 0.0.0.0/38849] INFO  server.session (DefaultSessionIdManager.java:doStart(334)) - DefaultSessionIdManager workerName=node0
2022-07-27 23:16:21,570 [Listener at 0.0.0.0/38849] INFO  server.session (DefaultSessionIdManager.java:doStart(339)) - No SessionScavenger set, using defaults
2022-07-27 23:16:21,572 [Listener at 0.0.0.0/38849] INFO  server.session (HouseKeeper.java:startScavenging(132)) - node0 Scavenging every 600000ms
2022-07-27 23:16:21,583 [Listener at 0.0.0.0/38849] INFO  handler.ContextHandler (ContextHandler.java:doStart(915)) - Started o.e.j.s.ServletContextHandler@13edc1bc{logs,/logs,file:///home/runner/work/ozone/ozone/hadoop-ozone/integration-test/target/log,AVAILABLE}
2022-07-27 23:16:21,584 [Listener at 0.0.0.0/38849] INFO  handler.ContextHandler (ContextHandler.java:doStart(915)) - Started o.e.j.s.ServletContextHandler@3ef7fb04{static,/static,file:///home/runner/work/ozone/ozone/hadoop-ozone/integration-test/target/test-classes/webapps/static,AVAILABLE}
2022-07-27 23:16:21,628 [Listener at 0.0.0.0/38849] INFO  handler.ContextHandler (ContextHandler.java:doStart(915)) - Started o.e.j.w.WebAppContext@61cff1e4{scm,/,file:///home/runner/work/ozone/ozone/hadoop-ozone/integration-test/target/test-classes/webapps/scm/,AVAILABLE}{file:/home/runner/work/ozone/ozone/hadoop-ozone/integration-test/target/test-classes/webapps/scm}
2022-07-27 23:16:21,638 [Listener at 0.0.0.0/38849] INFO  server.AbstractConnector (AbstractConnector.java:doStart(331)) - Started ServerConnector@256d8f17{HTTP/1.1, (http/1.1)}{0.0.0.0:42483}
2022-07-27 23:16:21,638 [Listener at 0.0.0.0/38849] INFO  server.Server (Server.java:doStart(415)) - Started @4030ms
2022-07-27 23:16:21,641 [Listener at 0.0.0.0/38849] INFO  impl.MetricsSinkAdapter (MetricsSinkAdapter.java:start(204)) - Sink prometheus started
2022-07-27 23:16:21,641 [Listener at 0.0.0.0/38849] INFO  impl.MetricsSystemImpl (MetricsSystemImpl.java:registerSink(305)) - Registered sink prometheus
2022-07-27 23:16:21,642 [Listener at 0.0.0.0/38849] INFO  http.BaseHttpServer (BaseHttpServer.java:updateConnectorAddress(329)) - HTTP server of scm listening at http://0.0.0.0:42483
2022-07-27 23:16:21,643 [Listener at 0.0.0.0/38849] WARN  server.ServerUtils (ServerUtils.java:getDBPath(225)) - ozone.om.db.dirs is not configured. We recommend adding this setting. Falling back to ozone.metadata.dirs instead.
2022-07-27 23:16:21,715 [Listener at 0.0.0.0/38849] INFO  audit.AuditLogger (AuditLogger.java:refreshDebugCmdSet(126)) - Refresh DebugCmdSet for OMAudit to [].
2022-07-27 23:16:21,793 [Listener at 0.0.0.0/38849] INFO  ha.OMHANodeDetails (OMHANodeDetails.java:loadOMHAConfig(115)) - ozone.om.internal.service.id is not defined, falling back to ozone.om.service.ids to find serviceID for OzoneManager if it is HA enabled cluster
2022-07-27 23:16:21,796 [Listener at 0.0.0.0/38849] INFO  ha.OMHANodeDetails (OMHANodeDetails.java:loadOMHAConfig(226)) - Configuration does not have ozone.om.address set. Falling back to the default OM address /127.0.0.1:0
2022-07-27 23:16:21,796 [Listener at 0.0.0.0/38849] INFO  ha.OMHANodeDetails (OMHANodeDetails.java:getOMNodeDetailsForNonHA(254)) - OM Service ID is not set. Setting it to the default ID: omServiceIdDefault
2022-07-27 23:16:21,796 [Listener at 0.0.0.0/38849] INFO  ha.OMHANodeDetails (OMHANodeDetails.java:getOMNodeDetailsForNonHA(261)) - OM Node ID is not set. Setting it to the default ID: om1
2022-07-27 23:16:21,802 [Listener at 0.0.0.0/38849] WARN  server.ServerUtils (ServerUtils.java:getDBPath(225)) - ozone.om.db.dirs is not configured. We recommend adding this setting. Falling back to ozone.metadata.dirs instead.
2022-07-27 23:16:21,803 [Listener at 0.0.0.0/38849] INFO  upgrade.AbstractLayoutVersionManager (AbstractLayoutVersionManager.java:init(83)) - Initializing Layout version manager with metadata layout = MULTITENANCY_SCHEMA (version = 3), software layout = MULTITENANCY_SCHEMA (version = 3)
2022-07-27 23:16:21,889 [Listener at 0.0.0.0/38849] INFO  reflections.Reflections (Reflections.java:scan(232)) - Reflections took 82 ms to scan 2 urls, producing 152 keys and 424 values [using 2 cores]
2022-07-27 23:16:21,894 [Listener at 0.0.0.0/38849] INFO  upgrade.OMLayoutVersionManager (OMLayoutVersionManager.java:lambda$0(115)) - Skipping Upgrade Action MockOmUpgradeAction since it has been finalized.
2022-07-27 23:16:21,896 [Listener at 0.0.0.0/38849] WARN  server.ServerUtils (ServerUtils.java:getDBPath(225)) - ozone.om.db.dirs is not configured. We recommend adding this setting. Falling back to ozone.metadata.dirs instead.
2022-07-27 23:16:22,047 [Listener at 0.0.0.0/38849] INFO  proxy.SCMBlockLocationFailoverProxyProvider (SCMBlockLocationFailoverProxyProvider.java:<init>(114)) - Created block location fail-over proxy with 1 nodes: [nodeId=scmNodeId,nodeAddress=/0.0.0.0:39031]
2022-07-27 23:16:22,079 [Listener at 0.0.0.0/38849] INFO  proxy.SCMBlockLocationFailoverProxyProvider (SCMBlockLocationFailoverProxyProvider.java:<init>(114)) - Created block location fail-over proxy with 1 nodes: [nodeId=scmNodeId,nodeAddress=/0.0.0.0:39031]
2022-07-27 23:16:22,264 [Listener at 0.0.0.0/38849] WARN  server.ServerUtils (ServerUtils.java:getDBPath(225)) - ozone.om.db.dirs is not configured. We recommend adding this setting. Falling back to ozone.metadata.dirs instead.
2022-07-27 23:16:22,270 [Listener at 0.0.0.0/38849] INFO  codec.OmKeyInfoCodec (OmKeyInfoCodec.java:<init>(49)) - OmKeyInfoCodec ignorePipeline = true
2022-07-27 23:16:22,271 [Listener at 0.0.0.0/38849] INFO  codec.RepeatedOmKeyInfoCodec (RepeatedOmKeyInfoCodec.java:<init>(41)) - RepeatedOmKeyInfoCodec ignorePipeline = true
2022-07-27 23:16:22,430 [Listener at 0.0.0.0/38849] INFO  om.OzoneManager (OzoneManager.java:instantiateServices(696)) - S3 Multi-Tenancy is disabled
2022-07-27 23:16:22,500 [Listener at 0.0.0.0/38849] INFO  om.OzoneManager (OzoneManager.java:addS3GVolumeToDB(4307)) - Created Volume s3v With Owner runner required for S3Gateway operations.
2022-07-27 23:16:22,566 [Listener at 0.0.0.0/38849] WARN  server.ServerUtils (ServerUtils.java:getDefaultRatisDirectory(237)) - Storage directory for Ratis is not configured. It is a good idea to map this to an SSD disk. Falling back to ozone.metadata.dirs
2022-07-27 23:16:22,566 [Listener at 0.0.0.0/38849] WARN  utils.OzoneManagerRatisUtils (OzoneManagerRatisUtils.java:getOMRatisSnapshotDirectory(431)) - ozone.om.ratis.snapshot.dir is not configured. Falling back to ozone.metadata.dirs config
2022-07-27 23:16:22,585 [Listener at 0.0.0.0/38849] WARN  server.ServerUtils (ServerUtils.java:getDefaultRatisDirectory(237)) - Storage directory for Ratis is not configured. It is a good idea to map this to an SSD disk. Falling back to ozone.metadata.dirs
2022-07-27 23:16:22,616 [Listener at 0.0.0.0/38849] INFO  ratis.OzoneManagerRatisServer (OzoneManagerRatisServer.java:<init>(159)) - Instantiating OM Ratis server with groupID: omServiceIdDefault and peers: localhost:9872
2022-07-27 23:16:22,626 [Listener at 0.0.0.0/38849] INFO  ratis.OzoneManagerStateMachine (OzoneManagerStateMachine.java:loadSnapshotInfoFromDB(632)) - LastAppliedIndex is set from TransactionInfo from OM DB as (t:0, i:~)
2022-07-27 23:16:22,678 [Listener at 0.0.0.0/38849] INFO  server.RaftServer (ConfUtils.java:logGet(46)) - raft.rpc.type = GRPC (default)
2022-07-27 23:16:22,749 [Listener at 0.0.0.0/38849] INFO  grpc.GrpcFactory (GrpcFactory.java:checkPooledByteBufAllocatorUseCacheForAllThreads(48)) - PERFORMANCE WARNING: useCacheForAllThreads is true that may cause Netty to create a lot garbage objects and, as a result, trigger GC.
	It is recommended to disable useCacheForAllThreads by setting -Dorg.apache.ratis.thirdparty.io.netty.allocator.useCacheForAllThreads=false in command line.
2022-07-27 23:16:22,752 [Listener at 0.0.0.0/38849] INFO  grpc.GrpcConfigKeys (ConfUtils.java:logGet(46)) - raft.grpc.admin.port = -1 (default)
2022-07-27 23:16:22,752 [Listener at 0.0.0.0/38849] INFO  grpc.GrpcConfigKeys (ConfUtils.java:logGet(46)) - raft.grpc.server.port = 9872 (custom)
2022-07-27 23:16:22,753 [Listener at 0.0.0.0/38849] INFO  grpc.GrpcConfigKeys (ConfUtils.java:logGet(46)) - raft.grpc.client.port = -1 (default)
2022-07-27 23:16:22,753 [Listener at 0.0.0.0/38849] INFO  grpc.GrpcConfigKeys (ConfUtils.java:logGet(46)) - raft.grpc.server.port = 9872 (custom)
2022-07-27 23:16:22,753 [Listener at 0.0.0.0/38849] INFO  grpc.GrpcConfigKeys (ConfUtils.java:logGet(46)) - raft.grpc.server.port = 9872 (custom)
2022-07-27 23:16:22,754 [Listener at 0.0.0.0/38849] INFO  server.GrpcService (ConfUtils.java:logGet(46)) - raft.grpc.message.size.max = 33554432 (custom)
2022-07-27 23:16:22,755 [Listener at 0.0.0.0/38849] INFO  server.RaftServerConfigKeys (ConfUtils.java:logGet(46)) - raft.server.log.appender.buffer.byte-limit = 33554432 (custom)
2022-07-27 23:16:22,755 [Listener at 0.0.0.0/38849] INFO  server.GrpcService (ConfUtils.java:logGet(46)) - raft.grpc.flow.control.window = 1MB (=1048576) (default)
2022-07-27 23:16:22,756 [Listener at 0.0.0.0/38849] INFO  server.RaftServerConfigKeys (ConfUtils.java:logGet(46)) - raft.server.rpc.request.timeout = 3000ms (default)
2022-07-27 23:16:22,770 [Listener at 0.0.0.0/38849] INFO  grpc.GrpcConfigKeys (ConfUtils.java:logGet(46)) - raft.grpc.server.async.request.thread.pool.cached = true (default)
2022-07-27 23:16:22,770 [Listener at 0.0.0.0/38849] INFO  grpc.GrpcConfigKeys (ConfUtils.java:logGet(46)) - raft.grpc.server.async.request.thread.pool.size = 32 (default)
2022-07-27 23:16:23,016 [Listener at 0.0.0.0/38849] INFO  impl.DataStreamServerImpl (ConfUtils.java:logGet(46)) - raft.datastream.type = DISABLED (default)
2022-07-27 23:16:23,019 [Listener at 0.0.0.0/38849] INFO  server.RaftServerConfigKeys (ConfUtils.java:logGet(46)) - raft.server.threadpool.proxy.cached = true (default)
2022-07-27 23:16:23,019 [Listener at 0.0.0.0/38849] INFO  server.RaftServerConfigKeys (ConfUtils.java:logGet(46)) - raft.server.threadpool.proxy.size = 0 (default)
2022-07-27 23:16:23,020 [Listener at 0.0.0.0/38849] INFO  server.RaftServerConfigKeys (ConfUtils.java:logGet(46)) - raft.server.rpc.slowness.timeout = 120s (custom)
2022-07-27 23:16:23,020 [Listener at 0.0.0.0/38849] INFO  server.RaftServerConfigKeys (ConfUtils.java:logGet(46)) - raft.server.leaderelection.leader.step-down.wait-time = 10s (default)
2022-07-27 23:16:23,022 [Listener at 0.0.0.0/38849] INFO  server.RaftServerConfigKeys (ConfUtils.java:logGet(46)) - raft.server.storage.dir = [/home/runner/work/ozone/ozone/hadoop-ozone/integration-test/target/test-dir/MiniOzoneClusterImpl-9e07804d-d88b-4889-9752-1ce24c589c62/ozone-meta/ratis] (custom)
2022-07-27 23:16:23,029 [Listener at 0.0.0.0/38849] INFO  server.RaftServer (RaftServerProxy.java:addNew(96)) - om1: addNew group-C5BA1605619E:[om1|rpc:localhost:9872|priority:0] returns group-C5BA1605619E:java.util.concurrent.CompletableFuture@51729c2b[Not completed]
2022-07-27 23:16:23,029 [Listener at 0.0.0.0/38849] INFO  om.OzoneManager (OzoneManager.java:initializeRatisServer(1962)) - OzoneManager Ratis server initialized at port 9872
2022-07-27 23:16:23,036 [Listener at 0.0.0.0/38849] INFO  om.OzoneManager (OzoneManager.java:getRpcServer(1085)) - Creating RPC Server
2022-07-27 23:16:23,071 [pool-55-thread-1] INFO  server.RaftServer$Division (RaftServerImpl.java:<init>(190)) - om1: new RaftServerImpl for group-C5BA1605619E:[om1|rpc:localhost:9872|priority:0] with OzoneManagerStateMachine:uninitialized
2022-07-27 23:16:23,072 [pool-55-thread-1] INFO  server.RaftServerConfigKeys (ConfUtils.java:logGet(46)) - raft.server.rpc.timeout.min = 1s (custom)
2022-07-27 23:16:23,073 [pool-55-thread-1] INFO  server.RaftServerConfigKeys (ConfUtils.java:logGet(46)) - raft.server.rpc.timeout.max = 1200ms (custom)
2022-07-27 23:16:23,073 [pool-55-thread-1] INFO  server.RaftServerConfigKeys (ConfUtils.java:logGet(46)) - raft.server.rpc.sleep.time = 25ms (default)
2022-07-27 23:16:23,074 [pool-55-thread-1] INFO  server.RaftServerConfigKeys (ConfUtils.java:logGet(46)) - raft.server.rpc.slowness.timeout = 120s (custom)
2022-07-27 23:16:23,074 [pool-55-thread-1] INFO  server.RaftServerConfigKeys (ConfUtils.java:logGet(46)) - raft.server.leaderelection.leader.step-down.wait-time = 10s (default)
2022-07-27 23:16:23,074 [pool-55-thread-1] INFO  server.RaftServerConfigKeys (ConfUtils.java:logGet(46)) - raft.server.sleep.deviation.threshold = 300ms (default)
2022-07-27 23:16:23,080 [pool-55-thread-1] INFO  server.RaftServer$Division (ServerState.java:<init>(107)) - om1@group-C5BA1605619E: ConfigurationManager, init=-1: [om1|rpc:localhost:9872|priority:0], old=null, confs=<EMPTY_MAP>
2022-07-27 23:16:23,080 [pool-55-thread-1] INFO  server.RaftServerConfigKeys (ConfUtils.java:logGet(46)) - raft.server.storage.dir = [/home/runner/work/ozone/ozone/hadoop-ozone/integration-test/target/test-dir/MiniOzoneClusterImpl-9e07804d-d88b-4889-9752-1ce24c589c62/ozone-meta/ratis] (custom)
2022-07-27 23:16:23,084 [pool-55-thread-1] INFO  server.RaftServerConfigKeys (ConfUtils.java:logGet(46)) - raft.server.log.corruption.policy = EXCEPTION (default)
2022-07-27 23:16:23,084 [pool-55-thread-1] INFO  server.RaftServerConfigKeys (ConfUtils.java:logGet(46)) - raft.server.storage.free-space.min = 0MB (=0) (default)
2022-07-27 23:16:23,086 [pool-55-thread-1] INFO  storage.RaftStorageDirectory (RaftStorageDirectoryImpl.java:analyzeStorage(135)) - The storage directory /home/runner/work/ozone/ozone/hadoop-ozone/integration-test/target/test-dir/MiniOzoneClusterImpl-9e07804d-d88b-4889-9752-1ce24c589c62/ozone-meta/ratis/bf265839-605b-3f16-9796-c5ba1605619e does not exist. Creating ...
2022-07-27 23:16:23,094 [pool-55-thread-1] INFO  storage.RaftStorageDirectory (RaftStorageDirectoryImpl.java:tryLock(230)) - Lock on /home/runner/work/ozone/ozone/hadoop-ozone/integration-test/target/test-dir/MiniOzoneClusterImpl-9e07804d-d88b-4889-9752-1ce24c589c62/ozone-meta/ratis/bf265839-605b-3f16-9796-c5ba1605619e/in_use.lock acquired by nodename 1474@fv-az129-30
2022-07-27 23:16:23,107 [pool-55-thread-1] INFO  storage.RaftStorage (RaftStorageImpl.java:format(89)) - Storage directory /home/runner/work/ozone/ozone/hadoop-ozone/integration-test/target/test-dir/MiniOzoneClusterImpl-9e07804d-d88b-4889-9752-1ce24c589c62/ozone-meta/ratis/bf265839-605b-3f16-9796-c5ba1605619e has been successfully formatted.
2022-07-27 23:16:23,112 [pool-55-thread-1] INFO  server.RaftServerConfigKeys (ConfUtils.java:logGet(46)) - raft.server.notification.no-leader.timeout = 120s (custom)
2022-07-27 23:16:23,120 [pool-55-thread-1] INFO  server.RaftServerConfigKeys (ConfUtils.java:logGet(46)) - raft.server.log.use.memory = false (default)
2022-07-27 23:16:23,136 [pool-55-thread-1] INFO  server.RaftServerConfigKeys (ConfUtils.java:logGet(46)) - raft.server.log.purge.gap = 1000000 (custom)
2022-07-27 23:16:23,137 [pool-55-thread-1] INFO  server.RaftServerConfigKeys (ConfUtils.java:logGet(46)) - raft.server.log.appender.buffer.byte-limit = 33554432 (custom)
2022-07-27 23:16:23,142 [pool-55-thread-1] INFO  server.RaftServerConfigKeys (ConfUtils.java:logGet(46)) - raft.server.log.statemachine.data.read.timeout = 1000ms (default)
2022-07-27 23:16:23,163 [pool-55-thread-1] INFO  server.RaftServerConfigKeys (ConfUtils.java:logGet(46)) - raft.server.log.segment.size.max = 4194304 (custom)
2022-07-27 23:16:23,180 [pool-55-thread-1] INFO  server.RaftServerConfigKeys (ConfUtils.java:logGet(46)) - raft.server.log.segment.cache.num.max = 2 (custom)
2022-07-27 23:16:23,180 [pool-55-thread-1] INFO  server.RaftServerConfigKeys (ConfUtils.java:logGet(46)) - raft.server.log.segment.cache.size.max = 200MB (=209715200) (default)
2022-07-27 23:16:23,221 [pool-55-thread-1] INFO  segmented.SegmentedRaftLogWorker (SegmentedRaftLogWorker.java:<init>(187)) - new om1@group-C5BA1605619E-SegmentedRaftLogWorker for RaftStorageImpl:Storage Directory /home/runner/work/ozone/ozone/hadoop-ozone/integration-test/target/test-dir/MiniOzoneClusterImpl-9e07804d-d88b-4889-9752-1ce24c589c62/ozone-meta/ratis/bf265839-605b-3f16-9796-c5ba1605619e
2022-07-27 23:16:23,224 [pool-55-thread-1] INFO  server.RaftServerConfigKeys (ConfUtils.java:logGet(46)) - raft.server.log.queue.byte-limit = 64MB (=67108864) (default)
2022-07-27 23:16:23,224 [pool-55-thread-1] INFO  server.RaftServerConfigKeys (ConfUtils.java:logGet(46)) - raft.server.log.queue.element-limit = 4096 (default)
2022-07-27 23:16:23,225 [pool-55-thread-1] INFO  server.RaftServerConfigKeys (ConfUtils.java:logGet(46)) - raft.server.log.segment.size.max = 4194304 (custom)
2022-07-27 23:16:23,226 [pool-55-thread-1] INFO  server.RaftServerConfigKeys (ConfUtils.java:logGet(46)) - raft.server.log.preallocated.size = 4194304 (custom)
2022-07-27 23:16:23,226 [pool-55-thread-1] INFO  server.RaftServerConfigKeys (ConfUtils.java:logGet(46)) - raft.server.log.force.sync.num = 128 (default)
2022-07-27 23:16:23,227 [pool-55-thread-1] INFO  server.RaftServerConfigKeys (ConfUtils.java:logGet(46)) - raft.server.log.statemachine.data.sync = true (default)
2022-07-27 23:16:23,227 [pool-55-thread-1] INFO  server.RaftServerConfigKeys (ConfUtils.java:logGet(46)) - raft.server.log.statemachine.data.sync.timeout = 10s (default)
2022-07-27 23:16:23,234 [pool-55-thread-1] INFO  server.RaftServerConfigKeys (ConfUtils.java:logGet(46)) - raft.server.log.statemachine.data.sync.timeout.retry = -1 (default)
2022-07-27 23:16:23,241 [pool-55-thread-1] INFO  server.RaftServerConfigKeys (ConfUtils.java:logGet(46)) - raft.server.log.write.buffer.size = 64KB (=65536) (default)
2022-07-27 23:16:23,248 [pool-55-thread-1] INFO  server.RaftServerConfigKeys (ConfUtils.java:logGet(46)) - raft.server.log.unsafe-flush.enabled = false (default)
2022-07-27 23:16:23,248 [pool-55-thread-1] INFO  server.RaftServerConfigKeys (ConfUtils.java:logGet(46)) - raft.server.log.statemachine.data.caching.enabled = false (default)
2022-07-27 23:16:23,256 [pool-55-thread-1] INFO  segmented.SegmentedRaftLogWorker (SegmentedRaftLogWorker.java:lambda$new$0(135)) - om1@group-C5BA1605619E-SegmentedRaftLogWorker: flushIndex: setUnconditionally 0 -> -1
2022-07-27 23:16:23,257 [pool-55-thread-1] INFO  segmented.SegmentedRaftLogWorker (SegmentedRaftLogWorker.java:lambda$new$0(135)) - om1@group-C5BA1605619E-SegmentedRaftLogWorker: safeCacheEvictIndex: setUnconditionally 0 -> -1
2022-07-27 23:16:23,266 [pool-55-thread-1] INFO  server.RaftServerConfigKeys (ConfUtils.java:logGet(46)) - raft.server.snapshot.auto.trigger.enabled = true (custom)
2022-07-27 23:16:23,267 [pool-55-thread-1] INFO  server.RaftServerConfigKeys (ConfUtils.java:logGet(46)) - raft.server.snapshot.auto.trigger.threshold = 400000 (default)
2022-07-27 23:16:23,275 [pool-55-thread-1] INFO  server.RaftServerConfigKeys (ConfUtils.java:logGet(46)) - raft.server.snapshot.retention.file.num = -1 (default)
2022-07-27 23:16:23,275 [pool-55-thread-1] INFO  server.RaftServerConfigKeys (ConfUtils.java:logGet(46)) - raft.server.log.purge.upto.snapshot.index = true (custom)
2022-07-27 23:16:23,277 [pool-55-thread-1] INFO  server.RaftServerConfigKeys (ConfUtils.java:logGet(46)) - raft.server.retrycache.expirytime = 300s (custom)
2022-07-27 23:16:23,277 [pool-55-thread-1] INFO  server.RaftServerConfigKeys (ConfUtils.java:logGet(46)) - raft.server.retrycache.statistics.expirytime = 100μs (default)
2022-07-27 23:16:23,380 [pool-55-thread-1] INFO  server.RaftServerConfigKeys (ConfUtils.java:logGet(46)) - raft.server.log.appender.install.snapshot.enabled = false (custom)
2022-07-27 23:16:23,381 [pool-55-thread-1] INFO  server.RaftServerConfigKeys (ConfUtils.java:logGet(46)) - raft.server.threadpool.server.cached = true (default)
2022-07-27 23:16:23,381 [pool-55-thread-1] INFO  server.RaftServerConfigKeys (ConfUtils.java:logGet(46)) - raft.server.threadpool.server.size = 0 (default)
2022-07-27 23:16:23,381 [pool-55-thread-1] INFO  server.RaftServerConfigKeys (ConfUtils.java:logGet(46)) - raft.server.threadpool.client.cached = true (default)
2022-07-27 23:16:23,381 [pool-55-thread-1] INFO  server.RaftServerConfigKeys (ConfUtils.java:logGet(46)) - raft.server.threadpool.client.size = 0 (default)
2022-07-27 23:16:23,672 [Listener at 0.0.0.0/38849] INFO  reflections.Reflections (Reflections.java:scan(232)) - Reflections took 578 ms to scan 19 urls, producing 67 keys and 4137 values [using 2 cores]
2022-07-27 23:16:23,807 [Listener at 0.0.0.0/38849] INFO  ipc.CallQueueManager (CallQueueManager.java:<init>(90)) - Using callQueue: class java.util.concurrent.LinkedBlockingQueue, queueCapacity: 2000, scheduler: class org.apache.hadoop.ipc.DefaultRpcScheduler, ipcBackoff: false.
2022-07-27 23:16:23,807 [Socket Reader #1 for port 0] INFO  ipc.Server (Server.java:run(1265)) - Starting Socket Reader #1 for port 0
2022-07-27 23:16:23,832 [Listener at 127.0.0.1/44809] INFO  impl.MetricsSystemImpl (MetricsSystemImpl.java:init(158)) - OzoneManager metrics system started (again)
2022-07-27 23:16:23,842 [Listener at 127.0.0.1/44809] INFO  om.OzoneManager (OzoneManager.java:start(1469)) - OzoneManager RPC server is listening at localhost/127.0.0.1:44809
2022-07-27 23:16:23,843 [Listener at 127.0.0.1/44809] INFO  ratis.OzoneManagerRatisServer (OzoneManagerRatisServer.java:start(554)) - Starting OzoneManagerRatisServer om1 at port 9872
2022-07-27 23:16:23,845 [om1-impl-thread1] INFO  server.RaftServer$Division (RaftServerImpl.java:start(310)) - om1@group-C5BA1605619E: start as a follower, conf=-1: [om1|rpc:localhost:9872|priority:0], old=null
2022-07-27 23:16:23,845 [om1-impl-thread1] INFO  server.RaftServer$Division (RaftServerImpl.java:setRole(299)) - om1@group-C5BA1605619E: changes role from      null to FOLLOWER at term 0 for startAsFollower
2022-07-27 23:16:23,846 [om1-impl-thread1] INFO  impl.RoleInfo (RoleInfo.java:updateAndGet(139)) - om1: start om1@group-C5BA1605619E-FollowerState
2022-07-27 23:16:23,851 [om1-impl-thread1] INFO  util.JmxRegister (JmxRegister.java:tryRegister(44)) - Successfully registered JMX Bean with object name Ratis:service=RaftServer,group=group-C5BA1605619E,id=om1
2022-07-27 23:16:23,854 [Listener at 127.0.0.1/44809] INFO  server.RaftServer (RaftServerProxy.java:lambda$start$6(382)) - om1: start RPC server
2022-07-27 23:16:24,024 [Listener at 127.0.0.1/44809] INFO  server.GrpcService (GrpcService.java:startImpl(260)) - om1: GrpcService started, listening on 9872
2022-07-27 23:16:24,027 [Listener at 127.0.0.1/44809] INFO  om.OzoneManager (OzoneManager.java:start(1485)) - Version File has different layout version (3) than OM DB (null). That is expected if this OM has never been finalized to a newer layout version.
2022-07-27 23:16:24,029 [org.apache.ratis.util.JvmPauseMonitor$$Lambda$616/285728533@67be0ae9] INFO  util.JvmPauseMonitor (JvmPauseMonitor.java:run(103)) - JvmPauseMonitor-om1: Started
2022-07-27 23:16:24,042 [Listener at 127.0.0.1/44809] INFO  http.BaseHttpServer (BaseHttpServer.java:newHttpServer2BuilderForOzone(209)) - Starting Web-server for ozoneManager at: http://0.0.0.0:0
2022-07-27 23:16:24,042 [Listener at 127.0.0.1/44809] INFO  http.BaseHttpServer (BaseHttpServer.java:<init>(107)) - Hadoop Security Enabled: false Ozone Security Enabled: false Ozone HTTP Security Enabled: false 
2022-07-27 23:16:24,044 [Listener at 127.0.0.1/44809] INFO  server.AuthenticationFilter (AuthenticationFilter.java:constructSecretProvider(240)) - Unable to initialize FileSignerSecretProvider, falling back to use random secrets.
2022-07-27 23:16:24,050 [Listener at 127.0.0.1/44809] WARN  http.HttpRequestLog (HttpRequestLog.java:getRequestLog(103)) - Jetty request log can only be enabled using Log4j
2022-07-27 23:16:24,052 [Listener at 127.0.0.1/44809] INFO  http.HttpServer2 (HttpServer2.java:addGlobalFilter(1029)) - Added global filter 'safety' (class=org.apache.hadoop.hdds.server.http.HttpServer2$QuotingInputFilter)
2022-07-27 23:16:24,052 [Listener at 127.0.0.1/44809] INFO  http.HttpServer2 (HttpServer2.java:addFilter(1005)) - Added filter static_user_filter (class=org.apache.hadoop.http.lib.StaticUserWebFilter$StaticUserFilter) to context ozoneManager
2022-07-27 23:16:24,053 [Listener at 127.0.0.1/44809] INFO  http.HttpServer2 (HttpServer2.java:addFilter(1013)) - Added filter static_user_filter (class=org.apache.hadoop.http.lib.StaticUserWebFilter$StaticUserFilter) to context static
2022-07-27 23:16:24,053 [Listener at 127.0.0.1/44809] INFO  http.HttpServer2 (HttpServer2.java:addFilter(1013)) - Added filter static_user_filter (class=org.apache.hadoop.http.lib.StaticUserWebFilter$StaticUserFilter) to context logs
2022-07-27 23:16:24,054 [Listener at 127.0.0.1/44809] INFO  http.HttpServer2 (HttpServer2.java:bindListener(1248)) - Jetty bound to port 42537
2022-07-27 23:16:24,054 [Listener at 127.0.0.1/44809] INFO  server.Server (Server.java:doStart(375)) - jetty-9.4.43.v20210629; built: 2021-06-30T11:07:22.254Z; git: 526006ecfa3af7f1a27ef3a288e2bef7ea9dd7e8; jvm 1.8.0_332-b09
2022-07-27 23:16:24,057 [Listener at 127.0.0.1/44809] INFO  server.session (DefaultSessionIdManager.java:doStart(334)) - DefaultSessionIdManager workerName=node0
2022-07-27 23:16:24,057 [Listener at 127.0.0.1/44809] INFO  server.session (DefaultSessionIdManager.java:doStart(339)) - No SessionScavenger set, using defaults
2022-07-27 23:16:24,058 [Listener at 127.0.0.1/44809] INFO  server.session (HouseKeeper.java:startScavenging(132)) - node0 Scavenging every 660000ms
2022-07-27 23:16:24,058 [Listener at 127.0.0.1/44809] INFO  handler.ContextHandler (ContextHandler.java:doStart(915)) - Started o.e.j.s.ServletContextHandler@25a4c88a{logs,/logs,file:///home/runner/work/ozone/ozone/hadoop-ozone/integration-test/target/log,AVAILABLE}
2022-07-27 23:16:24,059 [Listener at 127.0.0.1/44809] INFO  handler.ContextHandler (ContextHandler.java:doStart(915)) - Started o.e.j.s.ServletContextHandler@42300e1c{static,/static,file:///home/runner/work/ozone/ozone/hadoop-ozone/integration-test/target/test-classes/webapps/static,AVAILABLE}
2022-07-27 23:16:24,062 [Listener at 127.0.0.1/44809] INFO  handler.ContextHandler (ContextHandler.java:doStart(915)) - Started o.e.j.w.WebAppContext@76838ab3{ozoneManager,/,file:///home/runner/work/ozone/ozone/hadoop-ozone/integration-test/target/test-classes/webapps/ozoneManager/,AVAILABLE}{file:/home/runner/work/ozone/ozone/hadoop-ozone/integration-test/target/test-classes/webapps/ozoneManager}
2022-07-27 23:16:24,063 [Listener at 127.0.0.1/44809] INFO  server.AbstractConnector (AbstractConnector.java:doStart(331)) - Started ServerConnector@347573ac{HTTP/1.1, (http/1.1)}{0.0.0.0:42537}
2022-07-27 23:16:24,063 [Listener at 127.0.0.1/44809] INFO  server.Server (Server.java:doStart(415)) - Started @6455ms
2022-07-27 23:16:24,064 [Listener at 127.0.0.1/44809] WARN  impl.MetricsSystemImpl (MetricsSystemImpl.java:register(279)) - Sink prometheus already exists!
2022-07-27 23:16:24,064 [Listener at 127.0.0.1/44809] INFO  http.BaseHttpServer (BaseHttpServer.java:updateConnectorAddress(329)) - HTTP server of ozoneManager listening at http://0.0.0.0:42537
2022-07-27 23:16:24,066 [IPC Server Responder] INFO  ipc.Server (Server.java:run(1507)) - IPC Server Responder: starting
2022-07-27 23:16:24,068 [IPC Server listener on 0] INFO  ipc.Server (Server.java:run(1344)) - IPC Server listener on 0: starting
2022-07-27 23:16:24,106 [Listener at 127.0.0.1/44809] INFO  om.TrashPolicyOzone (TrashPolicyOzone.java:<init>(178)) - Ozone Manager trash configuration: Deletion interval = 0 minutes, Emptier interval = 0 minutes.
2022-07-27 23:16:24,118 [org.apache.hadoop.util.JvmPauseMonitor$Monitor@61fb25bd] INFO  util.JvmPauseMonitor (JvmPauseMonitor.java:run(188)) - Starting JVM pause monitor
2022-07-27 23:16:24,274 [Listener at 127.0.0.1/44809] WARN  impl.MetricRegistriesImpl (MetricRegistriesImpl.java:addReporterRegistration(111)) - New reporters are added after registries were created. Some metrics will be missing from the reporter. Please add reporter before adding any new registry.
2022-07-27 23:16:24,274 [Listener at 127.0.0.1/44809] WARN  impl.MetricRegistriesImpl (MetricRegistriesImpl.java:addReporterRegistration(111)) - New reporters are added after registries were created. Some metrics will be missing from the reporter. Please add reporter before adding any new registry.
2022-07-27 23:16:24,274 [Listener at 127.0.0.1/44809] INFO  impl.MetricsSystemImpl (MetricsSystemImpl.java:init(158)) - HddsDatanode metrics system started (again)
2022-07-27 23:16:24,290 [Listener at 127.0.0.1/44809] INFO  ozone.HddsDatanodeService (HddsDatanodeService.java:start(236)) - HddsDatanodeService host:fv-az129-30.sikifmtxjocetiwdfcy5r2sqla.phxx.internal.cloudapp.net ip:10.1.0.23
2022-07-27 23:16:24,319 [Listener at 127.0.0.1/44809] INFO  upgrade.AbstractLayoutVersionManager (AbstractLayoutVersionManager.java:init(83)) - Initializing Layout version manager with metadata layout = DATANODE_SCHEMA_V3 (version = 4), software layout = DATANODE_SCHEMA_V3 (version = 4)
2022-07-27 23:16:24,374 [Listener at 127.0.0.1/44809] INFO  reflections.Reflections (Reflections.java:scan(232)) - Reflections took 54 ms to scan 7 urls, producing 132 keys and 321 values 
2022-07-27 23:16:24,380 [Listener at 127.0.0.1/44809] INFO  statemachine.DatanodeStateMachine (DatanodeStateMachine.java:getEndPointTaskThreadPoolSize(237)) - Datanode State Machine Task Thread Pool size 2
2022-07-27 23:16:24,425 [Listener at 127.0.0.1/44809] INFO  volume.HddsVolume (HddsVolume.java:<init>(116)) - Creating HddsVolume: /home/runner/work/ozone/ozone/hadoop-ozone/integration-test/target/test-dir/MiniOzoneClusterImpl-9e07804d-d88b-4889-9752-1ce24c589c62/datanode-0/data-0/containers/hdds of storage type : DISK capacity : 9223372036854775807
2022-07-27 23:16:24,427 [Listener at 127.0.0.1/44809] INFO  volume.MutableVolumeSet (MutableVolumeSet.java:initializeVolumeSet(174)) - Added Volume : /home/runner/work/ozone/ozone/hadoop-ozone/integration-test/target/test-dir/MiniOzoneClusterImpl-9e07804d-d88b-4889-9752-1ce24c589c62/datanode-0/data-0/containers/hdds to VolumeSet
2022-07-27 23:16:24,428 [Listener at 127.0.0.1/44809] INFO  volume.ThrottledAsyncChecker (ThrottledAsyncChecker.java:schedule(141)) - Scheduling a check for /home/runner/work/ozone/ozone/hadoop-ozone/integration-test/target/test-dir/MiniOzoneClusterImpl-9e07804d-d88b-4889-9752-1ce24c589c62/datanode-0/data-0/containers/hdds
2022-07-27 23:16:24,444 [Listener at 127.0.0.1/44809] INFO  volume.StorageVolumeChecker (StorageVolumeChecker.java:checkAllVolumes(202)) - Scheduled health check for volume /home/runner/work/ozone/ozone/hadoop-ozone/integration-test/target/test-dir/MiniOzoneClusterImpl-9e07804d-d88b-4889-9752-1ce24c589c62/datanode-0/data-0/containers/hdds
2022-07-27 23:16:24,459 [Listener at 127.0.0.1/44809] INFO  volume.MutableVolumeSet (MutableVolumeSet.java:initializeVolumeSet(174)) - Added Volume : /home/runner/work/ozone/ozone/hadoop-ozone/integration-test/target/test-dir/MiniOzoneClusterImpl-9e07804d-d88b-4889-9752-1ce24c589c62/datanode-0/data/ratis to VolumeSet
2022-07-27 23:16:24,459 [Listener at 127.0.0.1/44809] INFO  volume.ThrottledAsyncChecker (ThrottledAsyncChecker.java:schedule(141)) - Scheduling a check for /home/runner/work/ozone/ozone/hadoop-ozone/integration-test/target/test-dir/MiniOzoneClusterImpl-9e07804d-d88b-4889-9752-1ce24c589c62/datanode-0/data/ratis
2022-07-27 23:16:24,460 [Listener at 127.0.0.1/44809] INFO  volume.StorageVolumeChecker (StorageVolumeChecker.java:checkAllVolumes(202)) - Scheduled health check for volume /home/runner/work/ozone/ozone/hadoop-ozone/integration-test/target/test-dir/MiniOzoneClusterImpl-9e07804d-d88b-4889-9752-1ce24c589c62/datanode-0/data/ratis
2022-07-27 23:16:24,482 [Thread-136] INFO  ozoneimpl.ContainerReader (ContainerReader.java:readVolume(175)) - Finish verifying containers on volume /home/runner/work/ozone/ozone/hadoop-ozone/integration-test/target/test-dir/MiniOzoneClusterImpl-9e07804d-d88b-4889-9752-1ce24c589c62/datanode-0/data-0/containers/hdds
2022-07-27 23:16:24,482 [Listener at 127.0.0.1/44809] INFO  ozoneimpl.OzoneContainer (OzoneContainer.java:buildContainerSet(299)) - Build ContainerSet costs 0s
2022-07-27 23:16:24,523 [Listener at 127.0.0.1/44809] INFO  audit.AuditLogger (AuditLogger.java:refreshDebugCmdSet(126)) - Refresh DebugCmdSet for DNAudit to [].
2022-07-27 23:16:24,548 [Listener at 127.0.0.1/44809] INFO  server.RaftServer (ConfUtils.java:logGet(46)) - raft.rpc.type = GRPC (default)
2022-07-27 23:16:24,548 [Listener at 127.0.0.1/44809] INFO  grpc.GrpcFactory (GrpcFactory.java:checkPooledByteBufAllocatorUseCacheForAllThreads(48)) - PERFORMANCE WARNING: useCacheForAllThreads is true that may cause Netty to create a lot garbage objects and, as a result, trigger GC.
	It is recommended to disable useCacheForAllThreads by setting -Dorg.apache.ratis.thirdparty.io.netty.allocator.useCacheForAllThreads=false in command line.
2022-07-27 23:16:24,548 [Listener at 127.0.0.1/44809] INFO  grpc.GrpcConfigKeys (ConfUtils.java:logGet(46)) - raft.grpc.admin.port = 0 (custom)
2022-07-27 23:16:24,548 [Listener at 127.0.0.1/44809] INFO  grpc.GrpcConfigKeys (ConfUtils.java:logGet(46)) - raft.grpc.client.port = 0 (custom)
2022-07-27 23:16:24,548 [Listener at 127.0.0.1/44809] INFO  grpc.GrpcConfigKeys (ConfUtils.java:logGet(46)) - raft.grpc.server.port = 0 (default)
2022-07-27 23:16:24,548 [Listener at 127.0.0.1/44809] INFO  server.GrpcService (ConfUtils.java:logGet(46)) - raft.grpc.message.size.max = 32MB (=33554432) (custom)
2022-07-27 23:16:24,549 [Listener at 127.0.0.1/44809] INFO  server.RaftServerConfigKeys (ConfUtils.java:logGet(46)) - raft.server.log.appender.buffer.byte-limit = 33554432 (custom)
2022-07-27 23:16:24,549 [Listener at 127.0.0.1/44809] INFO  server.GrpcService (ConfUtils.java:logGet(46)) - raft.grpc.flow.control.window = 5MB (=5242880) (custom)
2022-07-27 23:16:24,549 [Listener at 127.0.0.1/44809] INFO  server.RaftServerConfigKeys (ConfUtils.java:logGet(46)) - raft.server.rpc.request.timeout = 60s (custom)
2022-07-27 23:16:24,549 [Listener at 127.0.0.1/44809] INFO  grpc.GrpcConfigKeys (ConfUtils.java:logGet(46)) - raft.grpc.server.async.request.thread.pool.cached = true (default)
2022-07-27 23:16:24,549 [Listener at 127.0.0.1/44809] INFO  grpc.GrpcConfigKeys (ConfUtils.java:logGet(46)) - raft.grpc.server.async.request.thread.pool.size = 32 (default)
2022-07-27 23:16:24,550 [Listener at 127.0.0.1/44809] INFO  impl.DataStreamServerImpl (ConfUtils.java:logGet(46)) - raft.datastream.type = DISABLED (default)
2022-07-27 23:16:24,550 [Listener at 127.0.0.1/44809] INFO  server.RaftServerConfigKeys (ConfUtils.java:logGet(46)) - raft.server.threadpool.proxy.cached = true (default)
2022-07-27 23:16:24,550 [Listener at 127.0.0.1/44809] INFO  server.RaftServerConfigKeys (ConfUtils.java:logGet(46)) - raft.server.threadpool.proxy.size = 0 (default)
2022-07-27 23:16:24,551 [Listener at 127.0.0.1/44809] INFO  server.RaftServerConfigKeys (ConfUtils.java:logGet(46)) - raft.server.rpc.slowness.timeout = 300s (custom)
2022-07-27 23:16:24,551 [Listener at 127.0.0.1/44809] INFO  server.RaftServerConfigKeys (ConfUtils.java:logGet(46)) - raft.server.leaderelection.leader.step-down.wait-time = 10s (default)
2022-07-27 23:16:24,551 [Listener at 127.0.0.1/44809] INFO  server.RaftServerConfigKeys (ConfUtils.java:logGet(46)) - raft.server.storage.dir = [/home/runner/work/ozone/ozone/hadoop-ozone/integration-test/target/test-dir/MiniOzoneClusterImpl-9e07804d-d88b-4889-9752-1ce24c589c62/datanode-0/data/ratis] (custom)
2022-07-27 23:16:24,566 [Listener at 127.0.0.1/44809] INFO  server.XceiverServerGrpc (XceiverServerGrpc.java:<init>(132)) - GrpcServer channel type EpollServerSocketChannel
2022-07-27 23:16:24,618 [Listener at 127.0.0.1/44809] INFO  http.BaseHttpServer (BaseHttpServer.java:newHttpServer2BuilderForOzone(209)) - Starting Web-server for hddsDatanode at: http://0.0.0.0:0
2022-07-27 23:16:24,618 [Listener at 127.0.0.1/44809] INFO  http.BaseHttpServer (BaseHttpServer.java:<init>(107)) - Hadoop Security Enabled: false Ozone Security Enabled: false Ozone HTTP Security Enabled: false 
2022-07-27 23:16:24,619 [Listener at 127.0.0.1/44809] INFO  server.AuthenticationFilter (AuthenticationFilter.java:constructSecretProvider(240)) - Unable to initialize FileSignerSecretProvider, falling back to use random secrets.
2022-07-27 23:16:24,622 [Listener at 127.0.0.1/44809] WARN  http.HttpRequestLog (HttpRequestLog.java:getRequestLog(103)) - Jetty request log can only be enabled using Log4j
2022-07-27 23:16:24,623 [Listener at 127.0.0.1/44809] INFO  http.HttpServer2 (HttpServer2.java:addGlobalFilter(1029)) - Added global filter 'safety' (class=org.apache.hadoop.hdds.server.http.HttpServer2$QuotingInputFilter)
2022-07-27 23:16:24,624 [Listener at 127.0.0.1/44809] INFO  http.HttpServer2 (HttpServer2.java:addFilter(1005)) - Added filter static_user_filter (class=org.apache.hadoop.http.lib.StaticUserWebFilter$StaticUserFilter) to context hddsDatanode
2022-07-27 23:16:24,624 [Listener at 127.0.0.1/44809] INFO  http.HttpServer2 (HttpServer2.java:addFilter(1013)) - Added filter static_user_filter (class=org.apache.hadoop.http.lib.StaticUserWebFilter$StaticUserFilter) to context logs
2022-07-27 23:16:24,624 [Listener at 127.0.0.1/44809] INFO  http.HttpServer2 (HttpServer2.java:addFilter(1013)) - Added filter static_user_filter (class=org.apache.hadoop.http.lib.StaticUserWebFilter$StaticUserFilter) to context static
2022-07-27 23:16:24,625 [Listener at 127.0.0.1/44809] INFO  http.HttpServer2 (HttpServer2.java:bindListener(1248)) - Jetty bound to port 34593
2022-07-27 23:16:24,625 [Listener at 127.0.0.1/44809] INFO  server.Server (Server.java:doStart(375)) - jetty-9.4.43.v20210629; built: 2021-06-30T11:07:22.254Z; git: 526006ecfa3af7f1a27ef3a288e2bef7ea9dd7e8; jvm 1.8.0_332-b09
2022-07-27 23:16:24,628 [Listener at 127.0.0.1/44809] INFO  server.session (DefaultSessionIdManager.java:doStart(334)) - DefaultSessionIdManager workerName=node0
2022-07-27 23:16:24,628 [Listener at 127.0.0.1/44809] INFO  server.session (DefaultSessionIdManager.java:doStart(339)) - No SessionScavenger set, using defaults
2022-07-27 23:16:24,629 [Listener at 127.0.0.1/44809] INFO  server.session (HouseKeeper.java:startScavenging(132)) - node0 Scavenging every 600000ms
2022-07-27 23:16:24,630 [Listener at 127.0.0.1/44809] INFO  handler.ContextHandler (ContextHandler.java:doStart(915)) - Started o.e.j.s.ServletContextHandler@7ffcd8df{logs,/logs,file:///home/runner/work/ozone/ozone/hadoop-ozone/integration-test/target/log,AVAILABLE}
2022-07-27 23:16:24,630 [Listener at 127.0.0.1/44809] INFO  handler.ContextHandler (ContextHandler.java:doStart(915)) - Started o.e.j.s.ServletContextHandler@43aad2e3{static,/static,jar:file:/home/runner/.m2/repository/org/apache/ozone/hdds-container-service/1.3.0-SNAPSHOT/hdds-container-service-1.3.0-SNAPSHOT.jar!/webapps/static,AVAILABLE}
2022-07-27 23:16:24,826 [Listener at 127.0.0.1/44809] INFO  handler.ContextHandler (ContextHandler.java:doStart(915)) - Started o.e.j.w.WebAppContext@6bcac08b{hddsDatanode,/,file:///tmp/jetty-0_0_0_0-34593-hdds-container-service-1_3_0-SNAPSHOT_jar-_-any-5295445701652794628/webapp/,AVAILABLE}{jar:file:/home/runner/.m2/repository/org/apache/ozone/hdds-container-service/1.3.0-SNAPSHOT/hdds-container-service-1.3.0-SNAPSHOT.jar!/webapps/hddsDatanode}
2022-07-27 23:16:24,828 [Listener at 127.0.0.1/44809] INFO  server.AbstractConnector (AbstractConnector.java:doStart(331)) - Started ServerConnector@702d5e75{HTTP/1.1, (http/1.1)}{0.0.0.0:34593}
2022-07-27 23:16:24,828 [Listener at 127.0.0.1/44809] INFO  server.Server (Server.java:doStart(415)) - Started @7220ms
2022-07-27 23:16:24,828 [Listener at 127.0.0.1/44809] WARN  impl.MetricsSystemImpl (MetricsSystemImpl.java:register(279)) - Sink prometheus already exists!
2022-07-27 23:16:24,829 [Listener at 127.0.0.1/44809] INFO  http.BaseHttpServer (BaseHttpServer.java:updateConnectorAddress(329)) - HTTP server of hddsDatanode listening at http://0.0.0.0:34593
2022-07-27 23:16:24,830 [Datanode State Machine Daemon Thread] INFO  statemachine.DatanodeStateMachine (DatanodeStateMachine.java:lambda$startDaemon$0(492)) - Ozone container server started.
2022-07-27 23:16:24,834 [Listener at 127.0.0.1/44809] WARN  impl.MetricRegistriesImpl (MetricRegistriesImpl.java:addReporterRegistration(111)) - New reporters are added after registries were created. Some metrics will be missing from the reporter. Please add reporter before adding any new registry.
2022-07-27 23:16:24,835 [Listener at 127.0.0.1/44809] WARN  impl.MetricRegistriesImpl (MetricRegistriesImpl.java:addReporterRegistration(111)) - New reporters are added after registries were created. Some metrics will be missing from the reporter. Please add reporter before adding any new registry.
2022-07-27 23:16:24,835 [Listener at 127.0.0.1/44809] INFO  impl.MetricsSystemImpl (MetricsSystemImpl.java:init(158)) - HddsDatanode metrics system started (again)
2022-07-27 23:16:24,845 [Listener at 127.0.0.1/44809] INFO  ozone.HddsDatanodeService (HddsDatanodeService.java:start(236)) - HddsDatanodeService host:fv-az129-30.sikifmtxjocetiwdfcy5r2sqla.phxx.internal.cloudapp.net ip:10.1.0.23
2022-07-27 23:16:24,849 [org.apache.hadoop.util.JvmPauseMonitor$Monitor@62641010] INFO  util.JvmPauseMonitor (JvmPauseMonitor.java:run(188)) - Starting JVM pause monitor
2022-07-27 23:16:24,886 [Listener at 127.0.0.1/44809] INFO  upgrade.AbstractLayoutVersionManager (AbstractLayoutVersionManager.java:init(83)) - Initializing Layout version manager with metadata layout = DATANODE_SCHEMA_V3 (version = 4), software layout = DATANODE_SCHEMA_V3 (version = 4)
2022-07-27 23:16:24,962 [Listener at 127.0.0.1/44809] INFO  reflections.Reflections (Reflections.java:scan(232)) - Reflections took 75 ms to scan 7 urls, producing 132 keys and 321 values 
2022-07-27 23:16:24,963 [om1@group-C5BA1605619E-FollowerState] INFO  impl.FollowerState (FollowerState.java:run(143)) - om1@group-C5BA1605619E-FollowerState: change to CANDIDATE, lastRpcElapsedTime:1117188452ns, electionTimeout:1097ms
2022-07-27 23:16:24,963 [Listener at 127.0.0.1/44809] INFO  statemachine.DatanodeStateMachine (DatanodeStateMachine.java:getEndPointTaskThreadPoolSize(237)) - Datanode State Machine Task Thread Pool size 2
2022-07-27 23:16:24,969 [Datanode State Machine Task Thread - 0] INFO  datanode.InitDatanodeState (InitDatanodeState.java:persistContainerDatanodeDetails(138)) - DatanodeDetails is persisted to /home/runner/work/ozone/ozone/hadoop-ozone/integration-test/target/test-dir/MiniOzoneClusterImpl-9e07804d-d88b-4889-9752-1ce24c589c62/datanode-0/meta/datanode.id
2022-07-27 23:16:24,964 [om1@group-C5BA1605619E-FollowerState] INFO  impl.RoleInfo (RoleInfo.java:shutdownFollowerState(110)) - om1: shutdown om1@group-C5BA1605619E-FollowerState
2022-07-27 23:16:24,971 [om1@group-C5BA1605619E-FollowerState] INFO  server.RaftServer$Division (RaftServerImpl.java:setRole(299)) - om1@group-C5BA1605619E: changes role from  FOLLOWER to CANDIDATE at term 0 for changeToCandidate
2022-07-27 23:16:24,973 [om1@group-C5BA1605619E-FollowerState] INFO  server.RaftServerConfigKeys (ConfUtils.java:logGet(46)) - raft.server.leaderelection.pre-vote = false (custom)
2022-07-27 23:16:24,973 [om1@group-C5BA1605619E-FollowerState] INFO  impl.RoleInfo (RoleInfo.java:updateAndGet(139)) - om1: start om1@group-C5BA1605619E-LeaderElection1
2022-07-27 23:16:24,979 [Listener at 127.0.0.1/44809] INFO  volume.HddsVolume (HddsVolume.java:<init>(116)) - Creating HddsVolume: /home/runner/work/ozone/ozone/hadoop-ozone/integration-test/target/test-dir/MiniOzoneClusterImpl-9e07804d-d88b-4889-9752-1ce24c589c62/datanode-1/data-0/containers/hdds of storage type : DISK capacity : 9223372036854775807
2022-07-27 23:16:24,980 [Listener at 127.0.0.1/44809] INFO  volume.MutableVolumeSet (MutableVolumeSet.java:initializeVolumeSet(174)) - Added Volume : /home/runner/work/ozone/ozone/hadoop-ozone/integration-test/target/test-dir/MiniOzoneClusterImpl-9e07804d-d88b-4889-9752-1ce24c589c62/datanode-1/data-0/containers/hdds to VolumeSet
2022-07-27 23:16:24,980 [Listener at 127.0.0.1/44809] INFO  volume.ThrottledAsyncChecker (ThrottledAsyncChecker.java:schedule(141)) - Scheduling a check for /home/runner/work/ozone/ozone/hadoop-ozone/integration-test/target/test-dir/MiniOzoneClusterImpl-9e07804d-d88b-4889-9752-1ce24c589c62/datanode-1/data-0/containers/hdds
2022-07-27 23:16:24,984 [Listener at 127.0.0.1/44809] INFO  volume.StorageVolumeChecker (StorageVolumeChecker.java:checkAllVolumes(202)) - Scheduled health check for volume /home/runner/work/ozone/ozone/hadoop-ozone/integration-test/target/test-dir/MiniOzoneClusterImpl-9e07804d-d88b-4889-9752-1ce24c589c62/datanode-1/data-0/containers/hdds
2022-07-27 23:16:24,999 [om1@group-C5BA1605619E-LeaderElection1] INFO  impl.LeaderElection (LeaderElection.java:askForVotes(310)) - om1@group-C5BA1605619E-LeaderElection1 ELECTION round 0: submit vote requests at term 1 for -1: [om1|rpc:localhost:9872|priority:0], old=null
2022-07-27 23:16:25,000 [om1@group-C5BA1605619E-LeaderElection1] INFO  impl.LeaderElection (LeaderElection.java:askForVotes(312)) - om1@group-C5BA1605619E-LeaderElection1 ELECTION round 0: result PASSED (term=1)
2022-07-27 23:16:25,000 [om1@group-C5BA1605619E-LeaderElection1] INFO  impl.RoleInfo (RoleInfo.java:shutdownLeaderElection(130)) - om1: shutdown om1@group-C5BA1605619E-LeaderElection1
2022-07-27 23:16:25,001 [om1@group-C5BA1605619E-LeaderElection1] INFO  server.RaftServer$Division (RaftServerImpl.java:setRole(299)) - om1@group-C5BA1605619E: changes role from CANDIDATE to LEADER at term 1 for changeToLeader
2022-07-27 23:16:25,001 [om1@group-C5BA1605619E-LeaderElection1] INFO  server.RaftServer$Division (ServerState.java:setLeader(287)) - om1@group-C5BA1605619E: change Leader from null to om1 at term 1 for becomeLeader, leader elected after 1889ms
2022-07-27 23:16:25,010 [Listener at 127.0.0.1/44809] INFO  volume.MutableVolumeSet (MutableVolumeSet.java:initializeVolumeSet(174)) - Added Volume : /home/runner/work/ozone/ozone/hadoop-ozone/integration-test/target/test-dir/MiniOzoneClusterImpl-9e07804d-d88b-4889-9752-1ce24c589c62/datanode-1/data/ratis to VolumeSet
2022-07-27 23:16:25,011 [Listener at 127.0.0.1/44809] INFO  volume.ThrottledAsyncChecker (ThrottledAsyncChecker.java:schedule(141)) - Scheduling a check for /home/runner/work/ozone/ozone/hadoop-ozone/integration-test/target/test-dir/MiniOzoneClusterImpl-9e07804d-d88b-4889-9752-1ce24c589c62/datanode-1/data/ratis
2022-07-27 23:16:25,011 [om1@group-C5BA1605619E-LeaderElection1] INFO  server.RaftServerConfigKeys (ConfUtils.java:logGet(46)) - raft.server.staging.catchup.gap = 1000 (default)
2022-07-27 23:16:25,015 [om1@group-C5BA1605619E-LeaderElection1] INFO  server.RaftServerConfigKeys (ConfUtils.java:logGet(46)) - raft.server.write.element-limit = 4096 (default)
2022-07-27 23:16:25,015 [om1@group-C5BA1605619E-LeaderElection1] INFO  server.RaftServerConfigKeys (ConfUtils.java:logGet(46)) - raft.server.write.byte-limit = 64MB (=67108864) (default)
2022-07-27 23:16:25,018 [Listener at 127.0.0.1/44809] INFO  volume.StorageVolumeChecker (StorageVolumeChecker.java:checkAllVolumes(202)) - Scheduled health check for volume /home/runner/work/ozone/ozone/hadoop-ozone/integration-test/target/test-dir/MiniOzoneClusterImpl-9e07804d-d88b-4889-9752-1ce24c589c62/datanode-1/data/ratis
2022-07-27 23:16:25,028 [om1@group-C5BA1605619E-LeaderElection1] INFO  server.RaftServerConfigKeys (ConfUtils.java:logGet(46)) - raft.server.watch.timeout = 10s (default)
2022-07-27 23:16:25,028 [om1@group-C5BA1605619E-LeaderElection1] INFO  server.RaftServerConfigKeys (ConfUtils.java:logGet(46)) - raft.server.watch.timeout.denomination = 1s (default)
2022-07-27 23:16:25,028 [om1@group-C5BA1605619E-LeaderElection1] INFO  server.RaftServerConfigKeys (ConfUtils.java:logGet(46)) - raft.server.watch.element-limit = 65536 (default)
2022-07-27 23:16:25,035 [om1@group-C5BA1605619E-LeaderElection1] INFO  server.RaftServerConfigKeys (ConfUtils.java:logGet(46)) - raft.server.write.element-limit = 4096 (default)
2022-07-27 23:16:25,037 [om1@group-C5BA1605619E-LeaderElection1] INFO  server.RaftServerConfigKeys (ConfUtils.java:logGet(46)) - raft.server.write.follower.gap.ratio.max = -1.0 (default)
2022-07-27 23:16:25,040 [Thread-151] INFO  ozoneimpl.ContainerReader (ContainerReader.java:readVolume(175)) - Finish verifying containers on volume /home/runner/work/ozone/ozone/hadoop-ozone/integration-test/target/test-dir/MiniOzoneClusterImpl-9e07804d-d88b-4889-9752-1ce24c589c62/datanode-1/data-0/containers/hdds
2022-07-27 23:16:25,040 [Listener at 127.0.0.1/44809] INFO  ozoneimpl.OzoneContainer (OzoneContainer.java:buildContainerSet(299)) - Build ContainerSet costs 0s
2022-07-27 23:16:25,044 [Listener at 127.0.0.1/44809] INFO  server.RaftServer (ConfUtils.java:logGet(46)) - raft.rpc.type = GRPC (default)
2022-07-27 23:16:25,044 [Listener at 127.0.0.1/44809] INFO  grpc.GrpcFactory (GrpcFactory.java:checkPooledByteBufAllocatorUseCacheForAllThreads(48)) - PERFORMANCE WARNING: useCacheForAllThreads is true that may cause Netty to create a lot garbage objects and, as a result, trigger GC.
	It is recommended to disable useCacheForAllThreads by setting -Dorg.apache.ratis.thirdparty.io.netty.allocator.useCacheForAllThreads=false in command line.
2022-07-27 23:16:25,044 [Listener at 127.0.0.1/44809] INFO  grpc.GrpcConfigKeys (ConfUtils.java:logGet(46)) - raft.grpc.admin.port = 0 (custom)
2022-07-27 23:16:25,044 [Listener at 127.0.0.1/44809] INFO  grpc.GrpcConfigKeys (ConfUtils.java:logGet(46)) - raft.grpc.client.port = 0 (custom)
2022-07-27 23:16:25,044 [Listener at 127.0.0.1/44809] INFO  grpc.GrpcConfigKeys (ConfUtils.java:logGet(46)) - raft.grpc.server.port = 0 (default)
2022-07-27 23:16:25,044 [Listener at 127.0.0.1/44809] INFO  server.GrpcService (ConfUtils.java:logGet(46)) - raft.grpc.message.size.max = 32MB (=33554432) (custom)
2022-07-27 23:16:25,044 [Listener at 127.0.0.1/44809] INFO  server.RaftServerConfigKeys (ConfUtils.java:logGet(46)) - raft.server.log.appender.buffer.byte-limit = 33554432 (custom)
2022-07-27 23:16:25,045 [Listener at 127.0.0.1/44809] INFO  server.GrpcService (ConfUtils.java:logGet(46)) - raft.grpc.flow.control.window = 5MB (=5242880) (custom)
2022-07-27 23:16:25,045 [Listener at 127.0.0.1/44809] INFO  server.RaftServerConfigKeys (ConfUtils.java:logGet(46)) - raft.server.rpc.request.timeout = 60s (custom)
2022-07-27 23:16:25,045 [Listener at 127.0.0.1/44809] INFO  grpc.GrpcConfigKeys (ConfUtils.java:logGet(46)) - raft.grpc.server.async.request.thread.pool.cached = true (default)
2022-07-27 23:16:25,045 [Listener at 127.0.0.1/44809] INFO  grpc.GrpcConfigKeys (ConfUtils.java:logGet(46)) - raft.grpc.server.async.request.thread.pool.size = 32 (default)
2022-07-27 23:16:25,048 [om1@group-C5BA1605619E-LeaderElection1] INFO  impl.RoleInfo (RoleInfo.java:updateAndGet(139)) - om1: start om1@group-C5BA1605619E-LeaderStateImpl
2022-07-27 23:16:25,050 [Listener at 127.0.0.1/44809] INFO  impl.DataStreamServerImpl (ConfUtils.java:logGet(46)) - raft.datastream.type = DISABLED (default)
2022-07-27 23:16:25,050 [Listener at 127.0.0.1/44809] INFO  server.RaftServerConfigKeys (ConfUtils.java:logGet(46)) - raft.server.threadpool.proxy.cached = true (default)
2022-07-27 23:16:25,050 [Listener at 127.0.0.1/44809] INFO  server.RaftServerConfigKeys (ConfUtils.java:logGet(46)) - raft.server.threadpool.proxy.size = 0 (default)
2022-07-27 23:16:25,050 [Listener at 127.0.0.1/44809] INFO  server.RaftServerConfigKeys (ConfUtils.java:logGet(46)) - raft.server.rpc.slowness.timeout = 300s (custom)
2022-07-27 23:16:25,050 [Listener at 127.0.0.1/44809] INFO  server.RaftServerConfigKeys (ConfUtils.java:logGet(46)) - raft.server.leaderelection.leader.step-down.wait-time = 10s (default)
2022-07-27 23:16:25,051 [Listener at 127.0.0.1/44809] INFO  server.RaftServerConfigKeys (ConfUtils.java:logGet(46)) - raft.server.storage.dir = [/home/runner/work/ozone/ozone/hadoop-ozone/integration-test/target/test-dir/MiniOzoneClusterImpl-9e07804d-d88b-4889-9752-1ce24c589c62/datanode-1/data/ratis] (custom)
2022-07-27 23:16:25,059 [Listener at 127.0.0.1/44809] INFO  server.XceiverServerGrpc (XceiverServerGrpc.java:<init>(132)) - GrpcServer channel type EpollServerSocketChannel
2022-07-27 23:16:25,070 [Listener at 127.0.0.1/44809] INFO  http.BaseHttpServer (BaseHttpServer.java:newHttpServer2BuilderForOzone(209)) - Starting Web-server for hddsDatanode at: http://0.0.0.0:0
2022-07-27 23:16:25,070 [Listener at 127.0.0.1/44809] INFO  http.BaseHttpServer (BaseHttpServer.java:<init>(107)) - Hadoop Security Enabled: false Ozone Security Enabled: false Ozone HTTP Security Enabled: false 
2022-07-27 23:16:25,071 [Listener at 127.0.0.1/44809] INFO  server.AuthenticationFilter (AuthenticationFilter.java:constructSecretProvider(240)) - Unable to initialize FileSignerSecretProvider, falling back to use random secrets.
2022-07-27 23:16:25,075 [Listener at 127.0.0.1/44809] WARN  http.HttpRequestLog (HttpRequestLog.java:getRequestLog(103)) - Jetty request log can only be enabled using Log4j
2022-07-27 23:16:25,076 [Listener at 127.0.0.1/44809] INFO  http.HttpServer2 (HttpServer2.java:addGlobalFilter(1029)) - Added global filter 'safety' (class=org.apache.hadoop.hdds.server.http.HttpServer2$QuotingInputFilter)
2022-07-27 23:16:25,077 [Listener at 127.0.0.1/44809] INFO  http.HttpServer2 (HttpServer2.java:addFilter(1005)) - Added filter static_user_filter (class=org.apache.hadoop.http.lib.StaticUserWebFilter$StaticUserFilter) to context hddsDatanode
2022-07-27 23:16:25,077 [Listener at 127.0.0.1/44809] INFO  http.HttpServer2 (HttpServer2.java:addFilter(1013)) - Added filter static_user_filter (class=org.apache.hadoop.http.lib.StaticUserWebFilter$StaticUserFilter) to context static
2022-07-27 23:16:25,077 [Listener at 127.0.0.1/44809] INFO  http.HttpServer2 (HttpServer2.java:addFilter(1013)) - Added filter static_user_filter (class=org.apache.hadoop.http.lib.StaticUserWebFilter$StaticUserFilter) to context logs
2022-07-27 23:16:25,079 [Listener at 127.0.0.1/44809] INFO  http.HttpServer2 (HttpServer2.java:bindListener(1248)) - Jetty bound to port 43443
2022-07-27 23:16:25,079 [Listener at 127.0.0.1/44809] INFO  server.Server (Server.java:doStart(375)) - jetty-9.4.43.v20210629; built: 2021-06-30T11:07:22.254Z; git: 526006ecfa3af7f1a27ef3a288e2bef7ea9dd7e8; jvm 1.8.0_332-b09
2022-07-27 23:16:25,101 [Listener at 127.0.0.1/44809] INFO  server.session (DefaultSessionIdManager.java:doStart(334)) - DefaultSessionIdManager workerName=node0
2022-07-27 23:16:25,102 [Listener at 127.0.0.1/44809] INFO  server.session (DefaultSessionIdManager.java:doStart(339)) - No SessionScavenger set, using defaults
2022-07-27 23:16:25,102 [Listener at 127.0.0.1/44809] INFO  server.session (HouseKeeper.java:startScavenging(132)) - node0 Scavenging every 660000ms
2022-07-27 23:16:25,103 [Listener at 127.0.0.1/44809] INFO  handler.ContextHandler (ContextHandler.java:doStart(915)) - Started o.e.j.s.ServletContextHandler@eabde6e{logs,/logs,file:///home/runner/work/ozone/ozone/hadoop-ozone/integration-test/target/log,AVAILABLE}
2022-07-27 23:16:25,103 [Listener at 127.0.0.1/44809] INFO  handler.ContextHandler (ContextHandler.java:doStart(915)) - Started o.e.j.s.ServletContextHandler@1c0ffb7e{static,/static,jar:file:/home/runner/.m2/repository/org/apache/ozone/hdds-container-service/1.3.0-SNAPSHOT/hdds-container-service-1.3.0-SNAPSHOT.jar!/webapps/static,AVAILABLE}
2022-07-27 23:16:25,108 [om1@group-C5BA1605619E-LeaderElection1] INFO  segmented.SegmentedRaftLogWorker (SegmentedRaftLogWorker.java:startLogSegment(425)) - om1@group-C5BA1605619E-SegmentedRaftLogWorker: Starting segment from index:0
2022-07-27 23:16:25,165 [om1@group-C5BA1605619E-LeaderElection1] INFO  server.RaftServer$Division (ServerState.java:setRaftConf(393)) - om1@group-C5BA1605619E: set configuration 0: [om1|rpc:localhost:9872|admin:|client:|dataStream:|priority:0], old=null
2022-07-27 23:16:25,215 [om1@group-C5BA1605619E-SegmentedRaftLogWorker] INFO  segmented.SegmentedRaftLogWorker (SegmentedRaftLogWorker.java:execute(629)) - om1@group-C5BA1605619E-SegmentedRaftLogWorker: created new log segment /home/runner/work/ozone/ozone/hadoop-ozone/integration-test/target/test-dir/MiniOzoneClusterImpl-9e07804d-d88b-4889-9752-1ce24c589c62/ozone-meta/ratis/bf265839-605b-3f16-9796-c5ba1605619e/current/log_inprogress_0
2022-07-27 23:16:25,304 [om1@group-C5BA1605619E-StateMachineUpdater] INFO  ratis.OzoneManagerStateMachine (OzoneManagerStateMachine.java:notifyConfigurationChanged(192)) - Received Configuration change notification from Ratis. New Peer list:
[id: "om1"
address: "localhost:9872"
]
2022-07-27 23:16:25,324 [Listener at 127.0.0.1/44809] INFO  handler.ContextHandler (ContextHandler.java:doStart(915)) - Started o.e.j.w.WebAppContext@48ef02f2{hddsDatanode,/,file:///tmp/jetty-0_0_0_0-43443-hdds-container-service-1_3_0-SNAPSHOT_jar-_-any-5208858124910468306/webapp/,AVAILABLE}{jar:file:/home/runner/.m2/repository/org/apache/ozone/hdds-container-service/1.3.0-SNAPSHOT/hdds-container-service-1.3.0-SNAPSHOT.jar!/webapps/hddsDatanode}
2022-07-27 23:16:25,325 [Listener at 127.0.0.1/44809] INFO  server.AbstractConnector (AbstractConnector.java:doStart(331)) - Started ServerConnector@239a8275{HTTP/1.1, (http/1.1)}{0.0.0.0:43443}
2022-07-27 23:16:25,325 [Listener at 127.0.0.1/44809] INFO  server.Server (Server.java:doStart(415)) - Started @7717ms
2022-07-27 23:16:25,325 [Listener at 127.0.0.1/44809] WARN  impl.MetricsSystemImpl (MetricsSystemImpl.java:register(279)) - Sink prometheus already exists!
2022-07-27 23:16:25,326 [Listener at 127.0.0.1/44809] INFO  http.BaseHttpServer (BaseHttpServer.java:updateConnectorAddress(329)) - HTTP server of hddsDatanode listening at http://0.0.0.0:43443
2022-07-27 23:16:25,330 [Listener at 127.0.0.1/44809] WARN  impl.MetricRegistriesImpl (MetricRegistriesImpl.java:addReporterRegistration(111)) - New reporters are added after registries were created. Some metrics will be missing from the reporter. Please add reporter before adding any new registry.
2022-07-27 23:16:25,330 [Listener at 127.0.0.1/44809] WARN  impl.MetricRegistriesImpl (MetricRegistriesImpl.java:addReporterRegistration(111)) - New reporters are added after registries were created. Some metrics will be missing from the reporter. Please add reporter before adding any new registry.
2022-07-27 23:16:25,330 [Listener at 127.0.0.1/44809] INFO  impl.MetricsSystemImpl (MetricsSystemImpl.java:init(158)) - HddsDatanode metrics system started (again)
2022-07-27 23:16:25,340 [Datanode State Machine Daemon Thread] INFO  statemachine.DatanodeStateMachine (DatanodeStateMachine.java:lambda$startDaemon$0(492)) - Ozone container server started.
2022-07-27 23:16:25,344 [Listener at 127.0.0.1/44809] INFO  ozone.HddsDatanodeService (HddsDatanodeService.java:start(236)) - HddsDatanodeService host:fv-az129-30.sikifmtxjocetiwdfcy5r2sqla.phxx.internal.cloudapp.net ip:10.1.0.23
2022-07-27 23:16:25,356 [org.apache.hadoop.util.JvmPauseMonitor$Monitor@32fc7e74] INFO  util.JvmPauseMonitor (JvmPauseMonitor.java:run(188)) - Starting JVM pause monitor
2022-07-27 23:16:25,366 [Listener at 127.0.0.1/44809] INFO  upgrade.AbstractLayoutVersionManager (AbstractLayoutVersionManager.java:init(83)) - Initializing Layout version manager with metadata layout = DATANODE_SCHEMA_V3 (version = 4), software layout = DATANODE_SCHEMA_V3 (version = 4)
2022-07-27 23:16:25,366 [Datanode State Machine Task Thread - 0] INFO  datanode.InitDatanodeState (InitDatanodeState.java:persistContainerDatanodeDetails(138)) - DatanodeDetails is persisted to /home/runner/work/ozone/ozone/hadoop-ozone/integration-test/target/test-dir/MiniOzoneClusterImpl-9e07804d-d88b-4889-9752-1ce24c589c62/datanode-1/meta/datanode.id
2022-07-27 23:16:25,409 [Listener at 127.0.0.1/44809] INFO  reflections.Reflections (Reflections.java:scan(232)) - Reflections took 42 ms to scan 7 urls, producing 132 keys and 321 values 
2022-07-27 23:16:25,410 [Listener at 127.0.0.1/44809] INFO  statemachine.DatanodeStateMachine (DatanodeStateMachine.java:getEndPointTaskThreadPoolSize(237)) - Datanode State Machine Task Thread Pool size 2
2022-07-27 23:16:25,412 [Listener at 127.0.0.1/44809] INFO  volume.HddsVolume (HddsVolume.java:<init>(116)) - Creating HddsVolume: /home/runner/work/ozone/ozone/hadoop-ozone/integration-test/target/test-dir/MiniOzoneClusterImpl-9e07804d-d88b-4889-9752-1ce24c589c62/datanode-2/data-0/containers/hdds of storage type : DISK capacity : 9223372036854775807
2022-07-27 23:16:25,412 [Listener at 127.0.0.1/44809] INFO  volume.MutableVolumeSet (MutableVolumeSet.java:initializeVolumeSet(174)) - Added Volume : /home/runner/work/ozone/ozone/hadoop-ozone/integration-test/target/test-dir/MiniOzoneClusterImpl-9e07804d-d88b-4889-9752-1ce24c589c62/datanode-2/data-0/containers/hdds to VolumeSet
2022-07-27 23:16:25,412 [Listener at 127.0.0.1/44809] INFO  volume.ThrottledAsyncChecker (ThrottledAsyncChecker.java:schedule(141)) - Scheduling a check for /home/runner/work/ozone/ozone/hadoop-ozone/integration-test/target/test-dir/MiniOzoneClusterImpl-9e07804d-d88b-4889-9752-1ce24c589c62/datanode-2/data-0/containers/hdds
2022-07-27 23:16:25,415 [Listener at 127.0.0.1/44809] INFO  volume.StorageVolumeChecker (StorageVolumeChecker.java:checkAllVolumes(202)) - Scheduled health check for volume /home/runner/work/ozone/ozone/hadoop-ozone/integration-test/target/test-dir/MiniOzoneClusterImpl-9e07804d-d88b-4889-9752-1ce24c589c62/datanode-2/data-0/containers/hdds
2022-07-27 23:16:25,425 [Listener at 127.0.0.1/44809] INFO  volume.MutableVolumeSet (MutableVolumeSet.java:initializeVolumeSet(174)) - Added Volume : /home/runner/work/ozone/ozone/hadoop-ozone/integration-test/target/test-dir/MiniOzoneClusterImpl-9e07804d-d88b-4889-9752-1ce24c589c62/datanode-2/data/ratis to VolumeSet
2022-07-27 23:16:25,425 [Listener at 127.0.0.1/44809] INFO  volume.ThrottledAsyncChecker (ThrottledAsyncChecker.java:schedule(141)) - Scheduling a check for /home/runner/work/ozone/ozone/hadoop-ozone/integration-test/target/test-dir/MiniOzoneClusterImpl-9e07804d-d88b-4889-9752-1ce24c589c62/datanode-2/data/ratis
2022-07-27 23:16:25,425 [Listener at 127.0.0.1/44809] INFO  volume.StorageVolumeChecker (StorageVolumeChecker.java:checkAllVolumes(202)) - Scheduled health check for volume /home/runner/work/ozone/ozone/hadoop-ozone/integration-test/target/test-dir/MiniOzoneClusterImpl-9e07804d-d88b-4889-9752-1ce24c589c62/datanode-2/data/ratis
2022-07-27 23:16:25,438 [Thread-164] INFO  ozoneimpl.ContainerReader (ContainerReader.java:readVolume(175)) - Finish verifying containers on volume /home/runner/work/ozone/ozone/hadoop-ozone/integration-test/target/test-dir/MiniOzoneClusterImpl-9e07804d-d88b-4889-9752-1ce24c589c62/datanode-2/data-0/containers/hdds
2022-07-27 23:16:25,438 [Listener at 127.0.0.1/44809] INFO  ozoneimpl.OzoneContainer (OzoneContainer.java:buildContainerSet(299)) - Build ContainerSet costs 0s
2022-07-27 23:16:25,445 [Listener at 127.0.0.1/44809] INFO  server.RaftServer (ConfUtils.java:logGet(46)) - raft.rpc.type = GRPC (default)
2022-07-27 23:16:25,445 [Listener at 127.0.0.1/44809] INFO  grpc.GrpcFactory (GrpcFactory.java:checkPooledByteBufAllocatorUseCacheForAllThreads(48)) - PERFORMANCE WARNING: useCacheForAllThreads is true that may cause Netty to create a lot garbage objects and, as a result, trigger GC.
	It is recommended to disable useCacheForAllThreads by setting -Dorg.apache.ratis.thirdparty.io.netty.allocator.useCacheForAllThreads=false in command line.
2022-07-27 23:16:25,446 [Listener at 127.0.0.1/44809] INFO  grpc.GrpcConfigKeys (ConfUtils.java:logGet(46)) - raft.grpc.admin.port = 0 (custom)
2022-07-27 23:16:25,446 [Listener at 127.0.0.1/44809] INFO  grpc.GrpcConfigKeys (ConfUtils.java:logGet(46)) - raft.grpc.client.port = 0 (custom)
2022-07-27 23:16:25,447 [Listener at 127.0.0.1/44809] INFO  grpc.GrpcConfigKeys (ConfUtils.java:logGet(46)) - raft.grpc.server.port = 0 (default)
2022-07-27 23:16:25,447 [Listener at 127.0.0.1/44809] INFO  server.GrpcService (ConfUtils.java:logGet(46)) - raft.grpc.message.size.max = 32MB (=33554432) (custom)
2022-07-27 23:16:25,447 [Listener at 127.0.0.1/44809] INFO  server.RaftServerConfigKeys (ConfUtils.java:logGet(46)) - raft.server.log.appender.buffer.byte-limit = 33554432 (custom)
2022-07-27 23:16:25,447 [Listener at 127.0.0.1/44809] INFO  server.GrpcService (ConfUtils.java:logGet(46)) - raft.grpc.flow.control.window = 5MB (=5242880) (custom)
2022-07-27 23:16:25,450 [Listener at 127.0.0.1/44809] INFO  server.RaftServerConfigKeys (ConfUtils.java:logGet(46)) - raft.server.rpc.request.timeout = 60s (custom)
2022-07-27 23:16:25,450 [Listener at 127.0.0.1/44809] INFO  grpc.GrpcConfigKeys (ConfUtils.java:logGet(46)) - raft.grpc.server.async.request.thread.pool.cached = true (default)
2022-07-27 23:16:25,450 [Listener at 127.0.0.1/44809] INFO  grpc.GrpcConfigKeys (ConfUtils.java:logGet(46)) - raft.grpc.server.async.request.thread.pool.size = 32 (default)
2022-07-27 23:16:25,451 [Listener at 127.0.0.1/44809] INFO  impl.DataStreamServerImpl (ConfUtils.java:logGet(46)) - raft.datastream.type = DISABLED (default)
2022-07-27 23:16:25,451 [Listener at 127.0.0.1/44809] INFO  server.RaftServerConfigKeys (ConfUtils.java:logGet(46)) - raft.server.threadpool.proxy.cached = true (default)
2022-07-27 23:16:25,451 [Listener at 127.0.0.1/44809] INFO  server.RaftServerConfigKeys (ConfUtils.java:logGet(46)) - raft.server.threadpool.proxy.size = 0 (default)
2022-07-27 23:16:25,451 [Listener at 127.0.0.1/44809] INFO  server.RaftServerConfigKeys (ConfUtils.java:logGet(46)) - raft.server.rpc.slowness.timeout = 300s (custom)
2022-07-27 23:16:25,451 [Listener at 127.0.0.1/44809] INFO  server.RaftServerConfigKeys (ConfUtils.java:logGet(46)) - raft.server.leaderelection.leader.step-down.wait-time = 10s (default)
2022-07-27 23:16:25,452 [Listener at 127.0.0.1/44809] INFO  server.RaftServerConfigKeys (ConfUtils.java:logGet(46)) - raft.server.storage.dir = [/home/runner/work/ozone/ozone/hadoop-ozone/integration-test/target/test-dir/MiniOzoneClusterImpl-9e07804d-d88b-4889-9752-1ce24c589c62/datanode-2/data/ratis] (custom)
2022-07-27 23:16:25,459 [Listener at 127.0.0.1/44809] INFO  server.XceiverServerGrpc (XceiverServerGrpc.java:<init>(132)) - GrpcServer channel type EpollServerSocketChannel
2022-07-27 23:16:25,469 [Listener at 127.0.0.1/44809] INFO  http.BaseHttpServer (BaseHttpServer.java:newHttpServer2BuilderForOzone(209)) - Starting Web-server for hddsDatanode at: http://0.0.0.0:0
2022-07-27 23:16:25,469 [Listener at 127.0.0.1/44809] INFO  http.BaseHttpServer (BaseHttpServer.java:<init>(107)) - Hadoop Security Enabled: false Ozone Security Enabled: false Ozone HTTP Security Enabled: false 
2022-07-27 23:16:25,470 [Listener at 127.0.0.1/44809] INFO  server.AuthenticationFilter (AuthenticationFilter.java:constructSecretProvider(240)) - Unable to initialize FileSignerSecretProvider, falling back to use random secrets.
2022-07-27 23:16:25,470 [Listener at 127.0.0.1/44809] WARN  http.HttpRequestLog (HttpRequestLog.java:getRequestLog(103)) - Jetty request log can only be enabled using Log4j
2022-07-27 23:16:25,472 [Listener at 127.0.0.1/44809] INFO  http.HttpServer2 (HttpServer2.java:addGlobalFilter(1029)) - Added global filter 'safety' (class=org.apache.hadoop.hdds.server.http.HttpServer2$QuotingInputFilter)
2022-07-27 23:16:25,472 [Listener at 127.0.0.1/44809] INFO  http.HttpServer2 (HttpServer2.java:addFilter(1005)) - Added filter static_user_filter (class=org.apache.hadoop.http.lib.StaticUserWebFilter$StaticUserFilter) to context hddsDatanode
2022-07-27 23:16:25,472 [Listener at 127.0.0.1/44809] INFO  http.HttpServer2 (HttpServer2.java:addFilter(1013)) - Added filter static_user_filter (class=org.apache.hadoop.http.lib.StaticUserWebFilter$StaticUserFilter) to context static
2022-07-27 23:16:25,473 [Listener at 127.0.0.1/44809] INFO  http.HttpServer2 (HttpServer2.java:addFilter(1013)) - Added filter static_user_filter (class=org.apache.hadoop.http.lib.StaticUserWebFilter$StaticUserFilter) to context logs
2022-07-27 23:16:25,473 [Listener at 127.0.0.1/44809] INFO  http.HttpServer2 (HttpServer2.java:bindListener(1248)) - Jetty bound to port 41219
2022-07-27 23:16:25,473 [Listener at 127.0.0.1/44809] INFO  server.Server (Server.java:doStart(375)) - jetty-9.4.43.v20210629; built: 2021-06-30T11:07:22.254Z; git: 526006ecfa3af7f1a27ef3a288e2bef7ea9dd7e8; jvm 1.8.0_332-b09
2022-07-27 23:16:25,481 [Listener at 127.0.0.1/44809] INFO  server.session (DefaultSessionIdManager.java:doStart(334)) - DefaultSessionIdManager workerName=node0
2022-07-27 23:16:25,482 [Listener at 127.0.0.1/44809] INFO  server.session (DefaultSessionIdManager.java:doStart(339)) - No SessionScavenger set, using defaults
2022-07-27 23:16:25,483 [Listener at 127.0.0.1/44809] INFO  server.session (HouseKeeper.java:startScavenging(132)) - node0 Scavenging every 600000ms
2022-07-27 23:16:25,484 [Listener at 127.0.0.1/44809] INFO  handler.ContextHandler (ContextHandler.java:doStart(915)) - Started o.e.j.s.ServletContextHandler@1f402d1{logs,/logs,file:///home/runner/work/ozone/ozone/hadoop-ozone/integration-test/target/log,AVAILABLE}
2022-07-27 23:16:25,484 [Listener at 127.0.0.1/44809] INFO  handler.ContextHandler (ContextHandler.java:doStart(915)) - Started o.e.j.s.ServletContextHandler@1493c922{static,/static,jar:file:/home/runner/.m2/repository/org/apache/ozone/hdds-container-service/1.3.0-SNAPSHOT/hdds-container-service-1.3.0-SNAPSHOT.jar!/webapps/static,AVAILABLE}
2022-07-27 23:16:25,653 [Listener at 127.0.0.1/44809] INFO  handler.ContextHandler (ContextHandler.java:doStart(915)) - Started o.e.j.w.WebAppContext@391115fe{hddsDatanode,/,file:///tmp/jetty-0_0_0_0-41219-hdds-container-service-1_3_0-SNAPSHOT_jar-_-any-381114740589622691/webapp/,AVAILABLE}{jar:file:/home/runner/.m2/repository/org/apache/ozone/hdds-container-service/1.3.0-SNAPSHOT/hdds-container-service-1.3.0-SNAPSHOT.jar!/webapps/hddsDatanode}
2022-07-27 23:16:25,655 [Listener at 127.0.0.1/44809] INFO  server.AbstractConnector (AbstractConnector.java:doStart(331)) - Started ServerConnector@6abb34a5{HTTP/1.1, (http/1.1)}{0.0.0.0:41219}
2022-07-27 23:16:25,655 [Listener at 127.0.0.1/44809] INFO  server.Server (Server.java:doStart(415)) - Started @8046ms
2022-07-27 23:16:25,655 [Listener at 127.0.0.1/44809] WARN  impl.MetricsSystemImpl (MetricsSystemImpl.java:register(279)) - Sink prometheus already exists!
2022-07-27 23:16:25,655 [Listener at 127.0.0.1/44809] INFO  http.BaseHttpServer (BaseHttpServer.java:updateConnectorAddress(329)) - HTTP server of hddsDatanode listening at http://0.0.0.0:41219
2022-07-27 23:16:25,656 [Datanode State Machine Daemon Thread] INFO  statemachine.DatanodeStateMachine (DatanodeStateMachine.java:lambda$startDaemon$0(492)) - Ozone container server started.
2022-07-27 23:16:25,656 [Listener at 127.0.0.1/44809] WARN  impl.MetricRegistriesImpl (MetricRegistriesImpl.java:addReporterRegistration(111)) - New reporters are added after registries were created. Some metrics will be missing from the reporter. Please add reporter before adding any new registry.
2022-07-27 23:16:25,657 [Listener at 127.0.0.1/44809] WARN  impl.MetricRegistriesImpl (MetricRegistriesImpl.java:addReporterRegistration(111)) - New reporters are added after registries were created. Some metrics will be missing from the reporter. Please add reporter before adding any new registry.
2022-07-27 23:16:25,657 [Listener at 127.0.0.1/44809] INFO  impl.MetricsSystemImpl (MetricsSystemImpl.java:init(158)) - HddsDatanode metrics system started (again)
2022-07-27 23:16:25,668 [Listener at 127.0.0.1/44809] INFO  ozone.HddsDatanodeService (HddsDatanodeService.java:start(236)) - HddsDatanodeService host:fv-az129-30.sikifmtxjocetiwdfcy5r2sqla.phxx.internal.cloudapp.net ip:10.1.0.23
2022-07-27 23:16:25,668 [org.apache.hadoop.util.JvmPauseMonitor$Monitor@5dca20e6] INFO  util.JvmPauseMonitor (JvmPauseMonitor.java:run(188)) - Starting JVM pause monitor
2022-07-27 23:16:25,671 [Datanode State Machine Task Thread - 0] INFO  datanode.InitDatanodeState (InitDatanodeState.java:persistContainerDatanodeDetails(138)) - DatanodeDetails is persisted to /home/runner/work/ozone/ozone/hadoop-ozone/integration-test/target/test-dir/MiniOzoneClusterImpl-9e07804d-d88b-4889-9752-1ce24c589c62/datanode-2/meta/datanode.id
2022-07-27 23:16:25,687 [Listener at 127.0.0.1/44809] INFO  upgrade.AbstractLayoutVersionManager (AbstractLayoutVersionManager.java:init(83)) - Initializing Layout version manager with metadata layout = DATANODE_SCHEMA_V3 (version = 4), software layout = DATANODE_SCHEMA_V3 (version = 4)
2022-07-27 23:16:25,728 [Listener at 127.0.0.1/44809] INFO  reflections.Reflections (Reflections.java:scan(232)) - Reflections took 40 ms to scan 7 urls, producing 132 keys and 321 values 
2022-07-27 23:16:25,729 [Listener at 127.0.0.1/44809] INFO  statemachine.DatanodeStateMachine (DatanodeStateMachine.java:getEndPointTaskThreadPoolSize(237)) - Datanode State Machine Task Thread Pool size 2
2022-07-27 23:16:25,735 [Listener at 127.0.0.1/44809] INFO  volume.HddsVolume (HddsVolume.java:<init>(116)) - Creating HddsVolume: /home/runner/work/ozone/ozone/hadoop-ozone/integration-test/target/test-dir/MiniOzoneClusterImpl-9e07804d-d88b-4889-9752-1ce24c589c62/datanode-3/data-0/containers/hdds of storage type : DISK capacity : 9223372036854775807
2022-07-27 23:16:25,735 [Listener at 127.0.0.1/44809] INFO  volume.MutableVolumeSet (MutableVolumeSet.java:initializeVolumeSet(174)) - Added Volume : /home/runner/work/ozone/ozone/hadoop-ozone/integration-test/target/test-dir/MiniOzoneClusterImpl-9e07804d-d88b-4889-9752-1ce24c589c62/datanode-3/data-0/containers/hdds to VolumeSet
2022-07-27 23:16:25,735 [Listener at 127.0.0.1/44809] INFO  volume.ThrottledAsyncChecker (ThrottledAsyncChecker.java:schedule(141)) - Scheduling a check for /home/runner/work/ozone/ozone/hadoop-ozone/integration-test/target/test-dir/MiniOzoneClusterImpl-9e07804d-d88b-4889-9752-1ce24c589c62/datanode-3/data-0/containers/hdds
2022-07-27 23:16:25,738 [Listener at 127.0.0.1/44809] INFO  volume.StorageVolumeChecker (StorageVolumeChecker.java:checkAllVolumes(202)) - Scheduled health check for volume /home/runner/work/ozone/ozone/hadoop-ozone/integration-test/target/test-dir/MiniOzoneClusterImpl-9e07804d-d88b-4889-9752-1ce24c589c62/datanode-3/data-0/containers/hdds
2022-07-27 23:16:25,748 [Listener at 127.0.0.1/44809] INFO  volume.MutableVolumeSet (MutableVolumeSet.java:initializeVolumeSet(174)) - Added Volume : /home/runner/work/ozone/ozone/hadoop-ozone/integration-test/target/test-dir/MiniOzoneClusterImpl-9e07804d-d88b-4889-9752-1ce24c589c62/datanode-3/data/ratis to VolumeSet
2022-07-27 23:16:25,748 [Listener at 127.0.0.1/44809] INFO  volume.ThrottledAsyncChecker (ThrottledAsyncChecker.java:schedule(141)) - Scheduling a check for /home/runner/work/ozone/ozone/hadoop-ozone/integration-test/target/test-dir/MiniOzoneClusterImpl-9e07804d-d88b-4889-9752-1ce24c589c62/datanode-3/data/ratis
2022-07-27 23:16:25,749 [Listener at 127.0.0.1/44809] INFO  volume.StorageVolumeChecker (StorageVolumeChecker.java:checkAllVolumes(202)) - Scheduled health check for volume /home/runner/work/ozone/ozone/hadoop-ozone/integration-test/target/test-dir/MiniOzoneClusterImpl-9e07804d-d88b-4889-9752-1ce24c589c62/datanode-3/data/ratis
2022-07-27 23:16:25,759 [Thread-177] INFO  ozoneimpl.ContainerReader (ContainerReader.java:readVolume(175)) - Finish verifying containers on volume /home/runner/work/ozone/ozone/hadoop-ozone/integration-test/target/test-dir/MiniOzoneClusterImpl-9e07804d-d88b-4889-9752-1ce24c589c62/datanode-3/data-0/containers/hdds
2022-07-27 23:16:25,759 [Listener at 127.0.0.1/44809] INFO  ozoneimpl.OzoneContainer (OzoneContainer.java:buildContainerSet(299)) - Build ContainerSet costs 0s
2022-07-27 23:16:25,762 [Listener at 127.0.0.1/44809] INFO  server.RaftServer (ConfUtils.java:logGet(46)) - raft.rpc.type = GRPC (default)
2022-07-27 23:16:25,762 [Listener at 127.0.0.1/44809] INFO  grpc.GrpcFactory (GrpcFactory.java:checkPooledByteBufAllocatorUseCacheForAllThreads(48)) - PERFORMANCE WARNING: useCacheForAllThreads is true that may cause Netty to create a lot garbage objects and, as a result, trigger GC.
	It is recommended to disable useCacheForAllThreads by setting -Dorg.apache.ratis.thirdparty.io.netty.allocator.useCacheForAllThreads=false in command line.
2022-07-27 23:16:25,762 [Listener at 127.0.0.1/44809] INFO  grpc.GrpcConfigKeys (ConfUtils.java:logGet(46)) - raft.grpc.admin.port = 0 (custom)
2022-07-27 23:16:25,762 [Listener at 127.0.0.1/44809] INFO  grpc.GrpcConfigKeys (ConfUtils.java:logGet(46)) - raft.grpc.client.port = 0 (custom)
2022-07-27 23:16:25,762 [Listener at 127.0.0.1/44809] INFO  grpc.GrpcConfigKeys (ConfUtils.java:logGet(46)) - raft.grpc.server.port = 0 (default)
2022-07-27 23:16:25,763 [Listener at 127.0.0.1/44809] INFO  server.GrpcService (ConfUtils.java:logGet(46)) - raft.grpc.message.size.max = 32MB (=33554432) (custom)
2022-07-27 23:16:25,763 [Listener at 127.0.0.1/44809] INFO  server.RaftServerConfigKeys (ConfUtils.java:logGet(46)) - raft.server.log.appender.buffer.byte-limit = 33554432 (custom)
2022-07-27 23:16:25,763 [Listener at 127.0.0.1/44809] INFO  server.GrpcService (ConfUtils.java:logGet(46)) - raft.grpc.flow.control.window = 5MB (=5242880) (custom)
2022-07-27 23:16:25,763 [Listener at 127.0.0.1/44809] INFO  server.RaftServerConfigKeys (ConfUtils.java:logGet(46)) - raft.server.rpc.request.timeout = 60s (custom)
2022-07-27 23:16:25,763 [Listener at 127.0.0.1/44809] INFO  grpc.GrpcConfigKeys (ConfUtils.java:logGet(46)) - raft.grpc.server.async.request.thread.pool.cached = true (default)
2022-07-27 23:16:25,763 [Listener at 127.0.0.1/44809] INFO  grpc.GrpcConfigKeys (ConfUtils.java:logGet(46)) - raft.grpc.server.async.request.thread.pool.size = 32 (default)
2022-07-27 23:16:25,764 [Listener at 127.0.0.1/44809] INFO  impl.DataStreamServerImpl (ConfUtils.java:logGet(46)) - raft.datastream.type = DISABLED (default)
2022-07-27 23:16:25,764 [Listener at 127.0.0.1/44809] INFO  server.RaftServerConfigKeys (ConfUtils.java:logGet(46)) - raft.server.threadpool.proxy.cached = true (default)
2022-07-27 23:16:25,764 [Listener at 127.0.0.1/44809] INFO  server.RaftServerConfigKeys (ConfUtils.java:logGet(46)) - raft.server.threadpool.proxy.size = 0 (default)
2022-07-27 23:16:25,764 [Listener at 127.0.0.1/44809] INFO  server.RaftServerConfigKeys (ConfUtils.java:logGet(46)) - raft.server.rpc.slowness.timeout = 300s (custom)
2022-07-27 23:16:25,764 [Listener at 127.0.0.1/44809] INFO  server.RaftServerConfigKeys (ConfUtils.java:logGet(46)) - raft.server.leaderelection.leader.step-down.wait-time = 10s (default)
2022-07-27 23:16:25,765 [Listener at 127.0.0.1/44809] INFO  server.RaftServerConfigKeys (ConfUtils.java:logGet(46)) - raft.server.storage.dir = [/home/runner/work/ozone/ozone/hadoop-ozone/integration-test/target/test-dir/MiniOzoneClusterImpl-9e07804d-d88b-4889-9752-1ce24c589c62/datanode-3/data/ratis] (custom)
2022-07-27 23:16:25,766 [Listener at 127.0.0.1/44809] INFO  server.XceiverServerGrpc (XceiverServerGrpc.java:<init>(132)) - GrpcServer channel type EpollServerSocketChannel
2022-07-27 23:16:25,769 [Listener at 127.0.0.1/44809] INFO  http.BaseHttpServer (BaseHttpServer.java:newHttpServer2BuilderForOzone(209)) - Starting Web-server for hddsDatanode at: http://0.0.0.0:0
2022-07-27 23:16:25,769 [Listener at 127.0.0.1/44809] INFO  http.BaseHttpServer (BaseHttpServer.java:<init>(107)) - Hadoop Security Enabled: false Ozone Security Enabled: false Ozone HTTP Security Enabled: false 
2022-07-27 23:16:25,770 [Listener at 127.0.0.1/44809] INFO  server.AuthenticationFilter (AuthenticationFilter.java:constructSecretProvider(240)) - Unable to initialize FileSignerSecretProvider, falling back to use random secrets.
2022-07-27 23:16:25,771 [Listener at 127.0.0.1/44809] WARN  http.HttpRequestLog (HttpRequestLog.java:getRequestLog(103)) - Jetty request log can only be enabled using Log4j
2022-07-27 23:16:25,772 [Listener at 127.0.0.1/44809] INFO  http.HttpServer2 (HttpServer2.java:addGlobalFilter(1029)) - Added global filter 'safety' (class=org.apache.hadoop.hdds.server.http.HttpServer2$QuotingInputFilter)
2022-07-27 23:16:25,773 [Listener at 127.0.0.1/44809] INFO  http.HttpServer2 (HttpServer2.java:addFilter(1005)) - Added filter static_user_filter (class=org.apache.hadoop.http.lib.StaticUserWebFilter$StaticUserFilter) to context hddsDatanode
2022-07-27 23:16:25,773 [Listener at 127.0.0.1/44809] INFO  http.HttpServer2 (HttpServer2.java:addFilter(1013)) - Added filter static_user_filter (class=org.apache.hadoop.http.lib.StaticUserWebFilter$StaticUserFilter) to context logs
2022-07-27 23:16:25,773 [Listener at 127.0.0.1/44809] INFO  http.HttpServer2 (HttpServer2.java:addFilter(1013)) - Added filter static_user_filter (class=org.apache.hadoop.http.lib.StaticUserWebFilter$StaticUserFilter) to context static
2022-07-27 23:16:25,774 [Listener at 127.0.0.1/44809] INFO  http.HttpServer2 (HttpServer2.java:bindListener(1248)) - Jetty bound to port 45029
2022-07-27 23:16:25,774 [Listener at 127.0.0.1/44809] INFO  server.Server (Server.java:doStart(375)) - jetty-9.4.43.v20210629; built: 2021-06-30T11:07:22.254Z; git: 526006ecfa3af7f1a27ef3a288e2bef7ea9dd7e8; jvm 1.8.0_332-b09
2022-07-27 23:16:25,784 [Listener at 127.0.0.1/44809] INFO  server.session (DefaultSessionIdManager.java:doStart(334)) - DefaultSessionIdManager workerName=node0
2022-07-27 23:16:25,784 [Listener at 127.0.0.1/44809] INFO  server.session (DefaultSessionIdManager.java:doStart(339)) - No SessionScavenger set, using defaults
2022-07-27 23:16:25,784 [Listener at 127.0.0.1/44809] INFO  server.session (HouseKeeper.java:startScavenging(132)) - node0 Scavenging every 660000ms
2022-07-27 23:16:25,785 [Listener at 127.0.0.1/44809] INFO  handler.ContextHandler (ContextHandler.java:doStart(915)) - Started o.e.j.s.ServletContextHandler@17f74794{logs,/logs,file:///home/runner/work/ozone/ozone/hadoop-ozone/integration-test/target/log,AVAILABLE}
2022-07-27 23:16:25,785 [Listener at 127.0.0.1/44809] INFO  handler.ContextHandler (ContextHandler.java:doStart(915)) - Started o.e.j.s.ServletContextHandler@8b64a15{static,/static,jar:file:/home/runner/.m2/repository/org/apache/ozone/hdds-container-service/1.3.0-SNAPSHOT/hdds-container-service-1.3.0-SNAPSHOT.jar!/webapps/static,AVAILABLE}
2022-07-27 23:16:25,956 [Listener at 127.0.0.1/44809] INFO  handler.ContextHandler (ContextHandler.java:doStart(915)) - Started o.e.j.w.WebAppContext@4ad7985d{hddsDatanode,/,file:///tmp/jetty-0_0_0_0-45029-hdds-container-service-1_3_0-SNAPSHOT_jar-_-any-170405382993821493/webapp/,AVAILABLE}{jar:file:/home/runner/.m2/repository/org/apache/ozone/hdds-container-service/1.3.0-SNAPSHOT/hdds-container-service-1.3.0-SNAPSHOT.jar!/webapps/hddsDatanode}
2022-07-27 23:16:25,957 [Listener at 127.0.0.1/44809] INFO  server.AbstractConnector (AbstractConnector.java:doStart(331)) - Started ServerConnector@6fbdf386{HTTP/1.1, (http/1.1)}{0.0.0.0:45029}
2022-07-27 23:16:25,957 [Listener at 127.0.0.1/44809] INFO  server.Server (Server.java:doStart(415)) - Started @8349ms
2022-07-27 23:16:25,957 [Listener at 127.0.0.1/44809] WARN  impl.MetricsSystemImpl (MetricsSystemImpl.java:register(279)) - Sink prometheus already exists!
2022-07-27 23:16:25,958 [Listener at 127.0.0.1/44809] INFO  http.BaseHttpServer (BaseHttpServer.java:updateConnectorAddress(329)) - HTTP server of hddsDatanode listening at http://0.0.0.0:45029
2022-07-27 23:16:25,958 [Listener at 127.0.0.1/44809] WARN  impl.MetricRegistriesImpl (MetricRegistriesImpl.java:addReporterRegistration(111)) - New reporters are added after registries were created. Some metrics will be missing from the reporter. Please add reporter before adding any new registry.
2022-07-27 23:16:25,958 [Listener at 127.0.0.1/44809] WARN  impl.MetricRegistriesImpl (MetricRegistriesImpl.java:addReporterRegistration(111)) - New reporters are added after registries were created. Some metrics will be missing from the reporter. Please add reporter before adding any new registry.
2022-07-27 23:16:25,958 [Listener at 127.0.0.1/44809] INFO  impl.MetricsSystemImpl (MetricsSystemImpl.java:init(158)) - HddsDatanode metrics system started (again)
2022-07-27 23:16:25,962 [Datanode State Machine Daemon Thread] INFO  statemachine.DatanodeStateMachine (DatanodeStateMachine.java:lambda$startDaemon$0(492)) - Ozone container server started.
2022-07-27 23:16:25,970 [Listener at 127.0.0.1/44809] INFO  ozone.HddsDatanodeService (HddsDatanodeService.java:start(236)) - HddsDatanodeService host:fv-az129-30.sikifmtxjocetiwdfcy5r2sqla.phxx.internal.cloudapp.net ip:10.1.0.23
2022-07-27 23:16:25,971 [org.apache.hadoop.util.JvmPauseMonitor$Monitor@6fca655c] INFO  util.JvmPauseMonitor (JvmPauseMonitor.java:run(188)) - Starting JVM pause monitor
2022-07-27 23:16:25,973 [Datanode State Machine Task Thread - 0] INFO  datanode.InitDatanodeState (InitDatanodeState.java:persistContainerDatanodeDetails(138)) - DatanodeDetails is persisted to /home/runner/work/ozone/ozone/hadoop-ozone/integration-test/target/test-dir/MiniOzoneClusterImpl-9e07804d-d88b-4889-9752-1ce24c589c62/datanode-3/meta/datanode.id
2022-07-27 23:16:25,986 [Listener at 127.0.0.1/44809] INFO  upgrade.AbstractLayoutVersionManager (AbstractLayoutVersionManager.java:init(83)) - Initializing Layout version manager with metadata layout = DATANODE_SCHEMA_V3 (version = 4), software layout = DATANODE_SCHEMA_V3 (version = 4)
2022-07-27 23:16:26,027 [Listener at 127.0.0.1/44809] INFO  reflections.Reflections (Reflections.java:scan(232)) - Reflections took 40 ms to scan 7 urls, producing 132 keys and 321 values 
2022-07-27 23:16:26,028 [Listener at 127.0.0.1/44809] INFO  statemachine.DatanodeStateMachine (DatanodeStateMachine.java:getEndPointTaskThreadPoolSize(237)) - Datanode State Machine Task Thread Pool size 2
2022-07-27 23:16:26,030 [Listener at 127.0.0.1/44809] INFO  volume.HddsVolume (HddsVolume.java:<init>(116)) - Creating HddsVolume: /home/runner/work/ozone/ozone/hadoop-ozone/integration-test/target/test-dir/MiniOzoneClusterImpl-9e07804d-d88b-4889-9752-1ce24c589c62/datanode-4/data-0/containers/hdds of storage type : DISK capacity : 9223372036854775807
2022-07-27 23:16:26,030 [Listener at 127.0.0.1/44809] INFO  volume.MutableVolumeSet (MutableVolumeSet.java:initializeVolumeSet(174)) - Added Volume : /home/runner/work/ozone/ozone/hadoop-ozone/integration-test/target/test-dir/MiniOzoneClusterImpl-9e07804d-d88b-4889-9752-1ce24c589c62/datanode-4/data-0/containers/hdds to VolumeSet
2022-07-27 23:16:26,031 [Listener at 127.0.0.1/44809] INFO  volume.ThrottledAsyncChecker (ThrottledAsyncChecker.java:schedule(141)) - Scheduling a check for /home/runner/work/ozone/ozone/hadoop-ozone/integration-test/target/test-dir/MiniOzoneClusterImpl-9e07804d-d88b-4889-9752-1ce24c589c62/datanode-4/data-0/containers/hdds
2022-07-27 23:16:26,035 [Listener at 127.0.0.1/44809] INFO  volume.StorageVolumeChecker (StorageVolumeChecker.java:checkAllVolumes(202)) - Scheduled health check for volume /home/runner/work/ozone/ozone/hadoop-ozone/integration-test/target/test-dir/MiniOzoneClusterImpl-9e07804d-d88b-4889-9752-1ce24c589c62/datanode-4/data-0/containers/hdds
2022-07-27 23:16:26,045 [Listener at 127.0.0.1/44809] INFO  volume.MutableVolumeSet (MutableVolumeSet.java:initializeVolumeSet(174)) - Added Volume : /home/runner/work/ozone/ozone/hadoop-ozone/integration-test/target/test-dir/MiniOzoneClusterImpl-9e07804d-d88b-4889-9752-1ce24c589c62/datanode-4/data/ratis to VolumeSet
2022-07-27 23:16:26,045 [Listener at 127.0.0.1/44809] INFO  volume.ThrottledAsyncChecker (ThrottledAsyncChecker.java:schedule(141)) - Scheduling a check for /home/runner/work/ozone/ozone/hadoop-ozone/integration-test/target/test-dir/MiniOzoneClusterImpl-9e07804d-d88b-4889-9752-1ce24c589c62/datanode-4/data/ratis
2022-07-27 23:16:26,045 [Listener at 127.0.0.1/44809] INFO  volume.StorageVolumeChecker (StorageVolumeChecker.java:checkAllVolumes(202)) - Scheduled health check for volume /home/runner/work/ozone/ozone/hadoop-ozone/integration-test/target/test-dir/MiniOzoneClusterImpl-9e07804d-d88b-4889-9752-1ce24c589c62/datanode-4/data/ratis
2022-07-27 23:16:26,055 [Thread-190] INFO  ozoneimpl.ContainerReader (ContainerReader.java:readVolume(175)) - Finish verifying containers on volume /home/runner/work/ozone/ozone/hadoop-ozone/integration-test/target/test-dir/MiniOzoneClusterImpl-9e07804d-d88b-4889-9752-1ce24c589c62/datanode-4/data-0/containers/hdds
2022-07-27 23:16:26,055 [Listener at 127.0.0.1/44809] INFO  ozoneimpl.OzoneContainer (OzoneContainer.java:buildContainerSet(299)) - Build ContainerSet costs 0s
2022-07-27 23:16:26,057 [Listener at 127.0.0.1/44809] INFO  server.RaftServer (ConfUtils.java:logGet(46)) - raft.rpc.type = GRPC (default)
2022-07-27 23:16:26,058 [Listener at 127.0.0.1/44809] INFO  grpc.GrpcFactory (GrpcFactory.java:checkPooledByteBufAllocatorUseCacheForAllThreads(48)) - PERFORMANCE WARNING: useCacheForAllThreads is true that may cause Netty to create a lot garbage objects and, as a result, trigger GC.
	It is recommended to disable useCacheForAllThreads by setting -Dorg.apache.ratis.thirdparty.io.netty.allocator.useCacheForAllThreads=false in command line.
2022-07-27 23:16:26,058 [Listener at 127.0.0.1/44809] INFO  grpc.GrpcConfigKeys (ConfUtils.java:logGet(46)) - raft.grpc.admin.port = 0 (custom)
2022-07-27 23:16:26,058 [Listener at 127.0.0.1/44809] INFO  grpc.GrpcConfigKeys (ConfUtils.java:logGet(46)) - raft.grpc.client.port = 0 (custom)
2022-07-27 23:16:26,058 [Listener at 127.0.0.1/44809] INFO  grpc.GrpcConfigKeys (ConfUtils.java:logGet(46)) - raft.grpc.server.port = 0 (default)
2022-07-27 23:16:26,058 [Listener at 127.0.0.1/44809] INFO  server.GrpcService (ConfUtils.java:logGet(46)) - raft.grpc.message.size.max = 32MB (=33554432) (custom)
2022-07-27 23:16:26,058 [Listener at 127.0.0.1/44809] INFO  server.RaftServerConfigKeys (ConfUtils.java:logGet(46)) - raft.server.log.appender.buffer.byte-limit = 33554432 (custom)
2022-07-27 23:16:26,058 [Listener at 127.0.0.1/44809] INFO  server.GrpcService (ConfUtils.java:logGet(46)) - raft.grpc.flow.control.window = 5MB (=5242880) (custom)
2022-07-27 23:16:26,058 [Listener at 127.0.0.1/44809] INFO  server.RaftServerConfigKeys (ConfUtils.java:logGet(46)) - raft.server.rpc.request.timeout = 60s (custom)
2022-07-27 23:16:26,059 [Listener at 127.0.0.1/44809] INFO  grpc.GrpcConfigKeys (ConfUtils.java:logGet(46)) - raft.grpc.server.async.request.thread.pool.cached = true (default)
2022-07-27 23:16:26,059 [Listener at 127.0.0.1/44809] INFO  grpc.GrpcConfigKeys (ConfUtils.java:logGet(46)) - raft.grpc.server.async.request.thread.pool.size = 32 (default)
2022-07-27 23:16:26,060 [Listener at 127.0.0.1/44809] INFO  impl.DataStreamServerImpl (ConfUtils.java:logGet(46)) - raft.datastream.type = DISABLED (default)
2022-07-27 23:16:26,060 [Listener at 127.0.0.1/44809] INFO  server.RaftServerConfigKeys (ConfUtils.java:logGet(46)) - raft.server.threadpool.proxy.cached = true (default)
2022-07-27 23:16:26,060 [Listener at 127.0.0.1/44809] INFO  server.RaftServerConfigKeys (ConfUtils.java:logGet(46)) - raft.server.threadpool.proxy.size = 0 (default)
2022-07-27 23:16:26,060 [Listener at 127.0.0.1/44809] INFO  server.RaftServerConfigKeys (ConfUtils.java:logGet(46)) - raft.server.rpc.slowness.timeout = 300s (custom)
2022-07-27 23:16:26,060 [Listener at 127.0.0.1/44809] INFO  server.RaftServerConfigKeys (ConfUtils.java:logGet(46)) - raft.server.leaderelection.leader.step-down.wait-time = 10s (default)
2022-07-27 23:16:26,060 [Listener at 127.0.0.1/44809] INFO  server.RaftServerConfigKeys (ConfUtils.java:logGet(46)) - raft.server.storage.dir = [/home/runner/work/ozone/ozone/hadoop-ozone/integration-test/target/test-dir/MiniOzoneClusterImpl-9e07804d-d88b-4889-9752-1ce24c589c62/datanode-4/data/ratis] (custom)
2022-07-27 23:16:26,062 [Listener at 127.0.0.1/44809] INFO  server.XceiverServerGrpc (XceiverServerGrpc.java:<init>(132)) - GrpcServer channel type EpollServerSocketChannel
2022-07-27 23:16:26,064 [Listener at 127.0.0.1/44809] INFO  http.BaseHttpServer (BaseHttpServer.java:newHttpServer2BuilderForOzone(209)) - Starting Web-server for hddsDatanode at: http://0.0.0.0:0
2022-07-27 23:16:26,064 [Listener at 127.0.0.1/44809] INFO  http.BaseHttpServer (BaseHttpServer.java:<init>(107)) - Hadoop Security Enabled: false Ozone Security Enabled: false Ozone HTTP Security Enabled: false 
2022-07-27 23:16:26,065 [Listener at 127.0.0.1/44809] INFO  server.AuthenticationFilter (AuthenticationFilter.java:constructSecretProvider(240)) - Unable to initialize FileSignerSecretProvider, falling back to use random secrets.
2022-07-27 23:16:26,066 [Listener at 127.0.0.1/44809] WARN  http.HttpRequestLog (HttpRequestLog.java:getRequestLog(103)) - Jetty request log can only be enabled using Log4j
2022-07-27 23:16:26,067 [Listener at 127.0.0.1/44809] INFO  http.HttpServer2 (HttpServer2.java:addGlobalFilter(1029)) - Added global filter 'safety' (class=org.apache.hadoop.hdds.server.http.HttpServer2$QuotingInputFilter)
2022-07-27 23:16:26,068 [Listener at 127.0.0.1/44809] INFO  http.HttpServer2 (HttpServer2.java:addFilter(1005)) - Added filter static_user_filter (class=org.apache.hadoop.http.lib.StaticUserWebFilter$StaticUserFilter) to context hddsDatanode
2022-07-27 23:16:26,068 [Listener at 127.0.0.1/44809] INFO  http.HttpServer2 (HttpServer2.java:addFilter(1013)) - Added filter static_user_filter (class=org.apache.hadoop.http.lib.StaticUserWebFilter$StaticUserFilter) to context static
2022-07-27 23:16:26,068 [Listener at 127.0.0.1/44809] INFO  http.HttpServer2 (HttpServer2.java:addFilter(1013)) - Added filter static_user_filter (class=org.apache.hadoop.http.lib.StaticUserWebFilter$StaticUserFilter) to context logs
2022-07-27 23:16:26,069 [Listener at 127.0.0.1/44809] INFO  http.HttpServer2 (HttpServer2.java:bindListener(1248)) - Jetty bound to port 39611
2022-07-27 23:16:26,069 [Listener at 127.0.0.1/44809] INFO  server.Server (Server.java:doStart(375)) - jetty-9.4.43.v20210629; built: 2021-06-30T11:07:22.254Z; git: 526006ecfa3af7f1a27ef3a288e2bef7ea9dd7e8; jvm 1.8.0_332-b09
2022-07-27 23:16:26,070 [Listener at 127.0.0.1/44809] INFO  server.session (DefaultSessionIdManager.java:doStart(334)) - DefaultSessionIdManager workerName=node0
2022-07-27 23:16:26,070 [Listener at 127.0.0.1/44809] INFO  server.session (DefaultSessionIdManager.java:doStart(339)) - No SessionScavenger set, using defaults
2022-07-27 23:16:26,070 [Listener at 127.0.0.1/44809] INFO  server.session (HouseKeeper.java:startScavenging(132)) - node0 Scavenging every 660000ms
2022-07-27 23:16:26,071 [Listener at 127.0.0.1/44809] INFO  handler.ContextHandler (ContextHandler.java:doStart(915)) - Started o.e.j.s.ServletContextHandler@7272f82e{logs,/logs,file:///home/runner/work/ozone/ozone/hadoop-ozone/integration-test/target/log,AVAILABLE}
2022-07-27 23:16:26,071 [Listener at 127.0.0.1/44809] INFO  handler.ContextHandler (ContextHandler.java:doStart(915)) - Started o.e.j.s.ServletContextHandler@55d7429e{static,/static,jar:file:/home/runner/.m2/repository/org/apache/ozone/hdds-container-service/1.3.0-SNAPSHOT/hdds-container-service-1.3.0-SNAPSHOT.jar!/webapps/static,AVAILABLE}
2022-07-27 23:16:26,241 [Listener at 127.0.0.1/44809] INFO  handler.ContextHandler (ContextHandler.java:doStart(915)) - Started o.e.j.w.WebAppContext@13ea03f4{hddsDatanode,/,file:///tmp/jetty-0_0_0_0-39611-hdds-container-service-1_3_0-SNAPSHOT_jar-_-any-5420473161043177477/webapp/,AVAILABLE}{jar:file:/home/runner/.m2/repository/org/apache/ozone/hdds-container-service/1.3.0-SNAPSHOT/hdds-container-service-1.3.0-SNAPSHOT.jar!/webapps/hddsDatanode}
2022-07-27 23:16:26,242 [Listener at 127.0.0.1/44809] INFO  server.AbstractConnector (AbstractConnector.java:doStart(331)) - Started ServerConnector@2d8581af{HTTP/1.1, (http/1.1)}{0.0.0.0:39611}
2022-07-27 23:16:26,242 [Listener at 127.0.0.1/44809] INFO  server.Server (Server.java:doStart(415)) - Started @8634ms
2022-07-27 23:16:26,242 [Listener at 127.0.0.1/44809] WARN  impl.MetricsSystemImpl (MetricsSystemImpl.java:register(279)) - Sink prometheus already exists!
2022-07-27 23:16:26,243 [Listener at 127.0.0.1/44809] INFO  http.BaseHttpServer (BaseHttpServer.java:updateConnectorAddress(329)) - HTTP server of hddsDatanode listening at http://0.0.0.0:39611
2022-07-27 23:16:26,247 [Listener at 127.0.0.1/44809] INFO  ozone.MiniOzoneClusterImpl (MiniOzoneClusterImpl.java:lambda$waitForClusterToBeReady$0(216)) - Waiting for nodes to be ready. Got 0 of 5 DN Heartbeats.
2022-07-27 23:16:26,247 [Listener at 127.0.0.1/44809] INFO  ozone.MiniOzoneClusterImpl (MiniOzoneClusterImpl.java:lambda$waitForClusterToBeReady$0(219)) - Waiting for cluster to exit safe mode
2022-07-27 23:16:26,247 [Listener at 127.0.0.1/44809] INFO  ozone.MiniOzoneClusterImpl (MiniOzoneClusterImpl.java:lambda$waitForClusterToBeReady$0(221)) - SCM became leader
2022-07-27 23:16:26,247 [Datanode State Machine Daemon Thread] INFO  statemachine.DatanodeStateMachine (DatanodeStateMachine.java:lambda$startDaemon$0(492)) - Ozone container server started.
2022-07-27 23:16:26,250 [org.apache.hadoop.util.JvmPauseMonitor$Monitor@5d61fa29] INFO  util.JvmPauseMonitor (JvmPauseMonitor.java:run(188)) - Starting JVM pause monitor
2022-07-27 23:16:26,251 [Datanode State Machine Task Thread - 0] INFO  datanode.InitDatanodeState (InitDatanodeState.java:persistContainerDatanodeDetails(138)) - DatanodeDetails is persisted to /home/runner/work/ozone/ozone/hadoop-ozone/integration-test/target/test-dir/MiniOzoneClusterImpl-9e07804d-d88b-4889-9752-1ce24c589c62/datanode-4/meta/datanode.id
2022-07-27 23:16:26,934 [EndpointStateMachine task thread for /0.0.0.0:36191 - 0 ] INFO  volume.HddsVolume (HddsVolume.java:createDbStore(309)) - SchemaV3 db is created and loaded at /home/runner/work/ozone/ozone/hadoop-ozone/integration-test/target/test-dir/MiniOzoneClusterImpl-9e07804d-d88b-4889-9752-1ce24c589c62/datanode-0/data-0/containers/hdds/9e07804d-d88b-4889-9752-1ce24c589c62/DS-54bbd1a7-b20a-4ff1-82fa-686871dfbc65/container.db for volume DS-54bbd1a7-b20a-4ff1-82fa-686871dfbc65
2022-07-27 23:16:26,936 [EndpointStateMachine task thread for /0.0.0.0:36191 - 0 ] INFO  volume.HddsVolume (HddsVolume.java:closeDbStore(340)) - SchemaV3 db is stopped at /home/runner/work/ozone/ozone/hadoop-ozone/integration-test/target/test-dir/MiniOzoneClusterImpl-9e07804d-d88b-4889-9752-1ce24c589c62/datanode-0/data-0/containers/hdds/9e07804d-d88b-4889-9752-1ce24c589c62/DS-54bbd1a7-b20a-4ff1-82fa-686871dfbc65/container.db for volume DS-54bbd1a7-b20a-4ff1-82fa-686871dfbc65
2022-07-27 23:16:26,936 [EndpointStateMachine task thread for /0.0.0.0:36191 - 0 ] INFO  ozoneimpl.OzoneContainer (OzoneContainer.java:start(377)) - Attempting to start container services.
2022-07-27 23:16:26,943 [EndpointStateMachine task thread for /0.0.0.0:36191 - 0 ] INFO  ozoneimpl.OzoneContainer (OzoneContainer.java:startContainerScrub(312)) - Background container scanner has been disabled.
2022-07-27 23:16:26,945 [EndpointStateMachine task thread for /0.0.0.0:36191 - 0 ] INFO  replication.ReplicationServer (ReplicationServer.java:start(111)) - ReplicationServer is started using port 33801
2022-07-27 23:16:26,947 [EndpointStateMachine task thread for /0.0.0.0:36191 - 0 ] INFO  ratis.XceiverServerRatis (XceiverServerRatis.java:start(481)) - Starting XceiverServerRatis 2699f4c4-fa0c-4eec-a794-d1f1be832e07
2022-07-27 23:16:26,950 [EndpointStateMachine task thread for /0.0.0.0:36191 - 0 ] INFO  server.RaftServer (RaftServerProxy.java:lambda$start$6(382)) - 2699f4c4-fa0c-4eec-a794-d1f1be832e07: start RPC server
2022-07-27 23:16:26,951 [EndpointStateMachine task thread for /0.0.0.0:36191 - 0 ] INFO  server.GrpcService (GrpcService.java:startImpl(260)) - 2699f4c4-fa0c-4eec-a794-d1f1be832e07: GrpcService started, listening on 42117
2022-07-27 23:16:26,954 [EndpointStateMachine task thread for /0.0.0.0:36191 - 0 ] INFO  ratis.XceiverServerRatis (XceiverServerRatis.java:getRealPort(502)) - XceiverServerRatis 2699f4c4-fa0c-4eec-a794-d1f1be832e07 is started using port 42117 for RATIS
2022-07-27 23:16:26,954 [EndpointStateMachine task thread for /0.0.0.0:36191 - 0 ] INFO  ratis.XceiverServerRatis (XceiverServerRatis.java:getRealPort(502)) - XceiverServerRatis 2699f4c4-fa0c-4eec-a794-d1f1be832e07 is started using port 42117 for RATIS_ADMIN
2022-07-27 23:16:26,954 [EndpointStateMachine task thread for /0.0.0.0:36191 - 0 ] INFO  ratis.XceiverServerRatis (XceiverServerRatis.java:getRealPort(502)) - XceiverServerRatis 2699f4c4-fa0c-4eec-a794-d1f1be832e07 is started using port 42117 for RATIS_SERVER
2022-07-27 23:16:26,954 [org.apache.ratis.util.JvmPauseMonitor$$Lambda$616/285728533@4ba872dd] INFO  util.JvmPauseMonitor (JvmPauseMonitor.java:run(103)) - JvmPauseMonitor-2699f4c4-fa0c-4eec-a794-d1f1be832e07: Started
2022-07-27 23:16:26,962 [EndpointStateMachine task thread for /0.0.0.0:36191 - 0 ] INFO  server.XceiverServerGrpc (XceiverServerGrpc.java:start(180)) - XceiverServerGrpc 2699f4c4-fa0c-4eec-a794-d1f1be832e07 is started using port 43785
2022-07-27 23:16:27,247 [Listener at 127.0.0.1/44809] INFO  ozone.MiniOzoneClusterImpl (MiniOzoneClusterImpl.java:lambda$waitForClusterToBeReady$0(216)) - Waiting for nodes to be ready. Got 0 of 5 DN Heartbeats.
2022-07-27 23:16:27,247 [Listener at 127.0.0.1/44809] INFO  ozone.MiniOzoneClusterImpl (MiniOzoneClusterImpl.java:lambda$waitForClusterToBeReady$0(219)) - Waiting for cluster to exit safe mode
2022-07-27 23:16:27,248 [Listener at 127.0.0.1/44809] INFO  ozone.MiniOzoneClusterImpl (MiniOzoneClusterImpl.java:lambda$waitForClusterToBeReady$0(221)) - SCM became leader
2022-07-27 23:16:27,385 [EndpointStateMachine task thread for /0.0.0.0:36191 - 0 ] INFO  volume.HddsVolume (HddsVolume.java:createDbStore(309)) - SchemaV3 db is created and loaded at /home/runner/work/ozone/ozone/hadoop-ozone/integration-test/target/test-dir/MiniOzoneClusterImpl-9e07804d-d88b-4889-9752-1ce24c589c62/datanode-1/data-0/containers/hdds/9e07804d-d88b-4889-9752-1ce24c589c62/DS-7afe5e21-5010-4f3b-bbf8-162ce39d9bd2/container.db for volume DS-7afe5e21-5010-4f3b-bbf8-162ce39d9bd2
2022-07-27 23:16:27,386 [EndpointStateMachine task thread for /0.0.0.0:36191 - 0 ] INFO  volume.HddsVolume (HddsVolume.java:closeDbStore(340)) - SchemaV3 db is stopped at /home/runner/work/ozone/ozone/hadoop-ozone/integration-test/target/test-dir/MiniOzoneClusterImpl-9e07804d-d88b-4889-9752-1ce24c589c62/datanode-1/data-0/containers/hdds/9e07804d-d88b-4889-9752-1ce24c589c62/DS-7afe5e21-5010-4f3b-bbf8-162ce39d9bd2/container.db for volume DS-7afe5e21-5010-4f3b-bbf8-162ce39d9bd2
2022-07-27 23:16:27,386 [EndpointStateMachine task thread for /0.0.0.0:36191 - 0 ] INFO  ozoneimpl.OzoneContainer (OzoneContainer.java:start(377)) - Attempting to start container services.
2022-07-27 23:16:27,386 [EndpointStateMachine task thread for /0.0.0.0:36191 - 0 ] INFO  ozoneimpl.OzoneContainer (OzoneContainer.java:startContainerScrub(312)) - Background container scanner has been disabled.
2022-07-27 23:16:27,387 [EndpointStateMachine task thread for /0.0.0.0:36191 - 0 ] INFO  replication.ReplicationServer (ReplicationServer.java:start(111)) - ReplicationServer is started using port 44987
2022-07-27 23:16:27,388 [EndpointStateMachine task thread for /0.0.0.0:36191 - 0 ] INFO  ratis.XceiverServerRatis (XceiverServerRatis.java:start(481)) - Starting XceiverServerRatis d4d12f57-f56f-4c9c-ab62-903c4e3b8a60
2022-07-27 23:16:27,390 [EndpointStateMachine task thread for /0.0.0.0:36191 - 0 ] INFO  server.RaftServer (RaftServerProxy.java:lambda$start$6(382)) - d4d12f57-f56f-4c9c-ab62-903c4e3b8a60: start RPC server
2022-07-27 23:16:27,391 [EndpointStateMachine task thread for /0.0.0.0:36191 - 0 ] INFO  server.GrpcService (GrpcService.java:startImpl(260)) - d4d12f57-f56f-4c9c-ab62-903c4e3b8a60: GrpcService started, listening on 42455
2022-07-27 23:16:27,391 [EndpointStateMachine task thread for /0.0.0.0:36191 - 0 ] INFO  ratis.XceiverServerRatis (XceiverServerRatis.java:getRealPort(502)) - XceiverServerRatis d4d12f57-f56f-4c9c-ab62-903c4e3b8a60 is started using port 42455 for RATIS
2022-07-27 23:16:27,391 [EndpointStateMachine task thread for /0.0.0.0:36191 - 0 ] INFO  ratis.XceiverServerRatis (XceiverServerRatis.java:getRealPort(502)) - XceiverServerRatis d4d12f57-f56f-4c9c-ab62-903c4e3b8a60 is started using port 42455 for RATIS_ADMIN
2022-07-27 23:16:27,391 [org.apache.ratis.util.JvmPauseMonitor$$Lambda$616/285728533@5f3d7e2b] INFO  util.JvmPauseMonitor (JvmPauseMonitor.java:run(103)) - JvmPauseMonitor-d4d12f57-f56f-4c9c-ab62-903c4e3b8a60: Started
2022-07-27 23:16:27,391 [EndpointStateMachine task thread for /0.0.0.0:36191 - 0 ] INFO  ratis.XceiverServerRatis (XceiverServerRatis.java:getRealPort(502)) - XceiverServerRatis d4d12f57-f56f-4c9c-ab62-903c4e3b8a60 is started using port 42455 for RATIS_SERVER
2022-07-27 23:16:27,393 [EndpointStateMachine task thread for /0.0.0.0:36191 - 0 ] INFO  server.XceiverServerGrpc (XceiverServerGrpc.java:start(180)) - XceiverServerGrpc d4d12f57-f56f-4c9c-ab62-903c4e3b8a60 is started using port 43405
2022-07-27 23:16:27,700 [EndpointStateMachine task thread for /0.0.0.0:36191 - 0 ] INFO  volume.HddsVolume (HddsVolume.java:createDbStore(309)) - SchemaV3 db is created and loaded at /home/runner/work/ozone/ozone/hadoop-ozone/integration-test/target/test-dir/MiniOzoneClusterImpl-9e07804d-d88b-4889-9752-1ce24c589c62/datanode-2/data-0/containers/hdds/9e07804d-d88b-4889-9752-1ce24c589c62/DS-3e64dd98-4e74-422d-bed2-f78b91e44876/container.db for volume DS-3e64dd98-4e74-422d-bed2-f78b91e44876
2022-07-27 23:16:27,701 [EndpointStateMachine task thread for /0.0.0.0:36191 - 0 ] INFO  volume.HddsVolume (HddsVolume.java:closeDbStore(340)) - SchemaV3 db is stopped at /home/runner/work/ozone/ozone/hadoop-ozone/integration-test/target/test-dir/MiniOzoneClusterImpl-9e07804d-d88b-4889-9752-1ce24c589c62/datanode-2/data-0/containers/hdds/9e07804d-d88b-4889-9752-1ce24c589c62/DS-3e64dd98-4e74-422d-bed2-f78b91e44876/container.db for volume DS-3e64dd98-4e74-422d-bed2-f78b91e44876
2022-07-27 23:16:27,701 [EndpointStateMachine task thread for /0.0.0.0:36191 - 0 ] INFO  ozoneimpl.OzoneContainer (OzoneContainer.java:start(377)) - Attempting to start container services.
2022-07-27 23:16:27,701 [EndpointStateMachine task thread for /0.0.0.0:36191 - 0 ] INFO  ozoneimpl.OzoneContainer (OzoneContainer.java:startContainerScrub(312)) - Background container scanner has been disabled.
2022-07-27 23:16:27,703 [EndpointStateMachine task thread for /0.0.0.0:36191 - 0 ] INFO  replication.ReplicationServer (ReplicationServer.java:start(111)) - ReplicationServer is started using port 34035
2022-07-27 23:16:27,703 [EndpointStateMachine task thread for /0.0.0.0:36191 - 0 ] INFO  ratis.XceiverServerRatis (XceiverServerRatis.java:start(481)) - Starting XceiverServerRatis 4b6bcd3b-d6b3-4446-abce-c99d7a2dec67
2022-07-27 23:16:27,703 [EndpointStateMachine task thread for /0.0.0.0:36191 - 0 ] INFO  server.RaftServer (RaftServerProxy.java:lambda$start$6(382)) - 4b6bcd3b-d6b3-4446-abce-c99d7a2dec67: start RPC server
2022-07-27 23:16:27,704 [EndpointStateMachine task thread for /0.0.0.0:36191 - 0 ] INFO  server.GrpcService (GrpcService.java:startImpl(260)) - 4b6bcd3b-d6b3-4446-abce-c99d7a2dec67: GrpcService started, listening on 34935
2022-07-27 23:16:27,705 [EndpointStateMachine task thread for /0.0.0.0:36191 - 0 ] INFO  ratis.XceiverServerRatis (XceiverServerRatis.java:getRealPort(502)) - XceiverServerRatis 4b6bcd3b-d6b3-4446-abce-c99d7a2dec67 is started using port 34935 for RATIS
2022-07-27 23:16:27,705 [EndpointStateMachine task thread for /0.0.0.0:36191 - 0 ] INFO  ratis.XceiverServerRatis (XceiverServerRatis.java:getRealPort(502)) - XceiverServerRatis 4b6bcd3b-d6b3-4446-abce-c99d7a2dec67 is started using port 34935 for RATIS_ADMIN
2022-07-27 23:16:27,705 [EndpointStateMachine task thread for /0.0.0.0:36191 - 0 ] INFO  ratis.XceiverServerRatis (XceiverServerRatis.java:getRealPort(502)) - XceiverServerRatis 4b6bcd3b-d6b3-4446-abce-c99d7a2dec67 is started using port 34935 for RATIS_SERVER
2022-07-27 23:16:27,705 [org.apache.ratis.util.JvmPauseMonitor$$Lambda$616/285728533@6339b61] INFO  util.JvmPauseMonitor (JvmPauseMonitor.java:run(103)) - JvmPauseMonitor-4b6bcd3b-d6b3-4446-abce-c99d7a2dec67: Started
2022-07-27 23:16:27,707 [EndpointStateMachine task thread for /0.0.0.0:36191 - 0 ] INFO  server.XceiverServerGrpc (XceiverServerGrpc.java:start(180)) - XceiverServerGrpc 4b6bcd3b-d6b3-4446-abce-c99d7a2dec67 is started using port 38471
2022-07-27 23:16:27,996 [EndpointStateMachine task thread for /0.0.0.0:36191 - 0 ] INFO  volume.HddsVolume (HddsVolume.java:createDbStore(309)) - SchemaV3 db is created and loaded at /home/runner/work/ozone/ozone/hadoop-ozone/integration-test/target/test-dir/MiniOzoneClusterImpl-9e07804d-d88b-4889-9752-1ce24c589c62/datanode-3/data-0/containers/hdds/9e07804d-d88b-4889-9752-1ce24c589c62/DS-d2deb107-f5b5-4616-bfba-31958d9cf024/container.db for volume DS-d2deb107-f5b5-4616-bfba-31958d9cf024
2022-07-27 23:16:27,996 [EndpointStateMachine task thread for /0.0.0.0:36191 - 0 ] INFO  volume.HddsVolume (HddsVolume.java:closeDbStore(340)) - SchemaV3 db is stopped at /home/runner/work/ozone/ozone/hadoop-ozone/integration-test/target/test-dir/MiniOzoneClusterImpl-9e07804d-d88b-4889-9752-1ce24c589c62/datanode-3/data-0/containers/hdds/9e07804d-d88b-4889-9752-1ce24c589c62/DS-d2deb107-f5b5-4616-bfba-31958d9cf024/container.db for volume DS-d2deb107-f5b5-4616-bfba-31958d9cf024
2022-07-27 23:16:27,996 [EndpointStateMachine task thread for /0.0.0.0:36191 - 0 ] INFO  ozoneimpl.OzoneContainer (OzoneContainer.java:start(377)) - Attempting to start container services.
2022-07-27 23:16:27,996 [EndpointStateMachine task thread for /0.0.0.0:36191 - 0 ] INFO  ozoneimpl.OzoneContainer (OzoneContainer.java:startContainerScrub(312)) - Background container scanner has been disabled.
2022-07-27 23:16:27,998 [EndpointStateMachine task thread for /0.0.0.0:36191 - 0 ] INFO  replication.ReplicationServer (ReplicationServer.java:start(111)) - ReplicationServer is started using port 44737
2022-07-27 23:16:27,999 [EndpointStateMachine task thread for /0.0.0.0:36191 - 0 ] INFO  ratis.XceiverServerRatis (XceiverServerRatis.java:start(481)) - Starting XceiverServerRatis 8af6e6d9-b6c9-4f99-9118-f3886685fdcb
2022-07-27 23:16:27,999 [EndpointStateMachine task thread for /0.0.0.0:36191 - 0 ] INFO  server.RaftServer (RaftServerProxy.java:lambda$start$6(382)) - 8af6e6d9-b6c9-4f99-9118-f3886685fdcb: start RPC server
2022-07-27 23:16:28,001 [EndpointStateMachine task thread for /0.0.0.0:36191 - 0 ] INFO  server.GrpcService (GrpcService.java:startImpl(260)) - 8af6e6d9-b6c9-4f99-9118-f3886685fdcb: GrpcService started, listening on 34069
2022-07-27 23:16:28,001 [EndpointStateMachine task thread for /0.0.0.0:36191 - 0 ] INFO  ratis.XceiverServerRatis (XceiverServerRatis.java:getRealPort(502)) - XceiverServerRatis 8af6e6d9-b6c9-4f99-9118-f3886685fdcb is started using port 34069 for RATIS
2022-07-27 23:16:28,001 [EndpointStateMachine task thread for /0.0.0.0:36191 - 0 ] INFO  ratis.XceiverServerRatis (XceiverServerRatis.java:getRealPort(502)) - XceiverServerRatis 8af6e6d9-b6c9-4f99-9118-f3886685fdcb is started using port 34069 for RATIS_ADMIN
2022-07-27 23:16:28,001 [EndpointStateMachine task thread for /0.0.0.0:36191 - 0 ] INFO  ratis.XceiverServerRatis (XceiverServerRatis.java:getRealPort(502)) - XceiverServerRatis 8af6e6d9-b6c9-4f99-9118-f3886685fdcb is started using port 34069 for RATIS_SERVER
2022-07-27 23:16:28,001 [org.apache.ratis.util.JvmPauseMonitor$$Lambda$616/285728533@7666ba67] INFO  util.JvmPauseMonitor (JvmPauseMonitor.java:run(103)) - JvmPauseMonitor-8af6e6d9-b6c9-4f99-9118-f3886685fdcb: Started
2022-07-27 23:16:28,003 [EndpointStateMachine task thread for /0.0.0.0:36191 - 0 ] INFO  server.XceiverServerGrpc (XceiverServerGrpc.java:start(180)) - XceiverServerGrpc 8af6e6d9-b6c9-4f99-9118-f3886685fdcb is started using port 42439
2022-07-27 23:16:28,248 [Listener at 127.0.0.1/44809] INFO  ozone.MiniOzoneClusterImpl (MiniOzoneClusterImpl.java:lambda$waitForClusterToBeReady$0(216)) - Waiting for nodes to be ready. Got 0 of 5 DN Heartbeats.
2022-07-27 23:16:28,248 [Listener at 127.0.0.1/44809] INFO  ozone.MiniOzoneClusterImpl (MiniOzoneClusterImpl.java:lambda$waitForClusterToBeReady$0(219)) - Waiting for cluster to exit safe mode
2022-07-27 23:16:28,248 [Listener at 127.0.0.1/44809] INFO  ozone.MiniOzoneClusterImpl (MiniOzoneClusterImpl.java:lambda$waitForClusterToBeReady$0(221)) - SCM became leader
2022-07-27 23:16:28,280 [EndpointStateMachine task thread for /0.0.0.0:36191 - 0 ] INFO  volume.HddsVolume (HddsVolume.java:createDbStore(309)) - SchemaV3 db is created and loaded at /home/runner/work/ozone/ozone/hadoop-ozone/integration-test/target/test-dir/MiniOzoneClusterImpl-9e07804d-d88b-4889-9752-1ce24c589c62/datanode-4/data-0/containers/hdds/9e07804d-d88b-4889-9752-1ce24c589c62/DS-11c320ea-f23b-46a3-9e80-9d4306b7fa88/container.db for volume DS-11c320ea-f23b-46a3-9e80-9d4306b7fa88
2022-07-27 23:16:28,280 [EndpointStateMachine task thread for /0.0.0.0:36191 - 0 ] INFO  volume.HddsVolume (HddsVolume.java:closeDbStore(340)) - SchemaV3 db is stopped at /home/runner/work/ozone/ozone/hadoop-ozone/integration-test/target/test-dir/MiniOzoneClusterImpl-9e07804d-d88b-4889-9752-1ce24c589c62/datanode-4/data-0/containers/hdds/9e07804d-d88b-4889-9752-1ce24c589c62/DS-11c320ea-f23b-46a3-9e80-9d4306b7fa88/container.db for volume DS-11c320ea-f23b-46a3-9e80-9d4306b7fa88
2022-07-27 23:16:28,280 [EndpointStateMachine task thread for /0.0.0.0:36191 - 0 ] INFO  ozoneimpl.OzoneContainer (OzoneContainer.java:start(377)) - Attempting to start container services.
2022-07-27 23:16:28,280 [EndpointStateMachine task thread for /0.0.0.0:36191 - 0 ] INFO  ozoneimpl.OzoneContainer (OzoneContainer.java:startContainerScrub(312)) - Background container scanner has been disabled.
2022-07-27 23:16:28,282 [EndpointStateMachine task thread for /0.0.0.0:36191 - 0 ] INFO  replication.ReplicationServer (ReplicationServer.java:start(111)) - ReplicationServer is started using port 34571
2022-07-27 23:16:28,282 [EndpointStateMachine task thread for /0.0.0.0:36191 - 0 ] INFO  ratis.XceiverServerRatis (XceiverServerRatis.java:start(481)) - Starting XceiverServerRatis d7b59a12-ffae-4927-b8fa-810822d92135
2022-07-27 23:16:28,283 [EndpointStateMachine task thread for /0.0.0.0:36191 - 0 ] INFO  server.RaftServer (RaftServerProxy.java:lambda$start$6(382)) - d7b59a12-ffae-4927-b8fa-810822d92135: start RPC server
2022-07-27 23:16:28,284 [EndpointStateMachine task thread for /0.0.0.0:36191 - 0 ] INFO  server.GrpcService (GrpcService.java:startImpl(260)) - d7b59a12-ffae-4927-b8fa-810822d92135: GrpcService started, listening on 37019
2022-07-27 23:16:28,285 [EndpointStateMachine task thread for /0.0.0.0:36191 - 0 ] INFO  ratis.XceiverServerRatis (XceiverServerRatis.java:getRealPort(502)) - XceiverServerRatis d7b59a12-ffae-4927-b8fa-810822d92135 is started using port 37019 for RATIS
2022-07-27 23:16:28,285 [org.apache.ratis.util.JvmPauseMonitor$$Lambda$616/285728533@2efd7562] INFO  util.JvmPauseMonitor (JvmPauseMonitor.java:run(103)) - JvmPauseMonitor-d7b59a12-ffae-4927-b8fa-810822d92135: Started
2022-07-27 23:16:28,285 [EndpointStateMachine task thread for /0.0.0.0:36191 - 0 ] INFO  ratis.XceiverServerRatis (XceiverServerRatis.java:getRealPort(502)) - XceiverServerRatis d7b59a12-ffae-4927-b8fa-810822d92135 is started using port 37019 for RATIS_ADMIN
2022-07-27 23:16:28,285 [EndpointStateMachine task thread for /0.0.0.0:36191 - 0 ] INFO  ratis.XceiverServerRatis (XceiverServerRatis.java:getRealPort(502)) - XceiverServerRatis d7b59a12-ffae-4927-b8fa-810822d92135 is started using port 37019 for RATIS_SERVER
2022-07-27 23:16:28,287 [EndpointStateMachine task thread for /0.0.0.0:36191 - 0 ] INFO  server.XceiverServerGrpc (XceiverServerGrpc.java:start(180)) - XceiverServerGrpc d7b59a12-ffae-4927-b8fa-810822d92135 is started using port 40245
2022-07-27 23:16:28,880 [IPC Server handler 2 on default port 36191] INFO  net.NetworkTopologyImpl (NetworkTopologyImpl.java:add(112)) - Added a new node: /default-rack/2699f4c4-fa0c-4eec-a794-d1f1be832e07
2022-07-27 23:16:28,882 [IPC Server handler 2 on default port 36191] INFO  node.SCMNodeManager (SCMNodeManager.java:register(397)) - Registered Data node : 2699f4c4-fa0c-4eec-a794-d1f1be832e07{ip: 10.1.0.23, host: fv-az129-30.sikifmtxjocetiwdfcy5r2sqla.phxx.internal.cloudapp.net, ports: [REPLICATION=33801, RATIS=42117, RATIS_ADMIN=42117, RATIS_SERVER=42117, STANDALONE=43785], networkLocation: /default-rack, certSerialId: null, persistedOpState: null, persistedOpStateExpiryEpochSec: 0}
2022-07-27 23:16:28,886 [EventQueue-NewNodeForNewNodeHandler] INFO  pipeline.BackgroundPipelineCreator (BackgroundPipelineCreator.java:notifyEventTriggered(276)) - trigger a one-shot run on RatisPipelineUtilsThread.
2022-07-27 23:16:28,894 [RatisPipelineUtilsThread - 0] INFO  pipeline.RatisPipelineProvider (RatisPipelineProvider.java:lambda$create$0(195)) - Sending CreatePipelineCommand for pipeline:PipelineID=e04f0ada-bad5-45ff-bd73-2120abbbfc9f to datanode:2699f4c4-fa0c-4eec-a794-d1f1be832e07
2022-07-27 23:16:28,895 [EventQueue-NodeRegistrationContainerReportForContainerSafeModeRule] INFO  safemode.SCMSafeModeManager (SCMSafeModeManager.java:validateSafeModeExitRules(204)) - ContainerSafeModeRule rule is successfully validated
2022-07-27 23:16:28,896 [EventQueue-NodeRegistrationContainerReportForDataNodeSafeModeRule] INFO  safemode.SCMSafeModeManager (DataNodeSafeModeRule.java:process(71)) - SCM in safe mode. 1 DataNodes registered, 3 required.
2022-07-27 23:16:28,899 [EventQueue-PipelineReportForOneReplicaPipelineSafeModeRule] INFO  safemode.SCMSafeModeManager (SCMSafeModeManager.java:validateSafeModeExitRules(204)) - AtleastOneDatanodeReportedRule rule is successfully validated
2022-07-27 23:16:28,910 [RatisPipelineUtilsThread - 0] INFO  pipeline.PipelineStateManagerImpl (PipelineStateManagerImpl.java:addPipeline(103)) - Created pipeline Pipeline[ Id: e04f0ada-bad5-45ff-bd73-2120abbbfc9f, Nodes: 2699f4c4-fa0c-4eec-a794-d1f1be832e07{ip: 10.1.0.23, host: fv-az129-30.sikifmtxjocetiwdfcy5r2sqla.phxx.internal.cloudapp.net, ports: [REPLICATION=33801, RATIS=42117, RATIS_ADMIN=42117, RATIS_SERVER=42117, STANDALONE=43785], networkLocation: /default-rack, certSerialId: null, persistedOpState: IN_SERVICE, persistedOpStateExpiryEpochSec: 0}, ReplicationConfig: RATIS/ONE, State:ALLOCATED, leaderId:, CreationTimestamp2022-07-27T23:16:28.891Z[Etc/UTC]].
2022-07-27 23:16:29,248 [Listener at 127.0.0.1/44809] INFO  ozone.MiniOzoneClusterImpl (MiniOzoneClusterImpl.java:lambda$waitForClusterToBeReady$0(216)) - Waiting for nodes to be ready. Got 1 of 5 DN Heartbeats.
2022-07-27 23:16:29,249 [Listener at 127.0.0.1/44809] INFO  ozone.MiniOzoneClusterImpl (MiniOzoneClusterImpl.java:lambda$waitForClusterToBeReady$0(219)) - Waiting for cluster to exit safe mode
2022-07-27 23:16:29,249 [Listener at 127.0.0.1/44809] INFO  ozone.MiniOzoneClusterImpl (MiniOzoneClusterImpl.java:lambda$waitForClusterToBeReady$0(221)) - SCM became leader
2022-07-27 23:16:29,358 [IPC Server handler 0 on default port 36191] INFO  net.NetworkTopologyImpl (NetworkTopologyImpl.java:add(112)) - Added a new node: /default-rack/d4d12f57-f56f-4c9c-ab62-903c4e3b8a60
2022-07-27 23:16:29,359 [IPC Server handler 0 on default port 36191] INFO  node.SCMNodeManager (SCMNodeManager.java:register(397)) - Registered Data node : d4d12f57-f56f-4c9c-ab62-903c4e3b8a60{ip: 10.1.0.23, host: fv-az129-30.sikifmtxjocetiwdfcy5r2sqla.phxx.internal.cloudapp.net, ports: [REPLICATION=44987, RATIS=42455, RATIS_ADMIN=42455, RATIS_SERVER=42455, STANDALONE=43405], networkLocation: /default-rack, certSerialId: null, persistedOpState: null, persistedOpStateExpiryEpochSec: 0}
2022-07-27 23:16:29,359 [EventQueue-NewNodeForNewNodeHandler] INFO  pipeline.BackgroundPipelineCreator (BackgroundPipelineCreator.java:notifyEventTriggered(276)) - trigger a one-shot run on RatisPipelineUtilsThread.
2022-07-27 23:16:29,359 [EventQueue-NodeRegistrationContainerReportForDataNodeSafeModeRule] INFO  safemode.SCMSafeModeManager (DataNodeSafeModeRule.java:process(71)) - SCM in safe mode. 2 DataNodes registered, 3 required.
2022-07-27 23:16:29,360 [RatisPipelineUtilsThread - 0] INFO  pipeline.RatisPipelineProvider (RatisPipelineProvider.java:lambda$create$0(195)) - Sending CreatePipelineCommand for pipeline:PipelineID=0ad464ba-d195-4d41-8d68-5dde0dfafe7b to datanode:d4d12f57-f56f-4c9c-ab62-903c4e3b8a60
2022-07-27 23:16:29,361 [RatisPipelineUtilsThread - 0] INFO  pipeline.PipelineStateManagerImpl (PipelineStateManagerImpl.java:addPipeline(103)) - Created pipeline Pipeline[ Id: 0ad464ba-d195-4d41-8d68-5dde0dfafe7b, Nodes: d4d12f57-f56f-4c9c-ab62-903c4e3b8a60{ip: 10.1.0.23, host: fv-az129-30.sikifmtxjocetiwdfcy5r2sqla.phxx.internal.cloudapp.net, ports: [REPLICATION=44987, RATIS=42455, RATIS_ADMIN=42455, RATIS_SERVER=42455, STANDALONE=43405], networkLocation: /default-rack, certSerialId: null, persistedOpState: IN_SERVICE, persistedOpStateExpiryEpochSec: 0}, ReplicationConfig: RATIS/ONE, State:ALLOCATED, leaderId:, CreationTimestamp2022-07-27T23:16:29.360Z[Etc/UTC]].
2022-07-27 23:16:29,670 [IPC Server handler 1 on default port 36191] INFO  net.NetworkTopologyImpl (NetworkTopologyImpl.java:add(112)) - Added a new node: /default-rack/4b6bcd3b-d6b3-4446-abce-c99d7a2dec67
2022-07-27 23:16:29,670 [IPC Server handler 1 on default port 36191] INFO  node.SCMNodeManager (SCMNodeManager.java:register(397)) - Registered Data node : 4b6bcd3b-d6b3-4446-abce-c99d7a2dec67{ip: 10.1.0.23, host: fv-az129-30.sikifmtxjocetiwdfcy5r2sqla.phxx.internal.cloudapp.net, ports: [REPLICATION=34035, RATIS=34935, RATIS_ADMIN=34935, RATIS_SERVER=34935, STANDALONE=38471], networkLocation: /default-rack, certSerialId: null, persistedOpState: null, persistedOpStateExpiryEpochSec: 0}
2022-07-27 23:16:29,671 [EventQueue-NewNodeForNewNodeHandler] INFO  pipeline.BackgroundPipelineCreator (BackgroundPipelineCreator.java:notifyEventTriggered(276)) - trigger a one-shot run on RatisPipelineUtilsThread.
2022-07-27 23:16:29,671 [EventQueue-NodeRegistrationContainerReportForDataNodeSafeModeRule] INFO  safemode.SCMSafeModeManager (DataNodeSafeModeRule.java:process(71)) - SCM in safe mode. 3 DataNodes registered, 3 required.
2022-07-27 23:16:29,671 [EventQueue-NodeRegistrationContainerReportForDataNodeSafeModeRule] INFO  safemode.SCMSafeModeManager (SCMSafeModeManager.java:validateSafeModeExitRules(204)) - DataNodeSafeModeRule rule is successfully validated
2022-07-27 23:16:29,671 [EventQueue-NodeRegistrationContainerReportForDataNodeSafeModeRule] INFO  safemode.SCMSafeModeManager (SCMSafeModeManager.java:completePreCheck(233)) - All SCM safe mode pre check rules have passed
2022-07-27 23:16:29,671 [EventQueue-NodeRegistrationContainerReportForDataNodeSafeModeRule] WARN  events.EventQueue (EventQueue.java:fireEvent(216)) - No event handler registered for event TypedEvent{payloadType=SafeModeStatus, name='Safe mode status'}
2022-07-27 23:16:29,672 [EventQueue-NodeRegistrationContainerReportForDataNodeSafeModeRule] INFO  ha.SCMContext (SCMContext.java:updateSafeModeStatus(228)) - Update SafeModeStatus from SafeModeStatus{safeModeStatus=true, preCheckPassed=false} to SafeModeStatus{safeModeStatus=true, preCheckPassed=true}.
2022-07-27 23:16:29,672 [EventQueue-NodeRegistrationContainerReportForDataNodeSafeModeRule] INFO  pipeline.BackgroundPipelineCreator (BackgroundPipelineCreator.java:notifyEventTriggered(276)) - trigger a one-shot run on RatisPipelineUtilsThread.
2022-07-27 23:16:29,672 [RatisPipelineUtilsThread - 0] INFO  pipeline.RatisPipelineProvider (RatisPipelineProvider.java:lambda$create$0(195)) - Sending CreatePipelineCommand for pipeline:PipelineID=1e9781b6-c544-47e7-94c6-e2172b0d6f3e to datanode:4b6bcd3b-d6b3-4446-abce-c99d7a2dec67
2022-07-27 23:16:29,672 [RatisPipelineUtilsThread - 0] INFO  pipeline.PipelineStateManagerImpl (PipelineStateManagerImpl.java:addPipeline(103)) - Created pipeline Pipeline[ Id: 1e9781b6-c544-47e7-94c6-e2172b0d6f3e, Nodes: 4b6bcd3b-d6b3-4446-abce-c99d7a2dec67{ip: 10.1.0.23, host: fv-az129-30.sikifmtxjocetiwdfcy5r2sqla.phxx.internal.cloudapp.net, ports: [REPLICATION=34035, RATIS=34935, RATIS_ADMIN=34935, RATIS_SERVER=34935, STANDALONE=38471], networkLocation: /default-rack, certSerialId: null, persistedOpState: IN_SERVICE, persistedOpStateExpiryEpochSec: 0}, ReplicationConfig: RATIS/ONE, State:ALLOCATED, leaderId:, CreationTimestamp2022-07-27T23:16:29.672Z[Etc/UTC]].
2022-07-27 23:16:29,675 [RatisPipelineUtilsThread - 0] INFO  pipeline.RatisPipelineProvider (RatisPipelineProvider.java:lambda$create$0(195)) - Sending CreatePipelineCommand for pipeline:PipelineID=dd7e3349-faaf-42b7-8a4a-15c7c689dff8 to datanode:2699f4c4-fa0c-4eec-a794-d1f1be832e07
2022-07-27 23:16:29,675 [RatisPipelineUtilsThread - 0] INFO  pipeline.RatisPipelineProvider (RatisPipelineProvider.java:lambda$create$0(195)) - Sending CreatePipelineCommand for pipeline:PipelineID=dd7e3349-faaf-42b7-8a4a-15c7c689dff8 to datanode:d4d12f57-f56f-4c9c-ab62-903c4e3b8a60
2022-07-27 23:16:29,675 [RatisPipelineUtilsThread - 0] INFO  pipeline.RatisPipelineProvider (RatisPipelineProvider.java:lambda$create$0(195)) - Sending CreatePipelineCommand for pipeline:PipelineID=dd7e3349-faaf-42b7-8a4a-15c7c689dff8 to datanode:4b6bcd3b-d6b3-4446-abce-c99d7a2dec67
2022-07-27 23:16:29,676 [RatisPipelineUtilsThread - 0] INFO  pipeline.PipelineStateManagerImpl (PipelineStateManagerImpl.java:addPipeline(103)) - Created pipeline Pipeline[ Id: dd7e3349-faaf-42b7-8a4a-15c7c689dff8, Nodes: 2699f4c4-fa0c-4eec-a794-d1f1be832e07{ip: 10.1.0.23, host: fv-az129-30.sikifmtxjocetiwdfcy5r2sqla.phxx.internal.cloudapp.net, ports: [REPLICATION=33801, RATIS=42117, RATIS_ADMIN=42117, RATIS_SERVER=42117, STANDALONE=43785], networkLocation: /default-rack, certSerialId: null, persistedOpState: IN_SERVICE, persistedOpStateExpiryEpochSec: 0}d4d12f57-f56f-4c9c-ab62-903c4e3b8a60{ip: 10.1.0.23, host: fv-az129-30.sikifmtxjocetiwdfcy5r2sqla.phxx.internal.cloudapp.net, ports: [REPLICATION=44987, RATIS=42455, RATIS_ADMIN=42455, RATIS_SERVER=42455, STANDALONE=43405], networkLocation: /default-rack, certSerialId: null, persistedOpState: IN_SERVICE, persistedOpStateExpiryEpochSec: 0}4b6bcd3b-d6b3-4446-abce-c99d7a2dec67{ip: 10.1.0.23, host: fv-az129-30.sikifmtxjocetiwdfcy5r2sqla.phxx.internal.cloudapp.net, ports: [REPLICATION=34035, RATIS=34935, RATIS_ADMIN=34935, RATIS_SERVER=34935, STANDALONE=38471], networkLocation: /default-rack, certSerialId: null, persistedOpState: IN_SERVICE, persistedOpStateExpiryEpochSec: 0}, ReplicationConfig: RATIS/THREE, State:ALLOCATED, leaderId:, CreationTimestamp2022-07-27T23:16:29.675Z[Etc/UTC]].
2022-07-27 23:16:29,677 [RatisPipelineUtilsThread - 0] INFO  pipeline.RatisPipelineProvider (RatisPipelineProvider.java:lambda$create$0(195)) - Sending CreatePipelineCommand for pipeline:PipelineID=ddc81b98-8571-4ecf-9e9e-14427373ba86 to datanode:4b6bcd3b-d6b3-4446-abce-c99d7a2dec67
2022-07-27 23:16:29,677 [RatisPipelineUtilsThread - 0] INFO  pipeline.RatisPipelineProvider (RatisPipelineProvider.java:lambda$create$0(195)) - Sending CreatePipelineCommand for pipeline:PipelineID=ddc81b98-8571-4ecf-9e9e-14427373ba86 to datanode:d4d12f57-f56f-4c9c-ab62-903c4e3b8a60
2022-07-27 23:16:29,677 [RatisPipelineUtilsThread - 0] INFO  pipeline.RatisPipelineProvider (RatisPipelineProvider.java:lambda$create$0(195)) - Sending CreatePipelineCommand for pipeline:PipelineID=ddc81b98-8571-4ecf-9e9e-14427373ba86 to datanode:2699f4c4-fa0c-4eec-a794-d1f1be832e07
2022-07-27 23:16:29,678 [RatisPipelineUtilsThread - 0] INFO  pipeline.PipelineStateManagerImpl (PipelineStateManagerImpl.java:addPipeline(103)) - Created pipeline Pipeline[ Id: ddc81b98-8571-4ecf-9e9e-14427373ba86, Nodes: 4b6bcd3b-d6b3-4446-abce-c99d7a2dec67{ip: 10.1.0.23, host: fv-az129-30.sikifmtxjocetiwdfcy5r2sqla.phxx.internal.cloudapp.net, ports: [REPLICATION=34035, RATIS=34935, RATIS_ADMIN=34935, RATIS_SERVER=34935, STANDALONE=38471], networkLocation: /default-rack, certSerialId: null, persistedOpState: IN_SERVICE, persistedOpStateExpiryEpochSec: 0}d4d12f57-f56f-4c9c-ab62-903c4e3b8a60{ip: 10.1.0.23, host: fv-az129-30.sikifmtxjocetiwdfcy5r2sqla.phxx.internal.cloudapp.net, ports: [REPLICATION=44987, RATIS=42455, RATIS_ADMIN=42455, RATIS_SERVER=42455, STANDALONE=43405], networkLocation: /default-rack, certSerialId: null, persistedOpState: IN_SERVICE, persistedOpStateExpiryEpochSec: 0}2699f4c4-fa0c-4eec-a794-d1f1be832e07{ip: 10.1.0.23, host: fv-az129-30.sikifmtxjocetiwdfcy5r2sqla.phxx.internal.cloudapp.net, ports: [REPLICATION=33801, RATIS=42117, RATIS_ADMIN=42117, RATIS_SERVER=42117, STANDALONE=43785], networkLocation: /default-rack, certSerialId: null, persistedOpState: IN_SERVICE, persistedOpStateExpiryEpochSec: 0}, ReplicationConfig: RATIS/THREE, State:ALLOCATED, leaderId:, CreationTimestamp2022-07-27T23:16:29.677Z[Etc/UTC]].
2022-07-27 23:16:29,678 [RatisPipelineUtilsThread - 0] INFO  pipeline.PipelineManagerImpl (PipelineManagerImpl.java:recordMetricsForPipeline(796)) - Pipeline: PipelineID=ddc81b98-8571-4ecf-9e9e-14427373ba86 contains same datanodes as previous pipelines: PipelineID=dd7e3349-faaf-42b7-8a4a-15c7c689dff8 nodeIds: 4b6bcd3b-d6b3-4446-abce-c99d7a2dec67, d4d12f57-f56f-4c9c-ab62-903c4e3b8a60, 2699f4c4-fa0c-4eec-a794-d1f1be832e07
2022-07-27 23:16:29,973 [IPC Server handler 3 on default port 36191] INFO  net.NetworkTopologyImpl (NetworkTopologyImpl.java:add(112)) - Added a new node: /default-rack/8af6e6d9-b6c9-4f99-9118-f3886685fdcb
2022-07-27 23:16:29,974 [IPC Server handler 3 on default port 36191] INFO  node.SCMNodeManager (SCMNodeManager.java:register(397)) - Registered Data node : 8af6e6d9-b6c9-4f99-9118-f3886685fdcb{ip: 10.1.0.23, host: fv-az129-30.sikifmtxjocetiwdfcy5r2sqla.phxx.internal.cloudapp.net, ports: [REPLICATION=44737, RATIS=34069, RATIS_ADMIN=34069, RATIS_SERVER=34069, STANDALONE=42439], networkLocation: /default-rack, certSerialId: null, persistedOpState: null, persistedOpStateExpiryEpochSec: 0}
2022-07-27 23:16:29,974 [EventQueue-NewNodeForNewNodeHandler] INFO  pipeline.BackgroundPipelineCreator (BackgroundPipelineCreator.java:notifyEventTriggered(276)) - trigger a one-shot run on RatisPipelineUtilsThread.
2022-07-27 23:16:29,975 [RatisPipelineUtilsThread - 0] INFO  pipeline.RatisPipelineProvider (RatisPipelineProvider.java:lambda$create$0(195)) - Sending CreatePipelineCommand for pipeline:PipelineID=9962c781-f6d6-4348-8585-f86ee71f06bd to datanode:8af6e6d9-b6c9-4f99-9118-f3886685fdcb
2022-07-27 23:16:29,976 [RatisPipelineUtilsThread - 0] INFO  pipeline.PipelineStateManagerImpl (PipelineStateManagerImpl.java:addPipeline(103)) - Created pipeline Pipeline[ Id: 9962c781-f6d6-4348-8585-f86ee71f06bd, Nodes: 8af6e6d9-b6c9-4f99-9118-f3886685fdcb{ip: 10.1.0.23, host: fv-az129-30.sikifmtxjocetiwdfcy5r2sqla.phxx.internal.cloudapp.net, ports: [REPLICATION=44737, RATIS=34069, RATIS_ADMIN=34069, RATIS_SERVER=34069, STANDALONE=42439], networkLocation: /default-rack, certSerialId: null, persistedOpState: IN_SERVICE, persistedOpStateExpiryEpochSec: 0}, ReplicationConfig: RATIS/ONE, State:ALLOCATED, leaderId:, CreationTimestamp2022-07-27T23:16:29.975Z[Etc/UTC]].
2022-07-27 23:16:30,249 [Listener at 127.0.0.1/44809] INFO  ozone.MiniOzoneClusterImpl (MiniOzoneClusterImpl.java:lambda$waitForClusterToBeReady$0(216)) - Waiting for nodes to be ready. Got 4 of 5 DN Heartbeats.
2022-07-27 23:16:30,249 [Listener at 127.0.0.1/44809] INFO  ozone.MiniOzoneClusterImpl (MiniOzoneClusterImpl.java:lambda$waitForClusterToBeReady$0(219)) - Waiting for cluster to exit safe mode
2022-07-27 23:16:30,249 [Listener at 127.0.0.1/44809] INFO  ozone.MiniOzoneClusterImpl (MiniOzoneClusterImpl.java:lambda$waitForClusterToBeReady$0(221)) - SCM became leader
2022-07-27 23:16:30,251 [IPC Server handler 6 on default port 36191] INFO  net.NetworkTopologyImpl (NetworkTopologyImpl.java:add(112)) - Added a new node: /default-rack/d7b59a12-ffae-4927-b8fa-810822d92135
2022-07-27 23:16:30,252 [IPC Server handler 6 on default port 36191] INFO  node.SCMNodeManager (SCMNodeManager.java:register(397)) - Registered Data node : d7b59a12-ffae-4927-b8fa-810822d92135{ip: 10.1.0.23, host: fv-az129-30.sikifmtxjocetiwdfcy5r2sqla.phxx.internal.cloudapp.net, ports: [REPLICATION=34571, RATIS=37019, RATIS_ADMIN=37019, RATIS_SERVER=37019, STANDALONE=40245], networkLocation: /default-rack, certSerialId: null, persistedOpState: null, persistedOpStateExpiryEpochSec: 0}
2022-07-27 23:16:30,252 [EventQueue-NewNodeForNewNodeHandler] INFO  pipeline.BackgroundPipelineCreator (BackgroundPipelineCreator.java:notifyEventTriggered(276)) - trigger a one-shot run on RatisPipelineUtilsThread.
2022-07-27 23:16:30,253 [RatisPipelineUtilsThread - 0] INFO  pipeline.RatisPipelineProvider (RatisPipelineProvider.java:lambda$create$0(195)) - Sending CreatePipelineCommand for pipeline:PipelineID=fafe1b0c-96f3-4deb-b57b-c463b5c87882 to datanode:d7b59a12-ffae-4927-b8fa-810822d92135
2022-07-27 23:16:30,253 [RatisPipelineUtilsThread - 0] INFO  pipeline.PipelineStateManagerImpl (PipelineStateManagerImpl.java:addPipeline(103)) - Created pipeline Pipeline[ Id: fafe1b0c-96f3-4deb-b57b-c463b5c87882, Nodes: d7b59a12-ffae-4927-b8fa-810822d92135{ip: 10.1.0.23, host: fv-az129-30.sikifmtxjocetiwdfcy5r2sqla.phxx.internal.cloudapp.net, ports: [REPLICATION=34571, RATIS=37019, RATIS_ADMIN=37019, RATIS_SERVER=37019, STANDALONE=40245], networkLocation: /default-rack, certSerialId: null, persistedOpState: IN_SERVICE, persistedOpStateExpiryEpochSec: 0}, ReplicationConfig: RATIS/ONE, State:ALLOCATED, leaderId:, CreationTimestamp2022-07-27T23:16:30.253Z[Etc/UTC]].
2022-07-27 23:16:31,249 [Listener at 127.0.0.1/44809] INFO  ozone.MiniOzoneClusterImpl (MiniOzoneClusterImpl.java:lambda$waitForClusterToBeReady$0(216)) - Nodes are ready. Got 5 of 5 DN Heartbeats.
2022-07-27 23:16:31,250 [Listener at 127.0.0.1/44809] INFO  ozone.MiniOzoneClusterImpl (MiniOzoneClusterImpl.java:lambda$waitForClusterToBeReady$0(219)) - Waiting for cluster to exit safe mode
2022-07-27 23:16:31,250 [Listener at 127.0.0.1/44809] INFO  ozone.MiniOzoneClusterImpl (MiniOzoneClusterImpl.java:lambda$waitForClusterToBeReady$0(221)) - SCM became leader
2022-07-27 23:16:31,879 [Command processor thread] INFO  server.RaftServer (RaftServerProxy.java:addNew(96)) - 2699f4c4-fa0c-4eec-a794-d1f1be832e07: addNew group-2120ABBBFC9F:[2699f4c4-fa0c-4eec-a794-d1f1be832e07|rpc:10.1.0.23:42117|priority:1] returns group-2120ABBBFC9F:java.util.concurrent.CompletableFuture@54a86613[Not completed]
2022-07-27 23:16:31,887 [pool-73-thread-1] INFO  server.RaftServer$Division (RaftServerImpl.java:<init>(190)) - 2699f4c4-fa0c-4eec-a794-d1f1be832e07: new RaftServerImpl for group-2120ABBBFC9F:[2699f4c4-fa0c-4eec-a794-d1f1be832e07|rpc:10.1.0.23:42117|priority:1] with ContainerStateMachine:uninitialized
2022-07-27 23:16:31,888 [pool-73-thread-1] INFO  server.RaftServerConfigKeys (ConfUtils.java:logGet(46)) - raft.server.rpc.timeout.min = 5s (custom)
2022-07-27 23:16:31,888 [pool-73-thread-1] INFO  server.RaftServerConfigKeys (ConfUtils.java:logGet(46)) - raft.server.rpc.timeout.max = 5200ms (custom)
2022-07-27 23:16:31,888 [pool-73-thread-1] INFO  server.RaftServerConfigKeys (ConfUtils.java:logGet(46)) - raft.server.rpc.sleep.time = 25ms (default)
2022-07-27 23:16:31,888 [pool-73-thread-1] INFO  server.RaftServerConfigKeys (ConfUtils.java:logGet(46)) - raft.server.rpc.slowness.timeout = 300s (custom)
2022-07-27 23:16:31,888 [pool-73-thread-1] INFO  server.RaftServerConfigKeys (ConfUtils.java:logGet(46)) - raft.server.leaderelection.leader.step-down.wait-time = 10s (default)
2022-07-27 23:16:31,888 [pool-73-thread-1] INFO  server.RaftServerConfigKeys (ConfUtils.java:logGet(46)) - raft.server.sleep.deviation.threshold = 300ms (default)
2022-07-27 23:16:31,888 [pool-73-thread-1] INFO  server.RaftServer$Division (ServerState.java:<init>(107)) - 2699f4c4-fa0c-4eec-a794-d1f1be832e07@group-2120ABBBFC9F: ConfigurationManager, init=-1: [2699f4c4-fa0c-4eec-a794-d1f1be832e07|rpc:10.1.0.23:42117|priority:1], old=null, confs=<EMPTY_MAP>
2022-07-27 23:16:31,888 [pool-73-thread-1] INFO  server.RaftServerConfigKeys (ConfUtils.java:logGet(46)) - raft.server.storage.dir = [/home/runner/work/ozone/ozone/hadoop-ozone/integration-test/target/test-dir/MiniOzoneClusterImpl-9e07804d-d88b-4889-9752-1ce24c589c62/datanode-0/data/ratis] (custom)
2022-07-27 23:16:31,888 [pool-73-thread-1] INFO  server.RaftServerConfigKeys (ConfUtils.java:logGet(46)) - raft.server.log.corruption.policy = EXCEPTION (default)
2022-07-27 23:16:31,888 [pool-73-thread-1] INFO  server.RaftServerConfigKeys (ConfUtils.java:logGet(46)) - raft.server.storage.free-space.min = 0MB (=0) (default)
2022-07-27 23:16:31,888 [pool-73-thread-1] INFO  storage.RaftStorageDirectory (RaftStorageDirectoryImpl.java:analyzeStorage(135)) - The storage directory /home/runner/work/ozone/ozone/hadoop-ozone/integration-test/target/test-dir/MiniOzoneClusterImpl-9e07804d-d88b-4889-9752-1ce24c589c62/datanode-0/data/ratis/e04f0ada-bad5-45ff-bd73-2120abbbfc9f does not exist. Creating ...
2022-07-27 23:16:31,890 [pool-73-thread-1] INFO  storage.RaftStorageDirectory (RaftStorageDirectoryImpl.java:tryLock(230)) - Lock on /home/runner/work/ozone/ozone/hadoop-ozone/integration-test/target/test-dir/MiniOzoneClusterImpl-9e07804d-d88b-4889-9752-1ce24c589c62/datanode-0/data/ratis/e04f0ada-bad5-45ff-bd73-2120abbbfc9f/in_use.lock acquired by nodename 1474@fv-az129-30
2022-07-27 23:16:31,891 [pool-73-thread-1] INFO  storage.RaftStorage (RaftStorageImpl.java:format(89)) - Storage directory /home/runner/work/ozone/ozone/hadoop-ozone/integration-test/target/test-dir/MiniOzoneClusterImpl-9e07804d-d88b-4889-9752-1ce24c589c62/datanode-0/data/ratis/e04f0ada-bad5-45ff-bd73-2120abbbfc9f has been successfully formatted.
2022-07-27 23:16:31,894 [pool-73-thread-1] INFO  ratis.ContainerStateMachine (ContainerStateMachine.java:loadSnapshot(236)) - group-2120ABBBFC9F: The snapshot info is null. Setting the last applied indexto:(t:0, i:~)
2022-07-27 23:16:31,895 [pool-73-thread-1] INFO  server.RaftServerConfigKeys (ConfUtils.java:logGet(46)) - raft.server.notification.no-leader.timeout = 300s (custom)
2022-07-27 23:16:31,895 [pool-73-thread-1] INFO  server.RaftServerConfigKeys (ConfUtils.java:logGet(46)) - raft.server.log.use.memory = false (default)
2022-07-27 23:16:31,902 [pool-73-thread-1] INFO  server.RaftServerConfigKeys (ConfUtils.java:logGet(46)) - raft.server.log.purge.gap = 1000000 (custom)
2022-07-27 23:16:31,902 [pool-73-thread-1] INFO  server.RaftServerConfigKeys (ConfUtils.java:logGet(46)) - raft.server.log.appender.buffer.byte-limit = 33554432 (custom)
2022-07-27 23:16:31,902 [pool-73-thread-1] INFO  server.RaftServerConfigKeys (ConfUtils.java:logGet(46)) - raft.server.log.statemachine.data.read.timeout = 1000ms (default)
2022-07-27 23:16:31,902 [pool-73-thread-1] INFO  server.RaftServerConfigKeys (ConfUtils.java:logGet(46)) - raft.server.log.segment.size.max = 1048576 (custom)
2022-07-27 23:16:31,903 [pool-73-thread-1] INFO  server.RaftServerConfigKeys (ConfUtils.java:logGet(46)) - raft.server.log.segment.cache.num.max = 2 (custom)
2022-07-27 23:16:31,903 [pool-73-thread-1] INFO  server.RaftServerConfigKeys (ConfUtils.java:logGet(46)) - raft.server.log.segment.cache.size.max = 200MB (=209715200) (default)
2022-07-27 23:16:31,903 [pool-73-thread-1] INFO  segmented.SegmentedRaftLogWorker (SegmentedRaftLogWorker.java:<init>(187)) - new 2699f4c4-fa0c-4eec-a794-d1f1be832e07@group-2120ABBBFC9F-SegmentedRaftLogWorker for RaftStorageImpl:Storage Directory /home/runner/work/ozone/ozone/hadoop-ozone/integration-test/target/test-dir/MiniOzoneClusterImpl-9e07804d-d88b-4889-9752-1ce24c589c62/datanode-0/data/ratis/e04f0ada-bad5-45ff-bd73-2120abbbfc9f
2022-07-27 23:16:31,903 [pool-73-thread-1] INFO  server.RaftServerConfigKeys (ConfUtils.java:logGet(46)) - raft.server.log.queue.byte-limit = 4294967296 (custom)
2022-07-27 23:16:31,903 [pool-73-thread-1] INFO  server.RaftServerConfigKeys (ConfUtils.java:logGet(46)) - raft.server.log.queue.element-limit = 1024 (custom)
2022-07-27 23:16:31,903 [pool-73-thread-1] INFO  server.RaftServerConfigKeys (ConfUtils.java:logGet(46)) - raft.server.log.segment.size.max = 1048576 (custom)
2022-07-27 23:16:31,903 [pool-73-thread-1] INFO  server.RaftServerConfigKeys (ConfUtils.java:logGet(46)) - raft.server.log.preallocated.size = 16384 (custom)
2022-07-27 23:16:31,903 [pool-73-thread-1] INFO  server.RaftServerConfigKeys (ConfUtils.java:logGet(46)) - raft.server.log.force.sync.num = 128 (default)
2022-07-27 23:16:31,903 [pool-73-thread-1] INFO  server.RaftServerConfigKeys (ConfUtils.java:logGet(46)) - raft.server.log.statemachine.data.sync = true (default)
2022-07-27 23:16:31,903 [pool-73-thread-1] INFO  server.RaftServerConfigKeys (ConfUtils.java:logGet(46)) - raft.server.log.statemachine.data.sync.timeout = 10s (default)
2022-07-27 23:16:31,903 [pool-73-thread-1] INFO  server.RaftServerConfigKeys (ConfUtils.java:logGet(46)) - raft.server.log.statemachine.data.sync.timeout.retry = -1 (default)
2022-07-27 23:16:31,905 [pool-73-thread-1] INFO  server.RaftServerConfigKeys (ConfUtils.java:logGet(46)) - raft.server.log.write.buffer.size = 1048576 (custom)
2022-07-27 23:16:31,906 [pool-73-thread-1] INFO  server.RaftServerConfigKeys (ConfUtils.java:logGet(46)) - raft.server.log.unsafe-flush.enabled = false (default)
2022-07-27 23:16:31,906 [pool-73-thread-1] INFO  server.RaftServerConfigKeys (ConfUtils.java:logGet(46)) - raft.server.log.statemachine.data.caching.enabled = true (custom)
2022-07-27 23:16:31,906 [pool-73-thread-1] INFO  segmented.SegmentedRaftLogWorker (SegmentedRaftLogWorker.java:lambda$new$0(135)) - 2699f4c4-fa0c-4eec-a794-d1f1be832e07@group-2120ABBBFC9F-SegmentedRaftLogWorker: flushIndex: setUnconditionally 0 -> -1
2022-07-27 23:16:31,906 [pool-73-thread-1] INFO  segmented.SegmentedRaftLogWorker (SegmentedRaftLogWorker.java:lambda$new$0(135)) - 2699f4c4-fa0c-4eec-a794-d1f1be832e07@group-2120ABBBFC9F-SegmentedRaftLogWorker: safeCacheEvictIndex: setUnconditionally 0 -> -1
2022-07-27 23:16:31,918 [pool-73-thread-1] INFO  server.RaftServerConfigKeys (ConfUtils.java:logGet(46)) - raft.server.snapshot.auto.trigger.enabled = true (custom)
2022-07-27 23:16:31,918 [pool-73-thread-1] INFO  server.RaftServerConfigKeys (ConfUtils.java:logGet(46)) - raft.server.snapshot.auto.trigger.threshold = 10000 (custom)
2022-07-27 23:16:31,918 [pool-73-thread-1] INFO  server.RaftServerConfigKeys (ConfUtils.java:logGet(46)) - raft.server.snapshot.retention.file.num = 5 (custom)
2022-07-27 23:16:31,918 [pool-73-thread-1] INFO  server.RaftServerConfigKeys (ConfUtils.java:logGet(46)) - raft.server.log.purge.upto.snapshot.index = false (default)
2022-07-27 23:16:31,918 [pool-73-thread-1] INFO  server.RaftServerConfigKeys (ConfUtils.java:logGet(46)) - raft.server.retrycache.expirytime = 600000ms (custom)
2022-07-27 23:16:31,918 [pool-73-thread-1] INFO  server.RaftServerConfigKeys (ConfUtils.java:logGet(46)) - raft.server.retrycache.statistics.expirytime = 100μs (default)
2022-07-27 23:16:31,919 [EventQueue-PipelineReportForPipelineReportHandler] INFO  pipeline.PipelineManagerImpl (PipelineManagerImpl.java:openPipeline(367)) - Pipeline Pipeline[ Id: e04f0ada-bad5-45ff-bd73-2120abbbfc9f, Nodes: 2699f4c4-fa0c-4eec-a794-d1f1be832e07{ip: 10.1.0.23, host: fv-az129-30.sikifmtxjocetiwdfcy5r2sqla.phxx.internal.cloudapp.net, ports: [REPLICATION=33801, RATIS=42117, RATIS_ADMIN=42117, RATIS_SERVER=42117, STANDALONE=43785], networkLocation: /default-rack, certSerialId: null, persistedOpState: IN_SERVICE, persistedOpStateExpiryEpochSec: 0}, ReplicationConfig: RATIS/ONE, State:ALLOCATED, leaderId:2699f4c4-fa0c-4eec-a794-d1f1be832e07, CreationTimestamp2022-07-27T23:16:28.891Z[Etc/UTC]] moved to OPEN state
2022-07-27 23:16:31,920 [pool-73-thread-1] INFO  server.RaftServerConfigKeys (ConfUtils.java:logGet(46)) - raft.server.log.appender.install.snapshot.enabled = false (custom)
2022-07-27 23:16:31,920 [pool-73-thread-1] INFO  server.RaftServerConfigKeys (ConfUtils.java:logGet(46)) - raft.server.threadpool.server.cached = true (default)
2022-07-27 23:16:31,920 [pool-73-thread-1] INFO  server.RaftServerConfigKeys (ConfUtils.java:logGet(46)) - raft.server.threadpool.server.size = 0 (default)
2022-07-27 23:16:31,921 [pool-73-thread-1] INFO  server.RaftServerConfigKeys (ConfUtils.java:logGet(46)) - raft.server.threadpool.client.cached = true (default)
2022-07-27 23:16:31,921 [pool-73-thread-1] INFO  server.RaftServerConfigKeys (ConfUtils.java:logGet(46)) - raft.server.threadpool.client.size = 0 (default)
2022-07-27 23:16:31,921 [pool-73-thread-1] INFO  server.RaftServer$Division (RaftServerImpl.java:start(310)) - 2699f4c4-fa0c-4eec-a794-d1f1be832e07@group-2120ABBBFC9F: start as a follower, conf=-1: [2699f4c4-fa0c-4eec-a794-d1f1be832e07|rpc:10.1.0.23:42117|priority:1], old=null
2022-07-27 23:16:31,921 [pool-73-thread-1] INFO  server.RaftServer$Division (RaftServerImpl.java:setRole(299)) - 2699f4c4-fa0c-4eec-a794-d1f1be832e07@group-2120ABBBFC9F: changes role from      null to FOLLOWER at term 0 for startAsFollower
2022-07-27 23:16:31,921 [pool-73-thread-1] INFO  impl.RoleInfo (RoleInfo.java:updateAndGet(139)) - 2699f4c4-fa0c-4eec-a794-d1f1be832e07: start 2699f4c4-fa0c-4eec-a794-d1f1be832e07@group-2120ABBBFC9F-FollowerState
2022-07-27 23:16:31,921 [pool-73-thread-1] INFO  util.JmxRegister (JmxRegister.java:tryRegister(44)) - Successfully registered JMX Bean with object name Ratis:service=RaftServer,group=group-2120ABBBFC9F,id=2699f4c4-fa0c-4eec-a794-d1f1be832e07
2022-07-27 23:16:31,932 [EventQueue-OpenPipelineForHealthyPipelineSafeModeRule] INFO  safemode.SCMSafeModeManager (HealthyPipelineSafeModeRule.java:process(137)) - SCM in safe mode. Healthy pipelines reported count is 0, required healthy pipeline reported count is 1
2022-07-27 23:16:31,936 [Command processor thread] INFO  ratis.XceiverServerRatis (XceiverServerRatis.java:addGroup(765)) - Created group PipelineID=e04f0ada-bad5-45ff-bd73-2120abbbfc9f
2022-07-27 23:16:31,937 [Command processor thread] INFO  commandhandler.CreatePipelineCommandHandler (CreatePipelineCommandHandler.java:handle(113)) - Created Pipeline RATIS ONE PipelineID=e04f0ada-bad5-45ff-bd73-2120abbbfc9f.
2022-07-27 23:16:31,937 [Command processor thread] INFO  server.RaftServer (RaftServerProxy.java:addNew(96)) - 2699f4c4-fa0c-4eec-a794-d1f1be832e07: addNew group-15C7C689DFF8:[2699f4c4-fa0c-4eec-a794-d1f1be832e07|rpc:10.1.0.23:42117|priority:0, d4d12f57-f56f-4c9c-ab62-903c4e3b8a60|rpc:10.1.0.23:42455|priority:1, 4b6bcd3b-d6b3-4446-abce-c99d7a2dec67|rpc:10.1.0.23:34935|priority:0] returns group-15C7C689DFF8:java.util.concurrent.CompletableFuture@1c36d59a[Not completed]
2022-07-27 23:16:31,938 [pool-73-thread-1] INFO  server.RaftServer$Division (RaftServerImpl.java:<init>(190)) - 2699f4c4-fa0c-4eec-a794-d1f1be832e07: new RaftServerImpl for group-15C7C689DFF8:[2699f4c4-fa0c-4eec-a794-d1f1be832e07|rpc:10.1.0.23:42117|priority:0, d4d12f57-f56f-4c9c-ab62-903c4e3b8a60|rpc:10.1.0.23:42455|priority:1, 4b6bcd3b-d6b3-4446-abce-c99d7a2dec67|rpc:10.1.0.23:34935|priority:0] with ContainerStateMachine:uninitialized
2022-07-27 23:16:31,939 [pool-73-thread-1] INFO  server.RaftServerConfigKeys (ConfUtils.java:logGet(46)) - raft.server.rpc.timeout.min = 5s (custom)
2022-07-27 23:16:31,939 [pool-73-thread-1] INFO  server.RaftServerConfigKeys (ConfUtils.java:logGet(46)) - raft.server.rpc.timeout.max = 5200ms (custom)
2022-07-27 23:16:31,939 [pool-73-thread-1] INFO  server.RaftServerConfigKeys (ConfUtils.java:logGet(46)) - raft.server.rpc.sleep.time = 25ms (default)
2022-07-27 23:16:31,939 [pool-73-thread-1] INFO  server.RaftServerConfigKeys (ConfUtils.java:logGet(46)) - raft.server.rpc.slowness.timeout = 300s (custom)
2022-07-27 23:16:31,939 [pool-73-thread-1] INFO  server.RaftServerConfigKeys (ConfUtils.java:logGet(46)) - raft.server.leaderelection.leader.step-down.wait-time = 10s (default)
2022-07-27 23:16:31,939 [pool-73-thread-1] INFO  server.RaftServerConfigKeys (ConfUtils.java:logGet(46)) - raft.server.sleep.deviation.threshold = 300ms (default)
2022-07-27 23:16:31,939 [pool-73-thread-1] INFO  server.RaftServer$Division (ServerState.java:<init>(107)) - 2699f4c4-fa0c-4eec-a794-d1f1be832e07@group-15C7C689DFF8: ConfigurationManager, init=-1: [2699f4c4-fa0c-4eec-a794-d1f1be832e07|rpc:10.1.0.23:42117|priority:0, d4d12f57-f56f-4c9c-ab62-903c4e3b8a60|rpc:10.1.0.23:42455|priority:1, 4b6bcd3b-d6b3-4446-abce-c99d7a2dec67|rpc:10.1.0.23:34935|priority:0], old=null, confs=<EMPTY_MAP>
2022-07-27 23:16:31,939 [pool-73-thread-1] INFO  server.RaftServerConfigKeys (ConfUtils.java:logGet(46)) - raft.server.storage.dir = [/home/runner/work/ozone/ozone/hadoop-ozone/integration-test/target/test-dir/MiniOzoneClusterImpl-9e07804d-d88b-4889-9752-1ce24c589c62/datanode-0/data/ratis] (custom)
2022-07-27 23:16:31,939 [pool-73-thread-1] INFO  server.RaftServerConfigKeys (ConfUtils.java:logGet(46)) - raft.server.log.corruption.policy = EXCEPTION (default)
2022-07-27 23:16:31,939 [pool-73-thread-1] INFO  server.RaftServerConfigKeys (ConfUtils.java:logGet(46)) - raft.server.storage.free-space.min = 0MB (=0) (default)
2022-07-27 23:16:31,939 [pool-73-thread-1] INFO  storage.RaftStorageDirectory (RaftStorageDirectoryImpl.java:analyzeStorage(135)) - The storage directory /home/runner/work/ozone/ozone/hadoop-ozone/integration-test/target/test-dir/MiniOzoneClusterImpl-9e07804d-d88b-4889-9752-1ce24c589c62/datanode-0/data/ratis/dd7e3349-faaf-42b7-8a4a-15c7c689dff8 does not exist. Creating ...
2022-07-27 23:16:31,940 [pool-73-thread-1] INFO  storage.RaftStorageDirectory (RaftStorageDirectoryImpl.java:tryLock(230)) - Lock on /home/runner/work/ozone/ozone/hadoop-ozone/integration-test/target/test-dir/MiniOzoneClusterImpl-9e07804d-d88b-4889-9752-1ce24c589c62/datanode-0/data/ratis/dd7e3349-faaf-42b7-8a4a-15c7c689dff8/in_use.lock acquired by nodename 1474@fv-az129-30
2022-07-27 23:16:31,943 [pool-73-thread-1] INFO  storage.RaftStorage (RaftStorageImpl.java:format(89)) - Storage directory /home/runner/work/ozone/ozone/hadoop-ozone/integration-test/target/test-dir/MiniOzoneClusterImpl-9e07804d-d88b-4889-9752-1ce24c589c62/datanode-0/data/ratis/dd7e3349-faaf-42b7-8a4a-15c7c689dff8 has been successfully formatted.
2022-07-27 23:16:31,943 [pool-73-thread-1] INFO  ratis.ContainerStateMachine (ContainerStateMachine.java:loadSnapshot(236)) - group-15C7C689DFF8: The snapshot info is null. Setting the last applied indexto:(t:0, i:~)
2022-07-27 23:16:31,943 [pool-73-thread-1] INFO  server.RaftServerConfigKeys (ConfUtils.java:logGet(46)) - raft.server.notification.no-leader.timeout = 300s (custom)
2022-07-27 23:16:31,943 [pool-73-thread-1] INFO  server.RaftServerConfigKeys (ConfUtils.java:logGet(46)) - raft.server.log.use.memory = false (default)
2022-07-27 23:16:31,943 [pool-73-thread-1] INFO  server.RaftServerConfigKeys (ConfUtils.java:logGet(46)) - raft.server.log.purge.gap = 1000000 (custom)
2022-07-27 23:16:31,943 [pool-73-thread-1] INFO  server.RaftServerConfigKeys (ConfUtils.java:logGet(46)) - raft.server.log.appender.buffer.byte-limit = 33554432 (custom)
2022-07-27 23:16:31,943 [pool-73-thread-1] INFO  server.RaftServerConfigKeys (ConfUtils.java:logGet(46)) - raft.server.log.statemachine.data.read.timeout = 1000ms (default)
2022-07-27 23:16:31,943 [pool-73-thread-1] INFO  server.RaftServerConfigKeys (ConfUtils.java:logGet(46)) - raft.server.log.segment.size.max = 1048576 (custom)
2022-07-27 23:16:31,944 [pool-73-thread-1] INFO  server.RaftServerConfigKeys (ConfUtils.java:logGet(46)) - raft.server.log.segment.cache.num.max = 2 (custom)
2022-07-27 23:16:31,944 [pool-73-thread-1] INFO  server.RaftServerConfigKeys (ConfUtils.java:logGet(46)) - raft.server.log.segment.cache.size.max = 200MB (=209715200) (default)
2022-07-27 23:16:31,944 [pool-73-thread-1] INFO  segmented.SegmentedRaftLogWorker (SegmentedRaftLogWorker.java:<init>(187)) - new 2699f4c4-fa0c-4eec-a794-d1f1be832e07@group-15C7C689DFF8-SegmentedRaftLogWorker for RaftStorageImpl:Storage Directory /home/runner/work/ozone/ozone/hadoop-ozone/integration-test/target/test-dir/MiniOzoneClusterImpl-9e07804d-d88b-4889-9752-1ce24c589c62/datanode-0/data/ratis/dd7e3349-faaf-42b7-8a4a-15c7c689dff8
2022-07-27 23:16:31,944 [pool-73-thread-1] INFO  server.RaftServerConfigKeys (ConfUtils.java:logGet(46)) - raft.server.log.queue.byte-limit = 4294967296 (custom)
2022-07-27 23:16:31,944 [pool-73-thread-1] INFO  server.RaftServerConfigKeys (ConfUtils.java:logGet(46)) - raft.server.log.queue.element-limit = 1024 (custom)
2022-07-27 23:16:31,944 [pool-73-thread-1] INFO  server.RaftServerConfigKeys (ConfUtils.java:logGet(46)) - raft.server.log.segment.size.max = 1048576 (custom)
2022-07-27 23:16:31,944 [pool-73-thread-1] INFO  server.RaftServerConfigKeys (ConfUtils.java:logGet(46)) - raft.server.log.preallocated.size = 16384 (custom)
2022-07-27 23:16:31,944 [pool-73-thread-1] INFO  server.RaftServerConfigKeys (ConfUtils.java:logGet(46)) - raft.server.log.force.sync.num = 128 (default)
2022-07-27 23:16:31,944 [pool-73-thread-1] INFO  server.RaftServerConfigKeys (ConfUtils.java:logGet(46)) - raft.server.log.statemachine.data.sync = true (default)
2022-07-27 23:16:31,945 [pool-73-thread-1] INFO  server.RaftServerConfigKeys (ConfUtils.java:logGet(46)) - raft.server.log.statemachine.data.sync.timeout = 10s (default)
2022-07-27 23:16:31,945 [pool-73-thread-1] INFO  server.RaftServerConfigKeys (ConfUtils.java:logGet(46)) - raft.server.log.statemachine.data.sync.timeout.retry = -1 (default)
2022-07-27 23:16:31,947 [EventQueue-OpenPipelineForHealthyPipelineSafeModeRule] INFO  safemode.SCMSafeModeManager (HealthyPipelineSafeModeRule.java:process(137)) - SCM in safe mode. Healthy pipelines reported count is 0, required healthy pipeline reported count is 1
2022-07-27 23:16:31,948 [pool-73-thread-1] INFO  server.RaftServerConfigKeys (ConfUtils.java:logGet(46)) - raft.server.log.write.buffer.size = 1048576 (custom)
2022-07-27 23:16:31,949 [pool-73-thread-1] INFO  server.RaftServerConfigKeys (ConfUtils.java:logGet(46)) - raft.server.log.unsafe-flush.enabled = false (default)
2022-07-27 23:16:31,949 [pool-73-thread-1] INFO  server.RaftServerConfigKeys (ConfUtils.java:logGet(46)) - raft.server.log.statemachine.data.caching.enabled = true (custom)
2022-07-27 23:16:31,949 [pool-73-thread-1] INFO  segmented.SegmentedRaftLogWorker (SegmentedRaftLogWorker.java:lambda$new$0(135)) - 2699f4c4-fa0c-4eec-a794-d1f1be832e07@group-15C7C689DFF8-SegmentedRaftLogWorker: flushIndex: setUnconditionally 0 -> -1
2022-07-27 23:16:31,949 [pool-73-thread-1] INFO  segmented.SegmentedRaftLogWorker (SegmentedRaftLogWorker.java:lambda$new$0(135)) - 2699f4c4-fa0c-4eec-a794-d1f1be832e07@group-15C7C689DFF8-SegmentedRaftLogWorker: safeCacheEvictIndex: setUnconditionally 0 -> -1
2022-07-27 23:16:31,949 [pool-73-thread-1] INFO  server.RaftServerConfigKeys (ConfUtils.java:logGet(46)) - raft.server.snapshot.auto.trigger.enabled = true (custom)
2022-07-27 23:16:31,949 [pool-73-thread-1] INFO  server.RaftServerConfigKeys (ConfUtils.java:logGet(46)) - raft.server.snapshot.auto.trigger.threshold = 10000 (custom)
2022-07-27 23:16:31,949 [pool-73-thread-1] INFO  server.RaftServerConfigKeys (ConfUtils.java:logGet(46)) - raft.server.snapshot.retention.file.num = 5 (custom)
2022-07-27 23:16:31,949 [pool-73-thread-1] INFO  server.RaftServerConfigKeys (ConfUtils.java:logGet(46)) - raft.server.log.purge.upto.snapshot.index = false (default)
2022-07-27 23:16:31,949 [pool-73-thread-1] INFO  server.RaftServerConfigKeys (ConfUtils.java:logGet(46)) - raft.server.retrycache.expirytime = 600000ms (custom)
2022-07-27 23:16:31,949 [pool-73-thread-1] INFO  server.RaftServerConfigKeys (ConfUtils.java:logGet(46)) - raft.server.retrycache.statistics.expirytime = 100μs (default)
2022-07-27 23:16:31,951 [pool-73-thread-1] INFO  server.RaftServerConfigKeys (ConfUtils.java:logGet(46)) - raft.server.log.appender.install.snapshot.enabled = false (custom)
2022-07-27 23:16:31,951 [pool-73-thread-1] INFO  server.RaftServerConfigKeys (ConfUtils.java:logGet(46)) - raft.server.threadpool.server.cached = true (default)
2022-07-27 23:16:31,951 [pool-73-thread-1] INFO  server.RaftServerConfigKeys (ConfUtils.java:logGet(46)) - raft.server.threadpool.server.size = 0 (default)
2022-07-27 23:16:31,951 [pool-73-thread-1] INFO  server.RaftServerConfigKeys (ConfUtils.java:logGet(46)) - raft.server.threadpool.client.cached = true (default)
2022-07-27 23:16:31,951 [pool-73-thread-1] INFO  server.RaftServerConfigKeys (ConfUtils.java:logGet(46)) - raft.server.threadpool.client.size = 0 (default)
2022-07-27 23:16:31,951 [pool-73-thread-1] INFO  server.RaftServer$Division (RaftServerImpl.java:start(310)) - 2699f4c4-fa0c-4eec-a794-d1f1be832e07@group-15C7C689DFF8: start as a follower, conf=-1: [2699f4c4-fa0c-4eec-a794-d1f1be832e07|rpc:10.1.0.23:42117|priority:0, d4d12f57-f56f-4c9c-ab62-903c4e3b8a60|rpc:10.1.0.23:42455|priority:1, 4b6bcd3b-d6b3-4446-abce-c99d7a2dec67|rpc:10.1.0.23:34935|priority:0], old=null
2022-07-27 23:16:31,951 [pool-73-thread-1] INFO  server.RaftServer$Division (RaftServerImpl.java:setRole(299)) - 2699f4c4-fa0c-4eec-a794-d1f1be832e07@group-15C7C689DFF8: changes role from      null to FOLLOWER at term 0 for startAsFollower
2022-07-27 23:16:31,951 [pool-73-thread-1] INFO  impl.RoleInfo (RoleInfo.java:updateAndGet(139)) - 2699f4c4-fa0c-4eec-a794-d1f1be832e07: start 2699f4c4-fa0c-4eec-a794-d1f1be832e07@group-15C7C689DFF8-FollowerState
2022-07-27 23:16:31,951 [pool-73-thread-1] INFO  util.JmxRegister (JmxRegister.java:tryRegister(44)) - Successfully registered JMX Bean with object name Ratis:service=RaftServer,group=group-15C7C689DFF8,id=2699f4c4-fa0c-4eec-a794-d1f1be832e07
2022-07-27 23:16:31,953 [Command processor thread] INFO  ratis.XceiverServerRatis (XceiverServerRatis.java:addGroup(765)) - Created group PipelineID=dd7e3349-faaf-42b7-8a4a-15c7c689dff8
2022-07-27 23:16:32,250 [Listener at 127.0.0.1/44809] INFO  ozone.MiniOzoneClusterImpl (MiniOzoneClusterImpl.java:lambda$waitForClusterToBeReady$0(216)) - Nodes are ready. Got 5 of 5 DN Heartbeats.
2022-07-27 23:16:32,250 [Listener at 127.0.0.1/44809] INFO  ozone.MiniOzoneClusterImpl (MiniOzoneClusterImpl.java:lambda$waitForClusterToBeReady$0(219)) - Waiting for cluster to exit safe mode
2022-07-27 23:16:32,250 [Listener at 127.0.0.1/44809] INFO  ozone.MiniOzoneClusterImpl (MiniOzoneClusterImpl.java:lambda$waitForClusterToBeReady$0(221)) - SCM became leader
2022-07-27 23:16:32,356 [Command processor thread] INFO  server.RaftServer (RaftServerProxy.java:addNew(96)) - d4d12f57-f56f-4c9c-ab62-903c4e3b8a60: addNew group-5DDE0DFAFE7B:[d4d12f57-f56f-4c9c-ab62-903c4e3b8a60|rpc:10.1.0.23:42455|priority:1] returns group-5DDE0DFAFE7B:java.util.concurrent.CompletableFuture@42da67e4[Not completed]
2022-07-27 23:16:32,375 [pool-96-thread-1] INFO  server.RaftServer$Division (RaftServerImpl.java:<init>(190)) - d4d12f57-f56f-4c9c-ab62-903c4e3b8a60: new RaftServerImpl for group-5DDE0DFAFE7B:[d4d12f57-f56f-4c9c-ab62-903c4e3b8a60|rpc:10.1.0.23:42455|priority:1] with ContainerStateMachine:uninitialized
2022-07-27 23:16:32,375 [pool-96-thread-1] INFO  server.RaftServerConfigKeys (ConfUtils.java:logGet(46)) - raft.server.rpc.timeout.min = 5s (custom)
2022-07-27 23:16:32,375 [pool-96-thread-1] INFO  server.RaftServerConfigKeys (ConfUtils.java:logGet(46)) - raft.server.rpc.timeout.max = 5200ms (custom)
2022-07-27 23:16:32,375 [pool-96-thread-1] INFO  server.RaftServerConfigKeys (ConfUtils.java:logGet(46)) - raft.server.rpc.sleep.time = 25ms (default)
2022-07-27 23:16:32,376 [pool-96-thread-1] INFO  server.RaftServerConfigKeys (ConfUtils.java:logGet(46)) - raft.server.rpc.slowness.timeout = 300s (custom)
2022-07-27 23:16:32,376 [pool-96-thread-1] INFO  server.RaftServerConfigKeys (ConfUtils.java:logGet(46)) - raft.server.leaderelection.leader.step-down.wait-time = 10s (default)
2022-07-27 23:16:32,376 [pool-96-thread-1] INFO  server.RaftServerConfigKeys (ConfUtils.java:logGet(46)) - raft.server.sleep.deviation.threshold = 300ms (default)
2022-07-27 23:16:32,376 [pool-96-thread-1] INFO  server.RaftServer$Division (ServerState.java:<init>(107)) - d4d12f57-f56f-4c9c-ab62-903c4e3b8a60@group-5DDE0DFAFE7B: ConfigurationManager, init=-1: [d4d12f57-f56f-4c9c-ab62-903c4e3b8a60|rpc:10.1.0.23:42455|priority:1], old=null, confs=<EMPTY_MAP>
2022-07-27 23:16:32,376 [pool-96-thread-1] INFO  server.RaftServerConfigKeys (ConfUtils.java:logGet(46)) - raft.server.storage.dir = [/home/runner/work/ozone/ozone/hadoop-ozone/integration-test/target/test-dir/MiniOzoneClusterImpl-9e07804d-d88b-4889-9752-1ce24c589c62/datanode-1/data/ratis] (custom)
2022-07-27 23:16:32,376 [pool-96-thread-1] INFO  server.RaftServerConfigKeys (ConfUtils.java:logGet(46)) - raft.server.log.corruption.policy = EXCEPTION (default)
2022-07-27 23:16:32,376 [pool-96-thread-1] INFO  server.RaftServerConfigKeys (ConfUtils.java:logGet(46)) - raft.server.storage.free-space.min = 0MB (=0) (default)
2022-07-27 23:16:32,376 [pool-96-thread-1] INFO  storage.RaftStorageDirectory (RaftStorageDirectoryImpl.java:analyzeStorage(135)) - The storage directory /home/runner/work/ozone/ozone/hadoop-ozone/integration-test/target/test-dir/MiniOzoneClusterImpl-9e07804d-d88b-4889-9752-1ce24c589c62/datanode-1/data/ratis/0ad464ba-d195-4d41-8d68-5dde0dfafe7b does not exist. Creating ...
2022-07-27 23:16:32,378 [pool-96-thread-1] INFO  storage.RaftStorageDirectory (RaftStorageDirectoryImpl.java:tryLock(230)) - Lock on /home/runner/work/ozone/ozone/hadoop-ozone/integration-test/target/test-dir/MiniOzoneClusterImpl-9e07804d-d88b-4889-9752-1ce24c589c62/datanode-1/data/ratis/0ad464ba-d195-4d41-8d68-5dde0dfafe7b/in_use.lock acquired by nodename 1474@fv-az129-30
2022-07-27 23:16:32,383 [pool-96-thread-1] INFO  storage.RaftStorage (RaftStorageImpl.java:format(89)) - Storage directory /home/runner/work/ozone/ozone/hadoop-ozone/integration-test/target/test-dir/MiniOzoneClusterImpl-9e07804d-d88b-4889-9752-1ce24c589c62/datanode-1/data/ratis/0ad464ba-d195-4d41-8d68-5dde0dfafe7b has been successfully formatted.
2022-07-27 23:16:32,383 [pool-96-thread-1] INFO  ratis.ContainerStateMachine (ContainerStateMachine.java:loadSnapshot(236)) - group-5DDE0DFAFE7B: The snapshot info is null. Setting the last applied indexto:(t:0, i:~)
2022-07-27 23:16:32,385 [pool-96-thread-1] INFO  server.RaftServerConfigKeys (ConfUtils.java:logGet(46)) - raft.server.notification.no-leader.timeout = 300s (custom)
2022-07-27 23:16:32,385 [pool-96-thread-1] INFO  server.RaftServerConfigKeys (ConfUtils.java:logGet(46)) - raft.server.log.use.memory = false (default)
2022-07-27 23:16:32,385 [pool-96-thread-1] INFO  server.RaftServerConfigKeys (ConfUtils.java:logGet(46)) - raft.server.log.purge.gap = 1000000 (custom)
2022-07-27 23:16:32,385 [pool-96-thread-1] INFO  server.RaftServerConfigKeys (ConfUtils.java:logGet(46)) - raft.server.log.appender.buffer.byte-limit = 33554432 (custom)
2022-07-27 23:16:32,385 [pool-96-thread-1] INFO  server.RaftServerConfigKeys (ConfUtils.java:logGet(46)) - raft.server.log.statemachine.data.read.timeout = 1000ms (default)
2022-07-27 23:16:32,385 [pool-96-thread-1] INFO  server.RaftServerConfigKeys (ConfUtils.java:logGet(46)) - raft.server.log.segment.size.max = 1048576 (custom)
2022-07-27 23:16:32,388 [EventQueue-PipelineReportForPipelineReportHandler] INFO  pipeline.PipelineManagerImpl (PipelineManagerImpl.java:openPipeline(367)) - Pipeline Pipeline[ Id: 0ad464ba-d195-4d41-8d68-5dde0dfafe7b, Nodes: d4d12f57-f56f-4c9c-ab62-903c4e3b8a60{ip: 10.1.0.23, host: fv-az129-30.sikifmtxjocetiwdfcy5r2sqla.phxx.internal.cloudapp.net, ports: [REPLICATION=44987, RATIS=42455, RATIS_ADMIN=42455, RATIS_SERVER=42455, STANDALONE=43405], networkLocation: /default-rack, certSerialId: null, persistedOpState: IN_SERVICE, persistedOpStateExpiryEpochSec: 0}, ReplicationConfig: RATIS/ONE, State:ALLOCATED, leaderId:d4d12f57-f56f-4c9c-ab62-903c4e3b8a60, CreationTimestamp2022-07-27T23:16:29.360Z[Etc/UTC]] moved to OPEN state
2022-07-27 23:16:32,393 [EventQueue-OpenPipelineForHealthyPipelineSafeModeRule] INFO  safemode.SCMSafeModeManager (HealthyPipelineSafeModeRule.java:process(137)) - SCM in safe mode. Healthy pipelines reported count is 0, required healthy pipeline reported count is 1
2022-07-27 23:16:32,394 [pool-96-thread-1] INFO  server.RaftServerConfigKeys (ConfUtils.java:logGet(46)) - raft.server.log.segment.cache.num.max = 2 (custom)
2022-07-27 23:16:32,394 [pool-96-thread-1] INFO  server.RaftServerConfigKeys (ConfUtils.java:logGet(46)) - raft.server.log.segment.cache.size.max = 200MB (=209715200) (default)
2022-07-27 23:16:32,394 [pool-96-thread-1] INFO  segmented.SegmentedRaftLogWorker (SegmentedRaftLogWorker.java:<init>(187)) - new d4d12f57-f56f-4c9c-ab62-903c4e3b8a60@group-5DDE0DFAFE7B-SegmentedRaftLogWorker for RaftStorageImpl:Storage Directory /home/runner/work/ozone/ozone/hadoop-ozone/integration-test/target/test-dir/MiniOzoneClusterImpl-9e07804d-d88b-4889-9752-1ce24c589c62/datanode-1/data/ratis/0ad464ba-d195-4d41-8d68-5dde0dfafe7b
2022-07-27 23:16:32,394 [pool-96-thread-1] INFO  server.RaftServerConfigKeys (ConfUtils.java:logGet(46)) - raft.server.log.queue.byte-limit = 4294967296 (custom)
2022-07-27 23:16:32,395 [pool-96-thread-1] INFO  server.RaftServerConfigKeys (ConfUtils.java:logGet(46)) - raft.server.log.queue.element-limit = 1024 (custom)
2022-07-27 23:16:32,395 [pool-96-thread-1] INFO  server.RaftServerConfigKeys (ConfUtils.java:logGet(46)) - raft.server.log.segment.size.max = 1048576 (custom)
2022-07-27 23:16:32,395 [pool-96-thread-1] INFO  server.RaftServerConfigKeys (ConfUtils.java:logGet(46)) - raft.server.log.preallocated.size = 16384 (custom)
2022-07-27 23:16:32,395 [pool-96-thread-1] INFO  server.RaftServerConfigKeys (ConfUtils.java:logGet(46)) - raft.server.log.force.sync.num = 128 (default)
2022-07-27 23:16:32,395 [pool-96-thread-1] INFO  server.RaftServerConfigKeys (ConfUtils.java:logGet(46)) - raft.server.log.statemachine.data.sync = true (default)
2022-07-27 23:16:32,395 [pool-96-thread-1] INFO  server.RaftServerConfigKeys (ConfUtils.java:logGet(46)) - raft.server.log.statemachine.data.sync.timeout = 10s (default)
2022-07-27 23:16:32,395 [pool-96-thread-1] INFO  server.RaftServerConfigKeys (ConfUtils.java:logGet(46)) - raft.server.log.statemachine.data.sync.timeout.retry = -1 (default)
2022-07-27 23:16:32,396 [pool-96-thread-1] INFO  server.RaftServerConfigKeys (ConfUtils.java:logGet(46)) - raft.server.log.write.buffer.size = 1048576 (custom)
2022-07-27 23:16:32,396 [pool-96-thread-1] INFO  server.RaftServerConfigKeys (ConfUtils.java:logGet(46)) - raft.server.log.unsafe-flush.enabled = false (default)
2022-07-27 23:16:32,396 [pool-96-thread-1] INFO  server.RaftServerConfigKeys (ConfUtils.java:logGet(46)) - raft.server.log.statemachine.data.caching.enabled = true (custom)
2022-07-27 23:16:32,396 [pool-96-thread-1] INFO  segmented.SegmentedRaftLogWorker (SegmentedRaftLogWorker.java:lambda$new$0(135)) - d4d12f57-f56f-4c9c-ab62-903c4e3b8a60@group-5DDE0DFAFE7B-SegmentedRaftLogWorker: flushIndex: setUnconditionally 0 -> -1
2022-07-27 23:16:32,397 [pool-96-thread-1] INFO  segmented.SegmentedRaftLogWorker (SegmentedRaftLogWorker.java:lambda$new$0(135)) - d4d12f57-f56f-4c9c-ab62-903c4e3b8a60@group-5DDE0DFAFE7B-SegmentedRaftLogWorker: safeCacheEvictIndex: setUnconditionally 0 -> -1
2022-07-27 23:16:32,405 [pool-96-thread-1] INFO  server.RaftServerConfigKeys (ConfUtils.java:logGet(46)) - raft.server.snapshot.auto.trigger.enabled = true (custom)
2022-07-27 23:16:32,405 [pool-96-thread-1] INFO  server.RaftServerConfigKeys (ConfUtils.java:logGet(46)) - raft.server.snapshot.auto.trigger.threshold = 10000 (custom)
2022-07-27 23:16:32,405 [pool-96-thread-1] INFO  server.RaftServerConfigKeys (ConfUtils.java:logGet(46)) - raft.server.snapshot.retention.file.num = 5 (custom)
2022-07-27 23:16:32,405 [pool-96-thread-1] INFO  server.RaftServerConfigKeys (ConfUtils.java:logGet(46)) - raft.server.log.purge.upto.snapshot.index = false (default)
2022-07-27 23:16:32,405 [pool-96-thread-1] INFO  server.RaftServerConfigKeys (ConfUtils.java:logGet(46)) - raft.server.retrycache.expirytime = 600000ms (custom)
2022-07-27 23:16:32,405 [pool-96-thread-1] INFO  server.RaftServerConfigKeys (ConfUtils.java:logGet(46)) - raft.server.retrycache.statistics.expirytime = 100μs (default)
2022-07-27 23:16:32,412 [pool-96-thread-1] INFO  server.RaftServerConfigKeys (ConfUtils.java:logGet(46)) - raft.server.log.appender.install.snapshot.enabled = false (custom)
2022-07-27 23:16:32,412 [pool-96-thread-1] INFO  server.RaftServerConfigKeys (ConfUtils.java:logGet(46)) - raft.server.threadpool.server.cached = true (default)
2022-07-27 23:16:32,412 [pool-96-thread-1] INFO  server.RaftServerConfigKeys (ConfUtils.java:logGet(46)) - raft.server.threadpool.server.size = 0 (default)
2022-07-27 23:16:32,412 [pool-96-thread-1] INFO  server.RaftServerConfigKeys (ConfUtils.java:logGet(46)) - raft.server.threadpool.client.cached = true (default)
2022-07-27 23:16:32,412 [pool-96-thread-1] INFO  server.RaftServerConfigKeys (ConfUtils.java:logGet(46)) - raft.server.threadpool.client.size = 0 (default)
2022-07-27 23:16:32,412 [pool-96-thread-1] INFO  server.RaftServer$Division (RaftServerImpl.java:start(310)) - d4d12f57-f56f-4c9c-ab62-903c4e3b8a60@group-5DDE0DFAFE7B: start as a follower, conf=-1: [d4d12f57-f56f-4c9c-ab62-903c4e3b8a60|rpc:10.1.0.23:42455|priority:1], old=null
2022-07-27 23:16:32,412 [pool-96-thread-1] INFO  server.RaftServer$Division (RaftServerImpl.java:setRole(299)) - d4d12f57-f56f-4c9c-ab62-903c4e3b8a60@group-5DDE0DFAFE7B: changes role from      null to FOLLOWER at term 0 for startAsFollower
2022-07-27 23:16:32,412 [pool-96-thread-1] INFO  impl.RoleInfo (RoleInfo.java:updateAndGet(139)) - d4d12f57-f56f-4c9c-ab62-903c4e3b8a60: start d4d12f57-f56f-4c9c-ab62-903c4e3b8a60@group-5DDE0DFAFE7B-FollowerState
2022-07-27 23:16:32,421 [pool-96-thread-1] INFO  util.JmxRegister (JmxRegister.java:tryRegister(44)) - Successfully registered JMX Bean with object name Ratis:service=RaftServer,group=group-5DDE0DFAFE7B,id=d4d12f57-f56f-4c9c-ab62-903c4e3b8a60
2022-07-27 23:16:32,424 [Command processor thread] INFO  ratis.XceiverServerRatis (XceiverServerRatis.java:addGroup(765)) - Created group PipelineID=0ad464ba-d195-4d41-8d68-5dde0dfafe7b
2022-07-27 23:16:32,424 [Command processor thread] INFO  commandhandler.CreatePipelineCommandHandler (CreatePipelineCommandHandler.java:handle(113)) - Created Pipeline RATIS ONE PipelineID=0ad464ba-d195-4d41-8d68-5dde0dfafe7b.
2022-07-27 23:16:32,425 [Command processor thread] INFO  server.RaftServer (RaftServerProxy.java:addNew(96)) - d4d12f57-f56f-4c9c-ab62-903c4e3b8a60: addNew group-15C7C689DFF8:[2699f4c4-fa0c-4eec-a794-d1f1be832e07|rpc:10.1.0.23:42117|priority:0, d4d12f57-f56f-4c9c-ab62-903c4e3b8a60|rpc:10.1.0.23:42455|priority:1, 4b6bcd3b-d6b3-4446-abce-c99d7a2dec67|rpc:10.1.0.23:34935|priority:0] returns group-15C7C689DFF8:java.util.concurrent.CompletableFuture@46e5fb67[Not completed]
2022-07-27 23:16:32,433 [pool-96-thread-1] INFO  server.RaftServer$Division (RaftServerImpl.java:<init>(190)) - d4d12f57-f56f-4c9c-ab62-903c4e3b8a60: new RaftServerImpl for group-15C7C689DFF8:[2699f4c4-fa0c-4eec-a794-d1f1be832e07|rpc:10.1.0.23:42117|priority:0, d4d12f57-f56f-4c9c-ab62-903c4e3b8a60|rpc:10.1.0.23:42455|priority:1, 4b6bcd3b-d6b3-4446-abce-c99d7a2dec67|rpc:10.1.0.23:34935|priority:0] with ContainerStateMachine:uninitialized
2022-07-27 23:16:32,433 [pool-96-thread-1] INFO  server.RaftServerConfigKeys (ConfUtils.java:logGet(46)) - raft.server.rpc.timeout.min = 5s (custom)
2022-07-27 23:16:32,433 [pool-96-thread-1] INFO  server.RaftServerConfigKeys (ConfUtils.java:logGet(46)) - raft.server.rpc.timeout.max = 5200ms (custom)
2022-07-27 23:16:32,433 [pool-96-thread-1] INFO  server.RaftServerConfigKeys (ConfUtils.java:logGet(46)) - raft.server.rpc.sleep.time = 25ms (default)
2022-07-27 23:16:32,433 [pool-96-thread-1] INFO  server.RaftServerConfigKeys (ConfUtils.java:logGet(46)) - raft.server.rpc.slowness.timeout = 300s (custom)
2022-07-27 23:16:32,433 [pool-96-thread-1] INFO  server.RaftServerConfigKeys (ConfUtils.java:logGet(46)) - raft.server.leaderelection.leader.step-down.wait-time = 10s (default)
2022-07-27 23:16:32,433 [pool-96-thread-1] INFO  server.RaftServerConfigKeys (ConfUtils.java:logGet(46)) - raft.server.sleep.deviation.threshold = 300ms (default)
2022-07-27 23:16:32,433 [pool-96-thread-1] INFO  server.RaftServer$Division (ServerState.java:<init>(107)) - d4d12f57-f56f-4c9c-ab62-903c4e3b8a60@group-15C7C689DFF8: ConfigurationManager, init=-1: [2699f4c4-fa0c-4eec-a794-d1f1be832e07|rpc:10.1.0.23:42117|priority:0, d4d12f57-f56f-4c9c-ab62-903c4e3b8a60|rpc:10.1.0.23:42455|priority:1, 4b6bcd3b-d6b3-4446-abce-c99d7a2dec67|rpc:10.1.0.23:34935|priority:0], old=null, confs=<EMPTY_MAP>
2022-07-27 23:16:32,433 [pool-96-thread-1] INFO  server.RaftServerConfigKeys (ConfUtils.java:logGet(46)) - raft.server.storage.dir = [/home/runner/work/ozone/ozone/hadoop-ozone/integration-test/target/test-dir/MiniOzoneClusterImpl-9e07804d-d88b-4889-9752-1ce24c589c62/datanode-1/data/ratis] (custom)
2022-07-27 23:16:32,433 [pool-96-thread-1] INFO  server.RaftServerConfigKeys (ConfUtils.java:logGet(46)) - raft.server.log.corruption.policy = EXCEPTION (default)
2022-07-27 23:16:32,433 [pool-96-thread-1] INFO  server.RaftServerConfigKeys (ConfUtils.java:logGet(46)) - raft.server.storage.free-space.min = 0MB (=0) (default)
2022-07-27 23:16:32,433 [pool-96-thread-1] INFO  storage.RaftStorageDirectory (RaftStorageDirectoryImpl.java:analyzeStorage(135)) - The storage directory /home/runner/work/ozone/ozone/hadoop-ozone/integration-test/target/test-dir/MiniOzoneClusterImpl-9e07804d-d88b-4889-9752-1ce24c589c62/datanode-1/data/ratis/dd7e3349-faaf-42b7-8a4a-15c7c689dff8 does not exist. Creating ...
2022-07-27 23:16:32,439 [pool-96-thread-1] INFO  storage.RaftStorageDirectory (RaftStorageDirectoryImpl.java:tryLock(230)) - Lock on /home/runner/work/ozone/ozone/hadoop-ozone/integration-test/target/test-dir/MiniOzoneClusterImpl-9e07804d-d88b-4889-9752-1ce24c589c62/datanode-1/data/ratis/dd7e3349-faaf-42b7-8a4a-15c7c689dff8/in_use.lock acquired by nodename 1474@fv-az129-30
2022-07-27 23:16:32,441 [pool-96-thread-1] INFO  storage.RaftStorage (RaftStorageImpl.java:format(89)) - Storage directory /home/runner/work/ozone/ozone/hadoop-ozone/integration-test/target/test-dir/MiniOzoneClusterImpl-9e07804d-d88b-4889-9752-1ce24c589c62/datanode-1/data/ratis/dd7e3349-faaf-42b7-8a4a-15c7c689dff8 has been successfully formatted.
2022-07-27 23:16:32,442 [pool-96-thread-1] INFO  ratis.ContainerStateMachine (ContainerStateMachine.java:loadSnapshot(236)) - group-15C7C689DFF8: The snapshot info is null. Setting the last applied indexto:(t:0, i:~)
2022-07-27 23:16:32,442 [pool-96-thread-1] INFO  server.RaftServerConfigKeys (ConfUtils.java:logGet(46)) - raft.server.notification.no-leader.timeout = 300s (custom)
2022-07-27 23:16:32,442 [pool-96-thread-1] INFO  server.RaftServerConfigKeys (ConfUtils.java:logGet(46)) - raft.server.log.use.memory = false (default)
2022-07-27 23:16:32,442 [pool-96-thread-1] INFO  server.RaftServerConfigKeys (ConfUtils.java:logGet(46)) - raft.server.log.purge.gap = 1000000 (custom)
2022-07-27 23:16:32,442 [pool-96-thread-1] INFO  server.RaftServerConfigKeys (ConfUtils.java:logGet(46)) - raft.server.log.appender.buffer.byte-limit = 33554432 (custom)
2022-07-27 23:16:32,442 [pool-96-thread-1] INFO  server.RaftServerConfigKeys (ConfUtils.java:logGet(46)) - raft.server.log.statemachine.data.read.timeout = 1000ms (default)
2022-07-27 23:16:32,442 [pool-96-thread-1] INFO  server.RaftServerConfigKeys (ConfUtils.java:logGet(46)) - raft.server.log.segment.size.max = 1048576 (custom)
2022-07-27 23:16:32,443 [pool-96-thread-1] INFO  server.RaftServerConfigKeys (ConfUtils.java:logGet(46)) - raft.server.log.segment.cache.num.max = 2 (custom)
2022-07-27 23:16:32,443 [pool-96-thread-1] INFO  server.RaftServerConfigKeys (ConfUtils.java:logGet(46)) - raft.server.log.segment.cache.size.max = 200MB (=209715200) (default)
2022-07-27 23:16:32,443 [pool-96-thread-1] INFO  segmented.SegmentedRaftLogWorker (SegmentedRaftLogWorker.java:<init>(187)) - new d4d12f57-f56f-4c9c-ab62-903c4e3b8a60@group-15C7C689DFF8-SegmentedRaftLogWorker for RaftStorageImpl:Storage Directory /home/runner/work/ozone/ozone/hadoop-ozone/integration-test/target/test-dir/MiniOzoneClusterImpl-9e07804d-d88b-4889-9752-1ce24c589c62/datanode-1/data/ratis/dd7e3349-faaf-42b7-8a4a-15c7c689dff8
2022-07-27 23:16:32,443 [pool-96-thread-1] INFO  server.RaftServerConfigKeys (ConfUtils.java:logGet(46)) - raft.server.log.queue.byte-limit = 4294967296 (custom)
2022-07-27 23:16:32,443 [pool-96-thread-1] INFO  server.RaftServerConfigKeys (ConfUtils.java:logGet(46)) - raft.server.log.queue.element-limit = 1024 (custom)
2022-07-27 23:16:32,443 [pool-96-thread-1] INFO  server.RaftServerConfigKeys (ConfUtils.java:logGet(46)) - raft.server.log.segment.size.max = 1048576 (custom)
2022-07-27 23:16:32,443 [pool-96-thread-1] INFO  server.RaftServerConfigKeys (ConfUtils.java:logGet(46)) - raft.server.log.preallocated.size = 16384 (custom)
2022-07-27 23:16:32,443 [pool-96-thread-1] INFO  server.RaftServerConfigKeys (ConfUtils.java:logGet(46)) - raft.server.log.force.sync.num = 128 (default)
2022-07-27 23:16:32,443 [pool-96-thread-1] INFO  server.RaftServerConfigKeys (ConfUtils.java:logGet(46)) - raft.server.log.statemachine.data.sync = true (default)
2022-07-27 23:16:32,443 [pool-96-thread-1] INFO  server.RaftServerConfigKeys (ConfUtils.java:logGet(46)) - raft.server.log.statemachine.data.sync.timeout = 10s (default)
2022-07-27 23:16:32,443 [pool-96-thread-1] INFO  server.RaftServerConfigKeys (ConfUtils.java:logGet(46)) - raft.server.log.statemachine.data.sync.timeout.retry = -1 (default)
2022-07-27 23:16:32,444 [pool-96-thread-1] INFO  server.RaftServerConfigKeys (ConfUtils.java:logGet(46)) - raft.server.log.write.buffer.size = 1048576 (custom)
2022-07-27 23:16:32,445 [pool-96-thread-1] INFO  server.RaftServerConfigKeys (ConfUtils.java:logGet(46)) - raft.server.log.unsafe-flush.enabled = false (default)
2022-07-27 23:16:32,445 [pool-96-thread-1] INFO  server.RaftServerConfigKeys (ConfUtils.java:logGet(46)) - raft.server.log.statemachine.data.caching.enabled = true (custom)
2022-07-27 23:16:32,445 [pool-96-thread-1] INFO  segmented.SegmentedRaftLogWorker (SegmentedRaftLogWorker.java:lambda$new$0(135)) - d4d12f57-f56f-4c9c-ab62-903c4e3b8a60@group-15C7C689DFF8-SegmentedRaftLogWorker: flushIndex: setUnconditionally 0 -> -1
2022-07-27 23:16:32,445 [pool-96-thread-1] INFO  segmented.SegmentedRaftLogWorker (SegmentedRaftLogWorker.java:lambda$new$0(135)) - d4d12f57-f56f-4c9c-ab62-903c4e3b8a60@group-15C7C689DFF8-SegmentedRaftLogWorker: safeCacheEvictIndex: setUnconditionally 0 -> -1
2022-07-27 23:16:32,450 [pool-96-thread-1] INFO  server.RaftServerConfigKeys (ConfUtils.java:logGet(46)) - raft.server.snapshot.auto.trigger.enabled = true (custom)
2022-07-27 23:16:32,450 [pool-96-thread-1] INFO  server.RaftServerConfigKeys (ConfUtils.java:logGet(46)) - raft.server.snapshot.auto.trigger.threshold = 10000 (custom)
2022-07-27 23:16:32,450 [pool-96-thread-1] INFO  server.RaftServerConfigKeys (ConfUtils.java:logGet(46)) - raft.server.snapshot.retention.file.num = 5 (custom)
2022-07-27 23:16:32,450 [pool-96-thread-1] INFO  server.RaftServerConfigKeys (ConfUtils.java:logGet(46)) - raft.server.log.purge.upto.snapshot.index = false (default)
2022-07-27 23:16:32,450 [pool-96-thread-1] INFO  server.RaftServerConfigKeys (ConfUtils.java:logGet(46)) - raft.server.retrycache.expirytime = 600000ms (custom)
2022-07-27 23:16:32,450 [pool-96-thread-1] INFO  server.RaftServerConfigKeys (ConfUtils.java:logGet(46)) - raft.server.retrycache.statistics.expirytime = 100μs (default)
2022-07-27 23:16:32,451 [pool-96-thread-1] INFO  server.RaftServerConfigKeys (ConfUtils.java:logGet(46)) - raft.server.log.appender.install.snapshot.enabled = false (custom)
2022-07-27 23:16:32,452 [pool-96-thread-1] INFO  server.RaftServerConfigKeys (ConfUtils.java:logGet(46)) - raft.server.threadpool.server.cached = true (default)
2022-07-27 23:16:32,452 [pool-96-thread-1] INFO  server.RaftServerConfigKeys (ConfUtils.java:logGet(46)) - raft.server.threadpool.server.size = 0 (default)
2022-07-27 23:16:32,452 [pool-96-thread-1] INFO  server.RaftServerConfigKeys (ConfUtils.java:logGet(46)) - raft.server.threadpool.client.cached = true (default)
2022-07-27 23:16:32,452 [pool-96-thread-1] INFO  server.RaftServerConfigKeys (ConfUtils.java:logGet(46)) - raft.server.threadpool.client.size = 0 (default)
2022-07-27 23:16:32,452 [pool-96-thread-1] INFO  server.RaftServer$Division (RaftServerImpl.java:start(310)) - d4d12f57-f56f-4c9c-ab62-903c4e3b8a60@group-15C7C689DFF8: start as a follower, conf=-1: [2699f4c4-fa0c-4eec-a794-d1f1be832e07|rpc:10.1.0.23:42117|priority:0, d4d12f57-f56f-4c9c-ab62-903c4e3b8a60|rpc:10.1.0.23:42455|priority:1, 4b6bcd3b-d6b3-4446-abce-c99d7a2dec67|rpc:10.1.0.23:34935|priority:0], old=null
2022-07-27 23:16:32,452 [pool-96-thread-1] INFO  server.RaftServer$Division (RaftServerImpl.java:setRole(299)) - d4d12f57-f56f-4c9c-ab62-903c4e3b8a60@group-15C7C689DFF8: changes role from      null to FOLLOWER at term 0 for startAsFollower
2022-07-27 23:16:32,452 [pool-96-thread-1] INFO  impl.RoleInfo (RoleInfo.java:updateAndGet(139)) - d4d12f57-f56f-4c9c-ab62-903c4e3b8a60: start d4d12f57-f56f-4c9c-ab62-903c4e3b8a60@group-15C7C689DFF8-FollowerState
2022-07-27 23:16:32,460 [pool-96-thread-1] INFO  util.JmxRegister (JmxRegister.java:tryRegister(44)) - Successfully registered JMX Bean with object name Ratis:service=RaftServer,group=group-15C7C689DFF8,id=d4d12f57-f56f-4c9c-ab62-903c4e3b8a60
2022-07-27 23:16:32,471 [Command processor thread] INFO  ratis.XceiverServerRatis (XceiverServerRatis.java:addGroup(765)) - Created group PipelineID=dd7e3349-faaf-42b7-8a4a-15c7c689dff8
2022-07-27 23:16:32,474 [EventQueue-OpenPipelineForHealthyPipelineSafeModeRule] INFO  safemode.SCMSafeModeManager (HealthyPipelineSafeModeRule.java:process(137)) - SCM in safe mode. Healthy pipelines reported count is 0, required healthy pipeline reported count is 1
2022-07-27 23:16:32,547 [grpc-default-executor-0] INFO  server.RaftServer (RaftServerProxy.java:addNew(96)) - 4b6bcd3b-d6b3-4446-abce-c99d7a2dec67: addNew group-15C7C689DFF8:[2699f4c4-fa0c-4eec-a794-d1f1be832e07|rpc:10.1.0.23:42117|dataStream:|priority:0, d4d12f57-f56f-4c9c-ab62-903c4e3b8a60|rpc:10.1.0.23:42455|dataStream:|priority:1, 4b6bcd3b-d6b3-4446-abce-c99d7a2dec67|rpc:10.1.0.23:34935|dataStream:|priority:0] returns group-15C7C689DFF8:java.util.concurrent.CompletableFuture@66a24afc[Not completed]
2022-07-27 23:16:32,555 [pool-119-thread-1] INFO  server.RaftServer$Division (RaftServerImpl.java:<init>(190)) - 4b6bcd3b-d6b3-4446-abce-c99d7a2dec67: new RaftServerImpl for group-15C7C689DFF8:[2699f4c4-fa0c-4eec-a794-d1f1be832e07|rpc:10.1.0.23:42117|dataStream:|priority:0, d4d12f57-f56f-4c9c-ab62-903c4e3b8a60|rpc:10.1.0.23:42455|dataStream:|priority:1, 4b6bcd3b-d6b3-4446-abce-c99d7a2dec67|rpc:10.1.0.23:34935|dataStream:|priority:0] with ContainerStateMachine:uninitialized
2022-07-27 23:16:32,555 [pool-119-thread-1] INFO  server.RaftServerConfigKeys (ConfUtils.java:logGet(46)) - raft.server.rpc.timeout.min = 5s (custom)
2022-07-27 23:16:32,555 [pool-119-thread-1] INFO  server.RaftServerConfigKeys (ConfUtils.java:logGet(46)) - raft.server.rpc.timeout.max = 5200ms (custom)
2022-07-27 23:16:32,555 [pool-119-thread-1] INFO  server.RaftServerConfigKeys (ConfUtils.java:logGet(46)) - raft.server.rpc.sleep.time = 25ms (default)
2022-07-27 23:16:32,555 [pool-119-thread-1] INFO  server.RaftServerConfigKeys (ConfUtils.java:logGet(46)) - raft.server.rpc.slowness.timeout = 300s (custom)
2022-07-27 23:16:32,555 [pool-119-thread-1] INFO  server.RaftServerConfigKeys (ConfUtils.java:logGet(46)) - raft.server.leaderelection.leader.step-down.wait-time = 10s (default)
2022-07-27 23:16:32,555 [pool-119-thread-1] INFO  server.RaftServerConfigKeys (ConfUtils.java:logGet(46)) - raft.server.sleep.deviation.threshold = 300ms (default)
2022-07-27 23:16:32,555 [pool-119-thread-1] INFO  server.RaftServer$Division (ServerState.java:<init>(107)) - 4b6bcd3b-d6b3-4446-abce-c99d7a2dec67@group-15C7C689DFF8: ConfigurationManager, init=-1: [2699f4c4-fa0c-4eec-a794-d1f1be832e07|rpc:10.1.0.23:42117|dataStream:|priority:0, d4d12f57-f56f-4c9c-ab62-903c4e3b8a60|rpc:10.1.0.23:42455|dataStream:|priority:1, 4b6bcd3b-d6b3-4446-abce-c99d7a2dec67|rpc:10.1.0.23:34935|dataStream:|priority:0], old=null, confs=<EMPTY_MAP>
2022-07-27 23:16:32,555 [pool-119-thread-1] INFO  server.RaftServerConfigKeys (ConfUtils.java:logGet(46)) - raft.server.storage.dir = [/home/runner/work/ozone/ozone/hadoop-ozone/integration-test/target/test-dir/MiniOzoneClusterImpl-9e07804d-d88b-4889-9752-1ce24c589c62/datanode-2/data/ratis] (custom)
2022-07-27 23:16:32,555 [pool-119-thread-1] INFO  server.RaftServerConfigKeys (ConfUtils.java:logGet(46)) - raft.server.log.corruption.policy = EXCEPTION (default)
2022-07-27 23:16:32,555 [pool-119-thread-1] INFO  server.RaftServerConfigKeys (ConfUtils.java:logGet(46)) - raft.server.storage.free-space.min = 0MB (=0) (default)
2022-07-27 23:16:32,555 [pool-119-thread-1] INFO  storage.RaftStorageDirectory (RaftStorageDirectoryImpl.java:analyzeStorage(135)) - The storage directory /home/runner/work/ozone/ozone/hadoop-ozone/integration-test/target/test-dir/MiniOzoneClusterImpl-9e07804d-d88b-4889-9752-1ce24c589c62/datanode-2/data/ratis/dd7e3349-faaf-42b7-8a4a-15c7c689dff8 does not exist. Creating ...
2022-07-27 23:16:32,556 [pool-119-thread-1] INFO  storage.RaftStorageDirectory (RaftStorageDirectoryImpl.java:tryLock(230)) - Lock on /home/runner/work/ozone/ozone/hadoop-ozone/integration-test/target/test-dir/MiniOzoneClusterImpl-9e07804d-d88b-4889-9752-1ce24c589c62/datanode-2/data/ratis/dd7e3349-faaf-42b7-8a4a-15c7c689dff8/in_use.lock acquired by nodename 1474@fv-az129-30
2022-07-27 23:16:32,569 [pool-119-thread-1] INFO  storage.RaftStorage (RaftStorageImpl.java:format(89)) - Storage directory /home/runner/work/ozone/ozone/hadoop-ozone/integration-test/target/test-dir/MiniOzoneClusterImpl-9e07804d-d88b-4889-9752-1ce24c589c62/datanode-2/data/ratis/dd7e3349-faaf-42b7-8a4a-15c7c689dff8 has been successfully formatted.
2022-07-27 23:16:32,571 [pool-119-thread-1] INFO  ratis.ContainerStateMachine (ContainerStateMachine.java:loadSnapshot(236)) - group-15C7C689DFF8: The snapshot info is null. Setting the last applied indexto:(t:0, i:~)
2022-07-27 23:16:32,572 [pool-119-thread-1] INFO  server.RaftServerConfigKeys (ConfUtils.java:logGet(46)) - raft.server.notification.no-leader.timeout = 300s (custom)
2022-07-27 23:16:32,573 [pool-119-thread-1] INFO  server.RaftServerConfigKeys (ConfUtils.java:logGet(46)) - raft.server.log.use.memory = false (default)
2022-07-27 23:16:32,573 [pool-119-thread-1] INFO  server.RaftServerConfigKeys (ConfUtils.java:logGet(46)) - raft.server.log.purge.gap = 1000000 (custom)
2022-07-27 23:16:32,573 [pool-119-thread-1] INFO  server.RaftServerConfigKeys (ConfUtils.java:logGet(46)) - raft.server.log.appender.buffer.byte-limit = 33554432 (custom)
2022-07-27 23:16:32,573 [pool-119-thread-1] INFO  server.RaftServerConfigKeys (ConfUtils.java:logGet(46)) - raft.server.log.statemachine.data.read.timeout = 1000ms (default)
2022-07-27 23:16:32,574 [pool-119-thread-1] INFO  server.RaftServerConfigKeys (ConfUtils.java:logGet(46)) - raft.server.log.segment.size.max = 1048576 (custom)
2022-07-27 23:16:32,574 [pool-119-thread-1] INFO  server.RaftServerConfigKeys (ConfUtils.java:logGet(46)) - raft.server.log.segment.cache.num.max = 2 (custom)
2022-07-27 23:16:32,574 [pool-119-thread-1] INFO  server.RaftServerConfigKeys (ConfUtils.java:logGet(46)) - raft.server.log.segment.cache.size.max = 200MB (=209715200) (default)
2022-07-27 23:16:32,574 [pool-119-thread-1] INFO  segmented.SegmentedRaftLogWorker (SegmentedRaftLogWorker.java:<init>(187)) - new 4b6bcd3b-d6b3-4446-abce-c99d7a2dec67@group-15C7C689DFF8-SegmentedRaftLogWorker for RaftStorageImpl:Storage Directory /home/runner/work/ozone/ozone/hadoop-ozone/integration-test/target/test-dir/MiniOzoneClusterImpl-9e07804d-d88b-4889-9752-1ce24c589c62/datanode-2/data/ratis/dd7e3349-faaf-42b7-8a4a-15c7c689dff8
2022-07-27 23:16:32,575 [pool-119-thread-1] INFO  server.RaftServerConfigKeys (ConfUtils.java:logGet(46)) - raft.server.log.queue.byte-limit = 4294967296 (custom)
2022-07-27 23:16:32,575 [pool-119-thread-1] INFO  server.RaftServerConfigKeys (ConfUtils.java:logGet(46)) - raft.server.log.queue.element-limit = 1024 (custom)
2022-07-27 23:16:32,575 [pool-119-thread-1] INFO  server.RaftServerConfigKeys (ConfUtils.java:logGet(46)) - raft.server.log.segment.size.max = 1048576 (custom)
2022-07-27 23:16:32,575 [pool-119-thread-1] INFO  server.RaftServerConfigKeys (ConfUtils.java:logGet(46)) - raft.server.log.preallocated.size = 16384 (custom)
2022-07-27 23:16:32,575 [pool-119-thread-1] INFO  server.RaftServerConfigKeys (ConfUtils.java:logGet(46)) - raft.server.log.force.sync.num = 128 (default)
2022-07-27 23:16:32,575 [pool-119-thread-1] INFO  server.RaftServerConfigKeys (ConfUtils.java:logGet(46)) - raft.server.log.statemachine.data.sync = true (default)
2022-07-27 23:16:32,575 [pool-119-thread-1] INFO  server.RaftServerConfigKeys (ConfUtils.java:logGet(46)) - raft.server.log.statemachine.data.sync.timeout = 10s (default)
2022-07-27 23:16:32,575 [pool-119-thread-1] INFO  server.RaftServerConfigKeys (ConfUtils.java:logGet(46)) - raft.server.log.statemachine.data.sync.timeout.retry = -1 (default)
2022-07-27 23:16:32,576 [pool-119-thread-1] INFO  server.RaftServerConfigKeys (ConfUtils.java:logGet(46)) - raft.server.log.write.buffer.size = 1048576 (custom)
2022-07-27 23:16:32,576 [pool-119-thread-1] INFO  server.RaftServerConfigKeys (ConfUtils.java:logGet(46)) - raft.server.log.unsafe-flush.enabled = false (default)
2022-07-27 23:16:32,576 [pool-119-thread-1] INFO  server.RaftServerConfigKeys (ConfUtils.java:logGet(46)) - raft.server.log.statemachine.data.caching.enabled = true (custom)
2022-07-27 23:16:32,581 [pool-119-thread-1] INFO  segmented.SegmentedRaftLogWorker (SegmentedRaftLogWorker.java:lambda$new$0(135)) - 4b6bcd3b-d6b3-4446-abce-c99d7a2dec67@group-15C7C689DFF8-SegmentedRaftLogWorker: flushIndex: setUnconditionally 0 -> -1
2022-07-27 23:16:32,581 [pool-119-thread-1] INFO  segmented.SegmentedRaftLogWorker (SegmentedRaftLogWorker.java:lambda$new$0(135)) - 4b6bcd3b-d6b3-4446-abce-c99d7a2dec67@group-15C7C689DFF8-SegmentedRaftLogWorker: safeCacheEvictIndex: setUnconditionally 0 -> -1
2022-07-27 23:16:32,581 [pool-119-thread-1] INFO  server.RaftServerConfigKeys (ConfUtils.java:logGet(46)) - raft.server.snapshot.auto.trigger.enabled = true (custom)
2022-07-27 23:16:32,582 [pool-119-thread-1] INFO  server.RaftServerConfigKeys (ConfUtils.java:logGet(46)) - raft.server.snapshot.auto.trigger.threshold = 10000 (custom)
2022-07-27 23:16:32,582 [pool-119-thread-1] INFO  server.RaftServerConfigKeys (ConfUtils.java:logGet(46)) - raft.server.snapshot.retention.file.num = 5 (custom)
2022-07-27 23:16:32,582 [pool-119-thread-1] INFO  server.RaftServerConfigKeys (ConfUtils.java:logGet(46)) - raft.server.log.purge.upto.snapshot.index = false (default)
2022-07-27 23:16:32,582 [pool-119-thread-1] INFO  server.RaftServerConfigKeys (ConfUtils.java:logGet(46)) - raft.server.retrycache.expirytime = 600000ms (custom)
2022-07-27 23:16:32,582 [pool-119-thread-1] INFO  server.RaftServerConfigKeys (ConfUtils.java:logGet(46)) - raft.server.retrycache.statistics.expirytime = 100μs (default)
2022-07-27 23:16:32,583 [pool-119-thread-1] INFO  server.RaftServerConfigKeys (ConfUtils.java:logGet(46)) - raft.server.log.appender.install.snapshot.enabled = false (custom)
2022-07-27 23:16:32,583 [pool-119-thread-1] INFO  server.RaftServerConfigKeys (ConfUtils.java:logGet(46)) - raft.server.threadpool.server.cached = true (default)
2022-07-27 23:16:32,583 [pool-119-thread-1] INFO  server.RaftServerConfigKeys (ConfUtils.java:logGet(46)) - raft.server.threadpool.server.size = 0 (default)
2022-07-27 23:16:32,583 [pool-119-thread-1] INFO  server.RaftServerConfigKeys (ConfUtils.java:logGet(46)) - raft.server.threadpool.client.cached = true (default)
2022-07-27 23:16:32,583 [pool-119-thread-1] INFO  server.RaftServerConfigKeys (ConfUtils.java:logGet(46)) - raft.server.threadpool.client.size = 0 (default)
2022-07-27 23:16:32,583 [pool-119-thread-1] INFO  server.RaftServer$Division (RaftServerImpl.java:start(310)) - 4b6bcd3b-d6b3-4446-abce-c99d7a2dec67@group-15C7C689DFF8: start as a follower, conf=-1: [2699f4c4-fa0c-4eec-a794-d1f1be832e07|rpc:10.1.0.23:42117|dataStream:|priority:0, d4d12f57-f56f-4c9c-ab62-903c4e3b8a60|rpc:10.1.0.23:42455|dataStream:|priority:1, 4b6bcd3b-d6b3-4446-abce-c99d7a2dec67|rpc:10.1.0.23:34935|dataStream:|priority:0], old=null
2022-07-27 23:16:32,583 [pool-119-thread-1] INFO  server.RaftServer$Division (RaftServerImpl.java:setRole(299)) - 4b6bcd3b-d6b3-4446-abce-c99d7a2dec67@group-15C7C689DFF8: changes role from      null to FOLLOWER at term 0 for startAsFollower
2022-07-27 23:16:32,583 [pool-119-thread-1] INFO  impl.RoleInfo (RoleInfo.java:updateAndGet(139)) - 4b6bcd3b-d6b3-4446-abce-c99d7a2dec67: start 4b6bcd3b-d6b3-4446-abce-c99d7a2dec67@group-15C7C689DFF8-FollowerState
2022-07-27 23:16:32,586 [pool-119-thread-1] INFO  util.JmxRegister (JmxRegister.java:tryRegister(44)) - Successfully registered JMX Bean with object name Ratis:service=RaftServer,group=group-15C7C689DFF8,id=4b6bcd3b-d6b3-4446-abce-c99d7a2dec67
2022-07-27 23:16:32,642 [Command processor thread] INFO  commandhandler.CreatePipelineCommandHandler (CreatePipelineCommandHandler.java:handle(113)) - Created Pipeline RATIS THREE PipelineID=dd7e3349-faaf-42b7-8a4a-15c7c689dff8.
2022-07-27 23:16:32,643 [Command processor thread] INFO  commandhandler.CreatePipelineCommandHandler (CreatePipelineCommandHandler.java:handle(113)) - Created Pipeline RATIS THREE PipelineID=dd7e3349-faaf-42b7-8a4a-15c7c689dff8.
2022-07-27 23:16:32,643 [Command processor thread] INFO  server.RaftServer (RaftServerProxy.java:addNew(96)) - d4d12f57-f56f-4c9c-ab62-903c4e3b8a60: addNew group-14427373BA86:[2699f4c4-fa0c-4eec-a794-d1f1be832e07|rpc:10.1.0.23:42117|priority:0, d4d12f57-f56f-4c9c-ab62-903c4e3b8a60|rpc:10.1.0.23:42455|priority:0, 4b6bcd3b-d6b3-4446-abce-c99d7a2dec67|rpc:10.1.0.23:34935|priority:1] returns group-14427373BA86:java.util.concurrent.CompletableFuture@84934d9[Not completed]
2022-07-27 23:16:32,644 [pool-96-thread-1] INFO  server.RaftServer$Division (RaftServerImpl.java:<init>(190)) - d4d12f57-f56f-4c9c-ab62-903c4e3b8a60: new RaftServerImpl for group-14427373BA86:[2699f4c4-fa0c-4eec-a794-d1f1be832e07|rpc:10.1.0.23:42117|priority:0, d4d12f57-f56f-4c9c-ab62-903c4e3b8a60|rpc:10.1.0.23:42455|priority:0, 4b6bcd3b-d6b3-4446-abce-c99d7a2dec67|rpc:10.1.0.23:34935|priority:1] with ContainerStateMachine:uninitialized
2022-07-27 23:16:32,644 [pool-96-thread-1] INFO  server.RaftServerConfigKeys (ConfUtils.java:logGet(46)) - raft.server.rpc.timeout.min = 5s (custom)
2022-07-27 23:16:32,644 [pool-96-thread-1] INFO  server.RaftServerConfigKeys (ConfUtils.java:logGet(46)) - raft.server.rpc.timeout.max = 5200ms (custom)
2022-07-27 23:16:32,644 [pool-96-thread-1] INFO  server.RaftServerConfigKeys (ConfUtils.java:logGet(46)) - raft.server.rpc.sleep.time = 25ms (default)
2022-07-27 23:16:32,644 [pool-96-thread-1] INFO  server.RaftServerConfigKeys (ConfUtils.java:logGet(46)) - raft.server.rpc.slowness.timeout = 300s (custom)
2022-07-27 23:16:32,644 [pool-96-thread-1] INFO  server.RaftServerConfigKeys (ConfUtils.java:logGet(46)) - raft.server.leaderelection.leader.step-down.wait-time = 10s (default)
2022-07-27 23:16:32,645 [pool-96-thread-1] INFO  server.RaftServerConfigKeys (ConfUtils.java:logGet(46)) - raft.server.sleep.deviation.threshold = 300ms (default)
2022-07-27 23:16:32,645 [pool-96-thread-1] INFO  server.RaftServer$Division (ServerState.java:<init>(107)) - d4d12f57-f56f-4c9c-ab62-903c4e3b8a60@group-14427373BA86: ConfigurationManager, init=-1: [2699f4c4-fa0c-4eec-a794-d1f1be832e07|rpc:10.1.0.23:42117|priority:0, d4d12f57-f56f-4c9c-ab62-903c4e3b8a60|rpc:10.1.0.23:42455|priority:0, 4b6bcd3b-d6b3-4446-abce-c99d7a2dec67|rpc:10.1.0.23:34935|priority:1], old=null, confs=<EMPTY_MAP>
2022-07-27 23:16:32,645 [pool-96-thread-1] INFO  server.RaftServerConfigKeys (ConfUtils.java:logGet(46)) - raft.server.storage.dir = [/home/runner/work/ozone/ozone/hadoop-ozone/integration-test/target/test-dir/MiniOzoneClusterImpl-9e07804d-d88b-4889-9752-1ce24c589c62/datanode-1/data/ratis] (custom)
2022-07-27 23:16:32,645 [pool-96-thread-1] INFO  server.RaftServerConfigKeys (ConfUtils.java:logGet(46)) - raft.server.log.corruption.policy = EXCEPTION (default)
2022-07-27 23:16:32,645 [pool-96-thread-1] INFO  server.RaftServerConfigKeys (ConfUtils.java:logGet(46)) - raft.server.storage.free-space.min = 0MB (=0) (default)
2022-07-27 23:16:32,645 [pool-96-thread-1] INFO  storage.RaftStorageDirectory (RaftStorageDirectoryImpl.java:analyzeStorage(135)) - The storage directory /home/runner/work/ozone/ozone/hadoop-ozone/integration-test/target/test-dir/MiniOzoneClusterImpl-9e07804d-d88b-4889-9752-1ce24c589c62/datanode-1/data/ratis/ddc81b98-8571-4ecf-9e9e-14427373ba86 does not exist. Creating ...
2022-07-27 23:16:32,646 [pool-73-thread-1] INFO  server.RaftServer$Division (RaftServerImpl.java:<init>(190)) - 2699f4c4-fa0c-4eec-a794-d1f1be832e07: new RaftServerImpl for group-14427373BA86:[2699f4c4-fa0c-4eec-a794-d1f1be832e07|rpc:10.1.0.23:42117|priority:0, d4d12f57-f56f-4c9c-ab62-903c4e3b8a60|rpc:10.1.0.23:42455|priority:0, 4b6bcd3b-d6b3-4446-abce-c99d7a2dec67|rpc:10.1.0.23:34935|priority:1] with ContainerStateMachine:uninitialized
2022-07-27 23:16:32,646 [pool-73-thread-1] INFO  server.RaftServerConfigKeys (ConfUtils.java:logGet(46)) - raft.server.rpc.timeout.min = 5s (custom)
2022-07-27 23:16:32,646 [pool-73-thread-1] INFO  server.RaftServerConfigKeys (ConfUtils.java:logGet(46)) - raft.server.rpc.timeout.max = 5200ms (custom)
2022-07-27 23:16:32,646 [pool-73-thread-1] INFO  server.RaftServerConfigKeys (ConfUtils.java:logGet(46)) - raft.server.rpc.sleep.time = 25ms (default)
2022-07-27 23:16:32,646 [pool-73-thread-1] INFO  server.RaftServerConfigKeys (ConfUtils.java:logGet(46)) - raft.server.rpc.slowness.timeout = 300s (custom)
2022-07-27 23:16:32,646 [pool-73-thread-1] INFO  server.RaftServerConfigKeys (ConfUtils.java:logGet(46)) - raft.server.leaderelection.leader.step-down.wait-time = 10s (default)
2022-07-27 23:16:32,646 [pool-73-thread-1] INFO  server.RaftServerConfigKeys (ConfUtils.java:logGet(46)) - raft.server.sleep.deviation.threshold = 300ms (default)
2022-07-27 23:16:32,646 [pool-73-thread-1] INFO  server.RaftServer$Division (ServerState.java:<init>(107)) - 2699f4c4-fa0c-4eec-a794-d1f1be832e07@group-14427373BA86: ConfigurationManager, init=-1: [2699f4c4-fa0c-4eec-a794-d1f1be832e07|rpc:10.1.0.23:42117|priority:0, d4d12f57-f56f-4c9c-ab62-903c4e3b8a60|rpc:10.1.0.23:42455|priority:0, 4b6bcd3b-d6b3-4446-abce-c99d7a2dec67|rpc:10.1.0.23:34935|priority:1], old=null, confs=<EMPTY_MAP>
2022-07-27 23:16:32,646 [pool-73-thread-1] INFO  server.RaftServerConfigKeys (ConfUtils.java:logGet(46)) - raft.server.storage.dir = [/home/runner/work/ozone/ozone/hadoop-ozone/integration-test/target/test-dir/MiniOzoneClusterImpl-9e07804d-d88b-4889-9752-1ce24c589c62/datanode-0/data/ratis] (custom)
2022-07-27 23:16:32,647 [pool-73-thread-1] INFO  server.RaftServerConfigKeys (ConfUtils.java:logGet(46)) - raft.server.log.corruption.policy = EXCEPTION (default)
2022-07-27 23:16:32,647 [pool-73-thread-1] INFO  server.RaftServerConfigKeys (ConfUtils.java:logGet(46)) - raft.server.storage.free-space.min = 0MB (=0) (default)
2022-07-27 23:16:32,647 [pool-73-thread-1] INFO  storage.RaftStorageDirectory (RaftStorageDirectoryImpl.java:analyzeStorage(135)) - The storage directory /home/runner/work/ozone/ozone/hadoop-ozone/integration-test/target/test-dir/MiniOzoneClusterImpl-9e07804d-d88b-4889-9752-1ce24c589c62/datanode-0/data/ratis/ddc81b98-8571-4ecf-9e9e-14427373ba86 does not exist. Creating ...
2022-07-27 23:16:32,647 [Command processor thread] INFO  server.RaftServer (RaftServerProxy.java:addNew(96)) - 2699f4c4-fa0c-4eec-a794-d1f1be832e07: addNew group-14427373BA86:[2699f4c4-fa0c-4eec-a794-d1f1be832e07|rpc:10.1.0.23:42117|priority:0, d4d12f57-f56f-4c9c-ab62-903c4e3b8a60|rpc:10.1.0.23:42455|priority:0, 4b6bcd3b-d6b3-4446-abce-c99d7a2dec67|rpc:10.1.0.23:34935|priority:1] returns group-14427373BA86:java.util.concurrent.CompletableFuture@753e20a5[Not completed]
2022-07-27 23:16:32,648 [pool-73-thread-1] INFO  storage.RaftStorageDirectory (RaftStorageDirectoryImpl.java:tryLock(230)) - Lock on /home/runner/work/ozone/ozone/hadoop-ozone/integration-test/target/test-dir/MiniOzoneClusterImpl-9e07804d-d88b-4889-9752-1ce24c589c62/datanode-0/data/ratis/ddc81b98-8571-4ecf-9e9e-14427373ba86/in_use.lock acquired by nodename 1474@fv-az129-30
2022-07-27 23:16:32,648 [pool-96-thread-1] INFO  storage.RaftStorageDirectory (RaftStorageDirectoryImpl.java:tryLock(230)) - Lock on /home/runner/work/ozone/ozone/hadoop-ozone/integration-test/target/test-dir/MiniOzoneClusterImpl-9e07804d-d88b-4889-9752-1ce24c589c62/datanode-1/data/ratis/ddc81b98-8571-4ecf-9e9e-14427373ba86/in_use.lock acquired by nodename 1474@fv-az129-30
2022-07-27 23:16:32,649 [pool-73-thread-1] INFO  storage.RaftStorage (RaftStorageImpl.java:format(89)) - Storage directory /home/runner/work/ozone/ozone/hadoop-ozone/integration-test/target/test-dir/MiniOzoneClusterImpl-9e07804d-d88b-4889-9752-1ce24c589c62/datanode-0/data/ratis/ddc81b98-8571-4ecf-9e9e-14427373ba86 has been successfully formatted.
2022-07-27 23:16:32,649 [pool-73-thread-1] INFO  ratis.ContainerStateMachine (ContainerStateMachine.java:loadSnapshot(236)) - group-14427373BA86: The snapshot info is null. Setting the last applied indexto:(t:0, i:~)
2022-07-27 23:16:32,650 [pool-73-thread-1] INFO  server.RaftServerConfigKeys (ConfUtils.java:logGet(46)) - raft.server.notification.no-leader.timeout = 300s (custom)
2022-07-27 23:16:32,650 [pool-73-thread-1] INFO  server.RaftServerConfigKeys (ConfUtils.java:logGet(46)) - raft.server.log.use.memory = false (default)
2022-07-27 23:16:32,650 [pool-73-thread-1] INFO  server.RaftServerConfigKeys (ConfUtils.java:logGet(46)) - raft.server.log.purge.gap = 1000000 (custom)
2022-07-27 23:16:32,650 [pool-73-thread-1] INFO  server.RaftServerConfigKeys (ConfUtils.java:logGet(46)) - raft.server.log.appender.buffer.byte-limit = 33554432 (custom)
2022-07-27 23:16:32,650 [pool-73-thread-1] INFO  server.RaftServerConfigKeys (ConfUtils.java:logGet(46)) - raft.server.log.statemachine.data.read.timeout = 1000ms (default)
2022-07-27 23:16:32,650 [pool-73-thread-1] INFO  server.RaftServerConfigKeys (ConfUtils.java:logGet(46)) - raft.server.log.segment.size.max = 1048576 (custom)
2022-07-27 23:16:32,650 [pool-73-thread-1] INFO  server.RaftServerConfigKeys (ConfUtils.java:logGet(46)) - raft.server.log.segment.cache.num.max = 2 (custom)
2022-07-27 23:16:32,650 [pool-73-thread-1] INFO  server.RaftServerConfigKeys (ConfUtils.java:logGet(46)) - raft.server.log.segment.cache.size.max = 200MB (=209715200) (default)
2022-07-27 23:16:32,650 [pool-73-thread-1] INFO  segmented.SegmentedRaftLogWorker (SegmentedRaftLogWorker.java:<init>(187)) - new 2699f4c4-fa0c-4eec-a794-d1f1be832e07@group-14427373BA86-SegmentedRaftLogWorker for RaftStorageImpl:Storage Directory /home/runner/work/ozone/ozone/hadoop-ozone/integration-test/target/test-dir/MiniOzoneClusterImpl-9e07804d-d88b-4889-9752-1ce24c589c62/datanode-0/data/ratis/ddc81b98-8571-4ecf-9e9e-14427373ba86
2022-07-27 23:16:32,650 [pool-73-thread-1] INFO  server.RaftServerConfigKeys (ConfUtils.java:logGet(46)) - raft.server.log.queue.byte-limit = 4294967296 (custom)
2022-07-27 23:16:32,650 [pool-73-thread-1] INFO  server.RaftServerConfigKeys (ConfUtils.java:logGet(46)) - raft.server.log.queue.element-limit = 1024 (custom)
2022-07-27 23:16:32,651 [pool-73-thread-1] INFO  server.RaftServerConfigKeys (ConfUtils.java:logGet(46)) - raft.server.log.segment.size.max = 1048576 (custom)
2022-07-27 23:16:32,651 [pool-73-thread-1] INFO  server.RaftServerConfigKeys (ConfUtils.java:logGet(46)) - raft.server.log.preallocated.size = 16384 (custom)
2022-07-27 23:16:32,651 [pool-73-thread-1] INFO  server.RaftServerConfigKeys (ConfUtils.java:logGet(46)) - raft.server.log.force.sync.num = 128 (default)
2022-07-27 23:16:32,651 [pool-73-thread-1] INFO  server.RaftServerConfigKeys (ConfUtils.java:logGet(46)) - raft.server.log.statemachine.data.sync = true (default)
2022-07-27 23:16:32,651 [pool-73-thread-1] INFO  server.RaftServerConfigKeys (ConfUtils.java:logGet(46)) - raft.server.log.statemachine.data.sync.timeout = 10s (default)
2022-07-27 23:16:32,651 [pool-73-thread-1] INFO  server.RaftServerConfigKeys (ConfUtils.java:logGet(46)) - raft.server.log.statemachine.data.sync.timeout.retry = -1 (default)
2022-07-27 23:16:32,651 [pool-73-thread-1] INFO  server.RaftServerConfigKeys (ConfUtils.java:logGet(46)) - raft.server.log.write.buffer.size = 1048576 (custom)
2022-07-27 23:16:32,652 [pool-73-thread-1] INFO  server.RaftServerConfigKeys (ConfUtils.java:logGet(46)) - raft.server.log.unsafe-flush.enabled = false (default)
2022-07-27 23:16:32,652 [pool-73-thread-1] INFO  server.RaftServerConfigKeys (ConfUtils.java:logGet(46)) - raft.server.log.statemachine.data.caching.enabled = true (custom)
2022-07-27 23:16:32,652 [pool-73-thread-1] INFO  segmented.SegmentedRaftLogWorker (SegmentedRaftLogWorker.java:lambda$new$0(135)) - 2699f4c4-fa0c-4eec-a794-d1f1be832e07@group-14427373BA86-SegmentedRaftLogWorker: flushIndex: setUnconditionally 0 -> -1
2022-07-27 23:16:32,652 [pool-73-thread-1] INFO  segmented.SegmentedRaftLogWorker (SegmentedRaftLogWorker.java:lambda$new$0(135)) - 2699f4c4-fa0c-4eec-a794-d1f1be832e07@group-14427373BA86-SegmentedRaftLogWorker: safeCacheEvictIndex: setUnconditionally 0 -> -1
2022-07-27 23:16:32,653 [pool-96-thread-1] INFO  storage.RaftStorage (RaftStorageImpl.java:format(89)) - Storage directory /home/runner/work/ozone/ozone/hadoop-ozone/integration-test/target/test-dir/MiniOzoneClusterImpl-9e07804d-d88b-4889-9752-1ce24c589c62/datanode-1/data/ratis/ddc81b98-8571-4ecf-9e9e-14427373ba86 has been successfully formatted.
2022-07-27 23:16:32,661 [pool-96-thread-1] INFO  ratis.ContainerStateMachine (ContainerStateMachine.java:loadSnapshot(236)) - group-14427373BA86: The snapshot info is null. Setting the last applied indexto:(t:0, i:~)
2022-07-27 23:16:32,661 [pool-96-thread-1] INFO  server.RaftServerConfigKeys (ConfUtils.java:logGet(46)) - raft.server.notification.no-leader.timeout = 300s (custom)
2022-07-27 23:16:32,661 [pool-96-thread-1] INFO  server.RaftServerConfigKeys (ConfUtils.java:logGet(46)) - raft.server.log.use.memory = false (default)
2022-07-27 23:16:32,661 [pool-96-thread-1] INFO  server.RaftServerConfigKeys (ConfUtils.java:logGet(46)) - raft.server.log.purge.gap = 1000000 (custom)
2022-07-27 23:16:32,661 [pool-96-thread-1] INFO  server.RaftServerConfigKeys (ConfUtils.java:logGet(46)) - raft.server.log.appender.buffer.byte-limit = 33554432 (custom)
2022-07-27 23:16:32,661 [pool-96-thread-1] INFO  server.RaftServerConfigKeys (ConfUtils.java:logGet(46)) - raft.server.log.statemachine.data.read.timeout = 1000ms (default)
2022-07-27 23:16:32,662 [pool-73-thread-1] INFO  server.RaftServerConfigKeys (ConfUtils.java:logGet(46)) - raft.server.snapshot.auto.trigger.enabled = true (custom)
2022-07-27 23:16:32,662 [pool-73-thread-1] INFO  server.RaftServerConfigKeys (ConfUtils.java:logGet(46)) - raft.server.snapshot.auto.trigger.threshold = 10000 (custom)
2022-07-27 23:16:32,662 [pool-73-thread-1] INFO  server.RaftServerConfigKeys (ConfUtils.java:logGet(46)) - raft.server.snapshot.retention.file.num = 5 (custom)
2022-07-27 23:16:32,662 [pool-73-thread-1] INFO  server.RaftServerConfigKeys (ConfUtils.java:logGet(46)) - raft.server.log.purge.upto.snapshot.index = false (default)
2022-07-27 23:16:32,662 [pool-73-thread-1] INFO  server.RaftServerConfigKeys (ConfUtils.java:logGet(46)) - raft.server.retrycache.expirytime = 600000ms (custom)
2022-07-27 23:16:32,662 [pool-73-thread-1] INFO  server.RaftServerConfigKeys (ConfUtils.java:logGet(46)) - raft.server.retrycache.statistics.expirytime = 100μs (default)
2022-07-27 23:16:32,663 [pool-73-thread-1] INFO  server.RaftServerConfigKeys (ConfUtils.java:logGet(46)) - raft.server.log.appender.install.snapshot.enabled = false (custom)
2022-07-27 23:16:32,663 [pool-73-thread-1] INFO  server.RaftServerConfigKeys (ConfUtils.java:logGet(46)) - raft.server.threadpool.server.cached = true (default)
2022-07-27 23:16:32,663 [pool-73-thread-1] INFO  server.RaftServerConfigKeys (ConfUtils.java:logGet(46)) - raft.server.threadpool.server.size = 0 (default)
2022-07-27 23:16:32,663 [pool-96-thread-1] INFO  server.RaftServerConfigKeys (ConfUtils.java:logGet(46)) - raft.server.log.segment.size.max = 1048576 (custom)
2022-07-27 23:16:32,663 [pool-96-thread-1] INFO  server.RaftServerConfigKeys (ConfUtils.java:logGet(46)) - raft.server.log.segment.cache.num.max = 2 (custom)
2022-07-27 23:16:32,663 [pool-96-thread-1] INFO  server.RaftServerConfigKeys (ConfUtils.java:logGet(46)) - raft.server.log.segment.cache.size.max = 200MB (=209715200) (default)
2022-07-27 23:16:32,663 [pool-96-thread-1] INFO  segmented.SegmentedRaftLogWorker (SegmentedRaftLogWorker.java:<init>(187)) - new d4d12f57-f56f-4c9c-ab62-903c4e3b8a60@group-14427373BA86-SegmentedRaftLogWorker for RaftStorageImpl:Storage Directory /home/runner/work/ozone/ozone/hadoop-ozone/integration-test/target/test-dir/MiniOzoneClusterImpl-9e07804d-d88b-4889-9752-1ce24c589c62/datanode-1/data/ratis/ddc81b98-8571-4ecf-9e9e-14427373ba86
2022-07-27 23:16:32,663 [pool-96-thread-1] INFO  server.RaftServerConfigKeys (ConfUtils.java:logGet(46)) - raft.server.log.queue.byte-limit = 4294967296 (custom)
2022-07-27 23:16:32,664 [pool-96-thread-1] INFO  server.RaftServerConfigKeys (ConfUtils.java:logGet(46)) - raft.server.log.queue.element-limit = 1024 (custom)
2022-07-27 23:16:32,664 [pool-96-thread-1] INFO  server.RaftServerConfigKeys (ConfUtils.java:logGet(46)) - raft.server.log.segment.size.max = 1048576 (custom)
2022-07-27 23:16:32,664 [pool-96-thread-1] INFO  server.RaftServerConfigKeys (ConfUtils.java:logGet(46)) - raft.server.log.preallocated.size = 16384 (custom)
2022-07-27 23:16:32,664 [pool-73-thread-1] INFO  server.RaftServerConfigKeys (ConfUtils.java:logGet(46)) - raft.server.threadpool.client.cached = true (default)
2022-07-27 23:16:32,664 [pool-73-thread-1] INFO  server.RaftServerConfigKeys (ConfUtils.java:logGet(46)) - raft.server.threadpool.client.size = 0 (default)
2022-07-27 23:16:32,665 [pool-73-thread-1] INFO  server.RaftServer$Division (RaftServerImpl.java:start(310)) - 2699f4c4-fa0c-4eec-a794-d1f1be832e07@group-14427373BA86: start as a follower, conf=-1: [2699f4c4-fa0c-4eec-a794-d1f1be832e07|rpc:10.1.0.23:42117|priority:0, d4d12f57-f56f-4c9c-ab62-903c4e3b8a60|rpc:10.1.0.23:42455|priority:0, 4b6bcd3b-d6b3-4446-abce-c99d7a2dec67|rpc:10.1.0.23:34935|priority:1], old=null
2022-07-27 23:16:32,665 [pool-73-thread-1] INFO  server.RaftServer$Division (RaftServerImpl.java:setRole(299)) - 2699f4c4-fa0c-4eec-a794-d1f1be832e07@group-14427373BA86: changes role from      null to FOLLOWER at term 0 for startAsFollower
2022-07-27 23:16:32,665 [pool-73-thread-1] INFO  impl.RoleInfo (RoleInfo.java:updateAndGet(139)) - 2699f4c4-fa0c-4eec-a794-d1f1be832e07: start 2699f4c4-fa0c-4eec-a794-d1f1be832e07@group-14427373BA86-FollowerState
2022-07-27 23:16:32,665 [EventQueue-OpenPipelineForHealthyPipelineSafeModeRule] INFO  safemode.SCMSafeModeManager (HealthyPipelineSafeModeRule.java:process(137)) - SCM in safe mode. Healthy pipelines reported count is 0, required healthy pipeline reported count is 1
2022-07-27 23:16:32,664 [pool-96-thread-1] INFO  server.RaftServerConfigKeys (ConfUtils.java:logGet(46)) - raft.server.log.force.sync.num = 128 (default)
2022-07-27 23:16:32,665 [EventQueue-OpenPipelineForHealthyPipelineSafeModeRule] INFO  safemode.SCMSafeModeManager (HealthyPipelineSafeModeRule.java:process(137)) - SCM in safe mode. Healthy pipelines reported count is 0, required healthy pipeline reported count is 1
2022-07-27 23:16:32,665 [pool-96-thread-1] INFO  server.RaftServerConfigKeys (ConfUtils.java:logGet(46)) - raft.server.log.statemachine.data.sync = true (default)
2022-07-27 23:16:32,665 [pool-96-thread-1] INFO  server.RaftServerConfigKeys (ConfUtils.java:logGet(46)) - raft.server.log.statemachine.data.sync.timeout = 10s (default)
2022-07-27 23:16:32,665 [pool-96-thread-1] INFO  server.RaftServerConfigKeys (ConfUtils.java:logGet(46)) - raft.server.log.statemachine.data.sync.timeout.retry = -1 (default)
2022-07-27 23:16:32,669 [Command processor thread] INFO  server.RaftServer (RaftServerProxy.java:addNew(96)) - 4b6bcd3b-d6b3-4446-abce-c99d7a2dec67: addNew group-E2172B0D6F3E:[4b6bcd3b-d6b3-4446-abce-c99d7a2dec67|rpc:10.1.0.23:34935|priority:1] returns group-E2172B0D6F3E:java.util.concurrent.CompletableFuture@4687907e[Not completed]
2022-07-27 23:16:32,669 [pool-73-thread-1] INFO  util.JmxRegister (JmxRegister.java:tryRegister(44)) - Successfully registered JMX Bean with object name Ratis:service=RaftServer,group=group-14427373BA86,id=2699f4c4-fa0c-4eec-a794-d1f1be832e07
2022-07-27 23:16:32,670 [pool-119-thread-1] INFO  server.RaftServer$Division (RaftServerImpl.java:<init>(190)) - 4b6bcd3b-d6b3-4446-abce-c99d7a2dec67: new RaftServerImpl for group-E2172B0D6F3E:[4b6bcd3b-d6b3-4446-abce-c99d7a2dec67|rpc:10.1.0.23:34935|priority:1] with ContainerStateMachine:uninitialized
2022-07-27 23:16:32,670 [pool-119-thread-1] INFO  server.RaftServerConfigKeys (ConfUtils.java:logGet(46)) - raft.server.rpc.timeout.min = 5s (custom)
2022-07-27 23:16:32,670 [pool-119-thread-1] INFO  server.RaftServerConfigKeys (ConfUtils.java:logGet(46)) - raft.server.rpc.timeout.max = 5200ms (custom)
2022-07-27 23:16:32,670 [pool-119-thread-1] INFO  server.RaftServerConfigKeys (ConfUtils.java:logGet(46)) - raft.server.rpc.sleep.time = 25ms (default)
2022-07-27 23:16:32,670 [pool-119-thread-1] INFO  server.RaftServerConfigKeys (ConfUtils.java:logGet(46)) - raft.server.rpc.slowness.timeout = 300s (custom)
2022-07-27 23:16:32,670 [pool-119-thread-1] INFO  server.RaftServerConfigKeys (ConfUtils.java:logGet(46)) - raft.server.leaderelection.leader.step-down.wait-time = 10s (default)
2022-07-27 23:16:32,670 [pool-119-thread-1] INFO  server.RaftServerConfigKeys (ConfUtils.java:logGet(46)) - raft.server.sleep.deviation.threshold = 300ms (default)
2022-07-27 23:16:32,670 [pool-119-thread-1] INFO  server.RaftServer$Division (ServerState.java:<init>(107)) - 4b6bcd3b-d6b3-4446-abce-c99d7a2dec67@group-E2172B0D6F3E: ConfigurationManager, init=-1: [4b6bcd3b-d6b3-4446-abce-c99d7a2dec67|rpc:10.1.0.23:34935|priority:1], old=null, confs=<EMPTY_MAP>
2022-07-27 23:16:32,670 [pool-119-thread-1] INFO  server.RaftServerConfigKeys (ConfUtils.java:logGet(46)) - raft.server.storage.dir = [/home/runner/work/ozone/ozone/hadoop-ozone/integration-test/target/test-dir/MiniOzoneClusterImpl-9e07804d-d88b-4889-9752-1ce24c589c62/datanode-2/data/ratis] (custom)
2022-07-27 23:16:32,670 [pool-119-thread-1] INFO  server.RaftServerConfigKeys (ConfUtils.java:logGet(46)) - raft.server.log.corruption.policy = EXCEPTION (default)
2022-07-27 23:16:32,670 [pool-119-thread-1] INFO  server.RaftServerConfigKeys (ConfUtils.java:logGet(46)) - raft.server.storage.free-space.min = 0MB (=0) (default)
2022-07-27 23:16:32,670 [pool-119-thread-1] INFO  storage.RaftStorageDirectory (RaftStorageDirectoryImpl.java:analyzeStorage(135)) - The storage directory /home/runner/work/ozone/ozone/hadoop-ozone/integration-test/target/test-dir/MiniOzoneClusterImpl-9e07804d-d88b-4889-9752-1ce24c589c62/datanode-2/data/ratis/1e9781b6-c544-47e7-94c6-e2172b0d6f3e does not exist. Creating ...
2022-07-27 23:16:32,671 [pool-96-thread-1] INFO  server.RaftServerConfigKeys (ConfUtils.java:logGet(46)) - raft.server.log.write.buffer.size = 1048576 (custom)
2022-07-27 23:16:32,671 [pool-96-thread-1] INFO  server.RaftServerConfigKeys (ConfUtils.java:logGet(46)) - raft.server.log.unsafe-flush.enabled = false (default)
2022-07-27 23:16:32,671 [pool-96-thread-1] INFO  server.RaftServerConfigKeys (ConfUtils.java:logGet(46)) - raft.server.log.statemachine.data.caching.enabled = true (custom)
2022-07-27 23:16:32,672 [pool-96-thread-1] INFO  segmented.SegmentedRaftLogWorker (SegmentedRaftLogWorker.java:lambda$new$0(135)) - d4d12f57-f56f-4c9c-ab62-903c4e3b8a60@group-14427373BA86-SegmentedRaftLogWorker: flushIndex: setUnconditionally 0 -> -1
2022-07-27 23:16:32,672 [pool-96-thread-1] INFO  segmented.SegmentedRaftLogWorker (SegmentedRaftLogWorker.java:lambda$new$0(135)) - d4d12f57-f56f-4c9c-ab62-903c4e3b8a60@group-14427373BA86-SegmentedRaftLogWorker: safeCacheEvictIndex: setUnconditionally 0 -> -1
2022-07-27 23:16:32,672 [pool-119-thread-1] INFO  storage.RaftStorageDirectory (RaftStorageDirectoryImpl.java:tryLock(230)) - Lock on /home/runner/work/ozone/ozone/hadoop-ozone/integration-test/target/test-dir/MiniOzoneClusterImpl-9e07804d-d88b-4889-9752-1ce24c589c62/datanode-2/data/ratis/1e9781b6-c544-47e7-94c6-e2172b0d6f3e/in_use.lock acquired by nodename 1474@fv-az129-30
2022-07-27 23:16:32,672 [Command processor thread] INFO  ratis.XceiverServerRatis (XceiverServerRatis.java:addGroup(765)) - Created group PipelineID=ddc81b98-8571-4ecf-9e9e-14427373ba86
2022-07-27 23:16:32,673 [pool-119-thread-1] INFO  storage.RaftStorage (RaftStorageImpl.java:format(89)) - Storage directory /home/runner/work/ozone/ozone/hadoop-ozone/integration-test/target/test-dir/MiniOzoneClusterImpl-9e07804d-d88b-4889-9752-1ce24c589c62/datanode-2/data/ratis/1e9781b6-c544-47e7-94c6-e2172b0d6f3e has been successfully formatted.
2022-07-27 23:16:32,678 [pool-96-thread-1] INFO  server.RaftServerConfigKeys (ConfUtils.java:logGet(46)) - raft.server.snapshot.auto.trigger.enabled = true (custom)
2022-07-27 23:16:32,678 [pool-96-thread-1] INFO  server.RaftServerConfigKeys (ConfUtils.java:logGet(46)) - raft.server.snapshot.auto.trigger.threshold = 10000 (custom)
2022-07-27 23:16:32,678 [pool-96-thread-1] INFO  server.RaftServerConfigKeys (ConfUtils.java:logGet(46)) - raft.server.snapshot.retention.file.num = 5 (custom)
2022-07-27 23:16:32,678 [pool-96-thread-1] INFO  server.RaftServerConfigKeys (ConfUtils.java:logGet(46)) - raft.server.log.purge.upto.snapshot.index = false (default)
2022-07-27 23:16:32,678 [pool-96-thread-1] INFO  server.RaftServerConfigKeys (ConfUtils.java:logGet(46)) - raft.server.retrycache.expirytime = 600000ms (custom)
2022-07-27 23:16:32,678 [pool-96-thread-1] INFO  server.RaftServerConfigKeys (ConfUtils.java:logGet(46)) - raft.server.retrycache.statistics.expirytime = 100μs (default)
2022-07-27 23:16:32,679 [pool-96-thread-1] INFO  server.RaftServerConfigKeys (ConfUtils.java:logGet(46)) - raft.server.log.appender.install.snapshot.enabled = false (custom)
2022-07-27 23:16:32,679 [pool-96-thread-1] INFO  server.RaftServerConfigKeys (ConfUtils.java:logGet(46)) - raft.server.threadpool.server.cached = true (default)
2022-07-27 23:16:32,679 [pool-96-thread-1] INFO  server.RaftServerConfigKeys (ConfUtils.java:logGet(46)) - raft.server.threadpool.server.size = 0 (default)
2022-07-27 23:16:32,679 [pool-96-thread-1] INFO  server.RaftServerConfigKeys (ConfUtils.java:logGet(46)) - raft.server.threadpool.client.cached = true (default)
2022-07-27 23:16:32,679 [pool-96-thread-1] INFO  server.RaftServerConfigKeys (ConfUtils.java:logGet(46)) - raft.server.threadpool.client.size = 0 (default)
2022-07-27 23:16:32,679 [pool-96-thread-1] INFO  server.RaftServer$Division (RaftServerImpl.java:start(310)) - d4d12f57-f56f-4c9c-ab62-903c4e3b8a60@group-14427373BA86: start as a follower, conf=-1: [2699f4c4-fa0c-4eec-a794-d1f1be832e07|rpc:10.1.0.23:42117|priority:0, d4d12f57-f56f-4c9c-ab62-903c4e3b8a60|rpc:10.1.0.23:42455|priority:0, 4b6bcd3b-d6b3-4446-abce-c99d7a2dec67|rpc:10.1.0.23:34935|priority:1], old=null
2022-07-27 23:16:32,679 [pool-96-thread-1] INFO  server.RaftServer$Division (RaftServerImpl.java:setRole(299)) - d4d12f57-f56f-4c9c-ab62-903c4e3b8a60@group-14427373BA86: changes role from      null to FOLLOWER at term 0 for startAsFollower
2022-07-27 23:16:32,679 [pool-96-thread-1] INFO  impl.RoleInfo (RoleInfo.java:updateAndGet(139)) - d4d12f57-f56f-4c9c-ab62-903c4e3b8a60: start d4d12f57-f56f-4c9c-ab62-903c4e3b8a60@group-14427373BA86-FollowerState
2022-07-27 23:16:32,680 [pool-96-thread-1] INFO  util.JmxRegister (JmxRegister.java:tryRegister(44)) - Successfully registered JMX Bean with object name Ratis:service=RaftServer,group=group-14427373BA86,id=d4d12f57-f56f-4c9c-ab62-903c4e3b8a60
2022-07-27 23:16:32,686 [pool-119-thread-1] INFO  ratis.ContainerStateMachine (ContainerStateMachine.java:loadSnapshot(236)) - group-E2172B0D6F3E: The snapshot info is null. Setting the last applied indexto:(t:0, i:~)
2022-07-27 23:16:32,687 [Command processor thread] INFO  ratis.XceiverServerRatis (XceiverServerRatis.java:addGroup(765)) - Created group PipelineID=ddc81b98-8571-4ecf-9e9e-14427373ba86
2022-07-27 23:16:32,687 [pool-119-thread-1] INFO  server.RaftServerConfigKeys (ConfUtils.java:logGet(46)) - raft.server.notification.no-leader.timeout = 300s (custom)
2022-07-27 23:16:32,687 [pool-119-thread-1] INFO  server.RaftServerConfigKeys (ConfUtils.java:logGet(46)) - raft.server.log.use.memory = false (default)
2022-07-27 23:16:32,687 [pool-119-thread-1] INFO  server.RaftServerConfigKeys (ConfUtils.java:logGet(46)) - raft.server.log.purge.gap = 1000000 (custom)
2022-07-27 23:16:32,688 [pool-119-thread-1] INFO  server.RaftServerConfigKeys (ConfUtils.java:logGet(46)) - raft.server.log.appender.buffer.byte-limit = 33554432 (custom)
2022-07-27 23:16:32,688 [pool-119-thread-1] INFO  server.RaftServerConfigKeys (ConfUtils.java:logGet(46)) - raft.server.log.statemachine.data.read.timeout = 1000ms (default)
2022-07-27 23:16:32,688 [pool-119-thread-1] INFO  server.RaftServerConfigKeys (ConfUtils.java:logGet(46)) - raft.server.log.segment.size.max = 1048576 (custom)
2022-07-27 23:16:32,688 [pool-119-thread-1] INFO  server.RaftServerConfigKeys (ConfUtils.java:logGet(46)) - raft.server.log.segment.cache.num.max = 2 (custom)
2022-07-27 23:16:32,688 [pool-119-thread-1] INFO  server.RaftServerConfigKeys (ConfUtils.java:logGet(46)) - raft.server.log.segment.cache.size.max = 200MB (=209715200) (default)
2022-07-27 23:16:32,688 [pool-119-thread-1] INFO  segmented.SegmentedRaftLogWorker (SegmentedRaftLogWorker.java:<init>(187)) - new 4b6bcd3b-d6b3-4446-abce-c99d7a2dec67@group-E2172B0D6F3E-SegmentedRaftLogWorker for RaftStorageImpl:Storage Directory /home/runner/work/ozone/ozone/hadoop-ozone/integration-test/target/test-dir/MiniOzoneClusterImpl-9e07804d-d88b-4889-9752-1ce24c589c62/datanode-2/data/ratis/1e9781b6-c544-47e7-94c6-e2172b0d6f3e
2022-07-27 23:16:32,688 [pool-119-thread-1] INFO  server.RaftServerConfigKeys (ConfUtils.java:logGet(46)) - raft.server.log.queue.byte-limit = 4294967296 (custom)
2022-07-27 23:16:32,688 [pool-119-thread-1] INFO  server.RaftServerConfigKeys (ConfUtils.java:logGet(46)) - raft.server.log.queue.element-limit = 1024 (custom)
2022-07-27 23:16:32,688 [pool-119-thread-1] INFO  server.RaftServerConfigKeys (ConfUtils.java:logGet(46)) - raft.server.log.segment.size.max = 1048576 (custom)
2022-07-27 23:16:32,688 [pool-119-thread-1] INFO  server.RaftServerConfigKeys (ConfUtils.java:logGet(46)) - raft.server.log.preallocated.size = 16384 (custom)
2022-07-27 23:16:32,688 [pool-119-thread-1] INFO  server.RaftServerConfigKeys (ConfUtils.java:logGet(46)) - raft.server.log.force.sync.num = 128 (default)
2022-07-27 23:16:32,688 [pool-119-thread-1] INFO  server.RaftServerConfigKeys (ConfUtils.java:logGet(46)) - raft.server.log.statemachine.data.sync = true (default)
2022-07-27 23:16:32,688 [pool-119-thread-1] INFO  server.RaftServerConfigKeys (ConfUtils.java:logGet(46)) - raft.server.log.statemachine.data.sync.timeout = 10s (default)
2022-07-27 23:16:32,688 [pool-119-thread-1] INFO  server.RaftServerConfigKeys (ConfUtils.java:logGet(46)) - raft.server.log.statemachine.data.sync.timeout.retry = -1 (default)
2022-07-27 23:16:32,689 [pool-119-thread-1] INFO  server.RaftServerConfigKeys (ConfUtils.java:logGet(46)) - raft.server.log.write.buffer.size = 1048576 (custom)
2022-07-27 23:16:32,690 [pool-119-thread-1] INFO  server.RaftServerConfigKeys (ConfUtils.java:logGet(46)) - raft.server.log.unsafe-flush.enabled = false (default)
2022-07-27 23:16:32,690 [pool-119-thread-1] INFO  server.RaftServerConfigKeys (ConfUtils.java:logGet(46)) - raft.server.log.statemachine.data.caching.enabled = true (custom)
2022-07-27 23:16:32,690 [pool-119-thread-1] INFO  segmented.SegmentedRaftLogWorker (SegmentedRaftLogWorker.java:lambda$new$0(135)) - 4b6bcd3b-d6b3-4446-abce-c99d7a2dec67@group-E2172B0D6F3E-SegmentedRaftLogWorker: flushIndex: setUnconditionally 0 -> -1
2022-07-27 23:16:32,690 [pool-119-thread-1] INFO  segmented.SegmentedRaftLogWorker (SegmentedRaftLogWorker.java:lambda$new$0(135)) - 4b6bcd3b-d6b3-4446-abce-c99d7a2dec67@group-E2172B0D6F3E-SegmentedRaftLogWorker: safeCacheEvictIndex: setUnconditionally 0 -> -1
2022-07-27 23:16:32,691 [pool-119-thread-1] INFO  server.RaftServerConfigKeys (ConfUtils.java:logGet(46)) - raft.server.snapshot.auto.trigger.enabled = true (custom)
2022-07-27 23:16:32,691 [pool-119-thread-1] INFO  server.RaftServerConfigKeys (ConfUtils.java:logGet(46)) - raft.server.snapshot.auto.trigger.threshold = 10000 (custom)
2022-07-27 23:16:32,691 [pool-119-thread-1] INFO  server.RaftServerConfigKeys (ConfUtils.java:logGet(46)) - raft.server.snapshot.retention.file.num = 5 (custom)
2022-07-27 23:16:32,691 [pool-119-thread-1] INFO  server.RaftServerConfigKeys (ConfUtils.java:logGet(46)) - raft.server.log.purge.upto.snapshot.index = false (default)
2022-07-27 23:16:32,691 [pool-119-thread-1] INFO  server.RaftServerConfigKeys (ConfUtils.java:logGet(46)) - raft.server.retrycache.expirytime = 600000ms (custom)
2022-07-27 23:16:32,691 [pool-119-thread-1] INFO  server.RaftServerConfigKeys (ConfUtils.java:logGet(46)) - raft.server.retrycache.statistics.expirytime = 100μs (default)
2022-07-27 23:16:32,692 [pool-119-thread-1] INFO  server.RaftServerConfigKeys (ConfUtils.java:logGet(46)) - raft.server.log.appender.install.snapshot.enabled = false (custom)
2022-07-27 23:16:32,692 [pool-119-thread-1] INFO  server.RaftServerConfigKeys (ConfUtils.java:logGet(46)) - raft.server.threadpool.server.cached = true (default)
2022-07-27 23:16:32,692 [pool-119-thread-1] INFO  server.RaftServerConfigKeys (ConfUtils.java:logGet(46)) - raft.server.threadpool.server.size = 0 (default)
2022-07-27 23:16:32,692 [pool-119-thread-1] INFO  server.RaftServerConfigKeys (ConfUtils.java:logGet(46)) - raft.server.threadpool.client.cached = true (default)
2022-07-27 23:16:32,692 [pool-119-thread-1] INFO  server.RaftServerConfigKeys (ConfUtils.java:logGet(46)) - raft.server.threadpool.client.size = 0 (default)
2022-07-27 23:16:32,692 [pool-119-thread-1] INFO  server.RaftServer$Division (RaftServerImpl.java:start(310)) - 4b6bcd3b-d6b3-4446-abce-c99d7a2dec67@group-E2172B0D6F3E: start as a follower, conf=-1: [4b6bcd3b-d6b3-4446-abce-c99d7a2dec67|rpc:10.1.0.23:34935|priority:1], old=null
2022-07-27 23:16:32,692 [pool-119-thread-1] INFO  server.RaftServer$Division (RaftServerImpl.java:setRole(299)) - 4b6bcd3b-d6b3-4446-abce-c99d7a2dec67@group-E2172B0D6F3E: changes role from      null to FOLLOWER at term 0 for startAsFollower
2022-07-27 23:16:32,692 [pool-119-thread-1] INFO  impl.RoleInfo (RoleInfo.java:updateAndGet(139)) - 4b6bcd3b-d6b3-4446-abce-c99d7a2dec67: start 4b6bcd3b-d6b3-4446-abce-c99d7a2dec67@group-E2172B0D6F3E-FollowerState
2022-07-27 23:16:32,692 [pool-119-thread-1] INFO  util.JmxRegister (JmxRegister.java:tryRegister(44)) - Successfully registered JMX Bean with object name Ratis:service=RaftServer,group=group-E2172B0D6F3E,id=4b6bcd3b-d6b3-4446-abce-c99d7a2dec67
2022-07-27 23:16:32,693 [Command processor thread] INFO  ratis.XceiverServerRatis (XceiverServerRatis.java:addGroup(765)) - Created group PipelineID=1e9781b6-c544-47e7-94c6-e2172b0d6f3e
2022-07-27 23:16:32,694 [Command processor thread] INFO  commandhandler.CreatePipelineCommandHandler (CreatePipelineCommandHandler.java:handle(113)) - Created Pipeline RATIS ONE PipelineID=1e9781b6-c544-47e7-94c6-e2172b0d6f3e.
2022-07-27 23:16:32,694 [Command processor thread] INFO  server.RaftServer (RaftServerProxy.java:addNew(96)) - 4b6bcd3b-d6b3-4446-abce-c99d7a2dec67: addNew group-14427373BA86:[2699f4c4-fa0c-4eec-a794-d1f1be832e07|rpc:10.1.0.23:42117|priority:0, d4d12f57-f56f-4c9c-ab62-903c4e3b8a60|rpc:10.1.0.23:42455|priority:0, 4b6bcd3b-d6b3-4446-abce-c99d7a2dec67|rpc:10.1.0.23:34935|priority:1] returns group-14427373BA86:java.util.concurrent.CompletableFuture@484076de[Not completed]
2022-07-27 23:16:32,697 [EventQueue-PipelineReportForPipelineReportHandler] INFO  pipeline.PipelineManagerImpl (PipelineManagerImpl.java:openPipeline(367)) - Pipeline Pipeline[ Id: 1e9781b6-c544-47e7-94c6-e2172b0d6f3e, Nodes: 4b6bcd3b-d6b3-4446-abce-c99d7a2dec67{ip: 10.1.0.23, host: fv-az129-30.sikifmtxjocetiwdfcy5r2sqla.phxx.internal.cloudapp.net, ports: [REPLICATION=34035, RATIS=34935, RATIS_ADMIN=34935, RATIS_SERVER=34935, STANDALONE=38471], networkLocation: /default-rack, certSerialId: null, persistedOpState: IN_SERVICE, persistedOpStateExpiryEpochSec: 0}, ReplicationConfig: RATIS/ONE, State:ALLOCATED, leaderId:4b6bcd3b-d6b3-4446-abce-c99d7a2dec67, CreationTimestamp2022-07-27T23:16:29.672Z[Etc/UTC]] moved to OPEN state
2022-07-27 23:16:32,698 [EventQueue-OpenPipelineForHealthyPipelineSafeModeRule] INFO  safemode.SCMSafeModeManager (HealthyPipelineSafeModeRule.java:process(137)) - SCM in safe mode. Healthy pipelines reported count is 0, required healthy pipeline reported count is 1
2022-07-27 23:16:32,698 [pool-119-thread-1] INFO  server.RaftServer$Division (RaftServerImpl.java:<init>(190)) - 4b6bcd3b-d6b3-4446-abce-c99d7a2dec67: new RaftServerImpl for group-14427373BA86:[2699f4c4-fa0c-4eec-a794-d1f1be832e07|rpc:10.1.0.23:42117|priority:0, d4d12f57-f56f-4c9c-ab62-903c4e3b8a60|rpc:10.1.0.23:42455|priority:0, 4b6bcd3b-d6b3-4446-abce-c99d7a2dec67|rpc:10.1.0.23:34935|priority:1] with ContainerStateMachine:uninitialized
2022-07-27 23:16:32,700 [pool-119-thread-1] INFO  server.RaftServerConfigKeys (ConfUtils.java:logGet(46)) - raft.server.rpc.timeout.min = 5s (custom)
2022-07-27 23:16:32,700 [pool-119-thread-1] INFO  server.RaftServerConfigKeys (ConfUtils.java:logGet(46)) - raft.server.rpc.timeout.max = 5200ms (custom)
2022-07-27 23:16:32,701 [pool-119-thread-1] INFO  server.RaftServerConfigKeys (ConfUtils.java:logGet(46)) - raft.server.rpc.sleep.time = 25ms (default)
2022-07-27 23:16:32,701 [pool-119-thread-1] INFO  server.RaftServerConfigKeys (ConfUtils.java:logGet(46)) - raft.server.rpc.slowness.timeout = 300s (custom)
2022-07-27 23:16:32,701 [pool-119-thread-1] INFO  server.RaftServerConfigKeys (ConfUtils.java:logGet(46)) - raft.server.leaderelection.leader.step-down.wait-time = 10s (default)
2022-07-27 23:16:32,701 [pool-119-thread-1] INFO  server.RaftServerConfigKeys (ConfUtils.java:logGet(46)) - raft.server.sleep.deviation.threshold = 300ms (default)
2022-07-27 23:16:32,701 [pool-119-thread-1] INFO  server.RaftServer$Division (ServerState.java:<init>(107)) - 4b6bcd3b-d6b3-4446-abce-c99d7a2dec67@group-14427373BA86: ConfigurationManager, init=-1: [2699f4c4-fa0c-4eec-a794-d1f1be832e07|rpc:10.1.0.23:42117|priority:0, d4d12f57-f56f-4c9c-ab62-903c4e3b8a60|rpc:10.1.0.23:42455|priority:0, 4b6bcd3b-d6b3-4446-abce-c99d7a2dec67|rpc:10.1.0.23:34935|priority:1], old=null, confs=<EMPTY_MAP>
2022-07-27 23:16:32,701 [pool-119-thread-1] INFO  server.RaftServerConfigKeys (ConfUtils.java:logGet(46)) - raft.server.storage.dir = [/home/runner/work/ozone/ozone/hadoop-ozone/integration-test/target/test-dir/MiniOzoneClusterImpl-9e07804d-d88b-4889-9752-1ce24c589c62/datanode-2/data/ratis] (custom)
2022-07-27 23:16:32,701 [pool-119-thread-1] INFO  server.RaftServerConfigKeys (ConfUtils.java:logGet(46)) - raft.server.log.corruption.policy = EXCEPTION (default)
2022-07-27 23:16:32,701 [pool-119-thread-1] INFO  server.RaftServerConfigKeys (ConfUtils.java:logGet(46)) - raft.server.storage.free-space.min = 0MB (=0) (default)
2022-07-27 23:16:32,701 [pool-119-thread-1] INFO  storage.RaftStorageDirectory (RaftStorageDirectoryImpl.java:analyzeStorage(135)) - The storage directory /home/runner/work/ozone/ozone/hadoop-ozone/integration-test/target/test-dir/MiniOzoneClusterImpl-9e07804d-d88b-4889-9752-1ce24c589c62/datanode-2/data/ratis/ddc81b98-8571-4ecf-9e9e-14427373ba86 does not exist. Creating ...
2022-07-27 23:16:32,710 [pool-119-thread-1] INFO  storage.RaftStorageDirectory (RaftStorageDirectoryImpl.java:tryLock(230)) - Lock on /home/runner/work/ozone/ozone/hadoop-ozone/integration-test/target/test-dir/MiniOzoneClusterImpl-9e07804d-d88b-4889-9752-1ce24c589c62/datanode-2/data/ratis/ddc81b98-8571-4ecf-9e9e-14427373ba86/in_use.lock acquired by nodename 1474@fv-az129-30
2022-07-27 23:16:32,712 [pool-119-thread-1] INFO  storage.RaftStorage (RaftStorageImpl.java:format(89)) - Storage directory /home/runner/work/ozone/ozone/hadoop-ozone/integration-test/target/test-dir/MiniOzoneClusterImpl-9e07804d-d88b-4889-9752-1ce24c589c62/datanode-2/data/ratis/ddc81b98-8571-4ecf-9e9e-14427373ba86 has been successfully formatted.
2022-07-27 23:16:32,714 [pool-119-thread-1] INFO  ratis.ContainerStateMachine (ContainerStateMachine.java:loadSnapshot(236)) - group-14427373BA86: The snapshot info is null. Setting the last applied indexto:(t:0, i:~)
2022-07-27 23:16:32,714 [pool-119-thread-1] INFO  server.RaftServerConfigKeys (ConfUtils.java:logGet(46)) - raft.server.notification.no-leader.timeout = 300s (custom)
2022-07-27 23:16:32,714 [pool-119-thread-1] INFO  server.RaftServerConfigKeys (ConfUtils.java:logGet(46)) - raft.server.log.use.memory = false (default)
2022-07-27 23:16:32,714 [pool-119-thread-1] INFO  server.RaftServerConfigKeys (ConfUtils.java:logGet(46)) - raft.server.log.purge.gap = 1000000 (custom)
2022-07-27 23:16:32,714 [pool-119-thread-1] INFO  server.RaftServerConfigKeys (ConfUtils.java:logGet(46)) - raft.server.log.appender.buffer.byte-limit = 33554432 (custom)
2022-07-27 23:16:32,714 [pool-119-thread-1] INFO  server.RaftServerConfigKeys (ConfUtils.java:logGet(46)) - raft.server.log.statemachine.data.read.timeout = 1000ms (default)
2022-07-27 23:16:32,714 [pool-119-thread-1] INFO  server.RaftServerConfigKeys (ConfUtils.java:logGet(46)) - raft.server.log.segment.size.max = 1048576 (custom)
2022-07-27 23:16:32,715 [pool-119-thread-1] INFO  server.RaftServerConfigKeys (ConfUtils.java:logGet(46)) - raft.server.log.segment.cache.num.max = 2 (custom)
2022-07-27 23:16:32,715 [pool-119-thread-1] INFO  server.RaftServerConfigKeys (ConfUtils.java:logGet(46)) - raft.server.log.segment.cache.size.max = 200MB (=209715200) (default)
2022-07-27 23:16:32,715 [pool-119-thread-1] INFO  segmented.SegmentedRaftLogWorker (SegmentedRaftLogWorker.java:<init>(187)) - new 4b6bcd3b-d6b3-4446-abce-c99d7a2dec67@group-14427373BA86-SegmentedRaftLogWorker for RaftStorageImpl:Storage Directory /home/runner/work/ozone/ozone/hadoop-ozone/integration-test/target/test-dir/MiniOzoneClusterImpl-9e07804d-d88b-4889-9752-1ce24c589c62/datanode-2/data/ratis/ddc81b98-8571-4ecf-9e9e-14427373ba86
2022-07-27 23:16:32,715 [pool-119-thread-1] INFO  server.RaftServerConfigKeys (ConfUtils.java:logGet(46)) - raft.server.log.queue.byte-limit = 4294967296 (custom)
2022-07-27 23:16:32,715 [pool-119-thread-1] INFO  server.RaftServerConfigKeys (ConfUtils.java:logGet(46)) - raft.server.log.queue.element-limit = 1024 (custom)
2022-07-27 23:16:32,715 [pool-119-thread-1] INFO  server.RaftServerConfigKeys (ConfUtils.java:logGet(46)) - raft.server.log.segment.size.max = 1048576 (custom)
2022-07-27 23:16:32,715 [pool-119-thread-1] INFO  server.RaftServerConfigKeys (ConfUtils.java:logGet(46)) - raft.server.log.preallocated.size = 16384 (custom)
2022-07-27 23:16:32,715 [pool-119-thread-1] INFO  server.RaftServerConfigKeys (ConfUtils.java:logGet(46)) - raft.server.log.force.sync.num = 128 (default)
2022-07-27 23:16:32,715 [pool-119-thread-1] INFO  server.RaftServerConfigKeys (ConfUtils.java:logGet(46)) - raft.server.log.statemachine.data.sync = true (default)
2022-07-27 23:16:32,715 [pool-119-thread-1] INFO  server.RaftServerConfigKeys (ConfUtils.java:logGet(46)) - raft.server.log.statemachine.data.sync.timeout = 10s (default)
2022-07-27 23:16:32,715 [pool-119-thread-1] INFO  server.RaftServerConfigKeys (ConfUtils.java:logGet(46)) - raft.server.log.statemachine.data.sync.timeout.retry = -1 (default)
2022-07-27 23:16:32,719 [EventQueue-OpenPipelineForHealthyPipelineSafeModeRule] INFO  safemode.SCMSafeModeManager (HealthyPipelineSafeModeRule.java:process(137)) - SCM in safe mode. Healthy pipelines reported count is 0, required healthy pipeline reported count is 1
2022-07-27 23:16:32,721 [pool-119-thread-1] INFO  server.RaftServerConfigKeys (ConfUtils.java:logGet(46)) - raft.server.log.write.buffer.size = 1048576 (custom)
2022-07-27 23:16:32,722 [pool-119-thread-1] INFO  server.RaftServerConfigKeys (ConfUtils.java:logGet(46)) - raft.server.log.unsafe-flush.enabled = false (default)
2022-07-27 23:16:32,722 [pool-119-thread-1] INFO  server.RaftServerConfigKeys (ConfUtils.java:logGet(46)) - raft.server.log.statemachine.data.caching.enabled = true (custom)
2022-07-27 23:16:32,722 [pool-119-thread-1] INFO  segmented.SegmentedRaftLogWorker (SegmentedRaftLogWorker.java:lambda$new$0(135)) - 4b6bcd3b-d6b3-4446-abce-c99d7a2dec67@group-14427373BA86-SegmentedRaftLogWorker: flushIndex: setUnconditionally 0 -> -1
2022-07-27 23:16:32,722 [pool-119-thread-1] INFO  segmented.SegmentedRaftLogWorker (SegmentedRaftLogWorker.java:lambda$new$0(135)) - 4b6bcd3b-d6b3-4446-abce-c99d7a2dec67@group-14427373BA86-SegmentedRaftLogWorker: safeCacheEvictIndex: setUnconditionally 0 -> -1
2022-07-27 23:16:32,728 [pool-119-thread-1] INFO  server.RaftServerConfigKeys (ConfUtils.java:logGet(46)) - raft.server.snapshot.auto.trigger.enabled = true (custom)
2022-07-27 23:16:32,728 [pool-119-thread-1] INFO  server.RaftServerConfigKeys (ConfUtils.java:logGet(46)) - raft.server.snapshot.auto.trigger.threshold = 10000 (custom)
2022-07-27 23:16:32,728 [pool-119-thread-1] INFO  server.RaftServerConfigKeys (ConfUtils.java:logGet(46)) - raft.server.snapshot.retention.file.num = 5 (custom)
2022-07-27 23:16:32,728 [pool-119-thread-1] INFO  server.RaftServerConfigKeys (ConfUtils.java:logGet(46)) - raft.server.log.purge.upto.snapshot.index = false (default)
2022-07-27 23:16:32,728 [pool-119-thread-1] INFO  server.RaftServerConfigKeys (ConfUtils.java:logGet(46)) - raft.server.retrycache.expirytime = 600000ms (custom)
2022-07-27 23:16:32,728 [pool-119-thread-1] INFO  server.RaftServerConfigKeys (ConfUtils.java:logGet(46)) - raft.server.retrycache.statistics.expirytime = 100μs (default)
2022-07-27 23:16:32,729 [pool-119-thread-1] INFO  server.RaftServerConfigKeys (ConfUtils.java:logGet(46)) - raft.server.log.appender.install.snapshot.enabled = false (custom)
2022-07-27 23:16:32,730 [pool-119-thread-1] INFO  server.RaftServerConfigKeys (ConfUtils.java:logGet(46)) - raft.server.threadpool.server.cached = true (default)
2022-07-27 23:16:32,730 [pool-119-thread-1] INFO  server.RaftServerConfigKeys (ConfUtils.java:logGet(46)) - raft.server.threadpool.server.size = 0 (default)
2022-07-27 23:16:32,730 [pool-119-thread-1] INFO  server.RaftServerConfigKeys (ConfUtils.java:logGet(46)) - raft.server.threadpool.client.cached = true (default)
2022-07-27 23:16:32,730 [pool-119-thread-1] INFO  server.RaftServerConfigKeys (ConfUtils.java:logGet(46)) - raft.server.threadpool.client.size = 0 (default)
2022-07-27 23:16:32,730 [pool-119-thread-1] INFO  server.RaftServer$Division (RaftServerImpl.java:start(310)) - 4b6bcd3b-d6b3-4446-abce-c99d7a2dec67@group-14427373BA86: start as a follower, conf=-1: [2699f4c4-fa0c-4eec-a794-d1f1be832e07|rpc:10.1.0.23:42117|priority:0, d4d12f57-f56f-4c9c-ab62-903c4e3b8a60|rpc:10.1.0.23:42455|priority:0, 4b6bcd3b-d6b3-4446-abce-c99d7a2dec67|rpc:10.1.0.23:34935|priority:1], old=null
2022-07-27 23:16:32,730 [pool-119-thread-1] INFO  server.RaftServer$Division (RaftServerImpl.java:setRole(299)) - 4b6bcd3b-d6b3-4446-abce-c99d7a2dec67@group-14427373BA86: changes role from      null to FOLLOWER at term 0 for startAsFollower
2022-07-27 23:16:32,731 [pool-119-thread-1] INFO  impl.RoleInfo (RoleInfo.java:updateAndGet(139)) - 4b6bcd3b-d6b3-4446-abce-c99d7a2dec67: start 4b6bcd3b-d6b3-4446-abce-c99d7a2dec67@group-14427373BA86-FollowerState
2022-07-27 23:16:32,731 [pool-119-thread-1] INFO  util.JmxRegister (JmxRegister.java:tryRegister(44)) - Successfully registered JMX Bean with object name Ratis:service=RaftServer,group=group-14427373BA86,id=4b6bcd3b-d6b3-4446-abce-c99d7a2dec67
2022-07-27 23:16:32,732 [Command processor thread] INFO  ratis.XceiverServerRatis (XceiverServerRatis.java:addGroup(765)) - Created group PipelineID=ddc81b98-8571-4ecf-9e9e-14427373ba86
2022-07-27 23:16:32,812 [Command processor thread] INFO  commandhandler.CreatePipelineCommandHandler (CreatePipelineCommandHandler.java:handle(113)) - Created Pipeline RATIS THREE PipelineID=ddc81b98-8571-4ecf-9e9e-14427373ba86.
2022-07-27 23:16:32,815 [Command processor thread] INFO  commandhandler.CreatePipelineCommandHandler (CreatePipelineCommandHandler.java:handle(113)) - Created Pipeline RATIS THREE PipelineID=ddc81b98-8571-4ecf-9e9e-14427373ba86.
2022-07-27 23:16:32,822 [Command processor thread] INFO  commandhandler.CreatePipelineCommandHandler (CreatePipelineCommandHandler.java:handle(113)) - Created Pipeline RATIS THREE PipelineID=ddc81b98-8571-4ecf-9e9e-14427373ba86.
2022-07-27 23:16:32,973 [Command processor thread] INFO  server.RaftServer (RaftServerProxy.java:addNew(96)) - 8af6e6d9-b6c9-4f99-9118-f3886685fdcb: addNew group-F86EE71F06BD:[8af6e6d9-b6c9-4f99-9118-f3886685fdcb|rpc:10.1.0.23:34069|priority:1] returns group-F86EE71F06BD:java.util.concurrent.CompletableFuture@3faa231c[Not completed]
2022-07-27 23:16:32,983 [pool-142-thread-1] INFO  server.RaftServer$Division (RaftServerImpl.java:<init>(190)) - 8af6e6d9-b6c9-4f99-9118-f3886685fdcb: new RaftServerImpl for group-F86EE71F06BD:[8af6e6d9-b6c9-4f99-9118-f3886685fdcb|rpc:10.1.0.23:34069|priority:1] with ContainerStateMachine:uninitialized
2022-07-27 23:16:32,984 [pool-142-thread-1] INFO  server.RaftServerConfigKeys (ConfUtils.java:logGet(46)) - raft.server.rpc.timeout.min = 5s (custom)
2022-07-27 23:16:32,984 [pool-142-thread-1] INFO  server.RaftServerConfigKeys (ConfUtils.java:logGet(46)) - raft.server.rpc.timeout.max = 5200ms (custom)
2022-07-27 23:16:32,984 [pool-142-thread-1] INFO  server.RaftServerConfigKeys (ConfUtils.java:logGet(46)) - raft.server.rpc.sleep.time = 25ms (default)
2022-07-27 23:16:32,984 [pool-142-thread-1] INFO  server.RaftServerConfigKeys (ConfUtils.java:logGet(46)) - raft.server.rpc.slowness.timeout = 300s (custom)
2022-07-27 23:16:32,984 [pool-142-thread-1] INFO  server.RaftServerConfigKeys (ConfUtils.java:logGet(46)) - raft.server.leaderelection.leader.step-down.wait-time = 10s (default)
2022-07-27 23:16:32,984 [pool-142-thread-1] INFO  server.RaftServerConfigKeys (ConfUtils.java:logGet(46)) - raft.server.sleep.deviation.threshold = 300ms (default)
2022-07-27 23:16:32,984 [pool-142-thread-1] INFO  server.RaftServer$Division (ServerState.java:<init>(107)) - 8af6e6d9-b6c9-4f99-9118-f3886685fdcb@group-F86EE71F06BD: ConfigurationManager, init=-1: [8af6e6d9-b6c9-4f99-9118-f3886685fdcb|rpc:10.1.0.23:34069|priority:1], old=null, confs=<EMPTY_MAP>
2022-07-27 23:16:32,984 [pool-142-thread-1] INFO  server.RaftServerConfigKeys (ConfUtils.java:logGet(46)) - raft.server.storage.dir = [/home/runner/work/ozone/ozone/hadoop-ozone/integration-test/target/test-dir/MiniOzoneClusterImpl-9e07804d-d88b-4889-9752-1ce24c589c62/datanode-3/data/ratis] (custom)
2022-07-27 23:16:32,984 [pool-142-thread-1] INFO  server.RaftServerConfigKeys (ConfUtils.java:logGet(46)) - raft.server.log.corruption.policy = EXCEPTION (default)
2022-07-27 23:16:32,984 [pool-142-thread-1] INFO  server.RaftServerConfigKeys (ConfUtils.java:logGet(46)) - raft.server.storage.free-space.min = 0MB (=0) (default)
2022-07-27 23:16:32,984 [pool-142-thread-1] INFO  storage.RaftStorageDirectory (RaftStorageDirectoryImpl.java:analyzeStorage(135)) - The storage directory /home/runner/work/ozone/ozone/hadoop-ozone/integration-test/target/test-dir/MiniOzoneClusterImpl-9e07804d-d88b-4889-9752-1ce24c589c62/datanode-3/data/ratis/9962c781-f6d6-4348-8585-f86ee71f06bd does not exist. Creating ...
2022-07-27 23:16:32,985 [pool-142-thread-1] INFO  storage.RaftStorageDirectory (RaftStorageDirectoryImpl.java:tryLock(230)) - Lock on /home/runner/work/ozone/ozone/hadoop-ozone/integration-test/target/test-dir/MiniOzoneClusterImpl-9e07804d-d88b-4889-9752-1ce24c589c62/datanode-3/data/ratis/9962c781-f6d6-4348-8585-f86ee71f06bd/in_use.lock acquired by nodename 1474@fv-az129-30
2022-07-27 23:16:32,987 [pool-142-thread-1] INFO  storage.RaftStorage (RaftStorageImpl.java:format(89)) - Storage directory /home/runner/work/ozone/ozone/hadoop-ozone/integration-test/target/test-dir/MiniOzoneClusterImpl-9e07804d-d88b-4889-9752-1ce24c589c62/datanode-3/data/ratis/9962c781-f6d6-4348-8585-f86ee71f06bd has been successfully formatted.
2022-07-27 23:16:32,988 [pool-142-thread-1] INFO  ratis.ContainerStateMachine (ContainerStateMachine.java:loadSnapshot(236)) - group-F86EE71F06BD: The snapshot info is null. Setting the last applied indexto:(t:0, i:~)
2022-07-27 23:16:32,992 [pool-142-thread-1] INFO  server.RaftServerConfigKeys (ConfUtils.java:logGet(46)) - raft.server.notification.no-leader.timeout = 300s (custom)
2022-07-27 23:16:32,992 [pool-142-thread-1] INFO  server.RaftServerConfigKeys (ConfUtils.java:logGet(46)) - raft.server.log.use.memory = false (default)
2022-07-27 23:16:32,993 [pool-142-thread-1] INFO  server.RaftServerConfigKeys (ConfUtils.java:logGet(46)) - raft.server.log.purge.gap = 1000000 (custom)
2022-07-27 23:16:32,993 [pool-142-thread-1] INFO  server.RaftServerConfigKeys (ConfUtils.java:logGet(46)) - raft.server.log.appender.buffer.byte-limit = 33554432 (custom)
2022-07-27 23:16:32,993 [pool-142-thread-1] INFO  server.RaftServerConfigKeys (ConfUtils.java:logGet(46)) - raft.server.log.statemachine.data.read.timeout = 1000ms (default)
2022-07-27 23:16:32,993 [pool-142-thread-1] INFO  server.RaftServerConfigKeys (ConfUtils.java:logGet(46)) - raft.server.log.segment.size.max = 1048576 (custom)
2022-07-27 23:16:32,994 [pool-142-thread-1] INFO  server.RaftServerConfigKeys (ConfUtils.java:logGet(46)) - raft.server.log.segment.cache.num.max = 2 (custom)
2022-07-27 23:16:32,994 [pool-142-thread-1] INFO  server.RaftServerConfigKeys (ConfUtils.java:logGet(46)) - raft.server.log.segment.cache.size.max = 200MB (=209715200) (default)
2022-07-27 23:16:32,994 [pool-142-thread-1] INFO  segmented.SegmentedRaftLogWorker (SegmentedRaftLogWorker.java:<init>(187)) - new 8af6e6d9-b6c9-4f99-9118-f3886685fdcb@group-F86EE71F06BD-SegmentedRaftLogWorker for RaftStorageImpl:Storage Directory /home/runner/work/ozone/ozone/hadoop-ozone/integration-test/target/test-dir/MiniOzoneClusterImpl-9e07804d-d88b-4889-9752-1ce24c589c62/datanode-3/data/ratis/9962c781-f6d6-4348-8585-f86ee71f06bd
2022-07-27 23:16:32,994 [pool-142-thread-1] INFO  server.RaftServerConfigKeys (ConfUtils.java:logGet(46)) - raft.server.log.queue.byte-limit = 4294967296 (custom)
2022-07-27 23:16:32,994 [pool-142-thread-1] INFO  server.RaftServerConfigKeys (ConfUtils.java:logGet(46)) - raft.server.log.queue.element-limit = 1024 (custom)
2022-07-27 23:16:32,994 [pool-142-thread-1] INFO  server.RaftServerConfigKeys (ConfUtils.java:logGet(46)) - raft.server.log.segment.size.max = 1048576 (custom)
2022-07-27 23:16:32,994 [pool-142-thread-1] INFO  server.RaftServerConfigKeys (ConfUtils.java:logGet(46)) - raft.server.log.preallocated.size = 16384 (custom)
2022-07-27 23:16:32,994 [pool-142-thread-1] INFO  server.RaftServerConfigKeys (ConfUtils.java:logGet(46)) - raft.server.log.force.sync.num = 128 (default)
2022-07-27 23:16:32,994 [pool-142-thread-1] INFO  server.RaftServerConfigKeys (ConfUtils.java:logGet(46)) - raft.server.log.statemachine.data.sync = true (default)
2022-07-27 23:16:32,994 [pool-142-thread-1] INFO  server.RaftServerConfigKeys (ConfUtils.java:logGet(46)) - raft.server.log.statemachine.data.sync.timeout = 10s (default)
2022-07-27 23:16:32,994 [pool-142-thread-1] INFO  server.RaftServerConfigKeys (ConfUtils.java:logGet(46)) - raft.server.log.statemachine.data.sync.timeout.retry = -1 (default)
2022-07-27 23:16:32,996 [pool-142-thread-1] INFO  server.RaftServerConfigKeys (ConfUtils.java:logGet(46)) - raft.server.log.write.buffer.size = 1048576 (custom)
2022-07-27 23:16:32,996 [pool-142-thread-1] INFO  server.RaftServerConfigKeys (ConfUtils.java:logGet(46)) - raft.server.log.unsafe-flush.enabled = false (default)
2022-07-27 23:16:32,996 [pool-142-thread-1] INFO  server.RaftServerConfigKeys (ConfUtils.java:logGet(46)) - raft.server.log.statemachine.data.caching.enabled = true (custom)
2022-07-27 23:16:32,997 [pool-142-thread-1] INFO  segmented.SegmentedRaftLogWorker (SegmentedRaftLogWorker.java:lambda$new$0(135)) - 8af6e6d9-b6c9-4f99-9118-f3886685fdcb@group-F86EE71F06BD-SegmentedRaftLogWorker: flushIndex: setUnconditionally 0 -> -1
2022-07-27 23:16:32,997 [pool-142-thread-1] INFO  segmented.SegmentedRaftLogWorker (SegmentedRaftLogWorker.java:lambda$new$0(135)) - 8af6e6d9-b6c9-4f99-9118-f3886685fdcb@group-F86EE71F06BD-SegmentedRaftLogWorker: safeCacheEvictIndex: setUnconditionally 0 -> -1
2022-07-27 23:16:32,997 [pool-142-thread-1] INFO  server.RaftServerConfigKeys (ConfUtils.java:logGet(46)) - raft.server.snapshot.auto.trigger.enabled = true (custom)
2022-07-27 23:16:32,997 [pool-142-thread-1] INFO  server.RaftServerConfigKeys (ConfUtils.java:logGet(46)) - raft.server.snapshot.auto.trigger.threshold = 10000 (custom)
2022-07-27 23:16:32,997 [EventQueue-PipelineReportForPipelineReportHandler] INFO  pipeline.PipelineManagerImpl (PipelineManagerImpl.java:openPipeline(367)) - Pipeline Pipeline[ Id: 9962c781-f6d6-4348-8585-f86ee71f06bd, Nodes: 8af6e6d9-b6c9-4f99-9118-f3886685fdcb{ip: 10.1.0.23, host: fv-az129-30.sikifmtxjocetiwdfcy5r2sqla.phxx.internal.cloudapp.net, ports: [REPLICATION=44737, RATIS=34069, RATIS_ADMIN=34069, RATIS_SERVER=34069, STANDALONE=42439], networkLocation: /default-rack, certSerialId: null, persistedOpState: IN_SERVICE, persistedOpStateExpiryEpochSec: 0}, ReplicationConfig: RATIS/ONE, State:ALLOCATED, leaderId:8af6e6d9-b6c9-4f99-9118-f3886685fdcb, CreationTimestamp2022-07-27T23:16:29.975Z[Etc/UTC]] moved to OPEN state
2022-07-27 23:16:32,998 [EventQueue-OpenPipelineForHealthyPipelineSafeModeRule] INFO  safemode.SCMSafeModeManager (HealthyPipelineSafeModeRule.java:process(137)) - SCM in safe mode. Healthy pipelines reported count is 0, required healthy pipeline reported count is 1
2022-07-27 23:16:32,999 [pool-142-thread-1] INFO  server.RaftServerConfigKeys (ConfUtils.java:logGet(46)) - raft.server.snapshot.retention.file.num = 5 (custom)
2022-07-27 23:16:33,007 [pool-142-thread-1] INFO  server.RaftServerConfigKeys (ConfUtils.java:logGet(46)) - raft.server.log.purge.upto.snapshot.index = false (default)
2022-07-27 23:16:33,007 [pool-142-thread-1] INFO  server.RaftServerConfigKeys (ConfUtils.java:logGet(46)) - raft.server.retrycache.expirytime = 600000ms (custom)
2022-07-27 23:16:33,007 [pool-142-thread-1] INFO  server.RaftServerConfigKeys (ConfUtils.java:logGet(46)) - raft.server.retrycache.statistics.expirytime = 100μs (default)
2022-07-27 23:16:33,008 [pool-142-thread-1] INFO  server.RaftServerConfigKeys (ConfUtils.java:logGet(46)) - raft.server.log.appender.install.snapshot.enabled = false (custom)
2022-07-27 23:16:33,008 [pool-142-thread-1] INFO  server.RaftServerConfigKeys (ConfUtils.java:logGet(46)) - raft.server.threadpool.server.cached = true (default)
2022-07-27 23:16:33,008 [pool-142-thread-1] INFO  server.RaftServerConfigKeys (ConfUtils.java:logGet(46)) - raft.server.threadpool.server.size = 0 (default)
2022-07-27 23:16:33,008 [pool-142-thread-1] INFO  server.RaftServerConfigKeys (ConfUtils.java:logGet(46)) - raft.server.threadpool.client.cached = true (default)
2022-07-27 23:16:33,008 [pool-142-thread-1] INFO  server.RaftServerConfigKeys (ConfUtils.java:logGet(46)) - raft.server.threadpool.client.size = 0 (default)
2022-07-27 23:16:33,008 [pool-142-thread-1] INFO  server.RaftServer$Division (RaftServerImpl.java:start(310)) - 8af6e6d9-b6c9-4f99-9118-f3886685fdcb@group-F86EE71F06BD: start as a follower, conf=-1: [8af6e6d9-b6c9-4f99-9118-f3886685fdcb|rpc:10.1.0.23:34069|priority:1], old=null
2022-07-27 23:16:33,008 [pool-142-thread-1] INFO  server.RaftServer$Division (RaftServerImpl.java:setRole(299)) - 8af6e6d9-b6c9-4f99-9118-f3886685fdcb@group-F86EE71F06BD: changes role from      null to FOLLOWER at term 0 for startAsFollower
2022-07-27 23:16:33,009 [pool-142-thread-1] INFO  impl.RoleInfo (RoleInfo.java:updateAndGet(139)) - 8af6e6d9-b6c9-4f99-9118-f3886685fdcb: start 8af6e6d9-b6c9-4f99-9118-f3886685fdcb@group-F86EE71F06BD-FollowerState
2022-07-27 23:16:33,009 [pool-142-thread-1] INFO  util.JmxRegister (JmxRegister.java:tryRegister(44)) - Successfully registered JMX Bean with object name Ratis:service=RaftServer,group=group-F86EE71F06BD,id=8af6e6d9-b6c9-4f99-9118-f3886685fdcb
2022-07-27 23:16:33,010 [Command processor thread] INFO  ratis.XceiverServerRatis (XceiverServerRatis.java:addGroup(765)) - Created group PipelineID=9962c781-f6d6-4348-8585-f86ee71f06bd
2022-07-27 23:16:33,010 [Command processor thread] INFO  commandhandler.CreatePipelineCommandHandler (CreatePipelineCommandHandler.java:handle(113)) - Created Pipeline RATIS ONE PipelineID=9962c781-f6d6-4348-8585-f86ee71f06bd.
2022-07-27 23:16:33,250 [Command processor thread] INFO  server.RaftServer (RaftServerProxy.java:addNew(96)) - d7b59a12-ffae-4927-b8fa-810822d92135: addNew group-C463B5C87882:[d7b59a12-ffae-4927-b8fa-810822d92135|rpc:10.1.0.23:37019|priority:1] returns group-C463B5C87882:java.util.concurrent.CompletableFuture@3000fda3[Not completed]
2022-07-27 23:16:33,251 [Listener at 127.0.0.1/44809] INFO  ozone.MiniOzoneClusterImpl (MiniOzoneClusterImpl.java:lambda$waitForClusterToBeReady$0(216)) - Nodes are ready. Got 5 of 5 DN Heartbeats.
2022-07-27 23:16:33,251 [Listener at 127.0.0.1/44809] INFO  ozone.MiniOzoneClusterImpl (MiniOzoneClusterImpl.java:lambda$waitForClusterToBeReady$0(219)) - Waiting for cluster to exit safe mode
2022-07-27 23:16:33,251 [Listener at 127.0.0.1/44809] INFO  ozone.MiniOzoneClusterImpl (MiniOzoneClusterImpl.java:lambda$waitForClusterToBeReady$0(221)) - SCM became leader
2022-07-27 23:16:33,256 [pool-165-thread-1] INFO  server.RaftServer$Division (RaftServerImpl.java:<init>(190)) - d7b59a12-ffae-4927-b8fa-810822d92135: new RaftServerImpl for group-C463B5C87882:[d7b59a12-ffae-4927-b8fa-810822d92135|rpc:10.1.0.23:37019|priority:1] with ContainerStateMachine:uninitialized
2022-07-27 23:16:33,257 [pool-165-thread-1] INFO  server.RaftServerConfigKeys (ConfUtils.java:logGet(46)) - raft.server.rpc.timeout.min = 5s (custom)
2022-07-27 23:16:33,257 [pool-165-thread-1] INFO  server.RaftServerConfigKeys (ConfUtils.java:logGet(46)) - raft.server.rpc.timeout.max = 5200ms (custom)
2022-07-27 23:16:33,257 [pool-165-thread-1] INFO  server.RaftServerConfigKeys (ConfUtils.java:logGet(46)) - raft.server.rpc.sleep.time = 25ms (default)
2022-07-27 23:16:33,257 [pool-165-thread-1] INFO  server.RaftServerConfigKeys (ConfUtils.java:logGet(46)) - raft.server.rpc.slowness.timeout = 300s (custom)
2022-07-27 23:16:33,257 [pool-165-thread-1] INFO  server.RaftServerConfigKeys (ConfUtils.java:logGet(46)) - raft.server.leaderelection.leader.step-down.wait-time = 10s (default)
2022-07-27 23:16:33,257 [pool-165-thread-1] INFO  server.RaftServerConfigKeys (ConfUtils.java:logGet(46)) - raft.server.sleep.deviation.threshold = 300ms (default)
2022-07-27 23:16:33,257 [pool-165-thread-1] INFO  server.RaftServer$Division (ServerState.java:<init>(107)) - d7b59a12-ffae-4927-b8fa-810822d92135@group-C463B5C87882: ConfigurationManager, init=-1: [d7b59a12-ffae-4927-b8fa-810822d92135|rpc:10.1.0.23:37019|priority:1], old=null, confs=<EMPTY_MAP>
2022-07-27 23:16:33,257 [pool-165-thread-1] INFO  server.RaftServerConfigKeys (ConfUtils.java:logGet(46)) - raft.server.storage.dir = [/home/runner/work/ozone/ozone/hadoop-ozone/integration-test/target/test-dir/MiniOzoneClusterImpl-9e07804d-d88b-4889-9752-1ce24c589c62/datanode-4/data/ratis] (custom)
2022-07-27 23:16:33,257 [pool-165-thread-1] INFO  server.RaftServerConfigKeys (ConfUtils.java:logGet(46)) - raft.server.log.corruption.policy = EXCEPTION (default)
2022-07-27 23:16:33,257 [pool-165-thread-1] INFO  server.RaftServerConfigKeys (ConfUtils.java:logGet(46)) - raft.server.storage.free-space.min = 0MB (=0) (default)
2022-07-27 23:16:33,257 [pool-165-thread-1] INFO  storage.RaftStorageDirectory (RaftStorageDirectoryImpl.java:analyzeStorage(135)) - The storage directory /home/runner/work/ozone/ozone/hadoop-ozone/integration-test/target/test-dir/MiniOzoneClusterImpl-9e07804d-d88b-4889-9752-1ce24c589c62/datanode-4/data/ratis/fafe1b0c-96f3-4deb-b57b-c463b5c87882 does not exist. Creating ...
2022-07-27 23:16:33,258 [pool-165-thread-1] INFO  storage.RaftStorageDirectory (RaftStorageDirectoryImpl.java:tryLock(230)) - Lock on /home/runner/work/ozone/ozone/hadoop-ozone/integration-test/target/test-dir/MiniOzoneClusterImpl-9e07804d-d88b-4889-9752-1ce24c589c62/datanode-4/data/ratis/fafe1b0c-96f3-4deb-b57b-c463b5c87882/in_use.lock acquired by nodename 1474@fv-az129-30
2022-07-27 23:16:33,259 [pool-165-thread-1] INFO  storage.RaftStorage (RaftStorageImpl.java:format(89)) - Storage directory /home/runner/work/ozone/ozone/hadoop-ozone/integration-test/target/test-dir/MiniOzoneClusterImpl-9e07804d-d88b-4889-9752-1ce24c589c62/datanode-4/data/ratis/fafe1b0c-96f3-4deb-b57b-c463b5c87882 has been successfully formatted.
2022-07-27 23:16:33,260 [pool-165-thread-1] INFO  ratis.ContainerStateMachine (ContainerStateMachine.java:loadSnapshot(236)) - group-C463B5C87882: The snapshot info is null. Setting the last applied indexto:(t:0, i:~)
2022-07-27 23:16:33,260 [pool-165-thread-1] INFO  server.RaftServerConfigKeys (ConfUtils.java:logGet(46)) - raft.server.notification.no-leader.timeout = 300s (custom)
2022-07-27 23:16:33,260 [pool-165-thread-1] INFO  server.RaftServerConfigKeys (ConfUtils.java:logGet(46)) - raft.server.log.use.memory = false (default)
2022-07-27 23:16:33,260 [pool-165-thread-1] INFO  server.RaftServerConfigKeys (ConfUtils.java:logGet(46)) - raft.server.log.purge.gap = 1000000 (custom)
2022-07-27 23:16:33,260 [pool-165-thread-1] INFO  server.RaftServerConfigKeys (ConfUtils.java:logGet(46)) - raft.server.log.appender.buffer.byte-limit = 33554432 (custom)
2022-07-27 23:16:33,260 [pool-165-thread-1] INFO  server.RaftServerConfigKeys (ConfUtils.java:logGet(46)) - raft.server.log.statemachine.data.read.timeout = 1000ms (default)
2022-07-27 23:16:33,261 [EventQueue-PipelineReportForPipelineReportHandler] INFO  pipeline.PipelineManagerImpl (PipelineManagerImpl.java:openPipeline(367)) - Pipeline Pipeline[ Id: fafe1b0c-96f3-4deb-b57b-c463b5c87882, Nodes: d7b59a12-ffae-4927-b8fa-810822d92135{ip: 10.1.0.23, host: fv-az129-30.sikifmtxjocetiwdfcy5r2sqla.phxx.internal.cloudapp.net, ports: [REPLICATION=34571, RATIS=37019, RATIS_ADMIN=37019, RATIS_SERVER=37019, STANDALONE=40245], networkLocation: /default-rack, certSerialId: null, persistedOpState: IN_SERVICE, persistedOpStateExpiryEpochSec: 0}, ReplicationConfig: RATIS/ONE, State:ALLOCATED, leaderId:d7b59a12-ffae-4927-b8fa-810822d92135, CreationTimestamp2022-07-27T23:16:30.253Z[Etc/UTC]] moved to OPEN state
2022-07-27 23:16:33,261 [pool-165-thread-1] INFO  server.RaftServerConfigKeys (ConfUtils.java:logGet(46)) - raft.server.log.segment.size.max = 1048576 (custom)
2022-07-27 23:16:33,262 [pool-165-thread-1] INFO  server.RaftServerConfigKeys (ConfUtils.java:logGet(46)) - raft.server.log.segment.cache.num.max = 2 (custom)
2022-07-27 23:16:33,262 [EventQueue-OpenPipelineForHealthyPipelineSafeModeRule] INFO  safemode.SCMSafeModeManager (HealthyPipelineSafeModeRule.java:process(137)) - SCM in safe mode. Healthy pipelines reported count is 0, required healthy pipeline reported count is 1
2022-07-27 23:16:33,262 [pool-165-thread-1] INFO  server.RaftServerConfigKeys (ConfUtils.java:logGet(46)) - raft.server.log.segment.cache.size.max = 200MB (=209715200) (default)
2022-07-27 23:16:33,264 [pool-165-thread-1] INFO  segmented.SegmentedRaftLogWorker (SegmentedRaftLogWorker.java:<init>(187)) - new d7b59a12-ffae-4927-b8fa-810822d92135@group-C463B5C87882-SegmentedRaftLogWorker for RaftStorageImpl:Storage Directory /home/runner/work/ozone/ozone/hadoop-ozone/integration-test/target/test-dir/MiniOzoneClusterImpl-9e07804d-d88b-4889-9752-1ce24c589c62/datanode-4/data/ratis/fafe1b0c-96f3-4deb-b57b-c463b5c87882
2022-07-27 23:16:33,264 [pool-165-thread-1] INFO  server.RaftServerConfigKeys (ConfUtils.java:logGet(46)) - raft.server.log.queue.byte-limit = 4294967296 (custom)
2022-07-27 23:16:33,264 [pool-165-thread-1] INFO  server.RaftServerConfigKeys (ConfUtils.java:logGet(46)) - raft.server.log.queue.element-limit = 1024 (custom)
2022-07-27 23:16:33,264 [pool-165-thread-1] INFO  server.RaftServerConfigKeys (ConfUtils.java:logGet(46)) - raft.server.log.segment.size.max = 1048576 (custom)
2022-07-27 23:16:33,264 [pool-165-thread-1] INFO  server.RaftServerConfigKeys (ConfUtils.java:logGet(46)) - raft.server.log.preallocated.size = 16384 (custom)
2022-07-27 23:16:33,264 [pool-165-thread-1] INFO  server.RaftServerConfigKeys (ConfUtils.java:logGet(46)) - raft.server.log.force.sync.num = 128 (default)
2022-07-27 23:16:33,264 [pool-165-thread-1] INFO  server.RaftServerConfigKeys (ConfUtils.java:logGet(46)) - raft.server.log.statemachine.data.sync = true (default)
2022-07-27 23:16:33,264 [pool-165-thread-1] INFO  server.RaftServerConfigKeys (ConfUtils.java:logGet(46)) - raft.server.log.statemachine.data.sync.timeout = 10s (default)
2022-07-27 23:16:33,264 [pool-165-thread-1] INFO  server.RaftServerConfigKeys (ConfUtils.java:logGet(46)) - raft.server.log.statemachine.data.sync.timeout.retry = -1 (default)
2022-07-27 23:16:33,265 [pool-165-thread-1] INFO  server.RaftServerConfigKeys (ConfUtils.java:logGet(46)) - raft.server.log.write.buffer.size = 1048576 (custom)
2022-07-27 23:16:33,265 [pool-165-thread-1] INFO  server.RaftServerConfigKeys (ConfUtils.java:logGet(46)) - raft.server.log.unsafe-flush.enabled = false (default)
2022-07-27 23:16:33,265 [pool-165-thread-1] INFO  server.RaftServerConfigKeys (ConfUtils.java:logGet(46)) - raft.server.log.statemachine.data.caching.enabled = true (custom)
2022-07-27 23:16:33,266 [pool-165-thread-1] INFO  segmented.SegmentedRaftLogWorker (SegmentedRaftLogWorker.java:lambda$new$0(135)) - d7b59a12-ffae-4927-b8fa-810822d92135@group-C463B5C87882-SegmentedRaftLogWorker: flushIndex: setUnconditionally 0 -> -1
2022-07-27 23:16:33,266 [pool-165-thread-1] INFO  segmented.SegmentedRaftLogWorker (SegmentedRaftLogWorker.java:lambda$new$0(135)) - d7b59a12-ffae-4927-b8fa-810822d92135@group-C463B5C87882-SegmentedRaftLogWorker: safeCacheEvictIndex: setUnconditionally 0 -> -1
2022-07-27 23:16:33,270 [pool-165-thread-1] INFO  server.RaftServerConfigKeys (ConfUtils.java:logGet(46)) - raft.server.snapshot.auto.trigger.enabled = true (custom)
2022-07-27 23:16:33,270 [pool-165-thread-1] INFO  server.RaftServerConfigKeys (ConfUtils.java:logGet(46)) - raft.server.snapshot.auto.trigger.threshold = 10000 (custom)
2022-07-27 23:16:33,270 [pool-165-thread-1] INFO  server.RaftServerConfigKeys (ConfUtils.java:logGet(46)) - raft.server.snapshot.retention.file.num = 5 (custom)
2022-07-27 23:16:33,270 [pool-165-thread-1] INFO  server.RaftServerConfigKeys (ConfUtils.java:logGet(46)) - raft.server.log.purge.upto.snapshot.index = false (default)
2022-07-27 23:16:33,271 [pool-165-thread-1] INFO  server.RaftServerConfigKeys (ConfUtils.java:logGet(46)) - raft.server.retrycache.expirytime = 600000ms (custom)
2022-07-27 23:16:33,271 [pool-165-thread-1] INFO  server.RaftServerConfigKeys (ConfUtils.java:logGet(46)) - raft.server.retrycache.statistics.expirytime = 100μs (default)
2022-07-27 23:16:33,271 [pool-165-thread-1] INFO  server.RaftServerConfigKeys (ConfUtils.java:logGet(46)) - raft.server.log.appender.install.snapshot.enabled = false (custom)
2022-07-27 23:16:33,271 [pool-165-thread-1] INFO  server.RaftServerConfigKeys (ConfUtils.java:logGet(46)) - raft.server.threadpool.server.cached = true (default)
2022-07-27 23:16:33,272 [pool-165-thread-1] INFO  server.RaftServerConfigKeys (ConfUtils.java:logGet(46)) - raft.server.threadpool.server.size = 0 (default)
2022-07-27 23:16:33,272 [pool-165-thread-1] INFO  server.RaftServerConfigKeys (ConfUtils.java:logGet(46)) - raft.server.threadpool.client.cached = true (default)
2022-07-27 23:16:33,272 [pool-165-thread-1] INFO  server.RaftServerConfigKeys (ConfUtils.java:logGet(46)) - raft.server.threadpool.client.size = 0 (default)
2022-07-27 23:16:33,272 [pool-165-thread-1] INFO  server.RaftServer$Division (RaftServerImpl.java:start(310)) - d7b59a12-ffae-4927-b8fa-810822d92135@group-C463B5C87882: start as a follower, conf=-1: [d7b59a12-ffae-4927-b8fa-810822d92135|rpc:10.1.0.23:37019|priority:1], old=null
2022-07-27 23:16:33,272 [pool-165-thread-1] INFO  server.RaftServer$Division (RaftServerImpl.java:setRole(299)) - d7b59a12-ffae-4927-b8fa-810822d92135@group-C463B5C87882: changes role from      null to FOLLOWER at term 0 for startAsFollower
2022-07-27 23:16:33,272 [pool-165-thread-1] INFO  impl.RoleInfo (RoleInfo.java:updateAndGet(139)) - d7b59a12-ffae-4927-b8fa-810822d92135: start d7b59a12-ffae-4927-b8fa-810822d92135@group-C463B5C87882-FollowerState
2022-07-27 23:16:33,272 [pool-165-thread-1] INFO  util.JmxRegister (JmxRegister.java:tryRegister(44)) - Successfully registered JMX Bean with object name Ratis:service=RaftServer,group=group-C463B5C87882,id=d7b59a12-ffae-4927-b8fa-810822d92135
2022-07-27 23:16:33,273 [Command processor thread] INFO  ratis.XceiverServerRatis (XceiverServerRatis.java:addGroup(765)) - Created group PipelineID=fafe1b0c-96f3-4deb-b57b-c463b5c87882
2022-07-27 23:16:33,273 [Command processor thread] INFO  commandhandler.CreatePipelineCommandHandler (CreatePipelineCommandHandler.java:handle(113)) - Created Pipeline RATIS ONE PipelineID=fafe1b0c-96f3-4deb-b57b-c463b5c87882.
2022-07-27 23:16:34,251 [Listener at 127.0.0.1/44809] INFO  ozone.MiniOzoneClusterImpl (MiniOzoneClusterImpl.java:lambda$waitForClusterToBeReady$0(216)) - Nodes are ready. Got 5 of 5 DN Heartbeats.
2022-07-27 23:16:34,252 [Listener at 127.0.0.1/44809] INFO  ozone.MiniOzoneClusterImpl (MiniOzoneClusterImpl.java:lambda$waitForClusterToBeReady$0(219)) - Waiting for cluster to exit safe mode
2022-07-27 23:16:34,252 [Listener at 127.0.0.1/44809] INFO  ozone.MiniOzoneClusterImpl (MiniOzoneClusterImpl.java:lambda$waitForClusterToBeReady$0(221)) - SCM became leader
2022-07-27 23:16:35,252 [Listener at 127.0.0.1/44809] INFO  ozone.MiniOzoneClusterImpl (MiniOzoneClusterImpl.java:lambda$waitForClusterToBeReady$0(216)) - Nodes are ready. Got 5 of 5 DN Heartbeats.
2022-07-27 23:16:35,252 [Listener at 127.0.0.1/44809] INFO  ozone.MiniOzoneClusterImpl (MiniOzoneClusterImpl.java:lambda$waitForClusterToBeReady$0(219)) - Waiting for cluster to exit safe mode
2022-07-27 23:16:35,252 [Listener at 127.0.0.1/44809] INFO  ozone.MiniOzoneClusterImpl (MiniOzoneClusterImpl.java:lambda$waitForClusterToBeReady$0(221)) - SCM became leader
2022-07-27 23:16:36,252 [Listener at 127.0.0.1/44809] INFO  ozone.MiniOzoneClusterImpl (MiniOzoneClusterImpl.java:lambda$waitForClusterToBeReady$0(216)) - Nodes are ready. Got 5 of 5 DN Heartbeats.
2022-07-27 23:16:36,253 [Listener at 127.0.0.1/44809] INFO  ozone.MiniOzoneClusterImpl (MiniOzoneClusterImpl.java:lambda$waitForClusterToBeReady$0(219)) - Waiting for cluster to exit safe mode
2022-07-27 23:16:36,253 [Listener at 127.0.0.1/44809] INFO  ozone.MiniOzoneClusterImpl (MiniOzoneClusterImpl.java:lambda$waitForClusterToBeReady$0(221)) - SCM became leader
2022-07-27 23:16:36,975 [2699f4c4-fa0c-4eec-a794-d1f1be832e07@group-2120ABBBFC9F-FollowerState] INFO  impl.FollowerState (FollowerState.java:run(143)) - 2699f4c4-fa0c-4eec-a794-d1f1be832e07@group-2120ABBBFC9F-FollowerState: change to CANDIDATE, lastRpcElapsedTime:5053735561ns, electionTimeout:5053ms
2022-07-27 23:16:36,975 [2699f4c4-fa0c-4eec-a794-d1f1be832e07@group-2120ABBBFC9F-FollowerState] INFO  impl.RoleInfo (RoleInfo.java:shutdownFollowerState(110)) - 2699f4c4-fa0c-4eec-a794-d1f1be832e07: shutdown 2699f4c4-fa0c-4eec-a794-d1f1be832e07@group-2120ABBBFC9F-FollowerState
2022-07-27 23:16:36,975 [2699f4c4-fa0c-4eec-a794-d1f1be832e07@group-2120ABBBFC9F-FollowerState] INFO  server.RaftServer$Division (RaftServerImpl.java:setRole(299)) - 2699f4c4-fa0c-4eec-a794-d1f1be832e07@group-2120ABBBFC9F: changes role from  FOLLOWER to CANDIDATE at term 0 for changeToCandidate
2022-07-27 23:16:36,975 [2699f4c4-fa0c-4eec-a794-d1f1be832e07@group-2120ABBBFC9F-FollowerState] INFO  server.RaftServerConfigKeys (ConfUtils.java:logGet(46)) - raft.server.leaderelection.pre-vote = false (custom)
2022-07-27 23:16:36,975 [2699f4c4-fa0c-4eec-a794-d1f1be832e07@group-2120ABBBFC9F-FollowerState] INFO  impl.RoleInfo (RoleInfo.java:updateAndGet(139)) - 2699f4c4-fa0c-4eec-a794-d1f1be832e07: start 2699f4c4-fa0c-4eec-a794-d1f1be832e07@group-2120ABBBFC9F-LeaderElection2
2022-07-27 23:16:36,978 [2699f4c4-fa0c-4eec-a794-d1f1be832e07@group-2120ABBBFC9F-LeaderElection2] INFO  impl.LeaderElection (LeaderElection.java:askForVotes(310)) - 2699f4c4-fa0c-4eec-a794-d1f1be832e07@group-2120ABBBFC9F-LeaderElection2 ELECTION round 0: submit vote requests at term 1 for -1: [2699f4c4-fa0c-4eec-a794-d1f1be832e07|rpc:10.1.0.23:42117|priority:1], old=null
2022-07-27 23:16:36,978 [2699f4c4-fa0c-4eec-a794-d1f1be832e07@group-2120ABBBFC9F-LeaderElection2] INFO  impl.LeaderElection (LeaderElection.java:askForVotes(312)) - 2699f4c4-fa0c-4eec-a794-d1f1be832e07@group-2120ABBBFC9F-LeaderElection2 ELECTION round 0: result PASSED (term=1)
2022-07-27 23:16:36,978 [2699f4c4-fa0c-4eec-a794-d1f1be832e07@group-2120ABBBFC9F-LeaderElection2] INFO  impl.RoleInfo (RoleInfo.java:shutdownLeaderElection(130)) - 2699f4c4-fa0c-4eec-a794-d1f1be832e07: shutdown 2699f4c4-fa0c-4eec-a794-d1f1be832e07@group-2120ABBBFC9F-LeaderElection2
2022-07-27 23:16:36,978 [2699f4c4-fa0c-4eec-a794-d1f1be832e07@group-2120ABBBFC9F-LeaderElection2] INFO  server.RaftServer$Division (RaftServerImpl.java:setRole(299)) - 2699f4c4-fa0c-4eec-a794-d1f1be832e07@group-2120ABBBFC9F: changes role from CANDIDATE to LEADER at term 1 for changeToLeader
2022-07-27 23:16:36,978 [2699f4c4-fa0c-4eec-a794-d1f1be832e07@group-2120ABBBFC9F-LeaderElection2] INFO  ratis.XceiverServerRatis (XceiverServerRatis.java:handleLeaderChangedNotification(863)) - Leader change notification received for group: group-2120ABBBFC9F with new leaderId: 2699f4c4-fa0c-4eec-a794-d1f1be832e07
2022-07-27 23:16:36,978 [2699f4c4-fa0c-4eec-a794-d1f1be832e07@group-2120ABBBFC9F-LeaderElection2] INFO  server.RaftServer$Division (ServerState.java:setLeader(287)) - 2699f4c4-fa0c-4eec-a794-d1f1be832e07@group-2120ABBBFC9F: change Leader from null to 2699f4c4-fa0c-4eec-a794-d1f1be832e07 at term 1 for becomeLeader, leader elected after 5082ms
2022-07-27 23:16:36,978 [2699f4c4-fa0c-4eec-a794-d1f1be832e07@group-2120ABBBFC9F-LeaderElection2] INFO  server.RaftServerConfigKeys (ConfUtils.java:logGet(46)) - raft.server.staging.catchup.gap = 1000 (default)
2022-07-27 23:16:36,978 [2699f4c4-fa0c-4eec-a794-d1f1be832e07@group-2120ABBBFC9F-LeaderElection2] INFO  server.RaftServerConfigKeys (ConfUtils.java:logGet(46)) - raft.server.write.element-limit = 1024 (custom)
2022-07-27 23:16:36,979 [2699f4c4-fa0c-4eec-a794-d1f1be832e07@group-2120ABBBFC9F-LeaderElection2] INFO  server.RaftServerConfigKeys (ConfUtils.java:logGet(46)) - raft.server.write.byte-limit = 1024 M (=1073741824) (custom)
2022-07-27 23:16:36,979 [2699f4c4-fa0c-4eec-a794-d1f1be832e07@group-2120ABBBFC9F-LeaderElection2] INFO  server.RaftServerConfigKeys (ConfUtils.java:logGet(46)) - raft.server.watch.timeout = 180s (custom)
2022-07-27 23:16:36,979 [2699f4c4-fa0c-4eec-a794-d1f1be832e07@group-2120ABBBFC9F-LeaderElection2] INFO  server.RaftServerConfigKeys (ConfUtils.java:logGet(46)) - raft.server.watch.timeout.denomination = 1s (default)
2022-07-27 23:16:36,979 [2699f4c4-fa0c-4eec-a794-d1f1be832e07@group-2120ABBBFC9F-LeaderElection2] INFO  server.RaftServerConfigKeys (ConfUtils.java:logGet(46)) - raft.server.watch.element-limit = 65536 (default)
2022-07-27 23:16:36,979 [2699f4c4-fa0c-4eec-a794-d1f1be832e07@group-2120ABBBFC9F-LeaderElection2] INFO  server.RaftServerConfigKeys (ConfUtils.java:logGet(46)) - raft.server.write.element-limit = 1024 (custom)
2022-07-27 23:16:36,979 [2699f4c4-fa0c-4eec-a794-d1f1be832e07@group-2120ABBBFC9F-LeaderElection2] INFO  server.RaftServerConfigKeys (ConfUtils.java:logGet(46)) - raft.server.write.follower.gap.ratio.max = -1.0 (default)
2022-07-27 23:16:36,979 [2699f4c4-fa0c-4eec-a794-d1f1be832e07@group-2120ABBBFC9F-LeaderElection2] INFO  impl.RoleInfo (RoleInfo.java:updateAndGet(139)) - 2699f4c4-fa0c-4eec-a794-d1f1be832e07: start 2699f4c4-fa0c-4eec-a794-d1f1be832e07@group-2120ABBBFC9F-LeaderStateImpl
2022-07-27 23:16:36,979 [2699f4c4-fa0c-4eec-a794-d1f1be832e07@group-2120ABBBFC9F-LeaderElection2] INFO  segmented.SegmentedRaftLogWorker (SegmentedRaftLogWorker.java:startLogSegment(425)) - 2699f4c4-fa0c-4eec-a794-d1f1be832e07@group-2120ABBBFC9F-SegmentedRaftLogWorker: Starting segment from index:0
2022-07-27 23:16:36,981 [2699f4c4-fa0c-4eec-a794-d1f1be832e07@group-2120ABBBFC9F-SegmentedRaftLogWorker] INFO  segmented.SegmentedRaftLogWorker (SegmentedRaftLogWorker.java:execute(629)) - 2699f4c4-fa0c-4eec-a794-d1f1be832e07@group-2120ABBBFC9F-SegmentedRaftLogWorker: created new log segment /home/runner/work/ozone/ozone/hadoop-ozone/integration-test/target/test-dir/MiniOzoneClusterImpl-9e07804d-d88b-4889-9752-1ce24c589c62/datanode-0/data/ratis/e04f0ada-bad5-45ff-bd73-2120abbbfc9f/current/log_inprogress_0
2022-07-27 23:16:36,982 [EventQueue-OpenPipelineForHealthyPipelineSafeModeRule] INFO  safemode.SCMSafeModeManager (HealthyPipelineSafeModeRule.java:process(137)) - SCM in safe mode. Healthy pipelines reported count is 0, required healthy pipeline reported count is 1
2022-07-27 23:16:36,984 [2699f4c4-fa0c-4eec-a794-d1f1be832e07@group-2120ABBBFC9F-LeaderElection2] INFO  server.RaftServer$Division (ServerState.java:setRaftConf(393)) - 2699f4c4-fa0c-4eec-a794-d1f1be832e07@group-2120ABBBFC9F: set configuration 0: [2699f4c4-fa0c-4eec-a794-d1f1be832e07|rpc:10.1.0.23:42117|dataStream:|priority:1], old=null
2022-07-27 23:16:37,126 [2699f4c4-fa0c-4eec-a794-d1f1be832e07@group-15C7C689DFF8-FollowerState] INFO  impl.FollowerState (FollowerState.java:run(143)) - 2699f4c4-fa0c-4eec-a794-d1f1be832e07@group-15C7C689DFF8-FollowerState: change to CANDIDATE, lastRpcElapsedTime:5174390792ns, electionTimeout:5173ms
2022-07-27 23:16:37,127 [2699f4c4-fa0c-4eec-a794-d1f1be832e07@group-15C7C689DFF8-FollowerState] INFO  impl.RoleInfo (RoleInfo.java:shutdownFollowerState(110)) - 2699f4c4-fa0c-4eec-a794-d1f1be832e07: shutdown 2699f4c4-fa0c-4eec-a794-d1f1be832e07@group-15C7C689DFF8-FollowerState
2022-07-27 23:16:37,127 [2699f4c4-fa0c-4eec-a794-d1f1be832e07@group-15C7C689DFF8-FollowerState] INFO  server.RaftServer$Division (RaftServerImpl.java:setRole(299)) - 2699f4c4-fa0c-4eec-a794-d1f1be832e07@group-15C7C689DFF8: changes role from  FOLLOWER to CANDIDATE at term 0 for changeToCandidate
2022-07-27 23:16:37,127 [2699f4c4-fa0c-4eec-a794-d1f1be832e07@group-15C7C689DFF8-FollowerState] INFO  server.RaftServerConfigKeys (ConfUtils.java:logGet(46)) - raft.server.leaderelection.pre-vote = false (custom)
2022-07-27 23:16:37,127 [2699f4c4-fa0c-4eec-a794-d1f1be832e07@group-15C7C689DFF8-FollowerState] INFO  impl.RoleInfo (RoleInfo.java:updateAndGet(139)) - 2699f4c4-fa0c-4eec-a794-d1f1be832e07: start 2699f4c4-fa0c-4eec-a794-d1f1be832e07@group-15C7C689DFF8-LeaderElection3
2022-07-27 23:16:37,136 [2699f4c4-fa0c-4eec-a794-d1f1be832e07@group-15C7C689DFF8-LeaderElection3] INFO  impl.LeaderElection (LeaderElection.java:askForVotes(310)) - 2699f4c4-fa0c-4eec-a794-d1f1be832e07@group-15C7C689DFF8-LeaderElection3 ELECTION round 0: submit vote requests at term 1 for -1: [2699f4c4-fa0c-4eec-a794-d1f1be832e07|rpc:10.1.0.23:42117|priority:0, d4d12f57-f56f-4c9c-ab62-903c4e3b8a60|rpc:10.1.0.23:42455|priority:1, 4b6bcd3b-d6b3-4446-abce-c99d7a2dec67|rpc:10.1.0.23:34935|priority:0], old=null
2022-07-27 23:16:37,159 [grpc-default-executor-0] INFO  server.RaftServer$Division (RaftServerImpl.java:requestVote(1152)) - d4d12f57-f56f-4c9c-ab62-903c4e3b8a60@group-15C7C689DFF8: receive requestVote(ELECTION, 2699f4c4-fa0c-4eec-a794-d1f1be832e07, group-15C7C689DFF8, 1, (t:0, i:0))
2022-07-27 23:16:37,160 [grpc-default-executor-0] INFO  impl.VoteContext (VoteContext.java:log(48)) - d4d12f57-f56f-4c9c-ab62-903c4e3b8a60@group-15C7C689DFF8-FOLLOWER: reject ELECTION from 2699f4c4-fa0c-4eec-a794-d1f1be832e07: our priority 1 > candidate's priority 0
2022-07-27 23:16:37,160 [grpc-default-executor-0] INFO  server.RaftServer$Division (RaftServerImpl.java:setRole(299)) - d4d12f57-f56f-4c9c-ab62-903c4e3b8a60@group-15C7C689DFF8: changes role from  FOLLOWER to FOLLOWER at term 1 for candidate:2699f4c4-fa0c-4eec-a794-d1f1be832e07
2022-07-27 23:16:37,160 [grpc-default-executor-0] INFO  impl.RoleInfo (RoleInfo.java:shutdownFollowerState(110)) - d4d12f57-f56f-4c9c-ab62-903c4e3b8a60: shutdown d4d12f57-f56f-4c9c-ab62-903c4e3b8a60@group-15C7C689DFF8-FollowerState
2022-07-27 23:16:37,161 [grpc-default-executor-0] INFO  impl.RoleInfo (RoleInfo.java:updateAndGet(139)) - d4d12f57-f56f-4c9c-ab62-903c4e3b8a60: start d4d12f57-f56f-4c9c-ab62-903c4e3b8a60@group-15C7C689DFF8-FollowerState
2022-07-27 23:16:37,168 [d4d12f57-f56f-4c9c-ab62-903c4e3b8a60@group-15C7C689DFF8-FollowerState] INFO  impl.FollowerState (FollowerState.java:run(152)) - d4d12f57-f56f-4c9c-ab62-903c4e3b8a60@group-15C7C689DFF8-FollowerState was interrupted
2022-07-27 23:16:37,170 [grpc-default-executor-0] INFO  server.RaftServer$Division (RaftServerImpl.java:requestVote(1184)) - d4d12f57-f56f-4c9c-ab62-903c4e3b8a60@group-15C7C689DFF8 replies to ELECTION vote request: 2699f4c4-fa0c-4eec-a794-d1f1be832e07<-d4d12f57-f56f-4c9c-ab62-903c4e3b8a60#0:FAIL-t1. Peer's state: d4d12f57-f56f-4c9c-ab62-903c4e3b8a60@group-15C7C689DFF8:t1, leader=null, voted=null, raftlog=d4d12f57-f56f-4c9c-ab62-903c4e3b8a60@group-15C7C689DFF8-SegmentedRaftLog:OPENED:c-1, conf=-1: [2699f4c4-fa0c-4eec-a794-d1f1be832e07|rpc:10.1.0.23:42117|priority:0, d4d12f57-f56f-4c9c-ab62-903c4e3b8a60|rpc:10.1.0.23:42455|priority:1, 4b6bcd3b-d6b3-4446-abce-c99d7a2dec67|rpc:10.1.0.23:34935|priority:0], old=null
2022-07-27 23:16:37,175 [2699f4c4-fa0c-4eec-a794-d1f1be832e07@group-15C7C689DFF8-LeaderElection3] INFO  impl.LeaderElection (LeaderElection.java:logAndReturn(90)) - 2699f4c4-fa0c-4eec-a794-d1f1be832e07@group-15C7C689DFF8-LeaderElection3: ELECTION REJECTED received 1 response(s) and 0 exception(s):
2022-07-27 23:16:37,175 [2699f4c4-fa0c-4eec-a794-d1f1be832e07@group-15C7C689DFF8-LeaderElection3] INFO  impl.LeaderElection (LeaderElection.java:logAndReturn(94)) -   Response 0: 2699f4c4-fa0c-4eec-a794-d1f1be832e07<-d4d12f57-f56f-4c9c-ab62-903c4e3b8a60#0:FAIL-t1
2022-07-27 23:16:37,175 [2699f4c4-fa0c-4eec-a794-d1f1be832e07@group-15C7C689DFF8-LeaderElection3] INFO  impl.LeaderElection (LeaderElection.java:askForVotes(312)) - 2699f4c4-fa0c-4eec-a794-d1f1be832e07@group-15C7C689DFF8-LeaderElection3 ELECTION round 0: result REJECTED
2022-07-27 23:16:37,175 [2699f4c4-fa0c-4eec-a794-d1f1be832e07@group-15C7C689DFF8-LeaderElection3] INFO  server.RaftServer$Division (RaftServerImpl.java:setRole(299)) - 2699f4c4-fa0c-4eec-a794-d1f1be832e07@group-15C7C689DFF8: changes role from CANDIDATE to FOLLOWER at term 1 for REJECTED
2022-07-27 23:16:37,175 [2699f4c4-fa0c-4eec-a794-d1f1be832e07@group-15C7C689DFF8-LeaderElection3] INFO  impl.RoleInfo (RoleInfo.java:shutdownLeaderElection(130)) - 2699f4c4-fa0c-4eec-a794-d1f1be832e07: shutdown 2699f4c4-fa0c-4eec-a794-d1f1be832e07@group-15C7C689DFF8-LeaderElection3
2022-07-27 23:16:37,175 [2699f4c4-fa0c-4eec-a794-d1f1be832e07@group-15C7C689DFF8-LeaderElection3] INFO  impl.RoleInfo (RoleInfo.java:updateAndGet(139)) - 2699f4c4-fa0c-4eec-a794-d1f1be832e07: start 2699f4c4-fa0c-4eec-a794-d1f1be832e07@group-15C7C689DFF8-FollowerState
2022-07-27 23:16:37,177 [grpc-default-executor-0] INFO  server.RaftServer$Division (RaftServerImpl.java:requestVote(1152)) - 4b6bcd3b-d6b3-4446-abce-c99d7a2dec67@group-15C7C689DFF8: receive requestVote(ELECTION, 2699f4c4-fa0c-4eec-a794-d1f1be832e07, group-15C7C689DFF8, 1, (t:0, i:0))
2022-07-27 23:16:37,177 [grpc-default-executor-0] INFO  impl.VoteContext (VoteContext.java:log(48)) - 4b6bcd3b-d6b3-4446-abce-c99d7a2dec67@group-15C7C689DFF8-FOLLOWER: accept ELECTION from 2699f4c4-fa0c-4eec-a794-d1f1be832e07: our priority 0 <= candidate's priority 0
2022-07-27 23:16:37,178 [grpc-default-executor-0] INFO  server.RaftServer$Division (RaftServerImpl.java:setRole(299)) - 4b6bcd3b-d6b3-4446-abce-c99d7a2dec67@group-15C7C689DFF8: changes role from  FOLLOWER to FOLLOWER at term 1 for candidate:2699f4c4-fa0c-4eec-a794-d1f1be832e07
2022-07-27 23:16:37,178 [grpc-default-executor-0] INFO  impl.RoleInfo (RoleInfo.java:shutdownFollowerState(110)) - 4b6bcd3b-d6b3-4446-abce-c99d7a2dec67: shutdown 4b6bcd3b-d6b3-4446-abce-c99d7a2dec67@group-15C7C689DFF8-FollowerState
2022-07-27 23:16:37,178 [grpc-default-executor-0] INFO  impl.RoleInfo (RoleInfo.java:updateAndGet(139)) - 4b6bcd3b-d6b3-4446-abce-c99d7a2dec67: start 4b6bcd3b-d6b3-4446-abce-c99d7a2dec67@group-15C7C689DFF8-FollowerState
2022-07-27 23:16:37,178 [4b6bcd3b-d6b3-4446-abce-c99d7a2dec67@group-15C7C689DFF8-FollowerState] INFO  impl.FollowerState (FollowerState.java:run(152)) - 4b6bcd3b-d6b3-4446-abce-c99d7a2dec67@group-15C7C689DFF8-FollowerState was interrupted
2022-07-27 23:16:37,185 [grpc-default-executor-0] INFO  server.RaftServer$Division (RaftServerImpl.java:requestVote(1184)) - 4b6bcd3b-d6b3-4446-abce-c99d7a2dec67@group-15C7C689DFF8 replies to ELECTION vote request: 2699f4c4-fa0c-4eec-a794-d1f1be832e07<-4b6bcd3b-d6b3-4446-abce-c99d7a2dec67#0:OK-t1. Peer's state: 4b6bcd3b-d6b3-4446-abce-c99d7a2dec67@group-15C7C689DFF8:t1, leader=null, voted=2699f4c4-fa0c-4eec-a794-d1f1be832e07, raftlog=4b6bcd3b-d6b3-4446-abce-c99d7a2dec67@group-15C7C689DFF8-SegmentedRaftLog:OPENED:c-1, conf=-1: [2699f4c4-fa0c-4eec-a794-d1f1be832e07|rpc:10.1.0.23:42117|dataStream:|priority:0, d4d12f57-f56f-4c9c-ab62-903c4e3b8a60|rpc:10.1.0.23:42455|dataStream:|priority:1, 4b6bcd3b-d6b3-4446-abce-c99d7a2dec67|rpc:10.1.0.23:34935|dataStream:|priority:0], old=null
2022-07-27 23:16:37,253 [Listener at 127.0.0.1/44809] INFO  ozone.MiniOzoneClusterImpl (MiniOzoneClusterImpl.java:lambda$waitForClusterToBeReady$0(216)) - Nodes are ready. Got 5 of 5 DN Heartbeats.
2022-07-27 23:16:37,253 [Listener at 127.0.0.1/44809] INFO  ozone.MiniOzoneClusterImpl (MiniOzoneClusterImpl.java:lambda$waitForClusterToBeReady$0(219)) - Waiting for cluster to exit safe mode
2022-07-27 23:16:37,253 [Listener at 127.0.0.1/44809] INFO  ozone.MiniOzoneClusterImpl (MiniOzoneClusterImpl.java:lambda$waitForClusterToBeReady$0(221)) - SCM became leader
2022-07-27 23:16:37,512 [d4d12f57-f56f-4c9c-ab62-903c4e3b8a60@group-5DDE0DFAFE7B-FollowerState] INFO  impl.FollowerState (FollowerState.java:run(143)) - d4d12f57-f56f-4c9c-ab62-903c4e3b8a60@group-5DDE0DFAFE7B-FollowerState: change to CANDIDATE, lastRpcElapsedTime:5100506413ns, electionTimeout:5091ms
2022-07-27 23:16:37,513 [d4d12f57-f56f-4c9c-ab62-903c4e3b8a60@group-5DDE0DFAFE7B-FollowerState] INFO  impl.RoleInfo (RoleInfo.java:shutdownFollowerState(110)) - d4d12f57-f56f-4c9c-ab62-903c4e3b8a60: shutdown d4d12f57-f56f-4c9c-ab62-903c4e3b8a60@group-5DDE0DFAFE7B-FollowerState
2022-07-27 23:16:37,513 [d4d12f57-f56f-4c9c-ab62-903c4e3b8a60@group-5DDE0DFAFE7B-FollowerState] INFO  server.RaftServer$Division (RaftServerImpl.java:setRole(299)) - d4d12f57-f56f-4c9c-ab62-903c4e3b8a60@group-5DDE0DFAFE7B: changes role from  FOLLOWER to CANDIDATE at term 0 for changeToCandidate
2022-07-27 23:16:37,514 [d4d12f57-f56f-4c9c-ab62-903c4e3b8a60@group-5DDE0DFAFE7B-FollowerState] INFO  server.RaftServerConfigKeys (ConfUtils.java:logGet(46)) - raft.server.leaderelection.pre-vote = false (custom)
2022-07-27 23:16:37,514 [d4d12f57-f56f-4c9c-ab62-903c4e3b8a60@group-5DDE0DFAFE7B-FollowerState] INFO  impl.RoleInfo (RoleInfo.java:updateAndGet(139)) - d4d12f57-f56f-4c9c-ab62-903c4e3b8a60: start d4d12f57-f56f-4c9c-ab62-903c4e3b8a60@group-5DDE0DFAFE7B-LeaderElection4
2022-07-27 23:16:37,516 [d4d12f57-f56f-4c9c-ab62-903c4e3b8a60@group-5DDE0DFAFE7B-LeaderElection4] INFO  impl.LeaderElection (LeaderElection.java:askForVotes(310)) - d4d12f57-f56f-4c9c-ab62-903c4e3b8a60@group-5DDE0DFAFE7B-LeaderElection4 ELECTION round 0: submit vote requests at term 1 for -1: [d4d12f57-f56f-4c9c-ab62-903c4e3b8a60|rpc:10.1.0.23:42455|priority:1], old=null
2022-07-27 23:16:37,516 [d4d12f57-f56f-4c9c-ab62-903c4e3b8a60@group-5DDE0DFAFE7B-LeaderElection4] INFO  impl.LeaderElection (LeaderElection.java:askForVotes(312)) - d4d12f57-f56f-4c9c-ab62-903c4e3b8a60@group-5DDE0DFAFE7B-LeaderElection4 ELECTION round 0: result PASSED (term=1)
2022-07-27 23:16:37,516 [d4d12f57-f56f-4c9c-ab62-903c4e3b8a60@group-5DDE0DFAFE7B-LeaderElection4] INFO  impl.RoleInfo (RoleInfo.java:shutdownLeaderElection(130)) - d4d12f57-f56f-4c9c-ab62-903c4e3b8a60: shutdown d4d12f57-f56f-4c9c-ab62-903c4e3b8a60@group-5DDE0DFAFE7B-LeaderElection4
2022-07-27 23:16:37,516 [d4d12f57-f56f-4c9c-ab62-903c4e3b8a60@group-5DDE0DFAFE7B-LeaderElection4] INFO  server.RaftServer$Division (RaftServerImpl.java:setRole(299)) - d4d12f57-f56f-4c9c-ab62-903c4e3b8a60@group-5DDE0DFAFE7B: changes role from CANDIDATE to LEADER at term 1 for changeToLeader
2022-07-27 23:16:37,516 [d4d12f57-f56f-4c9c-ab62-903c4e3b8a60@group-5DDE0DFAFE7B-LeaderElection4] INFO  ratis.XceiverServerRatis (XceiverServerRatis.java:handleLeaderChangedNotification(863)) - Leader change notification received for group: group-5DDE0DFAFE7B with new leaderId: d4d12f57-f56f-4c9c-ab62-903c4e3b8a60
2022-07-27 23:16:37,516 [d4d12f57-f56f-4c9c-ab62-903c4e3b8a60@group-5DDE0DFAFE7B-LeaderElection4] INFO  server.RaftServer$Division (ServerState.java:setLeader(287)) - d4d12f57-f56f-4c9c-ab62-903c4e3b8a60@group-5DDE0DFAFE7B: change Leader from null to d4d12f57-f56f-4c9c-ab62-903c4e3b8a60 at term 1 for becomeLeader, leader elected after 5130ms
2022-07-27 23:16:37,516 [d4d12f57-f56f-4c9c-ab62-903c4e3b8a60@group-5DDE0DFAFE7B-LeaderElection4] INFO  server.RaftServerConfigKeys (ConfUtils.java:logGet(46)) - raft.server.staging.catchup.gap = 1000 (default)
2022-07-27 23:16:37,516 [d4d12f57-f56f-4c9c-ab62-903c4e3b8a60@group-5DDE0DFAFE7B-LeaderElection4] INFO  server.RaftServerConfigKeys (ConfUtils.java:logGet(46)) - raft.server.write.element-limit = 1024 (custom)
2022-07-27 23:16:37,516 [d4d12f57-f56f-4c9c-ab62-903c4e3b8a60@group-5DDE0DFAFE7B-LeaderElection4] INFO  server.RaftServerConfigKeys (ConfUtils.java:logGet(46)) - raft.server.write.byte-limit = 1024 M (=1073741824) (custom)
2022-07-27 23:16:37,517 [d4d12f57-f56f-4c9c-ab62-903c4e3b8a60@group-5DDE0DFAFE7B-LeaderElection4] INFO  server.RaftServerConfigKeys (ConfUtils.java:logGet(46)) - raft.server.watch.timeout = 180s (custom)
2022-07-27 23:16:37,517 [d4d12f57-f56f-4c9c-ab62-903c4e3b8a60@group-5DDE0DFAFE7B-LeaderElection4] INFO  server.RaftServerConfigKeys (ConfUtils.java:logGet(46)) - raft.server.watch.timeout.denomination = 1s (default)
2022-07-27 23:16:37,517 [d4d12f57-f56f-4c9c-ab62-903c4e3b8a60@group-5DDE0DFAFE7B-LeaderElection4] INFO  server.RaftServerConfigKeys (ConfUtils.java:logGet(46)) - raft.server.watch.element-limit = 65536 (default)
2022-07-27 23:16:37,517 [d4d12f57-f56f-4c9c-ab62-903c4e3b8a60@group-5DDE0DFAFE7B-LeaderElection4] INFO  server.RaftServerConfigKeys (ConfUtils.java:logGet(46)) - raft.server.write.element-limit = 1024 (custom)
2022-07-27 23:16:37,517 [d4d12f57-f56f-4c9c-ab62-903c4e3b8a60@group-5DDE0DFAFE7B-LeaderElection4] INFO  server.RaftServerConfigKeys (ConfUtils.java:logGet(46)) - raft.server.write.follower.gap.ratio.max = -1.0 (default)
2022-07-27 23:16:37,518 [EventQueue-OpenPipelineForHealthyPipelineSafeModeRule] INFO  safemode.SCMSafeModeManager (HealthyPipelineSafeModeRule.java:process(137)) - SCM in safe mode. Healthy pipelines reported count is 0, required healthy pipeline reported count is 1
2022-07-27 23:16:37,518 [d4d12f57-f56f-4c9c-ab62-903c4e3b8a60@group-5DDE0DFAFE7B-LeaderElection4] INFO  impl.RoleInfo (RoleInfo.java:updateAndGet(139)) - d4d12f57-f56f-4c9c-ab62-903c4e3b8a60: start d4d12f57-f56f-4c9c-ab62-903c4e3b8a60@group-5DDE0DFAFE7B-LeaderStateImpl
2022-07-27 23:16:37,518 [d4d12f57-f56f-4c9c-ab62-903c4e3b8a60@group-5DDE0DFAFE7B-LeaderElection4] INFO  segmented.SegmentedRaftLogWorker (SegmentedRaftLogWorker.java:startLogSegment(425)) - d4d12f57-f56f-4c9c-ab62-903c4e3b8a60@group-5DDE0DFAFE7B-SegmentedRaftLogWorker: Starting segment from index:0
2022-07-27 23:16:37,520 [d4d12f57-f56f-4c9c-ab62-903c4e3b8a60@group-5DDE0DFAFE7B-SegmentedRaftLogWorker] INFO  segmented.SegmentedRaftLogWorker (SegmentedRaftLogWorker.java:execute(629)) - d4d12f57-f56f-4c9c-ab62-903c4e3b8a60@group-5DDE0DFAFE7B-SegmentedRaftLogWorker: created new log segment /home/runner/work/ozone/ozone/hadoop-ozone/integration-test/target/test-dir/MiniOzoneClusterImpl-9e07804d-d88b-4889-9752-1ce24c589c62/datanode-1/data/ratis/0ad464ba-d195-4d41-8d68-5dde0dfafe7b/current/log_inprogress_0
2022-07-27 23:16:37,525 [d4d12f57-f56f-4c9c-ab62-903c4e3b8a60@group-5DDE0DFAFE7B-LeaderElection4] INFO  server.RaftServer$Division (ServerState.java:setRaftConf(393)) - d4d12f57-f56f-4c9c-ab62-903c4e3b8a60@group-5DDE0DFAFE7B: set configuration 0: [d4d12f57-f56f-4c9c-ab62-903c4e3b8a60|rpc:10.1.0.23:42455|dataStream:|priority:1], old=null
2022-07-27 23:16:37,670 [2699f4c4-fa0c-4eec-a794-d1f1be832e07@group-14427373BA86-FollowerState] INFO  impl.FollowerState (FollowerState.java:run(143)) - 2699f4c4-fa0c-4eec-a794-d1f1be832e07@group-14427373BA86-FollowerState: change to CANDIDATE, lastRpcElapsedTime:5005436784ns, electionTimeout:5001ms
2022-07-27 23:16:37,670 [2699f4c4-fa0c-4eec-a794-d1f1be832e07@group-14427373BA86-FollowerState] INFO  impl.RoleInfo (RoleInfo.java:shutdownFollowerState(110)) - 2699f4c4-fa0c-4eec-a794-d1f1be832e07: shutdown 2699f4c4-fa0c-4eec-a794-d1f1be832e07@group-14427373BA86-FollowerState
2022-07-27 23:16:37,670 [2699f4c4-fa0c-4eec-a794-d1f1be832e07@group-14427373BA86-FollowerState] INFO  server.RaftServer$Division (RaftServerImpl.java:setRole(299)) - 2699f4c4-fa0c-4eec-a794-d1f1be832e07@group-14427373BA86: changes role from  FOLLOWER to CANDIDATE at term 0 for changeToCandidate
2022-07-27 23:16:37,671 [2699f4c4-fa0c-4eec-a794-d1f1be832e07@group-14427373BA86-FollowerState] INFO  server.RaftServerConfigKeys (ConfUtils.java:logGet(46)) - raft.server.leaderelection.pre-vote = false (custom)
2022-07-27 23:16:37,671 [2699f4c4-fa0c-4eec-a794-d1f1be832e07@group-14427373BA86-FollowerState] INFO  impl.RoleInfo (RoleInfo.java:updateAndGet(139)) - 2699f4c4-fa0c-4eec-a794-d1f1be832e07: start 2699f4c4-fa0c-4eec-a794-d1f1be832e07@group-14427373BA86-LeaderElection5
2022-07-27 23:16:37,673 [2699f4c4-fa0c-4eec-a794-d1f1be832e07@group-14427373BA86-LeaderElection5] INFO  impl.LeaderElection (LeaderElection.java:askForVotes(310)) - 2699f4c4-fa0c-4eec-a794-d1f1be832e07@group-14427373BA86-LeaderElection5 ELECTION round 0: submit vote requests at term 1 for -1: [2699f4c4-fa0c-4eec-a794-d1f1be832e07|rpc:10.1.0.23:42117|priority:0, d4d12f57-f56f-4c9c-ab62-903c4e3b8a60|rpc:10.1.0.23:42455|priority:0, 4b6bcd3b-d6b3-4446-abce-c99d7a2dec67|rpc:10.1.0.23:34935|priority:1], old=null
2022-07-27 23:16:37,681 [grpc-default-executor-0] INFO  server.RaftServer$Division (RaftServerImpl.java:requestVote(1152)) - d4d12f57-f56f-4c9c-ab62-903c4e3b8a60@group-14427373BA86: receive requestVote(ELECTION, 2699f4c4-fa0c-4eec-a794-d1f1be832e07, group-14427373BA86, 1, (t:0, i:0))
2022-07-27 23:16:37,681 [grpc-default-executor-0] INFO  impl.VoteContext (VoteContext.java:log(48)) - d4d12f57-f56f-4c9c-ab62-903c4e3b8a60@group-14427373BA86-FOLLOWER: accept ELECTION from 2699f4c4-fa0c-4eec-a794-d1f1be832e07: our priority 0 <= candidate's priority 0
2022-07-27 23:16:37,681 [grpc-default-executor-0] INFO  server.RaftServer$Division (RaftServerImpl.java:setRole(299)) - d4d12f57-f56f-4c9c-ab62-903c4e3b8a60@group-14427373BA86: changes role from  FOLLOWER to FOLLOWER at term 1 for candidate:2699f4c4-fa0c-4eec-a794-d1f1be832e07
2022-07-27 23:16:37,681 [grpc-default-executor-0] INFO  impl.RoleInfo (RoleInfo.java:shutdownFollowerState(110)) - d4d12f57-f56f-4c9c-ab62-903c4e3b8a60: shutdown d4d12f57-f56f-4c9c-ab62-903c4e3b8a60@group-14427373BA86-FollowerState
2022-07-27 23:16:37,681 [grpc-default-executor-0] INFO  impl.RoleInfo (RoleInfo.java:updateAndGet(139)) - d4d12f57-f56f-4c9c-ab62-903c4e3b8a60: start d4d12f57-f56f-4c9c-ab62-903c4e3b8a60@group-14427373BA86-FollowerState
2022-07-27 23:16:37,681 [d4d12f57-f56f-4c9c-ab62-903c4e3b8a60@group-14427373BA86-FollowerState] INFO  impl.FollowerState (FollowerState.java:run(152)) - d4d12f57-f56f-4c9c-ab62-903c4e3b8a60@group-14427373BA86-FollowerState was interrupted
2022-07-27 23:16:37,684 [grpc-default-executor-2] INFO  server.RaftServer$Division (RaftServerImpl.java:requestVote(1152)) - 4b6bcd3b-d6b3-4446-abce-c99d7a2dec67@group-14427373BA86: receive requestVote(ELECTION, 2699f4c4-fa0c-4eec-a794-d1f1be832e07, group-14427373BA86, 1, (t:0, i:0))
2022-07-27 23:16:37,685 [grpc-default-executor-0] INFO  server.RaftServer$Division (RaftServerImpl.java:requestVote(1184)) - d4d12f57-f56f-4c9c-ab62-903c4e3b8a60@group-14427373BA86 replies to ELECTION vote request: 2699f4c4-fa0c-4eec-a794-d1f1be832e07<-d4d12f57-f56f-4c9c-ab62-903c4e3b8a60#0:OK-t1. Peer's state: d4d12f57-f56f-4c9c-ab62-903c4e3b8a60@group-14427373BA86:t1, leader=null, voted=2699f4c4-fa0c-4eec-a794-d1f1be832e07, raftlog=d4d12f57-f56f-4c9c-ab62-903c4e3b8a60@group-14427373BA86-SegmentedRaftLog:OPENED:c-1, conf=-1: [2699f4c4-fa0c-4eec-a794-d1f1be832e07|rpc:10.1.0.23:42117|priority:0, d4d12f57-f56f-4c9c-ab62-903c4e3b8a60|rpc:10.1.0.23:42455|priority:0, 4b6bcd3b-d6b3-4446-abce-c99d7a2dec67|rpc:10.1.0.23:34935|priority:1], old=null
2022-07-27 23:16:37,684 [grpc-default-executor-2] INFO  impl.VoteContext (VoteContext.java:log(48)) - 4b6bcd3b-d6b3-4446-abce-c99d7a2dec67@group-14427373BA86-FOLLOWER: reject ELECTION from 2699f4c4-fa0c-4eec-a794-d1f1be832e07: our priority 1 > candidate's priority 0
2022-07-27 23:16:37,690 [grpc-default-executor-2] INFO  server.RaftServer$Division (RaftServerImpl.java:setRole(299)) - 4b6bcd3b-d6b3-4446-abce-c99d7a2dec67@group-14427373BA86: changes role from  FOLLOWER to FOLLOWER at term 1 for candidate:2699f4c4-fa0c-4eec-a794-d1f1be832e07
2022-07-27 23:16:37,690 [grpc-default-executor-2] INFO  impl.RoleInfo (RoleInfo.java:shutdownFollowerState(110)) - 4b6bcd3b-d6b3-4446-abce-c99d7a2dec67: shutdown 4b6bcd3b-d6b3-4446-abce-c99d7a2dec67@group-14427373BA86-FollowerState
2022-07-27 23:16:37,690 [grpc-default-executor-2] INFO  impl.RoleInfo (RoleInfo.java:updateAndGet(139)) - 4b6bcd3b-d6b3-4446-abce-c99d7a2dec67: start 4b6bcd3b-d6b3-4446-abce-c99d7a2dec67@group-14427373BA86-FollowerState
2022-07-27 23:16:37,690 [4b6bcd3b-d6b3-4446-abce-c99d7a2dec67@group-14427373BA86-FollowerState] INFO  impl.FollowerState (FollowerState.java:run(152)) - 4b6bcd3b-d6b3-4446-abce-c99d7a2dec67@group-14427373BA86-FollowerState was interrupted
2022-07-27 23:16:37,695 [grpc-default-executor-2] INFO  server.RaftServer$Division (RaftServerImpl.java:requestVote(1184)) - 4b6bcd3b-d6b3-4446-abce-c99d7a2dec67@group-14427373BA86 replies to ELECTION vote request: 2699f4c4-fa0c-4eec-a794-d1f1be832e07<-4b6bcd3b-d6b3-4446-abce-c99d7a2dec67#0:FAIL-t1. Peer's state: 4b6bcd3b-d6b3-4446-abce-c99d7a2dec67@group-14427373BA86:t1, leader=null, voted=null, raftlog=4b6bcd3b-d6b3-4446-abce-c99d7a2dec67@group-14427373BA86-SegmentedRaftLog:OPENED:c-1, conf=-1: [2699f4c4-fa0c-4eec-a794-d1f1be832e07|rpc:10.1.0.23:42117|priority:0, d4d12f57-f56f-4c9c-ab62-903c4e3b8a60|rpc:10.1.0.23:42455|priority:0, 4b6bcd3b-d6b3-4446-abce-c99d7a2dec67|rpc:10.1.0.23:34935|priority:1], old=null
2022-07-27 23:16:37,698 [2699f4c4-fa0c-4eec-a794-d1f1be832e07@group-14427373BA86-LeaderElection5] INFO  impl.LeaderElection (LeaderElection.java:logAndReturn(90)) - 2699f4c4-fa0c-4eec-a794-d1f1be832e07@group-14427373BA86-LeaderElection5: ELECTION REJECTED received 2 response(s) and 0 exception(s):
2022-07-27 23:16:37,698 [2699f4c4-fa0c-4eec-a794-d1f1be832e07@group-14427373BA86-LeaderElection5] INFO  impl.LeaderElection (LeaderElection.java:logAndReturn(94)) -   Response 0: 2699f4c4-fa0c-4eec-a794-d1f1be832e07<-d4d12f57-f56f-4c9c-ab62-903c4e3b8a60#0:OK-t1
2022-07-27 23:16:37,698 [2699f4c4-fa0c-4eec-a794-d1f1be832e07@group-14427373BA86-LeaderElection5] INFO  impl.LeaderElection (LeaderElection.java:logAndReturn(94)) -   Response 1: 2699f4c4-fa0c-4eec-a794-d1f1be832e07<-4b6bcd3b-d6b3-4446-abce-c99d7a2dec67#0:FAIL-t1
2022-07-27 23:16:37,698 [2699f4c4-fa0c-4eec-a794-d1f1be832e07@group-14427373BA86-LeaderElection5] INFO  impl.LeaderElection (LeaderElection.java:askForVotes(312)) - 2699f4c4-fa0c-4eec-a794-d1f1be832e07@group-14427373BA86-LeaderElection5 ELECTION round 0: result REJECTED
2022-07-27 23:16:37,698 [2699f4c4-fa0c-4eec-a794-d1f1be832e07@group-14427373BA86-LeaderElection5] INFO  server.RaftServer$Division (RaftServerImpl.java:setRole(299)) - 2699f4c4-fa0c-4eec-a794-d1f1be832e07@group-14427373BA86: changes role from CANDIDATE to FOLLOWER at term 1 for REJECTED
2022-07-27 23:16:37,698 [2699f4c4-fa0c-4eec-a794-d1f1be832e07@group-14427373BA86-LeaderElection5] INFO  impl.RoleInfo (RoleInfo.java:shutdownLeaderElection(130)) - 2699f4c4-fa0c-4eec-a794-d1f1be832e07: shutdown 2699f4c4-fa0c-4eec-a794-d1f1be832e07@group-14427373BA86-LeaderElection5
2022-07-27 23:16:37,698 [2699f4c4-fa0c-4eec-a794-d1f1be832e07@group-14427373BA86-LeaderElection5] INFO  impl.RoleInfo (RoleInfo.java:updateAndGet(139)) - 2699f4c4-fa0c-4eec-a794-d1f1be832e07: start 2699f4c4-fa0c-4eec-a794-d1f1be832e07@group-14427373BA86-FollowerState
2022-07-27 23:16:37,718 [4b6bcd3b-d6b3-4446-abce-c99d7a2dec67@group-E2172B0D6F3E-FollowerState] INFO  impl.FollowerState (FollowerState.java:run(143)) - 4b6bcd3b-d6b3-4446-abce-c99d7a2dec67@group-E2172B0D6F3E-FollowerState: change to CANDIDATE, lastRpcElapsedTime:5025773636ns, electionTimeout:5025ms
2022-07-27 23:16:37,718 [4b6bcd3b-d6b3-4446-abce-c99d7a2dec67@group-E2172B0D6F3E-FollowerState] INFO  impl.RoleInfo (RoleInfo.java:shutdownFollowerState(110)) - 4b6bcd3b-d6b3-4446-abce-c99d7a2dec67: shutdown 4b6bcd3b-d6b3-4446-abce-c99d7a2dec67@group-E2172B0D6F3E-FollowerState
2022-07-27 23:16:37,718 [4b6bcd3b-d6b3-4446-abce-c99d7a2dec67@group-E2172B0D6F3E-FollowerState] INFO  server.RaftServer$Division (RaftServerImpl.java:setRole(299)) - 4b6bcd3b-d6b3-4446-abce-c99d7a2dec67@group-E2172B0D6F3E: changes role from  FOLLOWER to CANDIDATE at term 0 for changeToCandidate
2022-07-27 23:16:37,718 [4b6bcd3b-d6b3-4446-abce-c99d7a2dec67@group-E2172B0D6F3E-FollowerState] INFO  server.RaftServerConfigKeys (ConfUtils.java:logGet(46)) - raft.server.leaderelection.pre-vote = false (custom)
2022-07-27 23:16:37,718 [4b6bcd3b-d6b3-4446-abce-c99d7a2dec67@group-E2172B0D6F3E-FollowerState] INFO  impl.RoleInfo (RoleInfo.java:updateAndGet(139)) - 4b6bcd3b-d6b3-4446-abce-c99d7a2dec67: start 4b6bcd3b-d6b3-4446-abce-c99d7a2dec67@group-E2172B0D6F3E-LeaderElection6
2022-07-27 23:16:37,720 [4b6bcd3b-d6b3-4446-abce-c99d7a2dec67@group-E2172B0D6F3E-LeaderElection6] INFO  impl.LeaderElection (LeaderElection.java:askForVotes(310)) - 4b6bcd3b-d6b3-4446-abce-c99d7a2dec67@group-E2172B0D6F3E-LeaderElection6 ELECTION round 0: submit vote requests at term 1 for -1: [4b6bcd3b-d6b3-4446-abce-c99d7a2dec67|rpc:10.1.0.23:34935|priority:1], old=null
2022-07-27 23:16:37,720 [4b6bcd3b-d6b3-4446-abce-c99d7a2dec67@group-E2172B0D6F3E-LeaderElection6] INFO  impl.LeaderElection (LeaderElection.java:askForVotes(312)) - 4b6bcd3b-d6b3-4446-abce-c99d7a2dec67@group-E2172B0D6F3E-LeaderElection6 ELECTION round 0: result PASSED (term=1)
2022-07-27 23:16:37,720 [4b6bcd3b-d6b3-4446-abce-c99d7a2dec67@group-E2172B0D6F3E-LeaderElection6] INFO  impl.RoleInfo (RoleInfo.java:shutdownLeaderElection(130)) - 4b6bcd3b-d6b3-4446-abce-c99d7a2dec67: shutdown 4b6bcd3b-d6b3-4446-abce-c99d7a2dec67@group-E2172B0D6F3E-LeaderElection6
2022-07-27 23:16:37,720 [4b6bcd3b-d6b3-4446-abce-c99d7a2dec67@group-E2172B0D6F3E-LeaderElection6] INFO  server.RaftServer$Division (RaftServerImpl.java:setRole(299)) - 4b6bcd3b-d6b3-4446-abce-c99d7a2dec67@group-E2172B0D6F3E: changes role from CANDIDATE to LEADER at term 1 for changeToLeader
2022-07-27 23:16:37,721 [4b6bcd3b-d6b3-4446-abce-c99d7a2dec67@group-E2172B0D6F3E-LeaderElection6] INFO  ratis.XceiverServerRatis (XceiverServerRatis.java:handleLeaderChangedNotification(863)) - Leader change notification received for group: group-E2172B0D6F3E with new leaderId: 4b6bcd3b-d6b3-4446-abce-c99d7a2dec67
2022-07-27 23:16:37,721 [4b6bcd3b-d6b3-4446-abce-c99d7a2dec67@group-E2172B0D6F3E-LeaderElection6] INFO  server.RaftServer$Division (ServerState.java:setLeader(287)) - 4b6bcd3b-d6b3-4446-abce-c99d7a2dec67@group-E2172B0D6F3E: change Leader from null to 4b6bcd3b-d6b3-4446-abce-c99d7a2dec67 at term 1 for becomeLeader, leader elected after 5033ms
2022-07-27 23:16:37,721 [4b6bcd3b-d6b3-4446-abce-c99d7a2dec67@group-E2172B0D6F3E-LeaderElection6] INFO  server.RaftServerConfigKeys (ConfUtils.java:logGet(46)) - raft.server.staging.catchup.gap = 1000 (default)
2022-07-27 23:16:37,721 [4b6bcd3b-d6b3-4446-abce-c99d7a2dec67@group-E2172B0D6F3E-LeaderElection6] INFO  server.RaftServerConfigKeys (ConfUtils.java:logGet(46)) - raft.server.write.element-limit = 1024 (custom)
2022-07-27 23:16:37,721 [4b6bcd3b-d6b3-4446-abce-c99d7a2dec67@group-E2172B0D6F3E-LeaderElection6] INFO  server.RaftServerConfigKeys (ConfUtils.java:logGet(46)) - raft.server.write.byte-limit = 1024 M (=1073741824) (custom)
2022-07-27 23:16:37,722 [EventQueue-OpenPipelineForHealthyPipelineSafeModeRule] INFO  safemode.SCMSafeModeManager (HealthyPipelineSafeModeRule.java:process(137)) - SCM in safe mode. Healthy pipelines reported count is 0, required healthy pipeline reported count is 1
2022-07-27 23:16:37,723 [4b6bcd3b-d6b3-4446-abce-c99d7a2dec67@group-E2172B0D6F3E-LeaderElection6] INFO  server.RaftServerConfigKeys (ConfUtils.java:logGet(46)) - raft.server.watch.timeout = 180s (custom)
2022-07-27 23:16:37,723 [4b6bcd3b-d6b3-4446-abce-c99d7a2dec67@group-E2172B0D6F3E-LeaderElection6] INFO  server.RaftServerConfigKeys (ConfUtils.java:logGet(46)) - raft.server.watch.timeout.denomination = 1s (default)
2022-07-27 23:16:37,723 [4b6bcd3b-d6b3-4446-abce-c99d7a2dec67@group-E2172B0D6F3E-LeaderElection6] INFO  server.RaftServerConfigKeys (ConfUtils.java:logGet(46)) - raft.server.watch.element-limit = 65536 (default)
2022-07-27 23:16:37,724 [4b6bcd3b-d6b3-4446-abce-c99d7a2dec67@group-E2172B0D6F3E-LeaderElection6] INFO  server.RaftServerConfigKeys (ConfUtils.java:logGet(46)) - raft.server.write.element-limit = 1024 (custom)
2022-07-27 23:16:37,724 [4b6bcd3b-d6b3-4446-abce-c99d7a2dec67@group-E2172B0D6F3E-LeaderElection6] INFO  server.RaftServerConfigKeys (ConfUtils.java:logGet(46)) - raft.server.write.follower.gap.ratio.max = -1.0 (default)
2022-07-27 23:16:37,724 [4b6bcd3b-d6b3-4446-abce-c99d7a2dec67@group-E2172B0D6F3E-LeaderElection6] INFO  impl.RoleInfo (RoleInfo.java:updateAndGet(139)) - 4b6bcd3b-d6b3-4446-abce-c99d7a2dec67: start 4b6bcd3b-d6b3-4446-abce-c99d7a2dec67@group-E2172B0D6F3E-LeaderStateImpl
2022-07-27 23:16:37,724 [4b6bcd3b-d6b3-4446-abce-c99d7a2dec67@group-E2172B0D6F3E-LeaderElection6] INFO  segmented.SegmentedRaftLogWorker (SegmentedRaftLogWorker.java:startLogSegment(425)) - 4b6bcd3b-d6b3-4446-abce-c99d7a2dec67@group-E2172B0D6F3E-SegmentedRaftLogWorker: Starting segment from index:0
2022-07-27 23:16:37,726 [4b6bcd3b-d6b3-4446-abce-c99d7a2dec67@group-E2172B0D6F3E-SegmentedRaftLogWorker] INFO  segmented.SegmentedRaftLogWorker (SegmentedRaftLogWorker.java:execute(629)) - 4b6bcd3b-d6b3-4446-abce-c99d7a2dec67@group-E2172B0D6F3E-SegmentedRaftLogWorker: created new log segment /home/runner/work/ozone/ozone/hadoop-ozone/integration-test/target/test-dir/MiniOzoneClusterImpl-9e07804d-d88b-4889-9752-1ce24c589c62/datanode-2/data/ratis/1e9781b6-c544-47e7-94c6-e2172b0d6f3e/current/log_inprogress_0
2022-07-27 23:16:37,726 [4b6bcd3b-d6b3-4446-abce-c99d7a2dec67@group-E2172B0D6F3E-LeaderElection6] INFO  server.RaftServer$Division (ServerState.java:setRaftConf(393)) - 4b6bcd3b-d6b3-4446-abce-c99d7a2dec67@group-E2172B0D6F3E: set configuration 0: [4b6bcd3b-d6b3-4446-abce-c99d7a2dec67|rpc:10.1.0.23:34935|dataStream:|priority:1], old=null
2022-07-27 23:16:38,127 [8af6e6d9-b6c9-4f99-9118-f3886685fdcb@group-F86EE71F06BD-FollowerState] INFO  impl.FollowerState (FollowerState.java:run(143)) - 8af6e6d9-b6c9-4f99-9118-f3886685fdcb@group-F86EE71F06BD-FollowerState: change to CANDIDATE, lastRpcElapsedTime:5118095626ns, electionTimeout:5117ms
2022-07-27 23:16:38,127 [8af6e6d9-b6c9-4f99-9118-f3886685fdcb@group-F86EE71F06BD-FollowerState] INFO  impl.RoleInfo (RoleInfo.java:shutdownFollowerState(110)) - 8af6e6d9-b6c9-4f99-9118-f3886685fdcb: shutdown 8af6e6d9-b6c9-4f99-9118-f3886685fdcb@group-F86EE71F06BD-FollowerState
2022-07-27 23:16:38,127 [8af6e6d9-b6c9-4f99-9118-f3886685fdcb@group-F86EE71F06BD-FollowerState] INFO  server.RaftServer$Division (RaftServerImpl.java:setRole(299)) - 8af6e6d9-b6c9-4f99-9118-f3886685fdcb@group-F86EE71F06BD: changes role from  FOLLOWER to CANDIDATE at term 0 for changeToCandidate
2022-07-27 23:16:38,127 [8af6e6d9-b6c9-4f99-9118-f3886685fdcb@group-F86EE71F06BD-FollowerState] INFO  server.RaftServerConfigKeys (ConfUtils.java:logGet(46)) - raft.server.leaderelection.pre-vote = false (custom)
2022-07-27 23:16:38,127 [8af6e6d9-b6c9-4f99-9118-f3886685fdcb@group-F86EE71F06BD-FollowerState] INFO  impl.RoleInfo (RoleInfo.java:updateAndGet(139)) - 8af6e6d9-b6c9-4f99-9118-f3886685fdcb: start 8af6e6d9-b6c9-4f99-9118-f3886685fdcb@group-F86EE71F06BD-LeaderElection7
2022-07-27 23:16:38,129 [8af6e6d9-b6c9-4f99-9118-f3886685fdcb@group-F86EE71F06BD-LeaderElection7] INFO  impl.LeaderElection (LeaderElection.java:askForVotes(310)) - 8af6e6d9-b6c9-4f99-9118-f3886685fdcb@group-F86EE71F06BD-LeaderElection7 ELECTION round 0: submit vote requests at term 1 for -1: [8af6e6d9-b6c9-4f99-9118-f3886685fdcb|rpc:10.1.0.23:34069|priority:1], old=null
2022-07-27 23:16:38,129 [8af6e6d9-b6c9-4f99-9118-f3886685fdcb@group-F86EE71F06BD-LeaderElection7] INFO  impl.LeaderElection (LeaderElection.java:askForVotes(312)) - 8af6e6d9-b6c9-4f99-9118-f3886685fdcb@group-F86EE71F06BD-LeaderElection7 ELECTION round 0: result PASSED (term=1)
2022-07-27 23:16:38,129 [8af6e6d9-b6c9-4f99-9118-f3886685fdcb@group-F86EE71F06BD-LeaderElection7] INFO  impl.RoleInfo (RoleInfo.java:shutdownLeaderElection(130)) - 8af6e6d9-b6c9-4f99-9118-f3886685fdcb: shutdown 8af6e6d9-b6c9-4f99-9118-f3886685fdcb@group-F86EE71F06BD-LeaderElection7
2022-07-27 23:16:38,129 [8af6e6d9-b6c9-4f99-9118-f3886685fdcb@group-F86EE71F06BD-LeaderElection7] INFO  server.RaftServer$Division (RaftServerImpl.java:setRole(299)) - 8af6e6d9-b6c9-4f99-9118-f3886685fdcb@group-F86EE71F06BD: changes role from CANDIDATE to LEADER at term 1 for changeToLeader
2022-07-27 23:16:38,130 [8af6e6d9-b6c9-4f99-9118-f3886685fdcb@group-F86EE71F06BD-LeaderElection7] INFO  ratis.XceiverServerRatis (XceiverServerRatis.java:handleLeaderChangedNotification(863)) - Leader change notification received for group: group-F86EE71F06BD with new leaderId: 8af6e6d9-b6c9-4f99-9118-f3886685fdcb
2022-07-27 23:16:38,130 [8af6e6d9-b6c9-4f99-9118-f3886685fdcb@group-F86EE71F06BD-LeaderElection7] INFO  server.RaftServer$Division (ServerState.java:setLeader(287)) - 8af6e6d9-b6c9-4f99-9118-f3886685fdcb@group-F86EE71F06BD: change Leader from null to 8af6e6d9-b6c9-4f99-9118-f3886685fdcb at term 1 for becomeLeader, leader elected after 5141ms
2022-07-27 23:16:38,130 [8af6e6d9-b6c9-4f99-9118-f3886685fdcb@group-F86EE71F06BD-LeaderElection7] INFO  server.RaftServerConfigKeys (ConfUtils.java:logGet(46)) - raft.server.staging.catchup.gap = 1000 (default)
2022-07-27 23:16:38,130 [8af6e6d9-b6c9-4f99-9118-f3886685fdcb@group-F86EE71F06BD-LeaderElection7] INFO  server.RaftServerConfigKeys (ConfUtils.java:logGet(46)) - raft.server.write.element-limit = 1024 (custom)
2022-07-27 23:16:38,130 [8af6e6d9-b6c9-4f99-9118-f3886685fdcb@group-F86EE71F06BD-LeaderElection7] INFO  server.RaftServerConfigKeys (ConfUtils.java:logGet(46)) - raft.server.write.byte-limit = 1024 M (=1073741824) (custom)
2022-07-27 23:16:38,130 [8af6e6d9-b6c9-4f99-9118-f3886685fdcb@group-F86EE71F06BD-LeaderElection7] INFO  server.RaftServerConfigKeys (ConfUtils.java:logGet(46)) - raft.server.watch.timeout = 180s (custom)
2022-07-27 23:16:38,131 [8af6e6d9-b6c9-4f99-9118-f3886685fdcb@group-F86EE71F06BD-LeaderElection7] INFO  server.RaftServerConfigKeys (ConfUtils.java:logGet(46)) - raft.server.watch.timeout.denomination = 1s (default)
2022-07-27 23:16:38,131 [8af6e6d9-b6c9-4f99-9118-f3886685fdcb@group-F86EE71F06BD-LeaderElection7] INFO  server.RaftServerConfigKeys (ConfUtils.java:logGet(46)) - raft.server.watch.element-limit = 65536 (default)
2022-07-27 23:16:38,131 [8af6e6d9-b6c9-4f99-9118-f3886685fdcb@group-F86EE71F06BD-LeaderElection7] INFO  server.RaftServerConfigKeys (ConfUtils.java:logGet(46)) - raft.server.write.element-limit = 1024 (custom)
2022-07-27 23:16:38,131 [8af6e6d9-b6c9-4f99-9118-f3886685fdcb@group-F86EE71F06BD-LeaderElection7] INFO  server.RaftServerConfigKeys (ConfUtils.java:logGet(46)) - raft.server.write.follower.gap.ratio.max = -1.0 (default)
2022-07-27 23:16:38,131 [8af6e6d9-b6c9-4f99-9118-f3886685fdcb@group-F86EE71F06BD-LeaderElection7] INFO  impl.RoleInfo (RoleInfo.java:updateAndGet(139)) - 8af6e6d9-b6c9-4f99-9118-f3886685fdcb: start 8af6e6d9-b6c9-4f99-9118-f3886685fdcb@group-F86EE71F06BD-LeaderStateImpl
2022-07-27 23:16:38,131 [8af6e6d9-b6c9-4f99-9118-f3886685fdcb@group-F86EE71F06BD-LeaderElection7] INFO  segmented.SegmentedRaftLogWorker (SegmentedRaftLogWorker.java:startLogSegment(425)) - 8af6e6d9-b6c9-4f99-9118-f3886685fdcb@group-F86EE71F06BD-SegmentedRaftLogWorker: Starting segment from index:0
2022-07-27 23:16:38,133 [EventQueue-OpenPipelineForHealthyPipelineSafeModeRule] INFO  safemode.SCMSafeModeManager (HealthyPipelineSafeModeRule.java:process(137)) - SCM in safe mode. Healthy pipelines reported count is 0, required healthy pipeline reported count is 1
2022-07-27 23:16:38,134 [8af6e6d9-b6c9-4f99-9118-f3886685fdcb@group-F86EE71F06BD-SegmentedRaftLogWorker] INFO  segmented.SegmentedRaftLogWorker (SegmentedRaftLogWorker.java:execute(629)) - 8af6e6d9-b6c9-4f99-9118-f3886685fdcb@group-F86EE71F06BD-SegmentedRaftLogWorker: created new log segment /home/runner/work/ozone/ozone/hadoop-ozone/integration-test/target/test-dir/MiniOzoneClusterImpl-9e07804d-d88b-4889-9752-1ce24c589c62/datanode-3/data/ratis/9962c781-f6d6-4348-8585-f86ee71f06bd/current/log_inprogress_0
2022-07-27 23:16:38,138 [8af6e6d9-b6c9-4f99-9118-f3886685fdcb@group-F86EE71F06BD-LeaderElection7] INFO  server.RaftServer$Division (ServerState.java:setRaftConf(393)) - 8af6e6d9-b6c9-4f99-9118-f3886685fdcb@group-F86EE71F06BD: set configuration 0: [8af6e6d9-b6c9-4f99-9118-f3886685fdcb|rpc:10.1.0.23:34069|dataStream:|priority:1], old=null
2022-07-27 23:16:38,253 [Listener at 127.0.0.1/44809] INFO  ozone.MiniOzoneClusterImpl (MiniOzoneClusterImpl.java:lambda$waitForClusterToBeReady$0(216)) - Nodes are ready. Got 5 of 5 DN Heartbeats.
2022-07-27 23:16:38,253 [Listener at 127.0.0.1/44809] INFO  ozone.MiniOzoneClusterImpl (MiniOzoneClusterImpl.java:lambda$waitForClusterToBeReady$0(219)) - Waiting for cluster to exit safe mode
2022-07-27 23:16:38,253 [Listener at 127.0.0.1/44809] INFO  ozone.MiniOzoneClusterImpl (MiniOzoneClusterImpl.java:lambda$waitForClusterToBeReady$0(221)) - SCM became leader
2022-07-27 23:16:38,463 [d7b59a12-ffae-4927-b8fa-810822d92135@group-C463B5C87882-FollowerState] INFO  impl.FollowerState (FollowerState.java:run(143)) - d7b59a12-ffae-4927-b8fa-810822d92135@group-C463B5C87882-FollowerState: change to CANDIDATE, lastRpcElapsedTime:5190783852ns, electionTimeout:5190ms
2022-07-27 23:16:38,463 [d7b59a12-ffae-4927-b8fa-810822d92135@group-C463B5C87882-FollowerState] INFO  impl.RoleInfo (RoleInfo.java:shutdownFollowerState(110)) - d7b59a12-ffae-4927-b8fa-810822d92135: shutdown d7b59a12-ffae-4927-b8fa-810822d92135@group-C463B5C87882-FollowerState
2022-07-27 23:16:38,463 [d7b59a12-ffae-4927-b8fa-810822d92135@group-C463B5C87882-FollowerState] INFO  server.RaftServer$Division (RaftServerImpl.java:setRole(299)) - d7b59a12-ffae-4927-b8fa-810822d92135@group-C463B5C87882: changes role from  FOLLOWER to CANDIDATE at term 0 for changeToCandidate
2022-07-27 23:16:38,463 [d7b59a12-ffae-4927-b8fa-810822d92135@group-C463B5C87882-FollowerState] INFO  server.RaftServerConfigKeys (ConfUtils.java:logGet(46)) - raft.server.leaderelection.pre-vote = false (custom)
2022-07-27 23:16:38,463 [d7b59a12-ffae-4927-b8fa-810822d92135@group-C463B5C87882-FollowerState] INFO  impl.RoleInfo (RoleInfo.java:updateAndGet(139)) - d7b59a12-ffae-4927-b8fa-810822d92135: start d7b59a12-ffae-4927-b8fa-810822d92135@group-C463B5C87882-LeaderElection8
2022-07-27 23:16:38,465 [d7b59a12-ffae-4927-b8fa-810822d92135@group-C463B5C87882-LeaderElection8] INFO  impl.LeaderElection (LeaderElection.java:askForVotes(310)) - d7b59a12-ffae-4927-b8fa-810822d92135@group-C463B5C87882-LeaderElection8 ELECTION round 0: submit vote requests at term 1 for -1: [d7b59a12-ffae-4927-b8fa-810822d92135|rpc:10.1.0.23:37019|priority:1], old=null
2022-07-27 23:16:38,465 [d7b59a12-ffae-4927-b8fa-810822d92135@group-C463B5C87882-LeaderElection8] INFO  impl.LeaderElection (LeaderElection.java:askForVotes(312)) - d7b59a12-ffae-4927-b8fa-810822d92135@group-C463B5C87882-LeaderElection8 ELECTION round 0: result PASSED (term=1)
2022-07-27 23:16:38,465 [d7b59a12-ffae-4927-b8fa-810822d92135@group-C463B5C87882-LeaderElection8] INFO  impl.RoleInfo (RoleInfo.java:shutdownLeaderElection(130)) - d7b59a12-ffae-4927-b8fa-810822d92135: shutdown d7b59a12-ffae-4927-b8fa-810822d92135@group-C463B5C87882-LeaderElection8
2022-07-27 23:16:38,465 [d7b59a12-ffae-4927-b8fa-810822d92135@group-C463B5C87882-LeaderElection8] INFO  server.RaftServer$Division (RaftServerImpl.java:setRole(299)) - d7b59a12-ffae-4927-b8fa-810822d92135@group-C463B5C87882: changes role from CANDIDATE to LEADER at term 1 for changeToLeader
2022-07-27 23:16:38,466 [d7b59a12-ffae-4927-b8fa-810822d92135@group-C463B5C87882-LeaderElection8] INFO  ratis.XceiverServerRatis (XceiverServerRatis.java:handleLeaderChangedNotification(863)) - Leader change notification received for group: group-C463B5C87882 with new leaderId: d7b59a12-ffae-4927-b8fa-810822d92135
2022-07-27 23:16:38,466 [d7b59a12-ffae-4927-b8fa-810822d92135@group-C463B5C87882-LeaderElection8] INFO  server.RaftServer$Division (ServerState.java:setLeader(287)) - d7b59a12-ffae-4927-b8fa-810822d92135@group-C463B5C87882: change Leader from null to d7b59a12-ffae-4927-b8fa-810822d92135 at term 1 for becomeLeader, leader elected after 5205ms
2022-07-27 23:16:38,466 [d7b59a12-ffae-4927-b8fa-810822d92135@group-C463B5C87882-LeaderElection8] INFO  server.RaftServerConfigKeys (ConfUtils.java:logGet(46)) - raft.server.staging.catchup.gap = 1000 (default)
2022-07-27 23:16:38,466 [d7b59a12-ffae-4927-b8fa-810822d92135@group-C463B5C87882-LeaderElection8] INFO  server.RaftServerConfigKeys (ConfUtils.java:logGet(46)) - raft.server.write.element-limit = 1024 (custom)
2022-07-27 23:16:38,466 [d7b59a12-ffae-4927-b8fa-810822d92135@group-C463B5C87882-LeaderElection8] INFO  server.RaftServerConfigKeys (ConfUtils.java:logGet(46)) - raft.server.write.byte-limit = 1024 M (=1073741824) (custom)
2022-07-27 23:16:38,466 [d7b59a12-ffae-4927-b8fa-810822d92135@group-C463B5C87882-LeaderElection8] INFO  server.RaftServerConfigKeys (ConfUtils.java:logGet(46)) - raft.server.watch.timeout = 180s (custom)
2022-07-27 23:16:38,466 [d7b59a12-ffae-4927-b8fa-810822d92135@group-C463B5C87882-LeaderElection8] INFO  server.RaftServerConfigKeys (ConfUtils.java:logGet(46)) - raft.server.watch.timeout.denomination = 1s (default)
2022-07-27 23:16:38,466 [d7b59a12-ffae-4927-b8fa-810822d92135@group-C463B5C87882-LeaderElection8] INFO  server.RaftServerConfigKeys (ConfUtils.java:logGet(46)) - raft.server.watch.element-limit = 65536 (default)
2022-07-27 23:16:38,466 [d7b59a12-ffae-4927-b8fa-810822d92135@group-C463B5C87882-LeaderElection8] INFO  server.RaftServerConfigKeys (ConfUtils.java:logGet(46)) - raft.server.write.element-limit = 1024 (custom)
2022-07-27 23:16:38,467 [d7b59a12-ffae-4927-b8fa-810822d92135@group-C463B5C87882-LeaderElection8] INFO  server.RaftServerConfigKeys (ConfUtils.java:logGet(46)) - raft.server.write.follower.gap.ratio.max = -1.0 (default)
2022-07-27 23:16:38,467 [d7b59a12-ffae-4927-b8fa-810822d92135@group-C463B5C87882-LeaderElection8] INFO  impl.RoleInfo (RoleInfo.java:updateAndGet(139)) - d7b59a12-ffae-4927-b8fa-810822d92135: start d7b59a12-ffae-4927-b8fa-810822d92135@group-C463B5C87882-LeaderStateImpl
2022-07-27 23:16:38,467 [d7b59a12-ffae-4927-b8fa-810822d92135@group-C463B5C87882-LeaderElection8] INFO  segmented.SegmentedRaftLogWorker (SegmentedRaftLogWorker.java:startLogSegment(425)) - d7b59a12-ffae-4927-b8fa-810822d92135@group-C463B5C87882-SegmentedRaftLogWorker: Starting segment from index:0
2022-07-27 23:16:38,467 [EventQueue-OpenPipelineForHealthyPipelineSafeModeRule] INFO  safemode.SCMSafeModeManager (HealthyPipelineSafeModeRule.java:process(137)) - SCM in safe mode. Healthy pipelines reported count is 0, required healthy pipeline reported count is 1
2022-07-27 23:16:38,470 [d7b59a12-ffae-4927-b8fa-810822d92135@group-C463B5C87882-SegmentedRaftLogWorker] INFO  segmented.SegmentedRaftLogWorker (SegmentedRaftLogWorker.java:execute(629)) - d7b59a12-ffae-4927-b8fa-810822d92135@group-C463B5C87882-SegmentedRaftLogWorker: created new log segment /home/runner/work/ozone/ozone/hadoop-ozone/integration-test/target/test-dir/MiniOzoneClusterImpl-9e07804d-d88b-4889-9752-1ce24c589c62/datanode-4/data/ratis/fafe1b0c-96f3-4deb-b57b-c463b5c87882/current/log_inprogress_0
2022-07-27 23:16:38,475 [d7b59a12-ffae-4927-b8fa-810822d92135@group-C463B5C87882-LeaderElection8] INFO  server.RaftServer$Division (ServerState.java:setRaftConf(393)) - d7b59a12-ffae-4927-b8fa-810822d92135@group-C463B5C87882: set configuration 0: [d7b59a12-ffae-4927-b8fa-810822d92135|rpc:10.1.0.23:37019|dataStream:|priority:1], old=null
2022-07-27 23:16:39,254 [Listener at 127.0.0.1/44809] INFO  ozone.MiniOzoneClusterImpl (MiniOzoneClusterImpl.java:lambda$waitForClusterToBeReady$0(216)) - Nodes are ready. Got 5 of 5 DN Heartbeats.
2022-07-27 23:16:39,254 [Listener at 127.0.0.1/44809] INFO  ozone.MiniOzoneClusterImpl (MiniOzoneClusterImpl.java:lambda$waitForClusterToBeReady$0(219)) - Waiting for cluster to exit safe mode
2022-07-27 23:16:39,254 [Listener at 127.0.0.1/44809] INFO  ozone.MiniOzoneClusterImpl (MiniOzoneClusterImpl.java:lambda$waitForClusterToBeReady$0(221)) - SCM became leader
2022-07-27 23:16:40,254 [Listener at 127.0.0.1/44809] INFO  ozone.MiniOzoneClusterImpl (MiniOzoneClusterImpl.java:lambda$waitForClusterToBeReady$0(216)) - Nodes are ready. Got 5 of 5 DN Heartbeats.
2022-07-27 23:16:40,254 [Listener at 127.0.0.1/44809] INFO  ozone.MiniOzoneClusterImpl (MiniOzoneClusterImpl.java:lambda$waitForClusterToBeReady$0(219)) - Waiting for cluster to exit safe mode
2022-07-27 23:16:40,254 [Listener at 127.0.0.1/44809] INFO  ozone.MiniOzoneClusterImpl (MiniOzoneClusterImpl.java:lambda$waitForClusterToBeReady$0(221)) - SCM became leader
2022-07-27 23:16:41,255 [Listener at 127.0.0.1/44809] INFO  ozone.MiniOzoneClusterImpl (MiniOzoneClusterImpl.java:lambda$waitForClusterToBeReady$0(216)) - Nodes are ready. Got 5 of 5 DN Heartbeats.
2022-07-27 23:16:41,255 [Listener at 127.0.0.1/44809] INFO  ozone.MiniOzoneClusterImpl (MiniOzoneClusterImpl.java:lambda$waitForClusterToBeReady$0(219)) - Waiting for cluster to exit safe mode
2022-07-27 23:16:41,255 [Listener at 127.0.0.1/44809] INFO  ozone.MiniOzoneClusterImpl (MiniOzoneClusterImpl.java:lambda$waitForClusterToBeReady$0(221)) - SCM became leader
2022-07-27 23:16:42,191 [d4d12f57-f56f-4c9c-ab62-903c4e3b8a60@group-15C7C689DFF8-FollowerState] INFO  impl.FollowerState (FollowerState.java:run(143)) - d4d12f57-f56f-4c9c-ab62-903c4e3b8a60@group-15C7C689DFF8-FollowerState: change to CANDIDATE, lastRpcElapsedTime:5030898671ns, electionTimeout:5023ms
2022-07-27 23:16:42,192 [d4d12f57-f56f-4c9c-ab62-903c4e3b8a60@group-15C7C689DFF8-FollowerState] INFO  impl.RoleInfo (RoleInfo.java:shutdownFollowerState(110)) - d4d12f57-f56f-4c9c-ab62-903c4e3b8a60: shutdown d4d12f57-f56f-4c9c-ab62-903c4e3b8a60@group-15C7C689DFF8-FollowerState
2022-07-27 23:16:42,192 [d4d12f57-f56f-4c9c-ab62-903c4e3b8a60@group-15C7C689DFF8-FollowerState] INFO  server.RaftServer$Division (RaftServerImpl.java:setRole(299)) - d4d12f57-f56f-4c9c-ab62-903c4e3b8a60@group-15C7C689DFF8: changes role from  FOLLOWER to CANDIDATE at term 1 for changeToCandidate
2022-07-27 23:16:42,192 [d4d12f57-f56f-4c9c-ab62-903c4e3b8a60@group-15C7C689DFF8-FollowerState] INFO  server.RaftServerConfigKeys (ConfUtils.java:logGet(46)) - raft.server.leaderelection.pre-vote = false (custom)
2022-07-27 23:16:42,192 [d4d12f57-f56f-4c9c-ab62-903c4e3b8a60@group-15C7C689DFF8-FollowerState] INFO  impl.RoleInfo (RoleInfo.java:updateAndGet(139)) - d4d12f57-f56f-4c9c-ab62-903c4e3b8a60: start d4d12f57-f56f-4c9c-ab62-903c4e3b8a60@group-15C7C689DFF8-LeaderElection9
2022-07-27 23:16:42,194 [d4d12f57-f56f-4c9c-ab62-903c4e3b8a60@group-15C7C689DFF8-LeaderElection9] INFO  impl.LeaderElection (LeaderElection.java:askForVotes(310)) - d4d12f57-f56f-4c9c-ab62-903c4e3b8a60@group-15C7C689DFF8-LeaderElection9 ELECTION round 0: submit vote requests at term 2 for -1: [2699f4c4-fa0c-4eec-a794-d1f1be832e07|rpc:10.1.0.23:42117|priority:0, d4d12f57-f56f-4c9c-ab62-903c4e3b8a60|rpc:10.1.0.23:42455|priority:1, 4b6bcd3b-d6b3-4446-abce-c99d7a2dec67|rpc:10.1.0.23:34935|priority:0], old=null
2022-07-27 23:16:42,206 [grpc-default-executor-2] INFO  server.RaftServer$Division (RaftServerImpl.java:requestVote(1152)) - 2699f4c4-fa0c-4eec-a794-d1f1be832e07@group-15C7C689DFF8: receive requestVote(ELECTION, d4d12f57-f56f-4c9c-ab62-903c4e3b8a60, group-15C7C689DFF8, 2, (t:0, i:0))
2022-07-27 23:16:42,207 [grpc-default-executor-2] INFO  impl.VoteContext (VoteContext.java:log(48)) - 2699f4c4-fa0c-4eec-a794-d1f1be832e07@group-15C7C689DFF8-FOLLOWER: accept ELECTION from d4d12f57-f56f-4c9c-ab62-903c4e3b8a60: our priority 0 <= candidate's priority 1
2022-07-27 23:16:42,207 [grpc-default-executor-2] INFO  server.RaftServer$Division (RaftServerImpl.java:setRole(299)) - 2699f4c4-fa0c-4eec-a794-d1f1be832e07@group-15C7C689DFF8: changes role from  FOLLOWER to FOLLOWER at term 2 for candidate:d4d12f57-f56f-4c9c-ab62-903c4e3b8a60
2022-07-27 23:16:42,207 [grpc-default-executor-2] INFO  impl.RoleInfo (RoleInfo.java:shutdownFollowerState(110)) - 2699f4c4-fa0c-4eec-a794-d1f1be832e07: shutdown 2699f4c4-fa0c-4eec-a794-d1f1be832e07@group-15C7C689DFF8-FollowerState
2022-07-27 23:16:42,207 [grpc-default-executor-2] INFO  impl.RoleInfo (RoleInfo.java:updateAndGet(139)) - 2699f4c4-fa0c-4eec-a794-d1f1be832e07: start 2699f4c4-fa0c-4eec-a794-d1f1be832e07@group-15C7C689DFF8-FollowerState
2022-07-27 23:16:42,207 [2699f4c4-fa0c-4eec-a794-d1f1be832e07@group-15C7C689DFF8-FollowerState] INFO  impl.FollowerState (FollowerState.java:run(152)) - 2699f4c4-fa0c-4eec-a794-d1f1be832e07@group-15C7C689DFF8-FollowerState was interrupted
2022-07-27 23:16:42,210 [grpc-default-executor-2] INFO  server.RaftServer$Division (RaftServerImpl.java:requestVote(1184)) - 2699f4c4-fa0c-4eec-a794-d1f1be832e07@group-15C7C689DFF8 replies to ELECTION vote request: d4d12f57-f56f-4c9c-ab62-903c4e3b8a60<-2699f4c4-fa0c-4eec-a794-d1f1be832e07#0:OK-t2. Peer's state: 2699f4c4-fa0c-4eec-a794-d1f1be832e07@group-15C7C689DFF8:t2, leader=null, voted=d4d12f57-f56f-4c9c-ab62-903c4e3b8a60, raftlog=2699f4c4-fa0c-4eec-a794-d1f1be832e07@group-15C7C689DFF8-SegmentedRaftLog:OPENED:c-1, conf=-1: [2699f4c4-fa0c-4eec-a794-d1f1be832e07|rpc:10.1.0.23:42117|priority:0, d4d12f57-f56f-4c9c-ab62-903c4e3b8a60|rpc:10.1.0.23:42455|priority:1, 4b6bcd3b-d6b3-4446-abce-c99d7a2dec67|rpc:10.1.0.23:34935|priority:0], old=null
2022-07-27 23:16:42,212 [d4d12f57-f56f-4c9c-ab62-903c4e3b8a60@group-15C7C689DFF8-LeaderElection9] INFO  impl.LeaderElection (LeaderElection.java:logAndReturn(90)) - d4d12f57-f56f-4c9c-ab62-903c4e3b8a60@group-15C7C689DFF8-LeaderElection9: ELECTION PASSED received 1 response(s) and 0 exception(s):
2022-07-27 23:16:42,212 [d4d12f57-f56f-4c9c-ab62-903c4e3b8a60@group-15C7C689DFF8-LeaderElection9] INFO  impl.LeaderElection (LeaderElection.java:logAndReturn(94)) -   Response 0: d4d12f57-f56f-4c9c-ab62-903c4e3b8a60<-2699f4c4-fa0c-4eec-a794-d1f1be832e07#0:OK-t2
2022-07-27 23:16:42,212 [d4d12f57-f56f-4c9c-ab62-903c4e3b8a60@group-15C7C689DFF8-LeaderElection9] INFO  impl.LeaderElection (LeaderElection.java:askForVotes(312)) - d4d12f57-f56f-4c9c-ab62-903c4e3b8a60@group-15C7C689DFF8-LeaderElection9 ELECTION round 0: result PASSED
2022-07-27 23:16:42,212 [d4d12f57-f56f-4c9c-ab62-903c4e3b8a60@group-15C7C689DFF8-LeaderElection9] INFO  impl.RoleInfo (RoleInfo.java:shutdownLeaderElection(130)) - d4d12f57-f56f-4c9c-ab62-903c4e3b8a60: shutdown d4d12f57-f56f-4c9c-ab62-903c4e3b8a60@group-15C7C689DFF8-LeaderElection9
2022-07-27 23:16:42,212 [d4d12f57-f56f-4c9c-ab62-903c4e3b8a60@group-15C7C689DFF8-LeaderElection9] INFO  server.RaftServer$Division (RaftServerImpl.java:setRole(299)) - d4d12f57-f56f-4c9c-ab62-903c4e3b8a60@group-15C7C689DFF8: changes role from CANDIDATE to LEADER at term 2 for changeToLeader
2022-07-27 23:16:42,212 [d4d12f57-f56f-4c9c-ab62-903c4e3b8a60@group-15C7C689DFF8-LeaderElection9] INFO  ratis.XceiverServerRatis (XceiverServerRatis.java:handleLeaderChangedNotification(863)) - Leader change notification received for group: group-15C7C689DFF8 with new leaderId: d4d12f57-f56f-4c9c-ab62-903c4e3b8a60
2022-07-27 23:16:42,212 [d4d12f57-f56f-4c9c-ab62-903c4e3b8a60@group-15C7C689DFF8-LeaderElection9] INFO  server.RaftServer$Division (ServerState.java:setLeader(287)) - d4d12f57-f56f-4c9c-ab62-903c4e3b8a60@group-15C7C689DFF8: change Leader from null to d4d12f57-f56f-4c9c-ab62-903c4e3b8a60 at term 2 for becomeLeader, leader elected after 9770ms
2022-07-27 23:16:42,213 [d4d12f57-f56f-4c9c-ab62-903c4e3b8a60@group-15C7C689DFF8-LeaderElection9] INFO  server.RaftServerConfigKeys (ConfUtils.java:logGet(46)) - raft.server.staging.catchup.gap = 1000 (default)
2022-07-27 23:16:42,213 [d4d12f57-f56f-4c9c-ab62-903c4e3b8a60@group-15C7C689DFF8-LeaderElection9] INFO  server.RaftServerConfigKeys (ConfUtils.java:logGet(46)) - raft.server.write.element-limit = 1024 (custom)
2022-07-27 23:16:42,213 [d4d12f57-f56f-4c9c-ab62-903c4e3b8a60@group-15C7C689DFF8-LeaderElection9] INFO  server.RaftServerConfigKeys (ConfUtils.java:logGet(46)) - raft.server.write.byte-limit = 1024 M (=1073741824) (custom)
2022-07-27 23:16:42,213 [d4d12f57-f56f-4c9c-ab62-903c4e3b8a60@group-15C7C689DFF8-LeaderElection9] INFO  server.RaftServerConfigKeys (ConfUtils.java:logGet(46)) - raft.server.watch.timeout = 180s (custom)
2022-07-27 23:16:42,213 [d4d12f57-f56f-4c9c-ab62-903c4e3b8a60@group-15C7C689DFF8-LeaderElection9] INFO  server.RaftServerConfigKeys (ConfUtils.java:logGet(46)) - raft.server.watch.timeout.denomination = 1s (default)
2022-07-27 23:16:42,213 [d4d12f57-f56f-4c9c-ab62-903c4e3b8a60@group-15C7C689DFF8-LeaderElection9] INFO  server.RaftServerConfigKeys (ConfUtils.java:logGet(46)) - raft.server.watch.element-limit = 65536 (default)
2022-07-27 23:16:42,213 [d4d12f57-f56f-4c9c-ab62-903c4e3b8a60@group-15C7C689DFF8-LeaderElection9] INFO  server.RaftServerConfigKeys (ConfUtils.java:logGet(46)) - raft.server.write.element-limit = 1024 (custom)
2022-07-27 23:16:42,213 [d4d12f57-f56f-4c9c-ab62-903c4e3b8a60@group-15C7C689DFF8-LeaderElection9] INFO  server.RaftServerConfigKeys (ConfUtils.java:logGet(46)) - raft.server.write.follower.gap.ratio.max = -1.0 (default)
2022-07-27 23:16:42,218 [EventQueue-PipelineReportForPipelineReportHandler] INFO  pipeline.PipelineManagerImpl (PipelineManagerImpl.java:openPipeline(367)) - Pipeline Pipeline[ Id: dd7e3349-faaf-42b7-8a4a-15c7c689dff8, Nodes: 2699f4c4-fa0c-4eec-a794-d1f1be832e07{ip: 10.1.0.23, host: fv-az129-30.sikifmtxjocetiwdfcy5r2sqla.phxx.internal.cloudapp.net, ports: [REPLICATION=33801, RATIS=42117, RATIS_ADMIN=42117, RATIS_SERVER=42117, STANDALONE=43785], networkLocation: /default-rack, certSerialId: null, persistedOpState: IN_SERVICE, persistedOpStateExpiryEpochSec: 0}d4d12f57-f56f-4c9c-ab62-903c4e3b8a60{ip: 10.1.0.23, host: fv-az129-30.sikifmtxjocetiwdfcy5r2sqla.phxx.internal.cloudapp.net, ports: [REPLICATION=44987, RATIS=42455, RATIS_ADMIN=42455, RATIS_SERVER=42455, STANDALONE=43405], networkLocation: /default-rack, certSerialId: null, persistedOpState: IN_SERVICE, persistedOpStateExpiryEpochSec: 0}4b6bcd3b-d6b3-4446-abce-c99d7a2dec67{ip: 10.1.0.23, host: fv-az129-30.sikifmtxjocetiwdfcy5r2sqla.phxx.internal.cloudapp.net, ports: [REPLICATION=34035, RATIS=34935, RATIS_ADMIN=34935, RATIS_SERVER=34935, STANDALONE=38471], networkLocation: /default-rack, certSerialId: null, persistedOpState: IN_SERVICE, persistedOpStateExpiryEpochSec: 0}, ReplicationConfig: RATIS/THREE, State:ALLOCATED, leaderId:d4d12f57-f56f-4c9c-ab62-903c4e3b8a60, CreationTimestamp2022-07-27T23:16:29.675Z[Etc/UTC]] moved to OPEN state
2022-07-27 23:16:42,219 [EventQueue-OpenPipelineForHealthyPipelineSafeModeRule] INFO  safemode.SCMSafeModeManager (HealthyPipelineSafeModeRule.java:process(137)) - SCM in safe mode. Healthy pipelines reported count is 1, required healthy pipeline reported count is 1
2022-07-27 23:16:42,219 [EventQueue-OpenPipelineForHealthyPipelineSafeModeRule] INFO  safemode.SCMSafeModeManager (SCMSafeModeManager.java:validateSafeModeExitRules(204)) - HealthyPipelineSafeModeRule rule is successfully validated
2022-07-27 23:16:42,219 [EventQueue-OpenPipelineForHealthyPipelineSafeModeRule] INFO  safemode.SCMSafeModeManager (SCMSafeModeManager.java:validateSafeModeExitRules(219)) - ScmSafeModeManager, all rules are successfully validated
2022-07-27 23:16:42,219 [EventQueue-OpenPipelineForHealthyPipelineSafeModeRule] INFO  safemode.SCMSafeModeManager (SCMSafeModeManager.java:exitSafeMode(248)) - SCM exiting safe mode.
2022-07-27 23:16:42,219 [EventQueue-OpenPipelineForHealthyPipelineSafeModeRule] WARN  events.EventQueue (EventQueue.java:fireEvent(216)) - No event handler registered for event TypedEvent{payloadType=SafeModeStatus, name='Safe mode status'}
2022-07-27 23:16:42,219 [EventQueue-OpenPipelineForHealthyPipelineSafeModeRule] INFO  ha.SCMContext (SCMContext.java:updateSafeModeStatus(228)) - Update SafeModeStatus from SafeModeStatus{safeModeStatus=true, preCheckPassed=true} to SafeModeStatus{safeModeStatus=false, preCheckPassed=true}.
2022-07-27 23:16:42,220 [EventQueue-OpenPipelineForHealthyPipelineSafeModeRule] INFO  pipeline.BackgroundPipelineCreator (BackgroundPipelineCreator.java:notifyStatusChanged(254)) - Service BackgroundPipelineCreator transitions to RUNNING.
2022-07-27 23:16:42,220 [EventQueue-OpenPipelineForHealthyPipelineSafeModeRule] INFO  BackgroundPipelineScrubber (BackgroundSCMService.java:notifyStatusChanged(82)) - Service BackgroundPipelineScrubber transitions to RUNNING.
2022-07-27 23:16:42,220 [EventQueue-OpenPipelineForHealthyPipelineSafeModeRule] INFO  ExpiredContainerReplicaOpScrubber (BackgroundSCMService.java:notifyStatusChanged(82)) - Service ExpiredContainerReplicaOpScrubber transitions to RUNNING.
2022-07-27 23:16:42,220 [EventQueue-OpenPipelineForHealthyPipelineSafeModeRule] INFO  UnderReplicatedQueueThread (BackgroundSCMService.java:notifyStatusChanged(82)) - Service UnderReplicatedQueueThread transitions to RUNNING.
2022-07-27 23:16:42,220 [EventQueue-OpenPipelineForHealthyPipelineSafeModeRule] INFO  OverReplicatedQueueThread (BackgroundSCMService.java:notifyStatusChanged(82)) - Service OverReplicatedQueueThread transitions to RUNNING.
2022-07-27 23:16:42,220 [EventQueue-OpenPipelineForHealthyPipelineSafeModeRule] INFO  replication.ReplicationManager (ReplicationManager.java:notifyStatusChanged(642)) - Service ReplicationManager transitions to RUNNING.
2022-07-27 23:16:42,220 [EventQueue-OpenPipelineForHealthyPipelineSafeModeRule] WARN  balancer.ContainerBalancer (ContainerBalancer.java:shouldRun(903)) - Could not find persisted configuration for ContainerBalancer when checking if ContainerBalancer should run. ContainerBalancer should not run now.
2022-07-27 23:16:42,222 [grpc-default-executor-2] INFO  server.RaftServer$Division (RaftServerImpl.java:requestVote(1152)) - 4b6bcd3b-d6b3-4446-abce-c99d7a2dec67@group-15C7C689DFF8: receive requestVote(ELECTION, d4d12f57-f56f-4c9c-ab62-903c4e3b8a60, group-15C7C689DFF8, 2, (t:0, i:0))
2022-07-27 23:16:42,224 [grpc-default-executor-2] INFO  impl.VoteContext (VoteContext.java:log(48)) - 4b6bcd3b-d6b3-4446-abce-c99d7a2dec67@group-15C7C689DFF8-FOLLOWER: accept ELECTION from d4d12f57-f56f-4c9c-ab62-903c4e3b8a60: our priority 0 <= candidate's priority 1
2022-07-27 23:16:42,224 [grpc-default-executor-2] INFO  server.RaftServer$Division (RaftServerImpl.java:setRole(299)) - 4b6bcd3b-d6b3-4446-abce-c99d7a2dec67@group-15C7C689DFF8: changes role from  FOLLOWER to FOLLOWER at term 2 for candidate:d4d12f57-f56f-4c9c-ab62-903c4e3b8a60
2022-07-27 23:16:42,224 [grpc-default-executor-2] INFO  impl.RoleInfo (RoleInfo.java:shutdownFollowerState(110)) - 4b6bcd3b-d6b3-4446-abce-c99d7a2dec67: shutdown 4b6bcd3b-d6b3-4446-abce-c99d7a2dec67@group-15C7C689DFF8-FollowerState
2022-07-27 23:16:42,224 [d4d12f57-f56f-4c9c-ab62-903c4e3b8a60@group-15C7C689DFF8-LeaderElection9] INFO  server.RaftServerConfigKeys (ConfUtils.java:logGet(46)) - raft.server.log.appender.snapshot.chunk.size.max = 16MB (=16777216) (default)
2022-07-27 23:16:42,224 [4b6bcd3b-d6b3-4446-abce-c99d7a2dec67@group-15C7C689DFF8-FollowerState] INFO  impl.FollowerState (FollowerState.java:run(152)) - 4b6bcd3b-d6b3-4446-abce-c99d7a2dec67@group-15C7C689DFF8-FollowerState was interrupted
2022-07-27 23:16:42,224 [grpc-default-executor-2] INFO  impl.RoleInfo (RoleInfo.java:updateAndGet(139)) - 4b6bcd3b-d6b3-4446-abce-c99d7a2dec67: start 4b6bcd3b-d6b3-4446-abce-c99d7a2dec67@group-15C7C689DFF8-FollowerState
2022-07-27 23:16:42,230 [d4d12f57-f56f-4c9c-ab62-903c4e3b8a60@group-15C7C689DFF8-LeaderElection9] INFO  server.RaftServerConfigKeys (ConfUtils.java:logGet(46)) - raft.server.log.appender.buffer.byte-limit = 33554432 (custom)
2022-07-27 23:16:42,230 [d4d12f57-f56f-4c9c-ab62-903c4e3b8a60@group-15C7C689DFF8-LeaderElection9] INFO  server.RaftServerConfigKeys (ConfUtils.java:logGet(46)) - raft.server.log.appender.buffer.element-limit = 1 (custom)
2022-07-27 23:16:42,232 [grpc-default-executor-2] INFO  server.RaftServer$Division (RaftServerImpl.java:requestVote(1184)) - 4b6bcd3b-d6b3-4446-abce-c99d7a2dec67@group-15C7C689DFF8 replies to ELECTION vote request: d4d12f57-f56f-4c9c-ab62-903c4e3b8a60<-4b6bcd3b-d6b3-4446-abce-c99d7a2dec67#0:OK-t2. Peer's state: 4b6bcd3b-d6b3-4446-abce-c99d7a2dec67@group-15C7C689DFF8:t2, leader=null, voted=d4d12f57-f56f-4c9c-ab62-903c4e3b8a60, raftlog=4b6bcd3b-d6b3-4446-abce-c99d7a2dec67@group-15C7C689DFF8-SegmentedRaftLog:OPENED:c-1, conf=-1: [2699f4c4-fa0c-4eec-a794-d1f1be832e07|rpc:10.1.0.23:42117|dataStream:|priority:0, d4d12f57-f56f-4c9c-ab62-903c4e3b8a60|rpc:10.1.0.23:42455|dataStream:|priority:1, 4b6bcd3b-d6b3-4446-abce-c99d7a2dec67|rpc:10.1.0.23:34935|dataStream:|priority:0], old=null
2022-07-27 23:16:42,235 [d4d12f57-f56f-4c9c-ab62-903c4e3b8a60@group-15C7C689DFF8-LeaderElection9] INFO  grpc.GrpcConfigKeys (ConfUtils.java:logGet(46)) - raft.grpc.server.leader.outstanding.appends.max = 128 (default)
2022-07-27 23:16:42,235 [d4d12f57-f56f-4c9c-ab62-903c4e3b8a60@group-15C7C689DFF8-LeaderElection9] INFO  server.RaftServerConfigKeys (ConfUtils.java:logGet(46)) - raft.server.rpc.request.timeout = 60s (custom)
2022-07-27 23:16:42,235 [d4d12f57-f56f-4c9c-ab62-903c4e3b8a60@group-15C7C689DFF8-LeaderElection9] INFO  server.RaftServerConfigKeys (ConfUtils.java:logGet(46)) - raft.server.log.appender.install.snapshot.enabled = false (custom)
2022-07-27 23:16:42,237 [d4d12f57-f56f-4c9c-ab62-903c4e3b8a60@group-15C7C689DFF8-LeaderElection9] INFO  server.RaftServerConfigKeys (ConfUtils.java:logGet(46)) - raft.server.log.appender.snapshot.chunk.size.max = 16MB (=16777216) (default)
2022-07-27 23:16:42,237 [d4d12f57-f56f-4c9c-ab62-903c4e3b8a60@group-15C7C689DFF8-LeaderElection9] INFO  server.RaftServerConfigKeys (ConfUtils.java:logGet(46)) - raft.server.log.appender.buffer.byte-limit = 33554432 (custom)
2022-07-27 23:16:42,237 [d4d12f57-f56f-4c9c-ab62-903c4e3b8a60@group-15C7C689DFF8-LeaderElection9] INFO  server.RaftServerConfigKeys (ConfUtils.java:logGet(46)) - raft.server.log.appender.buffer.element-limit = 1 (custom)
2022-07-27 23:16:42,237 [d4d12f57-f56f-4c9c-ab62-903c4e3b8a60@group-15C7C689DFF8-LeaderElection9] INFO  grpc.GrpcConfigKeys (ConfUtils.java:logGet(46)) - raft.grpc.server.leader.outstanding.appends.max = 128 (default)
2022-07-27 23:16:42,237 [d4d12f57-f56f-4c9c-ab62-903c4e3b8a60@group-15C7C689DFF8-LeaderElection9] INFO  server.RaftServerConfigKeys (ConfUtils.java:logGet(46)) - raft.server.rpc.request.timeout = 60s (custom)
2022-07-27 23:16:42,237 [d4d12f57-f56f-4c9c-ab62-903c4e3b8a60@group-15C7C689DFF8-LeaderElection9] INFO  server.RaftServerConfigKeys (ConfUtils.java:logGet(46)) - raft.server.log.appender.install.snapshot.enabled = false (custom)
2022-07-27 23:16:42,238 [d4d12f57-f56f-4c9c-ab62-903c4e3b8a60@group-15C7C689DFF8-LeaderElection9] INFO  impl.RoleInfo (RoleInfo.java:updateAndGet(139)) - d4d12f57-f56f-4c9c-ab62-903c4e3b8a60: start d4d12f57-f56f-4c9c-ab62-903c4e3b8a60@group-15C7C689DFF8-LeaderStateImpl
2022-07-27 23:16:42,238 [d4d12f57-f56f-4c9c-ab62-903c4e3b8a60@group-15C7C689DFF8-LeaderElection9] INFO  segmented.SegmentedRaftLogWorker (SegmentedRaftLogWorker.java:startLogSegment(425)) - d4d12f57-f56f-4c9c-ab62-903c4e3b8a60@group-15C7C689DFF8-SegmentedRaftLogWorker: Starting segment from index:0
2022-07-27 23:16:42,239 [d4d12f57-f56f-4c9c-ab62-903c4e3b8a60@group-15C7C689DFF8-SegmentedRaftLogWorker] INFO  segmented.SegmentedRaftLogWorker (SegmentedRaftLogWorker.java:execute(629)) - d4d12f57-f56f-4c9c-ab62-903c4e3b8a60@group-15C7C689DFF8-SegmentedRaftLogWorker: created new log segment /home/runner/work/ozone/ozone/hadoop-ozone/integration-test/target/test-dir/MiniOzoneClusterImpl-9e07804d-d88b-4889-9752-1ce24c589c62/datanode-1/data/ratis/dd7e3349-faaf-42b7-8a4a-15c7c689dff8/current/log_inprogress_0
2022-07-27 23:16:42,246 [d4d12f57-f56f-4c9c-ab62-903c4e3b8a60@group-15C7C689DFF8-LeaderElection9] INFO  server.RaftServer$Division (ServerState.java:setRaftConf(393)) - d4d12f57-f56f-4c9c-ab62-903c4e3b8a60@group-15C7C689DFF8: set configuration 0: [2699f4c4-fa0c-4eec-a794-d1f1be832e07|rpc:10.1.0.23:42117|dataStream:|priority:0, d4d12f57-f56f-4c9c-ab62-903c4e3b8a60|rpc:10.1.0.23:42455|dataStream:|priority:1, 4b6bcd3b-d6b3-4446-abce-c99d7a2dec67|rpc:10.1.0.23:34935|dataStream:|priority:0], old=null
2022-07-27 23:16:42,255 [Listener at 127.0.0.1/44809] INFO  ozone.MiniOzoneClusterImpl (MiniOzoneClusterImpl.java:lambda$waitForClusterToBeReady$0(216)) - Nodes are ready. Got 5 of 5 DN Heartbeats.
2022-07-27 23:16:42,255 [Listener at 127.0.0.1/44809] INFO  ozone.MiniOzoneClusterImpl (MiniOzoneClusterImpl.java:lambda$waitForClusterToBeReady$0(219)) - Cluster exits safe mode
2022-07-27 23:16:42,255 [Listener at 127.0.0.1/44809] INFO  ozone.MiniOzoneClusterImpl (MiniOzoneClusterImpl.java:lambda$waitForClusterToBeReady$0(221)) - SCM became leader
2022-07-27 23:16:42,282 [2699f4c4-fa0c-4eec-a794-d1f1be832e07-server-thread1] INFO  ratis.XceiverServerRatis (XceiverServerRatis.java:handleLeaderChangedNotification(863)) - Leader change notification received for group: group-15C7C689DFF8 with new leaderId: d4d12f57-f56f-4c9c-ab62-903c4e3b8a60
2022-07-27 23:16:42,282 [2699f4c4-fa0c-4eec-a794-d1f1be832e07-server-thread1] INFO  server.RaftServer$Division (ServerState.java:setLeader(287)) - 2699f4c4-fa0c-4eec-a794-d1f1be832e07@group-15C7C689DFF8: change Leader from null to d4d12f57-f56f-4c9c-ab62-903c4e3b8a60 at term 2 for appendEntries, leader elected after 10338ms
2022-07-27 23:16:42,291 [4b6bcd3b-d6b3-4446-abce-c99d7a2dec67-server-thread1] INFO  ratis.XceiverServerRatis (XceiverServerRatis.java:handleLeaderChangedNotification(863)) - Leader change notification received for group: group-15C7C689DFF8 with new leaderId: d4d12f57-f56f-4c9c-ab62-903c4e3b8a60
2022-07-27 23:16:42,291 [4b6bcd3b-d6b3-4446-abce-c99d7a2dec67-server-thread1] INFO  server.RaftServer$Division (ServerState.java:setLeader(287)) - 4b6bcd3b-d6b3-4446-abce-c99d7a2dec67@group-15C7C689DFF8: change Leader from null to d4d12f57-f56f-4c9c-ab62-903c4e3b8a60 at term 2 for appendEntries, leader elected after 9718ms
2022-07-27 23:16:42,334 [4b6bcd3b-d6b3-4446-abce-c99d7a2dec67-server-thread1] INFO  server.RaftServer$Division (ServerState.java:setRaftConf(393)) - 4b6bcd3b-d6b3-4446-abce-c99d7a2dec67@group-15C7C689DFF8: set configuration 0: [2699f4c4-fa0c-4eec-a794-d1f1be832e07|rpc:10.1.0.23:42117|dataStream:|priority:0, d4d12f57-f56f-4c9c-ab62-903c4e3b8a60|rpc:10.1.0.23:42455|dataStream:|priority:1, 4b6bcd3b-d6b3-4446-abce-c99d7a2dec67|rpc:10.1.0.23:34935|dataStream:|priority:0], old=null
2022-07-27 23:16:42,335 [4b6bcd3b-d6b3-4446-abce-c99d7a2dec67-server-thread1] INFO  segmented.SegmentedRaftLogWorker (SegmentedRaftLogWorker.java:startLogSegment(425)) - 4b6bcd3b-d6b3-4446-abce-c99d7a2dec67@group-15C7C689DFF8-SegmentedRaftLogWorker: Starting segment from index:0
2022-07-27 23:16:42,336 [4b6bcd3b-d6b3-4446-abce-c99d7a2dec67@group-15C7C689DFF8-SegmentedRaftLogWorker] INFO  segmented.SegmentedRaftLogWorker (SegmentedRaftLogWorker.java:execute(629)) - 4b6bcd3b-d6b3-4446-abce-c99d7a2dec67@group-15C7C689DFF8-SegmentedRaftLogWorker: created new log segment /home/runner/work/ozone/ozone/hadoop-ozone/integration-test/target/test-dir/MiniOzoneClusterImpl-9e07804d-d88b-4889-9752-1ce24c589c62/datanode-2/data/ratis/dd7e3349-faaf-42b7-8a4a-15c7c689dff8/current/log_inprogress_0
2022-07-27 23:16:42,336 [2699f4c4-fa0c-4eec-a794-d1f1be832e07-server-thread2] INFO  server.RaftServer$Division (ServerState.java:setRaftConf(393)) - 2699f4c4-fa0c-4eec-a794-d1f1be832e07@group-15C7C689DFF8: set configuration 0: [2699f4c4-fa0c-4eec-a794-d1f1be832e07|rpc:10.1.0.23:42117|dataStream:|priority:0, d4d12f57-f56f-4c9c-ab62-903c4e3b8a60|rpc:10.1.0.23:42455|dataStream:|priority:1, 4b6bcd3b-d6b3-4446-abce-c99d7a2dec67|rpc:10.1.0.23:34935|dataStream:|priority:0], old=null
2022-07-27 23:16:42,336 [2699f4c4-fa0c-4eec-a794-d1f1be832e07-server-thread2] INFO  segmented.SegmentedRaftLogWorker (SegmentedRaftLogWorker.java:startLogSegment(425)) - 2699f4c4-fa0c-4eec-a794-d1f1be832e07@group-15C7C689DFF8-SegmentedRaftLogWorker: Starting segment from index:0
2022-07-27 23:16:42,339 [2699f4c4-fa0c-4eec-a794-d1f1be832e07@group-15C7C689DFF8-SegmentedRaftLogWorker] INFO  segmented.SegmentedRaftLogWorker (SegmentedRaftLogWorker.java:execute(629)) - 2699f4c4-fa0c-4eec-a794-d1f1be832e07@group-15C7C689DFF8-SegmentedRaftLogWorker: created new log segment /home/runner/work/ozone/ozone/hadoop-ozone/integration-test/target/test-dir/MiniOzoneClusterImpl-9e07804d-d88b-4889-9752-1ce24c589c62/datanode-0/data/ratis/dd7e3349-faaf-42b7-8a4a-15c7c689dff8/current/log_inprogress_0
2022-07-27 23:16:42,769 [2699f4c4-fa0c-4eec-a794-d1f1be832e07@group-14427373BA86-FollowerState] INFO  impl.FollowerState (FollowerState.java:run(143)) - 2699f4c4-fa0c-4eec-a794-d1f1be832e07@group-14427373BA86-FollowerState: change to CANDIDATE, lastRpcElapsedTime:5070360516ns, electionTimeout:5070ms
2022-07-27 23:16:42,769 [2699f4c4-fa0c-4eec-a794-d1f1be832e07@group-14427373BA86-FollowerState] INFO  impl.RoleInfo (RoleInfo.java:shutdownFollowerState(110)) - 2699f4c4-fa0c-4eec-a794-d1f1be832e07: shutdown 2699f4c4-fa0c-4eec-a794-d1f1be832e07@group-14427373BA86-FollowerState
2022-07-27 23:16:42,769 [2699f4c4-fa0c-4eec-a794-d1f1be832e07@group-14427373BA86-FollowerState] INFO  server.RaftServer$Division (RaftServerImpl.java:setRole(299)) - 2699f4c4-fa0c-4eec-a794-d1f1be832e07@group-14427373BA86: changes role from  FOLLOWER to CANDIDATE at term 1 for changeToCandidate
2022-07-27 23:16:42,769 [2699f4c4-fa0c-4eec-a794-d1f1be832e07@group-14427373BA86-FollowerState] INFO  server.RaftServerConfigKeys (ConfUtils.java:logGet(46)) - raft.server.leaderelection.pre-vote = false (custom)
2022-07-27 23:16:42,769 [2699f4c4-fa0c-4eec-a794-d1f1be832e07@group-14427373BA86-FollowerState] INFO  impl.RoleInfo (RoleInfo.java:updateAndGet(139)) - 2699f4c4-fa0c-4eec-a794-d1f1be832e07: start 2699f4c4-fa0c-4eec-a794-d1f1be832e07@group-14427373BA86-LeaderElection10
2022-07-27 23:16:42,776 [2699f4c4-fa0c-4eec-a794-d1f1be832e07@group-14427373BA86-LeaderElection10] INFO  impl.LeaderElection (LeaderElection.java:askForVotes(310)) - 2699f4c4-fa0c-4eec-a794-d1f1be832e07@group-14427373BA86-LeaderElection10 ELECTION round 0: submit vote requests at term 2 for -1: [2699f4c4-fa0c-4eec-a794-d1f1be832e07|rpc:10.1.0.23:42117|priority:0, d4d12f57-f56f-4c9c-ab62-903c4e3b8a60|rpc:10.1.0.23:42455|priority:0, 4b6bcd3b-d6b3-4446-abce-c99d7a2dec67|rpc:10.1.0.23:34935|priority:1], old=null
2022-07-27 23:16:42,790 [grpc-default-executor-0] INFO  server.RaftServer$Division (RaftServerImpl.java:requestVote(1152)) - d4d12f57-f56f-4c9c-ab62-903c4e3b8a60@group-14427373BA86: receive requestVote(ELECTION, 2699f4c4-fa0c-4eec-a794-d1f1be832e07, group-14427373BA86, 2, (t:0, i:0))
2022-07-27 23:16:42,791 [grpc-default-executor-0] INFO  impl.VoteContext (VoteContext.java:log(48)) - d4d12f57-f56f-4c9c-ab62-903c4e3b8a60@group-14427373BA86-FOLLOWER: accept ELECTION from 2699f4c4-fa0c-4eec-a794-d1f1be832e07: our priority 0 <= candidate's priority 0
2022-07-27 23:16:42,791 [grpc-default-executor-0] INFO  server.RaftServer$Division (RaftServerImpl.java:setRole(299)) - d4d12f57-f56f-4c9c-ab62-903c4e3b8a60@group-14427373BA86: changes role from  FOLLOWER to FOLLOWER at term 2 for candidate:2699f4c4-fa0c-4eec-a794-d1f1be832e07
2022-07-27 23:16:42,791 [grpc-default-executor-0] INFO  impl.RoleInfo (RoleInfo.java:shutdownFollowerState(110)) - d4d12f57-f56f-4c9c-ab62-903c4e3b8a60: shutdown d4d12f57-f56f-4c9c-ab62-903c4e3b8a60@group-14427373BA86-FollowerState
2022-07-27 23:16:42,791 [grpc-default-executor-0] INFO  impl.RoleInfo (RoleInfo.java:updateAndGet(139)) - d4d12f57-f56f-4c9c-ab62-903c4e3b8a60: start d4d12f57-f56f-4c9c-ab62-903c4e3b8a60@group-14427373BA86-FollowerState
2022-07-27 23:16:42,791 [d4d12f57-f56f-4c9c-ab62-903c4e3b8a60@group-14427373BA86-FollowerState] INFO  impl.FollowerState (FollowerState.java:run(152)) - d4d12f57-f56f-4c9c-ab62-903c4e3b8a60@group-14427373BA86-FollowerState was interrupted
2022-07-27 23:16:42,798 [grpc-default-executor-0] INFO  server.RaftServer$Division (RaftServerImpl.java:requestVote(1184)) - d4d12f57-f56f-4c9c-ab62-903c4e3b8a60@group-14427373BA86 replies to ELECTION vote request: 2699f4c4-fa0c-4eec-a794-d1f1be832e07<-d4d12f57-f56f-4c9c-ab62-903c4e3b8a60#0:OK-t2. Peer's state: d4d12f57-f56f-4c9c-ab62-903c4e3b8a60@group-14427373BA86:t2, leader=null, voted=2699f4c4-fa0c-4eec-a794-d1f1be832e07, raftlog=d4d12f57-f56f-4c9c-ab62-903c4e3b8a60@group-14427373BA86-SegmentedRaftLog:OPENED:c-1, conf=-1: [2699f4c4-fa0c-4eec-a794-d1f1be832e07|rpc:10.1.0.23:42117|priority:0, d4d12f57-f56f-4c9c-ab62-903c4e3b8a60|rpc:10.1.0.23:42455|priority:0, 4b6bcd3b-d6b3-4446-abce-c99d7a2dec67|rpc:10.1.0.23:34935|priority:1], old=null
2022-07-27 23:16:42,804 [grpc-default-executor-0] INFO  server.RaftServer$Division (RaftServerImpl.java:requestVote(1152)) - 4b6bcd3b-d6b3-4446-abce-c99d7a2dec67@group-14427373BA86: receive requestVote(ELECTION, 2699f4c4-fa0c-4eec-a794-d1f1be832e07, group-14427373BA86, 2, (t:0, i:0))
2022-07-27 23:16:42,804 [grpc-default-executor-0] INFO  impl.VoteContext (VoteContext.java:log(48)) - 4b6bcd3b-d6b3-4446-abce-c99d7a2dec67@group-14427373BA86-FOLLOWER: reject ELECTION from 2699f4c4-fa0c-4eec-a794-d1f1be832e07: our priority 1 > candidate's priority 0
2022-07-27 23:16:42,804 [grpc-default-executor-0] INFO  server.RaftServer$Division (RaftServerImpl.java:setRole(299)) - 4b6bcd3b-d6b3-4446-abce-c99d7a2dec67@group-14427373BA86: changes role from  FOLLOWER to FOLLOWER at term 2 for candidate:2699f4c4-fa0c-4eec-a794-d1f1be832e07
2022-07-27 23:16:42,804 [grpc-default-executor-0] INFO  impl.RoleInfo (RoleInfo.java:shutdownFollowerState(110)) - 4b6bcd3b-d6b3-4446-abce-c99d7a2dec67: shutdown 4b6bcd3b-d6b3-4446-abce-c99d7a2dec67@group-14427373BA86-FollowerState
2022-07-27 23:16:42,804 [grpc-default-executor-0] INFO  impl.RoleInfo (RoleInfo.java:updateAndGet(139)) - 4b6bcd3b-d6b3-4446-abce-c99d7a2dec67: start 4b6bcd3b-d6b3-4446-abce-c99d7a2dec67@group-14427373BA86-FollowerState
2022-07-27 23:16:42,804 [4b6bcd3b-d6b3-4446-abce-c99d7a2dec67@group-14427373BA86-FollowerState] INFO  impl.FollowerState (FollowerState.java:run(152)) - 4b6bcd3b-d6b3-4446-abce-c99d7a2dec67@group-14427373BA86-FollowerState was interrupted
2022-07-27 23:16:42,807 [grpc-default-executor-0] INFO  server.RaftServer$Division (RaftServerImpl.java:requestVote(1184)) - 4b6bcd3b-d6b3-4446-abce-c99d7a2dec67@group-14427373BA86 replies to ELECTION vote request: 2699f4c4-fa0c-4eec-a794-d1f1be832e07<-4b6bcd3b-d6b3-4446-abce-c99d7a2dec67#0:FAIL-t2. Peer's state: 4b6bcd3b-d6b3-4446-abce-c99d7a2dec67@group-14427373BA86:t2, leader=null, voted=null, raftlog=4b6bcd3b-d6b3-4446-abce-c99d7a2dec67@group-14427373BA86-SegmentedRaftLog:OPENED:c-1, conf=-1: [2699f4c4-fa0c-4eec-a794-d1f1be832e07|rpc:10.1.0.23:42117|priority:0, d4d12f57-f56f-4c9c-ab62-903c4e3b8a60|rpc:10.1.0.23:42455|priority:0, 4b6bcd3b-d6b3-4446-abce-c99d7a2dec67|rpc:10.1.0.23:34935|priority:1], old=null
2022-07-27 23:16:42,810 [2699f4c4-fa0c-4eec-a794-d1f1be832e07@group-14427373BA86-LeaderElection10] INFO  impl.LeaderElection (LeaderElection.java:logAndReturn(90)) - 2699f4c4-fa0c-4eec-a794-d1f1be832e07@group-14427373BA86-LeaderElection10: ELECTION REJECTED received 2 response(s) and 0 exception(s):
2022-07-27 23:16:42,810 [2699f4c4-fa0c-4eec-a794-d1f1be832e07@group-14427373BA86-LeaderElection10] INFO  impl.LeaderElection (LeaderElection.java:logAndReturn(94)) -   Response 0: 2699f4c4-fa0c-4eec-a794-d1f1be832e07<-d4d12f57-f56f-4c9c-ab62-903c4e3b8a60#0:OK-t2
2022-07-27 23:16:42,810 [2699f4c4-fa0c-4eec-a794-d1f1be832e07@group-14427373BA86-LeaderElection10] INFO  impl.LeaderElection (LeaderElection.java:logAndReturn(94)) -   Response 1: 2699f4c4-fa0c-4eec-a794-d1f1be832e07<-4b6bcd3b-d6b3-4446-abce-c99d7a2dec67#0:FAIL-t2
2022-07-27 23:16:42,810 [2699f4c4-fa0c-4eec-a794-d1f1be832e07@group-14427373BA86-LeaderElection10] INFO  impl.LeaderElection (LeaderElection.java:askForVotes(312)) - 2699f4c4-fa0c-4eec-a794-d1f1be832e07@group-14427373BA86-LeaderElection10 ELECTION round 0: result REJECTED
2022-07-27 23:16:42,810 [2699f4c4-fa0c-4eec-a794-d1f1be832e07@group-14427373BA86-LeaderElection10] INFO  server.RaftServer$Division (RaftServerImpl.java:setRole(299)) - 2699f4c4-fa0c-4eec-a794-d1f1be832e07@group-14427373BA86: changes role from CANDIDATE to FOLLOWER at term 2 for REJECTED
2022-07-27 23:16:42,810 [2699f4c4-fa0c-4eec-a794-d1f1be832e07@group-14427373BA86-LeaderElection10] INFO  impl.RoleInfo (RoleInfo.java:shutdownLeaderElection(130)) - 2699f4c4-fa0c-4eec-a794-d1f1be832e07: shutdown 2699f4c4-fa0c-4eec-a794-d1f1be832e07@group-14427373BA86-LeaderElection10
2022-07-27 23:16:42,811 [2699f4c4-fa0c-4eec-a794-d1f1be832e07@group-14427373BA86-LeaderElection10] INFO  impl.RoleInfo (RoleInfo.java:updateAndGet(139)) - 2699f4c4-fa0c-4eec-a794-d1f1be832e07: start 2699f4c4-fa0c-4eec-a794-d1f1be832e07@group-14427373BA86-FollowerState
2022-07-27 23:16:42,866 [Time-limited test] INFO  rpc.RpcClient (RpcClient.java:createVolume(467)) - Creating Volume: volume19176, with user06668 as owner and space quota set to -1 bytes, counts quota set to -1
2022-07-27 23:16:42,901 [OM StateMachine ApplyTransaction Thread - 0] INFO  volume.OMVolumeCreateRequest (OMVolumeCreateRequest.java:validateAndUpdateCache(195)) - created volume:volume19176 for user:user06668
2022-07-27 23:16:42,921 [Time-limited test] INFO  rpc.RpcClient (RpcClient.java:createBucket(670)) - Creating Bucket: volume19176/bucket31711, with bucket layout FILE_SYSTEM_OPTIMIZED, runner as owner, Versioning false, Storage Type set to DISK and Encryption set to false 
2022-07-27 23:16:42,934 [OM StateMachine ApplyTransaction Thread - 0] INFO  bucket.OMBucketCreateRequest (OMBucketCreateRequest.java:validateAndUpdateCache(260)) - created bucket: bucket31711 of layout FILE_SYSTEM_OPTIMIZED in volume: volume19176
2022-07-27 23:16:42,978 [Time-limited test] INFO  ozone.TestRootedOzoneFileSystemWithFSO (TestRootedOzoneFileSystemWithFSO.java:testRenameDir(148)) - Created dir /volume19176/bucket31711/dir1/sub_dir1
2022-07-27 23:16:42,978 [Time-limited test] INFO  ozone.TestRootedOzoneFileSystemWithFSO (TestRootedOzoneFileSystemWithFSO.java:testRenameDir(149)) - Will move /volume19176/bucket31711/dir1 to /volume19176/bucket31711/dir1.renamed
]]></system-out>
  </testcase>
  <testcase name="testRenameDir" classname="TestRootedOzoneFileSystemWithFSO" time="0.203">
    <system-out><![CDATA[2022-07-27 23:17:01,190 [Listener at 127.0.0.1/44809] INFO  ozone.MiniOzoneClusterImpl (MiniOzoneClusterImpl.java:shutdown(448)) - Shutting down the Mini Ozone Cluster
2022-07-27 23:17:01,190 [Listener at 127.0.0.1/44809] INFO  ozone.MiniOzoneClusterImpl (MiniOzoneClusterImpl.java:stop(463)) - Stopping the Mini Ozone Cluster
2022-07-27 23:17:01,190 [Listener at 127.0.0.1/44809] INFO  ozone.MiniOzoneClusterImpl (MiniOzoneClusterImpl.java:stopOM(545)) - Stopping the OzoneManager
2022-07-27 23:17:01,190 [Listener at 127.0.0.1/44809] INFO  om.OzoneManager (OzoneManager.java:stop(2021)) - om1[localhost:0]: Stopping Ozone Manager
2022-07-27 23:17:01,190 [Listener at 127.0.0.1/44809] INFO  ipc.Server (Server.java:stop(3414)) - Stopping server on 44809
2022-07-27 23:17:01,197 [IPC Server Responder] INFO  ipc.Server (Server.java:run(1512)) - Stopping IPC Server Responder
2022-07-27 23:17:01,197 [IPC Server listener on 0] INFO  ipc.Server (Server.java:run(1376)) - Stopping IPC Server listener on 0
2022-07-27 23:17:01,198 [Listener at 127.0.0.1/44809] INFO  server.RaftServer (RaftServerProxy.java:lambda$close$7(398)) - om1: close
2022-07-27 23:17:01,198 [Listener at 127.0.0.1/44809] INFO  server.RaftServer$Division (RaftServerImpl.java:lambda$close$4(434)) - om1@group-C5BA1605619E: shutdown
2022-07-27 23:17:01,199 [Listener at 127.0.0.1/44809] INFO  util.JmxRegister (JmxRegister.java:unregister(73)) - Successfully un-registered JMX Bean with object name Ratis:service=RaftServer,group=group-C5BA1605619E,id=om1
2022-07-27 23:17:01,199 [Listener at 127.0.0.1/44809] INFO  impl.RoleInfo (RoleInfo.java:shutdownLeaderState(93)) - om1: shutdown om1@group-C5BA1605619E-LeaderStateImpl
2022-07-27 23:17:01,199 [Listener at 127.0.0.1/44809] INFO  impl.PendingRequests (PendingRequests.java:sendNotLeaderResponses(282)) - om1@group-C5BA1605619E-PendingRequests: sendNotLeaderResponses
2022-07-27 23:17:01,202 [om1@group-C5BA1605619E-StateMachineUpdater] INFO  ratis.OzoneManagerStateMachine (OzoneManagerStateMachine.java:takeSnapshot(441)) - Current Snapshot Index (t:1, i:13976)
2022-07-27 23:17:01,203 [om1@group-C5BA1605619E-StateMachineUpdater] INFO  impl.StateMachineUpdater (StateMachineUpdater.java:takeSnapshot(287)) - om1@group-C5BA1605619E-StateMachineUpdater: Took a snapshot at index 13976
2022-07-27 23:17:01,203 [om1@group-C5BA1605619E-StateMachineUpdater] INFO  impl.StateMachineUpdater (StateMachineUpdater.java:lambda$new$0(92)) - om1@group-C5BA1605619E-StateMachineUpdater: snapshotIndex: updateIncreasingly -1 -> 13976
2022-07-27 23:17:01,203 [om1@group-C5BA1605619E-StateMachineUpdater] INFO  ratis.OzoneManagerStateMachine (OzoneManagerStateMachine.java:close(495)) - StateMachine has shutdown. Shutdown OzoneManager if not already shutdown.
2022-07-27 23:17:01,203 [om1@group-C5BA1605619E-StateMachineUpdater] INFO  ratis.OzoneManagerDoubleBuffer (OzoneManagerDoubleBuffer.java:stop(466)) - Stopping OMDoubleBuffer flush thread
2022-07-27 23:17:01,204 [OMDoubleBufferFlushThread] INFO  ratis.OzoneManagerDoubleBuffer (OzoneManagerDoubleBuffer.java:flushTransactions(385)) - OMDoubleBuffer flush thread OMDoubleBufferFlushThread is interrupted and will exit.
2022-07-27 23:17:01,204 [Listener at 127.0.0.1/44809] INFO  impl.StateMachineUpdater (StateMachineUpdater.java:stopAndJoin(153)) - om1@group-C5BA1605619E-StateMachineUpdater: set stopIndex = 13976
2022-07-27 23:17:01,205 [Listener at 127.0.0.1/44809] INFO  server.RaftServer$Division (ServerState.java:close(429)) - om1@group-C5BA1605619E: closes. applyIndex: 13976
2022-07-27 23:17:01,206 [om1@group-C5BA1605619E-SegmentedRaftLogWorker] INFO  segmented.SegmentedRaftLogWorker (SegmentedRaftLogWorker.java:run(336)) - om1@group-C5BA1605619E-SegmentedRaftLogWorker was interrupted, exiting. There are 0 tasks remaining in the queue.
2022-07-27 23:17:01,207 [Listener at 127.0.0.1/44809] INFO  segmented.SegmentedRaftLogWorker (SegmentedRaftLogWorker.java:close(246)) - om1@group-C5BA1605619E-SegmentedRaftLogWorker close()
2022-07-27 23:17:01,208 [Listener at 127.0.0.1/44809] INFO  server.GrpcService (GrpcService.java:closeImpl(269)) - om1: shutdown server with port 9872 now
2022-07-27 23:17:01,216 [Listener at 127.0.0.1/44809] INFO  server.GrpcService (GrpcService.java:closeImpl(278)) - om1: shutdown server with port 9872 successfully
2022-07-27 23:17:01,216 [org.apache.ratis.util.JvmPauseMonitor$$Lambda$616/285728533@67be0ae9] INFO  util.JvmPauseMonitor (JvmPauseMonitor.java:run(109)) - JvmPauseMonitor-om1: Stopped
2022-07-27 23:17:01,216 [Listener at 127.0.0.1/44809] INFO  ratis.OzoneManagerStateMachine (OzoneManagerStateMachine.java:close(495)) - StateMachine has shutdown. Shutdown OzoneManager if not already shutdown.
2022-07-27 23:17:01,216 [Listener at 127.0.0.1/44809] INFO  ratis.OzoneManagerDoubleBuffer (OzoneManagerDoubleBuffer.java:stop(478)) - OMDoubleBuffer flush thread is not running.
2022-07-27 23:17:01,216 [Listener at 127.0.0.1/44809] INFO  utils.BackgroundService (BackgroundService.java:shutdown(141)) - Shutting down service KeyDeletingService
2022-07-27 23:17:01,217 [Listener at 127.0.0.1/44809] INFO  utils.BackgroundService (BackgroundService.java:shutdown(141)) - Shutting down service DirectoryDeletingService
2022-07-27 23:17:01,217 [Listener at 127.0.0.1/44809] INFO  utils.BackgroundService (BackgroundService.java:shutdown(141)) - Shutting down service OpenKeyCleanupService
2022-07-27 23:17:01,219 [Listener at 127.0.0.1/44809] INFO  handler.ContextHandler (ContextHandler.java:doStop(1153)) - Stopped o.e.j.w.WebAppContext@76838ab3{ozoneManager,/,null,STOPPED}{file:/home/runner/work/ozone/ozone/hadoop-ozone/integration-test/target/test-classes/webapps/ozoneManager}
2022-07-27 23:17:01,222 [Listener at 127.0.0.1/44809] INFO  server.AbstractConnector (AbstractConnector.java:doStop(381)) - Stopped ServerConnector@347573ac{HTTP/1.1, (http/1.1)}{0.0.0.0:0}
2022-07-27 23:17:01,222 [Listener at 127.0.0.1/44809] INFO  server.session (HouseKeeper.java:stopScavenging(149)) - node0 Stopped scavenging
2022-07-27 23:17:01,222 [Listener at 127.0.0.1/44809] INFO  handler.ContextHandler (ContextHandler.java:doStop(1153)) - Stopped o.e.j.s.ServletContextHandler@42300e1c{static,/static,file:///home/runner/work/ozone/ozone/hadoop-ozone/integration-test/target/test-classes/webapps/static,STOPPED}
2022-07-27 23:17:01,223 [Listener at 127.0.0.1/44809] INFO  handler.ContextHandler (ContextHandler.java:doStop(1153)) - Stopped o.e.j.s.ServletContextHandler@25a4c88a{logs,/logs,file:///home/runner/work/ozone/ozone/hadoop-ozone/integration-test/target/log,STOPPED}
2022-07-27 23:17:01,224 [Trash Emptier] ERROR util.ExitUtils (ExitUtils.java:terminate(133)) - Terminating with exit status -1: Thread[Trash Emptier,5,main] has thrown an uncaught exception
java.lang.UnsupportedOperationException: fs.getUri() not implemented in TrashOzoneFileSystem
	at org.apache.hadoop.ozone.om.TrashOzoneFileSystem.getUri(TrashOzoneFileSystem.java:126)
	at org.apache.hadoop.fs.FileSystem.close(FileSystem.java:2592)
	at org.apache.hadoop.ozone.om.TrashPolicyOzone$Emptier.run(TrashPolicyOzone.java:243)
	at java.lang.Thread.run(Thread.java:750)
2022-07-27 23:17:01,225 [Listener at 127.0.0.1/44809] INFO  ozone.MiniOzoneClusterImpl (MiniOzoneClusterImpl.java:stopDatanodes(522)) - Stopping the HddsDatanodes
2022-07-27 23:17:06,228 [Listener at 127.0.0.1/44809] INFO  ozoneimpl.OzoneContainer (OzoneContainer.java:stop(399)) - Attempting to stop container services.
2022-07-27 23:17:06,228 [ForkJoinPool.commonPool-worker-1] INFO  ozoneimpl.OzoneContainer (OzoneContainer.java:stop(399)) - Attempting to stop container services.
2022-07-27 23:17:06,231 [Listener at 127.0.0.1/44809] INFO  server.RaftServer (RaftServerProxy.java:lambda$close$7(398)) - 4b6bcd3b-d6b3-4446-abce-c99d7a2dec67: close
2022-07-27 23:17:06,231 [ForkJoinPool.commonPool-worker-1] INFO  server.RaftServer (RaftServerProxy.java:lambda$close$7(398)) - d4d12f57-f56f-4c9c-ab62-903c4e3b8a60: close
2022-07-27 23:17:06,231 [Listener at 127.0.0.1/44809] INFO  server.RaftServer$Division (RaftServerImpl.java:lambda$close$4(434)) - 4b6bcd3b-d6b3-4446-abce-c99d7a2dec67@group-E2172B0D6F3E: shutdown
2022-07-27 23:17:06,231 [ForkJoinPool.commonPool-worker-1] INFO  server.RaftServer$Division (RaftServerImpl.java:lambda$close$4(434)) - d4d12f57-f56f-4c9c-ab62-903c4e3b8a60@group-15C7C689DFF8: shutdown
2022-07-27 23:17:06,232 [Listener at 127.0.0.1/44809] INFO  util.JmxRegister (JmxRegister.java:unregister(73)) - Successfully un-registered JMX Bean with object name Ratis:service=RaftServer,group=group-E2172B0D6F3E,id=4b6bcd3b-d6b3-4446-abce-c99d7a2dec67
2022-07-27 23:17:06,232 [ForkJoinPool.commonPool-worker-1] INFO  util.JmxRegister (JmxRegister.java:unregister(73)) - Successfully un-registered JMX Bean with object name Ratis:service=RaftServer,group=group-15C7C689DFF8,id=d4d12f57-f56f-4c9c-ab62-903c4e3b8a60
2022-07-27 23:17:06,232 [ForkJoinPool.commonPool-worker-1] INFO  impl.RoleInfo (RoleInfo.java:shutdownLeaderState(93)) - d4d12f57-f56f-4c9c-ab62-903c4e3b8a60: shutdown d4d12f57-f56f-4c9c-ab62-903c4e3b8a60@group-15C7C689DFF8-LeaderStateImpl
2022-07-27 23:17:06,232 [Listener at 127.0.0.1/44809] INFO  impl.RoleInfo (RoleInfo.java:shutdownLeaderState(93)) - 4b6bcd3b-d6b3-4446-abce-c99d7a2dec67: shutdown 4b6bcd3b-d6b3-4446-abce-c99d7a2dec67@group-E2172B0D6F3E-LeaderStateImpl
2022-07-27 23:17:06,232 [ForkJoinPool.commonPool-worker-1] INFO  impl.PendingRequests (PendingRequests.java:sendNotLeaderResponses(282)) - d4d12f57-f56f-4c9c-ab62-903c4e3b8a60@group-15C7C689DFF8-PendingRequests: sendNotLeaderResponses
2022-07-27 23:17:06,234 [d4d12f57-f56f-4c9c-ab62-903c4e3b8a60@group-15C7C689DFF8->2699f4c4-fa0c-4eec-a794-d1f1be832e07-GrpcLogAppender-LogAppenderDaemon] WARN  server.GrpcLogAppender (GrpcLogAppender.java:mayWait(171)) - d4d12f57-f56f-4c9c-ab62-903c4e3b8a60@group-15C7C689DFF8->2699f4c4-fa0c-4eec-a794-d1f1be832e07-GrpcLogAppender: Wait interrupted by java.lang.InterruptedException
2022-07-27 23:17:06,234 [Listener at 127.0.0.1/44809] INFO  impl.PendingRequests (PendingRequests.java:sendNotLeaderResponses(282)) - 4b6bcd3b-d6b3-4446-abce-c99d7a2dec67@group-E2172B0D6F3E-PendingRequests: sendNotLeaderResponses
2022-07-27 23:17:06,234 [d4d12f57-f56f-4c9c-ab62-903c4e3b8a60@group-15C7C689DFF8->4b6bcd3b-d6b3-4446-abce-c99d7a2dec67-GrpcLogAppender-LogAppenderDaemon] WARN  server.GrpcLogAppender (GrpcLogAppender.java:mayWait(171)) - d4d12f57-f56f-4c9c-ab62-903c4e3b8a60@group-15C7C689DFF8->4b6bcd3b-d6b3-4446-abce-c99d7a2dec67-GrpcLogAppender: Wait interrupted by java.lang.InterruptedException
2022-07-27 23:17:06,238 [4b6bcd3b-d6b3-4446-abce-c99d7a2dec67@group-E2172B0D6F3E-StateMachineUpdater] INFO  ratis.ContainerStateMachine (ContainerStateMachine.java:takeSnapshot(304)) - group-E2172B0D6F3E: Taking a snapshot at:(t:1, i:0) file /home/runner/work/ozone/ozone/hadoop-ozone/integration-test/target/test-dir/MiniOzoneClusterImpl-9e07804d-d88b-4889-9752-1ce24c589c62/datanode-2/data/ratis/1e9781b6-c544-47e7-94c6-e2172b0d6f3e/sm/snapshot.1_0
2022-07-27 23:17:06,243 [Listener at 127.0.0.1/44809] INFO  impl.StateMachineUpdater (StateMachineUpdater.java:stopAndJoin(153)) - 4b6bcd3b-d6b3-4446-abce-c99d7a2dec67@group-E2172B0D6F3E-StateMachineUpdater: set stopIndex = 0
2022-07-27 23:17:06,244 [grpc-default-executor-0] INFO  server.GrpcServerProtocolService (GrpcServerProtocolService.java:onCompleted(140)) - 4b6bcd3b-d6b3-4446-abce-c99d7a2dec67: Completed APPEND_ENTRIES, lastRequest: d4d12f57-f56f-4c9c-ab62-903c4e3b8a60->4b6bcd3b-d6b3-4446-abce-c99d7a2dec67#342-t2,previous=(t:2, i:27),leaderCommit=26,initializing? true,entries: size=1, first=(t:2, i:28), METADATAENTRY(c:26)
2022-07-27 23:17:06,245 [grpc-default-executor-1] INFO  server.GrpcLogAppender (GrpcLogAppender.java:onCompleted(339)) - d4d12f57-f56f-4c9c-ab62-903c4e3b8a60@group-15C7C689DFF8->4b6bcd3b-d6b3-4446-abce-c99d7a2dec67-AppendLogResponseHandler: follower responses appendEntries COMPLETED
2022-07-27 23:17:06,247 [grpc-default-executor-1] INFO  leader.FollowerInfo (FollowerInfoImpl.java:lambda$new$0(48)) - d4d12f57-f56f-4c9c-ab62-903c4e3b8a60@group-15C7C689DFF8->4b6bcd3b-d6b3-4446-abce-c99d7a2dec67: nextIndex: updateUnconditionally 29 -> 28
2022-07-27 23:17:06,244 [grpc-default-executor-2] INFO  server.GrpcServerProtocolService (GrpcServerProtocolService.java:onCompleted(140)) - 2699f4c4-fa0c-4eec-a794-d1f1be832e07: Completed APPEND_ENTRIES, lastRequest: d4d12f57-f56f-4c9c-ab62-903c4e3b8a60->2699f4c4-fa0c-4eec-a794-d1f1be832e07#340-t2,previous=(t:2, i:27),leaderCommit=26,initializing? true,entries: size=1, first=(t:2, i:28), METADATAENTRY(c:26)
2022-07-27 23:17:06,248 [grpc-default-executor-2] INFO  server.GrpcLogAppender (GrpcLogAppender.java:onCompleted(339)) - d4d12f57-f56f-4c9c-ab62-903c4e3b8a60@group-15C7C689DFF8->2699f4c4-fa0c-4eec-a794-d1f1be832e07-AppendLogResponseHandler: follower responses appendEntries COMPLETED
2022-07-27 23:17:06,248 [ForkJoinPool.commonPool-worker-1] INFO  impl.StateMachineUpdater (StateMachineUpdater.java:stopAndJoin(153)) - d4d12f57-f56f-4c9c-ab62-903c4e3b8a60@group-15C7C689DFF8-StateMachineUpdater: set stopIndex = 28
2022-07-27 23:17:06,248 [d4d12f57-f56f-4c9c-ab62-903c4e3b8a60@group-15C7C689DFF8-StateMachineUpdater] INFO  ratis.ContainerStateMachine (ContainerStateMachine.java:takeSnapshot(304)) - group-15C7C689DFF8: Taking a snapshot at:(t:2, i:28) file /home/runner/work/ozone/ozone/hadoop-ozone/integration-test/target/test-dir/MiniOzoneClusterImpl-9e07804d-d88b-4889-9752-1ce24c589c62/datanode-1/data/ratis/dd7e3349-faaf-42b7-8a4a-15c7c689dff8/sm/snapshot.2_28
2022-07-27 23:17:06,248 [grpc-default-executor-2] INFO  leader.FollowerInfo (FollowerInfoImpl.java:lambda$new$0(48)) - d4d12f57-f56f-4c9c-ab62-903c4e3b8a60@group-15C7C689DFF8->2699f4c4-fa0c-4eec-a794-d1f1be832e07: nextIndex: updateUnconditionally 29 -> 28
2022-07-27 23:17:06,274 [4b6bcd3b-d6b3-4446-abce-c99d7a2dec67@group-E2172B0D6F3E-StateMachineUpdater] INFO  ratis.ContainerStateMachine (ContainerStateMachine.java:takeSnapshot(315)) - group-E2172B0D6F3E: Finished taking a snapshot at:(t:1, i:0) file:/home/runner/work/ozone/ozone/hadoop-ozone/integration-test/target/test-dir/MiniOzoneClusterImpl-9e07804d-d88b-4889-9752-1ce24c589c62/datanode-2/data/ratis/1e9781b6-c544-47e7-94c6-e2172b0d6f3e/sm/snapshot.1_0 took: 35 ms
2022-07-27 23:17:06,275 [4b6bcd3b-d6b3-4446-abce-c99d7a2dec67@group-E2172B0D6F3E-StateMachineUpdater] INFO  impl.StateMachineUpdater (StateMachineUpdater.java:takeSnapshot(287)) - 4b6bcd3b-d6b3-4446-abce-c99d7a2dec67@group-E2172B0D6F3E-StateMachineUpdater: Took a snapshot at index 0
2022-07-27 23:17:06,275 [4b6bcd3b-d6b3-4446-abce-c99d7a2dec67@group-E2172B0D6F3E-StateMachineUpdater] INFO  impl.StateMachineUpdater (StateMachineUpdater.java:lambda$new$0(92)) - 4b6bcd3b-d6b3-4446-abce-c99d7a2dec67@group-E2172B0D6F3E-StateMachineUpdater: snapshotIndex: updateIncreasingly -1 -> 0
2022-07-27 23:17:06,276 [d4d12f57-f56f-4c9c-ab62-903c4e3b8a60@group-15C7C689DFF8-StateMachineUpdater] INFO  ratis.ContainerStateMachine (ContainerStateMachine.java:takeSnapshot(315)) - group-15C7C689DFF8: Finished taking a snapshot at:(t:2, i:28) file:/home/runner/work/ozone/ozone/hadoop-ozone/integration-test/target/test-dir/MiniOzoneClusterImpl-9e07804d-d88b-4889-9752-1ce24c589c62/datanode-1/data/ratis/dd7e3349-faaf-42b7-8a4a-15c7c689dff8/sm/snapshot.2_28 took: 27 ms
2022-07-27 23:17:06,278 [d4d12f57-f56f-4c9c-ab62-903c4e3b8a60@group-15C7C689DFF8-StateMachineUpdater] INFO  impl.StateMachineUpdater (StateMachineUpdater.java:takeSnapshot(287)) - d4d12f57-f56f-4c9c-ab62-903c4e3b8a60@group-15C7C689DFF8-StateMachineUpdater: Took a snapshot at index 28
2022-07-27 23:17:06,278 [d4d12f57-f56f-4c9c-ab62-903c4e3b8a60@group-15C7C689DFF8-StateMachineUpdater] INFO  impl.StateMachineUpdater (StateMachineUpdater.java:lambda$new$0(92)) - d4d12f57-f56f-4c9c-ab62-903c4e3b8a60@group-15C7C689DFF8-StateMachineUpdater: snapshotIndex: updateIncreasingly -1 -> 28
2022-07-27 23:17:06,279 [Listener at 127.0.0.1/44809] INFO  server.RaftServer$Division (ServerState.java:close(429)) - 4b6bcd3b-d6b3-4446-abce-c99d7a2dec67@group-E2172B0D6F3E: closes. applyIndex: 0
2022-07-27 23:17:06,279 [4b6bcd3b-d6b3-4446-abce-c99d7a2dec67@group-E2172B0D6F3E-SegmentedRaftLogWorker] INFO  segmented.SegmentedRaftLogWorker (SegmentedRaftLogWorker.java:run(336)) - 4b6bcd3b-d6b3-4446-abce-c99d7a2dec67@group-E2172B0D6F3E-SegmentedRaftLogWorker was interrupted, exiting. There are 0 tasks remaining in the queue.
2022-07-27 23:17:06,283 [ForkJoinPool.commonPool-worker-1] INFO  server.RaftServer$Division (ServerState.java:close(429)) - d4d12f57-f56f-4c9c-ab62-903c4e3b8a60@group-15C7C689DFF8: closes. applyIndex: 28
2022-07-27 23:17:06,283 [d4d12f57-f56f-4c9c-ab62-903c4e3b8a60@group-15C7C689DFF8-SegmentedRaftLogWorker] INFO  segmented.SegmentedRaftLogWorker (SegmentedRaftLogWorker.java:run(336)) - d4d12f57-f56f-4c9c-ab62-903c4e3b8a60@group-15C7C689DFF8-SegmentedRaftLogWorker was interrupted, exiting. There are 0 tasks remaining in the queue.
2022-07-27 23:17:06,283 [Listener at 127.0.0.1/44809] INFO  segmented.SegmentedRaftLogWorker (SegmentedRaftLogWorker.java:close(246)) - 4b6bcd3b-d6b3-4446-abce-c99d7a2dec67@group-E2172B0D6F3E-SegmentedRaftLogWorker close()
2022-07-27 23:17:06,284 [Listener at 127.0.0.1/44809] INFO  server.RaftServer$Division (RaftServerImpl.java:lambda$close$4(434)) - 4b6bcd3b-d6b3-4446-abce-c99d7a2dec67@group-15C7C689DFF8: shutdown
2022-07-27 23:17:06,284 [Listener at 127.0.0.1/44809] INFO  util.JmxRegister (JmxRegister.java:unregister(73)) - Successfully un-registered JMX Bean with object name Ratis:service=RaftServer,group=group-15C7C689DFF8,id=4b6bcd3b-d6b3-4446-abce-c99d7a2dec67
2022-07-27 23:17:06,284 [Listener at 127.0.0.1/44809] INFO  impl.RoleInfo (RoleInfo.java:shutdownFollowerState(110)) - 4b6bcd3b-d6b3-4446-abce-c99d7a2dec67: shutdown 4b6bcd3b-d6b3-4446-abce-c99d7a2dec67@group-15C7C689DFF8-FollowerState
2022-07-27 23:17:06,284 [Listener at 127.0.0.1/44809] INFO  impl.StateMachineUpdater (StateMachineUpdater.java:stopAndJoin(153)) - 4b6bcd3b-d6b3-4446-abce-c99d7a2dec67@group-15C7C689DFF8-StateMachineUpdater: set stopIndex = 28
2022-07-27 23:17:06,284 [4b6bcd3b-d6b3-4446-abce-c99d7a2dec67@group-15C7C689DFF8-StateMachineUpdater] INFO  ratis.ContainerStateMachine (ContainerStateMachine.java:takeSnapshot(304)) - group-15C7C689DFF8: Taking a snapshot at:(t:2, i:28) file /home/runner/work/ozone/ozone/hadoop-ozone/integration-test/target/test-dir/MiniOzoneClusterImpl-9e07804d-d88b-4889-9752-1ce24c589c62/datanode-2/data/ratis/dd7e3349-faaf-42b7-8a4a-15c7c689dff8/sm/snapshot.2_28
2022-07-27 23:17:06,284 [4b6bcd3b-d6b3-4446-abce-c99d7a2dec67@group-15C7C689DFF8-FollowerState] INFO  impl.FollowerState (FollowerState.java:run(152)) - 4b6bcd3b-d6b3-4446-abce-c99d7a2dec67@group-15C7C689DFF8-FollowerState was interrupted
2022-07-27 23:17:06,286 [ForkJoinPool.commonPool-worker-1] INFO  segmented.SegmentedRaftLogWorker (SegmentedRaftLogWorker.java:close(246)) - d4d12f57-f56f-4c9c-ab62-903c4e3b8a60@group-15C7C689DFF8-SegmentedRaftLogWorker close()
2022-07-27 23:17:06,287 [4b6bcd3b-d6b3-4446-abce-c99d7a2dec67@group-15C7C689DFF8-StateMachineUpdater] INFO  ratis.ContainerStateMachine (ContainerStateMachine.java:takeSnapshot(315)) - group-15C7C689DFF8: Finished taking a snapshot at:(t:2, i:28) file:/home/runner/work/ozone/ozone/hadoop-ozone/integration-test/target/test-dir/MiniOzoneClusterImpl-9e07804d-d88b-4889-9752-1ce24c589c62/datanode-2/data/ratis/dd7e3349-faaf-42b7-8a4a-15c7c689dff8/sm/snapshot.2_28 took: 2 ms
2022-07-27 23:17:06,287 [4b6bcd3b-d6b3-4446-abce-c99d7a2dec67@group-15C7C689DFF8-StateMachineUpdater] INFO  impl.StateMachineUpdater (StateMachineUpdater.java:takeSnapshot(287)) - 4b6bcd3b-d6b3-4446-abce-c99d7a2dec67@group-15C7C689DFF8-StateMachineUpdater: Took a snapshot at index 28
2022-07-27 23:17:06,287 [4b6bcd3b-d6b3-4446-abce-c99d7a2dec67@group-15C7C689DFF8-StateMachineUpdater] INFO  impl.StateMachineUpdater (StateMachineUpdater.java:lambda$new$0(92)) - 4b6bcd3b-d6b3-4446-abce-c99d7a2dec67@group-15C7C689DFF8-StateMachineUpdater: snapshotIndex: updateIncreasingly -1 -> 28
2022-07-27 23:17:06,287 [ForkJoinPool.commonPool-worker-1] INFO  server.RaftServer$Division (RaftServerImpl.java:lambda$close$4(434)) - d4d12f57-f56f-4c9c-ab62-903c4e3b8a60@group-14427373BA86: shutdown
2022-07-27 23:17:06,287 [ForkJoinPool.commonPool-worker-1] INFO  util.JmxRegister (JmxRegister.java:unregister(73)) - Successfully un-registered JMX Bean with object name Ratis:service=RaftServer,group=group-14427373BA86,id=d4d12f57-f56f-4c9c-ab62-903c4e3b8a60
2022-07-27 23:17:06,287 [ForkJoinPool.commonPool-worker-1] INFO  impl.RoleInfo (RoleInfo.java:shutdownFollowerState(110)) - d4d12f57-f56f-4c9c-ab62-903c4e3b8a60: shutdown d4d12f57-f56f-4c9c-ab62-903c4e3b8a60@group-14427373BA86-FollowerState
2022-07-27 23:17:06,288 [ForkJoinPool.commonPool-worker-1] INFO  impl.StateMachineUpdater (StateMachineUpdater.java:stopAndJoin(153)) - d4d12f57-f56f-4c9c-ab62-903c4e3b8a60@group-14427373BA86-StateMachineUpdater: set stopIndex = 14
2022-07-27 23:17:06,288 [d4d12f57-f56f-4c9c-ab62-903c4e3b8a60@group-14427373BA86-FollowerState] INFO  impl.FollowerState (FollowerState.java:run(152)) - d4d12f57-f56f-4c9c-ab62-903c4e3b8a60@group-14427373BA86-FollowerState was interrupted
2022-07-27 23:17:06,288 [d4d12f57-f56f-4c9c-ab62-903c4e3b8a60@group-14427373BA86-StateMachineUpdater] INFO  ratis.ContainerStateMachine (ContainerStateMachine.java:takeSnapshot(304)) - group-14427373BA86: Taking a snapshot at:(t:4, i:14) file /home/runner/work/ozone/ozone/hadoop-ozone/integration-test/target/test-dir/MiniOzoneClusterImpl-9e07804d-d88b-4889-9752-1ce24c589c62/datanode-1/data/ratis/ddc81b98-8571-4ecf-9e9e-14427373ba86/sm/snapshot.4_14
2022-07-27 23:17:06,288 [Listener at 127.0.0.1/44809] INFO  server.RaftServer$Division (ServerState.java:close(429)) - 4b6bcd3b-d6b3-4446-abce-c99d7a2dec67@group-15C7C689DFF8: closes. applyIndex: 28
2022-07-27 23:17:06,288 [4b6bcd3b-d6b3-4446-abce-c99d7a2dec67@group-15C7C689DFF8-SegmentedRaftLogWorker] INFO  segmented.SegmentedRaftLogWorker (SegmentedRaftLogWorker.java:run(336)) - 4b6bcd3b-d6b3-4446-abce-c99d7a2dec67@group-15C7C689DFF8-SegmentedRaftLogWorker was interrupted, exiting. There are 0 tasks remaining in the queue.
2022-07-27 23:17:06,289 [d4d12f57-f56f-4c9c-ab62-903c4e3b8a60@group-14427373BA86-StateMachineUpdater] INFO  ratis.ContainerStateMachine (ContainerStateMachine.java:takeSnapshot(315)) - group-14427373BA86: Finished taking a snapshot at:(t:4, i:14) file:/home/runner/work/ozone/ozone/hadoop-ozone/integration-test/target/test-dir/MiniOzoneClusterImpl-9e07804d-d88b-4889-9752-1ce24c589c62/datanode-1/data/ratis/ddc81b98-8571-4ecf-9e9e-14427373ba86/sm/snapshot.4_14 took: 1 ms
2022-07-27 23:17:06,289 [d4d12f57-f56f-4c9c-ab62-903c4e3b8a60@group-14427373BA86-StateMachineUpdater] INFO  impl.StateMachineUpdater (StateMachineUpdater.java:takeSnapshot(287)) - d4d12f57-f56f-4c9c-ab62-903c4e3b8a60@group-14427373BA86-StateMachineUpdater: Took a snapshot at index 14
2022-07-27 23:17:06,289 [d4d12f57-f56f-4c9c-ab62-903c4e3b8a60@group-14427373BA86-StateMachineUpdater] INFO  impl.StateMachineUpdater (StateMachineUpdater.java:lambda$new$0(92)) - d4d12f57-f56f-4c9c-ab62-903c4e3b8a60@group-14427373BA86-StateMachineUpdater: snapshotIndex: updateIncreasingly -1 -> 14
2022-07-27 23:17:06,290 [ForkJoinPool.commonPool-worker-1] INFO  server.RaftServer$Division (ServerState.java:close(429)) - d4d12f57-f56f-4c9c-ab62-903c4e3b8a60@group-14427373BA86: closes. applyIndex: 14
2022-07-27 23:17:06,294 [d4d12f57-f56f-4c9c-ab62-903c4e3b8a60@group-14427373BA86-SegmentedRaftLogWorker] INFO  segmented.SegmentedRaftLogWorker (SegmentedRaftLogWorker.java:run(336)) - d4d12f57-f56f-4c9c-ab62-903c4e3b8a60@group-14427373BA86-SegmentedRaftLogWorker was interrupted, exiting. There are 0 tasks remaining in the queue.
2022-07-27 23:17:06,290 [Listener at 127.0.0.1/44809] INFO  segmented.SegmentedRaftLogWorker (SegmentedRaftLogWorker.java:close(246)) - 4b6bcd3b-d6b3-4446-abce-c99d7a2dec67@group-15C7C689DFF8-SegmentedRaftLogWorker close()
2022-07-27 23:17:06,295 [ForkJoinPool.commonPool-worker-1] INFO  segmented.SegmentedRaftLogWorker (SegmentedRaftLogWorker.java:close(246)) - d4d12f57-f56f-4c9c-ab62-903c4e3b8a60@group-14427373BA86-SegmentedRaftLogWorker close()
2022-07-27 23:17:06,296 [ForkJoinPool.commonPool-worker-1] INFO  server.RaftServer$Division (RaftServerImpl.java:lambda$close$4(434)) - d4d12f57-f56f-4c9c-ab62-903c4e3b8a60@group-5DDE0DFAFE7B: shutdown
2022-07-27 23:17:06,296 [ForkJoinPool.commonPool-worker-1] INFO  util.JmxRegister (JmxRegister.java:unregister(73)) - Successfully un-registered JMX Bean with object name Ratis:service=RaftServer,group=group-5DDE0DFAFE7B,id=d4d12f57-f56f-4c9c-ab62-903c4e3b8a60
2022-07-27 23:17:06,296 [ForkJoinPool.commonPool-worker-1] INFO  impl.RoleInfo (RoleInfo.java:shutdownLeaderState(93)) - d4d12f57-f56f-4c9c-ab62-903c4e3b8a60: shutdown d4d12f57-f56f-4c9c-ab62-903c4e3b8a60@group-5DDE0DFAFE7B-LeaderStateImpl
2022-07-27 23:17:06,296 [ForkJoinPool.commonPool-worker-1] INFO  impl.PendingRequests (PendingRequests.java:sendNotLeaderResponses(282)) - d4d12f57-f56f-4c9c-ab62-903c4e3b8a60@group-5DDE0DFAFE7B-PendingRequests: sendNotLeaderResponses
2022-07-27 23:17:06,296 [ForkJoinPool.commonPool-worker-1] INFO  impl.StateMachineUpdater (StateMachineUpdater.java:stopAndJoin(153)) - d4d12f57-f56f-4c9c-ab62-903c4e3b8a60@group-5DDE0DFAFE7B-StateMachineUpdater: set stopIndex = 0
2022-07-27 23:17:06,297 [d4d12f57-f56f-4c9c-ab62-903c4e3b8a60@group-5DDE0DFAFE7B-StateMachineUpdater] INFO  ratis.ContainerStateMachine (ContainerStateMachine.java:takeSnapshot(304)) - group-5DDE0DFAFE7B: Taking a snapshot at:(t:1, i:0) file /home/runner/work/ozone/ozone/hadoop-ozone/integration-test/target/test-dir/MiniOzoneClusterImpl-9e07804d-d88b-4889-9752-1ce24c589c62/datanode-1/data/ratis/0ad464ba-d195-4d41-8d68-5dde0dfafe7b/sm/snapshot.1_0
2022-07-27 23:17:06,297 [Listener at 127.0.0.1/44809] INFO  server.RaftServer$Division (RaftServerImpl.java:lambda$close$4(434)) - 4b6bcd3b-d6b3-4446-abce-c99d7a2dec67@group-14427373BA86: shutdown
2022-07-27 23:17:06,297 [Listener at 127.0.0.1/44809] INFO  util.JmxRegister (JmxRegister.java:unregister(73)) - Successfully un-registered JMX Bean with object name Ratis:service=RaftServer,group=group-14427373BA86,id=4b6bcd3b-d6b3-4446-abce-c99d7a2dec67
2022-07-27 23:17:06,297 [Listener at 127.0.0.1/44809] INFO  impl.RoleInfo (RoleInfo.java:shutdownLeaderState(93)) - 4b6bcd3b-d6b3-4446-abce-c99d7a2dec67: shutdown 4b6bcd3b-d6b3-4446-abce-c99d7a2dec67@group-14427373BA86-LeaderStateImpl
2022-07-27 23:17:06,297 [4b6bcd3b-d6b3-4446-abce-c99d7a2dec67@group-14427373BA86->2699f4c4-fa0c-4eec-a794-d1f1be832e07-GrpcLogAppender-LogAppenderDaemon] WARN  server.GrpcLogAppender (GrpcLogAppender.java:mayWait(171)) - 4b6bcd3b-d6b3-4446-abce-c99d7a2dec67@group-14427373BA86->2699f4c4-fa0c-4eec-a794-d1f1be832e07-GrpcLogAppender: Wait interrupted by java.lang.InterruptedException
2022-07-27 23:17:06,298 [4b6bcd3b-d6b3-4446-abce-c99d7a2dec67@group-14427373BA86->d4d12f57-f56f-4c9c-ab62-903c4e3b8a60-GrpcLogAppender-LogAppenderDaemon] WARN  server.GrpcLogAppender (GrpcLogAppender.java:mayWait(171)) - 4b6bcd3b-d6b3-4446-abce-c99d7a2dec67@group-14427373BA86->d4d12f57-f56f-4c9c-ab62-903c4e3b8a60-GrpcLogAppender: Wait interrupted by java.lang.InterruptedException
2022-07-27 23:17:06,298 [d4d12f57-f56f-4c9c-ab62-903c4e3b8a60@group-5DDE0DFAFE7B-StateMachineUpdater] INFO  ratis.ContainerStateMachine (ContainerStateMachine.java:takeSnapshot(315)) - group-5DDE0DFAFE7B: Finished taking a snapshot at:(t:1, i:0) file:/home/runner/work/ozone/ozone/hadoop-ozone/integration-test/target/test-dir/MiniOzoneClusterImpl-9e07804d-d88b-4889-9752-1ce24c589c62/datanode-1/data/ratis/0ad464ba-d195-4d41-8d68-5dde0dfafe7b/sm/snapshot.1_0 took: 1 ms
2022-07-27 23:17:06,298 [d4d12f57-f56f-4c9c-ab62-903c4e3b8a60@group-5DDE0DFAFE7B-StateMachineUpdater] INFO  impl.StateMachineUpdater (StateMachineUpdater.java:takeSnapshot(287)) - d4d12f57-f56f-4c9c-ab62-903c4e3b8a60@group-5DDE0DFAFE7B-StateMachineUpdater: Took a snapshot at index 0
2022-07-27 23:17:06,298 [d4d12f57-f56f-4c9c-ab62-903c4e3b8a60@group-5DDE0DFAFE7B-StateMachineUpdater] INFO  impl.StateMachineUpdater (StateMachineUpdater.java:lambda$new$0(92)) - d4d12f57-f56f-4c9c-ab62-903c4e3b8a60@group-5DDE0DFAFE7B-StateMachineUpdater: snapshotIndex: updateIncreasingly -1 -> 0
2022-07-27 23:17:06,298 [grpc-default-executor-2] INFO  server.GrpcServerProtocolService (GrpcServerProtocolService.java:onCompleted(140)) - 2699f4c4-fa0c-4eec-a794-d1f1be832e07: Completed APPEND_ENTRIES, lastRequest: 4b6bcd3b-d6b3-4446-abce-c99d7a2dec67->2699f4c4-fa0c-4eec-a794-d1f1be832e07#182-t4,previous=(t:4, i:13),leaderCommit=12,initializing? true,entries: size=1, first=(t:4, i:14), METADATAENTRY(c:12)
2022-07-27 23:17:06,298 [ForkJoinPool.commonPool-worker-1] INFO  server.RaftServer$Division (ServerState.java:close(429)) - d4d12f57-f56f-4c9c-ab62-903c4e3b8a60@group-5DDE0DFAFE7B: closes. applyIndex: 0
2022-07-27 23:17:06,298 [d4d12f57-f56f-4c9c-ab62-903c4e3b8a60@group-5DDE0DFAFE7B-SegmentedRaftLogWorker] INFO  segmented.SegmentedRaftLogWorker (SegmentedRaftLogWorker.java:run(336)) - d4d12f57-f56f-4c9c-ab62-903c4e3b8a60@group-5DDE0DFAFE7B-SegmentedRaftLogWorker was interrupted, exiting. There are 0 tasks remaining in the queue.
2022-07-27 23:17:06,298 [ForkJoinPool.commonPool-worker-1] INFO  segmented.SegmentedRaftLogWorker (SegmentedRaftLogWorker.java:close(246)) - d4d12f57-f56f-4c9c-ab62-903c4e3b8a60@group-5DDE0DFAFE7B-SegmentedRaftLogWorker close()
2022-07-27 23:17:06,298 [Listener at 127.0.0.1/44809] INFO  impl.PendingRequests (PendingRequests.java:sendNotLeaderResponses(282)) - 4b6bcd3b-d6b3-4446-abce-c99d7a2dec67@group-14427373BA86-PendingRequests: sendNotLeaderResponses
2022-07-27 23:17:06,298 [grpc-default-executor-1] INFO  server.GrpcLogAppender (GrpcLogAppender.java:onCompleted(339)) - 4b6bcd3b-d6b3-4446-abce-c99d7a2dec67@group-14427373BA86->2699f4c4-fa0c-4eec-a794-d1f1be832e07-AppendLogResponseHandler: follower responses appendEntries COMPLETED
2022-07-27 23:17:06,299 [grpc-default-executor-1] INFO  leader.FollowerInfo (FollowerInfoImpl.java:lambda$new$0(48)) - 4b6bcd3b-d6b3-4446-abce-c99d7a2dec67@group-14427373BA86->2699f4c4-fa0c-4eec-a794-d1f1be832e07: nextIndex: updateUnconditionally 15 -> 14
2022-07-27 23:17:06,299 [ForkJoinPool.commonPool-worker-1] INFO  server.GrpcService (GrpcService.java:closeImpl(269)) - d4d12f57-f56f-4c9c-ab62-903c4e3b8a60: shutdown server with port 42455 now
2022-07-27 23:17:06,301 [grpc-default-executor-1] INFO  server.GrpcServerProtocolService (GrpcServerProtocolService.java:onCompleted(140)) - d4d12f57-f56f-4c9c-ab62-903c4e3b8a60: Completed APPEND_ENTRIES, lastRequest: 4b6bcd3b-d6b3-4446-abce-c99d7a2dec67->d4d12f57-f56f-4c9c-ab62-903c4e3b8a60#184-t4,previous=(t:4, i:13),leaderCommit=12,initializing? true,entries: size=1, first=(t:4, i:14), METADATAENTRY(c:12)
2022-07-27 23:17:06,304 [grpc-default-executor-3] WARN  server.GrpcClientProtocolService (LogUtils.java:warn(122)) - 1-UnorderedRequestStreamObserver1: onError: org.apache.ratis.thirdparty.io.grpc.StatusRuntimeException: CANCELLED: client cancelled
2022-07-27 23:17:06,306 [Listener at 127.0.0.1/44809] INFO  impl.StateMachineUpdater (StateMachineUpdater.java:stopAndJoin(153)) - 4b6bcd3b-d6b3-4446-abce-c99d7a2dec67@group-14427373BA86-StateMachineUpdater: set stopIndex = 14
2022-07-27 23:17:06,306 [4b6bcd3b-d6b3-4446-abce-c99d7a2dec67@group-14427373BA86-StateMachineUpdater] INFO  ratis.ContainerStateMachine (ContainerStateMachine.java:takeSnapshot(304)) - group-14427373BA86: Taking a snapshot at:(t:4, i:14) file /home/runner/work/ozone/ozone/hadoop-ozone/integration-test/target/test-dir/MiniOzoneClusterImpl-9e07804d-d88b-4889-9752-1ce24c589c62/datanode-2/data/ratis/ddc81b98-8571-4ecf-9e9e-14427373ba86/sm/snapshot.4_14
2022-07-27 23:17:06,307 [4b6bcd3b-d6b3-4446-abce-c99d7a2dec67@group-14427373BA86-StateMachineUpdater] INFO  ratis.ContainerStateMachine (ContainerStateMachine.java:takeSnapshot(315)) - group-14427373BA86: Finished taking a snapshot at:(t:4, i:14) file:/home/runner/work/ozone/ozone/hadoop-ozone/integration-test/target/test-dir/MiniOzoneClusterImpl-9e07804d-d88b-4889-9752-1ce24c589c62/datanode-2/data/ratis/ddc81b98-8571-4ecf-9e9e-14427373ba86/sm/snapshot.4_14 took: 1 ms
2022-07-27 23:17:06,307 [4b6bcd3b-d6b3-4446-abce-c99d7a2dec67@group-14427373BA86-StateMachineUpdater] INFO  impl.StateMachineUpdater (StateMachineUpdater.java:takeSnapshot(287)) - 4b6bcd3b-d6b3-4446-abce-c99d7a2dec67@group-14427373BA86-StateMachineUpdater: Took a snapshot at index 14
2022-07-27 23:17:06,307 [4b6bcd3b-d6b3-4446-abce-c99d7a2dec67@group-14427373BA86-StateMachineUpdater] INFO  impl.StateMachineUpdater (StateMachineUpdater.java:lambda$new$0(92)) - 4b6bcd3b-d6b3-4446-abce-c99d7a2dec67@group-14427373BA86-StateMachineUpdater: snapshotIndex: updateIncreasingly -1 -> 14
2022-07-27 23:17:06,308 [Listener at 127.0.0.1/44809] INFO  server.RaftServer$Division (ServerState.java:close(429)) - 4b6bcd3b-d6b3-4446-abce-c99d7a2dec67@group-14427373BA86: closes. applyIndex: 14
2022-07-27 23:17:06,308 [4b6bcd3b-d6b3-4446-abce-c99d7a2dec67@group-14427373BA86-SegmentedRaftLogWorker] INFO  segmented.SegmentedRaftLogWorker (SegmentedRaftLogWorker.java:run(336)) - 4b6bcd3b-d6b3-4446-abce-c99d7a2dec67@group-14427373BA86-SegmentedRaftLogWorker was interrupted, exiting. There are 0 tasks remaining in the queue.
2022-07-27 23:17:06,310 [Listener at 127.0.0.1/44809] INFO  segmented.SegmentedRaftLogWorker (SegmentedRaftLogWorker.java:close(246)) - 4b6bcd3b-d6b3-4446-abce-c99d7a2dec67@group-14427373BA86-SegmentedRaftLogWorker close()
2022-07-27 23:17:06,312 [grpc-default-executor-0] INFO  server.GrpcLogAppender (GrpcLogAppender.java:onError(328)) - 4b6bcd3b-d6b3-4446-abce-c99d7a2dec67@group-14427373BA86->d4d12f57-f56f-4c9c-ab62-903c4e3b8a60-GrpcLogAppender is stopped
2022-07-27 23:17:06,313 [Listener at 127.0.0.1/44809] INFO  server.GrpcService (GrpcService.java:closeImpl(269)) - 4b6bcd3b-d6b3-4446-abce-c99d7a2dec67: shutdown server with port 34935 now
2022-07-27 23:17:06,317 [Listener at 127.0.0.1/44809] INFO  server.GrpcService (GrpcService.java:closeImpl(278)) - 4b6bcd3b-d6b3-4446-abce-c99d7a2dec67: shutdown server with port 34935 successfully
2022-07-27 23:17:06,317 [org.apache.ratis.util.JvmPauseMonitor$$Lambda$616/285728533@6339b61] INFO  util.JvmPauseMonitor (JvmPauseMonitor.java:run(109)) - JvmPauseMonitor-4b6bcd3b-d6b3-4446-abce-c99d7a2dec67: Stopped
2022-07-27 23:17:06,318 [ForkJoinPool.commonPool-worker-1] INFO  server.GrpcService (GrpcService.java:closeImpl(278)) - d4d12f57-f56f-4c9c-ab62-903c4e3b8a60: shutdown server with port 42455 successfully
2022-07-27 23:17:06,319 [org.apache.ratis.util.JvmPauseMonitor$$Lambda$616/285728533@5f3d7e2b] INFO  util.JvmPauseMonitor (JvmPauseMonitor.java:run(109)) - JvmPauseMonitor-d4d12f57-f56f-4c9c-ab62-903c4e3b8a60: Stopped
2022-07-27 23:17:08,341 [Listener at 127.0.0.1/44809] INFO  utils.BackgroundService (BackgroundService.java:shutdown(141)) - Shutting down service BlockDeletingService
2022-07-27 23:17:08,342 [Listener at 127.0.0.1/44809] INFO  utils.BackgroundService (BackgroundService.java:shutdown(141)) - Shutting down service StaleRecoveringContainerScrubbingService
2022-07-27 23:17:08,343 [ForkJoinPool.commonPool-worker-1] INFO  utils.BackgroundService (BackgroundService.java:shutdown(141)) - Shutting down service BlockDeletingService
2022-07-27 23:17:08,344 [ForkJoinPool.commonPool-worker-1] INFO  utils.BackgroundService (BackgroundService.java:shutdown(141)) - Shutting down service StaleRecoveringContainerScrubbingService
2022-07-27 23:17:11,344 [Listener at 127.0.0.1/44809] INFO  statemachine.DatanodeStateMachine (DatanodeStateMachine.java:stopDaemon(580)) - Ozone container server stopped.
2022-07-27 23:17:11,362 [Listener at 127.0.0.1/44809] INFO  handler.ContextHandler (ContextHandler.java:doStop(1153)) - Stopped o.e.j.w.WebAppContext@391115fe{hddsDatanode,/,null,STOPPED}{jar:file:/home/runner/.m2/repository/org/apache/ozone/hdds-container-service/1.3.0-SNAPSHOT/hdds-container-service-1.3.0-SNAPSHOT.jar!/webapps/hddsDatanode}
2022-07-27 23:17:11,363 [ForkJoinPool.commonPool-worker-1] INFO  statemachine.DatanodeStateMachine (DatanodeStateMachine.java:stopDaemon(580)) - Ozone container server stopped.
2022-07-27 23:17:11,366 [Listener at 127.0.0.1/44809] INFO  server.AbstractConnector (AbstractConnector.java:doStop(381)) - Stopped ServerConnector@6abb34a5{HTTP/1.1, (http/1.1)}{0.0.0.0:0}
2022-07-27 23:17:11,370 [Listener at 127.0.0.1/44809] INFO  server.session (HouseKeeper.java:stopScavenging(149)) - node0 Stopped scavenging
2022-07-27 23:17:11,370 [Listener at 127.0.0.1/44809] INFO  handler.ContextHandler (ContextHandler.java:doStop(1153)) - Stopped o.e.j.s.ServletContextHandler@1493c922{static,/static,jar:file:/home/runner/.m2/repository/org/apache/ozone/hdds-container-service/1.3.0-SNAPSHOT/hdds-container-service-1.3.0-SNAPSHOT.jar!/webapps/static,STOPPED}
2022-07-27 23:17:11,370 [Listener at 127.0.0.1/44809] INFO  handler.ContextHandler (ContextHandler.java:doStop(1153)) - Stopped o.e.j.s.ServletContextHandler@1f402d1{logs,/logs,file:///home/runner/work/ozone/ozone/hadoop-ozone/integration-test/target/log,STOPPED}
2022-07-27 23:17:11,378 [ForkJoinPool.commonPool-worker-1] INFO  handler.ContextHandler (ContextHandler.java:doStop(1153)) - Stopped o.e.j.w.WebAppContext@48ef02f2{hddsDatanode,/,null,STOPPED}{jar:file:/home/runner/.m2/repository/org/apache/ozone/hdds-container-service/1.3.0-SNAPSHOT/hdds-container-service-1.3.0-SNAPSHOT.jar!/webapps/hddsDatanode}
2022-07-27 23:17:11,378 [ForkJoinPool.commonPool-worker-1] INFO  server.AbstractConnector (AbstractConnector.java:doStop(381)) - Stopped ServerConnector@239a8275{HTTP/1.1, (http/1.1)}{0.0.0.0:0}
2022-07-27 23:17:11,378 [ForkJoinPool.commonPool-worker-1] INFO  server.session (HouseKeeper.java:stopScavenging(149)) - node0 Stopped scavenging
2022-07-27 23:17:11,390 [ForkJoinPool.commonPool-worker-1] INFO  handler.ContextHandler (ContextHandler.java:doStop(1153)) - Stopped o.e.j.s.ServletContextHandler@1c0ffb7e{static,/static,jar:file:/home/runner/.m2/repository/org/apache/ozone/hdds-container-service/1.3.0-SNAPSHOT/hdds-container-service-1.3.0-SNAPSHOT.jar!/webapps/static,STOPPED}
2022-07-27 23:17:11,391 [ForkJoinPool.commonPool-worker-1] INFO  handler.ContextHandler (ContextHandler.java:doStop(1153)) - Stopped o.e.j.s.ServletContextHandler@eabde6e{logs,/logs,file:///home/runner/work/ozone/ozone/hadoop-ozone/integration-test/target/log,STOPPED}
2022-07-27 23:17:12,920 [2699f4c4-fa0c-4eec-a794-d1f1be832e07@group-15C7C689DFF8-FollowerState] INFO  impl.FollowerState (FollowerState.java:run(143)) - 2699f4c4-fa0c-4eec-a794-d1f1be832e07@group-15C7C689DFF8-FollowerState: change to CANDIDATE, lastRpcElapsedTime:6928491732ns, electionTimeout:5139ms
2022-07-27 23:17:12,920 [2699f4c4-fa0c-4eec-a794-d1f1be832e07@group-15C7C689DFF8-FollowerState] INFO  impl.RoleInfo (RoleInfo.java:shutdownFollowerState(110)) - 2699f4c4-fa0c-4eec-a794-d1f1be832e07: shutdown 2699f4c4-fa0c-4eec-a794-d1f1be832e07@group-15C7C689DFF8-FollowerState
2022-07-27 23:17:12,920 [2699f4c4-fa0c-4eec-a794-d1f1be832e07@group-15C7C689DFF8-FollowerState] INFO  server.RaftServer$Division (RaftServerImpl.java:setRole(299)) - 2699f4c4-fa0c-4eec-a794-d1f1be832e07@group-15C7C689DFF8: changes role from  FOLLOWER to CANDIDATE at term 2 for changeToCandidate
2022-07-27 23:17:12,920 [2699f4c4-fa0c-4eec-a794-d1f1be832e07@group-15C7C689DFF8-FollowerState] INFO  server.RaftServerConfigKeys (ConfUtils.java:logGet(46)) - raft.server.leaderelection.pre-vote = false (custom)
2022-07-27 23:17:12,920 [2699f4c4-fa0c-4eec-a794-d1f1be832e07@group-15C7C689DFF8-FollowerState] INFO  impl.RoleInfo (RoleInfo.java:updateAndGet(139)) - 2699f4c4-fa0c-4eec-a794-d1f1be832e07: start 2699f4c4-fa0c-4eec-a794-d1f1be832e07@group-15C7C689DFF8-LeaderElection14
2022-07-27 23:17:12,925 [2699f4c4-fa0c-4eec-a794-d1f1be832e07@group-15C7C689DFF8-LeaderElection14] INFO  server.RaftServer$Division (ServerState.java:setLeader(287)) - 2699f4c4-fa0c-4eec-a794-d1f1be832e07@group-15C7C689DFF8: change Leader from d4d12f57-f56f-4c9c-ab62-903c4e3b8a60 to null at term 2 for ELECTION
2022-07-27 23:17:12,941 [2699f4c4-fa0c-4eec-a794-d1f1be832e07@group-15C7C689DFF8-LeaderElection14] INFO  impl.LeaderElection (LeaderElection.java:askForVotes(310)) - 2699f4c4-fa0c-4eec-a794-d1f1be832e07@group-15C7C689DFF8-LeaderElection14 ELECTION round 0: submit vote requests at term 3 for 0: [2699f4c4-fa0c-4eec-a794-d1f1be832e07|rpc:10.1.0.23:42117|dataStream:|priority:0, d4d12f57-f56f-4c9c-ab62-903c4e3b8a60|rpc:10.1.0.23:42455|dataStream:|priority:1, 4b6bcd3b-d6b3-4446-abce-c99d7a2dec67|rpc:10.1.0.23:34935|dataStream:|priority:0], old=null
2022-07-27 23:17:12,970 [2699f4c4-fa0c-4eec-a794-d1f1be832e07@group-15C7C689DFF8-LeaderElection14] INFO  impl.LeaderElection (LogUtils.java:infoOrTrace(137)) - 2699f4c4-fa0c-4eec-a794-d1f1be832e07@group-15C7C689DFF8-LeaderElection14 got exception when requesting votes: java.util.concurrent.ExecutionException: org.apache.ratis.thirdparty.io.grpc.StatusRuntimeException: UNAVAILABLE: io exception
2022-07-27 23:17:12,971 [2699f4c4-fa0c-4eec-a794-d1f1be832e07@group-15C7C689DFF8-LeaderElection14] INFO  impl.LeaderElection (LogUtils.java:infoOrTrace(137)) - 2699f4c4-fa0c-4eec-a794-d1f1be832e07@group-15C7C689DFF8-LeaderElection14 got exception when requesting votes: java.util.concurrent.ExecutionException: org.apache.ratis.thirdparty.io.grpc.StatusRuntimeException: UNAVAILABLE: io exception
2022-07-27 23:17:12,971 [2699f4c4-fa0c-4eec-a794-d1f1be832e07@group-15C7C689DFF8-LeaderElection14] INFO  impl.LeaderElection (LeaderElection.java:logAndReturn(90)) - 2699f4c4-fa0c-4eec-a794-d1f1be832e07@group-15C7C689DFF8-LeaderElection14: ELECTION REJECTED received 0 response(s) and 2 exception(s):
2022-07-27 23:17:12,972 [2699f4c4-fa0c-4eec-a794-d1f1be832e07@group-15C7C689DFF8-LeaderElection14] INFO  impl.LeaderElection (LogUtils.java:infoOrTrace(137)) -   Exception 0: java.util.concurrent.ExecutionException: org.apache.ratis.thirdparty.io.grpc.StatusRuntimeException: UNAVAILABLE: io exception
2022-07-27 23:17:12,972 [2699f4c4-fa0c-4eec-a794-d1f1be832e07@group-15C7C689DFF8-LeaderElection14] INFO  impl.LeaderElection (LogUtils.java:infoOrTrace(137)) -   Exception 1: java.util.concurrent.ExecutionException: org.apache.ratis.thirdparty.io.grpc.StatusRuntimeException: UNAVAILABLE: io exception
2022-07-27 23:17:12,972 [2699f4c4-fa0c-4eec-a794-d1f1be832e07@group-15C7C689DFF8-LeaderElection14] INFO  impl.LeaderElection (LeaderElection.java:askForVotes(312)) - 2699f4c4-fa0c-4eec-a794-d1f1be832e07@group-15C7C689DFF8-LeaderElection14 ELECTION round 0: result REJECTED
2022-07-27 23:17:12,972 [2699f4c4-fa0c-4eec-a794-d1f1be832e07@group-15C7C689DFF8-LeaderElection14] INFO  server.RaftServer$Division (RaftServerImpl.java:setRole(299)) - 2699f4c4-fa0c-4eec-a794-d1f1be832e07@group-15C7C689DFF8: changes role from CANDIDATE to FOLLOWER at term 3 for REJECTED
2022-07-27 23:17:12,972 [2699f4c4-fa0c-4eec-a794-d1f1be832e07@group-15C7C689DFF8-LeaderElection14] INFO  impl.RoleInfo (RoleInfo.java:shutdownLeaderElection(130)) - 2699f4c4-fa0c-4eec-a794-d1f1be832e07: shutdown 2699f4c4-fa0c-4eec-a794-d1f1be832e07@group-15C7C689DFF8-LeaderElection14
2022-07-27 23:17:12,972 [2699f4c4-fa0c-4eec-a794-d1f1be832e07@group-15C7C689DFF8-LeaderElection14] INFO  impl.RoleInfo (RoleInfo.java:updateAndGet(139)) - 2699f4c4-fa0c-4eec-a794-d1f1be832e07: start 2699f4c4-fa0c-4eec-a794-d1f1be832e07@group-15C7C689DFF8-FollowerState
2022-07-27 23:17:13,716 [2699f4c4-fa0c-4eec-a794-d1f1be832e07@group-14427373BA86-FollowerState] INFO  impl.FollowerState (FollowerState.java:run(143)) - 2699f4c4-fa0c-4eec-a794-d1f1be832e07@group-14427373BA86-FollowerState: change to CANDIDATE, lastRpcElapsedTime:8661131879ns, electionTimeout:5147ms
2022-07-27 23:17:13,716 [2699f4c4-fa0c-4eec-a794-d1f1be832e07@group-14427373BA86-FollowerState] INFO  impl.RoleInfo (RoleInfo.java:shutdownFollowerState(110)) - 2699f4c4-fa0c-4eec-a794-d1f1be832e07: shutdown 2699f4c4-fa0c-4eec-a794-d1f1be832e07@group-14427373BA86-FollowerState
2022-07-27 23:17:13,716 [2699f4c4-fa0c-4eec-a794-d1f1be832e07@group-14427373BA86-FollowerState] INFO  server.RaftServer$Division (RaftServerImpl.java:setRole(299)) - 2699f4c4-fa0c-4eec-a794-d1f1be832e07@group-14427373BA86: changes role from  FOLLOWER to CANDIDATE at term 4 for changeToCandidate
2022-07-27 23:17:13,716 [2699f4c4-fa0c-4eec-a794-d1f1be832e07@group-14427373BA86-FollowerState] INFO  server.RaftServerConfigKeys (ConfUtils.java:logGet(46)) - raft.server.leaderelection.pre-vote = false (custom)
2022-07-27 23:17:13,716 [2699f4c4-fa0c-4eec-a794-d1f1be832e07@group-14427373BA86-FollowerState] INFO  impl.RoleInfo (RoleInfo.java:updateAndGet(139)) - 2699f4c4-fa0c-4eec-a794-d1f1be832e07: start 2699f4c4-fa0c-4eec-a794-d1f1be832e07@group-14427373BA86-LeaderElection15
2022-07-27 23:17:13,730 [2699f4c4-fa0c-4eec-a794-d1f1be832e07@group-14427373BA86-LeaderElection15] INFO  server.RaftServer$Division (ServerState.java:setLeader(287)) - 2699f4c4-fa0c-4eec-a794-d1f1be832e07@group-14427373BA86: change Leader from 4b6bcd3b-d6b3-4446-abce-c99d7a2dec67 to null at term 4 for ELECTION
2022-07-27 23:17:13,731 [2699f4c4-fa0c-4eec-a794-d1f1be832e07@group-14427373BA86-LeaderElection15] INFO  impl.LeaderElection (LeaderElection.java:askForVotes(310)) - 2699f4c4-fa0c-4eec-a794-d1f1be832e07@group-14427373BA86-LeaderElection15 ELECTION round 0: submit vote requests at term 5 for 0: [2699f4c4-fa0c-4eec-a794-d1f1be832e07|rpc:10.1.0.23:42117|dataStream:|priority:0, d4d12f57-f56f-4c9c-ab62-903c4e3b8a60|rpc:10.1.0.23:42455|dataStream:|priority:0, 4b6bcd3b-d6b3-4446-abce-c99d7a2dec67|rpc:10.1.0.23:34935|dataStream:|priority:1], old=null
2022-07-27 23:17:13,746 [2699f4c4-fa0c-4eec-a794-d1f1be832e07@group-14427373BA86-LeaderElection15] INFO  impl.LeaderElection (LogUtils.java:infoOrTrace(137)) - 2699f4c4-fa0c-4eec-a794-d1f1be832e07@group-14427373BA86-LeaderElection15 got exception when requesting votes: java.util.concurrent.ExecutionException: org.apache.ratis.thirdparty.io.grpc.StatusRuntimeException: UNAVAILABLE: io exception
2022-07-27 23:17:13,747 [2699f4c4-fa0c-4eec-a794-d1f1be832e07@group-14427373BA86-LeaderElection15] INFO  impl.LeaderElection (LogUtils.java:infoOrTrace(137)) - 2699f4c4-fa0c-4eec-a794-d1f1be832e07@group-14427373BA86-LeaderElection15 got exception when requesting votes: java.util.concurrent.ExecutionException: org.apache.ratis.thirdparty.io.grpc.StatusRuntimeException: UNAVAILABLE: io exception
2022-07-27 23:17:13,747 [2699f4c4-fa0c-4eec-a794-d1f1be832e07@group-14427373BA86-LeaderElection15] INFO  impl.LeaderElection (LeaderElection.java:logAndReturn(90)) - 2699f4c4-fa0c-4eec-a794-d1f1be832e07@group-14427373BA86-LeaderElection15: ELECTION REJECTED received 0 response(s) and 2 exception(s):
2022-07-27 23:17:13,747 [2699f4c4-fa0c-4eec-a794-d1f1be832e07@group-14427373BA86-LeaderElection15] INFO  impl.LeaderElection (LogUtils.java:infoOrTrace(137)) -   Exception 0: java.util.concurrent.ExecutionException: org.apache.ratis.thirdparty.io.grpc.StatusRuntimeException: UNAVAILABLE: io exception
2022-07-27 23:17:13,747 [2699f4c4-fa0c-4eec-a794-d1f1be832e07@group-14427373BA86-LeaderElection15] INFO  impl.LeaderElection (LogUtils.java:infoOrTrace(137)) -   Exception 1: java.util.concurrent.ExecutionException: org.apache.ratis.thirdparty.io.grpc.StatusRuntimeException: UNAVAILABLE: io exception
2022-07-27 23:17:13,747 [2699f4c4-fa0c-4eec-a794-d1f1be832e07@group-14427373BA86-LeaderElection15] INFO  impl.LeaderElection (LeaderElection.java:askForVotes(312)) - 2699f4c4-fa0c-4eec-a794-d1f1be832e07@group-14427373BA86-LeaderElection15 ELECTION round 0: result REJECTED
2022-07-27 23:17:13,747 [2699f4c4-fa0c-4eec-a794-d1f1be832e07@group-14427373BA86-LeaderElection15] INFO  server.RaftServer$Division (RaftServerImpl.java:setRole(299)) - 2699f4c4-fa0c-4eec-a794-d1f1be832e07@group-14427373BA86: changes role from CANDIDATE to FOLLOWER at term 5 for REJECTED
2022-07-27 23:17:13,748 [2699f4c4-fa0c-4eec-a794-d1f1be832e07@group-14427373BA86-LeaderElection15] INFO  impl.RoleInfo (RoleInfo.java:shutdownLeaderElection(130)) - 2699f4c4-fa0c-4eec-a794-d1f1be832e07: shutdown 2699f4c4-fa0c-4eec-a794-d1f1be832e07@group-14427373BA86-LeaderElection15
2022-07-27 23:17:13,748 [2699f4c4-fa0c-4eec-a794-d1f1be832e07@group-14427373BA86-LeaderElection15] INFO  impl.RoleInfo (RoleInfo.java:updateAndGet(139)) - 2699f4c4-fa0c-4eec-a794-d1f1be832e07: start 2699f4c4-fa0c-4eec-a794-d1f1be832e07@group-14427373BA86-FollowerState
2022-07-27 23:17:16,385 [Listener at 127.0.0.1/44809] INFO  ozoneimpl.OzoneContainer (OzoneContainer.java:stop(399)) - Attempting to stop container services.
2022-07-27 23:17:16,386 [Listener at 127.0.0.1/44809] INFO  server.RaftServer (RaftServerProxy.java:lambda$close$7(398)) - d7b59a12-ffae-4927-b8fa-810822d92135: close
2022-07-27 23:17:16,386 [Listener at 127.0.0.1/44809] INFO  server.RaftServer$Division (RaftServerImpl.java:lambda$close$4(434)) - d7b59a12-ffae-4927-b8fa-810822d92135@group-C463B5C87882: shutdown
2022-07-27 23:17:16,386 [Listener at 127.0.0.1/44809] INFO  util.JmxRegister (JmxRegister.java:unregister(73)) - Successfully un-registered JMX Bean with object name Ratis:service=RaftServer,group=group-C463B5C87882,id=d7b59a12-ffae-4927-b8fa-810822d92135
2022-07-27 23:17:16,386 [Listener at 127.0.0.1/44809] INFO  impl.RoleInfo (RoleInfo.java:shutdownLeaderState(93)) - d7b59a12-ffae-4927-b8fa-810822d92135: shutdown d7b59a12-ffae-4927-b8fa-810822d92135@group-C463B5C87882-LeaderStateImpl
2022-07-27 23:17:16,386 [Listener at 127.0.0.1/44809] INFO  impl.PendingRequests (PendingRequests.java:sendNotLeaderResponses(282)) - d7b59a12-ffae-4927-b8fa-810822d92135@group-C463B5C87882-PendingRequests: sendNotLeaderResponses
2022-07-27 23:17:16,387 [Listener at 127.0.0.1/44809] INFO  impl.StateMachineUpdater (StateMachineUpdater.java:stopAndJoin(153)) - d7b59a12-ffae-4927-b8fa-810822d92135@group-C463B5C87882-StateMachineUpdater: set stopIndex = 0
2022-07-27 23:17:16,387 [d7b59a12-ffae-4927-b8fa-810822d92135@group-C463B5C87882-StateMachineUpdater] INFO  ratis.ContainerStateMachine (ContainerStateMachine.java:takeSnapshot(304)) - group-C463B5C87882: Taking a snapshot at:(t:1, i:0) file /home/runner/work/ozone/ozone/hadoop-ozone/integration-test/target/test-dir/MiniOzoneClusterImpl-9e07804d-d88b-4889-9752-1ce24c589c62/datanode-4/data/ratis/fafe1b0c-96f3-4deb-b57b-c463b5c87882/sm/snapshot.1_0
2022-07-27 23:17:16,388 [d7b59a12-ffae-4927-b8fa-810822d92135@group-C463B5C87882-StateMachineUpdater] INFO  ratis.ContainerStateMachine (ContainerStateMachine.java:takeSnapshot(315)) - group-C463B5C87882: Finished taking a snapshot at:(t:1, i:0) file:/home/runner/work/ozone/ozone/hadoop-ozone/integration-test/target/test-dir/MiniOzoneClusterImpl-9e07804d-d88b-4889-9752-1ce24c589c62/datanode-4/data/ratis/fafe1b0c-96f3-4deb-b57b-c463b5c87882/sm/snapshot.1_0 took: 1 ms
2022-07-27 23:17:16,388 [d7b59a12-ffae-4927-b8fa-810822d92135@group-C463B5C87882-StateMachineUpdater] INFO  impl.StateMachineUpdater (StateMachineUpdater.java:takeSnapshot(287)) - d7b59a12-ffae-4927-b8fa-810822d92135@group-C463B5C87882-StateMachineUpdater: Took a snapshot at index 0
2022-07-27 23:17:16,388 [d7b59a12-ffae-4927-b8fa-810822d92135@group-C463B5C87882-StateMachineUpdater] INFO  impl.StateMachineUpdater (StateMachineUpdater.java:lambda$new$0(92)) - d7b59a12-ffae-4927-b8fa-810822d92135@group-C463B5C87882-StateMachineUpdater: snapshotIndex: updateIncreasingly -1 -> 0
2022-07-27 23:17:16,388 [Listener at 127.0.0.1/44809] INFO  server.RaftServer$Division (ServerState.java:close(429)) - d7b59a12-ffae-4927-b8fa-810822d92135@group-C463B5C87882: closes. applyIndex: 0
2022-07-27 23:17:16,388 [d7b59a12-ffae-4927-b8fa-810822d92135@group-C463B5C87882-SegmentedRaftLogWorker] INFO  segmented.SegmentedRaftLogWorker (SegmentedRaftLogWorker.java:run(336)) - d7b59a12-ffae-4927-b8fa-810822d92135@group-C463B5C87882-SegmentedRaftLogWorker was interrupted, exiting. There are 0 tasks remaining in the queue.
2022-07-27 23:17:16,389 [Listener at 127.0.0.1/44809] INFO  segmented.SegmentedRaftLogWorker (SegmentedRaftLogWorker.java:close(246)) - d7b59a12-ffae-4927-b8fa-810822d92135@group-C463B5C87882-SegmentedRaftLogWorker close()
2022-07-27 23:17:16,389 [Listener at 127.0.0.1/44809] INFO  server.GrpcService (GrpcService.java:closeImpl(269)) - d7b59a12-ffae-4927-b8fa-810822d92135: shutdown server with port 37019 now
2022-07-27 23:17:16,390 [Listener at 127.0.0.1/44809] INFO  server.GrpcService (GrpcService.java:closeImpl(278)) - d7b59a12-ffae-4927-b8fa-810822d92135: shutdown server with port 37019 successfully
2022-07-27 23:17:16,390 [org.apache.ratis.util.JvmPauseMonitor$$Lambda$616/285728533@2efd7562] INFO  util.JvmPauseMonitor (JvmPauseMonitor.java:run(109)) - JvmPauseMonitor-d7b59a12-ffae-4927-b8fa-810822d92135: Stopped
2022-07-27 23:17:16,393 [ForkJoinPool.commonPool-worker-1] INFO  ozoneimpl.OzoneContainer (OzoneContainer.java:stop(399)) - Attempting to stop container services.
2022-07-27 23:17:16,393 [ForkJoinPool.commonPool-worker-1] INFO  server.RaftServer (RaftServerProxy.java:lambda$close$7(398)) - 2699f4c4-fa0c-4eec-a794-d1f1be832e07: close
2022-07-27 23:17:16,393 [ForkJoinPool.commonPool-worker-1] INFO  server.RaftServer$Division (RaftServerImpl.java:lambda$close$4(434)) - 2699f4c4-fa0c-4eec-a794-d1f1be832e07@group-15C7C689DFF8: shutdown
2022-07-27 23:17:16,393 [ForkJoinPool.commonPool-worker-1] INFO  util.JmxRegister (JmxRegister.java:unregister(73)) - Successfully un-registered JMX Bean with object name Ratis:service=RaftServer,group=group-15C7C689DFF8,id=2699f4c4-fa0c-4eec-a794-d1f1be832e07
2022-07-27 23:17:16,393 [ForkJoinPool.commonPool-worker-1] INFO  impl.RoleInfo (RoleInfo.java:shutdownFollowerState(110)) - 2699f4c4-fa0c-4eec-a794-d1f1be832e07: shutdown 2699f4c4-fa0c-4eec-a794-d1f1be832e07@group-15C7C689DFF8-FollowerState
2022-07-27 23:17:16,393 [ForkJoinPool.commonPool-worker-1] INFO  impl.StateMachineUpdater (StateMachineUpdater.java:stopAndJoin(153)) - 2699f4c4-fa0c-4eec-a794-d1f1be832e07@group-15C7C689DFF8-StateMachineUpdater: set stopIndex = 28
2022-07-27 23:17:16,393 [2699f4c4-fa0c-4eec-a794-d1f1be832e07@group-15C7C689DFF8-FollowerState] INFO  impl.FollowerState (FollowerState.java:run(152)) - 2699f4c4-fa0c-4eec-a794-d1f1be832e07@group-15C7C689DFF8-FollowerState was interrupted
2022-07-27 23:17:16,394 [2699f4c4-fa0c-4eec-a794-d1f1be832e07@group-15C7C689DFF8-StateMachineUpdater] INFO  ratis.ContainerStateMachine (ContainerStateMachine.java:takeSnapshot(304)) - group-15C7C689DFF8: Taking a snapshot at:(t:2, i:28) file /home/runner/work/ozone/ozone/hadoop-ozone/integration-test/target/test-dir/MiniOzoneClusterImpl-9e07804d-d88b-4889-9752-1ce24c589c62/datanode-0/data/ratis/dd7e3349-faaf-42b7-8a4a-15c7c689dff8/sm/snapshot.2_28
2022-07-27 23:17:16,395 [2699f4c4-fa0c-4eec-a794-d1f1be832e07@group-15C7C689DFF8-StateMachineUpdater] INFO  ratis.ContainerStateMachine (ContainerStateMachine.java:takeSnapshot(315)) - group-15C7C689DFF8: Finished taking a snapshot at:(t:2, i:28) file:/home/runner/work/ozone/ozone/hadoop-ozone/integration-test/target/test-dir/MiniOzoneClusterImpl-9e07804d-d88b-4889-9752-1ce24c589c62/datanode-0/data/ratis/dd7e3349-faaf-42b7-8a4a-15c7c689dff8/sm/snapshot.2_28 took: 2 ms
2022-07-27 23:17:16,395 [2699f4c4-fa0c-4eec-a794-d1f1be832e07@group-15C7C689DFF8-StateMachineUpdater] INFO  impl.StateMachineUpdater (StateMachineUpdater.java:takeSnapshot(287)) - 2699f4c4-fa0c-4eec-a794-d1f1be832e07@group-15C7C689DFF8-StateMachineUpdater: Took a snapshot at index 28
2022-07-27 23:17:16,395 [2699f4c4-fa0c-4eec-a794-d1f1be832e07@group-15C7C689DFF8-StateMachineUpdater] INFO  impl.StateMachineUpdater (StateMachineUpdater.java:lambda$new$0(92)) - 2699f4c4-fa0c-4eec-a794-d1f1be832e07@group-15C7C689DFF8-StateMachineUpdater: snapshotIndex: updateIncreasingly -1 -> 28
2022-07-27 23:17:16,396 [ForkJoinPool.commonPool-worker-1] INFO  server.RaftServer$Division (ServerState.java:close(429)) - 2699f4c4-fa0c-4eec-a794-d1f1be832e07@group-15C7C689DFF8: closes. applyIndex: 28
2022-07-27 23:17:16,396 [2699f4c4-fa0c-4eec-a794-d1f1be832e07@group-15C7C689DFF8-SegmentedRaftLogWorker] INFO  segmented.SegmentedRaftLogWorker (SegmentedRaftLogWorker.java:run(336)) - 2699f4c4-fa0c-4eec-a794-d1f1be832e07@group-15C7C689DFF8-SegmentedRaftLogWorker was interrupted, exiting. There are 0 tasks remaining in the queue.
2022-07-27 23:17:16,396 [ForkJoinPool.commonPool-worker-1] INFO  segmented.SegmentedRaftLogWorker (SegmentedRaftLogWorker.java:close(246)) - 2699f4c4-fa0c-4eec-a794-d1f1be832e07@group-15C7C689DFF8-SegmentedRaftLogWorker close()
2022-07-27 23:17:16,398 [ForkJoinPool.commonPool-worker-1] INFO  server.RaftServer$Division (RaftServerImpl.java:lambda$close$4(434)) - 2699f4c4-fa0c-4eec-a794-d1f1be832e07@group-14427373BA86: shutdown
2022-07-27 23:17:16,398 [ForkJoinPool.commonPool-worker-1] INFO  util.JmxRegister (JmxRegister.java:unregister(73)) - Successfully un-registered JMX Bean with object name Ratis:service=RaftServer,group=group-14427373BA86,id=2699f4c4-fa0c-4eec-a794-d1f1be832e07
2022-07-27 23:17:16,398 [ForkJoinPool.commonPool-worker-1] INFO  impl.RoleInfo (RoleInfo.java:shutdownFollowerState(110)) - 2699f4c4-fa0c-4eec-a794-d1f1be832e07: shutdown 2699f4c4-fa0c-4eec-a794-d1f1be832e07@group-14427373BA86-FollowerState
2022-07-27 23:17:16,398 [ForkJoinPool.commonPool-worker-1] INFO  impl.StateMachineUpdater (StateMachineUpdater.java:stopAndJoin(153)) - 2699f4c4-fa0c-4eec-a794-d1f1be832e07@group-14427373BA86-StateMachineUpdater: set stopIndex = 14
2022-07-27 23:17:16,398 [2699f4c4-fa0c-4eec-a794-d1f1be832e07@group-14427373BA86-FollowerState] INFO  impl.FollowerState (FollowerState.java:run(152)) - 2699f4c4-fa0c-4eec-a794-d1f1be832e07@group-14427373BA86-FollowerState was interrupted
2022-07-27 23:17:16,398 [2699f4c4-fa0c-4eec-a794-d1f1be832e07@group-14427373BA86-StateMachineUpdater] INFO  ratis.ContainerStateMachine (ContainerStateMachine.java:takeSnapshot(304)) - group-14427373BA86: Taking a snapshot at:(t:4, i:14) file /home/runner/work/ozone/ozone/hadoop-ozone/integration-test/target/test-dir/MiniOzoneClusterImpl-9e07804d-d88b-4889-9752-1ce24c589c62/datanode-0/data/ratis/ddc81b98-8571-4ecf-9e9e-14427373ba86/sm/snapshot.4_14
2022-07-27 23:17:16,400 [2699f4c4-fa0c-4eec-a794-d1f1be832e07@group-14427373BA86-StateMachineUpdater] INFO  ratis.ContainerStateMachine (ContainerStateMachine.java:takeSnapshot(315)) - group-14427373BA86: Finished taking a snapshot at:(t:4, i:14) file:/home/runner/work/ozone/ozone/hadoop-ozone/integration-test/target/test-dir/MiniOzoneClusterImpl-9e07804d-d88b-4889-9752-1ce24c589c62/datanode-0/data/ratis/ddc81b98-8571-4ecf-9e9e-14427373ba86/sm/snapshot.4_14 took: 1 ms
2022-07-27 23:17:16,400 [2699f4c4-fa0c-4eec-a794-d1f1be832e07@group-14427373BA86-StateMachineUpdater] INFO  impl.StateMachineUpdater (StateMachineUpdater.java:takeSnapshot(287)) - 2699f4c4-fa0c-4eec-a794-d1f1be832e07@group-14427373BA86-StateMachineUpdater: Took a snapshot at index 14
2022-07-27 23:17:16,400 [2699f4c4-fa0c-4eec-a794-d1f1be832e07@group-14427373BA86-StateMachineUpdater] INFO  impl.StateMachineUpdater (StateMachineUpdater.java:lambda$new$0(92)) - 2699f4c4-fa0c-4eec-a794-d1f1be832e07@group-14427373BA86-StateMachineUpdater: snapshotIndex: updateIncreasingly -1 -> 14
2022-07-27 23:17:16,401 [ForkJoinPool.commonPool-worker-1] INFO  server.RaftServer$Division (ServerState.java:close(429)) - 2699f4c4-fa0c-4eec-a794-d1f1be832e07@group-14427373BA86: closes. applyIndex: 14
2022-07-27 23:17:16,401 [2699f4c4-fa0c-4eec-a794-d1f1be832e07@group-14427373BA86-SegmentedRaftLogWorker] INFO  segmented.SegmentedRaftLogWorker (SegmentedRaftLogWorker.java:run(336)) - 2699f4c4-fa0c-4eec-a794-d1f1be832e07@group-14427373BA86-SegmentedRaftLogWorker was interrupted, exiting. There are 0 tasks remaining in the queue.
2022-07-27 23:17:16,401 [ForkJoinPool.commonPool-worker-1] INFO  segmented.SegmentedRaftLogWorker (SegmentedRaftLogWorker.java:close(246)) - 2699f4c4-fa0c-4eec-a794-d1f1be832e07@group-14427373BA86-SegmentedRaftLogWorker close()
2022-07-27 23:17:16,402 [ForkJoinPool.commonPool-worker-1] INFO  server.RaftServer$Division (RaftServerImpl.java:lambda$close$4(434)) - 2699f4c4-fa0c-4eec-a794-d1f1be832e07@group-2120ABBBFC9F: shutdown
2022-07-27 23:17:16,402 [ForkJoinPool.commonPool-worker-1] INFO  util.JmxRegister (JmxRegister.java:unregister(73)) - Successfully un-registered JMX Bean with object name Ratis:service=RaftServer,group=group-2120ABBBFC9F,id=2699f4c4-fa0c-4eec-a794-d1f1be832e07
2022-07-27 23:17:16,402 [ForkJoinPool.commonPool-worker-1] INFO  impl.RoleInfo (RoleInfo.java:shutdownLeaderState(93)) - 2699f4c4-fa0c-4eec-a794-d1f1be832e07: shutdown 2699f4c4-fa0c-4eec-a794-d1f1be832e07@group-2120ABBBFC9F-LeaderStateImpl
2022-07-27 23:17:16,402 [ForkJoinPool.commonPool-worker-1] INFO  impl.PendingRequests (PendingRequests.java:sendNotLeaderResponses(282)) - 2699f4c4-fa0c-4eec-a794-d1f1be832e07@group-2120ABBBFC9F-PendingRequests: sendNotLeaderResponses
2022-07-27 23:17:16,402 [ForkJoinPool.commonPool-worker-1] INFO  impl.StateMachineUpdater (StateMachineUpdater.java:stopAndJoin(153)) - 2699f4c4-fa0c-4eec-a794-d1f1be832e07@group-2120ABBBFC9F-StateMachineUpdater: set stopIndex = 0
2022-07-27 23:17:16,403 [2699f4c4-fa0c-4eec-a794-d1f1be832e07@group-2120ABBBFC9F-StateMachineUpdater] INFO  ratis.ContainerStateMachine (ContainerStateMachine.java:takeSnapshot(304)) - group-2120ABBBFC9F: Taking a snapshot at:(t:1, i:0) file /home/runner/work/ozone/ozone/hadoop-ozone/integration-test/target/test-dir/MiniOzoneClusterImpl-9e07804d-d88b-4889-9752-1ce24c589c62/datanode-0/data/ratis/e04f0ada-bad5-45ff-bd73-2120abbbfc9f/sm/snapshot.1_0
2022-07-27 23:17:16,404 [2699f4c4-fa0c-4eec-a794-d1f1be832e07@group-2120ABBBFC9F-StateMachineUpdater] INFO  ratis.ContainerStateMachine (ContainerStateMachine.java:takeSnapshot(315)) - group-2120ABBBFC9F: Finished taking a snapshot at:(t:1, i:0) file:/home/runner/work/ozone/ozone/hadoop-ozone/integration-test/target/test-dir/MiniOzoneClusterImpl-9e07804d-d88b-4889-9752-1ce24c589c62/datanode-0/data/ratis/e04f0ada-bad5-45ff-bd73-2120abbbfc9f/sm/snapshot.1_0 took: 2 ms
2022-07-27 23:17:16,404 [2699f4c4-fa0c-4eec-a794-d1f1be832e07@group-2120ABBBFC9F-StateMachineUpdater] INFO  impl.StateMachineUpdater (StateMachineUpdater.java:takeSnapshot(287)) - 2699f4c4-fa0c-4eec-a794-d1f1be832e07@group-2120ABBBFC9F-StateMachineUpdater: Took a snapshot at index 0
2022-07-27 23:17:16,404 [2699f4c4-fa0c-4eec-a794-d1f1be832e07@group-2120ABBBFC9F-StateMachineUpdater] INFO  impl.StateMachineUpdater (StateMachineUpdater.java:lambda$new$0(92)) - 2699f4c4-fa0c-4eec-a794-d1f1be832e07@group-2120ABBBFC9F-StateMachineUpdater: snapshotIndex: updateIncreasingly -1 -> 0
2022-07-27 23:17:16,405 [ForkJoinPool.commonPool-worker-1] INFO  server.RaftServer$Division (ServerState.java:close(429)) - 2699f4c4-fa0c-4eec-a794-d1f1be832e07@group-2120ABBBFC9F: closes. applyIndex: 0
2022-07-27 23:17:16,405 [2699f4c4-fa0c-4eec-a794-d1f1be832e07@group-2120ABBBFC9F-SegmentedRaftLogWorker] INFO  segmented.SegmentedRaftLogWorker (SegmentedRaftLogWorker.java:run(336)) - 2699f4c4-fa0c-4eec-a794-d1f1be832e07@group-2120ABBBFC9F-SegmentedRaftLogWorker was interrupted, exiting. There are 0 tasks remaining in the queue.
2022-07-27 23:17:16,410 [ForkJoinPool.commonPool-worker-1] INFO  segmented.SegmentedRaftLogWorker (SegmentedRaftLogWorker.java:close(246)) - 2699f4c4-fa0c-4eec-a794-d1f1be832e07@group-2120ABBBFC9F-SegmentedRaftLogWorker close()
2022-07-27 23:17:16,410 [ForkJoinPool.commonPool-worker-1] INFO  server.GrpcService (GrpcService.java:closeImpl(269)) - 2699f4c4-fa0c-4eec-a794-d1f1be832e07: shutdown server with port 42117 now
2022-07-27 23:17:16,411 [ForkJoinPool.commonPool-worker-1] INFO  server.GrpcService (GrpcService.java:closeImpl(278)) - 2699f4c4-fa0c-4eec-a794-d1f1be832e07: shutdown server with port 42117 successfully
2022-07-27 23:17:16,411 [org.apache.ratis.util.JvmPauseMonitor$$Lambda$616/285728533@4ba872dd] INFO  util.JvmPauseMonitor (JvmPauseMonitor.java:run(109)) - JvmPauseMonitor-2699f4c4-fa0c-4eec-a794-d1f1be832e07: Stopped
2022-07-27 23:17:18,399 [Listener at 127.0.0.1/44809] INFO  utils.BackgroundService (BackgroundService.java:shutdown(141)) - Shutting down service BlockDeletingService
2022-07-27 23:17:18,399 [Listener at 127.0.0.1/44809] INFO  utils.BackgroundService (BackgroundService.java:shutdown(141)) - Shutting down service StaleRecoveringContainerScrubbingService
2022-07-27 23:17:18,435 [ForkJoinPool.commonPool-worker-1] INFO  utils.BackgroundService (BackgroundService.java:shutdown(141)) - Shutting down service BlockDeletingService
2022-07-27 23:17:18,435 [ForkJoinPool.commonPool-worker-1] INFO  utils.BackgroundService (BackgroundService.java:shutdown(141)) - Shutting down service StaleRecoveringContainerScrubbingService
2022-07-27 23:17:20,504 [UnderReplicatedQueueThreadThread] INFO  replication.UnderReplicatedProcessor (UnderReplicatedProcessor.java:processAll(85)) - Processed 0 under replicated containers, failed processing 0
2022-07-27 23:17:20,510 [OverReplicatedQueueThreadThread] INFO  replication.OverReplicatedProcessor (OverReplicatedProcessor.java:processAll(83)) - Processed 0 over replicated containers, failed processing 0
2022-07-27 23:17:21,407 [Listener at 127.0.0.1/44809] INFO  statemachine.DatanodeStateMachine (DatanodeStateMachine.java:stopDaemon(580)) - Ozone container server stopped.
2022-07-27 23:17:21,418 [Listener at 127.0.0.1/44809] INFO  handler.ContextHandler (ContextHandler.java:doStop(1153)) - Stopped o.e.j.w.WebAppContext@13ea03f4{hddsDatanode,/,null,STOPPED}{jar:file:/home/runner/.m2/repository/org/apache/ozone/hdds-container-service/1.3.0-SNAPSHOT/hdds-container-service-1.3.0-SNAPSHOT.jar!/webapps/hddsDatanode}
2022-07-27 23:17:21,419 [Listener at 127.0.0.1/44809] INFO  server.AbstractConnector (AbstractConnector.java:doStop(381)) - Stopped ServerConnector@2d8581af{HTTP/1.1, (http/1.1)}{0.0.0.0:0}
2022-07-27 23:17:21,419 [Listener at 127.0.0.1/44809] INFO  server.session (HouseKeeper.java:stopScavenging(149)) - node0 Stopped scavenging
2022-07-27 23:17:21,420 [Listener at 127.0.0.1/44809] INFO  handler.ContextHandler (ContextHandler.java:doStop(1153)) - Stopped o.e.j.s.ServletContextHandler@55d7429e{static,/static,jar:file:/home/runner/.m2/repository/org/apache/ozone/hdds-container-service/1.3.0-SNAPSHOT/hdds-container-service-1.3.0-SNAPSHOT.jar!/webapps/static,STOPPED}
2022-07-27 23:17:21,421 [Listener at 127.0.0.1/44809] INFO  handler.ContextHandler (ContextHandler.java:doStop(1153)) - Stopped o.e.j.s.ServletContextHandler@7272f82e{logs,/logs,file:///home/runner/work/ozone/ozone/hadoop-ozone/integration-test/target/log,STOPPED}
2022-07-27 23:17:21,451 [ForkJoinPool.commonPool-worker-1] INFO  statemachine.DatanodeStateMachine (DatanodeStateMachine.java:stopDaemon(580)) - Ozone container server stopped.
2022-07-27 23:17:21,474 [ForkJoinPool.commonPool-worker-1] INFO  handler.ContextHandler (ContextHandler.java:doStop(1153)) - Stopped o.e.j.w.WebAppContext@6bcac08b{hddsDatanode,/,null,STOPPED}{jar:file:/home/runner/.m2/repository/org/apache/ozone/hdds-container-service/1.3.0-SNAPSHOT/hdds-container-service-1.3.0-SNAPSHOT.jar!/webapps/hddsDatanode}
2022-07-27 23:17:21,476 [ForkJoinPool.commonPool-worker-1] INFO  server.AbstractConnector (AbstractConnector.java:doStop(381)) - Stopped ServerConnector@702d5e75{HTTP/1.1, (http/1.1)}{0.0.0.0:0}
2022-07-27 23:17:21,476 [ForkJoinPool.commonPool-worker-1] INFO  server.session (HouseKeeper.java:stopScavenging(149)) - node0 Stopped scavenging
2022-07-27 23:17:21,477 [ForkJoinPool.commonPool-worker-1] INFO  handler.ContextHandler (ContextHandler.java:doStop(1153)) - Stopped o.e.j.s.ServletContextHandler@43aad2e3{static,/static,jar:file:/home/runner/.m2/repository/org/apache/ozone/hdds-container-service/1.3.0-SNAPSHOT/hdds-container-service-1.3.0-SNAPSHOT.jar!/webapps/static,STOPPED}
2022-07-27 23:17:21,483 [ForkJoinPool.commonPool-worker-1] INFO  handler.ContextHandler (ContextHandler.java:doStop(1153)) - Stopped o.e.j.s.ServletContextHandler@7ffcd8df{logs,/logs,file:///home/runner/work/ozone/ozone/hadoop-ozone/integration-test/target/log,STOPPED}
2022-07-27 23:17:26,422 [Listener at 127.0.0.1/44809] INFO  ozoneimpl.OzoneContainer (OzoneContainer.java:stop(399)) - Attempting to stop container services.
2022-07-27 23:17:26,426 [Listener at 127.0.0.1/44809] INFO  server.RaftServer (RaftServerProxy.java:lambda$close$7(398)) - 8af6e6d9-b6c9-4f99-9118-f3886685fdcb: close
2022-07-27 23:17:26,426 [Listener at 127.0.0.1/44809] INFO  server.RaftServer$Division (RaftServerImpl.java:lambda$close$4(434)) - 8af6e6d9-b6c9-4f99-9118-f3886685fdcb@group-F86EE71F06BD: shutdown
2022-07-27 23:17:26,426 [Listener at 127.0.0.1/44809] INFO  util.JmxRegister (JmxRegister.java:unregister(73)) - Successfully un-registered JMX Bean with object name Ratis:service=RaftServer,group=group-F86EE71F06BD,id=8af6e6d9-b6c9-4f99-9118-f3886685fdcb
2022-07-27 23:17:26,426 [Listener at 127.0.0.1/44809] INFO  impl.RoleInfo (RoleInfo.java:shutdownLeaderState(93)) - 8af6e6d9-b6c9-4f99-9118-f3886685fdcb: shutdown 8af6e6d9-b6c9-4f99-9118-f3886685fdcb@group-F86EE71F06BD-LeaderStateImpl
2022-07-27 23:17:26,426 [Listener at 127.0.0.1/44809] INFO  impl.PendingRequests (PendingRequests.java:sendNotLeaderResponses(282)) - 8af6e6d9-b6c9-4f99-9118-f3886685fdcb@group-F86EE71F06BD-PendingRequests: sendNotLeaderResponses
2022-07-27 23:17:26,427 [Listener at 127.0.0.1/44809] INFO  impl.StateMachineUpdater (StateMachineUpdater.java:stopAndJoin(153)) - 8af6e6d9-b6c9-4f99-9118-f3886685fdcb@group-F86EE71F06BD-StateMachineUpdater: set stopIndex = 0
2022-07-27 23:17:26,427 [8af6e6d9-b6c9-4f99-9118-f3886685fdcb@group-F86EE71F06BD-StateMachineUpdater] INFO  ratis.ContainerStateMachine (ContainerStateMachine.java:takeSnapshot(304)) - group-F86EE71F06BD: Taking a snapshot at:(t:1, i:0) file /home/runner/work/ozone/ozone/hadoop-ozone/integration-test/target/test-dir/MiniOzoneClusterImpl-9e07804d-d88b-4889-9752-1ce24c589c62/datanode-3/data/ratis/9962c781-f6d6-4348-8585-f86ee71f06bd/sm/snapshot.1_0
2022-07-27 23:17:26,433 [8af6e6d9-b6c9-4f99-9118-f3886685fdcb@group-F86EE71F06BD-StateMachineUpdater] INFO  ratis.ContainerStateMachine (ContainerStateMachine.java:takeSnapshot(315)) - group-F86EE71F06BD: Finished taking a snapshot at:(t:1, i:0) file:/home/runner/work/ozone/ozone/hadoop-ozone/integration-test/target/test-dir/MiniOzoneClusterImpl-9e07804d-d88b-4889-9752-1ce24c589c62/datanode-3/data/ratis/9962c781-f6d6-4348-8585-f86ee71f06bd/sm/snapshot.1_0 took: 6 ms
2022-07-27 23:17:26,433 [8af6e6d9-b6c9-4f99-9118-f3886685fdcb@group-F86EE71F06BD-StateMachineUpdater] INFO  impl.StateMachineUpdater (StateMachineUpdater.java:takeSnapshot(287)) - 8af6e6d9-b6c9-4f99-9118-f3886685fdcb@group-F86EE71F06BD-StateMachineUpdater: Took a snapshot at index 0
2022-07-27 23:17:26,433 [8af6e6d9-b6c9-4f99-9118-f3886685fdcb@group-F86EE71F06BD-StateMachineUpdater] INFO  impl.StateMachineUpdater (StateMachineUpdater.java:lambda$new$0(92)) - 8af6e6d9-b6c9-4f99-9118-f3886685fdcb@group-F86EE71F06BD-StateMachineUpdater: snapshotIndex: updateIncreasingly -1 -> 0
2022-07-27 23:17:26,434 [Listener at 127.0.0.1/44809] INFO  server.RaftServer$Division (ServerState.java:close(429)) - 8af6e6d9-b6c9-4f99-9118-f3886685fdcb@group-F86EE71F06BD: closes. applyIndex: 0
2022-07-27 23:17:26,434 [8af6e6d9-b6c9-4f99-9118-f3886685fdcb@group-F86EE71F06BD-SegmentedRaftLogWorker] INFO  segmented.SegmentedRaftLogWorker (SegmentedRaftLogWorker.java:run(336)) - 8af6e6d9-b6c9-4f99-9118-f3886685fdcb@group-F86EE71F06BD-SegmentedRaftLogWorker was interrupted, exiting. There are 0 tasks remaining in the queue.
2022-07-27 23:17:26,434 [Listener at 127.0.0.1/44809] INFO  segmented.SegmentedRaftLogWorker (SegmentedRaftLogWorker.java:close(246)) - 8af6e6d9-b6c9-4f99-9118-f3886685fdcb@group-F86EE71F06BD-SegmentedRaftLogWorker close()
2022-07-27 23:17:26,435 [Listener at 127.0.0.1/44809] INFO  server.GrpcService (GrpcService.java:closeImpl(269)) - 8af6e6d9-b6c9-4f99-9118-f3886685fdcb: shutdown server with port 34069 now
2022-07-27 23:17:26,446 [Listener at 127.0.0.1/44809] INFO  server.GrpcService (GrpcService.java:closeImpl(278)) - 8af6e6d9-b6c9-4f99-9118-f3886685fdcb: shutdown server with port 34069 successfully
2022-07-27 23:17:26,454 [org.apache.ratis.util.JvmPauseMonitor$$Lambda$616/285728533@7666ba67] INFO  util.JvmPauseMonitor (JvmPauseMonitor.java:run(109)) - JvmPauseMonitor-8af6e6d9-b6c9-4f99-9118-f3886685fdcb: Stopped
2022-07-27 23:17:28,474 [Listener at 127.0.0.1/44809] INFO  utils.BackgroundService (BackgroundService.java:shutdown(141)) - Shutting down service BlockDeletingService
2022-07-27 23:17:28,486 [Listener at 127.0.0.1/44809] INFO  utils.BackgroundService (BackgroundService.java:shutdown(141)) - Shutting down service StaleRecoveringContainerScrubbingService
2022-07-27 23:17:31,498 [Listener at 127.0.0.1/44809] INFO  statemachine.DatanodeStateMachine (DatanodeStateMachine.java:stopDaemon(580)) - Ozone container server stopped.
2022-07-27 23:17:31,505 [Listener at 127.0.0.1/44809] INFO  handler.ContextHandler (ContextHandler.java:doStop(1153)) - Stopped o.e.j.w.WebAppContext@4ad7985d{hddsDatanode,/,null,STOPPED}{jar:file:/home/runner/.m2/repository/org/apache/ozone/hdds-container-service/1.3.0-SNAPSHOT/hdds-container-service-1.3.0-SNAPSHOT.jar!/webapps/hddsDatanode}
2022-07-27 23:17:31,506 [Listener at 127.0.0.1/44809] INFO  server.AbstractConnector (AbstractConnector.java:doStop(381)) - Stopped ServerConnector@6fbdf386{HTTP/1.1, (http/1.1)}{0.0.0.0:0}
2022-07-27 23:17:31,506 [Listener at 127.0.0.1/44809] INFO  server.session (HouseKeeper.java:stopScavenging(149)) - node0 Stopped scavenging
2022-07-27 23:17:31,506 [Listener at 127.0.0.1/44809] INFO  handler.ContextHandler (ContextHandler.java:doStop(1153)) - Stopped o.e.j.s.ServletContextHandler@8b64a15{static,/static,jar:file:/home/runner/.m2/repository/org/apache/ozone/hdds-container-service/1.3.0-SNAPSHOT/hdds-container-service-1.3.0-SNAPSHOT.jar!/webapps/static,STOPPED}
2022-07-27 23:17:31,507 [Listener at 127.0.0.1/44809] INFO  handler.ContextHandler (ContextHandler.java:doStop(1153)) - Stopped o.e.j.s.ServletContextHandler@17f74794{logs,/logs,file:///home/runner/work/ozone/ozone/hadoop-ozone/integration-test/target/log,STOPPED}
2022-07-27 23:17:31,526 [Listener at 127.0.0.1/44809] INFO  ozone.MiniOzoneClusterImpl (MiniOzoneClusterImpl.java:stopSCM(537)) - Stopping the StorageContainerManager
2022-07-27 23:17:31,526 [Listener at 127.0.0.1/44809] INFO  server.StorageContainerManager (StorageContainerManager.java:stop(1544)) - Container Balancer is not running.
2022-07-27 23:17:31,526 [Listener at 127.0.0.1/44809] INFO  server.StorageContainerManager (StorageContainerManager.java:stop(1551)) - Stopping Replication Manager Service.
2022-07-27 23:17:31,526 [Listener at 127.0.0.1/44809] INFO  replication.ReplicationManager (ReplicationManager.java:stop(233)) - Stopping Replication Monitor Thread.
2022-07-27 23:17:31,527 [ReplicationMonitor] INFO  replication.ReplicationManager (ReplicationManager.java:run(466)) - Replication Monitor Thread is stopped
2022-07-27 23:17:31,527 [Listener at 127.0.0.1/44809] INFO  server.StorageContainerManager (StorageContainerManager.java:stop(1558)) - Stopping the Datanode Admin Monitor.
2022-07-27 23:17:31,527 [Listener at 127.0.0.1/44809] INFO  server.StorageContainerManager (StorageContainerManager.java:stop(1565)) - Stopping Lease Manager of the command watchers
2022-07-27 23:17:31,527 [Listener at 127.0.0.1/44809] INFO  server.StorageContainerManager (StorageContainerManager.java:stop(1572)) - Stopping datanode service RPC server
2022-07-27 23:17:31,527 [Listener at 127.0.0.1/44809] INFO  server.SCMDatanodeProtocolServer (SCMDatanodeProtocolServer.java:stop(414)) - Stopping the RPC server for DataNodes
2022-07-27 23:17:31,527 [Listener at 127.0.0.1/44809] INFO  ipc.Server (Server.java:stop(3414)) - Stopping server on 36191
2022-07-27 23:17:31,529 [IPC Server Responder] INFO  ipc.Server (Server.java:run(1512)) - Stopping IPC Server Responder
2022-07-27 23:17:31,529 [IPC Server listener on 0] INFO  ipc.Server (Server.java:run(1376)) - Stopping IPC Server listener on 0
2022-07-27 23:17:31,630 [SCM Heartbeat Processing Thread - 0] WARN  node.NodeStateManager (NodeStateManager.java:scheduleNextHealthCheck(870)) - Current Thread is interrupted, shutting down HB processing thread for Node Manager.
2022-07-27 23:17:31,630 [Listener at 127.0.0.1/44809] INFO  server.StorageContainerManager (StorageContainerManager.java:stop(1580)) - Stopping block service RPC server
2022-07-27 23:17:31,630 [Listener at 127.0.0.1/44809] INFO  server.SCMBlockProtocolServer (SCMBlockProtocolServer.java:stop(161)) - Stopping the RPC server for Block Protocol
2022-07-27 23:17:31,630 [Listener at 127.0.0.1/44809] INFO  ipc.Server (Server.java:stop(3414)) - Stopping server on 39031
2022-07-27 23:17:31,632 [IPC Server Responder] INFO  ipc.Server (Server.java:run(1512)) - Stopping IPC Server Responder
2022-07-27 23:17:31,632 [Listener at 127.0.0.1/44809] INFO  server.StorageContainerManager (StorageContainerManager.java:stop(1587)) - Stopping the StorageContainerLocationProtocol RPC server
2022-07-27 23:17:31,632 [Listener at 127.0.0.1/44809] INFO  server.SCMClientProtocolServer (SCMClientProtocolServer.java:stop(179)) - Stopping the RPC server for Client Protocol
2022-07-27 23:17:31,632 [Listener at 127.0.0.1/44809] INFO  ipc.Server (Server.java:stop(3414)) - Stopping server on 38849
2022-07-27 23:17:31,633 [IPC Server listener on 0] INFO  ipc.Server (Server.java:run(1376)) - Stopping IPC Server listener on 0
2022-07-27 23:17:31,642 [IPC Server Responder] INFO  ipc.Server (Server.java:run(1512)) - Stopping IPC Server Responder
2022-07-27 23:17:31,642 [Listener at 127.0.0.1/44809] INFO  server.StorageContainerManager (StorageContainerManager.java:stop(1594)) - Stopping Storage Container Manager HTTP server.
2022-07-27 23:17:31,642 [IPC Server listener on 0] INFO  ipc.Server (Server.java:run(1376)) - Stopping IPC Server listener on 0
2022-07-27 23:17:31,642 [Listener at 127.0.0.1/44809] INFO  handler.ContextHandler (ContextHandler.java:doStop(1153)) - Stopped o.e.j.w.WebAppContext@61cff1e4{scm,/,null,STOPPED}{file:/home/runner/work/ozone/ozone/hadoop-ozone/integration-test/target/test-classes/webapps/scm}
2022-07-27 23:17:31,643 [Listener at 127.0.0.1/44809] INFO  server.AbstractConnector (AbstractConnector.java:doStop(381)) - Stopped ServerConnector@256d8f17{HTTP/1.1, (http/1.1)}{0.0.0.0:0}
2022-07-27 23:17:31,643 [Listener at 127.0.0.1/44809] INFO  server.session (HouseKeeper.java:stopScavenging(149)) - node0 Stopped scavenging
2022-07-27 23:17:31,643 [Listener at 127.0.0.1/44809] INFO  handler.ContextHandler (ContextHandler.java:doStop(1153)) - Stopped o.e.j.s.ServletContextHandler@3ef7fb04{static,/static,file:///home/runner/work/ozone/ozone/hadoop-ozone/integration-test/target/test-classes/webapps/static,STOPPED}
2022-07-27 23:17:31,643 [Listener at 127.0.0.1/44809] INFO  handler.ContextHandler (ContextHandler.java:doStop(1153)) - Stopped o.e.j.s.ServletContextHandler@13edc1bc{logs,/logs,file:///home/runner/work/ozone/ozone/hadoop-ozone/integration-test/target/log,STOPPED}
2022-07-27 23:17:31,644 [Listener at 127.0.0.1/44809] INFO  server.StorageContainerManager (StorageContainerManager.java:stop(1605)) - Stopping Block Manager Service.
2022-07-27 23:17:31,644 [Listener at 127.0.0.1/44809] INFO  utils.BackgroundService (BackgroundService.java:shutdown(141)) - Shutting down service SCMBlockDeletingService
2022-07-27 23:17:31,644 [Listener at 127.0.0.1/44809] INFO  utils.BackgroundService (BackgroundService.java:shutdown(141)) - Shutting down service SCMBlockDeletingService
2022-07-27 23:17:31,645 [Listener at 127.0.0.1/44809] INFO  server.StorageContainerManager (StorageContainerManager.java:stop(1632)) - Stopping SCM Event Queue.
2022-07-27 23:17:31,646 [Listener at 127.0.0.1/44809] INFO  server.StorageContainerManager (StorageContainerManager.java:stop(1643)) - Stopping SCM HA services.
2022-07-27 23:17:31,646 [Listener at 127.0.0.1/44809] INFO  pipeline.BackgroundPipelineCreator (BackgroundPipelineCreator.java:stop(149)) - Stopping RatisPipelineUtilsThread.
2022-07-27 23:17:31,646 [RatisPipelineUtilsThread - 0] WARN  pipeline.BackgroundPipelineCreator (BackgroundPipelineCreator.java:run(180)) - RatisPipelineUtilsThread is interrupted.
2022-07-27 23:17:31,647 [BackgroundPipelineScrubberThread] WARN  BackgroundPipelineScrubber (BackgroundSCMService.java:run(110)) - BackgroundPipelineScrubber is interrupted, exit
2022-07-27 23:17:31,647 [Listener at 127.0.0.1/44809] INFO  BackgroundPipelineScrubber (BackgroundSCMService.java:stop(126)) - Stopping BackgroundPipelineScrubber Service.
2022-07-27 23:17:31,647 [Listener at 127.0.0.1/44809] INFO  server.StorageContainerManager (StorageContainerManager.java:stop(1653)) - Stopping SCM MetadataStore.
2022-07-27 23:17:31,648 [Listener at 127.0.0.1/44809] INFO  impl.MetricsSystemImpl (MetricsSystemImpl.java:stop(210)) - Stopping XceiverClientMetrics metrics system...
2022-07-27 23:17:31,671 [prometheus] INFO  impl.MetricsSinkAdapter (MetricsSinkAdapter.java:publishMetricsFromQueue(141)) - prometheus thread interrupted.
2022-07-27 23:17:31,671 [Listener at 127.0.0.1/44809] INFO  impl.MetricsSystemImpl (MetricsSystemImpl.java:stop(216)) - XceiverClientMetrics metrics system stopped.
2022-07-27 23:17:31,982 [Listener at 127.0.0.1/44809] WARN  server.ServerUtils (ServerUtils.java:getScmDbDir(148)) - ozone.scm.db.dirs is not configured. We recommend adding this setting. Falling back to ozone.metadata.dirs instead.
2022-07-27 23:17:32,009 [Listener at 127.0.0.1/44809] WARN  server.ServerUtils (ServerUtils.java:getScmDbDir(148)) - ozone.scm.db.dirs is not configured. We recommend adding this setting. Falling back to ozone.metadata.dirs instead.
2022-07-27 23:17:32,010 [Listener at 127.0.0.1/44809] INFO  ha.SCMHANodeDetails (SCMHANodeDetails.java:loadSCMHAConfig(209)) - ServiceID for StorageContainerManager is null
2022-07-27 23:17:32,010 [Listener at 127.0.0.1/44809] INFO  ha.SCMHANodeDetails (SCMHANodeDetails.java:loadSCMHAConfig(214)) - ozone.scm.default.service.id is not defined, falling back to ozone.scm.service.ids to find serviceID for StorageContainerManager if it is HA enabled cluster
2022-07-27 23:17:32,010 [Listener at 127.0.0.1/44809] WARN  utils.HAUtils (HAUtils.java:getMetaDir(342)) - ozone.scm.db.dirs is not configured. We recommend adding this setting. Falling back to ozone.metadata.dirs instead.
2022-07-27 23:17:32,011 [Listener at 127.0.0.1/44809] WARN  db.DBStoreBuilder (DBStoreBuilder.java:applyDBDefinition(145)) - ozone.scm.db.dirs is not configured. We recommend adding this setting. Falling back to ozone.metadata.dirs instead.
2022-07-27 23:17:32,267 [Listener at 127.0.0.1/44809] INFO  net.NodeSchemaLoader (NodeSchemaLoader.java:loadSchemaFromFile(129)) - Loading schema from [jar:file:/home/runner/.m2/repository/org/apache/ozone/hdds-common/1.3.0-SNAPSHOT/hdds-common-1.3.0-SNAPSHOT.jar!/network-topology-default.xml]
2022-07-27 23:17:32,267 [Listener at 127.0.0.1/44809] INFO  net.NodeSchemaLoader (NodeSchemaLoader.java:loadSchema(176)) - Loading network topology layer schema file
2022-07-27 23:17:32,274 [Listener at 127.0.0.1/44809] INFO  upgrade.AbstractLayoutVersionManager (AbstractLayoutVersionManager.java:init(83)) - Initializing Layout version manager with metadata layout = DATANODE_SCHEMA_V3 (version = 4), software layout = DATANODE_SCHEMA_V3 (version = 4)
2022-07-27 23:17:32,384 [Listener at 127.0.0.1/44809] INFO  reflections.Reflections (Reflections.java:scan(232)) - Reflections took 108 ms to scan 7 urls, producing 132 keys and 321 values 
2022-07-27 23:17:32,385 [Listener at 127.0.0.1/44809] INFO  ha.SequenceIdGenerator (SequenceIdGenerator.java:upgradeToSequenceId(349)) - upgrade localId to 109611004723200000
2022-07-27 23:17:32,385 [Listener at 127.0.0.1/44809] INFO  ha.SequenceIdGenerator (SequenceIdGenerator.java:upgradeToSequenceId(359)) - upgrade delTxnId to 0
2022-07-27 23:17:32,385 [Listener at 127.0.0.1/44809] INFO  ha.SequenceIdGenerator (SequenceIdGenerator.java:upgradeToSequenceId(376)) - upgrade containerId to 0
2022-07-27 23:17:32,385 [Listener at 127.0.0.1/44809] INFO  ha.SequenceIdGenerator (SequenceIdGenerator.java:<init>(220)) - Init the HA SequenceIdGenerator.
2022-07-27 23:17:32,386 [Listener at 127.0.0.1/44809] WARN  server.ServerUtils (ServerUtils.java:sanitizeUserArgs(73)) - ozone.scm.stale.node.interval value = 300000 is larger than max = 100000 based on the key value of ozone.scm.heartbeat.thread.interval, reset to the max value 100000.
2022-07-27 23:17:32,400 [Listener at 127.0.0.1/44809] WARN  server.ServerUtils (ServerUtils.java:sanitizeUserArgs(73)) - ozone.scm.stale.node.interval value = 300000 is larger than max = 100000 based on the key value of ozone.scm.heartbeat.thread.interval, reset to the max value 100000.
2022-07-27 23:17:32,422 [Listener at 127.0.0.1/44809] INFO  node.SCMNodeManager (SCMNodeManager.java:<init>(149)) - Entering startup safe mode.
2022-07-27 23:17:32,422 [Listener at 127.0.0.1/44809] INFO  algorithms.ContainerPlacementPolicyFactory (ContainerPlacementPolicyFactory.java:getPolicyInternal(86)) - Create container placement policy of type org.apache.hadoop.hdds.scm.container.placement.algorithms.SCMContainerPlacementRandom
2022-07-27 23:17:32,422 [Listener at 127.0.0.1/44809] INFO  pipeline.PipelineStateManagerImpl (PipelineStateManagerImpl.java:initialize(78)) - No pipeline exists in current db
2022-07-27 23:17:32,423 [Listener at 127.0.0.1/44809] INFO  algorithms.LeaderChoosePolicyFactory (LeaderChoosePolicyFactory.java:getPolicy(57)) - Create leader choose policy of type org.apache.hadoop.hdds.scm.pipeline.leader.choose.algorithms.MinLeaderCountChoosePolicy
2022-07-27 23:17:32,423 [Listener at 127.0.0.1/44809] INFO  algorithms.ContainerPlacementPolicyFactory (ContainerPlacementPolicyFactory.java:getPolicyInternal(86)) - Create container placement policy of type org.apache.hadoop.hdds.scm.container.placement.algorithms.SCMContainerPlacementRackScatter
2022-07-27 23:17:32,423 [Listener at 127.0.0.1/44809] INFO  ha.SCMServiceManager (SCMServiceManager.java:register(42)) - Registering service BackgroundPipelineCreator.
2022-07-27 23:17:32,423 [Listener at 127.0.0.1/44809] INFO  pipeline.BackgroundPipelineCreator (BackgroundPipelineCreator.java:start(124)) - Starting RatisPipelineUtilsThread.
2022-07-27 23:17:32,430 [Listener at 127.0.0.1/44809] INFO  BackgroundPipelineScrubber (BackgroundSCMService.java:start(68)) - Starting BackgroundPipelineScrubber Service.
2022-07-27 23:17:32,446 [Listener at 127.0.0.1/44809] INFO  ha.SCMServiceManager (SCMServiceManager.java:register(42)) - Registering service BackgroundPipelineScrubber.
2022-07-27 23:17:32,446 [Listener at 127.0.0.1/44809] INFO  ExpiredContainerReplicaOpScrubber (BackgroundSCMService.java:start(68)) - Starting ExpiredContainerReplicaOpScrubber Service.
2022-07-27 23:17:32,446 [Listener at 127.0.0.1/44809] INFO  ha.SCMServiceManager (SCMServiceManager.java:register(42)) - Registering service ExpiredContainerReplicaOpScrubber.
2022-07-27 23:17:32,447 [Listener at 127.0.0.1/44809] INFO  algorithms.PipelineChoosePolicyFactory (PipelineChoosePolicyFactory.java:createPipelineChoosePolicyFromClass(73)) - Create pipeline choose policy of type org.apache.hadoop.hdds.scm.pipeline.choose.algorithms.RandomPipelineChoosePolicy
2022-07-27 23:17:32,447 [Listener at 127.0.0.1/44809] INFO  ha.SCMServiceManager (SCMServiceManager.java:register(42)) - Registering service SCMBlockDeletingService.
2022-07-27 23:17:32,447 [Listener at 127.0.0.1/44809] INFO  replication.ReplicationManager (ReplicationManager.java:start(200)) - Starting Replication Monitor Thread.
2022-07-27 23:17:32,462 [Listener at 127.0.0.1/44809] INFO  UnderReplicatedQueueThread (BackgroundSCMService.java:start(68)) - Starting UnderReplicatedQueueThread Service.
2022-07-27 23:17:32,466 [Listener at 127.0.0.1/44809] INFO  ha.SCMServiceManager (SCMServiceManager.java:register(42)) - Registering service UnderReplicatedQueueThread.
2022-07-27 23:17:32,466 [Listener at 127.0.0.1/44809] INFO  OverReplicatedQueueThread (BackgroundSCMService.java:start(68)) - Starting OverReplicatedQueueThread Service.
2022-07-27 23:17:32,474 [Listener at 127.0.0.1/44809] INFO  ha.SCMServiceManager (SCMServiceManager.java:register(42)) - Registering service OverReplicatedQueueThread.
2022-07-27 23:17:32,474 [Listener at 127.0.0.1/44809] INFO  ha.SCMServiceManager (SCMServiceManager.java:register(42)) - Registering service ReplicationManager.
2022-07-27 23:17:32,474 [Listener at 127.0.0.1/44809] INFO  safemode.ContainerSafeModeRule (ContainerSafeModeRule.java:<init>(89)) - containers with one replica threshold count 0
2022-07-27 23:17:32,474 [Listener at 127.0.0.1/44809] INFO  safemode.HealthyPipelineSafeModeRule (HealthyPipelineSafeModeRule.java:initializeRule(169)) - Total pipeline count is 0, healthy pipeline threshold count is 1
2022-07-27 23:17:32,474 [Listener at 127.0.0.1/44809] INFO  safemode.OneReplicaPipelineSafeModeRule (OneReplicaPipelineSafeModeRule.java:initializeRule(180)) - Total pipeline count is 0, pipeline's with at least one datanode reported threshold count is 0
2022-07-27 23:17:32,475 [Listener at 127.0.0.1/44809] INFO  ipc.CallQueueManager (CallQueueManager.java:<init>(90)) - Using callQueue: class java.util.concurrent.LinkedBlockingQueue, queueCapacity: 2000, scheduler: class org.apache.hadoop.ipc.DefaultRpcScheduler, ipcBackoff: false.
2022-07-27 23:17:32,482 [Socket Reader #1 for port 0] INFO  ipc.Server (Server.java:run(1265)) - Starting Socket Reader #1 for port 0
2022-07-27 23:17:32,486 [Listener at 0.0.0.0/44625] INFO  ipc.CallQueueManager (CallQueueManager.java:<init>(90)) - Using callQueue: class java.util.concurrent.LinkedBlockingQueue, queueCapacity: 2000, scheduler: class org.apache.hadoop.ipc.DefaultRpcScheduler, ipcBackoff: false.
2022-07-27 23:17:32,488 [Socket Reader #1 for port 0] INFO  ipc.Server (Server.java:run(1265)) - Starting Socket Reader #1 for port 0
2022-07-27 23:17:32,494 [Listener at 0.0.0.0/38277] INFO  ipc.CallQueueManager (CallQueueManager.java:<init>(90)) - Using callQueue: class java.util.concurrent.LinkedBlockingQueue, queueCapacity: 2000, scheduler: class org.apache.hadoop.ipc.DefaultRpcScheduler, ipcBackoff: false.
2022-07-27 23:17:32,512 [ReplicationMonitor] INFO  replication.ReplicationManager (ReplicationManager.java:processAll(249)) - Replication Manager is not ready to run until 3000ms after safemode exit
2022-07-27 23:17:32,538 [Socket Reader #1 for port 0] INFO  ipc.Server (Server.java:run(1265)) - Starting Socket Reader #1 for port 0
2022-07-27 23:17:32,568 [Listener at 0.0.0.0/36469] INFO  ha.SCMServiceManager (SCMServiceManager.java:register(42)) - Registering service ContainerBalancer.
2022-07-27 23:17:32,568 [Listener at 0.0.0.0/36469] INFO  server.StorageContainerManager (StorageContainerManager.java:<init>(403)) - 
Container Balancer status:
Key                            Value
Running                        false
Container Balancer Configuration values:
Key                                                Value
Threshold                                          10
Max Datanodes to Involve per Iteration(percent)    20
Max Size to Move per Iteration                     500GB
Max Size Entering Target per Iteration             26GB
Max Size Leaving Source per Iteration              26GB

2022-07-27 23:17:32,569 [Listener at 0.0.0.0/36469] WARN  events.EventQueue (EventQueue.java:fireEvent(216)) - No event handler registered for event TypedEvent{payloadType=SafeModeStatus, name='Safe mode status'}
2022-07-27 23:17:32,569 [Listener at 0.0.0.0/36469] INFO  ha.SCMContext (SCMContext.java:updateSafeModeStatus(228)) - Update SafeModeStatus from SafeModeStatus{safeModeStatus=true, preCheckPassed=false} to SafeModeStatus{safeModeStatus=true, preCheckPassed=false}.
2022-07-27 23:17:32,569 [Listener at 0.0.0.0/36469] INFO  server.StorageContainerManager (StorageContainerManager.java:start(1452)) - StorageContainerLocationProtocol RPC server is listening at /0.0.0.0:36469
2022-07-27 23:17:32,584 [Listener at 0.0.0.0/36469] WARN  impl.MetricsConfig (MetricsConfig.java:loadFirst(136)) - Cannot locate configuration: tried hadoop-metrics2-storagecontainermanager.properties,hadoop-metrics2.properties
2022-07-27 23:17:32,590 [Listener at 0.0.0.0/36469] INFO  impl.MetricsSystemImpl (MetricsSystemImpl.java:startTimer(378)) - Scheduled Metric snapshot period at 10 second(s).
2022-07-27 23:17:32,590 [Listener at 0.0.0.0/36469] INFO  impl.MetricsSystemImpl (MetricsSystemImpl.java:start(191)) - StorageContainerManager metrics system started
2022-07-27 23:17:32,617 [Listener at 0.0.0.0/36469] INFO  impl.MetricsSinkAdapter (MetricsSinkAdapter.java:start(204)) - Sink prometheus started
2022-07-27 23:17:32,617 [Listener at 0.0.0.0/36469] INFO  impl.MetricsSystemImpl (MetricsSystemImpl.java:registerSink(305)) - Registered sink prometheus
2022-07-27 23:17:32,654 [Listener at 0.0.0.0/36469] INFO  server.SCMClientProtocolServer (SCMClientProtocolServer.java:start(170)) - RPC server for Client  is listening at /0.0.0.0:36469
2022-07-27 23:17:32,658 [IPC Server Responder] INFO  ipc.Server (Server.java:run(1507)) - IPC Server Responder: starting
2022-07-27 23:17:32,662 [IPC Server listener on 0] INFO  ipc.Server (Server.java:run(1344)) - IPC Server listener on 0: starting
2022-07-27 23:17:32,750 [Listener at 0.0.0.0/36469] INFO  server.StorageContainerManager (StorageContainerManager.java:start(1467)) - ScmBlockLocationProtocol RPC server is listening at /0.0.0.0:38277
2022-07-27 23:17:32,750 [Listener at 0.0.0.0/36469] INFO  server.SCMBlockProtocolServer (SCMBlockProtocolServer.java:start(152)) - RPC server for Block Protocol is listening at /0.0.0.0:38277
2022-07-27 23:17:32,750 [IPC Server Responder] INFO  ipc.Server (Server.java:run(1507)) - IPC Server Responder: starting
2022-07-27 23:17:32,758 [IPC Server listener on 0] INFO  ipc.Server (Server.java:run(1344)) - IPC Server listener on 0: starting
2022-07-27 23:17:32,811 [Listener at 0.0.0.0/36469] INFO  server.SCMDatanodeProtocolServer (SCMDatanodeProtocolServer.java:start(186)) - ScmDatanodeProtocol RPC server for DataNodes is listening at /0.0.0.0:44625
2022-07-27 23:17:32,811 [IPC Server Responder] INFO  ipc.Server (Server.java:run(1507)) - IPC Server Responder: starting
2022-07-27 23:17:32,812 [IPC Server listener on 0] INFO  ipc.Server (Server.java:run(1344)) - IPC Server listener on 0: starting
2022-07-27 23:17:32,971 [Listener at 0.0.0.0/36469] INFO  http.BaseHttpServer (BaseHttpServer.java:newHttpServer2BuilderForOzone(209)) - Starting Web-server for scm at: http://0.0.0.0:0
2022-07-27 23:17:32,971 [Listener at 0.0.0.0/36469] INFO  http.BaseHttpServer (BaseHttpServer.java:<init>(107)) - Hadoop Security Enabled: false Ozone Security Enabled: false Ozone HTTP Security Enabled: false 
2022-07-27 23:17:32,974 [Listener at 0.0.0.0/36469] INFO  server.AuthenticationFilter (AuthenticationFilter.java:constructSecretProvider(240)) - Unable to initialize FileSignerSecretProvider, falling back to use random secrets.
2022-07-27 23:17:32,975 [Listener at 0.0.0.0/36469] WARN  http.HttpRequestLog (HttpRequestLog.java:getRequestLog(103)) - Jetty request log can only be enabled using Log4j
2022-07-27 23:17:32,977 [Listener at 0.0.0.0/36469] INFO  http.HttpServer2 (HttpServer2.java:addGlobalFilter(1029)) - Added global filter 'safety' (class=org.apache.hadoop.hdds.server.http.HttpServer2$QuotingInputFilter)
2022-07-27 23:17:32,977 [Listener at 0.0.0.0/36469] INFO  http.HttpServer2 (HttpServer2.java:addFilter(1005)) - Added filter static_user_filter (class=org.apache.hadoop.http.lib.StaticUserWebFilter$StaticUserFilter) to context scm
2022-07-27 23:17:32,977 [Listener at 0.0.0.0/36469] INFO  http.HttpServer2 (HttpServer2.java:addFilter(1013)) - Added filter static_user_filter (class=org.apache.hadoop.http.lib.StaticUserWebFilter$StaticUserFilter) to context static
2022-07-27 23:17:32,978 [Listener at 0.0.0.0/36469] INFO  http.HttpServer2 (HttpServer2.java:addFilter(1013)) - Added filter static_user_filter (class=org.apache.hadoop.http.lib.StaticUserWebFilter$StaticUserFilter) to context logs
2022-07-27 23:17:32,979 [Listener at 0.0.0.0/36469] INFO  http.HttpServer2 (HttpServer2.java:bindListener(1248)) - Jetty bound to port 41121
2022-07-27 23:17:32,979 [Listener at 0.0.0.0/36469] INFO  server.Server (Server.java:doStart(375)) - jetty-9.4.43.v20210629; built: 2021-06-30T11:07:22.254Z; git: 526006ecfa3af7f1a27ef3a288e2bef7ea9dd7e8; jvm 1.8.0_332-b09
2022-07-27 23:17:32,985 [Listener at 0.0.0.0/36469] INFO  server.session (DefaultSessionIdManager.java:doStart(334)) - DefaultSessionIdManager workerName=node0
2022-07-27 23:17:32,985 [Listener at 0.0.0.0/36469] INFO  server.session (DefaultSessionIdManager.java:doStart(339)) - No SessionScavenger set, using defaults
2022-07-27 23:17:32,986 [Listener at 0.0.0.0/36469] INFO  server.session (HouseKeeper.java:startScavenging(132)) - node0 Scavenging every 660000ms
2022-07-27 23:17:32,986 [Listener at 0.0.0.0/36469] INFO  handler.ContextHandler (ContextHandler.java:doStart(915)) - Started o.e.j.s.ServletContextHandler@e6342de{logs,/logs,file:///home/runner/work/ozone/ozone/hadoop-ozone/integration-test/target/log,AVAILABLE}
2022-07-27 23:17:32,987 [Listener at 0.0.0.0/36469] INFO  handler.ContextHandler (ContextHandler.java:doStart(915)) - Started o.e.j.s.ServletContextHandler@2904bb45{static,/static,file:///home/runner/work/ozone/ozone/hadoop-ozone/integration-test/target/test-classes/webapps/static,AVAILABLE}
2022-07-27 23:17:32,989 [Listener at 0.0.0.0/36469] INFO  handler.ContextHandler (ContextHandler.java:doStart(915)) - Started o.e.j.w.WebAppContext@60e957e9{scm,/,file:///home/runner/work/ozone/ozone/hadoop-ozone/integration-test/target/test-classes/webapps/scm/,AVAILABLE}{file:/home/runner/work/ozone/ozone/hadoop-ozone/integration-test/target/test-classes/webapps/scm}
2022-07-27 23:17:32,994 [org.apache.hadoop.util.JvmPauseMonitor$Monitor@66ec8dc3] INFO  util.JvmPauseMonitor (JvmPauseMonitor.java:run(188)) - Starting JVM pause monitor
2022-07-27 23:17:33,024 [Listener at 0.0.0.0/36469] INFO  server.AbstractConnector (AbstractConnector.java:doStart(331)) - Started ServerConnector@648cfca5{HTTP/1.1, (http/1.1)}{0.0.0.0:41121}
2022-07-27 23:17:33,024 [Listener at 0.0.0.0/36469] INFO  server.Server (Server.java:doStart(415)) - Started @75416ms
2022-07-27 23:17:33,024 [Listener at 0.0.0.0/36469] WARN  impl.MetricsSystemImpl (MetricsSystemImpl.java:register(279)) - Sink prometheus already exists!
2022-07-27 23:17:33,030 [Listener at 0.0.0.0/36469] INFO  http.BaseHttpServer (BaseHttpServer.java:updateConnectorAddress(329)) - HTTP server of scm listening at http://0.0.0.0:41121
2022-07-27 23:17:33,030 [Listener at 0.0.0.0/36469] WARN  server.ServerUtils (ServerUtils.java:getDBPath(225)) - ozone.om.db.dirs is not configured. We recommend adding this setting. Falling back to ozone.metadata.dirs instead.
2022-07-27 23:17:33,031 [Listener at 0.0.0.0/36469] INFO  ha.OMHANodeDetails (OMHANodeDetails.java:loadOMHAConfig(115)) - ozone.om.internal.service.id is not defined, falling back to ozone.om.service.ids to find serviceID for OzoneManager if it is HA enabled cluster
2022-07-27 23:17:33,031 [Listener at 0.0.0.0/36469] INFO  ha.OMHANodeDetails (OMHANodeDetails.java:loadOMHAConfig(226)) - Configuration does not have ozone.om.address set. Falling back to the default OM address /127.0.0.1:0
2022-07-27 23:17:33,031 [Listener at 0.0.0.0/36469] INFO  ha.OMHANodeDetails (OMHANodeDetails.java:getOMNodeDetailsForNonHA(254)) - OM Service ID is not set. Setting it to the default ID: omServiceIdDefault
2022-07-27 23:17:33,032 [Listener at 0.0.0.0/36469] INFO  ha.OMHANodeDetails (OMHANodeDetails.java:getOMNodeDetailsForNonHA(261)) - OM Node ID is not set. Setting it to the default ID: om1
2022-07-27 23:17:33,032 [Listener at 0.0.0.0/36469] WARN  server.ServerUtils (ServerUtils.java:getDBPath(225)) - ozone.om.db.dirs is not configured. We recommend adding this setting. Falling back to ozone.metadata.dirs instead.
2022-07-27 23:17:33,032 [Listener at 0.0.0.0/36469] INFO  upgrade.AbstractLayoutVersionManager (AbstractLayoutVersionManager.java:init(83)) - Initializing Layout version manager with metadata layout = MULTITENANCY_SCHEMA (version = 3), software layout = MULTITENANCY_SCHEMA (version = 3)
2022-07-27 23:17:33,270 [Listener at 0.0.0.0/36469] INFO  reflections.Reflections (Reflections.java:scan(232)) - Reflections took 237 ms to scan 2 urls, producing 152 keys and 424 values [using 2 cores]
2022-07-27 23:17:33,270 [Listener at 0.0.0.0/36469] INFO  upgrade.OMLayoutVersionManager (OMLayoutVersionManager.java:lambda$0(115)) - Skipping Upgrade Action MockOmUpgradeAction since it has been finalized.
2022-07-27 23:17:33,271 [Listener at 0.0.0.0/36469] WARN  server.ServerUtils (ServerUtils.java:getDBPath(225)) - ozone.om.db.dirs is not configured. We recommend adding this setting. Falling back to ozone.metadata.dirs instead.
2022-07-27 23:17:33,271 [Listener at 0.0.0.0/36469] INFO  proxy.SCMBlockLocationFailoverProxyProvider (SCMBlockLocationFailoverProxyProvider.java:<init>(114)) - Created block location fail-over proxy with 1 nodes: [nodeId=scmNodeId,nodeAddress=/0.0.0.0:38277]
2022-07-27 23:17:33,272 [Listener at 0.0.0.0/36469] INFO  proxy.SCMBlockLocationFailoverProxyProvider (SCMBlockLocationFailoverProxyProvider.java:<init>(114)) - Created block location fail-over proxy with 1 nodes: [nodeId=scmNodeId,nodeAddress=/0.0.0.0:38277]
2022-07-27 23:17:33,299 [Listener at 0.0.0.0/36469] WARN  server.ServerUtils (ServerUtils.java:getDBPath(225)) - ozone.om.db.dirs is not configured. We recommend adding this setting. Falling back to ozone.metadata.dirs instead.
2022-07-27 23:17:33,299 [Listener at 0.0.0.0/36469] INFO  codec.OmKeyInfoCodec (OmKeyInfoCodec.java:<init>(49)) - OmKeyInfoCodec ignorePipeline = true
2022-07-27 23:17:33,299 [Listener at 0.0.0.0/36469] INFO  codec.RepeatedOmKeyInfoCodec (RepeatedOmKeyInfoCodec.java:<init>(41)) - RepeatedOmKeyInfoCodec ignorePipeline = true
2022-07-27 23:17:33,643 [Listener at 0.0.0.0/36469] INFO  om.OzoneManager (OzoneManager.java:instantiateServices(696)) - S3 Multi-Tenancy is disabled
2022-07-27 23:17:33,644 [Listener at 0.0.0.0/36469] INFO  om.OzoneManager (OzoneManager.java:addS3GVolumeToDB(4307)) - Created Volume s3v With Owner runner required for S3Gateway operations.
2022-07-27 23:17:33,645 [Listener at 0.0.0.0/36469] INFO  om.OzoneManager (OzoneManager.java:getRpcServer(1085)) - Creating RPC Server
2022-07-27 23:17:34,650 [Listener at 0.0.0.0/36469] INFO  reflections.Reflections (Reflections.java:scan(232)) - Reflections took 1000 ms to scan 19 urls, producing 67 keys and 4137 values [using 2 cores]
2022-07-27 23:17:34,651 [Listener at 0.0.0.0/36469] INFO  ipc.CallQueueManager (CallQueueManager.java:<init>(90)) - Using callQueue: class java.util.concurrent.LinkedBlockingQueue, queueCapacity: 2000, scheduler: class org.apache.hadoop.ipc.DefaultRpcScheduler, ipcBackoff: false.
2022-07-27 23:17:34,655 [Socket Reader #1 for port 0] INFO  ipc.Server (Server.java:run(1265)) - Starting Socket Reader #1 for port 0
2022-07-27 23:17:34,705 [Listener at 127.0.0.1/45823] INFO  impl.MetricsSystemImpl (MetricsSystemImpl.java:init(158)) - OzoneManager metrics system started (again)
2022-07-27 23:17:34,727 [Listener at 127.0.0.1/45823] INFO  om.OzoneManager (OzoneManager.java:start(1469)) - OzoneManager RPC server is listening at localhost/127.0.0.1:45823
2022-07-27 23:17:34,727 [Listener at 127.0.0.1/45823] INFO  om.OzoneManager (OzoneManager.java:start(1485)) - Version File has different layout version (3) than OM DB (null). That is expected if this OM has never been finalized to a newer layout version.
2022-07-27 23:17:34,754 [Listener at 127.0.0.1/45823] INFO  http.BaseHttpServer (BaseHttpServer.java:newHttpServer2BuilderForOzone(209)) - Starting Web-server for ozoneManager at: http://0.0.0.0:0
2022-07-27 23:17:34,754 [Listener at 127.0.0.1/45823] INFO  http.BaseHttpServer (BaseHttpServer.java:<init>(107)) - Hadoop Security Enabled: false Ozone Security Enabled: false Ozone HTTP Security Enabled: false 
2022-07-27 23:17:34,756 [Listener at 127.0.0.1/45823] INFO  server.AuthenticationFilter (AuthenticationFilter.java:constructSecretProvider(240)) - Unable to initialize FileSignerSecretProvider, falling back to use random secrets.
2022-07-27 23:17:34,762 [Listener at 127.0.0.1/45823] WARN  http.HttpRequestLog (HttpRequestLog.java:getRequestLog(103)) - Jetty request log can only be enabled using Log4j
2022-07-27 23:17:34,763 [Listener at 127.0.0.1/45823] INFO  http.HttpServer2 (HttpServer2.java:addGlobalFilter(1029)) - Added global filter 'safety' (class=org.apache.hadoop.hdds.server.http.HttpServer2$QuotingInputFilter)
2022-07-27 23:17:34,764 [Listener at 127.0.0.1/45823] INFO  http.HttpServer2 (HttpServer2.java:addFilter(1005)) - Added filter static_user_filter (class=org.apache.hadoop.http.lib.StaticUserWebFilter$StaticUserFilter) to context ozoneManager
2022-07-27 23:17:34,764 [Listener at 127.0.0.1/45823] INFO  http.HttpServer2 (HttpServer2.java:addFilter(1013)) - Added filter static_user_filter (class=org.apache.hadoop.http.lib.StaticUserWebFilter$StaticUserFilter) to context static
2022-07-27 23:17:34,764 [Listener at 127.0.0.1/45823] INFO  http.HttpServer2 (HttpServer2.java:addFilter(1013)) - Added filter static_user_filter (class=org.apache.hadoop.http.lib.StaticUserWebFilter$StaticUserFilter) to context logs
2022-07-27 23:17:34,764 [Listener at 127.0.0.1/45823] INFO  http.HttpServer2 (HttpServer2.java:bindListener(1248)) - Jetty bound to port 39061
2022-07-27 23:17:34,765 [Listener at 127.0.0.1/45823] INFO  server.Server (Server.java:doStart(375)) - jetty-9.4.43.v20210629; built: 2021-06-30T11:07:22.254Z; git: 526006ecfa3af7f1a27ef3a288e2bef7ea9dd7e8; jvm 1.8.0_332-b09
2022-07-27 23:17:34,807 [Listener at 127.0.0.1/45823] INFO  server.session (DefaultSessionIdManager.java:doStart(334)) - DefaultSessionIdManager workerName=node0
2022-07-27 23:17:34,807 [Listener at 127.0.0.1/45823] INFO  server.session (DefaultSessionIdManager.java:doStart(339)) - No SessionScavenger set, using defaults
2022-07-27 23:17:34,807 [Listener at 127.0.0.1/45823] INFO  server.session (HouseKeeper.java:startScavenging(132)) - node0 Scavenging every 600000ms
2022-07-27 23:17:34,813 [Listener at 127.0.0.1/45823] INFO  handler.ContextHandler (ContextHandler.java:doStart(915)) - Started o.e.j.s.ServletContextHandler@518e87dd{logs,/logs,file:///home/runner/work/ozone/ozone/hadoop-ozone/integration-test/target/log,AVAILABLE}
2022-07-27 23:17:34,813 [Listener at 127.0.0.1/45823] INFO  handler.ContextHandler (ContextHandler.java:doStart(915)) - Started o.e.j.s.ServletContextHandler@463a8e5a{static,/static,file:///home/runner/work/ozone/ozone/hadoop-ozone/integration-test/target/test-classes/webapps/static,AVAILABLE}
2022-07-27 23:17:34,816 [Listener at 127.0.0.1/45823] INFO  handler.ContextHandler (ContextHandler.java:doStart(915)) - Started o.e.j.w.WebAppContext@61c1539e{ozoneManager,/,file:///home/runner/work/ozone/ozone/hadoop-ozone/integration-test/target/test-classes/webapps/ozoneManager/,AVAILABLE}{file:/home/runner/work/ozone/ozone/hadoop-ozone/integration-test/target/test-classes/webapps/ozoneManager}
2022-07-27 23:17:34,817 [Listener at 127.0.0.1/45823] INFO  server.AbstractConnector (AbstractConnector.java:doStart(331)) - Started ServerConnector@99d1af4{HTTP/1.1, (http/1.1)}{0.0.0.0:39061}
2022-07-27 23:17:34,817 [Listener at 127.0.0.1/45823] INFO  server.Server (Server.java:doStart(415)) - Started @77209ms
2022-07-27 23:17:34,817 [Listener at 127.0.0.1/45823] WARN  impl.MetricsSystemImpl (MetricsSystemImpl.java:register(279)) - Sink prometheus already exists!
2022-07-27 23:17:34,818 [Listener at 127.0.0.1/45823] INFO  http.BaseHttpServer (BaseHttpServer.java:updateConnectorAddress(329)) - HTTP server of ozoneManager listening at http://0.0.0.0:39061
2022-07-27 23:17:34,818 [IPC Server Responder] INFO  ipc.Server (Server.java:run(1507)) - IPC Server Responder: starting
2022-07-27 23:17:34,818 [IPC Server listener on 0] INFO  ipc.Server (Server.java:run(1344)) - IPC Server listener on 0: starting
2022-07-27 23:17:34,819 [Listener at 127.0.0.1/45823] INFO  om.TrashPolicyOzone (TrashPolicyOzone.java:<init>(178)) - Ozone Manager trash configuration: Deletion interval = 0 minutes, Emptier interval = 0 minutes.
2022-07-27 23:17:34,830 [org.apache.hadoop.util.JvmPauseMonitor$Monitor@7624ed3d] INFO  util.JvmPauseMonitor (JvmPauseMonitor.java:run(188)) - Starting JVM pause monitor
2022-07-27 23:17:34,855 [Listener at 127.0.0.1/45823] INFO  impl.MetricsSystemImpl (MetricsSystemImpl.java:init(158)) - HddsDatanode metrics system started (again)
2022-07-27 23:17:34,902 [Listener at 127.0.0.1/45823] INFO  ozone.HddsDatanodeService (HddsDatanodeService.java:start(236)) - HddsDatanodeService host:fv-az129-30.sikifmtxjocetiwdfcy5r2sqla.phxx.internal.cloudapp.net ip:10.1.0.23
2022-07-27 23:17:34,950 [Listener at 127.0.0.1/45823] INFO  upgrade.AbstractLayoutVersionManager (AbstractLayoutVersionManager.java:init(83)) - Initializing Layout version manager with metadata layout = DATANODE_SCHEMA_V3 (version = 4), software layout = DATANODE_SCHEMA_V3 (version = 4)
2022-07-27 23:17:35,046 [Listener at 127.0.0.1/45823] INFO  reflections.Reflections (Reflections.java:scan(232)) - Reflections took 95 ms to scan 7 urls, producing 132 keys and 321 values 
2022-07-27 23:17:35,049 [Listener at 127.0.0.1/45823] INFO  statemachine.DatanodeStateMachine (DatanodeStateMachine.java:getEndPointTaskThreadPoolSize(237)) - Datanode State Machine Task Thread Pool size 2
2022-07-27 23:17:35,060 [Listener at 127.0.0.1/45823] INFO  volume.HddsVolume (HddsVolume.java:<init>(116)) - Creating HddsVolume: /home/runner/work/ozone/ozone/hadoop-ozone/integration-test/target/test-dir/MiniOzoneClusterImpl-b291e8c9-c3a0-4e1a-9e8e-aed05fc6be83/datanode-0/data-0/containers/hdds of storage type : DISK capacity : 9223372036854775807
2022-07-27 23:17:35,060 [Listener at 127.0.0.1/45823] INFO  volume.MutableVolumeSet (MutableVolumeSet.java:initializeVolumeSet(174)) - Added Volume : /home/runner/work/ozone/ozone/hadoop-ozone/integration-test/target/test-dir/MiniOzoneClusterImpl-b291e8c9-c3a0-4e1a-9e8e-aed05fc6be83/datanode-0/data-0/containers/hdds to VolumeSet
2022-07-27 23:17:35,060 [Listener at 127.0.0.1/45823] INFO  volume.ThrottledAsyncChecker (ThrottledAsyncChecker.java:schedule(141)) - Scheduling a check for /home/runner/work/ozone/ozone/hadoop-ozone/integration-test/target/test-dir/MiniOzoneClusterImpl-b291e8c9-c3a0-4e1a-9e8e-aed05fc6be83/datanode-0/data-0/containers/hdds
2022-07-27 23:17:35,078 [Listener at 127.0.0.1/45823] INFO  volume.StorageVolumeChecker (StorageVolumeChecker.java:checkAllVolumes(202)) - Scheduled health check for volume /home/runner/work/ozone/ozone/hadoop-ozone/integration-test/target/test-dir/MiniOzoneClusterImpl-b291e8c9-c3a0-4e1a-9e8e-aed05fc6be83/datanode-0/data-0/containers/hdds
2022-07-27 23:17:35,103 [Listener at 127.0.0.1/45823] INFO  volume.MutableVolumeSet (MutableVolumeSet.java:initializeVolumeSet(174)) - Added Volume : /home/runner/work/ozone/ozone/hadoop-ozone/integration-test/target/test-dir/MiniOzoneClusterImpl-b291e8c9-c3a0-4e1a-9e8e-aed05fc6be83/datanode-0/data/ratis to VolumeSet
2022-07-27 23:17:35,103 [Listener at 127.0.0.1/45823] INFO  volume.ThrottledAsyncChecker (ThrottledAsyncChecker.java:schedule(141)) - Scheduling a check for /home/runner/work/ozone/ozone/hadoop-ozone/integration-test/target/test-dir/MiniOzoneClusterImpl-b291e8c9-c3a0-4e1a-9e8e-aed05fc6be83/datanode-0/data/ratis
2022-07-27 23:17:35,108 [Listener at 127.0.0.1/45823] INFO  volume.StorageVolumeChecker (StorageVolumeChecker.java:checkAllVolumes(202)) - Scheduled health check for volume /home/runner/work/ozone/ozone/hadoop-ozone/integration-test/target/test-dir/MiniOzoneClusterImpl-b291e8c9-c3a0-4e1a-9e8e-aed05fc6be83/datanode-0/data/ratis
2022-07-27 23:17:35,142 [Thread-663] INFO  ozoneimpl.ContainerReader (ContainerReader.java:readVolume(175)) - Finish verifying containers on volume /home/runner/work/ozone/ozone/hadoop-ozone/integration-test/target/test-dir/MiniOzoneClusterImpl-b291e8c9-c3a0-4e1a-9e8e-aed05fc6be83/datanode-0/data-0/containers/hdds
2022-07-27 23:17:35,142 [Listener at 127.0.0.1/45823] INFO  ozoneimpl.OzoneContainer (OzoneContainer.java:buildContainerSet(299)) - Build ContainerSet costs 0s
2022-07-27 23:17:35,148 [Listener at 127.0.0.1/45823] INFO  server.RaftServer (ConfUtils.java:logGet(46)) - raft.rpc.type = GRPC (default)
2022-07-27 23:17:35,148 [Listener at 127.0.0.1/45823] INFO  grpc.GrpcFactory (GrpcFactory.java:checkPooledByteBufAllocatorUseCacheForAllThreads(48)) - PERFORMANCE WARNING: useCacheForAllThreads is true that may cause Netty to create a lot garbage objects and, as a result, trigger GC.
	It is recommended to disable useCacheForAllThreads by setting -Dorg.apache.ratis.thirdparty.io.netty.allocator.useCacheForAllThreads=false in command line.
2022-07-27 23:17:35,148 [Listener at 127.0.0.1/45823] INFO  grpc.GrpcConfigKeys (ConfUtils.java:logGet(46)) - raft.grpc.admin.port = 0 (custom)
2022-07-27 23:17:35,148 [Listener at 127.0.0.1/45823] INFO  grpc.GrpcConfigKeys (ConfUtils.java:logGet(46)) - raft.grpc.client.port = 0 (custom)
2022-07-27 23:17:35,148 [Listener at 127.0.0.1/45823] INFO  grpc.GrpcConfigKeys (ConfUtils.java:logGet(46)) - raft.grpc.server.port = 0 (default)
2022-07-27 23:17:35,148 [Listener at 127.0.0.1/45823] INFO  server.GrpcService (ConfUtils.java:logGet(46)) - raft.grpc.message.size.max = 32MB (=33554432) (custom)
2022-07-27 23:17:35,148 [Listener at 127.0.0.1/45823] INFO  server.RaftServerConfigKeys (ConfUtils.java:logGet(46)) - raft.server.log.appender.buffer.byte-limit = 33554432 (custom)
2022-07-27 23:17:35,149 [Listener at 127.0.0.1/45823] INFO  server.GrpcService (ConfUtils.java:logGet(46)) - raft.grpc.flow.control.window = 5MB (=5242880) (custom)
2022-07-27 23:17:35,174 [Listener at 127.0.0.1/45823] INFO  server.RaftServerConfigKeys (ConfUtils.java:logGet(46)) - raft.server.rpc.request.timeout = 60s (custom)
2022-07-27 23:17:35,174 [Listener at 127.0.0.1/45823] INFO  grpc.GrpcConfigKeys (ConfUtils.java:logGet(46)) - raft.grpc.server.async.request.thread.pool.cached = true (default)
2022-07-27 23:17:35,174 [Listener at 127.0.0.1/45823] INFO  grpc.GrpcConfigKeys (ConfUtils.java:logGet(46)) - raft.grpc.server.async.request.thread.pool.size = 32 (default)
2022-07-27 23:17:35,175 [Listener at 127.0.0.1/45823] INFO  impl.DataStreamServerImpl (ConfUtils.java:logGet(46)) - raft.datastream.type = DISABLED (default)
2022-07-27 23:17:35,175 [Listener at 127.0.0.1/45823] INFO  server.RaftServerConfigKeys (ConfUtils.java:logGet(46)) - raft.server.threadpool.proxy.cached = true (default)
2022-07-27 23:17:35,175 [Listener at 127.0.0.1/45823] INFO  server.RaftServerConfigKeys (ConfUtils.java:logGet(46)) - raft.server.threadpool.proxy.size = 0 (default)
2022-07-27 23:17:35,175 [Listener at 127.0.0.1/45823] INFO  server.RaftServerConfigKeys (ConfUtils.java:logGet(46)) - raft.server.rpc.slowness.timeout = 300s (custom)
2022-07-27 23:17:35,175 [Listener at 127.0.0.1/45823] INFO  server.RaftServerConfigKeys (ConfUtils.java:logGet(46)) - raft.server.leaderelection.leader.step-down.wait-time = 10s (default)
2022-07-27 23:17:35,176 [Listener at 127.0.0.1/45823] INFO  server.RaftServerConfigKeys (ConfUtils.java:logGet(46)) - raft.server.storage.dir = [/home/runner/work/ozone/ozone/hadoop-ozone/integration-test/target/test-dir/MiniOzoneClusterImpl-b291e8c9-c3a0-4e1a-9e8e-aed05fc6be83/datanode-0/data/ratis] (custom)
2022-07-27 23:17:35,191 [Listener at 127.0.0.1/45823] INFO  server.XceiverServerGrpc (XceiverServerGrpc.java:<init>(132)) - GrpcServer channel type EpollServerSocketChannel
2022-07-27 23:17:35,198 [Listener at 127.0.0.1/45823] INFO  http.BaseHttpServer (BaseHttpServer.java:newHttpServer2BuilderForOzone(209)) - Starting Web-server for hddsDatanode at: http://0.0.0.0:0
2022-07-27 23:17:35,198 [Listener at 127.0.0.1/45823] INFO  http.BaseHttpServer (BaseHttpServer.java:<init>(107)) - Hadoop Security Enabled: false Ozone Security Enabled: false Ozone HTTP Security Enabled: false 
2022-07-27 23:17:35,200 [Listener at 127.0.0.1/45823] INFO  server.AuthenticationFilter (AuthenticationFilter.java:constructSecretProvider(240)) - Unable to initialize FileSignerSecretProvider, falling back to use random secrets.
2022-07-27 23:17:35,202 [Listener at 127.0.0.1/45823] WARN  http.HttpRequestLog (HttpRequestLog.java:getRequestLog(103)) - Jetty request log can only be enabled using Log4j
2022-07-27 23:17:35,203 [Listener at 127.0.0.1/45823] INFO  http.HttpServer2 (HttpServer2.java:addGlobalFilter(1029)) - Added global filter 'safety' (class=org.apache.hadoop.hdds.server.http.HttpServer2$QuotingInputFilter)
2022-07-27 23:17:35,204 [Listener at 127.0.0.1/45823] INFO  http.HttpServer2 (HttpServer2.java:addFilter(1005)) - Added filter static_user_filter (class=org.apache.hadoop.http.lib.StaticUserWebFilter$StaticUserFilter) to context hddsDatanode
2022-07-27 23:17:35,204 [Listener at 127.0.0.1/45823] INFO  http.HttpServer2 (HttpServer2.java:addFilter(1013)) - Added filter static_user_filter (class=org.apache.hadoop.http.lib.StaticUserWebFilter$StaticUserFilter) to context logs
2022-07-27 23:17:35,204 [Listener at 127.0.0.1/45823] INFO  http.HttpServer2 (HttpServer2.java:addFilter(1013)) - Added filter static_user_filter (class=org.apache.hadoop.http.lib.StaticUserWebFilter$StaticUserFilter) to context static
2022-07-27 23:17:35,204 [Listener at 127.0.0.1/45823] INFO  http.HttpServer2 (HttpServer2.java:bindListener(1248)) - Jetty bound to port 40203
2022-07-27 23:17:35,204 [Listener at 127.0.0.1/45823] INFO  server.Server (Server.java:doStart(375)) - jetty-9.4.43.v20210629; built: 2021-06-30T11:07:22.254Z; git: 526006ecfa3af7f1a27ef3a288e2bef7ea9dd7e8; jvm 1.8.0_332-b09
2022-07-27 23:17:35,217 [Listener at 127.0.0.1/45823] INFO  server.session (DefaultSessionIdManager.java:doStart(334)) - DefaultSessionIdManager workerName=node0
2022-07-27 23:17:35,217 [Listener at 127.0.0.1/45823] INFO  server.session (DefaultSessionIdManager.java:doStart(339)) - No SessionScavenger set, using defaults
2022-07-27 23:17:35,217 [Listener at 127.0.0.1/45823] INFO  server.session (HouseKeeper.java:startScavenging(132)) - node0 Scavenging every 600000ms
2022-07-27 23:17:35,218 [Listener at 127.0.0.1/45823] INFO  handler.ContextHandler (ContextHandler.java:doStart(915)) - Started o.e.j.s.ServletContextHandler@542aee1c{logs,/logs,file:///home/runner/work/ozone/ozone/hadoop-ozone/integration-test/target/log,AVAILABLE}
2022-07-27 23:17:35,218 [Listener at 127.0.0.1/45823] INFO  handler.ContextHandler (ContextHandler.java:doStart(915)) - Started o.e.j.s.ServletContextHandler@8570718{static,/static,jar:file:/home/runner/.m2/repository/org/apache/ozone/hdds-container-service/1.3.0-SNAPSHOT/hdds-container-service-1.3.0-SNAPSHOT.jar!/webapps/static,AVAILABLE}
2022-07-27 23:17:35,530 [Listener at 127.0.0.1/45823] INFO  handler.ContextHandler (ContextHandler.java:doStart(915)) - Started o.e.j.w.WebAppContext@36ef1d8d{hddsDatanode,/,file:///tmp/jetty-0_0_0_0-40203-hdds-container-service-1_3_0-SNAPSHOT_jar-_-any-8893092453493384758/webapp/,AVAILABLE}{jar:file:/home/runner/.m2/repository/org/apache/ozone/hdds-container-service/1.3.0-SNAPSHOT/hdds-container-service-1.3.0-SNAPSHOT.jar!/webapps/hddsDatanode}
2022-07-27 23:17:35,546 [Listener at 127.0.0.1/45823] INFO  server.AbstractConnector (AbstractConnector.java:doStart(331)) - Started ServerConnector@77bdef4c{HTTP/1.1, (http/1.1)}{0.0.0.0:40203}
2022-07-27 23:17:35,547 [Listener at 127.0.0.1/45823] INFO  server.Server (Server.java:doStart(415)) - Started @77938ms
2022-07-27 23:17:35,547 [Listener at 127.0.0.1/45823] WARN  impl.MetricsSystemImpl (MetricsSystemImpl.java:register(279)) - Sink prometheus already exists!
2022-07-27 23:17:35,547 [Listener at 127.0.0.1/45823] INFO  http.BaseHttpServer (BaseHttpServer.java:updateConnectorAddress(329)) - HTTP server of hddsDatanode listening at http://0.0.0.0:40203
2022-07-27 23:17:35,566 [Listener at 127.0.0.1/45823] INFO  impl.MetricsSystemImpl (MetricsSystemImpl.java:init(158)) - HddsDatanode metrics system started (again)
2022-07-27 23:17:35,569 [Datanode State Machine Daemon Thread] INFO  statemachine.DatanodeStateMachine (DatanodeStateMachine.java:lambda$startDaemon$0(492)) - Ozone container server started.
2022-07-27 23:17:35,598 [Listener at 127.0.0.1/45823] INFO  ozone.HddsDatanodeService (HddsDatanodeService.java:start(236)) - HddsDatanodeService host:fv-az129-30.sikifmtxjocetiwdfcy5r2sqla.phxx.internal.cloudapp.net ip:10.1.0.23
2022-07-27 23:17:35,638 [Listener at 127.0.0.1/45823] INFO  upgrade.AbstractLayoutVersionManager (AbstractLayoutVersionManager.java:init(83)) - Initializing Layout version manager with metadata layout = DATANODE_SCHEMA_V3 (version = 4), software layout = DATANODE_SCHEMA_V3 (version = 4)
2022-07-27 23:17:35,658 [org.apache.hadoop.util.JvmPauseMonitor$Monitor@ff51971] INFO  util.JvmPauseMonitor (JvmPauseMonitor.java:run(188)) - Starting JVM pause monitor
2022-07-27 23:17:35,674 [Datanode State Machine Task Thread - 0] INFO  datanode.InitDatanodeState (InitDatanodeState.java:persistContainerDatanodeDetails(138)) - DatanodeDetails is persisted to /home/runner/work/ozone/ozone/hadoop-ozone/integration-test/target/test-dir/MiniOzoneClusterImpl-b291e8c9-c3a0-4e1a-9e8e-aed05fc6be83/datanode-0/meta/datanode.id
2022-07-27 23:17:35,726 [Listener at 127.0.0.1/45823] INFO  reflections.Reflections (Reflections.java:scan(232)) - Reflections took 84 ms to scan 7 urls, producing 132 keys and 321 values 
2022-07-27 23:17:35,728 [Listener at 127.0.0.1/45823] INFO  statemachine.DatanodeStateMachine (DatanodeStateMachine.java:getEndPointTaskThreadPoolSize(237)) - Datanode State Machine Task Thread Pool size 2
2022-07-27 23:17:35,730 [Listener at 127.0.0.1/45823] INFO  volume.HddsVolume (HddsVolume.java:<init>(116)) - Creating HddsVolume: /home/runner/work/ozone/ozone/hadoop-ozone/integration-test/target/test-dir/MiniOzoneClusterImpl-b291e8c9-c3a0-4e1a-9e8e-aed05fc6be83/datanode-1/data-0/containers/hdds of storage type : DISK capacity : 9223372036854775807
2022-07-27 23:17:35,730 [Listener at 127.0.0.1/45823] INFO  volume.MutableVolumeSet (MutableVolumeSet.java:initializeVolumeSet(174)) - Added Volume : /home/runner/work/ozone/ozone/hadoop-ozone/integration-test/target/test-dir/MiniOzoneClusterImpl-b291e8c9-c3a0-4e1a-9e8e-aed05fc6be83/datanode-1/data-0/containers/hdds to VolumeSet
2022-07-27 23:17:35,730 [Listener at 127.0.0.1/45823] INFO  volume.ThrottledAsyncChecker (ThrottledAsyncChecker.java:schedule(141)) - Scheduling a check for /home/runner/work/ozone/ozone/hadoop-ozone/integration-test/target/test-dir/MiniOzoneClusterImpl-b291e8c9-c3a0-4e1a-9e8e-aed05fc6be83/datanode-1/data-0/containers/hdds
2022-07-27 23:17:35,731 [Listener at 127.0.0.1/45823] INFO  volume.StorageVolumeChecker (StorageVolumeChecker.java:checkAllVolumes(202)) - Scheduled health check for volume /home/runner/work/ozone/ozone/hadoop-ozone/integration-test/target/test-dir/MiniOzoneClusterImpl-b291e8c9-c3a0-4e1a-9e8e-aed05fc6be83/datanode-1/data-0/containers/hdds
2022-07-27 23:17:35,745 [Listener at 127.0.0.1/45823] INFO  volume.MutableVolumeSet (MutableVolumeSet.java:initializeVolumeSet(174)) - Added Volume : /home/runner/work/ozone/ozone/hadoop-ozone/integration-test/target/test-dir/MiniOzoneClusterImpl-b291e8c9-c3a0-4e1a-9e8e-aed05fc6be83/datanode-1/data/ratis to VolumeSet
2022-07-27 23:17:35,745 [Listener at 127.0.0.1/45823] INFO  volume.ThrottledAsyncChecker (ThrottledAsyncChecker.java:schedule(141)) - Scheduling a check for /home/runner/work/ozone/ozone/hadoop-ozone/integration-test/target/test-dir/MiniOzoneClusterImpl-b291e8c9-c3a0-4e1a-9e8e-aed05fc6be83/datanode-1/data/ratis
2022-07-27 23:17:35,745 [Listener at 127.0.0.1/45823] INFO  volume.StorageVolumeChecker (StorageVolumeChecker.java:checkAllVolumes(202)) - Scheduled health check for volume /home/runner/work/ozone/ozone/hadoop-ozone/integration-test/target/test-dir/MiniOzoneClusterImpl-b291e8c9-c3a0-4e1a-9e8e-aed05fc6be83/datanode-1/data/ratis
2022-07-27 23:17:35,757 [Thread-676] INFO  ozoneimpl.ContainerReader (ContainerReader.java:readVolume(175)) - Finish verifying containers on volume /home/runner/work/ozone/ozone/hadoop-ozone/integration-test/target/test-dir/MiniOzoneClusterImpl-b291e8c9-c3a0-4e1a-9e8e-aed05fc6be83/datanode-1/data-0/containers/hdds
2022-07-27 23:17:35,757 [Listener at 127.0.0.1/45823] INFO  ozoneimpl.OzoneContainer (OzoneContainer.java:buildContainerSet(299)) - Build ContainerSet costs 0s
2022-07-27 23:17:35,759 [Listener at 127.0.0.1/45823] INFO  server.RaftServer (ConfUtils.java:logGet(46)) - raft.rpc.type = GRPC (default)
2022-07-27 23:17:35,759 [Listener at 127.0.0.1/45823] INFO  grpc.GrpcFactory (GrpcFactory.java:checkPooledByteBufAllocatorUseCacheForAllThreads(48)) - PERFORMANCE WARNING: useCacheForAllThreads is true that may cause Netty to create a lot garbage objects and, as a result, trigger GC.
	It is recommended to disable useCacheForAllThreads by setting -Dorg.apache.ratis.thirdparty.io.netty.allocator.useCacheForAllThreads=false in command line.
2022-07-27 23:17:35,759 [Listener at 127.0.0.1/45823] INFO  grpc.GrpcConfigKeys (ConfUtils.java:logGet(46)) - raft.grpc.admin.port = 0 (custom)
2022-07-27 23:17:35,759 [Listener at 127.0.0.1/45823] INFO  grpc.GrpcConfigKeys (ConfUtils.java:logGet(46)) - raft.grpc.client.port = 0 (custom)
2022-07-27 23:17:35,760 [Listener at 127.0.0.1/45823] INFO  grpc.GrpcConfigKeys (ConfUtils.java:logGet(46)) - raft.grpc.server.port = 0 (default)
2022-07-27 23:17:35,760 [Listener at 127.0.0.1/45823] INFO  server.GrpcService (ConfUtils.java:logGet(46)) - raft.grpc.message.size.max = 32MB (=33554432) (custom)
2022-07-27 23:17:35,760 [Listener at 127.0.0.1/45823] INFO  server.RaftServerConfigKeys (ConfUtils.java:logGet(46)) - raft.server.log.appender.buffer.byte-limit = 33554432 (custom)
2022-07-27 23:17:35,760 [Listener at 127.0.0.1/45823] INFO  server.GrpcService (ConfUtils.java:logGet(46)) - raft.grpc.flow.control.window = 5MB (=5242880) (custom)
2022-07-27 23:17:35,760 [Listener at 127.0.0.1/45823] INFO  server.RaftServerConfigKeys (ConfUtils.java:logGet(46)) - raft.server.rpc.request.timeout = 60s (custom)
2022-07-27 23:17:35,760 [Listener at 127.0.0.1/45823] INFO  grpc.GrpcConfigKeys (ConfUtils.java:logGet(46)) - raft.grpc.server.async.request.thread.pool.cached = true (default)
2022-07-27 23:17:35,760 [Listener at 127.0.0.1/45823] INFO  grpc.GrpcConfigKeys (ConfUtils.java:logGet(46)) - raft.grpc.server.async.request.thread.pool.size = 32 (default)
2022-07-27 23:17:35,761 [Listener at 127.0.0.1/45823] INFO  impl.DataStreamServerImpl (ConfUtils.java:logGet(46)) - raft.datastream.type = DISABLED (default)
2022-07-27 23:17:35,761 [Listener at 127.0.0.1/45823] INFO  server.RaftServerConfigKeys (ConfUtils.java:logGet(46)) - raft.server.threadpool.proxy.cached = true (default)
2022-07-27 23:17:35,761 [Listener at 127.0.0.1/45823] INFO  server.RaftServerConfigKeys (ConfUtils.java:logGet(46)) - raft.server.threadpool.proxy.size = 0 (default)
2022-07-27 23:17:35,761 [Listener at 127.0.0.1/45823] INFO  server.RaftServerConfigKeys (ConfUtils.java:logGet(46)) - raft.server.rpc.slowness.timeout = 300s (custom)
2022-07-27 23:17:35,761 [Listener at 127.0.0.1/45823] INFO  server.RaftServerConfigKeys (ConfUtils.java:logGet(46)) - raft.server.leaderelection.leader.step-down.wait-time = 10s (default)
2022-07-27 23:17:35,761 [Listener at 127.0.0.1/45823] INFO  server.RaftServerConfigKeys (ConfUtils.java:logGet(46)) - raft.server.storage.dir = [/home/runner/work/ozone/ozone/hadoop-ozone/integration-test/target/test-dir/MiniOzoneClusterImpl-b291e8c9-c3a0-4e1a-9e8e-aed05fc6be83/datanode-1/data/ratis] (custom)
2022-07-27 23:17:35,775 [Listener at 127.0.0.1/45823] INFO  server.XceiverServerGrpc (XceiverServerGrpc.java:<init>(132)) - GrpcServer channel type EpollServerSocketChannel
2022-07-27 23:17:35,786 [Listener at 127.0.0.1/45823] INFO  http.BaseHttpServer (BaseHttpServer.java:newHttpServer2BuilderForOzone(209)) - Starting Web-server for hddsDatanode at: http://0.0.0.0:0
2022-07-27 23:17:35,786 [Listener at 127.0.0.1/45823] INFO  http.BaseHttpServer (BaseHttpServer.java:<init>(107)) - Hadoop Security Enabled: false Ozone Security Enabled: false Ozone HTTP Security Enabled: false 
2022-07-27 23:17:35,787 [Listener at 127.0.0.1/45823] INFO  server.AuthenticationFilter (AuthenticationFilter.java:constructSecretProvider(240)) - Unable to initialize FileSignerSecretProvider, falling back to use random secrets.
2022-07-27 23:17:35,790 [Listener at 127.0.0.1/45823] WARN  http.HttpRequestLog (HttpRequestLog.java:getRequestLog(103)) - Jetty request log can only be enabled using Log4j
2022-07-27 23:17:35,791 [Listener at 127.0.0.1/45823] INFO  http.HttpServer2 (HttpServer2.java:addGlobalFilter(1029)) - Added global filter 'safety' (class=org.apache.hadoop.hdds.server.http.HttpServer2$QuotingInputFilter)
2022-07-27 23:17:35,792 [Listener at 127.0.0.1/45823] INFO  http.HttpServer2 (HttpServer2.java:addFilter(1005)) - Added filter static_user_filter (class=org.apache.hadoop.http.lib.StaticUserWebFilter$StaticUserFilter) to context hddsDatanode
2022-07-27 23:17:35,792 [Listener at 127.0.0.1/45823] INFO  http.HttpServer2 (HttpServer2.java:addFilter(1013)) - Added filter static_user_filter (class=org.apache.hadoop.http.lib.StaticUserWebFilter$StaticUserFilter) to context logs
2022-07-27 23:17:35,792 [Listener at 127.0.0.1/45823] INFO  http.HttpServer2 (HttpServer2.java:addFilter(1013)) - Added filter static_user_filter (class=org.apache.hadoop.http.lib.StaticUserWebFilter$StaticUserFilter) to context static
2022-07-27 23:17:35,792 [Listener at 127.0.0.1/45823] INFO  http.HttpServer2 (HttpServer2.java:bindListener(1248)) - Jetty bound to port 38177
2022-07-27 23:17:35,792 [Listener at 127.0.0.1/45823] INFO  server.Server (Server.java:doStart(375)) - jetty-9.4.43.v20210629; built: 2021-06-30T11:07:22.254Z; git: 526006ecfa3af7f1a27ef3a288e2bef7ea9dd7e8; jvm 1.8.0_332-b09
2022-07-27 23:17:35,818 [Listener at 127.0.0.1/45823] INFO  server.session (DefaultSessionIdManager.java:doStart(334)) - DefaultSessionIdManager workerName=node0
2022-07-27 23:17:35,818 [Listener at 127.0.0.1/45823] INFO  server.session (DefaultSessionIdManager.java:doStart(339)) - No SessionScavenger set, using defaults
2022-07-27 23:17:35,818 [Listener at 127.0.0.1/45823] INFO  server.session (HouseKeeper.java:startScavenging(132)) - node0 Scavenging every 660000ms
2022-07-27 23:17:35,832 [Listener at 127.0.0.1/45823] INFO  handler.ContextHandler (ContextHandler.java:doStart(915)) - Started o.e.j.s.ServletContextHandler@6b059523{logs,/logs,file:///home/runner/work/ozone/ozone/hadoop-ozone/integration-test/target/log,AVAILABLE}
2022-07-27 23:17:35,832 [Listener at 127.0.0.1/45823] INFO  handler.ContextHandler (ContextHandler.java:doStart(915)) - Started o.e.j.s.ServletContextHandler@7da21834{static,/static,jar:file:/home/runner/.m2/repository/org/apache/ozone/hdds-container-service/1.3.0-SNAPSHOT/hdds-container-service-1.3.0-SNAPSHOT.jar!/webapps/static,AVAILABLE}
2022-07-27 23:17:36,252 [Listener at 127.0.0.1/45823] INFO  handler.ContextHandler (ContextHandler.java:doStart(915)) - Started o.e.j.w.WebAppContext@12d2a133{hddsDatanode,/,file:///tmp/jetty-0_0_0_0-38177-hdds-container-service-1_3_0-SNAPSHOT_jar-_-any-1462752491380621279/webapp/,AVAILABLE}{jar:file:/home/runner/.m2/repository/org/apache/ozone/hdds-container-service/1.3.0-SNAPSHOT/hdds-container-service-1.3.0-SNAPSHOT.jar!/webapps/hddsDatanode}
2022-07-27 23:17:36,262 [Listener at 127.0.0.1/45823] INFO  server.AbstractConnector (AbstractConnector.java:doStart(331)) - Started ServerConnector@7f559f0c{HTTP/1.1, (http/1.1)}{0.0.0.0:38177}
2022-07-27 23:17:36,262 [Listener at 127.0.0.1/45823] INFO  server.Server (Server.java:doStart(415)) - Started @78654ms
2022-07-27 23:17:36,262 [Listener at 127.0.0.1/45823] WARN  impl.MetricsSystemImpl (MetricsSystemImpl.java:register(279)) - Sink prometheus already exists!
2022-07-27 23:17:36,263 [Listener at 127.0.0.1/45823] INFO  http.BaseHttpServer (BaseHttpServer.java:updateConnectorAddress(329)) - HTTP server of hddsDatanode listening at http://0.0.0.0:38177
2022-07-27 23:17:36,272 [Listener at 127.0.0.1/45823] INFO  impl.MetricsSystemImpl (MetricsSystemImpl.java:init(158)) - HddsDatanode metrics system started (again)
2022-07-27 23:17:36,282 [Datanode State Machine Daemon Thread] INFO  statemachine.DatanodeStateMachine (DatanodeStateMachine.java:lambda$startDaemon$0(492)) - Ozone container server started.
2022-07-27 23:17:36,291 [Listener at 127.0.0.1/45823] INFO  ozone.HddsDatanodeService (HddsDatanodeService.java:start(236)) - HddsDatanodeService host:fv-az129-30.sikifmtxjocetiwdfcy5r2sqla.phxx.internal.cloudapp.net ip:10.1.0.23
2022-07-27 23:17:36,342 [org.apache.hadoop.util.JvmPauseMonitor$Monitor@2075f05a] INFO  util.JvmPauseMonitor (JvmPauseMonitor.java:run(188)) - Starting JVM pause monitor
2022-07-27 23:17:36,382 [Datanode State Machine Task Thread - 0] INFO  datanode.InitDatanodeState (InitDatanodeState.java:persistContainerDatanodeDetails(138)) - DatanodeDetails is persisted to /home/runner/work/ozone/ozone/hadoop-ozone/integration-test/target/test-dir/MiniOzoneClusterImpl-b291e8c9-c3a0-4e1a-9e8e-aed05fc6be83/datanode-1/meta/datanode.id
2022-07-27 23:17:36,409 [Listener at 127.0.0.1/45823] INFO  upgrade.AbstractLayoutVersionManager (AbstractLayoutVersionManager.java:init(83)) - Initializing Layout version manager with metadata layout = DATANODE_SCHEMA_V3 (version = 4), software layout = DATANODE_SCHEMA_V3 (version = 4)
2022-07-27 23:17:36,493 [Listener at 127.0.0.1/45823] INFO  reflections.Reflections (Reflections.java:scan(232)) - Reflections took 83 ms to scan 7 urls, producing 132 keys and 321 values 
2022-07-27 23:17:36,494 [Listener at 127.0.0.1/45823] INFO  statemachine.DatanodeStateMachine (DatanodeStateMachine.java:getEndPointTaskThreadPoolSize(237)) - Datanode State Machine Task Thread Pool size 2
2022-07-27 23:17:36,510 [Listener at 127.0.0.1/45823] INFO  volume.HddsVolume (HddsVolume.java:<init>(116)) - Creating HddsVolume: /home/runner/work/ozone/ozone/hadoop-ozone/integration-test/target/test-dir/MiniOzoneClusterImpl-b291e8c9-c3a0-4e1a-9e8e-aed05fc6be83/datanode-2/data-0/containers/hdds of storage type : DISK capacity : 9223372036854775807
2022-07-27 23:17:36,511 [Listener at 127.0.0.1/45823] INFO  volume.MutableVolumeSet (MutableVolumeSet.java:initializeVolumeSet(174)) - Added Volume : /home/runner/work/ozone/ozone/hadoop-ozone/integration-test/target/test-dir/MiniOzoneClusterImpl-b291e8c9-c3a0-4e1a-9e8e-aed05fc6be83/datanode-2/data-0/containers/hdds to VolumeSet
2022-07-27 23:17:36,511 [Listener at 127.0.0.1/45823] INFO  volume.ThrottledAsyncChecker (ThrottledAsyncChecker.java:schedule(141)) - Scheduling a check for /home/runner/work/ozone/ozone/hadoop-ozone/integration-test/target/test-dir/MiniOzoneClusterImpl-b291e8c9-c3a0-4e1a-9e8e-aed05fc6be83/datanode-2/data-0/containers/hdds
2022-07-27 23:17:36,530 [Listener at 127.0.0.1/45823] INFO  volume.StorageVolumeChecker (StorageVolumeChecker.java:checkAllVolumes(202)) - Scheduled health check for volume /home/runner/work/ozone/ozone/hadoop-ozone/integration-test/target/test-dir/MiniOzoneClusterImpl-b291e8c9-c3a0-4e1a-9e8e-aed05fc6be83/datanode-2/data-0/containers/hdds
2022-07-27 23:17:36,550 [Listener at 127.0.0.1/45823] INFO  volume.MutableVolumeSet (MutableVolumeSet.java:initializeVolumeSet(174)) - Added Volume : /home/runner/work/ozone/ozone/hadoop-ozone/integration-test/target/test-dir/MiniOzoneClusterImpl-b291e8c9-c3a0-4e1a-9e8e-aed05fc6be83/datanode-2/data/ratis to VolumeSet
2022-07-27 23:17:36,550 [Listener at 127.0.0.1/45823] INFO  volume.ThrottledAsyncChecker (ThrottledAsyncChecker.java:schedule(141)) - Scheduling a check for /home/runner/work/ozone/ozone/hadoop-ozone/integration-test/target/test-dir/MiniOzoneClusterImpl-b291e8c9-c3a0-4e1a-9e8e-aed05fc6be83/datanode-2/data/ratis
2022-07-27 23:17:36,551 [Listener at 127.0.0.1/45823] INFO  volume.StorageVolumeChecker (StorageVolumeChecker.java:checkAllVolumes(202)) - Scheduled health check for volume /home/runner/work/ozone/ozone/hadoop-ozone/integration-test/target/test-dir/MiniOzoneClusterImpl-b291e8c9-c3a0-4e1a-9e8e-aed05fc6be83/datanode-2/data/ratis
2022-07-27 23:17:36,602 [Thread-689] INFO  ozoneimpl.ContainerReader (ContainerReader.java:readVolume(175)) - Finish verifying containers on volume /home/runner/work/ozone/ozone/hadoop-ozone/integration-test/target/test-dir/MiniOzoneClusterImpl-b291e8c9-c3a0-4e1a-9e8e-aed05fc6be83/datanode-2/data-0/containers/hdds
2022-07-27 23:17:36,602 [Listener at 127.0.0.1/45823] INFO  ozoneimpl.OzoneContainer (OzoneContainer.java:buildContainerSet(299)) - Build ContainerSet costs 0s
2022-07-27 23:17:36,604 [Listener at 127.0.0.1/45823] INFO  server.RaftServer (ConfUtils.java:logGet(46)) - raft.rpc.type = GRPC (default)
2022-07-27 23:17:36,604 [Listener at 127.0.0.1/45823] INFO  grpc.GrpcFactory (GrpcFactory.java:checkPooledByteBufAllocatorUseCacheForAllThreads(48)) - PERFORMANCE WARNING: useCacheForAllThreads is true that may cause Netty to create a lot garbage objects and, as a result, trigger GC.
	It is recommended to disable useCacheForAllThreads by setting -Dorg.apache.ratis.thirdparty.io.netty.allocator.useCacheForAllThreads=false in command line.
2022-07-27 23:17:36,604 [Listener at 127.0.0.1/45823] INFO  grpc.GrpcConfigKeys (ConfUtils.java:logGet(46)) - raft.grpc.admin.port = 0 (custom)
2022-07-27 23:17:36,604 [Listener at 127.0.0.1/45823] INFO  grpc.GrpcConfigKeys (ConfUtils.java:logGet(46)) - raft.grpc.client.port = 0 (custom)
2022-07-27 23:17:36,604 [Listener at 127.0.0.1/45823] INFO  grpc.GrpcConfigKeys (ConfUtils.java:logGet(46)) - raft.grpc.server.port = 0 (default)
2022-07-27 23:17:36,604 [Listener at 127.0.0.1/45823] INFO  server.GrpcService (ConfUtils.java:logGet(46)) - raft.grpc.message.size.max = 32MB (=33554432) (custom)
2022-07-27 23:17:36,604 [Listener at 127.0.0.1/45823] INFO  server.RaftServerConfigKeys (ConfUtils.java:logGet(46)) - raft.server.log.appender.buffer.byte-limit = 33554432 (custom)
2022-07-27 23:17:36,604 [Listener at 127.0.0.1/45823] INFO  server.GrpcService (ConfUtils.java:logGet(46)) - raft.grpc.flow.control.window = 5MB (=5242880) (custom)
2022-07-27 23:17:36,604 [Listener at 127.0.0.1/45823] INFO  server.RaftServerConfigKeys (ConfUtils.java:logGet(46)) - raft.server.rpc.request.timeout = 60s (custom)
2022-07-27 23:17:36,605 [Listener at 127.0.0.1/45823] INFO  grpc.GrpcConfigKeys (ConfUtils.java:logGet(46)) - raft.grpc.server.async.request.thread.pool.cached = true (default)
2022-07-27 23:17:36,605 [Listener at 127.0.0.1/45823] INFO  grpc.GrpcConfigKeys (ConfUtils.java:logGet(46)) - raft.grpc.server.async.request.thread.pool.size = 32 (default)
2022-07-27 23:17:36,612 [Listener at 127.0.0.1/45823] INFO  impl.DataStreamServerImpl (ConfUtils.java:logGet(46)) - raft.datastream.type = DISABLED (default)
2022-07-27 23:17:36,612 [Listener at 127.0.0.1/45823] INFO  server.RaftServerConfigKeys (ConfUtils.java:logGet(46)) - raft.server.threadpool.proxy.cached = true (default)
2022-07-27 23:17:36,612 [Listener at 127.0.0.1/45823] INFO  server.RaftServerConfigKeys (ConfUtils.java:logGet(46)) - raft.server.threadpool.proxy.size = 0 (default)
2022-07-27 23:17:36,613 [Listener at 127.0.0.1/45823] INFO  server.RaftServerConfigKeys (ConfUtils.java:logGet(46)) - raft.server.rpc.slowness.timeout = 300s (custom)
2022-07-27 23:17:36,613 [Listener at 127.0.0.1/45823] INFO  server.RaftServerConfigKeys (ConfUtils.java:logGet(46)) - raft.server.leaderelection.leader.step-down.wait-time = 10s (default)
2022-07-27 23:17:36,613 [Listener at 127.0.0.1/45823] INFO  server.RaftServerConfigKeys (ConfUtils.java:logGet(46)) - raft.server.storage.dir = [/home/runner/work/ozone/ozone/hadoop-ozone/integration-test/target/test-dir/MiniOzoneClusterImpl-b291e8c9-c3a0-4e1a-9e8e-aed05fc6be83/datanode-2/data/ratis] (custom)
2022-07-27 23:17:36,627 [Listener at 127.0.0.1/45823] INFO  server.XceiverServerGrpc (XceiverServerGrpc.java:<init>(132)) - GrpcServer channel type EpollServerSocketChannel
2022-07-27 23:17:36,646 [Listener at 127.0.0.1/45823] INFO  http.BaseHttpServer (BaseHttpServer.java:newHttpServer2BuilderForOzone(209)) - Starting Web-server for hddsDatanode at: http://0.0.0.0:0
2022-07-27 23:17:36,646 [Listener at 127.0.0.1/45823] INFO  http.BaseHttpServer (BaseHttpServer.java:<init>(107)) - Hadoop Security Enabled: false Ozone Security Enabled: false Ozone HTTP Security Enabled: false 
2022-07-27 23:17:36,647 [Listener at 127.0.0.1/45823] INFO  server.AuthenticationFilter (AuthenticationFilter.java:constructSecretProvider(240)) - Unable to initialize FileSignerSecretProvider, falling back to use random secrets.
2022-07-27 23:17:36,666 [Listener at 127.0.0.1/45823] WARN  http.HttpRequestLog (HttpRequestLog.java:getRequestLog(103)) - Jetty request log can only be enabled using Log4j
2022-07-27 23:17:36,667 [Listener at 127.0.0.1/45823] INFO  http.HttpServer2 (HttpServer2.java:addGlobalFilter(1029)) - Added global filter 'safety' (class=org.apache.hadoop.hdds.server.http.HttpServer2$QuotingInputFilter)
2022-07-27 23:17:36,667 [Listener at 127.0.0.1/45823] INFO  http.HttpServer2 (HttpServer2.java:addFilter(1005)) - Added filter static_user_filter (class=org.apache.hadoop.http.lib.StaticUserWebFilter$StaticUserFilter) to context hddsDatanode
2022-07-27 23:17:36,667 [Listener at 127.0.0.1/45823] INFO  http.HttpServer2 (HttpServer2.java:addFilter(1013)) - Added filter static_user_filter (class=org.apache.hadoop.http.lib.StaticUserWebFilter$StaticUserFilter) to context logs
2022-07-27 23:17:36,667 [Listener at 127.0.0.1/45823] INFO  http.HttpServer2 (HttpServer2.java:addFilter(1013)) - Added filter static_user_filter (class=org.apache.hadoop.http.lib.StaticUserWebFilter$StaticUserFilter) to context static
2022-07-27 23:17:36,668 [Listener at 127.0.0.1/45823] INFO  http.HttpServer2 (HttpServer2.java:bindListener(1248)) - Jetty bound to port 38105
2022-07-27 23:17:36,668 [Listener at 127.0.0.1/45823] INFO  server.Server (Server.java:doStart(375)) - jetty-9.4.43.v20210629; built: 2021-06-30T11:07:22.254Z; git: 526006ecfa3af7f1a27ef3a288e2bef7ea9dd7e8; jvm 1.8.0_332-b09
2022-07-27 23:17:36,734 [Listener at 127.0.0.1/45823] INFO  server.session (DefaultSessionIdManager.java:doStart(334)) - DefaultSessionIdManager workerName=node0
2022-07-27 23:17:36,734 [Listener at 127.0.0.1/45823] INFO  server.session (DefaultSessionIdManager.java:doStart(339)) - No SessionScavenger set, using defaults
2022-07-27 23:17:36,734 [Listener at 127.0.0.1/45823] INFO  server.session (HouseKeeper.java:startScavenging(132)) - node0 Scavenging every 660000ms
2022-07-27 23:17:36,735 [Listener at 127.0.0.1/45823] INFO  handler.ContextHandler (ContextHandler.java:doStart(915)) - Started o.e.j.s.ServletContextHandler@62484a7f{logs,/logs,file:///home/runner/work/ozone/ozone/hadoop-ozone/integration-test/target/log,AVAILABLE}
2022-07-27 23:17:36,735 [Listener at 127.0.0.1/45823] INFO  handler.ContextHandler (ContextHandler.java:doStart(915)) - Started o.e.j.s.ServletContextHandler@59fa04f7{static,/static,jar:file:/home/runner/.m2/repository/org/apache/ozone/hdds-container-service/1.3.0-SNAPSHOT/hdds-container-service-1.3.0-SNAPSHOT.jar!/webapps/static,AVAILABLE}
2022-07-27 23:17:37,025 [Listener at 127.0.0.1/45823] INFO  handler.ContextHandler (ContextHandler.java:doStart(915)) - Started o.e.j.w.WebAppContext@1253889d{hddsDatanode,/,file:///tmp/jetty-0_0_0_0-38105-hdds-container-service-1_3_0-SNAPSHOT_jar-_-any-6648936225810103958/webapp/,AVAILABLE}{jar:file:/home/runner/.m2/repository/org/apache/ozone/hdds-container-service/1.3.0-SNAPSHOT/hdds-container-service-1.3.0-SNAPSHOT.jar!/webapps/hddsDatanode}
2022-07-27 23:17:37,034 [Listener at 127.0.0.1/45823] INFO  server.AbstractConnector (AbstractConnector.java:doStart(331)) - Started ServerConnector@75682f2a{HTTP/1.1, (http/1.1)}{0.0.0.0:38105}
2022-07-27 23:17:37,034 [Listener at 127.0.0.1/45823] INFO  server.Server (Server.java:doStart(415)) - Started @79426ms
2022-07-27 23:17:37,034 [Listener at 127.0.0.1/45823] WARN  impl.MetricsSystemImpl (MetricsSystemImpl.java:register(279)) - Sink prometheus already exists!
2022-07-27 23:17:37,037 [Listener at 127.0.0.1/45823] INFO  http.BaseHttpServer (BaseHttpServer.java:updateConnectorAddress(329)) - HTTP server of hddsDatanode listening at http://0.0.0.0:38105
2022-07-27 23:17:37,037 [Listener at 127.0.0.1/45823] INFO  impl.MetricsSystemImpl (MetricsSystemImpl.java:init(158)) - HddsDatanode metrics system started (again)
2022-07-27 23:17:37,070 [Datanode State Machine Daemon Thread] INFO  statemachine.DatanodeStateMachine (DatanodeStateMachine.java:lambda$startDaemon$0(492)) - Ozone container server started.
2022-07-27 23:17:37,086 [org.apache.hadoop.util.JvmPauseMonitor$Monitor@7a6b0fcb] INFO  util.JvmPauseMonitor (JvmPauseMonitor.java:run(188)) - Starting JVM pause monitor
2022-07-27 23:17:37,090 [Listener at 127.0.0.1/45823] INFO  ozone.HddsDatanodeService (HddsDatanodeService.java:start(236)) - HddsDatanodeService host:fv-az129-30.sikifmtxjocetiwdfcy5r2sqla.phxx.internal.cloudapp.net ip:10.1.0.23
2022-07-27 23:17:37,098 [Datanode State Machine Task Thread - 0] INFO  datanode.InitDatanodeState (InitDatanodeState.java:persistContainerDatanodeDetails(138)) - DatanodeDetails is persisted to /home/runner/work/ozone/ozone/hadoop-ozone/integration-test/target/test-dir/MiniOzoneClusterImpl-b291e8c9-c3a0-4e1a-9e8e-aed05fc6be83/datanode-2/meta/datanode.id
2022-07-27 23:17:37,147 [Listener at 127.0.0.1/45823] INFO  upgrade.AbstractLayoutVersionManager (AbstractLayoutVersionManager.java:init(83)) - Initializing Layout version manager with metadata layout = DATANODE_SCHEMA_V3 (version = 4), software layout = DATANODE_SCHEMA_V3 (version = 4)
2022-07-27 23:17:37,241 [Listener at 127.0.0.1/45823] INFO  reflections.Reflections (Reflections.java:scan(232)) - Reflections took 93 ms to scan 7 urls, producing 132 keys and 321 values 
2022-07-27 23:17:37,243 [Listener at 127.0.0.1/45823] INFO  statemachine.DatanodeStateMachine (DatanodeStateMachine.java:getEndPointTaskThreadPoolSize(237)) - Datanode State Machine Task Thread Pool size 2
2022-07-27 23:17:37,244 [Listener at 127.0.0.1/45823] INFO  volume.HddsVolume (HddsVolume.java:<init>(116)) - Creating HddsVolume: /home/runner/work/ozone/ozone/hadoop-ozone/integration-test/target/test-dir/MiniOzoneClusterImpl-b291e8c9-c3a0-4e1a-9e8e-aed05fc6be83/datanode-3/data-0/containers/hdds of storage type : DISK capacity : 9223372036854775807
2022-07-27 23:17:37,244 [Listener at 127.0.0.1/45823] INFO  volume.MutableVolumeSet (MutableVolumeSet.java:initializeVolumeSet(174)) - Added Volume : /home/runner/work/ozone/ozone/hadoop-ozone/integration-test/target/test-dir/MiniOzoneClusterImpl-b291e8c9-c3a0-4e1a-9e8e-aed05fc6be83/datanode-3/data-0/containers/hdds to VolumeSet
2022-07-27 23:17:37,244 [Listener at 127.0.0.1/45823] INFO  volume.ThrottledAsyncChecker (ThrottledAsyncChecker.java:schedule(141)) - Scheduling a check for /home/runner/work/ozone/ozone/hadoop-ozone/integration-test/target/test-dir/MiniOzoneClusterImpl-b291e8c9-c3a0-4e1a-9e8e-aed05fc6be83/datanode-3/data-0/containers/hdds
2022-07-27 23:17:37,245 [Listener at 127.0.0.1/45823] INFO  volume.StorageVolumeChecker (StorageVolumeChecker.java:checkAllVolumes(202)) - Scheduled health check for volume /home/runner/work/ozone/ozone/hadoop-ozone/integration-test/target/test-dir/MiniOzoneClusterImpl-b291e8c9-c3a0-4e1a-9e8e-aed05fc6be83/datanode-3/data-0/containers/hdds
2022-07-27 23:17:37,255 [Listener at 127.0.0.1/45823] INFO  volume.MutableVolumeSet (MutableVolumeSet.java:initializeVolumeSet(174)) - Added Volume : /home/runner/work/ozone/ozone/hadoop-ozone/integration-test/target/test-dir/MiniOzoneClusterImpl-b291e8c9-c3a0-4e1a-9e8e-aed05fc6be83/datanode-3/data/ratis to VolumeSet
2022-07-27 23:17:37,255 [Listener at 127.0.0.1/45823] INFO  volume.ThrottledAsyncChecker (ThrottledAsyncChecker.java:schedule(141)) - Scheduling a check for /home/runner/work/ozone/ozone/hadoop-ozone/integration-test/target/test-dir/MiniOzoneClusterImpl-b291e8c9-c3a0-4e1a-9e8e-aed05fc6be83/datanode-3/data/ratis
2022-07-27 23:17:37,255 [Listener at 127.0.0.1/45823] INFO  volume.StorageVolumeChecker (StorageVolumeChecker.java:checkAllVolumes(202)) - Scheduled health check for volume /home/runner/work/ozone/ozone/hadoop-ozone/integration-test/target/test-dir/MiniOzoneClusterImpl-b291e8c9-c3a0-4e1a-9e8e-aed05fc6be83/datanode-3/data/ratis
2022-07-27 23:17:37,265 [Thread-702] INFO  ozoneimpl.ContainerReader (ContainerReader.java:readVolume(175)) - Finish verifying containers on volume /home/runner/work/ozone/ozone/hadoop-ozone/integration-test/target/test-dir/MiniOzoneClusterImpl-b291e8c9-c3a0-4e1a-9e8e-aed05fc6be83/datanode-3/data-0/containers/hdds
2022-07-27 23:17:37,265 [Listener at 127.0.0.1/45823] INFO  ozoneimpl.OzoneContainer (OzoneContainer.java:buildContainerSet(299)) - Build ContainerSet costs 0s
2022-07-27 23:17:37,267 [Listener at 127.0.0.1/45823] INFO  server.RaftServer (ConfUtils.java:logGet(46)) - raft.rpc.type = GRPC (default)
2022-07-27 23:17:37,267 [Listener at 127.0.0.1/45823] INFO  grpc.GrpcFactory (GrpcFactory.java:checkPooledByteBufAllocatorUseCacheForAllThreads(48)) - PERFORMANCE WARNING: useCacheForAllThreads is true that may cause Netty to create a lot garbage objects and, as a result, trigger GC.
	It is recommended to disable useCacheForAllThreads by setting -Dorg.apache.ratis.thirdparty.io.netty.allocator.useCacheForAllThreads=false in command line.
2022-07-27 23:17:37,267 [Listener at 127.0.0.1/45823] INFO  grpc.GrpcConfigKeys (ConfUtils.java:logGet(46)) - raft.grpc.admin.port = 0 (custom)
2022-07-27 23:17:37,267 [Listener at 127.0.0.1/45823] INFO  grpc.GrpcConfigKeys (ConfUtils.java:logGet(46)) - raft.grpc.client.port = 0 (custom)
2022-07-27 23:17:37,267 [Listener at 127.0.0.1/45823] INFO  grpc.GrpcConfigKeys (ConfUtils.java:logGet(46)) - raft.grpc.server.port = 0 (default)
2022-07-27 23:17:37,267 [Listener at 127.0.0.1/45823] INFO  server.GrpcService (ConfUtils.java:logGet(46)) - raft.grpc.message.size.max = 32MB (=33554432) (custom)
2022-07-27 23:17:37,267 [Listener at 127.0.0.1/45823] INFO  server.RaftServerConfigKeys (ConfUtils.java:logGet(46)) - raft.server.log.appender.buffer.byte-limit = 33554432 (custom)
2022-07-27 23:17:37,267 [Listener at 127.0.0.1/45823] INFO  server.GrpcService (ConfUtils.java:logGet(46)) - raft.grpc.flow.control.window = 5MB (=5242880) (custom)
2022-07-27 23:17:37,268 [Listener at 127.0.0.1/45823] INFO  server.RaftServerConfigKeys (ConfUtils.java:logGet(46)) - raft.server.rpc.request.timeout = 60s (custom)
2022-07-27 23:17:37,268 [Listener at 127.0.0.1/45823] INFO  grpc.GrpcConfigKeys (ConfUtils.java:logGet(46)) - raft.grpc.server.async.request.thread.pool.cached = true (default)
2022-07-27 23:17:37,268 [Listener at 127.0.0.1/45823] INFO  grpc.GrpcConfigKeys (ConfUtils.java:logGet(46)) - raft.grpc.server.async.request.thread.pool.size = 32 (default)
2022-07-27 23:17:37,268 [Listener at 127.0.0.1/45823] INFO  impl.DataStreamServerImpl (ConfUtils.java:logGet(46)) - raft.datastream.type = DISABLED (default)
2022-07-27 23:17:37,269 [Listener at 127.0.0.1/45823] INFO  server.RaftServerConfigKeys (ConfUtils.java:logGet(46)) - raft.server.threadpool.proxy.cached = true (default)
2022-07-27 23:17:37,269 [Listener at 127.0.0.1/45823] INFO  server.RaftServerConfigKeys (ConfUtils.java:logGet(46)) - raft.server.threadpool.proxy.size = 0 (default)
2022-07-27 23:17:37,269 [Listener at 127.0.0.1/45823] INFO  server.RaftServerConfigKeys (ConfUtils.java:logGet(46)) - raft.server.rpc.slowness.timeout = 300s (custom)
2022-07-27 23:17:37,269 [Listener at 127.0.0.1/45823] INFO  server.RaftServerConfigKeys (ConfUtils.java:logGet(46)) - raft.server.leaderelection.leader.step-down.wait-time = 10s (default)
2022-07-27 23:17:37,269 [Listener at 127.0.0.1/45823] INFO  server.RaftServerConfigKeys (ConfUtils.java:logGet(46)) - raft.server.storage.dir = [/home/runner/work/ozone/ozone/hadoop-ozone/integration-test/target/test-dir/MiniOzoneClusterImpl-b291e8c9-c3a0-4e1a-9e8e-aed05fc6be83/datanode-3/data/ratis] (custom)
2022-07-27 23:17:37,270 [Listener at 127.0.0.1/45823] INFO  server.XceiverServerGrpc (XceiverServerGrpc.java:<init>(132)) - GrpcServer channel type EpollServerSocketChannel
2022-07-27 23:17:37,272 [Listener at 127.0.0.1/45823] INFO  http.BaseHttpServer (BaseHttpServer.java:newHttpServer2BuilderForOzone(209)) - Starting Web-server for hddsDatanode at: http://0.0.0.0:0
2022-07-27 23:17:37,272 [Listener at 127.0.0.1/45823] INFO  http.BaseHttpServer (BaseHttpServer.java:<init>(107)) - Hadoop Security Enabled: false Ozone Security Enabled: false Ozone HTTP Security Enabled: false 
2022-07-27 23:17:37,273 [Listener at 127.0.0.1/45823] INFO  server.AuthenticationFilter (AuthenticationFilter.java:constructSecretProvider(240)) - Unable to initialize FileSignerSecretProvider, falling back to use random secrets.
2022-07-27 23:17:37,278 [Listener at 127.0.0.1/45823] WARN  http.HttpRequestLog (HttpRequestLog.java:getRequestLog(103)) - Jetty request log can only be enabled using Log4j
2022-07-27 23:17:37,279 [Listener at 127.0.0.1/45823] INFO  http.HttpServer2 (HttpServer2.java:addGlobalFilter(1029)) - Added global filter 'safety' (class=org.apache.hadoop.hdds.server.http.HttpServer2$QuotingInputFilter)
2022-07-27 23:17:37,279 [Listener at 127.0.0.1/45823] INFO  http.HttpServer2 (HttpServer2.java:addFilter(1005)) - Added filter static_user_filter (class=org.apache.hadoop.http.lib.StaticUserWebFilter$StaticUserFilter) to context hddsDatanode
2022-07-27 23:17:37,279 [Listener at 127.0.0.1/45823] INFO  http.HttpServer2 (HttpServer2.java:addFilter(1013)) - Added filter static_user_filter (class=org.apache.hadoop.http.lib.StaticUserWebFilter$StaticUserFilter) to context static
2022-07-27 23:17:37,279 [Listener at 127.0.0.1/45823] INFO  http.HttpServer2 (HttpServer2.java:addFilter(1013)) - Added filter static_user_filter (class=org.apache.hadoop.http.lib.StaticUserWebFilter$StaticUserFilter) to context logs
2022-07-27 23:17:37,280 [Listener at 127.0.0.1/45823] INFO  http.HttpServer2 (HttpServer2.java:bindListener(1248)) - Jetty bound to port 42301
2022-07-27 23:17:37,280 [Listener at 127.0.0.1/45823] INFO  server.Server (Server.java:doStart(375)) - jetty-9.4.43.v20210629; built: 2021-06-30T11:07:22.254Z; git: 526006ecfa3af7f1a27ef3a288e2bef7ea9dd7e8; jvm 1.8.0_332-b09
2022-07-27 23:17:37,354 [Listener at 127.0.0.1/45823] INFO  server.session (DefaultSessionIdManager.java:doStart(334)) - DefaultSessionIdManager workerName=node0
2022-07-27 23:17:37,354 [Listener at 127.0.0.1/45823] INFO  server.session (DefaultSessionIdManager.java:doStart(339)) - No SessionScavenger set, using defaults
2022-07-27 23:17:37,354 [Listener at 127.0.0.1/45823] INFO  server.session (HouseKeeper.java:startScavenging(132)) - node0 Scavenging every 660000ms
2022-07-27 23:17:37,355 [Listener at 127.0.0.1/45823] INFO  handler.ContextHandler (ContextHandler.java:doStart(915)) - Started o.e.j.s.ServletContextHandler@5cc5ec4a{logs,/logs,file:///home/runner/work/ozone/ozone/hadoop-ozone/integration-test/target/log,AVAILABLE}
2022-07-27 23:17:37,355 [Listener at 127.0.0.1/45823] INFO  handler.ContextHandler (ContextHandler.java:doStart(915)) - Started o.e.j.s.ServletContextHandler@5b8caf1b{static,/static,jar:file:/home/runner/.m2/repository/org/apache/ozone/hdds-container-service/1.3.0-SNAPSHOT/hdds-container-service-1.3.0-SNAPSHOT.jar!/webapps/static,AVAILABLE}
2022-07-27 23:17:37,689 [Listener at 127.0.0.1/45823] INFO  handler.ContextHandler (ContextHandler.java:doStart(915)) - Started o.e.j.w.WebAppContext@35c4686e{hddsDatanode,/,file:///tmp/jetty-0_0_0_0-42301-hdds-container-service-1_3_0-SNAPSHOT_jar-_-any-3739308597525975193/webapp/,AVAILABLE}{jar:file:/home/runner/.m2/repository/org/apache/ozone/hdds-container-service/1.3.0-SNAPSHOT/hdds-container-service-1.3.0-SNAPSHOT.jar!/webapps/hddsDatanode}
2022-07-27 23:17:37,695 [Listener at 127.0.0.1/45823] INFO  server.AbstractConnector (AbstractConnector.java:doStart(331)) - Started ServerConnector@781c0f55{HTTP/1.1, (http/1.1)}{0.0.0.0:42301}
2022-07-27 23:17:37,695 [Listener at 127.0.0.1/45823] INFO  server.Server (Server.java:doStart(415)) - Started @80087ms
2022-07-27 23:17:37,695 [Listener at 127.0.0.1/45823] WARN  impl.MetricsSystemImpl (MetricsSystemImpl.java:register(279)) - Sink prometheus already exists!
2022-07-27 23:17:37,697 [Listener at 127.0.0.1/45823] INFO  http.BaseHttpServer (BaseHttpServer.java:updateConnectorAddress(329)) - HTTP server of hddsDatanode listening at http://0.0.0.0:42301
2022-07-27 23:17:37,706 [Listener at 127.0.0.1/45823] INFO  impl.MetricsSystemImpl (MetricsSystemImpl.java:init(158)) - HddsDatanode metrics system started (again)
2022-07-27 23:17:37,710 [Datanode State Machine Daemon Thread] INFO  statemachine.DatanodeStateMachine (DatanodeStateMachine.java:lambda$startDaemon$0(492)) - Ozone container server started.
2022-07-27 23:17:37,726 [org.apache.hadoop.util.JvmPauseMonitor$Monitor@1e881865] INFO  util.JvmPauseMonitor (JvmPauseMonitor.java:run(188)) - Starting JVM pause monitor
2022-07-27 23:17:37,740 [Listener at 127.0.0.1/45823] INFO  ozone.HddsDatanodeService (HddsDatanodeService.java:start(236)) - HddsDatanodeService host:fv-az129-30.sikifmtxjocetiwdfcy5r2sqla.phxx.internal.cloudapp.net ip:10.1.0.23
2022-07-27 23:17:37,754 [Datanode State Machine Task Thread - 0] INFO  datanode.InitDatanodeState (InitDatanodeState.java:persistContainerDatanodeDetails(138)) - DatanodeDetails is persisted to /home/runner/work/ozone/ozone/hadoop-ozone/integration-test/target/test-dir/MiniOzoneClusterImpl-b291e8c9-c3a0-4e1a-9e8e-aed05fc6be83/datanode-3/meta/datanode.id
2022-07-27 23:17:37,770 [EndpointStateMachine task thread for /0.0.0.0:44625 - 0 ] INFO  volume.HddsVolume (HddsVolume.java:createDbStore(309)) - SchemaV3 db is created and loaded at /home/runner/work/ozone/ozone/hadoop-ozone/integration-test/target/test-dir/MiniOzoneClusterImpl-b291e8c9-c3a0-4e1a-9e8e-aed05fc6be83/datanode-0/data-0/containers/hdds/b291e8c9-c3a0-4e1a-9e8e-aed05fc6be83/DS-a98e0235-c5df-4a00-b7a6-06414d1e4027/container.db for volume DS-a98e0235-c5df-4a00-b7a6-06414d1e4027
2022-07-27 23:17:37,776 [EndpointStateMachine task thread for /0.0.0.0:44625 - 0 ] INFO  volume.HddsVolume (HddsVolume.java:closeDbStore(340)) - SchemaV3 db is stopped at /home/runner/work/ozone/ozone/hadoop-ozone/integration-test/target/test-dir/MiniOzoneClusterImpl-b291e8c9-c3a0-4e1a-9e8e-aed05fc6be83/datanode-0/data-0/containers/hdds/b291e8c9-c3a0-4e1a-9e8e-aed05fc6be83/DS-a98e0235-c5df-4a00-b7a6-06414d1e4027/container.db for volume DS-a98e0235-c5df-4a00-b7a6-06414d1e4027
2022-07-27 23:17:37,776 [EndpointStateMachine task thread for /0.0.0.0:44625 - 0 ] INFO  ozoneimpl.OzoneContainer (OzoneContainer.java:start(377)) - Attempting to start container services.
2022-07-27 23:17:37,776 [EndpointStateMachine task thread for /0.0.0.0:44625 - 0 ] INFO  ozoneimpl.OzoneContainer (OzoneContainer.java:startContainerScrub(312)) - Background container scanner has been disabled.
2022-07-27 23:17:37,791 [Listener at 127.0.0.1/45823] INFO  upgrade.AbstractLayoutVersionManager (AbstractLayoutVersionManager.java:init(83)) - Initializing Layout version manager with metadata layout = DATANODE_SCHEMA_V3 (version = 4), software layout = DATANODE_SCHEMA_V3 (version = 4)
2022-07-27 23:17:37,842 [EndpointStateMachine task thread for /0.0.0.0:44625 - 0 ] INFO  replication.ReplicationServer (ReplicationServer.java:start(111)) - ReplicationServer is started using port 37767
2022-07-27 23:17:37,848 [EndpointStateMachine task thread for /0.0.0.0:44625 - 0 ] INFO  ratis.XceiverServerRatis (XceiverServerRatis.java:start(481)) - Starting XceiverServerRatis 2c19a24b-4032-4d82-8983-88a3c220b1d4
2022-07-27 23:17:37,848 [EndpointStateMachine task thread for /0.0.0.0:44625 - 0 ] INFO  server.RaftServer (RaftServerProxy.java:lambda$start$6(382)) - 2c19a24b-4032-4d82-8983-88a3c220b1d4: start RPC server
2022-07-27 23:17:37,851 [EndpointStateMachine task thread for /0.0.0.0:44625 - 0 ] INFO  server.GrpcService (GrpcService.java:startImpl(260)) - 2c19a24b-4032-4d82-8983-88a3c220b1d4: GrpcService started, listening on 43989
2022-07-27 23:17:37,858 [EndpointStateMachine task thread for /0.0.0.0:44625 - 0 ] INFO  ratis.XceiverServerRatis (XceiverServerRatis.java:getRealPort(502)) - XceiverServerRatis 2c19a24b-4032-4d82-8983-88a3c220b1d4 is started using port 43989 for RATIS
2022-07-27 23:17:37,858 [EndpointStateMachine task thread for /0.0.0.0:44625 - 0 ] INFO  ratis.XceiverServerRatis (XceiverServerRatis.java:getRealPort(502)) - XceiverServerRatis 2c19a24b-4032-4d82-8983-88a3c220b1d4 is started using port 43989 for RATIS_ADMIN
2022-07-27 23:17:37,858 [org.apache.ratis.util.JvmPauseMonitor$$Lambda$616/285728533@73c85133] INFO  util.JvmPauseMonitor (JvmPauseMonitor.java:run(103)) - JvmPauseMonitor-2c19a24b-4032-4d82-8983-88a3c220b1d4: Started
2022-07-27 23:17:37,858 [EndpointStateMachine task thread for /0.0.0.0:44625 - 0 ] INFO  ratis.XceiverServerRatis (XceiverServerRatis.java:getRealPort(502)) - XceiverServerRatis 2c19a24b-4032-4d82-8983-88a3c220b1d4 is started using port 43989 for RATIS_SERVER
2022-07-27 23:17:37,898 [EndpointStateMachine task thread for /0.0.0.0:44625 - 0 ] INFO  server.XceiverServerGrpc (XceiverServerGrpc.java:start(180)) - XceiverServerGrpc 2c19a24b-4032-4d82-8983-88a3c220b1d4 is started using port 40205
2022-07-27 23:17:37,939 [Listener at 127.0.0.1/45823] INFO  reflections.Reflections (Reflections.java:scan(232)) - Reflections took 147 ms to scan 7 urls, producing 132 keys and 321 values 
2022-07-27 23:17:37,940 [Listener at 127.0.0.1/45823] INFO  statemachine.DatanodeStateMachine (DatanodeStateMachine.java:getEndPointTaskThreadPoolSize(237)) - Datanode State Machine Task Thread Pool size 2
2022-07-27 23:17:37,957 [Listener at 127.0.0.1/45823] INFO  volume.HddsVolume (HddsVolume.java:<init>(116)) - Creating HddsVolume: /home/runner/work/ozone/ozone/hadoop-ozone/integration-test/target/test-dir/MiniOzoneClusterImpl-b291e8c9-c3a0-4e1a-9e8e-aed05fc6be83/datanode-4/data-0/containers/hdds of storage type : DISK capacity : 9223372036854775807
2022-07-27 23:17:37,958 [Listener at 127.0.0.1/45823] INFO  volume.MutableVolumeSet (MutableVolumeSet.java:initializeVolumeSet(174)) - Added Volume : /home/runner/work/ozone/ozone/hadoop-ozone/integration-test/target/test-dir/MiniOzoneClusterImpl-b291e8c9-c3a0-4e1a-9e8e-aed05fc6be83/datanode-4/data-0/containers/hdds to VolumeSet
2022-07-27 23:17:37,958 [Listener at 127.0.0.1/45823] INFO  volume.ThrottledAsyncChecker (ThrottledAsyncChecker.java:schedule(141)) - Scheduling a check for /home/runner/work/ozone/ozone/hadoop-ozone/integration-test/target/test-dir/MiniOzoneClusterImpl-b291e8c9-c3a0-4e1a-9e8e-aed05fc6be83/datanode-4/data-0/containers/hdds
2022-07-27 23:17:37,976 [Listener at 127.0.0.1/45823] INFO  volume.StorageVolumeChecker (StorageVolumeChecker.java:checkAllVolumes(202)) - Scheduled health check for volume /home/runner/work/ozone/ozone/hadoop-ozone/integration-test/target/test-dir/MiniOzoneClusterImpl-b291e8c9-c3a0-4e1a-9e8e-aed05fc6be83/datanode-4/data-0/containers/hdds
2022-07-27 23:17:37,988 [Listener at 127.0.0.1/45823] INFO  volume.MutableVolumeSet (MutableVolumeSet.java:initializeVolumeSet(174)) - Added Volume : /home/runner/work/ozone/ozone/hadoop-ozone/integration-test/target/test-dir/MiniOzoneClusterImpl-b291e8c9-c3a0-4e1a-9e8e-aed05fc6be83/datanode-4/data/ratis to VolumeSet
2022-07-27 23:17:37,988 [Listener at 127.0.0.1/45823] INFO  volume.ThrottledAsyncChecker (ThrottledAsyncChecker.java:schedule(141)) - Scheduling a check for /home/runner/work/ozone/ozone/hadoop-ozone/integration-test/target/test-dir/MiniOzoneClusterImpl-b291e8c9-c3a0-4e1a-9e8e-aed05fc6be83/datanode-4/data/ratis
2022-07-27 23:17:37,989 [Listener at 127.0.0.1/45823] INFO  volume.StorageVolumeChecker (StorageVolumeChecker.java:checkAllVolumes(202)) - Scheduled health check for volume /home/runner/work/ozone/ozone/hadoop-ozone/integration-test/target/test-dir/MiniOzoneClusterImpl-b291e8c9-c3a0-4e1a-9e8e-aed05fc6be83/datanode-4/data/ratis
2022-07-27 23:17:38,014 [Thread-721] INFO  ozoneimpl.ContainerReader (ContainerReader.java:readVolume(175)) - Finish verifying containers on volume /home/runner/work/ozone/ozone/hadoop-ozone/integration-test/target/test-dir/MiniOzoneClusterImpl-b291e8c9-c3a0-4e1a-9e8e-aed05fc6be83/datanode-4/data-0/containers/hdds
2022-07-27 23:17:38,015 [Listener at 127.0.0.1/45823] INFO  ozoneimpl.OzoneContainer (OzoneContainer.java:buildContainerSet(299)) - Build ContainerSet costs 0s
2022-07-27 23:17:38,016 [Listener at 127.0.0.1/45823] INFO  server.RaftServer (ConfUtils.java:logGet(46)) - raft.rpc.type = GRPC (default)
2022-07-27 23:17:38,016 [Listener at 127.0.0.1/45823] INFO  grpc.GrpcFactory (GrpcFactory.java:checkPooledByteBufAllocatorUseCacheForAllThreads(48)) - PERFORMANCE WARNING: useCacheForAllThreads is true that may cause Netty to create a lot garbage objects and, as a result, trigger GC.
	It is recommended to disable useCacheForAllThreads by setting -Dorg.apache.ratis.thirdparty.io.netty.allocator.useCacheForAllThreads=false in command line.
2022-07-27 23:17:38,016 [Listener at 127.0.0.1/45823] INFO  grpc.GrpcConfigKeys (ConfUtils.java:logGet(46)) - raft.grpc.admin.port = 0 (custom)
2022-07-27 23:17:38,017 [Listener at 127.0.0.1/45823] INFO  grpc.GrpcConfigKeys (ConfUtils.java:logGet(46)) - raft.grpc.client.port = 0 (custom)
2022-07-27 23:17:38,017 [Listener at 127.0.0.1/45823] INFO  grpc.GrpcConfigKeys (ConfUtils.java:logGet(46)) - raft.grpc.server.port = 0 (default)
2022-07-27 23:17:38,017 [Listener at 127.0.0.1/45823] INFO  server.GrpcService (ConfUtils.java:logGet(46)) - raft.grpc.message.size.max = 32MB (=33554432) (custom)
2022-07-27 23:17:38,017 [Listener at 127.0.0.1/45823] INFO  server.RaftServerConfigKeys (ConfUtils.java:logGet(46)) - raft.server.log.appender.buffer.byte-limit = 33554432 (custom)
2022-07-27 23:17:38,017 [Listener at 127.0.0.1/45823] INFO  server.GrpcService (ConfUtils.java:logGet(46)) - raft.grpc.flow.control.window = 5MB (=5242880) (custom)
2022-07-27 23:17:38,017 [Listener at 127.0.0.1/45823] INFO  server.RaftServerConfigKeys (ConfUtils.java:logGet(46)) - raft.server.rpc.request.timeout = 60s (custom)
2022-07-27 23:17:38,017 [Listener at 127.0.0.1/45823] INFO  grpc.GrpcConfigKeys (ConfUtils.java:logGet(46)) - raft.grpc.server.async.request.thread.pool.cached = true (default)
2022-07-27 23:17:38,017 [Listener at 127.0.0.1/45823] INFO  grpc.GrpcConfigKeys (ConfUtils.java:logGet(46)) - raft.grpc.server.async.request.thread.pool.size = 32 (default)
2022-07-27 23:17:38,027 [Listener at 127.0.0.1/45823] INFO  impl.DataStreamServerImpl (ConfUtils.java:logGet(46)) - raft.datastream.type = DISABLED (default)
2022-07-27 23:17:38,027 [Listener at 127.0.0.1/45823] INFO  server.RaftServerConfigKeys (ConfUtils.java:logGet(46)) - raft.server.threadpool.proxy.cached = true (default)
2022-07-27 23:17:38,027 [Listener at 127.0.0.1/45823] INFO  server.RaftServerConfigKeys (ConfUtils.java:logGet(46)) - raft.server.threadpool.proxy.size = 0 (default)
2022-07-27 23:17:38,027 [Listener at 127.0.0.1/45823] INFO  server.RaftServerConfigKeys (ConfUtils.java:logGet(46)) - raft.server.rpc.slowness.timeout = 300s (custom)
2022-07-27 23:17:38,028 [Listener at 127.0.0.1/45823] INFO  server.RaftServerConfigKeys (ConfUtils.java:logGet(46)) - raft.server.leaderelection.leader.step-down.wait-time = 10s (default)
2022-07-27 23:17:38,028 [Listener at 127.0.0.1/45823] INFO  server.RaftServerConfigKeys (ConfUtils.java:logGet(46)) - raft.server.storage.dir = [/home/runner/work/ozone/ozone/hadoop-ozone/integration-test/target/test-dir/MiniOzoneClusterImpl-b291e8c9-c3a0-4e1a-9e8e-aed05fc6be83/datanode-4/data/ratis] (custom)
2022-07-27 23:17:38,029 [Listener at 127.0.0.1/45823] INFO  server.XceiverServerGrpc (XceiverServerGrpc.java:<init>(132)) - GrpcServer channel type EpollServerSocketChannel
2022-07-27 23:17:38,031 [Listener at 127.0.0.1/45823] INFO  http.BaseHttpServer (BaseHttpServer.java:newHttpServer2BuilderForOzone(209)) - Starting Web-server for hddsDatanode at: http://0.0.0.0:0
2022-07-27 23:17:38,031 [Listener at 127.0.0.1/45823] INFO  http.BaseHttpServer (BaseHttpServer.java:<init>(107)) - Hadoop Security Enabled: false Ozone Security Enabled: false Ozone HTTP Security Enabled: false 
2022-07-27 23:17:38,032 [Listener at 127.0.0.1/45823] INFO  server.AuthenticationFilter (AuthenticationFilter.java:constructSecretProvider(240)) - Unable to initialize FileSignerSecretProvider, falling back to use random secrets.
2022-07-27 23:17:38,038 [Listener at 127.0.0.1/45823] WARN  http.HttpRequestLog (HttpRequestLog.java:getRequestLog(103)) - Jetty request log can only be enabled using Log4j
2022-07-27 23:17:38,039 [Listener at 127.0.0.1/45823] INFO  http.HttpServer2 (HttpServer2.java:addGlobalFilter(1029)) - Added global filter 'safety' (class=org.apache.hadoop.hdds.server.http.HttpServer2$QuotingInputFilter)
2022-07-27 23:17:38,039 [Listener at 127.0.0.1/45823] INFO  http.HttpServer2 (HttpServer2.java:addFilter(1005)) - Added filter static_user_filter (class=org.apache.hadoop.http.lib.StaticUserWebFilter$StaticUserFilter) to context hddsDatanode
2022-07-27 23:17:38,039 [Listener at 127.0.0.1/45823] INFO  http.HttpServer2 (HttpServer2.java:addFilter(1013)) - Added filter static_user_filter (class=org.apache.hadoop.http.lib.StaticUserWebFilter$StaticUserFilter) to context logs
2022-07-27 23:17:38,040 [Listener at 127.0.0.1/45823] INFO  http.HttpServer2 (HttpServer2.java:addFilter(1013)) - Added filter static_user_filter (class=org.apache.hadoop.http.lib.StaticUserWebFilter$StaticUserFilter) to context static
2022-07-27 23:17:38,040 [Listener at 127.0.0.1/45823] INFO  http.HttpServer2 (HttpServer2.java:bindListener(1248)) - Jetty bound to port 40373
2022-07-27 23:17:38,040 [Listener at 127.0.0.1/45823] INFO  server.Server (Server.java:doStart(375)) - jetty-9.4.43.v20210629; built: 2021-06-30T11:07:22.254Z; git: 526006ecfa3af7f1a27ef3a288e2bef7ea9dd7e8; jvm 1.8.0_332-b09
2022-07-27 23:17:38,041 [Listener at 127.0.0.1/45823] INFO  server.session (DefaultSessionIdManager.java:doStart(334)) - DefaultSessionIdManager workerName=node0
2022-07-27 23:17:38,041 [Listener at 127.0.0.1/45823] INFO  server.session (DefaultSessionIdManager.java:doStart(339)) - No SessionScavenger set, using defaults
2022-07-27 23:17:38,041 [Listener at 127.0.0.1/45823] INFO  server.session (HouseKeeper.java:startScavenging(132)) - node0 Scavenging every 600000ms
2022-07-27 23:17:38,042 [Listener at 127.0.0.1/45823] INFO  handler.ContextHandler (ContextHandler.java:doStart(915)) - Started o.e.j.s.ServletContextHandler@10d33962{logs,/logs,file:///home/runner/work/ozone/ozone/hadoop-ozone/integration-test/target/log,AVAILABLE}
2022-07-27 23:17:38,042 [Listener at 127.0.0.1/45823] INFO  handler.ContextHandler (ContextHandler.java:doStart(915)) - Started o.e.j.s.ServletContextHandler@5f920f01{static,/static,jar:file:/home/runner/.m2/repository/org/apache/ozone/hdds-container-service/1.3.0-SNAPSHOT/hdds-container-service-1.3.0-SNAPSHOT.jar!/webapps/static,AVAILABLE}
2022-07-27 23:17:38,429 [EndpointStateMachine task thread for /0.0.0.0:44625 - 0 ] INFO  volume.HddsVolume (HddsVolume.java:createDbStore(309)) - SchemaV3 db is created and loaded at /home/runner/work/ozone/ozone/hadoop-ozone/integration-test/target/test-dir/MiniOzoneClusterImpl-b291e8c9-c3a0-4e1a-9e8e-aed05fc6be83/datanode-1/data-0/containers/hdds/b291e8c9-c3a0-4e1a-9e8e-aed05fc6be83/DS-7a41b728-534b-4929-91eb-a38e528e7f26/container.db for volume DS-7a41b728-534b-4929-91eb-a38e528e7f26
2022-07-27 23:17:38,454 [EndpointStateMachine task thread for /0.0.0.0:44625 - 0 ] INFO  volume.HddsVolume (HddsVolume.java:closeDbStore(340)) - SchemaV3 db is stopped at /home/runner/work/ozone/ozone/hadoop-ozone/integration-test/target/test-dir/MiniOzoneClusterImpl-b291e8c9-c3a0-4e1a-9e8e-aed05fc6be83/datanode-1/data-0/containers/hdds/b291e8c9-c3a0-4e1a-9e8e-aed05fc6be83/DS-7a41b728-534b-4929-91eb-a38e528e7f26/container.db for volume DS-7a41b728-534b-4929-91eb-a38e528e7f26
2022-07-27 23:17:38,454 [EndpointStateMachine task thread for /0.0.0.0:44625 - 0 ] INFO  ozoneimpl.OzoneContainer (OzoneContainer.java:start(377)) - Attempting to start container services.
2022-07-27 23:17:38,454 [EndpointStateMachine task thread for /0.0.0.0:44625 - 0 ] INFO  ozoneimpl.OzoneContainer (OzoneContainer.java:startContainerScrub(312)) - Background container scanner has been disabled.
2022-07-27 23:17:38,514 [EndpointStateMachine task thread for /0.0.0.0:44625 - 0 ] INFO  replication.ReplicationServer (ReplicationServer.java:start(111)) - ReplicationServer is started using port 45819
2022-07-27 23:17:38,530 [EndpointStateMachine task thread for /0.0.0.0:44625 - 0 ] INFO  ratis.XceiverServerRatis (XceiverServerRatis.java:start(481)) - Starting XceiverServerRatis f22def52-3ff3-45a1-9b56-9fd420a51670
2022-07-27 23:17:38,562 [EndpointStateMachine task thread for /0.0.0.0:44625 - 0 ] INFO  server.RaftServer (RaftServerProxy.java:lambda$start$6(382)) - f22def52-3ff3-45a1-9b56-9fd420a51670: start RPC server
2022-07-27 23:17:38,563 [EndpointStateMachine task thread for /0.0.0.0:44625 - 0 ] INFO  server.GrpcService (GrpcService.java:startImpl(260)) - f22def52-3ff3-45a1-9b56-9fd420a51670: GrpcService started, listening on 37919
2022-07-27 23:17:38,564 [EndpointStateMachine task thread for /0.0.0.0:44625 - 0 ] INFO  ratis.XceiverServerRatis (XceiverServerRatis.java:getRealPort(502)) - XceiverServerRatis f22def52-3ff3-45a1-9b56-9fd420a51670 is started using port 37919 for RATIS
2022-07-27 23:17:38,564 [EndpointStateMachine task thread for /0.0.0.0:44625 - 0 ] INFO  ratis.XceiverServerRatis (XceiverServerRatis.java:getRealPort(502)) - XceiverServerRatis f22def52-3ff3-45a1-9b56-9fd420a51670 is started using port 37919 for RATIS_ADMIN
2022-07-27 23:17:38,564 [EndpointStateMachine task thread for /0.0.0.0:44625 - 0 ] INFO  ratis.XceiverServerRatis (XceiverServerRatis.java:getRealPort(502)) - XceiverServerRatis f22def52-3ff3-45a1-9b56-9fd420a51670 is started using port 37919 for RATIS_SERVER
2022-07-27 23:17:38,564 [org.apache.ratis.util.JvmPauseMonitor$$Lambda$616/285728533@3814078a] INFO  util.JvmPauseMonitor (JvmPauseMonitor.java:run(103)) - JvmPauseMonitor-f22def52-3ff3-45a1-9b56-9fd420a51670: Started
2022-07-27 23:17:38,590 [EndpointStateMachine task thread for /0.0.0.0:44625 - 0 ] INFO  server.XceiverServerGrpc (XceiverServerGrpc.java:start(180)) - XceiverServerGrpc f22def52-3ff3-45a1-9b56-9fd420a51670 is started using port 38495
2022-07-27 23:17:38,597 [Listener at 127.0.0.1/45823] INFO  handler.ContextHandler (ContextHandler.java:doStart(915)) - Started o.e.j.w.WebAppContext@36447e1d{hddsDatanode,/,file:///tmp/jetty-0_0_0_0-40373-hdds-container-service-1_3_0-SNAPSHOT_jar-_-any-179733209607600117/webapp/,AVAILABLE}{jar:file:/home/runner/.m2/repository/org/apache/ozone/hdds-container-service/1.3.0-SNAPSHOT/hdds-container-service-1.3.0-SNAPSHOT.jar!/webapps/hddsDatanode}
2022-07-27 23:17:38,621 [Listener at 127.0.0.1/45823] INFO  server.AbstractConnector (AbstractConnector.java:doStart(331)) - Started ServerConnector@54775f4{HTTP/1.1, (http/1.1)}{0.0.0.0:40373}
2022-07-27 23:17:38,621 [Listener at 127.0.0.1/45823] INFO  server.Server (Server.java:doStart(415)) - Started @81012ms
2022-07-27 23:17:38,621 [Listener at 127.0.0.1/45823] WARN  impl.MetricsSystemImpl (MetricsSystemImpl.java:register(279)) - Sink prometheus already exists!
2022-07-27 23:17:38,621 [Listener at 127.0.0.1/45823] INFO  http.BaseHttpServer (BaseHttpServer.java:updateConnectorAddress(329)) - HTTP server of hddsDatanode listening at http://0.0.0.0:40373
2022-07-27 23:17:38,629 [Listener at 127.0.0.1/45823] INFO  ozone.MiniOzoneClusterImpl (MiniOzoneClusterImpl.java:lambda$waitForClusterToBeReady$0(216)) - Waiting for nodes to be ready. Got 0 of 5 DN Heartbeats.
2022-07-27 23:17:38,629 [Listener at 127.0.0.1/45823] INFO  ozone.MiniOzoneClusterImpl (MiniOzoneClusterImpl.java:lambda$waitForClusterToBeReady$0(219)) - Waiting for cluster to exit safe mode
2022-07-27 23:17:38,629 [Listener at 127.0.0.1/45823] INFO  ozone.MiniOzoneClusterImpl (MiniOzoneClusterImpl.java:lambda$waitForClusterToBeReady$0(221)) - SCM became leader
2022-07-27 23:17:38,629 [Datanode State Machine Daemon Thread] INFO  statemachine.DatanodeStateMachine (DatanodeStateMachine.java:lambda$startDaemon$0(492)) - Ozone container server started.
2022-07-27 23:17:38,658 [org.apache.hadoop.util.JvmPauseMonitor$Monitor@3710a08f] INFO  util.JvmPauseMonitor (JvmPauseMonitor.java:run(188)) - Starting JVM pause monitor
2022-07-27 23:17:38,659 [Datanode State Machine Task Thread - 0] INFO  datanode.InitDatanodeState (InitDatanodeState.java:persistContainerDatanodeDetails(138)) - DatanodeDetails is persisted to /home/runner/work/ozone/ozone/hadoop-ozone/integration-test/target/test-dir/MiniOzoneClusterImpl-b291e8c9-c3a0-4e1a-9e8e-aed05fc6be83/datanode-4/meta/datanode.id
2022-07-27 23:17:39,146 [EndpointStateMachine task thread for /0.0.0.0:44625 - 0 ] INFO  volume.HddsVolume (HddsVolume.java:createDbStore(309)) - SchemaV3 db is created and loaded at /home/runner/work/ozone/ozone/hadoop-ozone/integration-test/target/test-dir/MiniOzoneClusterImpl-b291e8c9-c3a0-4e1a-9e8e-aed05fc6be83/datanode-2/data-0/containers/hdds/b291e8c9-c3a0-4e1a-9e8e-aed05fc6be83/DS-5e509888-7e72-468c-90d0-3b33b10e243e/container.db for volume DS-5e509888-7e72-468c-90d0-3b33b10e243e
2022-07-27 23:17:39,147 [EndpointStateMachine task thread for /0.0.0.0:44625 - 0 ] INFO  volume.HddsVolume (HddsVolume.java:closeDbStore(340)) - SchemaV3 db is stopped at /home/runner/work/ozone/ozone/hadoop-ozone/integration-test/target/test-dir/MiniOzoneClusterImpl-b291e8c9-c3a0-4e1a-9e8e-aed05fc6be83/datanode-2/data-0/containers/hdds/b291e8c9-c3a0-4e1a-9e8e-aed05fc6be83/DS-5e509888-7e72-468c-90d0-3b33b10e243e/container.db for volume DS-5e509888-7e72-468c-90d0-3b33b10e243e
2022-07-27 23:17:39,147 [EndpointStateMachine task thread for /0.0.0.0:44625 - 0 ] INFO  ozoneimpl.OzoneContainer (OzoneContainer.java:start(377)) - Attempting to start container services.
2022-07-27 23:17:39,147 [EndpointStateMachine task thread for /0.0.0.0:44625 - 0 ] INFO  ozoneimpl.OzoneContainer (OzoneContainer.java:startContainerScrub(312)) - Background container scanner has been disabled.
2022-07-27 23:17:39,158 [EndpointStateMachine task thread for /0.0.0.0:44625 - 0 ] INFO  replication.ReplicationServer (ReplicationServer.java:start(111)) - ReplicationServer is started using port 44923
2022-07-27 23:17:39,159 [EndpointStateMachine task thread for /0.0.0.0:44625 - 0 ] INFO  ratis.XceiverServerRatis (XceiverServerRatis.java:start(481)) - Starting XceiverServerRatis 0e2a075e-53a8-462d-8f4f-c98e11d6e8a9
2022-07-27 23:17:39,161 [EndpointStateMachine task thread for /0.0.0.0:44625 - 0 ] INFO  server.RaftServer (RaftServerProxy.java:lambda$start$6(382)) - 0e2a075e-53a8-462d-8f4f-c98e11d6e8a9: start RPC server
2022-07-27 23:17:39,172 [EndpointStateMachine task thread for /0.0.0.0:44625 - 0 ] INFO  server.GrpcService (GrpcService.java:startImpl(260)) - 0e2a075e-53a8-462d-8f4f-c98e11d6e8a9: GrpcService started, listening on 38473
2022-07-27 23:17:39,172 [EndpointStateMachine task thread for /0.0.0.0:44625 - 0 ] INFO  ratis.XceiverServerRatis (XceiverServerRatis.java:getRealPort(502)) - XceiverServerRatis 0e2a075e-53a8-462d-8f4f-c98e11d6e8a9 is started using port 38473 for RATIS
2022-07-27 23:17:39,172 [EndpointStateMachine task thread for /0.0.0.0:44625 - 0 ] INFO  ratis.XceiverServerRatis (XceiverServerRatis.java:getRealPort(502)) - XceiverServerRatis 0e2a075e-53a8-462d-8f4f-c98e11d6e8a9 is started using port 38473 for RATIS_ADMIN
2022-07-27 23:17:39,172 [EndpointStateMachine task thread for /0.0.0.0:44625 - 0 ] INFO  ratis.XceiverServerRatis (XceiverServerRatis.java:getRealPort(502)) - XceiverServerRatis 0e2a075e-53a8-462d-8f4f-c98e11d6e8a9 is started using port 38473 for RATIS_SERVER
2022-07-27 23:17:39,172 [org.apache.ratis.util.JvmPauseMonitor$$Lambda$616/285728533@2ae66514] INFO  util.JvmPauseMonitor (JvmPauseMonitor.java:run(103)) - JvmPauseMonitor-0e2a075e-53a8-462d-8f4f-c98e11d6e8a9: Started
2022-07-27 23:17:39,195 [EndpointStateMachine task thread for /0.0.0.0:44625 - 0 ] INFO  server.XceiverServerGrpc (XceiverServerGrpc.java:start(180)) - XceiverServerGrpc 0e2a075e-53a8-462d-8f4f-c98e11d6e8a9 is started using port 43861
2022-07-27 23:17:39,629 [Listener at 127.0.0.1/45823] INFO  ozone.MiniOzoneClusterImpl (MiniOzoneClusterImpl.java:lambda$waitForClusterToBeReady$0(216)) - Waiting for nodes to be ready. Got 0 of 5 DN Heartbeats.
2022-07-27 23:17:39,629 [Listener at 127.0.0.1/45823] INFO  ozone.MiniOzoneClusterImpl (MiniOzoneClusterImpl.java:lambda$waitForClusterToBeReady$0(219)) - Waiting for cluster to exit safe mode
2022-07-27 23:17:39,630 [Listener at 127.0.0.1/45823] INFO  ozone.MiniOzoneClusterImpl (MiniOzoneClusterImpl.java:lambda$waitForClusterToBeReady$0(221)) - SCM became leader
2022-07-27 23:17:39,660 [IPC Server handler 1 on default port 44625] INFO  net.NetworkTopologyImpl (NetworkTopologyImpl.java:add(112)) - Added a new node: /default-rack/2c19a24b-4032-4d82-8983-88a3c220b1d4
2022-07-27 23:17:39,660 [IPC Server handler 1 on default port 44625] INFO  node.SCMNodeManager (SCMNodeManager.java:register(397)) - Registered Data node : 2c19a24b-4032-4d82-8983-88a3c220b1d4{ip: 10.1.0.23, host: fv-az129-30.sikifmtxjocetiwdfcy5r2sqla.phxx.internal.cloudapp.net, ports: [REPLICATION=37767, RATIS=43989, RATIS_ADMIN=43989, RATIS_SERVER=43989, STANDALONE=40205], networkLocation: /default-rack, certSerialId: null, persistedOpState: null, persistedOpStateExpiryEpochSec: 0}
2022-07-27 23:17:39,662 [EventQueue-NodeRegistrationContainerReportForDataNodeSafeModeRule] INFO  safemode.SCMSafeModeManager (DataNodeSafeModeRule.java:process(71)) - SCM in safe mode. 1 DataNodes registered, 3 required.
2022-07-27 23:17:39,662 [EventQueue-NodeRegistrationContainerReportForContainerSafeModeRule] INFO  safemode.SCMSafeModeManager (SCMSafeModeManager.java:validateSafeModeExitRules(204)) - ContainerSafeModeRule rule is successfully validated
2022-07-27 23:17:39,674 [EventQueue-NewNodeForNewNodeHandler] INFO  pipeline.BackgroundPipelineCreator (BackgroundPipelineCreator.java:notifyEventTriggered(276)) - trigger a one-shot run on RatisPipelineUtilsThread.
2022-07-27 23:17:39,675 [RatisPipelineUtilsThread - 0] INFO  pipeline.RatisPipelineProvider (RatisPipelineProvider.java:lambda$create$0(195)) - Sending CreatePipelineCommand for pipeline:PipelineID=df8238a1-e42c-436c-b319-7d64e600e32c to datanode:2c19a24b-4032-4d82-8983-88a3c220b1d4
2022-07-27 23:17:39,674 [EventQueue-PipelineReportForOneReplicaPipelineSafeModeRule] INFO  safemode.SCMSafeModeManager (SCMSafeModeManager.java:validateSafeModeExitRules(204)) - AtleastOneDatanodeReportedRule rule is successfully validated
2022-07-27 23:17:39,675 [RatisPipelineUtilsThread - 0] INFO  pipeline.PipelineStateManagerImpl (PipelineStateManagerImpl.java:addPipeline(103)) - Created pipeline Pipeline[ Id: df8238a1-e42c-436c-b319-7d64e600e32c, Nodes: 2c19a24b-4032-4d82-8983-88a3c220b1d4{ip: 10.1.0.23, host: fv-az129-30.sikifmtxjocetiwdfcy5r2sqla.phxx.internal.cloudapp.net, ports: [REPLICATION=37767, RATIS=43989, RATIS_ADMIN=43989, RATIS_SERVER=43989, STANDALONE=40205], networkLocation: /default-rack, certSerialId: null, persistedOpState: IN_SERVICE, persistedOpStateExpiryEpochSec: 0}, ReplicationConfig: RATIS/ONE, State:ALLOCATED, leaderId:, CreationTimestamp2022-07-27T23:17:39.675Z[Etc/UTC]].
2022-07-27 23:17:39,785 [EndpointStateMachine task thread for /0.0.0.0:44625 - 0 ] INFO  volume.HddsVolume (HddsVolume.java:createDbStore(309)) - SchemaV3 db is created and loaded at /home/runner/work/ozone/ozone/hadoop-ozone/integration-test/target/test-dir/MiniOzoneClusterImpl-b291e8c9-c3a0-4e1a-9e8e-aed05fc6be83/datanode-3/data-0/containers/hdds/b291e8c9-c3a0-4e1a-9e8e-aed05fc6be83/DS-98c0973f-3bb9-41dd-844a-06dc2ba1d025/container.db for volume DS-98c0973f-3bb9-41dd-844a-06dc2ba1d025
2022-07-27 23:17:39,785 [EndpointStateMachine task thread for /0.0.0.0:44625 - 0 ] INFO  volume.HddsVolume (HddsVolume.java:closeDbStore(340)) - SchemaV3 db is stopped at /home/runner/work/ozone/ozone/hadoop-ozone/integration-test/target/test-dir/MiniOzoneClusterImpl-b291e8c9-c3a0-4e1a-9e8e-aed05fc6be83/datanode-3/data-0/containers/hdds/b291e8c9-c3a0-4e1a-9e8e-aed05fc6be83/DS-98c0973f-3bb9-41dd-844a-06dc2ba1d025/container.db for volume DS-98c0973f-3bb9-41dd-844a-06dc2ba1d025
2022-07-27 23:17:39,786 [EndpointStateMachine task thread for /0.0.0.0:44625 - 0 ] INFO  ozoneimpl.OzoneContainer (OzoneContainer.java:start(377)) - Attempting to start container services.
2022-07-27 23:17:39,786 [EndpointStateMachine task thread for /0.0.0.0:44625 - 0 ] INFO  ozoneimpl.OzoneContainer (OzoneContainer.java:startContainerScrub(312)) - Background container scanner has been disabled.
2022-07-27 23:17:39,788 [EndpointStateMachine task thread for /0.0.0.0:44625 - 0 ] INFO  replication.ReplicationServer (ReplicationServer.java:start(111)) - ReplicationServer is started using port 39001
2022-07-27 23:17:39,789 [EndpointStateMachine task thread for /0.0.0.0:44625 - 0 ] INFO  ratis.XceiverServerRatis (XceiverServerRatis.java:start(481)) - Starting XceiverServerRatis e23c561c-75fb-4f96-9524-9cc753fb152e
2022-07-27 23:17:39,790 [EndpointStateMachine task thread for /0.0.0.0:44625 - 0 ] INFO  server.RaftServer (RaftServerProxy.java:lambda$start$6(382)) - e23c561c-75fb-4f96-9524-9cc753fb152e: start RPC server
2022-07-27 23:17:39,795 [EndpointStateMachine task thread for /0.0.0.0:44625 - 0 ] INFO  server.GrpcService (GrpcService.java:startImpl(260)) - e23c561c-75fb-4f96-9524-9cc753fb152e: GrpcService started, listening on 39095
2022-07-27 23:17:39,795 [EndpointStateMachine task thread for /0.0.0.0:44625 - 0 ] INFO  ratis.XceiverServerRatis (XceiverServerRatis.java:getRealPort(502)) - XceiverServerRatis e23c561c-75fb-4f96-9524-9cc753fb152e is started using port 39095 for RATIS
2022-07-27 23:17:39,795 [EndpointStateMachine task thread for /0.0.0.0:44625 - 0 ] INFO  ratis.XceiverServerRatis (XceiverServerRatis.java:getRealPort(502)) - XceiverServerRatis e23c561c-75fb-4f96-9524-9cc753fb152e is started using port 39095 for RATIS_ADMIN
2022-07-27 23:17:39,795 [EndpointStateMachine task thread for /0.0.0.0:44625 - 0 ] INFO  ratis.XceiverServerRatis (XceiverServerRatis.java:getRealPort(502)) - XceiverServerRatis e23c561c-75fb-4f96-9524-9cc753fb152e is started using port 39095 for RATIS_SERVER
2022-07-27 23:17:39,798 [org.apache.ratis.util.JvmPauseMonitor$$Lambda$616/285728533@48bcd42d] INFO  util.JvmPauseMonitor (JvmPauseMonitor.java:run(103)) - JvmPauseMonitor-e23c561c-75fb-4f96-9524-9cc753fb152e: Started
2022-07-27 23:17:39,823 [EndpointStateMachine task thread for /0.0.0.0:44625 - 0 ] INFO  server.XceiverServerGrpc (XceiverServerGrpc.java:start(180)) - XceiverServerGrpc e23c561c-75fb-4f96-9524-9cc753fb152e is started using port 33701
2022-07-27 23:17:40,343 [IPC Server handler 1 on default port 44625] INFO  net.NetworkTopologyImpl (NetworkTopologyImpl.java:add(112)) - Added a new node: /default-rack/f22def52-3ff3-45a1-9b56-9fd420a51670
2022-07-27 23:17:40,343 [IPC Server handler 1 on default port 44625] INFO  node.SCMNodeManager (SCMNodeManager.java:register(397)) - Registered Data node : f22def52-3ff3-45a1-9b56-9fd420a51670{ip: 10.1.0.23, host: fv-az129-30.sikifmtxjocetiwdfcy5r2sqla.phxx.internal.cloudapp.net, ports: [REPLICATION=45819, RATIS=37919, RATIS_ADMIN=37919, RATIS_SERVER=37919, STANDALONE=38495], networkLocation: /default-rack, certSerialId: null, persistedOpState: null, persistedOpStateExpiryEpochSec: 0}
2022-07-27 23:17:40,343 [EventQueue-NewNodeForNewNodeHandler] INFO  pipeline.BackgroundPipelineCreator (BackgroundPipelineCreator.java:notifyEventTriggered(276)) - trigger a one-shot run on RatisPipelineUtilsThread.
2022-07-27 23:17:40,350 [EventQueue-NodeRegistrationContainerReportForDataNodeSafeModeRule] INFO  safemode.SCMSafeModeManager (DataNodeSafeModeRule.java:process(71)) - SCM in safe mode. 2 DataNodes registered, 3 required.
2022-07-27 23:17:40,350 [RatisPipelineUtilsThread - 0] INFO  pipeline.RatisPipelineProvider (RatisPipelineProvider.java:lambda$create$0(195)) - Sending CreatePipelineCommand for pipeline:PipelineID=2c8d9c03-c7d3-45b3-9f19-3bcab689c1a0 to datanode:f22def52-3ff3-45a1-9b56-9fd420a51670
2022-07-27 23:17:40,351 [RatisPipelineUtilsThread - 0] INFO  pipeline.PipelineStateManagerImpl (PipelineStateManagerImpl.java:addPipeline(103)) - Created pipeline Pipeline[ Id: 2c8d9c03-c7d3-45b3-9f19-3bcab689c1a0, Nodes: f22def52-3ff3-45a1-9b56-9fd420a51670{ip: 10.1.0.23, host: fv-az129-30.sikifmtxjocetiwdfcy5r2sqla.phxx.internal.cloudapp.net, ports: [REPLICATION=45819, RATIS=37919, RATIS_ADMIN=37919, RATIS_SERVER=37919, STANDALONE=38495], networkLocation: /default-rack, certSerialId: null, persistedOpState: IN_SERVICE, persistedOpStateExpiryEpochSec: 0}, ReplicationConfig: RATIS/ONE, State:ALLOCATED, leaderId:, CreationTimestamp2022-07-27T23:17:40.350Z[Etc/UTC]].
2022-07-27 23:17:40,630 [Listener at 127.0.0.1/45823] INFO  ozone.MiniOzoneClusterImpl (MiniOzoneClusterImpl.java:lambda$waitForClusterToBeReady$0(216)) - Waiting for nodes to be ready. Got 2 of 5 DN Heartbeats.
2022-07-27 23:17:40,630 [Listener at 127.0.0.1/45823] INFO  ozone.MiniOzoneClusterImpl (MiniOzoneClusterImpl.java:lambda$waitForClusterToBeReady$0(219)) - Waiting for cluster to exit safe mode
2022-07-27 23:17:40,630 [Listener at 127.0.0.1/45823] INFO  ozone.MiniOzoneClusterImpl (MiniOzoneClusterImpl.java:lambda$waitForClusterToBeReady$0(221)) - SCM became leader
2022-07-27 23:17:40,717 [EndpointStateMachine task thread for /0.0.0.0:44625 - 0 ] INFO  volume.HddsVolume (HddsVolume.java:createDbStore(309)) - SchemaV3 db is created and loaded at /home/runner/work/ozone/ozone/hadoop-ozone/integration-test/target/test-dir/MiniOzoneClusterImpl-b291e8c9-c3a0-4e1a-9e8e-aed05fc6be83/datanode-4/data-0/containers/hdds/b291e8c9-c3a0-4e1a-9e8e-aed05fc6be83/DS-a0c02064-d92d-4247-81b5-88c6bb52e4d8/container.db for volume DS-a0c02064-d92d-4247-81b5-88c6bb52e4d8
2022-07-27 23:17:40,717 [EndpointStateMachine task thread for /0.0.0.0:44625 - 0 ] INFO  volume.HddsVolume (HddsVolume.java:closeDbStore(340)) - SchemaV3 db is stopped at /home/runner/work/ozone/ozone/hadoop-ozone/integration-test/target/test-dir/MiniOzoneClusterImpl-b291e8c9-c3a0-4e1a-9e8e-aed05fc6be83/datanode-4/data-0/containers/hdds/b291e8c9-c3a0-4e1a-9e8e-aed05fc6be83/DS-a0c02064-d92d-4247-81b5-88c6bb52e4d8/container.db for volume DS-a0c02064-d92d-4247-81b5-88c6bb52e4d8
2022-07-27 23:17:40,718 [EndpointStateMachine task thread for /0.0.0.0:44625 - 0 ] INFO  ozoneimpl.OzoneContainer (OzoneContainer.java:start(377)) - Attempting to start container services.
2022-07-27 23:17:40,718 [EndpointStateMachine task thread for /0.0.0.0:44625 - 0 ] INFO  ozoneimpl.OzoneContainer (OzoneContainer.java:startContainerScrub(312)) - Background container scanner has been disabled.
2022-07-27 23:17:40,726 [EndpointStateMachine task thread for /0.0.0.0:44625 - 0 ] INFO  replication.ReplicationServer (ReplicationServer.java:start(111)) - ReplicationServer is started using port 34429
2022-07-27 23:17:40,727 [EndpointStateMachine task thread for /0.0.0.0:44625 - 0 ] INFO  ratis.XceiverServerRatis (XceiverServerRatis.java:start(481)) - Starting XceiverServerRatis 16ceedc4-931d-4fd2-b8d8-69fb0f01a3b0
2022-07-27 23:17:40,727 [EndpointStateMachine task thread for /0.0.0.0:44625 - 0 ] INFO  server.RaftServer (RaftServerProxy.java:lambda$start$6(382)) - 16ceedc4-931d-4fd2-b8d8-69fb0f01a3b0: start RPC server
2022-07-27 23:17:40,734 [EndpointStateMachine task thread for /0.0.0.0:44625 - 0 ] INFO  server.GrpcService (GrpcService.java:startImpl(260)) - 16ceedc4-931d-4fd2-b8d8-69fb0f01a3b0: GrpcService started, listening on 39521
2022-07-27 23:17:40,738 [EndpointStateMachine task thread for /0.0.0.0:44625 - 0 ] INFO  ratis.XceiverServerRatis (XceiverServerRatis.java:getRealPort(502)) - XceiverServerRatis 16ceedc4-931d-4fd2-b8d8-69fb0f01a3b0 is started using port 39521 for RATIS
2022-07-27 23:17:40,738 [EndpointStateMachine task thread for /0.0.0.0:44625 - 0 ] INFO  ratis.XceiverServerRatis (XceiverServerRatis.java:getRealPort(502)) - XceiverServerRatis 16ceedc4-931d-4fd2-b8d8-69fb0f01a3b0 is started using port 39521 for RATIS_ADMIN
2022-07-27 23:17:40,738 [EndpointStateMachine task thread for /0.0.0.0:44625 - 0 ] INFO  ratis.XceiverServerRatis (XceiverServerRatis.java:getRealPort(502)) - XceiverServerRatis 16ceedc4-931d-4fd2-b8d8-69fb0f01a3b0 is started using port 39521 for RATIS_SERVER
2022-07-27 23:17:40,759 [EndpointStateMachine task thread for /0.0.0.0:44625 - 0 ] INFO  server.XceiverServerGrpc (XceiverServerGrpc.java:start(180)) - XceiverServerGrpc 16ceedc4-931d-4fd2-b8d8-69fb0f01a3b0 is started using port 41995
2022-07-27 23:17:40,762 [org.apache.ratis.util.JvmPauseMonitor$$Lambda$616/285728533@4c9d052e] INFO  util.JvmPauseMonitor (JvmPauseMonitor.java:run(103)) - JvmPauseMonitor-16ceedc4-931d-4fd2-b8d8-69fb0f01a3b0: Started
2022-07-27 23:17:41,087 [IPC Server handler 0 on default port 44625] INFO  net.NetworkTopologyImpl (NetworkTopologyImpl.java:add(112)) - Added a new node: /default-rack/0e2a075e-53a8-462d-8f4f-c98e11d6e8a9
2022-07-27 23:17:41,088 [IPC Server handler 0 on default port 44625] INFO  node.SCMNodeManager (SCMNodeManager.java:register(397)) - Registered Data node : 0e2a075e-53a8-462d-8f4f-c98e11d6e8a9{ip: 10.1.0.23, host: fv-az129-30.sikifmtxjocetiwdfcy5r2sqla.phxx.internal.cloudapp.net, ports: [REPLICATION=44923, RATIS=38473, RATIS_ADMIN=38473, RATIS_SERVER=38473, STANDALONE=43861], networkLocation: /default-rack, certSerialId: null, persistedOpState: null, persistedOpStateExpiryEpochSec: 0}
2022-07-27 23:17:41,088 [EventQueue-NewNodeForNewNodeHandler] INFO  pipeline.BackgroundPipelineCreator (BackgroundPipelineCreator.java:notifyEventTriggered(276)) - trigger a one-shot run on RatisPipelineUtilsThread.
2022-07-27 23:17:41,094 [RatisPipelineUtilsThread - 0] INFO  pipeline.RatisPipelineProvider (RatisPipelineProvider.java:lambda$create$0(195)) - Sending CreatePipelineCommand for pipeline:PipelineID=05bf8054-d832-4199-a4ea-dd253cee42e6 to datanode:0e2a075e-53a8-462d-8f4f-c98e11d6e8a9
2022-07-27 23:17:41,094 [RatisPipelineUtilsThread - 0] INFO  pipeline.PipelineStateManagerImpl (PipelineStateManagerImpl.java:addPipeline(103)) - Created pipeline Pipeline[ Id: 05bf8054-d832-4199-a4ea-dd253cee42e6, Nodes: 0e2a075e-53a8-462d-8f4f-c98e11d6e8a9{ip: 10.1.0.23, host: fv-az129-30.sikifmtxjocetiwdfcy5r2sqla.phxx.internal.cloudapp.net, ports: [REPLICATION=44923, RATIS=38473, RATIS_ADMIN=38473, RATIS_SERVER=38473, STANDALONE=43861], networkLocation: /default-rack, certSerialId: null, persistedOpState: IN_SERVICE, persistedOpStateExpiryEpochSec: 0}, ReplicationConfig: RATIS/ONE, State:ALLOCATED, leaderId:, CreationTimestamp2022-07-27T23:17:41.094Z[Etc/UTC]].
2022-07-27 23:17:41,095 [EventQueue-NodeRegistrationContainerReportForDataNodeSafeModeRule] INFO  safemode.SCMSafeModeManager (DataNodeSafeModeRule.java:process(71)) - SCM in safe mode. 3 DataNodes registered, 3 required.
2022-07-27 23:17:41,095 [EventQueue-NodeRegistrationContainerReportForDataNodeSafeModeRule] INFO  safemode.SCMSafeModeManager (SCMSafeModeManager.java:validateSafeModeExitRules(204)) - DataNodeSafeModeRule rule is successfully validated
2022-07-27 23:17:41,095 [EventQueue-NodeRegistrationContainerReportForDataNodeSafeModeRule] INFO  safemode.SCMSafeModeManager (SCMSafeModeManager.java:completePreCheck(233)) - All SCM safe mode pre check rules have passed
2022-07-27 23:17:41,095 [EventQueue-NodeRegistrationContainerReportForDataNodeSafeModeRule] WARN  events.EventQueue (EventQueue.java:fireEvent(216)) - No event handler registered for event TypedEvent{payloadType=SafeModeStatus, name='Safe mode status'}
2022-07-27 23:17:41,095 [EventQueue-NodeRegistrationContainerReportForDataNodeSafeModeRule] INFO  ha.SCMContext (SCMContext.java:updateSafeModeStatus(228)) - Update SafeModeStatus from SafeModeStatus{safeModeStatus=true, preCheckPassed=false} to SafeModeStatus{safeModeStatus=true, preCheckPassed=true}.
2022-07-27 23:17:41,095 [EventQueue-NodeRegistrationContainerReportForDataNodeSafeModeRule] INFO  pipeline.BackgroundPipelineCreator (BackgroundPipelineCreator.java:notifyEventTriggered(276)) - trigger a one-shot run on RatisPipelineUtilsThread.
2022-07-27 23:17:41,095 [RatisPipelineUtilsThread - 0] INFO  pipeline.RatisPipelineProvider (RatisPipelineProvider.java:lambda$create$0(195)) - Sending CreatePipelineCommand for pipeline:PipelineID=aba374bc-463b-4f00-937b-3c98930fcbf1 to datanode:2c19a24b-4032-4d82-8983-88a3c220b1d4
2022-07-27 23:17:41,095 [RatisPipelineUtilsThread - 0] INFO  pipeline.RatisPipelineProvider (RatisPipelineProvider.java:lambda$create$0(195)) - Sending CreatePipelineCommand for pipeline:PipelineID=aba374bc-463b-4f00-937b-3c98930fcbf1 to datanode:f22def52-3ff3-45a1-9b56-9fd420a51670
2022-07-27 23:17:41,096 [RatisPipelineUtilsThread - 0] INFO  pipeline.RatisPipelineProvider (RatisPipelineProvider.java:lambda$create$0(195)) - Sending CreatePipelineCommand for pipeline:PipelineID=aba374bc-463b-4f00-937b-3c98930fcbf1 to datanode:0e2a075e-53a8-462d-8f4f-c98e11d6e8a9
2022-07-27 23:17:41,097 [RatisPipelineUtilsThread - 0] INFO  pipeline.PipelineStateManagerImpl (PipelineStateManagerImpl.java:addPipeline(103)) - Created pipeline Pipeline[ Id: aba374bc-463b-4f00-937b-3c98930fcbf1, Nodes: 2c19a24b-4032-4d82-8983-88a3c220b1d4{ip: 10.1.0.23, host: fv-az129-30.sikifmtxjocetiwdfcy5r2sqla.phxx.internal.cloudapp.net, ports: [REPLICATION=37767, RATIS=43989, RATIS_ADMIN=43989, RATIS_SERVER=43989, STANDALONE=40205], networkLocation: /default-rack, certSerialId: null, persistedOpState: IN_SERVICE, persistedOpStateExpiryEpochSec: 0}f22def52-3ff3-45a1-9b56-9fd420a51670{ip: 10.1.0.23, host: fv-az129-30.sikifmtxjocetiwdfcy5r2sqla.phxx.internal.cloudapp.net, ports: [REPLICATION=45819, RATIS=37919, RATIS_ADMIN=37919, RATIS_SERVER=37919, STANDALONE=38495], networkLocation: /default-rack, certSerialId: null, persistedOpState: IN_SERVICE, persistedOpStateExpiryEpochSec: 0}0e2a075e-53a8-462d-8f4f-c98e11d6e8a9{ip: 10.1.0.23, host: fv-az129-30.sikifmtxjocetiwdfcy5r2sqla.phxx.internal.cloudapp.net, ports: [REPLICATION=44923, RATIS=38473, RATIS_ADMIN=38473, RATIS_SERVER=38473, STANDALONE=43861], networkLocation: /default-rack, certSerialId: null, persistedOpState: IN_SERVICE, persistedOpStateExpiryEpochSec: 0}, ReplicationConfig: RATIS/THREE, State:ALLOCATED, leaderId:, CreationTimestamp2022-07-27T23:17:41.095Z[Etc/UTC]].
2022-07-27 23:17:41,097 [RatisPipelineUtilsThread - 0] INFO  pipeline.RatisPipelineProvider (RatisPipelineProvider.java:lambda$create$0(195)) - Sending CreatePipelineCommand for pipeline:PipelineID=fb6d03eb-27c9-442a-bed5-57fc34379998 to datanode:2c19a24b-4032-4d82-8983-88a3c220b1d4
2022-07-27 23:17:41,097 [RatisPipelineUtilsThread - 0] INFO  pipeline.RatisPipelineProvider (RatisPipelineProvider.java:lambda$create$0(195)) - Sending CreatePipelineCommand for pipeline:PipelineID=fb6d03eb-27c9-442a-bed5-57fc34379998 to datanode:f22def52-3ff3-45a1-9b56-9fd420a51670
2022-07-27 23:17:41,097 [RatisPipelineUtilsThread - 0] INFO  pipeline.RatisPipelineProvider (RatisPipelineProvider.java:lambda$create$0(195)) - Sending CreatePipelineCommand for pipeline:PipelineID=fb6d03eb-27c9-442a-bed5-57fc34379998 to datanode:0e2a075e-53a8-462d-8f4f-c98e11d6e8a9
2022-07-27 23:17:41,097 [RatisPipelineUtilsThread - 0] INFO  pipeline.PipelineStateManagerImpl (PipelineStateManagerImpl.java:addPipeline(103)) - Created pipeline Pipeline[ Id: fb6d03eb-27c9-442a-bed5-57fc34379998, Nodes: 2c19a24b-4032-4d82-8983-88a3c220b1d4{ip: 10.1.0.23, host: fv-az129-30.sikifmtxjocetiwdfcy5r2sqla.phxx.internal.cloudapp.net, ports: [REPLICATION=37767, RATIS=43989, RATIS_ADMIN=43989, RATIS_SERVER=43989, STANDALONE=40205], networkLocation: /default-rack, certSerialId: null, persistedOpState: IN_SERVICE, persistedOpStateExpiryEpochSec: 0}f22def52-3ff3-45a1-9b56-9fd420a51670{ip: 10.1.0.23, host: fv-az129-30.sikifmtxjocetiwdfcy5r2sqla.phxx.internal.cloudapp.net, ports: [REPLICATION=45819, RATIS=37919, RATIS_ADMIN=37919, RATIS_SERVER=37919, STANDALONE=38495], networkLocation: /default-rack, certSerialId: null, persistedOpState: IN_SERVICE, persistedOpStateExpiryEpochSec: 0}0e2a075e-53a8-462d-8f4f-c98e11d6e8a9{ip: 10.1.0.23, host: fv-az129-30.sikifmtxjocetiwdfcy5r2sqla.phxx.internal.cloudapp.net, ports: [REPLICATION=44923, RATIS=38473, RATIS_ADMIN=38473, RATIS_SERVER=38473, STANDALONE=43861], networkLocation: /default-rack, certSerialId: null, persistedOpState: IN_SERVICE, persistedOpStateExpiryEpochSec: 0}, ReplicationConfig: RATIS/THREE, State:ALLOCATED, leaderId:, CreationTimestamp2022-07-27T23:17:41.097Z[Etc/UTC]].
2022-07-27 23:17:41,097 [RatisPipelineUtilsThread - 0] INFO  pipeline.PipelineManagerImpl (PipelineManagerImpl.java:recordMetricsForPipeline(796)) - Pipeline: PipelineID=fb6d03eb-27c9-442a-bed5-57fc34379998 contains same datanodes as previous pipelines: PipelineID=aba374bc-463b-4f00-937b-3c98930fcbf1 nodeIds: 2c19a24b-4032-4d82-8983-88a3c220b1d4, f22def52-3ff3-45a1-9b56-9fd420a51670, 0e2a075e-53a8-462d-8f4f-c98e11d6e8a9
2022-07-27 23:17:41,630 [Listener at 127.0.0.1/45823] INFO  ozone.MiniOzoneClusterImpl (MiniOzoneClusterImpl.java:lambda$waitForClusterToBeReady$0(216)) - Waiting for nodes to be ready. Got 3 of 5 DN Heartbeats.
2022-07-27 23:17:41,630 [Listener at 127.0.0.1/45823] INFO  ozone.MiniOzoneClusterImpl (MiniOzoneClusterImpl.java:lambda$waitForClusterToBeReady$0(219)) - Waiting for cluster to exit safe mode
2022-07-27 23:17:41,630 [Listener at 127.0.0.1/45823] INFO  ozone.MiniOzoneClusterImpl (MiniOzoneClusterImpl.java:lambda$waitForClusterToBeReady$0(221)) - SCM became leader
2022-07-27 23:17:41,726 [IPC Server handler 3 on default port 44625] INFO  net.NetworkTopologyImpl (NetworkTopologyImpl.java:add(112)) - Added a new node: /default-rack/e23c561c-75fb-4f96-9524-9cc753fb152e
2022-07-27 23:17:41,726 [IPC Server handler 3 on default port 44625] INFO  node.SCMNodeManager (SCMNodeManager.java:register(397)) - Registered Data node : e23c561c-75fb-4f96-9524-9cc753fb152e{ip: 10.1.0.23, host: fv-az129-30.sikifmtxjocetiwdfcy5r2sqla.phxx.internal.cloudapp.net, ports: [REPLICATION=39001, RATIS=39095, RATIS_ADMIN=39095, RATIS_SERVER=39095, STANDALONE=33701], networkLocation: /default-rack, certSerialId: null, persistedOpState: null, persistedOpStateExpiryEpochSec: 0}
2022-07-27 23:17:41,727 [EventQueue-NewNodeForNewNodeHandler] INFO  pipeline.BackgroundPipelineCreator (BackgroundPipelineCreator.java:notifyEventTriggered(276)) - trigger a one-shot run on RatisPipelineUtilsThread.
2022-07-27 23:17:41,728 [RatisPipelineUtilsThread - 0] INFO  pipeline.RatisPipelineProvider (RatisPipelineProvider.java:lambda$create$0(195)) - Sending CreatePipelineCommand for pipeline:PipelineID=5c56e289-5dd7-424b-bc98-8493bb09cfaf to datanode:e23c561c-75fb-4f96-9524-9cc753fb152e
2022-07-27 23:17:41,728 [RatisPipelineUtilsThread - 0] INFO  pipeline.PipelineStateManagerImpl (PipelineStateManagerImpl.java:addPipeline(103)) - Created pipeline Pipeline[ Id: 5c56e289-5dd7-424b-bc98-8493bb09cfaf, Nodes: e23c561c-75fb-4f96-9524-9cc753fb152e{ip: 10.1.0.23, host: fv-az129-30.sikifmtxjocetiwdfcy5r2sqla.phxx.internal.cloudapp.net, ports: [REPLICATION=39001, RATIS=39095, RATIS_ADMIN=39095, RATIS_SERVER=39095, STANDALONE=33701], networkLocation: /default-rack, certSerialId: null, persistedOpState: IN_SERVICE, persistedOpStateExpiryEpochSec: 0}, ReplicationConfig: RATIS/ONE, State:ALLOCATED, leaderId:, CreationTimestamp2022-07-27T23:17:41.728Z[Etc/UTC]].
2022-07-27 23:17:42,631 [Listener at 127.0.0.1/45823] INFO  ozone.MiniOzoneClusterImpl (MiniOzoneClusterImpl.java:lambda$waitForClusterToBeReady$0(216)) - Waiting for nodes to be ready. Got 4 of 5 DN Heartbeats.
2022-07-27 23:17:42,631 [Listener at 127.0.0.1/45823] INFO  ozone.MiniOzoneClusterImpl (MiniOzoneClusterImpl.java:lambda$waitForClusterToBeReady$0(219)) - Waiting for cluster to exit safe mode
2022-07-27 23:17:42,631 [Listener at 127.0.0.1/45823] INFO  ozone.MiniOzoneClusterImpl (MiniOzoneClusterImpl.java:lambda$waitForClusterToBeReady$0(221)) - SCM became leader
2022-07-27 23:17:42,666 [IPC Server handler 2 on default port 44625] INFO  net.NetworkTopologyImpl (NetworkTopologyImpl.java:add(112)) - Added a new node: /default-rack/16ceedc4-931d-4fd2-b8d8-69fb0f01a3b0
2022-07-27 23:17:42,666 [IPC Server handler 2 on default port 44625] INFO  node.SCMNodeManager (SCMNodeManager.java:register(397)) - Registered Data node : 16ceedc4-931d-4fd2-b8d8-69fb0f01a3b0{ip: 10.1.0.23, host: fv-az129-30.sikifmtxjocetiwdfcy5r2sqla.phxx.internal.cloudapp.net, ports: [REPLICATION=34429, RATIS=39521, RATIS_ADMIN=39521, RATIS_SERVER=39521, STANDALONE=41995], networkLocation: /default-rack, certSerialId: null, persistedOpState: null, persistedOpStateExpiryEpochSec: 0}
2022-07-27 23:17:42,666 [EventQueue-NewNodeForNewNodeHandler] INFO  pipeline.BackgroundPipelineCreator (BackgroundPipelineCreator.java:notifyEventTriggered(276)) - trigger a one-shot run on RatisPipelineUtilsThread.
2022-07-27 23:17:42,667 [RatisPipelineUtilsThread - 0] INFO  pipeline.RatisPipelineProvider (RatisPipelineProvider.java:lambda$create$0(195)) - Sending CreatePipelineCommand for pipeline:PipelineID=7b1ac99e-2aa1-4888-8f31-f1a90cb18297 to datanode:16ceedc4-931d-4fd2-b8d8-69fb0f01a3b0
2022-07-27 23:17:42,667 [RatisPipelineUtilsThread - 0] INFO  pipeline.PipelineStateManagerImpl (PipelineStateManagerImpl.java:addPipeline(103)) - Created pipeline Pipeline[ Id: 7b1ac99e-2aa1-4888-8f31-f1a90cb18297, Nodes: 16ceedc4-931d-4fd2-b8d8-69fb0f01a3b0{ip: 10.1.0.23, host: fv-az129-30.sikifmtxjocetiwdfcy5r2sqla.phxx.internal.cloudapp.net, ports: [REPLICATION=34429, RATIS=39521, RATIS_ADMIN=39521, RATIS_SERVER=39521, STANDALONE=41995], networkLocation: /default-rack, certSerialId: null, persistedOpState: IN_SERVICE, persistedOpStateExpiryEpochSec: 0}, ReplicationConfig: RATIS/ONE, State:ALLOCATED, leaderId:, CreationTimestamp2022-07-27T23:17:42.667Z[Etc/UTC]].
2022-07-27 23:17:42,681 [Command processor thread] INFO  server.RaftServer (RaftServerProxy.java:addNew(96)) - 2c19a24b-4032-4d82-8983-88a3c220b1d4: addNew group-7D64E600E32C:[2c19a24b-4032-4d82-8983-88a3c220b1d4|rpc:10.1.0.23:43989|priority:1] returns group-7D64E600E32C:java.util.concurrent.CompletableFuture@2f699df3[Not completed]
2022-07-27 23:17:42,702 [pool-356-thread-1] INFO  server.RaftServer$Division (RaftServerImpl.java:<init>(190)) - 2c19a24b-4032-4d82-8983-88a3c220b1d4: new RaftServerImpl for group-7D64E600E32C:[2c19a24b-4032-4d82-8983-88a3c220b1d4|rpc:10.1.0.23:43989|priority:1] with ContainerStateMachine:uninitialized
2022-07-27 23:17:42,714 [pool-356-thread-1] INFO  server.RaftServerConfigKeys (ConfUtils.java:logGet(46)) - raft.server.rpc.timeout.min = 5s (custom)
2022-07-27 23:17:42,714 [pool-356-thread-1] INFO  server.RaftServerConfigKeys (ConfUtils.java:logGet(46)) - raft.server.rpc.timeout.max = 5200ms (custom)
2022-07-27 23:17:42,714 [pool-356-thread-1] INFO  server.RaftServerConfigKeys (ConfUtils.java:logGet(46)) - raft.server.rpc.sleep.time = 25ms (default)
2022-07-27 23:17:42,714 [pool-356-thread-1] INFO  server.RaftServerConfigKeys (ConfUtils.java:logGet(46)) - raft.server.rpc.slowness.timeout = 300s (custom)
2022-07-27 23:17:42,714 [pool-356-thread-1] INFO  server.RaftServerConfigKeys (ConfUtils.java:logGet(46)) - raft.server.leaderelection.leader.step-down.wait-time = 10s (default)
2022-07-27 23:17:42,714 [pool-356-thread-1] INFO  server.RaftServerConfigKeys (ConfUtils.java:logGet(46)) - raft.server.sleep.deviation.threshold = 300ms (default)
2022-07-27 23:17:42,714 [pool-356-thread-1] INFO  server.RaftServer$Division (ServerState.java:<init>(107)) - 2c19a24b-4032-4d82-8983-88a3c220b1d4@group-7D64E600E32C: ConfigurationManager, init=-1: [2c19a24b-4032-4d82-8983-88a3c220b1d4|rpc:10.1.0.23:43989|priority:1], old=null, confs=<EMPTY_MAP>
2022-07-27 23:17:42,714 [pool-356-thread-1] INFO  server.RaftServerConfigKeys (ConfUtils.java:logGet(46)) - raft.server.storage.dir = [/home/runner/work/ozone/ozone/hadoop-ozone/integration-test/target/test-dir/MiniOzoneClusterImpl-b291e8c9-c3a0-4e1a-9e8e-aed05fc6be83/datanode-0/data/ratis] (custom)
2022-07-27 23:17:42,714 [pool-356-thread-1] INFO  server.RaftServerConfigKeys (ConfUtils.java:logGet(46)) - raft.server.log.corruption.policy = EXCEPTION (default)
2022-07-27 23:17:42,714 [pool-356-thread-1] INFO  server.RaftServerConfigKeys (ConfUtils.java:logGet(46)) - raft.server.storage.free-space.min = 0MB (=0) (default)
2022-07-27 23:17:42,714 [pool-356-thread-1] INFO  storage.RaftStorageDirectory (RaftStorageDirectoryImpl.java:analyzeStorage(135)) - The storage directory /home/runner/work/ozone/ozone/hadoop-ozone/integration-test/target/test-dir/MiniOzoneClusterImpl-b291e8c9-c3a0-4e1a-9e8e-aed05fc6be83/datanode-0/data/ratis/df8238a1-e42c-436c-b319-7d64e600e32c does not exist. Creating ...
2022-07-27 23:17:42,722 [pool-356-thread-1] INFO  storage.RaftStorageDirectory (RaftStorageDirectoryImpl.java:tryLock(230)) - Lock on /home/runner/work/ozone/ozone/hadoop-ozone/integration-test/target/test-dir/MiniOzoneClusterImpl-b291e8c9-c3a0-4e1a-9e8e-aed05fc6be83/datanode-0/data/ratis/df8238a1-e42c-436c-b319-7d64e600e32c/in_use.lock acquired by nodename 1474@fv-az129-30
2022-07-27 23:17:42,724 [pool-356-thread-1] INFO  storage.RaftStorage (RaftStorageImpl.java:format(89)) - Storage directory /home/runner/work/ozone/ozone/hadoop-ozone/integration-test/target/test-dir/MiniOzoneClusterImpl-b291e8c9-c3a0-4e1a-9e8e-aed05fc6be83/datanode-0/data/ratis/df8238a1-e42c-436c-b319-7d64e600e32c has been successfully formatted.
2022-07-27 23:17:42,738 [pool-356-thread-1] INFO  ratis.ContainerStateMachine (ContainerStateMachine.java:loadSnapshot(236)) - group-7D64E600E32C: The snapshot info is null. Setting the last applied indexto:(t:0, i:~)
2022-07-27 23:17:42,738 [pool-356-thread-1] INFO  server.RaftServerConfigKeys (ConfUtils.java:logGet(46)) - raft.server.notification.no-leader.timeout = 300s (custom)
2022-07-27 23:17:42,738 [pool-356-thread-1] INFO  server.RaftServerConfigKeys (ConfUtils.java:logGet(46)) - raft.server.log.use.memory = false (default)
2022-07-27 23:17:42,738 [pool-356-thread-1] INFO  server.RaftServerConfigKeys (ConfUtils.java:logGet(46)) - raft.server.log.purge.gap = 1000000 (custom)
2022-07-27 23:17:42,738 [pool-356-thread-1] INFO  server.RaftServerConfigKeys (ConfUtils.java:logGet(46)) - raft.server.log.appender.buffer.byte-limit = 33554432 (custom)
2022-07-27 23:17:42,738 [pool-356-thread-1] INFO  server.RaftServerConfigKeys (ConfUtils.java:logGet(46)) - raft.server.log.statemachine.data.read.timeout = 1000ms (default)
2022-07-27 23:17:42,738 [pool-356-thread-1] INFO  server.RaftServerConfigKeys (ConfUtils.java:logGet(46)) - raft.server.log.segment.size.max = 1048576 (custom)
2022-07-27 23:17:42,739 [EventQueue-PipelineReportForPipelineReportHandler] INFO  pipeline.PipelineManagerImpl (PipelineManagerImpl.java:openPipeline(367)) - Pipeline Pipeline[ Id: df8238a1-e42c-436c-b319-7d64e600e32c, Nodes: 2c19a24b-4032-4d82-8983-88a3c220b1d4{ip: 10.1.0.23, host: fv-az129-30.sikifmtxjocetiwdfcy5r2sqla.phxx.internal.cloudapp.net, ports: [REPLICATION=37767, RATIS=43989, RATIS_ADMIN=43989, RATIS_SERVER=43989, STANDALONE=40205], networkLocation: /default-rack, certSerialId: null, persistedOpState: IN_SERVICE, persistedOpStateExpiryEpochSec: 0}, ReplicationConfig: RATIS/ONE, State:ALLOCATED, leaderId:2c19a24b-4032-4d82-8983-88a3c220b1d4, CreationTimestamp2022-07-27T23:17:39.675Z[Etc/UTC]] moved to OPEN state
2022-07-27 23:17:42,739 [pool-356-thread-1] INFO  server.RaftServerConfigKeys (ConfUtils.java:logGet(46)) - raft.server.log.segment.cache.num.max = 2 (custom)
2022-07-27 23:17:42,758 [pool-356-thread-1] INFO  server.RaftServerConfigKeys (ConfUtils.java:logGet(46)) - raft.server.log.segment.cache.size.max = 200MB (=209715200) (default)
2022-07-27 23:17:42,758 [pool-356-thread-1] INFO  segmented.SegmentedRaftLogWorker (SegmentedRaftLogWorker.java:<init>(187)) - new 2c19a24b-4032-4d82-8983-88a3c220b1d4@group-7D64E600E32C-SegmentedRaftLogWorker for RaftStorageImpl:Storage Directory /home/runner/work/ozone/ozone/hadoop-ozone/integration-test/target/test-dir/MiniOzoneClusterImpl-b291e8c9-c3a0-4e1a-9e8e-aed05fc6be83/datanode-0/data/ratis/df8238a1-e42c-436c-b319-7d64e600e32c
2022-07-27 23:17:42,758 [pool-356-thread-1] INFO  server.RaftServerConfigKeys (ConfUtils.java:logGet(46)) - raft.server.log.queue.byte-limit = 4294967296 (custom)
2022-07-27 23:17:42,759 [pool-356-thread-1] INFO  server.RaftServerConfigKeys (ConfUtils.java:logGet(46)) - raft.server.log.queue.element-limit = 1024 (custom)
2022-07-27 23:17:42,759 [pool-356-thread-1] INFO  server.RaftServerConfigKeys (ConfUtils.java:logGet(46)) - raft.server.log.segment.size.max = 1048576 (custom)
2022-07-27 23:17:42,759 [pool-356-thread-1] INFO  server.RaftServerConfigKeys (ConfUtils.java:logGet(46)) - raft.server.log.preallocated.size = 16384 (custom)
2022-07-27 23:17:42,759 [pool-356-thread-1] INFO  server.RaftServerConfigKeys (ConfUtils.java:logGet(46)) - raft.server.log.force.sync.num = 128 (default)
2022-07-27 23:17:42,759 [pool-356-thread-1] INFO  server.RaftServerConfigKeys (ConfUtils.java:logGet(46)) - raft.server.log.statemachine.data.sync = true (default)
2022-07-27 23:17:42,759 [pool-356-thread-1] INFO  server.RaftServerConfigKeys (ConfUtils.java:logGet(46)) - raft.server.log.statemachine.data.sync.timeout = 10s (default)
2022-07-27 23:17:42,759 [pool-356-thread-1] INFO  server.RaftServerConfigKeys (ConfUtils.java:logGet(46)) - raft.server.log.statemachine.data.sync.timeout.retry = -1 (default)
2022-07-27 23:17:42,760 [pool-356-thread-1] INFO  server.RaftServerConfigKeys (ConfUtils.java:logGet(46)) - raft.server.log.write.buffer.size = 1048576 (custom)
2022-07-27 23:17:42,760 [pool-356-thread-1] INFO  server.RaftServerConfigKeys (ConfUtils.java:logGet(46)) - raft.server.log.unsafe-flush.enabled = false (default)
2022-07-27 23:17:42,760 [pool-356-thread-1] INFO  server.RaftServerConfigKeys (ConfUtils.java:logGet(46)) - raft.server.log.statemachine.data.caching.enabled = true (custom)
2022-07-27 23:17:42,760 [pool-356-thread-1] INFO  segmented.SegmentedRaftLogWorker (SegmentedRaftLogWorker.java:lambda$new$0(135)) - 2c19a24b-4032-4d82-8983-88a3c220b1d4@group-7D64E600E32C-SegmentedRaftLogWorker: flushIndex: setUnconditionally 0 -> -1
2022-07-27 23:17:42,760 [pool-356-thread-1] INFO  segmented.SegmentedRaftLogWorker (SegmentedRaftLogWorker.java:lambda$new$0(135)) - 2c19a24b-4032-4d82-8983-88a3c220b1d4@group-7D64E600E32C-SegmentedRaftLogWorker: safeCacheEvictIndex: setUnconditionally 0 -> -1
2022-07-27 23:17:42,760 [pool-356-thread-1] INFO  server.RaftServerConfigKeys (ConfUtils.java:logGet(46)) - raft.server.snapshot.auto.trigger.enabled = true (custom)
2022-07-27 23:17:42,760 [pool-356-thread-1] INFO  server.RaftServerConfigKeys (ConfUtils.java:logGet(46)) - raft.server.snapshot.auto.trigger.threshold = 10000 (custom)
2022-07-27 23:17:42,761 [pool-356-thread-1] INFO  server.RaftServerConfigKeys (ConfUtils.java:logGet(46)) - raft.server.snapshot.retention.file.num = 5 (custom)
2022-07-27 23:17:42,761 [pool-356-thread-1] INFO  server.RaftServerConfigKeys (ConfUtils.java:logGet(46)) - raft.server.log.purge.upto.snapshot.index = false (default)
2022-07-27 23:17:42,761 [pool-356-thread-1] INFO  server.RaftServerConfigKeys (ConfUtils.java:logGet(46)) - raft.server.retrycache.expirytime = 600000ms (custom)
2022-07-27 23:17:42,761 [pool-356-thread-1] INFO  server.RaftServerConfigKeys (ConfUtils.java:logGet(46)) - raft.server.retrycache.statistics.expirytime = 100μs (default)
2022-07-27 23:17:42,762 [pool-356-thread-1] INFO  server.RaftServerConfigKeys (ConfUtils.java:logGet(46)) - raft.server.log.appender.install.snapshot.enabled = false (custom)
2022-07-27 23:17:42,762 [pool-356-thread-1] INFO  server.RaftServerConfigKeys (ConfUtils.java:logGet(46)) - raft.server.threadpool.server.cached = true (default)
2022-07-27 23:17:42,762 [pool-356-thread-1] INFO  server.RaftServerConfigKeys (ConfUtils.java:logGet(46)) - raft.server.threadpool.server.size = 0 (default)
2022-07-27 23:17:42,762 [pool-356-thread-1] INFO  server.RaftServerConfigKeys (ConfUtils.java:logGet(46)) - raft.server.threadpool.client.cached = true (default)
2022-07-27 23:17:42,762 [pool-356-thread-1] INFO  server.RaftServerConfigKeys (ConfUtils.java:logGet(46)) - raft.server.threadpool.client.size = 0 (default)
2022-07-27 23:17:42,762 [pool-356-thread-1] INFO  server.RaftServer$Division (RaftServerImpl.java:start(310)) - 2c19a24b-4032-4d82-8983-88a3c220b1d4@group-7D64E600E32C: start as a follower, conf=-1: [2c19a24b-4032-4d82-8983-88a3c220b1d4|rpc:10.1.0.23:43989|priority:1], old=null
2022-07-27 23:17:42,762 [pool-356-thread-1] INFO  server.RaftServer$Division (RaftServerImpl.java:setRole(299)) - 2c19a24b-4032-4d82-8983-88a3c220b1d4@group-7D64E600E32C: changes role from      null to FOLLOWER at term 0 for startAsFollower
2022-07-27 23:17:42,762 [pool-356-thread-1] INFO  impl.RoleInfo (RoleInfo.java:updateAndGet(139)) - 2c19a24b-4032-4d82-8983-88a3c220b1d4: start 2c19a24b-4032-4d82-8983-88a3c220b1d4@group-7D64E600E32C-FollowerState
2022-07-27 23:17:42,763 [pool-356-thread-1] INFO  util.JmxRegister (JmxRegister.java:tryRegister(44)) - Successfully registered JMX Bean with object name Ratis:service=RaftServer,group=group-7D64E600E32C,id=2c19a24b-4032-4d82-8983-88a3c220b1d4
2022-07-27 23:17:42,763 [Command processor thread] INFO  ratis.XceiverServerRatis (XceiverServerRatis.java:addGroup(765)) - Created group PipelineID=df8238a1-e42c-436c-b319-7d64e600e32c
2022-07-27 23:17:42,763 [Command processor thread] INFO  commandhandler.CreatePipelineCommandHandler (CreatePipelineCommandHandler.java:handle(113)) - Created Pipeline RATIS ONE PipelineID=df8238a1-e42c-436c-b319-7d64e600e32c.
2022-07-27 23:17:42,764 [Command processor thread] INFO  server.RaftServer (RaftServerProxy.java:addNew(96)) - 2c19a24b-4032-4d82-8983-88a3c220b1d4: addNew group-3C98930FCBF1:[2c19a24b-4032-4d82-8983-88a3c220b1d4|rpc:10.1.0.23:43989|priority:1, f22def52-3ff3-45a1-9b56-9fd420a51670|rpc:10.1.0.23:37919|priority:0, 0e2a075e-53a8-462d-8f4f-c98e11d6e8a9|rpc:10.1.0.23:38473|priority:0] returns group-3C98930FCBF1:java.util.concurrent.CompletableFuture@2b561cc6[Not completed]
2022-07-27 23:17:42,764 [pool-356-thread-1] INFO  server.RaftServer$Division (RaftServerImpl.java:<init>(190)) - 2c19a24b-4032-4d82-8983-88a3c220b1d4: new RaftServerImpl for group-3C98930FCBF1:[2c19a24b-4032-4d82-8983-88a3c220b1d4|rpc:10.1.0.23:43989|priority:1, f22def52-3ff3-45a1-9b56-9fd420a51670|rpc:10.1.0.23:37919|priority:0, 0e2a075e-53a8-462d-8f4f-c98e11d6e8a9|rpc:10.1.0.23:38473|priority:0] with ContainerStateMachine:uninitialized
2022-07-27 23:17:42,764 [pool-356-thread-1] INFO  server.RaftServerConfigKeys (ConfUtils.java:logGet(46)) - raft.server.rpc.timeout.min = 5s (custom)
2022-07-27 23:17:42,764 [pool-356-thread-1] INFO  server.RaftServerConfigKeys (ConfUtils.java:logGet(46)) - raft.server.rpc.timeout.max = 5200ms (custom)
2022-07-27 23:17:42,764 [pool-356-thread-1] INFO  server.RaftServerConfigKeys (ConfUtils.java:logGet(46)) - raft.server.rpc.sleep.time = 25ms (default)
2022-07-27 23:17:42,764 [pool-356-thread-1] INFO  server.RaftServerConfigKeys (ConfUtils.java:logGet(46)) - raft.server.rpc.slowness.timeout = 300s (custom)
2022-07-27 23:17:42,764 [pool-356-thread-1] INFO  server.RaftServerConfigKeys (ConfUtils.java:logGet(46)) - raft.server.leaderelection.leader.step-down.wait-time = 10s (default)
2022-07-27 23:17:42,764 [pool-356-thread-1] INFO  server.RaftServerConfigKeys (ConfUtils.java:logGet(46)) - raft.server.sleep.deviation.threshold = 300ms (default)
2022-07-27 23:17:42,765 [pool-356-thread-1] INFO  server.RaftServer$Division (ServerState.java:<init>(107)) - 2c19a24b-4032-4d82-8983-88a3c220b1d4@group-3C98930FCBF1: ConfigurationManager, init=-1: [2c19a24b-4032-4d82-8983-88a3c220b1d4|rpc:10.1.0.23:43989|priority:1, f22def52-3ff3-45a1-9b56-9fd420a51670|rpc:10.1.0.23:37919|priority:0, 0e2a075e-53a8-462d-8f4f-c98e11d6e8a9|rpc:10.1.0.23:38473|priority:0], old=null, confs=<EMPTY_MAP>
2022-07-27 23:17:42,765 [pool-356-thread-1] INFO  server.RaftServerConfigKeys (ConfUtils.java:logGet(46)) - raft.server.storage.dir = [/home/runner/work/ozone/ozone/hadoop-ozone/integration-test/target/test-dir/MiniOzoneClusterImpl-b291e8c9-c3a0-4e1a-9e8e-aed05fc6be83/datanode-0/data/ratis] (custom)
2022-07-27 23:17:42,765 [pool-356-thread-1] INFO  server.RaftServerConfigKeys (ConfUtils.java:logGet(46)) - raft.server.log.corruption.policy = EXCEPTION (default)
2022-07-27 23:17:42,765 [pool-356-thread-1] INFO  server.RaftServerConfigKeys (ConfUtils.java:logGet(46)) - raft.server.storage.free-space.min = 0MB (=0) (default)
2022-07-27 23:17:42,765 [pool-356-thread-1] INFO  storage.RaftStorageDirectory (RaftStorageDirectoryImpl.java:analyzeStorage(135)) - The storage directory /home/runner/work/ozone/ozone/hadoop-ozone/integration-test/target/test-dir/MiniOzoneClusterImpl-b291e8c9-c3a0-4e1a-9e8e-aed05fc6be83/datanode-0/data/ratis/aba374bc-463b-4f00-937b-3c98930fcbf1 does not exist. Creating ...
2022-07-27 23:17:42,772 [EventQueue-OpenPipelineForHealthyPipelineSafeModeRule] INFO  safemode.SCMSafeModeManager (HealthyPipelineSafeModeRule.java:process(137)) - SCM in safe mode. Healthy pipelines reported count is 0, required healthy pipeline reported count is 1
2022-07-27 23:17:42,772 [pool-356-thread-1] INFO  storage.RaftStorageDirectory (RaftStorageDirectoryImpl.java:tryLock(230)) - Lock on /home/runner/work/ozone/ozone/hadoop-ozone/integration-test/target/test-dir/MiniOzoneClusterImpl-b291e8c9-c3a0-4e1a-9e8e-aed05fc6be83/datanode-0/data/ratis/aba374bc-463b-4f00-937b-3c98930fcbf1/in_use.lock acquired by nodename 1474@fv-az129-30
2022-07-27 23:17:42,779 [pool-356-thread-1] INFO  storage.RaftStorage (RaftStorageImpl.java:format(89)) - Storage directory /home/runner/work/ozone/ozone/hadoop-ozone/integration-test/target/test-dir/MiniOzoneClusterImpl-b291e8c9-c3a0-4e1a-9e8e-aed05fc6be83/datanode-0/data/ratis/aba374bc-463b-4f00-937b-3c98930fcbf1 has been successfully formatted.
2022-07-27 23:17:42,780 [EventQueue-OpenPipelineForHealthyPipelineSafeModeRule] INFO  safemode.SCMSafeModeManager (HealthyPipelineSafeModeRule.java:process(137)) - SCM in safe mode. Healthy pipelines reported count is 0, required healthy pipeline reported count is 1
2022-07-27 23:17:42,780 [pool-356-thread-1] INFO  ratis.ContainerStateMachine (ContainerStateMachine.java:loadSnapshot(236)) - group-3C98930FCBF1: The snapshot info is null. Setting the last applied indexto:(t:0, i:~)
2022-07-27 23:17:42,780 [pool-356-thread-1] INFO  server.RaftServerConfigKeys (ConfUtils.java:logGet(46)) - raft.server.notification.no-leader.timeout = 300s (custom)
2022-07-27 23:17:42,780 [pool-356-thread-1] INFO  server.RaftServerConfigKeys (ConfUtils.java:logGet(46)) - raft.server.log.use.memory = false (default)
2022-07-27 23:17:42,780 [pool-356-thread-1] INFO  server.RaftServerConfigKeys (ConfUtils.java:logGet(46)) - raft.server.log.purge.gap = 1000000 (custom)
2022-07-27 23:17:42,780 [pool-356-thread-1] INFO  server.RaftServerConfigKeys (ConfUtils.java:logGet(46)) - raft.server.log.appender.buffer.byte-limit = 33554432 (custom)
2022-07-27 23:17:42,780 [pool-356-thread-1] INFO  server.RaftServerConfigKeys (ConfUtils.java:logGet(46)) - raft.server.log.statemachine.data.read.timeout = 1000ms (default)
2022-07-27 23:17:42,780 [pool-356-thread-1] INFO  server.RaftServerConfigKeys (ConfUtils.java:logGet(46)) - raft.server.log.segment.size.max = 1048576 (custom)
2022-07-27 23:17:42,781 [pool-356-thread-1] INFO  server.RaftServerConfigKeys (ConfUtils.java:logGet(46)) - raft.server.log.segment.cache.num.max = 2 (custom)
2022-07-27 23:17:42,781 [pool-356-thread-1] INFO  server.RaftServerConfigKeys (ConfUtils.java:logGet(46)) - raft.server.log.segment.cache.size.max = 200MB (=209715200) (default)
2022-07-27 23:17:42,781 [pool-356-thread-1] INFO  segmented.SegmentedRaftLogWorker (SegmentedRaftLogWorker.java:<init>(187)) - new 2c19a24b-4032-4d82-8983-88a3c220b1d4@group-3C98930FCBF1-SegmentedRaftLogWorker for RaftStorageImpl:Storage Directory /home/runner/work/ozone/ozone/hadoop-ozone/integration-test/target/test-dir/MiniOzoneClusterImpl-b291e8c9-c3a0-4e1a-9e8e-aed05fc6be83/datanode-0/data/ratis/aba374bc-463b-4f00-937b-3c98930fcbf1
2022-07-27 23:17:42,781 [pool-356-thread-1] INFO  server.RaftServerConfigKeys (ConfUtils.java:logGet(46)) - raft.server.log.queue.byte-limit = 4294967296 (custom)
2022-07-27 23:17:42,781 [pool-356-thread-1] INFO  server.RaftServerConfigKeys (ConfUtils.java:logGet(46)) - raft.server.log.queue.element-limit = 1024 (custom)
2022-07-27 23:17:42,781 [pool-356-thread-1] INFO  server.RaftServerConfigKeys (ConfUtils.java:logGet(46)) - raft.server.log.segment.size.max = 1048576 (custom)
2022-07-27 23:17:42,781 [pool-356-thread-1] INFO  server.RaftServerConfigKeys (ConfUtils.java:logGet(46)) - raft.server.log.preallocated.size = 16384 (custom)
2022-07-27 23:17:42,781 [pool-356-thread-1] INFO  server.RaftServerConfigKeys (ConfUtils.java:logGet(46)) - raft.server.log.force.sync.num = 128 (default)
2022-07-27 23:17:42,781 [pool-356-thread-1] INFO  server.RaftServerConfigKeys (ConfUtils.java:logGet(46)) - raft.server.log.statemachine.data.sync = true (default)
2022-07-27 23:17:42,781 [pool-356-thread-1] INFO  server.RaftServerConfigKeys (ConfUtils.java:logGet(46)) - raft.server.log.statemachine.data.sync.timeout = 10s (default)
2022-07-27 23:17:42,781 [pool-356-thread-1] INFO  server.RaftServerConfigKeys (ConfUtils.java:logGet(46)) - raft.server.log.statemachine.data.sync.timeout.retry = -1 (default)
2022-07-27 23:17:42,782 [pool-356-thread-1] INFO  server.RaftServerConfigKeys (ConfUtils.java:logGet(46)) - raft.server.log.write.buffer.size = 1048576 (custom)
2022-07-27 23:17:42,782 [pool-356-thread-1] INFO  server.RaftServerConfigKeys (ConfUtils.java:logGet(46)) - raft.server.log.unsafe-flush.enabled = false (default)
2022-07-27 23:17:42,782 [pool-356-thread-1] INFO  server.RaftServerConfigKeys (ConfUtils.java:logGet(46)) - raft.server.log.statemachine.data.caching.enabled = true (custom)
2022-07-27 23:17:42,782 [pool-356-thread-1] INFO  segmented.SegmentedRaftLogWorker (SegmentedRaftLogWorker.java:lambda$new$0(135)) - 2c19a24b-4032-4d82-8983-88a3c220b1d4@group-3C98930FCBF1-SegmentedRaftLogWorker: flushIndex: setUnconditionally 0 -> -1
2022-07-27 23:17:42,782 [pool-356-thread-1] INFO  segmented.SegmentedRaftLogWorker (SegmentedRaftLogWorker.java:lambda$new$0(135)) - 2c19a24b-4032-4d82-8983-88a3c220b1d4@group-3C98930FCBF1-SegmentedRaftLogWorker: safeCacheEvictIndex: setUnconditionally 0 -> -1
2022-07-27 23:17:42,783 [pool-356-thread-1] INFO  server.RaftServerConfigKeys (ConfUtils.java:logGet(46)) - raft.server.snapshot.auto.trigger.enabled = true (custom)
2022-07-27 23:17:42,783 [pool-356-thread-1] INFO  server.RaftServerConfigKeys (ConfUtils.java:logGet(46)) - raft.server.snapshot.auto.trigger.threshold = 10000 (custom)
2022-07-27 23:17:42,783 [pool-356-thread-1] INFO  server.RaftServerConfigKeys (ConfUtils.java:logGet(46)) - raft.server.snapshot.retention.file.num = 5 (custom)
2022-07-27 23:17:42,783 [pool-356-thread-1] INFO  server.RaftServerConfigKeys (ConfUtils.java:logGet(46)) - raft.server.log.purge.upto.snapshot.index = false (default)
2022-07-27 23:17:42,783 [pool-356-thread-1] INFO  server.RaftServerConfigKeys (ConfUtils.java:logGet(46)) - raft.server.retrycache.expirytime = 600000ms (custom)
2022-07-27 23:17:42,783 [pool-356-thread-1] INFO  server.RaftServerConfigKeys (ConfUtils.java:logGet(46)) - raft.server.retrycache.statistics.expirytime = 100μs (default)
2022-07-27 23:17:42,785 [pool-356-thread-1] INFO  server.RaftServerConfigKeys (ConfUtils.java:logGet(46)) - raft.server.log.appender.install.snapshot.enabled = false (custom)
2022-07-27 23:17:42,785 [pool-356-thread-1] INFO  server.RaftServerConfigKeys (ConfUtils.java:logGet(46)) - raft.server.threadpool.server.cached = true (default)
2022-07-27 23:17:42,785 [pool-356-thread-1] INFO  server.RaftServerConfigKeys (ConfUtils.java:logGet(46)) - raft.server.threadpool.server.size = 0 (default)
2022-07-27 23:17:42,785 [pool-356-thread-1] INFO  server.RaftServerConfigKeys (ConfUtils.java:logGet(46)) - raft.server.threadpool.client.cached = true (default)
2022-07-27 23:17:42,785 [pool-356-thread-1] INFO  server.RaftServerConfigKeys (ConfUtils.java:logGet(46)) - raft.server.threadpool.client.size = 0 (default)
2022-07-27 23:17:42,785 [pool-356-thread-1] INFO  server.RaftServer$Division (RaftServerImpl.java:start(310)) - 2c19a24b-4032-4d82-8983-88a3c220b1d4@group-3C98930FCBF1: start as a follower, conf=-1: [2c19a24b-4032-4d82-8983-88a3c220b1d4|rpc:10.1.0.23:43989|priority:1, f22def52-3ff3-45a1-9b56-9fd420a51670|rpc:10.1.0.23:37919|priority:0, 0e2a075e-53a8-462d-8f4f-c98e11d6e8a9|rpc:10.1.0.23:38473|priority:0], old=null
2022-07-27 23:17:42,785 [pool-356-thread-1] INFO  server.RaftServer$Division (RaftServerImpl.java:setRole(299)) - 2c19a24b-4032-4d82-8983-88a3c220b1d4@group-3C98930FCBF1: changes role from      null to FOLLOWER at term 0 for startAsFollower
2022-07-27 23:17:42,785 [pool-356-thread-1] INFO  impl.RoleInfo (RoleInfo.java:updateAndGet(139)) - 2c19a24b-4032-4d82-8983-88a3c220b1d4: start 2c19a24b-4032-4d82-8983-88a3c220b1d4@group-3C98930FCBF1-FollowerState
2022-07-27 23:17:42,785 [pool-356-thread-1] INFO  util.JmxRegister (JmxRegister.java:tryRegister(44)) - Successfully registered JMX Bean with object name Ratis:service=RaftServer,group=group-3C98930FCBF1,id=2c19a24b-4032-4d82-8983-88a3c220b1d4
2022-07-27 23:17:42,797 [Command processor thread] INFO  ratis.XceiverServerRatis (XceiverServerRatis.java:addGroup(765)) - Created group PipelineID=aba374bc-463b-4f00-937b-3c98930fcbf1
2022-07-27 23:17:42,878 [grpc-default-executor-0] INFO  server.RaftServer (RaftServerProxy.java:addNew(96)) - f22def52-3ff3-45a1-9b56-9fd420a51670: addNew group-3C98930FCBF1:[2c19a24b-4032-4d82-8983-88a3c220b1d4|rpc:10.1.0.23:43989|dataStream:|priority:1, f22def52-3ff3-45a1-9b56-9fd420a51670|rpc:10.1.0.23:37919|dataStream:|priority:0, 0e2a075e-53a8-462d-8f4f-c98e11d6e8a9|rpc:10.1.0.23:38473|dataStream:|priority:0] returns group-3C98930FCBF1:java.util.concurrent.CompletableFuture@170b95cf[Not completed]
2022-07-27 23:17:42,890 [pool-379-thread-1] INFO  server.RaftServer$Division (RaftServerImpl.java:<init>(190)) - f22def52-3ff3-45a1-9b56-9fd420a51670: new RaftServerImpl for group-3C98930FCBF1:[2c19a24b-4032-4d82-8983-88a3c220b1d4|rpc:10.1.0.23:43989|dataStream:|priority:1, f22def52-3ff3-45a1-9b56-9fd420a51670|rpc:10.1.0.23:37919|dataStream:|priority:0, 0e2a075e-53a8-462d-8f4f-c98e11d6e8a9|rpc:10.1.0.23:38473|dataStream:|priority:0] with ContainerStateMachine:uninitialized
2022-07-27 23:17:42,890 [pool-379-thread-1] INFO  server.RaftServerConfigKeys (ConfUtils.java:logGet(46)) - raft.server.rpc.timeout.min = 5s (custom)
2022-07-27 23:17:42,890 [pool-379-thread-1] INFO  server.RaftServerConfigKeys (ConfUtils.java:logGet(46)) - raft.server.rpc.timeout.max = 5200ms (custom)
2022-07-27 23:17:42,890 [pool-379-thread-1] INFO  server.RaftServerConfigKeys (ConfUtils.java:logGet(46)) - raft.server.rpc.sleep.time = 25ms (default)
2022-07-27 23:17:42,890 [pool-379-thread-1] INFO  server.RaftServerConfigKeys (ConfUtils.java:logGet(46)) - raft.server.rpc.slowness.timeout = 300s (custom)
2022-07-27 23:17:42,891 [pool-379-thread-1] INFO  server.RaftServerConfigKeys (ConfUtils.java:logGet(46)) - raft.server.leaderelection.leader.step-down.wait-time = 10s (default)
2022-07-27 23:17:42,891 [pool-379-thread-1] INFO  server.RaftServerConfigKeys (ConfUtils.java:logGet(46)) - raft.server.sleep.deviation.threshold = 300ms (default)
2022-07-27 23:17:42,891 [pool-379-thread-1] INFO  server.RaftServer$Division (ServerState.java:<init>(107)) - f22def52-3ff3-45a1-9b56-9fd420a51670@group-3C98930FCBF1: ConfigurationManager, init=-1: [2c19a24b-4032-4d82-8983-88a3c220b1d4|rpc:10.1.0.23:43989|dataStream:|priority:1, f22def52-3ff3-45a1-9b56-9fd420a51670|rpc:10.1.0.23:37919|dataStream:|priority:0, 0e2a075e-53a8-462d-8f4f-c98e11d6e8a9|rpc:10.1.0.23:38473|dataStream:|priority:0], old=null, confs=<EMPTY_MAP>
2022-07-27 23:17:42,891 [pool-379-thread-1] INFO  server.RaftServerConfigKeys (ConfUtils.java:logGet(46)) - raft.server.storage.dir = [/home/runner/work/ozone/ozone/hadoop-ozone/integration-test/target/test-dir/MiniOzoneClusterImpl-b291e8c9-c3a0-4e1a-9e8e-aed05fc6be83/datanode-1/data/ratis] (custom)
2022-07-27 23:17:42,891 [pool-379-thread-1] INFO  server.RaftServerConfigKeys (ConfUtils.java:logGet(46)) - raft.server.log.corruption.policy = EXCEPTION (default)
2022-07-27 23:17:42,891 [pool-379-thread-1] INFO  server.RaftServerConfigKeys (ConfUtils.java:logGet(46)) - raft.server.storage.free-space.min = 0MB (=0) (default)
2022-07-27 23:17:42,891 [pool-379-thread-1] INFO  storage.RaftStorageDirectory (RaftStorageDirectoryImpl.java:analyzeStorage(135)) - The storage directory /home/runner/work/ozone/ozone/hadoop-ozone/integration-test/target/test-dir/MiniOzoneClusterImpl-b291e8c9-c3a0-4e1a-9e8e-aed05fc6be83/datanode-1/data/ratis/aba374bc-463b-4f00-937b-3c98930fcbf1 does not exist. Creating ...
2022-07-27 23:17:42,892 [pool-379-thread-1] INFO  storage.RaftStorageDirectory (RaftStorageDirectoryImpl.java:tryLock(230)) - Lock on /home/runner/work/ozone/ozone/hadoop-ozone/integration-test/target/test-dir/MiniOzoneClusterImpl-b291e8c9-c3a0-4e1a-9e8e-aed05fc6be83/datanode-1/data/ratis/aba374bc-463b-4f00-937b-3c98930fcbf1/in_use.lock acquired by nodename 1474@fv-az129-30
2022-07-27 23:17:42,894 [pool-379-thread-1] INFO  storage.RaftStorage (RaftStorageImpl.java:format(89)) - Storage directory /home/runner/work/ozone/ozone/hadoop-ozone/integration-test/target/test-dir/MiniOzoneClusterImpl-b291e8c9-c3a0-4e1a-9e8e-aed05fc6be83/datanode-1/data/ratis/aba374bc-463b-4f00-937b-3c98930fcbf1 has been successfully formatted.
2022-07-27 23:17:42,910 [pool-379-thread-1] INFO  ratis.ContainerStateMachine (ContainerStateMachine.java:loadSnapshot(236)) - group-3C98930FCBF1: The snapshot info is null. Setting the last applied indexto:(t:0, i:~)
2022-07-27 23:17:42,910 [pool-379-thread-1] INFO  server.RaftServerConfigKeys (ConfUtils.java:logGet(46)) - raft.server.notification.no-leader.timeout = 300s (custom)
2022-07-27 23:17:42,910 [pool-379-thread-1] INFO  server.RaftServerConfigKeys (ConfUtils.java:logGet(46)) - raft.server.log.use.memory = false (default)
2022-07-27 23:17:42,910 [pool-379-thread-1] INFO  server.RaftServerConfigKeys (ConfUtils.java:logGet(46)) - raft.server.log.purge.gap = 1000000 (custom)
2022-07-27 23:17:42,910 [pool-379-thread-1] INFO  server.RaftServerConfigKeys (ConfUtils.java:logGet(46)) - raft.server.log.appender.buffer.byte-limit = 33554432 (custom)
2022-07-27 23:17:42,910 [pool-379-thread-1] INFO  server.RaftServerConfigKeys (ConfUtils.java:logGet(46)) - raft.server.log.statemachine.data.read.timeout = 1000ms (default)
2022-07-27 23:17:42,910 [pool-379-thread-1] INFO  server.RaftServerConfigKeys (ConfUtils.java:logGet(46)) - raft.server.log.segment.size.max = 1048576 (custom)
2022-07-27 23:17:42,911 [pool-379-thread-1] INFO  server.RaftServerConfigKeys (ConfUtils.java:logGet(46)) - raft.server.log.segment.cache.num.max = 2 (custom)
2022-07-27 23:17:42,911 [pool-379-thread-1] INFO  server.RaftServerConfigKeys (ConfUtils.java:logGet(46)) - raft.server.log.segment.cache.size.max = 200MB (=209715200) (default)
2022-07-27 23:17:42,911 [pool-379-thread-1] INFO  segmented.SegmentedRaftLogWorker (SegmentedRaftLogWorker.java:<init>(187)) - new f22def52-3ff3-45a1-9b56-9fd420a51670@group-3C98930FCBF1-SegmentedRaftLogWorker for RaftStorageImpl:Storage Directory /home/runner/work/ozone/ozone/hadoop-ozone/integration-test/target/test-dir/MiniOzoneClusterImpl-b291e8c9-c3a0-4e1a-9e8e-aed05fc6be83/datanode-1/data/ratis/aba374bc-463b-4f00-937b-3c98930fcbf1
2022-07-27 23:17:42,911 [pool-379-thread-1] INFO  server.RaftServerConfigKeys (ConfUtils.java:logGet(46)) - raft.server.log.queue.byte-limit = 4294967296 (custom)
2022-07-27 23:17:42,911 [pool-379-thread-1] INFO  server.RaftServerConfigKeys (ConfUtils.java:logGet(46)) - raft.server.log.queue.element-limit = 1024 (custom)
2022-07-27 23:17:42,911 [pool-379-thread-1] INFO  server.RaftServerConfigKeys (ConfUtils.java:logGet(46)) - raft.server.log.segment.size.max = 1048576 (custom)
2022-07-27 23:17:42,911 [pool-379-thread-1] INFO  server.RaftServerConfigKeys (ConfUtils.java:logGet(46)) - raft.server.log.preallocated.size = 16384 (custom)
2022-07-27 23:17:42,911 [pool-379-thread-1] INFO  server.RaftServerConfigKeys (ConfUtils.java:logGet(46)) - raft.server.log.force.sync.num = 128 (default)
2022-07-27 23:17:42,911 [pool-379-thread-1] INFO  server.RaftServerConfigKeys (ConfUtils.java:logGet(46)) - raft.server.log.statemachine.data.sync = true (default)
2022-07-27 23:17:42,911 [pool-379-thread-1] INFO  server.RaftServerConfigKeys (ConfUtils.java:logGet(46)) - raft.server.log.statemachine.data.sync.timeout = 10s (default)
2022-07-27 23:17:42,911 [pool-379-thread-1] INFO  server.RaftServerConfigKeys (ConfUtils.java:logGet(46)) - raft.server.log.statemachine.data.sync.timeout.retry = -1 (default)
2022-07-27 23:17:42,912 [pool-379-thread-1] INFO  server.RaftServerConfigKeys (ConfUtils.java:logGet(46)) - raft.server.log.write.buffer.size = 1048576 (custom)
2022-07-27 23:17:42,912 [pool-379-thread-1] INFO  server.RaftServerConfigKeys (ConfUtils.java:logGet(46)) - raft.server.log.unsafe-flush.enabled = false (default)
2022-07-27 23:17:42,912 [pool-379-thread-1] INFO  server.RaftServerConfigKeys (ConfUtils.java:logGet(46)) - raft.server.log.statemachine.data.caching.enabled = true (custom)
2022-07-27 23:17:42,912 [pool-379-thread-1] INFO  segmented.SegmentedRaftLogWorker (SegmentedRaftLogWorker.java:lambda$new$0(135)) - f22def52-3ff3-45a1-9b56-9fd420a51670@group-3C98930FCBF1-SegmentedRaftLogWorker: flushIndex: setUnconditionally 0 -> -1
2022-07-27 23:17:42,912 [pool-379-thread-1] INFO  segmented.SegmentedRaftLogWorker (SegmentedRaftLogWorker.java:lambda$new$0(135)) - f22def52-3ff3-45a1-9b56-9fd420a51670@group-3C98930FCBF1-SegmentedRaftLogWorker: safeCacheEvictIndex: setUnconditionally 0 -> -1
2022-07-27 23:17:42,926 [pool-379-thread-1] INFO  server.RaftServerConfigKeys (ConfUtils.java:logGet(46)) - raft.server.snapshot.auto.trigger.enabled = true (custom)
2022-07-27 23:17:42,926 [pool-379-thread-1] INFO  server.RaftServerConfigKeys (ConfUtils.java:logGet(46)) - raft.server.snapshot.auto.trigger.threshold = 10000 (custom)
2022-07-27 23:17:42,926 [pool-379-thread-1] INFO  server.RaftServerConfigKeys (ConfUtils.java:logGet(46)) - raft.server.snapshot.retention.file.num = 5 (custom)
2022-07-27 23:17:42,926 [pool-379-thread-1] INFO  server.RaftServerConfigKeys (ConfUtils.java:logGet(46)) - raft.server.log.purge.upto.snapshot.index = false (default)
2022-07-27 23:17:42,926 [pool-379-thread-1] INFO  server.RaftServerConfigKeys (ConfUtils.java:logGet(46)) - raft.server.retrycache.expirytime = 600000ms (custom)
2022-07-27 23:17:42,926 [pool-379-thread-1] INFO  server.RaftServerConfigKeys (ConfUtils.java:logGet(46)) - raft.server.retrycache.statistics.expirytime = 100μs (default)
2022-07-27 23:17:42,927 [pool-379-thread-1] INFO  server.RaftServerConfigKeys (ConfUtils.java:logGet(46)) - raft.server.log.appender.install.snapshot.enabled = false (custom)
2022-07-27 23:17:42,927 [pool-379-thread-1] INFO  server.RaftServerConfigKeys (ConfUtils.java:logGet(46)) - raft.server.threadpool.server.cached = true (default)
2022-07-27 23:17:42,927 [pool-379-thread-1] INFO  server.RaftServerConfigKeys (ConfUtils.java:logGet(46)) - raft.server.threadpool.server.size = 0 (default)
2022-07-27 23:17:42,927 [pool-379-thread-1] INFO  server.RaftServerConfigKeys (ConfUtils.java:logGet(46)) - raft.server.threadpool.client.cached = true (default)
2022-07-27 23:17:42,927 [pool-379-thread-1] INFO  server.RaftServerConfigKeys (ConfUtils.java:logGet(46)) - raft.server.threadpool.client.size = 0 (default)
2022-07-27 23:17:42,927 [pool-379-thread-1] INFO  server.RaftServer$Division (RaftServerImpl.java:start(310)) - f22def52-3ff3-45a1-9b56-9fd420a51670@group-3C98930FCBF1: start as a follower, conf=-1: [2c19a24b-4032-4d82-8983-88a3c220b1d4|rpc:10.1.0.23:43989|dataStream:|priority:1, f22def52-3ff3-45a1-9b56-9fd420a51670|rpc:10.1.0.23:37919|dataStream:|priority:0, 0e2a075e-53a8-462d-8f4f-c98e11d6e8a9|rpc:10.1.0.23:38473|dataStream:|priority:0], old=null
2022-07-27 23:17:42,927 [pool-379-thread-1] INFO  server.RaftServer$Division (RaftServerImpl.java:setRole(299)) - f22def52-3ff3-45a1-9b56-9fd420a51670@group-3C98930FCBF1: changes role from      null to FOLLOWER at term 0 for startAsFollower
2022-07-27 23:17:42,927 [pool-379-thread-1] INFO  impl.RoleInfo (RoleInfo.java:updateAndGet(139)) - f22def52-3ff3-45a1-9b56-9fd420a51670: start f22def52-3ff3-45a1-9b56-9fd420a51670@group-3C98930FCBF1-FollowerState
2022-07-27 23:17:42,928 [pool-379-thread-1] INFO  util.JmxRegister (JmxRegister.java:tryRegister(44)) - Successfully registered JMX Bean with object name Ratis:service=RaftServer,group=group-3C98930FCBF1,id=f22def52-3ff3-45a1-9b56-9fd420a51670
2022-07-27 23:17:43,010 [grpc-default-executor-0] INFO  server.RaftServer (RaftServerProxy.java:addNew(96)) - 0e2a075e-53a8-462d-8f4f-c98e11d6e8a9: addNew group-3C98930FCBF1:[2c19a24b-4032-4d82-8983-88a3c220b1d4|rpc:10.1.0.23:43989|dataStream:|priority:1, f22def52-3ff3-45a1-9b56-9fd420a51670|rpc:10.1.0.23:37919|dataStream:|priority:0, 0e2a075e-53a8-462d-8f4f-c98e11d6e8a9|rpc:10.1.0.23:38473|dataStream:|priority:0] returns group-3C98930FCBF1:java.util.concurrent.CompletableFuture@56199e60[Not completed]
2022-07-27 23:17:43,018 [pool-402-thread-1] INFO  server.RaftServer$Division (RaftServerImpl.java:<init>(190)) - 0e2a075e-53a8-462d-8f4f-c98e11d6e8a9: new RaftServerImpl for group-3C98930FCBF1:[2c19a24b-4032-4d82-8983-88a3c220b1d4|rpc:10.1.0.23:43989|dataStream:|priority:1, f22def52-3ff3-45a1-9b56-9fd420a51670|rpc:10.1.0.23:37919|dataStream:|priority:0, 0e2a075e-53a8-462d-8f4f-c98e11d6e8a9|rpc:10.1.0.23:38473|dataStream:|priority:0] with ContainerStateMachine:uninitialized
2022-07-27 23:17:43,019 [pool-402-thread-1] INFO  server.RaftServerConfigKeys (ConfUtils.java:logGet(46)) - raft.server.rpc.timeout.min = 5s (custom)
2022-07-27 23:17:43,019 [pool-402-thread-1] INFO  server.RaftServerConfigKeys (ConfUtils.java:logGet(46)) - raft.server.rpc.timeout.max = 5200ms (custom)
2022-07-27 23:17:43,019 [pool-402-thread-1] INFO  server.RaftServerConfigKeys (ConfUtils.java:logGet(46)) - raft.server.rpc.sleep.time = 25ms (default)
2022-07-27 23:17:43,019 [pool-402-thread-1] INFO  server.RaftServerConfigKeys (ConfUtils.java:logGet(46)) - raft.server.rpc.slowness.timeout = 300s (custom)
2022-07-27 23:17:43,019 [pool-402-thread-1] INFO  server.RaftServerConfigKeys (ConfUtils.java:logGet(46)) - raft.server.leaderelection.leader.step-down.wait-time = 10s (default)
2022-07-27 23:17:43,019 [pool-402-thread-1] INFO  server.RaftServerConfigKeys (ConfUtils.java:logGet(46)) - raft.server.sleep.deviation.threshold = 300ms (default)
2022-07-27 23:17:43,019 [pool-402-thread-1] INFO  server.RaftServer$Division (ServerState.java:<init>(107)) - 0e2a075e-53a8-462d-8f4f-c98e11d6e8a9@group-3C98930FCBF1: ConfigurationManager, init=-1: [2c19a24b-4032-4d82-8983-88a3c220b1d4|rpc:10.1.0.23:43989|dataStream:|priority:1, f22def52-3ff3-45a1-9b56-9fd420a51670|rpc:10.1.0.23:37919|dataStream:|priority:0, 0e2a075e-53a8-462d-8f4f-c98e11d6e8a9|rpc:10.1.0.23:38473|dataStream:|priority:0], old=null, confs=<EMPTY_MAP>
2022-07-27 23:17:43,019 [pool-402-thread-1] INFO  server.RaftServerConfigKeys (ConfUtils.java:logGet(46)) - raft.server.storage.dir = [/home/runner/work/ozone/ozone/hadoop-ozone/integration-test/target/test-dir/MiniOzoneClusterImpl-b291e8c9-c3a0-4e1a-9e8e-aed05fc6be83/datanode-2/data/ratis] (custom)
2022-07-27 23:17:43,019 [pool-402-thread-1] INFO  server.RaftServerConfigKeys (ConfUtils.java:logGet(46)) - raft.server.log.corruption.policy = EXCEPTION (default)
2022-07-27 23:17:43,019 [pool-402-thread-1] INFO  server.RaftServerConfigKeys (ConfUtils.java:logGet(46)) - raft.server.storage.free-space.min = 0MB (=0) (default)
2022-07-27 23:17:43,019 [pool-402-thread-1] INFO  storage.RaftStorageDirectory (RaftStorageDirectoryImpl.java:analyzeStorage(135)) - The storage directory /home/runner/work/ozone/ozone/hadoop-ozone/integration-test/target/test-dir/MiniOzoneClusterImpl-b291e8c9-c3a0-4e1a-9e8e-aed05fc6be83/datanode-2/data/ratis/aba374bc-463b-4f00-937b-3c98930fcbf1 does not exist. Creating ...
2022-07-27 23:17:43,022 [pool-402-thread-1] INFO  storage.RaftStorageDirectory (RaftStorageDirectoryImpl.java:tryLock(230)) - Lock on /home/runner/work/ozone/ozone/hadoop-ozone/integration-test/target/test-dir/MiniOzoneClusterImpl-b291e8c9-c3a0-4e1a-9e8e-aed05fc6be83/datanode-2/data/ratis/aba374bc-463b-4f00-937b-3c98930fcbf1/in_use.lock acquired by nodename 1474@fv-az129-30
2022-07-27 23:17:43,023 [pool-402-thread-1] INFO  storage.RaftStorage (RaftStorageImpl.java:format(89)) - Storage directory /home/runner/work/ozone/ozone/hadoop-ozone/integration-test/target/test-dir/MiniOzoneClusterImpl-b291e8c9-c3a0-4e1a-9e8e-aed05fc6be83/datanode-2/data/ratis/aba374bc-463b-4f00-937b-3c98930fcbf1 has been successfully formatted.
2022-07-27 23:17:43,024 [pool-402-thread-1] INFO  ratis.ContainerStateMachine (ContainerStateMachine.java:loadSnapshot(236)) - group-3C98930FCBF1: The snapshot info is null. Setting the last applied indexto:(t:0, i:~)
2022-07-27 23:17:43,029 [pool-402-thread-1] INFO  server.RaftServerConfigKeys (ConfUtils.java:logGet(46)) - raft.server.notification.no-leader.timeout = 300s (custom)
2022-07-27 23:17:43,029 [pool-402-thread-1] INFO  server.RaftServerConfigKeys (ConfUtils.java:logGet(46)) - raft.server.log.use.memory = false (default)
2022-07-27 23:17:43,029 [pool-402-thread-1] INFO  server.RaftServerConfigKeys (ConfUtils.java:logGet(46)) - raft.server.log.purge.gap = 1000000 (custom)
2022-07-27 23:17:43,029 [pool-402-thread-1] INFO  server.RaftServerConfigKeys (ConfUtils.java:logGet(46)) - raft.server.log.appender.buffer.byte-limit = 33554432 (custom)
2022-07-27 23:17:43,030 [pool-402-thread-1] INFO  server.RaftServerConfigKeys (ConfUtils.java:logGet(46)) - raft.server.log.statemachine.data.read.timeout = 1000ms (default)
2022-07-27 23:17:43,030 [pool-402-thread-1] INFO  server.RaftServerConfigKeys (ConfUtils.java:logGet(46)) - raft.server.log.segment.size.max = 1048576 (custom)
2022-07-27 23:17:43,030 [pool-402-thread-1] INFO  server.RaftServerConfigKeys (ConfUtils.java:logGet(46)) - raft.server.log.segment.cache.num.max = 2 (custom)
2022-07-27 23:17:43,030 [pool-402-thread-1] INFO  server.RaftServerConfigKeys (ConfUtils.java:logGet(46)) - raft.server.log.segment.cache.size.max = 200MB (=209715200) (default)
2022-07-27 23:17:43,030 [pool-402-thread-1] INFO  segmented.SegmentedRaftLogWorker (SegmentedRaftLogWorker.java:<init>(187)) - new 0e2a075e-53a8-462d-8f4f-c98e11d6e8a9@group-3C98930FCBF1-SegmentedRaftLogWorker for RaftStorageImpl:Storage Directory /home/runner/work/ozone/ozone/hadoop-ozone/integration-test/target/test-dir/MiniOzoneClusterImpl-b291e8c9-c3a0-4e1a-9e8e-aed05fc6be83/datanode-2/data/ratis/aba374bc-463b-4f00-937b-3c98930fcbf1
2022-07-27 23:17:43,030 [pool-402-thread-1] INFO  server.RaftServerConfigKeys (ConfUtils.java:logGet(46)) - raft.server.log.queue.byte-limit = 4294967296 (custom)
2022-07-27 23:17:43,030 [pool-402-thread-1] INFO  server.RaftServerConfigKeys (ConfUtils.java:logGet(46)) - raft.server.log.queue.element-limit = 1024 (custom)
2022-07-27 23:17:43,030 [pool-402-thread-1] INFO  server.RaftServerConfigKeys (ConfUtils.java:logGet(46)) - raft.server.log.segment.size.max = 1048576 (custom)
2022-07-27 23:17:43,030 [pool-402-thread-1] INFO  server.RaftServerConfigKeys (ConfUtils.java:logGet(46)) - raft.server.log.preallocated.size = 16384 (custom)
2022-07-27 23:17:43,030 [pool-402-thread-1] INFO  server.RaftServerConfigKeys (ConfUtils.java:logGet(46)) - raft.server.log.force.sync.num = 128 (default)
2022-07-27 23:17:43,030 [pool-402-thread-1] INFO  server.RaftServerConfigKeys (ConfUtils.java:logGet(46)) - raft.server.log.statemachine.data.sync = true (default)
2022-07-27 23:17:43,030 [pool-402-thread-1] INFO  server.RaftServerConfigKeys (ConfUtils.java:logGet(46)) - raft.server.log.statemachine.data.sync.timeout = 10s (default)
2022-07-27 23:17:43,031 [pool-402-thread-1] INFO  server.RaftServerConfigKeys (ConfUtils.java:logGet(46)) - raft.server.log.statemachine.data.sync.timeout.retry = -1 (default)
2022-07-27 23:17:43,031 [pool-402-thread-1] INFO  server.RaftServerConfigKeys (ConfUtils.java:logGet(46)) - raft.server.log.write.buffer.size = 1048576 (custom)
2022-07-27 23:17:43,032 [pool-402-thread-1] INFO  server.RaftServerConfigKeys (ConfUtils.java:logGet(46)) - raft.server.log.unsafe-flush.enabled = false (default)
2022-07-27 23:17:43,032 [pool-402-thread-1] INFO  server.RaftServerConfigKeys (ConfUtils.java:logGet(46)) - raft.server.log.statemachine.data.caching.enabled = true (custom)
2022-07-27 23:17:43,032 [pool-402-thread-1] INFO  segmented.SegmentedRaftLogWorker (SegmentedRaftLogWorker.java:lambda$new$0(135)) - 0e2a075e-53a8-462d-8f4f-c98e11d6e8a9@group-3C98930FCBF1-SegmentedRaftLogWorker: flushIndex: setUnconditionally 0 -> -1
2022-07-27 23:17:43,032 [pool-402-thread-1] INFO  segmented.SegmentedRaftLogWorker (SegmentedRaftLogWorker.java:lambda$new$0(135)) - 0e2a075e-53a8-462d-8f4f-c98e11d6e8a9@group-3C98930FCBF1-SegmentedRaftLogWorker: safeCacheEvictIndex: setUnconditionally 0 -> -1
2022-07-27 23:17:43,039 [pool-402-thread-1] INFO  server.RaftServerConfigKeys (ConfUtils.java:logGet(46)) - raft.server.snapshot.auto.trigger.enabled = true (custom)
2022-07-27 23:17:43,039 [pool-402-thread-1] INFO  server.RaftServerConfigKeys (ConfUtils.java:logGet(46)) - raft.server.snapshot.auto.trigger.threshold = 10000 (custom)
2022-07-27 23:17:43,039 [pool-402-thread-1] INFO  server.RaftServerConfigKeys (ConfUtils.java:logGet(46)) - raft.server.snapshot.retention.file.num = 5 (custom)
2022-07-27 23:17:43,039 [pool-402-thread-1] INFO  server.RaftServerConfigKeys (ConfUtils.java:logGet(46)) - raft.server.log.purge.upto.snapshot.index = false (default)
2022-07-27 23:17:43,039 [pool-402-thread-1] INFO  server.RaftServerConfigKeys (ConfUtils.java:logGet(46)) - raft.server.retrycache.expirytime = 600000ms (custom)
2022-07-27 23:17:43,039 [pool-402-thread-1] INFO  server.RaftServerConfigKeys (ConfUtils.java:logGet(46)) - raft.server.retrycache.statistics.expirytime = 100μs (default)
2022-07-27 23:17:43,040 [pool-402-thread-1] INFO  server.RaftServerConfigKeys (ConfUtils.java:logGet(46)) - raft.server.log.appender.install.snapshot.enabled = false (custom)
2022-07-27 23:17:43,040 [pool-402-thread-1] INFO  server.RaftServerConfigKeys (ConfUtils.java:logGet(46)) - raft.server.threadpool.server.cached = true (default)
2022-07-27 23:17:43,040 [pool-402-thread-1] INFO  server.RaftServerConfigKeys (ConfUtils.java:logGet(46)) - raft.server.threadpool.server.size = 0 (default)
2022-07-27 23:17:43,040 [pool-402-thread-1] INFO  server.RaftServerConfigKeys (ConfUtils.java:logGet(46)) - raft.server.threadpool.client.cached = true (default)
2022-07-27 23:17:43,040 [pool-402-thread-1] INFO  server.RaftServerConfigKeys (ConfUtils.java:logGet(46)) - raft.server.threadpool.client.size = 0 (default)
2022-07-27 23:17:43,040 [pool-402-thread-1] INFO  server.RaftServer$Division (RaftServerImpl.java:start(310)) - 0e2a075e-53a8-462d-8f4f-c98e11d6e8a9@group-3C98930FCBF1: start as a follower, conf=-1: [2c19a24b-4032-4d82-8983-88a3c220b1d4|rpc:10.1.0.23:43989|dataStream:|priority:1, f22def52-3ff3-45a1-9b56-9fd420a51670|rpc:10.1.0.23:37919|dataStream:|priority:0, 0e2a075e-53a8-462d-8f4f-c98e11d6e8a9|rpc:10.1.0.23:38473|dataStream:|priority:0], old=null
2022-07-27 23:17:43,040 [pool-402-thread-1] INFO  server.RaftServer$Division (RaftServerImpl.java:setRole(299)) - 0e2a075e-53a8-462d-8f4f-c98e11d6e8a9@group-3C98930FCBF1: changes role from      null to FOLLOWER at term 0 for startAsFollower
2022-07-27 23:17:43,040 [pool-402-thread-1] INFO  impl.RoleInfo (RoleInfo.java:updateAndGet(139)) - 0e2a075e-53a8-462d-8f4f-c98e11d6e8a9: start 0e2a075e-53a8-462d-8f4f-c98e11d6e8a9@group-3C98930FCBF1-FollowerState
2022-07-27 23:17:43,054 [pool-402-thread-1] INFO  util.JmxRegister (JmxRegister.java:tryRegister(44)) - Successfully registered JMX Bean with object name Ratis:service=RaftServer,group=group-3C98930FCBF1,id=0e2a075e-53a8-462d-8f4f-c98e11d6e8a9
2022-07-27 23:17:43,083 [Command processor thread] INFO  commandhandler.CreatePipelineCommandHandler (CreatePipelineCommandHandler.java:handle(113)) - Created Pipeline RATIS THREE PipelineID=aba374bc-463b-4f00-937b-3c98930fcbf1.
2022-07-27 23:17:43,083 [Command processor thread] INFO  server.RaftServer (RaftServerProxy.java:addNew(96)) - 2c19a24b-4032-4d82-8983-88a3c220b1d4: addNew group-57FC34379998:[2c19a24b-4032-4d82-8983-88a3c220b1d4|rpc:10.1.0.23:43989|priority:0, f22def52-3ff3-45a1-9b56-9fd420a51670|rpc:10.1.0.23:37919|priority:1, 0e2a075e-53a8-462d-8f4f-c98e11d6e8a9|rpc:10.1.0.23:38473|priority:0] returns group-57FC34379998:java.util.concurrent.CompletableFuture@52cc45cb[Not completed]
2022-07-27 23:17:43,084 [pool-356-thread-1] INFO  server.RaftServer$Division (RaftServerImpl.java:<init>(190)) - 2c19a24b-4032-4d82-8983-88a3c220b1d4: new RaftServerImpl for group-57FC34379998:[2c19a24b-4032-4d82-8983-88a3c220b1d4|rpc:10.1.0.23:43989|priority:0, f22def52-3ff3-45a1-9b56-9fd420a51670|rpc:10.1.0.23:37919|priority:1, 0e2a075e-53a8-462d-8f4f-c98e11d6e8a9|rpc:10.1.0.23:38473|priority:0] with ContainerStateMachine:uninitialized
2022-07-27 23:17:43,084 [pool-356-thread-1] INFO  server.RaftServerConfigKeys (ConfUtils.java:logGet(46)) - raft.server.rpc.timeout.min = 5s (custom)
2022-07-27 23:17:43,084 [pool-356-thread-1] INFO  server.RaftServerConfigKeys (ConfUtils.java:logGet(46)) - raft.server.rpc.timeout.max = 5200ms (custom)
2022-07-27 23:17:43,084 [pool-356-thread-1] INFO  server.RaftServerConfigKeys (ConfUtils.java:logGet(46)) - raft.server.rpc.sleep.time = 25ms (default)
2022-07-27 23:17:43,084 [pool-356-thread-1] INFO  server.RaftServerConfigKeys (ConfUtils.java:logGet(46)) - raft.server.rpc.slowness.timeout = 300s (custom)
2022-07-27 23:17:43,084 [pool-356-thread-1] INFO  server.RaftServerConfigKeys (ConfUtils.java:logGet(46)) - raft.server.leaderelection.leader.step-down.wait-time = 10s (default)
2022-07-27 23:17:43,084 [pool-356-thread-1] INFO  server.RaftServerConfigKeys (ConfUtils.java:logGet(46)) - raft.server.sleep.deviation.threshold = 300ms (default)
2022-07-27 23:17:43,084 [pool-356-thread-1] INFO  server.RaftServer$Division (ServerState.java:<init>(107)) - 2c19a24b-4032-4d82-8983-88a3c220b1d4@group-57FC34379998: ConfigurationManager, init=-1: [2c19a24b-4032-4d82-8983-88a3c220b1d4|rpc:10.1.0.23:43989|priority:0, f22def52-3ff3-45a1-9b56-9fd420a51670|rpc:10.1.0.23:37919|priority:1, 0e2a075e-53a8-462d-8f4f-c98e11d6e8a9|rpc:10.1.0.23:38473|priority:0], old=null, confs=<EMPTY_MAP>
2022-07-27 23:17:43,084 [pool-356-thread-1] INFO  server.RaftServerConfigKeys (ConfUtils.java:logGet(46)) - raft.server.storage.dir = [/home/runner/work/ozone/ozone/hadoop-ozone/integration-test/target/test-dir/MiniOzoneClusterImpl-b291e8c9-c3a0-4e1a-9e8e-aed05fc6be83/datanode-0/data/ratis] (custom)
2022-07-27 23:17:43,084 [pool-356-thread-1] INFO  server.RaftServerConfigKeys (ConfUtils.java:logGet(46)) - raft.server.log.corruption.policy = EXCEPTION (default)
2022-07-27 23:17:43,084 [pool-356-thread-1] INFO  server.RaftServerConfigKeys (ConfUtils.java:logGet(46)) - raft.server.storage.free-space.min = 0MB (=0) (default)
2022-07-27 23:17:43,084 [pool-356-thread-1] INFO  storage.RaftStorageDirectory (RaftStorageDirectoryImpl.java:analyzeStorage(135)) - The storage directory /home/runner/work/ozone/ozone/hadoop-ozone/integration-test/target/test-dir/MiniOzoneClusterImpl-b291e8c9-c3a0-4e1a-9e8e-aed05fc6be83/datanode-0/data/ratis/fb6d03eb-27c9-442a-bed5-57fc34379998 does not exist. Creating ...
2022-07-27 23:17:43,085 [pool-356-thread-1] INFO  storage.RaftStorageDirectory (RaftStorageDirectoryImpl.java:tryLock(230)) - Lock on /home/runner/work/ozone/ozone/hadoop-ozone/integration-test/target/test-dir/MiniOzoneClusterImpl-b291e8c9-c3a0-4e1a-9e8e-aed05fc6be83/datanode-0/data/ratis/fb6d03eb-27c9-442a-bed5-57fc34379998/in_use.lock acquired by nodename 1474@fv-az129-30
2022-07-27 23:17:43,086 [pool-356-thread-1] INFO  storage.RaftStorage (RaftStorageImpl.java:format(89)) - Storage directory /home/runner/work/ozone/ozone/hadoop-ozone/integration-test/target/test-dir/MiniOzoneClusterImpl-b291e8c9-c3a0-4e1a-9e8e-aed05fc6be83/datanode-0/data/ratis/fb6d03eb-27c9-442a-bed5-57fc34379998 has been successfully formatted.
2022-07-27 23:17:43,086 [pool-356-thread-1] INFO  ratis.ContainerStateMachine (ContainerStateMachine.java:loadSnapshot(236)) - group-57FC34379998: The snapshot info is null. Setting the last applied indexto:(t:0, i:~)
2022-07-27 23:17:43,086 [pool-356-thread-1] INFO  server.RaftServerConfigKeys (ConfUtils.java:logGet(46)) - raft.server.notification.no-leader.timeout = 300s (custom)
2022-07-27 23:17:43,086 [pool-356-thread-1] INFO  server.RaftServerConfigKeys (ConfUtils.java:logGet(46)) - raft.server.log.use.memory = false (default)
2022-07-27 23:17:43,086 [pool-356-thread-1] INFO  server.RaftServerConfigKeys (ConfUtils.java:logGet(46)) - raft.server.log.purge.gap = 1000000 (custom)
2022-07-27 23:17:43,086 [pool-356-thread-1] INFO  server.RaftServerConfigKeys (ConfUtils.java:logGet(46)) - raft.server.log.appender.buffer.byte-limit = 33554432 (custom)
2022-07-27 23:17:43,086 [pool-356-thread-1] INFO  server.RaftServerConfigKeys (ConfUtils.java:logGet(46)) - raft.server.log.statemachine.data.read.timeout = 1000ms (default)
2022-07-27 23:17:43,086 [pool-356-thread-1] INFO  server.RaftServerConfigKeys (ConfUtils.java:logGet(46)) - raft.server.log.segment.size.max = 1048576 (custom)
2022-07-27 23:17:43,087 [EventQueue-OpenPipelineForHealthyPipelineSafeModeRule] INFO  safemode.SCMSafeModeManager (HealthyPipelineSafeModeRule.java:process(137)) - SCM in safe mode. Healthy pipelines reported count is 0, required healthy pipeline reported count is 1
2022-07-27 23:17:43,087 [pool-356-thread-1] INFO  server.RaftServerConfigKeys (ConfUtils.java:logGet(46)) - raft.server.log.segment.cache.num.max = 2 (custom)
2022-07-27 23:17:43,088 [pool-356-thread-1] INFO  server.RaftServerConfigKeys (ConfUtils.java:logGet(46)) - raft.server.log.segment.cache.size.max = 200MB (=209715200) (default)
2022-07-27 23:17:43,088 [pool-356-thread-1] INFO  segmented.SegmentedRaftLogWorker (SegmentedRaftLogWorker.java:<init>(187)) - new 2c19a24b-4032-4d82-8983-88a3c220b1d4@group-57FC34379998-SegmentedRaftLogWorker for RaftStorageImpl:Storage Directory /home/runner/work/ozone/ozone/hadoop-ozone/integration-test/target/test-dir/MiniOzoneClusterImpl-b291e8c9-c3a0-4e1a-9e8e-aed05fc6be83/datanode-0/data/ratis/fb6d03eb-27c9-442a-bed5-57fc34379998
2022-07-27 23:17:43,088 [pool-356-thread-1] INFO  server.RaftServerConfigKeys (ConfUtils.java:logGet(46)) - raft.server.log.queue.byte-limit = 4294967296 (custom)
2022-07-27 23:17:43,088 [pool-356-thread-1] INFO  server.RaftServerConfigKeys (ConfUtils.java:logGet(46)) - raft.server.log.queue.element-limit = 1024 (custom)
2022-07-27 23:17:43,088 [pool-356-thread-1] INFO  server.RaftServerConfigKeys (ConfUtils.java:logGet(46)) - raft.server.log.segment.size.max = 1048576 (custom)
2022-07-27 23:17:43,088 [pool-356-thread-1] INFO  server.RaftServerConfigKeys (ConfUtils.java:logGet(46)) - raft.server.log.preallocated.size = 16384 (custom)
2022-07-27 23:17:43,088 [pool-356-thread-1] INFO  server.RaftServerConfigKeys (ConfUtils.java:logGet(46)) - raft.server.log.force.sync.num = 128 (default)
2022-07-27 23:17:43,088 [pool-356-thread-1] INFO  server.RaftServerConfigKeys (ConfUtils.java:logGet(46)) - raft.server.log.statemachine.data.sync = true (default)
2022-07-27 23:17:43,088 [pool-356-thread-1] INFO  server.RaftServerConfigKeys (ConfUtils.java:logGet(46)) - raft.server.log.statemachine.data.sync.timeout = 10s (default)
2022-07-27 23:17:43,088 [pool-356-thread-1] INFO  server.RaftServerConfigKeys (ConfUtils.java:logGet(46)) - raft.server.log.statemachine.data.sync.timeout.retry = -1 (default)
2022-07-27 23:17:43,089 [pool-356-thread-1] INFO  server.RaftServerConfigKeys (ConfUtils.java:logGet(46)) - raft.server.log.write.buffer.size = 1048576 (custom)
2022-07-27 23:17:43,089 [pool-356-thread-1] INFO  server.RaftServerConfigKeys (ConfUtils.java:logGet(46)) - raft.server.log.unsafe-flush.enabled = false (default)
2022-07-27 23:17:43,089 [pool-356-thread-1] INFO  server.RaftServerConfigKeys (ConfUtils.java:logGet(46)) - raft.server.log.statemachine.data.caching.enabled = true (custom)
2022-07-27 23:17:43,089 [pool-356-thread-1] INFO  segmented.SegmentedRaftLogWorker (SegmentedRaftLogWorker.java:lambda$new$0(135)) - 2c19a24b-4032-4d82-8983-88a3c220b1d4@group-57FC34379998-SegmentedRaftLogWorker: flushIndex: setUnconditionally 0 -> -1
2022-07-27 23:17:43,089 [pool-356-thread-1] INFO  segmented.SegmentedRaftLogWorker (SegmentedRaftLogWorker.java:lambda$new$0(135)) - 2c19a24b-4032-4d82-8983-88a3c220b1d4@group-57FC34379998-SegmentedRaftLogWorker: safeCacheEvictIndex: setUnconditionally 0 -> -1
2022-07-27 23:17:43,089 [pool-356-thread-1] INFO  server.RaftServerConfigKeys (ConfUtils.java:logGet(46)) - raft.server.snapshot.auto.trigger.enabled = true (custom)
2022-07-27 23:17:43,089 [pool-356-thread-1] INFO  server.RaftServerConfigKeys (ConfUtils.java:logGet(46)) - raft.server.snapshot.auto.trigger.threshold = 10000 (custom)
2022-07-27 23:17:43,089 [pool-356-thread-1] INFO  server.RaftServerConfigKeys (ConfUtils.java:logGet(46)) - raft.server.snapshot.retention.file.num = 5 (custom)
2022-07-27 23:17:43,090 [pool-356-thread-1] INFO  server.RaftServerConfigKeys (ConfUtils.java:logGet(46)) - raft.server.log.purge.upto.snapshot.index = false (default)
2022-07-27 23:17:43,090 [pool-356-thread-1] INFO  server.RaftServerConfigKeys (ConfUtils.java:logGet(46)) - raft.server.retrycache.expirytime = 600000ms (custom)
2022-07-27 23:17:43,090 [pool-356-thread-1] INFO  server.RaftServerConfigKeys (ConfUtils.java:logGet(46)) - raft.server.retrycache.statistics.expirytime = 100μs (default)
2022-07-27 23:17:43,091 [pool-356-thread-1] INFO  server.RaftServerConfigKeys (ConfUtils.java:logGet(46)) - raft.server.log.appender.install.snapshot.enabled = false (custom)
2022-07-27 23:17:43,091 [pool-356-thread-1] INFO  server.RaftServerConfigKeys (ConfUtils.java:logGet(46)) - raft.server.threadpool.server.cached = true (default)
2022-07-27 23:17:43,091 [pool-356-thread-1] INFO  server.RaftServerConfigKeys (ConfUtils.java:logGet(46)) - raft.server.threadpool.server.size = 0 (default)
2022-07-27 23:17:43,091 [pool-356-thread-1] INFO  server.RaftServerConfigKeys (ConfUtils.java:logGet(46)) - raft.server.threadpool.client.cached = true (default)
2022-07-27 23:17:43,091 [pool-356-thread-1] INFO  server.RaftServerConfigKeys (ConfUtils.java:logGet(46)) - raft.server.threadpool.client.size = 0 (default)
2022-07-27 23:17:43,091 [pool-356-thread-1] INFO  server.RaftServer$Division (RaftServerImpl.java:start(310)) - 2c19a24b-4032-4d82-8983-88a3c220b1d4@group-57FC34379998: start as a follower, conf=-1: [2c19a24b-4032-4d82-8983-88a3c220b1d4|rpc:10.1.0.23:43989|priority:0, f22def52-3ff3-45a1-9b56-9fd420a51670|rpc:10.1.0.23:37919|priority:1, 0e2a075e-53a8-462d-8f4f-c98e11d6e8a9|rpc:10.1.0.23:38473|priority:0], old=null
2022-07-27 23:17:43,091 [pool-356-thread-1] INFO  server.RaftServer$Division (RaftServerImpl.java:setRole(299)) - 2c19a24b-4032-4d82-8983-88a3c220b1d4@group-57FC34379998: changes role from      null to FOLLOWER at term 0 for startAsFollower
2022-07-27 23:17:43,091 [pool-356-thread-1] INFO  impl.RoleInfo (RoleInfo.java:updateAndGet(139)) - 2c19a24b-4032-4d82-8983-88a3c220b1d4: start 2c19a24b-4032-4d82-8983-88a3c220b1d4@group-57FC34379998-FollowerState
2022-07-27 23:17:43,091 [pool-356-thread-1] INFO  util.JmxRegister (JmxRegister.java:tryRegister(44)) - Successfully registered JMX Bean with object name Ratis:service=RaftServer,group=group-57FC34379998,id=2c19a24b-4032-4d82-8983-88a3c220b1d4
2022-07-27 23:17:43,092 [Command processor thread] INFO  ratis.XceiverServerRatis (XceiverServerRatis.java:addGroup(765)) - Created group PipelineID=fb6d03eb-27c9-442a-bed5-57fc34379998
2022-07-27 23:17:43,126 [grpc-default-executor-0] INFO  server.RaftServer (RaftServerProxy.java:addNew(96)) - f22def52-3ff3-45a1-9b56-9fd420a51670: addNew group-57FC34379998:[2c19a24b-4032-4d82-8983-88a3c220b1d4|rpc:10.1.0.23:43989|dataStream:|priority:0, f22def52-3ff3-45a1-9b56-9fd420a51670|rpc:10.1.0.23:37919|dataStream:|priority:1, 0e2a075e-53a8-462d-8f4f-c98e11d6e8a9|rpc:10.1.0.23:38473|dataStream:|priority:0] returns group-57FC34379998:java.util.concurrent.CompletableFuture@310c57d3[Not completed]
2022-07-27 23:17:43,130 [pool-379-thread-1] INFO  server.RaftServer$Division (RaftServerImpl.java:<init>(190)) - f22def52-3ff3-45a1-9b56-9fd420a51670: new RaftServerImpl for group-57FC34379998:[2c19a24b-4032-4d82-8983-88a3c220b1d4|rpc:10.1.0.23:43989|dataStream:|priority:0, f22def52-3ff3-45a1-9b56-9fd420a51670|rpc:10.1.0.23:37919|dataStream:|priority:1, 0e2a075e-53a8-462d-8f4f-c98e11d6e8a9|rpc:10.1.0.23:38473|dataStream:|priority:0] with ContainerStateMachine:uninitialized
2022-07-27 23:17:43,130 [pool-379-thread-1] INFO  server.RaftServerConfigKeys (ConfUtils.java:logGet(46)) - raft.server.rpc.timeout.min = 5s (custom)
2022-07-27 23:17:43,130 [pool-379-thread-1] INFO  server.RaftServerConfigKeys (ConfUtils.java:logGet(46)) - raft.server.rpc.timeout.max = 5200ms (custom)
2022-07-27 23:17:43,130 [pool-379-thread-1] INFO  server.RaftServerConfigKeys (ConfUtils.java:logGet(46)) - raft.server.rpc.sleep.time = 25ms (default)
2022-07-27 23:17:43,130 [pool-379-thread-1] INFO  server.RaftServerConfigKeys (ConfUtils.java:logGet(46)) - raft.server.rpc.slowness.timeout = 300s (custom)
2022-07-27 23:17:43,130 [pool-379-thread-1] INFO  server.RaftServerConfigKeys (ConfUtils.java:logGet(46)) - raft.server.leaderelection.leader.step-down.wait-time = 10s (default)
2022-07-27 23:17:43,131 [pool-379-thread-1] INFO  server.RaftServerConfigKeys (ConfUtils.java:logGet(46)) - raft.server.sleep.deviation.threshold = 300ms (default)
2022-07-27 23:17:43,131 [pool-379-thread-1] INFO  server.RaftServer$Division (ServerState.java:<init>(107)) - f22def52-3ff3-45a1-9b56-9fd420a51670@group-57FC34379998: ConfigurationManager, init=-1: [2c19a24b-4032-4d82-8983-88a3c220b1d4|rpc:10.1.0.23:43989|dataStream:|priority:0, f22def52-3ff3-45a1-9b56-9fd420a51670|rpc:10.1.0.23:37919|dataStream:|priority:1, 0e2a075e-53a8-462d-8f4f-c98e11d6e8a9|rpc:10.1.0.23:38473|dataStream:|priority:0], old=null, confs=<EMPTY_MAP>
2022-07-27 23:17:43,131 [pool-379-thread-1] INFO  server.RaftServerConfigKeys (ConfUtils.java:logGet(46)) - raft.server.storage.dir = [/home/runner/work/ozone/ozone/hadoop-ozone/integration-test/target/test-dir/MiniOzoneClusterImpl-b291e8c9-c3a0-4e1a-9e8e-aed05fc6be83/datanode-1/data/ratis] (custom)
2022-07-27 23:17:43,131 [pool-379-thread-1] INFO  server.RaftServerConfigKeys (ConfUtils.java:logGet(46)) - raft.server.log.corruption.policy = EXCEPTION (default)
2022-07-27 23:17:43,131 [pool-379-thread-1] INFO  server.RaftServerConfigKeys (ConfUtils.java:logGet(46)) - raft.server.storage.free-space.min = 0MB (=0) (default)
2022-07-27 23:17:43,131 [pool-379-thread-1] INFO  storage.RaftStorageDirectory (RaftStorageDirectoryImpl.java:analyzeStorage(135)) - The storage directory /home/runner/work/ozone/ozone/hadoop-ozone/integration-test/target/test-dir/MiniOzoneClusterImpl-b291e8c9-c3a0-4e1a-9e8e-aed05fc6be83/datanode-1/data/ratis/fb6d03eb-27c9-442a-bed5-57fc34379998 does not exist. Creating ...
2022-07-27 23:17:43,138 [pool-379-thread-1] INFO  storage.RaftStorageDirectory (RaftStorageDirectoryImpl.java:tryLock(230)) - Lock on /home/runner/work/ozone/ozone/hadoop-ozone/integration-test/target/test-dir/MiniOzoneClusterImpl-b291e8c9-c3a0-4e1a-9e8e-aed05fc6be83/datanode-1/data/ratis/fb6d03eb-27c9-442a-bed5-57fc34379998/in_use.lock acquired by nodename 1474@fv-az129-30
2022-07-27 23:17:43,143 [pool-379-thread-1] INFO  storage.RaftStorage (RaftStorageImpl.java:format(89)) - Storage directory /home/runner/work/ozone/ozone/hadoop-ozone/integration-test/target/test-dir/MiniOzoneClusterImpl-b291e8c9-c3a0-4e1a-9e8e-aed05fc6be83/datanode-1/data/ratis/fb6d03eb-27c9-442a-bed5-57fc34379998 has been successfully formatted.
2022-07-27 23:17:43,143 [pool-379-thread-1] INFO  ratis.ContainerStateMachine (ContainerStateMachine.java:loadSnapshot(236)) - group-57FC34379998: The snapshot info is null. Setting the last applied indexto:(t:0, i:~)
2022-07-27 23:17:43,148 [pool-379-thread-1] INFO  server.RaftServerConfigKeys (ConfUtils.java:logGet(46)) - raft.server.notification.no-leader.timeout = 300s (custom)
2022-07-27 23:17:43,148 [pool-379-thread-1] INFO  server.RaftServerConfigKeys (ConfUtils.java:logGet(46)) - raft.server.log.use.memory = false (default)
2022-07-27 23:17:43,148 [pool-379-thread-1] INFO  server.RaftServerConfigKeys (ConfUtils.java:logGet(46)) - raft.server.log.purge.gap = 1000000 (custom)
2022-07-27 23:17:43,148 [pool-379-thread-1] INFO  server.RaftServerConfigKeys (ConfUtils.java:logGet(46)) - raft.server.log.appender.buffer.byte-limit = 33554432 (custom)
2022-07-27 23:17:43,148 [pool-379-thread-1] INFO  server.RaftServerConfigKeys (ConfUtils.java:logGet(46)) - raft.server.log.statemachine.data.read.timeout = 1000ms (default)
2022-07-27 23:17:43,148 [pool-379-thread-1] INFO  server.RaftServerConfigKeys (ConfUtils.java:logGet(46)) - raft.server.log.segment.size.max = 1048576 (custom)
2022-07-27 23:17:43,149 [pool-379-thread-1] INFO  server.RaftServerConfigKeys (ConfUtils.java:logGet(46)) - raft.server.log.segment.cache.num.max = 2 (custom)
2022-07-27 23:17:43,149 [pool-379-thread-1] INFO  server.RaftServerConfigKeys (ConfUtils.java:logGet(46)) - raft.server.log.segment.cache.size.max = 200MB (=209715200) (default)
2022-07-27 23:17:43,149 [pool-379-thread-1] INFO  segmented.SegmentedRaftLogWorker (SegmentedRaftLogWorker.java:<init>(187)) - new f22def52-3ff3-45a1-9b56-9fd420a51670@group-57FC34379998-SegmentedRaftLogWorker for RaftStorageImpl:Storage Directory /home/runner/work/ozone/ozone/hadoop-ozone/integration-test/target/test-dir/MiniOzoneClusterImpl-b291e8c9-c3a0-4e1a-9e8e-aed05fc6be83/datanode-1/data/ratis/fb6d03eb-27c9-442a-bed5-57fc34379998
2022-07-27 23:17:43,149 [pool-379-thread-1] INFO  server.RaftServerConfigKeys (ConfUtils.java:logGet(46)) - raft.server.log.queue.byte-limit = 4294967296 (custom)
2022-07-27 23:17:43,149 [pool-379-thread-1] INFO  server.RaftServerConfigKeys (ConfUtils.java:logGet(46)) - raft.server.log.queue.element-limit = 1024 (custom)
2022-07-27 23:17:43,149 [pool-379-thread-1] INFO  server.RaftServerConfigKeys (ConfUtils.java:logGet(46)) - raft.server.log.segment.size.max = 1048576 (custom)
2022-07-27 23:17:43,149 [pool-379-thread-1] INFO  server.RaftServerConfigKeys (ConfUtils.java:logGet(46)) - raft.server.log.preallocated.size = 16384 (custom)
2022-07-27 23:17:43,149 [pool-379-thread-1] INFO  server.RaftServerConfigKeys (ConfUtils.java:logGet(46)) - raft.server.log.force.sync.num = 128 (default)
2022-07-27 23:17:43,149 [pool-379-thread-1] INFO  server.RaftServerConfigKeys (ConfUtils.java:logGet(46)) - raft.server.log.statemachine.data.sync = true (default)
2022-07-27 23:17:43,149 [pool-379-thread-1] INFO  server.RaftServerConfigKeys (ConfUtils.java:logGet(46)) - raft.server.log.statemachine.data.sync.timeout = 10s (default)
2022-07-27 23:17:43,149 [pool-379-thread-1] INFO  server.RaftServerConfigKeys (ConfUtils.java:logGet(46)) - raft.server.log.statemachine.data.sync.timeout.retry = -1 (default)
2022-07-27 23:17:43,151 [pool-379-thread-1] INFO  server.RaftServerConfigKeys (ConfUtils.java:logGet(46)) - raft.server.log.write.buffer.size = 1048576 (custom)
2022-07-27 23:17:43,151 [pool-379-thread-1] INFO  server.RaftServerConfigKeys (ConfUtils.java:logGet(46)) - raft.server.log.unsafe-flush.enabled = false (default)
2022-07-27 23:17:43,151 [pool-379-thread-1] INFO  server.RaftServerConfigKeys (ConfUtils.java:logGet(46)) - raft.server.log.statemachine.data.caching.enabled = true (custom)
2022-07-27 23:17:43,151 [pool-379-thread-1] INFO  segmented.SegmentedRaftLogWorker (SegmentedRaftLogWorker.java:lambda$new$0(135)) - f22def52-3ff3-45a1-9b56-9fd420a51670@group-57FC34379998-SegmentedRaftLogWorker: flushIndex: setUnconditionally 0 -> -1
2022-07-27 23:17:43,151 [pool-379-thread-1] INFO  segmented.SegmentedRaftLogWorker (SegmentedRaftLogWorker.java:lambda$new$0(135)) - f22def52-3ff3-45a1-9b56-9fd420a51670@group-57FC34379998-SegmentedRaftLogWorker: safeCacheEvictIndex: setUnconditionally 0 -> -1
2022-07-27 23:17:43,166 [pool-379-thread-1] INFO  server.RaftServerConfigKeys (ConfUtils.java:logGet(46)) - raft.server.snapshot.auto.trigger.enabled = true (custom)
2022-07-27 23:17:43,166 [pool-379-thread-1] INFO  server.RaftServerConfigKeys (ConfUtils.java:logGet(46)) - raft.server.snapshot.auto.trigger.threshold = 10000 (custom)
2022-07-27 23:17:43,166 [pool-379-thread-1] INFO  server.RaftServerConfigKeys (ConfUtils.java:logGet(46)) - raft.server.snapshot.retention.file.num = 5 (custom)
2022-07-27 23:17:43,166 [pool-379-thread-1] INFO  server.RaftServerConfigKeys (ConfUtils.java:logGet(46)) - raft.server.log.purge.upto.snapshot.index = false (default)
2022-07-27 23:17:43,166 [pool-379-thread-1] INFO  server.RaftServerConfigKeys (ConfUtils.java:logGet(46)) - raft.server.retrycache.expirytime = 600000ms (custom)
2022-07-27 23:17:43,166 [pool-379-thread-1] INFO  server.RaftServerConfigKeys (ConfUtils.java:logGet(46)) - raft.server.retrycache.statistics.expirytime = 100μs (default)
2022-07-27 23:17:43,167 [pool-379-thread-1] INFO  server.RaftServerConfigKeys (ConfUtils.java:logGet(46)) - raft.server.log.appender.install.snapshot.enabled = false (custom)
2022-07-27 23:17:43,167 [pool-379-thread-1] INFO  server.RaftServerConfigKeys (ConfUtils.java:logGet(46)) - raft.server.threadpool.server.cached = true (default)
2022-07-27 23:17:43,167 [pool-379-thread-1] INFO  server.RaftServerConfigKeys (ConfUtils.java:logGet(46)) - raft.server.threadpool.server.size = 0 (default)
2022-07-27 23:17:43,167 [pool-379-thread-1] INFO  server.RaftServerConfigKeys (ConfUtils.java:logGet(46)) - raft.server.threadpool.client.cached = true (default)
2022-07-27 23:17:43,167 [pool-379-thread-1] INFO  server.RaftServerConfigKeys (ConfUtils.java:logGet(46)) - raft.server.threadpool.client.size = 0 (default)
2022-07-27 23:17:43,167 [pool-379-thread-1] INFO  server.RaftServer$Division (RaftServerImpl.java:start(310)) - f22def52-3ff3-45a1-9b56-9fd420a51670@group-57FC34379998: start as a follower, conf=-1: [2c19a24b-4032-4d82-8983-88a3c220b1d4|rpc:10.1.0.23:43989|dataStream:|priority:0, f22def52-3ff3-45a1-9b56-9fd420a51670|rpc:10.1.0.23:37919|dataStream:|priority:1, 0e2a075e-53a8-462d-8f4f-c98e11d6e8a9|rpc:10.1.0.23:38473|dataStream:|priority:0], old=null
2022-07-27 23:17:43,167 [pool-379-thread-1] INFO  server.RaftServer$Division (RaftServerImpl.java:setRole(299)) - f22def52-3ff3-45a1-9b56-9fd420a51670@group-57FC34379998: changes role from      null to FOLLOWER at term 0 for startAsFollower
2022-07-27 23:17:43,167 [pool-379-thread-1] INFO  impl.RoleInfo (RoleInfo.java:updateAndGet(139)) - f22def52-3ff3-45a1-9b56-9fd420a51670: start f22def52-3ff3-45a1-9b56-9fd420a51670@group-57FC34379998-FollowerState
2022-07-27 23:17:43,182 [pool-379-thread-1] INFO  util.JmxRegister (JmxRegister.java:tryRegister(44)) - Successfully registered JMX Bean with object name Ratis:service=RaftServer,group=group-57FC34379998,id=f22def52-3ff3-45a1-9b56-9fd420a51670
2022-07-27 23:17:43,205 [grpc-default-executor-0] INFO  server.RaftServer (RaftServerProxy.java:addNew(96)) - 0e2a075e-53a8-462d-8f4f-c98e11d6e8a9: addNew group-57FC34379998:[2c19a24b-4032-4d82-8983-88a3c220b1d4|rpc:10.1.0.23:43989|dataStream:|priority:0, f22def52-3ff3-45a1-9b56-9fd420a51670|rpc:10.1.0.23:37919|dataStream:|priority:1, 0e2a075e-53a8-462d-8f4f-c98e11d6e8a9|rpc:10.1.0.23:38473|dataStream:|priority:0] returns group-57FC34379998:java.util.concurrent.CompletableFuture@40e4262c[Not completed]
2022-07-27 23:17:43,205 [pool-402-thread-1] INFO  server.RaftServer$Division (RaftServerImpl.java:<init>(190)) - 0e2a075e-53a8-462d-8f4f-c98e11d6e8a9: new RaftServerImpl for group-57FC34379998:[2c19a24b-4032-4d82-8983-88a3c220b1d4|rpc:10.1.0.23:43989|dataStream:|priority:0, f22def52-3ff3-45a1-9b56-9fd420a51670|rpc:10.1.0.23:37919|dataStream:|priority:1, 0e2a075e-53a8-462d-8f4f-c98e11d6e8a9|rpc:10.1.0.23:38473|dataStream:|priority:0] with ContainerStateMachine:uninitialized
2022-07-27 23:17:43,205 [pool-402-thread-1] INFO  server.RaftServerConfigKeys (ConfUtils.java:logGet(46)) - raft.server.rpc.timeout.min = 5s (custom)
2022-07-27 23:17:43,205 [pool-402-thread-1] INFO  server.RaftServerConfigKeys (ConfUtils.java:logGet(46)) - raft.server.rpc.timeout.max = 5200ms (custom)
2022-07-27 23:17:43,205 [pool-402-thread-1] INFO  server.RaftServerConfigKeys (ConfUtils.java:logGet(46)) - raft.server.rpc.sleep.time = 25ms (default)
2022-07-27 23:17:43,206 [pool-402-thread-1] INFO  server.RaftServerConfigKeys (ConfUtils.java:logGet(46)) - raft.server.rpc.slowness.timeout = 300s (custom)
2022-07-27 23:17:43,206 [pool-402-thread-1] INFO  server.RaftServerConfigKeys (ConfUtils.java:logGet(46)) - raft.server.leaderelection.leader.step-down.wait-time = 10s (default)
2022-07-27 23:17:43,206 [pool-402-thread-1] INFO  server.RaftServerConfigKeys (ConfUtils.java:logGet(46)) - raft.server.sleep.deviation.threshold = 300ms (default)
2022-07-27 23:17:43,206 [pool-402-thread-1] INFO  server.RaftServer$Division (ServerState.java:<init>(107)) - 0e2a075e-53a8-462d-8f4f-c98e11d6e8a9@group-57FC34379998: ConfigurationManager, init=-1: [2c19a24b-4032-4d82-8983-88a3c220b1d4|rpc:10.1.0.23:43989|dataStream:|priority:0, f22def52-3ff3-45a1-9b56-9fd420a51670|rpc:10.1.0.23:37919|dataStream:|priority:1, 0e2a075e-53a8-462d-8f4f-c98e11d6e8a9|rpc:10.1.0.23:38473|dataStream:|priority:0], old=null, confs=<EMPTY_MAP>
2022-07-27 23:17:43,206 [pool-402-thread-1] INFO  server.RaftServerConfigKeys (ConfUtils.java:logGet(46)) - raft.server.storage.dir = [/home/runner/work/ozone/ozone/hadoop-ozone/integration-test/target/test-dir/MiniOzoneClusterImpl-b291e8c9-c3a0-4e1a-9e8e-aed05fc6be83/datanode-2/data/ratis] (custom)
2022-07-27 23:17:43,206 [pool-402-thread-1] INFO  server.RaftServerConfigKeys (ConfUtils.java:logGet(46)) - raft.server.log.corruption.policy = EXCEPTION (default)
2022-07-27 23:17:43,206 [pool-402-thread-1] INFO  server.RaftServerConfigKeys (ConfUtils.java:logGet(46)) - raft.server.storage.free-space.min = 0MB (=0) (default)
2022-07-27 23:17:43,206 [pool-402-thread-1] INFO  storage.RaftStorageDirectory (RaftStorageDirectoryImpl.java:analyzeStorage(135)) - The storage directory /home/runner/work/ozone/ozone/hadoop-ozone/integration-test/target/test-dir/MiniOzoneClusterImpl-b291e8c9-c3a0-4e1a-9e8e-aed05fc6be83/datanode-2/data/ratis/fb6d03eb-27c9-442a-bed5-57fc34379998 does not exist. Creating ...
2022-07-27 23:17:43,207 [pool-402-thread-1] INFO  storage.RaftStorageDirectory (RaftStorageDirectoryImpl.java:tryLock(230)) - Lock on /home/runner/work/ozone/ozone/hadoop-ozone/integration-test/target/test-dir/MiniOzoneClusterImpl-b291e8c9-c3a0-4e1a-9e8e-aed05fc6be83/datanode-2/data/ratis/fb6d03eb-27c9-442a-bed5-57fc34379998/in_use.lock acquired by nodename 1474@fv-az129-30
2022-07-27 23:17:43,208 [pool-402-thread-1] INFO  storage.RaftStorage (RaftStorageImpl.java:format(89)) - Storage directory /home/runner/work/ozone/ozone/hadoop-ozone/integration-test/target/test-dir/MiniOzoneClusterImpl-b291e8c9-c3a0-4e1a-9e8e-aed05fc6be83/datanode-2/data/ratis/fb6d03eb-27c9-442a-bed5-57fc34379998 has been successfully formatted.
2022-07-27 23:17:43,208 [pool-402-thread-1] INFO  ratis.ContainerStateMachine (ContainerStateMachine.java:loadSnapshot(236)) - group-57FC34379998: The snapshot info is null. Setting the last applied indexto:(t:0, i:~)
2022-07-27 23:17:43,208 [pool-402-thread-1] INFO  server.RaftServerConfigKeys (ConfUtils.java:logGet(46)) - raft.server.notification.no-leader.timeout = 300s (custom)
2022-07-27 23:17:43,208 [pool-402-thread-1] INFO  server.RaftServerConfigKeys (ConfUtils.java:logGet(46)) - raft.server.log.use.memory = false (default)
2022-07-27 23:17:43,208 [pool-402-thread-1] INFO  server.RaftServerConfigKeys (ConfUtils.java:logGet(46)) - raft.server.log.purge.gap = 1000000 (custom)
2022-07-27 23:17:43,208 [pool-402-thread-1] INFO  server.RaftServerConfigKeys (ConfUtils.java:logGet(46)) - raft.server.log.appender.buffer.byte-limit = 33554432 (custom)
2022-07-27 23:17:43,208 [pool-402-thread-1] INFO  server.RaftServerConfigKeys (ConfUtils.java:logGet(46)) - raft.server.log.statemachine.data.read.timeout = 1000ms (default)
2022-07-27 23:17:43,208 [pool-402-thread-1] INFO  server.RaftServerConfigKeys (ConfUtils.java:logGet(46)) - raft.server.log.segment.size.max = 1048576 (custom)
2022-07-27 23:17:43,209 [pool-402-thread-1] INFO  server.RaftServerConfigKeys (ConfUtils.java:logGet(46)) - raft.server.log.segment.cache.num.max = 2 (custom)
2022-07-27 23:17:43,209 [pool-402-thread-1] INFO  server.RaftServerConfigKeys (ConfUtils.java:logGet(46)) - raft.server.log.segment.cache.size.max = 200MB (=209715200) (default)
2022-07-27 23:17:43,209 [pool-402-thread-1] INFO  segmented.SegmentedRaftLogWorker (SegmentedRaftLogWorker.java:<init>(187)) - new 0e2a075e-53a8-462d-8f4f-c98e11d6e8a9@group-57FC34379998-SegmentedRaftLogWorker for RaftStorageImpl:Storage Directory /home/runner/work/ozone/ozone/hadoop-ozone/integration-test/target/test-dir/MiniOzoneClusterImpl-b291e8c9-c3a0-4e1a-9e8e-aed05fc6be83/datanode-2/data/ratis/fb6d03eb-27c9-442a-bed5-57fc34379998
2022-07-27 23:17:43,209 [pool-402-thread-1] INFO  server.RaftServerConfigKeys (ConfUtils.java:logGet(46)) - raft.server.log.queue.byte-limit = 4294967296 (custom)
2022-07-27 23:17:43,209 [pool-402-thread-1] INFO  server.RaftServerConfigKeys (ConfUtils.java:logGet(46)) - raft.server.log.queue.element-limit = 1024 (custom)
2022-07-27 23:17:43,209 [pool-402-thread-1] INFO  server.RaftServerConfigKeys (ConfUtils.java:logGet(46)) - raft.server.log.segment.size.max = 1048576 (custom)
2022-07-27 23:17:43,209 [pool-402-thread-1] INFO  server.RaftServerConfigKeys (ConfUtils.java:logGet(46)) - raft.server.log.preallocated.size = 16384 (custom)
2022-07-27 23:17:43,209 [pool-402-thread-1] INFO  server.RaftServerConfigKeys (ConfUtils.java:logGet(46)) - raft.server.log.force.sync.num = 128 (default)
2022-07-27 23:17:43,209 [pool-402-thread-1] INFO  server.RaftServerConfigKeys (ConfUtils.java:logGet(46)) - raft.server.log.statemachine.data.sync = true (default)
2022-07-27 23:17:43,209 [pool-402-thread-1] INFO  server.RaftServerConfigKeys (ConfUtils.java:logGet(46)) - raft.server.log.statemachine.data.sync.timeout = 10s (default)
2022-07-27 23:17:43,209 [pool-402-thread-1] INFO  server.RaftServerConfigKeys (ConfUtils.java:logGet(46)) - raft.server.log.statemachine.data.sync.timeout.retry = -1 (default)
2022-07-27 23:17:43,210 [pool-402-thread-1] INFO  server.RaftServerConfigKeys (ConfUtils.java:logGet(46)) - raft.server.log.write.buffer.size = 1048576 (custom)
2022-07-27 23:17:43,210 [pool-402-thread-1] INFO  server.RaftServerConfigKeys (ConfUtils.java:logGet(46)) - raft.server.log.unsafe-flush.enabled = false (default)
2022-07-27 23:17:43,210 [pool-402-thread-1] INFO  server.RaftServerConfigKeys (ConfUtils.java:logGet(46)) - raft.server.log.statemachine.data.caching.enabled = true (custom)
2022-07-27 23:17:43,210 [pool-402-thread-1] INFO  segmented.SegmentedRaftLogWorker (SegmentedRaftLogWorker.java:lambda$new$0(135)) - 0e2a075e-53a8-462d-8f4f-c98e11d6e8a9@group-57FC34379998-SegmentedRaftLogWorker: flushIndex: setUnconditionally 0 -> -1
2022-07-27 23:17:43,210 [pool-402-thread-1] INFO  segmented.SegmentedRaftLogWorker (SegmentedRaftLogWorker.java:lambda$new$0(135)) - 0e2a075e-53a8-462d-8f4f-c98e11d6e8a9@group-57FC34379998-SegmentedRaftLogWorker: safeCacheEvictIndex: setUnconditionally 0 -> -1
2022-07-27 23:17:43,214 [pool-402-thread-1] INFO  server.RaftServerConfigKeys (ConfUtils.java:logGet(46)) - raft.server.snapshot.auto.trigger.enabled = true (custom)
2022-07-27 23:17:43,214 [pool-402-thread-1] INFO  server.RaftServerConfigKeys (ConfUtils.java:logGet(46)) - raft.server.snapshot.auto.trigger.threshold = 10000 (custom)
2022-07-27 23:17:43,214 [pool-402-thread-1] INFO  server.RaftServerConfigKeys (ConfUtils.java:logGet(46)) - raft.server.snapshot.retention.file.num = 5 (custom)
2022-07-27 23:17:43,214 [pool-402-thread-1] INFO  server.RaftServerConfigKeys (ConfUtils.java:logGet(46)) - raft.server.log.purge.upto.snapshot.index = false (default)
2022-07-27 23:17:43,214 [pool-402-thread-1] INFO  server.RaftServerConfigKeys (ConfUtils.java:logGet(46)) - raft.server.retrycache.expirytime = 600000ms (custom)
2022-07-27 23:17:43,214 [pool-402-thread-1] INFO  server.RaftServerConfigKeys (ConfUtils.java:logGet(46)) - raft.server.retrycache.statistics.expirytime = 100μs (default)
2022-07-27 23:17:43,215 [pool-402-thread-1] INFO  server.RaftServerConfigKeys (ConfUtils.java:logGet(46)) - raft.server.log.appender.install.snapshot.enabled = false (custom)
2022-07-27 23:17:43,215 [pool-402-thread-1] INFO  server.RaftServerConfigKeys (ConfUtils.java:logGet(46)) - raft.server.threadpool.server.cached = true (default)
2022-07-27 23:17:43,215 [pool-402-thread-1] INFO  server.RaftServerConfigKeys (ConfUtils.java:logGet(46)) - raft.server.threadpool.server.size = 0 (default)
2022-07-27 23:17:43,215 [pool-402-thread-1] INFO  server.RaftServerConfigKeys (ConfUtils.java:logGet(46)) - raft.server.threadpool.client.cached = true (default)
2022-07-27 23:17:43,215 [pool-402-thread-1] INFO  server.RaftServerConfigKeys (ConfUtils.java:logGet(46)) - raft.server.threadpool.client.size = 0 (default)
2022-07-27 23:17:43,215 [pool-402-thread-1] INFO  server.RaftServer$Division (RaftServerImpl.java:start(310)) - 0e2a075e-53a8-462d-8f4f-c98e11d6e8a9@group-57FC34379998: start as a follower, conf=-1: [2c19a24b-4032-4d82-8983-88a3c220b1d4|rpc:10.1.0.23:43989|dataStream:|priority:0, f22def52-3ff3-45a1-9b56-9fd420a51670|rpc:10.1.0.23:37919|dataStream:|priority:1, 0e2a075e-53a8-462d-8f4f-c98e11d6e8a9|rpc:10.1.0.23:38473|dataStream:|priority:0], old=null
2022-07-27 23:17:43,215 [pool-402-thread-1] INFO  server.RaftServer$Division (RaftServerImpl.java:setRole(299)) - 0e2a075e-53a8-462d-8f4f-c98e11d6e8a9@group-57FC34379998: changes role from      null to FOLLOWER at term 0 for startAsFollower
2022-07-27 23:17:43,215 [pool-402-thread-1] INFO  impl.RoleInfo (RoleInfo.java:updateAndGet(139)) - 0e2a075e-53a8-462d-8f4f-c98e11d6e8a9: start 0e2a075e-53a8-462d-8f4f-c98e11d6e8a9@group-57FC34379998-FollowerState
2022-07-27 23:17:43,222 [pool-402-thread-1] INFO  util.JmxRegister (JmxRegister.java:tryRegister(44)) - Successfully registered JMX Bean with object name Ratis:service=RaftServer,group=group-57FC34379998,id=0e2a075e-53a8-462d-8f4f-c98e11d6e8a9
2022-07-27 23:17:43,252 [Command processor thread] INFO  commandhandler.CreatePipelineCommandHandler (CreatePipelineCommandHandler.java:handle(113)) - Created Pipeline RATIS THREE PipelineID=fb6d03eb-27c9-442a-bed5-57fc34379998.
2022-07-27 23:17:43,342 [Command processor thread] INFO  server.RaftServer (RaftServerProxy.java:addNew(96)) - f22def52-3ff3-45a1-9b56-9fd420a51670: addNew group-3BCAB689C1A0:[f22def52-3ff3-45a1-9b56-9fd420a51670|rpc:10.1.0.23:37919|priority:1] returns group-3BCAB689C1A0:java.util.concurrent.CompletableFuture@7c89ae11[Not completed]
2022-07-27 23:17:43,343 [pool-379-thread-1] INFO  server.RaftServer$Division (RaftServerImpl.java:<init>(190)) - f22def52-3ff3-45a1-9b56-9fd420a51670: new RaftServerImpl for group-3BCAB689C1A0:[f22def52-3ff3-45a1-9b56-9fd420a51670|rpc:10.1.0.23:37919|priority:1] with ContainerStateMachine:uninitialized
2022-07-27 23:17:43,343 [pool-379-thread-1] INFO  server.RaftServerConfigKeys (ConfUtils.java:logGet(46)) - raft.server.rpc.timeout.min = 5s (custom)
2022-07-27 23:17:43,343 [pool-379-thread-1] INFO  server.RaftServerConfigKeys (ConfUtils.java:logGet(46)) - raft.server.rpc.timeout.max = 5200ms (custom)
2022-07-27 23:17:43,343 [pool-379-thread-1] INFO  server.RaftServerConfigKeys (ConfUtils.java:logGet(46)) - raft.server.rpc.sleep.time = 25ms (default)
2022-07-27 23:17:43,343 [pool-379-thread-1] INFO  server.RaftServerConfigKeys (ConfUtils.java:logGet(46)) - raft.server.rpc.slowness.timeout = 300s (custom)
2022-07-27 23:17:43,343 [pool-379-thread-1] INFO  server.RaftServerConfigKeys (ConfUtils.java:logGet(46)) - raft.server.leaderelection.leader.step-down.wait-time = 10s (default)
2022-07-27 23:17:43,343 [pool-379-thread-1] INFO  server.RaftServerConfigKeys (ConfUtils.java:logGet(46)) - raft.server.sleep.deviation.threshold = 300ms (default)
2022-07-27 23:17:43,343 [pool-379-thread-1] INFO  server.RaftServer$Division (ServerState.java:<init>(107)) - f22def52-3ff3-45a1-9b56-9fd420a51670@group-3BCAB689C1A0: ConfigurationManager, init=-1: [f22def52-3ff3-45a1-9b56-9fd420a51670|rpc:10.1.0.23:37919|priority:1], old=null, confs=<EMPTY_MAP>
2022-07-27 23:17:43,343 [pool-379-thread-1] INFO  server.RaftServerConfigKeys (ConfUtils.java:logGet(46)) - raft.server.storage.dir = [/home/runner/work/ozone/ozone/hadoop-ozone/integration-test/target/test-dir/MiniOzoneClusterImpl-b291e8c9-c3a0-4e1a-9e8e-aed05fc6be83/datanode-1/data/ratis] (custom)
2022-07-27 23:17:43,344 [pool-379-thread-1] INFO  server.RaftServerConfigKeys (ConfUtils.java:logGet(46)) - raft.server.log.corruption.policy = EXCEPTION (default)
2022-07-27 23:17:43,344 [pool-379-thread-1] INFO  server.RaftServerConfigKeys (ConfUtils.java:logGet(46)) - raft.server.storage.free-space.min = 0MB (=0) (default)
2022-07-27 23:17:43,344 [pool-379-thread-1] INFO  storage.RaftStorageDirectory (RaftStorageDirectoryImpl.java:analyzeStorage(135)) - The storage directory /home/runner/work/ozone/ozone/hadoop-ozone/integration-test/target/test-dir/MiniOzoneClusterImpl-b291e8c9-c3a0-4e1a-9e8e-aed05fc6be83/datanode-1/data/ratis/2c8d9c03-c7d3-45b3-9f19-3bcab689c1a0 does not exist. Creating ...
2022-07-27 23:17:43,396 [pool-379-thread-1] INFO  storage.RaftStorageDirectory (RaftStorageDirectoryImpl.java:tryLock(230)) - Lock on /home/runner/work/ozone/ozone/hadoop-ozone/integration-test/target/test-dir/MiniOzoneClusterImpl-b291e8c9-c3a0-4e1a-9e8e-aed05fc6be83/datanode-1/data/ratis/2c8d9c03-c7d3-45b3-9f19-3bcab689c1a0/in_use.lock acquired by nodename 1474@fv-az129-30
2022-07-27 23:17:43,397 [pool-379-thread-1] INFO  storage.RaftStorage (RaftStorageImpl.java:format(89)) - Storage directory /home/runner/work/ozone/ozone/hadoop-ozone/integration-test/target/test-dir/MiniOzoneClusterImpl-b291e8c9-c3a0-4e1a-9e8e-aed05fc6be83/datanode-1/data/ratis/2c8d9c03-c7d3-45b3-9f19-3bcab689c1a0 has been successfully formatted.
2022-07-27 23:17:43,397 [pool-379-thread-1] INFO  ratis.ContainerStateMachine (ContainerStateMachine.java:loadSnapshot(236)) - group-3BCAB689C1A0: The snapshot info is null. Setting the last applied indexto:(t:0, i:~)
2022-07-27 23:17:43,397 [pool-379-thread-1] INFO  server.RaftServerConfigKeys (ConfUtils.java:logGet(46)) - raft.server.notification.no-leader.timeout = 300s (custom)
2022-07-27 23:17:43,398 [pool-379-thread-1] INFO  server.RaftServerConfigKeys (ConfUtils.java:logGet(46)) - raft.server.log.use.memory = false (default)
2022-07-27 23:17:43,398 [pool-379-thread-1] INFO  server.RaftServerConfigKeys (ConfUtils.java:logGet(46)) - raft.server.log.purge.gap = 1000000 (custom)
2022-07-27 23:17:43,398 [pool-379-thread-1] INFO  server.RaftServerConfigKeys (ConfUtils.java:logGet(46)) - raft.server.log.appender.buffer.byte-limit = 33554432 (custom)
2022-07-27 23:17:43,398 [pool-379-thread-1] INFO  server.RaftServerConfigKeys (ConfUtils.java:logGet(46)) - raft.server.log.statemachine.data.read.timeout = 1000ms (default)
2022-07-27 23:17:43,398 [pool-379-thread-1] INFO  server.RaftServerConfigKeys (ConfUtils.java:logGet(46)) - raft.server.log.segment.size.max = 1048576 (custom)
2022-07-27 23:17:43,398 [pool-379-thread-1] INFO  server.RaftServerConfigKeys (ConfUtils.java:logGet(46)) - raft.server.log.segment.cache.num.max = 2 (custom)
2022-07-27 23:17:43,398 [pool-379-thread-1] INFO  server.RaftServerConfigKeys (ConfUtils.java:logGet(46)) - raft.server.log.segment.cache.size.max = 200MB (=209715200) (default)
2022-07-27 23:17:43,398 [pool-379-thread-1] INFO  segmented.SegmentedRaftLogWorker (SegmentedRaftLogWorker.java:<init>(187)) - new f22def52-3ff3-45a1-9b56-9fd420a51670@group-3BCAB689C1A0-SegmentedRaftLogWorker for RaftStorageImpl:Storage Directory /home/runner/work/ozone/ozone/hadoop-ozone/integration-test/target/test-dir/MiniOzoneClusterImpl-b291e8c9-c3a0-4e1a-9e8e-aed05fc6be83/datanode-1/data/ratis/2c8d9c03-c7d3-45b3-9f19-3bcab689c1a0
2022-07-27 23:17:43,398 [pool-379-thread-1] INFO  server.RaftServerConfigKeys (ConfUtils.java:logGet(46)) - raft.server.log.queue.byte-limit = 4294967296 (custom)
2022-07-27 23:17:43,398 [pool-379-thread-1] INFO  server.RaftServerConfigKeys (ConfUtils.java:logGet(46)) - raft.server.log.queue.element-limit = 1024 (custom)
2022-07-27 23:17:43,398 [pool-379-thread-1] INFO  server.RaftServerConfigKeys (ConfUtils.java:logGet(46)) - raft.server.log.segment.size.max = 1048576 (custom)
2022-07-27 23:17:43,398 [pool-379-thread-1] INFO  server.RaftServerConfigKeys (ConfUtils.java:logGet(46)) - raft.server.log.preallocated.size = 16384 (custom)
2022-07-27 23:17:43,398 [pool-379-thread-1] INFO  server.RaftServerConfigKeys (ConfUtils.java:logGet(46)) - raft.server.log.force.sync.num = 128 (default)
2022-07-27 23:17:43,398 [pool-379-thread-1] INFO  server.RaftServerConfigKeys (ConfUtils.java:logGet(46)) - raft.server.log.statemachine.data.sync = true (default)
2022-07-27 23:17:43,399 [pool-379-thread-1] INFO  server.RaftServerConfigKeys (ConfUtils.java:logGet(46)) - raft.server.log.statemachine.data.sync.timeout = 10s (default)
2022-07-27 23:17:43,399 [pool-379-thread-1] INFO  server.RaftServerConfigKeys (ConfUtils.java:logGet(46)) - raft.server.log.statemachine.data.sync.timeout.retry = -1 (default)
2022-07-27 23:17:43,399 [pool-379-thread-1] INFO  server.RaftServerConfigKeys (ConfUtils.java:logGet(46)) - raft.server.log.write.buffer.size = 1048576 (custom)
2022-07-27 23:17:43,400 [pool-379-thread-1] INFO  server.RaftServerConfigKeys (ConfUtils.java:logGet(46)) - raft.server.log.unsafe-flush.enabled = false (default)
2022-07-27 23:17:43,400 [pool-379-thread-1] INFO  server.RaftServerConfigKeys (ConfUtils.java:logGet(46)) - raft.server.log.statemachine.data.caching.enabled = true (custom)
2022-07-27 23:17:43,400 [pool-379-thread-1] INFO  segmented.SegmentedRaftLogWorker (SegmentedRaftLogWorker.java:lambda$new$0(135)) - f22def52-3ff3-45a1-9b56-9fd420a51670@group-3BCAB689C1A0-SegmentedRaftLogWorker: flushIndex: setUnconditionally 0 -> -1
2022-07-27 23:17:43,400 [pool-379-thread-1] INFO  segmented.SegmentedRaftLogWorker (SegmentedRaftLogWorker.java:lambda$new$0(135)) - f22def52-3ff3-45a1-9b56-9fd420a51670@group-3BCAB689C1A0-SegmentedRaftLogWorker: safeCacheEvictIndex: setUnconditionally 0 -> -1
2022-07-27 23:17:43,403 [pool-379-thread-1] INFO  server.RaftServerConfigKeys (ConfUtils.java:logGet(46)) - raft.server.snapshot.auto.trigger.enabled = true (custom)
2022-07-27 23:17:43,403 [pool-379-thread-1] INFO  server.RaftServerConfigKeys (ConfUtils.java:logGet(46)) - raft.server.snapshot.auto.trigger.threshold = 10000 (custom)
2022-07-27 23:17:43,403 [pool-379-thread-1] INFO  server.RaftServerConfigKeys (ConfUtils.java:logGet(46)) - raft.server.snapshot.retention.file.num = 5 (custom)
2022-07-27 23:17:43,403 [pool-379-thread-1] INFO  server.RaftServerConfigKeys (ConfUtils.java:logGet(46)) - raft.server.log.purge.upto.snapshot.index = false (default)
2022-07-27 23:17:43,403 [EventQueue-PipelineReportForPipelineReportHandler] INFO  pipeline.PipelineManagerImpl (PipelineManagerImpl.java:openPipeline(367)) - Pipeline Pipeline[ Id: 2c8d9c03-c7d3-45b3-9f19-3bcab689c1a0, Nodes: f22def52-3ff3-45a1-9b56-9fd420a51670{ip: 10.1.0.23, host: fv-az129-30.sikifmtxjocetiwdfcy5r2sqla.phxx.internal.cloudapp.net, ports: [REPLICATION=45819, RATIS=37919, RATIS_ADMIN=37919, RATIS_SERVER=37919, STANDALONE=38495], networkLocation: /default-rack, certSerialId: null, persistedOpState: IN_SERVICE, persistedOpStateExpiryEpochSec: 0}, ReplicationConfig: RATIS/ONE, State:ALLOCATED, leaderId:f22def52-3ff3-45a1-9b56-9fd420a51670, CreationTimestamp2022-07-27T23:17:40.350Z[Etc/UTC]] moved to OPEN state
2022-07-27 23:17:43,404 [EventQueue-OpenPipelineForHealthyPipelineSafeModeRule] INFO  safemode.SCMSafeModeManager (HealthyPipelineSafeModeRule.java:process(137)) - SCM in safe mode. Healthy pipelines reported count is 0, required healthy pipeline reported count is 1
2022-07-27 23:17:43,404 [pool-379-thread-1] INFO  server.RaftServerConfigKeys (ConfUtils.java:logGet(46)) - raft.server.retrycache.expirytime = 600000ms (custom)
2022-07-27 23:17:43,404 [pool-379-thread-1] INFO  server.RaftServerConfigKeys (ConfUtils.java:logGet(46)) - raft.server.retrycache.statistics.expirytime = 100μs (default)
2022-07-27 23:17:43,405 [pool-379-thread-1] INFO  server.RaftServerConfigKeys (ConfUtils.java:logGet(46)) - raft.server.log.appender.install.snapshot.enabled = false (custom)
2022-07-27 23:17:43,406 [pool-379-thread-1] INFO  server.RaftServerConfigKeys (ConfUtils.java:logGet(46)) - raft.server.threadpool.server.cached = true (default)
2022-07-27 23:17:43,406 [pool-379-thread-1] INFO  server.RaftServerConfigKeys (ConfUtils.java:logGet(46)) - raft.server.threadpool.server.size = 0 (default)
2022-07-27 23:17:43,406 [pool-379-thread-1] INFO  server.RaftServerConfigKeys (ConfUtils.java:logGet(46)) - raft.server.threadpool.client.cached = true (default)
2022-07-27 23:17:43,406 [pool-379-thread-1] INFO  server.RaftServerConfigKeys (ConfUtils.java:logGet(46)) - raft.server.threadpool.client.size = 0 (default)
2022-07-27 23:17:43,406 [pool-379-thread-1] INFO  server.RaftServer$Division (RaftServerImpl.java:start(310)) - f22def52-3ff3-45a1-9b56-9fd420a51670@group-3BCAB689C1A0: start as a follower, conf=-1: [f22def52-3ff3-45a1-9b56-9fd420a51670|rpc:10.1.0.23:37919|priority:1], old=null
2022-07-27 23:17:43,406 [pool-379-thread-1] INFO  server.RaftServer$Division (RaftServerImpl.java:setRole(299)) - f22def52-3ff3-45a1-9b56-9fd420a51670@group-3BCAB689C1A0: changes role from      null to FOLLOWER at term 0 for startAsFollower
2022-07-27 23:17:43,406 [pool-379-thread-1] INFO  impl.RoleInfo (RoleInfo.java:updateAndGet(139)) - f22def52-3ff3-45a1-9b56-9fd420a51670: start f22def52-3ff3-45a1-9b56-9fd420a51670@group-3BCAB689C1A0-FollowerState
2022-07-27 23:17:43,419 [pool-379-thread-1] INFO  util.JmxRegister (JmxRegister.java:tryRegister(44)) - Successfully registered JMX Bean with object name Ratis:service=RaftServer,group=group-3BCAB689C1A0,id=f22def52-3ff3-45a1-9b56-9fd420a51670
2022-07-27 23:17:43,420 [Command processor thread] INFO  ratis.XceiverServerRatis (XceiverServerRatis.java:addGroup(765)) - Created group PipelineID=2c8d9c03-c7d3-45b3-9f19-3bcab689c1a0
2022-07-27 23:17:43,420 [Command processor thread] INFO  commandhandler.CreatePipelineCommandHandler (CreatePipelineCommandHandler.java:handle(113)) - Created Pipeline RATIS ONE PipelineID=2c8d9c03-c7d3-45b3-9f19-3bcab689c1a0.
2022-07-27 23:17:43,631 [Listener at 127.0.0.1/45823] INFO  ozone.MiniOzoneClusterImpl (MiniOzoneClusterImpl.java:lambda$waitForClusterToBeReady$0(216)) - Nodes are ready. Got 5 of 5 DN Heartbeats.
2022-07-27 23:17:43,631 [Listener at 127.0.0.1/45823] INFO  ozone.MiniOzoneClusterImpl (MiniOzoneClusterImpl.java:lambda$waitForClusterToBeReady$0(219)) - Waiting for cluster to exit safe mode
2022-07-27 23:17:43,631 [Listener at 127.0.0.1/45823] INFO  ozone.MiniOzoneClusterImpl (MiniOzoneClusterImpl.java:lambda$waitForClusterToBeReady$0(221)) - SCM became leader
2022-07-27 23:17:44,086 [Command processor thread] INFO  server.RaftServer (RaftServerProxy.java:addNew(96)) - 0e2a075e-53a8-462d-8f4f-c98e11d6e8a9: addNew group-DD253CEE42E6:[0e2a075e-53a8-462d-8f4f-c98e11d6e8a9|rpc:10.1.0.23:38473|priority:1] returns group-DD253CEE42E6:java.util.concurrent.CompletableFuture@5d1e4b2a[Not completed]
2022-07-27 23:17:44,087 [pool-402-thread-1] INFO  server.RaftServer$Division (RaftServerImpl.java:<init>(190)) - 0e2a075e-53a8-462d-8f4f-c98e11d6e8a9: new RaftServerImpl for group-DD253CEE42E6:[0e2a075e-53a8-462d-8f4f-c98e11d6e8a9|rpc:10.1.0.23:38473|priority:1] with ContainerStateMachine:uninitialized
2022-07-27 23:17:44,087 [pool-402-thread-1] INFO  server.RaftServerConfigKeys (ConfUtils.java:logGet(46)) - raft.server.rpc.timeout.min = 5s (custom)
2022-07-27 23:17:44,087 [pool-402-thread-1] INFO  server.RaftServerConfigKeys (ConfUtils.java:logGet(46)) - raft.server.rpc.timeout.max = 5200ms (custom)
2022-07-27 23:17:44,087 [pool-402-thread-1] INFO  server.RaftServerConfigKeys (ConfUtils.java:logGet(46)) - raft.server.rpc.sleep.time = 25ms (default)
2022-07-27 23:17:44,087 [pool-402-thread-1] INFO  server.RaftServerConfigKeys (ConfUtils.java:logGet(46)) - raft.server.rpc.slowness.timeout = 300s (custom)
2022-07-27 23:17:44,087 [pool-402-thread-1] INFO  server.RaftServerConfigKeys (ConfUtils.java:logGet(46)) - raft.server.leaderelection.leader.step-down.wait-time = 10s (default)
2022-07-27 23:17:44,087 [pool-402-thread-1] INFO  server.RaftServerConfigKeys (ConfUtils.java:logGet(46)) - raft.server.sleep.deviation.threshold = 300ms (default)
2022-07-27 23:17:44,087 [pool-402-thread-1] INFO  server.RaftServer$Division (ServerState.java:<init>(107)) - 0e2a075e-53a8-462d-8f4f-c98e11d6e8a9@group-DD253CEE42E6: ConfigurationManager, init=-1: [0e2a075e-53a8-462d-8f4f-c98e11d6e8a9|rpc:10.1.0.23:38473|priority:1], old=null, confs=<EMPTY_MAP>
2022-07-27 23:17:44,087 [pool-402-thread-1] INFO  server.RaftServerConfigKeys (ConfUtils.java:logGet(46)) - raft.server.storage.dir = [/home/runner/work/ozone/ozone/hadoop-ozone/integration-test/target/test-dir/MiniOzoneClusterImpl-b291e8c9-c3a0-4e1a-9e8e-aed05fc6be83/datanode-2/data/ratis] (custom)
2022-07-27 23:17:44,087 [pool-402-thread-1] INFO  server.RaftServerConfigKeys (ConfUtils.java:logGet(46)) - raft.server.log.corruption.policy = EXCEPTION (default)
2022-07-27 23:17:44,087 [pool-402-thread-1] INFO  server.RaftServerConfigKeys (ConfUtils.java:logGet(46)) - raft.server.storage.free-space.min = 0MB (=0) (default)
2022-07-27 23:17:44,088 [pool-402-thread-1] INFO  storage.RaftStorageDirectory (RaftStorageDirectoryImpl.java:analyzeStorage(135)) - The storage directory /home/runner/work/ozone/ozone/hadoop-ozone/integration-test/target/test-dir/MiniOzoneClusterImpl-b291e8c9-c3a0-4e1a-9e8e-aed05fc6be83/datanode-2/data/ratis/05bf8054-d832-4199-a4ea-dd253cee42e6 does not exist. Creating ...
2022-07-27 23:17:44,090 [pool-402-thread-1] INFO  storage.RaftStorageDirectory (RaftStorageDirectoryImpl.java:tryLock(230)) - Lock on /home/runner/work/ozone/ozone/hadoop-ozone/integration-test/target/test-dir/MiniOzoneClusterImpl-b291e8c9-c3a0-4e1a-9e8e-aed05fc6be83/datanode-2/data/ratis/05bf8054-d832-4199-a4ea-dd253cee42e6/in_use.lock acquired by nodename 1474@fv-az129-30
2022-07-27 23:17:44,091 [pool-402-thread-1] INFO  storage.RaftStorage (RaftStorageImpl.java:format(89)) - Storage directory /home/runner/work/ozone/ozone/hadoop-ozone/integration-test/target/test-dir/MiniOzoneClusterImpl-b291e8c9-c3a0-4e1a-9e8e-aed05fc6be83/datanode-2/data/ratis/05bf8054-d832-4199-a4ea-dd253cee42e6 has been successfully formatted.
2022-07-27 23:17:44,091 [pool-402-thread-1] INFO  ratis.ContainerStateMachine (ContainerStateMachine.java:loadSnapshot(236)) - group-DD253CEE42E6: The snapshot info is null. Setting the last applied indexto:(t:0, i:~)
2022-07-27 23:17:44,091 [pool-402-thread-1] INFO  server.RaftServerConfigKeys (ConfUtils.java:logGet(46)) - raft.server.notification.no-leader.timeout = 300s (custom)
2022-07-27 23:17:44,091 [pool-402-thread-1] INFO  server.RaftServerConfigKeys (ConfUtils.java:logGet(46)) - raft.server.log.use.memory = false (default)
2022-07-27 23:17:44,091 [pool-402-thread-1] INFO  server.RaftServerConfigKeys (ConfUtils.java:logGet(46)) - raft.server.log.purge.gap = 1000000 (custom)
2022-07-27 23:17:44,091 [pool-402-thread-1] INFO  server.RaftServerConfigKeys (ConfUtils.java:logGet(46)) - raft.server.log.appender.buffer.byte-limit = 33554432 (custom)
2022-07-27 23:17:44,091 [pool-402-thread-1] INFO  server.RaftServerConfigKeys (ConfUtils.java:logGet(46)) - raft.server.log.statemachine.data.read.timeout = 1000ms (default)
2022-07-27 23:17:44,091 [pool-402-thread-1] INFO  server.RaftServerConfigKeys (ConfUtils.java:logGet(46)) - raft.server.log.segment.size.max = 1048576 (custom)
2022-07-27 23:17:44,092 [pool-402-thread-1] INFO  server.RaftServerConfigKeys (ConfUtils.java:logGet(46)) - raft.server.log.segment.cache.num.max = 2 (custom)
2022-07-27 23:17:44,092 [pool-402-thread-1] INFO  server.RaftServerConfigKeys (ConfUtils.java:logGet(46)) - raft.server.log.segment.cache.size.max = 200MB (=209715200) (default)
2022-07-27 23:17:44,092 [pool-402-thread-1] INFO  segmented.SegmentedRaftLogWorker (SegmentedRaftLogWorker.java:<init>(187)) - new 0e2a075e-53a8-462d-8f4f-c98e11d6e8a9@group-DD253CEE42E6-SegmentedRaftLogWorker for RaftStorageImpl:Storage Directory /home/runner/work/ozone/ozone/hadoop-ozone/integration-test/target/test-dir/MiniOzoneClusterImpl-b291e8c9-c3a0-4e1a-9e8e-aed05fc6be83/datanode-2/data/ratis/05bf8054-d832-4199-a4ea-dd253cee42e6
2022-07-27 23:17:44,092 [pool-402-thread-1] INFO  server.RaftServerConfigKeys (ConfUtils.java:logGet(46)) - raft.server.log.queue.byte-limit = 4294967296 (custom)
2022-07-27 23:17:44,092 [pool-402-thread-1] INFO  server.RaftServerConfigKeys (ConfUtils.java:logGet(46)) - raft.server.log.queue.element-limit = 1024 (custom)
2022-07-27 23:17:44,092 [pool-402-thread-1] INFO  server.RaftServerConfigKeys (ConfUtils.java:logGet(46)) - raft.server.log.segment.size.max = 1048576 (custom)
2022-07-27 23:17:44,092 [pool-402-thread-1] INFO  server.RaftServerConfigKeys (ConfUtils.java:logGet(46)) - raft.server.log.preallocated.size = 16384 (custom)
2022-07-27 23:17:44,092 [pool-402-thread-1] INFO  server.RaftServerConfigKeys (ConfUtils.java:logGet(46)) - raft.server.log.force.sync.num = 128 (default)
2022-07-27 23:17:44,092 [pool-402-thread-1] INFO  server.RaftServerConfigKeys (ConfUtils.java:logGet(46)) - raft.server.log.statemachine.data.sync = true (default)
2022-07-27 23:17:44,092 [pool-402-thread-1] INFO  server.RaftServerConfigKeys (ConfUtils.java:logGet(46)) - raft.server.log.statemachine.data.sync.timeout = 10s (default)
2022-07-27 23:17:44,092 [pool-402-thread-1] INFO  server.RaftServerConfigKeys (ConfUtils.java:logGet(46)) - raft.server.log.statemachine.data.sync.timeout.retry = -1 (default)
2022-07-27 23:17:44,093 [pool-402-thread-1] INFO  server.RaftServerConfigKeys (ConfUtils.java:logGet(46)) - raft.server.log.write.buffer.size = 1048576 (custom)
2022-07-27 23:17:44,093 [pool-402-thread-1] INFO  server.RaftServerConfigKeys (ConfUtils.java:logGet(46)) - raft.server.log.unsafe-flush.enabled = false (default)
2022-07-27 23:17:44,093 [pool-402-thread-1] INFO  server.RaftServerConfigKeys (ConfUtils.java:logGet(46)) - raft.server.log.statemachine.data.caching.enabled = true (custom)
2022-07-27 23:17:44,094 [pool-402-thread-1] INFO  segmented.SegmentedRaftLogWorker (SegmentedRaftLogWorker.java:lambda$new$0(135)) - 0e2a075e-53a8-462d-8f4f-c98e11d6e8a9@group-DD253CEE42E6-SegmentedRaftLogWorker: flushIndex: setUnconditionally 0 -> -1
2022-07-27 23:17:44,094 [pool-402-thread-1] INFO  segmented.SegmentedRaftLogWorker (SegmentedRaftLogWorker.java:lambda$new$0(135)) - 0e2a075e-53a8-462d-8f4f-c98e11d6e8a9@group-DD253CEE42E6-SegmentedRaftLogWorker: safeCacheEvictIndex: setUnconditionally 0 -> -1
2022-07-27 23:17:44,098 [pool-402-thread-1] INFO  server.RaftServerConfigKeys (ConfUtils.java:logGet(46)) - raft.server.snapshot.auto.trigger.enabled = true (custom)
2022-07-27 23:17:44,098 [pool-402-thread-1] INFO  server.RaftServerConfigKeys (ConfUtils.java:logGet(46)) - raft.server.snapshot.auto.trigger.threshold = 10000 (custom)
2022-07-27 23:17:44,098 [pool-402-thread-1] INFO  server.RaftServerConfigKeys (ConfUtils.java:logGet(46)) - raft.server.snapshot.retention.file.num = 5 (custom)
2022-07-27 23:17:44,098 [pool-402-thread-1] INFO  server.RaftServerConfigKeys (ConfUtils.java:logGet(46)) - raft.server.log.purge.upto.snapshot.index = false (default)
2022-07-27 23:17:44,098 [pool-402-thread-1] INFO  server.RaftServerConfigKeys (ConfUtils.java:logGet(46)) - raft.server.retrycache.expirytime = 600000ms (custom)
2022-07-27 23:17:44,098 [pool-402-thread-1] INFO  server.RaftServerConfigKeys (ConfUtils.java:logGet(46)) - raft.server.retrycache.statistics.expirytime = 100μs (default)
2022-07-27 23:17:44,100 [pool-402-thread-1] INFO  server.RaftServerConfigKeys (ConfUtils.java:logGet(46)) - raft.server.log.appender.install.snapshot.enabled = false (custom)
2022-07-27 23:17:44,100 [pool-402-thread-1] INFO  server.RaftServerConfigKeys (ConfUtils.java:logGet(46)) - raft.server.threadpool.server.cached = true (default)
2022-07-27 23:17:44,100 [pool-402-thread-1] INFO  server.RaftServerConfigKeys (ConfUtils.java:logGet(46)) - raft.server.threadpool.server.size = 0 (default)
2022-07-27 23:17:44,100 [pool-402-thread-1] INFO  server.RaftServerConfigKeys (ConfUtils.java:logGet(46)) - raft.server.threadpool.client.cached = true (default)
2022-07-27 23:17:44,100 [pool-402-thread-1] INFO  server.RaftServerConfigKeys (ConfUtils.java:logGet(46)) - raft.server.threadpool.client.size = 0 (default)
2022-07-27 23:17:44,100 [pool-402-thread-1] INFO  server.RaftServer$Division (RaftServerImpl.java:start(310)) - 0e2a075e-53a8-462d-8f4f-c98e11d6e8a9@group-DD253CEE42E6: start as a follower, conf=-1: [0e2a075e-53a8-462d-8f4f-c98e11d6e8a9|rpc:10.1.0.23:38473|priority:1], old=null
2022-07-27 23:17:44,100 [pool-402-thread-1] INFO  server.RaftServer$Division (RaftServerImpl.java:setRole(299)) - 0e2a075e-53a8-462d-8f4f-c98e11d6e8a9@group-DD253CEE42E6: changes role from      null to FOLLOWER at term 0 for startAsFollower
2022-07-27 23:17:44,100 [pool-402-thread-1] INFO  impl.RoleInfo (RoleInfo.java:updateAndGet(139)) - 0e2a075e-53a8-462d-8f4f-c98e11d6e8a9: start 0e2a075e-53a8-462d-8f4f-c98e11d6e8a9@group-DD253CEE42E6-FollowerState
2022-07-27 23:17:44,102 [pool-402-thread-1] INFO  util.JmxRegister (JmxRegister.java:tryRegister(44)) - Successfully registered JMX Bean with object name Ratis:service=RaftServer,group=group-DD253CEE42E6,id=0e2a075e-53a8-462d-8f4f-c98e11d6e8a9
2022-07-27 23:17:44,103 [EventQueue-PipelineReportForPipelineReportHandler] INFO  pipeline.PipelineManagerImpl (PipelineManagerImpl.java:openPipeline(367)) - Pipeline Pipeline[ Id: 05bf8054-d832-4199-a4ea-dd253cee42e6, Nodes: 0e2a075e-53a8-462d-8f4f-c98e11d6e8a9{ip: 10.1.0.23, host: fv-az129-30.sikifmtxjocetiwdfcy5r2sqla.phxx.internal.cloudapp.net, ports: [REPLICATION=44923, RATIS=38473, RATIS_ADMIN=38473, RATIS_SERVER=38473, STANDALONE=43861], networkLocation: /default-rack, certSerialId: null, persistedOpState: IN_SERVICE, persistedOpStateExpiryEpochSec: 0}, ReplicationConfig: RATIS/ONE, State:ALLOCATED, leaderId:0e2a075e-53a8-462d-8f4f-c98e11d6e8a9, CreationTimestamp2022-07-27T23:17:41.094Z[Etc/UTC]] moved to OPEN state
2022-07-27 23:17:44,103 [EventQueue-OpenPipelineForHealthyPipelineSafeModeRule] INFO  safemode.SCMSafeModeManager (HealthyPipelineSafeModeRule.java:process(137)) - SCM in safe mode. Healthy pipelines reported count is 0, required healthy pipeline reported count is 1
2022-07-27 23:17:44,103 [Command processor thread] INFO  ratis.XceiverServerRatis (XceiverServerRatis.java:addGroup(765)) - Created group PipelineID=05bf8054-d832-4199-a4ea-dd253cee42e6
2022-07-27 23:17:44,103 [Command processor thread] INFO  commandhandler.CreatePipelineCommandHandler (CreatePipelineCommandHandler.java:handle(113)) - Created Pipeline RATIS ONE PipelineID=05bf8054-d832-4199-a4ea-dd253cee42e6.
2022-07-27 23:17:44,631 [Listener at 127.0.0.1/45823] INFO  ozone.MiniOzoneClusterImpl (MiniOzoneClusterImpl.java:lambda$waitForClusterToBeReady$0(216)) - Nodes are ready. Got 5 of 5 DN Heartbeats.
2022-07-27 23:17:44,632 [Listener at 127.0.0.1/45823] INFO  ozone.MiniOzoneClusterImpl (MiniOzoneClusterImpl.java:lambda$waitForClusterToBeReady$0(219)) - Waiting for cluster to exit safe mode
2022-07-27 23:17:44,632 [Listener at 127.0.0.1/45823] INFO  ozone.MiniOzoneClusterImpl (MiniOzoneClusterImpl.java:lambda$waitForClusterToBeReady$0(221)) - SCM became leader
2022-07-27 23:17:44,727 [Command processor thread] INFO  server.RaftServer (RaftServerProxy.java:addNew(96)) - e23c561c-75fb-4f96-9524-9cc753fb152e: addNew group-8493BB09CFAF:[e23c561c-75fb-4f96-9524-9cc753fb152e|rpc:10.1.0.23:39095|priority:1] returns group-8493BB09CFAF:java.util.concurrent.CompletableFuture@7a35c207[Not completed]
2022-07-27 23:17:44,738 [pool-425-thread-1] INFO  server.RaftServer$Division (RaftServerImpl.java:<init>(190)) - e23c561c-75fb-4f96-9524-9cc753fb152e: new RaftServerImpl for group-8493BB09CFAF:[e23c561c-75fb-4f96-9524-9cc753fb152e|rpc:10.1.0.23:39095|priority:1] with ContainerStateMachine:uninitialized
2022-07-27 23:17:44,739 [pool-425-thread-1] INFO  server.RaftServerConfigKeys (ConfUtils.java:logGet(46)) - raft.server.rpc.timeout.min = 5s (custom)
2022-07-27 23:17:44,739 [pool-425-thread-1] INFO  server.RaftServerConfigKeys (ConfUtils.java:logGet(46)) - raft.server.rpc.timeout.max = 5200ms (custom)
2022-07-27 23:17:44,739 [pool-425-thread-1] INFO  server.RaftServerConfigKeys (ConfUtils.java:logGet(46)) - raft.server.rpc.sleep.time = 25ms (default)
2022-07-27 23:17:44,739 [pool-425-thread-1] INFO  server.RaftServerConfigKeys (ConfUtils.java:logGet(46)) - raft.server.rpc.slowness.timeout = 300s (custom)
2022-07-27 23:17:44,739 [pool-425-thread-1] INFO  server.RaftServerConfigKeys (ConfUtils.java:logGet(46)) - raft.server.leaderelection.leader.step-down.wait-time = 10s (default)
2022-07-27 23:17:44,739 [pool-425-thread-1] INFO  server.RaftServerConfigKeys (ConfUtils.java:logGet(46)) - raft.server.sleep.deviation.threshold = 300ms (default)
2022-07-27 23:17:44,739 [pool-425-thread-1] INFO  server.RaftServer$Division (ServerState.java:<init>(107)) - e23c561c-75fb-4f96-9524-9cc753fb152e@group-8493BB09CFAF: ConfigurationManager, init=-1: [e23c561c-75fb-4f96-9524-9cc753fb152e|rpc:10.1.0.23:39095|priority:1], old=null, confs=<EMPTY_MAP>
2022-07-27 23:17:44,739 [pool-425-thread-1] INFO  server.RaftServerConfigKeys (ConfUtils.java:logGet(46)) - raft.server.storage.dir = [/home/runner/work/ozone/ozone/hadoop-ozone/integration-test/target/test-dir/MiniOzoneClusterImpl-b291e8c9-c3a0-4e1a-9e8e-aed05fc6be83/datanode-3/data/ratis] (custom)
2022-07-27 23:17:44,739 [pool-425-thread-1] INFO  server.RaftServerConfigKeys (ConfUtils.java:logGet(46)) - raft.server.log.corruption.policy = EXCEPTION (default)
2022-07-27 23:17:44,739 [pool-425-thread-1] INFO  server.RaftServerConfigKeys (ConfUtils.java:logGet(46)) - raft.server.storage.free-space.min = 0MB (=0) (default)
2022-07-27 23:17:44,739 [pool-425-thread-1] INFO  storage.RaftStorageDirectory (RaftStorageDirectoryImpl.java:analyzeStorage(135)) - The storage directory /home/runner/work/ozone/ozone/hadoop-ozone/integration-test/target/test-dir/MiniOzoneClusterImpl-b291e8c9-c3a0-4e1a-9e8e-aed05fc6be83/datanode-3/data/ratis/5c56e289-5dd7-424b-bc98-8493bb09cfaf does not exist. Creating ...
2022-07-27 23:17:44,754 [pool-425-thread-1] INFO  storage.RaftStorageDirectory (RaftStorageDirectoryImpl.java:tryLock(230)) - Lock on /home/runner/work/ozone/ozone/hadoop-ozone/integration-test/target/test-dir/MiniOzoneClusterImpl-b291e8c9-c3a0-4e1a-9e8e-aed05fc6be83/datanode-3/data/ratis/5c56e289-5dd7-424b-bc98-8493bb09cfaf/in_use.lock acquired by nodename 1474@fv-az129-30
2022-07-27 23:17:44,755 [pool-425-thread-1] INFO  storage.RaftStorage (RaftStorageImpl.java:format(89)) - Storage directory /home/runner/work/ozone/ozone/hadoop-ozone/integration-test/target/test-dir/MiniOzoneClusterImpl-b291e8c9-c3a0-4e1a-9e8e-aed05fc6be83/datanode-3/data/ratis/5c56e289-5dd7-424b-bc98-8493bb09cfaf has been successfully formatted.
2022-07-27 23:17:44,762 [pool-425-thread-1] INFO  ratis.ContainerStateMachine (ContainerStateMachine.java:loadSnapshot(236)) - group-8493BB09CFAF: The snapshot info is null. Setting the last applied indexto:(t:0, i:~)
2022-07-27 23:17:44,762 [pool-425-thread-1] INFO  server.RaftServerConfigKeys (ConfUtils.java:logGet(46)) - raft.server.notification.no-leader.timeout = 300s (custom)
2022-07-27 23:17:44,763 [pool-425-thread-1] INFO  server.RaftServerConfigKeys (ConfUtils.java:logGet(46)) - raft.server.log.use.memory = false (default)
2022-07-27 23:17:44,763 [pool-425-thread-1] INFO  server.RaftServerConfigKeys (ConfUtils.java:logGet(46)) - raft.server.log.purge.gap = 1000000 (custom)
2022-07-27 23:17:44,763 [pool-425-thread-1] INFO  server.RaftServerConfigKeys (ConfUtils.java:logGet(46)) - raft.server.log.appender.buffer.byte-limit = 33554432 (custom)
2022-07-27 23:17:44,763 [pool-425-thread-1] INFO  server.RaftServerConfigKeys (ConfUtils.java:logGet(46)) - raft.server.log.statemachine.data.read.timeout = 1000ms (default)
2022-07-27 23:17:44,763 [pool-425-thread-1] INFO  server.RaftServerConfigKeys (ConfUtils.java:logGet(46)) - raft.server.log.segment.size.max = 1048576 (custom)
2022-07-27 23:17:44,763 [pool-425-thread-1] INFO  server.RaftServerConfigKeys (ConfUtils.java:logGet(46)) - raft.server.log.segment.cache.num.max = 2 (custom)
2022-07-27 23:17:44,763 [EventQueue-PipelineReportForPipelineReportHandler] INFO  pipeline.PipelineManagerImpl (PipelineManagerImpl.java:openPipeline(367)) - Pipeline Pipeline[ Id: 5c56e289-5dd7-424b-bc98-8493bb09cfaf, Nodes: e23c561c-75fb-4f96-9524-9cc753fb152e{ip: 10.1.0.23, host: fv-az129-30.sikifmtxjocetiwdfcy5r2sqla.phxx.internal.cloudapp.net, ports: [REPLICATION=39001, RATIS=39095, RATIS_ADMIN=39095, RATIS_SERVER=39095, STANDALONE=33701], networkLocation: /default-rack, certSerialId: null, persistedOpState: IN_SERVICE, persistedOpStateExpiryEpochSec: 0}, ReplicationConfig: RATIS/ONE, State:ALLOCATED, leaderId:e23c561c-75fb-4f96-9524-9cc753fb152e, CreationTimestamp2022-07-27T23:17:41.728Z[Etc/UTC]] moved to OPEN state
2022-07-27 23:17:44,764 [EventQueue-OpenPipelineForHealthyPipelineSafeModeRule] INFO  safemode.SCMSafeModeManager (HealthyPipelineSafeModeRule.java:process(137)) - SCM in safe mode. Healthy pipelines reported count is 0, required healthy pipeline reported count is 1
2022-07-27 23:17:44,763 [pool-425-thread-1] INFO  server.RaftServerConfigKeys (ConfUtils.java:logGet(46)) - raft.server.log.segment.cache.size.max = 200MB (=209715200) (default)
2022-07-27 23:17:44,764 [pool-425-thread-1] INFO  segmented.SegmentedRaftLogWorker (SegmentedRaftLogWorker.java:<init>(187)) - new e23c561c-75fb-4f96-9524-9cc753fb152e@group-8493BB09CFAF-SegmentedRaftLogWorker for RaftStorageImpl:Storage Directory /home/runner/work/ozone/ozone/hadoop-ozone/integration-test/target/test-dir/MiniOzoneClusterImpl-b291e8c9-c3a0-4e1a-9e8e-aed05fc6be83/datanode-3/data/ratis/5c56e289-5dd7-424b-bc98-8493bb09cfaf
2022-07-27 23:17:44,764 [pool-425-thread-1] INFO  server.RaftServerConfigKeys (ConfUtils.java:logGet(46)) - raft.server.log.queue.byte-limit = 4294967296 (custom)
2022-07-27 23:17:44,764 [pool-425-thread-1] INFO  server.RaftServerConfigKeys (ConfUtils.java:logGet(46)) - raft.server.log.queue.element-limit = 1024 (custom)
2022-07-27 23:17:44,764 [pool-425-thread-1] INFO  server.RaftServerConfigKeys (ConfUtils.java:logGet(46)) - raft.server.log.segment.size.max = 1048576 (custom)
2022-07-27 23:17:44,764 [pool-425-thread-1] INFO  server.RaftServerConfigKeys (ConfUtils.java:logGet(46)) - raft.server.log.preallocated.size = 16384 (custom)
2022-07-27 23:17:44,764 [pool-425-thread-1] INFO  server.RaftServerConfigKeys (ConfUtils.java:logGet(46)) - raft.server.log.force.sync.num = 128 (default)
2022-07-27 23:17:44,764 [pool-425-thread-1] INFO  server.RaftServerConfigKeys (ConfUtils.java:logGet(46)) - raft.server.log.statemachine.data.sync = true (default)
2022-07-27 23:17:44,764 [pool-425-thread-1] INFO  server.RaftServerConfigKeys (ConfUtils.java:logGet(46)) - raft.server.log.statemachine.data.sync.timeout = 10s (default)
2022-07-27 23:17:44,764 [pool-425-thread-1] INFO  server.RaftServerConfigKeys (ConfUtils.java:logGet(46)) - raft.server.log.statemachine.data.sync.timeout.retry = -1 (default)
2022-07-27 23:17:44,765 [pool-425-thread-1] INFO  server.RaftServerConfigKeys (ConfUtils.java:logGet(46)) - raft.server.log.write.buffer.size = 1048576 (custom)
2022-07-27 23:17:44,765 [pool-425-thread-1] INFO  server.RaftServerConfigKeys (ConfUtils.java:logGet(46)) - raft.server.log.unsafe-flush.enabled = false (default)
2022-07-27 23:17:44,765 [pool-425-thread-1] INFO  server.RaftServerConfigKeys (ConfUtils.java:logGet(46)) - raft.server.log.statemachine.data.caching.enabled = true (custom)
2022-07-27 23:17:44,765 [pool-425-thread-1] INFO  segmented.SegmentedRaftLogWorker (SegmentedRaftLogWorker.java:lambda$new$0(135)) - e23c561c-75fb-4f96-9524-9cc753fb152e@group-8493BB09CFAF-SegmentedRaftLogWorker: flushIndex: setUnconditionally 0 -> -1
2022-07-27 23:17:44,765 [pool-425-thread-1] INFO  segmented.SegmentedRaftLogWorker (SegmentedRaftLogWorker.java:lambda$new$0(135)) - e23c561c-75fb-4f96-9524-9cc753fb152e@group-8493BB09CFAF-SegmentedRaftLogWorker: safeCacheEvictIndex: setUnconditionally 0 -> -1
2022-07-27 23:17:44,766 [pool-425-thread-1] INFO  server.RaftServerConfigKeys (ConfUtils.java:logGet(46)) - raft.server.snapshot.auto.trigger.enabled = true (custom)
2022-07-27 23:17:44,766 [pool-425-thread-1] INFO  server.RaftServerConfigKeys (ConfUtils.java:logGet(46)) - raft.server.snapshot.auto.trigger.threshold = 10000 (custom)
2022-07-27 23:17:44,766 [pool-425-thread-1] INFO  server.RaftServerConfigKeys (ConfUtils.java:logGet(46)) - raft.server.snapshot.retention.file.num = 5 (custom)
2022-07-27 23:17:44,766 [pool-425-thread-1] INFO  server.RaftServerConfigKeys (ConfUtils.java:logGet(46)) - raft.server.log.purge.upto.snapshot.index = false (default)
2022-07-27 23:17:44,766 [pool-425-thread-1] INFO  server.RaftServerConfigKeys (ConfUtils.java:logGet(46)) - raft.server.retrycache.expirytime = 600000ms (custom)
2022-07-27 23:17:44,766 [pool-425-thread-1] INFO  server.RaftServerConfigKeys (ConfUtils.java:logGet(46)) - raft.server.retrycache.statistics.expirytime = 100μs (default)
2022-07-27 23:17:44,767 [pool-425-thread-1] INFO  server.RaftServerConfigKeys (ConfUtils.java:logGet(46)) - raft.server.log.appender.install.snapshot.enabled = false (custom)
2022-07-27 23:17:44,767 [pool-425-thread-1] INFO  server.RaftServerConfigKeys (ConfUtils.java:logGet(46)) - raft.server.threadpool.server.cached = true (default)
2022-07-27 23:17:44,768 [pool-425-thread-1] INFO  server.RaftServerConfigKeys (ConfUtils.java:logGet(46)) - raft.server.threadpool.server.size = 0 (default)
2022-07-27 23:17:44,768 [pool-425-thread-1] INFO  server.RaftServerConfigKeys (ConfUtils.java:logGet(46)) - raft.server.threadpool.client.cached = true (default)
2022-07-27 23:17:44,768 [pool-425-thread-1] INFO  server.RaftServerConfigKeys (ConfUtils.java:logGet(46)) - raft.server.threadpool.client.size = 0 (default)
2022-07-27 23:17:44,768 [pool-425-thread-1] INFO  server.RaftServer$Division (RaftServerImpl.java:start(310)) - e23c561c-75fb-4f96-9524-9cc753fb152e@group-8493BB09CFAF: start as a follower, conf=-1: [e23c561c-75fb-4f96-9524-9cc753fb152e|rpc:10.1.0.23:39095|priority:1], old=null
2022-07-27 23:17:44,768 [pool-425-thread-1] INFO  server.RaftServer$Division (RaftServerImpl.java:setRole(299)) - e23c561c-75fb-4f96-9524-9cc753fb152e@group-8493BB09CFAF: changes role from      null to FOLLOWER at term 0 for startAsFollower
2022-07-27 23:17:44,768 [pool-425-thread-1] INFO  impl.RoleInfo (RoleInfo.java:updateAndGet(139)) - e23c561c-75fb-4f96-9524-9cc753fb152e: start e23c561c-75fb-4f96-9524-9cc753fb152e@group-8493BB09CFAF-FollowerState
2022-07-27 23:17:44,778 [pool-425-thread-1] INFO  util.JmxRegister (JmxRegister.java:tryRegister(44)) - Successfully registered JMX Bean with object name Ratis:service=RaftServer,group=group-8493BB09CFAF,id=e23c561c-75fb-4f96-9524-9cc753fb152e
2022-07-27 23:17:44,790 [Command processor thread] INFO  ratis.XceiverServerRatis (XceiverServerRatis.java:addGroup(765)) - Created group PipelineID=5c56e289-5dd7-424b-bc98-8493bb09cfaf
2022-07-27 23:17:44,790 [Command processor thread] INFO  commandhandler.CreatePipelineCommandHandler (CreatePipelineCommandHandler.java:handle(113)) - Created Pipeline RATIS ONE PipelineID=5c56e289-5dd7-424b-bc98-8493bb09cfaf.
2022-07-27 23:17:45,632 [Listener at 127.0.0.1/45823] INFO  ozone.MiniOzoneClusterImpl (MiniOzoneClusterImpl.java:lambda$waitForClusterToBeReady$0(216)) - Nodes are ready. Got 5 of 5 DN Heartbeats.
2022-07-27 23:17:45,632 [Listener at 127.0.0.1/45823] INFO  ozone.MiniOzoneClusterImpl (MiniOzoneClusterImpl.java:lambda$waitForClusterToBeReady$0(219)) - Waiting for cluster to exit safe mode
2022-07-27 23:17:45,632 [Listener at 127.0.0.1/45823] INFO  ozone.MiniOzoneClusterImpl (MiniOzoneClusterImpl.java:lambda$waitForClusterToBeReady$0(221)) - SCM became leader
2022-07-27 23:17:45,655 [Command processor thread] INFO  server.RaftServer (RaftServerProxy.java:addNew(96)) - 16ceedc4-931d-4fd2-b8d8-69fb0f01a3b0: addNew group-F1A90CB18297:[16ceedc4-931d-4fd2-b8d8-69fb0f01a3b0|rpc:10.1.0.23:39521|priority:1] returns group-F1A90CB18297:java.util.concurrent.CompletableFuture@3f77675a[Not completed]
2022-07-27 23:17:45,672 [pool-453-thread-1] INFO  server.RaftServer$Division (RaftServerImpl.java:<init>(190)) - 16ceedc4-931d-4fd2-b8d8-69fb0f01a3b0: new RaftServerImpl for group-F1A90CB18297:[16ceedc4-931d-4fd2-b8d8-69fb0f01a3b0|rpc:10.1.0.23:39521|priority:1] with ContainerStateMachine:uninitialized
2022-07-27 23:17:45,672 [pool-453-thread-1] INFO  server.RaftServerConfigKeys (ConfUtils.java:logGet(46)) - raft.server.rpc.timeout.min = 5s (custom)
2022-07-27 23:17:45,672 [pool-453-thread-1] INFO  server.RaftServerConfigKeys (ConfUtils.java:logGet(46)) - raft.server.rpc.timeout.max = 5200ms (custom)
2022-07-27 23:17:45,672 [pool-453-thread-1] INFO  server.RaftServerConfigKeys (ConfUtils.java:logGet(46)) - raft.server.rpc.sleep.time = 25ms (default)
2022-07-27 23:17:45,672 [pool-453-thread-1] INFO  server.RaftServerConfigKeys (ConfUtils.java:logGet(46)) - raft.server.rpc.slowness.timeout = 300s (custom)
2022-07-27 23:17:45,672 [pool-453-thread-1] INFO  server.RaftServerConfigKeys (ConfUtils.java:logGet(46)) - raft.server.leaderelection.leader.step-down.wait-time = 10s (default)
2022-07-27 23:17:45,672 [pool-453-thread-1] INFO  server.RaftServerConfigKeys (ConfUtils.java:logGet(46)) - raft.server.sleep.deviation.threshold = 300ms (default)
2022-07-27 23:17:45,672 [pool-453-thread-1] INFO  server.RaftServer$Division (ServerState.java:<init>(107)) - 16ceedc4-931d-4fd2-b8d8-69fb0f01a3b0@group-F1A90CB18297: ConfigurationManager, init=-1: [16ceedc4-931d-4fd2-b8d8-69fb0f01a3b0|rpc:10.1.0.23:39521|priority:1], old=null, confs=<EMPTY_MAP>
2022-07-27 23:17:45,672 [pool-453-thread-1] INFO  server.RaftServerConfigKeys (ConfUtils.java:logGet(46)) - raft.server.storage.dir = [/home/runner/work/ozone/ozone/hadoop-ozone/integration-test/target/test-dir/MiniOzoneClusterImpl-b291e8c9-c3a0-4e1a-9e8e-aed05fc6be83/datanode-4/data/ratis] (custom)
2022-07-27 23:17:45,672 [pool-453-thread-1] INFO  server.RaftServerConfigKeys (ConfUtils.java:logGet(46)) - raft.server.log.corruption.policy = EXCEPTION (default)
2022-07-27 23:17:45,672 [pool-453-thread-1] INFO  server.RaftServerConfigKeys (ConfUtils.java:logGet(46)) - raft.server.storage.free-space.min = 0MB (=0) (default)
2022-07-27 23:17:45,672 [pool-453-thread-1] INFO  storage.RaftStorageDirectory (RaftStorageDirectoryImpl.java:analyzeStorage(135)) - The storage directory /home/runner/work/ozone/ozone/hadoop-ozone/integration-test/target/test-dir/MiniOzoneClusterImpl-b291e8c9-c3a0-4e1a-9e8e-aed05fc6be83/datanode-4/data/ratis/7b1ac99e-2aa1-4888-8f31-f1a90cb18297 does not exist. Creating ...
2022-07-27 23:17:45,698 [pool-453-thread-1] INFO  storage.RaftStorageDirectory (RaftStorageDirectoryImpl.java:tryLock(230)) - Lock on /home/runner/work/ozone/ozone/hadoop-ozone/integration-test/target/test-dir/MiniOzoneClusterImpl-b291e8c9-c3a0-4e1a-9e8e-aed05fc6be83/datanode-4/data/ratis/7b1ac99e-2aa1-4888-8f31-f1a90cb18297/in_use.lock acquired by nodename 1474@fv-az129-30
2022-07-27 23:17:45,699 [pool-453-thread-1] INFO  storage.RaftStorage (RaftStorageImpl.java:format(89)) - Storage directory /home/runner/work/ozone/ozone/hadoop-ozone/integration-test/target/test-dir/MiniOzoneClusterImpl-b291e8c9-c3a0-4e1a-9e8e-aed05fc6be83/datanode-4/data/ratis/7b1ac99e-2aa1-4888-8f31-f1a90cb18297 has been successfully formatted.
2022-07-27 23:17:45,713 [pool-453-thread-1] INFO  ratis.ContainerStateMachine (ContainerStateMachine.java:loadSnapshot(236)) - group-F1A90CB18297: The snapshot info is null. Setting the last applied indexto:(t:0, i:~)
2022-07-27 23:17:45,713 [pool-453-thread-1] INFO  server.RaftServerConfigKeys (ConfUtils.java:logGet(46)) - raft.server.notification.no-leader.timeout = 300s (custom)
2022-07-27 23:17:45,714 [pool-453-thread-1] INFO  server.RaftServerConfigKeys (ConfUtils.java:logGet(46)) - raft.server.log.use.memory = false (default)
2022-07-27 23:17:45,714 [pool-453-thread-1] INFO  server.RaftServerConfigKeys (ConfUtils.java:logGet(46)) - raft.server.log.purge.gap = 1000000 (custom)
2022-07-27 23:17:45,714 [pool-453-thread-1] INFO  server.RaftServerConfigKeys (ConfUtils.java:logGet(46)) - raft.server.log.appender.buffer.byte-limit = 33554432 (custom)
2022-07-27 23:17:45,714 [pool-453-thread-1] INFO  server.RaftServerConfigKeys (ConfUtils.java:logGet(46)) - raft.server.log.statemachine.data.read.timeout = 1000ms (default)
2022-07-27 23:17:45,714 [pool-453-thread-1] INFO  server.RaftServerConfigKeys (ConfUtils.java:logGet(46)) - raft.server.log.segment.size.max = 1048576 (custom)
2022-07-27 23:17:45,714 [pool-453-thread-1] INFO  server.RaftServerConfigKeys (ConfUtils.java:logGet(46)) - raft.server.log.segment.cache.num.max = 2 (custom)
2022-07-27 23:17:45,714 [pool-453-thread-1] INFO  server.RaftServerConfigKeys (ConfUtils.java:logGet(46)) - raft.server.log.segment.cache.size.max = 200MB (=209715200) (default)
2022-07-27 23:17:45,714 [pool-453-thread-1] INFO  segmented.SegmentedRaftLogWorker (SegmentedRaftLogWorker.java:<init>(187)) - new 16ceedc4-931d-4fd2-b8d8-69fb0f01a3b0@group-F1A90CB18297-SegmentedRaftLogWorker for RaftStorageImpl:Storage Directory /home/runner/work/ozone/ozone/hadoop-ozone/integration-test/target/test-dir/MiniOzoneClusterImpl-b291e8c9-c3a0-4e1a-9e8e-aed05fc6be83/datanode-4/data/ratis/7b1ac99e-2aa1-4888-8f31-f1a90cb18297
2022-07-27 23:17:45,714 [pool-453-thread-1] INFO  server.RaftServerConfigKeys (ConfUtils.java:logGet(46)) - raft.server.log.queue.byte-limit = 4294967296 (custom)
2022-07-27 23:17:45,714 [pool-453-thread-1] INFO  server.RaftServerConfigKeys (ConfUtils.java:logGet(46)) - raft.server.log.queue.element-limit = 1024 (custom)
2022-07-27 23:17:45,714 [pool-453-thread-1] INFO  server.RaftServerConfigKeys (ConfUtils.java:logGet(46)) - raft.server.log.segment.size.max = 1048576 (custom)
2022-07-27 23:17:45,714 [pool-453-thread-1] INFO  server.RaftServerConfigKeys (ConfUtils.java:logGet(46)) - raft.server.log.preallocated.size = 16384 (custom)
2022-07-27 23:17:45,714 [pool-453-thread-1] INFO  server.RaftServerConfigKeys (ConfUtils.java:logGet(46)) - raft.server.log.force.sync.num = 128 (default)
2022-07-27 23:17:45,714 [pool-453-thread-1] INFO  server.RaftServerConfigKeys (ConfUtils.java:logGet(46)) - raft.server.log.statemachine.data.sync = true (default)
2022-07-27 23:17:45,715 [pool-453-thread-1] INFO  server.RaftServerConfigKeys (ConfUtils.java:logGet(46)) - raft.server.log.statemachine.data.sync.timeout = 10s (default)
2022-07-27 23:17:45,715 [pool-453-thread-1] INFO  server.RaftServerConfigKeys (ConfUtils.java:logGet(46)) - raft.server.log.statemachine.data.sync.timeout.retry = -1 (default)
2022-07-27 23:17:45,715 [pool-453-thread-1] INFO  server.RaftServerConfigKeys (ConfUtils.java:logGet(46)) - raft.server.log.write.buffer.size = 1048576 (custom)
2022-07-27 23:17:45,715 [pool-453-thread-1] INFO  server.RaftServerConfigKeys (ConfUtils.java:logGet(46)) - raft.server.log.unsafe-flush.enabled = false (default)
2022-07-27 23:17:45,715 [pool-453-thread-1] INFO  server.RaftServerConfigKeys (ConfUtils.java:logGet(46)) - raft.server.log.statemachine.data.caching.enabled = true (custom)
2022-07-27 23:17:45,716 [EventQueue-PipelineReportForPipelineReportHandler] INFO  pipeline.PipelineManagerImpl (PipelineManagerImpl.java:openPipeline(367)) - Pipeline Pipeline[ Id: 7b1ac99e-2aa1-4888-8f31-f1a90cb18297, Nodes: 16ceedc4-931d-4fd2-b8d8-69fb0f01a3b0{ip: 10.1.0.23, host: fv-az129-30.sikifmtxjocetiwdfcy5r2sqla.phxx.internal.cloudapp.net, ports: [REPLICATION=34429, RATIS=39521, RATIS_ADMIN=39521, RATIS_SERVER=39521, STANDALONE=41995], networkLocation: /default-rack, certSerialId: null, persistedOpState: IN_SERVICE, persistedOpStateExpiryEpochSec: 0}, ReplicationConfig: RATIS/ONE, State:ALLOCATED, leaderId:16ceedc4-931d-4fd2-b8d8-69fb0f01a3b0, CreationTimestamp2022-07-27T23:17:42.667Z[Etc/UTC]] moved to OPEN state
2022-07-27 23:17:45,717 [EventQueue-OpenPipelineForHealthyPipelineSafeModeRule] INFO  safemode.SCMSafeModeManager (HealthyPipelineSafeModeRule.java:process(137)) - SCM in safe mode. Healthy pipelines reported count is 0, required healthy pipeline reported count is 1
2022-07-27 23:17:45,717 [pool-453-thread-1] INFO  segmented.SegmentedRaftLogWorker (SegmentedRaftLogWorker.java:lambda$new$0(135)) - 16ceedc4-931d-4fd2-b8d8-69fb0f01a3b0@group-F1A90CB18297-SegmentedRaftLogWorker: flushIndex: setUnconditionally 0 -> -1
2022-07-27 23:17:45,717 [pool-453-thread-1] INFO  segmented.SegmentedRaftLogWorker (SegmentedRaftLogWorker.java:lambda$new$0(135)) - 16ceedc4-931d-4fd2-b8d8-69fb0f01a3b0@group-F1A90CB18297-SegmentedRaftLogWorker: safeCacheEvictIndex: setUnconditionally 0 -> -1
2022-07-27 23:17:45,717 [pool-453-thread-1] INFO  server.RaftServerConfigKeys (ConfUtils.java:logGet(46)) - raft.server.snapshot.auto.trigger.enabled = true (custom)
2022-07-27 23:17:45,717 [pool-453-thread-1] INFO  server.RaftServerConfigKeys (ConfUtils.java:logGet(46)) - raft.server.snapshot.auto.trigger.threshold = 10000 (custom)
2022-07-27 23:17:45,717 [pool-453-thread-1] INFO  server.RaftServerConfigKeys (ConfUtils.java:logGet(46)) - raft.server.snapshot.retention.file.num = 5 (custom)
2022-07-27 23:17:45,717 [pool-453-thread-1] INFO  server.RaftServerConfigKeys (ConfUtils.java:logGet(46)) - raft.server.log.purge.upto.snapshot.index = false (default)
2022-07-27 23:17:45,717 [pool-453-thread-1] INFO  server.RaftServerConfigKeys (ConfUtils.java:logGet(46)) - raft.server.retrycache.expirytime = 600000ms (custom)
2022-07-27 23:17:45,717 [pool-453-thread-1] INFO  server.RaftServerConfigKeys (ConfUtils.java:logGet(46)) - raft.server.retrycache.statistics.expirytime = 100μs (default)
2022-07-27 23:17:45,718 [pool-453-thread-1] INFO  server.RaftServerConfigKeys (ConfUtils.java:logGet(46)) - raft.server.log.appender.install.snapshot.enabled = false (custom)
2022-07-27 23:17:45,718 [pool-453-thread-1] INFO  server.RaftServerConfigKeys (ConfUtils.java:logGet(46)) - raft.server.threadpool.server.cached = true (default)
2022-07-27 23:17:45,718 [pool-453-thread-1] INFO  server.RaftServerConfigKeys (ConfUtils.java:logGet(46)) - raft.server.threadpool.server.size = 0 (default)
2022-07-27 23:17:45,718 [pool-453-thread-1] INFO  server.RaftServerConfigKeys (ConfUtils.java:logGet(46)) - raft.server.threadpool.client.cached = true (default)
2022-07-27 23:17:45,718 [pool-453-thread-1] INFO  server.RaftServerConfigKeys (ConfUtils.java:logGet(46)) - raft.server.threadpool.client.size = 0 (default)
2022-07-27 23:17:45,718 [pool-453-thread-1] INFO  server.RaftServer$Division (RaftServerImpl.java:start(310)) - 16ceedc4-931d-4fd2-b8d8-69fb0f01a3b0@group-F1A90CB18297: start as a follower, conf=-1: [16ceedc4-931d-4fd2-b8d8-69fb0f01a3b0|rpc:10.1.0.23:39521|priority:1], old=null
2022-07-27 23:17:45,718 [pool-453-thread-1] INFO  server.RaftServer$Division (RaftServerImpl.java:setRole(299)) - 16ceedc4-931d-4fd2-b8d8-69fb0f01a3b0@group-F1A90CB18297: changes role from      null to FOLLOWER at term 0 for startAsFollower
2022-07-27 23:17:45,718 [pool-453-thread-1] INFO  impl.RoleInfo (RoleInfo.java:updateAndGet(139)) - 16ceedc4-931d-4fd2-b8d8-69fb0f01a3b0: start 16ceedc4-931d-4fd2-b8d8-69fb0f01a3b0@group-F1A90CB18297-FollowerState
2022-07-27 23:17:45,720 [pool-453-thread-1] INFO  util.JmxRegister (JmxRegister.java:tryRegister(44)) - Successfully registered JMX Bean with object name Ratis:service=RaftServer,group=group-F1A90CB18297,id=16ceedc4-931d-4fd2-b8d8-69fb0f01a3b0
2022-07-27 23:17:45,723 [Command processor thread] INFO  ratis.XceiverServerRatis (XceiverServerRatis.java:addGroup(765)) - Created group PipelineID=7b1ac99e-2aa1-4888-8f31-f1a90cb18297
2022-07-27 23:17:45,723 [Command processor thread] INFO  commandhandler.CreatePipelineCommandHandler (CreatePipelineCommandHandler.java:handle(113)) - Created Pipeline RATIS ONE PipelineID=7b1ac99e-2aa1-4888-8f31-f1a90cb18297.
2022-07-27 23:17:46,632 [Listener at 127.0.0.1/45823] INFO  ozone.MiniOzoneClusterImpl (MiniOzoneClusterImpl.java:lambda$waitForClusterToBeReady$0(216)) - Nodes are ready. Got 5 of 5 DN Heartbeats.
2022-07-27 23:17:46,633 [Listener at 127.0.0.1/45823] INFO  ozone.MiniOzoneClusterImpl (MiniOzoneClusterImpl.java:lambda$waitForClusterToBeReady$0(219)) - Waiting for cluster to exit safe mode
2022-07-27 23:17:46,633 [Listener at 127.0.0.1/45823] INFO  ozone.MiniOzoneClusterImpl (MiniOzoneClusterImpl.java:lambda$waitForClusterToBeReady$0(221)) - SCM became leader
2022-07-27 23:17:47,633 [Listener at 127.0.0.1/45823] INFO  ozone.MiniOzoneClusterImpl (MiniOzoneClusterImpl.java:lambda$waitForClusterToBeReady$0(216)) - Nodes are ready. Got 5 of 5 DN Heartbeats.
2022-07-27 23:17:47,633 [Listener at 127.0.0.1/45823] INFO  ozone.MiniOzoneClusterImpl (MiniOzoneClusterImpl.java:lambda$waitForClusterToBeReady$0(219)) - Waiting for cluster to exit safe mode
2022-07-27 23:17:47,633 [Listener at 127.0.0.1/45823] INFO  ozone.MiniOzoneClusterImpl (MiniOzoneClusterImpl.java:lambda$waitForClusterToBeReady$0(221)) - SCM became leader
2022-07-27 23:17:47,818 [2c19a24b-4032-4d82-8983-88a3c220b1d4@group-7D64E600E32C-FollowerState] INFO  impl.FollowerState (FollowerState.java:run(143)) - 2c19a24b-4032-4d82-8983-88a3c220b1d4@group-7D64E600E32C-FollowerState: change to CANDIDATE, lastRpcElapsedTime:5055879192ns, electionTimeout:5055ms
2022-07-27 23:17:47,819 [2c19a24b-4032-4d82-8983-88a3c220b1d4@group-7D64E600E32C-FollowerState] INFO  impl.RoleInfo (RoleInfo.java:shutdownFollowerState(110)) - 2c19a24b-4032-4d82-8983-88a3c220b1d4: shutdown 2c19a24b-4032-4d82-8983-88a3c220b1d4@group-7D64E600E32C-FollowerState
2022-07-27 23:17:47,819 [2c19a24b-4032-4d82-8983-88a3c220b1d4@group-7D64E600E32C-FollowerState] INFO  server.RaftServer$Division (RaftServerImpl.java:setRole(299)) - 2c19a24b-4032-4d82-8983-88a3c220b1d4@group-7D64E600E32C: changes role from  FOLLOWER to CANDIDATE at term 0 for changeToCandidate
2022-07-27 23:17:47,819 [2c19a24b-4032-4d82-8983-88a3c220b1d4@group-7D64E600E32C-FollowerState] INFO  server.RaftServerConfigKeys (ConfUtils.java:logGet(46)) - raft.server.leaderelection.pre-vote = false (custom)
2022-07-27 23:17:47,819 [2c19a24b-4032-4d82-8983-88a3c220b1d4@group-7D64E600E32C-FollowerState] INFO  impl.RoleInfo (RoleInfo.java:updateAndGet(139)) - 2c19a24b-4032-4d82-8983-88a3c220b1d4: start 2c19a24b-4032-4d82-8983-88a3c220b1d4@group-7D64E600E32C-LeaderElection16
2022-07-27 23:17:47,867 [2c19a24b-4032-4d82-8983-88a3c220b1d4@group-3C98930FCBF1-FollowerState] INFO  impl.FollowerState (FollowerState.java:run(143)) - 2c19a24b-4032-4d82-8983-88a3c220b1d4@group-3C98930FCBF1-FollowerState: change to CANDIDATE, lastRpcElapsedTime:5081775993ns, electionTimeout:5081ms
2022-07-27 23:17:47,867 [2c19a24b-4032-4d82-8983-88a3c220b1d4@group-3C98930FCBF1-FollowerState] INFO  impl.RoleInfo (RoleInfo.java:shutdownFollowerState(110)) - 2c19a24b-4032-4d82-8983-88a3c220b1d4: shutdown 2c19a24b-4032-4d82-8983-88a3c220b1d4@group-3C98930FCBF1-FollowerState
2022-07-27 23:17:47,867 [2c19a24b-4032-4d82-8983-88a3c220b1d4@group-3C98930FCBF1-FollowerState] INFO  server.RaftServer$Division (RaftServerImpl.java:setRole(299)) - 2c19a24b-4032-4d82-8983-88a3c220b1d4@group-3C98930FCBF1: changes role from  FOLLOWER to CANDIDATE at term 0 for changeToCandidate
2022-07-27 23:17:47,867 [2c19a24b-4032-4d82-8983-88a3c220b1d4@group-3C98930FCBF1-FollowerState] INFO  server.RaftServerConfigKeys (ConfUtils.java:logGet(46)) - raft.server.leaderelection.pre-vote = false (custom)
2022-07-27 23:17:47,867 [2c19a24b-4032-4d82-8983-88a3c220b1d4@group-3C98930FCBF1-FollowerState] INFO  impl.RoleInfo (RoleInfo.java:updateAndGet(139)) - 2c19a24b-4032-4d82-8983-88a3c220b1d4: start 2c19a24b-4032-4d82-8983-88a3c220b1d4@group-3C98930FCBF1-LeaderElection17
2022-07-27 23:17:47,868 [2c19a24b-4032-4d82-8983-88a3c220b1d4@group-7D64E600E32C-LeaderElection16] INFO  impl.LeaderElection (LeaderElection.java:askForVotes(310)) - 2c19a24b-4032-4d82-8983-88a3c220b1d4@group-7D64E600E32C-LeaderElection16 ELECTION round 0: submit vote requests at term 1 for -1: [2c19a24b-4032-4d82-8983-88a3c220b1d4|rpc:10.1.0.23:43989|priority:1], old=null
2022-07-27 23:17:47,868 [2c19a24b-4032-4d82-8983-88a3c220b1d4@group-7D64E600E32C-LeaderElection16] INFO  impl.LeaderElection (LeaderElection.java:askForVotes(312)) - 2c19a24b-4032-4d82-8983-88a3c220b1d4@group-7D64E600E32C-LeaderElection16 ELECTION round 0: result PASSED (term=1)
2022-07-27 23:17:47,868 [2c19a24b-4032-4d82-8983-88a3c220b1d4@group-7D64E600E32C-LeaderElection16] INFO  impl.RoleInfo (RoleInfo.java:shutdownLeaderElection(130)) - 2c19a24b-4032-4d82-8983-88a3c220b1d4: shutdown 2c19a24b-4032-4d82-8983-88a3c220b1d4@group-7D64E600E32C-LeaderElection16
2022-07-27 23:17:47,868 [2c19a24b-4032-4d82-8983-88a3c220b1d4@group-7D64E600E32C-LeaderElection16] INFO  server.RaftServer$Division (RaftServerImpl.java:setRole(299)) - 2c19a24b-4032-4d82-8983-88a3c220b1d4@group-7D64E600E32C: changes role from CANDIDATE to LEADER at term 1 for changeToLeader
2022-07-27 23:17:47,868 [2c19a24b-4032-4d82-8983-88a3c220b1d4@group-7D64E600E32C-LeaderElection16] INFO  ratis.XceiverServerRatis (XceiverServerRatis.java:handleLeaderChangedNotification(863)) - Leader change notification received for group: group-7D64E600E32C with new leaderId: 2c19a24b-4032-4d82-8983-88a3c220b1d4
2022-07-27 23:17:47,886 [2c19a24b-4032-4d82-8983-88a3c220b1d4@group-7D64E600E32C-LeaderElection16] INFO  server.RaftServer$Division (ServerState.java:setLeader(287)) - 2c19a24b-4032-4d82-8983-88a3c220b1d4@group-7D64E600E32C: change Leader from null to 2c19a24b-4032-4d82-8983-88a3c220b1d4 at term 1 for becomeLeader, leader elected after 5130ms
2022-07-27 23:17:47,886 [2c19a24b-4032-4d82-8983-88a3c220b1d4@group-7D64E600E32C-LeaderElection16] INFO  server.RaftServerConfigKeys (ConfUtils.java:logGet(46)) - raft.server.staging.catchup.gap = 1000 (default)
2022-07-27 23:17:47,887 [2c19a24b-4032-4d82-8983-88a3c220b1d4@group-7D64E600E32C-LeaderElection16] INFO  server.RaftServerConfigKeys (ConfUtils.java:logGet(46)) - raft.server.write.element-limit = 1024 (custom)
2022-07-27 23:17:47,887 [2c19a24b-4032-4d82-8983-88a3c220b1d4@group-7D64E600E32C-LeaderElection16] INFO  server.RaftServerConfigKeys (ConfUtils.java:logGet(46)) - raft.server.write.byte-limit = 1024 M (=1073741824) (custom)
2022-07-27 23:17:47,887 [2c19a24b-4032-4d82-8983-88a3c220b1d4@group-7D64E600E32C-LeaderElection16] INFO  server.RaftServerConfigKeys (ConfUtils.java:logGet(46)) - raft.server.watch.timeout = 180s (custom)
2022-07-27 23:17:47,887 [2c19a24b-4032-4d82-8983-88a3c220b1d4@group-7D64E600E32C-LeaderElection16] INFO  server.RaftServerConfigKeys (ConfUtils.java:logGet(46)) - raft.server.watch.timeout.denomination = 1s (default)
2022-07-27 23:17:47,887 [2c19a24b-4032-4d82-8983-88a3c220b1d4@group-7D64E600E32C-LeaderElection16] INFO  server.RaftServerConfigKeys (ConfUtils.java:logGet(46)) - raft.server.watch.element-limit = 65536 (default)
2022-07-27 23:17:47,887 [2c19a24b-4032-4d82-8983-88a3c220b1d4@group-7D64E600E32C-LeaderElection16] INFO  server.RaftServerConfigKeys (ConfUtils.java:logGet(46)) - raft.server.write.element-limit = 1024 (custom)
2022-07-27 23:17:47,887 [2c19a24b-4032-4d82-8983-88a3c220b1d4@group-7D64E600E32C-LeaderElection16] INFO  server.RaftServerConfigKeys (ConfUtils.java:logGet(46)) - raft.server.write.follower.gap.ratio.max = -1.0 (default)
2022-07-27 23:17:47,887 [2c19a24b-4032-4d82-8983-88a3c220b1d4@group-7D64E600E32C-LeaderElection16] INFO  impl.RoleInfo (RoleInfo.java:updateAndGet(139)) - 2c19a24b-4032-4d82-8983-88a3c220b1d4: start 2c19a24b-4032-4d82-8983-88a3c220b1d4@group-7D64E600E32C-LeaderStateImpl
2022-07-27 23:17:47,887 [2c19a24b-4032-4d82-8983-88a3c220b1d4@group-7D64E600E32C-LeaderElection16] INFO  segmented.SegmentedRaftLogWorker (SegmentedRaftLogWorker.java:startLogSegment(425)) - 2c19a24b-4032-4d82-8983-88a3c220b1d4@group-7D64E600E32C-SegmentedRaftLogWorker: Starting segment from index:0
2022-07-27 23:17:47,888 [EventQueue-OpenPipelineForHealthyPipelineSafeModeRule] INFO  safemode.SCMSafeModeManager (HealthyPipelineSafeModeRule.java:process(137)) - SCM in safe mode. Healthy pipelines reported count is 0, required healthy pipeline reported count is 1
2022-07-27 23:17:47,888 [2c19a24b-4032-4d82-8983-88a3c220b1d4@group-7D64E600E32C-SegmentedRaftLogWorker] INFO  segmented.SegmentedRaftLogWorker (SegmentedRaftLogWorker.java:execute(629)) - 2c19a24b-4032-4d82-8983-88a3c220b1d4@group-7D64E600E32C-SegmentedRaftLogWorker: created new log segment /home/runner/work/ozone/ozone/hadoop-ozone/integration-test/target/test-dir/MiniOzoneClusterImpl-b291e8c9-c3a0-4e1a-9e8e-aed05fc6be83/datanode-0/data/ratis/df8238a1-e42c-436c-b319-7d64e600e32c/current/log_inprogress_0
2022-07-27 23:17:47,889 [2c19a24b-4032-4d82-8983-88a3c220b1d4@group-3C98930FCBF1-LeaderElection17] INFO  impl.LeaderElection (LeaderElection.java:askForVotes(310)) - 2c19a24b-4032-4d82-8983-88a3c220b1d4@group-3C98930FCBF1-LeaderElection17 ELECTION round 0: submit vote requests at term 1 for -1: [2c19a24b-4032-4d82-8983-88a3c220b1d4|rpc:10.1.0.23:43989|priority:1, f22def52-3ff3-45a1-9b56-9fd420a51670|rpc:10.1.0.23:37919|priority:0, 0e2a075e-53a8-462d-8f4f-c98e11d6e8a9|rpc:10.1.0.23:38473|priority:0], old=null
2022-07-27 23:17:47,890 [2c19a24b-4032-4d82-8983-88a3c220b1d4@group-7D64E600E32C-LeaderElection16] INFO  server.RaftServer$Division (ServerState.java:setRaftConf(393)) - 2c19a24b-4032-4d82-8983-88a3c220b1d4@group-7D64E600E32C: set configuration 0: [2c19a24b-4032-4d82-8983-88a3c220b1d4|rpc:10.1.0.23:43989|dataStream:|priority:1], old=null
2022-07-27 23:17:47,946 [grpc-default-executor-0] INFO  server.RaftServer$Division (RaftServerImpl.java:requestVote(1152)) - f22def52-3ff3-45a1-9b56-9fd420a51670@group-3C98930FCBF1: receive requestVote(ELECTION, 2c19a24b-4032-4d82-8983-88a3c220b1d4, group-3C98930FCBF1, 1, (t:0, i:0))
2022-07-27 23:17:47,946 [grpc-default-executor-0] INFO  impl.VoteContext (VoteContext.java:log(48)) - f22def52-3ff3-45a1-9b56-9fd420a51670@group-3C98930FCBF1-FOLLOWER: accept ELECTION from 2c19a24b-4032-4d82-8983-88a3c220b1d4: our priority 0 <= candidate's priority 1
2022-07-27 23:17:47,946 [grpc-default-executor-0] INFO  server.RaftServer$Division (RaftServerImpl.java:setRole(299)) - f22def52-3ff3-45a1-9b56-9fd420a51670@group-3C98930FCBF1: changes role from  FOLLOWER to FOLLOWER at term 1 for candidate:2c19a24b-4032-4d82-8983-88a3c220b1d4
2022-07-27 23:17:47,946 [grpc-default-executor-0] INFO  impl.RoleInfo (RoleInfo.java:shutdownFollowerState(110)) - f22def52-3ff3-45a1-9b56-9fd420a51670: shutdown f22def52-3ff3-45a1-9b56-9fd420a51670@group-3C98930FCBF1-FollowerState
2022-07-27 23:17:47,947 [grpc-default-executor-0] INFO  impl.RoleInfo (RoleInfo.java:updateAndGet(139)) - f22def52-3ff3-45a1-9b56-9fd420a51670: start f22def52-3ff3-45a1-9b56-9fd420a51670@group-3C98930FCBF1-FollowerState
2022-07-27 23:17:47,947 [f22def52-3ff3-45a1-9b56-9fd420a51670@group-3C98930FCBF1-FollowerState] INFO  impl.FollowerState (FollowerState.java:run(152)) - f22def52-3ff3-45a1-9b56-9fd420a51670@group-3C98930FCBF1-FollowerState was interrupted
2022-07-27 23:17:47,951 [grpc-default-executor-0] INFO  server.RaftServer$Division (RaftServerImpl.java:requestVote(1184)) - f22def52-3ff3-45a1-9b56-9fd420a51670@group-3C98930FCBF1 replies to ELECTION vote request: 2c19a24b-4032-4d82-8983-88a3c220b1d4<-f22def52-3ff3-45a1-9b56-9fd420a51670#0:OK-t1. Peer's state: f22def52-3ff3-45a1-9b56-9fd420a51670@group-3C98930FCBF1:t1, leader=null, voted=2c19a24b-4032-4d82-8983-88a3c220b1d4, raftlog=f22def52-3ff3-45a1-9b56-9fd420a51670@group-3C98930FCBF1-SegmentedRaftLog:OPENED:c-1, conf=-1: [2c19a24b-4032-4d82-8983-88a3c220b1d4|rpc:10.1.0.23:43989|dataStream:|priority:1, f22def52-3ff3-45a1-9b56-9fd420a51670|rpc:10.1.0.23:37919|dataStream:|priority:0, 0e2a075e-53a8-462d-8f4f-c98e11d6e8a9|rpc:10.1.0.23:38473|dataStream:|priority:0], old=null
2022-07-27 23:17:47,969 [2c19a24b-4032-4d82-8983-88a3c220b1d4@group-3C98930FCBF1-LeaderElection17] INFO  impl.LeaderElection (LeaderElection.java:logAndReturn(90)) - 2c19a24b-4032-4d82-8983-88a3c220b1d4@group-3C98930FCBF1-LeaderElection17: ELECTION PASSED received 1 response(s) and 0 exception(s):
2022-07-27 23:17:47,970 [2c19a24b-4032-4d82-8983-88a3c220b1d4@group-3C98930FCBF1-LeaderElection17] INFO  impl.LeaderElection (LeaderElection.java:logAndReturn(94)) -   Response 0: 2c19a24b-4032-4d82-8983-88a3c220b1d4<-f22def52-3ff3-45a1-9b56-9fd420a51670#0:OK-t1
2022-07-27 23:17:47,970 [2c19a24b-4032-4d82-8983-88a3c220b1d4@group-3C98930FCBF1-LeaderElection17] INFO  impl.LeaderElection (LeaderElection.java:askForVotes(312)) - 2c19a24b-4032-4d82-8983-88a3c220b1d4@group-3C98930FCBF1-LeaderElection17 ELECTION round 0: result PASSED
2022-07-27 23:17:47,970 [2c19a24b-4032-4d82-8983-88a3c220b1d4@group-3C98930FCBF1-LeaderElection17] INFO  impl.RoleInfo (RoleInfo.java:shutdownLeaderElection(130)) - 2c19a24b-4032-4d82-8983-88a3c220b1d4: shutdown 2c19a24b-4032-4d82-8983-88a3c220b1d4@group-3C98930FCBF1-LeaderElection17
2022-07-27 23:17:47,970 [2c19a24b-4032-4d82-8983-88a3c220b1d4@group-3C98930FCBF1-LeaderElection17] INFO  server.RaftServer$Division (RaftServerImpl.java:setRole(299)) - 2c19a24b-4032-4d82-8983-88a3c220b1d4@group-3C98930FCBF1: changes role from CANDIDATE to LEADER at term 1 for changeToLeader
2022-07-27 23:17:47,970 [2c19a24b-4032-4d82-8983-88a3c220b1d4@group-3C98930FCBF1-LeaderElection17] INFO  ratis.XceiverServerRatis (XceiverServerRatis.java:handleLeaderChangedNotification(863)) - Leader change notification received for group: group-3C98930FCBF1 with new leaderId: 2c19a24b-4032-4d82-8983-88a3c220b1d4
2022-07-27 23:17:47,970 [2c19a24b-4032-4d82-8983-88a3c220b1d4@group-3C98930FCBF1-LeaderElection17] INFO  server.RaftServer$Division (ServerState.java:setLeader(287)) - 2c19a24b-4032-4d82-8983-88a3c220b1d4@group-3C98930FCBF1: change Leader from null to 2c19a24b-4032-4d82-8983-88a3c220b1d4 at term 1 for becomeLeader, leader elected after 5189ms
2022-07-27 23:17:47,970 [2c19a24b-4032-4d82-8983-88a3c220b1d4@group-3C98930FCBF1-LeaderElection17] INFO  server.RaftServerConfigKeys (ConfUtils.java:logGet(46)) - raft.server.staging.catchup.gap = 1000 (default)
2022-07-27 23:17:47,970 [2c19a24b-4032-4d82-8983-88a3c220b1d4@group-3C98930FCBF1-LeaderElection17] INFO  server.RaftServerConfigKeys (ConfUtils.java:logGet(46)) - raft.server.write.element-limit = 1024 (custom)
2022-07-27 23:17:47,970 [2c19a24b-4032-4d82-8983-88a3c220b1d4@group-3C98930FCBF1-LeaderElection17] INFO  server.RaftServerConfigKeys (ConfUtils.java:logGet(46)) - raft.server.write.byte-limit = 1024 M (=1073741824) (custom)
2022-07-27 23:17:47,970 [2c19a24b-4032-4d82-8983-88a3c220b1d4@group-3C98930FCBF1-LeaderElection17] INFO  server.RaftServerConfigKeys (ConfUtils.java:logGet(46)) - raft.server.watch.timeout = 180s (custom)
2022-07-27 23:17:47,970 [2c19a24b-4032-4d82-8983-88a3c220b1d4@group-3C98930FCBF1-LeaderElection17] INFO  server.RaftServerConfigKeys (ConfUtils.java:logGet(46)) - raft.server.watch.timeout.denomination = 1s (default)
2022-07-27 23:17:47,970 [2c19a24b-4032-4d82-8983-88a3c220b1d4@group-3C98930FCBF1-LeaderElection17] INFO  server.RaftServerConfigKeys (ConfUtils.java:logGet(46)) - raft.server.watch.element-limit = 65536 (default)
2022-07-27 23:17:47,970 [2c19a24b-4032-4d82-8983-88a3c220b1d4@group-3C98930FCBF1-LeaderElection17] INFO  server.RaftServerConfigKeys (ConfUtils.java:logGet(46)) - raft.server.write.element-limit = 1024 (custom)
2022-07-27 23:17:47,971 [2c19a24b-4032-4d82-8983-88a3c220b1d4@group-3C98930FCBF1-LeaderElection17] INFO  server.RaftServerConfigKeys (ConfUtils.java:logGet(46)) - raft.server.write.follower.gap.ratio.max = -1.0 (default)
2022-07-27 23:17:47,971 [2c19a24b-4032-4d82-8983-88a3c220b1d4@group-3C98930FCBF1-LeaderElection17] INFO  server.RaftServerConfigKeys (ConfUtils.java:logGet(46)) - raft.server.log.appender.snapshot.chunk.size.max = 16MB (=16777216) (default)
2022-07-27 23:17:47,971 [2c19a24b-4032-4d82-8983-88a3c220b1d4@group-3C98930FCBF1-LeaderElection17] INFO  server.RaftServerConfigKeys (ConfUtils.java:logGet(46)) - raft.server.log.appender.buffer.byte-limit = 33554432 (custom)
2022-07-27 23:17:47,971 [2c19a24b-4032-4d82-8983-88a3c220b1d4@group-3C98930FCBF1-LeaderElection17] INFO  server.RaftServerConfigKeys (ConfUtils.java:logGet(46)) - raft.server.log.appender.buffer.element-limit = 1 (custom)
2022-07-27 23:17:47,971 [2c19a24b-4032-4d82-8983-88a3c220b1d4@group-3C98930FCBF1-LeaderElection17] INFO  grpc.GrpcConfigKeys (ConfUtils.java:logGet(46)) - raft.grpc.server.leader.outstanding.appends.max = 128 (default)
2022-07-27 23:17:47,971 [2c19a24b-4032-4d82-8983-88a3c220b1d4@group-3C98930FCBF1-LeaderElection17] INFO  server.RaftServerConfigKeys (ConfUtils.java:logGet(46)) - raft.server.rpc.request.timeout = 60s (custom)
2022-07-27 23:17:47,971 [2c19a24b-4032-4d82-8983-88a3c220b1d4@group-3C98930FCBF1-LeaderElection17] INFO  server.RaftServerConfigKeys (ConfUtils.java:logGet(46)) - raft.server.log.appender.install.snapshot.enabled = false (custom)
2022-07-27 23:17:47,972 [2c19a24b-4032-4d82-8983-88a3c220b1d4@group-3C98930FCBF1-LeaderElection17] INFO  server.RaftServerConfigKeys (ConfUtils.java:logGet(46)) - raft.server.log.appender.snapshot.chunk.size.max = 16MB (=16777216) (default)
2022-07-27 23:17:47,972 [2c19a24b-4032-4d82-8983-88a3c220b1d4@group-3C98930FCBF1-LeaderElection17] INFO  server.RaftServerConfigKeys (ConfUtils.java:logGet(46)) - raft.server.log.appender.buffer.byte-limit = 33554432 (custom)
2022-07-27 23:17:47,972 [2c19a24b-4032-4d82-8983-88a3c220b1d4@group-3C98930FCBF1-LeaderElection17] INFO  server.RaftServerConfigKeys (ConfUtils.java:logGet(46)) - raft.server.log.appender.buffer.element-limit = 1 (custom)
2022-07-27 23:17:47,972 [2c19a24b-4032-4d82-8983-88a3c220b1d4@group-3C98930FCBF1-LeaderElection17] INFO  grpc.GrpcConfigKeys (ConfUtils.java:logGet(46)) - raft.grpc.server.leader.outstanding.appends.max = 128 (default)
2022-07-27 23:17:47,972 [2c19a24b-4032-4d82-8983-88a3c220b1d4@group-3C98930FCBF1-LeaderElection17] INFO  server.RaftServerConfigKeys (ConfUtils.java:logGet(46)) - raft.server.rpc.request.timeout = 60s (custom)
2022-07-27 23:17:47,972 [2c19a24b-4032-4d82-8983-88a3c220b1d4@group-3C98930FCBF1-LeaderElection17] INFO  server.RaftServerConfigKeys (ConfUtils.java:logGet(46)) - raft.server.log.appender.install.snapshot.enabled = false (custom)
2022-07-27 23:17:47,972 [2c19a24b-4032-4d82-8983-88a3c220b1d4@group-3C98930FCBF1-LeaderElection17] INFO  impl.RoleInfo (RoleInfo.java:updateAndGet(139)) - 2c19a24b-4032-4d82-8983-88a3c220b1d4: start 2c19a24b-4032-4d82-8983-88a3c220b1d4@group-3C98930FCBF1-LeaderStateImpl
2022-07-27 23:17:47,973 [2c19a24b-4032-4d82-8983-88a3c220b1d4@group-3C98930FCBF1-LeaderElection17] INFO  segmented.SegmentedRaftLogWorker (SegmentedRaftLogWorker.java:startLogSegment(425)) - 2c19a24b-4032-4d82-8983-88a3c220b1d4@group-3C98930FCBF1-SegmentedRaftLogWorker: Starting segment from index:0
2022-07-27 23:17:47,994 [grpc-default-executor-0] INFO  server.RaftServer$Division (RaftServerImpl.java:requestVote(1152)) - 0e2a075e-53a8-462d-8f4f-c98e11d6e8a9@group-3C98930FCBF1: receive requestVote(ELECTION, 2c19a24b-4032-4d82-8983-88a3c220b1d4, group-3C98930FCBF1, 1, (t:0, i:0))
2022-07-27 23:17:47,994 [grpc-default-executor-0] INFO  impl.VoteContext (VoteContext.java:log(48)) - 0e2a075e-53a8-462d-8f4f-c98e11d6e8a9@group-3C98930FCBF1-FOLLOWER: accept ELECTION from 2c19a24b-4032-4d82-8983-88a3c220b1d4: our priority 0 <= candidate's priority 1
2022-07-27 23:17:47,994 [grpc-default-executor-0] INFO  server.RaftServer$Division (RaftServerImpl.java:setRole(299)) - 0e2a075e-53a8-462d-8f4f-c98e11d6e8a9@group-3C98930FCBF1: changes role from  FOLLOWER to FOLLOWER at term 1 for candidate:2c19a24b-4032-4d82-8983-88a3c220b1d4
2022-07-27 23:17:47,994 [grpc-default-executor-0] INFO  impl.RoleInfo (RoleInfo.java:shutdownFollowerState(110)) - 0e2a075e-53a8-462d-8f4f-c98e11d6e8a9: shutdown 0e2a075e-53a8-462d-8f4f-c98e11d6e8a9@group-3C98930FCBF1-FollowerState
2022-07-27 23:17:48,002 [2c19a24b-4032-4d82-8983-88a3c220b1d4@group-3C98930FCBF1-LeaderElection17] INFO  server.RaftServer$Division (ServerState.java:setRaftConf(393)) - 2c19a24b-4032-4d82-8983-88a3c220b1d4@group-3C98930FCBF1: set configuration 0: [2c19a24b-4032-4d82-8983-88a3c220b1d4|rpc:10.1.0.23:43989|dataStream:|priority:1, f22def52-3ff3-45a1-9b56-9fd420a51670|rpc:10.1.0.23:37919|dataStream:|priority:0, 0e2a075e-53a8-462d-8f4f-c98e11d6e8a9|rpc:10.1.0.23:38473|dataStream:|priority:0], old=null
2022-07-27 23:17:48,014 [EventQueue-OpenPipelineForHealthyPipelineSafeModeRule] INFO  safemode.SCMSafeModeManager (HealthyPipelineSafeModeRule.java:process(137)) - SCM in safe mode. Healthy pipelines reported count is 0, required healthy pipeline reported count is 1
2022-07-27 23:17:48,014 [EventQueue-PipelineReportForPipelineReportHandler] INFO  pipeline.PipelineManagerImpl (PipelineManagerImpl.java:openPipeline(367)) - Pipeline Pipeline[ Id: aba374bc-463b-4f00-937b-3c98930fcbf1, Nodes: 2c19a24b-4032-4d82-8983-88a3c220b1d4{ip: 10.1.0.23, host: fv-az129-30.sikifmtxjocetiwdfcy5r2sqla.phxx.internal.cloudapp.net, ports: [REPLICATION=37767, RATIS=43989, RATIS_ADMIN=43989, RATIS_SERVER=43989, STANDALONE=40205], networkLocation: /default-rack, certSerialId: null, persistedOpState: IN_SERVICE, persistedOpStateExpiryEpochSec: 0}f22def52-3ff3-45a1-9b56-9fd420a51670{ip: 10.1.0.23, host: fv-az129-30.sikifmtxjocetiwdfcy5r2sqla.phxx.internal.cloudapp.net, ports: [REPLICATION=45819, RATIS=37919, RATIS_ADMIN=37919, RATIS_SERVER=37919, STANDALONE=38495], networkLocation: /default-rack, certSerialId: null, persistedOpState: IN_SERVICE, persistedOpStateExpiryEpochSec: 0}0e2a075e-53a8-462d-8f4f-c98e11d6e8a9{ip: 10.1.0.23, host: fv-az129-30.sikifmtxjocetiwdfcy5r2sqla.phxx.internal.cloudapp.net, ports: [REPLICATION=44923, RATIS=38473, RATIS_ADMIN=38473, RATIS_SERVER=38473, STANDALONE=43861], networkLocation: /default-rack, certSerialId: null, persistedOpState: IN_SERVICE, persistedOpStateExpiryEpochSec: 0}, ReplicationConfig: RATIS/THREE, State:ALLOCATED, leaderId:2c19a24b-4032-4d82-8983-88a3c220b1d4, CreationTimestamp2022-07-27T23:17:41.095Z[Etc/UTC]] moved to OPEN state
2022-07-27 23:17:48,015 [EventQueue-OpenPipelineForHealthyPipelineSafeModeRule] INFO  safemode.SCMSafeModeManager (HealthyPipelineSafeModeRule.java:process(137)) - SCM in safe mode. Healthy pipelines reported count is 1, required healthy pipeline reported count is 1
2022-07-27 23:17:48,015 [EventQueue-OpenPipelineForHealthyPipelineSafeModeRule] INFO  safemode.SCMSafeModeManager (SCMSafeModeManager.java:validateSafeModeExitRules(204)) - HealthyPipelineSafeModeRule rule is successfully validated
2022-07-27 23:17:48,015 [EventQueue-OpenPipelineForHealthyPipelineSafeModeRule] INFO  safemode.SCMSafeModeManager (SCMSafeModeManager.java:validateSafeModeExitRules(219)) - ScmSafeModeManager, all rules are successfully validated
2022-07-27 23:17:48,015 [EventQueue-OpenPipelineForHealthyPipelineSafeModeRule] INFO  safemode.SCMSafeModeManager (SCMSafeModeManager.java:exitSafeMode(248)) - SCM exiting safe mode.
2022-07-27 23:17:48,015 [EventQueue-OpenPipelineForHealthyPipelineSafeModeRule] WARN  events.EventQueue (EventQueue.java:fireEvent(216)) - No event handler registered for event TypedEvent{payloadType=SafeModeStatus, name='Safe mode status'}
2022-07-27 23:17:48,015 [EventQueue-OpenPipelineForHealthyPipelineSafeModeRule] INFO  ha.SCMContext (SCMContext.java:updateSafeModeStatus(228)) - Update SafeModeStatus from SafeModeStatus{safeModeStatus=true, preCheckPassed=true} to SafeModeStatus{safeModeStatus=false, preCheckPassed=true}.
2022-07-27 23:17:48,015 [2c19a24b-4032-4d82-8983-88a3c220b1d4@group-3C98930FCBF1-SegmentedRaftLogWorker] INFO  segmented.SegmentedRaftLogWorker (SegmentedRaftLogWorker.java:execute(629)) - 2c19a24b-4032-4d82-8983-88a3c220b1d4@group-3C98930FCBF1-SegmentedRaftLogWorker: created new log segment /home/runner/work/ozone/ozone/hadoop-ozone/integration-test/target/test-dir/MiniOzoneClusterImpl-b291e8c9-c3a0-4e1a-9e8e-aed05fc6be83/datanode-0/data/ratis/aba374bc-463b-4f00-937b-3c98930fcbf1/current/log_inprogress_0
2022-07-27 23:17:48,017 [EventQueue-OpenPipelineForHealthyPipelineSafeModeRule] INFO  pipeline.BackgroundPipelineCreator (BackgroundPipelineCreator.java:notifyStatusChanged(254)) - Service BackgroundPipelineCreator transitions to RUNNING.
2022-07-27 23:17:48,017 [EventQueue-OpenPipelineForHealthyPipelineSafeModeRule] INFO  BackgroundPipelineScrubber (BackgroundSCMService.java:notifyStatusChanged(82)) - Service BackgroundPipelineScrubber transitions to RUNNING.
2022-07-27 23:17:48,017 [EventQueue-OpenPipelineForHealthyPipelineSafeModeRule] INFO  ExpiredContainerReplicaOpScrubber (BackgroundSCMService.java:notifyStatusChanged(82)) - Service ExpiredContainerReplicaOpScrubber transitions to RUNNING.
2022-07-27 23:17:48,017 [EventQueue-OpenPipelineForHealthyPipelineSafeModeRule] INFO  UnderReplicatedQueueThread (BackgroundSCMService.java:notifyStatusChanged(82)) - Service UnderReplicatedQueueThread transitions to RUNNING.
2022-07-27 23:17:48,017 [EventQueue-OpenPipelineForHealthyPipelineSafeModeRule] INFO  OverReplicatedQueueThread (BackgroundSCMService.java:notifyStatusChanged(82)) - Service OverReplicatedQueueThread transitions to RUNNING.
2022-07-27 23:17:48,017 [EventQueue-OpenPipelineForHealthyPipelineSafeModeRule] INFO  replication.ReplicationManager (ReplicationManager.java:notifyStatusChanged(642)) - Service ReplicationManager transitions to RUNNING.
2022-07-27 23:17:48,017 [EventQueue-OpenPipelineForHealthyPipelineSafeModeRule] WARN  balancer.ContainerBalancer (ContainerBalancer.java:shouldRun(903)) - Could not find persisted configuration for ContainerBalancer when checking if ContainerBalancer should run. ContainerBalancer should not run now.
2022-07-27 23:17:48,017 [grpc-default-executor-0] INFO  impl.RoleInfo (RoleInfo.java:updateAndGet(139)) - 0e2a075e-53a8-462d-8f4f-c98e11d6e8a9: start 0e2a075e-53a8-462d-8f4f-c98e11d6e8a9@group-3C98930FCBF1-FollowerState
2022-07-27 23:17:48,030 [0e2a075e-53a8-462d-8f4f-c98e11d6e8a9@group-3C98930FCBF1-FollowerState] INFO  impl.FollowerState (FollowerState.java:run(152)) - 0e2a075e-53a8-462d-8f4f-c98e11d6e8a9@group-3C98930FCBF1-FollowerState was interrupted
2022-07-27 23:17:48,042 [grpc-default-executor-0] INFO  server.RaftServer$Division (RaftServerImpl.java:requestVote(1184)) - 0e2a075e-53a8-462d-8f4f-c98e11d6e8a9@group-3C98930FCBF1 replies to ELECTION vote request: 2c19a24b-4032-4d82-8983-88a3c220b1d4<-0e2a075e-53a8-462d-8f4f-c98e11d6e8a9#0:OK-t1. Peer's state: 0e2a075e-53a8-462d-8f4f-c98e11d6e8a9@group-3C98930FCBF1:t1, leader=null, voted=2c19a24b-4032-4d82-8983-88a3c220b1d4, raftlog=0e2a075e-53a8-462d-8f4f-c98e11d6e8a9@group-3C98930FCBF1-SegmentedRaftLog:OPENED:c-1, conf=-1: [2c19a24b-4032-4d82-8983-88a3c220b1d4|rpc:10.1.0.23:43989|dataStream:|priority:1, f22def52-3ff3-45a1-9b56-9fd420a51670|rpc:10.1.0.23:37919|dataStream:|priority:0, 0e2a075e-53a8-462d-8f4f-c98e11d6e8a9|rpc:10.1.0.23:38473|dataStream:|priority:0], old=null
2022-07-27 23:17:48,042 [0e2a075e-53a8-462d-8f4f-c98e11d6e8a9-server-thread1] INFO  ratis.XceiverServerRatis (XceiverServerRatis.java:handleLeaderChangedNotification(863)) - Leader change notification received for group: group-3C98930FCBF1 with new leaderId: 2c19a24b-4032-4d82-8983-88a3c220b1d4
2022-07-27 23:17:48,043 [0e2a075e-53a8-462d-8f4f-c98e11d6e8a9-server-thread1] INFO  server.RaftServer$Division (ServerState.java:setLeader(287)) - 0e2a075e-53a8-462d-8f4f-c98e11d6e8a9@group-3C98930FCBF1: change Leader from null to 2c19a24b-4032-4d82-8983-88a3c220b1d4 at term 1 for appendEntries, leader elected after 5013ms
2022-07-27 23:17:48,079 [f22def52-3ff3-45a1-9b56-9fd420a51670-server-thread1] INFO  ratis.XceiverServerRatis (XceiverServerRatis.java:handleLeaderChangedNotification(863)) - Leader change notification received for group: group-3C98930FCBF1 with new leaderId: 2c19a24b-4032-4d82-8983-88a3c220b1d4
2022-07-27 23:17:48,079 [0e2a075e-53a8-462d-8f4f-c98e11d6e8a9-server-thread1] INFO  server.RaftServer$Division (ServerState.java:setRaftConf(393)) - 0e2a075e-53a8-462d-8f4f-c98e11d6e8a9@group-3C98930FCBF1: set configuration 0: [2c19a24b-4032-4d82-8983-88a3c220b1d4|rpc:10.1.0.23:43989|dataStream:|priority:1, f22def52-3ff3-45a1-9b56-9fd420a51670|rpc:10.1.0.23:37919|dataStream:|priority:0, 0e2a075e-53a8-462d-8f4f-c98e11d6e8a9|rpc:10.1.0.23:38473|dataStream:|priority:0], old=null
2022-07-27 23:17:48,079 [f22def52-3ff3-45a1-9b56-9fd420a51670-server-thread1] INFO  server.RaftServer$Division (ServerState.java:setLeader(287)) - f22def52-3ff3-45a1-9b56-9fd420a51670@group-3C98930FCBF1: change Leader from null to 2c19a24b-4032-4d82-8983-88a3c220b1d4 at term 1 for appendEntries, leader elected after 5169ms
2022-07-27 23:17:48,080 [0e2a075e-53a8-462d-8f4f-c98e11d6e8a9-server-thread1] INFO  segmented.SegmentedRaftLogWorker (SegmentedRaftLogWorker.java:startLogSegment(425)) - 0e2a075e-53a8-462d-8f4f-c98e11d6e8a9@group-3C98930FCBF1-SegmentedRaftLogWorker: Starting segment from index:0
2022-07-27 23:17:48,081 [f22def52-3ff3-45a1-9b56-9fd420a51670-server-thread1] INFO  server.RaftServer$Division (ServerState.java:setRaftConf(393)) - f22def52-3ff3-45a1-9b56-9fd420a51670@group-3C98930FCBF1: set configuration 0: [2c19a24b-4032-4d82-8983-88a3c220b1d4|rpc:10.1.0.23:43989|dataStream:|priority:1, f22def52-3ff3-45a1-9b56-9fd420a51670|rpc:10.1.0.23:37919|dataStream:|priority:0, 0e2a075e-53a8-462d-8f4f-c98e11d6e8a9|rpc:10.1.0.23:38473|dataStream:|priority:0], old=null
2022-07-27 23:17:48,081 [f22def52-3ff3-45a1-9b56-9fd420a51670-server-thread1] INFO  segmented.SegmentedRaftLogWorker (SegmentedRaftLogWorker.java:startLogSegment(425)) - f22def52-3ff3-45a1-9b56-9fd420a51670@group-3C98930FCBF1-SegmentedRaftLogWorker: Starting segment from index:0
2022-07-27 23:17:48,094 [f22def52-3ff3-45a1-9b56-9fd420a51670@group-3C98930FCBF1-SegmentedRaftLogWorker] INFO  segmented.SegmentedRaftLogWorker (SegmentedRaftLogWorker.java:execute(629)) - f22def52-3ff3-45a1-9b56-9fd420a51670@group-3C98930FCBF1-SegmentedRaftLogWorker: created new log segment /home/runner/work/ozone/ozone/hadoop-ozone/integration-test/target/test-dir/MiniOzoneClusterImpl-b291e8c9-c3a0-4e1a-9e8e-aed05fc6be83/datanode-1/data/ratis/aba374bc-463b-4f00-937b-3c98930fcbf1/current/log_inprogress_0
2022-07-27 23:17:48,102 [0e2a075e-53a8-462d-8f4f-c98e11d6e8a9@group-3C98930FCBF1-SegmentedRaftLogWorker] INFO  segmented.SegmentedRaftLogWorker (SegmentedRaftLogWorker.java:execute(629)) - 0e2a075e-53a8-462d-8f4f-c98e11d6e8a9@group-3C98930FCBF1-SegmentedRaftLogWorker: created new log segment /home/runner/work/ozone/ozone/hadoop-ozone/integration-test/target/test-dir/MiniOzoneClusterImpl-b291e8c9-c3a0-4e1a-9e8e-aed05fc6be83/datanode-2/data/ratis/aba374bc-463b-4f00-937b-3c98930fcbf1/current/log_inprogress_0
2022-07-27 23:17:48,231 [f22def52-3ff3-45a1-9b56-9fd420a51670@group-57FC34379998-FollowerState] INFO  impl.FollowerState (FollowerState.java:run(143)) - f22def52-3ff3-45a1-9b56-9fd420a51670@group-57FC34379998-FollowerState: change to CANDIDATE, lastRpcElapsedTime:5064171012ns, electionTimeout:5049ms
2022-07-27 23:17:48,232 [f22def52-3ff3-45a1-9b56-9fd420a51670@group-57FC34379998-FollowerState] INFO  impl.RoleInfo (RoleInfo.java:shutdownFollowerState(110)) - f22def52-3ff3-45a1-9b56-9fd420a51670: shutdown f22def52-3ff3-45a1-9b56-9fd420a51670@group-57FC34379998-FollowerState
2022-07-27 23:17:48,232 [f22def52-3ff3-45a1-9b56-9fd420a51670@group-57FC34379998-FollowerState] INFO  server.RaftServer$Division (RaftServerImpl.java:setRole(299)) - f22def52-3ff3-45a1-9b56-9fd420a51670@group-57FC34379998: changes role from  FOLLOWER to CANDIDATE at term 0 for changeToCandidate
2022-07-27 23:17:48,232 [f22def52-3ff3-45a1-9b56-9fd420a51670@group-57FC34379998-FollowerState] INFO  server.RaftServerConfigKeys (ConfUtils.java:logGet(46)) - raft.server.leaderelection.pre-vote = false (custom)
2022-07-27 23:17:48,232 [f22def52-3ff3-45a1-9b56-9fd420a51670@group-57FC34379998-FollowerState] INFO  impl.RoleInfo (RoleInfo.java:updateAndGet(139)) - f22def52-3ff3-45a1-9b56-9fd420a51670: start f22def52-3ff3-45a1-9b56-9fd420a51670@group-57FC34379998-LeaderElection18
2022-07-27 23:17:48,248 [2c19a24b-4032-4d82-8983-88a3c220b1d4@group-57FC34379998-FollowerState] INFO  impl.FollowerState (FollowerState.java:run(143)) - 2c19a24b-4032-4d82-8983-88a3c220b1d4@group-57FC34379998-FollowerState: change to CANDIDATE, lastRpcElapsedTime:5156725435ns, electionTimeout:5156ms
2022-07-27 23:17:48,248 [2c19a24b-4032-4d82-8983-88a3c220b1d4@group-57FC34379998-FollowerState] INFO  impl.RoleInfo (RoleInfo.java:shutdownFollowerState(110)) - 2c19a24b-4032-4d82-8983-88a3c220b1d4: shutdown 2c19a24b-4032-4d82-8983-88a3c220b1d4@group-57FC34379998-FollowerState
2022-07-27 23:17:48,248 [2c19a24b-4032-4d82-8983-88a3c220b1d4@group-57FC34379998-FollowerState] INFO  server.RaftServer$Division (RaftServerImpl.java:setRole(299)) - 2c19a24b-4032-4d82-8983-88a3c220b1d4@group-57FC34379998: changes role from  FOLLOWER to CANDIDATE at term 0 for changeToCandidate
2022-07-27 23:17:48,248 [2c19a24b-4032-4d82-8983-88a3c220b1d4@group-57FC34379998-FollowerState] INFO  server.RaftServerConfigKeys (ConfUtils.java:logGet(46)) - raft.server.leaderelection.pre-vote = false (custom)
2022-07-27 23:17:48,248 [2c19a24b-4032-4d82-8983-88a3c220b1d4@group-57FC34379998-FollowerState] INFO  impl.RoleInfo (RoleInfo.java:updateAndGet(139)) - 2c19a24b-4032-4d82-8983-88a3c220b1d4: start 2c19a24b-4032-4d82-8983-88a3c220b1d4@group-57FC34379998-LeaderElection19
2022-07-27 23:17:48,265 [f22def52-3ff3-45a1-9b56-9fd420a51670@group-57FC34379998-LeaderElection18] INFO  impl.LeaderElection (LeaderElection.java:askForVotes(310)) - f22def52-3ff3-45a1-9b56-9fd420a51670@group-57FC34379998-LeaderElection18 ELECTION round 0: submit vote requests at term 1 for -1: [2c19a24b-4032-4d82-8983-88a3c220b1d4|rpc:10.1.0.23:43989|dataStream:|priority:0, f22def52-3ff3-45a1-9b56-9fd420a51670|rpc:10.1.0.23:37919|dataStream:|priority:1, 0e2a075e-53a8-462d-8f4f-c98e11d6e8a9|rpc:10.1.0.23:38473|dataStream:|priority:0], old=null
2022-07-27 23:17:48,294 [grpc-default-executor-0] INFO  server.RaftServer$Division (RaftServerImpl.java:requestVote(1152)) - 2c19a24b-4032-4d82-8983-88a3c220b1d4@group-57FC34379998: receive requestVote(ELECTION, f22def52-3ff3-45a1-9b56-9fd420a51670, group-57FC34379998, 1, (t:0, i:0))
2022-07-27 23:17:48,300 [2c19a24b-4032-4d82-8983-88a3c220b1d4@group-57FC34379998-LeaderElection19] INFO  impl.LeaderElection (LeaderElection.java:askForVotes(310)) - 2c19a24b-4032-4d82-8983-88a3c220b1d4@group-57FC34379998-LeaderElection19 ELECTION round 0: submit vote requests at term 1 for -1: [2c19a24b-4032-4d82-8983-88a3c220b1d4|rpc:10.1.0.23:43989|priority:0, f22def52-3ff3-45a1-9b56-9fd420a51670|rpc:10.1.0.23:37919|priority:1, 0e2a075e-53a8-462d-8f4f-c98e11d6e8a9|rpc:10.1.0.23:38473|priority:0], old=null
2022-07-27 23:17:48,301 [grpc-default-executor-0] INFO  impl.VoteContext (VoteContext.java:log(48)) - 2c19a24b-4032-4d82-8983-88a3c220b1d4@group-57FC34379998-CANDIDATE: reject ELECTION from f22def52-3ff3-45a1-9b56-9fd420a51670: already has voted for 2c19a24b-4032-4d82-8983-88a3c220b1d4 at current term 1
2022-07-27 23:17:48,301 [grpc-default-executor-0] INFO  server.RaftServer$Division (RaftServerImpl.java:requestVote(1184)) - 2c19a24b-4032-4d82-8983-88a3c220b1d4@group-57FC34379998 replies to ELECTION vote request: f22def52-3ff3-45a1-9b56-9fd420a51670<-2c19a24b-4032-4d82-8983-88a3c220b1d4#0:FAIL-t1. Peer's state: 2c19a24b-4032-4d82-8983-88a3c220b1d4@group-57FC34379998:t1, leader=null, voted=2c19a24b-4032-4d82-8983-88a3c220b1d4, raftlog=2c19a24b-4032-4d82-8983-88a3c220b1d4@group-57FC34379998-SegmentedRaftLog:OPENED:c-1, conf=-1: [2c19a24b-4032-4d82-8983-88a3c220b1d4|rpc:10.1.0.23:43989|priority:0, f22def52-3ff3-45a1-9b56-9fd420a51670|rpc:10.1.0.23:37919|priority:1, 0e2a075e-53a8-462d-8f4f-c98e11d6e8a9|rpc:10.1.0.23:38473|priority:0], old=null
2022-07-27 23:17:48,314 [grpc-default-executor-0] INFO  server.RaftServer$Division (RaftServerImpl.java:requestVote(1152)) - f22def52-3ff3-45a1-9b56-9fd420a51670@group-57FC34379998: receive requestVote(ELECTION, 2c19a24b-4032-4d82-8983-88a3c220b1d4, group-57FC34379998, 1, (t:0, i:0))
2022-07-27 23:17:48,314 [grpc-default-executor-0] INFO  impl.VoteContext (VoteContext.java:log(48)) - f22def52-3ff3-45a1-9b56-9fd420a51670@group-57FC34379998-CANDIDATE: reject ELECTION from 2c19a24b-4032-4d82-8983-88a3c220b1d4: already has voted for f22def52-3ff3-45a1-9b56-9fd420a51670 at current term 1
2022-07-27 23:17:48,314 [grpc-default-executor-0] INFO  server.RaftServer$Division (RaftServerImpl.java:requestVote(1184)) - f22def52-3ff3-45a1-9b56-9fd420a51670@group-57FC34379998 replies to ELECTION vote request: 2c19a24b-4032-4d82-8983-88a3c220b1d4<-f22def52-3ff3-45a1-9b56-9fd420a51670#0:FAIL-t1. Peer's state: f22def52-3ff3-45a1-9b56-9fd420a51670@group-57FC34379998:t1, leader=null, voted=f22def52-3ff3-45a1-9b56-9fd420a51670, raftlog=f22def52-3ff3-45a1-9b56-9fd420a51670@group-57FC34379998-SegmentedRaftLog:OPENED:c-1, conf=-1: [2c19a24b-4032-4d82-8983-88a3c220b1d4|rpc:10.1.0.23:43989|dataStream:|priority:0, f22def52-3ff3-45a1-9b56-9fd420a51670|rpc:10.1.0.23:37919|dataStream:|priority:1, 0e2a075e-53a8-462d-8f4f-c98e11d6e8a9|rpc:10.1.0.23:38473|dataStream:|priority:0], old=null
2022-07-27 23:17:48,316 [2c19a24b-4032-4d82-8983-88a3c220b1d4@group-57FC34379998-LeaderElection19] INFO  impl.LeaderElection (LeaderElection.java:logAndReturn(90)) - 2c19a24b-4032-4d82-8983-88a3c220b1d4@group-57FC34379998-LeaderElection19: ELECTION REJECTED received 1 response(s) and 0 exception(s):
2022-07-27 23:17:48,316 [2c19a24b-4032-4d82-8983-88a3c220b1d4@group-57FC34379998-LeaderElection19] INFO  impl.LeaderElection (LeaderElection.java:logAndReturn(94)) -   Response 0: 2c19a24b-4032-4d82-8983-88a3c220b1d4<-f22def52-3ff3-45a1-9b56-9fd420a51670#0:FAIL-t1
2022-07-27 23:17:48,316 [2c19a24b-4032-4d82-8983-88a3c220b1d4@group-57FC34379998-LeaderElection19] INFO  impl.LeaderElection (LeaderElection.java:askForVotes(312)) - 2c19a24b-4032-4d82-8983-88a3c220b1d4@group-57FC34379998-LeaderElection19 ELECTION round 0: result REJECTED
2022-07-27 23:17:48,316 [2c19a24b-4032-4d82-8983-88a3c220b1d4@group-57FC34379998-LeaderElection19] INFO  server.RaftServer$Division (RaftServerImpl.java:setRole(299)) - 2c19a24b-4032-4d82-8983-88a3c220b1d4@group-57FC34379998: changes role from CANDIDATE to FOLLOWER at term 1 for REJECTED
2022-07-27 23:17:48,316 [2c19a24b-4032-4d82-8983-88a3c220b1d4@group-57FC34379998-LeaderElection19] INFO  impl.RoleInfo (RoleInfo.java:shutdownLeaderElection(130)) - 2c19a24b-4032-4d82-8983-88a3c220b1d4: shutdown 2c19a24b-4032-4d82-8983-88a3c220b1d4@group-57FC34379998-LeaderElection19
2022-07-27 23:17:48,316 [2c19a24b-4032-4d82-8983-88a3c220b1d4@group-57FC34379998-LeaderElection19] INFO  impl.RoleInfo (RoleInfo.java:updateAndGet(139)) - 2c19a24b-4032-4d82-8983-88a3c220b1d4: start 2c19a24b-4032-4d82-8983-88a3c220b1d4@group-57FC34379998-FollowerState
2022-07-27 23:17:48,354 [grpc-default-executor-0] INFO  server.RaftServer$Division (RaftServerImpl.java:requestVote(1152)) - 0e2a075e-53a8-462d-8f4f-c98e11d6e8a9@group-57FC34379998: receive requestVote(ELECTION, 2c19a24b-4032-4d82-8983-88a3c220b1d4, group-57FC34379998, 1, (t:0, i:0))
2022-07-27 23:17:48,354 [grpc-default-executor-0] INFO  impl.VoteContext (VoteContext.java:log(48)) - 0e2a075e-53a8-462d-8f4f-c98e11d6e8a9@group-57FC34379998-FOLLOWER: accept ELECTION from 2c19a24b-4032-4d82-8983-88a3c220b1d4: our priority 0 <= candidate's priority 0
2022-07-27 23:17:48,354 [grpc-default-executor-0] INFO  server.RaftServer$Division (RaftServerImpl.java:setRole(299)) - 0e2a075e-53a8-462d-8f4f-c98e11d6e8a9@group-57FC34379998: changes role from  FOLLOWER to FOLLOWER at term 1 for candidate:2c19a24b-4032-4d82-8983-88a3c220b1d4
2022-07-27 23:17:48,354 [grpc-default-executor-0] INFO  impl.RoleInfo (RoleInfo.java:shutdownFollowerState(110)) - 0e2a075e-53a8-462d-8f4f-c98e11d6e8a9: shutdown 0e2a075e-53a8-462d-8f4f-c98e11d6e8a9@group-57FC34379998-FollowerState
2022-07-27 23:17:48,354 [grpc-default-executor-0] INFO  impl.RoleInfo (RoleInfo.java:updateAndGet(139)) - 0e2a075e-53a8-462d-8f4f-c98e11d6e8a9: start 0e2a075e-53a8-462d-8f4f-c98e11d6e8a9@group-57FC34379998-FollowerState
2022-07-27 23:17:48,354 [0e2a075e-53a8-462d-8f4f-c98e11d6e8a9@group-57FC34379998-FollowerState] INFO  impl.FollowerState (FollowerState.java:run(152)) - 0e2a075e-53a8-462d-8f4f-c98e11d6e8a9@group-57FC34379998-FollowerState was interrupted
2022-07-27 23:17:48,360 [grpc-default-executor-1] INFO  server.RaftServer$Division (RaftServerImpl.java:requestVote(1152)) - 0e2a075e-53a8-462d-8f4f-c98e11d6e8a9@group-57FC34379998: receive requestVote(ELECTION, f22def52-3ff3-45a1-9b56-9fd420a51670, group-57FC34379998, 1, (t:0, i:0))
2022-07-27 23:17:48,371 [grpc-default-executor-0] INFO  server.RaftServer$Division (RaftServerImpl.java:requestVote(1184)) - 0e2a075e-53a8-462d-8f4f-c98e11d6e8a9@group-57FC34379998 replies to ELECTION vote request: 2c19a24b-4032-4d82-8983-88a3c220b1d4<-0e2a075e-53a8-462d-8f4f-c98e11d6e8a9#0:OK-t1. Peer's state: 0e2a075e-53a8-462d-8f4f-c98e11d6e8a9@group-57FC34379998:t1, leader=null, voted=2c19a24b-4032-4d82-8983-88a3c220b1d4, raftlog=0e2a075e-53a8-462d-8f4f-c98e11d6e8a9@group-57FC34379998-SegmentedRaftLog:OPENED:c-1, conf=-1: [2c19a24b-4032-4d82-8983-88a3c220b1d4|rpc:10.1.0.23:43989|dataStream:|priority:0, f22def52-3ff3-45a1-9b56-9fd420a51670|rpc:10.1.0.23:37919|dataStream:|priority:1, 0e2a075e-53a8-462d-8f4f-c98e11d6e8a9|rpc:10.1.0.23:38473|dataStream:|priority:0], old=null
2022-07-27 23:17:48,372 [grpc-default-executor-1] INFO  impl.VoteContext (VoteContext.java:log(48)) - 0e2a075e-53a8-462d-8f4f-c98e11d6e8a9@group-57FC34379998-FOLLOWER: reject ELECTION from f22def52-3ff3-45a1-9b56-9fd420a51670: already has voted for 2c19a24b-4032-4d82-8983-88a3c220b1d4 at current term 1
2022-07-27 23:17:48,372 [grpc-default-executor-1] INFO  server.RaftServer$Division (RaftServerImpl.java:requestVote(1184)) - 0e2a075e-53a8-462d-8f4f-c98e11d6e8a9@group-57FC34379998 replies to ELECTION vote request: f22def52-3ff3-45a1-9b56-9fd420a51670<-0e2a075e-53a8-462d-8f4f-c98e11d6e8a9#0:FAIL-t1. Peer's state: 0e2a075e-53a8-462d-8f4f-c98e11d6e8a9@group-57FC34379998:t1, leader=null, voted=2c19a24b-4032-4d82-8983-88a3c220b1d4, raftlog=0e2a075e-53a8-462d-8f4f-c98e11d6e8a9@group-57FC34379998-SegmentedRaftLog:OPENED:c-1, conf=-1: [2c19a24b-4032-4d82-8983-88a3c220b1d4|rpc:10.1.0.23:43989|dataStream:|priority:0, f22def52-3ff3-45a1-9b56-9fd420a51670|rpc:10.1.0.23:37919|dataStream:|priority:1, 0e2a075e-53a8-462d-8f4f-c98e11d6e8a9|rpc:10.1.0.23:38473|dataStream:|priority:0], old=null
2022-07-27 23:17:48,376 [f22def52-3ff3-45a1-9b56-9fd420a51670@group-57FC34379998-LeaderElection18] INFO  impl.LeaderElection (LeaderElection.java:logAndReturn(90)) - f22def52-3ff3-45a1-9b56-9fd420a51670@group-57FC34379998-LeaderElection18: ELECTION REJECTED received 2 response(s) and 0 exception(s):
2022-07-27 23:17:48,376 [f22def52-3ff3-45a1-9b56-9fd420a51670@group-57FC34379998-LeaderElection18] INFO  impl.LeaderElection (LeaderElection.java:logAndReturn(94)) -   Response 0: f22def52-3ff3-45a1-9b56-9fd420a51670<-2c19a24b-4032-4d82-8983-88a3c220b1d4#0:FAIL-t1
2022-07-27 23:17:48,376 [f22def52-3ff3-45a1-9b56-9fd420a51670@group-57FC34379998-LeaderElection18] INFO  impl.LeaderElection (LeaderElection.java:logAndReturn(94)) -   Response 1: f22def52-3ff3-45a1-9b56-9fd420a51670<-0e2a075e-53a8-462d-8f4f-c98e11d6e8a9#0:FAIL-t1
2022-07-27 23:17:48,376 [f22def52-3ff3-45a1-9b56-9fd420a51670@group-57FC34379998-LeaderElection18] INFO  impl.LeaderElection (LeaderElection.java:askForVotes(312)) - f22def52-3ff3-45a1-9b56-9fd420a51670@group-57FC34379998-LeaderElection18 ELECTION round 0: result REJECTED
2022-07-27 23:17:48,376 [f22def52-3ff3-45a1-9b56-9fd420a51670@group-57FC34379998-LeaderElection18] INFO  server.RaftServer$Division (RaftServerImpl.java:setRole(299)) - f22def52-3ff3-45a1-9b56-9fd420a51670@group-57FC34379998: changes role from CANDIDATE to FOLLOWER at term 1 for REJECTED
2022-07-27 23:17:48,376 [f22def52-3ff3-45a1-9b56-9fd420a51670@group-57FC34379998-LeaderElection18] INFO  impl.RoleInfo (RoleInfo.java:shutdownLeaderElection(130)) - f22def52-3ff3-45a1-9b56-9fd420a51670: shutdown f22def52-3ff3-45a1-9b56-9fd420a51670@group-57FC34379998-LeaderElection18
2022-07-27 23:17:48,376 [f22def52-3ff3-45a1-9b56-9fd420a51670@group-57FC34379998-LeaderElection18] INFO  impl.RoleInfo (RoleInfo.java:updateAndGet(139)) - f22def52-3ff3-45a1-9b56-9fd420a51670: start f22def52-3ff3-45a1-9b56-9fd420a51670@group-57FC34379998-FollowerState
2022-07-27 23:17:48,548 [f22def52-3ff3-45a1-9b56-9fd420a51670@group-3BCAB689C1A0-FollowerState] INFO  impl.FollowerState (FollowerState.java:run(143)) - f22def52-3ff3-45a1-9b56-9fd420a51670@group-3BCAB689C1A0-FollowerState: change to CANDIDATE, lastRpcElapsedTime:5142035418ns, electionTimeout:5114ms
2022-07-27 23:17:48,548 [f22def52-3ff3-45a1-9b56-9fd420a51670@group-3BCAB689C1A0-FollowerState] INFO  impl.RoleInfo (RoleInfo.java:shutdownFollowerState(110)) - f22def52-3ff3-45a1-9b56-9fd420a51670: shutdown f22def52-3ff3-45a1-9b56-9fd420a51670@group-3BCAB689C1A0-FollowerState
2022-07-27 23:17:48,548 [f22def52-3ff3-45a1-9b56-9fd420a51670@group-3BCAB689C1A0-FollowerState] INFO  server.RaftServer$Division (RaftServerImpl.java:setRole(299)) - f22def52-3ff3-45a1-9b56-9fd420a51670@group-3BCAB689C1A0: changes role from  FOLLOWER to CANDIDATE at term 0 for changeToCandidate
2022-07-27 23:17:48,548 [f22def52-3ff3-45a1-9b56-9fd420a51670@group-3BCAB689C1A0-FollowerState] INFO  server.RaftServerConfigKeys (ConfUtils.java:logGet(46)) - raft.server.leaderelection.pre-vote = false (custom)
2022-07-27 23:17:48,548 [f22def52-3ff3-45a1-9b56-9fd420a51670@group-3BCAB689C1A0-FollowerState] INFO  impl.RoleInfo (RoleInfo.java:updateAndGet(139)) - f22def52-3ff3-45a1-9b56-9fd420a51670: start f22def52-3ff3-45a1-9b56-9fd420a51670@group-3BCAB689C1A0-LeaderElection20
2022-07-27 23:17:48,602 [f22def52-3ff3-45a1-9b56-9fd420a51670@group-3BCAB689C1A0-LeaderElection20] INFO  impl.LeaderElection (LeaderElection.java:askForVotes(310)) - f22def52-3ff3-45a1-9b56-9fd420a51670@group-3BCAB689C1A0-LeaderElection20 ELECTION round 0: submit vote requests at term 1 for -1: [f22def52-3ff3-45a1-9b56-9fd420a51670|rpc:10.1.0.23:37919|priority:1], old=null
2022-07-27 23:17:48,602 [f22def52-3ff3-45a1-9b56-9fd420a51670@group-3BCAB689C1A0-LeaderElection20] INFO  impl.LeaderElection (LeaderElection.java:askForVotes(312)) - f22def52-3ff3-45a1-9b56-9fd420a51670@group-3BCAB689C1A0-LeaderElection20 ELECTION round 0: result PASSED (term=1)
2022-07-27 23:17:48,602 [f22def52-3ff3-45a1-9b56-9fd420a51670@group-3BCAB689C1A0-LeaderElection20] INFO  impl.RoleInfo (RoleInfo.java:shutdownLeaderElection(130)) - f22def52-3ff3-45a1-9b56-9fd420a51670: shutdown f22def52-3ff3-45a1-9b56-9fd420a51670@group-3BCAB689C1A0-LeaderElection20
2022-07-27 23:17:48,602 [f22def52-3ff3-45a1-9b56-9fd420a51670@group-3BCAB689C1A0-LeaderElection20] INFO  server.RaftServer$Division (RaftServerImpl.java:setRole(299)) - f22def52-3ff3-45a1-9b56-9fd420a51670@group-3BCAB689C1A0: changes role from CANDIDATE to LEADER at term 1 for changeToLeader
2022-07-27 23:17:48,602 [f22def52-3ff3-45a1-9b56-9fd420a51670@group-3BCAB689C1A0-LeaderElection20] INFO  ratis.XceiverServerRatis (XceiverServerRatis.java:handleLeaderChangedNotification(863)) - Leader change notification received for group: group-3BCAB689C1A0 with new leaderId: f22def52-3ff3-45a1-9b56-9fd420a51670
2022-07-27 23:17:48,602 [f22def52-3ff3-45a1-9b56-9fd420a51670@group-3BCAB689C1A0-LeaderElection20] INFO  server.RaftServer$Division (ServerState.java:setLeader(287)) - f22def52-3ff3-45a1-9b56-9fd420a51670@group-3BCAB689C1A0: change Leader from null to f22def52-3ff3-45a1-9b56-9fd420a51670 at term 1 for becomeLeader, leader elected after 5204ms
2022-07-27 23:17:48,602 [f22def52-3ff3-45a1-9b56-9fd420a51670@group-3BCAB689C1A0-LeaderElection20] INFO  server.RaftServerConfigKeys (ConfUtils.java:logGet(46)) - raft.server.staging.catchup.gap = 1000 (default)
2022-07-27 23:17:48,603 [f22def52-3ff3-45a1-9b56-9fd420a51670@group-3BCAB689C1A0-LeaderElection20] INFO  server.RaftServerConfigKeys (ConfUtils.java:logGet(46)) - raft.server.write.element-limit = 1024 (custom)
2022-07-27 23:17:48,603 [f22def52-3ff3-45a1-9b56-9fd420a51670@group-3BCAB689C1A0-LeaderElection20] INFO  server.RaftServerConfigKeys (ConfUtils.java:logGet(46)) - raft.server.write.byte-limit = 1024 M (=1073741824) (custom)
2022-07-27 23:17:48,603 [f22def52-3ff3-45a1-9b56-9fd420a51670@group-3BCAB689C1A0-LeaderElection20] INFO  server.RaftServerConfigKeys (ConfUtils.java:logGet(46)) - raft.server.watch.timeout = 180s (custom)
2022-07-27 23:17:48,603 [f22def52-3ff3-45a1-9b56-9fd420a51670@group-3BCAB689C1A0-LeaderElection20] INFO  server.RaftServerConfigKeys (ConfUtils.java:logGet(46)) - raft.server.watch.timeout.denomination = 1s (default)
2022-07-27 23:17:48,603 [f22def52-3ff3-45a1-9b56-9fd420a51670@group-3BCAB689C1A0-LeaderElection20] INFO  server.RaftServerConfigKeys (ConfUtils.java:logGet(46)) - raft.server.watch.element-limit = 65536 (default)
2022-07-27 23:17:48,603 [f22def52-3ff3-45a1-9b56-9fd420a51670@group-3BCAB689C1A0-LeaderElection20] INFO  server.RaftServerConfigKeys (ConfUtils.java:logGet(46)) - raft.server.write.element-limit = 1024 (custom)
2022-07-27 23:17:48,603 [f22def52-3ff3-45a1-9b56-9fd420a51670@group-3BCAB689C1A0-LeaderElection20] INFO  server.RaftServerConfigKeys (ConfUtils.java:logGet(46)) - raft.server.write.follower.gap.ratio.max = -1.0 (default)
2022-07-27 23:17:48,603 [f22def52-3ff3-45a1-9b56-9fd420a51670@group-3BCAB689C1A0-LeaderElection20] INFO  impl.RoleInfo (RoleInfo.java:updateAndGet(139)) - f22def52-3ff3-45a1-9b56-9fd420a51670: start f22def52-3ff3-45a1-9b56-9fd420a51670@group-3BCAB689C1A0-LeaderStateImpl
2022-07-27 23:17:48,603 [f22def52-3ff3-45a1-9b56-9fd420a51670@group-3BCAB689C1A0-LeaderElection20] INFO  segmented.SegmentedRaftLogWorker (SegmentedRaftLogWorker.java:startLogSegment(425)) - f22def52-3ff3-45a1-9b56-9fd420a51670@group-3BCAB689C1A0-SegmentedRaftLogWorker: Starting segment from index:0
2022-07-27 23:17:48,605 [f22def52-3ff3-45a1-9b56-9fd420a51670@group-3BCAB689C1A0-SegmentedRaftLogWorker] INFO  segmented.SegmentedRaftLogWorker (SegmentedRaftLogWorker.java:execute(629)) - f22def52-3ff3-45a1-9b56-9fd420a51670@group-3BCAB689C1A0-SegmentedRaftLogWorker: created new log segment /home/runner/work/ozone/ozone/hadoop-ozone/integration-test/target/test-dir/MiniOzoneClusterImpl-b291e8c9-c3a0-4e1a-9e8e-aed05fc6be83/datanode-1/data/ratis/2c8d9c03-c7d3-45b3-9f19-3bcab689c1a0/current/log_inprogress_0
2022-07-27 23:17:48,624 [f22def52-3ff3-45a1-9b56-9fd420a51670@group-3BCAB689C1A0-LeaderElection20] INFO  server.RaftServer$Division (ServerState.java:setRaftConf(393)) - f22def52-3ff3-45a1-9b56-9fd420a51670@group-3BCAB689C1A0: set configuration 0: [f22def52-3ff3-45a1-9b56-9fd420a51670|rpc:10.1.0.23:37919|dataStream:|priority:1], old=null
2022-07-27 23:17:48,633 [Listener at 127.0.0.1/45823] INFO  ozone.MiniOzoneClusterImpl (MiniOzoneClusterImpl.java:lambda$waitForClusterToBeReady$0(216)) - Nodes are ready. Got 5 of 5 DN Heartbeats.
2022-07-27 23:17:48,633 [Listener at 127.0.0.1/45823] INFO  ozone.MiniOzoneClusterImpl (MiniOzoneClusterImpl.java:lambda$waitForClusterToBeReady$0(219)) - Cluster exits safe mode
2022-07-27 23:17:48,633 [Listener at 127.0.0.1/45823] INFO  ozone.MiniOzoneClusterImpl (MiniOzoneClusterImpl.java:lambda$waitForClusterToBeReady$0(221)) - SCM became leader
2022-07-27 23:17:48,788 [Time-limited test] INFO  rpc.RpcClient (RpcClient.java:createVolume(467)) - Creating Volume: volume59674, with user06429 as owner and space quota set to -1 bytes, counts quota set to -1
2022-07-27 23:17:48,789 [IPC Server handler 4 on default port 45823] INFO  volume.OMVolumeCreateRequest (OMVolumeCreateRequest.java:validateAndUpdateCache(195)) - created volume:volume59674 for user:user06429
2022-07-27 23:17:48,808 [Time-limited test] INFO  rpc.RpcClient (RpcClient.java:createBucket(670)) - Creating Bucket: volume59674/bucket57502, with bucket layout FILE_SYSTEM_OPTIMIZED, runner as owner, Versioning false, Storage Type set to DISK and Encryption set to false 
2022-07-27 23:17:48,810 [IPC Server handler 19 on default port 45823] INFO  bucket.OMBucketCreateRequest (OMBucketCreateRequest.java:validateAndUpdateCache(260)) - created bucket: bucket57502 of layout FILE_SYSTEM_OPTIMIZED in volume: volume59674
2022-07-27 23:17:48,827 [Time-limited test] INFO  ozone.TestRootedOzoneFileSystemWithFSO (TestRootedOzoneFileSystemWithFSO.java:testRenameDir(148)) - Created dir /volume59674/bucket57502/dir1/sub_dir1
2022-07-27 23:17:48,827 [Time-limited test] INFO  ozone.TestRootedOzoneFileSystemWithFSO (TestRootedOzoneFileSystemWithFSO.java:testRenameDir(149)) - Will move /volume59674/bucket57502/dir1 to /volume59674/bucket57502/dir1.renamed
]]></system-out>
  </testcase>
  <testcase name="testTempMount" classname="TestRootedOzoneFileSystemWithFSO" time="0">
    <skipped message="HDDS-2939"/>
  </testcase>
  <testcase name="testTempMount" classname="TestRootedOzoneFileSystemWithFSO" time="0">
    <skipped message="HDDS-2939"/>
  </testcase>
  <testcase name="testDeleteVolumeAndBucket" classname="TestRootedOzoneFileSystemWithFSO" time="1.14">
    <error type="org.apache.hadoop.fs.PathIsNotEmptyDirectoryException"><![CDATA[org.apache.hadoop.fs.PathIsNotEmptyDirectoryException: `/volume-56885': Directory is not empty
	at org.apache.hadoop.fs.ozone.BasicRootedOzoneFileSystem.delete(BasicRootedOzoneFileSystem.java:627)
	at org.apache.hadoop.fs.ozone.TestRootedOzoneFileSystemWithFSO.testDeleteVolumeAndBucket(TestRootedOzoneFileSystemWithFSO.java:223)
	at sun.reflect.NativeMethodAccessorImpl.invoke0(Native Method)
	at sun.reflect.NativeMethodAccessorImpl.invoke(NativeMethodAccessorImpl.java:62)
	at sun.reflect.DelegatingMethodAccessorImpl.invoke(DelegatingMethodAccessorImpl.java:43)
	at java.lang.reflect.Method.invoke(Method.java:498)
	at org.junit.runners.model.FrameworkMethod$1.runReflectiveCall(FrameworkMethod.java:59)
	at org.junit.internal.runners.model.ReflectiveCallable.run(ReflectiveCallable.java:12)
	at org.junit.runners.model.FrameworkMethod.invokeExplosively(FrameworkMethod.java:56)
	at org.junit.internal.runners.statements.InvokeMethod.evaluate(InvokeMethod.java:17)
	at org.junit.internal.runners.statements.RunBefores.evaluate(RunBefores.java:26)
	at org.junit.internal.runners.statements.RunAfters.evaluate(RunAfters.java:27)
	at org.junit.internal.runners.statements.FailOnTimeout$CallableStatement.call(FailOnTimeout.java:288)
	at org.junit.internal.runners.statements.FailOnTimeout$CallableStatement.call(FailOnTimeout.java:282)
	at java.util.concurrent.FutureTask.run(FutureTask.java:266)
	at java.lang.Thread.run(Thread.java:750)
]]></error>
    <system-out><![CDATA[2022-07-27 23:16:43,156 [Time-limited test] INFO  rpc.RpcClient (RpcClient.java:createVolume(467)) - Creating Volume: volume41240, with user05759 as owner and space quota set to -1 bytes, counts quota set to -1
2022-07-27 23:16:43,163 [OM StateMachine ApplyTransaction Thread - 0] INFO  volume.OMVolumeCreateRequest (OMVolumeCreateRequest.java:validateAndUpdateCache(195)) - created volume:volume41240 for user:user05759
2022-07-27 23:16:43,171 [Time-limited test] INFO  rpc.RpcClient (RpcClient.java:createBucket(670)) - Creating Bucket: volume41240/bucket27055, with bucket layout FILE_SYSTEM_OPTIMIZED, runner as owner, Versioning false, Storage Type set to DISK and Encryption set to false 
2022-07-27 23:16:43,174 [OM StateMachine ApplyTransaction Thread - 0] INFO  bucket.OMBucketCreateRequest (OMBucketCreateRequest.java:validateAndUpdateCache(260)) - created bucket: bucket27055 of layout FILE_SYSTEM_OPTIMIZED in volume: volume41240
23:16:43.185 [IPC Server handler 3 on default port 44809] ERROR OMAudit - user=runner | ip=127.0.0.1 | op=READ_BUCKET {volume=volume-56885, bucket=bucket3} | ret=FAILURE
org.apache.hadoop.ozone.om.exceptions.OMException: Volume not found when getting bucket info
	at org.apache.hadoop.ozone.om.BucketManagerImpl.getBucketInfo(BucketManagerImpl.java:127) ~[ozone-manager-1.3.0-SNAPSHOT.jar:?]
	at org.apache.hadoop.ozone.om.OzoneManager.getBucketInfo(OzoneManager.java:2779) ~[ozone-manager-1.3.0-SNAPSHOT.jar:?]
	at org.apache.hadoop.ozone.protocolPB.OzoneManagerRequestHandler.infoBucket(OzoneManagerRequestHandler.java:471) ~[ozone-manager-1.3.0-SNAPSHOT.jar:?]
	at org.apache.hadoop.ozone.protocolPB.OzoneManagerRequestHandler.handleReadRequest(OzoneManagerRequestHandler.java:174) ~[ozone-manager-1.3.0-SNAPSHOT.jar:?]
	at org.apache.hadoop.ozone.protocolPB.OzoneManagerProtocolServerSideTranslatorPB.submitReadRequestToOM(OzoneManagerProtocolServerSideTranslatorPB.java:226) ~[ozone-manager-1.3.0-SNAPSHOT.jar:?]
	at org.apache.hadoop.ozone.protocolPB.OzoneManagerProtocolServerSideTranslatorPB.processRequest(OzoneManagerProtocolServerSideTranslatorPB.java:175) ~[ozone-manager-1.3.0-SNAPSHOT.jar:?]
	at org.apache.hadoop.hdds.server.OzoneProtocolMessageDispatcher.processRequest(OzoneProtocolMessageDispatcher.java:87) [hdds-server-framework-1.3.0-SNAPSHOT.jar:?]
	at org.apache.hadoop.ozone.protocolPB.OzoneManagerProtocolServerSideTranslatorPB.submitRequest(OzoneManagerProtocolServerSideTranslatorPB.java:147) [ozone-manager-1.3.0-SNAPSHOT.jar:?]
	at org.apache.hadoop.ozone.protocol.proto.OzoneManagerProtocolProtos$OzoneManagerService$2.callBlockingMethod(OzoneManagerProtocolProtos.java) [ozone-interface-client-1.3.0-SNAPSHOT.jar:?]
	at org.apache.hadoop.ipc.ProtobufRpcEngine$Server.processCall(ProtobufRpcEngine.java:466) [hadoop-common-3.3.1.jar:?]
	at org.apache.hadoop.ipc.ProtobufRpcEngine2$Server$ProtoBufRpcInvoker.call(ProtobufRpcEngine2.java:574) [hadoop-common-3.3.1.jar:?]
	at org.apache.hadoop.ipc.ProtobufRpcEngine2$Server$ProtoBufRpcInvoker.call(ProtobufRpcEngine2.java:552) [hadoop-common-3.3.1.jar:?]
	at org.apache.hadoop.ipc.RPC$Server.call(RPC.java:1093) [hadoop-common-3.3.1.jar:?]
	at org.apache.hadoop.ipc.Server$RpcCall.run(Server.java:1035) [hadoop-common-3.3.1.jar:?]
	at org.apache.hadoop.ipc.Server$RpcCall.run(Server.java:963) [hadoop-common-3.3.1.jar:?]
	at java.security.AccessController.doPrivileged(Native Method) ~[?:1.8.0_332]
	at javax.security.auth.Subject.doAs(Subject.java:422) [?:1.8.0_332]
	at org.apache.hadoop.security.UserGroupInformation.doAs(UserGroupInformation.java:1878) [hadoop-common-3.3.1.jar:?]
	at org.apache.hadoop.ipc.Server$Handler.run(Server.java:2966) [hadoop-common-3.3.1.jar:?]
2022-07-27 23:16:43,196 [Time-limited test] INFO  rpc.RpcClient (RpcClient.java:createVolume(467)) - Creating Volume: volume-56885, with runner as owner and space quota set to -1 bytes, counts quota set to -1
2022-07-27 23:16:43,198 [OM StateMachine ApplyTransaction Thread - 0] INFO  volume.OMVolumeCreateRequest (OMVolumeCreateRequest.java:validateAndUpdateCache(195)) - created volume:volume-56885 for user:runner
2022-07-27 23:16:43,200 [Time-limited test] INFO  rpc.RpcClient (RpcClient.java:createBucket(670)) - Creating Bucket: volume-56885/bucket3, with bucket layout FILE_SYSTEM_OPTIMIZED, runner as owner, Versioning false, Storage Type set to DISK and Encryption set to false 
2022-07-27 23:16:43,202 [OM StateMachine ApplyTransaction Thread - 0] INFO  bucket.OMBucketCreateRequest (OMBucketCreateRequest.java:validateAndUpdateCache(260)) - created bucket: bucket3 of layout FILE_SYSTEM_OPTIMIZED in volume: volume-56885
2022-07-27 23:16:43,246 [IPC Server handler 0 on default port 39031] INFO  ha.SequenceIdGenerator (SequenceIdGenerator.java:getNextId(128)) - Allocate a batch for containerId, change lastId from 0 to 1000.
2022-07-27 23:16:43,255 [IPC Server handler 0 on default port 39031] WARN  ha.SequenceIdGenerator (SequenceIdGenerator.java:allocateBatch(237)) - Failed to allocate a batch for localId, expected lastId is 0, actual lastId is 109611004723200000.
2022-07-27 23:16:43,255 [IPC Server handler 0 on default port 39031] INFO  ha.SequenceIdGenerator (SequenceIdGenerator.java:getNextId(128)) - Allocate a batch for localId, change lastId from 109611004723200000 to 109611004723201000.
2022-07-27 23:16:43,306 [Time-limited test] INFO  impl.MetricsSystemImpl (MetricsSystemImpl.java:init(158)) - XceiverClientMetrics metrics system started (again)
23:16:44.205 [OM StateMachine ApplyTransaction Thread - 0] ERROR OMAudit - user=runner | ip=127.0.0.1 | op=DELETE_VOLUME {volume=volume-56885} | ret=FAILURE
org.apache.hadoop.ozone.om.exceptions.OMException: null
	at org.apache.hadoop.ozone.om.request.volume.OMVolumeDeleteRequest.validateAndUpdateCache(OMVolumeDeleteRequest.java:122) ~[ozone-manager-1.3.0-SNAPSHOT.jar:?]
	at org.apache.hadoop.ozone.protocolPB.OzoneManagerRequestHandler.handleWriteRequest(OzoneManagerRequestHandler.java:300) ~[ozone-manager-1.3.0-SNAPSHOT.jar:?]
	at org.apache.hadoop.ozone.om.ratis.OzoneManagerStateMachine.runCommand(OzoneManagerStateMachine.java:529) ~[ozone-manager-1.3.0-SNAPSHOT.jar:?]
	at org.apache.hadoop.ozone.om.ratis.OzoneManagerStateMachine.lambda$1(OzoneManagerStateMachine.java:324) ~[ozone-manager-1.3.0-SNAPSHOT.jar:?]
	at java.util.concurrent.CompletableFuture$AsyncSupply.run(CompletableFuture.java:1604) [?:1.8.0_332]
	at java.util.concurrent.ThreadPoolExecutor.runWorker(ThreadPoolExecutor.java:1149) [?:1.8.0_332]
	at java.util.concurrent.ThreadPoolExecutor$Worker.run(ThreadPoolExecutor.java:624) [?:1.8.0_332]
	at java.lang.Thread.run(Thread.java:750) [?:1.8.0_332]
2022-07-27 23:16:44,205 [OM StateMachine ApplyTransaction Thread - 0] ERROR volume.OMVolumeDeleteRequest (OMVolumeDeleteRequest.java:validateAndUpdateCache(170)) - Volume deletion failed for user:runner volume:volume-56885
VOLUME_NOT_EMPTY org.apache.hadoop.ozone.om.exceptions.OMException
	at org.apache.hadoop.ozone.om.request.volume.OMVolumeDeleteRequest.validateAndUpdateCache(OMVolumeDeleteRequest.java:122)
	at org.apache.hadoop.ozone.protocolPB.OzoneManagerRequestHandler.handleWriteRequest(OzoneManagerRequestHandler.java:300)
	at org.apache.hadoop.ozone.om.ratis.OzoneManagerStateMachine.runCommand(OzoneManagerStateMachine.java:529)
	at org.apache.hadoop.ozone.om.ratis.OzoneManagerStateMachine.lambda$1(OzoneManagerStateMachine.java:324)
	at java.util.concurrent.CompletableFuture$AsyncSupply.run(CompletableFuture.java:1604)
	at java.util.concurrent.ThreadPoolExecutor.runWorker(ThreadPoolExecutor.java:1149)
	at java.util.concurrent.ThreadPoolExecutor$Worker.run(ThreadPoolExecutor.java:624)
	at java.lang.Thread.run(Thread.java:750)
]]></system-out>
  </testcase>
  <testcase name="testDeleteVolumeAndBucket" classname="TestRootedOzoneFileSystemWithFSO" time="1.397">
    <system-out><![CDATA[2022-07-27 23:17:48,979 [Time-limited test] INFO  rpc.RpcClient (RpcClient.java:createVolume(467)) - Creating Volume: volume39658, with user77485 as owner and space quota set to -1 bytes, counts quota set to -1
2022-07-27 23:17:48,985 [IPC Server handler 19 on default port 45823] INFO  volume.OMVolumeCreateRequest (OMVolumeCreateRequest.java:validateAndUpdateCache(195)) - created volume:volume39658 for user:user77485
2022-07-27 23:17:48,986 [Time-limited test] INFO  rpc.RpcClient (RpcClient.java:createBucket(670)) - Creating Bucket: volume39658/bucket45189, with bucket layout FILE_SYSTEM_OPTIMIZED, runner as owner, Versioning false, Storage Type set to DISK and Encryption set to false 
2022-07-27 23:17:48,986 [IPC Server handler 17 on default port 45823] INFO  bucket.OMBucketCreateRequest (OMBucketCreateRequest.java:validateAndUpdateCache(260)) - created bucket: bucket45189 of layout FILE_SYSTEM_OPTIMIZED in volume: volume39658
23:17:48.996 [IPC Server handler 14 on default port 45823] ERROR OMAudit - user=runner | ip=127.0.0.1 | op=READ_BUCKET {volume=volume-81165, bucket=bucket3} | ret=FAILURE
org.apache.hadoop.ozone.om.exceptions.OMException: Volume not found when getting bucket info
	at org.apache.hadoop.ozone.om.BucketManagerImpl.getBucketInfo(BucketManagerImpl.java:127) ~[ozone-manager-1.3.0-SNAPSHOT.jar:?]
	at org.apache.hadoop.ozone.om.OzoneManager.getBucketInfo(OzoneManager.java:2779) ~[ozone-manager-1.3.0-SNAPSHOT.jar:?]
	at org.apache.hadoop.ozone.protocolPB.OzoneManagerRequestHandler.infoBucket(OzoneManagerRequestHandler.java:471) ~[ozone-manager-1.3.0-SNAPSHOT.jar:?]
	at org.apache.hadoop.ozone.protocolPB.OzoneManagerRequestHandler.handleReadRequest(OzoneManagerRequestHandler.java:174) ~[ozone-manager-1.3.0-SNAPSHOT.jar:?]
	at org.apache.hadoop.ozone.protocolPB.OzoneManagerProtocolServerSideTranslatorPB.submitRequestDirectlyToOM(OzoneManagerProtocolServerSideTranslatorPB.java:276) ~[ozone-manager-1.3.0-SNAPSHOT.jar:?]
	at org.apache.hadoop.ozone.protocolPB.OzoneManagerProtocolServerSideTranslatorPB.processRequest(OzoneManagerProtocolServerSideTranslatorPB.java:205) ~[ozone-manager-1.3.0-SNAPSHOT.jar:?]
	at org.apache.hadoop.hdds.server.OzoneProtocolMessageDispatcher.processRequest(OzoneProtocolMessageDispatcher.java:87) [hdds-server-framework-1.3.0-SNAPSHOT.jar:?]
	at org.apache.hadoop.ozone.protocolPB.OzoneManagerProtocolServerSideTranslatorPB.submitRequest(OzoneManagerProtocolServerSideTranslatorPB.java:147) [ozone-manager-1.3.0-SNAPSHOT.jar:?]
	at org.apache.hadoop.ozone.protocol.proto.OzoneManagerProtocolProtos$OzoneManagerService$2.callBlockingMethod(OzoneManagerProtocolProtos.java) [ozone-interface-client-1.3.0-SNAPSHOT.jar:?]
	at org.apache.hadoop.ipc.ProtobufRpcEngine$Server.processCall(ProtobufRpcEngine.java:466) [hadoop-common-3.3.1.jar:?]
	at org.apache.hadoop.ipc.ProtobufRpcEngine2$Server$ProtoBufRpcInvoker.call(ProtobufRpcEngine2.java:574) [hadoop-common-3.3.1.jar:?]
	at org.apache.hadoop.ipc.ProtobufRpcEngine2$Server$ProtoBufRpcInvoker.call(ProtobufRpcEngine2.java:552) [hadoop-common-3.3.1.jar:?]
	at org.apache.hadoop.ipc.RPC$Server.call(RPC.java:1093) [hadoop-common-3.3.1.jar:?]
	at org.apache.hadoop.ipc.Server$RpcCall.run(Server.java:1035) [hadoop-common-3.3.1.jar:?]
	at org.apache.hadoop.ipc.Server$RpcCall.run(Server.java:963) [hadoop-common-3.3.1.jar:?]
	at java.security.AccessController.doPrivileged(Native Method) ~[?:1.8.0_332]
	at javax.security.auth.Subject.doAs(Subject.java:422) [?:1.8.0_332]
	at org.apache.hadoop.security.UserGroupInformation.doAs(UserGroupInformation.java:1878) [hadoop-common-3.3.1.jar:?]
	at org.apache.hadoop.ipc.Server$Handler.run(Server.java:2966) [hadoop-common-3.3.1.jar:?]
2022-07-27 23:17:48,998 [Time-limited test] INFO  rpc.RpcClient (RpcClient.java:createVolume(467)) - Creating Volume: volume-81165, with runner as owner and space quota set to -1 bytes, counts quota set to -1
2022-07-27 23:17:48,998 [IPC Server handler 13 on default port 45823] INFO  volume.OMVolumeCreateRequest (OMVolumeCreateRequest.java:validateAndUpdateCache(195)) - created volume:volume-81165 for user:runner
2022-07-27 23:17:48,999 [Time-limited test] INFO  rpc.RpcClient (RpcClient.java:createBucket(670)) - Creating Bucket: volume-81165/bucket3, with bucket layout FILE_SYSTEM_OPTIMIZED, runner as owner, Versioning false, Storage Type set to DISK and Encryption set to false 
2022-07-27 23:17:48,999 [IPC Server handler 11 on default port 45823] INFO  bucket.OMBucketCreateRequest (OMBucketCreateRequest.java:validateAndUpdateCache(260)) - created bucket: bucket3 of layout FILE_SYSTEM_OPTIMIZED in volume: volume-81165
2022-07-27 23:17:49,014 [IPC Server handler 0 on default port 38277] INFO  ha.SequenceIdGenerator (SequenceIdGenerator.java:getNextId(128)) - Allocate a batch for containerId, change lastId from 0 to 1000.
2022-07-27 23:17:49,014 [IPC Server handler 0 on default port 38277] WARN  ha.SequenceIdGenerator (SequenceIdGenerator.java:allocateBatch(237)) - Failed to allocate a batch for localId, expected lastId is 0, actual lastId is 109611004723200000.
2022-07-27 23:17:49,015 [IPC Server handler 0 on default port 38277] INFO  ha.SequenceIdGenerator (SequenceIdGenerator.java:getNextId(128)) - Allocate a batch for localId, change lastId from 109611004723200000 to 109611004723201000.
2022-07-27 23:17:49,300 [0e2a075e-53a8-462d-8f4f-c98e11d6e8a9@group-DD253CEE42E6-FollowerState] INFO  impl.FollowerState (FollowerState.java:run(143)) - 0e2a075e-53a8-462d-8f4f-c98e11d6e8a9@group-DD253CEE42E6-FollowerState: change to CANDIDATE, lastRpcElapsedTime:5200613366ns, electionTimeout:5197ms
2022-07-27 23:17:49,301 [0e2a075e-53a8-462d-8f4f-c98e11d6e8a9@group-DD253CEE42E6-FollowerState] INFO  impl.RoleInfo (RoleInfo.java:shutdownFollowerState(110)) - 0e2a075e-53a8-462d-8f4f-c98e11d6e8a9: shutdown 0e2a075e-53a8-462d-8f4f-c98e11d6e8a9@group-DD253CEE42E6-FollowerState
2022-07-27 23:17:49,301 [0e2a075e-53a8-462d-8f4f-c98e11d6e8a9@group-DD253CEE42E6-FollowerState] INFO  server.RaftServer$Division (RaftServerImpl.java:setRole(299)) - 0e2a075e-53a8-462d-8f4f-c98e11d6e8a9@group-DD253CEE42E6: changes role from  FOLLOWER to CANDIDATE at term 0 for changeToCandidate
2022-07-27 23:17:49,338 [0e2a075e-53a8-462d-8f4f-c98e11d6e8a9@group-DD253CEE42E6-FollowerState] INFO  server.RaftServerConfigKeys (ConfUtils.java:logGet(46)) - raft.server.leaderelection.pre-vote = false (custom)
2022-07-27 23:17:49,338 [0e2a075e-53a8-462d-8f4f-c98e11d6e8a9@group-DD253CEE42E6-FollowerState] INFO  impl.RoleInfo (RoleInfo.java:updateAndGet(139)) - 0e2a075e-53a8-462d-8f4f-c98e11d6e8a9: start 0e2a075e-53a8-462d-8f4f-c98e11d6e8a9@group-DD253CEE42E6-LeaderElection21
2022-07-27 23:17:49,398 [0e2a075e-53a8-462d-8f4f-c98e11d6e8a9@group-DD253CEE42E6-LeaderElection21] INFO  impl.LeaderElection (LeaderElection.java:askForVotes(310)) - 0e2a075e-53a8-462d-8f4f-c98e11d6e8a9@group-DD253CEE42E6-LeaderElection21 ELECTION round 0: submit vote requests at term 1 for -1: [0e2a075e-53a8-462d-8f4f-c98e11d6e8a9|rpc:10.1.0.23:38473|priority:1], old=null
2022-07-27 23:17:49,398 [0e2a075e-53a8-462d-8f4f-c98e11d6e8a9@group-DD253CEE42E6-LeaderElection21] INFO  impl.LeaderElection (LeaderElection.java:askForVotes(312)) - 0e2a075e-53a8-462d-8f4f-c98e11d6e8a9@group-DD253CEE42E6-LeaderElection21 ELECTION round 0: result PASSED (term=1)
2022-07-27 23:17:49,398 [0e2a075e-53a8-462d-8f4f-c98e11d6e8a9@group-DD253CEE42E6-LeaderElection21] INFO  impl.RoleInfo (RoleInfo.java:shutdownLeaderElection(130)) - 0e2a075e-53a8-462d-8f4f-c98e11d6e8a9: shutdown 0e2a075e-53a8-462d-8f4f-c98e11d6e8a9@group-DD253CEE42E6-LeaderElection21
2022-07-27 23:17:49,398 [0e2a075e-53a8-462d-8f4f-c98e11d6e8a9@group-DD253CEE42E6-LeaderElection21] INFO  server.RaftServer$Division (RaftServerImpl.java:setRole(299)) - 0e2a075e-53a8-462d-8f4f-c98e11d6e8a9@group-DD253CEE42E6: changes role from CANDIDATE to LEADER at term 1 for changeToLeader
2022-07-27 23:17:49,398 [0e2a075e-53a8-462d-8f4f-c98e11d6e8a9@group-DD253CEE42E6-LeaderElection21] INFO  ratis.XceiverServerRatis (XceiverServerRatis.java:handleLeaderChangedNotification(863)) - Leader change notification received for group: group-DD253CEE42E6 with new leaderId: 0e2a075e-53a8-462d-8f4f-c98e11d6e8a9
2022-07-27 23:17:49,398 [0e2a075e-53a8-462d-8f4f-c98e11d6e8a9@group-DD253CEE42E6-LeaderElection21] INFO  server.RaftServer$Division (ServerState.java:setLeader(287)) - 0e2a075e-53a8-462d-8f4f-c98e11d6e8a9@group-DD253CEE42E6: change Leader from null to 0e2a075e-53a8-462d-8f4f-c98e11d6e8a9 at term 1 for becomeLeader, leader elected after 5307ms
2022-07-27 23:17:49,398 [0e2a075e-53a8-462d-8f4f-c98e11d6e8a9@group-DD253CEE42E6-LeaderElection21] INFO  server.RaftServerConfigKeys (ConfUtils.java:logGet(46)) - raft.server.staging.catchup.gap = 1000 (default)
2022-07-27 23:17:49,399 [0e2a075e-53a8-462d-8f4f-c98e11d6e8a9@group-DD253CEE42E6-LeaderElection21] INFO  server.RaftServerConfigKeys (ConfUtils.java:logGet(46)) - raft.server.write.element-limit = 1024 (custom)
2022-07-27 23:17:49,399 [0e2a075e-53a8-462d-8f4f-c98e11d6e8a9@group-DD253CEE42E6-LeaderElection21] INFO  server.RaftServerConfigKeys (ConfUtils.java:logGet(46)) - raft.server.write.byte-limit = 1024 M (=1073741824) (custom)
2022-07-27 23:17:49,399 [0e2a075e-53a8-462d-8f4f-c98e11d6e8a9@group-DD253CEE42E6-LeaderElection21] INFO  server.RaftServerConfigKeys (ConfUtils.java:logGet(46)) - raft.server.watch.timeout = 180s (custom)
2022-07-27 23:17:49,399 [0e2a075e-53a8-462d-8f4f-c98e11d6e8a9@group-DD253CEE42E6-LeaderElection21] INFO  server.RaftServerConfigKeys (ConfUtils.java:logGet(46)) - raft.server.watch.timeout.denomination = 1s (default)
2022-07-27 23:17:49,399 [0e2a075e-53a8-462d-8f4f-c98e11d6e8a9@group-DD253CEE42E6-LeaderElection21] INFO  server.RaftServerConfigKeys (ConfUtils.java:logGet(46)) - raft.server.watch.element-limit = 65536 (default)
2022-07-27 23:17:49,399 [0e2a075e-53a8-462d-8f4f-c98e11d6e8a9@group-DD253CEE42E6-LeaderElection21] INFO  server.RaftServerConfigKeys (ConfUtils.java:logGet(46)) - raft.server.write.element-limit = 1024 (custom)
2022-07-27 23:17:49,399 [0e2a075e-53a8-462d-8f4f-c98e11d6e8a9@group-DD253CEE42E6-LeaderElection21] INFO  server.RaftServerConfigKeys (ConfUtils.java:logGet(46)) - raft.server.write.follower.gap.ratio.max = -1.0 (default)
2022-07-27 23:17:49,399 [0e2a075e-53a8-462d-8f4f-c98e11d6e8a9@group-DD253CEE42E6-LeaderElection21] INFO  impl.RoleInfo (RoleInfo.java:updateAndGet(139)) - 0e2a075e-53a8-462d-8f4f-c98e11d6e8a9: start 0e2a075e-53a8-462d-8f4f-c98e11d6e8a9@group-DD253CEE42E6-LeaderStateImpl
2022-07-27 23:17:49,399 [0e2a075e-53a8-462d-8f4f-c98e11d6e8a9@group-DD253CEE42E6-LeaderElection21] INFO  segmented.SegmentedRaftLogWorker (SegmentedRaftLogWorker.java:startLogSegment(425)) - 0e2a075e-53a8-462d-8f4f-c98e11d6e8a9@group-DD253CEE42E6-SegmentedRaftLogWorker: Starting segment from index:0
2022-07-27 23:17:49,402 [0e2a075e-53a8-462d-8f4f-c98e11d6e8a9@group-DD253CEE42E6-SegmentedRaftLogWorker] INFO  segmented.SegmentedRaftLogWorker (SegmentedRaftLogWorker.java:execute(629)) - 0e2a075e-53a8-462d-8f4f-c98e11d6e8a9@group-DD253CEE42E6-SegmentedRaftLogWorker: created new log segment /home/runner/work/ozone/ozone/hadoop-ozone/integration-test/target/test-dir/MiniOzoneClusterImpl-b291e8c9-c3a0-4e1a-9e8e-aed05fc6be83/datanode-2/data/ratis/05bf8054-d832-4199-a4ea-dd253cee42e6/current/log_inprogress_0
2022-07-27 23:17:49,408 [0e2a075e-53a8-462d-8f4f-c98e11d6e8a9@group-DD253CEE42E6-LeaderElection21] INFO  server.RaftServer$Division (ServerState.java:setRaftConf(393)) - 0e2a075e-53a8-462d-8f4f-c98e11d6e8a9@group-DD253CEE42E6: set configuration 0: [0e2a075e-53a8-462d-8f4f-c98e11d6e8a9|rpc:10.1.0.23:38473|dataStream:|priority:1], old=null
2022-07-27 23:17:49,876 [e23c561c-75fb-4f96-9524-9cc753fb152e@group-8493BB09CFAF-FollowerState] INFO  impl.FollowerState (FollowerState.java:run(143)) - e23c561c-75fb-4f96-9524-9cc753fb152e@group-8493BB09CFAF-FollowerState: change to CANDIDATE, lastRpcElapsedTime:5108120664ns, electionTimeout:5098ms
2022-07-27 23:17:49,876 [e23c561c-75fb-4f96-9524-9cc753fb152e@group-8493BB09CFAF-FollowerState] INFO  impl.RoleInfo (RoleInfo.java:shutdownFollowerState(110)) - e23c561c-75fb-4f96-9524-9cc753fb152e: shutdown e23c561c-75fb-4f96-9524-9cc753fb152e@group-8493BB09CFAF-FollowerState
2022-07-27 23:17:49,876 [e23c561c-75fb-4f96-9524-9cc753fb152e@group-8493BB09CFAF-FollowerState] INFO  server.RaftServer$Division (RaftServerImpl.java:setRole(299)) - e23c561c-75fb-4f96-9524-9cc753fb152e@group-8493BB09CFAF: changes role from  FOLLOWER to CANDIDATE at term 0 for changeToCandidate
2022-07-27 23:17:49,879 [e23c561c-75fb-4f96-9524-9cc753fb152e@group-8493BB09CFAF-FollowerState] INFO  server.RaftServerConfigKeys (ConfUtils.java:logGet(46)) - raft.server.leaderelection.pre-vote = false (custom)
2022-07-27 23:17:49,879 [e23c561c-75fb-4f96-9524-9cc753fb152e@group-8493BB09CFAF-FollowerState] INFO  impl.RoleInfo (RoleInfo.java:updateAndGet(139)) - e23c561c-75fb-4f96-9524-9cc753fb152e: start e23c561c-75fb-4f96-9524-9cc753fb152e@group-8493BB09CFAF-LeaderElection22
2022-07-27 23:17:49,965 [e23c561c-75fb-4f96-9524-9cc753fb152e@group-8493BB09CFAF-LeaderElection22] INFO  impl.LeaderElection (LeaderElection.java:askForVotes(310)) - e23c561c-75fb-4f96-9524-9cc753fb152e@group-8493BB09CFAF-LeaderElection22 ELECTION round 0: submit vote requests at term 1 for -1: [e23c561c-75fb-4f96-9524-9cc753fb152e|rpc:10.1.0.23:39095|priority:1], old=null
2022-07-27 23:17:49,965 [e23c561c-75fb-4f96-9524-9cc753fb152e@group-8493BB09CFAF-LeaderElection22] INFO  impl.LeaderElection (LeaderElection.java:askForVotes(312)) - e23c561c-75fb-4f96-9524-9cc753fb152e@group-8493BB09CFAF-LeaderElection22 ELECTION round 0: result PASSED (term=1)
2022-07-27 23:17:49,965 [e23c561c-75fb-4f96-9524-9cc753fb152e@group-8493BB09CFAF-LeaderElection22] INFO  impl.RoleInfo (RoleInfo.java:shutdownLeaderElection(130)) - e23c561c-75fb-4f96-9524-9cc753fb152e: shutdown e23c561c-75fb-4f96-9524-9cc753fb152e@group-8493BB09CFAF-LeaderElection22
2022-07-27 23:17:49,965 [e23c561c-75fb-4f96-9524-9cc753fb152e@group-8493BB09CFAF-LeaderElection22] INFO  server.RaftServer$Division (RaftServerImpl.java:setRole(299)) - e23c561c-75fb-4f96-9524-9cc753fb152e@group-8493BB09CFAF: changes role from CANDIDATE to LEADER at term 1 for changeToLeader
2022-07-27 23:17:49,965 [e23c561c-75fb-4f96-9524-9cc753fb152e@group-8493BB09CFAF-LeaderElection22] INFO  ratis.XceiverServerRatis (XceiverServerRatis.java:handleLeaderChangedNotification(863)) - Leader change notification received for group: group-8493BB09CFAF with new leaderId: e23c561c-75fb-4f96-9524-9cc753fb152e
2022-07-27 23:17:49,978 [e23c561c-75fb-4f96-9524-9cc753fb152e@group-8493BB09CFAF-LeaderElection22] INFO  server.RaftServer$Division (ServerState.java:setLeader(287)) - e23c561c-75fb-4f96-9524-9cc753fb152e@group-8493BB09CFAF: change Leader from null to e23c561c-75fb-4f96-9524-9cc753fb152e at term 1 for becomeLeader, leader elected after 5202ms
2022-07-27 23:17:49,978 [e23c561c-75fb-4f96-9524-9cc753fb152e@group-8493BB09CFAF-LeaderElection22] INFO  server.RaftServerConfigKeys (ConfUtils.java:logGet(46)) - raft.server.staging.catchup.gap = 1000 (default)
2022-07-27 23:17:49,978 [e23c561c-75fb-4f96-9524-9cc753fb152e@group-8493BB09CFAF-LeaderElection22] INFO  server.RaftServerConfigKeys (ConfUtils.java:logGet(46)) - raft.server.write.element-limit = 1024 (custom)
2022-07-27 23:17:49,978 [e23c561c-75fb-4f96-9524-9cc753fb152e@group-8493BB09CFAF-LeaderElection22] INFO  server.RaftServerConfigKeys (ConfUtils.java:logGet(46)) - raft.server.write.byte-limit = 1024 M (=1073741824) (custom)
2022-07-27 23:17:49,979 [e23c561c-75fb-4f96-9524-9cc753fb152e@group-8493BB09CFAF-LeaderElection22] INFO  server.RaftServerConfigKeys (ConfUtils.java:logGet(46)) - raft.server.watch.timeout = 180s (custom)
2022-07-27 23:17:49,979 [e23c561c-75fb-4f96-9524-9cc753fb152e@group-8493BB09CFAF-LeaderElection22] INFO  server.RaftServerConfigKeys (ConfUtils.java:logGet(46)) - raft.server.watch.timeout.denomination = 1s (default)
2022-07-27 23:17:49,979 [e23c561c-75fb-4f96-9524-9cc753fb152e@group-8493BB09CFAF-LeaderElection22] INFO  server.RaftServerConfigKeys (ConfUtils.java:logGet(46)) - raft.server.watch.element-limit = 65536 (default)
2022-07-27 23:17:49,979 [e23c561c-75fb-4f96-9524-9cc753fb152e@group-8493BB09CFAF-LeaderElection22] INFO  server.RaftServerConfigKeys (ConfUtils.java:logGet(46)) - raft.server.write.element-limit = 1024 (custom)
2022-07-27 23:17:49,979 [e23c561c-75fb-4f96-9524-9cc753fb152e@group-8493BB09CFAF-LeaderElection22] INFO  server.RaftServerConfigKeys (ConfUtils.java:logGet(46)) - raft.server.write.follower.gap.ratio.max = -1.0 (default)
2022-07-27 23:17:49,979 [e23c561c-75fb-4f96-9524-9cc753fb152e@group-8493BB09CFAF-LeaderElection22] INFO  impl.RoleInfo (RoleInfo.java:updateAndGet(139)) - e23c561c-75fb-4f96-9524-9cc753fb152e: start e23c561c-75fb-4f96-9524-9cc753fb152e@group-8493BB09CFAF-LeaderStateImpl
2022-07-27 23:17:49,979 [e23c561c-75fb-4f96-9524-9cc753fb152e@group-8493BB09CFAF-LeaderElection22] INFO  segmented.SegmentedRaftLogWorker (SegmentedRaftLogWorker.java:startLogSegment(425)) - e23c561c-75fb-4f96-9524-9cc753fb152e@group-8493BB09CFAF-SegmentedRaftLogWorker: Starting segment from index:0
2022-07-27 23:17:49,982 [e23c561c-75fb-4f96-9524-9cc753fb152e@group-8493BB09CFAF-SegmentedRaftLogWorker] INFO  segmented.SegmentedRaftLogWorker (SegmentedRaftLogWorker.java:execute(629)) - e23c561c-75fb-4f96-9524-9cc753fb152e@group-8493BB09CFAF-SegmentedRaftLogWorker: created new log segment /home/runner/work/ozone/ozone/hadoop-ozone/integration-test/target/test-dir/MiniOzoneClusterImpl-b291e8c9-c3a0-4e1a-9e8e-aed05fc6be83/datanode-3/data/ratis/5c56e289-5dd7-424b-bc98-8493bb09cfaf/current/log_inprogress_0
2022-07-27 23:17:49,986 [e23c561c-75fb-4f96-9524-9cc753fb152e@group-8493BB09CFAF-LeaderElection22] INFO  server.RaftServer$Division (ServerState.java:setRaftConf(393)) - e23c561c-75fb-4f96-9524-9cc753fb152e@group-8493BB09CFAF: set configuration 0: [e23c561c-75fb-4f96-9524-9cc753fb152e|rpc:10.1.0.23:39095|dataStream:|priority:1], old=null
]]></system-out>
  </testcase>
  <testcase name="testRenameDirToItsOwnSubDir" classname="TestRootedOzoneFileSystemWithFSO" time="0.093">
    <system-out><![CDATA[2022-07-27 23:16:44,271 [Time-limited test] INFO  rpc.RpcClient (RpcClient.java:createVolume(467)) - Creating Volume: volume49118, with user72704 as owner and space quota set to -1 bytes, counts quota set to -1
2022-07-27 23:16:44,274 [OM StateMachine ApplyTransaction Thread - 0] INFO  volume.OMVolumeCreateRequest (OMVolumeCreateRequest.java:validateAndUpdateCache(195)) - created volume:volume49118 for user:user72704
2022-07-27 23:16:44,283 [Time-limited test] INFO  rpc.RpcClient (RpcClient.java:createBucket(670)) - Creating Bucket: volume49118/bucket96364, with bucket layout FILE_SYSTEM_OPTIMIZED, runner as owner, Versioning false, Storage Type set to DISK and Encryption set to false 
2022-07-27 23:16:44,286 [OM StateMachine ApplyTransaction Thread - 0] INFO  bucket.OMBucketCreateRequest (OMBucketCreateRequest.java:validateAndUpdateCache(260)) - created bucket: bucket96364 of layout FILE_SYSTEM_OPTIMIZED in volume: volume49118
2022-07-27 23:16:44,298 [Time-limited test] INFO  ozone.TestRootedOzoneFileSystemWithFSO (TestRootedOzoneFileSystemWithFSO.java:testRenameDirToItsOwnSubDir(173)) - Created dir1 /volume49118/bucket96364/root/dir1/sub_dir1
2022-07-27 23:16:44,298 [Time-limited test] INFO  ozone.TestRootedOzoneFileSystemWithFSO (TestRootedOzoneFileSystemWithFSO.java:testRenameDirToItsOwnSubDir(174)) - Rename op-> source:/volume49118/bucket96364/root to destin:/volume49118/bucket96364/root/dir1/sub_dir1
23:16:44.302 [OM StateMachine ApplyTransaction Thread - 0] ERROR OMAudit - user=runner | ip=127.0.0.1 | op=RENAME_KEY {volume=volume49118, bucket=bucket96364, dataSize=0, replicationType=NONE, replicationFactor=ZERO, srcKey=root, dstKey=root/dir1/sub_dir1} | ret=FAILURE
org.apache.hadoop.ozone.om.exceptions.OMException: Cannot rename a directory to its own subdirectory
	at org.apache.hadoop.ozone.om.request.file.OMFileRequest.verifyToDirIsASubDirOfFromDirectory(OMFileRequest.java:795) ~[ozone-manager-1.3.0-SNAPSHOT.jar:?]
	at org.apache.hadoop.ozone.om.request.key.OMKeyRenameRequestWithFSO.validateAndUpdateCache(OMKeyRenameRequestWithFSO.java:144) ~[ozone-manager-1.3.0-SNAPSHOT.jar:?]
	at org.apache.hadoop.ozone.protocolPB.OzoneManagerRequestHandler.handleWriteRequest(OzoneManagerRequestHandler.java:300) ~[ozone-manager-1.3.0-SNAPSHOT.jar:?]
	at org.apache.hadoop.ozone.om.ratis.OzoneManagerStateMachine.runCommand(OzoneManagerStateMachine.java:529) ~[ozone-manager-1.3.0-SNAPSHOT.jar:?]
	at org.apache.hadoop.ozone.om.ratis.OzoneManagerStateMachine.lambda$1(OzoneManagerStateMachine.java:324) ~[ozone-manager-1.3.0-SNAPSHOT.jar:?]
	at java.util.concurrent.CompletableFuture$AsyncSupply.run(CompletableFuture.java:1604) [?:1.8.0_332]
	at java.util.concurrent.ThreadPoolExecutor.runWorker(ThreadPoolExecutor.java:1149) [?:1.8.0_332]
	at java.util.concurrent.ThreadPoolExecutor$Worker.run(ThreadPoolExecutor.java:624) [?:1.8.0_332]
	at java.lang.Thread.run(Thread.java:750) [?:1.8.0_332]
2022-07-27 23:16:44,302 [OM StateMachine ApplyTransaction Thread - 0] ERROR key.OMKeyRenameRequestWithFSO (OMKeyRenameRequestWithFSO.java:validateAndUpdateCache(234)) - Rename key failed for volume:volume49118 bucket:bucket96364 fromKey:root toKey:root/dir1/sub_dir1. Key: root not found.
2022-07-27 23:16:44,303 [Time-limited test] ERROR ozone.BasicRootedOzoneFileSystem (BasicRootedOzoneFileSystem.java:renameFSO(403)) - rename key failed: Cannot rename a directory to its own subdirectory. source:volume49118/bucket96364/root, destin:volume49118/bucket96364/root/dir1/sub_dir1
]]></system-out>
  </testcase>
  <testcase name="testRenameDirToItsOwnSubDir" classname="TestRootedOzoneFileSystemWithFSO" time="0.107">
    <system-out><![CDATA[2022-07-27 23:17:50,363 [Time-limited test] INFO  rpc.RpcClient (RpcClient.java:createVolume(467)) - Creating Volume: volume31595, with user68522 as owner and space quota set to -1 bytes, counts quota set to -1
2022-07-27 23:17:50,364 [IPC Server handler 1 on default port 45823] INFO  volume.OMVolumeCreateRequest (OMVolumeCreateRequest.java:validateAndUpdateCache(195)) - created volume:volume31595 for user:user68522
2022-07-27 23:17:50,365 [Time-limited test] INFO  rpc.RpcClient (RpcClient.java:createBucket(670)) - Creating Bucket: volume31595/bucket54878, with bucket layout FILE_SYSTEM_OPTIMIZED, runner as owner, Versioning false, Storage Type set to DISK and Encryption set to false 
2022-07-27 23:17:50,365 [IPC Server handler 0 on default port 45823] INFO  bucket.OMBucketCreateRequest (OMBucketCreateRequest.java:validateAndUpdateCache(260)) - created bucket: bucket54878 of layout FILE_SYSTEM_OPTIMIZED in volume: volume31595
2022-07-27 23:17:50,368 [Time-limited test] INFO  ozone.TestRootedOzoneFileSystemWithFSO (TestRootedOzoneFileSystemWithFSO.java:testRenameDirToItsOwnSubDir(173)) - Created dir1 /volume31595/bucket54878/root/dir1/sub_dir1
2022-07-27 23:17:50,368 [Time-limited test] INFO  ozone.TestRootedOzoneFileSystemWithFSO (TestRootedOzoneFileSystemWithFSO.java:testRenameDirToItsOwnSubDir(174)) - Rename op-> source:/volume31595/bucket54878/root to destin:/volume31595/bucket54878/root/dir1/sub_dir1
23:17:50.369 [IPC Server handler 18 on default port 45823] ERROR OMAudit - user=runner | ip=127.0.0.1 | op=RENAME_KEY {volume=volume31595, bucket=bucket54878, dataSize=0, replicationType=NONE, replicationFactor=ZERO, srcKey=root, dstKey=root/dir1/sub_dir1} | ret=FAILURE
org.apache.hadoop.ozone.om.exceptions.OMException: Cannot rename a directory to its own subdirectory
	at org.apache.hadoop.ozone.om.request.file.OMFileRequest.verifyToDirIsASubDirOfFromDirectory(OMFileRequest.java:795) ~[ozone-manager-1.3.0-SNAPSHOT.jar:?]
	at org.apache.hadoop.ozone.om.request.key.OMKeyRenameRequestWithFSO.validateAndUpdateCache(OMKeyRenameRequestWithFSO.java:144) ~[ozone-manager-1.3.0-SNAPSHOT.jar:?]
	at org.apache.hadoop.ozone.protocolPB.OzoneManagerRequestHandler.handleWriteRequest(OzoneManagerRequestHandler.java:300) ~[ozone-manager-1.3.0-SNAPSHOT.jar:?]
	at org.apache.hadoop.ozone.protocolPB.OzoneManagerProtocolServerSideTranslatorPB.submitRequestDirectlyToOM(OzoneManagerProtocolServerSideTranslatorPB.java:282) ~[ozone-manager-1.3.0-SNAPSHOT.jar:?]
	at org.apache.hadoop.ozone.protocolPB.OzoneManagerProtocolServerSideTranslatorPB.processRequest(OzoneManagerProtocolServerSideTranslatorPB.java:205) ~[ozone-manager-1.3.0-SNAPSHOT.jar:?]
	at org.apache.hadoop.hdds.server.OzoneProtocolMessageDispatcher.processRequest(OzoneProtocolMessageDispatcher.java:87) [hdds-server-framework-1.3.0-SNAPSHOT.jar:?]
	at org.apache.hadoop.ozone.protocolPB.OzoneManagerProtocolServerSideTranslatorPB.submitRequest(OzoneManagerProtocolServerSideTranslatorPB.java:147) [ozone-manager-1.3.0-SNAPSHOT.jar:?]
	at org.apache.hadoop.ozone.protocol.proto.OzoneManagerProtocolProtos$OzoneManagerService$2.callBlockingMethod(OzoneManagerProtocolProtos.java) [ozone-interface-client-1.3.0-SNAPSHOT.jar:?]
	at org.apache.hadoop.ipc.ProtobufRpcEngine$Server.processCall(ProtobufRpcEngine.java:466) [hadoop-common-3.3.1.jar:?]
	at org.apache.hadoop.ipc.ProtobufRpcEngine2$Server$ProtoBufRpcInvoker.call(ProtobufRpcEngine2.java:574) [hadoop-common-3.3.1.jar:?]
	at org.apache.hadoop.ipc.ProtobufRpcEngine2$Server$ProtoBufRpcInvoker.call(ProtobufRpcEngine2.java:552) [hadoop-common-3.3.1.jar:?]
	at org.apache.hadoop.ipc.RPC$Server.call(RPC.java:1093) [hadoop-common-3.3.1.jar:?]
	at org.apache.hadoop.ipc.Server$RpcCall.run(Server.java:1035) [hadoop-common-3.3.1.jar:?]
	at org.apache.hadoop.ipc.Server$RpcCall.run(Server.java:963) [hadoop-common-3.3.1.jar:?]
	at java.security.AccessController.doPrivileged(Native Method) ~[?:1.8.0_332]
	at javax.security.auth.Subject.doAs(Subject.java:422) [?:1.8.0_332]
	at org.apache.hadoop.security.UserGroupInformation.doAs(UserGroupInformation.java:1878) [hadoop-common-3.3.1.jar:?]
	at org.apache.hadoop.ipc.Server$Handler.run(Server.java:2966) [hadoop-common-3.3.1.jar:?]
2022-07-27 23:17:50,369 [IPC Server handler 18 on default port 45823] ERROR key.OMKeyRenameRequestWithFSO (OMKeyRenameRequestWithFSO.java:validateAndUpdateCache(234)) - Rename key failed for volume:volume31595 bucket:bucket54878 fromKey:root toKey:root/dir1/sub_dir1. Key: root not found.
2022-07-27 23:17:50,378 [Time-limited test] ERROR ozone.BasicRootedOzoneFileSystem (BasicRootedOzoneFileSystem.java:renameFSO(403)) - rename key failed: Cannot rename a directory to its own subdirectory. source:volume31595/bucket54878/root, destin:volume31595/bucket54878/root/dir1/sub_dir1
]]></system-out>
  </testcase>
  <testcase name="testOzoneFsServiceLoader" classname="TestRootedOzoneFileSystemWithFSO" time="0">
    <skipped message="HDDS-2939"/>
  </testcase>
  <testcase name="testOzoneFsServiceLoader" classname="TestRootedOzoneFileSystemWithFSO" time="0">
    <skipped message="HDDS-2939"/>
  </testcase>
  <testcase name="testRenameDestinationParentDoesntExist" classname="TestRootedOzoneFileSystemWithFSO" time="0.102">
    <system-out><![CDATA[2022-07-27 23:16:44,370 [Time-limited test] INFO  rpc.RpcClient (RpcClient.java:createVolume(467)) - Creating Volume: volume40269, with user43484 as owner and space quota set to -1 bytes, counts quota set to -1
2022-07-27 23:16:44,372 [OM StateMachine ApplyTransaction Thread - 0] INFO  volume.OMVolumeCreateRequest (OMVolumeCreateRequest.java:validateAndUpdateCache(195)) - created volume:volume40269 for user:user43484
2022-07-27 23:16:44,374 [Time-limited test] INFO  rpc.RpcClient (RpcClient.java:createBucket(670)) - Creating Bucket: volume40269/bucket95786, with bucket layout FILE_SYSTEM_OPTIMIZED, runner as owner, Versioning false, Storage Type set to DISK and Encryption set to false 
2022-07-27 23:16:44,377 [OM StateMachine ApplyTransaction Thread - 0] INFO  bucket.OMBucketCreateRequest (OMBucketCreateRequest.java:validateAndUpdateCache(260)) - created bucket: bucket95786 of layout FILE_SYSTEM_OPTIMIZED in volume: volume40269
23:16:44.391 [OM StateMachine ApplyTransaction Thread - 0] ERROR OMAudit - user=runner | ip=127.0.0.1 | op=RENAME_KEY {volume=volume40269, bucket=bucket95786, dataSize=0, replicationType=NONE, replicationFactor=ZERO, srcKey=root_dir/dir1/dir2, dstKey=root_dir/b/c} | ret=FAILURE
org.apache.hadoop.ozone.om.exceptions.OMException: Failed to rename root_dir/dir1/dir2 to root_dir/b/c, root_dir/b doesn't exist
	at org.apache.hadoop.ozone.om.request.file.OMFileRequest.getToKeyNameParentId(OMFileRequest.java:837) ~[ozone-manager-1.3.0-SNAPSHOT.jar:?]
	at org.apache.hadoop.ozone.om.request.key.OMKeyRenameRequestWithFSO.validateAndUpdateCache(OMKeyRenameRequestWithFSO.java:200) ~[ozone-manager-1.3.0-SNAPSHOT.jar:?]
	at org.apache.hadoop.ozone.protocolPB.OzoneManagerRequestHandler.handleWriteRequest(OzoneManagerRequestHandler.java:300) ~[ozone-manager-1.3.0-SNAPSHOT.jar:?]
	at org.apache.hadoop.ozone.om.ratis.OzoneManagerStateMachine.runCommand(OzoneManagerStateMachine.java:529) ~[ozone-manager-1.3.0-SNAPSHOT.jar:?]
	at org.apache.hadoop.ozone.om.ratis.OzoneManagerStateMachine.lambda$1(OzoneManagerStateMachine.java:324) ~[ozone-manager-1.3.0-SNAPSHOT.jar:?]
	at java.util.concurrent.CompletableFuture$AsyncSupply.run(CompletableFuture.java:1604) [?:1.8.0_332]
	at java.util.concurrent.ThreadPoolExecutor.runWorker(ThreadPoolExecutor.java:1149) [?:1.8.0_332]
	at java.util.concurrent.ThreadPoolExecutor$Worker.run(ThreadPoolExecutor.java:624) [?:1.8.0_332]
	at java.lang.Thread.run(Thread.java:750) [?:1.8.0_332]
2022-07-27 23:16:44,392 [OM StateMachine ApplyTransaction Thread - 0] ERROR key.OMKeyRenameRequestWithFSO (OMKeyRenameRequestWithFSO.java:validateAndUpdateCache(234)) - Rename key failed for volume:volume40269 bucket:bucket95786 fromKey:root_dir/dir1/dir2 toKey:root_dir/b/c. Key: root_dir/dir1/dir2 not found.
2022-07-27 23:16:44,392 [Time-limited test] ERROR ozone.BasicRootedOzoneFileSystem (BasicRootedOzoneFileSystem.java:renameFSO(403)) - rename key failed: Failed to rename root_dir/dir1/dir2 to root_dir/b/c, root_dir/b doesn't exist. source:volume40269/bucket95786/root_dir/dir1/dir2, destin:volume40269/bucket95786/root_dir/b/c
23:16:44.411 [OM StateMachine ApplyTransaction Thread - 0] ERROR OMAudit - user=runner | ip=127.0.0.1 | op=RENAME_KEY {volume=volume40269, bucket=bucket95786, dataSize=0, replicationType=NONE, replicationFactor=ZERO, srcKey=root_dir/dir1/dir2, dstKey=root_dir/file1/c} | ret=FAILURE
org.apache.hadoop.ozone.om.exceptions.OMException: Failed to rename root_dir/dir1/dir2 to root_dir/file1/c, root_dir/file1 is a file
	at org.apache.hadoop.ozone.om.request.file.OMFileRequest.getToKeyNameParentId(OMFileRequest.java:842) ~[ozone-manager-1.3.0-SNAPSHOT.jar:?]
	at org.apache.hadoop.ozone.om.request.key.OMKeyRenameRequestWithFSO.validateAndUpdateCache(OMKeyRenameRequestWithFSO.java:200) ~[ozone-manager-1.3.0-SNAPSHOT.jar:?]
	at org.apache.hadoop.ozone.protocolPB.OzoneManagerRequestHandler.handleWriteRequest(OzoneManagerRequestHandler.java:300) ~[ozone-manager-1.3.0-SNAPSHOT.jar:?]
	at org.apache.hadoop.ozone.om.ratis.OzoneManagerStateMachine.runCommand(OzoneManagerStateMachine.java:529) ~[ozone-manager-1.3.0-SNAPSHOT.jar:?]
	at org.apache.hadoop.ozone.om.ratis.OzoneManagerStateMachine.lambda$1(OzoneManagerStateMachine.java:324) ~[ozone-manager-1.3.0-SNAPSHOT.jar:?]
	at java.util.concurrent.CompletableFuture$AsyncSupply.run(CompletableFuture.java:1604) [?:1.8.0_332]
	at java.util.concurrent.ThreadPoolExecutor.runWorker(ThreadPoolExecutor.java:1149) [?:1.8.0_332]
	at java.util.concurrent.ThreadPoolExecutor$Worker.run(ThreadPoolExecutor.java:624) [?:1.8.0_332]
	at java.lang.Thread.run(Thread.java:750) [?:1.8.0_332]
2022-07-27 23:16:44,411 [OM StateMachine ApplyTransaction Thread - 0] ERROR key.OMKeyRenameRequestWithFSO (OMKeyRenameRequestWithFSO.java:validateAndUpdateCache(234)) - Rename key failed for volume:volume40269 bucket:bucket95786 fromKey:root_dir/dir1/dir2 toKey:root_dir/file1/c. Key: root_dir/dir1/dir2 not found.
2022-07-27 23:16:44,412 [Time-limited test] ERROR ozone.BasicRootedOzoneFileSystem (BasicRootedOzoneFileSystem.java:renameFSO(403)) - rename key failed: Failed to rename root_dir/dir1/dir2 to root_dir/file1/c, root_dir/file1 is a file. source:volume40269/bucket95786/root_dir/dir1/dir2, destin:volume40269/bucket95786/root_dir/file1/c
]]></system-out>
  </testcase>
  <testcase name="testRenameDestinationParentDoesntExist" classname="TestRootedOzoneFileSystemWithFSO" time="0.119">
    <system-out><![CDATA[2022-07-27 23:17:50,470 [Time-limited test] INFO  rpc.RpcClient (RpcClient.java:createVolume(467)) - Creating Volume: volume24416, with user97360 as owner and space quota set to -1 bytes, counts quota set to -1
2022-07-27 23:17:50,471 [IPC Server handler 14 on default port 45823] INFO  volume.OMVolumeCreateRequest (OMVolumeCreateRequest.java:validateAndUpdateCache(195)) - created volume:volume24416 for user:user97360
2022-07-27 23:17:50,474 [Time-limited test] INFO  rpc.RpcClient (RpcClient.java:createBucket(670)) - Creating Bucket: volume24416/bucket99954, with bucket layout FILE_SYSTEM_OPTIMIZED, runner as owner, Versioning false, Storage Type set to DISK and Encryption set to false 
2022-07-27 23:17:50,475 [IPC Server handler 12 on default port 45823] INFO  bucket.OMBucketCreateRequest (OMBucketCreateRequest.java:validateAndUpdateCache(260)) - created bucket: bucket99954 of layout FILE_SYSTEM_OPTIMIZED in volume: volume24416
23:17:50.477 [IPC Server handler 7 on default port 45823] ERROR OMAudit - user=runner | ip=127.0.0.1 | op=RENAME_KEY {volume=volume24416, bucket=bucket99954, dataSize=0, replicationType=NONE, replicationFactor=ZERO, srcKey=root_dir/dir1/dir2, dstKey=root_dir/b/c} | ret=FAILURE
org.apache.hadoop.ozone.om.exceptions.OMException: Failed to rename root_dir/dir1/dir2 to root_dir/b/c, root_dir/b doesn't exist
	at org.apache.hadoop.ozone.om.request.file.OMFileRequest.getToKeyNameParentId(OMFileRequest.java:837) ~[ozone-manager-1.3.0-SNAPSHOT.jar:?]
	at org.apache.hadoop.ozone.om.request.key.OMKeyRenameRequestWithFSO.validateAndUpdateCache(OMKeyRenameRequestWithFSO.java:200) ~[ozone-manager-1.3.0-SNAPSHOT.jar:?]
	at org.apache.hadoop.ozone.protocolPB.OzoneManagerRequestHandler.handleWriteRequest(OzoneManagerRequestHandler.java:300) ~[ozone-manager-1.3.0-SNAPSHOT.jar:?]
	at org.apache.hadoop.ozone.protocolPB.OzoneManagerProtocolServerSideTranslatorPB.submitRequestDirectlyToOM(OzoneManagerProtocolServerSideTranslatorPB.java:282) ~[ozone-manager-1.3.0-SNAPSHOT.jar:?]
	at org.apache.hadoop.ozone.protocolPB.OzoneManagerProtocolServerSideTranslatorPB.processRequest(OzoneManagerProtocolServerSideTranslatorPB.java:205) ~[ozone-manager-1.3.0-SNAPSHOT.jar:?]
	at org.apache.hadoop.hdds.server.OzoneProtocolMessageDispatcher.processRequest(OzoneProtocolMessageDispatcher.java:87) [hdds-server-framework-1.3.0-SNAPSHOT.jar:?]
	at org.apache.hadoop.ozone.protocolPB.OzoneManagerProtocolServerSideTranslatorPB.submitRequest(OzoneManagerProtocolServerSideTranslatorPB.java:147) [ozone-manager-1.3.0-SNAPSHOT.jar:?]
	at org.apache.hadoop.ozone.protocol.proto.OzoneManagerProtocolProtos$OzoneManagerService$2.callBlockingMethod(OzoneManagerProtocolProtos.java) [ozone-interface-client-1.3.0-SNAPSHOT.jar:?]
	at org.apache.hadoop.ipc.ProtobufRpcEngine$Server.processCall(ProtobufRpcEngine.java:466) [hadoop-common-3.3.1.jar:?]
	at org.apache.hadoop.ipc.ProtobufRpcEngine2$Server$ProtoBufRpcInvoker.call(ProtobufRpcEngine2.java:574) [hadoop-common-3.3.1.jar:?]
	at org.apache.hadoop.ipc.ProtobufRpcEngine2$Server$ProtoBufRpcInvoker.call(ProtobufRpcEngine2.java:552) [hadoop-common-3.3.1.jar:?]
	at org.apache.hadoop.ipc.RPC$Server.call(RPC.java:1093) [hadoop-common-3.3.1.jar:?]
	at org.apache.hadoop.ipc.Server$RpcCall.run(Server.java:1035) [hadoop-common-3.3.1.jar:?]
	at org.apache.hadoop.ipc.Server$RpcCall.run(Server.java:963) [hadoop-common-3.3.1.jar:?]
	at java.security.AccessController.doPrivileged(Native Method) ~[?:1.8.0_332]
	at javax.security.auth.Subject.doAs(Subject.java:422) [?:1.8.0_332]
	at org.apache.hadoop.security.UserGroupInformation.doAs(UserGroupInformation.java:1878) [hadoop-common-3.3.1.jar:?]
	at org.apache.hadoop.ipc.Server$Handler.run(Server.java:2966) [hadoop-common-3.3.1.jar:?]
2022-07-27 23:17:50,477 [IPC Server handler 7 on default port 45823] ERROR key.OMKeyRenameRequestWithFSO (OMKeyRenameRequestWithFSO.java:validateAndUpdateCache(234)) - Rename key failed for volume:volume24416 bucket:bucket99954 fromKey:root_dir/dir1/dir2 toKey:root_dir/b/c. Key: root_dir/dir1/dir2 not found.
2022-07-27 23:17:50,477 [Time-limited test] ERROR ozone.BasicRootedOzoneFileSystem (BasicRootedOzoneFileSystem.java:renameFSO(403)) - rename key failed: Failed to rename root_dir/dir1/dir2 to root_dir/b/c, root_dir/b doesn't exist. source:volume24416/bucket99954/root_dir/dir1/dir2, destin:volume24416/bucket99954/root_dir/b/c
23:17:50.481 [IPC Server handler 3 on default port 45823] ERROR OMAudit - user=runner | ip=127.0.0.1 | op=RENAME_KEY {volume=volume24416, bucket=bucket99954, dataSize=0, replicationType=NONE, replicationFactor=ZERO, srcKey=root_dir/dir1/dir2, dstKey=root_dir/file1/c} | ret=FAILURE
org.apache.hadoop.ozone.om.exceptions.OMException: Failed to rename root_dir/dir1/dir2 to root_dir/file1/c, root_dir/file1 is a file
	at org.apache.hadoop.ozone.om.request.file.OMFileRequest.getToKeyNameParentId(OMFileRequest.java:842) ~[ozone-manager-1.3.0-SNAPSHOT.jar:?]
	at org.apache.hadoop.ozone.om.request.key.OMKeyRenameRequestWithFSO.validateAndUpdateCache(OMKeyRenameRequestWithFSO.java:200) ~[ozone-manager-1.3.0-SNAPSHOT.jar:?]
	at org.apache.hadoop.ozone.protocolPB.OzoneManagerRequestHandler.handleWriteRequest(OzoneManagerRequestHandler.java:300) ~[ozone-manager-1.3.0-SNAPSHOT.jar:?]
	at org.apache.hadoop.ozone.protocolPB.OzoneManagerProtocolServerSideTranslatorPB.submitRequestDirectlyToOM(OzoneManagerProtocolServerSideTranslatorPB.java:282) ~[ozone-manager-1.3.0-SNAPSHOT.jar:?]
	at org.apache.hadoop.ozone.protocolPB.OzoneManagerProtocolServerSideTranslatorPB.processRequest(OzoneManagerProtocolServerSideTranslatorPB.java:205) ~[ozone-manager-1.3.0-SNAPSHOT.jar:?]
	at org.apache.hadoop.hdds.server.OzoneProtocolMessageDispatcher.processRequest(OzoneProtocolMessageDispatcher.java:87) [hdds-server-framework-1.3.0-SNAPSHOT.jar:?]
	at org.apache.hadoop.ozone.protocolPB.OzoneManagerProtocolServerSideTranslatorPB.submitRequest(OzoneManagerProtocolServerSideTranslatorPB.java:147) [ozone-manager-1.3.0-SNAPSHOT.jar:?]
	at org.apache.hadoop.ozone.protocol.proto.OzoneManagerProtocolProtos$OzoneManagerService$2.callBlockingMethod(OzoneManagerProtocolProtos.java) [ozone-interface-client-1.3.0-SNAPSHOT.jar:?]
	at org.apache.hadoop.ipc.ProtobufRpcEngine$Server.processCall(ProtobufRpcEngine.java:466) [hadoop-common-3.3.1.jar:?]
	at org.apache.hadoop.ipc.ProtobufRpcEngine2$Server$ProtoBufRpcInvoker.call(ProtobufRpcEngine2.java:574) [hadoop-common-3.3.1.jar:?]
	at org.apache.hadoop.ipc.ProtobufRpcEngine2$Server$ProtoBufRpcInvoker.call(ProtobufRpcEngine2.java:552) [hadoop-common-3.3.1.jar:?]
	at org.apache.hadoop.ipc.RPC$Server.call(RPC.java:1093) [hadoop-common-3.3.1.jar:?]
	at org.apache.hadoop.ipc.Server$RpcCall.run(Server.java:1035) [hadoop-common-3.3.1.jar:?]
	at org.apache.hadoop.ipc.Server$RpcCall.run(Server.java:963) [hadoop-common-3.3.1.jar:?]
	at java.security.AccessController.doPrivileged(Native Method) ~[?:1.8.0_332]
	at javax.security.auth.Subject.doAs(Subject.java:422) [?:1.8.0_332]
	at org.apache.hadoop.security.UserGroupInformation.doAs(UserGroupInformation.java:1878) [hadoop-common-3.3.1.jar:?]
	at org.apache.hadoop.ipc.Server$Handler.run(Server.java:2966) [hadoop-common-3.3.1.jar:?]
2022-07-27 23:17:50,481 [IPC Server handler 3 on default port 45823] ERROR key.OMKeyRenameRequestWithFSO (OMKeyRenameRequestWithFSO.java:validateAndUpdateCache(234)) - Rename key failed for volume:volume24416 bucket:bucket99954 fromKey:root_dir/dir1/dir2 toKey:root_dir/file1/c. Key: root_dir/dir1/dir2 not found.
2022-07-27 23:17:50,481 [Time-limited test] ERROR ozone.BasicRootedOzoneFileSystem (BasicRootedOzoneFileSystem.java:renameFSO(403)) - rename key failed: Failed to rename root_dir/dir1/dir2 to root_dir/file1/c, root_dir/file1 is a file. source:volume24416/bucket99954/root_dir/dir1/dir2, destin:volume24416/bucket99954/root_dir/file1/c
2022-07-27 23:17:50,504 [UnderReplicatedQueueThreadThread] INFO  replication.UnderReplicatedProcessor (UnderReplicatedProcessor.java:processAll(85)) - Processed 0 under replicated containers, failed processing 0
]]></system-out>
  </testcase>
  <testcase name="testCreateWithInvalidPaths" classname="TestRootedOzoneFileSystemWithFSO" time="0">
    <skipped message="HDDS-2939"/>
  </testcase>
  <testcase name="testCreateWithInvalidPaths" classname="TestRootedOzoneFileSystemWithFSO" time="0">
    <skipped message="HDDS-2939"/>
  </testcase>
  <testcase name="testListStatusFSO" classname="TestRootedOzoneFileSystemWithFSO" time="8.581">
    <system-out><![CDATA[2022-07-27 23:16:44,462 [Time-limited test] INFO  rpc.RpcClient (RpcClient.java:createVolume(467)) - Creating Volume: volume31322, with user75965 as owner and space quota set to -1 bytes, counts quota set to -1
2022-07-27 23:16:44,466 [OM StateMachine ApplyTransaction Thread - 0] INFO  volume.OMVolumeCreateRequest (OMVolumeCreateRequest.java:validateAndUpdateCache(195)) - created volume:volume31322 for user:user75965
2022-07-27 23:16:44,468 [Time-limited test] INFO  rpc.RpcClient (RpcClient.java:createBucket(670)) - Creating Bucket: volume31322/bucket29929, with bucket layout FILE_SYSTEM_OPTIMIZED, runner as owner, Versioning false, Storage Type set to DISK and Encryption set to false 
2022-07-27 23:16:44,472 [OM StateMachine ApplyTransaction Thread - 0] INFO  bucket.OMBucketCreateRequest (OMBucketCreateRequest.java:validateAndUpdateCache(260)) - created bucket: bucket29929 of layout FILE_SYSTEM_OPTIMIZED in volume: volume31322
2022-07-27 23:16:47,873 [d4d12f57-f56f-4c9c-ab62-903c4e3b8a60@group-14427373BA86-FollowerState] INFO  impl.FollowerState (FollowerState.java:run(143)) - d4d12f57-f56f-4c9c-ab62-903c4e3b8a60@group-14427373BA86-FollowerState: change to CANDIDATE, lastRpcElapsedTime:5074840087ns, electionTimeout:5074ms
2022-07-27 23:16:47,873 [d4d12f57-f56f-4c9c-ab62-903c4e3b8a60@group-14427373BA86-FollowerState] INFO  impl.RoleInfo (RoleInfo.java:shutdownFollowerState(110)) - d4d12f57-f56f-4c9c-ab62-903c4e3b8a60: shutdown d4d12f57-f56f-4c9c-ab62-903c4e3b8a60@group-14427373BA86-FollowerState
2022-07-27 23:16:47,874 [d4d12f57-f56f-4c9c-ab62-903c4e3b8a60@group-14427373BA86-FollowerState] INFO  server.RaftServer$Division (RaftServerImpl.java:setRole(299)) - d4d12f57-f56f-4c9c-ab62-903c4e3b8a60@group-14427373BA86: changes role from  FOLLOWER to CANDIDATE at term 2 for changeToCandidate
2022-07-27 23:16:47,874 [d4d12f57-f56f-4c9c-ab62-903c4e3b8a60@group-14427373BA86-FollowerState] INFO  server.RaftServerConfigKeys (ConfUtils.java:logGet(46)) - raft.server.leaderelection.pre-vote = false (custom)
2022-07-27 23:16:47,874 [d4d12f57-f56f-4c9c-ab62-903c4e3b8a60@group-14427373BA86-FollowerState] INFO  impl.RoleInfo (RoleInfo.java:updateAndGet(139)) - d4d12f57-f56f-4c9c-ab62-903c4e3b8a60: start d4d12f57-f56f-4c9c-ab62-903c4e3b8a60@group-14427373BA86-LeaderElection11
2022-07-27 23:16:47,896 [d4d12f57-f56f-4c9c-ab62-903c4e3b8a60@group-14427373BA86-LeaderElection11] INFO  impl.LeaderElection (LeaderElection.java:askForVotes(310)) - d4d12f57-f56f-4c9c-ab62-903c4e3b8a60@group-14427373BA86-LeaderElection11 ELECTION round 0: submit vote requests at term 3 for -1: [2699f4c4-fa0c-4eec-a794-d1f1be832e07|rpc:10.1.0.23:42117|priority:0, d4d12f57-f56f-4c9c-ab62-903c4e3b8a60|rpc:10.1.0.23:42455|priority:0, 4b6bcd3b-d6b3-4446-abce-c99d7a2dec67|rpc:10.1.0.23:34935|priority:1], old=null
2022-07-27 23:16:47,923 [grpc-default-executor-0] INFO  server.RaftServer$Division (RaftServerImpl.java:requestVote(1152)) - 2699f4c4-fa0c-4eec-a794-d1f1be832e07@group-14427373BA86: receive requestVote(ELECTION, d4d12f57-f56f-4c9c-ab62-903c4e3b8a60, group-14427373BA86, 3, (t:0, i:0))
2022-07-27 23:16:47,923 [grpc-default-executor-0] INFO  impl.VoteContext (VoteContext.java:log(48)) - 2699f4c4-fa0c-4eec-a794-d1f1be832e07@group-14427373BA86-FOLLOWER: accept ELECTION from d4d12f57-f56f-4c9c-ab62-903c4e3b8a60: our priority 0 <= candidate's priority 0
2022-07-27 23:16:47,923 [grpc-default-executor-0] INFO  server.RaftServer$Division (RaftServerImpl.java:setRole(299)) - 2699f4c4-fa0c-4eec-a794-d1f1be832e07@group-14427373BA86: changes role from  FOLLOWER to FOLLOWER at term 3 for candidate:d4d12f57-f56f-4c9c-ab62-903c4e3b8a60
2022-07-27 23:16:47,923 [grpc-default-executor-0] INFO  impl.RoleInfo (RoleInfo.java:shutdownFollowerState(110)) - 2699f4c4-fa0c-4eec-a794-d1f1be832e07: shutdown 2699f4c4-fa0c-4eec-a794-d1f1be832e07@group-14427373BA86-FollowerState
2022-07-27 23:16:47,923 [grpc-default-executor-0] INFO  impl.RoleInfo (RoleInfo.java:updateAndGet(139)) - 2699f4c4-fa0c-4eec-a794-d1f1be832e07: start 2699f4c4-fa0c-4eec-a794-d1f1be832e07@group-14427373BA86-FollowerState
2022-07-27 23:16:47,923 [2699f4c4-fa0c-4eec-a794-d1f1be832e07@group-14427373BA86-FollowerState] INFO  impl.FollowerState (FollowerState.java:run(152)) - 2699f4c4-fa0c-4eec-a794-d1f1be832e07@group-14427373BA86-FollowerState was interrupted
2022-07-27 23:16:47,937 [grpc-default-executor-0] INFO  server.RaftServer$Division (RaftServerImpl.java:requestVote(1184)) - 2699f4c4-fa0c-4eec-a794-d1f1be832e07@group-14427373BA86 replies to ELECTION vote request: d4d12f57-f56f-4c9c-ab62-903c4e3b8a60<-2699f4c4-fa0c-4eec-a794-d1f1be832e07#0:OK-t3. Peer's state: 2699f4c4-fa0c-4eec-a794-d1f1be832e07@group-14427373BA86:t3, leader=null, voted=d4d12f57-f56f-4c9c-ab62-903c4e3b8a60, raftlog=2699f4c4-fa0c-4eec-a794-d1f1be832e07@group-14427373BA86-SegmentedRaftLog:OPENED:c-1, conf=-1: [2699f4c4-fa0c-4eec-a794-d1f1be832e07|rpc:10.1.0.23:42117|priority:0, d4d12f57-f56f-4c9c-ab62-903c4e3b8a60|rpc:10.1.0.23:42455|priority:0, 4b6bcd3b-d6b3-4446-abce-c99d7a2dec67|rpc:10.1.0.23:34935|priority:1], old=null
2022-07-27 23:16:47,940 [grpc-default-executor-2] INFO  server.RaftServer$Division (RaftServerImpl.java:requestVote(1152)) - 4b6bcd3b-d6b3-4446-abce-c99d7a2dec67@group-14427373BA86: receive requestVote(ELECTION, d4d12f57-f56f-4c9c-ab62-903c4e3b8a60, group-14427373BA86, 3, (t:0, i:0))
2022-07-27 23:16:47,940 [grpc-default-executor-2] INFO  impl.VoteContext (VoteContext.java:log(48)) - 4b6bcd3b-d6b3-4446-abce-c99d7a2dec67@group-14427373BA86-FOLLOWER: reject ELECTION from d4d12f57-f56f-4c9c-ab62-903c4e3b8a60: our priority 1 > candidate's priority 0
2022-07-27 23:16:47,940 [grpc-default-executor-2] INFO  server.RaftServer$Division (RaftServerImpl.java:setRole(299)) - 4b6bcd3b-d6b3-4446-abce-c99d7a2dec67@group-14427373BA86: changes role from  FOLLOWER to FOLLOWER at term 3 for candidate:d4d12f57-f56f-4c9c-ab62-903c4e3b8a60
2022-07-27 23:16:47,940 [grpc-default-executor-2] INFO  impl.RoleInfo (RoleInfo.java:shutdownFollowerState(110)) - 4b6bcd3b-d6b3-4446-abce-c99d7a2dec67: shutdown 4b6bcd3b-d6b3-4446-abce-c99d7a2dec67@group-14427373BA86-FollowerState
2022-07-27 23:16:47,940 [grpc-default-executor-2] INFO  impl.RoleInfo (RoleInfo.java:updateAndGet(139)) - 4b6bcd3b-d6b3-4446-abce-c99d7a2dec67: start 4b6bcd3b-d6b3-4446-abce-c99d7a2dec67@group-14427373BA86-FollowerState
2022-07-27 23:16:47,940 [4b6bcd3b-d6b3-4446-abce-c99d7a2dec67@group-14427373BA86-FollowerState] INFO  impl.FollowerState (FollowerState.java:run(152)) - 4b6bcd3b-d6b3-4446-abce-c99d7a2dec67@group-14427373BA86-FollowerState was interrupted
2022-07-27 23:16:47,946 [grpc-default-executor-2] INFO  server.RaftServer$Division (RaftServerImpl.java:requestVote(1184)) - 4b6bcd3b-d6b3-4446-abce-c99d7a2dec67@group-14427373BA86 replies to ELECTION vote request: d4d12f57-f56f-4c9c-ab62-903c4e3b8a60<-4b6bcd3b-d6b3-4446-abce-c99d7a2dec67#0:FAIL-t3. Peer's state: 4b6bcd3b-d6b3-4446-abce-c99d7a2dec67@group-14427373BA86:t3, leader=null, voted=null, raftlog=4b6bcd3b-d6b3-4446-abce-c99d7a2dec67@group-14427373BA86-SegmentedRaftLog:OPENED:c-1, conf=-1: [2699f4c4-fa0c-4eec-a794-d1f1be832e07|rpc:10.1.0.23:42117|priority:0, d4d12f57-f56f-4c9c-ab62-903c4e3b8a60|rpc:10.1.0.23:42455|priority:0, 4b6bcd3b-d6b3-4446-abce-c99d7a2dec67|rpc:10.1.0.23:34935|priority:1], old=null
2022-07-27 23:16:47,948 [d4d12f57-f56f-4c9c-ab62-903c4e3b8a60@group-14427373BA86-LeaderElection11] INFO  impl.LeaderElection (LeaderElection.java:logAndReturn(90)) - d4d12f57-f56f-4c9c-ab62-903c4e3b8a60@group-14427373BA86-LeaderElection11: ELECTION REJECTED received 2 response(s) and 0 exception(s):
2022-07-27 23:16:47,948 [d4d12f57-f56f-4c9c-ab62-903c4e3b8a60@group-14427373BA86-LeaderElection11] INFO  impl.LeaderElection (LeaderElection.java:logAndReturn(94)) -   Response 0: d4d12f57-f56f-4c9c-ab62-903c4e3b8a60<-2699f4c4-fa0c-4eec-a794-d1f1be832e07#0:OK-t3
2022-07-27 23:16:47,948 [d4d12f57-f56f-4c9c-ab62-903c4e3b8a60@group-14427373BA86-LeaderElection11] INFO  impl.LeaderElection (LeaderElection.java:logAndReturn(94)) -   Response 1: d4d12f57-f56f-4c9c-ab62-903c4e3b8a60<-4b6bcd3b-d6b3-4446-abce-c99d7a2dec67#0:FAIL-t3
2022-07-27 23:16:47,948 [d4d12f57-f56f-4c9c-ab62-903c4e3b8a60@group-14427373BA86-LeaderElection11] INFO  impl.LeaderElection (LeaderElection.java:askForVotes(312)) - d4d12f57-f56f-4c9c-ab62-903c4e3b8a60@group-14427373BA86-LeaderElection11 ELECTION round 0: result REJECTED
2022-07-27 23:16:47,948 [d4d12f57-f56f-4c9c-ab62-903c4e3b8a60@group-14427373BA86-LeaderElection11] INFO  server.RaftServer$Division (RaftServerImpl.java:setRole(299)) - d4d12f57-f56f-4c9c-ab62-903c4e3b8a60@group-14427373BA86: changes role from CANDIDATE to FOLLOWER at term 3 for REJECTED
2022-07-27 23:16:47,948 [d4d12f57-f56f-4c9c-ab62-903c4e3b8a60@group-14427373BA86-LeaderElection11] INFO  impl.RoleInfo (RoleInfo.java:shutdownLeaderElection(130)) - d4d12f57-f56f-4c9c-ab62-903c4e3b8a60: shutdown d4d12f57-f56f-4c9c-ab62-903c4e3b8a60@group-14427373BA86-LeaderElection11
2022-07-27 23:16:47,948 [d4d12f57-f56f-4c9c-ab62-903c4e3b8a60@group-14427373BA86-LeaderElection11] INFO  impl.RoleInfo (RoleInfo.java:updateAndGet(139)) - d4d12f57-f56f-4c9c-ab62-903c4e3b8a60: start d4d12f57-f56f-4c9c-ab62-903c4e3b8a60@group-14427373BA86-FollowerState
2022-07-27 23:16:50,503 [UnderReplicatedQueueThreadThread] INFO  replication.UnderReplicatedProcessor (UnderReplicatedProcessor.java:processAll(85)) - Processed 0 under replicated containers, failed processing 0
2022-07-27 23:16:50,510 [OverReplicatedQueueThreadThread] INFO  replication.OverReplicatedProcessor (OverReplicatedProcessor.java:processAll(83)) - Processed 0 over replicated containers, failed processing 0
2022-07-27 23:16:51,629 [IPC Server handler 14 on default port 39031] INFO  ha.SequenceIdGenerator (SequenceIdGenerator.java:getNextId(128)) - Allocate a batch for localId, change lastId from 109611004723201000 to 109611004723202000.
2022-07-27 23:16:52,984 [4b6bcd3b-d6b3-4446-abce-c99d7a2dec67@group-14427373BA86-FollowerState] INFO  impl.FollowerState (FollowerState.java:run(143)) - 4b6bcd3b-d6b3-4446-abce-c99d7a2dec67@group-14427373BA86-FollowerState: change to CANDIDATE, lastRpcElapsedTime:5043589189ns, electionTimeout:5037ms
2022-07-27 23:16:52,984 [4b6bcd3b-d6b3-4446-abce-c99d7a2dec67@group-14427373BA86-FollowerState] INFO  impl.RoleInfo (RoleInfo.java:shutdownFollowerState(110)) - 4b6bcd3b-d6b3-4446-abce-c99d7a2dec67: shutdown 4b6bcd3b-d6b3-4446-abce-c99d7a2dec67@group-14427373BA86-FollowerState
2022-07-27 23:16:52,984 [4b6bcd3b-d6b3-4446-abce-c99d7a2dec67@group-14427373BA86-FollowerState] INFO  server.RaftServer$Division (RaftServerImpl.java:setRole(299)) - 4b6bcd3b-d6b3-4446-abce-c99d7a2dec67@group-14427373BA86: changes role from  FOLLOWER to CANDIDATE at term 3 for changeToCandidate
2022-07-27 23:16:52,984 [4b6bcd3b-d6b3-4446-abce-c99d7a2dec67@group-14427373BA86-FollowerState] INFO  server.RaftServerConfigKeys (ConfUtils.java:logGet(46)) - raft.server.leaderelection.pre-vote = false (custom)
2022-07-27 23:16:52,984 [4b6bcd3b-d6b3-4446-abce-c99d7a2dec67@group-14427373BA86-FollowerState] INFO  impl.RoleInfo (RoleInfo.java:updateAndGet(139)) - 4b6bcd3b-d6b3-4446-abce-c99d7a2dec67: start 4b6bcd3b-d6b3-4446-abce-c99d7a2dec67@group-14427373BA86-LeaderElection12
2022-07-27 23:16:53,005 [4b6bcd3b-d6b3-4446-abce-c99d7a2dec67@group-14427373BA86-LeaderElection12] INFO  impl.LeaderElection (LeaderElection.java:askForVotes(310)) - 4b6bcd3b-d6b3-4446-abce-c99d7a2dec67@group-14427373BA86-LeaderElection12 ELECTION round 0: submit vote requests at term 4 for -1: [2699f4c4-fa0c-4eec-a794-d1f1be832e07|rpc:10.1.0.23:42117|priority:0, d4d12f57-f56f-4c9c-ab62-903c4e3b8a60|rpc:10.1.0.23:42455|priority:0, 4b6bcd3b-d6b3-4446-abce-c99d7a2dec67|rpc:10.1.0.23:34935|priority:1], old=null
2022-07-27 23:16:53,013 [d4d12f57-f56f-4c9c-ab62-903c4e3b8a60@group-14427373BA86-FollowerState] INFO  impl.FollowerState (FollowerState.java:run(143)) - d4d12f57-f56f-4c9c-ab62-903c4e3b8a60@group-14427373BA86-FollowerState: change to CANDIDATE, lastRpcElapsedTime:5064616235ns, electionTimeout:5059ms
2022-07-27 23:16:53,013 [d4d12f57-f56f-4c9c-ab62-903c4e3b8a60@group-14427373BA86-FollowerState] INFO  impl.RoleInfo (RoleInfo.java:shutdownFollowerState(110)) - d4d12f57-f56f-4c9c-ab62-903c4e3b8a60: shutdown d4d12f57-f56f-4c9c-ab62-903c4e3b8a60@group-14427373BA86-FollowerState
2022-07-27 23:16:53,013 [d4d12f57-f56f-4c9c-ab62-903c4e3b8a60@group-14427373BA86-FollowerState] INFO  server.RaftServer$Division (RaftServerImpl.java:setRole(299)) - d4d12f57-f56f-4c9c-ab62-903c4e3b8a60@group-14427373BA86: changes role from  FOLLOWER to CANDIDATE at term 3 for changeToCandidate
]]></system-out>
  </testcase>
  <testcase name="testListStatusFSO" classname="TestRootedOzoneFileSystemWithFSO" time="4.525">
    <system-out><![CDATA[2022-07-27 23:17:50,510 [OverReplicatedQueueThreadThread] INFO  replication.OverReplicatedProcessor (OverReplicatedProcessor.java:processAll(83)) - Processed 0 over replicated containers, failed processing 0
2022-07-27 23:17:50,617 [Time-limited test] INFO  rpc.RpcClient (RpcClient.java:createVolume(467)) - Creating Volume: volume63483, with user37340 as owner and space quota set to -1 bytes, counts quota set to -1
2022-07-27 23:17:50,618 [IPC Server handler 4 on default port 45823] INFO  volume.OMVolumeCreateRequest (OMVolumeCreateRequest.java:validateAndUpdateCache(195)) - created volume:volume63483 for user:user37340
2022-07-27 23:17:50,619 [Time-limited test] INFO  rpc.RpcClient (RpcClient.java:createBucket(670)) - Creating Bucket: volume63483/bucket26465, with bucket layout FILE_SYSTEM_OPTIMIZED, runner as owner, Versioning false, Storage Type set to DISK and Encryption set to false 
2022-07-27 23:17:50,620 [IPC Server handler 19 on default port 45823] INFO  bucket.OMBucketCreateRequest (OMBucketCreateRequest.java:validateAndUpdateCache(260)) - created bucket: bucket26465 of layout FILE_SYSTEM_OPTIMIZED in volume: volume63483
2022-07-27 23:17:50,785 [16ceedc4-931d-4fd2-b8d8-69fb0f01a3b0@group-F1A90CB18297-FollowerState] INFO  impl.FollowerState (FollowerState.java:run(143)) - 16ceedc4-931d-4fd2-b8d8-69fb0f01a3b0@group-F1A90CB18297-FollowerState: change to CANDIDATE, lastRpcElapsedTime:5066636882ns, electionTimeout:5062ms
2022-07-27 23:17:50,785 [16ceedc4-931d-4fd2-b8d8-69fb0f01a3b0@group-F1A90CB18297-FollowerState] INFO  impl.RoleInfo (RoleInfo.java:shutdownFollowerState(110)) - 16ceedc4-931d-4fd2-b8d8-69fb0f01a3b0: shutdown 16ceedc4-931d-4fd2-b8d8-69fb0f01a3b0@group-F1A90CB18297-FollowerState
2022-07-27 23:17:50,785 [16ceedc4-931d-4fd2-b8d8-69fb0f01a3b0@group-F1A90CB18297-FollowerState] INFO  server.RaftServer$Division (RaftServerImpl.java:setRole(299)) - 16ceedc4-931d-4fd2-b8d8-69fb0f01a3b0@group-F1A90CB18297: changes role from  FOLLOWER to CANDIDATE at term 0 for changeToCandidate
2022-07-27 23:17:50,785 [16ceedc4-931d-4fd2-b8d8-69fb0f01a3b0@group-F1A90CB18297-FollowerState] INFO  server.RaftServerConfigKeys (ConfUtils.java:logGet(46)) - raft.server.leaderelection.pre-vote = false (custom)
2022-07-27 23:17:50,785 [16ceedc4-931d-4fd2-b8d8-69fb0f01a3b0@group-F1A90CB18297-FollowerState] INFO  impl.RoleInfo (RoleInfo.java:updateAndGet(139)) - 16ceedc4-931d-4fd2-b8d8-69fb0f01a3b0: start 16ceedc4-931d-4fd2-b8d8-69fb0f01a3b0@group-F1A90CB18297-LeaderElection23
2022-07-27 23:17:50,828 [16ceedc4-931d-4fd2-b8d8-69fb0f01a3b0@group-F1A90CB18297-LeaderElection23] INFO  impl.LeaderElection (LeaderElection.java:askForVotes(310)) - 16ceedc4-931d-4fd2-b8d8-69fb0f01a3b0@group-F1A90CB18297-LeaderElection23 ELECTION round 0: submit vote requests at term 1 for -1: [16ceedc4-931d-4fd2-b8d8-69fb0f01a3b0|rpc:10.1.0.23:39521|priority:1], old=null
2022-07-27 23:17:50,828 [16ceedc4-931d-4fd2-b8d8-69fb0f01a3b0@group-F1A90CB18297-LeaderElection23] INFO  impl.LeaderElection (LeaderElection.java:askForVotes(312)) - 16ceedc4-931d-4fd2-b8d8-69fb0f01a3b0@group-F1A90CB18297-LeaderElection23 ELECTION round 0: result PASSED (term=1)
2022-07-27 23:17:50,828 [16ceedc4-931d-4fd2-b8d8-69fb0f01a3b0@group-F1A90CB18297-LeaderElection23] INFO  impl.RoleInfo (RoleInfo.java:shutdownLeaderElection(130)) - 16ceedc4-931d-4fd2-b8d8-69fb0f01a3b0: shutdown 16ceedc4-931d-4fd2-b8d8-69fb0f01a3b0@group-F1A90CB18297-LeaderElection23
2022-07-27 23:17:50,829 [16ceedc4-931d-4fd2-b8d8-69fb0f01a3b0@group-F1A90CB18297-LeaderElection23] INFO  server.RaftServer$Division (RaftServerImpl.java:setRole(299)) - 16ceedc4-931d-4fd2-b8d8-69fb0f01a3b0@group-F1A90CB18297: changes role from CANDIDATE to LEADER at term 1 for changeToLeader
2022-07-27 23:17:50,829 [16ceedc4-931d-4fd2-b8d8-69fb0f01a3b0@group-F1A90CB18297-LeaderElection23] INFO  ratis.XceiverServerRatis (XceiverServerRatis.java:handleLeaderChangedNotification(863)) - Leader change notification received for group: group-F1A90CB18297 with new leaderId: 16ceedc4-931d-4fd2-b8d8-69fb0f01a3b0
2022-07-27 23:17:50,829 [16ceedc4-931d-4fd2-b8d8-69fb0f01a3b0@group-F1A90CB18297-LeaderElection23] INFO  server.RaftServer$Division (ServerState.java:setLeader(287)) - 16ceedc4-931d-4fd2-b8d8-69fb0f01a3b0@group-F1A90CB18297: change Leader from null to 16ceedc4-931d-4fd2-b8d8-69fb0f01a3b0 at term 1 for becomeLeader, leader elected after 5115ms
2022-07-27 23:17:50,829 [16ceedc4-931d-4fd2-b8d8-69fb0f01a3b0@group-F1A90CB18297-LeaderElection23] INFO  server.RaftServerConfigKeys (ConfUtils.java:logGet(46)) - raft.server.staging.catchup.gap = 1000 (default)
2022-07-27 23:17:50,829 [16ceedc4-931d-4fd2-b8d8-69fb0f01a3b0@group-F1A90CB18297-LeaderElection23] INFO  server.RaftServerConfigKeys (ConfUtils.java:logGet(46)) - raft.server.write.element-limit = 1024 (custom)
2022-07-27 23:17:50,829 [16ceedc4-931d-4fd2-b8d8-69fb0f01a3b0@group-F1A90CB18297-LeaderElection23] INFO  server.RaftServerConfigKeys (ConfUtils.java:logGet(46)) - raft.server.write.byte-limit = 1024 M (=1073741824) (custom)
2022-07-27 23:17:50,829 [16ceedc4-931d-4fd2-b8d8-69fb0f01a3b0@group-F1A90CB18297-LeaderElection23] INFO  server.RaftServerConfigKeys (ConfUtils.java:logGet(46)) - raft.server.watch.timeout = 180s (custom)
2022-07-27 23:17:50,829 [16ceedc4-931d-4fd2-b8d8-69fb0f01a3b0@group-F1A90CB18297-LeaderElection23] INFO  server.RaftServerConfigKeys (ConfUtils.java:logGet(46)) - raft.server.watch.timeout.denomination = 1s (default)
2022-07-27 23:17:50,829 [16ceedc4-931d-4fd2-b8d8-69fb0f01a3b0@group-F1A90CB18297-LeaderElection23] INFO  server.RaftServerConfigKeys (ConfUtils.java:logGet(46)) - raft.server.watch.element-limit = 65536 (default)
2022-07-27 23:17:50,829 [16ceedc4-931d-4fd2-b8d8-69fb0f01a3b0@group-F1A90CB18297-LeaderElection23] INFO  server.RaftServerConfigKeys (ConfUtils.java:logGet(46)) - raft.server.write.element-limit = 1024 (custom)
2022-07-27 23:17:50,829 [16ceedc4-931d-4fd2-b8d8-69fb0f01a3b0@group-F1A90CB18297-LeaderElection23] INFO  server.RaftServerConfigKeys (ConfUtils.java:logGet(46)) - raft.server.write.follower.gap.ratio.max = -1.0 (default)
2022-07-27 23:17:50,829 [16ceedc4-931d-4fd2-b8d8-69fb0f01a3b0@group-F1A90CB18297-LeaderElection23] INFO  impl.RoleInfo (RoleInfo.java:updateAndGet(139)) - 16ceedc4-931d-4fd2-b8d8-69fb0f01a3b0: start 16ceedc4-931d-4fd2-b8d8-69fb0f01a3b0@group-F1A90CB18297-LeaderStateImpl
2022-07-27 23:17:50,830 [16ceedc4-931d-4fd2-b8d8-69fb0f01a3b0@group-F1A90CB18297-LeaderElection23] INFO  segmented.SegmentedRaftLogWorker (SegmentedRaftLogWorker.java:startLogSegment(425)) - 16ceedc4-931d-4fd2-b8d8-69fb0f01a3b0@group-F1A90CB18297-SegmentedRaftLogWorker: Starting segment from index:0
2022-07-27 23:17:50,832 [16ceedc4-931d-4fd2-b8d8-69fb0f01a3b0@group-F1A90CB18297-SegmentedRaftLogWorker] INFO  segmented.SegmentedRaftLogWorker (SegmentedRaftLogWorker.java:execute(629)) - 16ceedc4-931d-4fd2-b8d8-69fb0f01a3b0@group-F1A90CB18297-SegmentedRaftLogWorker: created new log segment /home/runner/work/ozone/ozone/hadoop-ozone/integration-test/target/test-dir/MiniOzoneClusterImpl-b291e8c9-c3a0-4e1a-9e8e-aed05fc6be83/datanode-4/data/ratis/7b1ac99e-2aa1-4888-8f31-f1a90cb18297/current/log_inprogress_0
2022-07-27 23:17:50,837 [16ceedc4-931d-4fd2-b8d8-69fb0f01a3b0@group-F1A90CB18297-LeaderElection23] INFO  server.RaftServer$Division (ServerState.java:setRaftConf(393)) - 16ceedc4-931d-4fd2-b8d8-69fb0f01a3b0@group-F1A90CB18297: set configuration 0: [16ceedc4-931d-4fd2-b8d8-69fb0f01a3b0|rpc:10.1.0.23:39521|dataStream:|priority:1], old=null
2022-07-27 23:17:53,420 [f22def52-3ff3-45a1-9b56-9fd420a51670@group-57FC34379998-FollowerState] INFO  impl.FollowerState (FollowerState.java:run(143)) - f22def52-3ff3-45a1-9b56-9fd420a51670@group-57FC34379998-FollowerState: change to CANDIDATE, lastRpcElapsedTime:5043899449ns, electionTimeout:5038ms
2022-07-27 23:17:53,420 [f22def52-3ff3-45a1-9b56-9fd420a51670@group-57FC34379998-FollowerState] INFO  impl.RoleInfo (RoleInfo.java:shutdownFollowerState(110)) - f22def52-3ff3-45a1-9b56-9fd420a51670: shutdown f22def52-3ff3-45a1-9b56-9fd420a51670@group-57FC34379998-FollowerState
2022-07-27 23:17:53,420 [f22def52-3ff3-45a1-9b56-9fd420a51670@group-57FC34379998-FollowerState] INFO  server.RaftServer$Division (RaftServerImpl.java:setRole(299)) - f22def52-3ff3-45a1-9b56-9fd420a51670@group-57FC34379998: changes role from  FOLLOWER to CANDIDATE at term 1 for changeToCandidate
2022-07-27 23:17:53,420 [f22def52-3ff3-45a1-9b56-9fd420a51670@group-57FC34379998-FollowerState] INFO  server.RaftServerConfigKeys (ConfUtils.java:logGet(46)) - raft.server.leaderelection.pre-vote = false (custom)
2022-07-27 23:17:53,420 [f22def52-3ff3-45a1-9b56-9fd420a51670@group-57FC34379998-FollowerState] INFO  impl.RoleInfo (RoleInfo.java:updateAndGet(139)) - f22def52-3ff3-45a1-9b56-9fd420a51670: start f22def52-3ff3-45a1-9b56-9fd420a51670@group-57FC34379998-LeaderElection24
2022-07-27 23:17:53,424 [2c19a24b-4032-4d82-8983-88a3c220b1d4@group-57FC34379998-FollowerState] INFO  impl.FollowerState (FollowerState.java:run(143)) - 2c19a24b-4032-4d82-8983-88a3c220b1d4@group-57FC34379998-FollowerState: change to CANDIDATE, lastRpcElapsedTime:5107715408ns, electionTimeout:5090ms
2022-07-27 23:17:53,424 [2c19a24b-4032-4d82-8983-88a3c220b1d4@group-57FC34379998-FollowerState] INFO  impl.RoleInfo (RoleInfo.java:shutdownFollowerState(110)) - 2c19a24b-4032-4d82-8983-88a3c220b1d4: shutdown 2c19a24b-4032-4d82-8983-88a3c220b1d4@group-57FC34379998-FollowerState
2022-07-27 23:17:53,424 [2c19a24b-4032-4d82-8983-88a3c220b1d4@group-57FC34379998-FollowerState] INFO  server.RaftServer$Division (RaftServerImpl.java:setRole(299)) - 2c19a24b-4032-4d82-8983-88a3c220b1d4@group-57FC34379998: changes role from  FOLLOWER to CANDIDATE at term 1 for changeToCandidate
2022-07-27 23:17:53,451 [2c19a24b-4032-4d82-8983-88a3c220b1d4@group-57FC34379998-FollowerState] INFO  server.RaftServerConfigKeys (ConfUtils.java:logGet(46)) - raft.server.leaderelection.pre-vote = false (custom)
2022-07-27 23:17:53,451 [2c19a24b-4032-4d82-8983-88a3c220b1d4@group-57FC34379998-FollowerState] INFO  impl.RoleInfo (RoleInfo.java:updateAndGet(139)) - 2c19a24b-4032-4d82-8983-88a3c220b1d4: start 2c19a24b-4032-4d82-8983-88a3c220b1d4@group-57FC34379998-LeaderElection25
2022-07-27 23:17:53,452 [f22def52-3ff3-45a1-9b56-9fd420a51670@group-57FC34379998-LeaderElection24] INFO  impl.LeaderElection (LeaderElection.java:askForVotes(310)) - f22def52-3ff3-45a1-9b56-9fd420a51670@group-57FC34379998-LeaderElection24 ELECTION round 0: submit vote requests at term 2 for -1: [2c19a24b-4032-4d82-8983-88a3c220b1d4|rpc:10.1.0.23:43989|dataStream:|priority:0, f22def52-3ff3-45a1-9b56-9fd420a51670|rpc:10.1.0.23:37919|dataStream:|priority:1, 0e2a075e-53a8-462d-8f4f-c98e11d6e8a9|rpc:10.1.0.23:38473|dataStream:|priority:0], old=null
2022-07-27 23:17:53,456 [2c19a24b-4032-4d82-8983-88a3c220b1d4@group-57FC34379998-LeaderElection25] INFO  impl.LeaderElection (LeaderElection.java:askForVotes(310)) - 2c19a24b-4032-4d82-8983-88a3c220b1d4@group-57FC34379998-LeaderElection25 ELECTION round 0: submit vote requests at term 2 for -1: [2c19a24b-4032-4d82-8983-88a3c220b1d4|rpc:10.1.0.23:43989|priority:0, f22def52-3ff3-45a1-9b56-9fd420a51670|rpc:10.1.0.23:37919|priority:1, 0e2a075e-53a8-462d-8f4f-c98e11d6e8a9|rpc:10.1.0.23:38473|priority:0], old=null
2022-07-27 23:17:53,469 [grpc-default-executor-2] INFO  server.RaftServer$Division (RaftServerImpl.java:requestVote(1152)) - 2c19a24b-4032-4d82-8983-88a3c220b1d4@group-57FC34379998: receive requestVote(ELECTION, f22def52-3ff3-45a1-9b56-9fd420a51670, group-57FC34379998, 2, (t:0, i:0))
2022-07-27 23:17:53,470 [grpc-default-executor-2] INFO  impl.VoteContext (VoteContext.java:log(48)) - 2c19a24b-4032-4d82-8983-88a3c220b1d4@group-57FC34379998-CANDIDATE: reject ELECTION from f22def52-3ff3-45a1-9b56-9fd420a51670: already has voted for 2c19a24b-4032-4d82-8983-88a3c220b1d4 at current term 2
2022-07-27 23:17:53,470 [grpc-default-executor-2] INFO  server.RaftServer$Division (RaftServerImpl.java:requestVote(1184)) - 2c19a24b-4032-4d82-8983-88a3c220b1d4@group-57FC34379998 replies to ELECTION vote request: f22def52-3ff3-45a1-9b56-9fd420a51670<-2c19a24b-4032-4d82-8983-88a3c220b1d4#0:FAIL-t2. Peer's state: 2c19a24b-4032-4d82-8983-88a3c220b1d4@group-57FC34379998:t2, leader=null, voted=2c19a24b-4032-4d82-8983-88a3c220b1d4, raftlog=2c19a24b-4032-4d82-8983-88a3c220b1d4@group-57FC34379998-SegmentedRaftLog:OPENED:c-1, conf=-1: [2c19a24b-4032-4d82-8983-88a3c220b1d4|rpc:10.1.0.23:43989|priority:0, f22def52-3ff3-45a1-9b56-9fd420a51670|rpc:10.1.0.23:37919|priority:1, 0e2a075e-53a8-462d-8f4f-c98e11d6e8a9|rpc:10.1.0.23:38473|priority:0], old=null
2022-07-27 23:17:53,507 [grpc-default-executor-2] INFO  server.RaftServer$Division (RaftServerImpl.java:requestVote(1152)) - f22def52-3ff3-45a1-9b56-9fd420a51670@group-57FC34379998: receive requestVote(ELECTION, 2c19a24b-4032-4d82-8983-88a3c220b1d4, group-57FC34379998, 2, (t:0, i:0))
2022-07-27 23:17:53,507 [grpc-default-executor-2] INFO  impl.VoteContext (VoteContext.java:log(48)) - f22def52-3ff3-45a1-9b56-9fd420a51670@group-57FC34379998-CANDIDATE: reject ELECTION from 2c19a24b-4032-4d82-8983-88a3c220b1d4: already has voted for f22def52-3ff3-45a1-9b56-9fd420a51670 at current term 2
2022-07-27 23:17:53,507 [grpc-default-executor-2] INFO  server.RaftServer$Division (RaftServerImpl.java:requestVote(1184)) - f22def52-3ff3-45a1-9b56-9fd420a51670@group-57FC34379998 replies to ELECTION vote request: 2c19a24b-4032-4d82-8983-88a3c220b1d4<-f22def52-3ff3-45a1-9b56-9fd420a51670#0:FAIL-t2. Peer's state: f22def52-3ff3-45a1-9b56-9fd420a51670@group-57FC34379998:t2, leader=null, voted=f22def52-3ff3-45a1-9b56-9fd420a51670, raftlog=f22def52-3ff3-45a1-9b56-9fd420a51670@group-57FC34379998-SegmentedRaftLog:OPENED:c-1, conf=-1: [2c19a24b-4032-4d82-8983-88a3c220b1d4|rpc:10.1.0.23:43989|dataStream:|priority:0, f22def52-3ff3-45a1-9b56-9fd420a51670|rpc:10.1.0.23:37919|dataStream:|priority:1, 0e2a075e-53a8-462d-8f4f-c98e11d6e8a9|rpc:10.1.0.23:38473|dataStream:|priority:0], old=null
2022-07-27 23:17:53,510 [2c19a24b-4032-4d82-8983-88a3c220b1d4@group-57FC34379998-LeaderElection25] INFO  impl.LeaderElection (LeaderElection.java:logAndReturn(90)) - 2c19a24b-4032-4d82-8983-88a3c220b1d4@group-57FC34379998-LeaderElection25: ELECTION REJECTED received 1 response(s) and 0 exception(s):
2022-07-27 23:17:53,510 [2c19a24b-4032-4d82-8983-88a3c220b1d4@group-57FC34379998-LeaderElection25] INFO  impl.LeaderElection (LeaderElection.java:logAndReturn(94)) -   Response 0: 2c19a24b-4032-4d82-8983-88a3c220b1d4<-f22def52-3ff3-45a1-9b56-9fd420a51670#0:FAIL-t2
2022-07-27 23:17:53,510 [2c19a24b-4032-4d82-8983-88a3c220b1d4@group-57FC34379998-LeaderElection25] INFO  impl.LeaderElection (LeaderElection.java:askForVotes(312)) - 2c19a24b-4032-4d82-8983-88a3c220b1d4@group-57FC34379998-LeaderElection25 ELECTION round 0: result REJECTED
2022-07-27 23:17:53,510 [2c19a24b-4032-4d82-8983-88a3c220b1d4@group-57FC34379998-LeaderElection25] INFO  server.RaftServer$Division (RaftServerImpl.java:setRole(299)) - 2c19a24b-4032-4d82-8983-88a3c220b1d4@group-57FC34379998: changes role from CANDIDATE to FOLLOWER at term 2 for REJECTED
2022-07-27 23:17:53,510 [2c19a24b-4032-4d82-8983-88a3c220b1d4@group-57FC34379998-LeaderElection25] INFO  impl.RoleInfo (RoleInfo.java:shutdownLeaderElection(130)) - 2c19a24b-4032-4d82-8983-88a3c220b1d4: shutdown 2c19a24b-4032-4d82-8983-88a3c220b1d4@group-57FC34379998-LeaderElection25
2022-07-27 23:17:53,510 [2c19a24b-4032-4d82-8983-88a3c220b1d4@group-57FC34379998-LeaderElection25] INFO  impl.RoleInfo (RoleInfo.java:updateAndGet(139)) - 2c19a24b-4032-4d82-8983-88a3c220b1d4: start 2c19a24b-4032-4d82-8983-88a3c220b1d4@group-57FC34379998-FollowerState
2022-07-27 23:17:53,518 [grpc-default-executor-1] INFO  server.RaftServer$Division (RaftServerImpl.java:requestVote(1152)) - 0e2a075e-53a8-462d-8f4f-c98e11d6e8a9@group-57FC34379998: receive requestVote(ELECTION, f22def52-3ff3-45a1-9b56-9fd420a51670, group-57FC34379998, 2, (t:0, i:0))
2022-07-27 23:17:53,518 [grpc-default-executor-1] INFO  impl.VoteContext (VoteContext.java:log(48)) - 0e2a075e-53a8-462d-8f4f-c98e11d6e8a9@group-57FC34379998-FOLLOWER: accept ELECTION from f22def52-3ff3-45a1-9b56-9fd420a51670: our priority 0 <= candidate's priority 1
2022-07-27 23:17:53,518 [grpc-default-executor-1] INFO  server.RaftServer$Division (RaftServerImpl.java:setRole(299)) - 0e2a075e-53a8-462d-8f4f-c98e11d6e8a9@group-57FC34379998: changes role from  FOLLOWER to FOLLOWER at term 2 for candidate:f22def52-3ff3-45a1-9b56-9fd420a51670
2022-07-27 23:17:53,518 [grpc-default-executor-1] INFO  impl.RoleInfo (RoleInfo.java:shutdownFollowerState(110)) - 0e2a075e-53a8-462d-8f4f-c98e11d6e8a9: shutdown 0e2a075e-53a8-462d-8f4f-c98e11d6e8a9@group-57FC34379998-FollowerState
2022-07-27 23:17:53,518 [grpc-default-executor-1] INFO  impl.RoleInfo (RoleInfo.java:updateAndGet(139)) - 0e2a075e-53a8-462d-8f4f-c98e11d6e8a9: start 0e2a075e-53a8-462d-8f4f-c98e11d6e8a9@group-57FC34379998-FollowerState
2022-07-27 23:17:53,519 [0e2a075e-53a8-462d-8f4f-c98e11d6e8a9@group-57FC34379998-FollowerState] INFO  impl.FollowerState (FollowerState.java:run(152)) - 0e2a075e-53a8-462d-8f4f-c98e11d6e8a9@group-57FC34379998-FollowerState was interrupted
2022-07-27 23:17:53,520 [grpc-default-executor-1] INFO  server.RaftServer$Division (RaftServerImpl.java:requestVote(1184)) - 0e2a075e-53a8-462d-8f4f-c98e11d6e8a9@group-57FC34379998 replies to ELECTION vote request: f22def52-3ff3-45a1-9b56-9fd420a51670<-0e2a075e-53a8-462d-8f4f-c98e11d6e8a9#0:OK-t2. Peer's state: 0e2a075e-53a8-462d-8f4f-c98e11d6e8a9@group-57FC34379998:t2, leader=null, voted=f22def52-3ff3-45a1-9b56-9fd420a51670, raftlog=0e2a075e-53a8-462d-8f4f-c98e11d6e8a9@group-57FC34379998-SegmentedRaftLog:OPENED:c-1, conf=-1: [2c19a24b-4032-4d82-8983-88a3c220b1d4|rpc:10.1.0.23:43989|dataStream:|priority:0, f22def52-3ff3-45a1-9b56-9fd420a51670|rpc:10.1.0.23:37919|dataStream:|priority:1, 0e2a075e-53a8-462d-8f4f-c98e11d6e8a9|rpc:10.1.0.23:38473|dataStream:|priority:0], old=null
2022-07-27 23:17:53,521 [f22def52-3ff3-45a1-9b56-9fd420a51670@group-57FC34379998-LeaderElection24] INFO  impl.LeaderElection (LeaderElection.java:logAndReturn(90)) - f22def52-3ff3-45a1-9b56-9fd420a51670@group-57FC34379998-LeaderElection24: ELECTION PASSED received 2 response(s) and 0 exception(s):
2022-07-27 23:17:53,521 [f22def52-3ff3-45a1-9b56-9fd420a51670@group-57FC34379998-LeaderElection24] INFO  impl.LeaderElection (LeaderElection.java:logAndReturn(94)) -   Response 0: f22def52-3ff3-45a1-9b56-9fd420a51670<-2c19a24b-4032-4d82-8983-88a3c220b1d4#0:FAIL-t2
2022-07-27 23:17:53,521 [f22def52-3ff3-45a1-9b56-9fd420a51670@group-57FC34379998-LeaderElection24] INFO  impl.LeaderElection (LeaderElection.java:logAndReturn(94)) -   Response 1: f22def52-3ff3-45a1-9b56-9fd420a51670<-0e2a075e-53a8-462d-8f4f-c98e11d6e8a9#0:OK-t2
2022-07-27 23:17:53,521 [f22def52-3ff3-45a1-9b56-9fd420a51670@group-57FC34379998-LeaderElection24] INFO  impl.LeaderElection (LeaderElection.java:askForVotes(312)) - f22def52-3ff3-45a1-9b56-9fd420a51670@group-57FC34379998-LeaderElection24 ELECTION round 0: result PASSED
2022-07-27 23:17:53,521 [f22def52-3ff3-45a1-9b56-9fd420a51670@group-57FC34379998-LeaderElection24] INFO  impl.RoleInfo (RoleInfo.java:shutdownLeaderElection(130)) - f22def52-3ff3-45a1-9b56-9fd420a51670: shutdown f22def52-3ff3-45a1-9b56-9fd420a51670@group-57FC34379998-LeaderElection24
2022-07-27 23:17:53,521 [f22def52-3ff3-45a1-9b56-9fd420a51670@group-57FC34379998-LeaderElection24] INFO  server.RaftServer$Division (RaftServerImpl.java:setRole(299)) - f22def52-3ff3-45a1-9b56-9fd420a51670@group-57FC34379998: changes role from CANDIDATE to LEADER at term 2 for changeToLeader
2022-07-27 23:17:53,521 [f22def52-3ff3-45a1-9b56-9fd420a51670@group-57FC34379998-LeaderElection24] INFO  ratis.XceiverServerRatis (XceiverServerRatis.java:handleLeaderChangedNotification(863)) - Leader change notification received for group: group-57FC34379998 with new leaderId: f22def52-3ff3-45a1-9b56-9fd420a51670
2022-07-27 23:17:53,521 [f22def52-3ff3-45a1-9b56-9fd420a51670@group-57FC34379998-LeaderElection24] INFO  server.RaftServer$Division (ServerState.java:setLeader(287)) - f22def52-3ff3-45a1-9b56-9fd420a51670@group-57FC34379998: change Leader from null to f22def52-3ff3-45a1-9b56-9fd420a51670 at term 2 for becomeLeader, leader elected after 10373ms
2022-07-27 23:17:53,521 [f22def52-3ff3-45a1-9b56-9fd420a51670@group-57FC34379998-LeaderElection24] INFO  server.RaftServerConfigKeys (ConfUtils.java:logGet(46)) - raft.server.staging.catchup.gap = 1000 (default)
2022-07-27 23:17:53,521 [f22def52-3ff3-45a1-9b56-9fd420a51670@group-57FC34379998-LeaderElection24] INFO  server.RaftServerConfigKeys (ConfUtils.java:logGet(46)) - raft.server.write.element-limit = 1024 (custom)
2022-07-27 23:17:53,521 [f22def52-3ff3-45a1-9b56-9fd420a51670@group-57FC34379998-LeaderElection24] INFO  server.RaftServerConfigKeys (ConfUtils.java:logGet(46)) - raft.server.write.byte-limit = 1024 M (=1073741824) (custom)
2022-07-27 23:17:53,522 [f22def52-3ff3-45a1-9b56-9fd420a51670@group-57FC34379998-LeaderElection24] INFO  server.RaftServerConfigKeys (ConfUtils.java:logGet(46)) - raft.server.watch.timeout = 180s (custom)
2022-07-27 23:17:53,522 [f22def52-3ff3-45a1-9b56-9fd420a51670@group-57FC34379998-LeaderElection24] INFO  server.RaftServerConfigKeys (ConfUtils.java:logGet(46)) - raft.server.watch.timeout.denomination = 1s (default)
2022-07-27 23:17:53,522 [f22def52-3ff3-45a1-9b56-9fd420a51670@group-57FC34379998-LeaderElection24] INFO  server.RaftServerConfigKeys (ConfUtils.java:logGet(46)) - raft.server.watch.element-limit = 65536 (default)
2022-07-27 23:17:53,522 [f22def52-3ff3-45a1-9b56-9fd420a51670@group-57FC34379998-LeaderElection24] INFO  server.RaftServerConfigKeys (ConfUtils.java:logGet(46)) - raft.server.write.element-limit = 1024 (custom)
2022-07-27 23:17:53,522 [f22def52-3ff3-45a1-9b56-9fd420a51670@group-57FC34379998-LeaderElection24] INFO  server.RaftServerConfigKeys (ConfUtils.java:logGet(46)) - raft.server.write.follower.gap.ratio.max = -1.0 (default)
2022-07-27 23:17:53,522 [f22def52-3ff3-45a1-9b56-9fd420a51670@group-57FC34379998-LeaderElection24] INFO  server.RaftServerConfigKeys (ConfUtils.java:logGet(46)) - raft.server.log.appender.snapshot.chunk.size.max = 16MB (=16777216) (default)
2022-07-27 23:17:53,522 [f22def52-3ff3-45a1-9b56-9fd420a51670@group-57FC34379998-LeaderElection24] INFO  server.RaftServerConfigKeys (ConfUtils.java:logGet(46)) - raft.server.log.appender.buffer.byte-limit = 33554432 (custom)
2022-07-27 23:17:53,522 [f22def52-3ff3-45a1-9b56-9fd420a51670@group-57FC34379998-LeaderElection24] INFO  server.RaftServerConfigKeys (ConfUtils.java:logGet(46)) - raft.server.log.appender.buffer.element-limit = 1 (custom)
2022-07-27 23:17:53,522 [f22def52-3ff3-45a1-9b56-9fd420a51670@group-57FC34379998-LeaderElection24] INFO  grpc.GrpcConfigKeys (ConfUtils.java:logGet(46)) - raft.grpc.server.leader.outstanding.appends.max = 128 (default)
2022-07-27 23:17:53,523 [f22def52-3ff3-45a1-9b56-9fd420a51670@group-57FC34379998-LeaderElection24] INFO  server.RaftServerConfigKeys (ConfUtils.java:logGet(46)) - raft.server.rpc.request.timeout = 60s (custom)
2022-07-27 23:17:53,523 [f22def52-3ff3-45a1-9b56-9fd420a51670@group-57FC34379998-LeaderElection24] INFO  server.RaftServerConfigKeys (ConfUtils.java:logGet(46)) - raft.server.log.appender.install.snapshot.enabled = false (custom)
2022-07-27 23:17:53,523 [f22def52-3ff3-45a1-9b56-9fd420a51670@group-57FC34379998-LeaderElection24] INFO  server.RaftServerConfigKeys (ConfUtils.java:logGet(46)) - raft.server.log.appender.snapshot.chunk.size.max = 16MB (=16777216) (default)
2022-07-27 23:17:53,523 [f22def52-3ff3-45a1-9b56-9fd420a51670@group-57FC34379998-LeaderElection24] INFO  server.RaftServerConfigKeys (ConfUtils.java:logGet(46)) - raft.server.log.appender.buffer.byte-limit = 33554432 (custom)
2022-07-27 23:17:53,523 [f22def52-3ff3-45a1-9b56-9fd420a51670@group-57FC34379998-LeaderElection24] INFO  server.RaftServerConfigKeys (ConfUtils.java:logGet(46)) - raft.server.log.appender.buffer.element-limit = 1 (custom)
2022-07-27 23:17:53,523 [f22def52-3ff3-45a1-9b56-9fd420a51670@group-57FC34379998-LeaderElection24] INFO  grpc.GrpcConfigKeys (ConfUtils.java:logGet(46)) - raft.grpc.server.leader.outstanding.appends.max = 128 (default)
2022-07-27 23:17:53,523 [f22def52-3ff3-45a1-9b56-9fd420a51670@group-57FC34379998-LeaderElection24] INFO  server.RaftServerConfigKeys (ConfUtils.java:logGet(46)) - raft.server.rpc.request.timeout = 60s (custom)
2022-07-27 23:17:53,523 [f22def52-3ff3-45a1-9b56-9fd420a51670@group-57FC34379998-LeaderElection24] INFO  server.RaftServerConfigKeys (ConfUtils.java:logGet(46)) - raft.server.log.appender.install.snapshot.enabled = false (custom)
2022-07-27 23:17:53,524 [f22def52-3ff3-45a1-9b56-9fd420a51670@group-57FC34379998-LeaderElection24] INFO  impl.RoleInfo (RoleInfo.java:updateAndGet(139)) - f22def52-3ff3-45a1-9b56-9fd420a51670: start f22def52-3ff3-45a1-9b56-9fd420a51670@group-57FC34379998-LeaderStateImpl
2022-07-27 23:17:53,524 [f22def52-3ff3-45a1-9b56-9fd420a51670@group-57FC34379998-LeaderElection24] INFO  segmented.SegmentedRaftLogWorker (SegmentedRaftLogWorker.java:startLogSegment(425)) - f22def52-3ff3-45a1-9b56-9fd420a51670@group-57FC34379998-SegmentedRaftLogWorker: Starting segment from index:0
2022-07-27 23:17:53,525 [EventQueue-PipelineReportForPipelineReportHandler] INFO  pipeline.PipelineManagerImpl (PipelineManagerImpl.java:openPipeline(367)) - Pipeline Pipeline[ Id: fb6d03eb-27c9-442a-bed5-57fc34379998, Nodes: 2c19a24b-4032-4d82-8983-88a3c220b1d4{ip: 10.1.0.23, host: fv-az129-30.sikifmtxjocetiwdfcy5r2sqla.phxx.internal.cloudapp.net, ports: [REPLICATION=37767, RATIS=43989, RATIS_ADMIN=43989, RATIS_SERVER=43989, STANDALONE=40205], networkLocation: /default-rack, certSerialId: null, persistedOpState: IN_SERVICE, persistedOpStateExpiryEpochSec: 0}f22def52-3ff3-45a1-9b56-9fd420a51670{ip: 10.1.0.23, host: fv-az129-30.sikifmtxjocetiwdfcy5r2sqla.phxx.internal.cloudapp.net, ports: [REPLICATION=45819, RATIS=37919, RATIS_ADMIN=37919, RATIS_SERVER=37919, STANDALONE=38495], networkLocation: /default-rack, certSerialId: null, persistedOpState: IN_SERVICE, persistedOpStateExpiryEpochSec: 0}0e2a075e-53a8-462d-8f4f-c98e11d6e8a9{ip: 10.1.0.23, host: fv-az129-30.sikifmtxjocetiwdfcy5r2sqla.phxx.internal.cloudapp.net, ports: [REPLICATION=44923, RATIS=38473, RATIS_ADMIN=38473, RATIS_SERVER=38473, STANDALONE=43861], networkLocation: /default-rack, certSerialId: null, persistedOpState: IN_SERVICE, persistedOpStateExpiryEpochSec: 0}, ReplicationConfig: RATIS/THREE, State:ALLOCATED, leaderId:f22def52-3ff3-45a1-9b56-9fd420a51670, CreationTimestamp2022-07-27T23:17:41.097Z[Etc/UTC]] moved to OPEN state
2022-07-27 23:17:53,529 [f22def52-3ff3-45a1-9b56-9fd420a51670@group-57FC34379998-SegmentedRaftLogWorker] INFO  segmented.SegmentedRaftLogWorker (SegmentedRaftLogWorker.java:execute(629)) - f22def52-3ff3-45a1-9b56-9fd420a51670@group-57FC34379998-SegmentedRaftLogWorker: created new log segment /home/runner/work/ozone/ozone/hadoop-ozone/integration-test/target/test-dir/MiniOzoneClusterImpl-b291e8c9-c3a0-4e1a-9e8e-aed05fc6be83/datanode-1/data/ratis/fb6d03eb-27c9-442a-bed5-57fc34379998/current/log_inprogress_0
2022-07-27 23:17:53,544 [f22def52-3ff3-45a1-9b56-9fd420a51670@group-57FC34379998-LeaderElection24] INFO  server.RaftServer$Division (ServerState.java:setRaftConf(393)) - f22def52-3ff3-45a1-9b56-9fd420a51670@group-57FC34379998: set configuration 0: [2c19a24b-4032-4d82-8983-88a3c220b1d4|rpc:10.1.0.23:43989|dataStream:|priority:0, f22def52-3ff3-45a1-9b56-9fd420a51670|rpc:10.1.0.23:37919|dataStream:|priority:1, 0e2a075e-53a8-462d-8f4f-c98e11d6e8a9|rpc:10.1.0.23:38473|dataStream:|priority:0], old=null
2022-07-27 23:17:53,559 [grpc-default-executor-3] INFO  server.RaftServer$Division (RaftServerImpl.java:requestVote(1152)) - 0e2a075e-53a8-462d-8f4f-c98e11d6e8a9@group-57FC34379998: receive requestVote(ELECTION, 2c19a24b-4032-4d82-8983-88a3c220b1d4, group-57FC34379998, 2, (t:0, i:0))
2022-07-27 23:17:53,559 [grpc-default-executor-3] INFO  impl.VoteContext (VoteContext.java:log(48)) - 0e2a075e-53a8-462d-8f4f-c98e11d6e8a9@group-57FC34379998-FOLLOWER: reject ELECTION from 2c19a24b-4032-4d82-8983-88a3c220b1d4: already has voted for f22def52-3ff3-45a1-9b56-9fd420a51670 at current term 2
2022-07-27 23:17:53,559 [grpc-default-executor-3] INFO  server.RaftServer$Division (RaftServerImpl.java:requestVote(1184)) - 0e2a075e-53a8-462d-8f4f-c98e11d6e8a9@group-57FC34379998 replies to ELECTION vote request: 2c19a24b-4032-4d82-8983-88a3c220b1d4<-0e2a075e-53a8-462d-8f4f-c98e11d6e8a9#0:FAIL-t2. Peer's state: 0e2a075e-53a8-462d-8f4f-c98e11d6e8a9@group-57FC34379998:t2, leader=null, voted=f22def52-3ff3-45a1-9b56-9fd420a51670, raftlog=0e2a075e-53a8-462d-8f4f-c98e11d6e8a9@group-57FC34379998-SegmentedRaftLog:OPENED:c-1, conf=-1: [2c19a24b-4032-4d82-8983-88a3c220b1d4|rpc:10.1.0.23:43989|dataStream:|priority:0, f22def52-3ff3-45a1-9b56-9fd420a51670|rpc:10.1.0.23:37919|dataStream:|priority:1, 0e2a075e-53a8-462d-8f4f-c98e11d6e8a9|rpc:10.1.0.23:38473|dataStream:|priority:0], old=null
2022-07-27 23:17:53,567 [2c19a24b-4032-4d82-8983-88a3c220b1d4-server-thread1] INFO  ratis.XceiverServerRatis (XceiverServerRatis.java:handleLeaderChangedNotification(863)) - Leader change notification received for group: group-57FC34379998 with new leaderId: f22def52-3ff3-45a1-9b56-9fd420a51670
2022-07-27 23:17:53,567 [2c19a24b-4032-4d82-8983-88a3c220b1d4-server-thread1] INFO  server.RaftServer$Division (ServerState.java:setLeader(287)) - 2c19a24b-4032-4d82-8983-88a3c220b1d4@group-57FC34379998: change Leader from null to f22def52-3ff3-45a1-9b56-9fd420a51670 at term 2 for appendEntries, leader elected after 10480ms
2022-07-27 23:17:53,580 [0e2a075e-53a8-462d-8f4f-c98e11d6e8a9-server-thread1] INFO  ratis.XceiverServerRatis (XceiverServerRatis.java:handleLeaderChangedNotification(863)) - Leader change notification received for group: group-57FC34379998 with new leaderId: f22def52-3ff3-45a1-9b56-9fd420a51670
2022-07-27 23:17:53,580 [0e2a075e-53a8-462d-8f4f-c98e11d6e8a9-server-thread1] INFO  server.RaftServer$Division (ServerState.java:setLeader(287)) - 0e2a075e-53a8-462d-8f4f-c98e11d6e8a9@group-57FC34379998: change Leader from null to f22def52-3ff3-45a1-9b56-9fd420a51670 at term 2 for appendEntries, leader elected after 10372ms
2022-07-27 23:17:53,586 [2c19a24b-4032-4d82-8983-88a3c220b1d4-server-thread1] INFO  server.RaftServer$Division (ServerState.java:setRaftConf(393)) - 2c19a24b-4032-4d82-8983-88a3c220b1d4@group-57FC34379998: set configuration 0: [2c19a24b-4032-4d82-8983-88a3c220b1d4|rpc:10.1.0.23:43989|dataStream:|priority:0, f22def52-3ff3-45a1-9b56-9fd420a51670|rpc:10.1.0.23:37919|dataStream:|priority:1, 0e2a075e-53a8-462d-8f4f-c98e11d6e8a9|rpc:10.1.0.23:38473|dataStream:|priority:0], old=null
2022-07-27 23:17:53,586 [2c19a24b-4032-4d82-8983-88a3c220b1d4-server-thread1] INFO  segmented.SegmentedRaftLogWorker (SegmentedRaftLogWorker.java:startLogSegment(425)) - 2c19a24b-4032-4d82-8983-88a3c220b1d4@group-57FC34379998-SegmentedRaftLogWorker: Starting segment from index:0
2022-07-27 23:17:53,590 [2c19a24b-4032-4d82-8983-88a3c220b1d4@group-57FC34379998-SegmentedRaftLogWorker] INFO  segmented.SegmentedRaftLogWorker (SegmentedRaftLogWorker.java:execute(629)) - 2c19a24b-4032-4d82-8983-88a3c220b1d4@group-57FC34379998-SegmentedRaftLogWorker: created new log segment /home/runner/work/ozone/ozone/hadoop-ozone/integration-test/target/test-dir/MiniOzoneClusterImpl-b291e8c9-c3a0-4e1a-9e8e-aed05fc6be83/datanode-0/data/ratis/fb6d03eb-27c9-442a-bed5-57fc34379998/current/log_inprogress_0
2022-07-27 23:17:53,592 [0e2a075e-53a8-462d-8f4f-c98e11d6e8a9-server-thread1] INFO  server.RaftServer$Division (ServerState.java:setRaftConf(393)) - 0e2a075e-53a8-462d-8f4f-c98e11d6e8a9@group-57FC34379998: set configuration 0: [2c19a24b-4032-4d82-8983-88a3c220b1d4|rpc:10.1.0.23:43989|dataStream:|priority:0, f22def52-3ff3-45a1-9b56-9fd420a51670|rpc:10.1.0.23:37919|dataStream:|priority:1, 0e2a075e-53a8-462d-8f4f-c98e11d6e8a9|rpc:10.1.0.23:38473|dataStream:|priority:0], old=null
2022-07-27 23:17:53,595 [0e2a075e-53a8-462d-8f4f-c98e11d6e8a9-server-thread1] INFO  segmented.SegmentedRaftLogWorker (SegmentedRaftLogWorker.java:startLogSegment(425)) - 0e2a075e-53a8-462d-8f4f-c98e11d6e8a9@group-57FC34379998-SegmentedRaftLogWorker: Starting segment from index:0
2022-07-27 23:17:53,604 [0e2a075e-53a8-462d-8f4f-c98e11d6e8a9@group-57FC34379998-SegmentedRaftLogWorker] INFO  segmented.SegmentedRaftLogWorker (SegmentedRaftLogWorker.java:execute(629)) - 0e2a075e-53a8-462d-8f4f-c98e11d6e8a9@group-57FC34379998-SegmentedRaftLogWorker: created new log segment /home/runner/work/ozone/ozone/hadoop-ozone/integration-test/target/test-dir/MiniOzoneClusterImpl-b291e8c9-c3a0-4e1a-9e8e-aed05fc6be83/datanode-2/data/ratis/fb6d03eb-27c9-442a-bed5-57fc34379998/current/log_inprogress_0
2022-07-27 23:17:54,243 [IPC Server handler 19 on default port 38277] INFO  ha.SequenceIdGenerator (SequenceIdGenerator.java:getNextId(128)) - Allocate a batch for localId, change lastId from 109611004723201000 to 109611004723202000.
]]></system-out>
  </testcase>
  <testcase name="testDeleteEmptyVolume" classname="TestRootedOzoneFileSystemWithFSO" time="0">
    <skipped message="HDDS-2939"/>
  </testcase>
  <testcase name="testDeleteEmptyVolume" classname="TestRootedOzoneFileSystemWithFSO" time="0">
    <skipped message="HDDS-2939"/>
  </testcase>
  <testcase name="testMkdirNonExistentVolume" classname="TestRootedOzoneFileSystemWithFSO" time="0">
    <skipped message="HDDS-2939"/>
  </testcase>
  <testcase name="testMkdirNonExistentVolume" classname="TestRootedOzoneFileSystemWithFSO" time="0">
    <skipped message="HDDS-2939"/>
  </testcase>
  <testcase name="testRenameFile" classname="TestRootedOzoneFileSystemWithFSO" time="0.146">
    <system-out><![CDATA[2022-07-27 23:16:53,038 [d4d12f57-f56f-4c9c-ab62-903c4e3b8a60@group-14427373BA86-FollowerState] INFO  server.RaftServerConfigKeys (ConfUtils.java:logGet(46)) - raft.server.leaderelection.pre-vote = false (custom)
2022-07-27 23:16:53,038 [d4d12f57-f56f-4c9c-ab62-903c4e3b8a60@group-14427373BA86-FollowerState] INFO  impl.RoleInfo (RoleInfo.java:updateAndGet(139)) - d4d12f57-f56f-4c9c-ab62-903c4e3b8a60: start d4d12f57-f56f-4c9c-ab62-903c4e3b8a60@group-14427373BA86-LeaderElection13
2022-07-27 23:16:53,050 [d4d12f57-f56f-4c9c-ab62-903c4e3b8a60@group-14427373BA86-LeaderElection13] INFO  impl.LeaderElection (LeaderElection.java:askForVotes(310)) - d4d12f57-f56f-4c9c-ab62-903c4e3b8a60@group-14427373BA86-LeaderElection13 ELECTION round 0: submit vote requests at term 4 for -1: [2699f4c4-fa0c-4eec-a794-d1f1be832e07|rpc:10.1.0.23:42117|priority:0, d4d12f57-f56f-4c9c-ab62-903c4e3b8a60|rpc:10.1.0.23:42455|priority:0, 4b6bcd3b-d6b3-4446-abce-c99d7a2dec67|rpc:10.1.0.23:34935|priority:1], old=null
2022-07-27 23:16:53,068 [grpc-default-executor-2] INFO  server.RaftServer$Division (RaftServerImpl.java:requestVote(1152)) - 2699f4c4-fa0c-4eec-a794-d1f1be832e07@group-14427373BA86: receive requestVote(ELECTION, 4b6bcd3b-d6b3-4446-abce-c99d7a2dec67, group-14427373BA86, 4, (t:0, i:0))
2022-07-27 23:16:53,068 [grpc-default-executor-0] INFO  server.RaftServer$Division (RaftServerImpl.java:requestVote(1152)) - d4d12f57-f56f-4c9c-ab62-903c4e3b8a60@group-14427373BA86: receive requestVote(ELECTION, 4b6bcd3b-d6b3-4446-abce-c99d7a2dec67, group-14427373BA86, 4, (t:0, i:0))
2022-07-27 23:16:53,068 [grpc-default-executor-1] INFO  server.RaftServer$Division (RaftServerImpl.java:requestVote(1152)) - 4b6bcd3b-d6b3-4446-abce-c99d7a2dec67@group-14427373BA86: receive requestVote(ELECTION, d4d12f57-f56f-4c9c-ab62-903c4e3b8a60, group-14427373BA86, 4, (t:0, i:0))
2022-07-27 23:16:53,069 [grpc-default-executor-1] INFO  impl.VoteContext (VoteContext.java:log(48)) - 4b6bcd3b-d6b3-4446-abce-c99d7a2dec67@group-14427373BA86-CANDIDATE: reject ELECTION from d4d12f57-f56f-4c9c-ab62-903c4e3b8a60: already has voted for 4b6bcd3b-d6b3-4446-abce-c99d7a2dec67 at current term 4
2022-07-27 23:16:53,069 [grpc-default-executor-1] INFO  server.RaftServer$Division (RaftServerImpl.java:requestVote(1184)) - 4b6bcd3b-d6b3-4446-abce-c99d7a2dec67@group-14427373BA86 replies to ELECTION vote request: d4d12f57-f56f-4c9c-ab62-903c4e3b8a60<-4b6bcd3b-d6b3-4446-abce-c99d7a2dec67#0:FAIL-t4. Peer's state: 4b6bcd3b-d6b3-4446-abce-c99d7a2dec67@group-14427373BA86:t4, leader=null, voted=4b6bcd3b-d6b3-4446-abce-c99d7a2dec67, raftlog=4b6bcd3b-d6b3-4446-abce-c99d7a2dec67@group-14427373BA86-SegmentedRaftLog:OPENED:c-1, conf=-1: [2699f4c4-fa0c-4eec-a794-d1f1be832e07|rpc:10.1.0.23:42117|priority:0, d4d12f57-f56f-4c9c-ab62-903c4e3b8a60|rpc:10.1.0.23:42455|priority:0, 4b6bcd3b-d6b3-4446-abce-c99d7a2dec67|rpc:10.1.0.23:34935|priority:1], old=null
2022-07-27 23:16:53,068 [grpc-default-executor-2] INFO  impl.VoteContext (VoteContext.java:log(48)) - 2699f4c4-fa0c-4eec-a794-d1f1be832e07@group-14427373BA86-FOLLOWER: accept ELECTION from 4b6bcd3b-d6b3-4446-abce-c99d7a2dec67: our priority 0 <= candidate's priority 1
2022-07-27 23:16:53,069 [grpc-default-executor-2] INFO  server.RaftServer$Division (RaftServerImpl.java:setRole(299)) - 2699f4c4-fa0c-4eec-a794-d1f1be832e07@group-14427373BA86: changes role from  FOLLOWER to FOLLOWER at term 4 for candidate:4b6bcd3b-d6b3-4446-abce-c99d7a2dec67
2022-07-27 23:16:53,069 [grpc-default-executor-2] INFO  impl.RoleInfo (RoleInfo.java:shutdownFollowerState(110)) - 2699f4c4-fa0c-4eec-a794-d1f1be832e07: shutdown 2699f4c4-fa0c-4eec-a794-d1f1be832e07@group-14427373BA86-FollowerState
2022-07-27 23:16:53,069 [grpc-default-executor-2] INFO  impl.RoleInfo (RoleInfo.java:updateAndGet(139)) - 2699f4c4-fa0c-4eec-a794-d1f1be832e07: start 2699f4c4-fa0c-4eec-a794-d1f1be832e07@group-14427373BA86-FollowerState
2022-07-27 23:16:53,069 [grpc-default-executor-0] INFO  impl.VoteContext (VoteContext.java:log(48)) - d4d12f57-f56f-4c9c-ab62-903c4e3b8a60@group-14427373BA86-CANDIDATE: reject ELECTION from 4b6bcd3b-d6b3-4446-abce-c99d7a2dec67: already has voted for d4d12f57-f56f-4c9c-ab62-903c4e3b8a60 at current term 4
2022-07-27 23:16:53,074 [grpc-default-executor-0] INFO  server.RaftServer$Division (RaftServerImpl.java:requestVote(1184)) - d4d12f57-f56f-4c9c-ab62-903c4e3b8a60@group-14427373BA86 replies to ELECTION vote request: 4b6bcd3b-d6b3-4446-abce-c99d7a2dec67<-d4d12f57-f56f-4c9c-ab62-903c4e3b8a60#0:FAIL-t4. Peer's state: d4d12f57-f56f-4c9c-ab62-903c4e3b8a60@group-14427373BA86:t4, leader=null, voted=d4d12f57-f56f-4c9c-ab62-903c4e3b8a60, raftlog=d4d12f57-f56f-4c9c-ab62-903c4e3b8a60@group-14427373BA86-SegmentedRaftLog:OPENED:c-1, conf=-1: [2699f4c4-fa0c-4eec-a794-d1f1be832e07|rpc:10.1.0.23:42117|priority:0, d4d12f57-f56f-4c9c-ab62-903c4e3b8a60|rpc:10.1.0.23:42455|priority:0, 4b6bcd3b-d6b3-4446-abce-c99d7a2dec67|rpc:10.1.0.23:34935|priority:1], old=null
2022-07-27 23:16:53,075 [d4d12f57-f56f-4c9c-ab62-903c4e3b8a60@group-14427373BA86-LeaderElection13] INFO  impl.LeaderElection (LeaderElection.java:logAndReturn(90)) - d4d12f57-f56f-4c9c-ab62-903c4e3b8a60@group-14427373BA86-LeaderElection13: ELECTION REJECTED received 1 response(s) and 0 exception(s):
2022-07-27 23:16:53,075 [d4d12f57-f56f-4c9c-ab62-903c4e3b8a60@group-14427373BA86-LeaderElection13] INFO  impl.LeaderElection (LeaderElection.java:logAndReturn(94)) -   Response 0: d4d12f57-f56f-4c9c-ab62-903c4e3b8a60<-4b6bcd3b-d6b3-4446-abce-c99d7a2dec67#0:FAIL-t4
2022-07-27 23:16:53,075 [d4d12f57-f56f-4c9c-ab62-903c4e3b8a60@group-14427373BA86-LeaderElection13] INFO  impl.LeaderElection (LeaderElection.java:askForVotes(312)) - d4d12f57-f56f-4c9c-ab62-903c4e3b8a60@group-14427373BA86-LeaderElection13 ELECTION round 0: result REJECTED
2022-07-27 23:16:53,075 [d4d12f57-f56f-4c9c-ab62-903c4e3b8a60@group-14427373BA86-LeaderElection13] INFO  server.RaftServer$Division (RaftServerImpl.java:setRole(299)) - d4d12f57-f56f-4c9c-ab62-903c4e3b8a60@group-14427373BA86: changes role from CANDIDATE to FOLLOWER at term 4 for REJECTED
2022-07-27 23:16:53,075 [d4d12f57-f56f-4c9c-ab62-903c4e3b8a60@group-14427373BA86-LeaderElection13] INFO  impl.RoleInfo (RoleInfo.java:shutdownLeaderElection(130)) - d4d12f57-f56f-4c9c-ab62-903c4e3b8a60: shutdown d4d12f57-f56f-4c9c-ab62-903c4e3b8a60@group-14427373BA86-LeaderElection13
2022-07-27 23:16:53,075 [d4d12f57-f56f-4c9c-ab62-903c4e3b8a60@group-14427373BA86-LeaderElection13] INFO  impl.RoleInfo (RoleInfo.java:updateAndGet(139)) - d4d12f57-f56f-4c9c-ab62-903c4e3b8a60: start d4d12f57-f56f-4c9c-ab62-903c4e3b8a60@group-14427373BA86-FollowerState
2022-07-27 23:16:53,072 [grpc-default-executor-3] INFO  server.RaftServer$Division (RaftServerImpl.java:requestVote(1152)) - 2699f4c4-fa0c-4eec-a794-d1f1be832e07@group-14427373BA86: receive requestVote(ELECTION, d4d12f57-f56f-4c9c-ab62-903c4e3b8a60, group-14427373BA86, 4, (t:0, i:0))
2022-07-27 23:16:53,069 [2699f4c4-fa0c-4eec-a794-d1f1be832e07@group-14427373BA86-FollowerState] INFO  impl.FollowerState (FollowerState.java:run(152)) - 2699f4c4-fa0c-4eec-a794-d1f1be832e07@group-14427373BA86-FollowerState was interrupted
2022-07-27 23:16:53,083 [grpc-default-executor-2] INFO  server.RaftServer$Division (RaftServerImpl.java:requestVote(1184)) - 2699f4c4-fa0c-4eec-a794-d1f1be832e07@group-14427373BA86 replies to ELECTION vote request: 4b6bcd3b-d6b3-4446-abce-c99d7a2dec67<-2699f4c4-fa0c-4eec-a794-d1f1be832e07#0:OK-t4. Peer's state: 2699f4c4-fa0c-4eec-a794-d1f1be832e07@group-14427373BA86:t4, leader=null, voted=4b6bcd3b-d6b3-4446-abce-c99d7a2dec67, raftlog=2699f4c4-fa0c-4eec-a794-d1f1be832e07@group-14427373BA86-SegmentedRaftLog:OPENED:c-1, conf=-1: [2699f4c4-fa0c-4eec-a794-d1f1be832e07|rpc:10.1.0.23:42117|priority:0, d4d12f57-f56f-4c9c-ab62-903c4e3b8a60|rpc:10.1.0.23:42455|priority:0, 4b6bcd3b-d6b3-4446-abce-c99d7a2dec67|rpc:10.1.0.23:34935|priority:1], old=null
2022-07-27 23:16:53,102 [grpc-default-executor-3] INFO  impl.VoteContext (VoteContext.java:log(48)) - 2699f4c4-fa0c-4eec-a794-d1f1be832e07@group-14427373BA86-FOLLOWER: reject ELECTION from d4d12f57-f56f-4c9c-ab62-903c4e3b8a60: already has voted for 4b6bcd3b-d6b3-4446-abce-c99d7a2dec67 at current term 4
2022-07-27 23:16:53,102 [grpc-default-executor-3] INFO  server.RaftServer$Division (RaftServerImpl.java:requestVote(1184)) - 2699f4c4-fa0c-4eec-a794-d1f1be832e07@group-14427373BA86 replies to ELECTION vote request: d4d12f57-f56f-4c9c-ab62-903c4e3b8a60<-2699f4c4-fa0c-4eec-a794-d1f1be832e07#0:FAIL-t4. Peer's state: 2699f4c4-fa0c-4eec-a794-d1f1be832e07@group-14427373BA86:t4, leader=null, voted=4b6bcd3b-d6b3-4446-abce-c99d7a2dec67, raftlog=2699f4c4-fa0c-4eec-a794-d1f1be832e07@group-14427373BA86-SegmentedRaftLog:OPENED:c-1, conf=-1: [2699f4c4-fa0c-4eec-a794-d1f1be832e07|rpc:10.1.0.23:42117|priority:0, d4d12f57-f56f-4c9c-ab62-903c4e3b8a60|rpc:10.1.0.23:42455|priority:0, 4b6bcd3b-d6b3-4446-abce-c99d7a2dec67|rpc:10.1.0.23:34935|priority:1], old=null
2022-07-27 23:16:53,107 [4b6bcd3b-d6b3-4446-abce-c99d7a2dec67@group-14427373BA86-LeaderElection12] INFO  impl.LeaderElection (LeaderElection.java:logAndReturn(90)) - 4b6bcd3b-d6b3-4446-abce-c99d7a2dec67@group-14427373BA86-LeaderElection12: ELECTION PASSED received 2 response(s) and 0 exception(s):
2022-07-27 23:16:53,118 [4b6bcd3b-d6b3-4446-abce-c99d7a2dec67@group-14427373BA86-LeaderElection12] INFO  impl.LeaderElection (LeaderElection.java:logAndReturn(94)) -   Response 0: 4b6bcd3b-d6b3-4446-abce-c99d7a2dec67<-2699f4c4-fa0c-4eec-a794-d1f1be832e07#0:OK-t4
2022-07-27 23:16:53,118 [4b6bcd3b-d6b3-4446-abce-c99d7a2dec67@group-14427373BA86-LeaderElection12] INFO  impl.LeaderElection (LeaderElection.java:logAndReturn(94)) -   Response 1: 4b6bcd3b-d6b3-4446-abce-c99d7a2dec67<-d4d12f57-f56f-4c9c-ab62-903c4e3b8a60#0:FAIL-t4
2022-07-27 23:16:53,118 [4b6bcd3b-d6b3-4446-abce-c99d7a2dec67@group-14427373BA86-LeaderElection12] INFO  impl.LeaderElection (LeaderElection.java:askForVotes(312)) - 4b6bcd3b-d6b3-4446-abce-c99d7a2dec67@group-14427373BA86-LeaderElection12 ELECTION round 0: result PASSED
2022-07-27 23:16:53,118 [4b6bcd3b-d6b3-4446-abce-c99d7a2dec67@group-14427373BA86-LeaderElection12] INFO  impl.RoleInfo (RoleInfo.java:shutdownLeaderElection(130)) - 4b6bcd3b-d6b3-4446-abce-c99d7a2dec67: shutdown 4b6bcd3b-d6b3-4446-abce-c99d7a2dec67@group-14427373BA86-LeaderElection12
2022-07-27 23:16:53,118 [4b6bcd3b-d6b3-4446-abce-c99d7a2dec67@group-14427373BA86-LeaderElection12] INFO  server.RaftServer$Division (RaftServerImpl.java:setRole(299)) - 4b6bcd3b-d6b3-4446-abce-c99d7a2dec67@group-14427373BA86: changes role from CANDIDATE to LEADER at term 4 for changeToLeader
2022-07-27 23:16:53,118 [4b6bcd3b-d6b3-4446-abce-c99d7a2dec67@group-14427373BA86-LeaderElection12] INFO  ratis.XceiverServerRatis (XceiverServerRatis.java:handleLeaderChangedNotification(863)) - Leader change notification received for group: group-14427373BA86 with new leaderId: 4b6bcd3b-d6b3-4446-abce-c99d7a2dec67
2022-07-27 23:16:53,118 [4b6bcd3b-d6b3-4446-abce-c99d7a2dec67@group-14427373BA86-LeaderElection12] INFO  server.RaftServer$Division (ServerState.java:setLeader(287)) - 4b6bcd3b-d6b3-4446-abce-c99d7a2dec67@group-14427373BA86: change Leader from null to 4b6bcd3b-d6b3-4446-abce-c99d7a2dec67 at term 4 for becomeLeader, leader elected after 20403ms
2022-07-27 23:16:53,118 [4b6bcd3b-d6b3-4446-abce-c99d7a2dec67@group-14427373BA86-LeaderElection12] INFO  server.RaftServerConfigKeys (ConfUtils.java:logGet(46)) - raft.server.staging.catchup.gap = 1000 (default)
2022-07-27 23:16:53,118 [4b6bcd3b-d6b3-4446-abce-c99d7a2dec67@group-14427373BA86-LeaderElection12] INFO  server.RaftServerConfigKeys (ConfUtils.java:logGet(46)) - raft.server.write.element-limit = 1024 (custom)
2022-07-27 23:16:53,118 [4b6bcd3b-d6b3-4446-abce-c99d7a2dec67@group-14427373BA86-LeaderElection12] INFO  server.RaftServerConfigKeys (ConfUtils.java:logGet(46)) - raft.server.write.byte-limit = 1024 M (=1073741824) (custom)
2022-07-27 23:16:53,119 [4b6bcd3b-d6b3-4446-abce-c99d7a2dec67@group-14427373BA86-LeaderElection12] INFO  server.RaftServerConfigKeys (ConfUtils.java:logGet(46)) - raft.server.watch.timeout = 180s (custom)
2022-07-27 23:16:53,119 [4b6bcd3b-d6b3-4446-abce-c99d7a2dec67@group-14427373BA86-LeaderElection12] INFO  server.RaftServerConfigKeys (ConfUtils.java:logGet(46)) - raft.server.watch.timeout.denomination = 1s (default)
2022-07-27 23:16:53,119 [4b6bcd3b-d6b3-4446-abce-c99d7a2dec67@group-14427373BA86-LeaderElection12] INFO  server.RaftServerConfigKeys (ConfUtils.java:logGet(46)) - raft.server.watch.element-limit = 65536 (default)
2022-07-27 23:16:53,119 [4b6bcd3b-d6b3-4446-abce-c99d7a2dec67@group-14427373BA86-LeaderElection12] INFO  server.RaftServerConfigKeys (ConfUtils.java:logGet(46)) - raft.server.write.element-limit = 1024 (custom)
2022-07-27 23:16:53,119 [4b6bcd3b-d6b3-4446-abce-c99d7a2dec67@group-14427373BA86-LeaderElection12] INFO  server.RaftServerConfigKeys (ConfUtils.java:logGet(46)) - raft.server.write.follower.gap.ratio.max = -1.0 (default)
2022-07-27 23:16:53,119 [4b6bcd3b-d6b3-4446-abce-c99d7a2dec67@group-14427373BA86-LeaderElection12] INFO  server.RaftServerConfigKeys (ConfUtils.java:logGet(46)) - raft.server.log.appender.snapshot.chunk.size.max = 16MB (=16777216) (default)
2022-07-27 23:16:53,119 [4b6bcd3b-d6b3-4446-abce-c99d7a2dec67@group-14427373BA86-LeaderElection12] INFO  server.RaftServerConfigKeys (ConfUtils.java:logGet(46)) - raft.server.log.appender.buffer.byte-limit = 33554432 (custom)
2022-07-27 23:16:53,119 [4b6bcd3b-d6b3-4446-abce-c99d7a2dec67@group-14427373BA86-LeaderElection12] INFO  server.RaftServerConfigKeys (ConfUtils.java:logGet(46)) - raft.server.log.appender.buffer.element-limit = 1 (custom)
2022-07-27 23:16:53,121 [Time-limited test] INFO  rpc.RpcClient (RpcClient.java:createVolume(467)) - Creating Volume: volume06518, with user37981 as owner and space quota set to -1 bytes, counts quota set to -1
2022-07-27 23:16:53,121 [EventQueue-PipelineReportForPipelineReportHandler] INFO  pipeline.PipelineManagerImpl (PipelineManagerImpl.java:openPipeline(367)) - Pipeline Pipeline[ Id: ddc81b98-8571-4ecf-9e9e-14427373ba86, Nodes: 4b6bcd3b-d6b3-4446-abce-c99d7a2dec67{ip: 10.1.0.23, host: fv-az129-30.sikifmtxjocetiwdfcy5r2sqla.phxx.internal.cloudapp.net, ports: [REPLICATION=34035, RATIS=34935, RATIS_ADMIN=34935, RATIS_SERVER=34935, STANDALONE=38471], networkLocation: /default-rack, certSerialId: null, persistedOpState: IN_SERVICE, persistedOpStateExpiryEpochSec: 0}d4d12f57-f56f-4c9c-ab62-903c4e3b8a60{ip: 10.1.0.23, host: fv-az129-30.sikifmtxjocetiwdfcy5r2sqla.phxx.internal.cloudapp.net, ports: [REPLICATION=44987, RATIS=42455, RATIS_ADMIN=42455, RATIS_SERVER=42455, STANDALONE=43405], networkLocation: /default-rack, certSerialId: null, persistedOpState: IN_SERVICE, persistedOpStateExpiryEpochSec: 0}2699f4c4-fa0c-4eec-a794-d1f1be832e07{ip: 10.1.0.23, host: fv-az129-30.sikifmtxjocetiwdfcy5r2sqla.phxx.internal.cloudapp.net, ports: [REPLICATION=33801, RATIS=42117, RATIS_ADMIN=42117, RATIS_SERVER=42117, STANDALONE=43785], networkLocation: /default-rack, certSerialId: null, persistedOpState: IN_SERVICE, persistedOpStateExpiryEpochSec: 0}, ReplicationConfig: RATIS/THREE, State:ALLOCATED, leaderId:4b6bcd3b-d6b3-4446-abce-c99d7a2dec67, CreationTimestamp2022-07-27T23:16:29.677Z[Etc/UTC]] moved to OPEN state
2022-07-27 23:16:53,119 [4b6bcd3b-d6b3-4446-abce-c99d7a2dec67@group-14427373BA86-LeaderElection12] INFO  grpc.GrpcConfigKeys (ConfUtils.java:logGet(46)) - raft.grpc.server.leader.outstanding.appends.max = 128 (default)
2022-07-27 23:16:53,122 [4b6bcd3b-d6b3-4446-abce-c99d7a2dec67@group-14427373BA86-LeaderElection12] INFO  server.RaftServerConfigKeys (ConfUtils.java:logGet(46)) - raft.server.rpc.request.timeout = 60s (custom)
2022-07-27 23:16:53,122 [4b6bcd3b-d6b3-4446-abce-c99d7a2dec67@group-14427373BA86-LeaderElection12] INFO  server.RaftServerConfigKeys (ConfUtils.java:logGet(46)) - raft.server.log.appender.install.snapshot.enabled = false (custom)
2022-07-27 23:16:53,123 [4b6bcd3b-d6b3-4446-abce-c99d7a2dec67@group-14427373BA86-LeaderElection12] INFO  server.RaftServerConfigKeys (ConfUtils.java:logGet(46)) - raft.server.log.appender.snapshot.chunk.size.max = 16MB (=16777216) (default)
2022-07-27 23:16:53,123 [4b6bcd3b-d6b3-4446-abce-c99d7a2dec67@group-14427373BA86-LeaderElection12] INFO  server.RaftServerConfigKeys (ConfUtils.java:logGet(46)) - raft.server.log.appender.buffer.byte-limit = 33554432 (custom)
2022-07-27 23:16:53,123 [4b6bcd3b-d6b3-4446-abce-c99d7a2dec67@group-14427373BA86-LeaderElection12] INFO  server.RaftServerConfigKeys (ConfUtils.java:logGet(46)) - raft.server.log.appender.buffer.element-limit = 1 (custom)
2022-07-27 23:16:53,123 [4b6bcd3b-d6b3-4446-abce-c99d7a2dec67@group-14427373BA86-LeaderElection12] INFO  grpc.GrpcConfigKeys (ConfUtils.java:logGet(46)) - raft.grpc.server.leader.outstanding.appends.max = 128 (default)
2022-07-27 23:16:53,123 [4b6bcd3b-d6b3-4446-abce-c99d7a2dec67@group-14427373BA86-LeaderElection12] INFO  server.RaftServerConfigKeys (ConfUtils.java:logGet(46)) - raft.server.rpc.request.timeout = 60s (custom)
2022-07-27 23:16:53,123 [4b6bcd3b-d6b3-4446-abce-c99d7a2dec67@group-14427373BA86-LeaderElection12] INFO  server.RaftServerConfigKeys (ConfUtils.java:logGet(46)) - raft.server.log.appender.install.snapshot.enabled = false (custom)
2022-07-27 23:16:53,124 [4b6bcd3b-d6b3-4446-abce-c99d7a2dec67@group-14427373BA86-LeaderElection12] INFO  impl.RoleInfo (RoleInfo.java:updateAndGet(139)) - 4b6bcd3b-d6b3-4446-abce-c99d7a2dec67: start 4b6bcd3b-d6b3-4446-abce-c99d7a2dec67@group-14427373BA86-LeaderStateImpl
2022-07-27 23:16:53,124 [4b6bcd3b-d6b3-4446-abce-c99d7a2dec67@group-14427373BA86-LeaderElection12] INFO  segmented.SegmentedRaftLogWorker (SegmentedRaftLogWorker.java:startLogSegment(425)) - 4b6bcd3b-d6b3-4446-abce-c99d7a2dec67@group-14427373BA86-SegmentedRaftLogWorker: Starting segment from index:0
2022-07-27 23:16:53,125 [OM StateMachine ApplyTransaction Thread - 0] INFO  volume.OMVolumeCreateRequest (OMVolumeCreateRequest.java:validateAndUpdateCache(195)) - created volume:volume06518 for user:user37981
2022-07-27 23:16:53,125 [4b6bcd3b-d6b3-4446-abce-c99d7a2dec67@group-14427373BA86-SegmentedRaftLogWorker] INFO  segmented.SegmentedRaftLogWorker (SegmentedRaftLogWorker.java:execute(629)) - 4b6bcd3b-d6b3-4446-abce-c99d7a2dec67@group-14427373BA86-SegmentedRaftLogWorker: created new log segment /home/runner/work/ozone/ozone/hadoop-ozone/integration-test/target/test-dir/MiniOzoneClusterImpl-9e07804d-d88b-4889-9752-1ce24c589c62/datanode-2/data/ratis/ddc81b98-8571-4ecf-9e9e-14427373ba86/current/log_inprogress_0
2022-07-27 23:16:53,132 [4b6bcd3b-d6b3-4446-abce-c99d7a2dec67@group-14427373BA86-LeaderElection12] INFO  server.RaftServer$Division (ServerState.java:setRaftConf(393)) - 4b6bcd3b-d6b3-4446-abce-c99d7a2dec67@group-14427373BA86: set configuration 0: [2699f4c4-fa0c-4eec-a794-d1f1be832e07|rpc:10.1.0.23:42117|dataStream:|priority:0, d4d12f57-f56f-4c9c-ab62-903c4e3b8a60|rpc:10.1.0.23:42455|dataStream:|priority:0, 4b6bcd3b-d6b3-4446-abce-c99d7a2dec67|rpc:10.1.0.23:34935|dataStream:|priority:1], old=null
2022-07-27 23:16:53,134 [Time-limited test] INFO  rpc.RpcClient (RpcClient.java:createBucket(670)) - Creating Bucket: volume06518/bucket55432, with bucket layout FILE_SYSTEM_OPTIMIZED, runner as owner, Versioning false, Storage Type set to DISK and Encryption set to false 
2022-07-27 23:16:53,136 [OM StateMachine ApplyTransaction Thread - 0] INFO  bucket.OMBucketCreateRequest (OMBucketCreateRequest.java:validateAndUpdateCache(260)) - created bucket: bucket55432 of layout FILE_SYSTEM_OPTIMIZED in volume: volume06518
2022-07-27 23:16:53,150 [2699f4c4-fa0c-4eec-a794-d1f1be832e07-server-thread1] INFO  ratis.XceiverServerRatis (XceiverServerRatis.java:handleLeaderChangedNotification(863)) - Leader change notification received for group: group-14427373BA86 with new leaderId: 4b6bcd3b-d6b3-4446-abce-c99d7a2dec67
2022-07-27 23:16:53,150 [2699f4c4-fa0c-4eec-a794-d1f1be832e07-server-thread1] INFO  server.RaftServer$Division (ServerState.java:setLeader(287)) - 2699f4c4-fa0c-4eec-a794-d1f1be832e07@group-14427373BA86: change Leader from null to 4b6bcd3b-d6b3-4446-abce-c99d7a2dec67 at term 4 for appendEntries, leader elected after 20500ms
2022-07-27 23:16:53,155 [d4d12f57-f56f-4c9c-ab62-903c4e3b8a60-server-thread1] INFO  ratis.XceiverServerRatis (XceiverServerRatis.java:handleLeaderChangedNotification(863)) - Leader change notification received for group: group-14427373BA86 with new leaderId: 4b6bcd3b-d6b3-4446-abce-c99d7a2dec67
2022-07-27 23:16:53,156 [d4d12f57-f56f-4c9c-ab62-903c4e3b8a60-server-thread1] INFO  server.RaftServer$Division (ServerState.java:setLeader(287)) - d4d12f57-f56f-4c9c-ab62-903c4e3b8a60@group-14427373BA86: change Leader from null to 4b6bcd3b-d6b3-4446-abce-c99d7a2dec67 at term 4 for appendEntries, leader elected after 20494ms
]]></system-out>
  </testcase>
  <testcase name="testRenameFile" classname="TestRootedOzoneFileSystemWithFSO" time="0.139">
    <system-out><![CDATA[2022-07-27 23:17:55,155 [Time-limited test] INFO  rpc.RpcClient (RpcClient.java:createVolume(467)) - Creating Volume: volume71967, with user44665 as owner and space quota set to -1 bytes, counts quota set to -1
2022-07-27 23:17:55,156 [IPC Server handler 13 on default port 45823] INFO  volume.OMVolumeCreateRequest (OMVolumeCreateRequest.java:validateAndUpdateCache(195)) - created volume:volume71967 for user:user44665
2022-07-27 23:17:55,160 [Time-limited test] INFO  rpc.RpcClient (RpcClient.java:createBucket(670)) - Creating Bucket: volume71967/bucket61356, with bucket layout FILE_SYSTEM_OPTIMIZED, runner as owner, Versioning false, Storage Type set to DISK and Encryption set to false 
2022-07-27 23:17:55,161 [IPC Server handler 11 on default port 45823] INFO  bucket.OMBucketCreateRequest (OMBucketCreateRequest.java:validateAndUpdateCache(260)) - created bucket: bucket61356 of layout FILE_SYSTEM_OPTIMIZED in volume: volume71967
]]></system-out>
  </testcase>
  <testcase name="testListStatusRootAndVolumeRecursive" classname="TestRootedOzoneFileSystemWithFSO" time="0.068">
    <system-out><![CDATA[2022-07-27 23:16:53,192 [2699f4c4-fa0c-4eec-a794-d1f1be832e07-server-thread2] INFO  server.RaftServer$Division (ServerState.java:setRaftConf(393)) - 2699f4c4-fa0c-4eec-a794-d1f1be832e07@group-14427373BA86: set configuration 0: [2699f4c4-fa0c-4eec-a794-d1f1be832e07|rpc:10.1.0.23:42117|dataStream:|priority:0, d4d12f57-f56f-4c9c-ab62-903c4e3b8a60|rpc:10.1.0.23:42455|dataStream:|priority:0, 4b6bcd3b-d6b3-4446-abce-c99d7a2dec67|rpc:10.1.0.23:34935|dataStream:|priority:1], old=null
2022-07-27 23:16:53,192 [2699f4c4-fa0c-4eec-a794-d1f1be832e07-server-thread2] INFO  segmented.SegmentedRaftLogWorker (SegmentedRaftLogWorker.java:startLogSegment(425)) - 2699f4c4-fa0c-4eec-a794-d1f1be832e07@group-14427373BA86-SegmentedRaftLogWorker: Starting segment from index:0
2022-07-27 23:16:53,192 [d4d12f57-f56f-4c9c-ab62-903c4e3b8a60-server-thread1] INFO  server.RaftServer$Division (ServerState.java:setRaftConf(393)) - d4d12f57-f56f-4c9c-ab62-903c4e3b8a60@group-14427373BA86: set configuration 0: [2699f4c4-fa0c-4eec-a794-d1f1be832e07|rpc:10.1.0.23:42117|dataStream:|priority:0, d4d12f57-f56f-4c9c-ab62-903c4e3b8a60|rpc:10.1.0.23:42455|dataStream:|priority:0, 4b6bcd3b-d6b3-4446-abce-c99d7a2dec67|rpc:10.1.0.23:34935|dataStream:|priority:1], old=null
2022-07-27 23:16:53,193 [d4d12f57-f56f-4c9c-ab62-903c4e3b8a60-server-thread1] INFO  segmented.SegmentedRaftLogWorker (SegmentedRaftLogWorker.java:startLogSegment(425)) - d4d12f57-f56f-4c9c-ab62-903c4e3b8a60@group-14427373BA86-SegmentedRaftLogWorker: Starting segment from index:0
2022-07-27 23:16:53,194 [d4d12f57-f56f-4c9c-ab62-903c4e3b8a60@group-14427373BA86-SegmentedRaftLogWorker] INFO  segmented.SegmentedRaftLogWorker (SegmentedRaftLogWorker.java:execute(629)) - d4d12f57-f56f-4c9c-ab62-903c4e3b8a60@group-14427373BA86-SegmentedRaftLogWorker: created new log segment /home/runner/work/ozone/ozone/hadoop-ozone/integration-test/target/test-dir/MiniOzoneClusterImpl-9e07804d-d88b-4889-9752-1ce24c589c62/datanode-1/data/ratis/ddc81b98-8571-4ecf-9e9e-14427373ba86/current/log_inprogress_0
2022-07-27 23:16:53,195 [2699f4c4-fa0c-4eec-a794-d1f1be832e07@group-14427373BA86-SegmentedRaftLogWorker] INFO  segmented.SegmentedRaftLogWorker (SegmentedRaftLogWorker.java:execute(629)) - 2699f4c4-fa0c-4eec-a794-d1f1be832e07@group-14427373BA86-SegmentedRaftLogWorker: created new log segment /home/runner/work/ozone/ozone/hadoop-ozone/integration-test/target/test-dir/MiniOzoneClusterImpl-9e07804d-d88b-4889-9752-1ce24c589c62/datanode-0/data/ratis/ddc81b98-8571-4ecf-9e9e-14427373ba86/current/log_inprogress_0
2022-07-27 23:16:53,214 [Time-limited test] INFO  rpc.RpcClient (RpcClient.java:createVolume(467)) - Creating Volume: volume52491, with user58072 as owner and space quota set to -1 bytes, counts quota set to -1
2022-07-27 23:16:53,215 [OM StateMachine ApplyTransaction Thread - 0] INFO  volume.OMVolumeCreateRequest (OMVolumeCreateRequest.java:validateAndUpdateCache(195)) - created volume:volume52491 for user:user58072
2022-07-27 23:16:53,216 [Time-limited test] INFO  rpc.RpcClient (RpcClient.java:createBucket(670)) - Creating Bucket: volume52491/bucket53844, with bucket layout FILE_SYSTEM_OPTIMIZED, runner as owner, Versioning false, Storage Type set to DISK and Encryption set to false 
2022-07-27 23:16:53,217 [OM StateMachine ApplyTransaction Thread - 0] INFO  bucket.OMBucketCreateRequest (OMBucketCreateRequest.java:validateAndUpdateCache(260)) - created bucket: bucket53844 of layout FILE_SYSTEM_OPTIMIZED in volume: volume52491
]]></system-out>
  </testcase>
  <testcase name="testListStatusRootAndVolumeRecursive" classname="TestRootedOzoneFileSystemWithFSO" time="0.123">
    <system-out><![CDATA[2022-07-27 23:17:55,289 [Time-limited test] INFO  rpc.RpcClient (RpcClient.java:createVolume(467)) - Creating Volume: volume55187, with user75603 as owner and space quota set to -1 bytes, counts quota set to -1
2022-07-27 23:17:55,290 [IPC Server handler 15 on default port 45823] INFO  volume.OMVolumeCreateRequest (OMVolumeCreateRequest.java:validateAndUpdateCache(195)) - created volume:volume55187 for user:user75603
2022-07-27 23:17:55,291 [Time-limited test] INFO  rpc.RpcClient (RpcClient.java:createBucket(670)) - Creating Bucket: volume55187/bucket34875, with bucket layout FILE_SYSTEM_OPTIMIZED, runner as owner, Versioning false, Storage Type set to DISK and Encryption set to false 
2022-07-27 23:17:55,291 [IPC Server handler 13 on default port 45823] INFO  bucket.OMBucketCreateRequest (OMBucketCreateRequest.java:validateAndUpdateCache(260)) - created bucket: bucket34875 of layout FILE_SYSTEM_OPTIMIZED in volume: volume55187
]]></system-out>
  </testcase>
  <testcase name="testListStatusRootAndVolumeNonRecursive" classname="TestRootedOzoneFileSystemWithFSO" time="0.249">
    <failure type="java.lang.AssertionError"><![CDATA[java.lang.AssertionError: expected:<3> but was:<4>
	at org.junit.Assert.fail(Assert.java:89)
	at org.junit.Assert.failNotEquals(Assert.java:835)
	at org.junit.Assert.assertEquals(Assert.java:647)
	at org.junit.Assert.assertEquals(Assert.java:633)
	at org.apache.hadoop.fs.ozone.TestRootedOzoneFileSystem.testListStatusRootAndVolumeNonRecursive(TestRootedOzoneFileSystem.java:792)
	at sun.reflect.NativeMethodAccessorImpl.invoke0(Native Method)
	at sun.reflect.NativeMethodAccessorImpl.invoke(NativeMethodAccessorImpl.java:62)
	at sun.reflect.DelegatingMethodAccessorImpl.invoke(DelegatingMethodAccessorImpl.java:43)
	at java.lang.reflect.Method.invoke(Method.java:498)
	at org.junit.runners.model.FrameworkMethod$1.runReflectiveCall(FrameworkMethod.java:59)
	at org.junit.internal.runners.model.ReflectiveCallable.run(ReflectiveCallable.java:12)
	at org.junit.runners.model.FrameworkMethod.invokeExplosively(FrameworkMethod.java:56)
	at org.junit.internal.runners.statements.InvokeMethod.evaluate(InvokeMethod.java:17)
	at org.junit.internal.runners.statements.RunBefores.evaluate(RunBefores.java:26)
	at org.junit.internal.runners.statements.RunAfters.evaluate(RunAfters.java:27)
	at org.junit.internal.runners.statements.FailOnTimeout$CallableStatement.call(FailOnTimeout.java:288)
	at org.junit.internal.runners.statements.FailOnTimeout$CallableStatement.call(FailOnTimeout.java:282)
	at java.util.concurrent.FutureTask.run(FutureTask.java:266)
	at java.lang.Thread.run(Thread.java:750)
]]></failure>
    <system-out><![CDATA[2022-07-27 23:16:53,255 [Time-limited test] INFO  rpc.RpcClient (RpcClient.java:createVolume(467)) - Creating Volume: volume63122, with user17896 as owner and space quota set to -1 bytes, counts quota set to -1
2022-07-27 23:16:53,257 [OM StateMachine ApplyTransaction Thread - 0] INFO  volume.OMVolumeCreateRequest (OMVolumeCreateRequest.java:validateAndUpdateCache(195)) - created volume:volume63122 for user:user17896
2022-07-27 23:16:53,258 [Time-limited test] INFO  rpc.RpcClient (RpcClient.java:createBucket(670)) - Creating Bucket: volume63122/bucket21797, with bucket layout FILE_SYSTEM_OPTIMIZED, runner as owner, Versioning false, Storage Type set to DISK and Encryption set to false 
2022-07-27 23:16:53,259 [OM StateMachine ApplyTransaction Thread - 0] INFO  bucket.OMBucketCreateRequest (OMBucketCreateRequest.java:validateAndUpdateCache(260)) - created bucket: bucket21797 of layout FILE_SYSTEM_OPTIMIZED in volume: volume63122
23:16:53.263 [IPC Server handler 11 on default port 44809] ERROR OMAudit - user=runner | ip=127.0.0.1 | op=READ_BUCKET {volume=volume-16582, bucket=bucket-89793} | ret=FAILURE
org.apache.hadoop.ozone.om.exceptions.OMException: Volume not found when getting bucket info
	at org.apache.hadoop.ozone.om.BucketManagerImpl.getBucketInfo(BucketManagerImpl.java:127) ~[ozone-manager-1.3.0-SNAPSHOT.jar:?]
	at org.apache.hadoop.ozone.om.OzoneManager.getBucketInfo(OzoneManager.java:2779) ~[ozone-manager-1.3.0-SNAPSHOT.jar:?]
	at org.apache.hadoop.ozone.protocolPB.OzoneManagerRequestHandler.infoBucket(OzoneManagerRequestHandler.java:471) ~[ozone-manager-1.3.0-SNAPSHOT.jar:?]
	at org.apache.hadoop.ozone.protocolPB.OzoneManagerRequestHandler.handleReadRequest(OzoneManagerRequestHandler.java:174) ~[ozone-manager-1.3.0-SNAPSHOT.jar:?]
	at org.apache.hadoop.ozone.protocolPB.OzoneManagerProtocolServerSideTranslatorPB.submitReadRequestToOM(OzoneManagerProtocolServerSideTranslatorPB.java:226) ~[ozone-manager-1.3.0-SNAPSHOT.jar:?]
	at org.apache.hadoop.ozone.protocolPB.OzoneManagerProtocolServerSideTranslatorPB.processRequest(OzoneManagerProtocolServerSideTranslatorPB.java:175) ~[ozone-manager-1.3.0-SNAPSHOT.jar:?]
	at org.apache.hadoop.hdds.server.OzoneProtocolMessageDispatcher.processRequest(OzoneProtocolMessageDispatcher.java:87) [hdds-server-framework-1.3.0-SNAPSHOT.jar:?]
	at org.apache.hadoop.ozone.protocolPB.OzoneManagerProtocolServerSideTranslatorPB.submitRequest(OzoneManagerProtocolServerSideTranslatorPB.java:147) [ozone-manager-1.3.0-SNAPSHOT.jar:?]
	at org.apache.hadoop.ozone.protocol.proto.OzoneManagerProtocolProtos$OzoneManagerService$2.callBlockingMethod(OzoneManagerProtocolProtos.java) [ozone-interface-client-1.3.0-SNAPSHOT.jar:?]
	at org.apache.hadoop.ipc.ProtobufRpcEngine$Server.processCall(ProtobufRpcEngine.java:466) [hadoop-common-3.3.1.jar:?]
	at org.apache.hadoop.ipc.ProtobufRpcEngine2$Server$ProtoBufRpcInvoker.call(ProtobufRpcEngine2.java:574) [hadoop-common-3.3.1.jar:?]
	at org.apache.hadoop.ipc.ProtobufRpcEngine2$Server$ProtoBufRpcInvoker.call(ProtobufRpcEngine2.java:552) [hadoop-common-3.3.1.jar:?]
	at org.apache.hadoop.ipc.RPC$Server.call(RPC.java:1093) [hadoop-common-3.3.1.jar:?]
	at org.apache.hadoop.ipc.Server$RpcCall.run(Server.java:1035) [hadoop-common-3.3.1.jar:?]
	at org.apache.hadoop.ipc.Server$RpcCall.run(Server.java:963) [hadoop-common-3.3.1.jar:?]
	at java.security.AccessController.doPrivileged(Native Method) ~[?:1.8.0_332]
	at javax.security.auth.Subject.doAs(Subject.java:422) [?:1.8.0_332]
	at org.apache.hadoop.security.UserGroupInformation.doAs(UserGroupInformation.java:1878) [hadoop-common-3.3.1.jar:?]
	at org.apache.hadoop.ipc.Server$Handler.run(Server.java:2966) [hadoop-common-3.3.1.jar:?]
2022-07-27 23:16:53,264 [Time-limited test] INFO  rpc.RpcClient (RpcClient.java:createVolume(467)) - Creating Volume: volume-16582, with runner as owner and space quota set to -1 bytes, counts quota set to -1
2022-07-27 23:16:53,268 [OM StateMachine ApplyTransaction Thread - 0] INFO  volume.OMVolumeCreateRequest (OMVolumeCreateRequest.java:validateAndUpdateCache(195)) - created volume:volume-16582 for user:runner
2022-07-27 23:16:53,269 [Time-limited test] INFO  rpc.RpcClient (RpcClient.java:createBucket(670)) - Creating Bucket: volume-16582/bucket-89793, with bucket layout FILE_SYSTEM_OPTIMIZED, runner as owner, Versioning false, Storage Type set to DISK and Encryption set to false 
2022-07-27 23:16:53,271 [OM StateMachine ApplyTransaction Thread - 0] INFO  bucket.OMBucketCreateRequest (OMBucketCreateRequest.java:validateAndUpdateCache(260)) - created bucket: bucket-89793 of layout FILE_SYSTEM_OPTIMIZED in volume: volume-16582
23:16:53.409 [IPC Server handler 3 on default port 44809] ERROR OMAudit - user=runner | ip=127.0.0.1 | op=READ_BUCKET {volume=volume-24287, bucket=bucket-50715} | ret=FAILURE
org.apache.hadoop.ozone.om.exceptions.OMException: Volume not found when getting bucket info
	at org.apache.hadoop.ozone.om.BucketManagerImpl.getBucketInfo(BucketManagerImpl.java:127) ~[ozone-manager-1.3.0-SNAPSHOT.jar:?]
	at org.apache.hadoop.ozone.om.OzoneManager.getBucketInfo(OzoneManager.java:2779) ~[ozone-manager-1.3.0-SNAPSHOT.jar:?]
	at org.apache.hadoop.ozone.protocolPB.OzoneManagerRequestHandler.infoBucket(OzoneManagerRequestHandler.java:471) ~[ozone-manager-1.3.0-SNAPSHOT.jar:?]
	at org.apache.hadoop.ozone.protocolPB.OzoneManagerRequestHandler.handleReadRequest(OzoneManagerRequestHandler.java:174) ~[ozone-manager-1.3.0-SNAPSHOT.jar:?]
	at org.apache.hadoop.ozone.protocolPB.OzoneManagerProtocolServerSideTranslatorPB.submitReadRequestToOM(OzoneManagerProtocolServerSideTranslatorPB.java:226) ~[ozone-manager-1.3.0-SNAPSHOT.jar:?]
	at org.apache.hadoop.ozone.protocolPB.OzoneManagerProtocolServerSideTranslatorPB.processRequest(OzoneManagerProtocolServerSideTranslatorPB.java:175) ~[ozone-manager-1.3.0-SNAPSHOT.jar:?]
	at org.apache.hadoop.hdds.server.OzoneProtocolMessageDispatcher.processRequest(OzoneProtocolMessageDispatcher.java:87) [hdds-server-framework-1.3.0-SNAPSHOT.jar:?]
	at org.apache.hadoop.ozone.protocolPB.OzoneManagerProtocolServerSideTranslatorPB.submitRequest(OzoneManagerProtocolServerSideTranslatorPB.java:147) [ozone-manager-1.3.0-SNAPSHOT.jar:?]
	at org.apache.hadoop.ozone.protocol.proto.OzoneManagerProtocolProtos$OzoneManagerService$2.callBlockingMethod(OzoneManagerProtocolProtos.java) [ozone-interface-client-1.3.0-SNAPSHOT.jar:?]
	at org.apache.hadoop.ipc.ProtobufRpcEngine$Server.processCall(ProtobufRpcEngine.java:466) [hadoop-common-3.3.1.jar:?]
	at org.apache.hadoop.ipc.ProtobufRpcEngine2$Server$ProtoBufRpcInvoker.call(ProtobufRpcEngine2.java:574) [hadoop-common-3.3.1.jar:?]
	at org.apache.hadoop.ipc.ProtobufRpcEngine2$Server$ProtoBufRpcInvoker.call(ProtobufRpcEngine2.java:552) [hadoop-common-3.3.1.jar:?]
	at org.apache.hadoop.ipc.RPC$Server.call(RPC.java:1093) [hadoop-common-3.3.1.jar:?]
	at org.apache.hadoop.ipc.Server$RpcCall.run(Server.java:1035) [hadoop-common-3.3.1.jar:?]
	at org.apache.hadoop.ipc.Server$RpcCall.run(Server.java:963) [hadoop-common-3.3.1.jar:?]
	at java.security.AccessController.doPrivileged(Native Method) ~[?:1.8.0_332]
	at javax.security.auth.Subject.doAs(Subject.java:422) [?:1.8.0_332]
	at org.apache.hadoop.security.UserGroupInformation.doAs(UserGroupInformation.java:1878) [hadoop-common-3.3.1.jar:?]
	at org.apache.hadoop.ipc.Server$Handler.run(Server.java:2966) [hadoop-common-3.3.1.jar:?]
2022-07-27 23:16:53,409 [Time-limited test] INFO  rpc.RpcClient (RpcClient.java:createVolume(467)) - Creating Volume: volume-24287, with runner as owner and space quota set to -1 bytes, counts quota set to -1
2022-07-27 23:16:53,410 [OM StateMachine ApplyTransaction Thread - 0] INFO  volume.OMVolumeCreateRequest (OMVolumeCreateRequest.java:validateAndUpdateCache(195)) - created volume:volume-24287 for user:runner
2022-07-27 23:16:53,411 [Time-limited test] INFO  rpc.RpcClient (RpcClient.java:createBucket(670)) - Creating Bucket: volume-24287/bucket-50715, with bucket layout FILE_SYSTEM_OPTIMIZED, runner as owner, Versioning false, Storage Type set to DISK and Encryption set to false 
2022-07-27 23:16:53,412 [OM StateMachine ApplyTransaction Thread - 0] INFO  bucket.OMBucketCreateRequest (OMBucketCreateRequest.java:validateAndUpdateCache(260)) - created bucket: bucket-50715 of layout FILE_SYSTEM_OPTIMIZED in volume: volume-24287
]]></system-out>
  </testcase>
  <testcase name="testListStatusRootAndVolumeNonRecursive" classname="TestRootedOzoneFileSystemWithFSO" time="0.684">
    <system-out><![CDATA[2022-07-27 23:17:55,380 [Time-limited test] INFO  rpc.RpcClient (RpcClient.java:createVolume(467)) - Creating Volume: volume30303, with user03662 as owner and space quota set to -1 bytes, counts quota set to -1
2022-07-27 23:17:55,381 [IPC Server handler 13 on default port 45823] INFO  volume.OMVolumeCreateRequest (OMVolumeCreateRequest.java:validateAndUpdateCache(195)) - created volume:volume30303 for user:user03662
2022-07-27 23:17:55,382 [Time-limited test] INFO  rpc.RpcClient (RpcClient.java:createBucket(670)) - Creating Bucket: volume30303/bucket25181, with bucket layout FILE_SYSTEM_OPTIMIZED, runner as owner, Versioning false, Storage Type set to DISK and Encryption set to false 
2022-07-27 23:17:55,383 [IPC Server handler 11 on default port 45823] INFO  bucket.OMBucketCreateRequest (OMBucketCreateRequest.java:validateAndUpdateCache(260)) - created bucket: bucket25181 of layout FILE_SYSTEM_OPTIMIZED in volume: volume30303
23:17:55.386 [IPC Server handler 8 on default port 45823] ERROR OMAudit - user=runner | ip=127.0.0.1 | op=READ_BUCKET {volume=volume-70616, bucket=bucket-47266} | ret=FAILURE
org.apache.hadoop.ozone.om.exceptions.OMException: Volume not found when getting bucket info
	at org.apache.hadoop.ozone.om.BucketManagerImpl.getBucketInfo(BucketManagerImpl.java:127) ~[ozone-manager-1.3.0-SNAPSHOT.jar:?]
	at org.apache.hadoop.ozone.om.OzoneManager.getBucketInfo(OzoneManager.java:2779) ~[ozone-manager-1.3.0-SNAPSHOT.jar:?]
	at org.apache.hadoop.ozone.protocolPB.OzoneManagerRequestHandler.infoBucket(OzoneManagerRequestHandler.java:471) ~[ozone-manager-1.3.0-SNAPSHOT.jar:?]
	at org.apache.hadoop.ozone.protocolPB.OzoneManagerRequestHandler.handleReadRequest(OzoneManagerRequestHandler.java:174) ~[ozone-manager-1.3.0-SNAPSHOT.jar:?]
	at org.apache.hadoop.ozone.protocolPB.OzoneManagerProtocolServerSideTranslatorPB.submitRequestDirectlyToOM(OzoneManagerProtocolServerSideTranslatorPB.java:276) ~[ozone-manager-1.3.0-SNAPSHOT.jar:?]
	at org.apache.hadoop.ozone.protocolPB.OzoneManagerProtocolServerSideTranslatorPB.processRequest(OzoneManagerProtocolServerSideTranslatorPB.java:205) ~[ozone-manager-1.3.0-SNAPSHOT.jar:?]
	at org.apache.hadoop.hdds.server.OzoneProtocolMessageDispatcher.processRequest(OzoneProtocolMessageDispatcher.java:87) [hdds-server-framework-1.3.0-SNAPSHOT.jar:?]
	at org.apache.hadoop.ozone.protocolPB.OzoneManagerProtocolServerSideTranslatorPB.submitRequest(OzoneManagerProtocolServerSideTranslatorPB.java:147) [ozone-manager-1.3.0-SNAPSHOT.jar:?]
	at org.apache.hadoop.ozone.protocol.proto.OzoneManagerProtocolProtos$OzoneManagerService$2.callBlockingMethod(OzoneManagerProtocolProtos.java) [ozone-interface-client-1.3.0-SNAPSHOT.jar:?]
	at org.apache.hadoop.ipc.ProtobufRpcEngine$Server.processCall(ProtobufRpcEngine.java:466) [hadoop-common-3.3.1.jar:?]
	at org.apache.hadoop.ipc.ProtobufRpcEngine2$Server$ProtoBufRpcInvoker.call(ProtobufRpcEngine2.java:574) [hadoop-common-3.3.1.jar:?]
	at org.apache.hadoop.ipc.ProtobufRpcEngine2$Server$ProtoBufRpcInvoker.call(ProtobufRpcEngine2.java:552) [hadoop-common-3.3.1.jar:?]
	at org.apache.hadoop.ipc.RPC$Server.call(RPC.java:1093) [hadoop-common-3.3.1.jar:?]
	at org.apache.hadoop.ipc.Server$RpcCall.run(Server.java:1035) [hadoop-common-3.3.1.jar:?]
	at org.apache.hadoop.ipc.Server$RpcCall.run(Server.java:963) [hadoop-common-3.3.1.jar:?]
	at java.security.AccessController.doPrivileged(Native Method) ~[?:1.8.0_332]
	at javax.security.auth.Subject.doAs(Subject.java:422) [?:1.8.0_332]
	at org.apache.hadoop.security.UserGroupInformation.doAs(UserGroupInformation.java:1878) [hadoop-common-3.3.1.jar:?]
	at org.apache.hadoop.ipc.Server$Handler.run(Server.java:2966) [hadoop-common-3.3.1.jar:?]
2022-07-27 23:17:55,386 [Time-limited test] INFO  rpc.RpcClient (RpcClient.java:createVolume(467)) - Creating Volume: volume-70616, with runner as owner and space quota set to -1 bytes, counts quota set to -1
2022-07-27 23:17:55,387 [IPC Server handler 7 on default port 45823] INFO  volume.OMVolumeCreateRequest (OMVolumeCreateRequest.java:validateAndUpdateCache(195)) - created volume:volume-70616 for user:runner
2022-07-27 23:17:55,387 [Time-limited test] INFO  rpc.RpcClient (RpcClient.java:createBucket(670)) - Creating Bucket: volume-70616/bucket-47266, with bucket layout FILE_SYSTEM_OPTIMIZED, runner as owner, Versioning false, Storage Type set to DISK and Encryption set to false 
2022-07-27 23:17:55,388 [IPC Server handler 1 on default port 45823] INFO  bucket.OMBucketCreateRequest (OMBucketCreateRequest.java:validateAndUpdateCache(260)) - created bucket: bucket-47266 of layout FILE_SYSTEM_OPTIMIZED in volume: volume-70616
23:17:55.423 [IPC Server handler 14 on default port 45823] ERROR OMAudit - user=runner | ip=127.0.0.1 | op=READ_BUCKET {volume=volume-01740, bucket=bucket-02104} | ret=FAILURE
org.apache.hadoop.ozone.om.exceptions.OMException: Volume not found when getting bucket info
	at org.apache.hadoop.ozone.om.BucketManagerImpl.getBucketInfo(BucketManagerImpl.java:127) ~[ozone-manager-1.3.0-SNAPSHOT.jar:?]
	at org.apache.hadoop.ozone.om.OzoneManager.getBucketInfo(OzoneManager.java:2779) ~[ozone-manager-1.3.0-SNAPSHOT.jar:?]
	at org.apache.hadoop.ozone.protocolPB.OzoneManagerRequestHandler.infoBucket(OzoneManagerRequestHandler.java:471) ~[ozone-manager-1.3.0-SNAPSHOT.jar:?]
	at org.apache.hadoop.ozone.protocolPB.OzoneManagerRequestHandler.handleReadRequest(OzoneManagerRequestHandler.java:174) ~[ozone-manager-1.3.0-SNAPSHOT.jar:?]
	at org.apache.hadoop.ozone.protocolPB.OzoneManagerProtocolServerSideTranslatorPB.submitRequestDirectlyToOM(OzoneManagerProtocolServerSideTranslatorPB.java:276) ~[ozone-manager-1.3.0-SNAPSHOT.jar:?]
	at org.apache.hadoop.ozone.protocolPB.OzoneManagerProtocolServerSideTranslatorPB.processRequest(OzoneManagerProtocolServerSideTranslatorPB.java:205) ~[ozone-manager-1.3.0-SNAPSHOT.jar:?]
	at org.apache.hadoop.hdds.server.OzoneProtocolMessageDispatcher.processRequest(OzoneProtocolMessageDispatcher.java:87) [hdds-server-framework-1.3.0-SNAPSHOT.jar:?]
	at org.apache.hadoop.ozone.protocolPB.OzoneManagerProtocolServerSideTranslatorPB.submitRequest(OzoneManagerProtocolServerSideTranslatorPB.java:147) [ozone-manager-1.3.0-SNAPSHOT.jar:?]
	at org.apache.hadoop.ozone.protocol.proto.OzoneManagerProtocolProtos$OzoneManagerService$2.callBlockingMethod(OzoneManagerProtocolProtos.java) [ozone-interface-client-1.3.0-SNAPSHOT.jar:?]
	at org.apache.hadoop.ipc.ProtobufRpcEngine$Server.processCall(ProtobufRpcEngine.java:466) [hadoop-common-3.3.1.jar:?]
	at org.apache.hadoop.ipc.ProtobufRpcEngine2$Server$ProtoBufRpcInvoker.call(ProtobufRpcEngine2.java:574) [hadoop-common-3.3.1.jar:?]
	at org.apache.hadoop.ipc.ProtobufRpcEngine2$Server$ProtoBufRpcInvoker.call(ProtobufRpcEngine2.java:552) [hadoop-common-3.3.1.jar:?]
	at org.apache.hadoop.ipc.RPC$Server.call(RPC.java:1093) [hadoop-common-3.3.1.jar:?]
	at org.apache.hadoop.ipc.Server$RpcCall.run(Server.java:1035) [hadoop-common-3.3.1.jar:?]
	at org.apache.hadoop.ipc.Server$RpcCall.run(Server.java:963) [hadoop-common-3.3.1.jar:?]
	at java.security.AccessController.doPrivileged(Native Method) ~[?:1.8.0_332]
	at javax.security.auth.Subject.doAs(Subject.java:422) [?:1.8.0_332]
	at org.apache.hadoop.security.UserGroupInformation.doAs(UserGroupInformation.java:1878) [hadoop-common-3.3.1.jar:?]
	at org.apache.hadoop.ipc.Server$Handler.run(Server.java:2966) [hadoop-common-3.3.1.jar:?]
2022-07-27 23:17:55,424 [Time-limited test] INFO  rpc.RpcClient (RpcClient.java:createVolume(467)) - Creating Volume: volume-01740, with runner as owner and space quota set to -1 bytes, counts quota set to -1
2022-07-27 23:17:55,424 [IPC Server handler 13 on default port 45823] INFO  volume.OMVolumeCreateRequest (OMVolumeCreateRequest.java:validateAndUpdateCache(195)) - created volume:volume-01740 for user:runner
2022-07-27 23:17:55,425 [Time-limited test] INFO  rpc.RpcClient (RpcClient.java:createBucket(670)) - Creating Bucket: volume-01740/bucket-02104, with bucket layout FILE_SYSTEM_OPTIMIZED, runner as owner, Versioning false, Storage Type set to DISK and Encryption set to false 
2022-07-27 23:17:55,425 [IPC Server handler 11 on default port 45823] INFO  bucket.OMBucketCreateRequest (OMBucketCreateRequest.java:validateAndUpdateCache(260)) - created bucket: bucket-02104 of layout FILE_SYSTEM_OPTIMIZED in volume: volume-01740
2022-07-27 23:17:55,888 [org.apache.ratis.util.JvmPauseMonitor$$Lambda$616/285728533@2ae66514] WARN  util.JvmPauseMonitor (JvmPauseMonitor.java:detectPause(124)) - JvmPauseMonitor-0e2a075e-53a8-462d-8f4f-c98e11d6e8a9: Detected pause in JVM or host machine (eg GC): pause of approximately 198163733ns.
GC pool 'PS MarkSweep' had collection(s): count=1 time=176ms
GC pool 'PS Scavenge' had collection(s): count=1 time=11ms
]]></system-out>
  </testcase>
  <testcase name="testDeleteBucketLink" classname="TestRootedOzoneFileSystemWithFSO" time="0.112">
    <system-out><![CDATA[2022-07-27 23:16:53,529 [Time-limited test] INFO  rpc.RpcClient (RpcClient.java:createVolume(467)) - Creating Volume: volume33507, with user16948 as owner and space quota set to -1 bytes, counts quota set to -1
2022-07-27 23:16:53,531 [OM StateMachine ApplyTransaction Thread - 0] INFO  volume.OMVolumeCreateRequest (OMVolumeCreateRequest.java:validateAndUpdateCache(195)) - created volume:volume33507 for user:user16948
2022-07-27 23:16:53,533 [Time-limited test] INFO  rpc.RpcClient (RpcClient.java:createBucket(670)) - Creating Bucket: volume33507/bucket41811, with bucket layout FILE_SYSTEM_OPTIMIZED, runner as owner, Versioning false, Storage Type set to DISK and Encryption set to false 
2022-07-27 23:16:53,534 [OM StateMachine ApplyTransaction Thread - 0] INFO  bucket.OMBucketCreateRequest (OMBucketCreateRequest.java:validateAndUpdateCache(260)) - created bucket: bucket41811 of layout FILE_SYSTEM_OPTIMIZED in volume: volume33507
23:16:53.537 [IPC Server handler 6 on default port 44809] ERROR OMAudit - user=runner | ip=127.0.0.1 | op=READ_BUCKET {volume=volume-59777, bucket=bucket} | ret=FAILURE
org.apache.hadoop.ozone.om.exceptions.OMException: Volume not found when getting bucket info
	at org.apache.hadoop.ozone.om.BucketManagerImpl.getBucketInfo(BucketManagerImpl.java:127) ~[ozone-manager-1.3.0-SNAPSHOT.jar:?]
	at org.apache.hadoop.ozone.om.OzoneManager.getBucketInfo(OzoneManager.java:2779) ~[ozone-manager-1.3.0-SNAPSHOT.jar:?]
	at org.apache.hadoop.ozone.protocolPB.OzoneManagerRequestHandler.infoBucket(OzoneManagerRequestHandler.java:471) ~[ozone-manager-1.3.0-SNAPSHOT.jar:?]
	at org.apache.hadoop.ozone.protocolPB.OzoneManagerRequestHandler.handleReadRequest(OzoneManagerRequestHandler.java:174) ~[ozone-manager-1.3.0-SNAPSHOT.jar:?]
	at org.apache.hadoop.ozone.protocolPB.OzoneManagerProtocolServerSideTranslatorPB.submitReadRequestToOM(OzoneManagerProtocolServerSideTranslatorPB.java:226) ~[ozone-manager-1.3.0-SNAPSHOT.jar:?]
	at org.apache.hadoop.ozone.protocolPB.OzoneManagerProtocolServerSideTranslatorPB.processRequest(OzoneManagerProtocolServerSideTranslatorPB.java:175) ~[ozone-manager-1.3.0-SNAPSHOT.jar:?]
	at org.apache.hadoop.hdds.server.OzoneProtocolMessageDispatcher.processRequest(OzoneProtocolMessageDispatcher.java:87) [hdds-server-framework-1.3.0-SNAPSHOT.jar:?]
	at org.apache.hadoop.ozone.protocolPB.OzoneManagerProtocolServerSideTranslatorPB.submitRequest(OzoneManagerProtocolServerSideTranslatorPB.java:147) [ozone-manager-1.3.0-SNAPSHOT.jar:?]
	at org.apache.hadoop.ozone.protocol.proto.OzoneManagerProtocolProtos$OzoneManagerService$2.callBlockingMethod(OzoneManagerProtocolProtos.java) [ozone-interface-client-1.3.0-SNAPSHOT.jar:?]
	at org.apache.hadoop.ipc.ProtobufRpcEngine$Server.processCall(ProtobufRpcEngine.java:466) [hadoop-common-3.3.1.jar:?]
	at org.apache.hadoop.ipc.ProtobufRpcEngine2$Server$ProtoBufRpcInvoker.call(ProtobufRpcEngine2.java:574) [hadoop-common-3.3.1.jar:?]
	at org.apache.hadoop.ipc.ProtobufRpcEngine2$Server$ProtoBufRpcInvoker.call(ProtobufRpcEngine2.java:552) [hadoop-common-3.3.1.jar:?]
	at org.apache.hadoop.ipc.RPC$Server.call(RPC.java:1093) [hadoop-common-3.3.1.jar:?]
	at org.apache.hadoop.ipc.Server$RpcCall.run(Server.java:1035) [hadoop-common-3.3.1.jar:?]
	at org.apache.hadoop.ipc.Server$RpcCall.run(Server.java:963) [hadoop-common-3.3.1.jar:?]
	at java.security.AccessController.doPrivileged(Native Method) ~[?:1.8.0_332]
	at javax.security.auth.Subject.doAs(Subject.java:422) [?:1.8.0_332]
	at org.apache.hadoop.security.UserGroupInformation.doAs(UserGroupInformation.java:1878) [hadoop-common-3.3.1.jar:?]
	at org.apache.hadoop.ipc.Server$Handler.run(Server.java:2966) [hadoop-common-3.3.1.jar:?]
2022-07-27 23:16:53,538 [Time-limited test] INFO  rpc.RpcClient (RpcClient.java:createVolume(467)) - Creating Volume: volume-59777, with runner as owner and space quota set to -1 bytes, counts quota set to -1
2022-07-27 23:16:53,539 [OM StateMachine ApplyTransaction Thread - 0] INFO  volume.OMVolumeCreateRequest (OMVolumeCreateRequest.java:validateAndUpdateCache(195)) - created volume:volume-59777 for user:runner
2022-07-27 23:16:53,540 [Time-limited test] INFO  rpc.RpcClient (RpcClient.java:createBucket(670)) - Creating Bucket: volume-59777/bucket, with bucket layout FILE_SYSTEM_OPTIMIZED, runner as owner, Versioning false, Storage Type set to DISK and Encryption set to false 
2022-07-27 23:16:53,541 [OM StateMachine ApplyTransaction Thread - 0] INFO  bucket.OMBucketCreateRequest (OMBucketCreateRequest.java:validateAndUpdateCache(260)) - created bucket: bucket of layout FILE_SYSTEM_OPTIMIZED in volume: volume-59777
2022-07-27 23:16:53,545 [Time-limited test] INFO  rpc.RpcClient (RpcClient.java:createVolume(467)) - Creating Volume: volume-36139, with runner as owner and space quota set to -1 bytes, counts quota set to -1
2022-07-27 23:16:53,547 [OM StateMachine ApplyTransaction Thread - 0] INFO  volume.OMVolumeCreateRequest (OMVolumeCreateRequest.java:validateAndUpdateCache(195)) - created volume:volume-36139 for user:runner
2022-07-27 23:16:53,548 [Time-limited test] INFO  rpc.RpcClient (RpcClient.java:createBucket(670)) - Creating Bucket: volume-36139/link, with server-side default bucket layout, runner as owner, Versioning false, Storage Type set to DISK and Encryption set to false 
2022-07-27 23:16:53,550 [OM StateMachine ApplyTransaction Thread - 0] INFO  bucket.OMBucketCreateRequest (OMBucketCreateRequest.java:validateAndUpdateCache(260)) - created bucket: link of layout LEGACY in volume: volume-36139
23:16:53.559 [OM StateMachine ApplyTransaction Thread - 0] ERROR OMAudit - user=runner | ip=127.0.0.1 | op=DELETE_VOLUME {volume=volume-36139} | ret=FAILURE
org.apache.hadoop.ozone.om.exceptions.OMException: null
	at org.apache.hadoop.ozone.om.request.volume.OMVolumeDeleteRequest.validateAndUpdateCache(OMVolumeDeleteRequest.java:122) ~[ozone-manager-1.3.0-SNAPSHOT.jar:?]
	at org.apache.hadoop.ozone.protocolPB.OzoneManagerRequestHandler.handleWriteRequest(OzoneManagerRequestHandler.java:300) ~[ozone-manager-1.3.0-SNAPSHOT.jar:?]
	at org.apache.hadoop.ozone.om.ratis.OzoneManagerStateMachine.runCommand(OzoneManagerStateMachine.java:529) ~[ozone-manager-1.3.0-SNAPSHOT.jar:?]
	at org.apache.hadoop.ozone.om.ratis.OzoneManagerStateMachine.lambda$1(OzoneManagerStateMachine.java:324) ~[ozone-manager-1.3.0-SNAPSHOT.jar:?]
	at java.util.concurrent.CompletableFuture$AsyncSupply.run(CompletableFuture.java:1604) [?:1.8.0_332]
	at java.util.concurrent.ThreadPoolExecutor.runWorker(ThreadPoolExecutor.java:1149) [?:1.8.0_332]
	at java.util.concurrent.ThreadPoolExecutor$Worker.run(ThreadPoolExecutor.java:624) [?:1.8.0_332]
	at java.lang.Thread.run(Thread.java:750) [?:1.8.0_332]
2022-07-27 23:16:53,559 [OM StateMachine ApplyTransaction Thread - 0] ERROR volume.OMVolumeDeleteRequest (OMVolumeDeleteRequest.java:validateAndUpdateCache(170)) - Volume deletion failed for user:runner volume:volume-36139
VOLUME_NOT_EMPTY org.apache.hadoop.ozone.om.exceptions.OMException
	at org.apache.hadoop.ozone.om.request.volume.OMVolumeDeleteRequest.validateAndUpdateCache(OMVolumeDeleteRequest.java:122)
	at org.apache.hadoop.ozone.protocolPB.OzoneManagerRequestHandler.handleWriteRequest(OzoneManagerRequestHandler.java:300)
	at org.apache.hadoop.ozone.om.ratis.OzoneManagerStateMachine.runCommand(OzoneManagerStateMachine.java:529)
	at org.apache.hadoop.ozone.om.ratis.OzoneManagerStateMachine.lambda$1(OzoneManagerStateMachine.java:324)
	at java.util.concurrent.CompletableFuture$AsyncSupply.run(CompletableFuture.java:1604)
	at java.util.concurrent.ThreadPoolExecutor.runWorker(ThreadPoolExecutor.java:1149)
	at java.util.concurrent.ThreadPoolExecutor$Worker.run(ThreadPoolExecutor.java:624)
	at java.lang.Thread.run(Thread.java:750)
23:16:53.570 [IPC Server handler 0 on default port 44809] ERROR OMAudit - user=runner | ip=127.0.0.1 | op=READ_BUCKET {volume=volume-36139, bucket=link} | ret=FAILURE
org.apache.hadoop.ozone.om.exceptions.OMException: Volume not found when getting bucket info
	at org.apache.hadoop.ozone.om.BucketManagerImpl.getBucketInfo(BucketManagerImpl.java:127) ~[ozone-manager-1.3.0-SNAPSHOT.jar:?]
	at org.apache.hadoop.ozone.om.OzoneManager.getBucketInfo(OzoneManager.java:2779) ~[ozone-manager-1.3.0-SNAPSHOT.jar:?]
	at org.apache.hadoop.ozone.protocolPB.OzoneManagerRequestHandler.infoBucket(OzoneManagerRequestHandler.java:471) ~[ozone-manager-1.3.0-SNAPSHOT.jar:?]
	at org.apache.hadoop.ozone.protocolPB.OzoneManagerRequestHandler.handleReadRequest(OzoneManagerRequestHandler.java:174) ~[ozone-manager-1.3.0-SNAPSHOT.jar:?]
	at org.apache.hadoop.ozone.protocolPB.OzoneManagerProtocolServerSideTranslatorPB.submitReadRequestToOM(OzoneManagerProtocolServerSideTranslatorPB.java:226) ~[ozone-manager-1.3.0-SNAPSHOT.jar:?]
	at org.apache.hadoop.ozone.protocolPB.OzoneManagerProtocolServerSideTranslatorPB.processRequest(OzoneManagerProtocolServerSideTranslatorPB.java:175) ~[ozone-manager-1.3.0-SNAPSHOT.jar:?]
	at org.apache.hadoop.hdds.server.OzoneProtocolMessageDispatcher.processRequest(OzoneProtocolMessageDispatcher.java:87) [hdds-server-framework-1.3.0-SNAPSHOT.jar:?]
	at org.apache.hadoop.ozone.protocolPB.OzoneManagerProtocolServerSideTranslatorPB.submitRequest(OzoneManagerProtocolServerSideTranslatorPB.java:147) [ozone-manager-1.3.0-SNAPSHOT.jar:?]
	at org.apache.hadoop.ozone.protocol.proto.OzoneManagerProtocolProtos$OzoneManagerService$2.callBlockingMethod(OzoneManagerProtocolProtos.java) [ozone-interface-client-1.3.0-SNAPSHOT.jar:?]
	at org.apache.hadoop.ipc.ProtobufRpcEngine$Server.processCall(ProtobufRpcEngine.java:466) [hadoop-common-3.3.1.jar:?]
	at org.apache.hadoop.ipc.ProtobufRpcEngine2$Server$ProtoBufRpcInvoker.call(ProtobufRpcEngine2.java:574) [hadoop-common-3.3.1.jar:?]
	at org.apache.hadoop.ipc.ProtobufRpcEngine2$Server$ProtoBufRpcInvoker.call(ProtobufRpcEngine2.java:552) [hadoop-common-3.3.1.jar:?]
	at org.apache.hadoop.ipc.RPC$Server.call(RPC.java:1093) [hadoop-common-3.3.1.jar:?]
	at org.apache.hadoop.ipc.Server$RpcCall.run(Server.java:1035) [hadoop-common-3.3.1.jar:?]
	at org.apache.hadoop.ipc.Server$RpcCall.run(Server.java:963) [hadoop-common-3.3.1.jar:?]
	at java.security.AccessController.doPrivileged(Native Method) ~[?:1.8.0_332]
	at javax.security.auth.Subject.doAs(Subject.java:422) [?:1.8.0_332]
	at org.apache.hadoop.security.UserGroupInformation.doAs(UserGroupInformation.java:1878) [hadoop-common-3.3.1.jar:?]
	at org.apache.hadoop.ipc.Server$Handler.run(Server.java:2966) [hadoop-common-3.3.1.jar:?]
]]></system-out>
  </testcase>
  <testcase name="testDeleteBucketLink" classname="TestRootedOzoneFileSystemWithFSO" time="0.17">
    <system-out><![CDATA[2022-07-27 23:17:56,090 [Time-limited test] INFO  rpc.RpcClient (RpcClient.java:createVolume(467)) - Creating Volume: volume51700, with user86292 as owner and space quota set to -1 bytes, counts quota set to -1
2022-07-27 23:17:56,091 [IPC Server handler 10 on default port 45823] INFO  volume.OMVolumeCreateRequest (OMVolumeCreateRequest.java:validateAndUpdateCache(195)) - created volume:volume51700 for user:user86292
2022-07-27 23:17:56,092 [Time-limited test] INFO  rpc.RpcClient (RpcClient.java:createBucket(670)) - Creating Bucket: volume51700/bucket71892, with bucket layout FILE_SYSTEM_OPTIMIZED, runner as owner, Versioning false, Storage Type set to DISK and Encryption set to false 
2022-07-27 23:17:56,092 [IPC Server handler 8 on default port 45823] INFO  bucket.OMBucketCreateRequest (OMBucketCreateRequest.java:validateAndUpdateCache(260)) - created bucket: bucket71892 of layout FILE_SYSTEM_OPTIMIZED in volume: volume51700
23:17:56.093 [IPC Server handler 1 on default port 45823] ERROR OMAudit - user=runner | ip=127.0.0.1 | op=READ_BUCKET {volume=volume-93275, bucket=bucket} | ret=FAILURE
org.apache.hadoop.ozone.om.exceptions.OMException: Volume not found when getting bucket info
	at org.apache.hadoop.ozone.om.BucketManagerImpl.getBucketInfo(BucketManagerImpl.java:127) ~[ozone-manager-1.3.0-SNAPSHOT.jar:?]
	at org.apache.hadoop.ozone.om.OzoneManager.getBucketInfo(OzoneManager.java:2779) ~[ozone-manager-1.3.0-SNAPSHOT.jar:?]
	at org.apache.hadoop.ozone.protocolPB.OzoneManagerRequestHandler.infoBucket(OzoneManagerRequestHandler.java:471) ~[ozone-manager-1.3.0-SNAPSHOT.jar:?]
	at org.apache.hadoop.ozone.protocolPB.OzoneManagerRequestHandler.handleReadRequest(OzoneManagerRequestHandler.java:174) ~[ozone-manager-1.3.0-SNAPSHOT.jar:?]
	at org.apache.hadoop.ozone.protocolPB.OzoneManagerProtocolServerSideTranslatorPB.submitRequestDirectlyToOM(OzoneManagerProtocolServerSideTranslatorPB.java:276) ~[ozone-manager-1.3.0-SNAPSHOT.jar:?]
	at org.apache.hadoop.ozone.protocolPB.OzoneManagerProtocolServerSideTranslatorPB.processRequest(OzoneManagerProtocolServerSideTranslatorPB.java:205) ~[ozone-manager-1.3.0-SNAPSHOT.jar:?]
	at org.apache.hadoop.hdds.server.OzoneProtocolMessageDispatcher.processRequest(OzoneProtocolMessageDispatcher.java:87) [hdds-server-framework-1.3.0-SNAPSHOT.jar:?]
	at org.apache.hadoop.ozone.protocolPB.OzoneManagerProtocolServerSideTranslatorPB.submitRequest(OzoneManagerProtocolServerSideTranslatorPB.java:147) [ozone-manager-1.3.0-SNAPSHOT.jar:?]
	at org.apache.hadoop.ozone.protocol.proto.OzoneManagerProtocolProtos$OzoneManagerService$2.callBlockingMethod(OzoneManagerProtocolProtos.java) [ozone-interface-client-1.3.0-SNAPSHOT.jar:?]
	at org.apache.hadoop.ipc.ProtobufRpcEngine$Server.processCall(ProtobufRpcEngine.java:466) [hadoop-common-3.3.1.jar:?]
	at org.apache.hadoop.ipc.ProtobufRpcEngine2$Server$ProtoBufRpcInvoker.call(ProtobufRpcEngine2.java:574) [hadoop-common-3.3.1.jar:?]
	at org.apache.hadoop.ipc.ProtobufRpcEngine2$Server$ProtoBufRpcInvoker.call(ProtobufRpcEngine2.java:552) [hadoop-common-3.3.1.jar:?]
	at org.apache.hadoop.ipc.RPC$Server.call(RPC.java:1093) [hadoop-common-3.3.1.jar:?]
	at org.apache.hadoop.ipc.Server$RpcCall.run(Server.java:1035) [hadoop-common-3.3.1.jar:?]
	at org.apache.hadoop.ipc.Server$RpcCall.run(Server.java:963) [hadoop-common-3.3.1.jar:?]
	at java.security.AccessController.doPrivileged(Native Method) ~[?:1.8.0_332]
	at javax.security.auth.Subject.doAs(Subject.java:422) [?:1.8.0_332]
	at org.apache.hadoop.security.UserGroupInformation.doAs(UserGroupInformation.java:1878) [hadoop-common-3.3.1.jar:?]
	at org.apache.hadoop.ipc.Server$Handler.run(Server.java:2966) [hadoop-common-3.3.1.jar:?]
2022-07-27 23:17:56,097 [Time-limited test] INFO  rpc.RpcClient (RpcClient.java:createVolume(467)) - Creating Volume: volume-93275, with runner as owner and space quota set to -1 bytes, counts quota set to -1
2022-07-27 23:17:56,097 [IPC Server handler 2 on default port 45823] INFO  volume.OMVolumeCreateRequest (OMVolumeCreateRequest.java:validateAndUpdateCache(195)) - created volume:volume-93275 for user:runner
2022-07-27 23:17:56,098 [Time-limited test] INFO  rpc.RpcClient (RpcClient.java:createBucket(670)) - Creating Bucket: volume-93275/bucket, with bucket layout FILE_SYSTEM_OPTIMIZED, runner as owner, Versioning false, Storage Type set to DISK and Encryption set to false 
2022-07-27 23:17:56,098 [IPC Server handler 3 on default port 45823] INFO  bucket.OMBucketCreateRequest (OMBucketCreateRequest.java:validateAndUpdateCache(260)) - created bucket: bucket of layout FILE_SYSTEM_OPTIMIZED in volume: volume-93275
2022-07-27 23:17:56,100 [Time-limited test] INFO  rpc.RpcClient (RpcClient.java:createVolume(467)) - Creating Volume: volume-00341, with runner as owner and space quota set to -1 bytes, counts quota set to -1
2022-07-27 23:17:56,100 [IPC Server handler 16 on default port 45823] INFO  volume.OMVolumeCreateRequest (OMVolumeCreateRequest.java:validateAndUpdateCache(195)) - created volume:volume-00341 for user:runner
2022-07-27 23:17:56,101 [Time-limited test] INFO  rpc.RpcClient (RpcClient.java:createBucket(670)) - Creating Bucket: volume-00341/link, with server-side default bucket layout, runner as owner, Versioning false, Storage Type set to DISK and Encryption set to false 
2022-07-27 23:17:56,101 [IPC Server handler 14 on default port 45823] INFO  bucket.OMBucketCreateRequest (OMBucketCreateRequest.java:validateAndUpdateCache(260)) - created bucket: link of layout LEGACY in volume: volume-00341
23:17:56.103 [IPC Server handler 8 on default port 45823] ERROR OMAudit - user=runner | ip=127.0.0.1 | op=DELETE_VOLUME {volume=volume-00341} | ret=FAILURE
org.apache.hadoop.ozone.om.exceptions.OMException: null
	at org.apache.hadoop.ozone.om.request.volume.OMVolumeDeleteRequest.validateAndUpdateCache(OMVolumeDeleteRequest.java:122) ~[ozone-manager-1.3.0-SNAPSHOT.jar:?]
	at org.apache.hadoop.ozone.protocolPB.OzoneManagerRequestHandler.handleWriteRequest(OzoneManagerRequestHandler.java:300) ~[ozone-manager-1.3.0-SNAPSHOT.jar:?]
	at org.apache.hadoop.ozone.protocolPB.OzoneManagerProtocolServerSideTranslatorPB.submitRequestDirectlyToOM(OzoneManagerProtocolServerSideTranslatorPB.java:282) ~[ozone-manager-1.3.0-SNAPSHOT.jar:?]
	at org.apache.hadoop.ozone.protocolPB.OzoneManagerProtocolServerSideTranslatorPB.processRequest(OzoneManagerProtocolServerSideTranslatorPB.java:205) ~[ozone-manager-1.3.0-SNAPSHOT.jar:?]
	at org.apache.hadoop.hdds.server.OzoneProtocolMessageDispatcher.processRequest(OzoneProtocolMessageDispatcher.java:87) [hdds-server-framework-1.3.0-SNAPSHOT.jar:?]
	at org.apache.hadoop.ozone.protocolPB.OzoneManagerProtocolServerSideTranslatorPB.submitRequest(OzoneManagerProtocolServerSideTranslatorPB.java:147) [ozone-manager-1.3.0-SNAPSHOT.jar:?]
	at org.apache.hadoop.ozone.protocol.proto.OzoneManagerProtocolProtos$OzoneManagerService$2.callBlockingMethod(OzoneManagerProtocolProtos.java) [ozone-interface-client-1.3.0-SNAPSHOT.jar:?]
	at org.apache.hadoop.ipc.ProtobufRpcEngine$Server.processCall(ProtobufRpcEngine.java:466) [hadoop-common-3.3.1.jar:?]
	at org.apache.hadoop.ipc.ProtobufRpcEngine2$Server$ProtoBufRpcInvoker.call(ProtobufRpcEngine2.java:574) [hadoop-common-3.3.1.jar:?]
	at org.apache.hadoop.ipc.ProtobufRpcEngine2$Server$ProtoBufRpcInvoker.call(ProtobufRpcEngine2.java:552) [hadoop-common-3.3.1.jar:?]
	at org.apache.hadoop.ipc.RPC$Server.call(RPC.java:1093) [hadoop-common-3.3.1.jar:?]
	at org.apache.hadoop.ipc.Server$RpcCall.run(Server.java:1035) [hadoop-common-3.3.1.jar:?]
	at org.apache.hadoop.ipc.Server$RpcCall.run(Server.java:963) [hadoop-common-3.3.1.jar:?]
	at java.security.AccessController.doPrivileged(Native Method) ~[?:1.8.0_332]
	at javax.security.auth.Subject.doAs(Subject.java:422) [?:1.8.0_332]
	at org.apache.hadoop.security.UserGroupInformation.doAs(UserGroupInformation.java:1878) [hadoop-common-3.3.1.jar:?]
	at org.apache.hadoop.ipc.Server$Handler.run(Server.java:2966) [hadoop-common-3.3.1.jar:?]
2022-07-27 23:17:56,103 [IPC Server handler 8 on default port 45823] ERROR volume.OMVolumeDeleteRequest (OMVolumeDeleteRequest.java:validateAndUpdateCache(170)) - Volume deletion failed for user:runner volume:volume-00341
VOLUME_NOT_EMPTY org.apache.hadoop.ozone.om.exceptions.OMException
	at org.apache.hadoop.ozone.om.request.volume.OMVolumeDeleteRequest.validateAndUpdateCache(OMVolumeDeleteRequest.java:122)
	at org.apache.hadoop.ozone.protocolPB.OzoneManagerRequestHandler.handleWriteRequest(OzoneManagerRequestHandler.java:300)
	at org.apache.hadoop.ozone.protocolPB.OzoneManagerProtocolServerSideTranslatorPB.submitRequestDirectlyToOM(OzoneManagerProtocolServerSideTranslatorPB.java:282)
	at org.apache.hadoop.ozone.protocolPB.OzoneManagerProtocolServerSideTranslatorPB.processRequest(OzoneManagerProtocolServerSideTranslatorPB.java:205)
	at org.apache.hadoop.hdds.server.OzoneProtocolMessageDispatcher.processRequest(OzoneProtocolMessageDispatcher.java:87)
	at org.apache.hadoop.ozone.protocolPB.OzoneManagerProtocolServerSideTranslatorPB.submitRequest(OzoneManagerProtocolServerSideTranslatorPB.java:147)
	at org.apache.hadoop.ozone.protocol.proto.OzoneManagerProtocolProtos$OzoneManagerService$2.callBlockingMethod(OzoneManagerProtocolProtos.java)
	at org.apache.hadoop.ipc.ProtobufRpcEngine$Server.processCall(ProtobufRpcEngine.java:466)
	at org.apache.hadoop.ipc.ProtobufRpcEngine2$Server$ProtoBufRpcInvoker.call(ProtobufRpcEngine2.java:574)
	at org.apache.hadoop.ipc.ProtobufRpcEngine2$Server$ProtoBufRpcInvoker.call(ProtobufRpcEngine2.java:552)
	at org.apache.hadoop.ipc.RPC$Server.call(RPC.java:1093)
	at org.apache.hadoop.ipc.Server$RpcCall.run(Server.java:1035)
	at org.apache.hadoop.ipc.Server$RpcCall.run(Server.java:963)
	at java.security.AccessController.doPrivileged(Native Method)
	at javax.security.auth.Subject.doAs(Subject.java:422)
	at org.apache.hadoop.security.UserGroupInformation.doAs(UserGroupInformation.java:1878)
	at org.apache.hadoop.ipc.Server$Handler.run(Server.java:2966)
23:17:56.110 [IPC Server handler 11 on default port 45823] ERROR OMAudit - user=runner | ip=127.0.0.1 | op=READ_BUCKET {volume=volume-00341, bucket=link} | ret=FAILURE
org.apache.hadoop.ozone.om.exceptions.OMException: Volume not found when getting bucket info
	at org.apache.hadoop.ozone.om.BucketManagerImpl.getBucketInfo(BucketManagerImpl.java:127) ~[ozone-manager-1.3.0-SNAPSHOT.jar:?]
	at org.apache.hadoop.ozone.om.OzoneManager.getBucketInfo(OzoneManager.java:2779) ~[ozone-manager-1.3.0-SNAPSHOT.jar:?]
	at org.apache.hadoop.ozone.protocolPB.OzoneManagerRequestHandler.infoBucket(OzoneManagerRequestHandler.java:471) ~[ozone-manager-1.3.0-SNAPSHOT.jar:?]
	at org.apache.hadoop.ozone.protocolPB.OzoneManagerRequestHandler.handleReadRequest(OzoneManagerRequestHandler.java:174) ~[ozone-manager-1.3.0-SNAPSHOT.jar:?]
	at org.apache.hadoop.ozone.protocolPB.OzoneManagerProtocolServerSideTranslatorPB.submitRequestDirectlyToOM(OzoneManagerProtocolServerSideTranslatorPB.java:276) ~[ozone-manager-1.3.0-SNAPSHOT.jar:?]
	at org.apache.hadoop.ozone.protocolPB.OzoneManagerProtocolServerSideTranslatorPB.processRequest(OzoneManagerProtocolServerSideTranslatorPB.java:205) ~[ozone-manager-1.3.0-SNAPSHOT.jar:?]
	at org.apache.hadoop.hdds.server.OzoneProtocolMessageDispatcher.processRequest(OzoneProtocolMessageDispatcher.java:87) [hdds-server-framework-1.3.0-SNAPSHOT.jar:?]
	at org.apache.hadoop.ozone.protocolPB.OzoneManagerProtocolServerSideTranslatorPB.submitRequest(OzoneManagerProtocolServerSideTranslatorPB.java:147) [ozone-manager-1.3.0-SNAPSHOT.jar:?]
	at org.apache.hadoop.ozone.protocol.proto.OzoneManagerProtocolProtos$OzoneManagerService$2.callBlockingMethod(OzoneManagerProtocolProtos.java) [ozone-interface-client-1.3.0-SNAPSHOT.jar:?]
	at org.apache.hadoop.ipc.ProtobufRpcEngine$Server.processCall(ProtobufRpcEngine.java:466) [hadoop-common-3.3.1.jar:?]
	at org.apache.hadoop.ipc.ProtobufRpcEngine2$Server$ProtoBufRpcInvoker.call(ProtobufRpcEngine2.java:574) [hadoop-common-3.3.1.jar:?]
	at org.apache.hadoop.ipc.ProtobufRpcEngine2$Server$ProtoBufRpcInvoker.call(ProtobufRpcEngine2.java:552) [hadoop-common-3.3.1.jar:?]
	at org.apache.hadoop.ipc.RPC$Server.call(RPC.java:1093) [hadoop-common-3.3.1.jar:?]
	at org.apache.hadoop.ipc.Server$RpcCall.run(Server.java:1035) [hadoop-common-3.3.1.jar:?]
	at org.apache.hadoop.ipc.Server$RpcCall.run(Server.java:963) [hadoop-common-3.3.1.jar:?]
	at java.security.AccessController.doPrivileged(Native Method) ~[?:1.8.0_332]
	at javax.security.auth.Subject.doAs(Subject.java:422) [?:1.8.0_332]
	at org.apache.hadoop.security.UserGroupInformation.doAs(UserGroupInformation.java:1878) [hadoop-common-3.3.1.jar:?]
	at org.apache.hadoop.ipc.Server$Handler.run(Server.java:2966) [hadoop-common-3.3.1.jar:?]
]]></system-out>
  </testcase>
  <testcase name="testBucketDefaultsShouldNotBeInheritedToFileForNonEC" classname="TestRootedOzoneFileSystemWithFSO" time="0.166">
    <system-out><![CDATA[2022-07-27 23:16:53,619 [Time-limited test] INFO  rpc.RpcClient (RpcClient.java:createVolume(467)) - Creating Volume: volume35808, with user43813 as owner and space quota set to -1 bytes, counts quota set to -1
2022-07-27 23:16:53,621 [OM StateMachine ApplyTransaction Thread - 0] INFO  volume.OMVolumeCreateRequest (OMVolumeCreateRequest.java:validateAndUpdateCache(195)) - created volume:volume35808 for user:user43813
2022-07-27 23:16:53,622 [Time-limited test] INFO  rpc.RpcClient (RpcClient.java:createBucket(670)) - Creating Bucket: volume35808/bucket43841, with bucket layout FILE_SYSTEM_OPTIMIZED, runner as owner, Versioning false, Storage Type set to DISK and Encryption set to false 
2022-07-27 23:16:53,623 [OM StateMachine ApplyTransaction Thread - 0] INFO  bucket.OMBucketCreateRequest (OMBucketCreateRequest.java:validateAndUpdateCache(260)) - created bucket: bucket43841 of layout FILE_SYSTEM_OPTIMIZED in volume: volume35808
2022-07-27 23:16:53,642 [Time-limited test] INFO  rpc.RpcClient (RpcClient.java:createVolume(467)) - Creating Volume: 5116d0ed-d071-409d-8a7f-6a531960eda2, with user70256 as owner and space quota set to -1 bytes, counts quota set to -1
2022-07-27 23:16:53,643 [OM StateMachine ApplyTransaction Thread - 0] INFO  volume.OMVolumeCreateRequest (OMVolumeCreateRequest.java:validateAndUpdateCache(195)) - created volume:5116d0ed-d071-409d-8a7f-6a531960eda2 for user:user70256
2022-07-27 23:16:53,645 [Time-limited test] INFO  rpc.RpcClient (RpcClient.java:createBucket(670)) - Creating Bucket: 5116d0ed-d071-409d-8a7f-6a531960eda2/718ffb63-c792-444e-b8d7-58459fef9ce2, with bucket layout LEGACY, runner as owner, Versioning false, Storage Type set to DISK and Encryption set to false 
2022-07-27 23:16:53,652 [OM StateMachine ApplyTransaction Thread - 0] INFO  bucket.OMBucketCreateRequest (OMBucketCreateRequest.java:validateAndUpdateCache(260)) - created bucket: 718ffb63-c792-444e-b8d7-58459fef9ce2 of layout LEGACY in volume: 5116d0ed-d071-409d-8a7f-6a531960eda2
]]></system-out>
  </testcase>
  <testcase name="testBucketDefaultsShouldNotBeInheritedToFileForNonEC" classname="TestRootedOzoneFileSystemWithFSO" time="0.57">
    <system-out><![CDATA[2022-07-27 23:17:56,247 [Time-limited test] INFO  rpc.RpcClient (RpcClient.java:createVolume(467)) - Creating Volume: volume58063, with user31709 as owner and space quota set to -1 bytes, counts quota set to -1
2022-07-27 23:17:56,250 [IPC Server handler 13 on default port 45823] INFO  volume.OMVolumeCreateRequest (OMVolumeCreateRequest.java:validateAndUpdateCache(195)) - created volume:volume58063 for user:user31709
2022-07-27 23:17:56,251 [Time-limited test] INFO  rpc.RpcClient (RpcClient.java:createBucket(670)) - Creating Bucket: volume58063/bucket76067, with bucket layout FILE_SYSTEM_OPTIMIZED, runner as owner, Versioning false, Storage Type set to DISK and Encryption set to false 
2022-07-27 23:17:56,251 [IPC Server handler 11 on default port 45823] INFO  bucket.OMBucketCreateRequest (OMBucketCreateRequest.java:validateAndUpdateCache(260)) - created bucket: bucket76067 of layout FILE_SYSTEM_OPTIMIZED in volume: volume58063
2022-07-27 23:17:56,346 [Time-limited test] INFO  rpc.RpcClient (RpcClient.java:createVolume(467)) - Creating Volume: c5ead2b9-557c-4940-8017-7803f3590423, with user01033 as owner and space quota set to -1 bytes, counts quota set to -1
2022-07-27 23:17:56,347 [IPC Server handler 8 on default port 45823] INFO  volume.OMVolumeCreateRequest (OMVolumeCreateRequest.java:validateAndUpdateCache(195)) - created volume:c5ead2b9-557c-4940-8017-7803f3590423 for user:user01033
2022-07-27 23:17:56,350 [Time-limited test] INFO  rpc.RpcClient (RpcClient.java:createBucket(670)) - Creating Bucket: c5ead2b9-557c-4940-8017-7803f3590423/4f48ac7f-d891-4778-905c-4004e0240f22, with bucket layout LEGACY, runner as owner, Versioning false, Storage Type set to DISK and Encryption set to false 
2022-07-27 23:17:56,351 [IPC Server handler 6 on default port 45823] INFO  bucket.OMBucketCreateRequest (OMBucketCreateRequest.java:validateAndUpdateCache(260)) - created bucket: 4f48ac7f-d891-4778-905c-4004e0240f22 of layout LEGACY in volume: c5ead2b9-557c-4940-8017-7803f3590423
]]></system-out>
  </testcase>
  <testcase name="testTrash" classname="TestRootedOzoneFileSystemWithFSO" time="0">
    <skipped/>
  </testcase>
  <testcase name="testTrash" classname="TestRootedOzoneFileSystemWithFSO" time="0">
    <skipped/>
  </testcase>
  <testcase name="testGetFileStatusRoot" classname="TestRootedOzoneFileSystemWithFSO" time="0.047">
    <system-out><![CDATA[2022-07-27 23:16:53,790 [Time-limited test] INFO  rpc.RpcClient (RpcClient.java:createVolume(467)) - Creating Volume: volume48724, with user64016 as owner and space quota set to -1 bytes, counts quota set to -1
2022-07-27 23:16:53,792 [OM StateMachine ApplyTransaction Thread - 0] INFO  volume.OMVolumeCreateRequest (OMVolumeCreateRequest.java:validateAndUpdateCache(195)) - created volume:volume48724 for user:user64016
2022-07-27 23:16:53,794 [Time-limited test] INFO  rpc.RpcClient (RpcClient.java:createBucket(670)) - Creating Bucket: volume48724/bucket18520, with bucket layout FILE_SYSTEM_OPTIMIZED, runner as owner, Versioning false, Storage Type set to DISK and Encryption set to false 
2022-07-27 23:16:53,795 [OM StateMachine ApplyTransaction Thread - 0] INFO  bucket.OMBucketCreateRequest (OMBucketCreateRequest.java:validateAndUpdateCache(260)) - created bucket: bucket18520 of layout FILE_SYSTEM_OPTIMIZED in volume: volume48724
]]></system-out>
  </testcase>
  <testcase name="testGetFileStatusRoot" classname="TestRootedOzoneFileSystemWithFSO" time="0.083">
    <system-out><![CDATA[2022-07-27 23:17:56,795 [Time-limited test] INFO  rpc.RpcClient (RpcClient.java:createVolume(467)) - Creating Volume: volume51991, with user36200 as owner and space quota set to -1 bytes, counts quota set to -1
2022-07-27 23:17:56,796 [IPC Server handler 4 on default port 45823] INFO  volume.OMVolumeCreateRequest (OMVolumeCreateRequest.java:validateAndUpdateCache(195)) - created volume:volume51991 for user:user36200
2022-07-27 23:17:56,797 [Time-limited test] INFO  rpc.RpcClient (RpcClient.java:createBucket(670)) - Creating Bucket: volume51991/bucket53527, with bucket layout FILE_SYSTEM_OPTIMIZED, runner as owner, Versioning false, Storage Type set to DISK and Encryption set to false 
2022-07-27 23:17:56,797 [IPC Server handler 19 on default port 45823] INFO  bucket.OMBucketCreateRequest (OMBucketCreateRequest.java:validateAndUpdateCache(260)) - created bucket: bucket53527 of layout FILE_SYSTEM_OPTIMIZED in volume: volume51991
]]></system-out>
  </testcase>
  <testcase name="testListStatusRootAndVolumeContinuation" classname="TestRootedOzoneFileSystemWithFSO" time="0">
    <skipped type="org.junit.AssumptionViolatedException"><![CDATA[org.junit.AssumptionViolatedException: FS Path is enabled. Skipping this test as it is not tuned for FS Path yet
	at org.junit.Assume.assumeTrue(Assume.java:68)
	at org.apache.hadoop.fs.ozone.TestRootedOzoneFileSystem.testListStatusRootAndVolumeContinuation(TestRootedOzoneFileSystem.java:912)
	at sun.reflect.NativeMethodAccessorImpl.invoke0(Native Method)
	at sun.reflect.NativeMethodAccessorImpl.invoke(NativeMethodAccessorImpl.java:62)
	at sun.reflect.DelegatingMethodAccessorImpl.invoke(DelegatingMethodAccessorImpl.java:43)
	at java.lang.reflect.Method.invoke(Method.java:498)
	at org.junit.runners.model.FrameworkMethod$1.runReflectiveCall(FrameworkMethod.java:59)
	at org.junit.internal.runners.model.ReflectiveCallable.run(ReflectiveCallable.java:12)
	at org.junit.runners.model.FrameworkMethod.invokeExplosively(FrameworkMethod.java:56)
	at org.junit.internal.runners.statements.InvokeMethod.evaluate(InvokeMethod.java:17)
	at org.junit.internal.runners.statements.RunBefores.evaluate(RunBefores.java:26)
	at org.junit.internal.runners.statements.RunAfters.evaluate(RunAfters.java:27)
	at org.junit.internal.runners.statements.FailOnTimeout$CallableStatement.call(FailOnTimeout.java:288)
	at org.junit.internal.runners.statements.FailOnTimeout$CallableStatement.call(FailOnTimeout.java:282)
	at java.util.concurrent.FutureTask.run(FutureTask.java:266)
	at java.lang.Thread.run(Thread.java:750)
]]></skipped>
    <system-out><![CDATA[2022-07-27 23:16:53,837 [Time-limited test] INFO  rpc.RpcClient (RpcClient.java:createVolume(467)) - Creating Volume: volume94681, with user68364 as owner and space quota set to -1 bytes, counts quota set to -1
2022-07-27 23:16:53,839 [OM StateMachine ApplyTransaction Thread - 0] INFO  volume.OMVolumeCreateRequest (OMVolumeCreateRequest.java:validateAndUpdateCache(195)) - created volume:volume94681 for user:user68364
2022-07-27 23:16:53,841 [Time-limited test] INFO  rpc.RpcClient (RpcClient.java:createBucket(670)) - Creating Bucket: volume94681/bucket82418, with bucket layout FILE_SYSTEM_OPTIMIZED, runner as owner, Versioning false, Storage Type set to DISK and Encryption set to false 
2022-07-27 23:16:53,842 [OM StateMachine ApplyTransaction Thread - 0] INFO  bucket.OMBucketCreateRequest (OMBucketCreateRequest.java:validateAndUpdateCache(260)) - created bucket: bucket82418 of layout FILE_SYSTEM_OPTIMIZED in volume: volume94681
]]></system-out>
  </testcase>
  <testcase name="testListStatusRootAndVolumeContinuation" classname="TestRootedOzoneFileSystemWithFSO" time="0">
    <skipped type="org.junit.AssumptionViolatedException"><![CDATA[org.junit.AssumptionViolatedException: FS Path is enabled. Skipping this test as it is not tuned for FS Path yet
	at org.junit.Assume.assumeTrue(Assume.java:68)
	at org.apache.hadoop.fs.ozone.TestRootedOzoneFileSystem.testListStatusRootAndVolumeContinuation(TestRootedOzoneFileSystem.java:912)
	at sun.reflect.NativeMethodAccessorImpl.invoke0(Native Method)
	at sun.reflect.NativeMethodAccessorImpl.invoke(NativeMethodAccessorImpl.java:62)
	at sun.reflect.DelegatingMethodAccessorImpl.invoke(DelegatingMethodAccessorImpl.java:43)
	at java.lang.reflect.Method.invoke(Method.java:498)
	at org.junit.runners.model.FrameworkMethod$1.runReflectiveCall(FrameworkMethod.java:59)
	at org.junit.internal.runners.model.ReflectiveCallable.run(ReflectiveCallable.java:12)
	at org.junit.runners.model.FrameworkMethod.invokeExplosively(FrameworkMethod.java:56)
	at org.junit.internal.runners.statements.InvokeMethod.evaluate(InvokeMethod.java:17)
	at org.junit.internal.runners.statements.RunBefores.evaluate(RunBefores.java:26)
	at org.junit.internal.runners.statements.RunAfters.evaluate(RunAfters.java:27)
	at org.junit.internal.runners.statements.FailOnTimeout$CallableStatement.call(FailOnTimeout.java:288)
	at org.junit.internal.runners.statements.FailOnTimeout$CallableStatement.call(FailOnTimeout.java:282)
	at java.util.concurrent.FutureTask.run(FutureTask.java:266)
	at java.lang.Thread.run(Thread.java:750)
]]></skipped>
    <system-out><![CDATA[2022-07-27 23:17:56,903 [Time-limited test] INFO  rpc.RpcClient (RpcClient.java:createVolume(467)) - Creating Volume: volume11441, with user54268 as owner and space quota set to -1 bytes, counts quota set to -1
2022-07-27 23:17:56,904 [IPC Server handler 19 on default port 45823] INFO  volume.OMVolumeCreateRequest (OMVolumeCreateRequest.java:validateAndUpdateCache(195)) - created volume:volume11441 for user:user54268
2022-07-27 23:17:56,908 [Time-limited test] INFO  rpc.RpcClient (RpcClient.java:createBucket(670)) - Creating Bucket: volume11441/bucket01080, with bucket layout FILE_SYSTEM_OPTIMIZED, runner as owner, Versioning false, Storage Type set to DISK and Encryption set to false 
2022-07-27 23:17:56,909 [IPC Server handler 17 on default port 45823] INFO  bucket.OMBucketCreateRequest (OMBucketCreateRequest.java:validateAndUpdateCache(260)) - created bucket: bucket01080 of layout FILE_SYSTEM_OPTIMIZED in volume: volume11441
]]></system-out>
  </testcase>
  <testcase name="testDeleteVolumeBucketAndKey" classname="TestRootedOzoneFileSystemWithFSO" time="0.077">
    <system-out><![CDATA[2022-07-27 23:16:53,878 [Time-limited test] INFO  rpc.RpcClient (RpcClient.java:createVolume(467)) - Creating Volume: volume59848, with user59461 as owner and space quota set to -1 bytes, counts quota set to -1
2022-07-27 23:16:53,880 [OM StateMachine ApplyTransaction Thread - 0] INFO  volume.OMVolumeCreateRequest (OMVolumeCreateRequest.java:validateAndUpdateCache(195)) - created volume:volume59848 for user:user59461
2022-07-27 23:16:53,881 [Time-limited test] INFO  rpc.RpcClient (RpcClient.java:createBucket(670)) - Creating Bucket: volume59848/bucket15560, with bucket layout FILE_SYSTEM_OPTIMIZED, runner as owner, Versioning false, Storage Type set to DISK and Encryption set to false 
2022-07-27 23:16:53,882 [OM StateMachine ApplyTransaction Thread - 0] INFO  bucket.OMBucketCreateRequest (OMBucketCreateRequest.java:validateAndUpdateCache(260)) - created bucket: bucket15560 of layout FILE_SYSTEM_OPTIMIZED in volume: volume59848
23:16:53.883 [IPC Server handler 2 on default port 44809] ERROR OMAudit - user=runner | ip=127.0.0.1 | op=READ_BUCKET {volume=volume-73365, bucket=bucket3} | ret=FAILURE
org.apache.hadoop.ozone.om.exceptions.OMException: Volume not found when getting bucket info
	at org.apache.hadoop.ozone.om.BucketManagerImpl.getBucketInfo(BucketManagerImpl.java:127) ~[ozone-manager-1.3.0-SNAPSHOT.jar:?]
	at org.apache.hadoop.ozone.om.OzoneManager.getBucketInfo(OzoneManager.java:2779) ~[ozone-manager-1.3.0-SNAPSHOT.jar:?]
	at org.apache.hadoop.ozone.protocolPB.OzoneManagerRequestHandler.infoBucket(OzoneManagerRequestHandler.java:471) ~[ozone-manager-1.3.0-SNAPSHOT.jar:?]
	at org.apache.hadoop.ozone.protocolPB.OzoneManagerRequestHandler.handleReadRequest(OzoneManagerRequestHandler.java:174) ~[ozone-manager-1.3.0-SNAPSHOT.jar:?]
	at org.apache.hadoop.ozone.protocolPB.OzoneManagerProtocolServerSideTranslatorPB.submitReadRequestToOM(OzoneManagerProtocolServerSideTranslatorPB.java:226) ~[ozone-manager-1.3.0-SNAPSHOT.jar:?]
	at org.apache.hadoop.ozone.protocolPB.OzoneManagerProtocolServerSideTranslatorPB.processRequest(OzoneManagerProtocolServerSideTranslatorPB.java:175) ~[ozone-manager-1.3.0-SNAPSHOT.jar:?]
	at org.apache.hadoop.hdds.server.OzoneProtocolMessageDispatcher.processRequest(OzoneProtocolMessageDispatcher.java:87) [hdds-server-framework-1.3.0-SNAPSHOT.jar:?]
	at org.apache.hadoop.ozone.protocolPB.OzoneManagerProtocolServerSideTranslatorPB.submitRequest(OzoneManagerProtocolServerSideTranslatorPB.java:147) [ozone-manager-1.3.0-SNAPSHOT.jar:?]
	at org.apache.hadoop.ozone.protocol.proto.OzoneManagerProtocolProtos$OzoneManagerService$2.callBlockingMethod(OzoneManagerProtocolProtos.java) [ozone-interface-client-1.3.0-SNAPSHOT.jar:?]
	at org.apache.hadoop.ipc.ProtobufRpcEngine$Server.processCall(ProtobufRpcEngine.java:466) [hadoop-common-3.3.1.jar:?]
	at org.apache.hadoop.ipc.ProtobufRpcEngine2$Server$ProtoBufRpcInvoker.call(ProtobufRpcEngine2.java:574) [hadoop-common-3.3.1.jar:?]
	at org.apache.hadoop.ipc.ProtobufRpcEngine2$Server$ProtoBufRpcInvoker.call(ProtobufRpcEngine2.java:552) [hadoop-common-3.3.1.jar:?]
	at org.apache.hadoop.ipc.RPC$Server.call(RPC.java:1093) [hadoop-common-3.3.1.jar:?]
	at org.apache.hadoop.ipc.Server$RpcCall.run(Server.java:1035) [hadoop-common-3.3.1.jar:?]
	at org.apache.hadoop.ipc.Server$RpcCall.run(Server.java:963) [hadoop-common-3.3.1.jar:?]
	at java.security.AccessController.doPrivileged(Native Method) ~[?:1.8.0_332]
	at javax.security.auth.Subject.doAs(Subject.java:422) [?:1.8.0_332]
	at org.apache.hadoop.security.UserGroupInformation.doAs(UserGroupInformation.java:1878) [hadoop-common-3.3.1.jar:?]
	at org.apache.hadoop.ipc.Server$Handler.run(Server.java:2966) [hadoop-common-3.3.1.jar:?]
2022-07-27 23:16:53,884 [Time-limited test] INFO  rpc.RpcClient (RpcClient.java:createVolume(467)) - Creating Volume: volume-73365, with runner as owner and space quota set to -1 bytes, counts quota set to -1
2022-07-27 23:16:53,885 [OM StateMachine ApplyTransaction Thread - 0] INFO  volume.OMVolumeCreateRequest (OMVolumeCreateRequest.java:validateAndUpdateCache(195)) - created volume:volume-73365 for user:runner
2022-07-27 23:16:53,886 [Time-limited test] INFO  rpc.RpcClient (RpcClient.java:createBucket(670)) - Creating Bucket: volume-73365/bucket3, with bucket layout FILE_SYSTEM_OPTIMIZED, runner as owner, Versioning false, Storage Type set to DISK and Encryption set to false 
2022-07-27 23:16:53,887 [OM StateMachine ApplyTransaction Thread - 0] INFO  bucket.OMBucketCreateRequest (OMBucketCreateRequest.java:validateAndUpdateCache(260)) - created bucket: bucket3 of layout FILE_SYSTEM_OPTIMIZED in volume: volume-73365
23:16:53.890 [OM StateMachine ApplyTransaction Thread - 0] ERROR OMAudit - user=runner | ip=127.0.0.1 | op=DELETE_VOLUME {volume=volume-73365} | ret=FAILURE
org.apache.hadoop.ozone.om.exceptions.OMException: null
	at org.apache.hadoop.ozone.om.request.volume.OMVolumeDeleteRequest.validateAndUpdateCache(OMVolumeDeleteRequest.java:122) ~[ozone-manager-1.3.0-SNAPSHOT.jar:?]
	at org.apache.hadoop.ozone.protocolPB.OzoneManagerRequestHandler.handleWriteRequest(OzoneManagerRequestHandler.java:300) ~[ozone-manager-1.3.0-SNAPSHOT.jar:?]
	at org.apache.hadoop.ozone.om.ratis.OzoneManagerStateMachine.runCommand(OzoneManagerStateMachine.java:529) ~[ozone-manager-1.3.0-SNAPSHOT.jar:?]
	at org.apache.hadoop.ozone.om.ratis.OzoneManagerStateMachine.lambda$1(OzoneManagerStateMachine.java:324) ~[ozone-manager-1.3.0-SNAPSHOT.jar:?]
	at java.util.concurrent.CompletableFuture$AsyncSupply.run(CompletableFuture.java:1604) [?:1.8.0_332]
	at java.util.concurrent.ThreadPoolExecutor.runWorker(ThreadPoolExecutor.java:1149) [?:1.8.0_332]
	at java.util.concurrent.ThreadPoolExecutor$Worker.run(ThreadPoolExecutor.java:624) [?:1.8.0_332]
	at java.lang.Thread.run(Thread.java:750) [?:1.8.0_332]
2022-07-27 23:16:53,890 [OM StateMachine ApplyTransaction Thread - 0] ERROR volume.OMVolumeDeleteRequest (OMVolumeDeleteRequest.java:validateAndUpdateCache(170)) - Volume deletion failed for user:runner volume:volume-73365
VOLUME_NOT_EMPTY org.apache.hadoop.ozone.om.exceptions.OMException
	at org.apache.hadoop.ozone.om.request.volume.OMVolumeDeleteRequest.validateAndUpdateCache(OMVolumeDeleteRequest.java:122)
	at org.apache.hadoop.ozone.protocolPB.OzoneManagerRequestHandler.handleWriteRequest(OzoneManagerRequestHandler.java:300)
	at org.apache.hadoop.ozone.om.ratis.OzoneManagerStateMachine.runCommand(OzoneManagerStateMachine.java:529)
	at org.apache.hadoop.ozone.om.ratis.OzoneManagerStateMachine.lambda$1(OzoneManagerStateMachine.java:324)
	at java.util.concurrent.CompletableFuture$AsyncSupply.run(CompletableFuture.java:1604)
	at java.util.concurrent.ThreadPoolExecutor.runWorker(ThreadPoolExecutor.java:1149)
	at java.util.concurrent.ThreadPoolExecutor$Worker.run(ThreadPoolExecutor.java:624)
	at java.lang.Thread.run(Thread.java:750)
23:16:53.909 [IPC Server handler 16 on default port 44809] ERROR OMAudit - user=runner | ip=127.0.0.1 | op=READ_VOLUME {volume=volume-73365} | ret=FAILURE
org.apache.hadoop.ozone.om.exceptions.OMException: Volume volume-73365 is not found
	at org.apache.hadoop.ozone.om.VolumeManagerImpl.getVolumeInfo(VolumeManagerImpl.java:74) ~[ozone-manager-1.3.0-SNAPSHOT.jar:?]
	at org.apache.hadoop.ozone.om.OzoneManager.getVolumeInfo(OzoneManager.java:2603) ~[ozone-manager-1.3.0-SNAPSHOT.jar:?]
	at org.apache.hadoop.ozone.protocolPB.OzoneManagerRequestHandler.infoVolume(OzoneManagerRequestHandler.java:397) ~[ozone-manager-1.3.0-SNAPSHOT.jar:?]
	at org.apache.hadoop.ozone.protocolPB.OzoneManagerRequestHandler.handleReadRequest(OzoneManagerRequestHandler.java:164) ~[ozone-manager-1.3.0-SNAPSHOT.jar:?]
	at org.apache.hadoop.ozone.protocolPB.OzoneManagerProtocolServerSideTranslatorPB.submitReadRequestToOM(OzoneManagerProtocolServerSideTranslatorPB.java:226) ~[ozone-manager-1.3.0-SNAPSHOT.jar:?]
	at org.apache.hadoop.ozone.protocolPB.OzoneManagerProtocolServerSideTranslatorPB.processRequest(OzoneManagerProtocolServerSideTranslatorPB.java:175) ~[ozone-manager-1.3.0-SNAPSHOT.jar:?]
	at org.apache.hadoop.hdds.server.OzoneProtocolMessageDispatcher.processRequest(OzoneProtocolMessageDispatcher.java:87) [hdds-server-framework-1.3.0-SNAPSHOT.jar:?]
	at org.apache.hadoop.ozone.protocolPB.OzoneManagerProtocolServerSideTranslatorPB.submitRequest(OzoneManagerProtocolServerSideTranslatorPB.java:147) [ozone-manager-1.3.0-SNAPSHOT.jar:?]
	at org.apache.hadoop.ozone.protocol.proto.OzoneManagerProtocolProtos$OzoneManagerService$2.callBlockingMethod(OzoneManagerProtocolProtos.java) [ozone-interface-client-1.3.0-SNAPSHOT.jar:?]
	at org.apache.hadoop.ipc.ProtobufRpcEngine$Server.processCall(ProtobufRpcEngine.java:466) [hadoop-common-3.3.1.jar:?]
	at org.apache.hadoop.ipc.ProtobufRpcEngine2$Server$ProtoBufRpcInvoker.call(ProtobufRpcEngine2.java:574) [hadoop-common-3.3.1.jar:?]
	at org.apache.hadoop.ipc.ProtobufRpcEngine2$Server$ProtoBufRpcInvoker.call(ProtobufRpcEngine2.java:552) [hadoop-common-3.3.1.jar:?]
	at org.apache.hadoop.ipc.RPC$Server.call(RPC.java:1093) [hadoop-common-3.3.1.jar:?]
	at org.apache.hadoop.ipc.Server$RpcCall.run(Server.java:1035) [hadoop-common-3.3.1.jar:?]
	at org.apache.hadoop.ipc.Server$RpcCall.run(Server.java:963) [hadoop-common-3.3.1.jar:?]
	at java.security.AccessController.doPrivileged(Native Method) ~[?:1.8.0_332]
	at javax.security.auth.Subject.doAs(Subject.java:422) [?:1.8.0_332]
	at org.apache.hadoop.security.UserGroupInformation.doAs(UserGroupInformation.java:1878) [hadoop-common-3.3.1.jar:?]
	at org.apache.hadoop.ipc.Server$Handler.run(Server.java:2966) [hadoop-common-3.3.1.jar:?]
23:16:53.910 [IPC Server handler 14 on default port 44809] ERROR OMAudit - user=runner | ip=127.0.0.1 | op=READ_BUCKET {volume=volume-73365, bucket=bucket3} | ret=FAILURE
org.apache.hadoop.ozone.om.exceptions.OMException: Volume not found when getting bucket info
	at org.apache.hadoop.ozone.om.BucketManagerImpl.getBucketInfo(BucketManagerImpl.java:127) ~[ozone-manager-1.3.0-SNAPSHOT.jar:?]
	at org.apache.hadoop.ozone.om.OzoneManager.getBucketInfo(OzoneManager.java:2779) ~[ozone-manager-1.3.0-SNAPSHOT.jar:?]
	at org.apache.hadoop.ozone.protocolPB.OzoneManagerRequestHandler.infoBucket(OzoneManagerRequestHandler.java:471) ~[ozone-manager-1.3.0-SNAPSHOT.jar:?]
	at org.apache.hadoop.ozone.protocolPB.OzoneManagerRequestHandler.handleReadRequest(OzoneManagerRequestHandler.java:174) ~[ozone-manager-1.3.0-SNAPSHOT.jar:?]
	at org.apache.hadoop.ozone.protocolPB.OzoneManagerProtocolServerSideTranslatorPB.submitReadRequestToOM(OzoneManagerProtocolServerSideTranslatorPB.java:226) ~[ozone-manager-1.3.0-SNAPSHOT.jar:?]
	at org.apache.hadoop.ozone.protocolPB.OzoneManagerProtocolServerSideTranslatorPB.processRequest(OzoneManagerProtocolServerSideTranslatorPB.java:175) ~[ozone-manager-1.3.0-SNAPSHOT.jar:?]
	at org.apache.hadoop.hdds.server.OzoneProtocolMessageDispatcher.processRequest(OzoneProtocolMessageDispatcher.java:87) [hdds-server-framework-1.3.0-SNAPSHOT.jar:?]
	at org.apache.hadoop.ozone.protocolPB.OzoneManagerProtocolServerSideTranslatorPB.submitRequest(OzoneManagerProtocolServerSideTranslatorPB.java:147) [ozone-manager-1.3.0-SNAPSHOT.jar:?]
	at org.apache.hadoop.ozone.protocol.proto.OzoneManagerProtocolProtos$OzoneManagerService$2.callBlockingMethod(OzoneManagerProtocolProtos.java) [ozone-interface-client-1.3.0-SNAPSHOT.jar:?]
	at org.apache.hadoop.ipc.ProtobufRpcEngine$Server.processCall(ProtobufRpcEngine.java:466) [hadoop-common-3.3.1.jar:?]
	at org.apache.hadoop.ipc.ProtobufRpcEngine2$Server$ProtoBufRpcInvoker.call(ProtobufRpcEngine2.java:574) [hadoop-common-3.3.1.jar:?]
	at org.apache.hadoop.ipc.ProtobufRpcEngine2$Server$ProtoBufRpcInvoker.call(ProtobufRpcEngine2.java:552) [hadoop-common-3.3.1.jar:?]
	at org.apache.hadoop.ipc.RPC$Server.call(RPC.java:1093) [hadoop-common-3.3.1.jar:?]
	at org.apache.hadoop.ipc.Server$RpcCall.run(Server.java:1035) [hadoop-common-3.3.1.jar:?]
	at org.apache.hadoop.ipc.Server$RpcCall.run(Server.java:963) [hadoop-common-3.3.1.jar:?]
	at java.security.AccessController.doPrivileged(Native Method) ~[?:1.8.0_332]
	at javax.security.auth.Subject.doAs(Subject.java:422) [?:1.8.0_332]
	at org.apache.hadoop.security.UserGroupInformation.doAs(UserGroupInformation.java:1878) [hadoop-common-3.3.1.jar:?]
	at org.apache.hadoop.ipc.Server$Handler.run(Server.java:2966) [hadoop-common-3.3.1.jar:?]
2022-07-27 23:16:53,910 [Time-limited test] INFO  rpc.RpcClient (RpcClient.java:createVolume(467)) - Creating Volume: volume-73365, with runner as owner and space quota set to -1 bytes, counts quota set to -1
2022-07-27 23:16:53,911 [OM StateMachine ApplyTransaction Thread - 0] INFO  volume.OMVolumeCreateRequest (OMVolumeCreateRequest.java:validateAndUpdateCache(195)) - created volume:volume-73365 for user:runner
2022-07-27 23:16:53,912 [Time-limited test] INFO  rpc.RpcClient (RpcClient.java:createBucket(670)) - Creating Bucket: volume-73365/bucket3, with bucket layout FILE_SYSTEM_OPTIMIZED, runner as owner, Versioning false, Storage Type set to DISK and Encryption set to false 
2022-07-27 23:16:53,913 [OM StateMachine ApplyTransaction Thread - 0] INFO  bucket.OMBucketCreateRequest (OMBucketCreateRequest.java:validateAndUpdateCache(260)) - created bucket: bucket3 of layout FILE_SYSTEM_OPTIMIZED in volume: volume-73365
23:16:53.924 [IPC Server handler 4 on default port 44809] ERROR OMAudit - user=runner | ip=127.0.0.1 | op=READ_VOLUME {volume=volume-73365} | ret=FAILURE
org.apache.hadoop.ozone.om.exceptions.OMException: Volume volume-73365 is not found
	at org.apache.hadoop.ozone.om.VolumeManagerImpl.getVolumeInfo(VolumeManagerImpl.java:74) ~[ozone-manager-1.3.0-SNAPSHOT.jar:?]
	at org.apache.hadoop.ozone.om.OzoneManager.getVolumeInfo(OzoneManager.java:2603) ~[ozone-manager-1.3.0-SNAPSHOT.jar:?]
	at org.apache.hadoop.ozone.protocolPB.OzoneManagerRequestHandler.infoVolume(OzoneManagerRequestHandler.java:397) ~[ozone-manager-1.3.0-SNAPSHOT.jar:?]
	at org.apache.hadoop.ozone.protocolPB.OzoneManagerRequestHandler.handleReadRequest(OzoneManagerRequestHandler.java:164) ~[ozone-manager-1.3.0-SNAPSHOT.jar:?]
	at org.apache.hadoop.ozone.protocolPB.OzoneManagerProtocolServerSideTranslatorPB.submitReadRequestToOM(OzoneManagerProtocolServerSideTranslatorPB.java:226) ~[ozone-manager-1.3.0-SNAPSHOT.jar:?]
	at org.apache.hadoop.ozone.protocolPB.OzoneManagerProtocolServerSideTranslatorPB.processRequest(OzoneManagerProtocolServerSideTranslatorPB.java:175) ~[ozone-manager-1.3.0-SNAPSHOT.jar:?]
	at org.apache.hadoop.hdds.server.OzoneProtocolMessageDispatcher.processRequest(OzoneProtocolMessageDispatcher.java:87) [hdds-server-framework-1.3.0-SNAPSHOT.jar:?]
	at org.apache.hadoop.ozone.protocolPB.OzoneManagerProtocolServerSideTranslatorPB.submitRequest(OzoneManagerProtocolServerSideTranslatorPB.java:147) [ozone-manager-1.3.0-SNAPSHOT.jar:?]
	at org.apache.hadoop.ozone.protocol.proto.OzoneManagerProtocolProtos$OzoneManagerService$2.callBlockingMethod(OzoneManagerProtocolProtos.java) [ozone-interface-client-1.3.0-SNAPSHOT.jar:?]
	at org.apache.hadoop.ipc.ProtobufRpcEngine$Server.processCall(ProtobufRpcEngine.java:466) [hadoop-common-3.3.1.jar:?]
	at org.apache.hadoop.ipc.ProtobufRpcEngine2$Server$ProtoBufRpcInvoker.call(ProtobufRpcEngine2.java:574) [hadoop-common-3.3.1.jar:?]
	at org.apache.hadoop.ipc.ProtobufRpcEngine2$Server$ProtoBufRpcInvoker.call(ProtobufRpcEngine2.java:552) [hadoop-common-3.3.1.jar:?]
	at org.apache.hadoop.ipc.RPC$Server.call(RPC.java:1093) [hadoop-common-3.3.1.jar:?]
	at org.apache.hadoop.ipc.Server$RpcCall.run(Server.java:1035) [hadoop-common-3.3.1.jar:?]
	at org.apache.hadoop.ipc.Server$RpcCall.run(Server.java:963) [hadoop-common-3.3.1.jar:?]
	at java.security.AccessController.doPrivileged(Native Method) ~[?:1.8.0_332]
	at javax.security.auth.Subject.doAs(Subject.java:422) [?:1.8.0_332]
	at org.apache.hadoop.security.UserGroupInformation.doAs(UserGroupInformation.java:1878) [hadoop-common-3.3.1.jar:?]
	at org.apache.hadoop.ipc.Server$Handler.run(Server.java:2966) [hadoop-common-3.3.1.jar:?]
]]></system-out>
  </testcase>
  <testcase name="testDeleteVolumeBucketAndKey" classname="TestRootedOzoneFileSystemWithFSO" time="0.129">
    <system-out><![CDATA[2022-07-27 23:17:56,999 [Time-limited test] INFO  rpc.RpcClient (RpcClient.java:createVolume(467)) - Creating Volume: volume39748, with user35694 as owner and space quota set to -1 bytes, counts quota set to -1
2022-07-27 23:17:57,000 [IPC Server handler 17 on default port 45823] INFO  volume.OMVolumeCreateRequest (OMVolumeCreateRequest.java:validateAndUpdateCache(195)) - created volume:volume39748 for user:user35694
2022-07-27 23:17:57,001 [Time-limited test] INFO  rpc.RpcClient (RpcClient.java:createBucket(670)) - Creating Bucket: volume39748/bucket26018, with bucket layout FILE_SYSTEM_OPTIMIZED, runner as owner, Versioning false, Storage Type set to DISK and Encryption set to false 
2022-07-27 23:17:57,001 [IPC Server handler 15 on default port 45823] INFO  bucket.OMBucketCreateRequest (OMBucketCreateRequest.java:validateAndUpdateCache(260)) - created bucket: bucket26018 of layout FILE_SYSTEM_OPTIMIZED in volume: volume39748
23:17:57.004 [IPC Server handler 12 on default port 45823] ERROR OMAudit - user=runner | ip=127.0.0.1 | op=READ_BUCKET {volume=volume-34631, bucket=bucket3} | ret=FAILURE
org.apache.hadoop.ozone.om.exceptions.OMException: Volume not found when getting bucket info
	at org.apache.hadoop.ozone.om.BucketManagerImpl.getBucketInfo(BucketManagerImpl.java:127) ~[ozone-manager-1.3.0-SNAPSHOT.jar:?]
	at org.apache.hadoop.ozone.om.OzoneManager.getBucketInfo(OzoneManager.java:2779) ~[ozone-manager-1.3.0-SNAPSHOT.jar:?]
	at org.apache.hadoop.ozone.protocolPB.OzoneManagerRequestHandler.infoBucket(OzoneManagerRequestHandler.java:471) ~[ozone-manager-1.3.0-SNAPSHOT.jar:?]
	at org.apache.hadoop.ozone.protocolPB.OzoneManagerRequestHandler.handleReadRequest(OzoneManagerRequestHandler.java:174) ~[ozone-manager-1.3.0-SNAPSHOT.jar:?]
	at org.apache.hadoop.ozone.protocolPB.OzoneManagerProtocolServerSideTranslatorPB.submitRequestDirectlyToOM(OzoneManagerProtocolServerSideTranslatorPB.java:276) ~[ozone-manager-1.3.0-SNAPSHOT.jar:?]
	at org.apache.hadoop.ozone.protocolPB.OzoneManagerProtocolServerSideTranslatorPB.processRequest(OzoneManagerProtocolServerSideTranslatorPB.java:205) ~[ozone-manager-1.3.0-SNAPSHOT.jar:?]
	at org.apache.hadoop.hdds.server.OzoneProtocolMessageDispatcher.processRequest(OzoneProtocolMessageDispatcher.java:87) [hdds-server-framework-1.3.0-SNAPSHOT.jar:?]
	at org.apache.hadoop.ozone.protocolPB.OzoneManagerProtocolServerSideTranslatorPB.submitRequest(OzoneManagerProtocolServerSideTranslatorPB.java:147) [ozone-manager-1.3.0-SNAPSHOT.jar:?]
	at org.apache.hadoop.ozone.protocol.proto.OzoneManagerProtocolProtos$OzoneManagerService$2.callBlockingMethod(OzoneManagerProtocolProtos.java) [ozone-interface-client-1.3.0-SNAPSHOT.jar:?]
	at org.apache.hadoop.ipc.ProtobufRpcEngine$Server.processCall(ProtobufRpcEngine.java:466) [hadoop-common-3.3.1.jar:?]
	at org.apache.hadoop.ipc.ProtobufRpcEngine2$Server$ProtoBufRpcInvoker.call(ProtobufRpcEngine2.java:574) [hadoop-common-3.3.1.jar:?]
	at org.apache.hadoop.ipc.ProtobufRpcEngine2$Server$ProtoBufRpcInvoker.call(ProtobufRpcEngine2.java:552) [hadoop-common-3.3.1.jar:?]
	at org.apache.hadoop.ipc.RPC$Server.call(RPC.java:1093) [hadoop-common-3.3.1.jar:?]
	at org.apache.hadoop.ipc.Server$RpcCall.run(Server.java:1035) [hadoop-common-3.3.1.jar:?]
	at org.apache.hadoop.ipc.Server$RpcCall.run(Server.java:963) [hadoop-common-3.3.1.jar:?]
	at java.security.AccessController.doPrivileged(Native Method) ~[?:1.8.0_332]
	at javax.security.auth.Subject.doAs(Subject.java:422) [?:1.8.0_332]
	at org.apache.hadoop.security.UserGroupInformation.doAs(UserGroupInformation.java:1878) [hadoop-common-3.3.1.jar:?]
	at org.apache.hadoop.ipc.Server$Handler.run(Server.java:2966) [hadoop-common-3.3.1.jar:?]
2022-07-27 23:17:57,004 [Time-limited test] INFO  rpc.RpcClient (RpcClient.java:createVolume(467)) - Creating Volume: volume-34631, with runner as owner and space quota set to -1 bytes, counts quota set to -1
2022-07-27 23:17:57,005 [IPC Server handler 11 on default port 45823] INFO  volume.OMVolumeCreateRequest (OMVolumeCreateRequest.java:validateAndUpdateCache(195)) - created volume:volume-34631 for user:runner
2022-07-27 23:17:57,005 [Time-limited test] INFO  rpc.RpcClient (RpcClient.java:createBucket(670)) - Creating Bucket: volume-34631/bucket3, with bucket layout FILE_SYSTEM_OPTIMIZED, runner as owner, Versioning false, Storage Type set to DISK and Encryption set to false 
2022-07-27 23:17:57,006 [IPC Server handler 9 on default port 45823] INFO  bucket.OMBucketCreateRequest (OMBucketCreateRequest.java:validateAndUpdateCache(260)) - created bucket: bucket3 of layout FILE_SYSTEM_OPTIMIZED in volume: volume-34631
23:17:57.007 [IPC Server handler 1 on default port 45823] ERROR OMAudit - user=runner | ip=127.0.0.1 | op=DELETE_VOLUME {volume=volume-34631} | ret=FAILURE
org.apache.hadoop.ozone.om.exceptions.OMException: null
	at org.apache.hadoop.ozone.om.request.volume.OMVolumeDeleteRequest.validateAndUpdateCache(OMVolumeDeleteRequest.java:122) ~[ozone-manager-1.3.0-SNAPSHOT.jar:?]
	at org.apache.hadoop.ozone.protocolPB.OzoneManagerRequestHandler.handleWriteRequest(OzoneManagerRequestHandler.java:300) ~[ozone-manager-1.3.0-SNAPSHOT.jar:?]
	at org.apache.hadoop.ozone.protocolPB.OzoneManagerProtocolServerSideTranslatorPB.submitRequestDirectlyToOM(OzoneManagerProtocolServerSideTranslatorPB.java:282) ~[ozone-manager-1.3.0-SNAPSHOT.jar:?]
	at org.apache.hadoop.ozone.protocolPB.OzoneManagerProtocolServerSideTranslatorPB.processRequest(OzoneManagerProtocolServerSideTranslatorPB.java:205) ~[ozone-manager-1.3.0-SNAPSHOT.jar:?]
	at org.apache.hadoop.hdds.server.OzoneProtocolMessageDispatcher.processRequest(OzoneProtocolMessageDispatcher.java:87) [hdds-server-framework-1.3.0-SNAPSHOT.jar:?]
	at org.apache.hadoop.ozone.protocolPB.OzoneManagerProtocolServerSideTranslatorPB.submitRequest(OzoneManagerProtocolServerSideTranslatorPB.java:147) [ozone-manager-1.3.0-SNAPSHOT.jar:?]
	at org.apache.hadoop.ozone.protocol.proto.OzoneManagerProtocolProtos$OzoneManagerService$2.callBlockingMethod(OzoneManagerProtocolProtos.java) [ozone-interface-client-1.3.0-SNAPSHOT.jar:?]
	at org.apache.hadoop.ipc.ProtobufRpcEngine$Server.processCall(ProtobufRpcEngine.java:466) [hadoop-common-3.3.1.jar:?]
	at org.apache.hadoop.ipc.ProtobufRpcEngine2$Server$ProtoBufRpcInvoker.call(ProtobufRpcEngine2.java:574) [hadoop-common-3.3.1.jar:?]
	at org.apache.hadoop.ipc.ProtobufRpcEngine2$Server$ProtoBufRpcInvoker.call(ProtobufRpcEngine2.java:552) [hadoop-common-3.3.1.jar:?]
	at org.apache.hadoop.ipc.RPC$Server.call(RPC.java:1093) [hadoop-common-3.3.1.jar:?]
	at org.apache.hadoop.ipc.Server$RpcCall.run(Server.java:1035) [hadoop-common-3.3.1.jar:?]
	at org.apache.hadoop.ipc.Server$RpcCall.run(Server.java:963) [hadoop-common-3.3.1.jar:?]
	at java.security.AccessController.doPrivileged(Native Method) ~[?:1.8.0_332]
	at javax.security.auth.Subject.doAs(Subject.java:422) [?:1.8.0_332]
	at org.apache.hadoop.security.UserGroupInformation.doAs(UserGroupInformation.java:1878) [hadoop-common-3.3.1.jar:?]
	at org.apache.hadoop.ipc.Server$Handler.run(Server.java:2966) [hadoop-common-3.3.1.jar:?]
2022-07-27 23:17:57,007 [IPC Server handler 1 on default port 45823] ERROR volume.OMVolumeDeleteRequest (OMVolumeDeleteRequest.java:validateAndUpdateCache(170)) - Volume deletion failed for user:runner volume:volume-34631
VOLUME_NOT_EMPTY org.apache.hadoop.ozone.om.exceptions.OMException
	at org.apache.hadoop.ozone.om.request.volume.OMVolumeDeleteRequest.validateAndUpdateCache(OMVolumeDeleteRequest.java:122)
	at org.apache.hadoop.ozone.protocolPB.OzoneManagerRequestHandler.handleWriteRequest(OzoneManagerRequestHandler.java:300)
	at org.apache.hadoop.ozone.protocolPB.OzoneManagerProtocolServerSideTranslatorPB.submitRequestDirectlyToOM(OzoneManagerProtocolServerSideTranslatorPB.java:282)
	at org.apache.hadoop.ozone.protocolPB.OzoneManagerProtocolServerSideTranslatorPB.processRequest(OzoneManagerProtocolServerSideTranslatorPB.java:205)
	at org.apache.hadoop.hdds.server.OzoneProtocolMessageDispatcher.processRequest(OzoneProtocolMessageDispatcher.java:87)
	at org.apache.hadoop.ozone.protocolPB.OzoneManagerProtocolServerSideTranslatorPB.submitRequest(OzoneManagerProtocolServerSideTranslatorPB.java:147)
	at org.apache.hadoop.ozone.protocol.proto.OzoneManagerProtocolProtos$OzoneManagerService$2.callBlockingMethod(OzoneManagerProtocolProtos.java)
	at org.apache.hadoop.ipc.ProtobufRpcEngine$Server.processCall(ProtobufRpcEngine.java:466)
	at org.apache.hadoop.ipc.ProtobufRpcEngine2$Server$ProtoBufRpcInvoker.call(ProtobufRpcEngine2.java:574)
	at org.apache.hadoop.ipc.ProtobufRpcEngine2$Server$ProtoBufRpcInvoker.call(ProtobufRpcEngine2.java:552)
	at org.apache.hadoop.ipc.RPC$Server.call(RPC.java:1093)
	at org.apache.hadoop.ipc.Server$RpcCall.run(Server.java:1035)
	at org.apache.hadoop.ipc.Server$RpcCall.run(Server.java:963)
	at java.security.AccessController.doPrivileged(Native Method)
	at javax.security.auth.Subject.doAs(Subject.java:422)
	at org.apache.hadoop.security.UserGroupInformation.doAs(UserGroupInformation.java:1878)
	at org.apache.hadoop.ipc.Server$Handler.run(Server.java:2966)
23:17:57.022 [IPC Server handler 15 on default port 45823] ERROR OMAudit - user=runner | ip=127.0.0.1 | op=READ_VOLUME {volume=volume-34631} | ret=FAILURE
org.apache.hadoop.ozone.om.exceptions.OMException: Volume volume-34631 is not found
	at org.apache.hadoop.ozone.om.VolumeManagerImpl.getVolumeInfo(VolumeManagerImpl.java:74) ~[ozone-manager-1.3.0-SNAPSHOT.jar:?]
	at org.apache.hadoop.ozone.om.OzoneManager.getVolumeInfo(OzoneManager.java:2603) ~[ozone-manager-1.3.0-SNAPSHOT.jar:?]
	at org.apache.hadoop.ozone.protocolPB.OzoneManagerRequestHandler.infoVolume(OzoneManagerRequestHandler.java:397) ~[ozone-manager-1.3.0-SNAPSHOT.jar:?]
	at org.apache.hadoop.ozone.protocolPB.OzoneManagerRequestHandler.handleReadRequest(OzoneManagerRequestHandler.java:164) ~[ozone-manager-1.3.0-SNAPSHOT.jar:?]
	at org.apache.hadoop.ozone.protocolPB.OzoneManagerProtocolServerSideTranslatorPB.submitRequestDirectlyToOM(OzoneManagerProtocolServerSideTranslatorPB.java:276) ~[ozone-manager-1.3.0-SNAPSHOT.jar:?]
	at org.apache.hadoop.ozone.protocolPB.OzoneManagerProtocolServerSideTranslatorPB.processRequest(OzoneManagerProtocolServerSideTranslatorPB.java:205) ~[ozone-manager-1.3.0-SNAPSHOT.jar:?]
	at org.apache.hadoop.hdds.server.OzoneProtocolMessageDispatcher.processRequest(OzoneProtocolMessageDispatcher.java:87) [hdds-server-framework-1.3.0-SNAPSHOT.jar:?]
	at org.apache.hadoop.ozone.protocolPB.OzoneManagerProtocolServerSideTranslatorPB.submitRequest(OzoneManagerProtocolServerSideTranslatorPB.java:147) [ozone-manager-1.3.0-SNAPSHOT.jar:?]
	at org.apache.hadoop.ozone.protocol.proto.OzoneManagerProtocolProtos$OzoneManagerService$2.callBlockingMethod(OzoneManagerProtocolProtos.java) [ozone-interface-client-1.3.0-SNAPSHOT.jar:?]
	at org.apache.hadoop.ipc.ProtobufRpcEngine$Server.processCall(ProtobufRpcEngine.java:466) [hadoop-common-3.3.1.jar:?]
	at org.apache.hadoop.ipc.ProtobufRpcEngine2$Server$ProtoBufRpcInvoker.call(ProtobufRpcEngine2.java:574) [hadoop-common-3.3.1.jar:?]
	at org.apache.hadoop.ipc.ProtobufRpcEngine2$Server$ProtoBufRpcInvoker.call(ProtobufRpcEngine2.java:552) [hadoop-common-3.3.1.jar:?]
	at org.apache.hadoop.ipc.RPC$Server.call(RPC.java:1093) [hadoop-common-3.3.1.jar:?]
	at org.apache.hadoop.ipc.Server$RpcCall.run(Server.java:1035) [hadoop-common-3.3.1.jar:?]
	at org.apache.hadoop.ipc.Server$RpcCall.run(Server.java:963) [hadoop-common-3.3.1.jar:?]
	at java.security.AccessController.doPrivileged(Native Method) ~[?:1.8.0_332]
	at javax.security.auth.Subject.doAs(Subject.java:422) [?:1.8.0_332]
	at org.apache.hadoop.security.UserGroupInformation.doAs(UserGroupInformation.java:1878) [hadoop-common-3.3.1.jar:?]
	at org.apache.hadoop.ipc.Server$Handler.run(Server.java:2966) [hadoop-common-3.3.1.jar:?]
23:17:57.023 [IPC Server handler 14 on default port 45823] ERROR OMAudit - user=runner | ip=127.0.0.1 | op=READ_BUCKET {volume=volume-34631, bucket=bucket3} | ret=FAILURE
org.apache.hadoop.ozone.om.exceptions.OMException: Volume not found when getting bucket info
	at org.apache.hadoop.ozone.om.BucketManagerImpl.getBucketInfo(BucketManagerImpl.java:127) ~[ozone-manager-1.3.0-SNAPSHOT.jar:?]
	at org.apache.hadoop.ozone.om.OzoneManager.getBucketInfo(OzoneManager.java:2779) ~[ozone-manager-1.3.0-SNAPSHOT.jar:?]
	at org.apache.hadoop.ozone.protocolPB.OzoneManagerRequestHandler.infoBucket(OzoneManagerRequestHandler.java:471) ~[ozone-manager-1.3.0-SNAPSHOT.jar:?]
	at org.apache.hadoop.ozone.protocolPB.OzoneManagerRequestHandler.handleReadRequest(OzoneManagerRequestHandler.java:174) ~[ozone-manager-1.3.0-SNAPSHOT.jar:?]
	at org.apache.hadoop.ozone.protocolPB.OzoneManagerProtocolServerSideTranslatorPB.submitRequestDirectlyToOM(OzoneManagerProtocolServerSideTranslatorPB.java:276) ~[ozone-manager-1.3.0-SNAPSHOT.jar:?]
	at org.apache.hadoop.ozone.protocolPB.OzoneManagerProtocolServerSideTranslatorPB.processRequest(OzoneManagerProtocolServerSideTranslatorPB.java:205) ~[ozone-manager-1.3.0-SNAPSHOT.jar:?]
	at org.apache.hadoop.hdds.server.OzoneProtocolMessageDispatcher.processRequest(OzoneProtocolMessageDispatcher.java:87) [hdds-server-framework-1.3.0-SNAPSHOT.jar:?]
	at org.apache.hadoop.ozone.protocolPB.OzoneManagerProtocolServerSideTranslatorPB.submitRequest(OzoneManagerProtocolServerSideTranslatorPB.java:147) [ozone-manager-1.3.0-SNAPSHOT.jar:?]
	at org.apache.hadoop.ozone.protocol.proto.OzoneManagerProtocolProtos$OzoneManagerService$2.callBlockingMethod(OzoneManagerProtocolProtos.java) [ozone-interface-client-1.3.0-SNAPSHOT.jar:?]
	at org.apache.hadoop.ipc.ProtobufRpcEngine$Server.processCall(ProtobufRpcEngine.java:466) [hadoop-common-3.3.1.jar:?]
	at org.apache.hadoop.ipc.ProtobufRpcEngine2$Server$ProtoBufRpcInvoker.call(ProtobufRpcEngine2.java:574) [hadoop-common-3.3.1.jar:?]
	at org.apache.hadoop.ipc.ProtobufRpcEngine2$Server$ProtoBufRpcInvoker.call(ProtobufRpcEngine2.java:552) [hadoop-common-3.3.1.jar:?]
	at org.apache.hadoop.ipc.RPC$Server.call(RPC.java:1093) [hadoop-common-3.3.1.jar:?]
	at org.apache.hadoop.ipc.Server$RpcCall.run(Server.java:1035) [hadoop-common-3.3.1.jar:?]
	at org.apache.hadoop.ipc.Server$RpcCall.run(Server.java:963) [hadoop-common-3.3.1.jar:?]
	at java.security.AccessController.doPrivileged(Native Method) ~[?:1.8.0_332]
	at javax.security.auth.Subject.doAs(Subject.java:422) [?:1.8.0_332]
	at org.apache.hadoop.security.UserGroupInformation.doAs(UserGroupInformation.java:1878) [hadoop-common-3.3.1.jar:?]
	at org.apache.hadoop.ipc.Server$Handler.run(Server.java:2966) [hadoop-common-3.3.1.jar:?]
2022-07-27 23:17:57,023 [Time-limited test] INFO  rpc.RpcClient (RpcClient.java:createVolume(467)) - Creating Volume: volume-34631, with runner as owner and space quota set to -1 bytes, counts quota set to -1
2022-07-27 23:17:57,024 [IPC Server handler 13 on default port 45823] INFO  volume.OMVolumeCreateRequest (OMVolumeCreateRequest.java:validateAndUpdateCache(195)) - created volume:volume-34631 for user:runner
2022-07-27 23:17:57,024 [Time-limited test] INFO  rpc.RpcClient (RpcClient.java:createBucket(670)) - Creating Bucket: volume-34631/bucket3, with bucket layout FILE_SYSTEM_OPTIMIZED, runner as owner, Versioning false, Storage Type set to DISK and Encryption set to false 
2022-07-27 23:17:57,025 [IPC Server handler 11 on default port 45823] INFO  bucket.OMBucketCreateRequest (OMBucketCreateRequest.java:validateAndUpdateCache(260)) - created bucket: bucket3 of layout FILE_SYSTEM_OPTIMIZED in volume: volume-34631
23:17:57.047 [IPC Server handler 9 on default port 45823] ERROR OMAudit - user=runner | ip=127.0.0.1 | op=READ_VOLUME {volume=volume-34631} | ret=FAILURE
org.apache.hadoop.ozone.om.exceptions.OMException: Volume volume-34631 is not found
	at org.apache.hadoop.ozone.om.VolumeManagerImpl.getVolumeInfo(VolumeManagerImpl.java:74) ~[ozone-manager-1.3.0-SNAPSHOT.jar:?]
	at org.apache.hadoop.ozone.om.OzoneManager.getVolumeInfo(OzoneManager.java:2603) ~[ozone-manager-1.3.0-SNAPSHOT.jar:?]
	at org.apache.hadoop.ozone.protocolPB.OzoneManagerRequestHandler.infoVolume(OzoneManagerRequestHandler.java:397) ~[ozone-manager-1.3.0-SNAPSHOT.jar:?]
	at org.apache.hadoop.ozone.protocolPB.OzoneManagerRequestHandler.handleReadRequest(OzoneManagerRequestHandler.java:164) ~[ozone-manager-1.3.0-SNAPSHOT.jar:?]
	at org.apache.hadoop.ozone.protocolPB.OzoneManagerProtocolServerSideTranslatorPB.submitRequestDirectlyToOM(OzoneManagerProtocolServerSideTranslatorPB.java:276) ~[ozone-manager-1.3.0-SNAPSHOT.jar:?]
	at org.apache.hadoop.ozone.protocolPB.OzoneManagerProtocolServerSideTranslatorPB.processRequest(OzoneManagerProtocolServerSideTranslatorPB.java:205) ~[ozone-manager-1.3.0-SNAPSHOT.jar:?]
	at org.apache.hadoop.hdds.server.OzoneProtocolMessageDispatcher.processRequest(OzoneProtocolMessageDispatcher.java:87) [hdds-server-framework-1.3.0-SNAPSHOT.jar:?]
	at org.apache.hadoop.ozone.protocolPB.OzoneManagerProtocolServerSideTranslatorPB.submitRequest(OzoneManagerProtocolServerSideTranslatorPB.java:147) [ozone-manager-1.3.0-SNAPSHOT.jar:?]
	at org.apache.hadoop.ozone.protocol.proto.OzoneManagerProtocolProtos$OzoneManagerService$2.callBlockingMethod(OzoneManagerProtocolProtos.java) [ozone-interface-client-1.3.0-SNAPSHOT.jar:?]
	at org.apache.hadoop.ipc.ProtobufRpcEngine$Server.processCall(ProtobufRpcEngine.java:466) [hadoop-common-3.3.1.jar:?]
	at org.apache.hadoop.ipc.ProtobufRpcEngine2$Server$ProtoBufRpcInvoker.call(ProtobufRpcEngine2.java:574) [hadoop-common-3.3.1.jar:?]
	at org.apache.hadoop.ipc.ProtobufRpcEngine2$Server$ProtoBufRpcInvoker.call(ProtobufRpcEngine2.java:552) [hadoop-common-3.3.1.jar:?]
	at org.apache.hadoop.ipc.RPC$Server.call(RPC.java:1093) [hadoop-common-3.3.1.jar:?]
	at org.apache.hadoop.ipc.Server$RpcCall.run(Server.java:1035) [hadoop-common-3.3.1.jar:?]
	at org.apache.hadoop.ipc.Server$RpcCall.run(Server.java:963) [hadoop-common-3.3.1.jar:?]
	at java.security.AccessController.doPrivileged(Native Method) ~[?:1.8.0_332]
	at javax.security.auth.Subject.doAs(Subject.java:422) [?:1.8.0_332]
	at org.apache.hadoop.security.UserGroupInformation.doAs(UserGroupInformation.java:1878) [hadoop-common-3.3.1.jar:?]
	at org.apache.hadoop.ipc.Server$Handler.run(Server.java:2966) [hadoop-common-3.3.1.jar:?]
]]></system-out>
  </testcase>
  <testcase name="testRenameToParentDir" classname="TestRootedOzoneFileSystemWithFSO" time="0.06">
    <system-out><![CDATA[2022-07-27 23:16:53,961 [Time-limited test] INFO  rpc.RpcClient (RpcClient.java:createVolume(467)) - Creating Volume: volume39907, with user17697 as owner and space quota set to -1 bytes, counts quota set to -1
2022-07-27 23:16:53,963 [OM StateMachine ApplyTransaction Thread - 0] INFO  volume.OMVolumeCreateRequest (OMVolumeCreateRequest.java:validateAndUpdateCache(195)) - created volume:volume39907 for user:user17697
2022-07-27 23:16:53,966 [Time-limited test] INFO  rpc.RpcClient (RpcClient.java:createBucket(670)) - Creating Bucket: volume39907/bucket59505, with bucket layout FILE_SYSTEM_OPTIMIZED, runner as owner, Versioning false, Storage Type set to DISK and Encryption set to false 
2022-07-27 23:16:53,967 [OM StateMachine ApplyTransaction Thread - 0] INFO  bucket.OMBucketCreateRequest (OMBucketCreateRequest.java:validateAndUpdateCache(260)) - created bucket: bucket59505 of layout FILE_SYSTEM_OPTIMIZED in volume: volume39907
23:16:53.980 [IPC Server handler 2 on default port 44809] ERROR OMAudit - user=runner | ip=127.0.0.1 | op=GET_FILE_STATUS {volume=volume39907, bucket=bucket59505, key=root_dir/dir1/file2, dataSize=0, replicationConfig=null} | ret=FAILURE
org.apache.hadoop.ozone.om.exceptions.OMException: Unable to get file status: volume: volume39907 bucket: bucket59505 key: root_dir/dir1/file2
	at org.apache.hadoop.ozone.om.KeyManagerImpl.getOzoneFileStatusFSO(KeyManagerImpl.java:1376) ~[ozone-manager-1.3.0-SNAPSHOT.jar:?]
	at org.apache.hadoop.ozone.om.KeyManagerImpl.getFileStatus(KeyManagerImpl.java:1239) ~[ozone-manager-1.3.0-SNAPSHOT.jar:?]
	at org.apache.hadoop.ozone.om.OzoneManager.getFileStatus(OzoneManager.java:3467) ~[ozone-manager-1.3.0-SNAPSHOT.jar:?]
	at org.apache.hadoop.ozone.protocolPB.OzoneManagerRequestHandler.getOzoneFileStatus(OzoneManagerRequestHandler.java:878) ~[ozone-manager-1.3.0-SNAPSHOT.jar:?]
	at org.apache.hadoop.ozone.protocolPB.OzoneManagerRequestHandler.handleReadRequest(OzoneManagerRequestHandler.java:224) ~[ozone-manager-1.3.0-SNAPSHOT.jar:?]
	at org.apache.hadoop.ozone.protocolPB.OzoneManagerProtocolServerSideTranslatorPB.submitReadRequestToOM(OzoneManagerProtocolServerSideTranslatorPB.java:226) ~[ozone-manager-1.3.0-SNAPSHOT.jar:?]
	at org.apache.hadoop.ozone.protocolPB.OzoneManagerProtocolServerSideTranslatorPB.processRequest(OzoneManagerProtocolServerSideTranslatorPB.java:175) ~[ozone-manager-1.3.0-SNAPSHOT.jar:?]
	at org.apache.hadoop.hdds.server.OzoneProtocolMessageDispatcher.processRequest(OzoneProtocolMessageDispatcher.java:87) [hdds-server-framework-1.3.0-SNAPSHOT.jar:?]
	at org.apache.hadoop.ozone.protocolPB.OzoneManagerProtocolServerSideTranslatorPB.submitRequest(OzoneManagerProtocolServerSideTranslatorPB.java:147) [ozone-manager-1.3.0-SNAPSHOT.jar:?]
	at org.apache.hadoop.ozone.protocol.proto.OzoneManagerProtocolProtos$OzoneManagerService$2.callBlockingMethod(OzoneManagerProtocolProtos.java) [ozone-interface-client-1.3.0-SNAPSHOT.jar:?]
	at org.apache.hadoop.ipc.ProtobufRpcEngine$Server.processCall(ProtobufRpcEngine.java:466) [hadoop-common-3.3.1.jar:?]
	at org.apache.hadoop.ipc.ProtobufRpcEngine2$Server$ProtoBufRpcInvoker.call(ProtobufRpcEngine2.java:574) [hadoop-common-3.3.1.jar:?]
	at org.apache.hadoop.ipc.ProtobufRpcEngine2$Server$ProtoBufRpcInvoker.call(ProtobufRpcEngine2.java:552) [hadoop-common-3.3.1.jar:?]
	at org.apache.hadoop.ipc.RPC$Server.call(RPC.java:1093) [hadoop-common-3.3.1.jar:?]
	at org.apache.hadoop.ipc.Server$RpcCall.run(Server.java:1035) [hadoop-common-3.3.1.jar:?]
	at org.apache.hadoop.ipc.Server$RpcCall.run(Server.java:963) [hadoop-common-3.3.1.jar:?]
	at java.security.AccessController.doPrivileged(Native Method) ~[?:1.8.0_332]
	at javax.security.auth.Subject.doAs(Subject.java:422) [?:1.8.0_332]
	at org.apache.hadoop.security.UserGroupInformation.doAs(UserGroupInformation.java:1878) [hadoop-common-3.3.1.jar:?]
	at org.apache.hadoop.ipc.Server$Handler.run(Server.java:2966) [hadoop-common-3.3.1.jar:?]
2022-07-27 23:16:53,981 [Time-limited test] WARN  ozone.BasicRootedOzoneFileSystem (BasicRootedOzoneFileSystem.java:delete(572)) - delete: Path does not exist: /volume39907/bucket59505/root_dir/dir1/file2
23:16:53.981 [IPC Server handler 1 on default port 44809] ERROR OMAudit - user=runner | ip=127.0.0.1 | op=GET_FILE_STATUS {volume=volume39907, bucket=bucket59505, key=root_dir/dir1/dir2, dataSize=0, replicationConfig=null} | ret=FAILURE
org.apache.hadoop.ozone.om.exceptions.OMException: Unable to get file status: volume: volume39907 bucket: bucket59505 key: root_dir/dir1/dir2
	at org.apache.hadoop.ozone.om.KeyManagerImpl.getOzoneFileStatusFSO(KeyManagerImpl.java:1376) ~[ozone-manager-1.3.0-SNAPSHOT.jar:?]
	at org.apache.hadoop.ozone.om.KeyManagerImpl.getFileStatus(KeyManagerImpl.java:1239) ~[ozone-manager-1.3.0-SNAPSHOT.jar:?]
	at org.apache.hadoop.ozone.om.OzoneManager.getFileStatus(OzoneManager.java:3467) ~[ozone-manager-1.3.0-SNAPSHOT.jar:?]
	at org.apache.hadoop.ozone.protocolPB.OzoneManagerRequestHandler.getOzoneFileStatus(OzoneManagerRequestHandler.java:878) ~[ozone-manager-1.3.0-SNAPSHOT.jar:?]
	at org.apache.hadoop.ozone.protocolPB.OzoneManagerRequestHandler.handleReadRequest(OzoneManagerRequestHandler.java:224) ~[ozone-manager-1.3.0-SNAPSHOT.jar:?]
	at org.apache.hadoop.ozone.protocolPB.OzoneManagerProtocolServerSideTranslatorPB.submitReadRequestToOM(OzoneManagerProtocolServerSideTranslatorPB.java:226) ~[ozone-manager-1.3.0-SNAPSHOT.jar:?]
	at org.apache.hadoop.ozone.protocolPB.OzoneManagerProtocolServerSideTranslatorPB.processRequest(OzoneManagerProtocolServerSideTranslatorPB.java:175) ~[ozone-manager-1.3.0-SNAPSHOT.jar:?]
	at org.apache.hadoop.hdds.server.OzoneProtocolMessageDispatcher.processRequest(OzoneProtocolMessageDispatcher.java:87) [hdds-server-framework-1.3.0-SNAPSHOT.jar:?]
	at org.apache.hadoop.ozone.protocolPB.OzoneManagerProtocolServerSideTranslatorPB.submitRequest(OzoneManagerProtocolServerSideTranslatorPB.java:147) [ozone-manager-1.3.0-SNAPSHOT.jar:?]
	at org.apache.hadoop.ozone.protocol.proto.OzoneManagerProtocolProtos$OzoneManagerService$2.callBlockingMethod(OzoneManagerProtocolProtos.java) [ozone-interface-client-1.3.0-SNAPSHOT.jar:?]
	at org.apache.hadoop.ipc.ProtobufRpcEngine$Server.processCall(ProtobufRpcEngine.java:466) [hadoop-common-3.3.1.jar:?]
	at org.apache.hadoop.ipc.ProtobufRpcEngine2$Server$ProtoBufRpcInvoker.call(ProtobufRpcEngine2.java:574) [hadoop-common-3.3.1.jar:?]
	at org.apache.hadoop.ipc.ProtobufRpcEngine2$Server$ProtoBufRpcInvoker.call(ProtobufRpcEngine2.java:552) [hadoop-common-3.3.1.jar:?]
	at org.apache.hadoop.ipc.RPC$Server.call(RPC.java:1093) [hadoop-common-3.3.1.jar:?]
	at org.apache.hadoop.ipc.Server$RpcCall.run(Server.java:1035) [hadoop-common-3.3.1.jar:?]
	at org.apache.hadoop.ipc.Server$RpcCall.run(Server.java:963) [hadoop-common-3.3.1.jar:?]
	at java.security.AccessController.doPrivileged(Native Method) ~[?:1.8.0_332]
	at javax.security.auth.Subject.doAs(Subject.java:422) [?:1.8.0_332]
	at org.apache.hadoop.security.UserGroupInformation.doAs(UserGroupInformation.java:1878) [hadoop-common-3.3.1.jar:?]
	at org.apache.hadoop.ipc.Server$Handler.run(Server.java:2966) [hadoop-common-3.3.1.jar:?]
2022-07-27 23:16:53,982 [Time-limited test] WARN  ozone.BasicRootedOzoneFileSystem (BasicRootedOzoneFileSystem.java:delete(572)) - delete: Path does not exist: /volume39907/bucket59505/root_dir/dir1/dir2
]]></system-out>
  </testcase>
  <testcase name="testRenameToParentDir" classname="TestRootedOzoneFileSystemWithFSO" time="0.123">
    <system-out><![CDATA[2022-07-27 23:17:57,147 [Time-limited test] INFO  rpc.RpcClient (RpcClient.java:createVolume(467)) - Creating Volume: volume55132, with user88319 as owner and space quota set to -1 bytes, counts quota set to -1
2022-07-27 23:17:57,148 [IPC Server handler 10 on default port 45823] INFO  volume.OMVolumeCreateRequest (OMVolumeCreateRequest.java:validateAndUpdateCache(195)) - created volume:volume55132 for user:user88319
2022-07-27 23:17:57,154 [Time-limited test] INFO  rpc.RpcClient (RpcClient.java:createBucket(670)) - Creating Bucket: volume55132/bucket68882, with bucket layout FILE_SYSTEM_OPTIMIZED, runner as owner, Versioning false, Storage Type set to DISK and Encryption set to false 
2022-07-27 23:17:57,154 [IPC Server handler 8 on default port 45823] INFO  bucket.OMBucketCreateRequest (OMBucketCreateRequest.java:validateAndUpdateCache(260)) - created bucket: bucket68882 of layout FILE_SYSTEM_OPTIMIZED in volume: volume55132
23:17:57.167 [IPC Server handler 12 on default port 45823] ERROR OMAudit - user=runner | ip=127.0.0.1 | op=GET_FILE_STATUS {volume=volume55132, bucket=bucket68882, key=root_dir/dir1/file2, dataSize=0, replicationConfig=null} | ret=FAILURE
org.apache.hadoop.ozone.om.exceptions.OMException: Unable to get file status: volume: volume55132 bucket: bucket68882 key: root_dir/dir1/file2
	at org.apache.hadoop.ozone.om.KeyManagerImpl.getOzoneFileStatusFSO(KeyManagerImpl.java:1376) ~[ozone-manager-1.3.0-SNAPSHOT.jar:?]
	at org.apache.hadoop.ozone.om.KeyManagerImpl.getFileStatus(KeyManagerImpl.java:1239) ~[ozone-manager-1.3.0-SNAPSHOT.jar:?]
	at org.apache.hadoop.ozone.om.OzoneManager.getFileStatus(OzoneManager.java:3467) ~[ozone-manager-1.3.0-SNAPSHOT.jar:?]
	at org.apache.hadoop.ozone.protocolPB.OzoneManagerRequestHandler.getOzoneFileStatus(OzoneManagerRequestHandler.java:878) ~[ozone-manager-1.3.0-SNAPSHOT.jar:?]
	at org.apache.hadoop.ozone.protocolPB.OzoneManagerRequestHandler.handleReadRequest(OzoneManagerRequestHandler.java:224) ~[ozone-manager-1.3.0-SNAPSHOT.jar:?]
	at org.apache.hadoop.ozone.protocolPB.OzoneManagerProtocolServerSideTranslatorPB.submitRequestDirectlyToOM(OzoneManagerProtocolServerSideTranslatorPB.java:276) ~[ozone-manager-1.3.0-SNAPSHOT.jar:?]
	at org.apache.hadoop.ozone.protocolPB.OzoneManagerProtocolServerSideTranslatorPB.processRequest(OzoneManagerProtocolServerSideTranslatorPB.java:205) ~[ozone-manager-1.3.0-SNAPSHOT.jar:?]
	at org.apache.hadoop.hdds.server.OzoneProtocolMessageDispatcher.processRequest(OzoneProtocolMessageDispatcher.java:87) [hdds-server-framework-1.3.0-SNAPSHOT.jar:?]
	at org.apache.hadoop.ozone.protocolPB.OzoneManagerProtocolServerSideTranslatorPB.submitRequest(OzoneManagerProtocolServerSideTranslatorPB.java:147) [ozone-manager-1.3.0-SNAPSHOT.jar:?]
	at org.apache.hadoop.ozone.protocol.proto.OzoneManagerProtocolProtos$OzoneManagerService$2.callBlockingMethod(OzoneManagerProtocolProtos.java) [ozone-interface-client-1.3.0-SNAPSHOT.jar:?]
	at org.apache.hadoop.ipc.ProtobufRpcEngine$Server.processCall(ProtobufRpcEngine.java:466) [hadoop-common-3.3.1.jar:?]
	at org.apache.hadoop.ipc.ProtobufRpcEngine2$Server$ProtoBufRpcInvoker.call(ProtobufRpcEngine2.java:574) [hadoop-common-3.3.1.jar:?]
	at org.apache.hadoop.ipc.ProtobufRpcEngine2$Server$ProtoBufRpcInvoker.call(ProtobufRpcEngine2.java:552) [hadoop-common-3.3.1.jar:?]
	at org.apache.hadoop.ipc.RPC$Server.call(RPC.java:1093) [hadoop-common-3.3.1.jar:?]
	at org.apache.hadoop.ipc.Server$RpcCall.run(Server.java:1035) [hadoop-common-3.3.1.jar:?]
	at org.apache.hadoop.ipc.Server$RpcCall.run(Server.java:963) [hadoop-common-3.3.1.jar:?]
	at java.security.AccessController.doPrivileged(Native Method) ~[?:1.8.0_332]
	at javax.security.auth.Subject.doAs(Subject.java:422) [?:1.8.0_332]
	at org.apache.hadoop.security.UserGroupInformation.doAs(UserGroupInformation.java:1878) [hadoop-common-3.3.1.jar:?]
	at org.apache.hadoop.ipc.Server$Handler.run(Server.java:2966) [hadoop-common-3.3.1.jar:?]
2022-07-27 23:17:57,167 [Time-limited test] WARN  ozone.BasicRootedOzoneFileSystem (BasicRootedOzoneFileSystem.java:delete(572)) - delete: Path does not exist: /volume55132/bucket68882/root_dir/dir1/file2
23:17:57.168 [IPC Server handler 10 on default port 45823] ERROR OMAudit - user=runner | ip=127.0.0.1 | op=GET_FILE_STATUS {volume=volume55132, bucket=bucket68882, key=root_dir/dir1/dir2, dataSize=0, replicationConfig=null} | ret=FAILURE
org.apache.hadoop.ozone.om.exceptions.OMException: Unable to get file status: volume: volume55132 bucket: bucket68882 key: root_dir/dir1/dir2
	at org.apache.hadoop.ozone.om.KeyManagerImpl.getOzoneFileStatusFSO(KeyManagerImpl.java:1376) ~[ozone-manager-1.3.0-SNAPSHOT.jar:?]
	at org.apache.hadoop.ozone.om.KeyManagerImpl.getFileStatus(KeyManagerImpl.java:1239) ~[ozone-manager-1.3.0-SNAPSHOT.jar:?]
	at org.apache.hadoop.ozone.om.OzoneManager.getFileStatus(OzoneManager.java:3467) ~[ozone-manager-1.3.0-SNAPSHOT.jar:?]
	at org.apache.hadoop.ozone.protocolPB.OzoneManagerRequestHandler.getOzoneFileStatus(OzoneManagerRequestHandler.java:878) ~[ozone-manager-1.3.0-SNAPSHOT.jar:?]
	at org.apache.hadoop.ozone.protocolPB.OzoneManagerRequestHandler.handleReadRequest(OzoneManagerRequestHandler.java:224) ~[ozone-manager-1.3.0-SNAPSHOT.jar:?]
	at org.apache.hadoop.ozone.protocolPB.OzoneManagerProtocolServerSideTranslatorPB.submitRequestDirectlyToOM(OzoneManagerProtocolServerSideTranslatorPB.java:276) ~[ozone-manager-1.3.0-SNAPSHOT.jar:?]
	at org.apache.hadoop.ozone.protocolPB.OzoneManagerProtocolServerSideTranslatorPB.processRequest(OzoneManagerProtocolServerSideTranslatorPB.java:205) ~[ozone-manager-1.3.0-SNAPSHOT.jar:?]
	at org.apache.hadoop.hdds.server.OzoneProtocolMessageDispatcher.processRequest(OzoneProtocolMessageDispatcher.java:87) [hdds-server-framework-1.3.0-SNAPSHOT.jar:?]
	at org.apache.hadoop.ozone.protocolPB.OzoneManagerProtocolServerSideTranslatorPB.submitRequest(OzoneManagerProtocolServerSideTranslatorPB.java:147) [ozone-manager-1.3.0-SNAPSHOT.jar:?]
	at org.apache.hadoop.ozone.protocol.proto.OzoneManagerProtocolProtos$OzoneManagerService$2.callBlockingMethod(OzoneManagerProtocolProtos.java) [ozone-interface-client-1.3.0-SNAPSHOT.jar:?]
	at org.apache.hadoop.ipc.ProtobufRpcEngine$Server.processCall(ProtobufRpcEngine.java:466) [hadoop-common-3.3.1.jar:?]
	at org.apache.hadoop.ipc.ProtobufRpcEngine2$Server$ProtoBufRpcInvoker.call(ProtobufRpcEngine2.java:574) [hadoop-common-3.3.1.jar:?]
	at org.apache.hadoop.ipc.ProtobufRpcEngine2$Server$ProtoBufRpcInvoker.call(ProtobufRpcEngine2.java:552) [hadoop-common-3.3.1.jar:?]
	at org.apache.hadoop.ipc.RPC$Server.call(RPC.java:1093) [hadoop-common-3.3.1.jar:?]
	at org.apache.hadoop.ipc.Server$RpcCall.run(Server.java:1035) [hadoop-common-3.3.1.jar:?]
	at org.apache.hadoop.ipc.Server$RpcCall.run(Server.java:963) [hadoop-common-3.3.1.jar:?]
	at java.security.AccessController.doPrivileged(Native Method) ~[?:1.8.0_332]
	at javax.security.auth.Subject.doAs(Subject.java:422) [?:1.8.0_332]
	at org.apache.hadoop.security.UserGroupInformation.doAs(UserGroupInformation.java:1878) [hadoop-common-3.3.1.jar:?]
	at org.apache.hadoop.ipc.Server$Handler.run(Server.java:2966) [hadoop-common-3.3.1.jar:?]
2022-07-27 23:17:57,168 [Time-limited test] WARN  ozone.BasicRootedOzoneFileSystem (BasicRootedOzoneFileSystem.java:delete(572)) - delete: Path does not exist: /volume55132/bucket68882/root_dir/dir1/dir2
]]></system-out>
  </testcase>
  <testcase name="testMkdirNonExistentVolumeBucket" classname="TestRootedOzoneFileSystemWithFSO" time="0.051">
    <system-out><![CDATA[2022-07-27 23:16:54,022 [Time-limited test] INFO  rpc.RpcClient (RpcClient.java:createVolume(467)) - Creating Volume: volume88356, with user59074 as owner and space quota set to -1 bytes, counts quota set to -1
2022-07-27 23:16:54,024 [OM StateMachine ApplyTransaction Thread - 0] INFO  volume.OMVolumeCreateRequest (OMVolumeCreateRequest.java:validateAndUpdateCache(195)) - created volume:volume88356 for user:user59074
2022-07-27 23:16:54,025 [Time-limited test] INFO  rpc.RpcClient (RpcClient.java:createBucket(670)) - Creating Bucket: volume88356/bucket44820, with bucket layout FILE_SYSTEM_OPTIMIZED, runner as owner, Versioning false, Storage Type set to DISK and Encryption set to false 
2022-07-27 23:16:54,026 [OM StateMachine ApplyTransaction Thread - 0] INFO  bucket.OMBucketCreateRequest (OMBucketCreateRequest.java:validateAndUpdateCache(260)) - created bucket: bucket44820 of layout FILE_SYSTEM_OPTIMIZED in volume: volume88356
23:16:54.028 [IPC Server handler 9 on default port 44809] ERROR OMAudit - user=runner | ip=127.0.0.1 | op=READ_BUCKET {volume=volume-40313, bucket=bucket-06670} | ret=FAILURE
org.apache.hadoop.ozone.om.exceptions.OMException: Volume not found when getting bucket info
	at org.apache.hadoop.ozone.om.BucketManagerImpl.getBucketInfo(BucketManagerImpl.java:127) ~[ozone-manager-1.3.0-SNAPSHOT.jar:?]
	at org.apache.hadoop.ozone.om.OzoneManager.getBucketInfo(OzoneManager.java:2779) ~[ozone-manager-1.3.0-SNAPSHOT.jar:?]
	at org.apache.hadoop.ozone.protocolPB.OzoneManagerRequestHandler.infoBucket(OzoneManagerRequestHandler.java:471) ~[ozone-manager-1.3.0-SNAPSHOT.jar:?]
	at org.apache.hadoop.ozone.protocolPB.OzoneManagerRequestHandler.handleReadRequest(OzoneManagerRequestHandler.java:174) ~[ozone-manager-1.3.0-SNAPSHOT.jar:?]
	at org.apache.hadoop.ozone.protocolPB.OzoneManagerProtocolServerSideTranslatorPB.submitReadRequestToOM(OzoneManagerProtocolServerSideTranslatorPB.java:226) ~[ozone-manager-1.3.0-SNAPSHOT.jar:?]
	at org.apache.hadoop.ozone.protocolPB.OzoneManagerProtocolServerSideTranslatorPB.processRequest(OzoneManagerProtocolServerSideTranslatorPB.java:175) ~[ozone-manager-1.3.0-SNAPSHOT.jar:?]
	at org.apache.hadoop.hdds.server.OzoneProtocolMessageDispatcher.processRequest(OzoneProtocolMessageDispatcher.java:87) [hdds-server-framework-1.3.0-SNAPSHOT.jar:?]
	at org.apache.hadoop.ozone.protocolPB.OzoneManagerProtocolServerSideTranslatorPB.submitRequest(OzoneManagerProtocolServerSideTranslatorPB.java:147) [ozone-manager-1.3.0-SNAPSHOT.jar:?]
	at org.apache.hadoop.ozone.protocol.proto.OzoneManagerProtocolProtos$OzoneManagerService$2.callBlockingMethod(OzoneManagerProtocolProtos.java) [ozone-interface-client-1.3.0-SNAPSHOT.jar:?]
	at org.apache.hadoop.ipc.ProtobufRpcEngine$Server.processCall(ProtobufRpcEngine.java:466) [hadoop-common-3.3.1.jar:?]
	at org.apache.hadoop.ipc.ProtobufRpcEngine2$Server$ProtoBufRpcInvoker.call(ProtobufRpcEngine2.java:574) [hadoop-common-3.3.1.jar:?]
	at org.apache.hadoop.ipc.ProtobufRpcEngine2$Server$ProtoBufRpcInvoker.call(ProtobufRpcEngine2.java:552) [hadoop-common-3.3.1.jar:?]
	at org.apache.hadoop.ipc.RPC$Server.call(RPC.java:1093) [hadoop-common-3.3.1.jar:?]
	at org.apache.hadoop.ipc.Server$RpcCall.run(Server.java:1035) [hadoop-common-3.3.1.jar:?]
	at org.apache.hadoop.ipc.Server$RpcCall.run(Server.java:963) [hadoop-common-3.3.1.jar:?]
	at java.security.AccessController.doPrivileged(Native Method) ~[?:1.8.0_332]
	at javax.security.auth.Subject.doAs(Subject.java:422) [?:1.8.0_332]
	at org.apache.hadoop.security.UserGroupInformation.doAs(UserGroupInformation.java:1878) [hadoop-common-3.3.1.jar:?]
	at org.apache.hadoop.ipc.Server$Handler.run(Server.java:2966) [hadoop-common-3.3.1.jar:?]
2022-07-27 23:16:54,029 [Time-limited test] INFO  rpc.RpcClient (RpcClient.java:createVolume(467)) - Creating Volume: volume-40313, with runner as owner and space quota set to -1 bytes, counts quota set to -1
2022-07-27 23:16:54,030 [OM StateMachine ApplyTransaction Thread - 0] INFO  volume.OMVolumeCreateRequest (OMVolumeCreateRequest.java:validateAndUpdateCache(195)) - created volume:volume-40313 for user:runner
2022-07-27 23:16:54,031 [Time-limited test] INFO  rpc.RpcClient (RpcClient.java:createBucket(670)) - Creating Bucket: volume-40313/bucket-06670, with bucket layout FILE_SYSTEM_OPTIMIZED, runner as owner, Versioning false, Storage Type set to DISK and Encryption set to false 
2022-07-27 23:16:54,032 [OM StateMachine ApplyTransaction Thread - 0] INFO  bucket.OMBucketCreateRequest (OMBucketCreateRequest.java:validateAndUpdateCache(260)) - created bucket: bucket-06670 of layout FILE_SYSTEM_OPTIMIZED in volume: volume-40313
]]></system-out>
  </testcase>
  <testcase name="testMkdirNonExistentVolumeBucket" classname="TestRootedOzoneFileSystemWithFSO" time="0.109">
    <system-out><![CDATA[2022-07-27 23:17:57,270 [Time-limited test] INFO  rpc.RpcClient (RpcClient.java:createVolume(467)) - Creating Volume: volume43515, with user71092 as owner and space quota set to -1 bytes, counts quota set to -1
2022-07-27 23:17:57,271 [IPC Server handler 6 on default port 45823] INFO  volume.OMVolumeCreateRequest (OMVolumeCreateRequest.java:validateAndUpdateCache(195)) - created volume:volume43515 for user:user71092
2022-07-27 23:17:57,272 [Time-limited test] INFO  rpc.RpcClient (RpcClient.java:createBucket(670)) - Creating Bucket: volume43515/bucket22875, with bucket layout FILE_SYSTEM_OPTIMIZED, runner as owner, Versioning false, Storage Type set to DISK and Encryption set to false 
2022-07-27 23:17:57,272 [IPC Server handler 2 on default port 45823] INFO  bucket.OMBucketCreateRequest (OMBucketCreateRequest.java:validateAndUpdateCache(260)) - created bucket: bucket22875 of layout FILE_SYSTEM_OPTIMIZED in volume: volume43515
23:17:57.273 [IPC Server handler 4 on default port 45823] ERROR OMAudit - user=runner | ip=127.0.0.1 | op=READ_BUCKET {volume=volume-41755, bucket=bucket-19542} | ret=FAILURE
org.apache.hadoop.ozone.om.exceptions.OMException: Volume not found when getting bucket info
	at org.apache.hadoop.ozone.om.BucketManagerImpl.getBucketInfo(BucketManagerImpl.java:127) ~[ozone-manager-1.3.0-SNAPSHOT.jar:?]
	at org.apache.hadoop.ozone.om.OzoneManager.getBucketInfo(OzoneManager.java:2779) ~[ozone-manager-1.3.0-SNAPSHOT.jar:?]
	at org.apache.hadoop.ozone.protocolPB.OzoneManagerRequestHandler.infoBucket(OzoneManagerRequestHandler.java:471) ~[ozone-manager-1.3.0-SNAPSHOT.jar:?]
	at org.apache.hadoop.ozone.protocolPB.OzoneManagerRequestHandler.handleReadRequest(OzoneManagerRequestHandler.java:174) ~[ozone-manager-1.3.0-SNAPSHOT.jar:?]
	at org.apache.hadoop.ozone.protocolPB.OzoneManagerProtocolServerSideTranslatorPB.submitRequestDirectlyToOM(OzoneManagerProtocolServerSideTranslatorPB.java:276) ~[ozone-manager-1.3.0-SNAPSHOT.jar:?]
	at org.apache.hadoop.ozone.protocolPB.OzoneManagerProtocolServerSideTranslatorPB.processRequest(OzoneManagerProtocolServerSideTranslatorPB.java:205) ~[ozone-manager-1.3.0-SNAPSHOT.jar:?]
	at org.apache.hadoop.hdds.server.OzoneProtocolMessageDispatcher.processRequest(OzoneProtocolMessageDispatcher.java:87) [hdds-server-framework-1.3.0-SNAPSHOT.jar:?]
	at org.apache.hadoop.ozone.protocolPB.OzoneManagerProtocolServerSideTranslatorPB.submitRequest(OzoneManagerProtocolServerSideTranslatorPB.java:147) [ozone-manager-1.3.0-SNAPSHOT.jar:?]
	at org.apache.hadoop.ozone.protocol.proto.OzoneManagerProtocolProtos$OzoneManagerService$2.callBlockingMethod(OzoneManagerProtocolProtos.java) [ozone-interface-client-1.3.0-SNAPSHOT.jar:?]
	at org.apache.hadoop.ipc.ProtobufRpcEngine$Server.processCall(ProtobufRpcEngine.java:466) [hadoop-common-3.3.1.jar:?]
	at org.apache.hadoop.ipc.ProtobufRpcEngine2$Server$ProtoBufRpcInvoker.call(ProtobufRpcEngine2.java:574) [hadoop-common-3.3.1.jar:?]
	at org.apache.hadoop.ipc.ProtobufRpcEngine2$Server$ProtoBufRpcInvoker.call(ProtobufRpcEngine2.java:552) [hadoop-common-3.3.1.jar:?]
	at org.apache.hadoop.ipc.RPC$Server.call(RPC.java:1093) [hadoop-common-3.3.1.jar:?]
	at org.apache.hadoop.ipc.Server$RpcCall.run(Server.java:1035) [hadoop-common-3.3.1.jar:?]
	at org.apache.hadoop.ipc.Server$RpcCall.run(Server.java:963) [hadoop-common-3.3.1.jar:?]
	at java.security.AccessController.doPrivileged(Native Method) ~[?:1.8.0_332]
	at javax.security.auth.Subject.doAs(Subject.java:422) [?:1.8.0_332]
	at org.apache.hadoop.security.UserGroupInformation.doAs(UserGroupInformation.java:1878) [hadoop-common-3.3.1.jar:?]
	at org.apache.hadoop.ipc.Server$Handler.run(Server.java:2966) [hadoop-common-3.3.1.jar:?]
2022-07-27 23:17:57,274 [Time-limited test] INFO  rpc.RpcClient (RpcClient.java:createVolume(467)) - Creating Volume: volume-41755, with runner as owner and space quota set to -1 bytes, counts quota set to -1
2022-07-27 23:17:57,274 [IPC Server handler 5 on default port 45823] INFO  volume.OMVolumeCreateRequest (OMVolumeCreateRequest.java:validateAndUpdateCache(195)) - created volume:volume-41755 for user:runner
2022-07-27 23:17:57,275 [Time-limited test] INFO  rpc.RpcClient (RpcClient.java:createBucket(670)) - Creating Bucket: volume-41755/bucket-19542, with bucket layout FILE_SYSTEM_OPTIMIZED, runner as owner, Versioning false, Storage Type set to DISK and Encryption set to false 
2022-07-27 23:17:57,275 [IPC Server handler 18 on default port 45823] INFO  bucket.OMBucketCreateRequest (OMBucketCreateRequest.java:validateAndUpdateCache(260)) - created bucket: bucket-19542 of layout FILE_SYSTEM_OPTIMIZED in volume: volume-41755
]]></system-out>
  </testcase>
  <testcase name="testFailToDeleteRoot" classname="TestRootedOzoneFileSystemWithFSO" time="0.045">
    <system-out><![CDATA[2022-07-27 23:16:54,070 [Time-limited test] INFO  rpc.RpcClient (RpcClient.java:createVolume(467)) - Creating Volume: volume69248, with user91940 as owner and space quota set to -1 bytes, counts quota set to -1
2022-07-27 23:16:54,077 [OM StateMachine ApplyTransaction Thread - 0] INFO  volume.OMVolumeCreateRequest (OMVolumeCreateRequest.java:validateAndUpdateCache(195)) - created volume:volume69248 for user:user91940
2022-07-27 23:16:54,079 [Time-limited test] INFO  rpc.RpcClient (RpcClient.java:createBucket(670)) - Creating Bucket: volume69248/bucket72182, with bucket layout FILE_SYSTEM_OPTIMIZED, runner as owner, Versioning false, Storage Type set to DISK and Encryption set to false 
2022-07-27 23:16:54,080 [OM StateMachine ApplyTransaction Thread - 0] INFO  bucket.OMBucketCreateRequest (OMBucketCreateRequest.java:validateAndUpdateCache(260)) - created bucket: bucket72182 of layout FILE_SYSTEM_OPTIMIZED in volume: volume69248
2022-07-27 23:16:54,081 [Time-limited test] WARN  ozone.BasicRootedOzoneFileSystem (BasicRootedOzoneFileSystem.java:delete(591)) - delete: OFS does not support rm root. To wipe the cluster, please re-init OM instead.
2022-07-27 23:16:54,081 [Time-limited test] WARN  ozone.BasicRootedOzoneFileSystem (BasicRootedOzoneFileSystem.java:delete(591)) - delete: OFS does not support rm root. To wipe the cluster, please re-init OM instead.
]]></system-out>
  </testcase>
  <testcase name="testFailToDeleteRoot" classname="TestRootedOzoneFileSystemWithFSO" time="0.072">
    <system-out><![CDATA[2022-07-27 23:17:57,346 [Time-limited test] INFO  rpc.RpcClient (RpcClient.java:createVolume(467)) - Creating Volume: volume62490, with user44605 as owner and space quota set to -1 bytes, counts quota set to -1
2022-07-27 23:17:57,346 [IPC Server handler 14 on default port 45823] INFO  volume.OMVolumeCreateRequest (OMVolumeCreateRequest.java:validateAndUpdateCache(195)) - created volume:volume62490 for user:user44605
2022-07-27 23:17:57,347 [Time-limited test] INFO  rpc.RpcClient (RpcClient.java:createBucket(670)) - Creating Bucket: volume62490/bucket99555, with bucket layout FILE_SYSTEM_OPTIMIZED, runner as owner, Versioning false, Storage Type set to DISK and Encryption set to false 
2022-07-27 23:17:57,348 [IPC Server handler 12 on default port 45823] INFO  bucket.OMBucketCreateRequest (OMBucketCreateRequest.java:validateAndUpdateCache(260)) - created bucket: bucket99555 of layout FILE_SYSTEM_OPTIMIZED in volume: volume62490
2022-07-27 23:17:57,350 [Time-limited test] WARN  ozone.BasicRootedOzoneFileSystem (BasicRootedOzoneFileSystem.java:delete(591)) - delete: OFS does not support rm root. To wipe the cluster, please re-init OM instead.
2022-07-27 23:17:57,350 [Time-limited test] WARN  ozone.BasicRootedOzoneFileSystem (BasicRootedOzoneFileSystem.java:delete(591)) - delete: OFS does not support rm root. To wipe the cluster, please re-init OM instead.
]]></system-out>
  </testcase>
  <testcase name="testListStatusOnSubDirs" classname="TestRootedOzoneFileSystemWithFSO" time="0.06">
    <system-out><![CDATA[2022-07-27 23:16:54,114 [Time-limited test] INFO  rpc.RpcClient (RpcClient.java:createVolume(467)) - Creating Volume: volume90161, with user21098 as owner and space quota set to -1 bytes, counts quota set to -1
2022-07-27 23:16:54,118 [OM StateMachine ApplyTransaction Thread - 0] INFO  volume.OMVolumeCreateRequest (OMVolumeCreateRequest.java:validateAndUpdateCache(195)) - created volume:volume90161 for user:user21098
2022-07-27 23:16:54,119 [Time-limited test] INFO  rpc.RpcClient (RpcClient.java:createBucket(670)) - Creating Bucket: volume90161/bucket95245, with bucket layout FILE_SYSTEM_OPTIMIZED, runner as owner, Versioning false, Storage Type set to DISK and Encryption set to false 
2022-07-27 23:16:54,120 [OM StateMachine ApplyTransaction Thread - 0] INFO  bucket.OMBucketCreateRequest (OMBucketCreateRequest.java:validateAndUpdateCache(260)) - created bucket: bucket95245 of layout FILE_SYSTEM_OPTIMIZED in volume: volume90161
]]></system-out>
  </testcase>
  <testcase name="testListStatusOnSubDirs" classname="TestRootedOzoneFileSystemWithFSO" time="0.121">
    <system-out><![CDATA[2022-07-27 23:17:57,451 [Time-limited test] INFO  rpc.RpcClient (RpcClient.java:createVolume(467)) - Creating Volume: volume17026, with user11306 as owner and space quota set to -1 bytes, counts quota set to -1
2022-07-27 23:17:57,451 [IPC Server handler 12 on default port 45823] INFO  volume.OMVolumeCreateRequest (OMVolumeCreateRequest.java:validateAndUpdateCache(195)) - created volume:volume17026 for user:user11306
2022-07-27 23:17:57,452 [Time-limited test] INFO  rpc.RpcClient (RpcClient.java:createBucket(670)) - Creating Bucket: volume17026/bucket08086, with bucket layout FILE_SYSTEM_OPTIMIZED, runner as owner, Versioning false, Storage Type set to DISK and Encryption set to false 
2022-07-27 23:17:57,452 [IPC Server handler 10 on default port 45823] INFO  bucket.OMBucketCreateRequest (OMBucketCreateRequest.java:validateAndUpdateCache(260)) - created bucket: bucket08086 of layout FILE_SYSTEM_OPTIMIZED in volume: volume17026
]]></system-out>
  </testcase>
  <testcase name="testListStatus" classname="TestRootedOzoneFileSystemWithFSO" time="0.073">
    <system-out><![CDATA[2022-07-27 23:16:54,184 [Time-limited test] INFO  rpc.RpcClient (RpcClient.java:createVolume(467)) - Creating Volume: volume92527, with user33244 as owner and space quota set to -1 bytes, counts quota set to -1
2022-07-27 23:16:54,188 [OM StateMachine ApplyTransaction Thread - 0] INFO  volume.OMVolumeCreateRequest (OMVolumeCreateRequest.java:validateAndUpdateCache(195)) - created volume:volume92527 for user:user33244
2022-07-27 23:16:54,189 [Time-limited test] INFO  rpc.RpcClient (RpcClient.java:createBucket(670)) - Creating Bucket: volume92527/bucket50777, with bucket layout FILE_SYSTEM_OPTIMIZED, runner as owner, Versioning false, Storage Type set to DISK and Encryption set to false 
2022-07-27 23:16:54,192 [OM StateMachine ApplyTransaction Thread - 0] INFO  bucket.OMBucketCreateRequest (OMBucketCreateRequest.java:validateAndUpdateCache(260)) - created bucket: bucket50777 of layout FILE_SYSTEM_OPTIMIZED in volume: volume92527
]]></system-out>
  </testcase>
  <testcase name="testListStatus" classname="TestRootedOzoneFileSystemWithFSO" time="0.142">
    <system-out><![CDATA[2022-07-27 23:17:57,587 [Time-limited test] INFO  rpc.RpcClient (RpcClient.java:createVolume(467)) - Creating Volume: volume57906, with user64184 as owner and space quota set to -1 bytes, counts quota set to -1
2022-07-27 23:17:57,588 [IPC Server handler 9 on default port 45823] INFO  volume.OMVolumeCreateRequest (OMVolumeCreateRequest.java:validateAndUpdateCache(195)) - created volume:volume57906 for user:user64184
2022-07-27 23:17:57,589 [Time-limited test] INFO  rpc.RpcClient (RpcClient.java:createBucket(670)) - Creating Bucket: volume57906/bucket56267, with bucket layout FILE_SYSTEM_OPTIMIZED, runner as owner, Versioning false, Storage Type set to DISK and Encryption set to false 
2022-07-27 23:17:57,589 [IPC Server handler 7 on default port 45823] INFO  bucket.OMBucketCreateRequest (OMBucketCreateRequest.java:validateAndUpdateCache(260)) - created bucket: bucket56267 of layout FILE_SYSTEM_OPTIMIZED in volume: volume57906
]]></system-out>
  </testcase>
  <testcase name="testGetTrashRoots" classname="TestRootedOzoneFileSystemWithFSO" time="0.502">
    <system-out><![CDATA[2022-07-27 23:16:54,252 [Time-limited test] INFO  rpc.RpcClient (RpcClient.java:createVolume(467)) - Creating Volume: volume38622, with user10196 as owner and space quota set to -1 bytes, counts quota set to -1
2022-07-27 23:16:54,253 [OM StateMachine ApplyTransaction Thread - 0] INFO  volume.OMVolumeCreateRequest (OMVolumeCreateRequest.java:validateAndUpdateCache(195)) - created volume:volume38622 for user:user10196
2022-07-27 23:16:54,255 [Time-limited test] INFO  rpc.RpcClient (RpcClient.java:createBucket(670)) - Creating Bucket: volume38622/bucket05227, with bucket layout FILE_SYSTEM_OPTIMIZED, runner as owner, Versioning false, Storage Type set to DISK and Encryption set to false 
2022-07-27 23:16:54,256 [OM StateMachine ApplyTransaction Thread - 0] INFO  bucket.OMBucketCreateRequest (OMBucketCreateRequest.java:validateAndUpdateCache(260)) - created bucket: bucket05227 of layout FILE_SYSTEM_OPTIMIZED in volume: volume38622
23:16:54.266 [IPC Server handler 2 on default port 44809] ERROR OMAudit - user=runner | ip=127.0.0.1 | op=GET_FILE_STATUS {volume=volume38622, bucket=bucket05227, key=.Trash/runner, dataSize=0, replicationConfig=null} | ret=FAILURE
org.apache.hadoop.ozone.om.exceptions.OMException: Unable to get file status: volume: volume38622 bucket: bucket05227 key: .Trash/runner
	at org.apache.hadoop.ozone.om.KeyManagerImpl.getOzoneFileStatusFSO(KeyManagerImpl.java:1376) ~[ozone-manager-1.3.0-SNAPSHOT.jar:?]
	at org.apache.hadoop.ozone.om.KeyManagerImpl.getFileStatus(KeyManagerImpl.java:1239) ~[ozone-manager-1.3.0-SNAPSHOT.jar:?]
	at org.apache.hadoop.ozone.om.OzoneManager.getFileStatus(OzoneManager.java:3467) ~[ozone-manager-1.3.0-SNAPSHOT.jar:?]
	at org.apache.hadoop.ozone.protocolPB.OzoneManagerRequestHandler.getOzoneFileStatus(OzoneManagerRequestHandler.java:878) ~[ozone-manager-1.3.0-SNAPSHOT.jar:?]
	at org.apache.hadoop.ozone.protocolPB.OzoneManagerRequestHandler.handleReadRequest(OzoneManagerRequestHandler.java:224) ~[ozone-manager-1.3.0-SNAPSHOT.jar:?]
	at org.apache.hadoop.ozone.protocolPB.OzoneManagerProtocolServerSideTranslatorPB.submitReadRequestToOM(OzoneManagerProtocolServerSideTranslatorPB.java:226) ~[ozone-manager-1.3.0-SNAPSHOT.jar:?]
	at org.apache.hadoop.ozone.protocolPB.OzoneManagerProtocolServerSideTranslatorPB.processRequest(OzoneManagerProtocolServerSideTranslatorPB.java:175) ~[ozone-manager-1.3.0-SNAPSHOT.jar:?]
	at org.apache.hadoop.hdds.server.OzoneProtocolMessageDispatcher.processRequest(OzoneProtocolMessageDispatcher.java:87) [hdds-server-framework-1.3.0-SNAPSHOT.jar:?]
	at org.apache.hadoop.ozone.protocolPB.OzoneManagerProtocolServerSideTranslatorPB.submitRequest(OzoneManagerProtocolServerSideTranslatorPB.java:147) [ozone-manager-1.3.0-SNAPSHOT.jar:?]
	at org.apache.hadoop.ozone.protocol.proto.OzoneManagerProtocolProtos$OzoneManagerService$2.callBlockingMethod(OzoneManagerProtocolProtos.java) [ozone-interface-client-1.3.0-SNAPSHOT.jar:?]
	at org.apache.hadoop.ipc.ProtobufRpcEngine$Server.processCall(ProtobufRpcEngine.java:466) [hadoop-common-3.3.1.jar:?]
	at org.apache.hadoop.ipc.ProtobufRpcEngine2$Server$ProtoBufRpcInvoker.call(ProtobufRpcEngine2.java:574) [hadoop-common-3.3.1.jar:?]
	at org.apache.hadoop.ipc.ProtobufRpcEngine2$Server$ProtoBufRpcInvoker.call(ProtobufRpcEngine2.java:552) [hadoop-common-3.3.1.jar:?]
	at org.apache.hadoop.ipc.RPC$Server.call(RPC.java:1093) [hadoop-common-3.3.1.jar:?]
	at org.apache.hadoop.ipc.Server$RpcCall.run(Server.java:1035) [hadoop-common-3.3.1.jar:?]
	at org.apache.hadoop.ipc.Server$RpcCall.run(Server.java:963) [hadoop-common-3.3.1.jar:?]
	at java.security.AccessController.doPrivileged(Native Method) ~[?:1.8.0_332]
	at javax.security.auth.Subject.doAs(Subject.java:422) [?:1.8.0_332]
	at org.apache.hadoop.security.UserGroupInformation.doAs(UserGroupInformation.java:1878) [hadoop-common-3.3.1.jar:?]
	at org.apache.hadoop.ipc.Server$Handler.run(Server.java:2966) [hadoop-common-3.3.1.jar:?]
23:16:54.269 [IPC Server handler 5 on default port 44809] ERROR OMAudit - user=runner | ip=127.0.0.1 | op=GET_FILE_STATUS {volume=volume-24287, bucket=bucket-50715, key=.Trash/runner, dataSize=0, replicationConfig=null} | ret=FAILURE
org.apache.hadoop.ozone.om.exceptions.OMException: Unable to get file status: volume: volume-24287 bucket: bucket-50715 key: .Trash/runner
	at org.apache.hadoop.ozone.om.KeyManagerImpl.getOzoneFileStatusFSO(KeyManagerImpl.java:1376) ~[ozone-manager-1.3.0-SNAPSHOT.jar:?]
	at org.apache.hadoop.ozone.om.KeyManagerImpl.getFileStatus(KeyManagerImpl.java:1239) ~[ozone-manager-1.3.0-SNAPSHOT.jar:?]
	at org.apache.hadoop.ozone.om.OzoneManager.getFileStatus(OzoneManager.java:3467) ~[ozone-manager-1.3.0-SNAPSHOT.jar:?]
	at org.apache.hadoop.ozone.protocolPB.OzoneManagerRequestHandler.getOzoneFileStatus(OzoneManagerRequestHandler.java:878) ~[ozone-manager-1.3.0-SNAPSHOT.jar:?]
	at org.apache.hadoop.ozone.protocolPB.OzoneManagerRequestHandler.handleReadRequest(OzoneManagerRequestHandler.java:224) ~[ozone-manager-1.3.0-SNAPSHOT.jar:?]
	at org.apache.hadoop.ozone.protocolPB.OzoneManagerProtocolServerSideTranslatorPB.submitReadRequestToOM(OzoneManagerProtocolServerSideTranslatorPB.java:226) ~[ozone-manager-1.3.0-SNAPSHOT.jar:?]
	at org.apache.hadoop.ozone.protocolPB.OzoneManagerProtocolServerSideTranslatorPB.processRequest(OzoneManagerProtocolServerSideTranslatorPB.java:175) ~[ozone-manager-1.3.0-SNAPSHOT.jar:?]
	at org.apache.hadoop.hdds.server.OzoneProtocolMessageDispatcher.processRequest(OzoneProtocolMessageDispatcher.java:87) [hdds-server-framework-1.3.0-SNAPSHOT.jar:?]
	at org.apache.hadoop.ozone.protocolPB.OzoneManagerProtocolServerSideTranslatorPB.submitRequest(OzoneManagerProtocolServerSideTranslatorPB.java:147) [ozone-manager-1.3.0-SNAPSHOT.jar:?]
	at org.apache.hadoop.ozone.protocol.proto.OzoneManagerProtocolProtos$OzoneManagerService$2.callBlockingMethod(OzoneManagerProtocolProtos.java) [ozone-interface-client-1.3.0-SNAPSHOT.jar:?]
	at org.apache.hadoop.ipc.ProtobufRpcEngine$Server.processCall(ProtobufRpcEngine.java:466) [hadoop-common-3.3.1.jar:?]
	at org.apache.hadoop.ipc.ProtobufRpcEngine2$Server$ProtoBufRpcInvoker.call(ProtobufRpcEngine2.java:574) [hadoop-common-3.3.1.jar:?]
	at org.apache.hadoop.ipc.ProtobufRpcEngine2$Server$ProtoBufRpcInvoker.call(ProtobufRpcEngine2.java:552) [hadoop-common-3.3.1.jar:?]
	at org.apache.hadoop.ipc.RPC$Server.call(RPC.java:1093) [hadoop-common-3.3.1.jar:?]
	at org.apache.hadoop.ipc.Server$RpcCall.run(Server.java:1035) [hadoop-common-3.3.1.jar:?]
	at org.apache.hadoop.ipc.Server$RpcCall.run(Server.java:963) [hadoop-common-3.3.1.jar:?]
	at java.security.AccessController.doPrivileged(Native Method) ~[?:1.8.0_332]
	at javax.security.auth.Subject.doAs(Subject.java:422) [?:1.8.0_332]
	at org.apache.hadoop.security.UserGroupInformation.doAs(UserGroupInformation.java:1878) [hadoop-common-3.3.1.jar:?]
	at org.apache.hadoop.ipc.Server$Handler.run(Server.java:2966) [hadoop-common-3.3.1.jar:?]
23:16:54.271 [IPC Server handler 12 on default port 44809] ERROR OMAudit - user=runner | ip=127.0.0.1 | op=GET_FILE_STATUS {volume=volume-16582, bucket=bucket-89793, key=.Trash/runner, dataSize=0, replicationConfig=null} | ret=FAILURE
org.apache.hadoop.ozone.om.exceptions.OMException: Unable to get file status: volume: volume-16582 bucket: bucket-89793 key: .Trash/runner
	at org.apache.hadoop.ozone.om.KeyManagerImpl.getOzoneFileStatusFSO(KeyManagerImpl.java:1376) ~[ozone-manager-1.3.0-SNAPSHOT.jar:?]
	at org.apache.hadoop.ozone.om.KeyManagerImpl.getFileStatus(KeyManagerImpl.java:1239) ~[ozone-manager-1.3.0-SNAPSHOT.jar:?]
	at org.apache.hadoop.ozone.om.OzoneManager.getFileStatus(OzoneManager.java:3467) ~[ozone-manager-1.3.0-SNAPSHOT.jar:?]
	at org.apache.hadoop.ozone.protocolPB.OzoneManagerRequestHandler.getOzoneFileStatus(OzoneManagerRequestHandler.java:878) ~[ozone-manager-1.3.0-SNAPSHOT.jar:?]
	at org.apache.hadoop.ozone.protocolPB.OzoneManagerRequestHandler.handleReadRequest(OzoneManagerRequestHandler.java:224) ~[ozone-manager-1.3.0-SNAPSHOT.jar:?]
	at org.apache.hadoop.ozone.protocolPB.OzoneManagerProtocolServerSideTranslatorPB.submitReadRequestToOM(OzoneManagerProtocolServerSideTranslatorPB.java:226) ~[ozone-manager-1.3.0-SNAPSHOT.jar:?]
	at org.apache.hadoop.ozone.protocolPB.OzoneManagerProtocolServerSideTranslatorPB.processRequest(OzoneManagerProtocolServerSideTranslatorPB.java:175) ~[ozone-manager-1.3.0-SNAPSHOT.jar:?]
	at org.apache.hadoop.hdds.server.OzoneProtocolMessageDispatcher.processRequest(OzoneProtocolMessageDispatcher.java:87) [hdds-server-framework-1.3.0-SNAPSHOT.jar:?]
	at org.apache.hadoop.ozone.protocolPB.OzoneManagerProtocolServerSideTranslatorPB.submitRequest(OzoneManagerProtocolServerSideTranslatorPB.java:147) [ozone-manager-1.3.0-SNAPSHOT.jar:?]
	at org.apache.hadoop.ozone.protocol.proto.OzoneManagerProtocolProtos$OzoneManagerService$2.callBlockingMethod(OzoneManagerProtocolProtos.java) [ozone-interface-client-1.3.0-SNAPSHOT.jar:?]
	at org.apache.hadoop.ipc.ProtobufRpcEngine$Server.processCall(ProtobufRpcEngine.java:466) [hadoop-common-3.3.1.jar:?]
	at org.apache.hadoop.ipc.ProtobufRpcEngine2$Server$ProtoBufRpcInvoker.call(ProtobufRpcEngine2.java:574) [hadoop-common-3.3.1.jar:?]
	at org.apache.hadoop.ipc.ProtobufRpcEngine2$Server$ProtoBufRpcInvoker.call(ProtobufRpcEngine2.java:552) [hadoop-common-3.3.1.jar:?]
	at org.apache.hadoop.ipc.RPC$Server.call(RPC.java:1093) [hadoop-common-3.3.1.jar:?]
	at org.apache.hadoop.ipc.Server$RpcCall.run(Server.java:1035) [hadoop-common-3.3.1.jar:?]
	at org.apache.hadoop.ipc.Server$RpcCall.run(Server.java:963) [hadoop-common-3.3.1.jar:?]
	at java.security.AccessController.doPrivileged(Native Method) ~[?:1.8.0_332]
	at javax.security.auth.Subject.doAs(Subject.java:422) [?:1.8.0_332]
	at org.apache.hadoop.security.UserGroupInformation.doAs(UserGroupInformation.java:1878) [hadoop-common-3.3.1.jar:?]
	at org.apache.hadoop.ipc.Server$Handler.run(Server.java:2966) [hadoop-common-3.3.1.jar:?]
23:16:54.275 [IPC Server handler 18 on default port 44809] ERROR OMAudit - user=runner | ip=127.0.0.1 | op=GET_FILE_STATUS {volume=5116d0ed-d071-409d-8a7f-6a531960eda2, bucket=718ffb63-c792-444e-b8d7-58459fef9ce2, key=.Trash, dataSize=0, replicationConfig=null} | ret=FAILURE
org.apache.hadoop.ozone.om.exceptions.OMException: Unable to get file status: volume: 5116d0ed-d071-409d-8a7f-6a531960eda2 bucket: 718ffb63-c792-444e-b8d7-58459fef9ce2 key: .Trash
	at org.apache.hadoop.ozone.om.KeyManagerImpl.getOzoneFileStatus(KeyManagerImpl.java:1311) ~[ozone-manager-1.3.0-SNAPSHOT.jar:?]
	at org.apache.hadoop.ozone.om.KeyManagerImpl.getFileStatus(KeyManagerImpl.java:1241) ~[ozone-manager-1.3.0-SNAPSHOT.jar:?]
	at org.apache.hadoop.ozone.om.OzoneManager.getFileStatus(OzoneManager.java:3467) ~[ozone-manager-1.3.0-SNAPSHOT.jar:?]
	at org.apache.hadoop.ozone.protocolPB.OzoneManagerRequestHandler.getOzoneFileStatus(OzoneManagerRequestHandler.java:878) ~[ozone-manager-1.3.0-SNAPSHOT.jar:?]
	at org.apache.hadoop.ozone.protocolPB.OzoneManagerRequestHandler.handleReadRequest(OzoneManagerRequestHandler.java:224) ~[ozone-manager-1.3.0-SNAPSHOT.jar:?]
	at org.apache.hadoop.ozone.protocolPB.OzoneManagerProtocolServerSideTranslatorPB.submitReadRequestToOM(OzoneManagerProtocolServerSideTranslatorPB.java:226) ~[ozone-manager-1.3.0-SNAPSHOT.jar:?]
	at org.apache.hadoop.ozone.protocolPB.OzoneManagerProtocolServerSideTranslatorPB.processRequest(OzoneManagerProtocolServerSideTranslatorPB.java:175) ~[ozone-manager-1.3.0-SNAPSHOT.jar:?]
	at org.apache.hadoop.hdds.server.OzoneProtocolMessageDispatcher.processRequest(OzoneProtocolMessageDispatcher.java:87) [hdds-server-framework-1.3.0-SNAPSHOT.jar:?]
	at org.apache.hadoop.ozone.protocolPB.OzoneManagerProtocolServerSideTranslatorPB.submitRequest(OzoneManagerProtocolServerSideTranslatorPB.java:147) [ozone-manager-1.3.0-SNAPSHOT.jar:?]
	at org.apache.hadoop.ozone.protocol.proto.OzoneManagerProtocolProtos$OzoneManagerService$2.callBlockingMethod(OzoneManagerProtocolProtos.java) [ozone-interface-client-1.3.0-SNAPSHOT.jar:?]
	at org.apache.hadoop.ipc.ProtobufRpcEngine$Server.processCall(ProtobufRpcEngine.java:466) [hadoop-common-3.3.1.jar:?]
	at org.apache.hadoop.ipc.ProtobufRpcEngine2$Server$ProtoBufRpcInvoker.call(ProtobufRpcEngine2.java:574) [hadoop-common-3.3.1.jar:?]
	at org.apache.hadoop.ipc.ProtobufRpcEngine2$Server$ProtoBufRpcInvoker.call(ProtobufRpcEngine2.java:552) [hadoop-common-3.3.1.jar:?]
	at org.apache.hadoop.ipc.RPC$Server.call(RPC.java:1093) [hadoop-common-3.3.1.jar:?]
	at org.apache.hadoop.ipc.Server$RpcCall.run(Server.java:1035) [hadoop-common-3.3.1.jar:?]
	at org.apache.hadoop.ipc.Server$RpcCall.run(Server.java:963) [hadoop-common-3.3.1.jar:?]
	at java.security.AccessController.doPrivileged(Native Method) ~[?:1.8.0_332]
	at javax.security.auth.Subject.doAs(Subject.java:422) [?:1.8.0_332]
	at org.apache.hadoop.security.UserGroupInformation.doAs(UserGroupInformation.java:1878) [hadoop-common-3.3.1.jar:?]
	at org.apache.hadoop.ipc.Server$Handler.run(Server.java:2966) [hadoop-common-3.3.1.jar:?]
23:16:54.278 [IPC Server handler 2 on default port 44809] ERROR OMAudit - user=runner | ip=127.0.0.1 | op=GET_FILE_STATUS {volume=volume-16582, bucket=bucket-89793, key=.Trash, dataSize=0, replicationConfig=null} | ret=FAILURE
org.apache.hadoop.ozone.om.exceptions.OMException: Unable to get file status: volume: volume-16582 bucket: bucket-89793 key: .Trash
	at org.apache.hadoop.ozone.om.KeyManagerImpl.getOzoneFileStatusFSO(KeyManagerImpl.java:1376) ~[ozone-manager-1.3.0-SNAPSHOT.jar:?]
	at org.apache.hadoop.ozone.om.KeyManagerImpl.getFileStatus(KeyManagerImpl.java:1239) ~[ozone-manager-1.3.0-SNAPSHOT.jar:?]
	at org.apache.hadoop.ozone.om.OzoneManager.getFileStatus(OzoneManager.java:3467) ~[ozone-manager-1.3.0-SNAPSHOT.jar:?]
	at org.apache.hadoop.ozone.protocolPB.OzoneManagerRequestHandler.getOzoneFileStatus(OzoneManagerRequestHandler.java:878) ~[ozone-manager-1.3.0-SNAPSHOT.jar:?]
	at org.apache.hadoop.ozone.protocolPB.OzoneManagerRequestHandler.handleReadRequest(OzoneManagerRequestHandler.java:224) ~[ozone-manager-1.3.0-SNAPSHOT.jar:?]
	at org.apache.hadoop.ozone.protocolPB.OzoneManagerProtocolServerSideTranslatorPB.submitReadRequestToOM(OzoneManagerProtocolServerSideTranslatorPB.java:226) ~[ozone-manager-1.3.0-SNAPSHOT.jar:?]
	at org.apache.hadoop.ozone.protocolPB.OzoneManagerProtocolServerSideTranslatorPB.processRequest(OzoneManagerProtocolServerSideTranslatorPB.java:175) ~[ozone-manager-1.3.0-SNAPSHOT.jar:?]
	at org.apache.hadoop.hdds.server.OzoneProtocolMessageDispatcher.processRequest(OzoneProtocolMessageDispatcher.java:87) [hdds-server-framework-1.3.0-SNAPSHOT.jar:?]
	at org.apache.hadoop.ozone.protocolPB.OzoneManagerProtocolServerSideTranslatorPB.submitRequest(OzoneManagerProtocolServerSideTranslatorPB.java:147) [ozone-manager-1.3.0-SNAPSHOT.jar:?]
	at org.apache.hadoop.ozone.protocol.proto.OzoneManagerProtocolProtos$OzoneManagerService$2.callBlockingMethod(OzoneManagerProtocolProtos.java) [ozone-interface-client-1.3.0-SNAPSHOT.jar:?]
	at org.apache.hadoop.ipc.ProtobufRpcEngine$Server.processCall(ProtobufRpcEngine.java:466) [hadoop-common-3.3.1.jar:?]
	at org.apache.hadoop.ipc.ProtobufRpcEngine2$Server$ProtoBufRpcInvoker.call(ProtobufRpcEngine2.java:574) [hadoop-common-3.3.1.jar:?]
	at org.apache.hadoop.ipc.ProtobufRpcEngine2$Server$ProtoBufRpcInvoker.call(ProtobufRpcEngine2.java:552) [hadoop-common-3.3.1.jar:?]
	at org.apache.hadoop.ipc.RPC$Server.call(RPC.java:1093) [hadoop-common-3.3.1.jar:?]
	at org.apache.hadoop.ipc.Server$RpcCall.run(Server.java:1035) [hadoop-common-3.3.1.jar:?]
	at org.apache.hadoop.ipc.Server$RpcCall.run(Server.java:963) [hadoop-common-3.3.1.jar:?]
	at java.security.AccessController.doPrivileged(Native Method) ~[?:1.8.0_332]
	at javax.security.auth.Subject.doAs(Subject.java:422) [?:1.8.0_332]
	at org.apache.hadoop.security.UserGroupInformation.doAs(UserGroupInformation.java:1878) [hadoop-common-3.3.1.jar:?]
	at org.apache.hadoop.ipc.Server$Handler.run(Server.java:2966) [hadoop-common-3.3.1.jar:?]
23:16:54.280 [IPC Server handler 3 on default port 44809] ERROR OMAudit - user=runner | ip=127.0.0.1 | op=GET_FILE_STATUS {volume=volume-24287, bucket=bucket-50715, key=.Trash, dataSize=0, replicationConfig=null} | ret=FAILURE
org.apache.hadoop.ozone.om.exceptions.OMException: Unable to get file status: volume: volume-24287 bucket: bucket-50715 key: .Trash
	at org.apache.hadoop.ozone.om.KeyManagerImpl.getOzoneFileStatusFSO(KeyManagerImpl.java:1376) ~[ozone-manager-1.3.0-SNAPSHOT.jar:?]
	at org.apache.hadoop.ozone.om.KeyManagerImpl.getFileStatus(KeyManagerImpl.java:1239) ~[ozone-manager-1.3.0-SNAPSHOT.jar:?]
	at org.apache.hadoop.ozone.om.OzoneManager.getFileStatus(OzoneManager.java:3467) ~[ozone-manager-1.3.0-SNAPSHOT.jar:?]
	at org.apache.hadoop.ozone.protocolPB.OzoneManagerRequestHandler.getOzoneFileStatus(OzoneManagerRequestHandler.java:878) ~[ozone-manager-1.3.0-SNAPSHOT.jar:?]
	at org.apache.hadoop.ozone.protocolPB.OzoneManagerRequestHandler.handleReadRequest(OzoneManagerRequestHandler.java:224) ~[ozone-manager-1.3.0-SNAPSHOT.jar:?]
	at org.apache.hadoop.ozone.protocolPB.OzoneManagerProtocolServerSideTranslatorPB.submitReadRequestToOM(OzoneManagerProtocolServerSideTranslatorPB.java:226) ~[ozone-manager-1.3.0-SNAPSHOT.jar:?]
	at org.apache.hadoop.ozone.protocolPB.OzoneManagerProtocolServerSideTranslatorPB.processRequest(OzoneManagerProtocolServerSideTranslatorPB.java:175) ~[ozone-manager-1.3.0-SNAPSHOT.jar:?]
	at org.apache.hadoop.hdds.server.OzoneProtocolMessageDispatcher.processRequest(OzoneProtocolMessageDispatcher.java:87) [hdds-server-framework-1.3.0-SNAPSHOT.jar:?]
	at org.apache.hadoop.ozone.protocolPB.OzoneManagerProtocolServerSideTranslatorPB.submitRequest(OzoneManagerProtocolServerSideTranslatorPB.java:147) [ozone-manager-1.3.0-SNAPSHOT.jar:?]
	at org.apache.hadoop.ozone.protocol.proto.OzoneManagerProtocolProtos$OzoneManagerService$2.callBlockingMethod(OzoneManagerProtocolProtos.java) [ozone-interface-client-1.3.0-SNAPSHOT.jar:?]
	at org.apache.hadoop.ipc.ProtobufRpcEngine$Server.processCall(ProtobufRpcEngine.java:466) [hadoop-common-3.3.1.jar:?]
	at org.apache.hadoop.ipc.ProtobufRpcEngine2$Server$ProtoBufRpcInvoker.call(ProtobufRpcEngine2.java:574) [hadoop-common-3.3.1.jar:?]
	at org.apache.hadoop.ipc.ProtobufRpcEngine2$Server$ProtoBufRpcInvoker.call(ProtobufRpcEngine2.java:552) [hadoop-common-3.3.1.jar:?]
	at org.apache.hadoop.ipc.RPC$Server.call(RPC.java:1093) [hadoop-common-3.3.1.jar:?]
	at org.apache.hadoop.ipc.Server$RpcCall.run(Server.java:1035) [hadoop-common-3.3.1.jar:?]
	at org.apache.hadoop.ipc.Server$RpcCall.run(Server.java:963) [hadoop-common-3.3.1.jar:?]
	at java.security.AccessController.doPrivileged(Native Method) ~[?:1.8.0_332]
	at javax.security.auth.Subject.doAs(Subject.java:422) [?:1.8.0_332]
	at org.apache.hadoop.security.UserGroupInformation.doAs(UserGroupInformation.java:1878) [hadoop-common-3.3.1.jar:?]
	at org.apache.hadoop.ipc.Server$Handler.run(Server.java:2966) [hadoop-common-3.3.1.jar:?]
23:16:54.284 [IPC Server handler 12 on default port 44809] ERROR OMAudit - user=runner | ip=127.0.0.1 | op=GET_FILE_STATUS {volume=volume38622, bucket=bucket05227, key=.Trash, dataSize=0, replicationConfig=null} | ret=FAILURE
org.apache.hadoop.ozone.om.exceptions.OMException: Unable to get file status: volume: volume38622 bucket: bucket05227 key: .Trash
	at org.apache.hadoop.ozone.om.KeyManagerImpl.getOzoneFileStatusFSO(KeyManagerImpl.java:1376) ~[ozone-manager-1.3.0-SNAPSHOT.jar:?]
	at org.apache.hadoop.ozone.om.KeyManagerImpl.getFileStatus(KeyManagerImpl.java:1239) ~[ozone-manager-1.3.0-SNAPSHOT.jar:?]
	at org.apache.hadoop.ozone.om.OzoneManager.getFileStatus(OzoneManager.java:3467) ~[ozone-manager-1.3.0-SNAPSHOT.jar:?]
	at org.apache.hadoop.ozone.protocolPB.OzoneManagerRequestHandler.getOzoneFileStatus(OzoneManagerRequestHandler.java:878) ~[ozone-manager-1.3.0-SNAPSHOT.jar:?]
	at org.apache.hadoop.ozone.protocolPB.OzoneManagerRequestHandler.handleReadRequest(OzoneManagerRequestHandler.java:224) ~[ozone-manager-1.3.0-SNAPSHOT.jar:?]
	at org.apache.hadoop.ozone.protocolPB.OzoneManagerProtocolServerSideTranslatorPB.submitReadRequestToOM(OzoneManagerProtocolServerSideTranslatorPB.java:226) ~[ozone-manager-1.3.0-SNAPSHOT.jar:?]
	at org.apache.hadoop.ozone.protocolPB.OzoneManagerProtocolServerSideTranslatorPB.processRequest(OzoneManagerProtocolServerSideTranslatorPB.java:175) ~[ozone-manager-1.3.0-SNAPSHOT.jar:?]
	at org.apache.hadoop.hdds.server.OzoneProtocolMessageDispatcher.processRequest(OzoneProtocolMessageDispatcher.java:87) [hdds-server-framework-1.3.0-SNAPSHOT.jar:?]
	at org.apache.hadoop.ozone.protocolPB.OzoneManagerProtocolServerSideTranslatorPB.submitRequest(OzoneManagerProtocolServerSideTranslatorPB.java:147) [ozone-manager-1.3.0-SNAPSHOT.jar:?]
	at org.apache.hadoop.ozone.protocol.proto.OzoneManagerProtocolProtos$OzoneManagerService$2.callBlockingMethod(OzoneManagerProtocolProtos.java) [ozone-interface-client-1.3.0-SNAPSHOT.jar:?]
	at org.apache.hadoop.ipc.ProtobufRpcEngine$Server.processCall(ProtobufRpcEngine.java:466) [hadoop-common-3.3.1.jar:?]
	at org.apache.hadoop.ipc.ProtobufRpcEngine2$Server$ProtoBufRpcInvoker.call(ProtobufRpcEngine2.java:574) [hadoop-common-3.3.1.jar:?]
	at org.apache.hadoop.ipc.ProtobufRpcEngine2$Server$ProtoBufRpcInvoker.call(ProtobufRpcEngine2.java:552) [hadoop-common-3.3.1.jar:?]
	at org.apache.hadoop.ipc.RPC$Server.call(RPC.java:1093) [hadoop-common-3.3.1.jar:?]
	at org.apache.hadoop.ipc.Server$RpcCall.run(Server.java:1035) [hadoop-common-3.3.1.jar:?]
	at org.apache.hadoop.ipc.Server$RpcCall.run(Server.java:963) [hadoop-common-3.3.1.jar:?]
	at java.security.AccessController.doPrivileged(Native Method) ~[?:1.8.0_332]
	at javax.security.auth.Subject.doAs(Subject.java:422) [?:1.8.0_332]
	at org.apache.hadoop.security.UserGroupInformation.doAs(UserGroupInformation.java:1878) [hadoop-common-3.3.1.jar:?]
	at org.apache.hadoop.ipc.Server$Handler.run(Server.java:2966) [hadoop-common-3.3.1.jar:?]
23:16:54.293 [IPC Server handler 6 on default port 44809] ERROR OMAudit - user=runner | ip=127.0.0.1 | op=GET_FILE_STATUS {volume=volume-24287, bucket=bucket-50715, key=.Trash/runner, dataSize=0, replicationConfig=null} | ret=FAILURE
org.apache.hadoop.ozone.om.exceptions.OMException: Unable to get file status: volume: volume-24287 bucket: bucket-50715 key: .Trash/runner
	at org.apache.hadoop.ozone.om.KeyManagerImpl.getOzoneFileStatusFSO(KeyManagerImpl.java:1376) ~[ozone-manager-1.3.0-SNAPSHOT.jar:?]
	at org.apache.hadoop.ozone.om.KeyManagerImpl.getFileStatus(KeyManagerImpl.java:1239) ~[ozone-manager-1.3.0-SNAPSHOT.jar:?]
	at org.apache.hadoop.ozone.om.OzoneManager.getFileStatus(OzoneManager.java:3467) ~[ozone-manager-1.3.0-SNAPSHOT.jar:?]
	at org.apache.hadoop.ozone.protocolPB.OzoneManagerRequestHandler.getOzoneFileStatus(OzoneManagerRequestHandler.java:878) ~[ozone-manager-1.3.0-SNAPSHOT.jar:?]
	at org.apache.hadoop.ozone.protocolPB.OzoneManagerRequestHandler.handleReadRequest(OzoneManagerRequestHandler.java:224) ~[ozone-manager-1.3.0-SNAPSHOT.jar:?]
	at org.apache.hadoop.ozone.protocolPB.OzoneManagerProtocolServerSideTranslatorPB.submitReadRequestToOM(OzoneManagerProtocolServerSideTranslatorPB.java:226) ~[ozone-manager-1.3.0-SNAPSHOT.jar:?]
	at org.apache.hadoop.ozone.protocolPB.OzoneManagerProtocolServerSideTranslatorPB.processRequest(OzoneManagerProtocolServerSideTranslatorPB.java:175) ~[ozone-manager-1.3.0-SNAPSHOT.jar:?]
	at org.apache.hadoop.hdds.server.OzoneProtocolMessageDispatcher.processRequest(OzoneProtocolMessageDispatcher.java:87) [hdds-server-framework-1.3.0-SNAPSHOT.jar:?]
	at org.apache.hadoop.ozone.protocolPB.OzoneManagerProtocolServerSideTranslatorPB.submitRequest(OzoneManagerProtocolServerSideTranslatorPB.java:147) [ozone-manager-1.3.0-SNAPSHOT.jar:?]
	at org.apache.hadoop.ozone.protocol.proto.OzoneManagerProtocolProtos$OzoneManagerService$2.callBlockingMethod(OzoneManagerProtocolProtos.java) [ozone-interface-client-1.3.0-SNAPSHOT.jar:?]
	at org.apache.hadoop.ipc.ProtobufRpcEngine$Server.processCall(ProtobufRpcEngine.java:466) [hadoop-common-3.3.1.jar:?]
	at org.apache.hadoop.ipc.ProtobufRpcEngine2$Server$ProtoBufRpcInvoker.call(ProtobufRpcEngine2.java:574) [hadoop-common-3.3.1.jar:?]
	at org.apache.hadoop.ipc.ProtobufRpcEngine2$Server$ProtoBufRpcInvoker.call(ProtobufRpcEngine2.java:552) [hadoop-common-3.3.1.jar:?]
	at org.apache.hadoop.ipc.RPC$Server.call(RPC.java:1093) [hadoop-common-3.3.1.jar:?]
	at org.apache.hadoop.ipc.Server$RpcCall.run(Server.java:1035) [hadoop-common-3.3.1.jar:?]
	at org.apache.hadoop.ipc.Server$RpcCall.run(Server.java:963) [hadoop-common-3.3.1.jar:?]
	at java.security.AccessController.doPrivileged(Native Method) ~[?:1.8.0_332]
	at javax.security.auth.Subject.doAs(Subject.java:422) [?:1.8.0_332]
	at org.apache.hadoop.security.UserGroupInformation.doAs(UserGroupInformation.java:1878) [hadoop-common-3.3.1.jar:?]
	at org.apache.hadoop.ipc.Server$Handler.run(Server.java:2966) [hadoop-common-3.3.1.jar:?]
23:16:54.295 [IPC Server handler 9 on default port 44809] ERROR OMAudit - user=runner | ip=127.0.0.1 | op=GET_FILE_STATUS {volume=volume-16582, bucket=bucket-89793, key=.Trash/runner, dataSize=0, replicationConfig=null} | ret=FAILURE
org.apache.hadoop.ozone.om.exceptions.OMException: Unable to get file status: volume: volume-16582 bucket: bucket-89793 key: .Trash/runner
	at org.apache.hadoop.ozone.om.KeyManagerImpl.getOzoneFileStatusFSO(KeyManagerImpl.java:1376) ~[ozone-manager-1.3.0-SNAPSHOT.jar:?]
	at org.apache.hadoop.ozone.om.KeyManagerImpl.getFileStatus(KeyManagerImpl.java:1239) ~[ozone-manager-1.3.0-SNAPSHOT.jar:?]
	at org.apache.hadoop.ozone.om.OzoneManager.getFileStatus(OzoneManager.java:3467) ~[ozone-manager-1.3.0-SNAPSHOT.jar:?]
	at org.apache.hadoop.ozone.protocolPB.OzoneManagerRequestHandler.getOzoneFileStatus(OzoneManagerRequestHandler.java:878) ~[ozone-manager-1.3.0-SNAPSHOT.jar:?]
	at org.apache.hadoop.ozone.protocolPB.OzoneManagerRequestHandler.handleReadRequest(OzoneManagerRequestHandler.java:224) ~[ozone-manager-1.3.0-SNAPSHOT.jar:?]
	at org.apache.hadoop.ozone.protocolPB.OzoneManagerProtocolServerSideTranslatorPB.submitReadRequestToOM(OzoneManagerProtocolServerSideTranslatorPB.java:226) ~[ozone-manager-1.3.0-SNAPSHOT.jar:?]
	at org.apache.hadoop.ozone.protocolPB.OzoneManagerProtocolServerSideTranslatorPB.processRequest(OzoneManagerProtocolServerSideTranslatorPB.java:175) ~[ozone-manager-1.3.0-SNAPSHOT.jar:?]
	at org.apache.hadoop.hdds.server.OzoneProtocolMessageDispatcher.processRequest(OzoneProtocolMessageDispatcher.java:87) [hdds-server-framework-1.3.0-SNAPSHOT.jar:?]
	at org.apache.hadoop.ozone.protocolPB.OzoneManagerProtocolServerSideTranslatorPB.submitRequest(OzoneManagerProtocolServerSideTranslatorPB.java:147) [ozone-manager-1.3.0-SNAPSHOT.jar:?]
	at org.apache.hadoop.ozone.protocol.proto.OzoneManagerProtocolProtos$OzoneManagerService$2.callBlockingMethod(OzoneManagerProtocolProtos.java) [ozone-interface-client-1.3.0-SNAPSHOT.jar:?]
	at org.apache.hadoop.ipc.ProtobufRpcEngine$Server.processCall(ProtobufRpcEngine.java:466) [hadoop-common-3.3.1.jar:?]
	at org.apache.hadoop.ipc.ProtobufRpcEngine2$Server$ProtoBufRpcInvoker.call(ProtobufRpcEngine2.java:574) [hadoop-common-3.3.1.jar:?]
	at org.apache.hadoop.ipc.ProtobufRpcEngine2$Server$ProtoBufRpcInvoker.call(ProtobufRpcEngine2.java:552) [hadoop-common-3.3.1.jar:?]
	at org.apache.hadoop.ipc.RPC$Server.call(RPC.java:1093) [hadoop-common-3.3.1.jar:?]
	at org.apache.hadoop.ipc.Server$RpcCall.run(Server.java:1035) [hadoop-common-3.3.1.jar:?]
	at org.apache.hadoop.ipc.Server$RpcCall.run(Server.java:963) [hadoop-common-3.3.1.jar:?]
	at java.security.AccessController.doPrivileged(Native Method) ~[?:1.8.0_332]
	at javax.security.auth.Subject.doAs(Subject.java:422) [?:1.8.0_332]
	at org.apache.hadoop.security.UserGroupInformation.doAs(UserGroupInformation.java:1878) [hadoop-common-3.3.1.jar:?]
	at org.apache.hadoop.ipc.Server$Handler.run(Server.java:2966) [hadoop-common-3.3.1.jar:?]
23:16:54.298 [IPC Server handler 16 on default port 44809] ERROR OMAudit - user=runner | ip=127.0.0.1 | op=GET_FILE_STATUS {volume=5116d0ed-d071-409d-8a7f-6a531960eda2, bucket=718ffb63-c792-444e-b8d7-58459fef9ce2, key=.Trash, dataSize=0, replicationConfig=null} | ret=FAILURE
org.apache.hadoop.ozone.om.exceptions.OMException: Unable to get file status: volume: 5116d0ed-d071-409d-8a7f-6a531960eda2 bucket: 718ffb63-c792-444e-b8d7-58459fef9ce2 key: .Trash
	at org.apache.hadoop.ozone.om.KeyManagerImpl.getOzoneFileStatus(KeyManagerImpl.java:1311) ~[ozone-manager-1.3.0-SNAPSHOT.jar:?]
	at org.apache.hadoop.ozone.om.KeyManagerImpl.getFileStatus(KeyManagerImpl.java:1241) ~[ozone-manager-1.3.0-SNAPSHOT.jar:?]
	at org.apache.hadoop.ozone.om.OzoneManager.getFileStatus(OzoneManager.java:3467) ~[ozone-manager-1.3.0-SNAPSHOT.jar:?]
	at org.apache.hadoop.ozone.protocolPB.OzoneManagerRequestHandler.getOzoneFileStatus(OzoneManagerRequestHandler.java:878) ~[ozone-manager-1.3.0-SNAPSHOT.jar:?]
	at org.apache.hadoop.ozone.protocolPB.OzoneManagerRequestHandler.handleReadRequest(OzoneManagerRequestHandler.java:224) ~[ozone-manager-1.3.0-SNAPSHOT.jar:?]
	at org.apache.hadoop.ozone.protocolPB.OzoneManagerProtocolServerSideTranslatorPB.submitReadRequestToOM(OzoneManagerProtocolServerSideTranslatorPB.java:226) ~[ozone-manager-1.3.0-SNAPSHOT.jar:?]
	at org.apache.hadoop.ozone.protocolPB.OzoneManagerProtocolServerSideTranslatorPB.processRequest(OzoneManagerProtocolServerSideTranslatorPB.java:175) ~[ozone-manager-1.3.0-SNAPSHOT.jar:?]
	at org.apache.hadoop.hdds.server.OzoneProtocolMessageDispatcher.processRequest(OzoneProtocolMessageDispatcher.java:87) [hdds-server-framework-1.3.0-SNAPSHOT.jar:?]
	at org.apache.hadoop.ozone.protocolPB.OzoneManagerProtocolServerSideTranslatorPB.submitRequest(OzoneManagerProtocolServerSideTranslatorPB.java:147) [ozone-manager-1.3.0-SNAPSHOT.jar:?]
	at org.apache.hadoop.ozone.protocol.proto.OzoneManagerProtocolProtos$OzoneManagerService$2.callBlockingMethod(OzoneManagerProtocolProtos.java) [ozone-interface-client-1.3.0-SNAPSHOT.jar:?]
	at org.apache.hadoop.ipc.ProtobufRpcEngine$Server.processCall(ProtobufRpcEngine.java:466) [hadoop-common-3.3.1.jar:?]
	at org.apache.hadoop.ipc.ProtobufRpcEngine2$Server$ProtoBufRpcInvoker.call(ProtobufRpcEngine2.java:574) [hadoop-common-3.3.1.jar:?]
	at org.apache.hadoop.ipc.ProtobufRpcEngine2$Server$ProtoBufRpcInvoker.call(ProtobufRpcEngine2.java:552) [hadoop-common-3.3.1.jar:?]
	at org.apache.hadoop.ipc.RPC$Server.call(RPC.java:1093) [hadoop-common-3.3.1.jar:?]
	at org.apache.hadoop.ipc.Server$RpcCall.run(Server.java:1035) [hadoop-common-3.3.1.jar:?]
	at org.apache.hadoop.ipc.Server$RpcCall.run(Server.java:963) [hadoop-common-3.3.1.jar:?]
	at java.security.AccessController.doPrivileged(Native Method) ~[?:1.8.0_332]
	at javax.security.auth.Subject.doAs(Subject.java:422) [?:1.8.0_332]
	at org.apache.hadoop.security.UserGroupInformation.doAs(UserGroupInformation.java:1878) [hadoop-common-3.3.1.jar:?]
	at org.apache.hadoop.ipc.Server$Handler.run(Server.java:2966) [hadoop-common-3.3.1.jar:?]
23:16:54.300 [IPC Server handler 1 on default port 44809] ERROR OMAudit - user=runner | ip=127.0.0.1 | op=GET_FILE_STATUS {volume=volume-16582, bucket=bucket-89793, key=.Trash, dataSize=0, replicationConfig=null} | ret=FAILURE
org.apache.hadoop.ozone.om.exceptions.OMException: Unable to get file status: volume: volume-16582 bucket: bucket-89793 key: .Trash
	at org.apache.hadoop.ozone.om.KeyManagerImpl.getOzoneFileStatusFSO(KeyManagerImpl.java:1376) ~[ozone-manager-1.3.0-SNAPSHOT.jar:?]
	at org.apache.hadoop.ozone.om.KeyManagerImpl.getFileStatus(KeyManagerImpl.java:1239) ~[ozone-manager-1.3.0-SNAPSHOT.jar:?]
	at org.apache.hadoop.ozone.om.OzoneManager.getFileStatus(OzoneManager.java:3467) ~[ozone-manager-1.3.0-SNAPSHOT.jar:?]
	at org.apache.hadoop.ozone.protocolPB.OzoneManagerRequestHandler.getOzoneFileStatus(OzoneManagerRequestHandler.java:878) ~[ozone-manager-1.3.0-SNAPSHOT.jar:?]
	at org.apache.hadoop.ozone.protocolPB.OzoneManagerRequestHandler.handleReadRequest(OzoneManagerRequestHandler.java:224) ~[ozone-manager-1.3.0-SNAPSHOT.jar:?]
	at org.apache.hadoop.ozone.protocolPB.OzoneManagerProtocolServerSideTranslatorPB.submitReadRequestToOM(OzoneManagerProtocolServerSideTranslatorPB.java:226) ~[ozone-manager-1.3.0-SNAPSHOT.jar:?]
	at org.apache.hadoop.ozone.protocolPB.OzoneManagerProtocolServerSideTranslatorPB.processRequest(OzoneManagerProtocolServerSideTranslatorPB.java:175) ~[ozone-manager-1.3.0-SNAPSHOT.jar:?]
	at org.apache.hadoop.hdds.server.OzoneProtocolMessageDispatcher.processRequest(OzoneProtocolMessageDispatcher.java:87) [hdds-server-framework-1.3.0-SNAPSHOT.jar:?]
	at org.apache.hadoop.ozone.protocolPB.OzoneManagerProtocolServerSideTranslatorPB.submitRequest(OzoneManagerProtocolServerSideTranslatorPB.java:147) [ozone-manager-1.3.0-SNAPSHOT.jar:?]
	at org.apache.hadoop.ozone.protocol.proto.OzoneManagerProtocolProtos$OzoneManagerService$2.callBlockingMethod(OzoneManagerProtocolProtos.java) [ozone-interface-client-1.3.0-SNAPSHOT.jar:?]
	at org.apache.hadoop.ipc.ProtobufRpcEngine$Server.processCall(ProtobufRpcEngine.java:466) [hadoop-common-3.3.1.jar:?]
	at org.apache.hadoop.ipc.ProtobufRpcEngine2$Server$ProtoBufRpcInvoker.call(ProtobufRpcEngine2.java:574) [hadoop-common-3.3.1.jar:?]
	at org.apache.hadoop.ipc.ProtobufRpcEngine2$Server$ProtoBufRpcInvoker.call(ProtobufRpcEngine2.java:552) [hadoop-common-3.3.1.jar:?]
	at org.apache.hadoop.ipc.RPC$Server.call(RPC.java:1093) [hadoop-common-3.3.1.jar:?]
	at org.apache.hadoop.ipc.Server$RpcCall.run(Server.java:1035) [hadoop-common-3.3.1.jar:?]
	at org.apache.hadoop.ipc.Server$RpcCall.run(Server.java:963) [hadoop-common-3.3.1.jar:?]
	at java.security.AccessController.doPrivileged(Native Method) ~[?:1.8.0_332]
	at javax.security.auth.Subject.doAs(Subject.java:422) [?:1.8.0_332]
	at org.apache.hadoop.security.UserGroupInformation.doAs(UserGroupInformation.java:1878) [hadoop-common-3.3.1.jar:?]
	at org.apache.hadoop.ipc.Server$Handler.run(Server.java:2966) [hadoop-common-3.3.1.jar:?]
23:16:54.302 [IPC Server handler 7 on default port 44809] ERROR OMAudit - user=runner | ip=127.0.0.1 | op=GET_FILE_STATUS {volume=volume-24287, bucket=bucket-50715, key=.Trash, dataSize=0, replicationConfig=null} | ret=FAILURE
org.apache.hadoop.ozone.om.exceptions.OMException: Unable to get file status: volume: volume-24287 bucket: bucket-50715 key: .Trash
	at org.apache.hadoop.ozone.om.KeyManagerImpl.getOzoneFileStatusFSO(KeyManagerImpl.java:1376) ~[ozone-manager-1.3.0-SNAPSHOT.jar:?]
	at org.apache.hadoop.ozone.om.KeyManagerImpl.getFileStatus(KeyManagerImpl.java:1239) ~[ozone-manager-1.3.0-SNAPSHOT.jar:?]
	at org.apache.hadoop.ozone.om.OzoneManager.getFileStatus(OzoneManager.java:3467) ~[ozone-manager-1.3.0-SNAPSHOT.jar:?]
	at org.apache.hadoop.ozone.protocolPB.OzoneManagerRequestHandler.getOzoneFileStatus(OzoneManagerRequestHandler.java:878) ~[ozone-manager-1.3.0-SNAPSHOT.jar:?]
	at org.apache.hadoop.ozone.protocolPB.OzoneManagerRequestHandler.handleReadRequest(OzoneManagerRequestHandler.java:224) ~[ozone-manager-1.3.0-SNAPSHOT.jar:?]
	at org.apache.hadoop.ozone.protocolPB.OzoneManagerProtocolServerSideTranslatorPB.submitReadRequestToOM(OzoneManagerProtocolServerSideTranslatorPB.java:226) ~[ozone-manager-1.3.0-SNAPSHOT.jar:?]
	at org.apache.hadoop.ozone.protocolPB.OzoneManagerProtocolServerSideTranslatorPB.processRequest(OzoneManagerProtocolServerSideTranslatorPB.java:175) ~[ozone-manager-1.3.0-SNAPSHOT.jar:?]
	at org.apache.hadoop.hdds.server.OzoneProtocolMessageDispatcher.processRequest(OzoneProtocolMessageDispatcher.java:87) [hdds-server-framework-1.3.0-SNAPSHOT.jar:?]
	at org.apache.hadoop.ozone.protocolPB.OzoneManagerProtocolServerSideTranslatorPB.submitRequest(OzoneManagerProtocolServerSideTranslatorPB.java:147) [ozone-manager-1.3.0-SNAPSHOT.jar:?]
	at org.apache.hadoop.ozone.protocol.proto.OzoneManagerProtocolProtos$OzoneManagerService$2.callBlockingMethod(OzoneManagerProtocolProtos.java) [ozone-interface-client-1.3.0-SNAPSHOT.jar:?]
	at org.apache.hadoop.ipc.ProtobufRpcEngine$Server.processCall(ProtobufRpcEngine.java:466) [hadoop-common-3.3.1.jar:?]
	at org.apache.hadoop.ipc.ProtobufRpcEngine2$Server$ProtoBufRpcInvoker.call(ProtobufRpcEngine2.java:574) [hadoop-common-3.3.1.jar:?]
	at org.apache.hadoop.ipc.ProtobufRpcEngine2$Server$ProtoBufRpcInvoker.call(ProtobufRpcEngine2.java:552) [hadoop-common-3.3.1.jar:?]
	at org.apache.hadoop.ipc.RPC$Server.call(RPC.java:1093) [hadoop-common-3.3.1.jar:?]
	at org.apache.hadoop.ipc.Server$RpcCall.run(Server.java:1035) [hadoop-common-3.3.1.jar:?]
	at org.apache.hadoop.ipc.Server$RpcCall.run(Server.java:963) [hadoop-common-3.3.1.jar:?]
	at java.security.AccessController.doPrivileged(Native Method) ~[?:1.8.0_332]
	at javax.security.auth.Subject.doAs(Subject.java:422) [?:1.8.0_332]
	at org.apache.hadoop.security.UserGroupInformation.doAs(UserGroupInformation.java:1878) [hadoop-common-3.3.1.jar:?]
	at org.apache.hadoop.ipc.Server$Handler.run(Server.java:2966) [hadoop-common-3.3.1.jar:?]
23:16:54.317 [IPC Server handler 17 on default port 44809] ERROR OMAudit - user=runner | ip=127.0.0.1 | op=GET_FILE_STATUS {volume=volume-24287, bucket=bucket-50715, key=.Trash/runner, dataSize=0, replicationConfig=null} | ret=FAILURE
org.apache.hadoop.ozone.om.exceptions.OMException: Unable to get file status: volume: volume-24287 bucket: bucket-50715 key: .Trash/runner
	at org.apache.hadoop.ozone.om.KeyManagerImpl.getOzoneFileStatusFSO(KeyManagerImpl.java:1376) ~[ozone-manager-1.3.0-SNAPSHOT.jar:?]
	at org.apache.hadoop.ozone.om.KeyManagerImpl.getFileStatus(KeyManagerImpl.java:1239) ~[ozone-manager-1.3.0-SNAPSHOT.jar:?]
	at org.apache.hadoop.ozone.om.OzoneManager.getFileStatus(OzoneManager.java:3467) ~[ozone-manager-1.3.0-SNAPSHOT.jar:?]
	at org.apache.hadoop.ozone.protocolPB.OzoneManagerRequestHandler.getOzoneFileStatus(OzoneManagerRequestHandler.java:878) ~[ozone-manager-1.3.0-SNAPSHOT.jar:?]
	at org.apache.hadoop.ozone.protocolPB.OzoneManagerRequestHandler.handleReadRequest(OzoneManagerRequestHandler.java:224) ~[ozone-manager-1.3.0-SNAPSHOT.jar:?]
	at org.apache.hadoop.ozone.protocolPB.OzoneManagerProtocolServerSideTranslatorPB.submitReadRequestToOM(OzoneManagerProtocolServerSideTranslatorPB.java:226) ~[ozone-manager-1.3.0-SNAPSHOT.jar:?]
	at org.apache.hadoop.ozone.protocolPB.OzoneManagerProtocolServerSideTranslatorPB.processRequest(OzoneManagerProtocolServerSideTranslatorPB.java:175) ~[ozone-manager-1.3.0-SNAPSHOT.jar:?]
	at org.apache.hadoop.hdds.server.OzoneProtocolMessageDispatcher.processRequest(OzoneProtocolMessageDispatcher.java:87) [hdds-server-framework-1.3.0-SNAPSHOT.jar:?]
	at org.apache.hadoop.ozone.protocolPB.OzoneManagerProtocolServerSideTranslatorPB.submitRequest(OzoneManagerProtocolServerSideTranslatorPB.java:147) [ozone-manager-1.3.0-SNAPSHOT.jar:?]
	at org.apache.hadoop.ozone.protocol.proto.OzoneManagerProtocolProtos$OzoneManagerService$2.callBlockingMethod(OzoneManagerProtocolProtos.java) [ozone-interface-client-1.3.0-SNAPSHOT.jar:?]
	at org.apache.hadoop.ipc.ProtobufRpcEngine$Server.processCall(ProtobufRpcEngine.java:466) [hadoop-common-3.3.1.jar:?]
	at org.apache.hadoop.ipc.ProtobufRpcEngine2$Server$ProtoBufRpcInvoker.call(ProtobufRpcEngine2.java:574) [hadoop-common-3.3.1.jar:?]
	at org.apache.hadoop.ipc.ProtobufRpcEngine2$Server$ProtoBufRpcInvoker.call(ProtobufRpcEngine2.java:552) [hadoop-common-3.3.1.jar:?]
	at org.apache.hadoop.ipc.RPC$Server.call(RPC.java:1093) [hadoop-common-3.3.1.jar:?]
	at org.apache.hadoop.ipc.Server$RpcCall.run(Server.java:1035) [hadoop-common-3.3.1.jar:?]
	at org.apache.hadoop.ipc.Server$RpcCall.run(Server.java:963) [hadoop-common-3.3.1.jar:?]
	at java.security.AccessController.doPrivileged(Native Method) ~[?:1.8.0_332]
	at javax.security.auth.Subject.doAs(Subject.java:422) [?:1.8.0_332]
	at org.apache.hadoop.security.UserGroupInformation.doAs(UserGroupInformation.java:1878) [hadoop-common-3.3.1.jar:?]
	at org.apache.hadoop.ipc.Server$Handler.run(Server.java:2966) [hadoop-common-3.3.1.jar:?]
23:16:54.318 [IPC Server handler 16 on default port 44809] ERROR OMAudit - user=runner | ip=127.0.0.1 | op=GET_FILE_STATUS {volume=volume-16582, bucket=bucket-89793, key=.Trash/runner, dataSize=0, replicationConfig=null} | ret=FAILURE
org.apache.hadoop.ozone.om.exceptions.OMException: Unable to get file status: volume: volume-16582 bucket: bucket-89793 key: .Trash/runner
	at org.apache.hadoop.ozone.om.KeyManagerImpl.getOzoneFileStatusFSO(KeyManagerImpl.java:1376) ~[ozone-manager-1.3.0-SNAPSHOT.jar:?]
	at org.apache.hadoop.ozone.om.KeyManagerImpl.getFileStatus(KeyManagerImpl.java:1239) ~[ozone-manager-1.3.0-SNAPSHOT.jar:?]
	at org.apache.hadoop.ozone.om.OzoneManager.getFileStatus(OzoneManager.java:3467) ~[ozone-manager-1.3.0-SNAPSHOT.jar:?]
	at org.apache.hadoop.ozone.protocolPB.OzoneManagerRequestHandler.getOzoneFileStatus(OzoneManagerRequestHandler.java:878) ~[ozone-manager-1.3.0-SNAPSHOT.jar:?]
	at org.apache.hadoop.ozone.protocolPB.OzoneManagerRequestHandler.handleReadRequest(OzoneManagerRequestHandler.java:224) ~[ozone-manager-1.3.0-SNAPSHOT.jar:?]
	at org.apache.hadoop.ozone.protocolPB.OzoneManagerProtocolServerSideTranslatorPB.submitReadRequestToOM(OzoneManagerProtocolServerSideTranslatorPB.java:226) ~[ozone-manager-1.3.0-SNAPSHOT.jar:?]
	at org.apache.hadoop.ozone.protocolPB.OzoneManagerProtocolServerSideTranslatorPB.processRequest(OzoneManagerProtocolServerSideTranslatorPB.java:175) ~[ozone-manager-1.3.0-SNAPSHOT.jar:?]
	at org.apache.hadoop.hdds.server.OzoneProtocolMessageDispatcher.processRequest(OzoneProtocolMessageDispatcher.java:87) [hdds-server-framework-1.3.0-SNAPSHOT.jar:?]
	at org.apache.hadoop.ozone.protocolPB.OzoneManagerProtocolServerSideTranslatorPB.submitRequest(OzoneManagerProtocolServerSideTranslatorPB.java:147) [ozone-manager-1.3.0-SNAPSHOT.jar:?]
	at org.apache.hadoop.ozone.protocol.proto.OzoneManagerProtocolProtos$OzoneManagerService$2.callBlockingMethod(OzoneManagerProtocolProtos.java) [ozone-interface-client-1.3.0-SNAPSHOT.jar:?]
	at org.apache.hadoop.ipc.ProtobufRpcEngine$Server.processCall(ProtobufRpcEngine.java:466) [hadoop-common-3.3.1.jar:?]
	at org.apache.hadoop.ipc.ProtobufRpcEngine2$Server$ProtoBufRpcInvoker.call(ProtobufRpcEngine2.java:574) [hadoop-common-3.3.1.jar:?]
	at org.apache.hadoop.ipc.ProtobufRpcEngine2$Server$ProtoBufRpcInvoker.call(ProtobufRpcEngine2.java:552) [hadoop-common-3.3.1.jar:?]
	at org.apache.hadoop.ipc.RPC$Server.call(RPC.java:1093) [hadoop-common-3.3.1.jar:?]
	at org.apache.hadoop.ipc.Server$RpcCall.run(Server.java:1035) [hadoop-common-3.3.1.jar:?]
	at org.apache.hadoop.ipc.Server$RpcCall.run(Server.java:963) [hadoop-common-3.3.1.jar:?]
	at java.security.AccessController.doPrivileged(Native Method) ~[?:1.8.0_332]
	at javax.security.auth.Subject.doAs(Subject.java:422) [?:1.8.0_332]
	at org.apache.hadoop.security.UserGroupInformation.doAs(UserGroupInformation.java:1878) [hadoop-common-3.3.1.jar:?]
	at org.apache.hadoop.ipc.Server$Handler.run(Server.java:2966) [hadoop-common-3.3.1.jar:?]
23:16:54.322 [IPC Server handler 4 on default port 44809] ERROR OMAudit - user=runner | ip=127.0.0.1 | op=GET_FILE_STATUS {volume=5116d0ed-d071-409d-8a7f-6a531960eda2, bucket=718ffb63-c792-444e-b8d7-58459fef9ce2, key=.Trash, dataSize=0, replicationConfig=null} | ret=FAILURE
org.apache.hadoop.ozone.om.exceptions.OMException: Unable to get file status: volume: 5116d0ed-d071-409d-8a7f-6a531960eda2 bucket: 718ffb63-c792-444e-b8d7-58459fef9ce2 key: .Trash
	at org.apache.hadoop.ozone.om.KeyManagerImpl.getOzoneFileStatus(KeyManagerImpl.java:1311) ~[ozone-manager-1.3.0-SNAPSHOT.jar:?]
	at org.apache.hadoop.ozone.om.KeyManagerImpl.getFileStatus(KeyManagerImpl.java:1241) ~[ozone-manager-1.3.0-SNAPSHOT.jar:?]
	at org.apache.hadoop.ozone.om.OzoneManager.getFileStatus(OzoneManager.java:3467) ~[ozone-manager-1.3.0-SNAPSHOT.jar:?]
	at org.apache.hadoop.ozone.protocolPB.OzoneManagerRequestHandler.getOzoneFileStatus(OzoneManagerRequestHandler.java:878) ~[ozone-manager-1.3.0-SNAPSHOT.jar:?]
	at org.apache.hadoop.ozone.protocolPB.OzoneManagerRequestHandler.handleReadRequest(OzoneManagerRequestHandler.java:224) ~[ozone-manager-1.3.0-SNAPSHOT.jar:?]
	at org.apache.hadoop.ozone.protocolPB.OzoneManagerProtocolServerSideTranslatorPB.submitReadRequestToOM(OzoneManagerProtocolServerSideTranslatorPB.java:226) ~[ozone-manager-1.3.0-SNAPSHOT.jar:?]
	at org.apache.hadoop.ozone.protocolPB.OzoneManagerProtocolServerSideTranslatorPB.processRequest(OzoneManagerProtocolServerSideTranslatorPB.java:175) ~[ozone-manager-1.3.0-SNAPSHOT.jar:?]
	at org.apache.hadoop.hdds.server.OzoneProtocolMessageDispatcher.processRequest(OzoneProtocolMessageDispatcher.java:87) [hdds-server-framework-1.3.0-SNAPSHOT.jar:?]
	at org.apache.hadoop.ozone.protocolPB.OzoneManagerProtocolServerSideTranslatorPB.submitRequest(OzoneManagerProtocolServerSideTranslatorPB.java:147) [ozone-manager-1.3.0-SNAPSHOT.jar:?]
	at org.apache.hadoop.ozone.protocol.proto.OzoneManagerProtocolProtos$OzoneManagerService$2.callBlockingMethod(OzoneManagerProtocolProtos.java) [ozone-interface-client-1.3.0-SNAPSHOT.jar:?]
	at org.apache.hadoop.ipc.ProtobufRpcEngine$Server.processCall(ProtobufRpcEngine.java:466) [hadoop-common-3.3.1.jar:?]
	at org.apache.hadoop.ipc.ProtobufRpcEngine2$Server$ProtoBufRpcInvoker.call(ProtobufRpcEngine2.java:574) [hadoop-common-3.3.1.jar:?]
	at org.apache.hadoop.ipc.ProtobufRpcEngine2$Server$ProtoBufRpcInvoker.call(ProtobufRpcEngine2.java:552) [hadoop-common-3.3.1.jar:?]
	at org.apache.hadoop.ipc.RPC$Server.call(RPC.java:1093) [hadoop-common-3.3.1.jar:?]
	at org.apache.hadoop.ipc.Server$RpcCall.run(Server.java:1035) [hadoop-common-3.3.1.jar:?]
	at org.apache.hadoop.ipc.Server$RpcCall.run(Server.java:963) [hadoop-common-3.3.1.jar:?]
	at java.security.AccessController.doPrivileged(Native Method) ~[?:1.8.0_332]
	at javax.security.auth.Subject.doAs(Subject.java:422) [?:1.8.0_332]
	at org.apache.hadoop.security.UserGroupInformation.doAs(UserGroupInformation.java:1878) [hadoop-common-3.3.1.jar:?]
	at org.apache.hadoop.ipc.Server$Handler.run(Server.java:2966) [hadoop-common-3.3.1.jar:?]
23:16:54.324 [IPC Server handler 8 on default port 44809] ERROR OMAudit - user=runner | ip=127.0.0.1 | op=GET_FILE_STATUS {volume=volume-16582, bucket=bucket-89793, key=.Trash, dataSize=0, replicationConfig=null} | ret=FAILURE
org.apache.hadoop.ozone.om.exceptions.OMException: Unable to get file status: volume: volume-16582 bucket: bucket-89793 key: .Trash
	at org.apache.hadoop.ozone.om.KeyManagerImpl.getOzoneFileStatusFSO(KeyManagerImpl.java:1376) ~[ozone-manager-1.3.0-SNAPSHOT.jar:?]
	at org.apache.hadoop.ozone.om.KeyManagerImpl.getFileStatus(KeyManagerImpl.java:1239) ~[ozone-manager-1.3.0-SNAPSHOT.jar:?]
	at org.apache.hadoop.ozone.om.OzoneManager.getFileStatus(OzoneManager.java:3467) ~[ozone-manager-1.3.0-SNAPSHOT.jar:?]
	at org.apache.hadoop.ozone.protocolPB.OzoneManagerRequestHandler.getOzoneFileStatus(OzoneManagerRequestHandler.java:878) ~[ozone-manager-1.3.0-SNAPSHOT.jar:?]
	at org.apache.hadoop.ozone.protocolPB.OzoneManagerRequestHandler.handleReadRequest(OzoneManagerRequestHandler.java:224) ~[ozone-manager-1.3.0-SNAPSHOT.jar:?]
	at org.apache.hadoop.ozone.protocolPB.OzoneManagerProtocolServerSideTranslatorPB.submitReadRequestToOM(OzoneManagerProtocolServerSideTranslatorPB.java:226) ~[ozone-manager-1.3.0-SNAPSHOT.jar:?]
	at org.apache.hadoop.ozone.protocolPB.OzoneManagerProtocolServerSideTranslatorPB.processRequest(OzoneManagerProtocolServerSideTranslatorPB.java:175) ~[ozone-manager-1.3.0-SNAPSHOT.jar:?]
	at org.apache.hadoop.hdds.server.OzoneProtocolMessageDispatcher.processRequest(OzoneProtocolMessageDispatcher.java:87) [hdds-server-framework-1.3.0-SNAPSHOT.jar:?]
	at org.apache.hadoop.ozone.protocolPB.OzoneManagerProtocolServerSideTranslatorPB.submitRequest(OzoneManagerProtocolServerSideTranslatorPB.java:147) [ozone-manager-1.3.0-SNAPSHOT.jar:?]
	at org.apache.hadoop.ozone.protocol.proto.OzoneManagerProtocolProtos$OzoneManagerService$2.callBlockingMethod(OzoneManagerProtocolProtos.java) [ozone-interface-client-1.3.0-SNAPSHOT.jar:?]
	at org.apache.hadoop.ipc.ProtobufRpcEngine$Server.processCall(ProtobufRpcEngine.java:466) [hadoop-common-3.3.1.jar:?]
	at org.apache.hadoop.ipc.ProtobufRpcEngine2$Server$ProtoBufRpcInvoker.call(ProtobufRpcEngine2.java:574) [hadoop-common-3.3.1.jar:?]
	at org.apache.hadoop.ipc.ProtobufRpcEngine2$Server$ProtoBufRpcInvoker.call(ProtobufRpcEngine2.java:552) [hadoop-common-3.3.1.jar:?]
	at org.apache.hadoop.ipc.RPC$Server.call(RPC.java:1093) [hadoop-common-3.3.1.jar:?]
	at org.apache.hadoop.ipc.Server$RpcCall.run(Server.java:1035) [hadoop-common-3.3.1.jar:?]
	at org.apache.hadoop.ipc.Server$RpcCall.run(Server.java:963) [hadoop-common-3.3.1.jar:?]
	at java.security.AccessController.doPrivileged(Native Method) ~[?:1.8.0_332]
	at javax.security.auth.Subject.doAs(Subject.java:422) [?:1.8.0_332]
	at org.apache.hadoop.security.UserGroupInformation.doAs(UserGroupInformation.java:1878) [hadoop-common-3.3.1.jar:?]
	at org.apache.hadoop.ipc.Server$Handler.run(Server.java:2966) [hadoop-common-3.3.1.jar:?]
23:16:54.327 [IPC Server handler 10 on default port 44809] ERROR OMAudit - user=runner | ip=127.0.0.1 | op=GET_FILE_STATUS {volume=volume-24287, bucket=bucket-50715, key=.Trash, dataSize=0, replicationConfig=null} | ret=FAILURE
org.apache.hadoop.ozone.om.exceptions.OMException: Unable to get file status: volume: volume-24287 bucket: bucket-50715 key: .Trash
	at org.apache.hadoop.ozone.om.KeyManagerImpl.getOzoneFileStatusFSO(KeyManagerImpl.java:1376) ~[ozone-manager-1.3.0-SNAPSHOT.jar:?]
	at org.apache.hadoop.ozone.om.KeyManagerImpl.getFileStatus(KeyManagerImpl.java:1239) ~[ozone-manager-1.3.0-SNAPSHOT.jar:?]
	at org.apache.hadoop.ozone.om.OzoneManager.getFileStatus(OzoneManager.java:3467) ~[ozone-manager-1.3.0-SNAPSHOT.jar:?]
	at org.apache.hadoop.ozone.protocolPB.OzoneManagerRequestHandler.getOzoneFileStatus(OzoneManagerRequestHandler.java:878) ~[ozone-manager-1.3.0-SNAPSHOT.jar:?]
	at org.apache.hadoop.ozone.protocolPB.OzoneManagerRequestHandler.handleReadRequest(OzoneManagerRequestHandler.java:224) ~[ozone-manager-1.3.0-SNAPSHOT.jar:?]
	at org.apache.hadoop.ozone.protocolPB.OzoneManagerProtocolServerSideTranslatorPB.submitReadRequestToOM(OzoneManagerProtocolServerSideTranslatorPB.java:226) ~[ozone-manager-1.3.0-SNAPSHOT.jar:?]
	at org.apache.hadoop.ozone.protocolPB.OzoneManagerProtocolServerSideTranslatorPB.processRequest(OzoneManagerProtocolServerSideTranslatorPB.java:175) ~[ozone-manager-1.3.0-SNAPSHOT.jar:?]
	at org.apache.hadoop.hdds.server.OzoneProtocolMessageDispatcher.processRequest(OzoneProtocolMessageDispatcher.java:87) [hdds-server-framework-1.3.0-SNAPSHOT.jar:?]
	at org.apache.hadoop.ozone.protocolPB.OzoneManagerProtocolServerSideTranslatorPB.submitRequest(OzoneManagerProtocolServerSideTranslatorPB.java:147) [ozone-manager-1.3.0-SNAPSHOT.jar:?]
	at org.apache.hadoop.ozone.protocol.proto.OzoneManagerProtocolProtos$OzoneManagerService$2.callBlockingMethod(OzoneManagerProtocolProtos.java) [ozone-interface-client-1.3.0-SNAPSHOT.jar:?]
	at org.apache.hadoop.ipc.ProtobufRpcEngine$Server.processCall(ProtobufRpcEngine.java:466) [hadoop-common-3.3.1.jar:?]
	at org.apache.hadoop.ipc.ProtobufRpcEngine2$Server$ProtoBufRpcInvoker.call(ProtobufRpcEngine2.java:574) [hadoop-common-3.3.1.jar:?]
	at org.apache.hadoop.ipc.ProtobufRpcEngine2$Server$ProtoBufRpcInvoker.call(ProtobufRpcEngine2.java:552) [hadoop-common-3.3.1.jar:?]
	at org.apache.hadoop.ipc.RPC$Server.call(RPC.java:1093) [hadoop-common-3.3.1.jar:?]
	at org.apache.hadoop.ipc.Server$RpcCall.run(Server.java:1035) [hadoop-common-3.3.1.jar:?]
	at org.apache.hadoop.ipc.Server$RpcCall.run(Server.java:963) [hadoop-common-3.3.1.jar:?]
	at java.security.AccessController.doPrivileged(Native Method) ~[?:1.8.0_332]
	at javax.security.auth.Subject.doAs(Subject.java:422) [?:1.8.0_332]
	at org.apache.hadoop.security.UserGroupInformation.doAs(UserGroupInformation.java:1878) [hadoop-common-3.3.1.jar:?]
	at org.apache.hadoop.ipc.Server$Handler.run(Server.java:2966) [hadoop-common-3.3.1.jar:?]
2022-07-27 23:16:54,334 [Time-limited test] INFO  rpc.RpcClient (RpcClient.java:createBucket(670)) - Creating Bucket: volume38622/trashroottest2, with bucket layout FILE_SYSTEM_OPTIMIZED, runner as owner, Versioning false, Storage Type set to DISK and Encryption set to false 
2022-07-27 23:16:54,335 [OM StateMachine ApplyTransaction Thread - 0] INFO  bucket.OMBucketCreateRequest (OMBucketCreateRequest.java:validateAndUpdateCache(260)) - created bucket: trashroottest2 of layout FILE_SYSTEM_OPTIMIZED in volume: volume38622
23:16:54.409 [IPC Server handler 6 on default port 44809] ERROR OMAudit - user=runner | ip=127.0.0.1 | op=GET_FILE_STATUS {volume=volume-24287, bucket=bucket-50715, key=.Trash/runner, dataSize=0, replicationConfig=null} | ret=FAILURE
org.apache.hadoop.ozone.om.exceptions.OMException: Unable to get file status: volume: volume-24287 bucket: bucket-50715 key: .Trash/runner
	at org.apache.hadoop.ozone.om.KeyManagerImpl.getOzoneFileStatusFSO(KeyManagerImpl.java:1376) ~[ozone-manager-1.3.0-SNAPSHOT.jar:?]
	at org.apache.hadoop.ozone.om.KeyManagerImpl.getFileStatus(KeyManagerImpl.java:1239) ~[ozone-manager-1.3.0-SNAPSHOT.jar:?]
	at org.apache.hadoop.ozone.om.OzoneManager.getFileStatus(OzoneManager.java:3467) ~[ozone-manager-1.3.0-SNAPSHOT.jar:?]
	at org.apache.hadoop.ozone.protocolPB.OzoneManagerRequestHandler.getOzoneFileStatus(OzoneManagerRequestHandler.java:878) ~[ozone-manager-1.3.0-SNAPSHOT.jar:?]
	at org.apache.hadoop.ozone.protocolPB.OzoneManagerRequestHandler.handleReadRequest(OzoneManagerRequestHandler.java:224) ~[ozone-manager-1.3.0-SNAPSHOT.jar:?]
	at org.apache.hadoop.ozone.protocolPB.OzoneManagerProtocolServerSideTranslatorPB.submitReadRequestToOM(OzoneManagerProtocolServerSideTranslatorPB.java:226) ~[ozone-manager-1.3.0-SNAPSHOT.jar:?]
	at org.apache.hadoop.ozone.protocolPB.OzoneManagerProtocolServerSideTranslatorPB.processRequest(OzoneManagerProtocolServerSideTranslatorPB.java:175) ~[ozone-manager-1.3.0-SNAPSHOT.jar:?]
	at org.apache.hadoop.hdds.server.OzoneProtocolMessageDispatcher.processRequest(OzoneProtocolMessageDispatcher.java:87) [hdds-server-framework-1.3.0-SNAPSHOT.jar:?]
	at org.apache.hadoop.ozone.protocolPB.OzoneManagerProtocolServerSideTranslatorPB.submitRequest(OzoneManagerProtocolServerSideTranslatorPB.java:147) [ozone-manager-1.3.0-SNAPSHOT.jar:?]
	at org.apache.hadoop.ozone.protocol.proto.OzoneManagerProtocolProtos$OzoneManagerService$2.callBlockingMethod(OzoneManagerProtocolProtos.java) [ozone-interface-client-1.3.0-SNAPSHOT.jar:?]
	at org.apache.hadoop.ipc.ProtobufRpcEngine$Server.processCall(ProtobufRpcEngine.java:466) [hadoop-common-3.3.1.jar:?]
	at org.apache.hadoop.ipc.ProtobufRpcEngine2$Server$ProtoBufRpcInvoker.call(ProtobufRpcEngine2.java:574) [hadoop-common-3.3.1.jar:?]
	at org.apache.hadoop.ipc.ProtobufRpcEngine2$Server$ProtoBufRpcInvoker.call(ProtobufRpcEngine2.java:552) [hadoop-common-3.3.1.jar:?]
	at org.apache.hadoop.ipc.RPC$Server.call(RPC.java:1093) [hadoop-common-3.3.1.jar:?]
	at org.apache.hadoop.ipc.Server$RpcCall.run(Server.java:1035) [hadoop-common-3.3.1.jar:?]
	at org.apache.hadoop.ipc.Server$RpcCall.run(Server.java:963) [hadoop-common-3.3.1.jar:?]
	at java.security.AccessController.doPrivileged(Native Method) ~[?:1.8.0_332]
	at javax.security.auth.Subject.doAs(Subject.java:422) [?:1.8.0_332]
	at org.apache.hadoop.security.UserGroupInformation.doAs(UserGroupInformation.java:1878) [hadoop-common-3.3.1.jar:?]
	at org.apache.hadoop.ipc.Server$Handler.run(Server.java:2966) [hadoop-common-3.3.1.jar:?]
23:16:54.411 [IPC Server handler 9 on default port 44809] ERROR OMAudit - user=runner | ip=127.0.0.1 | op=GET_FILE_STATUS {volume=volume-16582, bucket=bucket-89793, key=.Trash/runner, dataSize=0, replicationConfig=null} | ret=FAILURE
org.apache.hadoop.ozone.om.exceptions.OMException: Unable to get file status: volume: volume-16582 bucket: bucket-89793 key: .Trash/runner
	at org.apache.hadoop.ozone.om.KeyManagerImpl.getOzoneFileStatusFSO(KeyManagerImpl.java:1376) ~[ozone-manager-1.3.0-SNAPSHOT.jar:?]
	at org.apache.hadoop.ozone.om.KeyManagerImpl.getFileStatus(KeyManagerImpl.java:1239) ~[ozone-manager-1.3.0-SNAPSHOT.jar:?]
	at org.apache.hadoop.ozone.om.OzoneManager.getFileStatus(OzoneManager.java:3467) ~[ozone-manager-1.3.0-SNAPSHOT.jar:?]
	at org.apache.hadoop.ozone.protocolPB.OzoneManagerRequestHandler.getOzoneFileStatus(OzoneManagerRequestHandler.java:878) ~[ozone-manager-1.3.0-SNAPSHOT.jar:?]
	at org.apache.hadoop.ozone.protocolPB.OzoneManagerRequestHandler.handleReadRequest(OzoneManagerRequestHandler.java:224) ~[ozone-manager-1.3.0-SNAPSHOT.jar:?]
	at org.apache.hadoop.ozone.protocolPB.OzoneManagerProtocolServerSideTranslatorPB.submitReadRequestToOM(OzoneManagerProtocolServerSideTranslatorPB.java:226) ~[ozone-manager-1.3.0-SNAPSHOT.jar:?]
	at org.apache.hadoop.ozone.protocolPB.OzoneManagerProtocolServerSideTranslatorPB.processRequest(OzoneManagerProtocolServerSideTranslatorPB.java:175) ~[ozone-manager-1.3.0-SNAPSHOT.jar:?]
	at org.apache.hadoop.hdds.server.OzoneProtocolMessageDispatcher.processRequest(OzoneProtocolMessageDispatcher.java:87) [hdds-server-framework-1.3.0-SNAPSHOT.jar:?]
	at org.apache.hadoop.ozone.protocolPB.OzoneManagerProtocolServerSideTranslatorPB.submitRequest(OzoneManagerProtocolServerSideTranslatorPB.java:147) [ozone-manager-1.3.0-SNAPSHOT.jar:?]
	at org.apache.hadoop.ozone.protocol.proto.OzoneManagerProtocolProtos$OzoneManagerService$2.callBlockingMethod(OzoneManagerProtocolProtos.java) [ozone-interface-client-1.3.0-SNAPSHOT.jar:?]
	at org.apache.hadoop.ipc.ProtobufRpcEngine$Server.processCall(ProtobufRpcEngine.java:466) [hadoop-common-3.3.1.jar:?]
	at org.apache.hadoop.ipc.ProtobufRpcEngine2$Server$ProtoBufRpcInvoker.call(ProtobufRpcEngine2.java:574) [hadoop-common-3.3.1.jar:?]
	at org.apache.hadoop.ipc.ProtobufRpcEngine2$Server$ProtoBufRpcInvoker.call(ProtobufRpcEngine2.java:552) [hadoop-common-3.3.1.jar:?]
	at org.apache.hadoop.ipc.RPC$Server.call(RPC.java:1093) [hadoop-common-3.3.1.jar:?]
	at org.apache.hadoop.ipc.Server$RpcCall.run(Server.java:1035) [hadoop-common-3.3.1.jar:?]
	at org.apache.hadoop.ipc.Server$RpcCall.run(Server.java:963) [hadoop-common-3.3.1.jar:?]
	at java.security.AccessController.doPrivileged(Native Method) ~[?:1.8.0_332]
	at javax.security.auth.Subject.doAs(Subject.java:422) [?:1.8.0_332]
	at org.apache.hadoop.security.UserGroupInformation.doAs(UserGroupInformation.java:1878) [hadoop-common-3.3.1.jar:?]
	at org.apache.hadoop.ipc.Server$Handler.run(Server.java:2966) [hadoop-common-3.3.1.jar:?]
23:16:54.414 [IPC Server handler 16 on default port 44809] ERROR OMAudit - user=runner | ip=127.0.0.1 | op=GET_FILE_STATUS {volume=5116d0ed-d071-409d-8a7f-6a531960eda2, bucket=718ffb63-c792-444e-b8d7-58459fef9ce2, key=.Trash, dataSize=0, replicationConfig=null} | ret=FAILURE
org.apache.hadoop.ozone.om.exceptions.OMException: Unable to get file status: volume: 5116d0ed-d071-409d-8a7f-6a531960eda2 bucket: 718ffb63-c792-444e-b8d7-58459fef9ce2 key: .Trash
	at org.apache.hadoop.ozone.om.KeyManagerImpl.getOzoneFileStatus(KeyManagerImpl.java:1311) ~[ozone-manager-1.3.0-SNAPSHOT.jar:?]
	at org.apache.hadoop.ozone.om.KeyManagerImpl.getFileStatus(KeyManagerImpl.java:1241) ~[ozone-manager-1.3.0-SNAPSHOT.jar:?]
	at org.apache.hadoop.ozone.om.OzoneManager.getFileStatus(OzoneManager.java:3467) ~[ozone-manager-1.3.0-SNAPSHOT.jar:?]
	at org.apache.hadoop.ozone.protocolPB.OzoneManagerRequestHandler.getOzoneFileStatus(OzoneManagerRequestHandler.java:878) ~[ozone-manager-1.3.0-SNAPSHOT.jar:?]
	at org.apache.hadoop.ozone.protocolPB.OzoneManagerRequestHandler.handleReadRequest(OzoneManagerRequestHandler.java:224) ~[ozone-manager-1.3.0-SNAPSHOT.jar:?]
	at org.apache.hadoop.ozone.protocolPB.OzoneManagerProtocolServerSideTranslatorPB.submitReadRequestToOM(OzoneManagerProtocolServerSideTranslatorPB.java:226) ~[ozone-manager-1.3.0-SNAPSHOT.jar:?]
	at org.apache.hadoop.ozone.protocolPB.OzoneManagerProtocolServerSideTranslatorPB.processRequest(OzoneManagerProtocolServerSideTranslatorPB.java:175) ~[ozone-manager-1.3.0-SNAPSHOT.jar:?]
	at org.apache.hadoop.hdds.server.OzoneProtocolMessageDispatcher.processRequest(OzoneProtocolMessageDispatcher.java:87) [hdds-server-framework-1.3.0-SNAPSHOT.jar:?]
	at org.apache.hadoop.ozone.protocolPB.OzoneManagerProtocolServerSideTranslatorPB.submitRequest(OzoneManagerProtocolServerSideTranslatorPB.java:147) [ozone-manager-1.3.0-SNAPSHOT.jar:?]
	at org.apache.hadoop.ozone.protocol.proto.OzoneManagerProtocolProtos$OzoneManagerService$2.callBlockingMethod(OzoneManagerProtocolProtos.java) [ozone-interface-client-1.3.0-SNAPSHOT.jar:?]
	at org.apache.hadoop.ipc.ProtobufRpcEngine$Server.processCall(ProtobufRpcEngine.java:466) [hadoop-common-3.3.1.jar:?]
	at org.apache.hadoop.ipc.ProtobufRpcEngine2$Server$ProtoBufRpcInvoker.call(ProtobufRpcEngine2.java:574) [hadoop-common-3.3.1.jar:?]
	at org.apache.hadoop.ipc.ProtobufRpcEngine2$Server$ProtoBufRpcInvoker.call(ProtobufRpcEngine2.java:552) [hadoop-common-3.3.1.jar:?]
	at org.apache.hadoop.ipc.RPC$Server.call(RPC.java:1093) [hadoop-common-3.3.1.jar:?]
	at org.apache.hadoop.ipc.Server$RpcCall.run(Server.java:1035) [hadoop-common-3.3.1.jar:?]
	at org.apache.hadoop.ipc.Server$RpcCall.run(Server.java:963) [hadoop-common-3.3.1.jar:?]
	at java.security.AccessController.doPrivileged(Native Method) ~[?:1.8.0_332]
	at javax.security.auth.Subject.doAs(Subject.java:422) [?:1.8.0_332]
	at org.apache.hadoop.security.UserGroupInformation.doAs(UserGroupInformation.java:1878) [hadoop-common-3.3.1.jar:?]
	at org.apache.hadoop.ipc.Server$Handler.run(Server.java:2966) [hadoop-common-3.3.1.jar:?]
23:16:54.416 [IPC Server handler 1 on default port 44809] ERROR OMAudit - user=runner | ip=127.0.0.1 | op=GET_FILE_STATUS {volume=volume-16582, bucket=bucket-89793, key=.Trash, dataSize=0, replicationConfig=null} | ret=FAILURE
org.apache.hadoop.ozone.om.exceptions.OMException: Unable to get file status: volume: volume-16582 bucket: bucket-89793 key: .Trash
	at org.apache.hadoop.ozone.om.KeyManagerImpl.getOzoneFileStatusFSO(KeyManagerImpl.java:1376) ~[ozone-manager-1.3.0-SNAPSHOT.jar:?]
	at org.apache.hadoop.ozone.om.KeyManagerImpl.getFileStatus(KeyManagerImpl.java:1239) ~[ozone-manager-1.3.0-SNAPSHOT.jar:?]
	at org.apache.hadoop.ozone.om.OzoneManager.getFileStatus(OzoneManager.java:3467) ~[ozone-manager-1.3.0-SNAPSHOT.jar:?]
	at org.apache.hadoop.ozone.protocolPB.OzoneManagerRequestHandler.getOzoneFileStatus(OzoneManagerRequestHandler.java:878) ~[ozone-manager-1.3.0-SNAPSHOT.jar:?]
	at org.apache.hadoop.ozone.protocolPB.OzoneManagerRequestHandler.handleReadRequest(OzoneManagerRequestHandler.java:224) ~[ozone-manager-1.3.0-SNAPSHOT.jar:?]
	at org.apache.hadoop.ozone.protocolPB.OzoneManagerProtocolServerSideTranslatorPB.submitReadRequestToOM(OzoneManagerProtocolServerSideTranslatorPB.java:226) ~[ozone-manager-1.3.0-SNAPSHOT.jar:?]
	at org.apache.hadoop.ozone.protocolPB.OzoneManagerProtocolServerSideTranslatorPB.processRequest(OzoneManagerProtocolServerSideTranslatorPB.java:175) ~[ozone-manager-1.3.0-SNAPSHOT.jar:?]
	at org.apache.hadoop.hdds.server.OzoneProtocolMessageDispatcher.processRequest(OzoneProtocolMessageDispatcher.java:87) [hdds-server-framework-1.3.0-SNAPSHOT.jar:?]
	at org.apache.hadoop.ozone.protocolPB.OzoneManagerProtocolServerSideTranslatorPB.submitRequest(OzoneManagerProtocolServerSideTranslatorPB.java:147) [ozone-manager-1.3.0-SNAPSHOT.jar:?]
	at org.apache.hadoop.ozone.protocol.proto.OzoneManagerProtocolProtos$OzoneManagerService$2.callBlockingMethod(OzoneManagerProtocolProtos.java) [ozone-interface-client-1.3.0-SNAPSHOT.jar:?]
	at org.apache.hadoop.ipc.ProtobufRpcEngine$Server.processCall(ProtobufRpcEngine.java:466) [hadoop-common-3.3.1.jar:?]
	at org.apache.hadoop.ipc.ProtobufRpcEngine2$Server$ProtoBufRpcInvoker.call(ProtobufRpcEngine2.java:574) [hadoop-common-3.3.1.jar:?]
	at org.apache.hadoop.ipc.ProtobufRpcEngine2$Server$ProtoBufRpcInvoker.call(ProtobufRpcEngine2.java:552) [hadoop-common-3.3.1.jar:?]
	at org.apache.hadoop.ipc.RPC$Server.call(RPC.java:1093) [hadoop-common-3.3.1.jar:?]
	at org.apache.hadoop.ipc.Server$RpcCall.run(Server.java:1035) [hadoop-common-3.3.1.jar:?]
	at org.apache.hadoop.ipc.Server$RpcCall.run(Server.java:963) [hadoop-common-3.3.1.jar:?]
	at java.security.AccessController.doPrivileged(Native Method) ~[?:1.8.0_332]
	at javax.security.auth.Subject.doAs(Subject.java:422) [?:1.8.0_332]
	at org.apache.hadoop.security.UserGroupInformation.doAs(UserGroupInformation.java:1878) [hadoop-common-3.3.1.jar:?]
	at org.apache.hadoop.ipc.Server$Handler.run(Server.java:2966) [hadoop-common-3.3.1.jar:?]
23:16:54.418 [IPC Server handler 7 on default port 44809] ERROR OMAudit - user=runner | ip=127.0.0.1 | op=GET_FILE_STATUS {volume=volume-24287, bucket=bucket-50715, key=.Trash, dataSize=0, replicationConfig=null} | ret=FAILURE
org.apache.hadoop.ozone.om.exceptions.OMException: Unable to get file status: volume: volume-24287 bucket: bucket-50715 key: .Trash
	at org.apache.hadoop.ozone.om.KeyManagerImpl.getOzoneFileStatusFSO(KeyManagerImpl.java:1376) ~[ozone-manager-1.3.0-SNAPSHOT.jar:?]
	at org.apache.hadoop.ozone.om.KeyManagerImpl.getFileStatus(KeyManagerImpl.java:1239) ~[ozone-manager-1.3.0-SNAPSHOT.jar:?]
	at org.apache.hadoop.ozone.om.OzoneManager.getFileStatus(OzoneManager.java:3467) ~[ozone-manager-1.3.0-SNAPSHOT.jar:?]
	at org.apache.hadoop.ozone.protocolPB.OzoneManagerRequestHandler.getOzoneFileStatus(OzoneManagerRequestHandler.java:878) ~[ozone-manager-1.3.0-SNAPSHOT.jar:?]
	at org.apache.hadoop.ozone.protocolPB.OzoneManagerRequestHandler.handleReadRequest(OzoneManagerRequestHandler.java:224) ~[ozone-manager-1.3.0-SNAPSHOT.jar:?]
	at org.apache.hadoop.ozone.protocolPB.OzoneManagerProtocolServerSideTranslatorPB.submitReadRequestToOM(OzoneManagerProtocolServerSideTranslatorPB.java:226) ~[ozone-manager-1.3.0-SNAPSHOT.jar:?]
	at org.apache.hadoop.ozone.protocolPB.OzoneManagerProtocolServerSideTranslatorPB.processRequest(OzoneManagerProtocolServerSideTranslatorPB.java:175) ~[ozone-manager-1.3.0-SNAPSHOT.jar:?]
	at org.apache.hadoop.hdds.server.OzoneProtocolMessageDispatcher.processRequest(OzoneProtocolMessageDispatcher.java:87) [hdds-server-framework-1.3.0-SNAPSHOT.jar:?]
	at org.apache.hadoop.ozone.protocolPB.OzoneManagerProtocolServerSideTranslatorPB.submitRequest(OzoneManagerProtocolServerSideTranslatorPB.java:147) [ozone-manager-1.3.0-SNAPSHOT.jar:?]
	at org.apache.hadoop.ozone.protocol.proto.OzoneManagerProtocolProtos$OzoneManagerService$2.callBlockingMethod(OzoneManagerProtocolProtos.java) [ozone-interface-client-1.3.0-SNAPSHOT.jar:?]
	at org.apache.hadoop.ipc.ProtobufRpcEngine$Server.processCall(ProtobufRpcEngine.java:466) [hadoop-common-3.3.1.jar:?]
	at org.apache.hadoop.ipc.ProtobufRpcEngine2$Server$ProtoBufRpcInvoker.call(ProtobufRpcEngine2.java:574) [hadoop-common-3.3.1.jar:?]
	at org.apache.hadoop.ipc.ProtobufRpcEngine2$Server$ProtoBufRpcInvoker.call(ProtobufRpcEngine2.java:552) [hadoop-common-3.3.1.jar:?]
	at org.apache.hadoop.ipc.RPC$Server.call(RPC.java:1093) [hadoop-common-3.3.1.jar:?]
	at org.apache.hadoop.ipc.Server$RpcCall.run(Server.java:1035) [hadoop-common-3.3.1.jar:?]
	at org.apache.hadoop.ipc.Server$RpcCall.run(Server.java:963) [hadoop-common-3.3.1.jar:?]
	at java.security.AccessController.doPrivileged(Native Method) ~[?:1.8.0_332]
	at javax.security.auth.Subject.doAs(Subject.java:422) [?:1.8.0_332]
	at org.apache.hadoop.security.UserGroupInformation.doAs(UserGroupInformation.java:1878) [hadoop-common-3.3.1.jar:?]
	at org.apache.hadoop.ipc.Server$Handler.run(Server.java:2966) [hadoop-common-3.3.1.jar:?]
23:16:54.443 [IPC Server handler 17 on default port 44809] ERROR OMAudit - user=runner | ip=127.0.0.1 | op=GET_FILE_STATUS {volume=volume-24287, bucket=bucket-50715, key=.Trash/runner, dataSize=0, replicationConfig=null} | ret=FAILURE
org.apache.hadoop.ozone.om.exceptions.OMException: Unable to get file status: volume: volume-24287 bucket: bucket-50715 key: .Trash/runner
	at org.apache.hadoop.ozone.om.KeyManagerImpl.getOzoneFileStatusFSO(KeyManagerImpl.java:1376) ~[ozone-manager-1.3.0-SNAPSHOT.jar:?]
	at org.apache.hadoop.ozone.om.KeyManagerImpl.getFileStatus(KeyManagerImpl.java:1239) ~[ozone-manager-1.3.0-SNAPSHOT.jar:?]
	at org.apache.hadoop.ozone.om.OzoneManager.getFileStatus(OzoneManager.java:3467) ~[ozone-manager-1.3.0-SNAPSHOT.jar:?]
	at org.apache.hadoop.ozone.protocolPB.OzoneManagerRequestHandler.getOzoneFileStatus(OzoneManagerRequestHandler.java:878) ~[ozone-manager-1.3.0-SNAPSHOT.jar:?]
	at org.apache.hadoop.ozone.protocolPB.OzoneManagerRequestHandler.handleReadRequest(OzoneManagerRequestHandler.java:224) ~[ozone-manager-1.3.0-SNAPSHOT.jar:?]
	at org.apache.hadoop.ozone.protocolPB.OzoneManagerProtocolServerSideTranslatorPB.submitReadRequestToOM(OzoneManagerProtocolServerSideTranslatorPB.java:226) ~[ozone-manager-1.3.0-SNAPSHOT.jar:?]
	at org.apache.hadoop.ozone.protocolPB.OzoneManagerProtocolServerSideTranslatorPB.processRequest(OzoneManagerProtocolServerSideTranslatorPB.java:175) ~[ozone-manager-1.3.0-SNAPSHOT.jar:?]
	at org.apache.hadoop.hdds.server.OzoneProtocolMessageDispatcher.processRequest(OzoneProtocolMessageDispatcher.java:87) [hdds-server-framework-1.3.0-SNAPSHOT.jar:?]
	at org.apache.hadoop.ozone.protocolPB.OzoneManagerProtocolServerSideTranslatorPB.submitRequest(OzoneManagerProtocolServerSideTranslatorPB.java:147) [ozone-manager-1.3.0-SNAPSHOT.jar:?]
	at org.apache.hadoop.ozone.protocol.proto.OzoneManagerProtocolProtos$OzoneManagerService$2.callBlockingMethod(OzoneManagerProtocolProtos.java) [ozone-interface-client-1.3.0-SNAPSHOT.jar:?]
	at org.apache.hadoop.ipc.ProtobufRpcEngine$Server.processCall(ProtobufRpcEngine.java:466) [hadoop-common-3.3.1.jar:?]
	at org.apache.hadoop.ipc.ProtobufRpcEngine2$Server$ProtoBufRpcInvoker.call(ProtobufRpcEngine2.java:574) [hadoop-common-3.3.1.jar:?]
	at org.apache.hadoop.ipc.ProtobufRpcEngine2$Server$ProtoBufRpcInvoker.call(ProtobufRpcEngine2.java:552) [hadoop-common-3.3.1.jar:?]
	at org.apache.hadoop.ipc.RPC$Server.call(RPC.java:1093) [hadoop-common-3.3.1.jar:?]
	at org.apache.hadoop.ipc.Server$RpcCall.run(Server.java:1035) [hadoop-common-3.3.1.jar:?]
	at org.apache.hadoop.ipc.Server$RpcCall.run(Server.java:963) [hadoop-common-3.3.1.jar:?]
	at java.security.AccessController.doPrivileged(Native Method) ~[?:1.8.0_332]
	at javax.security.auth.Subject.doAs(Subject.java:422) [?:1.8.0_332]
	at org.apache.hadoop.security.UserGroupInformation.doAs(UserGroupInformation.java:1878) [hadoop-common-3.3.1.jar:?]
	at org.apache.hadoop.ipc.Server$Handler.run(Server.java:2966) [hadoop-common-3.3.1.jar:?]
23:16:54.445 [IPC Server handler 16 on default port 44809] ERROR OMAudit - user=runner | ip=127.0.0.1 | op=GET_FILE_STATUS {volume=volume-16582, bucket=bucket-89793, key=.Trash/runner, dataSize=0, replicationConfig=null} | ret=FAILURE
org.apache.hadoop.ozone.om.exceptions.OMException: Unable to get file status: volume: volume-16582 bucket: bucket-89793 key: .Trash/runner
	at org.apache.hadoop.ozone.om.KeyManagerImpl.getOzoneFileStatusFSO(KeyManagerImpl.java:1376) ~[ozone-manager-1.3.0-SNAPSHOT.jar:?]
	at org.apache.hadoop.ozone.om.KeyManagerImpl.getFileStatus(KeyManagerImpl.java:1239) ~[ozone-manager-1.3.0-SNAPSHOT.jar:?]
	at org.apache.hadoop.ozone.om.OzoneManager.getFileStatus(OzoneManager.java:3467) ~[ozone-manager-1.3.0-SNAPSHOT.jar:?]
	at org.apache.hadoop.ozone.protocolPB.OzoneManagerRequestHandler.getOzoneFileStatus(OzoneManagerRequestHandler.java:878) ~[ozone-manager-1.3.0-SNAPSHOT.jar:?]
	at org.apache.hadoop.ozone.protocolPB.OzoneManagerRequestHandler.handleReadRequest(OzoneManagerRequestHandler.java:224) ~[ozone-manager-1.3.0-SNAPSHOT.jar:?]
	at org.apache.hadoop.ozone.protocolPB.OzoneManagerProtocolServerSideTranslatorPB.submitReadRequestToOM(OzoneManagerProtocolServerSideTranslatorPB.java:226) ~[ozone-manager-1.3.0-SNAPSHOT.jar:?]
	at org.apache.hadoop.ozone.protocolPB.OzoneManagerProtocolServerSideTranslatorPB.processRequest(OzoneManagerProtocolServerSideTranslatorPB.java:175) ~[ozone-manager-1.3.0-SNAPSHOT.jar:?]
	at org.apache.hadoop.hdds.server.OzoneProtocolMessageDispatcher.processRequest(OzoneProtocolMessageDispatcher.java:87) [hdds-server-framework-1.3.0-SNAPSHOT.jar:?]
	at org.apache.hadoop.ozone.protocolPB.OzoneManagerProtocolServerSideTranslatorPB.submitRequest(OzoneManagerProtocolServerSideTranslatorPB.java:147) [ozone-manager-1.3.0-SNAPSHOT.jar:?]
	at org.apache.hadoop.ozone.protocol.proto.OzoneManagerProtocolProtos$OzoneManagerService$2.callBlockingMethod(OzoneManagerProtocolProtos.java) [ozone-interface-client-1.3.0-SNAPSHOT.jar:?]
	at org.apache.hadoop.ipc.ProtobufRpcEngine$Server.processCall(ProtobufRpcEngine.java:466) [hadoop-common-3.3.1.jar:?]
	at org.apache.hadoop.ipc.ProtobufRpcEngine2$Server$ProtoBufRpcInvoker.call(ProtobufRpcEngine2.java:574) [hadoop-common-3.3.1.jar:?]
	at org.apache.hadoop.ipc.ProtobufRpcEngine2$Server$ProtoBufRpcInvoker.call(ProtobufRpcEngine2.java:552) [hadoop-common-3.3.1.jar:?]
	at org.apache.hadoop.ipc.RPC$Server.call(RPC.java:1093) [hadoop-common-3.3.1.jar:?]
	at org.apache.hadoop.ipc.Server$RpcCall.run(Server.java:1035) [hadoop-common-3.3.1.jar:?]
	at org.apache.hadoop.ipc.Server$RpcCall.run(Server.java:963) [hadoop-common-3.3.1.jar:?]
	at java.security.AccessController.doPrivileged(Native Method) ~[?:1.8.0_332]
	at javax.security.auth.Subject.doAs(Subject.java:422) [?:1.8.0_332]
	at org.apache.hadoop.security.UserGroupInformation.doAs(UserGroupInformation.java:1878) [hadoop-common-3.3.1.jar:?]
	at org.apache.hadoop.ipc.Server$Handler.run(Server.java:2966) [hadoop-common-3.3.1.jar:?]
23:16:54.449 [IPC Server handler 4 on default port 44809] ERROR OMAudit - user=runner | ip=127.0.0.1 | op=GET_FILE_STATUS {volume=5116d0ed-d071-409d-8a7f-6a531960eda2, bucket=718ffb63-c792-444e-b8d7-58459fef9ce2, key=.Trash, dataSize=0, replicationConfig=null} | ret=FAILURE
org.apache.hadoop.ozone.om.exceptions.OMException: Unable to get file status: volume: 5116d0ed-d071-409d-8a7f-6a531960eda2 bucket: 718ffb63-c792-444e-b8d7-58459fef9ce2 key: .Trash
	at org.apache.hadoop.ozone.om.KeyManagerImpl.getOzoneFileStatus(KeyManagerImpl.java:1311) ~[ozone-manager-1.3.0-SNAPSHOT.jar:?]
	at org.apache.hadoop.ozone.om.KeyManagerImpl.getFileStatus(KeyManagerImpl.java:1241) ~[ozone-manager-1.3.0-SNAPSHOT.jar:?]
	at org.apache.hadoop.ozone.om.OzoneManager.getFileStatus(OzoneManager.java:3467) ~[ozone-manager-1.3.0-SNAPSHOT.jar:?]
	at org.apache.hadoop.ozone.protocolPB.OzoneManagerRequestHandler.getOzoneFileStatus(OzoneManagerRequestHandler.java:878) ~[ozone-manager-1.3.0-SNAPSHOT.jar:?]
	at org.apache.hadoop.ozone.protocolPB.OzoneManagerRequestHandler.handleReadRequest(OzoneManagerRequestHandler.java:224) ~[ozone-manager-1.3.0-SNAPSHOT.jar:?]
	at org.apache.hadoop.ozone.protocolPB.OzoneManagerProtocolServerSideTranslatorPB.submitReadRequestToOM(OzoneManagerProtocolServerSideTranslatorPB.java:226) ~[ozone-manager-1.3.0-SNAPSHOT.jar:?]
	at org.apache.hadoop.ozone.protocolPB.OzoneManagerProtocolServerSideTranslatorPB.processRequest(OzoneManagerProtocolServerSideTranslatorPB.java:175) ~[ozone-manager-1.3.0-SNAPSHOT.jar:?]
	at org.apache.hadoop.hdds.server.OzoneProtocolMessageDispatcher.processRequest(OzoneProtocolMessageDispatcher.java:87) [hdds-server-framework-1.3.0-SNAPSHOT.jar:?]
	at org.apache.hadoop.ozone.protocolPB.OzoneManagerProtocolServerSideTranslatorPB.submitRequest(OzoneManagerProtocolServerSideTranslatorPB.java:147) [ozone-manager-1.3.0-SNAPSHOT.jar:?]
	at org.apache.hadoop.ozone.protocol.proto.OzoneManagerProtocolProtos$OzoneManagerService$2.callBlockingMethod(OzoneManagerProtocolProtos.java) [ozone-interface-client-1.3.0-SNAPSHOT.jar:?]
	at org.apache.hadoop.ipc.ProtobufRpcEngine$Server.processCall(ProtobufRpcEngine.java:466) [hadoop-common-3.3.1.jar:?]
	at org.apache.hadoop.ipc.ProtobufRpcEngine2$Server$ProtoBufRpcInvoker.call(ProtobufRpcEngine2.java:574) [hadoop-common-3.3.1.jar:?]
	at org.apache.hadoop.ipc.ProtobufRpcEngine2$Server$ProtoBufRpcInvoker.call(ProtobufRpcEngine2.java:552) [hadoop-common-3.3.1.jar:?]
	at org.apache.hadoop.ipc.RPC$Server.call(RPC.java:1093) [hadoop-common-3.3.1.jar:?]
	at org.apache.hadoop.ipc.Server$RpcCall.run(Server.java:1035) [hadoop-common-3.3.1.jar:?]
	at org.apache.hadoop.ipc.Server$RpcCall.run(Server.java:963) [hadoop-common-3.3.1.jar:?]
	at java.security.AccessController.doPrivileged(Native Method) ~[?:1.8.0_332]
	at javax.security.auth.Subject.doAs(Subject.java:422) [?:1.8.0_332]
	at org.apache.hadoop.security.UserGroupInformation.doAs(UserGroupInformation.java:1878) [hadoop-common-3.3.1.jar:?]
	at org.apache.hadoop.ipc.Server$Handler.run(Server.java:2966) [hadoop-common-3.3.1.jar:?]
23:16:54.451 [IPC Server handler 8 on default port 44809] ERROR OMAudit - user=runner | ip=127.0.0.1 | op=GET_FILE_STATUS {volume=volume-16582, bucket=bucket-89793, key=.Trash, dataSize=0, replicationConfig=null} | ret=FAILURE
org.apache.hadoop.ozone.om.exceptions.OMException: Unable to get file status: volume: volume-16582 bucket: bucket-89793 key: .Trash
	at org.apache.hadoop.ozone.om.KeyManagerImpl.getOzoneFileStatusFSO(KeyManagerImpl.java:1376) ~[ozone-manager-1.3.0-SNAPSHOT.jar:?]
	at org.apache.hadoop.ozone.om.KeyManagerImpl.getFileStatus(KeyManagerImpl.java:1239) ~[ozone-manager-1.3.0-SNAPSHOT.jar:?]
	at org.apache.hadoop.ozone.om.OzoneManager.getFileStatus(OzoneManager.java:3467) ~[ozone-manager-1.3.0-SNAPSHOT.jar:?]
	at org.apache.hadoop.ozone.protocolPB.OzoneManagerRequestHandler.getOzoneFileStatus(OzoneManagerRequestHandler.java:878) ~[ozone-manager-1.3.0-SNAPSHOT.jar:?]
	at org.apache.hadoop.ozone.protocolPB.OzoneManagerRequestHandler.handleReadRequest(OzoneManagerRequestHandler.java:224) ~[ozone-manager-1.3.0-SNAPSHOT.jar:?]
	at org.apache.hadoop.ozone.protocolPB.OzoneManagerProtocolServerSideTranslatorPB.submitReadRequestToOM(OzoneManagerProtocolServerSideTranslatorPB.java:226) ~[ozone-manager-1.3.0-SNAPSHOT.jar:?]
	at org.apache.hadoop.ozone.protocolPB.OzoneManagerProtocolServerSideTranslatorPB.processRequest(OzoneManagerProtocolServerSideTranslatorPB.java:175) ~[ozone-manager-1.3.0-SNAPSHOT.jar:?]
	at org.apache.hadoop.hdds.server.OzoneProtocolMessageDispatcher.processRequest(OzoneProtocolMessageDispatcher.java:87) [hdds-server-framework-1.3.0-SNAPSHOT.jar:?]
	at org.apache.hadoop.ozone.protocolPB.OzoneManagerProtocolServerSideTranslatorPB.submitRequest(OzoneManagerProtocolServerSideTranslatorPB.java:147) [ozone-manager-1.3.0-SNAPSHOT.jar:?]
	at org.apache.hadoop.ozone.protocol.proto.OzoneManagerProtocolProtos$OzoneManagerService$2.callBlockingMethod(OzoneManagerProtocolProtos.java) [ozone-interface-client-1.3.0-SNAPSHOT.jar:?]
	at org.apache.hadoop.ipc.ProtobufRpcEngine$Server.processCall(ProtobufRpcEngine.java:466) [hadoop-common-3.3.1.jar:?]
	at org.apache.hadoop.ipc.ProtobufRpcEngine2$Server$ProtoBufRpcInvoker.call(ProtobufRpcEngine2.java:574) [hadoop-common-3.3.1.jar:?]
	at org.apache.hadoop.ipc.ProtobufRpcEngine2$Server$ProtoBufRpcInvoker.call(ProtobufRpcEngine2.java:552) [hadoop-common-3.3.1.jar:?]
	at org.apache.hadoop.ipc.RPC$Server.call(RPC.java:1093) [hadoop-common-3.3.1.jar:?]
	at org.apache.hadoop.ipc.Server$RpcCall.run(Server.java:1035) [hadoop-common-3.3.1.jar:?]
	at org.apache.hadoop.ipc.Server$RpcCall.run(Server.java:963) [hadoop-common-3.3.1.jar:?]
	at java.security.AccessController.doPrivileged(Native Method) ~[?:1.8.0_332]
	at javax.security.auth.Subject.doAs(Subject.java:422) [?:1.8.0_332]
	at org.apache.hadoop.security.UserGroupInformation.doAs(UserGroupInformation.java:1878) [hadoop-common-3.3.1.jar:?]
	at org.apache.hadoop.ipc.Server$Handler.run(Server.java:2966) [hadoop-common-3.3.1.jar:?]
23:16:54.453 [IPC Server handler 10 on default port 44809] ERROR OMAudit - user=runner | ip=127.0.0.1 | op=GET_FILE_STATUS {volume=volume-24287, bucket=bucket-50715, key=.Trash, dataSize=0, replicationConfig=null} | ret=FAILURE
org.apache.hadoop.ozone.om.exceptions.OMException: Unable to get file status: volume: volume-24287 bucket: bucket-50715 key: .Trash
	at org.apache.hadoop.ozone.om.KeyManagerImpl.getOzoneFileStatusFSO(KeyManagerImpl.java:1376) ~[ozone-manager-1.3.0-SNAPSHOT.jar:?]
	at org.apache.hadoop.ozone.om.KeyManagerImpl.getFileStatus(KeyManagerImpl.java:1239) ~[ozone-manager-1.3.0-SNAPSHOT.jar:?]
	at org.apache.hadoop.ozone.om.OzoneManager.getFileStatus(OzoneManager.java:3467) ~[ozone-manager-1.3.0-SNAPSHOT.jar:?]
	at org.apache.hadoop.ozone.protocolPB.OzoneManagerRequestHandler.getOzoneFileStatus(OzoneManagerRequestHandler.java:878) ~[ozone-manager-1.3.0-SNAPSHOT.jar:?]
	at org.apache.hadoop.ozone.protocolPB.OzoneManagerRequestHandler.handleReadRequest(OzoneManagerRequestHandler.java:224) ~[ozone-manager-1.3.0-SNAPSHOT.jar:?]
	at org.apache.hadoop.ozone.protocolPB.OzoneManagerProtocolServerSideTranslatorPB.submitReadRequestToOM(OzoneManagerProtocolServerSideTranslatorPB.java:226) ~[ozone-manager-1.3.0-SNAPSHOT.jar:?]
	at org.apache.hadoop.ozone.protocolPB.OzoneManagerProtocolServerSideTranslatorPB.processRequest(OzoneManagerProtocolServerSideTranslatorPB.java:175) ~[ozone-manager-1.3.0-SNAPSHOT.jar:?]
	at org.apache.hadoop.hdds.server.OzoneProtocolMessageDispatcher.processRequest(OzoneProtocolMessageDispatcher.java:87) [hdds-server-framework-1.3.0-SNAPSHOT.jar:?]
	at org.apache.hadoop.ozone.protocolPB.OzoneManagerProtocolServerSideTranslatorPB.submitRequest(OzoneManagerProtocolServerSideTranslatorPB.java:147) [ozone-manager-1.3.0-SNAPSHOT.jar:?]
	at org.apache.hadoop.ozone.protocol.proto.OzoneManagerProtocolProtos$OzoneManagerService$2.callBlockingMethod(OzoneManagerProtocolProtos.java) [ozone-interface-client-1.3.0-SNAPSHOT.jar:?]
	at org.apache.hadoop.ipc.ProtobufRpcEngine$Server.processCall(ProtobufRpcEngine.java:466) [hadoop-common-3.3.1.jar:?]
	at org.apache.hadoop.ipc.ProtobufRpcEngine2$Server$ProtoBufRpcInvoker.call(ProtobufRpcEngine2.java:574) [hadoop-common-3.3.1.jar:?]
	at org.apache.hadoop.ipc.ProtobufRpcEngine2$Server$ProtoBufRpcInvoker.call(ProtobufRpcEngine2.java:552) [hadoop-common-3.3.1.jar:?]
	at org.apache.hadoop.ipc.RPC$Server.call(RPC.java:1093) [hadoop-common-3.3.1.jar:?]
	at org.apache.hadoop.ipc.Server$RpcCall.run(Server.java:1035) [hadoop-common-3.3.1.jar:?]
	at org.apache.hadoop.ipc.Server$RpcCall.run(Server.java:963) [hadoop-common-3.3.1.jar:?]
	at java.security.AccessController.doPrivileged(Native Method) ~[?:1.8.0_332]
	at javax.security.auth.Subject.doAs(Subject.java:422) [?:1.8.0_332]
	at org.apache.hadoop.security.UserGroupInformation.doAs(UserGroupInformation.java:1878) [hadoop-common-3.3.1.jar:?]
	at org.apache.hadoop.ipc.Server$Handler.run(Server.java:2966) [hadoop-common-3.3.1.jar:?]
2022-07-27 23:16:54,485 [Time-limited test] INFO  rpc.RpcClient (RpcClient.java:createVolume(467)) - Creating Volume: volume90431, with user02129 as owner and space quota set to -1 bytes, counts quota set to -1
2022-07-27 23:16:54,487 [OM StateMachine ApplyTransaction Thread - 0] INFO  volume.OMVolumeCreateRequest (OMVolumeCreateRequest.java:validateAndUpdateCache(195)) - created volume:volume90431 for user:user02129
2022-07-27 23:16:54,488 [Time-limited test] INFO  rpc.RpcClient (RpcClient.java:createBucket(670)) - Creating Bucket: volume90431/bucket77432, with bucket layout FILE_SYSTEM_OPTIMIZED, runner as owner, Versioning false, Storage Type set to DISK and Encryption set to false 
2022-07-27 23:16:54,489 [OM StateMachine ApplyTransaction Thread - 0] INFO  bucket.OMBucketCreateRequest (OMBucketCreateRequest.java:validateAndUpdateCache(260)) - created bucket: bucket77432 of layout FILE_SYSTEM_OPTIMIZED in volume: volume90431
23:16:54.509 [IPC Server handler 8 on default port 44809] ERROR OMAudit - user=runner | ip=127.0.0.1 | op=GET_FILE_STATUS {volume=volume-24287, bucket=bucket-50715, key=.Trash/runner, dataSize=0, replicationConfig=null} | ret=FAILURE
org.apache.hadoop.ozone.om.exceptions.OMException: Unable to get file status: volume: volume-24287 bucket: bucket-50715 key: .Trash/runner
	at org.apache.hadoop.ozone.om.KeyManagerImpl.getOzoneFileStatusFSO(KeyManagerImpl.java:1376) ~[ozone-manager-1.3.0-SNAPSHOT.jar:?]
	at org.apache.hadoop.ozone.om.KeyManagerImpl.getFileStatus(KeyManagerImpl.java:1239) ~[ozone-manager-1.3.0-SNAPSHOT.jar:?]
	at org.apache.hadoop.ozone.om.OzoneManager.getFileStatus(OzoneManager.java:3467) ~[ozone-manager-1.3.0-SNAPSHOT.jar:?]
	at org.apache.hadoop.ozone.protocolPB.OzoneManagerRequestHandler.getOzoneFileStatus(OzoneManagerRequestHandler.java:878) ~[ozone-manager-1.3.0-SNAPSHOT.jar:?]
	at org.apache.hadoop.ozone.protocolPB.OzoneManagerRequestHandler.handleReadRequest(OzoneManagerRequestHandler.java:224) ~[ozone-manager-1.3.0-SNAPSHOT.jar:?]
	at org.apache.hadoop.ozone.protocolPB.OzoneManagerProtocolServerSideTranslatorPB.submitReadRequestToOM(OzoneManagerProtocolServerSideTranslatorPB.java:226) ~[ozone-manager-1.3.0-SNAPSHOT.jar:?]
	at org.apache.hadoop.ozone.protocolPB.OzoneManagerProtocolServerSideTranslatorPB.processRequest(OzoneManagerProtocolServerSideTranslatorPB.java:175) ~[ozone-manager-1.3.0-SNAPSHOT.jar:?]
	at org.apache.hadoop.hdds.server.OzoneProtocolMessageDispatcher.processRequest(OzoneProtocolMessageDispatcher.java:87) [hdds-server-framework-1.3.0-SNAPSHOT.jar:?]
	at org.apache.hadoop.ozone.protocolPB.OzoneManagerProtocolServerSideTranslatorPB.submitRequest(OzoneManagerProtocolServerSideTranslatorPB.java:147) [ozone-manager-1.3.0-SNAPSHOT.jar:?]
	at org.apache.hadoop.ozone.protocol.proto.OzoneManagerProtocolProtos$OzoneManagerService$2.callBlockingMethod(OzoneManagerProtocolProtos.java) [ozone-interface-client-1.3.0-SNAPSHOT.jar:?]
	at org.apache.hadoop.ipc.ProtobufRpcEngine$Server.processCall(ProtobufRpcEngine.java:466) [hadoop-common-3.3.1.jar:?]
	at org.apache.hadoop.ipc.ProtobufRpcEngine2$Server$ProtoBufRpcInvoker.call(ProtobufRpcEngine2.java:574) [hadoop-common-3.3.1.jar:?]
	at org.apache.hadoop.ipc.ProtobufRpcEngine2$Server$ProtoBufRpcInvoker.call(ProtobufRpcEngine2.java:552) [hadoop-common-3.3.1.jar:?]
	at org.apache.hadoop.ipc.RPC$Server.call(RPC.java:1093) [hadoop-common-3.3.1.jar:?]
	at org.apache.hadoop.ipc.Server$RpcCall.run(Server.java:1035) [hadoop-common-3.3.1.jar:?]
	at org.apache.hadoop.ipc.Server$RpcCall.run(Server.java:963) [hadoop-common-3.3.1.jar:?]
	at java.security.AccessController.doPrivileged(Native Method) ~[?:1.8.0_332]
	at javax.security.auth.Subject.doAs(Subject.java:422) [?:1.8.0_332]
	at org.apache.hadoop.security.UserGroupInformation.doAs(UserGroupInformation.java:1878) [hadoop-common-3.3.1.jar:?]
	at org.apache.hadoop.ipc.Server$Handler.run(Server.java:2966) [hadoop-common-3.3.1.jar:?]
23:16:54.511 [IPC Server handler 10 on default port 44809] ERROR OMAudit - user=runner | ip=127.0.0.1 | op=GET_FILE_STATUS {volume=volume-16582, bucket=bucket-89793, key=.Trash/runner, dataSize=0, replicationConfig=null} | ret=FAILURE
org.apache.hadoop.ozone.om.exceptions.OMException: Unable to get file status: volume: volume-16582 bucket: bucket-89793 key: .Trash/runner
	at org.apache.hadoop.ozone.om.KeyManagerImpl.getOzoneFileStatusFSO(KeyManagerImpl.java:1376) ~[ozone-manager-1.3.0-SNAPSHOT.jar:?]
	at org.apache.hadoop.ozone.om.KeyManagerImpl.getFileStatus(KeyManagerImpl.java:1239) ~[ozone-manager-1.3.0-SNAPSHOT.jar:?]
	at org.apache.hadoop.ozone.om.OzoneManager.getFileStatus(OzoneManager.java:3467) ~[ozone-manager-1.3.0-SNAPSHOT.jar:?]
	at org.apache.hadoop.ozone.protocolPB.OzoneManagerRequestHandler.getOzoneFileStatus(OzoneManagerRequestHandler.java:878) ~[ozone-manager-1.3.0-SNAPSHOT.jar:?]
	at org.apache.hadoop.ozone.protocolPB.OzoneManagerRequestHandler.handleReadRequest(OzoneManagerRequestHandler.java:224) ~[ozone-manager-1.3.0-SNAPSHOT.jar:?]
	at org.apache.hadoop.ozone.protocolPB.OzoneManagerProtocolServerSideTranslatorPB.submitReadRequestToOM(OzoneManagerProtocolServerSideTranslatorPB.java:226) ~[ozone-manager-1.3.0-SNAPSHOT.jar:?]
	at org.apache.hadoop.ozone.protocolPB.OzoneManagerProtocolServerSideTranslatorPB.processRequest(OzoneManagerProtocolServerSideTranslatorPB.java:175) ~[ozone-manager-1.3.0-SNAPSHOT.jar:?]
	at org.apache.hadoop.hdds.server.OzoneProtocolMessageDispatcher.processRequest(OzoneProtocolMessageDispatcher.java:87) [hdds-server-framework-1.3.0-SNAPSHOT.jar:?]
	at org.apache.hadoop.ozone.protocolPB.OzoneManagerProtocolServerSideTranslatorPB.submitRequest(OzoneManagerProtocolServerSideTranslatorPB.java:147) [ozone-manager-1.3.0-SNAPSHOT.jar:?]
	at org.apache.hadoop.ozone.protocol.proto.OzoneManagerProtocolProtos$OzoneManagerService$2.callBlockingMethod(OzoneManagerProtocolProtos.java) [ozone-interface-client-1.3.0-SNAPSHOT.jar:?]
	at org.apache.hadoop.ipc.ProtobufRpcEngine$Server.processCall(ProtobufRpcEngine.java:466) [hadoop-common-3.3.1.jar:?]
	at org.apache.hadoop.ipc.ProtobufRpcEngine2$Server$ProtoBufRpcInvoker.call(ProtobufRpcEngine2.java:574) [hadoop-common-3.3.1.jar:?]
	at org.apache.hadoop.ipc.ProtobufRpcEngine2$Server$ProtoBufRpcInvoker.call(ProtobufRpcEngine2.java:552) [hadoop-common-3.3.1.jar:?]
	at org.apache.hadoop.ipc.RPC$Server.call(RPC.java:1093) [hadoop-common-3.3.1.jar:?]
	at org.apache.hadoop.ipc.Server$RpcCall.run(Server.java:1035) [hadoop-common-3.3.1.jar:?]
	at org.apache.hadoop.ipc.Server$RpcCall.run(Server.java:963) [hadoop-common-3.3.1.jar:?]
	at java.security.AccessController.doPrivileged(Native Method) ~[?:1.8.0_332]
	at javax.security.auth.Subject.doAs(Subject.java:422) [?:1.8.0_332]
	at org.apache.hadoop.security.UserGroupInformation.doAs(UserGroupInformation.java:1878) [hadoop-common-3.3.1.jar:?]
	at org.apache.hadoop.ipc.Server$Handler.run(Server.java:2966) [hadoop-common-3.3.1.jar:?]
23:16:54.515 [IPC Server handler 14 on default port 44809] ERROR OMAudit - user=runner | ip=127.0.0.1 | op=GET_FILE_STATUS {volume=5116d0ed-d071-409d-8a7f-6a531960eda2, bucket=718ffb63-c792-444e-b8d7-58459fef9ce2, key=.Trash, dataSize=0, replicationConfig=null} | ret=FAILURE
org.apache.hadoop.ozone.om.exceptions.OMException: Unable to get file status: volume: 5116d0ed-d071-409d-8a7f-6a531960eda2 bucket: 718ffb63-c792-444e-b8d7-58459fef9ce2 key: .Trash
	at org.apache.hadoop.ozone.om.KeyManagerImpl.getOzoneFileStatus(KeyManagerImpl.java:1311) ~[ozone-manager-1.3.0-SNAPSHOT.jar:?]
	at org.apache.hadoop.ozone.om.KeyManagerImpl.getFileStatus(KeyManagerImpl.java:1241) ~[ozone-manager-1.3.0-SNAPSHOT.jar:?]
	at org.apache.hadoop.ozone.om.OzoneManager.getFileStatus(OzoneManager.java:3467) ~[ozone-manager-1.3.0-SNAPSHOT.jar:?]
	at org.apache.hadoop.ozone.protocolPB.OzoneManagerRequestHandler.getOzoneFileStatus(OzoneManagerRequestHandler.java:878) ~[ozone-manager-1.3.0-SNAPSHOT.jar:?]
	at org.apache.hadoop.ozone.protocolPB.OzoneManagerRequestHandler.handleReadRequest(OzoneManagerRequestHandler.java:224) ~[ozone-manager-1.3.0-SNAPSHOT.jar:?]
	at org.apache.hadoop.ozone.protocolPB.OzoneManagerProtocolServerSideTranslatorPB.submitReadRequestToOM(OzoneManagerProtocolServerSideTranslatorPB.java:226) ~[ozone-manager-1.3.0-SNAPSHOT.jar:?]
	at org.apache.hadoop.ozone.protocolPB.OzoneManagerProtocolServerSideTranslatorPB.processRequest(OzoneManagerProtocolServerSideTranslatorPB.java:175) ~[ozone-manager-1.3.0-SNAPSHOT.jar:?]
	at org.apache.hadoop.hdds.server.OzoneProtocolMessageDispatcher.processRequest(OzoneProtocolMessageDispatcher.java:87) [hdds-server-framework-1.3.0-SNAPSHOT.jar:?]
	at org.apache.hadoop.ozone.protocolPB.OzoneManagerProtocolServerSideTranslatorPB.submitRequest(OzoneManagerProtocolServerSideTranslatorPB.java:147) [ozone-manager-1.3.0-SNAPSHOT.jar:?]
	at org.apache.hadoop.ozone.protocol.proto.OzoneManagerProtocolProtos$OzoneManagerService$2.callBlockingMethod(OzoneManagerProtocolProtos.java) [ozone-interface-client-1.3.0-SNAPSHOT.jar:?]
	at org.apache.hadoop.ipc.ProtobufRpcEngine$Server.processCall(ProtobufRpcEngine.java:466) [hadoop-common-3.3.1.jar:?]
	at org.apache.hadoop.ipc.ProtobufRpcEngine2$Server$ProtoBufRpcInvoker.call(ProtobufRpcEngine2.java:574) [hadoop-common-3.3.1.jar:?]
	at org.apache.hadoop.ipc.ProtobufRpcEngine2$Server$ProtoBufRpcInvoker.call(ProtobufRpcEngine2.java:552) [hadoop-common-3.3.1.jar:?]
	at org.apache.hadoop.ipc.RPC$Server.call(RPC.java:1093) [hadoop-common-3.3.1.jar:?]
	at org.apache.hadoop.ipc.Server$RpcCall.run(Server.java:1035) [hadoop-common-3.3.1.jar:?]
	at org.apache.hadoop.ipc.Server$RpcCall.run(Server.java:963) [hadoop-common-3.3.1.jar:?]
	at java.security.AccessController.doPrivileged(Native Method) ~[?:1.8.0_332]
	at javax.security.auth.Subject.doAs(Subject.java:422) [?:1.8.0_332]
	at org.apache.hadoop.security.UserGroupInformation.doAs(UserGroupInformation.java:1878) [hadoop-common-3.3.1.jar:?]
	at org.apache.hadoop.ipc.Server$Handler.run(Server.java:2966) [hadoop-common-3.3.1.jar:?]
23:16:54.518 [IPC Server handler 4 on default port 44809] ERROR OMAudit - user=runner | ip=127.0.0.1 | op=GET_FILE_STATUS {volume=volume-16582, bucket=bucket-89793, key=.Trash, dataSize=0, replicationConfig=null} | ret=FAILURE
org.apache.hadoop.ozone.om.exceptions.OMException: Unable to get file status: volume: volume-16582 bucket: bucket-89793 key: .Trash
	at org.apache.hadoop.ozone.om.KeyManagerImpl.getOzoneFileStatusFSO(KeyManagerImpl.java:1376) ~[ozone-manager-1.3.0-SNAPSHOT.jar:?]
	at org.apache.hadoop.ozone.om.KeyManagerImpl.getFileStatus(KeyManagerImpl.java:1239) ~[ozone-manager-1.3.0-SNAPSHOT.jar:?]
	at org.apache.hadoop.ozone.om.OzoneManager.getFileStatus(OzoneManager.java:3467) ~[ozone-manager-1.3.0-SNAPSHOT.jar:?]
	at org.apache.hadoop.ozone.protocolPB.OzoneManagerRequestHandler.getOzoneFileStatus(OzoneManagerRequestHandler.java:878) ~[ozone-manager-1.3.0-SNAPSHOT.jar:?]
	at org.apache.hadoop.ozone.protocolPB.OzoneManagerRequestHandler.handleReadRequest(OzoneManagerRequestHandler.java:224) ~[ozone-manager-1.3.0-SNAPSHOT.jar:?]
	at org.apache.hadoop.ozone.protocolPB.OzoneManagerProtocolServerSideTranslatorPB.submitReadRequestToOM(OzoneManagerProtocolServerSideTranslatorPB.java:226) ~[ozone-manager-1.3.0-SNAPSHOT.jar:?]
	at org.apache.hadoop.ozone.protocolPB.OzoneManagerProtocolServerSideTranslatorPB.processRequest(OzoneManagerProtocolServerSideTranslatorPB.java:175) ~[ozone-manager-1.3.0-SNAPSHOT.jar:?]
	at org.apache.hadoop.hdds.server.OzoneProtocolMessageDispatcher.processRequest(OzoneProtocolMessageDispatcher.java:87) [hdds-server-framework-1.3.0-SNAPSHOT.jar:?]
	at org.apache.hadoop.ozone.protocolPB.OzoneManagerProtocolServerSideTranslatorPB.submitRequest(OzoneManagerProtocolServerSideTranslatorPB.java:147) [ozone-manager-1.3.0-SNAPSHOT.jar:?]
	at org.apache.hadoop.ozone.protocol.proto.OzoneManagerProtocolProtos$OzoneManagerService$2.callBlockingMethod(OzoneManagerProtocolProtos.java) [ozone-interface-client-1.3.0-SNAPSHOT.jar:?]
	at org.apache.hadoop.ipc.ProtobufRpcEngine$Server.processCall(ProtobufRpcEngine.java:466) [hadoop-common-3.3.1.jar:?]
	at org.apache.hadoop.ipc.ProtobufRpcEngine2$Server$ProtoBufRpcInvoker.call(ProtobufRpcEngine2.java:574) [hadoop-common-3.3.1.jar:?]
	at org.apache.hadoop.ipc.ProtobufRpcEngine2$Server$ProtoBufRpcInvoker.call(ProtobufRpcEngine2.java:552) [hadoop-common-3.3.1.jar:?]
	at org.apache.hadoop.ipc.RPC$Server.call(RPC.java:1093) [hadoop-common-3.3.1.jar:?]
	at org.apache.hadoop.ipc.Server$RpcCall.run(Server.java:1035) [hadoop-common-3.3.1.jar:?]
	at org.apache.hadoop.ipc.Server$RpcCall.run(Server.java:963) [hadoop-common-3.3.1.jar:?]
	at java.security.AccessController.doPrivileged(Native Method) ~[?:1.8.0_332]
	at javax.security.auth.Subject.doAs(Subject.java:422) [?:1.8.0_332]
	at org.apache.hadoop.security.UserGroupInformation.doAs(UserGroupInformation.java:1878) [hadoop-common-3.3.1.jar:?]
	at org.apache.hadoop.ipc.Server$Handler.run(Server.java:2966) [hadoop-common-3.3.1.jar:?]
23:16:54.521 [IPC Server handler 6 on default port 44809] ERROR OMAudit - user=runner | ip=127.0.0.1 | op=GET_FILE_STATUS {volume=volume-24287, bucket=bucket-50715, key=.Trash, dataSize=0, replicationConfig=null} | ret=FAILURE
org.apache.hadoop.ozone.om.exceptions.OMException: Unable to get file status: volume: volume-24287 bucket: bucket-50715 key: .Trash
	at org.apache.hadoop.ozone.om.KeyManagerImpl.getOzoneFileStatusFSO(KeyManagerImpl.java:1376) ~[ozone-manager-1.3.0-SNAPSHOT.jar:?]
	at org.apache.hadoop.ozone.om.KeyManagerImpl.getFileStatus(KeyManagerImpl.java:1239) ~[ozone-manager-1.3.0-SNAPSHOT.jar:?]
	at org.apache.hadoop.ozone.om.OzoneManager.getFileStatus(OzoneManager.java:3467) ~[ozone-manager-1.3.0-SNAPSHOT.jar:?]
	at org.apache.hadoop.ozone.protocolPB.OzoneManagerRequestHandler.getOzoneFileStatus(OzoneManagerRequestHandler.java:878) ~[ozone-manager-1.3.0-SNAPSHOT.jar:?]
	at org.apache.hadoop.ozone.protocolPB.OzoneManagerRequestHandler.handleReadRequest(OzoneManagerRequestHandler.java:224) ~[ozone-manager-1.3.0-SNAPSHOT.jar:?]
	at org.apache.hadoop.ozone.protocolPB.OzoneManagerProtocolServerSideTranslatorPB.submitReadRequestToOM(OzoneManagerProtocolServerSideTranslatorPB.java:226) ~[ozone-manager-1.3.0-SNAPSHOT.jar:?]
	at org.apache.hadoop.ozone.protocolPB.OzoneManagerProtocolServerSideTranslatorPB.processRequest(OzoneManagerProtocolServerSideTranslatorPB.java:175) ~[ozone-manager-1.3.0-SNAPSHOT.jar:?]
	at org.apache.hadoop.hdds.server.OzoneProtocolMessageDispatcher.processRequest(OzoneProtocolMessageDispatcher.java:87) [hdds-server-framework-1.3.0-SNAPSHOT.jar:?]
	at org.apache.hadoop.ozone.protocolPB.OzoneManagerProtocolServerSideTranslatorPB.submitRequest(OzoneManagerProtocolServerSideTranslatorPB.java:147) [ozone-manager-1.3.0-SNAPSHOT.jar:?]
	at org.apache.hadoop.ozone.protocol.proto.OzoneManagerProtocolProtos$OzoneManagerService$2.callBlockingMethod(OzoneManagerProtocolProtos.java) [ozone-interface-client-1.3.0-SNAPSHOT.jar:?]
	at org.apache.hadoop.ipc.ProtobufRpcEngine$Server.processCall(ProtobufRpcEngine.java:466) [hadoop-common-3.3.1.jar:?]
	at org.apache.hadoop.ipc.ProtobufRpcEngine2$Server$ProtoBufRpcInvoker.call(ProtobufRpcEngine2.java:574) [hadoop-common-3.3.1.jar:?]
	at org.apache.hadoop.ipc.ProtobufRpcEngine2$Server$ProtoBufRpcInvoker.call(ProtobufRpcEngine2.java:552) [hadoop-common-3.3.1.jar:?]
	at org.apache.hadoop.ipc.RPC$Server.call(RPC.java:1093) [hadoop-common-3.3.1.jar:?]
	at org.apache.hadoop.ipc.Server$RpcCall.run(Server.java:1035) [hadoop-common-3.3.1.jar:?]
	at org.apache.hadoop.ipc.Server$RpcCall.run(Server.java:963) [hadoop-common-3.3.1.jar:?]
	at java.security.AccessController.doPrivileged(Native Method) ~[?:1.8.0_332]
	at javax.security.auth.Subject.doAs(Subject.java:422) [?:1.8.0_332]
	at org.apache.hadoop.security.UserGroupInformation.doAs(UserGroupInformation.java:1878) [hadoop-common-3.3.1.jar:?]
	at org.apache.hadoop.ipc.Server$Handler.run(Server.java:2966) [hadoop-common-3.3.1.jar:?]
23:16:54.551 [IPC Server handler 3 on default port 44809] ERROR OMAudit - user=runner | ip=127.0.0.1 | op=GET_FILE_STATUS {volume=volume-24287, bucket=bucket-50715, key=.Trash/runner, dataSize=0, replicationConfig=null} | ret=FAILURE
org.apache.hadoop.ozone.om.exceptions.OMException: Unable to get file status: volume: volume-24287 bucket: bucket-50715 key: .Trash/runner
	at org.apache.hadoop.ozone.om.KeyManagerImpl.getOzoneFileStatusFSO(KeyManagerImpl.java:1376) ~[ozone-manager-1.3.0-SNAPSHOT.jar:?]
	at org.apache.hadoop.ozone.om.KeyManagerImpl.getFileStatus(KeyManagerImpl.java:1239) ~[ozone-manager-1.3.0-SNAPSHOT.jar:?]
	at org.apache.hadoop.ozone.om.OzoneManager.getFileStatus(OzoneManager.java:3467) ~[ozone-manager-1.3.0-SNAPSHOT.jar:?]
	at org.apache.hadoop.ozone.protocolPB.OzoneManagerRequestHandler.getOzoneFileStatus(OzoneManagerRequestHandler.java:878) ~[ozone-manager-1.3.0-SNAPSHOT.jar:?]
	at org.apache.hadoop.ozone.protocolPB.OzoneManagerRequestHandler.handleReadRequest(OzoneManagerRequestHandler.java:224) ~[ozone-manager-1.3.0-SNAPSHOT.jar:?]
	at org.apache.hadoop.ozone.protocolPB.OzoneManagerProtocolServerSideTranslatorPB.submitReadRequestToOM(OzoneManagerProtocolServerSideTranslatorPB.java:226) ~[ozone-manager-1.3.0-SNAPSHOT.jar:?]
	at org.apache.hadoop.ozone.protocolPB.OzoneManagerProtocolServerSideTranslatorPB.processRequest(OzoneManagerProtocolServerSideTranslatorPB.java:175) ~[ozone-manager-1.3.0-SNAPSHOT.jar:?]
	at org.apache.hadoop.hdds.server.OzoneProtocolMessageDispatcher.processRequest(OzoneProtocolMessageDispatcher.java:87) [hdds-server-framework-1.3.0-SNAPSHOT.jar:?]
	at org.apache.hadoop.ozone.protocolPB.OzoneManagerProtocolServerSideTranslatorPB.submitRequest(OzoneManagerProtocolServerSideTranslatorPB.java:147) [ozone-manager-1.3.0-SNAPSHOT.jar:?]
	at org.apache.hadoop.ozone.protocol.proto.OzoneManagerProtocolProtos$OzoneManagerService$2.callBlockingMethod(OzoneManagerProtocolProtos.java) [ozone-interface-client-1.3.0-SNAPSHOT.jar:?]
	at org.apache.hadoop.ipc.ProtobufRpcEngine$Server.processCall(ProtobufRpcEngine.java:466) [hadoop-common-3.3.1.jar:?]
	at org.apache.hadoop.ipc.ProtobufRpcEngine2$Server$ProtoBufRpcInvoker.call(ProtobufRpcEngine2.java:574) [hadoop-common-3.3.1.jar:?]
	at org.apache.hadoop.ipc.ProtobufRpcEngine2$Server$ProtoBufRpcInvoker.call(ProtobufRpcEngine2.java:552) [hadoop-common-3.3.1.jar:?]
	at org.apache.hadoop.ipc.RPC$Server.call(RPC.java:1093) [hadoop-common-3.3.1.jar:?]
	at org.apache.hadoop.ipc.Server$RpcCall.run(Server.java:1035) [hadoop-common-3.3.1.jar:?]
	at org.apache.hadoop.ipc.Server$RpcCall.run(Server.java:963) [hadoop-common-3.3.1.jar:?]
	at java.security.AccessController.doPrivileged(Native Method) ~[?:1.8.0_332]
	at javax.security.auth.Subject.doAs(Subject.java:422) [?:1.8.0_332]
	at org.apache.hadoop.security.UserGroupInformation.doAs(UserGroupInformation.java:1878) [hadoop-common-3.3.1.jar:?]
	at org.apache.hadoop.ipc.Server$Handler.run(Server.java:2966) [hadoop-common-3.3.1.jar:?]
23:16:54.553 [IPC Server handler 8 on default port 44809] ERROR OMAudit - user=runner | ip=127.0.0.1 | op=GET_FILE_STATUS {volume=volume-16582, bucket=bucket-89793, key=.Trash/runner, dataSize=0, replicationConfig=null} | ret=FAILURE
org.apache.hadoop.ozone.om.exceptions.OMException: Unable to get file status: volume: volume-16582 bucket: bucket-89793 key: .Trash/runner
	at org.apache.hadoop.ozone.om.KeyManagerImpl.getOzoneFileStatusFSO(KeyManagerImpl.java:1376) ~[ozone-manager-1.3.0-SNAPSHOT.jar:?]
	at org.apache.hadoop.ozone.om.KeyManagerImpl.getFileStatus(KeyManagerImpl.java:1239) ~[ozone-manager-1.3.0-SNAPSHOT.jar:?]
	at org.apache.hadoop.ozone.om.OzoneManager.getFileStatus(OzoneManager.java:3467) ~[ozone-manager-1.3.0-SNAPSHOT.jar:?]
	at org.apache.hadoop.ozone.protocolPB.OzoneManagerRequestHandler.getOzoneFileStatus(OzoneManagerRequestHandler.java:878) ~[ozone-manager-1.3.0-SNAPSHOT.jar:?]
	at org.apache.hadoop.ozone.protocolPB.OzoneManagerRequestHandler.handleReadRequest(OzoneManagerRequestHandler.java:224) ~[ozone-manager-1.3.0-SNAPSHOT.jar:?]
	at org.apache.hadoop.ozone.protocolPB.OzoneManagerProtocolServerSideTranslatorPB.submitReadRequestToOM(OzoneManagerProtocolServerSideTranslatorPB.java:226) ~[ozone-manager-1.3.0-SNAPSHOT.jar:?]
	at org.apache.hadoop.ozone.protocolPB.OzoneManagerProtocolServerSideTranslatorPB.processRequest(OzoneManagerProtocolServerSideTranslatorPB.java:175) ~[ozone-manager-1.3.0-SNAPSHOT.jar:?]
	at org.apache.hadoop.hdds.server.OzoneProtocolMessageDispatcher.processRequest(OzoneProtocolMessageDispatcher.java:87) [hdds-server-framework-1.3.0-SNAPSHOT.jar:?]
	at org.apache.hadoop.ozone.protocolPB.OzoneManagerProtocolServerSideTranslatorPB.submitRequest(OzoneManagerProtocolServerSideTranslatorPB.java:147) [ozone-manager-1.3.0-SNAPSHOT.jar:?]
	at org.apache.hadoop.ozone.protocol.proto.OzoneManagerProtocolProtos$OzoneManagerService$2.callBlockingMethod(OzoneManagerProtocolProtos.java) [ozone-interface-client-1.3.0-SNAPSHOT.jar:?]
	at org.apache.hadoop.ipc.ProtobufRpcEngine$Server.processCall(ProtobufRpcEngine.java:466) [hadoop-common-3.3.1.jar:?]
	at org.apache.hadoop.ipc.ProtobufRpcEngine2$Server$ProtoBufRpcInvoker.call(ProtobufRpcEngine2.java:574) [hadoop-common-3.3.1.jar:?]
	at org.apache.hadoop.ipc.ProtobufRpcEngine2$Server$ProtoBufRpcInvoker.call(ProtobufRpcEngine2.java:552) [hadoop-common-3.3.1.jar:?]
	at org.apache.hadoop.ipc.RPC$Server.call(RPC.java:1093) [hadoop-common-3.3.1.jar:?]
	at org.apache.hadoop.ipc.Server$RpcCall.run(Server.java:1035) [hadoop-common-3.3.1.jar:?]
	at org.apache.hadoop.ipc.Server$RpcCall.run(Server.java:963) [hadoop-common-3.3.1.jar:?]
	at java.security.AccessController.doPrivileged(Native Method) ~[?:1.8.0_332]
	at javax.security.auth.Subject.doAs(Subject.java:422) [?:1.8.0_332]
	at org.apache.hadoop.security.UserGroupInformation.doAs(UserGroupInformation.java:1878) [hadoop-common-3.3.1.jar:?]
	at org.apache.hadoop.ipc.Server$Handler.run(Server.java:2966) [hadoop-common-3.3.1.jar:?]
23:16:54.556 [IPC Server handler 15 on default port 44809] ERROR OMAudit - user=runner | ip=127.0.0.1 | op=GET_FILE_STATUS {volume=5116d0ed-d071-409d-8a7f-6a531960eda2, bucket=718ffb63-c792-444e-b8d7-58459fef9ce2, key=.Trash, dataSize=0, replicationConfig=null} | ret=FAILURE
org.apache.hadoop.ozone.om.exceptions.OMException: Unable to get file status: volume: 5116d0ed-d071-409d-8a7f-6a531960eda2 bucket: 718ffb63-c792-444e-b8d7-58459fef9ce2 key: .Trash
	at org.apache.hadoop.ozone.om.KeyManagerImpl.getOzoneFileStatus(KeyManagerImpl.java:1311) ~[ozone-manager-1.3.0-SNAPSHOT.jar:?]
	at org.apache.hadoop.ozone.om.KeyManagerImpl.getFileStatus(KeyManagerImpl.java:1241) ~[ozone-manager-1.3.0-SNAPSHOT.jar:?]
	at org.apache.hadoop.ozone.om.OzoneManager.getFileStatus(OzoneManager.java:3467) ~[ozone-manager-1.3.0-SNAPSHOT.jar:?]
	at org.apache.hadoop.ozone.protocolPB.OzoneManagerRequestHandler.getOzoneFileStatus(OzoneManagerRequestHandler.java:878) ~[ozone-manager-1.3.0-SNAPSHOT.jar:?]
	at org.apache.hadoop.ozone.protocolPB.OzoneManagerRequestHandler.handleReadRequest(OzoneManagerRequestHandler.java:224) ~[ozone-manager-1.3.0-SNAPSHOT.jar:?]
	at org.apache.hadoop.ozone.protocolPB.OzoneManagerProtocolServerSideTranslatorPB.submitReadRequestToOM(OzoneManagerProtocolServerSideTranslatorPB.java:226) ~[ozone-manager-1.3.0-SNAPSHOT.jar:?]
	at org.apache.hadoop.ozone.protocolPB.OzoneManagerProtocolServerSideTranslatorPB.processRequest(OzoneManagerProtocolServerSideTranslatorPB.java:175) ~[ozone-manager-1.3.0-SNAPSHOT.jar:?]
	at org.apache.hadoop.hdds.server.OzoneProtocolMessageDispatcher.processRequest(OzoneProtocolMessageDispatcher.java:87) [hdds-server-framework-1.3.0-SNAPSHOT.jar:?]
	at org.apache.hadoop.ozone.protocolPB.OzoneManagerProtocolServerSideTranslatorPB.submitRequest(OzoneManagerProtocolServerSideTranslatorPB.java:147) [ozone-manager-1.3.0-SNAPSHOT.jar:?]
	at org.apache.hadoop.ozone.protocol.proto.OzoneManagerProtocolProtos$OzoneManagerService$2.callBlockingMethod(OzoneManagerProtocolProtos.java) [ozone-interface-client-1.3.0-SNAPSHOT.jar:?]
	at org.apache.hadoop.ipc.ProtobufRpcEngine$Server.processCall(ProtobufRpcEngine.java:466) [hadoop-common-3.3.1.jar:?]
	at org.apache.hadoop.ipc.ProtobufRpcEngine2$Server$ProtoBufRpcInvoker.call(ProtobufRpcEngine2.java:574) [hadoop-common-3.3.1.jar:?]
	at org.apache.hadoop.ipc.ProtobufRpcEngine2$Server$ProtoBufRpcInvoker.call(ProtobufRpcEngine2.java:552) [hadoop-common-3.3.1.jar:?]
	at org.apache.hadoop.ipc.RPC$Server.call(RPC.java:1093) [hadoop-common-3.3.1.jar:?]
	at org.apache.hadoop.ipc.Server$RpcCall.run(Server.java:1035) [hadoop-common-3.3.1.jar:?]
	at org.apache.hadoop.ipc.Server$RpcCall.run(Server.java:963) [hadoop-common-3.3.1.jar:?]
	at java.security.AccessController.doPrivileged(Native Method) ~[?:1.8.0_332]
	at javax.security.auth.Subject.doAs(Subject.java:422) [?:1.8.0_332]
	at org.apache.hadoop.security.UserGroupInformation.doAs(UserGroupInformation.java:1878) [hadoop-common-3.3.1.jar:?]
	at org.apache.hadoop.ipc.Server$Handler.run(Server.java:2966) [hadoop-common-3.3.1.jar:?]
23:16:54.559 [IPC Server handler 19 on default port 44809] ERROR OMAudit - user=runner | ip=127.0.0.1 | op=GET_FILE_STATUS {volume=volume-16582, bucket=bucket-89793, key=.Trash, dataSize=0, replicationConfig=null} | ret=FAILURE
org.apache.hadoop.ozone.om.exceptions.OMException: Unable to get file status: volume: volume-16582 bucket: bucket-89793 key: .Trash
	at org.apache.hadoop.ozone.om.KeyManagerImpl.getOzoneFileStatusFSO(KeyManagerImpl.java:1376) ~[ozone-manager-1.3.0-SNAPSHOT.jar:?]
	at org.apache.hadoop.ozone.om.KeyManagerImpl.getFileStatus(KeyManagerImpl.java:1239) ~[ozone-manager-1.3.0-SNAPSHOT.jar:?]
	at org.apache.hadoop.ozone.om.OzoneManager.getFileStatus(OzoneManager.java:3467) ~[ozone-manager-1.3.0-SNAPSHOT.jar:?]
	at org.apache.hadoop.ozone.protocolPB.OzoneManagerRequestHandler.getOzoneFileStatus(OzoneManagerRequestHandler.java:878) ~[ozone-manager-1.3.0-SNAPSHOT.jar:?]
	at org.apache.hadoop.ozone.protocolPB.OzoneManagerRequestHandler.handleReadRequest(OzoneManagerRequestHandler.java:224) ~[ozone-manager-1.3.0-SNAPSHOT.jar:?]
	at org.apache.hadoop.ozone.protocolPB.OzoneManagerProtocolServerSideTranslatorPB.submitReadRequestToOM(OzoneManagerProtocolServerSideTranslatorPB.java:226) ~[ozone-manager-1.3.0-SNAPSHOT.jar:?]
	at org.apache.hadoop.ozone.protocolPB.OzoneManagerProtocolServerSideTranslatorPB.processRequest(OzoneManagerProtocolServerSideTranslatorPB.java:175) ~[ozone-manager-1.3.0-SNAPSHOT.jar:?]
	at org.apache.hadoop.hdds.server.OzoneProtocolMessageDispatcher.processRequest(OzoneProtocolMessageDispatcher.java:87) [hdds-server-framework-1.3.0-SNAPSHOT.jar:?]
	at org.apache.hadoop.ozone.protocolPB.OzoneManagerProtocolServerSideTranslatorPB.submitRequest(OzoneManagerProtocolServerSideTranslatorPB.java:147) [ozone-manager-1.3.0-SNAPSHOT.jar:?]
	at org.apache.hadoop.ozone.protocol.proto.OzoneManagerProtocolProtos$OzoneManagerService$2.callBlockingMethod(OzoneManagerProtocolProtos.java) [ozone-interface-client-1.3.0-SNAPSHOT.jar:?]
	at org.apache.hadoop.ipc.ProtobufRpcEngine$Server.processCall(ProtobufRpcEngine.java:466) [hadoop-common-3.3.1.jar:?]
	at org.apache.hadoop.ipc.ProtobufRpcEngine2$Server$ProtoBufRpcInvoker.call(ProtobufRpcEngine2.java:574) [hadoop-common-3.3.1.jar:?]
	at org.apache.hadoop.ipc.ProtobufRpcEngine2$Server$ProtoBufRpcInvoker.call(ProtobufRpcEngine2.java:552) [hadoop-common-3.3.1.jar:?]
	at org.apache.hadoop.ipc.RPC$Server.call(RPC.java:1093) [hadoop-common-3.3.1.jar:?]
	at org.apache.hadoop.ipc.Server$RpcCall.run(Server.java:1035) [hadoop-common-3.3.1.jar:?]
	at org.apache.hadoop.ipc.Server$RpcCall.run(Server.java:963) [hadoop-common-3.3.1.jar:?]
	at java.security.AccessController.doPrivileged(Native Method) ~[?:1.8.0_332]
	at javax.security.auth.Subject.doAs(Subject.java:422) [?:1.8.0_332]
	at org.apache.hadoop.security.UserGroupInformation.doAs(UserGroupInformation.java:1878) [hadoop-common-3.3.1.jar:?]
	at org.apache.hadoop.ipc.Server$Handler.run(Server.java:2966) [hadoop-common-3.3.1.jar:?]
23:16:54.561 [IPC Server handler 4 on default port 44809] ERROR OMAudit - user=runner | ip=127.0.0.1 | op=GET_FILE_STATUS {volume=volume-24287, bucket=bucket-50715, key=.Trash, dataSize=0, replicationConfig=null} | ret=FAILURE
org.apache.hadoop.ozone.om.exceptions.OMException: Unable to get file status: volume: volume-24287 bucket: bucket-50715 key: .Trash
	at org.apache.hadoop.ozone.om.KeyManagerImpl.getOzoneFileStatusFSO(KeyManagerImpl.java:1376) ~[ozone-manager-1.3.0-SNAPSHOT.jar:?]
	at org.apache.hadoop.ozone.om.KeyManagerImpl.getFileStatus(KeyManagerImpl.java:1239) ~[ozone-manager-1.3.0-SNAPSHOT.jar:?]
	at org.apache.hadoop.ozone.om.OzoneManager.getFileStatus(OzoneManager.java:3467) ~[ozone-manager-1.3.0-SNAPSHOT.jar:?]
	at org.apache.hadoop.ozone.protocolPB.OzoneManagerRequestHandler.getOzoneFileStatus(OzoneManagerRequestHandler.java:878) ~[ozone-manager-1.3.0-SNAPSHOT.jar:?]
	at org.apache.hadoop.ozone.protocolPB.OzoneManagerRequestHandler.handleReadRequest(OzoneManagerRequestHandler.java:224) ~[ozone-manager-1.3.0-SNAPSHOT.jar:?]
	at org.apache.hadoop.ozone.protocolPB.OzoneManagerProtocolServerSideTranslatorPB.submitReadRequestToOM(OzoneManagerProtocolServerSideTranslatorPB.java:226) ~[ozone-manager-1.3.0-SNAPSHOT.jar:?]
	at org.apache.hadoop.ozone.protocolPB.OzoneManagerProtocolServerSideTranslatorPB.processRequest(OzoneManagerProtocolServerSideTranslatorPB.java:175) ~[ozone-manager-1.3.0-SNAPSHOT.jar:?]
	at org.apache.hadoop.hdds.server.OzoneProtocolMessageDispatcher.processRequest(OzoneProtocolMessageDispatcher.java:87) [hdds-server-framework-1.3.0-SNAPSHOT.jar:?]
	at org.apache.hadoop.ozone.protocolPB.OzoneManagerProtocolServerSideTranslatorPB.submitRequest(OzoneManagerProtocolServerSideTranslatorPB.java:147) [ozone-manager-1.3.0-SNAPSHOT.jar:?]
	at org.apache.hadoop.ozone.protocol.proto.OzoneManagerProtocolProtos$OzoneManagerService$2.callBlockingMethod(OzoneManagerProtocolProtos.java) [ozone-interface-client-1.3.0-SNAPSHOT.jar:?]
	at org.apache.hadoop.ipc.ProtobufRpcEngine$Server.processCall(ProtobufRpcEngine.java:466) [hadoop-common-3.3.1.jar:?]
	at org.apache.hadoop.ipc.ProtobufRpcEngine2$Server$ProtoBufRpcInvoker.call(ProtobufRpcEngine2.java:574) [hadoop-common-3.3.1.jar:?]
	at org.apache.hadoop.ipc.ProtobufRpcEngine2$Server$ProtoBufRpcInvoker.call(ProtobufRpcEngine2.java:552) [hadoop-common-3.3.1.jar:?]
	at org.apache.hadoop.ipc.RPC$Server.call(RPC.java:1093) [hadoop-common-3.3.1.jar:?]
	at org.apache.hadoop.ipc.Server$RpcCall.run(Server.java:1035) [hadoop-common-3.3.1.jar:?]
	at org.apache.hadoop.ipc.Server$RpcCall.run(Server.java:963) [hadoop-common-3.3.1.jar:?]
	at java.security.AccessController.doPrivileged(Native Method) ~[?:1.8.0_332]
	at javax.security.auth.Subject.doAs(Subject.java:422) [?:1.8.0_332]
	at org.apache.hadoop.security.UserGroupInformation.doAs(UserGroupInformation.java:1878) [hadoop-common-3.3.1.jar:?]
	at org.apache.hadoop.ipc.Server$Handler.run(Server.java:2966) [hadoop-common-3.3.1.jar:?]
23:16:54.586 [IPC Server handler 13 on default port 44809] ERROR OMAudit - user=runner | ip=127.0.0.1 | op=GET_FILE_STATUS {volume=volume90431, bucket=bucket77432, key=.Trash/runner, dataSize=0, replicationConfig=null} | ret=FAILURE
org.apache.hadoop.ozone.om.exceptions.OMException: Unable to get file status: volume: volume90431 bucket: bucket77432 key: .Trash/runner
	at org.apache.hadoop.ozone.om.KeyManagerImpl.getOzoneFileStatusFSO(KeyManagerImpl.java:1376) ~[ozone-manager-1.3.0-SNAPSHOT.jar:?]
	at org.apache.hadoop.ozone.om.KeyManagerImpl.getFileStatus(KeyManagerImpl.java:1239) ~[ozone-manager-1.3.0-SNAPSHOT.jar:?]
	at org.apache.hadoop.ozone.om.OzoneManager.getFileStatus(OzoneManager.java:3467) ~[ozone-manager-1.3.0-SNAPSHOT.jar:?]
	at org.apache.hadoop.ozone.protocolPB.OzoneManagerRequestHandler.getOzoneFileStatus(OzoneManagerRequestHandler.java:878) ~[ozone-manager-1.3.0-SNAPSHOT.jar:?]
	at org.apache.hadoop.ozone.protocolPB.OzoneManagerRequestHandler.handleReadRequest(OzoneManagerRequestHandler.java:224) ~[ozone-manager-1.3.0-SNAPSHOT.jar:?]
	at org.apache.hadoop.ozone.protocolPB.OzoneManagerProtocolServerSideTranslatorPB.submitReadRequestToOM(OzoneManagerProtocolServerSideTranslatorPB.java:226) ~[ozone-manager-1.3.0-SNAPSHOT.jar:?]
	at org.apache.hadoop.ozone.protocolPB.OzoneManagerProtocolServerSideTranslatorPB.processRequest(OzoneManagerProtocolServerSideTranslatorPB.java:175) ~[ozone-manager-1.3.0-SNAPSHOT.jar:?]
	at org.apache.hadoop.hdds.server.OzoneProtocolMessageDispatcher.processRequest(OzoneProtocolMessageDispatcher.java:87) [hdds-server-framework-1.3.0-SNAPSHOT.jar:?]
	at org.apache.hadoop.ozone.protocolPB.OzoneManagerProtocolServerSideTranslatorPB.submitRequest(OzoneManagerProtocolServerSideTranslatorPB.java:147) [ozone-manager-1.3.0-SNAPSHOT.jar:?]
	at org.apache.hadoop.ozone.protocol.proto.OzoneManagerProtocolProtos$OzoneManagerService$2.callBlockingMethod(OzoneManagerProtocolProtos.java) [ozone-interface-client-1.3.0-SNAPSHOT.jar:?]
	at org.apache.hadoop.ipc.ProtobufRpcEngine$Server.processCall(ProtobufRpcEngine.java:466) [hadoop-common-3.3.1.jar:?]
	at org.apache.hadoop.ipc.ProtobufRpcEngine2$Server$ProtoBufRpcInvoker.call(ProtobufRpcEngine2.java:574) [hadoop-common-3.3.1.jar:?]
	at org.apache.hadoop.ipc.ProtobufRpcEngine2$Server$ProtoBufRpcInvoker.call(ProtobufRpcEngine2.java:552) [hadoop-common-3.3.1.jar:?]
	at org.apache.hadoop.ipc.RPC$Server.call(RPC.java:1093) [hadoop-common-3.3.1.jar:?]
	at org.apache.hadoop.ipc.Server$RpcCall.run(Server.java:1035) [hadoop-common-3.3.1.jar:?]
	at org.apache.hadoop.ipc.Server$RpcCall.run(Server.java:963) [hadoop-common-3.3.1.jar:?]
	at java.security.AccessController.doPrivileged(Native Method) ~[?:1.8.0_332]
	at javax.security.auth.Subject.doAs(Subject.java:422) [?:1.8.0_332]
	at org.apache.hadoop.security.UserGroupInformation.doAs(UserGroupInformation.java:1878) [hadoop-common-3.3.1.jar:?]
	at org.apache.hadoop.ipc.Server$Handler.run(Server.java:2966) [hadoop-common-3.3.1.jar:?]
23:16:54.588 [IPC Server handler 0 on default port 44809] ERROR OMAudit - user=runner | ip=127.0.0.1 | op=GET_FILE_STATUS {volume=volume-24287, bucket=bucket-50715, key=.Trash/runner, dataSize=0, replicationConfig=null} | ret=FAILURE
org.apache.hadoop.ozone.om.exceptions.OMException: Unable to get file status: volume: volume-24287 bucket: bucket-50715 key: .Trash/runner
	at org.apache.hadoop.ozone.om.KeyManagerImpl.getOzoneFileStatusFSO(KeyManagerImpl.java:1376) ~[ozone-manager-1.3.0-SNAPSHOT.jar:?]
	at org.apache.hadoop.ozone.om.KeyManagerImpl.getFileStatus(KeyManagerImpl.java:1239) ~[ozone-manager-1.3.0-SNAPSHOT.jar:?]
	at org.apache.hadoop.ozone.om.OzoneManager.getFileStatus(OzoneManager.java:3467) ~[ozone-manager-1.3.0-SNAPSHOT.jar:?]
	at org.apache.hadoop.ozone.protocolPB.OzoneManagerRequestHandler.getOzoneFileStatus(OzoneManagerRequestHandler.java:878) ~[ozone-manager-1.3.0-SNAPSHOT.jar:?]
	at org.apache.hadoop.ozone.protocolPB.OzoneManagerRequestHandler.handleReadRequest(OzoneManagerRequestHandler.java:224) ~[ozone-manager-1.3.0-SNAPSHOT.jar:?]
	at org.apache.hadoop.ozone.protocolPB.OzoneManagerProtocolServerSideTranslatorPB.submitReadRequestToOM(OzoneManagerProtocolServerSideTranslatorPB.java:226) ~[ozone-manager-1.3.0-SNAPSHOT.jar:?]
	at org.apache.hadoop.ozone.protocolPB.OzoneManagerProtocolServerSideTranslatorPB.processRequest(OzoneManagerProtocolServerSideTranslatorPB.java:175) ~[ozone-manager-1.3.0-SNAPSHOT.jar:?]
	at org.apache.hadoop.hdds.server.OzoneProtocolMessageDispatcher.processRequest(OzoneProtocolMessageDispatcher.java:87) [hdds-server-framework-1.3.0-SNAPSHOT.jar:?]
	at org.apache.hadoop.ozone.protocolPB.OzoneManagerProtocolServerSideTranslatorPB.submitRequest(OzoneManagerProtocolServerSideTranslatorPB.java:147) [ozone-manager-1.3.0-SNAPSHOT.jar:?]
	at org.apache.hadoop.ozone.protocol.proto.OzoneManagerProtocolProtos$OzoneManagerService$2.callBlockingMethod(OzoneManagerProtocolProtos.java) [ozone-interface-client-1.3.0-SNAPSHOT.jar:?]
	at org.apache.hadoop.ipc.ProtobufRpcEngine$Server.processCall(ProtobufRpcEngine.java:466) [hadoop-common-3.3.1.jar:?]
	at org.apache.hadoop.ipc.ProtobufRpcEngine2$Server$ProtoBufRpcInvoker.call(ProtobufRpcEngine2.java:574) [hadoop-common-3.3.1.jar:?]
	at org.apache.hadoop.ipc.ProtobufRpcEngine2$Server$ProtoBufRpcInvoker.call(ProtobufRpcEngine2.java:552) [hadoop-common-3.3.1.jar:?]
	at org.apache.hadoop.ipc.RPC$Server.call(RPC.java:1093) [hadoop-common-3.3.1.jar:?]
	at org.apache.hadoop.ipc.Server$RpcCall.run(Server.java:1035) [hadoop-common-3.3.1.jar:?]
	at org.apache.hadoop.ipc.Server$RpcCall.run(Server.java:963) [hadoop-common-3.3.1.jar:?]
	at java.security.AccessController.doPrivileged(Native Method) ~[?:1.8.0_332]
	at javax.security.auth.Subject.doAs(Subject.java:422) [?:1.8.0_332]
	at org.apache.hadoop.security.UserGroupInformation.doAs(UserGroupInformation.java:1878) [hadoop-common-3.3.1.jar:?]
	at org.apache.hadoop.ipc.Server$Handler.run(Server.java:2966) [hadoop-common-3.3.1.jar:?]
23:16:54.590 [IPC Server handler 5 on default port 44809] ERROR OMAudit - user=runner | ip=127.0.0.1 | op=GET_FILE_STATUS {volume=volume-16582, bucket=bucket-89793, key=.Trash/runner, dataSize=0, replicationConfig=null} | ret=FAILURE
org.apache.hadoop.ozone.om.exceptions.OMException: Unable to get file status: volume: volume-16582 bucket: bucket-89793 key: .Trash/runner
	at org.apache.hadoop.ozone.om.KeyManagerImpl.getOzoneFileStatusFSO(KeyManagerImpl.java:1376) ~[ozone-manager-1.3.0-SNAPSHOT.jar:?]
	at org.apache.hadoop.ozone.om.KeyManagerImpl.getFileStatus(KeyManagerImpl.java:1239) ~[ozone-manager-1.3.0-SNAPSHOT.jar:?]
	at org.apache.hadoop.ozone.om.OzoneManager.getFileStatus(OzoneManager.java:3467) ~[ozone-manager-1.3.0-SNAPSHOT.jar:?]
	at org.apache.hadoop.ozone.protocolPB.OzoneManagerRequestHandler.getOzoneFileStatus(OzoneManagerRequestHandler.java:878) ~[ozone-manager-1.3.0-SNAPSHOT.jar:?]
	at org.apache.hadoop.ozone.protocolPB.OzoneManagerRequestHandler.handleReadRequest(OzoneManagerRequestHandler.java:224) ~[ozone-manager-1.3.0-SNAPSHOT.jar:?]
	at org.apache.hadoop.ozone.protocolPB.OzoneManagerProtocolServerSideTranslatorPB.submitReadRequestToOM(OzoneManagerProtocolServerSideTranslatorPB.java:226) ~[ozone-manager-1.3.0-SNAPSHOT.jar:?]
	at org.apache.hadoop.ozone.protocolPB.OzoneManagerProtocolServerSideTranslatorPB.processRequest(OzoneManagerProtocolServerSideTranslatorPB.java:175) ~[ozone-manager-1.3.0-SNAPSHOT.jar:?]
	at org.apache.hadoop.hdds.server.OzoneProtocolMessageDispatcher.processRequest(OzoneProtocolMessageDispatcher.java:87) [hdds-server-framework-1.3.0-SNAPSHOT.jar:?]
	at org.apache.hadoop.ozone.protocolPB.OzoneManagerProtocolServerSideTranslatorPB.submitRequest(OzoneManagerProtocolServerSideTranslatorPB.java:147) [ozone-manager-1.3.0-SNAPSHOT.jar:?]
	at org.apache.hadoop.ozone.protocol.proto.OzoneManagerProtocolProtos$OzoneManagerService$2.callBlockingMethod(OzoneManagerProtocolProtos.java) [ozone-interface-client-1.3.0-SNAPSHOT.jar:?]
	at org.apache.hadoop.ipc.ProtobufRpcEngine$Server.processCall(ProtobufRpcEngine.java:466) [hadoop-common-3.3.1.jar:?]
	at org.apache.hadoop.ipc.ProtobufRpcEngine2$Server$ProtoBufRpcInvoker.call(ProtobufRpcEngine2.java:574) [hadoop-common-3.3.1.jar:?]
	at org.apache.hadoop.ipc.ProtobufRpcEngine2$Server$ProtoBufRpcInvoker.call(ProtobufRpcEngine2.java:552) [hadoop-common-3.3.1.jar:?]
	at org.apache.hadoop.ipc.RPC$Server.call(RPC.java:1093) [hadoop-common-3.3.1.jar:?]
	at org.apache.hadoop.ipc.Server$RpcCall.run(Server.java:1035) [hadoop-common-3.3.1.jar:?]
	at org.apache.hadoop.ipc.Server$RpcCall.run(Server.java:963) [hadoop-common-3.3.1.jar:?]
	at java.security.AccessController.doPrivileged(Native Method) ~[?:1.8.0_332]
	at javax.security.auth.Subject.doAs(Subject.java:422) [?:1.8.0_332]
	at org.apache.hadoop.security.UserGroupInformation.doAs(UserGroupInformation.java:1878) [hadoop-common-3.3.1.jar:?]
	at org.apache.hadoop.ipc.Server$Handler.run(Server.java:2966) [hadoop-common-3.3.1.jar:?]
23:16:54.594 [IPC Server handler 9 on default port 44809] ERROR OMAudit - user=runner | ip=127.0.0.1 | op=GET_FILE_STATUS {volume=5116d0ed-d071-409d-8a7f-6a531960eda2, bucket=718ffb63-c792-444e-b8d7-58459fef9ce2, key=.Trash, dataSize=0, replicationConfig=null} | ret=FAILURE
org.apache.hadoop.ozone.om.exceptions.OMException: Unable to get file status: volume: 5116d0ed-d071-409d-8a7f-6a531960eda2 bucket: 718ffb63-c792-444e-b8d7-58459fef9ce2 key: .Trash
	at org.apache.hadoop.ozone.om.KeyManagerImpl.getOzoneFileStatus(KeyManagerImpl.java:1311) ~[ozone-manager-1.3.0-SNAPSHOT.jar:?]
	at org.apache.hadoop.ozone.om.KeyManagerImpl.getFileStatus(KeyManagerImpl.java:1241) ~[ozone-manager-1.3.0-SNAPSHOT.jar:?]
	at org.apache.hadoop.ozone.om.OzoneManager.getFileStatus(OzoneManager.java:3467) ~[ozone-manager-1.3.0-SNAPSHOT.jar:?]
	at org.apache.hadoop.ozone.protocolPB.OzoneManagerRequestHandler.getOzoneFileStatus(OzoneManagerRequestHandler.java:878) ~[ozone-manager-1.3.0-SNAPSHOT.jar:?]
	at org.apache.hadoop.ozone.protocolPB.OzoneManagerRequestHandler.handleReadRequest(OzoneManagerRequestHandler.java:224) ~[ozone-manager-1.3.0-SNAPSHOT.jar:?]
	at org.apache.hadoop.ozone.protocolPB.OzoneManagerProtocolServerSideTranslatorPB.submitReadRequestToOM(OzoneManagerProtocolServerSideTranslatorPB.java:226) ~[ozone-manager-1.3.0-SNAPSHOT.jar:?]
	at org.apache.hadoop.ozone.protocolPB.OzoneManagerProtocolServerSideTranslatorPB.processRequest(OzoneManagerProtocolServerSideTranslatorPB.java:175) ~[ozone-manager-1.3.0-SNAPSHOT.jar:?]
	at org.apache.hadoop.hdds.server.OzoneProtocolMessageDispatcher.processRequest(OzoneProtocolMessageDispatcher.java:87) [hdds-server-framework-1.3.0-SNAPSHOT.jar:?]
	at org.apache.hadoop.ozone.protocolPB.OzoneManagerProtocolServerSideTranslatorPB.submitRequest(OzoneManagerProtocolServerSideTranslatorPB.java:147) [ozone-manager-1.3.0-SNAPSHOT.jar:?]
	at org.apache.hadoop.ozone.protocol.proto.OzoneManagerProtocolProtos$OzoneManagerService$2.callBlockingMethod(OzoneManagerProtocolProtos.java) [ozone-interface-client-1.3.0-SNAPSHOT.jar:?]
	at org.apache.hadoop.ipc.ProtobufRpcEngine$Server.processCall(ProtobufRpcEngine.java:466) [hadoop-common-3.3.1.jar:?]
	at org.apache.hadoop.ipc.ProtobufRpcEngine2$Server$ProtoBufRpcInvoker.call(ProtobufRpcEngine2.java:574) [hadoop-common-3.3.1.jar:?]
	at org.apache.hadoop.ipc.ProtobufRpcEngine2$Server$ProtoBufRpcInvoker.call(ProtobufRpcEngine2.java:552) [hadoop-common-3.3.1.jar:?]
	at org.apache.hadoop.ipc.RPC$Server.call(RPC.java:1093) [hadoop-common-3.3.1.jar:?]
	at org.apache.hadoop.ipc.Server$RpcCall.run(Server.java:1035) [hadoop-common-3.3.1.jar:?]
	at org.apache.hadoop.ipc.Server$RpcCall.run(Server.java:963) [hadoop-common-3.3.1.jar:?]
	at java.security.AccessController.doPrivileged(Native Method) ~[?:1.8.0_332]
	at javax.security.auth.Subject.doAs(Subject.java:422) [?:1.8.0_332]
	at org.apache.hadoop.security.UserGroupInformation.doAs(UserGroupInformation.java:1878) [hadoop-common-3.3.1.jar:?]
	at org.apache.hadoop.ipc.Server$Handler.run(Server.java:2966) [hadoop-common-3.3.1.jar:?]
23:16:54.597 [IPC Server handler 13 on default port 44809] ERROR OMAudit - user=runner | ip=127.0.0.1 | op=GET_FILE_STATUS {volume=volume-16582, bucket=bucket-89793, key=.Trash, dataSize=0, replicationConfig=null} | ret=FAILURE
org.apache.hadoop.ozone.om.exceptions.OMException: Unable to get file status: volume: volume-16582 bucket: bucket-89793 key: .Trash
	at org.apache.hadoop.ozone.om.KeyManagerImpl.getOzoneFileStatusFSO(KeyManagerImpl.java:1376) ~[ozone-manager-1.3.0-SNAPSHOT.jar:?]
	at org.apache.hadoop.ozone.om.KeyManagerImpl.getFileStatus(KeyManagerImpl.java:1239) ~[ozone-manager-1.3.0-SNAPSHOT.jar:?]
	at org.apache.hadoop.ozone.om.OzoneManager.getFileStatus(OzoneManager.java:3467) ~[ozone-manager-1.3.0-SNAPSHOT.jar:?]
	at org.apache.hadoop.ozone.protocolPB.OzoneManagerRequestHandler.getOzoneFileStatus(OzoneManagerRequestHandler.java:878) ~[ozone-manager-1.3.0-SNAPSHOT.jar:?]
	at org.apache.hadoop.ozone.protocolPB.OzoneManagerRequestHandler.handleReadRequest(OzoneManagerRequestHandler.java:224) ~[ozone-manager-1.3.0-SNAPSHOT.jar:?]
	at org.apache.hadoop.ozone.protocolPB.OzoneManagerProtocolServerSideTranslatorPB.submitReadRequestToOM(OzoneManagerProtocolServerSideTranslatorPB.java:226) ~[ozone-manager-1.3.0-SNAPSHOT.jar:?]
	at org.apache.hadoop.ozone.protocolPB.OzoneManagerProtocolServerSideTranslatorPB.processRequest(OzoneManagerProtocolServerSideTranslatorPB.java:175) ~[ozone-manager-1.3.0-SNAPSHOT.jar:?]
	at org.apache.hadoop.hdds.server.OzoneProtocolMessageDispatcher.processRequest(OzoneProtocolMessageDispatcher.java:87) [hdds-server-framework-1.3.0-SNAPSHOT.jar:?]
	at org.apache.hadoop.ozone.protocolPB.OzoneManagerProtocolServerSideTranslatorPB.submitRequest(OzoneManagerProtocolServerSideTranslatorPB.java:147) [ozone-manager-1.3.0-SNAPSHOT.jar:?]
	at org.apache.hadoop.ozone.protocol.proto.OzoneManagerProtocolProtos$OzoneManagerService$2.callBlockingMethod(OzoneManagerProtocolProtos.java) [ozone-interface-client-1.3.0-SNAPSHOT.jar:?]
	at org.apache.hadoop.ipc.ProtobufRpcEngine$Server.processCall(ProtobufRpcEngine.java:466) [hadoop-common-3.3.1.jar:?]
	at org.apache.hadoop.ipc.ProtobufRpcEngine2$Server$ProtoBufRpcInvoker.call(ProtobufRpcEngine2.java:574) [hadoop-common-3.3.1.jar:?]
	at org.apache.hadoop.ipc.ProtobufRpcEngine2$Server$ProtoBufRpcInvoker.call(ProtobufRpcEngine2.java:552) [hadoop-common-3.3.1.jar:?]
	at org.apache.hadoop.ipc.RPC$Server.call(RPC.java:1093) [hadoop-common-3.3.1.jar:?]
	at org.apache.hadoop.ipc.Server$RpcCall.run(Server.java:1035) [hadoop-common-3.3.1.jar:?]
	at org.apache.hadoop.ipc.Server$RpcCall.run(Server.java:963) [hadoop-common-3.3.1.jar:?]
	at java.security.AccessController.doPrivileged(Native Method) ~[?:1.8.0_332]
	at javax.security.auth.Subject.doAs(Subject.java:422) [?:1.8.0_332]
	at org.apache.hadoop.security.UserGroupInformation.doAs(UserGroupInformation.java:1878) [hadoop-common-3.3.1.jar:?]
	at org.apache.hadoop.ipc.Server$Handler.run(Server.java:2966) [hadoop-common-3.3.1.jar:?]
23:16:54.599 [IPC Server handler 2 on default port 44809] ERROR OMAudit - user=runner | ip=127.0.0.1 | op=GET_FILE_STATUS {volume=volume-24287, bucket=bucket-50715, key=.Trash, dataSize=0, replicationConfig=null} | ret=FAILURE
org.apache.hadoop.ozone.om.exceptions.OMException: Unable to get file status: volume: volume-24287 bucket: bucket-50715 key: .Trash
	at org.apache.hadoop.ozone.om.KeyManagerImpl.getOzoneFileStatusFSO(KeyManagerImpl.java:1376) ~[ozone-manager-1.3.0-SNAPSHOT.jar:?]
	at org.apache.hadoop.ozone.om.KeyManagerImpl.getFileStatus(KeyManagerImpl.java:1239) ~[ozone-manager-1.3.0-SNAPSHOT.jar:?]
	at org.apache.hadoop.ozone.om.OzoneManager.getFileStatus(OzoneManager.java:3467) ~[ozone-manager-1.3.0-SNAPSHOT.jar:?]
	at org.apache.hadoop.ozone.protocolPB.OzoneManagerRequestHandler.getOzoneFileStatus(OzoneManagerRequestHandler.java:878) ~[ozone-manager-1.3.0-SNAPSHOT.jar:?]
	at org.apache.hadoop.ozone.protocolPB.OzoneManagerRequestHandler.handleReadRequest(OzoneManagerRequestHandler.java:224) ~[ozone-manager-1.3.0-SNAPSHOT.jar:?]
	at org.apache.hadoop.ozone.protocolPB.OzoneManagerProtocolServerSideTranslatorPB.submitReadRequestToOM(OzoneManagerProtocolServerSideTranslatorPB.java:226) ~[ozone-manager-1.3.0-SNAPSHOT.jar:?]
	at org.apache.hadoop.ozone.protocolPB.OzoneManagerProtocolServerSideTranslatorPB.processRequest(OzoneManagerProtocolServerSideTranslatorPB.java:175) ~[ozone-manager-1.3.0-SNAPSHOT.jar:?]
	at org.apache.hadoop.hdds.server.OzoneProtocolMessageDispatcher.processRequest(OzoneProtocolMessageDispatcher.java:87) [hdds-server-framework-1.3.0-SNAPSHOT.jar:?]
	at org.apache.hadoop.ozone.protocolPB.OzoneManagerProtocolServerSideTranslatorPB.submitRequest(OzoneManagerProtocolServerSideTranslatorPB.java:147) [ozone-manager-1.3.0-SNAPSHOT.jar:?]
	at org.apache.hadoop.ozone.protocol.proto.OzoneManagerProtocolProtos$OzoneManagerService$2.callBlockingMethod(OzoneManagerProtocolProtos.java) [ozone-interface-client-1.3.0-SNAPSHOT.jar:?]
	at org.apache.hadoop.ipc.ProtobufRpcEngine$Server.processCall(ProtobufRpcEngine.java:466) [hadoop-common-3.3.1.jar:?]
	at org.apache.hadoop.ipc.ProtobufRpcEngine2$Server$ProtoBufRpcInvoker.call(ProtobufRpcEngine2.java:574) [hadoop-common-3.3.1.jar:?]
	at org.apache.hadoop.ipc.ProtobufRpcEngine2$Server$ProtoBufRpcInvoker.call(ProtobufRpcEngine2.java:552) [hadoop-common-3.3.1.jar:?]
	at org.apache.hadoop.ipc.RPC$Server.call(RPC.java:1093) [hadoop-common-3.3.1.jar:?]
	at org.apache.hadoop.ipc.Server$RpcCall.run(Server.java:1035) [hadoop-common-3.3.1.jar:?]
	at org.apache.hadoop.ipc.Server$RpcCall.run(Server.java:963) [hadoop-common-3.3.1.jar:?]
	at java.security.AccessController.doPrivileged(Native Method) ~[?:1.8.0_332]
	at javax.security.auth.Subject.doAs(Subject.java:422) [?:1.8.0_332]
	at org.apache.hadoop.security.UserGroupInformation.doAs(UserGroupInformation.java:1878) [hadoop-common-3.3.1.jar:?]
	at org.apache.hadoop.ipc.Server$Handler.run(Server.java:2966) [hadoop-common-3.3.1.jar:?]
23:16:54.607 [IPC Server handler 0 on default port 44809] ERROR OMAudit - user=runner | ip=127.0.0.1 | op=GET_FILE_STATUS {volume=volume90431, bucket=bucket77432, key=.Trash, dataSize=0, replicationConfig=null} | ret=FAILURE
org.apache.hadoop.ozone.om.exceptions.OMException: Unable to get file status: volume: volume90431 bucket: bucket77432 key: .Trash
	at org.apache.hadoop.ozone.om.KeyManagerImpl.getOzoneFileStatusFSO(KeyManagerImpl.java:1376) ~[ozone-manager-1.3.0-SNAPSHOT.jar:?]
	at org.apache.hadoop.ozone.om.KeyManagerImpl.getFileStatus(KeyManagerImpl.java:1239) ~[ozone-manager-1.3.0-SNAPSHOT.jar:?]
	at org.apache.hadoop.ozone.om.OzoneManager.getFileStatus(OzoneManager.java:3467) ~[ozone-manager-1.3.0-SNAPSHOT.jar:?]
	at org.apache.hadoop.ozone.protocolPB.OzoneManagerRequestHandler.getOzoneFileStatus(OzoneManagerRequestHandler.java:878) ~[ozone-manager-1.3.0-SNAPSHOT.jar:?]
	at org.apache.hadoop.ozone.protocolPB.OzoneManagerRequestHandler.handleReadRequest(OzoneManagerRequestHandler.java:224) ~[ozone-manager-1.3.0-SNAPSHOT.jar:?]
	at org.apache.hadoop.ozone.protocolPB.OzoneManagerProtocolServerSideTranslatorPB.submitReadRequestToOM(OzoneManagerProtocolServerSideTranslatorPB.java:226) ~[ozone-manager-1.3.0-SNAPSHOT.jar:?]
	at org.apache.hadoop.ozone.protocolPB.OzoneManagerProtocolServerSideTranslatorPB.processRequest(OzoneManagerProtocolServerSideTranslatorPB.java:175) ~[ozone-manager-1.3.0-SNAPSHOT.jar:?]
	at org.apache.hadoop.hdds.server.OzoneProtocolMessageDispatcher.processRequest(OzoneProtocolMessageDispatcher.java:87) [hdds-server-framework-1.3.0-SNAPSHOT.jar:?]
	at org.apache.hadoop.ozone.protocolPB.OzoneManagerProtocolServerSideTranslatorPB.submitRequest(OzoneManagerProtocolServerSideTranslatorPB.java:147) [ozone-manager-1.3.0-SNAPSHOT.jar:?]
	at org.apache.hadoop.ozone.protocol.proto.OzoneManagerProtocolProtos$OzoneManagerService$2.callBlockingMethod(OzoneManagerProtocolProtos.java) [ozone-interface-client-1.3.0-SNAPSHOT.jar:?]
	at org.apache.hadoop.ipc.ProtobufRpcEngine$Server.processCall(ProtobufRpcEngine.java:466) [hadoop-common-3.3.1.jar:?]
	at org.apache.hadoop.ipc.ProtobufRpcEngine2$Server$ProtoBufRpcInvoker.call(ProtobufRpcEngine2.java:574) [hadoop-common-3.3.1.jar:?]
	at org.apache.hadoop.ipc.ProtobufRpcEngine2$Server$ProtoBufRpcInvoker.call(ProtobufRpcEngine2.java:552) [hadoop-common-3.3.1.jar:?]
	at org.apache.hadoop.ipc.RPC$Server.call(RPC.java:1093) [hadoop-common-3.3.1.jar:?]
	at org.apache.hadoop.ipc.Server$RpcCall.run(Server.java:1035) [hadoop-common-3.3.1.jar:?]
	at org.apache.hadoop.ipc.Server$RpcCall.run(Server.java:963) [hadoop-common-3.3.1.jar:?]
	at java.security.AccessController.doPrivileged(Native Method) ~[?:1.8.0_332]
	at javax.security.auth.Subject.doAs(Subject.java:422) [?:1.8.0_332]
	at org.apache.hadoop.security.UserGroupInformation.doAs(UserGroupInformation.java:1878) [hadoop-common-3.3.1.jar:?]
	at org.apache.hadoop.ipc.Server$Handler.run(Server.java:2966) [hadoop-common-3.3.1.jar:?]
23:16:54.615 [IPC Server handler 19 on default port 44809] ERROR OMAudit - user=runner | ip=127.0.0.1 | op=GET_FILE_STATUS {volume=volume38622, bucket=trashroottest2, key=.Trash/runner, dataSize=0, replicationConfig=null} | ret=FAILURE
org.apache.hadoop.ozone.om.exceptions.OMException: Unable to get file status: volume: volume38622 bucket: trashroottest2 key: .Trash/runner
	at org.apache.hadoop.ozone.om.KeyManagerImpl.getOzoneFileStatusFSO(KeyManagerImpl.java:1376) ~[ozone-manager-1.3.0-SNAPSHOT.jar:?]
	at org.apache.hadoop.ozone.om.KeyManagerImpl.getFileStatus(KeyManagerImpl.java:1239) ~[ozone-manager-1.3.0-SNAPSHOT.jar:?]
	at org.apache.hadoop.ozone.om.OzoneManager.getFileStatus(OzoneManager.java:3467) ~[ozone-manager-1.3.0-SNAPSHOT.jar:?]
	at org.apache.hadoop.ozone.protocolPB.OzoneManagerRequestHandler.getOzoneFileStatus(OzoneManagerRequestHandler.java:878) ~[ozone-manager-1.3.0-SNAPSHOT.jar:?]
	at org.apache.hadoop.ozone.protocolPB.OzoneManagerRequestHandler.handleReadRequest(OzoneManagerRequestHandler.java:224) ~[ozone-manager-1.3.0-SNAPSHOT.jar:?]
	at org.apache.hadoop.ozone.protocolPB.OzoneManagerProtocolServerSideTranslatorPB.submitReadRequestToOM(OzoneManagerProtocolServerSideTranslatorPB.java:226) ~[ozone-manager-1.3.0-SNAPSHOT.jar:?]
	at org.apache.hadoop.ozone.protocolPB.OzoneManagerProtocolServerSideTranslatorPB.processRequest(OzoneManagerProtocolServerSideTranslatorPB.java:175) ~[ozone-manager-1.3.0-SNAPSHOT.jar:?]
	at org.apache.hadoop.hdds.server.OzoneProtocolMessageDispatcher.processRequest(OzoneProtocolMessageDispatcher.java:87) [hdds-server-framework-1.3.0-SNAPSHOT.jar:?]
	at org.apache.hadoop.ozone.protocolPB.OzoneManagerProtocolServerSideTranslatorPB.submitRequest(OzoneManagerProtocolServerSideTranslatorPB.java:147) [ozone-manager-1.3.0-SNAPSHOT.jar:?]
	at org.apache.hadoop.ozone.protocol.proto.OzoneManagerProtocolProtos$OzoneManagerService$2.callBlockingMethod(OzoneManagerProtocolProtos.java) [ozone-interface-client-1.3.0-SNAPSHOT.jar:?]
	at org.apache.hadoop.ipc.ProtobufRpcEngine$Server.processCall(ProtobufRpcEngine.java:466) [hadoop-common-3.3.1.jar:?]
	at org.apache.hadoop.ipc.ProtobufRpcEngine2$Server$ProtoBufRpcInvoker.call(ProtobufRpcEngine2.java:574) [hadoop-common-3.3.1.jar:?]
	at org.apache.hadoop.ipc.ProtobufRpcEngine2$Server$ProtoBufRpcInvoker.call(ProtobufRpcEngine2.java:552) [hadoop-common-3.3.1.jar:?]
	at org.apache.hadoop.ipc.RPC$Server.call(RPC.java:1093) [hadoop-common-3.3.1.jar:?]
	at org.apache.hadoop.ipc.Server$RpcCall.run(Server.java:1035) [hadoop-common-3.3.1.jar:?]
	at org.apache.hadoop.ipc.Server$RpcCall.run(Server.java:963) [hadoop-common-3.3.1.jar:?]
	at java.security.AccessController.doPrivileged(Native Method) ~[?:1.8.0_332]
	at javax.security.auth.Subject.doAs(Subject.java:422) [?:1.8.0_332]
	at org.apache.hadoop.security.UserGroupInformation.doAs(UserGroupInformation.java:1878) [hadoop-common-3.3.1.jar:?]
	at org.apache.hadoop.ipc.Server$Handler.run(Server.java:2966) [hadoop-common-3.3.1.jar:?]
23:16:54.617 [IPC Server handler 4 on default port 44809] ERROR OMAudit - user=runner | ip=127.0.0.1 | op=GET_FILE_STATUS {volume=volume90431, bucket=bucket77432, key=.Trash/runner, dataSize=0, replicationConfig=null} | ret=FAILURE
org.apache.hadoop.ozone.om.exceptions.OMException: Unable to get file status: volume: volume90431 bucket: bucket77432 key: .Trash/runner
	at org.apache.hadoop.ozone.om.KeyManagerImpl.getOzoneFileStatusFSO(KeyManagerImpl.java:1376) ~[ozone-manager-1.3.0-SNAPSHOT.jar:?]
	at org.apache.hadoop.ozone.om.KeyManagerImpl.getFileStatus(KeyManagerImpl.java:1239) ~[ozone-manager-1.3.0-SNAPSHOT.jar:?]
	at org.apache.hadoop.ozone.om.OzoneManager.getFileStatus(OzoneManager.java:3467) ~[ozone-manager-1.3.0-SNAPSHOT.jar:?]
	at org.apache.hadoop.ozone.protocolPB.OzoneManagerRequestHandler.getOzoneFileStatus(OzoneManagerRequestHandler.java:878) ~[ozone-manager-1.3.0-SNAPSHOT.jar:?]
	at org.apache.hadoop.ozone.protocolPB.OzoneManagerRequestHandler.handleReadRequest(OzoneManagerRequestHandler.java:224) ~[ozone-manager-1.3.0-SNAPSHOT.jar:?]
	at org.apache.hadoop.ozone.protocolPB.OzoneManagerProtocolServerSideTranslatorPB.submitReadRequestToOM(OzoneManagerProtocolServerSideTranslatorPB.java:226) ~[ozone-manager-1.3.0-SNAPSHOT.jar:?]
	at org.apache.hadoop.ozone.protocolPB.OzoneManagerProtocolServerSideTranslatorPB.processRequest(OzoneManagerProtocolServerSideTranslatorPB.java:175) ~[ozone-manager-1.3.0-SNAPSHOT.jar:?]
	at org.apache.hadoop.hdds.server.OzoneProtocolMessageDispatcher.processRequest(OzoneProtocolMessageDispatcher.java:87) [hdds-server-framework-1.3.0-SNAPSHOT.jar:?]
	at org.apache.hadoop.ozone.protocolPB.OzoneManagerProtocolServerSideTranslatorPB.submitRequest(OzoneManagerProtocolServerSideTranslatorPB.java:147) [ozone-manager-1.3.0-SNAPSHOT.jar:?]
	at org.apache.hadoop.ozone.protocol.proto.OzoneManagerProtocolProtos$OzoneManagerService$2.callBlockingMethod(OzoneManagerProtocolProtos.java) [ozone-interface-client-1.3.0-SNAPSHOT.jar:?]
	at org.apache.hadoop.ipc.ProtobufRpcEngine$Server.processCall(ProtobufRpcEngine.java:466) [hadoop-common-3.3.1.jar:?]
	at org.apache.hadoop.ipc.ProtobufRpcEngine2$Server$ProtoBufRpcInvoker.call(ProtobufRpcEngine2.java:574) [hadoop-common-3.3.1.jar:?]
	at org.apache.hadoop.ipc.ProtobufRpcEngine2$Server$ProtoBufRpcInvoker.call(ProtobufRpcEngine2.java:552) [hadoop-common-3.3.1.jar:?]
	at org.apache.hadoop.ipc.RPC$Server.call(RPC.java:1093) [hadoop-common-3.3.1.jar:?]
	at org.apache.hadoop.ipc.Server$RpcCall.run(Server.java:1035) [hadoop-common-3.3.1.jar:?]
	at org.apache.hadoop.ipc.Server$RpcCall.run(Server.java:963) [hadoop-common-3.3.1.jar:?]
	at java.security.AccessController.doPrivileged(Native Method) ~[?:1.8.0_332]
	at javax.security.auth.Subject.doAs(Subject.java:422) [?:1.8.0_332]
	at org.apache.hadoop.security.UserGroupInformation.doAs(UserGroupInformation.java:1878) [hadoop-common-3.3.1.jar:?]
	at org.apache.hadoop.ipc.Server$Handler.run(Server.java:2966) [hadoop-common-3.3.1.jar:?]
23:16:54.620 [IPC Server handler 8 on default port 44809] ERROR OMAudit - user=runner | ip=127.0.0.1 | op=GET_FILE_STATUS {volume=volume-24287, bucket=bucket-50715, key=.Trash/runner, dataSize=0, replicationConfig=null} | ret=FAILURE
org.apache.hadoop.ozone.om.exceptions.OMException: Unable to get file status: volume: volume-24287 bucket: bucket-50715 key: .Trash/runner
	at org.apache.hadoop.ozone.om.KeyManagerImpl.getOzoneFileStatusFSO(KeyManagerImpl.java:1376) ~[ozone-manager-1.3.0-SNAPSHOT.jar:?]
	at org.apache.hadoop.ozone.om.KeyManagerImpl.getFileStatus(KeyManagerImpl.java:1239) ~[ozone-manager-1.3.0-SNAPSHOT.jar:?]
	at org.apache.hadoop.ozone.om.OzoneManager.getFileStatus(OzoneManager.java:3467) ~[ozone-manager-1.3.0-SNAPSHOT.jar:?]
	at org.apache.hadoop.ozone.protocolPB.OzoneManagerRequestHandler.getOzoneFileStatus(OzoneManagerRequestHandler.java:878) ~[ozone-manager-1.3.0-SNAPSHOT.jar:?]
	at org.apache.hadoop.ozone.protocolPB.OzoneManagerRequestHandler.handleReadRequest(OzoneManagerRequestHandler.java:224) ~[ozone-manager-1.3.0-SNAPSHOT.jar:?]
	at org.apache.hadoop.ozone.protocolPB.OzoneManagerProtocolServerSideTranslatorPB.submitReadRequestToOM(OzoneManagerProtocolServerSideTranslatorPB.java:226) ~[ozone-manager-1.3.0-SNAPSHOT.jar:?]
	at org.apache.hadoop.ozone.protocolPB.OzoneManagerProtocolServerSideTranslatorPB.processRequest(OzoneManagerProtocolServerSideTranslatorPB.java:175) ~[ozone-manager-1.3.0-SNAPSHOT.jar:?]
	at org.apache.hadoop.hdds.server.OzoneProtocolMessageDispatcher.processRequest(OzoneProtocolMessageDispatcher.java:87) [hdds-server-framework-1.3.0-SNAPSHOT.jar:?]
	at org.apache.hadoop.ozone.protocolPB.OzoneManagerProtocolServerSideTranslatorPB.submitRequest(OzoneManagerProtocolServerSideTranslatorPB.java:147) [ozone-manager-1.3.0-SNAPSHOT.jar:?]
	at org.apache.hadoop.ozone.protocol.proto.OzoneManagerProtocolProtos$OzoneManagerService$2.callBlockingMethod(OzoneManagerProtocolProtos.java) [ozone-interface-client-1.3.0-SNAPSHOT.jar:?]
	at org.apache.hadoop.ipc.ProtobufRpcEngine$Server.processCall(ProtobufRpcEngine.java:466) [hadoop-common-3.3.1.jar:?]
	at org.apache.hadoop.ipc.ProtobufRpcEngine2$Server$ProtoBufRpcInvoker.call(ProtobufRpcEngine2.java:574) [hadoop-common-3.3.1.jar:?]
	at org.apache.hadoop.ipc.ProtobufRpcEngine2$Server$ProtoBufRpcInvoker.call(ProtobufRpcEngine2.java:552) [hadoop-common-3.3.1.jar:?]
	at org.apache.hadoop.ipc.RPC$Server.call(RPC.java:1093) [hadoop-common-3.3.1.jar:?]
	at org.apache.hadoop.ipc.Server$RpcCall.run(Server.java:1035) [hadoop-common-3.3.1.jar:?]
	at org.apache.hadoop.ipc.Server$RpcCall.run(Server.java:963) [hadoop-common-3.3.1.jar:?]
	at java.security.AccessController.doPrivileged(Native Method) ~[?:1.8.0_332]
	at javax.security.auth.Subject.doAs(Subject.java:422) [?:1.8.0_332]
	at org.apache.hadoop.security.UserGroupInformation.doAs(UserGroupInformation.java:1878) [hadoop-common-3.3.1.jar:?]
	at org.apache.hadoop.ipc.Server$Handler.run(Server.java:2966) [hadoop-common-3.3.1.jar:?]
23:16:54.622 [IPC Server handler 10 on default port 44809] ERROR OMAudit - user=runner | ip=127.0.0.1 | op=GET_FILE_STATUS {volume=volume-16582, bucket=bucket-89793, key=.Trash/runner, dataSize=0, replicationConfig=null} | ret=FAILURE
org.apache.hadoop.ozone.om.exceptions.OMException: Unable to get file status: volume: volume-16582 bucket: bucket-89793 key: .Trash/runner
	at org.apache.hadoop.ozone.om.KeyManagerImpl.getOzoneFileStatusFSO(KeyManagerImpl.java:1376) ~[ozone-manager-1.3.0-SNAPSHOT.jar:?]
	at org.apache.hadoop.ozone.om.KeyManagerImpl.getFileStatus(KeyManagerImpl.java:1239) ~[ozone-manager-1.3.0-SNAPSHOT.jar:?]
	at org.apache.hadoop.ozone.om.OzoneManager.getFileStatus(OzoneManager.java:3467) ~[ozone-manager-1.3.0-SNAPSHOT.jar:?]
	at org.apache.hadoop.ozone.protocolPB.OzoneManagerRequestHandler.getOzoneFileStatus(OzoneManagerRequestHandler.java:878) ~[ozone-manager-1.3.0-SNAPSHOT.jar:?]
	at org.apache.hadoop.ozone.protocolPB.OzoneManagerRequestHandler.handleReadRequest(OzoneManagerRequestHandler.java:224) ~[ozone-manager-1.3.0-SNAPSHOT.jar:?]
	at org.apache.hadoop.ozone.protocolPB.OzoneManagerProtocolServerSideTranslatorPB.submitReadRequestToOM(OzoneManagerProtocolServerSideTranslatorPB.java:226) ~[ozone-manager-1.3.0-SNAPSHOT.jar:?]
	at org.apache.hadoop.ozone.protocolPB.OzoneManagerProtocolServerSideTranslatorPB.processRequest(OzoneManagerProtocolServerSideTranslatorPB.java:175) ~[ozone-manager-1.3.0-SNAPSHOT.jar:?]
	at org.apache.hadoop.hdds.server.OzoneProtocolMessageDispatcher.processRequest(OzoneProtocolMessageDispatcher.java:87) [hdds-server-framework-1.3.0-SNAPSHOT.jar:?]
	at org.apache.hadoop.ozone.protocolPB.OzoneManagerProtocolServerSideTranslatorPB.submitRequest(OzoneManagerProtocolServerSideTranslatorPB.java:147) [ozone-manager-1.3.0-SNAPSHOT.jar:?]
	at org.apache.hadoop.ozone.protocol.proto.OzoneManagerProtocolProtos$OzoneManagerService$2.callBlockingMethod(OzoneManagerProtocolProtos.java) [ozone-interface-client-1.3.0-SNAPSHOT.jar:?]
	at org.apache.hadoop.ipc.ProtobufRpcEngine$Server.processCall(ProtobufRpcEngine.java:466) [hadoop-common-3.3.1.jar:?]
	at org.apache.hadoop.ipc.ProtobufRpcEngine2$Server$ProtoBufRpcInvoker.call(ProtobufRpcEngine2.java:574) [hadoop-common-3.3.1.jar:?]
	at org.apache.hadoop.ipc.ProtobufRpcEngine2$Server$ProtoBufRpcInvoker.call(ProtobufRpcEngine2.java:552) [hadoop-common-3.3.1.jar:?]
	at org.apache.hadoop.ipc.RPC$Server.call(RPC.java:1093) [hadoop-common-3.3.1.jar:?]
	at org.apache.hadoop.ipc.Server$RpcCall.run(Server.java:1035) [hadoop-common-3.3.1.jar:?]
	at org.apache.hadoop.ipc.Server$RpcCall.run(Server.java:963) [hadoop-common-3.3.1.jar:?]
	at java.security.AccessController.doPrivileged(Native Method) ~[?:1.8.0_332]
	at javax.security.auth.Subject.doAs(Subject.java:422) [?:1.8.0_332]
	at org.apache.hadoop.security.UserGroupInformation.doAs(UserGroupInformation.java:1878) [hadoop-common-3.3.1.jar:?]
	at org.apache.hadoop.ipc.Server$Handler.run(Server.java:2966) [hadoop-common-3.3.1.jar:?]
23:16:54.627 [IPC Server handler 14 on default port 44809] ERROR OMAudit - user=runner | ip=127.0.0.1 | op=GET_FILE_STATUS {volume=5116d0ed-d071-409d-8a7f-6a531960eda2, bucket=718ffb63-c792-444e-b8d7-58459fef9ce2, key=.Trash, dataSize=0, replicationConfig=null} | ret=FAILURE
org.apache.hadoop.ozone.om.exceptions.OMException: Unable to get file status: volume: 5116d0ed-d071-409d-8a7f-6a531960eda2 bucket: 718ffb63-c792-444e-b8d7-58459fef9ce2 key: .Trash
	at org.apache.hadoop.ozone.om.KeyManagerImpl.getOzoneFileStatus(KeyManagerImpl.java:1311) ~[ozone-manager-1.3.0-SNAPSHOT.jar:?]
	at org.apache.hadoop.ozone.om.KeyManagerImpl.getFileStatus(KeyManagerImpl.java:1241) ~[ozone-manager-1.3.0-SNAPSHOT.jar:?]
	at org.apache.hadoop.ozone.om.OzoneManager.getFileStatus(OzoneManager.java:3467) ~[ozone-manager-1.3.0-SNAPSHOT.jar:?]
	at org.apache.hadoop.ozone.protocolPB.OzoneManagerRequestHandler.getOzoneFileStatus(OzoneManagerRequestHandler.java:878) ~[ozone-manager-1.3.0-SNAPSHOT.jar:?]
	at org.apache.hadoop.ozone.protocolPB.OzoneManagerRequestHandler.handleReadRequest(OzoneManagerRequestHandler.java:224) ~[ozone-manager-1.3.0-SNAPSHOT.jar:?]
	at org.apache.hadoop.ozone.protocolPB.OzoneManagerProtocolServerSideTranslatorPB.submitReadRequestToOM(OzoneManagerProtocolServerSideTranslatorPB.java:226) ~[ozone-manager-1.3.0-SNAPSHOT.jar:?]
	at org.apache.hadoop.ozone.protocolPB.OzoneManagerProtocolServerSideTranslatorPB.processRequest(OzoneManagerProtocolServerSideTranslatorPB.java:175) ~[ozone-manager-1.3.0-SNAPSHOT.jar:?]
	at org.apache.hadoop.hdds.server.OzoneProtocolMessageDispatcher.processRequest(OzoneProtocolMessageDispatcher.java:87) [hdds-server-framework-1.3.0-SNAPSHOT.jar:?]
	at org.apache.hadoop.ozone.protocolPB.OzoneManagerProtocolServerSideTranslatorPB.submitRequest(OzoneManagerProtocolServerSideTranslatorPB.java:147) [ozone-manager-1.3.0-SNAPSHOT.jar:?]
	at org.apache.hadoop.ozone.protocol.proto.OzoneManagerProtocolProtos$OzoneManagerService$2.callBlockingMethod(OzoneManagerProtocolProtos.java) [ozone-interface-client-1.3.0-SNAPSHOT.jar:?]
	at org.apache.hadoop.ipc.ProtobufRpcEngine$Server.processCall(ProtobufRpcEngine.java:466) [hadoop-common-3.3.1.jar:?]
	at org.apache.hadoop.ipc.ProtobufRpcEngine2$Server$ProtoBufRpcInvoker.call(ProtobufRpcEngine2.java:574) [hadoop-common-3.3.1.jar:?]
	at org.apache.hadoop.ipc.ProtobufRpcEngine2$Server$ProtoBufRpcInvoker.call(ProtobufRpcEngine2.java:552) [hadoop-common-3.3.1.jar:?]
	at org.apache.hadoop.ipc.RPC$Server.call(RPC.java:1093) [hadoop-common-3.3.1.jar:?]
	at org.apache.hadoop.ipc.Server$RpcCall.run(Server.java:1035) [hadoop-common-3.3.1.jar:?]
	at org.apache.hadoop.ipc.Server$RpcCall.run(Server.java:963) [hadoop-common-3.3.1.jar:?]
	at java.security.AccessController.doPrivileged(Native Method) ~[?:1.8.0_332]
	at javax.security.auth.Subject.doAs(Subject.java:422) [?:1.8.0_332]
	at org.apache.hadoop.security.UserGroupInformation.doAs(UserGroupInformation.java:1878) [hadoop-common-3.3.1.jar:?]
	at org.apache.hadoop.ipc.Server$Handler.run(Server.java:2966) [hadoop-common-3.3.1.jar:?]
23:16:54.629 [IPC Server handler 4 on default port 44809] ERROR OMAudit - user=runner | ip=127.0.0.1 | op=GET_FILE_STATUS {volume=volume-16582, bucket=bucket-89793, key=.Trash, dataSize=0, replicationConfig=null} | ret=FAILURE
org.apache.hadoop.ozone.om.exceptions.OMException: Unable to get file status: volume: volume-16582 bucket: bucket-89793 key: .Trash
	at org.apache.hadoop.ozone.om.KeyManagerImpl.getOzoneFileStatusFSO(KeyManagerImpl.java:1376) ~[ozone-manager-1.3.0-SNAPSHOT.jar:?]
	at org.apache.hadoop.ozone.om.KeyManagerImpl.getFileStatus(KeyManagerImpl.java:1239) ~[ozone-manager-1.3.0-SNAPSHOT.jar:?]
	at org.apache.hadoop.ozone.om.OzoneManager.getFileStatus(OzoneManager.java:3467) ~[ozone-manager-1.3.0-SNAPSHOT.jar:?]
	at org.apache.hadoop.ozone.protocolPB.OzoneManagerRequestHandler.getOzoneFileStatus(OzoneManagerRequestHandler.java:878) ~[ozone-manager-1.3.0-SNAPSHOT.jar:?]
	at org.apache.hadoop.ozone.protocolPB.OzoneManagerRequestHandler.handleReadRequest(OzoneManagerRequestHandler.java:224) ~[ozone-manager-1.3.0-SNAPSHOT.jar:?]
	at org.apache.hadoop.ozone.protocolPB.OzoneManagerProtocolServerSideTranslatorPB.submitReadRequestToOM(OzoneManagerProtocolServerSideTranslatorPB.java:226) ~[ozone-manager-1.3.0-SNAPSHOT.jar:?]
	at org.apache.hadoop.ozone.protocolPB.OzoneManagerProtocolServerSideTranslatorPB.processRequest(OzoneManagerProtocolServerSideTranslatorPB.java:175) ~[ozone-manager-1.3.0-SNAPSHOT.jar:?]
	at org.apache.hadoop.hdds.server.OzoneProtocolMessageDispatcher.processRequest(OzoneProtocolMessageDispatcher.java:87) [hdds-server-framework-1.3.0-SNAPSHOT.jar:?]
	at org.apache.hadoop.ozone.protocolPB.OzoneManagerProtocolServerSideTranslatorPB.submitRequest(OzoneManagerProtocolServerSideTranslatorPB.java:147) [ozone-manager-1.3.0-SNAPSHOT.jar:?]
	at org.apache.hadoop.ozone.protocol.proto.OzoneManagerProtocolProtos$OzoneManagerService$2.callBlockingMethod(OzoneManagerProtocolProtos.java) [ozone-interface-client-1.3.0-SNAPSHOT.jar:?]
	at org.apache.hadoop.ipc.ProtobufRpcEngine$Server.processCall(ProtobufRpcEngine.java:466) [hadoop-common-3.3.1.jar:?]
	at org.apache.hadoop.ipc.ProtobufRpcEngine2$Server$ProtoBufRpcInvoker.call(ProtobufRpcEngine2.java:574) [hadoop-common-3.3.1.jar:?]
	at org.apache.hadoop.ipc.ProtobufRpcEngine2$Server$ProtoBufRpcInvoker.call(ProtobufRpcEngine2.java:552) [hadoop-common-3.3.1.jar:?]
	at org.apache.hadoop.ipc.RPC$Server.call(RPC.java:1093) [hadoop-common-3.3.1.jar:?]
	at org.apache.hadoop.ipc.Server$RpcCall.run(Server.java:1035) [hadoop-common-3.3.1.jar:?]
	at org.apache.hadoop.ipc.Server$RpcCall.run(Server.java:963) [hadoop-common-3.3.1.jar:?]
	at java.security.AccessController.doPrivileged(Native Method) ~[?:1.8.0_332]
	at javax.security.auth.Subject.doAs(Subject.java:422) [?:1.8.0_332]
	at org.apache.hadoop.security.UserGroupInformation.doAs(UserGroupInformation.java:1878) [hadoop-common-3.3.1.jar:?]
	at org.apache.hadoop.ipc.Server$Handler.run(Server.java:2966) [hadoop-common-3.3.1.jar:?]
23:16:54.630 [IPC Server handler 6 on default port 44809] ERROR OMAudit - user=runner | ip=127.0.0.1 | op=GET_FILE_STATUS {volume=volume-24287, bucket=bucket-50715, key=.Trash, dataSize=0, replicationConfig=null} | ret=FAILURE
org.apache.hadoop.ozone.om.exceptions.OMException: Unable to get file status: volume: volume-24287 bucket: bucket-50715 key: .Trash
	at org.apache.hadoop.ozone.om.KeyManagerImpl.getOzoneFileStatusFSO(KeyManagerImpl.java:1376) ~[ozone-manager-1.3.0-SNAPSHOT.jar:?]
	at org.apache.hadoop.ozone.om.KeyManagerImpl.getFileStatus(KeyManagerImpl.java:1239) ~[ozone-manager-1.3.0-SNAPSHOT.jar:?]
	at org.apache.hadoop.ozone.om.OzoneManager.getFileStatus(OzoneManager.java:3467) ~[ozone-manager-1.3.0-SNAPSHOT.jar:?]
	at org.apache.hadoop.ozone.protocolPB.OzoneManagerRequestHandler.getOzoneFileStatus(OzoneManagerRequestHandler.java:878) ~[ozone-manager-1.3.0-SNAPSHOT.jar:?]
	at org.apache.hadoop.ozone.protocolPB.OzoneManagerRequestHandler.handleReadRequest(OzoneManagerRequestHandler.java:224) ~[ozone-manager-1.3.0-SNAPSHOT.jar:?]
	at org.apache.hadoop.ozone.protocolPB.OzoneManagerProtocolServerSideTranslatorPB.submitReadRequestToOM(OzoneManagerProtocolServerSideTranslatorPB.java:226) ~[ozone-manager-1.3.0-SNAPSHOT.jar:?]
	at org.apache.hadoop.ozone.protocolPB.OzoneManagerProtocolServerSideTranslatorPB.processRequest(OzoneManagerProtocolServerSideTranslatorPB.java:175) ~[ozone-manager-1.3.0-SNAPSHOT.jar:?]
	at org.apache.hadoop.hdds.server.OzoneProtocolMessageDispatcher.processRequest(OzoneProtocolMessageDispatcher.java:87) [hdds-server-framework-1.3.0-SNAPSHOT.jar:?]
	at org.apache.hadoop.ozone.protocolPB.OzoneManagerProtocolServerSideTranslatorPB.submitRequest(OzoneManagerProtocolServerSideTranslatorPB.java:147) [ozone-manager-1.3.0-SNAPSHOT.jar:?]
	at org.apache.hadoop.ozone.protocol.proto.OzoneManagerProtocolProtos$OzoneManagerService$2.callBlockingMethod(OzoneManagerProtocolProtos.java) [ozone-interface-client-1.3.0-SNAPSHOT.jar:?]
	at org.apache.hadoop.ipc.ProtobufRpcEngine$Server.processCall(ProtobufRpcEngine.java:466) [hadoop-common-3.3.1.jar:?]
	at org.apache.hadoop.ipc.ProtobufRpcEngine2$Server$ProtoBufRpcInvoker.call(ProtobufRpcEngine2.java:574) [hadoop-common-3.3.1.jar:?]
	at org.apache.hadoop.ipc.ProtobufRpcEngine2$Server$ProtoBufRpcInvoker.call(ProtobufRpcEngine2.java:552) [hadoop-common-3.3.1.jar:?]
	at org.apache.hadoop.ipc.RPC$Server.call(RPC.java:1093) [hadoop-common-3.3.1.jar:?]
	at org.apache.hadoop.ipc.Server$RpcCall.run(Server.java:1035) [hadoop-common-3.3.1.jar:?]
	at org.apache.hadoop.ipc.Server$RpcCall.run(Server.java:963) [hadoop-common-3.3.1.jar:?]
	at java.security.AccessController.doPrivileged(Native Method) ~[?:1.8.0_332]
	at javax.security.auth.Subject.doAs(Subject.java:422) [?:1.8.0_332]
	at org.apache.hadoop.security.UserGroupInformation.doAs(UserGroupInformation.java:1878) [hadoop-common-3.3.1.jar:?]
	at org.apache.hadoop.ipc.Server$Handler.run(Server.java:2966) [hadoop-common-3.3.1.jar:?]
23:16:54.638 [IPC Server handler 2 on default port 44809] ERROR OMAudit - user=runner | ip=127.0.0.1 | op=GET_FILE_STATUS {volume=volume38622, bucket=trashroottest2, key=.Trash, dataSize=0, replicationConfig=null} | ret=FAILURE
org.apache.hadoop.ozone.om.exceptions.OMException: Unable to get file status: volume: volume38622 bucket: trashroottest2 key: .Trash
	at org.apache.hadoop.ozone.om.KeyManagerImpl.getOzoneFileStatusFSO(KeyManagerImpl.java:1376) ~[ozone-manager-1.3.0-SNAPSHOT.jar:?]
	at org.apache.hadoop.ozone.om.KeyManagerImpl.getFileStatus(KeyManagerImpl.java:1239) ~[ozone-manager-1.3.0-SNAPSHOT.jar:?]
	at org.apache.hadoop.ozone.om.OzoneManager.getFileStatus(OzoneManager.java:3467) ~[ozone-manager-1.3.0-SNAPSHOT.jar:?]
	at org.apache.hadoop.ozone.protocolPB.OzoneManagerRequestHandler.getOzoneFileStatus(OzoneManagerRequestHandler.java:878) ~[ozone-manager-1.3.0-SNAPSHOT.jar:?]
	at org.apache.hadoop.ozone.protocolPB.OzoneManagerRequestHandler.handleReadRequest(OzoneManagerRequestHandler.java:224) ~[ozone-manager-1.3.0-SNAPSHOT.jar:?]
	at org.apache.hadoop.ozone.protocolPB.OzoneManagerProtocolServerSideTranslatorPB.submitReadRequestToOM(OzoneManagerProtocolServerSideTranslatorPB.java:226) ~[ozone-manager-1.3.0-SNAPSHOT.jar:?]
	at org.apache.hadoop.ozone.protocolPB.OzoneManagerProtocolServerSideTranslatorPB.processRequest(OzoneManagerProtocolServerSideTranslatorPB.java:175) ~[ozone-manager-1.3.0-SNAPSHOT.jar:?]
	at org.apache.hadoop.hdds.server.OzoneProtocolMessageDispatcher.processRequest(OzoneProtocolMessageDispatcher.java:87) [hdds-server-framework-1.3.0-SNAPSHOT.jar:?]
	at org.apache.hadoop.ozone.protocolPB.OzoneManagerProtocolServerSideTranslatorPB.submitRequest(OzoneManagerProtocolServerSideTranslatorPB.java:147) [ozone-manager-1.3.0-SNAPSHOT.jar:?]
	at org.apache.hadoop.ozone.protocol.proto.OzoneManagerProtocolProtos$OzoneManagerService$2.callBlockingMethod(OzoneManagerProtocolProtos.java) [ozone-interface-client-1.3.0-SNAPSHOT.jar:?]
	at org.apache.hadoop.ipc.ProtobufRpcEngine$Server.processCall(ProtobufRpcEngine.java:466) [hadoop-common-3.3.1.jar:?]
	at org.apache.hadoop.ipc.ProtobufRpcEngine2$Server$ProtoBufRpcInvoker.call(ProtobufRpcEngine2.java:574) [hadoop-common-3.3.1.jar:?]
	at org.apache.hadoop.ipc.ProtobufRpcEngine2$Server$ProtoBufRpcInvoker.call(ProtobufRpcEngine2.java:552) [hadoop-common-3.3.1.jar:?]
	at org.apache.hadoop.ipc.RPC$Server.call(RPC.java:1093) [hadoop-common-3.3.1.jar:?]
	at org.apache.hadoop.ipc.Server$RpcCall.run(Server.java:1035) [hadoop-common-3.3.1.jar:?]
	at org.apache.hadoop.ipc.Server$RpcCall.run(Server.java:963) [hadoop-common-3.3.1.jar:?]
	at java.security.AccessController.doPrivileged(Native Method) ~[?:1.8.0_332]
	at javax.security.auth.Subject.doAs(Subject.java:422) [?:1.8.0_332]
	at org.apache.hadoop.security.UserGroupInformation.doAs(UserGroupInformation.java:1878) [hadoop-common-3.3.1.jar:?]
	at org.apache.hadoop.ipc.Server$Handler.run(Server.java:2966) [hadoop-common-3.3.1.jar:?]
23:16:54.640 [IPC Server handler 3 on default port 44809] ERROR OMAudit - user=runner | ip=127.0.0.1 | op=GET_FILE_STATUS {volume=volume90431, bucket=bucket77432, key=.Trash, dataSize=0, replicationConfig=null} | ret=FAILURE
org.apache.hadoop.ozone.om.exceptions.OMException: Unable to get file status: volume: volume90431 bucket: bucket77432 key: .Trash
	at org.apache.hadoop.ozone.om.KeyManagerImpl.getOzoneFileStatusFSO(KeyManagerImpl.java:1376) ~[ozone-manager-1.3.0-SNAPSHOT.jar:?]
	at org.apache.hadoop.ozone.om.KeyManagerImpl.getFileStatus(KeyManagerImpl.java:1239) ~[ozone-manager-1.3.0-SNAPSHOT.jar:?]
	at org.apache.hadoop.ozone.om.OzoneManager.getFileStatus(OzoneManager.java:3467) ~[ozone-manager-1.3.0-SNAPSHOT.jar:?]
	at org.apache.hadoop.ozone.protocolPB.OzoneManagerRequestHandler.getOzoneFileStatus(OzoneManagerRequestHandler.java:878) ~[ozone-manager-1.3.0-SNAPSHOT.jar:?]
	at org.apache.hadoop.ozone.protocolPB.OzoneManagerRequestHandler.handleReadRequest(OzoneManagerRequestHandler.java:224) ~[ozone-manager-1.3.0-SNAPSHOT.jar:?]
	at org.apache.hadoop.ozone.protocolPB.OzoneManagerProtocolServerSideTranslatorPB.submitReadRequestToOM(OzoneManagerProtocolServerSideTranslatorPB.java:226) ~[ozone-manager-1.3.0-SNAPSHOT.jar:?]
	at org.apache.hadoop.ozone.protocolPB.OzoneManagerProtocolServerSideTranslatorPB.processRequest(OzoneManagerProtocolServerSideTranslatorPB.java:175) ~[ozone-manager-1.3.0-SNAPSHOT.jar:?]
	at org.apache.hadoop.hdds.server.OzoneProtocolMessageDispatcher.processRequest(OzoneProtocolMessageDispatcher.java:87) [hdds-server-framework-1.3.0-SNAPSHOT.jar:?]
	at org.apache.hadoop.ozone.protocolPB.OzoneManagerProtocolServerSideTranslatorPB.submitRequest(OzoneManagerProtocolServerSideTranslatorPB.java:147) [ozone-manager-1.3.0-SNAPSHOT.jar:?]
	at org.apache.hadoop.ozone.protocol.proto.OzoneManagerProtocolProtos$OzoneManagerService$2.callBlockingMethod(OzoneManagerProtocolProtos.java) [ozone-interface-client-1.3.0-SNAPSHOT.jar:?]
	at org.apache.hadoop.ipc.ProtobufRpcEngine$Server.processCall(ProtobufRpcEngine.java:466) [hadoop-common-3.3.1.jar:?]
	at org.apache.hadoop.ipc.ProtobufRpcEngine2$Server$ProtoBufRpcInvoker.call(ProtobufRpcEngine2.java:574) [hadoop-common-3.3.1.jar:?]
	at org.apache.hadoop.ipc.ProtobufRpcEngine2$Server$ProtoBufRpcInvoker.call(ProtobufRpcEngine2.java:552) [hadoop-common-3.3.1.jar:?]
	at org.apache.hadoop.ipc.RPC$Server.call(RPC.java:1093) [hadoop-common-3.3.1.jar:?]
	at org.apache.hadoop.ipc.Server$RpcCall.run(Server.java:1035) [hadoop-common-3.3.1.jar:?]
	at org.apache.hadoop.ipc.Server$RpcCall.run(Server.java:963) [hadoop-common-3.3.1.jar:?]
	at java.security.AccessController.doPrivileged(Native Method) ~[?:1.8.0_332]
	at javax.security.auth.Subject.doAs(Subject.java:422) [?:1.8.0_332]
	at org.apache.hadoop.security.UserGroupInformation.doAs(UserGroupInformation.java:1878) [hadoop-common-3.3.1.jar:?]
	at org.apache.hadoop.ipc.Server$Handler.run(Server.java:2966) [hadoop-common-3.3.1.jar:?]
23:16:54.650 [IPC Server handler 1 on default port 44809] ERROR OMAudit - user=runner | ip=127.0.0.1 | op=GET_FILE_STATUS {volume=volume38622, bucket=trashroottest2, key=.Trash/runner, dataSize=0, replicationConfig=null} | ret=FAILURE
org.apache.hadoop.ozone.om.exceptions.OMException: Unable to get file status: volume: volume38622 bucket: trashroottest2 key: .Trash/runner
	at org.apache.hadoop.ozone.om.KeyManagerImpl.getOzoneFileStatusFSO(KeyManagerImpl.java:1376) ~[ozone-manager-1.3.0-SNAPSHOT.jar:?]
	at org.apache.hadoop.ozone.om.KeyManagerImpl.getFileStatus(KeyManagerImpl.java:1239) ~[ozone-manager-1.3.0-SNAPSHOT.jar:?]
	at org.apache.hadoop.ozone.om.OzoneManager.getFileStatus(OzoneManager.java:3467) ~[ozone-manager-1.3.0-SNAPSHOT.jar:?]
	at org.apache.hadoop.ozone.protocolPB.OzoneManagerRequestHandler.getOzoneFileStatus(OzoneManagerRequestHandler.java:878) ~[ozone-manager-1.3.0-SNAPSHOT.jar:?]
	at org.apache.hadoop.ozone.protocolPB.OzoneManagerRequestHandler.handleReadRequest(OzoneManagerRequestHandler.java:224) ~[ozone-manager-1.3.0-SNAPSHOT.jar:?]
	at org.apache.hadoop.ozone.protocolPB.OzoneManagerProtocolServerSideTranslatorPB.submitReadRequestToOM(OzoneManagerProtocolServerSideTranslatorPB.java:226) ~[ozone-manager-1.3.0-SNAPSHOT.jar:?]
	at org.apache.hadoop.ozone.protocolPB.OzoneManagerProtocolServerSideTranslatorPB.processRequest(OzoneManagerProtocolServerSideTranslatorPB.java:175) ~[ozone-manager-1.3.0-SNAPSHOT.jar:?]
	at org.apache.hadoop.hdds.server.OzoneProtocolMessageDispatcher.processRequest(OzoneProtocolMessageDispatcher.java:87) [hdds-server-framework-1.3.0-SNAPSHOT.jar:?]
	at org.apache.hadoop.ozone.protocolPB.OzoneManagerProtocolServerSideTranslatorPB.submitRequest(OzoneManagerProtocolServerSideTranslatorPB.java:147) [ozone-manager-1.3.0-SNAPSHOT.jar:?]
	at org.apache.hadoop.ozone.protocol.proto.OzoneManagerProtocolProtos$OzoneManagerService$2.callBlockingMethod(OzoneManagerProtocolProtos.java) [ozone-interface-client-1.3.0-SNAPSHOT.jar:?]
	at org.apache.hadoop.ipc.ProtobufRpcEngine$Server.processCall(ProtobufRpcEngine.java:466) [hadoop-common-3.3.1.jar:?]
	at org.apache.hadoop.ipc.ProtobufRpcEngine2$Server$ProtoBufRpcInvoker.call(ProtobufRpcEngine2.java:574) [hadoop-common-3.3.1.jar:?]
	at org.apache.hadoop.ipc.ProtobufRpcEngine2$Server$ProtoBufRpcInvoker.call(ProtobufRpcEngine2.java:552) [hadoop-common-3.3.1.jar:?]
	at org.apache.hadoop.ipc.RPC$Server.call(RPC.java:1093) [hadoop-common-3.3.1.jar:?]
	at org.apache.hadoop.ipc.Server$RpcCall.run(Server.java:1035) [hadoop-common-3.3.1.jar:?]
	at org.apache.hadoop.ipc.Server$RpcCall.run(Server.java:963) [hadoop-common-3.3.1.jar:?]
	at java.security.AccessController.doPrivileged(Native Method) ~[?:1.8.0_332]
	at javax.security.auth.Subject.doAs(Subject.java:422) [?:1.8.0_332]
	at org.apache.hadoop.security.UserGroupInformation.doAs(UserGroupInformation.java:1878) [hadoop-common-3.3.1.jar:?]
	at org.apache.hadoop.ipc.Server$Handler.run(Server.java:2966) [hadoop-common-3.3.1.jar:?]
23:16:54.652 [IPC Server handler 7 on default port 44809] ERROR OMAudit - user=runner | ip=127.0.0.1 | op=GET_FILE_STATUS {volume=volume90431, bucket=bucket77432, key=.Trash/runner, dataSize=0, replicationConfig=null} | ret=FAILURE
org.apache.hadoop.ozone.om.exceptions.OMException: Unable to get file status: volume: volume90431 bucket: bucket77432 key: .Trash/runner
	at org.apache.hadoop.ozone.om.KeyManagerImpl.getOzoneFileStatusFSO(KeyManagerImpl.java:1376) ~[ozone-manager-1.3.0-SNAPSHOT.jar:?]
	at org.apache.hadoop.ozone.om.KeyManagerImpl.getFileStatus(KeyManagerImpl.java:1239) ~[ozone-manager-1.3.0-SNAPSHOT.jar:?]
	at org.apache.hadoop.ozone.om.OzoneManager.getFileStatus(OzoneManager.java:3467) ~[ozone-manager-1.3.0-SNAPSHOT.jar:?]
	at org.apache.hadoop.ozone.protocolPB.OzoneManagerRequestHandler.getOzoneFileStatus(OzoneManagerRequestHandler.java:878) ~[ozone-manager-1.3.0-SNAPSHOT.jar:?]
	at org.apache.hadoop.ozone.protocolPB.OzoneManagerRequestHandler.handleReadRequest(OzoneManagerRequestHandler.java:224) ~[ozone-manager-1.3.0-SNAPSHOT.jar:?]
	at org.apache.hadoop.ozone.protocolPB.OzoneManagerProtocolServerSideTranslatorPB.submitReadRequestToOM(OzoneManagerProtocolServerSideTranslatorPB.java:226) ~[ozone-manager-1.3.0-SNAPSHOT.jar:?]
	at org.apache.hadoop.ozone.protocolPB.OzoneManagerProtocolServerSideTranslatorPB.processRequest(OzoneManagerProtocolServerSideTranslatorPB.java:175) ~[ozone-manager-1.3.0-SNAPSHOT.jar:?]
	at org.apache.hadoop.hdds.server.OzoneProtocolMessageDispatcher.processRequest(OzoneProtocolMessageDispatcher.java:87) [hdds-server-framework-1.3.0-SNAPSHOT.jar:?]
	at org.apache.hadoop.ozone.protocolPB.OzoneManagerProtocolServerSideTranslatorPB.submitRequest(OzoneManagerProtocolServerSideTranslatorPB.java:147) [ozone-manager-1.3.0-SNAPSHOT.jar:?]
	at org.apache.hadoop.ozone.protocol.proto.OzoneManagerProtocolProtos$OzoneManagerService$2.callBlockingMethod(OzoneManagerProtocolProtos.java) [ozone-interface-client-1.3.0-SNAPSHOT.jar:?]
	at org.apache.hadoop.ipc.ProtobufRpcEngine$Server.processCall(ProtobufRpcEngine.java:466) [hadoop-common-3.3.1.jar:?]
	at org.apache.hadoop.ipc.ProtobufRpcEngine2$Server$ProtoBufRpcInvoker.call(ProtobufRpcEngine2.java:574) [hadoop-common-3.3.1.jar:?]
	at org.apache.hadoop.ipc.ProtobufRpcEngine2$Server$ProtoBufRpcInvoker.call(ProtobufRpcEngine2.java:552) [hadoop-common-3.3.1.jar:?]
	at org.apache.hadoop.ipc.RPC$Server.call(RPC.java:1093) [hadoop-common-3.3.1.jar:?]
	at org.apache.hadoop.ipc.Server$RpcCall.run(Server.java:1035) [hadoop-common-3.3.1.jar:?]
	at org.apache.hadoop.ipc.Server$RpcCall.run(Server.java:963) [hadoop-common-3.3.1.jar:?]
	at java.security.AccessController.doPrivileged(Native Method) ~[?:1.8.0_332]
	at javax.security.auth.Subject.doAs(Subject.java:422) [?:1.8.0_332]
	at org.apache.hadoop.security.UserGroupInformation.doAs(UserGroupInformation.java:1878) [hadoop-common-3.3.1.jar:?]
	at org.apache.hadoop.ipc.Server$Handler.run(Server.java:2966) [hadoop-common-3.3.1.jar:?]
23:16:54.654 [IPC Server handler 9 on default port 44809] ERROR OMAudit - user=runner | ip=127.0.0.1 | op=GET_FILE_STATUS {volume=volume-24287, bucket=bucket-50715, key=.Trash/runner, dataSize=0, replicationConfig=null} | ret=FAILURE
org.apache.hadoop.ozone.om.exceptions.OMException: Unable to get file status: volume: volume-24287 bucket: bucket-50715 key: .Trash/runner
	at org.apache.hadoop.ozone.om.KeyManagerImpl.getOzoneFileStatusFSO(KeyManagerImpl.java:1376) ~[ozone-manager-1.3.0-SNAPSHOT.jar:?]
	at org.apache.hadoop.ozone.om.KeyManagerImpl.getFileStatus(KeyManagerImpl.java:1239) ~[ozone-manager-1.3.0-SNAPSHOT.jar:?]
	at org.apache.hadoop.ozone.om.OzoneManager.getFileStatus(OzoneManager.java:3467) ~[ozone-manager-1.3.0-SNAPSHOT.jar:?]
	at org.apache.hadoop.ozone.protocolPB.OzoneManagerRequestHandler.getOzoneFileStatus(OzoneManagerRequestHandler.java:878) ~[ozone-manager-1.3.0-SNAPSHOT.jar:?]
	at org.apache.hadoop.ozone.protocolPB.OzoneManagerRequestHandler.handleReadRequest(OzoneManagerRequestHandler.java:224) ~[ozone-manager-1.3.0-SNAPSHOT.jar:?]
	at org.apache.hadoop.ozone.protocolPB.OzoneManagerProtocolServerSideTranslatorPB.submitReadRequestToOM(OzoneManagerProtocolServerSideTranslatorPB.java:226) ~[ozone-manager-1.3.0-SNAPSHOT.jar:?]
	at org.apache.hadoop.ozone.protocolPB.OzoneManagerProtocolServerSideTranslatorPB.processRequest(OzoneManagerProtocolServerSideTranslatorPB.java:175) ~[ozone-manager-1.3.0-SNAPSHOT.jar:?]
	at org.apache.hadoop.hdds.server.OzoneProtocolMessageDispatcher.processRequest(OzoneProtocolMessageDispatcher.java:87) [hdds-server-framework-1.3.0-SNAPSHOT.jar:?]
	at org.apache.hadoop.ozone.protocolPB.OzoneManagerProtocolServerSideTranslatorPB.submitRequest(OzoneManagerProtocolServerSideTranslatorPB.java:147) [ozone-manager-1.3.0-SNAPSHOT.jar:?]
	at org.apache.hadoop.ozone.protocol.proto.OzoneManagerProtocolProtos$OzoneManagerService$2.callBlockingMethod(OzoneManagerProtocolProtos.java) [ozone-interface-client-1.3.0-SNAPSHOT.jar:?]
	at org.apache.hadoop.ipc.ProtobufRpcEngine$Server.processCall(ProtobufRpcEngine.java:466) [hadoop-common-3.3.1.jar:?]
	at org.apache.hadoop.ipc.ProtobufRpcEngine2$Server$ProtoBufRpcInvoker.call(ProtobufRpcEngine2.java:574) [hadoop-common-3.3.1.jar:?]
	at org.apache.hadoop.ipc.ProtobufRpcEngine2$Server$ProtoBufRpcInvoker.call(ProtobufRpcEngine2.java:552) [hadoop-common-3.3.1.jar:?]
	at org.apache.hadoop.ipc.RPC$Server.call(RPC.java:1093) [hadoop-common-3.3.1.jar:?]
	at org.apache.hadoop.ipc.Server$RpcCall.run(Server.java:1035) [hadoop-common-3.3.1.jar:?]
	at org.apache.hadoop.ipc.Server$RpcCall.run(Server.java:963) [hadoop-common-3.3.1.jar:?]
	at java.security.AccessController.doPrivileged(Native Method) ~[?:1.8.0_332]
	at javax.security.auth.Subject.doAs(Subject.java:422) [?:1.8.0_332]
	at org.apache.hadoop.security.UserGroupInformation.doAs(UserGroupInformation.java:1878) [hadoop-common-3.3.1.jar:?]
	at org.apache.hadoop.ipc.Server$Handler.run(Server.java:2966) [hadoop-common-3.3.1.jar:?]
23:16:54.657 [IPC Server handler 18 on default port 44809] ERROR OMAudit - user=runner | ip=127.0.0.1 | op=GET_FILE_STATUS {volume=volume-16582, bucket=bucket-89793, key=.Trash/runner, dataSize=0, replicationConfig=null} | ret=FAILURE
org.apache.hadoop.ozone.om.exceptions.OMException: Unable to get file status: volume: volume-16582 bucket: bucket-89793 key: .Trash/runner
	at org.apache.hadoop.ozone.om.KeyManagerImpl.getOzoneFileStatusFSO(KeyManagerImpl.java:1376) ~[ozone-manager-1.3.0-SNAPSHOT.jar:?]
	at org.apache.hadoop.ozone.om.KeyManagerImpl.getFileStatus(KeyManagerImpl.java:1239) ~[ozone-manager-1.3.0-SNAPSHOT.jar:?]
	at org.apache.hadoop.ozone.om.OzoneManager.getFileStatus(OzoneManager.java:3467) ~[ozone-manager-1.3.0-SNAPSHOT.jar:?]
	at org.apache.hadoop.ozone.protocolPB.OzoneManagerRequestHandler.getOzoneFileStatus(OzoneManagerRequestHandler.java:878) ~[ozone-manager-1.3.0-SNAPSHOT.jar:?]
	at org.apache.hadoop.ozone.protocolPB.OzoneManagerRequestHandler.handleReadRequest(OzoneManagerRequestHandler.java:224) ~[ozone-manager-1.3.0-SNAPSHOT.jar:?]
	at org.apache.hadoop.ozone.protocolPB.OzoneManagerProtocolServerSideTranslatorPB.submitReadRequestToOM(OzoneManagerProtocolServerSideTranslatorPB.java:226) ~[ozone-manager-1.3.0-SNAPSHOT.jar:?]
	at org.apache.hadoop.ozone.protocolPB.OzoneManagerProtocolServerSideTranslatorPB.processRequest(OzoneManagerProtocolServerSideTranslatorPB.java:175) ~[ozone-manager-1.3.0-SNAPSHOT.jar:?]
	at org.apache.hadoop.hdds.server.OzoneProtocolMessageDispatcher.processRequest(OzoneProtocolMessageDispatcher.java:87) [hdds-server-framework-1.3.0-SNAPSHOT.jar:?]
	at org.apache.hadoop.ozone.protocolPB.OzoneManagerProtocolServerSideTranslatorPB.submitRequest(OzoneManagerProtocolServerSideTranslatorPB.java:147) [ozone-manager-1.3.0-SNAPSHOT.jar:?]
	at org.apache.hadoop.ozone.protocol.proto.OzoneManagerProtocolProtos$OzoneManagerService$2.callBlockingMethod(OzoneManagerProtocolProtos.java) [ozone-interface-client-1.3.0-SNAPSHOT.jar:?]
	at org.apache.hadoop.ipc.ProtobufRpcEngine$Server.processCall(ProtobufRpcEngine.java:466) [hadoop-common-3.3.1.jar:?]
	at org.apache.hadoop.ipc.ProtobufRpcEngine2$Server$ProtoBufRpcInvoker.call(ProtobufRpcEngine2.java:574) [hadoop-common-3.3.1.jar:?]
	at org.apache.hadoop.ipc.ProtobufRpcEngine2$Server$ProtoBufRpcInvoker.call(ProtobufRpcEngine2.java:552) [hadoop-common-3.3.1.jar:?]
	at org.apache.hadoop.ipc.RPC$Server.call(RPC.java:1093) [hadoop-common-3.3.1.jar:?]
	at org.apache.hadoop.ipc.Server$RpcCall.run(Server.java:1035) [hadoop-common-3.3.1.jar:?]
	at org.apache.hadoop.ipc.Server$RpcCall.run(Server.java:963) [hadoop-common-3.3.1.jar:?]
	at java.security.AccessController.doPrivileged(Native Method) ~[?:1.8.0_332]
	at javax.security.auth.Subject.doAs(Subject.java:422) [?:1.8.0_332]
	at org.apache.hadoop.security.UserGroupInformation.doAs(UserGroupInformation.java:1878) [hadoop-common-3.3.1.jar:?]
	at org.apache.hadoop.ipc.Server$Handler.run(Server.java:2966) [hadoop-common-3.3.1.jar:?]
23:16:54.660 [IPC Server handler 0 on default port 44809] ERROR OMAudit - user=runner | ip=127.0.0.1 | op=GET_FILE_STATUS {volume=5116d0ed-d071-409d-8a7f-6a531960eda2, bucket=718ffb63-c792-444e-b8d7-58459fef9ce2, key=.Trash, dataSize=0, replicationConfig=null} | ret=FAILURE
org.apache.hadoop.ozone.om.exceptions.OMException: Unable to get file status: volume: 5116d0ed-d071-409d-8a7f-6a531960eda2 bucket: 718ffb63-c792-444e-b8d7-58459fef9ce2 key: .Trash
	at org.apache.hadoop.ozone.om.KeyManagerImpl.getOzoneFileStatus(KeyManagerImpl.java:1311) ~[ozone-manager-1.3.0-SNAPSHOT.jar:?]
	at org.apache.hadoop.ozone.om.KeyManagerImpl.getFileStatus(KeyManagerImpl.java:1241) ~[ozone-manager-1.3.0-SNAPSHOT.jar:?]
	at org.apache.hadoop.ozone.om.OzoneManager.getFileStatus(OzoneManager.java:3467) ~[ozone-manager-1.3.0-SNAPSHOT.jar:?]
	at org.apache.hadoop.ozone.protocolPB.OzoneManagerRequestHandler.getOzoneFileStatus(OzoneManagerRequestHandler.java:878) ~[ozone-manager-1.3.0-SNAPSHOT.jar:?]
	at org.apache.hadoop.ozone.protocolPB.OzoneManagerRequestHandler.handleReadRequest(OzoneManagerRequestHandler.java:224) ~[ozone-manager-1.3.0-SNAPSHOT.jar:?]
	at org.apache.hadoop.ozone.protocolPB.OzoneManagerProtocolServerSideTranslatorPB.submitReadRequestToOM(OzoneManagerProtocolServerSideTranslatorPB.java:226) ~[ozone-manager-1.3.0-SNAPSHOT.jar:?]
	at org.apache.hadoop.ozone.protocolPB.OzoneManagerProtocolServerSideTranslatorPB.processRequest(OzoneManagerProtocolServerSideTranslatorPB.java:175) ~[ozone-manager-1.3.0-SNAPSHOT.jar:?]
	at org.apache.hadoop.hdds.server.OzoneProtocolMessageDispatcher.processRequest(OzoneProtocolMessageDispatcher.java:87) [hdds-server-framework-1.3.0-SNAPSHOT.jar:?]
	at org.apache.hadoop.ozone.protocolPB.OzoneManagerProtocolServerSideTranslatorPB.submitRequest(OzoneManagerProtocolServerSideTranslatorPB.java:147) [ozone-manager-1.3.0-SNAPSHOT.jar:?]
	at org.apache.hadoop.ozone.protocol.proto.OzoneManagerProtocolProtos$OzoneManagerService$2.callBlockingMethod(OzoneManagerProtocolProtos.java) [ozone-interface-client-1.3.0-SNAPSHOT.jar:?]
	at org.apache.hadoop.ipc.ProtobufRpcEngine$Server.processCall(ProtobufRpcEngine.java:466) [hadoop-common-3.3.1.jar:?]
	at org.apache.hadoop.ipc.ProtobufRpcEngine2$Server$ProtoBufRpcInvoker.call(ProtobufRpcEngine2.java:574) [hadoop-common-3.3.1.jar:?]
	at org.apache.hadoop.ipc.ProtobufRpcEngine2$Server$ProtoBufRpcInvoker.call(ProtobufRpcEngine2.java:552) [hadoop-common-3.3.1.jar:?]
	at org.apache.hadoop.ipc.RPC$Server.call(RPC.java:1093) [hadoop-common-3.3.1.jar:?]
	at org.apache.hadoop.ipc.Server$RpcCall.run(Server.java:1035) [hadoop-common-3.3.1.jar:?]
	at org.apache.hadoop.ipc.Server$RpcCall.run(Server.java:963) [hadoop-common-3.3.1.jar:?]
	at java.security.AccessController.doPrivileged(Native Method) ~[?:1.8.0_332]
	at javax.security.auth.Subject.doAs(Subject.java:422) [?:1.8.0_332]
	at org.apache.hadoop.security.UserGroupInformation.doAs(UserGroupInformation.java:1878) [hadoop-common-3.3.1.jar:?]
	at org.apache.hadoop.ipc.Server$Handler.run(Server.java:2966) [hadoop-common-3.3.1.jar:?]
23:16:54.661 [IPC Server handler 7 on default port 44809] ERROR OMAudit - user=runner | ip=127.0.0.1 | op=GET_FILE_STATUS {volume=volume-16582, bucket=bucket-89793, key=.Trash, dataSize=0, replicationConfig=null} | ret=FAILURE
org.apache.hadoop.ozone.om.exceptions.OMException: Unable to get file status: volume: volume-16582 bucket: bucket-89793 key: .Trash
	at org.apache.hadoop.ozone.om.KeyManagerImpl.getOzoneFileStatusFSO(KeyManagerImpl.java:1376) ~[ozone-manager-1.3.0-SNAPSHOT.jar:?]
	at org.apache.hadoop.ozone.om.KeyManagerImpl.getFileStatus(KeyManagerImpl.java:1239) ~[ozone-manager-1.3.0-SNAPSHOT.jar:?]
	at org.apache.hadoop.ozone.om.OzoneManager.getFileStatus(OzoneManager.java:3467) ~[ozone-manager-1.3.0-SNAPSHOT.jar:?]
	at org.apache.hadoop.ozone.protocolPB.OzoneManagerRequestHandler.getOzoneFileStatus(OzoneManagerRequestHandler.java:878) ~[ozone-manager-1.3.0-SNAPSHOT.jar:?]
	at org.apache.hadoop.ozone.protocolPB.OzoneManagerRequestHandler.handleReadRequest(OzoneManagerRequestHandler.java:224) ~[ozone-manager-1.3.0-SNAPSHOT.jar:?]
	at org.apache.hadoop.ozone.protocolPB.OzoneManagerProtocolServerSideTranslatorPB.submitReadRequestToOM(OzoneManagerProtocolServerSideTranslatorPB.java:226) ~[ozone-manager-1.3.0-SNAPSHOT.jar:?]
	at org.apache.hadoop.ozone.protocolPB.OzoneManagerProtocolServerSideTranslatorPB.processRequest(OzoneManagerProtocolServerSideTranslatorPB.java:175) ~[ozone-manager-1.3.0-SNAPSHOT.jar:?]
	at org.apache.hadoop.hdds.server.OzoneProtocolMessageDispatcher.processRequest(OzoneProtocolMessageDispatcher.java:87) [hdds-server-framework-1.3.0-SNAPSHOT.jar:?]
	at org.apache.hadoop.ozone.protocolPB.OzoneManagerProtocolServerSideTranslatorPB.submitRequest(OzoneManagerProtocolServerSideTranslatorPB.java:147) [ozone-manager-1.3.0-SNAPSHOT.jar:?]
	at org.apache.hadoop.ozone.protocol.proto.OzoneManagerProtocolProtos$OzoneManagerService$2.callBlockingMethod(OzoneManagerProtocolProtos.java) [ozone-interface-client-1.3.0-SNAPSHOT.jar:?]
	at org.apache.hadoop.ipc.ProtobufRpcEngine$Server.processCall(ProtobufRpcEngine.java:466) [hadoop-common-3.3.1.jar:?]
	at org.apache.hadoop.ipc.ProtobufRpcEngine2$Server$ProtoBufRpcInvoker.call(ProtobufRpcEngine2.java:574) [hadoop-common-3.3.1.jar:?]
	at org.apache.hadoop.ipc.ProtobufRpcEngine2$Server$ProtoBufRpcInvoker.call(ProtobufRpcEngine2.java:552) [hadoop-common-3.3.1.jar:?]
	at org.apache.hadoop.ipc.RPC$Server.call(RPC.java:1093) [hadoop-common-3.3.1.jar:?]
	at org.apache.hadoop.ipc.Server$RpcCall.run(Server.java:1035) [hadoop-common-3.3.1.jar:?]
	at org.apache.hadoop.ipc.Server$RpcCall.run(Server.java:963) [hadoop-common-3.3.1.jar:?]
	at java.security.AccessController.doPrivileged(Native Method) ~[?:1.8.0_332]
	at javax.security.auth.Subject.doAs(Subject.java:422) [?:1.8.0_332]
	at org.apache.hadoop.security.UserGroupInformation.doAs(UserGroupInformation.java:1878) [hadoop-common-3.3.1.jar:?]
	at org.apache.hadoop.ipc.Server$Handler.run(Server.java:2966) [hadoop-common-3.3.1.jar:?]
23:16:54.667 [IPC Server handler 11 on default port 44809] ERROR OMAudit - user=runner | ip=127.0.0.1 | op=GET_FILE_STATUS {volume=volume-24287, bucket=bucket-50715, key=.Trash, dataSize=0, replicationConfig=null} | ret=FAILURE
org.apache.hadoop.ozone.om.exceptions.OMException: Unable to get file status: volume: volume-24287 bucket: bucket-50715 key: .Trash
	at org.apache.hadoop.ozone.om.KeyManagerImpl.getOzoneFileStatusFSO(KeyManagerImpl.java:1376) ~[ozone-manager-1.3.0-SNAPSHOT.jar:?]
	at org.apache.hadoop.ozone.om.KeyManagerImpl.getFileStatus(KeyManagerImpl.java:1239) ~[ozone-manager-1.3.0-SNAPSHOT.jar:?]
	at org.apache.hadoop.ozone.om.OzoneManager.getFileStatus(OzoneManager.java:3467) ~[ozone-manager-1.3.0-SNAPSHOT.jar:?]
	at org.apache.hadoop.ozone.protocolPB.OzoneManagerRequestHandler.getOzoneFileStatus(OzoneManagerRequestHandler.java:878) ~[ozone-manager-1.3.0-SNAPSHOT.jar:?]
	at org.apache.hadoop.ozone.protocolPB.OzoneManagerRequestHandler.handleReadRequest(OzoneManagerRequestHandler.java:224) ~[ozone-manager-1.3.0-SNAPSHOT.jar:?]
	at org.apache.hadoop.ozone.protocolPB.OzoneManagerProtocolServerSideTranslatorPB.submitReadRequestToOM(OzoneManagerProtocolServerSideTranslatorPB.java:226) ~[ozone-manager-1.3.0-SNAPSHOT.jar:?]
	at org.apache.hadoop.ozone.protocolPB.OzoneManagerProtocolServerSideTranslatorPB.processRequest(OzoneManagerProtocolServerSideTranslatorPB.java:175) ~[ozone-manager-1.3.0-SNAPSHOT.jar:?]
	at org.apache.hadoop.hdds.server.OzoneProtocolMessageDispatcher.processRequest(OzoneProtocolMessageDispatcher.java:87) [hdds-server-framework-1.3.0-SNAPSHOT.jar:?]
	at org.apache.hadoop.ozone.protocolPB.OzoneManagerProtocolServerSideTranslatorPB.submitRequest(OzoneManagerProtocolServerSideTranslatorPB.java:147) [ozone-manager-1.3.0-SNAPSHOT.jar:?]
	at org.apache.hadoop.ozone.protocol.proto.OzoneManagerProtocolProtos$OzoneManagerService$2.callBlockingMethod(OzoneManagerProtocolProtos.java) [ozone-interface-client-1.3.0-SNAPSHOT.jar:?]
	at org.apache.hadoop.ipc.ProtobufRpcEngine$Server.processCall(ProtobufRpcEngine.java:466) [hadoop-common-3.3.1.jar:?]
	at org.apache.hadoop.ipc.ProtobufRpcEngine2$Server$ProtoBufRpcInvoker.call(ProtobufRpcEngine2.java:574) [hadoop-common-3.3.1.jar:?]
	at org.apache.hadoop.ipc.ProtobufRpcEngine2$Server$ProtoBufRpcInvoker.call(ProtobufRpcEngine2.java:552) [hadoop-common-3.3.1.jar:?]
	at org.apache.hadoop.ipc.RPC$Server.call(RPC.java:1093) [hadoop-common-3.3.1.jar:?]
	at org.apache.hadoop.ipc.Server$RpcCall.run(Server.java:1035) [hadoop-common-3.3.1.jar:?]
	at org.apache.hadoop.ipc.Server$RpcCall.run(Server.java:963) [hadoop-common-3.3.1.jar:?]
	at java.security.AccessController.doPrivileged(Native Method) ~[?:1.8.0_332]
	at javax.security.auth.Subject.doAs(Subject.java:422) [?:1.8.0_332]
	at org.apache.hadoop.security.UserGroupInformation.doAs(UserGroupInformation.java:1878) [hadoop-common-3.3.1.jar:?]
	at org.apache.hadoop.ipc.Server$Handler.run(Server.java:2966) [hadoop-common-3.3.1.jar:?]
23:16:54.672 [IPC Server handler 0 on default port 44809] ERROR OMAudit - user=runner | ip=127.0.0.1 | op=GET_FILE_STATUS {volume=volume38622, bucket=trashroottest2, key=.Trash, dataSize=0, replicationConfig=null} | ret=FAILURE
org.apache.hadoop.ozone.om.exceptions.OMException: Unable to get file status: volume: volume38622 bucket: trashroottest2 key: .Trash
	at org.apache.hadoop.ozone.om.KeyManagerImpl.getOzoneFileStatusFSO(KeyManagerImpl.java:1376) ~[ozone-manager-1.3.0-SNAPSHOT.jar:?]
	at org.apache.hadoop.ozone.om.KeyManagerImpl.getFileStatus(KeyManagerImpl.java:1239) ~[ozone-manager-1.3.0-SNAPSHOT.jar:?]
	at org.apache.hadoop.ozone.om.OzoneManager.getFileStatus(OzoneManager.java:3467) ~[ozone-manager-1.3.0-SNAPSHOT.jar:?]
	at org.apache.hadoop.ozone.protocolPB.OzoneManagerRequestHandler.getOzoneFileStatus(OzoneManagerRequestHandler.java:878) ~[ozone-manager-1.3.0-SNAPSHOT.jar:?]
	at org.apache.hadoop.ozone.protocolPB.OzoneManagerRequestHandler.handleReadRequest(OzoneManagerRequestHandler.java:224) ~[ozone-manager-1.3.0-SNAPSHOT.jar:?]
	at org.apache.hadoop.ozone.protocolPB.OzoneManagerProtocolServerSideTranslatorPB.submitReadRequestToOM(OzoneManagerProtocolServerSideTranslatorPB.java:226) ~[ozone-manager-1.3.0-SNAPSHOT.jar:?]
	at org.apache.hadoop.ozone.protocolPB.OzoneManagerProtocolServerSideTranslatorPB.processRequest(OzoneManagerProtocolServerSideTranslatorPB.java:175) ~[ozone-manager-1.3.0-SNAPSHOT.jar:?]
	at org.apache.hadoop.hdds.server.OzoneProtocolMessageDispatcher.processRequest(OzoneProtocolMessageDispatcher.java:87) [hdds-server-framework-1.3.0-SNAPSHOT.jar:?]
	at org.apache.hadoop.ozone.protocolPB.OzoneManagerProtocolServerSideTranslatorPB.submitRequest(OzoneManagerProtocolServerSideTranslatorPB.java:147) [ozone-manager-1.3.0-SNAPSHOT.jar:?]
	at org.apache.hadoop.ozone.protocol.proto.OzoneManagerProtocolProtos$OzoneManagerService$2.callBlockingMethod(OzoneManagerProtocolProtos.java) [ozone-interface-client-1.3.0-SNAPSHOT.jar:?]
	at org.apache.hadoop.ipc.ProtobufRpcEngine$Server.processCall(ProtobufRpcEngine.java:466) [hadoop-common-3.3.1.jar:?]
	at org.apache.hadoop.ipc.ProtobufRpcEngine2$Server$ProtoBufRpcInvoker.call(ProtobufRpcEngine2.java:574) [hadoop-common-3.3.1.jar:?]
	at org.apache.hadoop.ipc.ProtobufRpcEngine2$Server$ProtoBufRpcInvoker.call(ProtobufRpcEngine2.java:552) [hadoop-common-3.3.1.jar:?]
	at org.apache.hadoop.ipc.RPC$Server.call(RPC.java:1093) [hadoop-common-3.3.1.jar:?]
	at org.apache.hadoop.ipc.Server$RpcCall.run(Server.java:1035) [hadoop-common-3.3.1.jar:?]
	at org.apache.hadoop.ipc.Server$RpcCall.run(Server.java:963) [hadoop-common-3.3.1.jar:?]
	at java.security.AccessController.doPrivileged(Native Method) ~[?:1.8.0_332]
	at javax.security.auth.Subject.doAs(Subject.java:422) [?:1.8.0_332]
	at org.apache.hadoop.security.UserGroupInformation.doAs(UserGroupInformation.java:1878) [hadoop-common-3.3.1.jar:?]
	at org.apache.hadoop.ipc.Server$Handler.run(Server.java:2966) [hadoop-common-3.3.1.jar:?]
23:16:54.673 [IPC Server handler 5 on default port 44809] ERROR OMAudit - user=runner | ip=127.0.0.1 | op=GET_FILE_STATUS {volume=volume90431, bucket=bucket77432, key=.Trash, dataSize=0, replicationConfig=null} | ret=FAILURE
org.apache.hadoop.ozone.om.exceptions.OMException: Unable to get file status: volume: volume90431 bucket: bucket77432 key: .Trash
	at org.apache.hadoop.ozone.om.KeyManagerImpl.getOzoneFileStatusFSO(KeyManagerImpl.java:1376) ~[ozone-manager-1.3.0-SNAPSHOT.jar:?]
	at org.apache.hadoop.ozone.om.KeyManagerImpl.getFileStatus(KeyManagerImpl.java:1239) ~[ozone-manager-1.3.0-SNAPSHOT.jar:?]
	at org.apache.hadoop.ozone.om.OzoneManager.getFileStatus(OzoneManager.java:3467) ~[ozone-manager-1.3.0-SNAPSHOT.jar:?]
	at org.apache.hadoop.ozone.protocolPB.OzoneManagerRequestHandler.getOzoneFileStatus(OzoneManagerRequestHandler.java:878) ~[ozone-manager-1.3.0-SNAPSHOT.jar:?]
	at org.apache.hadoop.ozone.protocolPB.OzoneManagerRequestHandler.handleReadRequest(OzoneManagerRequestHandler.java:224) ~[ozone-manager-1.3.0-SNAPSHOT.jar:?]
	at org.apache.hadoop.ozone.protocolPB.OzoneManagerProtocolServerSideTranslatorPB.submitReadRequestToOM(OzoneManagerProtocolServerSideTranslatorPB.java:226) ~[ozone-manager-1.3.0-SNAPSHOT.jar:?]
	at org.apache.hadoop.ozone.protocolPB.OzoneManagerProtocolServerSideTranslatorPB.processRequest(OzoneManagerProtocolServerSideTranslatorPB.java:175) ~[ozone-manager-1.3.0-SNAPSHOT.jar:?]
	at org.apache.hadoop.hdds.server.OzoneProtocolMessageDispatcher.processRequest(OzoneProtocolMessageDispatcher.java:87) [hdds-server-framework-1.3.0-SNAPSHOT.jar:?]
	at org.apache.hadoop.ozone.protocolPB.OzoneManagerProtocolServerSideTranslatorPB.submitRequest(OzoneManagerProtocolServerSideTranslatorPB.java:147) [ozone-manager-1.3.0-SNAPSHOT.jar:?]
	at org.apache.hadoop.ozone.protocol.proto.OzoneManagerProtocolProtos$OzoneManagerService$2.callBlockingMethod(OzoneManagerProtocolProtos.java) [ozone-interface-client-1.3.0-SNAPSHOT.jar:?]
	at org.apache.hadoop.ipc.ProtobufRpcEngine$Server.processCall(ProtobufRpcEngine.java:466) [hadoop-common-3.3.1.jar:?]
	at org.apache.hadoop.ipc.ProtobufRpcEngine2$Server$ProtoBufRpcInvoker.call(ProtobufRpcEngine2.java:574) [hadoop-common-3.3.1.jar:?]
	at org.apache.hadoop.ipc.ProtobufRpcEngine2$Server$ProtoBufRpcInvoker.call(ProtobufRpcEngine2.java:552) [hadoop-common-3.3.1.jar:?]
	at org.apache.hadoop.ipc.RPC$Server.call(RPC.java:1093) [hadoop-common-3.3.1.jar:?]
	at org.apache.hadoop.ipc.Server$RpcCall.run(Server.java:1035) [hadoop-common-3.3.1.jar:?]
	at org.apache.hadoop.ipc.Server$RpcCall.run(Server.java:963) [hadoop-common-3.3.1.jar:?]
	at java.security.AccessController.doPrivileged(Native Method) ~[?:1.8.0_332]
	at javax.security.auth.Subject.doAs(Subject.java:422) [?:1.8.0_332]
	at org.apache.hadoop.security.UserGroupInformation.doAs(UserGroupInformation.java:1878) [hadoop-common-3.3.1.jar:?]
	at org.apache.hadoop.ipc.Server$Handler.run(Server.java:2966) [hadoop-common-3.3.1.jar:?]
23:16:54.685 [IPC Server handler 2 on default port 44809] ERROR OMAudit - user=runner | ip=127.0.0.1 | op=GET_FILE_STATUS {volume=volume38622, bucket=bucket05227, key=.Trash/runner, dataSize=0, replicationConfig=null} | ret=FAILURE
org.apache.hadoop.ozone.om.exceptions.OMException: Unable to get file status: volume: volume38622 bucket: bucket05227 key: .Trash/runner
	at org.apache.hadoop.ozone.om.KeyManagerImpl.getOzoneFileStatusFSO(KeyManagerImpl.java:1376) ~[ozone-manager-1.3.0-SNAPSHOT.jar:?]
	at org.apache.hadoop.ozone.om.KeyManagerImpl.getFileStatus(KeyManagerImpl.java:1239) ~[ozone-manager-1.3.0-SNAPSHOT.jar:?]
	at org.apache.hadoop.ozone.om.OzoneManager.getFileStatus(OzoneManager.java:3467) ~[ozone-manager-1.3.0-SNAPSHOT.jar:?]
	at org.apache.hadoop.ozone.protocolPB.OzoneManagerRequestHandler.getOzoneFileStatus(OzoneManagerRequestHandler.java:878) ~[ozone-manager-1.3.0-SNAPSHOT.jar:?]
	at org.apache.hadoop.ozone.protocolPB.OzoneManagerRequestHandler.handleReadRequest(OzoneManagerRequestHandler.java:224) ~[ozone-manager-1.3.0-SNAPSHOT.jar:?]
	at org.apache.hadoop.ozone.protocolPB.OzoneManagerProtocolServerSideTranslatorPB.submitReadRequestToOM(OzoneManagerProtocolServerSideTranslatorPB.java:226) ~[ozone-manager-1.3.0-SNAPSHOT.jar:?]
	at org.apache.hadoop.ozone.protocolPB.OzoneManagerProtocolServerSideTranslatorPB.processRequest(OzoneManagerProtocolServerSideTranslatorPB.java:175) ~[ozone-manager-1.3.0-SNAPSHOT.jar:?]
	at org.apache.hadoop.hdds.server.OzoneProtocolMessageDispatcher.processRequest(OzoneProtocolMessageDispatcher.java:87) [hdds-server-framework-1.3.0-SNAPSHOT.jar:?]
	at org.apache.hadoop.ozone.protocolPB.OzoneManagerProtocolServerSideTranslatorPB.submitRequest(OzoneManagerProtocolServerSideTranslatorPB.java:147) [ozone-manager-1.3.0-SNAPSHOT.jar:?]
	at org.apache.hadoop.ozone.protocol.proto.OzoneManagerProtocolProtos$OzoneManagerService$2.callBlockingMethod(OzoneManagerProtocolProtos.java) [ozone-interface-client-1.3.0-SNAPSHOT.jar:?]
	at org.apache.hadoop.ipc.ProtobufRpcEngine$Server.processCall(ProtobufRpcEngine.java:466) [hadoop-common-3.3.1.jar:?]
	at org.apache.hadoop.ipc.ProtobufRpcEngine2$Server$ProtoBufRpcInvoker.call(ProtobufRpcEngine2.java:574) [hadoop-common-3.3.1.jar:?]
	at org.apache.hadoop.ipc.ProtobufRpcEngine2$Server$ProtoBufRpcInvoker.call(ProtobufRpcEngine2.java:552) [hadoop-common-3.3.1.jar:?]
	at org.apache.hadoop.ipc.RPC$Server.call(RPC.java:1093) [hadoop-common-3.3.1.jar:?]
	at org.apache.hadoop.ipc.Server$RpcCall.run(Server.java:1035) [hadoop-common-3.3.1.jar:?]
	at org.apache.hadoop.ipc.Server$RpcCall.run(Server.java:963) [hadoop-common-3.3.1.jar:?]
	at java.security.AccessController.doPrivileged(Native Method) ~[?:1.8.0_332]
	at javax.security.auth.Subject.doAs(Subject.java:422) [?:1.8.0_332]
	at org.apache.hadoop.security.UserGroupInformation.doAs(UserGroupInformation.java:1878) [hadoop-common-3.3.1.jar:?]
	at org.apache.hadoop.ipc.Server$Handler.run(Server.java:2966) [hadoop-common-3.3.1.jar:?]
23:16:54.688 [IPC Server handler 5 on default port 44809] ERROR OMAudit - user=runner | ip=127.0.0.1 | op=GET_FILE_STATUS {volume=volume-24287, bucket=bucket-50715, key=.Trash/runner, dataSize=0, replicationConfig=null} | ret=FAILURE
org.apache.hadoop.ozone.om.exceptions.OMException: Unable to get file status: volume: volume-24287 bucket: bucket-50715 key: .Trash/runner
	at org.apache.hadoop.ozone.om.KeyManagerImpl.getOzoneFileStatusFSO(KeyManagerImpl.java:1376) ~[ozone-manager-1.3.0-SNAPSHOT.jar:?]
	at org.apache.hadoop.ozone.om.KeyManagerImpl.getFileStatus(KeyManagerImpl.java:1239) ~[ozone-manager-1.3.0-SNAPSHOT.jar:?]
	at org.apache.hadoop.ozone.om.OzoneManager.getFileStatus(OzoneManager.java:3467) ~[ozone-manager-1.3.0-SNAPSHOT.jar:?]
	at org.apache.hadoop.ozone.protocolPB.OzoneManagerRequestHandler.getOzoneFileStatus(OzoneManagerRequestHandler.java:878) ~[ozone-manager-1.3.0-SNAPSHOT.jar:?]
	at org.apache.hadoop.ozone.protocolPB.OzoneManagerRequestHandler.handleReadRequest(OzoneManagerRequestHandler.java:224) ~[ozone-manager-1.3.0-SNAPSHOT.jar:?]
	at org.apache.hadoop.ozone.protocolPB.OzoneManagerProtocolServerSideTranslatorPB.submitReadRequestToOM(OzoneManagerProtocolServerSideTranslatorPB.java:226) ~[ozone-manager-1.3.0-SNAPSHOT.jar:?]
	at org.apache.hadoop.ozone.protocolPB.OzoneManagerProtocolServerSideTranslatorPB.processRequest(OzoneManagerProtocolServerSideTranslatorPB.java:175) ~[ozone-manager-1.3.0-SNAPSHOT.jar:?]
	at org.apache.hadoop.hdds.server.OzoneProtocolMessageDispatcher.processRequest(OzoneProtocolMessageDispatcher.java:87) [hdds-server-framework-1.3.0-SNAPSHOT.jar:?]
	at org.apache.hadoop.ozone.protocolPB.OzoneManagerProtocolServerSideTranslatorPB.submitRequest(OzoneManagerProtocolServerSideTranslatorPB.java:147) [ozone-manager-1.3.0-SNAPSHOT.jar:?]
	at org.apache.hadoop.ozone.protocol.proto.OzoneManagerProtocolProtos$OzoneManagerService$2.callBlockingMethod(OzoneManagerProtocolProtos.java) [ozone-interface-client-1.3.0-SNAPSHOT.jar:?]
	at org.apache.hadoop.ipc.ProtobufRpcEngine$Server.processCall(ProtobufRpcEngine.java:466) [hadoop-common-3.3.1.jar:?]
	at org.apache.hadoop.ipc.ProtobufRpcEngine2$Server$ProtoBufRpcInvoker.call(ProtobufRpcEngine2.java:574) [hadoop-common-3.3.1.jar:?]
	at org.apache.hadoop.ipc.ProtobufRpcEngine2$Server$ProtoBufRpcInvoker.call(ProtobufRpcEngine2.java:552) [hadoop-common-3.3.1.jar:?]
	at org.apache.hadoop.ipc.RPC$Server.call(RPC.java:1093) [hadoop-common-3.3.1.jar:?]
	at org.apache.hadoop.ipc.Server$RpcCall.run(Server.java:1035) [hadoop-common-3.3.1.jar:?]
	at org.apache.hadoop.ipc.Server$RpcCall.run(Server.java:963) [hadoop-common-3.3.1.jar:?]
	at java.security.AccessController.doPrivileged(Native Method) ~[?:1.8.0_332]
	at javax.security.auth.Subject.doAs(Subject.java:422) [?:1.8.0_332]
	at org.apache.hadoop.security.UserGroupInformation.doAs(UserGroupInformation.java:1878) [hadoop-common-3.3.1.jar:?]
	at org.apache.hadoop.ipc.Server$Handler.run(Server.java:2966) [hadoop-common-3.3.1.jar:?]
23:16:54.695 [IPC Server handler 12 on default port 44809] ERROR OMAudit - user=runner | ip=127.0.0.1 | op=GET_FILE_STATUS {volume=volume-16582, bucket=bucket-89793, key=.Trash/runner, dataSize=0, replicationConfig=null} | ret=FAILURE
org.apache.hadoop.ozone.om.exceptions.OMException: Unable to get file status: volume: volume-16582 bucket: bucket-89793 key: .Trash/runner
	at org.apache.hadoop.ozone.om.KeyManagerImpl.getOzoneFileStatusFSO(KeyManagerImpl.java:1376) ~[ozone-manager-1.3.0-SNAPSHOT.jar:?]
	at org.apache.hadoop.ozone.om.KeyManagerImpl.getFileStatus(KeyManagerImpl.java:1239) ~[ozone-manager-1.3.0-SNAPSHOT.jar:?]
	at org.apache.hadoop.ozone.om.OzoneManager.getFileStatus(OzoneManager.java:3467) ~[ozone-manager-1.3.0-SNAPSHOT.jar:?]
	at org.apache.hadoop.ozone.protocolPB.OzoneManagerRequestHandler.getOzoneFileStatus(OzoneManagerRequestHandler.java:878) ~[ozone-manager-1.3.0-SNAPSHOT.jar:?]
	at org.apache.hadoop.ozone.protocolPB.OzoneManagerRequestHandler.handleReadRequest(OzoneManagerRequestHandler.java:224) ~[ozone-manager-1.3.0-SNAPSHOT.jar:?]
	at org.apache.hadoop.ozone.protocolPB.OzoneManagerProtocolServerSideTranslatorPB.submitReadRequestToOM(OzoneManagerProtocolServerSideTranslatorPB.java:226) ~[ozone-manager-1.3.0-SNAPSHOT.jar:?]
	at org.apache.hadoop.ozone.protocolPB.OzoneManagerProtocolServerSideTranslatorPB.processRequest(OzoneManagerProtocolServerSideTranslatorPB.java:175) ~[ozone-manager-1.3.0-SNAPSHOT.jar:?]
	at org.apache.hadoop.hdds.server.OzoneProtocolMessageDispatcher.processRequest(OzoneProtocolMessageDispatcher.java:87) [hdds-server-framework-1.3.0-SNAPSHOT.jar:?]
	at org.apache.hadoop.ozone.protocolPB.OzoneManagerProtocolServerSideTranslatorPB.submitRequest(OzoneManagerProtocolServerSideTranslatorPB.java:147) [ozone-manager-1.3.0-SNAPSHOT.jar:?]
	at org.apache.hadoop.ozone.protocol.proto.OzoneManagerProtocolProtos$OzoneManagerService$2.callBlockingMethod(OzoneManagerProtocolProtos.java) [ozone-interface-client-1.3.0-SNAPSHOT.jar:?]
	at org.apache.hadoop.ipc.ProtobufRpcEngine$Server.processCall(ProtobufRpcEngine.java:466) [hadoop-common-3.3.1.jar:?]
	at org.apache.hadoop.ipc.ProtobufRpcEngine2$Server$ProtoBufRpcInvoker.call(ProtobufRpcEngine2.java:574) [hadoop-common-3.3.1.jar:?]
	at org.apache.hadoop.ipc.ProtobufRpcEngine2$Server$ProtoBufRpcInvoker.call(ProtobufRpcEngine2.java:552) [hadoop-common-3.3.1.jar:?]
	at org.apache.hadoop.ipc.RPC$Server.call(RPC.java:1093) [hadoop-common-3.3.1.jar:?]
	at org.apache.hadoop.ipc.Server$RpcCall.run(Server.java:1035) [hadoop-common-3.3.1.jar:?]
	at org.apache.hadoop.ipc.Server$RpcCall.run(Server.java:963) [hadoop-common-3.3.1.jar:?]
	at java.security.AccessController.doPrivileged(Native Method) ~[?:1.8.0_332]
	at javax.security.auth.Subject.doAs(Subject.java:422) [?:1.8.0_332]
	at org.apache.hadoop.security.UserGroupInformation.doAs(UserGroupInformation.java:1878) [hadoop-common-3.3.1.jar:?]
	at org.apache.hadoop.ipc.Server$Handler.run(Server.java:2966) [hadoop-common-3.3.1.jar:?]
23:16:54.697 [IPC Server handler 18 on default port 44809] ERROR OMAudit - user=runner | ip=127.0.0.1 | op=GET_FILE_STATUS {volume=5116d0ed-d071-409d-8a7f-6a531960eda2, bucket=718ffb63-c792-444e-b8d7-58459fef9ce2, key=.Trash, dataSize=0, replicationConfig=null} | ret=FAILURE
org.apache.hadoop.ozone.om.exceptions.OMException: Unable to get file status: volume: 5116d0ed-d071-409d-8a7f-6a531960eda2 bucket: 718ffb63-c792-444e-b8d7-58459fef9ce2 key: .Trash
	at org.apache.hadoop.ozone.om.KeyManagerImpl.getOzoneFileStatus(KeyManagerImpl.java:1311) ~[ozone-manager-1.3.0-SNAPSHOT.jar:?]
	at org.apache.hadoop.ozone.om.KeyManagerImpl.getFileStatus(KeyManagerImpl.java:1241) ~[ozone-manager-1.3.0-SNAPSHOT.jar:?]
	at org.apache.hadoop.ozone.om.OzoneManager.getFileStatus(OzoneManager.java:3467) ~[ozone-manager-1.3.0-SNAPSHOT.jar:?]
	at org.apache.hadoop.ozone.protocolPB.OzoneManagerRequestHandler.getOzoneFileStatus(OzoneManagerRequestHandler.java:878) ~[ozone-manager-1.3.0-SNAPSHOT.jar:?]
	at org.apache.hadoop.ozone.protocolPB.OzoneManagerRequestHandler.handleReadRequest(OzoneManagerRequestHandler.java:224) ~[ozone-manager-1.3.0-SNAPSHOT.jar:?]
	at org.apache.hadoop.ozone.protocolPB.OzoneManagerProtocolServerSideTranslatorPB.submitReadRequestToOM(OzoneManagerProtocolServerSideTranslatorPB.java:226) ~[ozone-manager-1.3.0-SNAPSHOT.jar:?]
	at org.apache.hadoop.ozone.protocolPB.OzoneManagerProtocolServerSideTranslatorPB.processRequest(OzoneManagerProtocolServerSideTranslatorPB.java:175) ~[ozone-manager-1.3.0-SNAPSHOT.jar:?]
	at org.apache.hadoop.hdds.server.OzoneProtocolMessageDispatcher.processRequest(OzoneProtocolMessageDispatcher.java:87) [hdds-server-framework-1.3.0-SNAPSHOT.jar:?]
	at org.apache.hadoop.ozone.protocolPB.OzoneManagerProtocolServerSideTranslatorPB.submitRequest(OzoneManagerProtocolServerSideTranslatorPB.java:147) [ozone-manager-1.3.0-SNAPSHOT.jar:?]
	at org.apache.hadoop.ozone.protocol.proto.OzoneManagerProtocolProtos$OzoneManagerService$2.callBlockingMethod(OzoneManagerProtocolProtos.java) [ozone-interface-client-1.3.0-SNAPSHOT.jar:?]
	at org.apache.hadoop.ipc.ProtobufRpcEngine$Server.processCall(ProtobufRpcEngine.java:466) [hadoop-common-3.3.1.jar:?]
	at org.apache.hadoop.ipc.ProtobufRpcEngine2$Server$ProtoBufRpcInvoker.call(ProtobufRpcEngine2.java:574) [hadoop-common-3.3.1.jar:?]
	at org.apache.hadoop.ipc.ProtobufRpcEngine2$Server$ProtoBufRpcInvoker.call(ProtobufRpcEngine2.java:552) [hadoop-common-3.3.1.jar:?]
	at org.apache.hadoop.ipc.RPC$Server.call(RPC.java:1093) [hadoop-common-3.3.1.jar:?]
	at org.apache.hadoop.ipc.Server$RpcCall.run(Server.java:1035) [hadoop-common-3.3.1.jar:?]
	at org.apache.hadoop.ipc.Server$RpcCall.run(Server.java:963) [hadoop-common-3.3.1.jar:?]
	at java.security.AccessController.doPrivileged(Native Method) ~[?:1.8.0_332]
	at javax.security.auth.Subject.doAs(Subject.java:422) [?:1.8.0_332]
	at org.apache.hadoop.security.UserGroupInformation.doAs(UserGroupInformation.java:1878) [hadoop-common-3.3.1.jar:?]
	at org.apache.hadoop.ipc.Server$Handler.run(Server.java:2966) [hadoop-common-3.3.1.jar:?]
23:16:54.699 [IPC Server handler 2 on default port 44809] ERROR OMAudit - user=runner | ip=127.0.0.1 | op=GET_FILE_STATUS {volume=volume-16582, bucket=bucket-89793, key=.Trash, dataSize=0, replicationConfig=null} | ret=FAILURE
org.apache.hadoop.ozone.om.exceptions.OMException: Unable to get file status: volume: volume-16582 bucket: bucket-89793 key: .Trash
	at org.apache.hadoop.ozone.om.KeyManagerImpl.getOzoneFileStatusFSO(KeyManagerImpl.java:1376) ~[ozone-manager-1.3.0-SNAPSHOT.jar:?]
	at org.apache.hadoop.ozone.om.KeyManagerImpl.getFileStatus(KeyManagerImpl.java:1239) ~[ozone-manager-1.3.0-SNAPSHOT.jar:?]
	at org.apache.hadoop.ozone.om.OzoneManager.getFileStatus(OzoneManager.java:3467) ~[ozone-manager-1.3.0-SNAPSHOT.jar:?]
	at org.apache.hadoop.ozone.protocolPB.OzoneManagerRequestHandler.getOzoneFileStatus(OzoneManagerRequestHandler.java:878) ~[ozone-manager-1.3.0-SNAPSHOT.jar:?]
	at org.apache.hadoop.ozone.protocolPB.OzoneManagerRequestHandler.handleReadRequest(OzoneManagerRequestHandler.java:224) ~[ozone-manager-1.3.0-SNAPSHOT.jar:?]
	at org.apache.hadoop.ozone.protocolPB.OzoneManagerProtocolServerSideTranslatorPB.submitReadRequestToOM(OzoneManagerProtocolServerSideTranslatorPB.java:226) ~[ozone-manager-1.3.0-SNAPSHOT.jar:?]
	at org.apache.hadoop.ozone.protocolPB.OzoneManagerProtocolServerSideTranslatorPB.processRequest(OzoneManagerProtocolServerSideTranslatorPB.java:175) ~[ozone-manager-1.3.0-SNAPSHOT.jar:?]
	at org.apache.hadoop.hdds.server.OzoneProtocolMessageDispatcher.processRequest(OzoneProtocolMessageDispatcher.java:87) [hdds-server-framework-1.3.0-SNAPSHOT.jar:?]
	at org.apache.hadoop.ozone.protocolPB.OzoneManagerProtocolServerSideTranslatorPB.submitRequest(OzoneManagerProtocolServerSideTranslatorPB.java:147) [ozone-manager-1.3.0-SNAPSHOT.jar:?]
	at org.apache.hadoop.ozone.protocol.proto.OzoneManagerProtocolProtos$OzoneManagerService$2.callBlockingMethod(OzoneManagerProtocolProtos.java) [ozone-interface-client-1.3.0-SNAPSHOT.jar:?]
	at org.apache.hadoop.ipc.ProtobufRpcEngine$Server.processCall(ProtobufRpcEngine.java:466) [hadoop-common-3.3.1.jar:?]
	at org.apache.hadoop.ipc.ProtobufRpcEngine2$Server$ProtoBufRpcInvoker.call(ProtobufRpcEngine2.java:574) [hadoop-common-3.3.1.jar:?]
	at org.apache.hadoop.ipc.ProtobufRpcEngine2$Server$ProtoBufRpcInvoker.call(ProtobufRpcEngine2.java:552) [hadoop-common-3.3.1.jar:?]
	at org.apache.hadoop.ipc.RPC$Server.call(RPC.java:1093) [hadoop-common-3.3.1.jar:?]
	at org.apache.hadoop.ipc.Server$RpcCall.run(Server.java:1035) [hadoop-common-3.3.1.jar:?]
	at org.apache.hadoop.ipc.Server$RpcCall.run(Server.java:963) [hadoop-common-3.3.1.jar:?]
	at java.security.AccessController.doPrivileged(Native Method) ~[?:1.8.0_332]
	at javax.security.auth.Subject.doAs(Subject.java:422) [?:1.8.0_332]
	at org.apache.hadoop.security.UserGroupInformation.doAs(UserGroupInformation.java:1878) [hadoop-common-3.3.1.jar:?]
	at org.apache.hadoop.ipc.Server$Handler.run(Server.java:2966) [hadoop-common-3.3.1.jar:?]
23:16:54.701 [IPC Server handler 3 on default port 44809] ERROR OMAudit - user=runner | ip=127.0.0.1 | op=GET_FILE_STATUS {volume=volume-24287, bucket=bucket-50715, key=.Trash, dataSize=0, replicationConfig=null} | ret=FAILURE
org.apache.hadoop.ozone.om.exceptions.OMException: Unable to get file status: volume: volume-24287 bucket: bucket-50715 key: .Trash
	at org.apache.hadoop.ozone.om.KeyManagerImpl.getOzoneFileStatusFSO(KeyManagerImpl.java:1376) ~[ozone-manager-1.3.0-SNAPSHOT.jar:?]
	at org.apache.hadoop.ozone.om.KeyManagerImpl.getFileStatus(KeyManagerImpl.java:1239) ~[ozone-manager-1.3.0-SNAPSHOT.jar:?]
	at org.apache.hadoop.ozone.om.OzoneManager.getFileStatus(OzoneManager.java:3467) ~[ozone-manager-1.3.0-SNAPSHOT.jar:?]
	at org.apache.hadoop.ozone.protocolPB.OzoneManagerRequestHandler.getOzoneFileStatus(OzoneManagerRequestHandler.java:878) ~[ozone-manager-1.3.0-SNAPSHOT.jar:?]
	at org.apache.hadoop.ozone.protocolPB.OzoneManagerRequestHandler.handleReadRequest(OzoneManagerRequestHandler.java:224) ~[ozone-manager-1.3.0-SNAPSHOT.jar:?]
	at org.apache.hadoop.ozone.protocolPB.OzoneManagerProtocolServerSideTranslatorPB.submitReadRequestToOM(OzoneManagerProtocolServerSideTranslatorPB.java:226) ~[ozone-manager-1.3.0-SNAPSHOT.jar:?]
	at org.apache.hadoop.ozone.protocolPB.OzoneManagerProtocolServerSideTranslatorPB.processRequest(OzoneManagerProtocolServerSideTranslatorPB.java:175) ~[ozone-manager-1.3.0-SNAPSHOT.jar:?]
	at org.apache.hadoop.hdds.server.OzoneProtocolMessageDispatcher.processRequest(OzoneProtocolMessageDispatcher.java:87) [hdds-server-framework-1.3.0-SNAPSHOT.jar:?]
	at org.apache.hadoop.ozone.protocolPB.OzoneManagerProtocolServerSideTranslatorPB.submitRequest(OzoneManagerProtocolServerSideTranslatorPB.java:147) [ozone-manager-1.3.0-SNAPSHOT.jar:?]
	at org.apache.hadoop.ozone.protocol.proto.OzoneManagerProtocolProtos$OzoneManagerService$2.callBlockingMethod(OzoneManagerProtocolProtos.java) [ozone-interface-client-1.3.0-SNAPSHOT.jar:?]
	at org.apache.hadoop.ipc.ProtobufRpcEngine$Server.processCall(ProtobufRpcEngine.java:466) [hadoop-common-3.3.1.jar:?]
	at org.apache.hadoop.ipc.ProtobufRpcEngine2$Server$ProtoBufRpcInvoker.call(ProtobufRpcEngine2.java:574) [hadoop-common-3.3.1.jar:?]
	at org.apache.hadoop.ipc.ProtobufRpcEngine2$Server$ProtoBufRpcInvoker.call(ProtobufRpcEngine2.java:552) [hadoop-common-3.3.1.jar:?]
	at org.apache.hadoop.ipc.RPC$Server.call(RPC.java:1093) [hadoop-common-3.3.1.jar:?]
	at org.apache.hadoop.ipc.Server$RpcCall.run(Server.java:1035) [hadoop-common-3.3.1.jar:?]
	at org.apache.hadoop.ipc.Server$RpcCall.run(Server.java:963) [hadoop-common-3.3.1.jar:?]
	at java.security.AccessController.doPrivileged(Native Method) ~[?:1.8.0_332]
	at javax.security.auth.Subject.doAs(Subject.java:422) [?:1.8.0_332]
	at org.apache.hadoop.security.UserGroupInformation.doAs(UserGroupInformation.java:1878) [hadoop-common-3.3.1.jar:?]
	at org.apache.hadoop.ipc.Server$Handler.run(Server.java:2966) [hadoop-common-3.3.1.jar:?]
]]></system-out>
  </testcase>
  <testcase name="testGetTrashRoots" classname="TestRootedOzoneFileSystemWithFSO" time="0.504">
    <system-out><![CDATA[2022-07-27 23:17:57,738 [Time-limited test] INFO  rpc.RpcClient (RpcClient.java:createVolume(467)) - Creating Volume: volume46905, with user21617 as owner and space quota set to -1 bytes, counts quota set to -1
2022-07-27 23:17:57,739 [IPC Server handler 3 on default port 45823] INFO  volume.OMVolumeCreateRequest (OMVolumeCreateRequest.java:validateAndUpdateCache(195)) - created volume:volume46905 for user:user21617
2022-07-27 23:17:57,739 [Time-limited test] INFO  rpc.RpcClient (RpcClient.java:createBucket(670)) - Creating Bucket: volume46905/bucket87199, with bucket layout FILE_SYSTEM_OPTIMIZED, runner as owner, Versioning false, Storage Type set to DISK and Encryption set to false 
2022-07-27 23:17:57,740 [IPC Server handler 5 on default port 45823] INFO  bucket.OMBucketCreateRequest (OMBucketCreateRequest.java:validateAndUpdateCache(260)) - created bucket: bucket87199 of layout FILE_SYSTEM_OPTIMIZED in volume: volume46905
23:17:57.744 [IPC Server handler 13 on default port 45823] ERROR OMAudit - user=runner | ip=127.0.0.1 | op=GET_FILE_STATUS {volume=volume46905, bucket=bucket87199, key=.Trash/runner, dataSize=0, replicationConfig=null} | ret=FAILURE
org.apache.hadoop.ozone.om.exceptions.OMException: Unable to get file status: volume: volume46905 bucket: bucket87199 key: .Trash/runner
	at org.apache.hadoop.ozone.om.KeyManagerImpl.getOzoneFileStatusFSO(KeyManagerImpl.java:1376) ~[ozone-manager-1.3.0-SNAPSHOT.jar:?]
	at org.apache.hadoop.ozone.om.KeyManagerImpl.getFileStatus(KeyManagerImpl.java:1239) ~[ozone-manager-1.3.0-SNAPSHOT.jar:?]
	at org.apache.hadoop.ozone.om.OzoneManager.getFileStatus(OzoneManager.java:3467) ~[ozone-manager-1.3.0-SNAPSHOT.jar:?]
	at org.apache.hadoop.ozone.protocolPB.OzoneManagerRequestHandler.getOzoneFileStatus(OzoneManagerRequestHandler.java:878) ~[ozone-manager-1.3.0-SNAPSHOT.jar:?]
	at org.apache.hadoop.ozone.protocolPB.OzoneManagerRequestHandler.handleReadRequest(OzoneManagerRequestHandler.java:224) ~[ozone-manager-1.3.0-SNAPSHOT.jar:?]
	at org.apache.hadoop.ozone.protocolPB.OzoneManagerProtocolServerSideTranslatorPB.submitRequestDirectlyToOM(OzoneManagerProtocolServerSideTranslatorPB.java:276) ~[ozone-manager-1.3.0-SNAPSHOT.jar:?]
	at org.apache.hadoop.ozone.protocolPB.OzoneManagerProtocolServerSideTranslatorPB.processRequest(OzoneManagerProtocolServerSideTranslatorPB.java:205) ~[ozone-manager-1.3.0-SNAPSHOT.jar:?]
	at org.apache.hadoop.hdds.server.OzoneProtocolMessageDispatcher.processRequest(OzoneProtocolMessageDispatcher.java:87) [hdds-server-framework-1.3.0-SNAPSHOT.jar:?]
	at org.apache.hadoop.ozone.protocolPB.OzoneManagerProtocolServerSideTranslatorPB.submitRequest(OzoneManagerProtocolServerSideTranslatorPB.java:147) [ozone-manager-1.3.0-SNAPSHOT.jar:?]
	at org.apache.hadoop.ozone.protocol.proto.OzoneManagerProtocolProtos$OzoneManagerService$2.callBlockingMethod(OzoneManagerProtocolProtos.java) [ozone-interface-client-1.3.0-SNAPSHOT.jar:?]
	at org.apache.hadoop.ipc.ProtobufRpcEngine$Server.processCall(ProtobufRpcEngine.java:466) [hadoop-common-3.3.1.jar:?]
	at org.apache.hadoop.ipc.ProtobufRpcEngine2$Server$ProtoBufRpcInvoker.call(ProtobufRpcEngine2.java:574) [hadoop-common-3.3.1.jar:?]
	at org.apache.hadoop.ipc.ProtobufRpcEngine2$Server$ProtoBufRpcInvoker.call(ProtobufRpcEngine2.java:552) [hadoop-common-3.3.1.jar:?]
	at org.apache.hadoop.ipc.RPC$Server.call(RPC.java:1093) [hadoop-common-3.3.1.jar:?]
	at org.apache.hadoop.ipc.Server$RpcCall.run(Server.java:1035) [hadoop-common-3.3.1.jar:?]
	at org.apache.hadoop.ipc.Server$RpcCall.run(Server.java:963) [hadoop-common-3.3.1.jar:?]
	at java.security.AccessController.doPrivileged(Native Method) ~[?:1.8.0_332]
	at javax.security.auth.Subject.doAs(Subject.java:422) [?:1.8.0_332]
	at org.apache.hadoop.security.UserGroupInformation.doAs(UserGroupInformation.java:1878) [hadoop-common-3.3.1.jar:?]
	at org.apache.hadoop.ipc.Server$Handler.run(Server.java:2966) [hadoop-common-3.3.1.jar:?]
23:17:57.747 [IPC Server handler 6 on default port 45823] ERROR OMAudit - user=runner | ip=127.0.0.1 | op=GET_FILE_STATUS {volume=c5ead2b9-557c-4940-8017-7803f3590423, bucket=4f48ac7f-d891-4778-905c-4004e0240f22, key=.Trash, dataSize=0, replicationConfig=null} | ret=FAILURE
org.apache.hadoop.ozone.om.exceptions.OMException: Unable to get file status: volume: c5ead2b9-557c-4940-8017-7803f3590423 bucket: 4f48ac7f-d891-4778-905c-4004e0240f22 key: .Trash
	at org.apache.hadoop.ozone.om.KeyManagerImpl.getOzoneFileStatus(KeyManagerImpl.java:1311) ~[ozone-manager-1.3.0-SNAPSHOT.jar:?]
	at org.apache.hadoop.ozone.om.KeyManagerImpl.getFileStatus(KeyManagerImpl.java:1241) ~[ozone-manager-1.3.0-SNAPSHOT.jar:?]
	at org.apache.hadoop.ozone.om.OzoneManager.getFileStatus(OzoneManager.java:3467) ~[ozone-manager-1.3.0-SNAPSHOT.jar:?]
	at org.apache.hadoop.ozone.protocolPB.OzoneManagerRequestHandler.getOzoneFileStatus(OzoneManagerRequestHandler.java:878) ~[ozone-manager-1.3.0-SNAPSHOT.jar:?]
	at org.apache.hadoop.ozone.protocolPB.OzoneManagerRequestHandler.handleReadRequest(OzoneManagerRequestHandler.java:224) ~[ozone-manager-1.3.0-SNAPSHOT.jar:?]
	at org.apache.hadoop.ozone.protocolPB.OzoneManagerProtocolServerSideTranslatorPB.submitRequestDirectlyToOM(OzoneManagerProtocolServerSideTranslatorPB.java:276) ~[ozone-manager-1.3.0-SNAPSHOT.jar:?]
	at org.apache.hadoop.ozone.protocolPB.OzoneManagerProtocolServerSideTranslatorPB.processRequest(OzoneManagerProtocolServerSideTranslatorPB.java:205) ~[ozone-manager-1.3.0-SNAPSHOT.jar:?]
	at org.apache.hadoop.hdds.server.OzoneProtocolMessageDispatcher.processRequest(OzoneProtocolMessageDispatcher.java:87) [hdds-server-framework-1.3.0-SNAPSHOT.jar:?]
	at org.apache.hadoop.ozone.protocolPB.OzoneManagerProtocolServerSideTranslatorPB.submitRequest(OzoneManagerProtocolServerSideTranslatorPB.java:147) [ozone-manager-1.3.0-SNAPSHOT.jar:?]
	at org.apache.hadoop.ozone.protocol.proto.OzoneManagerProtocolProtos$OzoneManagerService$2.callBlockingMethod(OzoneManagerProtocolProtos.java) [ozone-interface-client-1.3.0-SNAPSHOT.jar:?]
	at org.apache.hadoop.ipc.ProtobufRpcEngine$Server.processCall(ProtobufRpcEngine.java:466) [hadoop-common-3.3.1.jar:?]
	at org.apache.hadoop.ipc.ProtobufRpcEngine2$Server$ProtoBufRpcInvoker.call(ProtobufRpcEngine2.java:574) [hadoop-common-3.3.1.jar:?]
	at org.apache.hadoop.ipc.ProtobufRpcEngine2$Server$ProtoBufRpcInvoker.call(ProtobufRpcEngine2.java:552) [hadoop-common-3.3.1.jar:?]
	at org.apache.hadoop.ipc.RPC$Server.call(RPC.java:1093) [hadoop-common-3.3.1.jar:?]
	at org.apache.hadoop.ipc.Server$RpcCall.run(Server.java:1035) [hadoop-common-3.3.1.jar:?]
	at org.apache.hadoop.ipc.Server$RpcCall.run(Server.java:963) [hadoop-common-3.3.1.jar:?]
	at java.security.AccessController.doPrivileged(Native Method) ~[?:1.8.0_332]
	at javax.security.auth.Subject.doAs(Subject.java:422) [?:1.8.0_332]
	at org.apache.hadoop.security.UserGroupInformation.doAs(UserGroupInformation.java:1878) [hadoop-common-3.3.1.jar:?]
	at org.apache.hadoop.ipc.Server$Handler.run(Server.java:2966) [hadoop-common-3.3.1.jar:?]
23:17:57.748 [IPC Server handler 4 on default port 45823] ERROR OMAudit - user=runner | ip=127.0.0.1 | op=GET_FILE_STATUS {volume=volume46905, bucket=bucket87199, key=.Trash, dataSize=0, replicationConfig=null} | ret=FAILURE
org.apache.hadoop.ozone.om.exceptions.OMException: Unable to get file status: volume: volume46905 bucket: bucket87199 key: .Trash
	at org.apache.hadoop.ozone.om.KeyManagerImpl.getOzoneFileStatusFSO(KeyManagerImpl.java:1376) ~[ozone-manager-1.3.0-SNAPSHOT.jar:?]
	at org.apache.hadoop.ozone.om.KeyManagerImpl.getFileStatus(KeyManagerImpl.java:1239) ~[ozone-manager-1.3.0-SNAPSHOT.jar:?]
	at org.apache.hadoop.ozone.om.OzoneManager.getFileStatus(OzoneManager.java:3467) ~[ozone-manager-1.3.0-SNAPSHOT.jar:?]
	at org.apache.hadoop.ozone.protocolPB.OzoneManagerRequestHandler.getOzoneFileStatus(OzoneManagerRequestHandler.java:878) ~[ozone-manager-1.3.0-SNAPSHOT.jar:?]
	at org.apache.hadoop.ozone.protocolPB.OzoneManagerRequestHandler.handleReadRequest(OzoneManagerRequestHandler.java:224) ~[ozone-manager-1.3.0-SNAPSHOT.jar:?]
	at org.apache.hadoop.ozone.protocolPB.OzoneManagerProtocolServerSideTranslatorPB.submitRequestDirectlyToOM(OzoneManagerProtocolServerSideTranslatorPB.java:276) ~[ozone-manager-1.3.0-SNAPSHOT.jar:?]
	at org.apache.hadoop.ozone.protocolPB.OzoneManagerProtocolServerSideTranslatorPB.processRequest(OzoneManagerProtocolServerSideTranslatorPB.java:205) ~[ozone-manager-1.3.0-SNAPSHOT.jar:?]
	at org.apache.hadoop.hdds.server.OzoneProtocolMessageDispatcher.processRequest(OzoneProtocolMessageDispatcher.java:87) [hdds-server-framework-1.3.0-SNAPSHOT.jar:?]
	at org.apache.hadoop.ozone.protocolPB.OzoneManagerProtocolServerSideTranslatorPB.submitRequest(OzoneManagerProtocolServerSideTranslatorPB.java:147) [ozone-manager-1.3.0-SNAPSHOT.jar:?]
	at org.apache.hadoop.ozone.protocol.proto.OzoneManagerProtocolProtos$OzoneManagerService$2.callBlockingMethod(OzoneManagerProtocolProtos.java) [ozone-interface-client-1.3.0-SNAPSHOT.jar:?]
	at org.apache.hadoop.ipc.ProtobufRpcEngine$Server.processCall(ProtobufRpcEngine.java:466) [hadoop-common-3.3.1.jar:?]
	at org.apache.hadoop.ipc.ProtobufRpcEngine2$Server$ProtoBufRpcInvoker.call(ProtobufRpcEngine2.java:574) [hadoop-common-3.3.1.jar:?]
	at org.apache.hadoop.ipc.ProtobufRpcEngine2$Server$ProtoBufRpcInvoker.call(ProtobufRpcEngine2.java:552) [hadoop-common-3.3.1.jar:?]
	at org.apache.hadoop.ipc.RPC$Server.call(RPC.java:1093) [hadoop-common-3.3.1.jar:?]
	at org.apache.hadoop.ipc.Server$RpcCall.run(Server.java:1035) [hadoop-common-3.3.1.jar:?]
	at org.apache.hadoop.ipc.Server$RpcCall.run(Server.java:963) [hadoop-common-3.3.1.jar:?]
	at java.security.AccessController.doPrivileged(Native Method) ~[?:1.8.0_332]
	at javax.security.auth.Subject.doAs(Subject.java:422) [?:1.8.0_332]
	at org.apache.hadoop.security.UserGroupInformation.doAs(UserGroupInformation.java:1878) [hadoop-common-3.3.1.jar:?]
	at org.apache.hadoop.ipc.Server$Handler.run(Server.java:2966) [hadoop-common-3.3.1.jar:?]
23:17:57.754 [IPC Server handler 3 on default port 45823] ERROR OMAudit - user=runner | ip=127.0.0.1 | op=GET_FILE_STATUS {volume=c5ead2b9-557c-4940-8017-7803f3590423, bucket=4f48ac7f-d891-4778-905c-4004e0240f22, key=.Trash, dataSize=0, replicationConfig=null} | ret=FAILURE
org.apache.hadoop.ozone.om.exceptions.OMException: Unable to get file status: volume: c5ead2b9-557c-4940-8017-7803f3590423 bucket: 4f48ac7f-d891-4778-905c-4004e0240f22 key: .Trash
	at org.apache.hadoop.ozone.om.KeyManagerImpl.getOzoneFileStatus(KeyManagerImpl.java:1311) ~[ozone-manager-1.3.0-SNAPSHOT.jar:?]
	at org.apache.hadoop.ozone.om.KeyManagerImpl.getFileStatus(KeyManagerImpl.java:1241) ~[ozone-manager-1.3.0-SNAPSHOT.jar:?]
	at org.apache.hadoop.ozone.om.OzoneManager.getFileStatus(OzoneManager.java:3467) ~[ozone-manager-1.3.0-SNAPSHOT.jar:?]
	at org.apache.hadoop.ozone.protocolPB.OzoneManagerRequestHandler.getOzoneFileStatus(OzoneManagerRequestHandler.java:878) ~[ozone-manager-1.3.0-SNAPSHOT.jar:?]
	at org.apache.hadoop.ozone.protocolPB.OzoneManagerRequestHandler.handleReadRequest(OzoneManagerRequestHandler.java:224) ~[ozone-manager-1.3.0-SNAPSHOT.jar:?]
	at org.apache.hadoop.ozone.protocolPB.OzoneManagerProtocolServerSideTranslatorPB.submitRequestDirectlyToOM(OzoneManagerProtocolServerSideTranslatorPB.java:276) ~[ozone-manager-1.3.0-SNAPSHOT.jar:?]
	at org.apache.hadoop.ozone.protocolPB.OzoneManagerProtocolServerSideTranslatorPB.processRequest(OzoneManagerProtocolServerSideTranslatorPB.java:205) ~[ozone-manager-1.3.0-SNAPSHOT.jar:?]
	at org.apache.hadoop.hdds.server.OzoneProtocolMessageDispatcher.processRequest(OzoneProtocolMessageDispatcher.java:87) [hdds-server-framework-1.3.0-SNAPSHOT.jar:?]
	at org.apache.hadoop.ozone.protocolPB.OzoneManagerProtocolServerSideTranslatorPB.submitRequest(OzoneManagerProtocolServerSideTranslatorPB.java:147) [ozone-manager-1.3.0-SNAPSHOT.jar:?]
	at org.apache.hadoop.ozone.protocol.proto.OzoneManagerProtocolProtos$OzoneManagerService$2.callBlockingMethod(OzoneManagerProtocolProtos.java) [ozone-interface-client-1.3.0-SNAPSHOT.jar:?]
	at org.apache.hadoop.ipc.ProtobufRpcEngine$Server.processCall(ProtobufRpcEngine.java:466) [hadoop-common-3.3.1.jar:?]
	at org.apache.hadoop.ipc.ProtobufRpcEngine2$Server$ProtoBufRpcInvoker.call(ProtobufRpcEngine2.java:574) [hadoop-common-3.3.1.jar:?]
	at org.apache.hadoop.ipc.ProtobufRpcEngine2$Server$ProtoBufRpcInvoker.call(ProtobufRpcEngine2.java:552) [hadoop-common-3.3.1.jar:?]
	at org.apache.hadoop.ipc.RPC$Server.call(RPC.java:1093) [hadoop-common-3.3.1.jar:?]
	at org.apache.hadoop.ipc.Server$RpcCall.run(Server.java:1035) [hadoop-common-3.3.1.jar:?]
	at org.apache.hadoop.ipc.Server$RpcCall.run(Server.java:963) [hadoop-common-3.3.1.jar:?]
	at java.security.AccessController.doPrivileged(Native Method) ~[?:1.8.0_332]
	at javax.security.auth.Subject.doAs(Subject.java:422) [?:1.8.0_332]
	at org.apache.hadoop.security.UserGroupInformation.doAs(UserGroupInformation.java:1878) [hadoop-common-3.3.1.jar:?]
	at org.apache.hadoop.ipc.Server$Handler.run(Server.java:2966) [hadoop-common-3.3.1.jar:?]
23:17:57.762 [IPC Server handler 14 on default port 45823] ERROR OMAudit - user=runner | ip=127.0.0.1 | op=GET_FILE_STATUS {volume=c5ead2b9-557c-4940-8017-7803f3590423, bucket=4f48ac7f-d891-4778-905c-4004e0240f22, key=.Trash, dataSize=0, replicationConfig=null} | ret=FAILURE
org.apache.hadoop.ozone.om.exceptions.OMException: Unable to get file status: volume: c5ead2b9-557c-4940-8017-7803f3590423 bucket: 4f48ac7f-d891-4778-905c-4004e0240f22 key: .Trash
	at org.apache.hadoop.ozone.om.KeyManagerImpl.getOzoneFileStatus(KeyManagerImpl.java:1311) ~[ozone-manager-1.3.0-SNAPSHOT.jar:?]
	at org.apache.hadoop.ozone.om.KeyManagerImpl.getFileStatus(KeyManagerImpl.java:1241) ~[ozone-manager-1.3.0-SNAPSHOT.jar:?]
	at org.apache.hadoop.ozone.om.OzoneManager.getFileStatus(OzoneManager.java:3467) ~[ozone-manager-1.3.0-SNAPSHOT.jar:?]
	at org.apache.hadoop.ozone.protocolPB.OzoneManagerRequestHandler.getOzoneFileStatus(OzoneManagerRequestHandler.java:878) ~[ozone-manager-1.3.0-SNAPSHOT.jar:?]
	at org.apache.hadoop.ozone.protocolPB.OzoneManagerRequestHandler.handleReadRequest(OzoneManagerRequestHandler.java:224) ~[ozone-manager-1.3.0-SNAPSHOT.jar:?]
	at org.apache.hadoop.ozone.protocolPB.OzoneManagerProtocolServerSideTranslatorPB.submitRequestDirectlyToOM(OzoneManagerProtocolServerSideTranslatorPB.java:276) ~[ozone-manager-1.3.0-SNAPSHOT.jar:?]
	at org.apache.hadoop.ozone.protocolPB.OzoneManagerProtocolServerSideTranslatorPB.processRequest(OzoneManagerProtocolServerSideTranslatorPB.java:205) ~[ozone-manager-1.3.0-SNAPSHOT.jar:?]
	at org.apache.hadoop.hdds.server.OzoneProtocolMessageDispatcher.processRequest(OzoneProtocolMessageDispatcher.java:87) [hdds-server-framework-1.3.0-SNAPSHOT.jar:?]
	at org.apache.hadoop.ozone.protocolPB.OzoneManagerProtocolServerSideTranslatorPB.submitRequest(OzoneManagerProtocolServerSideTranslatorPB.java:147) [ozone-manager-1.3.0-SNAPSHOT.jar:?]
	at org.apache.hadoop.ozone.protocol.proto.OzoneManagerProtocolProtos$OzoneManagerService$2.callBlockingMethod(OzoneManagerProtocolProtos.java) [ozone-interface-client-1.3.0-SNAPSHOT.jar:?]
	at org.apache.hadoop.ipc.ProtobufRpcEngine$Server.processCall(ProtobufRpcEngine.java:466) [hadoop-common-3.3.1.jar:?]
	at org.apache.hadoop.ipc.ProtobufRpcEngine2$Server$ProtoBufRpcInvoker.call(ProtobufRpcEngine2.java:574) [hadoop-common-3.3.1.jar:?]
	at org.apache.hadoop.ipc.ProtobufRpcEngine2$Server$ProtoBufRpcInvoker.call(ProtobufRpcEngine2.java:552) [hadoop-common-3.3.1.jar:?]
	at org.apache.hadoop.ipc.RPC$Server.call(RPC.java:1093) [hadoop-common-3.3.1.jar:?]
	at org.apache.hadoop.ipc.Server$RpcCall.run(Server.java:1035) [hadoop-common-3.3.1.jar:?]
	at org.apache.hadoop.ipc.Server$RpcCall.run(Server.java:963) [hadoop-common-3.3.1.jar:?]
	at java.security.AccessController.doPrivileged(Native Method) ~[?:1.8.0_332]
	at javax.security.auth.Subject.doAs(Subject.java:422) [?:1.8.0_332]
	at org.apache.hadoop.security.UserGroupInformation.doAs(UserGroupInformation.java:1878) [hadoop-common-3.3.1.jar:?]
	at org.apache.hadoop.ipc.Server$Handler.run(Server.java:2966) [hadoop-common-3.3.1.jar:?]
2022-07-27 23:17:57,765 [Time-limited test] INFO  rpc.RpcClient (RpcClient.java:createBucket(670)) - Creating Bucket: volume46905/trashroottest2, with bucket layout FILE_SYSTEM_OPTIMIZED, runner as owner, Versioning false, Storage Type set to DISK and Encryption set to false 
2022-07-27 23:17:57,767 [IPC Server handler 5 on default port 45823] INFO  bucket.OMBucketCreateRequest (OMBucketCreateRequest.java:validateAndUpdateCache(260)) - created bucket: trashroottest2 of layout FILE_SYSTEM_OPTIMIZED in volume: volume46905
23:17:57.895 [IPC Server handler 18 on default port 45823] ERROR OMAudit - user=runner | ip=127.0.0.1 | op=GET_FILE_STATUS {volume=c5ead2b9-557c-4940-8017-7803f3590423, bucket=4f48ac7f-d891-4778-905c-4004e0240f22, key=.Trash, dataSize=0, replicationConfig=null} | ret=FAILURE
org.apache.hadoop.ozone.om.exceptions.OMException: Unable to get file status: volume: c5ead2b9-557c-4940-8017-7803f3590423 bucket: 4f48ac7f-d891-4778-905c-4004e0240f22 key: .Trash
	at org.apache.hadoop.ozone.om.KeyManagerImpl.getOzoneFileStatus(KeyManagerImpl.java:1311) ~[ozone-manager-1.3.0-SNAPSHOT.jar:?]
	at org.apache.hadoop.ozone.om.KeyManagerImpl.getFileStatus(KeyManagerImpl.java:1241) ~[ozone-manager-1.3.0-SNAPSHOT.jar:?]
	at org.apache.hadoop.ozone.om.OzoneManager.getFileStatus(OzoneManager.java:3467) ~[ozone-manager-1.3.0-SNAPSHOT.jar:?]
	at org.apache.hadoop.ozone.protocolPB.OzoneManagerRequestHandler.getOzoneFileStatus(OzoneManagerRequestHandler.java:878) ~[ozone-manager-1.3.0-SNAPSHOT.jar:?]
	at org.apache.hadoop.ozone.protocolPB.OzoneManagerRequestHandler.handleReadRequest(OzoneManagerRequestHandler.java:224) ~[ozone-manager-1.3.0-SNAPSHOT.jar:?]
	at org.apache.hadoop.ozone.protocolPB.OzoneManagerProtocolServerSideTranslatorPB.submitRequestDirectlyToOM(OzoneManagerProtocolServerSideTranslatorPB.java:276) ~[ozone-manager-1.3.0-SNAPSHOT.jar:?]
	at org.apache.hadoop.ozone.protocolPB.OzoneManagerProtocolServerSideTranslatorPB.processRequest(OzoneManagerProtocolServerSideTranslatorPB.java:205) ~[ozone-manager-1.3.0-SNAPSHOT.jar:?]
	at org.apache.hadoop.hdds.server.OzoneProtocolMessageDispatcher.processRequest(OzoneProtocolMessageDispatcher.java:87) [hdds-server-framework-1.3.0-SNAPSHOT.jar:?]
	at org.apache.hadoop.ozone.protocolPB.OzoneManagerProtocolServerSideTranslatorPB.submitRequest(OzoneManagerProtocolServerSideTranslatorPB.java:147) [ozone-manager-1.3.0-SNAPSHOT.jar:?]
	at org.apache.hadoop.ozone.protocol.proto.OzoneManagerProtocolProtos$OzoneManagerService$2.callBlockingMethod(OzoneManagerProtocolProtos.java) [ozone-interface-client-1.3.0-SNAPSHOT.jar:?]
	at org.apache.hadoop.ipc.ProtobufRpcEngine$Server.processCall(ProtobufRpcEngine.java:466) [hadoop-common-3.3.1.jar:?]
	at org.apache.hadoop.ipc.ProtobufRpcEngine2$Server$ProtoBufRpcInvoker.call(ProtobufRpcEngine2.java:574) [hadoop-common-3.3.1.jar:?]
	at org.apache.hadoop.ipc.ProtobufRpcEngine2$Server$ProtoBufRpcInvoker.call(ProtobufRpcEngine2.java:552) [hadoop-common-3.3.1.jar:?]
	at org.apache.hadoop.ipc.RPC$Server.call(RPC.java:1093) [hadoop-common-3.3.1.jar:?]
	at org.apache.hadoop.ipc.Server$RpcCall.run(Server.java:1035) [hadoop-common-3.3.1.jar:?]
	at org.apache.hadoop.ipc.Server$RpcCall.run(Server.java:963) [hadoop-common-3.3.1.jar:?]
	at java.security.AccessController.doPrivileged(Native Method) ~[?:1.8.0_332]
	at javax.security.auth.Subject.doAs(Subject.java:422) [?:1.8.0_332]
	at org.apache.hadoop.security.UserGroupInformation.doAs(UserGroupInformation.java:1878) [hadoop-common-3.3.1.jar:?]
	at org.apache.hadoop.ipc.Server$Handler.run(Server.java:2966) [hadoop-common-3.3.1.jar:?]
23:17:57.911 [IPC Server handler 10 on default port 45823] ERROR OMAudit - user=runner | ip=127.0.0.1 | op=GET_FILE_STATUS {volume=c5ead2b9-557c-4940-8017-7803f3590423, bucket=4f48ac7f-d891-4778-905c-4004e0240f22, key=.Trash, dataSize=0, replicationConfig=null} | ret=FAILURE
org.apache.hadoop.ozone.om.exceptions.OMException: Unable to get file status: volume: c5ead2b9-557c-4940-8017-7803f3590423 bucket: 4f48ac7f-d891-4778-905c-4004e0240f22 key: .Trash
	at org.apache.hadoop.ozone.om.KeyManagerImpl.getOzoneFileStatus(KeyManagerImpl.java:1311) ~[ozone-manager-1.3.0-SNAPSHOT.jar:?]
	at org.apache.hadoop.ozone.om.KeyManagerImpl.getFileStatus(KeyManagerImpl.java:1241) ~[ozone-manager-1.3.0-SNAPSHOT.jar:?]
	at org.apache.hadoop.ozone.om.OzoneManager.getFileStatus(OzoneManager.java:3467) ~[ozone-manager-1.3.0-SNAPSHOT.jar:?]
	at org.apache.hadoop.ozone.protocolPB.OzoneManagerRequestHandler.getOzoneFileStatus(OzoneManagerRequestHandler.java:878) ~[ozone-manager-1.3.0-SNAPSHOT.jar:?]
	at org.apache.hadoop.ozone.protocolPB.OzoneManagerRequestHandler.handleReadRequest(OzoneManagerRequestHandler.java:224) ~[ozone-manager-1.3.0-SNAPSHOT.jar:?]
	at org.apache.hadoop.ozone.protocolPB.OzoneManagerProtocolServerSideTranslatorPB.submitRequestDirectlyToOM(OzoneManagerProtocolServerSideTranslatorPB.java:276) ~[ozone-manager-1.3.0-SNAPSHOT.jar:?]
	at org.apache.hadoop.ozone.protocolPB.OzoneManagerProtocolServerSideTranslatorPB.processRequest(OzoneManagerProtocolServerSideTranslatorPB.java:205) ~[ozone-manager-1.3.0-SNAPSHOT.jar:?]
	at org.apache.hadoop.hdds.server.OzoneProtocolMessageDispatcher.processRequest(OzoneProtocolMessageDispatcher.java:87) [hdds-server-framework-1.3.0-SNAPSHOT.jar:?]
	at org.apache.hadoop.ozone.protocolPB.OzoneManagerProtocolServerSideTranslatorPB.submitRequest(OzoneManagerProtocolServerSideTranslatorPB.java:147) [ozone-manager-1.3.0-SNAPSHOT.jar:?]
	at org.apache.hadoop.ozone.protocol.proto.OzoneManagerProtocolProtos$OzoneManagerService$2.callBlockingMethod(OzoneManagerProtocolProtos.java) [ozone-interface-client-1.3.0-SNAPSHOT.jar:?]
	at org.apache.hadoop.ipc.ProtobufRpcEngine$Server.processCall(ProtobufRpcEngine.java:466) [hadoop-common-3.3.1.jar:?]
	at org.apache.hadoop.ipc.ProtobufRpcEngine2$Server$ProtoBufRpcInvoker.call(ProtobufRpcEngine2.java:574) [hadoop-common-3.3.1.jar:?]
	at org.apache.hadoop.ipc.ProtobufRpcEngine2$Server$ProtoBufRpcInvoker.call(ProtobufRpcEngine2.java:552) [hadoop-common-3.3.1.jar:?]
	at org.apache.hadoop.ipc.RPC$Server.call(RPC.java:1093) [hadoop-common-3.3.1.jar:?]
	at org.apache.hadoop.ipc.Server$RpcCall.run(Server.java:1035) [hadoop-common-3.3.1.jar:?]
	at org.apache.hadoop.ipc.Server$RpcCall.run(Server.java:963) [hadoop-common-3.3.1.jar:?]
	at java.security.AccessController.doPrivileged(Native Method) ~[?:1.8.0_332]
	at javax.security.auth.Subject.doAs(Subject.java:422) [?:1.8.0_332]
	at org.apache.hadoop.security.UserGroupInformation.doAs(UserGroupInformation.java:1878) [hadoop-common-3.3.1.jar:?]
	at org.apache.hadoop.ipc.Server$Handler.run(Server.java:2966) [hadoop-common-3.3.1.jar:?]
2022-07-27 23:17:57,992 [Time-limited test] INFO  rpc.RpcClient (RpcClient.java:createVolume(467)) - Creating Volume: volume66161, with user43406 as owner and space quota set to -1 bytes, counts quota set to -1
2022-07-27 23:17:57,992 [IPC Server handler 9 on default port 45823] INFO  volume.OMVolumeCreateRequest (OMVolumeCreateRequest.java:validateAndUpdateCache(195)) - created volume:volume66161 for user:user43406
2022-07-27 23:17:57,993 [Time-limited test] INFO  rpc.RpcClient (RpcClient.java:createBucket(670)) - Creating Bucket: volume66161/bucket82848, with bucket layout FILE_SYSTEM_OPTIMIZED, runner as owner, Versioning false, Storage Type set to DISK and Encryption set to false 
2022-07-27 23:17:57,993 [IPC Server handler 7 on default port 45823] INFO  bucket.OMBucketCreateRequest (OMBucketCreateRequest.java:validateAndUpdateCache(260)) - created bucket: bucket82848 of layout FILE_SYSTEM_OPTIMIZED in volume: volume66161
23:17:58.004 [IPC Server handler 13 on default port 45823] ERROR OMAudit - user=runner | ip=127.0.0.1 | op=GET_FILE_STATUS {volume=c5ead2b9-557c-4940-8017-7803f3590423, bucket=4f48ac7f-d891-4778-905c-4004e0240f22, key=.Trash, dataSize=0, replicationConfig=null} | ret=FAILURE
org.apache.hadoop.ozone.om.exceptions.OMException: Unable to get file status: volume: c5ead2b9-557c-4940-8017-7803f3590423 bucket: 4f48ac7f-d891-4778-905c-4004e0240f22 key: .Trash
	at org.apache.hadoop.ozone.om.KeyManagerImpl.getOzoneFileStatus(KeyManagerImpl.java:1311) ~[ozone-manager-1.3.0-SNAPSHOT.jar:?]
	at org.apache.hadoop.ozone.om.KeyManagerImpl.getFileStatus(KeyManagerImpl.java:1241) ~[ozone-manager-1.3.0-SNAPSHOT.jar:?]
	at org.apache.hadoop.ozone.om.OzoneManager.getFileStatus(OzoneManager.java:3467) ~[ozone-manager-1.3.0-SNAPSHOT.jar:?]
	at org.apache.hadoop.ozone.protocolPB.OzoneManagerRequestHandler.getOzoneFileStatus(OzoneManagerRequestHandler.java:878) ~[ozone-manager-1.3.0-SNAPSHOT.jar:?]
	at org.apache.hadoop.ozone.protocolPB.OzoneManagerRequestHandler.handleReadRequest(OzoneManagerRequestHandler.java:224) ~[ozone-manager-1.3.0-SNAPSHOT.jar:?]
	at org.apache.hadoop.ozone.protocolPB.OzoneManagerProtocolServerSideTranslatorPB.submitRequestDirectlyToOM(OzoneManagerProtocolServerSideTranslatorPB.java:276) ~[ozone-manager-1.3.0-SNAPSHOT.jar:?]
	at org.apache.hadoop.ozone.protocolPB.OzoneManagerProtocolServerSideTranslatorPB.processRequest(OzoneManagerProtocolServerSideTranslatorPB.java:205) ~[ozone-manager-1.3.0-SNAPSHOT.jar:?]
	at org.apache.hadoop.hdds.server.OzoneProtocolMessageDispatcher.processRequest(OzoneProtocolMessageDispatcher.java:87) [hdds-server-framework-1.3.0-SNAPSHOT.jar:?]
	at org.apache.hadoop.ozone.protocolPB.OzoneManagerProtocolServerSideTranslatorPB.submitRequest(OzoneManagerProtocolServerSideTranslatorPB.java:147) [ozone-manager-1.3.0-SNAPSHOT.jar:?]
	at org.apache.hadoop.ozone.protocol.proto.OzoneManagerProtocolProtos$OzoneManagerService$2.callBlockingMethod(OzoneManagerProtocolProtos.java) [ozone-interface-client-1.3.0-SNAPSHOT.jar:?]
	at org.apache.hadoop.ipc.ProtobufRpcEngine$Server.processCall(ProtobufRpcEngine.java:466) [hadoop-common-3.3.1.jar:?]
	at org.apache.hadoop.ipc.ProtobufRpcEngine2$Server$ProtoBufRpcInvoker.call(ProtobufRpcEngine2.java:574) [hadoop-common-3.3.1.jar:?]
	at org.apache.hadoop.ipc.ProtobufRpcEngine2$Server$ProtoBufRpcInvoker.call(ProtobufRpcEngine2.java:552) [hadoop-common-3.3.1.jar:?]
	at org.apache.hadoop.ipc.RPC$Server.call(RPC.java:1093) [hadoop-common-3.3.1.jar:?]
	at org.apache.hadoop.ipc.Server$RpcCall.run(Server.java:1035) [hadoop-common-3.3.1.jar:?]
	at org.apache.hadoop.ipc.Server$RpcCall.run(Server.java:963) [hadoop-common-3.3.1.jar:?]
	at java.security.AccessController.doPrivileged(Native Method) ~[?:1.8.0_332]
	at javax.security.auth.Subject.doAs(Subject.java:422) [?:1.8.0_332]
	at org.apache.hadoop.security.UserGroupInformation.doAs(UserGroupInformation.java:1878) [hadoop-common-3.3.1.jar:?]
	at org.apache.hadoop.ipc.Server$Handler.run(Server.java:2966) [hadoop-common-3.3.1.jar:?]
23:17:58.020 [IPC Server handler 15 on default port 45823] ERROR OMAudit - user=runner | ip=127.0.0.1 | op=GET_FILE_STATUS {volume=c5ead2b9-557c-4940-8017-7803f3590423, bucket=4f48ac7f-d891-4778-905c-4004e0240f22, key=.Trash, dataSize=0, replicationConfig=null} | ret=FAILURE
org.apache.hadoop.ozone.om.exceptions.OMException: Unable to get file status: volume: c5ead2b9-557c-4940-8017-7803f3590423 bucket: 4f48ac7f-d891-4778-905c-4004e0240f22 key: .Trash
	at org.apache.hadoop.ozone.om.KeyManagerImpl.getOzoneFileStatus(KeyManagerImpl.java:1311) ~[ozone-manager-1.3.0-SNAPSHOT.jar:?]
	at org.apache.hadoop.ozone.om.KeyManagerImpl.getFileStatus(KeyManagerImpl.java:1241) ~[ozone-manager-1.3.0-SNAPSHOT.jar:?]
	at org.apache.hadoop.ozone.om.OzoneManager.getFileStatus(OzoneManager.java:3467) ~[ozone-manager-1.3.0-SNAPSHOT.jar:?]
	at org.apache.hadoop.ozone.protocolPB.OzoneManagerRequestHandler.getOzoneFileStatus(OzoneManagerRequestHandler.java:878) ~[ozone-manager-1.3.0-SNAPSHOT.jar:?]
	at org.apache.hadoop.ozone.protocolPB.OzoneManagerRequestHandler.handleReadRequest(OzoneManagerRequestHandler.java:224) ~[ozone-manager-1.3.0-SNAPSHOT.jar:?]
	at org.apache.hadoop.ozone.protocolPB.OzoneManagerProtocolServerSideTranslatorPB.submitRequestDirectlyToOM(OzoneManagerProtocolServerSideTranslatorPB.java:276) ~[ozone-manager-1.3.0-SNAPSHOT.jar:?]
	at org.apache.hadoop.ozone.protocolPB.OzoneManagerProtocolServerSideTranslatorPB.processRequest(OzoneManagerProtocolServerSideTranslatorPB.java:205) ~[ozone-manager-1.3.0-SNAPSHOT.jar:?]
	at org.apache.hadoop.hdds.server.OzoneProtocolMessageDispatcher.processRequest(OzoneProtocolMessageDispatcher.java:87) [hdds-server-framework-1.3.0-SNAPSHOT.jar:?]
	at org.apache.hadoop.ozone.protocolPB.OzoneManagerProtocolServerSideTranslatorPB.submitRequest(OzoneManagerProtocolServerSideTranslatorPB.java:147) [ozone-manager-1.3.0-SNAPSHOT.jar:?]
	at org.apache.hadoop.ozone.protocol.proto.OzoneManagerProtocolProtos$OzoneManagerService$2.callBlockingMethod(OzoneManagerProtocolProtos.java) [ozone-interface-client-1.3.0-SNAPSHOT.jar:?]
	at org.apache.hadoop.ipc.ProtobufRpcEngine$Server.processCall(ProtobufRpcEngine.java:466) [hadoop-common-3.3.1.jar:?]
	at org.apache.hadoop.ipc.ProtobufRpcEngine2$Server$ProtoBufRpcInvoker.call(ProtobufRpcEngine2.java:574) [hadoop-common-3.3.1.jar:?]
	at org.apache.hadoop.ipc.ProtobufRpcEngine2$Server$ProtoBufRpcInvoker.call(ProtobufRpcEngine2.java:552) [hadoop-common-3.3.1.jar:?]
	at org.apache.hadoop.ipc.RPC$Server.call(RPC.java:1093) [hadoop-common-3.3.1.jar:?]
	at org.apache.hadoop.ipc.Server$RpcCall.run(Server.java:1035) [hadoop-common-3.3.1.jar:?]
	at org.apache.hadoop.ipc.Server$RpcCall.run(Server.java:963) [hadoop-common-3.3.1.jar:?]
	at java.security.AccessController.doPrivileged(Native Method) ~[?:1.8.0_332]
	at javax.security.auth.Subject.doAs(Subject.java:422) [?:1.8.0_332]
	at org.apache.hadoop.security.UserGroupInformation.doAs(UserGroupInformation.java:1878) [hadoop-common-3.3.1.jar:?]
	at org.apache.hadoop.ipc.Server$Handler.run(Server.java:2966) [hadoop-common-3.3.1.jar:?]
23:17:58.042 [IPC Server handler 3 on default port 45823] ERROR OMAudit - user=runner | ip=127.0.0.1 | op=GET_FILE_STATUS {volume=volume66161, bucket=bucket82848, key=.Trash/runner, dataSize=0, replicationConfig=null} | ret=FAILURE
org.apache.hadoop.ozone.om.exceptions.OMException: Unable to get file status: volume: volume66161 bucket: bucket82848 key: .Trash/runner
	at org.apache.hadoop.ozone.om.KeyManagerImpl.getOzoneFileStatusFSO(KeyManagerImpl.java:1376) ~[ozone-manager-1.3.0-SNAPSHOT.jar:?]
	at org.apache.hadoop.ozone.om.KeyManagerImpl.getFileStatus(KeyManagerImpl.java:1239) ~[ozone-manager-1.3.0-SNAPSHOT.jar:?]
	at org.apache.hadoop.ozone.om.OzoneManager.getFileStatus(OzoneManager.java:3467) ~[ozone-manager-1.3.0-SNAPSHOT.jar:?]
	at org.apache.hadoop.ozone.protocolPB.OzoneManagerRequestHandler.getOzoneFileStatus(OzoneManagerRequestHandler.java:878) ~[ozone-manager-1.3.0-SNAPSHOT.jar:?]
	at org.apache.hadoop.ozone.protocolPB.OzoneManagerRequestHandler.handleReadRequest(OzoneManagerRequestHandler.java:224) ~[ozone-manager-1.3.0-SNAPSHOT.jar:?]
	at org.apache.hadoop.ozone.protocolPB.OzoneManagerProtocolServerSideTranslatorPB.submitRequestDirectlyToOM(OzoneManagerProtocolServerSideTranslatorPB.java:276) ~[ozone-manager-1.3.0-SNAPSHOT.jar:?]
	at org.apache.hadoop.ozone.protocolPB.OzoneManagerProtocolServerSideTranslatorPB.processRequest(OzoneManagerProtocolServerSideTranslatorPB.java:205) ~[ozone-manager-1.3.0-SNAPSHOT.jar:?]
	at org.apache.hadoop.hdds.server.OzoneProtocolMessageDispatcher.processRequest(OzoneProtocolMessageDispatcher.java:87) [hdds-server-framework-1.3.0-SNAPSHOT.jar:?]
	at org.apache.hadoop.ozone.protocolPB.OzoneManagerProtocolServerSideTranslatorPB.submitRequest(OzoneManagerProtocolServerSideTranslatorPB.java:147) [ozone-manager-1.3.0-SNAPSHOT.jar:?]
	at org.apache.hadoop.ozone.protocol.proto.OzoneManagerProtocolProtos$OzoneManagerService$2.callBlockingMethod(OzoneManagerProtocolProtos.java) [ozone-interface-client-1.3.0-SNAPSHOT.jar:?]
	at org.apache.hadoop.ipc.ProtobufRpcEngine$Server.processCall(ProtobufRpcEngine.java:466) [hadoop-common-3.3.1.jar:?]
	at org.apache.hadoop.ipc.ProtobufRpcEngine2$Server$ProtoBufRpcInvoker.call(ProtobufRpcEngine2.java:574) [hadoop-common-3.3.1.jar:?]
	at org.apache.hadoop.ipc.ProtobufRpcEngine2$Server$ProtoBufRpcInvoker.call(ProtobufRpcEngine2.java:552) [hadoop-common-3.3.1.jar:?]
	at org.apache.hadoop.ipc.RPC$Server.call(RPC.java:1093) [hadoop-common-3.3.1.jar:?]
	at org.apache.hadoop.ipc.Server$RpcCall.run(Server.java:1035) [hadoop-common-3.3.1.jar:?]
	at org.apache.hadoop.ipc.Server$RpcCall.run(Server.java:963) [hadoop-common-3.3.1.jar:?]
	at java.security.AccessController.doPrivileged(Native Method) ~[?:1.8.0_332]
	at javax.security.auth.Subject.doAs(Subject.java:422) [?:1.8.0_332]
	at org.apache.hadoop.security.UserGroupInformation.doAs(UserGroupInformation.java:1878) [hadoop-common-3.3.1.jar:?]
	at org.apache.hadoop.ipc.Server$Handler.run(Server.java:2966) [hadoop-common-3.3.1.jar:?]
23:17:58.044 [IPC Server handler 16 on default port 45823] ERROR OMAudit - user=runner | ip=127.0.0.1 | op=GET_FILE_STATUS {volume=c5ead2b9-557c-4940-8017-7803f3590423, bucket=4f48ac7f-d891-4778-905c-4004e0240f22, key=.Trash, dataSize=0, replicationConfig=null} | ret=FAILURE
org.apache.hadoop.ozone.om.exceptions.OMException: Unable to get file status: volume: c5ead2b9-557c-4940-8017-7803f3590423 bucket: 4f48ac7f-d891-4778-905c-4004e0240f22 key: .Trash
	at org.apache.hadoop.ozone.om.KeyManagerImpl.getOzoneFileStatus(KeyManagerImpl.java:1311) ~[ozone-manager-1.3.0-SNAPSHOT.jar:?]
	at org.apache.hadoop.ozone.om.KeyManagerImpl.getFileStatus(KeyManagerImpl.java:1241) ~[ozone-manager-1.3.0-SNAPSHOT.jar:?]
	at org.apache.hadoop.ozone.om.OzoneManager.getFileStatus(OzoneManager.java:3467) ~[ozone-manager-1.3.0-SNAPSHOT.jar:?]
	at org.apache.hadoop.ozone.protocolPB.OzoneManagerRequestHandler.getOzoneFileStatus(OzoneManagerRequestHandler.java:878) ~[ozone-manager-1.3.0-SNAPSHOT.jar:?]
	at org.apache.hadoop.ozone.protocolPB.OzoneManagerRequestHandler.handleReadRequest(OzoneManagerRequestHandler.java:224) ~[ozone-manager-1.3.0-SNAPSHOT.jar:?]
	at org.apache.hadoop.ozone.protocolPB.OzoneManagerProtocolServerSideTranslatorPB.submitRequestDirectlyToOM(OzoneManagerProtocolServerSideTranslatorPB.java:276) ~[ozone-manager-1.3.0-SNAPSHOT.jar:?]
	at org.apache.hadoop.ozone.protocolPB.OzoneManagerProtocolServerSideTranslatorPB.processRequest(OzoneManagerProtocolServerSideTranslatorPB.java:205) ~[ozone-manager-1.3.0-SNAPSHOT.jar:?]
	at org.apache.hadoop.hdds.server.OzoneProtocolMessageDispatcher.processRequest(OzoneProtocolMessageDispatcher.java:87) [hdds-server-framework-1.3.0-SNAPSHOT.jar:?]
	at org.apache.hadoop.ozone.protocolPB.OzoneManagerProtocolServerSideTranslatorPB.submitRequest(OzoneManagerProtocolServerSideTranslatorPB.java:147) [ozone-manager-1.3.0-SNAPSHOT.jar:?]
	at org.apache.hadoop.ozone.protocol.proto.OzoneManagerProtocolProtos$OzoneManagerService$2.callBlockingMethod(OzoneManagerProtocolProtos.java) [ozone-interface-client-1.3.0-SNAPSHOT.jar:?]
	at org.apache.hadoop.ipc.ProtobufRpcEngine$Server.processCall(ProtobufRpcEngine.java:466) [hadoop-common-3.3.1.jar:?]
	at org.apache.hadoop.ipc.ProtobufRpcEngine2$Server$ProtoBufRpcInvoker.call(ProtobufRpcEngine2.java:574) [hadoop-common-3.3.1.jar:?]
	at org.apache.hadoop.ipc.ProtobufRpcEngine2$Server$ProtoBufRpcInvoker.call(ProtobufRpcEngine2.java:552) [hadoop-common-3.3.1.jar:?]
	at org.apache.hadoop.ipc.RPC$Server.call(RPC.java:1093) [hadoop-common-3.3.1.jar:?]
	at org.apache.hadoop.ipc.Server$RpcCall.run(Server.java:1035) [hadoop-common-3.3.1.jar:?]
	at org.apache.hadoop.ipc.Server$RpcCall.run(Server.java:963) [hadoop-common-3.3.1.jar:?]
	at java.security.AccessController.doPrivileged(Native Method) ~[?:1.8.0_332]
	at javax.security.auth.Subject.doAs(Subject.java:422) [?:1.8.0_332]
	at org.apache.hadoop.security.UserGroupInformation.doAs(UserGroupInformation.java:1878) [hadoop-common-3.3.1.jar:?]
	at org.apache.hadoop.ipc.Server$Handler.run(Server.java:2966) [hadoop-common-3.3.1.jar:?]
23:17:58.050 [IPC Server handler 15 on default port 45823] ERROR OMAudit - user=runner | ip=127.0.0.1 | op=GET_FILE_STATUS {volume=volume66161, bucket=bucket82848, key=.Trash, dataSize=0, replicationConfig=null} | ret=FAILURE
org.apache.hadoop.ozone.om.exceptions.OMException: Unable to get file status: volume: volume66161 bucket: bucket82848 key: .Trash
	at org.apache.hadoop.ozone.om.KeyManagerImpl.getOzoneFileStatusFSO(KeyManagerImpl.java:1376) ~[ozone-manager-1.3.0-SNAPSHOT.jar:?]
	at org.apache.hadoop.ozone.om.KeyManagerImpl.getFileStatus(KeyManagerImpl.java:1239) ~[ozone-manager-1.3.0-SNAPSHOT.jar:?]
	at org.apache.hadoop.ozone.om.OzoneManager.getFileStatus(OzoneManager.java:3467) ~[ozone-manager-1.3.0-SNAPSHOT.jar:?]
	at org.apache.hadoop.ozone.protocolPB.OzoneManagerRequestHandler.getOzoneFileStatus(OzoneManagerRequestHandler.java:878) ~[ozone-manager-1.3.0-SNAPSHOT.jar:?]
	at org.apache.hadoop.ozone.protocolPB.OzoneManagerRequestHandler.handleReadRequest(OzoneManagerRequestHandler.java:224) ~[ozone-manager-1.3.0-SNAPSHOT.jar:?]
	at org.apache.hadoop.ozone.protocolPB.OzoneManagerProtocolServerSideTranslatorPB.submitRequestDirectlyToOM(OzoneManagerProtocolServerSideTranslatorPB.java:276) ~[ozone-manager-1.3.0-SNAPSHOT.jar:?]
	at org.apache.hadoop.ozone.protocolPB.OzoneManagerProtocolServerSideTranslatorPB.processRequest(OzoneManagerProtocolServerSideTranslatorPB.java:205) ~[ozone-manager-1.3.0-SNAPSHOT.jar:?]
	at org.apache.hadoop.hdds.server.OzoneProtocolMessageDispatcher.processRequest(OzoneProtocolMessageDispatcher.java:87) [hdds-server-framework-1.3.0-SNAPSHOT.jar:?]
	at org.apache.hadoop.ozone.protocolPB.OzoneManagerProtocolServerSideTranslatorPB.submitRequest(OzoneManagerProtocolServerSideTranslatorPB.java:147) [ozone-manager-1.3.0-SNAPSHOT.jar:?]
	at org.apache.hadoop.ozone.protocol.proto.OzoneManagerProtocolProtos$OzoneManagerService$2.callBlockingMethod(OzoneManagerProtocolProtos.java) [ozone-interface-client-1.3.0-SNAPSHOT.jar:?]
	at org.apache.hadoop.ipc.ProtobufRpcEngine$Server.processCall(ProtobufRpcEngine.java:466) [hadoop-common-3.3.1.jar:?]
	at org.apache.hadoop.ipc.ProtobufRpcEngine2$Server$ProtoBufRpcInvoker.call(ProtobufRpcEngine2.java:574) [hadoop-common-3.3.1.jar:?]
	at org.apache.hadoop.ipc.ProtobufRpcEngine2$Server$ProtoBufRpcInvoker.call(ProtobufRpcEngine2.java:552) [hadoop-common-3.3.1.jar:?]
	at org.apache.hadoop.ipc.RPC$Server.call(RPC.java:1093) [hadoop-common-3.3.1.jar:?]
	at org.apache.hadoop.ipc.Server$RpcCall.run(Server.java:1035) [hadoop-common-3.3.1.jar:?]
	at org.apache.hadoop.ipc.Server$RpcCall.run(Server.java:963) [hadoop-common-3.3.1.jar:?]
	at java.security.AccessController.doPrivileged(Native Method) ~[?:1.8.0_332]
	at javax.security.auth.Subject.doAs(Subject.java:422) [?:1.8.0_332]
	at org.apache.hadoop.security.UserGroupInformation.doAs(UserGroupInformation.java:1878) [hadoop-common-3.3.1.jar:?]
	at org.apache.hadoop.ipc.Server$Handler.run(Server.java:2966) [hadoop-common-3.3.1.jar:?]
23:17:58.054 [IPC Server handler 18 on default port 45823] ERROR OMAudit - user=runner | ip=127.0.0.1 | op=GET_FILE_STATUS {volume=volume46905, bucket=trashroottest2, key=.Trash/runner, dataSize=0, replicationConfig=null} | ret=FAILURE
org.apache.hadoop.ozone.om.exceptions.OMException: Unable to get file status: volume: volume46905 bucket: trashroottest2 key: .Trash/runner
	at org.apache.hadoop.ozone.om.KeyManagerImpl.getOzoneFileStatusFSO(KeyManagerImpl.java:1376) ~[ozone-manager-1.3.0-SNAPSHOT.jar:?]
	at org.apache.hadoop.ozone.om.KeyManagerImpl.getFileStatus(KeyManagerImpl.java:1239) ~[ozone-manager-1.3.0-SNAPSHOT.jar:?]
	at org.apache.hadoop.ozone.om.OzoneManager.getFileStatus(OzoneManager.java:3467) ~[ozone-manager-1.3.0-SNAPSHOT.jar:?]
	at org.apache.hadoop.ozone.protocolPB.OzoneManagerRequestHandler.getOzoneFileStatus(OzoneManagerRequestHandler.java:878) ~[ozone-manager-1.3.0-SNAPSHOT.jar:?]
	at org.apache.hadoop.ozone.protocolPB.OzoneManagerRequestHandler.handleReadRequest(OzoneManagerRequestHandler.java:224) ~[ozone-manager-1.3.0-SNAPSHOT.jar:?]
	at org.apache.hadoop.ozone.protocolPB.OzoneManagerProtocolServerSideTranslatorPB.submitRequestDirectlyToOM(OzoneManagerProtocolServerSideTranslatorPB.java:276) ~[ozone-manager-1.3.0-SNAPSHOT.jar:?]
	at org.apache.hadoop.ozone.protocolPB.OzoneManagerProtocolServerSideTranslatorPB.processRequest(OzoneManagerProtocolServerSideTranslatorPB.java:205) ~[ozone-manager-1.3.0-SNAPSHOT.jar:?]
	at org.apache.hadoop.hdds.server.OzoneProtocolMessageDispatcher.processRequest(OzoneProtocolMessageDispatcher.java:87) [hdds-server-framework-1.3.0-SNAPSHOT.jar:?]
	at org.apache.hadoop.ozone.protocolPB.OzoneManagerProtocolServerSideTranslatorPB.submitRequest(OzoneManagerProtocolServerSideTranslatorPB.java:147) [ozone-manager-1.3.0-SNAPSHOT.jar:?]
	at org.apache.hadoop.ozone.protocol.proto.OzoneManagerProtocolProtos$OzoneManagerService$2.callBlockingMethod(OzoneManagerProtocolProtos.java) [ozone-interface-client-1.3.0-SNAPSHOT.jar:?]
	at org.apache.hadoop.ipc.ProtobufRpcEngine$Server.processCall(ProtobufRpcEngine.java:466) [hadoop-common-3.3.1.jar:?]
	at org.apache.hadoop.ipc.ProtobufRpcEngine2$Server$ProtoBufRpcInvoker.call(ProtobufRpcEngine2.java:574) [hadoop-common-3.3.1.jar:?]
	at org.apache.hadoop.ipc.ProtobufRpcEngine2$Server$ProtoBufRpcInvoker.call(ProtobufRpcEngine2.java:552) [hadoop-common-3.3.1.jar:?]
	at org.apache.hadoop.ipc.RPC$Server.call(RPC.java:1093) [hadoop-common-3.3.1.jar:?]
	at org.apache.hadoop.ipc.Server$RpcCall.run(Server.java:1035) [hadoop-common-3.3.1.jar:?]
	at org.apache.hadoop.ipc.Server$RpcCall.run(Server.java:963) [hadoop-common-3.3.1.jar:?]
	at java.security.AccessController.doPrivileged(Native Method) ~[?:1.8.0_332]
	at javax.security.auth.Subject.doAs(Subject.java:422) [?:1.8.0_332]
	at org.apache.hadoop.security.UserGroupInformation.doAs(UserGroupInformation.java:1878) [hadoop-common-3.3.1.jar:?]
	at org.apache.hadoop.ipc.Server$Handler.run(Server.java:2966) [hadoop-common-3.3.1.jar:?]
23:17:58.055 [IPC Server handler 13 on default port 45823] ERROR OMAudit - user=runner | ip=127.0.0.1 | op=GET_FILE_STATUS {volume=volume66161, bucket=bucket82848, key=.Trash/runner, dataSize=0, replicationConfig=null} | ret=FAILURE
org.apache.hadoop.ozone.om.exceptions.OMException: Unable to get file status: volume: volume66161 bucket: bucket82848 key: .Trash/runner
	at org.apache.hadoop.ozone.om.KeyManagerImpl.getOzoneFileStatusFSO(KeyManagerImpl.java:1376) ~[ozone-manager-1.3.0-SNAPSHOT.jar:?]
	at org.apache.hadoop.ozone.om.KeyManagerImpl.getFileStatus(KeyManagerImpl.java:1239) ~[ozone-manager-1.3.0-SNAPSHOT.jar:?]
	at org.apache.hadoop.ozone.om.OzoneManager.getFileStatus(OzoneManager.java:3467) ~[ozone-manager-1.3.0-SNAPSHOT.jar:?]
	at org.apache.hadoop.ozone.protocolPB.OzoneManagerRequestHandler.getOzoneFileStatus(OzoneManagerRequestHandler.java:878) ~[ozone-manager-1.3.0-SNAPSHOT.jar:?]
	at org.apache.hadoop.ozone.protocolPB.OzoneManagerRequestHandler.handleReadRequest(OzoneManagerRequestHandler.java:224) ~[ozone-manager-1.3.0-SNAPSHOT.jar:?]
	at org.apache.hadoop.ozone.protocolPB.OzoneManagerProtocolServerSideTranslatorPB.submitRequestDirectlyToOM(OzoneManagerProtocolServerSideTranslatorPB.java:276) ~[ozone-manager-1.3.0-SNAPSHOT.jar:?]
	at org.apache.hadoop.ozone.protocolPB.OzoneManagerProtocolServerSideTranslatorPB.processRequest(OzoneManagerProtocolServerSideTranslatorPB.java:205) ~[ozone-manager-1.3.0-SNAPSHOT.jar:?]
	at org.apache.hadoop.hdds.server.OzoneProtocolMessageDispatcher.processRequest(OzoneProtocolMessageDispatcher.java:87) [hdds-server-framework-1.3.0-SNAPSHOT.jar:?]
	at org.apache.hadoop.ozone.protocolPB.OzoneManagerProtocolServerSideTranslatorPB.submitRequest(OzoneManagerProtocolServerSideTranslatorPB.java:147) [ozone-manager-1.3.0-SNAPSHOT.jar:?]
	at org.apache.hadoop.ozone.protocol.proto.OzoneManagerProtocolProtos$OzoneManagerService$2.callBlockingMethod(OzoneManagerProtocolProtos.java) [ozone-interface-client-1.3.0-SNAPSHOT.jar:?]
	at org.apache.hadoop.ipc.ProtobufRpcEngine$Server.processCall(ProtobufRpcEngine.java:466) [hadoop-common-3.3.1.jar:?]
	at org.apache.hadoop.ipc.ProtobufRpcEngine2$Server$ProtoBufRpcInvoker.call(ProtobufRpcEngine2.java:574) [hadoop-common-3.3.1.jar:?]
	at org.apache.hadoop.ipc.ProtobufRpcEngine2$Server$ProtoBufRpcInvoker.call(ProtobufRpcEngine2.java:552) [hadoop-common-3.3.1.jar:?]
	at org.apache.hadoop.ipc.RPC$Server.call(RPC.java:1093) [hadoop-common-3.3.1.jar:?]
	at org.apache.hadoop.ipc.Server$RpcCall.run(Server.java:1035) [hadoop-common-3.3.1.jar:?]
	at org.apache.hadoop.ipc.Server$RpcCall.run(Server.java:963) [hadoop-common-3.3.1.jar:?]
	at java.security.AccessController.doPrivileged(Native Method) ~[?:1.8.0_332]
	at javax.security.auth.Subject.doAs(Subject.java:422) [?:1.8.0_332]
	at org.apache.hadoop.security.UserGroupInformation.doAs(UserGroupInformation.java:1878) [hadoop-common-3.3.1.jar:?]
	at org.apache.hadoop.ipc.Server$Handler.run(Server.java:2966) [hadoop-common-3.3.1.jar:?]
23:17:58.057 [IPC Server handler 7 on default port 45823] ERROR OMAudit - user=runner | ip=127.0.0.1 | op=GET_FILE_STATUS {volume=c5ead2b9-557c-4940-8017-7803f3590423, bucket=4f48ac7f-d891-4778-905c-4004e0240f22, key=.Trash, dataSize=0, replicationConfig=null} | ret=FAILURE
org.apache.hadoop.ozone.om.exceptions.OMException: Unable to get file status: volume: c5ead2b9-557c-4940-8017-7803f3590423 bucket: 4f48ac7f-d891-4778-905c-4004e0240f22 key: .Trash
	at org.apache.hadoop.ozone.om.KeyManagerImpl.getOzoneFileStatus(KeyManagerImpl.java:1311) ~[ozone-manager-1.3.0-SNAPSHOT.jar:?]
	at org.apache.hadoop.ozone.om.KeyManagerImpl.getFileStatus(KeyManagerImpl.java:1241) ~[ozone-manager-1.3.0-SNAPSHOT.jar:?]
	at org.apache.hadoop.ozone.om.OzoneManager.getFileStatus(OzoneManager.java:3467) ~[ozone-manager-1.3.0-SNAPSHOT.jar:?]
	at org.apache.hadoop.ozone.protocolPB.OzoneManagerRequestHandler.getOzoneFileStatus(OzoneManagerRequestHandler.java:878) ~[ozone-manager-1.3.0-SNAPSHOT.jar:?]
	at org.apache.hadoop.ozone.protocolPB.OzoneManagerRequestHandler.handleReadRequest(OzoneManagerRequestHandler.java:224) ~[ozone-manager-1.3.0-SNAPSHOT.jar:?]
	at org.apache.hadoop.ozone.protocolPB.OzoneManagerProtocolServerSideTranslatorPB.submitRequestDirectlyToOM(OzoneManagerProtocolServerSideTranslatorPB.java:276) ~[ozone-manager-1.3.0-SNAPSHOT.jar:?]
	at org.apache.hadoop.ozone.protocolPB.OzoneManagerProtocolServerSideTranslatorPB.processRequest(OzoneManagerProtocolServerSideTranslatorPB.java:205) ~[ozone-manager-1.3.0-SNAPSHOT.jar:?]
	at org.apache.hadoop.hdds.server.OzoneProtocolMessageDispatcher.processRequest(OzoneProtocolMessageDispatcher.java:87) [hdds-server-framework-1.3.0-SNAPSHOT.jar:?]
	at org.apache.hadoop.ozone.protocolPB.OzoneManagerProtocolServerSideTranslatorPB.submitRequest(OzoneManagerProtocolServerSideTranslatorPB.java:147) [ozone-manager-1.3.0-SNAPSHOT.jar:?]
	at org.apache.hadoop.ozone.protocol.proto.OzoneManagerProtocolProtos$OzoneManagerService$2.callBlockingMethod(OzoneManagerProtocolProtos.java) [ozone-interface-client-1.3.0-SNAPSHOT.jar:?]
	at org.apache.hadoop.ipc.ProtobufRpcEngine$Server.processCall(ProtobufRpcEngine.java:466) [hadoop-common-3.3.1.jar:?]
	at org.apache.hadoop.ipc.ProtobufRpcEngine2$Server$ProtoBufRpcInvoker.call(ProtobufRpcEngine2.java:574) [hadoop-common-3.3.1.jar:?]
	at org.apache.hadoop.ipc.ProtobufRpcEngine2$Server$ProtoBufRpcInvoker.call(ProtobufRpcEngine2.java:552) [hadoop-common-3.3.1.jar:?]
	at org.apache.hadoop.ipc.RPC$Server.call(RPC.java:1093) [hadoop-common-3.3.1.jar:?]
	at org.apache.hadoop.ipc.Server$RpcCall.run(Server.java:1035) [hadoop-common-3.3.1.jar:?]
	at org.apache.hadoop.ipc.Server$RpcCall.run(Server.java:963) [hadoop-common-3.3.1.jar:?]
	at java.security.AccessController.doPrivileged(Native Method) ~[?:1.8.0_332]
	at javax.security.auth.Subject.doAs(Subject.java:422) [?:1.8.0_332]
	at org.apache.hadoop.security.UserGroupInformation.doAs(UserGroupInformation.java:1878) [hadoop-common-3.3.1.jar:?]
	at org.apache.hadoop.ipc.Server$Handler.run(Server.java:2966) [hadoop-common-3.3.1.jar:?]
23:17:58.067 [IPC Server handler 14 on default port 45823] ERROR OMAudit - user=runner | ip=127.0.0.1 | op=GET_FILE_STATUS {volume=volume46905, bucket=trashroottest2, key=.Trash, dataSize=0, replicationConfig=null} | ret=FAILURE
org.apache.hadoop.ozone.om.exceptions.OMException: Unable to get file status: volume: volume46905 bucket: trashroottest2 key: .Trash
	at org.apache.hadoop.ozone.om.KeyManagerImpl.getOzoneFileStatusFSO(KeyManagerImpl.java:1376) ~[ozone-manager-1.3.0-SNAPSHOT.jar:?]
	at org.apache.hadoop.ozone.om.KeyManagerImpl.getFileStatus(KeyManagerImpl.java:1239) ~[ozone-manager-1.3.0-SNAPSHOT.jar:?]
	at org.apache.hadoop.ozone.om.OzoneManager.getFileStatus(OzoneManager.java:3467) ~[ozone-manager-1.3.0-SNAPSHOT.jar:?]
	at org.apache.hadoop.ozone.protocolPB.OzoneManagerRequestHandler.getOzoneFileStatus(OzoneManagerRequestHandler.java:878) ~[ozone-manager-1.3.0-SNAPSHOT.jar:?]
	at org.apache.hadoop.ozone.protocolPB.OzoneManagerRequestHandler.handleReadRequest(OzoneManagerRequestHandler.java:224) ~[ozone-manager-1.3.0-SNAPSHOT.jar:?]
	at org.apache.hadoop.ozone.protocolPB.OzoneManagerProtocolServerSideTranslatorPB.submitRequestDirectlyToOM(OzoneManagerProtocolServerSideTranslatorPB.java:276) ~[ozone-manager-1.3.0-SNAPSHOT.jar:?]
	at org.apache.hadoop.ozone.protocolPB.OzoneManagerProtocolServerSideTranslatorPB.processRequest(OzoneManagerProtocolServerSideTranslatorPB.java:205) ~[ozone-manager-1.3.0-SNAPSHOT.jar:?]
	at org.apache.hadoop.hdds.server.OzoneProtocolMessageDispatcher.processRequest(OzoneProtocolMessageDispatcher.java:87) [hdds-server-framework-1.3.0-SNAPSHOT.jar:?]
	at org.apache.hadoop.ozone.protocolPB.OzoneManagerProtocolServerSideTranslatorPB.submitRequest(OzoneManagerProtocolServerSideTranslatorPB.java:147) [ozone-manager-1.3.0-SNAPSHOT.jar:?]
	at org.apache.hadoop.ozone.protocol.proto.OzoneManagerProtocolProtos$OzoneManagerService$2.callBlockingMethod(OzoneManagerProtocolProtos.java) [ozone-interface-client-1.3.0-SNAPSHOT.jar:?]
	at org.apache.hadoop.ipc.ProtobufRpcEngine$Server.processCall(ProtobufRpcEngine.java:466) [hadoop-common-3.3.1.jar:?]
	at org.apache.hadoop.ipc.ProtobufRpcEngine2$Server$ProtoBufRpcInvoker.call(ProtobufRpcEngine2.java:574) [hadoop-common-3.3.1.jar:?]
	at org.apache.hadoop.ipc.ProtobufRpcEngine2$Server$ProtoBufRpcInvoker.call(ProtobufRpcEngine2.java:552) [hadoop-common-3.3.1.jar:?]
	at org.apache.hadoop.ipc.RPC$Server.call(RPC.java:1093) [hadoop-common-3.3.1.jar:?]
	at org.apache.hadoop.ipc.Server$RpcCall.run(Server.java:1035) [hadoop-common-3.3.1.jar:?]
	at org.apache.hadoop.ipc.Server$RpcCall.run(Server.java:963) [hadoop-common-3.3.1.jar:?]
	at java.security.AccessController.doPrivileged(Native Method) ~[?:1.8.0_332]
	at javax.security.auth.Subject.doAs(Subject.java:422) [?:1.8.0_332]
	at org.apache.hadoop.security.UserGroupInformation.doAs(UserGroupInformation.java:1878) [hadoop-common-3.3.1.jar:?]
	at org.apache.hadoop.ipc.Server$Handler.run(Server.java:2966) [hadoop-common-3.3.1.jar:?]
23:17:58.068 [IPC Server handler 10 on default port 45823] ERROR OMAudit - user=runner | ip=127.0.0.1 | op=GET_FILE_STATUS {volume=volume66161, bucket=bucket82848, key=.Trash, dataSize=0, replicationConfig=null} | ret=FAILURE
org.apache.hadoop.ozone.om.exceptions.OMException: Unable to get file status: volume: volume66161 bucket: bucket82848 key: .Trash
	at org.apache.hadoop.ozone.om.KeyManagerImpl.getOzoneFileStatusFSO(KeyManagerImpl.java:1376) ~[ozone-manager-1.3.0-SNAPSHOT.jar:?]
	at org.apache.hadoop.ozone.om.KeyManagerImpl.getFileStatus(KeyManagerImpl.java:1239) ~[ozone-manager-1.3.0-SNAPSHOT.jar:?]
	at org.apache.hadoop.ozone.om.OzoneManager.getFileStatus(OzoneManager.java:3467) ~[ozone-manager-1.3.0-SNAPSHOT.jar:?]
	at org.apache.hadoop.ozone.protocolPB.OzoneManagerRequestHandler.getOzoneFileStatus(OzoneManagerRequestHandler.java:878) ~[ozone-manager-1.3.0-SNAPSHOT.jar:?]
	at org.apache.hadoop.ozone.protocolPB.OzoneManagerRequestHandler.handleReadRequest(OzoneManagerRequestHandler.java:224) ~[ozone-manager-1.3.0-SNAPSHOT.jar:?]
	at org.apache.hadoop.ozone.protocolPB.OzoneManagerProtocolServerSideTranslatorPB.submitRequestDirectlyToOM(OzoneManagerProtocolServerSideTranslatorPB.java:276) ~[ozone-manager-1.3.0-SNAPSHOT.jar:?]
	at org.apache.hadoop.ozone.protocolPB.OzoneManagerProtocolServerSideTranslatorPB.processRequest(OzoneManagerProtocolServerSideTranslatorPB.java:205) ~[ozone-manager-1.3.0-SNAPSHOT.jar:?]
	at org.apache.hadoop.hdds.server.OzoneProtocolMessageDispatcher.processRequest(OzoneProtocolMessageDispatcher.java:87) [hdds-server-framework-1.3.0-SNAPSHOT.jar:?]
	at org.apache.hadoop.ozone.protocolPB.OzoneManagerProtocolServerSideTranslatorPB.submitRequest(OzoneManagerProtocolServerSideTranslatorPB.java:147) [ozone-manager-1.3.0-SNAPSHOT.jar:?]
	at org.apache.hadoop.ozone.protocol.proto.OzoneManagerProtocolProtos$OzoneManagerService$2.callBlockingMethod(OzoneManagerProtocolProtos.java) [ozone-interface-client-1.3.0-SNAPSHOT.jar:?]
	at org.apache.hadoop.ipc.ProtobufRpcEngine$Server.processCall(ProtobufRpcEngine.java:466) [hadoop-common-3.3.1.jar:?]
	at org.apache.hadoop.ipc.ProtobufRpcEngine2$Server$ProtoBufRpcInvoker.call(ProtobufRpcEngine2.java:574) [hadoop-common-3.3.1.jar:?]
	at org.apache.hadoop.ipc.ProtobufRpcEngine2$Server$ProtoBufRpcInvoker.call(ProtobufRpcEngine2.java:552) [hadoop-common-3.3.1.jar:?]
	at org.apache.hadoop.ipc.RPC$Server.call(RPC.java:1093) [hadoop-common-3.3.1.jar:?]
	at org.apache.hadoop.ipc.Server$RpcCall.run(Server.java:1035) [hadoop-common-3.3.1.jar:?]
	at org.apache.hadoop.ipc.Server$RpcCall.run(Server.java:963) [hadoop-common-3.3.1.jar:?]
	at java.security.AccessController.doPrivileged(Native Method) ~[?:1.8.0_332]
	at javax.security.auth.Subject.doAs(Subject.java:422) [?:1.8.0_332]
	at org.apache.hadoop.security.UserGroupInformation.doAs(UserGroupInformation.java:1878) [hadoop-common-3.3.1.jar:?]
	at org.apache.hadoop.ipc.Server$Handler.run(Server.java:2966) [hadoop-common-3.3.1.jar:?]
23:17:58.086 [IPC Server handler 13 on default port 45823] ERROR OMAudit - user=runner | ip=127.0.0.1 | op=GET_FILE_STATUS {volume=volume46905, bucket=trashroottest2, key=.Trash/runner, dataSize=0, replicationConfig=null} | ret=FAILURE
org.apache.hadoop.ozone.om.exceptions.OMException: Unable to get file status: volume: volume46905 bucket: trashroottest2 key: .Trash/runner
	at org.apache.hadoop.ozone.om.KeyManagerImpl.getOzoneFileStatusFSO(KeyManagerImpl.java:1376) ~[ozone-manager-1.3.0-SNAPSHOT.jar:?]
	at org.apache.hadoop.ozone.om.KeyManagerImpl.getFileStatus(KeyManagerImpl.java:1239) ~[ozone-manager-1.3.0-SNAPSHOT.jar:?]
	at org.apache.hadoop.ozone.om.OzoneManager.getFileStatus(OzoneManager.java:3467) ~[ozone-manager-1.3.0-SNAPSHOT.jar:?]
	at org.apache.hadoop.ozone.protocolPB.OzoneManagerRequestHandler.getOzoneFileStatus(OzoneManagerRequestHandler.java:878) ~[ozone-manager-1.3.0-SNAPSHOT.jar:?]
	at org.apache.hadoop.ozone.protocolPB.OzoneManagerRequestHandler.handleReadRequest(OzoneManagerRequestHandler.java:224) ~[ozone-manager-1.3.0-SNAPSHOT.jar:?]
	at org.apache.hadoop.ozone.protocolPB.OzoneManagerProtocolServerSideTranslatorPB.submitRequestDirectlyToOM(OzoneManagerProtocolServerSideTranslatorPB.java:276) ~[ozone-manager-1.3.0-SNAPSHOT.jar:?]
	at org.apache.hadoop.ozone.protocolPB.OzoneManagerProtocolServerSideTranslatorPB.processRequest(OzoneManagerProtocolServerSideTranslatorPB.java:205) ~[ozone-manager-1.3.0-SNAPSHOT.jar:?]
	at org.apache.hadoop.hdds.server.OzoneProtocolMessageDispatcher.processRequest(OzoneProtocolMessageDispatcher.java:87) [hdds-server-framework-1.3.0-SNAPSHOT.jar:?]
	at org.apache.hadoop.ozone.protocolPB.OzoneManagerProtocolServerSideTranslatorPB.submitRequest(OzoneManagerProtocolServerSideTranslatorPB.java:147) [ozone-manager-1.3.0-SNAPSHOT.jar:?]
	at org.apache.hadoop.ozone.protocol.proto.OzoneManagerProtocolProtos$OzoneManagerService$2.callBlockingMethod(OzoneManagerProtocolProtos.java) [ozone-interface-client-1.3.0-SNAPSHOT.jar:?]
	at org.apache.hadoop.ipc.ProtobufRpcEngine$Server.processCall(ProtobufRpcEngine.java:466) [hadoop-common-3.3.1.jar:?]
	at org.apache.hadoop.ipc.ProtobufRpcEngine2$Server$ProtoBufRpcInvoker.call(ProtobufRpcEngine2.java:574) [hadoop-common-3.3.1.jar:?]
	at org.apache.hadoop.ipc.ProtobufRpcEngine2$Server$ProtoBufRpcInvoker.call(ProtobufRpcEngine2.java:552) [hadoop-common-3.3.1.jar:?]
	at org.apache.hadoop.ipc.RPC$Server.call(RPC.java:1093) [hadoop-common-3.3.1.jar:?]
	at org.apache.hadoop.ipc.Server$RpcCall.run(Server.java:1035) [hadoop-common-3.3.1.jar:?]
	at org.apache.hadoop.ipc.Server$RpcCall.run(Server.java:963) [hadoop-common-3.3.1.jar:?]
	at java.security.AccessController.doPrivileged(Native Method) ~[?:1.8.0_332]
	at javax.security.auth.Subject.doAs(Subject.java:422) [?:1.8.0_332]
	at org.apache.hadoop.security.UserGroupInformation.doAs(UserGroupInformation.java:1878) [hadoop-common-3.3.1.jar:?]
	at org.apache.hadoop.ipc.Server$Handler.run(Server.java:2966) [hadoop-common-3.3.1.jar:?]
23:17:58.088 [IPC Server handler 8 on default port 45823] ERROR OMAudit - user=runner | ip=127.0.0.1 | op=GET_FILE_STATUS {volume=volume66161, bucket=bucket82848, key=.Trash/runner, dataSize=0, replicationConfig=null} | ret=FAILURE
org.apache.hadoop.ozone.om.exceptions.OMException: Unable to get file status: volume: volume66161 bucket: bucket82848 key: .Trash/runner
	at org.apache.hadoop.ozone.om.KeyManagerImpl.getOzoneFileStatusFSO(KeyManagerImpl.java:1376) ~[ozone-manager-1.3.0-SNAPSHOT.jar:?]
	at org.apache.hadoop.ozone.om.KeyManagerImpl.getFileStatus(KeyManagerImpl.java:1239) ~[ozone-manager-1.3.0-SNAPSHOT.jar:?]
	at org.apache.hadoop.ozone.om.OzoneManager.getFileStatus(OzoneManager.java:3467) ~[ozone-manager-1.3.0-SNAPSHOT.jar:?]
	at org.apache.hadoop.ozone.protocolPB.OzoneManagerRequestHandler.getOzoneFileStatus(OzoneManagerRequestHandler.java:878) ~[ozone-manager-1.3.0-SNAPSHOT.jar:?]
	at org.apache.hadoop.ozone.protocolPB.OzoneManagerRequestHandler.handleReadRequest(OzoneManagerRequestHandler.java:224) ~[ozone-manager-1.3.0-SNAPSHOT.jar:?]
	at org.apache.hadoop.ozone.protocolPB.OzoneManagerProtocolServerSideTranslatorPB.submitRequestDirectlyToOM(OzoneManagerProtocolServerSideTranslatorPB.java:276) ~[ozone-manager-1.3.0-SNAPSHOT.jar:?]
	at org.apache.hadoop.ozone.protocolPB.OzoneManagerProtocolServerSideTranslatorPB.processRequest(OzoneManagerProtocolServerSideTranslatorPB.java:205) ~[ozone-manager-1.3.0-SNAPSHOT.jar:?]
	at org.apache.hadoop.hdds.server.OzoneProtocolMessageDispatcher.processRequest(OzoneProtocolMessageDispatcher.java:87) [hdds-server-framework-1.3.0-SNAPSHOT.jar:?]
	at org.apache.hadoop.ozone.protocolPB.OzoneManagerProtocolServerSideTranslatorPB.submitRequest(OzoneManagerProtocolServerSideTranslatorPB.java:147) [ozone-manager-1.3.0-SNAPSHOT.jar:?]
	at org.apache.hadoop.ozone.protocol.proto.OzoneManagerProtocolProtos$OzoneManagerService$2.callBlockingMethod(OzoneManagerProtocolProtos.java) [ozone-interface-client-1.3.0-SNAPSHOT.jar:?]
	at org.apache.hadoop.ipc.ProtobufRpcEngine$Server.processCall(ProtobufRpcEngine.java:466) [hadoop-common-3.3.1.jar:?]
	at org.apache.hadoop.ipc.ProtobufRpcEngine2$Server$ProtoBufRpcInvoker.call(ProtobufRpcEngine2.java:574) [hadoop-common-3.3.1.jar:?]
	at org.apache.hadoop.ipc.ProtobufRpcEngine2$Server$ProtoBufRpcInvoker.call(ProtobufRpcEngine2.java:552) [hadoop-common-3.3.1.jar:?]
	at org.apache.hadoop.ipc.RPC$Server.call(RPC.java:1093) [hadoop-common-3.3.1.jar:?]
	at org.apache.hadoop.ipc.Server$RpcCall.run(Server.java:1035) [hadoop-common-3.3.1.jar:?]
	at org.apache.hadoop.ipc.Server$RpcCall.run(Server.java:963) [hadoop-common-3.3.1.jar:?]
	at java.security.AccessController.doPrivileged(Native Method) ~[?:1.8.0_332]
	at javax.security.auth.Subject.doAs(Subject.java:422) [?:1.8.0_332]
	at org.apache.hadoop.security.UserGroupInformation.doAs(UserGroupInformation.java:1878) [hadoop-common-3.3.1.jar:?]
	at org.apache.hadoop.ipc.Server$Handler.run(Server.java:2966) [hadoop-common-3.3.1.jar:?]
23:17:58.089 [IPC Server handler 3 on default port 45823] ERROR OMAudit - user=runner | ip=127.0.0.1 | op=GET_FILE_STATUS {volume=c5ead2b9-557c-4940-8017-7803f3590423, bucket=4f48ac7f-d891-4778-905c-4004e0240f22, key=.Trash, dataSize=0, replicationConfig=null} | ret=FAILURE
org.apache.hadoop.ozone.om.exceptions.OMException: Unable to get file status: volume: c5ead2b9-557c-4940-8017-7803f3590423 bucket: 4f48ac7f-d891-4778-905c-4004e0240f22 key: .Trash
	at org.apache.hadoop.ozone.om.KeyManagerImpl.getOzoneFileStatus(KeyManagerImpl.java:1311) ~[ozone-manager-1.3.0-SNAPSHOT.jar:?]
	at org.apache.hadoop.ozone.om.KeyManagerImpl.getFileStatus(KeyManagerImpl.java:1241) ~[ozone-manager-1.3.0-SNAPSHOT.jar:?]
	at org.apache.hadoop.ozone.om.OzoneManager.getFileStatus(OzoneManager.java:3467) ~[ozone-manager-1.3.0-SNAPSHOT.jar:?]
	at org.apache.hadoop.ozone.protocolPB.OzoneManagerRequestHandler.getOzoneFileStatus(OzoneManagerRequestHandler.java:878) ~[ozone-manager-1.3.0-SNAPSHOT.jar:?]
	at org.apache.hadoop.ozone.protocolPB.OzoneManagerRequestHandler.handleReadRequest(OzoneManagerRequestHandler.java:224) ~[ozone-manager-1.3.0-SNAPSHOT.jar:?]
	at org.apache.hadoop.ozone.protocolPB.OzoneManagerProtocolServerSideTranslatorPB.submitRequestDirectlyToOM(OzoneManagerProtocolServerSideTranslatorPB.java:276) ~[ozone-manager-1.3.0-SNAPSHOT.jar:?]
	at org.apache.hadoop.ozone.protocolPB.OzoneManagerProtocolServerSideTranslatorPB.processRequest(OzoneManagerProtocolServerSideTranslatorPB.java:205) ~[ozone-manager-1.3.0-SNAPSHOT.jar:?]
	at org.apache.hadoop.hdds.server.OzoneProtocolMessageDispatcher.processRequest(OzoneProtocolMessageDispatcher.java:87) [hdds-server-framework-1.3.0-SNAPSHOT.jar:?]
	at org.apache.hadoop.ozone.protocolPB.OzoneManagerProtocolServerSideTranslatorPB.submitRequest(OzoneManagerProtocolServerSideTranslatorPB.java:147) [ozone-manager-1.3.0-SNAPSHOT.jar:?]
	at org.apache.hadoop.ozone.protocol.proto.OzoneManagerProtocolProtos$OzoneManagerService$2.callBlockingMethod(OzoneManagerProtocolProtos.java) [ozone-interface-client-1.3.0-SNAPSHOT.jar:?]
	at org.apache.hadoop.ipc.ProtobufRpcEngine$Server.processCall(ProtobufRpcEngine.java:466) [hadoop-common-3.3.1.jar:?]
	at org.apache.hadoop.ipc.ProtobufRpcEngine2$Server$ProtoBufRpcInvoker.call(ProtobufRpcEngine2.java:574) [hadoop-common-3.3.1.jar:?]
	at org.apache.hadoop.ipc.ProtobufRpcEngine2$Server$ProtoBufRpcInvoker.call(ProtobufRpcEngine2.java:552) [hadoop-common-3.3.1.jar:?]
	at org.apache.hadoop.ipc.RPC$Server.call(RPC.java:1093) [hadoop-common-3.3.1.jar:?]
	at org.apache.hadoop.ipc.Server$RpcCall.run(Server.java:1035) [hadoop-common-3.3.1.jar:?]
	at org.apache.hadoop.ipc.Server$RpcCall.run(Server.java:963) [hadoop-common-3.3.1.jar:?]
	at java.security.AccessController.doPrivileged(Native Method) ~[?:1.8.0_332]
	at javax.security.auth.Subject.doAs(Subject.java:422) [?:1.8.0_332]
	at org.apache.hadoop.security.UserGroupInformation.doAs(UserGroupInformation.java:1878) [hadoop-common-3.3.1.jar:?]
	at org.apache.hadoop.ipc.Server$Handler.run(Server.java:2966) [hadoop-common-3.3.1.jar:?]
23:17:58.092 [IPC Server handler 11 on default port 45823] ERROR OMAudit - user=runner | ip=127.0.0.1 | op=GET_FILE_STATUS {volume=volume46905, bucket=trashroottest2, key=.Trash, dataSize=0, replicationConfig=null} | ret=FAILURE
org.apache.hadoop.ozone.om.exceptions.OMException: Unable to get file status: volume: volume46905 bucket: trashroottest2 key: .Trash
	at org.apache.hadoop.ozone.om.KeyManagerImpl.getOzoneFileStatusFSO(KeyManagerImpl.java:1376) ~[ozone-manager-1.3.0-SNAPSHOT.jar:?]
	at org.apache.hadoop.ozone.om.KeyManagerImpl.getFileStatus(KeyManagerImpl.java:1239) ~[ozone-manager-1.3.0-SNAPSHOT.jar:?]
	at org.apache.hadoop.ozone.om.OzoneManager.getFileStatus(OzoneManager.java:3467) ~[ozone-manager-1.3.0-SNAPSHOT.jar:?]
	at org.apache.hadoop.ozone.protocolPB.OzoneManagerRequestHandler.getOzoneFileStatus(OzoneManagerRequestHandler.java:878) ~[ozone-manager-1.3.0-SNAPSHOT.jar:?]
	at org.apache.hadoop.ozone.protocolPB.OzoneManagerRequestHandler.handleReadRequest(OzoneManagerRequestHandler.java:224) ~[ozone-manager-1.3.0-SNAPSHOT.jar:?]
	at org.apache.hadoop.ozone.protocolPB.OzoneManagerProtocolServerSideTranslatorPB.submitRequestDirectlyToOM(OzoneManagerProtocolServerSideTranslatorPB.java:276) ~[ozone-manager-1.3.0-SNAPSHOT.jar:?]
	at org.apache.hadoop.ozone.protocolPB.OzoneManagerProtocolServerSideTranslatorPB.processRequest(OzoneManagerProtocolServerSideTranslatorPB.java:205) ~[ozone-manager-1.3.0-SNAPSHOT.jar:?]
	at org.apache.hadoop.hdds.server.OzoneProtocolMessageDispatcher.processRequest(OzoneProtocolMessageDispatcher.java:87) [hdds-server-framework-1.3.0-SNAPSHOT.jar:?]
	at org.apache.hadoop.ozone.protocolPB.OzoneManagerProtocolServerSideTranslatorPB.submitRequest(OzoneManagerProtocolServerSideTranslatorPB.java:147) [ozone-manager-1.3.0-SNAPSHOT.jar:?]
	at org.apache.hadoop.ozone.protocol.proto.OzoneManagerProtocolProtos$OzoneManagerService$2.callBlockingMethod(OzoneManagerProtocolProtos.java) [ozone-interface-client-1.3.0-SNAPSHOT.jar:?]
	at org.apache.hadoop.ipc.ProtobufRpcEngine$Server.processCall(ProtobufRpcEngine.java:466) [hadoop-common-3.3.1.jar:?]
	at org.apache.hadoop.ipc.ProtobufRpcEngine2$Server$ProtoBufRpcInvoker.call(ProtobufRpcEngine2.java:574) [hadoop-common-3.3.1.jar:?]
	at org.apache.hadoop.ipc.ProtobufRpcEngine2$Server$ProtoBufRpcInvoker.call(ProtobufRpcEngine2.java:552) [hadoop-common-3.3.1.jar:?]
	at org.apache.hadoop.ipc.RPC$Server.call(RPC.java:1093) [hadoop-common-3.3.1.jar:?]
	at org.apache.hadoop.ipc.Server$RpcCall.run(Server.java:1035) [hadoop-common-3.3.1.jar:?]
	at org.apache.hadoop.ipc.Server$RpcCall.run(Server.java:963) [hadoop-common-3.3.1.jar:?]
	at java.security.AccessController.doPrivileged(Native Method) ~[?:1.8.0_332]
	at javax.security.auth.Subject.doAs(Subject.java:422) [?:1.8.0_332]
	at org.apache.hadoop.security.UserGroupInformation.doAs(UserGroupInformation.java:1878) [hadoop-common-3.3.1.jar:?]
	at org.apache.hadoop.ipc.Server$Handler.run(Server.java:2966) [hadoop-common-3.3.1.jar:?]
23:17:58.093 [IPC Server handler 7 on default port 45823] ERROR OMAudit - user=runner | ip=127.0.0.1 | op=GET_FILE_STATUS {volume=volume66161, bucket=bucket82848, key=.Trash, dataSize=0, replicationConfig=null} | ret=FAILURE
org.apache.hadoop.ozone.om.exceptions.OMException: Unable to get file status: volume: volume66161 bucket: bucket82848 key: .Trash
	at org.apache.hadoop.ozone.om.KeyManagerImpl.getOzoneFileStatusFSO(KeyManagerImpl.java:1376) ~[ozone-manager-1.3.0-SNAPSHOT.jar:?]
	at org.apache.hadoop.ozone.om.KeyManagerImpl.getFileStatus(KeyManagerImpl.java:1239) ~[ozone-manager-1.3.0-SNAPSHOT.jar:?]
	at org.apache.hadoop.ozone.om.OzoneManager.getFileStatus(OzoneManager.java:3467) ~[ozone-manager-1.3.0-SNAPSHOT.jar:?]
	at org.apache.hadoop.ozone.protocolPB.OzoneManagerRequestHandler.getOzoneFileStatus(OzoneManagerRequestHandler.java:878) ~[ozone-manager-1.3.0-SNAPSHOT.jar:?]
	at org.apache.hadoop.ozone.protocolPB.OzoneManagerRequestHandler.handleReadRequest(OzoneManagerRequestHandler.java:224) ~[ozone-manager-1.3.0-SNAPSHOT.jar:?]
	at org.apache.hadoop.ozone.protocolPB.OzoneManagerProtocolServerSideTranslatorPB.submitRequestDirectlyToOM(OzoneManagerProtocolServerSideTranslatorPB.java:276) ~[ozone-manager-1.3.0-SNAPSHOT.jar:?]
	at org.apache.hadoop.ozone.protocolPB.OzoneManagerProtocolServerSideTranslatorPB.processRequest(OzoneManagerProtocolServerSideTranslatorPB.java:205) ~[ozone-manager-1.3.0-SNAPSHOT.jar:?]
	at org.apache.hadoop.hdds.server.OzoneProtocolMessageDispatcher.processRequest(OzoneProtocolMessageDispatcher.java:87) [hdds-server-framework-1.3.0-SNAPSHOT.jar:?]
	at org.apache.hadoop.ozone.protocolPB.OzoneManagerProtocolServerSideTranslatorPB.submitRequest(OzoneManagerProtocolServerSideTranslatorPB.java:147) [ozone-manager-1.3.0-SNAPSHOT.jar:?]
	at org.apache.hadoop.ozone.protocol.proto.OzoneManagerProtocolProtos$OzoneManagerService$2.callBlockingMethod(OzoneManagerProtocolProtos.java) [ozone-interface-client-1.3.0-SNAPSHOT.jar:?]
	at org.apache.hadoop.ipc.ProtobufRpcEngine$Server.processCall(ProtobufRpcEngine.java:466) [hadoop-common-3.3.1.jar:?]
	at org.apache.hadoop.ipc.ProtobufRpcEngine2$Server$ProtoBufRpcInvoker.call(ProtobufRpcEngine2.java:574) [hadoop-common-3.3.1.jar:?]
	at org.apache.hadoop.ipc.ProtobufRpcEngine2$Server$ProtoBufRpcInvoker.call(ProtobufRpcEngine2.java:552) [hadoop-common-3.3.1.jar:?]
	at org.apache.hadoop.ipc.RPC$Server.call(RPC.java:1093) [hadoop-common-3.3.1.jar:?]
	at org.apache.hadoop.ipc.Server$RpcCall.run(Server.java:1035) [hadoop-common-3.3.1.jar:?]
	at org.apache.hadoop.ipc.Server$RpcCall.run(Server.java:963) [hadoop-common-3.3.1.jar:?]
	at java.security.AccessController.doPrivileged(Native Method) ~[?:1.8.0_332]
	at javax.security.auth.Subject.doAs(Subject.java:422) [?:1.8.0_332]
	at org.apache.hadoop.security.UserGroupInformation.doAs(UserGroupInformation.java:1878) [hadoop-common-3.3.1.jar:?]
	at org.apache.hadoop.ipc.Server$Handler.run(Server.java:2966) [hadoop-common-3.3.1.jar:?]
23:17:58.109 [IPC Server handler 13 on default port 45823] ERROR OMAudit - user=runner | ip=127.0.0.1 | op=GET_FILE_STATUS {volume=volume46905, bucket=bucket87199, key=.Trash/runner, dataSize=0, replicationConfig=null} | ret=FAILURE
org.apache.hadoop.ozone.om.exceptions.OMException: Unable to get file status: volume: volume46905 bucket: bucket87199 key: .Trash/runner
	at org.apache.hadoop.ozone.om.KeyManagerImpl.getOzoneFileStatusFSO(KeyManagerImpl.java:1376) ~[ozone-manager-1.3.0-SNAPSHOT.jar:?]
	at org.apache.hadoop.ozone.om.KeyManagerImpl.getFileStatus(KeyManagerImpl.java:1239) ~[ozone-manager-1.3.0-SNAPSHOT.jar:?]
	at org.apache.hadoop.ozone.om.OzoneManager.getFileStatus(OzoneManager.java:3467) ~[ozone-manager-1.3.0-SNAPSHOT.jar:?]
	at org.apache.hadoop.ozone.protocolPB.OzoneManagerRequestHandler.getOzoneFileStatus(OzoneManagerRequestHandler.java:878) ~[ozone-manager-1.3.0-SNAPSHOT.jar:?]
	at org.apache.hadoop.ozone.protocolPB.OzoneManagerRequestHandler.handleReadRequest(OzoneManagerRequestHandler.java:224) ~[ozone-manager-1.3.0-SNAPSHOT.jar:?]
	at org.apache.hadoop.ozone.protocolPB.OzoneManagerProtocolServerSideTranslatorPB.submitRequestDirectlyToOM(OzoneManagerProtocolServerSideTranslatorPB.java:276) ~[ozone-manager-1.3.0-SNAPSHOT.jar:?]
	at org.apache.hadoop.ozone.protocolPB.OzoneManagerProtocolServerSideTranslatorPB.processRequest(OzoneManagerProtocolServerSideTranslatorPB.java:205) ~[ozone-manager-1.3.0-SNAPSHOT.jar:?]
	at org.apache.hadoop.hdds.server.OzoneProtocolMessageDispatcher.processRequest(OzoneProtocolMessageDispatcher.java:87) [hdds-server-framework-1.3.0-SNAPSHOT.jar:?]
	at org.apache.hadoop.ozone.protocolPB.OzoneManagerProtocolServerSideTranslatorPB.submitRequest(OzoneManagerProtocolServerSideTranslatorPB.java:147) [ozone-manager-1.3.0-SNAPSHOT.jar:?]
	at org.apache.hadoop.ozone.protocol.proto.OzoneManagerProtocolProtos$OzoneManagerService$2.callBlockingMethod(OzoneManagerProtocolProtos.java) [ozone-interface-client-1.3.0-SNAPSHOT.jar:?]
	at org.apache.hadoop.ipc.ProtobufRpcEngine$Server.processCall(ProtobufRpcEngine.java:466) [hadoop-common-3.3.1.jar:?]
	at org.apache.hadoop.ipc.ProtobufRpcEngine2$Server$ProtoBufRpcInvoker.call(ProtobufRpcEngine2.java:574) [hadoop-common-3.3.1.jar:?]
	at org.apache.hadoop.ipc.ProtobufRpcEngine2$Server$ProtoBufRpcInvoker.call(ProtobufRpcEngine2.java:552) [hadoop-common-3.3.1.jar:?]
	at org.apache.hadoop.ipc.RPC$Server.call(RPC.java:1093) [hadoop-common-3.3.1.jar:?]
	at org.apache.hadoop.ipc.Server$RpcCall.run(Server.java:1035) [hadoop-common-3.3.1.jar:?]
	at org.apache.hadoop.ipc.Server$RpcCall.run(Server.java:963) [hadoop-common-3.3.1.jar:?]
	at java.security.AccessController.doPrivileged(Native Method) ~[?:1.8.0_332]
	at javax.security.auth.Subject.doAs(Subject.java:422) [?:1.8.0_332]
	at org.apache.hadoop.security.UserGroupInformation.doAs(UserGroupInformation.java:1878) [hadoop-common-3.3.1.jar:?]
	at org.apache.hadoop.ipc.Server$Handler.run(Server.java:2966) [hadoop-common-3.3.1.jar:?]
23:17:58.111 [IPC Server handler 6 on default port 45823] ERROR OMAudit - user=runner | ip=127.0.0.1 | op=GET_FILE_STATUS {volume=c5ead2b9-557c-4940-8017-7803f3590423, bucket=4f48ac7f-d891-4778-905c-4004e0240f22, key=.Trash, dataSize=0, replicationConfig=null} | ret=FAILURE
org.apache.hadoop.ozone.om.exceptions.OMException: Unable to get file status: volume: c5ead2b9-557c-4940-8017-7803f3590423 bucket: 4f48ac7f-d891-4778-905c-4004e0240f22 key: .Trash
	at org.apache.hadoop.ozone.om.KeyManagerImpl.getOzoneFileStatus(KeyManagerImpl.java:1311) ~[ozone-manager-1.3.0-SNAPSHOT.jar:?]
	at org.apache.hadoop.ozone.om.KeyManagerImpl.getFileStatus(KeyManagerImpl.java:1241) ~[ozone-manager-1.3.0-SNAPSHOT.jar:?]
	at org.apache.hadoop.ozone.om.OzoneManager.getFileStatus(OzoneManager.java:3467) ~[ozone-manager-1.3.0-SNAPSHOT.jar:?]
	at org.apache.hadoop.ozone.protocolPB.OzoneManagerRequestHandler.getOzoneFileStatus(OzoneManagerRequestHandler.java:878) ~[ozone-manager-1.3.0-SNAPSHOT.jar:?]
	at org.apache.hadoop.ozone.protocolPB.OzoneManagerRequestHandler.handleReadRequest(OzoneManagerRequestHandler.java:224) ~[ozone-manager-1.3.0-SNAPSHOT.jar:?]
	at org.apache.hadoop.ozone.protocolPB.OzoneManagerProtocolServerSideTranslatorPB.submitRequestDirectlyToOM(OzoneManagerProtocolServerSideTranslatorPB.java:276) ~[ozone-manager-1.3.0-SNAPSHOT.jar:?]
	at org.apache.hadoop.ozone.protocolPB.OzoneManagerProtocolServerSideTranslatorPB.processRequest(OzoneManagerProtocolServerSideTranslatorPB.java:205) ~[ozone-manager-1.3.0-SNAPSHOT.jar:?]
	at org.apache.hadoop.hdds.server.OzoneProtocolMessageDispatcher.processRequest(OzoneProtocolMessageDispatcher.java:87) [hdds-server-framework-1.3.0-SNAPSHOT.jar:?]
	at org.apache.hadoop.ozone.protocolPB.OzoneManagerProtocolServerSideTranslatorPB.submitRequest(OzoneManagerProtocolServerSideTranslatorPB.java:147) [ozone-manager-1.3.0-SNAPSHOT.jar:?]
	at org.apache.hadoop.ozone.protocol.proto.OzoneManagerProtocolProtos$OzoneManagerService$2.callBlockingMethod(OzoneManagerProtocolProtos.java) [ozone-interface-client-1.3.0-SNAPSHOT.jar:?]
	at org.apache.hadoop.ipc.ProtobufRpcEngine$Server.processCall(ProtobufRpcEngine.java:466) [hadoop-common-3.3.1.jar:?]
	at org.apache.hadoop.ipc.ProtobufRpcEngine2$Server$ProtoBufRpcInvoker.call(ProtobufRpcEngine2.java:574) [hadoop-common-3.3.1.jar:?]
	at org.apache.hadoop.ipc.ProtobufRpcEngine2$Server$ProtoBufRpcInvoker.call(ProtobufRpcEngine2.java:552) [hadoop-common-3.3.1.jar:?]
	at org.apache.hadoop.ipc.RPC$Server.call(RPC.java:1093) [hadoop-common-3.3.1.jar:?]
	at org.apache.hadoop.ipc.Server$RpcCall.run(Server.java:1035) [hadoop-common-3.3.1.jar:?]
	at org.apache.hadoop.ipc.Server$RpcCall.run(Server.java:963) [hadoop-common-3.3.1.jar:?]
	at java.security.AccessController.doPrivileged(Native Method) ~[?:1.8.0_332]
	at javax.security.auth.Subject.doAs(Subject.java:422) [?:1.8.0_332]
	at org.apache.hadoop.security.UserGroupInformation.doAs(UserGroupInformation.java:1878) [hadoop-common-3.3.1.jar:?]
	at org.apache.hadoop.ipc.Server$Handler.run(Server.java:2966) [hadoop-common-3.3.1.jar:?]
]]></system-out>
  </testcase>
  <testcase name="testCreateDoesNotAddParentDirKeys" classname="TestRootedOzoneFileSystemWithFSO" time="0.052">
    <system-out><![CDATA[2022-07-27 23:16:54,744 [Time-limited test] INFO  rpc.RpcClient (RpcClient.java:createVolume(467)) - Creating Volume: volume63138, with user65263 as owner and space quota set to -1 bytes, counts quota set to -1
2022-07-27 23:16:54,745 [OM StateMachine ApplyTransaction Thread - 0] INFO  volume.OMVolumeCreateRequest (OMVolumeCreateRequest.java:validateAndUpdateCache(195)) - created volume:volume63138 for user:user65263
2022-07-27 23:16:54,747 [Time-limited test] INFO  rpc.RpcClient (RpcClient.java:createBucket(670)) - Creating Bucket: volume63138/bucket85378, with bucket layout FILE_SYSTEM_OPTIMIZED, runner as owner, Versioning false, Storage Type set to DISK and Encryption set to false 
2022-07-27 23:16:54,748 [OM StateMachine ApplyTransaction Thread - 0] INFO  bucket.OMBucketCreateRequest (OMBucketCreateRequest.java:validateAndUpdateCache(260)) - created bucket: bucket85378 of layout FILE_SYSTEM_OPTIMIZED in volume: volume63138
]]></system-out>
  </testcase>
  <testcase name="testCreateDoesNotAddParentDirKeys" classname="TestRootedOzoneFileSystemWithFSO" time="0.124">
    <system-out><![CDATA[2022-07-27 23:17:58,203 [Time-limited test] INFO  rpc.RpcClient (RpcClient.java:createVolume(467)) - Creating Volume: volume82455, with user55344 as owner and space quota set to -1 bytes, counts quota set to -1
2022-07-27 23:17:58,204 [IPC Server handler 12 on default port 45823] INFO  volume.OMVolumeCreateRequest (OMVolumeCreateRequest.java:validateAndUpdateCache(195)) - created volume:volume82455 for user:user55344
2022-07-27 23:17:58,210 [Time-limited test] INFO  rpc.RpcClient (RpcClient.java:createBucket(670)) - Creating Bucket: volume82455/bucket70361, with bucket layout FILE_SYSTEM_OPTIMIZED, runner as owner, Versioning false, Storage Type set to DISK and Encryption set to false 
2022-07-27 23:17:58,210 [IPC Server handler 10 on default port 45823] INFO  bucket.OMBucketCreateRequest (OMBucketCreateRequest.java:validateAndUpdateCache(260)) - created bucket: bucket70361 of layout FILE_SYSTEM_OPTIMIZED in volume: volume82455
]]></system-out>
  </testcase>
  <testcase name="testDeleteCreatesFakeParentDir" classname="TestRootedOzoneFileSystemWithFSO" time="0">
    <skipped type="org.junit.AssumptionViolatedException"><![CDATA[org.junit.AssumptionViolatedException: FS Path is enabled. Skipping this test as it is not tuned for FS Path yet
	at org.junit.Assume.assumeTrue(Assume.java:68)
	at org.apache.hadoop.fs.ozone.TestRootedOzoneFileSystem.testDeleteCreatesFakeParentDir(TestRootedOzoneFileSystem.java:318)
	at sun.reflect.NativeMethodAccessorImpl.invoke0(Native Method)
	at sun.reflect.NativeMethodAccessorImpl.invoke(NativeMethodAccessorImpl.java:62)
	at sun.reflect.DelegatingMethodAccessorImpl.invoke(DelegatingMethodAccessorImpl.java:43)
	at java.lang.reflect.Method.invoke(Method.java:498)
	at org.junit.runners.model.FrameworkMethod$1.runReflectiveCall(FrameworkMethod.java:59)
	at org.junit.internal.runners.model.ReflectiveCallable.run(ReflectiveCallable.java:12)
	at org.junit.runners.model.FrameworkMethod.invokeExplosively(FrameworkMethod.java:56)
	at org.junit.internal.runners.statements.InvokeMethod.evaluate(InvokeMethod.java:17)
	at org.junit.internal.runners.statements.RunBefores.evaluate(RunBefores.java:26)
	at org.junit.internal.runners.statements.RunAfters.evaluate(RunAfters.java:27)
	at org.junit.internal.runners.statements.FailOnTimeout$CallableStatement.call(FailOnTimeout.java:288)
	at org.junit.internal.runners.statements.FailOnTimeout$CallableStatement.call(FailOnTimeout.java:282)
	at java.util.concurrent.FutureTask.run(FutureTask.java:266)
	at java.lang.Thread.run(Thread.java:750)
]]></skipped>
    <system-out><![CDATA[2022-07-27 23:16:54,801 [Time-limited test] INFO  rpc.RpcClient (RpcClient.java:createVolume(467)) - Creating Volume: volume50833, with user40338 as owner and space quota set to -1 bytes, counts quota set to -1
2022-07-27 23:16:54,804 [OM StateMachine ApplyTransaction Thread - 0] INFO  volume.OMVolumeCreateRequest (OMVolumeCreateRequest.java:validateAndUpdateCache(195)) - created volume:volume50833 for user:user40338
2022-07-27 23:16:54,806 [Time-limited test] INFO  rpc.RpcClient (RpcClient.java:createBucket(670)) - Creating Bucket: volume50833/bucket24727, with bucket layout FILE_SYSTEM_OPTIMIZED, runner as owner, Versioning false, Storage Type set to DISK and Encryption set to false 
2022-07-27 23:16:54,807 [OM StateMachine ApplyTransaction Thread - 0] INFO  bucket.OMBucketCreateRequest (OMBucketCreateRequest.java:validateAndUpdateCache(260)) - created bucket: bucket24727 of layout FILE_SYSTEM_OPTIMIZED in volume: volume50833
]]></system-out>
  </testcase>
  <testcase name="testDeleteCreatesFakeParentDir" classname="TestRootedOzoneFileSystemWithFSO" time="0">
    <skipped type="org.junit.AssumptionViolatedException"><![CDATA[org.junit.AssumptionViolatedException: FS Path is enabled. Skipping this test as it is not tuned for FS Path yet
	at org.junit.Assume.assumeTrue(Assume.java:68)
	at org.apache.hadoop.fs.ozone.TestRootedOzoneFileSystem.testDeleteCreatesFakeParentDir(TestRootedOzoneFileSystem.java:318)
	at sun.reflect.NativeMethodAccessorImpl.invoke0(Native Method)
	at sun.reflect.NativeMethodAccessorImpl.invoke(NativeMethodAccessorImpl.java:62)
	at sun.reflect.DelegatingMethodAccessorImpl.invoke(DelegatingMethodAccessorImpl.java:43)
	at java.lang.reflect.Method.invoke(Method.java:498)
	at org.junit.runners.model.FrameworkMethod$1.runReflectiveCall(FrameworkMethod.java:59)
	at org.junit.internal.runners.model.ReflectiveCallable.run(ReflectiveCallable.java:12)
	at org.junit.runners.model.FrameworkMethod.invokeExplosively(FrameworkMethod.java:56)
	at org.junit.internal.runners.statements.InvokeMethod.evaluate(InvokeMethod.java:17)
	at org.junit.internal.runners.statements.RunBefores.evaluate(RunBefores.java:26)
	at org.junit.internal.runners.statements.RunAfters.evaluate(RunAfters.java:27)
	at org.junit.internal.runners.statements.FailOnTimeout$CallableStatement.call(FailOnTimeout.java:288)
	at org.junit.internal.runners.statements.FailOnTimeout$CallableStatement.call(FailOnTimeout.java:282)
	at java.util.concurrent.FutureTask.run(FutureTask.java:266)
	at java.lang.Thread.run(Thread.java:750)
]]></skipped>
    <system-out><![CDATA[2022-07-27 23:17:58,362 [Time-limited test] INFO  rpc.RpcClient (RpcClient.java:createVolume(467)) - Creating Volume: volume02809, with user20855 as owner and space quota set to -1 bytes, counts quota set to -1
2022-07-27 23:17:58,363 [IPC Server handler 10 on default port 45823] INFO  volume.OMVolumeCreateRequest (OMVolumeCreateRequest.java:validateAndUpdateCache(195)) - created volume:volume02809 for user:user20855
2022-07-27 23:17:58,370 [Time-limited test] INFO  rpc.RpcClient (RpcClient.java:createBucket(670)) - Creating Bucket: volume02809/bucket01880, with bucket layout FILE_SYSTEM_OPTIMIZED, runner as owner, Versioning false, Storage Type set to DISK and Encryption set to false 
2022-07-27 23:17:58,370 [IPC Server handler 8 on default port 45823] INFO  bucket.OMBucketCreateRequest (OMBucketCreateRequest.java:validateAndUpdateCache(260)) - created bucket: bucket01880 of layout FILE_SYSTEM_OPTIMIZED in volume: volume02809
]]></system-out>
  </testcase>
  <testcase name="testNonExplicitlyCreatedPathExistsAfterItsLeafsWereRemoved" classname="TestRootedOzoneFileSystemWithFSO" time="0.052">
    <system-out><![CDATA[2022-07-27 23:16:54,837 [Time-limited test] INFO  rpc.RpcClient (RpcClient.java:createVolume(467)) - Creating Volume: volume17400, with user30658 as owner and space quota set to -1 bytes, counts quota set to -1
2022-07-27 23:16:54,839 [OM StateMachine ApplyTransaction Thread - 0] INFO  volume.OMVolumeCreateRequest (OMVolumeCreateRequest.java:validateAndUpdateCache(195)) - created volume:volume17400 for user:user30658
2022-07-27 23:16:54,842 [Time-limited test] INFO  rpc.RpcClient (RpcClient.java:createBucket(670)) - Creating Bucket: volume17400/bucket06182, with bucket layout FILE_SYSTEM_OPTIMIZED, runner as owner, Versioning false, Storage Type set to DISK and Encryption set to false 
2022-07-27 23:16:54,843 [OM StateMachine ApplyTransaction Thread - 0] INFO  bucket.OMBucketCreateRequest (OMBucketCreateRequest.java:validateAndUpdateCache(260)) - created bucket: bucket06182 of layout FILE_SYSTEM_OPTIMIZED in volume: volume17400
]]></system-out>
  </testcase>
  <testcase name="testNonExplicitlyCreatedPathExistsAfterItsLeafsWereRemoved" classname="TestRootedOzoneFileSystemWithFSO" time="0.114">
    <system-out><![CDATA[2022-07-27 23:17:58,464 [Time-limited test] INFO  rpc.RpcClient (RpcClient.java:createVolume(467)) - Creating Volume: volume29752, with user58718 as owner and space quota set to -1 bytes, counts quota set to -1
2022-07-27 23:17:58,470 [IPC Server handler 8 on default port 45823] INFO  volume.OMVolumeCreateRequest (OMVolumeCreateRequest.java:validateAndUpdateCache(195)) - created volume:volume29752 for user:user58718
2022-07-27 23:17:58,474 [Time-limited test] INFO  rpc.RpcClient (RpcClient.java:createBucket(670)) - Creating Bucket: volume29752/bucket83509, with bucket layout FILE_SYSTEM_OPTIMIZED, runner as owner, Versioning false, Storage Type set to DISK and Encryption set to false 
2022-07-27 23:17:58,475 [IPC Server handler 6 on default port 45823] INFO  bucket.OMBucketCreateRequest (OMBucketCreateRequest.java:validateAndUpdateCache(260)) - created bucket: bucket83509 of layout FILE_SYSTEM_OPTIMIZED in volume: volume29752
]]></system-out>
  </testcase>
  <testcase name="testFileDelete" classname="TestRootedOzoneFileSystemWithFSO" time="0.131">
    <system-out><![CDATA[2022-07-27 23:16:54,903 [Time-limited test] INFO  rpc.RpcClient (RpcClient.java:createVolume(467)) - Creating Volume: volume70751, with user47189 as owner and space quota set to -1 bytes, counts quota set to -1
2022-07-27 23:16:54,905 [OM StateMachine ApplyTransaction Thread - 0] INFO  volume.OMVolumeCreateRequest (OMVolumeCreateRequest.java:validateAndUpdateCache(195)) - created volume:volume70751 for user:user47189
2022-07-27 23:16:54,906 [Time-limited test] INFO  rpc.RpcClient (RpcClient.java:createBucket(670)) - Creating Bucket: volume70751/bucket19260, with bucket layout FILE_SYSTEM_OPTIMIZED, runner as owner, Versioning false, Storage Type set to DISK and Encryption set to false 
2022-07-27 23:16:54,907 [OM StateMachine ApplyTransaction Thread - 0] INFO  bucket.OMBucketCreateRequest (OMBucketCreateRequest.java:validateAndUpdateCache(260)) - created bucket: bucket19260 of layout FILE_SYSTEM_OPTIMIZED in volume: volume70751
23:16:54.971 [IPC Server handler 11 on default port 44809] ERROR OMAudit - user=runner | ip=127.0.0.1 | op=GET_FILE_STATUS {volume=volume70751, bucket=bucket19260, key=testBatchDelete, dataSize=0, replicationConfig=null} | ret=FAILURE
org.apache.hadoop.ozone.om.exceptions.OMException: Unable to get file status: volume: volume70751 bucket: bucket19260 key: testBatchDelete
	at org.apache.hadoop.ozone.om.KeyManagerImpl.getOzoneFileStatusFSO(KeyManagerImpl.java:1376) ~[ozone-manager-1.3.0-SNAPSHOT.jar:?]
	at org.apache.hadoop.ozone.om.KeyManagerImpl.getFileStatus(KeyManagerImpl.java:1239) ~[ozone-manager-1.3.0-SNAPSHOT.jar:?]
	at org.apache.hadoop.ozone.om.OzoneManager.getFileStatus(OzoneManager.java:3467) ~[ozone-manager-1.3.0-SNAPSHOT.jar:?]
	at org.apache.hadoop.ozone.protocolPB.OzoneManagerRequestHandler.getOzoneFileStatus(OzoneManagerRequestHandler.java:878) ~[ozone-manager-1.3.0-SNAPSHOT.jar:?]
	at org.apache.hadoop.ozone.protocolPB.OzoneManagerRequestHandler.handleReadRequest(OzoneManagerRequestHandler.java:224) ~[ozone-manager-1.3.0-SNAPSHOT.jar:?]
	at org.apache.hadoop.ozone.protocolPB.OzoneManagerProtocolServerSideTranslatorPB.submitReadRequestToOM(OzoneManagerProtocolServerSideTranslatorPB.java:226) ~[ozone-manager-1.3.0-SNAPSHOT.jar:?]
	at org.apache.hadoop.ozone.protocolPB.OzoneManagerProtocolServerSideTranslatorPB.processRequest(OzoneManagerProtocolServerSideTranslatorPB.java:175) ~[ozone-manager-1.3.0-SNAPSHOT.jar:?]
	at org.apache.hadoop.hdds.server.OzoneProtocolMessageDispatcher.processRequest(OzoneProtocolMessageDispatcher.java:87) [hdds-server-framework-1.3.0-SNAPSHOT.jar:?]
	at org.apache.hadoop.ozone.protocolPB.OzoneManagerProtocolServerSideTranslatorPB.submitRequest(OzoneManagerProtocolServerSideTranslatorPB.java:147) [ozone-manager-1.3.0-SNAPSHOT.jar:?]
	at org.apache.hadoop.ozone.protocol.proto.OzoneManagerProtocolProtos$OzoneManagerService$2.callBlockingMethod(OzoneManagerProtocolProtos.java) [ozone-interface-client-1.3.0-SNAPSHOT.jar:?]
	at org.apache.hadoop.ipc.ProtobufRpcEngine$Server.processCall(ProtobufRpcEngine.java:466) [hadoop-common-3.3.1.jar:?]
	at org.apache.hadoop.ipc.ProtobufRpcEngine2$Server$ProtoBufRpcInvoker.call(ProtobufRpcEngine2.java:574) [hadoop-common-3.3.1.jar:?]
	at org.apache.hadoop.ipc.ProtobufRpcEngine2$Server$ProtoBufRpcInvoker.call(ProtobufRpcEngine2.java:552) [hadoop-common-3.3.1.jar:?]
	at org.apache.hadoop.ipc.RPC$Server.call(RPC.java:1093) [hadoop-common-3.3.1.jar:?]
	at org.apache.hadoop.ipc.Server$RpcCall.run(Server.java:1035) [hadoop-common-3.3.1.jar:?]
	at org.apache.hadoop.ipc.Server$RpcCall.run(Server.java:963) [hadoop-common-3.3.1.jar:?]
	at java.security.AccessController.doPrivileged(Native Method) ~[?:1.8.0_332]
	at javax.security.auth.Subject.doAs(Subject.java:422) [?:1.8.0_332]
	at org.apache.hadoop.security.UserGroupInformation.doAs(UserGroupInformation.java:1878) [hadoop-common-3.3.1.jar:?]
	at org.apache.hadoop.ipc.Server$Handler.run(Server.java:2966) [hadoop-common-3.3.1.jar:?]
23:16:54.972 [IPC Server handler 10 on default port 44809] ERROR OMAudit - user=runner | ip=127.0.0.1 | op=GET_FILE_STATUS {volume=volume70751, bucket=bucket19260, key=testBatchDelete/parent/child0, dataSize=0, replicationConfig=null} | ret=FAILURE
org.apache.hadoop.ozone.om.exceptions.OMException: Unable to get file status: volume: volume70751 bucket: bucket19260 key: testBatchDelete/parent/child0
	at org.apache.hadoop.ozone.om.KeyManagerImpl.getOzoneFileStatusFSO(KeyManagerImpl.java:1376) ~[ozone-manager-1.3.0-SNAPSHOT.jar:?]
	at org.apache.hadoop.ozone.om.KeyManagerImpl.getFileStatus(KeyManagerImpl.java:1239) ~[ozone-manager-1.3.0-SNAPSHOT.jar:?]
	at org.apache.hadoop.ozone.om.OzoneManager.getFileStatus(OzoneManager.java:3467) ~[ozone-manager-1.3.0-SNAPSHOT.jar:?]
	at org.apache.hadoop.ozone.protocolPB.OzoneManagerRequestHandler.getOzoneFileStatus(OzoneManagerRequestHandler.java:878) ~[ozone-manager-1.3.0-SNAPSHOT.jar:?]
	at org.apache.hadoop.ozone.protocolPB.OzoneManagerRequestHandler.handleReadRequest(OzoneManagerRequestHandler.java:224) ~[ozone-manager-1.3.0-SNAPSHOT.jar:?]
	at org.apache.hadoop.ozone.protocolPB.OzoneManagerProtocolServerSideTranslatorPB.submitReadRequestToOM(OzoneManagerProtocolServerSideTranslatorPB.java:226) ~[ozone-manager-1.3.0-SNAPSHOT.jar:?]
	at org.apache.hadoop.ozone.protocolPB.OzoneManagerProtocolServerSideTranslatorPB.processRequest(OzoneManagerProtocolServerSideTranslatorPB.java:175) ~[ozone-manager-1.3.0-SNAPSHOT.jar:?]
	at org.apache.hadoop.hdds.server.OzoneProtocolMessageDispatcher.processRequest(OzoneProtocolMessageDispatcher.java:87) [hdds-server-framework-1.3.0-SNAPSHOT.jar:?]
	at org.apache.hadoop.ozone.protocolPB.OzoneManagerProtocolServerSideTranslatorPB.submitRequest(OzoneManagerProtocolServerSideTranslatorPB.java:147) [ozone-manager-1.3.0-SNAPSHOT.jar:?]
	at org.apache.hadoop.ozone.protocol.proto.OzoneManagerProtocolProtos$OzoneManagerService$2.callBlockingMethod(OzoneManagerProtocolProtos.java) [ozone-interface-client-1.3.0-SNAPSHOT.jar:?]
	at org.apache.hadoop.ipc.ProtobufRpcEngine$Server.processCall(ProtobufRpcEngine.java:466) [hadoop-common-3.3.1.jar:?]
	at org.apache.hadoop.ipc.ProtobufRpcEngine2$Server$ProtoBufRpcInvoker.call(ProtobufRpcEngine2.java:574) [hadoop-common-3.3.1.jar:?]
	at org.apache.hadoop.ipc.ProtobufRpcEngine2$Server$ProtoBufRpcInvoker.call(ProtobufRpcEngine2.java:552) [hadoop-common-3.3.1.jar:?]
	at org.apache.hadoop.ipc.RPC$Server.call(RPC.java:1093) [hadoop-common-3.3.1.jar:?]
	at org.apache.hadoop.ipc.Server$RpcCall.run(Server.java:1035) [hadoop-common-3.3.1.jar:?]
	at org.apache.hadoop.ipc.Server$RpcCall.run(Server.java:963) [hadoop-common-3.3.1.jar:?]
	at java.security.AccessController.doPrivileged(Native Method) ~[?:1.8.0_332]
	at javax.security.auth.Subject.doAs(Subject.java:422) [?:1.8.0_332]
	at org.apache.hadoop.security.UserGroupInformation.doAs(UserGroupInformation.java:1878) [hadoop-common-3.3.1.jar:?]
	at org.apache.hadoop.ipc.Server$Handler.run(Server.java:2966) [hadoop-common-3.3.1.jar:?]
23:16:54.973 [IPC Server handler 15 on default port 44809] ERROR OMAudit - user=runner | ip=127.0.0.1 | op=GET_FILE_STATUS {volume=volume70751, bucket=bucket19260, key=testBatchDelete/parent/childFolder/child0, dataSize=0, replicationConfig=null} | ret=FAILURE
org.apache.hadoop.ozone.om.exceptions.OMException: Unable to get file status: volume: volume70751 bucket: bucket19260 key: testBatchDelete/parent/childFolder/child0
	at org.apache.hadoop.ozone.om.KeyManagerImpl.getOzoneFileStatusFSO(KeyManagerImpl.java:1376) ~[ozone-manager-1.3.0-SNAPSHOT.jar:?]
	at org.apache.hadoop.ozone.om.KeyManagerImpl.getFileStatus(KeyManagerImpl.java:1239) ~[ozone-manager-1.3.0-SNAPSHOT.jar:?]
	at org.apache.hadoop.ozone.om.OzoneManager.getFileStatus(OzoneManager.java:3467) ~[ozone-manager-1.3.0-SNAPSHOT.jar:?]
	at org.apache.hadoop.ozone.protocolPB.OzoneManagerRequestHandler.getOzoneFileStatus(OzoneManagerRequestHandler.java:878) ~[ozone-manager-1.3.0-SNAPSHOT.jar:?]
	at org.apache.hadoop.ozone.protocolPB.OzoneManagerRequestHandler.handleReadRequest(OzoneManagerRequestHandler.java:224) ~[ozone-manager-1.3.0-SNAPSHOT.jar:?]
	at org.apache.hadoop.ozone.protocolPB.OzoneManagerProtocolServerSideTranslatorPB.submitReadRequestToOM(OzoneManagerProtocolServerSideTranslatorPB.java:226) ~[ozone-manager-1.3.0-SNAPSHOT.jar:?]
	at org.apache.hadoop.ozone.protocolPB.OzoneManagerProtocolServerSideTranslatorPB.processRequest(OzoneManagerProtocolServerSideTranslatorPB.java:175) ~[ozone-manager-1.3.0-SNAPSHOT.jar:?]
	at org.apache.hadoop.hdds.server.OzoneProtocolMessageDispatcher.processRequest(OzoneProtocolMessageDispatcher.java:87) [hdds-server-framework-1.3.0-SNAPSHOT.jar:?]
	at org.apache.hadoop.ozone.protocolPB.OzoneManagerProtocolServerSideTranslatorPB.submitRequest(OzoneManagerProtocolServerSideTranslatorPB.java:147) [ozone-manager-1.3.0-SNAPSHOT.jar:?]
	at org.apache.hadoop.ozone.protocol.proto.OzoneManagerProtocolProtos$OzoneManagerService$2.callBlockingMethod(OzoneManagerProtocolProtos.java) [ozone-interface-client-1.3.0-SNAPSHOT.jar:?]
	at org.apache.hadoop.ipc.ProtobufRpcEngine$Server.processCall(ProtobufRpcEngine.java:466) [hadoop-common-3.3.1.jar:?]
	at org.apache.hadoop.ipc.ProtobufRpcEngine2$Server$ProtoBufRpcInvoker.call(ProtobufRpcEngine2.java:574) [hadoop-common-3.3.1.jar:?]
	at org.apache.hadoop.ipc.ProtobufRpcEngine2$Server$ProtoBufRpcInvoker.call(ProtobufRpcEngine2.java:552) [hadoop-common-3.3.1.jar:?]
	at org.apache.hadoop.ipc.RPC$Server.call(RPC.java:1093) [hadoop-common-3.3.1.jar:?]
	at org.apache.hadoop.ipc.Server$RpcCall.run(Server.java:1035) [hadoop-common-3.3.1.jar:?]
	at org.apache.hadoop.ipc.Server$RpcCall.run(Server.java:963) [hadoop-common-3.3.1.jar:?]
	at java.security.AccessController.doPrivileged(Native Method) ~[?:1.8.0_332]
	at javax.security.auth.Subject.doAs(Subject.java:422) [?:1.8.0_332]
	at org.apache.hadoop.security.UserGroupInformation.doAs(UserGroupInformation.java:1878) [hadoop-common-3.3.1.jar:?]
	at org.apache.hadoop.ipc.Server$Handler.run(Server.java:2966) [hadoop-common-3.3.1.jar:?]
23:16:54.974 [IPC Server handler 13 on default port 44809] ERROR OMAudit - user=runner | ip=127.0.0.1 | op=GET_FILE_STATUS {volume=volume70751, bucket=bucket19260, key=testBatchDelete/parent/child1, dataSize=0, replicationConfig=null} | ret=FAILURE
org.apache.hadoop.ozone.om.exceptions.OMException: Unable to get file status: volume: volume70751 bucket: bucket19260 key: testBatchDelete/parent/child1
	at org.apache.hadoop.ozone.om.KeyManagerImpl.getOzoneFileStatusFSO(KeyManagerImpl.java:1376) ~[ozone-manager-1.3.0-SNAPSHOT.jar:?]
	at org.apache.hadoop.ozone.om.KeyManagerImpl.getFileStatus(KeyManagerImpl.java:1239) ~[ozone-manager-1.3.0-SNAPSHOT.jar:?]
	at org.apache.hadoop.ozone.om.OzoneManager.getFileStatus(OzoneManager.java:3467) ~[ozone-manager-1.3.0-SNAPSHOT.jar:?]
	at org.apache.hadoop.ozone.protocolPB.OzoneManagerRequestHandler.getOzoneFileStatus(OzoneManagerRequestHandler.java:878) ~[ozone-manager-1.3.0-SNAPSHOT.jar:?]
	at org.apache.hadoop.ozone.protocolPB.OzoneManagerRequestHandler.handleReadRequest(OzoneManagerRequestHandler.java:224) ~[ozone-manager-1.3.0-SNAPSHOT.jar:?]
	at org.apache.hadoop.ozone.protocolPB.OzoneManagerProtocolServerSideTranslatorPB.submitReadRequestToOM(OzoneManagerProtocolServerSideTranslatorPB.java:226) ~[ozone-manager-1.3.0-SNAPSHOT.jar:?]
	at org.apache.hadoop.ozone.protocolPB.OzoneManagerProtocolServerSideTranslatorPB.processRequest(OzoneManagerProtocolServerSideTranslatorPB.java:175) ~[ozone-manager-1.3.0-SNAPSHOT.jar:?]
	at org.apache.hadoop.hdds.server.OzoneProtocolMessageDispatcher.processRequest(OzoneProtocolMessageDispatcher.java:87) [hdds-server-framework-1.3.0-SNAPSHOT.jar:?]
	at org.apache.hadoop.ozone.protocolPB.OzoneManagerProtocolServerSideTranslatorPB.submitRequest(OzoneManagerProtocolServerSideTranslatorPB.java:147) [ozone-manager-1.3.0-SNAPSHOT.jar:?]
	at org.apache.hadoop.ozone.protocol.proto.OzoneManagerProtocolProtos$OzoneManagerService$2.callBlockingMethod(OzoneManagerProtocolProtos.java) [ozone-interface-client-1.3.0-SNAPSHOT.jar:?]
	at org.apache.hadoop.ipc.ProtobufRpcEngine$Server.processCall(ProtobufRpcEngine.java:466) [hadoop-common-3.3.1.jar:?]
	at org.apache.hadoop.ipc.ProtobufRpcEngine2$Server$ProtoBufRpcInvoker.call(ProtobufRpcEngine2.java:574) [hadoop-common-3.3.1.jar:?]
	at org.apache.hadoop.ipc.ProtobufRpcEngine2$Server$ProtoBufRpcInvoker.call(ProtobufRpcEngine2.java:552) [hadoop-common-3.3.1.jar:?]
	at org.apache.hadoop.ipc.RPC$Server.call(RPC.java:1093) [hadoop-common-3.3.1.jar:?]
	at org.apache.hadoop.ipc.Server$RpcCall.run(Server.java:1035) [hadoop-common-3.3.1.jar:?]
	at org.apache.hadoop.ipc.Server$RpcCall.run(Server.java:963) [hadoop-common-3.3.1.jar:?]
	at java.security.AccessController.doPrivileged(Native Method) ~[?:1.8.0_332]
	at javax.security.auth.Subject.doAs(Subject.java:422) [?:1.8.0_332]
	at org.apache.hadoop.security.UserGroupInformation.doAs(UserGroupInformation.java:1878) [hadoop-common-3.3.1.jar:?]
	at org.apache.hadoop.ipc.Server$Handler.run(Server.java:2966) [hadoop-common-3.3.1.jar:?]
23:16:54.975 [IPC Server handler 14 on default port 44809] ERROR OMAudit - user=runner | ip=127.0.0.1 | op=GET_FILE_STATUS {volume=volume70751, bucket=bucket19260, key=testBatchDelete/parent/childFolder/child1, dataSize=0, replicationConfig=null} | ret=FAILURE
org.apache.hadoop.ozone.om.exceptions.OMException: Unable to get file status: volume: volume70751 bucket: bucket19260 key: testBatchDelete/parent/childFolder/child1
	at org.apache.hadoop.ozone.om.KeyManagerImpl.getOzoneFileStatusFSO(KeyManagerImpl.java:1376) ~[ozone-manager-1.3.0-SNAPSHOT.jar:?]
	at org.apache.hadoop.ozone.om.KeyManagerImpl.getFileStatus(KeyManagerImpl.java:1239) ~[ozone-manager-1.3.0-SNAPSHOT.jar:?]
	at org.apache.hadoop.ozone.om.OzoneManager.getFileStatus(OzoneManager.java:3467) ~[ozone-manager-1.3.0-SNAPSHOT.jar:?]
	at org.apache.hadoop.ozone.protocolPB.OzoneManagerRequestHandler.getOzoneFileStatus(OzoneManagerRequestHandler.java:878) ~[ozone-manager-1.3.0-SNAPSHOT.jar:?]
	at org.apache.hadoop.ozone.protocolPB.OzoneManagerRequestHandler.handleReadRequest(OzoneManagerRequestHandler.java:224) ~[ozone-manager-1.3.0-SNAPSHOT.jar:?]
	at org.apache.hadoop.ozone.protocolPB.OzoneManagerProtocolServerSideTranslatorPB.submitReadRequestToOM(OzoneManagerProtocolServerSideTranslatorPB.java:226) ~[ozone-manager-1.3.0-SNAPSHOT.jar:?]
	at org.apache.hadoop.ozone.protocolPB.OzoneManagerProtocolServerSideTranslatorPB.processRequest(OzoneManagerProtocolServerSideTranslatorPB.java:175) ~[ozone-manager-1.3.0-SNAPSHOT.jar:?]
	at org.apache.hadoop.hdds.server.OzoneProtocolMessageDispatcher.processRequest(OzoneProtocolMessageDispatcher.java:87) [hdds-server-framework-1.3.0-SNAPSHOT.jar:?]
	at org.apache.hadoop.ozone.protocolPB.OzoneManagerProtocolServerSideTranslatorPB.submitRequest(OzoneManagerProtocolServerSideTranslatorPB.java:147) [ozone-manager-1.3.0-SNAPSHOT.jar:?]
	at org.apache.hadoop.ozone.protocol.proto.OzoneManagerProtocolProtos$OzoneManagerService$2.callBlockingMethod(OzoneManagerProtocolProtos.java) [ozone-interface-client-1.3.0-SNAPSHOT.jar:?]
	at org.apache.hadoop.ipc.ProtobufRpcEngine$Server.processCall(ProtobufRpcEngine.java:466) [hadoop-common-3.3.1.jar:?]
	at org.apache.hadoop.ipc.ProtobufRpcEngine2$Server$ProtoBufRpcInvoker.call(ProtobufRpcEngine2.java:574) [hadoop-common-3.3.1.jar:?]
	at org.apache.hadoop.ipc.ProtobufRpcEngine2$Server$ProtoBufRpcInvoker.call(ProtobufRpcEngine2.java:552) [hadoop-common-3.3.1.jar:?]
	at org.apache.hadoop.ipc.RPC$Server.call(RPC.java:1093) [hadoop-common-3.3.1.jar:?]
	at org.apache.hadoop.ipc.Server$RpcCall.run(Server.java:1035) [hadoop-common-3.3.1.jar:?]
	at org.apache.hadoop.ipc.Server$RpcCall.run(Server.java:963) [hadoop-common-3.3.1.jar:?]
	at java.security.AccessController.doPrivileged(Native Method) ~[?:1.8.0_332]
	at javax.security.auth.Subject.doAs(Subject.java:422) [?:1.8.0_332]
	at org.apache.hadoop.security.UserGroupInformation.doAs(UserGroupInformation.java:1878) [hadoop-common-3.3.1.jar:?]
	at org.apache.hadoop.ipc.Server$Handler.run(Server.java:2966) [hadoop-common-3.3.1.jar:?]
23:16:54.976 [IPC Server handler 2 on default port 44809] ERROR OMAudit - user=runner | ip=127.0.0.1 | op=GET_FILE_STATUS {volume=volume70751, bucket=bucket19260, key=testBatchDelete/parent/child2, dataSize=0, replicationConfig=null} | ret=FAILURE
org.apache.hadoop.ozone.om.exceptions.OMException: Unable to get file status: volume: volume70751 bucket: bucket19260 key: testBatchDelete/parent/child2
	at org.apache.hadoop.ozone.om.KeyManagerImpl.getOzoneFileStatusFSO(KeyManagerImpl.java:1376) ~[ozone-manager-1.3.0-SNAPSHOT.jar:?]
	at org.apache.hadoop.ozone.om.KeyManagerImpl.getFileStatus(KeyManagerImpl.java:1239) ~[ozone-manager-1.3.0-SNAPSHOT.jar:?]
	at org.apache.hadoop.ozone.om.OzoneManager.getFileStatus(OzoneManager.java:3467) ~[ozone-manager-1.3.0-SNAPSHOT.jar:?]
	at org.apache.hadoop.ozone.protocolPB.OzoneManagerRequestHandler.getOzoneFileStatus(OzoneManagerRequestHandler.java:878) ~[ozone-manager-1.3.0-SNAPSHOT.jar:?]
	at org.apache.hadoop.ozone.protocolPB.OzoneManagerRequestHandler.handleReadRequest(OzoneManagerRequestHandler.java:224) ~[ozone-manager-1.3.0-SNAPSHOT.jar:?]
	at org.apache.hadoop.ozone.protocolPB.OzoneManagerProtocolServerSideTranslatorPB.submitReadRequestToOM(OzoneManagerProtocolServerSideTranslatorPB.java:226) ~[ozone-manager-1.3.0-SNAPSHOT.jar:?]
	at org.apache.hadoop.ozone.protocolPB.OzoneManagerProtocolServerSideTranslatorPB.processRequest(OzoneManagerProtocolServerSideTranslatorPB.java:175) ~[ozone-manager-1.3.0-SNAPSHOT.jar:?]
	at org.apache.hadoop.hdds.server.OzoneProtocolMessageDispatcher.processRequest(OzoneProtocolMessageDispatcher.java:87) [hdds-server-framework-1.3.0-SNAPSHOT.jar:?]
	at org.apache.hadoop.ozone.protocolPB.OzoneManagerProtocolServerSideTranslatorPB.submitRequest(OzoneManagerProtocolServerSideTranslatorPB.java:147) [ozone-manager-1.3.0-SNAPSHOT.jar:?]
	at org.apache.hadoop.ozone.protocol.proto.OzoneManagerProtocolProtos$OzoneManagerService$2.callBlockingMethod(OzoneManagerProtocolProtos.java) [ozone-interface-client-1.3.0-SNAPSHOT.jar:?]
	at org.apache.hadoop.ipc.ProtobufRpcEngine$Server.processCall(ProtobufRpcEngine.java:466) [hadoop-common-3.3.1.jar:?]
	at org.apache.hadoop.ipc.ProtobufRpcEngine2$Server$ProtoBufRpcInvoker.call(ProtobufRpcEngine2.java:574) [hadoop-common-3.3.1.jar:?]
	at org.apache.hadoop.ipc.ProtobufRpcEngine2$Server$ProtoBufRpcInvoker.call(ProtobufRpcEngine2.java:552) [hadoop-common-3.3.1.jar:?]
	at org.apache.hadoop.ipc.RPC$Server.call(RPC.java:1093) [hadoop-common-3.3.1.jar:?]
	at org.apache.hadoop.ipc.Server$RpcCall.run(Server.java:1035) [hadoop-common-3.3.1.jar:?]
	at org.apache.hadoop.ipc.Server$RpcCall.run(Server.java:963) [hadoop-common-3.3.1.jar:?]
	at java.security.AccessController.doPrivileged(Native Method) ~[?:1.8.0_332]
	at javax.security.auth.Subject.doAs(Subject.java:422) [?:1.8.0_332]
	at org.apache.hadoop.security.UserGroupInformation.doAs(UserGroupInformation.java:1878) [hadoop-common-3.3.1.jar:?]
	at org.apache.hadoop.ipc.Server$Handler.run(Server.java:2966) [hadoop-common-3.3.1.jar:?]
23:16:54.977 [IPC Server handler 1 on default port 44809] ERROR OMAudit - user=runner | ip=127.0.0.1 | op=GET_FILE_STATUS {volume=volume70751, bucket=bucket19260, key=testBatchDelete/parent/childFolder/child2, dataSize=0, replicationConfig=null} | ret=FAILURE
org.apache.hadoop.ozone.om.exceptions.OMException: Unable to get file status: volume: volume70751 bucket: bucket19260 key: testBatchDelete/parent/childFolder/child2
	at org.apache.hadoop.ozone.om.KeyManagerImpl.getOzoneFileStatusFSO(KeyManagerImpl.java:1376) ~[ozone-manager-1.3.0-SNAPSHOT.jar:?]
	at org.apache.hadoop.ozone.om.KeyManagerImpl.getFileStatus(KeyManagerImpl.java:1239) ~[ozone-manager-1.3.0-SNAPSHOT.jar:?]
	at org.apache.hadoop.ozone.om.OzoneManager.getFileStatus(OzoneManager.java:3467) ~[ozone-manager-1.3.0-SNAPSHOT.jar:?]
	at org.apache.hadoop.ozone.protocolPB.OzoneManagerRequestHandler.getOzoneFileStatus(OzoneManagerRequestHandler.java:878) ~[ozone-manager-1.3.0-SNAPSHOT.jar:?]
	at org.apache.hadoop.ozone.protocolPB.OzoneManagerRequestHandler.handleReadRequest(OzoneManagerRequestHandler.java:224) ~[ozone-manager-1.3.0-SNAPSHOT.jar:?]
	at org.apache.hadoop.ozone.protocolPB.OzoneManagerProtocolServerSideTranslatorPB.submitReadRequestToOM(OzoneManagerProtocolServerSideTranslatorPB.java:226) ~[ozone-manager-1.3.0-SNAPSHOT.jar:?]
	at org.apache.hadoop.ozone.protocolPB.OzoneManagerProtocolServerSideTranslatorPB.processRequest(OzoneManagerProtocolServerSideTranslatorPB.java:175) ~[ozone-manager-1.3.0-SNAPSHOT.jar:?]
	at org.apache.hadoop.hdds.server.OzoneProtocolMessageDispatcher.processRequest(OzoneProtocolMessageDispatcher.java:87) [hdds-server-framework-1.3.0-SNAPSHOT.jar:?]
	at org.apache.hadoop.ozone.protocolPB.OzoneManagerProtocolServerSideTranslatorPB.submitRequest(OzoneManagerProtocolServerSideTranslatorPB.java:147) [ozone-manager-1.3.0-SNAPSHOT.jar:?]
	at org.apache.hadoop.ozone.protocol.proto.OzoneManagerProtocolProtos$OzoneManagerService$2.callBlockingMethod(OzoneManagerProtocolProtos.java) [ozone-interface-client-1.3.0-SNAPSHOT.jar:?]
	at org.apache.hadoop.ipc.ProtobufRpcEngine$Server.processCall(ProtobufRpcEngine.java:466) [hadoop-common-3.3.1.jar:?]
	at org.apache.hadoop.ipc.ProtobufRpcEngine2$Server$ProtoBufRpcInvoker.call(ProtobufRpcEngine2.java:574) [hadoop-common-3.3.1.jar:?]
	at org.apache.hadoop.ipc.ProtobufRpcEngine2$Server$ProtoBufRpcInvoker.call(ProtobufRpcEngine2.java:552) [hadoop-common-3.3.1.jar:?]
	at org.apache.hadoop.ipc.RPC$Server.call(RPC.java:1093) [hadoop-common-3.3.1.jar:?]
	at org.apache.hadoop.ipc.Server$RpcCall.run(Server.java:1035) [hadoop-common-3.3.1.jar:?]
	at org.apache.hadoop.ipc.Server$RpcCall.run(Server.java:963) [hadoop-common-3.3.1.jar:?]
	at java.security.AccessController.doPrivileged(Native Method) ~[?:1.8.0_332]
	at javax.security.auth.Subject.doAs(Subject.java:422) [?:1.8.0_332]
	at org.apache.hadoop.security.UserGroupInformation.doAs(UserGroupInformation.java:1878) [hadoop-common-3.3.1.jar:?]
	at org.apache.hadoop.ipc.Server$Handler.run(Server.java:2966) [hadoop-common-3.3.1.jar:?]
23:16:54.978 [IPC Server handler 3 on default port 44809] ERROR OMAudit - user=runner | ip=127.0.0.1 | op=GET_FILE_STATUS {volume=volume70751, bucket=bucket19260, key=testBatchDelete/parent/child3, dataSize=0, replicationConfig=null} | ret=FAILURE
org.apache.hadoop.ozone.om.exceptions.OMException: Unable to get file status: volume: volume70751 bucket: bucket19260 key: testBatchDelete/parent/child3
	at org.apache.hadoop.ozone.om.KeyManagerImpl.getOzoneFileStatusFSO(KeyManagerImpl.java:1376) ~[ozone-manager-1.3.0-SNAPSHOT.jar:?]
	at org.apache.hadoop.ozone.om.KeyManagerImpl.getFileStatus(KeyManagerImpl.java:1239) ~[ozone-manager-1.3.0-SNAPSHOT.jar:?]
	at org.apache.hadoop.ozone.om.OzoneManager.getFileStatus(OzoneManager.java:3467) ~[ozone-manager-1.3.0-SNAPSHOT.jar:?]
	at org.apache.hadoop.ozone.protocolPB.OzoneManagerRequestHandler.getOzoneFileStatus(OzoneManagerRequestHandler.java:878) ~[ozone-manager-1.3.0-SNAPSHOT.jar:?]
	at org.apache.hadoop.ozone.protocolPB.OzoneManagerRequestHandler.handleReadRequest(OzoneManagerRequestHandler.java:224) ~[ozone-manager-1.3.0-SNAPSHOT.jar:?]
	at org.apache.hadoop.ozone.protocolPB.OzoneManagerProtocolServerSideTranslatorPB.submitReadRequestToOM(OzoneManagerProtocolServerSideTranslatorPB.java:226) ~[ozone-manager-1.3.0-SNAPSHOT.jar:?]
	at org.apache.hadoop.ozone.protocolPB.OzoneManagerProtocolServerSideTranslatorPB.processRequest(OzoneManagerProtocolServerSideTranslatorPB.java:175) ~[ozone-manager-1.3.0-SNAPSHOT.jar:?]
	at org.apache.hadoop.hdds.server.OzoneProtocolMessageDispatcher.processRequest(OzoneProtocolMessageDispatcher.java:87) [hdds-server-framework-1.3.0-SNAPSHOT.jar:?]
	at org.apache.hadoop.ozone.protocolPB.OzoneManagerProtocolServerSideTranslatorPB.submitRequest(OzoneManagerProtocolServerSideTranslatorPB.java:147) [ozone-manager-1.3.0-SNAPSHOT.jar:?]
	at org.apache.hadoop.ozone.protocol.proto.OzoneManagerProtocolProtos$OzoneManagerService$2.callBlockingMethod(OzoneManagerProtocolProtos.java) [ozone-interface-client-1.3.0-SNAPSHOT.jar:?]
	at org.apache.hadoop.ipc.ProtobufRpcEngine$Server.processCall(ProtobufRpcEngine.java:466) [hadoop-common-3.3.1.jar:?]
	at org.apache.hadoop.ipc.ProtobufRpcEngine2$Server$ProtoBufRpcInvoker.call(ProtobufRpcEngine2.java:574) [hadoop-common-3.3.1.jar:?]
	at org.apache.hadoop.ipc.ProtobufRpcEngine2$Server$ProtoBufRpcInvoker.call(ProtobufRpcEngine2.java:552) [hadoop-common-3.3.1.jar:?]
	at org.apache.hadoop.ipc.RPC$Server.call(RPC.java:1093) [hadoop-common-3.3.1.jar:?]
	at org.apache.hadoop.ipc.Server$RpcCall.run(Server.java:1035) [hadoop-common-3.3.1.jar:?]
	at org.apache.hadoop.ipc.Server$RpcCall.run(Server.java:963) [hadoop-common-3.3.1.jar:?]
	at java.security.AccessController.doPrivileged(Native Method) ~[?:1.8.0_332]
	at javax.security.auth.Subject.doAs(Subject.java:422) [?:1.8.0_332]
	at org.apache.hadoop.security.UserGroupInformation.doAs(UserGroupInformation.java:1878) [hadoop-common-3.3.1.jar:?]
	at org.apache.hadoop.ipc.Server$Handler.run(Server.java:2966) [hadoop-common-3.3.1.jar:?]
23:16:54.979 [IPC Server handler 7 on default port 44809] ERROR OMAudit - user=runner | ip=127.0.0.1 | op=GET_FILE_STATUS {volume=volume70751, bucket=bucket19260, key=testBatchDelete/parent/childFolder/child3, dataSize=0, replicationConfig=null} | ret=FAILURE
org.apache.hadoop.ozone.om.exceptions.OMException: Unable to get file status: volume: volume70751 bucket: bucket19260 key: testBatchDelete/parent/childFolder/child3
	at org.apache.hadoop.ozone.om.KeyManagerImpl.getOzoneFileStatusFSO(KeyManagerImpl.java:1376) ~[ozone-manager-1.3.0-SNAPSHOT.jar:?]
	at org.apache.hadoop.ozone.om.KeyManagerImpl.getFileStatus(KeyManagerImpl.java:1239) ~[ozone-manager-1.3.0-SNAPSHOT.jar:?]
	at org.apache.hadoop.ozone.om.OzoneManager.getFileStatus(OzoneManager.java:3467) ~[ozone-manager-1.3.0-SNAPSHOT.jar:?]
	at org.apache.hadoop.ozone.protocolPB.OzoneManagerRequestHandler.getOzoneFileStatus(OzoneManagerRequestHandler.java:878) ~[ozone-manager-1.3.0-SNAPSHOT.jar:?]
	at org.apache.hadoop.ozone.protocolPB.OzoneManagerRequestHandler.handleReadRequest(OzoneManagerRequestHandler.java:224) ~[ozone-manager-1.3.0-SNAPSHOT.jar:?]
	at org.apache.hadoop.ozone.protocolPB.OzoneManagerProtocolServerSideTranslatorPB.submitReadRequestToOM(OzoneManagerProtocolServerSideTranslatorPB.java:226) ~[ozone-manager-1.3.0-SNAPSHOT.jar:?]
	at org.apache.hadoop.ozone.protocolPB.OzoneManagerProtocolServerSideTranslatorPB.processRequest(OzoneManagerProtocolServerSideTranslatorPB.java:175) ~[ozone-manager-1.3.0-SNAPSHOT.jar:?]
	at org.apache.hadoop.hdds.server.OzoneProtocolMessageDispatcher.processRequest(OzoneProtocolMessageDispatcher.java:87) [hdds-server-framework-1.3.0-SNAPSHOT.jar:?]
	at org.apache.hadoop.ozone.protocolPB.OzoneManagerProtocolServerSideTranslatorPB.submitRequest(OzoneManagerProtocolServerSideTranslatorPB.java:147) [ozone-manager-1.3.0-SNAPSHOT.jar:?]
	at org.apache.hadoop.ozone.protocol.proto.OzoneManagerProtocolProtos$OzoneManagerService$2.callBlockingMethod(OzoneManagerProtocolProtos.java) [ozone-interface-client-1.3.0-SNAPSHOT.jar:?]
	at org.apache.hadoop.ipc.ProtobufRpcEngine$Server.processCall(ProtobufRpcEngine.java:466) [hadoop-common-3.3.1.jar:?]
	at org.apache.hadoop.ipc.ProtobufRpcEngine2$Server$ProtoBufRpcInvoker.call(ProtobufRpcEngine2.java:574) [hadoop-common-3.3.1.jar:?]
	at org.apache.hadoop.ipc.ProtobufRpcEngine2$Server$ProtoBufRpcInvoker.call(ProtobufRpcEngine2.java:552) [hadoop-common-3.3.1.jar:?]
	at org.apache.hadoop.ipc.RPC$Server.call(RPC.java:1093) [hadoop-common-3.3.1.jar:?]
	at org.apache.hadoop.ipc.Server$RpcCall.run(Server.java:1035) [hadoop-common-3.3.1.jar:?]
	at org.apache.hadoop.ipc.Server$RpcCall.run(Server.java:963) [hadoop-common-3.3.1.jar:?]
	at java.security.AccessController.doPrivileged(Native Method) ~[?:1.8.0_332]
	at javax.security.auth.Subject.doAs(Subject.java:422) [?:1.8.0_332]
	at org.apache.hadoop.security.UserGroupInformation.doAs(UserGroupInformation.java:1878) [hadoop-common-3.3.1.jar:?]
	at org.apache.hadoop.ipc.Server$Handler.run(Server.java:2966) [hadoop-common-3.3.1.jar:?]
23:16:54.980 [IPC Server handler 8 on default port 44809] ERROR OMAudit - user=runner | ip=127.0.0.1 | op=GET_FILE_STATUS {volume=volume70751, bucket=bucket19260, key=testBatchDelete/parent/child4, dataSize=0, replicationConfig=null} | ret=FAILURE
org.apache.hadoop.ozone.om.exceptions.OMException: Unable to get file status: volume: volume70751 bucket: bucket19260 key: testBatchDelete/parent/child4
	at org.apache.hadoop.ozone.om.KeyManagerImpl.getOzoneFileStatusFSO(KeyManagerImpl.java:1376) ~[ozone-manager-1.3.0-SNAPSHOT.jar:?]
	at org.apache.hadoop.ozone.om.KeyManagerImpl.getFileStatus(KeyManagerImpl.java:1239) ~[ozone-manager-1.3.0-SNAPSHOT.jar:?]
	at org.apache.hadoop.ozone.om.OzoneManager.getFileStatus(OzoneManager.java:3467) ~[ozone-manager-1.3.0-SNAPSHOT.jar:?]
	at org.apache.hadoop.ozone.protocolPB.OzoneManagerRequestHandler.getOzoneFileStatus(OzoneManagerRequestHandler.java:878) ~[ozone-manager-1.3.0-SNAPSHOT.jar:?]
	at org.apache.hadoop.ozone.protocolPB.OzoneManagerRequestHandler.handleReadRequest(OzoneManagerRequestHandler.java:224) ~[ozone-manager-1.3.0-SNAPSHOT.jar:?]
	at org.apache.hadoop.ozone.protocolPB.OzoneManagerProtocolServerSideTranslatorPB.submitReadRequestToOM(OzoneManagerProtocolServerSideTranslatorPB.java:226) ~[ozone-manager-1.3.0-SNAPSHOT.jar:?]
	at org.apache.hadoop.ozone.protocolPB.OzoneManagerProtocolServerSideTranslatorPB.processRequest(OzoneManagerProtocolServerSideTranslatorPB.java:175) ~[ozone-manager-1.3.0-SNAPSHOT.jar:?]
	at org.apache.hadoop.hdds.server.OzoneProtocolMessageDispatcher.processRequest(OzoneProtocolMessageDispatcher.java:87) [hdds-server-framework-1.3.0-SNAPSHOT.jar:?]
	at org.apache.hadoop.ozone.protocolPB.OzoneManagerProtocolServerSideTranslatorPB.submitRequest(OzoneManagerProtocolServerSideTranslatorPB.java:147) [ozone-manager-1.3.0-SNAPSHOT.jar:?]
	at org.apache.hadoop.ozone.protocol.proto.OzoneManagerProtocolProtos$OzoneManagerService$2.callBlockingMethod(OzoneManagerProtocolProtos.java) [ozone-interface-client-1.3.0-SNAPSHOT.jar:?]
	at org.apache.hadoop.ipc.ProtobufRpcEngine$Server.processCall(ProtobufRpcEngine.java:466) [hadoop-common-3.3.1.jar:?]
	at org.apache.hadoop.ipc.ProtobufRpcEngine2$Server$ProtoBufRpcInvoker.call(ProtobufRpcEngine2.java:574) [hadoop-common-3.3.1.jar:?]
	at org.apache.hadoop.ipc.ProtobufRpcEngine2$Server$ProtoBufRpcInvoker.call(ProtobufRpcEngine2.java:552) [hadoop-common-3.3.1.jar:?]
	at org.apache.hadoop.ipc.RPC$Server.call(RPC.java:1093) [hadoop-common-3.3.1.jar:?]
	at org.apache.hadoop.ipc.Server$RpcCall.run(Server.java:1035) [hadoop-common-3.3.1.jar:?]
	at org.apache.hadoop.ipc.Server$RpcCall.run(Server.java:963) [hadoop-common-3.3.1.jar:?]
	at java.security.AccessController.doPrivileged(Native Method) ~[?:1.8.0_332]
	at javax.security.auth.Subject.doAs(Subject.java:422) [?:1.8.0_332]
	at org.apache.hadoop.security.UserGroupInformation.doAs(UserGroupInformation.java:1878) [hadoop-common-3.3.1.jar:?]
	at org.apache.hadoop.ipc.Server$Handler.run(Server.java:2966) [hadoop-common-3.3.1.jar:?]
23:16:54.981 [IPC Server handler 11 on default port 44809] ERROR OMAudit - user=runner | ip=127.0.0.1 | op=GET_FILE_STATUS {volume=volume70751, bucket=bucket19260, key=testBatchDelete/parent/childFolder/child4, dataSize=0, replicationConfig=null} | ret=FAILURE
org.apache.hadoop.ozone.om.exceptions.OMException: Unable to get file status: volume: volume70751 bucket: bucket19260 key: testBatchDelete/parent/childFolder/child4
	at org.apache.hadoop.ozone.om.KeyManagerImpl.getOzoneFileStatusFSO(KeyManagerImpl.java:1376) ~[ozone-manager-1.3.0-SNAPSHOT.jar:?]
	at org.apache.hadoop.ozone.om.KeyManagerImpl.getFileStatus(KeyManagerImpl.java:1239) ~[ozone-manager-1.3.0-SNAPSHOT.jar:?]
	at org.apache.hadoop.ozone.om.OzoneManager.getFileStatus(OzoneManager.java:3467) ~[ozone-manager-1.3.0-SNAPSHOT.jar:?]
	at org.apache.hadoop.ozone.protocolPB.OzoneManagerRequestHandler.getOzoneFileStatus(OzoneManagerRequestHandler.java:878) ~[ozone-manager-1.3.0-SNAPSHOT.jar:?]
	at org.apache.hadoop.ozone.protocolPB.OzoneManagerRequestHandler.handleReadRequest(OzoneManagerRequestHandler.java:224) ~[ozone-manager-1.3.0-SNAPSHOT.jar:?]
	at org.apache.hadoop.ozone.protocolPB.OzoneManagerProtocolServerSideTranslatorPB.submitReadRequestToOM(OzoneManagerProtocolServerSideTranslatorPB.java:226) ~[ozone-manager-1.3.0-SNAPSHOT.jar:?]
	at org.apache.hadoop.ozone.protocolPB.OzoneManagerProtocolServerSideTranslatorPB.processRequest(OzoneManagerProtocolServerSideTranslatorPB.java:175) ~[ozone-manager-1.3.0-SNAPSHOT.jar:?]
	at org.apache.hadoop.hdds.server.OzoneProtocolMessageDispatcher.processRequest(OzoneProtocolMessageDispatcher.java:87) [hdds-server-framework-1.3.0-SNAPSHOT.jar:?]
	at org.apache.hadoop.ozone.protocolPB.OzoneManagerProtocolServerSideTranslatorPB.submitRequest(OzoneManagerProtocolServerSideTranslatorPB.java:147) [ozone-manager-1.3.0-SNAPSHOT.jar:?]
	at org.apache.hadoop.ozone.protocol.proto.OzoneManagerProtocolProtos$OzoneManagerService$2.callBlockingMethod(OzoneManagerProtocolProtos.java) [ozone-interface-client-1.3.0-SNAPSHOT.jar:?]
	at org.apache.hadoop.ipc.ProtobufRpcEngine$Server.processCall(ProtobufRpcEngine.java:466) [hadoop-common-3.3.1.jar:?]
	at org.apache.hadoop.ipc.ProtobufRpcEngine2$Server$ProtoBufRpcInvoker.call(ProtobufRpcEngine2.java:574) [hadoop-common-3.3.1.jar:?]
	at org.apache.hadoop.ipc.ProtobufRpcEngine2$Server$ProtoBufRpcInvoker.call(ProtobufRpcEngine2.java:552) [hadoop-common-3.3.1.jar:?]
	at org.apache.hadoop.ipc.RPC$Server.call(RPC.java:1093) [hadoop-common-3.3.1.jar:?]
	at org.apache.hadoop.ipc.Server$RpcCall.run(Server.java:1035) [hadoop-common-3.3.1.jar:?]
	at org.apache.hadoop.ipc.Server$RpcCall.run(Server.java:963) [hadoop-common-3.3.1.jar:?]
	at java.security.AccessController.doPrivileged(Native Method) ~[?:1.8.0_332]
	at javax.security.auth.Subject.doAs(Subject.java:422) [?:1.8.0_332]
	at org.apache.hadoop.security.UserGroupInformation.doAs(UserGroupInformation.java:1878) [hadoop-common-3.3.1.jar:?]
	at org.apache.hadoop.ipc.Server$Handler.run(Server.java:2966) [hadoop-common-3.3.1.jar:?]
23:16:54.982 [IPC Server handler 10 on default port 44809] ERROR OMAudit - user=runner | ip=127.0.0.1 | op=GET_FILE_STATUS {volume=volume70751, bucket=bucket19260, key=testBatchDelete/parent/child5, dataSize=0, replicationConfig=null} | ret=FAILURE
org.apache.hadoop.ozone.om.exceptions.OMException: Unable to get file status: volume: volume70751 bucket: bucket19260 key: testBatchDelete/parent/child5
	at org.apache.hadoop.ozone.om.KeyManagerImpl.getOzoneFileStatusFSO(KeyManagerImpl.java:1376) ~[ozone-manager-1.3.0-SNAPSHOT.jar:?]
	at org.apache.hadoop.ozone.om.KeyManagerImpl.getFileStatus(KeyManagerImpl.java:1239) ~[ozone-manager-1.3.0-SNAPSHOT.jar:?]
	at org.apache.hadoop.ozone.om.OzoneManager.getFileStatus(OzoneManager.java:3467) ~[ozone-manager-1.3.0-SNAPSHOT.jar:?]
	at org.apache.hadoop.ozone.protocolPB.OzoneManagerRequestHandler.getOzoneFileStatus(OzoneManagerRequestHandler.java:878) ~[ozone-manager-1.3.0-SNAPSHOT.jar:?]
	at org.apache.hadoop.ozone.protocolPB.OzoneManagerRequestHandler.handleReadRequest(OzoneManagerRequestHandler.java:224) ~[ozone-manager-1.3.0-SNAPSHOT.jar:?]
	at org.apache.hadoop.ozone.protocolPB.OzoneManagerProtocolServerSideTranslatorPB.submitReadRequestToOM(OzoneManagerProtocolServerSideTranslatorPB.java:226) ~[ozone-manager-1.3.0-SNAPSHOT.jar:?]
	at org.apache.hadoop.ozone.protocolPB.OzoneManagerProtocolServerSideTranslatorPB.processRequest(OzoneManagerProtocolServerSideTranslatorPB.java:175) ~[ozone-manager-1.3.0-SNAPSHOT.jar:?]
	at org.apache.hadoop.hdds.server.OzoneProtocolMessageDispatcher.processRequest(OzoneProtocolMessageDispatcher.java:87) [hdds-server-framework-1.3.0-SNAPSHOT.jar:?]
	at org.apache.hadoop.ozone.protocolPB.OzoneManagerProtocolServerSideTranslatorPB.submitRequest(OzoneManagerProtocolServerSideTranslatorPB.java:147) [ozone-manager-1.3.0-SNAPSHOT.jar:?]
	at org.apache.hadoop.ozone.protocol.proto.OzoneManagerProtocolProtos$OzoneManagerService$2.callBlockingMethod(OzoneManagerProtocolProtos.java) [ozone-interface-client-1.3.0-SNAPSHOT.jar:?]
	at org.apache.hadoop.ipc.ProtobufRpcEngine$Server.processCall(ProtobufRpcEngine.java:466) [hadoop-common-3.3.1.jar:?]
	at org.apache.hadoop.ipc.ProtobufRpcEngine2$Server$ProtoBufRpcInvoker.call(ProtobufRpcEngine2.java:574) [hadoop-common-3.3.1.jar:?]
	at org.apache.hadoop.ipc.ProtobufRpcEngine2$Server$ProtoBufRpcInvoker.call(ProtobufRpcEngine2.java:552) [hadoop-common-3.3.1.jar:?]
	at org.apache.hadoop.ipc.RPC$Server.call(RPC.java:1093) [hadoop-common-3.3.1.jar:?]
	at org.apache.hadoop.ipc.Server$RpcCall.run(Server.java:1035) [hadoop-common-3.3.1.jar:?]
	at org.apache.hadoop.ipc.Server$RpcCall.run(Server.java:963) [hadoop-common-3.3.1.jar:?]
	at java.security.AccessController.doPrivileged(Native Method) ~[?:1.8.0_332]
	at javax.security.auth.Subject.doAs(Subject.java:422) [?:1.8.0_332]
	at org.apache.hadoop.security.UserGroupInformation.doAs(UserGroupInformation.java:1878) [hadoop-common-3.3.1.jar:?]
	at org.apache.hadoop.ipc.Server$Handler.run(Server.java:2966) [hadoop-common-3.3.1.jar:?]
23:16:54.983 [IPC Server handler 15 on default port 44809] ERROR OMAudit - user=runner | ip=127.0.0.1 | op=GET_FILE_STATUS {volume=volume70751, bucket=bucket19260, key=testBatchDelete/parent/childFolder/child5, dataSize=0, replicationConfig=null} | ret=FAILURE
org.apache.hadoop.ozone.om.exceptions.OMException: Unable to get file status: volume: volume70751 bucket: bucket19260 key: testBatchDelete/parent/childFolder/child5
	at org.apache.hadoop.ozone.om.KeyManagerImpl.getOzoneFileStatusFSO(KeyManagerImpl.java:1376) ~[ozone-manager-1.3.0-SNAPSHOT.jar:?]
	at org.apache.hadoop.ozone.om.KeyManagerImpl.getFileStatus(KeyManagerImpl.java:1239) ~[ozone-manager-1.3.0-SNAPSHOT.jar:?]
	at org.apache.hadoop.ozone.om.OzoneManager.getFileStatus(OzoneManager.java:3467) ~[ozone-manager-1.3.0-SNAPSHOT.jar:?]
	at org.apache.hadoop.ozone.protocolPB.OzoneManagerRequestHandler.getOzoneFileStatus(OzoneManagerRequestHandler.java:878) ~[ozone-manager-1.3.0-SNAPSHOT.jar:?]
	at org.apache.hadoop.ozone.protocolPB.OzoneManagerRequestHandler.handleReadRequest(OzoneManagerRequestHandler.java:224) ~[ozone-manager-1.3.0-SNAPSHOT.jar:?]
	at org.apache.hadoop.ozone.protocolPB.OzoneManagerProtocolServerSideTranslatorPB.submitReadRequestToOM(OzoneManagerProtocolServerSideTranslatorPB.java:226) ~[ozone-manager-1.3.0-SNAPSHOT.jar:?]
	at org.apache.hadoop.ozone.protocolPB.OzoneManagerProtocolServerSideTranslatorPB.processRequest(OzoneManagerProtocolServerSideTranslatorPB.java:175) ~[ozone-manager-1.3.0-SNAPSHOT.jar:?]
	at org.apache.hadoop.hdds.server.OzoneProtocolMessageDispatcher.processRequest(OzoneProtocolMessageDispatcher.java:87) [hdds-server-framework-1.3.0-SNAPSHOT.jar:?]
	at org.apache.hadoop.ozone.protocolPB.OzoneManagerProtocolServerSideTranslatorPB.submitRequest(OzoneManagerProtocolServerSideTranslatorPB.java:147) [ozone-manager-1.3.0-SNAPSHOT.jar:?]
	at org.apache.hadoop.ozone.protocol.proto.OzoneManagerProtocolProtos$OzoneManagerService$2.callBlockingMethod(OzoneManagerProtocolProtos.java) [ozone-interface-client-1.3.0-SNAPSHOT.jar:?]
	at org.apache.hadoop.ipc.ProtobufRpcEngine$Server.processCall(ProtobufRpcEngine.java:466) [hadoop-common-3.3.1.jar:?]
	at org.apache.hadoop.ipc.ProtobufRpcEngine2$Server$ProtoBufRpcInvoker.call(ProtobufRpcEngine2.java:574) [hadoop-common-3.3.1.jar:?]
	at org.apache.hadoop.ipc.ProtobufRpcEngine2$Server$ProtoBufRpcInvoker.call(ProtobufRpcEngine2.java:552) [hadoop-common-3.3.1.jar:?]
	at org.apache.hadoop.ipc.RPC$Server.call(RPC.java:1093) [hadoop-common-3.3.1.jar:?]
	at org.apache.hadoop.ipc.Server$RpcCall.run(Server.java:1035) [hadoop-common-3.3.1.jar:?]
	at org.apache.hadoop.ipc.Server$RpcCall.run(Server.java:963) [hadoop-common-3.3.1.jar:?]
	at java.security.AccessController.doPrivileged(Native Method) ~[?:1.8.0_332]
	at javax.security.auth.Subject.doAs(Subject.java:422) [?:1.8.0_332]
	at org.apache.hadoop.security.UserGroupInformation.doAs(UserGroupInformation.java:1878) [hadoop-common-3.3.1.jar:?]
	at org.apache.hadoop.ipc.Server$Handler.run(Server.java:2966) [hadoop-common-3.3.1.jar:?]
23:16:54.986 [IPC Server handler 13 on default port 44809] ERROR OMAudit - user=runner | ip=127.0.0.1 | op=GET_FILE_STATUS {volume=volume70751, bucket=bucket19260, key=testBatchDelete/parent/child6, dataSize=0, replicationConfig=null} | ret=FAILURE
org.apache.hadoop.ozone.om.exceptions.OMException: Unable to get file status: volume: volume70751 bucket: bucket19260 key: testBatchDelete/parent/child6
	at org.apache.hadoop.ozone.om.KeyManagerImpl.getOzoneFileStatusFSO(KeyManagerImpl.java:1376) ~[ozone-manager-1.3.0-SNAPSHOT.jar:?]
	at org.apache.hadoop.ozone.om.KeyManagerImpl.getFileStatus(KeyManagerImpl.java:1239) ~[ozone-manager-1.3.0-SNAPSHOT.jar:?]
	at org.apache.hadoop.ozone.om.OzoneManager.getFileStatus(OzoneManager.java:3467) ~[ozone-manager-1.3.0-SNAPSHOT.jar:?]
	at org.apache.hadoop.ozone.protocolPB.OzoneManagerRequestHandler.getOzoneFileStatus(OzoneManagerRequestHandler.java:878) ~[ozone-manager-1.3.0-SNAPSHOT.jar:?]
	at org.apache.hadoop.ozone.protocolPB.OzoneManagerRequestHandler.handleReadRequest(OzoneManagerRequestHandler.java:224) ~[ozone-manager-1.3.0-SNAPSHOT.jar:?]
	at org.apache.hadoop.ozone.protocolPB.OzoneManagerProtocolServerSideTranslatorPB.submitReadRequestToOM(OzoneManagerProtocolServerSideTranslatorPB.java:226) ~[ozone-manager-1.3.0-SNAPSHOT.jar:?]
	at org.apache.hadoop.ozone.protocolPB.OzoneManagerProtocolServerSideTranslatorPB.processRequest(OzoneManagerProtocolServerSideTranslatorPB.java:175) ~[ozone-manager-1.3.0-SNAPSHOT.jar:?]
	at org.apache.hadoop.hdds.server.OzoneProtocolMessageDispatcher.processRequest(OzoneProtocolMessageDispatcher.java:87) [hdds-server-framework-1.3.0-SNAPSHOT.jar:?]
	at org.apache.hadoop.ozone.protocolPB.OzoneManagerProtocolServerSideTranslatorPB.submitRequest(OzoneManagerProtocolServerSideTranslatorPB.java:147) [ozone-manager-1.3.0-SNAPSHOT.jar:?]
	at org.apache.hadoop.ozone.protocol.proto.OzoneManagerProtocolProtos$OzoneManagerService$2.callBlockingMethod(OzoneManagerProtocolProtos.java) [ozone-interface-client-1.3.0-SNAPSHOT.jar:?]
	at org.apache.hadoop.ipc.ProtobufRpcEngine$Server.processCall(ProtobufRpcEngine.java:466) [hadoop-common-3.3.1.jar:?]
	at org.apache.hadoop.ipc.ProtobufRpcEngine2$Server$ProtoBufRpcInvoker.call(ProtobufRpcEngine2.java:574) [hadoop-common-3.3.1.jar:?]
	at org.apache.hadoop.ipc.ProtobufRpcEngine2$Server$ProtoBufRpcInvoker.call(ProtobufRpcEngine2.java:552) [hadoop-common-3.3.1.jar:?]
	at org.apache.hadoop.ipc.RPC$Server.call(RPC.java:1093) [hadoop-common-3.3.1.jar:?]
	at org.apache.hadoop.ipc.Server$RpcCall.run(Server.java:1035) [hadoop-common-3.3.1.jar:?]
	at org.apache.hadoop.ipc.Server$RpcCall.run(Server.java:963) [hadoop-common-3.3.1.jar:?]
	at java.security.AccessController.doPrivileged(Native Method) ~[?:1.8.0_332]
	at javax.security.auth.Subject.doAs(Subject.java:422) [?:1.8.0_332]
	at org.apache.hadoop.security.UserGroupInformation.doAs(UserGroupInformation.java:1878) [hadoop-common-3.3.1.jar:?]
	at org.apache.hadoop.ipc.Server$Handler.run(Server.java:2966) [hadoop-common-3.3.1.jar:?]
23:16:54.988 [IPC Server handler 14 on default port 44809] ERROR OMAudit - user=runner | ip=127.0.0.1 | op=GET_FILE_STATUS {volume=volume70751, bucket=bucket19260, key=testBatchDelete/parent/childFolder/child6, dataSize=0, replicationConfig=null} | ret=FAILURE
org.apache.hadoop.ozone.om.exceptions.OMException: Unable to get file status: volume: volume70751 bucket: bucket19260 key: testBatchDelete/parent/childFolder/child6
	at org.apache.hadoop.ozone.om.KeyManagerImpl.getOzoneFileStatusFSO(KeyManagerImpl.java:1376) ~[ozone-manager-1.3.0-SNAPSHOT.jar:?]
	at org.apache.hadoop.ozone.om.KeyManagerImpl.getFileStatus(KeyManagerImpl.java:1239) ~[ozone-manager-1.3.0-SNAPSHOT.jar:?]
	at org.apache.hadoop.ozone.om.OzoneManager.getFileStatus(OzoneManager.java:3467) ~[ozone-manager-1.3.0-SNAPSHOT.jar:?]
	at org.apache.hadoop.ozone.protocolPB.OzoneManagerRequestHandler.getOzoneFileStatus(OzoneManagerRequestHandler.java:878) ~[ozone-manager-1.3.0-SNAPSHOT.jar:?]
	at org.apache.hadoop.ozone.protocolPB.OzoneManagerRequestHandler.handleReadRequest(OzoneManagerRequestHandler.java:224) ~[ozone-manager-1.3.0-SNAPSHOT.jar:?]
	at org.apache.hadoop.ozone.protocolPB.OzoneManagerProtocolServerSideTranslatorPB.submitReadRequestToOM(OzoneManagerProtocolServerSideTranslatorPB.java:226) ~[ozone-manager-1.3.0-SNAPSHOT.jar:?]
	at org.apache.hadoop.ozone.protocolPB.OzoneManagerProtocolServerSideTranslatorPB.processRequest(OzoneManagerProtocolServerSideTranslatorPB.java:175) ~[ozone-manager-1.3.0-SNAPSHOT.jar:?]
	at org.apache.hadoop.hdds.server.OzoneProtocolMessageDispatcher.processRequest(OzoneProtocolMessageDispatcher.java:87) [hdds-server-framework-1.3.0-SNAPSHOT.jar:?]
	at org.apache.hadoop.ozone.protocolPB.OzoneManagerProtocolServerSideTranslatorPB.submitRequest(OzoneManagerProtocolServerSideTranslatorPB.java:147) [ozone-manager-1.3.0-SNAPSHOT.jar:?]
	at org.apache.hadoop.ozone.protocol.proto.OzoneManagerProtocolProtos$OzoneManagerService$2.callBlockingMethod(OzoneManagerProtocolProtos.java) [ozone-interface-client-1.3.0-SNAPSHOT.jar:?]
	at org.apache.hadoop.ipc.ProtobufRpcEngine$Server.processCall(ProtobufRpcEngine.java:466) [hadoop-common-3.3.1.jar:?]
	at org.apache.hadoop.ipc.ProtobufRpcEngine2$Server$ProtoBufRpcInvoker.call(ProtobufRpcEngine2.java:574) [hadoop-common-3.3.1.jar:?]
	at org.apache.hadoop.ipc.ProtobufRpcEngine2$Server$ProtoBufRpcInvoker.call(ProtobufRpcEngine2.java:552) [hadoop-common-3.3.1.jar:?]
	at org.apache.hadoop.ipc.RPC$Server.call(RPC.java:1093) [hadoop-common-3.3.1.jar:?]
	at org.apache.hadoop.ipc.Server$RpcCall.run(Server.java:1035) [hadoop-common-3.3.1.jar:?]
	at org.apache.hadoop.ipc.Server$RpcCall.run(Server.java:963) [hadoop-common-3.3.1.jar:?]
	at java.security.AccessController.doPrivileged(Native Method) ~[?:1.8.0_332]
	at javax.security.auth.Subject.doAs(Subject.java:422) [?:1.8.0_332]
	at org.apache.hadoop.security.UserGroupInformation.doAs(UserGroupInformation.java:1878) [hadoop-common-3.3.1.jar:?]
	at org.apache.hadoop.ipc.Server$Handler.run(Server.java:2966) [hadoop-common-3.3.1.jar:?]
23:16:54.989 [IPC Server handler 2 on default port 44809] ERROR OMAudit - user=runner | ip=127.0.0.1 | op=GET_FILE_STATUS {volume=volume70751, bucket=bucket19260, key=testBatchDelete/parent/child7, dataSize=0, replicationConfig=null} | ret=FAILURE
org.apache.hadoop.ozone.om.exceptions.OMException: Unable to get file status: volume: volume70751 bucket: bucket19260 key: testBatchDelete/parent/child7
	at org.apache.hadoop.ozone.om.KeyManagerImpl.getOzoneFileStatusFSO(KeyManagerImpl.java:1376) ~[ozone-manager-1.3.0-SNAPSHOT.jar:?]
	at org.apache.hadoop.ozone.om.KeyManagerImpl.getFileStatus(KeyManagerImpl.java:1239) ~[ozone-manager-1.3.0-SNAPSHOT.jar:?]
	at org.apache.hadoop.ozone.om.OzoneManager.getFileStatus(OzoneManager.java:3467) ~[ozone-manager-1.3.0-SNAPSHOT.jar:?]
	at org.apache.hadoop.ozone.protocolPB.OzoneManagerRequestHandler.getOzoneFileStatus(OzoneManagerRequestHandler.java:878) ~[ozone-manager-1.3.0-SNAPSHOT.jar:?]
	at org.apache.hadoop.ozone.protocolPB.OzoneManagerRequestHandler.handleReadRequest(OzoneManagerRequestHandler.java:224) ~[ozone-manager-1.3.0-SNAPSHOT.jar:?]
	at org.apache.hadoop.ozone.protocolPB.OzoneManagerProtocolServerSideTranslatorPB.submitReadRequestToOM(OzoneManagerProtocolServerSideTranslatorPB.java:226) ~[ozone-manager-1.3.0-SNAPSHOT.jar:?]
	at org.apache.hadoop.ozone.protocolPB.OzoneManagerProtocolServerSideTranslatorPB.processRequest(OzoneManagerProtocolServerSideTranslatorPB.java:175) ~[ozone-manager-1.3.0-SNAPSHOT.jar:?]
	at org.apache.hadoop.hdds.server.OzoneProtocolMessageDispatcher.processRequest(OzoneProtocolMessageDispatcher.java:87) [hdds-server-framework-1.3.0-SNAPSHOT.jar:?]
	at org.apache.hadoop.ozone.protocolPB.OzoneManagerProtocolServerSideTranslatorPB.submitRequest(OzoneManagerProtocolServerSideTranslatorPB.java:147) [ozone-manager-1.3.0-SNAPSHOT.jar:?]
	at org.apache.hadoop.ozone.protocol.proto.OzoneManagerProtocolProtos$OzoneManagerService$2.callBlockingMethod(OzoneManagerProtocolProtos.java) [ozone-interface-client-1.3.0-SNAPSHOT.jar:?]
	at org.apache.hadoop.ipc.ProtobufRpcEngine$Server.processCall(ProtobufRpcEngine.java:466) [hadoop-common-3.3.1.jar:?]
	at org.apache.hadoop.ipc.ProtobufRpcEngine2$Server$ProtoBufRpcInvoker.call(ProtobufRpcEngine2.java:574) [hadoop-common-3.3.1.jar:?]
	at org.apache.hadoop.ipc.ProtobufRpcEngine2$Server$ProtoBufRpcInvoker.call(ProtobufRpcEngine2.java:552) [hadoop-common-3.3.1.jar:?]
	at org.apache.hadoop.ipc.RPC$Server.call(RPC.java:1093) [hadoop-common-3.3.1.jar:?]
	at org.apache.hadoop.ipc.Server$RpcCall.run(Server.java:1035) [hadoop-common-3.3.1.jar:?]
	at org.apache.hadoop.ipc.Server$RpcCall.run(Server.java:963) [hadoop-common-3.3.1.jar:?]
	at java.security.AccessController.doPrivileged(Native Method) ~[?:1.8.0_332]
	at javax.security.auth.Subject.doAs(Subject.java:422) [?:1.8.0_332]
	at org.apache.hadoop.security.UserGroupInformation.doAs(UserGroupInformation.java:1878) [hadoop-common-3.3.1.jar:?]
	at org.apache.hadoop.ipc.Server$Handler.run(Server.java:2966) [hadoop-common-3.3.1.jar:?]
23:16:54.990 [IPC Server handler 1 on default port 44809] ERROR OMAudit - user=runner | ip=127.0.0.1 | op=GET_FILE_STATUS {volume=volume70751, bucket=bucket19260, key=testBatchDelete/parent/childFolder/child7, dataSize=0, replicationConfig=null} | ret=FAILURE
org.apache.hadoop.ozone.om.exceptions.OMException: Unable to get file status: volume: volume70751 bucket: bucket19260 key: testBatchDelete/parent/childFolder/child7
	at org.apache.hadoop.ozone.om.KeyManagerImpl.getOzoneFileStatusFSO(KeyManagerImpl.java:1376) ~[ozone-manager-1.3.0-SNAPSHOT.jar:?]
	at org.apache.hadoop.ozone.om.KeyManagerImpl.getFileStatus(KeyManagerImpl.java:1239) ~[ozone-manager-1.3.0-SNAPSHOT.jar:?]
	at org.apache.hadoop.ozone.om.OzoneManager.getFileStatus(OzoneManager.java:3467) ~[ozone-manager-1.3.0-SNAPSHOT.jar:?]
	at org.apache.hadoop.ozone.protocolPB.OzoneManagerRequestHandler.getOzoneFileStatus(OzoneManagerRequestHandler.java:878) ~[ozone-manager-1.3.0-SNAPSHOT.jar:?]
	at org.apache.hadoop.ozone.protocolPB.OzoneManagerRequestHandler.handleReadRequest(OzoneManagerRequestHandler.java:224) ~[ozone-manager-1.3.0-SNAPSHOT.jar:?]
	at org.apache.hadoop.ozone.protocolPB.OzoneManagerProtocolServerSideTranslatorPB.submitReadRequestToOM(OzoneManagerProtocolServerSideTranslatorPB.java:226) ~[ozone-manager-1.3.0-SNAPSHOT.jar:?]
	at org.apache.hadoop.ozone.protocolPB.OzoneManagerProtocolServerSideTranslatorPB.processRequest(OzoneManagerProtocolServerSideTranslatorPB.java:175) ~[ozone-manager-1.3.0-SNAPSHOT.jar:?]
	at org.apache.hadoop.hdds.server.OzoneProtocolMessageDispatcher.processRequest(OzoneProtocolMessageDispatcher.java:87) [hdds-server-framework-1.3.0-SNAPSHOT.jar:?]
	at org.apache.hadoop.ozone.protocolPB.OzoneManagerProtocolServerSideTranslatorPB.submitRequest(OzoneManagerProtocolServerSideTranslatorPB.java:147) [ozone-manager-1.3.0-SNAPSHOT.jar:?]
	at org.apache.hadoop.ozone.protocol.proto.OzoneManagerProtocolProtos$OzoneManagerService$2.callBlockingMethod(OzoneManagerProtocolProtos.java) [ozone-interface-client-1.3.0-SNAPSHOT.jar:?]
	at org.apache.hadoop.ipc.ProtobufRpcEngine$Server.processCall(ProtobufRpcEngine.java:466) [hadoop-common-3.3.1.jar:?]
	at org.apache.hadoop.ipc.ProtobufRpcEngine2$Server$ProtoBufRpcInvoker.call(ProtobufRpcEngine2.java:574) [hadoop-common-3.3.1.jar:?]
	at org.apache.hadoop.ipc.ProtobufRpcEngine2$Server$ProtoBufRpcInvoker.call(ProtobufRpcEngine2.java:552) [hadoop-common-3.3.1.jar:?]
	at org.apache.hadoop.ipc.RPC$Server.call(RPC.java:1093) [hadoop-common-3.3.1.jar:?]
	at org.apache.hadoop.ipc.Server$RpcCall.run(Server.java:1035) [hadoop-common-3.3.1.jar:?]
	at org.apache.hadoop.ipc.Server$RpcCall.run(Server.java:963) [hadoop-common-3.3.1.jar:?]
	at java.security.AccessController.doPrivileged(Native Method) ~[?:1.8.0_332]
	at javax.security.auth.Subject.doAs(Subject.java:422) [?:1.8.0_332]
	at org.apache.hadoop.security.UserGroupInformation.doAs(UserGroupInformation.java:1878) [hadoop-common-3.3.1.jar:?]
	at org.apache.hadoop.ipc.Server$Handler.run(Server.java:2966) [hadoop-common-3.3.1.jar:?]
23:16:54.991 [IPC Server handler 3 on default port 44809] ERROR OMAudit - user=runner | ip=127.0.0.1 | op=GET_FILE_STATUS {volume=volume70751, bucket=bucket19260, key=testBatchDelete/parent, dataSize=0, replicationConfig=null} | ret=FAILURE
org.apache.hadoop.ozone.om.exceptions.OMException: Unable to get file status: volume: volume70751 bucket: bucket19260 key: testBatchDelete/parent
	at org.apache.hadoop.ozone.om.KeyManagerImpl.getOzoneFileStatusFSO(KeyManagerImpl.java:1376) ~[ozone-manager-1.3.0-SNAPSHOT.jar:?]
	at org.apache.hadoop.ozone.om.KeyManagerImpl.getFileStatus(KeyManagerImpl.java:1239) ~[ozone-manager-1.3.0-SNAPSHOT.jar:?]
	at org.apache.hadoop.ozone.om.OzoneManager.getFileStatus(OzoneManager.java:3467) ~[ozone-manager-1.3.0-SNAPSHOT.jar:?]
	at org.apache.hadoop.ozone.protocolPB.OzoneManagerRequestHandler.getOzoneFileStatus(OzoneManagerRequestHandler.java:878) ~[ozone-manager-1.3.0-SNAPSHOT.jar:?]
	at org.apache.hadoop.ozone.protocolPB.OzoneManagerRequestHandler.handleReadRequest(OzoneManagerRequestHandler.java:224) ~[ozone-manager-1.3.0-SNAPSHOT.jar:?]
	at org.apache.hadoop.ozone.protocolPB.OzoneManagerProtocolServerSideTranslatorPB.submitReadRequestToOM(OzoneManagerProtocolServerSideTranslatorPB.java:226) ~[ozone-manager-1.3.0-SNAPSHOT.jar:?]
	at org.apache.hadoop.ozone.protocolPB.OzoneManagerProtocolServerSideTranslatorPB.processRequest(OzoneManagerProtocolServerSideTranslatorPB.java:175) ~[ozone-manager-1.3.0-SNAPSHOT.jar:?]
	at org.apache.hadoop.hdds.server.OzoneProtocolMessageDispatcher.processRequest(OzoneProtocolMessageDispatcher.java:87) [hdds-server-framework-1.3.0-SNAPSHOT.jar:?]
	at org.apache.hadoop.ozone.protocolPB.OzoneManagerProtocolServerSideTranslatorPB.submitRequest(OzoneManagerProtocolServerSideTranslatorPB.java:147) [ozone-manager-1.3.0-SNAPSHOT.jar:?]
	at org.apache.hadoop.ozone.protocol.proto.OzoneManagerProtocolProtos$OzoneManagerService$2.callBlockingMethod(OzoneManagerProtocolProtos.java) [ozone-interface-client-1.3.0-SNAPSHOT.jar:?]
	at org.apache.hadoop.ipc.ProtobufRpcEngine$Server.processCall(ProtobufRpcEngine.java:466) [hadoop-common-3.3.1.jar:?]
	at org.apache.hadoop.ipc.ProtobufRpcEngine2$Server$ProtoBufRpcInvoker.call(ProtobufRpcEngine2.java:574) [hadoop-common-3.3.1.jar:?]
	at org.apache.hadoop.ipc.ProtobufRpcEngine2$Server$ProtoBufRpcInvoker.call(ProtobufRpcEngine2.java:552) [hadoop-common-3.3.1.jar:?]
	at org.apache.hadoop.ipc.RPC$Server.call(RPC.java:1093) [hadoop-common-3.3.1.jar:?]
	at org.apache.hadoop.ipc.Server$RpcCall.run(Server.java:1035) [hadoop-common-3.3.1.jar:?]
	at org.apache.hadoop.ipc.Server$RpcCall.run(Server.java:963) [hadoop-common-3.3.1.jar:?]
	at java.security.AccessController.doPrivileged(Native Method) ~[?:1.8.0_332]
	at javax.security.auth.Subject.doAs(Subject.java:422) [?:1.8.0_332]
	at org.apache.hadoop.security.UserGroupInformation.doAs(UserGroupInformation.java:1878) [hadoop-common-3.3.1.jar:?]
	at org.apache.hadoop.ipc.Server$Handler.run(Server.java:2966) [hadoop-common-3.3.1.jar:?]
2022-07-27 23:16:54,991 [Time-limited test] WARN  ozone.BasicRootedOzoneFileSystem (BasicRootedOzoneFileSystem.java:delete(572)) - delete: Path does not exist: /volume70751/bucket19260/testBatchDelete/parent
]]></system-out>
  </testcase>
  <testcase name="testFileDelete" classname="TestRootedOzoneFileSystemWithFSO" time="0.215">
    <system-out><![CDATA[2022-07-27 23:17:58,607 [Time-limited test] INFO  rpc.RpcClient (RpcClient.java:createVolume(467)) - Creating Volume: volume32808, with user20419 as owner and space quota set to -1 bytes, counts quota set to -1
2022-07-27 23:17:58,608 [IPC Server handler 2 on default port 45823] INFO  volume.OMVolumeCreateRequest (OMVolumeCreateRequest.java:validateAndUpdateCache(195)) - created volume:volume32808 for user:user20419
2022-07-27 23:17:58,618 [Time-limited test] INFO  rpc.RpcClient (RpcClient.java:createBucket(670)) - Creating Bucket: volume32808/bucket26753, with bucket layout FILE_SYSTEM_OPTIMIZED, runner as owner, Versioning false, Storage Type set to DISK and Encryption set to false 
2022-07-27 23:17:58,619 [IPC Server handler 3 on default port 45823] INFO  bucket.OMBucketCreateRequest (OMBucketCreateRequest.java:validateAndUpdateCache(260)) - created bucket: bucket26753 of layout FILE_SYSTEM_OPTIMIZED in volume: volume32808
23:17:58.667 [IPC Server handler 5 on default port 45823] ERROR OMAudit - user=runner | ip=127.0.0.1 | op=GET_FILE_STATUS {volume=volume32808, bucket=bucket26753, key=testBatchDelete, dataSize=0, replicationConfig=null} | ret=FAILURE
org.apache.hadoop.ozone.om.exceptions.OMException: Unable to get file status: volume: volume32808 bucket: bucket26753 key: testBatchDelete
	at org.apache.hadoop.ozone.om.KeyManagerImpl.getOzoneFileStatusFSO(KeyManagerImpl.java:1376) ~[ozone-manager-1.3.0-SNAPSHOT.jar:?]
	at org.apache.hadoop.ozone.om.KeyManagerImpl.getFileStatus(KeyManagerImpl.java:1239) ~[ozone-manager-1.3.0-SNAPSHOT.jar:?]
	at org.apache.hadoop.ozone.om.OzoneManager.getFileStatus(OzoneManager.java:3467) ~[ozone-manager-1.3.0-SNAPSHOT.jar:?]
	at org.apache.hadoop.ozone.protocolPB.OzoneManagerRequestHandler.getOzoneFileStatus(OzoneManagerRequestHandler.java:878) ~[ozone-manager-1.3.0-SNAPSHOT.jar:?]
	at org.apache.hadoop.ozone.protocolPB.OzoneManagerRequestHandler.handleReadRequest(OzoneManagerRequestHandler.java:224) ~[ozone-manager-1.3.0-SNAPSHOT.jar:?]
	at org.apache.hadoop.ozone.protocolPB.OzoneManagerProtocolServerSideTranslatorPB.submitRequestDirectlyToOM(OzoneManagerProtocolServerSideTranslatorPB.java:276) ~[ozone-manager-1.3.0-SNAPSHOT.jar:?]
	at org.apache.hadoop.ozone.protocolPB.OzoneManagerProtocolServerSideTranslatorPB.processRequest(OzoneManagerProtocolServerSideTranslatorPB.java:205) ~[ozone-manager-1.3.0-SNAPSHOT.jar:?]
	at org.apache.hadoop.hdds.server.OzoneProtocolMessageDispatcher.processRequest(OzoneProtocolMessageDispatcher.java:87) [hdds-server-framework-1.3.0-SNAPSHOT.jar:?]
	at org.apache.hadoop.ozone.protocolPB.OzoneManagerProtocolServerSideTranslatorPB.submitRequest(OzoneManagerProtocolServerSideTranslatorPB.java:147) [ozone-manager-1.3.0-SNAPSHOT.jar:?]
	at org.apache.hadoop.ozone.protocol.proto.OzoneManagerProtocolProtos$OzoneManagerService$2.callBlockingMethod(OzoneManagerProtocolProtos.java) [ozone-interface-client-1.3.0-SNAPSHOT.jar:?]
	at org.apache.hadoop.ipc.ProtobufRpcEngine$Server.processCall(ProtobufRpcEngine.java:466) [hadoop-common-3.3.1.jar:?]
	at org.apache.hadoop.ipc.ProtobufRpcEngine2$Server$ProtoBufRpcInvoker.call(ProtobufRpcEngine2.java:574) [hadoop-common-3.3.1.jar:?]
	at org.apache.hadoop.ipc.ProtobufRpcEngine2$Server$ProtoBufRpcInvoker.call(ProtobufRpcEngine2.java:552) [hadoop-common-3.3.1.jar:?]
	at org.apache.hadoop.ipc.RPC$Server.call(RPC.java:1093) [hadoop-common-3.3.1.jar:?]
	at org.apache.hadoop.ipc.Server$RpcCall.run(Server.java:1035) [hadoop-common-3.3.1.jar:?]
	at org.apache.hadoop.ipc.Server$RpcCall.run(Server.java:963) [hadoop-common-3.3.1.jar:?]
	at java.security.AccessController.doPrivileged(Native Method) ~[?:1.8.0_332]
	at javax.security.auth.Subject.doAs(Subject.java:422) [?:1.8.0_332]
	at org.apache.hadoop.security.UserGroupInformation.doAs(UserGroupInformation.java:1878) [hadoop-common-3.3.1.jar:?]
	at org.apache.hadoop.ipc.Server$Handler.run(Server.java:2966) [hadoop-common-3.3.1.jar:?]
23:17:58.668 [IPC Server handler 18 on default port 45823] ERROR OMAudit - user=runner | ip=127.0.0.1 | op=GET_FILE_STATUS {volume=volume32808, bucket=bucket26753, key=testBatchDelete/parent/child0, dataSize=0, replicationConfig=null} | ret=FAILURE
org.apache.hadoop.ozone.om.exceptions.OMException: Unable to get file status: volume: volume32808 bucket: bucket26753 key: testBatchDelete/parent/child0
	at org.apache.hadoop.ozone.om.KeyManagerImpl.getOzoneFileStatusFSO(KeyManagerImpl.java:1376) ~[ozone-manager-1.3.0-SNAPSHOT.jar:?]
	at org.apache.hadoop.ozone.om.KeyManagerImpl.getFileStatus(KeyManagerImpl.java:1239) ~[ozone-manager-1.3.0-SNAPSHOT.jar:?]
	at org.apache.hadoop.ozone.om.OzoneManager.getFileStatus(OzoneManager.java:3467) ~[ozone-manager-1.3.0-SNAPSHOT.jar:?]
	at org.apache.hadoop.ozone.protocolPB.OzoneManagerRequestHandler.getOzoneFileStatus(OzoneManagerRequestHandler.java:878) ~[ozone-manager-1.3.0-SNAPSHOT.jar:?]
	at org.apache.hadoop.ozone.protocolPB.OzoneManagerRequestHandler.handleReadRequest(OzoneManagerRequestHandler.java:224) ~[ozone-manager-1.3.0-SNAPSHOT.jar:?]
	at org.apache.hadoop.ozone.protocolPB.OzoneManagerProtocolServerSideTranslatorPB.submitRequestDirectlyToOM(OzoneManagerProtocolServerSideTranslatorPB.java:276) ~[ozone-manager-1.3.0-SNAPSHOT.jar:?]
	at org.apache.hadoop.ozone.protocolPB.OzoneManagerProtocolServerSideTranslatorPB.processRequest(OzoneManagerProtocolServerSideTranslatorPB.java:205) ~[ozone-manager-1.3.0-SNAPSHOT.jar:?]
	at org.apache.hadoop.hdds.server.OzoneProtocolMessageDispatcher.processRequest(OzoneProtocolMessageDispatcher.java:87) [hdds-server-framework-1.3.0-SNAPSHOT.jar:?]
	at org.apache.hadoop.ozone.protocolPB.OzoneManagerProtocolServerSideTranslatorPB.submitRequest(OzoneManagerProtocolServerSideTranslatorPB.java:147) [ozone-manager-1.3.0-SNAPSHOT.jar:?]
	at org.apache.hadoop.ozone.protocol.proto.OzoneManagerProtocolProtos$OzoneManagerService$2.callBlockingMethod(OzoneManagerProtocolProtos.java) [ozone-interface-client-1.3.0-SNAPSHOT.jar:?]
	at org.apache.hadoop.ipc.ProtobufRpcEngine$Server.processCall(ProtobufRpcEngine.java:466) [hadoop-common-3.3.1.jar:?]
	at org.apache.hadoop.ipc.ProtobufRpcEngine2$Server$ProtoBufRpcInvoker.call(ProtobufRpcEngine2.java:574) [hadoop-common-3.3.1.jar:?]
	at org.apache.hadoop.ipc.ProtobufRpcEngine2$Server$ProtoBufRpcInvoker.call(ProtobufRpcEngine2.java:552) [hadoop-common-3.3.1.jar:?]
	at org.apache.hadoop.ipc.RPC$Server.call(RPC.java:1093) [hadoop-common-3.3.1.jar:?]
	at org.apache.hadoop.ipc.Server$RpcCall.run(Server.java:1035) [hadoop-common-3.3.1.jar:?]
	at org.apache.hadoop.ipc.Server$RpcCall.run(Server.java:963) [hadoop-common-3.3.1.jar:?]
	at java.security.AccessController.doPrivileged(Native Method) ~[?:1.8.0_332]
	at javax.security.auth.Subject.doAs(Subject.java:422) [?:1.8.0_332]
	at org.apache.hadoop.security.UserGroupInformation.doAs(UserGroupInformation.java:1878) [hadoop-common-3.3.1.jar:?]
	at org.apache.hadoop.ipc.Server$Handler.run(Server.java:2966) [hadoop-common-3.3.1.jar:?]
23:17:58.670 [IPC Server handler 16 on default port 45823] ERROR OMAudit - user=runner | ip=127.0.0.1 | op=GET_FILE_STATUS {volume=volume32808, bucket=bucket26753, key=testBatchDelete/parent/childFolder/child0, dataSize=0, replicationConfig=null} | ret=FAILURE
org.apache.hadoop.ozone.om.exceptions.OMException: Unable to get file status: volume: volume32808 bucket: bucket26753 key: testBatchDelete/parent/childFolder/child0
	at org.apache.hadoop.ozone.om.KeyManagerImpl.getOzoneFileStatusFSO(KeyManagerImpl.java:1376) ~[ozone-manager-1.3.0-SNAPSHOT.jar:?]
	at org.apache.hadoop.ozone.om.KeyManagerImpl.getFileStatus(KeyManagerImpl.java:1239) ~[ozone-manager-1.3.0-SNAPSHOT.jar:?]
	at org.apache.hadoop.ozone.om.OzoneManager.getFileStatus(OzoneManager.java:3467) ~[ozone-manager-1.3.0-SNAPSHOT.jar:?]
	at org.apache.hadoop.ozone.protocolPB.OzoneManagerRequestHandler.getOzoneFileStatus(OzoneManagerRequestHandler.java:878) ~[ozone-manager-1.3.0-SNAPSHOT.jar:?]
	at org.apache.hadoop.ozone.protocolPB.OzoneManagerRequestHandler.handleReadRequest(OzoneManagerRequestHandler.java:224) ~[ozone-manager-1.3.0-SNAPSHOT.jar:?]
	at org.apache.hadoop.ozone.protocolPB.OzoneManagerProtocolServerSideTranslatorPB.submitRequestDirectlyToOM(OzoneManagerProtocolServerSideTranslatorPB.java:276) ~[ozone-manager-1.3.0-SNAPSHOT.jar:?]
	at org.apache.hadoop.ozone.protocolPB.OzoneManagerProtocolServerSideTranslatorPB.processRequest(OzoneManagerProtocolServerSideTranslatorPB.java:205) ~[ozone-manager-1.3.0-SNAPSHOT.jar:?]
	at org.apache.hadoop.hdds.server.OzoneProtocolMessageDispatcher.processRequest(OzoneProtocolMessageDispatcher.java:87) [hdds-server-framework-1.3.0-SNAPSHOT.jar:?]
	at org.apache.hadoop.ozone.protocolPB.OzoneManagerProtocolServerSideTranslatorPB.submitRequest(OzoneManagerProtocolServerSideTranslatorPB.java:147) [ozone-manager-1.3.0-SNAPSHOT.jar:?]
	at org.apache.hadoop.ozone.protocol.proto.OzoneManagerProtocolProtos$OzoneManagerService$2.callBlockingMethod(OzoneManagerProtocolProtos.java) [ozone-interface-client-1.3.0-SNAPSHOT.jar:?]
	at org.apache.hadoop.ipc.ProtobufRpcEngine$Server.processCall(ProtobufRpcEngine.java:466) [hadoop-common-3.3.1.jar:?]
	at org.apache.hadoop.ipc.ProtobufRpcEngine2$Server$ProtoBufRpcInvoker.call(ProtobufRpcEngine2.java:574) [hadoop-common-3.3.1.jar:?]
	at org.apache.hadoop.ipc.ProtobufRpcEngine2$Server$ProtoBufRpcInvoker.call(ProtobufRpcEngine2.java:552) [hadoop-common-3.3.1.jar:?]
	at org.apache.hadoop.ipc.RPC$Server.call(RPC.java:1093) [hadoop-common-3.3.1.jar:?]
	at org.apache.hadoop.ipc.Server$RpcCall.run(Server.java:1035) [hadoop-common-3.3.1.jar:?]
	at org.apache.hadoop.ipc.Server$RpcCall.run(Server.java:963) [hadoop-common-3.3.1.jar:?]
	at java.security.AccessController.doPrivileged(Native Method) ~[?:1.8.0_332]
	at javax.security.auth.Subject.doAs(Subject.java:422) [?:1.8.0_332]
	at org.apache.hadoop.security.UserGroupInformation.doAs(UserGroupInformation.java:1878) [hadoop-common-3.3.1.jar:?]
	at org.apache.hadoop.ipc.Server$Handler.run(Server.java:2966) [hadoop-common-3.3.1.jar:?]
23:17:58.671 [IPC Server handler 14 on default port 45823] ERROR OMAudit - user=runner | ip=127.0.0.1 | op=GET_FILE_STATUS {volume=volume32808, bucket=bucket26753, key=testBatchDelete/parent/child1, dataSize=0, replicationConfig=null} | ret=FAILURE
org.apache.hadoop.ozone.om.exceptions.OMException: Unable to get file status: volume: volume32808 bucket: bucket26753 key: testBatchDelete/parent/child1
	at org.apache.hadoop.ozone.om.KeyManagerImpl.getOzoneFileStatusFSO(KeyManagerImpl.java:1376) ~[ozone-manager-1.3.0-SNAPSHOT.jar:?]
	at org.apache.hadoop.ozone.om.KeyManagerImpl.getFileStatus(KeyManagerImpl.java:1239) ~[ozone-manager-1.3.0-SNAPSHOT.jar:?]
	at org.apache.hadoop.ozone.om.OzoneManager.getFileStatus(OzoneManager.java:3467) ~[ozone-manager-1.3.0-SNAPSHOT.jar:?]
	at org.apache.hadoop.ozone.protocolPB.OzoneManagerRequestHandler.getOzoneFileStatus(OzoneManagerRequestHandler.java:878) ~[ozone-manager-1.3.0-SNAPSHOT.jar:?]
	at org.apache.hadoop.ozone.protocolPB.OzoneManagerRequestHandler.handleReadRequest(OzoneManagerRequestHandler.java:224) ~[ozone-manager-1.3.0-SNAPSHOT.jar:?]
	at org.apache.hadoop.ozone.protocolPB.OzoneManagerProtocolServerSideTranslatorPB.submitRequestDirectlyToOM(OzoneManagerProtocolServerSideTranslatorPB.java:276) ~[ozone-manager-1.3.0-SNAPSHOT.jar:?]
	at org.apache.hadoop.ozone.protocolPB.OzoneManagerProtocolServerSideTranslatorPB.processRequest(OzoneManagerProtocolServerSideTranslatorPB.java:205) ~[ozone-manager-1.3.0-SNAPSHOT.jar:?]
	at org.apache.hadoop.hdds.server.OzoneProtocolMessageDispatcher.processRequest(OzoneProtocolMessageDispatcher.java:87) [hdds-server-framework-1.3.0-SNAPSHOT.jar:?]
	at org.apache.hadoop.ozone.protocolPB.OzoneManagerProtocolServerSideTranslatorPB.submitRequest(OzoneManagerProtocolServerSideTranslatorPB.java:147) [ozone-manager-1.3.0-SNAPSHOT.jar:?]
	at org.apache.hadoop.ozone.protocol.proto.OzoneManagerProtocolProtos$OzoneManagerService$2.callBlockingMethod(OzoneManagerProtocolProtos.java) [ozone-interface-client-1.3.0-SNAPSHOT.jar:?]
	at org.apache.hadoop.ipc.ProtobufRpcEngine$Server.processCall(ProtobufRpcEngine.java:466) [hadoop-common-3.3.1.jar:?]
	at org.apache.hadoop.ipc.ProtobufRpcEngine2$Server$ProtoBufRpcInvoker.call(ProtobufRpcEngine2.java:574) [hadoop-common-3.3.1.jar:?]
	at org.apache.hadoop.ipc.ProtobufRpcEngine2$Server$ProtoBufRpcInvoker.call(ProtobufRpcEngine2.java:552) [hadoop-common-3.3.1.jar:?]
	at org.apache.hadoop.ipc.RPC$Server.call(RPC.java:1093) [hadoop-common-3.3.1.jar:?]
	at org.apache.hadoop.ipc.Server$RpcCall.run(Server.java:1035) [hadoop-common-3.3.1.jar:?]
	at org.apache.hadoop.ipc.Server$RpcCall.run(Server.java:963) [hadoop-common-3.3.1.jar:?]
	at java.security.AccessController.doPrivileged(Native Method) ~[?:1.8.0_332]
	at javax.security.auth.Subject.doAs(Subject.java:422) [?:1.8.0_332]
	at org.apache.hadoop.security.UserGroupInformation.doAs(UserGroupInformation.java:1878) [hadoop-common-3.3.1.jar:?]
	at org.apache.hadoop.ipc.Server$Handler.run(Server.java:2966) [hadoop-common-3.3.1.jar:?]
23:17:58.671 [IPC Server handler 12 on default port 45823] ERROR OMAudit - user=runner | ip=127.0.0.1 | op=GET_FILE_STATUS {volume=volume32808, bucket=bucket26753, key=testBatchDelete/parent/childFolder/child1, dataSize=0, replicationConfig=null} | ret=FAILURE
org.apache.hadoop.ozone.om.exceptions.OMException: Unable to get file status: volume: volume32808 bucket: bucket26753 key: testBatchDelete/parent/childFolder/child1
	at org.apache.hadoop.ozone.om.KeyManagerImpl.getOzoneFileStatusFSO(KeyManagerImpl.java:1376) ~[ozone-manager-1.3.0-SNAPSHOT.jar:?]
	at org.apache.hadoop.ozone.om.KeyManagerImpl.getFileStatus(KeyManagerImpl.java:1239) ~[ozone-manager-1.3.0-SNAPSHOT.jar:?]
	at org.apache.hadoop.ozone.om.OzoneManager.getFileStatus(OzoneManager.java:3467) ~[ozone-manager-1.3.0-SNAPSHOT.jar:?]
	at org.apache.hadoop.ozone.protocolPB.OzoneManagerRequestHandler.getOzoneFileStatus(OzoneManagerRequestHandler.java:878) ~[ozone-manager-1.3.0-SNAPSHOT.jar:?]
	at org.apache.hadoop.ozone.protocolPB.OzoneManagerRequestHandler.handleReadRequest(OzoneManagerRequestHandler.java:224) ~[ozone-manager-1.3.0-SNAPSHOT.jar:?]
	at org.apache.hadoop.ozone.protocolPB.OzoneManagerProtocolServerSideTranslatorPB.submitRequestDirectlyToOM(OzoneManagerProtocolServerSideTranslatorPB.java:276) ~[ozone-manager-1.3.0-SNAPSHOT.jar:?]
	at org.apache.hadoop.ozone.protocolPB.OzoneManagerProtocolServerSideTranslatorPB.processRequest(OzoneManagerProtocolServerSideTranslatorPB.java:205) ~[ozone-manager-1.3.0-SNAPSHOT.jar:?]
	at org.apache.hadoop.hdds.server.OzoneProtocolMessageDispatcher.processRequest(OzoneProtocolMessageDispatcher.java:87) [hdds-server-framework-1.3.0-SNAPSHOT.jar:?]
	at org.apache.hadoop.ozone.protocolPB.OzoneManagerProtocolServerSideTranslatorPB.submitRequest(OzoneManagerProtocolServerSideTranslatorPB.java:147) [ozone-manager-1.3.0-SNAPSHOT.jar:?]
	at org.apache.hadoop.ozone.protocol.proto.OzoneManagerProtocolProtos$OzoneManagerService$2.callBlockingMethod(OzoneManagerProtocolProtos.java) [ozone-interface-client-1.3.0-SNAPSHOT.jar:?]
	at org.apache.hadoop.ipc.ProtobufRpcEngine$Server.processCall(ProtobufRpcEngine.java:466) [hadoop-common-3.3.1.jar:?]
	at org.apache.hadoop.ipc.ProtobufRpcEngine2$Server$ProtoBufRpcInvoker.call(ProtobufRpcEngine2.java:574) [hadoop-common-3.3.1.jar:?]
	at org.apache.hadoop.ipc.ProtobufRpcEngine2$Server$ProtoBufRpcInvoker.call(ProtobufRpcEngine2.java:552) [hadoop-common-3.3.1.jar:?]
	at org.apache.hadoop.ipc.RPC$Server.call(RPC.java:1093) [hadoop-common-3.3.1.jar:?]
	at org.apache.hadoop.ipc.Server$RpcCall.run(Server.java:1035) [hadoop-common-3.3.1.jar:?]
	at org.apache.hadoop.ipc.Server$RpcCall.run(Server.java:963) [hadoop-common-3.3.1.jar:?]
	at java.security.AccessController.doPrivileged(Native Method) ~[?:1.8.0_332]
	at javax.security.auth.Subject.doAs(Subject.java:422) [?:1.8.0_332]
	at org.apache.hadoop.security.UserGroupInformation.doAs(UserGroupInformation.java:1878) [hadoop-common-3.3.1.jar:?]
	at org.apache.hadoop.ipc.Server$Handler.run(Server.java:2966) [hadoop-common-3.3.1.jar:?]
23:17:58.672 [IPC Server handler 10 on default port 45823] ERROR OMAudit - user=runner | ip=127.0.0.1 | op=GET_FILE_STATUS {volume=volume32808, bucket=bucket26753, key=testBatchDelete/parent/child2, dataSize=0, replicationConfig=null} | ret=FAILURE
org.apache.hadoop.ozone.om.exceptions.OMException: Unable to get file status: volume: volume32808 bucket: bucket26753 key: testBatchDelete/parent/child2
	at org.apache.hadoop.ozone.om.KeyManagerImpl.getOzoneFileStatusFSO(KeyManagerImpl.java:1376) ~[ozone-manager-1.3.0-SNAPSHOT.jar:?]
	at org.apache.hadoop.ozone.om.KeyManagerImpl.getFileStatus(KeyManagerImpl.java:1239) ~[ozone-manager-1.3.0-SNAPSHOT.jar:?]
	at org.apache.hadoop.ozone.om.OzoneManager.getFileStatus(OzoneManager.java:3467) ~[ozone-manager-1.3.0-SNAPSHOT.jar:?]
	at org.apache.hadoop.ozone.protocolPB.OzoneManagerRequestHandler.getOzoneFileStatus(OzoneManagerRequestHandler.java:878) ~[ozone-manager-1.3.0-SNAPSHOT.jar:?]
	at org.apache.hadoop.ozone.protocolPB.OzoneManagerRequestHandler.handleReadRequest(OzoneManagerRequestHandler.java:224) ~[ozone-manager-1.3.0-SNAPSHOT.jar:?]
	at org.apache.hadoop.ozone.protocolPB.OzoneManagerProtocolServerSideTranslatorPB.submitRequestDirectlyToOM(OzoneManagerProtocolServerSideTranslatorPB.java:276) ~[ozone-manager-1.3.0-SNAPSHOT.jar:?]
	at org.apache.hadoop.ozone.protocolPB.OzoneManagerProtocolServerSideTranslatorPB.processRequest(OzoneManagerProtocolServerSideTranslatorPB.java:205) ~[ozone-manager-1.3.0-SNAPSHOT.jar:?]
	at org.apache.hadoop.hdds.server.OzoneProtocolMessageDispatcher.processRequest(OzoneProtocolMessageDispatcher.java:87) [hdds-server-framework-1.3.0-SNAPSHOT.jar:?]
	at org.apache.hadoop.ozone.protocolPB.OzoneManagerProtocolServerSideTranslatorPB.submitRequest(OzoneManagerProtocolServerSideTranslatorPB.java:147) [ozone-manager-1.3.0-SNAPSHOT.jar:?]
	at org.apache.hadoop.ozone.protocol.proto.OzoneManagerProtocolProtos$OzoneManagerService$2.callBlockingMethod(OzoneManagerProtocolProtos.java) [ozone-interface-client-1.3.0-SNAPSHOT.jar:?]
	at org.apache.hadoop.ipc.ProtobufRpcEngine$Server.processCall(ProtobufRpcEngine.java:466) [hadoop-common-3.3.1.jar:?]
	at org.apache.hadoop.ipc.ProtobufRpcEngine2$Server$ProtoBufRpcInvoker.call(ProtobufRpcEngine2.java:574) [hadoop-common-3.3.1.jar:?]
	at org.apache.hadoop.ipc.ProtobufRpcEngine2$Server$ProtoBufRpcInvoker.call(ProtobufRpcEngine2.java:552) [hadoop-common-3.3.1.jar:?]
	at org.apache.hadoop.ipc.RPC$Server.call(RPC.java:1093) [hadoop-common-3.3.1.jar:?]
	at org.apache.hadoop.ipc.Server$RpcCall.run(Server.java:1035) [hadoop-common-3.3.1.jar:?]
	at org.apache.hadoop.ipc.Server$RpcCall.run(Server.java:963) [hadoop-common-3.3.1.jar:?]
	at java.security.AccessController.doPrivileged(Native Method) ~[?:1.8.0_332]
	at javax.security.auth.Subject.doAs(Subject.java:422) [?:1.8.0_332]
	at org.apache.hadoop.security.UserGroupInformation.doAs(UserGroupInformation.java:1878) [hadoop-common-3.3.1.jar:?]
	at org.apache.hadoop.ipc.Server$Handler.run(Server.java:2966) [hadoop-common-3.3.1.jar:?]
23:17:58.673 [IPC Server handler 8 on default port 45823] ERROR OMAudit - user=runner | ip=127.0.0.1 | op=GET_FILE_STATUS {volume=volume32808, bucket=bucket26753, key=testBatchDelete/parent/childFolder/child2, dataSize=0, replicationConfig=null} | ret=FAILURE
org.apache.hadoop.ozone.om.exceptions.OMException: Unable to get file status: volume: volume32808 bucket: bucket26753 key: testBatchDelete/parent/childFolder/child2
	at org.apache.hadoop.ozone.om.KeyManagerImpl.getOzoneFileStatusFSO(KeyManagerImpl.java:1376) ~[ozone-manager-1.3.0-SNAPSHOT.jar:?]
	at org.apache.hadoop.ozone.om.KeyManagerImpl.getFileStatus(KeyManagerImpl.java:1239) ~[ozone-manager-1.3.0-SNAPSHOT.jar:?]
	at org.apache.hadoop.ozone.om.OzoneManager.getFileStatus(OzoneManager.java:3467) ~[ozone-manager-1.3.0-SNAPSHOT.jar:?]
	at org.apache.hadoop.ozone.protocolPB.OzoneManagerRequestHandler.getOzoneFileStatus(OzoneManagerRequestHandler.java:878) ~[ozone-manager-1.3.0-SNAPSHOT.jar:?]
	at org.apache.hadoop.ozone.protocolPB.OzoneManagerRequestHandler.handleReadRequest(OzoneManagerRequestHandler.java:224) ~[ozone-manager-1.3.0-SNAPSHOT.jar:?]
	at org.apache.hadoop.ozone.protocolPB.OzoneManagerProtocolServerSideTranslatorPB.submitRequestDirectlyToOM(OzoneManagerProtocolServerSideTranslatorPB.java:276) ~[ozone-manager-1.3.0-SNAPSHOT.jar:?]
	at org.apache.hadoop.ozone.protocolPB.OzoneManagerProtocolServerSideTranslatorPB.processRequest(OzoneManagerProtocolServerSideTranslatorPB.java:205) ~[ozone-manager-1.3.0-SNAPSHOT.jar:?]
	at org.apache.hadoop.hdds.server.OzoneProtocolMessageDispatcher.processRequest(OzoneProtocolMessageDispatcher.java:87) [hdds-server-framework-1.3.0-SNAPSHOT.jar:?]
	at org.apache.hadoop.ozone.protocolPB.OzoneManagerProtocolServerSideTranslatorPB.submitRequest(OzoneManagerProtocolServerSideTranslatorPB.java:147) [ozone-manager-1.3.0-SNAPSHOT.jar:?]
	at org.apache.hadoop.ozone.protocol.proto.OzoneManagerProtocolProtos$OzoneManagerService$2.callBlockingMethod(OzoneManagerProtocolProtos.java) [ozone-interface-client-1.3.0-SNAPSHOT.jar:?]
	at org.apache.hadoop.ipc.ProtobufRpcEngine$Server.processCall(ProtobufRpcEngine.java:466) [hadoop-common-3.3.1.jar:?]
	at org.apache.hadoop.ipc.ProtobufRpcEngine2$Server$ProtoBufRpcInvoker.call(ProtobufRpcEngine2.java:574) [hadoop-common-3.3.1.jar:?]
	at org.apache.hadoop.ipc.ProtobufRpcEngine2$Server$ProtoBufRpcInvoker.call(ProtobufRpcEngine2.java:552) [hadoop-common-3.3.1.jar:?]
	at org.apache.hadoop.ipc.RPC$Server.call(RPC.java:1093) [hadoop-common-3.3.1.jar:?]
	at org.apache.hadoop.ipc.Server$RpcCall.run(Server.java:1035) [hadoop-common-3.3.1.jar:?]
	at org.apache.hadoop.ipc.Server$RpcCall.run(Server.java:963) [hadoop-common-3.3.1.jar:?]
	at java.security.AccessController.doPrivileged(Native Method) ~[?:1.8.0_332]
	at javax.security.auth.Subject.doAs(Subject.java:422) [?:1.8.0_332]
	at org.apache.hadoop.security.UserGroupInformation.doAs(UserGroupInformation.java:1878) [hadoop-common-3.3.1.jar:?]
	at org.apache.hadoop.ipc.Server$Handler.run(Server.java:2966) [hadoop-common-3.3.1.jar:?]
23:17:58.673 [IPC Server handler 6 on default port 45823] ERROR OMAudit - user=runner | ip=127.0.0.1 | op=GET_FILE_STATUS {volume=volume32808, bucket=bucket26753, key=testBatchDelete/parent/child3, dataSize=0, replicationConfig=null} | ret=FAILURE
org.apache.hadoop.ozone.om.exceptions.OMException: Unable to get file status: volume: volume32808 bucket: bucket26753 key: testBatchDelete/parent/child3
	at org.apache.hadoop.ozone.om.KeyManagerImpl.getOzoneFileStatusFSO(KeyManagerImpl.java:1376) ~[ozone-manager-1.3.0-SNAPSHOT.jar:?]
	at org.apache.hadoop.ozone.om.KeyManagerImpl.getFileStatus(KeyManagerImpl.java:1239) ~[ozone-manager-1.3.0-SNAPSHOT.jar:?]
	at org.apache.hadoop.ozone.om.OzoneManager.getFileStatus(OzoneManager.java:3467) ~[ozone-manager-1.3.0-SNAPSHOT.jar:?]
	at org.apache.hadoop.ozone.protocolPB.OzoneManagerRequestHandler.getOzoneFileStatus(OzoneManagerRequestHandler.java:878) ~[ozone-manager-1.3.0-SNAPSHOT.jar:?]
	at org.apache.hadoop.ozone.protocolPB.OzoneManagerRequestHandler.handleReadRequest(OzoneManagerRequestHandler.java:224) ~[ozone-manager-1.3.0-SNAPSHOT.jar:?]
	at org.apache.hadoop.ozone.protocolPB.OzoneManagerProtocolServerSideTranslatorPB.submitRequestDirectlyToOM(OzoneManagerProtocolServerSideTranslatorPB.java:276) ~[ozone-manager-1.3.0-SNAPSHOT.jar:?]
	at org.apache.hadoop.ozone.protocolPB.OzoneManagerProtocolServerSideTranslatorPB.processRequest(OzoneManagerProtocolServerSideTranslatorPB.java:205) ~[ozone-manager-1.3.0-SNAPSHOT.jar:?]
	at org.apache.hadoop.hdds.server.OzoneProtocolMessageDispatcher.processRequest(OzoneProtocolMessageDispatcher.java:87) [hdds-server-framework-1.3.0-SNAPSHOT.jar:?]
	at org.apache.hadoop.ozone.protocolPB.OzoneManagerProtocolServerSideTranslatorPB.submitRequest(OzoneManagerProtocolServerSideTranslatorPB.java:147) [ozone-manager-1.3.0-SNAPSHOT.jar:?]
	at org.apache.hadoop.ozone.protocol.proto.OzoneManagerProtocolProtos$OzoneManagerService$2.callBlockingMethod(OzoneManagerProtocolProtos.java) [ozone-interface-client-1.3.0-SNAPSHOT.jar:?]
	at org.apache.hadoop.ipc.ProtobufRpcEngine$Server.processCall(ProtobufRpcEngine.java:466) [hadoop-common-3.3.1.jar:?]
	at org.apache.hadoop.ipc.ProtobufRpcEngine2$Server$ProtoBufRpcInvoker.call(ProtobufRpcEngine2.java:574) [hadoop-common-3.3.1.jar:?]
	at org.apache.hadoop.ipc.ProtobufRpcEngine2$Server$ProtoBufRpcInvoker.call(ProtobufRpcEngine2.java:552) [hadoop-common-3.3.1.jar:?]
	at org.apache.hadoop.ipc.RPC$Server.call(RPC.java:1093) [hadoop-common-3.3.1.jar:?]
	at org.apache.hadoop.ipc.Server$RpcCall.run(Server.java:1035) [hadoop-common-3.3.1.jar:?]
	at org.apache.hadoop.ipc.Server$RpcCall.run(Server.java:963) [hadoop-common-3.3.1.jar:?]
	at java.security.AccessController.doPrivileged(Native Method) ~[?:1.8.0_332]
	at javax.security.auth.Subject.doAs(Subject.java:422) [?:1.8.0_332]
	at org.apache.hadoop.security.UserGroupInformation.doAs(UserGroupInformation.java:1878) [hadoop-common-3.3.1.jar:?]
	at org.apache.hadoop.ipc.Server$Handler.run(Server.java:2966) [hadoop-common-3.3.1.jar:?]
23:17:58.674 [IPC Server handler 2 on default port 45823] ERROR OMAudit - user=runner | ip=127.0.0.1 | op=GET_FILE_STATUS {volume=volume32808, bucket=bucket26753, key=testBatchDelete/parent/childFolder/child3, dataSize=0, replicationConfig=null} | ret=FAILURE
org.apache.hadoop.ozone.om.exceptions.OMException: Unable to get file status: volume: volume32808 bucket: bucket26753 key: testBatchDelete/parent/childFolder/child3
	at org.apache.hadoop.ozone.om.KeyManagerImpl.getOzoneFileStatusFSO(KeyManagerImpl.java:1376) ~[ozone-manager-1.3.0-SNAPSHOT.jar:?]
	at org.apache.hadoop.ozone.om.KeyManagerImpl.getFileStatus(KeyManagerImpl.java:1239) ~[ozone-manager-1.3.0-SNAPSHOT.jar:?]
	at org.apache.hadoop.ozone.om.OzoneManager.getFileStatus(OzoneManager.java:3467) ~[ozone-manager-1.3.0-SNAPSHOT.jar:?]
	at org.apache.hadoop.ozone.protocolPB.OzoneManagerRequestHandler.getOzoneFileStatus(OzoneManagerRequestHandler.java:878) ~[ozone-manager-1.3.0-SNAPSHOT.jar:?]
	at org.apache.hadoop.ozone.protocolPB.OzoneManagerRequestHandler.handleReadRequest(OzoneManagerRequestHandler.java:224) ~[ozone-manager-1.3.0-SNAPSHOT.jar:?]
	at org.apache.hadoop.ozone.protocolPB.OzoneManagerProtocolServerSideTranslatorPB.submitRequestDirectlyToOM(OzoneManagerProtocolServerSideTranslatorPB.java:276) ~[ozone-manager-1.3.0-SNAPSHOT.jar:?]
	at org.apache.hadoop.ozone.protocolPB.OzoneManagerProtocolServerSideTranslatorPB.processRequest(OzoneManagerProtocolServerSideTranslatorPB.java:205) ~[ozone-manager-1.3.0-SNAPSHOT.jar:?]
	at org.apache.hadoop.hdds.server.OzoneProtocolMessageDispatcher.processRequest(OzoneProtocolMessageDispatcher.java:87) [hdds-server-framework-1.3.0-SNAPSHOT.jar:?]
	at org.apache.hadoop.ozone.protocolPB.OzoneManagerProtocolServerSideTranslatorPB.submitRequest(OzoneManagerProtocolServerSideTranslatorPB.java:147) [ozone-manager-1.3.0-SNAPSHOT.jar:?]
	at org.apache.hadoop.ozone.protocol.proto.OzoneManagerProtocolProtos$OzoneManagerService$2.callBlockingMethod(OzoneManagerProtocolProtos.java) [ozone-interface-client-1.3.0-SNAPSHOT.jar:?]
	at org.apache.hadoop.ipc.ProtobufRpcEngine$Server.processCall(ProtobufRpcEngine.java:466) [hadoop-common-3.3.1.jar:?]
	at org.apache.hadoop.ipc.ProtobufRpcEngine2$Server$ProtoBufRpcInvoker.call(ProtobufRpcEngine2.java:574) [hadoop-common-3.3.1.jar:?]
	at org.apache.hadoop.ipc.ProtobufRpcEngine2$Server$ProtoBufRpcInvoker.call(ProtobufRpcEngine2.java:552) [hadoop-common-3.3.1.jar:?]
	at org.apache.hadoop.ipc.RPC$Server.call(RPC.java:1093) [hadoop-common-3.3.1.jar:?]
	at org.apache.hadoop.ipc.Server$RpcCall.run(Server.java:1035) [hadoop-common-3.3.1.jar:?]
	at org.apache.hadoop.ipc.Server$RpcCall.run(Server.java:963) [hadoop-common-3.3.1.jar:?]
	at java.security.AccessController.doPrivileged(Native Method) ~[?:1.8.0_332]
	at javax.security.auth.Subject.doAs(Subject.java:422) [?:1.8.0_332]
	at org.apache.hadoop.security.UserGroupInformation.doAs(UserGroupInformation.java:1878) [hadoop-common-3.3.1.jar:?]
	at org.apache.hadoop.ipc.Server$Handler.run(Server.java:2966) [hadoop-common-3.3.1.jar:?]
23:17:58.675 [IPC Server handler 3 on default port 45823] ERROR OMAudit - user=runner | ip=127.0.0.1 | op=GET_FILE_STATUS {volume=volume32808, bucket=bucket26753, key=testBatchDelete/parent/child4, dataSize=0, replicationConfig=null} | ret=FAILURE
org.apache.hadoop.ozone.om.exceptions.OMException: Unable to get file status: volume: volume32808 bucket: bucket26753 key: testBatchDelete/parent/child4
	at org.apache.hadoop.ozone.om.KeyManagerImpl.getOzoneFileStatusFSO(KeyManagerImpl.java:1376) ~[ozone-manager-1.3.0-SNAPSHOT.jar:?]
	at org.apache.hadoop.ozone.om.KeyManagerImpl.getFileStatus(KeyManagerImpl.java:1239) ~[ozone-manager-1.3.0-SNAPSHOT.jar:?]
	at org.apache.hadoop.ozone.om.OzoneManager.getFileStatus(OzoneManager.java:3467) ~[ozone-manager-1.3.0-SNAPSHOT.jar:?]
	at org.apache.hadoop.ozone.protocolPB.OzoneManagerRequestHandler.getOzoneFileStatus(OzoneManagerRequestHandler.java:878) ~[ozone-manager-1.3.0-SNAPSHOT.jar:?]
	at org.apache.hadoop.ozone.protocolPB.OzoneManagerRequestHandler.handleReadRequest(OzoneManagerRequestHandler.java:224) ~[ozone-manager-1.3.0-SNAPSHOT.jar:?]
	at org.apache.hadoop.ozone.protocolPB.OzoneManagerProtocolServerSideTranslatorPB.submitRequestDirectlyToOM(OzoneManagerProtocolServerSideTranslatorPB.java:276) ~[ozone-manager-1.3.0-SNAPSHOT.jar:?]
	at org.apache.hadoop.ozone.protocolPB.OzoneManagerProtocolServerSideTranslatorPB.processRequest(OzoneManagerProtocolServerSideTranslatorPB.java:205) ~[ozone-manager-1.3.0-SNAPSHOT.jar:?]
	at org.apache.hadoop.hdds.server.OzoneProtocolMessageDispatcher.processRequest(OzoneProtocolMessageDispatcher.java:87) [hdds-server-framework-1.3.0-SNAPSHOT.jar:?]
	at org.apache.hadoop.ozone.protocolPB.OzoneManagerProtocolServerSideTranslatorPB.submitRequest(OzoneManagerProtocolServerSideTranslatorPB.java:147) [ozone-manager-1.3.0-SNAPSHOT.jar:?]
	at org.apache.hadoop.ozone.protocol.proto.OzoneManagerProtocolProtos$OzoneManagerService$2.callBlockingMethod(OzoneManagerProtocolProtos.java) [ozone-interface-client-1.3.0-SNAPSHOT.jar:?]
	at org.apache.hadoop.ipc.ProtobufRpcEngine$Server.processCall(ProtobufRpcEngine.java:466) [hadoop-common-3.3.1.jar:?]
	at org.apache.hadoop.ipc.ProtobufRpcEngine2$Server$ProtoBufRpcInvoker.call(ProtobufRpcEngine2.java:574) [hadoop-common-3.3.1.jar:?]
	at org.apache.hadoop.ipc.ProtobufRpcEngine2$Server$ProtoBufRpcInvoker.call(ProtobufRpcEngine2.java:552) [hadoop-common-3.3.1.jar:?]
	at org.apache.hadoop.ipc.RPC$Server.call(RPC.java:1093) [hadoop-common-3.3.1.jar:?]
	at org.apache.hadoop.ipc.Server$RpcCall.run(Server.java:1035) [hadoop-common-3.3.1.jar:?]
	at org.apache.hadoop.ipc.Server$RpcCall.run(Server.java:963) [hadoop-common-3.3.1.jar:?]
	at java.security.AccessController.doPrivileged(Native Method) ~[?:1.8.0_332]
	at javax.security.auth.Subject.doAs(Subject.java:422) [?:1.8.0_332]
	at org.apache.hadoop.security.UserGroupInformation.doAs(UserGroupInformation.java:1878) [hadoop-common-3.3.1.jar:?]
	at org.apache.hadoop.ipc.Server$Handler.run(Server.java:2966) [hadoop-common-3.3.1.jar:?]
23:17:58.675 [IPC Server handler 5 on default port 45823] ERROR OMAudit - user=runner | ip=127.0.0.1 | op=GET_FILE_STATUS {volume=volume32808, bucket=bucket26753, key=testBatchDelete/parent/childFolder/child4, dataSize=0, replicationConfig=null} | ret=FAILURE
org.apache.hadoop.ozone.om.exceptions.OMException: Unable to get file status: volume: volume32808 bucket: bucket26753 key: testBatchDelete/parent/childFolder/child4
	at org.apache.hadoop.ozone.om.KeyManagerImpl.getOzoneFileStatusFSO(KeyManagerImpl.java:1376) ~[ozone-manager-1.3.0-SNAPSHOT.jar:?]
	at org.apache.hadoop.ozone.om.KeyManagerImpl.getFileStatus(KeyManagerImpl.java:1239) ~[ozone-manager-1.3.0-SNAPSHOT.jar:?]
	at org.apache.hadoop.ozone.om.OzoneManager.getFileStatus(OzoneManager.java:3467) ~[ozone-manager-1.3.0-SNAPSHOT.jar:?]
	at org.apache.hadoop.ozone.protocolPB.OzoneManagerRequestHandler.getOzoneFileStatus(OzoneManagerRequestHandler.java:878) ~[ozone-manager-1.3.0-SNAPSHOT.jar:?]
	at org.apache.hadoop.ozone.protocolPB.OzoneManagerRequestHandler.handleReadRequest(OzoneManagerRequestHandler.java:224) ~[ozone-manager-1.3.0-SNAPSHOT.jar:?]
	at org.apache.hadoop.ozone.protocolPB.OzoneManagerProtocolServerSideTranslatorPB.submitRequestDirectlyToOM(OzoneManagerProtocolServerSideTranslatorPB.java:276) ~[ozone-manager-1.3.0-SNAPSHOT.jar:?]
	at org.apache.hadoop.ozone.protocolPB.OzoneManagerProtocolServerSideTranslatorPB.processRequest(OzoneManagerProtocolServerSideTranslatorPB.java:205) ~[ozone-manager-1.3.0-SNAPSHOT.jar:?]
	at org.apache.hadoop.hdds.server.OzoneProtocolMessageDispatcher.processRequest(OzoneProtocolMessageDispatcher.java:87) [hdds-server-framework-1.3.0-SNAPSHOT.jar:?]
	at org.apache.hadoop.ozone.protocolPB.OzoneManagerProtocolServerSideTranslatorPB.submitRequest(OzoneManagerProtocolServerSideTranslatorPB.java:147) [ozone-manager-1.3.0-SNAPSHOT.jar:?]
	at org.apache.hadoop.ozone.protocol.proto.OzoneManagerProtocolProtos$OzoneManagerService$2.callBlockingMethod(OzoneManagerProtocolProtos.java) [ozone-interface-client-1.3.0-SNAPSHOT.jar:?]
	at org.apache.hadoop.ipc.ProtobufRpcEngine$Server.processCall(ProtobufRpcEngine.java:466) [hadoop-common-3.3.1.jar:?]
	at org.apache.hadoop.ipc.ProtobufRpcEngine2$Server$ProtoBufRpcInvoker.call(ProtobufRpcEngine2.java:574) [hadoop-common-3.3.1.jar:?]
	at org.apache.hadoop.ipc.ProtobufRpcEngine2$Server$ProtoBufRpcInvoker.call(ProtobufRpcEngine2.java:552) [hadoop-common-3.3.1.jar:?]
	at org.apache.hadoop.ipc.RPC$Server.call(RPC.java:1093) [hadoop-common-3.3.1.jar:?]
	at org.apache.hadoop.ipc.Server$RpcCall.run(Server.java:1035) [hadoop-common-3.3.1.jar:?]
	at org.apache.hadoop.ipc.Server$RpcCall.run(Server.java:963) [hadoop-common-3.3.1.jar:?]
	at java.security.AccessController.doPrivileged(Native Method) ~[?:1.8.0_332]
	at javax.security.auth.Subject.doAs(Subject.java:422) [?:1.8.0_332]
	at org.apache.hadoop.security.UserGroupInformation.doAs(UserGroupInformation.java:1878) [hadoop-common-3.3.1.jar:?]
	at org.apache.hadoop.ipc.Server$Handler.run(Server.java:2966) [hadoop-common-3.3.1.jar:?]
23:17:58.676 [IPC Server handler 18 on default port 45823] ERROR OMAudit - user=runner | ip=127.0.0.1 | op=GET_FILE_STATUS {volume=volume32808, bucket=bucket26753, key=testBatchDelete/parent/child5, dataSize=0, replicationConfig=null} | ret=FAILURE
org.apache.hadoop.ozone.om.exceptions.OMException: Unable to get file status: volume: volume32808 bucket: bucket26753 key: testBatchDelete/parent/child5
	at org.apache.hadoop.ozone.om.KeyManagerImpl.getOzoneFileStatusFSO(KeyManagerImpl.java:1376) ~[ozone-manager-1.3.0-SNAPSHOT.jar:?]
	at org.apache.hadoop.ozone.om.KeyManagerImpl.getFileStatus(KeyManagerImpl.java:1239) ~[ozone-manager-1.3.0-SNAPSHOT.jar:?]
	at org.apache.hadoop.ozone.om.OzoneManager.getFileStatus(OzoneManager.java:3467) ~[ozone-manager-1.3.0-SNAPSHOT.jar:?]
	at org.apache.hadoop.ozone.protocolPB.OzoneManagerRequestHandler.getOzoneFileStatus(OzoneManagerRequestHandler.java:878) ~[ozone-manager-1.3.0-SNAPSHOT.jar:?]
	at org.apache.hadoop.ozone.protocolPB.OzoneManagerRequestHandler.handleReadRequest(OzoneManagerRequestHandler.java:224) ~[ozone-manager-1.3.0-SNAPSHOT.jar:?]
	at org.apache.hadoop.ozone.protocolPB.OzoneManagerProtocolServerSideTranslatorPB.submitRequestDirectlyToOM(OzoneManagerProtocolServerSideTranslatorPB.java:276) ~[ozone-manager-1.3.0-SNAPSHOT.jar:?]
	at org.apache.hadoop.ozone.protocolPB.OzoneManagerProtocolServerSideTranslatorPB.processRequest(OzoneManagerProtocolServerSideTranslatorPB.java:205) ~[ozone-manager-1.3.0-SNAPSHOT.jar:?]
	at org.apache.hadoop.hdds.server.OzoneProtocolMessageDispatcher.processRequest(OzoneProtocolMessageDispatcher.java:87) [hdds-server-framework-1.3.0-SNAPSHOT.jar:?]
	at org.apache.hadoop.ozone.protocolPB.OzoneManagerProtocolServerSideTranslatorPB.submitRequest(OzoneManagerProtocolServerSideTranslatorPB.java:147) [ozone-manager-1.3.0-SNAPSHOT.jar:?]
	at org.apache.hadoop.ozone.protocol.proto.OzoneManagerProtocolProtos$OzoneManagerService$2.callBlockingMethod(OzoneManagerProtocolProtos.java) [ozone-interface-client-1.3.0-SNAPSHOT.jar:?]
	at org.apache.hadoop.ipc.ProtobufRpcEngine$Server.processCall(ProtobufRpcEngine.java:466) [hadoop-common-3.3.1.jar:?]
	at org.apache.hadoop.ipc.ProtobufRpcEngine2$Server$ProtoBufRpcInvoker.call(ProtobufRpcEngine2.java:574) [hadoop-common-3.3.1.jar:?]
	at org.apache.hadoop.ipc.ProtobufRpcEngine2$Server$ProtoBufRpcInvoker.call(ProtobufRpcEngine2.java:552) [hadoop-common-3.3.1.jar:?]
	at org.apache.hadoop.ipc.RPC$Server.call(RPC.java:1093) [hadoop-common-3.3.1.jar:?]
	at org.apache.hadoop.ipc.Server$RpcCall.run(Server.java:1035) [hadoop-common-3.3.1.jar:?]
	at org.apache.hadoop.ipc.Server$RpcCall.run(Server.java:963) [hadoop-common-3.3.1.jar:?]
	at java.security.AccessController.doPrivileged(Native Method) ~[?:1.8.0_332]
	at javax.security.auth.Subject.doAs(Subject.java:422) [?:1.8.0_332]
	at org.apache.hadoop.security.UserGroupInformation.doAs(UserGroupInformation.java:1878) [hadoop-common-3.3.1.jar:?]
	at org.apache.hadoop.ipc.Server$Handler.run(Server.java:2966) [hadoop-common-3.3.1.jar:?]
23:17:58.677 [IPC Server handler 16 on default port 45823] ERROR OMAudit - user=runner | ip=127.0.0.1 | op=GET_FILE_STATUS {volume=volume32808, bucket=bucket26753, key=testBatchDelete/parent/childFolder/child5, dataSize=0, replicationConfig=null} | ret=FAILURE
org.apache.hadoop.ozone.om.exceptions.OMException: Unable to get file status: volume: volume32808 bucket: bucket26753 key: testBatchDelete/parent/childFolder/child5
	at org.apache.hadoop.ozone.om.KeyManagerImpl.getOzoneFileStatusFSO(KeyManagerImpl.java:1376) ~[ozone-manager-1.3.0-SNAPSHOT.jar:?]
	at org.apache.hadoop.ozone.om.KeyManagerImpl.getFileStatus(KeyManagerImpl.java:1239) ~[ozone-manager-1.3.0-SNAPSHOT.jar:?]
	at org.apache.hadoop.ozone.om.OzoneManager.getFileStatus(OzoneManager.java:3467) ~[ozone-manager-1.3.0-SNAPSHOT.jar:?]
	at org.apache.hadoop.ozone.protocolPB.OzoneManagerRequestHandler.getOzoneFileStatus(OzoneManagerRequestHandler.java:878) ~[ozone-manager-1.3.0-SNAPSHOT.jar:?]
	at org.apache.hadoop.ozone.protocolPB.OzoneManagerRequestHandler.handleReadRequest(OzoneManagerRequestHandler.java:224) ~[ozone-manager-1.3.0-SNAPSHOT.jar:?]
	at org.apache.hadoop.ozone.protocolPB.OzoneManagerProtocolServerSideTranslatorPB.submitRequestDirectlyToOM(OzoneManagerProtocolServerSideTranslatorPB.java:276) ~[ozone-manager-1.3.0-SNAPSHOT.jar:?]
	at org.apache.hadoop.ozone.protocolPB.OzoneManagerProtocolServerSideTranslatorPB.processRequest(OzoneManagerProtocolServerSideTranslatorPB.java:205) ~[ozone-manager-1.3.0-SNAPSHOT.jar:?]
	at org.apache.hadoop.hdds.server.OzoneProtocolMessageDispatcher.processRequest(OzoneProtocolMessageDispatcher.java:87) [hdds-server-framework-1.3.0-SNAPSHOT.jar:?]
	at org.apache.hadoop.ozone.protocolPB.OzoneManagerProtocolServerSideTranslatorPB.submitRequest(OzoneManagerProtocolServerSideTranslatorPB.java:147) [ozone-manager-1.3.0-SNAPSHOT.jar:?]
	at org.apache.hadoop.ozone.protocol.proto.OzoneManagerProtocolProtos$OzoneManagerService$2.callBlockingMethod(OzoneManagerProtocolProtos.java) [ozone-interface-client-1.3.0-SNAPSHOT.jar:?]
	at org.apache.hadoop.ipc.ProtobufRpcEngine$Server.processCall(ProtobufRpcEngine.java:466) [hadoop-common-3.3.1.jar:?]
	at org.apache.hadoop.ipc.ProtobufRpcEngine2$Server$ProtoBufRpcInvoker.call(ProtobufRpcEngine2.java:574) [hadoop-common-3.3.1.jar:?]
	at org.apache.hadoop.ipc.ProtobufRpcEngine2$Server$ProtoBufRpcInvoker.call(ProtobufRpcEngine2.java:552) [hadoop-common-3.3.1.jar:?]
	at org.apache.hadoop.ipc.RPC$Server.call(RPC.java:1093) [hadoop-common-3.3.1.jar:?]
	at org.apache.hadoop.ipc.Server$RpcCall.run(Server.java:1035) [hadoop-common-3.3.1.jar:?]
	at org.apache.hadoop.ipc.Server$RpcCall.run(Server.java:963) [hadoop-common-3.3.1.jar:?]
	at java.security.AccessController.doPrivileged(Native Method) ~[?:1.8.0_332]
	at javax.security.auth.Subject.doAs(Subject.java:422) [?:1.8.0_332]
	at org.apache.hadoop.security.UserGroupInformation.doAs(UserGroupInformation.java:1878) [hadoop-common-3.3.1.jar:?]
	at org.apache.hadoop.ipc.Server$Handler.run(Server.java:2966) [hadoop-common-3.3.1.jar:?]
23:17:58.679 [IPC Server handler 14 on default port 45823] ERROR OMAudit - user=runner | ip=127.0.0.1 | op=GET_FILE_STATUS {volume=volume32808, bucket=bucket26753, key=testBatchDelete/parent/child6, dataSize=0, replicationConfig=null} | ret=FAILURE
org.apache.hadoop.ozone.om.exceptions.OMException: Unable to get file status: volume: volume32808 bucket: bucket26753 key: testBatchDelete/parent/child6
	at org.apache.hadoop.ozone.om.KeyManagerImpl.getOzoneFileStatusFSO(KeyManagerImpl.java:1376) ~[ozone-manager-1.3.0-SNAPSHOT.jar:?]
	at org.apache.hadoop.ozone.om.KeyManagerImpl.getFileStatus(KeyManagerImpl.java:1239) ~[ozone-manager-1.3.0-SNAPSHOT.jar:?]
	at org.apache.hadoop.ozone.om.OzoneManager.getFileStatus(OzoneManager.java:3467) ~[ozone-manager-1.3.0-SNAPSHOT.jar:?]
	at org.apache.hadoop.ozone.protocolPB.OzoneManagerRequestHandler.getOzoneFileStatus(OzoneManagerRequestHandler.java:878) ~[ozone-manager-1.3.0-SNAPSHOT.jar:?]
	at org.apache.hadoop.ozone.protocolPB.OzoneManagerRequestHandler.handleReadRequest(OzoneManagerRequestHandler.java:224) ~[ozone-manager-1.3.0-SNAPSHOT.jar:?]
	at org.apache.hadoop.ozone.protocolPB.OzoneManagerProtocolServerSideTranslatorPB.submitRequestDirectlyToOM(OzoneManagerProtocolServerSideTranslatorPB.java:276) ~[ozone-manager-1.3.0-SNAPSHOT.jar:?]
	at org.apache.hadoop.ozone.protocolPB.OzoneManagerProtocolServerSideTranslatorPB.processRequest(OzoneManagerProtocolServerSideTranslatorPB.java:205) ~[ozone-manager-1.3.0-SNAPSHOT.jar:?]
	at org.apache.hadoop.hdds.server.OzoneProtocolMessageDispatcher.processRequest(OzoneProtocolMessageDispatcher.java:87) [hdds-server-framework-1.3.0-SNAPSHOT.jar:?]
	at org.apache.hadoop.ozone.protocolPB.OzoneManagerProtocolServerSideTranslatorPB.submitRequest(OzoneManagerProtocolServerSideTranslatorPB.java:147) [ozone-manager-1.3.0-SNAPSHOT.jar:?]
	at org.apache.hadoop.ozone.protocol.proto.OzoneManagerProtocolProtos$OzoneManagerService$2.callBlockingMethod(OzoneManagerProtocolProtos.java) [ozone-interface-client-1.3.0-SNAPSHOT.jar:?]
	at org.apache.hadoop.ipc.ProtobufRpcEngine$Server.processCall(ProtobufRpcEngine.java:466) [hadoop-common-3.3.1.jar:?]
	at org.apache.hadoop.ipc.ProtobufRpcEngine2$Server$ProtoBufRpcInvoker.call(ProtobufRpcEngine2.java:574) [hadoop-common-3.3.1.jar:?]
	at org.apache.hadoop.ipc.ProtobufRpcEngine2$Server$ProtoBufRpcInvoker.call(ProtobufRpcEngine2.java:552) [hadoop-common-3.3.1.jar:?]
	at org.apache.hadoop.ipc.RPC$Server.call(RPC.java:1093) [hadoop-common-3.3.1.jar:?]
	at org.apache.hadoop.ipc.Server$RpcCall.run(Server.java:1035) [hadoop-common-3.3.1.jar:?]
	at org.apache.hadoop.ipc.Server$RpcCall.run(Server.java:963) [hadoop-common-3.3.1.jar:?]
	at java.security.AccessController.doPrivileged(Native Method) ~[?:1.8.0_332]
	at javax.security.auth.Subject.doAs(Subject.java:422) [?:1.8.0_332]
	at org.apache.hadoop.security.UserGroupInformation.doAs(UserGroupInformation.java:1878) [hadoop-common-3.3.1.jar:?]
	at org.apache.hadoop.ipc.Server$Handler.run(Server.java:2966) [hadoop-common-3.3.1.jar:?]
23:17:58.680 [IPC Server handler 12 on default port 45823] ERROR OMAudit - user=runner | ip=127.0.0.1 | op=GET_FILE_STATUS {volume=volume32808, bucket=bucket26753, key=testBatchDelete/parent/childFolder/child6, dataSize=0, replicationConfig=null} | ret=FAILURE
org.apache.hadoop.ozone.om.exceptions.OMException: Unable to get file status: volume: volume32808 bucket: bucket26753 key: testBatchDelete/parent/childFolder/child6
	at org.apache.hadoop.ozone.om.KeyManagerImpl.getOzoneFileStatusFSO(KeyManagerImpl.java:1376) ~[ozone-manager-1.3.0-SNAPSHOT.jar:?]
	at org.apache.hadoop.ozone.om.KeyManagerImpl.getFileStatus(KeyManagerImpl.java:1239) ~[ozone-manager-1.3.0-SNAPSHOT.jar:?]
	at org.apache.hadoop.ozone.om.OzoneManager.getFileStatus(OzoneManager.java:3467) ~[ozone-manager-1.3.0-SNAPSHOT.jar:?]
	at org.apache.hadoop.ozone.protocolPB.OzoneManagerRequestHandler.getOzoneFileStatus(OzoneManagerRequestHandler.java:878) ~[ozone-manager-1.3.0-SNAPSHOT.jar:?]
	at org.apache.hadoop.ozone.protocolPB.OzoneManagerRequestHandler.handleReadRequest(OzoneManagerRequestHandler.java:224) ~[ozone-manager-1.3.0-SNAPSHOT.jar:?]
	at org.apache.hadoop.ozone.protocolPB.OzoneManagerProtocolServerSideTranslatorPB.submitRequestDirectlyToOM(OzoneManagerProtocolServerSideTranslatorPB.java:276) ~[ozone-manager-1.3.0-SNAPSHOT.jar:?]
	at org.apache.hadoop.ozone.protocolPB.OzoneManagerProtocolServerSideTranslatorPB.processRequest(OzoneManagerProtocolServerSideTranslatorPB.java:205) ~[ozone-manager-1.3.0-SNAPSHOT.jar:?]
	at org.apache.hadoop.hdds.server.OzoneProtocolMessageDispatcher.processRequest(OzoneProtocolMessageDispatcher.java:87) [hdds-server-framework-1.3.0-SNAPSHOT.jar:?]
	at org.apache.hadoop.ozone.protocolPB.OzoneManagerProtocolServerSideTranslatorPB.submitRequest(OzoneManagerProtocolServerSideTranslatorPB.java:147) [ozone-manager-1.3.0-SNAPSHOT.jar:?]
	at org.apache.hadoop.ozone.protocol.proto.OzoneManagerProtocolProtos$OzoneManagerService$2.callBlockingMethod(OzoneManagerProtocolProtos.java) [ozone-interface-client-1.3.0-SNAPSHOT.jar:?]
	at org.apache.hadoop.ipc.ProtobufRpcEngine$Server.processCall(ProtobufRpcEngine.java:466) [hadoop-common-3.3.1.jar:?]
	at org.apache.hadoop.ipc.ProtobufRpcEngine2$Server$ProtoBufRpcInvoker.call(ProtobufRpcEngine2.java:574) [hadoop-common-3.3.1.jar:?]
	at org.apache.hadoop.ipc.ProtobufRpcEngine2$Server$ProtoBufRpcInvoker.call(ProtobufRpcEngine2.java:552) [hadoop-common-3.3.1.jar:?]
	at org.apache.hadoop.ipc.RPC$Server.call(RPC.java:1093) [hadoop-common-3.3.1.jar:?]
	at org.apache.hadoop.ipc.Server$RpcCall.run(Server.java:1035) [hadoop-common-3.3.1.jar:?]
	at org.apache.hadoop.ipc.Server$RpcCall.run(Server.java:963) [hadoop-common-3.3.1.jar:?]
	at java.security.AccessController.doPrivileged(Native Method) ~[?:1.8.0_332]
	at javax.security.auth.Subject.doAs(Subject.java:422) [?:1.8.0_332]
	at org.apache.hadoop.security.UserGroupInformation.doAs(UserGroupInformation.java:1878) [hadoop-common-3.3.1.jar:?]
	at org.apache.hadoop.ipc.Server$Handler.run(Server.java:2966) [hadoop-common-3.3.1.jar:?]
23:17:58.681 [IPC Server handler 10 on default port 45823] ERROR OMAudit - user=runner | ip=127.0.0.1 | op=GET_FILE_STATUS {volume=volume32808, bucket=bucket26753, key=testBatchDelete/parent/child7, dataSize=0, replicationConfig=null} | ret=FAILURE
org.apache.hadoop.ozone.om.exceptions.OMException: Unable to get file status: volume: volume32808 bucket: bucket26753 key: testBatchDelete/parent/child7
	at org.apache.hadoop.ozone.om.KeyManagerImpl.getOzoneFileStatusFSO(KeyManagerImpl.java:1376) ~[ozone-manager-1.3.0-SNAPSHOT.jar:?]
	at org.apache.hadoop.ozone.om.KeyManagerImpl.getFileStatus(KeyManagerImpl.java:1239) ~[ozone-manager-1.3.0-SNAPSHOT.jar:?]
	at org.apache.hadoop.ozone.om.OzoneManager.getFileStatus(OzoneManager.java:3467) ~[ozone-manager-1.3.0-SNAPSHOT.jar:?]
	at org.apache.hadoop.ozone.protocolPB.OzoneManagerRequestHandler.getOzoneFileStatus(OzoneManagerRequestHandler.java:878) ~[ozone-manager-1.3.0-SNAPSHOT.jar:?]
	at org.apache.hadoop.ozone.protocolPB.OzoneManagerRequestHandler.handleReadRequest(OzoneManagerRequestHandler.java:224) ~[ozone-manager-1.3.0-SNAPSHOT.jar:?]
	at org.apache.hadoop.ozone.protocolPB.OzoneManagerProtocolServerSideTranslatorPB.submitRequestDirectlyToOM(OzoneManagerProtocolServerSideTranslatorPB.java:276) ~[ozone-manager-1.3.0-SNAPSHOT.jar:?]
	at org.apache.hadoop.ozone.protocolPB.OzoneManagerProtocolServerSideTranslatorPB.processRequest(OzoneManagerProtocolServerSideTranslatorPB.java:205) ~[ozone-manager-1.3.0-SNAPSHOT.jar:?]
	at org.apache.hadoop.hdds.server.OzoneProtocolMessageDispatcher.processRequest(OzoneProtocolMessageDispatcher.java:87) [hdds-server-framework-1.3.0-SNAPSHOT.jar:?]
	at org.apache.hadoop.ozone.protocolPB.OzoneManagerProtocolServerSideTranslatorPB.submitRequest(OzoneManagerProtocolServerSideTranslatorPB.java:147) [ozone-manager-1.3.0-SNAPSHOT.jar:?]
	at org.apache.hadoop.ozone.protocol.proto.OzoneManagerProtocolProtos$OzoneManagerService$2.callBlockingMethod(OzoneManagerProtocolProtos.java) [ozone-interface-client-1.3.0-SNAPSHOT.jar:?]
	at org.apache.hadoop.ipc.ProtobufRpcEngine$Server.processCall(ProtobufRpcEngine.java:466) [hadoop-common-3.3.1.jar:?]
	at org.apache.hadoop.ipc.ProtobufRpcEngine2$Server$ProtoBufRpcInvoker.call(ProtobufRpcEngine2.java:574) [hadoop-common-3.3.1.jar:?]
	at org.apache.hadoop.ipc.ProtobufRpcEngine2$Server$ProtoBufRpcInvoker.call(ProtobufRpcEngine2.java:552) [hadoop-common-3.3.1.jar:?]
	at org.apache.hadoop.ipc.RPC$Server.call(RPC.java:1093) [hadoop-common-3.3.1.jar:?]
	at org.apache.hadoop.ipc.Server$RpcCall.run(Server.java:1035) [hadoop-common-3.3.1.jar:?]
	at org.apache.hadoop.ipc.Server$RpcCall.run(Server.java:963) [hadoop-common-3.3.1.jar:?]
	at java.security.AccessController.doPrivileged(Native Method) ~[?:1.8.0_332]
	at javax.security.auth.Subject.doAs(Subject.java:422) [?:1.8.0_332]
	at org.apache.hadoop.security.UserGroupInformation.doAs(UserGroupInformation.java:1878) [hadoop-common-3.3.1.jar:?]
	at org.apache.hadoop.ipc.Server$Handler.run(Server.java:2966) [hadoop-common-3.3.1.jar:?]
23:17:58.690 [IPC Server handler 8 on default port 45823] ERROR OMAudit - user=runner | ip=127.0.0.1 | op=GET_FILE_STATUS {volume=volume32808, bucket=bucket26753, key=testBatchDelete/parent/childFolder/child7, dataSize=0, replicationConfig=null} | ret=FAILURE
org.apache.hadoop.ozone.om.exceptions.OMException: Unable to get file status: volume: volume32808 bucket: bucket26753 key: testBatchDelete/parent/childFolder/child7
	at org.apache.hadoop.ozone.om.KeyManagerImpl.getOzoneFileStatusFSO(KeyManagerImpl.java:1376) ~[ozone-manager-1.3.0-SNAPSHOT.jar:?]
	at org.apache.hadoop.ozone.om.KeyManagerImpl.getFileStatus(KeyManagerImpl.java:1239) ~[ozone-manager-1.3.0-SNAPSHOT.jar:?]
	at org.apache.hadoop.ozone.om.OzoneManager.getFileStatus(OzoneManager.java:3467) ~[ozone-manager-1.3.0-SNAPSHOT.jar:?]
	at org.apache.hadoop.ozone.protocolPB.OzoneManagerRequestHandler.getOzoneFileStatus(OzoneManagerRequestHandler.java:878) ~[ozone-manager-1.3.0-SNAPSHOT.jar:?]
	at org.apache.hadoop.ozone.protocolPB.OzoneManagerRequestHandler.handleReadRequest(OzoneManagerRequestHandler.java:224) ~[ozone-manager-1.3.0-SNAPSHOT.jar:?]
	at org.apache.hadoop.ozone.protocolPB.OzoneManagerProtocolServerSideTranslatorPB.submitRequestDirectlyToOM(OzoneManagerProtocolServerSideTranslatorPB.java:276) ~[ozone-manager-1.3.0-SNAPSHOT.jar:?]
	at org.apache.hadoop.ozone.protocolPB.OzoneManagerProtocolServerSideTranslatorPB.processRequest(OzoneManagerProtocolServerSideTranslatorPB.java:205) ~[ozone-manager-1.3.0-SNAPSHOT.jar:?]
	at org.apache.hadoop.hdds.server.OzoneProtocolMessageDispatcher.processRequest(OzoneProtocolMessageDispatcher.java:87) [hdds-server-framework-1.3.0-SNAPSHOT.jar:?]
	at org.apache.hadoop.ozone.protocolPB.OzoneManagerProtocolServerSideTranslatorPB.submitRequest(OzoneManagerProtocolServerSideTranslatorPB.java:147) [ozone-manager-1.3.0-SNAPSHOT.jar:?]
	at org.apache.hadoop.ozone.protocol.proto.OzoneManagerProtocolProtos$OzoneManagerService$2.callBlockingMethod(OzoneManagerProtocolProtos.java) [ozone-interface-client-1.3.0-SNAPSHOT.jar:?]
	at org.apache.hadoop.ipc.ProtobufRpcEngine$Server.processCall(ProtobufRpcEngine.java:466) [hadoop-common-3.3.1.jar:?]
	at org.apache.hadoop.ipc.ProtobufRpcEngine2$Server$ProtoBufRpcInvoker.call(ProtobufRpcEngine2.java:574) [hadoop-common-3.3.1.jar:?]
	at org.apache.hadoop.ipc.ProtobufRpcEngine2$Server$ProtoBufRpcInvoker.call(ProtobufRpcEngine2.java:552) [hadoop-common-3.3.1.jar:?]
	at org.apache.hadoop.ipc.RPC$Server.call(RPC.java:1093) [hadoop-common-3.3.1.jar:?]
	at org.apache.hadoop.ipc.Server$RpcCall.run(Server.java:1035) [hadoop-common-3.3.1.jar:?]
	at org.apache.hadoop.ipc.Server$RpcCall.run(Server.java:963) [hadoop-common-3.3.1.jar:?]
	at java.security.AccessController.doPrivileged(Native Method) ~[?:1.8.0_332]
	at javax.security.auth.Subject.doAs(Subject.java:422) [?:1.8.0_332]
	at org.apache.hadoop.security.UserGroupInformation.doAs(UserGroupInformation.java:1878) [hadoop-common-3.3.1.jar:?]
	at org.apache.hadoop.ipc.Server$Handler.run(Server.java:2966) [hadoop-common-3.3.1.jar:?]
23:17:58.692 [IPC Server handler 6 on default port 45823] ERROR OMAudit - user=runner | ip=127.0.0.1 | op=GET_FILE_STATUS {volume=volume32808, bucket=bucket26753, key=testBatchDelete/parent, dataSize=0, replicationConfig=null} | ret=FAILURE
org.apache.hadoop.ozone.om.exceptions.OMException: Unable to get file status: volume: volume32808 bucket: bucket26753 key: testBatchDelete/parent
	at org.apache.hadoop.ozone.om.KeyManagerImpl.getOzoneFileStatusFSO(KeyManagerImpl.java:1376) ~[ozone-manager-1.3.0-SNAPSHOT.jar:?]
	at org.apache.hadoop.ozone.om.KeyManagerImpl.getFileStatus(KeyManagerImpl.java:1239) ~[ozone-manager-1.3.0-SNAPSHOT.jar:?]
	at org.apache.hadoop.ozone.om.OzoneManager.getFileStatus(OzoneManager.java:3467) ~[ozone-manager-1.3.0-SNAPSHOT.jar:?]
	at org.apache.hadoop.ozone.protocolPB.OzoneManagerRequestHandler.getOzoneFileStatus(OzoneManagerRequestHandler.java:878) ~[ozone-manager-1.3.0-SNAPSHOT.jar:?]
	at org.apache.hadoop.ozone.protocolPB.OzoneManagerRequestHandler.handleReadRequest(OzoneManagerRequestHandler.java:224) ~[ozone-manager-1.3.0-SNAPSHOT.jar:?]
	at org.apache.hadoop.ozone.protocolPB.OzoneManagerProtocolServerSideTranslatorPB.submitRequestDirectlyToOM(OzoneManagerProtocolServerSideTranslatorPB.java:276) ~[ozone-manager-1.3.0-SNAPSHOT.jar:?]
	at org.apache.hadoop.ozone.protocolPB.OzoneManagerProtocolServerSideTranslatorPB.processRequest(OzoneManagerProtocolServerSideTranslatorPB.java:205) ~[ozone-manager-1.3.0-SNAPSHOT.jar:?]
	at org.apache.hadoop.hdds.server.OzoneProtocolMessageDispatcher.processRequest(OzoneProtocolMessageDispatcher.java:87) [hdds-server-framework-1.3.0-SNAPSHOT.jar:?]
	at org.apache.hadoop.ozone.protocolPB.OzoneManagerProtocolServerSideTranslatorPB.submitRequest(OzoneManagerProtocolServerSideTranslatorPB.java:147) [ozone-manager-1.3.0-SNAPSHOT.jar:?]
	at org.apache.hadoop.ozone.protocol.proto.OzoneManagerProtocolProtos$OzoneManagerService$2.callBlockingMethod(OzoneManagerProtocolProtos.java) [ozone-interface-client-1.3.0-SNAPSHOT.jar:?]
	at org.apache.hadoop.ipc.ProtobufRpcEngine$Server.processCall(ProtobufRpcEngine.java:466) [hadoop-common-3.3.1.jar:?]
	at org.apache.hadoop.ipc.ProtobufRpcEngine2$Server$ProtoBufRpcInvoker.call(ProtobufRpcEngine2.java:574) [hadoop-common-3.3.1.jar:?]
	at org.apache.hadoop.ipc.ProtobufRpcEngine2$Server$ProtoBufRpcInvoker.call(ProtobufRpcEngine2.java:552) [hadoop-common-3.3.1.jar:?]
	at org.apache.hadoop.ipc.RPC$Server.call(RPC.java:1093) [hadoop-common-3.3.1.jar:?]
	at org.apache.hadoop.ipc.Server$RpcCall.run(Server.java:1035) [hadoop-common-3.3.1.jar:?]
	at org.apache.hadoop.ipc.Server$RpcCall.run(Server.java:963) [hadoop-common-3.3.1.jar:?]
	at java.security.AccessController.doPrivileged(Native Method) ~[?:1.8.0_332]
	at javax.security.auth.Subject.doAs(Subject.java:422) [?:1.8.0_332]
	at org.apache.hadoop.security.UserGroupInformation.doAs(UserGroupInformation.java:1878) [hadoop-common-3.3.1.jar:?]
	at org.apache.hadoop.ipc.Server$Handler.run(Server.java:2966) [hadoop-common-3.3.1.jar:?]
2022-07-27 23:17:58,693 [Time-limited test] WARN  ozone.BasicRootedOzoneFileSystem (BasicRootedOzoneFileSystem.java:delete(572)) - delete: Path does not exist: /volume32808/bucket26753/testBatchDelete/parent
]]></system-out>
  </testcase>
  <testcase name="testRenameToTrashEnabled" classname="TestRootedOzoneFileSystemWithFSO" time="0.087">
    <system-out><![CDATA[2022-07-27 23:16:55,016 [Time-limited test] INFO  rpc.RpcClient (RpcClient.java:createVolume(467)) - Creating Volume: volume59934, with user99698 as owner and space quota set to -1 bytes, counts quota set to -1
2022-07-27 23:16:55,017 [OM StateMachine ApplyTransaction Thread - 0] INFO  volume.OMVolumeCreateRequest (OMVolumeCreateRequest.java:validateAndUpdateCache(195)) - created volume:volume59934 for user:user99698
2022-07-27 23:16:55,018 [Time-limited test] INFO  rpc.RpcClient (RpcClient.java:createBucket(670)) - Creating Bucket: volume59934/bucket59369, with bucket layout FILE_SYSTEM_OPTIMIZED, runner as owner, Versioning false, Storage Type set to DISK and Encryption set to false 
2022-07-27 23:16:55,020 [OM StateMachine ApplyTransaction Thread - 0] INFO  bucket.OMBucketCreateRequest (OMBucketCreateRequest.java:validateAndUpdateCache(260)) - created bucket: bucket59369 of layout FILE_SYSTEM_OPTIMIZED in volume: volume59934
23:16:55.070 [IPC Server handler 16 on default port 44809] ERROR OMAudit - user=runner | ip=127.0.0.1 | op=GET_FILE_STATUS {volume=volume59934, bucket=bucket59369, key=.Trash/runner/Current/volume59934/bucket59369/testKey2, dataSize=0, replicationConfig=null} | ret=FAILURE
org.apache.hadoop.ozone.om.exceptions.OMException: Unable to get file status: volume: volume59934 bucket: bucket59369 key: .Trash/runner/Current/volume59934/bucket59369/testKey2
	at org.apache.hadoop.ozone.om.KeyManagerImpl.getOzoneFileStatusFSO(KeyManagerImpl.java:1376) ~[ozone-manager-1.3.0-SNAPSHOT.jar:?]
	at org.apache.hadoop.ozone.om.KeyManagerImpl.getFileStatus(KeyManagerImpl.java:1239) ~[ozone-manager-1.3.0-SNAPSHOT.jar:?]
	at org.apache.hadoop.ozone.om.OzoneManager.getFileStatus(OzoneManager.java:3467) ~[ozone-manager-1.3.0-SNAPSHOT.jar:?]
	at org.apache.hadoop.ozone.protocolPB.OzoneManagerRequestHandler.getOzoneFileStatus(OzoneManagerRequestHandler.java:878) ~[ozone-manager-1.3.0-SNAPSHOT.jar:?]
	at org.apache.hadoop.ozone.protocolPB.OzoneManagerRequestHandler.handleReadRequest(OzoneManagerRequestHandler.java:224) ~[ozone-manager-1.3.0-SNAPSHOT.jar:?]
	at org.apache.hadoop.ozone.protocolPB.OzoneManagerProtocolServerSideTranslatorPB.submitReadRequestToOM(OzoneManagerProtocolServerSideTranslatorPB.java:226) ~[ozone-manager-1.3.0-SNAPSHOT.jar:?]
	at org.apache.hadoop.ozone.protocolPB.OzoneManagerProtocolServerSideTranslatorPB.processRequest(OzoneManagerProtocolServerSideTranslatorPB.java:175) ~[ozone-manager-1.3.0-SNAPSHOT.jar:?]
	at org.apache.hadoop.hdds.server.OzoneProtocolMessageDispatcher.processRequest(OzoneProtocolMessageDispatcher.java:87) [hdds-server-framework-1.3.0-SNAPSHOT.jar:?]
	at org.apache.hadoop.ozone.protocolPB.OzoneManagerProtocolServerSideTranslatorPB.submitRequest(OzoneManagerProtocolServerSideTranslatorPB.java:147) [ozone-manager-1.3.0-SNAPSHOT.jar:?]
	at org.apache.hadoop.ozone.protocol.proto.OzoneManagerProtocolProtos$OzoneManagerService$2.callBlockingMethod(OzoneManagerProtocolProtos.java) [ozone-interface-client-1.3.0-SNAPSHOT.jar:?]
	at org.apache.hadoop.ipc.ProtobufRpcEngine$Server.processCall(ProtobufRpcEngine.java:466) [hadoop-common-3.3.1.jar:?]
	at org.apache.hadoop.ipc.ProtobufRpcEngine2$Server$ProtoBufRpcInvoker.call(ProtobufRpcEngine2.java:574) [hadoop-common-3.3.1.jar:?]
	at org.apache.hadoop.ipc.ProtobufRpcEngine2$Server$ProtoBufRpcInvoker.call(ProtobufRpcEngine2.java:552) [hadoop-common-3.3.1.jar:?]
	at org.apache.hadoop.ipc.RPC$Server.call(RPC.java:1093) [hadoop-common-3.3.1.jar:?]
	at org.apache.hadoop.ipc.Server$RpcCall.run(Server.java:1035) [hadoop-common-3.3.1.jar:?]
	at org.apache.hadoop.ipc.Server$RpcCall.run(Server.java:963) [hadoop-common-3.3.1.jar:?]
	at java.security.AccessController.doPrivileged(Native Method) ~[?:1.8.0_332]
	at javax.security.auth.Subject.doAs(Subject.java:422) [?:1.8.0_332]
	at org.apache.hadoop.security.UserGroupInformation.doAs(UserGroupInformation.java:1878) [hadoop-common-3.3.1.jar:?]
	at org.apache.hadoop.ipc.Server$Handler.run(Server.java:2966) [hadoop-common-3.3.1.jar:?]
2022-07-27 23:16:55,074 [Time-limited test] INFO  fs.TrashPolicyDefault (TrashPolicyDefault.java:moveToTrash(188)) - Moved: '/volume59934/bucket59369/testKey2' to trash at: ofs:/volume59934/bucket59369/.Trash/runner/Current/volume59934/bucket59369/testKey2
]]></system-out>
  </testcase>
  <testcase name="testRenameToTrashEnabled" classname="TestRootedOzoneFileSystemWithFSO" time="0.218">
    <system-out><![CDATA[2022-07-27 23:17:58,770 [Time-limited test] INFO  rpc.RpcClient (RpcClient.java:createVolume(467)) - Creating Volume: volume71861, with user53185 as owner and space quota set to -1 bytes, counts quota set to -1
2022-07-27 23:17:58,774 [IPC Server handler 7 on default port 45823] INFO  volume.OMVolumeCreateRequest (OMVolumeCreateRequest.java:validateAndUpdateCache(195)) - created volume:volume71861 for user:user53185
2022-07-27 23:17:58,776 [Time-limited test] INFO  rpc.RpcClient (RpcClient.java:createBucket(670)) - Creating Bucket: volume71861/bucket92927, with bucket layout FILE_SYSTEM_OPTIMIZED, runner as owner, Versioning false, Storage Type set to DISK and Encryption set to false 
2022-07-27 23:17:58,776 [IPC Server handler 1 on default port 45823] INFO  bucket.OMBucketCreateRequest (OMBucketCreateRequest.java:validateAndUpdateCache(260)) - created bucket: bucket92927 of layout FILE_SYSTEM_OPTIMIZED in volume: volume71861
23:17:58.913 [IPC Server handler 13 on default port 45823] ERROR OMAudit - user=runner | ip=127.0.0.1 | op=GET_FILE_STATUS {volume=volume71861, bucket=bucket92927, key=.Trash/runner/Current/volume71861/bucket92927/testKey2, dataSize=0, replicationConfig=null} | ret=FAILURE
org.apache.hadoop.ozone.om.exceptions.OMException: Unable to get file status: volume: volume71861 bucket: bucket92927 key: .Trash/runner/Current/volume71861/bucket92927/testKey2
	at org.apache.hadoop.ozone.om.KeyManagerImpl.getOzoneFileStatusFSO(KeyManagerImpl.java:1376) ~[ozone-manager-1.3.0-SNAPSHOT.jar:?]
	at org.apache.hadoop.ozone.om.KeyManagerImpl.getFileStatus(KeyManagerImpl.java:1239) ~[ozone-manager-1.3.0-SNAPSHOT.jar:?]
	at org.apache.hadoop.ozone.om.OzoneManager.getFileStatus(OzoneManager.java:3467) ~[ozone-manager-1.3.0-SNAPSHOT.jar:?]
	at org.apache.hadoop.ozone.protocolPB.OzoneManagerRequestHandler.getOzoneFileStatus(OzoneManagerRequestHandler.java:878) ~[ozone-manager-1.3.0-SNAPSHOT.jar:?]
	at org.apache.hadoop.ozone.protocolPB.OzoneManagerRequestHandler.handleReadRequest(OzoneManagerRequestHandler.java:224) ~[ozone-manager-1.3.0-SNAPSHOT.jar:?]
	at org.apache.hadoop.ozone.protocolPB.OzoneManagerProtocolServerSideTranslatorPB.submitRequestDirectlyToOM(OzoneManagerProtocolServerSideTranslatorPB.java:276) ~[ozone-manager-1.3.0-SNAPSHOT.jar:?]
	at org.apache.hadoop.ozone.protocolPB.OzoneManagerProtocolServerSideTranslatorPB.processRequest(OzoneManagerProtocolServerSideTranslatorPB.java:205) ~[ozone-manager-1.3.0-SNAPSHOT.jar:?]
	at org.apache.hadoop.hdds.server.OzoneProtocolMessageDispatcher.processRequest(OzoneProtocolMessageDispatcher.java:87) [hdds-server-framework-1.3.0-SNAPSHOT.jar:?]
	at org.apache.hadoop.ozone.protocolPB.OzoneManagerProtocolServerSideTranslatorPB.submitRequest(OzoneManagerProtocolServerSideTranslatorPB.java:147) [ozone-manager-1.3.0-SNAPSHOT.jar:?]
	at org.apache.hadoop.ozone.protocol.proto.OzoneManagerProtocolProtos$OzoneManagerService$2.callBlockingMethod(OzoneManagerProtocolProtos.java) [ozone-interface-client-1.3.0-SNAPSHOT.jar:?]
	at org.apache.hadoop.ipc.ProtobufRpcEngine$Server.processCall(ProtobufRpcEngine.java:466) [hadoop-common-3.3.1.jar:?]
	at org.apache.hadoop.ipc.ProtobufRpcEngine2$Server$ProtoBufRpcInvoker.call(ProtobufRpcEngine2.java:574) [hadoop-common-3.3.1.jar:?]
	at org.apache.hadoop.ipc.ProtobufRpcEngine2$Server$ProtoBufRpcInvoker.call(ProtobufRpcEngine2.java:552) [hadoop-common-3.3.1.jar:?]
	at org.apache.hadoop.ipc.RPC$Server.call(RPC.java:1093) [hadoop-common-3.3.1.jar:?]
	at org.apache.hadoop.ipc.Server$RpcCall.run(Server.java:1035) [hadoop-common-3.3.1.jar:?]
	at org.apache.hadoop.ipc.Server$RpcCall.run(Server.java:963) [hadoop-common-3.3.1.jar:?]
	at java.security.AccessController.doPrivileged(Native Method) ~[?:1.8.0_332]
	at javax.security.auth.Subject.doAs(Subject.java:422) [?:1.8.0_332]
	at org.apache.hadoop.security.UserGroupInformation.doAs(UserGroupInformation.java:1878) [hadoop-common-3.3.1.jar:?]
	at org.apache.hadoop.ipc.Server$Handler.run(Server.java:2966) [hadoop-common-3.3.1.jar:?]
2022-07-27 23:17:58,915 [Time-limited test] INFO  fs.TrashPolicyDefault (TrashPolicyDefault.java:moveToTrash(188)) - Moved: '/volume71861/bucket92927/testKey2' to trash at: ofs:/volume71861/bucket92927/.Trash/runner/Current/volume71861/bucket92927/testKey2
]]></system-out>
  </testcase>
  <testcase name="testMkdirOnNonExistentVolumeBucketDir" classname="TestRootedOzoneFileSystemWithFSO" time="0">
    <skipped type="org.junit.AssumptionViolatedException"><![CDATA[org.junit.AssumptionViolatedException: FS Path is enabled. Skipping this test as it is not tuned for FS Path yet
	at org.junit.Assume.assumeTrue(Assume.java:68)
	at org.apache.hadoop.fs.ozone.TestRootedOzoneFileSystem.testMkdirOnNonExistentVolumeBucketDir(TestRootedOzoneFileSystem.java:421)
	at sun.reflect.NativeMethodAccessorImpl.invoke0(Native Method)
	at sun.reflect.NativeMethodAccessorImpl.invoke(NativeMethodAccessorImpl.java:62)
	at sun.reflect.DelegatingMethodAccessorImpl.invoke(DelegatingMethodAccessorImpl.java:43)
	at java.lang.reflect.Method.invoke(Method.java:498)
	at org.junit.runners.model.FrameworkMethod$1.runReflectiveCall(FrameworkMethod.java:59)
	at org.junit.internal.runners.model.ReflectiveCallable.run(ReflectiveCallable.java:12)
	at org.junit.runners.model.FrameworkMethod.invokeExplosively(FrameworkMethod.java:56)
	at org.junit.internal.runners.statements.InvokeMethod.evaluate(InvokeMethod.java:17)
	at org.junit.internal.runners.statements.RunBefores.evaluate(RunBefores.java:26)
	at org.junit.internal.runners.statements.RunAfters.evaluate(RunAfters.java:27)
	at org.junit.internal.runners.statements.FailOnTimeout$CallableStatement.call(FailOnTimeout.java:288)
	at org.junit.internal.runners.statements.FailOnTimeout$CallableStatement.call(FailOnTimeout.java:282)
	at java.util.concurrent.FutureTask.run(FutureTask.java:266)
	at java.lang.Thread.run(Thread.java:750)
]]></skipped>
    <system-out><![CDATA[2022-07-27 23:16:55,110 [Time-limited test] INFO  rpc.RpcClient (RpcClient.java:createVolume(467)) - Creating Volume: volume27350, with user73123 as owner and space quota set to -1 bytes, counts quota set to -1
2022-07-27 23:16:55,111 [OM StateMachine ApplyTransaction Thread - 0] INFO  volume.OMVolumeCreateRequest (OMVolumeCreateRequest.java:validateAndUpdateCache(195)) - created volume:volume27350 for user:user73123
2022-07-27 23:16:55,115 [Time-limited test] INFO  rpc.RpcClient (RpcClient.java:createBucket(670)) - Creating Bucket: volume27350/bucket66025, with bucket layout FILE_SYSTEM_OPTIMIZED, runner as owner, Versioning false, Storage Type set to DISK and Encryption set to false 
2022-07-27 23:16:55,116 [OM StateMachine ApplyTransaction Thread - 0] INFO  bucket.OMBucketCreateRequest (OMBucketCreateRequest.java:validateAndUpdateCache(260)) - created bucket: bucket66025 of layout FILE_SYSTEM_OPTIMIZED in volume: volume27350
]]></system-out>
  </testcase>
  <testcase name="testMkdirOnNonExistentVolumeBucketDir" classname="TestRootedOzoneFileSystemWithFSO" time="0">
    <skipped type="org.junit.AssumptionViolatedException"><![CDATA[org.junit.AssumptionViolatedException: FS Path is enabled. Skipping this test as it is not tuned for FS Path yet
	at org.junit.Assume.assumeTrue(Assume.java:68)
	at org.apache.hadoop.fs.ozone.TestRootedOzoneFileSystem.testMkdirOnNonExistentVolumeBucketDir(TestRootedOzoneFileSystem.java:421)
	at sun.reflect.NativeMethodAccessorImpl.invoke0(Native Method)
	at sun.reflect.NativeMethodAccessorImpl.invoke(NativeMethodAccessorImpl.java:62)
	at sun.reflect.DelegatingMethodAccessorImpl.invoke(DelegatingMethodAccessorImpl.java:43)
	at java.lang.reflect.Method.invoke(Method.java:498)
	at org.junit.runners.model.FrameworkMethod$1.runReflectiveCall(FrameworkMethod.java:59)
	at org.junit.internal.runners.model.ReflectiveCallable.run(ReflectiveCallable.java:12)
	at org.junit.runners.model.FrameworkMethod.invokeExplosively(FrameworkMethod.java:56)
	at org.junit.internal.runners.statements.InvokeMethod.evaluate(InvokeMethod.java:17)
	at org.junit.internal.runners.statements.RunBefores.evaluate(RunBefores.java:26)
	at org.junit.internal.runners.statements.RunAfters.evaluate(RunAfters.java:27)
	at org.junit.internal.runners.statements.FailOnTimeout$CallableStatement.call(FailOnTimeout.java:288)
	at org.junit.internal.runners.statements.FailOnTimeout$CallableStatement.call(FailOnTimeout.java:282)
	at java.util.concurrent.FutureTask.run(FutureTask.java:266)
	at java.lang.Thread.run(Thread.java:750)
]]></skipped>
    <system-out><![CDATA[2022-07-27 23:17:58,984 [Time-limited test] INFO  rpc.RpcClient (RpcClient.java:createVolume(467)) - Creating Volume: volume22276, with user38289 as owner and space quota set to -1 bytes, counts quota set to -1
2022-07-27 23:17:58,984 [IPC Server handler 0 on default port 45823] INFO  volume.OMVolumeCreateRequest (OMVolumeCreateRequest.java:validateAndUpdateCache(195)) - created volume:volume22276 for user:user38289
2022-07-27 23:17:58,985 [Time-limited test] INFO  rpc.RpcClient (RpcClient.java:createBucket(670)) - Creating Bucket: volume22276/bucket32195, with bucket layout FILE_SYSTEM_OPTIMIZED, runner as owner, Versioning false, Storage Type set to DISK and Encryption set to false 
2022-07-27 23:17:58,985 [IPC Server handler 4 on default port 45823] INFO  bucket.OMBucketCreateRequest (OMBucketCreateRequest.java:validateAndUpdateCache(260)) - created bucket: bucket32195 of layout FILE_SYSTEM_OPTIMIZED in volume: volume22276
]]></system-out>
  </testcase>
  <testcase name="testListStatusOnLargeDirectory" classname="TestRootedOzoneFileSystemWithFSO" time="5.444">
    <system-out><![CDATA[2022-07-27 23:16:55,144 [Time-limited test] INFO  rpc.RpcClient (RpcClient.java:createVolume(467)) - Creating Volume: volume41059, with user10266 as owner and space quota set to -1 bytes, counts quota set to -1
2022-07-27 23:16:55,145 [OM StateMachine ApplyTransaction Thread - 0] INFO  volume.OMVolumeCreateRequest (OMVolumeCreateRequest.java:validateAndUpdateCache(195)) - created volume:volume41059 for user:user10266
2022-07-27 23:16:55,146 [Time-limited test] INFO  rpc.RpcClient (RpcClient.java:createBucket(670)) - Creating Bucket: volume41059/bucket61876, with bucket layout FILE_SYSTEM_OPTIMIZED, runner as owner, Versioning false, Storage Type set to DISK and Encryption set to false 
2022-07-27 23:16:55,150 [OM StateMachine ApplyTransaction Thread - 0] INFO  bucket.OMBucketCreateRequest (OMBucketCreateRequest.java:validateAndUpdateCache(260)) - created bucket: bucket61876 of layout FILE_SYSTEM_OPTIMIZED in volume: volume41059
]]></system-out>
  </testcase>
  <testcase name="testListStatusOnLargeDirectory" classname="TestRootedOzoneFileSystemWithFSO" time="4.189">
    <system-out><![CDATA[2022-07-27 23:17:59,079 [Time-limited test] INFO  rpc.RpcClient (RpcClient.java:createVolume(467)) - Creating Volume: volume70285, with user90826 as owner and space quota set to -1 bytes, counts quota set to -1
2022-07-27 23:17:59,080 [IPC Server handler 4 on default port 45823] INFO  volume.OMVolumeCreateRequest (OMVolumeCreateRequest.java:validateAndUpdateCache(195)) - created volume:volume70285 for user:user90826
2022-07-27 23:17:59,082 [Time-limited test] INFO  rpc.RpcClient (RpcClient.java:createBucket(670)) - Creating Bucket: volume70285/bucket04288, with bucket layout FILE_SYSTEM_OPTIMIZED, runner as owner, Versioning false, Storage Type set to DISK and Encryption set to false 
2022-07-27 23:17:59,082 [IPC Server handler 19 on default port 45823] INFO  bucket.OMBucketCreateRequest (OMBucketCreateRequest.java:validateAndUpdateCache(260)) - created bucket: bucket04288 of layout FILE_SYSTEM_OPTIMIZED in volume: volume70285
2022-07-27 23:18:02,470 [UnderReplicatedQueueThreadThread] INFO  replication.UnderReplicatedProcessor (UnderReplicatedProcessor.java:processAll(85)) - Processed 0 under replicated containers, failed processing 0
2022-07-27 23:18:02,475 [OverReplicatedQueueThreadThread] INFO  replication.OverReplicatedProcessor (OverReplicatedProcessor.java:processAll(83)) - Processed 0 over replicated containers, failed processing 0
]]></system-out>
  </testcase>
  <testcase name="testRenameToDifferentBucket" classname="TestRootedOzoneFileSystemWithFSO" time="0.038">
    <system-out><![CDATA[2022-07-27 23:17:00,591 [Time-limited test] INFO  rpc.RpcClient (RpcClient.java:createVolume(467)) - Creating Volume: volume51961, with user04240 as owner and space quota set to -1 bytes, counts quota set to -1
2022-07-27 23:17:00,593 [OM StateMachine ApplyTransaction Thread - 0] INFO  volume.OMVolumeCreateRequest (OMVolumeCreateRequest.java:validateAndUpdateCache(195)) - created volume:volume51961 for user:user04240
2022-07-27 23:17:00,594 [Time-limited test] INFO  rpc.RpcClient (RpcClient.java:createBucket(670)) - Creating Bucket: volume51961/bucket68777, with bucket layout FILE_SYSTEM_OPTIMIZED, runner as owner, Versioning false, Storage Type set to DISK and Encryption set to false 
2022-07-27 23:17:00,595 [OM StateMachine ApplyTransaction Thread - 0] INFO  bucket.OMBucketCreateRequest (OMBucketCreateRequest.java:validateAndUpdateCache(260)) - created bucket: bucket68777 of layout FILE_SYSTEM_OPTIMIZED in volume: volume51961
]]></system-out>
  </testcase>
  <testcase name="testRenameToDifferentBucket" classname="TestRootedOzoneFileSystemWithFSO" time="0.117">
    <system-out><![CDATA[2022-07-27 23:18:03,298 [Time-limited test] INFO  rpc.RpcClient (RpcClient.java:createVolume(467)) - Creating Volume: volume61959, with user06339 as owner and space quota set to -1 bytes, counts quota set to -1
2022-07-27 23:18:03,302 [IPC Server handler 0 on default port 45823] INFO  volume.OMVolumeCreateRequest (OMVolumeCreateRequest.java:validateAndUpdateCache(195)) - created volume:volume61959 for user:user06339
2022-07-27 23:18:03,303 [Time-limited test] INFO  rpc.RpcClient (RpcClient.java:createBucket(670)) - Creating Bucket: volume61959/bucket64225, with bucket layout FILE_SYSTEM_OPTIMIZED, runner as owner, Versioning false, Storage Type set to DISK and Encryption set to false 
2022-07-27 23:18:03,303 [IPC Server handler 4 on default port 45823] INFO  bucket.OMBucketCreateRequest (OMBucketCreateRequest.java:validateAndUpdateCache(260)) - created bucket: bucket64225 of layout FILE_SYSTEM_OPTIMIZED in volume: volume61959
]]></system-out>
  </testcase>
  <testcase name="testBucketDefaultsShouldBeInheritedToFileForEC" classname="TestRootedOzoneFileSystemWithFSO" time="0.479">
    <system-out><![CDATA[2022-07-27 23:17:00,629 [Time-limited test] INFO  rpc.RpcClient (RpcClient.java:createVolume(467)) - Creating Volume: volume09508, with user78903 as owner and space quota set to -1 bytes, counts quota set to -1
2022-07-27 23:17:00,630 [OM StateMachine ApplyTransaction Thread - 0] INFO  volume.OMVolumeCreateRequest (OMVolumeCreateRequest.java:validateAndUpdateCache(195)) - created volume:volume09508 for user:user78903
2022-07-27 23:17:00,632 [Time-limited test] INFO  rpc.RpcClient (RpcClient.java:createBucket(670)) - Creating Bucket: volume09508/bucket55944, with bucket layout FILE_SYSTEM_OPTIMIZED, runner as owner, Versioning false, Storage Type set to DISK and Encryption set to false 
2022-07-27 23:17:00,633 [OM StateMachine ApplyTransaction Thread - 0] INFO  bucket.OMBucketCreateRequest (OMBucketCreateRequest.java:validateAndUpdateCache(260)) - created bucket: bucket55944 of layout FILE_SYSTEM_OPTIMIZED in volume: volume09508
2022-07-27 23:17:00,648 [Time-limited test] INFO  rpc.RpcClient (RpcClient.java:createVolume(467)) - Creating Volume: e0af7ad5-6069-489d-a501-877e654ad0a1, with user88449 as owner and space quota set to -1 bytes, counts quota set to -1
2022-07-27 23:17:00,649 [OM StateMachine ApplyTransaction Thread - 0] INFO  volume.OMVolumeCreateRequest (OMVolumeCreateRequest.java:validateAndUpdateCache(195)) - created volume:e0af7ad5-6069-489d-a501-877e654ad0a1 for user:user88449
2022-07-27 23:17:00,651 [Time-limited test] INFO  rpc.RpcClient (RpcClient.java:createBucket(670)) - Creating Bucket: e0af7ad5-6069-489d-a501-877e654ad0a1/4109321b-d486-4c2a-8c92-86988b5042fe, with bucket layout LEGACY, runner as owner, Versioning false, Storage Type set to DISK and Encryption set to false 
2022-07-27 23:17:00,655 [OM StateMachine ApplyTransaction Thread - 0] INFO  bucket.OMBucketCreateRequest (OMBucketCreateRequest.java:validateAndUpdateCache(260)) - created bucket: 4109321b-d486-4c2a-8c92-86988b5042fe of layout LEGACY in volume: e0af7ad5-6069-489d-a501-877e654ad0a1
2022-07-27 23:17:00,660 [IPC Server handler 19 on default port 39031] INFO  pipeline.PipelineStateManagerImpl (PipelineStateManagerImpl.java:addPipeline(103)) - Created pipeline Pipeline[ Id: 27c9031d-cef6-465c-b203-3e61952d2638, Nodes: d7b59a12-ffae-4927-b8fa-810822d92135{ip: 10.1.0.23, host: fv-az129-30.sikifmtxjocetiwdfcy5r2sqla.phxx.internal.cloudapp.net, ports: [REPLICATION=34571, RATIS=37019, RATIS_ADMIN=37019, RATIS_SERVER=37019, STANDALONE=40245], networkLocation: /default-rack, certSerialId: null, persistedOpState: null, persistedOpStateExpiryEpochSec: 0}2699f4c4-fa0c-4eec-a794-d1f1be832e07{ip: 10.1.0.23, host: fv-az129-30.sikifmtxjocetiwdfcy5r2sqla.phxx.internal.cloudapp.net, ports: [REPLICATION=33801, RATIS=42117, RATIS_ADMIN=42117, RATIS_SERVER=42117, STANDALONE=43785], networkLocation: /default-rack, certSerialId: null, persistedOpState: null, persistedOpStateExpiryEpochSec: 0}d4d12f57-f56f-4c9c-ab62-903c4e3b8a60{ip: 10.1.0.23, host: fv-az129-30.sikifmtxjocetiwdfcy5r2sqla.phxx.internal.cloudapp.net, ports: [REPLICATION=44987, RATIS=42455, RATIS_ADMIN=42455, RATIS_SERVER=42455, STANDALONE=43405], networkLocation: /default-rack, certSerialId: null, persistedOpState: null, persistedOpStateExpiryEpochSec: 0}4b6bcd3b-d6b3-4446-abce-c99d7a2dec67{ip: 10.1.0.23, host: fv-az129-30.sikifmtxjocetiwdfcy5r2sqla.phxx.internal.cloudapp.net, ports: [REPLICATION=34035, RATIS=34935, RATIS_ADMIN=34935, RATIS_SERVER=34935, STANDALONE=38471], networkLocation: /default-rack, certSerialId: null, persistedOpState: null, persistedOpStateExpiryEpochSec: 0}8af6e6d9-b6c9-4f99-9118-f3886685fdcb{ip: 10.1.0.23, host: fv-az129-30.sikifmtxjocetiwdfcy5r2sqla.phxx.internal.cloudapp.net, ports: [REPLICATION=44737, RATIS=34069, RATIS_ADMIN=34069, RATIS_SERVER=34069, STANDALONE=42439], networkLocation: /default-rack, certSerialId: null, persistedOpState: null, persistedOpStateExpiryEpochSec: 0}, ReplicationConfig: EC/ECReplicationConfig{data=3, parity=2, ecChunkSize=1024, codec=rs}, State:ALLOCATED, leaderId:, CreationTimestamp2022-07-27T23:17:00.660Z[Etc/UTC]].
2022-07-27 23:17:00,661 [IPC Server handler 19 on default port 39031] INFO  pipeline.PipelineManagerImpl (PipelineManagerImpl.java:openPipeline(367)) - Pipeline Pipeline[ Id: 27c9031d-cef6-465c-b203-3e61952d2638, Nodes: d7b59a12-ffae-4927-b8fa-810822d92135{ip: 10.1.0.23, host: fv-az129-30.sikifmtxjocetiwdfcy5r2sqla.phxx.internal.cloudapp.net, ports: [REPLICATION=34571, RATIS=37019, RATIS_ADMIN=37019, RATIS_SERVER=37019, STANDALONE=40245], networkLocation: /default-rack, certSerialId: null, persistedOpState: null, persistedOpStateExpiryEpochSec: 0}2699f4c4-fa0c-4eec-a794-d1f1be832e07{ip: 10.1.0.23, host: fv-az129-30.sikifmtxjocetiwdfcy5r2sqla.phxx.internal.cloudapp.net, ports: [REPLICATION=33801, RATIS=42117, RATIS_ADMIN=42117, RATIS_SERVER=42117, STANDALONE=43785], networkLocation: /default-rack, certSerialId: null, persistedOpState: null, persistedOpStateExpiryEpochSec: 0}d4d12f57-f56f-4c9c-ab62-903c4e3b8a60{ip: 10.1.0.23, host: fv-az129-30.sikifmtxjocetiwdfcy5r2sqla.phxx.internal.cloudapp.net, ports: [REPLICATION=44987, RATIS=42455, RATIS_ADMIN=42455, RATIS_SERVER=42455, STANDALONE=43405], networkLocation: /default-rack, certSerialId: null, persistedOpState: null, persistedOpStateExpiryEpochSec: 0}4b6bcd3b-d6b3-4446-abce-c99d7a2dec67{ip: 10.1.0.23, host: fv-az129-30.sikifmtxjocetiwdfcy5r2sqla.phxx.internal.cloudapp.net, ports: [REPLICATION=34035, RATIS=34935, RATIS_ADMIN=34935, RATIS_SERVER=34935, STANDALONE=38471], networkLocation: /default-rack, certSerialId: null, persistedOpState: null, persistedOpStateExpiryEpochSec: 0}8af6e6d9-b6c9-4f99-9118-f3886685fdcb{ip: 10.1.0.23, host: fv-az129-30.sikifmtxjocetiwdfcy5r2sqla.phxx.internal.cloudapp.net, ports: [REPLICATION=44737, RATIS=34069, RATIS_ADMIN=34069, RATIS_SERVER=34069, STANDALONE=42439], networkLocation: /default-rack, certSerialId: null, persistedOpState: null, persistedOpStateExpiryEpochSec: 0}, ReplicationConfig: EC/ECReplicationConfig{data=3, parity=2, ecChunkSize=1024, codec=rs}, State:ALLOCATED, leaderId:, CreationTimestamp2022-07-27T23:17:00.660Z[Etc/UTC]] moved to OPEN state
2022-07-27 23:17:00,699 [Time-limited test] WARN  erasurecode.ErasureCodeNative (ErasureCodeNative.java:<clinit>(55)) - ISA-L support is not available in your platform... using builtin-java codec where applicable
]]></system-out>
  </testcase>
  <testcase name="testBucketDefaultsShouldBeInheritedToFileForEC" classname="TestRootedOzoneFileSystemWithFSO" time="0.55">
    <system-out><![CDATA[2022-07-27 23:18:03,372 [Time-limited test] INFO  rpc.RpcClient (RpcClient.java:createVolume(467)) - Creating Volume: volume00655, with user54807 as owner and space quota set to -1 bytes, counts quota set to -1
2022-07-27 23:18:03,372 [IPC Server handler 1 on default port 45823] INFO  volume.OMVolumeCreateRequest (OMVolumeCreateRequest.java:validateAndUpdateCache(195)) - created volume:volume00655 for user:user54807
2022-07-27 23:18:03,374 [Time-limited test] INFO  rpc.RpcClient (RpcClient.java:createBucket(670)) - Creating Bucket: volume00655/bucket25349, with bucket layout FILE_SYSTEM_OPTIMIZED, runner as owner, Versioning false, Storage Type set to DISK and Encryption set to false 
2022-07-27 23:18:03,374 [IPC Server handler 0 on default port 45823] INFO  bucket.OMBucketCreateRequest (OMBucketCreateRequest.java:validateAndUpdateCache(260)) - created bucket: bucket25349 of layout FILE_SYSTEM_OPTIMIZED in volume: volume00655
2022-07-27 23:18:03,427 [Time-limited test] INFO  rpc.RpcClient (RpcClient.java:createVolume(467)) - Creating Volume: d168494c-dc7d-49e3-8d2f-99a44d9f59fb, with user57736 as owner and space quota set to -1 bytes, counts quota set to -1
2022-07-27 23:18:03,428 [IPC Server handler 5 on default port 45823] INFO  volume.OMVolumeCreateRequest (OMVolumeCreateRequest.java:validateAndUpdateCache(195)) - created volume:d168494c-dc7d-49e3-8d2f-99a44d9f59fb for user:user57736
2022-07-27 23:18:03,429 [Time-limited test] INFO  rpc.RpcClient (RpcClient.java:createBucket(670)) - Creating Bucket: d168494c-dc7d-49e3-8d2f-99a44d9f59fb/9fd324e2-781c-47f1-83d9-e21879ca159f, with bucket layout LEGACY, runner as owner, Versioning false, Storage Type set to DISK and Encryption set to false 
2022-07-27 23:18:03,430 [IPC Server handler 18 on default port 45823] INFO  bucket.OMBucketCreateRequest (OMBucketCreateRequest.java:validateAndUpdateCache(260)) - created bucket: 9fd324e2-781c-47f1-83d9-e21879ca159f of layout LEGACY in volume: d168494c-dc7d-49e3-8d2f-99a44d9f59fb
2022-07-27 23:18:03,432 [IPC Server handler 7 on default port 38277] INFO  pipeline.PipelineStateManagerImpl (PipelineStateManagerImpl.java:addPipeline(103)) - Created pipeline Pipeline[ Id: 3c668183-6f71-45bc-8878-389dde91b300, Nodes: 2c19a24b-4032-4d82-8983-88a3c220b1d4{ip: 10.1.0.23, host: fv-az129-30.sikifmtxjocetiwdfcy5r2sqla.phxx.internal.cloudapp.net, ports: [REPLICATION=37767, RATIS=43989, RATIS_ADMIN=43989, RATIS_SERVER=43989, STANDALONE=40205], networkLocation: /default-rack, certSerialId: null, persistedOpState: null, persistedOpStateExpiryEpochSec: 0}e23c561c-75fb-4f96-9524-9cc753fb152e{ip: 10.1.0.23, host: fv-az129-30.sikifmtxjocetiwdfcy5r2sqla.phxx.internal.cloudapp.net, ports: [REPLICATION=39001, RATIS=39095, RATIS_ADMIN=39095, RATIS_SERVER=39095, STANDALONE=33701], networkLocation: /default-rack, certSerialId: null, persistedOpState: null, persistedOpStateExpiryEpochSec: 0}16ceedc4-931d-4fd2-b8d8-69fb0f01a3b0{ip: 10.1.0.23, host: fv-az129-30.sikifmtxjocetiwdfcy5r2sqla.phxx.internal.cloudapp.net, ports: [REPLICATION=34429, RATIS=39521, RATIS_ADMIN=39521, RATIS_SERVER=39521, STANDALONE=41995], networkLocation: /default-rack, certSerialId: null, persistedOpState: null, persistedOpStateExpiryEpochSec: 0}0e2a075e-53a8-462d-8f4f-c98e11d6e8a9{ip: 10.1.0.23, host: fv-az129-30.sikifmtxjocetiwdfcy5r2sqla.phxx.internal.cloudapp.net, ports: [REPLICATION=44923, RATIS=38473, RATIS_ADMIN=38473, RATIS_SERVER=38473, STANDALONE=43861], networkLocation: /default-rack, certSerialId: null, persistedOpState: null, persistedOpStateExpiryEpochSec: 0}f22def52-3ff3-45a1-9b56-9fd420a51670{ip: 10.1.0.23, host: fv-az129-30.sikifmtxjocetiwdfcy5r2sqla.phxx.internal.cloudapp.net, ports: [REPLICATION=45819, RATIS=37919, RATIS_ADMIN=37919, RATIS_SERVER=37919, STANDALONE=38495], networkLocation: /default-rack, certSerialId: null, persistedOpState: null, persistedOpStateExpiryEpochSec: 0}, ReplicationConfig: EC/ECReplicationConfig{data=3, parity=2, ecChunkSize=1024, codec=rs}, State:ALLOCATED, leaderId:, CreationTimestamp2022-07-27T23:18:03.431Z[Etc/UTC]].
2022-07-27 23:18:03,433 [IPC Server handler 7 on default port 38277] INFO  pipeline.PipelineManagerImpl (PipelineManagerImpl.java:openPipeline(367)) - Pipeline Pipeline[ Id: 3c668183-6f71-45bc-8878-389dde91b300, Nodes: 2c19a24b-4032-4d82-8983-88a3c220b1d4{ip: 10.1.0.23, host: fv-az129-30.sikifmtxjocetiwdfcy5r2sqla.phxx.internal.cloudapp.net, ports: [REPLICATION=37767, RATIS=43989, RATIS_ADMIN=43989, RATIS_SERVER=43989, STANDALONE=40205], networkLocation: /default-rack, certSerialId: null, persistedOpState: null, persistedOpStateExpiryEpochSec: 0}e23c561c-75fb-4f96-9524-9cc753fb152e{ip: 10.1.0.23, host: fv-az129-30.sikifmtxjocetiwdfcy5r2sqla.phxx.internal.cloudapp.net, ports: [REPLICATION=39001, RATIS=39095, RATIS_ADMIN=39095, RATIS_SERVER=39095, STANDALONE=33701], networkLocation: /default-rack, certSerialId: null, persistedOpState: null, persistedOpStateExpiryEpochSec: 0}16ceedc4-931d-4fd2-b8d8-69fb0f01a3b0{ip: 10.1.0.23, host: fv-az129-30.sikifmtxjocetiwdfcy5r2sqla.phxx.internal.cloudapp.net, ports: [REPLICATION=34429, RATIS=39521, RATIS_ADMIN=39521, RATIS_SERVER=39521, STANDALONE=41995], networkLocation: /default-rack, certSerialId: null, persistedOpState: null, persistedOpStateExpiryEpochSec: 0}0e2a075e-53a8-462d-8f4f-c98e11d6e8a9{ip: 10.1.0.23, host: fv-az129-30.sikifmtxjocetiwdfcy5r2sqla.phxx.internal.cloudapp.net, ports: [REPLICATION=44923, RATIS=38473, RATIS_ADMIN=38473, RATIS_SERVER=38473, STANDALONE=43861], networkLocation: /default-rack, certSerialId: null, persistedOpState: null, persistedOpStateExpiryEpochSec: 0}f22def52-3ff3-45a1-9b56-9fd420a51670{ip: 10.1.0.23, host: fv-az129-30.sikifmtxjocetiwdfcy5r2sqla.phxx.internal.cloudapp.net, ports: [REPLICATION=45819, RATIS=37919, RATIS_ADMIN=37919, RATIS_SERVER=37919, STANDALONE=38495], networkLocation: /default-rack, certSerialId: null, persistedOpState: null, persistedOpStateExpiryEpochSec: 0}, ReplicationConfig: EC/ECReplicationConfig{data=3, parity=2, ecChunkSize=1024, codec=rs}, State:ALLOCATED, leaderId:, CreationTimestamp2022-07-27T23:18:03.431Z[Etc/UTC]] moved to OPEN state
]]></system-out>
  </testcase>
  <testcase name="testListStatusInBucket" classname="TestRootedOzoneFileSystemWithFSO" time="0.053">
    <system-out><![CDATA[2022-07-27 23:17:01,118 [Time-limited test] INFO  rpc.RpcClient (RpcClient.java:createVolume(467)) - Creating Volume: volume01366, with user42300 as owner and space quota set to -1 bytes, counts quota set to -1
2022-07-27 23:17:01,119 [OM StateMachine ApplyTransaction Thread - 0] INFO  volume.OMVolumeCreateRequest (OMVolumeCreateRequest.java:validateAndUpdateCache(195)) - created volume:volume01366 for user:user42300
2022-07-27 23:17:01,119 [Time-limited test] INFO  rpc.RpcClient (RpcClient.java:createBucket(670)) - Creating Bucket: volume01366/bucket51309, with bucket layout FILE_SYSTEM_OPTIMIZED, runner as owner, Versioning false, Storage Type set to DISK and Encryption set to false 
2022-07-27 23:17:01,120 [OM StateMachine ApplyTransaction Thread - 0] INFO  bucket.OMBucketCreateRequest (OMBucketCreateRequest.java:validateAndUpdateCache(260)) - created bucket: bucket51309 of layout FILE_SYSTEM_OPTIMIZED in volume: volume01366
]]></system-out>
  </testcase>
  <testcase name="testListStatusInBucket" classname="TestRootedOzoneFileSystemWithFSO" time="0.108">
    <system-out><![CDATA[2022-07-27 23:18:03,955 [Time-limited test] INFO  rpc.RpcClient (RpcClient.java:createVolume(467)) - Creating Volume: volume68119, with user75699 as owner and space quota set to -1 bytes, counts quota set to -1
2022-07-27 23:18:03,956 [IPC Server handler 13 on default port 45823] INFO  volume.OMVolumeCreateRequest (OMVolumeCreateRequest.java:validateAndUpdateCache(195)) - created volume:volume68119 for user:user75699
2022-07-27 23:18:03,957 [Time-limited test] INFO  rpc.RpcClient (RpcClient.java:createBucket(670)) - Creating Bucket: volume68119/bucket14710, with bucket layout FILE_SYSTEM_OPTIMIZED, runner as owner, Versioning false, Storage Type set to DISK and Encryption set to false 
2022-07-27 23:18:03,957 [IPC Server handler 11 on default port 45823] INFO  bucket.OMBucketCreateRequest (OMBucketCreateRequest.java:validateAndUpdateCache(260)) - created bucket: bucket14710 of layout FILE_SYSTEM_OPTIMIZED in volume: volume68119
]]></system-out>
  </testcase>
  <testcase name="testRenameFileToDir" classname="TestRootedOzoneFileSystemWithFSO" time="0.049">
    <system-out><![CDATA[2022-07-27 23:17:01,168 [Time-limited test] INFO  rpc.RpcClient (RpcClient.java:createVolume(467)) - Creating Volume: volume86885, with user89729 as owner and space quota set to -1 bytes, counts quota set to -1
2022-07-27 23:17:01,169 [OM StateMachine ApplyTransaction Thread - 0] INFO  volume.OMVolumeCreateRequest (OMVolumeCreateRequest.java:validateAndUpdateCache(195)) - created volume:volume86885 for user:user89729
2022-07-27 23:17:01,170 [Time-limited test] INFO  rpc.RpcClient (RpcClient.java:createBucket(670)) - Creating Bucket: volume86885/bucket95536, with bucket layout FILE_SYSTEM_OPTIMIZED, runner as owner, Versioning false, Storage Type set to DISK and Encryption set to false 
2022-07-27 23:17:01,171 [OM StateMachine ApplyTransaction Thread - 0] INFO  bucket.OMBucketCreateRequest (OMBucketCreateRequest.java:validateAndUpdateCache(260)) - created bucket: bucket95536 of layout FILE_SYSTEM_OPTIMIZED in volume: volume86885
]]></system-out>
  </testcase>
  <testcase name="testRenameFileToDir" classname="TestRootedOzoneFileSystemWithFSO" time="0.112">
    <system-out><![CDATA[2022-07-27 23:18:04,062 [Time-limited test] INFO  rpc.RpcClient (RpcClient.java:createVolume(467)) - Creating Volume: volume91820, with user24268 as owner and space quota set to -1 bytes, counts quota set to -1
2022-07-27 23:18:04,066 [IPC Server handler 15 on default port 45823] INFO  volume.OMVolumeCreateRequest (OMVolumeCreateRequest.java:validateAndUpdateCache(195)) - created volume:volume91820 for user:user24268
2022-07-27 23:18:04,067 [Time-limited test] INFO  rpc.RpcClient (RpcClient.java:createBucket(670)) - Creating Bucket: volume91820/bucket49217, with bucket layout FILE_SYSTEM_OPTIMIZED, runner as owner, Versioning false, Storage Type set to DISK and Encryption set to false 
2022-07-27 23:18:04,067 [IPC Server handler 13 on default port 45823] INFO  bucket.OMBucketCreateRequest (OMBucketCreateRequest.java:validateAndUpdateCache(260)) - created bucket: bucket49217 of layout FILE_SYSTEM_OPTIMIZED in volume: volume91820
]]></system-out>
  </testcase>
</testsuite>