<?xml version="1.0" encoding="UTF-8"?>
<testsuite xmlns:xsi="http://www.w3.org/2001/XMLSchema-instance" xsi:noNamespaceSchemaLocation="https://maven.apache.org/surefire/maven-surefire-plugin/xsd/surefire-test-report-3.0.xsd" version="3.0" name="org.apache.hadoop.fs.ozone.TestOzoneFileSystem" time="285.786" tests="136" errors="0" skipped="0" failures="1">
  <properties>
    <property name="awt.toolkit" value="sun.awt.X11.XToolkit"/>
    <property name="file.encoding.pkg" value="sun.io"/>
    <property name="java.specification.version" value="1.8"/>
    <property name="sun.cpu.isalist" value=""/>
    <property name="sun.jnu.encoding" value="UTF-8"/>
    <property name="java.class.path" value="/home/runner/work/ozone/ozone/hadoop-ozone/integration-test/target/test-classes:/home/runner/work/ozone/ozone/hadoop-ozone/integration-test/target/classes:/home/runner/.m2/repository/org/apache/ozone/ozone-common/1.3.0-SNAPSHOT/ozone-common-1.3.0-SNAPSHOT.jar:/home/runner/.m2/repository/io/grpc/grpc-netty/1.44.0/grpc-netty-1.44.0.jar:/home/runner/.m2/repository/io/grpc/grpc-core/1.44.0/grpc-core-1.44.0.jar:/home/runner/.m2/repository/com/google/android/annotations/4.1.1.4/annotations-4.1.1.4.jar:/home/runner/.m2/repository/org/codehaus/mojo/animal-sniffer-annotations/1.19/animal-sniffer-annotations-1.19.jar:/home/runner/.m2/repository/com/google/errorprone/error_prone_annotations/2.2.0/error_prone_annotations-2.2.0.jar:/home/runner/.m2/repository/io/perfmark/perfmark-api/0.23.0/perfmark-api-0.23.0.jar:/home/runner/.m2/repository/io/netty/netty-codec-http2/4.1.74.Final/netty-codec-http2-4.1.74.Final.jar:/home/runner/.m2/repository/io/netty/netty-common/4.1.74.Final/netty-common-4.1.74.Final.jar:/home/runner/.m2/repository/io/netty/netty-buffer/4.1.74.Final/netty-buffer-4.1.74.Final.jar:/home/runner/.m2/repository/io/netty/netty-codec-http/4.1.74.Final/netty-codec-http-4.1.74.Final.jar:/home/runner/.m2/repository/io/netty/netty-handler-proxy/4.1.74.Final/netty-handler-proxy-4.1.74.Final.jar:/home/runner/.m2/repository/io/netty/netty-codec-socks/4.1.74.Final/netty-codec-socks-4.1.74.Final.jar:/home/runner/.m2/repository/io/netty/netty-tcnative-boringssl-static/2.0.48.Final/netty-tcnative-boringssl-static-2.0.48.Final.jar:/home/runner/.m2/repository/io/netty/netty-tcnative-classes/2.0.48.Final/netty-tcnative-classes-2.0.48.Final.jar:/home/runner/.m2/repository/io/netty/netty-tcnative/2.0.48.Final/netty-tcnative-2.0.48.Final.jar:/home/runner/.m2/repository/org/apache/commons/commons-compress/1.21/commons-compress-1.21.jar:/home/runner/.m2/repository/org/apache/ozone/hdds-common/1.3.0-SNAPSHOT/hdds-common-1.3.0-SNAPSHOT.jar:/home/runner/.m2/repository/org/apache/ozone/hdds-client/1.3.0-SNAPSHOT/hdds-client-1.3.0-SNAPSHOT.jar:/home/runner/.m2/repository/org/apache/ozone/ozone-interface-client/1.3.0-SNAPSHOT/ozone-interface-client-1.3.0-SNAPSHOT.jar:/home/runner/.m2/repository/org/apache/ozone/hdds-test-utils/1.3.0-SNAPSHOT/hdds-test-utils-1.3.0-SNAPSHOT.jar:/home/runner/.m2/repository/com/google/guava/guava/31.1-jre/guava-31.1-jre.jar:/home/runner/.m2/repository/com/google/guava/failureaccess/1.0.1/failureaccess-1.0.1.jar:/home/runner/.m2/repository/com/google/guava/listenablefuture/9999.0-empty-to-avoid-conflict-with-guava/listenablefuture-9999.0-empty-to-avoid-conflict-with-guava.jar:/home/runner/.m2/repository/com/google/code/findbugs/jsr305/3.0.0/jsr305-3.0.0.jar:/home/runner/.m2/repository/org/checkerframework/checker-qual/3.12.0/checker-qual-3.12.0.jar:/home/runner/.m2/repository/com/google/j2objc/j2objc-annotations/1.3/j2objc-annotations-1.3.jar:/home/runner/.m2/repository/commons-io/commons-io/2.11.0/commons-io-2.11.0.jar:/home/runner/.m2/repository/commons-logging/commons-logging/1.2/commons-logging-1.2.jar:/home/runner/.m2/repository/log4j/log4j/1.2.17/log4j-1.2.17.jar:/home/runner/.m2/repository/org/slf4j/slf4j-api/1.7.30/slf4j-api-1.7.30.jar:/home/runner/.m2/repository/org/apache/ozone/hdds-server-scm/1.3.0-SNAPSHOT/hdds-server-scm-1.3.0-SNAPSHOT.jar:/home/runner/.m2/repository/org/apache/ozone/hdds-container-service/1.3.0-SNAPSHOT/hdds-container-service-1.3.0-SNAPSHOT.jar:/home/runner/.m2/repository/org/apache/ozone/hdds-hadoop-dependency-server/1.3.0-SNAPSHOT/hdds-hadoop-dependency-server-1.3.0-SNAPSHOT.jar:/home/runner/.m2/repository/org/apache/hadoop/hadoop-hdfs/3.3.1/hadoop-hdfs-3.3.1.jar:/home/runner/.m2/repository/org/apache/ozone/hdds-server-framework/1.3.0-SNAPSHOT/hdds-server-framework-1.3.0-SNAPSHOT.jar:/home/runner/.m2/repository/org/apache/ozone/hdds-interface-server/1.3.0-SNAPSHOT/hdds-interface-server-1.3.0-SNAPSHOT.jar:/home/runner/.m2/repository/org/apache/logging/log4j/log4j-core/2.17.1/log4j-core-2.17.1.jar:/home/runner/.m2/repository/com/lmax/disruptor/3.4.2/disruptor-3.4.2.jar:/home/runner/.m2/repository/org/eclipse/jetty/jetty-servlet/9.4.43.v20210629/jetty-servlet-9.4.43.v20210629.jar:/home/runner/.m2/repository/org/eclipse/jetty/jetty-security/9.4.43.v20210629/jetty-security-9.4.43.v20210629.jar:/home/runner/.m2/repository/org/rocksdb/rocksdbjni/6.29.5/rocksdbjni-6.29.5.jar:/home/runner/.m2/repository/io/prometheus/simpleclient_dropwizard/0.7.0/simpleclient_dropwizard-0.7.0.jar:/home/runner/.m2/repository/io/prometheus/simpleclient/0.7.0/simpleclient-0.7.0.jar:/home/runner/.m2/repository/io/prometheus/simpleclient_common/0.7.0/simpleclient_common-0.7.0.jar:/home/runner/.m2/repository/io/dropwizard/metrics/metrics-core/3.2.4/metrics-core-3.2.4.jar:/home/runner/.m2/repository/org/apache/hadoop/hadoop-hdfs-client/3.3.1/hadoop-hdfs-client-3.3.1.jar:/home/runner/.m2/repository/org/bouncycastle/bcprov-jdk15on/1.67/bcprov-jdk15on-1.67.jar:/home/runner/.m2/repository/com/google/protobuf/protobuf-java/2.5.0/protobuf-java-2.5.0.jar:/home/runner/.m2/repository/org/apache/ozone/ozone-manager/1.3.0-SNAPSHOT/ozone-manager-1.3.0-SNAPSHOT.jar:/home/runner/.m2/repository/org/aspectj/aspectjrt/1.9.7/aspectjrt-1.9.7.jar:/home/runner/.m2/repository/org/aspectj/aspectjweaver/1.9.7/aspectjweaver-1.9.7.jar:/home/runner/.m2/repository/org/apache/ozone/hdds-interface-client/1.3.0-SNAPSHOT/hdds-interface-client-1.3.0-SNAPSHOT.jar:/home/runner/.m2/repository/org/apache/hadoop/thirdparty/hadoop-shaded-protobuf_3_7/1.1.1/hadoop-shaded-protobuf_3_7-1.1.1.jar:/home/runner/.m2/repository/org/apache/ozone/ozone-interface-storage/1.3.0-SNAPSHOT/ozone-interface-storage-1.3.0-SNAPSHOT.jar:/home/runner/.m2/repository/org/reflections/reflections/0.9.11/reflections-0.9.11.jar:/home/runner/.m2/repository/com/sun/jersey/jersey-client/1.19/jersey-client-1.19.jar:/home/runner/.m2/repository/org/apache/ranger/ranger-intg/3.0.0-SNAPSHOT/ranger-intg-3.0.0-SNAPSHOT.jar:/home/runner/.m2/repository/org/apache/ranger/ranger-plugins-common/3.0.0-SNAPSHOT/ranger-plugins-common-3.0.0-SNAPSHOT.jar:/home/runner/.m2/repository/commons-lang/commons-lang/2.6/commons-lang-2.6.jar:/home/runner/.m2/repository/org/codehaus/jackson/jackson-jaxrs/1.9.13/jackson-jaxrs-1.9.13.jar:/home/runner/.m2/repository/org/apache/ranger/ranger-plugins-cred/3.0.0-SNAPSHOT/ranger-plugins-cred-3.0.0-SNAPSHOT.jar:/home/runner/.m2/repository/org/apache/ranger/ranger-plugins-audit/3.0.0-SNAPSHOT/ranger-plugins-audit-3.0.0-SNAPSHOT.jar:/home/runner/.m2/repository/org/apache/kafka/kafka-clients/2.8.1/kafka-clients-2.8.1.jar:/home/runner/.m2/repository/com/github/luben/zstd-jni/1.4.9-1/zstd-jni-1.4.9-1.jar:/home/runner/.m2/repository/org/apache/solr/solr-solrj/8.6.3/solr-solrj-8.6.3.jar:/home/runner/.m2/repository/org/eclipse/jetty/jetty-client/9.4.44.v20210927/jetty-client-9.4.44.v20210927.jar:/home/runner/.m2/repository/org/apache/httpcomponents/httpmime/4.5.13/httpmime-4.5.13.jar:/home/runner/.m2/repository/org/apache/httpcomponents/httpcore-nio/4.4.14/httpcore-nio-4.4.14.jar:/home/runner/.m2/repository/org/apache/httpcomponents/httpasyncclient/4.1.4/httpasyncclient-4.1.4.jar:/home/runner/.m2/repository/com/carrotsearch/hppc/0.8.0/hppc-0.8.0.jar:/home/runner/.m2/repository/org/apache/hive/hive-storage-api/2.7.2/hive-storage-api-2.7.2.jar:/home/runner/.m2/repository/org/apache/orc/orc-core/1.5.8/orc-core-1.5.8.jar:/home/runner/.m2/repository/com/amazonaws/aws-java-sdk-bundle/1.12.125/aws-java-sdk-bundle-1.12.125.jar:/home/runner/.m2/repository/net/java/dev/jna/jna/5.2.0/jna-5.2.0.jar:/home/runner/.m2/repository/net/java/dev/jna/jna-platform/5.2.0/jna-platform-5.2.0.jar:/home/runner/.m2/repository/com/kstruct/gethostname4j/0.0.2/gethostname4j-0.0.2.jar:/home/runner/.m2/repository/org/apache/ranger/ranger-plugin-classloader/3.0.0-SNAPSHOT/ranger-plugin-classloader-3.0.0-SNAPSHOT.jar:/home/runner/.m2/repository/org/apache/hadoop/hadoop-minikdc/3.3.1/hadoop-minikdc-3.3.1.jar:/home/runner/.m2/repository/org/apache/kerby/kerb-simplekdc/1.0.1/kerb-simplekdc-1.0.1.jar:/home/runner/.m2/repository/org/apache/kerby/kerb-client/1.0.1/kerb-client-1.0.1.jar:/home/runner/.m2/repository/org/apache/kerby/kerby-config/1.0.1/kerby-config-1.0.1.jar:/home/runner/.m2/repository/org/apache/kerby/kerb-common/1.0.1/kerb-common-1.0.1.jar:/home/runner/.m2/repository/org/apache/kerby/kerb-crypto/1.0.1/kerb-crypto-1.0.1.jar:/home/runner/.m2/repository/org/apache/kerby/kerb-util/1.0.1/kerb-util-1.0.1.jar:/home/runner/.m2/repository/org/apache/kerby/token-provider/1.0.1/token-provider-1.0.1.jar:/home/runner/.m2/repository/org/apache/kerby/kerb-admin/1.0.1/kerb-admin-1.0.1.jar:/home/runner/.m2/repository/org/apache/kerby/kerb-server/1.0.1/kerb-server-1.0.1.jar:/home/runner/.m2/repository/org/apache/kerby/kerb-identity/1.0.1/kerb-identity-1.0.1.jar:/home/runner/.m2/repository/org/apache/kerby/kerby-xdr/1.0.1/kerby-xdr-1.0.1.jar:/home/runner/.m2/repository/org/slf4j/slf4j-log4j12/1.7.30/slf4j-log4j12-1.7.30.jar:/home/runner/.m2/repository/org/apache/ozone/ozone-s3gateway/1.3.0-SNAPSHOT/ozone-s3gateway-1.3.0-SNAPSHOT.jar:/home/runner/.m2/repository/org/javassist/javassist/3.21.0-GA/javassist-3.21.0-GA.jar:/home/runner/.m2/repository/org/jboss/weld/servlet/weld-servlet/2.4.7.Final/weld-servlet-2.4.7.Final.jar:/home/runner/.m2/repository/org/glassfish/jersey/containers/jersey-container-servlet-core/2.33/jersey-container-servlet-core-2.33.jar:/home/runner/.m2/repository/org/glassfish/hk2/external/jakarta.inject/2.6.1/jakarta.inject-2.6.1.jar:/home/runner/.m2/repository/org/glassfish/jersey/core/jersey-common/2.33/jersey-common-2.33.jar:/home/runner/.m2/repository/jakarta/ws/rs/jakarta.ws.rs-api/2.1.6/jakarta.ws.rs-api-2.1.6.jar:/home/runner/.m2/repository/org/glassfish/jersey/ext/cdi/jersey-cdi1x/2.33/jersey-cdi1x-2.33.jar:/home/runner/.m2/repository/org/glassfish/jersey/inject/jersey-hk2/2.33/jersey-hk2-2.33.jar:/home/runner/.m2/repository/org/glassfish/hk2/hk2-locator/2.6.1/hk2-locator-2.6.1.jar:/home/runner/.m2/repository/org/glassfish/jersey/media/jersey-media-jaxb/2.33/jersey-media-jaxb-2.33.jar:/home/runner/.m2/repository/org/glassfish/hk2/osgi-resource-locator/1.0.3/osgi-resource-locator-1.0.3.jar:/home/runner/.m2/repository/org/glassfish/hk2/hk2-api/2.5.0/hk2-api-2.5.0.jar:/home/runner/.m2/repository/org/glassfish/hk2/hk2-utils/2.5.0/hk2-utils-2.5.0.jar:/home/runner/.m2/repository/org/glassfish/hk2/external/aopalliance-repackaged/2.5.0/aopalliance-repackaged-2.5.0.jar:/home/runner/.m2/repository/com/fasterxml/jackson/dataformat/jackson-dataformat-xml/2.13.2/jackson-dataformat-xml-2.13.2.jar:/home/runner/.m2/repository/com/fasterxml/jackson/core/jackson-core/2.13.2/jackson-core-2.13.2.jar:/home/runner/.m2/repository/org/codehaus/woodstox/stax2-api/3.1.4/stax2-api-3.1.4.jar:/home/runner/.m2/repository/com/fasterxml/woodstox/woodstox-core/5.0.3/woodstox-core-5.0.3.jar:/home/runner/.m2/repository/com/fasterxml/jackson/module/jackson-module-jaxb-annotations/2.13.2/jackson-module-jaxb-annotations-2.13.2.jar:/home/runner/.m2/repository/jakarta/xml/bind/jakarta.xml.bind-api/2.3.3/jakarta.xml.bind-api-2.3.3.jar:/home/runner/.m2/repository/jakarta/activation/jakarta.activation-api/1.2.1/jakarta.activation-api-1.2.1.jar:/home/runner/.m2/repository/javax/enterprise/cdi-api/1.2/cdi-api-1.2.jar:/home/runner/.m2/repository/javax/el/javax.el-api/3.0.0/javax.el-api-3.0.0.jar:/home/runner/.m2/repository/javax/interceptor/javax.interceptor-api/1.2/javax.interceptor-api-1.2.jar:/home/runner/.m2/repository/javax/inject/javax.inject/1/javax.inject-1.jar:/home/runner/.m2/repository/javax/xml/bind/jaxb-api/2.3.0/jaxb-api-2.3.0.jar:/home/runner/.m2/repository/org/glassfish/jaxb/jaxb-runtime/2.3.0.1/jaxb-runtime-2.3.0.1.jar:/home/runner/.m2/repository/org/glassfish/jaxb/jaxb-core/2.3.0.1/jaxb-core-2.3.0.1.jar:/home/runner/.m2/repository/org/glassfish/jaxb/txw2/2.3.0.1/txw2-2.3.0.1.jar:/home/runner/.m2/repository/com/sun/istack/istack-commons-runtime/3.0.5/istack-commons-runtime-3.0.5.jar:/home/runner/.m2/repository/org/jvnet/staxex/stax-ex/1.7.8/stax-ex-1.7.8.jar:/home/runner/.m2/repository/com/sun/xml/fastinfoset/FastInfoset/1.2.13/FastInfoset-1.2.13.jar:/home/runner/.m2/repository/javax/activation/activation/1.1.1/activation-1.1.1.jar:/home/runner/.m2/repository/io/grpc/grpc-protobuf/1.44.0/grpc-protobuf-1.44.0.jar:/home/runner/.m2/repository/io/grpc/grpc-api/1.44.0/grpc-api-1.44.0.jar:/home/runner/.m2/repository/io/grpc/grpc-context/1.44.0/grpc-context-1.44.0.jar:/home/runner/.m2/repository/com/google/api/grpc/proto-google-common-protos/2.0.1/proto-google-common-protos-2.0.1.jar:/home/runner/.m2/repository/io/grpc/grpc-protobuf-lite/1.44.0/grpc-protobuf-lite-1.44.0.jar:/home/runner/.m2/repository/io/grpc/grpc-stub/1.44.0/grpc-stub-1.44.0.jar:/home/runner/.m2/repository/io/netty/netty-transport/4.1.74.Final/netty-transport-4.1.74.Final.jar:/home/runner/.m2/repository/io/netty/netty-resolver/4.1.74.Final/netty-resolver-4.1.74.Final.jar:/home/runner/.m2/repository/org/apache/ozone/ozone-csi/1.3.0-SNAPSHOT/ozone-csi-1.3.0-SNAPSHOT.jar:/home/runner/.m2/repository/com/google/protobuf/protobuf-java-util/3.19.2/protobuf-java-util-3.19.2.jar:/home/runner/.m2/repository/com/google/code/gson/gson/2.8.9/gson-2.8.9.jar:/home/runner/.m2/repository/org/apache/ozone/hdds-config/1.3.0-SNAPSHOT/hdds-config-1.3.0-SNAPSHOT.jar:/home/runner/.m2/repository/io/netty/netty-transport-native-epoll/4.1.74.Final/netty-transport-native-epoll-4.1.74.Final-linux-x86_64.jar:/home/runner/.m2/repository/io/netty/netty-transport-classes-epoll/4.1.74.Final/netty-transport-classes-epoll-4.1.74.Final.jar:/home/runner/.m2/repository/io/netty/netty-transport-native-unix-common/4.1.74.Final/netty-transport-native-unix-common-4.1.74.Final.jar:/home/runner/.m2/repository/org/apache/ozone/ozone-recon/1.3.0-SNAPSHOT/ozone-recon-1.3.0-SNAPSHOT.jar:/home/runner/.m2/repository/org/apache/ozone/ozone-reconcodegen/1.3.0-SNAPSHOT/ozone-reconcodegen-1.3.0-SNAPSHOT.jar:/home/runner/.m2/repository/com/google/inject/extensions/guice-multibindings/4.0/guice-multibindings-4.0.jar:/home/runner/.m2/repository/com/google/inject/guice/4.0/guice-4.0.jar:/home/runner/.m2/repository/aopalliance/aopalliance/1.0/aopalliance-1.0.jar:/home/runner/.m2/repository/com/google/inject/extensions/guice-assistedinject/4.0/guice-assistedinject-4.0.jar:/home/runner/.m2/repository/com/google/inject/extensions/guice-servlet/4.0/guice-servlet-4.0.jar:/home/runner/.m2/repository/org/glassfish/jersey/containers/jersey-container-servlet/2.33/jersey-container-servlet-2.33.jar:/home/runner/.m2/repository/org/glassfish/hk2/guice-bridge/2.5.0/guice-bridge-2.5.0.jar:/home/runner/.m2/repository/org/glassfish/jersey/core/jersey-server/2.33/jersey-server-2.33.jar:/home/runner/.m2/repository/org/glassfish/jersey/core/jersey-client/2.33/jersey-client-2.33.jar:/home/runner/.m2/repository/jakarta/annotation/jakarta.annotation-api/1.3.5/jakarta.annotation-api-1.3.5.jar:/home/runner/.m2/repository/jakarta/validation/jakarta.validation-api/2.0.2/jakarta.validation-api-2.0.2.jar:/home/runner/.m2/repository/org/glassfish/jersey/media/jersey-media-json-jackson/2.33/jersey-media-json-jackson-2.33.jar:/home/runner/.m2/repository/org/glassfish/jersey/ext/jersey-entity-filtering/2.33/jersey-entity-filtering-2.33.jar:/home/runner/.m2/repository/org/jooq/jooq/3.11.10/jooq-3.11.10.jar:/home/runner/.m2/repository/org/jooq/jooq-meta/3.11.10/jooq-meta-3.11.10.jar:/home/runner/.m2/repository/org/jooq/jooq-codegen/3.11.10/jooq-codegen-3.11.10.jar:/home/runner/.m2/repository/com/jolbox/bonecp/0.8.0.RELEASE/bonecp-0.8.0.RELEASE.jar:/home/runner/.m2/repository/org/apache/derby/derby/10.14.2.0/derby-10.14.2.0.jar:/home/runner/.m2/repository/org/xerial/sqlite-jdbc/3.25.2/sqlite-jdbc-3.25.2.jar:/home/runner/.m2/repository/org/springframework/spring-jdbc/5.2.20.RELEASE/spring-jdbc-5.2.20.RELEASE.jar:/home/runner/.m2/repository/org/springframework/spring-beans/5.2.20.RELEASE/spring-beans-5.2.20.RELEASE.jar:/home/runner/.m2/repository/org/springframework/spring-core/5.2.20.RELEASE/spring-core-5.2.20.RELEASE.jar:/home/runner/.m2/repository/org/springframework/spring-jcl/5.2.20.RELEASE/spring-jcl-5.2.20.RELEASE.jar:/home/runner/.m2/repository/org/springframework/spring-tx/5.2.20.RELEASE/spring-tx-5.2.20.RELEASE.jar:/home/runner/.m2/repository/org/apache/ozone/ozone-client/1.3.0-SNAPSHOT/ozone-client-1.3.0-SNAPSHOT.jar:/home/runner/.m2/repository/org/apache/ozone/hdds-erasurecode/1.3.0-SNAPSHOT/hdds-erasurecode-1.3.0-SNAPSHOT.jar:/home/runner/.m2/repository/com/github/spotbugs/spotbugs-annotations/3.1.12/spotbugs-annotations-3.1.12.jar:/home/runner/.m2/repository/org/apache/ozone/ozone-filesystem/1.3.0-SNAPSHOT/ozone-filesystem-1.3.0-SNAPSHOT.jar:/home/runner/.m2/repository/org/apache/ozone/ozone-filesystem-common/1.3.0-SNAPSHOT/ozone-filesystem-common-1.3.0-SNAPSHOT.jar:/home/runner/.m2/repository/org/apache/ozone/ozone-tools/1.3.0-SNAPSHOT/ozone-tools-1.3.0-SNAPSHOT.jar:/home/runner/.m2/repository/org/apache/ratis/ratis-tools/2.3.0/ratis-tools-2.3.0.jar:/home/runner/.m2/repository/com/amazonaws/aws-java-sdk-core/1.12.124/aws-java-sdk-core-1.12.124.jar:/home/runner/.m2/repository/org/apache/httpcomponents/httpclient/4.5.13/httpclient-4.5.13.jar:/home/runner/.m2/repository/org/apache/httpcomponents/httpcore/4.4.13/httpcore-4.4.13.jar:/home/runner/.m2/repository/software/amazon/ion/ion-java/1.0.2/ion-java-1.0.2.jar:/home/runner/.m2/repository/com/fasterxml/jackson/dataformat/jackson-dataformat-cbor/2.13.2/jackson-dataformat-cbor-2.13.2.jar:/home/runner/.m2/repository/joda-time/joda-time/2.8.1/joda-time-2.8.1.jar:/home/runner/.m2/repository/com/amazonaws/aws-java-sdk-s3/1.12.124/aws-java-sdk-s3-1.12.124.jar:/home/runner/.m2/repository/com/amazonaws/aws-java-sdk-kms/1.12.124/aws-java-sdk-kms-1.12.124.jar:/home/runner/.m2/repository/com/amazonaws/jmespath-java/1.12.124/jmespath-java-1.12.124.jar:/home/runner/.m2/repository/org/kohsuke/metainf-services/metainf-services/1.8/metainf-services-1.8.jar:/home/runner/.m2/repository/org/apache/ozone/hdds-tools/1.3.0-SNAPSHOT/hdds-tools-1.3.0-SNAPSHOT.jar:/home/runner/.m2/repository/commons-cli/commons-cli/1.2/commons-cli-1.2.jar:/home/runner/.m2/repository/org/apache/commons/commons-lang3/3.7/commons-lang3-3.7.jar:/home/runner/.m2/repository/org/apache/ozone/ozone-manager/1.3.0-SNAPSHOT/ozone-manager-1.3.0-SNAPSHOT-tests.jar:/home/runner/.m2/repository/org/apache/ozone/hdds-common/1.3.0-SNAPSHOT/hdds-common-1.3.0-SNAPSHOT-tests.jar:/home/runner/.m2/repository/org/apache/ozone/hdds-hadoop-dependency-client/1.3.0-SNAPSHOT/hdds-hadoop-dependency-client-1.3.0-SNAPSHOT.jar:/home/runner/.m2/repository/info/picocli/picocli/4.6.1/picocli-4.6.1.jar:/home/runner/.m2/repository/com/fasterxml/jackson/core/jackson-annotations/2.13.2/jackson-annotations-2.13.2.jar:/home/runner/.m2/repository/com/fasterxml/jackson/datatype/jackson-datatype-jsr310/2.13.2/jackson-datatype-jsr310-2.13.2.jar:/home/runner/.m2/repository/javax/annotation/javax.annotation-api/1.2/javax.annotation-api-1.2.jar:/home/runner/.m2/repository/org/apache/ratis/ratis-server/2.3.0/ratis-server-2.3.0.jar:/home/runner/.m2/repository/org/apache/ratis/ratis-client/2.3.0/ratis-client-2.3.0.jar:/home/runner/.m2/repository/org/apache/ratis/ratis-server-api/2.3.0/ratis-server-api-2.3.0.jar:/home/runner/.m2/repository/org/apache/ratis/ratis-metrics/2.3.0/ratis-metrics-2.3.0.jar:/home/runner/.m2/repository/org/apache/ratis/ratis-netty/2.3.0/ratis-netty-2.3.0.jar:/home/runner/.m2/repository/org/apache/ratis/ratis-grpc/2.3.0/ratis-grpc-2.3.0.jar:/home/runner/.m2/repository/org/apache/logging/log4j/log4j-api/2.17.1/log4j-api-2.17.1.jar:/home/runner/.m2/repository/org/apache/commons/commons-pool2/2.6.0/commons-pool2-2.6.0.jar:/home/runner/.m2/repository/org/bouncycastle/bcpkix-jdk15on/1.67/bcpkix-jdk15on-1.67.jar:/home/runner/.m2/repository/commons-validator/commons-validator/1.6/commons-validator-1.6.jar:/home/runner/.m2/repository/commons-beanutils/commons-beanutils/1.9.4/commons-beanutils-1.9.4.jar:/home/runner/.m2/repository/commons-digester/commons-digester/1.8.1/commons-digester-1.8.1.jar:/home/runner/.m2/repository/commons-collections/commons-collections/3.2.2/commons-collections-3.2.2.jar:/home/runner/.m2/repository/io/jaegertracing/jaeger-client/1.6.0/jaeger-client-1.6.0.jar:/home/runner/.m2/repository/io/jaegertracing/jaeger-thrift/1.6.0/jaeger-thrift-1.6.0.jar:/home/runner/.m2/repository/org/apache/thrift/libthrift/0.14.1/libthrift-0.14.1.jar:/home/runner/.m2/repository/com/squareup/okhttp3/okhttp/4.9.0/okhttp-4.9.0.jar:/home/runner/.m2/repository/com/squareup/okio/okio/2.8.0/okio-2.8.0.jar:/home/runner/.m2/repository/io/jaegertracing/jaeger-core/1.6.0/jaeger-core-1.6.0.jar:/home/runner/.m2/repository/io/jaegertracing/jaeger-tracerresolver/1.6.0/jaeger-tracerresolver-1.6.0.jar:/home/runner/.m2/repository/io/opentracing/contrib/opentracing-tracerresolver/0.1.8/opentracing-tracerresolver-0.1.8.jar:/home/runner/.m2/repository/org/jetbrains/kotlin/kotlin-stdlib/1.6.21/kotlin-stdlib-1.6.21.jar:/home/runner/.m2/repository/org/jetbrains/kotlin/kotlin-stdlib-common/1.6.21/kotlin-stdlib-common-1.6.21.jar:/home/runner/.m2/repository/org/jetbrains/annotations/13.0/annotations-13.0.jar:/home/runner/.m2/repository/io/opentracing/opentracing-util/0.33.0/opentracing-util-0.33.0.jar:/home/runner/.m2/repository/io/opentracing/opentracing-api/0.33.0/opentracing-api-0.33.0.jar:/home/runner/.m2/repository/io/opentracing/opentracing-noop/0.33.0/opentracing-noop-0.33.0.jar:/home/runner/.m2/repository/org/yaml/snakeyaml/1.26/snakeyaml-1.26.jar:/home/runner/.m2/repository/org/apache/ozone/hdds-interface-admin/1.3.0-SNAPSHOT/hdds-interface-admin-1.3.0-SNAPSHOT.jar:/home/runner/.m2/repository/junit/junit/4.13.1/junit-4.13.1.jar:/home/runner/.m2/repository/org/hamcrest/hamcrest-core/1.3/hamcrest-core-1.3.jar:/home/runner/.m2/repository/org/junit/jupiter/junit-jupiter-api/5.8.2/junit-jupiter-api-5.8.2.jar:/home/runner/.m2/repository/org/opentest4j/opentest4j/1.2.0/opentest4j-1.2.0.jar:/home/runner/.m2/repository/org/junit/platform/junit-platform-commons/1.8.2/junit-platform-commons-1.8.2.jar:/home/runner/.m2/repository/org/apiguardian/apiguardian-api/1.1.2/apiguardian-api-1.1.2.jar:/home/runner/.m2/repository/org/junit/jupiter/junit-jupiter-params/5.8.2/junit-jupiter-params-5.8.2.jar:/home/runner/.m2/repository/org/junit/jupiter/junit-jupiter-migrationsupport/5.8.2/junit-jupiter-migrationsupport-5.8.2.jar:/home/runner/.m2/repository/org/junit/jupiter/junit-jupiter-engine/5.8.2/junit-jupiter-engine-5.8.2.jar:/home/runner/.m2/repository/org/junit/platform/junit-platform-engine/1.8.2/junit-platform-engine-1.8.2.jar:/home/runner/.m2/repository/org/junit/vintage/junit-vintage-engine/5.8.2/junit-vintage-engine-5.8.2.jar:/home/runner/.m2/repository/org/junit/platform/junit-platform-launcher/1.8.2/junit-platform-launcher-1.8.2.jar:/home/runner/.m2/repository/org/mockito/mockito-core/2.28.2/mockito-core-2.28.2.jar:/home/runner/.m2/repository/net/bytebuddy/byte-buddy/1.9.10/byte-buddy-1.9.10.jar:/home/runner/.m2/repository/net/bytebuddy/byte-buddy-agent/1.9.10/byte-buddy-agent-1.9.10.jar:/home/runner/.m2/repository/org/objenesis/objenesis/1.0/objenesis-1.0.jar:/home/runner/.m2/repository/org/apache/hadoop/hadoop-kms/3.3.1/hadoop-kms-3.3.1.jar:/home/runner/.m2/repository/org/apache/hadoop/hadoop-auth/3.3.1/hadoop-auth-3.3.1.jar:/home/runner/.m2/repository/com/nimbusds/nimbus-jose-jwt/7.9/nimbus-jose-jwt-7.9.jar:/home/runner/.m2/repository/com/github/stephenc/jcip/jcip-annotations/1.0-1/jcip-annotations-1.0-1.jar:/home/runner/.m2/repository/net/minidev/json-smart/2.4.7/json-smart-2.4.7.jar:/home/runner/.m2/repository/net/minidev/accessors-smart/2.4.7/accessors-smart-2.4.7.jar:/home/runner/.m2/repository/org/ow2/asm/asm/5.0.4/asm-5.0.4.jar:/home/runner/.m2/repository/org/apache/zookeeper/zookeeper/3.5.6/zookeeper-3.5.6.jar:/home/runner/.m2/repository/org/apache/zookeeper/zookeeper-jute/3.5.6/zookeeper-jute-3.5.6.jar:/home/runner/.m2/repository/org/apache/yetus/audience-annotations/0.5.0/audience-annotations-0.5.0.jar:/home/runner/.m2/repository/org/apache/curator/curator-framework/4.2.0/curator-framework-4.2.0.jar:/home/runner/.m2/repository/org/apache/hadoop/thirdparty/hadoop-shaded-guava/1.1.1/hadoop-shaded-guava-1.1.1.jar:/home/runner/.m2/repository/com/sun/jersey/jersey-core/1.19/jersey-core-1.19.jar:/home/runner/.m2/repository/javax/ws/rs/jsr311-api/1.1.1/jsr311-api-1.1.1.jar:/home/runner/.m2/repository/com/sun/jersey/jersey-server/1.19/jersey-server-1.19.jar:/home/runner/.m2/repository/javax/servlet/javax.servlet-api/3.1.0/javax.servlet-api-3.1.0.jar:/home/runner/.m2/repository/org/eclipse/jetty/jetty-server/9.4.43.v20210629/jetty-server-9.4.43.v20210629.jar:/home/runner/.m2/repository/org/eclipse/jetty/jetty-http/9.4.43.v20210629/jetty-http-9.4.43.v20210629.jar:/home/runner/.m2/repository/org/eclipse/jetty/jetty-io/9.4.43.v20210629/jetty-io-9.4.43.v20210629.jar:/home/runner/.m2/repository/org/eclipse/jetty/jetty-webapp/9.4.43.v20210629/jetty-webapp-9.4.43.v20210629.jar:/home/runner/.m2/repository/org/eclipse/jetty/jetty-xml/9.4.43.v20210629/jetty-xml-9.4.43.v20210629.jar:/home/runner/.m2/repository/org/apache/hadoop/hadoop-common/3.3.1/hadoop-common-3.3.1.jar:/home/runner/.m2/repository/org/apache/commons/commons-math3/3.1.1/commons-math3-3.1.1.jar:/home/runner/.m2/repository/commons-net/commons-net/3.6/commons-net-3.6.jar:/home/runner/.m2/repository/com/sun/jersey/jersey-servlet/1.19/jersey-servlet-1.19.jar:/home/runner/.m2/repository/com/sun/jersey/jersey-json/1.19/jersey-json-1.19.jar:/home/runner/.m2/repository/org/codehaus/jettison/jettison/1.1/jettison-1.1.jar:/home/runner/.m2/repository/com/sun/xml/bind/jaxb-impl/2.2.3-1/jaxb-impl-2.2.3-1.jar:/home/runner/.m2/repository/org/codehaus/jackson/jackson-xc/1.9.2/jackson-xc-1.9.2.jar:/home/runner/.m2/repository/org/apache/commons/commons-configuration2/2.1.1/commons-configuration2-2.1.1.jar:/home/runner/.m2/repository/org/apache/commons/commons-text/1.4/commons-text-1.4.jar:/home/runner/.m2/repository/com/google/re2j/re2j/1.1/re2j-1.1.jar:/home/runner/.m2/repository/com/jcraft/jsch/0.1.54/jsch-0.1.54.jar:/home/runner/.m2/repository/org/apache/curator/curator-client/4.2.0/curator-client-4.2.0.jar:/home/runner/.m2/repository/org/apache/curator/curator-recipes/4.2.0/curator-recipes-4.2.0.jar:/home/runner/.m2/repository/org/apache/kerby/kerb-core/1.0.1/kerb-core-1.0.1.jar:/home/runner/.m2/repository/org/apache/kerby/kerby-pkix/1.0.1/kerby-pkix-1.0.1.jar:/home/runner/.m2/repository/org/apache/kerby/kerby-asn1/1.0.1/kerby-asn1-1.0.1.jar:/home/runner/.m2/repository/org/apache/kerby/kerby-util/1.0.1/kerby-util-1.0.1.jar:/home/runner/.m2/repository/dnsjava/dnsjava/2.1.7/dnsjava-2.1.7.jar:/home/runner/.m2/repository/org/xerial/snappy/snappy-java/1.1.8.2/snappy-java-1.1.8.2.jar:/home/runner/.m2/repository/org/slf4j/jul-to-slf4j/1.7.30/jul-to-slf4j-1.7.30.jar:/home/runner/.m2/repository/org/eclipse/jetty/jetty-util/9.4.43.v20210629/jetty-util-9.4.43.v20210629.jar:/home/runner/.m2/repository/com/fasterxml/jackson/core/jackson-databind/2.13.2.2/jackson-databind-2.13.2.2.jar:/home/runner/.m2/repository/org/apache/hadoop/hadoop-kms/3.3.1/hadoop-kms-3.3.1-tests.jar:/home/runner/.m2/repository/org/apache/ozone/hdds-server-scm/1.3.0-SNAPSHOT/hdds-server-scm-1.3.0-SNAPSHOT-tests.jar:/home/runner/.m2/repository/org/apache/ozone/hdds-container-service/1.3.0-SNAPSHOT/hdds-container-service-1.3.0-SNAPSHOT-tests.jar:/home/runner/.m2/repository/commons-codec/commons-codec/1.11/commons-codec-1.11.jar:/home/runner/.m2/repository/io/netty/netty-codec/4.1.74.Final/netty-codec-4.1.74.Final.jar:/home/runner/.m2/repository/io/netty/netty-handler/4.1.74.Final/netty-handler-4.1.74.Final.jar:/home/runner/.m2/repository/org/apache/ozone/hdds-hadoop-dependency-test/1.3.0-SNAPSHOT/hdds-hadoop-dependency-test-1.3.0-SNAPSHOT.jar:/home/runner/.m2/repository/org/apache/hadoop/hadoop-common/3.3.1/hadoop-common-3.3.1-tests.jar:/home/runner/.m2/repository/org/assertj/assertj-core/3.12.2/assertj-core-3.12.2.jar:/home/runner/.m2/repository/org/apache/hadoop/hadoop-hdfs/3.3.1/hadoop-hdfs-3.3.1-tests.jar:/home/runner/.m2/repository/org/eclipse/jetty/jetty-util-ajax/9.4.43.v20210629/jetty-util-ajax-9.4.43.v20210629.jar:/home/runner/.m2/repository/commons-daemon/commons-daemon/1.0.13/commons-daemon-1.0.13.jar:/home/runner/.m2/repository/io/netty/netty/3.10.6.Final/netty-3.10.6.Final.jar:/home/runner/.m2/repository/io/netty/netty-all/4.1.74.Final/netty-all-4.1.74.Final.jar:/home/runner/.m2/repository/io/netty/netty-codec-dns/4.1.74.Final/netty-codec-dns-4.1.74.Final.jar:/home/runner/.m2/repository/io/netty/netty-codec-haproxy/4.1.74.Final/netty-codec-haproxy-4.1.74.Final.jar:/home/runner/.m2/repository/io/netty/netty-codec-memcache/4.1.74.Final/netty-codec-memcache-4.1.74.Final.jar:/home/runner/.m2/repository/io/netty/netty-codec-mqtt/4.1.74.Final/netty-codec-mqtt-4.1.74.Final.jar:/home/runner/.m2/repository/io/netty/netty-codec-redis/4.1.74.Final/netty-codec-redis-4.1.74.Final.jar:/home/runner/.m2/repository/io/netty/netty-codec-smtp/4.1.74.Final/netty-codec-smtp-4.1.74.Final.jar:/home/runner/.m2/repository/io/netty/netty-codec-stomp/4.1.74.Final/netty-codec-stomp-4.1.74.Final.jar:/home/runner/.m2/repository/io/netty/netty-codec-xml/4.1.74.Final/netty-codec-xml-4.1.74.Final.jar:/home/runner/.m2/repository/io/netty/netty-resolver-dns/4.1.74.Final/netty-resolver-dns-4.1.74.Final.jar:/home/runner/.m2/repository/io/netty/netty-transport-rxtx/4.1.74.Final/netty-transport-rxtx-4.1.74.Final.jar:/home/runner/.m2/repository/io/netty/netty-transport-sctp/4.1.74.Final/netty-transport-sctp-4.1.74.Final.jar:/home/runner/.m2/repository/io/netty/netty-transport-udt/4.1.74.Final/netty-transport-udt-4.1.74.Final.jar:/home/runner/.m2/repository/io/netty/netty-transport-classes-kqueue/4.1.74.Final/netty-transport-classes-kqueue-4.1.74.Final.jar:/home/runner/.m2/repository/io/netty/netty-resolver-dns-classes-macos/4.1.74.Final/netty-resolver-dns-classes-macos-4.1.74.Final.jar:/home/runner/.m2/repository/io/netty/netty-transport-native-epoll/4.1.74.Final/netty-transport-native-epoll-4.1.74.Final-linux-aarch_64.jar:/home/runner/.m2/repository/io/netty/netty-transport-native-kqueue/4.1.74.Final/netty-transport-native-kqueue-4.1.74.Final-osx-x86_64.jar:/home/runner/.m2/repository/io/netty/netty-transport-native-kqueue/4.1.74.Final/netty-transport-native-kqueue-4.1.74.Final-osx-aarch_64.jar:/home/runner/.m2/repository/io/netty/netty-resolver-dns-native-macos/4.1.74.Final/netty-resolver-dns-native-macos-4.1.74.Final-osx-x86_64.jar:/home/runner/.m2/repository/io/netty/netty-resolver-dns-native-macos/4.1.74.Final/netty-resolver-dns-native-macos-4.1.74.Final-osx-aarch_64.jar:/home/runner/.m2/repository/org/apache/htrace/htrace-core4/4.1.0-incubating/htrace-core4-4.1.0-incubating.jar:/home/runner/.m2/repository/org/fusesource/leveldbjni/leveldbjni-all/1.8/leveldbjni-all-1.8.jar:/home/runner/.m2/repository/org/apache/hadoop/hadoop-distcp/3.3.1/hadoop-distcp-3.3.1.jar:/home/runner/.m2/repository/org/apache/hadoop/hadoop-mapreduce-client-jobclient/3.3.1/hadoop-mapreduce-client-jobclient-3.3.1.jar:/home/runner/.m2/repository/org/apache/hadoop/hadoop-mapreduce-client-common/3.3.1/hadoop-mapreduce-client-common-3.3.1.jar:/home/runner/.m2/repository/org/apache/hadoop/hadoop-yarn-common/3.3.1/hadoop-yarn-common-3.3.1.jar:/home/runner/.m2/repository/org/apache/hadoop/hadoop-yarn-api/3.3.1/hadoop-yarn-api-3.3.1.jar:/home/runner/.m2/repository/com/sun/jersey/contribs/jersey-guice/1.19/jersey-guice-1.19.jar:/home/runner/.m2/repository/com/fasterxml/jackson/jaxrs/jackson-jaxrs-json-provider/2.13.2/jackson-jaxrs-json-provider-2.13.2.jar:/home/runner/.m2/repository/com/fasterxml/jackson/jaxrs/jackson-jaxrs-base/2.13.2/jackson-jaxrs-base-2.13.2.jar:/home/runner/.m2/repository/org/apache/hadoop/hadoop-yarn-client/3.3.1/hadoop-yarn-client-3.3.1.jar:/home/runner/.m2/repository/org/eclipse/jetty/websocket/websocket-client/9.4.40.v20210413/websocket-client-9.4.40.v20210413.jar:/home/runner/.m2/repository/org/eclipse/jetty/websocket/websocket-common/9.4.40.v20210413/websocket-common-9.4.40.v20210413.jar:/home/runner/.m2/repository/org/eclipse/jetty/websocket/websocket-api/9.4.40.v20210413/websocket-api-9.4.40.v20210413.jar:/home/runner/.m2/repository/org/jline/jline/3.9.0/jline-3.9.0.jar:/home/runner/.m2/repository/org/apache/hadoop/hadoop-mapreduce-client-core/3.3.1/hadoop-mapreduce-client-core-3.3.1.jar:/home/runner/.m2/repository/org/apache/avro/avro/1.7.7/avro-1.7.7.jar:/home/runner/.m2/repository/org/codehaus/jackson/jackson-core-asl/1.9.13/jackson-core-asl-1.9.13.jar:/home/runner/.m2/repository/org/codehaus/jackson/jackson-mapper-asl/1.9.13/jackson-mapper-asl-1.9.13.jar:/home/runner/.m2/repository/com/thoughtworks/paranamer/paranamer/2.3/paranamer-2.3.jar:/home/runner/.m2/repository/org/apache/hadoop/hadoop-annotations/3.3.1/hadoop-annotations-3.3.1.jar:/usr/lib/jvm/temurin-8-jdk-amd64/jre/../lib/tools.jar:/home/runner/.m2/repository/org/apache/hadoop/hadoop-distcp/3.3.1/hadoop-distcp-3.3.1-tests.jar:/home/runner/.m2/repository/org/apache/ratis/ratis-common/2.3.0/ratis-common-2.3.0.jar:/home/runner/.m2/repository/org/apache/ratis/ratis-thirdparty-misc/1.0.0/ratis-thirdparty-misc-1.0.0.jar:/home/runner/.m2/repository/org/apache/ratis/ratis-proto/2.3.0/ratis-proto-2.3.0.jar:/home/runner/.m2/repository/org/apache/ozone/ozone-annotation-processing/1.3.0-SNAPSHOT/ozone-annotation-processing-1.3.0-SNAPSHOT.jar:"/>
    <property name="java.vm.vendor" value="Temurin"/>
    <property name="sun.arch.data.model" value="64"/>
    <property name="test.build.dir" value="/home/runner/work/ozone/ozone/hadoop-ozone/integration-test/target/test-dir"/>
    <property name="test.cache.data" value=""/>
    <property name="java.vendor.url" value="https://adoptium.net/"/>
    <property name="user.timezone" value="Etc/UTC"/>
    <property name="java.vm.specification.version" value="1.8"/>
    <property name="os.name" value="Linux"/>
    <property name="test.build.data" value="/home/runner/work/ozone/ozone/hadoop-ozone/integration-test/target/test-dir"/>
    <property name="sun.java.launcher" value="SUN_STANDARD"/>
    <property name="sun.boot.library.path" value="/usr/lib/jvm/temurin-8-jdk-amd64/jre/lib/amd64"/>
    <property name="sun.java.command" value="/home/runner/work/ozone/ozone/hadoop-ozone/integration-test/target/surefire/surefirebooter647126695202150368.jar /home/runner/work/ozone/ozone/hadoop-ozone/integration-test/target/surefire 2022-06-21T13-37-41_780-jvmRun1 surefire4392232657946326234tmp surefire_65003472203196071034tmp"/>
    <property name="surefire.test.class.path" value="/home/runner/work/ozone/ozone/hadoop-ozone/integration-test/target/test-classes:/home/runner/work/ozone/ozone/hadoop-ozone/integration-test/target/classes:/home/runner/.m2/repository/org/apache/ozone/ozone-common/1.3.0-SNAPSHOT/ozone-common-1.3.0-SNAPSHOT.jar:/home/runner/.m2/repository/io/grpc/grpc-netty/1.44.0/grpc-netty-1.44.0.jar:/home/runner/.m2/repository/io/grpc/grpc-core/1.44.0/grpc-core-1.44.0.jar:/home/runner/.m2/repository/com/google/android/annotations/4.1.1.4/annotations-4.1.1.4.jar:/home/runner/.m2/repository/org/codehaus/mojo/animal-sniffer-annotations/1.19/animal-sniffer-annotations-1.19.jar:/home/runner/.m2/repository/com/google/errorprone/error_prone_annotations/2.2.0/error_prone_annotations-2.2.0.jar:/home/runner/.m2/repository/io/perfmark/perfmark-api/0.23.0/perfmark-api-0.23.0.jar:/home/runner/.m2/repository/io/netty/netty-codec-http2/4.1.74.Final/netty-codec-http2-4.1.74.Final.jar:/home/runner/.m2/repository/io/netty/netty-common/4.1.74.Final/netty-common-4.1.74.Final.jar:/home/runner/.m2/repository/io/netty/netty-buffer/4.1.74.Final/netty-buffer-4.1.74.Final.jar:/home/runner/.m2/repository/io/netty/netty-codec-http/4.1.74.Final/netty-codec-http-4.1.74.Final.jar:/home/runner/.m2/repository/io/netty/netty-handler-proxy/4.1.74.Final/netty-handler-proxy-4.1.74.Final.jar:/home/runner/.m2/repository/io/netty/netty-codec-socks/4.1.74.Final/netty-codec-socks-4.1.74.Final.jar:/home/runner/.m2/repository/io/netty/netty-tcnative-boringssl-static/2.0.48.Final/netty-tcnative-boringssl-static-2.0.48.Final.jar:/home/runner/.m2/repository/io/netty/netty-tcnative-classes/2.0.48.Final/netty-tcnative-classes-2.0.48.Final.jar:/home/runner/.m2/repository/io/netty/netty-tcnative/2.0.48.Final/netty-tcnative-2.0.48.Final.jar:/home/runner/.m2/repository/org/apache/commons/commons-compress/1.21/commons-compress-1.21.jar:/home/runner/.m2/repository/org/apache/ozone/hdds-common/1.3.0-SNAPSHOT/hdds-common-1.3.0-SNAPSHOT.jar:/home/runner/.m2/repository/org/apache/ozone/hdds-client/1.3.0-SNAPSHOT/hdds-client-1.3.0-SNAPSHOT.jar:/home/runner/.m2/repository/org/apache/ozone/ozone-interface-client/1.3.0-SNAPSHOT/ozone-interface-client-1.3.0-SNAPSHOT.jar:/home/runner/.m2/repository/org/apache/ozone/hdds-test-utils/1.3.0-SNAPSHOT/hdds-test-utils-1.3.0-SNAPSHOT.jar:/home/runner/.m2/repository/com/google/guava/guava/31.1-jre/guava-31.1-jre.jar:/home/runner/.m2/repository/com/google/guava/failureaccess/1.0.1/failureaccess-1.0.1.jar:/home/runner/.m2/repository/com/google/guava/listenablefuture/9999.0-empty-to-avoid-conflict-with-guava/listenablefuture-9999.0-empty-to-avoid-conflict-with-guava.jar:/home/runner/.m2/repository/com/google/code/findbugs/jsr305/3.0.0/jsr305-3.0.0.jar:/home/runner/.m2/repository/org/checkerframework/checker-qual/3.12.0/checker-qual-3.12.0.jar:/home/runner/.m2/repository/com/google/j2objc/j2objc-annotations/1.3/j2objc-annotations-1.3.jar:/home/runner/.m2/repository/commons-io/commons-io/2.11.0/commons-io-2.11.0.jar:/home/runner/.m2/repository/commons-logging/commons-logging/1.2/commons-logging-1.2.jar:/home/runner/.m2/repository/log4j/log4j/1.2.17/log4j-1.2.17.jar:/home/runner/.m2/repository/org/slf4j/slf4j-api/1.7.30/slf4j-api-1.7.30.jar:/home/runner/.m2/repository/org/apache/ozone/hdds-server-scm/1.3.0-SNAPSHOT/hdds-server-scm-1.3.0-SNAPSHOT.jar:/home/runner/.m2/repository/org/apache/ozone/hdds-container-service/1.3.0-SNAPSHOT/hdds-container-service-1.3.0-SNAPSHOT.jar:/home/runner/.m2/repository/org/apache/ozone/hdds-hadoop-dependency-server/1.3.0-SNAPSHOT/hdds-hadoop-dependency-server-1.3.0-SNAPSHOT.jar:/home/runner/.m2/repository/org/apache/hadoop/hadoop-hdfs/3.3.1/hadoop-hdfs-3.3.1.jar:/home/runner/.m2/repository/org/apache/ozone/hdds-server-framework/1.3.0-SNAPSHOT/hdds-server-framework-1.3.0-SNAPSHOT.jar:/home/runner/.m2/repository/org/apache/ozone/hdds-interface-server/1.3.0-SNAPSHOT/hdds-interface-server-1.3.0-SNAPSHOT.jar:/home/runner/.m2/repository/org/apache/logging/log4j/log4j-core/2.17.1/log4j-core-2.17.1.jar:/home/runner/.m2/repository/com/lmax/disruptor/3.4.2/disruptor-3.4.2.jar:/home/runner/.m2/repository/org/eclipse/jetty/jetty-servlet/9.4.43.v20210629/jetty-servlet-9.4.43.v20210629.jar:/home/runner/.m2/repository/org/eclipse/jetty/jetty-security/9.4.43.v20210629/jetty-security-9.4.43.v20210629.jar:/home/runner/.m2/repository/org/rocksdb/rocksdbjni/6.29.5/rocksdbjni-6.29.5.jar:/home/runner/.m2/repository/io/prometheus/simpleclient_dropwizard/0.7.0/simpleclient_dropwizard-0.7.0.jar:/home/runner/.m2/repository/io/prometheus/simpleclient/0.7.0/simpleclient-0.7.0.jar:/home/runner/.m2/repository/io/prometheus/simpleclient_common/0.7.0/simpleclient_common-0.7.0.jar:/home/runner/.m2/repository/io/dropwizard/metrics/metrics-core/3.2.4/metrics-core-3.2.4.jar:/home/runner/.m2/repository/org/apache/hadoop/hadoop-hdfs-client/3.3.1/hadoop-hdfs-client-3.3.1.jar:/home/runner/.m2/repository/org/bouncycastle/bcprov-jdk15on/1.67/bcprov-jdk15on-1.67.jar:/home/runner/.m2/repository/com/google/protobuf/protobuf-java/2.5.0/protobuf-java-2.5.0.jar:/home/runner/.m2/repository/org/apache/ozone/ozone-manager/1.3.0-SNAPSHOT/ozone-manager-1.3.0-SNAPSHOT.jar:/home/runner/.m2/repository/org/aspectj/aspectjrt/1.9.7/aspectjrt-1.9.7.jar:/home/runner/.m2/repository/org/aspectj/aspectjweaver/1.9.7/aspectjweaver-1.9.7.jar:/home/runner/.m2/repository/org/apache/ozone/hdds-interface-client/1.3.0-SNAPSHOT/hdds-interface-client-1.3.0-SNAPSHOT.jar:/home/runner/.m2/repository/org/apache/hadoop/thirdparty/hadoop-shaded-protobuf_3_7/1.1.1/hadoop-shaded-protobuf_3_7-1.1.1.jar:/home/runner/.m2/repository/org/apache/ozone/ozone-interface-storage/1.3.0-SNAPSHOT/ozone-interface-storage-1.3.0-SNAPSHOT.jar:/home/runner/.m2/repository/org/reflections/reflections/0.9.11/reflections-0.9.11.jar:/home/runner/.m2/repository/com/sun/jersey/jersey-client/1.19/jersey-client-1.19.jar:/home/runner/.m2/repository/org/apache/ranger/ranger-intg/3.0.0-SNAPSHOT/ranger-intg-3.0.0-SNAPSHOT.jar:/home/runner/.m2/repository/org/apache/ranger/ranger-plugins-common/3.0.0-SNAPSHOT/ranger-plugins-common-3.0.0-SNAPSHOT.jar:/home/runner/.m2/repository/commons-lang/commons-lang/2.6/commons-lang-2.6.jar:/home/runner/.m2/repository/org/codehaus/jackson/jackson-jaxrs/1.9.13/jackson-jaxrs-1.9.13.jar:/home/runner/.m2/repository/org/apache/ranger/ranger-plugins-cred/3.0.0-SNAPSHOT/ranger-plugins-cred-3.0.0-SNAPSHOT.jar:/home/runner/.m2/repository/org/apache/ranger/ranger-plugins-audit/3.0.0-SNAPSHOT/ranger-plugins-audit-3.0.0-SNAPSHOT.jar:/home/runner/.m2/repository/org/apache/kafka/kafka-clients/2.8.1/kafka-clients-2.8.1.jar:/home/runner/.m2/repository/com/github/luben/zstd-jni/1.4.9-1/zstd-jni-1.4.9-1.jar:/home/runner/.m2/repository/org/apache/solr/solr-solrj/8.6.3/solr-solrj-8.6.3.jar:/home/runner/.m2/repository/org/eclipse/jetty/jetty-client/9.4.44.v20210927/jetty-client-9.4.44.v20210927.jar:/home/runner/.m2/repository/org/apache/httpcomponents/httpmime/4.5.13/httpmime-4.5.13.jar:/home/runner/.m2/repository/org/apache/httpcomponents/httpcore-nio/4.4.14/httpcore-nio-4.4.14.jar:/home/runner/.m2/repository/org/apache/httpcomponents/httpasyncclient/4.1.4/httpasyncclient-4.1.4.jar:/home/runner/.m2/repository/com/carrotsearch/hppc/0.8.0/hppc-0.8.0.jar:/home/runner/.m2/repository/org/apache/hive/hive-storage-api/2.7.2/hive-storage-api-2.7.2.jar:/home/runner/.m2/repository/org/apache/orc/orc-core/1.5.8/orc-core-1.5.8.jar:/home/runner/.m2/repository/com/amazonaws/aws-java-sdk-bundle/1.12.125/aws-java-sdk-bundle-1.12.125.jar:/home/runner/.m2/repository/net/java/dev/jna/jna/5.2.0/jna-5.2.0.jar:/home/runner/.m2/repository/net/java/dev/jna/jna-platform/5.2.0/jna-platform-5.2.0.jar:/home/runner/.m2/repository/com/kstruct/gethostname4j/0.0.2/gethostname4j-0.0.2.jar:/home/runner/.m2/repository/org/apache/ranger/ranger-plugin-classloader/3.0.0-SNAPSHOT/ranger-plugin-classloader-3.0.0-SNAPSHOT.jar:/home/runner/.m2/repository/org/apache/hadoop/hadoop-minikdc/3.3.1/hadoop-minikdc-3.3.1.jar:/home/runner/.m2/repository/org/apache/kerby/kerb-simplekdc/1.0.1/kerb-simplekdc-1.0.1.jar:/home/runner/.m2/repository/org/apache/kerby/kerb-client/1.0.1/kerb-client-1.0.1.jar:/home/runner/.m2/repository/org/apache/kerby/kerby-config/1.0.1/kerby-config-1.0.1.jar:/home/runner/.m2/repository/org/apache/kerby/kerb-common/1.0.1/kerb-common-1.0.1.jar:/home/runner/.m2/repository/org/apache/kerby/kerb-crypto/1.0.1/kerb-crypto-1.0.1.jar:/home/runner/.m2/repository/org/apache/kerby/kerb-util/1.0.1/kerb-util-1.0.1.jar:/home/runner/.m2/repository/org/apache/kerby/token-provider/1.0.1/token-provider-1.0.1.jar:/home/runner/.m2/repository/org/apache/kerby/kerb-admin/1.0.1/kerb-admin-1.0.1.jar:/home/runner/.m2/repository/org/apache/kerby/kerb-server/1.0.1/kerb-server-1.0.1.jar:/home/runner/.m2/repository/org/apache/kerby/kerb-identity/1.0.1/kerb-identity-1.0.1.jar:/home/runner/.m2/repository/org/apache/kerby/kerby-xdr/1.0.1/kerby-xdr-1.0.1.jar:/home/runner/.m2/repository/org/slf4j/slf4j-log4j12/1.7.30/slf4j-log4j12-1.7.30.jar:/home/runner/.m2/repository/org/apache/ozone/ozone-s3gateway/1.3.0-SNAPSHOT/ozone-s3gateway-1.3.0-SNAPSHOT.jar:/home/runner/.m2/repository/org/javassist/javassist/3.21.0-GA/javassist-3.21.0-GA.jar:/home/runner/.m2/repository/org/jboss/weld/servlet/weld-servlet/2.4.7.Final/weld-servlet-2.4.7.Final.jar:/home/runner/.m2/repository/org/glassfish/jersey/containers/jersey-container-servlet-core/2.33/jersey-container-servlet-core-2.33.jar:/home/runner/.m2/repository/org/glassfish/hk2/external/jakarta.inject/2.6.1/jakarta.inject-2.6.1.jar:/home/runner/.m2/repository/org/glassfish/jersey/core/jersey-common/2.33/jersey-common-2.33.jar:/home/runner/.m2/repository/jakarta/ws/rs/jakarta.ws.rs-api/2.1.6/jakarta.ws.rs-api-2.1.6.jar:/home/runner/.m2/repository/org/glassfish/jersey/ext/cdi/jersey-cdi1x/2.33/jersey-cdi1x-2.33.jar:/home/runner/.m2/repository/org/glassfish/jersey/inject/jersey-hk2/2.33/jersey-hk2-2.33.jar:/home/runner/.m2/repository/org/glassfish/hk2/hk2-locator/2.6.1/hk2-locator-2.6.1.jar:/home/runner/.m2/repository/org/glassfish/jersey/media/jersey-media-jaxb/2.33/jersey-media-jaxb-2.33.jar:/home/runner/.m2/repository/org/glassfish/hk2/osgi-resource-locator/1.0.3/osgi-resource-locator-1.0.3.jar:/home/runner/.m2/repository/org/glassfish/hk2/hk2-api/2.5.0/hk2-api-2.5.0.jar:/home/runner/.m2/repository/org/glassfish/hk2/hk2-utils/2.5.0/hk2-utils-2.5.0.jar:/home/runner/.m2/repository/org/glassfish/hk2/external/aopalliance-repackaged/2.5.0/aopalliance-repackaged-2.5.0.jar:/home/runner/.m2/repository/com/fasterxml/jackson/dataformat/jackson-dataformat-xml/2.13.2/jackson-dataformat-xml-2.13.2.jar:/home/runner/.m2/repository/com/fasterxml/jackson/core/jackson-core/2.13.2/jackson-core-2.13.2.jar:/home/runner/.m2/repository/org/codehaus/woodstox/stax2-api/3.1.4/stax2-api-3.1.4.jar:/home/runner/.m2/repository/com/fasterxml/woodstox/woodstox-core/5.0.3/woodstox-core-5.0.3.jar:/home/runner/.m2/repository/com/fasterxml/jackson/module/jackson-module-jaxb-annotations/2.13.2/jackson-module-jaxb-annotations-2.13.2.jar:/home/runner/.m2/repository/jakarta/xml/bind/jakarta.xml.bind-api/2.3.3/jakarta.xml.bind-api-2.3.3.jar:/home/runner/.m2/repository/jakarta/activation/jakarta.activation-api/1.2.1/jakarta.activation-api-1.2.1.jar:/home/runner/.m2/repository/javax/enterprise/cdi-api/1.2/cdi-api-1.2.jar:/home/runner/.m2/repository/javax/el/javax.el-api/3.0.0/javax.el-api-3.0.0.jar:/home/runner/.m2/repository/javax/interceptor/javax.interceptor-api/1.2/javax.interceptor-api-1.2.jar:/home/runner/.m2/repository/javax/inject/javax.inject/1/javax.inject-1.jar:/home/runner/.m2/repository/javax/xml/bind/jaxb-api/2.3.0/jaxb-api-2.3.0.jar:/home/runner/.m2/repository/org/glassfish/jaxb/jaxb-runtime/2.3.0.1/jaxb-runtime-2.3.0.1.jar:/home/runner/.m2/repository/org/glassfish/jaxb/jaxb-core/2.3.0.1/jaxb-core-2.3.0.1.jar:/home/runner/.m2/repository/org/glassfish/jaxb/txw2/2.3.0.1/txw2-2.3.0.1.jar:/home/runner/.m2/repository/com/sun/istack/istack-commons-runtime/3.0.5/istack-commons-runtime-3.0.5.jar:/home/runner/.m2/repository/org/jvnet/staxex/stax-ex/1.7.8/stax-ex-1.7.8.jar:/home/runner/.m2/repository/com/sun/xml/fastinfoset/FastInfoset/1.2.13/FastInfoset-1.2.13.jar:/home/runner/.m2/repository/javax/activation/activation/1.1.1/activation-1.1.1.jar:/home/runner/.m2/repository/io/grpc/grpc-protobuf/1.44.0/grpc-protobuf-1.44.0.jar:/home/runner/.m2/repository/io/grpc/grpc-api/1.44.0/grpc-api-1.44.0.jar:/home/runner/.m2/repository/io/grpc/grpc-context/1.44.0/grpc-context-1.44.0.jar:/home/runner/.m2/repository/com/google/api/grpc/proto-google-common-protos/2.0.1/proto-google-common-protos-2.0.1.jar:/home/runner/.m2/repository/io/grpc/grpc-protobuf-lite/1.44.0/grpc-protobuf-lite-1.44.0.jar:/home/runner/.m2/repository/io/grpc/grpc-stub/1.44.0/grpc-stub-1.44.0.jar:/home/runner/.m2/repository/io/netty/netty-transport/4.1.74.Final/netty-transport-4.1.74.Final.jar:/home/runner/.m2/repository/io/netty/netty-resolver/4.1.74.Final/netty-resolver-4.1.74.Final.jar:/home/runner/.m2/repository/org/apache/ozone/ozone-csi/1.3.0-SNAPSHOT/ozone-csi-1.3.0-SNAPSHOT.jar:/home/runner/.m2/repository/com/google/protobuf/protobuf-java-util/3.19.2/protobuf-java-util-3.19.2.jar:/home/runner/.m2/repository/com/google/code/gson/gson/2.8.9/gson-2.8.9.jar:/home/runner/.m2/repository/org/apache/ozone/hdds-config/1.3.0-SNAPSHOT/hdds-config-1.3.0-SNAPSHOT.jar:/home/runner/.m2/repository/io/netty/netty-transport-native-epoll/4.1.74.Final/netty-transport-native-epoll-4.1.74.Final-linux-x86_64.jar:/home/runner/.m2/repository/io/netty/netty-transport-classes-epoll/4.1.74.Final/netty-transport-classes-epoll-4.1.74.Final.jar:/home/runner/.m2/repository/io/netty/netty-transport-native-unix-common/4.1.74.Final/netty-transport-native-unix-common-4.1.74.Final.jar:/home/runner/.m2/repository/org/apache/ozone/ozone-recon/1.3.0-SNAPSHOT/ozone-recon-1.3.0-SNAPSHOT.jar:/home/runner/.m2/repository/org/apache/ozone/ozone-reconcodegen/1.3.0-SNAPSHOT/ozone-reconcodegen-1.3.0-SNAPSHOT.jar:/home/runner/.m2/repository/com/google/inject/extensions/guice-multibindings/4.0/guice-multibindings-4.0.jar:/home/runner/.m2/repository/com/google/inject/guice/4.0/guice-4.0.jar:/home/runner/.m2/repository/aopalliance/aopalliance/1.0/aopalliance-1.0.jar:/home/runner/.m2/repository/com/google/inject/extensions/guice-assistedinject/4.0/guice-assistedinject-4.0.jar:/home/runner/.m2/repository/com/google/inject/extensions/guice-servlet/4.0/guice-servlet-4.0.jar:/home/runner/.m2/repository/org/glassfish/jersey/containers/jersey-container-servlet/2.33/jersey-container-servlet-2.33.jar:/home/runner/.m2/repository/org/glassfish/hk2/guice-bridge/2.5.0/guice-bridge-2.5.0.jar:/home/runner/.m2/repository/org/glassfish/jersey/core/jersey-server/2.33/jersey-server-2.33.jar:/home/runner/.m2/repository/org/glassfish/jersey/core/jersey-client/2.33/jersey-client-2.33.jar:/home/runner/.m2/repository/jakarta/annotation/jakarta.annotation-api/1.3.5/jakarta.annotation-api-1.3.5.jar:/home/runner/.m2/repository/jakarta/validation/jakarta.validation-api/2.0.2/jakarta.validation-api-2.0.2.jar:/home/runner/.m2/repository/org/glassfish/jersey/media/jersey-media-json-jackson/2.33/jersey-media-json-jackson-2.33.jar:/home/runner/.m2/repository/org/glassfish/jersey/ext/jersey-entity-filtering/2.33/jersey-entity-filtering-2.33.jar:/home/runner/.m2/repository/org/jooq/jooq/3.11.10/jooq-3.11.10.jar:/home/runner/.m2/repository/org/jooq/jooq-meta/3.11.10/jooq-meta-3.11.10.jar:/home/runner/.m2/repository/org/jooq/jooq-codegen/3.11.10/jooq-codegen-3.11.10.jar:/home/runner/.m2/repository/com/jolbox/bonecp/0.8.0.RELEASE/bonecp-0.8.0.RELEASE.jar:/home/runner/.m2/repository/org/apache/derby/derby/10.14.2.0/derby-10.14.2.0.jar:/home/runner/.m2/repository/org/xerial/sqlite-jdbc/3.25.2/sqlite-jdbc-3.25.2.jar:/home/runner/.m2/repository/org/springframework/spring-jdbc/5.2.20.RELEASE/spring-jdbc-5.2.20.RELEASE.jar:/home/runner/.m2/repository/org/springframework/spring-beans/5.2.20.RELEASE/spring-beans-5.2.20.RELEASE.jar:/home/runner/.m2/repository/org/springframework/spring-core/5.2.20.RELEASE/spring-core-5.2.20.RELEASE.jar:/home/runner/.m2/repository/org/springframework/spring-jcl/5.2.20.RELEASE/spring-jcl-5.2.20.RELEASE.jar:/home/runner/.m2/repository/org/springframework/spring-tx/5.2.20.RELEASE/spring-tx-5.2.20.RELEASE.jar:/home/runner/.m2/repository/org/apache/ozone/ozone-client/1.3.0-SNAPSHOT/ozone-client-1.3.0-SNAPSHOT.jar:/home/runner/.m2/repository/org/apache/ozone/hdds-erasurecode/1.3.0-SNAPSHOT/hdds-erasurecode-1.3.0-SNAPSHOT.jar:/home/runner/.m2/repository/com/github/spotbugs/spotbugs-annotations/3.1.12/spotbugs-annotations-3.1.12.jar:/home/runner/.m2/repository/org/apache/ozone/ozone-filesystem/1.3.0-SNAPSHOT/ozone-filesystem-1.3.0-SNAPSHOT.jar:/home/runner/.m2/repository/org/apache/ozone/ozone-filesystem-common/1.3.0-SNAPSHOT/ozone-filesystem-common-1.3.0-SNAPSHOT.jar:/home/runner/.m2/repository/org/apache/ozone/ozone-tools/1.3.0-SNAPSHOT/ozone-tools-1.3.0-SNAPSHOT.jar:/home/runner/.m2/repository/org/apache/ratis/ratis-tools/2.3.0/ratis-tools-2.3.0.jar:/home/runner/.m2/repository/com/amazonaws/aws-java-sdk-core/1.12.124/aws-java-sdk-core-1.12.124.jar:/home/runner/.m2/repository/org/apache/httpcomponents/httpclient/4.5.13/httpclient-4.5.13.jar:/home/runner/.m2/repository/org/apache/httpcomponents/httpcore/4.4.13/httpcore-4.4.13.jar:/home/runner/.m2/repository/software/amazon/ion/ion-java/1.0.2/ion-java-1.0.2.jar:/home/runner/.m2/repository/com/fasterxml/jackson/dataformat/jackson-dataformat-cbor/2.13.2/jackson-dataformat-cbor-2.13.2.jar:/home/runner/.m2/repository/joda-time/joda-time/2.8.1/joda-time-2.8.1.jar:/home/runner/.m2/repository/com/amazonaws/aws-java-sdk-s3/1.12.124/aws-java-sdk-s3-1.12.124.jar:/home/runner/.m2/repository/com/amazonaws/aws-java-sdk-kms/1.12.124/aws-java-sdk-kms-1.12.124.jar:/home/runner/.m2/repository/com/amazonaws/jmespath-java/1.12.124/jmespath-java-1.12.124.jar:/home/runner/.m2/repository/org/kohsuke/metainf-services/metainf-services/1.8/metainf-services-1.8.jar:/home/runner/.m2/repository/org/apache/ozone/hdds-tools/1.3.0-SNAPSHOT/hdds-tools-1.3.0-SNAPSHOT.jar:/home/runner/.m2/repository/commons-cli/commons-cli/1.2/commons-cli-1.2.jar:/home/runner/.m2/repository/org/apache/commons/commons-lang3/3.7/commons-lang3-3.7.jar:/home/runner/.m2/repository/org/apache/ozone/ozone-manager/1.3.0-SNAPSHOT/ozone-manager-1.3.0-SNAPSHOT-tests.jar:/home/runner/.m2/repository/org/apache/ozone/hdds-common/1.3.0-SNAPSHOT/hdds-common-1.3.0-SNAPSHOT-tests.jar:/home/runner/.m2/repository/org/apache/ozone/hdds-hadoop-dependency-client/1.3.0-SNAPSHOT/hdds-hadoop-dependency-client-1.3.0-SNAPSHOT.jar:/home/runner/.m2/repository/info/picocli/picocli/4.6.1/picocli-4.6.1.jar:/home/runner/.m2/repository/com/fasterxml/jackson/core/jackson-annotations/2.13.2/jackson-annotations-2.13.2.jar:/home/runner/.m2/repository/com/fasterxml/jackson/datatype/jackson-datatype-jsr310/2.13.2/jackson-datatype-jsr310-2.13.2.jar:/home/runner/.m2/repository/javax/annotation/javax.annotation-api/1.2/javax.annotation-api-1.2.jar:/home/runner/.m2/repository/org/apache/ratis/ratis-server/2.3.0/ratis-server-2.3.0.jar:/home/runner/.m2/repository/org/apache/ratis/ratis-client/2.3.0/ratis-client-2.3.0.jar:/home/runner/.m2/repository/org/apache/ratis/ratis-server-api/2.3.0/ratis-server-api-2.3.0.jar:/home/runner/.m2/repository/org/apache/ratis/ratis-metrics/2.3.0/ratis-metrics-2.3.0.jar:/home/runner/.m2/repository/org/apache/ratis/ratis-netty/2.3.0/ratis-netty-2.3.0.jar:/home/runner/.m2/repository/org/apache/ratis/ratis-grpc/2.3.0/ratis-grpc-2.3.0.jar:/home/runner/.m2/repository/org/apache/logging/log4j/log4j-api/2.17.1/log4j-api-2.17.1.jar:/home/runner/.m2/repository/org/apache/commons/commons-pool2/2.6.0/commons-pool2-2.6.0.jar:/home/runner/.m2/repository/org/bouncycastle/bcpkix-jdk15on/1.67/bcpkix-jdk15on-1.67.jar:/home/runner/.m2/repository/commons-validator/commons-validator/1.6/commons-validator-1.6.jar:/home/runner/.m2/repository/commons-beanutils/commons-beanutils/1.9.4/commons-beanutils-1.9.4.jar:/home/runner/.m2/repository/commons-digester/commons-digester/1.8.1/commons-digester-1.8.1.jar:/home/runner/.m2/repository/commons-collections/commons-collections/3.2.2/commons-collections-3.2.2.jar:/home/runner/.m2/repository/io/jaegertracing/jaeger-client/1.6.0/jaeger-client-1.6.0.jar:/home/runner/.m2/repository/io/jaegertracing/jaeger-thrift/1.6.0/jaeger-thrift-1.6.0.jar:/home/runner/.m2/repository/org/apache/thrift/libthrift/0.14.1/libthrift-0.14.1.jar:/home/runner/.m2/repository/com/squareup/okhttp3/okhttp/4.9.0/okhttp-4.9.0.jar:/home/runner/.m2/repository/com/squareup/okio/okio/2.8.0/okio-2.8.0.jar:/home/runner/.m2/repository/io/jaegertracing/jaeger-core/1.6.0/jaeger-core-1.6.0.jar:/home/runner/.m2/repository/io/jaegertracing/jaeger-tracerresolver/1.6.0/jaeger-tracerresolver-1.6.0.jar:/home/runner/.m2/repository/io/opentracing/contrib/opentracing-tracerresolver/0.1.8/opentracing-tracerresolver-0.1.8.jar:/home/runner/.m2/repository/org/jetbrains/kotlin/kotlin-stdlib/1.6.21/kotlin-stdlib-1.6.21.jar:/home/runner/.m2/repository/org/jetbrains/kotlin/kotlin-stdlib-common/1.6.21/kotlin-stdlib-common-1.6.21.jar:/home/runner/.m2/repository/org/jetbrains/annotations/13.0/annotations-13.0.jar:/home/runner/.m2/repository/io/opentracing/opentracing-util/0.33.0/opentracing-util-0.33.0.jar:/home/runner/.m2/repository/io/opentracing/opentracing-api/0.33.0/opentracing-api-0.33.0.jar:/home/runner/.m2/repository/io/opentracing/opentracing-noop/0.33.0/opentracing-noop-0.33.0.jar:/home/runner/.m2/repository/org/yaml/snakeyaml/1.26/snakeyaml-1.26.jar:/home/runner/.m2/repository/org/apache/ozone/hdds-interface-admin/1.3.0-SNAPSHOT/hdds-interface-admin-1.3.0-SNAPSHOT.jar:/home/runner/.m2/repository/junit/junit/4.13.1/junit-4.13.1.jar:/home/runner/.m2/repository/org/hamcrest/hamcrest-core/1.3/hamcrest-core-1.3.jar:/home/runner/.m2/repository/org/junit/jupiter/junit-jupiter-api/5.8.2/junit-jupiter-api-5.8.2.jar:/home/runner/.m2/repository/org/opentest4j/opentest4j/1.2.0/opentest4j-1.2.0.jar:/home/runner/.m2/repository/org/junit/platform/junit-platform-commons/1.8.2/junit-platform-commons-1.8.2.jar:/home/runner/.m2/repository/org/apiguardian/apiguardian-api/1.1.2/apiguardian-api-1.1.2.jar:/home/runner/.m2/repository/org/junit/jupiter/junit-jupiter-params/5.8.2/junit-jupiter-params-5.8.2.jar:/home/runner/.m2/repository/org/junit/jupiter/junit-jupiter-migrationsupport/5.8.2/junit-jupiter-migrationsupport-5.8.2.jar:/home/runner/.m2/repository/org/junit/jupiter/junit-jupiter-engine/5.8.2/junit-jupiter-engine-5.8.2.jar:/home/runner/.m2/repository/org/junit/platform/junit-platform-engine/1.8.2/junit-platform-engine-1.8.2.jar:/home/runner/.m2/repository/org/junit/vintage/junit-vintage-engine/5.8.2/junit-vintage-engine-5.8.2.jar:/home/runner/.m2/repository/org/junit/platform/junit-platform-launcher/1.8.2/junit-platform-launcher-1.8.2.jar:/home/runner/.m2/repository/org/mockito/mockito-core/2.28.2/mockito-core-2.28.2.jar:/home/runner/.m2/repository/net/bytebuddy/byte-buddy/1.9.10/byte-buddy-1.9.10.jar:/home/runner/.m2/repository/net/bytebuddy/byte-buddy-agent/1.9.10/byte-buddy-agent-1.9.10.jar:/home/runner/.m2/repository/org/objenesis/objenesis/1.0/objenesis-1.0.jar:/home/runner/.m2/repository/org/apache/hadoop/hadoop-kms/3.3.1/hadoop-kms-3.3.1.jar:/home/runner/.m2/repository/org/apache/hadoop/hadoop-auth/3.3.1/hadoop-auth-3.3.1.jar:/home/runner/.m2/repository/com/nimbusds/nimbus-jose-jwt/7.9/nimbus-jose-jwt-7.9.jar:/home/runner/.m2/repository/com/github/stephenc/jcip/jcip-annotations/1.0-1/jcip-annotations-1.0-1.jar:/home/runner/.m2/repository/net/minidev/json-smart/2.4.7/json-smart-2.4.7.jar:/home/runner/.m2/repository/net/minidev/accessors-smart/2.4.7/accessors-smart-2.4.7.jar:/home/runner/.m2/repository/org/ow2/asm/asm/5.0.4/asm-5.0.4.jar:/home/runner/.m2/repository/org/apache/zookeeper/zookeeper/3.5.6/zookeeper-3.5.6.jar:/home/runner/.m2/repository/org/apache/zookeeper/zookeeper-jute/3.5.6/zookeeper-jute-3.5.6.jar:/home/runner/.m2/repository/org/apache/yetus/audience-annotations/0.5.0/audience-annotations-0.5.0.jar:/home/runner/.m2/repository/org/apache/curator/curator-framework/4.2.0/curator-framework-4.2.0.jar:/home/runner/.m2/repository/org/apache/hadoop/thirdparty/hadoop-shaded-guava/1.1.1/hadoop-shaded-guava-1.1.1.jar:/home/runner/.m2/repository/com/sun/jersey/jersey-core/1.19/jersey-core-1.19.jar:/home/runner/.m2/repository/javax/ws/rs/jsr311-api/1.1.1/jsr311-api-1.1.1.jar:/home/runner/.m2/repository/com/sun/jersey/jersey-server/1.19/jersey-server-1.19.jar:/home/runner/.m2/repository/javax/servlet/javax.servlet-api/3.1.0/javax.servlet-api-3.1.0.jar:/home/runner/.m2/repository/org/eclipse/jetty/jetty-server/9.4.43.v20210629/jetty-server-9.4.43.v20210629.jar:/home/runner/.m2/repository/org/eclipse/jetty/jetty-http/9.4.43.v20210629/jetty-http-9.4.43.v20210629.jar:/home/runner/.m2/repository/org/eclipse/jetty/jetty-io/9.4.43.v20210629/jetty-io-9.4.43.v20210629.jar:/home/runner/.m2/repository/org/eclipse/jetty/jetty-webapp/9.4.43.v20210629/jetty-webapp-9.4.43.v20210629.jar:/home/runner/.m2/repository/org/eclipse/jetty/jetty-xml/9.4.43.v20210629/jetty-xml-9.4.43.v20210629.jar:/home/runner/.m2/repository/org/apache/hadoop/hadoop-common/3.3.1/hadoop-common-3.3.1.jar:/home/runner/.m2/repository/org/apache/commons/commons-math3/3.1.1/commons-math3-3.1.1.jar:/home/runner/.m2/repository/commons-net/commons-net/3.6/commons-net-3.6.jar:/home/runner/.m2/repository/com/sun/jersey/jersey-servlet/1.19/jersey-servlet-1.19.jar:/home/runner/.m2/repository/com/sun/jersey/jersey-json/1.19/jersey-json-1.19.jar:/home/runner/.m2/repository/org/codehaus/jettison/jettison/1.1/jettison-1.1.jar:/home/runner/.m2/repository/com/sun/xml/bind/jaxb-impl/2.2.3-1/jaxb-impl-2.2.3-1.jar:/home/runner/.m2/repository/org/codehaus/jackson/jackson-xc/1.9.2/jackson-xc-1.9.2.jar:/home/runner/.m2/repository/org/apache/commons/commons-configuration2/2.1.1/commons-configuration2-2.1.1.jar:/home/runner/.m2/repository/org/apache/commons/commons-text/1.4/commons-text-1.4.jar:/home/runner/.m2/repository/com/google/re2j/re2j/1.1/re2j-1.1.jar:/home/runner/.m2/repository/com/jcraft/jsch/0.1.54/jsch-0.1.54.jar:/home/runner/.m2/repository/org/apache/curator/curator-client/4.2.0/curator-client-4.2.0.jar:/home/runner/.m2/repository/org/apache/curator/curator-recipes/4.2.0/curator-recipes-4.2.0.jar:/home/runner/.m2/repository/org/apache/kerby/kerb-core/1.0.1/kerb-core-1.0.1.jar:/home/runner/.m2/repository/org/apache/kerby/kerby-pkix/1.0.1/kerby-pkix-1.0.1.jar:/home/runner/.m2/repository/org/apache/kerby/kerby-asn1/1.0.1/kerby-asn1-1.0.1.jar:/home/runner/.m2/repository/org/apache/kerby/kerby-util/1.0.1/kerby-util-1.0.1.jar:/home/runner/.m2/repository/dnsjava/dnsjava/2.1.7/dnsjava-2.1.7.jar:/home/runner/.m2/repository/org/xerial/snappy/snappy-java/1.1.8.2/snappy-java-1.1.8.2.jar:/home/runner/.m2/repository/org/slf4j/jul-to-slf4j/1.7.30/jul-to-slf4j-1.7.30.jar:/home/runner/.m2/repository/org/eclipse/jetty/jetty-util/9.4.43.v20210629/jetty-util-9.4.43.v20210629.jar:/home/runner/.m2/repository/com/fasterxml/jackson/core/jackson-databind/2.13.2.2/jackson-databind-2.13.2.2.jar:/home/runner/.m2/repository/org/apache/hadoop/hadoop-kms/3.3.1/hadoop-kms-3.3.1-tests.jar:/home/runner/.m2/repository/org/apache/ozone/hdds-server-scm/1.3.0-SNAPSHOT/hdds-server-scm-1.3.0-SNAPSHOT-tests.jar:/home/runner/.m2/repository/org/apache/ozone/hdds-container-service/1.3.0-SNAPSHOT/hdds-container-service-1.3.0-SNAPSHOT-tests.jar:/home/runner/.m2/repository/commons-codec/commons-codec/1.11/commons-codec-1.11.jar:/home/runner/.m2/repository/io/netty/netty-codec/4.1.74.Final/netty-codec-4.1.74.Final.jar:/home/runner/.m2/repository/io/netty/netty-handler/4.1.74.Final/netty-handler-4.1.74.Final.jar:/home/runner/.m2/repository/org/apache/ozone/hdds-hadoop-dependency-test/1.3.0-SNAPSHOT/hdds-hadoop-dependency-test-1.3.0-SNAPSHOT.jar:/home/runner/.m2/repository/org/apache/hadoop/hadoop-common/3.3.1/hadoop-common-3.3.1-tests.jar:/home/runner/.m2/repository/org/assertj/assertj-core/3.12.2/assertj-core-3.12.2.jar:/home/runner/.m2/repository/org/apache/hadoop/hadoop-hdfs/3.3.1/hadoop-hdfs-3.3.1-tests.jar:/home/runner/.m2/repository/org/eclipse/jetty/jetty-util-ajax/9.4.43.v20210629/jetty-util-ajax-9.4.43.v20210629.jar:/home/runner/.m2/repository/commons-daemon/commons-daemon/1.0.13/commons-daemon-1.0.13.jar:/home/runner/.m2/repository/io/netty/netty/3.10.6.Final/netty-3.10.6.Final.jar:/home/runner/.m2/repository/io/netty/netty-all/4.1.74.Final/netty-all-4.1.74.Final.jar:/home/runner/.m2/repository/io/netty/netty-codec-dns/4.1.74.Final/netty-codec-dns-4.1.74.Final.jar:/home/runner/.m2/repository/io/netty/netty-codec-haproxy/4.1.74.Final/netty-codec-haproxy-4.1.74.Final.jar:/home/runner/.m2/repository/io/netty/netty-codec-memcache/4.1.74.Final/netty-codec-memcache-4.1.74.Final.jar:/home/runner/.m2/repository/io/netty/netty-codec-mqtt/4.1.74.Final/netty-codec-mqtt-4.1.74.Final.jar:/home/runner/.m2/repository/io/netty/netty-codec-redis/4.1.74.Final/netty-codec-redis-4.1.74.Final.jar:/home/runner/.m2/repository/io/netty/netty-codec-smtp/4.1.74.Final/netty-codec-smtp-4.1.74.Final.jar:/home/runner/.m2/repository/io/netty/netty-codec-stomp/4.1.74.Final/netty-codec-stomp-4.1.74.Final.jar:/home/runner/.m2/repository/io/netty/netty-codec-xml/4.1.74.Final/netty-codec-xml-4.1.74.Final.jar:/home/runner/.m2/repository/io/netty/netty-resolver-dns/4.1.74.Final/netty-resolver-dns-4.1.74.Final.jar:/home/runner/.m2/repository/io/netty/netty-transport-rxtx/4.1.74.Final/netty-transport-rxtx-4.1.74.Final.jar:/home/runner/.m2/repository/io/netty/netty-transport-sctp/4.1.74.Final/netty-transport-sctp-4.1.74.Final.jar:/home/runner/.m2/repository/io/netty/netty-transport-udt/4.1.74.Final/netty-transport-udt-4.1.74.Final.jar:/home/runner/.m2/repository/io/netty/netty-transport-classes-kqueue/4.1.74.Final/netty-transport-classes-kqueue-4.1.74.Final.jar:/home/runner/.m2/repository/io/netty/netty-resolver-dns-classes-macos/4.1.74.Final/netty-resolver-dns-classes-macos-4.1.74.Final.jar:/home/runner/.m2/repository/io/netty/netty-transport-native-epoll/4.1.74.Final/netty-transport-native-epoll-4.1.74.Final-linux-aarch_64.jar:/home/runner/.m2/repository/io/netty/netty-transport-native-kqueue/4.1.74.Final/netty-transport-native-kqueue-4.1.74.Final-osx-x86_64.jar:/home/runner/.m2/repository/io/netty/netty-transport-native-kqueue/4.1.74.Final/netty-transport-native-kqueue-4.1.74.Final-osx-aarch_64.jar:/home/runner/.m2/repository/io/netty/netty-resolver-dns-native-macos/4.1.74.Final/netty-resolver-dns-native-macos-4.1.74.Final-osx-x86_64.jar:/home/runner/.m2/repository/io/netty/netty-resolver-dns-native-macos/4.1.74.Final/netty-resolver-dns-native-macos-4.1.74.Final-osx-aarch_64.jar:/home/runner/.m2/repository/org/apache/htrace/htrace-core4/4.1.0-incubating/htrace-core4-4.1.0-incubating.jar:/home/runner/.m2/repository/org/fusesource/leveldbjni/leveldbjni-all/1.8/leveldbjni-all-1.8.jar:/home/runner/.m2/repository/org/apache/hadoop/hadoop-distcp/3.3.1/hadoop-distcp-3.3.1.jar:/home/runner/.m2/repository/org/apache/hadoop/hadoop-mapreduce-client-jobclient/3.3.1/hadoop-mapreduce-client-jobclient-3.3.1.jar:/home/runner/.m2/repository/org/apache/hadoop/hadoop-mapreduce-client-common/3.3.1/hadoop-mapreduce-client-common-3.3.1.jar:/home/runner/.m2/repository/org/apache/hadoop/hadoop-yarn-common/3.3.1/hadoop-yarn-common-3.3.1.jar:/home/runner/.m2/repository/org/apache/hadoop/hadoop-yarn-api/3.3.1/hadoop-yarn-api-3.3.1.jar:/home/runner/.m2/repository/com/sun/jersey/contribs/jersey-guice/1.19/jersey-guice-1.19.jar:/home/runner/.m2/repository/com/fasterxml/jackson/jaxrs/jackson-jaxrs-json-provider/2.13.2/jackson-jaxrs-json-provider-2.13.2.jar:/home/runner/.m2/repository/com/fasterxml/jackson/jaxrs/jackson-jaxrs-base/2.13.2/jackson-jaxrs-base-2.13.2.jar:/home/runner/.m2/repository/org/apache/hadoop/hadoop-yarn-client/3.3.1/hadoop-yarn-client-3.3.1.jar:/home/runner/.m2/repository/org/eclipse/jetty/websocket/websocket-client/9.4.40.v20210413/websocket-client-9.4.40.v20210413.jar:/home/runner/.m2/repository/org/eclipse/jetty/websocket/websocket-common/9.4.40.v20210413/websocket-common-9.4.40.v20210413.jar:/home/runner/.m2/repository/org/eclipse/jetty/websocket/websocket-api/9.4.40.v20210413/websocket-api-9.4.40.v20210413.jar:/home/runner/.m2/repository/org/jline/jline/3.9.0/jline-3.9.0.jar:/home/runner/.m2/repository/org/apache/hadoop/hadoop-mapreduce-client-core/3.3.1/hadoop-mapreduce-client-core-3.3.1.jar:/home/runner/.m2/repository/org/apache/avro/avro/1.7.7/avro-1.7.7.jar:/home/runner/.m2/repository/org/codehaus/jackson/jackson-core-asl/1.9.13/jackson-core-asl-1.9.13.jar:/home/runner/.m2/repository/org/codehaus/jackson/jackson-mapper-asl/1.9.13/jackson-mapper-asl-1.9.13.jar:/home/runner/.m2/repository/com/thoughtworks/paranamer/paranamer/2.3/paranamer-2.3.jar:/home/runner/.m2/repository/org/apache/hadoop/hadoop-annotations/3.3.1/hadoop-annotations-3.3.1.jar:/usr/lib/jvm/temurin-8-jdk-amd64/jre/../lib/tools.jar:/home/runner/.m2/repository/org/apache/hadoop/hadoop-distcp/3.3.1/hadoop-distcp-3.3.1-tests.jar:/home/runner/.m2/repository/org/apache/ratis/ratis-common/2.3.0/ratis-common-2.3.0.jar:/home/runner/.m2/repository/org/apache/ratis/ratis-thirdparty-misc/1.0.0/ratis-thirdparty-misc-1.0.0.jar:/home/runner/.m2/repository/org/apache/ratis/ratis-proto/2.3.0/ratis-proto-2.3.0.jar:/home/runner/.m2/repository/org/apache/ozone/ozone-annotation-processing/1.3.0-SNAPSHOT/ozone-annotation-processing-1.3.0-SNAPSHOT.jar:"/>
    <property name="sun.cpu.endian" value="little"/>
    <property name="user.home" value="/home/runner"/>
    <property name="user.language" value="en"/>
    <property name="java.specification.vendor" value="Oracle Corporation"/>
    <property name="java.home" value="/usr/lib/jvm/temurin-8-jdk-amd64/jre"/>
    <property name="java.security.krb5.conf" value="/home/runner/work/ozone/ozone/hadoop-ozone/integration-test/target/test-classes/krb5.conf"/>
    <property name="basedir" value="/home/runner/work/ozone/ozone/hadoop-ozone/integration-test"/>
    <property name="file.separator" value="/"/>
    <property name="line.separator" value="&#10;"/>
    <property name="java.vm.specification.vendor" value="Oracle Corporation"/>
    <property name="java.specification.name" value="Java Platform API Specification"/>
    <property name="java.awt.graphicsenv" value="sun.awt.X11GraphicsEnvironment"/>
    <property name="skip.installnpx" value="true"/>
    <property name="surefire.real.class.path" value="/home/runner/work/ozone/ozone/hadoop-ozone/integration-test/target/surefire/surefirebooter647126695202150368.jar:/home/runner/.m2/repository/org/jacoco/org.jacoco.agent/0.8.5/org.jacoco.agent-0.8.5-runtime.jar"/>
    <property name="hadoop.log.dir" value="/home/runner/work/ozone/ozone/hadoop-ozone/integration-test/target/log"/>
    <property name="sun.boot.class.path" value="/usr/lib/jvm/temurin-8-jdk-amd64/jre/lib/resources.jar:/usr/lib/jvm/temurin-8-jdk-amd64/jre/lib/rt.jar:/usr/lib/jvm/temurin-8-jdk-amd64/jre/lib/sunrsasign.jar:/usr/lib/jvm/temurin-8-jdk-amd64/jre/lib/jsse.jar:/usr/lib/jvm/temurin-8-jdk-amd64/jre/lib/jce.jar:/usr/lib/jvm/temurin-8-jdk-amd64/jre/lib/charsets.jar:/usr/lib/jvm/temurin-8-jdk-amd64/jre/lib/jfr.jar:/usr/lib/jvm/temurin-8-jdk-amd64/jre/classes"/>
    <property name="sun.management.compiler" value="HotSpot 64-Bit Tiered Compilers"/>
    <property name="skip.npx" value="true"/>
    <property name="java.runtime.version" value="1.8.0_332-b09"/>
    <property name="java.net.preferIPv4Stack" value="true"/>
    <property name="user.name" value="runner"/>
    <property name="path.separator" value=":"/>
    <property name="java.security.egd" value="file:///dev/urandom"/>
    <property name="os.version" value="5.4.0-1083-azure"/>
    <property name="java.endorsed.dirs" value="/usr/lib/jvm/temurin-8-jdk-amd64/jre/lib/endorsed"/>
    <property name="java.runtime.name" value="OpenJDK Runtime Environment"/>
    <property name="file.encoding" value="UTF-8"/>
    <property name="java.vm.name" value="OpenJDK 64-Bit Server VM"/>
    <property name="test.build.webapps" value=""/>
    <property name="localRepository" value="/home/runner/.m2/repository"/>
    <property name="jetty.git.hash" value="526006ecfa3af7f1a27ef3a288e2bef7ea9dd7e8"/>
    <property name="java.vendor.url.bug" value="https://github.com/adoptium/adoptium-support/issues"/>
    <property name="java.io.tmpdir" value="/tmp"/>
    <property name="require.test.libhadoop" value=""/>
    <property name="java.version" value="1.8.0_332"/>
    <property name="user.dir" value="/home/runner/work/ozone/ozone/hadoop-ozone/integration-test"/>
    <property name="os.arch" value="amd64"/>
    <property name="java.vm.specification.name" value="Java Virtual Machine Specification"/>
    <property name="test.build.classes" value="/home/runner/work/ozone/ozone/hadoop-ozone/integration-test/target/test-classes"/>
    <property name="java.awt.printerjob" value="sun.print.PSPrinterJob"/>
    <property name="sun.os.patch.level" value="unknown"/>
    <property name="hadoop.tmp.dir" value="/home/runner/work/ozone/ozone/hadoop-ozone/integration-test/target/tmp"/>
    <property name="java.library.path" value="/usr/java/packages/lib/amd64:/usr/lib64:/lib64:/lib:/usr/lib"/>
    <property name="java.vm.info" value="mixed mode"/>
    <property name="java.vendor" value="Temurin"/>
    <property name="java.vm.version" value="25.332-b09"/>
    <property name="java.ext.dirs" value="/usr/lib/jvm/temurin-8-jdk-amd64/jre/lib/ext:/usr/java/packages/lib/ext"/>
    <property name="sun.io.unicode.encoding" value="UnicodeLittle"/>
    <property name="java.class.version" value="52.0"/>
  </properties>
  <testcase name="testGetTrashRoot" classname="TestOzoneFileSystem" time="20.478">
    <system-out><![CDATA[2022-06-21 13:52:25,619 [main] WARN  server.ServerUtils (ServerUtils.java:getScmDbDir(148)) - ozone.scm.db.dirs is not configured. We recommend adding this setting. Falling back to ozone.metadata.dirs instead.
2022-06-21 13:52:25,702 [main] WARN  server.ServerUtils (ServerUtils.java:getScmDbDir(148)) - ozone.scm.db.dirs is not configured. We recommend adding this setting. Falling back to ozone.metadata.dirs instead.
2022-06-21 13:52:25,706 [main] INFO  ha.SCMHANodeDetails (SCMHANodeDetails.java:loadSCMHAConfig(209)) - ServiceID for StorageContainerManager is null
2022-06-21 13:52:25,716 [main] WARN  ha.SCMHANodeDetails (SCMHANodeDetails.java:validateSCMHAConfig(182)) - Invalid config ozone.scm.ratis.enable. The config was not specified, but the default value true conflicts with the expected config value false. Falling back to the expected value. Current State of SCM: SCM is running in Non-HA without Ratis Ratis SCM -> Non Ratis SCM or Non HA SCM -> HA SCM is not supported
2022-06-21 13:52:25,717 [main] INFO  ha.SCMHANodeDetails (SCMHANodeDetails.java:loadSCMHAConfig(214)) - ozone.scm.default.service.id is not defined, falling back to ozone.scm.service.ids to find serviceID for StorageContainerManager if it is HA enabled cluster
2022-06-21 13:52:26,232 [main] WARN  utils.HAUtils (HAUtils.java:getMetaDir(342)) - ozone.scm.db.dirs is not configured. We recommend adding this setting. Falling back to ozone.metadata.dirs instead.
2022-06-21 13:52:26,450 [main] WARN  db.DBStoreBuilder (DBStoreBuilder.java:applyDBDefinition(145)) - ozone.scm.db.dirs is not configured. We recommend adding this setting. Falling back to ozone.metadata.dirs instead.
2022-06-21 13:52:26,666 [main] INFO  net.NodeSchemaLoader (NodeSchemaLoader.java:loadSchemaFromFile(129)) - Loading schema from [jar:file:/home/runner/.m2/repository/org/apache/ozone/hdds-common/1.3.0-SNAPSHOT/hdds-common-1.3.0-SNAPSHOT.jar!/network-topology-default.xml]
2022-06-21 13:52:26,667 [main] INFO  net.NodeSchemaLoader (NodeSchemaLoader.java:loadSchema(176)) - Loading network topology layer schema file
2022-06-21 13:52:26,708 [main] INFO  metrics.MetricRegistries (MetricRegistriesLoader.java:load(64)) - Loaded MetricRegistries class org.apache.ratis.metrics.impl.MetricRegistriesImpl
2022-06-21 13:52:26,715 [main] INFO  upgrade.AbstractLayoutVersionManager (AbstractLayoutVersionManager.java:init(82)) - Initializing Layout version manager with metadata layout = DATANODE_SCHEMA_V3 (version = 4), software layout = DATANODE_SCHEMA_V3 (version = 4)
2022-06-21 13:52:26,894 [main] INFO  reflections.Reflections (Reflections.java:scan(232)) - Reflections took 114 ms to scan 7 urls, producing 131 keys and 315 values 
2022-06-21 13:52:26,988 [main] INFO  ha.SequenceIdGenerator (SequenceIdGenerator.java:upgradeToSequenceId(347)) - upgrade localId to 109611004723200000
2022-06-21 13:52:26,988 [main] INFO  ha.SequenceIdGenerator (SequenceIdGenerator.java:upgradeToSequenceId(357)) - upgrade delTxnId to 0
2022-06-21 13:52:26,992 [main] INFO  ha.SequenceIdGenerator (SequenceIdGenerator.java:upgradeToSequenceId(374)) - upgrade containerId to 0
2022-06-21 13:52:26,994 [main] INFO  ha.SequenceIdGenerator (SequenceIdGenerator.java:<init>(218)) - Init the HA SequenceIdGenerator.
2022-06-21 13:52:27,033 [main] WARN  server.ServerUtils (ServerUtils.java:sanitizeUserArgs(73)) - ozone.scm.stale.node.interval value = 300000 is larger than max = 100000 based on the key value of ozone.scm.heartbeat.thread.interval, reset to the max value 100000.
2022-06-21 13:52:27,034 [main] WARN  server.ServerUtils (ServerUtils.java:sanitizeUserArgs(73)) - ozone.scm.stale.node.interval value = 300000 is larger than max = 100000 based on the key value of ozone.scm.heartbeat.thread.interval, reset to the max value 100000.
2022-06-21 13:52:27,040 [main] INFO  node.SCMNodeManager (SCMNodeManager.java:<init>(149)) - Entering startup safe mode.
2022-06-21 13:52:27,104 [main] INFO  algorithms.ContainerPlacementPolicyFactory (ContainerPlacementPolicyFactory.java:getPolicyInternal(86)) - Create container placement policy of type org.apache.hadoop.hdds.scm.container.placement.algorithms.SCMContainerPlacementRandom
2022-06-21 13:52:27,115 [main] INFO  pipeline.PipelineStateManagerImpl (PipelineStateManagerImpl.java:initialize(78)) - No pipeline exists in current db
2022-06-21 13:52:27,168 [main] INFO  algorithms.LeaderChoosePolicyFactory (LeaderChoosePolicyFactory.java:getPolicy(57)) - Create leader choose policy of type org.apache.hadoop.hdds.scm.pipeline.leader.choose.algorithms.MinLeaderCountChoosePolicy
2022-06-21 13:52:27,169 [main] INFO  algorithms.ContainerPlacementPolicyFactory (ContainerPlacementPolicyFactory.java:getPolicyInternal(86)) - Create container placement policy of type org.apache.hadoop.hdds.scm.container.placement.algorithms.SCMContainerPlacementRackScatter
2022-06-21 13:52:27,174 [main] INFO  pipeline.BackgroundPipelineCreator (BackgroundPipelineCreator.java:start(125)) - Starting RatisPipelineUtilsThread.
2022-06-21 13:52:27,178 [main] INFO  BackgroundPipelineScrubber (BackgroundSCMService.java:start(68)) - Starting BackgroundPipelineScrubber Service.
2022-06-21 13:52:27,182 [main] INFO  ha.SCMServiceManager (SCMServiceManager.java:register(42)) - Registering service BackgroundPipelineCreator.
2022-06-21 13:52:27,183 [main] INFO  ha.SCMServiceManager (SCMServiceManager.java:register(42)) - Registering service BackgroundPipelineScrubber.
2022-06-21 13:52:27,190 [main] INFO  ExpiredContainerReplicaOpScrubber (BackgroundSCMService.java:start(68)) - Starting ExpiredContainerReplicaOpScrubber Service.
2022-06-21 13:52:27,192 [main] INFO  ha.SCMServiceManager (SCMServiceManager.java:register(42)) - Registering service ExpiredContainerReplicaOpScrubber.
2022-06-21 13:52:27,218 [main] INFO  algorithms.PipelineChoosePolicyFactory (PipelineChoosePolicyFactory.java:createPipelineChoosePolicyFromClass(73)) - Create pipeline choose policy of type org.apache.hadoop.hdds.scm.pipeline.choose.algorithms.RandomPipelineChoosePolicy
2022-06-21 13:52:27,236 [main] INFO  ha.SCMServiceManager (SCMServiceManager.java:register(42)) - Registering service SCMBlockDeletingService.
2022-06-21 13:52:27,263 [main] INFO  ha.SCMServiceManager (SCMServiceManager.java:register(42)) - Registering service ReplicationManager.
2022-06-21 13:52:27,264 [main] INFO  replication.ReplicationManager (ReplicationManager.java:start(179)) - Starting Replication Monitor Thread.
2022-06-21 13:52:27,275 [ReplicationMonitor] INFO  replication.ReplicationManager (ReplicationManager.java:processAll(228)) - Replication Manager is not ready to run until 3000ms after safemode exit
2022-06-21 13:52:27,281 [main] INFO  safemode.ContainerSafeModeRule (ContainerSafeModeRule.java:<init>(89)) - containers with one replica threshold count 0
2022-06-21 13:52:27,284 [main] INFO  safemode.HealthyPipelineSafeModeRule (HealthyPipelineSafeModeRule.java:initializeRule(156)) - Total pipeline count is 0, healthy pipeline threshold count is 1
2022-06-21 13:52:27,287 [main] INFO  safemode.OneReplicaPipelineSafeModeRule (OneReplicaPipelineSafeModeRule.java:initializeRule(180)) - Total pipeline count is 0, pipeline's with at least one datanode reported threshold count is 0
2022-06-21 13:52:27,590 [main] INFO  audit.AuditLogger (AuditLogger.java:refreshDebugCmdSet(120)) - Refresh DebugCmdSet for SCMAudit to [].
2022-06-21 13:52:27,622 [main] INFO  ipc.CallQueueManager (CallQueueManager.java:<init>(90)) - Using callQueue: class java.util.concurrent.LinkedBlockingQueue, queueCapacity: 2000, scheduler: class org.apache.hadoop.ipc.DefaultRpcScheduler, ipcBackoff: false.
2022-06-21 13:52:27,661 [Socket Reader #1 for port 0] INFO  ipc.Server (Server.java:run(1265)) - Starting Socket Reader #1 for port 0
2022-06-21 13:52:27,718 [Listener at 0.0.0.0/36017] INFO  audit.AuditLogger (AuditLogger.java:refreshDebugCmdSet(120)) - Refresh DebugCmdSet for SCMAudit to [].
2022-06-21 13:52:27,723 [Listener at 0.0.0.0/36017] INFO  ipc.CallQueueManager (CallQueueManager.java:<init>(90)) - Using callQueue: class java.util.concurrent.LinkedBlockingQueue, queueCapacity: 2000, scheduler: class org.apache.hadoop.ipc.DefaultRpcScheduler, ipcBackoff: false.
2022-06-21 13:52:27,724 [Socket Reader #1 for port 0] INFO  ipc.Server (Server.java:run(1265)) - Starting Socket Reader #1 for port 0
2022-06-21 13:52:27,754 [Listener at 0.0.0.0/42607] INFO  audit.AuditLogger (AuditLogger.java:refreshDebugCmdSet(120)) - Refresh DebugCmdSet for SCMAudit to [].
2022-06-21 13:52:27,765 [Listener at 0.0.0.0/42607] INFO  ipc.CallQueueManager (CallQueueManager.java:<init>(90)) - Using callQueue: class java.util.concurrent.LinkedBlockingQueue, queueCapacity: 2000, scheduler: class org.apache.hadoop.ipc.DefaultRpcScheduler, ipcBackoff: false.
2022-06-21 13:52:27,768 [Socket Reader #1 for port 0] INFO  ipc.Server (Server.java:run(1265)) - Starting Socket Reader #1 for port 0
2022-06-21 13:52:27,824 [Listener at 0.0.0.0/46099] INFO  ha.SCMServiceManager (SCMServiceManager.java:register(42)) - Registering service ContainerBalancer.
2022-06-21 13:52:27,825 [Listener at 0.0.0.0/46099] INFO  server.StorageContainerManager (StorageContainerManager.java:<init>(399)) - 
Container Balancer status:
Key                            Value
Running                        false
Container Balancer Configuration values:
Key                                                Value
Threshold                                          10
Max Datanodes to Involve per Iteration(percent)    20
Max Size to Move per Iteration                     500GB
Max Size Entering Target per Iteration             26GB
Max Size Leaving Source per Iteration              26GB

2022-06-21 13:52:27,825 [Listener at 0.0.0.0/46099] WARN  events.EventQueue (EventQueue.java:fireEvent(194)) - No event handler registered for event TypedEvent{payloadType=SafeModeStatus, name='Safe mode status'}
2022-06-21 13:52:27,825 [Listener at 0.0.0.0/46099] INFO  ha.SCMContext (SCMContext.java:updateSafeModeStatus(228)) - Update SafeModeStatus from SafeModeStatus{safeModeStatus=true, preCheckPassed=false} to SafeModeStatus{safeModeStatus=true, preCheckPassed=false}.
2022-06-21 13:52:27,828 [Listener at 0.0.0.0/46099] INFO  server.StorageContainerManager (StorageContainerManager.java:start(1412)) - StorageContainerLocationProtocol RPC server is listening at /0.0.0.0:46099
2022-06-21 13:52:27,911 [Listener at 0.0.0.0/46099] WARN  impl.MetricsConfig (MetricsConfig.java:loadFirst(136)) - Cannot locate configuration: tried hadoop-metrics2-storagecontainermanager.properties,hadoop-metrics2.properties
2022-06-21 13:52:27,924 [Listener at 0.0.0.0/46099] INFO  impl.MetricsSystemImpl (MetricsSystemImpl.java:startTimer(378)) - Scheduled Metric snapshot period at 10 second(s).
2022-06-21 13:52:27,925 [Listener at 0.0.0.0/46099] INFO  impl.MetricsSystemImpl (MetricsSystemImpl.java:start(191)) - StorageContainerManager metrics system started
2022-06-21 13:52:28,236 [Listener at 0.0.0.0/46099] INFO  server.SCMClientProtocolServer (SCMClientProtocolServer.java:start(169)) - RPC server for Client  is listening at /0.0.0.0:46099
2022-06-21 13:52:28,239 [IPC Server Responder] INFO  ipc.Server (Server.java:run(1507)) - IPC Server Responder: starting
2022-06-21 13:52:28,240 [IPC Server listener on 0] INFO  ipc.Server (Server.java:run(1344)) - IPC Server listener on 0: starting
2022-06-21 13:52:28,251 [Listener at 0.0.0.0/46099] INFO  server.StorageContainerManager (StorageContainerManager.java:start(1427)) - ScmBlockLocationProtocol RPC server is listening at /0.0.0.0:42607
2022-06-21 13:52:28,251 [Listener at 0.0.0.0/46099] INFO  server.SCMBlockProtocolServer (SCMBlockProtocolServer.java:start(151)) - RPC server for Block Protocol is listening at /0.0.0.0:42607
2022-06-21 13:52:28,252 [IPC Server Responder] INFO  ipc.Server (Server.java:run(1507)) - IPC Server Responder: starting
2022-06-21 13:52:28,252 [IPC Server listener on 0] INFO  ipc.Server (Server.java:run(1344)) - IPC Server listener on 0: starting
2022-06-21 13:52:28,255 [Listener at 0.0.0.0/46099] INFO  server.SCMDatanodeProtocolServer (SCMDatanodeProtocolServer.java:start(183)) - ScmDatanodeProtocol RPC server for DataNodes is listening at /0.0.0.0:36017
2022-06-21 13:52:28,256 [IPC Server Responder] INFO  ipc.Server (Server.java:run(1507)) - IPC Server Responder: starting
2022-06-21 13:52:28,256 [IPC Server listener on 0] INFO  ipc.Server (Server.java:run(1344)) - IPC Server listener on 0: starting
2022-06-21 13:52:28,269 [org.apache.hadoop.util.JvmPauseMonitor$Monitor@5d449307] INFO  util.JvmPauseMonitor (JvmPauseMonitor.java:run(188)) - Starting JVM pause monitor
2022-06-21 13:52:28,288 [Listener at 0.0.0.0/46099] INFO  http.BaseHttpServer (BaseHttpServer.java:newHttpServer2BuilderForOzone(209)) - Starting Web-server for scm at: http://0.0.0.0:0
2022-06-21 13:52:28,289 [Listener at 0.0.0.0/46099] INFO  http.BaseHttpServer (BaseHttpServer.java:<init>(107)) - Hadoop Security Enabled: false Ozone Security Enabled: false Ozone HTTP Security Enabled: false 
2022-06-21 13:52:28,317 [Listener at 0.0.0.0/46099] INFO  util.log (Log.java:initialized(170)) - Logging initialized @4311ms to org.eclipse.jetty.util.log.Slf4jLog
2022-06-21 13:52:28,436 [Listener at 0.0.0.0/46099] INFO  server.AuthenticationFilter (AuthenticationFilter.java:constructSecretProvider(240)) - Unable to initialize FileSignerSecretProvider, falling back to use random secrets.
2022-06-21 13:52:28,443 [Listener at 0.0.0.0/46099] WARN  http.HttpRequestLog (HttpRequestLog.java:getRequestLog(103)) - Jetty request log can only be enabled using Log4j
2022-06-21 13:52:28,451 [Listener at 0.0.0.0/46099] INFO  http.HttpServer2 (HttpServer2.java:addGlobalFilter(1029)) - Added global filter 'safety' (class=org.apache.hadoop.hdds.server.http.HttpServer2$QuotingInputFilter)
2022-06-21 13:52:28,453 [Listener at 0.0.0.0/46099] INFO  http.HttpServer2 (HttpServer2.java:addFilter(1005)) - Added filter static_user_filter (class=org.apache.hadoop.http.lib.StaticUserWebFilter$StaticUserFilter) to context scm
2022-06-21 13:52:28,453 [Listener at 0.0.0.0/46099] INFO  http.HttpServer2 (HttpServer2.java:addFilter(1013)) - Added filter static_user_filter (class=org.apache.hadoop.http.lib.StaticUserWebFilter$StaticUserFilter) to context logs
2022-06-21 13:52:28,453 [Listener at 0.0.0.0/46099] INFO  http.HttpServer2 (HttpServer2.java:addFilter(1013)) - Added filter static_user_filter (class=org.apache.hadoop.http.lib.StaticUserWebFilter$StaticUserFilter) to context static
2022-06-21 13:52:28,499 [Listener at 0.0.0.0/46099] INFO  http.HttpServer2 (HttpServer2.java:bindListener(1248)) - Jetty bound to port 32833
2022-06-21 13:52:28,501 [Listener at 0.0.0.0/46099] INFO  server.Server (Server.java:doStart(375)) - jetty-9.4.43.v20210629; built: 2021-06-30T11:07:22.254Z; git: 526006ecfa3af7f1a27ef3a288e2bef7ea9dd7e8; jvm 1.8.0_332-b09
2022-06-21 13:52:28,539 [Listener at 0.0.0.0/46099] INFO  server.session (DefaultSessionIdManager.java:doStart(334)) - DefaultSessionIdManager workerName=node0
2022-06-21 13:52:28,540 [Listener at 0.0.0.0/46099] INFO  server.session (DefaultSessionIdManager.java:doStart(339)) - No SessionScavenger set, using defaults
2022-06-21 13:52:28,542 [Listener at 0.0.0.0/46099] INFO  server.session (HouseKeeper.java:startScavenging(132)) - node0 Scavenging every 600000ms
2022-06-21 13:52:28,555 [Listener at 0.0.0.0/46099] INFO  handler.ContextHandler (ContextHandler.java:doStart(915)) - Started o.e.j.s.ServletContextHandler@c3114ea{logs,/logs,file:///home/runner/work/ozone/ozone/hadoop-ozone/integration-test/target/log,AVAILABLE}
2022-06-21 13:52:28,556 [Listener at 0.0.0.0/46099] INFO  handler.ContextHandler (ContextHandler.java:doStart(915)) - Started o.e.j.s.ServletContextHandler@1bfb60b7{static,/static,file:///home/runner/work/ozone/ozone/hadoop-ozone/integration-test/target/test-classes/webapps/static,AVAILABLE}
2022-06-21 13:52:28,601 [Listener at 0.0.0.0/46099] INFO  handler.ContextHandler (ContextHandler.java:doStart(915)) - Started o.e.j.w.WebAppContext@2ad80cf6{scm,/,file:///home/runner/work/ozone/ozone/hadoop-ozone/integration-test/target/test-classes/webapps/scm/,AVAILABLE}{file:/home/runner/work/ozone/ozone/hadoop-ozone/integration-test/target/test-classes/webapps/scm}
2022-06-21 13:52:28,611 [Listener at 0.0.0.0/46099] INFO  server.AbstractConnector (AbstractConnector.java:doStart(331)) - Started ServerConnector@5dc7881d{HTTP/1.1, (http/1.1)}{0.0.0.0:32833}
2022-06-21 13:52:28,614 [Listener at 0.0.0.0/46099] INFO  server.Server (Server.java:doStart(415)) - Started @4607ms
2022-06-21 13:52:28,616 [Listener at 0.0.0.0/46099] INFO  impl.MetricsSinkAdapter (MetricsSinkAdapter.java:start(204)) - Sink prometheus started
2022-06-21 13:52:28,616 [Listener at 0.0.0.0/46099] INFO  impl.MetricsSystemImpl (MetricsSystemImpl.java:registerSink(305)) - Registered sink prometheus
2022-06-21 13:52:28,618 [Listener at 0.0.0.0/46099] INFO  http.BaseHttpServer (BaseHttpServer.java:updateConnectorAddress(329)) - HTTP server of scm listening at http://0.0.0.0:32833
2022-06-21 13:52:28,620 [Listener at 0.0.0.0/46099] WARN  server.ServerUtils (ServerUtils.java:getDBPath(225)) - ozone.om.db.dirs is not configured. We recommend adding this setting. Falling back to ozone.metadata.dirs instead.
2022-06-21 13:52:28,690 [Listener at 0.0.0.0/46099] INFO  audit.AuditLogger (AuditLogger.java:refreshDebugCmdSet(120)) - Refresh DebugCmdSet for OMAudit to [].
2022-06-21 13:52:28,786 [Listener at 0.0.0.0/46099] INFO  ha.OMHANodeDetails (OMHANodeDetails.java:loadOMHAConfig(115)) - ozone.om.internal.service.id is not defined, falling back to ozone.om.service.ids to find serviceID for OzoneManager if it is HA enabled cluster
2022-06-21 13:52:28,789 [Listener at 0.0.0.0/46099] INFO  ha.OMHANodeDetails (OMHANodeDetails.java:loadOMHAConfig(226)) - Configuration does not have ozone.om.address set. Falling back to the default OM address /127.0.0.1:0
2022-06-21 13:52:28,790 [Listener at 0.0.0.0/46099] INFO  ha.OMHANodeDetails (OMHANodeDetails.java:getOMNodeDetailsForNonHA(254)) - OM Service ID is not set. Setting it to the default ID: omServiceIdDefault
2022-06-21 13:52:28,790 [Listener at 0.0.0.0/46099] INFO  ha.OMHANodeDetails (OMHANodeDetails.java:getOMNodeDetailsForNonHA(261)) - OM Node ID is not set. Setting it to the default ID: om1
2022-06-21 13:52:28,794 [Listener at 0.0.0.0/46099] WARN  server.ServerUtils (ServerUtils.java:getDBPath(225)) - ozone.om.db.dirs is not configured. We recommend adding this setting. Falling back to ozone.metadata.dirs instead.
2022-06-21 13:52:28,796 [Listener at 0.0.0.0/46099] INFO  upgrade.AbstractLayoutVersionManager (AbstractLayoutVersionManager.java:init(82)) - Initializing Layout version manager with metadata layout = MULTITENANCY_SCHEMA (version = 3), software layout = MULTITENANCY_SCHEMA (version = 3)
2022-06-21 13:52:28,877 [Listener at 0.0.0.0/46099] INFO  reflections.Reflections (Reflections.java:scan(232)) - Reflections took 76 ms to scan 2 urls, producing 153 keys and 431 values [using 2 cores]
2022-06-21 13:52:28,881 [Listener at 0.0.0.0/46099] INFO  upgrade.OMLayoutVersionManager (OMLayoutVersionManager.java:lambda$0(115)) - Skipping Upgrade Action MockOmUpgradeAction since it has been finalized.
2022-06-21 13:52:28,882 [Listener at 0.0.0.0/46099] WARN  server.ServerUtils (ServerUtils.java:getDBPath(225)) - ozone.om.db.dirs is not configured. We recommend adding this setting. Falling back to ozone.metadata.dirs instead.
2022-06-21 13:52:29,085 [Listener at 0.0.0.0/46099] INFO  proxy.SCMBlockLocationFailoverProxyProvider (SCMBlockLocationFailoverProxyProvider.java:<init>(114)) - Created block location fail-over proxy with 1 nodes: [nodeId=scmNodeId,nodeAddress=/0.0.0.0:42607]
2022-06-21 13:52:29,112 [Listener at 0.0.0.0/46099] INFO  proxy.SCMBlockLocationFailoverProxyProvider (SCMBlockLocationFailoverProxyProvider.java:<init>(114)) - Created block location fail-over proxy with 1 nodes: [nodeId=scmNodeId,nodeAddress=/0.0.0.0:42607]
2022-06-21 13:52:29,360 [Listener at 0.0.0.0/46099] WARN  server.ServerUtils (ServerUtils.java:getDBPath(225)) - ozone.om.db.dirs is not configured. We recommend adding this setting. Falling back to ozone.metadata.dirs instead.
2022-06-21 13:52:29,369 [Listener at 0.0.0.0/46099] INFO  codec.OmKeyInfoCodec (OmKeyInfoCodec.java:<init>(49)) - OmKeyInfoCodec ignorePipeline = true
2022-06-21 13:52:29,371 [Listener at 0.0.0.0/46099] INFO  codec.RepeatedOmKeyInfoCodec (RepeatedOmKeyInfoCodec.java:<init>(41)) - RepeatedOmKeyInfoCodec ignorePipeline = true
2022-06-21 13:52:29,557 [Listener at 0.0.0.0/46099] INFO  om.OzoneManager (OzoneManager.java:instantiateServices(692)) - S3 Multi-Tenancy is disabled
2022-06-21 13:52:29,637 [Listener at 0.0.0.0/46099] INFO  om.OzoneManager (OzoneManager.java:addS3GVolumeToDB(4259)) - Created Volume s3v With Owner runner required for S3Gateway operations.
2022-06-21 13:52:29,710 [Listener at 0.0.0.0/46099] WARN  server.ServerUtils (ServerUtils.java:getDefaultRatisDirectory(237)) - Storage directory for Ratis is not configured. It is a good idea to map this to an SSD disk. Falling back to ozone.metadata.dirs
2022-06-21 13:52:29,711 [Listener at 0.0.0.0/46099] WARN  utils.OzoneManagerRatisUtils (OzoneManagerRatisUtils.java:getOMRatisSnapshotDirectory(431)) - ozone.om.ratis.snapshot.dir is not configured. Falling back to ozone.metadata.dirs config
2022-06-21 13:52:29,733 [Listener at 0.0.0.0/46099] WARN  server.ServerUtils (ServerUtils.java:getDefaultRatisDirectory(237)) - Storage directory for Ratis is not configured. It is a good idea to map this to an SSD disk. Falling back to ozone.metadata.dirs
2022-06-21 13:52:29,763 [Listener at 0.0.0.0/46099] INFO  ratis.OzoneManagerRatisServer (OzoneManagerRatisServer.java:<init>(159)) - Instantiating OM Ratis server with groupID: omServiceIdDefault and peers: localhost:9872
2022-06-21 13:52:29,772 [Listener at 0.0.0.0/46099] INFO  ratis.OzoneManagerStateMachine (OzoneManagerStateMachine.java:loadSnapshotInfoFromDB(632)) - LastAppliedIndex is set from TransactionInfo from OM DB as (t:0, i:~)
2022-06-21 13:52:29,832 [Listener at 0.0.0.0/46099] INFO  server.RaftServer (ConfUtils.java:logGet(46)) - raft.rpc.type = GRPC (default)
2022-06-21 13:52:29,923 [Listener at 0.0.0.0/46099] INFO  grpc.GrpcFactory (GrpcFactory.java:checkPooledByteBufAllocatorUseCacheForAllThreads(48)) - PERFORMANCE WARNING: useCacheForAllThreads is true that may cause Netty to create a lot garbage objects and, as a result, trigger GC.
	It is recommended to disable useCacheForAllThreads by setting -Dorg.apache.ratis.thirdparty.io.netty.allocator.useCacheForAllThreads=false in command line.
2022-06-21 13:52:29,927 [Listener at 0.0.0.0/46099] INFO  grpc.GrpcConfigKeys (ConfUtils.java:logGet(46)) - raft.grpc.admin.port = -1 (default)
2022-06-21 13:52:29,928 [Listener at 0.0.0.0/46099] INFO  grpc.GrpcConfigKeys (ConfUtils.java:logGet(46)) - raft.grpc.server.port = 9872 (custom)
2022-06-21 13:52:29,930 [Listener at 0.0.0.0/46099] INFO  grpc.GrpcConfigKeys (ConfUtils.java:logGet(46)) - raft.grpc.client.port = -1 (default)
2022-06-21 13:52:29,930 [Listener at 0.0.0.0/46099] INFO  grpc.GrpcConfigKeys (ConfUtils.java:logGet(46)) - raft.grpc.server.port = 9872 (custom)
2022-06-21 13:52:29,931 [Listener at 0.0.0.0/46099] INFO  grpc.GrpcConfigKeys (ConfUtils.java:logGet(46)) - raft.grpc.server.port = 9872 (custom)
2022-06-21 13:52:29,933 [Listener at 0.0.0.0/46099] INFO  server.GrpcService (ConfUtils.java:logGet(46)) - raft.grpc.message.size.max = 33554432 (custom)
2022-06-21 13:52:29,934 [Listener at 0.0.0.0/46099] INFO  server.RaftServerConfigKeys (ConfUtils.java:logGet(46)) - raft.server.log.appender.buffer.byte-limit = 33554432 (custom)
2022-06-21 13:52:29,935 [Listener at 0.0.0.0/46099] INFO  server.GrpcService (ConfUtils.java:logGet(46)) - raft.grpc.flow.control.window = 1MB (=1048576) (default)
2022-06-21 13:52:29,935 [Listener at 0.0.0.0/46099] INFO  server.RaftServerConfigKeys (ConfUtils.java:logGet(46)) - raft.server.rpc.request.timeout = 3000ms (default)
2022-06-21 13:52:29,953 [Listener at 0.0.0.0/46099] INFO  grpc.GrpcConfigKeys (ConfUtils.java:logGet(46)) - raft.grpc.server.async.request.thread.pool.cached = true (default)
2022-06-21 13:52:29,953 [Listener at 0.0.0.0/46099] INFO  grpc.GrpcConfigKeys (ConfUtils.java:logGet(46)) - raft.grpc.server.async.request.thread.pool.size = 32 (default)
2022-06-21 13:52:30,294 [Listener at 0.0.0.0/46099] INFO  impl.DataStreamServerImpl (ConfUtils.java:logGet(46)) - raft.datastream.type = DISABLED (default)
2022-06-21 13:52:30,297 [Listener at 0.0.0.0/46099] INFO  server.RaftServerConfigKeys (ConfUtils.java:logGet(46)) - raft.server.threadpool.proxy.cached = true (default)
2022-06-21 13:52:30,298 [Listener at 0.0.0.0/46099] INFO  server.RaftServerConfigKeys (ConfUtils.java:logGet(46)) - raft.server.threadpool.proxy.size = 0 (default)
2022-06-21 13:52:30,298 [Listener at 0.0.0.0/46099] INFO  server.RaftServerConfigKeys (ConfUtils.java:logGet(46)) - raft.server.rpc.slowness.timeout = 120s (custom)
2022-06-21 13:52:30,298 [Listener at 0.0.0.0/46099] INFO  server.RaftServerConfigKeys (ConfUtils.java:logGet(46)) - raft.server.leaderelection.leader.step-down.wait-time = 10s (default)
2022-06-21 13:52:30,302 [Listener at 0.0.0.0/46099] INFO  server.RaftServerConfigKeys (ConfUtils.java:logGet(46)) - raft.server.storage.dir = [/home/runner/work/ozone/ozone/hadoop-ozone/integration-test/target/test-dir/MiniOzoneClusterImpl-e16419ed-4a79-4c69-a384-d99db5bfc06c/ozone-meta/ratis] (custom)
2022-06-21 13:52:30,311 [Listener at 0.0.0.0/46099] INFO  server.RaftServer (RaftServerProxy.java:addNew(96)) - om1: addNew group-C5BA1605619E:[om1|rpc:localhost:9872|priority:0] returns group-C5BA1605619E:java.util.concurrent.CompletableFuture@60ffdc9f[Not completed]
2022-06-21 13:52:30,311 [Listener at 0.0.0.0/46099] INFO  om.OzoneManager (OzoneManager.java:initializeRatisServer(1961)) - OzoneManager Ratis server initialized at port 9872
2022-06-21 13:52:30,324 [Listener at 0.0.0.0/46099] INFO  om.OzoneManager (OzoneManager.java:getRpcServer(1081)) - Creating RPC Server
2022-06-21 13:52:30,353 [pool-55-thread-1] INFO  server.RaftServer$Division (RaftServerImpl.java:<init>(190)) - om1: new RaftServerImpl for group-C5BA1605619E:[om1|rpc:localhost:9872|priority:0] with OzoneManagerStateMachine:uninitialized
2022-06-21 13:52:30,356 [pool-55-thread-1] INFO  server.RaftServerConfigKeys (ConfUtils.java:logGet(46)) - raft.server.rpc.timeout.min = 1s (custom)
2022-06-21 13:52:30,356 [pool-55-thread-1] INFO  server.RaftServerConfigKeys (ConfUtils.java:logGet(46)) - raft.server.rpc.timeout.max = 1200ms (custom)
2022-06-21 13:52:30,356 [pool-55-thread-1] INFO  server.RaftServerConfigKeys (ConfUtils.java:logGet(46)) - raft.server.rpc.sleep.time = 25ms (default)
2022-06-21 13:52:30,356 [pool-55-thread-1] INFO  server.RaftServerConfigKeys (ConfUtils.java:logGet(46)) - raft.server.rpc.slowness.timeout = 120s (custom)
2022-06-21 13:52:30,356 [pool-55-thread-1] INFO  server.RaftServerConfigKeys (ConfUtils.java:logGet(46)) - raft.server.leaderelection.leader.step-down.wait-time = 10s (default)
2022-06-21 13:52:30,356 [pool-55-thread-1] INFO  server.RaftServerConfigKeys (ConfUtils.java:logGet(46)) - raft.server.sleep.deviation.threshold = 300ms (default)
2022-06-21 13:52:30,367 [pool-55-thread-1] INFO  server.RaftServer$Division (ServerState.java:<init>(107)) - om1@group-C5BA1605619E: ConfigurationManager, init=-1: [om1|rpc:localhost:9872|priority:0], old=null, confs=<EMPTY_MAP>
2022-06-21 13:52:30,374 [pool-55-thread-1] INFO  server.RaftServerConfigKeys (ConfUtils.java:logGet(46)) - raft.server.storage.dir = [/home/runner/work/ozone/ozone/hadoop-ozone/integration-test/target/test-dir/MiniOzoneClusterImpl-e16419ed-4a79-4c69-a384-d99db5bfc06c/ozone-meta/ratis] (custom)
2022-06-21 13:52:30,388 [pool-55-thread-1] INFO  server.RaftServerConfigKeys (ConfUtils.java:logGet(46)) - raft.server.log.corruption.policy = EXCEPTION (default)
2022-06-21 13:52:30,390 [pool-55-thread-1] INFO  server.RaftServerConfigKeys (ConfUtils.java:logGet(46)) - raft.server.storage.free-space.min = 0MB (=0) (default)
2022-06-21 13:52:30,394 [pool-55-thread-1] INFO  storage.RaftStorageDirectory (RaftStorageDirectoryImpl.java:analyzeStorage(135)) - The storage directory /home/runner/work/ozone/ozone/hadoop-ozone/integration-test/target/test-dir/MiniOzoneClusterImpl-e16419ed-4a79-4c69-a384-d99db5bfc06c/ozone-meta/ratis/bf265839-605b-3f16-9796-c5ba1605619e does not exist. Creating ...
2022-06-21 13:52:30,411 [pool-55-thread-1] INFO  storage.RaftStorageDirectory (RaftStorageDirectoryImpl.java:tryLock(230)) - Lock on /home/runner/work/ozone/ozone/hadoop-ozone/integration-test/target/test-dir/MiniOzoneClusterImpl-e16419ed-4a79-4c69-a384-d99db5bfc06c/ozone-meta/ratis/bf265839-605b-3f16-9796-c5ba1605619e/in_use.lock acquired by nodename 17605@fv-az194-567
2022-06-21 13:52:30,424 [pool-55-thread-1] INFO  storage.RaftStorage (RaftStorageImpl.java:format(89)) - Storage directory /home/runner/work/ozone/ozone/hadoop-ozone/integration-test/target/test-dir/MiniOzoneClusterImpl-e16419ed-4a79-4c69-a384-d99db5bfc06c/ozone-meta/ratis/bf265839-605b-3f16-9796-c5ba1605619e has been successfully formatted.
2022-06-21 13:52:30,431 [pool-55-thread-1] INFO  server.RaftServerConfigKeys (ConfUtils.java:logGet(46)) - raft.server.notification.no-leader.timeout = 120s (custom)
2022-06-21 13:52:30,433 [pool-55-thread-1] INFO  server.RaftServerConfigKeys (ConfUtils.java:logGet(46)) - raft.server.log.use.memory = false (default)
2022-06-21 13:52:30,470 [pool-55-thread-1] INFO  server.RaftServerConfigKeys (ConfUtils.java:logGet(46)) - raft.server.log.purge.gap = 1000000 (custom)
2022-06-21 13:52:30,471 [pool-55-thread-1] INFO  server.RaftServerConfigKeys (ConfUtils.java:logGet(46)) - raft.server.log.appender.buffer.byte-limit = 33554432 (custom)
2022-06-21 13:52:30,473 [pool-55-thread-1] INFO  server.RaftServerConfigKeys (ConfUtils.java:logGet(46)) - raft.server.log.statemachine.data.read.timeout = 1000ms (default)
2022-06-21 13:52:30,529 [pool-55-thread-1] INFO  server.RaftServerConfigKeys (ConfUtils.java:logGet(46)) - raft.server.log.segment.size.max = 4194304 (custom)
2022-06-21 13:52:30,567 [pool-55-thread-1] INFO  server.RaftServerConfigKeys (ConfUtils.java:logGet(46)) - raft.server.log.segment.cache.num.max = 2 (custom)
2022-06-21 13:52:30,567 [pool-55-thread-1] INFO  server.RaftServerConfigKeys (ConfUtils.java:logGet(46)) - raft.server.log.segment.cache.size.max = 200MB (=209715200) (default)
2022-06-21 13:52:30,585 [pool-55-thread-1] INFO  segmented.SegmentedRaftLogWorker (SegmentedRaftLogWorker.java:<init>(187)) - new om1@group-C5BA1605619E-SegmentedRaftLogWorker for RaftStorageImpl:Storage Directory /home/runner/work/ozone/ozone/hadoop-ozone/integration-test/target/test-dir/MiniOzoneClusterImpl-e16419ed-4a79-4c69-a384-d99db5bfc06c/ozone-meta/ratis/bf265839-605b-3f16-9796-c5ba1605619e
2022-06-21 13:52:30,585 [pool-55-thread-1] INFO  server.RaftServerConfigKeys (ConfUtils.java:logGet(46)) - raft.server.log.queue.byte-limit = 64MB (=67108864) (default)
2022-06-21 13:52:30,586 [pool-55-thread-1] INFO  server.RaftServerConfigKeys (ConfUtils.java:logGet(46)) - raft.server.log.queue.element-limit = 4096 (default)
2022-06-21 13:52:30,595 [pool-55-thread-1] INFO  server.RaftServerConfigKeys (ConfUtils.java:logGet(46)) - raft.server.log.segment.size.max = 4194304 (custom)
2022-06-21 13:52:30,595 [pool-55-thread-1] INFO  server.RaftServerConfigKeys (ConfUtils.java:logGet(46)) - raft.server.log.preallocated.size = 4194304 (custom)
2022-06-21 13:52:30,596 [pool-55-thread-1] INFO  server.RaftServerConfigKeys (ConfUtils.java:logGet(46)) - raft.server.log.force.sync.num = 128 (default)
2022-06-21 13:52:30,597 [pool-55-thread-1] INFO  server.RaftServerConfigKeys (ConfUtils.java:logGet(46)) - raft.server.log.statemachine.data.sync = true (default)
2022-06-21 13:52:30,597 [pool-55-thread-1] INFO  server.RaftServerConfigKeys (ConfUtils.java:logGet(46)) - raft.server.log.statemachine.data.sync.timeout = 10s (default)
2022-06-21 13:52:30,598 [pool-55-thread-1] INFO  server.RaftServerConfigKeys (ConfUtils.java:logGet(46)) - raft.server.log.statemachine.data.sync.timeout.retry = -1 (default)
2022-06-21 13:52:30,618 [pool-55-thread-1] INFO  server.RaftServerConfigKeys (ConfUtils.java:logGet(46)) - raft.server.log.write.buffer.size = 64KB (=65536) (default)
2022-06-21 13:52:30,619 [pool-55-thread-1] INFO  server.RaftServerConfigKeys (ConfUtils.java:logGet(46)) - raft.server.log.unsafe-flush.enabled = false (default)
2022-06-21 13:52:30,619 [pool-55-thread-1] INFO  server.RaftServerConfigKeys (ConfUtils.java:logGet(46)) - raft.server.log.statemachine.data.caching.enabled = false (default)
2022-06-21 13:52:30,635 [pool-55-thread-1] INFO  segmented.SegmentedRaftLogWorker (SegmentedRaftLogWorker.java:lambda$new$0(135)) - om1@group-C5BA1605619E-SegmentedRaftLogWorker: flushIndex: setUnconditionally 0 -> -1
2022-06-21 13:52:30,635 [pool-55-thread-1] INFO  segmented.SegmentedRaftLogWorker (SegmentedRaftLogWorker.java:lambda$new$0(135)) - om1@group-C5BA1605619E-SegmentedRaftLogWorker: safeCacheEvictIndex: setUnconditionally 0 -> -1
2022-06-21 13:52:30,646 [pool-55-thread-1] INFO  server.RaftServerConfigKeys (ConfUtils.java:logGet(46)) - raft.server.snapshot.auto.trigger.enabled = true (custom)
2022-06-21 13:52:30,647 [pool-55-thread-1] INFO  server.RaftServerConfigKeys (ConfUtils.java:logGet(46)) - raft.server.snapshot.auto.trigger.threshold = 400000 (default)
2022-06-21 13:52:30,648 [pool-55-thread-1] INFO  server.RaftServerConfigKeys (ConfUtils.java:logGet(46)) - raft.server.snapshot.retention.file.num = -1 (default)
2022-06-21 13:52:30,648 [pool-55-thread-1] INFO  server.RaftServerConfigKeys (ConfUtils.java:logGet(46)) - raft.server.log.purge.upto.snapshot.index = true (custom)
2022-06-21 13:52:30,650 [pool-55-thread-1] INFO  server.RaftServerConfigKeys (ConfUtils.java:logGet(46)) - raft.server.retrycache.expirytime = 300s (custom)
2022-06-21 13:52:30,650 [pool-55-thread-1] INFO  server.RaftServerConfigKeys (ConfUtils.java:logGet(46)) - raft.server.retrycache.statistics.expirytime = 100μs (default)
2022-06-21 13:52:30,754 [pool-55-thread-1] INFO  server.RaftServerConfigKeys (ConfUtils.java:logGet(46)) - raft.server.log.appender.install.snapshot.enabled = false (custom)
2022-06-21 13:52:30,755 [pool-55-thread-1] INFO  server.RaftServerConfigKeys (ConfUtils.java:logGet(46)) - raft.server.threadpool.server.cached = true (default)
2022-06-21 13:52:30,755 [pool-55-thread-1] INFO  server.RaftServerConfigKeys (ConfUtils.java:logGet(46)) - raft.server.threadpool.server.size = 0 (default)
2022-06-21 13:52:30,756 [pool-55-thread-1] INFO  server.RaftServerConfigKeys (ConfUtils.java:logGet(46)) - raft.server.threadpool.client.cached = true (default)
2022-06-21 13:52:30,756 [pool-55-thread-1] INFO  server.RaftServerConfigKeys (ConfUtils.java:logGet(46)) - raft.server.threadpool.client.size = 0 (default)
2022-06-21 13:52:30,986 [Listener at 0.0.0.0/46099] INFO  reflections.Reflections (Reflections.java:scan(232)) - Reflections took 601 ms to scan 19 urls, producing 66 keys and 4061 values [using 2 cores]
2022-06-21 13:52:31,222 [Listener at 0.0.0.0/46099] INFO  ipc.CallQueueManager (CallQueueManager.java:<init>(90)) - Using callQueue: class java.util.concurrent.LinkedBlockingQueue, queueCapacity: 2000, scheduler: class org.apache.hadoop.ipc.DefaultRpcScheduler, ipcBackoff: false.
2022-06-21 13:52:31,223 [Socket Reader #1 for port 0] INFO  ipc.Server (Server.java:run(1265)) - Starting Socket Reader #1 for port 0
2022-06-21 13:52:31,267 [Listener at 127.0.0.1/44727] INFO  impl.MetricsSystemImpl (MetricsSystemImpl.java:init(158)) - OzoneManager metrics system started (again)
2022-06-21 13:52:31,282 [Listener at 127.0.0.1/44727] INFO  om.OzoneManager (OzoneManager.java:start(1465)) - OzoneManager RPC server is listening at localhost/127.0.0.1:44727
2022-06-21 13:52:31,282 [Listener at 127.0.0.1/44727] INFO  ratis.OzoneManagerRatisServer (OzoneManagerRatisServer.java:start(554)) - Starting OzoneManagerRatisServer om1 at port 9872
2022-06-21 13:52:31,285 [om1-impl-thread1] INFO  server.RaftServer$Division (RaftServerImpl.java:start(310)) - om1@group-C5BA1605619E: start as a follower, conf=-1: [om1|rpc:localhost:9872|priority:0], old=null
2022-06-21 13:52:31,285 [om1-impl-thread1] INFO  server.RaftServer$Division (RaftServerImpl.java:setRole(299)) - om1@group-C5BA1605619E: changes role from      null to FOLLOWER at term 0 for startAsFollower
2022-06-21 13:52:31,287 [om1-impl-thread1] INFO  impl.RoleInfo (RoleInfo.java:updateAndGet(139)) - om1: start om1@group-C5BA1605619E-FollowerState
2022-06-21 13:52:31,288 [om1-impl-thread1] INFO  util.JmxRegister (JmxRegister.java:tryRegister(44)) - Successfully registered JMX Bean with object name Ratis:service=RaftServer,group=group-C5BA1605619E,id=om1
2022-06-21 13:52:31,298 [Listener at 127.0.0.1/44727] INFO  server.RaftServer (RaftServerProxy.java:lambda$start$6(382)) - om1: start RPC server
2022-06-21 13:52:31,522 [Listener at 127.0.0.1/44727] INFO  server.GrpcService (GrpcService.java:startImpl(260)) - om1: GrpcService started, listening on 9872
2022-06-21 13:52:31,524 [Listener at 127.0.0.1/44727] INFO  om.OzoneManager (OzoneManager.java:start(1481)) - Version File has different layout version (3) than OM DB (null). That is expected if this OM has never been finalized to a newer layout version.
2022-06-21 13:52:31,527 [org.apache.ratis.util.JvmPauseMonitor$$Lambda$627/290163460@67652cca] INFO  util.JvmPauseMonitor (JvmPauseMonitor.java:run(103)) - JvmPauseMonitor-om1: Started
2022-06-21 13:52:31,546 [Listener at 127.0.0.1/44727] INFO  http.BaseHttpServer (BaseHttpServer.java:newHttpServer2BuilderForOzone(209)) - Starting Web-server for ozoneManager at: http://0.0.0.0:0
2022-06-21 13:52:31,547 [Listener at 127.0.0.1/44727] INFO  http.BaseHttpServer (BaseHttpServer.java:<init>(107)) - Hadoop Security Enabled: false Ozone Security Enabled: false Ozone HTTP Security Enabled: false 
2022-06-21 13:52:31,548 [Listener at 127.0.0.1/44727] INFO  server.AuthenticationFilter (AuthenticationFilter.java:constructSecretProvider(240)) - Unable to initialize FileSignerSecretProvider, falling back to use random secrets.
2022-06-21 13:52:31,553 [Listener at 127.0.0.1/44727] WARN  http.HttpRequestLog (HttpRequestLog.java:getRequestLog(103)) - Jetty request log can only be enabled using Log4j
2022-06-21 13:52:31,554 [Listener at 127.0.0.1/44727] INFO  http.HttpServer2 (HttpServer2.java:addGlobalFilter(1029)) - Added global filter 'safety' (class=org.apache.hadoop.hdds.server.http.HttpServer2$QuotingInputFilter)
2022-06-21 13:52:31,555 [Listener at 127.0.0.1/44727] INFO  http.HttpServer2 (HttpServer2.java:addFilter(1005)) - Added filter static_user_filter (class=org.apache.hadoop.http.lib.StaticUserWebFilter$StaticUserFilter) to context ozoneManager
2022-06-21 13:52:31,556 [Listener at 127.0.0.1/44727] INFO  http.HttpServer2 (HttpServer2.java:addFilter(1013)) - Added filter static_user_filter (class=org.apache.hadoop.http.lib.StaticUserWebFilter$StaticUserFilter) to context static
2022-06-21 13:52:31,556 [Listener at 127.0.0.1/44727] INFO  http.HttpServer2 (HttpServer2.java:addFilter(1013)) - Added filter static_user_filter (class=org.apache.hadoop.http.lib.StaticUserWebFilter$StaticUserFilter) to context logs
2022-06-21 13:52:31,558 [Listener at 127.0.0.1/44727] INFO  http.HttpServer2 (HttpServer2.java:bindListener(1248)) - Jetty bound to port 45917
2022-06-21 13:52:31,558 [Listener at 127.0.0.1/44727] INFO  server.Server (Server.java:doStart(375)) - jetty-9.4.43.v20210629; built: 2021-06-30T11:07:22.254Z; git: 526006ecfa3af7f1a27ef3a288e2bef7ea9dd7e8; jvm 1.8.0_332-b09
2022-06-21 13:52:31,567 [Listener at 127.0.0.1/44727] INFO  server.session (DefaultSessionIdManager.java:doStart(334)) - DefaultSessionIdManager workerName=node0
2022-06-21 13:52:31,567 [Listener at 127.0.0.1/44727] INFO  server.session (DefaultSessionIdManager.java:doStart(339)) - No SessionScavenger set, using defaults
2022-06-21 13:52:31,567 [Listener at 127.0.0.1/44727] INFO  server.session (HouseKeeper.java:startScavenging(132)) - node0 Scavenging every 600000ms
2022-06-21 13:52:31,571 [Listener at 127.0.0.1/44727] INFO  handler.ContextHandler (ContextHandler.java:doStart(915)) - Started o.e.j.s.ServletContextHandler@632d04d{logs,/logs,file:///home/runner/work/ozone/ozone/hadoop-ozone/integration-test/target/log,AVAILABLE}
2022-06-21 13:52:31,571 [Listener at 127.0.0.1/44727] INFO  handler.ContextHandler (ContextHandler.java:doStart(915)) - Started o.e.j.s.ServletContextHandler@5a7baf4f{static,/static,file:///home/runner/work/ozone/ozone/hadoop-ozone/integration-test/target/test-classes/webapps/static,AVAILABLE}
2022-06-21 13:52:31,575 [Listener at 127.0.0.1/44727] INFO  handler.ContextHandler (ContextHandler.java:doStart(915)) - Started o.e.j.w.WebAppContext@2bfaa2d0{ozoneManager,/,file:///home/runner/work/ozone/ozone/hadoop-ozone/integration-test/target/test-classes/webapps/ozoneManager/,AVAILABLE}{file:/home/runner/work/ozone/ozone/hadoop-ozone/integration-test/target/test-classes/webapps/ozoneManager}
2022-06-21 13:52:31,576 [Listener at 127.0.0.1/44727] INFO  server.AbstractConnector (AbstractConnector.java:doStart(331)) - Started ServerConnector@5db33742{HTTP/1.1, (http/1.1)}{0.0.0.0:45917}
2022-06-21 13:52:31,577 [Listener at 127.0.0.1/44727] INFO  server.Server (Server.java:doStart(415)) - Started @7570ms
2022-06-21 13:52:31,577 [Listener at 127.0.0.1/44727] WARN  impl.MetricsSystemImpl (MetricsSystemImpl.java:register(279)) - Sink prometheus already exists!
2022-06-21 13:52:31,577 [Listener at 127.0.0.1/44727] INFO  http.BaseHttpServer (BaseHttpServer.java:updateConnectorAddress(329)) - HTTP server of ozoneManager listening at http://0.0.0.0:45917
2022-06-21 13:52:31,578 [IPC Server Responder] INFO  ipc.Server (Server.java:run(1507)) - IPC Server Responder: starting
2022-06-21 13:52:31,578 [IPC Server listener on 0] INFO  ipc.Server (Server.java:run(1344)) - IPC Server listener on 0: starting
2022-06-21 13:52:31,628 [Listener at 127.0.0.1/44727] INFO  om.TrashPolicyOzone (TrashPolicyOzone.java:<init>(178)) - Ozone Manager trash configuration: Deletion interval = 0 minutes, Emptier interval = 0 minutes.
2022-06-21 13:52:31,642 [org.apache.hadoop.util.JvmPauseMonitor$Monitor@16716806] INFO  util.JvmPauseMonitor (JvmPauseMonitor.java:run(188)) - Starting JVM pause monitor
2022-06-21 13:52:31,807 [Listener at 127.0.0.1/44727] WARN  impl.MetricRegistriesImpl (MetricRegistriesImpl.java:addReporterRegistration(111)) - New reporters are added after registries were created. Some metrics will be missing from the reporter. Please add reporter before adding any new registry.
2022-06-21 13:52:31,807 [Listener at 127.0.0.1/44727] WARN  impl.MetricRegistriesImpl (MetricRegistriesImpl.java:addReporterRegistration(111)) - New reporters are added after registries were created. Some metrics will be missing from the reporter. Please add reporter before adding any new registry.
2022-06-21 13:52:31,807 [Listener at 127.0.0.1/44727] INFO  impl.MetricsSystemImpl (MetricsSystemImpl.java:init(158)) - HddsDatanode metrics system started (again)
2022-06-21 13:52:31,823 [Listener at 127.0.0.1/44727] INFO  ozone.HddsDatanodeService (HddsDatanodeService.java:start(236)) - HddsDatanodeService host:fv-az194-567.vahfjs35atkulmpwh5ujf4txfe.jx.internal.cloudapp.net ip:10.1.0.15
2022-06-21 13:52:31,860 [Listener at 127.0.0.1/44727] INFO  upgrade.AbstractLayoutVersionManager (AbstractLayoutVersionManager.java:init(82)) - Initializing Layout version manager with metadata layout = DATANODE_SCHEMA_V3 (version = 4), software layout = DATANODE_SCHEMA_V3 (version = 4)
2022-06-21 13:52:31,909 [Listener at 127.0.0.1/44727] INFO  reflections.Reflections (Reflections.java:scan(232)) - Reflections took 48 ms to scan 7 urls, producing 131 keys and 315 values 
2022-06-21 13:52:31,913 [Listener at 127.0.0.1/44727] INFO  statemachine.DatanodeStateMachine (DatanodeStateMachine.java:getEndPointTaskThreadPoolSize(237)) - Datanode State Machine Task Thread Pool size 2
2022-06-21 13:52:31,972 [Listener at 127.0.0.1/44727] INFO  volume.HddsVolume (HddsVolume.java:<init>(116)) - Creating HddsVolume: /home/runner/work/ozone/ozone/hadoop-ozone/integration-test/target/test-dir/MiniOzoneClusterImpl-e16419ed-4a79-4c69-a384-d99db5bfc06c/datanode-0/data-0/containers/hdds of storage type : DISK capacity : 9223372036854775807
2022-06-21 13:52:31,974 [Listener at 127.0.0.1/44727] INFO  volume.MutableVolumeSet (MutableVolumeSet.java:initializeVolumeSet(174)) - Added Volume : /home/runner/work/ozone/ozone/hadoop-ozone/integration-test/target/test-dir/MiniOzoneClusterImpl-e16419ed-4a79-4c69-a384-d99db5bfc06c/datanode-0/data-0/containers/hdds to VolumeSet
2022-06-21 13:52:31,975 [Listener at 127.0.0.1/44727] INFO  volume.ThrottledAsyncChecker (ThrottledAsyncChecker.java:schedule(141)) - Scheduling a check for /home/runner/work/ozone/ozone/hadoop-ozone/integration-test/target/test-dir/MiniOzoneClusterImpl-e16419ed-4a79-4c69-a384-d99db5bfc06c/datanode-0/data-0/containers/hdds
2022-06-21 13:52:31,997 [Listener at 127.0.0.1/44727] INFO  volume.StorageVolumeChecker (StorageVolumeChecker.java:checkAllVolumes(202)) - Scheduled health check for volume /home/runner/work/ozone/ozone/hadoop-ozone/integration-test/target/test-dir/MiniOzoneClusterImpl-e16419ed-4a79-4c69-a384-d99db5bfc06c/datanode-0/data-0/containers/hdds
2022-06-21 13:52:32,013 [Listener at 127.0.0.1/44727] INFO  volume.MutableVolumeSet (MutableVolumeSet.java:initializeVolumeSet(174)) - Added Volume : /home/runner/work/ozone/ozone/hadoop-ozone/integration-test/target/test-dir/MiniOzoneClusterImpl-e16419ed-4a79-4c69-a384-d99db5bfc06c/datanode-0/data/ratis to VolumeSet
2022-06-21 13:52:32,014 [Listener at 127.0.0.1/44727] INFO  volume.ThrottledAsyncChecker (ThrottledAsyncChecker.java:schedule(141)) - Scheduling a check for /home/runner/work/ozone/ozone/hadoop-ozone/integration-test/target/test-dir/MiniOzoneClusterImpl-e16419ed-4a79-4c69-a384-d99db5bfc06c/datanode-0/data/ratis
2022-06-21 13:52:32,014 [Listener at 127.0.0.1/44727] INFO  volume.StorageVolumeChecker (StorageVolumeChecker.java:checkAllVolumes(202)) - Scheduled health check for volume /home/runner/work/ozone/ozone/hadoop-ozone/integration-test/target/test-dir/MiniOzoneClusterImpl-e16419ed-4a79-4c69-a384-d99db5bfc06c/datanode-0/data/ratis
2022-06-21 13:52:32,036 [Thread-134] INFO  ozoneimpl.ContainerReader (ContainerReader.java:readVolume(172)) - Finish verifying containers on volume /home/runner/work/ozone/ozone/hadoop-ozone/integration-test/target/test-dir/MiniOzoneClusterImpl-e16419ed-4a79-4c69-a384-d99db5bfc06c/datanode-0/data-0/containers/hdds
2022-06-21 13:52:32,037 [Listener at 127.0.0.1/44727] INFO  ozoneimpl.OzoneContainer (OzoneContainer.java:buildContainerSet(266)) - Build ContainerSet costs 0s
2022-06-21 13:52:32,096 [Listener at 127.0.0.1/44727] INFO  audit.AuditLogger (AuditLogger.java:refreshDebugCmdSet(120)) - Refresh DebugCmdSet for DNAudit to [].
2022-06-21 13:52:32,130 [Listener at 127.0.0.1/44727] INFO  server.RaftServer (ConfUtils.java:logGet(46)) - raft.rpc.type = GRPC (default)
2022-06-21 13:52:32,130 [Listener at 127.0.0.1/44727] INFO  grpc.GrpcFactory (GrpcFactory.java:checkPooledByteBufAllocatorUseCacheForAllThreads(48)) - PERFORMANCE WARNING: useCacheForAllThreads is true that may cause Netty to create a lot garbage objects and, as a result, trigger GC.
	It is recommended to disable useCacheForAllThreads by setting -Dorg.apache.ratis.thirdparty.io.netty.allocator.useCacheForAllThreads=false in command line.
2022-06-21 13:52:32,130 [Listener at 127.0.0.1/44727] INFO  grpc.GrpcConfigKeys (ConfUtils.java:logGet(46)) - raft.grpc.admin.port = 0 (custom)
2022-06-21 13:52:32,131 [Listener at 127.0.0.1/44727] INFO  grpc.GrpcConfigKeys (ConfUtils.java:logGet(46)) - raft.grpc.client.port = 0 (custom)
2022-06-21 13:52:32,132 [Listener at 127.0.0.1/44727] INFO  grpc.GrpcConfigKeys (ConfUtils.java:logGet(46)) - raft.grpc.server.port = 0 (default)
2022-06-21 13:52:32,132 [Listener at 127.0.0.1/44727] INFO  server.GrpcService (ConfUtils.java:logGet(46)) - raft.grpc.message.size.max = 32MB (=33554432) (custom)
2022-06-21 13:52:32,132 [Listener at 127.0.0.1/44727] INFO  server.RaftServerConfigKeys (ConfUtils.java:logGet(46)) - raft.server.log.appender.buffer.byte-limit = 33554432 (custom)
2022-06-21 13:52:32,132 [Listener at 127.0.0.1/44727] INFO  server.GrpcService (ConfUtils.java:logGet(46)) - raft.grpc.flow.control.window = 5MB (=5242880) (custom)
2022-06-21 13:52:32,133 [Listener at 127.0.0.1/44727] INFO  server.RaftServerConfigKeys (ConfUtils.java:logGet(46)) - raft.server.rpc.request.timeout = 60s (custom)
2022-06-21 13:52:32,133 [Listener at 127.0.0.1/44727] INFO  grpc.GrpcConfigKeys (ConfUtils.java:logGet(46)) - raft.grpc.server.async.request.thread.pool.cached = true (default)
2022-06-21 13:52:32,133 [Listener at 127.0.0.1/44727] INFO  grpc.GrpcConfigKeys (ConfUtils.java:logGet(46)) - raft.grpc.server.async.request.thread.pool.size = 32 (default)
2022-06-21 13:52:32,135 [Listener at 127.0.0.1/44727] INFO  impl.DataStreamServerImpl (ConfUtils.java:logGet(46)) - raft.datastream.type = DISABLED (default)
2022-06-21 13:52:32,135 [Listener at 127.0.0.1/44727] INFO  server.RaftServerConfigKeys (ConfUtils.java:logGet(46)) - raft.server.threadpool.proxy.cached = true (default)
2022-06-21 13:52:32,136 [Listener at 127.0.0.1/44727] INFO  server.RaftServerConfigKeys (ConfUtils.java:logGet(46)) - raft.server.threadpool.proxy.size = 0 (default)
2022-06-21 13:52:32,136 [Listener at 127.0.0.1/44727] INFO  server.RaftServerConfigKeys (ConfUtils.java:logGet(46)) - raft.server.rpc.slowness.timeout = 300s (custom)
2022-06-21 13:52:32,137 [Listener at 127.0.0.1/44727] INFO  server.RaftServerConfigKeys (ConfUtils.java:logGet(46)) - raft.server.leaderelection.leader.step-down.wait-time = 10s (default)
2022-06-21 13:52:32,137 [Listener at 127.0.0.1/44727] INFO  server.RaftServerConfigKeys (ConfUtils.java:logGet(46)) - raft.server.storage.dir = [/home/runner/work/ozone/ozone/hadoop-ozone/integration-test/target/test-dir/MiniOzoneClusterImpl-e16419ed-4a79-4c69-a384-d99db5bfc06c/datanode-0/data/ratis] (custom)
2022-06-21 13:52:32,157 [Listener at 127.0.0.1/44727] INFO  server.XceiverServerGrpc (XceiverServerGrpc.java:<init>(132)) - GrpcServer channel type EpollServerSocketChannel
2022-06-21 13:52:32,217 [Listener at 127.0.0.1/44727] INFO  http.BaseHttpServer (BaseHttpServer.java:newHttpServer2BuilderForOzone(209)) - Starting Web-server for hddsDatanode at: http://0.0.0.0:0
2022-06-21 13:52:32,218 [Listener at 127.0.0.1/44727] INFO  http.BaseHttpServer (BaseHttpServer.java:<init>(107)) - Hadoop Security Enabled: false Ozone Security Enabled: false Ozone HTTP Security Enabled: false 
2022-06-21 13:52:32,221 [Listener at 127.0.0.1/44727] INFO  server.AuthenticationFilter (AuthenticationFilter.java:constructSecretProvider(240)) - Unable to initialize FileSignerSecretProvider, falling back to use random secrets.
2022-06-21 13:52:32,222 [Listener at 127.0.0.1/44727] WARN  http.HttpRequestLog (HttpRequestLog.java:getRequestLog(103)) - Jetty request log can only be enabled using Log4j
2022-06-21 13:52:32,224 [Listener at 127.0.0.1/44727] INFO  http.HttpServer2 (HttpServer2.java:addGlobalFilter(1029)) - Added global filter 'safety' (class=org.apache.hadoop.hdds.server.http.HttpServer2$QuotingInputFilter)
2022-06-21 13:52:32,224 [Listener at 127.0.0.1/44727] INFO  http.HttpServer2 (HttpServer2.java:addFilter(1005)) - Added filter static_user_filter (class=org.apache.hadoop.http.lib.StaticUserWebFilter$StaticUserFilter) to context hddsDatanode
2022-06-21 13:52:32,224 [Listener at 127.0.0.1/44727] INFO  http.HttpServer2 (HttpServer2.java:addFilter(1013)) - Added filter static_user_filter (class=org.apache.hadoop.http.lib.StaticUserWebFilter$StaticUserFilter) to context static
2022-06-21 13:52:32,225 [Listener at 127.0.0.1/44727] INFO  http.HttpServer2 (HttpServer2.java:addFilter(1013)) - Added filter static_user_filter (class=org.apache.hadoop.http.lib.StaticUserWebFilter$StaticUserFilter) to context logs
2022-06-21 13:52:32,225 [Listener at 127.0.0.1/44727] INFO  http.HttpServer2 (HttpServer2.java:bindListener(1248)) - Jetty bound to port 33083
2022-06-21 13:52:32,225 [Listener at 127.0.0.1/44727] INFO  server.Server (Server.java:doStart(375)) - jetty-9.4.43.v20210629; built: 2021-06-30T11:07:22.254Z; git: 526006ecfa3af7f1a27ef3a288e2bef7ea9dd7e8; jvm 1.8.0_332-b09
2022-06-21 13:52:32,229 [Listener at 127.0.0.1/44727] INFO  server.session (DefaultSessionIdManager.java:doStart(334)) - DefaultSessionIdManager workerName=node0
2022-06-21 13:52:32,230 [Listener at 127.0.0.1/44727] INFO  server.session (DefaultSessionIdManager.java:doStart(339)) - No SessionScavenger set, using defaults
2022-06-21 13:52:32,230 [Listener at 127.0.0.1/44727] INFO  server.session (HouseKeeper.java:startScavenging(132)) - node0 Scavenging every 660000ms
2022-06-21 13:52:32,231 [Listener at 127.0.0.1/44727] INFO  handler.ContextHandler (ContextHandler.java:doStart(915)) - Started o.e.j.s.ServletContextHandler@6e59b904{logs,/logs,file:///home/runner/work/ozone/ozone/hadoop-ozone/integration-test/target/log,AVAILABLE}
2022-06-21 13:52:32,231 [Listener at 127.0.0.1/44727] INFO  handler.ContextHandler (ContextHandler.java:doStart(915)) - Started o.e.j.s.ServletContextHandler@dbd687f{static,/static,jar:file:/home/runner/.m2/repository/org/apache/ozone/hdds-container-service/1.3.0-SNAPSHOT/hdds-container-service-1.3.0-SNAPSHOT.jar!/webapps/static,AVAILABLE}
2022-06-21 13:52:32,355 [om1@group-C5BA1605619E-FollowerState] INFO  impl.FollowerState (FollowerState.java:run(143)) - om1@group-C5BA1605619E-FollowerState: change to CANDIDATE, lastRpcElapsedTime:1068641726ns, electionTimeout:1051ms
2022-06-21 13:52:32,356 [om1@group-C5BA1605619E-FollowerState] INFO  impl.RoleInfo (RoleInfo.java:shutdownFollowerState(110)) - om1: shutdown om1@group-C5BA1605619E-FollowerState
2022-06-21 13:52:32,357 [om1@group-C5BA1605619E-FollowerState] INFO  server.RaftServer$Division (RaftServerImpl.java:setRole(299)) - om1@group-C5BA1605619E: changes role from  FOLLOWER to CANDIDATE at term 0 for changeToCandidate
2022-06-21 13:52:32,360 [om1@group-C5BA1605619E-FollowerState] INFO  server.RaftServerConfigKeys (ConfUtils.java:logGet(46)) - raft.server.leaderelection.pre-vote = false (custom)
2022-06-21 13:52:32,360 [om1@group-C5BA1605619E-FollowerState] INFO  impl.RoleInfo (RoleInfo.java:updateAndGet(139)) - om1: start om1@group-C5BA1605619E-LeaderElection1
2022-06-21 13:52:32,370 [om1@group-C5BA1605619E-LeaderElection1] INFO  impl.LeaderElection (LeaderElection.java:askForVotes(310)) - om1@group-C5BA1605619E-LeaderElection1 ELECTION round 0: submit vote requests at term 1 for -1: [om1|rpc:localhost:9872|priority:0], old=null
2022-06-21 13:52:32,371 [om1@group-C5BA1605619E-LeaderElection1] INFO  impl.LeaderElection (LeaderElection.java:askForVotes(312)) - om1@group-C5BA1605619E-LeaderElection1 ELECTION round 0: result PASSED (term=1)
2022-06-21 13:52:32,371 [om1@group-C5BA1605619E-LeaderElection1] INFO  impl.RoleInfo (RoleInfo.java:shutdownLeaderElection(130)) - om1: shutdown om1@group-C5BA1605619E-LeaderElection1
2022-06-21 13:52:32,372 [om1@group-C5BA1605619E-LeaderElection1] INFO  server.RaftServer$Division (RaftServerImpl.java:setRole(299)) - om1@group-C5BA1605619E: changes role from CANDIDATE to LEADER at term 1 for changeToLeader
2022-06-21 13:52:32,374 [om1@group-C5BA1605619E-LeaderElection1] INFO  server.RaftServer$Division (ServerState.java:setLeader(287)) - om1@group-C5BA1605619E: change Leader from null to om1 at term 1 for becomeLeader, leader elected after 1941ms
2022-06-21 13:52:32,403 [om1@group-C5BA1605619E-LeaderElection1] INFO  server.RaftServerConfigKeys (ConfUtils.java:logGet(46)) - raft.server.staging.catchup.gap = 1000 (default)
2022-06-21 13:52:32,412 [om1@group-C5BA1605619E-LeaderElection1] INFO  server.RaftServerConfigKeys (ConfUtils.java:logGet(46)) - raft.server.write.element-limit = 4096 (default)
2022-06-21 13:52:32,413 [om1@group-C5BA1605619E-LeaderElection1] INFO  server.RaftServerConfigKeys (ConfUtils.java:logGet(46)) - raft.server.write.byte-limit = 64MB (=67108864) (default)
2022-06-21 13:52:32,417 [Listener at 127.0.0.1/44727] INFO  handler.ContextHandler (ContextHandler.java:doStart(915)) - Started o.e.j.w.WebAppContext@4d5397b6{hddsDatanode,/,file:///tmp/jetty-0_0_0_0-33083-hdds-container-service-1_3_0-SNAPSHOT_jar-_-any-2872747307092192281/webapp/,AVAILABLE}{jar:file:/home/runner/.m2/repository/org/apache/ozone/hdds-container-service/1.3.0-SNAPSHOT/hdds-container-service-1.3.0-SNAPSHOT.jar!/webapps/hddsDatanode}
2022-06-21 13:52:32,417 [om1@group-C5BA1605619E-LeaderElection1] INFO  server.RaftServerConfigKeys (ConfUtils.java:logGet(46)) - raft.server.watch.timeout = 10s (default)
2022-06-21 13:52:32,418 [Listener at 127.0.0.1/44727] INFO  server.AbstractConnector (AbstractConnector.java:doStart(331)) - Started ServerConnector@88d045d{HTTP/1.1, (http/1.1)}{0.0.0.0:33083}
2022-06-21 13:52:32,421 [om1@group-C5BA1605619E-LeaderElection1] INFO  server.RaftServerConfigKeys (ConfUtils.java:logGet(46)) - raft.server.watch.timeout.denomination = 1s (default)
2022-06-21 13:52:32,421 [Listener at 127.0.0.1/44727] INFO  server.Server (Server.java:doStart(415)) - Started @8414ms
2022-06-21 13:52:32,421 [Listener at 127.0.0.1/44727] WARN  impl.MetricsSystemImpl (MetricsSystemImpl.java:register(279)) - Sink prometheus already exists!
2022-06-21 13:52:32,422 [om1@group-C5BA1605619E-LeaderElection1] INFO  server.RaftServerConfigKeys (ConfUtils.java:logGet(46)) - raft.server.watch.element-limit = 65536 (default)
2022-06-21 13:52:32,425 [Listener at 127.0.0.1/44727] INFO  http.BaseHttpServer (BaseHttpServer.java:updateConnectorAddress(329)) - HTTP server of hddsDatanode listening at http://0.0.0.0:33083
2022-06-21 13:52:32,427 [om1@group-C5BA1605619E-LeaderElection1] INFO  server.RaftServerConfigKeys (ConfUtils.java:logGet(46)) - raft.server.write.element-limit = 4096 (default)
2022-06-21 13:52:32,429 [om1@group-C5BA1605619E-LeaderElection1] INFO  server.RaftServerConfigKeys (ConfUtils.java:logGet(46)) - raft.server.write.follower.gap.ratio.max = -1.0 (default)
2022-06-21 13:52:32,431 [om1@group-C5BA1605619E-LeaderElection1] INFO  impl.RoleInfo (RoleInfo.java:updateAndGet(139)) - om1: start om1@group-C5BA1605619E-LeaderStateImpl
2022-06-21 13:52:32,435 [Datanode State Machine Daemon Thread] INFO  statemachine.DatanodeStateMachine (DatanodeStateMachine.java:lambda$startDaemon$0(492)) - Ozone container server started.
2022-06-21 13:52:32,466 [org.apache.hadoop.util.JvmPauseMonitor$Monitor@32d28e5d] INFO  util.JvmPauseMonitor (JvmPauseMonitor.java:run(188)) - Starting JVM pause monitor
2022-06-21 13:52:32,468 [Listener at 127.0.0.1/44727] WARN  impl.MetricRegistriesImpl (MetricRegistriesImpl.java:addReporterRegistration(111)) - New reporters are added after registries were created. Some metrics will be missing from the reporter. Please add reporter before adding any new registry.
2022-06-21 13:52:32,468 [Listener at 127.0.0.1/44727] WARN  impl.MetricRegistriesImpl (MetricRegistriesImpl.java:addReporterRegistration(111)) - New reporters are added after registries were created. Some metrics will be missing from the reporter. Please add reporter before adding any new registry.
2022-06-21 13:52:32,468 [Listener at 127.0.0.1/44727] INFO  impl.MetricsSystemImpl (MetricsSystemImpl.java:init(158)) - HddsDatanode metrics system started (again)
2022-06-21 13:52:32,476 [om1@group-C5BA1605619E-LeaderElection1] INFO  segmented.SegmentedRaftLogWorker (SegmentedRaftLogWorker.java:startLogSegment(425)) - om1@group-C5BA1605619E-SegmentedRaftLogWorker: Starting segment from index:0
2022-06-21 13:52:32,491 [Listener at 127.0.0.1/44727] INFO  ozone.HddsDatanodeService (HddsDatanodeService.java:start(236)) - HddsDatanodeService host:fv-az194-567.vahfjs35atkulmpwh5ujf4txfe.jx.internal.cloudapp.net ip:10.1.0.15
2022-06-21 13:52:32,528 [Listener at 127.0.0.1/44727] INFO  upgrade.AbstractLayoutVersionManager (AbstractLayoutVersionManager.java:init(82)) - Initializing Layout version manager with metadata layout = DATANODE_SCHEMA_V3 (version = 4), software layout = DATANODE_SCHEMA_V3 (version = 4)
2022-06-21 13:52:32,592 [om1@group-C5BA1605619E-LeaderElection1] INFO  server.RaftServer$Division (ServerState.java:setRaftConf(393)) - om1@group-C5BA1605619E: set configuration 0: [om1|rpc:localhost:9872|admin:|client:|dataStream:|priority:0], old=null
2022-06-21 13:52:32,647 [Listener at 127.0.0.1/44727] INFO  reflections.Reflections (Reflections.java:scan(232)) - Reflections took 118 ms to scan 7 urls, producing 131 keys and 315 values 
2022-06-21 13:52:32,651 [Listener at 127.0.0.1/44727] INFO  statemachine.DatanodeStateMachine (DatanodeStateMachine.java:getEndPointTaskThreadPoolSize(237)) - Datanode State Machine Task Thread Pool size 2
2022-06-21 13:52:32,664 [Listener at 127.0.0.1/44727] INFO  volume.HddsVolume (HddsVolume.java:<init>(116)) - Creating HddsVolume: /home/runner/work/ozone/ozone/hadoop-ozone/integration-test/target/test-dir/MiniOzoneClusterImpl-e16419ed-4a79-4c69-a384-d99db5bfc06c/datanode-1/data-0/containers/hdds of storage type : DISK capacity : 9223372036854775807
2022-06-21 13:52:32,664 [Listener at 127.0.0.1/44727] INFO  volume.MutableVolumeSet (MutableVolumeSet.java:initializeVolumeSet(174)) - Added Volume : /home/runner/work/ozone/ozone/hadoop-ozone/integration-test/target/test-dir/MiniOzoneClusterImpl-e16419ed-4a79-4c69-a384-d99db5bfc06c/datanode-1/data-0/containers/hdds to VolumeSet
2022-06-21 13:52:32,665 [Listener at 127.0.0.1/44727] INFO  volume.ThrottledAsyncChecker (ThrottledAsyncChecker.java:schedule(141)) - Scheduling a check for /home/runner/work/ozone/ozone/hadoop-ozone/integration-test/target/test-dir/MiniOzoneClusterImpl-e16419ed-4a79-4c69-a384-d99db5bfc06c/datanode-1/data-0/containers/hdds
2022-06-21 13:52:32,678 [Datanode State Machine Task Thread - 0] INFO  datanode.InitDatanodeState (InitDatanodeState.java:persistContainerDatanodeDetails(138)) - DatanodeDetails is persisted to /home/runner/work/ozone/ozone/hadoop-ozone/integration-test/target/test-dir/MiniOzoneClusterImpl-e16419ed-4a79-4c69-a384-d99db5bfc06c/datanode-0/meta/datanode.id
2022-06-21 13:52:32,683 [Listener at 127.0.0.1/44727] INFO  volume.StorageVolumeChecker (StorageVolumeChecker.java:checkAllVolumes(202)) - Scheduled health check for volume /home/runner/work/ozone/ozone/hadoop-ozone/integration-test/target/test-dir/MiniOzoneClusterImpl-e16419ed-4a79-4c69-a384-d99db5bfc06c/datanode-1/data-0/containers/hdds
2022-06-21 13:52:32,705 [Listener at 127.0.0.1/44727] INFO  volume.MutableVolumeSet (MutableVolumeSet.java:initializeVolumeSet(174)) - Added Volume : /home/runner/work/ozone/ozone/hadoop-ozone/integration-test/target/test-dir/MiniOzoneClusterImpl-e16419ed-4a79-4c69-a384-d99db5bfc06c/datanode-1/data/ratis to VolumeSet
2022-06-21 13:52:32,705 [Listener at 127.0.0.1/44727] INFO  volume.ThrottledAsyncChecker (ThrottledAsyncChecker.java:schedule(141)) - Scheduling a check for /home/runner/work/ozone/ozone/hadoop-ozone/integration-test/target/test-dir/MiniOzoneClusterImpl-e16419ed-4a79-4c69-a384-d99db5bfc06c/datanode-1/data/ratis
2022-06-21 13:52:32,706 [Listener at 127.0.0.1/44727] INFO  volume.StorageVolumeChecker (StorageVolumeChecker.java:checkAllVolumes(202)) - Scheduled health check for volume /home/runner/work/ozone/ozone/hadoop-ozone/integration-test/target/test-dir/MiniOzoneClusterImpl-e16419ed-4a79-4c69-a384-d99db5bfc06c/datanode-1/data/ratis
2022-06-21 13:52:32,710 [om1@group-C5BA1605619E-SegmentedRaftLogWorker] INFO  segmented.SegmentedRaftLogWorker (SegmentedRaftLogWorker.java:execute(629)) - om1@group-C5BA1605619E-SegmentedRaftLogWorker: created new log segment /home/runner/work/ozone/ozone/hadoop-ozone/integration-test/target/test-dir/MiniOzoneClusterImpl-e16419ed-4a79-4c69-a384-d99db5bfc06c/ozone-meta/ratis/bf265839-605b-3f16-9796-c5ba1605619e/current/log_inprogress_0
2022-06-21 13:52:32,723 [Thread-149] INFO  ozoneimpl.ContainerReader (ContainerReader.java:readVolume(172)) - Finish verifying containers on volume /home/runner/work/ozone/ozone/hadoop-ozone/integration-test/target/test-dir/MiniOzoneClusterImpl-e16419ed-4a79-4c69-a384-d99db5bfc06c/datanode-1/data-0/containers/hdds
2022-06-21 13:52:32,724 [Listener at 127.0.0.1/44727] INFO  ozoneimpl.OzoneContainer (OzoneContainer.java:buildContainerSet(266)) - Build ContainerSet costs 0s
2022-06-21 13:52:32,726 [Listener at 127.0.0.1/44727] INFO  server.RaftServer (ConfUtils.java:logGet(46)) - raft.rpc.type = GRPC (default)
2022-06-21 13:52:32,727 [Listener at 127.0.0.1/44727] INFO  grpc.GrpcFactory (GrpcFactory.java:checkPooledByteBufAllocatorUseCacheForAllThreads(48)) - PERFORMANCE WARNING: useCacheForAllThreads is true that may cause Netty to create a lot garbage objects and, as a result, trigger GC.
	It is recommended to disable useCacheForAllThreads by setting -Dorg.apache.ratis.thirdparty.io.netty.allocator.useCacheForAllThreads=false in command line.
2022-06-21 13:52:32,727 [Listener at 127.0.0.1/44727] INFO  grpc.GrpcConfigKeys (ConfUtils.java:logGet(46)) - raft.grpc.admin.port = 0 (custom)
2022-06-21 13:52:32,727 [Listener at 127.0.0.1/44727] INFO  grpc.GrpcConfigKeys (ConfUtils.java:logGet(46)) - raft.grpc.client.port = 0 (custom)
2022-06-21 13:52:32,727 [Listener at 127.0.0.1/44727] INFO  grpc.GrpcConfigKeys (ConfUtils.java:logGet(46)) - raft.grpc.server.port = 0 (default)
2022-06-21 13:52:32,727 [Listener at 127.0.0.1/44727] INFO  server.GrpcService (ConfUtils.java:logGet(46)) - raft.grpc.message.size.max = 32MB (=33554432) (custom)
2022-06-21 13:52:32,727 [Listener at 127.0.0.1/44727] INFO  server.RaftServerConfigKeys (ConfUtils.java:logGet(46)) - raft.server.log.appender.buffer.byte-limit = 33554432 (custom)
2022-06-21 13:52:32,727 [Listener at 127.0.0.1/44727] INFO  server.GrpcService (ConfUtils.java:logGet(46)) - raft.grpc.flow.control.window = 5MB (=5242880) (custom)
2022-06-21 13:52:32,727 [Listener at 127.0.0.1/44727] INFO  server.RaftServerConfigKeys (ConfUtils.java:logGet(46)) - raft.server.rpc.request.timeout = 60s (custom)
2022-06-21 13:52:32,728 [Listener at 127.0.0.1/44727] INFO  grpc.GrpcConfigKeys (ConfUtils.java:logGet(46)) - raft.grpc.server.async.request.thread.pool.cached = true (default)
2022-06-21 13:52:32,728 [Listener at 127.0.0.1/44727] INFO  grpc.GrpcConfigKeys (ConfUtils.java:logGet(46)) - raft.grpc.server.async.request.thread.pool.size = 32 (default)
2022-06-21 13:52:32,731 [Listener at 127.0.0.1/44727] INFO  impl.DataStreamServerImpl (ConfUtils.java:logGet(46)) - raft.datastream.type = DISABLED (default)
2022-06-21 13:52:32,732 [Listener at 127.0.0.1/44727] INFO  server.RaftServerConfigKeys (ConfUtils.java:logGet(46)) - raft.server.threadpool.proxy.cached = true (default)
2022-06-21 13:52:32,732 [Listener at 127.0.0.1/44727] INFO  server.RaftServerConfigKeys (ConfUtils.java:logGet(46)) - raft.server.threadpool.proxy.size = 0 (default)
2022-06-21 13:52:32,732 [Listener at 127.0.0.1/44727] INFO  server.RaftServerConfigKeys (ConfUtils.java:logGet(46)) - raft.server.rpc.slowness.timeout = 300s (custom)
2022-06-21 13:52:32,732 [Listener at 127.0.0.1/44727] INFO  server.RaftServerConfigKeys (ConfUtils.java:logGet(46)) - raft.server.leaderelection.leader.step-down.wait-time = 10s (default)
2022-06-21 13:52:32,732 [Listener at 127.0.0.1/44727] INFO  server.RaftServerConfigKeys (ConfUtils.java:logGet(46)) - raft.server.storage.dir = [/home/runner/work/ozone/ozone/hadoop-ozone/integration-test/target/test-dir/MiniOzoneClusterImpl-e16419ed-4a79-4c69-a384-d99db5bfc06c/datanode-1/data/ratis] (custom)
2022-06-21 13:52:32,738 [Listener at 127.0.0.1/44727] INFO  server.XceiverServerGrpc (XceiverServerGrpc.java:<init>(132)) - GrpcServer channel type EpollServerSocketChannel
2022-06-21 13:52:32,744 [Listener at 127.0.0.1/44727] INFO  http.BaseHttpServer (BaseHttpServer.java:newHttpServer2BuilderForOzone(209)) - Starting Web-server for hddsDatanode at: http://0.0.0.0:0
2022-06-21 13:52:32,744 [Listener at 127.0.0.1/44727] INFO  http.BaseHttpServer (BaseHttpServer.java:<init>(107)) - Hadoop Security Enabled: false Ozone Security Enabled: false Ozone HTTP Security Enabled: false 
2022-06-21 13:52:32,745 [Listener at 127.0.0.1/44727] INFO  server.AuthenticationFilter (AuthenticationFilter.java:constructSecretProvider(240)) - Unable to initialize FileSignerSecretProvider, falling back to use random secrets.
2022-06-21 13:52:32,750 [Listener at 127.0.0.1/44727] WARN  http.HttpRequestLog (HttpRequestLog.java:getRequestLog(103)) - Jetty request log can only be enabled using Log4j
2022-06-21 13:52:32,752 [Listener at 127.0.0.1/44727] INFO  http.HttpServer2 (HttpServer2.java:addGlobalFilter(1029)) - Added global filter 'safety' (class=org.apache.hadoop.hdds.server.http.HttpServer2$QuotingInputFilter)
2022-06-21 13:52:32,752 [Listener at 127.0.0.1/44727] INFO  http.HttpServer2 (HttpServer2.java:addFilter(1005)) - Added filter static_user_filter (class=org.apache.hadoop.http.lib.StaticUserWebFilter$StaticUserFilter) to context hddsDatanode
2022-06-21 13:52:32,752 [Listener at 127.0.0.1/44727] INFO  http.HttpServer2 (HttpServer2.java:addFilter(1013)) - Added filter static_user_filter (class=org.apache.hadoop.http.lib.StaticUserWebFilter$StaticUserFilter) to context logs
2022-06-21 13:52:32,752 [Listener at 127.0.0.1/44727] INFO  http.HttpServer2 (HttpServer2.java:addFilter(1013)) - Added filter static_user_filter (class=org.apache.hadoop.http.lib.StaticUserWebFilter$StaticUserFilter) to context static
2022-06-21 13:52:32,753 [Listener at 127.0.0.1/44727] INFO  http.HttpServer2 (HttpServer2.java:bindListener(1248)) - Jetty bound to port 39513
2022-06-21 13:52:32,753 [Listener at 127.0.0.1/44727] INFO  server.Server (Server.java:doStart(375)) - jetty-9.4.43.v20210629; built: 2021-06-30T11:07:22.254Z; git: 526006ecfa3af7f1a27ef3a288e2bef7ea9dd7e8; jvm 1.8.0_332-b09
2022-06-21 13:52:32,796 [Listener at 127.0.0.1/44727] INFO  server.session (DefaultSessionIdManager.java:doStart(334)) - DefaultSessionIdManager workerName=node0
2022-06-21 13:52:32,796 [Listener at 127.0.0.1/44727] INFO  server.session (DefaultSessionIdManager.java:doStart(339)) - No SessionScavenger set, using defaults
2022-06-21 13:52:32,796 [Listener at 127.0.0.1/44727] INFO  server.session (HouseKeeper.java:startScavenging(132)) - node0 Scavenging every 660000ms
2022-06-21 13:52:32,798 [Listener at 127.0.0.1/44727] INFO  handler.ContextHandler (ContextHandler.java:doStart(915)) - Started o.e.j.s.ServletContextHandler@3bb5b4a0{logs,/logs,file:///home/runner/work/ozone/ozone/hadoop-ozone/integration-test/target/log,AVAILABLE}
2022-06-21 13:52:32,798 [Listener at 127.0.0.1/44727] INFO  handler.ContextHandler (ContextHandler.java:doStart(915)) - Started o.e.j.s.ServletContextHandler@26ce4cb{static,/static,jar:file:/home/runner/.m2/repository/org/apache/ozone/hdds-container-service/1.3.0-SNAPSHOT/hdds-container-service-1.3.0-SNAPSHOT.jar!/webapps/static,AVAILABLE}
2022-06-21 13:52:32,891 [om1@group-C5BA1605619E-StateMachineUpdater] INFO  ratis.OzoneManagerStateMachine (OzoneManagerStateMachine.java:notifyConfigurationChanged(192)) - Received Configuration change notification from Ratis. New Peer list:
[id: "om1"
address: "localhost:9872"
]
2022-06-21 13:52:33,014 [Listener at 127.0.0.1/44727] INFO  handler.ContextHandler (ContextHandler.java:doStart(915)) - Started o.e.j.w.WebAppContext@19ec5a9c{hddsDatanode,/,file:///tmp/jetty-0_0_0_0-39513-hdds-container-service-1_3_0-SNAPSHOT_jar-_-any-4054070805079800579/webapp/,AVAILABLE}{jar:file:/home/runner/.m2/repository/org/apache/ozone/hdds-container-service/1.3.0-SNAPSHOT/hdds-container-service-1.3.0-SNAPSHOT.jar!/webapps/hddsDatanode}
2022-06-21 13:52:33,015 [Listener at 127.0.0.1/44727] INFO  server.AbstractConnector (AbstractConnector.java:doStart(331)) - Started ServerConnector@885620d{HTTP/1.1, (http/1.1)}{0.0.0.0:39513}
2022-06-21 13:52:33,016 [Listener at 127.0.0.1/44727] INFO  server.Server (Server.java:doStart(415)) - Started @9009ms
2022-06-21 13:52:33,016 [Listener at 127.0.0.1/44727] WARN  impl.MetricsSystemImpl (MetricsSystemImpl.java:register(279)) - Sink prometheus already exists!
2022-06-21 13:52:33,016 [Listener at 127.0.0.1/44727] INFO  http.BaseHttpServer (BaseHttpServer.java:updateConnectorAddress(329)) - HTTP server of hddsDatanode listening at http://0.0.0.0:39513
2022-06-21 13:52:33,017 [Datanode State Machine Daemon Thread] INFO  statemachine.DatanodeStateMachine (DatanodeStateMachine.java:lambda$startDaemon$0(492)) - Ozone container server started.
2022-06-21 13:52:33,017 [Listener at 127.0.0.1/44727] WARN  impl.MetricRegistriesImpl (MetricRegistriesImpl.java:addReporterRegistration(111)) - New reporters are added after registries were created. Some metrics will be missing from the reporter. Please add reporter before adding any new registry.
2022-06-21 13:52:33,022 [Listener at 127.0.0.1/44727] WARN  impl.MetricRegistriesImpl (MetricRegistriesImpl.java:addReporterRegistration(111)) - New reporters are added after registries were created. Some metrics will be missing from the reporter. Please add reporter before adding any new registry.
2022-06-21 13:52:33,022 [Listener at 127.0.0.1/44727] INFO  impl.MetricsSystemImpl (MetricsSystemImpl.java:init(158)) - HddsDatanode metrics system started (again)
2022-06-21 13:52:33,033 [Listener at 127.0.0.1/44727] INFO  ozone.HddsDatanodeService (HddsDatanodeService.java:start(236)) - HddsDatanodeService host:fv-az194-567.vahfjs35atkulmpwh5ujf4txfe.jx.internal.cloudapp.net ip:10.1.0.15
2022-06-21 13:52:33,043 [org.apache.hadoop.util.JvmPauseMonitor$Monitor@224998f3] INFO  util.JvmPauseMonitor (JvmPauseMonitor.java:run(188)) - Starting JVM pause monitor
2022-06-21 13:52:33,054 [Datanode State Machine Task Thread - 0] INFO  datanode.InitDatanodeState (InitDatanodeState.java:persistContainerDatanodeDetails(138)) - DatanodeDetails is persisted to /home/runner/work/ozone/ozone/hadoop-ozone/integration-test/target/test-dir/MiniOzoneClusterImpl-e16419ed-4a79-4c69-a384-d99db5bfc06c/datanode-1/meta/datanode.id
2022-06-21 13:52:33,060 [Listener at 127.0.0.1/44727] INFO  upgrade.AbstractLayoutVersionManager (AbstractLayoutVersionManager.java:init(82)) - Initializing Layout version manager with metadata layout = DATANODE_SCHEMA_V3 (version = 4), software layout = DATANODE_SCHEMA_V3 (version = 4)
2022-06-21 13:52:33,116 [Listener at 127.0.0.1/44727] INFO  reflections.Reflections (Reflections.java:scan(232)) - Reflections took 54 ms to scan 7 urls, producing 131 keys and 315 values 
2022-06-21 13:52:33,117 [Listener at 127.0.0.1/44727] INFO  statemachine.DatanodeStateMachine (DatanodeStateMachine.java:getEndPointTaskThreadPoolSize(237)) - Datanode State Machine Task Thread Pool size 2
2022-06-21 13:52:33,119 [Listener at 127.0.0.1/44727] INFO  volume.HddsVolume (HddsVolume.java:<init>(116)) - Creating HddsVolume: /home/runner/work/ozone/ozone/hadoop-ozone/integration-test/target/test-dir/MiniOzoneClusterImpl-e16419ed-4a79-4c69-a384-d99db5bfc06c/datanode-2/data-0/containers/hdds of storage type : DISK capacity : 9223372036854775807
2022-06-21 13:52:33,119 [Listener at 127.0.0.1/44727] INFO  volume.MutableVolumeSet (MutableVolumeSet.java:initializeVolumeSet(174)) - Added Volume : /home/runner/work/ozone/ozone/hadoop-ozone/integration-test/target/test-dir/MiniOzoneClusterImpl-e16419ed-4a79-4c69-a384-d99db5bfc06c/datanode-2/data-0/containers/hdds to VolumeSet
2022-06-21 13:52:33,120 [Listener at 127.0.0.1/44727] INFO  volume.ThrottledAsyncChecker (ThrottledAsyncChecker.java:schedule(141)) - Scheduling a check for /home/runner/work/ozone/ozone/hadoop-ozone/integration-test/target/test-dir/MiniOzoneClusterImpl-e16419ed-4a79-4c69-a384-d99db5bfc06c/datanode-2/data-0/containers/hdds
2022-06-21 13:52:33,120 [Listener at 127.0.0.1/44727] INFO  volume.StorageVolumeChecker (StorageVolumeChecker.java:checkAllVolumes(202)) - Scheduled health check for volume /home/runner/work/ozone/ozone/hadoop-ozone/integration-test/target/test-dir/MiniOzoneClusterImpl-e16419ed-4a79-4c69-a384-d99db5bfc06c/datanode-2/data-0/containers/hdds
2022-06-21 13:52:33,131 [Listener at 127.0.0.1/44727] INFO  volume.MutableVolumeSet (MutableVolumeSet.java:initializeVolumeSet(174)) - Added Volume : /home/runner/work/ozone/ozone/hadoop-ozone/integration-test/target/test-dir/MiniOzoneClusterImpl-e16419ed-4a79-4c69-a384-d99db5bfc06c/datanode-2/data/ratis to VolumeSet
2022-06-21 13:52:33,132 [Listener at 127.0.0.1/44727] INFO  volume.ThrottledAsyncChecker (ThrottledAsyncChecker.java:schedule(141)) - Scheduling a check for /home/runner/work/ozone/ozone/hadoop-ozone/integration-test/target/test-dir/MiniOzoneClusterImpl-e16419ed-4a79-4c69-a384-d99db5bfc06c/datanode-2/data/ratis
2022-06-21 13:52:33,132 [Listener at 127.0.0.1/44727] INFO  volume.StorageVolumeChecker (StorageVolumeChecker.java:checkAllVolumes(202)) - Scheduled health check for volume /home/runner/work/ozone/ozone/hadoop-ozone/integration-test/target/test-dir/MiniOzoneClusterImpl-e16419ed-4a79-4c69-a384-d99db5bfc06c/datanode-2/data/ratis
2022-06-21 13:52:33,142 [Thread-162] INFO  ozoneimpl.ContainerReader (ContainerReader.java:readVolume(172)) - Finish verifying containers on volume /home/runner/work/ozone/ozone/hadoop-ozone/integration-test/target/test-dir/MiniOzoneClusterImpl-e16419ed-4a79-4c69-a384-d99db5bfc06c/datanode-2/data-0/containers/hdds
2022-06-21 13:52:33,142 [Listener at 127.0.0.1/44727] INFO  ozoneimpl.OzoneContainer (OzoneContainer.java:buildContainerSet(266)) - Build ContainerSet costs 0s
2022-06-21 13:52:33,145 [Listener at 127.0.0.1/44727] INFO  server.RaftServer (ConfUtils.java:logGet(46)) - raft.rpc.type = GRPC (default)
2022-06-21 13:52:33,145 [Listener at 127.0.0.1/44727] INFO  grpc.GrpcFactory (GrpcFactory.java:checkPooledByteBufAllocatorUseCacheForAllThreads(48)) - PERFORMANCE WARNING: useCacheForAllThreads is true that may cause Netty to create a lot garbage objects and, as a result, trigger GC.
	It is recommended to disable useCacheForAllThreads by setting -Dorg.apache.ratis.thirdparty.io.netty.allocator.useCacheForAllThreads=false in command line.
2022-06-21 13:52:33,145 [Listener at 127.0.0.1/44727] INFO  grpc.GrpcConfigKeys (ConfUtils.java:logGet(46)) - raft.grpc.admin.port = 0 (custom)
2022-06-21 13:52:33,145 [Listener at 127.0.0.1/44727] INFO  grpc.GrpcConfigKeys (ConfUtils.java:logGet(46)) - raft.grpc.client.port = 0 (custom)
2022-06-21 13:52:33,145 [Listener at 127.0.0.1/44727] INFO  grpc.GrpcConfigKeys (ConfUtils.java:logGet(46)) - raft.grpc.server.port = 0 (default)
2022-06-21 13:52:33,145 [Listener at 127.0.0.1/44727] INFO  server.GrpcService (ConfUtils.java:logGet(46)) - raft.grpc.message.size.max = 32MB (=33554432) (custom)
2022-06-21 13:52:33,146 [Listener at 127.0.0.1/44727] INFO  server.RaftServerConfigKeys (ConfUtils.java:logGet(46)) - raft.server.log.appender.buffer.byte-limit = 33554432 (custom)
2022-06-21 13:52:33,146 [Listener at 127.0.0.1/44727] INFO  server.GrpcService (ConfUtils.java:logGet(46)) - raft.grpc.flow.control.window = 5MB (=5242880) (custom)
2022-06-21 13:52:33,146 [Listener at 127.0.0.1/44727] INFO  server.RaftServerConfigKeys (ConfUtils.java:logGet(46)) - raft.server.rpc.request.timeout = 60s (custom)
2022-06-21 13:52:33,146 [Listener at 127.0.0.1/44727] INFO  grpc.GrpcConfigKeys (ConfUtils.java:logGet(46)) - raft.grpc.server.async.request.thread.pool.cached = true (default)
2022-06-21 13:52:33,146 [Listener at 127.0.0.1/44727] INFO  grpc.GrpcConfigKeys (ConfUtils.java:logGet(46)) - raft.grpc.server.async.request.thread.pool.size = 32 (default)
2022-06-21 13:52:33,147 [Listener at 127.0.0.1/44727] INFO  impl.DataStreamServerImpl (ConfUtils.java:logGet(46)) - raft.datastream.type = DISABLED (default)
2022-06-21 13:52:33,147 [Listener at 127.0.0.1/44727] INFO  server.RaftServerConfigKeys (ConfUtils.java:logGet(46)) - raft.server.threadpool.proxy.cached = true (default)
2022-06-21 13:52:33,148 [Listener at 127.0.0.1/44727] INFO  server.RaftServerConfigKeys (ConfUtils.java:logGet(46)) - raft.server.threadpool.proxy.size = 0 (default)
2022-06-21 13:52:33,148 [Listener at 127.0.0.1/44727] INFO  server.RaftServerConfigKeys (ConfUtils.java:logGet(46)) - raft.server.rpc.slowness.timeout = 300s (custom)
2022-06-21 13:52:33,148 [Listener at 127.0.0.1/44727] INFO  server.RaftServerConfigKeys (ConfUtils.java:logGet(46)) - raft.server.leaderelection.leader.step-down.wait-time = 10s (default)
2022-06-21 13:52:33,148 [Listener at 127.0.0.1/44727] INFO  server.RaftServerConfigKeys (ConfUtils.java:logGet(46)) - raft.server.storage.dir = [/home/runner/work/ozone/ozone/hadoop-ozone/integration-test/target/test-dir/MiniOzoneClusterImpl-e16419ed-4a79-4c69-a384-d99db5bfc06c/datanode-2/data/ratis] (custom)
2022-06-21 13:52:33,152 [Listener at 127.0.0.1/44727] INFO  server.XceiverServerGrpc (XceiverServerGrpc.java:<init>(132)) - GrpcServer channel type EpollServerSocketChannel
2022-06-21 13:52:33,155 [Listener at 127.0.0.1/44727] INFO  http.BaseHttpServer (BaseHttpServer.java:newHttpServer2BuilderForOzone(209)) - Starting Web-server for hddsDatanode at: http://0.0.0.0:0
2022-06-21 13:52:33,158 [Listener at 127.0.0.1/44727] INFO  http.BaseHttpServer (BaseHttpServer.java:<init>(107)) - Hadoop Security Enabled: false Ozone Security Enabled: false Ozone HTTP Security Enabled: false 
2022-06-21 13:52:33,159 [Listener at 127.0.0.1/44727] INFO  server.AuthenticationFilter (AuthenticationFilter.java:constructSecretProvider(240)) - Unable to initialize FileSignerSecretProvider, falling back to use random secrets.
2022-06-21 13:52:33,161 [Listener at 127.0.0.1/44727] WARN  http.HttpRequestLog (HttpRequestLog.java:getRequestLog(103)) - Jetty request log can only be enabled using Log4j
2022-06-21 13:52:33,162 [Listener at 127.0.0.1/44727] INFO  http.HttpServer2 (HttpServer2.java:addGlobalFilter(1029)) - Added global filter 'safety' (class=org.apache.hadoop.hdds.server.http.HttpServer2$QuotingInputFilter)
2022-06-21 13:52:33,163 [Listener at 127.0.0.1/44727] INFO  http.HttpServer2 (HttpServer2.java:addFilter(1005)) - Added filter static_user_filter (class=org.apache.hadoop.http.lib.StaticUserWebFilter$StaticUserFilter) to context hddsDatanode
2022-06-21 13:52:33,163 [Listener at 127.0.0.1/44727] INFO  http.HttpServer2 (HttpServer2.java:addFilter(1013)) - Added filter static_user_filter (class=org.apache.hadoop.http.lib.StaticUserWebFilter$StaticUserFilter) to context logs
2022-06-21 13:52:33,163 [Listener at 127.0.0.1/44727] INFO  http.HttpServer2 (HttpServer2.java:addFilter(1013)) - Added filter static_user_filter (class=org.apache.hadoop.http.lib.StaticUserWebFilter$StaticUserFilter) to context static
2022-06-21 13:52:33,164 [Listener at 127.0.0.1/44727] INFO  http.HttpServer2 (HttpServer2.java:bindListener(1248)) - Jetty bound to port 39473
2022-06-21 13:52:33,164 [Listener at 127.0.0.1/44727] INFO  server.Server (Server.java:doStart(375)) - jetty-9.4.43.v20210629; built: 2021-06-30T11:07:22.254Z; git: 526006ecfa3af7f1a27ef3a288e2bef7ea9dd7e8; jvm 1.8.0_332-b09
2022-06-21 13:52:33,167 [Listener at 127.0.0.1/44727] INFO  server.session (DefaultSessionIdManager.java:doStart(334)) - DefaultSessionIdManager workerName=node0
2022-06-21 13:52:33,168 [Listener at 127.0.0.1/44727] INFO  server.session (DefaultSessionIdManager.java:doStart(339)) - No SessionScavenger set, using defaults
2022-06-21 13:52:33,168 [Listener at 127.0.0.1/44727] INFO  server.session (HouseKeeper.java:startScavenging(132)) - node0 Scavenging every 660000ms
2022-06-21 13:52:33,169 [Listener at 127.0.0.1/44727] INFO  handler.ContextHandler (ContextHandler.java:doStart(915)) - Started o.e.j.s.ServletContextHandler@12b19557{logs,/logs,file:///home/runner/work/ozone/ozone/hadoop-ozone/integration-test/target/log,AVAILABLE}
2022-06-21 13:52:33,170 [Listener at 127.0.0.1/44727] INFO  handler.ContextHandler (ContextHandler.java:doStart(915)) - Started o.e.j.s.ServletContextHandler@1d7b62cd{static,/static,jar:file:/home/runner/.m2/repository/org/apache/ozone/hdds-container-service/1.3.0-SNAPSHOT/hdds-container-service-1.3.0-SNAPSHOT.jar!/webapps/static,AVAILABLE}
2022-06-21 13:52:33,331 [Listener at 127.0.0.1/44727] INFO  handler.ContextHandler (ContextHandler.java:doStart(915)) - Started o.e.j.w.WebAppContext@2bdb0d42{hddsDatanode,/,file:///tmp/jetty-0_0_0_0-39473-hdds-container-service-1_3_0-SNAPSHOT_jar-_-any-8066179213960573258/webapp/,AVAILABLE}{jar:file:/home/runner/.m2/repository/org/apache/ozone/hdds-container-service/1.3.0-SNAPSHOT/hdds-container-service-1.3.0-SNAPSHOT.jar!/webapps/hddsDatanode}
2022-06-21 13:52:33,334 [Listener at 127.0.0.1/44727] INFO  server.AbstractConnector (AbstractConnector.java:doStart(331)) - Started ServerConnector@6689e1b3{HTTP/1.1, (http/1.1)}{0.0.0.0:39473}
2022-06-21 13:52:33,334 [Listener at 127.0.0.1/44727] INFO  server.Server (Server.java:doStart(415)) - Started @9328ms
2022-06-21 13:52:33,334 [Listener at 127.0.0.1/44727] WARN  impl.MetricsSystemImpl (MetricsSystemImpl.java:register(279)) - Sink prometheus already exists!
2022-06-21 13:52:33,339 [Listener at 127.0.0.1/44727] INFO  http.BaseHttpServer (BaseHttpServer.java:updateConnectorAddress(329)) - HTTP server of hddsDatanode listening at http://0.0.0.0:39473
2022-06-21 13:52:33,339 [Listener at 127.0.0.1/44727] WARN  impl.MetricRegistriesImpl (MetricRegistriesImpl.java:addReporterRegistration(111)) - New reporters are added after registries were created. Some metrics will be missing from the reporter. Please add reporter before adding any new registry.
2022-06-21 13:52:33,339 [Listener at 127.0.0.1/44727] WARN  impl.MetricRegistriesImpl (MetricRegistriesImpl.java:addReporterRegistration(111)) - New reporters are added after registries were created. Some metrics will be missing from the reporter. Please add reporter before adding any new registry.
2022-06-21 13:52:33,339 [Listener at 127.0.0.1/44727] INFO  impl.MetricsSystemImpl (MetricsSystemImpl.java:init(158)) - HddsDatanode metrics system started (again)
2022-06-21 13:52:33,342 [Datanode State Machine Daemon Thread] INFO  statemachine.DatanodeStateMachine (DatanodeStateMachine.java:lambda$startDaemon$0(492)) - Ozone container server started.
2022-06-21 13:52:33,361 [org.apache.hadoop.util.JvmPauseMonitor$Monitor@3ec567a7] INFO  util.JvmPauseMonitor (JvmPauseMonitor.java:run(188)) - Starting JVM pause monitor
2022-06-21 13:52:33,362 [Listener at 127.0.0.1/44727] INFO  ozone.HddsDatanodeService (HddsDatanodeService.java:start(236)) - HddsDatanodeService host:fv-az194-567.vahfjs35atkulmpwh5ujf4txfe.jx.internal.cloudapp.net ip:10.1.0.15
2022-06-21 13:52:33,367 [Datanode State Machine Task Thread - 0] INFO  datanode.InitDatanodeState (InitDatanodeState.java:persistContainerDatanodeDetails(138)) - DatanodeDetails is persisted to /home/runner/work/ozone/ozone/hadoop-ozone/integration-test/target/test-dir/MiniOzoneClusterImpl-e16419ed-4a79-4c69-a384-d99db5bfc06c/datanode-2/meta/datanode.id
2022-06-21 13:52:33,387 [Listener at 127.0.0.1/44727] INFO  upgrade.AbstractLayoutVersionManager (AbstractLayoutVersionManager.java:init(82)) - Initializing Layout version manager with metadata layout = DATANODE_SCHEMA_V3 (version = 4), software layout = DATANODE_SCHEMA_V3 (version = 4)
2022-06-21 13:52:33,431 [Listener at 127.0.0.1/44727] INFO  reflections.Reflections (Reflections.java:scan(232)) - Reflections took 42 ms to scan 7 urls, producing 131 keys and 315 values 
2022-06-21 13:52:33,432 [Listener at 127.0.0.1/44727] INFO  statemachine.DatanodeStateMachine (DatanodeStateMachine.java:getEndPointTaskThreadPoolSize(237)) - Datanode State Machine Task Thread Pool size 2
2022-06-21 13:52:33,444 [Listener at 127.0.0.1/44727] INFO  volume.HddsVolume (HddsVolume.java:<init>(116)) - Creating HddsVolume: /home/runner/work/ozone/ozone/hadoop-ozone/integration-test/target/test-dir/MiniOzoneClusterImpl-e16419ed-4a79-4c69-a384-d99db5bfc06c/datanode-3/data-0/containers/hdds of storage type : DISK capacity : 9223372036854775807
2022-06-21 13:52:33,444 [Listener at 127.0.0.1/44727] INFO  volume.MutableVolumeSet (MutableVolumeSet.java:initializeVolumeSet(174)) - Added Volume : /home/runner/work/ozone/ozone/hadoop-ozone/integration-test/target/test-dir/MiniOzoneClusterImpl-e16419ed-4a79-4c69-a384-d99db5bfc06c/datanode-3/data-0/containers/hdds to VolumeSet
2022-06-21 13:52:33,444 [Listener at 127.0.0.1/44727] INFO  volume.ThrottledAsyncChecker (ThrottledAsyncChecker.java:schedule(141)) - Scheduling a check for /home/runner/work/ozone/ozone/hadoop-ozone/integration-test/target/test-dir/MiniOzoneClusterImpl-e16419ed-4a79-4c69-a384-d99db5bfc06c/datanode-3/data-0/containers/hdds
2022-06-21 13:52:33,445 [Listener at 127.0.0.1/44727] INFO  volume.StorageVolumeChecker (StorageVolumeChecker.java:checkAllVolumes(202)) - Scheduled health check for volume /home/runner/work/ozone/ozone/hadoop-ozone/integration-test/target/test-dir/MiniOzoneClusterImpl-e16419ed-4a79-4c69-a384-d99db5bfc06c/datanode-3/data-0/containers/hdds
2022-06-21 13:52:33,457 [Listener at 127.0.0.1/44727] INFO  volume.MutableVolumeSet (MutableVolumeSet.java:initializeVolumeSet(174)) - Added Volume : /home/runner/work/ozone/ozone/hadoop-ozone/integration-test/target/test-dir/MiniOzoneClusterImpl-e16419ed-4a79-4c69-a384-d99db5bfc06c/datanode-3/data/ratis to VolumeSet
2022-06-21 13:52:33,457 [Listener at 127.0.0.1/44727] INFO  volume.ThrottledAsyncChecker (ThrottledAsyncChecker.java:schedule(141)) - Scheduling a check for /home/runner/work/ozone/ozone/hadoop-ozone/integration-test/target/test-dir/MiniOzoneClusterImpl-e16419ed-4a79-4c69-a384-d99db5bfc06c/datanode-3/data/ratis
2022-06-21 13:52:33,457 [Listener at 127.0.0.1/44727] INFO  volume.StorageVolumeChecker (StorageVolumeChecker.java:checkAllVolumes(202)) - Scheduled health check for volume /home/runner/work/ozone/ozone/hadoop-ozone/integration-test/target/test-dir/MiniOzoneClusterImpl-e16419ed-4a79-4c69-a384-d99db5bfc06c/datanode-3/data/ratis
2022-06-21 13:52:33,468 [Thread-175] INFO  ozoneimpl.ContainerReader (ContainerReader.java:readVolume(172)) - Finish verifying containers on volume /home/runner/work/ozone/ozone/hadoop-ozone/integration-test/target/test-dir/MiniOzoneClusterImpl-e16419ed-4a79-4c69-a384-d99db5bfc06c/datanode-3/data-0/containers/hdds
2022-06-21 13:52:33,469 [Listener at 127.0.0.1/44727] INFO  ozoneimpl.OzoneContainer (OzoneContainer.java:buildContainerSet(266)) - Build ContainerSet costs 0s
2022-06-21 13:52:33,471 [Listener at 127.0.0.1/44727] INFO  server.RaftServer (ConfUtils.java:logGet(46)) - raft.rpc.type = GRPC (default)
2022-06-21 13:52:33,472 [Listener at 127.0.0.1/44727] INFO  grpc.GrpcFactory (GrpcFactory.java:checkPooledByteBufAllocatorUseCacheForAllThreads(48)) - PERFORMANCE WARNING: useCacheForAllThreads is true that may cause Netty to create a lot garbage objects and, as a result, trigger GC.
	It is recommended to disable useCacheForAllThreads by setting -Dorg.apache.ratis.thirdparty.io.netty.allocator.useCacheForAllThreads=false in command line.
2022-06-21 13:52:33,472 [Listener at 127.0.0.1/44727] INFO  grpc.GrpcConfigKeys (ConfUtils.java:logGet(46)) - raft.grpc.admin.port = 0 (custom)
2022-06-21 13:52:33,472 [Listener at 127.0.0.1/44727] INFO  grpc.GrpcConfigKeys (ConfUtils.java:logGet(46)) - raft.grpc.client.port = 0 (custom)
2022-06-21 13:52:33,472 [Listener at 127.0.0.1/44727] INFO  grpc.GrpcConfigKeys (ConfUtils.java:logGet(46)) - raft.grpc.server.port = 0 (default)
2022-06-21 13:52:33,472 [Listener at 127.0.0.1/44727] INFO  server.GrpcService (ConfUtils.java:logGet(46)) - raft.grpc.message.size.max = 32MB (=33554432) (custom)
2022-06-21 13:52:33,473 [Listener at 127.0.0.1/44727] INFO  server.RaftServerConfigKeys (ConfUtils.java:logGet(46)) - raft.server.log.appender.buffer.byte-limit = 33554432 (custom)
2022-06-21 13:52:33,473 [Listener at 127.0.0.1/44727] INFO  server.GrpcService (ConfUtils.java:logGet(46)) - raft.grpc.flow.control.window = 5MB (=5242880) (custom)
2022-06-21 13:52:33,473 [Listener at 127.0.0.1/44727] INFO  server.RaftServerConfigKeys (ConfUtils.java:logGet(46)) - raft.server.rpc.request.timeout = 60s (custom)
2022-06-21 13:52:33,473 [Listener at 127.0.0.1/44727] INFO  grpc.GrpcConfigKeys (ConfUtils.java:logGet(46)) - raft.grpc.server.async.request.thread.pool.cached = true (default)
2022-06-21 13:52:33,473 [Listener at 127.0.0.1/44727] INFO  grpc.GrpcConfigKeys (ConfUtils.java:logGet(46)) - raft.grpc.server.async.request.thread.pool.size = 32 (default)
2022-06-21 13:52:33,474 [Listener at 127.0.0.1/44727] INFO  impl.DataStreamServerImpl (ConfUtils.java:logGet(46)) - raft.datastream.type = DISABLED (default)
2022-06-21 13:52:33,474 [Listener at 127.0.0.1/44727] INFO  server.RaftServerConfigKeys (ConfUtils.java:logGet(46)) - raft.server.threadpool.proxy.cached = true (default)
2022-06-21 13:52:33,475 [Listener at 127.0.0.1/44727] INFO  server.RaftServerConfigKeys (ConfUtils.java:logGet(46)) - raft.server.threadpool.proxy.size = 0 (default)
2022-06-21 13:52:33,475 [Listener at 127.0.0.1/44727] INFO  server.RaftServerConfigKeys (ConfUtils.java:logGet(46)) - raft.server.rpc.slowness.timeout = 300s (custom)
2022-06-21 13:52:33,475 [Listener at 127.0.0.1/44727] INFO  server.RaftServerConfigKeys (ConfUtils.java:logGet(46)) - raft.server.leaderelection.leader.step-down.wait-time = 10s (default)
2022-06-21 13:52:33,475 [Listener at 127.0.0.1/44727] INFO  server.RaftServerConfigKeys (ConfUtils.java:logGet(46)) - raft.server.storage.dir = [/home/runner/work/ozone/ozone/hadoop-ozone/integration-test/target/test-dir/MiniOzoneClusterImpl-e16419ed-4a79-4c69-a384-d99db5bfc06c/datanode-3/data/ratis] (custom)
2022-06-21 13:52:33,477 [Listener at 127.0.0.1/44727] INFO  server.XceiverServerGrpc (XceiverServerGrpc.java:<init>(132)) - GrpcServer channel type EpollServerSocketChannel
2022-06-21 13:52:33,483 [Listener at 127.0.0.1/44727] INFO  http.BaseHttpServer (BaseHttpServer.java:newHttpServer2BuilderForOzone(209)) - Starting Web-server for hddsDatanode at: http://0.0.0.0:0
2022-06-21 13:52:33,483 [Listener at 127.0.0.1/44727] INFO  http.BaseHttpServer (BaseHttpServer.java:<init>(107)) - Hadoop Security Enabled: false Ozone Security Enabled: false Ozone HTTP Security Enabled: false 
2022-06-21 13:52:33,486 [Listener at 127.0.0.1/44727] INFO  server.AuthenticationFilter (AuthenticationFilter.java:constructSecretProvider(240)) - Unable to initialize FileSignerSecretProvider, falling back to use random secrets.
2022-06-21 13:52:33,486 [Listener at 127.0.0.1/44727] WARN  http.HttpRequestLog (HttpRequestLog.java:getRequestLog(103)) - Jetty request log can only be enabled using Log4j
2022-06-21 13:52:33,488 [Listener at 127.0.0.1/44727] INFO  http.HttpServer2 (HttpServer2.java:addGlobalFilter(1029)) - Added global filter 'safety' (class=org.apache.hadoop.hdds.server.http.HttpServer2$QuotingInputFilter)
2022-06-21 13:52:33,488 [Listener at 127.0.0.1/44727] INFO  http.HttpServer2 (HttpServer2.java:addFilter(1005)) - Added filter static_user_filter (class=org.apache.hadoop.http.lib.StaticUserWebFilter$StaticUserFilter) to context hddsDatanode
2022-06-21 13:52:33,489 [Listener at 127.0.0.1/44727] INFO  http.HttpServer2 (HttpServer2.java:addFilter(1013)) - Added filter static_user_filter (class=org.apache.hadoop.http.lib.StaticUserWebFilter$StaticUserFilter) to context static
2022-06-21 13:52:33,489 [Listener at 127.0.0.1/44727] INFO  http.HttpServer2 (HttpServer2.java:addFilter(1013)) - Added filter static_user_filter (class=org.apache.hadoop.http.lib.StaticUserWebFilter$StaticUserFilter) to context logs
2022-06-21 13:52:33,489 [Listener at 127.0.0.1/44727] INFO  http.HttpServer2 (HttpServer2.java:bindListener(1248)) - Jetty bound to port 37699
2022-06-21 13:52:33,489 [Listener at 127.0.0.1/44727] INFO  server.Server (Server.java:doStart(375)) - jetty-9.4.43.v20210629; built: 2021-06-30T11:07:22.254Z; git: 526006ecfa3af7f1a27ef3a288e2bef7ea9dd7e8; jvm 1.8.0_332-b09
2022-06-21 13:52:33,495 [Listener at 127.0.0.1/44727] INFO  server.session (DefaultSessionIdManager.java:doStart(334)) - DefaultSessionIdManager workerName=node0
2022-06-21 13:52:33,495 [Listener at 127.0.0.1/44727] INFO  server.session (DefaultSessionIdManager.java:doStart(339)) - No SessionScavenger set, using defaults
2022-06-21 13:52:33,495 [Listener at 127.0.0.1/44727] INFO  server.session (HouseKeeper.java:startScavenging(132)) - node0 Scavenging every 600000ms
2022-06-21 13:52:33,496 [Listener at 127.0.0.1/44727] INFO  handler.ContextHandler (ContextHandler.java:doStart(915)) - Started o.e.j.s.ServletContextHandler@33795ac7{logs,/logs,file:///home/runner/work/ozone/ozone/hadoop-ozone/integration-test/target/log,AVAILABLE}
2022-06-21 13:52:33,496 [Listener at 127.0.0.1/44727] INFO  handler.ContextHandler (ContextHandler.java:doStart(915)) - Started o.e.j.s.ServletContextHandler@10d59073{static,/static,jar:file:/home/runner/.m2/repository/org/apache/ozone/hdds-container-service/1.3.0-SNAPSHOT/hdds-container-service-1.3.0-SNAPSHOT.jar!/webapps/static,AVAILABLE}
2022-06-21 13:52:33,663 [Listener at 127.0.0.1/44727] INFO  handler.ContextHandler (ContextHandler.java:doStart(915)) - Started o.e.j.w.WebAppContext@2b1d39b2{hddsDatanode,/,file:///tmp/jetty-0_0_0_0-37699-hdds-container-service-1_3_0-SNAPSHOT_jar-_-any-3515055845740933153/webapp/,AVAILABLE}{jar:file:/home/runner/.m2/repository/org/apache/ozone/hdds-container-service/1.3.0-SNAPSHOT/hdds-container-service-1.3.0-SNAPSHOT.jar!/webapps/hddsDatanode}
2022-06-21 13:52:33,664 [Listener at 127.0.0.1/44727] INFO  server.AbstractConnector (AbstractConnector.java:doStart(331)) - Started ServerConnector@ca129b5{HTTP/1.1, (http/1.1)}{0.0.0.0:37699}
2022-06-21 13:52:33,665 [Listener at 127.0.0.1/44727] INFO  server.Server (Server.java:doStart(415)) - Started @9658ms
2022-06-21 13:52:33,665 [Listener at 127.0.0.1/44727] WARN  impl.MetricsSystemImpl (MetricsSystemImpl.java:register(279)) - Sink prometheus already exists!
2022-06-21 13:52:33,666 [Listener at 127.0.0.1/44727] INFO  http.BaseHttpServer (BaseHttpServer.java:updateConnectorAddress(329)) - HTTP server of hddsDatanode listening at http://0.0.0.0:37699
2022-06-21 13:52:33,666 [Listener at 127.0.0.1/44727] WARN  impl.MetricRegistriesImpl (MetricRegistriesImpl.java:addReporterRegistration(111)) - New reporters are added after registries were created. Some metrics will be missing from the reporter. Please add reporter before adding any new registry.
2022-06-21 13:52:33,667 [Listener at 127.0.0.1/44727] WARN  impl.MetricRegistriesImpl (MetricRegistriesImpl.java:addReporterRegistration(111)) - New reporters are added after registries were created. Some metrics will be missing from the reporter. Please add reporter before adding any new registry.
2022-06-21 13:52:33,667 [Listener at 127.0.0.1/44727] INFO  impl.MetricsSystemImpl (MetricsSystemImpl.java:init(158)) - HddsDatanode metrics system started (again)
2022-06-21 13:52:33,667 [Datanode State Machine Daemon Thread] INFO  statemachine.DatanodeStateMachine (DatanodeStateMachine.java:lambda$startDaemon$0(492)) - Ozone container server started.
2022-06-21 13:52:33,685 [Listener at 127.0.0.1/44727] INFO  ozone.HddsDatanodeService (HddsDatanodeService.java:start(236)) - HddsDatanodeService host:fv-az194-567.vahfjs35atkulmpwh5ujf4txfe.jx.internal.cloudapp.net ip:10.1.0.15
2022-06-21 13:52:33,691 [org.apache.hadoop.util.JvmPauseMonitor$Monitor@4166fac8] INFO  util.JvmPauseMonitor (JvmPauseMonitor.java:run(188)) - Starting JVM pause monitor
2022-06-21 13:52:33,700 [Datanode State Machine Task Thread - 0] INFO  datanode.InitDatanodeState (InitDatanodeState.java:persistContainerDatanodeDetails(138)) - DatanodeDetails is persisted to /home/runner/work/ozone/ozone/hadoop-ozone/integration-test/target/test-dir/MiniOzoneClusterImpl-e16419ed-4a79-4c69-a384-d99db5bfc06c/datanode-3/meta/datanode.id
2022-06-21 13:52:33,724 [Listener at 127.0.0.1/44727] INFO  upgrade.AbstractLayoutVersionManager (AbstractLayoutVersionManager.java:init(82)) - Initializing Layout version manager with metadata layout = DATANODE_SCHEMA_V3 (version = 4), software layout = DATANODE_SCHEMA_V3 (version = 4)
2022-06-21 13:52:33,769 [Listener at 127.0.0.1/44727] INFO  reflections.Reflections (Reflections.java:scan(232)) - Reflections took 40 ms to scan 7 urls, producing 131 keys and 315 values 
2022-06-21 13:52:33,770 [Listener at 127.0.0.1/44727] INFO  statemachine.DatanodeStateMachine (DatanodeStateMachine.java:getEndPointTaskThreadPoolSize(237)) - Datanode State Machine Task Thread Pool size 2
2022-06-21 13:52:33,776 [Listener at 127.0.0.1/44727] INFO  volume.HddsVolume (HddsVolume.java:<init>(116)) - Creating HddsVolume: /home/runner/work/ozone/ozone/hadoop-ozone/integration-test/target/test-dir/MiniOzoneClusterImpl-e16419ed-4a79-4c69-a384-d99db5bfc06c/datanode-4/data-0/containers/hdds of storage type : DISK capacity : 9223372036854775807
2022-06-21 13:52:33,776 [Listener at 127.0.0.1/44727] INFO  volume.MutableVolumeSet (MutableVolumeSet.java:initializeVolumeSet(174)) - Added Volume : /home/runner/work/ozone/ozone/hadoop-ozone/integration-test/target/test-dir/MiniOzoneClusterImpl-e16419ed-4a79-4c69-a384-d99db5bfc06c/datanode-4/data-0/containers/hdds to VolumeSet
2022-06-21 13:52:33,776 [Listener at 127.0.0.1/44727] INFO  volume.ThrottledAsyncChecker (ThrottledAsyncChecker.java:schedule(141)) - Scheduling a check for /home/runner/work/ozone/ozone/hadoop-ozone/integration-test/target/test-dir/MiniOzoneClusterImpl-e16419ed-4a79-4c69-a384-d99db5bfc06c/datanode-4/data-0/containers/hdds
2022-06-21 13:52:33,777 [Listener at 127.0.0.1/44727] INFO  volume.StorageVolumeChecker (StorageVolumeChecker.java:checkAllVolumes(202)) - Scheduled health check for volume /home/runner/work/ozone/ozone/hadoop-ozone/integration-test/target/test-dir/MiniOzoneClusterImpl-e16419ed-4a79-4c69-a384-d99db5bfc06c/datanode-4/data-0/containers/hdds
2022-06-21 13:52:33,788 [Listener at 127.0.0.1/44727] INFO  volume.MutableVolumeSet (MutableVolumeSet.java:initializeVolumeSet(174)) - Added Volume : /home/runner/work/ozone/ozone/hadoop-ozone/integration-test/target/test-dir/MiniOzoneClusterImpl-e16419ed-4a79-4c69-a384-d99db5bfc06c/datanode-4/data/ratis to VolumeSet
2022-06-21 13:52:33,788 [Listener at 127.0.0.1/44727] INFO  volume.ThrottledAsyncChecker (ThrottledAsyncChecker.java:schedule(141)) - Scheduling a check for /home/runner/work/ozone/ozone/hadoop-ozone/integration-test/target/test-dir/MiniOzoneClusterImpl-e16419ed-4a79-4c69-a384-d99db5bfc06c/datanode-4/data/ratis
2022-06-21 13:52:33,788 [Listener at 127.0.0.1/44727] INFO  volume.StorageVolumeChecker (StorageVolumeChecker.java:checkAllVolumes(202)) - Scheduled health check for volume /home/runner/work/ozone/ozone/hadoop-ozone/integration-test/target/test-dir/MiniOzoneClusterImpl-e16419ed-4a79-4c69-a384-d99db5bfc06c/datanode-4/data/ratis
2022-06-21 13:52:33,800 [Thread-188] INFO  ozoneimpl.ContainerReader (ContainerReader.java:readVolume(172)) - Finish verifying containers on volume /home/runner/work/ozone/ozone/hadoop-ozone/integration-test/target/test-dir/MiniOzoneClusterImpl-e16419ed-4a79-4c69-a384-d99db5bfc06c/datanode-4/data-0/containers/hdds
2022-06-21 13:52:33,800 [Listener at 127.0.0.1/44727] INFO  ozoneimpl.OzoneContainer (OzoneContainer.java:buildContainerSet(266)) - Build ContainerSet costs 0s
2022-06-21 13:52:33,803 [Listener at 127.0.0.1/44727] INFO  server.RaftServer (ConfUtils.java:logGet(46)) - raft.rpc.type = GRPC (default)
2022-06-21 13:52:33,803 [Listener at 127.0.0.1/44727] INFO  grpc.GrpcFactory (GrpcFactory.java:checkPooledByteBufAllocatorUseCacheForAllThreads(48)) - PERFORMANCE WARNING: useCacheForAllThreads is true that may cause Netty to create a lot garbage objects and, as a result, trigger GC.
	It is recommended to disable useCacheForAllThreads by setting -Dorg.apache.ratis.thirdparty.io.netty.allocator.useCacheForAllThreads=false in command line.
2022-06-21 13:52:33,805 [Listener at 127.0.0.1/44727] INFO  grpc.GrpcConfigKeys (ConfUtils.java:logGet(46)) - raft.grpc.admin.port = 0 (custom)
2022-06-21 13:52:33,805 [Listener at 127.0.0.1/44727] INFO  grpc.GrpcConfigKeys (ConfUtils.java:logGet(46)) - raft.grpc.client.port = 0 (custom)
2022-06-21 13:52:33,805 [Listener at 127.0.0.1/44727] INFO  grpc.GrpcConfigKeys (ConfUtils.java:logGet(46)) - raft.grpc.server.port = 0 (default)
2022-06-21 13:52:33,805 [Listener at 127.0.0.1/44727] INFO  server.GrpcService (ConfUtils.java:logGet(46)) - raft.grpc.message.size.max = 32MB (=33554432) (custom)
2022-06-21 13:52:33,805 [Listener at 127.0.0.1/44727] INFO  server.RaftServerConfigKeys (ConfUtils.java:logGet(46)) - raft.server.log.appender.buffer.byte-limit = 33554432 (custom)
2022-06-21 13:52:33,806 [Listener at 127.0.0.1/44727] INFO  server.GrpcService (ConfUtils.java:logGet(46)) - raft.grpc.flow.control.window = 5MB (=5242880) (custom)
2022-06-21 13:52:33,806 [Listener at 127.0.0.1/44727] INFO  server.RaftServerConfigKeys (ConfUtils.java:logGet(46)) - raft.server.rpc.request.timeout = 60s (custom)
2022-06-21 13:52:33,806 [Listener at 127.0.0.1/44727] INFO  grpc.GrpcConfigKeys (ConfUtils.java:logGet(46)) - raft.grpc.server.async.request.thread.pool.cached = true (default)
2022-06-21 13:52:33,806 [Listener at 127.0.0.1/44727] INFO  grpc.GrpcConfigKeys (ConfUtils.java:logGet(46)) - raft.grpc.server.async.request.thread.pool.size = 32 (default)
2022-06-21 13:52:33,807 [Listener at 127.0.0.1/44727] INFO  impl.DataStreamServerImpl (ConfUtils.java:logGet(46)) - raft.datastream.type = DISABLED (default)
2022-06-21 13:52:33,807 [Listener at 127.0.0.1/44727] INFO  server.RaftServerConfigKeys (ConfUtils.java:logGet(46)) - raft.server.threadpool.proxy.cached = true (default)
2022-06-21 13:52:33,807 [Listener at 127.0.0.1/44727] INFO  server.RaftServerConfigKeys (ConfUtils.java:logGet(46)) - raft.server.threadpool.proxy.size = 0 (default)
2022-06-21 13:52:33,808 [Listener at 127.0.0.1/44727] INFO  server.RaftServerConfigKeys (ConfUtils.java:logGet(46)) - raft.server.rpc.slowness.timeout = 300s (custom)
2022-06-21 13:52:33,808 [Listener at 127.0.0.1/44727] INFO  server.RaftServerConfigKeys (ConfUtils.java:logGet(46)) - raft.server.leaderelection.leader.step-down.wait-time = 10s (default)
2022-06-21 13:52:33,808 [Listener at 127.0.0.1/44727] INFO  server.RaftServerConfigKeys (ConfUtils.java:logGet(46)) - raft.server.storage.dir = [/home/runner/work/ozone/ozone/hadoop-ozone/integration-test/target/test-dir/MiniOzoneClusterImpl-e16419ed-4a79-4c69-a384-d99db5bfc06c/datanode-4/data/ratis] (custom)
2022-06-21 13:52:33,809 [Listener at 127.0.0.1/44727] INFO  server.XceiverServerGrpc (XceiverServerGrpc.java:<init>(132)) - GrpcServer channel type EpollServerSocketChannel
2022-06-21 13:52:33,816 [Listener at 127.0.0.1/44727] INFO  http.BaseHttpServer (BaseHttpServer.java:newHttpServer2BuilderForOzone(209)) - Starting Web-server for hddsDatanode at: http://0.0.0.0:0
2022-06-21 13:52:33,816 [Listener at 127.0.0.1/44727] INFO  http.BaseHttpServer (BaseHttpServer.java:<init>(107)) - Hadoop Security Enabled: false Ozone Security Enabled: false Ozone HTTP Security Enabled: false 
2022-06-21 13:52:33,818 [Listener at 127.0.0.1/44727] INFO  server.AuthenticationFilter (AuthenticationFilter.java:constructSecretProvider(240)) - Unable to initialize FileSignerSecretProvider, falling back to use random secrets.
2022-06-21 13:52:33,818 [Listener at 127.0.0.1/44727] WARN  http.HttpRequestLog (HttpRequestLog.java:getRequestLog(103)) - Jetty request log can only be enabled using Log4j
2022-06-21 13:52:33,820 [Listener at 127.0.0.1/44727] INFO  http.HttpServer2 (HttpServer2.java:addGlobalFilter(1029)) - Added global filter 'safety' (class=org.apache.hadoop.hdds.server.http.HttpServer2$QuotingInputFilter)
2022-06-21 13:52:33,820 [Listener at 127.0.0.1/44727] INFO  http.HttpServer2 (HttpServer2.java:addFilter(1005)) - Added filter static_user_filter (class=org.apache.hadoop.http.lib.StaticUserWebFilter$StaticUserFilter) to context hddsDatanode
2022-06-21 13:52:33,820 [Listener at 127.0.0.1/44727] INFO  http.HttpServer2 (HttpServer2.java:addFilter(1013)) - Added filter static_user_filter (class=org.apache.hadoop.http.lib.StaticUserWebFilter$StaticUserFilter) to context logs
2022-06-21 13:52:33,821 [Listener at 127.0.0.1/44727] INFO  http.HttpServer2 (HttpServer2.java:addFilter(1013)) - Added filter static_user_filter (class=org.apache.hadoop.http.lib.StaticUserWebFilter$StaticUserFilter) to context static
2022-06-21 13:52:33,821 [Listener at 127.0.0.1/44727] INFO  http.HttpServer2 (HttpServer2.java:bindListener(1248)) - Jetty bound to port 39715
2022-06-21 13:52:33,821 [Listener at 127.0.0.1/44727] INFO  server.Server (Server.java:doStart(375)) - jetty-9.4.43.v20210629; built: 2021-06-30T11:07:22.254Z; git: 526006ecfa3af7f1a27ef3a288e2bef7ea9dd7e8; jvm 1.8.0_332-b09
2022-06-21 13:52:33,830 [Listener at 127.0.0.1/44727] INFO  server.session (DefaultSessionIdManager.java:doStart(334)) - DefaultSessionIdManager workerName=node0
2022-06-21 13:52:33,831 [Listener at 127.0.0.1/44727] INFO  server.session (DefaultSessionIdManager.java:doStart(339)) - No SessionScavenger set, using defaults
2022-06-21 13:52:33,831 [Listener at 127.0.0.1/44727] INFO  server.session (HouseKeeper.java:startScavenging(132)) - node0 Scavenging every 600000ms
2022-06-21 13:52:33,835 [Listener at 127.0.0.1/44727] INFO  handler.ContextHandler (ContextHandler.java:doStart(915)) - Started o.e.j.s.ServletContextHandler@55eb10c0{logs,/logs,file:///home/runner/work/ozone/ozone/hadoop-ozone/integration-test/target/log,AVAILABLE}
2022-06-21 13:52:33,836 [Listener at 127.0.0.1/44727] INFO  handler.ContextHandler (ContextHandler.java:doStart(915)) - Started o.e.j.s.ServletContextHandler@25410c7f{static,/static,jar:file:/home/runner/.m2/repository/org/apache/ozone/hdds-container-service/1.3.0-SNAPSHOT/hdds-container-service-1.3.0-SNAPSHOT.jar!/webapps/static,AVAILABLE}
2022-06-21 13:52:34,002 [Listener at 127.0.0.1/44727] INFO  handler.ContextHandler (ContextHandler.java:doStart(915)) - Started o.e.j.w.WebAppContext@6d7eb2bc{hddsDatanode,/,file:///tmp/jetty-0_0_0_0-39715-hdds-container-service-1_3_0-SNAPSHOT_jar-_-any-2324086978244556812/webapp/,AVAILABLE}{jar:file:/home/runner/.m2/repository/org/apache/ozone/hdds-container-service/1.3.0-SNAPSHOT/hdds-container-service-1.3.0-SNAPSHOT.jar!/webapps/hddsDatanode}
2022-06-21 13:52:34,004 [Listener at 127.0.0.1/44727] INFO  server.AbstractConnector (AbstractConnector.java:doStart(331)) - Started ServerConnector@18d9ba1{HTTP/1.1, (http/1.1)}{0.0.0.0:39715}
2022-06-21 13:52:34,004 [Listener at 127.0.0.1/44727] INFO  server.Server (Server.java:doStart(415)) - Started @9998ms
2022-06-21 13:52:34,004 [Listener at 127.0.0.1/44727] WARN  impl.MetricsSystemImpl (MetricsSystemImpl.java:register(279)) - Sink prometheus already exists!
2022-06-21 13:52:34,005 [Listener at 127.0.0.1/44727] INFO  http.BaseHttpServer (BaseHttpServer.java:updateConnectorAddress(329)) - HTTP server of hddsDatanode listening at http://0.0.0.0:39715
2022-06-21 13:52:34,006 [Datanode State Machine Daemon Thread] INFO  statemachine.DatanodeStateMachine (DatanodeStateMachine.java:lambda$startDaemon$0(492)) - Ozone container server started.
2022-06-21 13:52:34,008 [Listener at 127.0.0.1/44727] INFO  ozone.MiniOzoneClusterImpl (MiniOzoneClusterImpl.java:lambda$waitForClusterToBeReady$0(222)) - Waiting for nodes to be ready. Got 0 of 5 DN Heartbeats.
2022-06-21 13:52:34,008 [Listener at 127.0.0.1/44727] INFO  ozone.MiniOzoneClusterImpl (MiniOzoneClusterImpl.java:lambda$waitForClusterToBeReady$0(225)) - Waiting for cluster to exit safe mode
2022-06-21 13:52:34,008 [Listener at 127.0.0.1/44727] INFO  ozone.MiniOzoneClusterImpl (MiniOzoneClusterImpl.java:lambda$waitForClusterToBeReady$0(227)) - SCM became leader
2022-06-21 13:52:34,015 [org.apache.hadoop.util.JvmPauseMonitor$Monitor@5938a96e] INFO  util.JvmPauseMonitor (JvmPauseMonitor.java:run(188)) - Starting JVM pause monitor
2022-06-21 13:52:34,016 [Datanode State Machine Task Thread - 0] INFO  datanode.InitDatanodeState (InitDatanodeState.java:persistContainerDatanodeDetails(138)) - DatanodeDetails is persisted to /home/runner/work/ozone/ozone/hadoop-ozone/integration-test/target/test-dir/MiniOzoneClusterImpl-e16419ed-4a79-4c69-a384-d99db5bfc06c/datanode-4/meta/datanode.id
2022-06-21 13:52:34,570 [EndpointStateMachine task thread for /0.0.0.0:36017 - 0 ] INFO  volume.HddsVolume (HddsVolume.java:createDbStore(309)) - SchemaV3 db is created and loaded at /home/runner/work/ozone/ozone/hadoop-ozone/integration-test/target/test-dir/MiniOzoneClusterImpl-e16419ed-4a79-4c69-a384-d99db5bfc06c/datanode-0/data-0/containers/hdds/e16419ed-4a79-4c69-a384-d99db5bfc06c/DS-b816bb9c-0628-44ed-977e-3bfdff7062a7/container.db for volume DS-b816bb9c-0628-44ed-977e-3bfdff7062a7
2022-06-21 13:52:34,577 [EndpointStateMachine task thread for /0.0.0.0:36017 - 0 ] INFO  volume.HddsVolume (HddsVolume.java:closeDbStore(340)) - SchemaV3 db is stopped at /home/runner/work/ozone/ozone/hadoop-ozone/integration-test/target/test-dir/MiniOzoneClusterImpl-e16419ed-4a79-4c69-a384-d99db5bfc06c/datanode-0/data-0/containers/hdds/e16419ed-4a79-4c69-a384-d99db5bfc06c/DS-b816bb9c-0628-44ed-977e-3bfdff7062a7/container.db for volume DS-b816bb9c-0628-44ed-977e-3bfdff7062a7
2022-06-21 13:52:34,577 [EndpointStateMachine task thread for /0.0.0.0:36017 - 0 ] INFO  ozoneimpl.OzoneContainer (OzoneContainer.java:start(344)) - Attempting to start container services.
2022-06-21 13:52:34,581 [EndpointStateMachine task thread for /0.0.0.0:36017 - 0 ] INFO  ozoneimpl.OzoneContainer (OzoneContainer.java:startContainerScrub(279)) - Background container scanner has been disabled.
2022-06-21 13:52:34,583 [EndpointStateMachine task thread for /0.0.0.0:36017 - 0 ] INFO  replication.ReplicationServer (ReplicationServer.java:start(111)) - ReplicationServer is started using port 38753
2022-06-21 13:52:34,586 [EndpointStateMachine task thread for /0.0.0.0:36017 - 0 ] INFO  ratis.XceiverServerRatis (XceiverServerRatis.java:start(481)) - Starting XceiverServerRatis d0cd1932-8d4e-4243-b37a-4fe60b6778b1
2022-06-21 13:52:34,591 [EndpointStateMachine task thread for /0.0.0.0:36017 - 0 ] INFO  server.RaftServer (RaftServerProxy.java:lambda$start$6(382)) - d0cd1932-8d4e-4243-b37a-4fe60b6778b1: start RPC server
2022-06-21 13:52:34,597 [EndpointStateMachine task thread for /0.0.0.0:36017 - 0 ] INFO  server.GrpcService (GrpcService.java:startImpl(260)) - d0cd1932-8d4e-4243-b37a-4fe60b6778b1: GrpcService started, listening on 42757
2022-06-21 13:52:34,598 [EndpointStateMachine task thread for /0.0.0.0:36017 - 0 ] INFO  ratis.XceiverServerRatis (XceiverServerRatis.java:getRealPort(502)) - XceiverServerRatis d0cd1932-8d4e-4243-b37a-4fe60b6778b1 is started using port 42757 for RATIS
2022-06-21 13:52:34,598 [EndpointStateMachine task thread for /0.0.0.0:36017 - 0 ] INFO  ratis.XceiverServerRatis (XceiverServerRatis.java:getRealPort(502)) - XceiverServerRatis d0cd1932-8d4e-4243-b37a-4fe60b6778b1 is started using port 42757 for RATIS_ADMIN
2022-06-21 13:52:34,598 [EndpointStateMachine task thread for /0.0.0.0:36017 - 0 ] INFO  ratis.XceiverServerRatis (XceiverServerRatis.java:getRealPort(502)) - XceiverServerRatis d0cd1932-8d4e-4243-b37a-4fe60b6778b1 is started using port 42757 for RATIS_SERVER
2022-06-21 13:52:34,598 [org.apache.ratis.util.JvmPauseMonitor$$Lambda$627/290163460@45109bd2] INFO  util.JvmPauseMonitor (JvmPauseMonitor.java:run(103)) - JvmPauseMonitor-d0cd1932-8d4e-4243-b37a-4fe60b6778b1: Started
2022-06-21 13:52:34,602 [EndpointStateMachine task thread for /0.0.0.0:36017 - 0 ] INFO  server.XceiverServerGrpc (XceiverServerGrpc.java:start(180)) - XceiverServerGrpc d0cd1932-8d4e-4243-b37a-4fe60b6778b1 is started using port 36543
2022-06-21 13:52:35,009 [Listener at 127.0.0.1/44727] INFO  ozone.MiniOzoneClusterImpl (MiniOzoneClusterImpl.java:lambda$waitForClusterToBeReady$0(222)) - Waiting for nodes to be ready. Got 0 of 5 DN Heartbeats.
2022-06-21 13:52:35,009 [Listener at 127.0.0.1/44727] INFO  ozone.MiniOzoneClusterImpl (MiniOzoneClusterImpl.java:lambda$waitForClusterToBeReady$0(225)) - Waiting for cluster to exit safe mode
2022-06-21 13:52:35,009 [Listener at 127.0.0.1/44727] INFO  ozone.MiniOzoneClusterImpl (MiniOzoneClusterImpl.java:lambda$waitForClusterToBeReady$0(227)) - SCM became leader
2022-06-21 13:52:35,081 [EndpointStateMachine task thread for /0.0.0.0:36017 - 0 ] INFO  volume.HddsVolume (HddsVolume.java:createDbStore(309)) - SchemaV3 db is created and loaded at /home/runner/work/ozone/ozone/hadoop-ozone/integration-test/target/test-dir/MiniOzoneClusterImpl-e16419ed-4a79-4c69-a384-d99db5bfc06c/datanode-1/data-0/containers/hdds/e16419ed-4a79-4c69-a384-d99db5bfc06c/DS-b4ebb93b-9458-491b-8b24-4dfd8121fe2d/container.db for volume DS-b4ebb93b-9458-491b-8b24-4dfd8121fe2d
2022-06-21 13:52:35,082 [EndpointStateMachine task thread for /0.0.0.0:36017 - 0 ] INFO  volume.HddsVolume (HddsVolume.java:closeDbStore(340)) - SchemaV3 db is stopped at /home/runner/work/ozone/ozone/hadoop-ozone/integration-test/target/test-dir/MiniOzoneClusterImpl-e16419ed-4a79-4c69-a384-d99db5bfc06c/datanode-1/data-0/containers/hdds/e16419ed-4a79-4c69-a384-d99db5bfc06c/DS-b4ebb93b-9458-491b-8b24-4dfd8121fe2d/container.db for volume DS-b4ebb93b-9458-491b-8b24-4dfd8121fe2d
2022-06-21 13:52:35,082 [EndpointStateMachine task thread for /0.0.0.0:36017 - 0 ] INFO  ozoneimpl.OzoneContainer (OzoneContainer.java:start(344)) - Attempting to start container services.
2022-06-21 13:52:35,082 [EndpointStateMachine task thread for /0.0.0.0:36017 - 0 ] INFO  ozoneimpl.OzoneContainer (OzoneContainer.java:startContainerScrub(279)) - Background container scanner has been disabled.
2022-06-21 13:52:35,085 [EndpointStateMachine task thread for /0.0.0.0:36017 - 0 ] INFO  replication.ReplicationServer (ReplicationServer.java:start(111)) - ReplicationServer is started using port 37027
2022-06-21 13:52:35,085 [EndpointStateMachine task thread for /0.0.0.0:36017 - 0 ] INFO  ratis.XceiverServerRatis (XceiverServerRatis.java:start(481)) - Starting XceiverServerRatis dfa3a740-454f-4489-b3be-017282a57706
2022-06-21 13:52:35,086 [EndpointStateMachine task thread for /0.0.0.0:36017 - 0 ] INFO  server.RaftServer (RaftServerProxy.java:lambda$start$6(382)) - dfa3a740-454f-4489-b3be-017282a57706: start RPC server
2022-06-21 13:52:35,087 [EndpointStateMachine task thread for /0.0.0.0:36017 - 0 ] INFO  server.GrpcService (GrpcService.java:startImpl(260)) - dfa3a740-454f-4489-b3be-017282a57706: GrpcService started, listening on 41741
2022-06-21 13:52:35,087 [EndpointStateMachine task thread for /0.0.0.0:36017 - 0 ] INFO  ratis.XceiverServerRatis (XceiverServerRatis.java:getRealPort(502)) - XceiverServerRatis dfa3a740-454f-4489-b3be-017282a57706 is started using port 41741 for RATIS
2022-06-21 13:52:35,088 [EndpointStateMachine task thread for /0.0.0.0:36017 - 0 ] INFO  ratis.XceiverServerRatis (XceiverServerRatis.java:getRealPort(502)) - XceiverServerRatis dfa3a740-454f-4489-b3be-017282a57706 is started using port 41741 for RATIS_ADMIN
2022-06-21 13:52:35,088 [EndpointStateMachine task thread for /0.0.0.0:36017 - 0 ] INFO  ratis.XceiverServerRatis (XceiverServerRatis.java:getRealPort(502)) - XceiverServerRatis dfa3a740-454f-4489-b3be-017282a57706 is started using port 41741 for RATIS_SERVER
2022-06-21 13:52:35,091 [org.apache.ratis.util.JvmPauseMonitor$$Lambda$627/290163460@6518c730] INFO  util.JvmPauseMonitor (JvmPauseMonitor.java:run(103)) - JvmPauseMonitor-dfa3a740-454f-4489-b3be-017282a57706: Started
2022-06-21 13:52:35,097 [EndpointStateMachine task thread for /0.0.0.0:36017 - 0 ] INFO  server.XceiverServerGrpc (XceiverServerGrpc.java:start(180)) - XceiverServerGrpc dfa3a740-454f-4489-b3be-017282a57706 is started using port 42827
2022-06-21 13:52:35,402 [EndpointStateMachine task thread for /0.0.0.0:36017 - 0 ] INFO  volume.HddsVolume (HddsVolume.java:createDbStore(309)) - SchemaV3 db is created and loaded at /home/runner/work/ozone/ozone/hadoop-ozone/integration-test/target/test-dir/MiniOzoneClusterImpl-e16419ed-4a79-4c69-a384-d99db5bfc06c/datanode-2/data-0/containers/hdds/e16419ed-4a79-4c69-a384-d99db5bfc06c/DS-f5f5ab94-d898-41cb-a243-67179da434d4/container.db for volume DS-f5f5ab94-d898-41cb-a243-67179da434d4
2022-06-21 13:52:35,403 [EndpointStateMachine task thread for /0.0.0.0:36017 - 0 ] INFO  volume.HddsVolume (HddsVolume.java:closeDbStore(340)) - SchemaV3 db is stopped at /home/runner/work/ozone/ozone/hadoop-ozone/integration-test/target/test-dir/MiniOzoneClusterImpl-e16419ed-4a79-4c69-a384-d99db5bfc06c/datanode-2/data-0/containers/hdds/e16419ed-4a79-4c69-a384-d99db5bfc06c/DS-f5f5ab94-d898-41cb-a243-67179da434d4/container.db for volume DS-f5f5ab94-d898-41cb-a243-67179da434d4
2022-06-21 13:52:35,403 [EndpointStateMachine task thread for /0.0.0.0:36017 - 0 ] INFO  ozoneimpl.OzoneContainer (OzoneContainer.java:start(344)) - Attempting to start container services.
2022-06-21 13:52:35,403 [EndpointStateMachine task thread for /0.0.0.0:36017 - 0 ] INFO  ozoneimpl.OzoneContainer (OzoneContainer.java:startContainerScrub(279)) - Background container scanner has been disabled.
2022-06-21 13:52:35,408 [EndpointStateMachine task thread for /0.0.0.0:36017 - 0 ] INFO  replication.ReplicationServer (ReplicationServer.java:start(111)) - ReplicationServer is started using port 41935
2022-06-21 13:52:35,409 [EndpointStateMachine task thread for /0.0.0.0:36017 - 0 ] INFO  ratis.XceiverServerRatis (XceiverServerRatis.java:start(481)) - Starting XceiverServerRatis d64d628d-84bc-46a4-b938-9b06d3101fa8
2022-06-21 13:52:35,411 [EndpointStateMachine task thread for /0.0.0.0:36017 - 0 ] INFO  server.RaftServer (RaftServerProxy.java:lambda$start$6(382)) - d64d628d-84bc-46a4-b938-9b06d3101fa8: start RPC server
2022-06-21 13:52:35,413 [EndpointStateMachine task thread for /0.0.0.0:36017 - 0 ] INFO  server.GrpcService (GrpcService.java:startImpl(260)) - d64d628d-84bc-46a4-b938-9b06d3101fa8: GrpcService started, listening on 45443
2022-06-21 13:52:35,413 [EndpointStateMachine task thread for /0.0.0.0:36017 - 0 ] INFO  ratis.XceiverServerRatis (XceiverServerRatis.java:getRealPort(502)) - XceiverServerRatis d64d628d-84bc-46a4-b938-9b06d3101fa8 is started using port 45443 for RATIS
2022-06-21 13:52:35,413 [org.apache.ratis.util.JvmPauseMonitor$$Lambda$627/290163460@3ff2c3e1] INFO  util.JvmPauseMonitor (JvmPauseMonitor.java:run(103)) - JvmPauseMonitor-d64d628d-84bc-46a4-b938-9b06d3101fa8: Started
2022-06-21 13:52:35,413 [EndpointStateMachine task thread for /0.0.0.0:36017 - 0 ] INFO  ratis.XceiverServerRatis (XceiverServerRatis.java:getRealPort(502)) - XceiverServerRatis d64d628d-84bc-46a4-b938-9b06d3101fa8 is started using port 45443 for RATIS_ADMIN
2022-06-21 13:52:35,417 [EndpointStateMachine task thread for /0.0.0.0:36017 - 0 ] INFO  ratis.XceiverServerRatis (XceiverServerRatis.java:getRealPort(502)) - XceiverServerRatis d64d628d-84bc-46a4-b938-9b06d3101fa8 is started using port 45443 for RATIS_SERVER
2022-06-21 13:52:35,422 [EndpointStateMachine task thread for /0.0.0.0:36017 - 0 ] INFO  server.XceiverServerGrpc (XceiverServerGrpc.java:start(180)) - XceiverServerGrpc d64d628d-84bc-46a4-b938-9b06d3101fa8 is started using port 42049
2022-06-21 13:52:35,732 [EndpointStateMachine task thread for /0.0.0.0:36017 - 0 ] INFO  volume.HddsVolume (HddsVolume.java:createDbStore(309)) - SchemaV3 db is created and loaded at /home/runner/work/ozone/ozone/hadoop-ozone/integration-test/target/test-dir/MiniOzoneClusterImpl-e16419ed-4a79-4c69-a384-d99db5bfc06c/datanode-3/data-0/containers/hdds/e16419ed-4a79-4c69-a384-d99db5bfc06c/DS-86ab6f91-bb5a-4e55-aa21-af325e6c888e/container.db for volume DS-86ab6f91-bb5a-4e55-aa21-af325e6c888e
2022-06-21 13:52:35,733 [EndpointStateMachine task thread for /0.0.0.0:36017 - 0 ] INFO  volume.HddsVolume (HddsVolume.java:closeDbStore(340)) - SchemaV3 db is stopped at /home/runner/work/ozone/ozone/hadoop-ozone/integration-test/target/test-dir/MiniOzoneClusterImpl-e16419ed-4a79-4c69-a384-d99db5bfc06c/datanode-3/data-0/containers/hdds/e16419ed-4a79-4c69-a384-d99db5bfc06c/DS-86ab6f91-bb5a-4e55-aa21-af325e6c888e/container.db for volume DS-86ab6f91-bb5a-4e55-aa21-af325e6c888e
2022-06-21 13:52:35,733 [EndpointStateMachine task thread for /0.0.0.0:36017 - 0 ] INFO  ozoneimpl.OzoneContainer (OzoneContainer.java:start(344)) - Attempting to start container services.
2022-06-21 13:52:35,733 [EndpointStateMachine task thread for /0.0.0.0:36017 - 0 ] INFO  ozoneimpl.OzoneContainer (OzoneContainer.java:startContainerScrub(279)) - Background container scanner has been disabled.
2022-06-21 13:52:35,735 [EndpointStateMachine task thread for /0.0.0.0:36017 - 0 ] INFO  replication.ReplicationServer (ReplicationServer.java:start(111)) - ReplicationServer is started using port 37895
2022-06-21 13:52:35,736 [EndpointStateMachine task thread for /0.0.0.0:36017 - 0 ] INFO  ratis.XceiverServerRatis (XceiverServerRatis.java:start(481)) - Starting XceiverServerRatis c9799e9e-32ad-41be-876b-db1cefc7f700
2022-06-21 13:52:35,737 [EndpointStateMachine task thread for /0.0.0.0:36017 - 0 ] INFO  server.RaftServer (RaftServerProxy.java:lambda$start$6(382)) - c9799e9e-32ad-41be-876b-db1cefc7f700: start RPC server
2022-06-21 13:52:35,739 [EndpointStateMachine task thread for /0.0.0.0:36017 - 0 ] INFO  server.GrpcService (GrpcService.java:startImpl(260)) - c9799e9e-32ad-41be-876b-db1cefc7f700: GrpcService started, listening on 37541
2022-06-21 13:52:35,740 [EndpointStateMachine task thread for /0.0.0.0:36017 - 0 ] INFO  ratis.XceiverServerRatis (XceiverServerRatis.java:getRealPort(502)) - XceiverServerRatis c9799e9e-32ad-41be-876b-db1cefc7f700 is started using port 37541 for RATIS
2022-06-21 13:52:35,740 [org.apache.ratis.util.JvmPauseMonitor$$Lambda$627/290163460@12dd940d] INFO  util.JvmPauseMonitor (JvmPauseMonitor.java:run(103)) - JvmPauseMonitor-c9799e9e-32ad-41be-876b-db1cefc7f700: Started
2022-06-21 13:52:35,740 [EndpointStateMachine task thread for /0.0.0.0:36017 - 0 ] INFO  ratis.XceiverServerRatis (XceiverServerRatis.java:getRealPort(502)) - XceiverServerRatis c9799e9e-32ad-41be-876b-db1cefc7f700 is started using port 37541 for RATIS_ADMIN
2022-06-21 13:52:35,741 [EndpointStateMachine task thread for /0.0.0.0:36017 - 0 ] INFO  ratis.XceiverServerRatis (XceiverServerRatis.java:getRealPort(502)) - XceiverServerRatis c9799e9e-32ad-41be-876b-db1cefc7f700 is started using port 37541 for RATIS_SERVER
2022-06-21 13:52:35,743 [EndpointStateMachine task thread for /0.0.0.0:36017 - 0 ] INFO  server.XceiverServerGrpc (XceiverServerGrpc.java:start(180)) - XceiverServerGrpc c9799e9e-32ad-41be-876b-db1cefc7f700 is started using port 43517
2022-06-21 13:52:36,010 [Listener at 127.0.0.1/44727] INFO  ozone.MiniOzoneClusterImpl (MiniOzoneClusterImpl.java:lambda$waitForClusterToBeReady$0(222)) - Waiting for nodes to be ready. Got 0 of 5 DN Heartbeats.
2022-06-21 13:52:36,010 [Listener at 127.0.0.1/44727] INFO  ozone.MiniOzoneClusterImpl (MiniOzoneClusterImpl.java:lambda$waitForClusterToBeReady$0(225)) - Waiting for cluster to exit safe mode
2022-06-21 13:52:36,010 [Listener at 127.0.0.1/44727] INFO  ozone.MiniOzoneClusterImpl (MiniOzoneClusterImpl.java:lambda$waitForClusterToBeReady$0(227)) - SCM became leader
2022-06-21 13:52:36,053 [EndpointStateMachine task thread for /0.0.0.0:36017 - 0 ] INFO  volume.HddsVolume (HddsVolume.java:createDbStore(309)) - SchemaV3 db is created and loaded at /home/runner/work/ozone/ozone/hadoop-ozone/integration-test/target/test-dir/MiniOzoneClusterImpl-e16419ed-4a79-4c69-a384-d99db5bfc06c/datanode-4/data-0/containers/hdds/e16419ed-4a79-4c69-a384-d99db5bfc06c/DS-5175945b-9d3f-4123-a74d-2b7924dca353/container.db for volume DS-5175945b-9d3f-4123-a74d-2b7924dca353
2022-06-21 13:52:36,054 [EndpointStateMachine task thread for /0.0.0.0:36017 - 0 ] INFO  volume.HddsVolume (HddsVolume.java:closeDbStore(340)) - SchemaV3 db is stopped at /home/runner/work/ozone/ozone/hadoop-ozone/integration-test/target/test-dir/MiniOzoneClusterImpl-e16419ed-4a79-4c69-a384-d99db5bfc06c/datanode-4/data-0/containers/hdds/e16419ed-4a79-4c69-a384-d99db5bfc06c/DS-5175945b-9d3f-4123-a74d-2b7924dca353/container.db for volume DS-5175945b-9d3f-4123-a74d-2b7924dca353
2022-06-21 13:52:36,054 [EndpointStateMachine task thread for /0.0.0.0:36017 - 0 ] INFO  ozoneimpl.OzoneContainer (OzoneContainer.java:start(344)) - Attempting to start container services.
2022-06-21 13:52:36,054 [EndpointStateMachine task thread for /0.0.0.0:36017 - 0 ] INFO  ozoneimpl.OzoneContainer (OzoneContainer.java:startContainerScrub(279)) - Background container scanner has been disabled.
2022-06-21 13:52:36,056 [EndpointStateMachine task thread for /0.0.0.0:36017 - 0 ] INFO  replication.ReplicationServer (ReplicationServer.java:start(111)) - ReplicationServer is started using port 45765
2022-06-21 13:52:36,057 [EndpointStateMachine task thread for /0.0.0.0:36017 - 0 ] INFO  ratis.XceiverServerRatis (XceiverServerRatis.java:start(481)) - Starting XceiverServerRatis 102d38b5-77ec-475a-945b-de2dedc34e4f
2022-06-21 13:52:36,058 [EndpointStateMachine task thread for /0.0.0.0:36017 - 0 ] INFO  server.RaftServer (RaftServerProxy.java:lambda$start$6(382)) - 102d38b5-77ec-475a-945b-de2dedc34e4f: start RPC server
2022-06-21 13:52:36,059 [EndpointStateMachine task thread for /0.0.0.0:36017 - 0 ] INFO  server.GrpcService (GrpcService.java:startImpl(260)) - 102d38b5-77ec-475a-945b-de2dedc34e4f: GrpcService started, listening on 41439
2022-06-21 13:52:36,060 [EndpointStateMachine task thread for /0.0.0.0:36017 - 0 ] INFO  ratis.XceiverServerRatis (XceiverServerRatis.java:getRealPort(502)) - XceiverServerRatis 102d38b5-77ec-475a-945b-de2dedc34e4f is started using port 41439 for RATIS
2022-06-21 13:52:36,060 [org.apache.ratis.util.JvmPauseMonitor$$Lambda$627/290163460@314a12f2] INFO  util.JvmPauseMonitor (JvmPauseMonitor.java:run(103)) - JvmPauseMonitor-102d38b5-77ec-475a-945b-de2dedc34e4f: Started
2022-06-21 13:52:36,060 [EndpointStateMachine task thread for /0.0.0.0:36017 - 0 ] INFO  ratis.XceiverServerRatis (XceiverServerRatis.java:getRealPort(502)) - XceiverServerRatis 102d38b5-77ec-475a-945b-de2dedc34e4f is started using port 41439 for RATIS_ADMIN
2022-06-21 13:52:36,060 [EndpointStateMachine task thread for /0.0.0.0:36017 - 0 ] INFO  ratis.XceiverServerRatis (XceiverServerRatis.java:getRealPort(502)) - XceiverServerRatis 102d38b5-77ec-475a-945b-de2dedc34e4f is started using port 41439 for RATIS_SERVER
2022-06-21 13:52:36,063 [EndpointStateMachine task thread for /0.0.0.0:36017 - 0 ] INFO  server.XceiverServerGrpc (XceiverServerGrpc.java:start(180)) - XceiverServerGrpc 102d38b5-77ec-475a-945b-de2dedc34e4f is started using port 39115
2022-06-21 13:52:36,502 [IPC Server handler 2 on default port 36017] INFO  net.NetworkTopologyImpl (NetworkTopologyImpl.java:add(112)) - Added a new node: /default-rack/d0cd1932-8d4e-4243-b37a-4fe60b6778b1
2022-06-21 13:52:36,504 [IPC Server handler 2 on default port 36017] INFO  node.SCMNodeManager (SCMNodeManager.java:register(394)) - Registered Data node : d0cd1932-8d4e-4243-b37a-4fe60b6778b1{ip: 10.1.0.15, host: fv-az194-567.vahfjs35atkulmpwh5ujf4txfe.jx.internal.cloudapp.net, ports: [REPLICATION=38753, RATIS=42757, RATIS_ADMIN=42757, RATIS_SERVER=42757, STANDALONE=36543], networkLocation: /default-rack, certSerialId: null, persistedOpState: null, persistedOpStateExpiryEpochSec: 0}
2022-06-21 13:52:36,512 [EventQueue-NewNodeForNewNodeHandler] INFO  pipeline.BackgroundPipelineCreator (BackgroundPipelineCreator.java:notifyEventTriggered(272)) - trigger a one-shot run on RatisPipelineUtilsThread.
2022-06-21 13:52:36,514 [EventQueue-NodeRegistrationContainerReportForContainerSafeModeRule] INFO  safemode.SCMSafeModeManager (SCMSafeModeManager.java:validateSafeModeExitRules(204)) - ContainerSafeModeRule rule is successfully validated
2022-06-21 13:52:36,514 [EventQueue-NodeRegistrationContainerReportForDataNodeSafeModeRule] INFO  safemode.SCMSafeModeManager (DataNodeSafeModeRule.java:process(71)) - SCM in safe mode. 1 DataNodes registered, 3 required.
2022-06-21 13:52:36,522 [EventQueue-PipelineReportForOneReplicaPipelineSafeModeRule] INFO  safemode.SCMSafeModeManager (SCMSafeModeManager.java:validateSafeModeExitRules(204)) - AtleastOneDatanodeReportedRule rule is successfully validated
2022-06-21 13:52:36,523 [RatisPipelineUtilsThread - 0] INFO  pipeline.RatisPipelineProvider (RatisPipelineProvider.java:lambda$create$0(195)) - Sending CreatePipelineCommand for pipeline:PipelineID=f63476f9-ec88-40cd-8710-4ee5fe8175f0 to datanode:d0cd1932-8d4e-4243-b37a-4fe60b6778b1
2022-06-21 13:52:36,536 [RatisPipelineUtilsThread - 0] INFO  pipeline.PipelineStateManagerImpl (PipelineStateManagerImpl.java:addPipeline(101)) - Created pipeline Pipeline[ Id: f63476f9-ec88-40cd-8710-4ee5fe8175f0, Nodes: d0cd1932-8d4e-4243-b37a-4fe60b6778b1{ip: 10.1.0.15, host: fv-az194-567.vahfjs35atkulmpwh5ujf4txfe.jx.internal.cloudapp.net, ports: [REPLICATION=38753, RATIS=42757, RATIS_ADMIN=42757, RATIS_SERVER=42757, STANDALONE=36543], networkLocation: /default-rack, certSerialId: null, persistedOpState: IN_SERVICE, persistedOpStateExpiryEpochSec: 0}, ReplicationConfig: RATIS/ONE, State:ALLOCATED, leaderId:, CreationTimestamp2022-06-21T13:52:36.519Z[Etc/UTC]].
2022-06-21 13:52:37,011 [Listener at 127.0.0.1/44727] INFO  ozone.MiniOzoneClusterImpl (MiniOzoneClusterImpl.java:lambda$waitForClusterToBeReady$0(222)) - Waiting for nodes to be ready. Got 1 of 5 DN Heartbeats.
2022-06-21 13:52:37,011 [Listener at 127.0.0.1/44727] INFO  ozone.MiniOzoneClusterImpl (MiniOzoneClusterImpl.java:lambda$waitForClusterToBeReady$0(225)) - Waiting for cluster to exit safe mode
2022-06-21 13:52:37,011 [Listener at 127.0.0.1/44727] INFO  ozone.MiniOzoneClusterImpl (MiniOzoneClusterImpl.java:lambda$waitForClusterToBeReady$0(227)) - SCM became leader
2022-06-21 13:52:37,047 [IPC Server handler 3 on default port 36017] INFO  net.NetworkTopologyImpl (NetworkTopologyImpl.java:add(112)) - Added a new node: /default-rack/dfa3a740-454f-4489-b3be-017282a57706
2022-06-21 13:52:37,048 [IPC Server handler 3 on default port 36017] INFO  node.SCMNodeManager (SCMNodeManager.java:register(394)) - Registered Data node : dfa3a740-454f-4489-b3be-017282a57706{ip: 10.1.0.15, host: fv-az194-567.vahfjs35atkulmpwh5ujf4txfe.jx.internal.cloudapp.net, ports: [REPLICATION=37027, RATIS=41741, RATIS_ADMIN=41741, RATIS_SERVER=41741, STANDALONE=42827], networkLocation: /default-rack, certSerialId: null, persistedOpState: null, persistedOpStateExpiryEpochSec: 0}
2022-06-21 13:52:37,048 [EventQueue-NewNodeForNewNodeHandler] INFO  pipeline.BackgroundPipelineCreator (BackgroundPipelineCreator.java:notifyEventTriggered(272)) - trigger a one-shot run on RatisPipelineUtilsThread.
2022-06-21 13:52:37,049 [EventQueue-NodeRegistrationContainerReportForDataNodeSafeModeRule] INFO  safemode.SCMSafeModeManager (DataNodeSafeModeRule.java:process(71)) - SCM in safe mode. 2 DataNodes registered, 3 required.
2022-06-21 13:52:37,053 [RatisPipelineUtilsThread - 0] INFO  pipeline.RatisPipelineProvider (RatisPipelineProvider.java:lambda$create$0(195)) - Sending CreatePipelineCommand for pipeline:PipelineID=9f611df5-305c-45c4-9013-589ddc039094 to datanode:dfa3a740-454f-4489-b3be-017282a57706
2022-06-21 13:52:37,054 [RatisPipelineUtilsThread - 0] INFO  pipeline.PipelineStateManagerImpl (PipelineStateManagerImpl.java:addPipeline(101)) - Created pipeline Pipeline[ Id: 9f611df5-305c-45c4-9013-589ddc039094, Nodes: dfa3a740-454f-4489-b3be-017282a57706{ip: 10.1.0.15, host: fv-az194-567.vahfjs35atkulmpwh5ujf4txfe.jx.internal.cloudapp.net, ports: [REPLICATION=37027, RATIS=41741, RATIS_ADMIN=41741, RATIS_SERVER=41741, STANDALONE=42827], networkLocation: /default-rack, certSerialId: null, persistedOpState: IN_SERVICE, persistedOpStateExpiryEpochSec: 0}, ReplicationConfig: RATIS/ONE, State:ALLOCATED, leaderId:, CreationTimestamp2022-06-21T13:52:37.053Z[Etc/UTC]].
2022-06-21 13:52:37,365 [IPC Server handler 0 on default port 36017] INFO  net.NetworkTopologyImpl (NetworkTopologyImpl.java:add(112)) - Added a new node: /default-rack/d64d628d-84bc-46a4-b938-9b06d3101fa8
2022-06-21 13:52:37,365 [IPC Server handler 0 on default port 36017] INFO  node.SCMNodeManager (SCMNodeManager.java:register(394)) - Registered Data node : d64d628d-84bc-46a4-b938-9b06d3101fa8{ip: 10.1.0.15, host: fv-az194-567.vahfjs35atkulmpwh5ujf4txfe.jx.internal.cloudapp.net, ports: [REPLICATION=41935, RATIS=45443, RATIS_ADMIN=45443, RATIS_SERVER=45443, STANDALONE=42049], networkLocation: /default-rack, certSerialId: null, persistedOpState: null, persistedOpStateExpiryEpochSec: 0}
2022-06-21 13:52:37,365 [EventQueue-NewNodeForNewNodeHandler] INFO  pipeline.BackgroundPipelineCreator (BackgroundPipelineCreator.java:notifyEventTriggered(272)) - trigger a one-shot run on RatisPipelineUtilsThread.
2022-06-21 13:52:37,367 [RatisPipelineUtilsThread - 0] INFO  pipeline.RatisPipelineProvider (RatisPipelineProvider.java:lambda$create$0(195)) - Sending CreatePipelineCommand for pipeline:PipelineID=da6fb245-63ae-4ddf-9a08-ac126c41e521 to datanode:d64d628d-84bc-46a4-b938-9b06d3101fa8
2022-06-21 13:52:37,369 [EventQueue-NodeRegistrationContainerReportForDataNodeSafeModeRule] INFO  safemode.SCMSafeModeManager (DataNodeSafeModeRule.java:process(71)) - SCM in safe mode. 3 DataNodes registered, 3 required.
2022-06-21 13:52:37,369 [EventQueue-NodeRegistrationContainerReportForDataNodeSafeModeRule] INFO  safemode.SCMSafeModeManager (SCMSafeModeManager.java:validateSafeModeExitRules(204)) - DataNodeSafeModeRule rule is successfully validated
2022-06-21 13:52:37,369 [EventQueue-NodeRegistrationContainerReportForDataNodeSafeModeRule] INFO  safemode.SCMSafeModeManager (SCMSafeModeManager.java:completePreCheck(233)) - All SCM safe mode pre check rules have passed
2022-06-21 13:52:37,369 [RatisPipelineUtilsThread - 0] INFO  pipeline.PipelineStateManagerImpl (PipelineStateManagerImpl.java:addPipeline(101)) - Created pipeline Pipeline[ Id: da6fb245-63ae-4ddf-9a08-ac126c41e521, Nodes: d64d628d-84bc-46a4-b938-9b06d3101fa8{ip: 10.1.0.15, host: fv-az194-567.vahfjs35atkulmpwh5ujf4txfe.jx.internal.cloudapp.net, ports: [REPLICATION=41935, RATIS=45443, RATIS_ADMIN=45443, RATIS_SERVER=45443, STANDALONE=42049], networkLocation: /default-rack, certSerialId: null, persistedOpState: IN_SERVICE, persistedOpStateExpiryEpochSec: 0}, ReplicationConfig: RATIS/ONE, State:ALLOCATED, leaderId:, CreationTimestamp2022-06-21T13:52:37.367Z[Etc/UTC]].
2022-06-21 13:52:37,369 [EventQueue-NodeRegistrationContainerReportForDataNodeSafeModeRule] WARN  events.EventQueue (EventQueue.java:fireEvent(194)) - No event handler registered for event TypedEvent{payloadType=SafeModeStatus, name='Safe mode status'}
2022-06-21 13:52:37,369 [EventQueue-NodeRegistrationContainerReportForDataNodeSafeModeRule] INFO  ha.SCMContext (SCMContext.java:updateSafeModeStatus(228)) - Update SafeModeStatus from SafeModeStatus{safeModeStatus=true, preCheckPassed=false} to SafeModeStatus{safeModeStatus=true, preCheckPassed=true}.
2022-06-21 13:52:37,369 [EventQueue-NodeRegistrationContainerReportForDataNodeSafeModeRule] INFO  pipeline.BackgroundPipelineCreator (BackgroundPipelineCreator.java:notifyEventTriggered(272)) - trigger a one-shot run on RatisPipelineUtilsThread.
2022-06-21 13:52:37,373 [RatisPipelineUtilsThread - 0] INFO  pipeline.RatisPipelineProvider (RatisPipelineProvider.java:lambda$create$0(195)) - Sending CreatePipelineCommand for pipeline:PipelineID=7204125f-8992-4c34-a8e8-0f5a7f649100 to datanode:d64d628d-84bc-46a4-b938-9b06d3101fa8
2022-06-21 13:52:37,374 [RatisPipelineUtilsThread - 0] INFO  pipeline.RatisPipelineProvider (RatisPipelineProvider.java:lambda$create$0(195)) - Sending CreatePipelineCommand for pipeline:PipelineID=7204125f-8992-4c34-a8e8-0f5a7f649100 to datanode:d0cd1932-8d4e-4243-b37a-4fe60b6778b1
2022-06-21 13:52:37,374 [RatisPipelineUtilsThread - 0] INFO  pipeline.RatisPipelineProvider (RatisPipelineProvider.java:lambda$create$0(195)) - Sending CreatePipelineCommand for pipeline:PipelineID=7204125f-8992-4c34-a8e8-0f5a7f649100 to datanode:dfa3a740-454f-4489-b3be-017282a57706
2022-06-21 13:52:37,375 [RatisPipelineUtilsThread - 0] INFO  pipeline.PipelineStateManagerImpl (PipelineStateManagerImpl.java:addPipeline(101)) - Created pipeline Pipeline[ Id: 7204125f-8992-4c34-a8e8-0f5a7f649100, Nodes: d64d628d-84bc-46a4-b938-9b06d3101fa8{ip: 10.1.0.15, host: fv-az194-567.vahfjs35atkulmpwh5ujf4txfe.jx.internal.cloudapp.net, ports: [REPLICATION=41935, RATIS=45443, RATIS_ADMIN=45443, RATIS_SERVER=45443, STANDALONE=42049], networkLocation: /default-rack, certSerialId: null, persistedOpState: IN_SERVICE, persistedOpStateExpiryEpochSec: 0}d0cd1932-8d4e-4243-b37a-4fe60b6778b1{ip: 10.1.0.15, host: fv-az194-567.vahfjs35atkulmpwh5ujf4txfe.jx.internal.cloudapp.net, ports: [REPLICATION=38753, RATIS=42757, RATIS_ADMIN=42757, RATIS_SERVER=42757, STANDALONE=36543], networkLocation: /default-rack, certSerialId: null, persistedOpState: IN_SERVICE, persistedOpStateExpiryEpochSec: 0}dfa3a740-454f-4489-b3be-017282a57706{ip: 10.1.0.15, host: fv-az194-567.vahfjs35atkulmpwh5ujf4txfe.jx.internal.cloudapp.net, ports: [REPLICATION=37027, RATIS=41741, RATIS_ADMIN=41741, RATIS_SERVER=41741, STANDALONE=42827], networkLocation: /default-rack, certSerialId: null, persistedOpState: IN_SERVICE, persistedOpStateExpiryEpochSec: 0}, ReplicationConfig: RATIS/THREE, State:ALLOCATED, leaderId:, CreationTimestamp2022-06-21T13:52:37.373Z[Etc/UTC]].
2022-06-21 13:52:37,378 [RatisPipelineUtilsThread - 0] INFO  pipeline.RatisPipelineProvider (RatisPipelineProvider.java:lambda$create$0(195)) - Sending CreatePipelineCommand for pipeline:PipelineID=ec539ce4-0e7a-4a70-bae4-c524617f3809 to datanode:dfa3a740-454f-4489-b3be-017282a57706
2022-06-21 13:52:37,387 [RatisPipelineUtilsThread - 0] INFO  pipeline.RatisPipelineProvider (RatisPipelineProvider.java:lambda$create$0(195)) - Sending CreatePipelineCommand for pipeline:PipelineID=ec539ce4-0e7a-4a70-bae4-c524617f3809 to datanode:d64d628d-84bc-46a4-b938-9b06d3101fa8
2022-06-21 13:52:37,387 [RatisPipelineUtilsThread - 0] INFO  pipeline.RatisPipelineProvider (RatisPipelineProvider.java:lambda$create$0(195)) - Sending CreatePipelineCommand for pipeline:PipelineID=ec539ce4-0e7a-4a70-bae4-c524617f3809 to datanode:d0cd1932-8d4e-4243-b37a-4fe60b6778b1
2022-06-21 13:52:37,387 [RatisPipelineUtilsThread - 0] INFO  pipeline.PipelineStateManagerImpl (PipelineStateManagerImpl.java:addPipeline(101)) - Created pipeline Pipeline[ Id: ec539ce4-0e7a-4a70-bae4-c524617f3809, Nodes: dfa3a740-454f-4489-b3be-017282a57706{ip: 10.1.0.15, host: fv-az194-567.vahfjs35atkulmpwh5ujf4txfe.jx.internal.cloudapp.net, ports: [REPLICATION=37027, RATIS=41741, RATIS_ADMIN=41741, RATIS_SERVER=41741, STANDALONE=42827], networkLocation: /default-rack, certSerialId: null, persistedOpState: IN_SERVICE, persistedOpStateExpiryEpochSec: 0}d64d628d-84bc-46a4-b938-9b06d3101fa8{ip: 10.1.0.15, host: fv-az194-567.vahfjs35atkulmpwh5ujf4txfe.jx.internal.cloudapp.net, ports: [REPLICATION=41935, RATIS=45443, RATIS_ADMIN=45443, RATIS_SERVER=45443, STANDALONE=42049], networkLocation: /default-rack, certSerialId: null, persistedOpState: IN_SERVICE, persistedOpStateExpiryEpochSec: 0}d0cd1932-8d4e-4243-b37a-4fe60b6778b1{ip: 10.1.0.15, host: fv-az194-567.vahfjs35atkulmpwh5ujf4txfe.jx.internal.cloudapp.net, ports: [REPLICATION=38753, RATIS=42757, RATIS_ADMIN=42757, RATIS_SERVER=42757, STANDALONE=36543], networkLocation: /default-rack, certSerialId: null, persistedOpState: IN_SERVICE, persistedOpStateExpiryEpochSec: 0}, ReplicationConfig: RATIS/THREE, State:ALLOCATED, leaderId:, CreationTimestamp2022-06-21T13:52:37.378Z[Etc/UTC]].
2022-06-21 13:52:37,388 [RatisPipelineUtilsThread - 0] INFO  pipeline.PipelineManagerImpl (PipelineManagerImpl.java:recordMetricsForPipeline(715)) - Pipeline: PipelineID=ec539ce4-0e7a-4a70-bae4-c524617f3809 contains same datanodes as previous pipelines: PipelineID=7204125f-8992-4c34-a8e8-0f5a7f649100 nodeIds: dfa3a740-454f-4489-b3be-017282a57706, d64d628d-84bc-46a4-b938-9b06d3101fa8, d0cd1932-8d4e-4243-b37a-4fe60b6778b1
2022-06-21 13:52:37,694 [IPC Server handler 1 on default port 36017] INFO  net.NetworkTopologyImpl (NetworkTopologyImpl.java:add(112)) - Added a new node: /default-rack/c9799e9e-32ad-41be-876b-db1cefc7f700
2022-06-21 13:52:37,696 [IPC Server handler 1 on default port 36017] INFO  node.SCMNodeManager (SCMNodeManager.java:register(394)) - Registered Data node : c9799e9e-32ad-41be-876b-db1cefc7f700{ip: 10.1.0.15, host: fv-az194-567.vahfjs35atkulmpwh5ujf4txfe.jx.internal.cloudapp.net, ports: [REPLICATION=37895, RATIS=37541, RATIS_ADMIN=37541, RATIS_SERVER=37541, STANDALONE=43517], networkLocation: /default-rack, certSerialId: null, persistedOpState: null, persistedOpStateExpiryEpochSec: 0}
2022-06-21 13:52:37,696 [EventQueue-NewNodeForNewNodeHandler] INFO  pipeline.BackgroundPipelineCreator (BackgroundPipelineCreator.java:notifyEventTriggered(272)) - trigger a one-shot run on RatisPipelineUtilsThread.
2022-06-21 13:52:37,697 [RatisPipelineUtilsThread - 0] INFO  pipeline.RatisPipelineProvider (RatisPipelineProvider.java:lambda$create$0(195)) - Sending CreatePipelineCommand for pipeline:PipelineID=286ed792-ab95-4a2a-a191-6b2db7330bf7 to datanode:c9799e9e-32ad-41be-876b-db1cefc7f700
2022-06-21 13:52:37,698 [RatisPipelineUtilsThread - 0] INFO  pipeline.PipelineStateManagerImpl (PipelineStateManagerImpl.java:addPipeline(101)) - Created pipeline Pipeline[ Id: 286ed792-ab95-4a2a-a191-6b2db7330bf7, Nodes: c9799e9e-32ad-41be-876b-db1cefc7f700{ip: 10.1.0.15, host: fv-az194-567.vahfjs35atkulmpwh5ujf4txfe.jx.internal.cloudapp.net, ports: [REPLICATION=37895, RATIS=37541, RATIS_ADMIN=37541, RATIS_SERVER=37541, STANDALONE=43517], networkLocation: /default-rack, certSerialId: null, persistedOpState: IN_SERVICE, persistedOpStateExpiryEpochSec: 0}, ReplicationConfig: RATIS/ONE, State:ALLOCATED, leaderId:, CreationTimestamp2022-06-21T13:52:37.697Z[Etc/UTC]].
2022-06-21 13:52:38,012 [Listener at 127.0.0.1/44727] INFO  ozone.MiniOzoneClusterImpl (MiniOzoneClusterImpl.java:lambda$waitForClusterToBeReady$0(222)) - Waiting for nodes to be ready. Got 4 of 5 DN Heartbeats.
2022-06-21 13:52:38,012 [Listener at 127.0.0.1/44727] INFO  ozone.MiniOzoneClusterImpl (MiniOzoneClusterImpl.java:lambda$waitForClusterToBeReady$0(225)) - Waiting for cluster to exit safe mode
2022-06-21 13:52:38,012 [Listener at 127.0.0.1/44727] INFO  ozone.MiniOzoneClusterImpl (MiniOzoneClusterImpl.java:lambda$waitForClusterToBeReady$0(227)) - SCM became leader
2022-06-21 13:52:38,017 [IPC Server handler 3 on default port 36017] INFO  net.NetworkTopologyImpl (NetworkTopologyImpl.java:add(112)) - Added a new node: /default-rack/102d38b5-77ec-475a-945b-de2dedc34e4f
2022-06-21 13:52:38,018 [IPC Server handler 3 on default port 36017] INFO  node.SCMNodeManager (SCMNodeManager.java:register(394)) - Registered Data node : 102d38b5-77ec-475a-945b-de2dedc34e4f{ip: 10.1.0.15, host: fv-az194-567.vahfjs35atkulmpwh5ujf4txfe.jx.internal.cloudapp.net, ports: [REPLICATION=45765, RATIS=41439, RATIS_ADMIN=41439, RATIS_SERVER=41439, STANDALONE=39115], networkLocation: /default-rack, certSerialId: null, persistedOpState: null, persistedOpStateExpiryEpochSec: 0}
2022-06-21 13:52:38,018 [EventQueue-NewNodeForNewNodeHandler] INFO  pipeline.BackgroundPipelineCreator (BackgroundPipelineCreator.java:notifyEventTriggered(272)) - trigger a one-shot run on RatisPipelineUtilsThread.
2022-06-21 13:52:38,019 [RatisPipelineUtilsThread - 0] INFO  pipeline.RatisPipelineProvider (RatisPipelineProvider.java:lambda$create$0(195)) - Sending CreatePipelineCommand for pipeline:PipelineID=96797442-6d75-4a04-be51-4fec5d3ad52a to datanode:102d38b5-77ec-475a-945b-de2dedc34e4f
2022-06-21 13:52:38,019 [RatisPipelineUtilsThread - 0] INFO  pipeline.PipelineStateManagerImpl (PipelineStateManagerImpl.java:addPipeline(101)) - Created pipeline Pipeline[ Id: 96797442-6d75-4a04-be51-4fec5d3ad52a, Nodes: 102d38b5-77ec-475a-945b-de2dedc34e4f{ip: 10.1.0.15, host: fv-az194-567.vahfjs35atkulmpwh5ujf4txfe.jx.internal.cloudapp.net, ports: [REPLICATION=45765, RATIS=41439, RATIS_ADMIN=41439, RATIS_SERVER=41439, STANDALONE=39115], networkLocation: /default-rack, certSerialId: null, persistedOpState: IN_SERVICE, persistedOpStateExpiryEpochSec: 0}, ReplicationConfig: RATIS/ONE, State:ALLOCATED, leaderId:, CreationTimestamp2022-06-21T13:52:38.019Z[Etc/UTC]].
2022-06-21 13:52:39,012 [Listener at 127.0.0.1/44727] INFO  ozone.MiniOzoneClusterImpl (MiniOzoneClusterImpl.java:lambda$waitForClusterToBeReady$0(222)) - Nodes are ready. Got 5 of 5 DN Heartbeats.
2022-06-21 13:52:39,013 [Listener at 127.0.0.1/44727] INFO  ozone.MiniOzoneClusterImpl (MiniOzoneClusterImpl.java:lambda$waitForClusterToBeReady$0(225)) - Waiting for cluster to exit safe mode
2022-06-21 13:52:39,013 [Listener at 127.0.0.1/44727] INFO  ozone.MiniOzoneClusterImpl (MiniOzoneClusterImpl.java:lambda$waitForClusterToBeReady$0(227)) - SCM became leader
2022-06-21 13:52:39,482 [Command processor thread] INFO  server.RaftServer (RaftServerProxy.java:addNew(96)) - d0cd1932-8d4e-4243-b37a-4fe60b6778b1: addNew group-4EE5FE8175F0:[d0cd1932-8d4e-4243-b37a-4fe60b6778b1|rpc:10.1.0.15:42757|priority:1] returns group-4EE5FE8175F0:java.util.concurrent.CompletableFuture@32e345c1[Not completed]
2022-06-21 13:52:39,505 [pool-73-thread-1] INFO  server.RaftServer$Division (RaftServerImpl.java:<init>(190)) - d0cd1932-8d4e-4243-b37a-4fe60b6778b1: new RaftServerImpl for group-4EE5FE8175F0:[d0cd1932-8d4e-4243-b37a-4fe60b6778b1|rpc:10.1.0.15:42757|priority:1] with ContainerStateMachine:uninitialized
2022-06-21 13:52:39,505 [pool-73-thread-1] INFO  server.RaftServerConfigKeys (ConfUtils.java:logGet(46)) - raft.server.rpc.timeout.min = 5s (custom)
2022-06-21 13:52:39,505 [pool-73-thread-1] INFO  server.RaftServerConfigKeys (ConfUtils.java:logGet(46)) - raft.server.rpc.timeout.max = 5200ms (custom)
2022-06-21 13:52:39,505 [pool-73-thread-1] INFO  server.RaftServerConfigKeys (ConfUtils.java:logGet(46)) - raft.server.rpc.sleep.time = 25ms (default)
2022-06-21 13:52:39,505 [pool-73-thread-1] INFO  server.RaftServerConfigKeys (ConfUtils.java:logGet(46)) - raft.server.rpc.slowness.timeout = 300s (custom)
2022-06-21 13:52:39,505 [pool-73-thread-1] INFO  server.RaftServerConfigKeys (ConfUtils.java:logGet(46)) - raft.server.leaderelection.leader.step-down.wait-time = 10s (default)
2022-06-21 13:52:39,505 [pool-73-thread-1] INFO  server.RaftServerConfigKeys (ConfUtils.java:logGet(46)) - raft.server.sleep.deviation.threshold = 300ms (default)
2022-06-21 13:52:39,505 [pool-73-thread-1] INFO  server.RaftServer$Division (ServerState.java:<init>(107)) - d0cd1932-8d4e-4243-b37a-4fe60b6778b1@group-4EE5FE8175F0: ConfigurationManager, init=-1: [d0cd1932-8d4e-4243-b37a-4fe60b6778b1|rpc:10.1.0.15:42757|priority:1], old=null, confs=<EMPTY_MAP>
2022-06-21 13:52:39,505 [pool-73-thread-1] INFO  server.RaftServerConfigKeys (ConfUtils.java:logGet(46)) - raft.server.storage.dir = [/home/runner/work/ozone/ozone/hadoop-ozone/integration-test/target/test-dir/MiniOzoneClusterImpl-e16419ed-4a79-4c69-a384-d99db5bfc06c/datanode-0/data/ratis] (custom)
2022-06-21 13:52:39,506 [pool-73-thread-1] INFO  server.RaftServerConfigKeys (ConfUtils.java:logGet(46)) - raft.server.log.corruption.policy = EXCEPTION (default)
2022-06-21 13:52:39,506 [pool-73-thread-1] INFO  server.RaftServerConfigKeys (ConfUtils.java:logGet(46)) - raft.server.storage.free-space.min = 0MB (=0) (default)
2022-06-21 13:52:39,506 [pool-73-thread-1] INFO  storage.RaftStorageDirectory (RaftStorageDirectoryImpl.java:analyzeStorage(135)) - The storage directory /home/runner/work/ozone/ozone/hadoop-ozone/integration-test/target/test-dir/MiniOzoneClusterImpl-e16419ed-4a79-4c69-a384-d99db5bfc06c/datanode-0/data/ratis/f63476f9-ec88-40cd-8710-4ee5fe8175f0 does not exist. Creating ...
2022-06-21 13:52:39,508 [pool-73-thread-1] INFO  storage.RaftStorageDirectory (RaftStorageDirectoryImpl.java:tryLock(230)) - Lock on /home/runner/work/ozone/ozone/hadoop-ozone/integration-test/target/test-dir/MiniOzoneClusterImpl-e16419ed-4a79-4c69-a384-d99db5bfc06c/datanode-0/data/ratis/f63476f9-ec88-40cd-8710-4ee5fe8175f0/in_use.lock acquired by nodename 17605@fv-az194-567
2022-06-21 13:52:39,509 [pool-73-thread-1] INFO  storage.RaftStorage (RaftStorageImpl.java:format(89)) - Storage directory /home/runner/work/ozone/ozone/hadoop-ozone/integration-test/target/test-dir/MiniOzoneClusterImpl-e16419ed-4a79-4c69-a384-d99db5bfc06c/datanode-0/data/ratis/f63476f9-ec88-40cd-8710-4ee5fe8175f0 has been successfully formatted.
2022-06-21 13:52:39,514 [pool-73-thread-1] INFO  ratis.ContainerStateMachine (ContainerStateMachine.java:loadSnapshot(236)) - group-4EE5FE8175F0: The snapshot info is null. Setting the last applied indexto:(t:0, i:~)
2022-06-21 13:52:39,517 [pool-73-thread-1] INFO  server.RaftServerConfigKeys (ConfUtils.java:logGet(46)) - raft.server.notification.no-leader.timeout = 300s (custom)
2022-06-21 13:52:39,517 [pool-73-thread-1] INFO  server.RaftServerConfigKeys (ConfUtils.java:logGet(46)) - raft.server.log.use.memory = false (default)
2022-06-21 13:52:39,517 [pool-73-thread-1] INFO  server.RaftServerConfigKeys (ConfUtils.java:logGet(46)) - raft.server.log.purge.gap = 1000000 (custom)
2022-06-21 13:52:39,517 [pool-73-thread-1] INFO  server.RaftServerConfigKeys (ConfUtils.java:logGet(46)) - raft.server.log.appender.buffer.byte-limit = 33554432 (custom)
2022-06-21 13:52:39,517 [pool-73-thread-1] INFO  server.RaftServerConfigKeys (ConfUtils.java:logGet(46)) - raft.server.log.statemachine.data.read.timeout = 1000ms (default)
2022-06-21 13:52:39,517 [pool-73-thread-1] INFO  server.RaftServerConfigKeys (ConfUtils.java:logGet(46)) - raft.server.log.segment.size.max = 1048576 (custom)
2022-06-21 13:52:39,518 [pool-73-thread-1] INFO  server.RaftServerConfigKeys (ConfUtils.java:logGet(46)) - raft.server.log.segment.cache.num.max = 2 (custom)
2022-06-21 13:52:39,518 [pool-73-thread-1] INFO  server.RaftServerConfigKeys (ConfUtils.java:logGet(46)) - raft.server.log.segment.cache.size.max = 200MB (=209715200) (default)
2022-06-21 13:52:39,518 [pool-73-thread-1] INFO  segmented.SegmentedRaftLogWorker (SegmentedRaftLogWorker.java:<init>(187)) - new d0cd1932-8d4e-4243-b37a-4fe60b6778b1@group-4EE5FE8175F0-SegmentedRaftLogWorker for RaftStorageImpl:Storage Directory /home/runner/work/ozone/ozone/hadoop-ozone/integration-test/target/test-dir/MiniOzoneClusterImpl-e16419ed-4a79-4c69-a384-d99db5bfc06c/datanode-0/data/ratis/f63476f9-ec88-40cd-8710-4ee5fe8175f0
2022-06-21 13:52:39,518 [pool-73-thread-1] INFO  server.RaftServerConfigKeys (ConfUtils.java:logGet(46)) - raft.server.log.queue.byte-limit = 4294967296 (custom)
2022-06-21 13:52:39,518 [pool-73-thread-1] INFO  server.RaftServerConfigKeys (ConfUtils.java:logGet(46)) - raft.server.log.queue.element-limit = 1024 (custom)
2022-06-21 13:52:39,518 [pool-73-thread-1] INFO  server.RaftServerConfigKeys (ConfUtils.java:logGet(46)) - raft.server.log.segment.size.max = 1048576 (custom)
2022-06-21 13:52:39,518 [pool-73-thread-1] INFO  server.RaftServerConfigKeys (ConfUtils.java:logGet(46)) - raft.server.log.preallocated.size = 16384 (custom)
2022-06-21 13:52:39,518 [pool-73-thread-1] INFO  server.RaftServerConfigKeys (ConfUtils.java:logGet(46)) - raft.server.log.force.sync.num = 128 (default)
2022-06-21 13:52:39,518 [pool-73-thread-1] INFO  server.RaftServerConfigKeys (ConfUtils.java:logGet(46)) - raft.server.log.statemachine.data.sync = true (default)
2022-06-21 13:52:39,518 [pool-73-thread-1] INFO  server.RaftServerConfigKeys (ConfUtils.java:logGet(46)) - raft.server.log.statemachine.data.sync.timeout = 10s (default)
2022-06-21 13:52:39,519 [pool-73-thread-1] INFO  server.RaftServerConfigKeys (ConfUtils.java:logGet(46)) - raft.server.log.statemachine.data.sync.timeout.retry = -1 (default)
2022-06-21 13:52:39,521 [pool-73-thread-1] INFO  server.RaftServerConfigKeys (ConfUtils.java:logGet(46)) - raft.server.log.write.buffer.size = 1048576 (custom)
2022-06-21 13:52:39,521 [pool-73-thread-1] INFO  server.RaftServerConfigKeys (ConfUtils.java:logGet(46)) - raft.server.log.unsafe-flush.enabled = false (default)
2022-06-21 13:52:39,521 [pool-73-thread-1] INFO  server.RaftServerConfigKeys (ConfUtils.java:logGet(46)) - raft.server.log.statemachine.data.caching.enabled = true (custom)
2022-06-21 13:52:39,521 [pool-73-thread-1] INFO  segmented.SegmentedRaftLogWorker (SegmentedRaftLogWorker.java:lambda$new$0(135)) - d0cd1932-8d4e-4243-b37a-4fe60b6778b1@group-4EE5FE8175F0-SegmentedRaftLogWorker: flushIndex: setUnconditionally 0 -> -1
2022-06-21 13:52:39,521 [pool-73-thread-1] INFO  segmented.SegmentedRaftLogWorker (SegmentedRaftLogWorker.java:lambda$new$0(135)) - d0cd1932-8d4e-4243-b37a-4fe60b6778b1@group-4EE5FE8175F0-SegmentedRaftLogWorker: safeCacheEvictIndex: setUnconditionally 0 -> -1
2022-06-21 13:52:39,533 [pool-73-thread-1] INFO  server.RaftServerConfigKeys (ConfUtils.java:logGet(46)) - raft.server.snapshot.auto.trigger.enabled = true (custom)
2022-06-21 13:52:39,533 [pool-73-thread-1] INFO  server.RaftServerConfigKeys (ConfUtils.java:logGet(46)) - raft.server.snapshot.auto.trigger.threshold = 10000 (custom)
2022-06-21 13:52:39,533 [pool-73-thread-1] INFO  server.RaftServerConfigKeys (ConfUtils.java:logGet(46)) - raft.server.snapshot.retention.file.num = 5 (custom)
2022-06-21 13:52:39,533 [pool-73-thread-1] INFO  server.RaftServerConfigKeys (ConfUtils.java:logGet(46)) - raft.server.log.purge.upto.snapshot.index = false (default)
2022-06-21 13:52:39,533 [pool-73-thread-1] INFO  server.RaftServerConfigKeys (ConfUtils.java:logGet(46)) - raft.server.retrycache.expirytime = 600000ms (custom)
2022-06-21 13:52:39,534 [pool-73-thread-1] INFO  server.RaftServerConfigKeys (ConfUtils.java:logGet(46)) - raft.server.retrycache.statistics.expirytime = 100μs (default)
2022-06-21 13:52:39,536 [pool-73-thread-1] INFO  server.RaftServerConfigKeys (ConfUtils.java:logGet(46)) - raft.server.log.appender.install.snapshot.enabled = false (custom)
2022-06-21 13:52:39,536 [pool-73-thread-1] INFO  server.RaftServerConfigKeys (ConfUtils.java:logGet(46)) - raft.server.threadpool.server.cached = true (default)
2022-06-21 13:52:39,536 [pool-73-thread-1] INFO  server.RaftServerConfigKeys (ConfUtils.java:logGet(46)) - raft.server.threadpool.server.size = 0 (default)
2022-06-21 13:52:39,536 [pool-73-thread-1] INFO  server.RaftServerConfigKeys (ConfUtils.java:logGet(46)) - raft.server.threadpool.client.cached = true (default)
2022-06-21 13:52:39,536 [pool-73-thread-1] INFO  server.RaftServerConfigKeys (ConfUtils.java:logGet(46)) - raft.server.threadpool.client.size = 0 (default)
2022-06-21 13:52:39,536 [pool-73-thread-1] INFO  server.RaftServer$Division (RaftServerImpl.java:start(310)) - d0cd1932-8d4e-4243-b37a-4fe60b6778b1@group-4EE5FE8175F0: start as a follower, conf=-1: [d0cd1932-8d4e-4243-b37a-4fe60b6778b1|rpc:10.1.0.15:42757|priority:1], old=null
2022-06-21 13:52:39,536 [pool-73-thread-1] INFO  server.RaftServer$Division (RaftServerImpl.java:setRole(299)) - d0cd1932-8d4e-4243-b37a-4fe60b6778b1@group-4EE5FE8175F0: changes role from      null to FOLLOWER at term 0 for startAsFollower
2022-06-21 13:52:39,536 [pool-73-thread-1] INFO  impl.RoleInfo (RoleInfo.java:updateAndGet(139)) - d0cd1932-8d4e-4243-b37a-4fe60b6778b1: start d0cd1932-8d4e-4243-b37a-4fe60b6778b1@group-4EE5FE8175F0-FollowerState
2022-06-21 13:52:39,537 [pool-73-thread-1] INFO  util.JmxRegister (JmxRegister.java:tryRegister(44)) - Successfully registered JMX Bean with object name Ratis:service=RaftServer,group=group-4EE5FE8175F0,id=d0cd1932-8d4e-4243-b37a-4fe60b6778b1
2022-06-21 13:52:39,541 [EventQueue-PipelineReportForPipelineReportHandler] INFO  pipeline.PipelineManagerImpl (PipelineManagerImpl.java:openPipeline(356)) - Pipeline Pipeline[ Id: f63476f9-ec88-40cd-8710-4ee5fe8175f0, Nodes: d0cd1932-8d4e-4243-b37a-4fe60b6778b1{ip: 10.1.0.15, host: fv-az194-567.vahfjs35atkulmpwh5ujf4txfe.jx.internal.cloudapp.net, ports: [REPLICATION=38753, RATIS=42757, RATIS_ADMIN=42757, RATIS_SERVER=42757, STANDALONE=36543], networkLocation: /default-rack, certSerialId: null, persistedOpState: IN_SERVICE, persistedOpStateExpiryEpochSec: 0}, ReplicationConfig: RATIS/ONE, State:ALLOCATED, leaderId:d0cd1932-8d4e-4243-b37a-4fe60b6778b1, CreationTimestamp2022-06-21T13:52:36.519Z[Etc/UTC]] moved to OPEN state
2022-06-21 13:52:39,548 [Command processor thread] INFO  ratis.XceiverServerRatis (XceiverServerRatis.java:addGroup(765)) - Created group PipelineID=f63476f9-ec88-40cd-8710-4ee5fe8175f0
2022-06-21 13:52:39,548 [EventQueue-OpenPipelineForHealthyPipelineSafeModeRule] INFO  safemode.SCMSafeModeManager (HealthyPipelineSafeModeRule.java:process(124)) - SCM in safe mode. Healthy pipelines reported count is 0, required healthy pipeline reported count is 1
2022-06-21 13:52:39,549 [Command processor thread] INFO  commandhandler.CreatePipelineCommandHandler (CreatePipelineCommandHandler.java:handle(113)) - Created Pipeline RATIS ONE PipelineID=f63476f9-ec88-40cd-8710-4ee5fe8175f0.
2022-06-21 13:52:39,550 [Command processor thread] INFO  server.RaftServer (RaftServerProxy.java:addNew(96)) - d0cd1932-8d4e-4243-b37a-4fe60b6778b1: addNew group-0F5A7F649100:[dfa3a740-454f-4489-b3be-017282a57706|rpc:10.1.0.15:41741|priority:0, d0cd1932-8d4e-4243-b37a-4fe60b6778b1|rpc:10.1.0.15:42757|priority:1, d64d628d-84bc-46a4-b938-9b06d3101fa8|rpc:10.1.0.15:45443|priority:0] returns group-0F5A7F649100:java.util.concurrent.CompletableFuture@7da7c361[Not completed]
2022-06-21 13:52:39,551 [pool-73-thread-1] INFO  server.RaftServer$Division (RaftServerImpl.java:<init>(190)) - d0cd1932-8d4e-4243-b37a-4fe60b6778b1: new RaftServerImpl for group-0F5A7F649100:[dfa3a740-454f-4489-b3be-017282a57706|rpc:10.1.0.15:41741|priority:0, d0cd1932-8d4e-4243-b37a-4fe60b6778b1|rpc:10.1.0.15:42757|priority:1, d64d628d-84bc-46a4-b938-9b06d3101fa8|rpc:10.1.0.15:45443|priority:0] with ContainerStateMachine:uninitialized
2022-06-21 13:52:39,551 [pool-73-thread-1] INFO  server.RaftServerConfigKeys (ConfUtils.java:logGet(46)) - raft.server.rpc.timeout.min = 5s (custom)
2022-06-21 13:52:39,551 [pool-73-thread-1] INFO  server.RaftServerConfigKeys (ConfUtils.java:logGet(46)) - raft.server.rpc.timeout.max = 5200ms (custom)
2022-06-21 13:52:39,551 [pool-73-thread-1] INFO  server.RaftServerConfigKeys (ConfUtils.java:logGet(46)) - raft.server.rpc.sleep.time = 25ms (default)
2022-06-21 13:52:39,551 [pool-73-thread-1] INFO  server.RaftServerConfigKeys (ConfUtils.java:logGet(46)) - raft.server.rpc.slowness.timeout = 300s (custom)
2022-06-21 13:52:39,551 [pool-73-thread-1] INFO  server.RaftServerConfigKeys (ConfUtils.java:logGet(46)) - raft.server.leaderelection.leader.step-down.wait-time = 10s (default)
2022-06-21 13:52:39,551 [pool-73-thread-1] INFO  server.RaftServerConfigKeys (ConfUtils.java:logGet(46)) - raft.server.sleep.deviation.threshold = 300ms (default)
2022-06-21 13:52:39,551 [pool-73-thread-1] INFO  server.RaftServer$Division (ServerState.java:<init>(107)) - d0cd1932-8d4e-4243-b37a-4fe60b6778b1@group-0F5A7F649100: ConfigurationManager, init=-1: [dfa3a740-454f-4489-b3be-017282a57706|rpc:10.1.0.15:41741|priority:0, d0cd1932-8d4e-4243-b37a-4fe60b6778b1|rpc:10.1.0.15:42757|priority:1, d64d628d-84bc-46a4-b938-9b06d3101fa8|rpc:10.1.0.15:45443|priority:0], old=null, confs=<EMPTY_MAP>
2022-06-21 13:52:39,551 [pool-73-thread-1] INFO  server.RaftServerConfigKeys (ConfUtils.java:logGet(46)) - raft.server.storage.dir = [/home/runner/work/ozone/ozone/hadoop-ozone/integration-test/target/test-dir/MiniOzoneClusterImpl-e16419ed-4a79-4c69-a384-d99db5bfc06c/datanode-0/data/ratis] (custom)
2022-06-21 13:52:39,551 [pool-73-thread-1] INFO  server.RaftServerConfigKeys (ConfUtils.java:logGet(46)) - raft.server.log.corruption.policy = EXCEPTION (default)
2022-06-21 13:52:39,552 [pool-73-thread-1] INFO  server.RaftServerConfigKeys (ConfUtils.java:logGet(46)) - raft.server.storage.free-space.min = 0MB (=0) (default)
2022-06-21 13:52:39,552 [pool-73-thread-1] INFO  storage.RaftStorageDirectory (RaftStorageDirectoryImpl.java:analyzeStorage(135)) - The storage directory /home/runner/work/ozone/ozone/hadoop-ozone/integration-test/target/test-dir/MiniOzoneClusterImpl-e16419ed-4a79-4c69-a384-d99db5bfc06c/datanode-0/data/ratis/7204125f-8992-4c34-a8e8-0f5a7f649100 does not exist. Creating ...
2022-06-21 13:52:39,553 [pool-73-thread-1] INFO  storage.RaftStorageDirectory (RaftStorageDirectoryImpl.java:tryLock(230)) - Lock on /home/runner/work/ozone/ozone/hadoop-ozone/integration-test/target/test-dir/MiniOzoneClusterImpl-e16419ed-4a79-4c69-a384-d99db5bfc06c/datanode-0/data/ratis/7204125f-8992-4c34-a8e8-0f5a7f649100/in_use.lock acquired by nodename 17605@fv-az194-567
2022-06-21 13:52:39,554 [pool-73-thread-1] INFO  storage.RaftStorage (RaftStorageImpl.java:format(89)) - Storage directory /home/runner/work/ozone/ozone/hadoop-ozone/integration-test/target/test-dir/MiniOzoneClusterImpl-e16419ed-4a79-4c69-a384-d99db5bfc06c/datanode-0/data/ratis/7204125f-8992-4c34-a8e8-0f5a7f649100 has been successfully formatted.
2022-06-21 13:52:39,555 [pool-73-thread-1] INFO  ratis.ContainerStateMachine (ContainerStateMachine.java:loadSnapshot(236)) - group-0F5A7F649100: The snapshot info is null. Setting the last applied indexto:(t:0, i:~)
2022-06-21 13:52:39,555 [pool-73-thread-1] INFO  server.RaftServerConfigKeys (ConfUtils.java:logGet(46)) - raft.server.notification.no-leader.timeout = 300s (custom)
2022-06-21 13:52:39,556 [pool-73-thread-1] INFO  server.RaftServerConfigKeys (ConfUtils.java:logGet(46)) - raft.server.log.use.memory = false (default)
2022-06-21 13:52:39,556 [pool-73-thread-1] INFO  server.RaftServerConfigKeys (ConfUtils.java:logGet(46)) - raft.server.log.purge.gap = 1000000 (custom)
2022-06-21 13:52:39,556 [pool-73-thread-1] INFO  server.RaftServerConfigKeys (ConfUtils.java:logGet(46)) - raft.server.log.appender.buffer.byte-limit = 33554432 (custom)
2022-06-21 13:52:39,556 [pool-73-thread-1] INFO  server.RaftServerConfigKeys (ConfUtils.java:logGet(46)) - raft.server.log.statemachine.data.read.timeout = 1000ms (default)
2022-06-21 13:52:39,556 [pool-73-thread-1] INFO  server.RaftServerConfigKeys (ConfUtils.java:logGet(46)) - raft.server.log.segment.size.max = 1048576 (custom)
2022-06-21 13:52:39,558 [pool-73-thread-1] INFO  server.RaftServerConfigKeys (ConfUtils.java:logGet(46)) - raft.server.log.segment.cache.num.max = 2 (custom)
2022-06-21 13:52:39,558 [pool-73-thread-1] INFO  server.RaftServerConfigKeys (ConfUtils.java:logGet(46)) - raft.server.log.segment.cache.size.max = 200MB (=209715200) (default)
2022-06-21 13:52:39,558 [pool-73-thread-1] INFO  segmented.SegmentedRaftLogWorker (SegmentedRaftLogWorker.java:<init>(187)) - new d0cd1932-8d4e-4243-b37a-4fe60b6778b1@group-0F5A7F649100-SegmentedRaftLogWorker for RaftStorageImpl:Storage Directory /home/runner/work/ozone/ozone/hadoop-ozone/integration-test/target/test-dir/MiniOzoneClusterImpl-e16419ed-4a79-4c69-a384-d99db5bfc06c/datanode-0/data/ratis/7204125f-8992-4c34-a8e8-0f5a7f649100
2022-06-21 13:52:39,558 [pool-73-thread-1] INFO  server.RaftServerConfigKeys (ConfUtils.java:logGet(46)) - raft.server.log.queue.byte-limit = 4294967296 (custom)
2022-06-21 13:52:39,558 [pool-73-thread-1] INFO  server.RaftServerConfigKeys (ConfUtils.java:logGet(46)) - raft.server.log.queue.element-limit = 1024 (custom)
2022-06-21 13:52:39,558 [pool-73-thread-1] INFO  server.RaftServerConfigKeys (ConfUtils.java:logGet(46)) - raft.server.log.segment.size.max = 1048576 (custom)
2022-06-21 13:52:39,558 [pool-73-thread-1] INFO  server.RaftServerConfigKeys (ConfUtils.java:logGet(46)) - raft.server.log.preallocated.size = 16384 (custom)
2022-06-21 13:52:39,558 [pool-73-thread-1] INFO  server.RaftServerConfigKeys (ConfUtils.java:logGet(46)) - raft.server.log.force.sync.num = 128 (default)
2022-06-21 13:52:39,558 [pool-73-thread-1] INFO  server.RaftServerConfigKeys (ConfUtils.java:logGet(46)) - raft.server.log.statemachine.data.sync = true (default)
2022-06-21 13:52:39,558 [pool-73-thread-1] INFO  server.RaftServerConfigKeys (ConfUtils.java:logGet(46)) - raft.server.log.statemachine.data.sync.timeout = 10s (default)
2022-06-21 13:52:39,558 [pool-73-thread-1] INFO  server.RaftServerConfigKeys (ConfUtils.java:logGet(46)) - raft.server.log.statemachine.data.sync.timeout.retry = -1 (default)
2022-06-21 13:52:39,560 [EventQueue-OpenPipelineForHealthyPipelineSafeModeRule] INFO  safemode.SCMSafeModeManager (HealthyPipelineSafeModeRule.java:process(124)) - SCM in safe mode. Healthy pipelines reported count is 0, required healthy pipeline reported count is 1
2022-06-21 13:52:39,561 [pool-73-thread-1] INFO  server.RaftServerConfigKeys (ConfUtils.java:logGet(46)) - raft.server.log.write.buffer.size = 1048576 (custom)
2022-06-21 13:52:39,561 [pool-73-thread-1] INFO  server.RaftServerConfigKeys (ConfUtils.java:logGet(46)) - raft.server.log.unsafe-flush.enabled = false (default)
2022-06-21 13:52:39,562 [pool-73-thread-1] INFO  server.RaftServerConfigKeys (ConfUtils.java:logGet(46)) - raft.server.log.statemachine.data.caching.enabled = true (custom)
2022-06-21 13:52:39,562 [pool-73-thread-1] INFO  segmented.SegmentedRaftLogWorker (SegmentedRaftLogWorker.java:lambda$new$0(135)) - d0cd1932-8d4e-4243-b37a-4fe60b6778b1@group-0F5A7F649100-SegmentedRaftLogWorker: flushIndex: setUnconditionally 0 -> -1
2022-06-21 13:52:39,562 [pool-73-thread-1] INFO  segmented.SegmentedRaftLogWorker (SegmentedRaftLogWorker.java:lambda$new$0(135)) - d0cd1932-8d4e-4243-b37a-4fe60b6778b1@group-0F5A7F649100-SegmentedRaftLogWorker: safeCacheEvictIndex: setUnconditionally 0 -> -1
2022-06-21 13:52:39,562 [pool-73-thread-1] INFO  server.RaftServerConfigKeys (ConfUtils.java:logGet(46)) - raft.server.snapshot.auto.trigger.enabled = true (custom)
2022-06-21 13:52:39,562 [pool-73-thread-1] INFO  server.RaftServerConfigKeys (ConfUtils.java:logGet(46)) - raft.server.snapshot.auto.trigger.threshold = 10000 (custom)
2022-06-21 13:52:39,562 [pool-73-thread-1] INFO  server.RaftServerConfigKeys (ConfUtils.java:logGet(46)) - raft.server.snapshot.retention.file.num = 5 (custom)
2022-06-21 13:52:39,562 [pool-73-thread-1] INFO  server.RaftServerConfigKeys (ConfUtils.java:logGet(46)) - raft.server.log.purge.upto.snapshot.index = false (default)
2022-06-21 13:52:39,562 [pool-73-thread-1] INFO  server.RaftServerConfigKeys (ConfUtils.java:logGet(46)) - raft.server.retrycache.expirytime = 600000ms (custom)
2022-06-21 13:52:39,562 [pool-73-thread-1] INFO  server.RaftServerConfigKeys (ConfUtils.java:logGet(46)) - raft.server.retrycache.statistics.expirytime = 100μs (default)
2022-06-21 13:52:39,564 [pool-73-thread-1] INFO  server.RaftServerConfigKeys (ConfUtils.java:logGet(46)) - raft.server.log.appender.install.snapshot.enabled = false (custom)
2022-06-21 13:52:39,564 [pool-73-thread-1] INFO  server.RaftServerConfigKeys (ConfUtils.java:logGet(46)) - raft.server.threadpool.server.cached = true (default)
2022-06-21 13:52:39,564 [pool-73-thread-1] INFO  server.RaftServerConfigKeys (ConfUtils.java:logGet(46)) - raft.server.threadpool.server.size = 0 (default)
2022-06-21 13:52:39,564 [pool-73-thread-1] INFO  server.RaftServerConfigKeys (ConfUtils.java:logGet(46)) - raft.server.threadpool.client.cached = true (default)
2022-06-21 13:52:39,564 [pool-73-thread-1] INFO  server.RaftServerConfigKeys (ConfUtils.java:logGet(46)) - raft.server.threadpool.client.size = 0 (default)
2022-06-21 13:52:39,564 [pool-73-thread-1] INFO  server.RaftServer$Division (RaftServerImpl.java:start(310)) - d0cd1932-8d4e-4243-b37a-4fe60b6778b1@group-0F5A7F649100: start as a follower, conf=-1: [dfa3a740-454f-4489-b3be-017282a57706|rpc:10.1.0.15:41741|priority:0, d0cd1932-8d4e-4243-b37a-4fe60b6778b1|rpc:10.1.0.15:42757|priority:1, d64d628d-84bc-46a4-b938-9b06d3101fa8|rpc:10.1.0.15:45443|priority:0], old=null
2022-06-21 13:52:39,564 [pool-73-thread-1] INFO  server.RaftServer$Division (RaftServerImpl.java:setRole(299)) - d0cd1932-8d4e-4243-b37a-4fe60b6778b1@group-0F5A7F649100: changes role from      null to FOLLOWER at term 0 for startAsFollower
2022-06-21 13:52:39,565 [pool-73-thread-1] INFO  impl.RoleInfo (RoleInfo.java:updateAndGet(139)) - d0cd1932-8d4e-4243-b37a-4fe60b6778b1: start d0cd1932-8d4e-4243-b37a-4fe60b6778b1@group-0F5A7F649100-FollowerState
2022-06-21 13:52:39,565 [pool-73-thread-1] INFO  util.JmxRegister (JmxRegister.java:tryRegister(44)) - Successfully registered JMX Bean with object name Ratis:service=RaftServer,group=group-0F5A7F649100,id=d0cd1932-8d4e-4243-b37a-4fe60b6778b1
2022-06-21 13:52:39,567 [Command processor thread] INFO  ratis.XceiverServerRatis (XceiverServerRatis.java:addGroup(765)) - Created group PipelineID=7204125f-8992-4c34-a8e8-0f5a7f649100
2022-06-21 13:52:40,013 [Listener at 127.0.0.1/44727] INFO  ozone.MiniOzoneClusterImpl (MiniOzoneClusterImpl.java:lambda$waitForClusterToBeReady$0(222)) - Nodes are ready. Got 5 of 5 DN Heartbeats.
2022-06-21 13:52:40,014 [Listener at 127.0.0.1/44727] INFO  ozone.MiniOzoneClusterImpl (MiniOzoneClusterImpl.java:lambda$waitForClusterToBeReady$0(225)) - Waiting for cluster to exit safe mode
2022-06-21 13:52:40,014 [Listener at 127.0.0.1/44727] INFO  ozone.MiniOzoneClusterImpl (MiniOzoneClusterImpl.java:lambda$waitForClusterToBeReady$0(227)) - SCM became leader
2022-06-21 13:52:40,047 [Command processor thread] INFO  server.RaftServer (RaftServerProxy.java:addNew(96)) - dfa3a740-454f-4489-b3be-017282a57706: addNew group-589DDC039094:[dfa3a740-454f-4489-b3be-017282a57706|rpc:10.1.0.15:41741|priority:1] returns group-589DDC039094:java.util.concurrent.CompletableFuture@2adbda26[Not completed]
2022-06-21 13:52:40,048 [pool-96-thread-1] INFO  server.RaftServer$Division (RaftServerImpl.java:<init>(190)) - dfa3a740-454f-4489-b3be-017282a57706: new RaftServerImpl for group-589DDC039094:[dfa3a740-454f-4489-b3be-017282a57706|rpc:10.1.0.15:41741|priority:1] with ContainerStateMachine:uninitialized
2022-06-21 13:52:40,049 [pool-96-thread-1] INFO  server.RaftServerConfigKeys (ConfUtils.java:logGet(46)) - raft.server.rpc.timeout.min = 5s (custom)
2022-06-21 13:52:40,049 [pool-96-thread-1] INFO  server.RaftServerConfigKeys (ConfUtils.java:logGet(46)) - raft.server.rpc.timeout.max = 5200ms (custom)
2022-06-21 13:52:40,049 [pool-96-thread-1] INFO  server.RaftServerConfigKeys (ConfUtils.java:logGet(46)) - raft.server.rpc.sleep.time = 25ms (default)
2022-06-21 13:52:40,049 [pool-96-thread-1] INFO  server.RaftServerConfigKeys (ConfUtils.java:logGet(46)) - raft.server.rpc.slowness.timeout = 300s (custom)
2022-06-21 13:52:40,049 [pool-96-thread-1] INFO  server.RaftServerConfigKeys (ConfUtils.java:logGet(46)) - raft.server.leaderelection.leader.step-down.wait-time = 10s (default)
2022-06-21 13:52:40,049 [pool-96-thread-1] INFO  server.RaftServerConfigKeys (ConfUtils.java:logGet(46)) - raft.server.sleep.deviation.threshold = 300ms (default)
2022-06-21 13:52:40,049 [pool-96-thread-1] INFO  server.RaftServer$Division (ServerState.java:<init>(107)) - dfa3a740-454f-4489-b3be-017282a57706@group-589DDC039094: ConfigurationManager, init=-1: [dfa3a740-454f-4489-b3be-017282a57706|rpc:10.1.0.15:41741|priority:1], old=null, confs=<EMPTY_MAP>
2022-06-21 13:52:40,049 [pool-96-thread-1] INFO  server.RaftServerConfigKeys (ConfUtils.java:logGet(46)) - raft.server.storage.dir = [/home/runner/work/ozone/ozone/hadoop-ozone/integration-test/target/test-dir/MiniOzoneClusterImpl-e16419ed-4a79-4c69-a384-d99db5bfc06c/datanode-1/data/ratis] (custom)
2022-06-21 13:52:40,049 [pool-96-thread-1] INFO  server.RaftServerConfigKeys (ConfUtils.java:logGet(46)) - raft.server.log.corruption.policy = EXCEPTION (default)
2022-06-21 13:52:40,049 [pool-96-thread-1] INFO  server.RaftServerConfigKeys (ConfUtils.java:logGet(46)) - raft.server.storage.free-space.min = 0MB (=0) (default)
2022-06-21 13:52:40,049 [pool-96-thread-1] INFO  storage.RaftStorageDirectory (RaftStorageDirectoryImpl.java:analyzeStorage(135)) - The storage directory /home/runner/work/ozone/ozone/hadoop-ozone/integration-test/target/test-dir/MiniOzoneClusterImpl-e16419ed-4a79-4c69-a384-d99db5bfc06c/datanode-1/data/ratis/9f611df5-305c-45c4-9013-589ddc039094 does not exist. Creating ...
2022-06-21 13:52:40,051 [pool-96-thread-1] INFO  storage.RaftStorageDirectory (RaftStorageDirectoryImpl.java:tryLock(230)) - Lock on /home/runner/work/ozone/ozone/hadoop-ozone/integration-test/target/test-dir/MiniOzoneClusterImpl-e16419ed-4a79-4c69-a384-d99db5bfc06c/datanode-1/data/ratis/9f611df5-305c-45c4-9013-589ddc039094/in_use.lock acquired by nodename 17605@fv-az194-567
2022-06-21 13:52:40,054 [pool-96-thread-1] INFO  storage.RaftStorage (RaftStorageImpl.java:format(89)) - Storage directory /home/runner/work/ozone/ozone/hadoop-ozone/integration-test/target/test-dir/MiniOzoneClusterImpl-e16419ed-4a79-4c69-a384-d99db5bfc06c/datanode-1/data/ratis/9f611df5-305c-45c4-9013-589ddc039094 has been successfully formatted.
2022-06-21 13:52:40,060 [pool-96-thread-1] INFO  ratis.ContainerStateMachine (ContainerStateMachine.java:loadSnapshot(236)) - group-589DDC039094: The snapshot info is null. Setting the last applied indexto:(t:0, i:~)
2022-06-21 13:52:40,061 [pool-96-thread-1] INFO  server.RaftServerConfigKeys (ConfUtils.java:logGet(46)) - raft.server.notification.no-leader.timeout = 300s (custom)
2022-06-21 13:52:40,061 [pool-96-thread-1] INFO  server.RaftServerConfigKeys (ConfUtils.java:logGet(46)) - raft.server.log.use.memory = false (default)
2022-06-21 13:52:40,061 [pool-96-thread-1] INFO  server.RaftServerConfigKeys (ConfUtils.java:logGet(46)) - raft.server.log.purge.gap = 1000000 (custom)
2022-06-21 13:52:40,061 [pool-96-thread-1] INFO  server.RaftServerConfigKeys (ConfUtils.java:logGet(46)) - raft.server.log.appender.buffer.byte-limit = 33554432 (custom)
2022-06-21 13:52:40,061 [pool-96-thread-1] INFO  server.RaftServerConfigKeys (ConfUtils.java:logGet(46)) - raft.server.log.statemachine.data.read.timeout = 1000ms (default)
2022-06-21 13:52:40,062 [pool-96-thread-1] INFO  server.RaftServerConfigKeys (ConfUtils.java:logGet(46)) - raft.server.log.segment.size.max = 1048576 (custom)
2022-06-21 13:52:40,066 [EventQueue-PipelineReportForPipelineReportHandler] INFO  pipeline.PipelineManagerImpl (PipelineManagerImpl.java:openPipeline(356)) - Pipeline Pipeline[ Id: 9f611df5-305c-45c4-9013-589ddc039094, Nodes: dfa3a740-454f-4489-b3be-017282a57706{ip: 10.1.0.15, host: fv-az194-567.vahfjs35atkulmpwh5ujf4txfe.jx.internal.cloudapp.net, ports: [REPLICATION=37027, RATIS=41741, RATIS_ADMIN=41741, RATIS_SERVER=41741, STANDALONE=42827], networkLocation: /default-rack, certSerialId: null, persistedOpState: IN_SERVICE, persistedOpStateExpiryEpochSec: 0}, ReplicationConfig: RATIS/ONE, State:ALLOCATED, leaderId:dfa3a740-454f-4489-b3be-017282a57706, CreationTimestamp2022-06-21T13:52:37.053Z[Etc/UTC]] moved to OPEN state
2022-06-21 13:52:40,066 [EventQueue-OpenPipelineForHealthyPipelineSafeModeRule] INFO  safemode.SCMSafeModeManager (HealthyPipelineSafeModeRule.java:process(124)) - SCM in safe mode. Healthy pipelines reported count is 0, required healthy pipeline reported count is 1
2022-06-21 13:52:40,067 [pool-96-thread-1] INFO  server.RaftServerConfigKeys (ConfUtils.java:logGet(46)) - raft.server.log.segment.cache.num.max = 2 (custom)
2022-06-21 13:52:40,068 [pool-96-thread-1] INFO  server.RaftServerConfigKeys (ConfUtils.java:logGet(46)) - raft.server.log.segment.cache.size.max = 200MB (=209715200) (default)
2022-06-21 13:52:40,068 [pool-96-thread-1] INFO  segmented.SegmentedRaftLogWorker (SegmentedRaftLogWorker.java:<init>(187)) - new dfa3a740-454f-4489-b3be-017282a57706@group-589DDC039094-SegmentedRaftLogWorker for RaftStorageImpl:Storage Directory /home/runner/work/ozone/ozone/hadoop-ozone/integration-test/target/test-dir/MiniOzoneClusterImpl-e16419ed-4a79-4c69-a384-d99db5bfc06c/datanode-1/data/ratis/9f611df5-305c-45c4-9013-589ddc039094
2022-06-21 13:52:40,068 [pool-96-thread-1] INFO  server.RaftServerConfigKeys (ConfUtils.java:logGet(46)) - raft.server.log.queue.byte-limit = 4294967296 (custom)
2022-06-21 13:52:40,068 [pool-96-thread-1] INFO  server.RaftServerConfigKeys (ConfUtils.java:logGet(46)) - raft.server.log.queue.element-limit = 1024 (custom)
2022-06-21 13:52:40,068 [pool-96-thread-1] INFO  server.RaftServerConfigKeys (ConfUtils.java:logGet(46)) - raft.server.log.segment.size.max = 1048576 (custom)
2022-06-21 13:52:40,068 [pool-96-thread-1] INFO  server.RaftServerConfigKeys (ConfUtils.java:logGet(46)) - raft.server.log.preallocated.size = 16384 (custom)
2022-06-21 13:52:40,068 [pool-96-thread-1] INFO  server.RaftServerConfigKeys (ConfUtils.java:logGet(46)) - raft.server.log.force.sync.num = 128 (default)
2022-06-21 13:52:40,068 [pool-96-thread-1] INFO  server.RaftServerConfigKeys (ConfUtils.java:logGet(46)) - raft.server.log.statemachine.data.sync = true (default)
2022-06-21 13:52:40,068 [pool-96-thread-1] INFO  server.RaftServerConfigKeys (ConfUtils.java:logGet(46)) - raft.server.log.statemachine.data.sync.timeout = 10s (default)
2022-06-21 13:52:40,068 [pool-96-thread-1] INFO  server.RaftServerConfigKeys (ConfUtils.java:logGet(46)) - raft.server.log.statemachine.data.sync.timeout.retry = -1 (default)
2022-06-21 13:52:40,070 [pool-96-thread-1] INFO  server.RaftServerConfigKeys (ConfUtils.java:logGet(46)) - raft.server.log.write.buffer.size = 1048576 (custom)
2022-06-21 13:52:40,070 [pool-96-thread-1] INFO  server.RaftServerConfigKeys (ConfUtils.java:logGet(46)) - raft.server.log.unsafe-flush.enabled = false (default)
2022-06-21 13:52:40,070 [pool-96-thread-1] INFO  server.RaftServerConfigKeys (ConfUtils.java:logGet(46)) - raft.server.log.statemachine.data.caching.enabled = true (custom)
2022-06-21 13:52:40,070 [pool-96-thread-1] INFO  segmented.SegmentedRaftLogWorker (SegmentedRaftLogWorker.java:lambda$new$0(135)) - dfa3a740-454f-4489-b3be-017282a57706@group-589DDC039094-SegmentedRaftLogWorker: flushIndex: setUnconditionally 0 -> -1
2022-06-21 13:52:40,070 [pool-96-thread-1] INFO  segmented.SegmentedRaftLogWorker (SegmentedRaftLogWorker.java:lambda$new$0(135)) - dfa3a740-454f-4489-b3be-017282a57706@group-589DDC039094-SegmentedRaftLogWorker: safeCacheEvictIndex: setUnconditionally 0 -> -1
2022-06-21 13:52:40,074 [pool-96-thread-1] INFO  server.RaftServerConfigKeys (ConfUtils.java:logGet(46)) - raft.server.snapshot.auto.trigger.enabled = true (custom)
2022-06-21 13:52:40,075 [pool-96-thread-1] INFO  server.RaftServerConfigKeys (ConfUtils.java:logGet(46)) - raft.server.snapshot.auto.trigger.threshold = 10000 (custom)
2022-06-21 13:52:40,075 [pool-96-thread-1] INFO  server.RaftServerConfigKeys (ConfUtils.java:logGet(46)) - raft.server.snapshot.retention.file.num = 5 (custom)
2022-06-21 13:52:40,075 [pool-96-thread-1] INFO  server.RaftServerConfigKeys (ConfUtils.java:logGet(46)) - raft.server.log.purge.upto.snapshot.index = false (default)
2022-06-21 13:52:40,075 [pool-96-thread-1] INFO  server.RaftServerConfigKeys (ConfUtils.java:logGet(46)) - raft.server.retrycache.expirytime = 600000ms (custom)
2022-06-21 13:52:40,075 [pool-96-thread-1] INFO  server.RaftServerConfigKeys (ConfUtils.java:logGet(46)) - raft.server.retrycache.statistics.expirytime = 100μs (default)
2022-06-21 13:52:40,077 [pool-96-thread-1] INFO  server.RaftServerConfigKeys (ConfUtils.java:logGet(46)) - raft.server.log.appender.install.snapshot.enabled = false (custom)
2022-06-21 13:52:40,077 [pool-96-thread-1] INFO  server.RaftServerConfigKeys (ConfUtils.java:logGet(46)) - raft.server.threadpool.server.cached = true (default)
2022-06-21 13:52:40,077 [pool-96-thread-1] INFO  server.RaftServerConfigKeys (ConfUtils.java:logGet(46)) - raft.server.threadpool.server.size = 0 (default)
2022-06-21 13:52:40,077 [pool-96-thread-1] INFO  server.RaftServerConfigKeys (ConfUtils.java:logGet(46)) - raft.server.threadpool.client.cached = true (default)
2022-06-21 13:52:40,077 [pool-96-thread-1] INFO  server.RaftServerConfigKeys (ConfUtils.java:logGet(46)) - raft.server.threadpool.client.size = 0 (default)
2022-06-21 13:52:40,077 [pool-96-thread-1] INFO  server.RaftServer$Division (RaftServerImpl.java:start(310)) - dfa3a740-454f-4489-b3be-017282a57706@group-589DDC039094: start as a follower, conf=-1: [dfa3a740-454f-4489-b3be-017282a57706|rpc:10.1.0.15:41741|priority:1], old=null
2022-06-21 13:52:40,077 [pool-96-thread-1] INFO  server.RaftServer$Division (RaftServerImpl.java:setRole(299)) - dfa3a740-454f-4489-b3be-017282a57706@group-589DDC039094: changes role from      null to FOLLOWER at term 0 for startAsFollower
2022-06-21 13:52:40,077 [pool-96-thread-1] INFO  impl.RoleInfo (RoleInfo.java:updateAndGet(139)) - dfa3a740-454f-4489-b3be-017282a57706: start dfa3a740-454f-4489-b3be-017282a57706@group-589DDC039094-FollowerState
2022-06-21 13:52:40,081 [pool-96-thread-1] INFO  util.JmxRegister (JmxRegister.java:tryRegister(44)) - Successfully registered JMX Bean with object name Ratis:service=RaftServer,group=group-589DDC039094,id=dfa3a740-454f-4489-b3be-017282a57706
2022-06-21 13:52:40,083 [Command processor thread] INFO  ratis.XceiverServerRatis (XceiverServerRatis.java:addGroup(765)) - Created group PipelineID=9f611df5-305c-45c4-9013-589ddc039094
2022-06-21 13:52:40,083 [Command processor thread] INFO  commandhandler.CreatePipelineCommandHandler (CreatePipelineCommandHandler.java:handle(113)) - Created Pipeline RATIS ONE PipelineID=9f611df5-305c-45c4-9013-589ddc039094.
2022-06-21 13:52:40,083 [Command processor thread] INFO  server.RaftServer (RaftServerProxy.java:addNew(96)) - dfa3a740-454f-4489-b3be-017282a57706: addNew group-0F5A7F649100:[dfa3a740-454f-4489-b3be-017282a57706|rpc:10.1.0.15:41741|priority:0, d0cd1932-8d4e-4243-b37a-4fe60b6778b1|rpc:10.1.0.15:42757|priority:1, d64d628d-84bc-46a4-b938-9b06d3101fa8|rpc:10.1.0.15:45443|priority:0] returns group-0F5A7F649100:java.util.concurrent.CompletableFuture@2ee44ba5[Not completed]
2022-06-21 13:52:40,084 [pool-96-thread-1] INFO  server.RaftServer$Division (RaftServerImpl.java:<init>(190)) - dfa3a740-454f-4489-b3be-017282a57706: new RaftServerImpl for group-0F5A7F649100:[dfa3a740-454f-4489-b3be-017282a57706|rpc:10.1.0.15:41741|priority:0, d0cd1932-8d4e-4243-b37a-4fe60b6778b1|rpc:10.1.0.15:42757|priority:1, d64d628d-84bc-46a4-b938-9b06d3101fa8|rpc:10.1.0.15:45443|priority:0] with ContainerStateMachine:uninitialized
2022-06-21 13:52:40,084 [pool-96-thread-1] INFO  server.RaftServerConfigKeys (ConfUtils.java:logGet(46)) - raft.server.rpc.timeout.min = 5s (custom)
2022-06-21 13:52:40,084 [pool-96-thread-1] INFO  server.RaftServerConfigKeys (ConfUtils.java:logGet(46)) - raft.server.rpc.timeout.max = 5200ms (custom)
2022-06-21 13:52:40,084 [pool-96-thread-1] INFO  server.RaftServerConfigKeys (ConfUtils.java:logGet(46)) - raft.server.rpc.sleep.time = 25ms (default)
2022-06-21 13:52:40,084 [pool-96-thread-1] INFO  server.RaftServerConfigKeys (ConfUtils.java:logGet(46)) - raft.server.rpc.slowness.timeout = 300s (custom)
2022-06-21 13:52:40,084 [pool-96-thread-1] INFO  server.RaftServerConfigKeys (ConfUtils.java:logGet(46)) - raft.server.leaderelection.leader.step-down.wait-time = 10s (default)
2022-06-21 13:52:40,084 [pool-96-thread-1] INFO  server.RaftServerConfigKeys (ConfUtils.java:logGet(46)) - raft.server.sleep.deviation.threshold = 300ms (default)
2022-06-21 13:52:40,084 [pool-96-thread-1] INFO  server.RaftServer$Division (ServerState.java:<init>(107)) - dfa3a740-454f-4489-b3be-017282a57706@group-0F5A7F649100: ConfigurationManager, init=-1: [dfa3a740-454f-4489-b3be-017282a57706|rpc:10.1.0.15:41741|priority:0, d0cd1932-8d4e-4243-b37a-4fe60b6778b1|rpc:10.1.0.15:42757|priority:1, d64d628d-84bc-46a4-b938-9b06d3101fa8|rpc:10.1.0.15:45443|priority:0], old=null, confs=<EMPTY_MAP>
2022-06-21 13:52:40,084 [pool-96-thread-1] INFO  server.RaftServerConfigKeys (ConfUtils.java:logGet(46)) - raft.server.storage.dir = [/home/runner/work/ozone/ozone/hadoop-ozone/integration-test/target/test-dir/MiniOzoneClusterImpl-e16419ed-4a79-4c69-a384-d99db5bfc06c/datanode-1/data/ratis] (custom)
2022-06-21 13:52:40,084 [pool-96-thread-1] INFO  server.RaftServerConfigKeys (ConfUtils.java:logGet(46)) - raft.server.log.corruption.policy = EXCEPTION (default)
2022-06-21 13:52:40,084 [pool-96-thread-1] INFO  server.RaftServerConfigKeys (ConfUtils.java:logGet(46)) - raft.server.storage.free-space.min = 0MB (=0) (default)
2022-06-21 13:52:40,084 [pool-96-thread-1] INFO  storage.RaftStorageDirectory (RaftStorageDirectoryImpl.java:analyzeStorage(135)) - The storage directory /home/runner/work/ozone/ozone/hadoop-ozone/integration-test/target/test-dir/MiniOzoneClusterImpl-e16419ed-4a79-4c69-a384-d99db5bfc06c/datanode-1/data/ratis/7204125f-8992-4c34-a8e8-0f5a7f649100 does not exist. Creating ...
2022-06-21 13:52:40,086 [pool-96-thread-1] INFO  storage.RaftStorageDirectory (RaftStorageDirectoryImpl.java:tryLock(230)) - Lock on /home/runner/work/ozone/ozone/hadoop-ozone/integration-test/target/test-dir/MiniOzoneClusterImpl-e16419ed-4a79-4c69-a384-d99db5bfc06c/datanode-1/data/ratis/7204125f-8992-4c34-a8e8-0f5a7f649100/in_use.lock acquired by nodename 17605@fv-az194-567
2022-06-21 13:52:40,087 [pool-96-thread-1] INFO  storage.RaftStorage (RaftStorageImpl.java:format(89)) - Storage directory /home/runner/work/ozone/ozone/hadoop-ozone/integration-test/target/test-dir/MiniOzoneClusterImpl-e16419ed-4a79-4c69-a384-d99db5bfc06c/datanode-1/data/ratis/7204125f-8992-4c34-a8e8-0f5a7f649100 has been successfully formatted.
2022-06-21 13:52:40,088 [pool-96-thread-1] INFO  ratis.ContainerStateMachine (ContainerStateMachine.java:loadSnapshot(236)) - group-0F5A7F649100: The snapshot info is null. Setting the last applied indexto:(t:0, i:~)
2022-06-21 13:52:40,089 [EventQueue-OpenPipelineForHealthyPipelineSafeModeRule] INFO  safemode.SCMSafeModeManager (HealthyPipelineSafeModeRule.java:process(124)) - SCM in safe mode. Healthy pipelines reported count is 0, required healthy pipeline reported count is 1
2022-06-21 13:52:40,089 [pool-96-thread-1] INFO  server.RaftServerConfigKeys (ConfUtils.java:logGet(46)) - raft.server.notification.no-leader.timeout = 300s (custom)
2022-06-21 13:52:40,089 [pool-96-thread-1] INFO  server.RaftServerConfigKeys (ConfUtils.java:logGet(46)) - raft.server.log.use.memory = false (default)
2022-06-21 13:52:40,089 [pool-96-thread-1] INFO  server.RaftServerConfigKeys (ConfUtils.java:logGet(46)) - raft.server.log.purge.gap = 1000000 (custom)
2022-06-21 13:52:40,089 [pool-96-thread-1] INFO  server.RaftServerConfigKeys (ConfUtils.java:logGet(46)) - raft.server.log.appender.buffer.byte-limit = 33554432 (custom)
2022-06-21 13:52:40,089 [pool-96-thread-1] INFO  server.RaftServerConfigKeys (ConfUtils.java:logGet(46)) - raft.server.log.statemachine.data.read.timeout = 1000ms (default)
2022-06-21 13:52:40,089 [pool-96-thread-1] INFO  server.RaftServerConfigKeys (ConfUtils.java:logGet(46)) - raft.server.log.segment.size.max = 1048576 (custom)
2022-06-21 13:52:40,090 [pool-96-thread-1] INFO  server.RaftServerConfigKeys (ConfUtils.java:logGet(46)) - raft.server.log.segment.cache.num.max = 2 (custom)
2022-06-21 13:52:40,090 [pool-96-thread-1] INFO  server.RaftServerConfigKeys (ConfUtils.java:logGet(46)) - raft.server.log.segment.cache.size.max = 200MB (=209715200) (default)
2022-06-21 13:52:40,090 [pool-96-thread-1] INFO  segmented.SegmentedRaftLogWorker (SegmentedRaftLogWorker.java:<init>(187)) - new dfa3a740-454f-4489-b3be-017282a57706@group-0F5A7F649100-SegmentedRaftLogWorker for RaftStorageImpl:Storage Directory /home/runner/work/ozone/ozone/hadoop-ozone/integration-test/target/test-dir/MiniOzoneClusterImpl-e16419ed-4a79-4c69-a384-d99db5bfc06c/datanode-1/data/ratis/7204125f-8992-4c34-a8e8-0f5a7f649100
2022-06-21 13:52:40,090 [pool-96-thread-1] INFO  server.RaftServerConfigKeys (ConfUtils.java:logGet(46)) - raft.server.log.queue.byte-limit = 4294967296 (custom)
2022-06-21 13:52:40,090 [pool-96-thread-1] INFO  server.RaftServerConfigKeys (ConfUtils.java:logGet(46)) - raft.server.log.queue.element-limit = 1024 (custom)
2022-06-21 13:52:40,090 [pool-96-thread-1] INFO  server.RaftServerConfigKeys (ConfUtils.java:logGet(46)) - raft.server.log.segment.size.max = 1048576 (custom)
2022-06-21 13:52:40,090 [pool-96-thread-1] INFO  server.RaftServerConfigKeys (ConfUtils.java:logGet(46)) - raft.server.log.preallocated.size = 16384 (custom)
2022-06-21 13:52:40,090 [pool-96-thread-1] INFO  server.RaftServerConfigKeys (ConfUtils.java:logGet(46)) - raft.server.log.force.sync.num = 128 (default)
2022-06-21 13:52:40,090 [pool-96-thread-1] INFO  server.RaftServerConfigKeys (ConfUtils.java:logGet(46)) - raft.server.log.statemachine.data.sync = true (default)
2022-06-21 13:52:40,090 [pool-96-thread-1] INFO  server.RaftServerConfigKeys (ConfUtils.java:logGet(46)) - raft.server.log.statemachine.data.sync.timeout = 10s (default)
2022-06-21 13:52:40,090 [pool-96-thread-1] INFO  server.RaftServerConfigKeys (ConfUtils.java:logGet(46)) - raft.server.log.statemachine.data.sync.timeout.retry = -1 (default)
2022-06-21 13:52:40,091 [pool-96-thread-1] INFO  server.RaftServerConfigKeys (ConfUtils.java:logGet(46)) - raft.server.log.write.buffer.size = 1048576 (custom)
2022-06-21 13:52:40,091 [pool-96-thread-1] INFO  server.RaftServerConfigKeys (ConfUtils.java:logGet(46)) - raft.server.log.unsafe-flush.enabled = false (default)
2022-06-21 13:52:40,091 [pool-96-thread-1] INFO  server.RaftServerConfigKeys (ConfUtils.java:logGet(46)) - raft.server.log.statemachine.data.caching.enabled = true (custom)
2022-06-21 13:52:40,091 [pool-96-thread-1] INFO  segmented.SegmentedRaftLogWorker (SegmentedRaftLogWorker.java:lambda$new$0(135)) - dfa3a740-454f-4489-b3be-017282a57706@group-0F5A7F649100-SegmentedRaftLogWorker: flushIndex: setUnconditionally 0 -> -1
2022-06-21 13:52:40,092 [pool-96-thread-1] INFO  segmented.SegmentedRaftLogWorker (SegmentedRaftLogWorker.java:lambda$new$0(135)) - dfa3a740-454f-4489-b3be-017282a57706@group-0F5A7F649100-SegmentedRaftLogWorker: safeCacheEvictIndex: setUnconditionally 0 -> -1
2022-06-21 13:52:40,099 [pool-96-thread-1] INFO  server.RaftServerConfigKeys (ConfUtils.java:logGet(46)) - raft.server.snapshot.auto.trigger.enabled = true (custom)
2022-06-21 13:52:40,099 [pool-96-thread-1] INFO  server.RaftServerConfigKeys (ConfUtils.java:logGet(46)) - raft.server.snapshot.auto.trigger.threshold = 10000 (custom)
2022-06-21 13:52:40,099 [pool-96-thread-1] INFO  server.RaftServerConfigKeys (ConfUtils.java:logGet(46)) - raft.server.snapshot.retention.file.num = 5 (custom)
2022-06-21 13:52:40,099 [pool-96-thread-1] INFO  server.RaftServerConfigKeys (ConfUtils.java:logGet(46)) - raft.server.log.purge.upto.snapshot.index = false (default)
2022-06-21 13:52:40,099 [pool-96-thread-1] INFO  server.RaftServerConfigKeys (ConfUtils.java:logGet(46)) - raft.server.retrycache.expirytime = 600000ms (custom)
2022-06-21 13:52:40,099 [pool-96-thread-1] INFO  server.RaftServerConfigKeys (ConfUtils.java:logGet(46)) - raft.server.retrycache.statistics.expirytime = 100μs (default)
2022-06-21 13:52:40,100 [pool-96-thread-1] INFO  server.RaftServerConfigKeys (ConfUtils.java:logGet(46)) - raft.server.log.appender.install.snapshot.enabled = false (custom)
2022-06-21 13:52:40,100 [pool-96-thread-1] INFO  server.RaftServerConfigKeys (ConfUtils.java:logGet(46)) - raft.server.threadpool.server.cached = true (default)
2022-06-21 13:52:40,100 [pool-96-thread-1] INFO  server.RaftServerConfigKeys (ConfUtils.java:logGet(46)) - raft.server.threadpool.server.size = 0 (default)
2022-06-21 13:52:40,100 [pool-96-thread-1] INFO  server.RaftServerConfigKeys (ConfUtils.java:logGet(46)) - raft.server.threadpool.client.cached = true (default)
2022-06-21 13:52:40,100 [pool-96-thread-1] INFO  server.RaftServerConfigKeys (ConfUtils.java:logGet(46)) - raft.server.threadpool.client.size = 0 (default)
2022-06-21 13:52:40,101 [pool-96-thread-1] INFO  server.RaftServer$Division (RaftServerImpl.java:start(310)) - dfa3a740-454f-4489-b3be-017282a57706@group-0F5A7F649100: start as a follower, conf=-1: [dfa3a740-454f-4489-b3be-017282a57706|rpc:10.1.0.15:41741|priority:0, d0cd1932-8d4e-4243-b37a-4fe60b6778b1|rpc:10.1.0.15:42757|priority:1, d64d628d-84bc-46a4-b938-9b06d3101fa8|rpc:10.1.0.15:45443|priority:0], old=null
2022-06-21 13:52:40,101 [pool-96-thread-1] INFO  server.RaftServer$Division (RaftServerImpl.java:setRole(299)) - dfa3a740-454f-4489-b3be-017282a57706@group-0F5A7F649100: changes role from      null to FOLLOWER at term 0 for startAsFollower
2022-06-21 13:52:40,101 [pool-96-thread-1] INFO  impl.RoleInfo (RoleInfo.java:updateAndGet(139)) - dfa3a740-454f-4489-b3be-017282a57706: start dfa3a740-454f-4489-b3be-017282a57706@group-0F5A7F649100-FollowerState
2022-06-21 13:52:40,104 [pool-96-thread-1] INFO  util.JmxRegister (JmxRegister.java:tryRegister(44)) - Successfully registered JMX Bean with object name Ratis:service=RaftServer,group=group-0F5A7F649100,id=dfa3a740-454f-4489-b3be-017282a57706
2022-06-21 13:52:40,110 [Command processor thread] INFO  ratis.XceiverServerRatis (XceiverServerRatis.java:addGroup(765)) - Created group PipelineID=7204125f-8992-4c34-a8e8-0f5a7f649100
2022-06-21 13:52:40,195 [grpc-default-executor-0] INFO  server.RaftServer (RaftServerProxy.java:addNew(96)) - d64d628d-84bc-46a4-b938-9b06d3101fa8: addNew group-0F5A7F649100:[dfa3a740-454f-4489-b3be-017282a57706|rpc:10.1.0.15:41741|dataStream:|priority:0, d0cd1932-8d4e-4243-b37a-4fe60b6778b1|rpc:10.1.0.15:42757|dataStream:|priority:1, d64d628d-84bc-46a4-b938-9b06d3101fa8|rpc:10.1.0.15:45443|dataStream:|priority:0] returns group-0F5A7F649100:java.util.concurrent.CompletableFuture@1681a67[Not completed]
2022-06-21 13:52:40,197 [pool-119-thread-1] INFO  server.RaftServer$Division (RaftServerImpl.java:<init>(190)) - d64d628d-84bc-46a4-b938-9b06d3101fa8: new RaftServerImpl for group-0F5A7F649100:[dfa3a740-454f-4489-b3be-017282a57706|rpc:10.1.0.15:41741|dataStream:|priority:0, d0cd1932-8d4e-4243-b37a-4fe60b6778b1|rpc:10.1.0.15:42757|dataStream:|priority:1, d64d628d-84bc-46a4-b938-9b06d3101fa8|rpc:10.1.0.15:45443|dataStream:|priority:0] with ContainerStateMachine:uninitialized
2022-06-21 13:52:40,197 [pool-119-thread-1] INFO  server.RaftServerConfigKeys (ConfUtils.java:logGet(46)) - raft.server.rpc.timeout.min = 5s (custom)
2022-06-21 13:52:40,197 [pool-119-thread-1] INFO  server.RaftServerConfigKeys (ConfUtils.java:logGet(46)) - raft.server.rpc.timeout.max = 5200ms (custom)
2022-06-21 13:52:40,197 [pool-119-thread-1] INFO  server.RaftServerConfigKeys (ConfUtils.java:logGet(46)) - raft.server.rpc.sleep.time = 25ms (default)
2022-06-21 13:52:40,197 [pool-119-thread-1] INFO  server.RaftServerConfigKeys (ConfUtils.java:logGet(46)) - raft.server.rpc.slowness.timeout = 300s (custom)
2022-06-21 13:52:40,197 [pool-119-thread-1] INFO  server.RaftServerConfigKeys (ConfUtils.java:logGet(46)) - raft.server.leaderelection.leader.step-down.wait-time = 10s (default)
2022-06-21 13:52:40,197 [pool-119-thread-1] INFO  server.RaftServerConfigKeys (ConfUtils.java:logGet(46)) - raft.server.sleep.deviation.threshold = 300ms (default)
2022-06-21 13:52:40,197 [pool-119-thread-1] INFO  server.RaftServer$Division (ServerState.java:<init>(107)) - d64d628d-84bc-46a4-b938-9b06d3101fa8@group-0F5A7F649100: ConfigurationManager, init=-1: [dfa3a740-454f-4489-b3be-017282a57706|rpc:10.1.0.15:41741|dataStream:|priority:0, d0cd1932-8d4e-4243-b37a-4fe60b6778b1|rpc:10.1.0.15:42757|dataStream:|priority:1, d64d628d-84bc-46a4-b938-9b06d3101fa8|rpc:10.1.0.15:45443|dataStream:|priority:0], old=null, confs=<EMPTY_MAP>
2022-06-21 13:52:40,197 [pool-119-thread-1] INFO  server.RaftServerConfigKeys (ConfUtils.java:logGet(46)) - raft.server.storage.dir = [/home/runner/work/ozone/ozone/hadoop-ozone/integration-test/target/test-dir/MiniOzoneClusterImpl-e16419ed-4a79-4c69-a384-d99db5bfc06c/datanode-2/data/ratis] (custom)
2022-06-21 13:52:40,197 [pool-119-thread-1] INFO  server.RaftServerConfigKeys (ConfUtils.java:logGet(46)) - raft.server.log.corruption.policy = EXCEPTION (default)
2022-06-21 13:52:40,197 [pool-119-thread-1] INFO  server.RaftServerConfigKeys (ConfUtils.java:logGet(46)) - raft.server.storage.free-space.min = 0MB (=0) (default)
2022-06-21 13:52:40,197 [pool-119-thread-1] INFO  storage.RaftStorageDirectory (RaftStorageDirectoryImpl.java:analyzeStorage(135)) - The storage directory /home/runner/work/ozone/ozone/hadoop-ozone/integration-test/target/test-dir/MiniOzoneClusterImpl-e16419ed-4a79-4c69-a384-d99db5bfc06c/datanode-2/data/ratis/7204125f-8992-4c34-a8e8-0f5a7f649100 does not exist. Creating ...
2022-06-21 13:52:40,200 [pool-119-thread-1] INFO  storage.RaftStorageDirectory (RaftStorageDirectoryImpl.java:tryLock(230)) - Lock on /home/runner/work/ozone/ozone/hadoop-ozone/integration-test/target/test-dir/MiniOzoneClusterImpl-e16419ed-4a79-4c69-a384-d99db5bfc06c/datanode-2/data/ratis/7204125f-8992-4c34-a8e8-0f5a7f649100/in_use.lock acquired by nodename 17605@fv-az194-567
2022-06-21 13:52:40,202 [pool-119-thread-1] INFO  storage.RaftStorage (RaftStorageImpl.java:format(89)) - Storage directory /home/runner/work/ozone/ozone/hadoop-ozone/integration-test/target/test-dir/MiniOzoneClusterImpl-e16419ed-4a79-4c69-a384-d99db5bfc06c/datanode-2/data/ratis/7204125f-8992-4c34-a8e8-0f5a7f649100 has been successfully formatted.
2022-06-21 13:52:40,202 [pool-119-thread-1] INFO  ratis.ContainerStateMachine (ContainerStateMachine.java:loadSnapshot(236)) - group-0F5A7F649100: The snapshot info is null. Setting the last applied indexto:(t:0, i:~)
2022-06-21 13:52:40,207 [pool-119-thread-1] INFO  server.RaftServerConfigKeys (ConfUtils.java:logGet(46)) - raft.server.notification.no-leader.timeout = 300s (custom)
2022-06-21 13:52:40,207 [pool-119-thread-1] INFO  server.RaftServerConfigKeys (ConfUtils.java:logGet(46)) - raft.server.log.use.memory = false (default)
2022-06-21 13:52:40,207 [pool-119-thread-1] INFO  server.RaftServerConfigKeys (ConfUtils.java:logGet(46)) - raft.server.log.purge.gap = 1000000 (custom)
2022-06-21 13:52:40,207 [pool-119-thread-1] INFO  server.RaftServerConfigKeys (ConfUtils.java:logGet(46)) - raft.server.log.appender.buffer.byte-limit = 33554432 (custom)
2022-06-21 13:52:40,207 [pool-119-thread-1] INFO  server.RaftServerConfigKeys (ConfUtils.java:logGet(46)) - raft.server.log.statemachine.data.read.timeout = 1000ms (default)
2022-06-21 13:52:40,207 [pool-119-thread-1] INFO  server.RaftServerConfigKeys (ConfUtils.java:logGet(46)) - raft.server.log.segment.size.max = 1048576 (custom)
2022-06-21 13:52:40,208 [pool-119-thread-1] INFO  server.RaftServerConfigKeys (ConfUtils.java:logGet(46)) - raft.server.log.segment.cache.num.max = 2 (custom)
2022-06-21 13:52:40,208 [pool-119-thread-1] INFO  server.RaftServerConfigKeys (ConfUtils.java:logGet(46)) - raft.server.log.segment.cache.size.max = 200MB (=209715200) (default)
2022-06-21 13:52:40,208 [pool-119-thread-1] INFO  segmented.SegmentedRaftLogWorker (SegmentedRaftLogWorker.java:<init>(187)) - new d64d628d-84bc-46a4-b938-9b06d3101fa8@group-0F5A7F649100-SegmentedRaftLogWorker for RaftStorageImpl:Storage Directory /home/runner/work/ozone/ozone/hadoop-ozone/integration-test/target/test-dir/MiniOzoneClusterImpl-e16419ed-4a79-4c69-a384-d99db5bfc06c/datanode-2/data/ratis/7204125f-8992-4c34-a8e8-0f5a7f649100
2022-06-21 13:52:40,208 [pool-119-thread-1] INFO  server.RaftServerConfigKeys (ConfUtils.java:logGet(46)) - raft.server.log.queue.byte-limit = 4294967296 (custom)
2022-06-21 13:52:40,208 [pool-119-thread-1] INFO  server.RaftServerConfigKeys (ConfUtils.java:logGet(46)) - raft.server.log.queue.element-limit = 1024 (custom)
2022-06-21 13:52:40,208 [pool-119-thread-1] INFO  server.RaftServerConfigKeys (ConfUtils.java:logGet(46)) - raft.server.log.segment.size.max = 1048576 (custom)
2022-06-21 13:52:40,208 [pool-119-thread-1] INFO  server.RaftServerConfigKeys (ConfUtils.java:logGet(46)) - raft.server.log.preallocated.size = 16384 (custom)
2022-06-21 13:52:40,208 [pool-119-thread-1] INFO  server.RaftServerConfigKeys (ConfUtils.java:logGet(46)) - raft.server.log.force.sync.num = 128 (default)
2022-06-21 13:52:40,208 [pool-119-thread-1] INFO  server.RaftServerConfigKeys (ConfUtils.java:logGet(46)) - raft.server.log.statemachine.data.sync = true (default)
2022-06-21 13:52:40,208 [pool-119-thread-1] INFO  server.RaftServerConfigKeys (ConfUtils.java:logGet(46)) - raft.server.log.statemachine.data.sync.timeout = 10s (default)
2022-06-21 13:52:40,208 [pool-119-thread-1] INFO  server.RaftServerConfigKeys (ConfUtils.java:logGet(46)) - raft.server.log.statemachine.data.sync.timeout.retry = -1 (default)
2022-06-21 13:52:40,209 [pool-119-thread-1] INFO  server.RaftServerConfigKeys (ConfUtils.java:logGet(46)) - raft.server.log.write.buffer.size = 1048576 (custom)
2022-06-21 13:52:40,209 [pool-119-thread-1] INFO  server.RaftServerConfigKeys (ConfUtils.java:logGet(46)) - raft.server.log.unsafe-flush.enabled = false (default)
2022-06-21 13:52:40,209 [pool-119-thread-1] INFO  server.RaftServerConfigKeys (ConfUtils.java:logGet(46)) - raft.server.log.statemachine.data.caching.enabled = true (custom)
2022-06-21 13:52:40,209 [pool-119-thread-1] INFO  segmented.SegmentedRaftLogWorker (SegmentedRaftLogWorker.java:lambda$new$0(135)) - d64d628d-84bc-46a4-b938-9b06d3101fa8@group-0F5A7F649100-SegmentedRaftLogWorker: flushIndex: setUnconditionally 0 -> -1
2022-06-21 13:52:40,209 [pool-119-thread-1] INFO  segmented.SegmentedRaftLogWorker (SegmentedRaftLogWorker.java:lambda$new$0(135)) - d64d628d-84bc-46a4-b938-9b06d3101fa8@group-0F5A7F649100-SegmentedRaftLogWorker: safeCacheEvictIndex: setUnconditionally 0 -> -1
2022-06-21 13:52:40,216 [pool-119-thread-1] INFO  server.RaftServerConfigKeys (ConfUtils.java:logGet(46)) - raft.server.snapshot.auto.trigger.enabled = true (custom)
2022-06-21 13:52:40,216 [pool-119-thread-1] INFO  server.RaftServerConfigKeys (ConfUtils.java:logGet(46)) - raft.server.snapshot.auto.trigger.threshold = 10000 (custom)
2022-06-21 13:52:40,216 [pool-119-thread-1] INFO  server.RaftServerConfigKeys (ConfUtils.java:logGet(46)) - raft.server.snapshot.retention.file.num = 5 (custom)
2022-06-21 13:52:40,216 [pool-119-thread-1] INFO  server.RaftServerConfigKeys (ConfUtils.java:logGet(46)) - raft.server.log.purge.upto.snapshot.index = false (default)
2022-06-21 13:52:40,216 [pool-119-thread-1] INFO  server.RaftServerConfigKeys (ConfUtils.java:logGet(46)) - raft.server.retrycache.expirytime = 600000ms (custom)
2022-06-21 13:52:40,216 [pool-119-thread-1] INFO  server.RaftServerConfigKeys (ConfUtils.java:logGet(46)) - raft.server.retrycache.statistics.expirytime = 100μs (default)
2022-06-21 13:52:40,220 [pool-119-thread-1] INFO  server.RaftServerConfigKeys (ConfUtils.java:logGet(46)) - raft.server.log.appender.install.snapshot.enabled = false (custom)
2022-06-21 13:52:40,220 [pool-119-thread-1] INFO  server.RaftServerConfigKeys (ConfUtils.java:logGet(46)) - raft.server.threadpool.server.cached = true (default)
2022-06-21 13:52:40,220 [pool-119-thread-1] INFO  server.RaftServerConfigKeys (ConfUtils.java:logGet(46)) - raft.server.threadpool.server.size = 0 (default)
2022-06-21 13:52:40,220 [pool-119-thread-1] INFO  server.RaftServerConfigKeys (ConfUtils.java:logGet(46)) - raft.server.threadpool.client.cached = true (default)
2022-06-21 13:52:40,220 [pool-119-thread-1] INFO  server.RaftServerConfigKeys (ConfUtils.java:logGet(46)) - raft.server.threadpool.client.size = 0 (default)
2022-06-21 13:52:40,220 [pool-119-thread-1] INFO  server.RaftServer$Division (RaftServerImpl.java:start(310)) - d64d628d-84bc-46a4-b938-9b06d3101fa8@group-0F5A7F649100: start as a follower, conf=-1: [dfa3a740-454f-4489-b3be-017282a57706|rpc:10.1.0.15:41741|dataStream:|priority:0, d0cd1932-8d4e-4243-b37a-4fe60b6778b1|rpc:10.1.0.15:42757|dataStream:|priority:1, d64d628d-84bc-46a4-b938-9b06d3101fa8|rpc:10.1.0.15:45443|dataStream:|priority:0], old=null
2022-06-21 13:52:40,220 [pool-119-thread-1] INFO  server.RaftServer$Division (RaftServerImpl.java:setRole(299)) - d64d628d-84bc-46a4-b938-9b06d3101fa8@group-0F5A7F649100: changes role from      null to FOLLOWER at term 0 for startAsFollower
2022-06-21 13:52:40,220 [pool-119-thread-1] INFO  impl.RoleInfo (RoleInfo.java:updateAndGet(139)) - d64d628d-84bc-46a4-b938-9b06d3101fa8: start d64d628d-84bc-46a4-b938-9b06d3101fa8@group-0F5A7F649100-FollowerState
2022-06-21 13:52:40,220 [pool-119-thread-1] INFO  util.JmxRegister (JmxRegister.java:tryRegister(44)) - Successfully registered JMX Bean with object name Ratis:service=RaftServer,group=group-0F5A7F649100,id=d64d628d-84bc-46a4-b938-9b06d3101fa8
2022-06-21 13:52:40,325 [Command processor thread] INFO  commandhandler.CreatePipelineCommandHandler (CreatePipelineCommandHandler.java:handle(113)) - Created Pipeline RATIS THREE PipelineID=7204125f-8992-4c34-a8e8-0f5a7f649100.
2022-06-21 13:52:40,326 [Command processor thread] INFO  server.RaftServer (RaftServerProxy.java:addNew(96)) - dfa3a740-454f-4489-b3be-017282a57706: addNew group-C524617F3809:[dfa3a740-454f-4489-b3be-017282a57706|rpc:10.1.0.15:41741|priority:1, d0cd1932-8d4e-4243-b37a-4fe60b6778b1|rpc:10.1.0.15:42757|priority:0, d64d628d-84bc-46a4-b938-9b06d3101fa8|rpc:10.1.0.15:45443|priority:0] returns group-C524617F3809:java.util.concurrent.CompletableFuture@30b15e61[Not completed]
2022-06-21 13:52:40,330 [pool-96-thread-1] INFO  server.RaftServer$Division (RaftServerImpl.java:<init>(190)) - dfa3a740-454f-4489-b3be-017282a57706: new RaftServerImpl for group-C524617F3809:[dfa3a740-454f-4489-b3be-017282a57706|rpc:10.1.0.15:41741|priority:1, d0cd1932-8d4e-4243-b37a-4fe60b6778b1|rpc:10.1.0.15:42757|priority:0, d64d628d-84bc-46a4-b938-9b06d3101fa8|rpc:10.1.0.15:45443|priority:0] with ContainerStateMachine:uninitialized
2022-06-21 13:52:40,330 [pool-96-thread-1] INFO  server.RaftServerConfigKeys (ConfUtils.java:logGet(46)) - raft.server.rpc.timeout.min = 5s (custom)
2022-06-21 13:52:40,330 [pool-96-thread-1] INFO  server.RaftServerConfigKeys (ConfUtils.java:logGet(46)) - raft.server.rpc.timeout.max = 5200ms (custom)
2022-06-21 13:52:40,330 [pool-96-thread-1] INFO  server.RaftServerConfigKeys (ConfUtils.java:logGet(46)) - raft.server.rpc.sleep.time = 25ms (default)
2022-06-21 13:52:40,330 [pool-96-thread-1] INFO  server.RaftServerConfigKeys (ConfUtils.java:logGet(46)) - raft.server.rpc.slowness.timeout = 300s (custom)
2022-06-21 13:52:40,330 [pool-96-thread-1] INFO  server.RaftServerConfigKeys (ConfUtils.java:logGet(46)) - raft.server.leaderelection.leader.step-down.wait-time = 10s (default)
2022-06-21 13:52:40,330 [pool-96-thread-1] INFO  server.RaftServerConfigKeys (ConfUtils.java:logGet(46)) - raft.server.sleep.deviation.threshold = 300ms (default)
2022-06-21 13:52:40,330 [pool-96-thread-1] INFO  server.RaftServer$Division (ServerState.java:<init>(107)) - dfa3a740-454f-4489-b3be-017282a57706@group-C524617F3809: ConfigurationManager, init=-1: [dfa3a740-454f-4489-b3be-017282a57706|rpc:10.1.0.15:41741|priority:1, d0cd1932-8d4e-4243-b37a-4fe60b6778b1|rpc:10.1.0.15:42757|priority:0, d64d628d-84bc-46a4-b938-9b06d3101fa8|rpc:10.1.0.15:45443|priority:0], old=null, confs=<EMPTY_MAP>
2022-06-21 13:52:40,330 [pool-96-thread-1] INFO  server.RaftServerConfigKeys (ConfUtils.java:logGet(46)) - raft.server.storage.dir = [/home/runner/work/ozone/ozone/hadoop-ozone/integration-test/target/test-dir/MiniOzoneClusterImpl-e16419ed-4a79-4c69-a384-d99db5bfc06c/datanode-1/data/ratis] (custom)
2022-06-21 13:52:40,330 [pool-96-thread-1] INFO  server.RaftServerConfigKeys (ConfUtils.java:logGet(46)) - raft.server.log.corruption.policy = EXCEPTION (default)
2022-06-21 13:52:40,331 [pool-96-thread-1] INFO  server.RaftServerConfigKeys (ConfUtils.java:logGet(46)) - raft.server.storage.free-space.min = 0MB (=0) (default)
2022-06-21 13:52:40,331 [pool-96-thread-1] INFO  storage.RaftStorageDirectory (RaftStorageDirectoryImpl.java:analyzeStorage(135)) - The storage directory /home/runner/work/ozone/ozone/hadoop-ozone/integration-test/target/test-dir/MiniOzoneClusterImpl-e16419ed-4a79-4c69-a384-d99db5bfc06c/datanode-1/data/ratis/ec539ce4-0e7a-4a70-bae4-c524617f3809 does not exist. Creating ...
2022-06-21 13:52:40,335 [pool-96-thread-1] INFO  storage.RaftStorageDirectory (RaftStorageDirectoryImpl.java:tryLock(230)) - Lock on /home/runner/work/ozone/ozone/hadoop-ozone/integration-test/target/test-dir/MiniOzoneClusterImpl-e16419ed-4a79-4c69-a384-d99db5bfc06c/datanode-1/data/ratis/ec539ce4-0e7a-4a70-bae4-c524617f3809/in_use.lock acquired by nodename 17605@fv-az194-567
2022-06-21 13:52:40,336 [Command processor thread] INFO  commandhandler.CreatePipelineCommandHandler (CreatePipelineCommandHandler.java:handle(113)) - Created Pipeline RATIS THREE PipelineID=7204125f-8992-4c34-a8e8-0f5a7f649100.
2022-06-21 13:52:40,336 [Command processor thread] INFO  server.RaftServer (RaftServerProxy.java:addNew(96)) - d0cd1932-8d4e-4243-b37a-4fe60b6778b1: addNew group-C524617F3809:[dfa3a740-454f-4489-b3be-017282a57706|rpc:10.1.0.15:41741|priority:1, d0cd1932-8d4e-4243-b37a-4fe60b6778b1|rpc:10.1.0.15:42757|priority:0, d64d628d-84bc-46a4-b938-9b06d3101fa8|rpc:10.1.0.15:45443|priority:0] returns group-C524617F3809:java.util.concurrent.CompletableFuture@d11c405[Not completed]
2022-06-21 13:52:40,337 [pool-96-thread-1] INFO  storage.RaftStorage (RaftStorageImpl.java:format(89)) - Storage directory /home/runner/work/ozone/ozone/hadoop-ozone/integration-test/target/test-dir/MiniOzoneClusterImpl-e16419ed-4a79-4c69-a384-d99db5bfc06c/datanode-1/data/ratis/ec539ce4-0e7a-4a70-bae4-c524617f3809 has been successfully formatted.
2022-06-21 13:52:40,337 [pool-96-thread-1] INFO  ratis.ContainerStateMachine (ContainerStateMachine.java:loadSnapshot(236)) - group-C524617F3809: The snapshot info is null. Setting the last applied indexto:(t:0, i:~)
2022-06-21 13:52:40,337 [pool-96-thread-1] INFO  server.RaftServerConfigKeys (ConfUtils.java:logGet(46)) - raft.server.notification.no-leader.timeout = 300s (custom)
2022-06-21 13:52:40,337 [pool-96-thread-1] INFO  server.RaftServerConfigKeys (ConfUtils.java:logGet(46)) - raft.server.log.use.memory = false (default)
2022-06-21 13:52:40,337 [pool-96-thread-1] INFO  server.RaftServerConfigKeys (ConfUtils.java:logGet(46)) - raft.server.log.purge.gap = 1000000 (custom)
2022-06-21 13:52:40,337 [pool-96-thread-1] INFO  server.RaftServerConfigKeys (ConfUtils.java:logGet(46)) - raft.server.log.appender.buffer.byte-limit = 33554432 (custom)
2022-06-21 13:52:40,337 [pool-96-thread-1] INFO  server.RaftServerConfigKeys (ConfUtils.java:logGet(46)) - raft.server.log.statemachine.data.read.timeout = 1000ms (default)
2022-06-21 13:52:40,337 [pool-73-thread-1] INFO  server.RaftServer$Division (RaftServerImpl.java:<init>(190)) - d0cd1932-8d4e-4243-b37a-4fe60b6778b1: new RaftServerImpl for group-C524617F3809:[dfa3a740-454f-4489-b3be-017282a57706|rpc:10.1.0.15:41741|priority:1, d0cd1932-8d4e-4243-b37a-4fe60b6778b1|rpc:10.1.0.15:42757|priority:0, d64d628d-84bc-46a4-b938-9b06d3101fa8|rpc:10.1.0.15:45443|priority:0] with ContainerStateMachine:uninitialized
2022-06-21 13:52:40,337 [pool-73-thread-1] INFO  server.RaftServerConfigKeys (ConfUtils.java:logGet(46)) - raft.server.rpc.timeout.min = 5s (custom)
2022-06-21 13:52:40,337 [pool-96-thread-1] INFO  server.RaftServerConfigKeys (ConfUtils.java:logGet(46)) - raft.server.log.segment.size.max = 1048576 (custom)
2022-06-21 13:52:40,338 [pool-96-thread-1] INFO  server.RaftServerConfigKeys (ConfUtils.java:logGet(46)) - raft.server.log.segment.cache.num.max = 2 (custom)
2022-06-21 13:52:40,338 [pool-96-thread-1] INFO  server.RaftServerConfigKeys (ConfUtils.java:logGet(46)) - raft.server.log.segment.cache.size.max = 200MB (=209715200) (default)
2022-06-21 13:52:40,338 [pool-96-thread-1] INFO  segmented.SegmentedRaftLogWorker (SegmentedRaftLogWorker.java:<init>(187)) - new dfa3a740-454f-4489-b3be-017282a57706@group-C524617F3809-SegmentedRaftLogWorker for RaftStorageImpl:Storage Directory /home/runner/work/ozone/ozone/hadoop-ozone/integration-test/target/test-dir/MiniOzoneClusterImpl-e16419ed-4a79-4c69-a384-d99db5bfc06c/datanode-1/data/ratis/ec539ce4-0e7a-4a70-bae4-c524617f3809
2022-06-21 13:52:40,338 [pool-96-thread-1] INFO  server.RaftServerConfigKeys (ConfUtils.java:logGet(46)) - raft.server.log.queue.byte-limit = 4294967296 (custom)
2022-06-21 13:52:40,338 [pool-96-thread-1] INFO  server.RaftServerConfigKeys (ConfUtils.java:logGet(46)) - raft.server.log.queue.element-limit = 1024 (custom)
2022-06-21 13:52:40,338 [pool-96-thread-1] INFO  server.RaftServerConfigKeys (ConfUtils.java:logGet(46)) - raft.server.log.segment.size.max = 1048576 (custom)
2022-06-21 13:52:40,338 [pool-96-thread-1] INFO  server.RaftServerConfigKeys (ConfUtils.java:logGet(46)) - raft.server.log.preallocated.size = 16384 (custom)
2022-06-21 13:52:40,338 [pool-96-thread-1] INFO  server.RaftServerConfigKeys (ConfUtils.java:logGet(46)) - raft.server.log.force.sync.num = 128 (default)
2022-06-21 13:52:40,338 [pool-96-thread-1] INFO  server.RaftServerConfigKeys (ConfUtils.java:logGet(46)) - raft.server.log.statemachine.data.sync = true (default)
2022-06-21 13:52:40,338 [pool-96-thread-1] INFO  server.RaftServerConfigKeys (ConfUtils.java:logGet(46)) - raft.server.log.statemachine.data.sync.timeout = 10s (default)
2022-06-21 13:52:40,338 [pool-96-thread-1] INFO  server.RaftServerConfigKeys (ConfUtils.java:logGet(46)) - raft.server.log.statemachine.data.sync.timeout.retry = -1 (default)
2022-06-21 13:52:40,338 [pool-73-thread-1] INFO  server.RaftServerConfigKeys (ConfUtils.java:logGet(46)) - raft.server.rpc.timeout.max = 5200ms (custom)
2022-06-21 13:52:40,339 [pool-73-thread-1] INFO  server.RaftServerConfigKeys (ConfUtils.java:logGet(46)) - raft.server.rpc.sleep.time = 25ms (default)
2022-06-21 13:52:40,339 [pool-73-thread-1] INFO  server.RaftServerConfigKeys (ConfUtils.java:logGet(46)) - raft.server.rpc.slowness.timeout = 300s (custom)
2022-06-21 13:52:40,339 [pool-73-thread-1] INFO  server.RaftServerConfigKeys (ConfUtils.java:logGet(46)) - raft.server.leaderelection.leader.step-down.wait-time = 10s (default)
2022-06-21 13:52:40,339 [pool-73-thread-1] INFO  server.RaftServerConfigKeys (ConfUtils.java:logGet(46)) - raft.server.sleep.deviation.threshold = 300ms (default)
2022-06-21 13:52:40,339 [pool-73-thread-1] INFO  server.RaftServer$Division (ServerState.java:<init>(107)) - d0cd1932-8d4e-4243-b37a-4fe60b6778b1@group-C524617F3809: ConfigurationManager, init=-1: [dfa3a740-454f-4489-b3be-017282a57706|rpc:10.1.0.15:41741|priority:1, d0cd1932-8d4e-4243-b37a-4fe60b6778b1|rpc:10.1.0.15:42757|priority:0, d64d628d-84bc-46a4-b938-9b06d3101fa8|rpc:10.1.0.15:45443|priority:0], old=null, confs=<EMPTY_MAP>
2022-06-21 13:52:40,339 [pool-73-thread-1] INFO  server.RaftServerConfigKeys (ConfUtils.java:logGet(46)) - raft.server.storage.dir = [/home/runner/work/ozone/ozone/hadoop-ozone/integration-test/target/test-dir/MiniOzoneClusterImpl-e16419ed-4a79-4c69-a384-d99db5bfc06c/datanode-0/data/ratis] (custom)
2022-06-21 13:52:40,339 [pool-73-thread-1] INFO  server.RaftServerConfigKeys (ConfUtils.java:logGet(46)) - raft.server.log.corruption.policy = EXCEPTION (default)
2022-06-21 13:52:40,339 [pool-73-thread-1] INFO  server.RaftServerConfigKeys (ConfUtils.java:logGet(46)) - raft.server.storage.free-space.min = 0MB (=0) (default)
2022-06-21 13:52:40,339 [pool-73-thread-1] INFO  storage.RaftStorageDirectory (RaftStorageDirectoryImpl.java:analyzeStorage(135)) - The storage directory /home/runner/work/ozone/ozone/hadoop-ozone/integration-test/target/test-dir/MiniOzoneClusterImpl-e16419ed-4a79-4c69-a384-d99db5bfc06c/datanode-0/data/ratis/ec539ce4-0e7a-4a70-bae4-c524617f3809 does not exist. Creating ...
2022-06-21 13:52:40,340 [pool-96-thread-1] INFO  server.RaftServerConfigKeys (ConfUtils.java:logGet(46)) - raft.server.log.write.buffer.size = 1048576 (custom)
2022-06-21 13:52:40,340 [pool-96-thread-1] INFO  server.RaftServerConfigKeys (ConfUtils.java:logGet(46)) - raft.server.log.unsafe-flush.enabled = false (default)
2022-06-21 13:52:40,340 [pool-96-thread-1] INFO  server.RaftServerConfigKeys (ConfUtils.java:logGet(46)) - raft.server.log.statemachine.data.caching.enabled = true (custom)
2022-06-21 13:52:40,341 [pool-96-thread-1] INFO  segmented.SegmentedRaftLogWorker (SegmentedRaftLogWorker.java:lambda$new$0(135)) - dfa3a740-454f-4489-b3be-017282a57706@group-C524617F3809-SegmentedRaftLogWorker: flushIndex: setUnconditionally 0 -> -1
2022-06-21 13:52:40,341 [pool-96-thread-1] INFO  segmented.SegmentedRaftLogWorker (SegmentedRaftLogWorker.java:lambda$new$0(135)) - dfa3a740-454f-4489-b3be-017282a57706@group-C524617F3809-SegmentedRaftLogWorker: safeCacheEvictIndex: setUnconditionally 0 -> -1
2022-06-21 13:52:40,341 [pool-96-thread-1] INFO  server.RaftServerConfigKeys (ConfUtils.java:logGet(46)) - raft.server.snapshot.auto.trigger.enabled = true (custom)
2022-06-21 13:52:40,341 [pool-96-thread-1] INFO  server.RaftServerConfigKeys (ConfUtils.java:logGet(46)) - raft.server.snapshot.auto.trigger.threshold = 10000 (custom)
2022-06-21 13:52:40,341 [pool-96-thread-1] INFO  server.RaftServerConfigKeys (ConfUtils.java:logGet(46)) - raft.server.snapshot.retention.file.num = 5 (custom)
2022-06-21 13:52:40,341 [pool-96-thread-1] INFO  server.RaftServerConfigKeys (ConfUtils.java:logGet(46)) - raft.server.log.purge.upto.snapshot.index = false (default)
2022-06-21 13:52:40,341 [pool-96-thread-1] INFO  server.RaftServerConfigKeys (ConfUtils.java:logGet(46)) - raft.server.retrycache.expirytime = 600000ms (custom)
2022-06-21 13:52:40,341 [pool-96-thread-1] INFO  server.RaftServerConfigKeys (ConfUtils.java:logGet(46)) - raft.server.retrycache.statistics.expirytime = 100μs (default)
2022-06-21 13:52:40,342 [pool-96-thread-1] INFO  server.RaftServerConfigKeys (ConfUtils.java:logGet(46)) - raft.server.log.appender.install.snapshot.enabled = false (custom)
2022-06-21 13:52:40,342 [pool-96-thread-1] INFO  server.RaftServerConfigKeys (ConfUtils.java:logGet(46)) - raft.server.threadpool.server.cached = true (default)
2022-06-21 13:52:40,342 [pool-96-thread-1] INFO  server.RaftServerConfigKeys (ConfUtils.java:logGet(46)) - raft.server.threadpool.server.size = 0 (default)
2022-06-21 13:52:40,342 [pool-96-thread-1] INFO  server.RaftServerConfigKeys (ConfUtils.java:logGet(46)) - raft.server.threadpool.client.cached = true (default)
2022-06-21 13:52:40,342 [pool-96-thread-1] INFO  server.RaftServerConfigKeys (ConfUtils.java:logGet(46)) - raft.server.threadpool.client.size = 0 (default)
2022-06-21 13:52:40,342 [pool-96-thread-1] INFO  server.RaftServer$Division (RaftServerImpl.java:start(310)) - dfa3a740-454f-4489-b3be-017282a57706@group-C524617F3809: start as a follower, conf=-1: [dfa3a740-454f-4489-b3be-017282a57706|rpc:10.1.0.15:41741|priority:1, d0cd1932-8d4e-4243-b37a-4fe60b6778b1|rpc:10.1.0.15:42757|priority:0, d64d628d-84bc-46a4-b938-9b06d3101fa8|rpc:10.1.0.15:45443|priority:0], old=null
2022-06-21 13:52:40,342 [pool-96-thread-1] INFO  server.RaftServer$Division (RaftServerImpl.java:setRole(299)) - dfa3a740-454f-4489-b3be-017282a57706@group-C524617F3809: changes role from      null to FOLLOWER at term 0 for startAsFollower
2022-06-21 13:52:40,343 [pool-96-thread-1] INFO  impl.RoleInfo (RoleInfo.java:updateAndGet(139)) - dfa3a740-454f-4489-b3be-017282a57706: start dfa3a740-454f-4489-b3be-017282a57706@group-C524617F3809-FollowerState
2022-06-21 13:52:40,343 [pool-73-thread-1] INFO  storage.RaftStorageDirectory (RaftStorageDirectoryImpl.java:tryLock(230)) - Lock on /home/runner/work/ozone/ozone/hadoop-ozone/integration-test/target/test-dir/MiniOzoneClusterImpl-e16419ed-4a79-4c69-a384-d99db5bfc06c/datanode-0/data/ratis/ec539ce4-0e7a-4a70-bae4-c524617f3809/in_use.lock acquired by nodename 17605@fv-az194-567
2022-06-21 13:52:40,344 [pool-96-thread-1] INFO  util.JmxRegister (JmxRegister.java:tryRegister(44)) - Successfully registered JMX Bean with object name Ratis:service=RaftServer,group=group-C524617F3809,id=dfa3a740-454f-4489-b3be-017282a57706
2022-06-21 13:52:40,344 [pool-73-thread-1] INFO  storage.RaftStorage (RaftStorageImpl.java:format(89)) - Storage directory /home/runner/work/ozone/ozone/hadoop-ozone/integration-test/target/test-dir/MiniOzoneClusterImpl-e16419ed-4a79-4c69-a384-d99db5bfc06c/datanode-0/data/ratis/ec539ce4-0e7a-4a70-bae4-c524617f3809 has been successfully formatted.
2022-06-21 13:52:40,347 [Command processor thread] INFO  ratis.XceiverServerRatis (XceiverServerRatis.java:addGroup(765)) - Created group PipelineID=ec539ce4-0e7a-4a70-bae4-c524617f3809
2022-06-21 13:52:40,348 [EventQueue-OpenPipelineForHealthyPipelineSafeModeRule] INFO  safemode.SCMSafeModeManager (HealthyPipelineSafeModeRule.java:process(124)) - SCM in safe mode. Healthy pipelines reported count is 0, required healthy pipeline reported count is 1
2022-06-21 13:52:40,349 [pool-73-thread-1] INFO  ratis.ContainerStateMachine (ContainerStateMachine.java:loadSnapshot(236)) - group-C524617F3809: The snapshot info is null. Setting the last applied indexto:(t:0, i:~)
2022-06-21 13:52:40,350 [pool-73-thread-1] INFO  server.RaftServerConfigKeys (ConfUtils.java:logGet(46)) - raft.server.notification.no-leader.timeout = 300s (custom)
2022-06-21 13:52:40,350 [pool-73-thread-1] INFO  server.RaftServerConfigKeys (ConfUtils.java:logGet(46)) - raft.server.log.use.memory = false (default)
2022-06-21 13:52:40,350 [pool-73-thread-1] INFO  server.RaftServerConfigKeys (ConfUtils.java:logGet(46)) - raft.server.log.purge.gap = 1000000 (custom)
2022-06-21 13:52:40,350 [pool-73-thread-1] INFO  server.RaftServerConfigKeys (ConfUtils.java:logGet(46)) - raft.server.log.appender.buffer.byte-limit = 33554432 (custom)
2022-06-21 13:52:40,350 [pool-73-thread-1] INFO  server.RaftServerConfigKeys (ConfUtils.java:logGet(46)) - raft.server.log.statemachine.data.read.timeout = 1000ms (default)
2022-06-21 13:52:40,350 [pool-73-thread-1] INFO  server.RaftServerConfigKeys (ConfUtils.java:logGet(46)) - raft.server.log.segment.size.max = 1048576 (custom)
2022-06-21 13:52:40,350 [pool-73-thread-1] INFO  server.RaftServerConfigKeys (ConfUtils.java:logGet(46)) - raft.server.log.segment.cache.num.max = 2 (custom)
2022-06-21 13:52:40,350 [pool-73-thread-1] INFO  server.RaftServerConfigKeys (ConfUtils.java:logGet(46)) - raft.server.log.segment.cache.size.max = 200MB (=209715200) (default)
2022-06-21 13:52:40,350 [pool-73-thread-1] INFO  segmented.SegmentedRaftLogWorker (SegmentedRaftLogWorker.java:<init>(187)) - new d0cd1932-8d4e-4243-b37a-4fe60b6778b1@group-C524617F3809-SegmentedRaftLogWorker for RaftStorageImpl:Storage Directory /home/runner/work/ozone/ozone/hadoop-ozone/integration-test/target/test-dir/MiniOzoneClusterImpl-e16419ed-4a79-4c69-a384-d99db5bfc06c/datanode-0/data/ratis/ec539ce4-0e7a-4a70-bae4-c524617f3809
2022-06-21 13:52:40,350 [pool-73-thread-1] INFO  server.RaftServerConfigKeys (ConfUtils.java:logGet(46)) - raft.server.log.queue.byte-limit = 4294967296 (custom)
2022-06-21 13:52:40,350 [pool-73-thread-1] INFO  server.RaftServerConfigKeys (ConfUtils.java:logGet(46)) - raft.server.log.queue.element-limit = 1024 (custom)
2022-06-21 13:52:40,350 [pool-73-thread-1] INFO  server.RaftServerConfigKeys (ConfUtils.java:logGet(46)) - raft.server.log.segment.size.max = 1048576 (custom)
2022-06-21 13:52:40,350 [pool-73-thread-1] INFO  server.RaftServerConfigKeys (ConfUtils.java:logGet(46)) - raft.server.log.preallocated.size = 16384 (custom)
2022-06-21 13:52:40,351 [pool-73-thread-1] INFO  server.RaftServerConfigKeys (ConfUtils.java:logGet(46)) - raft.server.log.force.sync.num = 128 (default)
2022-06-21 13:52:40,351 [pool-73-thread-1] INFO  server.RaftServerConfigKeys (ConfUtils.java:logGet(46)) - raft.server.log.statemachine.data.sync = true (default)
2022-06-21 13:52:40,351 [pool-73-thread-1] INFO  server.RaftServerConfigKeys (ConfUtils.java:logGet(46)) - raft.server.log.statemachine.data.sync.timeout = 10s (default)
2022-06-21 13:52:40,351 [pool-73-thread-1] INFO  server.RaftServerConfigKeys (ConfUtils.java:logGet(46)) - raft.server.log.statemachine.data.sync.timeout.retry = -1 (default)
2022-06-21 13:52:40,351 [pool-73-thread-1] INFO  server.RaftServerConfigKeys (ConfUtils.java:logGet(46)) - raft.server.log.write.buffer.size = 1048576 (custom)
2022-06-21 13:52:40,353 [pool-73-thread-1] INFO  server.RaftServerConfigKeys (ConfUtils.java:logGet(46)) - raft.server.log.unsafe-flush.enabled = false (default)
2022-06-21 13:52:40,356 [pool-73-thread-1] INFO  server.RaftServerConfigKeys (ConfUtils.java:logGet(46)) - raft.server.log.statemachine.data.caching.enabled = true (custom)
2022-06-21 13:52:40,356 [pool-73-thread-1] INFO  segmented.SegmentedRaftLogWorker (SegmentedRaftLogWorker.java:lambda$new$0(135)) - d0cd1932-8d4e-4243-b37a-4fe60b6778b1@group-C524617F3809-SegmentedRaftLogWorker: flushIndex: setUnconditionally 0 -> -1
2022-06-21 13:52:40,356 [pool-73-thread-1] INFO  segmented.SegmentedRaftLogWorker (SegmentedRaftLogWorker.java:lambda$new$0(135)) - d0cd1932-8d4e-4243-b37a-4fe60b6778b1@group-C524617F3809-SegmentedRaftLogWorker: safeCacheEvictIndex: setUnconditionally 0 -> -1
2022-06-21 13:52:40,357 [EventQueue-OpenPipelineForHealthyPipelineSafeModeRule] INFO  safemode.SCMSafeModeManager (HealthyPipelineSafeModeRule.java:process(124)) - SCM in safe mode. Healthy pipelines reported count is 0, required healthy pipeline reported count is 1
2022-06-21 13:52:40,358 [pool-73-thread-1] INFO  server.RaftServerConfigKeys (ConfUtils.java:logGet(46)) - raft.server.snapshot.auto.trigger.enabled = true (custom)
2022-06-21 13:52:40,358 [pool-73-thread-1] INFO  server.RaftServerConfigKeys (ConfUtils.java:logGet(46)) - raft.server.snapshot.auto.trigger.threshold = 10000 (custom)
2022-06-21 13:52:40,358 [pool-73-thread-1] INFO  server.RaftServerConfigKeys (ConfUtils.java:logGet(46)) - raft.server.snapshot.retention.file.num = 5 (custom)
2022-06-21 13:52:40,358 [pool-73-thread-1] INFO  server.RaftServerConfigKeys (ConfUtils.java:logGet(46)) - raft.server.log.purge.upto.snapshot.index = false (default)
2022-06-21 13:52:40,358 [pool-73-thread-1] INFO  server.RaftServerConfigKeys (ConfUtils.java:logGet(46)) - raft.server.retrycache.expirytime = 600000ms (custom)
2022-06-21 13:52:40,358 [pool-73-thread-1] INFO  server.RaftServerConfigKeys (ConfUtils.java:logGet(46)) - raft.server.retrycache.statistics.expirytime = 100μs (default)
2022-06-21 13:52:40,359 [pool-73-thread-1] INFO  server.RaftServerConfigKeys (ConfUtils.java:logGet(46)) - raft.server.log.appender.install.snapshot.enabled = false (custom)
2022-06-21 13:52:40,359 [pool-73-thread-1] INFO  server.RaftServerConfigKeys (ConfUtils.java:logGet(46)) - raft.server.threadpool.server.cached = true (default)
2022-06-21 13:52:40,359 [pool-73-thread-1] INFO  server.RaftServerConfigKeys (ConfUtils.java:logGet(46)) - raft.server.threadpool.server.size = 0 (default)
2022-06-21 13:52:40,359 [pool-73-thread-1] INFO  server.RaftServerConfigKeys (ConfUtils.java:logGet(46)) - raft.server.threadpool.client.cached = true (default)
2022-06-21 13:52:40,359 [pool-73-thread-1] INFO  server.RaftServerConfigKeys (ConfUtils.java:logGet(46)) - raft.server.threadpool.client.size = 0 (default)
2022-06-21 13:52:40,359 [pool-73-thread-1] INFO  server.RaftServer$Division (RaftServerImpl.java:start(310)) - d0cd1932-8d4e-4243-b37a-4fe60b6778b1@group-C524617F3809: start as a follower, conf=-1: [dfa3a740-454f-4489-b3be-017282a57706|rpc:10.1.0.15:41741|priority:1, d0cd1932-8d4e-4243-b37a-4fe60b6778b1|rpc:10.1.0.15:42757|priority:0, d64d628d-84bc-46a4-b938-9b06d3101fa8|rpc:10.1.0.15:45443|priority:0], old=null
2022-06-21 13:52:40,359 [pool-73-thread-1] INFO  server.RaftServer$Division (RaftServerImpl.java:setRole(299)) - d0cd1932-8d4e-4243-b37a-4fe60b6778b1@group-C524617F3809: changes role from      null to FOLLOWER at term 0 for startAsFollower
2022-06-21 13:52:40,359 [pool-73-thread-1] INFO  impl.RoleInfo (RoleInfo.java:updateAndGet(139)) - d0cd1932-8d4e-4243-b37a-4fe60b6778b1: start d0cd1932-8d4e-4243-b37a-4fe60b6778b1@group-C524617F3809-FollowerState
2022-06-21 13:52:40,360 [pool-73-thread-1] INFO  util.JmxRegister (JmxRegister.java:tryRegister(44)) - Successfully registered JMX Bean with object name Ratis:service=RaftServer,group=group-C524617F3809,id=d0cd1932-8d4e-4243-b37a-4fe60b6778b1
2022-06-21 13:52:40,365 [Command processor thread] INFO  ratis.XceiverServerRatis (XceiverServerRatis.java:addGroup(765)) - Created group PipelineID=ec539ce4-0e7a-4a70-bae4-c524617f3809
2022-06-21 13:52:40,366 [Command processor thread] INFO  server.RaftServer (RaftServerProxy.java:addNew(96)) - d64d628d-84bc-46a4-b938-9b06d3101fa8: addNew group-AC126C41E521:[d64d628d-84bc-46a4-b938-9b06d3101fa8|rpc:10.1.0.15:45443|priority:1] returns group-AC126C41E521:java.util.concurrent.CompletableFuture@5d715936[Not completed]
2022-06-21 13:52:40,369 [pool-119-thread-1] INFO  server.RaftServer$Division (RaftServerImpl.java:<init>(190)) - d64d628d-84bc-46a4-b938-9b06d3101fa8: new RaftServerImpl for group-AC126C41E521:[d64d628d-84bc-46a4-b938-9b06d3101fa8|rpc:10.1.0.15:45443|priority:1] with ContainerStateMachine:uninitialized
2022-06-21 13:52:40,369 [pool-119-thread-1] INFO  server.RaftServerConfigKeys (ConfUtils.java:logGet(46)) - raft.server.rpc.timeout.min = 5s (custom)
2022-06-21 13:52:40,369 [pool-119-thread-1] INFO  server.RaftServerConfigKeys (ConfUtils.java:logGet(46)) - raft.server.rpc.timeout.max = 5200ms (custom)
2022-06-21 13:52:40,369 [pool-119-thread-1] INFO  server.RaftServerConfigKeys (ConfUtils.java:logGet(46)) - raft.server.rpc.sleep.time = 25ms (default)
2022-06-21 13:52:40,369 [pool-119-thread-1] INFO  server.RaftServerConfigKeys (ConfUtils.java:logGet(46)) - raft.server.rpc.slowness.timeout = 300s (custom)
2022-06-21 13:52:40,369 [pool-119-thread-1] INFO  server.RaftServerConfigKeys (ConfUtils.java:logGet(46)) - raft.server.leaderelection.leader.step-down.wait-time = 10s (default)
2022-06-21 13:52:40,369 [pool-119-thread-1] INFO  server.RaftServerConfigKeys (ConfUtils.java:logGet(46)) - raft.server.sleep.deviation.threshold = 300ms (default)
2022-06-21 13:52:40,369 [pool-119-thread-1] INFO  server.RaftServer$Division (ServerState.java:<init>(107)) - d64d628d-84bc-46a4-b938-9b06d3101fa8@group-AC126C41E521: ConfigurationManager, init=-1: [d64d628d-84bc-46a4-b938-9b06d3101fa8|rpc:10.1.0.15:45443|priority:1], old=null, confs=<EMPTY_MAP>
2022-06-21 13:52:40,369 [pool-119-thread-1] INFO  server.RaftServerConfigKeys (ConfUtils.java:logGet(46)) - raft.server.storage.dir = [/home/runner/work/ozone/ozone/hadoop-ozone/integration-test/target/test-dir/MiniOzoneClusterImpl-e16419ed-4a79-4c69-a384-d99db5bfc06c/datanode-2/data/ratis] (custom)
2022-06-21 13:52:40,369 [pool-119-thread-1] INFO  server.RaftServerConfigKeys (ConfUtils.java:logGet(46)) - raft.server.log.corruption.policy = EXCEPTION (default)
2022-06-21 13:52:40,369 [pool-119-thread-1] INFO  server.RaftServerConfigKeys (ConfUtils.java:logGet(46)) - raft.server.storage.free-space.min = 0MB (=0) (default)
2022-06-21 13:52:40,369 [pool-119-thread-1] INFO  storage.RaftStorageDirectory (RaftStorageDirectoryImpl.java:analyzeStorage(135)) - The storage directory /home/runner/work/ozone/ozone/hadoop-ozone/integration-test/target/test-dir/MiniOzoneClusterImpl-e16419ed-4a79-4c69-a384-d99db5bfc06c/datanode-2/data/ratis/da6fb245-63ae-4ddf-9a08-ac126c41e521 does not exist. Creating ...
2022-06-21 13:52:40,372 [pool-119-thread-1] INFO  storage.RaftStorageDirectory (RaftStorageDirectoryImpl.java:tryLock(230)) - Lock on /home/runner/work/ozone/ozone/hadoop-ozone/integration-test/target/test-dir/MiniOzoneClusterImpl-e16419ed-4a79-4c69-a384-d99db5bfc06c/datanode-2/data/ratis/da6fb245-63ae-4ddf-9a08-ac126c41e521/in_use.lock acquired by nodename 17605@fv-az194-567
2022-06-21 13:52:40,373 [grpc-default-executor-0] INFO  server.RaftServer (RaftServerProxy.java:addNew(96)) - d64d628d-84bc-46a4-b938-9b06d3101fa8: addNew group-C524617F3809:[dfa3a740-454f-4489-b3be-017282a57706|rpc:10.1.0.15:41741|dataStream:|priority:1, d0cd1932-8d4e-4243-b37a-4fe60b6778b1|rpc:10.1.0.15:42757|dataStream:|priority:0, d64d628d-84bc-46a4-b938-9b06d3101fa8|rpc:10.1.0.15:45443|dataStream:|priority:0] returns group-C524617F3809:java.util.concurrent.CompletableFuture@15fda6f6[Not completed]
2022-06-21 13:52:40,374 [pool-119-thread-1] INFO  storage.RaftStorage (RaftStorageImpl.java:format(89)) - Storage directory /home/runner/work/ozone/ozone/hadoop-ozone/integration-test/target/test-dir/MiniOzoneClusterImpl-e16419ed-4a79-4c69-a384-d99db5bfc06c/datanode-2/data/ratis/da6fb245-63ae-4ddf-9a08-ac126c41e521 has been successfully formatted.
2022-06-21 13:52:40,375 [pool-119-thread-1] INFO  ratis.ContainerStateMachine (ContainerStateMachine.java:loadSnapshot(236)) - group-AC126C41E521: The snapshot info is null. Setting the last applied indexto:(t:0, i:~)
2022-06-21 13:52:40,375 [pool-119-thread-1] INFO  server.RaftServerConfigKeys (ConfUtils.java:logGet(46)) - raft.server.notification.no-leader.timeout = 300s (custom)
2022-06-21 13:52:40,375 [pool-119-thread-1] INFO  server.RaftServerConfigKeys (ConfUtils.java:logGet(46)) - raft.server.log.use.memory = false (default)
2022-06-21 13:52:40,375 [pool-119-thread-1] INFO  server.RaftServerConfigKeys (ConfUtils.java:logGet(46)) - raft.server.log.purge.gap = 1000000 (custom)
2022-06-21 13:52:40,375 [pool-119-thread-1] INFO  server.RaftServerConfigKeys (ConfUtils.java:logGet(46)) - raft.server.log.appender.buffer.byte-limit = 33554432 (custom)
2022-06-21 13:52:40,376 [pool-119-thread-1] INFO  server.RaftServerConfigKeys (ConfUtils.java:logGet(46)) - raft.server.log.statemachine.data.read.timeout = 1000ms (default)
2022-06-21 13:52:40,376 [pool-119-thread-1] INFO  server.RaftServerConfigKeys (ConfUtils.java:logGet(46)) - raft.server.log.segment.size.max = 1048576 (custom)
2022-06-21 13:52:40,376 [pool-119-thread-1] INFO  server.RaftServerConfigKeys (ConfUtils.java:logGet(46)) - raft.server.log.segment.cache.num.max = 2 (custom)
2022-06-21 13:52:40,376 [pool-119-thread-1] INFO  server.RaftServerConfigKeys (ConfUtils.java:logGet(46)) - raft.server.log.segment.cache.size.max = 200MB (=209715200) (default)
2022-06-21 13:52:40,376 [pool-119-thread-1] INFO  segmented.SegmentedRaftLogWorker (SegmentedRaftLogWorker.java:<init>(187)) - new d64d628d-84bc-46a4-b938-9b06d3101fa8@group-AC126C41E521-SegmentedRaftLogWorker for RaftStorageImpl:Storage Directory /home/runner/work/ozone/ozone/hadoop-ozone/integration-test/target/test-dir/MiniOzoneClusterImpl-e16419ed-4a79-4c69-a384-d99db5bfc06c/datanode-2/data/ratis/da6fb245-63ae-4ddf-9a08-ac126c41e521
2022-06-21 13:52:40,376 [pool-119-thread-1] INFO  server.RaftServerConfigKeys (ConfUtils.java:logGet(46)) - raft.server.log.queue.byte-limit = 4294967296 (custom)
2022-06-21 13:52:40,376 [pool-119-thread-1] INFO  server.RaftServerConfigKeys (ConfUtils.java:logGet(46)) - raft.server.log.queue.element-limit = 1024 (custom)
2022-06-21 13:52:40,376 [pool-119-thread-1] INFO  server.RaftServerConfigKeys (ConfUtils.java:logGet(46)) - raft.server.log.segment.size.max = 1048576 (custom)
2022-06-21 13:52:40,376 [pool-119-thread-1] INFO  server.RaftServerConfigKeys (ConfUtils.java:logGet(46)) - raft.server.log.preallocated.size = 16384 (custom)
2022-06-21 13:52:40,376 [pool-119-thread-1] INFO  server.RaftServerConfigKeys (ConfUtils.java:logGet(46)) - raft.server.log.force.sync.num = 128 (default)
2022-06-21 13:52:40,376 [pool-119-thread-1] INFO  server.RaftServerConfigKeys (ConfUtils.java:logGet(46)) - raft.server.log.statemachine.data.sync = true (default)
2022-06-21 13:52:40,376 [pool-119-thread-1] INFO  server.RaftServerConfigKeys (ConfUtils.java:logGet(46)) - raft.server.log.statemachine.data.sync.timeout = 10s (default)
2022-06-21 13:52:40,376 [pool-119-thread-1] INFO  server.RaftServerConfigKeys (ConfUtils.java:logGet(46)) - raft.server.log.statemachine.data.sync.timeout.retry = -1 (default)
2022-06-21 13:52:40,377 [pool-119-thread-1] INFO  server.RaftServerConfigKeys (ConfUtils.java:logGet(46)) - raft.server.log.write.buffer.size = 1048576 (custom)
2022-06-21 13:52:40,377 [pool-119-thread-1] INFO  server.RaftServerConfigKeys (ConfUtils.java:logGet(46)) - raft.server.log.unsafe-flush.enabled = false (default)
2022-06-21 13:52:40,377 [pool-119-thread-1] INFO  server.RaftServerConfigKeys (ConfUtils.java:logGet(46)) - raft.server.log.statemachine.data.caching.enabled = true (custom)
2022-06-21 13:52:40,377 [pool-119-thread-1] INFO  segmented.SegmentedRaftLogWorker (SegmentedRaftLogWorker.java:lambda$new$0(135)) - d64d628d-84bc-46a4-b938-9b06d3101fa8@group-AC126C41E521-SegmentedRaftLogWorker: flushIndex: setUnconditionally 0 -> -1
2022-06-21 13:52:40,377 [pool-119-thread-1] INFO  segmented.SegmentedRaftLogWorker (SegmentedRaftLogWorker.java:lambda$new$0(135)) - d64d628d-84bc-46a4-b938-9b06d3101fa8@group-AC126C41E521-SegmentedRaftLogWorker: safeCacheEvictIndex: setUnconditionally 0 -> -1
2022-06-21 13:52:40,381 [pool-119-thread-1] INFO  server.RaftServerConfigKeys (ConfUtils.java:logGet(46)) - raft.server.snapshot.auto.trigger.enabled = true (custom)
2022-06-21 13:52:40,381 [pool-119-thread-1] INFO  server.RaftServerConfigKeys (ConfUtils.java:logGet(46)) - raft.server.snapshot.auto.trigger.threshold = 10000 (custom)
2022-06-21 13:52:40,382 [pool-119-thread-1] INFO  server.RaftServerConfigKeys (ConfUtils.java:logGet(46)) - raft.server.snapshot.retention.file.num = 5 (custom)
2022-06-21 13:52:40,382 [pool-119-thread-1] INFO  server.RaftServerConfigKeys (ConfUtils.java:logGet(46)) - raft.server.log.purge.upto.snapshot.index = false (default)
2022-06-21 13:52:40,382 [pool-119-thread-1] INFO  server.RaftServerConfigKeys (ConfUtils.java:logGet(46)) - raft.server.retrycache.expirytime = 600000ms (custom)
2022-06-21 13:52:40,382 [pool-119-thread-1] INFO  server.RaftServerConfigKeys (ConfUtils.java:logGet(46)) - raft.server.retrycache.statistics.expirytime = 100μs (default)
2022-06-21 13:52:40,391 [pool-119-thread-1] INFO  server.RaftServerConfigKeys (ConfUtils.java:logGet(46)) - raft.server.log.appender.install.snapshot.enabled = false (custom)
2022-06-21 13:52:40,391 [pool-119-thread-1] INFO  server.RaftServerConfigKeys (ConfUtils.java:logGet(46)) - raft.server.threadpool.server.cached = true (default)
2022-06-21 13:52:40,391 [pool-119-thread-1] INFO  server.RaftServerConfigKeys (ConfUtils.java:logGet(46)) - raft.server.threadpool.server.size = 0 (default)
2022-06-21 13:52:40,391 [pool-119-thread-1] INFO  server.RaftServerConfigKeys (ConfUtils.java:logGet(46)) - raft.server.threadpool.client.cached = true (default)
2022-06-21 13:52:40,391 [pool-119-thread-1] INFO  server.RaftServerConfigKeys (ConfUtils.java:logGet(46)) - raft.server.threadpool.client.size = 0 (default)
2022-06-21 13:52:40,392 [pool-119-thread-1] INFO  server.RaftServer$Division (RaftServerImpl.java:<init>(190)) - d64d628d-84bc-46a4-b938-9b06d3101fa8: new RaftServerImpl for group-C524617F3809:[dfa3a740-454f-4489-b3be-017282a57706|rpc:10.1.0.15:41741|dataStream:|priority:1, d0cd1932-8d4e-4243-b37a-4fe60b6778b1|rpc:10.1.0.15:42757|dataStream:|priority:0, d64d628d-84bc-46a4-b938-9b06d3101fa8|rpc:10.1.0.15:45443|dataStream:|priority:0] with ContainerStateMachine:uninitialized
2022-06-21 13:52:40,393 [pool-119-thread-1] INFO  server.RaftServerConfigKeys (ConfUtils.java:logGet(46)) - raft.server.rpc.timeout.min = 5s (custom)
2022-06-21 13:52:40,393 [pool-119-thread-1] INFO  server.RaftServerConfigKeys (ConfUtils.java:logGet(46)) - raft.server.rpc.timeout.max = 5200ms (custom)
2022-06-21 13:52:40,393 [pool-119-thread-1] INFO  server.RaftServerConfigKeys (ConfUtils.java:logGet(46)) - raft.server.rpc.sleep.time = 25ms (default)
2022-06-21 13:52:40,393 [pool-119-thread-1] INFO  server.RaftServerConfigKeys (ConfUtils.java:logGet(46)) - raft.server.rpc.slowness.timeout = 300s (custom)
2022-06-21 13:52:40,393 [pool-119-thread-1] INFO  server.RaftServerConfigKeys (ConfUtils.java:logGet(46)) - raft.server.leaderelection.leader.step-down.wait-time = 10s (default)
2022-06-21 13:52:40,393 [pool-119-thread-1] INFO  server.RaftServerConfigKeys (ConfUtils.java:logGet(46)) - raft.server.sleep.deviation.threshold = 300ms (default)
2022-06-21 13:52:40,393 [pool-119-thread-1] INFO  server.RaftServer$Division (ServerState.java:<init>(107)) - d64d628d-84bc-46a4-b938-9b06d3101fa8@group-C524617F3809: ConfigurationManager, init=-1: [dfa3a740-454f-4489-b3be-017282a57706|rpc:10.1.0.15:41741|dataStream:|priority:1, d0cd1932-8d4e-4243-b37a-4fe60b6778b1|rpc:10.1.0.15:42757|dataStream:|priority:0, d64d628d-84bc-46a4-b938-9b06d3101fa8|rpc:10.1.0.15:45443|dataStream:|priority:0], old=null, confs=<EMPTY_MAP>
2022-06-21 13:52:40,393 [pool-119-thread-1] INFO  server.RaftServerConfigKeys (ConfUtils.java:logGet(46)) - raft.server.storage.dir = [/home/runner/work/ozone/ozone/hadoop-ozone/integration-test/target/test-dir/MiniOzoneClusterImpl-e16419ed-4a79-4c69-a384-d99db5bfc06c/datanode-2/data/ratis] (custom)
2022-06-21 13:52:40,393 [pool-119-thread-1] INFO  server.RaftServerConfigKeys (ConfUtils.java:logGet(46)) - raft.server.log.corruption.policy = EXCEPTION (default)
2022-06-21 13:52:40,393 [pool-119-thread-1] INFO  server.RaftServerConfigKeys (ConfUtils.java:logGet(46)) - raft.server.storage.free-space.min = 0MB (=0) (default)
2022-06-21 13:52:40,393 [pool-119-thread-1] INFO  storage.RaftStorageDirectory (RaftStorageDirectoryImpl.java:analyzeStorage(135)) - The storage directory /home/runner/work/ozone/ozone/hadoop-ozone/integration-test/target/test-dir/MiniOzoneClusterImpl-e16419ed-4a79-4c69-a384-d99db5bfc06c/datanode-2/data/ratis/ec539ce4-0e7a-4a70-bae4-c524617f3809 does not exist. Creating ...
2022-06-21 13:52:40,395 [EventQueue-PipelineReportForPipelineReportHandler] INFO  pipeline.PipelineManagerImpl (PipelineManagerImpl.java:openPipeline(356)) - Pipeline Pipeline[ Id: da6fb245-63ae-4ddf-9a08-ac126c41e521, Nodes: d64d628d-84bc-46a4-b938-9b06d3101fa8{ip: 10.1.0.15, host: fv-az194-567.vahfjs35atkulmpwh5ujf4txfe.jx.internal.cloudapp.net, ports: [REPLICATION=41935, RATIS=45443, RATIS_ADMIN=45443, RATIS_SERVER=45443, STANDALONE=42049], networkLocation: /default-rack, certSerialId: null, persistedOpState: IN_SERVICE, persistedOpStateExpiryEpochSec: 0}, ReplicationConfig: RATIS/ONE, State:ALLOCATED, leaderId:d64d628d-84bc-46a4-b938-9b06d3101fa8, CreationTimestamp2022-06-21T13:52:37.367Z[Etc/UTC]] moved to OPEN state
2022-06-21 13:52:40,396 [pool-119-thread-1] INFO  storage.RaftStorageDirectory (RaftStorageDirectoryImpl.java:tryLock(230)) - Lock on /home/runner/work/ozone/ozone/hadoop-ozone/integration-test/target/test-dir/MiniOzoneClusterImpl-e16419ed-4a79-4c69-a384-d99db5bfc06c/datanode-2/data/ratis/ec539ce4-0e7a-4a70-bae4-c524617f3809/in_use.lock acquired by nodename 17605@fv-az194-567
2022-06-21 13:52:40,399 [EventQueue-OpenPipelineForHealthyPipelineSafeModeRule] INFO  safemode.SCMSafeModeManager (HealthyPipelineSafeModeRule.java:process(124)) - SCM in safe mode. Healthy pipelines reported count is 0, required healthy pipeline reported count is 1
2022-06-21 13:52:40,400 [pool-119-thread-1] INFO  storage.RaftStorage (RaftStorageImpl.java:format(89)) - Storage directory /home/runner/work/ozone/ozone/hadoop-ozone/integration-test/target/test-dir/MiniOzoneClusterImpl-e16419ed-4a79-4c69-a384-d99db5bfc06c/datanode-2/data/ratis/ec539ce4-0e7a-4a70-bae4-c524617f3809 has been successfully formatted.
2022-06-21 13:52:40,402 [pool-119-thread-1] INFO  ratis.ContainerStateMachine (ContainerStateMachine.java:loadSnapshot(236)) - group-C524617F3809: The snapshot info is null. Setting the last applied indexto:(t:0, i:~)
2022-06-21 13:52:40,403 [pool-119-thread-1] INFO  server.RaftServerConfigKeys (ConfUtils.java:logGet(46)) - raft.server.notification.no-leader.timeout = 300s (custom)
2022-06-21 13:52:40,403 [pool-119-thread-1] INFO  server.RaftServerConfigKeys (ConfUtils.java:logGet(46)) - raft.server.log.use.memory = false (default)
2022-06-21 13:52:40,403 [pool-119-thread-1] INFO  server.RaftServerConfigKeys (ConfUtils.java:logGet(46)) - raft.server.log.purge.gap = 1000000 (custom)
2022-06-21 13:52:40,403 [pool-119-thread-1] INFO  server.RaftServerConfigKeys (ConfUtils.java:logGet(46)) - raft.server.log.appender.buffer.byte-limit = 33554432 (custom)
2022-06-21 13:52:40,403 [pool-119-thread-1] INFO  server.RaftServerConfigKeys (ConfUtils.java:logGet(46)) - raft.server.log.statemachine.data.read.timeout = 1000ms (default)
2022-06-21 13:52:40,403 [pool-119-thread-1] INFO  server.RaftServerConfigKeys (ConfUtils.java:logGet(46)) - raft.server.log.segment.size.max = 1048576 (custom)
2022-06-21 13:52:40,404 [pool-119-thread-1] INFO  server.RaftServerConfigKeys (ConfUtils.java:logGet(46)) - raft.server.log.segment.cache.num.max = 2 (custom)
2022-06-21 13:52:40,404 [pool-119-thread-1] INFO  server.RaftServerConfigKeys (ConfUtils.java:logGet(46)) - raft.server.log.segment.cache.size.max = 200MB (=209715200) (default)
2022-06-21 13:52:40,404 [pool-119-thread-1] INFO  segmented.SegmentedRaftLogWorker (SegmentedRaftLogWorker.java:<init>(187)) - new d64d628d-84bc-46a4-b938-9b06d3101fa8@group-C524617F3809-SegmentedRaftLogWorker for RaftStorageImpl:Storage Directory /home/runner/work/ozone/ozone/hadoop-ozone/integration-test/target/test-dir/MiniOzoneClusterImpl-e16419ed-4a79-4c69-a384-d99db5bfc06c/datanode-2/data/ratis/ec539ce4-0e7a-4a70-bae4-c524617f3809
2022-06-21 13:52:40,404 [pool-119-thread-1] INFO  server.RaftServerConfigKeys (ConfUtils.java:logGet(46)) - raft.server.log.queue.byte-limit = 4294967296 (custom)
2022-06-21 13:52:40,404 [pool-119-thread-1] INFO  server.RaftServerConfigKeys (ConfUtils.java:logGet(46)) - raft.server.log.queue.element-limit = 1024 (custom)
2022-06-21 13:52:40,404 [pool-119-thread-1] INFO  server.RaftServerConfigKeys (ConfUtils.java:logGet(46)) - raft.server.log.segment.size.max = 1048576 (custom)
2022-06-21 13:52:40,404 [pool-119-thread-1] INFO  server.RaftServerConfigKeys (ConfUtils.java:logGet(46)) - raft.server.log.preallocated.size = 16384 (custom)
2022-06-21 13:52:40,404 [pool-119-thread-1] INFO  server.RaftServerConfigKeys (ConfUtils.java:logGet(46)) - raft.server.log.force.sync.num = 128 (default)
2022-06-21 13:52:40,404 [pool-119-thread-1] INFO  server.RaftServerConfigKeys (ConfUtils.java:logGet(46)) - raft.server.log.statemachine.data.sync = true (default)
2022-06-21 13:52:40,404 [pool-119-thread-1] INFO  server.RaftServerConfigKeys (ConfUtils.java:logGet(46)) - raft.server.log.statemachine.data.sync.timeout = 10s (default)
2022-06-21 13:52:40,404 [pool-119-thread-1] INFO  server.RaftServerConfigKeys (ConfUtils.java:logGet(46)) - raft.server.log.statemachine.data.sync.timeout.retry = -1 (default)
2022-06-21 13:52:40,405 [pool-119-thread-1] INFO  server.RaftServerConfigKeys (ConfUtils.java:logGet(46)) - raft.server.log.write.buffer.size = 1048576 (custom)
2022-06-21 13:52:40,405 [pool-119-thread-1] INFO  server.RaftServerConfigKeys (ConfUtils.java:logGet(46)) - raft.server.log.unsafe-flush.enabled = false (default)
2022-06-21 13:52:40,405 [pool-119-thread-1] INFO  server.RaftServerConfigKeys (ConfUtils.java:logGet(46)) - raft.server.log.statemachine.data.caching.enabled = true (custom)
2022-06-21 13:52:40,405 [pool-119-thread-1] INFO  segmented.SegmentedRaftLogWorker (SegmentedRaftLogWorker.java:lambda$new$0(135)) - d64d628d-84bc-46a4-b938-9b06d3101fa8@group-C524617F3809-SegmentedRaftLogWorker: flushIndex: setUnconditionally 0 -> -1
2022-06-21 13:52:40,405 [pool-119-thread-1] INFO  segmented.SegmentedRaftLogWorker (SegmentedRaftLogWorker.java:lambda$new$0(135)) - d64d628d-84bc-46a4-b938-9b06d3101fa8@group-C524617F3809-SegmentedRaftLogWorker: safeCacheEvictIndex: setUnconditionally 0 -> -1
2022-06-21 13:52:40,410 [pool-119-thread-1] INFO  server.RaftServerConfigKeys (ConfUtils.java:logGet(46)) - raft.server.snapshot.auto.trigger.enabled = true (custom)
2022-06-21 13:52:40,410 [pool-119-thread-1] INFO  server.RaftServerConfigKeys (ConfUtils.java:logGet(46)) - raft.server.snapshot.auto.trigger.threshold = 10000 (custom)
2022-06-21 13:52:40,410 [pool-119-thread-1] INFO  server.RaftServerConfigKeys (ConfUtils.java:logGet(46)) - raft.server.snapshot.retention.file.num = 5 (custom)
2022-06-21 13:52:40,410 [pool-119-thread-1] INFO  server.RaftServerConfigKeys (ConfUtils.java:logGet(46)) - raft.server.log.purge.upto.snapshot.index = false (default)
2022-06-21 13:52:40,410 [pool-119-thread-1] INFO  server.RaftServerConfigKeys (ConfUtils.java:logGet(46)) - raft.server.retrycache.expirytime = 600000ms (custom)
2022-06-21 13:52:40,410 [pool-119-thread-1] INFO  server.RaftServerConfigKeys (ConfUtils.java:logGet(46)) - raft.server.retrycache.statistics.expirytime = 100μs (default)
2022-06-21 13:52:40,416 [EventQueue-OpenPipelineForHealthyPipelineSafeModeRule] INFO  safemode.SCMSafeModeManager (HealthyPipelineSafeModeRule.java:process(124)) - SCM in safe mode. Healthy pipelines reported count is 0, required healthy pipeline reported count is 1
2022-06-21 13:52:40,421 [pool-119-thread-1] INFO  server.RaftServerConfigKeys (ConfUtils.java:logGet(46)) - raft.server.log.appender.install.snapshot.enabled = false (custom)
2022-06-21 13:52:40,421 [pool-119-thread-1] INFO  server.RaftServerConfigKeys (ConfUtils.java:logGet(46)) - raft.server.threadpool.server.cached = true (default)
2022-06-21 13:52:40,421 [pool-119-thread-1] INFO  server.RaftServerConfigKeys (ConfUtils.java:logGet(46)) - raft.server.threadpool.server.size = 0 (default)
2022-06-21 13:52:40,421 [pool-119-thread-1] INFO  server.RaftServerConfigKeys (ConfUtils.java:logGet(46)) - raft.server.threadpool.client.cached = true (default)
2022-06-21 13:52:40,421 [pool-119-thread-1] INFO  server.RaftServerConfigKeys (ConfUtils.java:logGet(46)) - raft.server.threadpool.client.size = 0 (default)
2022-06-21 13:52:40,421 [pool-119-thread-1] INFO  server.RaftServer$Division (RaftServerImpl.java:start(310)) - d64d628d-84bc-46a4-b938-9b06d3101fa8@group-AC126C41E521: start as a follower, conf=-1: [d64d628d-84bc-46a4-b938-9b06d3101fa8|rpc:10.1.0.15:45443|priority:1], old=null
2022-06-21 13:52:40,421 [pool-119-thread-1] INFO  server.RaftServer$Division (RaftServerImpl.java:setRole(299)) - d64d628d-84bc-46a4-b938-9b06d3101fa8@group-AC126C41E521: changes role from      null to FOLLOWER at term 0 for startAsFollower
2022-06-21 13:52:40,421 [pool-119-thread-1] INFO  impl.RoleInfo (RoleInfo.java:updateAndGet(139)) - d64d628d-84bc-46a4-b938-9b06d3101fa8: start d64d628d-84bc-46a4-b938-9b06d3101fa8@group-AC126C41E521-FollowerState
2022-06-21 13:52:40,422 [pool-119-thread-1] INFO  util.JmxRegister (JmxRegister.java:tryRegister(44)) - Successfully registered JMX Bean with object name Ratis:service=RaftServer,group=group-AC126C41E521,id=d64d628d-84bc-46a4-b938-9b06d3101fa8
2022-06-21 13:52:40,423 [Command processor thread] INFO  ratis.XceiverServerRatis (XceiverServerRatis.java:addGroup(765)) - Created group PipelineID=da6fb245-63ae-4ddf-9a08-ac126c41e521
2022-06-21 13:52:40,423 [Command processor thread] INFO  commandhandler.CreatePipelineCommandHandler (CreatePipelineCommandHandler.java:handle(113)) - Created Pipeline RATIS ONE PipelineID=da6fb245-63ae-4ddf-9a08-ac126c41e521.
2022-06-21 13:52:40,423 [pool-119-thread-1] INFO  server.RaftServer$Division (RaftServerImpl.java:start(310)) - d64d628d-84bc-46a4-b938-9b06d3101fa8@group-C524617F3809: start as a follower, conf=-1: [dfa3a740-454f-4489-b3be-017282a57706|rpc:10.1.0.15:41741|dataStream:|priority:1, d0cd1932-8d4e-4243-b37a-4fe60b6778b1|rpc:10.1.0.15:42757|dataStream:|priority:0, d64d628d-84bc-46a4-b938-9b06d3101fa8|rpc:10.1.0.15:45443|dataStream:|priority:0], old=null
2022-06-21 13:52:40,429 [pool-119-thread-1] INFO  server.RaftServer$Division (RaftServerImpl.java:setRole(299)) - d64d628d-84bc-46a4-b938-9b06d3101fa8@group-C524617F3809: changes role from      null to FOLLOWER at term 0 for startAsFollower
2022-06-21 13:52:40,429 [pool-119-thread-1] INFO  impl.RoleInfo (RoleInfo.java:updateAndGet(139)) - d64d628d-84bc-46a4-b938-9b06d3101fa8: start d64d628d-84bc-46a4-b938-9b06d3101fa8@group-C524617F3809-FollowerState
2022-06-21 13:52:40,429 [pool-119-thread-1] INFO  util.JmxRegister (JmxRegister.java:tryRegister(44)) - Successfully registered JMX Bean with object name Ratis:service=RaftServer,group=group-C524617F3809,id=d64d628d-84bc-46a4-b938-9b06d3101fa8
2022-06-21 13:52:40,482 [Command processor thread] INFO  commandhandler.CreatePipelineCommandHandler (CreatePipelineCommandHandler.java:handle(113)) - Created Pipeline RATIS THREE PipelineID=ec539ce4-0e7a-4a70-bae4-c524617f3809.
2022-06-21 13:52:40,487 [Command processor thread] INFO  commandhandler.CreatePipelineCommandHandler (CreatePipelineCommandHandler.java:handle(113)) - Created Pipeline RATIS THREE PipelineID=ec539ce4-0e7a-4a70-bae4-c524617f3809.
2022-06-21 13:52:40,692 [Command processor thread] INFO  server.RaftServer (RaftServerProxy.java:addNew(96)) - c9799e9e-32ad-41be-876b-db1cefc7f700: addNew group-6B2DB7330BF7:[c9799e9e-32ad-41be-876b-db1cefc7f700|rpc:10.1.0.15:37541|priority:1] returns group-6B2DB7330BF7:java.util.concurrent.CompletableFuture@3a17a94f[Not completed]
2022-06-21 13:52:40,697 [pool-142-thread-1] INFO  server.RaftServer$Division (RaftServerImpl.java:<init>(190)) - c9799e9e-32ad-41be-876b-db1cefc7f700: new RaftServerImpl for group-6B2DB7330BF7:[c9799e9e-32ad-41be-876b-db1cefc7f700|rpc:10.1.0.15:37541|priority:1] with ContainerStateMachine:uninitialized
2022-06-21 13:52:40,697 [pool-142-thread-1] INFO  server.RaftServerConfigKeys (ConfUtils.java:logGet(46)) - raft.server.rpc.timeout.min = 5s (custom)
2022-06-21 13:52:40,697 [pool-142-thread-1] INFO  server.RaftServerConfigKeys (ConfUtils.java:logGet(46)) - raft.server.rpc.timeout.max = 5200ms (custom)
2022-06-21 13:52:40,697 [pool-142-thread-1] INFO  server.RaftServerConfigKeys (ConfUtils.java:logGet(46)) - raft.server.rpc.sleep.time = 25ms (default)
2022-06-21 13:52:40,697 [pool-142-thread-1] INFO  server.RaftServerConfigKeys (ConfUtils.java:logGet(46)) - raft.server.rpc.slowness.timeout = 300s (custom)
2022-06-21 13:52:40,697 [pool-142-thread-1] INFO  server.RaftServerConfigKeys (ConfUtils.java:logGet(46)) - raft.server.leaderelection.leader.step-down.wait-time = 10s (default)
2022-06-21 13:52:40,697 [pool-142-thread-1] INFO  server.RaftServerConfigKeys (ConfUtils.java:logGet(46)) - raft.server.sleep.deviation.threshold = 300ms (default)
2022-06-21 13:52:40,697 [pool-142-thread-1] INFO  server.RaftServer$Division (ServerState.java:<init>(107)) - c9799e9e-32ad-41be-876b-db1cefc7f700@group-6B2DB7330BF7: ConfigurationManager, init=-1: [c9799e9e-32ad-41be-876b-db1cefc7f700|rpc:10.1.0.15:37541|priority:1], old=null, confs=<EMPTY_MAP>
2022-06-21 13:52:40,698 [pool-142-thread-1] INFO  server.RaftServerConfigKeys (ConfUtils.java:logGet(46)) - raft.server.storage.dir = [/home/runner/work/ozone/ozone/hadoop-ozone/integration-test/target/test-dir/MiniOzoneClusterImpl-e16419ed-4a79-4c69-a384-d99db5bfc06c/datanode-3/data/ratis] (custom)
2022-06-21 13:52:40,698 [pool-142-thread-1] INFO  server.RaftServerConfigKeys (ConfUtils.java:logGet(46)) - raft.server.log.corruption.policy = EXCEPTION (default)
2022-06-21 13:52:40,698 [pool-142-thread-1] INFO  server.RaftServerConfigKeys (ConfUtils.java:logGet(46)) - raft.server.storage.free-space.min = 0MB (=0) (default)
2022-06-21 13:52:40,698 [pool-142-thread-1] INFO  storage.RaftStorageDirectory (RaftStorageDirectoryImpl.java:analyzeStorage(135)) - The storage directory /home/runner/work/ozone/ozone/hadoop-ozone/integration-test/target/test-dir/MiniOzoneClusterImpl-e16419ed-4a79-4c69-a384-d99db5bfc06c/datanode-3/data/ratis/286ed792-ab95-4a2a-a191-6b2db7330bf7 does not exist. Creating ...
2022-06-21 13:52:40,699 [pool-142-thread-1] INFO  storage.RaftStorageDirectory (RaftStorageDirectoryImpl.java:tryLock(230)) - Lock on /home/runner/work/ozone/ozone/hadoop-ozone/integration-test/target/test-dir/MiniOzoneClusterImpl-e16419ed-4a79-4c69-a384-d99db5bfc06c/datanode-3/data/ratis/286ed792-ab95-4a2a-a191-6b2db7330bf7/in_use.lock acquired by nodename 17605@fv-az194-567
2022-06-21 13:52:40,701 [pool-142-thread-1] INFO  storage.RaftStorage (RaftStorageImpl.java:format(89)) - Storage directory /home/runner/work/ozone/ozone/hadoop-ozone/integration-test/target/test-dir/MiniOzoneClusterImpl-e16419ed-4a79-4c69-a384-d99db5bfc06c/datanode-3/data/ratis/286ed792-ab95-4a2a-a191-6b2db7330bf7 has been successfully formatted.
2022-06-21 13:52:40,701 [pool-142-thread-1] INFO  ratis.ContainerStateMachine (ContainerStateMachine.java:loadSnapshot(236)) - group-6B2DB7330BF7: The snapshot info is null. Setting the last applied indexto:(t:0, i:~)
2022-06-21 13:52:40,702 [pool-142-thread-1] INFO  server.RaftServerConfigKeys (ConfUtils.java:logGet(46)) - raft.server.notification.no-leader.timeout = 300s (custom)
2022-06-21 13:52:40,702 [pool-142-thread-1] INFO  server.RaftServerConfigKeys (ConfUtils.java:logGet(46)) - raft.server.log.use.memory = false (default)
2022-06-21 13:52:40,702 [pool-142-thread-1] INFO  server.RaftServerConfigKeys (ConfUtils.java:logGet(46)) - raft.server.log.purge.gap = 1000000 (custom)
2022-06-21 13:52:40,702 [pool-142-thread-1] INFO  server.RaftServerConfigKeys (ConfUtils.java:logGet(46)) - raft.server.log.appender.buffer.byte-limit = 33554432 (custom)
2022-06-21 13:52:40,704 [EventQueue-PipelineReportForPipelineReportHandler] INFO  pipeline.PipelineManagerImpl (PipelineManagerImpl.java:openPipeline(356)) - Pipeline Pipeline[ Id: 286ed792-ab95-4a2a-a191-6b2db7330bf7, Nodes: c9799e9e-32ad-41be-876b-db1cefc7f700{ip: 10.1.0.15, host: fv-az194-567.vahfjs35atkulmpwh5ujf4txfe.jx.internal.cloudapp.net, ports: [REPLICATION=37895, RATIS=37541, RATIS_ADMIN=37541, RATIS_SERVER=37541, STANDALONE=43517], networkLocation: /default-rack, certSerialId: null, persistedOpState: IN_SERVICE, persistedOpStateExpiryEpochSec: 0}, ReplicationConfig: RATIS/ONE, State:ALLOCATED, leaderId:c9799e9e-32ad-41be-876b-db1cefc7f700, CreationTimestamp2022-06-21T13:52:37.697Z[Etc/UTC]] moved to OPEN state
2022-06-21 13:52:40,704 [pool-142-thread-1] INFO  server.RaftServerConfigKeys (ConfUtils.java:logGet(46)) - raft.server.log.statemachine.data.read.timeout = 1000ms (default)
2022-06-21 13:52:40,704 [EventQueue-OpenPipelineForHealthyPipelineSafeModeRule] INFO  safemode.SCMSafeModeManager (HealthyPipelineSafeModeRule.java:process(124)) - SCM in safe mode. Healthy pipelines reported count is 0, required healthy pipeline reported count is 1
2022-06-21 13:52:40,707 [pool-142-thread-1] INFO  server.RaftServerConfigKeys (ConfUtils.java:logGet(46)) - raft.server.log.segment.size.max = 1048576 (custom)
2022-06-21 13:52:40,707 [pool-142-thread-1] INFO  server.RaftServerConfigKeys (ConfUtils.java:logGet(46)) - raft.server.log.segment.cache.num.max = 2 (custom)
2022-06-21 13:52:40,708 [pool-142-thread-1] INFO  server.RaftServerConfigKeys (ConfUtils.java:logGet(46)) - raft.server.log.segment.cache.size.max = 200MB (=209715200) (default)
2022-06-21 13:52:40,708 [pool-142-thread-1] INFO  segmented.SegmentedRaftLogWorker (SegmentedRaftLogWorker.java:<init>(187)) - new c9799e9e-32ad-41be-876b-db1cefc7f700@group-6B2DB7330BF7-SegmentedRaftLogWorker for RaftStorageImpl:Storage Directory /home/runner/work/ozone/ozone/hadoop-ozone/integration-test/target/test-dir/MiniOzoneClusterImpl-e16419ed-4a79-4c69-a384-d99db5bfc06c/datanode-3/data/ratis/286ed792-ab95-4a2a-a191-6b2db7330bf7
2022-06-21 13:52:40,708 [pool-142-thread-1] INFO  server.RaftServerConfigKeys (ConfUtils.java:logGet(46)) - raft.server.log.queue.byte-limit = 4294967296 (custom)
2022-06-21 13:52:40,708 [pool-142-thread-1] INFO  server.RaftServerConfigKeys (ConfUtils.java:logGet(46)) - raft.server.log.queue.element-limit = 1024 (custom)
2022-06-21 13:52:40,708 [pool-142-thread-1] INFO  server.RaftServerConfigKeys (ConfUtils.java:logGet(46)) - raft.server.log.segment.size.max = 1048576 (custom)
2022-06-21 13:52:40,708 [pool-142-thread-1] INFO  server.RaftServerConfigKeys (ConfUtils.java:logGet(46)) - raft.server.log.preallocated.size = 16384 (custom)
2022-06-21 13:52:40,708 [pool-142-thread-1] INFO  server.RaftServerConfigKeys (ConfUtils.java:logGet(46)) - raft.server.log.force.sync.num = 128 (default)
2022-06-21 13:52:40,708 [pool-142-thread-1] INFO  server.RaftServerConfigKeys (ConfUtils.java:logGet(46)) - raft.server.log.statemachine.data.sync = true (default)
2022-06-21 13:52:40,708 [pool-142-thread-1] INFO  server.RaftServerConfigKeys (ConfUtils.java:logGet(46)) - raft.server.log.statemachine.data.sync.timeout = 10s (default)
2022-06-21 13:52:40,708 [pool-142-thread-1] INFO  server.RaftServerConfigKeys (ConfUtils.java:logGet(46)) - raft.server.log.statemachine.data.sync.timeout.retry = -1 (default)
2022-06-21 13:52:40,709 [pool-142-thread-1] INFO  server.RaftServerConfigKeys (ConfUtils.java:logGet(46)) - raft.server.log.write.buffer.size = 1048576 (custom)
2022-06-21 13:52:40,710 [pool-142-thread-1] INFO  server.RaftServerConfigKeys (ConfUtils.java:logGet(46)) - raft.server.log.unsafe-flush.enabled = false (default)
2022-06-21 13:52:40,710 [pool-142-thread-1] INFO  server.RaftServerConfigKeys (ConfUtils.java:logGet(46)) - raft.server.log.statemachine.data.caching.enabled = true (custom)
2022-06-21 13:52:40,710 [pool-142-thread-1] INFO  segmented.SegmentedRaftLogWorker (SegmentedRaftLogWorker.java:lambda$new$0(135)) - c9799e9e-32ad-41be-876b-db1cefc7f700@group-6B2DB7330BF7-SegmentedRaftLogWorker: flushIndex: setUnconditionally 0 -> -1
2022-06-21 13:52:40,710 [pool-142-thread-1] INFO  segmented.SegmentedRaftLogWorker (SegmentedRaftLogWorker.java:lambda$new$0(135)) - c9799e9e-32ad-41be-876b-db1cefc7f700@group-6B2DB7330BF7-SegmentedRaftLogWorker: safeCacheEvictIndex: setUnconditionally 0 -> -1
2022-06-21 13:52:40,710 [pool-142-thread-1] INFO  server.RaftServerConfigKeys (ConfUtils.java:logGet(46)) - raft.server.snapshot.auto.trigger.enabled = true (custom)
2022-06-21 13:52:40,710 [pool-142-thread-1] INFO  server.RaftServerConfigKeys (ConfUtils.java:logGet(46)) - raft.server.snapshot.auto.trigger.threshold = 10000 (custom)
2022-06-21 13:52:40,710 [pool-142-thread-1] INFO  server.RaftServerConfigKeys (ConfUtils.java:logGet(46)) - raft.server.snapshot.retention.file.num = 5 (custom)
2022-06-21 13:52:40,710 [pool-142-thread-1] INFO  server.RaftServerConfigKeys (ConfUtils.java:logGet(46)) - raft.server.log.purge.upto.snapshot.index = false (default)
2022-06-21 13:52:40,711 [pool-142-thread-1] INFO  server.RaftServerConfigKeys (ConfUtils.java:logGet(46)) - raft.server.retrycache.expirytime = 600000ms (custom)
2022-06-21 13:52:40,711 [pool-142-thread-1] INFO  server.RaftServerConfigKeys (ConfUtils.java:logGet(46)) - raft.server.retrycache.statistics.expirytime = 100μs (default)
2022-06-21 13:52:40,712 [pool-142-thread-1] INFO  server.RaftServerConfigKeys (ConfUtils.java:logGet(46)) - raft.server.log.appender.install.snapshot.enabled = false (custom)
2022-06-21 13:52:40,712 [pool-142-thread-1] INFO  server.RaftServerConfigKeys (ConfUtils.java:logGet(46)) - raft.server.threadpool.server.cached = true (default)
2022-06-21 13:52:40,712 [pool-142-thread-1] INFO  server.RaftServerConfigKeys (ConfUtils.java:logGet(46)) - raft.server.threadpool.server.size = 0 (default)
2022-06-21 13:52:40,712 [pool-142-thread-1] INFO  server.RaftServerConfigKeys (ConfUtils.java:logGet(46)) - raft.server.threadpool.client.cached = true (default)
2022-06-21 13:52:40,712 [pool-142-thread-1] INFO  server.RaftServerConfigKeys (ConfUtils.java:logGet(46)) - raft.server.threadpool.client.size = 0 (default)
2022-06-21 13:52:40,712 [pool-142-thread-1] INFO  server.RaftServer$Division (RaftServerImpl.java:start(310)) - c9799e9e-32ad-41be-876b-db1cefc7f700@group-6B2DB7330BF7: start as a follower, conf=-1: [c9799e9e-32ad-41be-876b-db1cefc7f700|rpc:10.1.0.15:37541|priority:1], old=null
2022-06-21 13:52:40,712 [pool-142-thread-1] INFO  server.RaftServer$Division (RaftServerImpl.java:setRole(299)) - c9799e9e-32ad-41be-876b-db1cefc7f700@group-6B2DB7330BF7: changes role from      null to FOLLOWER at term 0 for startAsFollower
2022-06-21 13:52:40,712 [pool-142-thread-1] INFO  impl.RoleInfo (RoleInfo.java:updateAndGet(139)) - c9799e9e-32ad-41be-876b-db1cefc7f700: start c9799e9e-32ad-41be-876b-db1cefc7f700@group-6B2DB7330BF7-FollowerState
2022-06-21 13:52:40,714 [pool-142-thread-1] INFO  util.JmxRegister (JmxRegister.java:tryRegister(44)) - Successfully registered JMX Bean with object name Ratis:service=RaftServer,group=group-6B2DB7330BF7,id=c9799e9e-32ad-41be-876b-db1cefc7f700
2022-06-21 13:52:40,715 [Command processor thread] INFO  ratis.XceiverServerRatis (XceiverServerRatis.java:addGroup(765)) - Created group PipelineID=286ed792-ab95-4a2a-a191-6b2db7330bf7
2022-06-21 13:52:40,715 [Command processor thread] INFO  commandhandler.CreatePipelineCommandHandler (CreatePipelineCommandHandler.java:handle(113)) - Created Pipeline RATIS ONE PipelineID=286ed792-ab95-4a2a-a191-6b2db7330bf7.
2022-06-21 13:52:41,014 [Listener at 127.0.0.1/44727] INFO  ozone.MiniOzoneClusterImpl (MiniOzoneClusterImpl.java:lambda$waitForClusterToBeReady$0(222)) - Nodes are ready. Got 5 of 5 DN Heartbeats.
2022-06-21 13:52:41,014 [Listener at 127.0.0.1/44727] INFO  ozone.MiniOzoneClusterImpl (MiniOzoneClusterImpl.java:lambda$waitForClusterToBeReady$0(225)) - Waiting for cluster to exit safe mode
2022-06-21 13:52:41,015 [Listener at 127.0.0.1/44727] INFO  ozone.MiniOzoneClusterImpl (MiniOzoneClusterImpl.java:lambda$waitForClusterToBeReady$0(227)) - SCM became leader
2022-06-21 13:52:41,017 [Command processor thread] INFO  server.RaftServer (RaftServerProxy.java:addNew(96)) - 102d38b5-77ec-475a-945b-de2dedc34e4f: addNew group-4FEC5D3AD52A:[102d38b5-77ec-475a-945b-de2dedc34e4f|rpc:10.1.0.15:41439|priority:1] returns group-4FEC5D3AD52A:java.util.concurrent.CompletableFuture@d74427b[Not completed]
2022-06-21 13:52:41,025 [pool-165-thread-1] INFO  server.RaftServer$Division (RaftServerImpl.java:<init>(190)) - 102d38b5-77ec-475a-945b-de2dedc34e4f: new RaftServerImpl for group-4FEC5D3AD52A:[102d38b5-77ec-475a-945b-de2dedc34e4f|rpc:10.1.0.15:41439|priority:1] with ContainerStateMachine:uninitialized
2022-06-21 13:52:41,025 [pool-165-thread-1] INFO  server.RaftServerConfigKeys (ConfUtils.java:logGet(46)) - raft.server.rpc.timeout.min = 5s (custom)
2022-06-21 13:52:41,025 [pool-165-thread-1] INFO  server.RaftServerConfigKeys (ConfUtils.java:logGet(46)) - raft.server.rpc.timeout.max = 5200ms (custom)
2022-06-21 13:52:41,025 [pool-165-thread-1] INFO  server.RaftServerConfigKeys (ConfUtils.java:logGet(46)) - raft.server.rpc.sleep.time = 25ms (default)
2022-06-21 13:52:41,025 [pool-165-thread-1] INFO  server.RaftServerConfigKeys (ConfUtils.java:logGet(46)) - raft.server.rpc.slowness.timeout = 300s (custom)
2022-06-21 13:52:41,025 [pool-165-thread-1] INFO  server.RaftServerConfigKeys (ConfUtils.java:logGet(46)) - raft.server.leaderelection.leader.step-down.wait-time = 10s (default)
2022-06-21 13:52:41,025 [pool-165-thread-1] INFO  server.RaftServerConfigKeys (ConfUtils.java:logGet(46)) - raft.server.sleep.deviation.threshold = 300ms (default)
2022-06-21 13:52:41,025 [pool-165-thread-1] INFO  server.RaftServer$Division (ServerState.java:<init>(107)) - 102d38b5-77ec-475a-945b-de2dedc34e4f@group-4FEC5D3AD52A: ConfigurationManager, init=-1: [102d38b5-77ec-475a-945b-de2dedc34e4f|rpc:10.1.0.15:41439|priority:1], old=null, confs=<EMPTY_MAP>
2022-06-21 13:52:41,025 [pool-165-thread-1] INFO  server.RaftServerConfigKeys (ConfUtils.java:logGet(46)) - raft.server.storage.dir = [/home/runner/work/ozone/ozone/hadoop-ozone/integration-test/target/test-dir/MiniOzoneClusterImpl-e16419ed-4a79-4c69-a384-d99db5bfc06c/datanode-4/data/ratis] (custom)
2022-06-21 13:52:41,025 [pool-165-thread-1] INFO  server.RaftServerConfigKeys (ConfUtils.java:logGet(46)) - raft.server.log.corruption.policy = EXCEPTION (default)
2022-06-21 13:52:41,025 [pool-165-thread-1] INFO  server.RaftServerConfigKeys (ConfUtils.java:logGet(46)) - raft.server.storage.free-space.min = 0MB (=0) (default)
2022-06-21 13:52:41,026 [pool-165-thread-1] INFO  storage.RaftStorageDirectory (RaftStorageDirectoryImpl.java:analyzeStorage(135)) - The storage directory /home/runner/work/ozone/ozone/hadoop-ozone/integration-test/target/test-dir/MiniOzoneClusterImpl-e16419ed-4a79-4c69-a384-d99db5bfc06c/datanode-4/data/ratis/96797442-6d75-4a04-be51-4fec5d3ad52a does not exist. Creating ...
2022-06-21 13:52:41,027 [pool-165-thread-1] INFO  storage.RaftStorageDirectory (RaftStorageDirectoryImpl.java:tryLock(230)) - Lock on /home/runner/work/ozone/ozone/hadoop-ozone/integration-test/target/test-dir/MiniOzoneClusterImpl-e16419ed-4a79-4c69-a384-d99db5bfc06c/datanode-4/data/ratis/96797442-6d75-4a04-be51-4fec5d3ad52a/in_use.lock acquired by nodename 17605@fv-az194-567
2022-06-21 13:52:41,028 [pool-165-thread-1] INFO  storage.RaftStorage (RaftStorageImpl.java:format(89)) - Storage directory /home/runner/work/ozone/ozone/hadoop-ozone/integration-test/target/test-dir/MiniOzoneClusterImpl-e16419ed-4a79-4c69-a384-d99db5bfc06c/datanode-4/data/ratis/96797442-6d75-4a04-be51-4fec5d3ad52a has been successfully formatted.
2022-06-21 13:52:41,029 [pool-165-thread-1] INFO  ratis.ContainerStateMachine (ContainerStateMachine.java:loadSnapshot(236)) - group-4FEC5D3AD52A: The snapshot info is null. Setting the last applied indexto:(t:0, i:~)
2022-06-21 13:52:41,030 [pool-165-thread-1] INFO  server.RaftServerConfigKeys (ConfUtils.java:logGet(46)) - raft.server.notification.no-leader.timeout = 300s (custom)
2022-06-21 13:52:41,030 [pool-165-thread-1] INFO  server.RaftServerConfigKeys (ConfUtils.java:logGet(46)) - raft.server.log.use.memory = false (default)
2022-06-21 13:52:41,030 [pool-165-thread-1] INFO  server.RaftServerConfigKeys (ConfUtils.java:logGet(46)) - raft.server.log.purge.gap = 1000000 (custom)
2022-06-21 13:52:41,030 [pool-165-thread-1] INFO  server.RaftServerConfigKeys (ConfUtils.java:logGet(46)) - raft.server.log.appender.buffer.byte-limit = 33554432 (custom)
2022-06-21 13:52:41,030 [pool-165-thread-1] INFO  server.RaftServerConfigKeys (ConfUtils.java:logGet(46)) - raft.server.log.statemachine.data.read.timeout = 1000ms (default)
2022-06-21 13:52:41,031 [EventQueue-PipelineReportForPipelineReportHandler] INFO  pipeline.PipelineManagerImpl (PipelineManagerImpl.java:openPipeline(356)) - Pipeline Pipeline[ Id: 96797442-6d75-4a04-be51-4fec5d3ad52a, Nodes: 102d38b5-77ec-475a-945b-de2dedc34e4f{ip: 10.1.0.15, host: fv-az194-567.vahfjs35atkulmpwh5ujf4txfe.jx.internal.cloudapp.net, ports: [REPLICATION=45765, RATIS=41439, RATIS_ADMIN=41439, RATIS_SERVER=41439, STANDALONE=39115], networkLocation: /default-rack, certSerialId: null, persistedOpState: IN_SERVICE, persistedOpStateExpiryEpochSec: 0}, ReplicationConfig: RATIS/ONE, State:ALLOCATED, leaderId:102d38b5-77ec-475a-945b-de2dedc34e4f, CreationTimestamp2022-06-21T13:52:38.019Z[Etc/UTC]] moved to OPEN state
2022-06-21 13:52:41,032 [EventQueue-OpenPipelineForHealthyPipelineSafeModeRule] INFO  safemode.SCMSafeModeManager (HealthyPipelineSafeModeRule.java:process(124)) - SCM in safe mode. Healthy pipelines reported count is 0, required healthy pipeline reported count is 1
2022-06-21 13:52:41,032 [pool-165-thread-1] INFO  server.RaftServerConfigKeys (ConfUtils.java:logGet(46)) - raft.server.log.segment.size.max = 1048576 (custom)
2022-06-21 13:52:41,033 [pool-165-thread-1] INFO  server.RaftServerConfigKeys (ConfUtils.java:logGet(46)) - raft.server.log.segment.cache.num.max = 2 (custom)
2022-06-21 13:52:41,033 [pool-165-thread-1] INFO  server.RaftServerConfigKeys (ConfUtils.java:logGet(46)) - raft.server.log.segment.cache.size.max = 200MB (=209715200) (default)
2022-06-21 13:52:41,033 [pool-165-thread-1] INFO  segmented.SegmentedRaftLogWorker (SegmentedRaftLogWorker.java:<init>(187)) - new 102d38b5-77ec-475a-945b-de2dedc34e4f@group-4FEC5D3AD52A-SegmentedRaftLogWorker for RaftStorageImpl:Storage Directory /home/runner/work/ozone/ozone/hadoop-ozone/integration-test/target/test-dir/MiniOzoneClusterImpl-e16419ed-4a79-4c69-a384-d99db5bfc06c/datanode-4/data/ratis/96797442-6d75-4a04-be51-4fec5d3ad52a
2022-06-21 13:52:41,034 [pool-165-thread-1] INFO  server.RaftServerConfigKeys (ConfUtils.java:logGet(46)) - raft.server.log.queue.byte-limit = 4294967296 (custom)
2022-06-21 13:52:41,034 [pool-165-thread-1] INFO  server.RaftServerConfigKeys (ConfUtils.java:logGet(46)) - raft.server.log.queue.element-limit = 1024 (custom)
2022-06-21 13:52:41,034 [pool-165-thread-1] INFO  server.RaftServerConfigKeys (ConfUtils.java:logGet(46)) - raft.server.log.segment.size.max = 1048576 (custom)
2022-06-21 13:52:41,034 [pool-165-thread-1] INFO  server.RaftServerConfigKeys (ConfUtils.java:logGet(46)) - raft.server.log.preallocated.size = 16384 (custom)
2022-06-21 13:52:41,034 [pool-165-thread-1] INFO  server.RaftServerConfigKeys (ConfUtils.java:logGet(46)) - raft.server.log.force.sync.num = 128 (default)
2022-06-21 13:52:41,034 [pool-165-thread-1] INFO  server.RaftServerConfigKeys (ConfUtils.java:logGet(46)) - raft.server.log.statemachine.data.sync = true (default)
2022-06-21 13:52:41,034 [pool-165-thread-1] INFO  server.RaftServerConfigKeys (ConfUtils.java:logGet(46)) - raft.server.log.statemachine.data.sync.timeout = 10s (default)
2022-06-21 13:52:41,034 [pool-165-thread-1] INFO  server.RaftServerConfigKeys (ConfUtils.java:logGet(46)) - raft.server.log.statemachine.data.sync.timeout.retry = -1 (default)
2022-06-21 13:52:41,035 [pool-165-thread-1] INFO  server.RaftServerConfigKeys (ConfUtils.java:logGet(46)) - raft.server.log.write.buffer.size = 1048576 (custom)
2022-06-21 13:52:41,035 [pool-165-thread-1] INFO  server.RaftServerConfigKeys (ConfUtils.java:logGet(46)) - raft.server.log.unsafe-flush.enabled = false (default)
2022-06-21 13:52:41,035 [pool-165-thread-1] INFO  server.RaftServerConfigKeys (ConfUtils.java:logGet(46)) - raft.server.log.statemachine.data.caching.enabled = true (custom)
2022-06-21 13:52:41,036 [pool-165-thread-1] INFO  segmented.SegmentedRaftLogWorker (SegmentedRaftLogWorker.java:lambda$new$0(135)) - 102d38b5-77ec-475a-945b-de2dedc34e4f@group-4FEC5D3AD52A-SegmentedRaftLogWorker: flushIndex: setUnconditionally 0 -> -1
2022-06-21 13:52:41,036 [pool-165-thread-1] INFO  segmented.SegmentedRaftLogWorker (SegmentedRaftLogWorker.java:lambda$new$0(135)) - 102d38b5-77ec-475a-945b-de2dedc34e4f@group-4FEC5D3AD52A-SegmentedRaftLogWorker: safeCacheEvictIndex: setUnconditionally 0 -> -1
2022-06-21 13:52:41,036 [pool-165-thread-1] INFO  server.RaftServerConfigKeys (ConfUtils.java:logGet(46)) - raft.server.snapshot.auto.trigger.enabled = true (custom)
2022-06-21 13:52:41,036 [pool-165-thread-1] INFO  server.RaftServerConfigKeys (ConfUtils.java:logGet(46)) - raft.server.snapshot.auto.trigger.threshold = 10000 (custom)
2022-06-21 13:52:41,036 [pool-165-thread-1] INFO  server.RaftServerConfigKeys (ConfUtils.java:logGet(46)) - raft.server.snapshot.retention.file.num = 5 (custom)
2022-06-21 13:52:41,036 [pool-165-thread-1] INFO  server.RaftServerConfigKeys (ConfUtils.java:logGet(46)) - raft.server.log.purge.upto.snapshot.index = false (default)
2022-06-21 13:52:41,036 [pool-165-thread-1] INFO  server.RaftServerConfigKeys (ConfUtils.java:logGet(46)) - raft.server.retrycache.expirytime = 600000ms (custom)
2022-06-21 13:52:41,036 [pool-165-thread-1] INFO  server.RaftServerConfigKeys (ConfUtils.java:logGet(46)) - raft.server.retrycache.statistics.expirytime = 100μs (default)
2022-06-21 13:52:41,037 [pool-165-thread-1] INFO  server.RaftServerConfigKeys (ConfUtils.java:logGet(46)) - raft.server.log.appender.install.snapshot.enabled = false (custom)
2022-06-21 13:52:41,037 [pool-165-thread-1] INFO  server.RaftServerConfigKeys (ConfUtils.java:logGet(46)) - raft.server.threadpool.server.cached = true (default)
2022-06-21 13:52:41,037 [pool-165-thread-1] INFO  server.RaftServerConfigKeys (ConfUtils.java:logGet(46)) - raft.server.threadpool.server.size = 0 (default)
2022-06-21 13:52:41,037 [pool-165-thread-1] INFO  server.RaftServerConfigKeys (ConfUtils.java:logGet(46)) - raft.server.threadpool.client.cached = true (default)
2022-06-21 13:52:41,037 [pool-165-thread-1] INFO  server.RaftServerConfigKeys (ConfUtils.java:logGet(46)) - raft.server.threadpool.client.size = 0 (default)
2022-06-21 13:52:41,037 [pool-165-thread-1] INFO  server.RaftServer$Division (RaftServerImpl.java:start(310)) - 102d38b5-77ec-475a-945b-de2dedc34e4f@group-4FEC5D3AD52A: start as a follower, conf=-1: [102d38b5-77ec-475a-945b-de2dedc34e4f|rpc:10.1.0.15:41439|priority:1], old=null
2022-06-21 13:52:41,037 [pool-165-thread-1] INFO  server.RaftServer$Division (RaftServerImpl.java:setRole(299)) - 102d38b5-77ec-475a-945b-de2dedc34e4f@group-4FEC5D3AD52A: changes role from      null to FOLLOWER at term 0 for startAsFollower
2022-06-21 13:52:41,037 [pool-165-thread-1] INFO  impl.RoleInfo (RoleInfo.java:updateAndGet(139)) - 102d38b5-77ec-475a-945b-de2dedc34e4f: start 102d38b5-77ec-475a-945b-de2dedc34e4f@group-4FEC5D3AD52A-FollowerState
2022-06-21 13:52:41,038 [pool-165-thread-1] INFO  util.JmxRegister (JmxRegister.java:tryRegister(44)) - Successfully registered JMX Bean with object name Ratis:service=RaftServer,group=group-4FEC5D3AD52A,id=102d38b5-77ec-475a-945b-de2dedc34e4f
2022-06-21 13:52:41,043 [Command processor thread] INFO  ratis.XceiverServerRatis (XceiverServerRatis.java:addGroup(765)) - Created group PipelineID=96797442-6d75-4a04-be51-4fec5d3ad52a
2022-06-21 13:52:41,043 [Command processor thread] INFO  commandhandler.CreatePipelineCommandHandler (CreatePipelineCommandHandler.java:handle(113)) - Created Pipeline RATIS ONE PipelineID=96797442-6d75-4a04-be51-4fec5d3ad52a.
2022-06-21 13:52:42,015 [Listener at 127.0.0.1/44727] INFO  ozone.MiniOzoneClusterImpl (MiniOzoneClusterImpl.java:lambda$waitForClusterToBeReady$0(222)) - Nodes are ready. Got 5 of 5 DN Heartbeats.
2022-06-21 13:52:42,015 [Listener at 127.0.0.1/44727] INFO  ozone.MiniOzoneClusterImpl (MiniOzoneClusterImpl.java:lambda$waitForClusterToBeReady$0(225)) - Waiting for cluster to exit safe mode
2022-06-21 13:52:42,016 [Listener at 127.0.0.1/44727] INFO  ozone.MiniOzoneClusterImpl (MiniOzoneClusterImpl.java:lambda$waitForClusterToBeReady$0(227)) - SCM became leader
2022-06-21 13:52:43,016 [Listener at 127.0.0.1/44727] INFO  ozone.MiniOzoneClusterImpl (MiniOzoneClusterImpl.java:lambda$waitForClusterToBeReady$0(222)) - Nodes are ready. Got 5 of 5 DN Heartbeats.
2022-06-21 13:52:43,017 [Listener at 127.0.0.1/44727] INFO  ozone.MiniOzoneClusterImpl (MiniOzoneClusterImpl.java:lambda$waitForClusterToBeReady$0(225)) - Waiting for cluster to exit safe mode
2022-06-21 13:52:43,017 [Listener at 127.0.0.1/44727] INFO  ozone.MiniOzoneClusterImpl (MiniOzoneClusterImpl.java:lambda$waitForClusterToBeReady$0(227)) - SCM became leader
2022-06-21 13:52:44,017 [Listener at 127.0.0.1/44727] INFO  ozone.MiniOzoneClusterImpl (MiniOzoneClusterImpl.java:lambda$waitForClusterToBeReady$0(222)) - Nodes are ready. Got 5 of 5 DN Heartbeats.
2022-06-21 13:52:44,018 [Listener at 127.0.0.1/44727] INFO  ozone.MiniOzoneClusterImpl (MiniOzoneClusterImpl.java:lambda$waitForClusterToBeReady$0(225)) - Waiting for cluster to exit safe mode
2022-06-21 13:52:44,018 [Listener at 127.0.0.1/44727] INFO  ozone.MiniOzoneClusterImpl (MiniOzoneClusterImpl.java:lambda$waitForClusterToBeReady$0(227)) - SCM became leader
2022-06-21 13:52:44,558 [d0cd1932-8d4e-4243-b37a-4fe60b6778b1@group-4EE5FE8175F0-FollowerState] INFO  impl.FollowerState (FollowerState.java:run(143)) - d0cd1932-8d4e-4243-b37a-4fe60b6778b1@group-4EE5FE8175F0-FollowerState: change to CANDIDATE, lastRpcElapsedTime:5021645011ns, electionTimeout:5015ms
2022-06-21 13:52:44,558 [d0cd1932-8d4e-4243-b37a-4fe60b6778b1@group-4EE5FE8175F0-FollowerState] INFO  impl.RoleInfo (RoleInfo.java:shutdownFollowerState(110)) - d0cd1932-8d4e-4243-b37a-4fe60b6778b1: shutdown d0cd1932-8d4e-4243-b37a-4fe60b6778b1@group-4EE5FE8175F0-FollowerState
2022-06-21 13:52:44,559 [d0cd1932-8d4e-4243-b37a-4fe60b6778b1@group-4EE5FE8175F0-FollowerState] INFO  server.RaftServer$Division (RaftServerImpl.java:setRole(299)) - d0cd1932-8d4e-4243-b37a-4fe60b6778b1@group-4EE5FE8175F0: changes role from  FOLLOWER to CANDIDATE at term 0 for changeToCandidate
2022-06-21 13:52:44,559 [d0cd1932-8d4e-4243-b37a-4fe60b6778b1@group-4EE5FE8175F0-FollowerState] INFO  server.RaftServerConfigKeys (ConfUtils.java:logGet(46)) - raft.server.leaderelection.pre-vote = false (custom)
2022-06-21 13:52:44,559 [d0cd1932-8d4e-4243-b37a-4fe60b6778b1@group-4EE5FE8175F0-FollowerState] INFO  impl.RoleInfo (RoleInfo.java:updateAndGet(139)) - d0cd1932-8d4e-4243-b37a-4fe60b6778b1: start d0cd1932-8d4e-4243-b37a-4fe60b6778b1@group-4EE5FE8175F0-LeaderElection2
2022-06-21 13:52:44,570 [d0cd1932-8d4e-4243-b37a-4fe60b6778b1@group-4EE5FE8175F0-LeaderElection2] INFO  impl.LeaderElection (LeaderElection.java:askForVotes(310)) - d0cd1932-8d4e-4243-b37a-4fe60b6778b1@group-4EE5FE8175F0-LeaderElection2 ELECTION round 0: submit vote requests at term 1 for -1: [d0cd1932-8d4e-4243-b37a-4fe60b6778b1|rpc:10.1.0.15:42757|priority:1], old=null
2022-06-21 13:52:44,570 [d0cd1932-8d4e-4243-b37a-4fe60b6778b1@group-4EE5FE8175F0-LeaderElection2] INFO  impl.LeaderElection (LeaderElection.java:askForVotes(312)) - d0cd1932-8d4e-4243-b37a-4fe60b6778b1@group-4EE5FE8175F0-LeaderElection2 ELECTION round 0: result PASSED (term=1)
2022-06-21 13:52:44,570 [d0cd1932-8d4e-4243-b37a-4fe60b6778b1@group-4EE5FE8175F0-LeaderElection2] INFO  impl.RoleInfo (RoleInfo.java:shutdownLeaderElection(130)) - d0cd1932-8d4e-4243-b37a-4fe60b6778b1: shutdown d0cd1932-8d4e-4243-b37a-4fe60b6778b1@group-4EE5FE8175F0-LeaderElection2
2022-06-21 13:52:44,570 [d0cd1932-8d4e-4243-b37a-4fe60b6778b1@group-4EE5FE8175F0-LeaderElection2] INFO  server.RaftServer$Division (RaftServerImpl.java:setRole(299)) - d0cd1932-8d4e-4243-b37a-4fe60b6778b1@group-4EE5FE8175F0: changes role from CANDIDATE to LEADER at term 1 for changeToLeader
2022-06-21 13:52:44,570 [d0cd1932-8d4e-4243-b37a-4fe60b6778b1@group-4EE5FE8175F0-LeaderElection2] INFO  ratis.XceiverServerRatis (XceiverServerRatis.java:handleLeaderChangedNotification(863)) - Leader change notification received for group: group-4EE5FE8175F0 with new leaderId: d0cd1932-8d4e-4243-b37a-4fe60b6778b1
2022-06-21 13:52:44,571 [d0cd1932-8d4e-4243-b37a-4fe60b6778b1@group-4EE5FE8175F0-LeaderElection2] INFO  server.RaftServer$Division (ServerState.java:setLeader(287)) - d0cd1932-8d4e-4243-b37a-4fe60b6778b1@group-4EE5FE8175F0: change Leader from null to d0cd1932-8d4e-4243-b37a-4fe60b6778b1 at term 1 for becomeLeader, leader elected after 5056ms
2022-06-21 13:52:44,571 [d0cd1932-8d4e-4243-b37a-4fe60b6778b1@group-4EE5FE8175F0-LeaderElection2] INFO  server.RaftServerConfigKeys (ConfUtils.java:logGet(46)) - raft.server.staging.catchup.gap = 1000 (default)
2022-06-21 13:52:44,571 [d0cd1932-8d4e-4243-b37a-4fe60b6778b1@group-4EE5FE8175F0-LeaderElection2] INFO  server.RaftServerConfigKeys (ConfUtils.java:logGet(46)) - raft.server.write.element-limit = 1024 (custom)
2022-06-21 13:52:44,571 [d0cd1932-8d4e-4243-b37a-4fe60b6778b1@group-4EE5FE8175F0-LeaderElection2] INFO  server.RaftServerConfigKeys (ConfUtils.java:logGet(46)) - raft.server.write.byte-limit = 1024 M (=1073741824) (custom)
2022-06-21 13:52:44,572 [d0cd1932-8d4e-4243-b37a-4fe60b6778b1@group-4EE5FE8175F0-LeaderElection2] INFO  server.RaftServerConfigKeys (ConfUtils.java:logGet(46)) - raft.server.watch.timeout = 180s (custom)
2022-06-21 13:52:44,572 [d0cd1932-8d4e-4243-b37a-4fe60b6778b1@group-4EE5FE8175F0-LeaderElection2] INFO  server.RaftServerConfigKeys (ConfUtils.java:logGet(46)) - raft.server.watch.timeout.denomination = 1s (default)
2022-06-21 13:52:44,572 [d0cd1932-8d4e-4243-b37a-4fe60b6778b1@group-4EE5FE8175F0-LeaderElection2] INFO  server.RaftServerConfigKeys (ConfUtils.java:logGet(46)) - raft.server.watch.element-limit = 65536 (default)
2022-06-21 13:52:44,572 [d0cd1932-8d4e-4243-b37a-4fe60b6778b1@group-4EE5FE8175F0-LeaderElection2] INFO  server.RaftServerConfigKeys (ConfUtils.java:logGet(46)) - raft.server.write.element-limit = 1024 (custom)
2022-06-21 13:52:44,572 [d0cd1932-8d4e-4243-b37a-4fe60b6778b1@group-4EE5FE8175F0-LeaderElection2] INFO  server.RaftServerConfigKeys (ConfUtils.java:logGet(46)) - raft.server.write.follower.gap.ratio.max = -1.0 (default)
2022-06-21 13:52:44,573 [d0cd1932-8d4e-4243-b37a-4fe60b6778b1@group-4EE5FE8175F0-LeaderElection2] INFO  impl.RoleInfo (RoleInfo.java:updateAndGet(139)) - d0cd1932-8d4e-4243-b37a-4fe60b6778b1: start d0cd1932-8d4e-4243-b37a-4fe60b6778b1@group-4EE5FE8175F0-LeaderStateImpl
2022-06-21 13:52:44,573 [d0cd1932-8d4e-4243-b37a-4fe60b6778b1@group-4EE5FE8175F0-LeaderElection2] INFO  segmented.SegmentedRaftLogWorker (SegmentedRaftLogWorker.java:startLogSegment(425)) - d0cd1932-8d4e-4243-b37a-4fe60b6778b1@group-4EE5FE8175F0-SegmentedRaftLogWorker: Starting segment from index:0
2022-06-21 13:52:44,575 [EventQueue-OpenPipelineForHealthyPipelineSafeModeRule] INFO  safemode.SCMSafeModeManager (HealthyPipelineSafeModeRule.java:process(124)) - SCM in safe mode. Healthy pipelines reported count is 0, required healthy pipeline reported count is 1
2022-06-21 13:52:44,576 [d0cd1932-8d4e-4243-b37a-4fe60b6778b1@group-4EE5FE8175F0-SegmentedRaftLogWorker] INFO  segmented.SegmentedRaftLogWorker (SegmentedRaftLogWorker.java:execute(629)) - d0cd1932-8d4e-4243-b37a-4fe60b6778b1@group-4EE5FE8175F0-SegmentedRaftLogWorker: created new log segment /home/runner/work/ozone/ozone/hadoop-ozone/integration-test/target/test-dir/MiniOzoneClusterImpl-e16419ed-4a79-4c69-a384-d99db5bfc06c/datanode-0/data/ratis/f63476f9-ec88-40cd-8710-4ee5fe8175f0/current/log_inprogress_0
2022-06-21 13:52:44,580 [d0cd1932-8d4e-4243-b37a-4fe60b6778b1@group-4EE5FE8175F0-LeaderElection2] INFO  server.RaftServer$Division (ServerState.java:setRaftConf(393)) - d0cd1932-8d4e-4243-b37a-4fe60b6778b1@group-4EE5FE8175F0: set configuration 0: [d0cd1932-8d4e-4243-b37a-4fe60b6778b1|rpc:10.1.0.15:42757|dataStream:|priority:1], old=null
2022-06-21 13:52:44,628 [d0cd1932-8d4e-4243-b37a-4fe60b6778b1@group-0F5A7F649100-FollowerState] INFO  impl.FollowerState (FollowerState.java:run(143)) - d0cd1932-8d4e-4243-b37a-4fe60b6778b1@group-0F5A7F649100-FollowerState: change to CANDIDATE, lastRpcElapsedTime:5063315559ns, electionTimeout:5062ms
2022-06-21 13:52:44,629 [d0cd1932-8d4e-4243-b37a-4fe60b6778b1@group-0F5A7F649100-FollowerState] INFO  impl.RoleInfo (RoleInfo.java:shutdownFollowerState(110)) - d0cd1932-8d4e-4243-b37a-4fe60b6778b1: shutdown d0cd1932-8d4e-4243-b37a-4fe60b6778b1@group-0F5A7F649100-FollowerState
2022-06-21 13:52:44,629 [d0cd1932-8d4e-4243-b37a-4fe60b6778b1@group-0F5A7F649100-FollowerState] INFO  server.RaftServer$Division (RaftServerImpl.java:setRole(299)) - d0cd1932-8d4e-4243-b37a-4fe60b6778b1@group-0F5A7F649100: changes role from  FOLLOWER to CANDIDATE at term 0 for changeToCandidate
2022-06-21 13:52:44,629 [d0cd1932-8d4e-4243-b37a-4fe60b6778b1@group-0F5A7F649100-FollowerState] INFO  server.RaftServerConfigKeys (ConfUtils.java:logGet(46)) - raft.server.leaderelection.pre-vote = false (custom)
2022-06-21 13:52:44,629 [d0cd1932-8d4e-4243-b37a-4fe60b6778b1@group-0F5A7F649100-FollowerState] INFO  impl.RoleInfo (RoleInfo.java:updateAndGet(139)) - d0cd1932-8d4e-4243-b37a-4fe60b6778b1: start d0cd1932-8d4e-4243-b37a-4fe60b6778b1@group-0F5A7F649100-LeaderElection3
2022-06-21 13:52:44,633 [d0cd1932-8d4e-4243-b37a-4fe60b6778b1@group-0F5A7F649100-LeaderElection3] INFO  impl.LeaderElection (LeaderElection.java:askForVotes(310)) - d0cd1932-8d4e-4243-b37a-4fe60b6778b1@group-0F5A7F649100-LeaderElection3 ELECTION round 0: submit vote requests at term 1 for -1: [dfa3a740-454f-4489-b3be-017282a57706|rpc:10.1.0.15:41741|priority:0, d0cd1932-8d4e-4243-b37a-4fe60b6778b1|rpc:10.1.0.15:42757|priority:1, d64d628d-84bc-46a4-b938-9b06d3101fa8|rpc:10.1.0.15:45443|priority:0], old=null
2022-06-21 13:52:44,663 [grpc-default-executor-0] INFO  server.RaftServer$Division (RaftServerImpl.java:requestVote(1152)) - dfa3a740-454f-4489-b3be-017282a57706@group-0F5A7F649100: receive requestVote(ELECTION, d0cd1932-8d4e-4243-b37a-4fe60b6778b1, group-0F5A7F649100, 1, (t:0, i:0))
2022-06-21 13:52:44,665 [grpc-default-executor-0] INFO  impl.VoteContext (VoteContext.java:log(48)) - dfa3a740-454f-4489-b3be-017282a57706@group-0F5A7F649100-FOLLOWER: accept ELECTION from d0cd1932-8d4e-4243-b37a-4fe60b6778b1: our priority 0 <= candidate's priority 1
2022-06-21 13:52:44,665 [grpc-default-executor-0] INFO  server.RaftServer$Division (RaftServerImpl.java:setRole(299)) - dfa3a740-454f-4489-b3be-017282a57706@group-0F5A7F649100: changes role from  FOLLOWER to FOLLOWER at term 1 for candidate:d0cd1932-8d4e-4243-b37a-4fe60b6778b1
2022-06-21 13:52:44,665 [grpc-default-executor-0] INFO  impl.RoleInfo (RoleInfo.java:shutdownFollowerState(110)) - dfa3a740-454f-4489-b3be-017282a57706: shutdown dfa3a740-454f-4489-b3be-017282a57706@group-0F5A7F649100-FollowerState
2022-06-21 13:52:44,665 [grpc-default-executor-0] INFO  impl.RoleInfo (RoleInfo.java:updateAndGet(139)) - dfa3a740-454f-4489-b3be-017282a57706: start dfa3a740-454f-4489-b3be-017282a57706@group-0F5A7F649100-FollowerState
2022-06-21 13:52:44,665 [dfa3a740-454f-4489-b3be-017282a57706@group-0F5A7F649100-FollowerState] INFO  impl.FollowerState (FollowerState.java:run(152)) - dfa3a740-454f-4489-b3be-017282a57706@group-0F5A7F649100-FollowerState was interrupted
2022-06-21 13:52:44,670 [grpc-default-executor-0] INFO  server.RaftServer$Division (RaftServerImpl.java:requestVote(1184)) - dfa3a740-454f-4489-b3be-017282a57706@group-0F5A7F649100 replies to ELECTION vote request: d0cd1932-8d4e-4243-b37a-4fe60b6778b1<-dfa3a740-454f-4489-b3be-017282a57706#0:OK-t1. Peer's state: dfa3a740-454f-4489-b3be-017282a57706@group-0F5A7F649100:t1, leader=null, voted=d0cd1932-8d4e-4243-b37a-4fe60b6778b1, raftlog=dfa3a740-454f-4489-b3be-017282a57706@group-0F5A7F649100-SegmentedRaftLog:OPENED:c-1, conf=-1: [dfa3a740-454f-4489-b3be-017282a57706|rpc:10.1.0.15:41741|priority:0, d0cd1932-8d4e-4243-b37a-4fe60b6778b1|rpc:10.1.0.15:42757|priority:1, d64d628d-84bc-46a4-b938-9b06d3101fa8|rpc:10.1.0.15:45443|priority:0], old=null
2022-06-21 13:52:44,678 [d0cd1932-8d4e-4243-b37a-4fe60b6778b1@group-0F5A7F649100-LeaderElection3] INFO  impl.LeaderElection (LeaderElection.java:logAndReturn(90)) - d0cd1932-8d4e-4243-b37a-4fe60b6778b1@group-0F5A7F649100-LeaderElection3: ELECTION PASSED received 1 response(s) and 0 exception(s):
2022-06-21 13:52:44,678 [grpc-default-executor-1] INFO  server.RaftServer$Division (RaftServerImpl.java:requestVote(1152)) - d64d628d-84bc-46a4-b938-9b06d3101fa8@group-0F5A7F649100: receive requestVote(ELECTION, d0cd1932-8d4e-4243-b37a-4fe60b6778b1, group-0F5A7F649100, 1, (t:0, i:0))
2022-06-21 13:52:44,678 [d0cd1932-8d4e-4243-b37a-4fe60b6778b1@group-0F5A7F649100-LeaderElection3] INFO  impl.LeaderElection (LeaderElection.java:logAndReturn(94)) -   Response 0: d0cd1932-8d4e-4243-b37a-4fe60b6778b1<-dfa3a740-454f-4489-b3be-017282a57706#0:OK-t1
2022-06-21 13:52:44,678 [grpc-default-executor-1] INFO  impl.VoteContext (VoteContext.java:log(48)) - d64d628d-84bc-46a4-b938-9b06d3101fa8@group-0F5A7F649100-FOLLOWER: accept ELECTION from d0cd1932-8d4e-4243-b37a-4fe60b6778b1: our priority 0 <= candidate's priority 1
2022-06-21 13:52:44,679 [d0cd1932-8d4e-4243-b37a-4fe60b6778b1@group-0F5A7F649100-LeaderElection3] INFO  impl.LeaderElection (LeaderElection.java:askForVotes(312)) - d0cd1932-8d4e-4243-b37a-4fe60b6778b1@group-0F5A7F649100-LeaderElection3 ELECTION round 0: result PASSED
2022-06-21 13:52:44,679 [grpc-default-executor-1] INFO  server.RaftServer$Division (RaftServerImpl.java:setRole(299)) - d64d628d-84bc-46a4-b938-9b06d3101fa8@group-0F5A7F649100: changes role from  FOLLOWER to FOLLOWER at term 1 for candidate:d0cd1932-8d4e-4243-b37a-4fe60b6778b1
2022-06-21 13:52:44,679 [d0cd1932-8d4e-4243-b37a-4fe60b6778b1@group-0F5A7F649100-LeaderElection3] INFO  impl.RoleInfo (RoleInfo.java:shutdownLeaderElection(130)) - d0cd1932-8d4e-4243-b37a-4fe60b6778b1: shutdown d0cd1932-8d4e-4243-b37a-4fe60b6778b1@group-0F5A7F649100-LeaderElection3
2022-06-21 13:52:44,679 [grpc-default-executor-1] INFO  impl.RoleInfo (RoleInfo.java:shutdownFollowerState(110)) - d64d628d-84bc-46a4-b938-9b06d3101fa8: shutdown d64d628d-84bc-46a4-b938-9b06d3101fa8@group-0F5A7F649100-FollowerState
2022-06-21 13:52:44,679 [d0cd1932-8d4e-4243-b37a-4fe60b6778b1@group-0F5A7F649100-LeaderElection3] INFO  server.RaftServer$Division (RaftServerImpl.java:setRole(299)) - d0cd1932-8d4e-4243-b37a-4fe60b6778b1@group-0F5A7F649100: changes role from CANDIDATE to LEADER at term 1 for changeToLeader
2022-06-21 13:52:44,679 [grpc-default-executor-1] INFO  impl.RoleInfo (RoleInfo.java:updateAndGet(139)) - d64d628d-84bc-46a4-b938-9b06d3101fa8: start d64d628d-84bc-46a4-b938-9b06d3101fa8@group-0F5A7F649100-FollowerState
2022-06-21 13:52:44,679 [d64d628d-84bc-46a4-b938-9b06d3101fa8@group-0F5A7F649100-FollowerState] INFO  impl.FollowerState (FollowerState.java:run(152)) - d64d628d-84bc-46a4-b938-9b06d3101fa8@group-0F5A7F649100-FollowerState was interrupted
2022-06-21 13:52:44,679 [d0cd1932-8d4e-4243-b37a-4fe60b6778b1@group-0F5A7F649100-LeaderElection3] INFO  ratis.XceiverServerRatis (XceiverServerRatis.java:handleLeaderChangedNotification(863)) - Leader change notification received for group: group-0F5A7F649100 with new leaderId: d0cd1932-8d4e-4243-b37a-4fe60b6778b1
2022-06-21 13:52:44,679 [d0cd1932-8d4e-4243-b37a-4fe60b6778b1@group-0F5A7F649100-LeaderElection3] INFO  server.RaftServer$Division (ServerState.java:setLeader(287)) - d0cd1932-8d4e-4243-b37a-4fe60b6778b1@group-0F5A7F649100: change Leader from null to d0cd1932-8d4e-4243-b37a-4fe60b6778b1 at term 1 for becomeLeader, leader elected after 5123ms
2022-06-21 13:52:44,680 [d0cd1932-8d4e-4243-b37a-4fe60b6778b1@group-0F5A7F649100-LeaderElection3] INFO  server.RaftServerConfigKeys (ConfUtils.java:logGet(46)) - raft.server.staging.catchup.gap = 1000 (default)
2022-06-21 13:52:44,680 [d0cd1932-8d4e-4243-b37a-4fe60b6778b1@group-0F5A7F649100-LeaderElection3] INFO  server.RaftServerConfigKeys (ConfUtils.java:logGet(46)) - raft.server.write.element-limit = 1024 (custom)
2022-06-21 13:52:44,680 [d0cd1932-8d4e-4243-b37a-4fe60b6778b1@group-0F5A7F649100-LeaderElection3] INFO  server.RaftServerConfigKeys (ConfUtils.java:logGet(46)) - raft.server.write.byte-limit = 1024 M (=1073741824) (custom)
2022-06-21 13:52:44,680 [d0cd1932-8d4e-4243-b37a-4fe60b6778b1@group-0F5A7F649100-LeaderElection3] INFO  server.RaftServerConfigKeys (ConfUtils.java:logGet(46)) - raft.server.watch.timeout = 180s (custom)
2022-06-21 13:52:44,680 [d0cd1932-8d4e-4243-b37a-4fe60b6778b1@group-0F5A7F649100-LeaderElection3] INFO  server.RaftServerConfigKeys (ConfUtils.java:logGet(46)) - raft.server.watch.timeout.denomination = 1s (default)
2022-06-21 13:52:44,680 [d0cd1932-8d4e-4243-b37a-4fe60b6778b1@group-0F5A7F649100-LeaderElection3] INFO  server.RaftServerConfigKeys (ConfUtils.java:logGet(46)) - raft.server.watch.element-limit = 65536 (default)
2022-06-21 13:52:44,681 [d0cd1932-8d4e-4243-b37a-4fe60b6778b1@group-0F5A7F649100-LeaderElection3] INFO  server.RaftServerConfigKeys (ConfUtils.java:logGet(46)) - raft.server.write.element-limit = 1024 (custom)
2022-06-21 13:52:44,681 [d0cd1932-8d4e-4243-b37a-4fe60b6778b1@group-0F5A7F649100-LeaderElection3] INFO  server.RaftServerConfigKeys (ConfUtils.java:logGet(46)) - raft.server.write.follower.gap.ratio.max = -1.0 (default)
2022-06-21 13:52:44,681 [grpc-default-executor-1] INFO  server.RaftServer$Division (RaftServerImpl.java:requestVote(1184)) - d64d628d-84bc-46a4-b938-9b06d3101fa8@group-0F5A7F649100 replies to ELECTION vote request: d0cd1932-8d4e-4243-b37a-4fe60b6778b1<-d64d628d-84bc-46a4-b938-9b06d3101fa8#0:OK-t1. Peer's state: d64d628d-84bc-46a4-b938-9b06d3101fa8@group-0F5A7F649100:t1, leader=null, voted=d0cd1932-8d4e-4243-b37a-4fe60b6778b1, raftlog=d64d628d-84bc-46a4-b938-9b06d3101fa8@group-0F5A7F649100-SegmentedRaftLog:OPENED:c-1, conf=-1: [dfa3a740-454f-4489-b3be-017282a57706|rpc:10.1.0.15:41741|dataStream:|priority:0, d0cd1932-8d4e-4243-b37a-4fe60b6778b1|rpc:10.1.0.15:42757|dataStream:|priority:1, d64d628d-84bc-46a4-b938-9b06d3101fa8|rpc:10.1.0.15:45443|dataStream:|priority:0], old=null
2022-06-21 13:52:44,682 [EventQueue-PipelineReportForPipelineReportHandler] INFO  pipeline.PipelineManagerImpl (PipelineManagerImpl.java:openPipeline(356)) - Pipeline Pipeline[ Id: 7204125f-8992-4c34-a8e8-0f5a7f649100, Nodes: d64d628d-84bc-46a4-b938-9b06d3101fa8{ip: 10.1.0.15, host: fv-az194-567.vahfjs35atkulmpwh5ujf4txfe.jx.internal.cloudapp.net, ports: [REPLICATION=41935, RATIS=45443, RATIS_ADMIN=45443, RATIS_SERVER=45443, STANDALONE=42049], networkLocation: /default-rack, certSerialId: null, persistedOpState: IN_SERVICE, persistedOpStateExpiryEpochSec: 0}d0cd1932-8d4e-4243-b37a-4fe60b6778b1{ip: 10.1.0.15, host: fv-az194-567.vahfjs35atkulmpwh5ujf4txfe.jx.internal.cloudapp.net, ports: [REPLICATION=38753, RATIS=42757, RATIS_ADMIN=42757, RATIS_SERVER=42757, STANDALONE=36543], networkLocation: /default-rack, certSerialId: null, persistedOpState: IN_SERVICE, persistedOpStateExpiryEpochSec: 0}dfa3a740-454f-4489-b3be-017282a57706{ip: 10.1.0.15, host: fv-az194-567.vahfjs35atkulmpwh5ujf4txfe.jx.internal.cloudapp.net, ports: [REPLICATION=37027, RATIS=41741, RATIS_ADMIN=41741, RATIS_SERVER=41741, STANDALONE=42827], networkLocation: /default-rack, certSerialId: null, persistedOpState: IN_SERVICE, persistedOpStateExpiryEpochSec: 0}, ReplicationConfig: RATIS/THREE, State:ALLOCATED, leaderId:d0cd1932-8d4e-4243-b37a-4fe60b6778b1, CreationTimestamp2022-06-21T13:52:37.373Z[Etc/UTC]] moved to OPEN state
2022-06-21 13:52:44,683 [EventQueue-OpenPipelineForHealthyPipelineSafeModeRule] INFO  safemode.SCMSafeModeManager (HealthyPipelineSafeModeRule.java:process(124)) - SCM in safe mode. Healthy pipelines reported count is 1, required healthy pipeline reported count is 1
2022-06-21 13:52:44,686 [EventQueue-OpenPipelineForHealthyPipelineSafeModeRule] INFO  safemode.SCMSafeModeManager (SCMSafeModeManager.java:validateSafeModeExitRules(204)) - HealthyPipelineSafeModeRule rule is successfully validated
2022-06-21 13:52:44,686 [EventQueue-OpenPipelineForHealthyPipelineSafeModeRule] INFO  safemode.SCMSafeModeManager (SCMSafeModeManager.java:validateSafeModeExitRules(219)) - ScmSafeModeManager, all rules are successfully validated
2022-06-21 13:52:44,686 [EventQueue-OpenPipelineForHealthyPipelineSafeModeRule] INFO  safemode.SCMSafeModeManager (SCMSafeModeManager.java:exitSafeMode(248)) - SCM exiting safe mode.
2022-06-21 13:52:44,686 [EventQueue-OpenPipelineForHealthyPipelineSafeModeRule] WARN  events.EventQueue (EventQueue.java:fireEvent(194)) - No event handler registered for event TypedEvent{payloadType=SafeModeStatus, name='Safe mode status'}
2022-06-21 13:52:44,686 [EventQueue-OpenPipelineForHealthyPipelineSafeModeRule] INFO  ha.SCMContext (SCMContext.java:updateSafeModeStatus(228)) - Update SafeModeStatus from SafeModeStatus{safeModeStatus=true, preCheckPassed=true} to SafeModeStatus{safeModeStatus=false, preCheckPassed=true}.
2022-06-21 13:52:44,686 [EventQueue-OpenPipelineForHealthyPipelineSafeModeRule] INFO  pipeline.BackgroundPipelineCreator (BackgroundPipelineCreator.java:notifyStatusChanged(251)) - Service BackgroundPipelineCreator transitions to RUNNING.
2022-06-21 13:52:44,686 [EventQueue-OpenPipelineForHealthyPipelineSafeModeRule] INFO  BackgroundPipelineScrubber (BackgroundSCMService.java:notifyStatusChanged(82)) - Service BackgroundPipelineScrubber transitions to RUNNING.
2022-06-21 13:52:44,686 [EventQueue-OpenPipelineForHealthyPipelineSafeModeRule] INFO  ExpiredContainerReplicaOpScrubber (BackgroundSCMService.java:notifyStatusChanged(82)) - Service ExpiredContainerReplicaOpScrubber transitions to RUNNING.
2022-06-21 13:52:44,686 [EventQueue-OpenPipelineForHealthyPipelineSafeModeRule] INFO  replication.ReplicationManager (ReplicationManager.java:notifyStatusChanged(372)) - Service ReplicationManager transitions to RUNNING.
2022-06-21 13:52:44,687 [EventQueue-OpenPipelineForHealthyPipelineSafeModeRule] WARN  balancer.ContainerBalancer (ContainerBalancer.java:shouldRun(875)) - Could not find persisted configuration for ContainerBalancer when checking if ContainerBalancer should run. ContainerBalancer should not run now.
2022-06-21 13:52:44,697 [d0cd1932-8d4e-4243-b37a-4fe60b6778b1@group-0F5A7F649100-LeaderElection3] INFO  server.RaftServerConfigKeys (ConfUtils.java:logGet(46)) - raft.server.log.appender.snapshot.chunk.size.max = 16MB (=16777216) (default)
2022-06-21 13:52:44,698 [d0cd1932-8d4e-4243-b37a-4fe60b6778b1@group-0F5A7F649100-LeaderElection3] INFO  server.RaftServerConfigKeys (ConfUtils.java:logGet(46)) - raft.server.log.appender.buffer.byte-limit = 33554432 (custom)
2022-06-21 13:52:44,698 [d0cd1932-8d4e-4243-b37a-4fe60b6778b1@group-0F5A7F649100-LeaderElection3] INFO  server.RaftServerConfigKeys (ConfUtils.java:logGet(46)) - raft.server.log.appender.buffer.element-limit = 1 (custom)
2022-06-21 13:52:44,701 [d0cd1932-8d4e-4243-b37a-4fe60b6778b1@group-0F5A7F649100-LeaderElection3] INFO  grpc.GrpcConfigKeys (ConfUtils.java:logGet(46)) - raft.grpc.server.leader.outstanding.appends.max = 128 (default)
2022-06-21 13:52:44,701 [d0cd1932-8d4e-4243-b37a-4fe60b6778b1@group-0F5A7F649100-LeaderElection3] INFO  server.RaftServerConfigKeys (ConfUtils.java:logGet(46)) - raft.server.rpc.request.timeout = 60s (custom)
2022-06-21 13:52:44,701 [d0cd1932-8d4e-4243-b37a-4fe60b6778b1@group-0F5A7F649100-LeaderElection3] INFO  server.RaftServerConfigKeys (ConfUtils.java:logGet(46)) - raft.server.log.appender.install.snapshot.enabled = false (custom)
2022-06-21 13:52:44,704 [d0cd1932-8d4e-4243-b37a-4fe60b6778b1@group-0F5A7F649100-LeaderElection3] INFO  server.RaftServerConfigKeys (ConfUtils.java:logGet(46)) - raft.server.log.appender.snapshot.chunk.size.max = 16MB (=16777216) (default)
2022-06-21 13:52:44,704 [d0cd1932-8d4e-4243-b37a-4fe60b6778b1@group-0F5A7F649100-LeaderElection3] INFO  server.RaftServerConfigKeys (ConfUtils.java:logGet(46)) - raft.server.log.appender.buffer.byte-limit = 33554432 (custom)
2022-06-21 13:52:44,704 [d0cd1932-8d4e-4243-b37a-4fe60b6778b1@group-0F5A7F649100-LeaderElection3] INFO  server.RaftServerConfigKeys (ConfUtils.java:logGet(46)) - raft.server.log.appender.buffer.element-limit = 1 (custom)
2022-06-21 13:52:44,704 [d0cd1932-8d4e-4243-b37a-4fe60b6778b1@group-0F5A7F649100-LeaderElection3] INFO  grpc.GrpcConfigKeys (ConfUtils.java:logGet(46)) - raft.grpc.server.leader.outstanding.appends.max = 128 (default)
2022-06-21 13:52:44,704 [d0cd1932-8d4e-4243-b37a-4fe60b6778b1@group-0F5A7F649100-LeaderElection3] INFO  server.RaftServerConfigKeys (ConfUtils.java:logGet(46)) - raft.server.rpc.request.timeout = 60s (custom)
2022-06-21 13:52:44,704 [d0cd1932-8d4e-4243-b37a-4fe60b6778b1@group-0F5A7F649100-LeaderElection3] INFO  server.RaftServerConfigKeys (ConfUtils.java:logGet(46)) - raft.server.log.appender.install.snapshot.enabled = false (custom)
2022-06-21 13:52:44,705 [d0cd1932-8d4e-4243-b37a-4fe60b6778b1@group-0F5A7F649100-LeaderElection3] INFO  impl.RoleInfo (RoleInfo.java:updateAndGet(139)) - d0cd1932-8d4e-4243-b37a-4fe60b6778b1: start d0cd1932-8d4e-4243-b37a-4fe60b6778b1@group-0F5A7F649100-LeaderStateImpl
2022-06-21 13:52:44,705 [d0cd1932-8d4e-4243-b37a-4fe60b6778b1@group-0F5A7F649100-LeaderElection3] INFO  segmented.SegmentedRaftLogWorker (SegmentedRaftLogWorker.java:startLogSegment(425)) - d0cd1932-8d4e-4243-b37a-4fe60b6778b1@group-0F5A7F649100-SegmentedRaftLogWorker: Starting segment from index:0
2022-06-21 13:52:44,707 [d0cd1932-8d4e-4243-b37a-4fe60b6778b1@group-0F5A7F649100-SegmentedRaftLogWorker] INFO  segmented.SegmentedRaftLogWorker (SegmentedRaftLogWorker.java:execute(629)) - d0cd1932-8d4e-4243-b37a-4fe60b6778b1@group-0F5A7F649100-SegmentedRaftLogWorker: created new log segment /home/runner/work/ozone/ozone/hadoop-ozone/integration-test/target/test-dir/MiniOzoneClusterImpl-e16419ed-4a79-4c69-a384-d99db5bfc06c/datanode-0/data/ratis/7204125f-8992-4c34-a8e8-0f5a7f649100/current/log_inprogress_0
2022-06-21 13:52:44,715 [d0cd1932-8d4e-4243-b37a-4fe60b6778b1@group-0F5A7F649100-LeaderElection3] INFO  server.RaftServer$Division (ServerState.java:setRaftConf(393)) - d0cd1932-8d4e-4243-b37a-4fe60b6778b1@group-0F5A7F649100: set configuration 0: [dfa3a740-454f-4489-b3be-017282a57706|rpc:10.1.0.15:41741|dataStream:|priority:0, d0cd1932-8d4e-4243-b37a-4fe60b6778b1|rpc:10.1.0.15:42757|dataStream:|priority:1, d64d628d-84bc-46a4-b938-9b06d3101fa8|rpc:10.1.0.15:45443|dataStream:|priority:0], old=null
2022-06-21 13:52:44,748 [d64d628d-84bc-46a4-b938-9b06d3101fa8-server-thread1] INFO  ratis.XceiverServerRatis (XceiverServerRatis.java:handleLeaderChangedNotification(863)) - Leader change notification received for group: group-0F5A7F649100 with new leaderId: d0cd1932-8d4e-4243-b37a-4fe60b6778b1
2022-06-21 13:52:44,748 [d64d628d-84bc-46a4-b938-9b06d3101fa8-server-thread1] INFO  server.RaftServer$Division (ServerState.java:setLeader(287)) - d64d628d-84bc-46a4-b938-9b06d3101fa8@group-0F5A7F649100: change Leader from null to d0cd1932-8d4e-4243-b37a-4fe60b6778b1 at term 1 for appendEntries, leader elected after 4544ms
2022-06-21 13:52:44,759 [d64d628d-84bc-46a4-b938-9b06d3101fa8-server-thread1] INFO  server.RaftServer$Division (ServerState.java:setRaftConf(393)) - d64d628d-84bc-46a4-b938-9b06d3101fa8@group-0F5A7F649100: set configuration 0: [dfa3a740-454f-4489-b3be-017282a57706|rpc:10.1.0.15:41741|dataStream:|priority:0, d0cd1932-8d4e-4243-b37a-4fe60b6778b1|rpc:10.1.0.15:42757|dataStream:|priority:1, d64d628d-84bc-46a4-b938-9b06d3101fa8|rpc:10.1.0.15:45443|dataStream:|priority:0], old=null
2022-06-21 13:52:44,760 [d64d628d-84bc-46a4-b938-9b06d3101fa8-server-thread1] INFO  segmented.SegmentedRaftLogWorker (SegmentedRaftLogWorker.java:startLogSegment(425)) - d64d628d-84bc-46a4-b938-9b06d3101fa8@group-0F5A7F649100-SegmentedRaftLogWorker: Starting segment from index:0
2022-06-21 13:52:44,761 [d64d628d-84bc-46a4-b938-9b06d3101fa8@group-0F5A7F649100-SegmentedRaftLogWorker] INFO  segmented.SegmentedRaftLogWorker (SegmentedRaftLogWorker.java:execute(629)) - d64d628d-84bc-46a4-b938-9b06d3101fa8@group-0F5A7F649100-SegmentedRaftLogWorker: created new log segment /home/runner/work/ozone/ozone/hadoop-ozone/integration-test/target/test-dir/MiniOzoneClusterImpl-e16419ed-4a79-4c69-a384-d99db5bfc06c/datanode-2/data/ratis/7204125f-8992-4c34-a8e8-0f5a7f649100/current/log_inprogress_0
2022-06-21 13:52:44,762 [dfa3a740-454f-4489-b3be-017282a57706-server-thread1] INFO  ratis.XceiverServerRatis (XceiverServerRatis.java:handleLeaderChangedNotification(863)) - Leader change notification received for group: group-0F5A7F649100 with new leaderId: d0cd1932-8d4e-4243-b37a-4fe60b6778b1
2022-06-21 13:52:44,762 [dfa3a740-454f-4489-b3be-017282a57706-server-thread1] INFO  server.RaftServer$Division (ServerState.java:setLeader(287)) - dfa3a740-454f-4489-b3be-017282a57706@group-0F5A7F649100: change Leader from null to d0cd1932-8d4e-4243-b37a-4fe60b6778b1 at term 1 for appendEntries, leader elected after 4673ms
2022-06-21 13:52:44,772 [dfa3a740-454f-4489-b3be-017282a57706-server-thread2] INFO  server.RaftServer$Division (ServerState.java:setRaftConf(393)) - dfa3a740-454f-4489-b3be-017282a57706@group-0F5A7F649100: set configuration 0: [dfa3a740-454f-4489-b3be-017282a57706|rpc:10.1.0.15:41741|dataStream:|priority:0, d0cd1932-8d4e-4243-b37a-4fe60b6778b1|rpc:10.1.0.15:42757|dataStream:|priority:1, d64d628d-84bc-46a4-b938-9b06d3101fa8|rpc:10.1.0.15:45443|dataStream:|priority:0], old=null
2022-06-21 13:52:44,772 [dfa3a740-454f-4489-b3be-017282a57706-server-thread2] INFO  segmented.SegmentedRaftLogWorker (SegmentedRaftLogWorker.java:startLogSegment(425)) - dfa3a740-454f-4489-b3be-017282a57706@group-0F5A7F649100-SegmentedRaftLogWorker: Starting segment from index:0
2022-06-21 13:52:44,774 [dfa3a740-454f-4489-b3be-017282a57706@group-0F5A7F649100-SegmentedRaftLogWorker] INFO  segmented.SegmentedRaftLogWorker (SegmentedRaftLogWorker.java:execute(629)) - dfa3a740-454f-4489-b3be-017282a57706@group-0F5A7F649100-SegmentedRaftLogWorker: created new log segment /home/runner/work/ozone/ozone/hadoop-ozone/integration-test/target/test-dir/MiniOzoneClusterImpl-e16419ed-4a79-4c69-a384-d99db5bfc06c/datanode-1/data/ratis/7204125f-8992-4c34-a8e8-0f5a7f649100/current/log_inprogress_0
2022-06-21 13:52:45,018 [Listener at 127.0.0.1/44727] INFO  ozone.MiniOzoneClusterImpl (MiniOzoneClusterImpl.java:lambda$waitForClusterToBeReady$0(222)) - Nodes are ready. Got 5 of 5 DN Heartbeats.
2022-06-21 13:52:45,019 [Listener at 127.0.0.1/44727] INFO  ozone.MiniOzoneClusterImpl (MiniOzoneClusterImpl.java:lambda$waitForClusterToBeReady$0(225)) - Cluster exits safe mode
2022-06-21 13:52:45,019 [Listener at 127.0.0.1/44727] INFO  ozone.MiniOzoneClusterImpl (MiniOzoneClusterImpl.java:lambda$waitForClusterToBeReady$0(227)) - SCM became leader
2022-06-21 13:52:45,096 [dfa3a740-454f-4489-b3be-017282a57706@group-589DDC039094-FollowerState] INFO  impl.FollowerState (FollowerState.java:run(143)) - dfa3a740-454f-4489-b3be-017282a57706@group-589DDC039094-FollowerState: change to CANDIDATE, lastRpcElapsedTime:5018902058ns, electionTimeout:5014ms
2022-06-21 13:52:45,096 [dfa3a740-454f-4489-b3be-017282a57706@group-589DDC039094-FollowerState] INFO  impl.RoleInfo (RoleInfo.java:shutdownFollowerState(110)) - dfa3a740-454f-4489-b3be-017282a57706: shutdown dfa3a740-454f-4489-b3be-017282a57706@group-589DDC039094-FollowerState
2022-06-21 13:52:45,096 [dfa3a740-454f-4489-b3be-017282a57706@group-589DDC039094-FollowerState] INFO  server.RaftServer$Division (RaftServerImpl.java:setRole(299)) - dfa3a740-454f-4489-b3be-017282a57706@group-589DDC039094: changes role from  FOLLOWER to CANDIDATE at term 0 for changeToCandidate
2022-06-21 13:52:45,096 [dfa3a740-454f-4489-b3be-017282a57706@group-589DDC039094-FollowerState] INFO  server.RaftServerConfigKeys (ConfUtils.java:logGet(46)) - raft.server.leaderelection.pre-vote = false (custom)
2022-06-21 13:52:45,096 [dfa3a740-454f-4489-b3be-017282a57706@group-589DDC039094-FollowerState] INFO  impl.RoleInfo (RoleInfo.java:updateAndGet(139)) - dfa3a740-454f-4489-b3be-017282a57706: start dfa3a740-454f-4489-b3be-017282a57706@group-589DDC039094-LeaderElection4
2022-06-21 13:52:45,100 [dfa3a740-454f-4489-b3be-017282a57706@group-589DDC039094-LeaderElection4] INFO  impl.LeaderElection (LeaderElection.java:askForVotes(310)) - dfa3a740-454f-4489-b3be-017282a57706@group-589DDC039094-LeaderElection4 ELECTION round 0: submit vote requests at term 1 for -1: [dfa3a740-454f-4489-b3be-017282a57706|rpc:10.1.0.15:41741|priority:1], old=null
2022-06-21 13:52:45,100 [dfa3a740-454f-4489-b3be-017282a57706@group-589DDC039094-LeaderElection4] INFO  impl.LeaderElection (LeaderElection.java:askForVotes(312)) - dfa3a740-454f-4489-b3be-017282a57706@group-589DDC039094-LeaderElection4 ELECTION round 0: result PASSED (term=1)
2022-06-21 13:52:45,100 [dfa3a740-454f-4489-b3be-017282a57706@group-589DDC039094-LeaderElection4] INFO  impl.RoleInfo (RoleInfo.java:shutdownLeaderElection(130)) - dfa3a740-454f-4489-b3be-017282a57706: shutdown dfa3a740-454f-4489-b3be-017282a57706@group-589DDC039094-LeaderElection4
2022-06-21 13:52:45,100 [dfa3a740-454f-4489-b3be-017282a57706@group-589DDC039094-LeaderElection4] INFO  server.RaftServer$Division (RaftServerImpl.java:setRole(299)) - dfa3a740-454f-4489-b3be-017282a57706@group-589DDC039094: changes role from CANDIDATE to LEADER at term 1 for changeToLeader
2022-06-21 13:52:45,100 [dfa3a740-454f-4489-b3be-017282a57706@group-589DDC039094-LeaderElection4] INFO  ratis.XceiverServerRatis (XceiverServerRatis.java:handleLeaderChangedNotification(863)) - Leader change notification received for group: group-589DDC039094 with new leaderId: dfa3a740-454f-4489-b3be-017282a57706
2022-06-21 13:52:45,101 [dfa3a740-454f-4489-b3be-017282a57706@group-589DDC039094-LeaderElection4] INFO  server.RaftServer$Division (ServerState.java:setLeader(287)) - dfa3a740-454f-4489-b3be-017282a57706@group-589DDC039094: change Leader from null to dfa3a740-454f-4489-b3be-017282a57706 at term 1 for becomeLeader, leader elected after 5039ms
2022-06-21 13:52:45,101 [dfa3a740-454f-4489-b3be-017282a57706@group-589DDC039094-LeaderElection4] INFO  server.RaftServerConfigKeys (ConfUtils.java:logGet(46)) - raft.server.staging.catchup.gap = 1000 (default)
2022-06-21 13:52:45,102 [dfa3a740-454f-4489-b3be-017282a57706@group-589DDC039094-LeaderElection4] INFO  server.RaftServerConfigKeys (ConfUtils.java:logGet(46)) - raft.server.write.element-limit = 1024 (custom)
2022-06-21 13:52:45,102 [dfa3a740-454f-4489-b3be-017282a57706@group-589DDC039094-LeaderElection4] INFO  server.RaftServerConfigKeys (ConfUtils.java:logGet(46)) - raft.server.write.byte-limit = 1024 M (=1073741824) (custom)
2022-06-21 13:52:45,103 [dfa3a740-454f-4489-b3be-017282a57706@group-589DDC039094-LeaderElection4] INFO  server.RaftServerConfigKeys (ConfUtils.java:logGet(46)) - raft.server.watch.timeout = 180s (custom)
2022-06-21 13:52:45,103 [dfa3a740-454f-4489-b3be-017282a57706@group-589DDC039094-LeaderElection4] INFO  server.RaftServerConfigKeys (ConfUtils.java:logGet(46)) - raft.server.watch.timeout.denomination = 1s (default)
2022-06-21 13:52:45,103 [dfa3a740-454f-4489-b3be-017282a57706@group-589DDC039094-LeaderElection4] INFO  server.RaftServerConfigKeys (ConfUtils.java:logGet(46)) - raft.server.watch.element-limit = 65536 (default)
2022-06-21 13:52:45,104 [dfa3a740-454f-4489-b3be-017282a57706@group-589DDC039094-LeaderElection4] INFO  server.RaftServerConfigKeys (ConfUtils.java:logGet(46)) - raft.server.write.element-limit = 1024 (custom)
2022-06-21 13:52:45,104 [dfa3a740-454f-4489-b3be-017282a57706@group-589DDC039094-LeaderElection4] INFO  server.RaftServerConfigKeys (ConfUtils.java:logGet(46)) - raft.server.write.follower.gap.ratio.max = -1.0 (default)
2022-06-21 13:52:45,104 [dfa3a740-454f-4489-b3be-017282a57706@group-589DDC039094-LeaderElection4] INFO  impl.RoleInfo (RoleInfo.java:updateAndGet(139)) - dfa3a740-454f-4489-b3be-017282a57706: start dfa3a740-454f-4489-b3be-017282a57706@group-589DDC039094-LeaderStateImpl
2022-06-21 13:52:45,104 [dfa3a740-454f-4489-b3be-017282a57706@group-589DDC039094-LeaderElection4] INFO  segmented.SegmentedRaftLogWorker (SegmentedRaftLogWorker.java:startLogSegment(425)) - dfa3a740-454f-4489-b3be-017282a57706@group-589DDC039094-SegmentedRaftLogWorker: Starting segment from index:0
2022-06-21 13:52:45,106 [dfa3a740-454f-4489-b3be-017282a57706@group-589DDC039094-SegmentedRaftLogWorker] INFO  segmented.SegmentedRaftLogWorker (SegmentedRaftLogWorker.java:execute(629)) - dfa3a740-454f-4489-b3be-017282a57706@group-589DDC039094-SegmentedRaftLogWorker: created new log segment /home/runner/work/ozone/ozone/hadoop-ozone/integration-test/target/test-dir/MiniOzoneClusterImpl-e16419ed-4a79-4c69-a384-d99db5bfc06c/datanode-1/data/ratis/9f611df5-305c-45c4-9013-589ddc039094/current/log_inprogress_0
2022-06-21 13:52:45,106 [dfa3a740-454f-4489-b3be-017282a57706@group-589DDC039094-LeaderElection4] INFO  server.RaftServer$Division (ServerState.java:setRaftConf(393)) - dfa3a740-454f-4489-b3be-017282a57706@group-589DDC039094: set configuration 0: [dfa3a740-454f-4489-b3be-017282a57706|rpc:10.1.0.15:41741|dataStream:|priority:1], old=null
2022-06-21 13:52:45,450 [Listener at 127.0.0.1/44727] INFO  rpc.RpcClient (RpcClient.java:createVolume(466)) - Creating Volume: volume19882, with user28436 as owner and space quota set to -1 bytes, counts quota set to -1
2022-06-21 13:52:45,461 [dfa3a740-454f-4489-b3be-017282a57706@group-C524617F3809-FollowerState] INFO  impl.FollowerState (FollowerState.java:run(143)) - dfa3a740-454f-4489-b3be-017282a57706@group-C524617F3809-FollowerState: change to CANDIDATE, lastRpcElapsedTime:5117974604ns, electionTimeout:5115ms
2022-06-21 13:52:45,461 [dfa3a740-454f-4489-b3be-017282a57706@group-C524617F3809-FollowerState] INFO  impl.RoleInfo (RoleInfo.java:shutdownFollowerState(110)) - dfa3a740-454f-4489-b3be-017282a57706: shutdown dfa3a740-454f-4489-b3be-017282a57706@group-C524617F3809-FollowerState
2022-06-21 13:52:45,461 [dfa3a740-454f-4489-b3be-017282a57706@group-C524617F3809-FollowerState] INFO  server.RaftServer$Division (RaftServerImpl.java:setRole(299)) - dfa3a740-454f-4489-b3be-017282a57706@group-C524617F3809: changes role from  FOLLOWER to CANDIDATE at term 0 for changeToCandidate
2022-06-21 13:52:45,461 [dfa3a740-454f-4489-b3be-017282a57706@group-C524617F3809-FollowerState] INFO  server.RaftServerConfigKeys (ConfUtils.java:logGet(46)) - raft.server.leaderelection.pre-vote = false (custom)
2022-06-21 13:52:45,461 [dfa3a740-454f-4489-b3be-017282a57706@group-C524617F3809-FollowerState] INFO  impl.RoleInfo (RoleInfo.java:updateAndGet(139)) - dfa3a740-454f-4489-b3be-017282a57706: start dfa3a740-454f-4489-b3be-017282a57706@group-C524617F3809-LeaderElection5
2022-06-21 13:52:45,474 [dfa3a740-454f-4489-b3be-017282a57706@group-C524617F3809-LeaderElection5] INFO  impl.LeaderElection (LeaderElection.java:askForVotes(310)) - dfa3a740-454f-4489-b3be-017282a57706@group-C524617F3809-LeaderElection5 ELECTION round 0: submit vote requests at term 1 for -1: [dfa3a740-454f-4489-b3be-017282a57706|rpc:10.1.0.15:41741|priority:1, d0cd1932-8d4e-4243-b37a-4fe60b6778b1|rpc:10.1.0.15:42757|priority:0, d64d628d-84bc-46a4-b938-9b06d3101fa8|rpc:10.1.0.15:45443|priority:0], old=null
2022-06-21 13:52:45,478 [d0cd1932-8d4e-4243-b37a-4fe60b6778b1@group-C524617F3809-FollowerState] INFO  impl.FollowerState (FollowerState.java:run(143)) - d0cd1932-8d4e-4243-b37a-4fe60b6778b1@group-C524617F3809-FollowerState: change to CANDIDATE, lastRpcElapsedTime:5119411001ns, electionTimeout:5117ms
2022-06-21 13:52:45,479 [d0cd1932-8d4e-4243-b37a-4fe60b6778b1@group-C524617F3809-FollowerState] INFO  impl.RoleInfo (RoleInfo.java:shutdownFollowerState(110)) - d0cd1932-8d4e-4243-b37a-4fe60b6778b1: shutdown d0cd1932-8d4e-4243-b37a-4fe60b6778b1@group-C524617F3809-FollowerState
2022-06-21 13:52:45,479 [d0cd1932-8d4e-4243-b37a-4fe60b6778b1@group-C524617F3809-FollowerState] INFO  server.RaftServer$Division (RaftServerImpl.java:setRole(299)) - d0cd1932-8d4e-4243-b37a-4fe60b6778b1@group-C524617F3809: changes role from  FOLLOWER to CANDIDATE at term 0 for changeToCandidate
2022-06-21 13:52:45,479 [d0cd1932-8d4e-4243-b37a-4fe60b6778b1@group-C524617F3809-FollowerState] INFO  server.RaftServerConfigKeys (ConfUtils.java:logGet(46)) - raft.server.leaderelection.pre-vote = false (custom)
2022-06-21 13:52:45,479 [d0cd1932-8d4e-4243-b37a-4fe60b6778b1@group-C524617F3809-FollowerState] INFO  impl.RoleInfo (RoleInfo.java:updateAndGet(139)) - d0cd1932-8d4e-4243-b37a-4fe60b6778b1: start d0cd1932-8d4e-4243-b37a-4fe60b6778b1@group-C524617F3809-LeaderElection6
2022-06-21 13:52:45,487 [grpc-default-executor-1] INFO  server.RaftServer$Division (RaftServerImpl.java:requestVote(1152)) - d0cd1932-8d4e-4243-b37a-4fe60b6778b1@group-C524617F3809: receive requestVote(ELECTION, dfa3a740-454f-4489-b3be-017282a57706, group-C524617F3809, 1, (t:0, i:0))
2022-06-21 13:52:45,494 [grpc-default-executor-1] INFO  impl.VoteContext (VoteContext.java:log(48)) - d0cd1932-8d4e-4243-b37a-4fe60b6778b1@group-C524617F3809-CANDIDATE: reject ELECTION from dfa3a740-454f-4489-b3be-017282a57706: already has voted for d0cd1932-8d4e-4243-b37a-4fe60b6778b1 at current term 1
2022-06-21 13:52:45,495 [grpc-default-executor-1] INFO  server.RaftServer$Division (RaftServerImpl.java:requestVote(1184)) - d0cd1932-8d4e-4243-b37a-4fe60b6778b1@group-C524617F3809 replies to ELECTION vote request: dfa3a740-454f-4489-b3be-017282a57706<-d0cd1932-8d4e-4243-b37a-4fe60b6778b1#0:FAIL-t1. Peer's state: d0cd1932-8d4e-4243-b37a-4fe60b6778b1@group-C524617F3809:t1, leader=null, voted=d0cd1932-8d4e-4243-b37a-4fe60b6778b1, raftlog=d0cd1932-8d4e-4243-b37a-4fe60b6778b1@group-C524617F3809-SegmentedRaftLog:OPENED:c-1, conf=-1: [dfa3a740-454f-4489-b3be-017282a57706|rpc:10.1.0.15:41741|priority:1, d0cd1932-8d4e-4243-b37a-4fe60b6778b1|rpc:10.1.0.15:42757|priority:0, d64d628d-84bc-46a4-b938-9b06d3101fa8|rpc:10.1.0.15:45443|priority:0], old=null
2022-06-21 13:52:45,495 [d0cd1932-8d4e-4243-b37a-4fe60b6778b1@group-C524617F3809-LeaderElection6] INFO  impl.LeaderElection (LeaderElection.java:askForVotes(310)) - d0cd1932-8d4e-4243-b37a-4fe60b6778b1@group-C524617F3809-LeaderElection6 ELECTION round 0: submit vote requests at term 1 for -1: [dfa3a740-454f-4489-b3be-017282a57706|rpc:10.1.0.15:41741|priority:1, d0cd1932-8d4e-4243-b37a-4fe60b6778b1|rpc:10.1.0.15:42757|priority:0, d64d628d-84bc-46a4-b938-9b06d3101fa8|rpc:10.1.0.15:45443|priority:0], old=null
2022-06-21 13:52:45,505 [grpc-default-executor-1] INFO  server.RaftServer$Division (RaftServerImpl.java:requestVote(1152)) - dfa3a740-454f-4489-b3be-017282a57706@group-C524617F3809: receive requestVote(ELECTION, d0cd1932-8d4e-4243-b37a-4fe60b6778b1, group-C524617F3809, 1, (t:0, i:0))
2022-06-21 13:52:45,507 [grpc-default-executor-1] INFO  impl.VoteContext (VoteContext.java:log(48)) - dfa3a740-454f-4489-b3be-017282a57706@group-C524617F3809-CANDIDATE: reject ELECTION from d0cd1932-8d4e-4243-b37a-4fe60b6778b1: already has voted for dfa3a740-454f-4489-b3be-017282a57706 at current term 1
2022-06-21 13:52:45,507 [grpc-default-executor-2] INFO  server.RaftServer$Division (RaftServerImpl.java:requestVote(1152)) - d64d628d-84bc-46a4-b938-9b06d3101fa8@group-C524617F3809: receive requestVote(ELECTION, dfa3a740-454f-4489-b3be-017282a57706, group-C524617F3809, 1, (t:0, i:0))
2022-06-21 13:52:45,507 [grpc-default-executor-1] INFO  server.RaftServer$Division (RaftServerImpl.java:requestVote(1184)) - dfa3a740-454f-4489-b3be-017282a57706@group-C524617F3809 replies to ELECTION vote request: d0cd1932-8d4e-4243-b37a-4fe60b6778b1<-dfa3a740-454f-4489-b3be-017282a57706#0:FAIL-t1. Peer's state: dfa3a740-454f-4489-b3be-017282a57706@group-C524617F3809:t1, leader=null, voted=dfa3a740-454f-4489-b3be-017282a57706, raftlog=dfa3a740-454f-4489-b3be-017282a57706@group-C524617F3809-SegmentedRaftLog:OPENED:c-1, conf=-1: [dfa3a740-454f-4489-b3be-017282a57706|rpc:10.1.0.15:41741|priority:1, d0cd1932-8d4e-4243-b37a-4fe60b6778b1|rpc:10.1.0.15:42757|priority:0, d64d628d-84bc-46a4-b938-9b06d3101fa8|rpc:10.1.0.15:45443|priority:0], old=null
2022-06-21 13:52:45,507 [grpc-default-executor-2] INFO  impl.VoteContext (VoteContext.java:log(48)) - d64d628d-84bc-46a4-b938-9b06d3101fa8@group-C524617F3809-FOLLOWER: accept ELECTION from dfa3a740-454f-4489-b3be-017282a57706: our priority 0 <= candidate's priority 1
2022-06-21 13:52:45,507 [grpc-default-executor-2] INFO  server.RaftServer$Division (RaftServerImpl.java:setRole(299)) - d64d628d-84bc-46a4-b938-9b06d3101fa8@group-C524617F3809: changes role from  FOLLOWER to FOLLOWER at term 1 for candidate:dfa3a740-454f-4489-b3be-017282a57706
2022-06-21 13:52:45,507 [grpc-default-executor-2] INFO  impl.RoleInfo (RoleInfo.java:shutdownFollowerState(110)) - d64d628d-84bc-46a4-b938-9b06d3101fa8: shutdown d64d628d-84bc-46a4-b938-9b06d3101fa8@group-C524617F3809-FollowerState
2022-06-21 13:52:45,508 [grpc-default-executor-2] INFO  impl.RoleInfo (RoleInfo.java:updateAndGet(139)) - d64d628d-84bc-46a4-b938-9b06d3101fa8: start d64d628d-84bc-46a4-b938-9b06d3101fa8@group-C524617F3809-FollowerState
2022-06-21 13:52:45,508 [grpc-default-executor-0] INFO  server.RaftServer$Division (RaftServerImpl.java:requestVote(1152)) - d64d628d-84bc-46a4-b938-9b06d3101fa8@group-C524617F3809: receive requestVote(ELECTION, d0cd1932-8d4e-4243-b37a-4fe60b6778b1, group-C524617F3809, 1, (t:0, i:0))
2022-06-21 13:52:45,508 [d64d628d-84bc-46a4-b938-9b06d3101fa8@group-C524617F3809-FollowerState] INFO  impl.FollowerState (FollowerState.java:run(152)) - d64d628d-84bc-46a4-b938-9b06d3101fa8@group-C524617F3809-FollowerState was interrupted
2022-06-21 13:52:45,512 [d0cd1932-8d4e-4243-b37a-4fe60b6778b1@group-C524617F3809-LeaderElection6] INFO  impl.LeaderElection (LeaderElection.java:logAndReturn(90)) - d0cd1932-8d4e-4243-b37a-4fe60b6778b1@group-C524617F3809-LeaderElection6: ELECTION REJECTED received 1 response(s) and 0 exception(s):
2022-06-21 13:52:45,512 [d0cd1932-8d4e-4243-b37a-4fe60b6778b1@group-C524617F3809-LeaderElection6] INFO  impl.LeaderElection (LeaderElection.java:logAndReturn(94)) -   Response 0: d0cd1932-8d4e-4243-b37a-4fe60b6778b1<-dfa3a740-454f-4489-b3be-017282a57706#0:FAIL-t1
2022-06-21 13:52:45,512 [grpc-default-executor-2] INFO  server.RaftServer$Division (RaftServerImpl.java:requestVote(1184)) - d64d628d-84bc-46a4-b938-9b06d3101fa8@group-C524617F3809 replies to ELECTION vote request: dfa3a740-454f-4489-b3be-017282a57706<-d64d628d-84bc-46a4-b938-9b06d3101fa8#0:OK-t1. Peer's state: d64d628d-84bc-46a4-b938-9b06d3101fa8@group-C524617F3809:t1, leader=null, voted=dfa3a740-454f-4489-b3be-017282a57706, raftlog=d64d628d-84bc-46a4-b938-9b06d3101fa8@group-C524617F3809-SegmentedRaftLog:OPENED:c-1, conf=-1: [dfa3a740-454f-4489-b3be-017282a57706|rpc:10.1.0.15:41741|dataStream:|priority:1, d0cd1932-8d4e-4243-b37a-4fe60b6778b1|rpc:10.1.0.15:42757|dataStream:|priority:0, d64d628d-84bc-46a4-b938-9b06d3101fa8|rpc:10.1.0.15:45443|dataStream:|priority:0], old=null
2022-06-21 13:52:45,512 [d0cd1932-8d4e-4243-b37a-4fe60b6778b1@group-C524617F3809-LeaderElection6] INFO  impl.LeaderElection (LeaderElection.java:askForVotes(312)) - d0cd1932-8d4e-4243-b37a-4fe60b6778b1@group-C524617F3809-LeaderElection6 ELECTION round 0: result REJECTED
2022-06-21 13:52:45,512 [d0cd1932-8d4e-4243-b37a-4fe60b6778b1@group-C524617F3809-LeaderElection6] INFO  server.RaftServer$Division (RaftServerImpl.java:setRole(299)) - d0cd1932-8d4e-4243-b37a-4fe60b6778b1@group-C524617F3809: changes role from CANDIDATE to FOLLOWER at term 1 for REJECTED
2022-06-21 13:52:45,512 [d0cd1932-8d4e-4243-b37a-4fe60b6778b1@group-C524617F3809-LeaderElection6] INFO  impl.RoleInfo (RoleInfo.java:shutdownLeaderElection(130)) - d0cd1932-8d4e-4243-b37a-4fe60b6778b1: shutdown d0cd1932-8d4e-4243-b37a-4fe60b6778b1@group-C524617F3809-LeaderElection6
2022-06-21 13:52:45,512 [d0cd1932-8d4e-4243-b37a-4fe60b6778b1@group-C524617F3809-LeaderElection6] INFO  impl.RoleInfo (RoleInfo.java:updateAndGet(139)) - d0cd1932-8d4e-4243-b37a-4fe60b6778b1: start d0cd1932-8d4e-4243-b37a-4fe60b6778b1@group-C524617F3809-FollowerState
2022-06-21 13:52:45,512 [grpc-default-executor-0] INFO  impl.VoteContext (VoteContext.java:log(48)) - d64d628d-84bc-46a4-b938-9b06d3101fa8@group-C524617F3809-FOLLOWER: reject ELECTION from d0cd1932-8d4e-4243-b37a-4fe60b6778b1: already has voted for dfa3a740-454f-4489-b3be-017282a57706 at current term 1
2022-06-21 13:52:45,523 [grpc-default-executor-0] INFO  server.RaftServer$Division (RaftServerImpl.java:requestVote(1184)) - d64d628d-84bc-46a4-b938-9b06d3101fa8@group-C524617F3809 replies to ELECTION vote request: d0cd1932-8d4e-4243-b37a-4fe60b6778b1<-d64d628d-84bc-46a4-b938-9b06d3101fa8#0:FAIL-t1. Peer's state: d64d628d-84bc-46a4-b938-9b06d3101fa8@group-C524617F3809:t1, leader=null, voted=dfa3a740-454f-4489-b3be-017282a57706, raftlog=d64d628d-84bc-46a4-b938-9b06d3101fa8@group-C524617F3809-SegmentedRaftLog:OPENED:c-1, conf=-1: [dfa3a740-454f-4489-b3be-017282a57706|rpc:10.1.0.15:41741|dataStream:|priority:1, d0cd1932-8d4e-4243-b37a-4fe60b6778b1|rpc:10.1.0.15:42757|dataStream:|priority:0, d64d628d-84bc-46a4-b938-9b06d3101fa8|rpc:10.1.0.15:45443|dataStream:|priority:0], old=null
2022-06-21 13:52:45,515 [d64d628d-84bc-46a4-b938-9b06d3101fa8@group-AC126C41E521-FollowerState] INFO  impl.FollowerState (FollowerState.java:run(143)) - d64d628d-84bc-46a4-b938-9b06d3101fa8@group-AC126C41E521-FollowerState: change to CANDIDATE, lastRpcElapsedTime:5094448713ns, electionTimeout:5093ms
2022-06-21 13:52:45,513 [dfa3a740-454f-4489-b3be-017282a57706@group-C524617F3809-LeaderElection5] INFO  impl.LeaderElection (LeaderElection.java:logAndReturn(90)) - dfa3a740-454f-4489-b3be-017282a57706@group-C524617F3809-LeaderElection5: ELECTION PASSED received 2 response(s) and 0 exception(s):
2022-06-21 13:52:45,525 [dfa3a740-454f-4489-b3be-017282a57706@group-C524617F3809-LeaderElection5] INFO  impl.LeaderElection (LeaderElection.java:logAndReturn(94)) -   Response 0: dfa3a740-454f-4489-b3be-017282a57706<-d0cd1932-8d4e-4243-b37a-4fe60b6778b1#0:FAIL-t1
2022-06-21 13:52:45,525 [dfa3a740-454f-4489-b3be-017282a57706@group-C524617F3809-LeaderElection5] INFO  impl.LeaderElection (LeaderElection.java:logAndReturn(94)) -   Response 1: dfa3a740-454f-4489-b3be-017282a57706<-d64d628d-84bc-46a4-b938-9b06d3101fa8#0:OK-t1
2022-06-21 13:52:45,525 [dfa3a740-454f-4489-b3be-017282a57706@group-C524617F3809-LeaderElection5] INFO  impl.LeaderElection (LeaderElection.java:askForVotes(312)) - dfa3a740-454f-4489-b3be-017282a57706@group-C524617F3809-LeaderElection5 ELECTION round 0: result PASSED
2022-06-21 13:52:45,525 [dfa3a740-454f-4489-b3be-017282a57706@group-C524617F3809-LeaderElection5] INFO  impl.RoleInfo (RoleInfo.java:shutdownLeaderElection(130)) - dfa3a740-454f-4489-b3be-017282a57706: shutdown dfa3a740-454f-4489-b3be-017282a57706@group-C524617F3809-LeaderElection5
2022-06-21 13:52:45,525 [dfa3a740-454f-4489-b3be-017282a57706@group-C524617F3809-LeaderElection5] INFO  server.RaftServer$Division (RaftServerImpl.java:setRole(299)) - dfa3a740-454f-4489-b3be-017282a57706@group-C524617F3809: changes role from CANDIDATE to LEADER at term 1 for changeToLeader
2022-06-21 13:52:45,525 [dfa3a740-454f-4489-b3be-017282a57706@group-C524617F3809-LeaderElection5] INFO  ratis.XceiverServerRatis (XceiverServerRatis.java:handleLeaderChangedNotification(863)) - Leader change notification received for group: group-C524617F3809 with new leaderId: dfa3a740-454f-4489-b3be-017282a57706
2022-06-21 13:52:45,525 [dfa3a740-454f-4489-b3be-017282a57706@group-C524617F3809-LeaderElection5] INFO  server.RaftServer$Division (ServerState.java:setLeader(287)) - dfa3a740-454f-4489-b3be-017282a57706@group-C524617F3809: change Leader from null to dfa3a740-454f-4489-b3be-017282a57706 at term 1 for becomeLeader, leader elected after 5188ms
2022-06-21 13:52:45,525 [dfa3a740-454f-4489-b3be-017282a57706@group-C524617F3809-LeaderElection5] INFO  server.RaftServerConfigKeys (ConfUtils.java:logGet(46)) - raft.server.staging.catchup.gap = 1000 (default)
2022-06-21 13:52:45,526 [dfa3a740-454f-4489-b3be-017282a57706@group-C524617F3809-LeaderElection5] INFO  server.RaftServerConfigKeys (ConfUtils.java:logGet(46)) - raft.server.write.element-limit = 1024 (custom)
2022-06-21 13:52:45,526 [dfa3a740-454f-4489-b3be-017282a57706@group-C524617F3809-LeaderElection5] INFO  server.RaftServerConfigKeys (ConfUtils.java:logGet(46)) - raft.server.write.byte-limit = 1024 M (=1073741824) (custom)
2022-06-21 13:52:45,526 [dfa3a740-454f-4489-b3be-017282a57706@group-C524617F3809-LeaderElection5] INFO  server.RaftServerConfigKeys (ConfUtils.java:logGet(46)) - raft.server.watch.timeout = 180s (custom)
2022-06-21 13:52:45,526 [dfa3a740-454f-4489-b3be-017282a57706@group-C524617F3809-LeaderElection5] INFO  server.RaftServerConfigKeys (ConfUtils.java:logGet(46)) - raft.server.watch.timeout.denomination = 1s (default)
2022-06-21 13:52:45,526 [dfa3a740-454f-4489-b3be-017282a57706@group-C524617F3809-LeaderElection5] INFO  server.RaftServerConfigKeys (ConfUtils.java:logGet(46)) - raft.server.watch.element-limit = 65536 (default)
2022-06-21 13:52:45,526 [dfa3a740-454f-4489-b3be-017282a57706@group-C524617F3809-LeaderElection5] INFO  server.RaftServerConfigKeys (ConfUtils.java:logGet(46)) - raft.server.write.element-limit = 1024 (custom)
2022-06-21 13:52:45,526 [dfa3a740-454f-4489-b3be-017282a57706@group-C524617F3809-LeaderElection5] INFO  server.RaftServerConfigKeys (ConfUtils.java:logGet(46)) - raft.server.write.follower.gap.ratio.max = -1.0 (default)
2022-06-21 13:52:45,527 [dfa3a740-454f-4489-b3be-017282a57706@group-C524617F3809-LeaderElection5] INFO  server.RaftServerConfigKeys (ConfUtils.java:logGet(46)) - raft.server.log.appender.snapshot.chunk.size.max = 16MB (=16777216) (default)
2022-06-21 13:52:45,527 [dfa3a740-454f-4489-b3be-017282a57706@group-C524617F3809-LeaderElection5] INFO  server.RaftServerConfigKeys (ConfUtils.java:logGet(46)) - raft.server.log.appender.buffer.byte-limit = 33554432 (custom)
2022-06-21 13:52:45,527 [dfa3a740-454f-4489-b3be-017282a57706@group-C524617F3809-LeaderElection5] INFO  server.RaftServerConfigKeys (ConfUtils.java:logGet(46)) - raft.server.log.appender.buffer.element-limit = 1 (custom)
2022-06-21 13:52:45,527 [dfa3a740-454f-4489-b3be-017282a57706@group-C524617F3809-LeaderElection5] INFO  grpc.GrpcConfigKeys (ConfUtils.java:logGet(46)) - raft.grpc.server.leader.outstanding.appends.max = 128 (default)
2022-06-21 13:52:45,528 [dfa3a740-454f-4489-b3be-017282a57706@group-C524617F3809-LeaderElection5] INFO  server.RaftServerConfigKeys (ConfUtils.java:logGet(46)) - raft.server.rpc.request.timeout = 60s (custom)
2022-06-21 13:52:45,528 [d64d628d-84bc-46a4-b938-9b06d3101fa8@group-AC126C41E521-FollowerState] INFO  impl.RoleInfo (RoleInfo.java:shutdownFollowerState(110)) - d64d628d-84bc-46a4-b938-9b06d3101fa8: shutdown d64d628d-84bc-46a4-b938-9b06d3101fa8@group-AC126C41E521-FollowerState
2022-06-21 13:52:45,528 [d64d628d-84bc-46a4-b938-9b06d3101fa8@group-AC126C41E521-FollowerState] INFO  server.RaftServer$Division (RaftServerImpl.java:setRole(299)) - d64d628d-84bc-46a4-b938-9b06d3101fa8@group-AC126C41E521: changes role from  FOLLOWER to CANDIDATE at term 0 for changeToCandidate
2022-06-21 13:52:45,528 [dfa3a740-454f-4489-b3be-017282a57706@group-C524617F3809-LeaderElection5] INFO  server.RaftServerConfigKeys (ConfUtils.java:logGet(46)) - raft.server.log.appender.install.snapshot.enabled = false (custom)
2022-06-21 13:52:45,528 [d64d628d-84bc-46a4-b938-9b06d3101fa8@group-AC126C41E521-FollowerState] INFO  server.RaftServerConfigKeys (ConfUtils.java:logGet(46)) - raft.server.leaderelection.pre-vote = false (custom)
2022-06-21 13:52:45,528 [d64d628d-84bc-46a4-b938-9b06d3101fa8@group-AC126C41E521-FollowerState] INFO  impl.RoleInfo (RoleInfo.java:updateAndGet(139)) - d64d628d-84bc-46a4-b938-9b06d3101fa8: start d64d628d-84bc-46a4-b938-9b06d3101fa8@group-AC126C41E521-LeaderElection7
2022-06-21 13:52:45,529 [dfa3a740-454f-4489-b3be-017282a57706@group-C524617F3809-LeaderElection5] INFO  server.RaftServerConfigKeys (ConfUtils.java:logGet(46)) - raft.server.log.appender.snapshot.chunk.size.max = 16MB (=16777216) (default)
2022-06-21 13:52:45,529 [dfa3a740-454f-4489-b3be-017282a57706@group-C524617F3809-LeaderElection5] INFO  server.RaftServerConfigKeys (ConfUtils.java:logGet(46)) - raft.server.log.appender.buffer.byte-limit = 33554432 (custom)
2022-06-21 13:52:45,529 [dfa3a740-454f-4489-b3be-017282a57706@group-C524617F3809-LeaderElection5] INFO  server.RaftServerConfigKeys (ConfUtils.java:logGet(46)) - raft.server.log.appender.buffer.element-limit = 1 (custom)
2022-06-21 13:52:45,534 [EventQueue-PipelineReportForPipelineReportHandler] INFO  pipeline.PipelineManagerImpl (PipelineManagerImpl.java:openPipeline(356)) - Pipeline Pipeline[ Id: ec539ce4-0e7a-4a70-bae4-c524617f3809, Nodes: dfa3a740-454f-4489-b3be-017282a57706{ip: 10.1.0.15, host: fv-az194-567.vahfjs35atkulmpwh5ujf4txfe.jx.internal.cloudapp.net, ports: [REPLICATION=37027, RATIS=41741, RATIS_ADMIN=41741, RATIS_SERVER=41741, STANDALONE=42827], networkLocation: /default-rack, certSerialId: null, persistedOpState: IN_SERVICE, persistedOpStateExpiryEpochSec: 0}d64d628d-84bc-46a4-b938-9b06d3101fa8{ip: 10.1.0.15, host: fv-az194-567.vahfjs35atkulmpwh5ujf4txfe.jx.internal.cloudapp.net, ports: [REPLICATION=41935, RATIS=45443, RATIS_ADMIN=45443, RATIS_SERVER=45443, STANDALONE=42049], networkLocation: /default-rack, certSerialId: null, persistedOpState: IN_SERVICE, persistedOpStateExpiryEpochSec: 0}d0cd1932-8d4e-4243-b37a-4fe60b6778b1{ip: 10.1.0.15, host: fv-az194-567.vahfjs35atkulmpwh5ujf4txfe.jx.internal.cloudapp.net, ports: [REPLICATION=38753, RATIS=42757, RATIS_ADMIN=42757, RATIS_SERVER=42757, STANDALONE=36543], networkLocation: /default-rack, certSerialId: null, persistedOpState: IN_SERVICE, persistedOpStateExpiryEpochSec: 0}, ReplicationConfig: RATIS/THREE, State:ALLOCATED, leaderId:dfa3a740-454f-4489-b3be-017282a57706, CreationTimestamp2022-06-21T13:52:37.378Z[Etc/UTC]] moved to OPEN state
2022-06-21 13:52:45,536 [dfa3a740-454f-4489-b3be-017282a57706@group-C524617F3809-LeaderElection5] INFO  grpc.GrpcConfigKeys (ConfUtils.java:logGet(46)) - raft.grpc.server.leader.outstanding.appends.max = 128 (default)
2022-06-21 13:52:45,536 [dfa3a740-454f-4489-b3be-017282a57706@group-C524617F3809-LeaderElection5] INFO  server.RaftServerConfigKeys (ConfUtils.java:logGet(46)) - raft.server.rpc.request.timeout = 60s (custom)
2022-06-21 13:52:45,536 [dfa3a740-454f-4489-b3be-017282a57706@group-C524617F3809-LeaderElection5] INFO  server.RaftServerConfigKeys (ConfUtils.java:logGet(46)) - raft.server.log.appender.install.snapshot.enabled = false (custom)
2022-06-21 13:52:45,536 [dfa3a740-454f-4489-b3be-017282a57706@group-C524617F3809-LeaderElection5] INFO  impl.RoleInfo (RoleInfo.java:updateAndGet(139)) - dfa3a740-454f-4489-b3be-017282a57706: start dfa3a740-454f-4489-b3be-017282a57706@group-C524617F3809-LeaderStateImpl
2022-06-21 13:52:45,537 [dfa3a740-454f-4489-b3be-017282a57706@group-C524617F3809-LeaderElection5] INFO  segmented.SegmentedRaftLogWorker (SegmentedRaftLogWorker.java:startLogSegment(425)) - dfa3a740-454f-4489-b3be-017282a57706@group-C524617F3809-SegmentedRaftLogWorker: Starting segment from index:0
2022-06-21 13:52:45,539 [dfa3a740-454f-4489-b3be-017282a57706@group-C524617F3809-SegmentedRaftLogWorker] INFO  segmented.SegmentedRaftLogWorker (SegmentedRaftLogWorker.java:execute(629)) - dfa3a740-454f-4489-b3be-017282a57706@group-C524617F3809-SegmentedRaftLogWorker: created new log segment /home/runner/work/ozone/ozone/hadoop-ozone/integration-test/target/test-dir/MiniOzoneClusterImpl-e16419ed-4a79-4c69-a384-d99db5bfc06c/datanode-1/data/ratis/ec539ce4-0e7a-4a70-bae4-c524617f3809/current/log_inprogress_0
2022-06-21 13:52:45,545 [dfa3a740-454f-4489-b3be-017282a57706@group-C524617F3809-LeaderElection5] INFO  server.RaftServer$Division (ServerState.java:setRaftConf(393)) - dfa3a740-454f-4489-b3be-017282a57706@group-C524617F3809: set configuration 0: [dfa3a740-454f-4489-b3be-017282a57706|rpc:10.1.0.15:41741|dataStream:|priority:1, d0cd1932-8d4e-4243-b37a-4fe60b6778b1|rpc:10.1.0.15:42757|dataStream:|priority:0, d64d628d-84bc-46a4-b938-9b06d3101fa8|rpc:10.1.0.15:45443|dataStream:|priority:0], old=null
2022-06-21 13:52:45,546 [d64d628d-84bc-46a4-b938-9b06d3101fa8@group-AC126C41E521-LeaderElection7] INFO  impl.LeaderElection (LeaderElection.java:askForVotes(310)) - d64d628d-84bc-46a4-b938-9b06d3101fa8@group-AC126C41E521-LeaderElection7 ELECTION round 0: submit vote requests at term 1 for -1: [d64d628d-84bc-46a4-b938-9b06d3101fa8|rpc:10.1.0.15:45443|priority:1], old=null
2022-06-21 13:52:45,546 [d64d628d-84bc-46a4-b938-9b06d3101fa8@group-AC126C41E521-LeaderElection7] INFO  impl.LeaderElection (LeaderElection.java:askForVotes(312)) - d64d628d-84bc-46a4-b938-9b06d3101fa8@group-AC126C41E521-LeaderElection7 ELECTION round 0: result PASSED (term=1)
2022-06-21 13:52:45,546 [d64d628d-84bc-46a4-b938-9b06d3101fa8@group-AC126C41E521-LeaderElection7] INFO  impl.RoleInfo (RoleInfo.java:shutdownLeaderElection(130)) - d64d628d-84bc-46a4-b938-9b06d3101fa8: shutdown d64d628d-84bc-46a4-b938-9b06d3101fa8@group-AC126C41E521-LeaderElection7
2022-06-21 13:52:45,546 [d64d628d-84bc-46a4-b938-9b06d3101fa8@group-AC126C41E521-LeaderElection7] INFO  server.RaftServer$Division (RaftServerImpl.java:setRole(299)) - d64d628d-84bc-46a4-b938-9b06d3101fa8@group-AC126C41E521: changes role from CANDIDATE to LEADER at term 1 for changeToLeader
2022-06-21 13:52:45,547 [d64d628d-84bc-46a4-b938-9b06d3101fa8@group-AC126C41E521-LeaderElection7] INFO  ratis.XceiverServerRatis (XceiverServerRatis.java:handleLeaderChangedNotification(863)) - Leader change notification received for group: group-AC126C41E521 with new leaderId: d64d628d-84bc-46a4-b938-9b06d3101fa8
2022-06-21 13:52:45,547 [d64d628d-84bc-46a4-b938-9b06d3101fa8@group-AC126C41E521-LeaderElection7] INFO  server.RaftServer$Division (ServerState.java:setLeader(287)) - d64d628d-84bc-46a4-b938-9b06d3101fa8@group-AC126C41E521: change Leader from null to d64d628d-84bc-46a4-b938-9b06d3101fa8 at term 1 for becomeLeader, leader elected after 5171ms
2022-06-21 13:52:45,547 [d64d628d-84bc-46a4-b938-9b06d3101fa8@group-AC126C41E521-LeaderElection7] INFO  server.RaftServerConfigKeys (ConfUtils.java:logGet(46)) - raft.server.staging.catchup.gap = 1000 (default)
2022-06-21 13:52:45,547 [d64d628d-84bc-46a4-b938-9b06d3101fa8@group-AC126C41E521-LeaderElection7] INFO  server.RaftServerConfigKeys (ConfUtils.java:logGet(46)) - raft.server.write.element-limit = 1024 (custom)
2022-06-21 13:52:45,547 [d64d628d-84bc-46a4-b938-9b06d3101fa8@group-AC126C41E521-LeaderElection7] INFO  server.RaftServerConfigKeys (ConfUtils.java:logGet(46)) - raft.server.write.byte-limit = 1024 M (=1073741824) (custom)
2022-06-21 13:52:45,549 [d64d628d-84bc-46a4-b938-9b06d3101fa8@group-AC126C41E521-LeaderElection7] INFO  server.RaftServerConfigKeys (ConfUtils.java:logGet(46)) - raft.server.watch.timeout = 180s (custom)
2022-06-21 13:52:45,549 [d64d628d-84bc-46a4-b938-9b06d3101fa8@group-AC126C41E521-LeaderElection7] INFO  server.RaftServerConfigKeys (ConfUtils.java:logGet(46)) - raft.server.watch.timeout.denomination = 1s (default)
2022-06-21 13:52:45,549 [d64d628d-84bc-46a4-b938-9b06d3101fa8@group-AC126C41E521-LeaderElection7] INFO  server.RaftServerConfigKeys (ConfUtils.java:logGet(46)) - raft.server.watch.element-limit = 65536 (default)
2022-06-21 13:52:45,549 [d64d628d-84bc-46a4-b938-9b06d3101fa8@group-AC126C41E521-LeaderElection7] INFO  server.RaftServerConfigKeys (ConfUtils.java:logGet(46)) - raft.server.write.element-limit = 1024 (custom)
2022-06-21 13:52:45,549 [d64d628d-84bc-46a4-b938-9b06d3101fa8@group-AC126C41E521-LeaderElection7] INFO  server.RaftServerConfigKeys (ConfUtils.java:logGet(46)) - raft.server.write.follower.gap.ratio.max = -1.0 (default)
2022-06-21 13:52:45,549 [d64d628d-84bc-46a4-b938-9b06d3101fa8@group-AC126C41E521-LeaderElection7] INFO  impl.RoleInfo (RoleInfo.java:updateAndGet(139)) - d64d628d-84bc-46a4-b938-9b06d3101fa8: start d64d628d-84bc-46a4-b938-9b06d3101fa8@group-AC126C41E521-LeaderStateImpl
2022-06-21 13:52:45,549 [d64d628d-84bc-46a4-b938-9b06d3101fa8@group-AC126C41E521-LeaderElection7] INFO  segmented.SegmentedRaftLogWorker (SegmentedRaftLogWorker.java:startLogSegment(425)) - d64d628d-84bc-46a4-b938-9b06d3101fa8@group-AC126C41E521-SegmentedRaftLogWorker: Starting segment from index:0
2022-06-21 13:52:45,552 [OM StateMachine ApplyTransaction Thread - 0] INFO  volume.OMVolumeCreateRequest (OMVolumeCreateRequest.java:validateAndUpdateCache(195)) - created volume:volume19882 for user:user28436
2022-06-21 13:52:45,553 [d0cd1932-8d4e-4243-b37a-4fe60b6778b1-server-thread1] INFO  ratis.XceiverServerRatis (XceiverServerRatis.java:handleLeaderChangedNotification(863)) - Leader change notification received for group: group-C524617F3809 with new leaderId: dfa3a740-454f-4489-b3be-017282a57706
2022-06-21 13:52:45,553 [d0cd1932-8d4e-4243-b37a-4fe60b6778b1-server-thread1] INFO  server.RaftServer$Division (ServerState.java:setLeader(287)) - d0cd1932-8d4e-4243-b37a-4fe60b6778b1@group-C524617F3809: change Leader from null to dfa3a740-454f-4489-b3be-017282a57706 at term 1 for appendEntries, leader elected after 5203ms
2022-06-21 13:52:45,559 [d64d628d-84bc-46a4-b938-9b06d3101fa8@group-AC126C41E521-LeaderElection7] INFO  server.RaftServer$Division (ServerState.java:setRaftConf(393)) - d64d628d-84bc-46a4-b938-9b06d3101fa8@group-AC126C41E521: set configuration 0: [d64d628d-84bc-46a4-b938-9b06d3101fa8|rpc:10.1.0.15:45443|dataStream:|priority:1], old=null
2022-06-21 13:52:45,559 [d64d628d-84bc-46a4-b938-9b06d3101fa8-server-thread1] INFO  ratis.XceiverServerRatis (XceiverServerRatis.java:handleLeaderChangedNotification(863)) - Leader change notification received for group: group-C524617F3809 with new leaderId: dfa3a740-454f-4489-b3be-017282a57706
2022-06-21 13:52:45,559 [d64d628d-84bc-46a4-b938-9b06d3101fa8-server-thread1] INFO  server.RaftServer$Division (ServerState.java:setLeader(287)) - d64d628d-84bc-46a4-b938-9b06d3101fa8@group-C524617F3809: change Leader from null to dfa3a740-454f-4489-b3be-017282a57706 at term 1 for appendEntries, leader elected after 5157ms
2022-06-21 13:52:45,560 [d64d628d-84bc-46a4-b938-9b06d3101fa8@group-AC126C41E521-SegmentedRaftLogWorker] INFO  segmented.SegmentedRaftLogWorker (SegmentedRaftLogWorker.java:execute(629)) - d64d628d-84bc-46a4-b938-9b06d3101fa8@group-AC126C41E521-SegmentedRaftLogWorker: created new log segment /home/runner/work/ozone/ozone/hadoop-ozone/integration-test/target/test-dir/MiniOzoneClusterImpl-e16419ed-4a79-4c69-a384-d99db5bfc06c/datanode-2/data/ratis/da6fb245-63ae-4ddf-9a08-ac126c41e521/current/log_inprogress_0
2022-06-21 13:52:45,562 [d0cd1932-8d4e-4243-b37a-4fe60b6778b1-server-thread1] INFO  server.RaftServer$Division (ServerState.java:setRaftConf(393)) - d0cd1932-8d4e-4243-b37a-4fe60b6778b1@group-C524617F3809: set configuration 0: [dfa3a740-454f-4489-b3be-017282a57706|rpc:10.1.0.15:41741|dataStream:|priority:1, d0cd1932-8d4e-4243-b37a-4fe60b6778b1|rpc:10.1.0.15:42757|dataStream:|priority:0, d64d628d-84bc-46a4-b938-9b06d3101fa8|rpc:10.1.0.15:45443|dataStream:|priority:0], old=null
2022-06-21 13:52:45,563 [d0cd1932-8d4e-4243-b37a-4fe60b6778b1-server-thread1] INFO  segmented.SegmentedRaftLogWorker (SegmentedRaftLogWorker.java:startLogSegment(425)) - d0cd1932-8d4e-4243-b37a-4fe60b6778b1@group-C524617F3809-SegmentedRaftLogWorker: Starting segment from index:0
2022-06-21 13:52:45,571 [d0cd1932-8d4e-4243-b37a-4fe60b6778b1@group-C524617F3809-SegmentedRaftLogWorker] INFO  segmented.SegmentedRaftLogWorker (SegmentedRaftLogWorker.java:execute(629)) - d0cd1932-8d4e-4243-b37a-4fe60b6778b1@group-C524617F3809-SegmentedRaftLogWorker: created new log segment /home/runner/work/ozone/ozone/hadoop-ozone/integration-test/target/test-dir/MiniOzoneClusterImpl-e16419ed-4a79-4c69-a384-d99db5bfc06c/datanode-0/data/ratis/ec539ce4-0e7a-4a70-bae4-c524617f3809/current/log_inprogress_0
2022-06-21 13:52:45,593 [Listener at 127.0.0.1/44727] INFO  rpc.RpcClient (RpcClient.java:createBucket(666)) - Creating Bucket: volume19882/bucket92495, with the Bucket Layout LEGACY, runner as owner, Versioning false, Storage Type set to DISK and Encryption set to false 
2022-06-21 13:52:45,597 [d64d628d-84bc-46a4-b938-9b06d3101fa8-server-thread1] INFO  server.RaftServer$Division (ServerState.java:setRaftConf(393)) - d64d628d-84bc-46a4-b938-9b06d3101fa8@group-C524617F3809: set configuration 0: [dfa3a740-454f-4489-b3be-017282a57706|rpc:10.1.0.15:41741|dataStream:|priority:1, d0cd1932-8d4e-4243-b37a-4fe60b6778b1|rpc:10.1.0.15:42757|dataStream:|priority:0, d64d628d-84bc-46a4-b938-9b06d3101fa8|rpc:10.1.0.15:45443|dataStream:|priority:0], old=null
2022-06-21 13:52:45,598 [d64d628d-84bc-46a4-b938-9b06d3101fa8-server-thread1] INFO  segmented.SegmentedRaftLogWorker (SegmentedRaftLogWorker.java:startLogSegment(425)) - d64d628d-84bc-46a4-b938-9b06d3101fa8@group-C524617F3809-SegmentedRaftLogWorker: Starting segment from index:0
2022-06-21 13:52:45,599 [d64d628d-84bc-46a4-b938-9b06d3101fa8@group-C524617F3809-SegmentedRaftLogWorker] INFO  segmented.SegmentedRaftLogWorker (SegmentedRaftLogWorker.java:execute(629)) - d64d628d-84bc-46a4-b938-9b06d3101fa8@group-C524617F3809-SegmentedRaftLogWorker: created new log segment /home/runner/work/ozone/ozone/hadoop-ozone/integration-test/target/test-dir/MiniOzoneClusterImpl-e16419ed-4a79-4c69-a384-d99db5bfc06c/datanode-2/data/ratis/ec539ce4-0e7a-4a70-bae4-c524617f3809/current/log_inprogress_0
2022-06-21 13:52:45,617 [OM StateMachine ApplyTransaction Thread - 0] INFO  bucket.OMBucketCreateRequest (OMBucketCreateRequest.java:validateAndUpdateCache(260)) - created bucket: bucket92495 of layout LEGACY in volume: volume19882
2022-06-21 13:52:45,738 [c9799e9e-32ad-41be-876b-db1cefc7f700@group-6B2DB7330BF7-FollowerState] INFO  impl.FollowerState (FollowerState.java:run(143)) - c9799e9e-32ad-41be-876b-db1cefc7f700@group-6B2DB7330BF7-FollowerState: change to CANDIDATE, lastRpcElapsedTime:5026339399ns, electionTimeout:5024ms
2022-06-21 13:52:45,739 [c9799e9e-32ad-41be-876b-db1cefc7f700@group-6B2DB7330BF7-FollowerState] INFO  impl.RoleInfo (RoleInfo.java:shutdownFollowerState(110)) - c9799e9e-32ad-41be-876b-db1cefc7f700: shutdown c9799e9e-32ad-41be-876b-db1cefc7f700@group-6B2DB7330BF7-FollowerState
2022-06-21 13:52:45,739 [c9799e9e-32ad-41be-876b-db1cefc7f700@group-6B2DB7330BF7-FollowerState] INFO  server.RaftServer$Division (RaftServerImpl.java:setRole(299)) - c9799e9e-32ad-41be-876b-db1cefc7f700@group-6B2DB7330BF7: changes role from  FOLLOWER to CANDIDATE at term 0 for changeToCandidate
2022-06-21 13:52:45,739 [c9799e9e-32ad-41be-876b-db1cefc7f700@group-6B2DB7330BF7-FollowerState] INFO  server.RaftServerConfigKeys (ConfUtils.java:logGet(46)) - raft.server.leaderelection.pre-vote = false (custom)
2022-06-21 13:52:45,739 [c9799e9e-32ad-41be-876b-db1cefc7f700@group-6B2DB7330BF7-FollowerState] INFO  impl.RoleInfo (RoleInfo.java:updateAndGet(139)) - c9799e9e-32ad-41be-876b-db1cefc7f700: start c9799e9e-32ad-41be-876b-db1cefc7f700@group-6B2DB7330BF7-LeaderElection8
2022-06-21 13:52:45,747 [c9799e9e-32ad-41be-876b-db1cefc7f700@group-6B2DB7330BF7-LeaderElection8] INFO  impl.LeaderElection (LeaderElection.java:askForVotes(310)) - c9799e9e-32ad-41be-876b-db1cefc7f700@group-6B2DB7330BF7-LeaderElection8 ELECTION round 0: submit vote requests at term 1 for -1: [c9799e9e-32ad-41be-876b-db1cefc7f700|rpc:10.1.0.15:37541|priority:1], old=null
2022-06-21 13:52:45,747 [c9799e9e-32ad-41be-876b-db1cefc7f700@group-6B2DB7330BF7-LeaderElection8] INFO  impl.LeaderElection (LeaderElection.java:askForVotes(312)) - c9799e9e-32ad-41be-876b-db1cefc7f700@group-6B2DB7330BF7-LeaderElection8 ELECTION round 0: result PASSED (term=1)
2022-06-21 13:52:45,748 [c9799e9e-32ad-41be-876b-db1cefc7f700@group-6B2DB7330BF7-LeaderElection8] INFO  impl.RoleInfo (RoleInfo.java:shutdownLeaderElection(130)) - c9799e9e-32ad-41be-876b-db1cefc7f700: shutdown c9799e9e-32ad-41be-876b-db1cefc7f700@group-6B2DB7330BF7-LeaderElection8
2022-06-21 13:52:45,748 [c9799e9e-32ad-41be-876b-db1cefc7f700@group-6B2DB7330BF7-LeaderElection8] INFO  server.RaftServer$Division (RaftServerImpl.java:setRole(299)) - c9799e9e-32ad-41be-876b-db1cefc7f700@group-6B2DB7330BF7: changes role from CANDIDATE to LEADER at term 1 for changeToLeader
2022-06-21 13:52:45,748 [c9799e9e-32ad-41be-876b-db1cefc7f700@group-6B2DB7330BF7-LeaderElection8] INFO  ratis.XceiverServerRatis (XceiverServerRatis.java:handleLeaderChangedNotification(863)) - Leader change notification received for group: group-6B2DB7330BF7 with new leaderId: c9799e9e-32ad-41be-876b-db1cefc7f700
2022-06-21 13:52:45,748 [c9799e9e-32ad-41be-876b-db1cefc7f700@group-6B2DB7330BF7-LeaderElection8] INFO  server.RaftServer$Division (ServerState.java:setLeader(287)) - c9799e9e-32ad-41be-876b-db1cefc7f700@group-6B2DB7330BF7: change Leader from null to c9799e9e-32ad-41be-876b-db1cefc7f700 at term 1 for becomeLeader, leader elected after 5046ms
2022-06-21 13:52:45,748 [c9799e9e-32ad-41be-876b-db1cefc7f700@group-6B2DB7330BF7-LeaderElection8] INFO  server.RaftServerConfigKeys (ConfUtils.java:logGet(46)) - raft.server.staging.catchup.gap = 1000 (default)
2022-06-21 13:52:45,748 [c9799e9e-32ad-41be-876b-db1cefc7f700@group-6B2DB7330BF7-LeaderElection8] INFO  server.RaftServerConfigKeys (ConfUtils.java:logGet(46)) - raft.server.write.element-limit = 1024 (custom)
2022-06-21 13:52:45,748 [c9799e9e-32ad-41be-876b-db1cefc7f700@group-6B2DB7330BF7-LeaderElection8] INFO  server.RaftServerConfigKeys (ConfUtils.java:logGet(46)) - raft.server.write.byte-limit = 1024 M (=1073741824) (custom)
2022-06-21 13:52:45,748 [c9799e9e-32ad-41be-876b-db1cefc7f700@group-6B2DB7330BF7-LeaderElection8] INFO  server.RaftServerConfigKeys (ConfUtils.java:logGet(46)) - raft.server.watch.timeout = 180s (custom)
2022-06-21 13:52:45,749 [c9799e9e-32ad-41be-876b-db1cefc7f700@group-6B2DB7330BF7-LeaderElection8] INFO  server.RaftServerConfigKeys (ConfUtils.java:logGet(46)) - raft.server.watch.timeout.denomination = 1s (default)
2022-06-21 13:52:45,749 [c9799e9e-32ad-41be-876b-db1cefc7f700@group-6B2DB7330BF7-LeaderElection8] INFO  server.RaftServerConfigKeys (ConfUtils.java:logGet(46)) - raft.server.watch.element-limit = 65536 (default)
2022-06-21 13:52:45,749 [c9799e9e-32ad-41be-876b-db1cefc7f700@group-6B2DB7330BF7-LeaderElection8] INFO  server.RaftServerConfigKeys (ConfUtils.java:logGet(46)) - raft.server.write.element-limit = 1024 (custom)
2022-06-21 13:52:45,749 [c9799e9e-32ad-41be-876b-db1cefc7f700@group-6B2DB7330BF7-LeaderElection8] INFO  server.RaftServerConfigKeys (ConfUtils.java:logGet(46)) - raft.server.write.follower.gap.ratio.max = -1.0 (default)
2022-06-21 13:52:45,749 [c9799e9e-32ad-41be-876b-db1cefc7f700@group-6B2DB7330BF7-LeaderElection8] INFO  impl.RoleInfo (RoleInfo.java:updateAndGet(139)) - c9799e9e-32ad-41be-876b-db1cefc7f700: start c9799e9e-32ad-41be-876b-db1cefc7f700@group-6B2DB7330BF7-LeaderStateImpl
2022-06-21 13:52:45,749 [c9799e9e-32ad-41be-876b-db1cefc7f700@group-6B2DB7330BF7-LeaderElection8] INFO  segmented.SegmentedRaftLogWorker (SegmentedRaftLogWorker.java:startLogSegment(425)) - c9799e9e-32ad-41be-876b-db1cefc7f700@group-6B2DB7330BF7-SegmentedRaftLogWorker: Starting segment from index:0
2022-06-21 13:52:45,753 [c9799e9e-32ad-41be-876b-db1cefc7f700@group-6B2DB7330BF7-SegmentedRaftLogWorker] INFO  segmented.SegmentedRaftLogWorker (SegmentedRaftLogWorker.java:execute(629)) - c9799e9e-32ad-41be-876b-db1cefc7f700@group-6B2DB7330BF7-SegmentedRaftLogWorker: created new log segment /home/runner/work/ozone/ozone/hadoop-ozone/integration-test/target/test-dir/MiniOzoneClusterImpl-e16419ed-4a79-4c69-a384-d99db5bfc06c/datanode-3/data/ratis/286ed792-ab95-4a2a-a191-6b2db7330bf7/current/log_inprogress_0
2022-06-21 13:52:45,761 [c9799e9e-32ad-41be-876b-db1cefc7f700@group-6B2DB7330BF7-LeaderElection8] INFO  server.RaftServer$Division (ServerState.java:setRaftConf(393)) - c9799e9e-32ad-41be-876b-db1cefc7f700@group-6B2DB7330BF7: set configuration 0: [c9799e9e-32ad-41be-876b-db1cefc7f700|rpc:10.1.0.15:37541|dataStream:|priority:1], old=null
]]></system-out>
  </testcase>
  <testcase name="testGetTrashRoot" classname="TestOzoneFileSystem" time="47.495">
    <system-out><![CDATA[2022-06-21 13:53:06,974 [Listener at 127.0.0.1/44727] INFO  ozone.MiniOzoneClusterImpl (MiniOzoneClusterImpl.java:shutdown(457)) - Shutting down the Mini Ozone Cluster
2022-06-21 13:53:06,975 [Listener at 127.0.0.1/44727] INFO  ozone.MiniOzoneClusterImpl (MiniOzoneClusterImpl.java:stop(472)) - Stopping the Mini Ozone Cluster
2022-06-21 13:53:06,975 [Listener at 127.0.0.1/44727] INFO  ozone.MiniOzoneClusterImpl (MiniOzoneClusterImpl.java:stopOM(554)) - Stopping the OzoneManager
2022-06-21 13:53:06,975 [Listener at 127.0.0.1/44727] INFO  om.OzoneManager (OzoneManager.java:stop(2020)) - om1[localhost:0]: Stopping Ozone Manager
2022-06-21 13:53:06,976 [Listener at 127.0.0.1/44727] INFO  ipc.Server (Server.java:stop(3414)) - Stopping server on 44727
2022-06-21 13:53:06,981 [IPC Server listener on 0] INFO  ipc.Server (Server.java:run(1376)) - Stopping IPC Server listener on 0
2022-06-21 13:53:06,982 [IPC Server Responder] INFO  ipc.Server (Server.java:run(1512)) - Stopping IPC Server Responder
2022-06-21 13:53:06,983 [Listener at 127.0.0.1/44727] INFO  server.RaftServer (RaftServerProxy.java:lambda$close$7(398)) - om1: close
2022-06-21 13:53:06,983 [Listener at 127.0.0.1/44727] INFO  server.RaftServer$Division (RaftServerImpl.java:lambda$close$4(434)) - om1@group-C5BA1605619E: shutdown
2022-06-21 13:53:06,984 [Listener at 127.0.0.1/44727] INFO  util.JmxRegister (JmxRegister.java:unregister(73)) - Successfully un-registered JMX Bean with object name Ratis:service=RaftServer,group=group-C5BA1605619E,id=om1
2022-06-21 13:53:06,984 [Listener at 127.0.0.1/44727] INFO  impl.RoleInfo (RoleInfo.java:shutdownLeaderState(93)) - om1: shutdown om1@group-C5BA1605619E-LeaderStateImpl
2022-06-21 13:53:06,984 [Listener at 127.0.0.1/44727] INFO  impl.PendingRequests (PendingRequests.java:sendNotLeaderResponses(282)) - om1@group-C5BA1605619E-PendingRequests: sendNotLeaderResponses
2022-06-21 13:53:06,988 [om1@group-C5BA1605619E-StateMachineUpdater] INFO  ratis.OzoneManagerStateMachine (OzoneManagerStateMachine.java:takeSnapshot(441)) - Current Snapshot Index (t:1, i:10306)
2022-06-21 13:53:06,990 [om1@group-C5BA1605619E-StateMachineUpdater] INFO  impl.StateMachineUpdater (StateMachineUpdater.java:takeSnapshot(287)) - om1@group-C5BA1605619E-StateMachineUpdater: Took a snapshot at index 10306
2022-06-21 13:53:06,990 [om1@group-C5BA1605619E-StateMachineUpdater] INFO  impl.StateMachineUpdater (StateMachineUpdater.java:lambda$new$0(92)) - om1@group-C5BA1605619E-StateMachineUpdater: snapshotIndex: updateIncreasingly -1 -> 10306
2022-06-21 13:53:06,990 [om1@group-C5BA1605619E-StateMachineUpdater] INFO  ratis.OzoneManagerStateMachine (OzoneManagerStateMachine.java:close(495)) - StateMachine has shutdown. Shutdown OzoneManager if not already shutdown.
2022-06-21 13:53:06,990 [om1@group-C5BA1605619E-StateMachineUpdater] INFO  ratis.OzoneManagerDoubleBuffer (OzoneManagerDoubleBuffer.java:stop(465)) - Stopping OMDoubleBuffer flush thread
2022-06-21 13:53:06,990 [OMDoubleBufferFlushThread] INFO  ratis.OzoneManagerDoubleBuffer (OzoneManagerDoubleBuffer.java:flushTransactions(385)) - OMDoubleBuffer flush thread OMDoubleBufferFlushThread is interrupted and will exit.
2022-06-21 13:53:06,991 [Listener at 127.0.0.1/44727] INFO  impl.StateMachineUpdater (StateMachineUpdater.java:stopAndJoin(153)) - om1@group-C5BA1605619E-StateMachineUpdater: set stopIndex = 10306
2022-06-21 13:53:06,992 [Listener at 127.0.0.1/44727] INFO  server.RaftServer$Division (ServerState.java:close(429)) - om1@group-C5BA1605619E: closes. applyIndex: 10306
2022-06-21 13:53:06,996 [om1@group-C5BA1605619E-SegmentedRaftLogWorker] INFO  segmented.SegmentedRaftLogWorker (SegmentedRaftLogWorker.java:run(336)) - om1@group-C5BA1605619E-SegmentedRaftLogWorker was interrupted, exiting. There are 0 tasks remaining in the queue.
2022-06-21 13:53:06,998 [Listener at 127.0.0.1/44727] INFO  segmented.SegmentedRaftLogWorker (SegmentedRaftLogWorker.java:close(246)) - om1@group-C5BA1605619E-SegmentedRaftLogWorker close()
2022-06-21 13:53:06,999 [Listener at 127.0.0.1/44727] INFO  server.GrpcService (GrpcService.java:closeImpl(269)) - om1: shutdown server with port 9872 now
2022-06-21 13:53:07,007 [Listener at 127.0.0.1/44727] INFO  server.GrpcService (GrpcService.java:closeImpl(278)) - om1: shutdown server with port 9872 successfully
2022-06-21 13:53:07,007 [org.apache.ratis.util.JvmPauseMonitor$$Lambda$627/290163460@67652cca] INFO  util.JvmPauseMonitor (JvmPauseMonitor.java:run(109)) - JvmPauseMonitor-om1: Stopped
2022-06-21 13:53:07,008 [Listener at 127.0.0.1/44727] INFO  ratis.OzoneManagerStateMachine (OzoneManagerStateMachine.java:close(495)) - StateMachine has shutdown. Shutdown OzoneManager if not already shutdown.
2022-06-21 13:53:07,008 [Listener at 127.0.0.1/44727] INFO  ratis.OzoneManagerDoubleBuffer (OzoneManagerDoubleBuffer.java:stop(477)) - OMDoubleBuffer flush thread is not running.
2022-06-21 13:53:07,008 [Listener at 127.0.0.1/44727] INFO  utils.BackgroundService (BackgroundService.java:shutdown(132)) - Shutting down service KeyDeletingService
2022-06-21 13:53:07,009 [Listener at 127.0.0.1/44727] INFO  utils.BackgroundService (BackgroundService.java:shutdown(132)) - Shutting down service DirectoryDeletingService
2022-06-21 13:53:07,009 [Listener at 127.0.0.1/44727] INFO  utils.BackgroundService (BackgroundService.java:shutdown(132)) - Shutting down service OpenKeyCleanupService
2022-06-21 13:53:07,011 [Listener at 127.0.0.1/44727] INFO  handler.ContextHandler (ContextHandler.java:doStop(1153)) - Stopped o.e.j.w.WebAppContext@2bfaa2d0{ozoneManager,/,null,STOPPED}{file:/home/runner/work/ozone/ozone/hadoop-ozone/integration-test/target/test-classes/webapps/ozoneManager}
2022-06-21 13:53:07,015 [Listener at 127.0.0.1/44727] INFO  server.AbstractConnector (AbstractConnector.java:doStop(381)) - Stopped ServerConnector@5db33742{HTTP/1.1, (http/1.1)}{0.0.0.0:0}
2022-06-21 13:53:07,016 [Listener at 127.0.0.1/44727] INFO  server.session (HouseKeeper.java:stopScavenging(149)) - node0 Stopped scavenging
2022-06-21 13:53:07,017 [Listener at 127.0.0.1/44727] INFO  handler.ContextHandler (ContextHandler.java:doStop(1153)) - Stopped o.e.j.s.ServletContextHandler@5a7baf4f{static,/static,file:///home/runner/work/ozone/ozone/hadoop-ozone/integration-test/target/test-classes/webapps/static,STOPPED}
2022-06-21 13:53:07,017 [Listener at 127.0.0.1/44727] INFO  handler.ContextHandler (ContextHandler.java:doStop(1153)) - Stopped o.e.j.s.ServletContextHandler@632d04d{logs,/logs,file:///home/runner/work/ozone/ozone/hadoop-ozone/integration-test/target/log,STOPPED}
2022-06-21 13:53:07,018 [Trash Emptier] ERROR om.TrashPolicyOzone (TrashPolicyOzone.java:run(251)) - Error attempting to shutdown
java.lang.InterruptedException
	at java.util.concurrent.locks.AbstractQueuedSynchronizer$ConditionObject.awaitNanos(AbstractQueuedSynchronizer.java:2067)
	at java.util.concurrent.ThreadPoolExecutor.awaitTermination(ThreadPoolExecutor.java:1475)
	at org.apache.hadoop.ozone.om.TrashPolicyOzone$Emptier.run(TrashPolicyOzone.java:249)
	at java.lang.Thread.run(Thread.java:750)
2022-06-21 13:53:07,019 [Trash Emptier] ERROR util.ExitUtils (ExitUtils.java:terminate(133)) - Terminating with exit status -1: Thread[Trash Emptier,5,main] has thrown an uncaught exception
java.lang.UnsupportedOperationException: fs.getUri() not implemented in TrashOzoneFileSystem
	at org.apache.hadoop.ozone.om.TrashOzoneFileSystem.getUri(TrashOzoneFileSystem.java:125)
	at org.apache.hadoop.fs.FileSystem.close(FileSystem.java:2592)
	at org.apache.hadoop.ozone.om.TrashPolicyOzone$Emptier.run(TrashPolicyOzone.java:243)
	at java.lang.Thread.run(Thread.java:750)
2022-06-21 13:53:07,022 [Listener at 127.0.0.1/44727] INFO  ozone.MiniOzoneClusterImpl (MiniOzoneClusterImpl.java:stopDatanodes(531)) - Stopping the HddsDatanodes
2022-06-21 13:53:12,027 [Listener at 127.0.0.1/44727] INFO  ozoneimpl.OzoneContainer (OzoneContainer.java:stop(365)) - Attempting to stop container services.
2022-06-21 13:53:12,027 [ForkJoinPool.commonPool-worker-1] INFO  ozoneimpl.OzoneContainer (OzoneContainer.java:stop(365)) - Attempting to stop container services.
2022-06-21 13:53:12,032 [ForkJoinPool.commonPool-worker-1] INFO  server.RaftServer (RaftServerProxy.java:lambda$close$7(398)) - dfa3a740-454f-4489-b3be-017282a57706: close
2022-06-21 13:53:12,033 [Listener at 127.0.0.1/44727] INFO  server.RaftServer (RaftServerProxy.java:lambda$close$7(398)) - d64d628d-84bc-46a4-b938-9b06d3101fa8: close
2022-06-21 13:53:12,033 [ForkJoinPool.commonPool-worker-1] INFO  server.RaftServer$Division (RaftServerImpl.java:lambda$close$4(434)) - dfa3a740-454f-4489-b3be-017282a57706@group-589DDC039094: shutdown
2022-06-21 13:53:12,033 [ForkJoinPool.commonPool-worker-1] INFO  util.JmxRegister (JmxRegister.java:unregister(73)) - Successfully un-registered JMX Bean with object name Ratis:service=RaftServer,group=group-589DDC039094,id=dfa3a740-454f-4489-b3be-017282a57706
2022-06-21 13:53:12,033 [ForkJoinPool.commonPool-worker-1] INFO  impl.RoleInfo (RoleInfo.java:shutdownLeaderState(93)) - dfa3a740-454f-4489-b3be-017282a57706: shutdown dfa3a740-454f-4489-b3be-017282a57706@group-589DDC039094-LeaderStateImpl
2022-06-21 13:53:12,033 [Listener at 127.0.0.1/44727] INFO  server.RaftServer$Division (RaftServerImpl.java:lambda$close$4(434)) - d64d628d-84bc-46a4-b938-9b06d3101fa8@group-AC126C41E521: shutdown
2022-06-21 13:53:12,033 [ForkJoinPool.commonPool-worker-1] INFO  impl.PendingRequests (PendingRequests.java:sendNotLeaderResponses(282)) - dfa3a740-454f-4489-b3be-017282a57706@group-589DDC039094-PendingRequests: sendNotLeaderResponses
2022-06-21 13:53:12,034 [Listener at 127.0.0.1/44727] INFO  util.JmxRegister (JmxRegister.java:unregister(73)) - Successfully un-registered JMX Bean with object name Ratis:service=RaftServer,group=group-AC126C41E521,id=d64d628d-84bc-46a4-b938-9b06d3101fa8
2022-06-21 13:53:12,034 [Listener at 127.0.0.1/44727] INFO  impl.RoleInfo (RoleInfo.java:shutdownLeaderState(93)) - d64d628d-84bc-46a4-b938-9b06d3101fa8: shutdown d64d628d-84bc-46a4-b938-9b06d3101fa8@group-AC126C41E521-LeaderStateImpl
2022-06-21 13:53:12,035 [ForkJoinPool.commonPool-worker-1] INFO  impl.StateMachineUpdater (StateMachineUpdater.java:stopAndJoin(153)) - dfa3a740-454f-4489-b3be-017282a57706@group-589DDC039094-StateMachineUpdater: set stopIndex = 0
2022-06-21 13:53:12,034 [dfa3a740-454f-4489-b3be-017282a57706@group-589DDC039094-StateMachineUpdater] INFO  ratis.ContainerStateMachine (ContainerStateMachine.java:takeSnapshot(304)) - group-589DDC039094: Taking a snapshot at:(t:1, i:0) file /home/runner/work/ozone/ozone/hadoop-ozone/integration-test/target/test-dir/MiniOzoneClusterImpl-e16419ed-4a79-4c69-a384-d99db5bfc06c/datanode-1/data/ratis/9f611df5-305c-45c4-9013-589ddc039094/sm/snapshot.1_0
2022-06-21 13:53:12,035 [Listener at 127.0.0.1/44727] INFO  impl.PendingRequests (PendingRequests.java:sendNotLeaderResponses(282)) - d64d628d-84bc-46a4-b938-9b06d3101fa8@group-AC126C41E521-PendingRequests: sendNotLeaderResponses
2022-06-21 13:53:12,041 [d64d628d-84bc-46a4-b938-9b06d3101fa8@group-AC126C41E521-StateMachineUpdater] INFO  ratis.ContainerStateMachine (ContainerStateMachine.java:takeSnapshot(304)) - group-AC126C41E521: Taking a snapshot at:(t:1, i:0) file /home/runner/work/ozone/ozone/hadoop-ozone/integration-test/target/test-dir/MiniOzoneClusterImpl-e16419ed-4a79-4c69-a384-d99db5bfc06c/datanode-2/data/ratis/da6fb245-63ae-4ddf-9a08-ac126c41e521/sm/snapshot.1_0
2022-06-21 13:53:12,041 [Listener at 127.0.0.1/44727] INFO  impl.StateMachineUpdater (StateMachineUpdater.java:stopAndJoin(153)) - d64d628d-84bc-46a4-b938-9b06d3101fa8@group-AC126C41E521-StateMachineUpdater: set stopIndex = 0
2022-06-21 13:53:12,067 [d64d628d-84bc-46a4-b938-9b06d3101fa8@group-AC126C41E521-StateMachineUpdater] INFO  ratis.ContainerStateMachine (ContainerStateMachine.java:takeSnapshot(315)) - group-AC126C41E521: Finished taking a snapshot at:(t:1, i:0) file:/home/runner/work/ozone/ozone/hadoop-ozone/integration-test/target/test-dir/MiniOzoneClusterImpl-e16419ed-4a79-4c69-a384-d99db5bfc06c/datanode-2/data/ratis/da6fb245-63ae-4ddf-9a08-ac126c41e521/sm/snapshot.1_0 took: 26 ms
2022-06-21 13:53:12,068 [d64d628d-84bc-46a4-b938-9b06d3101fa8@group-AC126C41E521-StateMachineUpdater] INFO  impl.StateMachineUpdater (StateMachineUpdater.java:takeSnapshot(287)) - d64d628d-84bc-46a4-b938-9b06d3101fa8@group-AC126C41E521-StateMachineUpdater: Took a snapshot at index 0
2022-06-21 13:53:12,068 [d64d628d-84bc-46a4-b938-9b06d3101fa8@group-AC126C41E521-StateMachineUpdater] INFO  impl.StateMachineUpdater (StateMachineUpdater.java:lambda$new$0(92)) - d64d628d-84bc-46a4-b938-9b06d3101fa8@group-AC126C41E521-StateMachineUpdater: snapshotIndex: updateIncreasingly -1 -> 0
2022-06-21 13:53:12,069 [dfa3a740-454f-4489-b3be-017282a57706@group-589DDC039094-StateMachineUpdater] INFO  ratis.ContainerStateMachine (ContainerStateMachine.java:takeSnapshot(315)) - group-589DDC039094: Finished taking a snapshot at:(t:1, i:0) file:/home/runner/work/ozone/ozone/hadoop-ozone/integration-test/target/test-dir/MiniOzoneClusterImpl-e16419ed-4a79-4c69-a384-d99db5bfc06c/datanode-1/data/ratis/9f611df5-305c-45c4-9013-589ddc039094/sm/snapshot.1_0 took: 35 ms
2022-06-21 13:53:12,073 [dfa3a740-454f-4489-b3be-017282a57706@group-589DDC039094-StateMachineUpdater] INFO  impl.StateMachineUpdater (StateMachineUpdater.java:takeSnapshot(287)) - dfa3a740-454f-4489-b3be-017282a57706@group-589DDC039094-StateMachineUpdater: Took a snapshot at index 0
2022-06-21 13:53:12,073 [dfa3a740-454f-4489-b3be-017282a57706@group-589DDC039094-StateMachineUpdater] INFO  impl.StateMachineUpdater (StateMachineUpdater.java:lambda$new$0(92)) - dfa3a740-454f-4489-b3be-017282a57706@group-589DDC039094-StateMachineUpdater: snapshotIndex: updateIncreasingly -1 -> 0
2022-06-21 13:53:12,073 [Listener at 127.0.0.1/44727] INFO  server.RaftServer$Division (ServerState.java:close(429)) - d64d628d-84bc-46a4-b938-9b06d3101fa8@group-AC126C41E521: closes. applyIndex: 0
2022-06-21 13:53:12,076 [ForkJoinPool.commonPool-worker-1] INFO  server.RaftServer$Division (ServerState.java:close(429)) - dfa3a740-454f-4489-b3be-017282a57706@group-589DDC039094: closes. applyIndex: 0
2022-06-21 13:53:12,076 [dfa3a740-454f-4489-b3be-017282a57706@group-589DDC039094-SegmentedRaftLogWorker] INFO  segmented.SegmentedRaftLogWorker (SegmentedRaftLogWorker.java:run(336)) - dfa3a740-454f-4489-b3be-017282a57706@group-589DDC039094-SegmentedRaftLogWorker was interrupted, exiting. There are 0 tasks remaining in the queue.
2022-06-21 13:53:12,077 [d64d628d-84bc-46a4-b938-9b06d3101fa8@group-AC126C41E521-SegmentedRaftLogWorker] INFO  segmented.SegmentedRaftLogWorker (SegmentedRaftLogWorker.java:run(336)) - d64d628d-84bc-46a4-b938-9b06d3101fa8@group-AC126C41E521-SegmentedRaftLogWorker was interrupted, exiting. There are 0 tasks remaining in the queue.
2022-06-21 13:53:12,077 [ForkJoinPool.commonPool-worker-1] INFO  segmented.SegmentedRaftLogWorker (SegmentedRaftLogWorker.java:close(246)) - dfa3a740-454f-4489-b3be-017282a57706@group-589DDC039094-SegmentedRaftLogWorker close()
2022-06-21 13:53:12,077 [Listener at 127.0.0.1/44727] INFO  segmented.SegmentedRaftLogWorker (SegmentedRaftLogWorker.java:close(246)) - d64d628d-84bc-46a4-b938-9b06d3101fa8@group-AC126C41E521-SegmentedRaftLogWorker close()
2022-06-21 13:53:12,079 [Listener at 127.0.0.1/44727] INFO  server.RaftServer$Division (RaftServerImpl.java:lambda$close$4(434)) - d64d628d-84bc-46a4-b938-9b06d3101fa8@group-0F5A7F649100: shutdown
2022-06-21 13:53:12,079 [ForkJoinPool.commonPool-worker-1] INFO  server.RaftServer$Division (RaftServerImpl.java:lambda$close$4(434)) - dfa3a740-454f-4489-b3be-017282a57706@group-0F5A7F649100: shutdown
2022-06-21 13:53:12,079 [Listener at 127.0.0.1/44727] INFO  util.JmxRegister (JmxRegister.java:unregister(73)) - Successfully un-registered JMX Bean with object name Ratis:service=RaftServer,group=group-0F5A7F649100,id=d64d628d-84bc-46a4-b938-9b06d3101fa8
2022-06-21 13:53:12,079 [Listener at 127.0.0.1/44727] INFO  impl.RoleInfo (RoleInfo.java:shutdownFollowerState(110)) - d64d628d-84bc-46a4-b938-9b06d3101fa8: shutdown d64d628d-84bc-46a4-b938-9b06d3101fa8@group-0F5A7F649100-FollowerState
2022-06-21 13:53:12,079 [ForkJoinPool.commonPool-worker-1] INFO  util.JmxRegister (JmxRegister.java:unregister(73)) - Successfully un-registered JMX Bean with object name Ratis:service=RaftServer,group=group-0F5A7F649100,id=dfa3a740-454f-4489-b3be-017282a57706
2022-06-21 13:53:12,079 [d64d628d-84bc-46a4-b938-9b06d3101fa8@group-0F5A7F649100-FollowerState] INFO  impl.FollowerState (FollowerState.java:run(152)) - d64d628d-84bc-46a4-b938-9b06d3101fa8@group-0F5A7F649100-FollowerState was interrupted
2022-06-21 13:53:12,079 [ForkJoinPool.commonPool-worker-1] INFO  impl.RoleInfo (RoleInfo.java:shutdownFollowerState(110)) - dfa3a740-454f-4489-b3be-017282a57706: shutdown dfa3a740-454f-4489-b3be-017282a57706@group-0F5A7F649100-FollowerState
2022-06-21 13:53:12,080 [d64d628d-84bc-46a4-b938-9b06d3101fa8@group-0F5A7F649100-StateMachineUpdater] INFO  ratis.ContainerStateMachine (ContainerStateMachine.java:takeSnapshot(304)) - group-0F5A7F649100: Taking a snapshot at:(t:1, i:8) file /home/runner/work/ozone/ozone/hadoop-ozone/integration-test/target/test-dir/MiniOzoneClusterImpl-e16419ed-4a79-4c69-a384-d99db5bfc06c/datanode-2/data/ratis/7204125f-8992-4c34-a8e8-0f5a7f649100/sm/snapshot.1_8
2022-06-21 13:53:12,080 [dfa3a740-454f-4489-b3be-017282a57706@group-0F5A7F649100-FollowerState] INFO  impl.FollowerState (FollowerState.java:run(152)) - dfa3a740-454f-4489-b3be-017282a57706@group-0F5A7F649100-FollowerState was interrupted
2022-06-21 13:53:12,080 [ForkJoinPool.commonPool-worker-1] INFO  impl.StateMachineUpdater (StateMachineUpdater.java:stopAndJoin(153)) - dfa3a740-454f-4489-b3be-017282a57706@group-0F5A7F649100-StateMachineUpdater: set stopIndex = 8
2022-06-21 13:53:12,079 [Listener at 127.0.0.1/44727] INFO  impl.StateMachineUpdater (StateMachineUpdater.java:stopAndJoin(153)) - d64d628d-84bc-46a4-b938-9b06d3101fa8@group-0F5A7F649100-StateMachineUpdater: set stopIndex = 8
2022-06-21 13:53:12,082 [dfa3a740-454f-4489-b3be-017282a57706@group-0F5A7F649100-StateMachineUpdater] INFO  ratis.ContainerStateMachine (ContainerStateMachine.java:takeSnapshot(304)) - group-0F5A7F649100: Taking a snapshot at:(t:1, i:8) file /home/runner/work/ozone/ozone/hadoop-ozone/integration-test/target/test-dir/MiniOzoneClusterImpl-e16419ed-4a79-4c69-a384-d99db5bfc06c/datanode-1/data/ratis/7204125f-8992-4c34-a8e8-0f5a7f649100/sm/snapshot.1_8
2022-06-21 13:53:12,086 [dfa3a740-454f-4489-b3be-017282a57706@group-0F5A7F649100-StateMachineUpdater] INFO  ratis.ContainerStateMachine (ContainerStateMachine.java:takeSnapshot(315)) - group-0F5A7F649100: Finished taking a snapshot at:(t:1, i:8) file:/home/runner/work/ozone/ozone/hadoop-ozone/integration-test/target/test-dir/MiniOzoneClusterImpl-e16419ed-4a79-4c69-a384-d99db5bfc06c/datanode-1/data/ratis/7204125f-8992-4c34-a8e8-0f5a7f649100/sm/snapshot.1_8 took: 4 ms
2022-06-21 13:53:12,086 [dfa3a740-454f-4489-b3be-017282a57706@group-0F5A7F649100-StateMachineUpdater] INFO  impl.StateMachineUpdater (StateMachineUpdater.java:takeSnapshot(287)) - dfa3a740-454f-4489-b3be-017282a57706@group-0F5A7F649100-StateMachineUpdater: Took a snapshot at index 8
2022-06-21 13:53:12,087 [dfa3a740-454f-4489-b3be-017282a57706@group-0F5A7F649100-StateMachineUpdater] INFO  impl.StateMachineUpdater (StateMachineUpdater.java:lambda$new$0(92)) - dfa3a740-454f-4489-b3be-017282a57706@group-0F5A7F649100-StateMachineUpdater: snapshotIndex: updateIncreasingly -1 -> 8
2022-06-21 13:53:12,087 [ForkJoinPool.commonPool-worker-1] INFO  server.RaftServer$Division (ServerState.java:close(429)) - dfa3a740-454f-4489-b3be-017282a57706@group-0F5A7F649100: closes. applyIndex: 8
2022-06-21 13:53:12,087 [d64d628d-84bc-46a4-b938-9b06d3101fa8@group-0F5A7F649100-StateMachineUpdater] INFO  ratis.ContainerStateMachine (ContainerStateMachine.java:takeSnapshot(315)) - group-0F5A7F649100: Finished taking a snapshot at:(t:1, i:8) file:/home/runner/work/ozone/ozone/hadoop-ozone/integration-test/target/test-dir/MiniOzoneClusterImpl-e16419ed-4a79-4c69-a384-d99db5bfc06c/datanode-2/data/ratis/7204125f-8992-4c34-a8e8-0f5a7f649100/sm/snapshot.1_8 took: 8 ms
2022-06-21 13:53:12,087 [dfa3a740-454f-4489-b3be-017282a57706@group-0F5A7F649100-SegmentedRaftLogWorker] INFO  segmented.SegmentedRaftLogWorker (SegmentedRaftLogWorker.java:run(336)) - dfa3a740-454f-4489-b3be-017282a57706@group-0F5A7F649100-SegmentedRaftLogWorker was interrupted, exiting. There are 0 tasks remaining in the queue.
2022-06-21 13:53:12,088 [d64d628d-84bc-46a4-b938-9b06d3101fa8@group-0F5A7F649100-StateMachineUpdater] INFO  impl.StateMachineUpdater (StateMachineUpdater.java:takeSnapshot(287)) - d64d628d-84bc-46a4-b938-9b06d3101fa8@group-0F5A7F649100-StateMachineUpdater: Took a snapshot at index 8
2022-06-21 13:53:12,088 [d64d628d-84bc-46a4-b938-9b06d3101fa8@group-0F5A7F649100-StateMachineUpdater] INFO  impl.StateMachineUpdater (StateMachineUpdater.java:lambda$new$0(92)) - d64d628d-84bc-46a4-b938-9b06d3101fa8@group-0F5A7F649100-StateMachineUpdater: snapshotIndex: updateIncreasingly -1 -> 8
2022-06-21 13:53:12,088 [Listener at 127.0.0.1/44727] INFO  server.RaftServer$Division (ServerState.java:close(429)) - d64d628d-84bc-46a4-b938-9b06d3101fa8@group-0F5A7F649100: closes. applyIndex: 8
2022-06-21 13:53:12,088 [d64d628d-84bc-46a4-b938-9b06d3101fa8@group-0F5A7F649100-SegmentedRaftLogWorker] INFO  segmented.SegmentedRaftLogWorker (SegmentedRaftLogWorker.java:run(336)) - d64d628d-84bc-46a4-b938-9b06d3101fa8@group-0F5A7F649100-SegmentedRaftLogWorker was interrupted, exiting. There are 0 tasks remaining in the queue.
2022-06-21 13:53:12,089 [ForkJoinPool.commonPool-worker-1] INFO  segmented.SegmentedRaftLogWorker (SegmentedRaftLogWorker.java:close(246)) - dfa3a740-454f-4489-b3be-017282a57706@group-0F5A7F649100-SegmentedRaftLogWorker close()
2022-06-21 13:53:12,091 [Listener at 127.0.0.1/44727] INFO  segmented.SegmentedRaftLogWorker (SegmentedRaftLogWorker.java:close(246)) - d64d628d-84bc-46a4-b938-9b06d3101fa8@group-0F5A7F649100-SegmentedRaftLogWorker close()
2022-06-21 13:53:12,092 [Listener at 127.0.0.1/44727] INFO  server.RaftServer$Division (RaftServerImpl.java:lambda$close$4(434)) - d64d628d-84bc-46a4-b938-9b06d3101fa8@group-C524617F3809: shutdown
2022-06-21 13:53:12,092 [Listener at 127.0.0.1/44727] INFO  util.JmxRegister (JmxRegister.java:unregister(73)) - Successfully un-registered JMX Bean with object name Ratis:service=RaftServer,group=group-C524617F3809,id=d64d628d-84bc-46a4-b938-9b06d3101fa8
2022-06-21 13:53:12,092 [Listener at 127.0.0.1/44727] INFO  impl.RoleInfo (RoleInfo.java:shutdownFollowerState(110)) - d64d628d-84bc-46a4-b938-9b06d3101fa8: shutdown d64d628d-84bc-46a4-b938-9b06d3101fa8@group-C524617F3809-FollowerState
2022-06-21 13:53:12,092 [d64d628d-84bc-46a4-b938-9b06d3101fa8@group-C524617F3809-FollowerState] INFO  impl.FollowerState (FollowerState.java:run(152)) - d64d628d-84bc-46a4-b938-9b06d3101fa8@group-C524617F3809-FollowerState was interrupted
2022-06-21 13:53:12,093 [ForkJoinPool.commonPool-worker-1] INFO  server.RaftServer$Division (RaftServerImpl.java:lambda$close$4(434)) - dfa3a740-454f-4489-b3be-017282a57706@group-C524617F3809: shutdown
2022-06-21 13:53:12,093 [Listener at 127.0.0.1/44727] INFO  impl.StateMachineUpdater (StateMachineUpdater.java:stopAndJoin(153)) - d64d628d-84bc-46a4-b938-9b06d3101fa8@group-C524617F3809-StateMachineUpdater: set stopIndex = 22
2022-06-21 13:53:12,093 [d64d628d-84bc-46a4-b938-9b06d3101fa8@group-C524617F3809-StateMachineUpdater] INFO  ratis.ContainerStateMachine (ContainerStateMachine.java:takeSnapshot(304)) - group-C524617F3809: Taking a snapshot at:(t:1, i:22) file /home/runner/work/ozone/ozone/hadoop-ozone/integration-test/target/test-dir/MiniOzoneClusterImpl-e16419ed-4a79-4c69-a384-d99db5bfc06c/datanode-2/data/ratis/ec539ce4-0e7a-4a70-bae4-c524617f3809/sm/snapshot.1_22
2022-06-21 13:53:12,095 [d64d628d-84bc-46a4-b938-9b06d3101fa8@group-C524617F3809-StateMachineUpdater] INFO  ratis.ContainerStateMachine (ContainerStateMachine.java:takeSnapshot(315)) - group-C524617F3809: Finished taking a snapshot at:(t:1, i:22) file:/home/runner/work/ozone/ozone/hadoop-ozone/integration-test/target/test-dir/MiniOzoneClusterImpl-e16419ed-4a79-4c69-a384-d99db5bfc06c/datanode-2/data/ratis/ec539ce4-0e7a-4a70-bae4-c524617f3809/sm/snapshot.1_22 took: 2 ms
2022-06-21 13:53:12,095 [d64d628d-84bc-46a4-b938-9b06d3101fa8@group-C524617F3809-StateMachineUpdater] INFO  impl.StateMachineUpdater (StateMachineUpdater.java:takeSnapshot(287)) - d64d628d-84bc-46a4-b938-9b06d3101fa8@group-C524617F3809-StateMachineUpdater: Took a snapshot at index 22
2022-06-21 13:53:12,095 [d64d628d-84bc-46a4-b938-9b06d3101fa8@group-C524617F3809-StateMachineUpdater] INFO  impl.StateMachineUpdater (StateMachineUpdater.java:lambda$new$0(92)) - d64d628d-84bc-46a4-b938-9b06d3101fa8@group-C524617F3809-StateMachineUpdater: snapshotIndex: updateIncreasingly -1 -> 22
2022-06-21 13:53:12,093 [ForkJoinPool.commonPool-worker-1] INFO  util.JmxRegister (JmxRegister.java:unregister(73)) - Successfully un-registered JMX Bean with object name Ratis:service=RaftServer,group=group-C524617F3809,id=dfa3a740-454f-4489-b3be-017282a57706
2022-06-21 13:53:12,095 [ForkJoinPool.commonPool-worker-1] INFO  impl.RoleInfo (RoleInfo.java:shutdownLeaderState(93)) - dfa3a740-454f-4489-b3be-017282a57706: shutdown dfa3a740-454f-4489-b3be-017282a57706@group-C524617F3809-LeaderStateImpl
2022-06-21 13:53:12,095 [Listener at 127.0.0.1/44727] INFO  server.RaftServer$Division (ServerState.java:close(429)) - d64d628d-84bc-46a4-b938-9b06d3101fa8@group-C524617F3809: closes. applyIndex: 22
2022-06-21 13:53:12,096 [dfa3a740-454f-4489-b3be-017282a57706@group-C524617F3809->d64d628d-84bc-46a4-b938-9b06d3101fa8-GrpcLogAppender-LogAppenderDaemon] WARN  server.GrpcLogAppender (GrpcLogAppender.java:mayWait(171)) - dfa3a740-454f-4489-b3be-017282a57706@group-C524617F3809->d64d628d-84bc-46a4-b938-9b06d3101fa8-GrpcLogAppender: Wait interrupted by java.lang.InterruptedException
2022-06-21 13:53:12,096 [ForkJoinPool.commonPool-worker-1] INFO  impl.PendingRequests (PendingRequests.java:sendNotLeaderResponses(282)) - dfa3a740-454f-4489-b3be-017282a57706@group-C524617F3809-PendingRequests: sendNotLeaderResponses
2022-06-21 13:53:12,098 [d64d628d-84bc-46a4-b938-9b06d3101fa8@group-C524617F3809-SegmentedRaftLogWorker] INFO  segmented.SegmentedRaftLogWorker (SegmentedRaftLogWorker.java:run(336)) - d64d628d-84bc-46a4-b938-9b06d3101fa8@group-C524617F3809-SegmentedRaftLogWorker was interrupted, exiting. There are 0 tasks remaining in the queue.
2022-06-21 13:53:12,099 [grpc-default-executor-1] INFO  server.GrpcServerProtocolService (GrpcServerProtocolService.java:onCompleted(140)) - d64d628d-84bc-46a4-b938-9b06d3101fa8: Completed APPEND_ENTRIES, lastRequest: dfa3a740-454f-4489-b3be-017282a57706->d64d628d-84bc-46a4-b938-9b06d3101fa8#74-t1,previous=(t:1, i:21),leaderCommit=20,initializing? true,entries: size=1, first=(t:1, i:22), METADATAENTRY(c:20)
2022-06-21 13:53:12,100 [grpc-default-executor-1] INFO  server.GrpcLogAppender (GrpcLogAppender.java:onCompleted(339)) - dfa3a740-454f-4489-b3be-017282a57706@group-C524617F3809->d64d628d-84bc-46a4-b938-9b06d3101fa8-AppendLogResponseHandler: follower responses appendEntries COMPLETED
2022-06-21 13:53:12,103 [grpc-default-executor-1] INFO  leader.FollowerInfo (FollowerInfoImpl.java:lambda$new$0(48)) - dfa3a740-454f-4489-b3be-017282a57706@group-C524617F3809->d64d628d-84bc-46a4-b938-9b06d3101fa8: nextIndex: updateUnconditionally 23 -> 22
2022-06-21 13:53:12,103 [Listener at 127.0.0.1/44727] INFO  segmented.SegmentedRaftLogWorker (SegmentedRaftLogWorker.java:close(246)) - d64d628d-84bc-46a4-b938-9b06d3101fa8@group-C524617F3809-SegmentedRaftLogWorker close()
2022-06-21 13:53:12,096 [dfa3a740-454f-4489-b3be-017282a57706@group-C524617F3809->d0cd1932-8d4e-4243-b37a-4fe60b6778b1-GrpcLogAppender-LogAppenderDaemon] WARN  server.GrpcLogAppender (GrpcLogAppender.java:mayWait(171)) - dfa3a740-454f-4489-b3be-017282a57706@group-C524617F3809->d0cd1932-8d4e-4243-b37a-4fe60b6778b1-GrpcLogAppender: Wait interrupted by java.lang.InterruptedException
2022-06-21 13:53:12,104 [Listener at 127.0.0.1/44727] INFO  server.GrpcService (GrpcService.java:closeImpl(269)) - d64d628d-84bc-46a4-b938-9b06d3101fa8: shutdown server with port 45443 now
2022-06-21 13:53:12,104 [grpc-default-executor-3] INFO  server.GrpcServerProtocolService (GrpcServerProtocolService.java:onCompleted(140)) - d0cd1932-8d4e-4243-b37a-4fe60b6778b1: Completed APPEND_ENTRIES, lastRequest: dfa3a740-454f-4489-b3be-017282a57706->d0cd1932-8d4e-4243-b37a-4fe60b6778b1#80-t1,previous=(t:1, i:21),leaderCommit=20,initializing? true,entries: size=1, first=(t:1, i:22), METADATAENTRY(c:20)
2022-06-21 13:53:12,116 [grpc-default-executor-0] WARN  server.GrpcServerProtocolService (LogUtils.java:warn(122)) - d64d628d-84bc-46a4-b938-9b06d3101fa8: installSnapshot onError, lastRequest: d0cd1932-8d4e-4243-b37a-4fe60b6778b1->d64d628d-84bc-46a4-b938-9b06d3101fa8#262-t1,previous=(t:1, i:7),leaderCommit=6,initializing? true,entries: size=1, first=(t:1, i:8), METADATAENTRY(c:6): org.apache.ratis.thirdparty.io.grpc.StatusRuntimeException: CANCELLED: client cancelled
2022-06-21 13:53:12,117 [Listener at 127.0.0.1/44727] INFO  server.GrpcService (GrpcService.java:closeImpl(278)) - d64d628d-84bc-46a4-b938-9b06d3101fa8: shutdown server with port 45443 successfully
2022-06-21 13:53:12,118 [ForkJoinPool.commonPool-worker-1] INFO  impl.StateMachineUpdater (StateMachineUpdater.java:stopAndJoin(153)) - dfa3a740-454f-4489-b3be-017282a57706@group-C524617F3809-StateMachineUpdater: set stopIndex = 22
2022-06-21 13:53:12,118 [org.apache.ratis.util.JvmPauseMonitor$$Lambda$627/290163460@3ff2c3e1] INFO  util.JvmPauseMonitor (JvmPauseMonitor.java:run(109)) - JvmPauseMonitor-d64d628d-84bc-46a4-b938-9b06d3101fa8: Stopped
2022-06-21 13:53:12,119 [dfa3a740-454f-4489-b3be-017282a57706@group-C524617F3809-StateMachineUpdater] INFO  ratis.ContainerStateMachine (ContainerStateMachine.java:takeSnapshot(304)) - group-C524617F3809: Taking a snapshot at:(t:1, i:22) file /home/runner/work/ozone/ozone/hadoop-ozone/integration-test/target/test-dir/MiniOzoneClusterImpl-e16419ed-4a79-4c69-a384-d99db5bfc06c/datanode-1/data/ratis/ec539ce4-0e7a-4a70-bae4-c524617f3809/sm/snapshot.1_22
2022-06-21 13:53:12,120 [grpc-default-executor-1] WARN  server.GrpcLogAppender (LogUtils.java:warn(122)) - d0cd1932-8d4e-4243-b37a-4fe60b6778b1@group-0F5A7F649100->d64d628d-84bc-46a4-b938-9b06d3101fa8-AppendLogResponseHandler: Failed appendEntries: org.apache.ratis.thirdparty.io.grpc.StatusRuntimeException: CANCELLED: RST_STREAM closed stream. HTTP/2 error code: CANCEL
2022-06-21 13:53:12,121 [grpc-default-executor-1] INFO  leader.FollowerInfo (FollowerInfoImpl.java:lambda$new$0(48)) - d0cd1932-8d4e-4243-b37a-4fe60b6778b1@group-0F5A7F649100->d64d628d-84bc-46a4-b938-9b06d3101fa8: nextIndex: updateUnconditionally 9 -> 8
2022-06-21 13:53:12,121 [dfa3a740-454f-4489-b3be-017282a57706@group-C524617F3809-StateMachineUpdater] INFO  ratis.ContainerStateMachine (ContainerStateMachine.java:takeSnapshot(315)) - group-C524617F3809: Finished taking a snapshot at:(t:1, i:22) file:/home/runner/work/ozone/ozone/hadoop-ozone/integration-test/target/test-dir/MiniOzoneClusterImpl-e16419ed-4a79-4c69-a384-d99db5bfc06c/datanode-1/data/ratis/ec539ce4-0e7a-4a70-bae4-c524617f3809/sm/snapshot.1_22 took: 2 ms
2022-06-21 13:53:12,121 [dfa3a740-454f-4489-b3be-017282a57706@group-C524617F3809-StateMachineUpdater] INFO  impl.StateMachineUpdater (StateMachineUpdater.java:takeSnapshot(287)) - dfa3a740-454f-4489-b3be-017282a57706@group-C524617F3809-StateMachineUpdater: Took a snapshot at index 22
2022-06-21 13:53:12,121 [dfa3a740-454f-4489-b3be-017282a57706@group-C524617F3809-StateMachineUpdater] INFO  impl.StateMachineUpdater (StateMachineUpdater.java:lambda$new$0(92)) - dfa3a740-454f-4489-b3be-017282a57706@group-C524617F3809-StateMachineUpdater: snapshotIndex: updateIncreasingly -1 -> 22
2022-06-21 13:53:12,122 [ForkJoinPool.commonPool-worker-1] INFO  server.RaftServer$Division (ServerState.java:close(429)) - dfa3a740-454f-4489-b3be-017282a57706@group-C524617F3809: closes. applyIndex: 22
2022-06-21 13:53:12,122 [dfa3a740-454f-4489-b3be-017282a57706@group-C524617F3809-SegmentedRaftLogWorker] INFO  segmented.SegmentedRaftLogWorker (SegmentedRaftLogWorker.java:run(336)) - dfa3a740-454f-4489-b3be-017282a57706@group-C524617F3809-SegmentedRaftLogWorker was interrupted, exiting. There are 0 tasks remaining in the queue.
2022-06-21 13:53:12,125 [ForkJoinPool.commonPool-worker-1] INFO  segmented.SegmentedRaftLogWorker (SegmentedRaftLogWorker.java:close(246)) - dfa3a740-454f-4489-b3be-017282a57706@group-C524617F3809-SegmentedRaftLogWorker close()
2022-06-21 13:53:12,126 [ForkJoinPool.commonPool-worker-1] INFO  server.GrpcService (GrpcService.java:closeImpl(269)) - dfa3a740-454f-4489-b3be-017282a57706: shutdown server with port 41741 now
2022-06-21 13:53:12,127 [grpc-default-executor-1] INFO  server.GrpcLogAppender (GrpcLogAppender.java:onCompleted(339)) - dfa3a740-454f-4489-b3be-017282a57706@group-C524617F3809->d0cd1932-8d4e-4243-b37a-4fe60b6778b1-AppendLogResponseHandler: follower responses appendEntries COMPLETED
2022-06-21 13:53:12,127 [grpc-default-executor-1] WARN  server.GrpcLogAppender (GrpcLogAppender.java:resetClient(117)) - dfa3a740-454f-4489-b3be-017282a57706@group-C524617F3809->d0cd1932-8d4e-4243-b37a-4fe60b6778b1-GrpcLogAppender: Failed to getClient for d0cd1932-8d4e-4243-b37a-4fe60b6778b1
org.apache.ratis.protocol.exceptions.AlreadyClosedException: dfa3a740-454f-4489-b3be-017282a57706 is already CLOSED
	at org.apache.ratis.util.PeerProxyMap$PeerAndProxy.getProxy(PeerProxyMap.java:61)
	at org.apache.ratis.util.PeerProxyMap.getProxy(PeerProxyMap.java:115)
	at org.apache.ratis.grpc.server.GrpcLogAppender.getClient(GrpcLogAppender.java:96)
	at org.apache.ratis.grpc.server.GrpcLogAppender.resetClient(GrpcLogAppender.java:101)
	at org.apache.ratis.grpc.server.GrpcLogAppender.access$500(GrpcLogAppender.java:54)
	at org.apache.ratis.grpc.server.GrpcLogAppender$AppendLogResponseHandler.onCompleted(GrpcLogAppender.java:340)
	at org.apache.ratis.thirdparty.io.grpc.stub.ClientCalls$StreamObserverToCallListenerAdapter.onClose(ClientCalls.java:477)
	at org.apache.ratis.thirdparty.io.grpc.internal.ClientCallImpl.closeObserver(ClientCallImpl.java:562)
	at org.apache.ratis.thirdparty.io.grpc.internal.ClientCallImpl.access$300(ClientCallImpl.java:70)
	at org.apache.ratis.thirdparty.io.grpc.internal.ClientCallImpl$ClientStreamListenerImpl$1StreamClosed.runInternal(ClientCallImpl.java:743)
	at org.apache.ratis.thirdparty.io.grpc.internal.ClientCallImpl$ClientStreamListenerImpl$1StreamClosed.runInContext(ClientCallImpl.java:722)
	at org.apache.ratis.thirdparty.io.grpc.internal.ContextRunnable.run(ContextRunnable.java:37)
	at org.apache.ratis.thirdparty.io.grpc.internal.SerializingExecutor.run(SerializingExecutor.java:133)
	at java.util.concurrent.ThreadPoolExecutor.runWorker(ThreadPoolExecutor.java:1149)
	at java.util.concurrent.ThreadPoolExecutor$Worker.run(ThreadPoolExecutor.java:624)
	at java.lang.Thread.run(Thread.java:750)
2022-06-21 13:53:12,127 [grpc-default-executor-3] WARN  server.GrpcServerProtocolService (LogUtils.java:warn(122)) - dfa3a740-454f-4489-b3be-017282a57706: installSnapshot onError, lastRequest: d0cd1932-8d4e-4243-b37a-4fe60b6778b1->dfa3a740-454f-4489-b3be-017282a57706#268-t1,previous=(t:1, i:7),leaderCommit=6,initializing? true,entries: size=1, first=(t:1, i:8), METADATAENTRY(c:6): org.apache.ratis.thirdparty.io.grpc.StatusRuntimeException: CANCELLED: client cancelled
2022-06-21 13:53:12,131 [grpc-default-executor-1] WARN  server.GrpcClientProtocolService (LogUtils.java:warn(122)) - 1-UnorderedRequestStreamObserver1: onError: org.apache.ratis.thirdparty.io.grpc.StatusRuntimeException: CANCELLED: client cancelled
2022-06-21 13:53:12,136 [ForkJoinPool.commonPool-worker-1] INFO  server.GrpcService (GrpcService.java:closeImpl(278)) - dfa3a740-454f-4489-b3be-017282a57706: shutdown server with port 41741 successfully
2022-06-21 13:53:12,136 [org.apache.ratis.util.JvmPauseMonitor$$Lambda$627/290163460@6518c730] INFO  util.JvmPauseMonitor (JvmPauseMonitor.java:run(109)) - JvmPauseMonitor-dfa3a740-454f-4489-b3be-017282a57706: Stopped
2022-06-21 13:53:12,140 [grpc-default-executor-1] WARN  server.GrpcLogAppender (LogUtils.java:warn(122)) - d0cd1932-8d4e-4243-b37a-4fe60b6778b1@group-0F5A7F649100->dfa3a740-454f-4489-b3be-017282a57706-AppendLogResponseHandler: Failed appendEntries: org.apache.ratis.thirdparty.io.grpc.StatusRuntimeException: CANCELLED: RST_STREAM closed stream. HTTP/2 error code: CANCEL
2022-06-21 13:53:12,140 [grpc-default-executor-1] INFO  leader.FollowerInfo (FollowerInfoImpl.java:lambda$new$0(48)) - d0cd1932-8d4e-4243-b37a-4fe60b6778b1@group-0F5A7F649100->dfa3a740-454f-4489-b3be-017282a57706: nextIndex: updateUnconditionally 9 -> 8
2022-06-21 13:53:12,152 [grpc-default-executor-0] WARN  server.GrpcLogAppender (LogUtils.java:warn(122)) - d0cd1932-8d4e-4243-b37a-4fe60b6778b1@group-0F5A7F649100->d64d628d-84bc-46a4-b938-9b06d3101fa8-AppendLogResponseHandler: Failed appendEntries: org.apache.ratis.thirdparty.io.grpc.StatusRuntimeException: UNAVAILABLE: io exception
2022-06-21 13:53:12,152 [grpc-default-executor-0] INFO  leader.FollowerInfo (FollowerInfoImpl.java:lambda$new$0(48)) - d0cd1932-8d4e-4243-b37a-4fe60b6778b1@group-0F5A7F649100->d64d628d-84bc-46a4-b938-9b06d3101fa8: nextIndex: updateUnconditionally 9 -> 8
2022-06-21 13:53:12,153 [grpc-default-executor-3] WARN  server.GrpcLogAppender (LogUtils.java:warn(122)) - d0cd1932-8d4e-4243-b37a-4fe60b6778b1@group-0F5A7F649100->dfa3a740-454f-4489-b3be-017282a57706-AppendLogResponseHandler: Failed appendEntries: org.apache.ratis.thirdparty.io.grpc.StatusRuntimeException: UNAVAILABLE: io exception
2022-06-21 13:53:12,153 [grpc-default-executor-3] INFO  leader.FollowerInfo (FollowerInfoImpl.java:lambda$new$0(48)) - d0cd1932-8d4e-4243-b37a-4fe60b6778b1@group-0F5A7F649100->dfa3a740-454f-4489-b3be-017282a57706: nextIndex: updateUnconditionally 9 -> 8
2022-06-21 13:53:12,893 [grpc-default-executor-3] WARN  server.GrpcLogAppender (LogUtils.java:warn(122)) - d0cd1932-8d4e-4243-b37a-4fe60b6778b1@group-0F5A7F649100->d64d628d-84bc-46a4-b938-9b06d3101fa8-AppendLogResponseHandler: Failed appendEntries: org.apache.ratis.thirdparty.io.grpc.StatusRuntimeException: UNAVAILABLE: io exception
2022-06-21 13:53:12,896 [grpc-default-executor-3] INFO  leader.FollowerInfo (FollowerInfoImpl.java:lambda$new$0(48)) - d0cd1932-8d4e-4243-b37a-4fe60b6778b1@group-0F5A7F649100->d64d628d-84bc-46a4-b938-9b06d3101fa8: nextIndex: updateUnconditionally 9 -> 8
2022-06-21 13:53:12,897 [grpc-default-executor-3] WARN  server.GrpcLogAppender (LogUtils.java:warn(122)) - d0cd1932-8d4e-4243-b37a-4fe60b6778b1@group-0F5A7F649100->dfa3a740-454f-4489-b3be-017282a57706-AppendLogResponseHandler: Failed appendEntries: org.apache.ratis.thirdparty.io.grpc.StatusRuntimeException: UNAVAILABLE: io exception
2022-06-21 13:53:12,897 [grpc-default-executor-3] INFO  leader.FollowerInfo (FollowerInfoImpl.java:lambda$new$0(48)) - d0cd1932-8d4e-4243-b37a-4fe60b6778b1@group-0F5A7F649100->dfa3a740-454f-4489-b3be-017282a57706: nextIndex: updateUnconditionally 9 -> 8
2022-06-21 13:53:14,144 [grpc-default-executor-3] WARN  server.GrpcLogAppender (LogUtils.java:warn(122)) - d0cd1932-8d4e-4243-b37a-4fe60b6778b1@group-0F5A7F649100->d64d628d-84bc-46a4-b938-9b06d3101fa8-AppendLogResponseHandler: Failed appendEntries: org.apache.ratis.thirdparty.io.grpc.StatusRuntimeException: UNAVAILABLE: io exception
2022-06-21 13:53:14,145 [grpc-default-executor-3] INFO  leader.FollowerInfo (FollowerInfoImpl.java:lambda$new$0(48)) - d0cd1932-8d4e-4243-b37a-4fe60b6778b1@group-0F5A7F649100->d64d628d-84bc-46a4-b938-9b06d3101fa8: nextIndex: updateUnconditionally 9 -> 8
2022-06-21 13:53:14,148 [grpc-default-executor-3] WARN  server.GrpcLogAppender (LogUtils.java:warn(122)) - d0cd1932-8d4e-4243-b37a-4fe60b6778b1@group-0F5A7F649100->dfa3a740-454f-4489-b3be-017282a57706-AppendLogResponseHandler: Failed appendEntries: org.apache.ratis.thirdparty.io.grpc.StatusRuntimeException: UNAVAILABLE: io exception
2022-06-21 13:53:14,148 [grpc-default-executor-3] INFO  leader.FollowerInfo (FollowerInfoImpl.java:lambda$new$0(48)) - d0cd1932-8d4e-4243-b37a-4fe60b6778b1@group-0F5A7F649100->dfa3a740-454f-4489-b3be-017282a57706: nextIndex: updateUnconditionally 9 -> 8
2022-06-21 13:53:14,151 [Listener at 127.0.0.1/44727] INFO  utils.BackgroundService (BackgroundService.java:shutdown(132)) - Shutting down service BlockDeletingService
2022-06-21 13:53:14,162 [ForkJoinPool.commonPool-worker-1] INFO  utils.BackgroundService (BackgroundService.java:shutdown(132)) - Shutting down service BlockDeletingService
2022-06-21 13:53:15,395 [grpc-default-executor-3] WARN  server.GrpcLogAppender (LogUtils.java:warn(122)) - d0cd1932-8d4e-4243-b37a-4fe60b6778b1@group-0F5A7F649100->d64d628d-84bc-46a4-b938-9b06d3101fa8-AppendLogResponseHandler: Failed appendEntries: org.apache.ratis.thirdparty.io.grpc.StatusRuntimeException: UNAVAILABLE: io exception
2022-06-21 13:53:15,396 [grpc-default-executor-3] INFO  leader.FollowerInfo (FollowerInfoImpl.java:lambda$new$0(48)) - d0cd1932-8d4e-4243-b37a-4fe60b6778b1@group-0F5A7F649100->d64d628d-84bc-46a4-b938-9b06d3101fa8: nextIndex: updateUnconditionally 9 -> 8
2022-06-21 13:53:15,399 [grpc-default-executor-3] WARN  server.GrpcLogAppender (LogUtils.java:warn(122)) - d0cd1932-8d4e-4243-b37a-4fe60b6778b1@group-0F5A7F649100->dfa3a740-454f-4489-b3be-017282a57706-AppendLogResponseHandler: Failed appendEntries: org.apache.ratis.thirdparty.io.grpc.StatusRuntimeException: UNAVAILABLE: io exception
2022-06-21 13:53:15,400 [grpc-default-executor-3] INFO  leader.FollowerInfo (FollowerInfoImpl.java:lambda$new$0(48)) - d0cd1932-8d4e-4243-b37a-4fe60b6778b1@group-0F5A7F649100->dfa3a740-454f-4489-b3be-017282a57706: nextIndex: updateUnconditionally 9 -> 8
2022-06-21 13:53:16,302 [d0cd1932-8d4e-4243-b37a-4fe60b6778b1@group-C524617F3809-FollowerState] INFO  impl.FollowerState (FollowerState.java:run(143)) - d0cd1932-8d4e-4243-b37a-4fe60b6778b1@group-C524617F3809-FollowerState: change to CANDIDATE, lastRpcElapsedTime:6443891902ns, electionTimeout:5101ms
2022-06-21 13:53:16,302 [d0cd1932-8d4e-4243-b37a-4fe60b6778b1@group-C524617F3809-FollowerState] INFO  impl.RoleInfo (RoleInfo.java:shutdownFollowerState(110)) - d0cd1932-8d4e-4243-b37a-4fe60b6778b1: shutdown d0cd1932-8d4e-4243-b37a-4fe60b6778b1@group-C524617F3809-FollowerState
2022-06-21 13:53:16,302 [d0cd1932-8d4e-4243-b37a-4fe60b6778b1@group-C524617F3809-FollowerState] INFO  server.RaftServer$Division (RaftServerImpl.java:setRole(299)) - d0cd1932-8d4e-4243-b37a-4fe60b6778b1@group-C524617F3809: changes role from  FOLLOWER to CANDIDATE at term 1 for changeToCandidate
2022-06-21 13:53:16,302 [d0cd1932-8d4e-4243-b37a-4fe60b6778b1@group-C524617F3809-FollowerState] INFO  server.RaftServerConfigKeys (ConfUtils.java:logGet(46)) - raft.server.leaderelection.pre-vote = false (custom)
2022-06-21 13:53:16,303 [d0cd1932-8d4e-4243-b37a-4fe60b6778b1@group-C524617F3809-FollowerState] INFO  impl.RoleInfo (RoleInfo.java:updateAndGet(139)) - d0cd1932-8d4e-4243-b37a-4fe60b6778b1: start d0cd1932-8d4e-4243-b37a-4fe60b6778b1@group-C524617F3809-LeaderElection10
2022-06-21 13:53:16,313 [d0cd1932-8d4e-4243-b37a-4fe60b6778b1@group-C524617F3809-LeaderElection10] INFO  server.RaftServer$Division (ServerState.java:setLeader(287)) - d0cd1932-8d4e-4243-b37a-4fe60b6778b1@group-C524617F3809: change Leader from dfa3a740-454f-4489-b3be-017282a57706 to null at term 1 for ELECTION
2022-06-21 13:53:16,316 [d0cd1932-8d4e-4243-b37a-4fe60b6778b1@group-C524617F3809-LeaderElection10] INFO  impl.LeaderElection (LeaderElection.java:askForVotes(310)) - d0cd1932-8d4e-4243-b37a-4fe60b6778b1@group-C524617F3809-LeaderElection10 ELECTION round 0: submit vote requests at term 2 for 0: [dfa3a740-454f-4489-b3be-017282a57706|rpc:10.1.0.15:41741|dataStream:|priority:1, d0cd1932-8d4e-4243-b37a-4fe60b6778b1|rpc:10.1.0.15:42757|dataStream:|priority:0, d64d628d-84bc-46a4-b938-9b06d3101fa8|rpc:10.1.0.15:45443|dataStream:|priority:0], old=null
2022-06-21 13:53:16,327 [d0cd1932-8d4e-4243-b37a-4fe60b6778b1@group-C524617F3809-LeaderElection10] INFO  impl.LeaderElection (LogUtils.java:infoOrTrace(137)) - d0cd1932-8d4e-4243-b37a-4fe60b6778b1@group-C524617F3809-LeaderElection10 got exception when requesting votes: java.util.concurrent.ExecutionException: org.apache.ratis.thirdparty.io.grpc.StatusRuntimeException: UNAVAILABLE: io exception
2022-06-21 13:53:16,330 [d0cd1932-8d4e-4243-b37a-4fe60b6778b1@group-C524617F3809-LeaderElection10] INFO  impl.LeaderElection (LogUtils.java:infoOrTrace(137)) - d0cd1932-8d4e-4243-b37a-4fe60b6778b1@group-C524617F3809-LeaderElection10 got exception when requesting votes: java.util.concurrent.ExecutionException: org.apache.ratis.thirdparty.io.grpc.StatusRuntimeException: UNAVAILABLE: io exception
2022-06-21 13:53:16,330 [d0cd1932-8d4e-4243-b37a-4fe60b6778b1@group-C524617F3809-LeaderElection10] INFO  impl.LeaderElection (LeaderElection.java:logAndReturn(90)) - d0cd1932-8d4e-4243-b37a-4fe60b6778b1@group-C524617F3809-LeaderElection10: ELECTION REJECTED received 0 response(s) and 2 exception(s):
2022-06-21 13:53:16,331 [d0cd1932-8d4e-4243-b37a-4fe60b6778b1@group-C524617F3809-LeaderElection10] INFO  impl.LeaderElection (LogUtils.java:infoOrTrace(137)) -   Exception 0: java.util.concurrent.ExecutionException: org.apache.ratis.thirdparty.io.grpc.StatusRuntimeException: UNAVAILABLE: io exception
2022-06-21 13:53:16,331 [d0cd1932-8d4e-4243-b37a-4fe60b6778b1@group-C524617F3809-LeaderElection10] INFO  impl.LeaderElection (LogUtils.java:infoOrTrace(137)) -   Exception 1: java.util.concurrent.ExecutionException: org.apache.ratis.thirdparty.io.grpc.StatusRuntimeException: UNAVAILABLE: io exception
2022-06-21 13:53:16,331 [d0cd1932-8d4e-4243-b37a-4fe60b6778b1@group-C524617F3809-LeaderElection10] INFO  impl.LeaderElection (LeaderElection.java:askForVotes(312)) - d0cd1932-8d4e-4243-b37a-4fe60b6778b1@group-C524617F3809-LeaderElection10 ELECTION round 0: result REJECTED
2022-06-21 13:53:16,332 [d0cd1932-8d4e-4243-b37a-4fe60b6778b1@group-C524617F3809-LeaderElection10] INFO  server.RaftServer$Division (RaftServerImpl.java:setRole(299)) - d0cd1932-8d4e-4243-b37a-4fe60b6778b1@group-C524617F3809: changes role from CANDIDATE to FOLLOWER at term 2 for REJECTED
2022-06-21 13:53:16,332 [d0cd1932-8d4e-4243-b37a-4fe60b6778b1@group-C524617F3809-LeaderElection10] INFO  impl.RoleInfo (RoleInfo.java:shutdownLeaderElection(130)) - d0cd1932-8d4e-4243-b37a-4fe60b6778b1: shutdown d0cd1932-8d4e-4243-b37a-4fe60b6778b1@group-C524617F3809-LeaderElection10
2022-06-21 13:53:16,332 [d0cd1932-8d4e-4243-b37a-4fe60b6778b1@group-C524617F3809-LeaderElection10] INFO  impl.RoleInfo (RoleInfo.java:updateAndGet(139)) - d0cd1932-8d4e-4243-b37a-4fe60b6778b1: start d0cd1932-8d4e-4243-b37a-4fe60b6778b1@group-C524617F3809-FollowerState
2022-06-21 13:53:16,645 [grpc-default-executor-3] WARN  server.GrpcLogAppender (LogUtils.java:warn(122)) - d0cd1932-8d4e-4243-b37a-4fe60b6778b1@group-0F5A7F649100->d64d628d-84bc-46a4-b938-9b06d3101fa8-AppendLogResponseHandler: Failed appendEntries: org.apache.ratis.thirdparty.io.grpc.StatusRuntimeException: UNAVAILABLE: io exception
2022-06-21 13:53:16,649 [grpc-default-executor-0] WARN  server.GrpcLogAppender (LogUtils.java:warn(122)) - d0cd1932-8d4e-4243-b37a-4fe60b6778b1@group-0F5A7F649100->dfa3a740-454f-4489-b3be-017282a57706-AppendLogResponseHandler: Failed appendEntries: org.apache.ratis.thirdparty.io.grpc.StatusRuntimeException: UNAVAILABLE: io exception
2022-06-21 13:53:16,650 [grpc-default-executor-3] INFO  leader.FollowerInfo (FollowerInfoImpl.java:lambda$new$0(48)) - d0cd1932-8d4e-4243-b37a-4fe60b6778b1@group-0F5A7F649100->d64d628d-84bc-46a4-b938-9b06d3101fa8: nextIndex: updateUnconditionally 9 -> 8
2022-06-21 13:53:16,650 [grpc-default-executor-0] INFO  leader.FollowerInfo (FollowerInfoImpl.java:lambda$new$0(48)) - d0cd1932-8d4e-4243-b37a-4fe60b6778b1@group-0F5A7F649100->dfa3a740-454f-4489-b3be-017282a57706: nextIndex: updateUnconditionally 9 -> 8
2022-06-21 13:53:17,154 [Listener at 127.0.0.1/44727] INFO  statemachine.DatanodeStateMachine (DatanodeStateMachine.java:stopDaemon(580)) - Ozone container server stopped.
2022-06-21 13:53:17,164 [ForkJoinPool.commonPool-worker-1] INFO  statemachine.DatanodeStateMachine (DatanodeStateMachine.java:stopDaemon(580)) - Ozone container server stopped.
2022-06-21 13:53:17,176 [Listener at 127.0.0.1/44727] INFO  handler.ContextHandler (ContextHandler.java:doStop(1153)) - Stopped o.e.j.w.WebAppContext@2bdb0d42{hddsDatanode,/,null,STOPPED}{jar:file:/home/runner/.m2/repository/org/apache/ozone/hdds-container-service/1.3.0-SNAPSHOT/hdds-container-service-1.3.0-SNAPSHOT.jar!/webapps/hddsDatanode}
2022-06-21 13:53:17,177 [Listener at 127.0.0.1/44727] INFO  server.AbstractConnector (AbstractConnector.java:doStop(381)) - Stopped ServerConnector@6689e1b3{HTTP/1.1, (http/1.1)}{0.0.0.0:0}
2022-06-21 13:53:17,179 [Listener at 127.0.0.1/44727] INFO  server.session (HouseKeeper.java:stopScavenging(149)) - node0 Stopped scavenging
2022-06-21 13:53:17,180 [ForkJoinPool.commonPool-worker-1] INFO  handler.ContextHandler (ContextHandler.java:doStop(1153)) - Stopped o.e.j.w.WebAppContext@19ec5a9c{hddsDatanode,/,null,STOPPED}{jar:file:/home/runner/.m2/repository/org/apache/ozone/hdds-container-service/1.3.0-SNAPSHOT/hdds-container-service-1.3.0-SNAPSHOT.jar!/webapps/hddsDatanode}
2022-06-21 13:53:17,181 [Listener at 127.0.0.1/44727] INFO  handler.ContextHandler (ContextHandler.java:doStop(1153)) - Stopped o.e.j.s.ServletContextHandler@1d7b62cd{static,/static,jar:file:/home/runner/.m2/repository/org/apache/ozone/hdds-container-service/1.3.0-SNAPSHOT/hdds-container-service-1.3.0-SNAPSHOT.jar!/webapps/static,STOPPED}
2022-06-21 13:53:17,181 [Listener at 127.0.0.1/44727] INFO  handler.ContextHandler (ContextHandler.java:doStop(1153)) - Stopped o.e.j.s.ServletContextHandler@12b19557{logs,/logs,file:///home/runner/work/ozone/ozone/hadoop-ozone/integration-test/target/log,STOPPED}
2022-06-21 13:53:17,184 [ForkJoinPool.commonPool-worker-1] INFO  server.AbstractConnector (AbstractConnector.java:doStop(381)) - Stopped ServerConnector@885620d{HTTP/1.1, (http/1.1)}{0.0.0.0:0}
2022-06-21 13:53:17,193 [ForkJoinPool.commonPool-worker-1] INFO  server.session (HouseKeeper.java:stopScavenging(149)) - node0 Stopped scavenging
2022-06-21 13:53:17,193 [ForkJoinPool.commonPool-worker-1] INFO  handler.ContextHandler (ContextHandler.java:doStop(1153)) - Stopped o.e.j.s.ServletContextHandler@26ce4cb{static,/static,jar:file:/home/runner/.m2/repository/org/apache/ozone/hdds-container-service/1.3.0-SNAPSHOT/hdds-container-service-1.3.0-SNAPSHOT.jar!/webapps/static,STOPPED}
2022-06-21 13:53:17,194 [ForkJoinPool.commonPool-worker-1] INFO  handler.ContextHandler (ContextHandler.java:doStop(1153)) - Stopped o.e.j.s.ServletContextHandler@3bb5b4a0{logs,/logs,file:///home/runner/work/ozone/ozone/hadoop-ozone/integration-test/target/log,STOPPED}
2022-06-21 13:53:17,896 [grpc-default-executor-0] WARN  server.GrpcLogAppender (LogUtils.java:warn(122)) - d0cd1932-8d4e-4243-b37a-4fe60b6778b1@group-0F5A7F649100->d64d628d-84bc-46a4-b938-9b06d3101fa8-AppendLogResponseHandler: Failed appendEntries: org.apache.ratis.thirdparty.io.grpc.StatusRuntimeException: UNAVAILABLE: io exception
2022-06-21 13:53:17,897 [grpc-default-executor-0] INFO  leader.FollowerInfo (FollowerInfoImpl.java:lambda$new$0(48)) - d0cd1932-8d4e-4243-b37a-4fe60b6778b1@group-0F5A7F649100->d64d628d-84bc-46a4-b938-9b06d3101fa8: nextIndex: updateUnconditionally 9 -> 8
2022-06-21 13:53:17,903 [grpc-default-executor-0] WARN  server.GrpcLogAppender (LogUtils.java:warn(122)) - d0cd1932-8d4e-4243-b37a-4fe60b6778b1@group-0F5A7F649100->dfa3a740-454f-4489-b3be-017282a57706-AppendLogResponseHandler: Failed appendEntries: org.apache.ratis.thirdparty.io.grpc.StatusRuntimeException: UNAVAILABLE: io exception
2022-06-21 13:53:17,904 [grpc-default-executor-0] INFO  leader.FollowerInfo (FollowerInfoImpl.java:lambda$new$0(48)) - d0cd1932-8d4e-4243-b37a-4fe60b6778b1@group-0F5A7F649100->dfa3a740-454f-4489-b3be-017282a57706: nextIndex: updateUnconditionally 9 -> 8
2022-06-21 13:53:18,864 [d0cd1932-8d4e-4243-b37a-4fe60b6778b1@group-0F5A7F649100-LeaderStateImpl] WARN  server.RaftServer$Division (LeaderStateImpl.java:checkLeadership(1018)) - d0cd1932-8d4e-4243-b37a-4fe60b6778b1@group-0F5A7F649100-LeaderStateImpl: Lost leadership on term: 1. Election timeout: 5200ms. In charge for: 34184ms. Conf: 0: [dfa3a740-454f-4489-b3be-017282a57706|rpc:10.1.0.15:41741|dataStream:|priority:0, d0cd1932-8d4e-4243-b37a-4fe60b6778b1|rpc:10.1.0.15:42757|dataStream:|priority:1, d64d628d-84bc-46a4-b938-9b06d3101fa8|rpc:10.1.0.15:45443|dataStream:|priority:0], old=null
2022-06-21 13:53:18,865 [d0cd1932-8d4e-4243-b37a-4fe60b6778b1@group-0F5A7F649100-LeaderStateImpl] WARN  server.RaftServer$Division (LeaderStateImpl.java:lambda$checkLeadership$17(1022)) - Follower d0cd1932-8d4e-4243-b37a-4fe60b6778b1@group-0F5A7F649100->dfa3a740-454f-4489-b3be-017282a57706(c8,m8,n8, attendVote=true, lastRpcSendTime=961, lastRpcResponseTime=8468)
2022-06-21 13:53:18,865 [d0cd1932-8d4e-4243-b37a-4fe60b6778b1@group-0F5A7F649100-LeaderStateImpl] WARN  server.RaftServer$Division (LeaderStateImpl.java:lambda$checkLeadership$17(1022)) - Follower d0cd1932-8d4e-4243-b37a-4fe60b6778b1@group-0F5A7F649100->d64d628d-84bc-46a4-b938-9b06d3101fa8(c8,m8,n8, attendVote=true, lastRpcSendTime=968, lastRpcResponseTime=8472)
2022-06-21 13:53:18,865 [d0cd1932-8d4e-4243-b37a-4fe60b6778b1@group-0F5A7F649100-LeaderStateImpl] INFO  server.RaftServer$Division (RaftServerImpl.java:setRole(299)) - d0cd1932-8d4e-4243-b37a-4fe60b6778b1@group-0F5A7F649100: changes role from    LEADER to FOLLOWER at term 1 for StepDownReason:LOST_MAJORITY_HEARTBEATS
2022-06-21 13:53:18,865 [d0cd1932-8d4e-4243-b37a-4fe60b6778b1@group-0F5A7F649100-LeaderStateImpl] INFO  impl.RoleInfo (RoleInfo.java:shutdownLeaderState(93)) - d0cd1932-8d4e-4243-b37a-4fe60b6778b1: shutdown d0cd1932-8d4e-4243-b37a-4fe60b6778b1@group-0F5A7F649100-LeaderStateImpl
2022-06-21 13:53:18,866 [d0cd1932-8d4e-4243-b37a-4fe60b6778b1@group-0F5A7F649100-LeaderStateImpl] INFO  impl.PendingRequests (PendingRequests.java:sendNotLeaderResponses(282)) - d0cd1932-8d4e-4243-b37a-4fe60b6778b1@group-0F5A7F649100-PendingRequests: sendNotLeaderResponses
2022-06-21 13:53:18,866 [d0cd1932-8d4e-4243-b37a-4fe60b6778b1@group-0F5A7F649100->dfa3a740-454f-4489-b3be-017282a57706-GrpcLogAppender-LogAppenderDaemon] WARN  server.GrpcLogAppender (GrpcLogAppender.java:mayWait(171)) - d0cd1932-8d4e-4243-b37a-4fe60b6778b1@group-0F5A7F649100->dfa3a740-454f-4489-b3be-017282a57706-GrpcLogAppender: Wait interrupted by java.lang.InterruptedException
2022-06-21 13:53:18,866 [d0cd1932-8d4e-4243-b37a-4fe60b6778b1@group-0F5A7F649100->d64d628d-84bc-46a4-b938-9b06d3101fa8-GrpcLogAppender-LogAppenderDaemon] WARN  server.GrpcLogAppender (GrpcLogAppender.java:mayWait(171)) - d0cd1932-8d4e-4243-b37a-4fe60b6778b1@group-0F5A7F649100->d64d628d-84bc-46a4-b938-9b06d3101fa8-GrpcLogAppender: Wait interrupted by java.lang.InterruptedException
2022-06-21 13:53:18,868 [d0cd1932-8d4e-4243-b37a-4fe60b6778b1@group-0F5A7F649100-LeaderStateImpl] INFO  impl.RoleInfo (RoleInfo.java:updateAndGet(139)) - d0cd1932-8d4e-4243-b37a-4fe60b6778b1: start d0cd1932-8d4e-4243-b37a-4fe60b6778b1@group-0F5A7F649100-FollowerState
2022-06-21 13:53:21,538 [d0cd1932-8d4e-4243-b37a-4fe60b6778b1@group-C524617F3809-FollowerState] INFO  impl.FollowerState (FollowerState.java:run(143)) - d0cd1932-8d4e-4243-b37a-4fe60b6778b1@group-C524617F3809-FollowerState: change to CANDIDATE, lastRpcElapsedTime:5205179294ns, electionTimeout:5187ms
2022-06-21 13:53:21,538 [d0cd1932-8d4e-4243-b37a-4fe60b6778b1@group-C524617F3809-FollowerState] INFO  impl.RoleInfo (RoleInfo.java:shutdownFollowerState(110)) - d0cd1932-8d4e-4243-b37a-4fe60b6778b1: shutdown d0cd1932-8d4e-4243-b37a-4fe60b6778b1@group-C524617F3809-FollowerState
2022-06-21 13:53:21,538 [d0cd1932-8d4e-4243-b37a-4fe60b6778b1@group-C524617F3809-FollowerState] INFO  server.RaftServer$Division (RaftServerImpl.java:setRole(299)) - d0cd1932-8d4e-4243-b37a-4fe60b6778b1@group-C524617F3809: changes role from  FOLLOWER to CANDIDATE at term 2 for changeToCandidate
2022-06-21 13:53:21,538 [d0cd1932-8d4e-4243-b37a-4fe60b6778b1@group-C524617F3809-FollowerState] INFO  server.RaftServerConfigKeys (ConfUtils.java:logGet(46)) - raft.server.leaderelection.pre-vote = false (custom)
2022-06-21 13:53:21,538 [d0cd1932-8d4e-4243-b37a-4fe60b6778b1@group-C524617F3809-FollowerState] INFO  impl.RoleInfo (RoleInfo.java:updateAndGet(139)) - d0cd1932-8d4e-4243-b37a-4fe60b6778b1: start d0cd1932-8d4e-4243-b37a-4fe60b6778b1@group-C524617F3809-LeaderElection11
2022-06-21 13:53:21,549 [d0cd1932-8d4e-4243-b37a-4fe60b6778b1@group-C524617F3809-LeaderElection11] INFO  impl.LeaderElection (LeaderElection.java:askForVotes(310)) - d0cd1932-8d4e-4243-b37a-4fe60b6778b1@group-C524617F3809-LeaderElection11 ELECTION round 0: submit vote requests at term 3 for 0: [dfa3a740-454f-4489-b3be-017282a57706|rpc:10.1.0.15:41741|dataStream:|priority:1, d0cd1932-8d4e-4243-b37a-4fe60b6778b1|rpc:10.1.0.15:42757|dataStream:|priority:0, d64d628d-84bc-46a4-b938-9b06d3101fa8|rpc:10.1.0.15:45443|dataStream:|priority:0], old=null
2022-06-21 13:53:21,565 [d0cd1932-8d4e-4243-b37a-4fe60b6778b1@group-C524617F3809-LeaderElection11] INFO  impl.LeaderElection (LogUtils.java:infoOrTrace(137)) - d0cd1932-8d4e-4243-b37a-4fe60b6778b1@group-C524617F3809-LeaderElection11 got exception when requesting votes: java.util.concurrent.ExecutionException: org.apache.ratis.thirdparty.io.grpc.StatusRuntimeException: UNAVAILABLE: io exception
2022-06-21 13:53:21,565 [d0cd1932-8d4e-4243-b37a-4fe60b6778b1@group-C524617F3809-LeaderElection11] INFO  impl.LeaderElection (LogUtils.java:infoOrTrace(137)) - d0cd1932-8d4e-4243-b37a-4fe60b6778b1@group-C524617F3809-LeaderElection11 got exception when requesting votes: java.util.concurrent.ExecutionException: org.apache.ratis.thirdparty.io.grpc.StatusRuntimeException: UNAVAILABLE: io exception
2022-06-21 13:53:21,565 [d0cd1932-8d4e-4243-b37a-4fe60b6778b1@group-C524617F3809-LeaderElection11] INFO  impl.LeaderElection (LeaderElection.java:logAndReturn(90)) - d0cd1932-8d4e-4243-b37a-4fe60b6778b1@group-C524617F3809-LeaderElection11: ELECTION REJECTED received 0 response(s) and 2 exception(s):
2022-06-21 13:53:21,565 [d0cd1932-8d4e-4243-b37a-4fe60b6778b1@group-C524617F3809-LeaderElection11] INFO  impl.LeaderElection (LogUtils.java:infoOrTrace(137)) -   Exception 0: java.util.concurrent.ExecutionException: org.apache.ratis.thirdparty.io.grpc.StatusRuntimeException: UNAVAILABLE: io exception
2022-06-21 13:53:21,565 [d0cd1932-8d4e-4243-b37a-4fe60b6778b1@group-C524617F3809-LeaderElection11] INFO  impl.LeaderElection (LogUtils.java:infoOrTrace(137)) -   Exception 1: java.util.concurrent.ExecutionException: org.apache.ratis.thirdparty.io.grpc.StatusRuntimeException: UNAVAILABLE: io exception
2022-06-21 13:53:21,565 [d0cd1932-8d4e-4243-b37a-4fe60b6778b1@group-C524617F3809-LeaderElection11] INFO  impl.LeaderElection (LeaderElection.java:askForVotes(312)) - d0cd1932-8d4e-4243-b37a-4fe60b6778b1@group-C524617F3809-LeaderElection11 ELECTION round 0: result REJECTED
2022-06-21 13:53:21,570 [d0cd1932-8d4e-4243-b37a-4fe60b6778b1@group-C524617F3809-LeaderElection11] INFO  server.RaftServer$Division (RaftServerImpl.java:setRole(299)) - d0cd1932-8d4e-4243-b37a-4fe60b6778b1@group-C524617F3809: changes role from CANDIDATE to FOLLOWER at term 3 for REJECTED
2022-06-21 13:53:21,570 [d0cd1932-8d4e-4243-b37a-4fe60b6778b1@group-C524617F3809-LeaderElection11] INFO  impl.RoleInfo (RoleInfo.java:shutdownLeaderElection(130)) - d0cd1932-8d4e-4243-b37a-4fe60b6778b1: shutdown d0cd1932-8d4e-4243-b37a-4fe60b6778b1@group-C524617F3809-LeaderElection11
2022-06-21 13:53:21,570 [d0cd1932-8d4e-4243-b37a-4fe60b6778b1@group-C524617F3809-LeaderElection11] INFO  impl.RoleInfo (RoleInfo.java:updateAndGet(139)) - d0cd1932-8d4e-4243-b37a-4fe60b6778b1: start d0cd1932-8d4e-4243-b37a-4fe60b6778b1@group-C524617F3809-FollowerState
2022-06-21 13:53:22,185 [Listener at 127.0.0.1/44727] INFO  ozoneimpl.OzoneContainer (OzoneContainer.java:stop(365)) - Attempting to stop container services.
2022-06-21 13:53:22,187 [Listener at 127.0.0.1/44727] INFO  server.RaftServer (RaftServerProxy.java:lambda$close$7(398)) - 102d38b5-77ec-475a-945b-de2dedc34e4f: close
2022-06-21 13:53:22,187 [Listener at 127.0.0.1/44727] INFO  server.RaftServer$Division (RaftServerImpl.java:lambda$close$4(434)) - 102d38b5-77ec-475a-945b-de2dedc34e4f@group-4FEC5D3AD52A: shutdown
2022-06-21 13:53:22,187 [Listener at 127.0.0.1/44727] INFO  util.JmxRegister (JmxRegister.java:unregister(73)) - Successfully un-registered JMX Bean with object name Ratis:service=RaftServer,group=group-4FEC5D3AD52A,id=102d38b5-77ec-475a-945b-de2dedc34e4f
2022-06-21 13:53:22,187 [Listener at 127.0.0.1/44727] INFO  impl.RoleInfo (RoleInfo.java:shutdownLeaderState(93)) - 102d38b5-77ec-475a-945b-de2dedc34e4f: shutdown 102d38b5-77ec-475a-945b-de2dedc34e4f@group-4FEC5D3AD52A-LeaderStateImpl
2022-06-21 13:53:22,187 [Listener at 127.0.0.1/44727] INFO  impl.PendingRequests (PendingRequests.java:sendNotLeaderResponses(282)) - 102d38b5-77ec-475a-945b-de2dedc34e4f@group-4FEC5D3AD52A-PendingRequests: sendNotLeaderResponses
2022-06-21 13:53:22,188 [Listener at 127.0.0.1/44727] INFO  impl.StateMachineUpdater (StateMachineUpdater.java:stopAndJoin(153)) - 102d38b5-77ec-475a-945b-de2dedc34e4f@group-4FEC5D3AD52A-StateMachineUpdater: set stopIndex = 0
2022-06-21 13:53:22,190 [102d38b5-77ec-475a-945b-de2dedc34e4f@group-4FEC5D3AD52A-StateMachineUpdater] INFO  ratis.ContainerStateMachine (ContainerStateMachine.java:takeSnapshot(304)) - group-4FEC5D3AD52A: Taking a snapshot at:(t:1, i:0) file /home/runner/work/ozone/ozone/hadoop-ozone/integration-test/target/test-dir/MiniOzoneClusterImpl-e16419ed-4a79-4c69-a384-d99db5bfc06c/datanode-4/data/ratis/96797442-6d75-4a04-be51-4fec5d3ad52a/sm/snapshot.1_0
2022-06-21 13:53:22,191 [102d38b5-77ec-475a-945b-de2dedc34e4f@group-4FEC5D3AD52A-StateMachineUpdater] INFO  ratis.ContainerStateMachine (ContainerStateMachine.java:takeSnapshot(315)) - group-4FEC5D3AD52A: Finished taking a snapshot at:(t:1, i:0) file:/home/runner/work/ozone/ozone/hadoop-ozone/integration-test/target/test-dir/MiniOzoneClusterImpl-e16419ed-4a79-4c69-a384-d99db5bfc06c/datanode-4/data/ratis/96797442-6d75-4a04-be51-4fec5d3ad52a/sm/snapshot.1_0 took: 1 ms
2022-06-21 13:53:22,192 [102d38b5-77ec-475a-945b-de2dedc34e4f@group-4FEC5D3AD52A-StateMachineUpdater] INFO  impl.StateMachineUpdater (StateMachineUpdater.java:takeSnapshot(287)) - 102d38b5-77ec-475a-945b-de2dedc34e4f@group-4FEC5D3AD52A-StateMachineUpdater: Took a snapshot at index 0
2022-06-21 13:53:22,192 [102d38b5-77ec-475a-945b-de2dedc34e4f@group-4FEC5D3AD52A-StateMachineUpdater] INFO  impl.StateMachineUpdater (StateMachineUpdater.java:lambda$new$0(92)) - 102d38b5-77ec-475a-945b-de2dedc34e4f@group-4FEC5D3AD52A-StateMachineUpdater: snapshotIndex: updateIncreasingly -1 -> 0
2022-06-21 13:53:22,192 [Listener at 127.0.0.1/44727] INFO  server.RaftServer$Division (ServerState.java:close(429)) - 102d38b5-77ec-475a-945b-de2dedc34e4f@group-4FEC5D3AD52A: closes. applyIndex: 0
2022-06-21 13:53:22,192 [102d38b5-77ec-475a-945b-de2dedc34e4f@group-4FEC5D3AD52A-SegmentedRaftLogWorker] INFO  segmented.SegmentedRaftLogWorker (SegmentedRaftLogWorker.java:run(336)) - 102d38b5-77ec-475a-945b-de2dedc34e4f@group-4FEC5D3AD52A-SegmentedRaftLogWorker was interrupted, exiting. There are 0 tasks remaining in the queue.
2022-06-21 13:53:22,193 [Listener at 127.0.0.1/44727] INFO  segmented.SegmentedRaftLogWorker (SegmentedRaftLogWorker.java:close(246)) - 102d38b5-77ec-475a-945b-de2dedc34e4f@group-4FEC5D3AD52A-SegmentedRaftLogWorker close()
2022-06-21 13:53:22,194 [Listener at 127.0.0.1/44727] INFO  server.GrpcService (GrpcService.java:closeImpl(269)) - 102d38b5-77ec-475a-945b-de2dedc34e4f: shutdown server with port 41439 now
2022-06-21 13:53:22,195 [Listener at 127.0.0.1/44727] INFO  server.GrpcService (GrpcService.java:closeImpl(278)) - 102d38b5-77ec-475a-945b-de2dedc34e4f: shutdown server with port 41439 successfully
2022-06-21 13:53:22,195 [org.apache.ratis.util.JvmPauseMonitor$$Lambda$627/290163460@314a12f2] INFO  util.JvmPauseMonitor (JvmPauseMonitor.java:run(109)) - JvmPauseMonitor-102d38b5-77ec-475a-945b-de2dedc34e4f: Stopped
2022-06-21 13:53:22,201 [ForkJoinPool.commonPool-worker-1] INFO  ozoneimpl.OzoneContainer (OzoneContainer.java:stop(365)) - Attempting to stop container services.
2022-06-21 13:53:22,201 [ForkJoinPool.commonPool-worker-1] INFO  server.RaftServer (RaftServerProxy.java:lambda$close$7(398)) - d0cd1932-8d4e-4243-b37a-4fe60b6778b1: close
2022-06-21 13:53:22,201 [ForkJoinPool.commonPool-worker-1] INFO  server.RaftServer$Division (RaftServerImpl.java:lambda$close$4(434)) - d0cd1932-8d4e-4243-b37a-4fe60b6778b1@group-0F5A7F649100: shutdown
2022-06-21 13:53:22,201 [ForkJoinPool.commonPool-worker-1] INFO  util.JmxRegister (JmxRegister.java:unregister(73)) - Successfully un-registered JMX Bean with object name Ratis:service=RaftServer,group=group-0F5A7F649100,id=d0cd1932-8d4e-4243-b37a-4fe60b6778b1
2022-06-21 13:53:22,201 [ForkJoinPool.commonPool-worker-1] INFO  impl.RoleInfo (RoleInfo.java:shutdownFollowerState(110)) - d0cd1932-8d4e-4243-b37a-4fe60b6778b1: shutdown d0cd1932-8d4e-4243-b37a-4fe60b6778b1@group-0F5A7F649100-FollowerState
2022-06-21 13:53:22,201 [ForkJoinPool.commonPool-worker-1] INFO  impl.StateMachineUpdater (StateMachineUpdater.java:stopAndJoin(153)) - d0cd1932-8d4e-4243-b37a-4fe60b6778b1@group-0F5A7F649100-StateMachineUpdater: set stopIndex = 8
2022-06-21 13:53:22,201 [d0cd1932-8d4e-4243-b37a-4fe60b6778b1@group-0F5A7F649100-FollowerState] INFO  impl.FollowerState (FollowerState.java:run(152)) - d0cd1932-8d4e-4243-b37a-4fe60b6778b1@group-0F5A7F649100-FollowerState was interrupted
2022-06-21 13:53:22,201 [d0cd1932-8d4e-4243-b37a-4fe60b6778b1@group-0F5A7F649100-StateMachineUpdater] INFO  ratis.ContainerStateMachine (ContainerStateMachine.java:takeSnapshot(304)) - group-0F5A7F649100: Taking a snapshot at:(t:1, i:8) file /home/runner/work/ozone/ozone/hadoop-ozone/integration-test/target/test-dir/MiniOzoneClusterImpl-e16419ed-4a79-4c69-a384-d99db5bfc06c/datanode-0/data/ratis/7204125f-8992-4c34-a8e8-0f5a7f649100/sm/snapshot.1_8
2022-06-21 13:53:22,204 [d0cd1932-8d4e-4243-b37a-4fe60b6778b1@group-0F5A7F649100-StateMachineUpdater] INFO  ratis.ContainerStateMachine (ContainerStateMachine.java:takeSnapshot(315)) - group-0F5A7F649100: Finished taking a snapshot at:(t:1, i:8) file:/home/runner/work/ozone/ozone/hadoop-ozone/integration-test/target/test-dir/MiniOzoneClusterImpl-e16419ed-4a79-4c69-a384-d99db5bfc06c/datanode-0/data/ratis/7204125f-8992-4c34-a8e8-0f5a7f649100/sm/snapshot.1_8 took: 2 ms
2022-06-21 13:53:22,204 [d0cd1932-8d4e-4243-b37a-4fe60b6778b1@group-0F5A7F649100-StateMachineUpdater] INFO  impl.StateMachineUpdater (StateMachineUpdater.java:takeSnapshot(287)) - d0cd1932-8d4e-4243-b37a-4fe60b6778b1@group-0F5A7F649100-StateMachineUpdater: Took a snapshot at index 8
2022-06-21 13:53:22,204 [d0cd1932-8d4e-4243-b37a-4fe60b6778b1@group-0F5A7F649100-StateMachineUpdater] INFO  impl.StateMachineUpdater (StateMachineUpdater.java:lambda$new$0(92)) - d0cd1932-8d4e-4243-b37a-4fe60b6778b1@group-0F5A7F649100-StateMachineUpdater: snapshotIndex: updateIncreasingly -1 -> 8
2022-06-21 13:53:22,204 [ForkJoinPool.commonPool-worker-1] INFO  server.RaftServer$Division (ServerState.java:close(429)) - d0cd1932-8d4e-4243-b37a-4fe60b6778b1@group-0F5A7F649100: closes. applyIndex: 8
2022-06-21 13:53:22,204 [d0cd1932-8d4e-4243-b37a-4fe60b6778b1@group-0F5A7F649100-SegmentedRaftLogWorker] INFO  segmented.SegmentedRaftLogWorker (SegmentedRaftLogWorker.java:run(336)) - d0cd1932-8d4e-4243-b37a-4fe60b6778b1@group-0F5A7F649100-SegmentedRaftLogWorker was interrupted, exiting. There are 0 tasks remaining in the queue.
2022-06-21 13:53:22,205 [ForkJoinPool.commonPool-worker-1] INFO  segmented.SegmentedRaftLogWorker (SegmentedRaftLogWorker.java:close(246)) - d0cd1932-8d4e-4243-b37a-4fe60b6778b1@group-0F5A7F649100-SegmentedRaftLogWorker close()
2022-06-21 13:53:22,206 [ForkJoinPool.commonPool-worker-1] INFO  server.RaftServer$Division (RaftServerImpl.java:lambda$close$4(434)) - d0cd1932-8d4e-4243-b37a-4fe60b6778b1@group-C524617F3809: shutdown
2022-06-21 13:53:22,206 [ForkJoinPool.commonPool-worker-1] INFO  util.JmxRegister (JmxRegister.java:unregister(73)) - Successfully un-registered JMX Bean with object name Ratis:service=RaftServer,group=group-C524617F3809,id=d0cd1932-8d4e-4243-b37a-4fe60b6778b1
2022-06-21 13:53:22,206 [ForkJoinPool.commonPool-worker-1] INFO  impl.RoleInfo (RoleInfo.java:shutdownFollowerState(110)) - d0cd1932-8d4e-4243-b37a-4fe60b6778b1: shutdown d0cd1932-8d4e-4243-b37a-4fe60b6778b1@group-C524617F3809-FollowerState
2022-06-21 13:53:22,206 [ForkJoinPool.commonPool-worker-1] INFO  impl.StateMachineUpdater (StateMachineUpdater.java:stopAndJoin(153)) - d0cd1932-8d4e-4243-b37a-4fe60b6778b1@group-C524617F3809-StateMachineUpdater: set stopIndex = 22
2022-06-21 13:53:22,206 [d0cd1932-8d4e-4243-b37a-4fe60b6778b1@group-C524617F3809-FollowerState] INFO  impl.FollowerState (FollowerState.java:run(152)) - d0cd1932-8d4e-4243-b37a-4fe60b6778b1@group-C524617F3809-FollowerState was interrupted
2022-06-21 13:53:22,206 [d0cd1932-8d4e-4243-b37a-4fe60b6778b1@group-C524617F3809-StateMachineUpdater] INFO  ratis.ContainerStateMachine (ContainerStateMachine.java:takeSnapshot(304)) - group-C524617F3809: Taking a snapshot at:(t:1, i:22) file /home/runner/work/ozone/ozone/hadoop-ozone/integration-test/target/test-dir/MiniOzoneClusterImpl-e16419ed-4a79-4c69-a384-d99db5bfc06c/datanode-0/data/ratis/ec539ce4-0e7a-4a70-bae4-c524617f3809/sm/snapshot.1_22
2022-06-21 13:53:22,208 [d0cd1932-8d4e-4243-b37a-4fe60b6778b1@group-C524617F3809-StateMachineUpdater] INFO  ratis.ContainerStateMachine (ContainerStateMachine.java:takeSnapshot(315)) - group-C524617F3809: Finished taking a snapshot at:(t:1, i:22) file:/home/runner/work/ozone/ozone/hadoop-ozone/integration-test/target/test-dir/MiniOzoneClusterImpl-e16419ed-4a79-4c69-a384-d99db5bfc06c/datanode-0/data/ratis/ec539ce4-0e7a-4a70-bae4-c524617f3809/sm/snapshot.1_22 took: 1 ms
2022-06-21 13:53:22,208 [d0cd1932-8d4e-4243-b37a-4fe60b6778b1@group-C524617F3809-StateMachineUpdater] INFO  impl.StateMachineUpdater (StateMachineUpdater.java:takeSnapshot(287)) - d0cd1932-8d4e-4243-b37a-4fe60b6778b1@group-C524617F3809-StateMachineUpdater: Took a snapshot at index 22
2022-06-21 13:53:22,208 [d0cd1932-8d4e-4243-b37a-4fe60b6778b1@group-C524617F3809-StateMachineUpdater] INFO  impl.StateMachineUpdater (StateMachineUpdater.java:lambda$new$0(92)) - d0cd1932-8d4e-4243-b37a-4fe60b6778b1@group-C524617F3809-StateMachineUpdater: snapshotIndex: updateIncreasingly -1 -> 22
2022-06-21 13:53:22,211 [ForkJoinPool.commonPool-worker-1] INFO  server.RaftServer$Division (ServerState.java:close(429)) - d0cd1932-8d4e-4243-b37a-4fe60b6778b1@group-C524617F3809: closes. applyIndex: 22
2022-06-21 13:53:22,211 [d0cd1932-8d4e-4243-b37a-4fe60b6778b1@group-C524617F3809-SegmentedRaftLogWorker] INFO  segmented.SegmentedRaftLogWorker (SegmentedRaftLogWorker.java:run(336)) - d0cd1932-8d4e-4243-b37a-4fe60b6778b1@group-C524617F3809-SegmentedRaftLogWorker was interrupted, exiting. There are 0 tasks remaining in the queue.
2022-06-21 13:53:22,211 [ForkJoinPool.commonPool-worker-1] INFO  segmented.SegmentedRaftLogWorker (SegmentedRaftLogWorker.java:close(246)) - d0cd1932-8d4e-4243-b37a-4fe60b6778b1@group-C524617F3809-SegmentedRaftLogWorker close()
2022-06-21 13:53:22,212 [ForkJoinPool.commonPool-worker-1] INFO  server.RaftServer$Division (RaftServerImpl.java:lambda$close$4(434)) - d0cd1932-8d4e-4243-b37a-4fe60b6778b1@group-4EE5FE8175F0: shutdown
2022-06-21 13:53:22,212 [ForkJoinPool.commonPool-worker-1] INFO  util.JmxRegister (JmxRegister.java:unregister(73)) - Successfully un-registered JMX Bean with object name Ratis:service=RaftServer,group=group-4EE5FE8175F0,id=d0cd1932-8d4e-4243-b37a-4fe60b6778b1
2022-06-21 13:53:22,212 [ForkJoinPool.commonPool-worker-1] INFO  impl.RoleInfo (RoleInfo.java:shutdownLeaderState(93)) - d0cd1932-8d4e-4243-b37a-4fe60b6778b1: shutdown d0cd1932-8d4e-4243-b37a-4fe60b6778b1@group-4EE5FE8175F0-LeaderStateImpl
2022-06-21 13:53:22,212 [ForkJoinPool.commonPool-worker-1] INFO  impl.PendingRequests (PendingRequests.java:sendNotLeaderResponses(282)) - d0cd1932-8d4e-4243-b37a-4fe60b6778b1@group-4EE5FE8175F0-PendingRequests: sendNotLeaderResponses
2022-06-21 13:53:22,212 [ForkJoinPool.commonPool-worker-1] INFO  impl.StateMachineUpdater (StateMachineUpdater.java:stopAndJoin(153)) - d0cd1932-8d4e-4243-b37a-4fe60b6778b1@group-4EE5FE8175F0-StateMachineUpdater: set stopIndex = 0
2022-06-21 13:53:22,213 [d0cd1932-8d4e-4243-b37a-4fe60b6778b1@group-4EE5FE8175F0-StateMachineUpdater] INFO  ratis.ContainerStateMachine (ContainerStateMachine.java:takeSnapshot(304)) - group-4EE5FE8175F0: Taking a snapshot at:(t:1, i:0) file /home/runner/work/ozone/ozone/hadoop-ozone/integration-test/target/test-dir/MiniOzoneClusterImpl-e16419ed-4a79-4c69-a384-d99db5bfc06c/datanode-0/data/ratis/f63476f9-ec88-40cd-8710-4ee5fe8175f0/sm/snapshot.1_0
2022-06-21 13:53:22,214 [d0cd1932-8d4e-4243-b37a-4fe60b6778b1@group-4EE5FE8175F0-StateMachineUpdater] INFO  ratis.ContainerStateMachine (ContainerStateMachine.java:takeSnapshot(315)) - group-4EE5FE8175F0: Finished taking a snapshot at:(t:1, i:0) file:/home/runner/work/ozone/ozone/hadoop-ozone/integration-test/target/test-dir/MiniOzoneClusterImpl-e16419ed-4a79-4c69-a384-d99db5bfc06c/datanode-0/data/ratis/f63476f9-ec88-40cd-8710-4ee5fe8175f0/sm/snapshot.1_0 took: 1 ms
2022-06-21 13:53:22,214 [d0cd1932-8d4e-4243-b37a-4fe60b6778b1@group-4EE5FE8175F0-StateMachineUpdater] INFO  impl.StateMachineUpdater (StateMachineUpdater.java:takeSnapshot(287)) - d0cd1932-8d4e-4243-b37a-4fe60b6778b1@group-4EE5FE8175F0-StateMachineUpdater: Took a snapshot at index 0
2022-06-21 13:53:22,214 [d0cd1932-8d4e-4243-b37a-4fe60b6778b1@group-4EE5FE8175F0-StateMachineUpdater] INFO  impl.StateMachineUpdater (StateMachineUpdater.java:lambda$new$0(92)) - d0cd1932-8d4e-4243-b37a-4fe60b6778b1@group-4EE5FE8175F0-StateMachineUpdater: snapshotIndex: updateIncreasingly -1 -> 0
2022-06-21 13:53:22,214 [ForkJoinPool.commonPool-worker-1] INFO  server.RaftServer$Division (ServerState.java:close(429)) - d0cd1932-8d4e-4243-b37a-4fe60b6778b1@group-4EE5FE8175F0: closes. applyIndex: 0
2022-06-21 13:53:22,214 [d0cd1932-8d4e-4243-b37a-4fe60b6778b1@group-4EE5FE8175F0-SegmentedRaftLogWorker] INFO  segmented.SegmentedRaftLogWorker (SegmentedRaftLogWorker.java:run(336)) - d0cd1932-8d4e-4243-b37a-4fe60b6778b1@group-4EE5FE8175F0-SegmentedRaftLogWorker was interrupted, exiting. There are 0 tasks remaining in the queue.
2022-06-21 13:53:22,215 [ForkJoinPool.commonPool-worker-1] INFO  segmented.SegmentedRaftLogWorker (SegmentedRaftLogWorker.java:close(246)) - d0cd1932-8d4e-4243-b37a-4fe60b6778b1@group-4EE5FE8175F0-SegmentedRaftLogWorker close()
2022-06-21 13:53:22,215 [ForkJoinPool.commonPool-worker-1] INFO  server.GrpcService (GrpcService.java:closeImpl(269)) - d0cd1932-8d4e-4243-b37a-4fe60b6778b1: shutdown server with port 42757 now
2022-06-21 13:53:22,218 [ForkJoinPool.commonPool-worker-1] INFO  server.GrpcService (GrpcService.java:closeImpl(278)) - d0cd1932-8d4e-4243-b37a-4fe60b6778b1: shutdown server with port 42757 successfully
2022-06-21 13:53:22,219 [org.apache.ratis.util.JvmPauseMonitor$$Lambda$627/290163460@45109bd2] INFO  util.JvmPauseMonitor (JvmPauseMonitor.java:run(109)) - JvmPauseMonitor-d0cd1932-8d4e-4243-b37a-4fe60b6778b1: Stopped
2022-06-21 13:53:24,205 [Listener at 127.0.0.1/44727] INFO  utils.BackgroundService (BackgroundService.java:shutdown(132)) - Shutting down service BlockDeletingService
2022-06-21 13:53:24,243 [ForkJoinPool.commonPool-worker-1] INFO  utils.BackgroundService (BackgroundService.java:shutdown(132)) - Shutting down service BlockDeletingService
2022-06-21 13:53:27,211 [Listener at 127.0.0.1/44727] INFO  statemachine.DatanodeStateMachine (DatanodeStateMachine.java:stopDaemon(580)) - Ozone container server stopped.
2022-06-21 13:53:27,222 [Listener at 127.0.0.1/44727] INFO  handler.ContextHandler (ContextHandler.java:doStop(1153)) - Stopped o.e.j.w.WebAppContext@6d7eb2bc{hddsDatanode,/,null,STOPPED}{jar:file:/home/runner/.m2/repository/org/apache/ozone/hdds-container-service/1.3.0-SNAPSHOT/hdds-container-service-1.3.0-SNAPSHOT.jar!/webapps/hddsDatanode}
2022-06-21 13:53:27,223 [Listener at 127.0.0.1/44727] INFO  server.AbstractConnector (AbstractConnector.java:doStop(381)) - Stopped ServerConnector@18d9ba1{HTTP/1.1, (http/1.1)}{0.0.0.0:0}
2022-06-21 13:53:27,223 [Listener at 127.0.0.1/44727] INFO  server.session (HouseKeeper.java:stopScavenging(149)) - node0 Stopped scavenging
2022-06-21 13:53:27,225 [Listener at 127.0.0.1/44727] INFO  handler.ContextHandler (ContextHandler.java:doStop(1153)) - Stopped o.e.j.s.ServletContextHandler@25410c7f{static,/static,jar:file:/home/runner/.m2/repository/org/apache/ozone/hdds-container-service/1.3.0-SNAPSHOT/hdds-container-service-1.3.0-SNAPSHOT.jar!/webapps/static,STOPPED}
2022-06-21 13:53:27,225 [Listener at 127.0.0.1/44727] INFO  handler.ContextHandler (ContextHandler.java:doStop(1153)) - Stopped o.e.j.s.ServletContextHandler@55eb10c0{logs,/logs,file:///home/runner/work/ozone/ozone/hadoop-ozone/integration-test/target/log,STOPPED}
2022-06-21 13:53:27,245 [ForkJoinPool.commonPool-worker-1] INFO  statemachine.DatanodeStateMachine (DatanodeStateMachine.java:stopDaemon(580)) - Ozone container server stopped.
2022-06-21 13:53:27,273 [ForkJoinPool.commonPool-worker-1] INFO  handler.ContextHandler (ContextHandler.java:doStop(1153)) - Stopped o.e.j.w.WebAppContext@4d5397b6{hddsDatanode,/,null,STOPPED}{jar:file:/home/runner/.m2/repository/org/apache/ozone/hdds-container-service/1.3.0-SNAPSHOT/hdds-container-service-1.3.0-SNAPSHOT.jar!/webapps/hddsDatanode}
2022-06-21 13:53:27,278 [ForkJoinPool.commonPool-worker-1] INFO  server.AbstractConnector (AbstractConnector.java:doStop(381)) - Stopped ServerConnector@88d045d{HTTP/1.1, (http/1.1)}{0.0.0.0:0}
2022-06-21 13:53:27,279 [ForkJoinPool.commonPool-worker-1] INFO  server.session (HouseKeeper.java:stopScavenging(149)) - node0 Stopped scavenging
2022-06-21 13:53:27,279 [ForkJoinPool.commonPool-worker-1] INFO  handler.ContextHandler (ContextHandler.java:doStop(1153)) - Stopped o.e.j.s.ServletContextHandler@dbd687f{static,/static,jar:file:/home/runner/.m2/repository/org/apache/ozone/hdds-container-service/1.3.0-SNAPSHOT/hdds-container-service-1.3.0-SNAPSHOT.jar!/webapps/static,STOPPED}
2022-06-21 13:53:27,281 [ForkJoinPool.commonPool-worker-1] INFO  handler.ContextHandler (ContextHandler.java:doStop(1153)) - Stopped o.e.j.s.ServletContextHandler@6e59b904{logs,/logs,file:///home/runner/work/ozone/ozone/hadoop-ozone/integration-test/target/log,STOPPED}
2022-06-21 13:53:32,235 [Listener at 127.0.0.1/44727] INFO  ozoneimpl.OzoneContainer (OzoneContainer.java:stop(365)) - Attempting to stop container services.
2022-06-21 13:53:32,236 [Listener at 127.0.0.1/44727] INFO  server.RaftServer (RaftServerProxy.java:lambda$close$7(398)) - c9799e9e-32ad-41be-876b-db1cefc7f700: close
2022-06-21 13:53:32,236 [Listener at 127.0.0.1/44727] INFO  server.RaftServer$Division (RaftServerImpl.java:lambda$close$4(434)) - c9799e9e-32ad-41be-876b-db1cefc7f700@group-6B2DB7330BF7: shutdown
2022-06-21 13:53:32,237 [Listener at 127.0.0.1/44727] INFO  util.JmxRegister (JmxRegister.java:unregister(73)) - Successfully un-registered JMX Bean with object name Ratis:service=RaftServer,group=group-6B2DB7330BF7,id=c9799e9e-32ad-41be-876b-db1cefc7f700
2022-06-21 13:53:32,237 [Listener at 127.0.0.1/44727] INFO  impl.RoleInfo (RoleInfo.java:shutdownLeaderState(93)) - c9799e9e-32ad-41be-876b-db1cefc7f700: shutdown c9799e9e-32ad-41be-876b-db1cefc7f700@group-6B2DB7330BF7-LeaderStateImpl
2022-06-21 13:53:32,237 [Listener at 127.0.0.1/44727] INFO  impl.PendingRequests (PendingRequests.java:sendNotLeaderResponses(282)) - c9799e9e-32ad-41be-876b-db1cefc7f700@group-6B2DB7330BF7-PendingRequests: sendNotLeaderResponses
2022-06-21 13:53:32,237 [Listener at 127.0.0.1/44727] INFO  impl.StateMachineUpdater (StateMachineUpdater.java:stopAndJoin(153)) - c9799e9e-32ad-41be-876b-db1cefc7f700@group-6B2DB7330BF7-StateMachineUpdater: set stopIndex = 0
2022-06-21 13:53:32,238 [c9799e9e-32ad-41be-876b-db1cefc7f700@group-6B2DB7330BF7-StateMachineUpdater] INFO  ratis.ContainerStateMachine (ContainerStateMachine.java:takeSnapshot(304)) - group-6B2DB7330BF7: Taking a snapshot at:(t:1, i:0) file /home/runner/work/ozone/ozone/hadoop-ozone/integration-test/target/test-dir/MiniOzoneClusterImpl-e16419ed-4a79-4c69-a384-d99db5bfc06c/datanode-3/data/ratis/286ed792-ab95-4a2a-a191-6b2db7330bf7/sm/snapshot.1_0
2022-06-21 13:53:32,241 [c9799e9e-32ad-41be-876b-db1cefc7f700@group-6B2DB7330BF7-StateMachineUpdater] INFO  ratis.ContainerStateMachine (ContainerStateMachine.java:takeSnapshot(315)) - group-6B2DB7330BF7: Finished taking a snapshot at:(t:1, i:0) file:/home/runner/work/ozone/ozone/hadoop-ozone/integration-test/target/test-dir/MiniOzoneClusterImpl-e16419ed-4a79-4c69-a384-d99db5bfc06c/datanode-3/data/ratis/286ed792-ab95-4a2a-a191-6b2db7330bf7/sm/snapshot.1_0 took: 3 ms
2022-06-21 13:53:32,241 [c9799e9e-32ad-41be-876b-db1cefc7f700@group-6B2DB7330BF7-StateMachineUpdater] INFO  impl.StateMachineUpdater (StateMachineUpdater.java:takeSnapshot(287)) - c9799e9e-32ad-41be-876b-db1cefc7f700@group-6B2DB7330BF7-StateMachineUpdater: Took a snapshot at index 0
2022-06-21 13:53:32,241 [c9799e9e-32ad-41be-876b-db1cefc7f700@group-6B2DB7330BF7-StateMachineUpdater] INFO  impl.StateMachineUpdater (StateMachineUpdater.java:lambda$new$0(92)) - c9799e9e-32ad-41be-876b-db1cefc7f700@group-6B2DB7330BF7-StateMachineUpdater: snapshotIndex: updateIncreasingly -1 -> 0
2022-06-21 13:53:32,241 [Listener at 127.0.0.1/44727] INFO  server.RaftServer$Division (ServerState.java:close(429)) - c9799e9e-32ad-41be-876b-db1cefc7f700@group-6B2DB7330BF7: closes. applyIndex: 0
2022-06-21 13:53:32,242 [c9799e9e-32ad-41be-876b-db1cefc7f700@group-6B2DB7330BF7-SegmentedRaftLogWorker] INFO  segmented.SegmentedRaftLogWorker (SegmentedRaftLogWorker.java:run(336)) - c9799e9e-32ad-41be-876b-db1cefc7f700@group-6B2DB7330BF7-SegmentedRaftLogWorker was interrupted, exiting. There are 0 tasks remaining in the queue.
2022-06-21 13:53:32,242 [Listener at 127.0.0.1/44727] INFO  segmented.SegmentedRaftLogWorker (SegmentedRaftLogWorker.java:close(246)) - c9799e9e-32ad-41be-876b-db1cefc7f700@group-6B2DB7330BF7-SegmentedRaftLogWorker close()
2022-06-21 13:53:32,243 [Listener at 127.0.0.1/44727] INFO  server.GrpcService (GrpcService.java:closeImpl(269)) - c9799e9e-32ad-41be-876b-db1cefc7f700: shutdown server with port 37541 now
2022-06-21 13:53:32,249 [Listener at 127.0.0.1/44727] INFO  server.GrpcService (GrpcService.java:closeImpl(278)) - c9799e9e-32ad-41be-876b-db1cefc7f700: shutdown server with port 37541 successfully
2022-06-21 13:53:32,266 [org.apache.ratis.util.JvmPauseMonitor$$Lambda$627/290163460@12dd940d] INFO  util.JvmPauseMonitor (JvmPauseMonitor.java:run(109)) - JvmPauseMonitor-c9799e9e-32ad-41be-876b-db1cefc7f700: Stopped
2022-06-21 13:53:34,279 [Listener at 127.0.0.1/44727] INFO  utils.BackgroundService (BackgroundService.java:shutdown(132)) - Shutting down service BlockDeletingService
2022-06-21 13:53:37,295 [Listener at 127.0.0.1/44727] INFO  statemachine.DatanodeStateMachine (DatanodeStateMachine.java:stopDaemon(580)) - Ozone container server stopped.
2022-06-21 13:53:37,302 [Listener at 127.0.0.1/44727] INFO  handler.ContextHandler (ContextHandler.java:doStop(1153)) - Stopped o.e.j.w.WebAppContext@2b1d39b2{hddsDatanode,/,null,STOPPED}{jar:file:/home/runner/.m2/repository/org/apache/ozone/hdds-container-service/1.3.0-SNAPSHOT/hdds-container-service-1.3.0-SNAPSHOT.jar!/webapps/hddsDatanode}
2022-06-21 13:53:37,311 [Listener at 127.0.0.1/44727] INFO  server.AbstractConnector (AbstractConnector.java:doStop(381)) - Stopped ServerConnector@ca129b5{HTTP/1.1, (http/1.1)}{0.0.0.0:0}
2022-06-21 13:53:37,311 [Listener at 127.0.0.1/44727] INFO  server.session (HouseKeeper.java:stopScavenging(149)) - node0 Stopped scavenging
2022-06-21 13:53:37,313 [Listener at 127.0.0.1/44727] INFO  handler.ContextHandler (ContextHandler.java:doStop(1153)) - Stopped o.e.j.s.ServletContextHandler@10d59073{static,/static,jar:file:/home/runner/.m2/repository/org/apache/ozone/hdds-container-service/1.3.0-SNAPSHOT/hdds-container-service-1.3.0-SNAPSHOT.jar!/webapps/static,STOPPED}
2022-06-21 13:53:37,315 [Listener at 127.0.0.1/44727] INFO  handler.ContextHandler (ContextHandler.java:doStop(1153)) - Stopped o.e.j.s.ServletContextHandler@33795ac7{logs,/logs,file:///home/runner/work/ozone/ozone/hadoop-ozone/integration-test/target/log,STOPPED}
2022-06-21 13:53:37,319 [Listener at 127.0.0.1/44727] INFO  ozone.MiniOzoneClusterImpl (MiniOzoneClusterImpl.java:stopSCM(546)) - Stopping the StorageContainerManager
2022-06-21 13:53:37,319 [Listener at 127.0.0.1/44727] INFO  server.StorageContainerManager (StorageContainerManager.java:stop(1504)) - Container Balancer is not running.
2022-06-21 13:53:37,319 [Listener at 127.0.0.1/44727] INFO  server.StorageContainerManager (StorageContainerManager.java:stop(1511)) - Stopping Replication Manager Service.
2022-06-21 13:53:37,319 [Listener at 127.0.0.1/44727] INFO  replication.ReplicationManager (ReplicationManager.java:stop(212)) - Stopping Replication Monitor Thread.
2022-06-21 13:53:37,319 [Listener at 127.0.0.1/44727] INFO  server.StorageContainerManager (StorageContainerManager.java:stop(1518)) - Stopping the Datanode Admin Monitor.
2022-06-21 13:53:37,319 [ReplicationMonitor] INFO  replication.ReplicationManager (ReplicationManager.java:run(270)) - Replication Monitor Thread is stopped
2022-06-21 13:53:37,320 [Listener at 127.0.0.1/44727] INFO  server.StorageContainerManager (StorageContainerManager.java:stop(1525)) - Stopping Lease Manager of the command watchers
2022-06-21 13:53:37,320 [Listener at 127.0.0.1/44727] INFO  server.StorageContainerManager (StorageContainerManager.java:stop(1532)) - Stopping datanode service RPC server
2022-06-21 13:53:37,320 [Listener at 127.0.0.1/44727] INFO  server.SCMDatanodeProtocolServer (SCMDatanodeProtocolServer.java:stop(400)) - Stopping the RPC server for DataNodes
2022-06-21 13:53:37,320 [Listener at 127.0.0.1/44727] INFO  ipc.Server (Server.java:stop(3414)) - Stopping server on 36017
2022-06-21 13:53:37,321 [IPC Server listener on 0] INFO  ipc.Server (Server.java:run(1376)) - Stopping IPC Server listener on 0
2022-06-21 13:53:37,322 [IPC Server Responder] INFO  ipc.Server (Server.java:run(1512)) - Stopping IPC Server Responder
2022-06-21 13:53:37,339 [SCM Heartbeat Processing Thread - 0] WARN  node.NodeStateManager (NodeStateManager.java:scheduleNextHealthCheck(848)) - Current Thread is interrupted, shutting down HB processing thread for Node Manager.
2022-06-21 13:53:37,340 [Listener at 127.0.0.1/44727] INFO  server.StorageContainerManager (StorageContainerManager.java:stop(1540)) - Stopping block service RPC server
2022-06-21 13:53:37,340 [Listener at 127.0.0.1/44727] INFO  server.SCMBlockProtocolServer (SCMBlockProtocolServer.java:stop(160)) - Stopping the RPC server for Block Protocol
2022-06-21 13:53:37,340 [Listener at 127.0.0.1/44727] INFO  ipc.Server (Server.java:stop(3414)) - Stopping server on 42607
2022-06-21 13:53:37,342 [Listener at 127.0.0.1/44727] INFO  server.StorageContainerManager (StorageContainerManager.java:stop(1547)) - Stopping the StorageContainerLocationProtocol RPC server
2022-06-21 13:53:37,342 [Listener at 127.0.0.1/44727] INFO  server.SCMClientProtocolServer (SCMClientProtocolServer.java:stop(178)) - Stopping the RPC server for Client Protocol
2022-06-21 13:53:37,342 [Listener at 127.0.0.1/44727] INFO  ipc.Server (Server.java:stop(3414)) - Stopping server on 46099
2022-06-21 13:53:37,343 [IPC Server Responder] INFO  ipc.Server (Server.java:run(1512)) - Stopping IPC Server Responder
2022-06-21 13:53:37,344 [Listener at 127.0.0.1/44727] INFO  server.StorageContainerManager (StorageContainerManager.java:stop(1554)) - Stopping Storage Container Manager HTTP server.
2022-06-21 13:53:37,342 [IPC Server listener on 0] INFO  ipc.Server (Server.java:run(1376)) - Stopping IPC Server listener on 0
2022-06-21 13:53:37,344 [Listener at 127.0.0.1/44727] INFO  handler.ContextHandler (ContextHandler.java:doStop(1153)) - Stopped o.e.j.w.WebAppContext@2ad80cf6{scm,/,null,STOPPED}{file:/home/runner/work/ozone/ozone/hadoop-ozone/integration-test/target/test-classes/webapps/scm}
2022-06-21 13:53:37,345 [IPC Server Responder] INFO  ipc.Server (Server.java:run(1512)) - Stopping IPC Server Responder
2022-06-21 13:53:37,345 [IPC Server listener on 0] INFO  ipc.Server (Server.java:run(1376)) - Stopping IPC Server listener on 0
2022-06-21 13:53:37,349 [Listener at 127.0.0.1/44727] INFO  server.AbstractConnector (AbstractConnector.java:doStop(381)) - Stopped ServerConnector@5dc7881d{HTTP/1.1, (http/1.1)}{0.0.0.0:0}
2022-06-21 13:53:37,349 [Listener at 127.0.0.1/44727] INFO  server.session (HouseKeeper.java:stopScavenging(149)) - node0 Stopped scavenging
2022-06-21 13:53:37,349 [Listener at 127.0.0.1/44727] INFO  handler.ContextHandler (ContextHandler.java:doStop(1153)) - Stopped o.e.j.s.ServletContextHandler@1bfb60b7{static,/static,file:///home/runner/work/ozone/ozone/hadoop-ozone/integration-test/target/test-classes/webapps/static,STOPPED}
2022-06-21 13:53:37,349 [Listener at 127.0.0.1/44727] INFO  handler.ContextHandler (ContextHandler.java:doStop(1153)) - Stopped o.e.j.s.ServletContextHandler@c3114ea{logs,/logs,file:///home/runner/work/ozone/ozone/hadoop-ozone/integration-test/target/log,STOPPED}
2022-06-21 13:53:37,350 [Listener at 127.0.0.1/44727] INFO  server.StorageContainerManager (StorageContainerManager.java:stop(1565)) - Stopping Block Manager Service.
2022-06-21 13:53:37,350 [Listener at 127.0.0.1/44727] INFO  utils.BackgroundService (BackgroundService.java:shutdown(132)) - Shutting down service SCMBlockDeletingService
2022-06-21 13:53:37,350 [Listener at 127.0.0.1/44727] INFO  utils.BackgroundService (BackgroundService.java:shutdown(132)) - Shutting down service SCMBlockDeletingService
2022-06-21 13:53:37,350 [Listener at 127.0.0.1/44727] INFO  server.StorageContainerManager (StorageContainerManager.java:stop(1592)) - Stopping SCM Event Queue.
2022-06-21 13:53:37,352 [Listener at 127.0.0.1/44727] INFO  server.StorageContainerManager (StorageContainerManager.java:stop(1603)) - Stopping SCM HA services.
2022-06-21 13:53:37,352 [Listener at 127.0.0.1/44727] INFO  pipeline.BackgroundPipelineCreator (BackgroundPipelineCreator.java:stop(150)) - Stopping RatisPipelineUtilsThread.
2022-06-21 13:53:37,353 [RatisPipelineUtilsThread - 0] WARN  pipeline.BackgroundPipelineCreator (BackgroundPipelineCreator.java:run(177)) - RatisPipelineUtilsThread is interrupted.
2022-06-21 13:53:37,353 [BackgroundPipelineScrubberThread] WARN  BackgroundPipelineScrubber (BackgroundSCMService.java:run(110)) - BackgroundPipelineScrubber is interrupted, exit
2022-06-21 13:53:37,353 [Listener at 127.0.0.1/44727] INFO  BackgroundPipelineScrubber (BackgroundSCMService.java:stop(126)) - Stopping BackgroundPipelineScrubber Service.
2022-06-21 13:53:37,353 [Listener at 127.0.0.1/44727] INFO  server.StorageContainerManager (StorageContainerManager.java:stop(1613)) - Stopping SCM MetadataStore.
2022-06-21 13:53:37,359 [Listener at 127.0.0.1/44727] INFO  impl.MetricsSystemImpl (MetricsSystemImpl.java:stop(210)) - Stopping XceiverClientMetrics metrics system...
2022-06-21 13:53:37,362 [prometheus] INFO  impl.MetricsSinkAdapter (MetricsSinkAdapter.java:publishMetricsFromQueue(141)) - prometheus thread interrupted.
2022-06-21 13:53:37,362 [Listener at 127.0.0.1/44727] INFO  impl.MetricsSystemImpl (MetricsSystemImpl.java:stop(216)) - XceiverClientMetrics metrics system stopped.
2022-06-21 13:53:37,617 [Listener at 127.0.0.1/44727] WARN  server.ServerUtils (ServerUtils.java:getScmDbDir(148)) - ozone.scm.db.dirs is not configured. We recommend adding this setting. Falling back to ozone.metadata.dirs instead.
2022-06-21 13:53:37,624 [Listener at 127.0.0.1/44727] WARN  server.ServerUtils (ServerUtils.java:getScmDbDir(148)) - ozone.scm.db.dirs is not configured. We recommend adding this setting. Falling back to ozone.metadata.dirs instead.
2022-06-21 13:53:37,624 [Listener at 127.0.0.1/44727] INFO  ha.SCMHANodeDetails (SCMHANodeDetails.java:loadSCMHAConfig(209)) - ServiceID for StorageContainerManager is null
2022-06-21 13:53:37,624 [Listener at 127.0.0.1/44727] INFO  ha.SCMHANodeDetails (SCMHANodeDetails.java:loadSCMHAConfig(214)) - ozone.scm.default.service.id is not defined, falling back to ozone.scm.service.ids to find serviceID for StorageContainerManager if it is HA enabled cluster
2022-06-21 13:53:37,624 [Listener at 127.0.0.1/44727] WARN  utils.HAUtils (HAUtils.java:getMetaDir(342)) - ozone.scm.db.dirs is not configured. We recommend adding this setting. Falling back to ozone.metadata.dirs instead.
2022-06-21 13:53:37,625 [Listener at 127.0.0.1/44727] WARN  db.DBStoreBuilder (DBStoreBuilder.java:applyDBDefinition(145)) - ozone.scm.db.dirs is not configured. We recommend adding this setting. Falling back to ozone.metadata.dirs instead.
2022-06-21 13:53:37,848 [Listener at 127.0.0.1/44727] INFO  net.NodeSchemaLoader (NodeSchemaLoader.java:loadSchemaFromFile(129)) - Loading schema from [jar:file:/home/runner/.m2/repository/org/apache/ozone/hdds-common/1.3.0-SNAPSHOT/hdds-common-1.3.0-SNAPSHOT.jar!/network-topology-default.xml]
2022-06-21 13:53:37,848 [Listener at 127.0.0.1/44727] INFO  net.NodeSchemaLoader (NodeSchemaLoader.java:loadSchema(176)) - Loading network topology layer schema file
2022-06-21 13:53:37,850 [Listener at 127.0.0.1/44727] INFO  upgrade.AbstractLayoutVersionManager (AbstractLayoutVersionManager.java:init(82)) - Initializing Layout version manager with metadata layout = DATANODE_SCHEMA_V3 (version = 4), software layout = DATANODE_SCHEMA_V3 (version = 4)
2022-06-21 13:53:37,976 [Listener at 127.0.0.1/44727] INFO  reflections.Reflections (Reflections.java:scan(232)) - Reflections took 116 ms to scan 7 urls, producing 131 keys and 315 values 
2022-06-21 13:53:37,991 [Listener at 127.0.0.1/44727] INFO  ha.SequenceIdGenerator (SequenceIdGenerator.java:upgradeToSequenceId(347)) - upgrade localId to 109611004723200000
2022-06-21 13:53:37,991 [Listener at 127.0.0.1/44727] INFO  ha.SequenceIdGenerator (SequenceIdGenerator.java:upgradeToSequenceId(357)) - upgrade delTxnId to 0
2022-06-21 13:53:37,991 [Listener at 127.0.0.1/44727] INFO  ha.SequenceIdGenerator (SequenceIdGenerator.java:upgradeToSequenceId(374)) - upgrade containerId to 0
2022-06-21 13:53:37,992 [Listener at 127.0.0.1/44727] INFO  ha.SequenceIdGenerator (SequenceIdGenerator.java:<init>(218)) - Init the HA SequenceIdGenerator.
2022-06-21 13:53:37,992 [Listener at 127.0.0.1/44727] WARN  server.ServerUtils (ServerUtils.java:sanitizeUserArgs(73)) - ozone.scm.stale.node.interval value = 300000 is larger than max = 100000 based on the key value of ozone.scm.heartbeat.thread.interval, reset to the max value 100000.
2022-06-21 13:53:37,992 [Listener at 127.0.0.1/44727] WARN  server.ServerUtils (ServerUtils.java:sanitizeUserArgs(73)) - ozone.scm.stale.node.interval value = 300000 is larger than max = 100000 based on the key value of ozone.scm.heartbeat.thread.interval, reset to the max value 100000.
2022-06-21 13:53:37,999 [Listener at 127.0.0.1/44727] INFO  node.SCMNodeManager (SCMNodeManager.java:<init>(149)) - Entering startup safe mode.
2022-06-21 13:53:37,999 [Listener at 127.0.0.1/44727] INFO  algorithms.ContainerPlacementPolicyFactory (ContainerPlacementPolicyFactory.java:getPolicyInternal(86)) - Create container placement policy of type org.apache.hadoop.hdds.scm.container.placement.algorithms.SCMContainerPlacementRandom
2022-06-21 13:53:37,999 [Listener at 127.0.0.1/44727] INFO  pipeline.PipelineStateManagerImpl (PipelineStateManagerImpl.java:initialize(78)) - No pipeline exists in current db
2022-06-21 13:53:37,999 [Listener at 127.0.0.1/44727] INFO  algorithms.LeaderChoosePolicyFactory (LeaderChoosePolicyFactory.java:getPolicy(57)) - Create leader choose policy of type org.apache.hadoop.hdds.scm.pipeline.leader.choose.algorithms.MinLeaderCountChoosePolicy
2022-06-21 13:53:38,000 [Listener at 127.0.0.1/44727] INFO  algorithms.ContainerPlacementPolicyFactory (ContainerPlacementPolicyFactory.java:getPolicyInternal(86)) - Create container placement policy of type org.apache.hadoop.hdds.scm.container.placement.algorithms.SCMContainerPlacementRackScatter
2022-06-21 13:53:38,000 [Listener at 127.0.0.1/44727] INFO  pipeline.BackgroundPipelineCreator (BackgroundPipelineCreator.java:start(125)) - Starting RatisPipelineUtilsThread.
2022-06-21 13:53:38,002 [Listener at 127.0.0.1/44727] INFO  BackgroundPipelineScrubber (BackgroundSCMService.java:start(68)) - Starting BackgroundPipelineScrubber Service.
2022-06-21 13:53:38,002 [Listener at 127.0.0.1/44727] INFO  ha.SCMServiceManager (SCMServiceManager.java:register(42)) - Registering service BackgroundPipelineCreator.
2022-06-21 13:53:38,002 [Listener at 127.0.0.1/44727] INFO  ha.SCMServiceManager (SCMServiceManager.java:register(42)) - Registering service BackgroundPipelineScrubber.
2022-06-21 13:53:38,002 [Listener at 127.0.0.1/44727] INFO  ExpiredContainerReplicaOpScrubber (BackgroundSCMService.java:start(68)) - Starting ExpiredContainerReplicaOpScrubber Service.
2022-06-21 13:53:38,002 [Listener at 127.0.0.1/44727] INFO  ha.SCMServiceManager (SCMServiceManager.java:register(42)) - Registering service ExpiredContainerReplicaOpScrubber.
2022-06-21 13:53:38,003 [Listener at 127.0.0.1/44727] INFO  algorithms.PipelineChoosePolicyFactory (PipelineChoosePolicyFactory.java:createPipelineChoosePolicyFromClass(73)) - Create pipeline choose policy of type org.apache.hadoop.hdds.scm.pipeline.choose.algorithms.RandomPipelineChoosePolicy
2022-06-21 13:53:38,003 [Listener at 127.0.0.1/44727] INFO  ha.SCMServiceManager (SCMServiceManager.java:register(42)) - Registering service SCMBlockDeletingService.
2022-06-21 13:53:38,003 [Listener at 127.0.0.1/44727] INFO  ha.SCMServiceManager (SCMServiceManager.java:register(42)) - Registering service ReplicationManager.
2022-06-21 13:53:38,004 [Listener at 127.0.0.1/44727] INFO  replication.ReplicationManager (ReplicationManager.java:start(179)) - Starting Replication Monitor Thread.
2022-06-21 13:53:38,016 [Listener at 127.0.0.1/44727] INFO  safemode.ContainerSafeModeRule (ContainerSafeModeRule.java:<init>(89)) - containers with one replica threshold count 0
2022-06-21 13:53:38,016 [Listener at 127.0.0.1/44727] INFO  safemode.HealthyPipelineSafeModeRule (HealthyPipelineSafeModeRule.java:initializeRule(156)) - Total pipeline count is 0, healthy pipeline threshold count is 1
2022-06-21 13:53:38,016 [Listener at 127.0.0.1/44727] INFO  safemode.OneReplicaPipelineSafeModeRule (OneReplicaPipelineSafeModeRule.java:initializeRule(180)) - Total pipeline count is 0, pipeline's with at least one datanode reported threshold count is 0
2022-06-21 13:53:38,030 [ReplicationMonitor] INFO  replication.ReplicationManager (ReplicationManager.java:processAll(228)) - Replication Manager is not ready to run until 3000ms after safemode exit
2022-06-21 13:53:38,031 [Listener at 127.0.0.1/44727] INFO  ipc.CallQueueManager (CallQueueManager.java:<init>(90)) - Using callQueue: class java.util.concurrent.LinkedBlockingQueue, queueCapacity: 2000, scheduler: class org.apache.hadoop.ipc.DefaultRpcScheduler, ipcBackoff: false.
2022-06-21 13:53:38,050 [Socket Reader #1 for port 0] INFO  ipc.Server (Server.java:run(1265)) - Starting Socket Reader #1 for port 0
2022-06-21 13:53:38,055 [Listener at 0.0.0.0/36543] INFO  ipc.CallQueueManager (CallQueueManager.java:<init>(90)) - Using callQueue: class java.util.concurrent.LinkedBlockingQueue, queueCapacity: 2000, scheduler: class org.apache.hadoop.ipc.DefaultRpcScheduler, ipcBackoff: false.
2022-06-21 13:53:38,059 [Socket Reader #1 for port 0] INFO  ipc.Server (Server.java:run(1265)) - Starting Socket Reader #1 for port 0
2022-06-21 13:53:38,077 [Listener at 0.0.0.0/42141] INFO  ipc.CallQueueManager (CallQueueManager.java:<init>(90)) - Using callQueue: class java.util.concurrent.LinkedBlockingQueue, queueCapacity: 2000, scheduler: class org.apache.hadoop.ipc.DefaultRpcScheduler, ipcBackoff: false.
2022-06-21 13:53:38,107 [Socket Reader #1 for port 0] INFO  ipc.Server (Server.java:run(1265)) - Starting Socket Reader #1 for port 0
2022-06-21 13:53:38,177 [Listener at 0.0.0.0/33199] INFO  ha.SCMServiceManager (SCMServiceManager.java:register(42)) - Registering service ContainerBalancer.
2022-06-21 13:53:38,177 [Listener at 0.0.0.0/33199] INFO  server.StorageContainerManager (StorageContainerManager.java:<init>(399)) - 
Container Balancer status:
Key                            Value
Running                        false
Container Balancer Configuration values:
Key                                                Value
Threshold                                          10
Max Datanodes to Involve per Iteration(percent)    20
Max Size to Move per Iteration                     500GB
Max Size Entering Target per Iteration             26GB
Max Size Leaving Source per Iteration              26GB

2022-06-21 13:53:38,177 [Listener at 0.0.0.0/33199] WARN  events.EventQueue (EventQueue.java:fireEvent(194)) - No event handler registered for event TypedEvent{payloadType=SafeModeStatus, name='Safe mode status'}
2022-06-21 13:53:38,178 [Listener at 0.0.0.0/33199] INFO  ha.SCMContext (SCMContext.java:updateSafeModeStatus(228)) - Update SafeModeStatus from SafeModeStatus{safeModeStatus=true, preCheckPassed=false} to SafeModeStatus{safeModeStatus=true, preCheckPassed=false}.
2022-06-21 13:53:38,178 [Listener at 0.0.0.0/33199] INFO  server.StorageContainerManager (StorageContainerManager.java:start(1412)) - StorageContainerLocationProtocol RPC server is listening at /0.0.0.0:33199
2022-06-21 13:53:38,208 [Listener at 0.0.0.0/33199] WARN  impl.MetricsConfig (MetricsConfig.java:loadFirst(136)) - Cannot locate configuration: tried hadoop-metrics2-storagecontainermanager.properties,hadoop-metrics2.properties
2022-06-21 13:53:38,214 [Listener at 0.0.0.0/33199] INFO  impl.MetricsSystemImpl (MetricsSystemImpl.java:startTimer(378)) - Scheduled Metric snapshot period at 10 second(s).
2022-06-21 13:53:38,215 [Listener at 0.0.0.0/33199] INFO  impl.MetricsSystemImpl (MetricsSystemImpl.java:start(191)) - StorageContainerManager metrics system started
2022-06-21 13:53:38,254 [Listener at 0.0.0.0/33199] INFO  impl.MetricsSinkAdapter (MetricsSinkAdapter.java:start(204)) - Sink prometheus started
2022-06-21 13:53:38,258 [Listener at 0.0.0.0/33199] INFO  impl.MetricsSystemImpl (MetricsSystemImpl.java:registerSink(305)) - Registered sink prometheus
2022-06-21 13:53:38,307 [Listener at 0.0.0.0/33199] INFO  server.SCMClientProtocolServer (SCMClientProtocolServer.java:start(169)) - RPC server for Client  is listening at /0.0.0.0:33199
2022-06-21 13:53:38,314 [IPC Server Responder] INFO  ipc.Server (Server.java:run(1507)) - IPC Server Responder: starting
2022-06-21 13:53:38,454 [Listener at 0.0.0.0/33199] INFO  server.StorageContainerManager (StorageContainerManager.java:start(1427)) - ScmBlockLocationProtocol RPC server is listening at /0.0.0.0:42141
2022-06-21 13:53:38,455 [Listener at 0.0.0.0/33199] INFO  server.SCMBlockProtocolServer (SCMBlockProtocolServer.java:start(151)) - RPC server for Block Protocol is listening at /0.0.0.0:42141
2022-06-21 13:53:38,458 [IPC Server Responder] INFO  ipc.Server (Server.java:run(1507)) - IPC Server Responder: starting
2022-06-21 13:53:38,459 [IPC Server listener on 0] INFO  ipc.Server (Server.java:run(1344)) - IPC Server listener on 0: starting
2022-06-21 13:53:38,480 [Listener at 0.0.0.0/33199] INFO  server.SCMDatanodeProtocolServer (SCMDatanodeProtocolServer.java:start(183)) - ScmDatanodeProtocol RPC server for DataNodes is listening at /0.0.0.0:36543
2022-06-21 13:53:38,481 [IPC Server Responder] INFO  ipc.Server (Server.java:run(1507)) - IPC Server Responder: starting
2022-06-21 13:53:38,481 [IPC Server listener on 0] INFO  ipc.Server (Server.java:run(1344)) - IPC Server listener on 0: starting
2022-06-21 13:53:38,584 [Listener at 0.0.0.0/33199] INFO  http.BaseHttpServer (BaseHttpServer.java:newHttpServer2BuilderForOzone(209)) - Starting Web-server for scm at: http://0.0.0.0:0
2022-06-21 13:53:38,584 [Listener at 0.0.0.0/33199] INFO  http.BaseHttpServer (BaseHttpServer.java:<init>(107)) - Hadoop Security Enabled: false Ozone Security Enabled: false Ozone HTTP Security Enabled: false 
2022-06-21 13:53:38,585 [Listener at 0.0.0.0/33199] INFO  server.AuthenticationFilter (AuthenticationFilter.java:constructSecretProvider(240)) - Unable to initialize FileSignerSecretProvider, falling back to use random secrets.
2022-06-21 13:53:38,602 [Listener at 0.0.0.0/33199] WARN  http.HttpRequestLog (HttpRequestLog.java:getRequestLog(103)) - Jetty request log can only be enabled using Log4j
2022-06-21 13:53:38,602 [org.apache.hadoop.util.JvmPauseMonitor$Monitor@3f853a53] INFO  util.JvmPauseMonitor (JvmPauseMonitor.java:run(188)) - Starting JVM pause monitor
2022-06-21 13:53:38,603 [IPC Server listener on 0] INFO  ipc.Server (Server.java:run(1344)) - IPC Server listener on 0: starting
2022-06-21 13:53:38,604 [Listener at 0.0.0.0/33199] INFO  http.HttpServer2 (HttpServer2.java:addGlobalFilter(1029)) - Added global filter 'safety' (class=org.apache.hadoop.hdds.server.http.HttpServer2$QuotingInputFilter)
2022-06-21 13:53:38,604 [Listener at 0.0.0.0/33199] INFO  http.HttpServer2 (HttpServer2.java:addFilter(1005)) - Added filter static_user_filter (class=org.apache.hadoop.http.lib.StaticUserWebFilter$StaticUserFilter) to context scm
2022-06-21 13:53:38,605 [Listener at 0.0.0.0/33199] INFO  http.HttpServer2 (HttpServer2.java:addFilter(1013)) - Added filter static_user_filter (class=org.apache.hadoop.http.lib.StaticUserWebFilter$StaticUserFilter) to context static
2022-06-21 13:53:38,605 [Listener at 0.0.0.0/33199] INFO  http.HttpServer2 (HttpServer2.java:addFilter(1013)) - Added filter static_user_filter (class=org.apache.hadoop.http.lib.StaticUserWebFilter$StaticUserFilter) to context logs
2022-06-21 13:53:38,605 [Listener at 0.0.0.0/33199] INFO  http.HttpServer2 (HttpServer2.java:bindListener(1248)) - Jetty bound to port 44675
2022-06-21 13:53:38,605 [Listener at 0.0.0.0/33199] INFO  server.Server (Server.java:doStart(375)) - jetty-9.4.43.v20210629; built: 2021-06-30T11:07:22.254Z; git: 526006ecfa3af7f1a27ef3a288e2bef7ea9dd7e8; jvm 1.8.0_332-b09
2022-06-21 13:53:38,615 [Listener at 0.0.0.0/33199] INFO  server.session (DefaultSessionIdManager.java:doStart(334)) - DefaultSessionIdManager workerName=node0
2022-06-21 13:53:38,616 [Listener at 0.0.0.0/33199] INFO  server.session (DefaultSessionIdManager.java:doStart(339)) - No SessionScavenger set, using defaults
2022-06-21 13:53:38,616 [Listener at 0.0.0.0/33199] INFO  server.session (HouseKeeper.java:startScavenging(132)) - node0 Scavenging every 660000ms
2022-06-21 13:53:38,617 [Listener at 0.0.0.0/33199] INFO  handler.ContextHandler (ContextHandler.java:doStart(915)) - Started o.e.j.s.ServletContextHandler@2a8dfdf7{logs,/logs,file:///home/runner/work/ozone/ozone/hadoop-ozone/integration-test/target/log,AVAILABLE}
2022-06-21 13:53:38,617 [Listener at 0.0.0.0/33199] INFO  handler.ContextHandler (ContextHandler.java:doStart(915)) - Started o.e.j.s.ServletContextHandler@3c8fdf2f{static,/static,file:///home/runner/work/ozone/ozone/hadoop-ozone/integration-test/target/test-classes/webapps/static,AVAILABLE}
2022-06-21 13:53:38,627 [Listener at 0.0.0.0/33199] INFO  handler.ContextHandler (ContextHandler.java:doStart(915)) - Started o.e.j.w.WebAppContext@3d6d0d9{scm,/,file:///home/runner/work/ozone/ozone/hadoop-ozone/integration-test/target/test-classes/webapps/scm/,AVAILABLE}{file:/home/runner/work/ozone/ozone/hadoop-ozone/integration-test/target/test-classes/webapps/scm}
2022-06-21 13:53:38,647 [Listener at 0.0.0.0/33199] INFO  server.AbstractConnector (AbstractConnector.java:doStart(331)) - Started ServerConnector@28625f8{HTTP/1.1, (http/1.1)}{0.0.0.0:44675}
2022-06-21 13:53:38,647 [Listener at 0.0.0.0/33199] INFO  server.Server (Server.java:doStart(415)) - Started @74641ms
2022-06-21 13:53:38,647 [Listener at 0.0.0.0/33199] WARN  impl.MetricsSystemImpl (MetricsSystemImpl.java:register(279)) - Sink prometheus already exists!
2022-06-21 13:53:38,649 [Listener at 0.0.0.0/33199] INFO  http.BaseHttpServer (BaseHttpServer.java:updateConnectorAddress(329)) - HTTP server of scm listening at http://0.0.0.0:44675
2022-06-21 13:53:38,649 [Listener at 0.0.0.0/33199] WARN  server.ServerUtils (ServerUtils.java:getDBPath(225)) - ozone.om.db.dirs is not configured. We recommend adding this setting. Falling back to ozone.metadata.dirs instead.
2022-06-21 13:53:38,660 [Listener at 0.0.0.0/33199] INFO  ha.OMHANodeDetails (OMHANodeDetails.java:loadOMHAConfig(115)) - ozone.om.internal.service.id is not defined, falling back to ozone.om.service.ids to find serviceID for OzoneManager if it is HA enabled cluster
2022-06-21 13:53:38,660 [Listener at 0.0.0.0/33199] INFO  ha.OMHANodeDetails (OMHANodeDetails.java:loadOMHAConfig(226)) - Configuration does not have ozone.om.address set. Falling back to the default OM address /127.0.0.1:0
2022-06-21 13:53:38,660 [Listener at 0.0.0.0/33199] INFO  ha.OMHANodeDetails (OMHANodeDetails.java:getOMNodeDetailsForNonHA(254)) - OM Service ID is not set. Setting it to the default ID: omServiceIdDefault
2022-06-21 13:53:38,660 [Listener at 0.0.0.0/33199] INFO  ha.OMHANodeDetails (OMHANodeDetails.java:getOMNodeDetailsForNonHA(261)) - OM Node ID is not set. Setting it to the default ID: om1
2022-06-21 13:53:38,660 [Listener at 0.0.0.0/33199] WARN  server.ServerUtils (ServerUtils.java:getDBPath(225)) - ozone.om.db.dirs is not configured. We recommend adding this setting. Falling back to ozone.metadata.dirs instead.
2022-06-21 13:53:38,661 [Listener at 0.0.0.0/33199] INFO  upgrade.AbstractLayoutVersionManager (AbstractLayoutVersionManager.java:init(82)) - Initializing Layout version manager with metadata layout = MULTITENANCY_SCHEMA (version = 3), software layout = MULTITENANCY_SCHEMA (version = 3)
2022-06-21 13:53:38,910 [Listener at 0.0.0.0/33199] INFO  reflections.Reflections (Reflections.java:scan(232)) - Reflections took 248 ms to scan 2 urls, producing 153 keys and 431 values [using 2 cores]
2022-06-21 13:53:38,910 [Listener at 0.0.0.0/33199] INFO  upgrade.OMLayoutVersionManager (OMLayoutVersionManager.java:lambda$0(115)) - Skipping Upgrade Action MockOmUpgradeAction since it has been finalized.
2022-06-21 13:53:38,911 [Listener at 0.0.0.0/33199] WARN  server.ServerUtils (ServerUtils.java:getDBPath(225)) - ozone.om.db.dirs is not configured. We recommend adding this setting. Falling back to ozone.metadata.dirs instead.
2022-06-21 13:53:38,911 [Listener at 0.0.0.0/33199] INFO  proxy.SCMBlockLocationFailoverProxyProvider (SCMBlockLocationFailoverProxyProvider.java:<init>(114)) - Created block location fail-over proxy with 1 nodes: [nodeId=scmNodeId,nodeAddress=/0.0.0.0:42141]
2022-06-21 13:53:38,912 [Listener at 0.0.0.0/33199] INFO  proxy.SCMBlockLocationFailoverProxyProvider (SCMBlockLocationFailoverProxyProvider.java:<init>(114)) - Created block location fail-over proxy with 1 nodes: [nodeId=scmNodeId,nodeAddress=/0.0.0.0:42141]
2022-06-21 13:53:38,919 [Listener at 0.0.0.0/33199] WARN  server.ServerUtils (ServerUtils.java:getDBPath(225)) - ozone.om.db.dirs is not configured. We recommend adding this setting. Falling back to ozone.metadata.dirs instead.
2022-06-21 13:53:38,920 [Listener at 0.0.0.0/33199] INFO  codec.OmKeyInfoCodec (OmKeyInfoCodec.java:<init>(49)) - OmKeyInfoCodec ignorePipeline = true
2022-06-21 13:53:38,920 [Listener at 0.0.0.0/33199] INFO  codec.RepeatedOmKeyInfoCodec (RepeatedOmKeyInfoCodec.java:<init>(41)) - RepeatedOmKeyInfoCodec ignorePipeline = true
2022-06-21 13:53:39,269 [Listener at 0.0.0.0/33199] INFO  om.OzoneManager (OzoneManager.java:instantiateServices(692)) - S3 Multi-Tenancy is disabled
2022-06-21 13:53:39,276 [Listener at 0.0.0.0/33199] INFO  om.OzoneManager (OzoneManager.java:addS3GVolumeToDB(4259)) - Created Volume s3v With Owner runner required for S3Gateway operations.
2022-06-21 13:53:39,291 [Listener at 0.0.0.0/33199] INFO  om.OzoneManager (OzoneManager.java:getRpcServer(1081)) - Creating RPC Server
2022-06-21 13:53:40,319 [Listener at 0.0.0.0/33199] INFO  reflections.Reflections (Reflections.java:scan(232)) - Reflections took 1014 ms to scan 19 urls, producing 66 keys and 4061 values [using 2 cores]
2022-06-21 13:53:40,320 [Listener at 0.0.0.0/33199] INFO  ipc.CallQueueManager (CallQueueManager.java:<init>(90)) - Using callQueue: class java.util.concurrent.LinkedBlockingQueue, queueCapacity: 2000, scheduler: class org.apache.hadoop.ipc.DefaultRpcScheduler, ipcBackoff: false.
2022-06-21 13:53:40,340 [Socket Reader #1 for port 0] INFO  ipc.Server (Server.java:run(1265)) - Starting Socket Reader #1 for port 0
2022-06-21 13:53:40,393 [Listener at 127.0.0.1/34499] INFO  impl.MetricsSystemImpl (MetricsSystemImpl.java:init(158)) - OzoneManager metrics system started (again)
2022-06-21 13:53:40,424 [Listener at 127.0.0.1/34499] INFO  om.OzoneManager (OzoneManager.java:start(1465)) - OzoneManager RPC server is listening at localhost/127.0.0.1:34499
2022-06-21 13:53:40,424 [Listener at 127.0.0.1/34499] INFO  om.OzoneManager (OzoneManager.java:start(1481)) - Version File has different layout version (3) than OM DB (null). That is expected if this OM has never been finalized to a newer layout version.
2022-06-21 13:53:40,462 [Listener at 127.0.0.1/34499] INFO  http.BaseHttpServer (BaseHttpServer.java:newHttpServer2BuilderForOzone(209)) - Starting Web-server for ozoneManager at: http://0.0.0.0:0
2022-06-21 13:53:40,462 [Listener at 127.0.0.1/34499] INFO  http.BaseHttpServer (BaseHttpServer.java:<init>(107)) - Hadoop Security Enabled: false Ozone Security Enabled: false Ozone HTTP Security Enabled: false 
2022-06-21 13:53:40,463 [Listener at 127.0.0.1/34499] INFO  server.AuthenticationFilter (AuthenticationFilter.java:constructSecretProvider(240)) - Unable to initialize FileSignerSecretProvider, falling back to use random secrets.
2022-06-21 13:53:40,477 [Listener at 127.0.0.1/34499] WARN  http.HttpRequestLog (HttpRequestLog.java:getRequestLog(103)) - Jetty request log can only be enabled using Log4j
2022-06-21 13:53:40,478 [Listener at 127.0.0.1/34499] INFO  http.HttpServer2 (HttpServer2.java:addGlobalFilter(1029)) - Added global filter 'safety' (class=org.apache.hadoop.hdds.server.http.HttpServer2$QuotingInputFilter)
2022-06-21 13:53:40,479 [Listener at 127.0.0.1/34499] INFO  http.HttpServer2 (HttpServer2.java:addFilter(1005)) - Added filter static_user_filter (class=org.apache.hadoop.http.lib.StaticUserWebFilter$StaticUserFilter) to context ozoneManager
2022-06-21 13:53:40,479 [Listener at 127.0.0.1/34499] INFO  http.HttpServer2 (HttpServer2.java:addFilter(1013)) - Added filter static_user_filter (class=org.apache.hadoop.http.lib.StaticUserWebFilter$StaticUserFilter) to context logs
2022-06-21 13:53:40,479 [Listener at 127.0.0.1/34499] INFO  http.HttpServer2 (HttpServer2.java:addFilter(1013)) - Added filter static_user_filter (class=org.apache.hadoop.http.lib.StaticUserWebFilter$StaticUserFilter) to context static
2022-06-21 13:53:40,480 [Listener at 127.0.0.1/34499] INFO  http.HttpServer2 (HttpServer2.java:bindListener(1248)) - Jetty bound to port 39875
2022-06-21 13:53:40,480 [Listener at 127.0.0.1/34499] INFO  server.Server (Server.java:doStart(375)) - jetty-9.4.43.v20210629; built: 2021-06-30T11:07:22.254Z; git: 526006ecfa3af7f1a27ef3a288e2bef7ea9dd7e8; jvm 1.8.0_332-b09
2022-06-21 13:53:40,497 [Listener at 127.0.0.1/34499] INFO  server.session (DefaultSessionIdManager.java:doStart(334)) - DefaultSessionIdManager workerName=node0
2022-06-21 13:53:40,497 [Listener at 127.0.0.1/34499] INFO  server.session (DefaultSessionIdManager.java:doStart(339)) - No SessionScavenger set, using defaults
2022-06-21 13:53:40,498 [Listener at 127.0.0.1/34499] INFO  server.session (HouseKeeper.java:startScavenging(132)) - node0 Scavenging every 660000ms
2022-06-21 13:53:40,498 [Listener at 127.0.0.1/34499] INFO  handler.ContextHandler (ContextHandler.java:doStart(915)) - Started o.e.j.s.ServletContextHandler@59139fb7{logs,/logs,file:///home/runner/work/ozone/ozone/hadoop-ozone/integration-test/target/log,AVAILABLE}
2022-06-21 13:53:40,499 [Listener at 127.0.0.1/34499] INFO  handler.ContextHandler (ContextHandler.java:doStart(915)) - Started o.e.j.s.ServletContextHandler@4daf6386{static,/static,file:///home/runner/work/ozone/ozone/hadoop-ozone/integration-test/target/test-classes/webapps/static,AVAILABLE}
2022-06-21 13:53:40,502 [Listener at 127.0.0.1/34499] INFO  handler.ContextHandler (ContextHandler.java:doStart(915)) - Started o.e.j.w.WebAppContext@3af017bd{ozoneManager,/,file:///home/runner/work/ozone/ozone/hadoop-ozone/integration-test/target/test-classes/webapps/ozoneManager/,AVAILABLE}{file:/home/runner/work/ozone/ozone/hadoop-ozone/integration-test/target/test-classes/webapps/ozoneManager}
2022-06-21 13:53:40,514 [Listener at 127.0.0.1/34499] INFO  server.AbstractConnector (AbstractConnector.java:doStart(331)) - Started ServerConnector@19294756{HTTP/1.1, (http/1.1)}{0.0.0.0:39875}
2022-06-21 13:53:40,515 [Listener at 127.0.0.1/34499] INFO  server.Server (Server.java:doStart(415)) - Started @76508ms
2022-06-21 13:53:40,515 [Listener at 127.0.0.1/34499] WARN  impl.MetricsSystemImpl (MetricsSystemImpl.java:register(279)) - Sink prometheus already exists!
2022-06-21 13:53:40,515 [Listener at 127.0.0.1/34499] INFO  http.BaseHttpServer (BaseHttpServer.java:updateConnectorAddress(329)) - HTTP server of ozoneManager listening at http://0.0.0.0:39875
2022-06-21 13:53:40,527 [IPC Server Responder] INFO  ipc.Server (Server.java:run(1507)) - IPC Server Responder: starting
2022-06-21 13:53:40,530 [IPC Server listener on 0] INFO  ipc.Server (Server.java:run(1344)) - IPC Server listener on 0: starting
2022-06-21 13:53:40,545 [Listener at 127.0.0.1/34499] INFO  om.TrashPolicyOzone (TrashPolicyOzone.java:<init>(178)) - Ozone Manager trash configuration: Deletion interval = 0 minutes, Emptier interval = 0 minutes.
2022-06-21 13:53:40,554 [org.apache.hadoop.util.JvmPauseMonitor$Monitor@58e71a08] INFO  util.JvmPauseMonitor (JvmPauseMonitor.java:run(188)) - Starting JVM pause monitor
2022-06-21 13:53:40,557 [Listener at 127.0.0.1/34499] INFO  impl.MetricsSystemImpl (MetricsSystemImpl.java:init(158)) - HddsDatanode metrics system started (again)
2022-06-21 13:53:40,593 [Listener at 127.0.0.1/34499] INFO  ozone.HddsDatanodeService (HddsDatanodeService.java:start(236)) - HddsDatanodeService host:fv-az194-567.vahfjs35atkulmpwh5ujf4txfe.jx.internal.cloudapp.net ip:10.1.0.15
2022-06-21 13:53:40,640 [Listener at 127.0.0.1/34499] INFO  upgrade.AbstractLayoutVersionManager (AbstractLayoutVersionManager.java:init(82)) - Initializing Layout version manager with metadata layout = DATANODE_SCHEMA_V3 (version = 4), software layout = DATANODE_SCHEMA_V3 (version = 4)
2022-06-21 13:53:40,766 [Listener at 127.0.0.1/34499] INFO  reflections.Reflections (Reflections.java:scan(232)) - Reflections took 124 ms to scan 7 urls, producing 131 keys and 315 values 
2022-06-21 13:53:40,769 [Listener at 127.0.0.1/34499] INFO  statemachine.DatanodeStateMachine (DatanodeStateMachine.java:getEndPointTaskThreadPoolSize(237)) - Datanode State Machine Task Thread Pool size 2
2022-06-21 13:53:40,784 [Listener at 127.0.0.1/34499] INFO  volume.HddsVolume (HddsVolume.java:<init>(116)) - Creating HddsVolume: /home/runner/work/ozone/ozone/hadoop-ozone/integration-test/target/test-dir/MiniOzoneClusterImpl-034e9286-fd65-458d-99c2-fe4308dd713a/datanode-0/data-0/containers/hdds of storage type : DISK capacity : 9223372036854775807
2022-06-21 13:53:40,784 [Listener at 127.0.0.1/34499] INFO  volume.MutableVolumeSet (MutableVolumeSet.java:initializeVolumeSet(174)) - Added Volume : /home/runner/work/ozone/ozone/hadoop-ozone/integration-test/target/test-dir/MiniOzoneClusterImpl-034e9286-fd65-458d-99c2-fe4308dd713a/datanode-0/data-0/containers/hdds to VolumeSet
2022-06-21 13:53:40,784 [Listener at 127.0.0.1/34499] INFO  volume.ThrottledAsyncChecker (ThrottledAsyncChecker.java:schedule(141)) - Scheduling a check for /home/runner/work/ozone/ozone/hadoop-ozone/integration-test/target/test-dir/MiniOzoneClusterImpl-034e9286-fd65-458d-99c2-fe4308dd713a/datanode-0/data-0/containers/hdds
2022-06-21 13:53:40,790 [Listener at 127.0.0.1/34499] INFO  volume.StorageVolumeChecker (StorageVolumeChecker.java:checkAllVolumes(202)) - Scheduled health check for volume /home/runner/work/ozone/ozone/hadoop-ozone/integration-test/target/test-dir/MiniOzoneClusterImpl-034e9286-fd65-458d-99c2-fe4308dd713a/datanode-0/data-0/containers/hdds
2022-06-21 13:53:40,801 [Listener at 127.0.0.1/34499] INFO  volume.MutableVolumeSet (MutableVolumeSet.java:initializeVolumeSet(174)) - Added Volume : /home/runner/work/ozone/ozone/hadoop-ozone/integration-test/target/test-dir/MiniOzoneClusterImpl-034e9286-fd65-458d-99c2-fe4308dd713a/datanode-0/data/ratis to VolumeSet
2022-06-21 13:53:40,801 [Listener at 127.0.0.1/34499] INFO  volume.ThrottledAsyncChecker (ThrottledAsyncChecker.java:schedule(141)) - Scheduling a check for /home/runner/work/ozone/ozone/hadoop-ozone/integration-test/target/test-dir/MiniOzoneClusterImpl-034e9286-fd65-458d-99c2-fe4308dd713a/datanode-0/data/ratis
2022-06-21 13:53:40,812 [Listener at 127.0.0.1/34499] INFO  volume.StorageVolumeChecker (StorageVolumeChecker.java:checkAllVolumes(202)) - Scheduled health check for volume /home/runner/work/ozone/ozone/hadoop-ozone/integration-test/target/test-dir/MiniOzoneClusterImpl-034e9286-fd65-458d-99c2-fe4308dd713a/datanode-0/data/ratis
2022-06-21 13:53:40,843 [Thread-547] INFO  ozoneimpl.ContainerReader (ContainerReader.java:readVolume(172)) - Finish verifying containers on volume /home/runner/work/ozone/ozone/hadoop-ozone/integration-test/target/test-dir/MiniOzoneClusterImpl-034e9286-fd65-458d-99c2-fe4308dd713a/datanode-0/data-0/containers/hdds
2022-06-21 13:53:40,843 [Listener at 127.0.0.1/34499] INFO  ozoneimpl.OzoneContainer (OzoneContainer.java:buildContainerSet(266)) - Build ContainerSet costs 0s
2022-06-21 13:53:40,848 [Listener at 127.0.0.1/34499] INFO  server.RaftServer (ConfUtils.java:logGet(46)) - raft.rpc.type = GRPC (default)
2022-06-21 13:53:40,848 [Listener at 127.0.0.1/34499] INFO  grpc.GrpcFactory (GrpcFactory.java:checkPooledByteBufAllocatorUseCacheForAllThreads(48)) - PERFORMANCE WARNING: useCacheForAllThreads is true that may cause Netty to create a lot garbage objects and, as a result, trigger GC.
	It is recommended to disable useCacheForAllThreads by setting -Dorg.apache.ratis.thirdparty.io.netty.allocator.useCacheForAllThreads=false in command line.
2022-06-21 13:53:40,848 [Listener at 127.0.0.1/34499] INFO  grpc.GrpcConfigKeys (ConfUtils.java:logGet(46)) - raft.grpc.admin.port = 0 (custom)
2022-06-21 13:53:40,848 [Listener at 127.0.0.1/34499] INFO  grpc.GrpcConfigKeys (ConfUtils.java:logGet(46)) - raft.grpc.client.port = 0 (custom)
2022-06-21 13:53:40,848 [Listener at 127.0.0.1/34499] INFO  grpc.GrpcConfigKeys (ConfUtils.java:logGet(46)) - raft.grpc.server.port = 0 (default)
2022-06-21 13:53:40,848 [Listener at 127.0.0.1/34499] INFO  server.GrpcService (ConfUtils.java:logGet(46)) - raft.grpc.message.size.max = 32MB (=33554432) (custom)
2022-06-21 13:53:40,849 [Listener at 127.0.0.1/34499] INFO  server.RaftServerConfigKeys (ConfUtils.java:logGet(46)) - raft.server.log.appender.buffer.byte-limit = 33554432 (custom)
2022-06-21 13:53:40,849 [Listener at 127.0.0.1/34499] INFO  server.GrpcService (ConfUtils.java:logGet(46)) - raft.grpc.flow.control.window = 5MB (=5242880) (custom)
2022-06-21 13:53:40,849 [Listener at 127.0.0.1/34499] INFO  server.RaftServerConfigKeys (ConfUtils.java:logGet(46)) - raft.server.rpc.request.timeout = 60s (custom)
2022-06-21 13:53:40,849 [Listener at 127.0.0.1/34499] INFO  grpc.GrpcConfigKeys (ConfUtils.java:logGet(46)) - raft.grpc.server.async.request.thread.pool.cached = true (default)
2022-06-21 13:53:40,849 [Listener at 127.0.0.1/34499] INFO  grpc.GrpcConfigKeys (ConfUtils.java:logGet(46)) - raft.grpc.server.async.request.thread.pool.size = 32 (default)
2022-06-21 13:53:40,850 [Listener at 127.0.0.1/34499] INFO  impl.DataStreamServerImpl (ConfUtils.java:logGet(46)) - raft.datastream.type = DISABLED (default)
2022-06-21 13:53:40,851 [Listener at 127.0.0.1/34499] INFO  server.RaftServerConfigKeys (ConfUtils.java:logGet(46)) - raft.server.threadpool.proxy.cached = true (default)
2022-06-21 13:53:40,875 [Listener at 127.0.0.1/34499] INFO  server.RaftServerConfigKeys (ConfUtils.java:logGet(46)) - raft.server.threadpool.proxy.size = 0 (default)
2022-06-21 13:53:40,875 [Listener at 127.0.0.1/34499] INFO  server.RaftServerConfigKeys (ConfUtils.java:logGet(46)) - raft.server.rpc.slowness.timeout = 300s (custom)
2022-06-21 13:53:40,875 [Listener at 127.0.0.1/34499] INFO  server.RaftServerConfigKeys (ConfUtils.java:logGet(46)) - raft.server.leaderelection.leader.step-down.wait-time = 10s (default)
2022-06-21 13:53:40,875 [Listener at 127.0.0.1/34499] INFO  server.RaftServerConfigKeys (ConfUtils.java:logGet(46)) - raft.server.storage.dir = [/home/runner/work/ozone/ozone/hadoop-ozone/integration-test/target/test-dir/MiniOzoneClusterImpl-034e9286-fd65-458d-99c2-fe4308dd713a/datanode-0/data/ratis] (custom)
2022-06-21 13:53:40,892 [Listener at 127.0.0.1/34499] INFO  server.XceiverServerGrpc (XceiverServerGrpc.java:<init>(132)) - GrpcServer channel type EpollServerSocketChannel
2022-06-21 13:53:40,911 [Listener at 127.0.0.1/34499] INFO  http.BaseHttpServer (BaseHttpServer.java:newHttpServer2BuilderForOzone(209)) - Starting Web-server for hddsDatanode at: http://0.0.0.0:0
2022-06-21 13:53:40,911 [Listener at 127.0.0.1/34499] INFO  http.BaseHttpServer (BaseHttpServer.java:<init>(107)) - Hadoop Security Enabled: false Ozone Security Enabled: false Ozone HTTP Security Enabled: false 
2022-06-21 13:53:40,914 [Listener at 127.0.0.1/34499] INFO  server.AuthenticationFilter (AuthenticationFilter.java:constructSecretProvider(240)) - Unable to initialize FileSignerSecretProvider, falling back to use random secrets.
2022-06-21 13:53:40,927 [Listener at 127.0.0.1/34499] WARN  http.HttpRequestLog (HttpRequestLog.java:getRequestLog(103)) - Jetty request log can only be enabled using Log4j
2022-06-21 13:53:40,928 [Listener at 127.0.0.1/34499] INFO  http.HttpServer2 (HttpServer2.java:addGlobalFilter(1029)) - Added global filter 'safety' (class=org.apache.hadoop.hdds.server.http.HttpServer2$QuotingInputFilter)
2022-06-21 13:53:40,928 [Listener at 127.0.0.1/34499] INFO  http.HttpServer2 (HttpServer2.java:addFilter(1005)) - Added filter static_user_filter (class=org.apache.hadoop.http.lib.StaticUserWebFilter$StaticUserFilter) to context hddsDatanode
2022-06-21 13:53:40,929 [Listener at 127.0.0.1/34499] INFO  http.HttpServer2 (HttpServer2.java:addFilter(1013)) - Added filter static_user_filter (class=org.apache.hadoop.http.lib.StaticUserWebFilter$StaticUserFilter) to context static
2022-06-21 13:53:40,929 [Listener at 127.0.0.1/34499] INFO  http.HttpServer2 (HttpServer2.java:addFilter(1013)) - Added filter static_user_filter (class=org.apache.hadoop.http.lib.StaticUserWebFilter$StaticUserFilter) to context logs
2022-06-21 13:53:40,929 [Listener at 127.0.0.1/34499] INFO  http.HttpServer2 (HttpServer2.java:bindListener(1248)) - Jetty bound to port 39003
2022-06-21 13:53:40,929 [Listener at 127.0.0.1/34499] INFO  server.Server (Server.java:doStart(375)) - jetty-9.4.43.v20210629; built: 2021-06-30T11:07:22.254Z; git: 526006ecfa3af7f1a27ef3a288e2bef7ea9dd7e8; jvm 1.8.0_332-b09
2022-06-21 13:53:40,972 [Listener at 127.0.0.1/34499] INFO  server.session (DefaultSessionIdManager.java:doStart(334)) - DefaultSessionIdManager workerName=node0
2022-06-21 13:53:40,972 [Listener at 127.0.0.1/34499] INFO  server.session (DefaultSessionIdManager.java:doStart(339)) - No SessionScavenger set, using defaults
2022-06-21 13:53:40,972 [Listener at 127.0.0.1/34499] INFO  server.session (HouseKeeper.java:startScavenging(132)) - node0 Scavenging every 660000ms
2022-06-21 13:53:40,973 [Listener at 127.0.0.1/34499] INFO  handler.ContextHandler (ContextHandler.java:doStart(915)) - Started o.e.j.s.ServletContextHandler@15463b2b{logs,/logs,file:///home/runner/work/ozone/ozone/hadoop-ozone/integration-test/target/log,AVAILABLE}
2022-06-21 13:53:40,973 [Listener at 127.0.0.1/34499] INFO  handler.ContextHandler (ContextHandler.java:doStart(915)) - Started o.e.j.s.ServletContextHandler@2561aada{static,/static,jar:file:/home/runner/.m2/repository/org/apache/ozone/hdds-container-service/1.3.0-SNAPSHOT/hdds-container-service-1.3.0-SNAPSHOT.jar!/webapps/static,AVAILABLE}
2022-06-21 13:53:41,334 [Listener at 127.0.0.1/34499] INFO  handler.ContextHandler (ContextHandler.java:doStart(915)) - Started o.e.j.w.WebAppContext@6c5a438e{hddsDatanode,/,file:///tmp/jetty-0_0_0_0-39003-hdds-container-service-1_3_0-SNAPSHOT_jar-_-any-1011063467316956767/webapp/,AVAILABLE}{jar:file:/home/runner/.m2/repository/org/apache/ozone/hdds-container-service/1.3.0-SNAPSHOT/hdds-container-service-1.3.0-SNAPSHOT.jar!/webapps/hddsDatanode}
2022-06-21 13:53:41,351 [Listener at 127.0.0.1/34499] INFO  server.AbstractConnector (AbstractConnector.java:doStart(331)) - Started ServerConnector@3c4b6167{HTTP/1.1, (http/1.1)}{0.0.0.0:39003}
2022-06-21 13:53:41,351 [Listener at 127.0.0.1/34499] INFO  server.Server (Server.java:doStart(415)) - Started @77344ms
2022-06-21 13:53:41,351 [Listener at 127.0.0.1/34499] WARN  impl.MetricsSystemImpl (MetricsSystemImpl.java:register(279)) - Sink prometheus already exists!
2022-06-21 13:53:41,352 [Listener at 127.0.0.1/34499] INFO  http.BaseHttpServer (BaseHttpServer.java:updateConnectorAddress(329)) - HTTP server of hddsDatanode listening at http://0.0.0.0:39003
2022-06-21 13:53:41,353 [Listener at 127.0.0.1/34499] INFO  impl.MetricsSystemImpl (MetricsSystemImpl.java:init(158)) - HddsDatanode metrics system started (again)
2022-06-21 13:53:41,361 [Datanode State Machine Daemon Thread] INFO  statemachine.DatanodeStateMachine (DatanodeStateMachine.java:lambda$startDaemon$0(492)) - Ozone container server started.
2022-06-21 13:53:41,379 [Listener at 127.0.0.1/34499] INFO  ozone.HddsDatanodeService (HddsDatanodeService.java:start(236)) - HddsDatanodeService host:fv-az194-567.vahfjs35atkulmpwh5ujf4txfe.jx.internal.cloudapp.net ip:10.1.0.15
2022-06-21 13:53:41,421 [org.apache.hadoop.util.JvmPauseMonitor$Monitor@2e55ee00] INFO  util.JvmPauseMonitor (JvmPauseMonitor.java:run(188)) - Starting JVM pause monitor
2022-06-21 13:53:41,427 [Listener at 127.0.0.1/34499] INFO  upgrade.AbstractLayoutVersionManager (AbstractLayoutVersionManager.java:init(82)) - Initializing Layout version manager with metadata layout = DATANODE_SCHEMA_V3 (version = 4), software layout = DATANODE_SCHEMA_V3 (version = 4)
2022-06-21 13:53:41,435 [Datanode State Machine Task Thread - 0] INFO  datanode.InitDatanodeState (InitDatanodeState.java:persistContainerDatanodeDetails(138)) - DatanodeDetails is persisted to /home/runner/work/ozone/ozone/hadoop-ozone/integration-test/target/test-dir/MiniOzoneClusterImpl-034e9286-fd65-458d-99c2-fe4308dd713a/datanode-0/meta/datanode.id
2022-06-21 13:53:41,541 [Listener at 127.0.0.1/34499] INFO  reflections.Reflections (Reflections.java:scan(232)) - Reflections took 113 ms to scan 7 urls, producing 131 keys and 315 values 
2022-06-21 13:53:41,546 [Listener at 127.0.0.1/34499] INFO  statemachine.DatanodeStateMachine (DatanodeStateMachine.java:getEndPointTaskThreadPoolSize(237)) - Datanode State Machine Task Thread Pool size 2
2022-06-21 13:53:41,563 [Listener at 127.0.0.1/34499] INFO  volume.HddsVolume (HddsVolume.java:<init>(116)) - Creating HddsVolume: /home/runner/work/ozone/ozone/hadoop-ozone/integration-test/target/test-dir/MiniOzoneClusterImpl-034e9286-fd65-458d-99c2-fe4308dd713a/datanode-1/data-0/containers/hdds of storage type : DISK capacity : 9223372036854775807
2022-06-21 13:53:41,563 [Listener at 127.0.0.1/34499] INFO  volume.MutableVolumeSet (MutableVolumeSet.java:initializeVolumeSet(174)) - Added Volume : /home/runner/work/ozone/ozone/hadoop-ozone/integration-test/target/test-dir/MiniOzoneClusterImpl-034e9286-fd65-458d-99c2-fe4308dd713a/datanode-1/data-0/containers/hdds to VolumeSet
2022-06-21 13:53:41,563 [Listener at 127.0.0.1/34499] INFO  volume.ThrottledAsyncChecker (ThrottledAsyncChecker.java:schedule(141)) - Scheduling a check for /home/runner/work/ozone/ozone/hadoop-ozone/integration-test/target/test-dir/MiniOzoneClusterImpl-034e9286-fd65-458d-99c2-fe4308dd713a/datanode-1/data-0/containers/hdds
2022-06-21 13:53:41,578 [Listener at 127.0.0.1/34499] INFO  volume.StorageVolumeChecker (StorageVolumeChecker.java:checkAllVolumes(202)) - Scheduled health check for volume /home/runner/work/ozone/ozone/hadoop-ozone/integration-test/target/test-dir/MiniOzoneClusterImpl-034e9286-fd65-458d-99c2-fe4308dd713a/datanode-1/data-0/containers/hdds
2022-06-21 13:53:41,589 [Listener at 127.0.0.1/34499] INFO  volume.MutableVolumeSet (MutableVolumeSet.java:initializeVolumeSet(174)) - Added Volume : /home/runner/work/ozone/ozone/hadoop-ozone/integration-test/target/test-dir/MiniOzoneClusterImpl-034e9286-fd65-458d-99c2-fe4308dd713a/datanode-1/data/ratis to VolumeSet
2022-06-21 13:53:41,589 [Listener at 127.0.0.1/34499] INFO  volume.ThrottledAsyncChecker (ThrottledAsyncChecker.java:schedule(141)) - Scheduling a check for /home/runner/work/ozone/ozone/hadoop-ozone/integration-test/target/test-dir/MiniOzoneClusterImpl-034e9286-fd65-458d-99c2-fe4308dd713a/datanode-1/data/ratis
2022-06-21 13:53:41,615 [Listener at 127.0.0.1/34499] INFO  volume.StorageVolumeChecker (StorageVolumeChecker.java:checkAllVolumes(202)) - Scheduled health check for volume /home/runner/work/ozone/ozone/hadoop-ozone/integration-test/target/test-dir/MiniOzoneClusterImpl-034e9286-fd65-458d-99c2-fe4308dd713a/datanode-1/data/ratis
2022-06-21 13:53:41,655 [Thread-560] INFO  ozoneimpl.ContainerReader (ContainerReader.java:readVolume(172)) - Finish verifying containers on volume /home/runner/work/ozone/ozone/hadoop-ozone/integration-test/target/test-dir/MiniOzoneClusterImpl-034e9286-fd65-458d-99c2-fe4308dd713a/datanode-1/data-0/containers/hdds
2022-06-21 13:53:41,655 [Listener at 127.0.0.1/34499] INFO  ozoneimpl.OzoneContainer (OzoneContainer.java:buildContainerSet(266)) - Build ContainerSet costs 0s
2022-06-21 13:53:41,657 [Listener at 127.0.0.1/34499] INFO  server.RaftServer (ConfUtils.java:logGet(46)) - raft.rpc.type = GRPC (default)
2022-06-21 13:53:41,657 [Listener at 127.0.0.1/34499] INFO  grpc.GrpcFactory (GrpcFactory.java:checkPooledByteBufAllocatorUseCacheForAllThreads(48)) - PERFORMANCE WARNING: useCacheForAllThreads is true that may cause Netty to create a lot garbage objects and, as a result, trigger GC.
	It is recommended to disable useCacheForAllThreads by setting -Dorg.apache.ratis.thirdparty.io.netty.allocator.useCacheForAllThreads=false in command line.
2022-06-21 13:53:41,657 [Listener at 127.0.0.1/34499] INFO  grpc.GrpcConfigKeys (ConfUtils.java:logGet(46)) - raft.grpc.admin.port = 0 (custom)
2022-06-21 13:53:41,657 [Listener at 127.0.0.1/34499] INFO  grpc.GrpcConfigKeys (ConfUtils.java:logGet(46)) - raft.grpc.client.port = 0 (custom)
2022-06-21 13:53:41,657 [Listener at 127.0.0.1/34499] INFO  grpc.GrpcConfigKeys (ConfUtils.java:logGet(46)) - raft.grpc.server.port = 0 (default)
2022-06-21 13:53:41,657 [Listener at 127.0.0.1/34499] INFO  server.GrpcService (ConfUtils.java:logGet(46)) - raft.grpc.message.size.max = 32MB (=33554432) (custom)
2022-06-21 13:53:41,657 [Listener at 127.0.0.1/34499] INFO  server.RaftServerConfigKeys (ConfUtils.java:logGet(46)) - raft.server.log.appender.buffer.byte-limit = 33554432 (custom)
2022-06-21 13:53:41,657 [Listener at 127.0.0.1/34499] INFO  server.GrpcService (ConfUtils.java:logGet(46)) - raft.grpc.flow.control.window = 5MB (=5242880) (custom)
2022-06-21 13:53:41,657 [Listener at 127.0.0.1/34499] INFO  server.RaftServerConfigKeys (ConfUtils.java:logGet(46)) - raft.server.rpc.request.timeout = 60s (custom)
2022-06-21 13:53:41,658 [Listener at 127.0.0.1/34499] INFO  grpc.GrpcConfigKeys (ConfUtils.java:logGet(46)) - raft.grpc.server.async.request.thread.pool.cached = true (default)
2022-06-21 13:53:41,658 [Listener at 127.0.0.1/34499] INFO  grpc.GrpcConfigKeys (ConfUtils.java:logGet(46)) - raft.grpc.server.async.request.thread.pool.size = 32 (default)
2022-06-21 13:53:41,659 [Listener at 127.0.0.1/34499] INFO  impl.DataStreamServerImpl (ConfUtils.java:logGet(46)) - raft.datastream.type = DISABLED (default)
2022-06-21 13:53:41,659 [Listener at 127.0.0.1/34499] INFO  server.RaftServerConfigKeys (ConfUtils.java:logGet(46)) - raft.server.threadpool.proxy.cached = true (default)
2022-06-21 13:53:41,659 [Listener at 127.0.0.1/34499] INFO  server.RaftServerConfigKeys (ConfUtils.java:logGet(46)) - raft.server.threadpool.proxy.size = 0 (default)
2022-06-21 13:53:41,659 [Listener at 127.0.0.1/34499] INFO  server.RaftServerConfigKeys (ConfUtils.java:logGet(46)) - raft.server.rpc.slowness.timeout = 300s (custom)
2022-06-21 13:53:41,659 [Listener at 127.0.0.1/34499] INFO  server.RaftServerConfigKeys (ConfUtils.java:logGet(46)) - raft.server.leaderelection.leader.step-down.wait-time = 10s (default)
2022-06-21 13:53:41,659 [Listener at 127.0.0.1/34499] INFO  server.RaftServerConfigKeys (ConfUtils.java:logGet(46)) - raft.server.storage.dir = [/home/runner/work/ozone/ozone/hadoop-ozone/integration-test/target/test-dir/MiniOzoneClusterImpl-034e9286-fd65-458d-99c2-fe4308dd713a/datanode-1/data/ratis] (custom)
2022-06-21 13:53:41,676 [Listener at 127.0.0.1/34499] INFO  server.XceiverServerGrpc (XceiverServerGrpc.java:<init>(132)) - GrpcServer channel type EpollServerSocketChannel
2022-06-21 13:53:41,687 [Listener at 127.0.0.1/34499] INFO  http.BaseHttpServer (BaseHttpServer.java:newHttpServer2BuilderForOzone(209)) - Starting Web-server for hddsDatanode at: http://0.0.0.0:0
2022-06-21 13:53:41,687 [Listener at 127.0.0.1/34499] INFO  http.BaseHttpServer (BaseHttpServer.java:<init>(107)) - Hadoop Security Enabled: false Ozone Security Enabled: false Ozone HTTP Security Enabled: false 
2022-06-21 13:53:41,688 [Listener at 127.0.0.1/34499] INFO  server.AuthenticationFilter (AuthenticationFilter.java:constructSecretProvider(240)) - Unable to initialize FileSignerSecretProvider, falling back to use random secrets.
2022-06-21 13:53:41,688 [Listener at 127.0.0.1/34499] WARN  http.HttpRequestLog (HttpRequestLog.java:getRequestLog(103)) - Jetty request log can only be enabled using Log4j
2022-06-21 13:53:41,690 [Listener at 127.0.0.1/34499] INFO  http.HttpServer2 (HttpServer2.java:addGlobalFilter(1029)) - Added global filter 'safety' (class=org.apache.hadoop.hdds.server.http.HttpServer2$QuotingInputFilter)
2022-06-21 13:53:41,690 [Listener at 127.0.0.1/34499] INFO  http.HttpServer2 (HttpServer2.java:addFilter(1005)) - Added filter static_user_filter (class=org.apache.hadoop.http.lib.StaticUserWebFilter$StaticUserFilter) to context hddsDatanode
2022-06-21 13:53:41,690 [Listener at 127.0.0.1/34499] INFO  http.HttpServer2 (HttpServer2.java:addFilter(1013)) - Added filter static_user_filter (class=org.apache.hadoop.http.lib.StaticUserWebFilter$StaticUserFilter) to context static
2022-06-21 13:53:41,690 [Listener at 127.0.0.1/34499] INFO  http.HttpServer2 (HttpServer2.java:addFilter(1013)) - Added filter static_user_filter (class=org.apache.hadoop.http.lib.StaticUserWebFilter$StaticUserFilter) to context logs
2022-06-21 13:53:41,691 [Listener at 127.0.0.1/34499] INFO  http.HttpServer2 (HttpServer2.java:bindListener(1248)) - Jetty bound to port 37707
2022-06-21 13:53:41,692 [Listener at 127.0.0.1/34499] INFO  server.Server (Server.java:doStart(375)) - jetty-9.4.43.v20210629; built: 2021-06-30T11:07:22.254Z; git: 526006ecfa3af7f1a27ef3a288e2bef7ea9dd7e8; jvm 1.8.0_332-b09
2022-06-21 13:53:41,693 [Listener at 127.0.0.1/34499] INFO  server.session (DefaultSessionIdManager.java:doStart(334)) - DefaultSessionIdManager workerName=node0
2022-06-21 13:53:41,693 [Listener at 127.0.0.1/34499] INFO  server.session (DefaultSessionIdManager.java:doStart(339)) - No SessionScavenger set, using defaults
2022-06-21 13:53:41,693 [Listener at 127.0.0.1/34499] INFO  server.session (HouseKeeper.java:startScavenging(132)) - node0 Scavenging every 600000ms
2022-06-21 13:53:41,695 [Listener at 127.0.0.1/34499] INFO  handler.ContextHandler (ContextHandler.java:doStart(915)) - Started o.e.j.s.ServletContextHandler@ed870c0{logs,/logs,file:///home/runner/work/ozone/ozone/hadoop-ozone/integration-test/target/log,AVAILABLE}
2022-06-21 13:53:41,695 [Listener at 127.0.0.1/34499] INFO  handler.ContextHandler (ContextHandler.java:doStart(915)) - Started o.e.j.s.ServletContextHandler@3feeaea8{static,/static,jar:file:/home/runner/.m2/repository/org/apache/ozone/hdds-container-service/1.3.0-SNAPSHOT/hdds-container-service-1.3.0-SNAPSHOT.jar!/webapps/static,AVAILABLE}
2022-06-21 13:53:42,028 [Listener at 127.0.0.1/34499] INFO  handler.ContextHandler (ContextHandler.java:doStart(915)) - Started o.e.j.w.WebAppContext@433b9807{hddsDatanode,/,file:///tmp/jetty-0_0_0_0-37707-hdds-container-service-1_3_0-SNAPSHOT_jar-_-any-7407562825654130666/webapp/,AVAILABLE}{jar:file:/home/runner/.m2/repository/org/apache/ozone/hdds-container-service/1.3.0-SNAPSHOT/hdds-container-service-1.3.0-SNAPSHOT.jar!/webapps/hddsDatanode}
2022-06-21 13:53:42,039 [Listener at 127.0.0.1/34499] INFO  server.AbstractConnector (AbstractConnector.java:doStart(331)) - Started ServerConnector@27eae2f2{HTTP/1.1, (http/1.1)}{0.0.0.0:37707}
2022-06-21 13:53:42,039 [Listener at 127.0.0.1/34499] INFO  server.Server (Server.java:doStart(415)) - Started @78032ms
2022-06-21 13:53:42,039 [Listener at 127.0.0.1/34499] WARN  impl.MetricsSystemImpl (MetricsSystemImpl.java:register(279)) - Sink prometheus already exists!
2022-06-21 13:53:42,040 [Listener at 127.0.0.1/34499] INFO  http.BaseHttpServer (BaseHttpServer.java:updateConnectorAddress(329)) - HTTP server of hddsDatanode listening at http://0.0.0.0:37707
2022-06-21 13:53:42,055 [Listener at 127.0.0.1/34499] INFO  impl.MetricsSystemImpl (MetricsSystemImpl.java:init(158)) - HddsDatanode metrics system started (again)
2022-06-21 13:53:42,062 [Datanode State Machine Daemon Thread] INFO  statemachine.DatanodeStateMachine (DatanodeStateMachine.java:lambda$startDaemon$0(492)) - Ozone container server started.
2022-06-21 13:53:42,089 [Listener at 127.0.0.1/34499] INFO  ozone.HddsDatanodeService (HddsDatanodeService.java:start(236)) - HddsDatanodeService host:fv-az194-567.vahfjs35atkulmpwh5ujf4txfe.jx.internal.cloudapp.net ip:10.1.0.15
2022-06-21 13:53:42,089 [org.apache.hadoop.util.JvmPauseMonitor$Monitor@624cb855] INFO  util.JvmPauseMonitor (JvmPauseMonitor.java:run(188)) - Starting JVM pause monitor
2022-06-21 13:53:42,114 [Datanode State Machine Task Thread - 0] INFO  datanode.InitDatanodeState (InitDatanodeState.java:persistContainerDatanodeDetails(138)) - DatanodeDetails is persisted to /home/runner/work/ozone/ozone/hadoop-ozone/integration-test/target/test-dir/MiniOzoneClusterImpl-034e9286-fd65-458d-99c2-fe4308dd713a/datanode-1/meta/datanode.id
2022-06-21 13:53:42,140 [Listener at 127.0.0.1/34499] INFO  upgrade.AbstractLayoutVersionManager (AbstractLayoutVersionManager.java:init(82)) - Initializing Layout version manager with metadata layout = DATANODE_SCHEMA_V3 (version = 4), software layout = DATANODE_SCHEMA_V3 (version = 4)
2022-06-21 13:53:42,246 [Listener at 127.0.0.1/34499] INFO  reflections.Reflections (Reflections.java:scan(232)) - Reflections took 105 ms to scan 7 urls, producing 131 keys and 315 values 
2022-06-21 13:53:42,251 [Listener at 127.0.0.1/34499] INFO  statemachine.DatanodeStateMachine (DatanodeStateMachine.java:getEndPointTaskThreadPoolSize(237)) - Datanode State Machine Task Thread Pool size 2
2022-06-21 13:53:42,263 [Listener at 127.0.0.1/34499] INFO  volume.HddsVolume (HddsVolume.java:<init>(116)) - Creating HddsVolume: /home/runner/work/ozone/ozone/hadoop-ozone/integration-test/target/test-dir/MiniOzoneClusterImpl-034e9286-fd65-458d-99c2-fe4308dd713a/datanode-2/data-0/containers/hdds of storage type : DISK capacity : 9223372036854775807
2022-06-21 13:53:42,263 [Listener at 127.0.0.1/34499] INFO  volume.MutableVolumeSet (MutableVolumeSet.java:initializeVolumeSet(174)) - Added Volume : /home/runner/work/ozone/ozone/hadoop-ozone/integration-test/target/test-dir/MiniOzoneClusterImpl-034e9286-fd65-458d-99c2-fe4308dd713a/datanode-2/data-0/containers/hdds to VolumeSet
2022-06-21 13:53:42,264 [Listener at 127.0.0.1/34499] INFO  volume.ThrottledAsyncChecker (ThrottledAsyncChecker.java:schedule(141)) - Scheduling a check for /home/runner/work/ozone/ozone/hadoop-ozone/integration-test/target/test-dir/MiniOzoneClusterImpl-034e9286-fd65-458d-99c2-fe4308dd713a/datanode-2/data-0/containers/hdds
2022-06-21 13:53:42,277 [Listener at 127.0.0.1/34499] INFO  volume.StorageVolumeChecker (StorageVolumeChecker.java:checkAllVolumes(202)) - Scheduled health check for volume /home/runner/work/ozone/ozone/hadoop-ozone/integration-test/target/test-dir/MiniOzoneClusterImpl-034e9286-fd65-458d-99c2-fe4308dd713a/datanode-2/data-0/containers/hdds
2022-06-21 13:53:42,298 [Listener at 127.0.0.1/34499] INFO  volume.MutableVolumeSet (MutableVolumeSet.java:initializeVolumeSet(174)) - Added Volume : /home/runner/work/ozone/ozone/hadoop-ozone/integration-test/target/test-dir/MiniOzoneClusterImpl-034e9286-fd65-458d-99c2-fe4308dd713a/datanode-2/data/ratis to VolumeSet
2022-06-21 13:53:42,298 [Listener at 127.0.0.1/34499] INFO  volume.ThrottledAsyncChecker (ThrottledAsyncChecker.java:schedule(141)) - Scheduling a check for /home/runner/work/ozone/ozone/hadoop-ozone/integration-test/target/test-dir/MiniOzoneClusterImpl-034e9286-fd65-458d-99c2-fe4308dd713a/datanode-2/data/ratis
2022-06-21 13:53:42,298 [Listener at 127.0.0.1/34499] INFO  volume.StorageVolumeChecker (StorageVolumeChecker.java:checkAllVolumes(202)) - Scheduled health check for volume /home/runner/work/ozone/ozone/hadoop-ozone/integration-test/target/test-dir/MiniOzoneClusterImpl-034e9286-fd65-458d-99c2-fe4308dd713a/datanode-2/data/ratis
2022-06-21 13:53:42,349 [Thread-573] INFO  ozoneimpl.ContainerReader (ContainerReader.java:readVolume(172)) - Finish verifying containers on volume /home/runner/work/ozone/ozone/hadoop-ozone/integration-test/target/test-dir/MiniOzoneClusterImpl-034e9286-fd65-458d-99c2-fe4308dd713a/datanode-2/data-0/containers/hdds
2022-06-21 13:53:42,350 [Listener at 127.0.0.1/34499] INFO  ozoneimpl.OzoneContainer (OzoneContainer.java:buildContainerSet(266)) - Build ContainerSet costs 0s
2022-06-21 13:53:42,357 [Listener at 127.0.0.1/34499] INFO  server.RaftServer (ConfUtils.java:logGet(46)) - raft.rpc.type = GRPC (default)
2022-06-21 13:53:42,357 [Listener at 127.0.0.1/34499] INFO  grpc.GrpcFactory (GrpcFactory.java:checkPooledByteBufAllocatorUseCacheForAllThreads(48)) - PERFORMANCE WARNING: useCacheForAllThreads is true that may cause Netty to create a lot garbage objects and, as a result, trigger GC.
	It is recommended to disable useCacheForAllThreads by setting -Dorg.apache.ratis.thirdparty.io.netty.allocator.useCacheForAllThreads=false in command line.
2022-06-21 13:53:42,357 [Listener at 127.0.0.1/34499] INFO  grpc.GrpcConfigKeys (ConfUtils.java:logGet(46)) - raft.grpc.admin.port = 0 (custom)
2022-06-21 13:53:42,357 [Listener at 127.0.0.1/34499] INFO  grpc.GrpcConfigKeys (ConfUtils.java:logGet(46)) - raft.grpc.client.port = 0 (custom)
2022-06-21 13:53:42,357 [Listener at 127.0.0.1/34499] INFO  grpc.GrpcConfigKeys (ConfUtils.java:logGet(46)) - raft.grpc.server.port = 0 (default)
2022-06-21 13:53:42,358 [Listener at 127.0.0.1/34499] INFO  server.GrpcService (ConfUtils.java:logGet(46)) - raft.grpc.message.size.max = 32MB (=33554432) (custom)
2022-06-21 13:53:42,358 [Listener at 127.0.0.1/34499] INFO  server.RaftServerConfigKeys (ConfUtils.java:logGet(46)) - raft.server.log.appender.buffer.byte-limit = 33554432 (custom)
2022-06-21 13:53:42,358 [Listener at 127.0.0.1/34499] INFO  server.GrpcService (ConfUtils.java:logGet(46)) - raft.grpc.flow.control.window = 5MB (=5242880) (custom)
2022-06-21 13:53:42,358 [Listener at 127.0.0.1/34499] INFO  server.RaftServerConfigKeys (ConfUtils.java:logGet(46)) - raft.server.rpc.request.timeout = 60s (custom)
2022-06-21 13:53:42,358 [Listener at 127.0.0.1/34499] INFO  grpc.GrpcConfigKeys (ConfUtils.java:logGet(46)) - raft.grpc.server.async.request.thread.pool.cached = true (default)
2022-06-21 13:53:42,358 [Listener at 127.0.0.1/34499] INFO  grpc.GrpcConfigKeys (ConfUtils.java:logGet(46)) - raft.grpc.server.async.request.thread.pool.size = 32 (default)
2022-06-21 13:53:42,372 [Listener at 127.0.0.1/34499] INFO  impl.DataStreamServerImpl (ConfUtils.java:logGet(46)) - raft.datastream.type = DISABLED (default)
2022-06-21 13:53:42,372 [Listener at 127.0.0.1/34499] INFO  server.RaftServerConfigKeys (ConfUtils.java:logGet(46)) - raft.server.threadpool.proxy.cached = true (default)
2022-06-21 13:53:42,372 [Listener at 127.0.0.1/34499] INFO  server.RaftServerConfigKeys (ConfUtils.java:logGet(46)) - raft.server.threadpool.proxy.size = 0 (default)
2022-06-21 13:53:42,373 [Listener at 127.0.0.1/34499] INFO  server.RaftServerConfigKeys (ConfUtils.java:logGet(46)) - raft.server.rpc.slowness.timeout = 300s (custom)
2022-06-21 13:53:42,373 [Listener at 127.0.0.1/34499] INFO  server.RaftServerConfigKeys (ConfUtils.java:logGet(46)) - raft.server.leaderelection.leader.step-down.wait-time = 10s (default)
2022-06-21 13:53:42,373 [Listener at 127.0.0.1/34499] INFO  server.RaftServerConfigKeys (ConfUtils.java:logGet(46)) - raft.server.storage.dir = [/home/runner/work/ozone/ozone/hadoop-ozone/integration-test/target/test-dir/MiniOzoneClusterImpl-034e9286-fd65-458d-99c2-fe4308dd713a/datanode-2/data/ratis] (custom)
2022-06-21 13:53:42,380 [Listener at 127.0.0.1/34499] INFO  server.XceiverServerGrpc (XceiverServerGrpc.java:<init>(132)) - GrpcServer channel type EpollServerSocketChannel
2022-06-21 13:53:42,388 [Listener at 127.0.0.1/34499] INFO  http.BaseHttpServer (BaseHttpServer.java:newHttpServer2BuilderForOzone(209)) - Starting Web-server for hddsDatanode at: http://0.0.0.0:0
2022-06-21 13:53:42,388 [Listener at 127.0.0.1/34499] INFO  http.BaseHttpServer (BaseHttpServer.java:<init>(107)) - Hadoop Security Enabled: false Ozone Security Enabled: false Ozone HTTP Security Enabled: false 
2022-06-21 13:53:42,389 [Listener at 127.0.0.1/34499] INFO  server.AuthenticationFilter (AuthenticationFilter.java:constructSecretProvider(240)) - Unable to initialize FileSignerSecretProvider, falling back to use random secrets.
2022-06-21 13:53:42,410 [Listener at 127.0.0.1/34499] WARN  http.HttpRequestLog (HttpRequestLog.java:getRequestLog(103)) - Jetty request log can only be enabled using Log4j
2022-06-21 13:53:42,412 [Listener at 127.0.0.1/34499] INFO  http.HttpServer2 (HttpServer2.java:addGlobalFilter(1029)) - Added global filter 'safety' (class=org.apache.hadoop.hdds.server.http.HttpServer2$QuotingInputFilter)
2022-06-21 13:53:42,412 [Listener at 127.0.0.1/34499] INFO  http.HttpServer2 (HttpServer2.java:addFilter(1005)) - Added filter static_user_filter (class=org.apache.hadoop.http.lib.StaticUserWebFilter$StaticUserFilter) to context hddsDatanode
2022-06-21 13:53:42,412 [Listener at 127.0.0.1/34499] INFO  http.HttpServer2 (HttpServer2.java:addFilter(1013)) - Added filter static_user_filter (class=org.apache.hadoop.http.lib.StaticUserWebFilter$StaticUserFilter) to context logs
2022-06-21 13:53:42,412 [Listener at 127.0.0.1/34499] INFO  http.HttpServer2 (HttpServer2.java:addFilter(1013)) - Added filter static_user_filter (class=org.apache.hadoop.http.lib.StaticUserWebFilter$StaticUserFilter) to context static
2022-06-21 13:53:42,413 [Listener at 127.0.0.1/34499] INFO  http.HttpServer2 (HttpServer2.java:bindListener(1248)) - Jetty bound to port 43033
2022-06-21 13:53:42,413 [Listener at 127.0.0.1/34499] INFO  server.Server (Server.java:doStart(375)) - jetty-9.4.43.v20210629; built: 2021-06-30T11:07:22.254Z; git: 526006ecfa3af7f1a27ef3a288e2bef7ea9dd7e8; jvm 1.8.0_332-b09
2022-06-21 13:53:42,419 [Listener at 127.0.0.1/34499] INFO  server.session (DefaultSessionIdManager.java:doStart(334)) - DefaultSessionIdManager workerName=node0
2022-06-21 13:53:42,419 [Listener at 127.0.0.1/34499] INFO  server.session (DefaultSessionIdManager.java:doStart(339)) - No SessionScavenger set, using defaults
2022-06-21 13:53:42,420 [Listener at 127.0.0.1/34499] INFO  server.session (HouseKeeper.java:startScavenging(132)) - node0 Scavenging every 660000ms
2022-06-21 13:53:42,421 [Listener at 127.0.0.1/34499] INFO  handler.ContextHandler (ContextHandler.java:doStart(915)) - Started o.e.j.s.ServletContextHandler@16fef84c{logs,/logs,file:///home/runner/work/ozone/ozone/hadoop-ozone/integration-test/target/log,AVAILABLE}
2022-06-21 13:53:42,421 [Listener at 127.0.0.1/34499] INFO  handler.ContextHandler (ContextHandler.java:doStart(915)) - Started o.e.j.s.ServletContextHandler@7524c462{static,/static,jar:file:/home/runner/.m2/repository/org/apache/ozone/hdds-container-service/1.3.0-SNAPSHOT/hdds-container-service-1.3.0-SNAPSHOT.jar!/webapps/static,AVAILABLE}
2022-06-21 13:53:42,809 [Listener at 127.0.0.1/34499] INFO  handler.ContextHandler (ContextHandler.java:doStart(915)) - Started o.e.j.w.WebAppContext@5da20ab8{hddsDatanode,/,file:///tmp/jetty-0_0_0_0-43033-hdds-container-service-1_3_0-SNAPSHOT_jar-_-any-5174909863453147837/webapp/,AVAILABLE}{jar:file:/home/runner/.m2/repository/org/apache/ozone/hdds-container-service/1.3.0-SNAPSHOT/hdds-container-service-1.3.0-SNAPSHOT.jar!/webapps/hddsDatanode}
2022-06-21 13:53:42,811 [Listener at 127.0.0.1/34499] INFO  server.AbstractConnector (AbstractConnector.java:doStart(331)) - Started ServerConnector@fc74fa5{HTTP/1.1, (http/1.1)}{0.0.0.0:43033}
2022-06-21 13:53:42,811 [Listener at 127.0.0.1/34499] INFO  server.Server (Server.java:doStart(415)) - Started @78805ms
2022-06-21 13:53:42,811 [Listener at 127.0.0.1/34499] WARN  impl.MetricsSystemImpl (MetricsSystemImpl.java:register(279)) - Sink prometheus already exists!
2022-06-21 13:53:42,830 [Listener at 127.0.0.1/34499] INFO  http.BaseHttpServer (BaseHttpServer.java:updateConnectorAddress(329)) - HTTP server of hddsDatanode listening at http://0.0.0.0:43033
2022-06-21 13:53:42,840 [Listener at 127.0.0.1/34499] INFO  impl.MetricsSystemImpl (MetricsSystemImpl.java:init(158)) - HddsDatanode metrics system started (again)
2022-06-21 13:53:42,840 [Datanode State Machine Daemon Thread] INFO  statemachine.DatanodeStateMachine (DatanodeStateMachine.java:lambda$startDaemon$0(492)) - Ozone container server started.
2022-06-21 13:53:42,855 [Listener at 127.0.0.1/34499] INFO  ozone.HddsDatanodeService (HddsDatanodeService.java:start(236)) - HddsDatanodeService host:fv-az194-567.vahfjs35atkulmpwh5ujf4txfe.jx.internal.cloudapp.net ip:10.1.0.15
2022-06-21 13:53:42,906 [org.apache.hadoop.util.JvmPauseMonitor$Monitor@7323e8c8] INFO  util.JvmPauseMonitor (JvmPauseMonitor.java:run(188)) - Starting JVM pause monitor
2022-06-21 13:53:42,915 [Datanode State Machine Task Thread - 0] INFO  datanode.InitDatanodeState (InitDatanodeState.java:persistContainerDatanodeDetails(138)) - DatanodeDetails is persisted to /home/runner/work/ozone/ozone/hadoop-ozone/integration-test/target/test-dir/MiniOzoneClusterImpl-034e9286-fd65-458d-99c2-fe4308dd713a/datanode-2/meta/datanode.id
2022-06-21 13:53:42,918 [Listener at 127.0.0.1/34499] INFO  upgrade.AbstractLayoutVersionManager (AbstractLayoutVersionManager.java:init(82)) - Initializing Layout version manager with metadata layout = DATANODE_SCHEMA_V3 (version = 4), software layout = DATANODE_SCHEMA_V3 (version = 4)
2022-06-21 13:53:43,022 [Listener at 127.0.0.1/34499] INFO  reflections.Reflections (Reflections.java:scan(232)) - Reflections took 102 ms to scan 7 urls, producing 131 keys and 315 values 
2022-06-21 13:53:43,028 [Listener at 127.0.0.1/34499] INFO  statemachine.DatanodeStateMachine (DatanodeStateMachine.java:getEndPointTaskThreadPoolSize(237)) - Datanode State Machine Task Thread Pool size 2
2022-06-21 13:53:43,043 [Listener at 127.0.0.1/34499] INFO  volume.HddsVolume (HddsVolume.java:<init>(116)) - Creating HddsVolume: /home/runner/work/ozone/ozone/hadoop-ozone/integration-test/target/test-dir/MiniOzoneClusterImpl-034e9286-fd65-458d-99c2-fe4308dd713a/datanode-3/data-0/containers/hdds of storage type : DISK capacity : 9223372036854775807
2022-06-21 13:53:43,043 [Listener at 127.0.0.1/34499] INFO  volume.MutableVolumeSet (MutableVolumeSet.java:initializeVolumeSet(174)) - Added Volume : /home/runner/work/ozone/ozone/hadoop-ozone/integration-test/target/test-dir/MiniOzoneClusterImpl-034e9286-fd65-458d-99c2-fe4308dd713a/datanode-3/data-0/containers/hdds to VolumeSet
2022-06-21 13:53:43,044 [Listener at 127.0.0.1/34499] INFO  volume.ThrottledAsyncChecker (ThrottledAsyncChecker.java:schedule(141)) - Scheduling a check for /home/runner/work/ozone/ozone/hadoop-ozone/integration-test/target/test-dir/MiniOzoneClusterImpl-034e9286-fd65-458d-99c2-fe4308dd713a/datanode-3/data-0/containers/hdds
2022-06-21 13:53:43,051 [Listener at 127.0.0.1/34499] INFO  volume.StorageVolumeChecker (StorageVolumeChecker.java:checkAllVolumes(202)) - Scheduled health check for volume /home/runner/work/ozone/ozone/hadoop-ozone/integration-test/target/test-dir/MiniOzoneClusterImpl-034e9286-fd65-458d-99c2-fe4308dd713a/datanode-3/data-0/containers/hdds
2022-06-21 13:53:43,074 [Listener at 127.0.0.1/34499] INFO  volume.MutableVolumeSet (MutableVolumeSet.java:initializeVolumeSet(174)) - Added Volume : /home/runner/work/ozone/ozone/hadoop-ozone/integration-test/target/test-dir/MiniOzoneClusterImpl-034e9286-fd65-458d-99c2-fe4308dd713a/datanode-3/data/ratis to VolumeSet
2022-06-21 13:53:43,079 [Listener at 127.0.0.1/34499] INFO  volume.ThrottledAsyncChecker (ThrottledAsyncChecker.java:schedule(141)) - Scheduling a check for /home/runner/work/ozone/ozone/hadoop-ozone/integration-test/target/test-dir/MiniOzoneClusterImpl-034e9286-fd65-458d-99c2-fe4308dd713a/datanode-3/data/ratis
2022-06-21 13:53:43,080 [Listener at 127.0.0.1/34499] INFO  volume.StorageVolumeChecker (StorageVolumeChecker.java:checkAllVolumes(202)) - Scheduled health check for volume /home/runner/work/ozone/ozone/hadoop-ozone/integration-test/target/test-dir/MiniOzoneClusterImpl-034e9286-fd65-458d-99c2-fe4308dd713a/datanode-3/data/ratis
2022-06-21 13:53:43,101 [Thread-586] INFO  ozoneimpl.ContainerReader (ContainerReader.java:readVolume(172)) - Finish verifying containers on volume /home/runner/work/ozone/ozone/hadoop-ozone/integration-test/target/test-dir/MiniOzoneClusterImpl-034e9286-fd65-458d-99c2-fe4308dd713a/datanode-3/data-0/containers/hdds
2022-06-21 13:53:43,101 [Listener at 127.0.0.1/34499] INFO  ozoneimpl.OzoneContainer (OzoneContainer.java:buildContainerSet(266)) - Build ContainerSet costs 0s
2022-06-21 13:53:43,102 [Listener at 127.0.0.1/34499] INFO  server.RaftServer (ConfUtils.java:logGet(46)) - raft.rpc.type = GRPC (default)
2022-06-21 13:53:43,103 [Listener at 127.0.0.1/34499] INFO  grpc.GrpcFactory (GrpcFactory.java:checkPooledByteBufAllocatorUseCacheForAllThreads(48)) - PERFORMANCE WARNING: useCacheForAllThreads is true that may cause Netty to create a lot garbage objects and, as a result, trigger GC.
	It is recommended to disable useCacheForAllThreads by setting -Dorg.apache.ratis.thirdparty.io.netty.allocator.useCacheForAllThreads=false in command line.
2022-06-21 13:53:43,103 [Listener at 127.0.0.1/34499] INFO  grpc.GrpcConfigKeys (ConfUtils.java:logGet(46)) - raft.grpc.admin.port = 0 (custom)
2022-06-21 13:53:43,103 [Listener at 127.0.0.1/34499] INFO  grpc.GrpcConfigKeys (ConfUtils.java:logGet(46)) - raft.grpc.client.port = 0 (custom)
2022-06-21 13:53:43,103 [Listener at 127.0.0.1/34499] INFO  grpc.GrpcConfigKeys (ConfUtils.java:logGet(46)) - raft.grpc.server.port = 0 (default)
2022-06-21 13:53:43,103 [Listener at 127.0.0.1/34499] INFO  server.GrpcService (ConfUtils.java:logGet(46)) - raft.grpc.message.size.max = 32MB (=33554432) (custom)
2022-06-21 13:53:43,103 [Listener at 127.0.0.1/34499] INFO  server.RaftServerConfigKeys (ConfUtils.java:logGet(46)) - raft.server.log.appender.buffer.byte-limit = 33554432 (custom)
2022-06-21 13:53:43,103 [Listener at 127.0.0.1/34499] INFO  server.GrpcService (ConfUtils.java:logGet(46)) - raft.grpc.flow.control.window = 5MB (=5242880) (custom)
2022-06-21 13:53:43,103 [Listener at 127.0.0.1/34499] INFO  server.RaftServerConfigKeys (ConfUtils.java:logGet(46)) - raft.server.rpc.request.timeout = 60s (custom)
2022-06-21 13:53:43,103 [Listener at 127.0.0.1/34499] INFO  grpc.GrpcConfigKeys (ConfUtils.java:logGet(46)) - raft.grpc.server.async.request.thread.pool.cached = true (default)
2022-06-21 13:53:43,103 [Listener at 127.0.0.1/34499] INFO  grpc.GrpcConfigKeys (ConfUtils.java:logGet(46)) - raft.grpc.server.async.request.thread.pool.size = 32 (default)
2022-06-21 13:53:43,104 [Listener at 127.0.0.1/34499] INFO  impl.DataStreamServerImpl (ConfUtils.java:logGet(46)) - raft.datastream.type = DISABLED (default)
2022-06-21 13:53:43,104 [Listener at 127.0.0.1/34499] INFO  server.RaftServerConfigKeys (ConfUtils.java:logGet(46)) - raft.server.threadpool.proxy.cached = true (default)
2022-06-21 13:53:43,105 [Listener at 127.0.0.1/34499] INFO  server.RaftServerConfigKeys (ConfUtils.java:logGet(46)) - raft.server.threadpool.proxy.size = 0 (default)
2022-06-21 13:53:43,105 [Listener at 127.0.0.1/34499] INFO  server.RaftServerConfigKeys (ConfUtils.java:logGet(46)) - raft.server.rpc.slowness.timeout = 300s (custom)
2022-06-21 13:53:43,105 [Listener at 127.0.0.1/34499] INFO  server.RaftServerConfigKeys (ConfUtils.java:logGet(46)) - raft.server.leaderelection.leader.step-down.wait-time = 10s (default)
2022-06-21 13:53:43,105 [Listener at 127.0.0.1/34499] INFO  server.RaftServerConfigKeys (ConfUtils.java:logGet(46)) - raft.server.storage.dir = [/home/runner/work/ozone/ozone/hadoop-ozone/integration-test/target/test-dir/MiniOzoneClusterImpl-034e9286-fd65-458d-99c2-fe4308dd713a/datanode-3/data/ratis] (custom)
2022-06-21 13:53:43,106 [Listener at 127.0.0.1/34499] INFO  server.XceiverServerGrpc (XceiverServerGrpc.java:<init>(132)) - GrpcServer channel type EpollServerSocketChannel
2022-06-21 13:53:43,113 [Listener at 127.0.0.1/34499] INFO  http.BaseHttpServer (BaseHttpServer.java:newHttpServer2BuilderForOzone(209)) - Starting Web-server for hddsDatanode at: http://0.0.0.0:0
2022-06-21 13:53:43,113 [Listener at 127.0.0.1/34499] INFO  http.BaseHttpServer (BaseHttpServer.java:<init>(107)) - Hadoop Security Enabled: false Ozone Security Enabled: false Ozone HTTP Security Enabled: false 
2022-06-21 13:53:43,114 [Listener at 127.0.0.1/34499] INFO  server.AuthenticationFilter (AuthenticationFilter.java:constructSecretProvider(240)) - Unable to initialize FileSignerSecretProvider, falling back to use random secrets.
2022-06-21 13:53:43,114 [Listener at 127.0.0.1/34499] WARN  http.HttpRequestLog (HttpRequestLog.java:getRequestLog(103)) - Jetty request log can only be enabled using Log4j
2022-06-21 13:53:43,115 [Listener at 127.0.0.1/34499] INFO  http.HttpServer2 (HttpServer2.java:addGlobalFilter(1029)) - Added global filter 'safety' (class=org.apache.hadoop.hdds.server.http.HttpServer2$QuotingInputFilter)
2022-06-21 13:53:43,115 [Listener at 127.0.0.1/34499] INFO  http.HttpServer2 (HttpServer2.java:addFilter(1005)) - Added filter static_user_filter (class=org.apache.hadoop.http.lib.StaticUserWebFilter$StaticUserFilter) to context hddsDatanode
2022-06-21 13:53:43,116 [Listener at 127.0.0.1/34499] INFO  http.HttpServer2 (HttpServer2.java:addFilter(1013)) - Added filter static_user_filter (class=org.apache.hadoop.http.lib.StaticUserWebFilter$StaticUserFilter) to context logs
2022-06-21 13:53:43,116 [Listener at 127.0.0.1/34499] INFO  http.HttpServer2 (HttpServer2.java:addFilter(1013)) - Added filter static_user_filter (class=org.apache.hadoop.http.lib.StaticUserWebFilter$StaticUserFilter) to context static
2022-06-21 13:53:43,116 [Listener at 127.0.0.1/34499] INFO  http.HttpServer2 (HttpServer2.java:bindListener(1248)) - Jetty bound to port 41447
2022-06-21 13:53:43,116 [Listener at 127.0.0.1/34499] INFO  server.Server (Server.java:doStart(375)) - jetty-9.4.43.v20210629; built: 2021-06-30T11:07:22.254Z; git: 526006ecfa3af7f1a27ef3a288e2bef7ea9dd7e8; jvm 1.8.0_332-b09
2022-06-21 13:53:43,163 [Listener at 127.0.0.1/34499] INFO  server.session (DefaultSessionIdManager.java:doStart(334)) - DefaultSessionIdManager workerName=node0
2022-06-21 13:53:43,163 [Listener at 127.0.0.1/34499] INFO  server.session (DefaultSessionIdManager.java:doStart(339)) - No SessionScavenger set, using defaults
2022-06-21 13:53:43,163 [Listener at 127.0.0.1/34499] INFO  server.session (HouseKeeper.java:startScavenging(132)) - node0 Scavenging every 600000ms
2022-06-21 13:53:43,168 [Listener at 127.0.0.1/34499] INFO  handler.ContextHandler (ContextHandler.java:doStart(915)) - Started o.e.j.s.ServletContextHandler@19d0dc74{logs,/logs,file:///home/runner/work/ozone/ozone/hadoop-ozone/integration-test/target/log,AVAILABLE}
2022-06-21 13:53:43,168 [Listener at 127.0.0.1/34499] INFO  handler.ContextHandler (ContextHandler.java:doStart(915)) - Started o.e.j.s.ServletContextHandler@3934bee1{static,/static,jar:file:/home/runner/.m2/repository/org/apache/ozone/hdds-container-service/1.3.0-SNAPSHOT/hdds-container-service-1.3.0-SNAPSHOT.jar!/webapps/static,AVAILABLE}
2022-06-21 13:53:43,478 [Listener at 127.0.0.1/34499] INFO  handler.ContextHandler (ContextHandler.java:doStart(915)) - Started o.e.j.w.WebAppContext@230dd59{hddsDatanode,/,file:///tmp/jetty-0_0_0_0-41447-hdds-container-service-1_3_0-SNAPSHOT_jar-_-any-937661379237235578/webapp/,AVAILABLE}{jar:file:/home/runner/.m2/repository/org/apache/ozone/hdds-container-service/1.3.0-SNAPSHOT/hdds-container-service-1.3.0-SNAPSHOT.jar!/webapps/hddsDatanode}
2022-06-21 13:53:43,480 [Listener at 127.0.0.1/34499] INFO  server.AbstractConnector (AbstractConnector.java:doStart(331)) - Started ServerConnector@32b88c0a{HTTP/1.1, (http/1.1)}{0.0.0.0:41447}
2022-06-21 13:53:43,480 [Listener at 127.0.0.1/34499] INFO  server.Server (Server.java:doStart(415)) - Started @79473ms
2022-06-21 13:53:43,480 [Listener at 127.0.0.1/34499] WARN  impl.MetricsSystemImpl (MetricsSystemImpl.java:register(279)) - Sink prometheus already exists!
2022-06-21 13:53:43,488 [Listener at 127.0.0.1/34499] INFO  http.BaseHttpServer (BaseHttpServer.java:updateConnectorAddress(329)) - HTTP server of hddsDatanode listening at http://0.0.0.0:41447
2022-06-21 13:53:43,495 [Listener at 127.0.0.1/34499] INFO  impl.MetricsSystemImpl (MetricsSystemImpl.java:init(158)) - HddsDatanode metrics system started (again)
2022-06-21 13:53:43,504 [Datanode State Machine Daemon Thread] INFO  statemachine.DatanodeStateMachine (DatanodeStateMachine.java:lambda$startDaemon$0(492)) - Ozone container server started.
2022-06-21 13:53:43,525 [EndpointStateMachine task thread for /0.0.0.0:36543 - 0 ] INFO  volume.HddsVolume (HddsVolume.java:createDbStore(309)) - SchemaV3 db is created and loaded at /home/runner/work/ozone/ozone/hadoop-ozone/integration-test/target/test-dir/MiniOzoneClusterImpl-034e9286-fd65-458d-99c2-fe4308dd713a/datanode-0/data-0/containers/hdds/034e9286-fd65-458d-99c2-fe4308dd713a/DS-6842ae6d-a7b1-4b62-837e-e1268aaed93d/container.db for volume DS-6842ae6d-a7b1-4b62-837e-e1268aaed93d
2022-06-21 13:53:43,541 [Listener at 127.0.0.1/34499] INFO  ozone.HddsDatanodeService (HddsDatanodeService.java:start(236)) - HddsDatanodeService host:fv-az194-567.vahfjs35atkulmpwh5ujf4txfe.jx.internal.cloudapp.net ip:10.1.0.15
2022-06-21 13:53:43,561 [org.apache.hadoop.util.JvmPauseMonitor$Monitor@51d82d48] INFO  util.JvmPauseMonitor (JvmPauseMonitor.java:run(188)) - Starting JVM pause monitor
2022-06-21 13:53:43,563 [EndpointStateMachine task thread for /0.0.0.0:36543 - 0 ] INFO  volume.HddsVolume (HddsVolume.java:closeDbStore(340)) - SchemaV3 db is stopped at /home/runner/work/ozone/ozone/hadoop-ozone/integration-test/target/test-dir/MiniOzoneClusterImpl-034e9286-fd65-458d-99c2-fe4308dd713a/datanode-0/data-0/containers/hdds/034e9286-fd65-458d-99c2-fe4308dd713a/DS-6842ae6d-a7b1-4b62-837e-e1268aaed93d/container.db for volume DS-6842ae6d-a7b1-4b62-837e-e1268aaed93d
2022-06-21 13:53:43,563 [EndpointStateMachine task thread for /0.0.0.0:36543 - 0 ] INFO  ozoneimpl.OzoneContainer (OzoneContainer.java:start(344)) - Attempting to start container services.
2022-06-21 13:53:43,563 [EndpointStateMachine task thread for /0.0.0.0:36543 - 0 ] INFO  ozoneimpl.OzoneContainer (OzoneContainer.java:startContainerScrub(279)) - Background container scanner has been disabled.
2022-06-21 13:53:43,568 [Datanode State Machine Task Thread - 0] INFO  datanode.InitDatanodeState (InitDatanodeState.java:persistContainerDatanodeDetails(138)) - DatanodeDetails is persisted to /home/runner/work/ozone/ozone/hadoop-ozone/integration-test/target/test-dir/MiniOzoneClusterImpl-034e9286-fd65-458d-99c2-fe4308dd713a/datanode-3/meta/datanode.id
2022-06-21 13:53:43,584 [EndpointStateMachine task thread for /0.0.0.0:36543 - 0 ] INFO  replication.ReplicationServer (ReplicationServer.java:start(111)) - ReplicationServer is started using port 44627
2022-06-21 13:53:43,585 [EndpointStateMachine task thread for /0.0.0.0:36543 - 0 ] INFO  ratis.XceiverServerRatis (XceiverServerRatis.java:start(481)) - Starting XceiverServerRatis 81fc78bc-3d93-43eb-a149-ca8877d229a2
2022-06-21 13:53:43,585 [EndpointStateMachine task thread for /0.0.0.0:36543 - 0 ] INFO  server.RaftServer (RaftServerProxy.java:lambda$start$6(382)) - 81fc78bc-3d93-43eb-a149-ca8877d229a2: start RPC server
2022-06-21 13:53:43,600 [Listener at 127.0.0.1/34499] INFO  upgrade.AbstractLayoutVersionManager (AbstractLayoutVersionManager.java:init(82)) - Initializing Layout version manager with metadata layout = DATANODE_SCHEMA_V3 (version = 4), software layout = DATANODE_SCHEMA_V3 (version = 4)
2022-06-21 13:53:43,605 [EndpointStateMachine task thread for /0.0.0.0:36543 - 0 ] INFO  server.GrpcService (GrpcService.java:startImpl(260)) - 81fc78bc-3d93-43eb-a149-ca8877d229a2: GrpcService started, listening on 44705
2022-06-21 13:53:43,614 [EndpointStateMachine task thread for /0.0.0.0:36543 - 0 ] INFO  ratis.XceiverServerRatis (XceiverServerRatis.java:getRealPort(502)) - XceiverServerRatis 81fc78bc-3d93-43eb-a149-ca8877d229a2 is started using port 44705 for RATIS
2022-06-21 13:53:43,614 [EndpointStateMachine task thread for /0.0.0.0:36543 - 0 ] INFO  ratis.XceiverServerRatis (XceiverServerRatis.java:getRealPort(502)) - XceiverServerRatis 81fc78bc-3d93-43eb-a149-ca8877d229a2 is started using port 44705 for RATIS_ADMIN
2022-06-21 13:53:43,615 [EndpointStateMachine task thread for /0.0.0.0:36543 - 0 ] INFO  ratis.XceiverServerRatis (XceiverServerRatis.java:getRealPort(502)) - XceiverServerRatis 81fc78bc-3d93-43eb-a149-ca8877d229a2 is started using port 44705 for RATIS_SERVER
2022-06-21 13:53:43,616 [org.apache.ratis.util.JvmPauseMonitor$$Lambda$627/290163460@447c79c8] INFO  util.JvmPauseMonitor (JvmPauseMonitor.java:run(103)) - JvmPauseMonitor-81fc78bc-3d93-43eb-a149-ca8877d229a2: Started
2022-06-21 13:53:43,644 [EndpointStateMachine task thread for /0.0.0.0:36543 - 0 ] INFO  server.XceiverServerGrpc (XceiverServerGrpc.java:start(180)) - XceiverServerGrpc 81fc78bc-3d93-43eb-a149-ca8877d229a2 is started using port 46361
2022-06-21 13:53:43,720 [Listener at 127.0.0.1/34499] INFO  reflections.Reflections (Reflections.java:scan(232)) - Reflections took 119 ms to scan 7 urls, producing 131 keys and 315 values 
2022-06-21 13:53:43,721 [Listener at 127.0.0.1/34499] INFO  statemachine.DatanodeStateMachine (DatanodeStateMachine.java:getEndPointTaskThreadPoolSize(237)) - Datanode State Machine Task Thread Pool size 2
2022-06-21 13:53:43,732 [Listener at 127.0.0.1/34499] INFO  volume.HddsVolume (HddsVolume.java:<init>(116)) - Creating HddsVolume: /home/runner/work/ozone/ozone/hadoop-ozone/integration-test/target/test-dir/MiniOzoneClusterImpl-034e9286-fd65-458d-99c2-fe4308dd713a/datanode-4/data-0/containers/hdds of storage type : DISK capacity : 9223372036854775807
2022-06-21 13:53:43,732 [Listener at 127.0.0.1/34499] INFO  volume.MutableVolumeSet (MutableVolumeSet.java:initializeVolumeSet(174)) - Added Volume : /home/runner/work/ozone/ozone/hadoop-ozone/integration-test/target/test-dir/MiniOzoneClusterImpl-034e9286-fd65-458d-99c2-fe4308dd713a/datanode-4/data-0/containers/hdds to VolumeSet
2022-06-21 13:53:43,733 [Listener at 127.0.0.1/34499] INFO  volume.ThrottledAsyncChecker (ThrottledAsyncChecker.java:schedule(141)) - Scheduling a check for /home/runner/work/ozone/ozone/hadoop-ozone/integration-test/target/test-dir/MiniOzoneClusterImpl-034e9286-fd65-458d-99c2-fe4308dd713a/datanode-4/data-0/containers/hdds
2022-06-21 13:53:43,741 [Listener at 127.0.0.1/34499] INFO  volume.StorageVolumeChecker (StorageVolumeChecker.java:checkAllVolumes(202)) - Scheduled health check for volume /home/runner/work/ozone/ozone/hadoop-ozone/integration-test/target/test-dir/MiniOzoneClusterImpl-034e9286-fd65-458d-99c2-fe4308dd713a/datanode-4/data-0/containers/hdds
2022-06-21 13:53:43,775 [Listener at 127.0.0.1/34499] INFO  volume.MutableVolumeSet (MutableVolumeSet.java:initializeVolumeSet(174)) - Added Volume : /home/runner/work/ozone/ozone/hadoop-ozone/integration-test/target/test-dir/MiniOzoneClusterImpl-034e9286-fd65-458d-99c2-fe4308dd713a/datanode-4/data/ratis to VolumeSet
2022-06-21 13:53:43,776 [Listener at 127.0.0.1/34499] INFO  volume.ThrottledAsyncChecker (ThrottledAsyncChecker.java:schedule(141)) - Scheduling a check for /home/runner/work/ozone/ozone/hadoop-ozone/integration-test/target/test-dir/MiniOzoneClusterImpl-034e9286-fd65-458d-99c2-fe4308dd713a/datanode-4/data/ratis
2022-06-21 13:53:43,776 [Listener at 127.0.0.1/34499] INFO  volume.StorageVolumeChecker (StorageVolumeChecker.java:checkAllVolumes(202)) - Scheduled health check for volume /home/runner/work/ozone/ozone/hadoop-ozone/integration-test/target/test-dir/MiniOzoneClusterImpl-034e9286-fd65-458d-99c2-fe4308dd713a/datanode-4/data/ratis
2022-06-21 13:53:43,815 [Thread-603] INFO  ozoneimpl.ContainerReader (ContainerReader.java:readVolume(172)) - Finish verifying containers on volume /home/runner/work/ozone/ozone/hadoop-ozone/integration-test/target/test-dir/MiniOzoneClusterImpl-034e9286-fd65-458d-99c2-fe4308dd713a/datanode-4/data-0/containers/hdds
2022-06-21 13:53:43,815 [Listener at 127.0.0.1/34499] INFO  ozoneimpl.OzoneContainer (OzoneContainer.java:buildContainerSet(266)) - Build ContainerSet costs 0s
2022-06-21 13:53:43,817 [Listener at 127.0.0.1/34499] INFO  server.RaftServer (ConfUtils.java:logGet(46)) - raft.rpc.type = GRPC (default)
2022-06-21 13:53:43,817 [Listener at 127.0.0.1/34499] INFO  grpc.GrpcFactory (GrpcFactory.java:checkPooledByteBufAllocatorUseCacheForAllThreads(48)) - PERFORMANCE WARNING: useCacheForAllThreads is true that may cause Netty to create a lot garbage objects and, as a result, trigger GC.
	It is recommended to disable useCacheForAllThreads by setting -Dorg.apache.ratis.thirdparty.io.netty.allocator.useCacheForAllThreads=false in command line.
2022-06-21 13:53:43,817 [Listener at 127.0.0.1/34499] INFO  grpc.GrpcConfigKeys (ConfUtils.java:logGet(46)) - raft.grpc.admin.port = 0 (custom)
2022-06-21 13:53:43,817 [Listener at 127.0.0.1/34499] INFO  grpc.GrpcConfigKeys (ConfUtils.java:logGet(46)) - raft.grpc.client.port = 0 (custom)
2022-06-21 13:53:43,817 [Listener at 127.0.0.1/34499] INFO  grpc.GrpcConfigKeys (ConfUtils.java:logGet(46)) - raft.grpc.server.port = 0 (default)
2022-06-21 13:53:43,817 [Listener at 127.0.0.1/34499] INFO  server.GrpcService (ConfUtils.java:logGet(46)) - raft.grpc.message.size.max = 32MB (=33554432) (custom)
2022-06-21 13:53:43,817 [Listener at 127.0.0.1/34499] INFO  server.RaftServerConfigKeys (ConfUtils.java:logGet(46)) - raft.server.log.appender.buffer.byte-limit = 33554432 (custom)
2022-06-21 13:53:43,817 [Listener at 127.0.0.1/34499] INFO  server.GrpcService (ConfUtils.java:logGet(46)) - raft.grpc.flow.control.window = 5MB (=5242880) (custom)
2022-06-21 13:53:43,817 [Listener at 127.0.0.1/34499] INFO  server.RaftServerConfigKeys (ConfUtils.java:logGet(46)) - raft.server.rpc.request.timeout = 60s (custom)
2022-06-21 13:53:43,818 [Listener at 127.0.0.1/34499] INFO  grpc.GrpcConfigKeys (ConfUtils.java:logGet(46)) - raft.grpc.server.async.request.thread.pool.cached = true (default)
2022-06-21 13:53:43,818 [Listener at 127.0.0.1/34499] INFO  grpc.GrpcConfigKeys (ConfUtils.java:logGet(46)) - raft.grpc.server.async.request.thread.pool.size = 32 (default)
2022-06-21 13:53:43,820 [Listener at 127.0.0.1/34499] INFO  impl.DataStreamServerImpl (ConfUtils.java:logGet(46)) - raft.datastream.type = DISABLED (default)
2022-06-21 13:53:43,820 [Listener at 127.0.0.1/34499] INFO  server.RaftServerConfigKeys (ConfUtils.java:logGet(46)) - raft.server.threadpool.proxy.cached = true (default)
2022-06-21 13:53:43,820 [Listener at 127.0.0.1/34499] INFO  server.RaftServerConfigKeys (ConfUtils.java:logGet(46)) - raft.server.threadpool.proxy.size = 0 (default)
2022-06-21 13:53:43,820 [Listener at 127.0.0.1/34499] INFO  server.RaftServerConfigKeys (ConfUtils.java:logGet(46)) - raft.server.rpc.slowness.timeout = 300s (custom)
2022-06-21 13:53:43,820 [Listener at 127.0.0.1/34499] INFO  server.RaftServerConfigKeys (ConfUtils.java:logGet(46)) - raft.server.leaderelection.leader.step-down.wait-time = 10s (default)
2022-06-21 13:53:43,821 [Listener at 127.0.0.1/34499] INFO  server.RaftServerConfigKeys (ConfUtils.java:logGet(46)) - raft.server.storage.dir = [/home/runner/work/ozone/ozone/hadoop-ozone/integration-test/target/test-dir/MiniOzoneClusterImpl-034e9286-fd65-458d-99c2-fe4308dd713a/datanode-4/data/ratis] (custom)
2022-06-21 13:53:43,839 [Listener at 127.0.0.1/34499] INFO  server.XceiverServerGrpc (XceiverServerGrpc.java:<init>(132)) - GrpcServer channel type EpollServerSocketChannel
2022-06-21 13:53:43,855 [Listener at 127.0.0.1/34499] INFO  http.BaseHttpServer (BaseHttpServer.java:newHttpServer2BuilderForOzone(209)) - Starting Web-server for hddsDatanode at: http://0.0.0.0:0
2022-06-21 13:53:43,855 [Listener at 127.0.0.1/34499] INFO  http.BaseHttpServer (BaseHttpServer.java:<init>(107)) - Hadoop Security Enabled: false Ozone Security Enabled: false Ozone HTTP Security Enabled: false 
2022-06-21 13:53:43,856 [Listener at 127.0.0.1/34499] INFO  server.AuthenticationFilter (AuthenticationFilter.java:constructSecretProvider(240)) - Unable to initialize FileSignerSecretProvider, falling back to use random secrets.
2022-06-21 13:53:43,866 [Listener at 127.0.0.1/34499] WARN  http.HttpRequestLog (HttpRequestLog.java:getRequestLog(103)) - Jetty request log can only be enabled using Log4j
2022-06-21 13:53:43,867 [Listener at 127.0.0.1/34499] INFO  http.HttpServer2 (HttpServer2.java:addGlobalFilter(1029)) - Added global filter 'safety' (class=org.apache.hadoop.hdds.server.http.HttpServer2$QuotingInputFilter)
2022-06-21 13:53:43,868 [Listener at 127.0.0.1/34499] INFO  http.HttpServer2 (HttpServer2.java:addFilter(1005)) - Added filter static_user_filter (class=org.apache.hadoop.http.lib.StaticUserWebFilter$StaticUserFilter) to context hddsDatanode
2022-06-21 13:53:43,868 [Listener at 127.0.0.1/34499] INFO  http.HttpServer2 (HttpServer2.java:addFilter(1013)) - Added filter static_user_filter (class=org.apache.hadoop.http.lib.StaticUserWebFilter$StaticUserFilter) to context static
2022-06-21 13:53:43,868 [Listener at 127.0.0.1/34499] INFO  http.HttpServer2 (HttpServer2.java:addFilter(1013)) - Added filter static_user_filter (class=org.apache.hadoop.http.lib.StaticUserWebFilter$StaticUserFilter) to context logs
2022-06-21 13:53:43,868 [Listener at 127.0.0.1/34499] INFO  http.HttpServer2 (HttpServer2.java:bindListener(1248)) - Jetty bound to port 34181
2022-06-21 13:53:43,869 [Listener at 127.0.0.1/34499] INFO  server.Server (Server.java:doStart(375)) - jetty-9.4.43.v20210629; built: 2021-06-30T11:07:22.254Z; git: 526006ecfa3af7f1a27ef3a288e2bef7ea9dd7e8; jvm 1.8.0_332-b09
2022-06-21 13:53:43,904 [Listener at 127.0.0.1/34499] INFO  server.session (DefaultSessionIdManager.java:doStart(334)) - DefaultSessionIdManager workerName=node0
2022-06-21 13:53:43,904 [Listener at 127.0.0.1/34499] INFO  server.session (DefaultSessionIdManager.java:doStart(339)) - No SessionScavenger set, using defaults
2022-06-21 13:53:43,904 [Listener at 127.0.0.1/34499] INFO  server.session (HouseKeeper.java:startScavenging(132)) - node0 Scavenging every 660000ms
2022-06-21 13:53:43,905 [Listener at 127.0.0.1/34499] INFO  handler.ContextHandler (ContextHandler.java:doStart(915)) - Started o.e.j.s.ServletContextHandler@38716e3f{logs,/logs,file:///home/runner/work/ozone/ozone/hadoop-ozone/integration-test/target/log,AVAILABLE}
2022-06-21 13:53:43,905 [Listener at 127.0.0.1/34499] INFO  handler.ContextHandler (ContextHandler.java:doStart(915)) - Started o.e.j.s.ServletContextHandler@48aba679{static,/static,jar:file:/home/runner/.m2/repository/org/apache/ozone/hdds-container-service/1.3.0-SNAPSHOT/hdds-container-service-1.3.0-SNAPSHOT.jar!/webapps/static,AVAILABLE}
2022-06-21 13:53:44,223 [EndpointStateMachine task thread for /0.0.0.0:36543 - 0 ] INFO  volume.HddsVolume (HddsVolume.java:createDbStore(309)) - SchemaV3 db is created and loaded at /home/runner/work/ozone/ozone/hadoop-ozone/integration-test/target/test-dir/MiniOzoneClusterImpl-034e9286-fd65-458d-99c2-fe4308dd713a/datanode-1/data-0/containers/hdds/034e9286-fd65-458d-99c2-fe4308dd713a/DS-4ccb2109-3c17-46d7-86d9-29561b64ed23/container.db for volume DS-4ccb2109-3c17-46d7-86d9-29561b64ed23
2022-06-21 13:53:44,247 [EndpointStateMachine task thread for /0.0.0.0:36543 - 0 ] INFO  volume.HddsVolume (HddsVolume.java:closeDbStore(340)) - SchemaV3 db is stopped at /home/runner/work/ozone/ozone/hadoop-ozone/integration-test/target/test-dir/MiniOzoneClusterImpl-034e9286-fd65-458d-99c2-fe4308dd713a/datanode-1/data-0/containers/hdds/034e9286-fd65-458d-99c2-fe4308dd713a/DS-4ccb2109-3c17-46d7-86d9-29561b64ed23/container.db for volume DS-4ccb2109-3c17-46d7-86d9-29561b64ed23
2022-06-21 13:53:44,247 [EndpointStateMachine task thread for /0.0.0.0:36543 - 0 ] INFO  ozoneimpl.OzoneContainer (OzoneContainer.java:start(344)) - Attempting to start container services.
2022-06-21 13:53:44,247 [EndpointStateMachine task thread for /0.0.0.0:36543 - 0 ] INFO  ozoneimpl.OzoneContainer (OzoneContainer.java:startContainerScrub(279)) - Background container scanner has been disabled.
2022-06-21 13:53:44,250 [EndpointStateMachine task thread for /0.0.0.0:36543 - 0 ] INFO  replication.ReplicationServer (ReplicationServer.java:start(111)) - ReplicationServer is started using port 45065
2022-06-21 13:53:44,251 [EndpointStateMachine task thread for /0.0.0.0:36543 - 0 ] INFO  ratis.XceiverServerRatis (XceiverServerRatis.java:start(481)) - Starting XceiverServerRatis d57b37be-f0fe-43c7-a820-540586909dc7
2022-06-21 13:53:44,252 [EndpointStateMachine task thread for /0.0.0.0:36543 - 0 ] INFO  server.RaftServer (RaftServerProxy.java:lambda$start$6(382)) - d57b37be-f0fe-43c7-a820-540586909dc7: start RPC server
2022-06-21 13:53:44,264 [Listener at 127.0.0.1/34499] INFO  handler.ContextHandler (ContextHandler.java:doStart(915)) - Started o.e.j.w.WebAppContext@28be456{hddsDatanode,/,file:///tmp/jetty-0_0_0_0-34181-hdds-container-service-1_3_0-SNAPSHOT_jar-_-any-3075557362187847532/webapp/,AVAILABLE}{jar:file:/home/runner/.m2/repository/org/apache/ozone/hdds-container-service/1.3.0-SNAPSHOT/hdds-container-service-1.3.0-SNAPSHOT.jar!/webapps/hddsDatanode}
2022-06-21 13:53:44,271 [EndpointStateMachine task thread for /0.0.0.0:36543 - 0 ] INFO  server.GrpcService (GrpcService.java:startImpl(260)) - d57b37be-f0fe-43c7-a820-540586909dc7: GrpcService started, listening on 46147
2022-06-21 13:53:44,271 [Listener at 127.0.0.1/34499] INFO  server.AbstractConnector (AbstractConnector.java:doStart(331)) - Started ServerConnector@76badef9{HTTP/1.1, (http/1.1)}{0.0.0.0:34181}
2022-06-21 13:53:44,271 [Listener at 127.0.0.1/34499] INFO  server.Server (Server.java:doStart(415)) - Started @80265ms
2022-06-21 13:53:44,271 [Listener at 127.0.0.1/34499] WARN  impl.MetricsSystemImpl (MetricsSystemImpl.java:register(279)) - Sink prometheus already exists!
2022-06-21 13:53:44,272 [Listener at 127.0.0.1/34499] INFO  http.BaseHttpServer (BaseHttpServer.java:updateConnectorAddress(329)) - HTTP server of hddsDatanode listening at http://0.0.0.0:34181
2022-06-21 13:53:44,274 [EndpointStateMachine task thread for /0.0.0.0:36543 - 0 ] INFO  ratis.XceiverServerRatis (XceiverServerRatis.java:getRealPort(502)) - XceiverServerRatis d57b37be-f0fe-43c7-a820-540586909dc7 is started using port 46147 for RATIS
2022-06-21 13:53:44,274 [EndpointStateMachine task thread for /0.0.0.0:36543 - 0 ] INFO  ratis.XceiverServerRatis (XceiverServerRatis.java:getRealPort(502)) - XceiverServerRatis d57b37be-f0fe-43c7-a820-540586909dc7 is started using port 46147 for RATIS_ADMIN
2022-06-21 13:53:44,274 [EndpointStateMachine task thread for /0.0.0.0:36543 - 0 ] INFO  ratis.XceiverServerRatis (XceiverServerRatis.java:getRealPort(502)) - XceiverServerRatis d57b37be-f0fe-43c7-a820-540586909dc7 is started using port 46147 for RATIS_SERVER
2022-06-21 13:53:44,274 [org.apache.ratis.util.JvmPauseMonitor$$Lambda$627/290163460@54af0a5] INFO  util.JvmPauseMonitor (JvmPauseMonitor.java:run(103)) - JvmPauseMonitor-d57b37be-f0fe-43c7-a820-540586909dc7: Started
2022-06-21 13:53:44,283 [Listener at 127.0.0.1/34499] INFO  ozone.MiniOzoneClusterImpl (MiniOzoneClusterImpl.java:lambda$waitForClusterToBeReady$0(222)) - Waiting for nodes to be ready. Got 0 of 5 DN Heartbeats.
2022-06-21 13:53:44,283 [Listener at 127.0.0.1/34499] INFO  ozone.MiniOzoneClusterImpl (MiniOzoneClusterImpl.java:lambda$waitForClusterToBeReady$0(225)) - Waiting for cluster to exit safe mode
2022-06-21 13:53:44,283 [Listener at 127.0.0.1/34499] INFO  ozone.MiniOzoneClusterImpl (MiniOzoneClusterImpl.java:lambda$waitForClusterToBeReady$0(227)) - SCM became leader
2022-06-21 13:53:44,299 [Datanode State Machine Daemon Thread] INFO  statemachine.DatanodeStateMachine (DatanodeStateMachine.java:lambda$startDaemon$0(492)) - Ozone container server started.
2022-06-21 13:53:44,334 [org.apache.hadoop.util.JvmPauseMonitor$Monitor@20581c43] INFO  util.JvmPauseMonitor (JvmPauseMonitor.java:run(188)) - Starting JVM pause monitor
2022-06-21 13:53:44,344 [EndpointStateMachine task thread for /0.0.0.0:36543 - 0 ] INFO  server.XceiverServerGrpc (XceiverServerGrpc.java:start(180)) - XceiverServerGrpc d57b37be-f0fe-43c7-a820-540586909dc7 is started using port 43085
2022-06-21 13:53:44,354 [Datanode State Machine Task Thread - 0] INFO  datanode.InitDatanodeState (InitDatanodeState.java:persistContainerDatanodeDetails(138)) - DatanodeDetails is persisted to /home/runner/work/ozone/ozone/hadoop-ozone/integration-test/target/test-dir/MiniOzoneClusterImpl-034e9286-fd65-458d-99c2-fe4308dd713a/datanode-4/meta/datanode.id
2022-06-21 13:53:44,991 [EndpointStateMachine task thread for /0.0.0.0:36543 - 0 ] INFO  volume.HddsVolume (HddsVolume.java:createDbStore(309)) - SchemaV3 db is created and loaded at /home/runner/work/ozone/ozone/hadoop-ozone/integration-test/target/test-dir/MiniOzoneClusterImpl-034e9286-fd65-458d-99c2-fe4308dd713a/datanode-2/data-0/containers/hdds/034e9286-fd65-458d-99c2-fe4308dd713a/DS-f84d64da-bc38-46d1-a772-bf21b8239177/container.db for volume DS-f84d64da-bc38-46d1-a772-bf21b8239177
2022-06-21 13:53:44,992 [EndpointStateMachine task thread for /0.0.0.0:36543 - 0 ] INFO  volume.HddsVolume (HddsVolume.java:closeDbStore(340)) - SchemaV3 db is stopped at /home/runner/work/ozone/ozone/hadoop-ozone/integration-test/target/test-dir/MiniOzoneClusterImpl-034e9286-fd65-458d-99c2-fe4308dd713a/datanode-2/data-0/containers/hdds/034e9286-fd65-458d-99c2-fe4308dd713a/DS-f84d64da-bc38-46d1-a772-bf21b8239177/container.db for volume DS-f84d64da-bc38-46d1-a772-bf21b8239177
2022-06-21 13:53:44,992 [EndpointStateMachine task thread for /0.0.0.0:36543 - 0 ] INFO  ozoneimpl.OzoneContainer (OzoneContainer.java:start(344)) - Attempting to start container services.
2022-06-21 13:53:44,992 [EndpointStateMachine task thread for /0.0.0.0:36543 - 0 ] INFO  ozoneimpl.OzoneContainer (OzoneContainer.java:startContainerScrub(279)) - Background container scanner has been disabled.
2022-06-21 13:53:45,021 [EndpointStateMachine task thread for /0.0.0.0:36543 - 0 ] INFO  replication.ReplicationServer (ReplicationServer.java:start(111)) - ReplicationServer is started using port 42435
2022-06-21 13:53:45,021 [EndpointStateMachine task thread for /0.0.0.0:36543 - 0 ] INFO  ratis.XceiverServerRatis (XceiverServerRatis.java:start(481)) - Starting XceiverServerRatis da1def5c-cec2-4abd-8fe1-fa8043868437
2022-06-21 13:53:45,029 [EndpointStateMachine task thread for /0.0.0.0:36543 - 0 ] INFO  server.RaftServer (RaftServerProxy.java:lambda$start$6(382)) - da1def5c-cec2-4abd-8fe1-fa8043868437: start RPC server
2022-06-21 13:53:45,040 [EndpointStateMachine task thread for /0.0.0.0:36543 - 0 ] INFO  server.GrpcService (GrpcService.java:startImpl(260)) - da1def5c-cec2-4abd-8fe1-fa8043868437: GrpcService started, listening on 45839
2022-06-21 13:53:45,040 [EndpointStateMachine task thread for /0.0.0.0:36543 - 0 ] INFO  ratis.XceiverServerRatis (XceiverServerRatis.java:getRealPort(502)) - XceiverServerRatis da1def5c-cec2-4abd-8fe1-fa8043868437 is started using port 45839 for RATIS
2022-06-21 13:53:45,040 [EndpointStateMachine task thread for /0.0.0.0:36543 - 0 ] INFO  ratis.XceiverServerRatis (XceiverServerRatis.java:getRealPort(502)) - XceiverServerRatis da1def5c-cec2-4abd-8fe1-fa8043868437 is started using port 45839 for RATIS_ADMIN
2022-06-21 13:53:45,040 [EndpointStateMachine task thread for /0.0.0.0:36543 - 0 ] INFO  ratis.XceiverServerRatis (XceiverServerRatis.java:getRealPort(502)) - XceiverServerRatis da1def5c-cec2-4abd-8fe1-fa8043868437 is started using port 45839 for RATIS_SERVER
2022-06-21 13:53:45,041 [org.apache.ratis.util.JvmPauseMonitor$$Lambda$627/290163460@6553c0c7] INFO  util.JvmPauseMonitor (JvmPauseMonitor.java:run(103)) - JvmPauseMonitor-da1def5c-cec2-4abd-8fe1-fa8043868437: Started
2022-06-21 13:53:45,062 [EndpointStateMachine task thread for /0.0.0.0:36543 - 0 ] INFO  server.XceiverServerGrpc (XceiverServerGrpc.java:start(180)) - XceiverServerGrpc da1def5c-cec2-4abd-8fe1-fa8043868437 is started using port 42299
2022-06-21 13:53:45,283 [Listener at 127.0.0.1/34499] INFO  ozone.MiniOzoneClusterImpl (MiniOzoneClusterImpl.java:lambda$waitForClusterToBeReady$0(222)) - Waiting for nodes to be ready. Got 0 of 5 DN Heartbeats.
2022-06-21 13:53:45,283 [Listener at 127.0.0.1/34499] INFO  ozone.MiniOzoneClusterImpl (MiniOzoneClusterImpl.java:lambda$waitForClusterToBeReady$0(225)) - Waiting for cluster to exit safe mode
2022-06-21 13:53:45,283 [Listener at 127.0.0.1/34499] INFO  ozone.MiniOzoneClusterImpl (MiniOzoneClusterImpl.java:lambda$waitForClusterToBeReady$0(227)) - SCM became leader
2022-06-21 13:53:45,423 [IPC Server handler 1 on default port 36543] INFO  net.NetworkTopologyImpl (NetworkTopologyImpl.java:add(112)) - Added a new node: /default-rack/81fc78bc-3d93-43eb-a149-ca8877d229a2
2022-06-21 13:53:45,423 [IPC Server handler 1 on default port 36543] INFO  node.SCMNodeManager (SCMNodeManager.java:register(394)) - Registered Data node : 81fc78bc-3d93-43eb-a149-ca8877d229a2{ip: 10.1.0.15, host: fv-az194-567.vahfjs35atkulmpwh5ujf4txfe.jx.internal.cloudapp.net, ports: [REPLICATION=44627, RATIS=44705, RATIS_ADMIN=44705, RATIS_SERVER=44705, STANDALONE=46361], networkLocation: /default-rack, certSerialId: null, persistedOpState: null, persistedOpStateExpiryEpochSec: 0}
2022-06-21 13:53:45,425 [EventQueue-NodeRegistrationContainerReportForContainerSafeModeRule] INFO  safemode.SCMSafeModeManager (SCMSafeModeManager.java:validateSafeModeExitRules(204)) - ContainerSafeModeRule rule is successfully validated
2022-06-21 13:53:45,441 [EventQueue-NewNodeForNewNodeHandler] INFO  pipeline.BackgroundPipelineCreator (BackgroundPipelineCreator.java:notifyEventTriggered(272)) - trigger a one-shot run on RatisPipelineUtilsThread.
2022-06-21 13:53:45,441 [RatisPipelineUtilsThread - 0] INFO  pipeline.RatisPipelineProvider (RatisPipelineProvider.java:lambda$create$0(195)) - Sending CreatePipelineCommand for pipeline:PipelineID=2d1064b3-5ed5-4a4e-8af6-bd88a702d69d to datanode:81fc78bc-3d93-43eb-a149-ca8877d229a2
2022-06-21 13:53:45,451 [EventQueue-NodeRegistrationContainerReportForDataNodeSafeModeRule] INFO  safemode.SCMSafeModeManager (DataNodeSafeModeRule.java:process(71)) - SCM in safe mode. 1 DataNodes registered, 3 required.
2022-06-21 13:53:45,451 [EventQueue-PipelineReportForOneReplicaPipelineSafeModeRule] INFO  safemode.SCMSafeModeManager (SCMSafeModeManager.java:validateSafeModeExitRules(204)) - AtleastOneDatanodeReportedRule rule is successfully validated
2022-06-21 13:53:45,455 [RatisPipelineUtilsThread - 0] INFO  pipeline.PipelineStateManagerImpl (PipelineStateManagerImpl.java:addPipeline(101)) - Created pipeline Pipeline[ Id: 2d1064b3-5ed5-4a4e-8af6-bd88a702d69d, Nodes: 81fc78bc-3d93-43eb-a149-ca8877d229a2{ip: 10.1.0.15, host: fv-az194-567.vahfjs35atkulmpwh5ujf4txfe.jx.internal.cloudapp.net, ports: [REPLICATION=44627, RATIS=44705, RATIS_ADMIN=44705, RATIS_SERVER=44705, STANDALONE=46361], networkLocation: /default-rack, certSerialId: null, persistedOpState: IN_SERVICE, persistedOpStateExpiryEpochSec: 0}, ReplicationConfig: RATIS/ONE, State:ALLOCATED, leaderId:, CreationTimestamp2022-06-21T13:53:45.441Z[Etc/UTC]].
2022-06-21 13:53:45,639 [EndpointStateMachine task thread for /0.0.0.0:36543 - 0 ] INFO  volume.HddsVolume (HddsVolume.java:createDbStore(309)) - SchemaV3 db is created and loaded at /home/runner/work/ozone/ozone/hadoop-ozone/integration-test/target/test-dir/MiniOzoneClusterImpl-034e9286-fd65-458d-99c2-fe4308dd713a/datanode-3/data-0/containers/hdds/034e9286-fd65-458d-99c2-fe4308dd713a/DS-b7b9ee0e-1530-45dc-bfa6-ee7628839835/container.db for volume DS-b7b9ee0e-1530-45dc-bfa6-ee7628839835
2022-06-21 13:53:45,640 [EndpointStateMachine task thread for /0.0.0.0:36543 - 0 ] INFO  volume.HddsVolume (HddsVolume.java:closeDbStore(340)) - SchemaV3 db is stopped at /home/runner/work/ozone/ozone/hadoop-ozone/integration-test/target/test-dir/MiniOzoneClusterImpl-034e9286-fd65-458d-99c2-fe4308dd713a/datanode-3/data-0/containers/hdds/034e9286-fd65-458d-99c2-fe4308dd713a/DS-b7b9ee0e-1530-45dc-bfa6-ee7628839835/container.db for volume DS-b7b9ee0e-1530-45dc-bfa6-ee7628839835
2022-06-21 13:53:45,640 [EndpointStateMachine task thread for /0.0.0.0:36543 - 0 ] INFO  ozoneimpl.OzoneContainer (OzoneContainer.java:start(344)) - Attempting to start container services.
2022-06-21 13:53:45,640 [EndpointStateMachine task thread for /0.0.0.0:36543 - 0 ] INFO  ozoneimpl.OzoneContainer (OzoneContainer.java:startContainerScrub(279)) - Background container scanner has been disabled.
2022-06-21 13:53:45,658 [EndpointStateMachine task thread for /0.0.0.0:36543 - 0 ] INFO  replication.ReplicationServer (ReplicationServer.java:start(111)) - ReplicationServer is started using port 35519
2022-06-21 13:53:45,663 [EndpointStateMachine task thread for /0.0.0.0:36543 - 0 ] INFO  ratis.XceiverServerRatis (XceiverServerRatis.java:start(481)) - Starting XceiverServerRatis 17ea812a-a858-40de-b252-af3db1058d73
2022-06-21 13:53:45,663 [EndpointStateMachine task thread for /0.0.0.0:36543 - 0 ] INFO  server.RaftServer (RaftServerProxy.java:lambda$start$6(382)) - 17ea812a-a858-40de-b252-af3db1058d73: start RPC server
2022-06-21 13:53:45,668 [EndpointStateMachine task thread for /0.0.0.0:36543 - 0 ] INFO  server.GrpcService (GrpcService.java:startImpl(260)) - 17ea812a-a858-40de-b252-af3db1058d73: GrpcService started, listening on 45467
2022-06-21 13:53:45,668 [EndpointStateMachine task thread for /0.0.0.0:36543 - 0 ] INFO  ratis.XceiverServerRatis (XceiverServerRatis.java:getRealPort(502)) - XceiverServerRatis 17ea812a-a858-40de-b252-af3db1058d73 is started using port 45467 for RATIS
2022-06-21 13:53:45,668 [EndpointStateMachine task thread for /0.0.0.0:36543 - 0 ] INFO  ratis.XceiverServerRatis (XceiverServerRatis.java:getRealPort(502)) - XceiverServerRatis 17ea812a-a858-40de-b252-af3db1058d73 is started using port 45467 for RATIS_ADMIN
2022-06-21 13:53:45,668 [org.apache.ratis.util.JvmPauseMonitor$$Lambda$627/290163460@3ba795c2] INFO  util.JvmPauseMonitor (JvmPauseMonitor.java:run(103)) - JvmPauseMonitor-17ea812a-a858-40de-b252-af3db1058d73: Started
2022-06-21 13:53:45,668 [EndpointStateMachine task thread for /0.0.0.0:36543 - 0 ] INFO  ratis.XceiverServerRatis (XceiverServerRatis.java:getRealPort(502)) - XceiverServerRatis 17ea812a-a858-40de-b252-af3db1058d73 is started using port 45467 for RATIS_SERVER
2022-06-21 13:53:45,712 [EndpointStateMachine task thread for /0.0.0.0:36543 - 0 ] INFO  server.XceiverServerGrpc (XceiverServerGrpc.java:start(180)) - XceiverServerGrpc 17ea812a-a858-40de-b252-af3db1058d73 is started using port 43219
2022-06-21 13:53:46,092 [IPC Server handler 1 on default port 36543] INFO  net.NetworkTopologyImpl (NetworkTopologyImpl.java:add(112)) - Added a new node: /default-rack/d57b37be-f0fe-43c7-a820-540586909dc7
2022-06-21 13:53:46,092 [IPC Server handler 1 on default port 36543] INFO  node.SCMNodeManager (SCMNodeManager.java:register(394)) - Registered Data node : d57b37be-f0fe-43c7-a820-540586909dc7{ip: 10.1.0.15, host: fv-az194-567.vahfjs35atkulmpwh5ujf4txfe.jx.internal.cloudapp.net, ports: [REPLICATION=45065, RATIS=46147, RATIS_ADMIN=46147, RATIS_SERVER=46147, STANDALONE=43085], networkLocation: /default-rack, certSerialId: null, persistedOpState: null, persistedOpStateExpiryEpochSec: 0}
2022-06-21 13:53:46,092 [EventQueue-NewNodeForNewNodeHandler] INFO  pipeline.BackgroundPipelineCreator (BackgroundPipelineCreator.java:notifyEventTriggered(272)) - trigger a one-shot run on RatisPipelineUtilsThread.
2022-06-21 13:53:46,092 [EventQueue-NodeRegistrationContainerReportForDataNodeSafeModeRule] INFO  safemode.SCMSafeModeManager (DataNodeSafeModeRule.java:process(71)) - SCM in safe mode. 2 DataNodes registered, 3 required.
2022-06-21 13:53:46,106 [RatisPipelineUtilsThread - 0] INFO  pipeline.RatisPipelineProvider (RatisPipelineProvider.java:lambda$create$0(195)) - Sending CreatePipelineCommand for pipeline:PipelineID=d126f60f-57bd-45b0-a423-bf1e830388f9 to datanode:d57b37be-f0fe-43c7-a820-540586909dc7
2022-06-21 13:53:46,106 [RatisPipelineUtilsThread - 0] INFO  pipeline.PipelineStateManagerImpl (PipelineStateManagerImpl.java:addPipeline(101)) - Created pipeline Pipeline[ Id: d126f60f-57bd-45b0-a423-bf1e830388f9, Nodes: d57b37be-f0fe-43c7-a820-540586909dc7{ip: 10.1.0.15, host: fv-az194-567.vahfjs35atkulmpwh5ujf4txfe.jx.internal.cloudapp.net, ports: [REPLICATION=45065, RATIS=46147, RATIS_ADMIN=46147, RATIS_SERVER=46147, STANDALONE=43085], networkLocation: /default-rack, certSerialId: null, persistedOpState: IN_SERVICE, persistedOpStateExpiryEpochSec: 0}, ReplicationConfig: RATIS/ONE, State:ALLOCATED, leaderId:, CreationTimestamp2022-06-21T13:53:46.106Z[Etc/UTC]].
2022-06-21 13:53:46,283 [Listener at 127.0.0.1/34499] INFO  ozone.MiniOzoneClusterImpl (MiniOzoneClusterImpl.java:lambda$waitForClusterToBeReady$0(222)) - Waiting for nodes to be ready. Got 2 of 5 DN Heartbeats.
2022-06-21 13:53:46,284 [Listener at 127.0.0.1/34499] INFO  ozone.MiniOzoneClusterImpl (MiniOzoneClusterImpl.java:lambda$waitForClusterToBeReady$0(225)) - Waiting for cluster to exit safe mode
2022-06-21 13:53:46,284 [Listener at 127.0.0.1/34499] INFO  ozone.MiniOzoneClusterImpl (MiniOzoneClusterImpl.java:lambda$waitForClusterToBeReady$0(227)) - SCM became leader
2022-06-21 13:53:46,419 [EndpointStateMachine task thread for /0.0.0.0:36543 - 0 ] INFO  volume.HddsVolume (HddsVolume.java:createDbStore(309)) - SchemaV3 db is created and loaded at /home/runner/work/ozone/ozone/hadoop-ozone/integration-test/target/test-dir/MiniOzoneClusterImpl-034e9286-fd65-458d-99c2-fe4308dd713a/datanode-4/data-0/containers/hdds/034e9286-fd65-458d-99c2-fe4308dd713a/DS-def32549-74be-42f7-b02b-34a20c7714c5/container.db for volume DS-def32549-74be-42f7-b02b-34a20c7714c5
2022-06-21 13:53:46,433 [EndpointStateMachine task thread for /0.0.0.0:36543 - 0 ] INFO  volume.HddsVolume (HddsVolume.java:closeDbStore(340)) - SchemaV3 db is stopped at /home/runner/work/ozone/ozone/hadoop-ozone/integration-test/target/test-dir/MiniOzoneClusterImpl-034e9286-fd65-458d-99c2-fe4308dd713a/datanode-4/data-0/containers/hdds/034e9286-fd65-458d-99c2-fe4308dd713a/DS-def32549-74be-42f7-b02b-34a20c7714c5/container.db for volume DS-def32549-74be-42f7-b02b-34a20c7714c5
2022-06-21 13:53:46,433 [EndpointStateMachine task thread for /0.0.0.0:36543 - 0 ] INFO  ozoneimpl.OzoneContainer (OzoneContainer.java:start(344)) - Attempting to start container services.
2022-06-21 13:53:46,433 [EndpointStateMachine task thread for /0.0.0.0:36543 - 0 ] INFO  ozoneimpl.OzoneContainer (OzoneContainer.java:startContainerScrub(279)) - Background container scanner has been disabled.
2022-06-21 13:53:46,466 [EndpointStateMachine task thread for /0.0.0.0:36543 - 0 ] INFO  replication.ReplicationServer (ReplicationServer.java:start(111)) - ReplicationServer is started using port 38031
2022-06-21 13:53:46,471 [EndpointStateMachine task thread for /0.0.0.0:36543 - 0 ] INFO  ratis.XceiverServerRatis (XceiverServerRatis.java:start(481)) - Starting XceiverServerRatis 180d6f1c-5c2b-4c1e-a1bc-902f2625267f
2022-06-21 13:53:46,473 [EndpointStateMachine task thread for /0.0.0.0:36543 - 0 ] INFO  server.RaftServer (RaftServerProxy.java:lambda$start$6(382)) - 180d6f1c-5c2b-4c1e-a1bc-902f2625267f: start RPC server
2022-06-21 13:53:46,481 [EndpointStateMachine task thread for /0.0.0.0:36543 - 0 ] INFO  server.GrpcService (GrpcService.java:startImpl(260)) - 180d6f1c-5c2b-4c1e-a1bc-902f2625267f: GrpcService started, listening on 38173
2022-06-21 13:53:46,490 [EndpointStateMachine task thread for /0.0.0.0:36543 - 0 ] INFO  ratis.XceiverServerRatis (XceiverServerRatis.java:getRealPort(502)) - XceiverServerRatis 180d6f1c-5c2b-4c1e-a1bc-902f2625267f is started using port 38173 for RATIS
2022-06-21 13:53:46,490 [org.apache.ratis.util.JvmPauseMonitor$$Lambda$627/290163460@45888924] INFO  util.JvmPauseMonitor (JvmPauseMonitor.java:run(103)) - JvmPauseMonitor-180d6f1c-5c2b-4c1e-a1bc-902f2625267f: Started
2022-06-21 13:53:46,491 [EndpointStateMachine task thread for /0.0.0.0:36543 - 0 ] INFO  ratis.XceiverServerRatis (XceiverServerRatis.java:getRealPort(502)) - XceiverServerRatis 180d6f1c-5c2b-4c1e-a1bc-902f2625267f is started using port 38173 for RATIS_ADMIN
2022-06-21 13:53:46,497 [EndpointStateMachine task thread for /0.0.0.0:36543 - 0 ] INFO  ratis.XceiverServerRatis (XceiverServerRatis.java:getRealPort(502)) - XceiverServerRatis 180d6f1c-5c2b-4c1e-a1bc-902f2625267f is started using port 38173 for RATIS_SERVER
2022-06-21 13:53:46,543 [EndpointStateMachine task thread for /0.0.0.0:36543 - 0 ] INFO  server.XceiverServerGrpc (XceiverServerGrpc.java:start(180)) - XceiverServerGrpc 180d6f1c-5c2b-4c1e-a1bc-902f2625267f is started using port 34193
2022-06-21 13:53:46,909 [IPC Server handler 0 on default port 36543] INFO  net.NetworkTopologyImpl (NetworkTopologyImpl.java:add(112)) - Added a new node: /default-rack/da1def5c-cec2-4abd-8fe1-fa8043868437
2022-06-21 13:53:46,909 [IPC Server handler 0 on default port 36543] INFO  node.SCMNodeManager (SCMNodeManager.java:register(394)) - Registered Data node : da1def5c-cec2-4abd-8fe1-fa8043868437{ip: 10.1.0.15, host: fv-az194-567.vahfjs35atkulmpwh5ujf4txfe.jx.internal.cloudapp.net, ports: [REPLICATION=42435, RATIS=45839, RATIS_ADMIN=45839, RATIS_SERVER=45839, STANDALONE=42299], networkLocation: /default-rack, certSerialId: null, persistedOpState: null, persistedOpStateExpiryEpochSec: 0}
2022-06-21 13:53:46,909 [EventQueue-NewNodeForNewNodeHandler] INFO  pipeline.BackgroundPipelineCreator (BackgroundPipelineCreator.java:notifyEventTriggered(272)) - trigger a one-shot run on RatisPipelineUtilsThread.
2022-06-21 13:53:46,910 [RatisPipelineUtilsThread - 0] INFO  pipeline.RatisPipelineProvider (RatisPipelineProvider.java:lambda$create$0(195)) - Sending CreatePipelineCommand for pipeline:PipelineID=2ed6b8d1-976f-427d-a0b9-3a0dcb9bb53c to datanode:da1def5c-cec2-4abd-8fe1-fa8043868437
2022-06-21 13:53:46,910 [EventQueue-NodeRegistrationContainerReportForDataNodeSafeModeRule] INFO  safemode.SCMSafeModeManager (DataNodeSafeModeRule.java:process(71)) - SCM in safe mode. 3 DataNodes registered, 3 required.
2022-06-21 13:53:46,910 [EventQueue-NodeRegistrationContainerReportForDataNodeSafeModeRule] INFO  safemode.SCMSafeModeManager (SCMSafeModeManager.java:validateSafeModeExitRules(204)) - DataNodeSafeModeRule rule is successfully validated
2022-06-21 13:53:46,910 [EventQueue-NodeRegistrationContainerReportForDataNodeSafeModeRule] INFO  safemode.SCMSafeModeManager (SCMSafeModeManager.java:completePreCheck(233)) - All SCM safe mode pre check rules have passed
2022-06-21 13:53:46,910 [EventQueue-NodeRegistrationContainerReportForDataNodeSafeModeRule] WARN  events.EventQueue (EventQueue.java:fireEvent(194)) - No event handler registered for event TypedEvent{payloadType=SafeModeStatus, name='Safe mode status'}
2022-06-21 13:53:46,910 [EventQueue-NodeRegistrationContainerReportForDataNodeSafeModeRule] INFO  ha.SCMContext (SCMContext.java:updateSafeModeStatus(228)) - Update SafeModeStatus from SafeModeStatus{safeModeStatus=true, preCheckPassed=false} to SafeModeStatus{safeModeStatus=true, preCheckPassed=true}.
2022-06-21 13:53:46,910 [EventQueue-NodeRegistrationContainerReportForDataNodeSafeModeRule] INFO  pipeline.BackgroundPipelineCreator (BackgroundPipelineCreator.java:notifyEventTriggered(272)) - trigger a one-shot run on RatisPipelineUtilsThread.
2022-06-21 13:53:46,910 [RatisPipelineUtilsThread - 0] INFO  pipeline.PipelineStateManagerImpl (PipelineStateManagerImpl.java:addPipeline(101)) - Created pipeline Pipeline[ Id: 2ed6b8d1-976f-427d-a0b9-3a0dcb9bb53c, Nodes: da1def5c-cec2-4abd-8fe1-fa8043868437{ip: 10.1.0.15, host: fv-az194-567.vahfjs35atkulmpwh5ujf4txfe.jx.internal.cloudapp.net, ports: [REPLICATION=42435, RATIS=45839, RATIS_ADMIN=45839, RATIS_SERVER=45839, STANDALONE=42299], networkLocation: /default-rack, certSerialId: null, persistedOpState: IN_SERVICE, persistedOpStateExpiryEpochSec: 0}, ReplicationConfig: RATIS/ONE, State:ALLOCATED, leaderId:, CreationTimestamp2022-06-21T13:53:46.910Z[Etc/UTC]].
2022-06-21 13:53:46,911 [RatisPipelineUtilsThread - 0] INFO  pipeline.RatisPipelineProvider (RatisPipelineProvider.java:lambda$create$0(195)) - Sending CreatePipelineCommand for pipeline:PipelineID=57cec808-fb5e-4883-b3a4-8dfc9e4944c0 to datanode:81fc78bc-3d93-43eb-a149-ca8877d229a2
2022-06-21 13:53:46,911 [RatisPipelineUtilsThread - 0] INFO  pipeline.RatisPipelineProvider (RatisPipelineProvider.java:lambda$create$0(195)) - Sending CreatePipelineCommand for pipeline:PipelineID=57cec808-fb5e-4883-b3a4-8dfc9e4944c0 to datanode:d57b37be-f0fe-43c7-a820-540586909dc7
2022-06-21 13:53:46,911 [RatisPipelineUtilsThread - 0] INFO  pipeline.RatisPipelineProvider (RatisPipelineProvider.java:lambda$create$0(195)) - Sending CreatePipelineCommand for pipeline:PipelineID=57cec808-fb5e-4883-b3a4-8dfc9e4944c0 to datanode:da1def5c-cec2-4abd-8fe1-fa8043868437
2022-06-21 13:53:46,911 [RatisPipelineUtilsThread - 0] INFO  pipeline.PipelineStateManagerImpl (PipelineStateManagerImpl.java:addPipeline(101)) - Created pipeline Pipeline[ Id: 57cec808-fb5e-4883-b3a4-8dfc9e4944c0, Nodes: 81fc78bc-3d93-43eb-a149-ca8877d229a2{ip: 10.1.0.15, host: fv-az194-567.vahfjs35atkulmpwh5ujf4txfe.jx.internal.cloudapp.net, ports: [REPLICATION=44627, RATIS=44705, RATIS_ADMIN=44705, RATIS_SERVER=44705, STANDALONE=46361], networkLocation: /default-rack, certSerialId: null, persistedOpState: IN_SERVICE, persistedOpStateExpiryEpochSec: 0}d57b37be-f0fe-43c7-a820-540586909dc7{ip: 10.1.0.15, host: fv-az194-567.vahfjs35atkulmpwh5ujf4txfe.jx.internal.cloudapp.net, ports: [REPLICATION=45065, RATIS=46147, RATIS_ADMIN=46147, RATIS_SERVER=46147, STANDALONE=43085], networkLocation: /default-rack, certSerialId: null, persistedOpState: IN_SERVICE, persistedOpStateExpiryEpochSec: 0}da1def5c-cec2-4abd-8fe1-fa8043868437{ip: 10.1.0.15, host: fv-az194-567.vahfjs35atkulmpwh5ujf4txfe.jx.internal.cloudapp.net, ports: [REPLICATION=42435, RATIS=45839, RATIS_ADMIN=45839, RATIS_SERVER=45839, STANDALONE=42299], networkLocation: /default-rack, certSerialId: null, persistedOpState: IN_SERVICE, persistedOpStateExpiryEpochSec: 0}, ReplicationConfig: RATIS/THREE, State:ALLOCATED, leaderId:, CreationTimestamp2022-06-21T13:53:46.911Z[Etc/UTC]].
2022-06-21 13:53:46,912 [RatisPipelineUtilsThread - 0] INFO  pipeline.RatisPipelineProvider (RatisPipelineProvider.java:lambda$create$0(195)) - Sending CreatePipelineCommand for pipeline:PipelineID=1591b29d-177a-435d-942b-a3dc51ec3215 to datanode:81fc78bc-3d93-43eb-a149-ca8877d229a2
2022-06-21 13:53:46,912 [RatisPipelineUtilsThread - 0] INFO  pipeline.RatisPipelineProvider (RatisPipelineProvider.java:lambda$create$0(195)) - Sending CreatePipelineCommand for pipeline:PipelineID=1591b29d-177a-435d-942b-a3dc51ec3215 to datanode:d57b37be-f0fe-43c7-a820-540586909dc7
2022-06-21 13:53:46,912 [RatisPipelineUtilsThread - 0] INFO  pipeline.RatisPipelineProvider (RatisPipelineProvider.java:lambda$create$0(195)) - Sending CreatePipelineCommand for pipeline:PipelineID=1591b29d-177a-435d-942b-a3dc51ec3215 to datanode:da1def5c-cec2-4abd-8fe1-fa8043868437
2022-06-21 13:53:46,912 [RatisPipelineUtilsThread - 0] INFO  pipeline.PipelineStateManagerImpl (PipelineStateManagerImpl.java:addPipeline(101)) - Created pipeline Pipeline[ Id: 1591b29d-177a-435d-942b-a3dc51ec3215, Nodes: 81fc78bc-3d93-43eb-a149-ca8877d229a2{ip: 10.1.0.15, host: fv-az194-567.vahfjs35atkulmpwh5ujf4txfe.jx.internal.cloudapp.net, ports: [REPLICATION=44627, RATIS=44705, RATIS_ADMIN=44705, RATIS_SERVER=44705, STANDALONE=46361], networkLocation: /default-rack, certSerialId: null, persistedOpState: IN_SERVICE, persistedOpStateExpiryEpochSec: 0}d57b37be-f0fe-43c7-a820-540586909dc7{ip: 10.1.0.15, host: fv-az194-567.vahfjs35atkulmpwh5ujf4txfe.jx.internal.cloudapp.net, ports: [REPLICATION=45065, RATIS=46147, RATIS_ADMIN=46147, RATIS_SERVER=46147, STANDALONE=43085], networkLocation: /default-rack, certSerialId: null, persistedOpState: IN_SERVICE, persistedOpStateExpiryEpochSec: 0}da1def5c-cec2-4abd-8fe1-fa8043868437{ip: 10.1.0.15, host: fv-az194-567.vahfjs35atkulmpwh5ujf4txfe.jx.internal.cloudapp.net, ports: [REPLICATION=42435, RATIS=45839, RATIS_ADMIN=45839, RATIS_SERVER=45839, STANDALONE=42299], networkLocation: /default-rack, certSerialId: null, persistedOpState: IN_SERVICE, persistedOpStateExpiryEpochSec: 0}, ReplicationConfig: RATIS/THREE, State:ALLOCATED, leaderId:, CreationTimestamp2022-06-21T13:53:46.912Z[Etc/UTC]].
2022-06-21 13:53:46,912 [RatisPipelineUtilsThread - 0] INFO  pipeline.PipelineManagerImpl (PipelineManagerImpl.java:recordMetricsForPipeline(715)) - Pipeline: PipelineID=1591b29d-177a-435d-942b-a3dc51ec3215 contains same datanodes as previous pipelines: PipelineID=57cec808-fb5e-4883-b3a4-8dfc9e4944c0 nodeIds: 81fc78bc-3d93-43eb-a149-ca8877d229a2, d57b37be-f0fe-43c7-a820-540586909dc7, da1def5c-cec2-4abd-8fe1-fa8043868437
2022-06-21 13:53:47,284 [Listener at 127.0.0.1/34499] INFO  ozone.MiniOzoneClusterImpl (MiniOzoneClusterImpl.java:lambda$waitForClusterToBeReady$0(222)) - Waiting for nodes to be ready. Got 3 of 5 DN Heartbeats.
2022-06-21 13:53:47,294 [Listener at 127.0.0.1/34499] INFO  ozone.MiniOzoneClusterImpl (MiniOzoneClusterImpl.java:lambda$waitForClusterToBeReady$0(225)) - Waiting for cluster to exit safe mode
2022-06-21 13:53:47,294 [Listener at 127.0.0.1/34499] INFO  ozone.MiniOzoneClusterImpl (MiniOzoneClusterImpl.java:lambda$waitForClusterToBeReady$0(227)) - SCM became leader
2022-06-21 13:53:47,562 [IPC Server handler 19 on default port 36543] INFO  net.NetworkTopologyImpl (NetworkTopologyImpl.java:add(112)) - Added a new node: /default-rack/17ea812a-a858-40de-b252-af3db1058d73
2022-06-21 13:53:47,563 [IPC Server handler 19 on default port 36543] INFO  node.SCMNodeManager (SCMNodeManager.java:register(394)) - Registered Data node : 17ea812a-a858-40de-b252-af3db1058d73{ip: 10.1.0.15, host: fv-az194-567.vahfjs35atkulmpwh5ujf4txfe.jx.internal.cloudapp.net, ports: [REPLICATION=35519, RATIS=45467, RATIS_ADMIN=45467, RATIS_SERVER=45467, STANDALONE=43219], networkLocation: /default-rack, certSerialId: null, persistedOpState: null, persistedOpStateExpiryEpochSec: 0}
2022-06-21 13:53:47,563 [EventQueue-NewNodeForNewNodeHandler] INFO  pipeline.BackgroundPipelineCreator (BackgroundPipelineCreator.java:notifyEventTriggered(272)) - trigger a one-shot run on RatisPipelineUtilsThread.
2022-06-21 13:53:47,564 [RatisPipelineUtilsThread - 0] INFO  pipeline.RatisPipelineProvider (RatisPipelineProvider.java:lambda$create$0(195)) - Sending CreatePipelineCommand for pipeline:PipelineID=08b007a8-17d7-4620-8422-31a39dbd2754 to datanode:17ea812a-a858-40de-b252-af3db1058d73
2022-06-21 13:53:47,564 [RatisPipelineUtilsThread - 0] INFO  pipeline.PipelineStateManagerImpl (PipelineStateManagerImpl.java:addPipeline(101)) - Created pipeline Pipeline[ Id: 08b007a8-17d7-4620-8422-31a39dbd2754, Nodes: 17ea812a-a858-40de-b252-af3db1058d73{ip: 10.1.0.15, host: fv-az194-567.vahfjs35atkulmpwh5ujf4txfe.jx.internal.cloudapp.net, ports: [REPLICATION=35519, RATIS=45467, RATIS_ADMIN=45467, RATIS_SERVER=45467, STANDALONE=43219], networkLocation: /default-rack, certSerialId: null, persistedOpState: IN_SERVICE, persistedOpStateExpiryEpochSec: 0}, ReplicationConfig: RATIS/ONE, State:ALLOCATED, leaderId:, CreationTimestamp2022-06-21T13:53:47.564Z[Etc/UTC]].
2022-06-21 13:53:48,294 [Listener at 127.0.0.1/34499] INFO  ozone.MiniOzoneClusterImpl (MiniOzoneClusterImpl.java:lambda$waitForClusterToBeReady$0(222)) - Waiting for nodes to be ready. Got 4 of 5 DN Heartbeats.
2022-06-21 13:53:48,294 [Listener at 127.0.0.1/34499] INFO  ozone.MiniOzoneClusterImpl (MiniOzoneClusterImpl.java:lambda$waitForClusterToBeReady$0(225)) - Waiting for cluster to exit safe mode
2022-06-21 13:53:48,294 [Listener at 127.0.0.1/34499] INFO  ozone.MiniOzoneClusterImpl (MiniOzoneClusterImpl.java:lambda$waitForClusterToBeReady$0(227)) - SCM became leader
2022-06-21 13:53:48,347 [IPC Server handler 2 on default port 36543] INFO  net.NetworkTopologyImpl (NetworkTopologyImpl.java:add(112)) - Added a new node: /default-rack/180d6f1c-5c2b-4c1e-a1bc-902f2625267f
2022-06-21 13:53:48,348 [IPC Server handler 2 on default port 36543] INFO  node.SCMNodeManager (SCMNodeManager.java:register(394)) - Registered Data node : 180d6f1c-5c2b-4c1e-a1bc-902f2625267f{ip: 10.1.0.15, host: fv-az194-567.vahfjs35atkulmpwh5ujf4txfe.jx.internal.cloudapp.net, ports: [REPLICATION=38031, RATIS=38173, RATIS_ADMIN=38173, RATIS_SERVER=38173, STANDALONE=34193], networkLocation: /default-rack, certSerialId: null, persistedOpState: null, persistedOpStateExpiryEpochSec: 0}
2022-06-21 13:53:48,348 [EventQueue-NewNodeForNewNodeHandler] INFO  pipeline.BackgroundPipelineCreator (BackgroundPipelineCreator.java:notifyEventTriggered(272)) - trigger a one-shot run on RatisPipelineUtilsThread.
2022-06-21 13:53:48,348 [RatisPipelineUtilsThread - 0] INFO  pipeline.RatisPipelineProvider (RatisPipelineProvider.java:lambda$create$0(195)) - Sending CreatePipelineCommand for pipeline:PipelineID=1323396a-528d-4257-9d16-ea7b0534f32e to datanode:180d6f1c-5c2b-4c1e-a1bc-902f2625267f
2022-06-21 13:53:48,349 [RatisPipelineUtilsThread - 0] INFO  pipeline.PipelineStateManagerImpl (PipelineStateManagerImpl.java:addPipeline(101)) - Created pipeline Pipeline[ Id: 1323396a-528d-4257-9d16-ea7b0534f32e, Nodes: 180d6f1c-5c2b-4c1e-a1bc-902f2625267f{ip: 10.1.0.15, host: fv-az194-567.vahfjs35atkulmpwh5ujf4txfe.jx.internal.cloudapp.net, ports: [REPLICATION=38031, RATIS=38173, RATIS_ADMIN=38173, RATIS_SERVER=38173, STANDALONE=34193], networkLocation: /default-rack, certSerialId: null, persistedOpState: IN_SERVICE, persistedOpStateExpiryEpochSec: 0}, ReplicationConfig: RATIS/ONE, State:ALLOCATED, leaderId:, CreationTimestamp2022-06-21T13:53:48.348Z[Etc/UTC]].
2022-06-21 13:53:48,422 [Command processor thread] INFO  server.RaftServer (RaftServerProxy.java:addNew(96)) - 81fc78bc-3d93-43eb-a149-ca8877d229a2: addNew group-BD88A702D69D:[81fc78bc-3d93-43eb-a149-ca8877d229a2|rpc:10.1.0.15:44705|priority:1] returns group-BD88A702D69D:java.util.concurrent.CompletableFuture@66fd40d9[Not completed]
2022-06-21 13:53:48,427 [pool-312-thread-1] INFO  server.RaftServer$Division (RaftServerImpl.java:<init>(190)) - 81fc78bc-3d93-43eb-a149-ca8877d229a2: new RaftServerImpl for group-BD88A702D69D:[81fc78bc-3d93-43eb-a149-ca8877d229a2|rpc:10.1.0.15:44705|priority:1] with ContainerStateMachine:uninitialized
2022-06-21 13:53:48,438 [pool-312-thread-1] INFO  server.RaftServerConfigKeys (ConfUtils.java:logGet(46)) - raft.server.rpc.timeout.min = 5s (custom)
2022-06-21 13:53:48,439 [pool-312-thread-1] INFO  server.RaftServerConfigKeys (ConfUtils.java:logGet(46)) - raft.server.rpc.timeout.max = 5200ms (custom)
2022-06-21 13:53:48,439 [pool-312-thread-1] INFO  server.RaftServerConfigKeys (ConfUtils.java:logGet(46)) - raft.server.rpc.sleep.time = 25ms (default)
2022-06-21 13:53:48,442 [pool-312-thread-1] INFO  server.RaftServerConfigKeys (ConfUtils.java:logGet(46)) - raft.server.rpc.slowness.timeout = 300s (custom)
2022-06-21 13:53:48,442 [pool-312-thread-1] INFO  server.RaftServerConfigKeys (ConfUtils.java:logGet(46)) - raft.server.leaderelection.leader.step-down.wait-time = 10s (default)
2022-06-21 13:53:48,442 [pool-312-thread-1] INFO  server.RaftServerConfigKeys (ConfUtils.java:logGet(46)) - raft.server.sleep.deviation.threshold = 300ms (default)
2022-06-21 13:53:48,442 [pool-312-thread-1] INFO  server.RaftServer$Division (ServerState.java:<init>(107)) - 81fc78bc-3d93-43eb-a149-ca8877d229a2@group-BD88A702D69D: ConfigurationManager, init=-1: [81fc78bc-3d93-43eb-a149-ca8877d229a2|rpc:10.1.0.15:44705|priority:1], old=null, confs=<EMPTY_MAP>
2022-06-21 13:53:48,442 [pool-312-thread-1] INFO  server.RaftServerConfigKeys (ConfUtils.java:logGet(46)) - raft.server.storage.dir = [/home/runner/work/ozone/ozone/hadoop-ozone/integration-test/target/test-dir/MiniOzoneClusterImpl-034e9286-fd65-458d-99c2-fe4308dd713a/datanode-0/data/ratis] (custom)
2022-06-21 13:53:48,442 [pool-312-thread-1] INFO  server.RaftServerConfigKeys (ConfUtils.java:logGet(46)) - raft.server.log.corruption.policy = EXCEPTION (default)
2022-06-21 13:53:48,442 [pool-312-thread-1] INFO  server.RaftServerConfigKeys (ConfUtils.java:logGet(46)) - raft.server.storage.free-space.min = 0MB (=0) (default)
2022-06-21 13:53:48,443 [pool-312-thread-1] INFO  storage.RaftStorageDirectory (RaftStorageDirectoryImpl.java:analyzeStorage(135)) - The storage directory /home/runner/work/ozone/ozone/hadoop-ozone/integration-test/target/test-dir/MiniOzoneClusterImpl-034e9286-fd65-458d-99c2-fe4308dd713a/datanode-0/data/ratis/2d1064b3-5ed5-4a4e-8af6-bd88a702d69d does not exist. Creating ...
2022-06-21 13:53:48,444 [pool-312-thread-1] INFO  storage.RaftStorageDirectory (RaftStorageDirectoryImpl.java:tryLock(230)) - Lock on /home/runner/work/ozone/ozone/hadoop-ozone/integration-test/target/test-dir/MiniOzoneClusterImpl-034e9286-fd65-458d-99c2-fe4308dd713a/datanode-0/data/ratis/2d1064b3-5ed5-4a4e-8af6-bd88a702d69d/in_use.lock acquired by nodename 17605@fv-az194-567
2022-06-21 13:53:48,446 [pool-312-thread-1] INFO  storage.RaftStorage (RaftStorageImpl.java:format(89)) - Storage directory /home/runner/work/ozone/ozone/hadoop-ozone/integration-test/target/test-dir/MiniOzoneClusterImpl-034e9286-fd65-458d-99c2-fe4308dd713a/datanode-0/data/ratis/2d1064b3-5ed5-4a4e-8af6-bd88a702d69d has been successfully formatted.
2022-06-21 13:53:48,455 [pool-312-thread-1] INFO  ratis.ContainerStateMachine (ContainerStateMachine.java:loadSnapshot(236)) - group-BD88A702D69D: The snapshot info is null. Setting the last applied indexto:(t:0, i:~)
2022-06-21 13:53:48,455 [pool-312-thread-1] INFO  server.RaftServerConfigKeys (ConfUtils.java:logGet(46)) - raft.server.notification.no-leader.timeout = 300s (custom)
2022-06-21 13:53:48,455 [pool-312-thread-1] INFO  server.RaftServerConfigKeys (ConfUtils.java:logGet(46)) - raft.server.log.use.memory = false (default)
2022-06-21 13:53:48,455 [pool-312-thread-1] INFO  server.RaftServerConfigKeys (ConfUtils.java:logGet(46)) - raft.server.log.purge.gap = 1000000 (custom)
2022-06-21 13:53:48,455 [pool-312-thread-1] INFO  server.RaftServerConfigKeys (ConfUtils.java:logGet(46)) - raft.server.log.appender.buffer.byte-limit = 33554432 (custom)
2022-06-21 13:53:48,455 [pool-312-thread-1] INFO  server.RaftServerConfigKeys (ConfUtils.java:logGet(46)) - raft.server.log.statemachine.data.read.timeout = 1000ms (default)
2022-06-21 13:53:48,456 [pool-312-thread-1] INFO  server.RaftServerConfigKeys (ConfUtils.java:logGet(46)) - raft.server.log.segment.size.max = 1048576 (custom)
2022-06-21 13:53:48,456 [pool-312-thread-1] INFO  server.RaftServerConfigKeys (ConfUtils.java:logGet(46)) - raft.server.log.segment.cache.num.max = 2 (custom)
2022-06-21 13:53:48,456 [pool-312-thread-1] INFO  server.RaftServerConfigKeys (ConfUtils.java:logGet(46)) - raft.server.log.segment.cache.size.max = 200MB (=209715200) (default)
2022-06-21 13:53:48,456 [pool-312-thread-1] INFO  segmented.SegmentedRaftLogWorker (SegmentedRaftLogWorker.java:<init>(187)) - new 81fc78bc-3d93-43eb-a149-ca8877d229a2@group-BD88A702D69D-SegmentedRaftLogWorker for RaftStorageImpl:Storage Directory /home/runner/work/ozone/ozone/hadoop-ozone/integration-test/target/test-dir/MiniOzoneClusterImpl-034e9286-fd65-458d-99c2-fe4308dd713a/datanode-0/data/ratis/2d1064b3-5ed5-4a4e-8af6-bd88a702d69d
2022-06-21 13:53:48,456 [pool-312-thread-1] INFO  server.RaftServerConfigKeys (ConfUtils.java:logGet(46)) - raft.server.log.queue.byte-limit = 4294967296 (custom)
2022-06-21 13:53:48,456 [pool-312-thread-1] INFO  server.RaftServerConfigKeys (ConfUtils.java:logGet(46)) - raft.server.log.queue.element-limit = 1024 (custom)
2022-06-21 13:53:48,456 [pool-312-thread-1] INFO  server.RaftServerConfigKeys (ConfUtils.java:logGet(46)) - raft.server.log.segment.size.max = 1048576 (custom)
2022-06-21 13:53:48,456 [pool-312-thread-1] INFO  server.RaftServerConfigKeys (ConfUtils.java:logGet(46)) - raft.server.log.preallocated.size = 16384 (custom)
2022-06-21 13:53:48,456 [pool-312-thread-1] INFO  server.RaftServerConfigKeys (ConfUtils.java:logGet(46)) - raft.server.log.force.sync.num = 128 (default)
2022-06-21 13:53:48,456 [pool-312-thread-1] INFO  server.RaftServerConfigKeys (ConfUtils.java:logGet(46)) - raft.server.log.statemachine.data.sync = true (default)
2022-06-21 13:53:48,456 [pool-312-thread-1] INFO  server.RaftServerConfigKeys (ConfUtils.java:logGet(46)) - raft.server.log.statemachine.data.sync.timeout = 10s (default)
2022-06-21 13:53:48,456 [pool-312-thread-1] INFO  server.RaftServerConfigKeys (ConfUtils.java:logGet(46)) - raft.server.log.statemachine.data.sync.timeout.retry = -1 (default)
2022-06-21 13:53:48,457 [pool-312-thread-1] INFO  server.RaftServerConfigKeys (ConfUtils.java:logGet(46)) - raft.server.log.write.buffer.size = 1048576 (custom)
2022-06-21 13:53:48,458 [pool-312-thread-1] INFO  server.RaftServerConfigKeys (ConfUtils.java:logGet(46)) - raft.server.log.unsafe-flush.enabled = false (default)
2022-06-21 13:53:48,458 [pool-312-thread-1] INFO  server.RaftServerConfigKeys (ConfUtils.java:logGet(46)) - raft.server.log.statemachine.data.caching.enabled = true (custom)
2022-06-21 13:53:48,458 [pool-312-thread-1] INFO  segmented.SegmentedRaftLogWorker (SegmentedRaftLogWorker.java:lambda$new$0(135)) - 81fc78bc-3d93-43eb-a149-ca8877d229a2@group-BD88A702D69D-SegmentedRaftLogWorker: flushIndex: setUnconditionally 0 -> -1
2022-06-21 13:53:48,458 [pool-312-thread-1] INFO  segmented.SegmentedRaftLogWorker (SegmentedRaftLogWorker.java:lambda$new$0(135)) - 81fc78bc-3d93-43eb-a149-ca8877d229a2@group-BD88A702D69D-SegmentedRaftLogWorker: safeCacheEvictIndex: setUnconditionally 0 -> -1
2022-06-21 13:53:48,461 [EventQueue-PipelineReportForPipelineReportHandler] INFO  pipeline.PipelineManagerImpl (PipelineManagerImpl.java:openPipeline(356)) - Pipeline Pipeline[ Id: 2d1064b3-5ed5-4a4e-8af6-bd88a702d69d, Nodes: 81fc78bc-3d93-43eb-a149-ca8877d229a2{ip: 10.1.0.15, host: fv-az194-567.vahfjs35atkulmpwh5ujf4txfe.jx.internal.cloudapp.net, ports: [REPLICATION=44627, RATIS=44705, RATIS_ADMIN=44705, RATIS_SERVER=44705, STANDALONE=46361], networkLocation: /default-rack, certSerialId: null, persistedOpState: IN_SERVICE, persistedOpStateExpiryEpochSec: 0}, ReplicationConfig: RATIS/ONE, State:ALLOCATED, leaderId:81fc78bc-3d93-43eb-a149-ca8877d229a2, CreationTimestamp2022-06-21T13:53:45.441Z[Etc/UTC]] moved to OPEN state
2022-06-21 13:53:48,481 [pool-312-thread-1] INFO  server.RaftServerConfigKeys (ConfUtils.java:logGet(46)) - raft.server.snapshot.auto.trigger.enabled = true (custom)
2022-06-21 13:53:48,481 [pool-312-thread-1] INFO  server.RaftServerConfigKeys (ConfUtils.java:logGet(46)) - raft.server.snapshot.auto.trigger.threshold = 10000 (custom)
2022-06-21 13:53:48,481 [pool-312-thread-1] INFO  server.RaftServerConfigKeys (ConfUtils.java:logGet(46)) - raft.server.snapshot.retention.file.num = 5 (custom)
2022-06-21 13:53:48,481 [pool-312-thread-1] INFO  server.RaftServerConfigKeys (ConfUtils.java:logGet(46)) - raft.server.log.purge.upto.snapshot.index = false (default)
2022-06-21 13:53:48,484 [pool-312-thread-1] INFO  server.RaftServerConfigKeys (ConfUtils.java:logGet(46)) - raft.server.retrycache.expirytime = 600000ms (custom)
2022-06-21 13:53:48,484 [pool-312-thread-1] INFO  server.RaftServerConfigKeys (ConfUtils.java:logGet(46)) - raft.server.retrycache.statistics.expirytime = 100μs (default)
2022-06-21 13:53:48,486 [pool-312-thread-1] INFO  server.RaftServerConfigKeys (ConfUtils.java:logGet(46)) - raft.server.log.appender.install.snapshot.enabled = false (custom)
2022-06-21 13:53:48,486 [pool-312-thread-1] INFO  server.RaftServerConfigKeys (ConfUtils.java:logGet(46)) - raft.server.threadpool.server.cached = true (default)
2022-06-21 13:53:48,486 [pool-312-thread-1] INFO  server.RaftServerConfigKeys (ConfUtils.java:logGet(46)) - raft.server.threadpool.server.size = 0 (default)
2022-06-21 13:53:48,486 [pool-312-thread-1] INFO  server.RaftServerConfigKeys (ConfUtils.java:logGet(46)) - raft.server.threadpool.client.cached = true (default)
2022-06-21 13:53:48,486 [pool-312-thread-1] INFO  server.RaftServerConfigKeys (ConfUtils.java:logGet(46)) - raft.server.threadpool.client.size = 0 (default)
2022-06-21 13:53:48,486 [pool-312-thread-1] INFO  server.RaftServer$Division (RaftServerImpl.java:start(310)) - 81fc78bc-3d93-43eb-a149-ca8877d229a2@group-BD88A702D69D: start as a follower, conf=-1: [81fc78bc-3d93-43eb-a149-ca8877d229a2|rpc:10.1.0.15:44705|priority:1], old=null
2022-06-21 13:53:48,486 [pool-312-thread-1] INFO  server.RaftServer$Division (RaftServerImpl.java:setRole(299)) - 81fc78bc-3d93-43eb-a149-ca8877d229a2@group-BD88A702D69D: changes role from      null to FOLLOWER at term 0 for startAsFollower
2022-06-21 13:53:48,486 [pool-312-thread-1] INFO  impl.RoleInfo (RoleInfo.java:updateAndGet(139)) - 81fc78bc-3d93-43eb-a149-ca8877d229a2: start 81fc78bc-3d93-43eb-a149-ca8877d229a2@group-BD88A702D69D-FollowerState
2022-06-21 13:53:48,507 [EventQueue-OpenPipelineForHealthyPipelineSafeModeRule] INFO  safemode.SCMSafeModeManager (HealthyPipelineSafeModeRule.java:process(124)) - SCM in safe mode. Healthy pipelines reported count is 0, required healthy pipeline reported count is 1
2022-06-21 13:53:48,508 [pool-312-thread-1] INFO  util.JmxRegister (JmxRegister.java:tryRegister(44)) - Successfully registered JMX Bean with object name Ratis:service=RaftServer,group=group-BD88A702D69D,id=81fc78bc-3d93-43eb-a149-ca8877d229a2
2022-06-21 13:53:48,522 [Command processor thread] INFO  ratis.XceiverServerRatis (XceiverServerRatis.java:addGroup(765)) - Created group PipelineID=2d1064b3-5ed5-4a4e-8af6-bd88a702d69d
2022-06-21 13:53:48,522 [Command processor thread] INFO  commandhandler.CreatePipelineCommandHandler (CreatePipelineCommandHandler.java:handle(113)) - Created Pipeline RATIS ONE PipelineID=2d1064b3-5ed5-4a4e-8af6-bd88a702d69d.
2022-06-21 13:53:48,523 [Command processor thread] INFO  server.RaftServer (RaftServerProxy.java:addNew(96)) - 81fc78bc-3d93-43eb-a149-ca8877d229a2: addNew group-8DFC9E4944C0:[d57b37be-f0fe-43c7-a820-540586909dc7|rpc:10.1.0.15:46147|priority:0, da1def5c-cec2-4abd-8fe1-fa8043868437|rpc:10.1.0.15:45839|priority:0, 81fc78bc-3d93-43eb-a149-ca8877d229a2|rpc:10.1.0.15:44705|priority:1] returns group-8DFC9E4944C0:java.util.concurrent.CompletableFuture@62c2d8de[Not completed]
2022-06-21 13:53:48,523 [pool-312-thread-1] INFO  server.RaftServer$Division (RaftServerImpl.java:<init>(190)) - 81fc78bc-3d93-43eb-a149-ca8877d229a2: new RaftServerImpl for group-8DFC9E4944C0:[d57b37be-f0fe-43c7-a820-540586909dc7|rpc:10.1.0.15:46147|priority:0, da1def5c-cec2-4abd-8fe1-fa8043868437|rpc:10.1.0.15:45839|priority:0, 81fc78bc-3d93-43eb-a149-ca8877d229a2|rpc:10.1.0.15:44705|priority:1] with ContainerStateMachine:uninitialized
2022-06-21 13:53:48,524 [pool-312-thread-1] INFO  server.RaftServerConfigKeys (ConfUtils.java:logGet(46)) - raft.server.rpc.timeout.min = 5s (custom)
2022-06-21 13:53:48,524 [pool-312-thread-1] INFO  server.RaftServerConfigKeys (ConfUtils.java:logGet(46)) - raft.server.rpc.timeout.max = 5200ms (custom)
2022-06-21 13:53:48,524 [pool-312-thread-1] INFO  server.RaftServerConfigKeys (ConfUtils.java:logGet(46)) - raft.server.rpc.sleep.time = 25ms (default)
2022-06-21 13:53:48,524 [pool-312-thread-1] INFO  server.RaftServerConfigKeys (ConfUtils.java:logGet(46)) - raft.server.rpc.slowness.timeout = 300s (custom)
2022-06-21 13:53:48,524 [pool-312-thread-1] INFO  server.RaftServerConfigKeys (ConfUtils.java:logGet(46)) - raft.server.leaderelection.leader.step-down.wait-time = 10s (default)
2022-06-21 13:53:48,524 [pool-312-thread-1] INFO  server.RaftServerConfigKeys (ConfUtils.java:logGet(46)) - raft.server.sleep.deviation.threshold = 300ms (default)
2022-06-21 13:53:48,524 [pool-312-thread-1] INFO  server.RaftServer$Division (ServerState.java:<init>(107)) - 81fc78bc-3d93-43eb-a149-ca8877d229a2@group-8DFC9E4944C0: ConfigurationManager, init=-1: [d57b37be-f0fe-43c7-a820-540586909dc7|rpc:10.1.0.15:46147|priority:0, da1def5c-cec2-4abd-8fe1-fa8043868437|rpc:10.1.0.15:45839|priority:0, 81fc78bc-3d93-43eb-a149-ca8877d229a2|rpc:10.1.0.15:44705|priority:1], old=null, confs=<EMPTY_MAP>
2022-06-21 13:53:48,524 [pool-312-thread-1] INFO  server.RaftServerConfigKeys (ConfUtils.java:logGet(46)) - raft.server.storage.dir = [/home/runner/work/ozone/ozone/hadoop-ozone/integration-test/target/test-dir/MiniOzoneClusterImpl-034e9286-fd65-458d-99c2-fe4308dd713a/datanode-0/data/ratis] (custom)
2022-06-21 13:53:48,524 [pool-312-thread-1] INFO  server.RaftServerConfigKeys (ConfUtils.java:logGet(46)) - raft.server.log.corruption.policy = EXCEPTION (default)
2022-06-21 13:53:48,524 [pool-312-thread-1] INFO  server.RaftServerConfigKeys (ConfUtils.java:logGet(46)) - raft.server.storage.free-space.min = 0MB (=0) (default)
2022-06-21 13:53:48,524 [pool-312-thread-1] INFO  storage.RaftStorageDirectory (RaftStorageDirectoryImpl.java:analyzeStorage(135)) - The storage directory /home/runner/work/ozone/ozone/hadoop-ozone/integration-test/target/test-dir/MiniOzoneClusterImpl-034e9286-fd65-458d-99c2-fe4308dd713a/datanode-0/data/ratis/57cec808-fb5e-4883-b3a4-8dfc9e4944c0 does not exist. Creating ...
2022-06-21 13:53:48,526 [pool-312-thread-1] INFO  storage.RaftStorageDirectory (RaftStorageDirectoryImpl.java:tryLock(230)) - Lock on /home/runner/work/ozone/ozone/hadoop-ozone/integration-test/target/test-dir/MiniOzoneClusterImpl-034e9286-fd65-458d-99c2-fe4308dd713a/datanode-0/data/ratis/57cec808-fb5e-4883-b3a4-8dfc9e4944c0/in_use.lock acquired by nodename 17605@fv-az194-567
2022-06-21 13:53:48,528 [pool-312-thread-1] INFO  storage.RaftStorage (RaftStorageImpl.java:format(89)) - Storage directory /home/runner/work/ozone/ozone/hadoop-ozone/integration-test/target/test-dir/MiniOzoneClusterImpl-034e9286-fd65-458d-99c2-fe4308dd713a/datanode-0/data/ratis/57cec808-fb5e-4883-b3a4-8dfc9e4944c0 has been successfully formatted.
2022-06-21 13:53:48,528 [pool-312-thread-1] INFO  ratis.ContainerStateMachine (ContainerStateMachine.java:loadSnapshot(236)) - group-8DFC9E4944C0: The snapshot info is null. Setting the last applied indexto:(t:0, i:~)
2022-06-21 13:53:48,528 [pool-312-thread-1] INFO  server.RaftServerConfigKeys (ConfUtils.java:logGet(46)) - raft.server.notification.no-leader.timeout = 300s (custom)
2022-06-21 13:53:48,528 [pool-312-thread-1] INFO  server.RaftServerConfigKeys (ConfUtils.java:logGet(46)) - raft.server.log.use.memory = false (default)
2022-06-21 13:53:48,528 [pool-312-thread-1] INFO  server.RaftServerConfigKeys (ConfUtils.java:logGet(46)) - raft.server.log.purge.gap = 1000000 (custom)
2022-06-21 13:53:48,528 [pool-312-thread-1] INFO  server.RaftServerConfigKeys (ConfUtils.java:logGet(46)) - raft.server.log.appender.buffer.byte-limit = 33554432 (custom)
2022-06-21 13:53:48,528 [pool-312-thread-1] INFO  server.RaftServerConfigKeys (ConfUtils.java:logGet(46)) - raft.server.log.statemachine.data.read.timeout = 1000ms (default)
2022-06-21 13:53:48,530 [EventQueue-OpenPipelineForHealthyPipelineSafeModeRule] INFO  safemode.SCMSafeModeManager (HealthyPipelineSafeModeRule.java:process(124)) - SCM in safe mode. Healthy pipelines reported count is 0, required healthy pipeline reported count is 1
2022-06-21 13:53:48,530 [pool-312-thread-1] INFO  server.RaftServerConfigKeys (ConfUtils.java:logGet(46)) - raft.server.log.segment.size.max = 1048576 (custom)
2022-06-21 13:53:48,530 [pool-312-thread-1] INFO  server.RaftServerConfigKeys (ConfUtils.java:logGet(46)) - raft.server.log.segment.cache.num.max = 2 (custom)
2022-06-21 13:53:48,530 [pool-312-thread-1] INFO  server.RaftServerConfigKeys (ConfUtils.java:logGet(46)) - raft.server.log.segment.cache.size.max = 200MB (=209715200) (default)
2022-06-21 13:53:48,531 [pool-312-thread-1] INFO  segmented.SegmentedRaftLogWorker (SegmentedRaftLogWorker.java:<init>(187)) - new 81fc78bc-3d93-43eb-a149-ca8877d229a2@group-8DFC9E4944C0-SegmentedRaftLogWorker for RaftStorageImpl:Storage Directory /home/runner/work/ozone/ozone/hadoop-ozone/integration-test/target/test-dir/MiniOzoneClusterImpl-034e9286-fd65-458d-99c2-fe4308dd713a/datanode-0/data/ratis/57cec808-fb5e-4883-b3a4-8dfc9e4944c0
2022-06-21 13:53:48,531 [pool-312-thread-1] INFO  server.RaftServerConfigKeys (ConfUtils.java:logGet(46)) - raft.server.log.queue.byte-limit = 4294967296 (custom)
2022-06-21 13:53:48,531 [pool-312-thread-1] INFO  server.RaftServerConfigKeys (ConfUtils.java:logGet(46)) - raft.server.log.queue.element-limit = 1024 (custom)
2022-06-21 13:53:48,531 [pool-312-thread-1] INFO  server.RaftServerConfigKeys (ConfUtils.java:logGet(46)) - raft.server.log.segment.size.max = 1048576 (custom)
2022-06-21 13:53:48,531 [pool-312-thread-1] INFO  server.RaftServerConfigKeys (ConfUtils.java:logGet(46)) - raft.server.log.preallocated.size = 16384 (custom)
2022-06-21 13:53:48,531 [pool-312-thread-1] INFO  server.RaftServerConfigKeys (ConfUtils.java:logGet(46)) - raft.server.log.force.sync.num = 128 (default)
2022-06-21 13:53:48,531 [pool-312-thread-1] INFO  server.RaftServerConfigKeys (ConfUtils.java:logGet(46)) - raft.server.log.statemachine.data.sync = true (default)
2022-06-21 13:53:48,531 [pool-312-thread-1] INFO  server.RaftServerConfigKeys (ConfUtils.java:logGet(46)) - raft.server.log.statemachine.data.sync.timeout = 10s (default)
2022-06-21 13:53:48,531 [pool-312-thread-1] INFO  server.RaftServerConfigKeys (ConfUtils.java:logGet(46)) - raft.server.log.statemachine.data.sync.timeout.retry = -1 (default)
2022-06-21 13:53:48,532 [pool-312-thread-1] INFO  server.RaftServerConfigKeys (ConfUtils.java:logGet(46)) - raft.server.log.write.buffer.size = 1048576 (custom)
2022-06-21 13:53:48,532 [pool-312-thread-1] INFO  server.RaftServerConfigKeys (ConfUtils.java:logGet(46)) - raft.server.log.unsafe-flush.enabled = false (default)
2022-06-21 13:53:48,532 [pool-312-thread-1] INFO  server.RaftServerConfigKeys (ConfUtils.java:logGet(46)) - raft.server.log.statemachine.data.caching.enabled = true (custom)
2022-06-21 13:53:48,532 [pool-312-thread-1] INFO  segmented.SegmentedRaftLogWorker (SegmentedRaftLogWorker.java:lambda$new$0(135)) - 81fc78bc-3d93-43eb-a149-ca8877d229a2@group-8DFC9E4944C0-SegmentedRaftLogWorker: flushIndex: setUnconditionally 0 -> -1
2022-06-21 13:53:48,533 [pool-312-thread-1] INFO  segmented.SegmentedRaftLogWorker (SegmentedRaftLogWorker.java:lambda$new$0(135)) - 81fc78bc-3d93-43eb-a149-ca8877d229a2@group-8DFC9E4944C0-SegmentedRaftLogWorker: safeCacheEvictIndex: setUnconditionally 0 -> -1
2022-06-21 13:53:48,544 [pool-312-thread-1] INFO  server.RaftServerConfigKeys (ConfUtils.java:logGet(46)) - raft.server.snapshot.auto.trigger.enabled = true (custom)
2022-06-21 13:53:48,544 [pool-312-thread-1] INFO  server.RaftServerConfigKeys (ConfUtils.java:logGet(46)) - raft.server.snapshot.auto.trigger.threshold = 10000 (custom)
2022-06-21 13:53:48,544 [pool-312-thread-1] INFO  server.RaftServerConfigKeys (ConfUtils.java:logGet(46)) - raft.server.snapshot.retention.file.num = 5 (custom)
2022-06-21 13:53:48,544 [pool-312-thread-1] INFO  server.RaftServerConfigKeys (ConfUtils.java:logGet(46)) - raft.server.log.purge.upto.snapshot.index = false (default)
2022-06-21 13:53:48,544 [pool-312-thread-1] INFO  server.RaftServerConfigKeys (ConfUtils.java:logGet(46)) - raft.server.retrycache.expirytime = 600000ms (custom)
2022-06-21 13:53:48,544 [pool-312-thread-1] INFO  server.RaftServerConfigKeys (ConfUtils.java:logGet(46)) - raft.server.retrycache.statistics.expirytime = 100μs (default)
2022-06-21 13:53:48,545 [pool-312-thread-1] INFO  server.RaftServerConfigKeys (ConfUtils.java:logGet(46)) - raft.server.log.appender.install.snapshot.enabled = false (custom)
2022-06-21 13:53:48,545 [pool-312-thread-1] INFO  server.RaftServerConfigKeys (ConfUtils.java:logGet(46)) - raft.server.threadpool.server.cached = true (default)
2022-06-21 13:53:48,545 [pool-312-thread-1] INFO  server.RaftServerConfigKeys (ConfUtils.java:logGet(46)) - raft.server.threadpool.server.size = 0 (default)
2022-06-21 13:53:48,545 [pool-312-thread-1] INFO  server.RaftServerConfigKeys (ConfUtils.java:logGet(46)) - raft.server.threadpool.client.cached = true (default)
2022-06-21 13:53:48,546 [pool-312-thread-1] INFO  server.RaftServerConfigKeys (ConfUtils.java:logGet(46)) - raft.server.threadpool.client.size = 0 (default)
2022-06-21 13:53:48,546 [pool-312-thread-1] INFO  server.RaftServer$Division (RaftServerImpl.java:start(310)) - 81fc78bc-3d93-43eb-a149-ca8877d229a2@group-8DFC9E4944C0: start as a follower, conf=-1: [d57b37be-f0fe-43c7-a820-540586909dc7|rpc:10.1.0.15:46147|priority:0, da1def5c-cec2-4abd-8fe1-fa8043868437|rpc:10.1.0.15:45839|priority:0, 81fc78bc-3d93-43eb-a149-ca8877d229a2|rpc:10.1.0.15:44705|priority:1], old=null
2022-06-21 13:53:48,546 [pool-312-thread-1] INFO  server.RaftServer$Division (RaftServerImpl.java:setRole(299)) - 81fc78bc-3d93-43eb-a149-ca8877d229a2@group-8DFC9E4944C0: changes role from      null to FOLLOWER at term 0 for startAsFollower
2022-06-21 13:53:48,546 [pool-312-thread-1] INFO  impl.RoleInfo (RoleInfo.java:updateAndGet(139)) - 81fc78bc-3d93-43eb-a149-ca8877d229a2: start 81fc78bc-3d93-43eb-a149-ca8877d229a2@group-8DFC9E4944C0-FollowerState
2022-06-21 13:53:48,549 [pool-312-thread-1] INFO  util.JmxRegister (JmxRegister.java:tryRegister(44)) - Successfully registered JMX Bean with object name Ratis:service=RaftServer,group=group-8DFC9E4944C0,id=81fc78bc-3d93-43eb-a149-ca8877d229a2
2022-06-21 13:53:48,559 [Command processor thread] INFO  ratis.XceiverServerRatis (XceiverServerRatis.java:addGroup(765)) - Created group PipelineID=57cec808-fb5e-4883-b3a4-8dfc9e4944c0
2022-06-21 13:53:48,610 [grpc-default-executor-0] INFO  server.RaftServer (RaftServerProxy.java:addNew(96)) - d57b37be-f0fe-43c7-a820-540586909dc7: addNew group-8DFC9E4944C0:[d57b37be-f0fe-43c7-a820-540586909dc7|rpc:10.1.0.15:46147|dataStream:|priority:0, da1def5c-cec2-4abd-8fe1-fa8043868437|rpc:10.1.0.15:45839|dataStream:|priority:0, 81fc78bc-3d93-43eb-a149-ca8877d229a2|rpc:10.1.0.15:44705|dataStream:|priority:1] returns group-8DFC9E4944C0:java.util.concurrent.CompletableFuture@35e471ec[Not completed]
2022-06-21 13:53:48,612 [pool-335-thread-1] INFO  server.RaftServer$Division (RaftServerImpl.java:<init>(190)) - d57b37be-f0fe-43c7-a820-540586909dc7: new RaftServerImpl for group-8DFC9E4944C0:[d57b37be-f0fe-43c7-a820-540586909dc7|rpc:10.1.0.15:46147|dataStream:|priority:0, da1def5c-cec2-4abd-8fe1-fa8043868437|rpc:10.1.0.15:45839|dataStream:|priority:0, 81fc78bc-3d93-43eb-a149-ca8877d229a2|rpc:10.1.0.15:44705|dataStream:|priority:1] with ContainerStateMachine:uninitialized
2022-06-21 13:53:48,612 [pool-335-thread-1] INFO  server.RaftServerConfigKeys (ConfUtils.java:logGet(46)) - raft.server.rpc.timeout.min = 5s (custom)
2022-06-21 13:53:48,612 [pool-335-thread-1] INFO  server.RaftServerConfigKeys (ConfUtils.java:logGet(46)) - raft.server.rpc.timeout.max = 5200ms (custom)
2022-06-21 13:53:48,612 [pool-335-thread-1] INFO  server.RaftServerConfigKeys (ConfUtils.java:logGet(46)) - raft.server.rpc.sleep.time = 25ms (default)
2022-06-21 13:53:48,612 [pool-335-thread-1] INFO  server.RaftServerConfigKeys (ConfUtils.java:logGet(46)) - raft.server.rpc.slowness.timeout = 300s (custom)
2022-06-21 13:53:48,612 [pool-335-thread-1] INFO  server.RaftServerConfigKeys (ConfUtils.java:logGet(46)) - raft.server.leaderelection.leader.step-down.wait-time = 10s (default)
2022-06-21 13:53:48,612 [pool-335-thread-1] INFO  server.RaftServerConfigKeys (ConfUtils.java:logGet(46)) - raft.server.sleep.deviation.threshold = 300ms (default)
2022-06-21 13:53:48,613 [pool-335-thread-1] INFO  server.RaftServer$Division (ServerState.java:<init>(107)) - d57b37be-f0fe-43c7-a820-540586909dc7@group-8DFC9E4944C0: ConfigurationManager, init=-1: [d57b37be-f0fe-43c7-a820-540586909dc7|rpc:10.1.0.15:46147|dataStream:|priority:0, da1def5c-cec2-4abd-8fe1-fa8043868437|rpc:10.1.0.15:45839|dataStream:|priority:0, 81fc78bc-3d93-43eb-a149-ca8877d229a2|rpc:10.1.0.15:44705|dataStream:|priority:1], old=null, confs=<EMPTY_MAP>
2022-06-21 13:53:48,613 [pool-335-thread-1] INFO  server.RaftServerConfigKeys (ConfUtils.java:logGet(46)) - raft.server.storage.dir = [/home/runner/work/ozone/ozone/hadoop-ozone/integration-test/target/test-dir/MiniOzoneClusterImpl-034e9286-fd65-458d-99c2-fe4308dd713a/datanode-1/data/ratis] (custom)
2022-06-21 13:53:48,613 [pool-335-thread-1] INFO  server.RaftServerConfigKeys (ConfUtils.java:logGet(46)) - raft.server.log.corruption.policy = EXCEPTION (default)
2022-06-21 13:53:48,613 [pool-335-thread-1] INFO  server.RaftServerConfigKeys (ConfUtils.java:logGet(46)) - raft.server.storage.free-space.min = 0MB (=0) (default)
2022-06-21 13:53:48,613 [pool-335-thread-1] INFO  storage.RaftStorageDirectory (RaftStorageDirectoryImpl.java:analyzeStorage(135)) - The storage directory /home/runner/work/ozone/ozone/hadoop-ozone/integration-test/target/test-dir/MiniOzoneClusterImpl-034e9286-fd65-458d-99c2-fe4308dd713a/datanode-1/data/ratis/57cec808-fb5e-4883-b3a4-8dfc9e4944c0 does not exist. Creating ...
2022-06-21 13:53:48,614 [pool-335-thread-1] INFO  storage.RaftStorageDirectory (RaftStorageDirectoryImpl.java:tryLock(230)) - Lock on /home/runner/work/ozone/ozone/hadoop-ozone/integration-test/target/test-dir/MiniOzoneClusterImpl-034e9286-fd65-458d-99c2-fe4308dd713a/datanode-1/data/ratis/57cec808-fb5e-4883-b3a4-8dfc9e4944c0/in_use.lock acquired by nodename 17605@fv-az194-567
2022-06-21 13:53:48,616 [pool-335-thread-1] INFO  storage.RaftStorage (RaftStorageImpl.java:format(89)) - Storage directory /home/runner/work/ozone/ozone/hadoop-ozone/integration-test/target/test-dir/MiniOzoneClusterImpl-034e9286-fd65-458d-99c2-fe4308dd713a/datanode-1/data/ratis/57cec808-fb5e-4883-b3a4-8dfc9e4944c0 has been successfully formatted.
2022-06-21 13:53:48,629 [pool-335-thread-1] INFO  ratis.ContainerStateMachine (ContainerStateMachine.java:loadSnapshot(236)) - group-8DFC9E4944C0: The snapshot info is null. Setting the last applied indexto:(t:0, i:~)
2022-06-21 13:53:48,629 [pool-335-thread-1] INFO  server.RaftServerConfigKeys (ConfUtils.java:logGet(46)) - raft.server.notification.no-leader.timeout = 300s (custom)
2022-06-21 13:53:48,629 [pool-335-thread-1] INFO  server.RaftServerConfigKeys (ConfUtils.java:logGet(46)) - raft.server.log.use.memory = false (default)
2022-06-21 13:53:48,630 [pool-335-thread-1] INFO  server.RaftServerConfigKeys (ConfUtils.java:logGet(46)) - raft.server.log.purge.gap = 1000000 (custom)
2022-06-21 13:53:48,630 [pool-335-thread-1] INFO  server.RaftServerConfigKeys (ConfUtils.java:logGet(46)) - raft.server.log.appender.buffer.byte-limit = 33554432 (custom)
2022-06-21 13:53:48,630 [pool-335-thread-1] INFO  server.RaftServerConfigKeys (ConfUtils.java:logGet(46)) - raft.server.log.statemachine.data.read.timeout = 1000ms (default)
2022-06-21 13:53:48,630 [pool-335-thread-1] INFO  server.RaftServerConfigKeys (ConfUtils.java:logGet(46)) - raft.server.log.segment.size.max = 1048576 (custom)
2022-06-21 13:53:48,630 [pool-335-thread-1] INFO  server.RaftServerConfigKeys (ConfUtils.java:logGet(46)) - raft.server.log.segment.cache.num.max = 2 (custom)
2022-06-21 13:53:48,630 [pool-335-thread-1] INFO  server.RaftServerConfigKeys (ConfUtils.java:logGet(46)) - raft.server.log.segment.cache.size.max = 200MB (=209715200) (default)
2022-06-21 13:53:48,630 [pool-335-thread-1] INFO  segmented.SegmentedRaftLogWorker (SegmentedRaftLogWorker.java:<init>(187)) - new d57b37be-f0fe-43c7-a820-540586909dc7@group-8DFC9E4944C0-SegmentedRaftLogWorker for RaftStorageImpl:Storage Directory /home/runner/work/ozone/ozone/hadoop-ozone/integration-test/target/test-dir/MiniOzoneClusterImpl-034e9286-fd65-458d-99c2-fe4308dd713a/datanode-1/data/ratis/57cec808-fb5e-4883-b3a4-8dfc9e4944c0
2022-06-21 13:53:48,630 [pool-335-thread-1] INFO  server.RaftServerConfigKeys (ConfUtils.java:logGet(46)) - raft.server.log.queue.byte-limit = 4294967296 (custom)
2022-06-21 13:53:48,630 [pool-335-thread-1] INFO  server.RaftServerConfigKeys (ConfUtils.java:logGet(46)) - raft.server.log.queue.element-limit = 1024 (custom)
2022-06-21 13:53:48,630 [pool-335-thread-1] INFO  server.RaftServerConfigKeys (ConfUtils.java:logGet(46)) - raft.server.log.segment.size.max = 1048576 (custom)
2022-06-21 13:53:48,630 [pool-335-thread-1] INFO  server.RaftServerConfigKeys (ConfUtils.java:logGet(46)) - raft.server.log.preallocated.size = 16384 (custom)
2022-06-21 13:53:48,630 [pool-335-thread-1] INFO  server.RaftServerConfigKeys (ConfUtils.java:logGet(46)) - raft.server.log.force.sync.num = 128 (default)
2022-06-21 13:53:48,630 [pool-335-thread-1] INFO  server.RaftServerConfigKeys (ConfUtils.java:logGet(46)) - raft.server.log.statemachine.data.sync = true (default)
2022-06-21 13:53:48,630 [pool-335-thread-1] INFO  server.RaftServerConfigKeys (ConfUtils.java:logGet(46)) - raft.server.log.statemachine.data.sync.timeout = 10s (default)
2022-06-21 13:53:48,630 [pool-335-thread-1] INFO  server.RaftServerConfigKeys (ConfUtils.java:logGet(46)) - raft.server.log.statemachine.data.sync.timeout.retry = -1 (default)
2022-06-21 13:53:48,631 [pool-335-thread-1] INFO  server.RaftServerConfigKeys (ConfUtils.java:logGet(46)) - raft.server.log.write.buffer.size = 1048576 (custom)
2022-06-21 13:53:48,631 [pool-335-thread-1] INFO  server.RaftServerConfigKeys (ConfUtils.java:logGet(46)) - raft.server.log.unsafe-flush.enabled = false (default)
2022-06-21 13:53:48,632 [pool-335-thread-1] INFO  server.RaftServerConfigKeys (ConfUtils.java:logGet(46)) - raft.server.log.statemachine.data.caching.enabled = true (custom)
2022-06-21 13:53:48,632 [pool-335-thread-1] INFO  segmented.SegmentedRaftLogWorker (SegmentedRaftLogWorker.java:lambda$new$0(135)) - d57b37be-f0fe-43c7-a820-540586909dc7@group-8DFC9E4944C0-SegmentedRaftLogWorker: flushIndex: setUnconditionally 0 -> -1
2022-06-21 13:53:48,632 [pool-335-thread-1] INFO  segmented.SegmentedRaftLogWorker (SegmentedRaftLogWorker.java:lambda$new$0(135)) - d57b37be-f0fe-43c7-a820-540586909dc7@group-8DFC9E4944C0-SegmentedRaftLogWorker: safeCacheEvictIndex: setUnconditionally 0 -> -1
2022-06-21 13:53:48,642 [pool-335-thread-1] INFO  server.RaftServerConfigKeys (ConfUtils.java:logGet(46)) - raft.server.snapshot.auto.trigger.enabled = true (custom)
2022-06-21 13:53:48,643 [pool-335-thread-1] INFO  server.RaftServerConfigKeys (ConfUtils.java:logGet(46)) - raft.server.snapshot.auto.trigger.threshold = 10000 (custom)
2022-06-21 13:53:48,643 [pool-335-thread-1] INFO  server.RaftServerConfigKeys (ConfUtils.java:logGet(46)) - raft.server.snapshot.retention.file.num = 5 (custom)
2022-06-21 13:53:48,643 [pool-335-thread-1] INFO  server.RaftServerConfigKeys (ConfUtils.java:logGet(46)) - raft.server.log.purge.upto.snapshot.index = false (default)
2022-06-21 13:53:48,643 [pool-335-thread-1] INFO  server.RaftServerConfigKeys (ConfUtils.java:logGet(46)) - raft.server.retrycache.expirytime = 600000ms (custom)
2022-06-21 13:53:48,643 [pool-335-thread-1] INFO  server.RaftServerConfigKeys (ConfUtils.java:logGet(46)) - raft.server.retrycache.statistics.expirytime = 100μs (default)
2022-06-21 13:53:48,644 [pool-335-thread-1] INFO  server.RaftServerConfigKeys (ConfUtils.java:logGet(46)) - raft.server.log.appender.install.snapshot.enabled = false (custom)
2022-06-21 13:53:48,644 [pool-335-thread-1] INFO  server.RaftServerConfigKeys (ConfUtils.java:logGet(46)) - raft.server.threadpool.server.cached = true (default)
2022-06-21 13:53:48,644 [pool-335-thread-1] INFO  server.RaftServerConfigKeys (ConfUtils.java:logGet(46)) - raft.server.threadpool.server.size = 0 (default)
2022-06-21 13:53:48,644 [pool-335-thread-1] INFO  server.RaftServerConfigKeys (ConfUtils.java:logGet(46)) - raft.server.threadpool.client.cached = true (default)
2022-06-21 13:53:48,644 [pool-335-thread-1] INFO  server.RaftServerConfigKeys (ConfUtils.java:logGet(46)) - raft.server.threadpool.client.size = 0 (default)
2022-06-21 13:53:48,644 [pool-335-thread-1] INFO  server.RaftServer$Division (RaftServerImpl.java:start(310)) - d57b37be-f0fe-43c7-a820-540586909dc7@group-8DFC9E4944C0: start as a follower, conf=-1: [d57b37be-f0fe-43c7-a820-540586909dc7|rpc:10.1.0.15:46147|dataStream:|priority:0, da1def5c-cec2-4abd-8fe1-fa8043868437|rpc:10.1.0.15:45839|dataStream:|priority:0, 81fc78bc-3d93-43eb-a149-ca8877d229a2|rpc:10.1.0.15:44705|dataStream:|priority:1], old=null
2022-06-21 13:53:48,644 [pool-335-thread-1] INFO  server.RaftServer$Division (RaftServerImpl.java:setRole(299)) - d57b37be-f0fe-43c7-a820-540586909dc7@group-8DFC9E4944C0: changes role from      null to FOLLOWER at term 0 for startAsFollower
2022-06-21 13:53:48,644 [pool-335-thread-1] INFO  impl.RoleInfo (RoleInfo.java:updateAndGet(139)) - d57b37be-f0fe-43c7-a820-540586909dc7: start d57b37be-f0fe-43c7-a820-540586909dc7@group-8DFC9E4944C0-FollowerState
2022-06-21 13:53:48,659 [pool-335-thread-1] INFO  util.JmxRegister (JmxRegister.java:tryRegister(44)) - Successfully registered JMX Bean with object name Ratis:service=RaftServer,group=group-8DFC9E4944C0,id=d57b37be-f0fe-43c7-a820-540586909dc7
2022-06-21 13:53:48,742 [grpc-default-executor-0] INFO  server.RaftServer (RaftServerProxy.java:addNew(96)) - da1def5c-cec2-4abd-8fe1-fa8043868437: addNew group-8DFC9E4944C0:[d57b37be-f0fe-43c7-a820-540586909dc7|rpc:10.1.0.15:46147|dataStream:|priority:0, da1def5c-cec2-4abd-8fe1-fa8043868437|rpc:10.1.0.15:45839|dataStream:|priority:0, 81fc78bc-3d93-43eb-a149-ca8877d229a2|rpc:10.1.0.15:44705|dataStream:|priority:1] returns group-8DFC9E4944C0:java.util.concurrent.CompletableFuture@60f8242d[Not completed]
2022-06-21 13:53:48,743 [pool-358-thread-1] INFO  server.RaftServer$Division (RaftServerImpl.java:<init>(190)) - da1def5c-cec2-4abd-8fe1-fa8043868437: new RaftServerImpl for group-8DFC9E4944C0:[d57b37be-f0fe-43c7-a820-540586909dc7|rpc:10.1.0.15:46147|dataStream:|priority:0, da1def5c-cec2-4abd-8fe1-fa8043868437|rpc:10.1.0.15:45839|dataStream:|priority:0, 81fc78bc-3d93-43eb-a149-ca8877d229a2|rpc:10.1.0.15:44705|dataStream:|priority:1] with ContainerStateMachine:uninitialized
2022-06-21 13:53:48,743 [pool-358-thread-1] INFO  server.RaftServerConfigKeys (ConfUtils.java:logGet(46)) - raft.server.rpc.timeout.min = 5s (custom)
2022-06-21 13:53:48,744 [pool-358-thread-1] INFO  server.RaftServerConfigKeys (ConfUtils.java:logGet(46)) - raft.server.rpc.timeout.max = 5200ms (custom)
2022-06-21 13:53:48,744 [pool-358-thread-1] INFO  server.RaftServerConfigKeys (ConfUtils.java:logGet(46)) - raft.server.rpc.sleep.time = 25ms (default)
2022-06-21 13:53:48,744 [pool-358-thread-1] INFO  server.RaftServerConfigKeys (ConfUtils.java:logGet(46)) - raft.server.rpc.slowness.timeout = 300s (custom)
2022-06-21 13:53:48,744 [pool-358-thread-1] INFO  server.RaftServerConfigKeys (ConfUtils.java:logGet(46)) - raft.server.leaderelection.leader.step-down.wait-time = 10s (default)
2022-06-21 13:53:48,744 [pool-358-thread-1] INFO  server.RaftServerConfigKeys (ConfUtils.java:logGet(46)) - raft.server.sleep.deviation.threshold = 300ms (default)
2022-06-21 13:53:48,744 [pool-358-thread-1] INFO  server.RaftServer$Division (ServerState.java:<init>(107)) - da1def5c-cec2-4abd-8fe1-fa8043868437@group-8DFC9E4944C0: ConfigurationManager, init=-1: [d57b37be-f0fe-43c7-a820-540586909dc7|rpc:10.1.0.15:46147|dataStream:|priority:0, da1def5c-cec2-4abd-8fe1-fa8043868437|rpc:10.1.0.15:45839|dataStream:|priority:0, 81fc78bc-3d93-43eb-a149-ca8877d229a2|rpc:10.1.0.15:44705|dataStream:|priority:1], old=null, confs=<EMPTY_MAP>
2022-06-21 13:53:48,744 [pool-358-thread-1] INFO  server.RaftServerConfigKeys (ConfUtils.java:logGet(46)) - raft.server.storage.dir = [/home/runner/work/ozone/ozone/hadoop-ozone/integration-test/target/test-dir/MiniOzoneClusterImpl-034e9286-fd65-458d-99c2-fe4308dd713a/datanode-2/data/ratis] (custom)
2022-06-21 13:53:48,744 [pool-358-thread-1] INFO  server.RaftServerConfigKeys (ConfUtils.java:logGet(46)) - raft.server.log.corruption.policy = EXCEPTION (default)
2022-06-21 13:53:48,744 [pool-358-thread-1] INFO  server.RaftServerConfigKeys (ConfUtils.java:logGet(46)) - raft.server.storage.free-space.min = 0MB (=0) (default)
2022-06-21 13:53:48,744 [pool-358-thread-1] INFO  storage.RaftStorageDirectory (RaftStorageDirectoryImpl.java:analyzeStorage(135)) - The storage directory /home/runner/work/ozone/ozone/hadoop-ozone/integration-test/target/test-dir/MiniOzoneClusterImpl-034e9286-fd65-458d-99c2-fe4308dd713a/datanode-2/data/ratis/57cec808-fb5e-4883-b3a4-8dfc9e4944c0 does not exist. Creating ...
2022-06-21 13:53:48,746 [pool-358-thread-1] INFO  storage.RaftStorageDirectory (RaftStorageDirectoryImpl.java:tryLock(230)) - Lock on /home/runner/work/ozone/ozone/hadoop-ozone/integration-test/target/test-dir/MiniOzoneClusterImpl-034e9286-fd65-458d-99c2-fe4308dd713a/datanode-2/data/ratis/57cec808-fb5e-4883-b3a4-8dfc9e4944c0/in_use.lock acquired by nodename 17605@fv-az194-567
2022-06-21 13:53:48,755 [pool-358-thread-1] INFO  storage.RaftStorage (RaftStorageImpl.java:format(89)) - Storage directory /home/runner/work/ozone/ozone/hadoop-ozone/integration-test/target/test-dir/MiniOzoneClusterImpl-034e9286-fd65-458d-99c2-fe4308dd713a/datanode-2/data/ratis/57cec808-fb5e-4883-b3a4-8dfc9e4944c0 has been successfully formatted.
2022-06-21 13:53:48,756 [pool-358-thread-1] INFO  ratis.ContainerStateMachine (ContainerStateMachine.java:loadSnapshot(236)) - group-8DFC9E4944C0: The snapshot info is null. Setting the last applied indexto:(t:0, i:~)
2022-06-21 13:53:48,756 [pool-358-thread-1] INFO  server.RaftServerConfigKeys (ConfUtils.java:logGet(46)) - raft.server.notification.no-leader.timeout = 300s (custom)
2022-06-21 13:53:48,756 [pool-358-thread-1] INFO  server.RaftServerConfigKeys (ConfUtils.java:logGet(46)) - raft.server.log.use.memory = false (default)
2022-06-21 13:53:48,756 [pool-358-thread-1] INFO  server.RaftServerConfigKeys (ConfUtils.java:logGet(46)) - raft.server.log.purge.gap = 1000000 (custom)
2022-06-21 13:53:48,756 [pool-358-thread-1] INFO  server.RaftServerConfigKeys (ConfUtils.java:logGet(46)) - raft.server.log.appender.buffer.byte-limit = 33554432 (custom)
2022-06-21 13:53:48,756 [pool-358-thread-1] INFO  server.RaftServerConfigKeys (ConfUtils.java:logGet(46)) - raft.server.log.statemachine.data.read.timeout = 1000ms (default)
2022-06-21 13:53:48,756 [pool-358-thread-1] INFO  server.RaftServerConfigKeys (ConfUtils.java:logGet(46)) - raft.server.log.segment.size.max = 1048576 (custom)
2022-06-21 13:53:48,756 [pool-358-thread-1] INFO  server.RaftServerConfigKeys (ConfUtils.java:logGet(46)) - raft.server.log.segment.cache.num.max = 2 (custom)
2022-06-21 13:53:48,756 [pool-358-thread-1] INFO  server.RaftServerConfigKeys (ConfUtils.java:logGet(46)) - raft.server.log.segment.cache.size.max = 200MB (=209715200) (default)
2022-06-21 13:53:48,756 [pool-358-thread-1] INFO  segmented.SegmentedRaftLogWorker (SegmentedRaftLogWorker.java:<init>(187)) - new da1def5c-cec2-4abd-8fe1-fa8043868437@group-8DFC9E4944C0-SegmentedRaftLogWorker for RaftStorageImpl:Storage Directory /home/runner/work/ozone/ozone/hadoop-ozone/integration-test/target/test-dir/MiniOzoneClusterImpl-034e9286-fd65-458d-99c2-fe4308dd713a/datanode-2/data/ratis/57cec808-fb5e-4883-b3a4-8dfc9e4944c0
2022-06-21 13:53:48,756 [pool-358-thread-1] INFO  server.RaftServerConfigKeys (ConfUtils.java:logGet(46)) - raft.server.log.queue.byte-limit = 4294967296 (custom)
2022-06-21 13:53:48,757 [pool-358-thread-1] INFO  server.RaftServerConfigKeys (ConfUtils.java:logGet(46)) - raft.server.log.queue.element-limit = 1024 (custom)
2022-06-21 13:53:48,757 [pool-358-thread-1] INFO  server.RaftServerConfigKeys (ConfUtils.java:logGet(46)) - raft.server.log.segment.size.max = 1048576 (custom)
2022-06-21 13:53:48,757 [pool-358-thread-1] INFO  server.RaftServerConfigKeys (ConfUtils.java:logGet(46)) - raft.server.log.preallocated.size = 16384 (custom)
2022-06-21 13:53:48,757 [pool-358-thread-1] INFO  server.RaftServerConfigKeys (ConfUtils.java:logGet(46)) - raft.server.log.force.sync.num = 128 (default)
2022-06-21 13:53:48,757 [pool-358-thread-1] INFO  server.RaftServerConfigKeys (ConfUtils.java:logGet(46)) - raft.server.log.statemachine.data.sync = true (default)
2022-06-21 13:53:48,757 [pool-358-thread-1] INFO  server.RaftServerConfigKeys (ConfUtils.java:logGet(46)) - raft.server.log.statemachine.data.sync.timeout = 10s (default)
2022-06-21 13:53:48,757 [pool-358-thread-1] INFO  server.RaftServerConfigKeys (ConfUtils.java:logGet(46)) - raft.server.log.statemachine.data.sync.timeout.retry = -1 (default)
2022-06-21 13:53:48,757 [pool-358-thread-1] INFO  server.RaftServerConfigKeys (ConfUtils.java:logGet(46)) - raft.server.log.write.buffer.size = 1048576 (custom)
2022-06-21 13:53:48,758 [pool-358-thread-1] INFO  server.RaftServerConfigKeys (ConfUtils.java:logGet(46)) - raft.server.log.unsafe-flush.enabled = false (default)
2022-06-21 13:53:48,758 [pool-358-thread-1] INFO  server.RaftServerConfigKeys (ConfUtils.java:logGet(46)) - raft.server.log.statemachine.data.caching.enabled = true (custom)
2022-06-21 13:53:48,758 [pool-358-thread-1] INFO  segmented.SegmentedRaftLogWorker (SegmentedRaftLogWorker.java:lambda$new$0(135)) - da1def5c-cec2-4abd-8fe1-fa8043868437@group-8DFC9E4944C0-SegmentedRaftLogWorker: flushIndex: setUnconditionally 0 -> -1
2022-06-21 13:53:48,758 [pool-358-thread-1] INFO  segmented.SegmentedRaftLogWorker (SegmentedRaftLogWorker.java:lambda$new$0(135)) - da1def5c-cec2-4abd-8fe1-fa8043868437@group-8DFC9E4944C0-SegmentedRaftLogWorker: safeCacheEvictIndex: setUnconditionally 0 -> -1
2022-06-21 13:53:48,770 [pool-358-thread-1] INFO  server.RaftServerConfigKeys (ConfUtils.java:logGet(46)) - raft.server.snapshot.auto.trigger.enabled = true (custom)
2022-06-21 13:53:48,770 [pool-358-thread-1] INFO  server.RaftServerConfigKeys (ConfUtils.java:logGet(46)) - raft.server.snapshot.auto.trigger.threshold = 10000 (custom)
2022-06-21 13:53:48,770 [pool-358-thread-1] INFO  server.RaftServerConfigKeys (ConfUtils.java:logGet(46)) - raft.server.snapshot.retention.file.num = 5 (custom)
2022-06-21 13:53:48,770 [pool-358-thread-1] INFO  server.RaftServerConfigKeys (ConfUtils.java:logGet(46)) - raft.server.log.purge.upto.snapshot.index = false (default)
2022-06-21 13:53:48,770 [pool-358-thread-1] INFO  server.RaftServerConfigKeys (ConfUtils.java:logGet(46)) - raft.server.retrycache.expirytime = 600000ms (custom)
2022-06-21 13:53:48,770 [pool-358-thread-1] INFO  server.RaftServerConfigKeys (ConfUtils.java:logGet(46)) - raft.server.retrycache.statistics.expirytime = 100μs (default)
2022-06-21 13:53:48,771 [pool-358-thread-1] INFO  server.RaftServerConfigKeys (ConfUtils.java:logGet(46)) - raft.server.log.appender.install.snapshot.enabled = false (custom)
2022-06-21 13:53:48,771 [pool-358-thread-1] INFO  server.RaftServerConfigKeys (ConfUtils.java:logGet(46)) - raft.server.threadpool.server.cached = true (default)
2022-06-21 13:53:48,771 [pool-358-thread-1] INFO  server.RaftServerConfigKeys (ConfUtils.java:logGet(46)) - raft.server.threadpool.server.size = 0 (default)
2022-06-21 13:53:48,771 [pool-358-thread-1] INFO  server.RaftServerConfigKeys (ConfUtils.java:logGet(46)) - raft.server.threadpool.client.cached = true (default)
2022-06-21 13:53:48,771 [pool-358-thread-1] INFO  server.RaftServerConfigKeys (ConfUtils.java:logGet(46)) - raft.server.threadpool.client.size = 0 (default)
2022-06-21 13:53:48,771 [pool-358-thread-1] INFO  server.RaftServer$Division (RaftServerImpl.java:start(310)) - da1def5c-cec2-4abd-8fe1-fa8043868437@group-8DFC9E4944C0: start as a follower, conf=-1: [d57b37be-f0fe-43c7-a820-540586909dc7|rpc:10.1.0.15:46147|dataStream:|priority:0, da1def5c-cec2-4abd-8fe1-fa8043868437|rpc:10.1.0.15:45839|dataStream:|priority:0, 81fc78bc-3d93-43eb-a149-ca8877d229a2|rpc:10.1.0.15:44705|dataStream:|priority:1], old=null
2022-06-21 13:53:48,771 [pool-358-thread-1] INFO  server.RaftServer$Division (RaftServerImpl.java:setRole(299)) - da1def5c-cec2-4abd-8fe1-fa8043868437@group-8DFC9E4944C0: changes role from      null to FOLLOWER at term 0 for startAsFollower
2022-06-21 13:53:48,771 [pool-358-thread-1] INFO  impl.RoleInfo (RoleInfo.java:updateAndGet(139)) - da1def5c-cec2-4abd-8fe1-fa8043868437: start da1def5c-cec2-4abd-8fe1-fa8043868437@group-8DFC9E4944C0-FollowerState
2022-06-21 13:53:48,787 [pool-358-thread-1] INFO  util.JmxRegister (JmxRegister.java:tryRegister(44)) - Successfully registered JMX Bean with object name Ratis:service=RaftServer,group=group-8DFC9E4944C0,id=da1def5c-cec2-4abd-8fe1-fa8043868437
2022-06-21 13:53:48,838 [Command processor thread] INFO  commandhandler.CreatePipelineCommandHandler (CreatePipelineCommandHandler.java:handle(113)) - Created Pipeline RATIS THREE PipelineID=57cec808-fb5e-4883-b3a4-8dfc9e4944c0.
2022-06-21 13:53:48,838 [Command processor thread] INFO  server.RaftServer (RaftServerProxy.java:addNew(96)) - 81fc78bc-3d93-43eb-a149-ca8877d229a2: addNew group-A3DC51EC3215:[d57b37be-f0fe-43c7-a820-540586909dc7|rpc:10.1.0.15:46147|priority:1, da1def5c-cec2-4abd-8fe1-fa8043868437|rpc:10.1.0.15:45839|priority:0, 81fc78bc-3d93-43eb-a149-ca8877d229a2|rpc:10.1.0.15:44705|priority:0] returns group-A3DC51EC3215:java.util.concurrent.CompletableFuture@22bd23f1[Not completed]
2022-06-21 13:53:48,839 [pool-312-thread-1] INFO  server.RaftServer$Division (RaftServerImpl.java:<init>(190)) - 81fc78bc-3d93-43eb-a149-ca8877d229a2: new RaftServerImpl for group-A3DC51EC3215:[d57b37be-f0fe-43c7-a820-540586909dc7|rpc:10.1.0.15:46147|priority:1, da1def5c-cec2-4abd-8fe1-fa8043868437|rpc:10.1.0.15:45839|priority:0, 81fc78bc-3d93-43eb-a149-ca8877d229a2|rpc:10.1.0.15:44705|priority:0] with ContainerStateMachine:uninitialized
2022-06-21 13:53:48,839 [pool-312-thread-1] INFO  server.RaftServerConfigKeys (ConfUtils.java:logGet(46)) - raft.server.rpc.timeout.min = 5s (custom)
2022-06-21 13:53:48,839 [pool-312-thread-1] INFO  server.RaftServerConfigKeys (ConfUtils.java:logGet(46)) - raft.server.rpc.timeout.max = 5200ms (custom)
2022-06-21 13:53:48,839 [pool-312-thread-1] INFO  server.RaftServerConfigKeys (ConfUtils.java:logGet(46)) - raft.server.rpc.sleep.time = 25ms (default)
2022-06-21 13:53:48,839 [pool-312-thread-1] INFO  server.RaftServerConfigKeys (ConfUtils.java:logGet(46)) - raft.server.rpc.slowness.timeout = 300s (custom)
2022-06-21 13:53:48,840 [pool-312-thread-1] INFO  server.RaftServerConfigKeys (ConfUtils.java:logGet(46)) - raft.server.leaderelection.leader.step-down.wait-time = 10s (default)
2022-06-21 13:53:48,840 [pool-312-thread-1] INFO  server.RaftServerConfigKeys (ConfUtils.java:logGet(46)) - raft.server.sleep.deviation.threshold = 300ms (default)
2022-06-21 13:53:48,840 [pool-312-thread-1] INFO  server.RaftServer$Division (ServerState.java:<init>(107)) - 81fc78bc-3d93-43eb-a149-ca8877d229a2@group-A3DC51EC3215: ConfigurationManager, init=-1: [d57b37be-f0fe-43c7-a820-540586909dc7|rpc:10.1.0.15:46147|priority:1, da1def5c-cec2-4abd-8fe1-fa8043868437|rpc:10.1.0.15:45839|priority:0, 81fc78bc-3d93-43eb-a149-ca8877d229a2|rpc:10.1.0.15:44705|priority:0], old=null, confs=<EMPTY_MAP>
2022-06-21 13:53:48,840 [pool-312-thread-1] INFO  server.RaftServerConfigKeys (ConfUtils.java:logGet(46)) - raft.server.storage.dir = [/home/runner/work/ozone/ozone/hadoop-ozone/integration-test/target/test-dir/MiniOzoneClusterImpl-034e9286-fd65-458d-99c2-fe4308dd713a/datanode-0/data/ratis] (custom)
2022-06-21 13:53:48,840 [pool-312-thread-1] INFO  server.RaftServerConfigKeys (ConfUtils.java:logGet(46)) - raft.server.log.corruption.policy = EXCEPTION (default)
2022-06-21 13:53:48,840 [pool-312-thread-1] INFO  server.RaftServerConfigKeys (ConfUtils.java:logGet(46)) - raft.server.storage.free-space.min = 0MB (=0) (default)
2022-06-21 13:53:48,840 [pool-312-thread-1] INFO  storage.RaftStorageDirectory (RaftStorageDirectoryImpl.java:analyzeStorage(135)) - The storage directory /home/runner/work/ozone/ozone/hadoop-ozone/integration-test/target/test-dir/MiniOzoneClusterImpl-034e9286-fd65-458d-99c2-fe4308dd713a/datanode-0/data/ratis/1591b29d-177a-435d-942b-a3dc51ec3215 does not exist. Creating ...
2022-06-21 13:53:48,841 [pool-312-thread-1] INFO  storage.RaftStorageDirectory (RaftStorageDirectoryImpl.java:tryLock(230)) - Lock on /home/runner/work/ozone/ozone/hadoop-ozone/integration-test/target/test-dir/MiniOzoneClusterImpl-034e9286-fd65-458d-99c2-fe4308dd713a/datanode-0/data/ratis/1591b29d-177a-435d-942b-a3dc51ec3215/in_use.lock acquired by nodename 17605@fv-az194-567
2022-06-21 13:53:48,846 [pool-312-thread-1] INFO  storage.RaftStorage (RaftStorageImpl.java:format(89)) - Storage directory /home/runner/work/ozone/ozone/hadoop-ozone/integration-test/target/test-dir/MiniOzoneClusterImpl-034e9286-fd65-458d-99c2-fe4308dd713a/datanode-0/data/ratis/1591b29d-177a-435d-942b-a3dc51ec3215 has been successfully formatted.
2022-06-21 13:53:48,847 [pool-312-thread-1] INFO  ratis.ContainerStateMachine (ContainerStateMachine.java:loadSnapshot(236)) - group-A3DC51EC3215: The snapshot info is null. Setting the last applied indexto:(t:0, i:~)
2022-06-21 13:53:48,847 [pool-312-thread-1] INFO  server.RaftServerConfigKeys (ConfUtils.java:logGet(46)) - raft.server.notification.no-leader.timeout = 300s (custom)
2022-06-21 13:53:48,847 [pool-312-thread-1] INFO  server.RaftServerConfigKeys (ConfUtils.java:logGet(46)) - raft.server.log.use.memory = false (default)
2022-06-21 13:53:48,847 [pool-312-thread-1] INFO  server.RaftServerConfigKeys (ConfUtils.java:logGet(46)) - raft.server.log.purge.gap = 1000000 (custom)
2022-06-21 13:53:48,847 [pool-312-thread-1] INFO  server.RaftServerConfigKeys (ConfUtils.java:logGet(46)) - raft.server.log.appender.buffer.byte-limit = 33554432 (custom)
2022-06-21 13:53:48,847 [pool-312-thread-1] INFO  server.RaftServerConfigKeys (ConfUtils.java:logGet(46)) - raft.server.log.statemachine.data.read.timeout = 1000ms (default)
2022-06-21 13:53:48,847 [pool-312-thread-1] INFO  server.RaftServerConfigKeys (ConfUtils.java:logGet(46)) - raft.server.log.segment.size.max = 1048576 (custom)
2022-06-21 13:53:48,847 [pool-312-thread-1] INFO  server.RaftServerConfigKeys (ConfUtils.java:logGet(46)) - raft.server.log.segment.cache.num.max = 2 (custom)
2022-06-21 13:53:48,847 [pool-312-thread-1] INFO  server.RaftServerConfigKeys (ConfUtils.java:logGet(46)) - raft.server.log.segment.cache.size.max = 200MB (=209715200) (default)
2022-06-21 13:53:48,847 [pool-312-thread-1] INFO  segmented.SegmentedRaftLogWorker (SegmentedRaftLogWorker.java:<init>(187)) - new 81fc78bc-3d93-43eb-a149-ca8877d229a2@group-A3DC51EC3215-SegmentedRaftLogWorker for RaftStorageImpl:Storage Directory /home/runner/work/ozone/ozone/hadoop-ozone/integration-test/target/test-dir/MiniOzoneClusterImpl-034e9286-fd65-458d-99c2-fe4308dd713a/datanode-0/data/ratis/1591b29d-177a-435d-942b-a3dc51ec3215
2022-06-21 13:53:48,848 [pool-312-thread-1] INFO  server.RaftServerConfigKeys (ConfUtils.java:logGet(46)) - raft.server.log.queue.byte-limit = 4294967296 (custom)
2022-06-21 13:53:48,848 [pool-312-thread-1] INFO  server.RaftServerConfigKeys (ConfUtils.java:logGet(46)) - raft.server.log.queue.element-limit = 1024 (custom)
2022-06-21 13:53:48,848 [pool-312-thread-1] INFO  server.RaftServerConfigKeys (ConfUtils.java:logGet(46)) - raft.server.log.segment.size.max = 1048576 (custom)
2022-06-21 13:53:48,848 [pool-312-thread-1] INFO  server.RaftServerConfigKeys (ConfUtils.java:logGet(46)) - raft.server.log.preallocated.size = 16384 (custom)
2022-06-21 13:53:48,848 [pool-312-thread-1] INFO  server.RaftServerConfigKeys (ConfUtils.java:logGet(46)) - raft.server.log.force.sync.num = 128 (default)
2022-06-21 13:53:48,848 [pool-312-thread-1] INFO  server.RaftServerConfigKeys (ConfUtils.java:logGet(46)) - raft.server.log.statemachine.data.sync = true (default)
2022-06-21 13:53:48,848 [pool-312-thread-1] INFO  server.RaftServerConfigKeys (ConfUtils.java:logGet(46)) - raft.server.log.statemachine.data.sync.timeout = 10s (default)
2022-06-21 13:53:48,848 [pool-312-thread-1] INFO  server.RaftServerConfigKeys (ConfUtils.java:logGet(46)) - raft.server.log.statemachine.data.sync.timeout.retry = -1 (default)
2022-06-21 13:53:48,849 [EventQueue-OpenPipelineForHealthyPipelineSafeModeRule] INFO  safemode.SCMSafeModeManager (HealthyPipelineSafeModeRule.java:process(124)) - SCM in safe mode. Healthy pipelines reported count is 0, required healthy pipeline reported count is 1
2022-06-21 13:53:48,850 [pool-312-thread-1] INFO  server.RaftServerConfigKeys (ConfUtils.java:logGet(46)) - raft.server.log.write.buffer.size = 1048576 (custom)
2022-06-21 13:53:48,851 [pool-312-thread-1] INFO  server.RaftServerConfigKeys (ConfUtils.java:logGet(46)) - raft.server.log.unsafe-flush.enabled = false (default)
2022-06-21 13:53:48,851 [pool-312-thread-1] INFO  server.RaftServerConfigKeys (ConfUtils.java:logGet(46)) - raft.server.log.statemachine.data.caching.enabled = true (custom)
2022-06-21 13:53:48,851 [pool-312-thread-1] INFO  segmented.SegmentedRaftLogWorker (SegmentedRaftLogWorker.java:lambda$new$0(135)) - 81fc78bc-3d93-43eb-a149-ca8877d229a2@group-A3DC51EC3215-SegmentedRaftLogWorker: flushIndex: setUnconditionally 0 -> -1
2022-06-21 13:53:48,851 [pool-312-thread-1] INFO  segmented.SegmentedRaftLogWorker (SegmentedRaftLogWorker.java:lambda$new$0(135)) - 81fc78bc-3d93-43eb-a149-ca8877d229a2@group-A3DC51EC3215-SegmentedRaftLogWorker: safeCacheEvictIndex: setUnconditionally 0 -> -1
2022-06-21 13:53:48,854 [pool-312-thread-1] INFO  server.RaftServerConfigKeys (ConfUtils.java:logGet(46)) - raft.server.snapshot.auto.trigger.enabled = true (custom)
2022-06-21 13:53:48,854 [pool-312-thread-1] INFO  server.RaftServerConfigKeys (ConfUtils.java:logGet(46)) - raft.server.snapshot.auto.trigger.threshold = 10000 (custom)
2022-06-21 13:53:48,854 [pool-312-thread-1] INFO  server.RaftServerConfigKeys (ConfUtils.java:logGet(46)) - raft.server.snapshot.retention.file.num = 5 (custom)
2022-06-21 13:53:48,854 [pool-312-thread-1] INFO  server.RaftServerConfigKeys (ConfUtils.java:logGet(46)) - raft.server.log.purge.upto.snapshot.index = false (default)
2022-06-21 13:53:48,854 [pool-312-thread-1] INFO  server.RaftServerConfigKeys (ConfUtils.java:logGet(46)) - raft.server.retrycache.expirytime = 600000ms (custom)
2022-06-21 13:53:48,854 [pool-312-thread-1] INFO  server.RaftServerConfigKeys (ConfUtils.java:logGet(46)) - raft.server.retrycache.statistics.expirytime = 100μs (default)
2022-06-21 13:53:48,856 [pool-312-thread-1] INFO  server.RaftServerConfigKeys (ConfUtils.java:logGet(46)) - raft.server.log.appender.install.snapshot.enabled = false (custom)
2022-06-21 13:53:48,856 [pool-312-thread-1] INFO  server.RaftServerConfigKeys (ConfUtils.java:logGet(46)) - raft.server.threadpool.server.cached = true (default)
2022-06-21 13:53:48,856 [pool-312-thread-1] INFO  server.RaftServerConfigKeys (ConfUtils.java:logGet(46)) - raft.server.threadpool.server.size = 0 (default)
2022-06-21 13:53:48,856 [pool-312-thread-1] INFO  server.RaftServerConfigKeys (ConfUtils.java:logGet(46)) - raft.server.threadpool.client.cached = true (default)
2022-06-21 13:53:48,856 [pool-312-thread-1] INFO  server.RaftServerConfigKeys (ConfUtils.java:logGet(46)) - raft.server.threadpool.client.size = 0 (default)
2022-06-21 13:53:48,856 [pool-312-thread-1] INFO  server.RaftServer$Division (RaftServerImpl.java:start(310)) - 81fc78bc-3d93-43eb-a149-ca8877d229a2@group-A3DC51EC3215: start as a follower, conf=-1: [d57b37be-f0fe-43c7-a820-540586909dc7|rpc:10.1.0.15:46147|priority:1, da1def5c-cec2-4abd-8fe1-fa8043868437|rpc:10.1.0.15:45839|priority:0, 81fc78bc-3d93-43eb-a149-ca8877d229a2|rpc:10.1.0.15:44705|priority:0], old=null
2022-06-21 13:53:48,856 [pool-312-thread-1] INFO  server.RaftServer$Division (RaftServerImpl.java:setRole(299)) - 81fc78bc-3d93-43eb-a149-ca8877d229a2@group-A3DC51EC3215: changes role from      null to FOLLOWER at term 0 for startAsFollower
2022-06-21 13:53:48,856 [pool-312-thread-1] INFO  impl.RoleInfo (RoleInfo.java:updateAndGet(139)) - 81fc78bc-3d93-43eb-a149-ca8877d229a2: start 81fc78bc-3d93-43eb-a149-ca8877d229a2@group-A3DC51EC3215-FollowerState
2022-06-21 13:53:48,857 [pool-312-thread-1] INFO  util.JmxRegister (JmxRegister.java:tryRegister(44)) - Successfully registered JMX Bean with object name Ratis:service=RaftServer,group=group-A3DC51EC3215,id=81fc78bc-3d93-43eb-a149-ca8877d229a2
2022-06-21 13:53:48,857 [Command processor thread] INFO  ratis.XceiverServerRatis (XceiverServerRatis.java:addGroup(765)) - Created group PipelineID=1591b29d-177a-435d-942b-a3dc51ec3215
2022-06-21 13:53:48,908 [grpc-default-executor-0] INFO  server.RaftServer (RaftServerProxy.java:addNew(96)) - d57b37be-f0fe-43c7-a820-540586909dc7: addNew group-A3DC51EC3215:[d57b37be-f0fe-43c7-a820-540586909dc7|rpc:10.1.0.15:46147|dataStream:|priority:1, da1def5c-cec2-4abd-8fe1-fa8043868437|rpc:10.1.0.15:45839|dataStream:|priority:0, 81fc78bc-3d93-43eb-a149-ca8877d229a2|rpc:10.1.0.15:44705|dataStream:|priority:0] returns group-A3DC51EC3215:java.util.concurrent.CompletableFuture@7dcf6efc[Not completed]
2022-06-21 13:53:48,910 [pool-335-thread-1] INFO  server.RaftServer$Division (RaftServerImpl.java:<init>(190)) - d57b37be-f0fe-43c7-a820-540586909dc7: new RaftServerImpl for group-A3DC51EC3215:[d57b37be-f0fe-43c7-a820-540586909dc7|rpc:10.1.0.15:46147|dataStream:|priority:1, da1def5c-cec2-4abd-8fe1-fa8043868437|rpc:10.1.0.15:45839|dataStream:|priority:0, 81fc78bc-3d93-43eb-a149-ca8877d229a2|rpc:10.1.0.15:44705|dataStream:|priority:0] with ContainerStateMachine:uninitialized
2022-06-21 13:53:48,910 [pool-335-thread-1] INFO  server.RaftServerConfigKeys (ConfUtils.java:logGet(46)) - raft.server.rpc.timeout.min = 5s (custom)
2022-06-21 13:53:48,910 [pool-335-thread-1] INFO  server.RaftServerConfigKeys (ConfUtils.java:logGet(46)) - raft.server.rpc.timeout.max = 5200ms (custom)
2022-06-21 13:53:48,910 [pool-335-thread-1] INFO  server.RaftServerConfigKeys (ConfUtils.java:logGet(46)) - raft.server.rpc.sleep.time = 25ms (default)
2022-06-21 13:53:48,910 [pool-335-thread-1] INFO  server.RaftServerConfigKeys (ConfUtils.java:logGet(46)) - raft.server.rpc.slowness.timeout = 300s (custom)
2022-06-21 13:53:48,910 [pool-335-thread-1] INFO  server.RaftServerConfigKeys (ConfUtils.java:logGet(46)) - raft.server.leaderelection.leader.step-down.wait-time = 10s (default)
2022-06-21 13:53:48,910 [pool-335-thread-1] INFO  server.RaftServerConfigKeys (ConfUtils.java:logGet(46)) - raft.server.sleep.deviation.threshold = 300ms (default)
2022-06-21 13:53:48,910 [pool-335-thread-1] INFO  server.RaftServer$Division (ServerState.java:<init>(107)) - d57b37be-f0fe-43c7-a820-540586909dc7@group-A3DC51EC3215: ConfigurationManager, init=-1: [d57b37be-f0fe-43c7-a820-540586909dc7|rpc:10.1.0.15:46147|dataStream:|priority:1, da1def5c-cec2-4abd-8fe1-fa8043868437|rpc:10.1.0.15:45839|dataStream:|priority:0, 81fc78bc-3d93-43eb-a149-ca8877d229a2|rpc:10.1.0.15:44705|dataStream:|priority:0], old=null, confs=<EMPTY_MAP>
2022-06-21 13:53:48,911 [pool-335-thread-1] INFO  server.RaftServerConfigKeys (ConfUtils.java:logGet(46)) - raft.server.storage.dir = [/home/runner/work/ozone/ozone/hadoop-ozone/integration-test/target/test-dir/MiniOzoneClusterImpl-034e9286-fd65-458d-99c2-fe4308dd713a/datanode-1/data/ratis] (custom)
2022-06-21 13:53:48,911 [pool-335-thread-1] INFO  server.RaftServerConfigKeys (ConfUtils.java:logGet(46)) - raft.server.log.corruption.policy = EXCEPTION (default)
2022-06-21 13:53:48,911 [pool-335-thread-1] INFO  server.RaftServerConfigKeys (ConfUtils.java:logGet(46)) - raft.server.storage.free-space.min = 0MB (=0) (default)
2022-06-21 13:53:48,911 [pool-335-thread-1] INFO  storage.RaftStorageDirectory (RaftStorageDirectoryImpl.java:analyzeStorage(135)) - The storage directory /home/runner/work/ozone/ozone/hadoop-ozone/integration-test/target/test-dir/MiniOzoneClusterImpl-034e9286-fd65-458d-99c2-fe4308dd713a/datanode-1/data/ratis/1591b29d-177a-435d-942b-a3dc51ec3215 does not exist. Creating ...
2022-06-21 13:53:48,912 [pool-335-thread-1] INFO  storage.RaftStorageDirectory (RaftStorageDirectoryImpl.java:tryLock(230)) - Lock on /home/runner/work/ozone/ozone/hadoop-ozone/integration-test/target/test-dir/MiniOzoneClusterImpl-034e9286-fd65-458d-99c2-fe4308dd713a/datanode-1/data/ratis/1591b29d-177a-435d-942b-a3dc51ec3215/in_use.lock acquired by nodename 17605@fv-az194-567
2022-06-21 13:53:48,918 [pool-335-thread-1] INFO  storage.RaftStorage (RaftStorageImpl.java:format(89)) - Storage directory /home/runner/work/ozone/ozone/hadoop-ozone/integration-test/target/test-dir/MiniOzoneClusterImpl-034e9286-fd65-458d-99c2-fe4308dd713a/datanode-1/data/ratis/1591b29d-177a-435d-942b-a3dc51ec3215 has been successfully formatted.
2022-06-21 13:53:48,919 [pool-335-thread-1] INFO  ratis.ContainerStateMachine (ContainerStateMachine.java:loadSnapshot(236)) - group-A3DC51EC3215: The snapshot info is null. Setting the last applied indexto:(t:0, i:~)
2022-06-21 13:53:48,919 [pool-335-thread-1] INFO  server.RaftServerConfigKeys (ConfUtils.java:logGet(46)) - raft.server.notification.no-leader.timeout = 300s (custom)
2022-06-21 13:53:48,919 [pool-335-thread-1] INFO  server.RaftServerConfigKeys (ConfUtils.java:logGet(46)) - raft.server.log.use.memory = false (default)
2022-06-21 13:53:48,919 [pool-335-thread-1] INFO  server.RaftServerConfigKeys (ConfUtils.java:logGet(46)) - raft.server.log.purge.gap = 1000000 (custom)
2022-06-21 13:53:48,919 [pool-335-thread-1] INFO  server.RaftServerConfigKeys (ConfUtils.java:logGet(46)) - raft.server.log.appender.buffer.byte-limit = 33554432 (custom)
2022-06-21 13:53:48,919 [pool-335-thread-1] INFO  server.RaftServerConfigKeys (ConfUtils.java:logGet(46)) - raft.server.log.statemachine.data.read.timeout = 1000ms (default)
2022-06-21 13:53:48,919 [pool-335-thread-1] INFO  server.RaftServerConfigKeys (ConfUtils.java:logGet(46)) - raft.server.log.segment.size.max = 1048576 (custom)
2022-06-21 13:53:48,919 [pool-335-thread-1] INFO  server.RaftServerConfigKeys (ConfUtils.java:logGet(46)) - raft.server.log.segment.cache.num.max = 2 (custom)
2022-06-21 13:53:48,920 [pool-335-thread-1] INFO  server.RaftServerConfigKeys (ConfUtils.java:logGet(46)) - raft.server.log.segment.cache.size.max = 200MB (=209715200) (default)
2022-06-21 13:53:48,920 [pool-335-thread-1] INFO  segmented.SegmentedRaftLogWorker (SegmentedRaftLogWorker.java:<init>(187)) - new d57b37be-f0fe-43c7-a820-540586909dc7@group-A3DC51EC3215-SegmentedRaftLogWorker for RaftStorageImpl:Storage Directory /home/runner/work/ozone/ozone/hadoop-ozone/integration-test/target/test-dir/MiniOzoneClusterImpl-034e9286-fd65-458d-99c2-fe4308dd713a/datanode-1/data/ratis/1591b29d-177a-435d-942b-a3dc51ec3215
2022-06-21 13:53:48,920 [pool-335-thread-1] INFO  server.RaftServerConfigKeys (ConfUtils.java:logGet(46)) - raft.server.log.queue.byte-limit = 4294967296 (custom)
2022-06-21 13:53:48,920 [pool-335-thread-1] INFO  server.RaftServerConfigKeys (ConfUtils.java:logGet(46)) - raft.server.log.queue.element-limit = 1024 (custom)
2022-06-21 13:53:48,920 [pool-335-thread-1] INFO  server.RaftServerConfigKeys (ConfUtils.java:logGet(46)) - raft.server.log.segment.size.max = 1048576 (custom)
2022-06-21 13:53:48,920 [pool-335-thread-1] INFO  server.RaftServerConfigKeys (ConfUtils.java:logGet(46)) - raft.server.log.preallocated.size = 16384 (custom)
2022-06-21 13:53:48,920 [pool-335-thread-1] INFO  server.RaftServerConfigKeys (ConfUtils.java:logGet(46)) - raft.server.log.force.sync.num = 128 (default)
2022-06-21 13:53:48,920 [pool-335-thread-1] INFO  server.RaftServerConfigKeys (ConfUtils.java:logGet(46)) - raft.server.log.statemachine.data.sync = true (default)
2022-06-21 13:53:48,920 [pool-335-thread-1] INFO  server.RaftServerConfigKeys (ConfUtils.java:logGet(46)) - raft.server.log.statemachine.data.sync.timeout = 10s (default)
2022-06-21 13:53:48,920 [pool-335-thread-1] INFO  server.RaftServerConfigKeys (ConfUtils.java:logGet(46)) - raft.server.log.statemachine.data.sync.timeout.retry = -1 (default)
2022-06-21 13:53:48,921 [pool-335-thread-1] INFO  server.RaftServerConfigKeys (ConfUtils.java:logGet(46)) - raft.server.log.write.buffer.size = 1048576 (custom)
2022-06-21 13:53:48,921 [pool-335-thread-1] INFO  server.RaftServerConfigKeys (ConfUtils.java:logGet(46)) - raft.server.log.unsafe-flush.enabled = false (default)
2022-06-21 13:53:48,921 [pool-335-thread-1] INFO  server.RaftServerConfigKeys (ConfUtils.java:logGet(46)) - raft.server.log.statemachine.data.caching.enabled = true (custom)
2022-06-21 13:53:48,921 [pool-335-thread-1] INFO  segmented.SegmentedRaftLogWorker (SegmentedRaftLogWorker.java:lambda$new$0(135)) - d57b37be-f0fe-43c7-a820-540586909dc7@group-A3DC51EC3215-SegmentedRaftLogWorker: flushIndex: setUnconditionally 0 -> -1
2022-06-21 13:53:48,921 [pool-335-thread-1] INFO  segmented.SegmentedRaftLogWorker (SegmentedRaftLogWorker.java:lambda$new$0(135)) - d57b37be-f0fe-43c7-a820-540586909dc7@group-A3DC51EC3215-SegmentedRaftLogWorker: safeCacheEvictIndex: setUnconditionally 0 -> -1
2022-06-21 13:53:48,930 [pool-335-thread-1] INFO  server.RaftServerConfigKeys (ConfUtils.java:logGet(46)) - raft.server.snapshot.auto.trigger.enabled = true (custom)
2022-06-21 13:53:48,931 [pool-335-thread-1] INFO  server.RaftServerConfigKeys (ConfUtils.java:logGet(46)) - raft.server.snapshot.auto.trigger.threshold = 10000 (custom)
2022-06-21 13:53:48,931 [pool-335-thread-1] INFO  server.RaftServerConfigKeys (ConfUtils.java:logGet(46)) - raft.server.snapshot.retention.file.num = 5 (custom)
2022-06-21 13:53:48,931 [pool-335-thread-1] INFO  server.RaftServerConfigKeys (ConfUtils.java:logGet(46)) - raft.server.log.purge.upto.snapshot.index = false (default)
2022-06-21 13:53:48,931 [pool-335-thread-1] INFO  server.RaftServerConfigKeys (ConfUtils.java:logGet(46)) - raft.server.retrycache.expirytime = 600000ms (custom)
2022-06-21 13:53:48,931 [pool-335-thread-1] INFO  server.RaftServerConfigKeys (ConfUtils.java:logGet(46)) - raft.server.retrycache.statistics.expirytime = 100μs (default)
2022-06-21 13:53:48,939 [pool-335-thread-1] INFO  server.RaftServerConfigKeys (ConfUtils.java:logGet(46)) - raft.server.log.appender.install.snapshot.enabled = false (custom)
2022-06-21 13:53:48,939 [pool-335-thread-1] INFO  server.RaftServerConfigKeys (ConfUtils.java:logGet(46)) - raft.server.threadpool.server.cached = true (default)
2022-06-21 13:53:48,939 [pool-335-thread-1] INFO  server.RaftServerConfigKeys (ConfUtils.java:logGet(46)) - raft.server.threadpool.server.size = 0 (default)
2022-06-21 13:53:48,939 [pool-335-thread-1] INFO  server.RaftServerConfigKeys (ConfUtils.java:logGet(46)) - raft.server.threadpool.client.cached = true (default)
2022-06-21 13:53:48,939 [pool-335-thread-1] INFO  server.RaftServerConfigKeys (ConfUtils.java:logGet(46)) - raft.server.threadpool.client.size = 0 (default)
2022-06-21 13:53:48,939 [pool-335-thread-1] INFO  server.RaftServer$Division (RaftServerImpl.java:start(310)) - d57b37be-f0fe-43c7-a820-540586909dc7@group-A3DC51EC3215: start as a follower, conf=-1: [d57b37be-f0fe-43c7-a820-540586909dc7|rpc:10.1.0.15:46147|dataStream:|priority:1, da1def5c-cec2-4abd-8fe1-fa8043868437|rpc:10.1.0.15:45839|dataStream:|priority:0, 81fc78bc-3d93-43eb-a149-ca8877d229a2|rpc:10.1.0.15:44705|dataStream:|priority:0], old=null
2022-06-21 13:53:48,939 [pool-335-thread-1] INFO  server.RaftServer$Division (RaftServerImpl.java:setRole(299)) - d57b37be-f0fe-43c7-a820-540586909dc7@group-A3DC51EC3215: changes role from      null to FOLLOWER at term 0 for startAsFollower
2022-06-21 13:53:48,939 [pool-335-thread-1] INFO  impl.RoleInfo (RoleInfo.java:updateAndGet(139)) - d57b37be-f0fe-43c7-a820-540586909dc7: start d57b37be-f0fe-43c7-a820-540586909dc7@group-A3DC51EC3215-FollowerState
2022-06-21 13:53:48,950 [pool-335-thread-1] INFO  util.JmxRegister (JmxRegister.java:tryRegister(44)) - Successfully registered JMX Bean with object name Ratis:service=RaftServer,group=group-A3DC51EC3215,id=d57b37be-f0fe-43c7-a820-540586909dc7
2022-06-21 13:53:49,019 [grpc-default-executor-0] INFO  server.RaftServer (RaftServerProxy.java:addNew(96)) - da1def5c-cec2-4abd-8fe1-fa8043868437: addNew group-A3DC51EC3215:[d57b37be-f0fe-43c7-a820-540586909dc7|rpc:10.1.0.15:46147|dataStream:|priority:1, da1def5c-cec2-4abd-8fe1-fa8043868437|rpc:10.1.0.15:45839|dataStream:|priority:0, 81fc78bc-3d93-43eb-a149-ca8877d229a2|rpc:10.1.0.15:44705|dataStream:|priority:0] returns group-A3DC51EC3215:java.util.concurrent.CompletableFuture@4fa8d48f[Not completed]
2022-06-21 13:53:49,020 [pool-358-thread-1] INFO  server.RaftServer$Division (RaftServerImpl.java:<init>(190)) - da1def5c-cec2-4abd-8fe1-fa8043868437: new RaftServerImpl for group-A3DC51EC3215:[d57b37be-f0fe-43c7-a820-540586909dc7|rpc:10.1.0.15:46147|dataStream:|priority:1, da1def5c-cec2-4abd-8fe1-fa8043868437|rpc:10.1.0.15:45839|dataStream:|priority:0, 81fc78bc-3d93-43eb-a149-ca8877d229a2|rpc:10.1.0.15:44705|dataStream:|priority:0] with ContainerStateMachine:uninitialized
2022-06-21 13:53:49,020 [pool-358-thread-1] INFO  server.RaftServerConfigKeys (ConfUtils.java:logGet(46)) - raft.server.rpc.timeout.min = 5s (custom)
2022-06-21 13:53:49,020 [pool-358-thread-1] INFO  server.RaftServerConfigKeys (ConfUtils.java:logGet(46)) - raft.server.rpc.timeout.max = 5200ms (custom)
2022-06-21 13:53:49,020 [pool-358-thread-1] INFO  server.RaftServerConfigKeys (ConfUtils.java:logGet(46)) - raft.server.rpc.sleep.time = 25ms (default)
2022-06-21 13:53:49,020 [pool-358-thread-1] INFO  server.RaftServerConfigKeys (ConfUtils.java:logGet(46)) - raft.server.rpc.slowness.timeout = 300s (custom)
2022-06-21 13:53:49,020 [pool-358-thread-1] INFO  server.RaftServerConfigKeys (ConfUtils.java:logGet(46)) - raft.server.leaderelection.leader.step-down.wait-time = 10s (default)
2022-06-21 13:53:49,020 [pool-358-thread-1] INFO  server.RaftServerConfigKeys (ConfUtils.java:logGet(46)) - raft.server.sleep.deviation.threshold = 300ms (default)
2022-06-21 13:53:49,020 [pool-358-thread-1] INFO  server.RaftServer$Division (ServerState.java:<init>(107)) - da1def5c-cec2-4abd-8fe1-fa8043868437@group-A3DC51EC3215: ConfigurationManager, init=-1: [d57b37be-f0fe-43c7-a820-540586909dc7|rpc:10.1.0.15:46147|dataStream:|priority:1, da1def5c-cec2-4abd-8fe1-fa8043868437|rpc:10.1.0.15:45839|dataStream:|priority:0, 81fc78bc-3d93-43eb-a149-ca8877d229a2|rpc:10.1.0.15:44705|dataStream:|priority:0], old=null, confs=<EMPTY_MAP>
2022-06-21 13:53:49,020 [pool-358-thread-1] INFO  server.RaftServerConfigKeys (ConfUtils.java:logGet(46)) - raft.server.storage.dir = [/home/runner/work/ozone/ozone/hadoop-ozone/integration-test/target/test-dir/MiniOzoneClusterImpl-034e9286-fd65-458d-99c2-fe4308dd713a/datanode-2/data/ratis] (custom)
2022-06-21 13:53:49,020 [pool-358-thread-1] INFO  server.RaftServerConfigKeys (ConfUtils.java:logGet(46)) - raft.server.log.corruption.policy = EXCEPTION (default)
2022-06-21 13:53:49,020 [pool-358-thread-1] INFO  server.RaftServerConfigKeys (ConfUtils.java:logGet(46)) - raft.server.storage.free-space.min = 0MB (=0) (default)
2022-06-21 13:53:49,020 [pool-358-thread-1] INFO  storage.RaftStorageDirectory (RaftStorageDirectoryImpl.java:analyzeStorage(135)) - The storage directory /home/runner/work/ozone/ozone/hadoop-ozone/integration-test/target/test-dir/MiniOzoneClusterImpl-034e9286-fd65-458d-99c2-fe4308dd713a/datanode-2/data/ratis/1591b29d-177a-435d-942b-a3dc51ec3215 does not exist. Creating ...
2022-06-21 13:53:49,022 [pool-358-thread-1] INFO  storage.RaftStorageDirectory (RaftStorageDirectoryImpl.java:tryLock(230)) - Lock on /home/runner/work/ozone/ozone/hadoop-ozone/integration-test/target/test-dir/MiniOzoneClusterImpl-034e9286-fd65-458d-99c2-fe4308dd713a/datanode-2/data/ratis/1591b29d-177a-435d-942b-a3dc51ec3215/in_use.lock acquired by nodename 17605@fv-az194-567
2022-06-21 13:53:49,026 [pool-358-thread-1] INFO  storage.RaftStorage (RaftStorageImpl.java:format(89)) - Storage directory /home/runner/work/ozone/ozone/hadoop-ozone/integration-test/target/test-dir/MiniOzoneClusterImpl-034e9286-fd65-458d-99c2-fe4308dd713a/datanode-2/data/ratis/1591b29d-177a-435d-942b-a3dc51ec3215 has been successfully formatted.
2022-06-21 13:53:49,026 [pool-358-thread-1] INFO  ratis.ContainerStateMachine (ContainerStateMachine.java:loadSnapshot(236)) - group-A3DC51EC3215: The snapshot info is null. Setting the last applied indexto:(t:0, i:~)
2022-06-21 13:53:49,026 [pool-358-thread-1] INFO  server.RaftServerConfigKeys (ConfUtils.java:logGet(46)) - raft.server.notification.no-leader.timeout = 300s (custom)
2022-06-21 13:53:49,027 [pool-358-thread-1] INFO  server.RaftServerConfigKeys (ConfUtils.java:logGet(46)) - raft.server.log.use.memory = false (default)
2022-06-21 13:53:49,027 [pool-358-thread-1] INFO  server.RaftServerConfigKeys (ConfUtils.java:logGet(46)) - raft.server.log.purge.gap = 1000000 (custom)
2022-06-21 13:53:49,027 [pool-358-thread-1] INFO  server.RaftServerConfigKeys (ConfUtils.java:logGet(46)) - raft.server.log.appender.buffer.byte-limit = 33554432 (custom)
2022-06-21 13:53:49,027 [pool-358-thread-1] INFO  server.RaftServerConfigKeys (ConfUtils.java:logGet(46)) - raft.server.log.statemachine.data.read.timeout = 1000ms (default)
2022-06-21 13:53:49,027 [pool-358-thread-1] INFO  server.RaftServerConfigKeys (ConfUtils.java:logGet(46)) - raft.server.log.segment.size.max = 1048576 (custom)
2022-06-21 13:53:49,027 [pool-358-thread-1] INFO  server.RaftServerConfigKeys (ConfUtils.java:logGet(46)) - raft.server.log.segment.cache.num.max = 2 (custom)
2022-06-21 13:53:49,027 [pool-358-thread-1] INFO  server.RaftServerConfigKeys (ConfUtils.java:logGet(46)) - raft.server.log.segment.cache.size.max = 200MB (=209715200) (default)
2022-06-21 13:53:49,027 [pool-358-thread-1] INFO  segmented.SegmentedRaftLogWorker (SegmentedRaftLogWorker.java:<init>(187)) - new da1def5c-cec2-4abd-8fe1-fa8043868437@group-A3DC51EC3215-SegmentedRaftLogWorker for RaftStorageImpl:Storage Directory /home/runner/work/ozone/ozone/hadoop-ozone/integration-test/target/test-dir/MiniOzoneClusterImpl-034e9286-fd65-458d-99c2-fe4308dd713a/datanode-2/data/ratis/1591b29d-177a-435d-942b-a3dc51ec3215
2022-06-21 13:53:49,027 [pool-358-thread-1] INFO  server.RaftServerConfigKeys (ConfUtils.java:logGet(46)) - raft.server.log.queue.byte-limit = 4294967296 (custom)
2022-06-21 13:53:49,027 [pool-358-thread-1] INFO  server.RaftServerConfigKeys (ConfUtils.java:logGet(46)) - raft.server.log.queue.element-limit = 1024 (custom)
2022-06-21 13:53:49,027 [pool-358-thread-1] INFO  server.RaftServerConfigKeys (ConfUtils.java:logGet(46)) - raft.server.log.segment.size.max = 1048576 (custom)
2022-06-21 13:53:49,027 [pool-358-thread-1] INFO  server.RaftServerConfigKeys (ConfUtils.java:logGet(46)) - raft.server.log.preallocated.size = 16384 (custom)
2022-06-21 13:53:49,027 [pool-358-thread-1] INFO  server.RaftServerConfigKeys (ConfUtils.java:logGet(46)) - raft.server.log.force.sync.num = 128 (default)
2022-06-21 13:53:49,028 [pool-358-thread-1] INFO  server.RaftServerConfigKeys (ConfUtils.java:logGet(46)) - raft.server.log.statemachine.data.sync = true (default)
2022-06-21 13:53:49,028 [pool-358-thread-1] INFO  server.RaftServerConfigKeys (ConfUtils.java:logGet(46)) - raft.server.log.statemachine.data.sync.timeout = 10s (default)
2022-06-21 13:53:49,028 [pool-358-thread-1] INFO  server.RaftServerConfigKeys (ConfUtils.java:logGet(46)) - raft.server.log.statemachine.data.sync.timeout.retry = -1 (default)
2022-06-21 13:53:49,028 [pool-358-thread-1] INFO  server.RaftServerConfigKeys (ConfUtils.java:logGet(46)) - raft.server.log.write.buffer.size = 1048576 (custom)
2022-06-21 13:53:49,029 [pool-358-thread-1] INFO  server.RaftServerConfigKeys (ConfUtils.java:logGet(46)) - raft.server.log.unsafe-flush.enabled = false (default)
2022-06-21 13:53:49,029 [pool-358-thread-1] INFO  server.RaftServerConfigKeys (ConfUtils.java:logGet(46)) - raft.server.log.statemachine.data.caching.enabled = true (custom)
2022-06-21 13:53:49,029 [pool-358-thread-1] INFO  segmented.SegmentedRaftLogWorker (SegmentedRaftLogWorker.java:lambda$new$0(135)) - da1def5c-cec2-4abd-8fe1-fa8043868437@group-A3DC51EC3215-SegmentedRaftLogWorker: flushIndex: setUnconditionally 0 -> -1
2022-06-21 13:53:49,029 [pool-358-thread-1] INFO  segmented.SegmentedRaftLogWorker (SegmentedRaftLogWorker.java:lambda$new$0(135)) - da1def5c-cec2-4abd-8fe1-fa8043868437@group-A3DC51EC3215-SegmentedRaftLogWorker: safeCacheEvictIndex: setUnconditionally 0 -> -1
2022-06-21 13:53:49,042 [pool-358-thread-1] INFO  server.RaftServerConfigKeys (ConfUtils.java:logGet(46)) - raft.server.snapshot.auto.trigger.enabled = true (custom)
2022-06-21 13:53:49,042 [pool-358-thread-1] INFO  server.RaftServerConfigKeys (ConfUtils.java:logGet(46)) - raft.server.snapshot.auto.trigger.threshold = 10000 (custom)
2022-06-21 13:53:49,042 [pool-358-thread-1] INFO  server.RaftServerConfigKeys (ConfUtils.java:logGet(46)) - raft.server.snapshot.retention.file.num = 5 (custom)
2022-06-21 13:53:49,042 [pool-358-thread-1] INFO  server.RaftServerConfigKeys (ConfUtils.java:logGet(46)) - raft.server.log.purge.upto.snapshot.index = false (default)
2022-06-21 13:53:49,042 [pool-358-thread-1] INFO  server.RaftServerConfigKeys (ConfUtils.java:logGet(46)) - raft.server.retrycache.expirytime = 600000ms (custom)
2022-06-21 13:53:49,042 [pool-358-thread-1] INFO  server.RaftServerConfigKeys (ConfUtils.java:logGet(46)) - raft.server.retrycache.statistics.expirytime = 100μs (default)
2022-06-21 13:53:49,044 [pool-358-thread-1] INFO  server.RaftServerConfigKeys (ConfUtils.java:logGet(46)) - raft.server.log.appender.install.snapshot.enabled = false (custom)
2022-06-21 13:53:49,044 [pool-358-thread-1] INFO  server.RaftServerConfigKeys (ConfUtils.java:logGet(46)) - raft.server.threadpool.server.cached = true (default)
2022-06-21 13:53:49,044 [pool-358-thread-1] INFO  server.RaftServerConfigKeys (ConfUtils.java:logGet(46)) - raft.server.threadpool.server.size = 0 (default)
2022-06-21 13:53:49,044 [pool-358-thread-1] INFO  server.RaftServerConfigKeys (ConfUtils.java:logGet(46)) - raft.server.threadpool.client.cached = true (default)
2022-06-21 13:53:49,044 [pool-358-thread-1] INFO  server.RaftServerConfigKeys (ConfUtils.java:logGet(46)) - raft.server.threadpool.client.size = 0 (default)
2022-06-21 13:53:49,044 [pool-358-thread-1] INFO  server.RaftServer$Division (RaftServerImpl.java:start(310)) - da1def5c-cec2-4abd-8fe1-fa8043868437@group-A3DC51EC3215: start as a follower, conf=-1: [d57b37be-f0fe-43c7-a820-540586909dc7|rpc:10.1.0.15:46147|dataStream:|priority:1, da1def5c-cec2-4abd-8fe1-fa8043868437|rpc:10.1.0.15:45839|dataStream:|priority:0, 81fc78bc-3d93-43eb-a149-ca8877d229a2|rpc:10.1.0.15:44705|dataStream:|priority:0], old=null
2022-06-21 13:53:49,044 [pool-358-thread-1] INFO  server.RaftServer$Division (RaftServerImpl.java:setRole(299)) - da1def5c-cec2-4abd-8fe1-fa8043868437@group-A3DC51EC3215: changes role from      null to FOLLOWER at term 0 for startAsFollower
2022-06-21 13:53:49,044 [pool-358-thread-1] INFO  impl.RoleInfo (RoleInfo.java:updateAndGet(139)) - da1def5c-cec2-4abd-8fe1-fa8043868437: start da1def5c-cec2-4abd-8fe1-fa8043868437@group-A3DC51EC3215-FollowerState
2022-06-21 13:53:49,054 [pool-358-thread-1] INFO  util.JmxRegister (JmxRegister.java:tryRegister(44)) - Successfully registered JMX Bean with object name Ratis:service=RaftServer,group=group-A3DC51EC3215,id=da1def5c-cec2-4abd-8fe1-fa8043868437
2022-06-21 13:53:49,065 [Command processor thread] INFO  commandhandler.CreatePipelineCommandHandler (CreatePipelineCommandHandler.java:handle(113)) - Created Pipeline RATIS THREE PipelineID=1591b29d-177a-435d-942b-a3dc51ec3215.
2022-06-21 13:53:49,091 [Command processor thread] INFO  server.RaftServer (RaftServerProxy.java:addNew(96)) - d57b37be-f0fe-43c7-a820-540586909dc7: addNew group-BF1E830388F9:[d57b37be-f0fe-43c7-a820-540586909dc7|rpc:10.1.0.15:46147|priority:1] returns group-BF1E830388F9:java.util.concurrent.CompletableFuture@49c6d5e1[Not completed]
2022-06-21 13:53:49,092 [pool-335-thread-1] INFO  server.RaftServer$Division (RaftServerImpl.java:<init>(190)) - d57b37be-f0fe-43c7-a820-540586909dc7: new RaftServerImpl for group-BF1E830388F9:[d57b37be-f0fe-43c7-a820-540586909dc7|rpc:10.1.0.15:46147|priority:1] with ContainerStateMachine:uninitialized
2022-06-21 13:53:49,092 [pool-335-thread-1] INFO  server.RaftServerConfigKeys (ConfUtils.java:logGet(46)) - raft.server.rpc.timeout.min = 5s (custom)
2022-06-21 13:53:49,092 [pool-335-thread-1] INFO  server.RaftServerConfigKeys (ConfUtils.java:logGet(46)) - raft.server.rpc.timeout.max = 5200ms (custom)
2022-06-21 13:53:49,092 [pool-335-thread-1] INFO  server.RaftServerConfigKeys (ConfUtils.java:logGet(46)) - raft.server.rpc.sleep.time = 25ms (default)
2022-06-21 13:53:49,092 [pool-335-thread-1] INFO  server.RaftServerConfigKeys (ConfUtils.java:logGet(46)) - raft.server.rpc.slowness.timeout = 300s (custom)
2022-06-21 13:53:49,092 [pool-335-thread-1] INFO  server.RaftServerConfigKeys (ConfUtils.java:logGet(46)) - raft.server.leaderelection.leader.step-down.wait-time = 10s (default)
2022-06-21 13:53:49,092 [pool-335-thread-1] INFO  server.RaftServerConfigKeys (ConfUtils.java:logGet(46)) - raft.server.sleep.deviation.threshold = 300ms (default)
2022-06-21 13:53:49,092 [pool-335-thread-1] INFO  server.RaftServer$Division (ServerState.java:<init>(107)) - d57b37be-f0fe-43c7-a820-540586909dc7@group-BF1E830388F9: ConfigurationManager, init=-1: [d57b37be-f0fe-43c7-a820-540586909dc7|rpc:10.1.0.15:46147|priority:1], old=null, confs=<EMPTY_MAP>
2022-06-21 13:53:49,092 [pool-335-thread-1] INFO  server.RaftServerConfigKeys (ConfUtils.java:logGet(46)) - raft.server.storage.dir = [/home/runner/work/ozone/ozone/hadoop-ozone/integration-test/target/test-dir/MiniOzoneClusterImpl-034e9286-fd65-458d-99c2-fe4308dd713a/datanode-1/data/ratis] (custom)
2022-06-21 13:53:49,092 [pool-335-thread-1] INFO  server.RaftServerConfigKeys (ConfUtils.java:logGet(46)) - raft.server.log.corruption.policy = EXCEPTION (default)
2022-06-21 13:53:49,092 [pool-335-thread-1] INFO  server.RaftServerConfigKeys (ConfUtils.java:logGet(46)) - raft.server.storage.free-space.min = 0MB (=0) (default)
2022-06-21 13:53:49,092 [pool-335-thread-1] INFO  storage.RaftStorageDirectory (RaftStorageDirectoryImpl.java:analyzeStorage(135)) - The storage directory /home/runner/work/ozone/ozone/hadoop-ozone/integration-test/target/test-dir/MiniOzoneClusterImpl-034e9286-fd65-458d-99c2-fe4308dd713a/datanode-1/data/ratis/d126f60f-57bd-45b0-a423-bf1e830388f9 does not exist. Creating ...
2022-06-21 13:53:49,096 [pool-335-thread-1] INFO  storage.RaftStorageDirectory (RaftStorageDirectoryImpl.java:tryLock(230)) - Lock on /home/runner/work/ozone/ozone/hadoop-ozone/integration-test/target/test-dir/MiniOzoneClusterImpl-034e9286-fd65-458d-99c2-fe4308dd713a/datanode-1/data/ratis/d126f60f-57bd-45b0-a423-bf1e830388f9/in_use.lock acquired by nodename 17605@fv-az194-567
2022-06-21 13:53:49,097 [pool-335-thread-1] INFO  storage.RaftStorage (RaftStorageImpl.java:format(89)) - Storage directory /home/runner/work/ozone/ozone/hadoop-ozone/integration-test/target/test-dir/MiniOzoneClusterImpl-034e9286-fd65-458d-99c2-fe4308dd713a/datanode-1/data/ratis/d126f60f-57bd-45b0-a423-bf1e830388f9 has been successfully formatted.
2022-06-21 13:53:49,097 [pool-335-thread-1] INFO  ratis.ContainerStateMachine (ContainerStateMachine.java:loadSnapshot(236)) - group-BF1E830388F9: The snapshot info is null. Setting the last applied indexto:(t:0, i:~)
2022-06-21 13:53:49,097 [pool-335-thread-1] INFO  server.RaftServerConfigKeys (ConfUtils.java:logGet(46)) - raft.server.notification.no-leader.timeout = 300s (custom)
2022-06-21 13:53:49,097 [pool-335-thread-1] INFO  server.RaftServerConfigKeys (ConfUtils.java:logGet(46)) - raft.server.log.use.memory = false (default)
2022-06-21 13:53:49,097 [pool-335-thread-1] INFO  server.RaftServerConfigKeys (ConfUtils.java:logGet(46)) - raft.server.log.purge.gap = 1000000 (custom)
2022-06-21 13:53:49,097 [pool-335-thread-1] INFO  server.RaftServerConfigKeys (ConfUtils.java:logGet(46)) - raft.server.log.appender.buffer.byte-limit = 33554432 (custom)
2022-06-21 13:53:49,097 [pool-335-thread-1] INFO  server.RaftServerConfigKeys (ConfUtils.java:logGet(46)) - raft.server.log.statemachine.data.read.timeout = 1000ms (default)
2022-06-21 13:53:49,098 [pool-335-thread-1] INFO  server.RaftServerConfigKeys (ConfUtils.java:logGet(46)) - raft.server.log.segment.size.max = 1048576 (custom)
2022-06-21 13:53:49,098 [pool-335-thread-1] INFO  server.RaftServerConfigKeys (ConfUtils.java:logGet(46)) - raft.server.log.segment.cache.num.max = 2 (custom)
2022-06-21 13:53:49,098 [pool-335-thread-1] INFO  server.RaftServerConfigKeys (ConfUtils.java:logGet(46)) - raft.server.log.segment.cache.size.max = 200MB (=209715200) (default)
2022-06-21 13:53:49,098 [pool-335-thread-1] INFO  segmented.SegmentedRaftLogWorker (SegmentedRaftLogWorker.java:<init>(187)) - new d57b37be-f0fe-43c7-a820-540586909dc7@group-BF1E830388F9-SegmentedRaftLogWorker for RaftStorageImpl:Storage Directory /home/runner/work/ozone/ozone/hadoop-ozone/integration-test/target/test-dir/MiniOzoneClusterImpl-034e9286-fd65-458d-99c2-fe4308dd713a/datanode-1/data/ratis/d126f60f-57bd-45b0-a423-bf1e830388f9
2022-06-21 13:53:49,098 [pool-335-thread-1] INFO  server.RaftServerConfigKeys (ConfUtils.java:logGet(46)) - raft.server.log.queue.byte-limit = 4294967296 (custom)
2022-06-21 13:53:49,098 [pool-335-thread-1] INFO  server.RaftServerConfigKeys (ConfUtils.java:logGet(46)) - raft.server.log.queue.element-limit = 1024 (custom)
2022-06-21 13:53:49,098 [pool-335-thread-1] INFO  server.RaftServerConfigKeys (ConfUtils.java:logGet(46)) - raft.server.log.segment.size.max = 1048576 (custom)
2022-06-21 13:53:49,098 [pool-335-thread-1] INFO  server.RaftServerConfigKeys (ConfUtils.java:logGet(46)) - raft.server.log.preallocated.size = 16384 (custom)
2022-06-21 13:53:49,098 [pool-335-thread-1] INFO  server.RaftServerConfigKeys (ConfUtils.java:logGet(46)) - raft.server.log.force.sync.num = 128 (default)
2022-06-21 13:53:49,098 [pool-335-thread-1] INFO  server.RaftServerConfigKeys (ConfUtils.java:logGet(46)) - raft.server.log.statemachine.data.sync = true (default)
2022-06-21 13:53:49,098 [pool-335-thread-1] INFO  server.RaftServerConfigKeys (ConfUtils.java:logGet(46)) - raft.server.log.statemachine.data.sync.timeout = 10s (default)
2022-06-21 13:53:49,098 [pool-335-thread-1] INFO  server.RaftServerConfigKeys (ConfUtils.java:logGet(46)) - raft.server.log.statemachine.data.sync.timeout.retry = -1 (default)
2022-06-21 13:53:49,100 [EventQueue-PipelineReportForPipelineReportHandler] INFO  pipeline.PipelineManagerImpl (PipelineManagerImpl.java:openPipeline(356)) - Pipeline Pipeline[ Id: d126f60f-57bd-45b0-a423-bf1e830388f9, Nodes: d57b37be-f0fe-43c7-a820-540586909dc7{ip: 10.1.0.15, host: fv-az194-567.vahfjs35atkulmpwh5ujf4txfe.jx.internal.cloudapp.net, ports: [REPLICATION=45065, RATIS=46147, RATIS_ADMIN=46147, RATIS_SERVER=46147, STANDALONE=43085], networkLocation: /default-rack, certSerialId: null, persistedOpState: IN_SERVICE, persistedOpStateExpiryEpochSec: 0}, ReplicationConfig: RATIS/ONE, State:ALLOCATED, leaderId:d57b37be-f0fe-43c7-a820-540586909dc7, CreationTimestamp2022-06-21T13:53:46.106Z[Etc/UTC]] moved to OPEN state
2022-06-21 13:53:49,100 [EventQueue-OpenPipelineForHealthyPipelineSafeModeRule] INFO  safemode.SCMSafeModeManager (HealthyPipelineSafeModeRule.java:process(124)) - SCM in safe mode. Healthy pipelines reported count is 0, required healthy pipeline reported count is 1
2022-06-21 13:53:49,110 [pool-335-thread-1] INFO  server.RaftServerConfigKeys (ConfUtils.java:logGet(46)) - raft.server.log.write.buffer.size = 1048576 (custom)
2022-06-21 13:53:49,111 [pool-335-thread-1] INFO  server.RaftServerConfigKeys (ConfUtils.java:logGet(46)) - raft.server.log.unsafe-flush.enabled = false (default)
2022-06-21 13:53:49,111 [pool-335-thread-1] INFO  server.RaftServerConfigKeys (ConfUtils.java:logGet(46)) - raft.server.log.statemachine.data.caching.enabled = true (custom)
2022-06-21 13:53:49,111 [pool-335-thread-1] INFO  segmented.SegmentedRaftLogWorker (SegmentedRaftLogWorker.java:lambda$new$0(135)) - d57b37be-f0fe-43c7-a820-540586909dc7@group-BF1E830388F9-SegmentedRaftLogWorker: flushIndex: setUnconditionally 0 -> -1
2022-06-21 13:53:49,111 [pool-335-thread-1] INFO  segmented.SegmentedRaftLogWorker (SegmentedRaftLogWorker.java:lambda$new$0(135)) - d57b37be-f0fe-43c7-a820-540586909dc7@group-BF1E830388F9-SegmentedRaftLogWorker: safeCacheEvictIndex: setUnconditionally 0 -> -1
2022-06-21 13:53:49,118 [pool-335-thread-1] INFO  server.RaftServerConfigKeys (ConfUtils.java:logGet(46)) - raft.server.snapshot.auto.trigger.enabled = true (custom)
2022-06-21 13:53:49,119 [pool-335-thread-1] INFO  server.RaftServerConfigKeys (ConfUtils.java:logGet(46)) - raft.server.snapshot.auto.trigger.threshold = 10000 (custom)
2022-06-21 13:53:49,119 [pool-335-thread-1] INFO  server.RaftServerConfigKeys (ConfUtils.java:logGet(46)) - raft.server.snapshot.retention.file.num = 5 (custom)
2022-06-21 13:53:49,119 [pool-335-thread-1] INFO  server.RaftServerConfigKeys (ConfUtils.java:logGet(46)) - raft.server.log.purge.upto.snapshot.index = false (default)
2022-06-21 13:53:49,119 [pool-335-thread-1] INFO  server.RaftServerConfigKeys (ConfUtils.java:logGet(46)) - raft.server.retrycache.expirytime = 600000ms (custom)
2022-06-21 13:53:49,119 [pool-335-thread-1] INFO  server.RaftServerConfigKeys (ConfUtils.java:logGet(46)) - raft.server.retrycache.statistics.expirytime = 100μs (default)
2022-06-21 13:53:49,120 [pool-335-thread-1] INFO  server.RaftServerConfigKeys (ConfUtils.java:logGet(46)) - raft.server.log.appender.install.snapshot.enabled = false (custom)
2022-06-21 13:53:49,120 [pool-335-thread-1] INFO  server.RaftServerConfigKeys (ConfUtils.java:logGet(46)) - raft.server.threadpool.server.cached = true (default)
2022-06-21 13:53:49,120 [pool-335-thread-1] INFO  server.RaftServerConfigKeys (ConfUtils.java:logGet(46)) - raft.server.threadpool.server.size = 0 (default)
2022-06-21 13:53:49,120 [pool-335-thread-1] INFO  server.RaftServerConfigKeys (ConfUtils.java:logGet(46)) - raft.server.threadpool.client.cached = true (default)
2022-06-21 13:53:49,120 [pool-335-thread-1] INFO  server.RaftServerConfigKeys (ConfUtils.java:logGet(46)) - raft.server.threadpool.client.size = 0 (default)
2022-06-21 13:53:49,120 [pool-335-thread-1] INFO  server.RaftServer$Division (RaftServerImpl.java:start(310)) - d57b37be-f0fe-43c7-a820-540586909dc7@group-BF1E830388F9: start as a follower, conf=-1: [d57b37be-f0fe-43c7-a820-540586909dc7|rpc:10.1.0.15:46147|priority:1], old=null
2022-06-21 13:53:49,120 [pool-335-thread-1] INFO  server.RaftServer$Division (RaftServerImpl.java:setRole(299)) - d57b37be-f0fe-43c7-a820-540586909dc7@group-BF1E830388F9: changes role from      null to FOLLOWER at term 0 for startAsFollower
2022-06-21 13:53:49,120 [pool-335-thread-1] INFO  impl.RoleInfo (RoleInfo.java:updateAndGet(139)) - d57b37be-f0fe-43c7-a820-540586909dc7: start d57b37be-f0fe-43c7-a820-540586909dc7@group-BF1E830388F9-FollowerState
2022-06-21 13:53:49,135 [pool-335-thread-1] INFO  util.JmxRegister (JmxRegister.java:tryRegister(44)) - Successfully registered JMX Bean with object name Ratis:service=RaftServer,group=group-BF1E830388F9,id=d57b37be-f0fe-43c7-a820-540586909dc7
2022-06-21 13:53:49,143 [Command processor thread] INFO  ratis.XceiverServerRatis (XceiverServerRatis.java:addGroup(765)) - Created group PipelineID=d126f60f-57bd-45b0-a423-bf1e830388f9
2022-06-21 13:53:49,143 [Command processor thread] INFO  commandhandler.CreatePipelineCommandHandler (CreatePipelineCommandHandler.java:handle(113)) - Created Pipeline RATIS ONE PipelineID=d126f60f-57bd-45b0-a423-bf1e830388f9.
2022-06-21 13:53:49,294 [Listener at 127.0.0.1/34499] INFO  ozone.MiniOzoneClusterImpl (MiniOzoneClusterImpl.java:lambda$waitForClusterToBeReady$0(222)) - Nodes are ready. Got 5 of 5 DN Heartbeats.
2022-06-21 13:53:49,295 [Listener at 127.0.0.1/34499] INFO  ozone.MiniOzoneClusterImpl (MiniOzoneClusterImpl.java:lambda$waitForClusterToBeReady$0(225)) - Waiting for cluster to exit safe mode
2022-06-21 13:53:49,295 [Listener at 127.0.0.1/34499] INFO  ozone.MiniOzoneClusterImpl (MiniOzoneClusterImpl.java:lambda$waitForClusterToBeReady$0(227)) - SCM became leader
2022-06-21 13:53:49,905 [Command processor thread] INFO  server.RaftServer (RaftServerProxy.java:addNew(96)) - da1def5c-cec2-4abd-8fe1-fa8043868437: addNew group-3A0DCB9BB53C:[da1def5c-cec2-4abd-8fe1-fa8043868437|rpc:10.1.0.15:45839|priority:1] returns group-3A0DCB9BB53C:java.util.concurrent.CompletableFuture@418bd7c4[Not completed]
2022-06-21 13:53:49,906 [pool-358-thread-1] INFO  server.RaftServer$Division (RaftServerImpl.java:<init>(190)) - da1def5c-cec2-4abd-8fe1-fa8043868437: new RaftServerImpl for group-3A0DCB9BB53C:[da1def5c-cec2-4abd-8fe1-fa8043868437|rpc:10.1.0.15:45839|priority:1] with ContainerStateMachine:uninitialized
2022-06-21 13:53:49,906 [pool-358-thread-1] INFO  server.RaftServerConfigKeys (ConfUtils.java:logGet(46)) - raft.server.rpc.timeout.min = 5s (custom)
2022-06-21 13:53:49,906 [pool-358-thread-1] INFO  server.RaftServerConfigKeys (ConfUtils.java:logGet(46)) - raft.server.rpc.timeout.max = 5200ms (custom)
2022-06-21 13:53:49,906 [pool-358-thread-1] INFO  server.RaftServerConfigKeys (ConfUtils.java:logGet(46)) - raft.server.rpc.sleep.time = 25ms (default)
2022-06-21 13:53:49,906 [pool-358-thread-1] INFO  server.RaftServerConfigKeys (ConfUtils.java:logGet(46)) - raft.server.rpc.slowness.timeout = 300s (custom)
2022-06-21 13:53:49,906 [pool-358-thread-1] INFO  server.RaftServerConfigKeys (ConfUtils.java:logGet(46)) - raft.server.leaderelection.leader.step-down.wait-time = 10s (default)
2022-06-21 13:53:49,907 [pool-358-thread-1] INFO  server.RaftServerConfigKeys (ConfUtils.java:logGet(46)) - raft.server.sleep.deviation.threshold = 300ms (default)
2022-06-21 13:53:49,907 [pool-358-thread-1] INFO  server.RaftServer$Division (ServerState.java:<init>(107)) - da1def5c-cec2-4abd-8fe1-fa8043868437@group-3A0DCB9BB53C: ConfigurationManager, init=-1: [da1def5c-cec2-4abd-8fe1-fa8043868437|rpc:10.1.0.15:45839|priority:1], old=null, confs=<EMPTY_MAP>
2022-06-21 13:53:49,907 [pool-358-thread-1] INFO  server.RaftServerConfigKeys (ConfUtils.java:logGet(46)) - raft.server.storage.dir = [/home/runner/work/ozone/ozone/hadoop-ozone/integration-test/target/test-dir/MiniOzoneClusterImpl-034e9286-fd65-458d-99c2-fe4308dd713a/datanode-2/data/ratis] (custom)
2022-06-21 13:53:49,907 [pool-358-thread-1] INFO  server.RaftServerConfigKeys (ConfUtils.java:logGet(46)) - raft.server.log.corruption.policy = EXCEPTION (default)
2022-06-21 13:53:49,907 [pool-358-thread-1] INFO  server.RaftServerConfigKeys (ConfUtils.java:logGet(46)) - raft.server.storage.free-space.min = 0MB (=0) (default)
2022-06-21 13:53:49,907 [pool-358-thread-1] INFO  storage.RaftStorageDirectory (RaftStorageDirectoryImpl.java:analyzeStorage(135)) - The storage directory /home/runner/work/ozone/ozone/hadoop-ozone/integration-test/target/test-dir/MiniOzoneClusterImpl-034e9286-fd65-458d-99c2-fe4308dd713a/datanode-2/data/ratis/2ed6b8d1-976f-427d-a0b9-3a0dcb9bb53c does not exist. Creating ...
2022-06-21 13:53:49,908 [pool-358-thread-1] INFO  storage.RaftStorageDirectory (RaftStorageDirectoryImpl.java:tryLock(230)) - Lock on /home/runner/work/ozone/ozone/hadoop-ozone/integration-test/target/test-dir/MiniOzoneClusterImpl-034e9286-fd65-458d-99c2-fe4308dd713a/datanode-2/data/ratis/2ed6b8d1-976f-427d-a0b9-3a0dcb9bb53c/in_use.lock acquired by nodename 17605@fv-az194-567
2022-06-21 13:53:49,909 [pool-358-thread-1] INFO  storage.RaftStorage (RaftStorageImpl.java:format(89)) - Storage directory /home/runner/work/ozone/ozone/hadoop-ozone/integration-test/target/test-dir/MiniOzoneClusterImpl-034e9286-fd65-458d-99c2-fe4308dd713a/datanode-2/data/ratis/2ed6b8d1-976f-427d-a0b9-3a0dcb9bb53c has been successfully formatted.
2022-06-21 13:53:49,910 [pool-358-thread-1] INFO  ratis.ContainerStateMachine (ContainerStateMachine.java:loadSnapshot(236)) - group-3A0DCB9BB53C: The snapshot info is null. Setting the last applied indexto:(t:0, i:~)
2022-06-21 13:53:49,910 [pool-358-thread-1] INFO  server.RaftServerConfigKeys (ConfUtils.java:logGet(46)) - raft.server.notification.no-leader.timeout = 300s (custom)
2022-06-21 13:53:49,910 [pool-358-thread-1] INFO  server.RaftServerConfigKeys (ConfUtils.java:logGet(46)) - raft.server.log.use.memory = false (default)
2022-06-21 13:53:49,910 [pool-358-thread-1] INFO  server.RaftServerConfigKeys (ConfUtils.java:logGet(46)) - raft.server.log.purge.gap = 1000000 (custom)
2022-06-21 13:53:49,910 [pool-358-thread-1] INFO  server.RaftServerConfigKeys (ConfUtils.java:logGet(46)) - raft.server.log.appender.buffer.byte-limit = 33554432 (custom)
2022-06-21 13:53:49,910 [pool-358-thread-1] INFO  server.RaftServerConfigKeys (ConfUtils.java:logGet(46)) - raft.server.log.statemachine.data.read.timeout = 1000ms (default)
2022-06-21 13:53:49,910 [pool-358-thread-1] INFO  server.RaftServerConfigKeys (ConfUtils.java:logGet(46)) - raft.server.log.segment.size.max = 1048576 (custom)
2022-06-21 13:53:49,912 [EventQueue-PipelineReportForPipelineReportHandler] INFO  pipeline.PipelineManagerImpl (PipelineManagerImpl.java:openPipeline(356)) - Pipeline Pipeline[ Id: 2ed6b8d1-976f-427d-a0b9-3a0dcb9bb53c, Nodes: da1def5c-cec2-4abd-8fe1-fa8043868437{ip: 10.1.0.15, host: fv-az194-567.vahfjs35atkulmpwh5ujf4txfe.jx.internal.cloudapp.net, ports: [REPLICATION=42435, RATIS=45839, RATIS_ADMIN=45839, RATIS_SERVER=45839, STANDALONE=42299], networkLocation: /default-rack, certSerialId: null, persistedOpState: IN_SERVICE, persistedOpStateExpiryEpochSec: 0}, ReplicationConfig: RATIS/ONE, State:ALLOCATED, leaderId:da1def5c-cec2-4abd-8fe1-fa8043868437, CreationTimestamp2022-06-21T13:53:46.910Z[Etc/UTC]] moved to OPEN state
2022-06-21 13:53:49,912 [EventQueue-OpenPipelineForHealthyPipelineSafeModeRule] INFO  safemode.SCMSafeModeManager (HealthyPipelineSafeModeRule.java:process(124)) - SCM in safe mode. Healthy pipelines reported count is 0, required healthy pipeline reported count is 1
2022-06-21 13:53:49,913 [pool-358-thread-1] INFO  server.RaftServerConfigKeys (ConfUtils.java:logGet(46)) - raft.server.log.segment.cache.num.max = 2 (custom)
2022-06-21 13:53:49,915 [pool-358-thread-1] INFO  server.RaftServerConfigKeys (ConfUtils.java:logGet(46)) - raft.server.log.segment.cache.size.max = 200MB (=209715200) (default)
2022-06-21 13:53:49,915 [pool-358-thread-1] INFO  segmented.SegmentedRaftLogWorker (SegmentedRaftLogWorker.java:<init>(187)) - new da1def5c-cec2-4abd-8fe1-fa8043868437@group-3A0DCB9BB53C-SegmentedRaftLogWorker for RaftStorageImpl:Storage Directory /home/runner/work/ozone/ozone/hadoop-ozone/integration-test/target/test-dir/MiniOzoneClusterImpl-034e9286-fd65-458d-99c2-fe4308dd713a/datanode-2/data/ratis/2ed6b8d1-976f-427d-a0b9-3a0dcb9bb53c
2022-06-21 13:53:49,915 [pool-358-thread-1] INFO  server.RaftServerConfigKeys (ConfUtils.java:logGet(46)) - raft.server.log.queue.byte-limit = 4294967296 (custom)
2022-06-21 13:53:49,915 [pool-358-thread-1] INFO  server.RaftServerConfigKeys (ConfUtils.java:logGet(46)) - raft.server.log.queue.element-limit = 1024 (custom)
2022-06-21 13:53:49,915 [pool-358-thread-1] INFO  server.RaftServerConfigKeys (ConfUtils.java:logGet(46)) - raft.server.log.segment.size.max = 1048576 (custom)
2022-06-21 13:53:49,915 [pool-358-thread-1] INFO  server.RaftServerConfigKeys (ConfUtils.java:logGet(46)) - raft.server.log.preallocated.size = 16384 (custom)
2022-06-21 13:53:49,915 [pool-358-thread-1] INFO  server.RaftServerConfigKeys (ConfUtils.java:logGet(46)) - raft.server.log.force.sync.num = 128 (default)
2022-06-21 13:53:49,915 [pool-358-thread-1] INFO  server.RaftServerConfigKeys (ConfUtils.java:logGet(46)) - raft.server.log.statemachine.data.sync = true (default)
2022-06-21 13:53:49,915 [pool-358-thread-1] INFO  server.RaftServerConfigKeys (ConfUtils.java:logGet(46)) - raft.server.log.statemachine.data.sync.timeout = 10s (default)
2022-06-21 13:53:49,915 [pool-358-thread-1] INFO  server.RaftServerConfigKeys (ConfUtils.java:logGet(46)) - raft.server.log.statemachine.data.sync.timeout.retry = -1 (default)
2022-06-21 13:53:49,916 [pool-358-thread-1] INFO  server.RaftServerConfigKeys (ConfUtils.java:logGet(46)) - raft.server.log.write.buffer.size = 1048576 (custom)
2022-06-21 13:53:49,917 [pool-358-thread-1] INFO  server.RaftServerConfigKeys (ConfUtils.java:logGet(46)) - raft.server.log.unsafe-flush.enabled = false (default)
2022-06-21 13:53:49,917 [pool-358-thread-1] INFO  server.RaftServerConfigKeys (ConfUtils.java:logGet(46)) - raft.server.log.statemachine.data.caching.enabled = true (custom)
2022-06-21 13:53:49,917 [pool-358-thread-1] INFO  segmented.SegmentedRaftLogWorker (SegmentedRaftLogWorker.java:lambda$new$0(135)) - da1def5c-cec2-4abd-8fe1-fa8043868437@group-3A0DCB9BB53C-SegmentedRaftLogWorker: flushIndex: setUnconditionally 0 -> -1
2022-06-21 13:53:49,917 [pool-358-thread-1] INFO  segmented.SegmentedRaftLogWorker (SegmentedRaftLogWorker.java:lambda$new$0(135)) - da1def5c-cec2-4abd-8fe1-fa8043868437@group-3A0DCB9BB53C-SegmentedRaftLogWorker: safeCacheEvictIndex: setUnconditionally 0 -> -1
2022-06-21 13:53:49,926 [pool-358-thread-1] INFO  server.RaftServerConfigKeys (ConfUtils.java:logGet(46)) - raft.server.snapshot.auto.trigger.enabled = true (custom)
2022-06-21 13:53:49,927 [pool-358-thread-1] INFO  server.RaftServerConfigKeys (ConfUtils.java:logGet(46)) - raft.server.snapshot.auto.trigger.threshold = 10000 (custom)
2022-06-21 13:53:49,927 [pool-358-thread-1] INFO  server.RaftServerConfigKeys (ConfUtils.java:logGet(46)) - raft.server.snapshot.retention.file.num = 5 (custom)
2022-06-21 13:53:49,927 [pool-358-thread-1] INFO  server.RaftServerConfigKeys (ConfUtils.java:logGet(46)) - raft.server.log.purge.upto.snapshot.index = false (default)
2022-06-21 13:53:49,927 [pool-358-thread-1] INFO  server.RaftServerConfigKeys (ConfUtils.java:logGet(46)) - raft.server.retrycache.expirytime = 600000ms (custom)
2022-06-21 13:53:49,927 [pool-358-thread-1] INFO  server.RaftServerConfigKeys (ConfUtils.java:logGet(46)) - raft.server.retrycache.statistics.expirytime = 100μs (default)
2022-06-21 13:53:49,928 [pool-358-thread-1] INFO  server.RaftServerConfigKeys (ConfUtils.java:logGet(46)) - raft.server.log.appender.install.snapshot.enabled = false (custom)
2022-06-21 13:53:49,928 [pool-358-thread-1] INFO  server.RaftServerConfigKeys (ConfUtils.java:logGet(46)) - raft.server.threadpool.server.cached = true (default)
2022-06-21 13:53:49,928 [pool-358-thread-1] INFO  server.RaftServerConfigKeys (ConfUtils.java:logGet(46)) - raft.server.threadpool.server.size = 0 (default)
2022-06-21 13:53:49,928 [pool-358-thread-1] INFO  server.RaftServerConfigKeys (ConfUtils.java:logGet(46)) - raft.server.threadpool.client.cached = true (default)
2022-06-21 13:53:49,928 [pool-358-thread-1] INFO  server.RaftServerConfigKeys (ConfUtils.java:logGet(46)) - raft.server.threadpool.client.size = 0 (default)
2022-06-21 13:53:49,928 [pool-358-thread-1] INFO  server.RaftServer$Division (RaftServerImpl.java:start(310)) - da1def5c-cec2-4abd-8fe1-fa8043868437@group-3A0DCB9BB53C: start as a follower, conf=-1: [da1def5c-cec2-4abd-8fe1-fa8043868437|rpc:10.1.0.15:45839|priority:1], old=null
2022-06-21 13:53:49,928 [pool-358-thread-1] INFO  server.RaftServer$Division (RaftServerImpl.java:setRole(299)) - da1def5c-cec2-4abd-8fe1-fa8043868437@group-3A0DCB9BB53C: changes role from      null to FOLLOWER at term 0 for startAsFollower
2022-06-21 13:53:49,928 [pool-358-thread-1] INFO  impl.RoleInfo (RoleInfo.java:updateAndGet(139)) - da1def5c-cec2-4abd-8fe1-fa8043868437: start da1def5c-cec2-4abd-8fe1-fa8043868437@group-3A0DCB9BB53C-FollowerState
2022-06-21 13:53:49,935 [pool-358-thread-1] INFO  util.JmxRegister (JmxRegister.java:tryRegister(44)) - Successfully registered JMX Bean with object name Ratis:service=RaftServer,group=group-3A0DCB9BB53C,id=da1def5c-cec2-4abd-8fe1-fa8043868437
2022-06-21 13:53:49,942 [Command processor thread] INFO  ratis.XceiverServerRatis (XceiverServerRatis.java:addGroup(765)) - Created group PipelineID=2ed6b8d1-976f-427d-a0b9-3a0dcb9bb53c
2022-06-21 13:53:49,943 [Command processor thread] INFO  commandhandler.CreatePipelineCommandHandler (CreatePipelineCommandHandler.java:handle(113)) - Created Pipeline RATIS ONE PipelineID=2ed6b8d1-976f-427d-a0b9-3a0dcb9bb53c.
2022-06-21 13:53:50,295 [Listener at 127.0.0.1/34499] INFO  ozone.MiniOzoneClusterImpl (MiniOzoneClusterImpl.java:lambda$waitForClusterToBeReady$0(222)) - Nodes are ready. Got 5 of 5 DN Heartbeats.
2022-06-21 13:53:50,295 [Listener at 127.0.0.1/34499] INFO  ozone.MiniOzoneClusterImpl (MiniOzoneClusterImpl.java:lambda$waitForClusterToBeReady$0(225)) - Waiting for cluster to exit safe mode
2022-06-21 13:53:50,295 [Listener at 127.0.0.1/34499] INFO  ozone.MiniOzoneClusterImpl (MiniOzoneClusterImpl.java:lambda$waitForClusterToBeReady$0(227)) - SCM became leader
2022-06-21 13:53:50,563 [Command processor thread] INFO  server.RaftServer (RaftServerProxy.java:addNew(96)) - 17ea812a-a858-40de-b252-af3db1058d73: addNew group-31A39DBD2754:[17ea812a-a858-40de-b252-af3db1058d73|rpc:10.1.0.15:45467|priority:1] returns group-31A39DBD2754:java.util.concurrent.CompletableFuture@61cc4885[Not completed]
2022-06-21 13:53:50,577 [pool-381-thread-1] INFO  server.RaftServer$Division (RaftServerImpl.java:<init>(190)) - 17ea812a-a858-40de-b252-af3db1058d73: new RaftServerImpl for group-31A39DBD2754:[17ea812a-a858-40de-b252-af3db1058d73|rpc:10.1.0.15:45467|priority:1] with ContainerStateMachine:uninitialized
2022-06-21 13:53:50,577 [pool-381-thread-1] INFO  server.RaftServerConfigKeys (ConfUtils.java:logGet(46)) - raft.server.rpc.timeout.min = 5s (custom)
2022-06-21 13:53:50,577 [pool-381-thread-1] INFO  server.RaftServerConfigKeys (ConfUtils.java:logGet(46)) - raft.server.rpc.timeout.max = 5200ms (custom)
2022-06-21 13:53:50,577 [pool-381-thread-1] INFO  server.RaftServerConfigKeys (ConfUtils.java:logGet(46)) - raft.server.rpc.sleep.time = 25ms (default)
2022-06-21 13:53:50,577 [pool-381-thread-1] INFO  server.RaftServerConfigKeys (ConfUtils.java:logGet(46)) - raft.server.rpc.slowness.timeout = 300s (custom)
2022-06-21 13:53:50,577 [pool-381-thread-1] INFO  server.RaftServerConfigKeys (ConfUtils.java:logGet(46)) - raft.server.leaderelection.leader.step-down.wait-time = 10s (default)
2022-06-21 13:53:50,577 [pool-381-thread-1] INFO  server.RaftServerConfigKeys (ConfUtils.java:logGet(46)) - raft.server.sleep.deviation.threshold = 300ms (default)
2022-06-21 13:53:50,577 [pool-381-thread-1] INFO  server.RaftServer$Division (ServerState.java:<init>(107)) - 17ea812a-a858-40de-b252-af3db1058d73@group-31A39DBD2754: ConfigurationManager, init=-1: [17ea812a-a858-40de-b252-af3db1058d73|rpc:10.1.0.15:45467|priority:1], old=null, confs=<EMPTY_MAP>
2022-06-21 13:53:50,577 [pool-381-thread-1] INFO  server.RaftServerConfigKeys (ConfUtils.java:logGet(46)) - raft.server.storage.dir = [/home/runner/work/ozone/ozone/hadoop-ozone/integration-test/target/test-dir/MiniOzoneClusterImpl-034e9286-fd65-458d-99c2-fe4308dd713a/datanode-3/data/ratis] (custom)
2022-06-21 13:53:50,578 [pool-381-thread-1] INFO  server.RaftServerConfigKeys (ConfUtils.java:logGet(46)) - raft.server.log.corruption.policy = EXCEPTION (default)
2022-06-21 13:53:50,578 [pool-381-thread-1] INFO  server.RaftServerConfigKeys (ConfUtils.java:logGet(46)) - raft.server.storage.free-space.min = 0MB (=0) (default)
2022-06-21 13:53:50,582 [pool-381-thread-1] INFO  storage.RaftStorageDirectory (RaftStorageDirectoryImpl.java:analyzeStorage(135)) - The storage directory /home/runner/work/ozone/ozone/hadoop-ozone/integration-test/target/test-dir/MiniOzoneClusterImpl-034e9286-fd65-458d-99c2-fe4308dd713a/datanode-3/data/ratis/08b007a8-17d7-4620-8422-31a39dbd2754 does not exist. Creating ...
2022-06-21 13:53:50,586 [pool-381-thread-1] INFO  storage.RaftStorageDirectory (RaftStorageDirectoryImpl.java:tryLock(230)) - Lock on /home/runner/work/ozone/ozone/hadoop-ozone/integration-test/target/test-dir/MiniOzoneClusterImpl-034e9286-fd65-458d-99c2-fe4308dd713a/datanode-3/data/ratis/08b007a8-17d7-4620-8422-31a39dbd2754/in_use.lock acquired by nodename 17605@fv-az194-567
2022-06-21 13:53:50,588 [pool-381-thread-1] INFO  storage.RaftStorage (RaftStorageImpl.java:format(89)) - Storage directory /home/runner/work/ozone/ozone/hadoop-ozone/integration-test/target/test-dir/MiniOzoneClusterImpl-034e9286-fd65-458d-99c2-fe4308dd713a/datanode-3/data/ratis/08b007a8-17d7-4620-8422-31a39dbd2754 has been successfully formatted.
2022-06-21 13:53:50,594 [pool-381-thread-1] INFO  ratis.ContainerStateMachine (ContainerStateMachine.java:loadSnapshot(236)) - group-31A39DBD2754: The snapshot info is null. Setting the last applied indexto:(t:0, i:~)
2022-06-21 13:53:50,598 [EventQueue-PipelineReportForPipelineReportHandler] INFO  pipeline.PipelineManagerImpl (PipelineManagerImpl.java:openPipeline(356)) - Pipeline Pipeline[ Id: 08b007a8-17d7-4620-8422-31a39dbd2754, Nodes: 17ea812a-a858-40de-b252-af3db1058d73{ip: 10.1.0.15, host: fv-az194-567.vahfjs35atkulmpwh5ujf4txfe.jx.internal.cloudapp.net, ports: [REPLICATION=35519, RATIS=45467, RATIS_ADMIN=45467, RATIS_SERVER=45467, STANDALONE=43219], networkLocation: /default-rack, certSerialId: null, persistedOpState: IN_SERVICE, persistedOpStateExpiryEpochSec: 0}, ReplicationConfig: RATIS/ONE, State:ALLOCATED, leaderId:17ea812a-a858-40de-b252-af3db1058d73, CreationTimestamp2022-06-21T13:53:47.564Z[Etc/UTC]] moved to OPEN state
2022-06-21 13:53:50,599 [EventQueue-OpenPipelineForHealthyPipelineSafeModeRule] INFO  safemode.SCMSafeModeManager (HealthyPipelineSafeModeRule.java:process(124)) - SCM in safe mode. Healthy pipelines reported count is 0, required healthy pipeline reported count is 1
2022-06-21 13:53:50,599 [pool-381-thread-1] INFO  server.RaftServerConfigKeys (ConfUtils.java:logGet(46)) - raft.server.notification.no-leader.timeout = 300s (custom)
2022-06-21 13:53:50,607 [pool-381-thread-1] INFO  server.RaftServerConfigKeys (ConfUtils.java:logGet(46)) - raft.server.log.use.memory = false (default)
2022-06-21 13:53:50,607 [pool-381-thread-1] INFO  server.RaftServerConfigKeys (ConfUtils.java:logGet(46)) - raft.server.log.purge.gap = 1000000 (custom)
2022-06-21 13:53:50,607 [pool-381-thread-1] INFO  server.RaftServerConfigKeys (ConfUtils.java:logGet(46)) - raft.server.log.appender.buffer.byte-limit = 33554432 (custom)
2022-06-21 13:53:50,608 [pool-381-thread-1] INFO  server.RaftServerConfigKeys (ConfUtils.java:logGet(46)) - raft.server.log.statemachine.data.read.timeout = 1000ms (default)
2022-06-21 13:53:50,616 [pool-381-thread-1] INFO  server.RaftServerConfigKeys (ConfUtils.java:logGet(46)) - raft.server.log.segment.size.max = 1048576 (custom)
2022-06-21 13:53:50,616 [pool-381-thread-1] INFO  server.RaftServerConfigKeys (ConfUtils.java:logGet(46)) - raft.server.log.segment.cache.num.max = 2 (custom)
2022-06-21 13:53:50,616 [pool-381-thread-1] INFO  server.RaftServerConfigKeys (ConfUtils.java:logGet(46)) - raft.server.log.segment.cache.size.max = 200MB (=209715200) (default)
2022-06-21 13:53:50,616 [pool-381-thread-1] INFO  segmented.SegmentedRaftLogWorker (SegmentedRaftLogWorker.java:<init>(187)) - new 17ea812a-a858-40de-b252-af3db1058d73@group-31A39DBD2754-SegmentedRaftLogWorker for RaftStorageImpl:Storage Directory /home/runner/work/ozone/ozone/hadoop-ozone/integration-test/target/test-dir/MiniOzoneClusterImpl-034e9286-fd65-458d-99c2-fe4308dd713a/datanode-3/data/ratis/08b007a8-17d7-4620-8422-31a39dbd2754
2022-06-21 13:53:50,616 [pool-381-thread-1] INFO  server.RaftServerConfigKeys (ConfUtils.java:logGet(46)) - raft.server.log.queue.byte-limit = 4294967296 (custom)
2022-06-21 13:53:50,616 [pool-381-thread-1] INFO  server.RaftServerConfigKeys (ConfUtils.java:logGet(46)) - raft.server.log.queue.element-limit = 1024 (custom)
2022-06-21 13:53:50,616 [pool-381-thread-1] INFO  server.RaftServerConfigKeys (ConfUtils.java:logGet(46)) - raft.server.log.segment.size.max = 1048576 (custom)
2022-06-21 13:53:50,616 [pool-381-thread-1] INFO  server.RaftServerConfigKeys (ConfUtils.java:logGet(46)) - raft.server.log.preallocated.size = 16384 (custom)
2022-06-21 13:53:50,617 [pool-381-thread-1] INFO  server.RaftServerConfigKeys (ConfUtils.java:logGet(46)) - raft.server.log.force.sync.num = 128 (default)
2022-06-21 13:53:50,617 [pool-381-thread-1] INFO  server.RaftServerConfigKeys (ConfUtils.java:logGet(46)) - raft.server.log.statemachine.data.sync = true (default)
2022-06-21 13:53:50,617 [pool-381-thread-1] INFO  server.RaftServerConfigKeys (ConfUtils.java:logGet(46)) - raft.server.log.statemachine.data.sync.timeout = 10s (default)
2022-06-21 13:53:50,617 [pool-381-thread-1] INFO  server.RaftServerConfigKeys (ConfUtils.java:logGet(46)) - raft.server.log.statemachine.data.sync.timeout.retry = -1 (default)
2022-06-21 13:53:50,618 [pool-381-thread-1] INFO  server.RaftServerConfigKeys (ConfUtils.java:logGet(46)) - raft.server.log.write.buffer.size = 1048576 (custom)
2022-06-21 13:53:50,618 [pool-381-thread-1] INFO  server.RaftServerConfigKeys (ConfUtils.java:logGet(46)) - raft.server.log.unsafe-flush.enabled = false (default)
2022-06-21 13:53:50,618 [pool-381-thread-1] INFO  server.RaftServerConfigKeys (ConfUtils.java:logGet(46)) - raft.server.log.statemachine.data.caching.enabled = true (custom)
2022-06-21 13:53:50,618 [pool-381-thread-1] INFO  segmented.SegmentedRaftLogWorker (SegmentedRaftLogWorker.java:lambda$new$0(135)) - 17ea812a-a858-40de-b252-af3db1058d73@group-31A39DBD2754-SegmentedRaftLogWorker: flushIndex: setUnconditionally 0 -> -1
2022-06-21 13:53:50,618 [pool-381-thread-1] INFO  segmented.SegmentedRaftLogWorker (SegmentedRaftLogWorker.java:lambda$new$0(135)) - 17ea812a-a858-40de-b252-af3db1058d73@group-31A39DBD2754-SegmentedRaftLogWorker: safeCacheEvictIndex: setUnconditionally 0 -> -1
2022-06-21 13:53:50,630 [pool-381-thread-1] INFO  server.RaftServerConfigKeys (ConfUtils.java:logGet(46)) - raft.server.snapshot.auto.trigger.enabled = true (custom)
2022-06-21 13:53:50,631 [pool-381-thread-1] INFO  server.RaftServerConfigKeys (ConfUtils.java:logGet(46)) - raft.server.snapshot.auto.trigger.threshold = 10000 (custom)
2022-06-21 13:53:50,631 [pool-381-thread-1] INFO  server.RaftServerConfigKeys (ConfUtils.java:logGet(46)) - raft.server.snapshot.retention.file.num = 5 (custom)
2022-06-21 13:53:50,631 [pool-381-thread-1] INFO  server.RaftServerConfigKeys (ConfUtils.java:logGet(46)) - raft.server.log.purge.upto.snapshot.index = false (default)
2022-06-21 13:53:50,631 [pool-381-thread-1] INFO  server.RaftServerConfigKeys (ConfUtils.java:logGet(46)) - raft.server.retrycache.expirytime = 600000ms (custom)
2022-06-21 13:53:50,631 [pool-381-thread-1] INFO  server.RaftServerConfigKeys (ConfUtils.java:logGet(46)) - raft.server.retrycache.statistics.expirytime = 100μs (default)
2022-06-21 13:53:50,633 [pool-381-thread-1] INFO  server.RaftServerConfigKeys (ConfUtils.java:logGet(46)) - raft.server.log.appender.install.snapshot.enabled = false (custom)
2022-06-21 13:53:50,633 [pool-381-thread-1] INFO  server.RaftServerConfigKeys (ConfUtils.java:logGet(46)) - raft.server.threadpool.server.cached = true (default)
2022-06-21 13:53:50,633 [pool-381-thread-1] INFO  server.RaftServerConfigKeys (ConfUtils.java:logGet(46)) - raft.server.threadpool.server.size = 0 (default)
2022-06-21 13:53:50,633 [pool-381-thread-1] INFO  server.RaftServerConfigKeys (ConfUtils.java:logGet(46)) - raft.server.threadpool.client.cached = true (default)
2022-06-21 13:53:50,633 [pool-381-thread-1] INFO  server.RaftServerConfigKeys (ConfUtils.java:logGet(46)) - raft.server.threadpool.client.size = 0 (default)
2022-06-21 13:53:50,633 [pool-381-thread-1] INFO  server.RaftServer$Division (RaftServerImpl.java:start(310)) - 17ea812a-a858-40de-b252-af3db1058d73@group-31A39DBD2754: start as a follower, conf=-1: [17ea812a-a858-40de-b252-af3db1058d73|rpc:10.1.0.15:45467|priority:1], old=null
2022-06-21 13:53:50,633 [pool-381-thread-1] INFO  server.RaftServer$Division (RaftServerImpl.java:setRole(299)) - 17ea812a-a858-40de-b252-af3db1058d73@group-31A39DBD2754: changes role from      null to FOLLOWER at term 0 for startAsFollower
2022-06-21 13:53:50,633 [pool-381-thread-1] INFO  impl.RoleInfo (RoleInfo.java:updateAndGet(139)) - 17ea812a-a858-40de-b252-af3db1058d73: start 17ea812a-a858-40de-b252-af3db1058d73@group-31A39DBD2754-FollowerState
2022-06-21 13:53:50,634 [pool-381-thread-1] INFO  util.JmxRegister (JmxRegister.java:tryRegister(44)) - Successfully registered JMX Bean with object name Ratis:service=RaftServer,group=group-31A39DBD2754,id=17ea812a-a858-40de-b252-af3db1058d73
2022-06-21 13:53:50,645 [Command processor thread] INFO  ratis.XceiverServerRatis (XceiverServerRatis.java:addGroup(765)) - Created group PipelineID=08b007a8-17d7-4620-8422-31a39dbd2754
2022-06-21 13:53:50,645 [Command processor thread] INFO  commandhandler.CreatePipelineCommandHandler (CreatePipelineCommandHandler.java:handle(113)) - Created Pipeline RATIS ONE PipelineID=08b007a8-17d7-4620-8422-31a39dbd2754.
2022-06-21 13:53:51,296 [Listener at 127.0.0.1/34499] INFO  ozone.MiniOzoneClusterImpl (MiniOzoneClusterImpl.java:lambda$waitForClusterToBeReady$0(222)) - Nodes are ready. Got 5 of 5 DN Heartbeats.
2022-06-21 13:53:51,296 [Listener at 127.0.0.1/34499] INFO  ozone.MiniOzoneClusterImpl (MiniOzoneClusterImpl.java:lambda$waitForClusterToBeReady$0(225)) - Waiting for cluster to exit safe mode
2022-06-21 13:53:51,296 [Listener at 127.0.0.1/34499] INFO  ozone.MiniOzoneClusterImpl (MiniOzoneClusterImpl.java:lambda$waitForClusterToBeReady$0(227)) - SCM became leader
2022-06-21 13:53:51,337 [Command processor thread] INFO  server.RaftServer (RaftServerProxy.java:addNew(96)) - 180d6f1c-5c2b-4c1e-a1bc-902f2625267f: addNew group-EA7B0534F32E:[180d6f1c-5c2b-4c1e-a1bc-902f2625267f|rpc:10.1.0.15:38173|priority:1] returns group-EA7B0534F32E:java.util.concurrent.CompletableFuture@4960e188[Not completed]
2022-06-21 13:53:51,351 [pool-409-thread-1] INFO  server.RaftServer$Division (RaftServerImpl.java:<init>(190)) - 180d6f1c-5c2b-4c1e-a1bc-902f2625267f: new RaftServerImpl for group-EA7B0534F32E:[180d6f1c-5c2b-4c1e-a1bc-902f2625267f|rpc:10.1.0.15:38173|priority:1] with ContainerStateMachine:uninitialized
2022-06-21 13:53:51,352 [pool-409-thread-1] INFO  server.RaftServerConfigKeys (ConfUtils.java:logGet(46)) - raft.server.rpc.timeout.min = 5s (custom)
2022-06-21 13:53:51,352 [pool-409-thread-1] INFO  server.RaftServerConfigKeys (ConfUtils.java:logGet(46)) - raft.server.rpc.timeout.max = 5200ms (custom)
2022-06-21 13:53:51,352 [pool-409-thread-1] INFO  server.RaftServerConfigKeys (ConfUtils.java:logGet(46)) - raft.server.rpc.sleep.time = 25ms (default)
2022-06-21 13:53:51,352 [pool-409-thread-1] INFO  server.RaftServerConfigKeys (ConfUtils.java:logGet(46)) - raft.server.rpc.slowness.timeout = 300s (custom)
2022-06-21 13:53:51,352 [pool-409-thread-1] INFO  server.RaftServerConfigKeys (ConfUtils.java:logGet(46)) - raft.server.leaderelection.leader.step-down.wait-time = 10s (default)
2022-06-21 13:53:51,352 [pool-409-thread-1] INFO  server.RaftServerConfigKeys (ConfUtils.java:logGet(46)) - raft.server.sleep.deviation.threshold = 300ms (default)
2022-06-21 13:53:51,352 [pool-409-thread-1] INFO  server.RaftServer$Division (ServerState.java:<init>(107)) - 180d6f1c-5c2b-4c1e-a1bc-902f2625267f@group-EA7B0534F32E: ConfigurationManager, init=-1: [180d6f1c-5c2b-4c1e-a1bc-902f2625267f|rpc:10.1.0.15:38173|priority:1], old=null, confs=<EMPTY_MAP>
2022-06-21 13:53:51,352 [pool-409-thread-1] INFO  server.RaftServerConfigKeys (ConfUtils.java:logGet(46)) - raft.server.storage.dir = [/home/runner/work/ozone/ozone/hadoop-ozone/integration-test/target/test-dir/MiniOzoneClusterImpl-034e9286-fd65-458d-99c2-fe4308dd713a/datanode-4/data/ratis] (custom)
2022-06-21 13:53:51,352 [pool-409-thread-1] INFO  server.RaftServerConfigKeys (ConfUtils.java:logGet(46)) - raft.server.log.corruption.policy = EXCEPTION (default)
2022-06-21 13:53:51,352 [pool-409-thread-1] INFO  server.RaftServerConfigKeys (ConfUtils.java:logGet(46)) - raft.server.storage.free-space.min = 0MB (=0) (default)
2022-06-21 13:53:51,352 [pool-409-thread-1] INFO  storage.RaftStorageDirectory (RaftStorageDirectoryImpl.java:analyzeStorage(135)) - The storage directory /home/runner/work/ozone/ozone/hadoop-ozone/integration-test/target/test-dir/MiniOzoneClusterImpl-034e9286-fd65-458d-99c2-fe4308dd713a/datanode-4/data/ratis/1323396a-528d-4257-9d16-ea7b0534f32e does not exist. Creating ...
2022-06-21 13:53:51,355 [pool-409-thread-1] INFO  storage.RaftStorageDirectory (RaftStorageDirectoryImpl.java:tryLock(230)) - Lock on /home/runner/work/ozone/ozone/hadoop-ozone/integration-test/target/test-dir/MiniOzoneClusterImpl-034e9286-fd65-458d-99c2-fe4308dd713a/datanode-4/data/ratis/1323396a-528d-4257-9d16-ea7b0534f32e/in_use.lock acquired by nodename 17605@fv-az194-567
2022-06-21 13:53:51,357 [pool-409-thread-1] INFO  storage.RaftStorage (RaftStorageImpl.java:format(89)) - Storage directory /home/runner/work/ozone/ozone/hadoop-ozone/integration-test/target/test-dir/MiniOzoneClusterImpl-034e9286-fd65-458d-99c2-fe4308dd713a/datanode-4/data/ratis/1323396a-528d-4257-9d16-ea7b0534f32e has been successfully formatted.
2022-06-21 13:53:51,361 [pool-409-thread-1] INFO  ratis.ContainerStateMachine (ContainerStateMachine.java:loadSnapshot(236)) - group-EA7B0534F32E: The snapshot info is null. Setting the last applied indexto:(t:0, i:~)
2022-06-21 13:53:51,362 [EventQueue-PipelineReportForPipelineReportHandler] INFO  pipeline.PipelineManagerImpl (PipelineManagerImpl.java:openPipeline(356)) - Pipeline Pipeline[ Id: 1323396a-528d-4257-9d16-ea7b0534f32e, Nodes: 180d6f1c-5c2b-4c1e-a1bc-902f2625267f{ip: 10.1.0.15, host: fv-az194-567.vahfjs35atkulmpwh5ujf4txfe.jx.internal.cloudapp.net, ports: [REPLICATION=38031, RATIS=38173, RATIS_ADMIN=38173, RATIS_SERVER=38173, STANDALONE=34193], networkLocation: /default-rack, certSerialId: null, persistedOpState: IN_SERVICE, persistedOpStateExpiryEpochSec: 0}, ReplicationConfig: RATIS/ONE, State:ALLOCATED, leaderId:180d6f1c-5c2b-4c1e-a1bc-902f2625267f, CreationTimestamp2022-06-21T13:53:48.348Z[Etc/UTC]] moved to OPEN state
2022-06-21 13:53:51,362 [pool-409-thread-1] INFO  server.RaftServerConfigKeys (ConfUtils.java:logGet(46)) - raft.server.notification.no-leader.timeout = 300s (custom)
2022-06-21 13:53:51,362 [pool-409-thread-1] INFO  server.RaftServerConfigKeys (ConfUtils.java:logGet(46)) - raft.server.log.use.memory = false (default)
2022-06-21 13:53:51,363 [EventQueue-OpenPipelineForHealthyPipelineSafeModeRule] INFO  safemode.SCMSafeModeManager (HealthyPipelineSafeModeRule.java:process(124)) - SCM in safe mode. Healthy pipelines reported count is 0, required healthy pipeline reported count is 1
2022-06-21 13:53:51,374 [pool-409-thread-1] INFO  server.RaftServerConfigKeys (ConfUtils.java:logGet(46)) - raft.server.log.purge.gap = 1000000 (custom)
2022-06-21 13:53:51,375 [pool-409-thread-1] INFO  server.RaftServerConfigKeys (ConfUtils.java:logGet(46)) - raft.server.log.appender.buffer.byte-limit = 33554432 (custom)
2022-06-21 13:53:51,375 [pool-409-thread-1] INFO  server.RaftServerConfigKeys (ConfUtils.java:logGet(46)) - raft.server.log.statemachine.data.read.timeout = 1000ms (default)
2022-06-21 13:53:51,375 [pool-409-thread-1] INFO  server.RaftServerConfigKeys (ConfUtils.java:logGet(46)) - raft.server.log.segment.size.max = 1048576 (custom)
2022-06-21 13:53:51,375 [pool-409-thread-1] INFO  server.RaftServerConfigKeys (ConfUtils.java:logGet(46)) - raft.server.log.segment.cache.num.max = 2 (custom)
2022-06-21 13:53:51,375 [pool-409-thread-1] INFO  server.RaftServerConfigKeys (ConfUtils.java:logGet(46)) - raft.server.log.segment.cache.size.max = 200MB (=209715200) (default)
2022-06-21 13:53:51,375 [pool-409-thread-1] INFO  segmented.SegmentedRaftLogWorker (SegmentedRaftLogWorker.java:<init>(187)) - new 180d6f1c-5c2b-4c1e-a1bc-902f2625267f@group-EA7B0534F32E-SegmentedRaftLogWorker for RaftStorageImpl:Storage Directory /home/runner/work/ozone/ozone/hadoop-ozone/integration-test/target/test-dir/MiniOzoneClusterImpl-034e9286-fd65-458d-99c2-fe4308dd713a/datanode-4/data/ratis/1323396a-528d-4257-9d16-ea7b0534f32e
2022-06-21 13:53:51,375 [pool-409-thread-1] INFO  server.RaftServerConfigKeys (ConfUtils.java:logGet(46)) - raft.server.log.queue.byte-limit = 4294967296 (custom)
2022-06-21 13:53:51,375 [pool-409-thread-1] INFO  server.RaftServerConfigKeys (ConfUtils.java:logGet(46)) - raft.server.log.queue.element-limit = 1024 (custom)
2022-06-21 13:53:51,375 [pool-409-thread-1] INFO  server.RaftServerConfigKeys (ConfUtils.java:logGet(46)) - raft.server.log.segment.size.max = 1048576 (custom)
2022-06-21 13:53:51,375 [pool-409-thread-1] INFO  server.RaftServerConfigKeys (ConfUtils.java:logGet(46)) - raft.server.log.preallocated.size = 16384 (custom)
2022-06-21 13:53:51,375 [pool-409-thread-1] INFO  server.RaftServerConfigKeys (ConfUtils.java:logGet(46)) - raft.server.log.force.sync.num = 128 (default)
2022-06-21 13:53:51,376 [pool-409-thread-1] INFO  server.RaftServerConfigKeys (ConfUtils.java:logGet(46)) - raft.server.log.statemachine.data.sync = true (default)
2022-06-21 13:53:51,376 [pool-409-thread-1] INFO  server.RaftServerConfigKeys (ConfUtils.java:logGet(46)) - raft.server.log.statemachine.data.sync.timeout = 10s (default)
2022-06-21 13:53:51,376 [pool-409-thread-1] INFO  server.RaftServerConfigKeys (ConfUtils.java:logGet(46)) - raft.server.log.statemachine.data.sync.timeout.retry = -1 (default)
2022-06-21 13:53:51,376 [pool-409-thread-1] INFO  server.RaftServerConfigKeys (ConfUtils.java:logGet(46)) - raft.server.log.write.buffer.size = 1048576 (custom)
2022-06-21 13:53:51,377 [pool-409-thread-1] INFO  server.RaftServerConfigKeys (ConfUtils.java:logGet(46)) - raft.server.log.unsafe-flush.enabled = false (default)
2022-06-21 13:53:51,377 [pool-409-thread-1] INFO  server.RaftServerConfigKeys (ConfUtils.java:logGet(46)) - raft.server.log.statemachine.data.caching.enabled = true (custom)
2022-06-21 13:53:51,377 [pool-409-thread-1] INFO  segmented.SegmentedRaftLogWorker (SegmentedRaftLogWorker.java:lambda$new$0(135)) - 180d6f1c-5c2b-4c1e-a1bc-902f2625267f@group-EA7B0534F32E-SegmentedRaftLogWorker: flushIndex: setUnconditionally 0 -> -1
2022-06-21 13:53:51,377 [pool-409-thread-1] INFO  segmented.SegmentedRaftLogWorker (SegmentedRaftLogWorker.java:lambda$new$0(135)) - 180d6f1c-5c2b-4c1e-a1bc-902f2625267f@group-EA7B0534F32E-SegmentedRaftLogWorker: safeCacheEvictIndex: setUnconditionally 0 -> -1
2022-06-21 13:53:51,386 [pool-409-thread-1] INFO  server.RaftServerConfigKeys (ConfUtils.java:logGet(46)) - raft.server.snapshot.auto.trigger.enabled = true (custom)
2022-06-21 13:53:51,387 [pool-409-thread-1] INFO  server.RaftServerConfigKeys (ConfUtils.java:logGet(46)) - raft.server.snapshot.auto.trigger.threshold = 10000 (custom)
2022-06-21 13:53:51,387 [pool-409-thread-1] INFO  server.RaftServerConfigKeys (ConfUtils.java:logGet(46)) - raft.server.snapshot.retention.file.num = 5 (custom)
2022-06-21 13:53:51,387 [pool-409-thread-1] INFO  server.RaftServerConfigKeys (ConfUtils.java:logGet(46)) - raft.server.log.purge.upto.snapshot.index = false (default)
2022-06-21 13:53:51,387 [pool-409-thread-1] INFO  server.RaftServerConfigKeys (ConfUtils.java:logGet(46)) - raft.server.retrycache.expirytime = 600000ms (custom)
2022-06-21 13:53:51,387 [pool-409-thread-1] INFO  server.RaftServerConfigKeys (ConfUtils.java:logGet(46)) - raft.server.retrycache.statistics.expirytime = 100μs (default)
2022-06-21 13:53:51,388 [pool-409-thread-1] INFO  server.RaftServerConfigKeys (ConfUtils.java:logGet(46)) - raft.server.log.appender.install.snapshot.enabled = false (custom)
2022-06-21 13:53:51,388 [pool-409-thread-1] INFO  server.RaftServerConfigKeys (ConfUtils.java:logGet(46)) - raft.server.threadpool.server.cached = true (default)
2022-06-21 13:53:51,388 [pool-409-thread-1] INFO  server.RaftServerConfigKeys (ConfUtils.java:logGet(46)) - raft.server.threadpool.server.size = 0 (default)
2022-06-21 13:53:51,388 [pool-409-thread-1] INFO  server.RaftServerConfigKeys (ConfUtils.java:logGet(46)) - raft.server.threadpool.client.cached = true (default)
2022-06-21 13:53:51,388 [pool-409-thread-1] INFO  server.RaftServerConfigKeys (ConfUtils.java:logGet(46)) - raft.server.threadpool.client.size = 0 (default)
2022-06-21 13:53:51,388 [pool-409-thread-1] INFO  server.RaftServer$Division (RaftServerImpl.java:start(310)) - 180d6f1c-5c2b-4c1e-a1bc-902f2625267f@group-EA7B0534F32E: start as a follower, conf=-1: [180d6f1c-5c2b-4c1e-a1bc-902f2625267f|rpc:10.1.0.15:38173|priority:1], old=null
2022-06-21 13:53:51,388 [pool-409-thread-1] INFO  server.RaftServer$Division (RaftServerImpl.java:setRole(299)) - 180d6f1c-5c2b-4c1e-a1bc-902f2625267f@group-EA7B0534F32E: changes role from      null to FOLLOWER at term 0 for startAsFollower
2022-06-21 13:53:51,388 [pool-409-thread-1] INFO  impl.RoleInfo (RoleInfo.java:updateAndGet(139)) - 180d6f1c-5c2b-4c1e-a1bc-902f2625267f: start 180d6f1c-5c2b-4c1e-a1bc-902f2625267f@group-EA7B0534F32E-FollowerState
2022-06-21 13:53:51,392 [pool-409-thread-1] INFO  util.JmxRegister (JmxRegister.java:tryRegister(44)) - Successfully registered JMX Bean with object name Ratis:service=RaftServer,group=group-EA7B0534F32E,id=180d6f1c-5c2b-4c1e-a1bc-902f2625267f
2022-06-21 13:53:51,399 [Command processor thread] INFO  ratis.XceiverServerRatis (XceiverServerRatis.java:addGroup(765)) - Created group PipelineID=1323396a-528d-4257-9d16-ea7b0534f32e
2022-06-21 13:53:51,399 [Command processor thread] INFO  commandhandler.CreatePipelineCommandHandler (CreatePipelineCommandHandler.java:handle(113)) - Created Pipeline RATIS ONE PipelineID=1323396a-528d-4257-9d16-ea7b0534f32e.
2022-06-21 13:53:52,296 [Listener at 127.0.0.1/34499] INFO  ozone.MiniOzoneClusterImpl (MiniOzoneClusterImpl.java:lambda$waitForClusterToBeReady$0(222)) - Nodes are ready. Got 5 of 5 DN Heartbeats.
2022-06-21 13:53:52,297 [Listener at 127.0.0.1/34499] INFO  ozone.MiniOzoneClusterImpl (MiniOzoneClusterImpl.java:lambda$waitForClusterToBeReady$0(225)) - Waiting for cluster to exit safe mode
2022-06-21 13:53:52,298 [Listener at 127.0.0.1/34499] INFO  ozone.MiniOzoneClusterImpl (MiniOzoneClusterImpl.java:lambda$waitForClusterToBeReady$0(227)) - SCM became leader
2022-06-21 13:53:53,298 [Listener at 127.0.0.1/34499] INFO  ozone.MiniOzoneClusterImpl (MiniOzoneClusterImpl.java:lambda$waitForClusterToBeReady$0(222)) - Nodes are ready. Got 5 of 5 DN Heartbeats.
2022-06-21 13:53:53,298 [Listener at 127.0.0.1/34499] INFO  ozone.MiniOzoneClusterImpl (MiniOzoneClusterImpl.java:lambda$waitForClusterToBeReady$0(225)) - Waiting for cluster to exit safe mode
2022-06-21 13:53:53,298 [Listener at 127.0.0.1/34499] INFO  ozone.MiniOzoneClusterImpl (MiniOzoneClusterImpl.java:lambda$waitForClusterToBeReady$0(227)) - SCM became leader
2022-06-21 13:53:53,653 [81fc78bc-3d93-43eb-a149-ca8877d229a2@group-BD88A702D69D-FollowerState] INFO  impl.FollowerState (FollowerState.java:run(143)) - 81fc78bc-3d93-43eb-a149-ca8877d229a2@group-BD88A702D69D-FollowerState: change to CANDIDATE, lastRpcElapsedTime:5167437784ns, electionTimeout:5133ms
2022-06-21 13:53:53,654 [81fc78bc-3d93-43eb-a149-ca8877d229a2@group-BD88A702D69D-FollowerState] INFO  impl.RoleInfo (RoleInfo.java:shutdownFollowerState(110)) - 81fc78bc-3d93-43eb-a149-ca8877d229a2: shutdown 81fc78bc-3d93-43eb-a149-ca8877d229a2@group-BD88A702D69D-FollowerState
2022-06-21 13:53:53,654 [81fc78bc-3d93-43eb-a149-ca8877d229a2@group-BD88A702D69D-FollowerState] INFO  server.RaftServer$Division (RaftServerImpl.java:setRole(299)) - 81fc78bc-3d93-43eb-a149-ca8877d229a2@group-BD88A702D69D: changes role from  FOLLOWER to CANDIDATE at term 0 for changeToCandidate
2022-06-21 13:53:53,654 [81fc78bc-3d93-43eb-a149-ca8877d229a2@group-BD88A702D69D-FollowerState] INFO  server.RaftServerConfigKeys (ConfUtils.java:logGet(46)) - raft.server.leaderelection.pre-vote = false (custom)
2022-06-21 13:53:53,654 [81fc78bc-3d93-43eb-a149-ca8877d229a2@group-BD88A702D69D-FollowerState] INFO  impl.RoleInfo (RoleInfo.java:updateAndGet(139)) - 81fc78bc-3d93-43eb-a149-ca8877d229a2: start 81fc78bc-3d93-43eb-a149-ca8877d229a2@group-BD88A702D69D-LeaderElection12
2022-06-21 13:53:53,677 [81fc78bc-3d93-43eb-a149-ca8877d229a2@group-8DFC9E4944C0-FollowerState] INFO  impl.FollowerState (FollowerState.java:run(143)) - 81fc78bc-3d93-43eb-a149-ca8877d229a2@group-8DFC9E4944C0-FollowerState: change to CANDIDATE, lastRpcElapsedTime:5131046515ns, electionTimeout:5127ms
2022-06-21 13:53:53,677 [81fc78bc-3d93-43eb-a149-ca8877d229a2@group-8DFC9E4944C0-FollowerState] INFO  impl.RoleInfo (RoleInfo.java:shutdownFollowerState(110)) - 81fc78bc-3d93-43eb-a149-ca8877d229a2: shutdown 81fc78bc-3d93-43eb-a149-ca8877d229a2@group-8DFC9E4944C0-FollowerState
2022-06-21 13:53:53,677 [81fc78bc-3d93-43eb-a149-ca8877d229a2@group-8DFC9E4944C0-FollowerState] INFO  server.RaftServer$Division (RaftServerImpl.java:setRole(299)) - 81fc78bc-3d93-43eb-a149-ca8877d229a2@group-8DFC9E4944C0: changes role from  FOLLOWER to CANDIDATE at term 0 for changeToCandidate
2022-06-21 13:53:53,677 [81fc78bc-3d93-43eb-a149-ca8877d229a2@group-8DFC9E4944C0-FollowerState] INFO  server.RaftServerConfigKeys (ConfUtils.java:logGet(46)) - raft.server.leaderelection.pre-vote = false (custom)
2022-06-21 13:53:53,677 [81fc78bc-3d93-43eb-a149-ca8877d229a2@group-8DFC9E4944C0-FollowerState] INFO  impl.RoleInfo (RoleInfo.java:updateAndGet(139)) - 81fc78bc-3d93-43eb-a149-ca8877d229a2: start 81fc78bc-3d93-43eb-a149-ca8877d229a2@group-8DFC9E4944C0-LeaderElection13
2022-06-21 13:53:53,704 [81fc78bc-3d93-43eb-a149-ca8877d229a2@group-8DFC9E4944C0-LeaderElection13] INFO  impl.LeaderElection (LeaderElection.java:askForVotes(310)) - 81fc78bc-3d93-43eb-a149-ca8877d229a2@group-8DFC9E4944C0-LeaderElection13 ELECTION round 0: submit vote requests at term 1 for -1: [d57b37be-f0fe-43c7-a820-540586909dc7|rpc:10.1.0.15:46147|priority:0, da1def5c-cec2-4abd-8fe1-fa8043868437|rpc:10.1.0.15:45839|priority:0, 81fc78bc-3d93-43eb-a149-ca8877d229a2|rpc:10.1.0.15:44705|priority:1], old=null
2022-06-21 13:53:53,704 [81fc78bc-3d93-43eb-a149-ca8877d229a2@group-BD88A702D69D-LeaderElection12] INFO  impl.LeaderElection (LeaderElection.java:askForVotes(310)) - 81fc78bc-3d93-43eb-a149-ca8877d229a2@group-BD88A702D69D-LeaderElection12 ELECTION round 0: submit vote requests at term 1 for -1: [81fc78bc-3d93-43eb-a149-ca8877d229a2|rpc:10.1.0.15:44705|priority:1], old=null
2022-06-21 13:53:53,704 [81fc78bc-3d93-43eb-a149-ca8877d229a2@group-BD88A702D69D-LeaderElection12] INFO  impl.LeaderElection (LeaderElection.java:askForVotes(312)) - 81fc78bc-3d93-43eb-a149-ca8877d229a2@group-BD88A702D69D-LeaderElection12 ELECTION round 0: result PASSED (term=1)
2022-06-21 13:53:53,705 [81fc78bc-3d93-43eb-a149-ca8877d229a2@group-BD88A702D69D-LeaderElection12] INFO  impl.RoleInfo (RoleInfo.java:shutdownLeaderElection(130)) - 81fc78bc-3d93-43eb-a149-ca8877d229a2: shutdown 81fc78bc-3d93-43eb-a149-ca8877d229a2@group-BD88A702D69D-LeaderElection12
2022-06-21 13:53:53,705 [81fc78bc-3d93-43eb-a149-ca8877d229a2@group-BD88A702D69D-LeaderElection12] INFO  server.RaftServer$Division (RaftServerImpl.java:setRole(299)) - 81fc78bc-3d93-43eb-a149-ca8877d229a2@group-BD88A702D69D: changes role from CANDIDATE to LEADER at term 1 for changeToLeader
2022-06-21 13:53:53,705 [81fc78bc-3d93-43eb-a149-ca8877d229a2@group-BD88A702D69D-LeaderElection12] INFO  ratis.XceiverServerRatis (XceiverServerRatis.java:handleLeaderChangedNotification(863)) - Leader change notification received for group: group-BD88A702D69D with new leaderId: 81fc78bc-3d93-43eb-a149-ca8877d229a2
2022-06-21 13:53:53,731 [81fc78bc-3d93-43eb-a149-ca8877d229a2@group-BD88A702D69D-LeaderElection12] INFO  server.RaftServer$Division (ServerState.java:setLeader(287)) - 81fc78bc-3d93-43eb-a149-ca8877d229a2@group-BD88A702D69D: change Leader from null to 81fc78bc-3d93-43eb-a149-ca8877d229a2 at term 1 for becomeLeader, leader elected after 5249ms
2022-06-21 13:53:53,731 [81fc78bc-3d93-43eb-a149-ca8877d229a2@group-BD88A702D69D-LeaderElection12] INFO  server.RaftServerConfigKeys (ConfUtils.java:logGet(46)) - raft.server.staging.catchup.gap = 1000 (default)
2022-06-21 13:53:53,731 [81fc78bc-3d93-43eb-a149-ca8877d229a2@group-BD88A702D69D-LeaderElection12] INFO  server.RaftServerConfigKeys (ConfUtils.java:logGet(46)) - raft.server.write.element-limit = 1024 (custom)
2022-06-21 13:53:53,731 [81fc78bc-3d93-43eb-a149-ca8877d229a2@group-BD88A702D69D-LeaderElection12] INFO  server.RaftServerConfigKeys (ConfUtils.java:logGet(46)) - raft.server.write.byte-limit = 1024 M (=1073741824) (custom)
2022-06-21 13:53:53,731 [81fc78bc-3d93-43eb-a149-ca8877d229a2@group-BD88A702D69D-LeaderElection12] INFO  server.RaftServerConfigKeys (ConfUtils.java:logGet(46)) - raft.server.watch.timeout = 180s (custom)
2022-06-21 13:53:53,731 [81fc78bc-3d93-43eb-a149-ca8877d229a2@group-BD88A702D69D-LeaderElection12] INFO  server.RaftServerConfigKeys (ConfUtils.java:logGet(46)) - raft.server.watch.timeout.denomination = 1s (default)
2022-06-21 13:53:53,731 [81fc78bc-3d93-43eb-a149-ca8877d229a2@group-BD88A702D69D-LeaderElection12] INFO  server.RaftServerConfigKeys (ConfUtils.java:logGet(46)) - raft.server.watch.element-limit = 65536 (default)
2022-06-21 13:53:53,731 [81fc78bc-3d93-43eb-a149-ca8877d229a2@group-BD88A702D69D-LeaderElection12] INFO  server.RaftServerConfigKeys (ConfUtils.java:logGet(46)) - raft.server.write.element-limit = 1024 (custom)
2022-06-21 13:53:53,731 [81fc78bc-3d93-43eb-a149-ca8877d229a2@group-BD88A702D69D-LeaderElection12] INFO  server.RaftServerConfigKeys (ConfUtils.java:logGet(46)) - raft.server.write.follower.gap.ratio.max = -1.0 (default)
2022-06-21 13:53:53,732 [81fc78bc-3d93-43eb-a149-ca8877d229a2@group-BD88A702D69D-LeaderElection12] INFO  impl.RoleInfo (RoleInfo.java:updateAndGet(139)) - 81fc78bc-3d93-43eb-a149-ca8877d229a2: start 81fc78bc-3d93-43eb-a149-ca8877d229a2@group-BD88A702D69D-LeaderStateImpl
2022-06-21 13:53:53,732 [81fc78bc-3d93-43eb-a149-ca8877d229a2@group-BD88A702D69D-LeaderElection12] INFO  segmented.SegmentedRaftLogWorker (SegmentedRaftLogWorker.java:startLogSegment(425)) - 81fc78bc-3d93-43eb-a149-ca8877d229a2@group-BD88A702D69D-SegmentedRaftLogWorker: Starting segment from index:0
2022-06-21 13:53:53,735 [EventQueue-OpenPipelineForHealthyPipelineSafeModeRule] INFO  safemode.SCMSafeModeManager (HealthyPipelineSafeModeRule.java:process(124)) - SCM in safe mode. Healthy pipelines reported count is 0, required healthy pipeline reported count is 1
2022-06-21 13:53:53,737 [81fc78bc-3d93-43eb-a149-ca8877d229a2@group-BD88A702D69D-SegmentedRaftLogWorker] INFO  segmented.SegmentedRaftLogWorker (SegmentedRaftLogWorker.java:execute(629)) - 81fc78bc-3d93-43eb-a149-ca8877d229a2@group-BD88A702D69D-SegmentedRaftLogWorker: created new log segment /home/runner/work/ozone/ozone/hadoop-ozone/integration-test/target/test-dir/MiniOzoneClusterImpl-034e9286-fd65-458d-99c2-fe4308dd713a/datanode-0/data/ratis/2d1064b3-5ed5-4a4e-8af6-bd88a702d69d/current/log_inprogress_0
2022-06-21 13:53:53,766 [81fc78bc-3d93-43eb-a149-ca8877d229a2@group-BD88A702D69D-LeaderElection12] INFO  server.RaftServer$Division (ServerState.java:setRaftConf(393)) - 81fc78bc-3d93-43eb-a149-ca8877d229a2@group-BD88A702D69D: set configuration 0: [81fc78bc-3d93-43eb-a149-ca8877d229a2|rpc:10.1.0.15:44705|dataStream:|priority:1], old=null
2022-06-21 13:53:53,783 [grpc-default-executor-0] INFO  server.RaftServer$Division (RaftServerImpl.java:requestVote(1152)) - d57b37be-f0fe-43c7-a820-540586909dc7@group-8DFC9E4944C0: receive requestVote(ELECTION, 81fc78bc-3d93-43eb-a149-ca8877d229a2, group-8DFC9E4944C0, 1, (t:0, i:0))
2022-06-21 13:53:53,783 [grpc-default-executor-0] INFO  impl.VoteContext (VoteContext.java:log(48)) - d57b37be-f0fe-43c7-a820-540586909dc7@group-8DFC9E4944C0-FOLLOWER: accept ELECTION from 81fc78bc-3d93-43eb-a149-ca8877d229a2: our priority 0 <= candidate's priority 1
2022-06-21 13:53:53,783 [grpc-default-executor-0] INFO  server.RaftServer$Division (RaftServerImpl.java:setRole(299)) - d57b37be-f0fe-43c7-a820-540586909dc7@group-8DFC9E4944C0: changes role from  FOLLOWER to FOLLOWER at term 1 for candidate:81fc78bc-3d93-43eb-a149-ca8877d229a2
2022-06-21 13:53:53,783 [grpc-default-executor-0] INFO  impl.RoleInfo (RoleInfo.java:shutdownFollowerState(110)) - d57b37be-f0fe-43c7-a820-540586909dc7: shutdown d57b37be-f0fe-43c7-a820-540586909dc7@group-8DFC9E4944C0-FollowerState
2022-06-21 13:53:53,783 [grpc-default-executor-0] INFO  impl.RoleInfo (RoleInfo.java:updateAndGet(139)) - d57b37be-f0fe-43c7-a820-540586909dc7: start d57b37be-f0fe-43c7-a820-540586909dc7@group-8DFC9E4944C0-FollowerState
2022-06-21 13:53:53,783 [d57b37be-f0fe-43c7-a820-540586909dc7@group-8DFC9E4944C0-FollowerState] INFO  impl.FollowerState (FollowerState.java:run(152)) - d57b37be-f0fe-43c7-a820-540586909dc7@group-8DFC9E4944C0-FollowerState was interrupted
2022-06-21 13:53:53,786 [grpc-default-executor-0] INFO  server.RaftServer$Division (RaftServerImpl.java:requestVote(1184)) - d57b37be-f0fe-43c7-a820-540586909dc7@group-8DFC9E4944C0 replies to ELECTION vote request: 81fc78bc-3d93-43eb-a149-ca8877d229a2<-d57b37be-f0fe-43c7-a820-540586909dc7#0:OK-t1. Peer's state: d57b37be-f0fe-43c7-a820-540586909dc7@group-8DFC9E4944C0:t1, leader=null, voted=81fc78bc-3d93-43eb-a149-ca8877d229a2, raftlog=d57b37be-f0fe-43c7-a820-540586909dc7@group-8DFC9E4944C0-SegmentedRaftLog:OPENED:c-1, conf=-1: [d57b37be-f0fe-43c7-a820-540586909dc7|rpc:10.1.0.15:46147|dataStream:|priority:0, da1def5c-cec2-4abd-8fe1-fa8043868437|rpc:10.1.0.15:45839|dataStream:|priority:0, 81fc78bc-3d93-43eb-a149-ca8877d229a2|rpc:10.1.0.15:44705|dataStream:|priority:1], old=null
2022-06-21 13:53:53,803 [81fc78bc-3d93-43eb-a149-ca8877d229a2@group-8DFC9E4944C0-LeaderElection13] INFO  impl.LeaderElection (LeaderElection.java:logAndReturn(90)) - 81fc78bc-3d93-43eb-a149-ca8877d229a2@group-8DFC9E4944C0-LeaderElection13: ELECTION PASSED received 1 response(s) and 0 exception(s):
2022-06-21 13:53:53,803 [81fc78bc-3d93-43eb-a149-ca8877d229a2@group-8DFC9E4944C0-LeaderElection13] INFO  impl.LeaderElection (LeaderElection.java:logAndReturn(94)) -   Response 0: 81fc78bc-3d93-43eb-a149-ca8877d229a2<-d57b37be-f0fe-43c7-a820-540586909dc7#0:OK-t1
2022-06-21 13:53:53,803 [81fc78bc-3d93-43eb-a149-ca8877d229a2@group-8DFC9E4944C0-LeaderElection13] INFO  impl.LeaderElection (LeaderElection.java:askForVotes(312)) - 81fc78bc-3d93-43eb-a149-ca8877d229a2@group-8DFC9E4944C0-LeaderElection13 ELECTION round 0: result PASSED
2022-06-21 13:53:53,803 [81fc78bc-3d93-43eb-a149-ca8877d229a2@group-8DFC9E4944C0-LeaderElection13] INFO  impl.RoleInfo (RoleInfo.java:shutdownLeaderElection(130)) - 81fc78bc-3d93-43eb-a149-ca8877d229a2: shutdown 81fc78bc-3d93-43eb-a149-ca8877d229a2@group-8DFC9E4944C0-LeaderElection13
2022-06-21 13:53:53,803 [81fc78bc-3d93-43eb-a149-ca8877d229a2@group-8DFC9E4944C0-LeaderElection13] INFO  server.RaftServer$Division (RaftServerImpl.java:setRole(299)) - 81fc78bc-3d93-43eb-a149-ca8877d229a2@group-8DFC9E4944C0: changes role from CANDIDATE to LEADER at term 1 for changeToLeader
2022-06-21 13:53:53,804 [81fc78bc-3d93-43eb-a149-ca8877d229a2@group-8DFC9E4944C0-LeaderElection13] INFO  ratis.XceiverServerRatis (XceiverServerRatis.java:handleLeaderChangedNotification(863)) - Leader change notification received for group: group-8DFC9E4944C0 with new leaderId: 81fc78bc-3d93-43eb-a149-ca8877d229a2
2022-06-21 13:53:53,804 [81fc78bc-3d93-43eb-a149-ca8877d229a2@group-8DFC9E4944C0-LeaderElection13] INFO  server.RaftServer$Division (ServerState.java:setLeader(287)) - 81fc78bc-3d93-43eb-a149-ca8877d229a2@group-8DFC9E4944C0: change Leader from null to 81fc78bc-3d93-43eb-a149-ca8877d229a2 at term 1 for becomeLeader, leader elected after 5275ms
2022-06-21 13:53:53,804 [81fc78bc-3d93-43eb-a149-ca8877d229a2@group-8DFC9E4944C0-LeaderElection13] INFO  server.RaftServerConfigKeys (ConfUtils.java:logGet(46)) - raft.server.staging.catchup.gap = 1000 (default)
2022-06-21 13:53:53,804 [81fc78bc-3d93-43eb-a149-ca8877d229a2@group-8DFC9E4944C0-LeaderElection13] INFO  server.RaftServerConfigKeys (ConfUtils.java:logGet(46)) - raft.server.write.element-limit = 1024 (custom)
2022-06-21 13:53:53,804 [81fc78bc-3d93-43eb-a149-ca8877d229a2@group-8DFC9E4944C0-LeaderElection13] INFO  server.RaftServerConfigKeys (ConfUtils.java:logGet(46)) - raft.server.write.byte-limit = 1024 M (=1073741824) (custom)
2022-06-21 13:53:53,804 [81fc78bc-3d93-43eb-a149-ca8877d229a2@group-8DFC9E4944C0-LeaderElection13] INFO  server.RaftServerConfigKeys (ConfUtils.java:logGet(46)) - raft.server.watch.timeout = 180s (custom)
2022-06-21 13:53:53,804 [81fc78bc-3d93-43eb-a149-ca8877d229a2@group-8DFC9E4944C0-LeaderElection13] INFO  server.RaftServerConfigKeys (ConfUtils.java:logGet(46)) - raft.server.watch.timeout.denomination = 1s (default)
2022-06-21 13:53:53,804 [81fc78bc-3d93-43eb-a149-ca8877d229a2@group-8DFC9E4944C0-LeaderElection13] INFO  server.RaftServerConfigKeys (ConfUtils.java:logGet(46)) - raft.server.watch.element-limit = 65536 (default)
2022-06-21 13:53:53,804 [81fc78bc-3d93-43eb-a149-ca8877d229a2@group-8DFC9E4944C0-LeaderElection13] INFO  server.RaftServerConfigKeys (ConfUtils.java:logGet(46)) - raft.server.write.element-limit = 1024 (custom)
2022-06-21 13:53:53,805 [81fc78bc-3d93-43eb-a149-ca8877d229a2@group-8DFC9E4944C0-LeaderElection13] INFO  server.RaftServerConfigKeys (ConfUtils.java:logGet(46)) - raft.server.write.follower.gap.ratio.max = -1.0 (default)
2022-06-21 13:53:53,805 [81fc78bc-3d93-43eb-a149-ca8877d229a2@group-8DFC9E4944C0-LeaderElection13] INFO  server.RaftServerConfigKeys (ConfUtils.java:logGet(46)) - raft.server.log.appender.snapshot.chunk.size.max = 16MB (=16777216) (default)
2022-06-21 13:53:53,805 [81fc78bc-3d93-43eb-a149-ca8877d229a2@group-8DFC9E4944C0-LeaderElection13] INFO  server.RaftServerConfigKeys (ConfUtils.java:logGet(46)) - raft.server.log.appender.buffer.byte-limit = 33554432 (custom)
2022-06-21 13:53:53,805 [81fc78bc-3d93-43eb-a149-ca8877d229a2@group-8DFC9E4944C0-LeaderElection13] INFO  server.RaftServerConfigKeys (ConfUtils.java:logGet(46)) - raft.server.log.appender.buffer.element-limit = 1 (custom)
2022-06-21 13:53:53,805 [81fc78bc-3d93-43eb-a149-ca8877d229a2@group-8DFC9E4944C0-LeaderElection13] INFO  grpc.GrpcConfigKeys (ConfUtils.java:logGet(46)) - raft.grpc.server.leader.outstanding.appends.max = 128 (default)
2022-06-21 13:53:53,805 [81fc78bc-3d93-43eb-a149-ca8877d229a2@group-8DFC9E4944C0-LeaderElection13] INFO  server.RaftServerConfigKeys (ConfUtils.java:logGet(46)) - raft.server.rpc.request.timeout = 60s (custom)
2022-06-21 13:53:53,805 [81fc78bc-3d93-43eb-a149-ca8877d229a2@group-8DFC9E4944C0-LeaderElection13] INFO  server.RaftServerConfigKeys (ConfUtils.java:logGet(46)) - raft.server.log.appender.install.snapshot.enabled = false (custom)
2022-06-21 13:53:53,806 [81fc78bc-3d93-43eb-a149-ca8877d229a2@group-8DFC9E4944C0-LeaderElection13] INFO  server.RaftServerConfigKeys (ConfUtils.java:logGet(46)) - raft.server.log.appender.snapshot.chunk.size.max = 16MB (=16777216) (default)
2022-06-21 13:53:53,806 [81fc78bc-3d93-43eb-a149-ca8877d229a2@group-8DFC9E4944C0-LeaderElection13] INFO  server.RaftServerConfigKeys (ConfUtils.java:logGet(46)) - raft.server.log.appender.buffer.byte-limit = 33554432 (custom)
2022-06-21 13:53:53,806 [81fc78bc-3d93-43eb-a149-ca8877d229a2@group-8DFC9E4944C0-LeaderElection13] INFO  server.RaftServerConfigKeys (ConfUtils.java:logGet(46)) - raft.server.log.appender.buffer.element-limit = 1 (custom)
2022-06-21 13:53:53,806 [81fc78bc-3d93-43eb-a149-ca8877d229a2@group-8DFC9E4944C0-LeaderElection13] INFO  grpc.GrpcConfigKeys (ConfUtils.java:logGet(46)) - raft.grpc.server.leader.outstanding.appends.max = 128 (default)
2022-06-21 13:53:53,807 [EventQueue-PipelineReportForPipelineReportHandler] INFO  pipeline.PipelineManagerImpl (PipelineManagerImpl.java:openPipeline(356)) - Pipeline Pipeline[ Id: 57cec808-fb5e-4883-b3a4-8dfc9e4944c0, Nodes: 81fc78bc-3d93-43eb-a149-ca8877d229a2{ip: 10.1.0.15, host: fv-az194-567.vahfjs35atkulmpwh5ujf4txfe.jx.internal.cloudapp.net, ports: [REPLICATION=44627, RATIS=44705, RATIS_ADMIN=44705, RATIS_SERVER=44705, STANDALONE=46361], networkLocation: /default-rack, certSerialId: null, persistedOpState: IN_SERVICE, persistedOpStateExpiryEpochSec: 0}d57b37be-f0fe-43c7-a820-540586909dc7{ip: 10.1.0.15, host: fv-az194-567.vahfjs35atkulmpwh5ujf4txfe.jx.internal.cloudapp.net, ports: [REPLICATION=45065, RATIS=46147, RATIS_ADMIN=46147, RATIS_SERVER=46147, STANDALONE=43085], networkLocation: /default-rack, certSerialId: null, persistedOpState: IN_SERVICE, persistedOpStateExpiryEpochSec: 0}da1def5c-cec2-4abd-8fe1-fa8043868437{ip: 10.1.0.15, host: fv-az194-567.vahfjs35atkulmpwh5ujf4txfe.jx.internal.cloudapp.net, ports: [REPLICATION=42435, RATIS=45839, RATIS_ADMIN=45839, RATIS_SERVER=45839, STANDALONE=42299], networkLocation: /default-rack, certSerialId: null, persistedOpState: IN_SERVICE, persistedOpStateExpiryEpochSec: 0}, ReplicationConfig: RATIS/THREE, State:ALLOCATED, leaderId:81fc78bc-3d93-43eb-a149-ca8877d229a2, CreationTimestamp2022-06-21T13:53:46.911Z[Etc/UTC]] moved to OPEN state
2022-06-21 13:53:53,825 [grpc-default-executor-0] INFO  server.RaftServer$Division (RaftServerImpl.java:requestVote(1152)) - da1def5c-cec2-4abd-8fe1-fa8043868437@group-8DFC9E4944C0: receive requestVote(ELECTION, 81fc78bc-3d93-43eb-a149-ca8877d229a2, group-8DFC9E4944C0, 1, (t:0, i:0))
2022-06-21 13:53:53,825 [grpc-default-executor-0] INFO  impl.VoteContext (VoteContext.java:log(48)) - da1def5c-cec2-4abd-8fe1-fa8043868437@group-8DFC9E4944C0-FOLLOWER: accept ELECTION from 81fc78bc-3d93-43eb-a149-ca8877d229a2: our priority 0 <= candidate's priority 1
2022-06-21 13:53:53,825 [grpc-default-executor-0] INFO  server.RaftServer$Division (RaftServerImpl.java:setRole(299)) - da1def5c-cec2-4abd-8fe1-fa8043868437@group-8DFC9E4944C0: changes role from  FOLLOWER to FOLLOWER at term 1 for candidate:81fc78bc-3d93-43eb-a149-ca8877d229a2
2022-06-21 13:53:53,825 [grpc-default-executor-0] INFO  impl.RoleInfo (RoleInfo.java:shutdownFollowerState(110)) - da1def5c-cec2-4abd-8fe1-fa8043868437: shutdown da1def5c-cec2-4abd-8fe1-fa8043868437@group-8DFC9E4944C0-FollowerState
2022-06-21 13:53:53,826 [grpc-default-executor-0] INFO  impl.RoleInfo (RoleInfo.java:updateAndGet(139)) - da1def5c-cec2-4abd-8fe1-fa8043868437: start da1def5c-cec2-4abd-8fe1-fa8043868437@group-8DFC9E4944C0-FollowerState
2022-06-21 13:53:53,826 [da1def5c-cec2-4abd-8fe1-fa8043868437@group-8DFC9E4944C0-FollowerState] INFO  impl.FollowerState (FollowerState.java:run(152)) - da1def5c-cec2-4abd-8fe1-fa8043868437@group-8DFC9E4944C0-FollowerState was interrupted
2022-06-21 13:53:53,818 [81fc78bc-3d93-43eb-a149-ca8877d229a2@group-8DFC9E4944C0-LeaderElection13] INFO  server.RaftServerConfigKeys (ConfUtils.java:logGet(46)) - raft.server.rpc.request.timeout = 60s (custom)
2022-06-21 13:53:53,845 [81fc78bc-3d93-43eb-a149-ca8877d229a2@group-8DFC9E4944C0-LeaderElection13] INFO  server.RaftServerConfigKeys (ConfUtils.java:logGet(46)) - raft.server.log.appender.install.snapshot.enabled = false (custom)
2022-06-21 13:53:53,845 [81fc78bc-3d93-43eb-a149-ca8877d229a2@group-8DFC9E4944C0-LeaderElection13] INFO  impl.RoleInfo (RoleInfo.java:updateAndGet(139)) - 81fc78bc-3d93-43eb-a149-ca8877d229a2: start 81fc78bc-3d93-43eb-a149-ca8877d229a2@group-8DFC9E4944C0-LeaderStateImpl
2022-06-21 13:53:53,845 [81fc78bc-3d93-43eb-a149-ca8877d229a2@group-8DFC9E4944C0-LeaderElection13] INFO  segmented.SegmentedRaftLogWorker (SegmentedRaftLogWorker.java:startLogSegment(425)) - 81fc78bc-3d93-43eb-a149-ca8877d229a2@group-8DFC9E4944C0-SegmentedRaftLogWorker: Starting segment from index:0
2022-06-21 13:53:53,846 [grpc-default-executor-0] INFO  server.RaftServer$Division (RaftServerImpl.java:requestVote(1184)) - da1def5c-cec2-4abd-8fe1-fa8043868437@group-8DFC9E4944C0 replies to ELECTION vote request: 81fc78bc-3d93-43eb-a149-ca8877d229a2<-da1def5c-cec2-4abd-8fe1-fa8043868437#0:OK-t1. Peer's state: da1def5c-cec2-4abd-8fe1-fa8043868437@group-8DFC9E4944C0:t1, leader=null, voted=81fc78bc-3d93-43eb-a149-ca8877d229a2, raftlog=da1def5c-cec2-4abd-8fe1-fa8043868437@group-8DFC9E4944C0-SegmentedRaftLog:OPENED:c-1, conf=-1: [d57b37be-f0fe-43c7-a820-540586909dc7|rpc:10.1.0.15:46147|dataStream:|priority:0, da1def5c-cec2-4abd-8fe1-fa8043868437|rpc:10.1.0.15:45839|dataStream:|priority:0, 81fc78bc-3d93-43eb-a149-ca8877d229a2|rpc:10.1.0.15:44705|dataStream:|priority:1], old=null
2022-06-21 13:53:53,848 [81fc78bc-3d93-43eb-a149-ca8877d229a2@group-8DFC9E4944C0-SegmentedRaftLogWorker] INFO  segmented.SegmentedRaftLogWorker (SegmentedRaftLogWorker.java:execute(629)) - 81fc78bc-3d93-43eb-a149-ca8877d229a2@group-8DFC9E4944C0-SegmentedRaftLogWorker: created new log segment /home/runner/work/ozone/ozone/hadoop-ozone/integration-test/target/test-dir/MiniOzoneClusterImpl-034e9286-fd65-458d-99c2-fe4308dd713a/datanode-0/data/ratis/57cec808-fb5e-4883-b3a4-8dfc9e4944c0/current/log_inprogress_0
2022-06-21 13:53:53,807 [EventQueue-OpenPipelineForHealthyPipelineSafeModeRule] INFO  safemode.SCMSafeModeManager (HealthyPipelineSafeModeRule.java:process(124)) - SCM in safe mode. Healthy pipelines reported count is 0, required healthy pipeline reported count is 1
2022-06-21 13:53:53,896 [EventQueue-OpenPipelineForHealthyPipelineSafeModeRule] INFO  safemode.SCMSafeModeManager (HealthyPipelineSafeModeRule.java:process(124)) - SCM in safe mode. Healthy pipelines reported count is 1, required healthy pipeline reported count is 1
2022-06-21 13:53:53,896 [EventQueue-OpenPipelineForHealthyPipelineSafeModeRule] INFO  safemode.SCMSafeModeManager (SCMSafeModeManager.java:validateSafeModeExitRules(204)) - HealthyPipelineSafeModeRule rule is successfully validated
2022-06-21 13:53:53,896 [EventQueue-OpenPipelineForHealthyPipelineSafeModeRule] INFO  safemode.SCMSafeModeManager (SCMSafeModeManager.java:validateSafeModeExitRules(219)) - ScmSafeModeManager, all rules are successfully validated
2022-06-21 13:53:53,896 [EventQueue-OpenPipelineForHealthyPipelineSafeModeRule] INFO  safemode.SCMSafeModeManager (SCMSafeModeManager.java:exitSafeMode(248)) - SCM exiting safe mode.
2022-06-21 13:53:53,896 [EventQueue-OpenPipelineForHealthyPipelineSafeModeRule] WARN  events.EventQueue (EventQueue.java:fireEvent(194)) - No event handler registered for event TypedEvent{payloadType=SafeModeStatus, name='Safe mode status'}
2022-06-21 13:53:53,896 [EventQueue-OpenPipelineForHealthyPipelineSafeModeRule] INFO  ha.SCMContext (SCMContext.java:updateSafeModeStatus(228)) - Update SafeModeStatus from SafeModeStatus{safeModeStatus=true, preCheckPassed=true} to SafeModeStatus{safeModeStatus=false, preCheckPassed=true}.
2022-06-21 13:53:53,896 [EventQueue-OpenPipelineForHealthyPipelineSafeModeRule] INFO  pipeline.BackgroundPipelineCreator (BackgroundPipelineCreator.java:notifyStatusChanged(251)) - Service BackgroundPipelineCreator transitions to RUNNING.
2022-06-21 13:53:53,897 [EventQueue-OpenPipelineForHealthyPipelineSafeModeRule] INFO  BackgroundPipelineScrubber (BackgroundSCMService.java:notifyStatusChanged(82)) - Service BackgroundPipelineScrubber transitions to RUNNING.
2022-06-21 13:53:53,897 [EventQueue-OpenPipelineForHealthyPipelineSafeModeRule] INFO  ExpiredContainerReplicaOpScrubber (BackgroundSCMService.java:notifyStatusChanged(82)) - Service ExpiredContainerReplicaOpScrubber transitions to RUNNING.
2022-06-21 13:53:53,897 [EventQueue-OpenPipelineForHealthyPipelineSafeModeRule] INFO  replication.ReplicationManager (ReplicationManager.java:notifyStatusChanged(372)) - Service ReplicationManager transitions to RUNNING.
2022-06-21 13:53:53,897 [EventQueue-OpenPipelineForHealthyPipelineSafeModeRule] WARN  balancer.ContainerBalancer (ContainerBalancer.java:shouldRun(875)) - Could not find persisted configuration for ContainerBalancer when checking if ContainerBalancer should run. ContainerBalancer should not run now.
2022-06-21 13:53:53,897 [81fc78bc-3d93-43eb-a149-ca8877d229a2@group-8DFC9E4944C0-LeaderElection13] INFO  server.RaftServer$Division (ServerState.java:setRaftConf(393)) - 81fc78bc-3d93-43eb-a149-ca8877d229a2@group-8DFC9E4944C0: set configuration 0: [d57b37be-f0fe-43c7-a820-540586909dc7|rpc:10.1.0.15:46147|dataStream:|priority:0, da1def5c-cec2-4abd-8fe1-fa8043868437|rpc:10.1.0.15:45839|dataStream:|priority:0, 81fc78bc-3d93-43eb-a149-ca8877d229a2|rpc:10.1.0.15:44705|dataStream:|priority:1], old=null
2022-06-21 13:53:53,924 [d57b37be-f0fe-43c7-a820-540586909dc7-server-thread1] INFO  ratis.XceiverServerRatis (XceiverServerRatis.java:handleLeaderChangedNotification(863)) - Leader change notification received for group: group-8DFC9E4944C0 with new leaderId: 81fc78bc-3d93-43eb-a149-ca8877d229a2
2022-06-21 13:53:53,924 [d57b37be-f0fe-43c7-a820-540586909dc7-server-thread1] INFO  server.RaftServer$Division (ServerState.java:setLeader(287)) - d57b37be-f0fe-43c7-a820-540586909dc7@group-8DFC9E4944C0: change Leader from null to 81fc78bc-3d93-43eb-a149-ca8877d229a2 at term 1 for appendEntries, leader elected after 5294ms
2022-06-21 13:53:53,927 [d57b37be-f0fe-43c7-a820-540586909dc7-server-thread1] INFO  server.RaftServer$Division (ServerState.java:setRaftConf(393)) - d57b37be-f0fe-43c7-a820-540586909dc7@group-8DFC9E4944C0: set configuration 0: [d57b37be-f0fe-43c7-a820-540586909dc7|rpc:10.1.0.15:46147|dataStream:|priority:0, da1def5c-cec2-4abd-8fe1-fa8043868437|rpc:10.1.0.15:45839|dataStream:|priority:0, 81fc78bc-3d93-43eb-a149-ca8877d229a2|rpc:10.1.0.15:44705|dataStream:|priority:1], old=null
2022-06-21 13:53:53,927 [d57b37be-f0fe-43c7-a820-540586909dc7-server-thread1] INFO  segmented.SegmentedRaftLogWorker (SegmentedRaftLogWorker.java:startLogSegment(425)) - d57b37be-f0fe-43c7-a820-540586909dc7@group-8DFC9E4944C0-SegmentedRaftLogWorker: Starting segment from index:0
2022-06-21 13:53:53,948 [d57b37be-f0fe-43c7-a820-540586909dc7@group-8DFC9E4944C0-SegmentedRaftLogWorker] INFO  segmented.SegmentedRaftLogWorker (SegmentedRaftLogWorker.java:execute(629)) - d57b37be-f0fe-43c7-a820-540586909dc7@group-8DFC9E4944C0-SegmentedRaftLogWorker: created new log segment /home/runner/work/ozone/ozone/hadoop-ozone/integration-test/target/test-dir/MiniOzoneClusterImpl-034e9286-fd65-458d-99c2-fe4308dd713a/datanode-1/data/ratis/57cec808-fb5e-4883-b3a4-8dfc9e4944c0/current/log_inprogress_0
2022-06-21 13:53:53,961 [da1def5c-cec2-4abd-8fe1-fa8043868437-server-thread1] INFO  ratis.XceiverServerRatis (XceiverServerRatis.java:handleLeaderChangedNotification(863)) - Leader change notification received for group: group-8DFC9E4944C0 with new leaderId: 81fc78bc-3d93-43eb-a149-ca8877d229a2
2022-06-21 13:53:53,962 [da1def5c-cec2-4abd-8fe1-fa8043868437-server-thread1] INFO  server.RaftServer$Division (ServerState.java:setLeader(287)) - da1def5c-cec2-4abd-8fe1-fa8043868437@group-8DFC9E4944C0: change Leader from null to 81fc78bc-3d93-43eb-a149-ca8877d229a2 at term 1 for appendEntries, leader elected after 5205ms
2022-06-21 13:53:53,963 [da1def5c-cec2-4abd-8fe1-fa8043868437-server-thread1] INFO  server.RaftServer$Division (ServerState.java:setRaftConf(393)) - da1def5c-cec2-4abd-8fe1-fa8043868437@group-8DFC9E4944C0: set configuration 0: [d57b37be-f0fe-43c7-a820-540586909dc7|rpc:10.1.0.15:46147|dataStream:|priority:0, da1def5c-cec2-4abd-8fe1-fa8043868437|rpc:10.1.0.15:45839|dataStream:|priority:0, 81fc78bc-3d93-43eb-a149-ca8877d229a2|rpc:10.1.0.15:44705|dataStream:|priority:1], old=null
2022-06-21 13:53:53,963 [da1def5c-cec2-4abd-8fe1-fa8043868437-server-thread1] INFO  segmented.SegmentedRaftLogWorker (SegmentedRaftLogWorker.java:startLogSegment(425)) - da1def5c-cec2-4abd-8fe1-fa8043868437@group-8DFC9E4944C0-SegmentedRaftLogWorker: Starting segment from index:0
2022-06-21 13:53:53,976 [81fc78bc-3d93-43eb-a149-ca8877d229a2@group-A3DC51EC3215-FollowerState] INFO  impl.FollowerState (FollowerState.java:run(143)) - 81fc78bc-3d93-43eb-a149-ca8877d229a2@group-A3DC51EC3215-FollowerState: change to CANDIDATE, lastRpcElapsedTime:5120254919ns, electionTimeout:5119ms
2022-06-21 13:53:53,976 [81fc78bc-3d93-43eb-a149-ca8877d229a2@group-A3DC51EC3215-FollowerState] INFO  impl.RoleInfo (RoleInfo.java:shutdownFollowerState(110)) - 81fc78bc-3d93-43eb-a149-ca8877d229a2: shutdown 81fc78bc-3d93-43eb-a149-ca8877d229a2@group-A3DC51EC3215-FollowerState
2022-06-21 13:53:53,977 [81fc78bc-3d93-43eb-a149-ca8877d229a2@group-A3DC51EC3215-FollowerState] INFO  server.RaftServer$Division (RaftServerImpl.java:setRole(299)) - 81fc78bc-3d93-43eb-a149-ca8877d229a2@group-A3DC51EC3215: changes role from  FOLLOWER to CANDIDATE at term 0 for changeToCandidate
2022-06-21 13:53:53,977 [81fc78bc-3d93-43eb-a149-ca8877d229a2@group-A3DC51EC3215-FollowerState] INFO  server.RaftServerConfigKeys (ConfUtils.java:logGet(46)) - raft.server.leaderelection.pre-vote = false (custom)
2022-06-21 13:53:53,977 [81fc78bc-3d93-43eb-a149-ca8877d229a2@group-A3DC51EC3215-FollowerState] INFO  impl.RoleInfo (RoleInfo.java:updateAndGet(139)) - 81fc78bc-3d93-43eb-a149-ca8877d229a2: start 81fc78bc-3d93-43eb-a149-ca8877d229a2@group-A3DC51EC3215-LeaderElection14
2022-06-21 13:53:53,987 [d57b37be-f0fe-43c7-a820-540586909dc7@group-A3DC51EC3215-FollowerState] INFO  impl.FollowerState (FollowerState.java:run(143)) - d57b37be-f0fe-43c7-a820-540586909dc7@group-A3DC51EC3215-FollowerState: change to CANDIDATE, lastRpcElapsedTime:5047610001ns, electionTimeout:5036ms
2022-06-21 13:53:53,987 [d57b37be-f0fe-43c7-a820-540586909dc7@group-A3DC51EC3215-FollowerState] INFO  impl.RoleInfo (RoleInfo.java:shutdownFollowerState(110)) - d57b37be-f0fe-43c7-a820-540586909dc7: shutdown d57b37be-f0fe-43c7-a820-540586909dc7@group-A3DC51EC3215-FollowerState
2022-06-21 13:53:53,987 [d57b37be-f0fe-43c7-a820-540586909dc7@group-A3DC51EC3215-FollowerState] INFO  server.RaftServer$Division (RaftServerImpl.java:setRole(299)) - d57b37be-f0fe-43c7-a820-540586909dc7@group-A3DC51EC3215: changes role from  FOLLOWER to CANDIDATE at term 0 for changeToCandidate
2022-06-21 13:53:53,987 [d57b37be-f0fe-43c7-a820-540586909dc7@group-A3DC51EC3215-FollowerState] INFO  server.RaftServerConfigKeys (ConfUtils.java:logGet(46)) - raft.server.leaderelection.pre-vote = false (custom)
2022-06-21 13:53:53,987 [d57b37be-f0fe-43c7-a820-540586909dc7@group-A3DC51EC3215-FollowerState] INFO  impl.RoleInfo (RoleInfo.java:updateAndGet(139)) - d57b37be-f0fe-43c7-a820-540586909dc7: start d57b37be-f0fe-43c7-a820-540586909dc7@group-A3DC51EC3215-LeaderElection15
2022-06-21 13:53:54,007 [da1def5c-cec2-4abd-8fe1-fa8043868437@group-8DFC9E4944C0-SegmentedRaftLogWorker] INFO  segmented.SegmentedRaftLogWorker (SegmentedRaftLogWorker.java:execute(629)) - da1def5c-cec2-4abd-8fe1-fa8043868437@group-8DFC9E4944C0-SegmentedRaftLogWorker: created new log segment /home/runner/work/ozone/ozone/hadoop-ozone/integration-test/target/test-dir/MiniOzoneClusterImpl-034e9286-fd65-458d-99c2-fe4308dd713a/datanode-2/data/ratis/57cec808-fb5e-4883-b3a4-8dfc9e4944c0/current/log_inprogress_0
2022-06-21 13:53:54,011 [81fc78bc-3d93-43eb-a149-ca8877d229a2@group-A3DC51EC3215-LeaderElection14] INFO  impl.LeaderElection (LeaderElection.java:askForVotes(310)) - 81fc78bc-3d93-43eb-a149-ca8877d229a2@group-A3DC51EC3215-LeaderElection14 ELECTION round 0: submit vote requests at term 1 for -1: [d57b37be-f0fe-43c7-a820-540586909dc7|rpc:10.1.0.15:46147|priority:1, da1def5c-cec2-4abd-8fe1-fa8043868437|rpc:10.1.0.15:45839|priority:0, 81fc78bc-3d93-43eb-a149-ca8877d229a2|rpc:10.1.0.15:44705|priority:0], old=null
2022-06-21 13:53:54,032 [grpc-default-executor-0] INFO  server.RaftServer$Division (RaftServerImpl.java:requestVote(1152)) - d57b37be-f0fe-43c7-a820-540586909dc7@group-A3DC51EC3215: receive requestVote(ELECTION, 81fc78bc-3d93-43eb-a149-ca8877d229a2, group-A3DC51EC3215, 1, (t:0, i:0))
2022-06-21 13:53:54,035 [d57b37be-f0fe-43c7-a820-540586909dc7@group-A3DC51EC3215-LeaderElection15] INFO  impl.LeaderElection (LeaderElection.java:askForVotes(310)) - d57b37be-f0fe-43c7-a820-540586909dc7@group-A3DC51EC3215-LeaderElection15 ELECTION round 0: submit vote requests at term 1 for -1: [d57b37be-f0fe-43c7-a820-540586909dc7|rpc:10.1.0.15:46147|dataStream:|priority:1, da1def5c-cec2-4abd-8fe1-fa8043868437|rpc:10.1.0.15:45839|dataStream:|priority:0, 81fc78bc-3d93-43eb-a149-ca8877d229a2|rpc:10.1.0.15:44705|dataStream:|priority:0], old=null
2022-06-21 13:53:54,035 [grpc-default-executor-0] INFO  impl.VoteContext (VoteContext.java:log(48)) - d57b37be-f0fe-43c7-a820-540586909dc7@group-A3DC51EC3215-CANDIDATE: reject ELECTION from 81fc78bc-3d93-43eb-a149-ca8877d229a2: already has voted for d57b37be-f0fe-43c7-a820-540586909dc7 at current term 1
2022-06-21 13:53:54,035 [grpc-default-executor-0] INFO  server.RaftServer$Division (RaftServerImpl.java:requestVote(1184)) - d57b37be-f0fe-43c7-a820-540586909dc7@group-A3DC51EC3215 replies to ELECTION vote request: 81fc78bc-3d93-43eb-a149-ca8877d229a2<-d57b37be-f0fe-43c7-a820-540586909dc7#0:FAIL-t1. Peer's state: d57b37be-f0fe-43c7-a820-540586909dc7@group-A3DC51EC3215:t1, leader=null, voted=d57b37be-f0fe-43c7-a820-540586909dc7, raftlog=d57b37be-f0fe-43c7-a820-540586909dc7@group-A3DC51EC3215-SegmentedRaftLog:OPENED:c-1, conf=-1: [d57b37be-f0fe-43c7-a820-540586909dc7|rpc:10.1.0.15:46147|dataStream:|priority:1, da1def5c-cec2-4abd-8fe1-fa8043868437|rpc:10.1.0.15:45839|dataStream:|priority:0, 81fc78bc-3d93-43eb-a149-ca8877d229a2|rpc:10.1.0.15:44705|dataStream:|priority:0], old=null
2022-06-21 13:53:54,067 [grpc-default-executor-0] INFO  server.RaftServer$Division (RaftServerImpl.java:requestVote(1152)) - da1def5c-cec2-4abd-8fe1-fa8043868437@group-A3DC51EC3215: receive requestVote(ELECTION, 81fc78bc-3d93-43eb-a149-ca8877d229a2, group-A3DC51EC3215, 1, (t:0, i:0))
2022-06-21 13:53:54,067 [grpc-default-executor-0] INFO  impl.VoteContext (VoteContext.java:log(48)) - da1def5c-cec2-4abd-8fe1-fa8043868437@group-A3DC51EC3215-FOLLOWER: accept ELECTION from 81fc78bc-3d93-43eb-a149-ca8877d229a2: our priority 0 <= candidate's priority 0
2022-06-21 13:53:54,067 [grpc-default-executor-0] INFO  server.RaftServer$Division (RaftServerImpl.java:setRole(299)) - da1def5c-cec2-4abd-8fe1-fa8043868437@group-A3DC51EC3215: changes role from  FOLLOWER to FOLLOWER at term 1 for candidate:81fc78bc-3d93-43eb-a149-ca8877d229a2
2022-06-21 13:53:54,067 [grpc-default-executor-0] INFO  impl.RoleInfo (RoleInfo.java:shutdownFollowerState(110)) - da1def5c-cec2-4abd-8fe1-fa8043868437: shutdown da1def5c-cec2-4abd-8fe1-fa8043868437@group-A3DC51EC3215-FollowerState
2022-06-21 13:53:54,067 [da1def5c-cec2-4abd-8fe1-fa8043868437@group-A3DC51EC3215-FollowerState] INFO  impl.FollowerState (FollowerState.java:run(152)) - da1def5c-cec2-4abd-8fe1-fa8043868437@group-A3DC51EC3215-FollowerState was interrupted
2022-06-21 13:53:54,068 [grpc-default-executor-0] INFO  impl.RoleInfo (RoleInfo.java:updateAndGet(139)) - da1def5c-cec2-4abd-8fe1-fa8043868437: start da1def5c-cec2-4abd-8fe1-fa8043868437@group-A3DC51EC3215-FollowerState
2022-06-21 13:53:54,068 [81fc78bc-3d93-43eb-a149-ca8877d229a2@group-A3DC51EC3215-LeaderElection14] INFO  impl.LeaderElection (LeaderElection.java:logAndReturn(90)) - 81fc78bc-3d93-43eb-a149-ca8877d229a2@group-A3DC51EC3215-LeaderElection14: ELECTION REJECTED received 1 response(s) and 0 exception(s):
2022-06-21 13:53:54,070 [81fc78bc-3d93-43eb-a149-ca8877d229a2@group-A3DC51EC3215-LeaderElection14] INFO  impl.LeaderElection (LeaderElection.java:logAndReturn(94)) -   Response 0: 81fc78bc-3d93-43eb-a149-ca8877d229a2<-d57b37be-f0fe-43c7-a820-540586909dc7#0:FAIL-t1
2022-06-21 13:53:54,076 [grpc-default-executor-0] INFO  server.RaftServer$Division (RaftServerImpl.java:requestVote(1184)) - da1def5c-cec2-4abd-8fe1-fa8043868437@group-A3DC51EC3215 replies to ELECTION vote request: 81fc78bc-3d93-43eb-a149-ca8877d229a2<-da1def5c-cec2-4abd-8fe1-fa8043868437#0:OK-t1. Peer's state: da1def5c-cec2-4abd-8fe1-fa8043868437@group-A3DC51EC3215:t1, leader=null, voted=81fc78bc-3d93-43eb-a149-ca8877d229a2, raftlog=da1def5c-cec2-4abd-8fe1-fa8043868437@group-A3DC51EC3215-SegmentedRaftLog:OPENED:c-1, conf=-1: [d57b37be-f0fe-43c7-a820-540586909dc7|rpc:10.1.0.15:46147|dataStream:|priority:1, da1def5c-cec2-4abd-8fe1-fa8043868437|rpc:10.1.0.15:45839|dataStream:|priority:0, 81fc78bc-3d93-43eb-a149-ca8877d229a2|rpc:10.1.0.15:44705|dataStream:|priority:0], old=null
2022-06-21 13:53:54,080 [81fc78bc-3d93-43eb-a149-ca8877d229a2@group-A3DC51EC3215-LeaderElection14] INFO  impl.LeaderElection (LeaderElection.java:askForVotes(312)) - 81fc78bc-3d93-43eb-a149-ca8877d229a2@group-A3DC51EC3215-LeaderElection14 ELECTION round 0: result REJECTED
2022-06-21 13:53:54,087 [81fc78bc-3d93-43eb-a149-ca8877d229a2@group-A3DC51EC3215-LeaderElection14] INFO  server.RaftServer$Division (RaftServerImpl.java:setRole(299)) - 81fc78bc-3d93-43eb-a149-ca8877d229a2@group-A3DC51EC3215: changes role from CANDIDATE to FOLLOWER at term 1 for REJECTED
2022-06-21 13:53:54,087 [81fc78bc-3d93-43eb-a149-ca8877d229a2@group-A3DC51EC3215-LeaderElection14] INFO  impl.RoleInfo (RoleInfo.java:shutdownLeaderElection(130)) - 81fc78bc-3d93-43eb-a149-ca8877d229a2: shutdown 81fc78bc-3d93-43eb-a149-ca8877d229a2@group-A3DC51EC3215-LeaderElection14
2022-06-21 13:53:54,087 [81fc78bc-3d93-43eb-a149-ca8877d229a2@group-A3DC51EC3215-LeaderElection14] INFO  impl.RoleInfo (RoleInfo.java:updateAndGet(139)) - 81fc78bc-3d93-43eb-a149-ca8877d229a2: start 81fc78bc-3d93-43eb-a149-ca8877d229a2@group-A3DC51EC3215-FollowerState
2022-06-21 13:53:54,097 [grpc-default-executor-1] INFO  server.RaftServer$Division (RaftServerImpl.java:requestVote(1152)) - da1def5c-cec2-4abd-8fe1-fa8043868437@group-A3DC51EC3215: receive requestVote(ELECTION, d57b37be-f0fe-43c7-a820-540586909dc7, group-A3DC51EC3215, 1, (t:0, i:0))
2022-06-21 13:53:54,099 [grpc-default-executor-1] INFO  impl.VoteContext (VoteContext.java:log(48)) - da1def5c-cec2-4abd-8fe1-fa8043868437@group-A3DC51EC3215-FOLLOWER: reject ELECTION from d57b37be-f0fe-43c7-a820-540586909dc7: already has voted for 81fc78bc-3d93-43eb-a149-ca8877d229a2 at current term 1
2022-06-21 13:53:54,099 [grpc-default-executor-1] INFO  server.RaftServer$Division (RaftServerImpl.java:requestVote(1184)) - da1def5c-cec2-4abd-8fe1-fa8043868437@group-A3DC51EC3215 replies to ELECTION vote request: d57b37be-f0fe-43c7-a820-540586909dc7<-da1def5c-cec2-4abd-8fe1-fa8043868437#0:FAIL-t1. Peer's state: da1def5c-cec2-4abd-8fe1-fa8043868437@group-A3DC51EC3215:t1, leader=null, voted=81fc78bc-3d93-43eb-a149-ca8877d229a2, raftlog=da1def5c-cec2-4abd-8fe1-fa8043868437@group-A3DC51EC3215-SegmentedRaftLog:OPENED:c-1, conf=-1: [d57b37be-f0fe-43c7-a820-540586909dc7|rpc:10.1.0.15:46147|dataStream:|priority:1, da1def5c-cec2-4abd-8fe1-fa8043868437|rpc:10.1.0.15:45839|dataStream:|priority:0, 81fc78bc-3d93-43eb-a149-ca8877d229a2|rpc:10.1.0.15:44705|dataStream:|priority:0], old=null
2022-06-21 13:53:54,123 [grpc-default-executor-1] INFO  server.RaftServer$Division (RaftServerImpl.java:requestVote(1152)) - 81fc78bc-3d93-43eb-a149-ca8877d229a2@group-A3DC51EC3215: receive requestVote(ELECTION, d57b37be-f0fe-43c7-a820-540586909dc7, group-A3DC51EC3215, 1, (t:0, i:0))
2022-06-21 13:53:54,123 [grpc-default-executor-1] INFO  impl.VoteContext (VoteContext.java:log(48)) - 81fc78bc-3d93-43eb-a149-ca8877d229a2@group-A3DC51EC3215-FOLLOWER: reject ELECTION from d57b37be-f0fe-43c7-a820-540586909dc7: already has voted for 81fc78bc-3d93-43eb-a149-ca8877d229a2 at current term 1
2022-06-21 13:53:54,123 [grpc-default-executor-1] INFO  server.RaftServer$Division (RaftServerImpl.java:requestVote(1184)) - 81fc78bc-3d93-43eb-a149-ca8877d229a2@group-A3DC51EC3215 replies to ELECTION vote request: d57b37be-f0fe-43c7-a820-540586909dc7<-81fc78bc-3d93-43eb-a149-ca8877d229a2#0:FAIL-t1. Peer's state: 81fc78bc-3d93-43eb-a149-ca8877d229a2@group-A3DC51EC3215:t1, leader=null, voted=81fc78bc-3d93-43eb-a149-ca8877d229a2, raftlog=81fc78bc-3d93-43eb-a149-ca8877d229a2@group-A3DC51EC3215-SegmentedRaftLog:OPENED:c-1, conf=-1: [d57b37be-f0fe-43c7-a820-540586909dc7|rpc:10.1.0.15:46147|priority:1, da1def5c-cec2-4abd-8fe1-fa8043868437|rpc:10.1.0.15:45839|priority:0, 81fc78bc-3d93-43eb-a149-ca8877d229a2|rpc:10.1.0.15:44705|priority:0], old=null
2022-06-21 13:53:54,139 [d57b37be-f0fe-43c7-a820-540586909dc7@group-A3DC51EC3215-LeaderElection15] INFO  impl.LeaderElection (LeaderElection.java:logAndReturn(90)) - d57b37be-f0fe-43c7-a820-540586909dc7@group-A3DC51EC3215-LeaderElection15: ELECTION REJECTED received 2 response(s) and 0 exception(s):
2022-06-21 13:53:54,141 [d57b37be-f0fe-43c7-a820-540586909dc7@group-A3DC51EC3215-LeaderElection15] INFO  impl.LeaderElection (LeaderElection.java:logAndReturn(94)) -   Response 0: d57b37be-f0fe-43c7-a820-540586909dc7<-da1def5c-cec2-4abd-8fe1-fa8043868437#0:FAIL-t1
2022-06-21 13:53:54,141 [d57b37be-f0fe-43c7-a820-540586909dc7@group-A3DC51EC3215-LeaderElection15] INFO  impl.LeaderElection (LeaderElection.java:logAndReturn(94)) -   Response 1: d57b37be-f0fe-43c7-a820-540586909dc7<-81fc78bc-3d93-43eb-a149-ca8877d229a2#0:FAIL-t1
2022-06-21 13:53:54,141 [d57b37be-f0fe-43c7-a820-540586909dc7@group-A3DC51EC3215-LeaderElection15] INFO  impl.LeaderElection (LeaderElection.java:askForVotes(312)) - d57b37be-f0fe-43c7-a820-540586909dc7@group-A3DC51EC3215-LeaderElection15 ELECTION round 0: result REJECTED
2022-06-21 13:53:54,141 [d57b37be-f0fe-43c7-a820-540586909dc7@group-A3DC51EC3215-LeaderElection15] INFO  server.RaftServer$Division (RaftServerImpl.java:setRole(299)) - d57b37be-f0fe-43c7-a820-540586909dc7@group-A3DC51EC3215: changes role from CANDIDATE to FOLLOWER at term 1 for REJECTED
2022-06-21 13:53:54,141 [d57b37be-f0fe-43c7-a820-540586909dc7@group-A3DC51EC3215-LeaderElection15] INFO  impl.RoleInfo (RoleInfo.java:shutdownLeaderElection(130)) - d57b37be-f0fe-43c7-a820-540586909dc7: shutdown d57b37be-f0fe-43c7-a820-540586909dc7@group-A3DC51EC3215-LeaderElection15
2022-06-21 13:53:54,141 [d57b37be-f0fe-43c7-a820-540586909dc7@group-A3DC51EC3215-LeaderElection15] INFO  impl.RoleInfo (RoleInfo.java:updateAndGet(139)) - d57b37be-f0fe-43c7-a820-540586909dc7: start d57b37be-f0fe-43c7-a820-540586909dc7@group-A3DC51EC3215-FollowerState
2022-06-21 13:53:54,168 [d57b37be-f0fe-43c7-a820-540586909dc7@group-BF1E830388F9-FollowerState] INFO  impl.FollowerState (FollowerState.java:run(143)) - d57b37be-f0fe-43c7-a820-540586909dc7@group-BF1E830388F9-FollowerState: change to CANDIDATE, lastRpcElapsedTime:5047326439ns, electionTimeout:5009ms
2022-06-21 13:53:54,169 [d57b37be-f0fe-43c7-a820-540586909dc7@group-BF1E830388F9-FollowerState] INFO  impl.RoleInfo (RoleInfo.java:shutdownFollowerState(110)) - d57b37be-f0fe-43c7-a820-540586909dc7: shutdown d57b37be-f0fe-43c7-a820-540586909dc7@group-BF1E830388F9-FollowerState
2022-06-21 13:53:54,169 [d57b37be-f0fe-43c7-a820-540586909dc7@group-BF1E830388F9-FollowerState] INFO  server.RaftServer$Division (RaftServerImpl.java:setRole(299)) - d57b37be-f0fe-43c7-a820-540586909dc7@group-BF1E830388F9: changes role from  FOLLOWER to CANDIDATE at term 0 for changeToCandidate
2022-06-21 13:53:54,169 [d57b37be-f0fe-43c7-a820-540586909dc7@group-BF1E830388F9-FollowerState] INFO  server.RaftServerConfigKeys (ConfUtils.java:logGet(46)) - raft.server.leaderelection.pre-vote = false (custom)
2022-06-21 13:53:54,169 [d57b37be-f0fe-43c7-a820-540586909dc7@group-BF1E830388F9-FollowerState] INFO  impl.RoleInfo (RoleInfo.java:updateAndGet(139)) - d57b37be-f0fe-43c7-a820-540586909dc7: start d57b37be-f0fe-43c7-a820-540586909dc7@group-BF1E830388F9-LeaderElection16
2022-06-21 13:53:54,201 [d57b37be-f0fe-43c7-a820-540586909dc7@group-BF1E830388F9-LeaderElection16] INFO  impl.LeaderElection (LeaderElection.java:askForVotes(310)) - d57b37be-f0fe-43c7-a820-540586909dc7@group-BF1E830388F9-LeaderElection16 ELECTION round 0: submit vote requests at term 1 for -1: [d57b37be-f0fe-43c7-a820-540586909dc7|rpc:10.1.0.15:46147|priority:1], old=null
2022-06-21 13:53:54,201 [d57b37be-f0fe-43c7-a820-540586909dc7@group-BF1E830388F9-LeaderElection16] INFO  impl.LeaderElection (LeaderElection.java:askForVotes(312)) - d57b37be-f0fe-43c7-a820-540586909dc7@group-BF1E830388F9-LeaderElection16 ELECTION round 0: result PASSED (term=1)
2022-06-21 13:53:54,201 [d57b37be-f0fe-43c7-a820-540586909dc7@group-BF1E830388F9-LeaderElection16] INFO  impl.RoleInfo (RoleInfo.java:shutdownLeaderElection(130)) - d57b37be-f0fe-43c7-a820-540586909dc7: shutdown d57b37be-f0fe-43c7-a820-540586909dc7@group-BF1E830388F9-LeaderElection16
2022-06-21 13:53:54,201 [d57b37be-f0fe-43c7-a820-540586909dc7@group-BF1E830388F9-LeaderElection16] INFO  server.RaftServer$Division (RaftServerImpl.java:setRole(299)) - d57b37be-f0fe-43c7-a820-540586909dc7@group-BF1E830388F9: changes role from CANDIDATE to LEADER at term 1 for changeToLeader
2022-06-21 13:53:54,201 [d57b37be-f0fe-43c7-a820-540586909dc7@group-BF1E830388F9-LeaderElection16] INFO  ratis.XceiverServerRatis (XceiverServerRatis.java:handleLeaderChangedNotification(863)) - Leader change notification received for group: group-BF1E830388F9 with new leaderId: d57b37be-f0fe-43c7-a820-540586909dc7
2022-06-21 13:53:54,201 [d57b37be-f0fe-43c7-a820-540586909dc7@group-BF1E830388F9-LeaderElection16] INFO  server.RaftServer$Division (ServerState.java:setLeader(287)) - d57b37be-f0fe-43c7-a820-540586909dc7@group-BF1E830388F9: change Leader from null to d57b37be-f0fe-43c7-a820-540586909dc7 at term 1 for becomeLeader, leader elected after 5103ms
2022-06-21 13:53:54,201 [d57b37be-f0fe-43c7-a820-540586909dc7@group-BF1E830388F9-LeaderElection16] INFO  server.RaftServerConfigKeys (ConfUtils.java:logGet(46)) - raft.server.staging.catchup.gap = 1000 (default)
2022-06-21 13:53:54,202 [d57b37be-f0fe-43c7-a820-540586909dc7@group-BF1E830388F9-LeaderElection16] INFO  server.RaftServerConfigKeys (ConfUtils.java:logGet(46)) - raft.server.write.element-limit = 1024 (custom)
2022-06-21 13:53:54,202 [d57b37be-f0fe-43c7-a820-540586909dc7@group-BF1E830388F9-LeaderElection16] INFO  server.RaftServerConfigKeys (ConfUtils.java:logGet(46)) - raft.server.write.byte-limit = 1024 M (=1073741824) (custom)
2022-06-21 13:53:54,202 [d57b37be-f0fe-43c7-a820-540586909dc7@group-BF1E830388F9-LeaderElection16] INFO  server.RaftServerConfigKeys (ConfUtils.java:logGet(46)) - raft.server.watch.timeout = 180s (custom)
2022-06-21 13:53:54,202 [d57b37be-f0fe-43c7-a820-540586909dc7@group-BF1E830388F9-LeaderElection16] INFO  server.RaftServerConfigKeys (ConfUtils.java:logGet(46)) - raft.server.watch.timeout.denomination = 1s (default)
2022-06-21 13:53:54,202 [d57b37be-f0fe-43c7-a820-540586909dc7@group-BF1E830388F9-LeaderElection16] INFO  server.RaftServerConfigKeys (ConfUtils.java:logGet(46)) - raft.server.watch.element-limit = 65536 (default)
2022-06-21 13:53:54,202 [d57b37be-f0fe-43c7-a820-540586909dc7@group-BF1E830388F9-LeaderElection16] INFO  server.RaftServerConfigKeys (ConfUtils.java:logGet(46)) - raft.server.write.element-limit = 1024 (custom)
2022-06-21 13:53:54,202 [d57b37be-f0fe-43c7-a820-540586909dc7@group-BF1E830388F9-LeaderElection16] INFO  server.RaftServerConfigKeys (ConfUtils.java:logGet(46)) - raft.server.write.follower.gap.ratio.max = -1.0 (default)
2022-06-21 13:53:54,202 [d57b37be-f0fe-43c7-a820-540586909dc7@group-BF1E830388F9-LeaderElection16] INFO  impl.RoleInfo (RoleInfo.java:updateAndGet(139)) - d57b37be-f0fe-43c7-a820-540586909dc7: start d57b37be-f0fe-43c7-a820-540586909dc7@group-BF1E830388F9-LeaderStateImpl
2022-06-21 13:53:54,203 [d57b37be-f0fe-43c7-a820-540586909dc7@group-BF1E830388F9-LeaderElection16] INFO  segmented.SegmentedRaftLogWorker (SegmentedRaftLogWorker.java:startLogSegment(425)) - d57b37be-f0fe-43c7-a820-540586909dc7@group-BF1E830388F9-SegmentedRaftLogWorker: Starting segment from index:0
2022-06-21 13:53:54,205 [d57b37be-f0fe-43c7-a820-540586909dc7@group-BF1E830388F9-SegmentedRaftLogWorker] INFO  segmented.SegmentedRaftLogWorker (SegmentedRaftLogWorker.java:execute(629)) - d57b37be-f0fe-43c7-a820-540586909dc7@group-BF1E830388F9-SegmentedRaftLogWorker: created new log segment /home/runner/work/ozone/ozone/hadoop-ozone/integration-test/target/test-dir/MiniOzoneClusterImpl-034e9286-fd65-458d-99c2-fe4308dd713a/datanode-1/data/ratis/d126f60f-57bd-45b0-a423-bf1e830388f9/current/log_inprogress_0
2022-06-21 13:53:54,218 [d57b37be-f0fe-43c7-a820-540586909dc7@group-BF1E830388F9-LeaderElection16] INFO  server.RaftServer$Division (ServerState.java:setRaftConf(393)) - d57b37be-f0fe-43c7-a820-540586909dc7@group-BF1E830388F9: set configuration 0: [d57b37be-f0fe-43c7-a820-540586909dc7|rpc:10.1.0.15:46147|dataStream:|priority:1], old=null
2022-06-21 13:53:54,299 [Listener at 127.0.0.1/34499] INFO  ozone.MiniOzoneClusterImpl (MiniOzoneClusterImpl.java:lambda$waitForClusterToBeReady$0(222)) - Nodes are ready. Got 5 of 5 DN Heartbeats.
2022-06-21 13:53:54,299 [Listener at 127.0.0.1/34499] INFO  ozone.MiniOzoneClusterImpl (MiniOzoneClusterImpl.java:lambda$waitForClusterToBeReady$0(225)) - Cluster exits safe mode
2022-06-21 13:53:54,299 [Listener at 127.0.0.1/34499] INFO  ozone.MiniOzoneClusterImpl (MiniOzoneClusterImpl.java:lambda$waitForClusterToBeReady$0(227)) - SCM became leader
2022-06-21 13:53:54,376 [Listener at 127.0.0.1/34499] INFO  rpc.RpcClient (RpcClient.java:createVolume(466)) - Creating Volume: volume69434, with user40100 as owner and space quota set to -1 bytes, counts quota set to -1
2022-06-21 13:53:54,377 [IPC Server handler 2 on default port 34499] INFO  volume.OMVolumeCreateRequest (OMVolumeCreateRequest.java:validateAndUpdateCache(195)) - created volume:volume69434 for user:user40100
2022-06-21 13:53:54,400 [Listener at 127.0.0.1/34499] INFO  rpc.RpcClient (RpcClient.java:createBucket(666)) - Creating Bucket: volume69434/bucket16378, with the Bucket Layout LEGACY, runner as owner, Versioning false, Storage Type set to DISK and Encryption set to false 
2022-06-21 13:53:54,401 [IPC Server handler 4 on default port 34499] INFO  bucket.OMBucketCreateRequest (OMBucketCreateRequest.java:validateAndUpdateCache(260)) - created bucket: bucket16378 of layout LEGACY in volume: volume69434
]]></system-out>
  </testcase>
  <testcase name="testGetTrashRoot" classname="TestOzoneFileSystem" time="49.02">
    <system-out><![CDATA[2022-06-21 13:54:09,940 [Listener at 127.0.0.1/34499] INFO  ozone.MiniOzoneClusterImpl (MiniOzoneClusterImpl.java:shutdown(457)) - Shutting down the Mini Ozone Cluster
2022-06-21 13:54:09,940 [Listener at 127.0.0.1/34499] INFO  ozone.MiniOzoneClusterImpl (MiniOzoneClusterImpl.java:stop(472)) - Stopping the Mini Ozone Cluster
2022-06-21 13:54:09,940 [Listener at 127.0.0.1/34499] INFO  ozone.MiniOzoneClusterImpl (MiniOzoneClusterImpl.java:stopOM(554)) - Stopping the OzoneManager
2022-06-21 13:54:09,940 [Listener at 127.0.0.1/34499] INFO  om.OzoneManager (OzoneManager.java:stop(2020)) - om1[localhost:0]: Stopping Ozone Manager
2022-06-21 13:54:09,940 [Listener at 127.0.0.1/34499] INFO  ipc.Server (Server.java:stop(3414)) - Stopping server on 34499
2022-06-21 13:54:09,964 [Listener at 127.0.0.1/34499] INFO  ratis.OzoneManagerDoubleBuffer (OzoneManagerDoubleBuffer.java:stop(465)) - Stopping OMDoubleBuffer flush thread
2022-06-21 13:54:09,964 [IPC Server listener on 0] INFO  ipc.Server (Server.java:run(1376)) - Stopping IPC Server listener on 0
2022-06-21 13:54:09,965 [OMDoubleBufferFlushThread] INFO  ratis.OzoneManagerDoubleBuffer (OzoneManagerDoubleBuffer.java:flushTransactions(385)) - OMDoubleBuffer flush thread OMDoubleBufferFlushThread is interrupted and will exit.
2022-06-21 13:54:09,965 [IPC Server Responder] INFO  ipc.Server (Server.java:run(1512)) - Stopping IPC Server Responder
2022-06-21 13:54:09,965 [Listener at 127.0.0.1/34499] INFO  utils.BackgroundService (BackgroundService.java:shutdown(132)) - Shutting down service KeyDeletingService
2022-06-21 13:54:09,966 [Listener at 127.0.0.1/34499] INFO  utils.BackgroundService (BackgroundService.java:shutdown(132)) - Shutting down service DirectoryDeletingService
2022-06-21 13:54:09,966 [Listener at 127.0.0.1/34499] INFO  utils.BackgroundService (BackgroundService.java:shutdown(132)) - Shutting down service OpenKeyCleanupService
2022-06-21 13:54:09,966 [Listener at 127.0.0.1/34499] INFO  handler.ContextHandler (ContextHandler.java:doStop(1153)) - Stopped o.e.j.w.WebAppContext@3af017bd{ozoneManager,/,null,STOPPED}{file:/home/runner/work/ozone/ozone/hadoop-ozone/integration-test/target/test-classes/webapps/ozoneManager}
2022-06-21 13:54:09,967 [Listener at 127.0.0.1/34499] INFO  server.AbstractConnector (AbstractConnector.java:doStop(381)) - Stopped ServerConnector@19294756{HTTP/1.1, (http/1.1)}{0.0.0.0:0}
2022-06-21 13:54:09,967 [Listener at 127.0.0.1/34499] INFO  server.session (HouseKeeper.java:stopScavenging(149)) - node0 Stopped scavenging
2022-06-21 13:54:09,968 [Listener at 127.0.0.1/34499] INFO  handler.ContextHandler (ContextHandler.java:doStop(1153)) - Stopped o.e.j.s.ServletContextHandler@4daf6386{static,/static,file:///home/runner/work/ozone/ozone/hadoop-ozone/integration-test/target/test-classes/webapps/static,STOPPED}
2022-06-21 13:54:09,968 [Listener at 127.0.0.1/34499] INFO  handler.ContextHandler (ContextHandler.java:doStop(1153)) - Stopped o.e.j.s.ServletContextHandler@59139fb7{logs,/logs,file:///home/runner/work/ozone/ozone/hadoop-ozone/integration-test/target/log,STOPPED}
2022-06-21 13:54:09,974 [Listener at 127.0.0.1/34499] INFO  ozone.MiniOzoneClusterImpl (MiniOzoneClusterImpl.java:stopDatanodes(531)) - Stopping the HddsDatanodes
2022-06-21 13:54:09,984 [Trash Emptier] ERROR om.TrashPolicyOzone (TrashPolicyOzone.java:run(251)) - Error attempting to shutdown
java.lang.InterruptedException
	at java.util.concurrent.locks.AbstractQueuedSynchronizer$ConditionObject.awaitNanos(AbstractQueuedSynchronizer.java:2067)
	at java.util.concurrent.ThreadPoolExecutor.awaitTermination(ThreadPoolExecutor.java:1475)
	at org.apache.hadoop.ozone.om.TrashPolicyOzone$Emptier.run(TrashPolicyOzone.java:249)
	at java.lang.Thread.run(Thread.java:750)
2022-06-21 13:54:09,984 [Trash Emptier] ERROR util.ExitUtils (ExitUtils.java:terminate(133)) - Terminating with exit status -1: Thread[Trash Emptier,5,main] has thrown an uncaught exception
java.lang.UnsupportedOperationException: fs.getUri() not implemented in TrashOzoneFileSystem
	at org.apache.hadoop.ozone.om.TrashOzoneFileSystem.getUri(TrashOzoneFileSystem.java:125)
	at org.apache.hadoop.fs.FileSystem.close(FileSystem.java:2592)
	at org.apache.hadoop.ozone.om.TrashPolicyOzone$Emptier.run(TrashPolicyOzone.java:243)
	at java.lang.Thread.run(Thread.java:750)
2022-06-21 13:54:14,975 [Listener at 127.0.0.1/34499] INFO  ozoneimpl.OzoneContainer (OzoneContainer.java:stop(365)) - Attempting to stop container services.
2022-06-21 13:54:14,977 [Listener at 127.0.0.1/34499] INFO  server.RaftServer (RaftServerProxy.java:lambda$close$7(398)) - da1def5c-cec2-4abd-8fe1-fa8043868437: close
2022-06-21 13:54:14,977 [Listener at 127.0.0.1/34499] INFO  server.RaftServer$Division (RaftServerImpl.java:lambda$close$4(434)) - da1def5c-cec2-4abd-8fe1-fa8043868437@group-A3DC51EC3215: shutdown
2022-06-21 13:54:14,977 [Listener at 127.0.0.1/34499] INFO  util.JmxRegister (JmxRegister.java:unregister(73)) - Successfully un-registered JMX Bean with object name Ratis:service=RaftServer,group=group-A3DC51EC3215,id=da1def5c-cec2-4abd-8fe1-fa8043868437
2022-06-21 13:54:14,977 [Listener at 127.0.0.1/34499] INFO  impl.RoleInfo (RoleInfo.java:shutdownFollowerState(110)) - da1def5c-cec2-4abd-8fe1-fa8043868437: shutdown da1def5c-cec2-4abd-8fe1-fa8043868437@group-A3DC51EC3215-FollowerState
2022-06-21 13:54:14,977 [Listener at 127.0.0.1/34499] INFO  impl.StateMachineUpdater (StateMachineUpdater.java:stopAndJoin(153)) - da1def5c-cec2-4abd-8fe1-fa8043868437@group-A3DC51EC3215-StateMachineUpdater: set stopIndex = 0
2022-06-21 13:54:14,977 [da1def5c-cec2-4abd-8fe1-fa8043868437@group-A3DC51EC3215-FollowerState] INFO  impl.FollowerState (FollowerState.java:run(152)) - da1def5c-cec2-4abd-8fe1-fa8043868437@group-A3DC51EC3215-FollowerState was interrupted
2022-06-21 13:54:14,978 [da1def5c-cec2-4abd-8fe1-fa8043868437@group-A3DC51EC3215-StateMachineUpdater] INFO  ratis.ContainerStateMachine (ContainerStateMachine.java:takeSnapshot(304)) - group-A3DC51EC3215: Taking a snapshot at:(t:4, i:0) file /home/runner/work/ozone/ozone/hadoop-ozone/integration-test/target/test-dir/MiniOzoneClusterImpl-034e9286-fd65-458d-99c2-fe4308dd713a/datanode-2/data/ratis/1591b29d-177a-435d-942b-a3dc51ec3215/sm/snapshot.4_0
2022-06-21 13:54:14,980 [da1def5c-cec2-4abd-8fe1-fa8043868437@group-A3DC51EC3215-StateMachineUpdater] INFO  ratis.ContainerStateMachine (ContainerStateMachine.java:takeSnapshot(315)) - group-A3DC51EC3215: Finished taking a snapshot at:(t:4, i:0) file:/home/runner/work/ozone/ozone/hadoop-ozone/integration-test/target/test-dir/MiniOzoneClusterImpl-034e9286-fd65-458d-99c2-fe4308dd713a/datanode-2/data/ratis/1591b29d-177a-435d-942b-a3dc51ec3215/sm/snapshot.4_0 took: 2 ms
2022-06-21 13:54:14,980 [da1def5c-cec2-4abd-8fe1-fa8043868437@group-A3DC51EC3215-StateMachineUpdater] INFO  impl.StateMachineUpdater (StateMachineUpdater.java:takeSnapshot(287)) - da1def5c-cec2-4abd-8fe1-fa8043868437@group-A3DC51EC3215-StateMachineUpdater: Took a snapshot at index 0
2022-06-21 13:54:14,980 [da1def5c-cec2-4abd-8fe1-fa8043868437@group-A3DC51EC3215-StateMachineUpdater] INFO  impl.StateMachineUpdater (StateMachineUpdater.java:lambda$new$0(92)) - da1def5c-cec2-4abd-8fe1-fa8043868437@group-A3DC51EC3215-StateMachineUpdater: snapshotIndex: updateIncreasingly -1 -> 0
2022-06-21 13:54:14,981 [Listener at 127.0.0.1/34499] INFO  server.RaftServer$Division (ServerState.java:close(429)) - da1def5c-cec2-4abd-8fe1-fa8043868437@group-A3DC51EC3215: closes. applyIndex: 0
2022-06-21 13:54:14,981 [da1def5c-cec2-4abd-8fe1-fa8043868437@group-A3DC51EC3215-SegmentedRaftLogWorker] INFO  segmented.SegmentedRaftLogWorker (SegmentedRaftLogWorker.java:run(336)) - da1def5c-cec2-4abd-8fe1-fa8043868437@group-A3DC51EC3215-SegmentedRaftLogWorker was interrupted, exiting. There are 0 tasks remaining in the queue.
2022-06-21 13:54:14,983 [Listener at 127.0.0.1/34499] INFO  segmented.SegmentedRaftLogWorker (SegmentedRaftLogWorker.java:close(246)) - da1def5c-cec2-4abd-8fe1-fa8043868437@group-A3DC51EC3215-SegmentedRaftLogWorker close()
2022-06-21 13:54:14,985 [ForkJoinPool.commonPool-worker-0] INFO  ozoneimpl.OzoneContainer (OzoneContainer.java:stop(365)) - Attempting to stop container services.
2022-06-21 13:54:14,987 [Listener at 127.0.0.1/34499] INFO  server.RaftServer$Division (RaftServerImpl.java:lambda$close$4(434)) - da1def5c-cec2-4abd-8fe1-fa8043868437@group-3A0DCB9BB53C: shutdown
2022-06-21 13:54:14,991 [Listener at 127.0.0.1/34499] INFO  util.JmxRegister (JmxRegister.java:unregister(73)) - Successfully un-registered JMX Bean with object name Ratis:service=RaftServer,group=group-3A0DCB9BB53C,id=da1def5c-cec2-4abd-8fe1-fa8043868437
2022-06-21 13:54:14,991 [Listener at 127.0.0.1/34499] INFO  impl.RoleInfo (RoleInfo.java:shutdownLeaderState(93)) - da1def5c-cec2-4abd-8fe1-fa8043868437: shutdown da1def5c-cec2-4abd-8fe1-fa8043868437@group-3A0DCB9BB53C-LeaderStateImpl
2022-06-21 13:54:14,991 [Listener at 127.0.0.1/34499] INFO  impl.PendingRequests (PendingRequests.java:sendNotLeaderResponses(282)) - da1def5c-cec2-4abd-8fe1-fa8043868437@group-3A0DCB9BB53C-PendingRequests: sendNotLeaderResponses
2022-06-21 13:54:14,992 [Listener at 127.0.0.1/34499] INFO  impl.StateMachineUpdater (StateMachineUpdater.java:stopAndJoin(153)) - da1def5c-cec2-4abd-8fe1-fa8043868437@group-3A0DCB9BB53C-StateMachineUpdater: set stopIndex = 0
2022-06-21 13:54:14,999 [da1def5c-cec2-4abd-8fe1-fa8043868437@group-3A0DCB9BB53C-StateMachineUpdater] INFO  ratis.ContainerStateMachine (ContainerStateMachine.java:takeSnapshot(304)) - group-3A0DCB9BB53C: Taking a snapshot at:(t:1, i:0) file /home/runner/work/ozone/ozone/hadoop-ozone/integration-test/target/test-dir/MiniOzoneClusterImpl-034e9286-fd65-458d-99c2-fe4308dd713a/datanode-2/data/ratis/2ed6b8d1-976f-427d-a0b9-3a0dcb9bb53c/sm/snapshot.1_0
2022-06-21 13:54:14,999 [ForkJoinPool.commonPool-worker-0] INFO  server.RaftServer (RaftServerProxy.java:lambda$close$7(398)) - d57b37be-f0fe-43c7-a820-540586909dc7: close
2022-06-21 13:54:14,999 [ForkJoinPool.commonPool-worker-0] INFO  server.RaftServer$Division (RaftServerImpl.java:lambda$close$4(434)) - d57b37be-f0fe-43c7-a820-540586909dc7@group-BF1E830388F9: shutdown
2022-06-21 13:54:14,999 [ForkJoinPool.commonPool-worker-0] INFO  util.JmxRegister (JmxRegister.java:unregister(73)) - Successfully un-registered JMX Bean with object name Ratis:service=RaftServer,group=group-BF1E830388F9,id=d57b37be-f0fe-43c7-a820-540586909dc7
2022-06-21 13:54:15,000 [ForkJoinPool.commonPool-worker-0] INFO  impl.RoleInfo (RoleInfo.java:shutdownLeaderState(93)) - d57b37be-f0fe-43c7-a820-540586909dc7: shutdown d57b37be-f0fe-43c7-a820-540586909dc7@group-BF1E830388F9-LeaderStateImpl
2022-06-21 13:54:15,000 [ForkJoinPool.commonPool-worker-0] INFO  impl.PendingRequests (PendingRequests.java:sendNotLeaderResponses(282)) - d57b37be-f0fe-43c7-a820-540586909dc7@group-BF1E830388F9-PendingRequests: sendNotLeaderResponses
2022-06-21 13:54:15,000 [ForkJoinPool.commonPool-worker-0] INFO  impl.StateMachineUpdater (StateMachineUpdater.java:stopAndJoin(153)) - d57b37be-f0fe-43c7-a820-540586909dc7@group-BF1E830388F9-StateMachineUpdater: set stopIndex = 0
2022-06-21 13:54:15,000 [d57b37be-f0fe-43c7-a820-540586909dc7@group-BF1E830388F9-StateMachineUpdater] INFO  ratis.ContainerStateMachine (ContainerStateMachine.java:takeSnapshot(304)) - group-BF1E830388F9: Taking a snapshot at:(t:1, i:0) file /home/runner/work/ozone/ozone/hadoop-ozone/integration-test/target/test-dir/MiniOzoneClusterImpl-034e9286-fd65-458d-99c2-fe4308dd713a/datanode-1/data/ratis/d126f60f-57bd-45b0-a423-bf1e830388f9/sm/snapshot.1_0
2022-06-21 13:54:15,003 [da1def5c-cec2-4abd-8fe1-fa8043868437@group-3A0DCB9BB53C-StateMachineUpdater] INFO  ratis.ContainerStateMachine (ContainerStateMachine.java:takeSnapshot(315)) - group-3A0DCB9BB53C: Finished taking a snapshot at:(t:1, i:0) file:/home/runner/work/ozone/ozone/hadoop-ozone/integration-test/target/test-dir/MiniOzoneClusterImpl-034e9286-fd65-458d-99c2-fe4308dd713a/datanode-2/data/ratis/2ed6b8d1-976f-427d-a0b9-3a0dcb9bb53c/sm/snapshot.1_0 took: 10 ms
2022-06-21 13:54:15,003 [da1def5c-cec2-4abd-8fe1-fa8043868437@group-3A0DCB9BB53C-StateMachineUpdater] INFO  impl.StateMachineUpdater (StateMachineUpdater.java:takeSnapshot(287)) - da1def5c-cec2-4abd-8fe1-fa8043868437@group-3A0DCB9BB53C-StateMachineUpdater: Took a snapshot at index 0
2022-06-21 13:54:15,003 [da1def5c-cec2-4abd-8fe1-fa8043868437@group-3A0DCB9BB53C-StateMachineUpdater] INFO  impl.StateMachineUpdater (StateMachineUpdater.java:lambda$new$0(92)) - da1def5c-cec2-4abd-8fe1-fa8043868437@group-3A0DCB9BB53C-StateMachineUpdater: snapshotIndex: updateIncreasingly -1 -> 0
2022-06-21 13:54:15,004 [Listener at 127.0.0.1/34499] INFO  server.RaftServer$Division (ServerState.java:close(429)) - da1def5c-cec2-4abd-8fe1-fa8043868437@group-3A0DCB9BB53C: closes. applyIndex: 0
2022-06-21 13:54:15,004 [da1def5c-cec2-4abd-8fe1-fa8043868437@group-3A0DCB9BB53C-SegmentedRaftLogWorker] INFO  segmented.SegmentedRaftLogWorker (SegmentedRaftLogWorker.java:run(336)) - da1def5c-cec2-4abd-8fe1-fa8043868437@group-3A0DCB9BB53C-SegmentedRaftLogWorker was interrupted, exiting. There are 0 tasks remaining in the queue.
2022-06-21 13:54:15,004 [d57b37be-f0fe-43c7-a820-540586909dc7@group-BF1E830388F9-StateMachineUpdater] INFO  ratis.ContainerStateMachine (ContainerStateMachine.java:takeSnapshot(315)) - group-BF1E830388F9: Finished taking a snapshot at:(t:1, i:0) file:/home/runner/work/ozone/ozone/hadoop-ozone/integration-test/target/test-dir/MiniOzoneClusterImpl-034e9286-fd65-458d-99c2-fe4308dd713a/datanode-1/data/ratis/d126f60f-57bd-45b0-a423-bf1e830388f9/sm/snapshot.1_0 took: 4 ms
2022-06-21 13:54:15,004 [d57b37be-f0fe-43c7-a820-540586909dc7@group-BF1E830388F9-StateMachineUpdater] INFO  impl.StateMachineUpdater (StateMachineUpdater.java:takeSnapshot(287)) - d57b37be-f0fe-43c7-a820-540586909dc7@group-BF1E830388F9-StateMachineUpdater: Took a snapshot at index 0
2022-06-21 13:54:15,004 [d57b37be-f0fe-43c7-a820-540586909dc7@group-BF1E830388F9-StateMachineUpdater] INFO  impl.StateMachineUpdater (StateMachineUpdater.java:lambda$new$0(92)) - d57b37be-f0fe-43c7-a820-540586909dc7@group-BF1E830388F9-StateMachineUpdater: snapshotIndex: updateIncreasingly -1 -> 0
2022-06-21 13:54:15,005 [ForkJoinPool.commonPool-worker-0] INFO  server.RaftServer$Division (ServerState.java:close(429)) - d57b37be-f0fe-43c7-a820-540586909dc7@group-BF1E830388F9: closes. applyIndex: 0
2022-06-21 13:54:15,005 [d57b37be-f0fe-43c7-a820-540586909dc7@group-BF1E830388F9-SegmentedRaftLogWorker] INFO  segmented.SegmentedRaftLogWorker (SegmentedRaftLogWorker.java:run(336)) - d57b37be-f0fe-43c7-a820-540586909dc7@group-BF1E830388F9-SegmentedRaftLogWorker was interrupted, exiting. There are 0 tasks remaining in the queue.
2022-06-21 13:54:15,016 [Listener at 127.0.0.1/34499] INFO  segmented.SegmentedRaftLogWorker (SegmentedRaftLogWorker.java:close(246)) - da1def5c-cec2-4abd-8fe1-fa8043868437@group-3A0DCB9BB53C-SegmentedRaftLogWorker close()
2022-06-21 13:54:15,017 [Listener at 127.0.0.1/34499] INFO  server.RaftServer$Division (RaftServerImpl.java:lambda$close$4(434)) - da1def5c-cec2-4abd-8fe1-fa8043868437@group-8DFC9E4944C0: shutdown
2022-06-21 13:54:15,018 [Listener at 127.0.0.1/34499] INFO  util.JmxRegister (JmxRegister.java:unregister(73)) - Successfully un-registered JMX Bean with object name Ratis:service=RaftServer,group=group-8DFC9E4944C0,id=da1def5c-cec2-4abd-8fe1-fa8043868437
2022-06-21 13:54:15,018 [Listener at 127.0.0.1/34499] INFO  impl.RoleInfo (RoleInfo.java:shutdownFollowerState(110)) - da1def5c-cec2-4abd-8fe1-fa8043868437: shutdown da1def5c-cec2-4abd-8fe1-fa8043868437@group-8DFC9E4944C0-FollowerState
2022-06-21 13:54:15,018 [Listener at 127.0.0.1/34499] INFO  impl.StateMachineUpdater (StateMachineUpdater.java:stopAndJoin(153)) - da1def5c-cec2-4abd-8fe1-fa8043868437@group-8DFC9E4944C0-StateMachineUpdater: set stopIndex = 30
2022-06-21 13:54:15,018 [da1def5c-cec2-4abd-8fe1-fa8043868437@group-8DFC9E4944C0-FollowerState] INFO  impl.FollowerState (FollowerState.java:run(152)) - da1def5c-cec2-4abd-8fe1-fa8043868437@group-8DFC9E4944C0-FollowerState was interrupted
2022-06-21 13:54:15,018 [da1def5c-cec2-4abd-8fe1-fa8043868437@group-8DFC9E4944C0-StateMachineUpdater] INFO  ratis.ContainerStateMachine (ContainerStateMachine.java:takeSnapshot(304)) - group-8DFC9E4944C0: Taking a snapshot at:(t:1, i:30) file /home/runner/work/ozone/ozone/hadoop-ozone/integration-test/target/test-dir/MiniOzoneClusterImpl-034e9286-fd65-458d-99c2-fe4308dd713a/datanode-2/data/ratis/57cec808-fb5e-4883-b3a4-8dfc9e4944c0/sm/snapshot.1_30
2022-06-21 13:54:15,019 [ForkJoinPool.commonPool-worker-0] INFO  segmented.SegmentedRaftLogWorker (SegmentedRaftLogWorker.java:close(246)) - d57b37be-f0fe-43c7-a820-540586909dc7@group-BF1E830388F9-SegmentedRaftLogWorker close()
2022-06-21 13:54:15,029 [da1def5c-cec2-4abd-8fe1-fa8043868437@group-8DFC9E4944C0-StateMachineUpdater] INFO  ratis.ContainerStateMachine (ContainerStateMachine.java:takeSnapshot(315)) - group-8DFC9E4944C0: Finished taking a snapshot at:(t:1, i:30) file:/home/runner/work/ozone/ozone/hadoop-ozone/integration-test/target/test-dir/MiniOzoneClusterImpl-034e9286-fd65-458d-99c2-fe4308dd713a/datanode-2/data/ratis/57cec808-fb5e-4883-b3a4-8dfc9e4944c0/sm/snapshot.1_30 took: 10 ms
2022-06-21 13:54:15,029 [da1def5c-cec2-4abd-8fe1-fa8043868437@group-8DFC9E4944C0-StateMachineUpdater] INFO  impl.StateMachineUpdater (StateMachineUpdater.java:takeSnapshot(287)) - da1def5c-cec2-4abd-8fe1-fa8043868437@group-8DFC9E4944C0-StateMachineUpdater: Took a snapshot at index 30
2022-06-21 13:54:15,029 [da1def5c-cec2-4abd-8fe1-fa8043868437@group-8DFC9E4944C0-StateMachineUpdater] INFO  impl.StateMachineUpdater (StateMachineUpdater.java:lambda$new$0(92)) - da1def5c-cec2-4abd-8fe1-fa8043868437@group-8DFC9E4944C0-StateMachineUpdater: snapshotIndex: updateIncreasingly -1 -> 30
2022-06-21 13:54:15,030 [Listener at 127.0.0.1/34499] INFO  server.RaftServer$Division (ServerState.java:close(429)) - da1def5c-cec2-4abd-8fe1-fa8043868437@group-8DFC9E4944C0: closes. applyIndex: 30
2022-06-21 13:54:15,030 [da1def5c-cec2-4abd-8fe1-fa8043868437@group-8DFC9E4944C0-SegmentedRaftLogWorker] INFO  segmented.SegmentedRaftLogWorker (SegmentedRaftLogWorker.java:run(336)) - da1def5c-cec2-4abd-8fe1-fa8043868437@group-8DFC9E4944C0-SegmentedRaftLogWorker was interrupted, exiting. There are 0 tasks remaining in the queue.
2022-06-21 13:54:15,035 [ForkJoinPool.commonPool-worker-0] INFO  server.RaftServer$Division (RaftServerImpl.java:lambda$close$4(434)) - d57b37be-f0fe-43c7-a820-540586909dc7@group-A3DC51EC3215: shutdown
2022-06-21 13:54:15,035 [ForkJoinPool.commonPool-worker-0] INFO  util.JmxRegister (JmxRegister.java:unregister(73)) - Successfully un-registered JMX Bean with object name Ratis:service=RaftServer,group=group-A3DC51EC3215,id=d57b37be-f0fe-43c7-a820-540586909dc7
2022-06-21 13:54:15,035 [ForkJoinPool.commonPool-worker-0] INFO  impl.RoleInfo (RoleInfo.java:shutdownLeaderState(93)) - d57b37be-f0fe-43c7-a820-540586909dc7: shutdown d57b37be-f0fe-43c7-a820-540586909dc7@group-A3DC51EC3215-LeaderStateImpl
2022-06-21 13:54:15,035 [ForkJoinPool.commonPool-worker-0] INFO  impl.PendingRequests (PendingRequests.java:sendNotLeaderResponses(282)) - d57b37be-f0fe-43c7-a820-540586909dc7@group-A3DC51EC3215-PendingRequests: sendNotLeaderResponses
2022-06-21 13:54:15,036 [ForkJoinPool.commonPool-worker-0] INFO  impl.StateMachineUpdater (StateMachineUpdater.java:stopAndJoin(153)) - d57b37be-f0fe-43c7-a820-540586909dc7@group-A3DC51EC3215-StateMachineUpdater: set stopIndex = 0
2022-06-21 13:54:15,038 [d57b37be-f0fe-43c7-a820-540586909dc7@group-A3DC51EC3215-StateMachineUpdater] INFO  ratis.ContainerStateMachine (ContainerStateMachine.java:takeSnapshot(304)) - group-A3DC51EC3215: Taking a snapshot at:(t:4, i:0) file /home/runner/work/ozone/ozone/hadoop-ozone/integration-test/target/test-dir/MiniOzoneClusterImpl-034e9286-fd65-458d-99c2-fe4308dd713a/datanode-1/data/ratis/1591b29d-177a-435d-942b-a3dc51ec3215/sm/snapshot.4_0
2022-06-21 13:54:15,040 [d57b37be-f0fe-43c7-a820-540586909dc7@group-A3DC51EC3215-StateMachineUpdater] INFO  ratis.ContainerStateMachine (ContainerStateMachine.java:takeSnapshot(315)) - group-A3DC51EC3215: Finished taking a snapshot at:(t:4, i:0) file:/home/runner/work/ozone/ozone/hadoop-ozone/integration-test/target/test-dir/MiniOzoneClusterImpl-034e9286-fd65-458d-99c2-fe4308dd713a/datanode-1/data/ratis/1591b29d-177a-435d-942b-a3dc51ec3215/sm/snapshot.4_0 took: 1 ms
2022-06-21 13:54:15,040 [d57b37be-f0fe-43c7-a820-540586909dc7@group-A3DC51EC3215-StateMachineUpdater] INFO  impl.StateMachineUpdater (StateMachineUpdater.java:takeSnapshot(287)) - d57b37be-f0fe-43c7-a820-540586909dc7@group-A3DC51EC3215-StateMachineUpdater: Took a snapshot at index 0
2022-06-21 13:54:15,040 [d57b37be-f0fe-43c7-a820-540586909dc7@group-A3DC51EC3215-StateMachineUpdater] INFO  impl.StateMachineUpdater (StateMachineUpdater.java:lambda$new$0(92)) - d57b37be-f0fe-43c7-a820-540586909dc7@group-A3DC51EC3215-StateMachineUpdater: snapshotIndex: updateIncreasingly -1 -> 0
2022-06-21 13:54:15,040 [ForkJoinPool.commonPool-worker-0] INFO  server.RaftServer$Division (ServerState.java:close(429)) - d57b37be-f0fe-43c7-a820-540586909dc7@group-A3DC51EC3215: closes. applyIndex: 0
2022-06-21 13:54:15,040 [d57b37be-f0fe-43c7-a820-540586909dc7@group-A3DC51EC3215-SegmentedRaftLogWorker] INFO  segmented.SegmentedRaftLogWorker (SegmentedRaftLogWorker.java:run(336)) - d57b37be-f0fe-43c7-a820-540586909dc7@group-A3DC51EC3215-SegmentedRaftLogWorker was interrupted, exiting. There are 0 tasks remaining in the queue.
2022-06-21 13:54:15,047 [d57b37be-f0fe-43c7-a820-540586909dc7@group-A3DC51EC3215->81fc78bc-3d93-43eb-a149-ca8877d229a2-GrpcLogAppender-LogAppenderDaemon] WARN  server.GrpcLogAppender (GrpcLogAppender.java:mayWait(171)) - d57b37be-f0fe-43c7-a820-540586909dc7@group-A3DC51EC3215->81fc78bc-3d93-43eb-a149-ca8877d229a2-GrpcLogAppender: Wait interrupted by java.lang.InterruptedException
2022-06-21 13:54:15,048 [d57b37be-f0fe-43c7-a820-540586909dc7@group-A3DC51EC3215->da1def5c-cec2-4abd-8fe1-fa8043868437-GrpcLogAppender-LogAppenderDaemon] WARN  server.GrpcLogAppender (GrpcLogAppender.java:mayWait(171)) - d57b37be-f0fe-43c7-a820-540586909dc7@group-A3DC51EC3215->da1def5c-cec2-4abd-8fe1-fa8043868437-GrpcLogAppender: Wait interrupted by java.lang.InterruptedException
2022-06-21 13:54:15,048 [grpc-default-executor-0] INFO  server.GrpcServerProtocolService (GrpcServerProtocolService.java:onCompleted(140)) - da1def5c-cec2-4abd-8fe1-fa8043868437: Completed APPEND_ENTRIES, lastRequest: d57b37be-f0fe-43c7-a820-540586909dc7->da1def5c-cec2-4abd-8fe1-fa8043868437#1-t4,previous=(t:0, i:0),leaderCommit=-1,initializing? true,entries: size=1, first=(t:4, i:0), CONFIGURATIONENTRY
2022-06-21 13:54:15,049 [grpc-default-executor-3] INFO  server.GrpcServerProtocolService (GrpcServerProtocolService.java:onCompleted(140)) - 81fc78bc-3d93-43eb-a149-ca8877d229a2: Completed APPEND_ENTRIES, lastRequest: d57b37be-f0fe-43c7-a820-540586909dc7->81fc78bc-3d93-43eb-a149-ca8877d229a2#1-t4,previous=(t:0, i:0),leaderCommit=-1,initializing? true,entries: size=1, first=(t:4, i:0), CONFIGURATIONENTRY
2022-06-21 13:54:15,049 [grpc-default-executor-2] INFO  server.GrpcLogAppender (GrpcLogAppender.java:onCompleted(339)) - d57b37be-f0fe-43c7-a820-540586909dc7@group-A3DC51EC3215->da1def5c-cec2-4abd-8fe1-fa8043868437-AppendLogResponseHandler: follower responses appendEntries COMPLETED
2022-06-21 13:54:15,056 [grpc-default-executor-2] INFO  leader.FollowerInfo (FollowerInfoImpl.java:lambda$new$0(48)) - d57b37be-f0fe-43c7-a820-540586909dc7@group-A3DC51EC3215->da1def5c-cec2-4abd-8fe1-fa8043868437: nextIndex: updateUnconditionally 1 -> 0
2022-06-21 13:54:15,051 [Listener at 127.0.0.1/34499] INFO  segmented.SegmentedRaftLogWorker (SegmentedRaftLogWorker.java:close(246)) - da1def5c-cec2-4abd-8fe1-fa8043868437@group-8DFC9E4944C0-SegmentedRaftLogWorker close()
2022-06-21 13:54:15,051 [ForkJoinPool.commonPool-worker-0] INFO  segmented.SegmentedRaftLogWorker (SegmentedRaftLogWorker.java:close(246)) - d57b37be-f0fe-43c7-a820-540586909dc7@group-A3DC51EC3215-SegmentedRaftLogWorker close()
2022-06-21 13:54:15,058 [grpc-default-executor-3] INFO  server.GrpcLogAppender (GrpcLogAppender.java:onCompleted(339)) - d57b37be-f0fe-43c7-a820-540586909dc7@group-A3DC51EC3215->81fc78bc-3d93-43eb-a149-ca8877d229a2-AppendLogResponseHandler: follower responses appendEntries COMPLETED
2022-06-21 13:54:15,058 [grpc-default-executor-3] INFO  leader.FollowerInfo (FollowerInfoImpl.java:lambda$new$0(48)) - d57b37be-f0fe-43c7-a820-540586909dc7@group-A3DC51EC3215->81fc78bc-3d93-43eb-a149-ca8877d229a2: nextIndex: updateUnconditionally 1 -> 0
2022-06-21 13:54:15,075 [ForkJoinPool.commonPool-worker-0] INFO  server.RaftServer$Division (RaftServerImpl.java:lambda$close$4(434)) - d57b37be-f0fe-43c7-a820-540586909dc7@group-8DFC9E4944C0: shutdown
2022-06-21 13:54:15,075 [ForkJoinPool.commonPool-worker-0] INFO  util.JmxRegister (JmxRegister.java:unregister(73)) - Successfully un-registered JMX Bean with object name Ratis:service=RaftServer,group=group-8DFC9E4944C0,id=d57b37be-f0fe-43c7-a820-540586909dc7
2022-06-21 13:54:15,075 [ForkJoinPool.commonPool-worker-0] INFO  impl.RoleInfo (RoleInfo.java:shutdownFollowerState(110)) - d57b37be-f0fe-43c7-a820-540586909dc7: shutdown d57b37be-f0fe-43c7-a820-540586909dc7@group-8DFC9E4944C0-FollowerState
2022-06-21 13:54:15,075 [ForkJoinPool.commonPool-worker-0] INFO  impl.StateMachineUpdater (StateMachineUpdater.java:stopAndJoin(153)) - d57b37be-f0fe-43c7-a820-540586909dc7@group-8DFC9E4944C0-StateMachineUpdater: set stopIndex = 30
2022-06-21 13:54:15,075 [d57b37be-f0fe-43c7-a820-540586909dc7@group-8DFC9E4944C0-FollowerState] INFO  impl.FollowerState (FollowerState.java:run(152)) - d57b37be-f0fe-43c7-a820-540586909dc7@group-8DFC9E4944C0-FollowerState was interrupted
2022-06-21 13:54:15,076 [d57b37be-f0fe-43c7-a820-540586909dc7@group-8DFC9E4944C0-StateMachineUpdater] INFO  ratis.ContainerStateMachine (ContainerStateMachine.java:takeSnapshot(304)) - group-8DFC9E4944C0: Taking a snapshot at:(t:1, i:30) file /home/runner/work/ozone/ozone/hadoop-ozone/integration-test/target/test-dir/MiniOzoneClusterImpl-034e9286-fd65-458d-99c2-fe4308dd713a/datanode-1/data/ratis/57cec808-fb5e-4883-b3a4-8dfc9e4944c0/sm/snapshot.1_30
2022-06-21 13:54:15,076 [Listener at 127.0.0.1/34499] INFO  server.GrpcService (GrpcService.java:closeImpl(269)) - da1def5c-cec2-4abd-8fe1-fa8043868437: shutdown server with port 45839 now
2022-06-21 13:54:15,078 [grpc-default-executor-0] WARN  server.GrpcServerProtocolService (LogUtils.java:warn(122)) - da1def5c-cec2-4abd-8fe1-fa8043868437: installSnapshot onError, lastRequest: 81fc78bc-3d93-43eb-a149-ca8877d229a2->da1def5c-cec2-4abd-8fe1-fa8043868437#472-t1,previous=(t:1, i:29),leaderCommit=28,initializing? true,entries: size=1, first=(t:1, i:30), METADATAENTRY(c:28): org.apache.ratis.thirdparty.io.grpc.StatusRuntimeException: CANCELLED: client cancelled
2022-06-21 13:54:15,079 [grpc-default-executor-2] WARN  server.GrpcLogAppender (LogUtils.java:warn(122)) - 81fc78bc-3d93-43eb-a149-ca8877d229a2@group-8DFC9E4944C0->da1def5c-cec2-4abd-8fe1-fa8043868437-AppendLogResponseHandler: Failed appendEntries: org.apache.ratis.thirdparty.io.grpc.StatusRuntimeException: CANCELLED: RST_STREAM closed stream. HTTP/2 error code: CANCEL
2022-06-21 13:54:15,079 [grpc-default-executor-2] INFO  leader.FollowerInfo (FollowerInfoImpl.java:lambda$new$0(48)) - 81fc78bc-3d93-43eb-a149-ca8877d229a2@group-8DFC9E4944C0->da1def5c-cec2-4abd-8fe1-fa8043868437: nextIndex: updateUnconditionally 31 -> 30
2022-06-21 13:54:15,079 [d57b37be-f0fe-43c7-a820-540586909dc7@group-8DFC9E4944C0-StateMachineUpdater] INFO  ratis.ContainerStateMachine (ContainerStateMachine.java:takeSnapshot(315)) - group-8DFC9E4944C0: Finished taking a snapshot at:(t:1, i:30) file:/home/runner/work/ozone/ozone/hadoop-ozone/integration-test/target/test-dir/MiniOzoneClusterImpl-034e9286-fd65-458d-99c2-fe4308dd713a/datanode-1/data/ratis/57cec808-fb5e-4883-b3a4-8dfc9e4944c0/sm/snapshot.1_30 took: 4 ms
2022-06-21 13:54:15,079 [d57b37be-f0fe-43c7-a820-540586909dc7@group-8DFC9E4944C0-StateMachineUpdater] INFO  impl.StateMachineUpdater (StateMachineUpdater.java:takeSnapshot(287)) - d57b37be-f0fe-43c7-a820-540586909dc7@group-8DFC9E4944C0-StateMachineUpdater: Took a snapshot at index 30
2022-06-21 13:54:15,079 [d57b37be-f0fe-43c7-a820-540586909dc7@group-8DFC9E4944C0-StateMachineUpdater] INFO  impl.StateMachineUpdater (StateMachineUpdater.java:lambda$new$0(92)) - d57b37be-f0fe-43c7-a820-540586909dc7@group-8DFC9E4944C0-StateMachineUpdater: snapshotIndex: updateIncreasingly -1 -> 30
2022-06-21 13:54:15,080 [ForkJoinPool.commonPool-worker-0] INFO  server.RaftServer$Division (ServerState.java:close(429)) - d57b37be-f0fe-43c7-a820-540586909dc7@group-8DFC9E4944C0: closes. applyIndex: 30
2022-06-21 13:54:15,080 [Listener at 127.0.0.1/34499] INFO  server.GrpcService (GrpcService.java:closeImpl(278)) - da1def5c-cec2-4abd-8fe1-fa8043868437: shutdown server with port 45839 successfully
2022-06-21 13:54:15,080 [org.apache.ratis.util.JvmPauseMonitor$$Lambda$627/290163460@6553c0c7] INFO  util.JvmPauseMonitor (JvmPauseMonitor.java:run(109)) - JvmPauseMonitor-da1def5c-cec2-4abd-8fe1-fa8043868437: Stopped
2022-06-21 13:54:15,080 [d57b37be-f0fe-43c7-a820-540586909dc7@group-8DFC9E4944C0-SegmentedRaftLogWorker] INFO  segmented.SegmentedRaftLogWorker (SegmentedRaftLogWorker.java:run(336)) - d57b37be-f0fe-43c7-a820-540586909dc7@group-8DFC9E4944C0-SegmentedRaftLogWorker was interrupted, exiting. There are 0 tasks remaining in the queue.
2022-06-21 13:54:15,082 [ForkJoinPool.commonPool-worker-0] INFO  segmented.SegmentedRaftLogWorker (SegmentedRaftLogWorker.java:close(246)) - d57b37be-f0fe-43c7-a820-540586909dc7@group-8DFC9E4944C0-SegmentedRaftLogWorker close()
2022-06-21 13:54:15,100 [ForkJoinPool.commonPool-worker-0] INFO  server.GrpcService (GrpcService.java:closeImpl(269)) - d57b37be-f0fe-43c7-a820-540586909dc7: shutdown server with port 46147 now
2022-06-21 13:54:15,115 [grpc-default-executor-2] WARN  server.GrpcServerProtocolService (LogUtils.java:warn(122)) - d57b37be-f0fe-43c7-a820-540586909dc7: installSnapshot onError, lastRequest: 81fc78bc-3d93-43eb-a149-ca8877d229a2->d57b37be-f0fe-43c7-a820-540586909dc7#411-t1,previous=(t:1, i:29),leaderCommit=28,initializing? true,entries: size=1, first=(t:1, i:30), METADATAENTRY(c:28): org.apache.ratis.thirdparty.io.grpc.StatusRuntimeException: CANCELLED: client cancelled
2022-06-21 13:54:15,115 [grpc-default-executor-1] WARN  server.GrpcLogAppender (LogUtils.java:warn(122)) - 81fc78bc-3d93-43eb-a149-ca8877d229a2@group-8DFC9E4944C0->d57b37be-f0fe-43c7-a820-540586909dc7-AppendLogResponseHandler: Failed appendEntries: org.apache.ratis.thirdparty.io.grpc.StatusRuntimeException: CANCELLED: RST_STREAM closed stream. HTTP/2 error code: CANCEL
2022-06-21 13:54:15,115 [grpc-default-executor-1] INFO  leader.FollowerInfo (FollowerInfoImpl.java:lambda$new$0(48)) - 81fc78bc-3d93-43eb-a149-ca8877d229a2@group-8DFC9E4944C0->d57b37be-f0fe-43c7-a820-540586909dc7: nextIndex: updateUnconditionally 31 -> 30
2022-06-21 13:54:15,131 [grpc-default-executor-2] WARN  server.GrpcLogAppender (LogUtils.java:warn(122)) - 81fc78bc-3d93-43eb-a149-ca8877d229a2@group-8DFC9E4944C0->da1def5c-cec2-4abd-8fe1-fa8043868437-AppendLogResponseHandler: Failed appendEntries: org.apache.ratis.thirdparty.io.grpc.StatusRuntimeException: UNAVAILABLE: io exception
2022-06-21 13:54:15,131 [grpc-default-executor-2] INFO  leader.FollowerInfo (FollowerInfoImpl.java:lambda$new$0(48)) - 81fc78bc-3d93-43eb-a149-ca8877d229a2@group-8DFC9E4944C0->da1def5c-cec2-4abd-8fe1-fa8043868437: nextIndex: updateUnconditionally 31 -> 30
2022-06-21 13:54:15,136 [ForkJoinPool.commonPool-worker-0] INFO  server.GrpcService (GrpcService.java:closeImpl(278)) - d57b37be-f0fe-43c7-a820-540586909dc7: shutdown server with port 46147 successfully
2022-06-21 13:54:15,136 [org.apache.ratis.util.JvmPauseMonitor$$Lambda$627/290163460@54af0a5] INFO  util.JvmPauseMonitor (JvmPauseMonitor.java:run(109)) - JvmPauseMonitor-d57b37be-f0fe-43c7-a820-540586909dc7: Stopped
2022-06-21 13:54:15,137 [grpc-default-executor-3] WARN  server.GrpcLogAppender (LogUtils.java:warn(122)) - 81fc78bc-3d93-43eb-a149-ca8877d229a2@group-8DFC9E4944C0->d57b37be-f0fe-43c7-a820-540586909dc7-AppendLogResponseHandler: Failed appendEntries: org.apache.ratis.thirdparty.io.grpc.StatusRuntimeException: UNAVAILABLE: io exception
2022-06-21 13:54:15,138 [grpc-default-executor-3] INFO  leader.FollowerInfo (FollowerInfoImpl.java:lambda$new$0(48)) - 81fc78bc-3d93-43eb-a149-ca8877d229a2@group-8DFC9E4944C0->d57b37be-f0fe-43c7-a820-540586909dc7: nextIndex: updateUnconditionally 31 -> 30
2022-06-21 13:54:16,403 [grpc-default-executor-3] WARN  server.GrpcLogAppender (LogUtils.java:warn(122)) - 81fc78bc-3d93-43eb-a149-ca8877d229a2@group-8DFC9E4944C0->d57b37be-f0fe-43c7-a820-540586909dc7-AppendLogResponseHandler: Failed appendEntries: org.apache.ratis.thirdparty.io.grpc.StatusRuntimeException: UNAVAILABLE: io exception
2022-06-21 13:54:16,403 [grpc-default-executor-3] INFO  leader.FollowerInfo (FollowerInfoImpl.java:lambda$new$0(48)) - 81fc78bc-3d93-43eb-a149-ca8877d229a2@group-8DFC9E4944C0->d57b37be-f0fe-43c7-a820-540586909dc7: nextIndex: updateUnconditionally 31 -> 30
2022-06-21 13:54:16,418 [grpc-default-executor-3] WARN  server.GrpcLogAppender (LogUtils.java:warn(122)) - 81fc78bc-3d93-43eb-a149-ca8877d229a2@group-8DFC9E4944C0->da1def5c-cec2-4abd-8fe1-fa8043868437-AppendLogResponseHandler: Failed appendEntries: org.apache.ratis.thirdparty.io.grpc.StatusRuntimeException: UNAVAILABLE: io exception
2022-06-21 13:54:16,419 [grpc-default-executor-3] INFO  leader.FollowerInfo (FollowerInfoImpl.java:lambda$new$0(48)) - 81fc78bc-3d93-43eb-a149-ca8877d229a2@group-8DFC9E4944C0->da1def5c-cec2-4abd-8fe1-fa8043868437: nextIndex: updateUnconditionally 31 -> 30
2022-06-21 13:54:17,143 [Listener at 127.0.0.1/34499] INFO  utils.BackgroundService (BackgroundService.java:shutdown(132)) - Shutting down service BlockDeletingService
2022-06-21 13:54:17,211 [ForkJoinPool.commonPool-worker-0] INFO  utils.BackgroundService (BackgroundService.java:shutdown(132)) - Shutting down service BlockDeletingService
2022-06-21 13:54:17,656 [grpc-default-executor-3] WARN  server.GrpcLogAppender (LogUtils.java:warn(122)) - 81fc78bc-3d93-43eb-a149-ca8877d229a2@group-8DFC9E4944C0->d57b37be-f0fe-43c7-a820-540586909dc7-AppendLogResponseHandler: Failed appendEntries: org.apache.ratis.thirdparty.io.grpc.StatusRuntimeException: UNAVAILABLE: io exception
2022-06-21 13:54:17,657 [grpc-default-executor-3] INFO  leader.FollowerInfo (FollowerInfoImpl.java:lambda$new$0(48)) - 81fc78bc-3d93-43eb-a149-ca8877d229a2@group-8DFC9E4944C0->d57b37be-f0fe-43c7-a820-540586909dc7: nextIndex: updateUnconditionally 31 -> 30
2022-06-21 13:54:17,676 [grpc-default-executor-3] WARN  server.GrpcLogAppender (LogUtils.java:warn(122)) - 81fc78bc-3d93-43eb-a149-ca8877d229a2@group-8DFC9E4944C0->da1def5c-cec2-4abd-8fe1-fa8043868437-AppendLogResponseHandler: Failed appendEntries: org.apache.ratis.thirdparty.io.grpc.StatusRuntimeException: UNAVAILABLE: io exception
2022-06-21 13:54:17,677 [grpc-default-executor-3] INFO  leader.FollowerInfo (FollowerInfoImpl.java:lambda$new$0(48)) - 81fc78bc-3d93-43eb-a149-ca8877d229a2@group-8DFC9E4944C0->da1def5c-cec2-4abd-8fe1-fa8043868437: nextIndex: updateUnconditionally 31 -> 30
2022-06-21 13:54:18,904 [grpc-default-executor-3] WARN  server.GrpcLogAppender (LogUtils.java:warn(122)) - 81fc78bc-3d93-43eb-a149-ca8877d229a2@group-8DFC9E4944C0->d57b37be-f0fe-43c7-a820-540586909dc7-AppendLogResponseHandler: Failed appendEntries: org.apache.ratis.thirdparty.io.grpc.StatusRuntimeException: UNAVAILABLE: io exception
2022-06-21 13:54:18,905 [grpc-default-executor-3] INFO  leader.FollowerInfo (FollowerInfoImpl.java:lambda$new$0(48)) - 81fc78bc-3d93-43eb-a149-ca8877d229a2@group-8DFC9E4944C0->d57b37be-f0fe-43c7-a820-540586909dc7: nextIndex: updateUnconditionally 31 -> 30
2022-06-21 13:54:18,925 [grpc-default-executor-3] WARN  server.GrpcLogAppender (LogUtils.java:warn(122)) - 81fc78bc-3d93-43eb-a149-ca8877d229a2@group-8DFC9E4944C0->da1def5c-cec2-4abd-8fe1-fa8043868437-AppendLogResponseHandler: Failed appendEntries: org.apache.ratis.thirdparty.io.grpc.StatusRuntimeException: UNAVAILABLE: io exception
2022-06-21 13:54:18,926 [grpc-default-executor-3] INFO  leader.FollowerInfo (FollowerInfoImpl.java:lambda$new$0(48)) - 81fc78bc-3d93-43eb-a149-ca8877d229a2@group-8DFC9E4944C0->da1def5c-cec2-4abd-8fe1-fa8043868437: nextIndex: updateUnconditionally 31 -> 30
2022-06-21 13:54:19,810 [81fc78bc-3d93-43eb-a149-ca8877d229a2@group-A3DC51EC3215-FollowerState] INFO  impl.FollowerState (FollowerState.java:run(143)) - 81fc78bc-3d93-43eb-a149-ca8877d229a2@group-A3DC51EC3215-FollowerState: change to CANDIDATE, lastRpcElapsedTime:5272546241ns, electionTimeout:5143ms
2022-06-21 13:54:19,810 [81fc78bc-3d93-43eb-a149-ca8877d229a2@group-A3DC51EC3215-FollowerState] INFO  impl.RoleInfo (RoleInfo.java:shutdownFollowerState(110)) - 81fc78bc-3d93-43eb-a149-ca8877d229a2: shutdown 81fc78bc-3d93-43eb-a149-ca8877d229a2@group-A3DC51EC3215-FollowerState
2022-06-21 13:54:19,810 [81fc78bc-3d93-43eb-a149-ca8877d229a2@group-A3DC51EC3215-FollowerState] INFO  server.RaftServer$Division (RaftServerImpl.java:setRole(299)) - 81fc78bc-3d93-43eb-a149-ca8877d229a2@group-A3DC51EC3215: changes role from  FOLLOWER to CANDIDATE at term 4 for changeToCandidate
2022-06-21 13:54:19,810 [81fc78bc-3d93-43eb-a149-ca8877d229a2@group-A3DC51EC3215-FollowerState] INFO  server.RaftServerConfigKeys (ConfUtils.java:logGet(46)) - raft.server.leaderelection.pre-vote = false (custom)
2022-06-21 13:54:19,810 [81fc78bc-3d93-43eb-a149-ca8877d229a2@group-A3DC51EC3215-FollowerState] INFO  impl.RoleInfo (RoleInfo.java:updateAndGet(139)) - 81fc78bc-3d93-43eb-a149-ca8877d229a2: start 81fc78bc-3d93-43eb-a149-ca8877d229a2@group-A3DC51EC3215-LeaderElection25
2022-06-21 13:54:19,851 [81fc78bc-3d93-43eb-a149-ca8877d229a2@group-A3DC51EC3215-LeaderElection25] INFO  server.RaftServer$Division (ServerState.java:setLeader(287)) - 81fc78bc-3d93-43eb-a149-ca8877d229a2@group-A3DC51EC3215: change Leader from d57b37be-f0fe-43c7-a820-540586909dc7 to null at term 4 for ELECTION
2022-06-21 13:54:19,854 [81fc78bc-3d93-43eb-a149-ca8877d229a2@group-A3DC51EC3215-LeaderElection25] INFO  impl.LeaderElection (LeaderElection.java:askForVotes(310)) - 81fc78bc-3d93-43eb-a149-ca8877d229a2@group-A3DC51EC3215-LeaderElection25 ELECTION round 0: submit vote requests at term 5 for 0: [d57b37be-f0fe-43c7-a820-540586909dc7|rpc:10.1.0.15:46147|dataStream:|priority:1, da1def5c-cec2-4abd-8fe1-fa8043868437|rpc:10.1.0.15:45839|dataStream:|priority:0, 81fc78bc-3d93-43eb-a149-ca8877d229a2|rpc:10.1.0.15:44705|dataStream:|priority:0], old=null
2022-06-21 13:54:19,890 [81fc78bc-3d93-43eb-a149-ca8877d229a2@group-A3DC51EC3215-LeaderElection25] INFO  impl.LeaderElection (LogUtils.java:infoOrTrace(137)) - 81fc78bc-3d93-43eb-a149-ca8877d229a2@group-A3DC51EC3215-LeaderElection25 got exception when requesting votes: java.util.concurrent.ExecutionException: org.apache.ratis.thirdparty.io.grpc.StatusRuntimeException: UNAVAILABLE: io exception
2022-06-21 13:54:19,891 [81fc78bc-3d93-43eb-a149-ca8877d229a2@group-A3DC51EC3215-LeaderElection25] INFO  impl.LeaderElection (LogUtils.java:infoOrTrace(137)) - 81fc78bc-3d93-43eb-a149-ca8877d229a2@group-A3DC51EC3215-LeaderElection25 got exception when requesting votes: java.util.concurrent.ExecutionException: org.apache.ratis.thirdparty.io.grpc.StatusRuntimeException: UNAVAILABLE: io exception
2022-06-21 13:54:19,891 [81fc78bc-3d93-43eb-a149-ca8877d229a2@group-A3DC51EC3215-LeaderElection25] INFO  impl.LeaderElection (LeaderElection.java:logAndReturn(90)) - 81fc78bc-3d93-43eb-a149-ca8877d229a2@group-A3DC51EC3215-LeaderElection25: ELECTION REJECTED received 0 response(s) and 2 exception(s):
2022-06-21 13:54:19,891 [81fc78bc-3d93-43eb-a149-ca8877d229a2@group-A3DC51EC3215-LeaderElection25] INFO  impl.LeaderElection (LogUtils.java:infoOrTrace(137)) -   Exception 0: java.util.concurrent.ExecutionException: org.apache.ratis.thirdparty.io.grpc.StatusRuntimeException: UNAVAILABLE: io exception
2022-06-21 13:54:19,891 [81fc78bc-3d93-43eb-a149-ca8877d229a2@group-A3DC51EC3215-LeaderElection25] INFO  impl.LeaderElection (LogUtils.java:infoOrTrace(137)) -   Exception 1: java.util.concurrent.ExecutionException: org.apache.ratis.thirdparty.io.grpc.StatusRuntimeException: UNAVAILABLE: io exception
2022-06-21 13:54:19,891 [81fc78bc-3d93-43eb-a149-ca8877d229a2@group-A3DC51EC3215-LeaderElection25] INFO  impl.LeaderElection (LeaderElection.java:askForVotes(312)) - 81fc78bc-3d93-43eb-a149-ca8877d229a2@group-A3DC51EC3215-LeaderElection25 ELECTION round 0: result REJECTED
2022-06-21 13:54:19,891 [81fc78bc-3d93-43eb-a149-ca8877d229a2@group-A3DC51EC3215-LeaderElection25] INFO  server.RaftServer$Division (RaftServerImpl.java:setRole(299)) - 81fc78bc-3d93-43eb-a149-ca8877d229a2@group-A3DC51EC3215: changes role from CANDIDATE to FOLLOWER at term 5 for REJECTED
2022-06-21 13:54:19,891 [81fc78bc-3d93-43eb-a149-ca8877d229a2@group-A3DC51EC3215-LeaderElection25] INFO  impl.RoleInfo (RoleInfo.java:shutdownLeaderElection(130)) - 81fc78bc-3d93-43eb-a149-ca8877d229a2: shutdown 81fc78bc-3d93-43eb-a149-ca8877d229a2@group-A3DC51EC3215-LeaderElection25
2022-06-21 13:54:19,891 [81fc78bc-3d93-43eb-a149-ca8877d229a2@group-A3DC51EC3215-LeaderElection25] INFO  impl.RoleInfo (RoleInfo.java:updateAndGet(139)) - 81fc78bc-3d93-43eb-a149-ca8877d229a2: start 81fc78bc-3d93-43eb-a149-ca8877d229a2@group-A3DC51EC3215-FollowerState
2022-06-21 13:54:20,148 [Listener at 127.0.0.1/34499] INFO  statemachine.DatanodeStateMachine (DatanodeStateMachine.java:stopDaemon(580)) - Ozone container server stopped.
2022-06-21 13:54:20,155 [grpc-default-executor-3] WARN  server.GrpcLogAppender (LogUtils.java:warn(122)) - 81fc78bc-3d93-43eb-a149-ca8877d229a2@group-8DFC9E4944C0->d57b37be-f0fe-43c7-a820-540586909dc7-AppendLogResponseHandler: Failed appendEntries: org.apache.ratis.thirdparty.io.grpc.StatusRuntimeException: UNAVAILABLE: io exception
2022-06-21 13:54:20,155 [grpc-default-executor-3] INFO  leader.FollowerInfo (FollowerInfoImpl.java:lambda$new$0(48)) - 81fc78bc-3d93-43eb-a149-ca8877d229a2@group-8DFC9E4944C0->d57b37be-f0fe-43c7-a820-540586909dc7: nextIndex: updateUnconditionally 31 -> 30
2022-06-21 13:54:20,159 [Listener at 127.0.0.1/34499] INFO  handler.ContextHandler (ContextHandler.java:doStop(1153)) - Stopped o.e.j.w.WebAppContext@5da20ab8{hddsDatanode,/,null,STOPPED}{jar:file:/home/runner/.m2/repository/org/apache/ozone/hdds-container-service/1.3.0-SNAPSHOT/hdds-container-service-1.3.0-SNAPSHOT.jar!/webapps/hddsDatanode}
2022-06-21 13:54:20,171 [Listener at 127.0.0.1/34499] INFO  server.AbstractConnector (AbstractConnector.java:doStop(381)) - Stopped ServerConnector@fc74fa5{HTTP/1.1, (http/1.1)}{0.0.0.0:0}
2022-06-21 13:54:20,171 [Listener at 127.0.0.1/34499] INFO  server.session (HouseKeeper.java:stopScavenging(149)) - node0 Stopped scavenging
2022-06-21 13:54:20,172 [Listener at 127.0.0.1/34499] INFO  handler.ContextHandler (ContextHandler.java:doStop(1153)) - Stopped o.e.j.s.ServletContextHandler@7524c462{static,/static,jar:file:/home/runner/.m2/repository/org/apache/ozone/hdds-container-service/1.3.0-SNAPSHOT/hdds-container-service-1.3.0-SNAPSHOT.jar!/webapps/static,STOPPED}
2022-06-21 13:54:20,173 [Listener at 127.0.0.1/34499] INFO  handler.ContextHandler (ContextHandler.java:doStop(1153)) - Stopped o.e.j.s.ServletContextHandler@16fef84c{logs,/logs,file:///home/runner/work/ozone/ozone/hadoop-ozone/integration-test/target/log,STOPPED}
2022-06-21 13:54:20,176 [grpc-default-executor-3] WARN  server.GrpcLogAppender (LogUtils.java:warn(122)) - 81fc78bc-3d93-43eb-a149-ca8877d229a2@group-8DFC9E4944C0->da1def5c-cec2-4abd-8fe1-fa8043868437-AppendLogResponseHandler: Failed appendEntries: org.apache.ratis.thirdparty.io.grpc.StatusRuntimeException: UNAVAILABLE: io exception
2022-06-21 13:54:20,176 [grpc-default-executor-3] INFO  leader.FollowerInfo (FollowerInfoImpl.java:lambda$new$0(48)) - 81fc78bc-3d93-43eb-a149-ca8877d229a2@group-8DFC9E4944C0->da1def5c-cec2-4abd-8fe1-fa8043868437: nextIndex: updateUnconditionally 31 -> 30
2022-06-21 13:54:20,213 [ForkJoinPool.commonPool-worker-0] INFO  statemachine.DatanodeStateMachine (DatanodeStateMachine.java:stopDaemon(580)) - Ozone container server stopped.
2022-06-21 13:54:20,227 [ForkJoinPool.commonPool-worker-0] INFO  handler.ContextHandler (ContextHandler.java:doStop(1153)) - Stopped o.e.j.w.WebAppContext@433b9807{hddsDatanode,/,null,STOPPED}{jar:file:/home/runner/.m2/repository/org/apache/ozone/hdds-container-service/1.3.0-SNAPSHOT/hdds-container-service-1.3.0-SNAPSHOT.jar!/webapps/hddsDatanode}
2022-06-21 13:54:20,246 [ForkJoinPool.commonPool-worker-0] INFO  server.AbstractConnector (AbstractConnector.java:doStop(381)) - Stopped ServerConnector@27eae2f2{HTTP/1.1, (http/1.1)}{0.0.0.0:0}
2022-06-21 13:54:20,247 [ForkJoinPool.commonPool-worker-0] INFO  server.session (HouseKeeper.java:stopScavenging(149)) - node0 Stopped scavenging
2022-06-21 13:54:20,277 [ForkJoinPool.commonPool-worker-0] INFO  handler.ContextHandler (ContextHandler.java:doStop(1153)) - Stopped o.e.j.s.ServletContextHandler@3feeaea8{static,/static,jar:file:/home/runner/.m2/repository/org/apache/ozone/hdds-container-service/1.3.0-SNAPSHOT/hdds-container-service-1.3.0-SNAPSHOT.jar!/webapps/static,STOPPED}
2022-06-21 13:54:20,278 [ForkJoinPool.commonPool-worker-0] INFO  handler.ContextHandler (ContextHandler.java:doStop(1153)) - Stopped o.e.j.s.ServletContextHandler@ed870c0{logs,/logs,file:///home/runner/work/ozone/ozone/hadoop-ozone/integration-test/target/log,STOPPED}
2022-06-21 13:54:21,405 [grpc-default-executor-3] WARN  server.GrpcLogAppender (LogUtils.java:warn(122)) - 81fc78bc-3d93-43eb-a149-ca8877d229a2@group-8DFC9E4944C0->d57b37be-f0fe-43c7-a820-540586909dc7-AppendLogResponseHandler: Failed appendEntries: org.apache.ratis.thirdparty.io.grpc.StatusRuntimeException: UNAVAILABLE: io exception
2022-06-21 13:54:21,415 [grpc-default-executor-3] INFO  leader.FollowerInfo (FollowerInfoImpl.java:lambda$new$0(48)) - 81fc78bc-3d93-43eb-a149-ca8877d229a2@group-8DFC9E4944C0->d57b37be-f0fe-43c7-a820-540586909dc7: nextIndex: updateUnconditionally 31 -> 30
2022-06-21 13:54:21,426 [grpc-default-executor-3] WARN  server.GrpcLogAppender (LogUtils.java:warn(122)) - 81fc78bc-3d93-43eb-a149-ca8877d229a2@group-8DFC9E4944C0->da1def5c-cec2-4abd-8fe1-fa8043868437-AppendLogResponseHandler: Failed appendEntries: org.apache.ratis.thirdparty.io.grpc.StatusRuntimeException: UNAVAILABLE: io exception
2022-06-21 13:54:21,427 [grpc-default-executor-3] INFO  leader.FollowerInfo (FollowerInfoImpl.java:lambda$new$0(48)) - 81fc78bc-3d93-43eb-a149-ca8877d229a2@group-8DFC9E4944C0->da1def5c-cec2-4abd-8fe1-fa8043868437: nextIndex: updateUnconditionally 31 -> 30
2022-06-21 13:54:22,130 [81fc78bc-3d93-43eb-a149-ca8877d229a2@group-8DFC9E4944C0-LeaderStateImpl] WARN  server.RaftServer$Division (LeaderStateImpl.java:checkLeadership(1018)) - 81fc78bc-3d93-43eb-a149-ca8877d229a2@group-8DFC9E4944C0-LeaderStateImpl: Lost leadership on term: 1. Election timeout: 5200ms. In charge for: 28326ms. Conf: 0: [d57b37be-f0fe-43c7-a820-540586909dc7|rpc:10.1.0.15:46147|dataStream:|priority:0, da1def5c-cec2-4abd-8fe1-fa8043868437|rpc:10.1.0.15:45839|dataStream:|priority:0, 81fc78bc-3d93-43eb-a149-ca8877d229a2|rpc:10.1.0.15:44705|dataStream:|priority:1], old=null
2022-06-21 13:54:22,130 [81fc78bc-3d93-43eb-a149-ca8877d229a2@group-8DFC9E4944C0-LeaderStateImpl] WARN  server.RaftServer$Division (LeaderStateImpl.java:lambda$checkLeadership$17(1022)) - Follower 81fc78bc-3d93-43eb-a149-ca8877d229a2@group-8DFC9E4944C0->d57b37be-f0fe-43c7-a820-540586909dc7(c30,m30,n30, attendVote=true, lastRpcSendTime=724, lastRpcResponseTime=8228)
2022-06-21 13:54:22,130 [81fc78bc-3d93-43eb-a149-ca8877d229a2@group-8DFC9E4944C0-LeaderStateImpl] WARN  server.RaftServer$Division (LeaderStateImpl.java:lambda$checkLeadership$17(1022)) - Follower 81fc78bc-3d93-43eb-a149-ca8877d229a2@group-8DFC9E4944C0->da1def5c-cec2-4abd-8fe1-fa8043868437(c30,m30,n30, attendVote=true, lastRpcSendTime=703, lastRpcResponseTime=8225)
2022-06-21 13:54:22,130 [81fc78bc-3d93-43eb-a149-ca8877d229a2@group-8DFC9E4944C0-LeaderStateImpl] INFO  server.RaftServer$Division (RaftServerImpl.java:setRole(299)) - 81fc78bc-3d93-43eb-a149-ca8877d229a2@group-8DFC9E4944C0: changes role from    LEADER to FOLLOWER at term 1 for StepDownReason:LOST_MAJORITY_HEARTBEATS
2022-06-21 13:54:22,130 [81fc78bc-3d93-43eb-a149-ca8877d229a2@group-8DFC9E4944C0-LeaderStateImpl] INFO  impl.RoleInfo (RoleInfo.java:shutdownLeaderState(93)) - 81fc78bc-3d93-43eb-a149-ca8877d229a2: shutdown 81fc78bc-3d93-43eb-a149-ca8877d229a2@group-8DFC9E4944C0-LeaderStateImpl
2022-06-21 13:54:22,130 [81fc78bc-3d93-43eb-a149-ca8877d229a2@group-8DFC9E4944C0-LeaderStateImpl] INFO  impl.PendingRequests (PendingRequests.java:sendNotLeaderResponses(282)) - 81fc78bc-3d93-43eb-a149-ca8877d229a2@group-8DFC9E4944C0-PendingRequests: sendNotLeaderResponses
2022-06-21 13:54:22,130 [81fc78bc-3d93-43eb-a149-ca8877d229a2@group-8DFC9E4944C0->d57b37be-f0fe-43c7-a820-540586909dc7-GrpcLogAppender-LogAppenderDaemon] WARN  server.GrpcLogAppender (GrpcLogAppender.java:mayWait(171)) - 81fc78bc-3d93-43eb-a149-ca8877d229a2@group-8DFC9E4944C0->d57b37be-f0fe-43c7-a820-540586909dc7-GrpcLogAppender: Wait interrupted by java.lang.InterruptedException
2022-06-21 13:54:22,130 [81fc78bc-3d93-43eb-a149-ca8877d229a2@group-8DFC9E4944C0->da1def5c-cec2-4abd-8fe1-fa8043868437-GrpcLogAppender-LogAppenderDaemon] WARN  server.GrpcLogAppender (GrpcLogAppender.java:mayWait(171)) - 81fc78bc-3d93-43eb-a149-ca8877d229a2@group-8DFC9E4944C0->da1def5c-cec2-4abd-8fe1-fa8043868437-GrpcLogAppender: Wait interrupted by java.lang.InterruptedException
2022-06-21 13:54:22,148 [81fc78bc-3d93-43eb-a149-ca8877d229a2@group-8DFC9E4944C0-LeaderStateImpl] INFO  impl.RoleInfo (RoleInfo.java:updateAndGet(139)) - 81fc78bc-3d93-43eb-a149-ca8877d229a2: start 81fc78bc-3d93-43eb-a149-ca8877d229a2@group-8DFC9E4944C0-FollowerState
2022-06-21 13:54:24,939 [81fc78bc-3d93-43eb-a149-ca8877d229a2@group-A3DC51EC3215-FollowerState] INFO  impl.FollowerState (FollowerState.java:run(143)) - 81fc78bc-3d93-43eb-a149-ca8877d229a2@group-A3DC51EC3215-FollowerState: change to CANDIDATE, lastRpcElapsedTime:5048085069ns, electionTimeout:5034ms
2022-06-21 13:54:24,940 [81fc78bc-3d93-43eb-a149-ca8877d229a2@group-A3DC51EC3215-FollowerState] INFO  impl.RoleInfo (RoleInfo.java:shutdownFollowerState(110)) - 81fc78bc-3d93-43eb-a149-ca8877d229a2: shutdown 81fc78bc-3d93-43eb-a149-ca8877d229a2@group-A3DC51EC3215-FollowerState
2022-06-21 13:54:24,940 [81fc78bc-3d93-43eb-a149-ca8877d229a2@group-A3DC51EC3215-FollowerState] INFO  server.RaftServer$Division (RaftServerImpl.java:setRole(299)) - 81fc78bc-3d93-43eb-a149-ca8877d229a2@group-A3DC51EC3215: changes role from  FOLLOWER to CANDIDATE at term 5 for changeToCandidate
2022-06-21 13:54:24,940 [81fc78bc-3d93-43eb-a149-ca8877d229a2@group-A3DC51EC3215-FollowerState] INFO  server.RaftServerConfigKeys (ConfUtils.java:logGet(46)) - raft.server.leaderelection.pre-vote = false (custom)
2022-06-21 13:54:24,940 [81fc78bc-3d93-43eb-a149-ca8877d229a2@group-A3DC51EC3215-FollowerState] INFO  impl.RoleInfo (RoleInfo.java:updateAndGet(139)) - 81fc78bc-3d93-43eb-a149-ca8877d229a2: start 81fc78bc-3d93-43eb-a149-ca8877d229a2@group-A3DC51EC3215-LeaderElection26
2022-06-21 13:54:24,981 [81fc78bc-3d93-43eb-a149-ca8877d229a2@group-A3DC51EC3215-LeaderElection26] INFO  impl.LeaderElection (LeaderElection.java:askForVotes(310)) - 81fc78bc-3d93-43eb-a149-ca8877d229a2@group-A3DC51EC3215-LeaderElection26 ELECTION round 0: submit vote requests at term 6 for 0: [d57b37be-f0fe-43c7-a820-540586909dc7|rpc:10.1.0.15:46147|dataStream:|priority:1, da1def5c-cec2-4abd-8fe1-fa8043868437|rpc:10.1.0.15:45839|dataStream:|priority:0, 81fc78bc-3d93-43eb-a149-ca8877d229a2|rpc:10.1.0.15:44705|dataStream:|priority:0], old=null
2022-06-21 13:54:24,985 [81fc78bc-3d93-43eb-a149-ca8877d229a2@group-A3DC51EC3215-LeaderElection26] INFO  impl.LeaderElection (LogUtils.java:infoOrTrace(137)) - 81fc78bc-3d93-43eb-a149-ca8877d229a2@group-A3DC51EC3215-LeaderElection26 got exception when requesting votes: java.util.concurrent.ExecutionException: org.apache.ratis.thirdparty.io.grpc.StatusRuntimeException: UNAVAILABLE: io exception
2022-06-21 13:54:24,986 [81fc78bc-3d93-43eb-a149-ca8877d229a2@group-A3DC51EC3215-LeaderElection26] INFO  impl.LeaderElection (LogUtils.java:infoOrTrace(137)) - 81fc78bc-3d93-43eb-a149-ca8877d229a2@group-A3DC51EC3215-LeaderElection26 got exception when requesting votes: java.util.concurrent.ExecutionException: org.apache.ratis.thirdparty.io.grpc.StatusRuntimeException: UNAVAILABLE: io exception
2022-06-21 13:54:24,986 [81fc78bc-3d93-43eb-a149-ca8877d229a2@group-A3DC51EC3215-LeaderElection26] INFO  impl.LeaderElection (LeaderElection.java:logAndReturn(90)) - 81fc78bc-3d93-43eb-a149-ca8877d229a2@group-A3DC51EC3215-LeaderElection26: ELECTION REJECTED received 0 response(s) and 2 exception(s):
2022-06-21 13:54:24,986 [81fc78bc-3d93-43eb-a149-ca8877d229a2@group-A3DC51EC3215-LeaderElection26] INFO  impl.LeaderElection (LogUtils.java:infoOrTrace(137)) -   Exception 0: java.util.concurrent.ExecutionException: org.apache.ratis.thirdparty.io.grpc.StatusRuntimeException: UNAVAILABLE: io exception
2022-06-21 13:54:24,986 [81fc78bc-3d93-43eb-a149-ca8877d229a2@group-A3DC51EC3215-LeaderElection26] INFO  impl.LeaderElection (LogUtils.java:infoOrTrace(137)) -   Exception 1: java.util.concurrent.ExecutionException: org.apache.ratis.thirdparty.io.grpc.StatusRuntimeException: UNAVAILABLE: io exception
2022-06-21 13:54:24,986 [81fc78bc-3d93-43eb-a149-ca8877d229a2@group-A3DC51EC3215-LeaderElection26] INFO  impl.LeaderElection (LeaderElection.java:askForVotes(312)) - 81fc78bc-3d93-43eb-a149-ca8877d229a2@group-A3DC51EC3215-LeaderElection26 ELECTION round 0: result REJECTED
2022-06-21 13:54:24,986 [81fc78bc-3d93-43eb-a149-ca8877d229a2@group-A3DC51EC3215-LeaderElection26] INFO  server.RaftServer$Division (RaftServerImpl.java:setRole(299)) - 81fc78bc-3d93-43eb-a149-ca8877d229a2@group-A3DC51EC3215: changes role from CANDIDATE to FOLLOWER at term 6 for REJECTED
2022-06-21 13:54:24,986 [81fc78bc-3d93-43eb-a149-ca8877d229a2@group-A3DC51EC3215-LeaderElection26] INFO  impl.RoleInfo (RoleInfo.java:shutdownLeaderElection(130)) - 81fc78bc-3d93-43eb-a149-ca8877d229a2: shutdown 81fc78bc-3d93-43eb-a149-ca8877d229a2@group-A3DC51EC3215-LeaderElection26
2022-06-21 13:54:24,986 [81fc78bc-3d93-43eb-a149-ca8877d229a2@group-A3DC51EC3215-LeaderElection26] INFO  impl.RoleInfo (RoleInfo.java:updateAndGet(139)) - 81fc78bc-3d93-43eb-a149-ca8877d229a2: start 81fc78bc-3d93-43eb-a149-ca8877d229a2@group-A3DC51EC3215-FollowerState
2022-06-21 13:54:25,175 [Listener at 127.0.0.1/34499] INFO  ozoneimpl.OzoneContainer (OzoneContainer.java:stop(365)) - Attempting to stop container services.
2022-06-21 13:54:25,182 [Listener at 127.0.0.1/34499] INFO  server.RaftServer (RaftServerProxy.java:lambda$close$7(398)) - 180d6f1c-5c2b-4c1e-a1bc-902f2625267f: close
2022-06-21 13:54:25,182 [Listener at 127.0.0.1/34499] INFO  server.RaftServer$Division (RaftServerImpl.java:lambda$close$4(434)) - 180d6f1c-5c2b-4c1e-a1bc-902f2625267f@group-EA7B0534F32E: shutdown
2022-06-21 13:54:25,182 [Listener at 127.0.0.1/34499] INFO  util.JmxRegister (JmxRegister.java:unregister(73)) - Successfully un-registered JMX Bean with object name Ratis:service=RaftServer,group=group-EA7B0534F32E,id=180d6f1c-5c2b-4c1e-a1bc-902f2625267f
2022-06-21 13:54:25,183 [Listener at 127.0.0.1/34499] INFO  impl.RoleInfo (RoleInfo.java:shutdownLeaderState(93)) - 180d6f1c-5c2b-4c1e-a1bc-902f2625267f: shutdown 180d6f1c-5c2b-4c1e-a1bc-902f2625267f@group-EA7B0534F32E-LeaderStateImpl
2022-06-21 13:54:25,183 [Listener at 127.0.0.1/34499] INFO  impl.PendingRequests (PendingRequests.java:sendNotLeaderResponses(282)) - 180d6f1c-5c2b-4c1e-a1bc-902f2625267f@group-EA7B0534F32E-PendingRequests: sendNotLeaderResponses
2022-06-21 13:54:25,183 [Listener at 127.0.0.1/34499] INFO  impl.StateMachineUpdater (StateMachineUpdater.java:stopAndJoin(153)) - 180d6f1c-5c2b-4c1e-a1bc-902f2625267f@group-EA7B0534F32E-StateMachineUpdater: set stopIndex = 0
2022-06-21 13:54:25,183 [180d6f1c-5c2b-4c1e-a1bc-902f2625267f@group-EA7B0534F32E-StateMachineUpdater] INFO  ratis.ContainerStateMachine (ContainerStateMachine.java:takeSnapshot(304)) - group-EA7B0534F32E: Taking a snapshot at:(t:1, i:0) file /home/runner/work/ozone/ozone/hadoop-ozone/integration-test/target/test-dir/MiniOzoneClusterImpl-034e9286-fd65-458d-99c2-fe4308dd713a/datanode-4/data/ratis/1323396a-528d-4257-9d16-ea7b0534f32e/sm/snapshot.1_0
2022-06-21 13:54:25,184 [180d6f1c-5c2b-4c1e-a1bc-902f2625267f@group-EA7B0534F32E-StateMachineUpdater] INFO  ratis.ContainerStateMachine (ContainerStateMachine.java:takeSnapshot(315)) - group-EA7B0534F32E: Finished taking a snapshot at:(t:1, i:0) file:/home/runner/work/ozone/ozone/hadoop-ozone/integration-test/target/test-dir/MiniOzoneClusterImpl-034e9286-fd65-458d-99c2-fe4308dd713a/datanode-4/data/ratis/1323396a-528d-4257-9d16-ea7b0534f32e/sm/snapshot.1_0 took: 1 ms
2022-06-21 13:54:25,185 [180d6f1c-5c2b-4c1e-a1bc-902f2625267f@group-EA7B0534F32E-StateMachineUpdater] INFO  impl.StateMachineUpdater (StateMachineUpdater.java:takeSnapshot(287)) - 180d6f1c-5c2b-4c1e-a1bc-902f2625267f@group-EA7B0534F32E-StateMachineUpdater: Took a snapshot at index 0
2022-06-21 13:54:25,185 [180d6f1c-5c2b-4c1e-a1bc-902f2625267f@group-EA7B0534F32E-StateMachineUpdater] INFO  impl.StateMachineUpdater (StateMachineUpdater.java:lambda$new$0(92)) - 180d6f1c-5c2b-4c1e-a1bc-902f2625267f@group-EA7B0534F32E-StateMachineUpdater: snapshotIndex: updateIncreasingly -1 -> 0
2022-06-21 13:54:25,186 [Listener at 127.0.0.1/34499] INFO  server.RaftServer$Division (ServerState.java:close(429)) - 180d6f1c-5c2b-4c1e-a1bc-902f2625267f@group-EA7B0534F32E: closes. applyIndex: 0
2022-06-21 13:54:25,187 [180d6f1c-5c2b-4c1e-a1bc-902f2625267f@group-EA7B0534F32E-SegmentedRaftLogWorker] INFO  segmented.SegmentedRaftLogWorker (SegmentedRaftLogWorker.java:run(336)) - 180d6f1c-5c2b-4c1e-a1bc-902f2625267f@group-EA7B0534F32E-SegmentedRaftLogWorker was interrupted, exiting. There are 0 tasks remaining in the queue.
2022-06-21 13:54:25,188 [Listener at 127.0.0.1/34499] INFO  segmented.SegmentedRaftLogWorker (SegmentedRaftLogWorker.java:close(246)) - 180d6f1c-5c2b-4c1e-a1bc-902f2625267f@group-EA7B0534F32E-SegmentedRaftLogWorker close()
2022-06-21 13:54:25,189 [Listener at 127.0.0.1/34499] INFO  server.GrpcService (GrpcService.java:closeImpl(269)) - 180d6f1c-5c2b-4c1e-a1bc-902f2625267f: shutdown server with port 38173 now
2022-06-21 13:54:25,190 [Listener at 127.0.0.1/34499] INFO  server.GrpcService (GrpcService.java:closeImpl(278)) - 180d6f1c-5c2b-4c1e-a1bc-902f2625267f: shutdown server with port 38173 successfully
2022-06-21 13:54:25,190 [org.apache.ratis.util.JvmPauseMonitor$$Lambda$627/290163460@45888924] INFO  util.JvmPauseMonitor (JvmPauseMonitor.java:run(109)) - JvmPauseMonitor-180d6f1c-5c2b-4c1e-a1bc-902f2625267f: Stopped
2022-06-21 13:54:25,296 [ForkJoinPool.commonPool-worker-0] INFO  ozoneimpl.OzoneContainer (OzoneContainer.java:stop(365)) - Attempting to stop container services.
2022-06-21 13:54:25,296 [ForkJoinPool.commonPool-worker-0] INFO  server.RaftServer (RaftServerProxy.java:lambda$close$7(398)) - 81fc78bc-3d93-43eb-a149-ca8877d229a2: close
2022-06-21 13:54:25,296 [ForkJoinPool.commonPool-worker-0] INFO  server.RaftServer$Division (RaftServerImpl.java:lambda$close$4(434)) - 81fc78bc-3d93-43eb-a149-ca8877d229a2@group-A3DC51EC3215: shutdown
2022-06-21 13:54:25,296 [ForkJoinPool.commonPool-worker-0] INFO  util.JmxRegister (JmxRegister.java:unregister(73)) - Successfully un-registered JMX Bean with object name Ratis:service=RaftServer,group=group-A3DC51EC3215,id=81fc78bc-3d93-43eb-a149-ca8877d229a2
2022-06-21 13:54:25,297 [ForkJoinPool.commonPool-worker-0] INFO  impl.RoleInfo (RoleInfo.java:shutdownFollowerState(110)) - 81fc78bc-3d93-43eb-a149-ca8877d229a2: shutdown 81fc78bc-3d93-43eb-a149-ca8877d229a2@group-A3DC51EC3215-FollowerState
2022-06-21 13:54:25,297 [ForkJoinPool.commonPool-worker-0] INFO  impl.StateMachineUpdater (StateMachineUpdater.java:stopAndJoin(153)) - 81fc78bc-3d93-43eb-a149-ca8877d229a2@group-A3DC51EC3215-StateMachineUpdater: set stopIndex = 0
2022-06-21 13:54:25,297 [81fc78bc-3d93-43eb-a149-ca8877d229a2@group-A3DC51EC3215-FollowerState] INFO  impl.FollowerState (FollowerState.java:run(152)) - 81fc78bc-3d93-43eb-a149-ca8877d229a2@group-A3DC51EC3215-FollowerState was interrupted
2022-06-21 13:54:25,297 [81fc78bc-3d93-43eb-a149-ca8877d229a2@group-A3DC51EC3215-StateMachineUpdater] INFO  ratis.ContainerStateMachine (ContainerStateMachine.java:takeSnapshot(304)) - group-A3DC51EC3215: Taking a snapshot at:(t:4, i:0) file /home/runner/work/ozone/ozone/hadoop-ozone/integration-test/target/test-dir/MiniOzoneClusterImpl-034e9286-fd65-458d-99c2-fe4308dd713a/datanode-0/data/ratis/1591b29d-177a-435d-942b-a3dc51ec3215/sm/snapshot.4_0
2022-06-21 13:54:25,302 [81fc78bc-3d93-43eb-a149-ca8877d229a2@group-A3DC51EC3215-StateMachineUpdater] INFO  ratis.ContainerStateMachine (ContainerStateMachine.java:takeSnapshot(315)) - group-A3DC51EC3215: Finished taking a snapshot at:(t:4, i:0) file:/home/runner/work/ozone/ozone/hadoop-ozone/integration-test/target/test-dir/MiniOzoneClusterImpl-034e9286-fd65-458d-99c2-fe4308dd713a/datanode-0/data/ratis/1591b29d-177a-435d-942b-a3dc51ec3215/sm/snapshot.4_0 took: 6 ms
2022-06-21 13:54:25,303 [81fc78bc-3d93-43eb-a149-ca8877d229a2@group-A3DC51EC3215-StateMachineUpdater] INFO  impl.StateMachineUpdater (StateMachineUpdater.java:takeSnapshot(287)) - 81fc78bc-3d93-43eb-a149-ca8877d229a2@group-A3DC51EC3215-StateMachineUpdater: Took a snapshot at index 0
2022-06-21 13:54:25,303 [81fc78bc-3d93-43eb-a149-ca8877d229a2@group-A3DC51EC3215-StateMachineUpdater] INFO  impl.StateMachineUpdater (StateMachineUpdater.java:lambda$new$0(92)) - 81fc78bc-3d93-43eb-a149-ca8877d229a2@group-A3DC51EC3215-StateMachineUpdater: snapshotIndex: updateIncreasingly -1 -> 0
2022-06-21 13:54:25,310 [ForkJoinPool.commonPool-worker-0] INFO  server.RaftServer$Division (ServerState.java:close(429)) - 81fc78bc-3d93-43eb-a149-ca8877d229a2@group-A3DC51EC3215: closes. applyIndex: 0
2022-06-21 13:54:25,311 [81fc78bc-3d93-43eb-a149-ca8877d229a2@group-A3DC51EC3215-SegmentedRaftLogWorker] INFO  segmented.SegmentedRaftLogWorker (SegmentedRaftLogWorker.java:run(336)) - 81fc78bc-3d93-43eb-a149-ca8877d229a2@group-A3DC51EC3215-SegmentedRaftLogWorker was interrupted, exiting. There are 0 tasks remaining in the queue.
2022-06-21 13:54:25,311 [ForkJoinPool.commonPool-worker-0] INFO  segmented.SegmentedRaftLogWorker (SegmentedRaftLogWorker.java:close(246)) - 81fc78bc-3d93-43eb-a149-ca8877d229a2@group-A3DC51EC3215-SegmentedRaftLogWorker close()
2022-06-21 13:54:25,313 [ForkJoinPool.commonPool-worker-0] INFO  server.RaftServer$Division (RaftServerImpl.java:lambda$close$4(434)) - 81fc78bc-3d93-43eb-a149-ca8877d229a2@group-BD88A702D69D: shutdown
2022-06-21 13:54:25,314 [ForkJoinPool.commonPool-worker-0] INFO  util.JmxRegister (JmxRegister.java:unregister(73)) - Successfully un-registered JMX Bean with object name Ratis:service=RaftServer,group=group-BD88A702D69D,id=81fc78bc-3d93-43eb-a149-ca8877d229a2
2022-06-21 13:54:25,314 [ForkJoinPool.commonPool-worker-0] INFO  impl.RoleInfo (RoleInfo.java:shutdownLeaderState(93)) - 81fc78bc-3d93-43eb-a149-ca8877d229a2: shutdown 81fc78bc-3d93-43eb-a149-ca8877d229a2@group-BD88A702D69D-LeaderStateImpl
2022-06-21 13:54:25,314 [ForkJoinPool.commonPool-worker-0] INFO  impl.PendingRequests (PendingRequests.java:sendNotLeaderResponses(282)) - 81fc78bc-3d93-43eb-a149-ca8877d229a2@group-BD88A702D69D-PendingRequests: sendNotLeaderResponses
2022-06-21 13:54:25,314 [ForkJoinPool.commonPool-worker-0] INFO  impl.StateMachineUpdater (StateMachineUpdater.java:stopAndJoin(153)) - 81fc78bc-3d93-43eb-a149-ca8877d229a2@group-BD88A702D69D-StateMachineUpdater: set stopIndex = 0
2022-06-21 13:54:25,314 [81fc78bc-3d93-43eb-a149-ca8877d229a2@group-BD88A702D69D-StateMachineUpdater] INFO  ratis.ContainerStateMachine (ContainerStateMachine.java:takeSnapshot(304)) - group-BD88A702D69D: Taking a snapshot at:(t:1, i:0) file /home/runner/work/ozone/ozone/hadoop-ozone/integration-test/target/test-dir/MiniOzoneClusterImpl-034e9286-fd65-458d-99c2-fe4308dd713a/datanode-0/data/ratis/2d1064b3-5ed5-4a4e-8af6-bd88a702d69d/sm/snapshot.1_0
2022-06-21 13:54:25,316 [81fc78bc-3d93-43eb-a149-ca8877d229a2@group-BD88A702D69D-StateMachineUpdater] INFO  ratis.ContainerStateMachine (ContainerStateMachine.java:takeSnapshot(315)) - group-BD88A702D69D: Finished taking a snapshot at:(t:1, i:0) file:/home/runner/work/ozone/ozone/hadoop-ozone/integration-test/target/test-dir/MiniOzoneClusterImpl-034e9286-fd65-458d-99c2-fe4308dd713a/datanode-0/data/ratis/2d1064b3-5ed5-4a4e-8af6-bd88a702d69d/sm/snapshot.1_0 took: 2 ms
2022-06-21 13:54:25,317 [81fc78bc-3d93-43eb-a149-ca8877d229a2@group-BD88A702D69D-StateMachineUpdater] INFO  impl.StateMachineUpdater (StateMachineUpdater.java:takeSnapshot(287)) - 81fc78bc-3d93-43eb-a149-ca8877d229a2@group-BD88A702D69D-StateMachineUpdater: Took a snapshot at index 0
2022-06-21 13:54:25,317 [81fc78bc-3d93-43eb-a149-ca8877d229a2@group-BD88A702D69D-StateMachineUpdater] INFO  impl.StateMachineUpdater (StateMachineUpdater.java:lambda$new$0(92)) - 81fc78bc-3d93-43eb-a149-ca8877d229a2@group-BD88A702D69D-StateMachineUpdater: snapshotIndex: updateIncreasingly -1 -> 0
2022-06-21 13:54:25,317 [ForkJoinPool.commonPool-worker-0] INFO  server.RaftServer$Division (ServerState.java:close(429)) - 81fc78bc-3d93-43eb-a149-ca8877d229a2@group-BD88A702D69D: closes. applyIndex: 0
2022-06-21 13:54:25,317 [81fc78bc-3d93-43eb-a149-ca8877d229a2@group-BD88A702D69D-SegmentedRaftLogWorker] INFO  segmented.SegmentedRaftLogWorker (SegmentedRaftLogWorker.java:run(336)) - 81fc78bc-3d93-43eb-a149-ca8877d229a2@group-BD88A702D69D-SegmentedRaftLogWorker was interrupted, exiting. There are 0 tasks remaining in the queue.
2022-06-21 13:54:25,318 [ForkJoinPool.commonPool-worker-0] INFO  segmented.SegmentedRaftLogWorker (SegmentedRaftLogWorker.java:close(246)) - 81fc78bc-3d93-43eb-a149-ca8877d229a2@group-BD88A702D69D-SegmentedRaftLogWorker close()
2022-06-21 13:54:25,318 [ForkJoinPool.commonPool-worker-0] INFO  server.RaftServer$Division (RaftServerImpl.java:lambda$close$4(434)) - 81fc78bc-3d93-43eb-a149-ca8877d229a2@group-8DFC9E4944C0: shutdown
2022-06-21 13:54:25,319 [ForkJoinPool.commonPool-worker-0] INFO  util.JmxRegister (JmxRegister.java:unregister(73)) - Successfully un-registered JMX Bean with object name Ratis:service=RaftServer,group=group-8DFC9E4944C0,id=81fc78bc-3d93-43eb-a149-ca8877d229a2
2022-06-21 13:54:25,319 [ForkJoinPool.commonPool-worker-0] INFO  impl.RoleInfo (RoleInfo.java:shutdownFollowerState(110)) - 81fc78bc-3d93-43eb-a149-ca8877d229a2: shutdown 81fc78bc-3d93-43eb-a149-ca8877d229a2@group-8DFC9E4944C0-FollowerState
2022-06-21 13:54:25,319 [ForkJoinPool.commonPool-worker-0] INFO  impl.StateMachineUpdater (StateMachineUpdater.java:stopAndJoin(153)) - 81fc78bc-3d93-43eb-a149-ca8877d229a2@group-8DFC9E4944C0-StateMachineUpdater: set stopIndex = 30
2022-06-21 13:54:25,319 [81fc78bc-3d93-43eb-a149-ca8877d229a2@group-8DFC9E4944C0-FollowerState] INFO  impl.FollowerState (FollowerState.java:run(152)) - 81fc78bc-3d93-43eb-a149-ca8877d229a2@group-8DFC9E4944C0-FollowerState was interrupted
2022-06-21 13:54:25,319 [81fc78bc-3d93-43eb-a149-ca8877d229a2@group-8DFC9E4944C0-StateMachineUpdater] INFO  ratis.ContainerStateMachine (ContainerStateMachine.java:takeSnapshot(304)) - group-8DFC9E4944C0: Taking a snapshot at:(t:1, i:30) file /home/runner/work/ozone/ozone/hadoop-ozone/integration-test/target/test-dir/MiniOzoneClusterImpl-034e9286-fd65-458d-99c2-fe4308dd713a/datanode-0/data/ratis/57cec808-fb5e-4883-b3a4-8dfc9e4944c0/sm/snapshot.1_30
2022-06-21 13:54:25,321 [81fc78bc-3d93-43eb-a149-ca8877d229a2@group-8DFC9E4944C0-StateMachineUpdater] INFO  ratis.ContainerStateMachine (ContainerStateMachine.java:takeSnapshot(315)) - group-8DFC9E4944C0: Finished taking a snapshot at:(t:1, i:30) file:/home/runner/work/ozone/ozone/hadoop-ozone/integration-test/target/test-dir/MiniOzoneClusterImpl-034e9286-fd65-458d-99c2-fe4308dd713a/datanode-0/data/ratis/57cec808-fb5e-4883-b3a4-8dfc9e4944c0/sm/snapshot.1_30 took: 2 ms
2022-06-21 13:54:25,321 [81fc78bc-3d93-43eb-a149-ca8877d229a2@group-8DFC9E4944C0-StateMachineUpdater] INFO  impl.StateMachineUpdater (StateMachineUpdater.java:takeSnapshot(287)) - 81fc78bc-3d93-43eb-a149-ca8877d229a2@group-8DFC9E4944C0-StateMachineUpdater: Took a snapshot at index 30
2022-06-21 13:54:25,321 [81fc78bc-3d93-43eb-a149-ca8877d229a2@group-8DFC9E4944C0-StateMachineUpdater] INFO  impl.StateMachineUpdater (StateMachineUpdater.java:lambda$new$0(92)) - 81fc78bc-3d93-43eb-a149-ca8877d229a2@group-8DFC9E4944C0-StateMachineUpdater: snapshotIndex: updateIncreasingly -1 -> 30
2022-06-21 13:54:25,322 [ForkJoinPool.commonPool-worker-0] INFO  server.RaftServer$Division (ServerState.java:close(429)) - 81fc78bc-3d93-43eb-a149-ca8877d229a2@group-8DFC9E4944C0: closes. applyIndex: 30
2022-06-21 13:54:25,322 [81fc78bc-3d93-43eb-a149-ca8877d229a2@group-8DFC9E4944C0-SegmentedRaftLogWorker] INFO  segmented.SegmentedRaftLogWorker (SegmentedRaftLogWorker.java:run(336)) - 81fc78bc-3d93-43eb-a149-ca8877d229a2@group-8DFC9E4944C0-SegmentedRaftLogWorker was interrupted, exiting. There are 0 tasks remaining in the queue.
2022-06-21 13:54:25,322 [ForkJoinPool.commonPool-worker-0] INFO  segmented.SegmentedRaftLogWorker (SegmentedRaftLogWorker.java:close(246)) - 81fc78bc-3d93-43eb-a149-ca8877d229a2@group-8DFC9E4944C0-SegmentedRaftLogWorker close()
2022-06-21 13:54:25,323 [ForkJoinPool.commonPool-worker-0] INFO  server.GrpcService (GrpcService.java:closeImpl(269)) - 81fc78bc-3d93-43eb-a149-ca8877d229a2: shutdown server with port 44705 now
2022-06-21 13:54:25,324 [grpc-default-executor-3] WARN  server.GrpcClientProtocolService (LogUtils.java:warn(122)) - 1-UnorderedRequestStreamObserver1: onError: org.apache.ratis.thirdparty.io.grpc.StatusRuntimeException: CANCELLED: client cancelled
2022-06-21 13:54:25,327 [ForkJoinPool.commonPool-worker-0] INFO  server.GrpcService (GrpcService.java:closeImpl(278)) - 81fc78bc-3d93-43eb-a149-ca8877d229a2: shutdown server with port 44705 successfully
2022-06-21 13:54:25,328 [org.apache.ratis.util.JvmPauseMonitor$$Lambda$627/290163460@447c79c8] INFO  util.JvmPauseMonitor (JvmPauseMonitor.java:run(109)) - JvmPauseMonitor-81fc78bc-3d93-43eb-a149-ca8877d229a2: Stopped
2022-06-21 13:54:27,238 [Listener at 127.0.0.1/34499] INFO  utils.BackgroundService (BackgroundService.java:shutdown(132)) - Shutting down service BlockDeletingService
2022-06-21 13:54:27,371 [ForkJoinPool.commonPool-worker-0] INFO  utils.BackgroundService (BackgroundService.java:shutdown(132)) - Shutting down service BlockDeletingService
2022-06-21 13:54:30,270 [Listener at 127.0.0.1/34499] INFO  statemachine.DatanodeStateMachine (DatanodeStateMachine.java:stopDaemon(580)) - Ozone container server stopped.
2022-06-21 13:54:30,294 [Listener at 127.0.0.1/34499] INFO  handler.ContextHandler (ContextHandler.java:doStop(1153)) - Stopped o.e.j.w.WebAppContext@28be456{hddsDatanode,/,null,STOPPED}{jar:file:/home/runner/.m2/repository/org/apache/ozone/hdds-container-service/1.3.0-SNAPSHOT/hdds-container-service-1.3.0-SNAPSHOT.jar!/webapps/hddsDatanode}
2022-06-21 13:54:30,315 [Listener at 127.0.0.1/34499] INFO  server.AbstractConnector (AbstractConnector.java:doStop(381)) - Stopped ServerConnector@76badef9{HTTP/1.1, (http/1.1)}{0.0.0.0:0}
2022-06-21 13:54:30,315 [Listener at 127.0.0.1/34499] INFO  server.session (HouseKeeper.java:stopScavenging(149)) - node0 Stopped scavenging
2022-06-21 13:54:30,319 [Listener at 127.0.0.1/34499] INFO  handler.ContextHandler (ContextHandler.java:doStop(1153)) - Stopped o.e.j.s.ServletContextHandler@48aba679{static,/static,jar:file:/home/runner/.m2/repository/org/apache/ozone/hdds-container-service/1.3.0-SNAPSHOT/hdds-container-service-1.3.0-SNAPSHOT.jar!/webapps/static,STOPPED}
2022-06-21 13:54:30,319 [Listener at 127.0.0.1/34499] INFO  handler.ContextHandler (ContextHandler.java:doStop(1153)) - Stopped o.e.j.s.ServletContextHandler@38716e3f{logs,/logs,file:///home/runner/work/ozone/ozone/hadoop-ozone/integration-test/target/log,STOPPED}
2022-06-21 13:54:30,379 [ForkJoinPool.commonPool-worker-0] INFO  statemachine.DatanodeStateMachine (DatanodeStateMachine.java:stopDaemon(580)) - Ozone container server stopped.
2022-06-21 13:54:30,426 [ForkJoinPool.commonPool-worker-0] INFO  handler.ContextHandler (ContextHandler.java:doStop(1153)) - Stopped o.e.j.w.WebAppContext@6c5a438e{hddsDatanode,/,null,STOPPED}{jar:file:/home/runner/.m2/repository/org/apache/ozone/hdds-container-service/1.3.0-SNAPSHOT/hdds-container-service-1.3.0-SNAPSHOT.jar!/webapps/hddsDatanode}
2022-06-21 13:54:30,427 [ForkJoinPool.commonPool-worker-0] INFO  server.AbstractConnector (AbstractConnector.java:doStop(381)) - Stopped ServerConnector@3c4b6167{HTTP/1.1, (http/1.1)}{0.0.0.0:0}
2022-06-21 13:54:30,427 [ForkJoinPool.commonPool-worker-0] INFO  server.session (HouseKeeper.java:stopScavenging(149)) - node0 Stopped scavenging
2022-06-21 13:54:30,434 [ForkJoinPool.commonPool-worker-0] INFO  handler.ContextHandler (ContextHandler.java:doStop(1153)) - Stopped o.e.j.s.ServletContextHandler@2561aada{static,/static,jar:file:/home/runner/.m2/repository/org/apache/ozone/hdds-container-service/1.3.0-SNAPSHOT/hdds-container-service-1.3.0-SNAPSHOT.jar!/webapps/static,STOPPED}
2022-06-21 13:54:30,435 [ForkJoinPool.commonPool-worker-0] INFO  handler.ContextHandler (ContextHandler.java:doStop(1153)) - Stopped o.e.j.s.ServletContextHandler@15463b2b{logs,/logs,file:///home/runner/work/ozone/ozone/hadoop-ozone/integration-test/target/log,STOPPED}
2022-06-21 13:54:35,324 [Listener at 127.0.0.1/34499] INFO  ozoneimpl.OzoneContainer (OzoneContainer.java:stop(365)) - Attempting to stop container services.
2022-06-21 13:54:35,328 [Listener at 127.0.0.1/34499] INFO  server.RaftServer (RaftServerProxy.java:lambda$close$7(398)) - 17ea812a-a858-40de-b252-af3db1058d73: close
2022-06-21 13:54:35,328 [Listener at 127.0.0.1/34499] INFO  server.RaftServer$Division (RaftServerImpl.java:lambda$close$4(434)) - 17ea812a-a858-40de-b252-af3db1058d73@group-31A39DBD2754: shutdown
2022-06-21 13:54:35,328 [Listener at 127.0.0.1/34499] INFO  util.JmxRegister (JmxRegister.java:unregister(73)) - Successfully un-registered JMX Bean with object name Ratis:service=RaftServer,group=group-31A39DBD2754,id=17ea812a-a858-40de-b252-af3db1058d73
2022-06-21 13:54:35,328 [Listener at 127.0.0.1/34499] INFO  impl.RoleInfo (RoleInfo.java:shutdownLeaderState(93)) - 17ea812a-a858-40de-b252-af3db1058d73: shutdown 17ea812a-a858-40de-b252-af3db1058d73@group-31A39DBD2754-LeaderStateImpl
2022-06-21 13:54:35,328 [Listener at 127.0.0.1/34499] INFO  impl.PendingRequests (PendingRequests.java:sendNotLeaderResponses(282)) - 17ea812a-a858-40de-b252-af3db1058d73@group-31A39DBD2754-PendingRequests: sendNotLeaderResponses
2022-06-21 13:54:35,329 [Listener at 127.0.0.1/34499] INFO  impl.StateMachineUpdater (StateMachineUpdater.java:stopAndJoin(153)) - 17ea812a-a858-40de-b252-af3db1058d73@group-31A39DBD2754-StateMachineUpdater: set stopIndex = 0
2022-06-21 13:54:35,330 [17ea812a-a858-40de-b252-af3db1058d73@group-31A39DBD2754-StateMachineUpdater] INFO  ratis.ContainerStateMachine (ContainerStateMachine.java:takeSnapshot(304)) - group-31A39DBD2754: Taking a snapshot at:(t:1, i:0) file /home/runner/work/ozone/ozone/hadoop-ozone/integration-test/target/test-dir/MiniOzoneClusterImpl-034e9286-fd65-458d-99c2-fe4308dd713a/datanode-3/data/ratis/08b007a8-17d7-4620-8422-31a39dbd2754/sm/snapshot.1_0
2022-06-21 13:54:35,335 [17ea812a-a858-40de-b252-af3db1058d73@group-31A39DBD2754-StateMachineUpdater] INFO  ratis.ContainerStateMachine (ContainerStateMachine.java:takeSnapshot(315)) - group-31A39DBD2754: Finished taking a snapshot at:(t:1, i:0) file:/home/runner/work/ozone/ozone/hadoop-ozone/integration-test/target/test-dir/MiniOzoneClusterImpl-034e9286-fd65-458d-99c2-fe4308dd713a/datanode-3/data/ratis/08b007a8-17d7-4620-8422-31a39dbd2754/sm/snapshot.1_0 took: 5 ms
2022-06-21 13:54:35,336 [17ea812a-a858-40de-b252-af3db1058d73@group-31A39DBD2754-StateMachineUpdater] INFO  impl.StateMachineUpdater (StateMachineUpdater.java:takeSnapshot(287)) - 17ea812a-a858-40de-b252-af3db1058d73@group-31A39DBD2754-StateMachineUpdater: Took a snapshot at index 0
2022-06-21 13:54:35,336 [17ea812a-a858-40de-b252-af3db1058d73@group-31A39DBD2754-StateMachineUpdater] INFO  impl.StateMachineUpdater (StateMachineUpdater.java:lambda$new$0(92)) - 17ea812a-a858-40de-b252-af3db1058d73@group-31A39DBD2754-StateMachineUpdater: snapshotIndex: updateIncreasingly -1 -> 0
2022-06-21 13:54:35,336 [Listener at 127.0.0.1/34499] INFO  server.RaftServer$Division (ServerState.java:close(429)) - 17ea812a-a858-40de-b252-af3db1058d73@group-31A39DBD2754: closes. applyIndex: 0
2022-06-21 13:54:35,336 [17ea812a-a858-40de-b252-af3db1058d73@group-31A39DBD2754-SegmentedRaftLogWorker] INFO  segmented.SegmentedRaftLogWorker (SegmentedRaftLogWorker.java:run(336)) - 17ea812a-a858-40de-b252-af3db1058d73@group-31A39DBD2754-SegmentedRaftLogWorker was interrupted, exiting. There are 0 tasks remaining in the queue.
2022-06-21 13:54:35,340 [Listener at 127.0.0.1/34499] INFO  segmented.SegmentedRaftLogWorker (SegmentedRaftLogWorker.java:close(246)) - 17ea812a-a858-40de-b252-af3db1058d73@group-31A39DBD2754-SegmentedRaftLogWorker close()
2022-06-21 13:54:35,340 [Listener at 127.0.0.1/34499] INFO  server.GrpcService (GrpcService.java:closeImpl(269)) - 17ea812a-a858-40de-b252-af3db1058d73: shutdown server with port 45467 now
2022-06-21 13:54:35,351 [Listener at 127.0.0.1/34499] INFO  server.GrpcService (GrpcService.java:closeImpl(278)) - 17ea812a-a858-40de-b252-af3db1058d73: shutdown server with port 45467 successfully
2022-06-21 13:54:35,354 [org.apache.ratis.util.JvmPauseMonitor$$Lambda$627/290163460@3ba795c2] INFO  util.JvmPauseMonitor (JvmPauseMonitor.java:run(109)) - JvmPauseMonitor-17ea812a-a858-40de-b252-af3db1058d73: Stopped
2022-06-21 13:54:37,411 [Listener at 127.0.0.1/34499] INFO  utils.BackgroundService (BackgroundService.java:shutdown(132)) - Shutting down service BlockDeletingService
2022-06-21 13:54:40,459 [Listener at 127.0.0.1/34499] INFO  statemachine.DatanodeStateMachine (DatanodeStateMachine.java:stopDaemon(580)) - Ozone container server stopped.
2022-06-21 13:54:40,507 [Listener at 127.0.0.1/34499] INFO  handler.ContextHandler (ContextHandler.java:doStop(1153)) - Stopped o.e.j.w.WebAppContext@230dd59{hddsDatanode,/,null,STOPPED}{jar:file:/home/runner/.m2/repository/org/apache/ozone/hdds-container-service/1.3.0-SNAPSHOT/hdds-container-service-1.3.0-SNAPSHOT.jar!/webapps/hddsDatanode}
2022-06-21 13:54:40,516 [Listener at 127.0.0.1/34499] INFO  server.AbstractConnector (AbstractConnector.java:doStop(381)) - Stopped ServerConnector@32b88c0a{HTTP/1.1, (http/1.1)}{0.0.0.0:0}
2022-06-21 13:54:40,517 [Listener at 127.0.0.1/34499] INFO  server.session (HouseKeeper.java:stopScavenging(149)) - node0 Stopped scavenging
2022-06-21 13:54:40,527 [Listener at 127.0.0.1/34499] INFO  handler.ContextHandler (ContextHandler.java:doStop(1153)) - Stopped o.e.j.s.ServletContextHandler@3934bee1{static,/static,jar:file:/home/runner/.m2/repository/org/apache/ozone/hdds-container-service/1.3.0-SNAPSHOT/hdds-container-service-1.3.0-SNAPSHOT.jar!/webapps/static,STOPPED}
2022-06-21 13:54:40,527 [Listener at 127.0.0.1/34499] INFO  handler.ContextHandler (ContextHandler.java:doStop(1153)) - Stopped o.e.j.s.ServletContextHandler@19d0dc74{logs,/logs,file:///home/runner/work/ozone/ozone/hadoop-ozone/integration-test/target/log,STOPPED}
2022-06-21 13:54:40,531 [Listener at 127.0.0.1/34499] INFO  ozone.MiniOzoneClusterImpl (MiniOzoneClusterImpl.java:stopSCM(546)) - Stopping the StorageContainerManager
2022-06-21 13:54:40,531 [Listener at 127.0.0.1/34499] INFO  server.StorageContainerManager (StorageContainerManager.java:stop(1504)) - Container Balancer is not running.
2022-06-21 13:54:40,531 [Listener at 127.0.0.1/34499] INFO  server.StorageContainerManager (StorageContainerManager.java:stop(1511)) - Stopping Replication Manager Service.
2022-06-21 13:54:40,531 [Listener at 127.0.0.1/34499] INFO  replication.ReplicationManager (ReplicationManager.java:stop(212)) - Stopping Replication Monitor Thread.
2022-06-21 13:54:40,531 [ReplicationMonitor] INFO  replication.ReplicationManager (ReplicationManager.java:run(270)) - Replication Monitor Thread is stopped
2022-06-21 13:54:40,532 [Listener at 127.0.0.1/34499] INFO  server.StorageContainerManager (StorageContainerManager.java:stop(1518)) - Stopping the Datanode Admin Monitor.
2022-06-21 13:54:40,532 [Listener at 127.0.0.1/34499] INFO  server.StorageContainerManager (StorageContainerManager.java:stop(1525)) - Stopping Lease Manager of the command watchers
2022-06-21 13:54:40,532 [Listener at 127.0.0.1/34499] INFO  server.StorageContainerManager (StorageContainerManager.java:stop(1532)) - Stopping datanode service RPC server
2022-06-21 13:54:40,532 [Listener at 127.0.0.1/34499] INFO  server.SCMDatanodeProtocolServer (SCMDatanodeProtocolServer.java:stop(400)) - Stopping the RPC server for DataNodes
2022-06-21 13:54:40,532 [Listener at 127.0.0.1/34499] INFO  ipc.Server (Server.java:stop(3414)) - Stopping server on 36543
2022-06-21 13:54:40,533 [IPC Server listener on 0] INFO  ipc.Server (Server.java:run(1376)) - Stopping IPC Server listener on 0
2022-06-21 13:54:40,534 [IPC Server Responder] INFO  ipc.Server (Server.java:run(1512)) - Stopping IPC Server Responder
2022-06-21 13:54:40,601 [SCM Heartbeat Processing Thread - 0] WARN  node.NodeStateManager (NodeStateManager.java:scheduleNextHealthCheck(848)) - Current Thread is interrupted, shutting down HB processing thread for Node Manager.
2022-06-21 13:54:40,601 [Listener at 127.0.0.1/34499] INFO  server.StorageContainerManager (StorageContainerManager.java:stop(1540)) - Stopping block service RPC server
2022-06-21 13:54:40,601 [Listener at 127.0.0.1/34499] INFO  server.SCMBlockProtocolServer (SCMBlockProtocolServer.java:stop(160)) - Stopping the RPC server for Block Protocol
2022-06-21 13:54:40,601 [Listener at 127.0.0.1/34499] INFO  ipc.Server (Server.java:stop(3414)) - Stopping server on 42141
2022-06-21 13:54:40,605 [IPC Server listener on 0] INFO  ipc.Server (Server.java:run(1376)) - Stopping IPC Server listener on 0
2022-06-21 13:54:40,634 [Listener at 127.0.0.1/34499] INFO  server.StorageContainerManager (StorageContainerManager.java:stop(1547)) - Stopping the StorageContainerLocationProtocol RPC server
2022-06-21 13:54:40,635 [Listener at 127.0.0.1/34499] INFO  server.SCMClientProtocolServer (SCMClientProtocolServer.java:stop(178)) - Stopping the RPC server for Client Protocol
2022-06-21 13:54:40,635 [Listener at 127.0.0.1/34499] INFO  ipc.Server (Server.java:stop(3414)) - Stopping server on 33199
2022-06-21 13:54:40,636 [IPC Server Responder] INFO  ipc.Server (Server.java:run(1512)) - Stopping IPC Server Responder
2022-06-21 13:54:40,637 [Listener at 127.0.0.1/34499] INFO  server.StorageContainerManager (StorageContainerManager.java:stop(1554)) - Stopping Storage Container Manager HTTP server.
2022-06-21 13:54:40,638 [Listener at 127.0.0.1/34499] INFO  handler.ContextHandler (ContextHandler.java:doStop(1153)) - Stopped o.e.j.w.WebAppContext@3d6d0d9{scm,/,null,STOPPED}{file:/home/runner/work/ozone/ozone/hadoop-ozone/integration-test/target/test-classes/webapps/scm}
2022-06-21 13:54:40,638 [IPC Server Responder] INFO  ipc.Server (Server.java:run(1512)) - Stopping IPC Server Responder
2022-06-21 13:54:40,638 [IPC Server listener on 0] INFO  ipc.Server (Server.java:run(1376)) - Stopping IPC Server listener on 0
2022-06-21 13:54:40,639 [Listener at 127.0.0.1/34499] INFO  server.AbstractConnector (AbstractConnector.java:doStop(381)) - Stopped ServerConnector@28625f8{HTTP/1.1, (http/1.1)}{0.0.0.0:0}
2022-06-21 13:54:40,639 [Listener at 127.0.0.1/34499] INFO  server.session (HouseKeeper.java:stopScavenging(149)) - node0 Stopped scavenging
2022-06-21 13:54:40,639 [Listener at 127.0.0.1/34499] INFO  handler.ContextHandler (ContextHandler.java:doStop(1153)) - Stopped o.e.j.s.ServletContextHandler@3c8fdf2f{static,/static,file:///home/runner/work/ozone/ozone/hadoop-ozone/integration-test/target/test-classes/webapps/static,STOPPED}
2022-06-21 13:54:40,639 [Listener at 127.0.0.1/34499] INFO  handler.ContextHandler (ContextHandler.java:doStop(1153)) - Stopped o.e.j.s.ServletContextHandler@2a8dfdf7{logs,/logs,file:///home/runner/work/ozone/ozone/hadoop-ozone/integration-test/target/log,STOPPED}
2022-06-21 13:54:40,662 [Listener at 127.0.0.1/34499] INFO  server.StorageContainerManager (StorageContainerManager.java:stop(1565)) - Stopping Block Manager Service.
2022-06-21 13:54:40,663 [Listener at 127.0.0.1/34499] INFO  utils.BackgroundService (BackgroundService.java:shutdown(132)) - Shutting down service SCMBlockDeletingService
2022-06-21 13:54:40,663 [Listener at 127.0.0.1/34499] INFO  utils.BackgroundService (BackgroundService.java:shutdown(132)) - Shutting down service SCMBlockDeletingService
2022-06-21 13:54:40,663 [Listener at 127.0.0.1/34499] INFO  server.StorageContainerManager (StorageContainerManager.java:stop(1592)) - Stopping SCM Event Queue.
2022-06-21 13:54:40,664 [Listener at 127.0.0.1/34499] INFO  server.StorageContainerManager (StorageContainerManager.java:stop(1603)) - Stopping SCM HA services.
2022-06-21 13:54:40,664 [Listener at 127.0.0.1/34499] INFO  pipeline.BackgroundPipelineCreator (BackgroundPipelineCreator.java:stop(150)) - Stopping RatisPipelineUtilsThread.
2022-06-21 13:54:40,665 [RatisPipelineUtilsThread - 0] WARN  pipeline.BackgroundPipelineCreator (BackgroundPipelineCreator.java:run(177)) - RatisPipelineUtilsThread is interrupted.
2022-06-21 13:54:40,665 [Listener at 127.0.0.1/34499] INFO  BackgroundPipelineScrubber (BackgroundSCMService.java:stop(126)) - Stopping BackgroundPipelineScrubber Service.
2022-06-21 13:54:40,665 [Listener at 127.0.0.1/34499] INFO  server.StorageContainerManager (StorageContainerManager.java:stop(1613)) - Stopping SCM MetadataStore.
2022-06-21 13:54:40,665 [BackgroundPipelineScrubberThread] WARN  BackgroundPipelineScrubber (BackgroundSCMService.java:run(110)) - BackgroundPipelineScrubber is interrupted, exit
2022-06-21 13:54:40,666 [Listener at 127.0.0.1/34499] INFO  impl.MetricsSystemImpl (MetricsSystemImpl.java:stop(210)) - Stopping HddsDatanode metrics system...
2022-06-21 13:54:40,704 [prometheus] INFO  impl.MetricsSinkAdapter (MetricsSinkAdapter.java:publishMetricsFromQueue(141)) - prometheus thread interrupted.
2022-06-21 13:54:40,704 [Listener at 127.0.0.1/34499] INFO  impl.MetricsSystemImpl (MetricsSystemImpl.java:stop(216)) - HddsDatanode metrics system stopped.
2022-06-21 13:54:40,867 [Listener at 127.0.0.1/34499] WARN  server.ServerUtils (ServerUtils.java:getScmDbDir(148)) - ozone.scm.db.dirs is not configured. We recommend adding this setting. Falling back to ozone.metadata.dirs instead.
2022-06-21 13:54:40,898 [Listener at 127.0.0.1/34499] WARN  server.ServerUtils (ServerUtils.java:getScmDbDir(148)) - ozone.scm.db.dirs is not configured. We recommend adding this setting. Falling back to ozone.metadata.dirs instead.
2022-06-21 13:54:40,898 [Listener at 127.0.0.1/34499] INFO  ha.SCMHANodeDetails (SCMHANodeDetails.java:loadSCMHAConfig(209)) - ServiceID for StorageContainerManager is null
2022-06-21 13:54:40,898 [Listener at 127.0.0.1/34499] INFO  ha.SCMHANodeDetails (SCMHANodeDetails.java:loadSCMHAConfig(214)) - ozone.scm.default.service.id is not defined, falling back to ozone.scm.service.ids to find serviceID for StorageContainerManager if it is HA enabled cluster
2022-06-21 13:54:40,899 [Listener at 127.0.0.1/34499] WARN  utils.HAUtils (HAUtils.java:getMetaDir(342)) - ozone.scm.db.dirs is not configured. We recommend adding this setting. Falling back to ozone.metadata.dirs instead.
2022-06-21 13:54:40,899 [Listener at 127.0.0.1/34499] WARN  db.DBStoreBuilder (DBStoreBuilder.java:applyDBDefinition(145)) - ozone.scm.db.dirs is not configured. We recommend adding this setting. Falling back to ozone.metadata.dirs instead.
2022-06-21 13:54:41,191 [Listener at 127.0.0.1/34499] INFO  net.NodeSchemaLoader (NodeSchemaLoader.java:loadSchemaFromFile(129)) - Loading schema from [jar:file:/home/runner/.m2/repository/org/apache/ozone/hdds-common/1.3.0-SNAPSHOT/hdds-common-1.3.0-SNAPSHOT.jar!/network-topology-default.xml]
2022-06-21 13:54:41,191 [Listener at 127.0.0.1/34499] INFO  net.NodeSchemaLoader (NodeSchemaLoader.java:loadSchema(176)) - Loading network topology layer schema file
2022-06-21 13:54:41,213 [Listener at 127.0.0.1/34499] INFO  upgrade.AbstractLayoutVersionManager (AbstractLayoutVersionManager.java:init(82)) - Initializing Layout version manager with metadata layout = DATANODE_SCHEMA_V3 (version = 4), software layout = DATANODE_SCHEMA_V3 (version = 4)
2022-06-21 13:54:41,342 [Listener at 127.0.0.1/34499] INFO  reflections.Reflections (Reflections.java:scan(232)) - Reflections took 128 ms to scan 7 urls, producing 131 keys and 315 values 
2022-06-21 13:54:41,344 [Listener at 127.0.0.1/34499] INFO  ha.SequenceIdGenerator (SequenceIdGenerator.java:upgradeToSequenceId(347)) - upgrade localId to 109611004723200000
2022-06-21 13:54:41,344 [Listener at 127.0.0.1/34499] INFO  ha.SequenceIdGenerator (SequenceIdGenerator.java:upgradeToSequenceId(357)) - upgrade delTxnId to 0
2022-06-21 13:54:41,344 [Listener at 127.0.0.1/34499] INFO  ha.SequenceIdGenerator (SequenceIdGenerator.java:upgradeToSequenceId(374)) - upgrade containerId to 0
2022-06-21 13:54:41,344 [Listener at 127.0.0.1/34499] INFO  ha.SequenceIdGenerator (SequenceIdGenerator.java:<init>(218)) - Init the HA SequenceIdGenerator.
2022-06-21 13:54:41,345 [Listener at 127.0.0.1/34499] WARN  server.ServerUtils (ServerUtils.java:sanitizeUserArgs(73)) - ozone.scm.stale.node.interval value = 300000 is larger than max = 100000 based on the key value of ozone.scm.heartbeat.thread.interval, reset to the max value 100000.
2022-06-21 13:54:41,345 [Listener at 127.0.0.1/34499] WARN  server.ServerUtils (ServerUtils.java:sanitizeUserArgs(73)) - ozone.scm.stale.node.interval value = 300000 is larger than max = 100000 based on the key value of ozone.scm.heartbeat.thread.interval, reset to the max value 100000.
2022-06-21 13:54:41,383 [Listener at 127.0.0.1/34499] INFO  node.SCMNodeManager (SCMNodeManager.java:<init>(149)) - Entering startup safe mode.
2022-06-21 13:54:41,384 [Listener at 127.0.0.1/34499] INFO  algorithms.ContainerPlacementPolicyFactory (ContainerPlacementPolicyFactory.java:getPolicyInternal(86)) - Create container placement policy of type org.apache.hadoop.hdds.scm.container.placement.algorithms.SCMContainerPlacementRandom
2022-06-21 13:54:41,384 [Listener at 127.0.0.1/34499] INFO  pipeline.PipelineStateManagerImpl (PipelineStateManagerImpl.java:initialize(78)) - No pipeline exists in current db
2022-06-21 13:54:41,384 [Listener at 127.0.0.1/34499] INFO  algorithms.LeaderChoosePolicyFactory (LeaderChoosePolicyFactory.java:getPolicy(57)) - Create leader choose policy of type org.apache.hadoop.hdds.scm.pipeline.leader.choose.algorithms.MinLeaderCountChoosePolicy
2022-06-21 13:54:41,384 [Listener at 127.0.0.1/34499] INFO  algorithms.ContainerPlacementPolicyFactory (ContainerPlacementPolicyFactory.java:getPolicyInternal(86)) - Create container placement policy of type org.apache.hadoop.hdds.scm.container.placement.algorithms.SCMContainerPlacementRackScatter
2022-06-21 13:54:41,384 [Listener at 127.0.0.1/34499] INFO  pipeline.BackgroundPipelineCreator (BackgroundPipelineCreator.java:start(125)) - Starting RatisPipelineUtilsThread.
2022-06-21 13:54:41,390 [Listener at 127.0.0.1/34499] INFO  BackgroundPipelineScrubber (BackgroundSCMService.java:start(68)) - Starting BackgroundPipelineScrubber Service.
2022-06-21 13:54:41,396 [Listener at 127.0.0.1/34499] INFO  ha.SCMServiceManager (SCMServiceManager.java:register(42)) - Registering service BackgroundPipelineCreator.
2022-06-21 13:54:41,396 [Listener at 127.0.0.1/34499] INFO  ha.SCMServiceManager (SCMServiceManager.java:register(42)) - Registering service BackgroundPipelineScrubber.
2022-06-21 13:54:41,396 [Listener at 127.0.0.1/34499] INFO  ExpiredContainerReplicaOpScrubber (BackgroundSCMService.java:start(68)) - Starting ExpiredContainerReplicaOpScrubber Service.
2022-06-21 13:54:41,403 [Listener at 127.0.0.1/34499] INFO  ha.SCMServiceManager (SCMServiceManager.java:register(42)) - Registering service ExpiredContainerReplicaOpScrubber.
2022-06-21 13:54:41,403 [Listener at 127.0.0.1/34499] INFO  algorithms.PipelineChoosePolicyFactory (PipelineChoosePolicyFactory.java:createPipelineChoosePolicyFromClass(73)) - Create pipeline choose policy of type org.apache.hadoop.hdds.scm.pipeline.choose.algorithms.RandomPipelineChoosePolicy
2022-06-21 13:54:41,404 [Listener at 127.0.0.1/34499] INFO  ha.SCMServiceManager (SCMServiceManager.java:register(42)) - Registering service SCMBlockDeletingService.
2022-06-21 13:54:41,404 [Listener at 127.0.0.1/34499] INFO  ha.SCMServiceManager (SCMServiceManager.java:register(42)) - Registering service ReplicationManager.
2022-06-21 13:54:41,404 [Listener at 127.0.0.1/34499] INFO  replication.ReplicationManager (ReplicationManager.java:start(179)) - Starting Replication Monitor Thread.
2022-06-21 13:54:41,405 [Listener at 127.0.0.1/34499] INFO  safemode.ContainerSafeModeRule (ContainerSafeModeRule.java:<init>(89)) - containers with one replica threshold count 0
2022-06-21 13:54:41,405 [Listener at 127.0.0.1/34499] INFO  safemode.HealthyPipelineSafeModeRule (HealthyPipelineSafeModeRule.java:initializeRule(156)) - Total pipeline count is 0, healthy pipeline threshold count is 1
2022-06-21 13:54:41,405 [Listener at 127.0.0.1/34499] INFO  safemode.OneReplicaPipelineSafeModeRule (OneReplicaPipelineSafeModeRule.java:initializeRule(180)) - Total pipeline count is 0, pipeline's with at least one datanode reported threshold count is 0
2022-06-21 13:54:41,406 [Listener at 127.0.0.1/34499] INFO  ipc.CallQueueManager (CallQueueManager.java:<init>(90)) - Using callQueue: class java.util.concurrent.LinkedBlockingQueue, queueCapacity: 2000, scheduler: class org.apache.hadoop.ipc.DefaultRpcScheduler, ipcBackoff: false.
2022-06-21 13:54:41,406 [Socket Reader #1 for port 0] INFO  ipc.Server (Server.java:run(1265)) - Starting Socket Reader #1 for port 0
2022-06-21 13:54:41,407 [Listener at 0.0.0.0/33447] INFO  ipc.CallQueueManager (CallQueueManager.java:<init>(90)) - Using callQueue: class java.util.concurrent.LinkedBlockingQueue, queueCapacity: 2000, scheduler: class org.apache.hadoop.ipc.DefaultRpcScheduler, ipcBackoff: false.
2022-06-21 13:54:41,408 [Socket Reader #1 for port 0] INFO  ipc.Server (Server.java:run(1265)) - Starting Socket Reader #1 for port 0
2022-06-21 13:54:41,408 [Listener at 0.0.0.0/43453] INFO  ipc.CallQueueManager (CallQueueManager.java:<init>(90)) - Using callQueue: class java.util.concurrent.LinkedBlockingQueue, queueCapacity: 2000, scheduler: class org.apache.hadoop.ipc.DefaultRpcScheduler, ipcBackoff: false.
2022-06-21 13:54:41,409 [Socket Reader #1 for port 0] INFO  ipc.Server (Server.java:run(1265)) - Starting Socket Reader #1 for port 0
2022-06-21 13:54:41,422 [ReplicationMonitor] INFO  replication.ReplicationManager (ReplicationManager.java:processAll(228)) - Replication Manager is not ready to run until 3000ms after safemode exit
2022-06-21 13:54:41,475 [Listener at 0.0.0.0/45139] INFO  ha.SCMServiceManager (SCMServiceManager.java:register(42)) - Registering service ContainerBalancer.
2022-06-21 13:54:41,475 [Listener at 0.0.0.0/45139] INFO  server.StorageContainerManager (StorageContainerManager.java:<init>(399)) - 
Container Balancer status:
Key                            Value
Running                        false
Container Balancer Configuration values:
Key                                                Value
Threshold                                          10
Max Datanodes to Involve per Iteration(percent)    20
Max Size to Move per Iteration                     500GB
Max Size Entering Target per Iteration             26GB
Max Size Leaving Source per Iteration              26GB

2022-06-21 13:54:41,475 [Listener at 0.0.0.0/45139] WARN  events.EventQueue (EventQueue.java:fireEvent(194)) - No event handler registered for event TypedEvent{payloadType=SafeModeStatus, name='Safe mode status'}
2022-06-21 13:54:41,475 [Listener at 0.0.0.0/45139] INFO  ha.SCMContext (SCMContext.java:updateSafeModeStatus(228)) - Update SafeModeStatus from SafeModeStatus{safeModeStatus=true, preCheckPassed=false} to SafeModeStatus{safeModeStatus=true, preCheckPassed=false}.
2022-06-21 13:54:41,476 [Listener at 0.0.0.0/45139] INFO  server.StorageContainerManager (StorageContainerManager.java:start(1412)) - StorageContainerLocationProtocol RPC server is listening at /0.0.0.0:45139
2022-06-21 13:54:41,477 [Listener at 0.0.0.0/45139] WARN  impl.MetricsConfig (MetricsConfig.java:loadFirst(136)) - Cannot locate configuration: tried hadoop-metrics2-storagecontainermanager.properties,hadoop-metrics2.properties
2022-06-21 13:54:41,486 [Listener at 0.0.0.0/45139] INFO  impl.MetricsSystemImpl (MetricsSystemImpl.java:startTimer(378)) - Scheduled Metric snapshot period at 10 second(s).
2022-06-21 13:54:41,487 [Listener at 0.0.0.0/45139] INFO  impl.MetricsSystemImpl (MetricsSystemImpl.java:start(191)) - StorageContainerManager metrics system started
2022-06-21 13:54:41,606 [Listener at 0.0.0.0/45139] INFO  impl.MetricsSinkAdapter (MetricsSinkAdapter.java:start(204)) - Sink prometheus started
2022-06-21 13:54:41,606 [Listener at 0.0.0.0/45139] INFO  impl.MetricsSystemImpl (MetricsSystemImpl.java:registerSink(305)) - Registered sink prometheus
2022-06-21 13:54:41,624 [Listener at 0.0.0.0/45139] INFO  server.SCMClientProtocolServer (SCMClientProtocolServer.java:start(169)) - RPC server for Client  is listening at /0.0.0.0:45139
2022-06-21 13:54:41,625 [IPC Server Responder] INFO  ipc.Server (Server.java:run(1507)) - IPC Server Responder: starting
2022-06-21 13:54:41,626 [Listener at 0.0.0.0/45139] INFO  server.StorageContainerManager (StorageContainerManager.java:start(1427)) - ScmBlockLocationProtocol RPC server is listening at /0.0.0.0:43453
2022-06-21 13:54:41,625 [IPC Server listener on 0] INFO  ipc.Server (Server.java:run(1344)) - IPC Server listener on 0: starting
2022-06-21 13:54:41,631 [Listener at 0.0.0.0/45139] INFO  server.SCMBlockProtocolServer (SCMBlockProtocolServer.java:start(151)) - RPC server for Block Protocol is listening at /0.0.0.0:43453
2022-06-21 13:54:41,631 [IPC Server Responder] INFO  ipc.Server (Server.java:run(1507)) - IPC Server Responder: starting
2022-06-21 13:54:41,632 [IPC Server listener on 0] INFO  ipc.Server (Server.java:run(1344)) - IPC Server listener on 0: starting
2022-06-21 13:54:41,633 [Listener at 0.0.0.0/45139] INFO  server.SCMDatanodeProtocolServer (SCMDatanodeProtocolServer.java:start(183)) - ScmDatanodeProtocol RPC server for DataNodes is listening at /0.0.0.0:33447
2022-06-21 13:54:41,633 [IPC Server Responder] INFO  ipc.Server (Server.java:run(1507)) - IPC Server Responder: starting
2022-06-21 13:54:41,634 [IPC Server listener on 0] INFO  ipc.Server (Server.java:run(1344)) - IPC Server listener on 0: starting
2022-06-21 13:54:41,650 [Listener at 0.0.0.0/45139] INFO  http.BaseHttpServer (BaseHttpServer.java:newHttpServer2BuilderForOzone(209)) - Starting Web-server for scm at: http://0.0.0.0:0
2022-06-21 13:54:41,651 [Listener at 0.0.0.0/45139] INFO  http.BaseHttpServer (BaseHttpServer.java:<init>(107)) - Hadoop Security Enabled: false Ozone Security Enabled: false Ozone HTTP Security Enabled: false 
2022-06-21 13:54:41,652 [Listener at 0.0.0.0/45139] INFO  server.AuthenticationFilter (AuthenticationFilter.java:constructSecretProvider(240)) - Unable to initialize FileSignerSecretProvider, falling back to use random secrets.
2022-06-21 13:54:41,670 [Listener at 0.0.0.0/45139] WARN  http.HttpRequestLog (HttpRequestLog.java:getRequestLog(103)) - Jetty request log can only be enabled using Log4j
2022-06-21 13:54:41,672 [Listener at 0.0.0.0/45139] INFO  http.HttpServer2 (HttpServer2.java:addGlobalFilter(1029)) - Added global filter 'safety' (class=org.apache.hadoop.hdds.server.http.HttpServer2$QuotingInputFilter)
2022-06-21 13:54:41,672 [Listener at 0.0.0.0/45139] INFO  http.HttpServer2 (HttpServer2.java:addFilter(1005)) - Added filter static_user_filter (class=org.apache.hadoop.http.lib.StaticUserWebFilter$StaticUserFilter) to context scm
2022-06-21 13:54:41,672 [Listener at 0.0.0.0/45139] INFO  http.HttpServer2 (HttpServer2.java:addFilter(1013)) - Added filter static_user_filter (class=org.apache.hadoop.http.lib.StaticUserWebFilter$StaticUserFilter) to context static
2022-06-21 13:54:41,673 [Listener at 0.0.0.0/45139] INFO  http.HttpServer2 (HttpServer2.java:addFilter(1013)) - Added filter static_user_filter (class=org.apache.hadoop.http.lib.StaticUserWebFilter$StaticUserFilter) to context logs
2022-06-21 13:54:41,673 [Listener at 0.0.0.0/45139] INFO  http.HttpServer2 (HttpServer2.java:bindListener(1248)) - Jetty bound to port 37593
2022-06-21 13:54:41,673 [Listener at 0.0.0.0/45139] INFO  server.Server (Server.java:doStart(375)) - jetty-9.4.43.v20210629; built: 2021-06-30T11:07:22.254Z; git: 526006ecfa3af7f1a27ef3a288e2bef7ea9dd7e8; jvm 1.8.0_332-b09
2022-06-21 13:54:41,715 [Listener at 0.0.0.0/45139] INFO  server.session (DefaultSessionIdManager.java:doStart(334)) - DefaultSessionIdManager workerName=node0
2022-06-21 13:54:41,715 [Listener at 0.0.0.0/45139] INFO  server.session (DefaultSessionIdManager.java:doStart(339)) - No SessionScavenger set, using defaults
2022-06-21 13:54:41,716 [Listener at 0.0.0.0/45139] INFO  server.session (HouseKeeper.java:startScavenging(132)) - node0 Scavenging every 660000ms
2022-06-21 13:54:41,716 [Listener at 0.0.0.0/45139] INFO  handler.ContextHandler (ContextHandler.java:doStart(915)) - Started o.e.j.s.ServletContextHandler@9831fa9{logs,/logs,file:///home/runner/work/ozone/ozone/hadoop-ozone/integration-test/target/log,AVAILABLE}
2022-06-21 13:54:41,717 [Listener at 0.0.0.0/45139] INFO  handler.ContextHandler (ContextHandler.java:doStart(915)) - Started o.e.j.s.ServletContextHandler@7627ad43{static,/static,file:///home/runner/work/ozone/ozone/hadoop-ozone/integration-test/target/test-classes/webapps/static,AVAILABLE}
2022-06-21 13:54:41,718 [org.apache.hadoop.util.JvmPauseMonitor$Monitor@3198594d] INFO  util.JvmPauseMonitor (JvmPauseMonitor.java:run(188)) - Starting JVM pause monitor
2022-06-21 13:54:41,752 [Listener at 0.0.0.0/45139] INFO  handler.ContextHandler (ContextHandler.java:doStart(915)) - Started o.e.j.w.WebAppContext@8a4f94f{scm,/,file:///home/runner/work/ozone/ozone/hadoop-ozone/integration-test/target/test-classes/webapps/scm/,AVAILABLE}{file:/home/runner/work/ozone/ozone/hadoop-ozone/integration-test/target/test-classes/webapps/scm}
2022-06-21 13:54:41,759 [Listener at 0.0.0.0/45139] INFO  server.AbstractConnector (AbstractConnector.java:doStart(331)) - Started ServerConnector@785bb7e9{HTTP/1.1, (http/1.1)}{0.0.0.0:37593}
2022-06-21 13:54:41,760 [Listener at 0.0.0.0/45139] INFO  server.Server (Server.java:doStart(415)) - Started @137753ms
2022-06-21 13:54:41,760 [Listener at 0.0.0.0/45139] WARN  impl.MetricsSystemImpl (MetricsSystemImpl.java:register(279)) - Sink prometheus already exists!
2022-06-21 13:54:41,760 [Listener at 0.0.0.0/45139] INFO  http.BaseHttpServer (BaseHttpServer.java:updateConnectorAddress(329)) - HTTP server of scm listening at http://0.0.0.0:37593
2022-06-21 13:54:41,760 [Listener at 0.0.0.0/45139] WARN  server.ServerUtils (ServerUtils.java:getDBPath(225)) - ozone.om.db.dirs is not configured. We recommend adding this setting. Falling back to ozone.metadata.dirs instead.
2022-06-21 13:54:41,764 [Listener at 0.0.0.0/45139] INFO  ha.OMHANodeDetails (OMHANodeDetails.java:loadOMHAConfig(115)) - ozone.om.internal.service.id is not defined, falling back to ozone.om.service.ids to find serviceID for OzoneManager if it is HA enabled cluster
2022-06-21 13:54:41,764 [Listener at 0.0.0.0/45139] INFO  ha.OMHANodeDetails (OMHANodeDetails.java:loadOMHAConfig(226)) - Configuration does not have ozone.om.address set. Falling back to the default OM address /127.0.0.1:0
2022-06-21 13:54:41,764 [Listener at 0.0.0.0/45139] INFO  ha.OMHANodeDetails (OMHANodeDetails.java:getOMNodeDetailsForNonHA(254)) - OM Service ID is not set. Setting it to the default ID: omServiceIdDefault
2022-06-21 13:54:41,764 [Listener at 0.0.0.0/45139] INFO  ha.OMHANodeDetails (OMHANodeDetails.java:getOMNodeDetailsForNonHA(261)) - OM Node ID is not set. Setting it to the default ID: om1
2022-06-21 13:54:41,764 [Listener at 0.0.0.0/45139] WARN  server.ServerUtils (ServerUtils.java:getDBPath(225)) - ozone.om.db.dirs is not configured. We recommend adding this setting. Falling back to ozone.metadata.dirs instead.
2022-06-21 13:54:41,765 [Listener at 0.0.0.0/45139] INFO  upgrade.AbstractLayoutVersionManager (AbstractLayoutVersionManager.java:init(82)) - Initializing Layout version manager with metadata layout = MULTITENANCY_SCHEMA (version = 3), software layout = MULTITENANCY_SCHEMA (version = 3)
2022-06-21 13:54:42,054 [Listener at 0.0.0.0/45139] INFO  reflections.Reflections (Reflections.java:scan(232)) - Reflections took 289 ms to scan 2 urls, producing 153 keys and 431 values [using 2 cores]
2022-06-21 13:54:42,055 [Listener at 0.0.0.0/45139] INFO  upgrade.OMLayoutVersionManager (OMLayoutVersionManager.java:lambda$0(115)) - Skipping Upgrade Action MockOmUpgradeAction since it has been finalized.
2022-06-21 13:54:42,055 [Listener at 0.0.0.0/45139] WARN  server.ServerUtils (ServerUtils.java:getDBPath(225)) - ozone.om.db.dirs is not configured. We recommend adding this setting. Falling back to ozone.metadata.dirs instead.
2022-06-21 13:54:42,056 [Listener at 0.0.0.0/45139] INFO  proxy.SCMBlockLocationFailoverProxyProvider (SCMBlockLocationFailoverProxyProvider.java:<init>(114)) - Created block location fail-over proxy with 1 nodes: [nodeId=scmNodeId,nodeAddress=/0.0.0.0:43453]
2022-06-21 13:54:42,057 [Listener at 0.0.0.0/45139] INFO  proxy.SCMBlockLocationFailoverProxyProvider (SCMBlockLocationFailoverProxyProvider.java:<init>(114)) - Created block location fail-over proxy with 1 nodes: [nodeId=scmNodeId,nodeAddress=/0.0.0.0:43453]
2022-06-21 13:54:42,122 [Listener at 0.0.0.0/45139] WARN  server.ServerUtils (ServerUtils.java:getDBPath(225)) - ozone.om.db.dirs is not configured. We recommend adding this setting. Falling back to ozone.metadata.dirs instead.
2022-06-21 13:54:42,123 [Listener at 0.0.0.0/45139] INFO  codec.OmKeyInfoCodec (OmKeyInfoCodec.java:<init>(49)) - OmKeyInfoCodec ignorePipeline = true
2022-06-21 13:54:42,123 [Listener at 0.0.0.0/45139] INFO  codec.RepeatedOmKeyInfoCodec (RepeatedOmKeyInfoCodec.java:<init>(41)) - RepeatedOmKeyInfoCodec ignorePipeline = true
2022-06-21 13:54:42,604 [Listener at 0.0.0.0/45139] INFO  om.OzoneManager (OzoneManager.java:instantiateServices(692)) - S3 Multi-Tenancy is disabled
2022-06-21 13:54:42,605 [Listener at 0.0.0.0/45139] INFO  om.OzoneManager (OzoneManager.java:addS3GVolumeToDB(4259)) - Created Volume s3v With Owner runner required for S3Gateway operations.
2022-06-21 13:54:42,605 [Listener at 0.0.0.0/45139] WARN  server.ServerUtils (ServerUtils.java:getDefaultRatisDirectory(237)) - Storage directory for Ratis is not configured. It is a good idea to map this to an SSD disk. Falling back to ozone.metadata.dirs
2022-06-21 13:54:42,605 [Listener at 0.0.0.0/45139] WARN  utils.OzoneManagerRatisUtils (OzoneManagerRatisUtils.java:getOMRatisSnapshotDirectory(431)) - ozone.om.ratis.snapshot.dir is not configured. Falling back to ozone.metadata.dirs config
2022-06-21 13:54:42,605 [Listener at 0.0.0.0/45139] WARN  server.ServerUtils (ServerUtils.java:getDefaultRatisDirectory(237)) - Storage directory for Ratis is not configured. It is a good idea to map this to an SSD disk. Falling back to ozone.metadata.dirs
2022-06-21 13:54:42,607 [Listener at 0.0.0.0/45139] INFO  ratis.OzoneManagerRatisServer (OzoneManagerRatisServer.java:<init>(159)) - Instantiating OM Ratis server with groupID: omServiceIdDefault and peers: localhost:9872
2022-06-21 13:54:42,607 [Listener at 0.0.0.0/45139] INFO  ratis.OzoneManagerStateMachine (OzoneManagerStateMachine.java:loadSnapshotInfoFromDB(632)) - LastAppliedIndex is set from TransactionInfo from OM DB as (t:0, i:~)
2022-06-21 13:54:42,615 [Listener at 0.0.0.0/45139] INFO  server.RaftServer (ConfUtils.java:logGet(46)) - raft.rpc.type = GRPC (default)
2022-06-21 13:54:42,615 [Listener at 0.0.0.0/45139] INFO  grpc.GrpcFactory (GrpcFactory.java:checkPooledByteBufAllocatorUseCacheForAllThreads(48)) - PERFORMANCE WARNING: useCacheForAllThreads is true that may cause Netty to create a lot garbage objects and, as a result, trigger GC.
	It is recommended to disable useCacheForAllThreads by setting -Dorg.apache.ratis.thirdparty.io.netty.allocator.useCacheForAllThreads=false in command line.
2022-06-21 13:54:42,615 [Listener at 0.0.0.0/45139] INFO  grpc.GrpcConfigKeys (ConfUtils.java:logGet(46)) - raft.grpc.admin.port = -1 (default)
2022-06-21 13:54:42,615 [Listener at 0.0.0.0/45139] INFO  grpc.GrpcConfigKeys (ConfUtils.java:logGet(46)) - raft.grpc.server.port = 9872 (custom)
2022-06-21 13:54:42,615 [Listener at 0.0.0.0/45139] INFO  grpc.GrpcConfigKeys (ConfUtils.java:logGet(46)) - raft.grpc.client.port = -1 (default)
2022-06-21 13:54:42,615 [Listener at 0.0.0.0/45139] INFO  grpc.GrpcConfigKeys (ConfUtils.java:logGet(46)) - raft.grpc.server.port = 9872 (custom)
2022-06-21 13:54:42,615 [Listener at 0.0.0.0/45139] INFO  grpc.GrpcConfigKeys (ConfUtils.java:logGet(46)) - raft.grpc.server.port = 9872 (custom)
2022-06-21 13:54:42,615 [Listener at 0.0.0.0/45139] INFO  server.GrpcService (ConfUtils.java:logGet(46)) - raft.grpc.message.size.max = 33554432 (custom)
2022-06-21 13:54:42,615 [Listener at 0.0.0.0/45139] INFO  server.RaftServerConfigKeys (ConfUtils.java:logGet(46)) - raft.server.log.appender.buffer.byte-limit = 33554432 (custom)
2022-06-21 13:54:42,615 [Listener at 0.0.0.0/45139] INFO  server.GrpcService (ConfUtils.java:logGet(46)) - raft.grpc.flow.control.window = 1MB (=1048576) (default)
2022-06-21 13:54:42,615 [Listener at 0.0.0.0/45139] INFO  server.RaftServerConfigKeys (ConfUtils.java:logGet(46)) - raft.server.rpc.request.timeout = 3000ms (default)
2022-06-21 13:54:42,616 [Listener at 0.0.0.0/45139] INFO  grpc.GrpcConfigKeys (ConfUtils.java:logGet(46)) - raft.grpc.server.async.request.thread.pool.cached = true (default)
2022-06-21 13:54:42,616 [Listener at 0.0.0.0/45139] INFO  grpc.GrpcConfigKeys (ConfUtils.java:logGet(46)) - raft.grpc.server.async.request.thread.pool.size = 32 (default)
2022-06-21 13:54:42,617 [Listener at 0.0.0.0/45139] INFO  impl.DataStreamServerImpl (ConfUtils.java:logGet(46)) - raft.datastream.type = DISABLED (default)
2022-06-21 13:54:42,617 [Listener at 0.0.0.0/45139] INFO  server.RaftServerConfigKeys (ConfUtils.java:logGet(46)) - raft.server.threadpool.proxy.cached = true (default)
2022-06-21 13:54:42,617 [Listener at 0.0.0.0/45139] INFO  server.RaftServerConfigKeys (ConfUtils.java:logGet(46)) - raft.server.threadpool.proxy.size = 0 (default)
2022-06-21 13:54:42,617 [Listener at 0.0.0.0/45139] INFO  server.RaftServerConfigKeys (ConfUtils.java:logGet(46)) - raft.server.rpc.slowness.timeout = 120s (custom)
2022-06-21 13:54:42,618 [Listener at 0.0.0.0/45139] INFO  server.RaftServerConfigKeys (ConfUtils.java:logGet(46)) - raft.server.leaderelection.leader.step-down.wait-time = 10s (default)
2022-06-21 13:54:42,618 [Listener at 0.0.0.0/45139] INFO  server.RaftServerConfigKeys (ConfUtils.java:logGet(46)) - raft.server.storage.dir = [/home/runner/work/ozone/ozone/hadoop-ozone/integration-test/target/test-dir/MiniOzoneClusterImpl-3f841ece-6686-4b0e-b99d-a05159fb56b1/ozone-meta/ratis] (custom)
2022-06-21 13:54:42,618 [Listener at 0.0.0.0/45139] INFO  server.RaftServer (RaftServerProxy.java:addNew(96)) - om1: addNew group-C5BA1605619E:[om1|rpc:localhost:9872|priority:0] returns group-C5BA1605619E:java.util.concurrent.CompletableFuture@3a065808[Not completed]
2022-06-21 13:54:42,619 [Listener at 0.0.0.0/45139] INFO  om.OzoneManager (OzoneManager.java:initializeRatisServer(1961)) - OzoneManager Ratis server initialized at port 9872
2022-06-21 13:54:42,619 [Listener at 0.0.0.0/45139] INFO  om.OzoneManager (OzoneManager.java:getRpcServer(1081)) - Creating RPC Server
2022-06-21 13:54:42,620 [pool-528-thread-1] INFO  server.RaftServer$Division (RaftServerImpl.java:<init>(190)) - om1: new RaftServerImpl for group-C5BA1605619E:[om1|rpc:localhost:9872|priority:0] with OzoneManagerStateMachine:uninitialized
2022-06-21 13:54:42,620 [pool-528-thread-1] INFO  server.RaftServerConfigKeys (ConfUtils.java:logGet(46)) - raft.server.rpc.timeout.min = 1s (custom)
2022-06-21 13:54:42,621 [pool-528-thread-1] INFO  server.RaftServerConfigKeys (ConfUtils.java:logGet(46)) - raft.server.rpc.timeout.max = 1200ms (custom)
2022-06-21 13:54:42,621 [pool-528-thread-1] INFO  server.RaftServerConfigKeys (ConfUtils.java:logGet(46)) - raft.server.rpc.sleep.time = 25ms (default)
2022-06-21 13:54:42,621 [pool-528-thread-1] INFO  server.RaftServerConfigKeys (ConfUtils.java:logGet(46)) - raft.server.rpc.slowness.timeout = 120s (custom)
2022-06-21 13:54:42,621 [pool-528-thread-1] INFO  server.RaftServerConfigKeys (ConfUtils.java:logGet(46)) - raft.server.leaderelection.leader.step-down.wait-time = 10s (default)
2022-06-21 13:54:42,621 [pool-528-thread-1] INFO  server.RaftServerConfigKeys (ConfUtils.java:logGet(46)) - raft.server.sleep.deviation.threshold = 300ms (default)
2022-06-21 13:54:42,621 [pool-528-thread-1] INFO  server.RaftServer$Division (ServerState.java:<init>(107)) - om1@group-C5BA1605619E: ConfigurationManager, init=-1: [om1|rpc:localhost:9872|priority:0], old=null, confs=<EMPTY_MAP>
2022-06-21 13:54:42,621 [pool-528-thread-1] INFO  server.RaftServerConfigKeys (ConfUtils.java:logGet(46)) - raft.server.storage.dir = [/home/runner/work/ozone/ozone/hadoop-ozone/integration-test/target/test-dir/MiniOzoneClusterImpl-3f841ece-6686-4b0e-b99d-a05159fb56b1/ozone-meta/ratis] (custom)
2022-06-21 13:54:42,621 [pool-528-thread-1] INFO  server.RaftServerConfigKeys (ConfUtils.java:logGet(46)) - raft.server.log.corruption.policy = EXCEPTION (default)
2022-06-21 13:54:42,621 [pool-528-thread-1] INFO  server.RaftServerConfigKeys (ConfUtils.java:logGet(46)) - raft.server.storage.free-space.min = 0MB (=0) (default)
2022-06-21 13:54:42,621 [pool-528-thread-1] INFO  storage.RaftStorageDirectory (RaftStorageDirectoryImpl.java:analyzeStorage(135)) - The storage directory /home/runner/work/ozone/ozone/hadoop-ozone/integration-test/target/test-dir/MiniOzoneClusterImpl-3f841ece-6686-4b0e-b99d-a05159fb56b1/ozone-meta/ratis/bf265839-605b-3f16-9796-c5ba1605619e does not exist. Creating ...
2022-06-21 13:54:42,623 [pool-528-thread-1] INFO  storage.RaftStorageDirectory (RaftStorageDirectoryImpl.java:tryLock(230)) - Lock on /home/runner/work/ozone/ozone/hadoop-ozone/integration-test/target/test-dir/MiniOzoneClusterImpl-3f841ece-6686-4b0e-b99d-a05159fb56b1/ozone-meta/ratis/bf265839-605b-3f16-9796-c5ba1605619e/in_use.lock acquired by nodename 17605@fv-az194-567
2022-06-21 13:54:42,625 [pool-528-thread-1] INFO  storage.RaftStorage (RaftStorageImpl.java:format(89)) - Storage directory /home/runner/work/ozone/ozone/hadoop-ozone/integration-test/target/test-dir/MiniOzoneClusterImpl-3f841ece-6686-4b0e-b99d-a05159fb56b1/ozone-meta/ratis/bf265839-605b-3f16-9796-c5ba1605619e has been successfully formatted.
2022-06-21 13:54:42,625 [pool-528-thread-1] INFO  server.RaftServerConfigKeys (ConfUtils.java:logGet(46)) - raft.server.notification.no-leader.timeout = 120s (custom)
2022-06-21 13:54:42,625 [pool-528-thread-1] INFO  server.RaftServerConfigKeys (ConfUtils.java:logGet(46)) - raft.server.log.use.memory = false (default)
2022-06-21 13:54:42,626 [pool-528-thread-1] INFO  server.RaftServerConfigKeys (ConfUtils.java:logGet(46)) - raft.server.log.purge.gap = 1000000 (custom)
2022-06-21 13:54:42,626 [pool-528-thread-1] INFO  server.RaftServerConfigKeys (ConfUtils.java:logGet(46)) - raft.server.log.appender.buffer.byte-limit = 33554432 (custom)
2022-06-21 13:54:42,626 [pool-528-thread-1] INFO  server.RaftServerConfigKeys (ConfUtils.java:logGet(46)) - raft.server.log.statemachine.data.read.timeout = 1000ms (default)
2022-06-21 13:54:42,626 [pool-528-thread-1] INFO  server.RaftServerConfigKeys (ConfUtils.java:logGet(46)) - raft.server.log.segment.size.max = 4194304 (custom)
2022-06-21 13:54:42,626 [pool-528-thread-1] INFO  server.RaftServerConfigKeys (ConfUtils.java:logGet(46)) - raft.server.log.segment.cache.num.max = 2 (custom)
2022-06-21 13:54:42,626 [pool-528-thread-1] INFO  server.RaftServerConfigKeys (ConfUtils.java:logGet(46)) - raft.server.log.segment.cache.size.max = 200MB (=209715200) (default)
2022-06-21 13:54:42,626 [pool-528-thread-1] INFO  segmented.SegmentedRaftLogWorker (SegmentedRaftLogWorker.java:<init>(187)) - new om1@group-C5BA1605619E-SegmentedRaftLogWorker for RaftStorageImpl:Storage Directory /home/runner/work/ozone/ozone/hadoop-ozone/integration-test/target/test-dir/MiniOzoneClusterImpl-3f841ece-6686-4b0e-b99d-a05159fb56b1/ozone-meta/ratis/bf265839-605b-3f16-9796-c5ba1605619e
2022-06-21 13:54:42,626 [pool-528-thread-1] INFO  server.RaftServerConfigKeys (ConfUtils.java:logGet(46)) - raft.server.log.queue.byte-limit = 64MB (=67108864) (default)
2022-06-21 13:54:42,626 [pool-528-thread-1] INFO  server.RaftServerConfigKeys (ConfUtils.java:logGet(46)) - raft.server.log.queue.element-limit = 4096 (default)
2022-06-21 13:54:42,626 [pool-528-thread-1] INFO  server.RaftServerConfigKeys (ConfUtils.java:logGet(46)) - raft.server.log.segment.size.max = 4194304 (custom)
2022-06-21 13:54:42,626 [pool-528-thread-1] INFO  server.RaftServerConfigKeys (ConfUtils.java:logGet(46)) - raft.server.log.preallocated.size = 4194304 (custom)
2022-06-21 13:54:42,627 [pool-528-thread-1] INFO  server.RaftServerConfigKeys (ConfUtils.java:logGet(46)) - raft.server.log.force.sync.num = 128 (default)
2022-06-21 13:54:42,627 [pool-528-thread-1] INFO  server.RaftServerConfigKeys (ConfUtils.java:logGet(46)) - raft.server.log.statemachine.data.sync = true (default)
2022-06-21 13:54:42,627 [pool-528-thread-1] INFO  server.RaftServerConfigKeys (ConfUtils.java:logGet(46)) - raft.server.log.statemachine.data.sync.timeout = 10s (default)
2022-06-21 13:54:42,627 [pool-528-thread-1] INFO  server.RaftServerConfigKeys (ConfUtils.java:logGet(46)) - raft.server.log.statemachine.data.sync.timeout.retry = -1 (default)
2022-06-21 13:54:42,637 [pool-528-thread-1] INFO  server.RaftServerConfigKeys (ConfUtils.java:logGet(46)) - raft.server.log.write.buffer.size = 64KB (=65536) (default)
2022-06-21 13:54:42,637 [pool-528-thread-1] INFO  server.RaftServerConfigKeys (ConfUtils.java:logGet(46)) - raft.server.log.unsafe-flush.enabled = false (default)
2022-06-21 13:54:42,637 [pool-528-thread-1] INFO  server.RaftServerConfigKeys (ConfUtils.java:logGet(46)) - raft.server.log.statemachine.data.caching.enabled = false (default)
2022-06-21 13:54:42,637 [pool-528-thread-1] INFO  segmented.SegmentedRaftLogWorker (SegmentedRaftLogWorker.java:lambda$new$0(135)) - om1@group-C5BA1605619E-SegmentedRaftLogWorker: flushIndex: setUnconditionally 0 -> -1
2022-06-21 13:54:42,637 [pool-528-thread-1] INFO  segmented.SegmentedRaftLogWorker (SegmentedRaftLogWorker.java:lambda$new$0(135)) - om1@group-C5BA1605619E-SegmentedRaftLogWorker: safeCacheEvictIndex: setUnconditionally 0 -> -1
2022-06-21 13:54:42,637 [pool-528-thread-1] INFO  server.RaftServerConfigKeys (ConfUtils.java:logGet(46)) - raft.server.snapshot.auto.trigger.enabled = true (custom)
2022-06-21 13:54:42,637 [pool-528-thread-1] INFO  server.RaftServerConfigKeys (ConfUtils.java:logGet(46)) - raft.server.snapshot.auto.trigger.threshold = 400000 (default)
2022-06-21 13:54:42,637 [pool-528-thread-1] INFO  server.RaftServerConfigKeys (ConfUtils.java:logGet(46)) - raft.server.snapshot.retention.file.num = -1 (default)
2022-06-21 13:54:42,637 [pool-528-thread-1] INFO  server.RaftServerConfigKeys (ConfUtils.java:logGet(46)) - raft.server.log.purge.upto.snapshot.index = true (custom)
2022-06-21 13:54:42,637 [pool-528-thread-1] INFO  server.RaftServerConfigKeys (ConfUtils.java:logGet(46)) - raft.server.retrycache.expirytime = 300s (custom)
2022-06-21 13:54:42,637 [pool-528-thread-1] INFO  server.RaftServerConfigKeys (ConfUtils.java:logGet(46)) - raft.server.retrycache.statistics.expirytime = 100μs (default)
2022-06-21 13:54:42,639 [pool-528-thread-1] INFO  server.RaftServerConfigKeys (ConfUtils.java:logGet(46)) - raft.server.log.appender.install.snapshot.enabled = false (custom)
2022-06-21 13:54:42,639 [pool-528-thread-1] INFO  server.RaftServerConfigKeys (ConfUtils.java:logGet(46)) - raft.server.threadpool.server.cached = true (default)
2022-06-21 13:54:42,639 [pool-528-thread-1] INFO  server.RaftServerConfigKeys (ConfUtils.java:logGet(46)) - raft.server.threadpool.server.size = 0 (default)
2022-06-21 13:54:42,639 [pool-528-thread-1] INFO  server.RaftServerConfigKeys (ConfUtils.java:logGet(46)) - raft.server.threadpool.client.cached = true (default)
2022-06-21 13:54:42,639 [pool-528-thread-1] INFO  server.RaftServerConfigKeys (ConfUtils.java:logGet(46)) - raft.server.threadpool.client.size = 0 (default)
2022-06-21 13:54:43,751 [Listener at 0.0.0.0/45139] INFO  reflections.Reflections (Reflections.java:scan(232)) - Reflections took 1130 ms to scan 19 urls, producing 66 keys and 4061 values [using 2 cores]
2022-06-21 13:54:43,752 [Listener at 0.0.0.0/45139] INFO  ipc.CallQueueManager (CallQueueManager.java:<init>(90)) - Using callQueue: class java.util.concurrent.LinkedBlockingQueue, queueCapacity: 2000, scheduler: class org.apache.hadoop.ipc.DefaultRpcScheduler, ipcBackoff: false.
2022-06-21 13:54:43,760 [Socket Reader #1 for port 0] INFO  ipc.Server (Server.java:run(1265)) - Starting Socket Reader #1 for port 0
2022-06-21 13:54:43,847 [Listener at 127.0.0.1/42759] INFO  impl.MetricsSystemImpl (MetricsSystemImpl.java:init(158)) - OzoneManager metrics system started (again)
2022-06-21 13:54:43,913 [Listener at 127.0.0.1/42759] INFO  om.OzoneManager (OzoneManager.java:start(1465)) - OzoneManager RPC server is listening at localhost/127.0.0.1:42759
2022-06-21 13:54:43,913 [Listener at 127.0.0.1/42759] INFO  ratis.OzoneManagerRatisServer (OzoneManagerRatisServer.java:start(554)) - Starting OzoneManagerRatisServer om1 at port 9872
2022-06-21 13:54:43,914 [om1-impl-thread1] INFO  server.RaftServer$Division (RaftServerImpl.java:start(310)) - om1@group-C5BA1605619E: start as a follower, conf=-1: [om1|rpc:localhost:9872|priority:0], old=null
2022-06-21 13:54:43,915 [om1-impl-thread1] INFO  server.RaftServer$Division (RaftServerImpl.java:setRole(299)) - om1@group-C5BA1605619E: changes role from      null to FOLLOWER at term 0 for startAsFollower
2022-06-21 13:54:43,915 [om1-impl-thread1] INFO  impl.RoleInfo (RoleInfo.java:updateAndGet(139)) - om1: start om1@group-C5BA1605619E-FollowerState
2022-06-21 13:54:43,922 [om1-impl-thread1] INFO  util.JmxRegister (JmxRegister.java:tryRegister(44)) - Successfully registered JMX Bean with object name Ratis:service=RaftServer,group=group-C5BA1605619E,id=om1
2022-06-21 13:54:43,923 [Listener at 127.0.0.1/42759] INFO  server.RaftServer (RaftServerProxy.java:lambda$start$6(382)) - om1: start RPC server
2022-06-21 13:54:43,943 [Listener at 127.0.0.1/42759] INFO  server.GrpcService (GrpcService.java:startImpl(260)) - om1: GrpcService started, listening on 9872
2022-06-21 13:54:43,944 [Listener at 127.0.0.1/42759] INFO  om.OzoneManager (OzoneManager.java:start(1481)) - Version File has different layout version (3) than OM DB (null). That is expected if this OM has never been finalized to a newer layout version.
2022-06-21 13:54:43,944 [org.apache.ratis.util.JvmPauseMonitor$$Lambda$627/290163460@681d20da] INFO  util.JvmPauseMonitor (JvmPauseMonitor.java:run(103)) - JvmPauseMonitor-om1: Started
2022-06-21 13:54:43,946 [Listener at 127.0.0.1/42759] INFO  http.BaseHttpServer (BaseHttpServer.java:newHttpServer2BuilderForOzone(209)) - Starting Web-server for ozoneManager at: http://0.0.0.0:0
2022-06-21 13:54:43,946 [Listener at 127.0.0.1/42759] INFO  http.BaseHttpServer (BaseHttpServer.java:<init>(107)) - Hadoop Security Enabled: false Ozone Security Enabled: false Ozone HTTP Security Enabled: false 
2022-06-21 13:54:43,949 [Listener at 127.0.0.1/42759] INFO  server.AuthenticationFilter (AuthenticationFilter.java:constructSecretProvider(240)) - Unable to initialize FileSignerSecretProvider, falling back to use random secrets.
2022-06-21 13:54:43,956 [Listener at 127.0.0.1/42759] WARN  http.HttpRequestLog (HttpRequestLog.java:getRequestLog(103)) - Jetty request log can only be enabled using Log4j
2022-06-21 13:54:43,957 [Listener at 127.0.0.1/42759] INFO  http.HttpServer2 (HttpServer2.java:addGlobalFilter(1029)) - Added global filter 'safety' (class=org.apache.hadoop.hdds.server.http.HttpServer2$QuotingInputFilter)
2022-06-21 13:54:43,958 [Listener at 127.0.0.1/42759] INFO  http.HttpServer2 (HttpServer2.java:addFilter(1005)) - Added filter static_user_filter (class=org.apache.hadoop.http.lib.StaticUserWebFilter$StaticUserFilter) to context ozoneManager
2022-06-21 13:54:43,958 [Listener at 127.0.0.1/42759] INFO  http.HttpServer2 (HttpServer2.java:addFilter(1013)) - Added filter static_user_filter (class=org.apache.hadoop.http.lib.StaticUserWebFilter$StaticUserFilter) to context logs
2022-06-21 13:54:43,958 [Listener at 127.0.0.1/42759] INFO  http.HttpServer2 (HttpServer2.java:addFilter(1013)) - Added filter static_user_filter (class=org.apache.hadoop.http.lib.StaticUserWebFilter$StaticUserFilter) to context static
2022-06-21 13:54:43,959 [Listener at 127.0.0.1/42759] INFO  http.HttpServer2 (HttpServer2.java:bindListener(1248)) - Jetty bound to port 39923
2022-06-21 13:54:43,959 [Listener at 127.0.0.1/42759] INFO  server.Server (Server.java:doStart(375)) - jetty-9.4.43.v20210629; built: 2021-06-30T11:07:22.254Z; git: 526006ecfa3af7f1a27ef3a288e2bef7ea9dd7e8; jvm 1.8.0_332-b09
2022-06-21 13:54:43,972 [Listener at 127.0.0.1/42759] INFO  server.session (DefaultSessionIdManager.java:doStart(334)) - DefaultSessionIdManager workerName=node0
2022-06-21 13:54:43,972 [Listener at 127.0.0.1/42759] INFO  server.session (DefaultSessionIdManager.java:doStart(339)) - No SessionScavenger set, using defaults
2022-06-21 13:54:43,973 [Listener at 127.0.0.1/42759] INFO  server.session (HouseKeeper.java:startScavenging(132)) - node0 Scavenging every 660000ms
2022-06-21 13:54:43,973 [Listener at 127.0.0.1/42759] INFO  handler.ContextHandler (ContextHandler.java:doStart(915)) - Started o.e.j.s.ServletContextHandler@64280fbe{logs,/logs,file:///home/runner/work/ozone/ozone/hadoop-ozone/integration-test/target/log,AVAILABLE}
2022-06-21 13:54:43,974 [Listener at 127.0.0.1/42759] INFO  handler.ContextHandler (ContextHandler.java:doStart(915)) - Started o.e.j.s.ServletContextHandler@1caaa62c{static,/static,file:///home/runner/work/ozone/ozone/hadoop-ozone/integration-test/target/test-classes/webapps/static,AVAILABLE}
2022-06-21 13:54:43,977 [Listener at 127.0.0.1/42759] INFO  handler.ContextHandler (ContextHandler.java:doStart(915)) - Started o.e.j.w.WebAppContext@68cbf488{ozoneManager,/,file:///home/runner/work/ozone/ozone/hadoop-ozone/integration-test/target/test-classes/webapps/ozoneManager/,AVAILABLE}{file:/home/runner/work/ozone/ozone/hadoop-ozone/integration-test/target/test-classes/webapps/ozoneManager}
2022-06-21 13:54:43,994 [Listener at 127.0.0.1/42759] INFO  server.AbstractConnector (AbstractConnector.java:doStart(331)) - Started ServerConnector@485262be{HTTP/1.1, (http/1.1)}{0.0.0.0:39923}
2022-06-21 13:54:43,999 [Listener at 127.0.0.1/42759] INFO  server.Server (Server.java:doStart(415)) - Started @139993ms
2022-06-21 13:54:43,999 [Listener at 127.0.0.1/42759] WARN  impl.MetricsSystemImpl (MetricsSystemImpl.java:register(279)) - Sink prometheus already exists!
2022-06-21 13:54:44,002 [Listener at 127.0.0.1/42759] INFO  http.BaseHttpServer (BaseHttpServer.java:updateConnectorAddress(329)) - HTTP server of ozoneManager listening at http://0.0.0.0:39923
2022-06-21 13:54:44,010 [IPC Server Responder] INFO  ipc.Server (Server.java:run(1507)) - IPC Server Responder: starting
2022-06-21 13:54:44,019 [IPC Server listener on 0] INFO  ipc.Server (Server.java:run(1344)) - IPC Server listener on 0: starting
2022-06-21 13:54:44,063 [Listener at 127.0.0.1/42759] INFO  om.TrashPolicyOzone (TrashPolicyOzone.java:<init>(178)) - Ozone Manager trash configuration: Deletion interval = 0 minutes, Emptier interval = 0 minutes.
2022-06-21 13:54:44,124 [org.apache.hadoop.util.JvmPauseMonitor$Monitor@4339a2cf] INFO  util.JvmPauseMonitor (JvmPauseMonitor.java:run(188)) - Starting JVM pause monitor
2022-06-21 13:54:44,130 [Listener at 127.0.0.1/42759] WARN  impl.MetricRegistriesImpl (MetricRegistriesImpl.java:addReporterRegistration(111)) - New reporters are added after registries were created. Some metrics will be missing from the reporter. Please add reporter before adding any new registry.
2022-06-21 13:54:44,130 [Listener at 127.0.0.1/42759] WARN  impl.MetricRegistriesImpl (MetricRegistriesImpl.java:addReporterRegistration(111)) - New reporters are added after registries were created. Some metrics will be missing from the reporter. Please add reporter before adding any new registry.
2022-06-21 13:54:44,130 [Listener at 127.0.0.1/42759] INFO  impl.MetricsSystemImpl (MetricsSystemImpl.java:init(158)) - HddsDatanode metrics system started (again)
2022-06-21 13:54:44,184 [Listener at 127.0.0.1/42759] INFO  ozone.HddsDatanodeService (HddsDatanodeService.java:start(236)) - HddsDatanodeService host:fv-az194-567.vahfjs35atkulmpwh5ujf4txfe.jx.internal.cloudapp.net ip:10.1.0.15
2022-06-21 13:54:44,251 [Listener at 127.0.0.1/42759] INFO  upgrade.AbstractLayoutVersionManager (AbstractLayoutVersionManager.java:init(82)) - Initializing Layout version manager with metadata layout = DATANODE_SCHEMA_V3 (version = 4), software layout = DATANODE_SCHEMA_V3 (version = 4)
2022-06-21 13:54:44,374 [Listener at 127.0.0.1/42759] INFO  reflections.Reflections (Reflections.java:scan(232)) - Reflections took 122 ms to scan 7 urls, producing 131 keys and 315 values 
2022-06-21 13:54:44,375 [Listener at 127.0.0.1/42759] INFO  statemachine.DatanodeStateMachine (DatanodeStateMachine.java:getEndPointTaskThreadPoolSize(237)) - Datanode State Machine Task Thread Pool size 2
2022-06-21 13:54:44,376 [Listener at 127.0.0.1/42759] INFO  volume.HddsVolume (HddsVolume.java:<init>(116)) - Creating HddsVolume: /home/runner/work/ozone/ozone/hadoop-ozone/integration-test/target/test-dir/MiniOzoneClusterImpl-3f841ece-6686-4b0e-b99d-a05159fb56b1/datanode-0/data-0/containers/hdds of storage type : DISK capacity : 9223372036854775807
2022-06-21 13:54:44,377 [Listener at 127.0.0.1/42759] INFO  volume.MutableVolumeSet (MutableVolumeSet.java:initializeVolumeSet(174)) - Added Volume : /home/runner/work/ozone/ozone/hadoop-ozone/integration-test/target/test-dir/MiniOzoneClusterImpl-3f841ece-6686-4b0e-b99d-a05159fb56b1/datanode-0/data-0/containers/hdds to VolumeSet
2022-06-21 13:54:44,377 [Listener at 127.0.0.1/42759] INFO  volume.ThrottledAsyncChecker (ThrottledAsyncChecker.java:schedule(141)) - Scheduling a check for /home/runner/work/ozone/ozone/hadoop-ozone/integration-test/target/test-dir/MiniOzoneClusterImpl-3f841ece-6686-4b0e-b99d-a05159fb56b1/datanode-0/data-0/containers/hdds
2022-06-21 13:54:44,377 [Listener at 127.0.0.1/42759] INFO  volume.StorageVolumeChecker (StorageVolumeChecker.java:checkAllVolumes(202)) - Scheduled health check for volume /home/runner/work/ozone/ozone/hadoop-ozone/integration-test/target/test-dir/MiniOzoneClusterImpl-3f841ece-6686-4b0e-b99d-a05159fb56b1/datanode-0/data-0/containers/hdds
2022-06-21 13:54:44,389 [Listener at 127.0.0.1/42759] INFO  volume.MutableVolumeSet (MutableVolumeSet.java:initializeVolumeSet(174)) - Added Volume : /home/runner/work/ozone/ozone/hadoop-ozone/integration-test/target/test-dir/MiniOzoneClusterImpl-3f841ece-6686-4b0e-b99d-a05159fb56b1/datanode-0/data/ratis to VolumeSet
2022-06-21 13:54:44,389 [Listener at 127.0.0.1/42759] INFO  volume.ThrottledAsyncChecker (ThrottledAsyncChecker.java:schedule(141)) - Scheduling a check for /home/runner/work/ozone/ozone/hadoop-ozone/integration-test/target/test-dir/MiniOzoneClusterImpl-3f841ece-6686-4b0e-b99d-a05159fb56b1/datanode-0/data/ratis
2022-06-21 13:54:44,389 [Listener at 127.0.0.1/42759] INFO  volume.StorageVolumeChecker (StorageVolumeChecker.java:checkAllVolumes(202)) - Scheduled health check for volume /home/runner/work/ozone/ozone/hadoop-ozone/integration-test/target/test-dir/MiniOzoneClusterImpl-3f841ece-6686-4b0e-b99d-a05159fb56b1/datanode-0/data/ratis
2022-06-21 13:54:44,465 [Thread-960] INFO  ozoneimpl.ContainerReader (ContainerReader.java:readVolume(172)) - Finish verifying containers on volume /home/runner/work/ozone/ozone/hadoop-ozone/integration-test/target/test-dir/MiniOzoneClusterImpl-3f841ece-6686-4b0e-b99d-a05159fb56b1/datanode-0/data-0/containers/hdds
2022-06-21 13:54:44,465 [Listener at 127.0.0.1/42759] INFO  ozoneimpl.OzoneContainer (OzoneContainer.java:buildContainerSet(266)) - Build ContainerSet costs 0s
2022-06-21 13:54:44,467 [Listener at 127.0.0.1/42759] INFO  server.RaftServer (ConfUtils.java:logGet(46)) - raft.rpc.type = GRPC (default)
2022-06-21 13:54:44,467 [Listener at 127.0.0.1/42759] INFO  grpc.GrpcFactory (GrpcFactory.java:checkPooledByteBufAllocatorUseCacheForAllThreads(48)) - PERFORMANCE WARNING: useCacheForAllThreads is true that may cause Netty to create a lot garbage objects and, as a result, trigger GC.
	It is recommended to disable useCacheForAllThreads by setting -Dorg.apache.ratis.thirdparty.io.netty.allocator.useCacheForAllThreads=false in command line.
2022-06-21 13:54:44,467 [Listener at 127.0.0.1/42759] INFO  grpc.GrpcConfigKeys (ConfUtils.java:logGet(46)) - raft.grpc.admin.port = 0 (custom)
2022-06-21 13:54:44,468 [Listener at 127.0.0.1/42759] INFO  grpc.GrpcConfigKeys (ConfUtils.java:logGet(46)) - raft.grpc.client.port = 0 (custom)
2022-06-21 13:54:44,468 [Listener at 127.0.0.1/42759] INFO  grpc.GrpcConfigKeys (ConfUtils.java:logGet(46)) - raft.grpc.server.port = 0 (default)
2022-06-21 13:54:44,468 [Listener at 127.0.0.1/42759] INFO  server.GrpcService (ConfUtils.java:logGet(46)) - raft.grpc.message.size.max = 32MB (=33554432) (custom)
2022-06-21 13:54:44,468 [Listener at 127.0.0.1/42759] INFO  server.RaftServerConfigKeys (ConfUtils.java:logGet(46)) - raft.server.log.appender.buffer.byte-limit = 33554432 (custom)
2022-06-21 13:54:44,468 [Listener at 127.0.0.1/42759] INFO  server.GrpcService (ConfUtils.java:logGet(46)) - raft.grpc.flow.control.window = 5MB (=5242880) (custom)
2022-06-21 13:54:44,468 [Listener at 127.0.0.1/42759] INFO  server.RaftServerConfigKeys (ConfUtils.java:logGet(46)) - raft.server.rpc.request.timeout = 60s (custom)
2022-06-21 13:54:44,468 [Listener at 127.0.0.1/42759] INFO  grpc.GrpcConfigKeys (ConfUtils.java:logGet(46)) - raft.grpc.server.async.request.thread.pool.cached = true (default)
2022-06-21 13:54:44,468 [Listener at 127.0.0.1/42759] INFO  grpc.GrpcConfigKeys (ConfUtils.java:logGet(46)) - raft.grpc.server.async.request.thread.pool.size = 32 (default)
2022-06-21 13:54:44,469 [Listener at 127.0.0.1/42759] INFO  impl.DataStreamServerImpl (ConfUtils.java:logGet(46)) - raft.datastream.type = DISABLED (default)
2022-06-21 13:54:44,470 [Listener at 127.0.0.1/42759] INFO  server.RaftServerConfigKeys (ConfUtils.java:logGet(46)) - raft.server.threadpool.proxy.cached = true (default)
2022-06-21 13:54:44,470 [Listener at 127.0.0.1/42759] INFO  server.RaftServerConfigKeys (ConfUtils.java:logGet(46)) - raft.server.threadpool.proxy.size = 0 (default)
2022-06-21 13:54:44,470 [Listener at 127.0.0.1/42759] INFO  server.RaftServerConfigKeys (ConfUtils.java:logGet(46)) - raft.server.rpc.slowness.timeout = 300s (custom)
2022-06-21 13:54:44,470 [Listener at 127.0.0.1/42759] INFO  server.RaftServerConfigKeys (ConfUtils.java:logGet(46)) - raft.server.leaderelection.leader.step-down.wait-time = 10s (default)
2022-06-21 13:54:44,470 [Listener at 127.0.0.1/42759] INFO  server.RaftServerConfigKeys (ConfUtils.java:logGet(46)) - raft.server.storage.dir = [/home/runner/work/ozone/ozone/hadoop-ozone/integration-test/target/test-dir/MiniOzoneClusterImpl-3f841ece-6686-4b0e-b99d-a05159fb56b1/datanode-0/data/ratis] (custom)
2022-06-21 13:54:44,524 [Listener at 127.0.0.1/42759] INFO  server.XceiverServerGrpc (XceiverServerGrpc.java:<init>(132)) - GrpcServer channel type EpollServerSocketChannel
2022-06-21 13:54:44,533 [Listener at 127.0.0.1/42759] INFO  http.BaseHttpServer (BaseHttpServer.java:newHttpServer2BuilderForOzone(209)) - Starting Web-server for hddsDatanode at: http://0.0.0.0:0
2022-06-21 13:54:44,533 [Listener at 127.0.0.1/42759] INFO  http.BaseHttpServer (BaseHttpServer.java:<init>(107)) - Hadoop Security Enabled: false Ozone Security Enabled: false Ozone HTTP Security Enabled: false 
2022-06-21 13:54:44,534 [Listener at 127.0.0.1/42759] INFO  server.AuthenticationFilter (AuthenticationFilter.java:constructSecretProvider(240)) - Unable to initialize FileSignerSecretProvider, falling back to use random secrets.
2022-06-21 13:54:44,540 [Listener at 127.0.0.1/42759] WARN  http.HttpRequestLog (HttpRequestLog.java:getRequestLog(103)) - Jetty request log can only be enabled using Log4j
2022-06-21 13:54:44,541 [Listener at 127.0.0.1/42759] INFO  http.HttpServer2 (HttpServer2.java:addGlobalFilter(1029)) - Added global filter 'safety' (class=org.apache.hadoop.hdds.server.http.HttpServer2$QuotingInputFilter)
2022-06-21 13:54:44,542 [Listener at 127.0.0.1/42759] INFO  http.HttpServer2 (HttpServer2.java:addFilter(1005)) - Added filter static_user_filter (class=org.apache.hadoop.http.lib.StaticUserWebFilter$StaticUserFilter) to context hddsDatanode
2022-06-21 13:54:44,542 [Listener at 127.0.0.1/42759] INFO  http.HttpServer2 (HttpServer2.java:addFilter(1013)) - Added filter static_user_filter (class=org.apache.hadoop.http.lib.StaticUserWebFilter$StaticUserFilter) to context static
2022-06-21 13:54:44,542 [Listener at 127.0.0.1/42759] INFO  http.HttpServer2 (HttpServer2.java:addFilter(1013)) - Added filter static_user_filter (class=org.apache.hadoop.http.lib.StaticUserWebFilter$StaticUserFilter) to context logs
2022-06-21 13:54:44,543 [Listener at 127.0.0.1/42759] INFO  http.HttpServer2 (HttpServer2.java:bindListener(1248)) - Jetty bound to port 44513
2022-06-21 13:54:44,543 [Listener at 127.0.0.1/42759] INFO  server.Server (Server.java:doStart(375)) - jetty-9.4.43.v20210629; built: 2021-06-30T11:07:22.254Z; git: 526006ecfa3af7f1a27ef3a288e2bef7ea9dd7e8; jvm 1.8.0_332-b09
2022-06-21 13:54:44,564 [Listener at 127.0.0.1/42759] INFO  server.session (DefaultSessionIdManager.java:doStart(334)) - DefaultSessionIdManager workerName=node0
2022-06-21 13:54:44,564 [Listener at 127.0.0.1/42759] INFO  server.session (DefaultSessionIdManager.java:doStart(339)) - No SessionScavenger set, using defaults
2022-06-21 13:54:44,564 [Listener at 127.0.0.1/42759] INFO  server.session (HouseKeeper.java:startScavenging(132)) - node0 Scavenging every 660000ms
2022-06-21 13:54:44,565 [Listener at 127.0.0.1/42759] INFO  handler.ContextHandler (ContextHandler.java:doStart(915)) - Started o.e.j.s.ServletContextHandler@4685b66e{logs,/logs,file:///home/runner/work/ozone/ozone/hadoop-ozone/integration-test/target/log,AVAILABLE}
2022-06-21 13:54:44,565 [Listener at 127.0.0.1/42759] INFO  handler.ContextHandler (ContextHandler.java:doStart(915)) - Started o.e.j.s.ServletContextHandler@49a86da{static,/static,jar:file:/home/runner/.m2/repository/org/apache/ozone/hdds-container-service/1.3.0-SNAPSHOT/hdds-container-service-1.3.0-SNAPSHOT.jar!/webapps/static,AVAILABLE}
2022-06-21 13:54:44,927 [om1@group-C5BA1605619E-FollowerState] INFO  impl.FollowerState (FollowerState.java:run(143)) - om1@group-C5BA1605619E-FollowerState: change to CANDIDATE, lastRpcElapsedTime:1011937885ns, electionTimeout:1004ms
2022-06-21 13:54:44,927 [om1@group-C5BA1605619E-FollowerState] INFO  impl.RoleInfo (RoleInfo.java:shutdownFollowerState(110)) - om1: shutdown om1@group-C5BA1605619E-FollowerState
2022-06-21 13:54:44,927 [om1@group-C5BA1605619E-FollowerState] INFO  server.RaftServer$Division (RaftServerImpl.java:setRole(299)) - om1@group-C5BA1605619E: changes role from  FOLLOWER to CANDIDATE at term 0 for changeToCandidate
2022-06-21 13:54:44,927 [om1@group-C5BA1605619E-FollowerState] INFO  server.RaftServerConfigKeys (ConfUtils.java:logGet(46)) - raft.server.leaderelection.pre-vote = false (custom)
2022-06-21 13:54:44,927 [om1@group-C5BA1605619E-FollowerState] INFO  impl.RoleInfo (RoleInfo.java:updateAndGet(139)) - om1: start om1@group-C5BA1605619E-LeaderElection27
2022-06-21 13:54:44,979 [om1@group-C5BA1605619E-LeaderElection27] INFO  impl.LeaderElection (LeaderElection.java:askForVotes(310)) - om1@group-C5BA1605619E-LeaderElection27 ELECTION round 0: submit vote requests at term 1 for -1: [om1|rpc:localhost:9872|priority:0], old=null
2022-06-21 13:54:44,979 [om1@group-C5BA1605619E-LeaderElection27] INFO  impl.LeaderElection (LeaderElection.java:askForVotes(312)) - om1@group-C5BA1605619E-LeaderElection27 ELECTION round 0: result PASSED (term=1)
2022-06-21 13:54:44,979 [om1@group-C5BA1605619E-LeaderElection27] INFO  impl.RoleInfo (RoleInfo.java:shutdownLeaderElection(130)) - om1: shutdown om1@group-C5BA1605619E-LeaderElection27
2022-06-21 13:54:44,979 [om1@group-C5BA1605619E-LeaderElection27] INFO  server.RaftServer$Division (RaftServerImpl.java:setRole(299)) - om1@group-C5BA1605619E: changes role from CANDIDATE to LEADER at term 1 for changeToLeader
2022-06-21 13:54:44,979 [om1@group-C5BA1605619E-LeaderElection27] INFO  server.RaftServer$Division (ServerState.java:setLeader(287)) - om1@group-C5BA1605619E: change Leader from null to om1 at term 1 for becomeLeader, leader elected after 2354ms
2022-06-21 13:54:44,980 [om1@group-C5BA1605619E-LeaderElection27] INFO  server.RaftServerConfigKeys (ConfUtils.java:logGet(46)) - raft.server.staging.catchup.gap = 1000 (default)
2022-06-21 13:54:44,980 [om1@group-C5BA1605619E-LeaderElection27] INFO  server.RaftServerConfigKeys (ConfUtils.java:logGet(46)) - raft.server.write.element-limit = 4096 (default)
2022-06-21 13:54:44,980 [om1@group-C5BA1605619E-LeaderElection27] INFO  server.RaftServerConfigKeys (ConfUtils.java:logGet(46)) - raft.server.write.byte-limit = 64MB (=67108864) (default)
2022-06-21 13:54:44,980 [om1@group-C5BA1605619E-LeaderElection27] INFO  server.RaftServerConfigKeys (ConfUtils.java:logGet(46)) - raft.server.watch.timeout = 10s (default)
2022-06-21 13:54:44,980 [om1@group-C5BA1605619E-LeaderElection27] INFO  server.RaftServerConfigKeys (ConfUtils.java:logGet(46)) - raft.server.watch.timeout.denomination = 1s (default)
2022-06-21 13:54:44,980 [om1@group-C5BA1605619E-LeaderElection27] INFO  server.RaftServerConfigKeys (ConfUtils.java:logGet(46)) - raft.server.watch.element-limit = 65536 (default)
2022-06-21 13:54:44,980 [om1@group-C5BA1605619E-LeaderElection27] INFO  server.RaftServerConfigKeys (ConfUtils.java:logGet(46)) - raft.server.write.element-limit = 4096 (default)
2022-06-21 13:54:44,980 [om1@group-C5BA1605619E-LeaderElection27] INFO  server.RaftServerConfigKeys (ConfUtils.java:logGet(46)) - raft.server.write.follower.gap.ratio.max = -1.0 (default)
2022-06-21 13:54:44,980 [om1@group-C5BA1605619E-LeaderElection27] INFO  impl.RoleInfo (RoleInfo.java:updateAndGet(139)) - om1: start om1@group-C5BA1605619E-LeaderStateImpl
2022-06-21 13:54:44,981 [om1@group-C5BA1605619E-LeaderElection27] INFO  segmented.SegmentedRaftLogWorker (SegmentedRaftLogWorker.java:startLogSegment(425)) - om1@group-C5BA1605619E-SegmentedRaftLogWorker: Starting segment from index:0
2022-06-21 13:54:45,003 [om1@group-C5BA1605619E-SegmentedRaftLogWorker] INFO  segmented.SegmentedRaftLogWorker (SegmentedRaftLogWorker.java:execute(629)) - om1@group-C5BA1605619E-SegmentedRaftLogWorker: created new log segment /home/runner/work/ozone/ozone/hadoop-ozone/integration-test/target/test-dir/MiniOzoneClusterImpl-3f841ece-6686-4b0e-b99d-a05159fb56b1/ozone-meta/ratis/bf265839-605b-3f16-9796-c5ba1605619e/current/log_inprogress_0
2022-06-21 13:54:45,034 [Listener at 127.0.0.1/42759] INFO  handler.ContextHandler (ContextHandler.java:doStart(915)) - Started o.e.j.w.WebAppContext@5ca63fd8{hddsDatanode,/,file:///tmp/jetty-0_0_0_0-44513-hdds-container-service-1_3_0-SNAPSHOT_jar-_-any-1309537602828361400/webapp/,AVAILABLE}{jar:file:/home/runner/.m2/repository/org/apache/ozone/hdds-container-service/1.3.0-SNAPSHOT/hdds-container-service-1.3.0-SNAPSHOT.jar!/webapps/hddsDatanode}
2022-06-21 13:54:45,042 [om1@group-C5BA1605619E-LeaderElection27] INFO  server.RaftServer$Division (ServerState.java:setRaftConf(393)) - om1@group-C5BA1605619E: set configuration 0: [om1|rpc:localhost:9872|admin:|client:|dataStream:|priority:0], old=null
2022-06-21 13:54:45,051 [om1@group-C5BA1605619E-StateMachineUpdater] INFO  ratis.OzoneManagerStateMachine (OzoneManagerStateMachine.java:notifyConfigurationChanged(192)) - Received Configuration change notification from Ratis. New Peer list:
[id: "om1"
address: "localhost:9872"
]
2022-06-21 13:54:45,065 [Listener at 127.0.0.1/42759] INFO  server.AbstractConnector (AbstractConnector.java:doStart(331)) - Started ServerConnector@61675dd5{HTTP/1.1, (http/1.1)}{0.0.0.0:44513}
2022-06-21 13:54:45,065 [Listener at 127.0.0.1/42759] INFO  server.Server (Server.java:doStart(415)) - Started @141059ms
2022-06-21 13:54:45,065 [Listener at 127.0.0.1/42759] WARN  impl.MetricsSystemImpl (MetricsSystemImpl.java:register(279)) - Sink prometheus already exists!
2022-06-21 13:54:45,066 [Listener at 127.0.0.1/42759] INFO  http.BaseHttpServer (BaseHttpServer.java:updateConnectorAddress(329)) - HTTP server of hddsDatanode listening at http://0.0.0.0:44513
2022-06-21 13:54:45,071 [Listener at 127.0.0.1/42759] WARN  impl.MetricRegistriesImpl (MetricRegistriesImpl.java:addReporterRegistration(111)) - New reporters are added after registries were created. Some metrics will be missing from the reporter. Please add reporter before adding any new registry.
2022-06-21 13:54:45,071 [Listener at 127.0.0.1/42759] WARN  impl.MetricRegistriesImpl (MetricRegistriesImpl.java:addReporterRegistration(111)) - New reporters are added after registries were created. Some metrics will be missing from the reporter. Please add reporter before adding any new registry.
2022-06-21 13:54:45,071 [Listener at 127.0.0.1/42759] INFO  impl.MetricsSystemImpl (MetricsSystemImpl.java:init(158)) - HddsDatanode metrics system started (again)
2022-06-21 13:54:45,080 [Datanode State Machine Daemon Thread] INFO  statemachine.DatanodeStateMachine (DatanodeStateMachine.java:lambda$startDaemon$0(492)) - Ozone container server started.
2022-06-21 13:54:45,135 [Listener at 127.0.0.1/42759] INFO  ozone.HddsDatanodeService (HddsDatanodeService.java:start(236)) - HddsDatanodeService host:fv-az194-567.vahfjs35atkulmpwh5ujf4txfe.jx.internal.cloudapp.net ip:10.1.0.15
2022-06-21 13:54:45,185 [org.apache.hadoop.util.JvmPauseMonitor$Monitor@1bada16e] INFO  util.JvmPauseMonitor (JvmPauseMonitor.java:run(188)) - Starting JVM pause monitor
2022-06-21 13:54:45,190 [Datanode State Machine Task Thread - 0] INFO  datanode.InitDatanodeState (InitDatanodeState.java:persistContainerDatanodeDetails(138)) - DatanodeDetails is persisted to /home/runner/work/ozone/ozone/hadoop-ozone/integration-test/target/test-dir/MiniOzoneClusterImpl-3f841ece-6686-4b0e-b99d-a05159fb56b1/datanode-0/meta/datanode.id
2022-06-21 13:54:45,207 [Listener at 127.0.0.1/42759] INFO  upgrade.AbstractLayoutVersionManager (AbstractLayoutVersionManager.java:init(82)) - Initializing Layout version manager with metadata layout = DATANODE_SCHEMA_V3 (version = 4), software layout = DATANODE_SCHEMA_V3 (version = 4)
2022-06-21 13:54:45,353 [Listener at 127.0.0.1/42759] INFO  reflections.Reflections (Reflections.java:scan(232)) - Reflections took 145 ms to scan 7 urls, producing 131 keys and 315 values 
2022-06-21 13:54:45,358 [Listener at 127.0.0.1/42759] INFO  statemachine.DatanodeStateMachine (DatanodeStateMachine.java:getEndPointTaskThreadPoolSize(237)) - Datanode State Machine Task Thread Pool size 2
2022-06-21 13:54:45,359 [Listener at 127.0.0.1/42759] INFO  volume.HddsVolume (HddsVolume.java:<init>(116)) - Creating HddsVolume: /home/runner/work/ozone/ozone/hadoop-ozone/integration-test/target/test-dir/MiniOzoneClusterImpl-3f841ece-6686-4b0e-b99d-a05159fb56b1/datanode-1/data-0/containers/hdds of storage type : DISK capacity : 9223372036854775807
2022-06-21 13:54:45,359 [Listener at 127.0.0.1/42759] INFO  volume.MutableVolumeSet (MutableVolumeSet.java:initializeVolumeSet(174)) - Added Volume : /home/runner/work/ozone/ozone/hadoop-ozone/integration-test/target/test-dir/MiniOzoneClusterImpl-3f841ece-6686-4b0e-b99d-a05159fb56b1/datanode-1/data-0/containers/hdds to VolumeSet
2022-06-21 13:54:45,359 [Listener at 127.0.0.1/42759] INFO  volume.ThrottledAsyncChecker (ThrottledAsyncChecker.java:schedule(141)) - Scheduling a check for /home/runner/work/ozone/ozone/hadoop-ozone/integration-test/target/test-dir/MiniOzoneClusterImpl-3f841ece-6686-4b0e-b99d-a05159fb56b1/datanode-1/data-0/containers/hdds
2022-06-21 13:54:45,362 [Listener at 127.0.0.1/42759] INFO  volume.StorageVolumeChecker (StorageVolumeChecker.java:checkAllVolumes(202)) - Scheduled health check for volume /home/runner/work/ozone/ozone/hadoop-ozone/integration-test/target/test-dir/MiniOzoneClusterImpl-3f841ece-6686-4b0e-b99d-a05159fb56b1/datanode-1/data-0/containers/hdds
2022-06-21 13:54:45,390 [Listener at 127.0.0.1/42759] INFO  volume.MutableVolumeSet (MutableVolumeSet.java:initializeVolumeSet(174)) - Added Volume : /home/runner/work/ozone/ozone/hadoop-ozone/integration-test/target/test-dir/MiniOzoneClusterImpl-3f841ece-6686-4b0e-b99d-a05159fb56b1/datanode-1/data/ratis to VolumeSet
2022-06-21 13:54:45,391 [Listener at 127.0.0.1/42759] INFO  volume.ThrottledAsyncChecker (ThrottledAsyncChecker.java:schedule(141)) - Scheduling a check for /home/runner/work/ozone/ozone/hadoop-ozone/integration-test/target/test-dir/MiniOzoneClusterImpl-3f841ece-6686-4b0e-b99d-a05159fb56b1/datanode-1/data/ratis
2022-06-21 13:54:45,397 [Listener at 127.0.0.1/42759] INFO  volume.StorageVolumeChecker (StorageVolumeChecker.java:checkAllVolumes(202)) - Scheduled health check for volume /home/runner/work/ozone/ozone/hadoop-ozone/integration-test/target/test-dir/MiniOzoneClusterImpl-3f841ece-6686-4b0e-b99d-a05159fb56b1/datanode-1/data/ratis
2022-06-21 13:54:45,418 [Thread-975] INFO  ozoneimpl.ContainerReader (ContainerReader.java:readVolume(172)) - Finish verifying containers on volume /home/runner/work/ozone/ozone/hadoop-ozone/integration-test/target/test-dir/MiniOzoneClusterImpl-3f841ece-6686-4b0e-b99d-a05159fb56b1/datanode-1/data-0/containers/hdds
2022-06-21 13:54:45,418 [Listener at 127.0.0.1/42759] INFO  ozoneimpl.OzoneContainer (OzoneContainer.java:buildContainerSet(266)) - Build ContainerSet costs 0s
2022-06-21 13:54:45,429 [Listener at 127.0.0.1/42759] INFO  server.RaftServer (ConfUtils.java:logGet(46)) - raft.rpc.type = GRPC (default)
2022-06-21 13:54:45,429 [Listener at 127.0.0.1/42759] INFO  grpc.GrpcFactory (GrpcFactory.java:checkPooledByteBufAllocatorUseCacheForAllThreads(48)) - PERFORMANCE WARNING: useCacheForAllThreads is true that may cause Netty to create a lot garbage objects and, as a result, trigger GC.
	It is recommended to disable useCacheForAllThreads by setting -Dorg.apache.ratis.thirdparty.io.netty.allocator.useCacheForAllThreads=false in command line.
2022-06-21 13:54:45,430 [Listener at 127.0.0.1/42759] INFO  grpc.GrpcConfigKeys (ConfUtils.java:logGet(46)) - raft.grpc.admin.port = 0 (custom)
2022-06-21 13:54:45,430 [Listener at 127.0.0.1/42759] INFO  grpc.GrpcConfigKeys (ConfUtils.java:logGet(46)) - raft.grpc.client.port = 0 (custom)
2022-06-21 13:54:45,430 [Listener at 127.0.0.1/42759] INFO  grpc.GrpcConfigKeys (ConfUtils.java:logGet(46)) - raft.grpc.server.port = 0 (default)
2022-06-21 13:54:45,430 [Listener at 127.0.0.1/42759] INFO  server.GrpcService (ConfUtils.java:logGet(46)) - raft.grpc.message.size.max = 32MB (=33554432) (custom)
2022-06-21 13:54:45,430 [Listener at 127.0.0.1/42759] INFO  server.RaftServerConfigKeys (ConfUtils.java:logGet(46)) - raft.server.log.appender.buffer.byte-limit = 33554432 (custom)
2022-06-21 13:54:45,430 [Listener at 127.0.0.1/42759] INFO  server.GrpcService (ConfUtils.java:logGet(46)) - raft.grpc.flow.control.window = 5MB (=5242880) (custom)
2022-06-21 13:54:45,430 [Listener at 127.0.0.1/42759] INFO  server.RaftServerConfigKeys (ConfUtils.java:logGet(46)) - raft.server.rpc.request.timeout = 60s (custom)
2022-06-21 13:54:45,430 [Listener at 127.0.0.1/42759] INFO  grpc.GrpcConfigKeys (ConfUtils.java:logGet(46)) - raft.grpc.server.async.request.thread.pool.cached = true (default)
2022-06-21 13:54:45,430 [Listener at 127.0.0.1/42759] INFO  grpc.GrpcConfigKeys (ConfUtils.java:logGet(46)) - raft.grpc.server.async.request.thread.pool.size = 32 (default)
2022-06-21 13:54:45,438 [Listener at 127.0.0.1/42759] INFO  impl.DataStreamServerImpl (ConfUtils.java:logGet(46)) - raft.datastream.type = DISABLED (default)
2022-06-21 13:54:45,438 [Listener at 127.0.0.1/42759] INFO  server.RaftServerConfigKeys (ConfUtils.java:logGet(46)) - raft.server.threadpool.proxy.cached = true (default)
2022-06-21 13:54:45,438 [Listener at 127.0.0.1/42759] INFO  server.RaftServerConfigKeys (ConfUtils.java:logGet(46)) - raft.server.threadpool.proxy.size = 0 (default)
2022-06-21 13:54:45,438 [Listener at 127.0.0.1/42759] INFO  server.RaftServerConfigKeys (ConfUtils.java:logGet(46)) - raft.server.rpc.slowness.timeout = 300s (custom)
2022-06-21 13:54:45,438 [Listener at 127.0.0.1/42759] INFO  server.RaftServerConfigKeys (ConfUtils.java:logGet(46)) - raft.server.leaderelection.leader.step-down.wait-time = 10s (default)
2022-06-21 13:54:45,438 [Listener at 127.0.0.1/42759] INFO  server.RaftServerConfigKeys (ConfUtils.java:logGet(46)) - raft.server.storage.dir = [/home/runner/work/ozone/ozone/hadoop-ozone/integration-test/target/test-dir/MiniOzoneClusterImpl-3f841ece-6686-4b0e-b99d-a05159fb56b1/datanode-1/data/ratis] (custom)
2022-06-21 13:54:45,464 [Listener at 127.0.0.1/42759] INFO  server.XceiverServerGrpc (XceiverServerGrpc.java:<init>(132)) - GrpcServer channel type EpollServerSocketChannel
2022-06-21 13:54:45,473 [Listener at 127.0.0.1/42759] INFO  http.BaseHttpServer (BaseHttpServer.java:newHttpServer2BuilderForOzone(209)) - Starting Web-server for hddsDatanode at: http://0.0.0.0:0
2022-06-21 13:54:45,473 [Listener at 127.0.0.1/42759] INFO  http.BaseHttpServer (BaseHttpServer.java:<init>(107)) - Hadoop Security Enabled: false Ozone Security Enabled: false Ozone HTTP Security Enabled: false 
2022-06-21 13:54:45,474 [Listener at 127.0.0.1/42759] INFO  server.AuthenticationFilter (AuthenticationFilter.java:constructSecretProvider(240)) - Unable to initialize FileSignerSecretProvider, falling back to use random secrets.
2022-06-21 13:54:45,474 [Listener at 127.0.0.1/42759] WARN  http.HttpRequestLog (HttpRequestLog.java:getRequestLog(103)) - Jetty request log can only be enabled using Log4j
2022-06-21 13:54:45,475 [Listener at 127.0.0.1/42759] INFO  http.HttpServer2 (HttpServer2.java:addGlobalFilter(1029)) - Added global filter 'safety' (class=org.apache.hadoop.hdds.server.http.HttpServer2$QuotingInputFilter)
2022-06-21 13:54:45,476 [Listener at 127.0.0.1/42759] INFO  http.HttpServer2 (HttpServer2.java:addFilter(1005)) - Added filter static_user_filter (class=org.apache.hadoop.http.lib.StaticUserWebFilter$StaticUserFilter) to context hddsDatanode
2022-06-21 13:54:45,476 [Listener at 127.0.0.1/42759] INFO  http.HttpServer2 (HttpServer2.java:addFilter(1013)) - Added filter static_user_filter (class=org.apache.hadoop.http.lib.StaticUserWebFilter$StaticUserFilter) to context static
2022-06-21 13:54:45,476 [Listener at 127.0.0.1/42759] INFO  http.HttpServer2 (HttpServer2.java:addFilter(1013)) - Added filter static_user_filter (class=org.apache.hadoop.http.lib.StaticUserWebFilter$StaticUserFilter) to context logs
2022-06-21 13:54:45,477 [Listener at 127.0.0.1/42759] INFO  http.HttpServer2 (HttpServer2.java:bindListener(1248)) - Jetty bound to port 45893
2022-06-21 13:54:45,477 [Listener at 127.0.0.1/42759] INFO  server.Server (Server.java:doStart(375)) - jetty-9.4.43.v20210629; built: 2021-06-30T11:07:22.254Z; git: 526006ecfa3af7f1a27ef3a288e2bef7ea9dd7e8; jvm 1.8.0_332-b09
2022-06-21 13:54:45,478 [Listener at 127.0.0.1/42759] INFO  server.session (DefaultSessionIdManager.java:doStart(334)) - DefaultSessionIdManager workerName=node0
2022-06-21 13:54:45,478 [Listener at 127.0.0.1/42759] INFO  server.session (DefaultSessionIdManager.java:doStart(339)) - No SessionScavenger set, using defaults
2022-06-21 13:54:45,478 [Listener at 127.0.0.1/42759] INFO  server.session (HouseKeeper.java:startScavenging(132)) - node0 Scavenging every 660000ms
2022-06-21 13:54:45,479 [Listener at 127.0.0.1/42759] INFO  handler.ContextHandler (ContextHandler.java:doStart(915)) - Started o.e.j.s.ServletContextHandler@6c5bd8cc{logs,/logs,file:///home/runner/work/ozone/ozone/hadoop-ozone/integration-test/target/log,AVAILABLE}
2022-06-21 13:54:45,479 [Listener at 127.0.0.1/42759] INFO  handler.ContextHandler (ContextHandler.java:doStart(915)) - Started o.e.j.s.ServletContextHandler@41b6c627{static,/static,jar:file:/home/runner/.m2/repository/org/apache/ozone/hdds-container-service/1.3.0-SNAPSHOT/hdds-container-service-1.3.0-SNAPSHOT.jar!/webapps/static,AVAILABLE}
2022-06-21 13:54:45,913 [Listener at 127.0.0.1/42759] INFO  handler.ContextHandler (ContextHandler.java:doStart(915)) - Started o.e.j.w.WebAppContext@24191de8{hddsDatanode,/,file:///tmp/jetty-0_0_0_0-45893-hdds-container-service-1_3_0-SNAPSHOT_jar-_-any-8280721205366022215/webapp/,AVAILABLE}{jar:file:/home/runner/.m2/repository/org/apache/ozone/hdds-container-service/1.3.0-SNAPSHOT/hdds-container-service-1.3.0-SNAPSHOT.jar!/webapps/hddsDatanode}
2022-06-21 13:54:45,955 [Listener at 127.0.0.1/42759] INFO  server.AbstractConnector (AbstractConnector.java:doStart(331)) - Started ServerConnector@6934b058{HTTP/1.1, (http/1.1)}{0.0.0.0:45893}
2022-06-21 13:54:45,955 [Listener at 127.0.0.1/42759] INFO  server.Server (Server.java:doStart(415)) - Started @141948ms
2022-06-21 13:54:45,955 [Listener at 127.0.0.1/42759] WARN  impl.MetricsSystemImpl (MetricsSystemImpl.java:register(279)) - Sink prometheus already exists!
2022-06-21 13:54:45,956 [Listener at 127.0.0.1/42759] INFO  http.BaseHttpServer (BaseHttpServer.java:updateConnectorAddress(329)) - HTTP server of hddsDatanode listening at http://0.0.0.0:45893
2022-06-21 13:54:45,967 [Listener at 127.0.0.1/42759] WARN  impl.MetricRegistriesImpl (MetricRegistriesImpl.java:addReporterRegistration(111)) - New reporters are added after registries were created. Some metrics will be missing from the reporter. Please add reporter before adding any new registry.
2022-06-21 13:54:45,967 [Listener at 127.0.0.1/42759] WARN  impl.MetricRegistriesImpl (MetricRegistriesImpl.java:addReporterRegistration(111)) - New reporters are added after registries were created. Some metrics will be missing from the reporter. Please add reporter before adding any new registry.
2022-06-21 13:54:45,967 [Listener at 127.0.0.1/42759] INFO  impl.MetricsSystemImpl (MetricsSystemImpl.java:init(158)) - HddsDatanode metrics system started (again)
2022-06-21 13:54:45,974 [Datanode State Machine Daemon Thread] INFO  statemachine.DatanodeStateMachine (DatanodeStateMachine.java:lambda$startDaemon$0(492)) - Ozone container server started.
2022-06-21 13:54:45,994 [Listener at 127.0.0.1/42759] INFO  ozone.HddsDatanodeService (HddsDatanodeService.java:start(236)) - HddsDatanodeService host:fv-az194-567.vahfjs35atkulmpwh5ujf4txfe.jx.internal.cloudapp.net ip:10.1.0.15
2022-06-21 13:54:46,007 [org.apache.hadoop.util.JvmPauseMonitor$Monitor@60c6b614] INFO  util.JvmPauseMonitor (JvmPauseMonitor.java:run(188)) - Starting JVM pause monitor
2022-06-21 13:54:46,055 [Datanode State Machine Task Thread - 0] INFO  datanode.InitDatanodeState (InitDatanodeState.java:persistContainerDatanodeDetails(138)) - DatanodeDetails is persisted to /home/runner/work/ozone/ozone/hadoop-ozone/integration-test/target/test-dir/MiniOzoneClusterImpl-3f841ece-6686-4b0e-b99d-a05159fb56b1/datanode-1/meta/datanode.id
2022-06-21 13:54:46,070 [Listener at 127.0.0.1/42759] INFO  upgrade.AbstractLayoutVersionManager (AbstractLayoutVersionManager.java:init(82)) - Initializing Layout version manager with metadata layout = DATANODE_SCHEMA_V3 (version = 4), software layout = DATANODE_SCHEMA_V3 (version = 4)
2022-06-21 13:54:46,197 [Listener at 127.0.0.1/42759] INFO  reflections.Reflections (Reflections.java:scan(232)) - Reflections took 126 ms to scan 7 urls, producing 131 keys and 315 values 
2022-06-21 13:54:46,221 [Listener at 127.0.0.1/42759] INFO  statemachine.DatanodeStateMachine (DatanodeStateMachine.java:getEndPointTaskThreadPoolSize(237)) - Datanode State Machine Task Thread Pool size 2
2022-06-21 13:54:46,224 [Listener at 127.0.0.1/42759] INFO  volume.HddsVolume (HddsVolume.java:<init>(116)) - Creating HddsVolume: /home/runner/work/ozone/ozone/hadoop-ozone/integration-test/target/test-dir/MiniOzoneClusterImpl-3f841ece-6686-4b0e-b99d-a05159fb56b1/datanode-2/data-0/containers/hdds of storage type : DISK capacity : 9223372036854775807
2022-06-21 13:54:46,225 [Listener at 127.0.0.1/42759] INFO  volume.MutableVolumeSet (MutableVolumeSet.java:initializeVolumeSet(174)) - Added Volume : /home/runner/work/ozone/ozone/hadoop-ozone/integration-test/target/test-dir/MiniOzoneClusterImpl-3f841ece-6686-4b0e-b99d-a05159fb56b1/datanode-2/data-0/containers/hdds to VolumeSet
2022-06-21 13:54:46,225 [Listener at 127.0.0.1/42759] INFO  volume.ThrottledAsyncChecker (ThrottledAsyncChecker.java:schedule(141)) - Scheduling a check for /home/runner/work/ozone/ozone/hadoop-ozone/integration-test/target/test-dir/MiniOzoneClusterImpl-3f841ece-6686-4b0e-b99d-a05159fb56b1/datanode-2/data-0/containers/hdds
2022-06-21 13:54:46,254 [Listener at 127.0.0.1/42759] INFO  volume.StorageVolumeChecker (StorageVolumeChecker.java:checkAllVolumes(202)) - Scheduled health check for volume /home/runner/work/ozone/ozone/hadoop-ozone/integration-test/target/test-dir/MiniOzoneClusterImpl-3f841ece-6686-4b0e-b99d-a05159fb56b1/datanode-2/data-0/containers/hdds
2022-06-21 13:54:46,278 [Listener at 127.0.0.1/42759] INFO  volume.MutableVolumeSet (MutableVolumeSet.java:initializeVolumeSet(174)) - Added Volume : /home/runner/work/ozone/ozone/hadoop-ozone/integration-test/target/test-dir/MiniOzoneClusterImpl-3f841ece-6686-4b0e-b99d-a05159fb56b1/datanode-2/data/ratis to VolumeSet
2022-06-21 13:54:46,278 [Listener at 127.0.0.1/42759] INFO  volume.ThrottledAsyncChecker (ThrottledAsyncChecker.java:schedule(141)) - Scheduling a check for /home/runner/work/ozone/ozone/hadoop-ozone/integration-test/target/test-dir/MiniOzoneClusterImpl-3f841ece-6686-4b0e-b99d-a05159fb56b1/datanode-2/data/ratis
2022-06-21 13:54:46,291 [Listener at 127.0.0.1/42759] INFO  volume.StorageVolumeChecker (StorageVolumeChecker.java:checkAllVolumes(202)) - Scheduled health check for volume /home/runner/work/ozone/ozone/hadoop-ozone/integration-test/target/test-dir/MiniOzoneClusterImpl-3f841ece-6686-4b0e-b99d-a05159fb56b1/datanode-2/data/ratis
2022-06-21 13:54:46,301 [Thread-988] INFO  ozoneimpl.ContainerReader (ContainerReader.java:readVolume(172)) - Finish verifying containers on volume /home/runner/work/ozone/ozone/hadoop-ozone/integration-test/target/test-dir/MiniOzoneClusterImpl-3f841ece-6686-4b0e-b99d-a05159fb56b1/datanode-2/data-0/containers/hdds
2022-06-21 13:54:46,301 [Listener at 127.0.0.1/42759] INFO  ozoneimpl.OzoneContainer (OzoneContainer.java:buildContainerSet(266)) - Build ContainerSet costs 0s
2022-06-21 13:54:46,302 [Listener at 127.0.0.1/42759] INFO  server.RaftServer (ConfUtils.java:logGet(46)) - raft.rpc.type = GRPC (default)
2022-06-21 13:54:46,302 [Listener at 127.0.0.1/42759] INFO  grpc.GrpcFactory (GrpcFactory.java:checkPooledByteBufAllocatorUseCacheForAllThreads(48)) - PERFORMANCE WARNING: useCacheForAllThreads is true that may cause Netty to create a lot garbage objects and, as a result, trigger GC.
	It is recommended to disable useCacheForAllThreads by setting -Dorg.apache.ratis.thirdparty.io.netty.allocator.useCacheForAllThreads=false in command line.
2022-06-21 13:54:46,303 [Listener at 127.0.0.1/42759] INFO  grpc.GrpcConfigKeys (ConfUtils.java:logGet(46)) - raft.grpc.admin.port = 0 (custom)
2022-06-21 13:54:46,303 [Listener at 127.0.0.1/42759] INFO  grpc.GrpcConfigKeys (ConfUtils.java:logGet(46)) - raft.grpc.client.port = 0 (custom)
2022-06-21 13:54:46,303 [Listener at 127.0.0.1/42759] INFO  grpc.GrpcConfigKeys (ConfUtils.java:logGet(46)) - raft.grpc.server.port = 0 (default)
2022-06-21 13:54:46,303 [Listener at 127.0.0.1/42759] INFO  server.GrpcService (ConfUtils.java:logGet(46)) - raft.grpc.message.size.max = 32MB (=33554432) (custom)
2022-06-21 13:54:46,303 [Listener at 127.0.0.1/42759] INFO  server.RaftServerConfigKeys (ConfUtils.java:logGet(46)) - raft.server.log.appender.buffer.byte-limit = 33554432 (custom)
2022-06-21 13:54:46,303 [Listener at 127.0.0.1/42759] INFO  server.GrpcService (ConfUtils.java:logGet(46)) - raft.grpc.flow.control.window = 5MB (=5242880) (custom)
2022-06-21 13:54:46,305 [Listener at 127.0.0.1/42759] INFO  server.RaftServerConfigKeys (ConfUtils.java:logGet(46)) - raft.server.rpc.request.timeout = 60s (custom)
2022-06-21 13:54:46,305 [Listener at 127.0.0.1/42759] INFO  grpc.GrpcConfigKeys (ConfUtils.java:logGet(46)) - raft.grpc.server.async.request.thread.pool.cached = true (default)
2022-06-21 13:54:46,305 [Listener at 127.0.0.1/42759] INFO  grpc.GrpcConfigKeys (ConfUtils.java:logGet(46)) - raft.grpc.server.async.request.thread.pool.size = 32 (default)
2022-06-21 13:54:46,306 [Listener at 127.0.0.1/42759] INFO  impl.DataStreamServerImpl (ConfUtils.java:logGet(46)) - raft.datastream.type = DISABLED (default)
2022-06-21 13:54:46,306 [Listener at 127.0.0.1/42759] INFO  server.RaftServerConfigKeys (ConfUtils.java:logGet(46)) - raft.server.threadpool.proxy.cached = true (default)
2022-06-21 13:54:46,306 [Listener at 127.0.0.1/42759] INFO  server.RaftServerConfigKeys (ConfUtils.java:logGet(46)) - raft.server.threadpool.proxy.size = 0 (default)
2022-06-21 13:54:46,306 [Listener at 127.0.0.1/42759] INFO  server.RaftServerConfigKeys (ConfUtils.java:logGet(46)) - raft.server.rpc.slowness.timeout = 300s (custom)
2022-06-21 13:54:46,306 [Listener at 127.0.0.1/42759] INFO  server.RaftServerConfigKeys (ConfUtils.java:logGet(46)) - raft.server.leaderelection.leader.step-down.wait-time = 10s (default)
2022-06-21 13:54:46,307 [Listener at 127.0.0.1/42759] INFO  server.RaftServerConfigKeys (ConfUtils.java:logGet(46)) - raft.server.storage.dir = [/home/runner/work/ozone/ozone/hadoop-ozone/integration-test/target/test-dir/MiniOzoneClusterImpl-3f841ece-6686-4b0e-b99d-a05159fb56b1/datanode-2/data/ratis] (custom)
2022-06-21 13:54:46,308 [Listener at 127.0.0.1/42759] INFO  server.XceiverServerGrpc (XceiverServerGrpc.java:<init>(132)) - GrpcServer channel type EpollServerSocketChannel
2022-06-21 13:54:46,348 [Listener at 127.0.0.1/42759] INFO  http.BaseHttpServer (BaseHttpServer.java:newHttpServer2BuilderForOzone(209)) - Starting Web-server for hddsDatanode at: http://0.0.0.0:0
2022-06-21 13:54:46,348 [Listener at 127.0.0.1/42759] INFO  http.BaseHttpServer (BaseHttpServer.java:<init>(107)) - Hadoop Security Enabled: false Ozone Security Enabled: false Ozone HTTP Security Enabled: false 
2022-06-21 13:54:46,349 [Listener at 127.0.0.1/42759] INFO  server.AuthenticationFilter (AuthenticationFilter.java:constructSecretProvider(240)) - Unable to initialize FileSignerSecretProvider, falling back to use random secrets.
2022-06-21 13:54:46,349 [Listener at 127.0.0.1/42759] WARN  http.HttpRequestLog (HttpRequestLog.java:getRequestLog(103)) - Jetty request log can only be enabled using Log4j
2022-06-21 13:54:46,350 [Listener at 127.0.0.1/42759] INFO  http.HttpServer2 (HttpServer2.java:addGlobalFilter(1029)) - Added global filter 'safety' (class=org.apache.hadoop.hdds.server.http.HttpServer2$QuotingInputFilter)
2022-06-21 13:54:46,351 [Listener at 127.0.0.1/42759] INFO  http.HttpServer2 (HttpServer2.java:addFilter(1005)) - Added filter static_user_filter (class=org.apache.hadoop.http.lib.StaticUserWebFilter$StaticUserFilter) to context hddsDatanode
2022-06-21 13:54:46,351 [Listener at 127.0.0.1/42759] INFO  http.HttpServer2 (HttpServer2.java:addFilter(1013)) - Added filter static_user_filter (class=org.apache.hadoop.http.lib.StaticUserWebFilter$StaticUserFilter) to context static
2022-06-21 13:54:46,351 [Listener at 127.0.0.1/42759] INFO  http.HttpServer2 (HttpServer2.java:addFilter(1013)) - Added filter static_user_filter (class=org.apache.hadoop.http.lib.StaticUserWebFilter$StaticUserFilter) to context logs
2022-06-21 13:54:46,352 [Listener at 127.0.0.1/42759] INFO  http.HttpServer2 (HttpServer2.java:bindListener(1248)) - Jetty bound to port 36713
2022-06-21 13:54:46,352 [Listener at 127.0.0.1/42759] INFO  server.Server (Server.java:doStart(375)) - jetty-9.4.43.v20210629; built: 2021-06-30T11:07:22.254Z; git: 526006ecfa3af7f1a27ef3a288e2bef7ea9dd7e8; jvm 1.8.0_332-b09
2022-06-21 13:54:46,355 [Listener at 127.0.0.1/42759] INFO  server.session (DefaultSessionIdManager.java:doStart(334)) - DefaultSessionIdManager workerName=node0
2022-06-21 13:54:46,356 [Listener at 127.0.0.1/42759] INFO  server.session (DefaultSessionIdManager.java:doStart(339)) - No SessionScavenger set, using defaults
2022-06-21 13:54:46,356 [Listener at 127.0.0.1/42759] INFO  server.session (HouseKeeper.java:startScavenging(132)) - node0 Scavenging every 660000ms
2022-06-21 13:54:46,357 [Listener at 127.0.0.1/42759] INFO  handler.ContextHandler (ContextHandler.java:doStart(915)) - Started o.e.j.s.ServletContextHandler@23437c7b{logs,/logs,file:///home/runner/work/ozone/ozone/hadoop-ozone/integration-test/target/log,AVAILABLE}
2022-06-21 13:54:46,357 [Listener at 127.0.0.1/42759] INFO  handler.ContextHandler (ContextHandler.java:doStart(915)) - Started o.e.j.s.ServletContextHandler@755e0969{static,/static,jar:file:/home/runner/.m2/repository/org/apache/ozone/hdds-container-service/1.3.0-SNAPSHOT/hdds-container-service-1.3.0-SNAPSHOT.jar!/webapps/static,AVAILABLE}
2022-06-21 13:54:46,856 [Listener at 127.0.0.1/42759] INFO  handler.ContextHandler (ContextHandler.java:doStart(915)) - Started o.e.j.w.WebAppContext@4bfe79c{hddsDatanode,/,file:///tmp/jetty-0_0_0_0-36713-hdds-container-service-1_3_0-SNAPSHOT_jar-_-any-1757482171401911538/webapp/,AVAILABLE}{jar:file:/home/runner/.m2/repository/org/apache/ozone/hdds-container-service/1.3.0-SNAPSHOT/hdds-container-service-1.3.0-SNAPSHOT.jar!/webapps/hddsDatanode}
2022-06-21 13:54:46,858 [Listener at 127.0.0.1/42759] INFO  server.AbstractConnector (AbstractConnector.java:doStart(331)) - Started ServerConnector@1b2cb89{HTTP/1.1, (http/1.1)}{0.0.0.0:36713}
2022-06-21 13:54:46,858 [Listener at 127.0.0.1/42759] INFO  server.Server (Server.java:doStart(415)) - Started @142852ms
2022-06-21 13:54:46,859 [Listener at 127.0.0.1/42759] WARN  impl.MetricsSystemImpl (MetricsSystemImpl.java:register(279)) - Sink prometheus already exists!
2022-06-21 13:54:46,859 [Listener at 127.0.0.1/42759] INFO  http.BaseHttpServer (BaseHttpServer.java:updateConnectorAddress(329)) - HTTP server of hddsDatanode listening at http://0.0.0.0:36713
2022-06-21 13:54:46,863 [Listener at 127.0.0.1/42759] WARN  impl.MetricRegistriesImpl (MetricRegistriesImpl.java:addReporterRegistration(111)) - New reporters are added after registries were created. Some metrics will be missing from the reporter. Please add reporter before adding any new registry.
2022-06-21 13:54:46,863 [Listener at 127.0.0.1/42759] WARN  impl.MetricRegistriesImpl (MetricRegistriesImpl.java:addReporterRegistration(111)) - New reporters are added after registries were created. Some metrics will be missing from the reporter. Please add reporter before adding any new registry.
2022-06-21 13:54:46,863 [Listener at 127.0.0.1/42759] INFO  impl.MetricsSystemImpl (MetricsSystemImpl.java:init(158)) - HddsDatanode metrics system started (again)
2022-06-21 13:54:46,883 [Datanode State Machine Daemon Thread] INFO  statemachine.DatanodeStateMachine (DatanodeStateMachine.java:lambda$startDaemon$0(492)) - Ozone container server started.
2022-06-21 13:54:46,938 [Listener at 127.0.0.1/42759] INFO  ozone.HddsDatanodeService (HddsDatanodeService.java:start(236)) - HddsDatanodeService host:fv-az194-567.vahfjs35atkulmpwh5ujf4txfe.jx.internal.cloudapp.net ip:10.1.0.15
2022-06-21 13:54:46,978 [org.apache.hadoop.util.JvmPauseMonitor$Monitor@564df2a8] INFO  util.JvmPauseMonitor (JvmPauseMonitor.java:run(188)) - Starting JVM pause monitor
2022-06-21 13:54:46,979 [Datanode State Machine Task Thread - 0] INFO  datanode.InitDatanodeState (InitDatanodeState.java:persistContainerDatanodeDetails(138)) - DatanodeDetails is persisted to /home/runner/work/ozone/ozone/hadoop-ozone/integration-test/target/test-dir/MiniOzoneClusterImpl-3f841ece-6686-4b0e-b99d-a05159fb56b1/datanode-2/meta/datanode.id
2022-06-21 13:54:47,016 [Listener at 127.0.0.1/42759] INFO  upgrade.AbstractLayoutVersionManager (AbstractLayoutVersionManager.java:init(82)) - Initializing Layout version manager with metadata layout = DATANODE_SCHEMA_V3 (version = 4), software layout = DATANODE_SCHEMA_V3 (version = 4)
2022-06-21 13:54:47,176 [Listener at 127.0.0.1/42759] INFO  reflections.Reflections (Reflections.java:scan(232)) - Reflections took 159 ms to scan 7 urls, producing 131 keys and 315 values 
2022-06-21 13:54:47,196 [Listener at 127.0.0.1/42759] INFO  statemachine.DatanodeStateMachine (DatanodeStateMachine.java:getEndPointTaskThreadPoolSize(237)) - Datanode State Machine Task Thread Pool size 2
2022-06-21 13:54:47,208 [Listener at 127.0.0.1/42759] INFO  volume.HddsVolume (HddsVolume.java:<init>(116)) - Creating HddsVolume: /home/runner/work/ozone/ozone/hadoop-ozone/integration-test/target/test-dir/MiniOzoneClusterImpl-3f841ece-6686-4b0e-b99d-a05159fb56b1/datanode-3/data-0/containers/hdds of storage type : DISK capacity : 9223372036854775807
2022-06-21 13:54:47,209 [Listener at 127.0.0.1/42759] INFO  volume.MutableVolumeSet (MutableVolumeSet.java:initializeVolumeSet(174)) - Added Volume : /home/runner/work/ozone/ozone/hadoop-ozone/integration-test/target/test-dir/MiniOzoneClusterImpl-3f841ece-6686-4b0e-b99d-a05159fb56b1/datanode-3/data-0/containers/hdds to VolumeSet
2022-06-21 13:54:47,209 [Listener at 127.0.0.1/42759] INFO  volume.ThrottledAsyncChecker (ThrottledAsyncChecker.java:schedule(141)) - Scheduling a check for /home/runner/work/ozone/ozone/hadoop-ozone/integration-test/target/test-dir/MiniOzoneClusterImpl-3f841ece-6686-4b0e-b99d-a05159fb56b1/datanode-3/data-0/containers/hdds
2022-06-21 13:54:47,235 [Listener at 127.0.0.1/42759] INFO  volume.StorageVolumeChecker (StorageVolumeChecker.java:checkAllVolumes(202)) - Scheduled health check for volume /home/runner/work/ozone/ozone/hadoop-ozone/integration-test/target/test-dir/MiniOzoneClusterImpl-3f841ece-6686-4b0e-b99d-a05159fb56b1/datanode-3/data-0/containers/hdds
2022-06-21 13:54:47,308 [Listener at 127.0.0.1/42759] INFO  volume.MutableVolumeSet (MutableVolumeSet.java:initializeVolumeSet(174)) - Added Volume : /home/runner/work/ozone/ozone/hadoop-ozone/integration-test/target/test-dir/MiniOzoneClusterImpl-3f841ece-6686-4b0e-b99d-a05159fb56b1/datanode-3/data/ratis to VolumeSet
2022-06-21 13:54:47,309 [Listener at 127.0.0.1/42759] INFO  volume.ThrottledAsyncChecker (ThrottledAsyncChecker.java:schedule(141)) - Scheduling a check for /home/runner/work/ozone/ozone/hadoop-ozone/integration-test/target/test-dir/MiniOzoneClusterImpl-3f841ece-6686-4b0e-b99d-a05159fb56b1/datanode-3/data/ratis
2022-06-21 13:54:47,323 [Listener at 127.0.0.1/42759] INFO  volume.StorageVolumeChecker (StorageVolumeChecker.java:checkAllVolumes(202)) - Scheduled health check for volume /home/runner/work/ozone/ozone/hadoop-ozone/integration-test/target/test-dir/MiniOzoneClusterImpl-3f841ece-6686-4b0e-b99d-a05159fb56b1/datanode-3/data/ratis
2022-06-21 13:54:47,372 [EndpointStateMachine task thread for /0.0.0.0:33447 - 0 ] INFO  volume.HddsVolume (HddsVolume.java:createDbStore(309)) - SchemaV3 db is created and loaded at /home/runner/work/ozone/ozone/hadoop-ozone/integration-test/target/test-dir/MiniOzoneClusterImpl-3f841ece-6686-4b0e-b99d-a05159fb56b1/datanode-0/data-0/containers/hdds/3f841ece-6686-4b0e-b99d-a05159fb56b1/DS-4401058e-87b2-4813-b75b-be11bd13294c/container.db for volume DS-4401058e-87b2-4813-b75b-be11bd13294c
2022-06-21 13:54:47,375 [EndpointStateMachine task thread for /0.0.0.0:33447 - 0 ] INFO  volume.HddsVolume (HddsVolume.java:closeDbStore(340)) - SchemaV3 db is stopped at /home/runner/work/ozone/ozone/hadoop-ozone/integration-test/target/test-dir/MiniOzoneClusterImpl-3f841ece-6686-4b0e-b99d-a05159fb56b1/datanode-0/data-0/containers/hdds/3f841ece-6686-4b0e-b99d-a05159fb56b1/DS-4401058e-87b2-4813-b75b-be11bd13294c/container.db for volume DS-4401058e-87b2-4813-b75b-be11bd13294c
2022-06-21 13:54:47,375 [EndpointStateMachine task thread for /0.0.0.0:33447 - 0 ] INFO  ozoneimpl.OzoneContainer (OzoneContainer.java:start(344)) - Attempting to start container services.
2022-06-21 13:54:47,375 [EndpointStateMachine task thread for /0.0.0.0:33447 - 0 ] INFO  ozoneimpl.OzoneContainer (OzoneContainer.java:startContainerScrub(279)) - Background container scanner has been disabled.
2022-06-21 13:54:47,393 [EndpointStateMachine task thread for /0.0.0.0:33447 - 0 ] INFO  replication.ReplicationServer (ReplicationServer.java:start(111)) - ReplicationServer is started using port 39601
2022-06-21 13:54:47,399 [EndpointStateMachine task thread for /0.0.0.0:33447 - 0 ] INFO  ratis.XceiverServerRatis (XceiverServerRatis.java:start(481)) - Starting XceiverServerRatis 6f924676-de29-4bda-9abe-50e624e9409e
2022-06-21 13:54:47,400 [EndpointStateMachine task thread for /0.0.0.0:33447 - 0 ] INFO  server.RaftServer (RaftServerProxy.java:lambda$start$6(382)) - 6f924676-de29-4bda-9abe-50e624e9409e: start RPC server
2022-06-21 13:54:47,412 [EndpointStateMachine task thread for /0.0.0.0:33447 - 0 ] INFO  server.GrpcService (GrpcService.java:startImpl(260)) - 6f924676-de29-4bda-9abe-50e624e9409e: GrpcService started, listening on 35717
2022-06-21 13:54:47,414 [EndpointStateMachine task thread for /0.0.0.0:33447 - 0 ] INFO  ratis.XceiverServerRatis (XceiverServerRatis.java:getRealPort(502)) - XceiverServerRatis 6f924676-de29-4bda-9abe-50e624e9409e is started using port 35717 for RATIS
2022-06-21 13:54:47,414 [EndpointStateMachine task thread for /0.0.0.0:33447 - 0 ] INFO  ratis.XceiverServerRatis (XceiverServerRatis.java:getRealPort(502)) - XceiverServerRatis 6f924676-de29-4bda-9abe-50e624e9409e is started using port 35717 for RATIS_ADMIN
2022-06-21 13:54:47,415 [EndpointStateMachine task thread for /0.0.0.0:33447 - 0 ] INFO  ratis.XceiverServerRatis (XceiverServerRatis.java:getRealPort(502)) - XceiverServerRatis 6f924676-de29-4bda-9abe-50e624e9409e is started using port 35717 for RATIS_SERVER
2022-06-21 13:54:47,417 [org.apache.ratis.util.JvmPauseMonitor$$Lambda$627/290163460@79020682] INFO  util.JvmPauseMonitor (JvmPauseMonitor.java:run(103)) - JvmPauseMonitor-6f924676-de29-4bda-9abe-50e624e9409e: Started
2022-06-21 13:54:47,434 [Thread-1002] INFO  ozoneimpl.ContainerReader (ContainerReader.java:readVolume(172)) - Finish verifying containers on volume /home/runner/work/ozone/ozone/hadoop-ozone/integration-test/target/test-dir/MiniOzoneClusterImpl-3f841ece-6686-4b0e-b99d-a05159fb56b1/datanode-3/data-0/containers/hdds
2022-06-21 13:54:47,435 [Listener at 127.0.0.1/42759] INFO  ozoneimpl.OzoneContainer (OzoneContainer.java:buildContainerSet(266)) - Build ContainerSet costs 0s
2022-06-21 13:54:47,436 [Listener at 127.0.0.1/42759] INFO  server.RaftServer (ConfUtils.java:logGet(46)) - raft.rpc.type = GRPC (default)
2022-06-21 13:54:47,437 [Listener at 127.0.0.1/42759] INFO  grpc.GrpcFactory (GrpcFactory.java:checkPooledByteBufAllocatorUseCacheForAllThreads(48)) - PERFORMANCE WARNING: useCacheForAllThreads is true that may cause Netty to create a lot garbage objects and, as a result, trigger GC.
	It is recommended to disable useCacheForAllThreads by setting -Dorg.apache.ratis.thirdparty.io.netty.allocator.useCacheForAllThreads=false in command line.
2022-06-21 13:54:47,437 [Listener at 127.0.0.1/42759] INFO  grpc.GrpcConfigKeys (ConfUtils.java:logGet(46)) - raft.grpc.admin.port = 0 (custom)
2022-06-21 13:54:47,437 [Listener at 127.0.0.1/42759] INFO  grpc.GrpcConfigKeys (ConfUtils.java:logGet(46)) - raft.grpc.client.port = 0 (custom)
2022-06-21 13:54:47,437 [Listener at 127.0.0.1/42759] INFO  grpc.GrpcConfigKeys (ConfUtils.java:logGet(46)) - raft.grpc.server.port = 0 (default)
2022-06-21 13:54:47,437 [Listener at 127.0.0.1/42759] INFO  server.GrpcService (ConfUtils.java:logGet(46)) - raft.grpc.message.size.max = 32MB (=33554432) (custom)
2022-06-21 13:54:47,437 [Listener at 127.0.0.1/42759] INFO  server.RaftServerConfigKeys (ConfUtils.java:logGet(46)) - raft.server.log.appender.buffer.byte-limit = 33554432 (custom)
2022-06-21 13:54:47,437 [Listener at 127.0.0.1/42759] INFO  server.GrpcService (ConfUtils.java:logGet(46)) - raft.grpc.flow.control.window = 5MB (=5242880) (custom)
2022-06-21 13:54:47,438 [Listener at 127.0.0.1/42759] INFO  server.RaftServerConfigKeys (ConfUtils.java:logGet(46)) - raft.server.rpc.request.timeout = 60s (custom)
2022-06-21 13:54:47,438 [Listener at 127.0.0.1/42759] INFO  grpc.GrpcConfigKeys (ConfUtils.java:logGet(46)) - raft.grpc.server.async.request.thread.pool.cached = true (default)
2022-06-21 13:54:47,438 [Listener at 127.0.0.1/42759] INFO  grpc.GrpcConfigKeys (ConfUtils.java:logGet(46)) - raft.grpc.server.async.request.thread.pool.size = 32 (default)
2022-06-21 13:54:47,443 [Listener at 127.0.0.1/42759] INFO  impl.DataStreamServerImpl (ConfUtils.java:logGet(46)) - raft.datastream.type = DISABLED (default)
2022-06-21 13:54:47,443 [Listener at 127.0.0.1/42759] INFO  server.RaftServerConfigKeys (ConfUtils.java:logGet(46)) - raft.server.threadpool.proxy.cached = true (default)
2022-06-21 13:54:47,443 [Listener at 127.0.0.1/42759] INFO  server.RaftServerConfigKeys (ConfUtils.java:logGet(46)) - raft.server.threadpool.proxy.size = 0 (default)
2022-06-21 13:54:47,443 [Listener at 127.0.0.1/42759] INFO  server.RaftServerConfigKeys (ConfUtils.java:logGet(46)) - raft.server.rpc.slowness.timeout = 300s (custom)
2022-06-21 13:54:47,443 [Listener at 127.0.0.1/42759] INFO  server.RaftServerConfigKeys (ConfUtils.java:logGet(46)) - raft.server.leaderelection.leader.step-down.wait-time = 10s (default)
2022-06-21 13:54:47,444 [Listener at 127.0.0.1/42759] INFO  server.RaftServerConfigKeys (ConfUtils.java:logGet(46)) - raft.server.storage.dir = [/home/runner/work/ozone/ozone/hadoop-ozone/integration-test/target/test-dir/MiniOzoneClusterImpl-3f841ece-6686-4b0e-b99d-a05159fb56b1/datanode-3/data/ratis] (custom)
2022-06-21 13:54:47,497 [Listener at 127.0.0.1/42759] INFO  server.XceiverServerGrpc (XceiverServerGrpc.java:<init>(132)) - GrpcServer channel type EpollServerSocketChannel
2022-06-21 13:54:47,523 [EndpointStateMachine task thread for /0.0.0.0:33447 - 0 ] INFO  server.XceiverServerGrpc (XceiverServerGrpc.java:start(180)) - XceiverServerGrpc 6f924676-de29-4bda-9abe-50e624e9409e is started using port 35283
2022-06-21 13:54:47,554 [Listener at 127.0.0.1/42759] INFO  http.BaseHttpServer (BaseHttpServer.java:newHttpServer2BuilderForOzone(209)) - Starting Web-server for hddsDatanode at: http://0.0.0.0:0
2022-06-21 13:54:47,554 [Listener at 127.0.0.1/42759] INFO  http.BaseHttpServer (BaseHttpServer.java:<init>(107)) - Hadoop Security Enabled: false Ozone Security Enabled: false Ozone HTTP Security Enabled: false 
2022-06-21 13:54:47,555 [Listener at 127.0.0.1/42759] INFO  server.AuthenticationFilter (AuthenticationFilter.java:constructSecretProvider(240)) - Unable to initialize FileSignerSecretProvider, falling back to use random secrets.
2022-06-21 13:54:47,557 [Listener at 127.0.0.1/42759] WARN  http.HttpRequestLog (HttpRequestLog.java:getRequestLog(103)) - Jetty request log can only be enabled using Log4j
2022-06-21 13:54:47,558 [Listener at 127.0.0.1/42759] INFO  http.HttpServer2 (HttpServer2.java:addGlobalFilter(1029)) - Added global filter 'safety' (class=org.apache.hadoop.hdds.server.http.HttpServer2$QuotingInputFilter)
2022-06-21 13:54:47,559 [Listener at 127.0.0.1/42759] INFO  http.HttpServer2 (HttpServer2.java:addFilter(1005)) - Added filter static_user_filter (class=org.apache.hadoop.http.lib.StaticUserWebFilter$StaticUserFilter) to context hddsDatanode
2022-06-21 13:54:47,559 [Listener at 127.0.0.1/42759] INFO  http.HttpServer2 (HttpServer2.java:addFilter(1013)) - Added filter static_user_filter (class=org.apache.hadoop.http.lib.StaticUserWebFilter$StaticUserFilter) to context static
2022-06-21 13:54:47,559 [Listener at 127.0.0.1/42759] INFO  http.HttpServer2 (HttpServer2.java:addFilter(1013)) - Added filter static_user_filter (class=org.apache.hadoop.http.lib.StaticUserWebFilter$StaticUserFilter) to context logs
2022-06-21 13:54:47,559 [Listener at 127.0.0.1/42759] INFO  http.HttpServer2 (HttpServer2.java:bindListener(1248)) - Jetty bound to port 36423
2022-06-21 13:54:47,559 [Listener at 127.0.0.1/42759] INFO  server.Server (Server.java:doStart(375)) - jetty-9.4.43.v20210629; built: 2021-06-30T11:07:22.254Z; git: 526006ecfa3af7f1a27ef3a288e2bef7ea9dd7e8; jvm 1.8.0_332-b09
2022-06-21 13:54:47,641 [Listener at 127.0.0.1/42759] INFO  server.session (DefaultSessionIdManager.java:doStart(334)) - DefaultSessionIdManager workerName=node0
2022-06-21 13:54:47,641 [Listener at 127.0.0.1/42759] INFO  server.session (DefaultSessionIdManager.java:doStart(339)) - No SessionScavenger set, using defaults
2022-06-21 13:54:47,644 [Listener at 127.0.0.1/42759] INFO  server.session (HouseKeeper.java:startScavenging(132)) - node0 Scavenging every 600000ms
2022-06-21 13:54:47,647 [Listener at 127.0.0.1/42759] INFO  handler.ContextHandler (ContextHandler.java:doStart(915)) - Started o.e.j.s.ServletContextHandler@d59a45d{logs,/logs,file:///home/runner/work/ozone/ozone/hadoop-ozone/integration-test/target/log,AVAILABLE}
2022-06-21 13:54:47,647 [Listener at 127.0.0.1/42759] INFO  handler.ContextHandler (ContextHandler.java:doStart(915)) - Started o.e.j.s.ServletContextHandler@33a95758{static,/static,jar:file:/home/runner/.m2/repository/org/apache/ozone/hdds-container-service/1.3.0-SNAPSHOT/hdds-container-service-1.3.0-SNAPSHOT.jar!/webapps/static,AVAILABLE}
2022-06-21 13:54:48,149 [EndpointStateMachine task thread for /0.0.0.0:33447 - 0 ] INFO  volume.HddsVolume (HddsVolume.java:createDbStore(309)) - SchemaV3 db is created and loaded at /home/runner/work/ozone/ozone/hadoop-ozone/integration-test/target/test-dir/MiniOzoneClusterImpl-3f841ece-6686-4b0e-b99d-a05159fb56b1/datanode-1/data-0/containers/hdds/3f841ece-6686-4b0e-b99d-a05159fb56b1/DS-75750616-aaa4-440d-8f1c-3a326aab50e9/container.db for volume DS-75750616-aaa4-440d-8f1c-3a326aab50e9
2022-06-21 13:54:48,149 [EndpointStateMachine task thread for /0.0.0.0:33447 - 0 ] INFO  volume.HddsVolume (HddsVolume.java:closeDbStore(340)) - SchemaV3 db is stopped at /home/runner/work/ozone/ozone/hadoop-ozone/integration-test/target/test-dir/MiniOzoneClusterImpl-3f841ece-6686-4b0e-b99d-a05159fb56b1/datanode-1/data-0/containers/hdds/3f841ece-6686-4b0e-b99d-a05159fb56b1/DS-75750616-aaa4-440d-8f1c-3a326aab50e9/container.db for volume DS-75750616-aaa4-440d-8f1c-3a326aab50e9
2022-06-21 13:54:48,149 [EndpointStateMachine task thread for /0.0.0.0:33447 - 0 ] INFO  ozoneimpl.OzoneContainer (OzoneContainer.java:start(344)) - Attempting to start container services.
2022-06-21 13:54:48,150 [EndpointStateMachine task thread for /0.0.0.0:33447 - 0 ] INFO  ozoneimpl.OzoneContainer (OzoneContainer.java:startContainerScrub(279)) - Background container scanner has been disabled.
2022-06-21 13:54:48,163 [EndpointStateMachine task thread for /0.0.0.0:33447 - 0 ] INFO  replication.ReplicationServer (ReplicationServer.java:start(111)) - ReplicationServer is started using port 36691
2022-06-21 13:54:48,164 [EndpointStateMachine task thread for /0.0.0.0:33447 - 0 ] INFO  ratis.XceiverServerRatis (XceiverServerRatis.java:start(481)) - Starting XceiverServerRatis c45c8671-7070-4be0-aa13-1f2d6b7a9218
2022-06-21 13:54:48,171 [EndpointStateMachine task thread for /0.0.0.0:33447 - 0 ] INFO  server.RaftServer (RaftServerProxy.java:lambda$start$6(382)) - c45c8671-7070-4be0-aa13-1f2d6b7a9218: start RPC server
2022-06-21 13:54:48,211 [EndpointStateMachine task thread for /0.0.0.0:33447 - 0 ] INFO  server.GrpcService (GrpcService.java:startImpl(260)) - c45c8671-7070-4be0-aa13-1f2d6b7a9218: GrpcService started, listening on 39709
2022-06-21 13:54:48,211 [EndpointStateMachine task thread for /0.0.0.0:33447 - 0 ] INFO  ratis.XceiverServerRatis (XceiverServerRatis.java:getRealPort(502)) - XceiverServerRatis c45c8671-7070-4be0-aa13-1f2d6b7a9218 is started using port 39709 for RATIS
2022-06-21 13:54:48,211 [EndpointStateMachine task thread for /0.0.0.0:33447 - 0 ] INFO  ratis.XceiverServerRatis (XceiverServerRatis.java:getRealPort(502)) - XceiverServerRatis c45c8671-7070-4be0-aa13-1f2d6b7a9218 is started using port 39709 for RATIS_ADMIN
2022-06-21 13:54:48,211 [EndpointStateMachine task thread for /0.0.0.0:33447 - 0 ] INFO  ratis.XceiverServerRatis (XceiverServerRatis.java:getRealPort(502)) - XceiverServerRatis c45c8671-7070-4be0-aa13-1f2d6b7a9218 is started using port 39709 for RATIS_SERVER
2022-06-21 13:54:48,212 [org.apache.ratis.util.JvmPauseMonitor$$Lambda$627/290163460@81ab056] INFO  util.JvmPauseMonitor (JvmPauseMonitor.java:run(103)) - JvmPauseMonitor-c45c8671-7070-4be0-aa13-1f2d6b7a9218: Started
2022-06-21 13:54:48,256 [EndpointStateMachine task thread for /0.0.0.0:33447 - 0 ] INFO  server.XceiverServerGrpc (XceiverServerGrpc.java:start(180)) - XceiverServerGrpc c45c8671-7070-4be0-aa13-1f2d6b7a9218 is started using port 35267
2022-06-21 13:54:48,293 [Listener at 127.0.0.1/42759] INFO  handler.ContextHandler (ContextHandler.java:doStart(915)) - Started o.e.j.w.WebAppContext@67830628{hddsDatanode,/,file:///tmp/jetty-0_0_0_0-36423-hdds-container-service-1_3_0-SNAPSHOT_jar-_-any-3647732336737371093/webapp/,AVAILABLE}{jar:file:/home/runner/.m2/repository/org/apache/ozone/hdds-container-service/1.3.0-SNAPSHOT/hdds-container-service-1.3.0-SNAPSHOT.jar!/webapps/hddsDatanode}
2022-06-21 13:54:48,343 [Listener at 127.0.0.1/42759] INFO  server.AbstractConnector (AbstractConnector.java:doStart(331)) - Started ServerConnector@6e3a479f{HTTP/1.1, (http/1.1)}{0.0.0.0:36423}
2022-06-21 13:54:48,343 [Listener at 127.0.0.1/42759] INFO  server.Server (Server.java:doStart(415)) - Started @144337ms
2022-06-21 13:54:48,343 [Listener at 127.0.0.1/42759] WARN  impl.MetricsSystemImpl (MetricsSystemImpl.java:register(279)) - Sink prometheus already exists!
2022-06-21 13:54:48,345 [Listener at 127.0.0.1/42759] INFO  http.BaseHttpServer (BaseHttpServer.java:updateConnectorAddress(329)) - HTTP server of hddsDatanode listening at http://0.0.0.0:36423
2022-06-21 13:54:48,346 [Listener at 127.0.0.1/42759] WARN  impl.MetricRegistriesImpl (MetricRegistriesImpl.java:addReporterRegistration(111)) - New reporters are added after registries were created. Some metrics will be missing from the reporter. Please add reporter before adding any new registry.
2022-06-21 13:54:48,346 [Listener at 127.0.0.1/42759] WARN  impl.MetricRegistriesImpl (MetricRegistriesImpl.java:addReporterRegistration(111)) - New reporters are added after registries were created. Some metrics will be missing from the reporter. Please add reporter before adding any new registry.
2022-06-21 13:54:48,346 [Listener at 127.0.0.1/42759] INFO  impl.MetricsSystemImpl (MetricsSystemImpl.java:init(158)) - HddsDatanode metrics system started (again)
2022-06-21 13:54:48,382 [Datanode State Machine Daemon Thread] INFO  statemachine.DatanodeStateMachine (DatanodeStateMachine.java:lambda$startDaemon$0(492)) - Ozone container server started.
2022-06-21 13:54:48,402 [Listener at 127.0.0.1/42759] INFO  ozone.HddsDatanodeService (HddsDatanodeService.java:start(236)) - HddsDatanodeService host:fv-az194-567.vahfjs35atkulmpwh5ujf4txfe.jx.internal.cloudapp.net ip:10.1.0.15
2022-06-21 13:54:48,459 [Datanode State Machine Task Thread - 0] INFO  datanode.InitDatanodeState (InitDatanodeState.java:persistContainerDatanodeDetails(138)) - DatanodeDetails is persisted to /home/runner/work/ozone/ozone/hadoop-ozone/integration-test/target/test-dir/MiniOzoneClusterImpl-3f841ece-6686-4b0e-b99d-a05159fb56b1/datanode-3/meta/datanode.id
2022-06-21 13:54:48,451 [org.apache.hadoop.util.JvmPauseMonitor$Monitor@6819c632] INFO  util.JvmPauseMonitor (JvmPauseMonitor.java:run(188)) - Starting JVM pause monitor
2022-06-21 13:54:48,519 [Listener at 127.0.0.1/42759] INFO  upgrade.AbstractLayoutVersionManager (AbstractLayoutVersionManager.java:init(82)) - Initializing Layout version manager with metadata layout = DATANODE_SCHEMA_V3 (version = 4), software layout = DATANODE_SCHEMA_V3 (version = 4)
2022-06-21 13:54:48,697 [Listener at 127.0.0.1/42759] INFO  reflections.Reflections (Reflections.java:scan(232)) - Reflections took 176 ms to scan 7 urls, producing 131 keys and 315 values 
2022-06-21 13:54:48,698 [Listener at 127.0.0.1/42759] INFO  statemachine.DatanodeStateMachine (DatanodeStateMachine.java:getEndPointTaskThreadPoolSize(237)) - Datanode State Machine Task Thread Pool size 2
2022-06-21 13:54:48,707 [Listener at 127.0.0.1/42759] INFO  volume.HddsVolume (HddsVolume.java:<init>(116)) - Creating HddsVolume: /home/runner/work/ozone/ozone/hadoop-ozone/integration-test/target/test-dir/MiniOzoneClusterImpl-3f841ece-6686-4b0e-b99d-a05159fb56b1/datanode-4/data-0/containers/hdds of storage type : DISK capacity : 9223372036854775807
2022-06-21 13:54:48,707 [Listener at 127.0.0.1/42759] INFO  volume.MutableVolumeSet (MutableVolumeSet.java:initializeVolumeSet(174)) - Added Volume : /home/runner/work/ozone/ozone/hadoop-ozone/integration-test/target/test-dir/MiniOzoneClusterImpl-3f841ece-6686-4b0e-b99d-a05159fb56b1/datanode-4/data-0/containers/hdds to VolumeSet
2022-06-21 13:54:48,707 [Listener at 127.0.0.1/42759] INFO  volume.ThrottledAsyncChecker (ThrottledAsyncChecker.java:schedule(141)) - Scheduling a check for /home/runner/work/ozone/ozone/hadoop-ozone/integration-test/target/test-dir/MiniOzoneClusterImpl-3f841ece-6686-4b0e-b99d-a05159fb56b1/datanode-4/data-0/containers/hdds
2022-06-21 13:54:48,708 [Listener at 127.0.0.1/42759] INFO  volume.StorageVolumeChecker (StorageVolumeChecker.java:checkAllVolumes(202)) - Scheduled health check for volume /home/runner/work/ozone/ozone/hadoop-ozone/integration-test/target/test-dir/MiniOzoneClusterImpl-3f841ece-6686-4b0e-b99d-a05159fb56b1/datanode-4/data-0/containers/hdds
2022-06-21 13:54:48,732 [Listener at 127.0.0.1/42759] INFO  volume.MutableVolumeSet (MutableVolumeSet.java:initializeVolumeSet(174)) - Added Volume : /home/runner/work/ozone/ozone/hadoop-ozone/integration-test/target/test-dir/MiniOzoneClusterImpl-3f841ece-6686-4b0e-b99d-a05159fb56b1/datanode-4/data/ratis to VolumeSet
2022-06-21 13:54:48,734 [Listener at 127.0.0.1/42759] INFO  volume.ThrottledAsyncChecker (ThrottledAsyncChecker.java:schedule(141)) - Scheduling a check for /home/runner/work/ozone/ozone/hadoop-ozone/integration-test/target/test-dir/MiniOzoneClusterImpl-3f841ece-6686-4b0e-b99d-a05159fb56b1/datanode-4/data/ratis
2022-06-21 13:54:48,734 [Listener at 127.0.0.1/42759] INFO  volume.StorageVolumeChecker (StorageVolumeChecker.java:checkAllVolumes(202)) - Scheduled health check for volume /home/runner/work/ozone/ozone/hadoop-ozone/integration-test/target/test-dir/MiniOzoneClusterImpl-3f841ece-6686-4b0e-b99d-a05159fb56b1/datanode-4/data/ratis
2022-06-21 13:54:48,768 [Thread-1021] INFO  ozoneimpl.ContainerReader (ContainerReader.java:readVolume(172)) - Finish verifying containers on volume /home/runner/work/ozone/ozone/hadoop-ozone/integration-test/target/test-dir/MiniOzoneClusterImpl-3f841ece-6686-4b0e-b99d-a05159fb56b1/datanode-4/data-0/containers/hdds
2022-06-21 13:54:48,768 [Listener at 127.0.0.1/42759] INFO  ozoneimpl.OzoneContainer (OzoneContainer.java:buildContainerSet(266)) - Build ContainerSet costs 0s
2022-06-21 13:54:48,769 [Listener at 127.0.0.1/42759] INFO  server.RaftServer (ConfUtils.java:logGet(46)) - raft.rpc.type = GRPC (default)
2022-06-21 13:54:48,770 [Listener at 127.0.0.1/42759] INFO  grpc.GrpcFactory (GrpcFactory.java:checkPooledByteBufAllocatorUseCacheForAllThreads(48)) - PERFORMANCE WARNING: useCacheForAllThreads is true that may cause Netty to create a lot garbage objects and, as a result, trigger GC.
	It is recommended to disable useCacheForAllThreads by setting -Dorg.apache.ratis.thirdparty.io.netty.allocator.useCacheForAllThreads=false in command line.
2022-06-21 13:54:48,770 [Listener at 127.0.0.1/42759] INFO  grpc.GrpcConfigKeys (ConfUtils.java:logGet(46)) - raft.grpc.admin.port = 0 (custom)
2022-06-21 13:54:48,770 [Listener at 127.0.0.1/42759] INFO  grpc.GrpcConfigKeys (ConfUtils.java:logGet(46)) - raft.grpc.client.port = 0 (custom)
2022-06-21 13:54:48,770 [Listener at 127.0.0.1/42759] INFO  grpc.GrpcConfigKeys (ConfUtils.java:logGet(46)) - raft.grpc.server.port = 0 (default)
2022-06-21 13:54:48,770 [Listener at 127.0.0.1/42759] INFO  server.GrpcService (ConfUtils.java:logGet(46)) - raft.grpc.message.size.max = 32MB (=33554432) (custom)
2022-06-21 13:54:48,770 [Listener at 127.0.0.1/42759] INFO  server.RaftServerConfigKeys (ConfUtils.java:logGet(46)) - raft.server.log.appender.buffer.byte-limit = 33554432 (custom)
2022-06-21 13:54:48,770 [Listener at 127.0.0.1/42759] INFO  server.GrpcService (ConfUtils.java:logGet(46)) - raft.grpc.flow.control.window = 5MB (=5242880) (custom)
2022-06-21 13:54:48,770 [Listener at 127.0.0.1/42759] INFO  server.RaftServerConfigKeys (ConfUtils.java:logGet(46)) - raft.server.rpc.request.timeout = 60s (custom)
2022-06-21 13:54:48,777 [Listener at 127.0.0.1/42759] INFO  grpc.GrpcConfigKeys (ConfUtils.java:logGet(46)) - raft.grpc.server.async.request.thread.pool.cached = true (default)
2022-06-21 13:54:48,777 [Listener at 127.0.0.1/42759] INFO  grpc.GrpcConfigKeys (ConfUtils.java:logGet(46)) - raft.grpc.server.async.request.thread.pool.size = 32 (default)
2022-06-21 13:54:48,778 [Listener at 127.0.0.1/42759] INFO  impl.DataStreamServerImpl (ConfUtils.java:logGet(46)) - raft.datastream.type = DISABLED (default)
2022-06-21 13:54:48,778 [Listener at 127.0.0.1/42759] INFO  server.RaftServerConfigKeys (ConfUtils.java:logGet(46)) - raft.server.threadpool.proxy.cached = true (default)
2022-06-21 13:54:48,778 [Listener at 127.0.0.1/42759] INFO  server.RaftServerConfigKeys (ConfUtils.java:logGet(46)) - raft.server.threadpool.proxy.size = 0 (default)
2022-06-21 13:54:48,786 [Listener at 127.0.0.1/42759] INFO  server.RaftServerConfigKeys (ConfUtils.java:logGet(46)) - raft.server.rpc.slowness.timeout = 300s (custom)
2022-06-21 13:54:48,786 [Listener at 127.0.0.1/42759] INFO  server.RaftServerConfigKeys (ConfUtils.java:logGet(46)) - raft.server.leaderelection.leader.step-down.wait-time = 10s (default)
2022-06-21 13:54:48,786 [Listener at 127.0.0.1/42759] INFO  server.RaftServerConfigKeys (ConfUtils.java:logGet(46)) - raft.server.storage.dir = [/home/runner/work/ozone/ozone/hadoop-ozone/integration-test/target/test-dir/MiniOzoneClusterImpl-3f841ece-6686-4b0e-b99d-a05159fb56b1/datanode-4/data/ratis] (custom)
2022-06-21 13:54:48,796 [Listener at 127.0.0.1/42759] INFO  server.XceiverServerGrpc (XceiverServerGrpc.java:<init>(132)) - GrpcServer channel type EpollServerSocketChannel
2022-06-21 13:54:48,798 [Listener at 127.0.0.1/42759] INFO  http.BaseHttpServer (BaseHttpServer.java:newHttpServer2BuilderForOzone(209)) - Starting Web-server for hddsDatanode at: http://0.0.0.0:0
2022-06-21 13:54:48,798 [Listener at 127.0.0.1/42759] INFO  http.BaseHttpServer (BaseHttpServer.java:<init>(107)) - Hadoop Security Enabled: false Ozone Security Enabled: false Ozone HTTP Security Enabled: false 
2022-06-21 13:54:48,827 [Listener at 127.0.0.1/42759] INFO  server.AuthenticationFilter (AuthenticationFilter.java:constructSecretProvider(240)) - Unable to initialize FileSignerSecretProvider, falling back to use random secrets.
2022-06-21 13:54:48,834 [Listener at 127.0.0.1/42759] WARN  http.HttpRequestLog (HttpRequestLog.java:getRequestLog(103)) - Jetty request log can only be enabled using Log4j
2022-06-21 13:54:48,838 [Listener at 127.0.0.1/42759] INFO  http.HttpServer2 (HttpServer2.java:addGlobalFilter(1029)) - Added global filter 'safety' (class=org.apache.hadoop.hdds.server.http.HttpServer2$QuotingInputFilter)
2022-06-21 13:54:48,839 [Listener at 127.0.0.1/42759] INFO  http.HttpServer2 (HttpServer2.java:addFilter(1005)) - Added filter static_user_filter (class=org.apache.hadoop.http.lib.StaticUserWebFilter$StaticUserFilter) to context hddsDatanode
2022-06-21 13:54:48,839 [Listener at 127.0.0.1/42759] INFO  http.HttpServer2 (HttpServer2.java:addFilter(1013)) - Added filter static_user_filter (class=org.apache.hadoop.http.lib.StaticUserWebFilter$StaticUserFilter) to context logs
2022-06-21 13:54:48,839 [Listener at 127.0.0.1/42759] INFO  http.HttpServer2 (HttpServer2.java:addFilter(1013)) - Added filter static_user_filter (class=org.apache.hadoop.http.lib.StaticUserWebFilter$StaticUserFilter) to context static
2022-06-21 13:54:48,842 [Listener at 127.0.0.1/42759] INFO  http.HttpServer2 (HttpServer2.java:bindListener(1248)) - Jetty bound to port 35643
2022-06-21 13:54:48,842 [Listener at 127.0.0.1/42759] INFO  server.Server (Server.java:doStart(375)) - jetty-9.4.43.v20210629; built: 2021-06-30T11:07:22.254Z; git: 526006ecfa3af7f1a27ef3a288e2bef7ea9dd7e8; jvm 1.8.0_332-b09
2022-06-21 13:54:48,846 [Listener at 127.0.0.1/42759] INFO  server.session (DefaultSessionIdManager.java:doStart(334)) - DefaultSessionIdManager workerName=node0
2022-06-21 13:54:48,846 [Listener at 127.0.0.1/42759] INFO  server.session (DefaultSessionIdManager.java:doStart(339)) - No SessionScavenger set, using defaults
2022-06-21 13:54:48,847 [Listener at 127.0.0.1/42759] INFO  server.session (HouseKeeper.java:startScavenging(132)) - node0 Scavenging every 600000ms
2022-06-21 13:54:48,863 [Listener at 127.0.0.1/42759] INFO  handler.ContextHandler (ContextHandler.java:doStart(915)) - Started o.e.j.s.ServletContextHandler@39287e36{logs,/logs,file:///home/runner/work/ozone/ozone/hadoop-ozone/integration-test/target/log,AVAILABLE}
2022-06-21 13:54:48,863 [Listener at 127.0.0.1/42759] INFO  handler.ContextHandler (ContextHandler.java:doStart(915)) - Started o.e.j.s.ServletContextHandler@6a4dfee2{static,/static,jar:file:/home/runner/.m2/repository/org/apache/ozone/hdds-container-service/1.3.0-SNAPSHOT/hdds-container-service-1.3.0-SNAPSHOT.jar!/webapps/static,AVAILABLE}
2022-06-21 13:54:49,086 [EndpointStateMachine task thread for /0.0.0.0:33447 - 0 ] INFO  volume.HddsVolume (HddsVolume.java:createDbStore(309)) - SchemaV3 db is created and loaded at /home/runner/work/ozone/ozone/hadoop-ozone/integration-test/target/test-dir/MiniOzoneClusterImpl-3f841ece-6686-4b0e-b99d-a05159fb56b1/datanode-2/data-0/containers/hdds/3f841ece-6686-4b0e-b99d-a05159fb56b1/DS-53629e6d-79b0-4752-9649-22774e0b17b1/container.db for volume DS-53629e6d-79b0-4752-9649-22774e0b17b1
2022-06-21 13:54:49,115 [EndpointStateMachine task thread for /0.0.0.0:33447 - 0 ] INFO  volume.HddsVolume (HddsVolume.java:closeDbStore(340)) - SchemaV3 db is stopped at /home/runner/work/ozone/ozone/hadoop-ozone/integration-test/target/test-dir/MiniOzoneClusterImpl-3f841ece-6686-4b0e-b99d-a05159fb56b1/datanode-2/data-0/containers/hdds/3f841ece-6686-4b0e-b99d-a05159fb56b1/DS-53629e6d-79b0-4752-9649-22774e0b17b1/container.db for volume DS-53629e6d-79b0-4752-9649-22774e0b17b1
2022-06-21 13:54:49,115 [EndpointStateMachine task thread for /0.0.0.0:33447 - 0 ] INFO  ozoneimpl.OzoneContainer (OzoneContainer.java:start(344)) - Attempting to start container services.
2022-06-21 13:54:49,115 [EndpointStateMachine task thread for /0.0.0.0:33447 - 0 ] INFO  ozoneimpl.OzoneContainer (OzoneContainer.java:startContainerScrub(279)) - Background container scanner has been disabled.
2022-06-21 13:54:49,145 [EndpointStateMachine task thread for /0.0.0.0:33447 - 0 ] INFO  replication.ReplicationServer (ReplicationServer.java:start(111)) - ReplicationServer is started using port 36603
2022-06-21 13:54:49,153 [EndpointStateMachine task thread for /0.0.0.0:33447 - 0 ] INFO  ratis.XceiverServerRatis (XceiverServerRatis.java:start(481)) - Starting XceiverServerRatis 3f2f5716-e318-4c9d-8cf6-ca563bbe3eeb
2022-06-21 13:54:49,159 [EndpointStateMachine task thread for /0.0.0.0:33447 - 0 ] INFO  server.RaftServer (RaftServerProxy.java:lambda$start$6(382)) - 3f2f5716-e318-4c9d-8cf6-ca563bbe3eeb: start RPC server
2022-06-21 13:54:49,171 [EndpointStateMachine task thread for /0.0.0.0:33447 - 0 ] INFO  server.GrpcService (GrpcService.java:startImpl(260)) - 3f2f5716-e318-4c9d-8cf6-ca563bbe3eeb: GrpcService started, listening on 41473
2022-06-21 13:54:49,171 [EndpointStateMachine task thread for /0.0.0.0:33447 - 0 ] INFO  ratis.XceiverServerRatis (XceiverServerRatis.java:getRealPort(502)) - XceiverServerRatis 3f2f5716-e318-4c9d-8cf6-ca563bbe3eeb is started using port 41473 for RATIS
2022-06-21 13:54:49,171 [EndpointStateMachine task thread for /0.0.0.0:33447 - 0 ] INFO  ratis.XceiverServerRatis (XceiverServerRatis.java:getRealPort(502)) - XceiverServerRatis 3f2f5716-e318-4c9d-8cf6-ca563bbe3eeb is started using port 41473 for RATIS_ADMIN
2022-06-21 13:54:49,171 [EndpointStateMachine task thread for /0.0.0.0:33447 - 0 ] INFO  ratis.XceiverServerRatis (XceiverServerRatis.java:getRealPort(502)) - XceiverServerRatis 3f2f5716-e318-4c9d-8cf6-ca563bbe3eeb is started using port 41473 for RATIS_SERVER
2022-06-21 13:54:49,174 [org.apache.ratis.util.JvmPauseMonitor$$Lambda$627/290163460@70410692] INFO  util.JvmPauseMonitor (JvmPauseMonitor.java:run(103)) - JvmPauseMonitor-3f2f5716-e318-4c9d-8cf6-ca563bbe3eeb: Started
2022-06-21 13:54:49,188 [IPC Server handler 18 on default port 33447] INFO  net.NetworkTopologyImpl (NetworkTopologyImpl.java:add(112)) - Added a new node: /default-rack/6f924676-de29-4bda-9abe-50e624e9409e
2022-06-21 13:54:49,188 [IPC Server handler 18 on default port 33447] INFO  node.SCMNodeManager (SCMNodeManager.java:register(394)) - Registered Data node : 6f924676-de29-4bda-9abe-50e624e9409e{ip: 10.1.0.15, host: fv-az194-567.vahfjs35atkulmpwh5ujf4txfe.jx.internal.cloudapp.net, ports: [REPLICATION=39601, RATIS=35717, RATIS_ADMIN=35717, RATIS_SERVER=35717, STANDALONE=35283], networkLocation: /default-rack, certSerialId: null, persistedOpState: null, persistedOpStateExpiryEpochSec: 0}
2022-06-21 13:54:49,192 [EventQueue-NodeRegistrationContainerReportForContainerSafeModeRule] INFO  safemode.SCMSafeModeManager (SCMSafeModeManager.java:validateSafeModeExitRules(204)) - ContainerSafeModeRule rule is successfully validated
2022-06-21 13:54:49,192 [EventQueue-NodeRegistrationContainerReportForDataNodeSafeModeRule] INFO  safemode.SCMSafeModeManager (DataNodeSafeModeRule.java:process(71)) - SCM in safe mode. 1 DataNodes registered, 3 required.
2022-06-21 13:54:49,206 [EventQueue-NewNodeForNewNodeHandler] INFO  pipeline.BackgroundPipelineCreator (BackgroundPipelineCreator.java:notifyEventTriggered(272)) - trigger a one-shot run on RatisPipelineUtilsThread.
2022-06-21 13:54:49,207 [RatisPipelineUtilsThread - 0] INFO  pipeline.RatisPipelineProvider (RatisPipelineProvider.java:lambda$create$0(195)) - Sending CreatePipelineCommand for pipeline:PipelineID=00ec36d6-913b-49a2-8121-79d5ad7e9c4c to datanode:6f924676-de29-4bda-9abe-50e624e9409e
2022-06-21 13:54:49,207 [EventQueue-PipelineReportForOneReplicaPipelineSafeModeRule] INFO  safemode.SCMSafeModeManager (SCMSafeModeManager.java:validateSafeModeExitRules(204)) - AtleastOneDatanodeReportedRule rule is successfully validated
2022-06-21 13:54:49,227 [RatisPipelineUtilsThread - 0] INFO  pipeline.PipelineStateManagerImpl (PipelineStateManagerImpl.java:addPipeline(101)) - Created pipeline Pipeline[ Id: 00ec36d6-913b-49a2-8121-79d5ad7e9c4c, Nodes: 6f924676-de29-4bda-9abe-50e624e9409e{ip: 10.1.0.15, host: fv-az194-567.vahfjs35atkulmpwh5ujf4txfe.jx.internal.cloudapp.net, ports: [REPLICATION=39601, RATIS=35717, RATIS_ADMIN=35717, RATIS_SERVER=35717, STANDALONE=35283], networkLocation: /default-rack, certSerialId: null, persistedOpState: IN_SERVICE, persistedOpStateExpiryEpochSec: 0}, ReplicationConfig: RATIS/ONE, State:ALLOCATED, leaderId:, CreationTimestamp2022-06-21T13:54:49.207Z[Etc/UTC]].
2022-06-21 13:54:49,247 [EndpointStateMachine task thread for /0.0.0.0:33447 - 0 ] INFO  server.XceiverServerGrpc (XceiverServerGrpc.java:start(180)) - XceiverServerGrpc 3f2f5716-e318-4c9d-8cf6-ca563bbe3eeb is started using port 33845
2022-06-21 13:54:49,491 [Listener at 127.0.0.1/42759] INFO  handler.ContextHandler (ContextHandler.java:doStart(915)) - Started o.e.j.w.WebAppContext@62a41f68{hddsDatanode,/,file:///tmp/jetty-0_0_0_0-35643-hdds-container-service-1_3_0-SNAPSHOT_jar-_-any-1160336707932368139/webapp/,AVAILABLE}{jar:file:/home/runner/.m2/repository/org/apache/ozone/hdds-container-service/1.3.0-SNAPSHOT/hdds-container-service-1.3.0-SNAPSHOT.jar!/webapps/hddsDatanode}
2022-06-21 13:54:49,522 [Listener at 127.0.0.1/42759] INFO  server.AbstractConnector (AbstractConnector.java:doStart(331)) - Started ServerConnector@1d411279{HTTP/1.1, (http/1.1)}{0.0.0.0:35643}
2022-06-21 13:54:49,523 [Listener at 127.0.0.1/42759] INFO  server.Server (Server.java:doStart(415)) - Started @145516ms
2022-06-21 13:54:49,523 [Listener at 127.0.0.1/42759] WARN  impl.MetricsSystemImpl (MetricsSystemImpl.java:register(279)) - Sink prometheus already exists!
2022-06-21 13:54:49,524 [Listener at 127.0.0.1/42759] INFO  http.BaseHttpServer (BaseHttpServer.java:updateConnectorAddress(329)) - HTTP server of hddsDatanode listening at http://0.0.0.0:35643
2022-06-21 13:54:49,535 [Listener at 127.0.0.1/42759] INFO  ozone.MiniOzoneClusterImpl (MiniOzoneClusterImpl.java:lambda$waitForClusterToBeReady$0(222)) - Waiting for nodes to be ready. Got 1 of 5 DN Heartbeats.
2022-06-21 13:54:49,535 [Listener at 127.0.0.1/42759] INFO  ozone.MiniOzoneClusterImpl (MiniOzoneClusterImpl.java:lambda$waitForClusterToBeReady$0(225)) - Waiting for cluster to exit safe mode
2022-06-21 13:54:49,535 [Listener at 127.0.0.1/42759] INFO  ozone.MiniOzoneClusterImpl (MiniOzoneClusterImpl.java:lambda$waitForClusterToBeReady$0(227)) - SCM became leader
2022-06-21 13:54:49,540 [Datanode State Machine Daemon Thread] INFO  statemachine.DatanodeStateMachine (DatanodeStateMachine.java:lambda$startDaemon$0(492)) - Ozone container server started.
2022-06-21 13:54:49,575 [org.apache.hadoop.util.JvmPauseMonitor$Monitor@7a36c6fe] INFO  util.JvmPauseMonitor (JvmPauseMonitor.java:run(188)) - Starting JVM pause monitor
2022-06-21 13:54:49,607 [Datanode State Machine Task Thread - 0] INFO  datanode.InitDatanodeState (InitDatanodeState.java:persistContainerDatanodeDetails(138)) - DatanodeDetails is persisted to /home/runner/work/ozone/ozone/hadoop-ozone/integration-test/target/test-dir/MiniOzoneClusterImpl-3f841ece-6686-4b0e-b99d-a05159fb56b1/datanode-4/meta/datanode.id
2022-06-21 13:54:50,007 [IPC Server handler 18 on default port 33447] INFO  net.NetworkTopologyImpl (NetworkTopologyImpl.java:add(112)) - Added a new node: /default-rack/c45c8671-7070-4be0-aa13-1f2d6b7a9218
2022-06-21 13:54:50,008 [IPC Server handler 18 on default port 33447] INFO  node.SCMNodeManager (SCMNodeManager.java:register(394)) - Registered Data node : c45c8671-7070-4be0-aa13-1f2d6b7a9218{ip: 10.1.0.15, host: fv-az194-567.vahfjs35atkulmpwh5ujf4txfe.jx.internal.cloudapp.net, ports: [REPLICATION=36691, RATIS=39709, RATIS_ADMIN=39709, RATIS_SERVER=39709, STANDALONE=35267], networkLocation: /default-rack, certSerialId: null, persistedOpState: null, persistedOpStateExpiryEpochSec: 0}
2022-06-21 13:54:50,008 [EventQueue-NodeRegistrationContainerReportForDataNodeSafeModeRule] INFO  safemode.SCMSafeModeManager (DataNodeSafeModeRule.java:process(71)) - SCM in safe mode. 2 DataNodes registered, 3 required.
2022-06-21 13:54:50,008 [EventQueue-NewNodeForNewNodeHandler] INFO  pipeline.BackgroundPipelineCreator (BackgroundPipelineCreator.java:notifyEventTriggered(272)) - trigger a one-shot run on RatisPipelineUtilsThread.
2022-06-21 13:54:50,024 [RatisPipelineUtilsThread - 0] INFO  pipeline.RatisPipelineProvider (RatisPipelineProvider.java:lambda$create$0(195)) - Sending CreatePipelineCommand for pipeline:PipelineID=d16477df-23da-41c9-b47d-e80b0928f1a1 to datanode:c45c8671-7070-4be0-aa13-1f2d6b7a9218
2022-06-21 13:54:50,025 [RatisPipelineUtilsThread - 0] INFO  pipeline.PipelineStateManagerImpl (PipelineStateManagerImpl.java:addPipeline(101)) - Created pipeline Pipeline[ Id: d16477df-23da-41c9-b47d-e80b0928f1a1, Nodes: c45c8671-7070-4be0-aa13-1f2d6b7a9218{ip: 10.1.0.15, host: fv-az194-567.vahfjs35atkulmpwh5ujf4txfe.jx.internal.cloudapp.net, ports: [REPLICATION=36691, RATIS=39709, RATIS_ADMIN=39709, RATIS_SERVER=39709, STANDALONE=35267], networkLocation: /default-rack, certSerialId: null, persistedOpState: IN_SERVICE, persistedOpStateExpiryEpochSec: 0}, ReplicationConfig: RATIS/ONE, State:ALLOCATED, leaderId:, CreationTimestamp2022-06-21T13:54:50.024Z[Etc/UTC]].
2022-06-21 13:54:50,537 [Listener at 127.0.0.1/42759] INFO  ozone.MiniOzoneClusterImpl (MiniOzoneClusterImpl.java:lambda$waitForClusterToBeReady$0(222)) - Waiting for nodes to be ready. Got 2 of 5 DN Heartbeats.
2022-06-21 13:54:50,537 [Listener at 127.0.0.1/42759] INFO  ozone.MiniOzoneClusterImpl (MiniOzoneClusterImpl.java:lambda$waitForClusterToBeReady$0(225)) - Waiting for cluster to exit safe mode
2022-06-21 13:54:50,537 [Listener at 127.0.0.1/42759] INFO  ozone.MiniOzoneClusterImpl (MiniOzoneClusterImpl.java:lambda$waitForClusterToBeReady$0(227)) - SCM became leader
2022-06-21 13:54:50,587 [EndpointStateMachine task thread for /0.0.0.0:33447 - 0 ] INFO  volume.HddsVolume (HddsVolume.java:createDbStore(309)) - SchemaV3 db is created and loaded at /home/runner/work/ozone/ozone/hadoop-ozone/integration-test/target/test-dir/MiniOzoneClusterImpl-3f841ece-6686-4b0e-b99d-a05159fb56b1/datanode-3/data-0/containers/hdds/3f841ece-6686-4b0e-b99d-a05159fb56b1/DS-cff19144-39a6-4ef5-839c-49067d999a1e/container.db for volume DS-cff19144-39a6-4ef5-839c-49067d999a1e
2022-06-21 13:54:50,589 [EndpointStateMachine task thread for /0.0.0.0:33447 - 0 ] INFO  volume.HddsVolume (HddsVolume.java:closeDbStore(340)) - SchemaV3 db is stopped at /home/runner/work/ozone/ozone/hadoop-ozone/integration-test/target/test-dir/MiniOzoneClusterImpl-3f841ece-6686-4b0e-b99d-a05159fb56b1/datanode-3/data-0/containers/hdds/3f841ece-6686-4b0e-b99d-a05159fb56b1/DS-cff19144-39a6-4ef5-839c-49067d999a1e/container.db for volume DS-cff19144-39a6-4ef5-839c-49067d999a1e
2022-06-21 13:54:50,589 [EndpointStateMachine task thread for /0.0.0.0:33447 - 0 ] INFO  ozoneimpl.OzoneContainer (OzoneContainer.java:start(344)) - Attempting to start container services.
2022-06-21 13:54:50,589 [EndpointStateMachine task thread for /0.0.0.0:33447 - 0 ] INFO  ozoneimpl.OzoneContainer (OzoneContainer.java:startContainerScrub(279)) - Background container scanner has been disabled.
2022-06-21 13:54:50,595 [EndpointStateMachine task thread for /0.0.0.0:33447 - 0 ] INFO  replication.ReplicationServer (ReplicationServer.java:start(111)) - ReplicationServer is started using port 36063
2022-06-21 13:54:50,599 [EndpointStateMachine task thread for /0.0.0.0:33447 - 0 ] INFO  ratis.XceiverServerRatis (XceiverServerRatis.java:start(481)) - Starting XceiverServerRatis e8a5f4c1-362e-4bfa-a43a-3b00239108a9
2022-06-21 13:54:50,603 [EndpointStateMachine task thread for /0.0.0.0:33447 - 0 ] INFO  server.RaftServer (RaftServerProxy.java:lambda$start$6(382)) - e8a5f4c1-362e-4bfa-a43a-3b00239108a9: start RPC server
2022-06-21 13:54:50,622 [EndpointStateMachine task thread for /0.0.0.0:33447 - 0 ] INFO  server.GrpcService (GrpcService.java:startImpl(260)) - e8a5f4c1-362e-4bfa-a43a-3b00239108a9: GrpcService started, listening on 43683
2022-06-21 13:54:50,626 [EndpointStateMachine task thread for /0.0.0.0:33447 - 0 ] INFO  ratis.XceiverServerRatis (XceiverServerRatis.java:getRealPort(502)) - XceiverServerRatis e8a5f4c1-362e-4bfa-a43a-3b00239108a9 is started using port 43683 for RATIS
2022-06-21 13:54:50,626 [EndpointStateMachine task thread for /0.0.0.0:33447 - 0 ] INFO  ratis.XceiverServerRatis (XceiverServerRatis.java:getRealPort(502)) - XceiverServerRatis e8a5f4c1-362e-4bfa-a43a-3b00239108a9 is started using port 43683 for RATIS_ADMIN
2022-06-21 13:54:50,626 [EndpointStateMachine task thread for /0.0.0.0:33447 - 0 ] INFO  ratis.XceiverServerRatis (XceiverServerRatis.java:getRealPort(502)) - XceiverServerRatis e8a5f4c1-362e-4bfa-a43a-3b00239108a9 is started using port 43683 for RATIS_SERVER
2022-06-21 13:54:50,627 [org.apache.ratis.util.JvmPauseMonitor$$Lambda$627/290163460@2f7ab441] INFO  util.JvmPauseMonitor (JvmPauseMonitor.java:run(103)) - JvmPauseMonitor-e8a5f4c1-362e-4bfa-a43a-3b00239108a9: Started
2022-06-21 13:54:50,671 [EndpointStateMachine task thread for /0.0.0.0:33447 - 0 ] INFO  server.XceiverServerGrpc (XceiverServerGrpc.java:start(180)) - XceiverServerGrpc e8a5f4c1-362e-4bfa-a43a-3b00239108a9 is started using port 43593
2022-06-21 13:54:50,938 [IPC Server handler 19 on default port 33447] INFO  net.NetworkTopologyImpl (NetworkTopologyImpl.java:add(112)) - Added a new node: /default-rack/3f2f5716-e318-4c9d-8cf6-ca563bbe3eeb
2022-06-21 13:54:50,938 [IPC Server handler 19 on default port 33447] INFO  node.SCMNodeManager (SCMNodeManager.java:register(394)) - Registered Data node : 3f2f5716-e318-4c9d-8cf6-ca563bbe3eeb{ip: 10.1.0.15, host: fv-az194-567.vahfjs35atkulmpwh5ujf4txfe.jx.internal.cloudapp.net, ports: [REPLICATION=36603, RATIS=41473, RATIS_ADMIN=41473, RATIS_SERVER=41473, STANDALONE=33845], networkLocation: /default-rack, certSerialId: null, persistedOpState: null, persistedOpStateExpiryEpochSec: 0}
2022-06-21 13:54:50,938 [EventQueue-NodeRegistrationContainerReportForDataNodeSafeModeRule] INFO  safemode.SCMSafeModeManager (DataNodeSafeModeRule.java:process(71)) - SCM in safe mode. 3 DataNodes registered, 3 required.
2022-06-21 13:54:50,939 [EventQueue-NodeRegistrationContainerReportForDataNodeSafeModeRule] INFO  safemode.SCMSafeModeManager (SCMSafeModeManager.java:validateSafeModeExitRules(204)) - DataNodeSafeModeRule rule is successfully validated
2022-06-21 13:54:50,939 [EventQueue-NewNodeForNewNodeHandler] INFO  pipeline.BackgroundPipelineCreator (BackgroundPipelineCreator.java:notifyEventTriggered(272)) - trigger a one-shot run on RatisPipelineUtilsThread.
2022-06-21 13:54:50,939 [EventQueue-NodeRegistrationContainerReportForDataNodeSafeModeRule] INFO  safemode.SCMSafeModeManager (SCMSafeModeManager.java:completePreCheck(233)) - All SCM safe mode pre check rules have passed
2022-06-21 13:54:50,939 [EventQueue-NodeRegistrationContainerReportForDataNodeSafeModeRule] WARN  events.EventQueue (EventQueue.java:fireEvent(194)) - No event handler registered for event TypedEvent{payloadType=SafeModeStatus, name='Safe mode status'}
2022-06-21 13:54:50,939 [EventQueue-NodeRegistrationContainerReportForDataNodeSafeModeRule] INFO  ha.SCMContext (SCMContext.java:updateSafeModeStatus(228)) - Update SafeModeStatus from SafeModeStatus{safeModeStatus=true, preCheckPassed=false} to SafeModeStatus{safeModeStatus=true, preCheckPassed=true}.
2022-06-21 13:54:50,939 [EventQueue-NodeRegistrationContainerReportForDataNodeSafeModeRule] INFO  pipeline.BackgroundPipelineCreator (BackgroundPipelineCreator.java:notifyEventTriggered(272)) - trigger a one-shot run on RatisPipelineUtilsThread.
2022-06-21 13:54:50,939 [RatisPipelineUtilsThread - 0] INFO  pipeline.RatisPipelineProvider (RatisPipelineProvider.java:lambda$create$0(195)) - Sending CreatePipelineCommand for pipeline:PipelineID=81ce5971-3efe-42ec-939d-e1f5367ca89e to datanode:3f2f5716-e318-4c9d-8cf6-ca563bbe3eeb
2022-06-21 13:54:50,939 [RatisPipelineUtilsThread - 0] INFO  pipeline.PipelineStateManagerImpl (PipelineStateManagerImpl.java:addPipeline(101)) - Created pipeline Pipeline[ Id: 81ce5971-3efe-42ec-939d-e1f5367ca89e, Nodes: 3f2f5716-e318-4c9d-8cf6-ca563bbe3eeb{ip: 10.1.0.15, host: fv-az194-567.vahfjs35atkulmpwh5ujf4txfe.jx.internal.cloudapp.net, ports: [REPLICATION=36603, RATIS=41473, RATIS_ADMIN=41473, RATIS_SERVER=41473, STANDALONE=33845], networkLocation: /default-rack, certSerialId: null, persistedOpState: IN_SERVICE, persistedOpStateExpiryEpochSec: 0}, ReplicationConfig: RATIS/ONE, State:ALLOCATED, leaderId:, CreationTimestamp2022-06-21T13:54:50.939Z[Etc/UTC]].
2022-06-21 13:54:50,940 [RatisPipelineUtilsThread - 0] INFO  pipeline.RatisPipelineProvider (RatisPipelineProvider.java:lambda$create$0(195)) - Sending CreatePipelineCommand for pipeline:PipelineID=fd3ce4dc-3006-4433-bd70-7c04624aabf3 to datanode:6f924676-de29-4bda-9abe-50e624e9409e
2022-06-21 13:54:50,940 [RatisPipelineUtilsThread - 0] INFO  pipeline.RatisPipelineProvider (RatisPipelineProvider.java:lambda$create$0(195)) - Sending CreatePipelineCommand for pipeline:PipelineID=fd3ce4dc-3006-4433-bd70-7c04624aabf3 to datanode:c45c8671-7070-4be0-aa13-1f2d6b7a9218
2022-06-21 13:54:50,940 [RatisPipelineUtilsThread - 0] INFO  pipeline.RatisPipelineProvider (RatisPipelineProvider.java:lambda$create$0(195)) - Sending CreatePipelineCommand for pipeline:PipelineID=fd3ce4dc-3006-4433-bd70-7c04624aabf3 to datanode:3f2f5716-e318-4c9d-8cf6-ca563bbe3eeb
2022-06-21 13:54:50,940 [RatisPipelineUtilsThread - 0] INFO  pipeline.PipelineStateManagerImpl (PipelineStateManagerImpl.java:addPipeline(101)) - Created pipeline Pipeline[ Id: fd3ce4dc-3006-4433-bd70-7c04624aabf3, Nodes: 6f924676-de29-4bda-9abe-50e624e9409e{ip: 10.1.0.15, host: fv-az194-567.vahfjs35atkulmpwh5ujf4txfe.jx.internal.cloudapp.net, ports: [REPLICATION=39601, RATIS=35717, RATIS_ADMIN=35717, RATIS_SERVER=35717, STANDALONE=35283], networkLocation: /default-rack, certSerialId: null, persistedOpState: IN_SERVICE, persistedOpStateExpiryEpochSec: 0}c45c8671-7070-4be0-aa13-1f2d6b7a9218{ip: 10.1.0.15, host: fv-az194-567.vahfjs35atkulmpwh5ujf4txfe.jx.internal.cloudapp.net, ports: [REPLICATION=36691, RATIS=39709, RATIS_ADMIN=39709, RATIS_SERVER=39709, STANDALONE=35267], networkLocation: /default-rack, certSerialId: null, persistedOpState: IN_SERVICE, persistedOpStateExpiryEpochSec: 0}3f2f5716-e318-4c9d-8cf6-ca563bbe3eeb{ip: 10.1.0.15, host: fv-az194-567.vahfjs35atkulmpwh5ujf4txfe.jx.internal.cloudapp.net, ports: [REPLICATION=36603, RATIS=41473, RATIS_ADMIN=41473, RATIS_SERVER=41473, STANDALONE=33845], networkLocation: /default-rack, certSerialId: null, persistedOpState: IN_SERVICE, persistedOpStateExpiryEpochSec: 0}, ReplicationConfig: RATIS/THREE, State:ALLOCATED, leaderId:, CreationTimestamp2022-06-21T13:54:50.940Z[Etc/UTC]].
2022-06-21 13:54:50,941 [RatisPipelineUtilsThread - 0] INFO  pipeline.RatisPipelineProvider (RatisPipelineProvider.java:lambda$create$0(195)) - Sending CreatePipelineCommand for pipeline:PipelineID=a3ee74f2-a989-4ae7-ba8a-86627bf40fcd to datanode:3f2f5716-e318-4c9d-8cf6-ca563bbe3eeb
2022-06-21 13:54:50,941 [RatisPipelineUtilsThread - 0] INFO  pipeline.RatisPipelineProvider (RatisPipelineProvider.java:lambda$create$0(195)) - Sending CreatePipelineCommand for pipeline:PipelineID=a3ee74f2-a989-4ae7-ba8a-86627bf40fcd to datanode:6f924676-de29-4bda-9abe-50e624e9409e
2022-06-21 13:54:50,941 [RatisPipelineUtilsThread - 0] INFO  pipeline.RatisPipelineProvider (RatisPipelineProvider.java:lambda$create$0(195)) - Sending CreatePipelineCommand for pipeline:PipelineID=a3ee74f2-a989-4ae7-ba8a-86627bf40fcd to datanode:c45c8671-7070-4be0-aa13-1f2d6b7a9218
2022-06-21 13:54:50,941 [RatisPipelineUtilsThread - 0] INFO  pipeline.PipelineStateManagerImpl (PipelineStateManagerImpl.java:addPipeline(101)) - Created pipeline Pipeline[ Id: a3ee74f2-a989-4ae7-ba8a-86627bf40fcd, Nodes: 3f2f5716-e318-4c9d-8cf6-ca563bbe3eeb{ip: 10.1.0.15, host: fv-az194-567.vahfjs35atkulmpwh5ujf4txfe.jx.internal.cloudapp.net, ports: [REPLICATION=36603, RATIS=41473, RATIS_ADMIN=41473, RATIS_SERVER=41473, STANDALONE=33845], networkLocation: /default-rack, certSerialId: null, persistedOpState: IN_SERVICE, persistedOpStateExpiryEpochSec: 0}6f924676-de29-4bda-9abe-50e624e9409e{ip: 10.1.0.15, host: fv-az194-567.vahfjs35atkulmpwh5ujf4txfe.jx.internal.cloudapp.net, ports: [REPLICATION=39601, RATIS=35717, RATIS_ADMIN=35717, RATIS_SERVER=35717, STANDALONE=35283], networkLocation: /default-rack, certSerialId: null, persistedOpState: IN_SERVICE, persistedOpStateExpiryEpochSec: 0}c45c8671-7070-4be0-aa13-1f2d6b7a9218{ip: 10.1.0.15, host: fv-az194-567.vahfjs35atkulmpwh5ujf4txfe.jx.internal.cloudapp.net, ports: [REPLICATION=36691, RATIS=39709, RATIS_ADMIN=39709, RATIS_SERVER=39709, STANDALONE=35267], networkLocation: /default-rack, certSerialId: null, persistedOpState: IN_SERVICE, persistedOpStateExpiryEpochSec: 0}, ReplicationConfig: RATIS/THREE, State:ALLOCATED, leaderId:, CreationTimestamp2022-06-21T13:54:50.941Z[Etc/UTC]].
2022-06-21 13:54:50,941 [RatisPipelineUtilsThread - 0] INFO  pipeline.PipelineManagerImpl (PipelineManagerImpl.java:recordMetricsForPipeline(715)) - Pipeline: PipelineID=a3ee74f2-a989-4ae7-ba8a-86627bf40fcd contains same datanodes as previous pipelines: PipelineID=fd3ce4dc-3006-4433-bd70-7c04624aabf3 nodeIds: 3f2f5716-e318-4c9d-8cf6-ca563bbe3eeb, 6f924676-de29-4bda-9abe-50e624e9409e, c45c8671-7070-4be0-aa13-1f2d6b7a9218
2022-06-21 13:54:51,537 [Listener at 127.0.0.1/42759] INFO  ozone.MiniOzoneClusterImpl (MiniOzoneClusterImpl.java:lambda$waitForClusterToBeReady$0(222)) - Waiting for nodes to be ready. Got 3 of 5 DN Heartbeats.
2022-06-21 13:54:51,554 [Listener at 127.0.0.1/42759] INFO  ozone.MiniOzoneClusterImpl (MiniOzoneClusterImpl.java:lambda$waitForClusterToBeReady$0(225)) - Waiting for cluster to exit safe mode
2022-06-21 13:54:51,555 [Listener at 127.0.0.1/42759] INFO  ozone.MiniOzoneClusterImpl (MiniOzoneClusterImpl.java:lambda$waitForClusterToBeReady$0(227)) - SCM became leader
2022-06-21 13:54:51,712 [EndpointStateMachine task thread for /0.0.0.0:33447 - 0 ] INFO  volume.HddsVolume (HddsVolume.java:createDbStore(309)) - SchemaV3 db is created and loaded at /home/runner/work/ozone/ozone/hadoop-ozone/integration-test/target/test-dir/MiniOzoneClusterImpl-3f841ece-6686-4b0e-b99d-a05159fb56b1/datanode-4/data-0/containers/hdds/3f841ece-6686-4b0e-b99d-a05159fb56b1/DS-2b9312ed-de81-41b8-9e6d-54a74015556e/container.db for volume DS-2b9312ed-de81-41b8-9e6d-54a74015556e
2022-06-21 13:54:51,714 [EndpointStateMachine task thread for /0.0.0.0:33447 - 0 ] INFO  volume.HddsVolume (HddsVolume.java:closeDbStore(340)) - SchemaV3 db is stopped at /home/runner/work/ozone/ozone/hadoop-ozone/integration-test/target/test-dir/MiniOzoneClusterImpl-3f841ece-6686-4b0e-b99d-a05159fb56b1/datanode-4/data-0/containers/hdds/3f841ece-6686-4b0e-b99d-a05159fb56b1/DS-2b9312ed-de81-41b8-9e6d-54a74015556e/container.db for volume DS-2b9312ed-de81-41b8-9e6d-54a74015556e
2022-06-21 13:54:51,714 [EndpointStateMachine task thread for /0.0.0.0:33447 - 0 ] INFO  ozoneimpl.OzoneContainer (OzoneContainer.java:start(344)) - Attempting to start container services.
2022-06-21 13:54:51,714 [EndpointStateMachine task thread for /0.0.0.0:33447 - 0 ] INFO  ozoneimpl.OzoneContainer (OzoneContainer.java:startContainerScrub(279)) - Background container scanner has been disabled.
2022-06-21 13:54:51,716 [EndpointStateMachine task thread for /0.0.0.0:33447 - 0 ] INFO  replication.ReplicationServer (ReplicationServer.java:start(111)) - ReplicationServer is started using port 40781
2022-06-21 13:54:51,717 [EndpointStateMachine task thread for /0.0.0.0:33447 - 0 ] INFO  ratis.XceiverServerRatis (XceiverServerRatis.java:start(481)) - Starting XceiverServerRatis 6348a8bb-f743-4f3c-b062-6091d580fb19
2022-06-21 13:54:51,723 [EndpointStateMachine task thread for /0.0.0.0:33447 - 0 ] INFO  server.RaftServer (RaftServerProxy.java:lambda$start$6(382)) - 6348a8bb-f743-4f3c-b062-6091d580fb19: start RPC server
2022-06-21 13:54:51,743 [EndpointStateMachine task thread for /0.0.0.0:33447 - 0 ] INFO  server.GrpcService (GrpcService.java:startImpl(260)) - 6348a8bb-f743-4f3c-b062-6091d580fb19: GrpcService started, listening on 33579
2022-06-21 13:54:51,746 [EndpointStateMachine task thread for /0.0.0.0:33447 - 0 ] INFO  ratis.XceiverServerRatis (XceiverServerRatis.java:getRealPort(502)) - XceiverServerRatis 6348a8bb-f743-4f3c-b062-6091d580fb19 is started using port 33579 for RATIS
2022-06-21 13:54:51,747 [EndpointStateMachine task thread for /0.0.0.0:33447 - 0 ] INFO  ratis.XceiverServerRatis (XceiverServerRatis.java:getRealPort(502)) - XceiverServerRatis 6348a8bb-f743-4f3c-b062-6091d580fb19 is started using port 33579 for RATIS_ADMIN
2022-06-21 13:54:51,747 [EndpointStateMachine task thread for /0.0.0.0:33447 - 0 ] INFO  ratis.XceiverServerRatis (XceiverServerRatis.java:getRealPort(502)) - XceiverServerRatis 6348a8bb-f743-4f3c-b062-6091d580fb19 is started using port 33579 for RATIS_SERVER
2022-06-21 13:54:51,747 [org.apache.ratis.util.JvmPauseMonitor$$Lambda$627/290163460@7728ae54] INFO  util.JvmPauseMonitor (JvmPauseMonitor.java:run(103)) - JvmPauseMonitor-6348a8bb-f743-4f3c-b062-6091d580fb19: Started
2022-06-21 13:54:51,815 [EndpointStateMachine task thread for /0.0.0.0:33447 - 0 ] INFO  server.XceiverServerGrpc (XceiverServerGrpc.java:start(180)) - XceiverServerGrpc 6348a8bb-f743-4f3c-b062-6091d580fb19 is started using port 34519
2022-06-21 13:54:52,186 [Command processor thread] INFO  server.RaftServer (RaftServerProxy.java:addNew(96)) - 6f924676-de29-4bda-9abe-50e624e9409e: addNew group-79D5AD7E9C4C:[6f924676-de29-4bda-9abe-50e624e9409e|rpc:10.1.0.15:35717|priority:1] returns group-79D5AD7E9C4C:java.util.concurrent.CompletableFuture@52be4041[Not completed]
2022-06-21 13:54:52,211 [pool-544-thread-1] INFO  server.RaftServer$Division (RaftServerImpl.java:<init>(190)) - 6f924676-de29-4bda-9abe-50e624e9409e: new RaftServerImpl for group-79D5AD7E9C4C:[6f924676-de29-4bda-9abe-50e624e9409e|rpc:10.1.0.15:35717|priority:1] with ContainerStateMachine:uninitialized
2022-06-21 13:54:52,211 [pool-544-thread-1] INFO  server.RaftServerConfigKeys (ConfUtils.java:logGet(46)) - raft.server.rpc.timeout.min = 5s (custom)
2022-06-21 13:54:52,212 [pool-544-thread-1] INFO  server.RaftServerConfigKeys (ConfUtils.java:logGet(46)) - raft.server.rpc.timeout.max = 5200ms (custom)
2022-06-21 13:54:52,212 [pool-544-thread-1] INFO  server.RaftServerConfigKeys (ConfUtils.java:logGet(46)) - raft.server.rpc.sleep.time = 25ms (default)
2022-06-21 13:54:52,212 [pool-544-thread-1] INFO  server.RaftServerConfigKeys (ConfUtils.java:logGet(46)) - raft.server.rpc.slowness.timeout = 300s (custom)
2022-06-21 13:54:52,212 [pool-544-thread-1] INFO  server.RaftServerConfigKeys (ConfUtils.java:logGet(46)) - raft.server.leaderelection.leader.step-down.wait-time = 10s (default)
2022-06-21 13:54:52,212 [pool-544-thread-1] INFO  server.RaftServerConfigKeys (ConfUtils.java:logGet(46)) - raft.server.sleep.deviation.threshold = 300ms (default)
2022-06-21 13:54:52,212 [pool-544-thread-1] INFO  server.RaftServer$Division (ServerState.java:<init>(107)) - 6f924676-de29-4bda-9abe-50e624e9409e@group-79D5AD7E9C4C: ConfigurationManager, init=-1: [6f924676-de29-4bda-9abe-50e624e9409e|rpc:10.1.0.15:35717|priority:1], old=null, confs=<EMPTY_MAP>
2022-06-21 13:54:52,212 [pool-544-thread-1] INFO  server.RaftServerConfigKeys (ConfUtils.java:logGet(46)) - raft.server.storage.dir = [/home/runner/work/ozone/ozone/hadoop-ozone/integration-test/target/test-dir/MiniOzoneClusterImpl-3f841ece-6686-4b0e-b99d-a05159fb56b1/datanode-0/data/ratis] (custom)
2022-06-21 13:54:52,212 [pool-544-thread-1] INFO  server.RaftServerConfigKeys (ConfUtils.java:logGet(46)) - raft.server.log.corruption.policy = EXCEPTION (default)
2022-06-21 13:54:52,212 [pool-544-thread-1] INFO  server.RaftServerConfigKeys (ConfUtils.java:logGet(46)) - raft.server.storage.free-space.min = 0MB (=0) (default)
2022-06-21 13:54:52,212 [pool-544-thread-1] INFO  storage.RaftStorageDirectory (RaftStorageDirectoryImpl.java:analyzeStorage(135)) - The storage directory /home/runner/work/ozone/ozone/hadoop-ozone/integration-test/target/test-dir/MiniOzoneClusterImpl-3f841ece-6686-4b0e-b99d-a05159fb56b1/datanode-0/data/ratis/00ec36d6-913b-49a2-8121-79d5ad7e9c4c does not exist. Creating ...
2022-06-21 13:54:52,218 [pool-544-thread-1] INFO  storage.RaftStorageDirectory (RaftStorageDirectoryImpl.java:tryLock(230)) - Lock on /home/runner/work/ozone/ozone/hadoop-ozone/integration-test/target/test-dir/MiniOzoneClusterImpl-3f841ece-6686-4b0e-b99d-a05159fb56b1/datanode-0/data/ratis/00ec36d6-913b-49a2-8121-79d5ad7e9c4c/in_use.lock acquired by nodename 17605@fv-az194-567
2022-06-21 13:54:52,223 [pool-544-thread-1] INFO  storage.RaftStorage (RaftStorageImpl.java:format(89)) - Storage directory /home/runner/work/ozone/ozone/hadoop-ozone/integration-test/target/test-dir/MiniOzoneClusterImpl-3f841ece-6686-4b0e-b99d-a05159fb56b1/datanode-0/data/ratis/00ec36d6-913b-49a2-8121-79d5ad7e9c4c has been successfully formatted.
2022-06-21 13:54:52,226 [pool-544-thread-1] INFO  ratis.ContainerStateMachine (ContainerStateMachine.java:loadSnapshot(236)) - group-79D5AD7E9C4C: The snapshot info is null. Setting the last applied indexto:(t:0, i:~)
2022-06-21 13:54:52,227 [pool-544-thread-1] INFO  server.RaftServerConfigKeys (ConfUtils.java:logGet(46)) - raft.server.notification.no-leader.timeout = 300s (custom)
2022-06-21 13:54:52,227 [pool-544-thread-1] INFO  server.RaftServerConfigKeys (ConfUtils.java:logGet(46)) - raft.server.log.use.memory = false (default)
2022-06-21 13:54:52,227 [pool-544-thread-1] INFO  server.RaftServerConfigKeys (ConfUtils.java:logGet(46)) - raft.server.log.purge.gap = 1000000 (custom)
2022-06-21 13:54:52,227 [pool-544-thread-1] INFO  server.RaftServerConfigKeys (ConfUtils.java:logGet(46)) - raft.server.log.appender.buffer.byte-limit = 33554432 (custom)
2022-06-21 13:54:52,227 [pool-544-thread-1] INFO  server.RaftServerConfigKeys (ConfUtils.java:logGet(46)) - raft.server.log.statemachine.data.read.timeout = 1000ms (default)
2022-06-21 13:54:52,227 [pool-544-thread-1] INFO  server.RaftServerConfigKeys (ConfUtils.java:logGet(46)) - raft.server.log.segment.size.max = 1048576 (custom)
2022-06-21 13:54:52,228 [pool-544-thread-1] INFO  server.RaftServerConfigKeys (ConfUtils.java:logGet(46)) - raft.server.log.segment.cache.num.max = 2 (custom)
2022-06-21 13:54:52,228 [pool-544-thread-1] INFO  server.RaftServerConfigKeys (ConfUtils.java:logGet(46)) - raft.server.log.segment.cache.size.max = 200MB (=209715200) (default)
2022-06-21 13:54:52,228 [pool-544-thread-1] INFO  segmented.SegmentedRaftLogWorker (SegmentedRaftLogWorker.java:<init>(187)) - new 6f924676-de29-4bda-9abe-50e624e9409e@group-79D5AD7E9C4C-SegmentedRaftLogWorker for RaftStorageImpl:Storage Directory /home/runner/work/ozone/ozone/hadoop-ozone/integration-test/target/test-dir/MiniOzoneClusterImpl-3f841ece-6686-4b0e-b99d-a05159fb56b1/datanode-0/data/ratis/00ec36d6-913b-49a2-8121-79d5ad7e9c4c
2022-06-21 13:54:52,228 [pool-544-thread-1] INFO  server.RaftServerConfigKeys (ConfUtils.java:logGet(46)) - raft.server.log.queue.byte-limit = 4294967296 (custom)
2022-06-21 13:54:52,228 [pool-544-thread-1] INFO  server.RaftServerConfigKeys (ConfUtils.java:logGet(46)) - raft.server.log.queue.element-limit = 1024 (custom)
2022-06-21 13:54:52,228 [pool-544-thread-1] INFO  server.RaftServerConfigKeys (ConfUtils.java:logGet(46)) - raft.server.log.segment.size.max = 1048576 (custom)
2022-06-21 13:54:52,228 [pool-544-thread-1] INFO  server.RaftServerConfigKeys (ConfUtils.java:logGet(46)) - raft.server.log.preallocated.size = 16384 (custom)
2022-06-21 13:54:52,228 [pool-544-thread-1] INFO  server.RaftServerConfigKeys (ConfUtils.java:logGet(46)) - raft.server.log.force.sync.num = 128 (default)
2022-06-21 13:54:52,228 [pool-544-thread-1] INFO  server.RaftServerConfigKeys (ConfUtils.java:logGet(46)) - raft.server.log.statemachine.data.sync = true (default)
2022-06-21 13:54:52,228 [pool-544-thread-1] INFO  server.RaftServerConfigKeys (ConfUtils.java:logGet(46)) - raft.server.log.statemachine.data.sync.timeout = 10s (default)
2022-06-21 13:54:52,228 [pool-544-thread-1] INFO  server.RaftServerConfigKeys (ConfUtils.java:logGet(46)) - raft.server.log.statemachine.data.sync.timeout.retry = -1 (default)
2022-06-21 13:54:52,229 [pool-544-thread-1] INFO  server.RaftServerConfigKeys (ConfUtils.java:logGet(46)) - raft.server.log.write.buffer.size = 1048576 (custom)
2022-06-21 13:54:52,229 [pool-544-thread-1] INFO  server.RaftServerConfigKeys (ConfUtils.java:logGet(46)) - raft.server.log.unsafe-flush.enabled = false (default)
2022-06-21 13:54:52,229 [pool-544-thread-1] INFO  server.RaftServerConfigKeys (ConfUtils.java:logGet(46)) - raft.server.log.statemachine.data.caching.enabled = true (custom)
2022-06-21 13:54:52,229 [pool-544-thread-1] INFO  segmented.SegmentedRaftLogWorker (SegmentedRaftLogWorker.java:lambda$new$0(135)) - 6f924676-de29-4bda-9abe-50e624e9409e@group-79D5AD7E9C4C-SegmentedRaftLogWorker: flushIndex: setUnconditionally 0 -> -1
2022-06-21 13:54:52,229 [pool-544-thread-1] INFO  segmented.SegmentedRaftLogWorker (SegmentedRaftLogWorker.java:lambda$new$0(135)) - 6f924676-de29-4bda-9abe-50e624e9409e@group-79D5AD7E9C4C-SegmentedRaftLogWorker: safeCacheEvictIndex: setUnconditionally 0 -> -1
2022-06-21 13:54:52,238 [pool-544-thread-1] INFO  server.RaftServerConfigKeys (ConfUtils.java:logGet(46)) - raft.server.snapshot.auto.trigger.enabled = true (custom)
2022-06-21 13:54:52,239 [pool-544-thread-1] INFO  server.RaftServerConfigKeys (ConfUtils.java:logGet(46)) - raft.server.snapshot.auto.trigger.threshold = 10000 (custom)
2022-06-21 13:54:52,239 [pool-544-thread-1] INFO  server.RaftServerConfigKeys (ConfUtils.java:logGet(46)) - raft.server.snapshot.retention.file.num = 5 (custom)
2022-06-21 13:54:52,239 [pool-544-thread-1] INFO  server.RaftServerConfigKeys (ConfUtils.java:logGet(46)) - raft.server.log.purge.upto.snapshot.index = false (default)
2022-06-21 13:54:52,239 [pool-544-thread-1] INFO  server.RaftServerConfigKeys (ConfUtils.java:logGet(46)) - raft.server.retrycache.expirytime = 600000ms (custom)
2022-06-21 13:54:52,239 [pool-544-thread-1] INFO  server.RaftServerConfigKeys (ConfUtils.java:logGet(46)) - raft.server.retrycache.statistics.expirytime = 100μs (default)
2022-06-21 13:54:52,240 [pool-544-thread-1] INFO  server.RaftServerConfigKeys (ConfUtils.java:logGet(46)) - raft.server.log.appender.install.snapshot.enabled = false (custom)
2022-06-21 13:54:52,240 [pool-544-thread-1] INFO  server.RaftServerConfigKeys (ConfUtils.java:logGet(46)) - raft.server.threadpool.server.cached = true (default)
2022-06-21 13:54:52,240 [pool-544-thread-1] INFO  server.RaftServerConfigKeys (ConfUtils.java:logGet(46)) - raft.server.threadpool.server.size = 0 (default)
2022-06-21 13:54:52,240 [pool-544-thread-1] INFO  server.RaftServerConfigKeys (ConfUtils.java:logGet(46)) - raft.server.threadpool.client.cached = true (default)
2022-06-21 13:54:52,240 [pool-544-thread-1] INFO  server.RaftServerConfigKeys (ConfUtils.java:logGet(46)) - raft.server.threadpool.client.size = 0 (default)
2022-06-21 13:54:52,240 [pool-544-thread-1] INFO  server.RaftServer$Division (RaftServerImpl.java:start(310)) - 6f924676-de29-4bda-9abe-50e624e9409e@group-79D5AD7E9C4C: start as a follower, conf=-1: [6f924676-de29-4bda-9abe-50e624e9409e|rpc:10.1.0.15:35717|priority:1], old=null
2022-06-21 13:54:52,240 [pool-544-thread-1] INFO  server.RaftServer$Division (RaftServerImpl.java:setRole(299)) - 6f924676-de29-4bda-9abe-50e624e9409e@group-79D5AD7E9C4C: changes role from      null to FOLLOWER at term 0 for startAsFollower
2022-06-21 13:54:52,240 [pool-544-thread-1] INFO  impl.RoleInfo (RoleInfo.java:updateAndGet(139)) - 6f924676-de29-4bda-9abe-50e624e9409e: start 6f924676-de29-4bda-9abe-50e624e9409e@group-79D5AD7E9C4C-FollowerState
2022-06-21 13:54:52,247 [pool-544-thread-1] INFO  util.JmxRegister (JmxRegister.java:tryRegister(44)) - Successfully registered JMX Bean with object name Ratis:service=RaftServer,group=group-79D5AD7E9C4C,id=6f924676-de29-4bda-9abe-50e624e9409e
2022-06-21 13:54:52,267 [Command processor thread] INFO  ratis.XceiverServerRatis (XceiverServerRatis.java:addGroup(765)) - Created group PipelineID=00ec36d6-913b-49a2-8121-79d5ad7e9c4c
2022-06-21 13:54:52,267 [Command processor thread] INFO  commandhandler.CreatePipelineCommandHandler (CreatePipelineCommandHandler.java:handle(113)) - Created Pipeline RATIS ONE PipelineID=00ec36d6-913b-49a2-8121-79d5ad7e9c4c.
2022-06-21 13:54:52,267 [Command processor thread] INFO  server.RaftServer (RaftServerProxy.java:addNew(96)) - 6f924676-de29-4bda-9abe-50e624e9409e: addNew group-7C04624AABF3:[3f2f5716-e318-4c9d-8cf6-ca563bbe3eeb|rpc:10.1.0.15:41473|priority:0, 6f924676-de29-4bda-9abe-50e624e9409e|rpc:10.1.0.15:35717|priority:0, c45c8671-7070-4be0-aa13-1f2d6b7a9218|rpc:10.1.0.15:39709|priority:1] returns group-7C04624AABF3:java.util.concurrent.CompletableFuture@5681cece[Not completed]
2022-06-21 13:54:52,268 [pool-544-thread-1] INFO  server.RaftServer$Division (RaftServerImpl.java:<init>(190)) - 6f924676-de29-4bda-9abe-50e624e9409e: new RaftServerImpl for group-7C04624AABF3:[3f2f5716-e318-4c9d-8cf6-ca563bbe3eeb|rpc:10.1.0.15:41473|priority:0, 6f924676-de29-4bda-9abe-50e624e9409e|rpc:10.1.0.15:35717|priority:0, c45c8671-7070-4be0-aa13-1f2d6b7a9218|rpc:10.1.0.15:39709|priority:1] with ContainerStateMachine:uninitialized
2022-06-21 13:54:52,268 [pool-544-thread-1] INFO  server.RaftServerConfigKeys (ConfUtils.java:logGet(46)) - raft.server.rpc.timeout.min = 5s (custom)
2022-06-21 13:54:52,268 [pool-544-thread-1] INFO  server.RaftServerConfigKeys (ConfUtils.java:logGet(46)) - raft.server.rpc.timeout.max = 5200ms (custom)
2022-06-21 13:54:52,268 [pool-544-thread-1] INFO  server.RaftServerConfigKeys (ConfUtils.java:logGet(46)) - raft.server.rpc.sleep.time = 25ms (default)
2022-06-21 13:54:52,268 [pool-544-thread-1] INFO  server.RaftServerConfigKeys (ConfUtils.java:logGet(46)) - raft.server.rpc.slowness.timeout = 300s (custom)
2022-06-21 13:54:52,268 [pool-544-thread-1] INFO  server.RaftServerConfigKeys (ConfUtils.java:logGet(46)) - raft.server.leaderelection.leader.step-down.wait-time = 10s (default)
2022-06-21 13:54:52,268 [pool-544-thread-1] INFO  server.RaftServerConfigKeys (ConfUtils.java:logGet(46)) - raft.server.sleep.deviation.threshold = 300ms (default)
2022-06-21 13:54:52,268 [pool-544-thread-1] INFO  server.RaftServer$Division (ServerState.java:<init>(107)) - 6f924676-de29-4bda-9abe-50e624e9409e@group-7C04624AABF3: ConfigurationManager, init=-1: [3f2f5716-e318-4c9d-8cf6-ca563bbe3eeb|rpc:10.1.0.15:41473|priority:0, 6f924676-de29-4bda-9abe-50e624e9409e|rpc:10.1.0.15:35717|priority:0, c45c8671-7070-4be0-aa13-1f2d6b7a9218|rpc:10.1.0.15:39709|priority:1], old=null, confs=<EMPTY_MAP>
2022-06-21 13:54:52,268 [pool-544-thread-1] INFO  server.RaftServerConfigKeys (ConfUtils.java:logGet(46)) - raft.server.storage.dir = [/home/runner/work/ozone/ozone/hadoop-ozone/integration-test/target/test-dir/MiniOzoneClusterImpl-3f841ece-6686-4b0e-b99d-a05159fb56b1/datanode-0/data/ratis] (custom)
2022-06-21 13:54:52,268 [pool-544-thread-1] INFO  server.RaftServerConfigKeys (ConfUtils.java:logGet(46)) - raft.server.log.corruption.policy = EXCEPTION (default)
2022-06-21 13:54:52,268 [pool-544-thread-1] INFO  server.RaftServerConfigKeys (ConfUtils.java:logGet(46)) - raft.server.storage.free-space.min = 0MB (=0) (default)
2022-06-21 13:54:52,268 [pool-544-thread-1] INFO  storage.RaftStorageDirectory (RaftStorageDirectoryImpl.java:analyzeStorage(135)) - The storage directory /home/runner/work/ozone/ozone/hadoop-ozone/integration-test/target/test-dir/MiniOzoneClusterImpl-3f841ece-6686-4b0e-b99d-a05159fb56b1/datanode-0/data/ratis/fd3ce4dc-3006-4433-bd70-7c04624aabf3 does not exist. Creating ...
2022-06-21 13:54:52,270 [EventQueue-PipelineReportForPipelineReportHandler] INFO  pipeline.PipelineManagerImpl (PipelineManagerImpl.java:openPipeline(356)) - Pipeline Pipeline[ Id: 00ec36d6-913b-49a2-8121-79d5ad7e9c4c, Nodes: 6f924676-de29-4bda-9abe-50e624e9409e{ip: 10.1.0.15, host: fv-az194-567.vahfjs35atkulmpwh5ujf4txfe.jx.internal.cloudapp.net, ports: [REPLICATION=39601, RATIS=35717, RATIS_ADMIN=35717, RATIS_SERVER=35717, STANDALONE=35283], networkLocation: /default-rack, certSerialId: null, persistedOpState: IN_SERVICE, persistedOpStateExpiryEpochSec: 0}, ReplicationConfig: RATIS/ONE, State:ALLOCATED, leaderId:6f924676-de29-4bda-9abe-50e624e9409e, CreationTimestamp2022-06-21T13:54:49.207Z[Etc/UTC]] moved to OPEN state
2022-06-21 13:54:52,299 [pool-544-thread-1] INFO  storage.RaftStorageDirectory (RaftStorageDirectoryImpl.java:tryLock(230)) - Lock on /home/runner/work/ozone/ozone/hadoop-ozone/integration-test/target/test-dir/MiniOzoneClusterImpl-3f841ece-6686-4b0e-b99d-a05159fb56b1/datanode-0/data/ratis/fd3ce4dc-3006-4433-bd70-7c04624aabf3/in_use.lock acquired by nodename 17605@fv-az194-567
2022-06-21 13:54:52,301 [pool-544-thread-1] INFO  storage.RaftStorage (RaftStorageImpl.java:format(89)) - Storage directory /home/runner/work/ozone/ozone/hadoop-ozone/integration-test/target/test-dir/MiniOzoneClusterImpl-3f841ece-6686-4b0e-b99d-a05159fb56b1/datanode-0/data/ratis/fd3ce4dc-3006-4433-bd70-7c04624aabf3 has been successfully formatted.
2022-06-21 13:54:52,301 [pool-544-thread-1] INFO  ratis.ContainerStateMachine (ContainerStateMachine.java:loadSnapshot(236)) - group-7C04624AABF3: The snapshot info is null. Setting the last applied indexto:(t:0, i:~)
2022-06-21 13:54:52,301 [pool-544-thread-1] INFO  server.RaftServerConfigKeys (ConfUtils.java:logGet(46)) - raft.server.notification.no-leader.timeout = 300s (custom)
2022-06-21 13:54:52,301 [pool-544-thread-1] INFO  server.RaftServerConfigKeys (ConfUtils.java:logGet(46)) - raft.server.log.use.memory = false (default)
2022-06-21 13:54:52,301 [pool-544-thread-1] INFO  server.RaftServerConfigKeys (ConfUtils.java:logGet(46)) - raft.server.log.purge.gap = 1000000 (custom)
2022-06-21 13:54:52,301 [pool-544-thread-1] INFO  server.RaftServerConfigKeys (ConfUtils.java:logGet(46)) - raft.server.log.appender.buffer.byte-limit = 33554432 (custom)
2022-06-21 13:54:52,301 [pool-544-thread-1] INFO  server.RaftServerConfigKeys (ConfUtils.java:logGet(46)) - raft.server.log.statemachine.data.read.timeout = 1000ms (default)
2022-06-21 13:54:52,301 [pool-544-thread-1] INFO  server.RaftServerConfigKeys (ConfUtils.java:logGet(46)) - raft.server.log.segment.size.max = 1048576 (custom)
2022-06-21 13:54:52,302 [pool-544-thread-1] INFO  server.RaftServerConfigKeys (ConfUtils.java:logGet(46)) - raft.server.log.segment.cache.num.max = 2 (custom)
2022-06-21 13:54:52,302 [pool-544-thread-1] INFO  server.RaftServerConfigKeys (ConfUtils.java:logGet(46)) - raft.server.log.segment.cache.size.max = 200MB (=209715200) (default)
2022-06-21 13:54:52,302 [pool-544-thread-1] INFO  segmented.SegmentedRaftLogWorker (SegmentedRaftLogWorker.java:<init>(187)) - new 6f924676-de29-4bda-9abe-50e624e9409e@group-7C04624AABF3-SegmentedRaftLogWorker for RaftStorageImpl:Storage Directory /home/runner/work/ozone/ozone/hadoop-ozone/integration-test/target/test-dir/MiniOzoneClusterImpl-3f841ece-6686-4b0e-b99d-a05159fb56b1/datanode-0/data/ratis/fd3ce4dc-3006-4433-bd70-7c04624aabf3
2022-06-21 13:54:52,302 [pool-544-thread-1] INFO  server.RaftServerConfigKeys (ConfUtils.java:logGet(46)) - raft.server.log.queue.byte-limit = 4294967296 (custom)
2022-06-21 13:54:52,302 [pool-544-thread-1] INFO  server.RaftServerConfigKeys (ConfUtils.java:logGet(46)) - raft.server.log.queue.element-limit = 1024 (custom)
2022-06-21 13:54:52,302 [pool-544-thread-1] INFO  server.RaftServerConfigKeys (ConfUtils.java:logGet(46)) - raft.server.log.segment.size.max = 1048576 (custom)
2022-06-21 13:54:52,302 [pool-544-thread-1] INFO  server.RaftServerConfigKeys (ConfUtils.java:logGet(46)) - raft.server.log.preallocated.size = 16384 (custom)
2022-06-21 13:54:52,302 [pool-544-thread-1] INFO  server.RaftServerConfigKeys (ConfUtils.java:logGet(46)) - raft.server.log.force.sync.num = 128 (default)
2022-06-21 13:54:52,302 [pool-544-thread-1] INFO  server.RaftServerConfigKeys (ConfUtils.java:logGet(46)) - raft.server.log.statemachine.data.sync = true (default)
2022-06-21 13:54:52,309 [pool-544-thread-1] INFO  server.RaftServerConfigKeys (ConfUtils.java:logGet(46)) - raft.server.log.statemachine.data.sync.timeout = 10s (default)
2022-06-21 13:54:52,310 [pool-544-thread-1] INFO  server.RaftServerConfigKeys (ConfUtils.java:logGet(46)) - raft.server.log.statemachine.data.sync.timeout.retry = -1 (default)
2022-06-21 13:54:52,314 [pool-544-thread-1] INFO  server.RaftServerConfigKeys (ConfUtils.java:logGet(46)) - raft.server.log.write.buffer.size = 1048576 (custom)
2022-06-21 13:54:52,315 [pool-544-thread-1] INFO  server.RaftServerConfigKeys (ConfUtils.java:logGet(46)) - raft.server.log.unsafe-flush.enabled = false (default)
2022-06-21 13:54:52,315 [pool-544-thread-1] INFO  server.RaftServerConfigKeys (ConfUtils.java:logGet(46)) - raft.server.log.statemachine.data.caching.enabled = true (custom)
2022-06-21 13:54:52,315 [pool-544-thread-1] INFO  segmented.SegmentedRaftLogWorker (SegmentedRaftLogWorker.java:lambda$new$0(135)) - 6f924676-de29-4bda-9abe-50e624e9409e@group-7C04624AABF3-SegmentedRaftLogWorker: flushIndex: setUnconditionally 0 -> -1
2022-06-21 13:54:52,315 [pool-544-thread-1] INFO  segmented.SegmentedRaftLogWorker (SegmentedRaftLogWorker.java:lambda$new$0(135)) - 6f924676-de29-4bda-9abe-50e624e9409e@group-7C04624AABF3-SegmentedRaftLogWorker: safeCacheEvictIndex: setUnconditionally 0 -> -1
2022-06-21 13:54:52,315 [pool-544-thread-1] INFO  server.RaftServerConfigKeys (ConfUtils.java:logGet(46)) - raft.server.snapshot.auto.trigger.enabled = true (custom)
2022-06-21 13:54:52,315 [pool-544-thread-1] INFO  server.RaftServerConfigKeys (ConfUtils.java:logGet(46)) - raft.server.snapshot.auto.trigger.threshold = 10000 (custom)
2022-06-21 13:54:52,315 [pool-544-thread-1] INFO  server.RaftServerConfigKeys (ConfUtils.java:logGet(46)) - raft.server.snapshot.retention.file.num = 5 (custom)
2022-06-21 13:54:52,315 [pool-544-thread-1] INFO  server.RaftServerConfigKeys (ConfUtils.java:logGet(46)) - raft.server.log.purge.upto.snapshot.index = false (default)
2022-06-21 13:54:52,315 [pool-544-thread-1] INFO  server.RaftServerConfigKeys (ConfUtils.java:logGet(46)) - raft.server.retrycache.expirytime = 600000ms (custom)
2022-06-21 13:54:52,315 [pool-544-thread-1] INFO  server.RaftServerConfigKeys (ConfUtils.java:logGet(46)) - raft.server.retrycache.statistics.expirytime = 100μs (default)
2022-06-21 13:54:52,316 [pool-544-thread-1] INFO  server.RaftServerConfigKeys (ConfUtils.java:logGet(46)) - raft.server.log.appender.install.snapshot.enabled = false (custom)
2022-06-21 13:54:52,316 [pool-544-thread-1] INFO  server.RaftServerConfigKeys (ConfUtils.java:logGet(46)) - raft.server.threadpool.server.cached = true (default)
2022-06-21 13:54:52,316 [pool-544-thread-1] INFO  server.RaftServerConfigKeys (ConfUtils.java:logGet(46)) - raft.server.threadpool.server.size = 0 (default)
2022-06-21 13:54:52,317 [pool-544-thread-1] INFO  server.RaftServerConfigKeys (ConfUtils.java:logGet(46)) - raft.server.threadpool.client.cached = true (default)
2022-06-21 13:54:52,317 [pool-544-thread-1] INFO  server.RaftServerConfigKeys (ConfUtils.java:logGet(46)) - raft.server.threadpool.client.size = 0 (default)
2022-06-21 13:54:52,317 [pool-544-thread-1] INFO  server.RaftServer$Division (RaftServerImpl.java:start(310)) - 6f924676-de29-4bda-9abe-50e624e9409e@group-7C04624AABF3: start as a follower, conf=-1: [3f2f5716-e318-4c9d-8cf6-ca563bbe3eeb|rpc:10.1.0.15:41473|priority:0, 6f924676-de29-4bda-9abe-50e624e9409e|rpc:10.1.0.15:35717|priority:0, c45c8671-7070-4be0-aa13-1f2d6b7a9218|rpc:10.1.0.15:39709|priority:1], old=null
2022-06-21 13:54:52,317 [pool-544-thread-1] INFO  server.RaftServer$Division (RaftServerImpl.java:setRole(299)) - 6f924676-de29-4bda-9abe-50e624e9409e@group-7C04624AABF3: changes role from      null to FOLLOWER at term 0 for startAsFollower
2022-06-21 13:54:52,317 [pool-544-thread-1] INFO  impl.RoleInfo (RoleInfo.java:updateAndGet(139)) - 6f924676-de29-4bda-9abe-50e624e9409e: start 6f924676-de29-4bda-9abe-50e624e9409e@group-7C04624AABF3-FollowerState
2022-06-21 13:54:52,317 [pool-544-thread-1] INFO  util.JmxRegister (JmxRegister.java:tryRegister(44)) - Successfully registered JMX Bean with object name Ratis:service=RaftServer,group=group-7C04624AABF3,id=6f924676-de29-4bda-9abe-50e624e9409e
2022-06-21 13:54:52,317 [Command processor thread] INFO  ratis.XceiverServerRatis (XceiverServerRatis.java:addGroup(765)) - Created group PipelineID=fd3ce4dc-3006-4433-bd70-7c04624aabf3
2022-06-21 13:54:52,337 [EventQueue-OpenPipelineForHealthyPipelineSafeModeRule] INFO  safemode.SCMSafeModeManager (HealthyPipelineSafeModeRule.java:process(124)) - SCM in safe mode. Healthy pipelines reported count is 0, required healthy pipeline reported count is 1
2022-06-21 13:54:52,337 [EventQueue-OpenPipelineForHealthyPipelineSafeModeRule] INFO  safemode.SCMSafeModeManager (HealthyPipelineSafeModeRule.java:process(124)) - SCM in safe mode. Healthy pipelines reported count is 0, required healthy pipeline reported count is 1
2022-06-21 13:54:52,382 [grpc-default-executor-0] INFO  server.RaftServer (RaftServerProxy.java:addNew(96)) - c45c8671-7070-4be0-aa13-1f2d6b7a9218: addNew group-7C04624AABF3:[3f2f5716-e318-4c9d-8cf6-ca563bbe3eeb|rpc:10.1.0.15:41473|dataStream:|priority:0, 6f924676-de29-4bda-9abe-50e624e9409e|rpc:10.1.0.15:35717|dataStream:|priority:0, c45c8671-7070-4be0-aa13-1f2d6b7a9218|rpc:10.1.0.15:39709|dataStream:|priority:1] returns group-7C04624AABF3:java.util.concurrent.CompletableFuture@22158982[Not completed]
2022-06-21 13:54:52,400 [pool-567-thread-1] INFO  server.RaftServer$Division (RaftServerImpl.java:<init>(190)) - c45c8671-7070-4be0-aa13-1f2d6b7a9218: new RaftServerImpl for group-7C04624AABF3:[3f2f5716-e318-4c9d-8cf6-ca563bbe3eeb|rpc:10.1.0.15:41473|dataStream:|priority:0, 6f924676-de29-4bda-9abe-50e624e9409e|rpc:10.1.0.15:35717|dataStream:|priority:0, c45c8671-7070-4be0-aa13-1f2d6b7a9218|rpc:10.1.0.15:39709|dataStream:|priority:1] with ContainerStateMachine:uninitialized
2022-06-21 13:54:52,400 [pool-567-thread-1] INFO  server.RaftServerConfigKeys (ConfUtils.java:logGet(46)) - raft.server.rpc.timeout.min = 5s (custom)
2022-06-21 13:54:52,401 [pool-567-thread-1] INFO  server.RaftServerConfigKeys (ConfUtils.java:logGet(46)) - raft.server.rpc.timeout.max = 5200ms (custom)
2022-06-21 13:54:52,401 [pool-567-thread-1] INFO  server.RaftServerConfigKeys (ConfUtils.java:logGet(46)) - raft.server.rpc.sleep.time = 25ms (default)
2022-06-21 13:54:52,401 [pool-567-thread-1] INFO  server.RaftServerConfigKeys (ConfUtils.java:logGet(46)) - raft.server.rpc.slowness.timeout = 300s (custom)
2022-06-21 13:54:52,401 [pool-567-thread-1] INFO  server.RaftServerConfigKeys (ConfUtils.java:logGet(46)) - raft.server.leaderelection.leader.step-down.wait-time = 10s (default)
2022-06-21 13:54:52,401 [pool-567-thread-1] INFO  server.RaftServerConfigKeys (ConfUtils.java:logGet(46)) - raft.server.sleep.deviation.threshold = 300ms (default)
2022-06-21 13:54:52,401 [pool-567-thread-1] INFO  server.RaftServer$Division (ServerState.java:<init>(107)) - c45c8671-7070-4be0-aa13-1f2d6b7a9218@group-7C04624AABF3: ConfigurationManager, init=-1: [3f2f5716-e318-4c9d-8cf6-ca563bbe3eeb|rpc:10.1.0.15:41473|dataStream:|priority:0, 6f924676-de29-4bda-9abe-50e624e9409e|rpc:10.1.0.15:35717|dataStream:|priority:0, c45c8671-7070-4be0-aa13-1f2d6b7a9218|rpc:10.1.0.15:39709|dataStream:|priority:1], old=null, confs=<EMPTY_MAP>
2022-06-21 13:54:52,401 [pool-567-thread-1] INFO  server.RaftServerConfigKeys (ConfUtils.java:logGet(46)) - raft.server.storage.dir = [/home/runner/work/ozone/ozone/hadoop-ozone/integration-test/target/test-dir/MiniOzoneClusterImpl-3f841ece-6686-4b0e-b99d-a05159fb56b1/datanode-1/data/ratis] (custom)
2022-06-21 13:54:52,401 [pool-567-thread-1] INFO  server.RaftServerConfigKeys (ConfUtils.java:logGet(46)) - raft.server.log.corruption.policy = EXCEPTION (default)
2022-06-21 13:54:52,401 [pool-567-thread-1] INFO  server.RaftServerConfigKeys (ConfUtils.java:logGet(46)) - raft.server.storage.free-space.min = 0MB (=0) (default)
2022-06-21 13:54:52,401 [pool-567-thread-1] INFO  storage.RaftStorageDirectory (RaftStorageDirectoryImpl.java:analyzeStorage(135)) - The storage directory /home/runner/work/ozone/ozone/hadoop-ozone/integration-test/target/test-dir/MiniOzoneClusterImpl-3f841ece-6686-4b0e-b99d-a05159fb56b1/datanode-1/data/ratis/fd3ce4dc-3006-4433-bd70-7c04624aabf3 does not exist. Creating ...
2022-06-21 13:54:52,406 [pool-567-thread-1] INFO  storage.RaftStorageDirectory (RaftStorageDirectoryImpl.java:tryLock(230)) - Lock on /home/runner/work/ozone/ozone/hadoop-ozone/integration-test/target/test-dir/MiniOzoneClusterImpl-3f841ece-6686-4b0e-b99d-a05159fb56b1/datanode-1/data/ratis/fd3ce4dc-3006-4433-bd70-7c04624aabf3/in_use.lock acquired by nodename 17605@fv-az194-567
2022-06-21 13:54:52,417 [pool-567-thread-1] INFO  storage.RaftStorage (RaftStorageImpl.java:format(89)) - Storage directory /home/runner/work/ozone/ozone/hadoop-ozone/integration-test/target/test-dir/MiniOzoneClusterImpl-3f841ece-6686-4b0e-b99d-a05159fb56b1/datanode-1/data/ratis/fd3ce4dc-3006-4433-bd70-7c04624aabf3 has been successfully formatted.
2022-06-21 13:54:52,446 [pool-567-thread-1] INFO  ratis.ContainerStateMachine (ContainerStateMachine.java:loadSnapshot(236)) - group-7C04624AABF3: The snapshot info is null. Setting the last applied indexto:(t:0, i:~)
2022-06-21 13:54:52,454 [IPC Server handler 13 on default port 33447] INFO  net.NetworkTopologyImpl (NetworkTopologyImpl.java:add(112)) - Added a new node: /default-rack/e8a5f4c1-362e-4bfa-a43a-3b00239108a9
2022-06-21 13:54:52,454 [IPC Server handler 13 on default port 33447] INFO  node.SCMNodeManager (SCMNodeManager.java:register(394)) - Registered Data node : e8a5f4c1-362e-4bfa-a43a-3b00239108a9{ip: 10.1.0.15, host: fv-az194-567.vahfjs35atkulmpwh5ujf4txfe.jx.internal.cloudapp.net, ports: [REPLICATION=36063, RATIS=43683, RATIS_ADMIN=43683, RATIS_SERVER=43683, STANDALONE=43593], networkLocation: /default-rack, certSerialId: null, persistedOpState: null, persistedOpStateExpiryEpochSec: 0}
2022-06-21 13:54:52,454 [EventQueue-NewNodeForNewNodeHandler] INFO  pipeline.BackgroundPipelineCreator (BackgroundPipelineCreator.java:notifyEventTriggered(272)) - trigger a one-shot run on RatisPipelineUtilsThread.
2022-06-21 13:54:52,455 [RatisPipelineUtilsThread - 0] INFO  pipeline.RatisPipelineProvider (RatisPipelineProvider.java:lambda$create$0(195)) - Sending CreatePipelineCommand for pipeline:PipelineID=78b2b426-b7ab-43ab-a55b-dc99e4621a07 to datanode:e8a5f4c1-362e-4bfa-a43a-3b00239108a9
2022-06-21 13:54:52,455 [RatisPipelineUtilsThread - 0] INFO  pipeline.PipelineStateManagerImpl (PipelineStateManagerImpl.java:addPipeline(101)) - Created pipeline Pipeline[ Id: 78b2b426-b7ab-43ab-a55b-dc99e4621a07, Nodes: e8a5f4c1-362e-4bfa-a43a-3b00239108a9{ip: 10.1.0.15, host: fv-az194-567.vahfjs35atkulmpwh5ujf4txfe.jx.internal.cloudapp.net, ports: [REPLICATION=36063, RATIS=43683, RATIS_ADMIN=43683, RATIS_SERVER=43683, STANDALONE=43593], networkLocation: /default-rack, certSerialId: null, persistedOpState: IN_SERVICE, persistedOpStateExpiryEpochSec: 0}, ReplicationConfig: RATIS/ONE, State:ALLOCATED, leaderId:, CreationTimestamp2022-06-21T13:54:52.455Z[Etc/UTC]].
2022-06-21 13:54:52,456 [pool-567-thread-1] INFO  server.RaftServerConfigKeys (ConfUtils.java:logGet(46)) - raft.server.notification.no-leader.timeout = 300s (custom)
2022-06-21 13:54:52,456 [pool-567-thread-1] INFO  server.RaftServerConfigKeys (ConfUtils.java:logGet(46)) - raft.server.log.use.memory = false (default)
2022-06-21 13:54:52,456 [pool-567-thread-1] INFO  server.RaftServerConfigKeys (ConfUtils.java:logGet(46)) - raft.server.log.purge.gap = 1000000 (custom)
2022-06-21 13:54:52,456 [pool-567-thread-1] INFO  server.RaftServerConfigKeys (ConfUtils.java:logGet(46)) - raft.server.log.appender.buffer.byte-limit = 33554432 (custom)
2022-06-21 13:54:52,456 [pool-567-thread-1] INFO  server.RaftServerConfigKeys (ConfUtils.java:logGet(46)) - raft.server.log.statemachine.data.read.timeout = 1000ms (default)
2022-06-21 13:54:52,456 [pool-567-thread-1] INFO  server.RaftServerConfigKeys (ConfUtils.java:logGet(46)) - raft.server.log.segment.size.max = 1048576 (custom)
2022-06-21 13:54:52,457 [pool-567-thread-1] INFO  server.RaftServerConfigKeys (ConfUtils.java:logGet(46)) - raft.server.log.segment.cache.num.max = 2 (custom)
2022-06-21 13:54:52,457 [pool-567-thread-1] INFO  server.RaftServerConfigKeys (ConfUtils.java:logGet(46)) - raft.server.log.segment.cache.size.max = 200MB (=209715200) (default)
2022-06-21 13:54:52,457 [pool-567-thread-1] INFO  segmented.SegmentedRaftLogWorker (SegmentedRaftLogWorker.java:<init>(187)) - new c45c8671-7070-4be0-aa13-1f2d6b7a9218@group-7C04624AABF3-SegmentedRaftLogWorker for RaftStorageImpl:Storage Directory /home/runner/work/ozone/ozone/hadoop-ozone/integration-test/target/test-dir/MiniOzoneClusterImpl-3f841ece-6686-4b0e-b99d-a05159fb56b1/datanode-1/data/ratis/fd3ce4dc-3006-4433-bd70-7c04624aabf3
2022-06-21 13:54:52,457 [pool-567-thread-1] INFO  server.RaftServerConfigKeys (ConfUtils.java:logGet(46)) - raft.server.log.queue.byte-limit = 4294967296 (custom)
2022-06-21 13:54:52,457 [pool-567-thread-1] INFO  server.RaftServerConfigKeys (ConfUtils.java:logGet(46)) - raft.server.log.queue.element-limit = 1024 (custom)
2022-06-21 13:54:52,457 [pool-567-thread-1] INFO  server.RaftServerConfigKeys (ConfUtils.java:logGet(46)) - raft.server.log.segment.size.max = 1048576 (custom)
2022-06-21 13:54:52,457 [pool-567-thread-1] INFO  server.RaftServerConfigKeys (ConfUtils.java:logGet(46)) - raft.server.log.preallocated.size = 16384 (custom)
2022-06-21 13:54:52,457 [pool-567-thread-1] INFO  server.RaftServerConfigKeys (ConfUtils.java:logGet(46)) - raft.server.log.force.sync.num = 128 (default)
2022-06-21 13:54:52,457 [pool-567-thread-1] INFO  server.RaftServerConfigKeys (ConfUtils.java:logGet(46)) - raft.server.log.statemachine.data.sync = true (default)
2022-06-21 13:54:52,457 [pool-567-thread-1] INFO  server.RaftServerConfigKeys (ConfUtils.java:logGet(46)) - raft.server.log.statemachine.data.sync.timeout = 10s (default)
2022-06-21 13:54:52,457 [pool-567-thread-1] INFO  server.RaftServerConfigKeys (ConfUtils.java:logGet(46)) - raft.server.log.statemachine.data.sync.timeout.retry = -1 (default)
2022-06-21 13:54:52,458 [pool-567-thread-1] INFO  server.RaftServerConfigKeys (ConfUtils.java:logGet(46)) - raft.server.log.write.buffer.size = 1048576 (custom)
2022-06-21 13:54:52,458 [pool-567-thread-1] INFO  server.RaftServerConfigKeys (ConfUtils.java:logGet(46)) - raft.server.log.unsafe-flush.enabled = false (default)
2022-06-21 13:54:52,466 [pool-567-thread-1] INFO  server.RaftServerConfigKeys (ConfUtils.java:logGet(46)) - raft.server.log.statemachine.data.caching.enabled = true (custom)
2022-06-21 13:54:52,467 [pool-567-thread-1] INFO  segmented.SegmentedRaftLogWorker (SegmentedRaftLogWorker.java:lambda$new$0(135)) - c45c8671-7070-4be0-aa13-1f2d6b7a9218@group-7C04624AABF3-SegmentedRaftLogWorker: flushIndex: setUnconditionally 0 -> -1
2022-06-21 13:54:52,467 [pool-567-thread-1] INFO  segmented.SegmentedRaftLogWorker (SegmentedRaftLogWorker.java:lambda$new$0(135)) - c45c8671-7070-4be0-aa13-1f2d6b7a9218@group-7C04624AABF3-SegmentedRaftLogWorker: safeCacheEvictIndex: setUnconditionally 0 -> -1
2022-06-21 13:54:52,481 [pool-567-thread-1] INFO  server.RaftServerConfigKeys (ConfUtils.java:logGet(46)) - raft.server.snapshot.auto.trigger.enabled = true (custom)
2022-06-21 13:54:52,481 [pool-567-thread-1] INFO  server.RaftServerConfigKeys (ConfUtils.java:logGet(46)) - raft.server.snapshot.auto.trigger.threshold = 10000 (custom)
2022-06-21 13:54:52,482 [pool-567-thread-1] INFO  server.RaftServerConfigKeys (ConfUtils.java:logGet(46)) - raft.server.snapshot.retention.file.num = 5 (custom)
2022-06-21 13:54:52,482 [pool-567-thread-1] INFO  server.RaftServerConfigKeys (ConfUtils.java:logGet(46)) - raft.server.log.purge.upto.snapshot.index = false (default)
2022-06-21 13:54:52,482 [pool-567-thread-1] INFO  server.RaftServerConfigKeys (ConfUtils.java:logGet(46)) - raft.server.retrycache.expirytime = 600000ms (custom)
2022-06-21 13:54:52,482 [pool-567-thread-1] INFO  server.RaftServerConfigKeys (ConfUtils.java:logGet(46)) - raft.server.retrycache.statistics.expirytime = 100μs (default)
2022-06-21 13:54:52,483 [pool-567-thread-1] INFO  server.RaftServerConfigKeys (ConfUtils.java:logGet(46)) - raft.server.log.appender.install.snapshot.enabled = false (custom)
2022-06-21 13:54:52,483 [pool-567-thread-1] INFO  server.RaftServerConfigKeys (ConfUtils.java:logGet(46)) - raft.server.threadpool.server.cached = true (default)
2022-06-21 13:54:52,483 [pool-567-thread-1] INFO  server.RaftServerConfigKeys (ConfUtils.java:logGet(46)) - raft.server.threadpool.server.size = 0 (default)
2022-06-21 13:54:52,483 [pool-567-thread-1] INFO  server.RaftServerConfigKeys (ConfUtils.java:logGet(46)) - raft.server.threadpool.client.cached = true (default)
2022-06-21 13:54:52,483 [pool-567-thread-1] INFO  server.RaftServerConfigKeys (ConfUtils.java:logGet(46)) - raft.server.threadpool.client.size = 0 (default)
2022-06-21 13:54:52,483 [pool-567-thread-1] INFO  server.RaftServer$Division (RaftServerImpl.java:start(310)) - c45c8671-7070-4be0-aa13-1f2d6b7a9218@group-7C04624AABF3: start as a follower, conf=-1: [3f2f5716-e318-4c9d-8cf6-ca563bbe3eeb|rpc:10.1.0.15:41473|dataStream:|priority:0, 6f924676-de29-4bda-9abe-50e624e9409e|rpc:10.1.0.15:35717|dataStream:|priority:0, c45c8671-7070-4be0-aa13-1f2d6b7a9218|rpc:10.1.0.15:39709|dataStream:|priority:1], old=null
2022-06-21 13:54:52,483 [pool-567-thread-1] INFO  server.RaftServer$Division (RaftServerImpl.java:setRole(299)) - c45c8671-7070-4be0-aa13-1f2d6b7a9218@group-7C04624AABF3: changes role from      null to FOLLOWER at term 0 for startAsFollower
2022-06-21 13:54:52,483 [pool-567-thread-1] INFO  impl.RoleInfo (RoleInfo.java:updateAndGet(139)) - c45c8671-7070-4be0-aa13-1f2d6b7a9218: start c45c8671-7070-4be0-aa13-1f2d6b7a9218@group-7C04624AABF3-FollowerState
2022-06-21 13:54:52,491 [pool-567-thread-1] INFO  util.JmxRegister (JmxRegister.java:tryRegister(44)) - Successfully registered JMX Bean with object name Ratis:service=RaftServer,group=group-7C04624AABF3,id=c45c8671-7070-4be0-aa13-1f2d6b7a9218
2022-06-21 13:54:52,555 [Listener at 127.0.0.1/42759] INFO  ozone.MiniOzoneClusterImpl (MiniOzoneClusterImpl.java:lambda$waitForClusterToBeReady$0(222)) - Waiting for nodes to be ready. Got 4 of 5 DN Heartbeats.
2022-06-21 13:54:52,556 [Listener at 127.0.0.1/42759] INFO  ozone.MiniOzoneClusterImpl (MiniOzoneClusterImpl.java:lambda$waitForClusterToBeReady$0(225)) - Waiting for cluster to exit safe mode
2022-06-21 13:54:52,556 [Listener at 127.0.0.1/42759] INFO  ozone.MiniOzoneClusterImpl (MiniOzoneClusterImpl.java:lambda$waitForClusterToBeReady$0(227)) - SCM became leader
2022-06-21 13:54:52,577 [grpc-default-executor-0] INFO  server.RaftServer (RaftServerProxy.java:addNew(96)) - 3f2f5716-e318-4c9d-8cf6-ca563bbe3eeb: addNew group-7C04624AABF3:[3f2f5716-e318-4c9d-8cf6-ca563bbe3eeb|rpc:10.1.0.15:41473|dataStream:|priority:0, 6f924676-de29-4bda-9abe-50e624e9409e|rpc:10.1.0.15:35717|dataStream:|priority:0, c45c8671-7070-4be0-aa13-1f2d6b7a9218|rpc:10.1.0.15:39709|dataStream:|priority:1] returns group-7C04624AABF3:java.util.concurrent.CompletableFuture@5d603382[Not completed]
2022-06-21 13:54:52,583 [pool-590-thread-1] INFO  server.RaftServer$Division (RaftServerImpl.java:<init>(190)) - 3f2f5716-e318-4c9d-8cf6-ca563bbe3eeb: new RaftServerImpl for group-7C04624AABF3:[3f2f5716-e318-4c9d-8cf6-ca563bbe3eeb|rpc:10.1.0.15:41473|dataStream:|priority:0, 6f924676-de29-4bda-9abe-50e624e9409e|rpc:10.1.0.15:35717|dataStream:|priority:0, c45c8671-7070-4be0-aa13-1f2d6b7a9218|rpc:10.1.0.15:39709|dataStream:|priority:1] with ContainerStateMachine:uninitialized
2022-06-21 13:54:52,584 [pool-590-thread-1] INFO  server.RaftServerConfigKeys (ConfUtils.java:logGet(46)) - raft.server.rpc.timeout.min = 5s (custom)
2022-06-21 13:54:52,584 [pool-590-thread-1] INFO  server.RaftServerConfigKeys (ConfUtils.java:logGet(46)) - raft.server.rpc.timeout.max = 5200ms (custom)
2022-06-21 13:54:52,584 [pool-590-thread-1] INFO  server.RaftServerConfigKeys (ConfUtils.java:logGet(46)) - raft.server.rpc.sleep.time = 25ms (default)
2022-06-21 13:54:52,584 [pool-590-thread-1] INFO  server.RaftServerConfigKeys (ConfUtils.java:logGet(46)) - raft.server.rpc.slowness.timeout = 300s (custom)
2022-06-21 13:54:52,584 [pool-590-thread-1] INFO  server.RaftServerConfigKeys (ConfUtils.java:logGet(46)) - raft.server.leaderelection.leader.step-down.wait-time = 10s (default)
2022-06-21 13:54:52,584 [pool-590-thread-1] INFO  server.RaftServerConfigKeys (ConfUtils.java:logGet(46)) - raft.server.sleep.deviation.threshold = 300ms (default)
2022-06-21 13:54:52,584 [pool-590-thread-1] INFO  server.RaftServer$Division (ServerState.java:<init>(107)) - 3f2f5716-e318-4c9d-8cf6-ca563bbe3eeb@group-7C04624AABF3: ConfigurationManager, init=-1: [3f2f5716-e318-4c9d-8cf6-ca563bbe3eeb|rpc:10.1.0.15:41473|dataStream:|priority:0, 6f924676-de29-4bda-9abe-50e624e9409e|rpc:10.1.0.15:35717|dataStream:|priority:0, c45c8671-7070-4be0-aa13-1f2d6b7a9218|rpc:10.1.0.15:39709|dataStream:|priority:1], old=null, confs=<EMPTY_MAP>
2022-06-21 13:54:52,584 [pool-590-thread-1] INFO  server.RaftServerConfigKeys (ConfUtils.java:logGet(46)) - raft.server.storage.dir = [/home/runner/work/ozone/ozone/hadoop-ozone/integration-test/target/test-dir/MiniOzoneClusterImpl-3f841ece-6686-4b0e-b99d-a05159fb56b1/datanode-2/data/ratis] (custom)
2022-06-21 13:54:52,584 [pool-590-thread-1] INFO  server.RaftServerConfigKeys (ConfUtils.java:logGet(46)) - raft.server.log.corruption.policy = EXCEPTION (default)
2022-06-21 13:54:52,584 [pool-590-thread-1] INFO  server.RaftServerConfigKeys (ConfUtils.java:logGet(46)) - raft.server.storage.free-space.min = 0MB (=0) (default)
2022-06-21 13:54:52,584 [pool-590-thread-1] INFO  storage.RaftStorageDirectory (RaftStorageDirectoryImpl.java:analyzeStorage(135)) - The storage directory /home/runner/work/ozone/ozone/hadoop-ozone/integration-test/target/test-dir/MiniOzoneClusterImpl-3f841ece-6686-4b0e-b99d-a05159fb56b1/datanode-2/data/ratis/fd3ce4dc-3006-4433-bd70-7c04624aabf3 does not exist. Creating ...
2022-06-21 13:54:52,601 [pool-590-thread-1] INFO  storage.RaftStorageDirectory (RaftStorageDirectoryImpl.java:tryLock(230)) - Lock on /home/runner/work/ozone/ozone/hadoop-ozone/integration-test/target/test-dir/MiniOzoneClusterImpl-3f841ece-6686-4b0e-b99d-a05159fb56b1/datanode-2/data/ratis/fd3ce4dc-3006-4433-bd70-7c04624aabf3/in_use.lock acquired by nodename 17605@fv-az194-567
2022-06-21 13:54:52,602 [pool-590-thread-1] INFO  storage.RaftStorage (RaftStorageImpl.java:format(89)) - Storage directory /home/runner/work/ozone/ozone/hadoop-ozone/integration-test/target/test-dir/MiniOzoneClusterImpl-3f841ece-6686-4b0e-b99d-a05159fb56b1/datanode-2/data/ratis/fd3ce4dc-3006-4433-bd70-7c04624aabf3 has been successfully formatted.
2022-06-21 13:54:52,638 [pool-590-thread-1] INFO  ratis.ContainerStateMachine (ContainerStateMachine.java:loadSnapshot(236)) - group-7C04624AABF3: The snapshot info is null. Setting the last applied indexto:(t:0, i:~)
2022-06-21 13:54:52,639 [pool-590-thread-1] INFO  server.RaftServerConfigKeys (ConfUtils.java:logGet(46)) - raft.server.notification.no-leader.timeout = 300s (custom)
2022-06-21 13:54:52,639 [pool-590-thread-1] INFO  server.RaftServerConfigKeys (ConfUtils.java:logGet(46)) - raft.server.log.use.memory = false (default)
2022-06-21 13:54:52,639 [pool-590-thread-1] INFO  server.RaftServerConfigKeys (ConfUtils.java:logGet(46)) - raft.server.log.purge.gap = 1000000 (custom)
2022-06-21 13:54:52,639 [pool-590-thread-1] INFO  server.RaftServerConfigKeys (ConfUtils.java:logGet(46)) - raft.server.log.appender.buffer.byte-limit = 33554432 (custom)
2022-06-21 13:54:52,639 [pool-590-thread-1] INFO  server.RaftServerConfigKeys (ConfUtils.java:logGet(46)) - raft.server.log.statemachine.data.read.timeout = 1000ms (default)
2022-06-21 13:54:52,639 [pool-590-thread-1] INFO  server.RaftServerConfigKeys (ConfUtils.java:logGet(46)) - raft.server.log.segment.size.max = 1048576 (custom)
2022-06-21 13:54:52,639 [pool-590-thread-1] INFO  server.RaftServerConfigKeys (ConfUtils.java:logGet(46)) - raft.server.log.segment.cache.num.max = 2 (custom)
2022-06-21 13:54:52,639 [pool-590-thread-1] INFO  server.RaftServerConfigKeys (ConfUtils.java:logGet(46)) - raft.server.log.segment.cache.size.max = 200MB (=209715200) (default)
2022-06-21 13:54:52,640 [pool-590-thread-1] INFO  segmented.SegmentedRaftLogWorker (SegmentedRaftLogWorker.java:<init>(187)) - new 3f2f5716-e318-4c9d-8cf6-ca563bbe3eeb@group-7C04624AABF3-SegmentedRaftLogWorker for RaftStorageImpl:Storage Directory /home/runner/work/ozone/ozone/hadoop-ozone/integration-test/target/test-dir/MiniOzoneClusterImpl-3f841ece-6686-4b0e-b99d-a05159fb56b1/datanode-2/data/ratis/fd3ce4dc-3006-4433-bd70-7c04624aabf3
2022-06-21 13:54:52,640 [pool-590-thread-1] INFO  server.RaftServerConfigKeys (ConfUtils.java:logGet(46)) - raft.server.log.queue.byte-limit = 4294967296 (custom)
2022-06-21 13:54:52,640 [pool-590-thread-1] INFO  server.RaftServerConfigKeys (ConfUtils.java:logGet(46)) - raft.server.log.queue.element-limit = 1024 (custom)
2022-06-21 13:54:52,640 [pool-590-thread-1] INFO  server.RaftServerConfigKeys (ConfUtils.java:logGet(46)) - raft.server.log.segment.size.max = 1048576 (custom)
2022-06-21 13:54:52,640 [pool-590-thread-1] INFO  server.RaftServerConfigKeys (ConfUtils.java:logGet(46)) - raft.server.log.preallocated.size = 16384 (custom)
2022-06-21 13:54:52,640 [pool-590-thread-1] INFO  server.RaftServerConfigKeys (ConfUtils.java:logGet(46)) - raft.server.log.force.sync.num = 128 (default)
2022-06-21 13:54:52,640 [pool-590-thread-1] INFO  server.RaftServerConfigKeys (ConfUtils.java:logGet(46)) - raft.server.log.statemachine.data.sync = true (default)
2022-06-21 13:54:52,640 [pool-590-thread-1] INFO  server.RaftServerConfigKeys (ConfUtils.java:logGet(46)) - raft.server.log.statemachine.data.sync.timeout = 10s (default)
2022-06-21 13:54:52,640 [pool-590-thread-1] INFO  server.RaftServerConfigKeys (ConfUtils.java:logGet(46)) - raft.server.log.statemachine.data.sync.timeout.retry = -1 (default)
2022-06-21 13:54:52,641 [pool-590-thread-1] INFO  server.RaftServerConfigKeys (ConfUtils.java:logGet(46)) - raft.server.log.write.buffer.size = 1048576 (custom)
2022-06-21 13:54:52,641 [pool-590-thread-1] INFO  server.RaftServerConfigKeys (ConfUtils.java:logGet(46)) - raft.server.log.unsafe-flush.enabled = false (default)
2022-06-21 13:54:52,641 [pool-590-thread-1] INFO  server.RaftServerConfigKeys (ConfUtils.java:logGet(46)) - raft.server.log.statemachine.data.caching.enabled = true (custom)
2022-06-21 13:54:52,641 [pool-590-thread-1] INFO  segmented.SegmentedRaftLogWorker (SegmentedRaftLogWorker.java:lambda$new$0(135)) - 3f2f5716-e318-4c9d-8cf6-ca563bbe3eeb@group-7C04624AABF3-SegmentedRaftLogWorker: flushIndex: setUnconditionally 0 -> -1
2022-06-21 13:54:52,641 [pool-590-thread-1] INFO  segmented.SegmentedRaftLogWorker (SegmentedRaftLogWorker.java:lambda$new$0(135)) - 3f2f5716-e318-4c9d-8cf6-ca563bbe3eeb@group-7C04624AABF3-SegmentedRaftLogWorker: safeCacheEvictIndex: setUnconditionally 0 -> -1
2022-06-21 13:54:52,653 [pool-590-thread-1] INFO  server.RaftServerConfigKeys (ConfUtils.java:logGet(46)) - raft.server.snapshot.auto.trigger.enabled = true (custom)
2022-06-21 13:54:52,653 [pool-590-thread-1] INFO  server.RaftServerConfigKeys (ConfUtils.java:logGet(46)) - raft.server.snapshot.auto.trigger.threshold = 10000 (custom)
2022-06-21 13:54:52,653 [pool-590-thread-1] INFO  server.RaftServerConfigKeys (ConfUtils.java:logGet(46)) - raft.server.snapshot.retention.file.num = 5 (custom)
2022-06-21 13:54:52,653 [pool-590-thread-1] INFO  server.RaftServerConfigKeys (ConfUtils.java:logGet(46)) - raft.server.log.purge.upto.snapshot.index = false (default)
2022-06-21 13:54:52,653 [pool-590-thread-1] INFO  server.RaftServerConfigKeys (ConfUtils.java:logGet(46)) - raft.server.retrycache.expirytime = 600000ms (custom)
2022-06-21 13:54:52,653 [pool-590-thread-1] INFO  server.RaftServerConfigKeys (ConfUtils.java:logGet(46)) - raft.server.retrycache.statistics.expirytime = 100μs (default)
2022-06-21 13:54:52,654 [pool-590-thread-1] INFO  server.RaftServerConfigKeys (ConfUtils.java:logGet(46)) - raft.server.log.appender.install.snapshot.enabled = false (custom)
2022-06-21 13:54:52,655 [pool-590-thread-1] INFO  server.RaftServerConfigKeys (ConfUtils.java:logGet(46)) - raft.server.threadpool.server.cached = true (default)
2022-06-21 13:54:52,655 [pool-590-thread-1] INFO  server.RaftServerConfigKeys (ConfUtils.java:logGet(46)) - raft.server.threadpool.server.size = 0 (default)
2022-06-21 13:54:52,655 [pool-590-thread-1] INFO  server.RaftServerConfigKeys (ConfUtils.java:logGet(46)) - raft.server.threadpool.client.cached = true (default)
2022-06-21 13:54:52,655 [pool-590-thread-1] INFO  server.RaftServerConfigKeys (ConfUtils.java:logGet(46)) - raft.server.threadpool.client.size = 0 (default)
2022-06-21 13:54:52,655 [pool-590-thread-1] INFO  server.RaftServer$Division (RaftServerImpl.java:start(310)) - 3f2f5716-e318-4c9d-8cf6-ca563bbe3eeb@group-7C04624AABF3: start as a follower, conf=-1: [3f2f5716-e318-4c9d-8cf6-ca563bbe3eeb|rpc:10.1.0.15:41473|dataStream:|priority:0, 6f924676-de29-4bda-9abe-50e624e9409e|rpc:10.1.0.15:35717|dataStream:|priority:0, c45c8671-7070-4be0-aa13-1f2d6b7a9218|rpc:10.1.0.15:39709|dataStream:|priority:1], old=null
2022-06-21 13:54:52,655 [pool-590-thread-1] INFO  server.RaftServer$Division (RaftServerImpl.java:setRole(299)) - 3f2f5716-e318-4c9d-8cf6-ca563bbe3eeb@group-7C04624AABF3: changes role from      null to FOLLOWER at term 0 for startAsFollower
2022-06-21 13:54:52,655 [pool-590-thread-1] INFO  impl.RoleInfo (RoleInfo.java:updateAndGet(139)) - 3f2f5716-e318-4c9d-8cf6-ca563bbe3eeb: start 3f2f5716-e318-4c9d-8cf6-ca563bbe3eeb@group-7C04624AABF3-FollowerState
2022-06-21 13:54:52,656 [pool-590-thread-1] INFO  util.JmxRegister (JmxRegister.java:tryRegister(44)) - Successfully registered JMX Bean with object name Ratis:service=RaftServer,group=group-7C04624AABF3,id=3f2f5716-e318-4c9d-8cf6-ca563bbe3eeb
2022-06-21 13:54:52,680 [Command processor thread] INFO  commandhandler.CreatePipelineCommandHandler (CreatePipelineCommandHandler.java:handle(113)) - Created Pipeline RATIS THREE PipelineID=fd3ce4dc-3006-4433-bd70-7c04624aabf3.
2022-06-21 13:54:52,680 [Command processor thread] INFO  server.RaftServer (RaftServerProxy.java:addNew(96)) - 6f924676-de29-4bda-9abe-50e624e9409e: addNew group-86627BF40FCD:[3f2f5716-e318-4c9d-8cf6-ca563bbe3eeb|rpc:10.1.0.15:41473|priority:0, 6f924676-de29-4bda-9abe-50e624e9409e|rpc:10.1.0.15:35717|priority:1, c45c8671-7070-4be0-aa13-1f2d6b7a9218|rpc:10.1.0.15:39709|priority:0] returns group-86627BF40FCD:java.util.concurrent.CompletableFuture@a655aaa[Not completed]
2022-06-21 13:54:52,680 [pool-544-thread-1] INFO  server.RaftServer$Division (RaftServerImpl.java:<init>(190)) - 6f924676-de29-4bda-9abe-50e624e9409e: new RaftServerImpl for group-86627BF40FCD:[3f2f5716-e318-4c9d-8cf6-ca563bbe3eeb|rpc:10.1.0.15:41473|priority:0, 6f924676-de29-4bda-9abe-50e624e9409e|rpc:10.1.0.15:35717|priority:1, c45c8671-7070-4be0-aa13-1f2d6b7a9218|rpc:10.1.0.15:39709|priority:0] with ContainerStateMachine:uninitialized
2022-06-21 13:54:52,681 [pool-544-thread-1] INFO  server.RaftServerConfigKeys (ConfUtils.java:logGet(46)) - raft.server.rpc.timeout.min = 5s (custom)
2022-06-21 13:54:52,681 [pool-544-thread-1] INFO  server.RaftServerConfigKeys (ConfUtils.java:logGet(46)) - raft.server.rpc.timeout.max = 5200ms (custom)
2022-06-21 13:54:52,681 [pool-544-thread-1] INFO  server.RaftServerConfigKeys (ConfUtils.java:logGet(46)) - raft.server.rpc.sleep.time = 25ms (default)
2022-06-21 13:54:52,681 [pool-544-thread-1] INFO  server.RaftServerConfigKeys (ConfUtils.java:logGet(46)) - raft.server.rpc.slowness.timeout = 300s (custom)
2022-06-21 13:54:52,681 [pool-544-thread-1] INFO  server.RaftServerConfigKeys (ConfUtils.java:logGet(46)) - raft.server.leaderelection.leader.step-down.wait-time = 10s (default)
2022-06-21 13:54:52,681 [pool-544-thread-1] INFO  server.RaftServerConfigKeys (ConfUtils.java:logGet(46)) - raft.server.sleep.deviation.threshold = 300ms (default)
2022-06-21 13:54:52,681 [pool-544-thread-1] INFO  server.RaftServer$Division (ServerState.java:<init>(107)) - 6f924676-de29-4bda-9abe-50e624e9409e@group-86627BF40FCD: ConfigurationManager, init=-1: [3f2f5716-e318-4c9d-8cf6-ca563bbe3eeb|rpc:10.1.0.15:41473|priority:0, 6f924676-de29-4bda-9abe-50e624e9409e|rpc:10.1.0.15:35717|priority:1, c45c8671-7070-4be0-aa13-1f2d6b7a9218|rpc:10.1.0.15:39709|priority:0], old=null, confs=<EMPTY_MAP>
2022-06-21 13:54:52,681 [pool-544-thread-1] INFO  server.RaftServerConfigKeys (ConfUtils.java:logGet(46)) - raft.server.storage.dir = [/home/runner/work/ozone/ozone/hadoop-ozone/integration-test/target/test-dir/MiniOzoneClusterImpl-3f841ece-6686-4b0e-b99d-a05159fb56b1/datanode-0/data/ratis] (custom)
2022-06-21 13:54:52,681 [pool-544-thread-1] INFO  server.RaftServerConfigKeys (ConfUtils.java:logGet(46)) - raft.server.log.corruption.policy = EXCEPTION (default)
2022-06-21 13:54:52,681 [pool-544-thread-1] INFO  server.RaftServerConfigKeys (ConfUtils.java:logGet(46)) - raft.server.storage.free-space.min = 0MB (=0) (default)
2022-06-21 13:54:52,681 [pool-544-thread-1] INFO  storage.RaftStorageDirectory (RaftStorageDirectoryImpl.java:analyzeStorage(135)) - The storage directory /home/runner/work/ozone/ozone/hadoop-ozone/integration-test/target/test-dir/MiniOzoneClusterImpl-3f841ece-6686-4b0e-b99d-a05159fb56b1/datanode-0/data/ratis/a3ee74f2-a989-4ae7-ba8a-86627bf40fcd does not exist. Creating ...
2022-06-21 13:54:52,682 [pool-544-thread-1] INFO  storage.RaftStorageDirectory (RaftStorageDirectoryImpl.java:tryLock(230)) - Lock on /home/runner/work/ozone/ozone/hadoop-ozone/integration-test/target/test-dir/MiniOzoneClusterImpl-3f841ece-6686-4b0e-b99d-a05159fb56b1/datanode-0/data/ratis/a3ee74f2-a989-4ae7-ba8a-86627bf40fcd/in_use.lock acquired by nodename 17605@fv-az194-567
2022-06-21 13:54:52,684 [pool-544-thread-1] INFO  storage.RaftStorage (RaftStorageImpl.java:format(89)) - Storage directory /home/runner/work/ozone/ozone/hadoop-ozone/integration-test/target/test-dir/MiniOzoneClusterImpl-3f841ece-6686-4b0e-b99d-a05159fb56b1/datanode-0/data/ratis/a3ee74f2-a989-4ae7-ba8a-86627bf40fcd has been successfully formatted.
2022-06-21 13:54:52,684 [pool-544-thread-1] INFO  ratis.ContainerStateMachine (ContainerStateMachine.java:loadSnapshot(236)) - group-86627BF40FCD: The snapshot info is null. Setting the last applied indexto:(t:0, i:~)
2022-06-21 13:54:52,684 [pool-544-thread-1] INFO  server.RaftServerConfigKeys (ConfUtils.java:logGet(46)) - raft.server.notification.no-leader.timeout = 300s (custom)
2022-06-21 13:54:52,684 [pool-544-thread-1] INFO  server.RaftServerConfigKeys (ConfUtils.java:logGet(46)) - raft.server.log.use.memory = false (default)
2022-06-21 13:54:52,684 [pool-544-thread-1] INFO  server.RaftServerConfigKeys (ConfUtils.java:logGet(46)) - raft.server.log.purge.gap = 1000000 (custom)
2022-06-21 13:54:52,684 [pool-544-thread-1] INFO  server.RaftServerConfigKeys (ConfUtils.java:logGet(46)) - raft.server.log.appender.buffer.byte-limit = 33554432 (custom)
2022-06-21 13:54:52,684 [pool-544-thread-1] INFO  server.RaftServerConfigKeys (ConfUtils.java:logGet(46)) - raft.server.log.statemachine.data.read.timeout = 1000ms (default)
2022-06-21 13:54:52,685 [pool-544-thread-1] INFO  server.RaftServerConfigKeys (ConfUtils.java:logGet(46)) - raft.server.log.segment.size.max = 1048576 (custom)
2022-06-21 13:54:52,685 [pool-544-thread-1] INFO  server.RaftServerConfigKeys (ConfUtils.java:logGet(46)) - raft.server.log.segment.cache.num.max = 2 (custom)
2022-06-21 13:54:52,685 [pool-544-thread-1] INFO  server.RaftServerConfigKeys (ConfUtils.java:logGet(46)) - raft.server.log.segment.cache.size.max = 200MB (=209715200) (default)
2022-06-21 13:54:52,685 [pool-544-thread-1] INFO  segmented.SegmentedRaftLogWorker (SegmentedRaftLogWorker.java:<init>(187)) - new 6f924676-de29-4bda-9abe-50e624e9409e@group-86627BF40FCD-SegmentedRaftLogWorker for RaftStorageImpl:Storage Directory /home/runner/work/ozone/ozone/hadoop-ozone/integration-test/target/test-dir/MiniOzoneClusterImpl-3f841ece-6686-4b0e-b99d-a05159fb56b1/datanode-0/data/ratis/a3ee74f2-a989-4ae7-ba8a-86627bf40fcd
2022-06-21 13:54:52,685 [pool-544-thread-1] INFO  server.RaftServerConfigKeys (ConfUtils.java:logGet(46)) - raft.server.log.queue.byte-limit = 4294967296 (custom)
2022-06-21 13:54:52,685 [pool-544-thread-1] INFO  server.RaftServerConfigKeys (ConfUtils.java:logGet(46)) - raft.server.log.queue.element-limit = 1024 (custom)
2022-06-21 13:54:52,685 [pool-544-thread-1] INFO  server.RaftServerConfigKeys (ConfUtils.java:logGet(46)) - raft.server.log.segment.size.max = 1048576 (custom)
2022-06-21 13:54:52,685 [pool-544-thread-1] INFO  server.RaftServerConfigKeys (ConfUtils.java:logGet(46)) - raft.server.log.preallocated.size = 16384 (custom)
2022-06-21 13:54:52,685 [pool-544-thread-1] INFO  server.RaftServerConfigKeys (ConfUtils.java:logGet(46)) - raft.server.log.force.sync.num = 128 (default)
2022-06-21 13:54:52,685 [pool-544-thread-1] INFO  server.RaftServerConfigKeys (ConfUtils.java:logGet(46)) - raft.server.log.statemachine.data.sync = true (default)
2022-06-21 13:54:52,685 [pool-544-thread-1] INFO  server.RaftServerConfigKeys (ConfUtils.java:logGet(46)) - raft.server.log.statemachine.data.sync.timeout = 10s (default)
2022-06-21 13:54:52,685 [pool-544-thread-1] INFO  server.RaftServerConfigKeys (ConfUtils.java:logGet(46)) - raft.server.log.statemachine.data.sync.timeout.retry = -1 (default)
2022-06-21 13:54:52,692 [pool-544-thread-1] INFO  server.RaftServerConfigKeys (ConfUtils.java:logGet(46)) - raft.server.log.write.buffer.size = 1048576 (custom)
2022-06-21 13:54:52,692 [pool-544-thread-1] INFO  server.RaftServerConfigKeys (ConfUtils.java:logGet(46)) - raft.server.log.unsafe-flush.enabled = false (default)
2022-06-21 13:54:52,692 [pool-544-thread-1] INFO  server.RaftServerConfigKeys (ConfUtils.java:logGet(46)) - raft.server.log.statemachine.data.caching.enabled = true (custom)
2022-06-21 13:54:52,692 [pool-544-thread-1] INFO  segmented.SegmentedRaftLogWorker (SegmentedRaftLogWorker.java:lambda$new$0(135)) - 6f924676-de29-4bda-9abe-50e624e9409e@group-86627BF40FCD-SegmentedRaftLogWorker: flushIndex: setUnconditionally 0 -> -1
2022-06-21 13:54:52,692 [pool-544-thread-1] INFO  segmented.SegmentedRaftLogWorker (SegmentedRaftLogWorker.java:lambda$new$0(135)) - 6f924676-de29-4bda-9abe-50e624e9409e@group-86627BF40FCD-SegmentedRaftLogWorker: safeCacheEvictIndex: setUnconditionally 0 -> -1
2022-06-21 13:54:52,692 [pool-544-thread-1] INFO  server.RaftServerConfigKeys (ConfUtils.java:logGet(46)) - raft.server.snapshot.auto.trigger.enabled = true (custom)
2022-06-21 13:54:52,693 [pool-544-thread-1] INFO  server.RaftServerConfigKeys (ConfUtils.java:logGet(46)) - raft.server.snapshot.auto.trigger.threshold = 10000 (custom)
2022-06-21 13:54:52,693 [pool-544-thread-1] INFO  server.RaftServerConfigKeys (ConfUtils.java:logGet(46)) - raft.server.snapshot.retention.file.num = 5 (custom)
2022-06-21 13:54:52,693 [pool-544-thread-1] INFO  server.RaftServerConfigKeys (ConfUtils.java:logGet(46)) - raft.server.log.purge.upto.snapshot.index = false (default)
2022-06-21 13:54:52,693 [pool-544-thread-1] INFO  server.RaftServerConfigKeys (ConfUtils.java:logGet(46)) - raft.server.retrycache.expirytime = 600000ms (custom)
2022-06-21 13:54:52,693 [pool-544-thread-1] INFO  server.RaftServerConfigKeys (ConfUtils.java:logGet(46)) - raft.server.retrycache.statistics.expirytime = 100μs (default)
2022-06-21 13:54:52,694 [pool-544-thread-1] INFO  server.RaftServerConfigKeys (ConfUtils.java:logGet(46)) - raft.server.log.appender.install.snapshot.enabled = false (custom)
2022-06-21 13:54:52,694 [pool-544-thread-1] INFO  server.RaftServerConfigKeys (ConfUtils.java:logGet(46)) - raft.server.threadpool.server.cached = true (default)
2022-06-21 13:54:52,694 [pool-544-thread-1] INFO  server.RaftServerConfigKeys (ConfUtils.java:logGet(46)) - raft.server.threadpool.server.size = 0 (default)
2022-06-21 13:54:52,694 [pool-544-thread-1] INFO  server.RaftServerConfigKeys (ConfUtils.java:logGet(46)) - raft.server.threadpool.client.cached = true (default)
2022-06-21 13:54:52,694 [pool-544-thread-1] INFO  server.RaftServerConfigKeys (ConfUtils.java:logGet(46)) - raft.server.threadpool.client.size = 0 (default)
2022-06-21 13:54:52,694 [pool-544-thread-1] INFO  server.RaftServer$Division (RaftServerImpl.java:start(310)) - 6f924676-de29-4bda-9abe-50e624e9409e@group-86627BF40FCD: start as a follower, conf=-1: [3f2f5716-e318-4c9d-8cf6-ca563bbe3eeb|rpc:10.1.0.15:41473|priority:0, 6f924676-de29-4bda-9abe-50e624e9409e|rpc:10.1.0.15:35717|priority:1, c45c8671-7070-4be0-aa13-1f2d6b7a9218|rpc:10.1.0.15:39709|priority:0], old=null
2022-06-21 13:54:52,694 [pool-544-thread-1] INFO  server.RaftServer$Division (RaftServerImpl.java:setRole(299)) - 6f924676-de29-4bda-9abe-50e624e9409e@group-86627BF40FCD: changes role from      null to FOLLOWER at term 0 for startAsFollower
2022-06-21 13:54:52,694 [pool-544-thread-1] INFO  impl.RoleInfo (RoleInfo.java:updateAndGet(139)) - 6f924676-de29-4bda-9abe-50e624e9409e: start 6f924676-de29-4bda-9abe-50e624e9409e@group-86627BF40FCD-FollowerState
2022-06-21 13:54:52,695 [EventQueue-OpenPipelineForHealthyPipelineSafeModeRule] INFO  safemode.SCMSafeModeManager (HealthyPipelineSafeModeRule.java:process(124)) - SCM in safe mode. Healthy pipelines reported count is 0, required healthy pipeline reported count is 1
2022-06-21 13:54:52,746 [pool-544-thread-1] INFO  util.JmxRegister (JmxRegister.java:tryRegister(44)) - Successfully registered JMX Bean with object name Ratis:service=RaftServer,group=group-86627BF40FCD,id=6f924676-de29-4bda-9abe-50e624e9409e
2022-06-21 13:54:52,759 [Command processor thread] INFO  ratis.XceiverServerRatis (XceiverServerRatis.java:addGroup(765)) - Created group PipelineID=a3ee74f2-a989-4ae7-ba8a-86627bf40fcd
2022-06-21 13:54:52,835 [grpc-default-executor-0] INFO  server.RaftServer (RaftServerProxy.java:addNew(96)) - 3f2f5716-e318-4c9d-8cf6-ca563bbe3eeb: addNew group-86627BF40FCD:[3f2f5716-e318-4c9d-8cf6-ca563bbe3eeb|rpc:10.1.0.15:41473|dataStream:|priority:0, 6f924676-de29-4bda-9abe-50e624e9409e|rpc:10.1.0.15:35717|dataStream:|priority:1, c45c8671-7070-4be0-aa13-1f2d6b7a9218|rpc:10.1.0.15:39709|dataStream:|priority:0] returns group-86627BF40FCD:java.util.concurrent.CompletableFuture@36b705c3[Not completed]
2022-06-21 13:54:52,838 [pool-590-thread-1] INFO  server.RaftServer$Division (RaftServerImpl.java:<init>(190)) - 3f2f5716-e318-4c9d-8cf6-ca563bbe3eeb: new RaftServerImpl for group-86627BF40FCD:[3f2f5716-e318-4c9d-8cf6-ca563bbe3eeb|rpc:10.1.0.15:41473|dataStream:|priority:0, 6f924676-de29-4bda-9abe-50e624e9409e|rpc:10.1.0.15:35717|dataStream:|priority:1, c45c8671-7070-4be0-aa13-1f2d6b7a9218|rpc:10.1.0.15:39709|dataStream:|priority:0] with ContainerStateMachine:uninitialized
2022-06-21 13:54:52,838 [pool-590-thread-1] INFO  server.RaftServerConfigKeys (ConfUtils.java:logGet(46)) - raft.server.rpc.timeout.min = 5s (custom)
2022-06-21 13:54:52,838 [pool-590-thread-1] INFO  server.RaftServerConfigKeys (ConfUtils.java:logGet(46)) - raft.server.rpc.timeout.max = 5200ms (custom)
2022-06-21 13:54:52,838 [pool-590-thread-1] INFO  server.RaftServerConfigKeys (ConfUtils.java:logGet(46)) - raft.server.rpc.sleep.time = 25ms (default)
2022-06-21 13:54:52,838 [pool-590-thread-1] INFO  server.RaftServerConfigKeys (ConfUtils.java:logGet(46)) - raft.server.rpc.slowness.timeout = 300s (custom)
2022-06-21 13:54:52,838 [pool-590-thread-1] INFO  server.RaftServerConfigKeys (ConfUtils.java:logGet(46)) - raft.server.leaderelection.leader.step-down.wait-time = 10s (default)
2022-06-21 13:54:52,838 [pool-590-thread-1] INFO  server.RaftServerConfigKeys (ConfUtils.java:logGet(46)) - raft.server.sleep.deviation.threshold = 300ms (default)
2022-06-21 13:54:52,838 [pool-590-thread-1] INFO  server.RaftServer$Division (ServerState.java:<init>(107)) - 3f2f5716-e318-4c9d-8cf6-ca563bbe3eeb@group-86627BF40FCD: ConfigurationManager, init=-1: [3f2f5716-e318-4c9d-8cf6-ca563bbe3eeb|rpc:10.1.0.15:41473|dataStream:|priority:0, 6f924676-de29-4bda-9abe-50e624e9409e|rpc:10.1.0.15:35717|dataStream:|priority:1, c45c8671-7070-4be0-aa13-1f2d6b7a9218|rpc:10.1.0.15:39709|dataStream:|priority:0], old=null, confs=<EMPTY_MAP>
2022-06-21 13:54:52,838 [pool-590-thread-1] INFO  server.RaftServerConfigKeys (ConfUtils.java:logGet(46)) - raft.server.storage.dir = [/home/runner/work/ozone/ozone/hadoop-ozone/integration-test/target/test-dir/MiniOzoneClusterImpl-3f841ece-6686-4b0e-b99d-a05159fb56b1/datanode-2/data/ratis] (custom)
2022-06-21 13:54:52,839 [pool-590-thread-1] INFO  server.RaftServerConfigKeys (ConfUtils.java:logGet(46)) - raft.server.log.corruption.policy = EXCEPTION (default)
2022-06-21 13:54:52,839 [pool-590-thread-1] INFO  server.RaftServerConfigKeys (ConfUtils.java:logGet(46)) - raft.server.storage.free-space.min = 0MB (=0) (default)
2022-06-21 13:54:52,839 [pool-590-thread-1] INFO  storage.RaftStorageDirectory (RaftStorageDirectoryImpl.java:analyzeStorage(135)) - The storage directory /home/runner/work/ozone/ozone/hadoop-ozone/integration-test/target/test-dir/MiniOzoneClusterImpl-3f841ece-6686-4b0e-b99d-a05159fb56b1/datanode-2/data/ratis/a3ee74f2-a989-4ae7-ba8a-86627bf40fcd does not exist. Creating ...
2022-06-21 13:54:52,840 [pool-590-thread-1] INFO  storage.RaftStorageDirectory (RaftStorageDirectoryImpl.java:tryLock(230)) - Lock on /home/runner/work/ozone/ozone/hadoop-ozone/integration-test/target/test-dir/MiniOzoneClusterImpl-3f841ece-6686-4b0e-b99d-a05159fb56b1/datanode-2/data/ratis/a3ee74f2-a989-4ae7-ba8a-86627bf40fcd/in_use.lock acquired by nodename 17605@fv-az194-567
2022-06-21 13:54:52,860 [pool-590-thread-1] INFO  storage.RaftStorage (RaftStorageImpl.java:format(89)) - Storage directory /home/runner/work/ozone/ozone/hadoop-ozone/integration-test/target/test-dir/MiniOzoneClusterImpl-3f841ece-6686-4b0e-b99d-a05159fb56b1/datanode-2/data/ratis/a3ee74f2-a989-4ae7-ba8a-86627bf40fcd has been successfully formatted.
2022-06-21 13:54:52,860 [pool-590-thread-1] INFO  ratis.ContainerStateMachine (ContainerStateMachine.java:loadSnapshot(236)) - group-86627BF40FCD: The snapshot info is null. Setting the last applied indexto:(t:0, i:~)
2022-06-21 13:54:52,860 [pool-590-thread-1] INFO  server.RaftServerConfigKeys (ConfUtils.java:logGet(46)) - raft.server.notification.no-leader.timeout = 300s (custom)
2022-06-21 13:54:52,860 [pool-590-thread-1] INFO  server.RaftServerConfigKeys (ConfUtils.java:logGet(46)) - raft.server.log.use.memory = false (default)
2022-06-21 13:54:52,860 [pool-590-thread-1] INFO  server.RaftServerConfigKeys (ConfUtils.java:logGet(46)) - raft.server.log.purge.gap = 1000000 (custom)
2022-06-21 13:54:52,860 [pool-590-thread-1] INFO  server.RaftServerConfigKeys (ConfUtils.java:logGet(46)) - raft.server.log.appender.buffer.byte-limit = 33554432 (custom)
2022-06-21 13:54:52,860 [pool-590-thread-1] INFO  server.RaftServerConfigKeys (ConfUtils.java:logGet(46)) - raft.server.log.statemachine.data.read.timeout = 1000ms (default)
2022-06-21 13:54:52,861 [pool-590-thread-1] INFO  server.RaftServerConfigKeys (ConfUtils.java:logGet(46)) - raft.server.log.segment.size.max = 1048576 (custom)
2022-06-21 13:54:52,861 [pool-590-thread-1] INFO  server.RaftServerConfigKeys (ConfUtils.java:logGet(46)) - raft.server.log.segment.cache.num.max = 2 (custom)
2022-06-21 13:54:52,861 [pool-590-thread-1] INFO  server.RaftServerConfigKeys (ConfUtils.java:logGet(46)) - raft.server.log.segment.cache.size.max = 200MB (=209715200) (default)
2022-06-21 13:54:52,861 [pool-590-thread-1] INFO  segmented.SegmentedRaftLogWorker (SegmentedRaftLogWorker.java:<init>(187)) - new 3f2f5716-e318-4c9d-8cf6-ca563bbe3eeb@group-86627BF40FCD-SegmentedRaftLogWorker for RaftStorageImpl:Storage Directory /home/runner/work/ozone/ozone/hadoop-ozone/integration-test/target/test-dir/MiniOzoneClusterImpl-3f841ece-6686-4b0e-b99d-a05159fb56b1/datanode-2/data/ratis/a3ee74f2-a989-4ae7-ba8a-86627bf40fcd
2022-06-21 13:54:52,861 [pool-590-thread-1] INFO  server.RaftServerConfigKeys (ConfUtils.java:logGet(46)) - raft.server.log.queue.byte-limit = 4294967296 (custom)
2022-06-21 13:54:52,861 [pool-590-thread-1] INFO  server.RaftServerConfigKeys (ConfUtils.java:logGet(46)) - raft.server.log.queue.element-limit = 1024 (custom)
2022-06-21 13:54:52,861 [pool-590-thread-1] INFO  server.RaftServerConfigKeys (ConfUtils.java:logGet(46)) - raft.server.log.segment.size.max = 1048576 (custom)
2022-06-21 13:54:52,861 [pool-590-thread-1] INFO  server.RaftServerConfigKeys (ConfUtils.java:logGet(46)) - raft.server.log.preallocated.size = 16384 (custom)
2022-06-21 13:54:52,861 [pool-590-thread-1] INFO  server.RaftServerConfigKeys (ConfUtils.java:logGet(46)) - raft.server.log.force.sync.num = 128 (default)
2022-06-21 13:54:52,861 [pool-590-thread-1] INFO  server.RaftServerConfigKeys (ConfUtils.java:logGet(46)) - raft.server.log.statemachine.data.sync = true (default)
2022-06-21 13:54:52,861 [pool-590-thread-1] INFO  server.RaftServerConfigKeys (ConfUtils.java:logGet(46)) - raft.server.log.statemachine.data.sync.timeout = 10s (default)
2022-06-21 13:54:52,861 [pool-590-thread-1] INFO  server.RaftServerConfigKeys (ConfUtils.java:logGet(46)) - raft.server.log.statemachine.data.sync.timeout.retry = -1 (default)
2022-06-21 13:54:52,862 [pool-590-thread-1] INFO  server.RaftServerConfigKeys (ConfUtils.java:logGet(46)) - raft.server.log.write.buffer.size = 1048576 (custom)
2022-06-21 13:54:52,863 [pool-590-thread-1] INFO  server.RaftServerConfigKeys (ConfUtils.java:logGet(46)) - raft.server.log.unsafe-flush.enabled = false (default)
2022-06-21 13:54:52,863 [pool-590-thread-1] INFO  server.RaftServerConfigKeys (ConfUtils.java:logGet(46)) - raft.server.log.statemachine.data.caching.enabled = true (custom)
2022-06-21 13:54:52,863 [pool-590-thread-1] INFO  segmented.SegmentedRaftLogWorker (SegmentedRaftLogWorker.java:lambda$new$0(135)) - 3f2f5716-e318-4c9d-8cf6-ca563bbe3eeb@group-86627BF40FCD-SegmentedRaftLogWorker: flushIndex: setUnconditionally 0 -> -1
2022-06-21 13:54:52,863 [pool-590-thread-1] INFO  segmented.SegmentedRaftLogWorker (SegmentedRaftLogWorker.java:lambda$new$0(135)) - 3f2f5716-e318-4c9d-8cf6-ca563bbe3eeb@group-86627BF40FCD-SegmentedRaftLogWorker: safeCacheEvictIndex: setUnconditionally 0 -> -1
2022-06-21 13:54:52,878 [pool-590-thread-1] INFO  server.RaftServerConfigKeys (ConfUtils.java:logGet(46)) - raft.server.snapshot.auto.trigger.enabled = true (custom)
2022-06-21 13:54:52,879 [pool-590-thread-1] INFO  server.RaftServerConfigKeys (ConfUtils.java:logGet(46)) - raft.server.snapshot.auto.trigger.threshold = 10000 (custom)
2022-06-21 13:54:52,879 [pool-590-thread-1] INFO  server.RaftServerConfigKeys (ConfUtils.java:logGet(46)) - raft.server.snapshot.retention.file.num = 5 (custom)
2022-06-21 13:54:52,879 [pool-590-thread-1] INFO  server.RaftServerConfigKeys (ConfUtils.java:logGet(46)) - raft.server.log.purge.upto.snapshot.index = false (default)
2022-06-21 13:54:52,879 [pool-590-thread-1] INFO  server.RaftServerConfigKeys (ConfUtils.java:logGet(46)) - raft.server.retrycache.expirytime = 600000ms (custom)
2022-06-21 13:54:52,879 [pool-590-thread-1] INFO  server.RaftServerConfigKeys (ConfUtils.java:logGet(46)) - raft.server.retrycache.statistics.expirytime = 100μs (default)
2022-06-21 13:54:52,880 [pool-590-thread-1] INFO  server.RaftServerConfigKeys (ConfUtils.java:logGet(46)) - raft.server.log.appender.install.snapshot.enabled = false (custom)
2022-06-21 13:54:52,880 [pool-590-thread-1] INFO  server.RaftServerConfigKeys (ConfUtils.java:logGet(46)) - raft.server.threadpool.server.cached = true (default)
2022-06-21 13:54:52,880 [pool-590-thread-1] INFO  server.RaftServerConfigKeys (ConfUtils.java:logGet(46)) - raft.server.threadpool.server.size = 0 (default)
2022-06-21 13:54:52,880 [pool-590-thread-1] INFO  server.RaftServerConfigKeys (ConfUtils.java:logGet(46)) - raft.server.threadpool.client.cached = true (default)
2022-06-21 13:54:52,880 [pool-590-thread-1] INFO  server.RaftServerConfigKeys (ConfUtils.java:logGet(46)) - raft.server.threadpool.client.size = 0 (default)
2022-06-21 13:54:52,880 [pool-590-thread-1] INFO  server.RaftServer$Division (RaftServerImpl.java:start(310)) - 3f2f5716-e318-4c9d-8cf6-ca563bbe3eeb@group-86627BF40FCD: start as a follower, conf=-1: [3f2f5716-e318-4c9d-8cf6-ca563bbe3eeb|rpc:10.1.0.15:41473|dataStream:|priority:0, 6f924676-de29-4bda-9abe-50e624e9409e|rpc:10.1.0.15:35717|dataStream:|priority:1, c45c8671-7070-4be0-aa13-1f2d6b7a9218|rpc:10.1.0.15:39709|dataStream:|priority:0], old=null
2022-06-21 13:54:52,880 [pool-590-thread-1] INFO  server.RaftServer$Division (RaftServerImpl.java:setRole(299)) - 3f2f5716-e318-4c9d-8cf6-ca563bbe3eeb@group-86627BF40FCD: changes role from      null to FOLLOWER at term 0 for startAsFollower
2022-06-21 13:54:52,880 [pool-590-thread-1] INFO  impl.RoleInfo (RoleInfo.java:updateAndGet(139)) - 3f2f5716-e318-4c9d-8cf6-ca563bbe3eeb: start 3f2f5716-e318-4c9d-8cf6-ca563bbe3eeb@group-86627BF40FCD-FollowerState
2022-06-21 13:54:52,888 [pool-590-thread-1] INFO  util.JmxRegister (JmxRegister.java:tryRegister(44)) - Successfully registered JMX Bean with object name Ratis:service=RaftServer,group=group-86627BF40FCD,id=3f2f5716-e318-4c9d-8cf6-ca563bbe3eeb
2022-06-21 13:54:52,967 [grpc-default-executor-0] INFO  server.RaftServer (RaftServerProxy.java:addNew(96)) - c45c8671-7070-4be0-aa13-1f2d6b7a9218: addNew group-86627BF40FCD:[3f2f5716-e318-4c9d-8cf6-ca563bbe3eeb|rpc:10.1.0.15:41473|dataStream:|priority:0, 6f924676-de29-4bda-9abe-50e624e9409e|rpc:10.1.0.15:35717|dataStream:|priority:1, c45c8671-7070-4be0-aa13-1f2d6b7a9218|rpc:10.1.0.15:39709|dataStream:|priority:0] returns group-86627BF40FCD:java.util.concurrent.CompletableFuture@6139d162[Not completed]
2022-06-21 13:54:52,967 [pool-567-thread-1] INFO  server.RaftServer$Division (RaftServerImpl.java:<init>(190)) - c45c8671-7070-4be0-aa13-1f2d6b7a9218: new RaftServerImpl for group-86627BF40FCD:[3f2f5716-e318-4c9d-8cf6-ca563bbe3eeb|rpc:10.1.0.15:41473|dataStream:|priority:0, 6f924676-de29-4bda-9abe-50e624e9409e|rpc:10.1.0.15:35717|dataStream:|priority:1, c45c8671-7070-4be0-aa13-1f2d6b7a9218|rpc:10.1.0.15:39709|dataStream:|priority:0] with ContainerStateMachine:uninitialized
2022-06-21 13:54:52,968 [pool-567-thread-1] INFO  server.RaftServerConfigKeys (ConfUtils.java:logGet(46)) - raft.server.rpc.timeout.min = 5s (custom)
2022-06-21 13:54:52,968 [pool-567-thread-1] INFO  server.RaftServerConfigKeys (ConfUtils.java:logGet(46)) - raft.server.rpc.timeout.max = 5200ms (custom)
2022-06-21 13:54:52,968 [pool-567-thread-1] INFO  server.RaftServerConfigKeys (ConfUtils.java:logGet(46)) - raft.server.rpc.sleep.time = 25ms (default)
2022-06-21 13:54:52,968 [pool-567-thread-1] INFO  server.RaftServerConfigKeys (ConfUtils.java:logGet(46)) - raft.server.rpc.slowness.timeout = 300s (custom)
2022-06-21 13:54:52,968 [pool-567-thread-1] INFO  server.RaftServerConfigKeys (ConfUtils.java:logGet(46)) - raft.server.leaderelection.leader.step-down.wait-time = 10s (default)
2022-06-21 13:54:52,968 [pool-567-thread-1] INFO  server.RaftServerConfigKeys (ConfUtils.java:logGet(46)) - raft.server.sleep.deviation.threshold = 300ms (default)
2022-06-21 13:54:52,968 [pool-567-thread-1] INFO  server.RaftServer$Division (ServerState.java:<init>(107)) - c45c8671-7070-4be0-aa13-1f2d6b7a9218@group-86627BF40FCD: ConfigurationManager, init=-1: [3f2f5716-e318-4c9d-8cf6-ca563bbe3eeb|rpc:10.1.0.15:41473|dataStream:|priority:0, 6f924676-de29-4bda-9abe-50e624e9409e|rpc:10.1.0.15:35717|dataStream:|priority:1, c45c8671-7070-4be0-aa13-1f2d6b7a9218|rpc:10.1.0.15:39709|dataStream:|priority:0], old=null, confs=<EMPTY_MAP>
2022-06-21 13:54:52,968 [pool-567-thread-1] INFO  server.RaftServerConfigKeys (ConfUtils.java:logGet(46)) - raft.server.storage.dir = [/home/runner/work/ozone/ozone/hadoop-ozone/integration-test/target/test-dir/MiniOzoneClusterImpl-3f841ece-6686-4b0e-b99d-a05159fb56b1/datanode-1/data/ratis] (custom)
2022-06-21 13:54:52,968 [pool-567-thread-1] INFO  server.RaftServerConfigKeys (ConfUtils.java:logGet(46)) - raft.server.log.corruption.policy = EXCEPTION (default)
2022-06-21 13:54:52,968 [pool-567-thread-1] INFO  server.RaftServerConfigKeys (ConfUtils.java:logGet(46)) - raft.server.storage.free-space.min = 0MB (=0) (default)
2022-06-21 13:54:52,968 [pool-567-thread-1] INFO  storage.RaftStorageDirectory (RaftStorageDirectoryImpl.java:analyzeStorage(135)) - The storage directory /home/runner/work/ozone/ozone/hadoop-ozone/integration-test/target/test-dir/MiniOzoneClusterImpl-3f841ece-6686-4b0e-b99d-a05159fb56b1/datanode-1/data/ratis/a3ee74f2-a989-4ae7-ba8a-86627bf40fcd does not exist. Creating ...
2022-06-21 13:54:52,969 [pool-567-thread-1] INFO  storage.RaftStorageDirectory (RaftStorageDirectoryImpl.java:tryLock(230)) - Lock on /home/runner/work/ozone/ozone/hadoop-ozone/integration-test/target/test-dir/MiniOzoneClusterImpl-3f841ece-6686-4b0e-b99d-a05159fb56b1/datanode-1/data/ratis/a3ee74f2-a989-4ae7-ba8a-86627bf40fcd/in_use.lock acquired by nodename 17605@fv-az194-567
2022-06-21 13:54:52,979 [pool-567-thread-1] INFO  storage.RaftStorage (RaftStorageImpl.java:format(89)) - Storage directory /home/runner/work/ozone/ozone/hadoop-ozone/integration-test/target/test-dir/MiniOzoneClusterImpl-3f841ece-6686-4b0e-b99d-a05159fb56b1/datanode-1/data/ratis/a3ee74f2-a989-4ae7-ba8a-86627bf40fcd has been successfully formatted.
2022-06-21 13:54:52,982 [pool-567-thread-1] INFO  ratis.ContainerStateMachine (ContainerStateMachine.java:loadSnapshot(236)) - group-86627BF40FCD: The snapshot info is null. Setting the last applied indexto:(t:0, i:~)
2022-06-21 13:54:52,982 [pool-567-thread-1] INFO  server.RaftServerConfigKeys (ConfUtils.java:logGet(46)) - raft.server.notification.no-leader.timeout = 300s (custom)
2022-06-21 13:54:52,982 [pool-567-thread-1] INFO  server.RaftServerConfigKeys (ConfUtils.java:logGet(46)) - raft.server.log.use.memory = false (default)
2022-06-21 13:54:52,982 [pool-567-thread-1] INFO  server.RaftServerConfigKeys (ConfUtils.java:logGet(46)) - raft.server.log.purge.gap = 1000000 (custom)
2022-06-21 13:54:52,982 [pool-567-thread-1] INFO  server.RaftServerConfigKeys (ConfUtils.java:logGet(46)) - raft.server.log.appender.buffer.byte-limit = 33554432 (custom)
2022-06-21 13:54:52,982 [pool-567-thread-1] INFO  server.RaftServerConfigKeys (ConfUtils.java:logGet(46)) - raft.server.log.statemachine.data.read.timeout = 1000ms (default)
2022-06-21 13:54:52,982 [pool-567-thread-1] INFO  server.RaftServerConfigKeys (ConfUtils.java:logGet(46)) - raft.server.log.segment.size.max = 1048576 (custom)
2022-06-21 13:54:52,983 [pool-567-thread-1] INFO  server.RaftServerConfigKeys (ConfUtils.java:logGet(46)) - raft.server.log.segment.cache.num.max = 2 (custom)
2022-06-21 13:54:52,983 [pool-567-thread-1] INFO  server.RaftServerConfigKeys (ConfUtils.java:logGet(46)) - raft.server.log.segment.cache.size.max = 200MB (=209715200) (default)
2022-06-21 13:54:52,983 [pool-567-thread-1] INFO  segmented.SegmentedRaftLogWorker (SegmentedRaftLogWorker.java:<init>(187)) - new c45c8671-7070-4be0-aa13-1f2d6b7a9218@group-86627BF40FCD-SegmentedRaftLogWorker for RaftStorageImpl:Storage Directory /home/runner/work/ozone/ozone/hadoop-ozone/integration-test/target/test-dir/MiniOzoneClusterImpl-3f841ece-6686-4b0e-b99d-a05159fb56b1/datanode-1/data/ratis/a3ee74f2-a989-4ae7-ba8a-86627bf40fcd
2022-06-21 13:54:52,983 [pool-567-thread-1] INFO  server.RaftServerConfigKeys (ConfUtils.java:logGet(46)) - raft.server.log.queue.byte-limit = 4294967296 (custom)
2022-06-21 13:54:52,983 [pool-567-thread-1] INFO  server.RaftServerConfigKeys (ConfUtils.java:logGet(46)) - raft.server.log.queue.element-limit = 1024 (custom)
2022-06-21 13:54:52,983 [pool-567-thread-1] INFO  server.RaftServerConfigKeys (ConfUtils.java:logGet(46)) - raft.server.log.segment.size.max = 1048576 (custom)
2022-06-21 13:54:52,983 [pool-567-thread-1] INFO  server.RaftServerConfigKeys (ConfUtils.java:logGet(46)) - raft.server.log.preallocated.size = 16384 (custom)
2022-06-21 13:54:52,983 [pool-567-thread-1] INFO  server.RaftServerConfigKeys (ConfUtils.java:logGet(46)) - raft.server.log.force.sync.num = 128 (default)
2022-06-21 13:54:52,983 [pool-567-thread-1] INFO  server.RaftServerConfigKeys (ConfUtils.java:logGet(46)) - raft.server.log.statemachine.data.sync = true (default)
2022-06-21 13:54:52,983 [pool-567-thread-1] INFO  server.RaftServerConfigKeys (ConfUtils.java:logGet(46)) - raft.server.log.statemachine.data.sync.timeout = 10s (default)
2022-06-21 13:54:52,983 [pool-567-thread-1] INFO  server.RaftServerConfigKeys (ConfUtils.java:logGet(46)) - raft.server.log.statemachine.data.sync.timeout.retry = -1 (default)
2022-06-21 13:54:52,984 [pool-567-thread-1] INFO  server.RaftServerConfigKeys (ConfUtils.java:logGet(46)) - raft.server.log.write.buffer.size = 1048576 (custom)
2022-06-21 13:54:52,984 [pool-567-thread-1] INFO  server.RaftServerConfigKeys (ConfUtils.java:logGet(46)) - raft.server.log.unsafe-flush.enabled = false (default)
2022-06-21 13:54:52,984 [pool-567-thread-1] INFO  server.RaftServerConfigKeys (ConfUtils.java:logGet(46)) - raft.server.log.statemachine.data.caching.enabled = true (custom)
2022-06-21 13:54:52,985 [pool-567-thread-1] INFO  segmented.SegmentedRaftLogWorker (SegmentedRaftLogWorker.java:lambda$new$0(135)) - c45c8671-7070-4be0-aa13-1f2d6b7a9218@group-86627BF40FCD-SegmentedRaftLogWorker: flushIndex: setUnconditionally 0 -> -1
2022-06-21 13:54:52,985 [pool-567-thread-1] INFO  segmented.SegmentedRaftLogWorker (SegmentedRaftLogWorker.java:lambda$new$0(135)) - c45c8671-7070-4be0-aa13-1f2d6b7a9218@group-86627BF40FCD-SegmentedRaftLogWorker: safeCacheEvictIndex: setUnconditionally 0 -> -1
2022-06-21 13:54:53,005 [pool-567-thread-1] INFO  server.RaftServerConfigKeys (ConfUtils.java:logGet(46)) - raft.server.snapshot.auto.trigger.enabled = true (custom)
2022-06-21 13:54:53,005 [pool-567-thread-1] INFO  server.RaftServerConfigKeys (ConfUtils.java:logGet(46)) - raft.server.snapshot.auto.trigger.threshold = 10000 (custom)
2022-06-21 13:54:53,005 [pool-567-thread-1] INFO  server.RaftServerConfigKeys (ConfUtils.java:logGet(46)) - raft.server.snapshot.retention.file.num = 5 (custom)
2022-06-21 13:54:53,005 [pool-567-thread-1] INFO  server.RaftServerConfigKeys (ConfUtils.java:logGet(46)) - raft.server.log.purge.upto.snapshot.index = false (default)
2022-06-21 13:54:53,005 [pool-567-thread-1] INFO  server.RaftServerConfigKeys (ConfUtils.java:logGet(46)) - raft.server.retrycache.expirytime = 600000ms (custom)
2022-06-21 13:54:53,005 [pool-567-thread-1] INFO  server.RaftServerConfigKeys (ConfUtils.java:logGet(46)) - raft.server.retrycache.statistics.expirytime = 100μs (default)
2022-06-21 13:54:53,007 [Command processor thread] INFO  server.RaftServer (RaftServerProxy.java:addNew(96)) - c45c8671-7070-4be0-aa13-1f2d6b7a9218: addNew group-E80B0928F1A1:[c45c8671-7070-4be0-aa13-1f2d6b7a9218|rpc:10.1.0.15:39709|priority:1] returns group-E80B0928F1A1:java.util.concurrent.CompletableFuture@54259d0a[Not completed]
2022-06-21 13:54:53,007 [pool-567-thread-1] INFO  server.RaftServerConfigKeys (ConfUtils.java:logGet(46)) - raft.server.log.appender.install.snapshot.enabled = false (custom)
2022-06-21 13:54:53,007 [pool-567-thread-1] INFO  server.RaftServerConfigKeys (ConfUtils.java:logGet(46)) - raft.server.threadpool.server.cached = true (default)
2022-06-21 13:54:53,008 [pool-567-thread-1] INFO  server.RaftServerConfigKeys (ConfUtils.java:logGet(46)) - raft.server.threadpool.server.size = 0 (default)
2022-06-21 13:54:53,008 [pool-567-thread-1] INFO  server.RaftServerConfigKeys (ConfUtils.java:logGet(46)) - raft.server.threadpool.client.cached = true (default)
2022-06-21 13:54:53,008 [pool-567-thread-1] INFO  server.RaftServerConfigKeys (ConfUtils.java:logGet(46)) - raft.server.threadpool.client.size = 0 (default)
2022-06-21 13:54:53,008 [pool-567-thread-1] INFO  server.RaftServer$Division (RaftServerImpl.java:<init>(190)) - c45c8671-7070-4be0-aa13-1f2d6b7a9218: new RaftServerImpl for group-E80B0928F1A1:[c45c8671-7070-4be0-aa13-1f2d6b7a9218|rpc:10.1.0.15:39709|priority:1] with ContainerStateMachine:uninitialized
2022-06-21 13:54:53,008 [pool-567-thread-1] INFO  server.RaftServerConfigKeys (ConfUtils.java:logGet(46)) - raft.server.rpc.timeout.min = 5s (custom)
2022-06-21 13:54:53,008 [pool-567-thread-1] INFO  server.RaftServerConfigKeys (ConfUtils.java:logGet(46)) - raft.server.rpc.timeout.max = 5200ms (custom)
2022-06-21 13:54:53,009 [pool-567-thread-1] INFO  server.RaftServerConfigKeys (ConfUtils.java:logGet(46)) - raft.server.rpc.sleep.time = 25ms (default)
2022-06-21 13:54:53,009 [pool-567-thread-1] INFO  server.RaftServerConfigKeys (ConfUtils.java:logGet(46)) - raft.server.rpc.slowness.timeout = 300s (custom)
2022-06-21 13:54:53,009 [pool-567-thread-1] INFO  server.RaftServerConfigKeys (ConfUtils.java:logGet(46)) - raft.server.leaderelection.leader.step-down.wait-time = 10s (default)
2022-06-21 13:54:53,009 [pool-567-thread-1] INFO  server.RaftServerConfigKeys (ConfUtils.java:logGet(46)) - raft.server.sleep.deviation.threshold = 300ms (default)
2022-06-21 13:54:53,009 [pool-567-thread-1] INFO  server.RaftServer$Division (ServerState.java:<init>(107)) - c45c8671-7070-4be0-aa13-1f2d6b7a9218@group-E80B0928F1A1: ConfigurationManager, init=-1: [c45c8671-7070-4be0-aa13-1f2d6b7a9218|rpc:10.1.0.15:39709|priority:1], old=null, confs=<EMPTY_MAP>
2022-06-21 13:54:53,009 [pool-567-thread-1] INFO  server.RaftServerConfigKeys (ConfUtils.java:logGet(46)) - raft.server.storage.dir = [/home/runner/work/ozone/ozone/hadoop-ozone/integration-test/target/test-dir/MiniOzoneClusterImpl-3f841ece-6686-4b0e-b99d-a05159fb56b1/datanode-1/data/ratis] (custom)
2022-06-21 13:54:53,009 [pool-567-thread-1] INFO  server.RaftServerConfigKeys (ConfUtils.java:logGet(46)) - raft.server.log.corruption.policy = EXCEPTION (default)
2022-06-21 13:54:53,009 [pool-567-thread-1] INFO  server.RaftServerConfigKeys (ConfUtils.java:logGet(46)) - raft.server.storage.free-space.min = 0MB (=0) (default)
2022-06-21 13:54:53,009 [pool-567-thread-1] INFO  storage.RaftStorageDirectory (RaftStorageDirectoryImpl.java:analyzeStorage(135)) - The storage directory /home/runner/work/ozone/ozone/hadoop-ozone/integration-test/target/test-dir/MiniOzoneClusterImpl-3f841ece-6686-4b0e-b99d-a05159fb56b1/datanode-1/data/ratis/d16477df-23da-41c9-b47d-e80b0928f1a1 does not exist. Creating ...
2022-06-21 13:54:53,027 [pool-567-thread-1] INFO  storage.RaftStorageDirectory (RaftStorageDirectoryImpl.java:tryLock(230)) - Lock on /home/runner/work/ozone/ozone/hadoop-ozone/integration-test/target/test-dir/MiniOzoneClusterImpl-3f841ece-6686-4b0e-b99d-a05159fb56b1/datanode-1/data/ratis/d16477df-23da-41c9-b47d-e80b0928f1a1/in_use.lock acquired by nodename 17605@fv-az194-567
2022-06-21 13:54:53,031 [pool-567-thread-1] INFO  storage.RaftStorage (RaftStorageImpl.java:format(89)) - Storage directory /home/runner/work/ozone/ozone/hadoop-ozone/integration-test/target/test-dir/MiniOzoneClusterImpl-3f841ece-6686-4b0e-b99d-a05159fb56b1/datanode-1/data/ratis/d16477df-23da-41c9-b47d-e80b0928f1a1 has been successfully formatted.
2022-06-21 13:54:53,031 [pool-567-thread-1] INFO  ratis.ContainerStateMachine (ContainerStateMachine.java:loadSnapshot(236)) - group-E80B0928F1A1: The snapshot info is null. Setting the last applied indexto:(t:0, i:~)
2022-06-21 13:54:53,031 [pool-567-thread-1] INFO  server.RaftServerConfigKeys (ConfUtils.java:logGet(46)) - raft.server.notification.no-leader.timeout = 300s (custom)
2022-06-21 13:54:53,031 [pool-567-thread-1] INFO  server.RaftServerConfigKeys (ConfUtils.java:logGet(46)) - raft.server.log.use.memory = false (default)
2022-06-21 13:54:53,032 [pool-567-thread-1] INFO  server.RaftServerConfigKeys (ConfUtils.java:logGet(46)) - raft.server.log.purge.gap = 1000000 (custom)
2022-06-21 13:54:53,032 [pool-567-thread-1] INFO  server.RaftServerConfigKeys (ConfUtils.java:logGet(46)) - raft.server.log.appender.buffer.byte-limit = 33554432 (custom)
2022-06-21 13:54:53,032 [pool-567-thread-1] INFO  server.RaftServerConfigKeys (ConfUtils.java:logGet(46)) - raft.server.log.statemachine.data.read.timeout = 1000ms (default)
2022-06-21 13:54:53,032 [pool-567-thread-1] INFO  server.RaftServerConfigKeys (ConfUtils.java:logGet(46)) - raft.server.log.segment.size.max = 1048576 (custom)
2022-06-21 13:54:53,032 [pool-567-thread-1] INFO  server.RaftServerConfigKeys (ConfUtils.java:logGet(46)) - raft.server.log.segment.cache.num.max = 2 (custom)
2022-06-21 13:54:53,032 [pool-567-thread-1] INFO  server.RaftServerConfigKeys (ConfUtils.java:logGet(46)) - raft.server.log.segment.cache.size.max = 200MB (=209715200) (default)
2022-06-21 13:54:53,032 [pool-567-thread-1] INFO  segmented.SegmentedRaftLogWorker (SegmentedRaftLogWorker.java:<init>(187)) - new c45c8671-7070-4be0-aa13-1f2d6b7a9218@group-E80B0928F1A1-SegmentedRaftLogWorker for RaftStorageImpl:Storage Directory /home/runner/work/ozone/ozone/hadoop-ozone/integration-test/target/test-dir/MiniOzoneClusterImpl-3f841ece-6686-4b0e-b99d-a05159fb56b1/datanode-1/data/ratis/d16477df-23da-41c9-b47d-e80b0928f1a1
2022-06-21 13:54:53,032 [pool-567-thread-1] INFO  server.RaftServerConfigKeys (ConfUtils.java:logGet(46)) - raft.server.log.queue.byte-limit = 4294967296 (custom)
2022-06-21 13:54:53,032 [pool-567-thread-1] INFO  server.RaftServerConfigKeys (ConfUtils.java:logGet(46)) - raft.server.log.queue.element-limit = 1024 (custom)
2022-06-21 13:54:53,032 [pool-567-thread-1] INFO  server.RaftServerConfigKeys (ConfUtils.java:logGet(46)) - raft.server.log.segment.size.max = 1048576 (custom)
2022-06-21 13:54:53,032 [pool-567-thread-1] INFO  server.RaftServerConfigKeys (ConfUtils.java:logGet(46)) - raft.server.log.preallocated.size = 16384 (custom)
2022-06-21 13:54:53,032 [pool-567-thread-1] INFO  server.RaftServerConfigKeys (ConfUtils.java:logGet(46)) - raft.server.log.force.sync.num = 128 (default)
2022-06-21 13:54:53,033 [pool-567-thread-1] INFO  server.RaftServerConfigKeys (ConfUtils.java:logGet(46)) - raft.server.log.statemachine.data.sync = true (default)
2022-06-21 13:54:53,033 [pool-567-thread-1] INFO  server.RaftServerConfigKeys (ConfUtils.java:logGet(46)) - raft.server.log.statemachine.data.sync.timeout = 10s (default)
2022-06-21 13:54:53,033 [pool-567-thread-1] INFO  server.RaftServerConfigKeys (ConfUtils.java:logGet(46)) - raft.server.log.statemachine.data.sync.timeout.retry = -1 (default)
2022-06-21 13:54:53,033 [pool-567-thread-1] INFO  server.RaftServerConfigKeys (ConfUtils.java:logGet(46)) - raft.server.log.write.buffer.size = 1048576 (custom)
2022-06-21 13:54:53,034 [pool-567-thread-1] INFO  server.RaftServerConfigKeys (ConfUtils.java:logGet(46)) - raft.server.log.unsafe-flush.enabled = false (default)
2022-06-21 13:54:53,034 [pool-567-thread-1] INFO  server.RaftServerConfigKeys (ConfUtils.java:logGet(46)) - raft.server.log.statemachine.data.caching.enabled = true (custom)
2022-06-21 13:54:53,034 [pool-567-thread-1] INFO  segmented.SegmentedRaftLogWorker (SegmentedRaftLogWorker.java:lambda$new$0(135)) - c45c8671-7070-4be0-aa13-1f2d6b7a9218@group-E80B0928F1A1-SegmentedRaftLogWorker: flushIndex: setUnconditionally 0 -> -1
2022-06-21 13:54:53,034 [pool-567-thread-1] INFO  segmented.SegmentedRaftLogWorker (SegmentedRaftLogWorker.java:lambda$new$0(135)) - c45c8671-7070-4be0-aa13-1f2d6b7a9218@group-E80B0928F1A1-SegmentedRaftLogWorker: safeCacheEvictIndex: setUnconditionally 0 -> -1
2022-06-21 13:54:53,034 [EventQueue-PipelineReportForPipelineReportHandler] INFO  pipeline.PipelineManagerImpl (PipelineManagerImpl.java:openPipeline(356)) - Pipeline Pipeline[ Id: d16477df-23da-41c9-b47d-e80b0928f1a1, Nodes: c45c8671-7070-4be0-aa13-1f2d6b7a9218{ip: 10.1.0.15, host: fv-az194-567.vahfjs35atkulmpwh5ujf4txfe.jx.internal.cloudapp.net, ports: [REPLICATION=36691, RATIS=39709, RATIS_ADMIN=39709, RATIS_SERVER=39709, STANDALONE=35267], networkLocation: /default-rack, certSerialId: null, persistedOpState: IN_SERVICE, persistedOpStateExpiryEpochSec: 0}, ReplicationConfig: RATIS/ONE, State:ALLOCATED, leaderId:c45c8671-7070-4be0-aa13-1f2d6b7a9218, CreationTimestamp2022-06-21T13:54:50.024Z[Etc/UTC]] moved to OPEN state
2022-06-21 13:54:53,044 [EventQueue-OpenPipelineForHealthyPipelineSafeModeRule] INFO  safemode.SCMSafeModeManager (HealthyPipelineSafeModeRule.java:process(124)) - SCM in safe mode. Healthy pipelines reported count is 0, required healthy pipeline reported count is 1
2022-06-21 13:54:53,055 [pool-567-thread-1] INFO  server.RaftServerConfigKeys (ConfUtils.java:logGet(46)) - raft.server.snapshot.auto.trigger.enabled = true (custom)
2022-06-21 13:54:53,057 [pool-567-thread-1] INFO  server.RaftServerConfigKeys (ConfUtils.java:logGet(46)) - raft.server.snapshot.auto.trigger.threshold = 10000 (custom)
2022-06-21 13:54:53,057 [pool-567-thread-1] INFO  server.RaftServerConfigKeys (ConfUtils.java:logGet(46)) - raft.server.snapshot.retention.file.num = 5 (custom)
2022-06-21 13:54:53,057 [pool-567-thread-1] INFO  server.RaftServerConfigKeys (ConfUtils.java:logGet(46)) - raft.server.log.purge.upto.snapshot.index = false (default)
2022-06-21 13:54:53,057 [pool-567-thread-1] INFO  server.RaftServerConfigKeys (ConfUtils.java:logGet(46)) - raft.server.retrycache.expirytime = 600000ms (custom)
2022-06-21 13:54:53,057 [pool-567-thread-1] INFO  server.RaftServerConfigKeys (ConfUtils.java:logGet(46)) - raft.server.retrycache.statistics.expirytime = 100μs (default)
2022-06-21 13:54:53,058 [pool-567-thread-1] INFO  server.RaftServerConfigKeys (ConfUtils.java:logGet(46)) - raft.server.log.appender.install.snapshot.enabled = false (custom)
2022-06-21 13:54:53,058 [pool-567-thread-1] INFO  server.RaftServerConfigKeys (ConfUtils.java:logGet(46)) - raft.server.threadpool.server.cached = true (default)
2022-06-21 13:54:53,058 [pool-567-thread-1] INFO  server.RaftServerConfigKeys (ConfUtils.java:logGet(46)) - raft.server.threadpool.server.size = 0 (default)
2022-06-21 13:54:53,058 [pool-567-thread-1] INFO  server.RaftServerConfigKeys (ConfUtils.java:logGet(46)) - raft.server.threadpool.client.cached = true (default)
2022-06-21 13:54:53,058 [pool-567-thread-1] INFO  server.RaftServerConfigKeys (ConfUtils.java:logGet(46)) - raft.server.threadpool.client.size = 0 (default)
2022-06-21 13:54:53,058 [pool-567-thread-1] INFO  server.RaftServer$Division (RaftServerImpl.java:start(310)) - c45c8671-7070-4be0-aa13-1f2d6b7a9218@group-86627BF40FCD: start as a follower, conf=-1: [3f2f5716-e318-4c9d-8cf6-ca563bbe3eeb|rpc:10.1.0.15:41473|dataStream:|priority:0, 6f924676-de29-4bda-9abe-50e624e9409e|rpc:10.1.0.15:35717|dataStream:|priority:1, c45c8671-7070-4be0-aa13-1f2d6b7a9218|rpc:10.1.0.15:39709|dataStream:|priority:0], old=null
2022-06-21 13:54:53,059 [pool-567-thread-1] INFO  server.RaftServer$Division (RaftServerImpl.java:setRole(299)) - c45c8671-7070-4be0-aa13-1f2d6b7a9218@group-86627BF40FCD: changes role from      null to FOLLOWER at term 0 for startAsFollower
2022-06-21 13:54:53,059 [pool-567-thread-1] INFO  impl.RoleInfo (RoleInfo.java:updateAndGet(139)) - c45c8671-7070-4be0-aa13-1f2d6b7a9218: start c45c8671-7070-4be0-aa13-1f2d6b7a9218@group-86627BF40FCD-FollowerState
2022-06-21 13:54:53,074 [pool-567-thread-1] INFO  util.JmxRegister (JmxRegister.java:tryRegister(44)) - Successfully registered JMX Bean with object name Ratis:service=RaftServer,group=group-86627BF40FCD,id=c45c8671-7070-4be0-aa13-1f2d6b7a9218
2022-06-21 13:54:53,108 [pool-567-thread-1] INFO  server.RaftServer$Division (RaftServerImpl.java:start(310)) - c45c8671-7070-4be0-aa13-1f2d6b7a9218@group-E80B0928F1A1: start as a follower, conf=-1: [c45c8671-7070-4be0-aa13-1f2d6b7a9218|rpc:10.1.0.15:39709|priority:1], old=null
2022-06-21 13:54:53,109 [pool-567-thread-1] INFO  server.RaftServer$Division (RaftServerImpl.java:setRole(299)) - c45c8671-7070-4be0-aa13-1f2d6b7a9218@group-E80B0928F1A1: changes role from      null to FOLLOWER at term 0 for startAsFollower
2022-06-21 13:54:53,109 [pool-567-thread-1] INFO  impl.RoleInfo (RoleInfo.java:updateAndGet(139)) - c45c8671-7070-4be0-aa13-1f2d6b7a9218: start c45c8671-7070-4be0-aa13-1f2d6b7a9218@group-E80B0928F1A1-FollowerState
2022-06-21 13:54:53,114 [pool-567-thread-1] INFO  util.JmxRegister (JmxRegister.java:tryRegister(44)) - Successfully registered JMX Bean with object name Ratis:service=RaftServer,group=group-E80B0928F1A1,id=c45c8671-7070-4be0-aa13-1f2d6b7a9218
2022-06-21 13:54:53,153 [Command processor thread] INFO  ratis.XceiverServerRatis (XceiverServerRatis.java:addGroup(765)) - Created group PipelineID=d16477df-23da-41c9-b47d-e80b0928f1a1
2022-06-21 13:54:53,153 [Command processor thread] INFO  commandhandler.CreatePipelineCommandHandler (CreatePipelineCommandHandler.java:handle(113)) - Created Pipeline RATIS ONE PipelineID=d16477df-23da-41c9-b47d-e80b0928f1a1.
2022-06-21 13:54:53,154 [Command processor thread] INFO  commandhandler.CreatePipelineCommandHandler (CreatePipelineCommandHandler.java:handle(113)) - Created Pipeline RATIS THREE PipelineID=a3ee74f2-a989-4ae7-ba8a-86627bf40fcd.
2022-06-21 13:54:53,556 [Listener at 127.0.0.1/42759] INFO  ozone.MiniOzoneClusterImpl (MiniOzoneClusterImpl.java:lambda$waitForClusterToBeReady$0(222)) - Waiting for nodes to be ready. Got 4 of 5 DN Heartbeats.
2022-06-21 13:54:53,556 [Listener at 127.0.0.1/42759] INFO  ozone.MiniOzoneClusterImpl (MiniOzoneClusterImpl.java:lambda$waitForClusterToBeReady$0(225)) - Waiting for cluster to exit safe mode
2022-06-21 13:54:53,556 [Listener at 127.0.0.1/42759] INFO  ozone.MiniOzoneClusterImpl (MiniOzoneClusterImpl.java:lambda$waitForClusterToBeReady$0(227)) - SCM became leader
2022-06-21 13:54:53,577 [IPC Server handler 11 on default port 33447] INFO  net.NetworkTopologyImpl (NetworkTopologyImpl.java:add(112)) - Added a new node: /default-rack/6348a8bb-f743-4f3c-b062-6091d580fb19
2022-06-21 13:54:53,577 [IPC Server handler 11 on default port 33447] INFO  node.SCMNodeManager (SCMNodeManager.java:register(394)) - Registered Data node : 6348a8bb-f743-4f3c-b062-6091d580fb19{ip: 10.1.0.15, host: fv-az194-567.vahfjs35atkulmpwh5ujf4txfe.jx.internal.cloudapp.net, ports: [REPLICATION=40781, RATIS=33579, RATIS_ADMIN=33579, RATIS_SERVER=33579, STANDALONE=34519], networkLocation: /default-rack, certSerialId: null, persistedOpState: null, persistedOpStateExpiryEpochSec: 0}
2022-06-21 13:54:53,577 [EventQueue-NewNodeForNewNodeHandler] INFO  pipeline.BackgroundPipelineCreator (BackgroundPipelineCreator.java:notifyEventTriggered(272)) - trigger a one-shot run on RatisPipelineUtilsThread.
2022-06-21 13:54:53,578 [RatisPipelineUtilsThread - 0] INFO  pipeline.RatisPipelineProvider (RatisPipelineProvider.java:lambda$create$0(195)) - Sending CreatePipelineCommand for pipeline:PipelineID=2d3c650f-10cf-4344-8836-e55aeba43cf3 to datanode:6348a8bb-f743-4f3c-b062-6091d580fb19
2022-06-21 13:54:53,578 [RatisPipelineUtilsThread - 0] INFO  pipeline.PipelineStateManagerImpl (PipelineStateManagerImpl.java:addPipeline(101)) - Created pipeline Pipeline[ Id: 2d3c650f-10cf-4344-8836-e55aeba43cf3, Nodes: 6348a8bb-f743-4f3c-b062-6091d580fb19{ip: 10.1.0.15, host: fv-az194-567.vahfjs35atkulmpwh5ujf4txfe.jx.internal.cloudapp.net, ports: [REPLICATION=40781, RATIS=33579, RATIS_ADMIN=33579, RATIS_SERVER=33579, STANDALONE=34519], networkLocation: /default-rack, certSerialId: null, persistedOpState: IN_SERVICE, persistedOpStateExpiryEpochSec: 0}, ReplicationConfig: RATIS/ONE, State:ALLOCATED, leaderId:, CreationTimestamp2022-06-21T13:54:53.578Z[Etc/UTC]].
2022-06-21 13:54:53,936 [Command processor thread] INFO  server.RaftServer (RaftServerProxy.java:addNew(96)) - 3f2f5716-e318-4c9d-8cf6-ca563bbe3eeb: addNew group-E1F5367CA89E:[3f2f5716-e318-4c9d-8cf6-ca563bbe3eeb|rpc:10.1.0.15:41473|priority:1] returns group-E1F5367CA89E:java.util.concurrent.CompletableFuture@50c369b5[Not completed]
2022-06-21 13:54:53,937 [pool-590-thread-1] INFO  server.RaftServer$Division (RaftServerImpl.java:<init>(190)) - 3f2f5716-e318-4c9d-8cf6-ca563bbe3eeb: new RaftServerImpl for group-E1F5367CA89E:[3f2f5716-e318-4c9d-8cf6-ca563bbe3eeb|rpc:10.1.0.15:41473|priority:1] with ContainerStateMachine:uninitialized
2022-06-21 13:54:53,938 [pool-590-thread-1] INFO  server.RaftServerConfigKeys (ConfUtils.java:logGet(46)) - raft.server.rpc.timeout.min = 5s (custom)
2022-06-21 13:54:53,938 [pool-590-thread-1] INFO  server.RaftServerConfigKeys (ConfUtils.java:logGet(46)) - raft.server.rpc.timeout.max = 5200ms (custom)
2022-06-21 13:54:53,939 [pool-590-thread-1] INFO  server.RaftServerConfigKeys (ConfUtils.java:logGet(46)) - raft.server.rpc.sleep.time = 25ms (default)
2022-06-21 13:54:53,939 [pool-590-thread-1] INFO  server.RaftServerConfigKeys (ConfUtils.java:logGet(46)) - raft.server.rpc.slowness.timeout = 300s (custom)
2022-06-21 13:54:53,939 [pool-590-thread-1] INFO  server.RaftServerConfigKeys (ConfUtils.java:logGet(46)) - raft.server.leaderelection.leader.step-down.wait-time = 10s (default)
2022-06-21 13:54:53,939 [pool-590-thread-1] INFO  server.RaftServerConfigKeys (ConfUtils.java:logGet(46)) - raft.server.sleep.deviation.threshold = 300ms (default)
2022-06-21 13:54:53,939 [pool-590-thread-1] INFO  server.RaftServer$Division (ServerState.java:<init>(107)) - 3f2f5716-e318-4c9d-8cf6-ca563bbe3eeb@group-E1F5367CA89E: ConfigurationManager, init=-1: [3f2f5716-e318-4c9d-8cf6-ca563bbe3eeb|rpc:10.1.0.15:41473|priority:1], old=null, confs=<EMPTY_MAP>
2022-06-21 13:54:53,939 [pool-590-thread-1] INFO  server.RaftServerConfigKeys (ConfUtils.java:logGet(46)) - raft.server.storage.dir = [/home/runner/work/ozone/ozone/hadoop-ozone/integration-test/target/test-dir/MiniOzoneClusterImpl-3f841ece-6686-4b0e-b99d-a05159fb56b1/datanode-2/data/ratis] (custom)
2022-06-21 13:54:53,939 [pool-590-thread-1] INFO  server.RaftServerConfigKeys (ConfUtils.java:logGet(46)) - raft.server.log.corruption.policy = EXCEPTION (default)
2022-06-21 13:54:53,939 [pool-590-thread-1] INFO  server.RaftServerConfigKeys (ConfUtils.java:logGet(46)) - raft.server.storage.free-space.min = 0MB (=0) (default)
2022-06-21 13:54:53,939 [pool-590-thread-1] INFO  storage.RaftStorageDirectory (RaftStorageDirectoryImpl.java:analyzeStorage(135)) - The storage directory /home/runner/work/ozone/ozone/hadoop-ozone/integration-test/target/test-dir/MiniOzoneClusterImpl-3f841ece-6686-4b0e-b99d-a05159fb56b1/datanode-2/data/ratis/81ce5971-3efe-42ec-939d-e1f5367ca89e does not exist. Creating ...
2022-06-21 13:54:53,942 [pool-590-thread-1] INFO  storage.RaftStorageDirectory (RaftStorageDirectoryImpl.java:tryLock(230)) - Lock on /home/runner/work/ozone/ozone/hadoop-ozone/integration-test/target/test-dir/MiniOzoneClusterImpl-3f841ece-6686-4b0e-b99d-a05159fb56b1/datanode-2/data/ratis/81ce5971-3efe-42ec-939d-e1f5367ca89e/in_use.lock acquired by nodename 17605@fv-az194-567
2022-06-21 13:54:53,952 [pool-590-thread-1] INFO  storage.RaftStorage (RaftStorageImpl.java:format(89)) - Storage directory /home/runner/work/ozone/ozone/hadoop-ozone/integration-test/target/test-dir/MiniOzoneClusterImpl-3f841ece-6686-4b0e-b99d-a05159fb56b1/datanode-2/data/ratis/81ce5971-3efe-42ec-939d-e1f5367ca89e has been successfully formatted.
2022-06-21 13:54:53,952 [pool-590-thread-1] INFO  ratis.ContainerStateMachine (ContainerStateMachine.java:loadSnapshot(236)) - group-E1F5367CA89E: The snapshot info is null. Setting the last applied indexto:(t:0, i:~)
2022-06-21 13:54:53,952 [pool-590-thread-1] INFO  server.RaftServerConfigKeys (ConfUtils.java:logGet(46)) - raft.server.notification.no-leader.timeout = 300s (custom)
2022-06-21 13:54:53,952 [pool-590-thread-1] INFO  server.RaftServerConfigKeys (ConfUtils.java:logGet(46)) - raft.server.log.use.memory = false (default)
2022-06-21 13:54:53,953 [pool-590-thread-1] INFO  server.RaftServerConfigKeys (ConfUtils.java:logGet(46)) - raft.server.log.purge.gap = 1000000 (custom)
2022-06-21 13:54:53,953 [pool-590-thread-1] INFO  server.RaftServerConfigKeys (ConfUtils.java:logGet(46)) - raft.server.log.appender.buffer.byte-limit = 33554432 (custom)
2022-06-21 13:54:53,953 [pool-590-thread-1] INFO  server.RaftServerConfigKeys (ConfUtils.java:logGet(46)) - raft.server.log.statemachine.data.read.timeout = 1000ms (default)
2022-06-21 13:54:53,953 [pool-590-thread-1] INFO  server.RaftServerConfigKeys (ConfUtils.java:logGet(46)) - raft.server.log.segment.size.max = 1048576 (custom)
2022-06-21 13:54:53,953 [pool-590-thread-1] INFO  server.RaftServerConfigKeys (ConfUtils.java:logGet(46)) - raft.server.log.segment.cache.num.max = 2 (custom)
2022-06-21 13:54:53,953 [pool-590-thread-1] INFO  server.RaftServerConfigKeys (ConfUtils.java:logGet(46)) - raft.server.log.segment.cache.size.max = 200MB (=209715200) (default)
2022-06-21 13:54:53,953 [pool-590-thread-1] INFO  segmented.SegmentedRaftLogWorker (SegmentedRaftLogWorker.java:<init>(187)) - new 3f2f5716-e318-4c9d-8cf6-ca563bbe3eeb@group-E1F5367CA89E-SegmentedRaftLogWorker for RaftStorageImpl:Storage Directory /home/runner/work/ozone/ozone/hadoop-ozone/integration-test/target/test-dir/MiniOzoneClusterImpl-3f841ece-6686-4b0e-b99d-a05159fb56b1/datanode-2/data/ratis/81ce5971-3efe-42ec-939d-e1f5367ca89e
2022-06-21 13:54:53,953 [EventQueue-PipelineReportForPipelineReportHandler] INFO  pipeline.PipelineManagerImpl (PipelineManagerImpl.java:openPipeline(356)) - Pipeline Pipeline[ Id: 81ce5971-3efe-42ec-939d-e1f5367ca89e, Nodes: 3f2f5716-e318-4c9d-8cf6-ca563bbe3eeb{ip: 10.1.0.15, host: fv-az194-567.vahfjs35atkulmpwh5ujf4txfe.jx.internal.cloudapp.net, ports: [REPLICATION=36603, RATIS=41473, RATIS_ADMIN=41473, RATIS_SERVER=41473, STANDALONE=33845], networkLocation: /default-rack, certSerialId: null, persistedOpState: IN_SERVICE, persistedOpStateExpiryEpochSec: 0}, ReplicationConfig: RATIS/ONE, State:ALLOCATED, leaderId:3f2f5716-e318-4c9d-8cf6-ca563bbe3eeb, CreationTimestamp2022-06-21T13:54:50.939Z[Etc/UTC]] moved to OPEN state
2022-06-21 13:54:53,953 [pool-590-thread-1] INFO  server.RaftServerConfigKeys (ConfUtils.java:logGet(46)) - raft.server.log.queue.byte-limit = 4294967296 (custom)
2022-06-21 13:54:53,954 [EventQueue-OpenPipelineForHealthyPipelineSafeModeRule] INFO  safemode.SCMSafeModeManager (HealthyPipelineSafeModeRule.java:process(124)) - SCM in safe mode. Healthy pipelines reported count is 0, required healthy pipeline reported count is 1
2022-06-21 13:54:53,954 [pool-590-thread-1] INFO  server.RaftServerConfigKeys (ConfUtils.java:logGet(46)) - raft.server.log.queue.element-limit = 1024 (custom)
2022-06-21 13:54:53,975 [pool-590-thread-1] INFO  server.RaftServerConfigKeys (ConfUtils.java:logGet(46)) - raft.server.log.segment.size.max = 1048576 (custom)
2022-06-21 13:54:53,975 [pool-590-thread-1] INFO  server.RaftServerConfigKeys (ConfUtils.java:logGet(46)) - raft.server.log.preallocated.size = 16384 (custom)
2022-06-21 13:54:53,975 [pool-590-thread-1] INFO  server.RaftServerConfigKeys (ConfUtils.java:logGet(46)) - raft.server.log.force.sync.num = 128 (default)
2022-06-21 13:54:53,975 [pool-590-thread-1] INFO  server.RaftServerConfigKeys (ConfUtils.java:logGet(46)) - raft.server.log.statemachine.data.sync = true (default)
2022-06-21 13:54:53,975 [pool-590-thread-1] INFO  server.RaftServerConfigKeys (ConfUtils.java:logGet(46)) - raft.server.log.statemachine.data.sync.timeout = 10s (default)
2022-06-21 13:54:53,975 [pool-590-thread-1] INFO  server.RaftServerConfigKeys (ConfUtils.java:logGet(46)) - raft.server.log.statemachine.data.sync.timeout.retry = -1 (default)
2022-06-21 13:54:53,975 [pool-590-thread-1] INFO  server.RaftServerConfigKeys (ConfUtils.java:logGet(46)) - raft.server.log.write.buffer.size = 1048576 (custom)
2022-06-21 13:54:53,976 [pool-590-thread-1] INFO  server.RaftServerConfigKeys (ConfUtils.java:logGet(46)) - raft.server.log.unsafe-flush.enabled = false (default)
2022-06-21 13:54:53,976 [pool-590-thread-1] INFO  server.RaftServerConfigKeys (ConfUtils.java:logGet(46)) - raft.server.log.statemachine.data.caching.enabled = true (custom)
2022-06-21 13:54:53,976 [pool-590-thread-1] INFO  segmented.SegmentedRaftLogWorker (SegmentedRaftLogWorker.java:lambda$new$0(135)) - 3f2f5716-e318-4c9d-8cf6-ca563bbe3eeb@group-E1F5367CA89E-SegmentedRaftLogWorker: flushIndex: setUnconditionally 0 -> -1
2022-06-21 13:54:53,976 [pool-590-thread-1] INFO  segmented.SegmentedRaftLogWorker (SegmentedRaftLogWorker.java:lambda$new$0(135)) - 3f2f5716-e318-4c9d-8cf6-ca563bbe3eeb@group-E1F5367CA89E-SegmentedRaftLogWorker: safeCacheEvictIndex: setUnconditionally 0 -> -1
2022-06-21 13:54:53,982 [pool-590-thread-1] INFO  server.RaftServerConfigKeys (ConfUtils.java:logGet(46)) - raft.server.snapshot.auto.trigger.enabled = true (custom)
2022-06-21 13:54:53,983 [pool-590-thread-1] INFO  server.RaftServerConfigKeys (ConfUtils.java:logGet(46)) - raft.server.snapshot.auto.trigger.threshold = 10000 (custom)
2022-06-21 13:54:53,983 [pool-590-thread-1] INFO  server.RaftServerConfigKeys (ConfUtils.java:logGet(46)) - raft.server.snapshot.retention.file.num = 5 (custom)
2022-06-21 13:54:53,983 [pool-590-thread-1] INFO  server.RaftServerConfigKeys (ConfUtils.java:logGet(46)) - raft.server.log.purge.upto.snapshot.index = false (default)
2022-06-21 13:54:53,983 [pool-590-thread-1] INFO  server.RaftServerConfigKeys (ConfUtils.java:logGet(46)) - raft.server.retrycache.expirytime = 600000ms (custom)
2022-06-21 13:54:53,983 [pool-590-thread-1] INFO  server.RaftServerConfigKeys (ConfUtils.java:logGet(46)) - raft.server.retrycache.statistics.expirytime = 100μs (default)
2022-06-21 13:54:53,984 [pool-590-thread-1] INFO  server.RaftServerConfigKeys (ConfUtils.java:logGet(46)) - raft.server.log.appender.install.snapshot.enabled = false (custom)
2022-06-21 13:54:53,984 [pool-590-thread-1] INFO  server.RaftServerConfigKeys (ConfUtils.java:logGet(46)) - raft.server.threadpool.server.cached = true (default)
2022-06-21 13:54:53,984 [pool-590-thread-1] INFO  server.RaftServerConfigKeys (ConfUtils.java:logGet(46)) - raft.server.threadpool.server.size = 0 (default)
2022-06-21 13:54:53,984 [pool-590-thread-1] INFO  server.RaftServerConfigKeys (ConfUtils.java:logGet(46)) - raft.server.threadpool.client.cached = true (default)
2022-06-21 13:54:53,984 [pool-590-thread-1] INFO  server.RaftServerConfigKeys (ConfUtils.java:logGet(46)) - raft.server.threadpool.client.size = 0 (default)
2022-06-21 13:54:53,984 [pool-590-thread-1] INFO  server.RaftServer$Division (RaftServerImpl.java:start(310)) - 3f2f5716-e318-4c9d-8cf6-ca563bbe3eeb@group-E1F5367CA89E: start as a follower, conf=-1: [3f2f5716-e318-4c9d-8cf6-ca563bbe3eeb|rpc:10.1.0.15:41473|priority:1], old=null
2022-06-21 13:54:53,984 [pool-590-thread-1] INFO  server.RaftServer$Division (RaftServerImpl.java:setRole(299)) - 3f2f5716-e318-4c9d-8cf6-ca563bbe3eeb@group-E1F5367CA89E: changes role from      null to FOLLOWER at term 0 for startAsFollower
2022-06-21 13:54:53,984 [pool-590-thread-1] INFO  impl.RoleInfo (RoleInfo.java:updateAndGet(139)) - 3f2f5716-e318-4c9d-8cf6-ca563bbe3eeb: start 3f2f5716-e318-4c9d-8cf6-ca563bbe3eeb@group-E1F5367CA89E-FollowerState
2022-06-21 13:54:53,990 [pool-590-thread-1] INFO  util.JmxRegister (JmxRegister.java:tryRegister(44)) - Successfully registered JMX Bean with object name Ratis:service=RaftServer,group=group-E1F5367CA89E,id=3f2f5716-e318-4c9d-8cf6-ca563bbe3eeb
2022-06-21 13:54:54,000 [Command processor thread] INFO  ratis.XceiverServerRatis (XceiverServerRatis.java:addGroup(765)) - Created group PipelineID=81ce5971-3efe-42ec-939d-e1f5367ca89e
2022-06-21 13:54:54,000 [Command processor thread] INFO  commandhandler.CreatePipelineCommandHandler (CreatePipelineCommandHandler.java:handle(113)) - Created Pipeline RATIS ONE PipelineID=81ce5971-3efe-42ec-939d-e1f5367ca89e.
2022-06-21 13:54:54,557 [Listener at 127.0.0.1/42759] INFO  ozone.MiniOzoneClusterImpl (MiniOzoneClusterImpl.java:lambda$waitForClusterToBeReady$0(222)) - Nodes are ready. Got 5 of 5 DN Heartbeats.
2022-06-21 13:54:54,557 [Listener at 127.0.0.1/42759] INFO  ozone.MiniOzoneClusterImpl (MiniOzoneClusterImpl.java:lambda$waitForClusterToBeReady$0(225)) - Waiting for cluster to exit safe mode
2022-06-21 13:54:54,557 [Listener at 127.0.0.1/42759] INFO  ozone.MiniOzoneClusterImpl (MiniOzoneClusterImpl.java:lambda$waitForClusterToBeReady$0(227)) - SCM became leader
2022-06-21 13:54:55,452 [Command processor thread] INFO  server.RaftServer (RaftServerProxy.java:addNew(96)) - e8a5f4c1-362e-4bfa-a43a-3b00239108a9: addNew group-DC99E4621A07:[e8a5f4c1-362e-4bfa-a43a-3b00239108a9|rpc:10.1.0.15:43683|priority:1] returns group-DC99E4621A07:java.util.concurrent.CompletableFuture@7850e664[Not completed]
2022-06-21 13:54:55,453 [pool-617-thread-1] INFO  server.RaftServer$Division (RaftServerImpl.java:<init>(190)) - e8a5f4c1-362e-4bfa-a43a-3b00239108a9: new RaftServerImpl for group-DC99E4621A07:[e8a5f4c1-362e-4bfa-a43a-3b00239108a9|rpc:10.1.0.15:43683|priority:1] with ContainerStateMachine:uninitialized
2022-06-21 13:54:55,453 [pool-617-thread-1] INFO  server.RaftServerConfigKeys (ConfUtils.java:logGet(46)) - raft.server.rpc.timeout.min = 5s (custom)
2022-06-21 13:54:55,453 [pool-617-thread-1] INFO  server.RaftServerConfigKeys (ConfUtils.java:logGet(46)) - raft.server.rpc.timeout.max = 5200ms (custom)
2022-06-21 13:54:55,453 [pool-617-thread-1] INFO  server.RaftServerConfigKeys (ConfUtils.java:logGet(46)) - raft.server.rpc.sleep.time = 25ms (default)
2022-06-21 13:54:55,453 [pool-617-thread-1] INFO  server.RaftServerConfigKeys (ConfUtils.java:logGet(46)) - raft.server.rpc.slowness.timeout = 300s (custom)
2022-06-21 13:54:55,453 [pool-617-thread-1] INFO  server.RaftServerConfigKeys (ConfUtils.java:logGet(46)) - raft.server.leaderelection.leader.step-down.wait-time = 10s (default)
2022-06-21 13:54:55,453 [pool-617-thread-1] INFO  server.RaftServerConfigKeys (ConfUtils.java:logGet(46)) - raft.server.sleep.deviation.threshold = 300ms (default)
2022-06-21 13:54:55,453 [pool-617-thread-1] INFO  server.RaftServer$Division (ServerState.java:<init>(107)) - e8a5f4c1-362e-4bfa-a43a-3b00239108a9@group-DC99E4621A07: ConfigurationManager, init=-1: [e8a5f4c1-362e-4bfa-a43a-3b00239108a9|rpc:10.1.0.15:43683|priority:1], old=null, confs=<EMPTY_MAP>
2022-06-21 13:54:55,453 [pool-617-thread-1] INFO  server.RaftServerConfigKeys (ConfUtils.java:logGet(46)) - raft.server.storage.dir = [/home/runner/work/ozone/ozone/hadoop-ozone/integration-test/target/test-dir/MiniOzoneClusterImpl-3f841ece-6686-4b0e-b99d-a05159fb56b1/datanode-3/data/ratis] (custom)
2022-06-21 13:54:55,453 [pool-617-thread-1] INFO  server.RaftServerConfigKeys (ConfUtils.java:logGet(46)) - raft.server.log.corruption.policy = EXCEPTION (default)
2022-06-21 13:54:55,453 [pool-617-thread-1] INFO  server.RaftServerConfigKeys (ConfUtils.java:logGet(46)) - raft.server.storage.free-space.min = 0MB (=0) (default)
2022-06-21 13:54:55,453 [pool-617-thread-1] INFO  storage.RaftStorageDirectory (RaftStorageDirectoryImpl.java:analyzeStorage(135)) - The storage directory /home/runner/work/ozone/ozone/hadoop-ozone/integration-test/target/test-dir/MiniOzoneClusterImpl-3f841ece-6686-4b0e-b99d-a05159fb56b1/datanode-3/data/ratis/78b2b426-b7ab-43ab-a55b-dc99e4621a07 does not exist. Creating ...
2022-06-21 13:54:55,466 [pool-617-thread-1] INFO  storage.RaftStorageDirectory (RaftStorageDirectoryImpl.java:tryLock(230)) - Lock on /home/runner/work/ozone/ozone/hadoop-ozone/integration-test/target/test-dir/MiniOzoneClusterImpl-3f841ece-6686-4b0e-b99d-a05159fb56b1/datanode-3/data/ratis/78b2b426-b7ab-43ab-a55b-dc99e4621a07/in_use.lock acquired by nodename 17605@fv-az194-567
2022-06-21 13:54:55,468 [pool-617-thread-1] INFO  storage.RaftStorage (RaftStorageImpl.java:format(89)) - Storage directory /home/runner/work/ozone/ozone/hadoop-ozone/integration-test/target/test-dir/MiniOzoneClusterImpl-3f841ece-6686-4b0e-b99d-a05159fb56b1/datanode-3/data/ratis/78b2b426-b7ab-43ab-a55b-dc99e4621a07 has been successfully formatted.
2022-06-21 13:54:55,482 [pool-617-thread-1] INFO  ratis.ContainerStateMachine (ContainerStateMachine.java:loadSnapshot(236)) - group-DC99E4621A07: The snapshot info is null. Setting the last applied indexto:(t:0, i:~)
2022-06-21 13:54:55,483 [pool-617-thread-1] INFO  server.RaftServerConfigKeys (ConfUtils.java:logGet(46)) - raft.server.notification.no-leader.timeout = 300s (custom)
2022-06-21 13:54:55,483 [pool-617-thread-1] INFO  server.RaftServerConfigKeys (ConfUtils.java:logGet(46)) - raft.server.log.use.memory = false (default)
2022-06-21 13:54:55,483 [pool-617-thread-1] INFO  server.RaftServerConfigKeys (ConfUtils.java:logGet(46)) - raft.server.log.purge.gap = 1000000 (custom)
2022-06-21 13:54:55,483 [pool-617-thread-1] INFO  server.RaftServerConfigKeys (ConfUtils.java:logGet(46)) - raft.server.log.appender.buffer.byte-limit = 33554432 (custom)
2022-06-21 13:54:55,483 [pool-617-thread-1] INFO  server.RaftServerConfigKeys (ConfUtils.java:logGet(46)) - raft.server.log.statemachine.data.read.timeout = 1000ms (default)
2022-06-21 13:54:55,483 [pool-617-thread-1] INFO  server.RaftServerConfigKeys (ConfUtils.java:logGet(46)) - raft.server.log.segment.size.max = 1048576 (custom)
2022-06-21 13:54:55,483 [pool-617-thread-1] INFO  server.RaftServerConfigKeys (ConfUtils.java:logGet(46)) - raft.server.log.segment.cache.num.max = 2 (custom)
2022-06-21 13:54:55,483 [pool-617-thread-1] INFO  server.RaftServerConfigKeys (ConfUtils.java:logGet(46)) - raft.server.log.segment.cache.size.max = 200MB (=209715200) (default)
2022-06-21 13:54:55,484 [pool-617-thread-1] INFO  segmented.SegmentedRaftLogWorker (SegmentedRaftLogWorker.java:<init>(187)) - new e8a5f4c1-362e-4bfa-a43a-3b00239108a9@group-DC99E4621A07-SegmentedRaftLogWorker for RaftStorageImpl:Storage Directory /home/runner/work/ozone/ozone/hadoop-ozone/integration-test/target/test-dir/MiniOzoneClusterImpl-3f841ece-6686-4b0e-b99d-a05159fb56b1/datanode-3/data/ratis/78b2b426-b7ab-43ab-a55b-dc99e4621a07
2022-06-21 13:54:55,484 [pool-617-thread-1] INFO  server.RaftServerConfigKeys (ConfUtils.java:logGet(46)) - raft.server.log.queue.byte-limit = 4294967296 (custom)
2022-06-21 13:54:55,484 [pool-617-thread-1] INFO  server.RaftServerConfigKeys (ConfUtils.java:logGet(46)) - raft.server.log.queue.element-limit = 1024 (custom)
2022-06-21 13:54:55,484 [pool-617-thread-1] INFO  server.RaftServerConfigKeys (ConfUtils.java:logGet(46)) - raft.server.log.segment.size.max = 1048576 (custom)
2022-06-21 13:54:55,484 [pool-617-thread-1] INFO  server.RaftServerConfigKeys (ConfUtils.java:logGet(46)) - raft.server.log.preallocated.size = 16384 (custom)
2022-06-21 13:54:55,484 [pool-617-thread-1] INFO  server.RaftServerConfigKeys (ConfUtils.java:logGet(46)) - raft.server.log.force.sync.num = 128 (default)
2022-06-21 13:54:55,484 [pool-617-thread-1] INFO  server.RaftServerConfigKeys (ConfUtils.java:logGet(46)) - raft.server.log.statemachine.data.sync = true (default)
2022-06-21 13:54:55,484 [pool-617-thread-1] INFO  server.RaftServerConfigKeys (ConfUtils.java:logGet(46)) - raft.server.log.statemachine.data.sync.timeout = 10s (default)
2022-06-21 13:54:55,484 [pool-617-thread-1] INFO  server.RaftServerConfigKeys (ConfUtils.java:logGet(46)) - raft.server.log.statemachine.data.sync.timeout.retry = -1 (default)
2022-06-21 13:54:55,485 [pool-617-thread-1] INFO  server.RaftServerConfigKeys (ConfUtils.java:logGet(46)) - raft.server.log.write.buffer.size = 1048576 (custom)
2022-06-21 13:54:55,485 [pool-617-thread-1] INFO  server.RaftServerConfigKeys (ConfUtils.java:logGet(46)) - raft.server.log.unsafe-flush.enabled = false (default)
2022-06-21 13:54:55,485 [pool-617-thread-1] INFO  server.RaftServerConfigKeys (ConfUtils.java:logGet(46)) - raft.server.log.statemachine.data.caching.enabled = true (custom)
2022-06-21 13:54:55,485 [pool-617-thread-1] INFO  segmented.SegmentedRaftLogWorker (SegmentedRaftLogWorker.java:lambda$new$0(135)) - e8a5f4c1-362e-4bfa-a43a-3b00239108a9@group-DC99E4621A07-SegmentedRaftLogWorker: flushIndex: setUnconditionally 0 -> -1
2022-06-21 13:54:55,485 [pool-617-thread-1] INFO  segmented.SegmentedRaftLogWorker (SegmentedRaftLogWorker.java:lambda$new$0(135)) - e8a5f4c1-362e-4bfa-a43a-3b00239108a9@group-DC99E4621A07-SegmentedRaftLogWorker: safeCacheEvictIndex: setUnconditionally 0 -> -1
2022-06-21 13:54:55,486 [EventQueue-PipelineReportForPipelineReportHandler] INFO  pipeline.PipelineManagerImpl (PipelineManagerImpl.java:openPipeline(356)) - Pipeline Pipeline[ Id: 78b2b426-b7ab-43ab-a55b-dc99e4621a07, Nodes: e8a5f4c1-362e-4bfa-a43a-3b00239108a9{ip: 10.1.0.15, host: fv-az194-567.vahfjs35atkulmpwh5ujf4txfe.jx.internal.cloudapp.net, ports: [REPLICATION=36063, RATIS=43683, RATIS_ADMIN=43683, RATIS_SERVER=43683, STANDALONE=43593], networkLocation: /default-rack, certSerialId: null, persistedOpState: IN_SERVICE, persistedOpStateExpiryEpochSec: 0}, ReplicationConfig: RATIS/ONE, State:ALLOCATED, leaderId:e8a5f4c1-362e-4bfa-a43a-3b00239108a9, CreationTimestamp2022-06-21T13:54:52.455Z[Etc/UTC]] moved to OPEN state
2022-06-21 13:54:55,487 [EventQueue-OpenPipelineForHealthyPipelineSafeModeRule] INFO  safemode.SCMSafeModeManager (HealthyPipelineSafeModeRule.java:process(124)) - SCM in safe mode. Healthy pipelines reported count is 0, required healthy pipeline reported count is 1
2022-06-21 13:54:55,513 [pool-617-thread-1] INFO  server.RaftServerConfigKeys (ConfUtils.java:logGet(46)) - raft.server.snapshot.auto.trigger.enabled = true (custom)
2022-06-21 13:54:55,514 [pool-617-thread-1] INFO  server.RaftServerConfigKeys (ConfUtils.java:logGet(46)) - raft.server.snapshot.auto.trigger.threshold = 10000 (custom)
2022-06-21 13:54:55,514 [pool-617-thread-1] INFO  server.RaftServerConfigKeys (ConfUtils.java:logGet(46)) - raft.server.snapshot.retention.file.num = 5 (custom)
2022-06-21 13:54:55,514 [pool-617-thread-1] INFO  server.RaftServerConfigKeys (ConfUtils.java:logGet(46)) - raft.server.log.purge.upto.snapshot.index = false (default)
2022-06-21 13:54:55,514 [pool-617-thread-1] INFO  server.RaftServerConfigKeys (ConfUtils.java:logGet(46)) - raft.server.retrycache.expirytime = 600000ms (custom)
2022-06-21 13:54:55,514 [pool-617-thread-1] INFO  server.RaftServerConfigKeys (ConfUtils.java:logGet(46)) - raft.server.retrycache.statistics.expirytime = 100μs (default)
2022-06-21 13:54:55,515 [pool-617-thread-1] INFO  server.RaftServerConfigKeys (ConfUtils.java:logGet(46)) - raft.server.log.appender.install.snapshot.enabled = false (custom)
2022-06-21 13:54:55,515 [pool-617-thread-1] INFO  server.RaftServerConfigKeys (ConfUtils.java:logGet(46)) - raft.server.threadpool.server.cached = true (default)
2022-06-21 13:54:55,515 [pool-617-thread-1] INFO  server.RaftServerConfigKeys (ConfUtils.java:logGet(46)) - raft.server.threadpool.server.size = 0 (default)
2022-06-21 13:54:55,515 [pool-617-thread-1] INFO  server.RaftServerConfigKeys (ConfUtils.java:logGet(46)) - raft.server.threadpool.client.cached = true (default)
2022-06-21 13:54:55,515 [pool-617-thread-1] INFO  server.RaftServerConfigKeys (ConfUtils.java:logGet(46)) - raft.server.threadpool.client.size = 0 (default)
2022-06-21 13:54:55,515 [pool-617-thread-1] INFO  server.RaftServer$Division (RaftServerImpl.java:start(310)) - e8a5f4c1-362e-4bfa-a43a-3b00239108a9@group-DC99E4621A07: start as a follower, conf=-1: [e8a5f4c1-362e-4bfa-a43a-3b00239108a9|rpc:10.1.0.15:43683|priority:1], old=null
2022-06-21 13:54:55,516 [pool-617-thread-1] INFO  server.RaftServer$Division (RaftServerImpl.java:setRole(299)) - e8a5f4c1-362e-4bfa-a43a-3b00239108a9@group-DC99E4621A07: changes role from      null to FOLLOWER at term 0 for startAsFollower
2022-06-21 13:54:55,516 [pool-617-thread-1] INFO  impl.RoleInfo (RoleInfo.java:updateAndGet(139)) - e8a5f4c1-362e-4bfa-a43a-3b00239108a9: start e8a5f4c1-362e-4bfa-a43a-3b00239108a9@group-DC99E4621A07-FollowerState
2022-06-21 13:54:55,524 [pool-617-thread-1] INFO  util.JmxRegister (JmxRegister.java:tryRegister(44)) - Successfully registered JMX Bean with object name Ratis:service=RaftServer,group=group-DC99E4621A07,id=e8a5f4c1-362e-4bfa-a43a-3b00239108a9
2022-06-21 13:54:55,525 [Command processor thread] INFO  ratis.XceiverServerRatis (XceiverServerRatis.java:addGroup(765)) - Created group PipelineID=78b2b426-b7ab-43ab-a55b-dc99e4621a07
2022-06-21 13:54:55,525 [Command processor thread] INFO  commandhandler.CreatePipelineCommandHandler (CreatePipelineCommandHandler.java:handle(113)) - Created Pipeline RATIS ONE PipelineID=78b2b426-b7ab-43ab-a55b-dc99e4621a07.
2022-06-21 13:54:55,560 [Listener at 127.0.0.1/42759] INFO  ozone.MiniOzoneClusterImpl (MiniOzoneClusterImpl.java:lambda$waitForClusterToBeReady$0(222)) - Nodes are ready. Got 5 of 5 DN Heartbeats.
2022-06-21 13:54:55,560 [Listener at 127.0.0.1/42759] INFO  ozone.MiniOzoneClusterImpl (MiniOzoneClusterImpl.java:lambda$waitForClusterToBeReady$0(225)) - Waiting for cluster to exit safe mode
2022-06-21 13:54:55,560 [Listener at 127.0.0.1/42759] INFO  ozone.MiniOzoneClusterImpl (MiniOzoneClusterImpl.java:lambda$waitForClusterToBeReady$0(227)) - SCM became leader
2022-06-21 13:54:56,560 [Listener at 127.0.0.1/42759] INFO  ozone.MiniOzoneClusterImpl (MiniOzoneClusterImpl.java:lambda$waitForClusterToBeReady$0(222)) - Nodes are ready. Got 5 of 5 DN Heartbeats.
2022-06-21 13:54:56,560 [Listener at 127.0.0.1/42759] INFO  ozone.MiniOzoneClusterImpl (MiniOzoneClusterImpl.java:lambda$waitForClusterToBeReady$0(225)) - Waiting for cluster to exit safe mode
2022-06-21 13:54:56,561 [Listener at 127.0.0.1/42759] INFO  ozone.MiniOzoneClusterImpl (MiniOzoneClusterImpl.java:lambda$waitForClusterToBeReady$0(227)) - SCM became leader
2022-06-21 13:54:56,590 [Command processor thread] INFO  server.RaftServer (RaftServerProxy.java:addNew(96)) - 6348a8bb-f743-4f3c-b062-6091d580fb19: addNew group-E55AEBA43CF3:[6348a8bb-f743-4f3c-b062-6091d580fb19|rpc:10.1.0.15:33579|priority:1] returns group-E55AEBA43CF3:java.util.concurrent.CompletableFuture@29c38607[Not completed]
2022-06-21 13:54:56,591 [pool-644-thread-1] INFO  server.RaftServer$Division (RaftServerImpl.java:<init>(190)) - 6348a8bb-f743-4f3c-b062-6091d580fb19: new RaftServerImpl for group-E55AEBA43CF3:[6348a8bb-f743-4f3c-b062-6091d580fb19|rpc:10.1.0.15:33579|priority:1] with ContainerStateMachine:uninitialized
2022-06-21 13:54:56,592 [pool-644-thread-1] INFO  server.RaftServerConfigKeys (ConfUtils.java:logGet(46)) - raft.server.rpc.timeout.min = 5s (custom)
2022-06-21 13:54:56,592 [pool-644-thread-1] INFO  server.RaftServerConfigKeys (ConfUtils.java:logGet(46)) - raft.server.rpc.timeout.max = 5200ms (custom)
2022-06-21 13:54:56,592 [pool-644-thread-1] INFO  server.RaftServerConfigKeys (ConfUtils.java:logGet(46)) - raft.server.rpc.sleep.time = 25ms (default)
2022-06-21 13:54:56,592 [pool-644-thread-1] INFO  server.RaftServerConfigKeys (ConfUtils.java:logGet(46)) - raft.server.rpc.slowness.timeout = 300s (custom)
2022-06-21 13:54:56,592 [pool-644-thread-1] INFO  server.RaftServerConfigKeys (ConfUtils.java:logGet(46)) - raft.server.leaderelection.leader.step-down.wait-time = 10s (default)
2022-06-21 13:54:56,592 [pool-644-thread-1] INFO  server.RaftServerConfigKeys (ConfUtils.java:logGet(46)) - raft.server.sleep.deviation.threshold = 300ms (default)
2022-06-21 13:54:56,592 [pool-644-thread-1] INFO  server.RaftServer$Division (ServerState.java:<init>(107)) - 6348a8bb-f743-4f3c-b062-6091d580fb19@group-E55AEBA43CF3: ConfigurationManager, init=-1: [6348a8bb-f743-4f3c-b062-6091d580fb19|rpc:10.1.0.15:33579|priority:1], old=null, confs=<EMPTY_MAP>
2022-06-21 13:54:56,592 [pool-644-thread-1] INFO  server.RaftServerConfigKeys (ConfUtils.java:logGet(46)) - raft.server.storage.dir = [/home/runner/work/ozone/ozone/hadoop-ozone/integration-test/target/test-dir/MiniOzoneClusterImpl-3f841ece-6686-4b0e-b99d-a05159fb56b1/datanode-4/data/ratis] (custom)
2022-06-21 13:54:56,592 [pool-644-thread-1] INFO  server.RaftServerConfigKeys (ConfUtils.java:logGet(46)) - raft.server.log.corruption.policy = EXCEPTION (default)
2022-06-21 13:54:56,592 [pool-644-thread-1] INFO  server.RaftServerConfigKeys (ConfUtils.java:logGet(46)) - raft.server.storage.free-space.min = 0MB (=0) (default)
2022-06-21 13:54:56,592 [pool-644-thread-1] INFO  storage.RaftStorageDirectory (RaftStorageDirectoryImpl.java:analyzeStorage(135)) - The storage directory /home/runner/work/ozone/ozone/hadoop-ozone/integration-test/target/test-dir/MiniOzoneClusterImpl-3f841ece-6686-4b0e-b99d-a05159fb56b1/datanode-4/data/ratis/2d3c650f-10cf-4344-8836-e55aeba43cf3 does not exist. Creating ...
2022-06-21 13:54:56,610 [pool-644-thread-1] INFO  storage.RaftStorageDirectory (RaftStorageDirectoryImpl.java:tryLock(230)) - Lock on /home/runner/work/ozone/ozone/hadoop-ozone/integration-test/target/test-dir/MiniOzoneClusterImpl-3f841ece-6686-4b0e-b99d-a05159fb56b1/datanode-4/data/ratis/2d3c650f-10cf-4344-8836-e55aeba43cf3/in_use.lock acquired by nodename 17605@fv-az194-567
2022-06-21 13:54:56,612 [pool-644-thread-1] INFO  storage.RaftStorage (RaftStorageImpl.java:format(89)) - Storage directory /home/runner/work/ozone/ozone/hadoop-ozone/integration-test/target/test-dir/MiniOzoneClusterImpl-3f841ece-6686-4b0e-b99d-a05159fb56b1/datanode-4/data/ratis/2d3c650f-10cf-4344-8836-e55aeba43cf3 has been successfully formatted.
2022-06-21 13:54:56,615 [pool-644-thread-1] INFO  ratis.ContainerStateMachine (ContainerStateMachine.java:loadSnapshot(236)) - group-E55AEBA43CF3: The snapshot info is null. Setting the last applied indexto:(t:0, i:~)
2022-06-21 13:54:56,616 [pool-644-thread-1] INFO  server.RaftServerConfigKeys (ConfUtils.java:logGet(46)) - raft.server.notification.no-leader.timeout = 300s (custom)
2022-06-21 13:54:56,616 [pool-644-thread-1] INFO  server.RaftServerConfigKeys (ConfUtils.java:logGet(46)) - raft.server.log.use.memory = false (default)
2022-06-21 13:54:56,616 [pool-644-thread-1] INFO  server.RaftServerConfigKeys (ConfUtils.java:logGet(46)) - raft.server.log.purge.gap = 1000000 (custom)
2022-06-21 13:54:56,616 [pool-644-thread-1] INFO  server.RaftServerConfigKeys (ConfUtils.java:logGet(46)) - raft.server.log.appender.buffer.byte-limit = 33554432 (custom)
2022-06-21 13:54:56,616 [EventQueue-PipelineReportForPipelineReportHandler] INFO  pipeline.PipelineManagerImpl (PipelineManagerImpl.java:openPipeline(356)) - Pipeline Pipeline[ Id: 2d3c650f-10cf-4344-8836-e55aeba43cf3, Nodes: 6348a8bb-f743-4f3c-b062-6091d580fb19{ip: 10.1.0.15, host: fv-az194-567.vahfjs35atkulmpwh5ujf4txfe.jx.internal.cloudapp.net, ports: [REPLICATION=40781, RATIS=33579, RATIS_ADMIN=33579, RATIS_SERVER=33579, STANDALONE=34519], networkLocation: /default-rack, certSerialId: null, persistedOpState: IN_SERVICE, persistedOpStateExpiryEpochSec: 0}, ReplicationConfig: RATIS/ONE, State:ALLOCATED, leaderId:6348a8bb-f743-4f3c-b062-6091d580fb19, CreationTimestamp2022-06-21T13:54:53.578Z[Etc/UTC]] moved to OPEN state
2022-06-21 13:54:56,617 [EventQueue-OpenPipelineForHealthyPipelineSafeModeRule] INFO  safemode.SCMSafeModeManager (HealthyPipelineSafeModeRule.java:process(124)) - SCM in safe mode. Healthy pipelines reported count is 0, required healthy pipeline reported count is 1
2022-06-21 13:54:56,617 [pool-644-thread-1] INFO  server.RaftServerConfigKeys (ConfUtils.java:logGet(46)) - raft.server.log.statemachine.data.read.timeout = 1000ms (default)
2022-06-21 13:54:56,642 [pool-644-thread-1] INFO  server.RaftServerConfigKeys (ConfUtils.java:logGet(46)) - raft.server.log.segment.size.max = 1048576 (custom)
2022-06-21 13:54:56,642 [pool-644-thread-1] INFO  server.RaftServerConfigKeys (ConfUtils.java:logGet(46)) - raft.server.log.segment.cache.num.max = 2 (custom)
2022-06-21 13:54:56,643 [pool-644-thread-1] INFO  server.RaftServerConfigKeys (ConfUtils.java:logGet(46)) - raft.server.log.segment.cache.size.max = 200MB (=209715200) (default)
2022-06-21 13:54:56,643 [pool-644-thread-1] INFO  segmented.SegmentedRaftLogWorker (SegmentedRaftLogWorker.java:<init>(187)) - new 6348a8bb-f743-4f3c-b062-6091d580fb19@group-E55AEBA43CF3-SegmentedRaftLogWorker for RaftStorageImpl:Storage Directory /home/runner/work/ozone/ozone/hadoop-ozone/integration-test/target/test-dir/MiniOzoneClusterImpl-3f841ece-6686-4b0e-b99d-a05159fb56b1/datanode-4/data/ratis/2d3c650f-10cf-4344-8836-e55aeba43cf3
2022-06-21 13:54:56,643 [pool-644-thread-1] INFO  server.RaftServerConfigKeys (ConfUtils.java:logGet(46)) - raft.server.log.queue.byte-limit = 4294967296 (custom)
2022-06-21 13:54:56,643 [pool-644-thread-1] INFO  server.RaftServerConfigKeys (ConfUtils.java:logGet(46)) - raft.server.log.queue.element-limit = 1024 (custom)
2022-06-21 13:54:56,643 [pool-644-thread-1] INFO  server.RaftServerConfigKeys (ConfUtils.java:logGet(46)) - raft.server.log.segment.size.max = 1048576 (custom)
2022-06-21 13:54:56,643 [pool-644-thread-1] INFO  server.RaftServerConfigKeys (ConfUtils.java:logGet(46)) - raft.server.log.preallocated.size = 16384 (custom)
2022-06-21 13:54:56,643 [pool-644-thread-1] INFO  server.RaftServerConfigKeys (ConfUtils.java:logGet(46)) - raft.server.log.force.sync.num = 128 (default)
2022-06-21 13:54:56,643 [pool-644-thread-1] INFO  server.RaftServerConfigKeys (ConfUtils.java:logGet(46)) - raft.server.log.statemachine.data.sync = true (default)
2022-06-21 13:54:56,643 [pool-644-thread-1] INFO  server.RaftServerConfigKeys (ConfUtils.java:logGet(46)) - raft.server.log.statemachine.data.sync.timeout = 10s (default)
2022-06-21 13:54:56,643 [pool-644-thread-1] INFO  server.RaftServerConfigKeys (ConfUtils.java:logGet(46)) - raft.server.log.statemachine.data.sync.timeout.retry = -1 (default)
2022-06-21 13:54:56,644 [pool-644-thread-1] INFO  server.RaftServerConfigKeys (ConfUtils.java:logGet(46)) - raft.server.log.write.buffer.size = 1048576 (custom)
2022-06-21 13:54:56,645 [pool-644-thread-1] INFO  server.RaftServerConfigKeys (ConfUtils.java:logGet(46)) - raft.server.log.unsafe-flush.enabled = false (default)
2022-06-21 13:54:56,645 [pool-644-thread-1] INFO  server.RaftServerConfigKeys (ConfUtils.java:logGet(46)) - raft.server.log.statemachine.data.caching.enabled = true (custom)
2022-06-21 13:54:56,645 [pool-644-thread-1] INFO  segmented.SegmentedRaftLogWorker (SegmentedRaftLogWorker.java:lambda$new$0(135)) - 6348a8bb-f743-4f3c-b062-6091d580fb19@group-E55AEBA43CF3-SegmentedRaftLogWorker: flushIndex: setUnconditionally 0 -> -1
2022-06-21 13:54:56,645 [pool-644-thread-1] INFO  segmented.SegmentedRaftLogWorker (SegmentedRaftLogWorker.java:lambda$new$0(135)) - 6348a8bb-f743-4f3c-b062-6091d580fb19@group-E55AEBA43CF3-SegmentedRaftLogWorker: safeCacheEvictIndex: setUnconditionally 0 -> -1
2022-06-21 13:54:56,666 [pool-644-thread-1] INFO  server.RaftServerConfigKeys (ConfUtils.java:logGet(46)) - raft.server.snapshot.auto.trigger.enabled = true (custom)
2022-06-21 13:54:56,671 [pool-644-thread-1] INFO  server.RaftServerConfigKeys (ConfUtils.java:logGet(46)) - raft.server.snapshot.auto.trigger.threshold = 10000 (custom)
2022-06-21 13:54:56,671 [pool-644-thread-1] INFO  server.RaftServerConfigKeys (ConfUtils.java:logGet(46)) - raft.server.snapshot.retention.file.num = 5 (custom)
2022-06-21 13:54:56,671 [pool-644-thread-1] INFO  server.RaftServerConfigKeys (ConfUtils.java:logGet(46)) - raft.server.log.purge.upto.snapshot.index = false (default)
2022-06-21 13:54:56,671 [pool-644-thread-1] INFO  server.RaftServerConfigKeys (ConfUtils.java:logGet(46)) - raft.server.retrycache.expirytime = 600000ms (custom)
2022-06-21 13:54:56,671 [pool-644-thread-1] INFO  server.RaftServerConfigKeys (ConfUtils.java:logGet(46)) - raft.server.retrycache.statistics.expirytime = 100μs (default)
2022-06-21 13:54:56,672 [pool-644-thread-1] INFO  server.RaftServerConfigKeys (ConfUtils.java:logGet(46)) - raft.server.log.appender.install.snapshot.enabled = false (custom)
2022-06-21 13:54:56,672 [pool-644-thread-1] INFO  server.RaftServerConfigKeys (ConfUtils.java:logGet(46)) - raft.server.threadpool.server.cached = true (default)
2022-06-21 13:54:56,673 [pool-644-thread-1] INFO  server.RaftServerConfigKeys (ConfUtils.java:logGet(46)) - raft.server.threadpool.server.size = 0 (default)
2022-06-21 13:54:56,673 [pool-644-thread-1] INFO  server.RaftServerConfigKeys (ConfUtils.java:logGet(46)) - raft.server.threadpool.client.cached = true (default)
2022-06-21 13:54:56,673 [pool-644-thread-1] INFO  server.RaftServerConfigKeys (ConfUtils.java:logGet(46)) - raft.server.threadpool.client.size = 0 (default)
2022-06-21 13:54:56,673 [pool-644-thread-1] INFO  server.RaftServer$Division (RaftServerImpl.java:start(310)) - 6348a8bb-f743-4f3c-b062-6091d580fb19@group-E55AEBA43CF3: start as a follower, conf=-1: [6348a8bb-f743-4f3c-b062-6091d580fb19|rpc:10.1.0.15:33579|priority:1], old=null
2022-06-21 13:54:56,673 [pool-644-thread-1] INFO  server.RaftServer$Division (RaftServerImpl.java:setRole(299)) - 6348a8bb-f743-4f3c-b062-6091d580fb19@group-E55AEBA43CF3: changes role from      null to FOLLOWER at term 0 for startAsFollower
2022-06-21 13:54:56,673 [pool-644-thread-1] INFO  impl.RoleInfo (RoleInfo.java:updateAndGet(139)) - 6348a8bb-f743-4f3c-b062-6091d580fb19: start 6348a8bb-f743-4f3c-b062-6091d580fb19@group-E55AEBA43CF3-FollowerState
2022-06-21 13:54:56,682 [pool-644-thread-1] INFO  util.JmxRegister (JmxRegister.java:tryRegister(44)) - Successfully registered JMX Bean with object name Ratis:service=RaftServer,group=group-E55AEBA43CF3,id=6348a8bb-f743-4f3c-b062-6091d580fb19
2022-06-21 13:54:56,686 [Command processor thread] INFO  ratis.XceiverServerRatis (XceiverServerRatis.java:addGroup(765)) - Created group PipelineID=2d3c650f-10cf-4344-8836-e55aeba43cf3
2022-06-21 13:54:56,686 [Command processor thread] INFO  commandhandler.CreatePipelineCommandHandler (CreatePipelineCommandHandler.java:handle(113)) - Created Pipeline RATIS ONE PipelineID=2d3c650f-10cf-4344-8836-e55aeba43cf3.
2022-06-21 13:54:57,260 [6f924676-de29-4bda-9abe-50e624e9409e@group-79D5AD7E9C4C-FollowerState] INFO  impl.FollowerState (FollowerState.java:run(143)) - 6f924676-de29-4bda-9abe-50e624e9409e@group-79D5AD7E9C4C-FollowerState: change to CANDIDATE, lastRpcElapsedTime:5019905078ns, electionTimeout:5010ms
2022-06-21 13:54:57,261 [6f924676-de29-4bda-9abe-50e624e9409e@group-79D5AD7E9C4C-FollowerState] INFO  impl.RoleInfo (RoleInfo.java:shutdownFollowerState(110)) - 6f924676-de29-4bda-9abe-50e624e9409e: shutdown 6f924676-de29-4bda-9abe-50e624e9409e@group-79D5AD7E9C4C-FollowerState
2022-06-21 13:54:57,261 [6f924676-de29-4bda-9abe-50e624e9409e@group-79D5AD7E9C4C-FollowerState] INFO  server.RaftServer$Division (RaftServerImpl.java:setRole(299)) - 6f924676-de29-4bda-9abe-50e624e9409e@group-79D5AD7E9C4C: changes role from  FOLLOWER to CANDIDATE at term 0 for changeToCandidate
2022-06-21 13:54:57,261 [6f924676-de29-4bda-9abe-50e624e9409e@group-79D5AD7E9C4C-FollowerState] INFO  server.RaftServerConfigKeys (ConfUtils.java:logGet(46)) - raft.server.leaderelection.pre-vote = false (custom)
2022-06-21 13:54:57,261 [6f924676-de29-4bda-9abe-50e624e9409e@group-79D5AD7E9C4C-FollowerState] INFO  impl.RoleInfo (RoleInfo.java:updateAndGet(139)) - 6f924676-de29-4bda-9abe-50e624e9409e: start 6f924676-de29-4bda-9abe-50e624e9409e@group-79D5AD7E9C4C-LeaderElection28
2022-06-21 13:54:57,330 [6f924676-de29-4bda-9abe-50e624e9409e@group-79D5AD7E9C4C-LeaderElection28] INFO  impl.LeaderElection (LeaderElection.java:askForVotes(310)) - 6f924676-de29-4bda-9abe-50e624e9409e@group-79D5AD7E9C4C-LeaderElection28 ELECTION round 0: submit vote requests at term 1 for -1: [6f924676-de29-4bda-9abe-50e624e9409e|rpc:10.1.0.15:35717|priority:1], old=null
2022-06-21 13:54:57,331 [6f924676-de29-4bda-9abe-50e624e9409e@group-79D5AD7E9C4C-LeaderElection28] INFO  impl.LeaderElection (LeaderElection.java:askForVotes(312)) - 6f924676-de29-4bda-9abe-50e624e9409e@group-79D5AD7E9C4C-LeaderElection28 ELECTION round 0: result PASSED (term=1)
2022-06-21 13:54:57,331 [6f924676-de29-4bda-9abe-50e624e9409e@group-79D5AD7E9C4C-LeaderElection28] INFO  impl.RoleInfo (RoleInfo.java:shutdownLeaderElection(130)) - 6f924676-de29-4bda-9abe-50e624e9409e: shutdown 6f924676-de29-4bda-9abe-50e624e9409e@group-79D5AD7E9C4C-LeaderElection28
2022-06-21 13:54:57,331 [6f924676-de29-4bda-9abe-50e624e9409e@group-79D5AD7E9C4C-LeaderElection28] INFO  server.RaftServer$Division (RaftServerImpl.java:setRole(299)) - 6f924676-de29-4bda-9abe-50e624e9409e@group-79D5AD7E9C4C: changes role from CANDIDATE to LEADER at term 1 for changeToLeader
2022-06-21 13:54:57,331 [6f924676-de29-4bda-9abe-50e624e9409e@group-79D5AD7E9C4C-LeaderElection28] INFO  ratis.XceiverServerRatis (XceiverServerRatis.java:handleLeaderChangedNotification(863)) - Leader change notification received for group: group-79D5AD7E9C4C with new leaderId: 6f924676-de29-4bda-9abe-50e624e9409e
2022-06-21 13:54:57,331 [6f924676-de29-4bda-9abe-50e624e9409e@group-79D5AD7E9C4C-LeaderElection28] INFO  server.RaftServer$Division (ServerState.java:setLeader(287)) - 6f924676-de29-4bda-9abe-50e624e9409e@group-79D5AD7E9C4C: change Leader from null to 6f924676-de29-4bda-9abe-50e624e9409e at term 1 for becomeLeader, leader elected after 5104ms
2022-06-21 13:54:57,331 [6f924676-de29-4bda-9abe-50e624e9409e@group-79D5AD7E9C4C-LeaderElection28] INFO  server.RaftServerConfigKeys (ConfUtils.java:logGet(46)) - raft.server.staging.catchup.gap = 1000 (default)
2022-06-21 13:54:57,331 [6f924676-de29-4bda-9abe-50e624e9409e@group-79D5AD7E9C4C-LeaderElection28] INFO  server.RaftServerConfigKeys (ConfUtils.java:logGet(46)) - raft.server.write.element-limit = 1024 (custom)
2022-06-21 13:54:57,331 [6f924676-de29-4bda-9abe-50e624e9409e@group-79D5AD7E9C4C-LeaderElection28] INFO  server.RaftServerConfigKeys (ConfUtils.java:logGet(46)) - raft.server.write.byte-limit = 1024 M (=1073741824) (custom)
2022-06-21 13:54:57,332 [6f924676-de29-4bda-9abe-50e624e9409e@group-79D5AD7E9C4C-LeaderElection28] INFO  server.RaftServerConfigKeys (ConfUtils.java:logGet(46)) - raft.server.watch.timeout = 180s (custom)
2022-06-21 13:54:57,332 [6f924676-de29-4bda-9abe-50e624e9409e@group-79D5AD7E9C4C-LeaderElection28] INFO  server.RaftServerConfigKeys (ConfUtils.java:logGet(46)) - raft.server.watch.timeout.denomination = 1s (default)
2022-06-21 13:54:57,332 [6f924676-de29-4bda-9abe-50e624e9409e@group-79D5AD7E9C4C-LeaderElection28] INFO  server.RaftServerConfigKeys (ConfUtils.java:logGet(46)) - raft.server.watch.element-limit = 65536 (default)
2022-06-21 13:54:57,332 [6f924676-de29-4bda-9abe-50e624e9409e@group-79D5AD7E9C4C-LeaderElection28] INFO  server.RaftServerConfigKeys (ConfUtils.java:logGet(46)) - raft.server.write.element-limit = 1024 (custom)
2022-06-21 13:54:57,332 [6f924676-de29-4bda-9abe-50e624e9409e@group-79D5AD7E9C4C-LeaderElection28] INFO  server.RaftServerConfigKeys (ConfUtils.java:logGet(46)) - raft.server.write.follower.gap.ratio.max = -1.0 (default)
2022-06-21 13:54:57,332 [6f924676-de29-4bda-9abe-50e624e9409e@group-79D5AD7E9C4C-LeaderElection28] INFO  impl.RoleInfo (RoleInfo.java:updateAndGet(139)) - 6f924676-de29-4bda-9abe-50e624e9409e: start 6f924676-de29-4bda-9abe-50e624e9409e@group-79D5AD7E9C4C-LeaderStateImpl
2022-06-21 13:54:57,332 [6f924676-de29-4bda-9abe-50e624e9409e@group-79D5AD7E9C4C-LeaderElection28] INFO  segmented.SegmentedRaftLogWorker (SegmentedRaftLogWorker.java:startLogSegment(425)) - 6f924676-de29-4bda-9abe-50e624e9409e@group-79D5AD7E9C4C-SegmentedRaftLogWorker: Starting segment from index:0
2022-06-21 13:54:57,335 [EventQueue-OpenPipelineForHealthyPipelineSafeModeRule] INFO  safemode.SCMSafeModeManager (HealthyPipelineSafeModeRule.java:process(124)) - SCM in safe mode. Healthy pipelines reported count is 0, required healthy pipeline reported count is 1
2022-06-21 13:54:57,338 [6f924676-de29-4bda-9abe-50e624e9409e@group-79D5AD7E9C4C-SegmentedRaftLogWorker] INFO  segmented.SegmentedRaftLogWorker (SegmentedRaftLogWorker.java:execute(629)) - 6f924676-de29-4bda-9abe-50e624e9409e@group-79D5AD7E9C4C-SegmentedRaftLogWorker: created new log segment /home/runner/work/ozone/ozone/hadoop-ozone/integration-test/target/test-dir/MiniOzoneClusterImpl-3f841ece-6686-4b0e-b99d-a05159fb56b1/datanode-0/data/ratis/00ec36d6-913b-49a2-8121-79d5ad7e9c4c/current/log_inprogress_0
2022-06-21 13:54:57,358 [6f924676-de29-4bda-9abe-50e624e9409e@group-79D5AD7E9C4C-LeaderElection28] INFO  server.RaftServer$Division (ServerState.java:setRaftConf(393)) - 6f924676-de29-4bda-9abe-50e624e9409e@group-79D5AD7E9C4C: set configuration 0: [6f924676-de29-4bda-9abe-50e624e9409e|rpc:10.1.0.15:35717|dataStream:|priority:1], old=null
2022-06-21 13:54:57,461 [6f924676-de29-4bda-9abe-50e624e9409e@group-7C04624AABF3-FollowerState] INFO  impl.FollowerState (FollowerState.java:run(143)) - 6f924676-de29-4bda-9abe-50e624e9409e@group-7C04624AABF3-FollowerState: change to CANDIDATE, lastRpcElapsedTime:5144771074ns, electionTimeout:5144ms
2022-06-21 13:54:57,462 [6f924676-de29-4bda-9abe-50e624e9409e@group-7C04624AABF3-FollowerState] INFO  impl.RoleInfo (RoleInfo.java:shutdownFollowerState(110)) - 6f924676-de29-4bda-9abe-50e624e9409e: shutdown 6f924676-de29-4bda-9abe-50e624e9409e@group-7C04624AABF3-FollowerState
2022-06-21 13:54:57,462 [6f924676-de29-4bda-9abe-50e624e9409e@group-7C04624AABF3-FollowerState] INFO  server.RaftServer$Division (RaftServerImpl.java:setRole(299)) - 6f924676-de29-4bda-9abe-50e624e9409e@group-7C04624AABF3: changes role from  FOLLOWER to CANDIDATE at term 0 for changeToCandidate
2022-06-21 13:54:57,462 [6f924676-de29-4bda-9abe-50e624e9409e@group-7C04624AABF3-FollowerState] INFO  server.RaftServerConfigKeys (ConfUtils.java:logGet(46)) - raft.server.leaderelection.pre-vote = false (custom)
2022-06-21 13:54:57,462 [6f924676-de29-4bda-9abe-50e624e9409e@group-7C04624AABF3-FollowerState] INFO  impl.RoleInfo (RoleInfo.java:updateAndGet(139)) - 6f924676-de29-4bda-9abe-50e624e9409e: start 6f924676-de29-4bda-9abe-50e624e9409e@group-7C04624AABF3-LeaderElection29
2022-06-21 13:54:57,499 [6f924676-de29-4bda-9abe-50e624e9409e@group-7C04624AABF3-LeaderElection29] INFO  impl.LeaderElection (LeaderElection.java:askForVotes(310)) - 6f924676-de29-4bda-9abe-50e624e9409e@group-7C04624AABF3-LeaderElection29 ELECTION round 0: submit vote requests at term 1 for -1: [3f2f5716-e318-4c9d-8cf6-ca563bbe3eeb|rpc:10.1.0.15:41473|priority:0, 6f924676-de29-4bda-9abe-50e624e9409e|rpc:10.1.0.15:35717|priority:0, c45c8671-7070-4be0-aa13-1f2d6b7a9218|rpc:10.1.0.15:39709|priority:1], old=null
2022-06-21 13:54:57,559 [grpc-default-executor-0] INFO  server.RaftServer$Division (RaftServerImpl.java:requestVote(1152)) - 3f2f5716-e318-4c9d-8cf6-ca563bbe3eeb@group-7C04624AABF3: receive requestVote(ELECTION, 6f924676-de29-4bda-9abe-50e624e9409e, group-7C04624AABF3, 1, (t:0, i:0))
2022-06-21 13:54:57,559 [grpc-default-executor-0] INFO  impl.VoteContext (VoteContext.java:log(48)) - 3f2f5716-e318-4c9d-8cf6-ca563bbe3eeb@group-7C04624AABF3-FOLLOWER: accept ELECTION from 6f924676-de29-4bda-9abe-50e624e9409e: our priority 0 <= candidate's priority 0
2022-06-21 13:54:57,559 [grpc-default-executor-0] INFO  server.RaftServer$Division (RaftServerImpl.java:setRole(299)) - 3f2f5716-e318-4c9d-8cf6-ca563bbe3eeb@group-7C04624AABF3: changes role from  FOLLOWER to FOLLOWER at term 1 for candidate:6f924676-de29-4bda-9abe-50e624e9409e
2022-06-21 13:54:57,559 [grpc-default-executor-0] INFO  impl.RoleInfo (RoleInfo.java:shutdownFollowerState(110)) - 3f2f5716-e318-4c9d-8cf6-ca563bbe3eeb: shutdown 3f2f5716-e318-4c9d-8cf6-ca563bbe3eeb@group-7C04624AABF3-FollowerState
2022-06-21 13:54:57,559 [grpc-default-executor-0] INFO  impl.RoleInfo (RoleInfo.java:updateAndGet(139)) - 3f2f5716-e318-4c9d-8cf6-ca563bbe3eeb: start 3f2f5716-e318-4c9d-8cf6-ca563bbe3eeb@group-7C04624AABF3-FollowerState
2022-06-21 13:54:57,560 [3f2f5716-e318-4c9d-8cf6-ca563bbe3eeb@group-7C04624AABF3-FollowerState] INFO  impl.FollowerState (FollowerState.java:run(152)) - 3f2f5716-e318-4c9d-8cf6-ca563bbe3eeb@group-7C04624AABF3-FollowerState was interrupted
2022-06-21 13:54:57,561 [Listener at 127.0.0.1/42759] INFO  ozone.MiniOzoneClusterImpl (MiniOzoneClusterImpl.java:lambda$waitForClusterToBeReady$0(222)) - Nodes are ready. Got 5 of 5 DN Heartbeats.
2022-06-21 13:54:57,561 [Listener at 127.0.0.1/42759] INFO  ozone.MiniOzoneClusterImpl (MiniOzoneClusterImpl.java:lambda$waitForClusterToBeReady$0(225)) - Waiting for cluster to exit safe mode
2022-06-21 13:54:57,561 [Listener at 127.0.0.1/42759] INFO  ozone.MiniOzoneClusterImpl (MiniOzoneClusterImpl.java:lambda$waitForClusterToBeReady$0(227)) - SCM became leader
2022-06-21 13:54:57,564 [grpc-default-executor-0] INFO  server.RaftServer$Division (RaftServerImpl.java:requestVote(1184)) - 3f2f5716-e318-4c9d-8cf6-ca563bbe3eeb@group-7C04624AABF3 replies to ELECTION vote request: 6f924676-de29-4bda-9abe-50e624e9409e<-3f2f5716-e318-4c9d-8cf6-ca563bbe3eeb#0:OK-t1. Peer's state: 3f2f5716-e318-4c9d-8cf6-ca563bbe3eeb@group-7C04624AABF3:t1, leader=null, voted=6f924676-de29-4bda-9abe-50e624e9409e, raftlog=3f2f5716-e318-4c9d-8cf6-ca563bbe3eeb@group-7C04624AABF3-SegmentedRaftLog:OPENED:c-1, conf=-1: [3f2f5716-e318-4c9d-8cf6-ca563bbe3eeb|rpc:10.1.0.15:41473|dataStream:|priority:0, 6f924676-de29-4bda-9abe-50e624e9409e|rpc:10.1.0.15:35717|dataStream:|priority:0, c45c8671-7070-4be0-aa13-1f2d6b7a9218|rpc:10.1.0.15:39709|dataStream:|priority:1], old=null
2022-06-21 13:54:57,569 [c45c8671-7070-4be0-aa13-1f2d6b7a9218@group-7C04624AABF3-FollowerState] INFO  impl.FollowerState (FollowerState.java:run(143)) - c45c8671-7070-4be0-aa13-1f2d6b7a9218@group-7C04624AABF3-FollowerState: change to CANDIDATE, lastRpcElapsedTime:5085935423ns, electionTimeout:5078ms
2022-06-21 13:54:57,592 [c45c8671-7070-4be0-aa13-1f2d6b7a9218@group-7C04624AABF3-FollowerState] INFO  impl.RoleInfo (RoleInfo.java:shutdownFollowerState(110)) - c45c8671-7070-4be0-aa13-1f2d6b7a9218: shutdown c45c8671-7070-4be0-aa13-1f2d6b7a9218@group-7C04624AABF3-FollowerState
2022-06-21 13:54:57,592 [c45c8671-7070-4be0-aa13-1f2d6b7a9218@group-7C04624AABF3-FollowerState] INFO  server.RaftServer$Division (RaftServerImpl.java:setRole(299)) - c45c8671-7070-4be0-aa13-1f2d6b7a9218@group-7C04624AABF3: changes role from  FOLLOWER to CANDIDATE at term 0 for changeToCandidate
2022-06-21 13:54:57,592 [c45c8671-7070-4be0-aa13-1f2d6b7a9218@group-7C04624AABF3-FollowerState] INFO  server.RaftServerConfigKeys (ConfUtils.java:logGet(46)) - raft.server.leaderelection.pre-vote = false (custom)
2022-06-21 13:54:57,592 [c45c8671-7070-4be0-aa13-1f2d6b7a9218@group-7C04624AABF3-FollowerState] INFO  impl.RoleInfo (RoleInfo.java:updateAndGet(139)) - c45c8671-7070-4be0-aa13-1f2d6b7a9218: start c45c8671-7070-4be0-aa13-1f2d6b7a9218@group-7C04624AABF3-LeaderElection30
2022-06-21 13:54:57,632 [c45c8671-7070-4be0-aa13-1f2d6b7a9218@group-7C04624AABF3-LeaderElection30] INFO  impl.LeaderElection (LeaderElection.java:askForVotes(310)) - c45c8671-7070-4be0-aa13-1f2d6b7a9218@group-7C04624AABF3-LeaderElection30 ELECTION round 0: submit vote requests at term 1 for -1: [3f2f5716-e318-4c9d-8cf6-ca563bbe3eeb|rpc:10.1.0.15:41473|dataStream:|priority:0, 6f924676-de29-4bda-9abe-50e624e9409e|rpc:10.1.0.15:35717|dataStream:|priority:0, c45c8671-7070-4be0-aa13-1f2d6b7a9218|rpc:10.1.0.15:39709|dataStream:|priority:1], old=null
2022-06-21 13:54:57,667 [grpc-default-executor-0] INFO  server.RaftServer$Division (RaftServerImpl.java:requestVote(1152)) - c45c8671-7070-4be0-aa13-1f2d6b7a9218@group-7C04624AABF3: receive requestVote(ELECTION, 6f924676-de29-4bda-9abe-50e624e9409e, group-7C04624AABF3, 1, (t:0, i:0))
2022-06-21 13:54:57,667 [grpc-default-executor-0] INFO  impl.VoteContext (VoteContext.java:log(48)) - c45c8671-7070-4be0-aa13-1f2d6b7a9218@group-7C04624AABF3-CANDIDATE: reject ELECTION from 6f924676-de29-4bda-9abe-50e624e9409e: already has voted for c45c8671-7070-4be0-aa13-1f2d6b7a9218 at current term 1
2022-06-21 13:54:57,667 [grpc-default-executor-0] INFO  server.RaftServer$Division (RaftServerImpl.java:requestVote(1184)) - c45c8671-7070-4be0-aa13-1f2d6b7a9218@group-7C04624AABF3 replies to ELECTION vote request: 6f924676-de29-4bda-9abe-50e624e9409e<-c45c8671-7070-4be0-aa13-1f2d6b7a9218#0:FAIL-t1. Peer's state: c45c8671-7070-4be0-aa13-1f2d6b7a9218@group-7C04624AABF3:t1, leader=null, voted=c45c8671-7070-4be0-aa13-1f2d6b7a9218, raftlog=c45c8671-7070-4be0-aa13-1f2d6b7a9218@group-7C04624AABF3-SegmentedRaftLog:OPENED:c-1, conf=-1: [3f2f5716-e318-4c9d-8cf6-ca563bbe3eeb|rpc:10.1.0.15:41473|dataStream:|priority:0, 6f924676-de29-4bda-9abe-50e624e9409e|rpc:10.1.0.15:35717|dataStream:|priority:0, c45c8671-7070-4be0-aa13-1f2d6b7a9218|rpc:10.1.0.15:39709|dataStream:|priority:1], old=null
2022-06-21 13:54:57,673 [6f924676-de29-4bda-9abe-50e624e9409e@group-7C04624AABF3-LeaderElection29] INFO  impl.LeaderElection (LeaderElection.java:logAndReturn(90)) - 6f924676-de29-4bda-9abe-50e624e9409e@group-7C04624AABF3-LeaderElection29: ELECTION REJECTED received 2 response(s) and 0 exception(s):
2022-06-21 13:54:57,674 [6f924676-de29-4bda-9abe-50e624e9409e@group-7C04624AABF3-LeaderElection29] INFO  impl.LeaderElection (LeaderElection.java:logAndReturn(94)) -   Response 0: 6f924676-de29-4bda-9abe-50e624e9409e<-3f2f5716-e318-4c9d-8cf6-ca563bbe3eeb#0:OK-t1
2022-06-21 13:54:57,674 [6f924676-de29-4bda-9abe-50e624e9409e@group-7C04624AABF3-LeaderElection29] INFO  impl.LeaderElection (LeaderElection.java:logAndReturn(94)) -   Response 1: 6f924676-de29-4bda-9abe-50e624e9409e<-c45c8671-7070-4be0-aa13-1f2d6b7a9218#0:FAIL-t1
2022-06-21 13:54:57,674 [6f924676-de29-4bda-9abe-50e624e9409e@group-7C04624AABF3-LeaderElection29] INFO  impl.LeaderElection (LeaderElection.java:askForVotes(312)) - 6f924676-de29-4bda-9abe-50e624e9409e@group-7C04624AABF3-LeaderElection29 ELECTION round 0: result REJECTED
2022-06-21 13:54:57,674 [6f924676-de29-4bda-9abe-50e624e9409e@group-7C04624AABF3-LeaderElection29] INFO  server.RaftServer$Division (RaftServerImpl.java:setRole(299)) - 6f924676-de29-4bda-9abe-50e624e9409e@group-7C04624AABF3: changes role from CANDIDATE to FOLLOWER at term 1 for REJECTED
2022-06-21 13:54:57,674 [6f924676-de29-4bda-9abe-50e624e9409e@group-7C04624AABF3-LeaderElection29] INFO  impl.RoleInfo (RoleInfo.java:shutdownLeaderElection(130)) - 6f924676-de29-4bda-9abe-50e624e9409e: shutdown 6f924676-de29-4bda-9abe-50e624e9409e@group-7C04624AABF3-LeaderElection29
2022-06-21 13:54:57,674 [6f924676-de29-4bda-9abe-50e624e9409e@group-7C04624AABF3-LeaderElection29] INFO  impl.RoleInfo (RoleInfo.java:updateAndGet(139)) - 6f924676-de29-4bda-9abe-50e624e9409e: start 6f924676-de29-4bda-9abe-50e624e9409e@group-7C04624AABF3-FollowerState
2022-06-21 13:54:57,711 [grpc-default-executor-0] INFO  server.RaftServer$Division (RaftServerImpl.java:requestVote(1152)) - 3f2f5716-e318-4c9d-8cf6-ca563bbe3eeb@group-7C04624AABF3: receive requestVote(ELECTION, c45c8671-7070-4be0-aa13-1f2d6b7a9218, group-7C04624AABF3, 1, (t:0, i:0))
2022-06-21 13:54:57,712 [grpc-default-executor-0] INFO  impl.VoteContext (VoteContext.java:log(48)) - 3f2f5716-e318-4c9d-8cf6-ca563bbe3eeb@group-7C04624AABF3-FOLLOWER: reject ELECTION from c45c8671-7070-4be0-aa13-1f2d6b7a9218: already has voted for 6f924676-de29-4bda-9abe-50e624e9409e at current term 1
2022-06-21 13:54:57,712 [grpc-default-executor-0] INFO  server.RaftServer$Division (RaftServerImpl.java:requestVote(1184)) - 3f2f5716-e318-4c9d-8cf6-ca563bbe3eeb@group-7C04624AABF3 replies to ELECTION vote request: c45c8671-7070-4be0-aa13-1f2d6b7a9218<-3f2f5716-e318-4c9d-8cf6-ca563bbe3eeb#0:FAIL-t1. Peer's state: 3f2f5716-e318-4c9d-8cf6-ca563bbe3eeb@group-7C04624AABF3:t1, leader=null, voted=6f924676-de29-4bda-9abe-50e624e9409e, raftlog=3f2f5716-e318-4c9d-8cf6-ca563bbe3eeb@group-7C04624AABF3-SegmentedRaftLog:OPENED:c-1, conf=-1: [3f2f5716-e318-4c9d-8cf6-ca563bbe3eeb|rpc:10.1.0.15:41473|dataStream:|priority:0, 6f924676-de29-4bda-9abe-50e624e9409e|rpc:10.1.0.15:35717|dataStream:|priority:0, c45c8671-7070-4be0-aa13-1f2d6b7a9218|rpc:10.1.0.15:39709|dataStream:|priority:1], old=null
2022-06-21 13:54:57,740 [grpc-default-executor-0] INFO  server.RaftServer$Division (RaftServerImpl.java:requestVote(1152)) - 6f924676-de29-4bda-9abe-50e624e9409e@group-7C04624AABF3: receive requestVote(ELECTION, c45c8671-7070-4be0-aa13-1f2d6b7a9218, group-7C04624AABF3, 1, (t:0, i:0))
2022-06-21 13:54:57,740 [grpc-default-executor-0] INFO  impl.VoteContext (VoteContext.java:log(48)) - 6f924676-de29-4bda-9abe-50e624e9409e@group-7C04624AABF3-FOLLOWER: reject ELECTION from c45c8671-7070-4be0-aa13-1f2d6b7a9218: already has voted for 6f924676-de29-4bda-9abe-50e624e9409e at current term 1
2022-06-21 13:54:57,740 [grpc-default-executor-0] INFO  server.RaftServer$Division (RaftServerImpl.java:requestVote(1184)) - 6f924676-de29-4bda-9abe-50e624e9409e@group-7C04624AABF3 replies to ELECTION vote request: c45c8671-7070-4be0-aa13-1f2d6b7a9218<-6f924676-de29-4bda-9abe-50e624e9409e#0:FAIL-t1. Peer's state: 6f924676-de29-4bda-9abe-50e624e9409e@group-7C04624AABF3:t1, leader=null, voted=6f924676-de29-4bda-9abe-50e624e9409e, raftlog=6f924676-de29-4bda-9abe-50e624e9409e@group-7C04624AABF3-SegmentedRaftLog:OPENED:c-1, conf=-1: [3f2f5716-e318-4c9d-8cf6-ca563bbe3eeb|rpc:10.1.0.15:41473|priority:0, 6f924676-de29-4bda-9abe-50e624e9409e|rpc:10.1.0.15:35717|priority:0, c45c8671-7070-4be0-aa13-1f2d6b7a9218|rpc:10.1.0.15:39709|priority:1], old=null
2022-06-21 13:54:57,753 [c45c8671-7070-4be0-aa13-1f2d6b7a9218@group-7C04624AABF3-LeaderElection30] INFO  impl.LeaderElection (LeaderElection.java:logAndReturn(90)) - c45c8671-7070-4be0-aa13-1f2d6b7a9218@group-7C04624AABF3-LeaderElection30: ELECTION REJECTED received 2 response(s) and 0 exception(s):
2022-06-21 13:54:57,753 [c45c8671-7070-4be0-aa13-1f2d6b7a9218@group-7C04624AABF3-LeaderElection30] INFO  impl.LeaderElection (LeaderElection.java:logAndReturn(94)) -   Response 0: c45c8671-7070-4be0-aa13-1f2d6b7a9218<-3f2f5716-e318-4c9d-8cf6-ca563bbe3eeb#0:FAIL-t1
2022-06-21 13:54:57,753 [c45c8671-7070-4be0-aa13-1f2d6b7a9218@group-7C04624AABF3-LeaderElection30] INFO  impl.LeaderElection (LeaderElection.java:logAndReturn(94)) -   Response 1: c45c8671-7070-4be0-aa13-1f2d6b7a9218<-6f924676-de29-4bda-9abe-50e624e9409e#0:FAIL-t1
2022-06-21 13:54:57,753 [c45c8671-7070-4be0-aa13-1f2d6b7a9218@group-7C04624AABF3-LeaderElection30] INFO  impl.LeaderElection (LeaderElection.java:askForVotes(312)) - c45c8671-7070-4be0-aa13-1f2d6b7a9218@group-7C04624AABF3-LeaderElection30 ELECTION round 0: result REJECTED
2022-06-21 13:54:57,754 [c45c8671-7070-4be0-aa13-1f2d6b7a9218@group-7C04624AABF3-LeaderElection30] INFO  server.RaftServer$Division (RaftServerImpl.java:setRole(299)) - c45c8671-7070-4be0-aa13-1f2d6b7a9218@group-7C04624AABF3: changes role from CANDIDATE to FOLLOWER at term 1 for REJECTED
2022-06-21 13:54:57,754 [c45c8671-7070-4be0-aa13-1f2d6b7a9218@group-7C04624AABF3-LeaderElection30] INFO  impl.RoleInfo (RoleInfo.java:shutdownLeaderElection(130)) - c45c8671-7070-4be0-aa13-1f2d6b7a9218: shutdown c45c8671-7070-4be0-aa13-1f2d6b7a9218@group-7C04624AABF3-LeaderElection30
2022-06-21 13:54:57,754 [c45c8671-7070-4be0-aa13-1f2d6b7a9218@group-7C04624AABF3-LeaderElection30] INFO  impl.RoleInfo (RoleInfo.java:updateAndGet(139)) - c45c8671-7070-4be0-aa13-1f2d6b7a9218: start c45c8671-7070-4be0-aa13-1f2d6b7a9218@group-7C04624AABF3-FollowerState
2022-06-21 13:54:57,914 [6f924676-de29-4bda-9abe-50e624e9409e@group-86627BF40FCD-FollowerState] INFO  impl.FollowerState (FollowerState.java:run(143)) - 6f924676-de29-4bda-9abe-50e624e9409e@group-86627BF40FCD-FollowerState: change to CANDIDATE, lastRpcElapsedTime:5220057697ns, electionTimeout:5168ms
2022-06-21 13:54:57,916 [6f924676-de29-4bda-9abe-50e624e9409e@group-86627BF40FCD-FollowerState] INFO  impl.RoleInfo (RoleInfo.java:shutdownFollowerState(110)) - 6f924676-de29-4bda-9abe-50e624e9409e: shutdown 6f924676-de29-4bda-9abe-50e624e9409e@group-86627BF40FCD-FollowerState
2022-06-21 13:54:57,916 [6f924676-de29-4bda-9abe-50e624e9409e@group-86627BF40FCD-FollowerState] INFO  server.RaftServer$Division (RaftServerImpl.java:setRole(299)) - 6f924676-de29-4bda-9abe-50e624e9409e@group-86627BF40FCD: changes role from  FOLLOWER to CANDIDATE at term 0 for changeToCandidate
2022-06-21 13:54:57,916 [6f924676-de29-4bda-9abe-50e624e9409e@group-86627BF40FCD-FollowerState] INFO  server.RaftServerConfigKeys (ConfUtils.java:logGet(46)) - raft.server.leaderelection.pre-vote = false (custom)
2022-06-21 13:54:57,916 [6f924676-de29-4bda-9abe-50e624e9409e@group-86627BF40FCD-FollowerState] INFO  impl.RoleInfo (RoleInfo.java:updateAndGet(139)) - 6f924676-de29-4bda-9abe-50e624e9409e: start 6f924676-de29-4bda-9abe-50e624e9409e@group-86627BF40FCD-LeaderElection31
2022-06-21 13:54:57,947 [6f924676-de29-4bda-9abe-50e624e9409e@group-86627BF40FCD-LeaderElection31] INFO  impl.LeaderElection (LeaderElection.java:askForVotes(310)) - 6f924676-de29-4bda-9abe-50e624e9409e@group-86627BF40FCD-LeaderElection31 ELECTION round 0: submit vote requests at term 1 for -1: [3f2f5716-e318-4c9d-8cf6-ca563bbe3eeb|rpc:10.1.0.15:41473|priority:0, 6f924676-de29-4bda-9abe-50e624e9409e|rpc:10.1.0.15:35717|priority:1, c45c8671-7070-4be0-aa13-1f2d6b7a9218|rpc:10.1.0.15:39709|priority:0], old=null
2022-06-21 13:54:57,990 [grpc-default-executor-0] INFO  server.RaftServer$Division (RaftServerImpl.java:requestVote(1152)) - 3f2f5716-e318-4c9d-8cf6-ca563bbe3eeb@group-86627BF40FCD: receive requestVote(ELECTION, 6f924676-de29-4bda-9abe-50e624e9409e, group-86627BF40FCD, 1, (t:0, i:0))
2022-06-21 13:54:57,990 [grpc-default-executor-0] INFO  impl.VoteContext (VoteContext.java:log(48)) - 3f2f5716-e318-4c9d-8cf6-ca563bbe3eeb@group-86627BF40FCD-FOLLOWER: accept ELECTION from 6f924676-de29-4bda-9abe-50e624e9409e: our priority 0 <= candidate's priority 1
2022-06-21 13:54:57,990 [grpc-default-executor-0] INFO  server.RaftServer$Division (RaftServerImpl.java:setRole(299)) - 3f2f5716-e318-4c9d-8cf6-ca563bbe3eeb@group-86627BF40FCD: changes role from  FOLLOWER to FOLLOWER at term 1 for candidate:6f924676-de29-4bda-9abe-50e624e9409e
2022-06-21 13:54:57,990 [grpc-default-executor-0] INFO  impl.RoleInfo (RoleInfo.java:shutdownFollowerState(110)) - 3f2f5716-e318-4c9d-8cf6-ca563bbe3eeb: shutdown 3f2f5716-e318-4c9d-8cf6-ca563bbe3eeb@group-86627BF40FCD-FollowerState
2022-06-21 13:54:57,990 [grpc-default-executor-0] INFO  impl.RoleInfo (RoleInfo.java:updateAndGet(139)) - 3f2f5716-e318-4c9d-8cf6-ca563bbe3eeb: start 3f2f5716-e318-4c9d-8cf6-ca563bbe3eeb@group-86627BF40FCD-FollowerState
2022-06-21 13:54:57,990 [3f2f5716-e318-4c9d-8cf6-ca563bbe3eeb@group-86627BF40FCD-FollowerState] INFO  impl.FollowerState (FollowerState.java:run(152)) - 3f2f5716-e318-4c9d-8cf6-ca563bbe3eeb@group-86627BF40FCD-FollowerState was interrupted
2022-06-21 13:54:58,003 [grpc-default-executor-0] INFO  server.RaftServer$Division (RaftServerImpl.java:requestVote(1184)) - 3f2f5716-e318-4c9d-8cf6-ca563bbe3eeb@group-86627BF40FCD replies to ELECTION vote request: 6f924676-de29-4bda-9abe-50e624e9409e<-3f2f5716-e318-4c9d-8cf6-ca563bbe3eeb#0:OK-t1. Peer's state: 3f2f5716-e318-4c9d-8cf6-ca563bbe3eeb@group-86627BF40FCD:t1, leader=null, voted=6f924676-de29-4bda-9abe-50e624e9409e, raftlog=3f2f5716-e318-4c9d-8cf6-ca563bbe3eeb@group-86627BF40FCD-SegmentedRaftLog:OPENED:c-1, conf=-1: [3f2f5716-e318-4c9d-8cf6-ca563bbe3eeb|rpc:10.1.0.15:41473|dataStream:|priority:0, 6f924676-de29-4bda-9abe-50e624e9409e|rpc:10.1.0.15:35717|dataStream:|priority:1, c45c8671-7070-4be0-aa13-1f2d6b7a9218|rpc:10.1.0.15:39709|dataStream:|priority:0], old=null
2022-06-21 13:54:58,004 [6f924676-de29-4bda-9abe-50e624e9409e@group-86627BF40FCD-LeaderElection31] INFO  impl.LeaderElection (LeaderElection.java:logAndReturn(90)) - 6f924676-de29-4bda-9abe-50e624e9409e@group-86627BF40FCD-LeaderElection31: ELECTION PASSED received 1 response(s) and 0 exception(s):
2022-06-21 13:54:58,004 [6f924676-de29-4bda-9abe-50e624e9409e@group-86627BF40FCD-LeaderElection31] INFO  impl.LeaderElection (LeaderElection.java:logAndReturn(94)) -   Response 0: 6f924676-de29-4bda-9abe-50e624e9409e<-3f2f5716-e318-4c9d-8cf6-ca563bbe3eeb#0:OK-t1
2022-06-21 13:54:58,004 [6f924676-de29-4bda-9abe-50e624e9409e@group-86627BF40FCD-LeaderElection31] INFO  impl.LeaderElection (LeaderElection.java:askForVotes(312)) - 6f924676-de29-4bda-9abe-50e624e9409e@group-86627BF40FCD-LeaderElection31 ELECTION round 0: result PASSED
2022-06-21 13:54:58,005 [6f924676-de29-4bda-9abe-50e624e9409e@group-86627BF40FCD-LeaderElection31] INFO  impl.RoleInfo (RoleInfo.java:shutdownLeaderElection(130)) - 6f924676-de29-4bda-9abe-50e624e9409e: shutdown 6f924676-de29-4bda-9abe-50e624e9409e@group-86627BF40FCD-LeaderElection31
2022-06-21 13:54:58,005 [6f924676-de29-4bda-9abe-50e624e9409e@group-86627BF40FCD-LeaderElection31] INFO  server.RaftServer$Division (RaftServerImpl.java:setRole(299)) - 6f924676-de29-4bda-9abe-50e624e9409e@group-86627BF40FCD: changes role from CANDIDATE to LEADER at term 1 for changeToLeader
2022-06-21 13:54:58,005 [6f924676-de29-4bda-9abe-50e624e9409e@group-86627BF40FCD-LeaderElection31] INFO  ratis.XceiverServerRatis (XceiverServerRatis.java:handleLeaderChangedNotification(863)) - Leader change notification received for group: group-86627BF40FCD with new leaderId: 6f924676-de29-4bda-9abe-50e624e9409e
2022-06-21 13:54:58,005 [6f924676-de29-4bda-9abe-50e624e9409e@group-86627BF40FCD-LeaderElection31] INFO  server.RaftServer$Division (ServerState.java:setLeader(287)) - 6f924676-de29-4bda-9abe-50e624e9409e@group-86627BF40FCD: change Leader from null to 6f924676-de29-4bda-9abe-50e624e9409e at term 1 for becomeLeader, leader elected after 5320ms
2022-06-21 13:54:58,005 [6f924676-de29-4bda-9abe-50e624e9409e@group-86627BF40FCD-LeaderElection31] INFO  server.RaftServerConfigKeys (ConfUtils.java:logGet(46)) - raft.server.staging.catchup.gap = 1000 (default)
2022-06-21 13:54:58,005 [6f924676-de29-4bda-9abe-50e624e9409e@group-86627BF40FCD-LeaderElection31] INFO  server.RaftServerConfigKeys (ConfUtils.java:logGet(46)) - raft.server.write.element-limit = 1024 (custom)
2022-06-21 13:54:58,005 [6f924676-de29-4bda-9abe-50e624e9409e@group-86627BF40FCD-LeaderElection31] INFO  server.RaftServerConfigKeys (ConfUtils.java:logGet(46)) - raft.server.write.byte-limit = 1024 M (=1073741824) (custom)
2022-06-21 13:54:58,005 [6f924676-de29-4bda-9abe-50e624e9409e@group-86627BF40FCD-LeaderElection31] INFO  server.RaftServerConfigKeys (ConfUtils.java:logGet(46)) - raft.server.watch.timeout = 180s (custom)
2022-06-21 13:54:58,005 [6f924676-de29-4bda-9abe-50e624e9409e@group-86627BF40FCD-LeaderElection31] INFO  server.RaftServerConfigKeys (ConfUtils.java:logGet(46)) - raft.server.watch.timeout.denomination = 1s (default)
2022-06-21 13:54:58,006 [6f924676-de29-4bda-9abe-50e624e9409e@group-86627BF40FCD-LeaderElection31] INFO  server.RaftServerConfigKeys (ConfUtils.java:logGet(46)) - raft.server.watch.element-limit = 65536 (default)
2022-06-21 13:54:58,006 [6f924676-de29-4bda-9abe-50e624e9409e@group-86627BF40FCD-LeaderElection31] INFO  server.RaftServerConfigKeys (ConfUtils.java:logGet(46)) - raft.server.write.element-limit = 1024 (custom)
2022-06-21 13:54:58,006 [6f924676-de29-4bda-9abe-50e624e9409e@group-86627BF40FCD-LeaderElection31] INFO  server.RaftServerConfigKeys (ConfUtils.java:logGet(46)) - raft.server.write.follower.gap.ratio.max = -1.0 (default)
2022-06-21 13:54:58,006 [6f924676-de29-4bda-9abe-50e624e9409e@group-86627BF40FCD-LeaderElection31] INFO  server.RaftServerConfigKeys (ConfUtils.java:logGet(46)) - raft.server.log.appender.snapshot.chunk.size.max = 16MB (=16777216) (default)
2022-06-21 13:54:58,007 [6f924676-de29-4bda-9abe-50e624e9409e@group-86627BF40FCD-LeaderElection31] INFO  server.RaftServerConfigKeys (ConfUtils.java:logGet(46)) - raft.server.log.appender.buffer.byte-limit = 33554432 (custom)
2022-06-21 13:54:58,007 [6f924676-de29-4bda-9abe-50e624e9409e@group-86627BF40FCD-LeaderElection31] INFO  server.RaftServerConfigKeys (ConfUtils.java:logGet(46)) - raft.server.log.appender.buffer.element-limit = 1 (custom)
2022-06-21 13:54:58,007 [6f924676-de29-4bda-9abe-50e624e9409e@group-86627BF40FCD-LeaderElection31] INFO  grpc.GrpcConfigKeys (ConfUtils.java:logGet(46)) - raft.grpc.server.leader.outstanding.appends.max = 128 (default)
2022-06-21 13:54:58,007 [6f924676-de29-4bda-9abe-50e624e9409e@group-86627BF40FCD-LeaderElection31] INFO  server.RaftServerConfigKeys (ConfUtils.java:logGet(46)) - raft.server.rpc.request.timeout = 60s (custom)
2022-06-21 13:54:58,007 [6f924676-de29-4bda-9abe-50e624e9409e@group-86627BF40FCD-LeaderElection31] INFO  server.RaftServerConfigKeys (ConfUtils.java:logGet(46)) - raft.server.log.appender.install.snapshot.enabled = false (custom)
2022-06-21 13:54:58,008 [6f924676-de29-4bda-9abe-50e624e9409e@group-86627BF40FCD-LeaderElection31] INFO  server.RaftServerConfigKeys (ConfUtils.java:logGet(46)) - raft.server.log.appender.snapshot.chunk.size.max = 16MB (=16777216) (default)
2022-06-21 13:54:58,008 [6f924676-de29-4bda-9abe-50e624e9409e@group-86627BF40FCD-LeaderElection31] INFO  server.RaftServerConfigKeys (ConfUtils.java:logGet(46)) - raft.server.log.appender.buffer.byte-limit = 33554432 (custom)
2022-06-21 13:54:58,008 [6f924676-de29-4bda-9abe-50e624e9409e@group-86627BF40FCD-LeaderElection31] INFO  server.RaftServerConfigKeys (ConfUtils.java:logGet(46)) - raft.server.log.appender.buffer.element-limit = 1 (custom)
2022-06-21 13:54:58,008 [6f924676-de29-4bda-9abe-50e624e9409e@group-86627BF40FCD-LeaderElection31] INFO  grpc.GrpcConfigKeys (ConfUtils.java:logGet(46)) - raft.grpc.server.leader.outstanding.appends.max = 128 (default)
2022-06-21 13:54:58,008 [6f924676-de29-4bda-9abe-50e624e9409e@group-86627BF40FCD-LeaderElection31] INFO  server.RaftServerConfigKeys (ConfUtils.java:logGet(46)) - raft.server.rpc.request.timeout = 60s (custom)
2022-06-21 13:54:58,008 [6f924676-de29-4bda-9abe-50e624e9409e@group-86627BF40FCD-LeaderElection31] INFO  server.RaftServerConfigKeys (ConfUtils.java:logGet(46)) - raft.server.log.appender.install.snapshot.enabled = false (custom)
2022-06-21 13:54:58,008 [6f924676-de29-4bda-9abe-50e624e9409e@group-86627BF40FCD-LeaderElection31] INFO  impl.RoleInfo (RoleInfo.java:updateAndGet(139)) - 6f924676-de29-4bda-9abe-50e624e9409e: start 6f924676-de29-4bda-9abe-50e624e9409e@group-86627BF40FCD-LeaderStateImpl
2022-06-21 13:54:58,009 [6f924676-de29-4bda-9abe-50e624e9409e@group-86627BF40FCD-LeaderElection31] INFO  segmented.SegmentedRaftLogWorker (SegmentedRaftLogWorker.java:startLogSegment(425)) - 6f924676-de29-4bda-9abe-50e624e9409e@group-86627BF40FCD-SegmentedRaftLogWorker: Starting segment from index:0
2022-06-21 13:54:58,015 [grpc-default-executor-1] INFO  server.RaftServer$Division (RaftServerImpl.java:requestVote(1152)) - c45c8671-7070-4be0-aa13-1f2d6b7a9218@group-86627BF40FCD: receive requestVote(ELECTION, 6f924676-de29-4bda-9abe-50e624e9409e, group-86627BF40FCD, 1, (t:0, i:0))
2022-06-21 13:54:58,017 [grpc-default-executor-1] INFO  impl.VoteContext (VoteContext.java:log(48)) - c45c8671-7070-4be0-aa13-1f2d6b7a9218@group-86627BF40FCD-FOLLOWER: accept ELECTION from 6f924676-de29-4bda-9abe-50e624e9409e: our priority 0 <= candidate's priority 1
2022-06-21 13:54:58,017 [grpc-default-executor-1] INFO  server.RaftServer$Division (RaftServerImpl.java:setRole(299)) - c45c8671-7070-4be0-aa13-1f2d6b7a9218@group-86627BF40FCD: changes role from  FOLLOWER to FOLLOWER at term 1 for candidate:6f924676-de29-4bda-9abe-50e624e9409e
2022-06-21 13:54:58,017 [grpc-default-executor-1] INFO  impl.RoleInfo (RoleInfo.java:shutdownFollowerState(110)) - c45c8671-7070-4be0-aa13-1f2d6b7a9218: shutdown c45c8671-7070-4be0-aa13-1f2d6b7a9218@group-86627BF40FCD-FollowerState
2022-06-21 13:54:58,017 [grpc-default-executor-1] INFO  impl.RoleInfo (RoleInfo.java:updateAndGet(139)) - c45c8671-7070-4be0-aa13-1f2d6b7a9218: start c45c8671-7070-4be0-aa13-1f2d6b7a9218@group-86627BF40FCD-FollowerState
2022-06-21 13:54:58,017 [c45c8671-7070-4be0-aa13-1f2d6b7a9218@group-86627BF40FCD-FollowerState] INFO  impl.FollowerState (FollowerState.java:run(152)) - c45c8671-7070-4be0-aa13-1f2d6b7a9218@group-86627BF40FCD-FollowerState was interrupted
2022-06-21 13:54:58,051 [EventQueue-PipelineReportForPipelineReportHandler] INFO  pipeline.PipelineManagerImpl (PipelineManagerImpl.java:openPipeline(356)) - Pipeline Pipeline[ Id: a3ee74f2-a989-4ae7-ba8a-86627bf40fcd, Nodes: 3f2f5716-e318-4c9d-8cf6-ca563bbe3eeb{ip: 10.1.0.15, host: fv-az194-567.vahfjs35atkulmpwh5ujf4txfe.jx.internal.cloudapp.net, ports: [REPLICATION=36603, RATIS=41473, RATIS_ADMIN=41473, RATIS_SERVER=41473, STANDALONE=33845], networkLocation: /default-rack, certSerialId: null, persistedOpState: IN_SERVICE, persistedOpStateExpiryEpochSec: 0}6f924676-de29-4bda-9abe-50e624e9409e{ip: 10.1.0.15, host: fv-az194-567.vahfjs35atkulmpwh5ujf4txfe.jx.internal.cloudapp.net, ports: [REPLICATION=39601, RATIS=35717, RATIS_ADMIN=35717, RATIS_SERVER=35717, STANDALONE=35283], networkLocation: /default-rack, certSerialId: null, persistedOpState: IN_SERVICE, persistedOpStateExpiryEpochSec: 0}c45c8671-7070-4be0-aa13-1f2d6b7a9218{ip: 10.1.0.15, host: fv-az194-567.vahfjs35atkulmpwh5ujf4txfe.jx.internal.cloudapp.net, ports: [REPLICATION=36691, RATIS=39709, RATIS_ADMIN=39709, RATIS_SERVER=39709, STANDALONE=35267], networkLocation: /default-rack, certSerialId: null, persistedOpState: IN_SERVICE, persistedOpStateExpiryEpochSec: 0}, ReplicationConfig: RATIS/THREE, State:ALLOCATED, leaderId:6f924676-de29-4bda-9abe-50e624e9409e, CreationTimestamp2022-06-21T13:54:50.941Z[Etc/UTC]] moved to OPEN state
2022-06-21 13:54:58,024 [6f924676-de29-4bda-9abe-50e624e9409e@group-86627BF40FCD-SegmentedRaftLogWorker] INFO  segmented.SegmentedRaftLogWorker (SegmentedRaftLogWorker.java:execute(629)) - 6f924676-de29-4bda-9abe-50e624e9409e@group-86627BF40FCD-SegmentedRaftLogWorker: created new log segment /home/runner/work/ozone/ozone/hadoop-ozone/integration-test/target/test-dir/MiniOzoneClusterImpl-3f841ece-6686-4b0e-b99d-a05159fb56b1/datanode-0/data/ratis/a3ee74f2-a989-4ae7-ba8a-86627bf40fcd/current/log_inprogress_0
2022-06-21 13:54:58,022 [grpc-default-executor-1] INFO  server.RaftServer$Division (RaftServerImpl.java:requestVote(1184)) - c45c8671-7070-4be0-aa13-1f2d6b7a9218@group-86627BF40FCD replies to ELECTION vote request: 6f924676-de29-4bda-9abe-50e624e9409e<-c45c8671-7070-4be0-aa13-1f2d6b7a9218#0:OK-t1. Peer's state: c45c8671-7070-4be0-aa13-1f2d6b7a9218@group-86627BF40FCD:t1, leader=null, voted=6f924676-de29-4bda-9abe-50e624e9409e, raftlog=c45c8671-7070-4be0-aa13-1f2d6b7a9218@group-86627BF40FCD-SegmentedRaftLog:OPENED:c-1, conf=-1: [3f2f5716-e318-4c9d-8cf6-ca563bbe3eeb|rpc:10.1.0.15:41473|dataStream:|priority:0, 6f924676-de29-4bda-9abe-50e624e9409e|rpc:10.1.0.15:35717|dataStream:|priority:1, c45c8671-7070-4be0-aa13-1f2d6b7a9218|rpc:10.1.0.15:39709|dataStream:|priority:0], old=null
2022-06-21 13:54:58,079 [6f924676-de29-4bda-9abe-50e624e9409e@group-86627BF40FCD-LeaderElection31] INFO  server.RaftServer$Division (ServerState.java:setRaftConf(393)) - 6f924676-de29-4bda-9abe-50e624e9409e@group-86627BF40FCD: set configuration 0: [3f2f5716-e318-4c9d-8cf6-ca563bbe3eeb|rpc:10.1.0.15:41473|dataStream:|priority:0, 6f924676-de29-4bda-9abe-50e624e9409e|rpc:10.1.0.15:35717|dataStream:|priority:1, c45c8671-7070-4be0-aa13-1f2d6b7a9218|rpc:10.1.0.15:39709|dataStream:|priority:0], old=null
2022-06-21 13:54:58,078 [EventQueue-OpenPipelineForHealthyPipelineSafeModeRule] INFO  safemode.SCMSafeModeManager (HealthyPipelineSafeModeRule.java:process(124)) - SCM in safe mode. Healthy pipelines reported count is 1, required healthy pipeline reported count is 1
2022-06-21 13:54:58,088 [EventQueue-OpenPipelineForHealthyPipelineSafeModeRule] INFO  safemode.SCMSafeModeManager (SCMSafeModeManager.java:validateSafeModeExitRules(204)) - HealthyPipelineSafeModeRule rule is successfully validated
2022-06-21 13:54:58,088 [EventQueue-OpenPipelineForHealthyPipelineSafeModeRule] INFO  safemode.SCMSafeModeManager (SCMSafeModeManager.java:validateSafeModeExitRules(219)) - ScmSafeModeManager, all rules are successfully validated
2022-06-21 13:54:58,088 [EventQueue-OpenPipelineForHealthyPipelineSafeModeRule] INFO  safemode.SCMSafeModeManager (SCMSafeModeManager.java:exitSafeMode(248)) - SCM exiting safe mode.
2022-06-21 13:54:58,088 [EventQueue-OpenPipelineForHealthyPipelineSafeModeRule] WARN  events.EventQueue (EventQueue.java:fireEvent(194)) - No event handler registered for event TypedEvent{payloadType=SafeModeStatus, name='Safe mode status'}
2022-06-21 13:54:58,088 [EventQueue-OpenPipelineForHealthyPipelineSafeModeRule] INFO  ha.SCMContext (SCMContext.java:updateSafeModeStatus(228)) - Update SafeModeStatus from SafeModeStatus{safeModeStatus=true, preCheckPassed=true} to SafeModeStatus{safeModeStatus=false, preCheckPassed=true}.
2022-06-21 13:54:58,088 [EventQueue-OpenPipelineForHealthyPipelineSafeModeRule] INFO  pipeline.BackgroundPipelineCreator (BackgroundPipelineCreator.java:notifyStatusChanged(251)) - Service BackgroundPipelineCreator transitions to RUNNING.
2022-06-21 13:54:58,088 [EventQueue-OpenPipelineForHealthyPipelineSafeModeRule] INFO  BackgroundPipelineScrubber (BackgroundSCMService.java:notifyStatusChanged(82)) - Service BackgroundPipelineScrubber transitions to RUNNING.
2022-06-21 13:54:58,088 [EventQueue-OpenPipelineForHealthyPipelineSafeModeRule] INFO  ExpiredContainerReplicaOpScrubber (BackgroundSCMService.java:notifyStatusChanged(82)) - Service ExpiredContainerReplicaOpScrubber transitions to RUNNING.
2022-06-21 13:54:58,088 [EventQueue-OpenPipelineForHealthyPipelineSafeModeRule] INFO  replication.ReplicationManager (ReplicationManager.java:notifyStatusChanged(372)) - Service ReplicationManager transitions to RUNNING.
2022-06-21 13:54:58,088 [EventQueue-OpenPipelineForHealthyPipelineSafeModeRule] WARN  balancer.ContainerBalancer (ContainerBalancer.java:shouldRun(875)) - Could not find persisted configuration for ContainerBalancer when checking if ContainerBalancer should run. ContainerBalancer should not run now.
2022-06-21 13:54:58,114 [3f2f5716-e318-4c9d-8cf6-ca563bbe3eeb-server-thread1] INFO  ratis.XceiverServerRatis (XceiverServerRatis.java:handleLeaderChangedNotification(863)) - Leader change notification received for group: group-86627BF40FCD with new leaderId: 6f924676-de29-4bda-9abe-50e624e9409e
2022-06-21 13:54:58,115 [3f2f5716-e318-4c9d-8cf6-ca563bbe3eeb-server-thread1] INFO  server.RaftServer$Division (ServerState.java:setLeader(287)) - 3f2f5716-e318-4c9d-8cf6-ca563bbe3eeb@group-86627BF40FCD: change Leader from null to 6f924676-de29-4bda-9abe-50e624e9409e at term 1 for appendEntries, leader elected after 5254ms
2022-06-21 13:54:58,160 [c45c8671-7070-4be0-aa13-1f2d6b7a9218-server-thread1] INFO  ratis.XceiverServerRatis (XceiverServerRatis.java:handleLeaderChangedNotification(863)) - Leader change notification received for group: group-86627BF40FCD with new leaderId: 6f924676-de29-4bda-9abe-50e624e9409e
2022-06-21 13:54:58,160 [c45c8671-7070-4be0-aa13-1f2d6b7a9218-server-thread1] INFO  server.RaftServer$Division (ServerState.java:setLeader(287)) - c45c8671-7070-4be0-aa13-1f2d6b7a9218@group-86627BF40FCD: change Leader from null to 6f924676-de29-4bda-9abe-50e624e9409e at term 1 for appendEntries, leader elected after 5178ms
2022-06-21 13:54:58,175 [3f2f5716-e318-4c9d-8cf6-ca563bbe3eeb-server-thread1] INFO  server.RaftServer$Division (ServerState.java:setRaftConf(393)) - 3f2f5716-e318-4c9d-8cf6-ca563bbe3eeb@group-86627BF40FCD: set configuration 0: [3f2f5716-e318-4c9d-8cf6-ca563bbe3eeb|rpc:10.1.0.15:41473|dataStream:|priority:0, 6f924676-de29-4bda-9abe-50e624e9409e|rpc:10.1.0.15:35717|dataStream:|priority:1, c45c8671-7070-4be0-aa13-1f2d6b7a9218|rpc:10.1.0.15:39709|dataStream:|priority:0], old=null
2022-06-21 13:54:58,176 [3f2f5716-e318-4c9d-8cf6-ca563bbe3eeb-server-thread1] INFO  segmented.SegmentedRaftLogWorker (SegmentedRaftLogWorker.java:startLogSegment(425)) - 3f2f5716-e318-4c9d-8cf6-ca563bbe3eeb@group-86627BF40FCD-SegmentedRaftLogWorker: Starting segment from index:0
2022-06-21 13:54:58,177 [3f2f5716-e318-4c9d-8cf6-ca563bbe3eeb@group-86627BF40FCD-SegmentedRaftLogWorker] INFO  segmented.SegmentedRaftLogWorker (SegmentedRaftLogWorker.java:execute(629)) - 3f2f5716-e318-4c9d-8cf6-ca563bbe3eeb@group-86627BF40FCD-SegmentedRaftLogWorker: created new log segment /home/runner/work/ozone/ozone/hadoop-ozone/integration-test/target/test-dir/MiniOzoneClusterImpl-3f841ece-6686-4b0e-b99d-a05159fb56b1/datanode-2/data/ratis/a3ee74f2-a989-4ae7-ba8a-86627bf40fcd/current/log_inprogress_0
2022-06-21 13:54:58,235 [c45c8671-7070-4be0-aa13-1f2d6b7a9218-server-thread1] INFO  server.RaftServer$Division (ServerState.java:setRaftConf(393)) - c45c8671-7070-4be0-aa13-1f2d6b7a9218@group-86627BF40FCD: set configuration 0: [3f2f5716-e318-4c9d-8cf6-ca563bbe3eeb|rpc:10.1.0.15:41473|dataStream:|priority:0, 6f924676-de29-4bda-9abe-50e624e9409e|rpc:10.1.0.15:35717|dataStream:|priority:1, c45c8671-7070-4be0-aa13-1f2d6b7a9218|rpc:10.1.0.15:39709|dataStream:|priority:0], old=null
2022-06-21 13:54:58,235 [c45c8671-7070-4be0-aa13-1f2d6b7a9218-server-thread1] INFO  segmented.SegmentedRaftLogWorker (SegmentedRaftLogWorker.java:startLogSegment(425)) - c45c8671-7070-4be0-aa13-1f2d6b7a9218@group-86627BF40FCD-SegmentedRaftLogWorker: Starting segment from index:0
2022-06-21 13:54:58,237 [c45c8671-7070-4be0-aa13-1f2d6b7a9218@group-86627BF40FCD-SegmentedRaftLogWorker] INFO  segmented.SegmentedRaftLogWorker (SegmentedRaftLogWorker.java:execute(629)) - c45c8671-7070-4be0-aa13-1f2d6b7a9218@group-86627BF40FCD-SegmentedRaftLogWorker: created new log segment /home/runner/work/ozone/ozone/hadoop-ozone/integration-test/target/test-dir/MiniOzoneClusterImpl-3f841ece-6686-4b0e-b99d-a05159fb56b1/datanode-1/data/ratis/a3ee74f2-a989-4ae7-ba8a-86627bf40fcd/current/log_inprogress_0
2022-06-21 13:54:58,238 [c45c8671-7070-4be0-aa13-1f2d6b7a9218@group-E80B0928F1A1-FollowerState] INFO  impl.FollowerState (FollowerState.java:run(143)) - c45c8671-7070-4be0-aa13-1f2d6b7a9218@group-E80B0928F1A1-FollowerState: change to CANDIDATE, lastRpcElapsedTime:5129886265ns, electionTimeout:5116ms
2022-06-21 13:54:58,239 [c45c8671-7070-4be0-aa13-1f2d6b7a9218@group-E80B0928F1A1-FollowerState] INFO  impl.RoleInfo (RoleInfo.java:shutdownFollowerState(110)) - c45c8671-7070-4be0-aa13-1f2d6b7a9218: shutdown c45c8671-7070-4be0-aa13-1f2d6b7a9218@group-E80B0928F1A1-FollowerState
2022-06-21 13:54:58,239 [c45c8671-7070-4be0-aa13-1f2d6b7a9218@group-E80B0928F1A1-FollowerState] INFO  server.RaftServer$Division (RaftServerImpl.java:setRole(299)) - c45c8671-7070-4be0-aa13-1f2d6b7a9218@group-E80B0928F1A1: changes role from  FOLLOWER to CANDIDATE at term 0 for changeToCandidate
2022-06-21 13:54:58,252 [c45c8671-7070-4be0-aa13-1f2d6b7a9218@group-E80B0928F1A1-FollowerState] INFO  server.RaftServerConfigKeys (ConfUtils.java:logGet(46)) - raft.server.leaderelection.pre-vote = false (custom)
2022-06-21 13:54:58,252 [c45c8671-7070-4be0-aa13-1f2d6b7a9218@group-E80B0928F1A1-FollowerState] INFO  impl.RoleInfo (RoleInfo.java:updateAndGet(139)) - c45c8671-7070-4be0-aa13-1f2d6b7a9218: start c45c8671-7070-4be0-aa13-1f2d6b7a9218@group-E80B0928F1A1-LeaderElection32
2022-06-21 13:54:58,261 [c45c8671-7070-4be0-aa13-1f2d6b7a9218@group-E80B0928F1A1-LeaderElection32] INFO  impl.LeaderElection (LeaderElection.java:askForVotes(310)) - c45c8671-7070-4be0-aa13-1f2d6b7a9218@group-E80B0928F1A1-LeaderElection32 ELECTION round 0: submit vote requests at term 1 for -1: [c45c8671-7070-4be0-aa13-1f2d6b7a9218|rpc:10.1.0.15:39709|priority:1], old=null
2022-06-21 13:54:58,261 [c45c8671-7070-4be0-aa13-1f2d6b7a9218@group-E80B0928F1A1-LeaderElection32] INFO  impl.LeaderElection (LeaderElection.java:askForVotes(312)) - c45c8671-7070-4be0-aa13-1f2d6b7a9218@group-E80B0928F1A1-LeaderElection32 ELECTION round 0: result PASSED (term=1)
2022-06-21 13:54:58,261 [c45c8671-7070-4be0-aa13-1f2d6b7a9218@group-E80B0928F1A1-LeaderElection32] INFO  impl.RoleInfo (RoleInfo.java:shutdownLeaderElection(130)) - c45c8671-7070-4be0-aa13-1f2d6b7a9218: shutdown c45c8671-7070-4be0-aa13-1f2d6b7a9218@group-E80B0928F1A1-LeaderElection32
2022-06-21 13:54:58,261 [c45c8671-7070-4be0-aa13-1f2d6b7a9218@group-E80B0928F1A1-LeaderElection32] INFO  server.RaftServer$Division (RaftServerImpl.java:setRole(299)) - c45c8671-7070-4be0-aa13-1f2d6b7a9218@group-E80B0928F1A1: changes role from CANDIDATE to LEADER at term 1 for changeToLeader
2022-06-21 13:54:58,261 [c45c8671-7070-4be0-aa13-1f2d6b7a9218@group-E80B0928F1A1-LeaderElection32] INFO  ratis.XceiverServerRatis (XceiverServerRatis.java:handleLeaderChangedNotification(863)) - Leader change notification received for group: group-E80B0928F1A1 with new leaderId: c45c8671-7070-4be0-aa13-1f2d6b7a9218
2022-06-21 13:54:58,269 [c45c8671-7070-4be0-aa13-1f2d6b7a9218@group-E80B0928F1A1-LeaderElection32] INFO  server.RaftServer$Division (ServerState.java:setLeader(287)) - c45c8671-7070-4be0-aa13-1f2d6b7a9218@group-E80B0928F1A1: change Leader from null to c45c8671-7070-4be0-aa13-1f2d6b7a9218 at term 1 for becomeLeader, leader elected after 5229ms
2022-06-21 13:54:58,270 [c45c8671-7070-4be0-aa13-1f2d6b7a9218@group-E80B0928F1A1-LeaderElection32] INFO  server.RaftServerConfigKeys (ConfUtils.java:logGet(46)) - raft.server.staging.catchup.gap = 1000 (default)
2022-06-21 13:54:58,270 [c45c8671-7070-4be0-aa13-1f2d6b7a9218@group-E80B0928F1A1-LeaderElection32] INFO  server.RaftServerConfigKeys (ConfUtils.java:logGet(46)) - raft.server.write.element-limit = 1024 (custom)
2022-06-21 13:54:58,270 [c45c8671-7070-4be0-aa13-1f2d6b7a9218@group-E80B0928F1A1-LeaderElection32] INFO  server.RaftServerConfigKeys (ConfUtils.java:logGet(46)) - raft.server.write.byte-limit = 1024 M (=1073741824) (custom)
2022-06-21 13:54:58,270 [c45c8671-7070-4be0-aa13-1f2d6b7a9218@group-E80B0928F1A1-LeaderElection32] INFO  server.RaftServerConfigKeys (ConfUtils.java:logGet(46)) - raft.server.watch.timeout = 180s (custom)
2022-06-21 13:54:58,270 [c45c8671-7070-4be0-aa13-1f2d6b7a9218@group-E80B0928F1A1-LeaderElection32] INFO  server.RaftServerConfigKeys (ConfUtils.java:logGet(46)) - raft.server.watch.timeout.denomination = 1s (default)
2022-06-21 13:54:58,281 [c45c8671-7070-4be0-aa13-1f2d6b7a9218@group-E80B0928F1A1-LeaderElection32] INFO  server.RaftServerConfigKeys (ConfUtils.java:logGet(46)) - raft.server.watch.element-limit = 65536 (default)
2022-06-21 13:54:58,282 [c45c8671-7070-4be0-aa13-1f2d6b7a9218@group-E80B0928F1A1-LeaderElection32] INFO  server.RaftServerConfigKeys (ConfUtils.java:logGet(46)) - raft.server.write.element-limit = 1024 (custom)
2022-06-21 13:54:58,282 [c45c8671-7070-4be0-aa13-1f2d6b7a9218@group-E80B0928F1A1-LeaderElection32] INFO  server.RaftServerConfigKeys (ConfUtils.java:logGet(46)) - raft.server.write.follower.gap.ratio.max = -1.0 (default)
2022-06-21 13:54:58,282 [c45c8671-7070-4be0-aa13-1f2d6b7a9218@group-E80B0928F1A1-LeaderElection32] INFO  impl.RoleInfo (RoleInfo.java:updateAndGet(139)) - c45c8671-7070-4be0-aa13-1f2d6b7a9218: start c45c8671-7070-4be0-aa13-1f2d6b7a9218@group-E80B0928F1A1-LeaderStateImpl
2022-06-21 13:54:58,282 [c45c8671-7070-4be0-aa13-1f2d6b7a9218@group-E80B0928F1A1-LeaderElection32] INFO  segmented.SegmentedRaftLogWorker (SegmentedRaftLogWorker.java:startLogSegment(425)) - c45c8671-7070-4be0-aa13-1f2d6b7a9218@group-E80B0928F1A1-SegmentedRaftLogWorker: Starting segment from index:0
2022-06-21 13:54:58,284 [c45c8671-7070-4be0-aa13-1f2d6b7a9218@group-E80B0928F1A1-SegmentedRaftLogWorker] INFO  segmented.SegmentedRaftLogWorker (SegmentedRaftLogWorker.java:execute(629)) - c45c8671-7070-4be0-aa13-1f2d6b7a9218@group-E80B0928F1A1-SegmentedRaftLogWorker: created new log segment /home/runner/work/ozone/ozone/hadoop-ozone/integration-test/target/test-dir/MiniOzoneClusterImpl-3f841ece-6686-4b0e-b99d-a05159fb56b1/datanode-1/data/ratis/d16477df-23da-41c9-b47d-e80b0928f1a1/current/log_inprogress_0
2022-06-21 13:54:58,309 [c45c8671-7070-4be0-aa13-1f2d6b7a9218@group-E80B0928F1A1-LeaderElection32] INFO  server.RaftServer$Division (ServerState.java:setRaftConf(393)) - c45c8671-7070-4be0-aa13-1f2d6b7a9218@group-E80B0928F1A1: set configuration 0: [c45c8671-7070-4be0-aa13-1f2d6b7a9218|rpc:10.1.0.15:39709|dataStream:|priority:1], old=null
2022-06-21 13:54:58,561 [Listener at 127.0.0.1/42759] INFO  ozone.MiniOzoneClusterImpl (MiniOzoneClusterImpl.java:lambda$waitForClusterToBeReady$0(222)) - Nodes are ready. Got 5 of 5 DN Heartbeats.
2022-06-21 13:54:58,561 [Listener at 127.0.0.1/42759] INFO  ozone.MiniOzoneClusterImpl (MiniOzoneClusterImpl.java:lambda$waitForClusterToBeReady$0(225)) - Cluster exits safe mode
2022-06-21 13:54:58,561 [Listener at 127.0.0.1/42759] INFO  ozone.MiniOzoneClusterImpl (MiniOzoneClusterImpl.java:lambda$waitForClusterToBeReady$0(227)) - SCM became leader
2022-06-21 13:54:58,756 [Listener at 127.0.0.1/42759] INFO  rpc.RpcClient (RpcClient.java:createVolume(466)) - Creating Volume: volume68340, with user83895 as owner and space quota set to -1 bytes, counts quota set to -1
2022-06-21 13:54:58,802 [OM StateMachine ApplyTransaction Thread - 0] INFO  volume.OMVolumeCreateRequest (OMVolumeCreateRequest.java:validateAndUpdateCache(195)) - created volume:volume68340 for user:user83895
2022-06-21 13:54:58,817 [Listener at 127.0.0.1/42759] INFO  rpc.RpcClient (RpcClient.java:createBucket(666)) - Creating Bucket: volume68340/bucket67715, with the Bucket Layout LEGACY, runner as owner, Versioning false, Storage Type set to DISK and Encryption set to false 
2022-06-21 13:54:58,831 [OM StateMachine ApplyTransaction Thread - 0] INFO  bucket.OMBucketCreateRequest (OMBucketCreateRequest.java:validateAndUpdateCache(260)) - created bucket: bucket67715 of layout LEGACY in volume: volume68340
]]></system-out>
  </testcase>
  <testcase name="testGetTrashRoot" classname="TestOzoneFileSystem" time="51.007">
    <system-out><![CDATA[2022-06-21 13:55:25,204 [Listener at 127.0.0.1/42759] INFO  ozone.MiniOzoneClusterImpl (MiniOzoneClusterImpl.java:shutdown(457)) - Shutting down the Mini Ozone Cluster
2022-06-21 13:55:25,204 [Listener at 127.0.0.1/42759] INFO  ozone.MiniOzoneClusterImpl (MiniOzoneClusterImpl.java:stop(472)) - Stopping the Mini Ozone Cluster
2022-06-21 13:55:25,204 [Listener at 127.0.0.1/42759] INFO  ozone.MiniOzoneClusterImpl (MiniOzoneClusterImpl.java:stopOM(554)) - Stopping the OzoneManager
2022-06-21 13:55:25,204 [Listener at 127.0.0.1/42759] INFO  om.OzoneManager (OzoneManager.java:stop(2020)) - om1[localhost:0]: Stopping Ozone Manager
2022-06-21 13:55:25,204 [Listener at 127.0.0.1/42759] INFO  ipc.Server (Server.java:stop(3414)) - Stopping server on 42759
2022-06-21 13:55:25,240 [IPC Server listener on 0] INFO  ipc.Server (Server.java:run(1376)) - Stopping IPC Server listener on 0
2022-06-21 13:55:25,240 [IPC Server Responder] INFO  ipc.Server (Server.java:run(1512)) - Stopping IPC Server Responder
2022-06-21 13:55:25,241 [Listener at 127.0.0.1/42759] INFO  server.RaftServer (RaftServerProxy.java:lambda$close$7(398)) - om1: close
2022-06-21 13:55:25,241 [Listener at 127.0.0.1/42759] INFO  server.RaftServer$Division (RaftServerImpl.java:lambda$close$4(434)) - om1@group-C5BA1605619E: shutdown
2022-06-21 13:55:25,241 [Listener at 127.0.0.1/42759] INFO  util.JmxRegister (JmxRegister.java:unregister(73)) - Successfully un-registered JMX Bean with object name Ratis:service=RaftServer,group=group-C5BA1605619E,id=om1
2022-06-21 13:55:25,241 [Listener at 127.0.0.1/42759] INFO  impl.RoleInfo (RoleInfo.java:shutdownLeaderState(93)) - om1: shutdown om1@group-C5BA1605619E-LeaderStateImpl
2022-06-21 13:55:25,241 [Listener at 127.0.0.1/42759] INFO  impl.PendingRequests (PendingRequests.java:sendNotLeaderResponses(282)) - om1@group-C5BA1605619E-PendingRequests: sendNotLeaderResponses
2022-06-21 13:55:25,271 [Listener at 127.0.0.1/42759] INFO  impl.StateMachineUpdater (StateMachineUpdater.java:stopAndJoin(153)) - om1@group-C5BA1605619E-StateMachineUpdater: set stopIndex = 10306
2022-06-21 13:55:25,272 [om1@group-C5BA1605619E-StateMachineUpdater] INFO  ratis.OzoneManagerStateMachine (OzoneManagerStateMachine.java:takeSnapshot(441)) - Current Snapshot Index (t:1, i:10306)
2022-06-21 13:55:25,272 [om1@group-C5BA1605619E-StateMachineUpdater] INFO  impl.StateMachineUpdater (StateMachineUpdater.java:takeSnapshot(287)) - om1@group-C5BA1605619E-StateMachineUpdater: Took a snapshot at index 10306
2022-06-21 13:55:25,272 [om1@group-C5BA1605619E-StateMachineUpdater] INFO  impl.StateMachineUpdater (StateMachineUpdater.java:lambda$new$0(92)) - om1@group-C5BA1605619E-StateMachineUpdater: snapshotIndex: updateIncreasingly -1 -> 10306
2022-06-21 13:55:25,272 [om1@group-C5BA1605619E-StateMachineUpdater] INFO  ratis.OzoneManagerStateMachine (OzoneManagerStateMachine.java:close(495)) - StateMachine has shutdown. Shutdown OzoneManager if not already shutdown.
2022-06-21 13:55:25,272 [om1@group-C5BA1605619E-StateMachineUpdater] INFO  ratis.OzoneManagerDoubleBuffer (OzoneManagerDoubleBuffer.java:stop(465)) - Stopping OMDoubleBuffer flush thread
2022-06-21 13:55:25,277 [OMDoubleBufferFlushThread] INFO  ratis.OzoneManagerDoubleBuffer (OzoneManagerDoubleBuffer.java:flushTransactions(385)) - OMDoubleBuffer flush thread OMDoubleBufferFlushThread is interrupted and will exit.
2022-06-21 13:55:25,277 [Listener at 127.0.0.1/42759] INFO  server.RaftServer$Division (ServerState.java:close(429)) - om1@group-C5BA1605619E: closes. applyIndex: 10306
2022-06-21 13:55:25,278 [om1@group-C5BA1605619E-SegmentedRaftLogWorker] INFO  segmented.SegmentedRaftLogWorker (SegmentedRaftLogWorker.java:run(336)) - om1@group-C5BA1605619E-SegmentedRaftLogWorker was interrupted, exiting. There are 0 tasks remaining in the queue.
2022-06-21 13:55:25,284 [Listener at 127.0.0.1/42759] INFO  segmented.SegmentedRaftLogWorker (SegmentedRaftLogWorker.java:close(246)) - om1@group-C5BA1605619E-SegmentedRaftLogWorker close()
2022-06-21 13:55:25,313 [Listener at 127.0.0.1/42759] INFO  server.GrpcService (GrpcService.java:closeImpl(269)) - om1: shutdown server with port 9872 now
2022-06-21 13:55:25,314 [Listener at 127.0.0.1/42759] INFO  server.GrpcService (GrpcService.java:closeImpl(278)) - om1: shutdown server with port 9872 successfully
2022-06-21 13:55:25,314 [org.apache.ratis.util.JvmPauseMonitor$$Lambda$627/290163460@681d20da] INFO  util.JvmPauseMonitor (JvmPauseMonitor.java:run(109)) - JvmPauseMonitor-om1: Stopped
2022-06-21 13:55:25,314 [Listener at 127.0.0.1/42759] INFO  ratis.OzoneManagerStateMachine (OzoneManagerStateMachine.java:close(495)) - StateMachine has shutdown. Shutdown OzoneManager if not already shutdown.
2022-06-21 13:55:25,314 [Listener at 127.0.0.1/42759] INFO  ratis.OzoneManagerDoubleBuffer (OzoneManagerDoubleBuffer.java:stop(477)) - OMDoubleBuffer flush thread is not running.
2022-06-21 13:55:25,315 [Listener at 127.0.0.1/42759] INFO  utils.BackgroundService (BackgroundService.java:shutdown(132)) - Shutting down service KeyDeletingService
2022-06-21 13:55:25,315 [Listener at 127.0.0.1/42759] INFO  utils.BackgroundService (BackgroundService.java:shutdown(132)) - Shutting down service DirectoryDeletingService
2022-06-21 13:55:25,315 [Listener at 127.0.0.1/42759] INFO  utils.BackgroundService (BackgroundService.java:shutdown(132)) - Shutting down service OpenKeyCleanupService
2022-06-21 13:55:25,316 [Listener at 127.0.0.1/42759] INFO  handler.ContextHandler (ContextHandler.java:doStop(1153)) - Stopped o.e.j.w.WebAppContext@68cbf488{ozoneManager,/,null,STOPPED}{file:/home/runner/work/ozone/ozone/hadoop-ozone/integration-test/target/test-classes/webapps/ozoneManager}
2022-06-21 13:55:25,317 [Listener at 127.0.0.1/42759] INFO  server.AbstractConnector (AbstractConnector.java:doStop(381)) - Stopped ServerConnector@485262be{HTTP/1.1, (http/1.1)}{0.0.0.0:0}
2022-06-21 13:55:25,317 [Listener at 127.0.0.1/42759] INFO  server.session (HouseKeeper.java:stopScavenging(149)) - node0 Stopped scavenging
2022-06-21 13:55:25,317 [Listener at 127.0.0.1/42759] INFO  handler.ContextHandler (ContextHandler.java:doStop(1153)) - Stopped o.e.j.s.ServletContextHandler@1caaa62c{static,/static,file:///home/runner/work/ozone/ozone/hadoop-ozone/integration-test/target/test-classes/webapps/static,STOPPED}
2022-06-21 13:55:25,318 [Listener at 127.0.0.1/42759] INFO  handler.ContextHandler (ContextHandler.java:doStop(1153)) - Stopped o.e.j.s.ServletContextHandler@64280fbe{logs,/logs,file:///home/runner/work/ozone/ozone/hadoop-ozone/integration-test/target/log,STOPPED}
2022-06-21 13:55:25,324 [Trash Emptier] ERROR om.TrashPolicyOzone (TrashPolicyOzone.java:run(251)) - Error attempting to shutdown
java.lang.InterruptedException
	at java.util.concurrent.locks.AbstractQueuedSynchronizer$ConditionObject.awaitNanos(AbstractQueuedSynchronizer.java:2067)
	at java.util.concurrent.ThreadPoolExecutor.awaitTermination(ThreadPoolExecutor.java:1475)
	at org.apache.hadoop.ozone.om.TrashPolicyOzone$Emptier.run(TrashPolicyOzone.java:249)
	at java.lang.Thread.run(Thread.java:750)
2022-06-21 13:55:25,324 [Trash Emptier] ERROR util.ExitUtils (ExitUtils.java:terminate(133)) - Terminating with exit status -1: Thread[Trash Emptier,5,main] has thrown an uncaught exception
java.lang.UnsupportedOperationException: fs.getUri() not implemented in TrashOzoneFileSystem
	at org.apache.hadoop.ozone.om.TrashOzoneFileSystem.getUri(TrashOzoneFileSystem.java:125)
	at org.apache.hadoop.fs.FileSystem.close(FileSystem.java:2592)
	at org.apache.hadoop.ozone.om.TrashPolicyOzone$Emptier.run(TrashPolicyOzone.java:243)
	at java.lang.Thread.run(Thread.java:750)
2022-06-21 13:55:25,338 [Listener at 127.0.0.1/42759] INFO  ozone.MiniOzoneClusterImpl (MiniOzoneClusterImpl.java:stopDatanodes(531)) - Stopping the HddsDatanodes
2022-06-21 13:55:30,360 [Listener at 127.0.0.1/42759] INFO  ozoneimpl.OzoneContainer (OzoneContainer.java:stop(365)) - Attempting to stop container services.
2022-06-21 13:55:30,361 [Listener at 127.0.0.1/42759] INFO  server.RaftServer (RaftServerProxy.java:lambda$close$7(398)) - 3f2f5716-e318-4c9d-8cf6-ca563bbe3eeb: close
2022-06-21 13:55:30,361 [Listener at 127.0.0.1/42759] INFO  server.RaftServer$Division (RaftServerImpl.java:lambda$close$4(434)) - 3f2f5716-e318-4c9d-8cf6-ca563bbe3eeb@group-86627BF40FCD: shutdown
2022-06-21 13:55:30,361 [Listener at 127.0.0.1/42759] INFO  util.JmxRegister (JmxRegister.java:unregister(73)) - Successfully un-registered JMX Bean with object name Ratis:service=RaftServer,group=group-86627BF40FCD,id=3f2f5716-e318-4c9d-8cf6-ca563bbe3eeb
2022-06-21 13:55:30,361 [Listener at 127.0.0.1/42759] INFO  impl.RoleInfo (RoleInfo.java:shutdownFollowerState(110)) - 3f2f5716-e318-4c9d-8cf6-ca563bbe3eeb: shutdown 3f2f5716-e318-4c9d-8cf6-ca563bbe3eeb@group-86627BF40FCD-FollowerState
2022-06-21 13:55:30,362 [Listener at 127.0.0.1/42759] INFO  impl.StateMachineUpdater (StateMachineUpdater.java:stopAndJoin(153)) - 3f2f5716-e318-4c9d-8cf6-ca563bbe3eeb@group-86627BF40FCD-StateMachineUpdater: set stopIndex = 29
2022-06-21 13:55:30,362 [3f2f5716-e318-4c9d-8cf6-ca563bbe3eeb@group-86627BF40FCD-FollowerState] INFO  impl.FollowerState (FollowerState.java:run(152)) - 3f2f5716-e318-4c9d-8cf6-ca563bbe3eeb@group-86627BF40FCD-FollowerState was interrupted
2022-06-21 13:55:30,362 [3f2f5716-e318-4c9d-8cf6-ca563bbe3eeb@group-86627BF40FCD-StateMachineUpdater] INFO  ratis.ContainerStateMachine (ContainerStateMachine.java:takeSnapshot(304)) - group-86627BF40FCD: Taking a snapshot at:(t:1, i:29) file /home/runner/work/ozone/ozone/hadoop-ozone/integration-test/target/test-dir/MiniOzoneClusterImpl-3f841ece-6686-4b0e-b99d-a05159fb56b1/datanode-2/data/ratis/a3ee74f2-a989-4ae7-ba8a-86627bf40fcd/sm/snapshot.1_29
2022-06-21 13:55:30,366 [ForkJoinPool.commonPool-worker-0] INFO  ozoneimpl.OzoneContainer (OzoneContainer.java:stop(365)) - Attempting to stop container services.
2022-06-21 13:55:30,366 [ForkJoinPool.commonPool-worker-0] INFO  server.RaftServer (RaftServerProxy.java:lambda$close$7(398)) - c45c8671-7070-4be0-aa13-1f2d6b7a9218: close
2022-06-21 13:55:30,366 [ForkJoinPool.commonPool-worker-0] INFO  server.RaftServer$Division (RaftServerImpl.java:lambda$close$4(434)) - c45c8671-7070-4be0-aa13-1f2d6b7a9218@group-86627BF40FCD: shutdown
2022-06-21 13:55:30,366 [ForkJoinPool.commonPool-worker-0] INFO  util.JmxRegister (JmxRegister.java:unregister(73)) - Successfully un-registered JMX Bean with object name Ratis:service=RaftServer,group=group-86627BF40FCD,id=c45c8671-7070-4be0-aa13-1f2d6b7a9218
2022-06-21 13:55:30,367 [ForkJoinPool.commonPool-worker-0] INFO  impl.RoleInfo (RoleInfo.java:shutdownFollowerState(110)) - c45c8671-7070-4be0-aa13-1f2d6b7a9218: shutdown c45c8671-7070-4be0-aa13-1f2d6b7a9218@group-86627BF40FCD-FollowerState
2022-06-21 13:55:30,367 [ForkJoinPool.commonPool-worker-0] INFO  impl.StateMachineUpdater (StateMachineUpdater.java:stopAndJoin(153)) - c45c8671-7070-4be0-aa13-1f2d6b7a9218@group-86627BF40FCD-StateMachineUpdater: set stopIndex = 29
2022-06-21 13:55:30,367 [c45c8671-7070-4be0-aa13-1f2d6b7a9218@group-86627BF40FCD-FollowerState] INFO  impl.FollowerState (FollowerState.java:run(152)) - c45c8671-7070-4be0-aa13-1f2d6b7a9218@group-86627BF40FCD-FollowerState was interrupted
2022-06-21 13:55:30,367 [c45c8671-7070-4be0-aa13-1f2d6b7a9218@group-86627BF40FCD-StateMachineUpdater] INFO  ratis.ContainerStateMachine (ContainerStateMachine.java:takeSnapshot(304)) - group-86627BF40FCD: Taking a snapshot at:(t:1, i:29) file /home/runner/work/ozone/ozone/hadoop-ozone/integration-test/target/test-dir/MiniOzoneClusterImpl-3f841ece-6686-4b0e-b99d-a05159fb56b1/datanode-1/data/ratis/a3ee74f2-a989-4ae7-ba8a-86627bf40fcd/sm/snapshot.1_29
2022-06-21 13:55:30,368 [3f2f5716-e318-4c9d-8cf6-ca563bbe3eeb@group-86627BF40FCD-StateMachineUpdater] INFO  ratis.ContainerStateMachine (ContainerStateMachine.java:takeSnapshot(315)) - group-86627BF40FCD: Finished taking a snapshot at:(t:1, i:29) file:/home/runner/work/ozone/ozone/hadoop-ozone/integration-test/target/test-dir/MiniOzoneClusterImpl-3f841ece-6686-4b0e-b99d-a05159fb56b1/datanode-2/data/ratis/a3ee74f2-a989-4ae7-ba8a-86627bf40fcd/sm/snapshot.1_29 took: 6 ms
2022-06-21 13:55:30,368 [c45c8671-7070-4be0-aa13-1f2d6b7a9218@group-86627BF40FCD-StateMachineUpdater] INFO  ratis.ContainerStateMachine (ContainerStateMachine.java:takeSnapshot(315)) - group-86627BF40FCD: Finished taking a snapshot at:(t:1, i:29) file:/home/runner/work/ozone/ozone/hadoop-ozone/integration-test/target/test-dir/MiniOzoneClusterImpl-3f841ece-6686-4b0e-b99d-a05159fb56b1/datanode-1/data/ratis/a3ee74f2-a989-4ae7-ba8a-86627bf40fcd/sm/snapshot.1_29 took: 2 ms
2022-06-21 13:55:30,368 [3f2f5716-e318-4c9d-8cf6-ca563bbe3eeb@group-86627BF40FCD-StateMachineUpdater] INFO  impl.StateMachineUpdater (StateMachineUpdater.java:takeSnapshot(287)) - 3f2f5716-e318-4c9d-8cf6-ca563bbe3eeb@group-86627BF40FCD-StateMachineUpdater: Took a snapshot at index 29
2022-06-21 13:55:30,369 [c45c8671-7070-4be0-aa13-1f2d6b7a9218@group-86627BF40FCD-StateMachineUpdater] INFO  impl.StateMachineUpdater (StateMachineUpdater.java:takeSnapshot(287)) - c45c8671-7070-4be0-aa13-1f2d6b7a9218@group-86627BF40FCD-StateMachineUpdater: Took a snapshot at index 29
2022-06-21 13:55:30,369 [3f2f5716-e318-4c9d-8cf6-ca563bbe3eeb@group-86627BF40FCD-StateMachineUpdater] INFO  impl.StateMachineUpdater (StateMachineUpdater.java:lambda$new$0(92)) - 3f2f5716-e318-4c9d-8cf6-ca563bbe3eeb@group-86627BF40FCD-StateMachineUpdater: snapshotIndex: updateIncreasingly -1 -> 29
2022-06-21 13:55:30,370 [Listener at 127.0.0.1/42759] INFO  server.RaftServer$Division (ServerState.java:close(429)) - 3f2f5716-e318-4c9d-8cf6-ca563bbe3eeb@group-86627BF40FCD: closes. applyIndex: 29
2022-06-21 13:55:30,369 [c45c8671-7070-4be0-aa13-1f2d6b7a9218@group-86627BF40FCD-StateMachineUpdater] INFO  impl.StateMachineUpdater (StateMachineUpdater.java:lambda$new$0(92)) - c45c8671-7070-4be0-aa13-1f2d6b7a9218@group-86627BF40FCD-StateMachineUpdater: snapshotIndex: updateIncreasingly -1 -> 29
2022-06-21 13:55:30,371 [3f2f5716-e318-4c9d-8cf6-ca563bbe3eeb@group-86627BF40FCD-SegmentedRaftLogWorker] INFO  segmented.SegmentedRaftLogWorker (SegmentedRaftLogWorker.java:run(336)) - 3f2f5716-e318-4c9d-8cf6-ca563bbe3eeb@group-86627BF40FCD-SegmentedRaftLogWorker was interrupted, exiting. There are 0 tasks remaining in the queue.
2022-06-21 13:55:30,371 [ForkJoinPool.commonPool-worker-0] INFO  server.RaftServer$Division (ServerState.java:close(429)) - c45c8671-7070-4be0-aa13-1f2d6b7a9218@group-86627BF40FCD: closes. applyIndex: 29
2022-06-21 13:55:30,371 [c45c8671-7070-4be0-aa13-1f2d6b7a9218@group-86627BF40FCD-SegmentedRaftLogWorker] INFO  segmented.SegmentedRaftLogWorker (SegmentedRaftLogWorker.java:run(336)) - c45c8671-7070-4be0-aa13-1f2d6b7a9218@group-86627BF40FCD-SegmentedRaftLogWorker was interrupted, exiting. There are 0 tasks remaining in the queue.
2022-06-21 13:55:30,374 [Listener at 127.0.0.1/42759] INFO  segmented.SegmentedRaftLogWorker (SegmentedRaftLogWorker.java:close(246)) - 3f2f5716-e318-4c9d-8cf6-ca563bbe3eeb@group-86627BF40FCD-SegmentedRaftLogWorker close()
2022-06-21 13:55:30,377 [Listener at 127.0.0.1/42759] INFO  server.RaftServer$Division (RaftServerImpl.java:lambda$close$4(434)) - 3f2f5716-e318-4c9d-8cf6-ca563bbe3eeb@group-E1F5367CA89E: shutdown
2022-06-21 13:55:30,378 [Listener at 127.0.0.1/42759] INFO  util.JmxRegister (JmxRegister.java:unregister(73)) - Successfully un-registered JMX Bean with object name Ratis:service=RaftServer,group=group-E1F5367CA89E,id=3f2f5716-e318-4c9d-8cf6-ca563bbe3eeb
2022-06-21 13:55:30,378 [Listener at 127.0.0.1/42759] INFO  impl.RoleInfo (RoleInfo.java:shutdownLeaderState(93)) - 3f2f5716-e318-4c9d-8cf6-ca563bbe3eeb: shutdown 3f2f5716-e318-4c9d-8cf6-ca563bbe3eeb@group-E1F5367CA89E-LeaderStateImpl
2022-06-21 13:55:30,378 [Listener at 127.0.0.1/42759] INFO  impl.PendingRequests (PendingRequests.java:sendNotLeaderResponses(282)) - 3f2f5716-e318-4c9d-8cf6-ca563bbe3eeb@group-E1F5367CA89E-PendingRequests: sendNotLeaderResponses
2022-06-21 13:55:30,383 [ForkJoinPool.commonPool-worker-0] INFO  segmented.SegmentedRaftLogWorker (SegmentedRaftLogWorker.java:close(246)) - c45c8671-7070-4be0-aa13-1f2d6b7a9218@group-86627BF40FCD-SegmentedRaftLogWorker close()
2022-06-21 13:55:30,386 [ForkJoinPool.commonPool-worker-0] INFO  server.RaftServer$Division (RaftServerImpl.java:lambda$close$4(434)) - c45c8671-7070-4be0-aa13-1f2d6b7a9218@group-E80B0928F1A1: shutdown
2022-06-21 13:55:30,386 [ForkJoinPool.commonPool-worker-0] INFO  util.JmxRegister (JmxRegister.java:unregister(73)) - Successfully un-registered JMX Bean with object name Ratis:service=RaftServer,group=group-E80B0928F1A1,id=c45c8671-7070-4be0-aa13-1f2d6b7a9218
2022-06-21 13:55:30,386 [ForkJoinPool.commonPool-worker-0] INFO  impl.RoleInfo (RoleInfo.java:shutdownLeaderState(93)) - c45c8671-7070-4be0-aa13-1f2d6b7a9218: shutdown c45c8671-7070-4be0-aa13-1f2d6b7a9218@group-E80B0928F1A1-LeaderStateImpl
2022-06-21 13:55:30,386 [ForkJoinPool.commonPool-worker-0] INFO  impl.PendingRequests (PendingRequests.java:sendNotLeaderResponses(282)) - c45c8671-7070-4be0-aa13-1f2d6b7a9218@group-E80B0928F1A1-PendingRequests: sendNotLeaderResponses
2022-06-21 13:55:30,387 [ForkJoinPool.commonPool-worker-0] INFO  impl.StateMachineUpdater (StateMachineUpdater.java:stopAndJoin(153)) - c45c8671-7070-4be0-aa13-1f2d6b7a9218@group-E80B0928F1A1-StateMachineUpdater: set stopIndex = 0
2022-06-21 13:55:30,387 [c45c8671-7070-4be0-aa13-1f2d6b7a9218@group-E80B0928F1A1-StateMachineUpdater] INFO  ratis.ContainerStateMachine (ContainerStateMachine.java:takeSnapshot(304)) - group-E80B0928F1A1: Taking a snapshot at:(t:1, i:0) file /home/runner/work/ozone/ozone/hadoop-ozone/integration-test/target/test-dir/MiniOzoneClusterImpl-3f841ece-6686-4b0e-b99d-a05159fb56b1/datanode-1/data/ratis/d16477df-23da-41c9-b47d-e80b0928f1a1/sm/snapshot.1_0
2022-06-21 13:55:30,388 [c45c8671-7070-4be0-aa13-1f2d6b7a9218@group-E80B0928F1A1-StateMachineUpdater] INFO  ratis.ContainerStateMachine (ContainerStateMachine.java:takeSnapshot(315)) - group-E80B0928F1A1: Finished taking a snapshot at:(t:1, i:0) file:/home/runner/work/ozone/ozone/hadoop-ozone/integration-test/target/test-dir/MiniOzoneClusterImpl-3f841ece-6686-4b0e-b99d-a05159fb56b1/datanode-1/data/ratis/d16477df-23da-41c9-b47d-e80b0928f1a1/sm/snapshot.1_0 took: 1 ms
2022-06-21 13:55:30,389 [c45c8671-7070-4be0-aa13-1f2d6b7a9218@group-E80B0928F1A1-StateMachineUpdater] INFO  impl.StateMachineUpdater (StateMachineUpdater.java:takeSnapshot(287)) - c45c8671-7070-4be0-aa13-1f2d6b7a9218@group-E80B0928F1A1-StateMachineUpdater: Took a snapshot at index 0
2022-06-21 13:55:30,389 [c45c8671-7070-4be0-aa13-1f2d6b7a9218@group-E80B0928F1A1-StateMachineUpdater] INFO  impl.StateMachineUpdater (StateMachineUpdater.java:lambda$new$0(92)) - c45c8671-7070-4be0-aa13-1f2d6b7a9218@group-E80B0928F1A1-StateMachineUpdater: snapshotIndex: updateIncreasingly -1 -> 0
2022-06-21 13:55:30,389 [ForkJoinPool.commonPool-worker-0] INFO  server.RaftServer$Division (ServerState.java:close(429)) - c45c8671-7070-4be0-aa13-1f2d6b7a9218@group-E80B0928F1A1: closes. applyIndex: 0
2022-06-21 13:55:30,389 [c45c8671-7070-4be0-aa13-1f2d6b7a9218@group-E80B0928F1A1-SegmentedRaftLogWorker] INFO  segmented.SegmentedRaftLogWorker (SegmentedRaftLogWorker.java:run(336)) - c45c8671-7070-4be0-aa13-1f2d6b7a9218@group-E80B0928F1A1-SegmentedRaftLogWorker was interrupted, exiting. There are 0 tasks remaining in the queue.
2022-06-21 13:55:30,400 [Listener at 127.0.0.1/42759] INFO  impl.StateMachineUpdater (StateMachineUpdater.java:stopAndJoin(153)) - 3f2f5716-e318-4c9d-8cf6-ca563bbe3eeb@group-E1F5367CA89E-StateMachineUpdater: set stopIndex = 0
2022-06-21 13:55:30,403 [3f2f5716-e318-4c9d-8cf6-ca563bbe3eeb@group-E1F5367CA89E-StateMachineUpdater] INFO  ratis.ContainerStateMachine (ContainerStateMachine.java:takeSnapshot(304)) - group-E1F5367CA89E: Taking a snapshot at:(t:1, i:0) file /home/runner/work/ozone/ozone/hadoop-ozone/integration-test/target/test-dir/MiniOzoneClusterImpl-3f841ece-6686-4b0e-b99d-a05159fb56b1/datanode-2/data/ratis/81ce5971-3efe-42ec-939d-e1f5367ca89e/sm/snapshot.1_0
2022-06-21 13:55:30,403 [ForkJoinPool.commonPool-worker-0] INFO  segmented.SegmentedRaftLogWorker (SegmentedRaftLogWorker.java:close(246)) - c45c8671-7070-4be0-aa13-1f2d6b7a9218@group-E80B0928F1A1-SegmentedRaftLogWorker close()
2022-06-21 13:55:30,412 [3f2f5716-e318-4c9d-8cf6-ca563bbe3eeb@group-E1F5367CA89E-StateMachineUpdater] INFO  ratis.ContainerStateMachine (ContainerStateMachine.java:takeSnapshot(315)) - group-E1F5367CA89E: Finished taking a snapshot at:(t:1, i:0) file:/home/runner/work/ozone/ozone/hadoop-ozone/integration-test/target/test-dir/MiniOzoneClusterImpl-3f841ece-6686-4b0e-b99d-a05159fb56b1/datanode-2/data/ratis/81ce5971-3efe-42ec-939d-e1f5367ca89e/sm/snapshot.1_0 took: 8 ms
2022-06-21 13:55:30,412 [3f2f5716-e318-4c9d-8cf6-ca563bbe3eeb@group-E1F5367CA89E-StateMachineUpdater] INFO  impl.StateMachineUpdater (StateMachineUpdater.java:takeSnapshot(287)) - 3f2f5716-e318-4c9d-8cf6-ca563bbe3eeb@group-E1F5367CA89E-StateMachineUpdater: Took a snapshot at index 0
2022-06-21 13:55:30,412 [3f2f5716-e318-4c9d-8cf6-ca563bbe3eeb@group-E1F5367CA89E-StateMachineUpdater] INFO  impl.StateMachineUpdater (StateMachineUpdater.java:lambda$new$0(92)) - 3f2f5716-e318-4c9d-8cf6-ca563bbe3eeb@group-E1F5367CA89E-StateMachineUpdater: snapshotIndex: updateIncreasingly -1 -> 0
2022-06-21 13:55:30,412 [Listener at 127.0.0.1/42759] INFO  server.RaftServer$Division (ServerState.java:close(429)) - 3f2f5716-e318-4c9d-8cf6-ca563bbe3eeb@group-E1F5367CA89E: closes. applyIndex: 0
2022-06-21 13:55:30,412 [3f2f5716-e318-4c9d-8cf6-ca563bbe3eeb@group-E1F5367CA89E-SegmentedRaftLogWorker] INFO  segmented.SegmentedRaftLogWorker (SegmentedRaftLogWorker.java:run(336)) - 3f2f5716-e318-4c9d-8cf6-ca563bbe3eeb@group-E1F5367CA89E-SegmentedRaftLogWorker was interrupted, exiting. There are 0 tasks remaining in the queue.
2022-06-21 13:55:30,434 [ForkJoinPool.commonPool-worker-0] INFO  server.RaftServer$Division (RaftServerImpl.java:lambda$close$4(434)) - c45c8671-7070-4be0-aa13-1f2d6b7a9218@group-7C04624AABF3: shutdown
2022-06-21 13:55:30,434 [ForkJoinPool.commonPool-worker-0] INFO  util.JmxRegister (JmxRegister.java:unregister(73)) - Successfully un-registered JMX Bean with object name Ratis:service=RaftServer,group=group-7C04624AABF3,id=c45c8671-7070-4be0-aa13-1f2d6b7a9218
2022-06-21 13:55:30,435 [ForkJoinPool.commonPool-worker-0] INFO  impl.RoleInfo (RoleInfo.java:shutdownLeaderState(93)) - c45c8671-7070-4be0-aa13-1f2d6b7a9218: shutdown c45c8671-7070-4be0-aa13-1f2d6b7a9218@group-7C04624AABF3-LeaderStateImpl
2022-06-21 13:55:30,435 [ForkJoinPool.commonPool-worker-0] INFO  impl.PendingRequests (PendingRequests.java:sendNotLeaderResponses(282)) - c45c8671-7070-4be0-aa13-1f2d6b7a9218@group-7C04624AABF3-PendingRequests: sendNotLeaderResponses
2022-06-21 13:55:30,435 [ForkJoinPool.commonPool-worker-0] INFO  impl.StateMachineUpdater (StateMachineUpdater.java:stopAndJoin(153)) - c45c8671-7070-4be0-aa13-1f2d6b7a9218@group-7C04624AABF3-StateMachineUpdater: set stopIndex = 0
2022-06-21 13:55:30,435 [c45c8671-7070-4be0-aa13-1f2d6b7a9218@group-7C04624AABF3->6f924676-de29-4bda-9abe-50e624e9409e-GrpcLogAppender-LogAppenderDaemon] WARN  server.GrpcLogAppender (GrpcLogAppender.java:mayWait(171)) - c45c8671-7070-4be0-aa13-1f2d6b7a9218@group-7C04624AABF3->6f924676-de29-4bda-9abe-50e624e9409e-GrpcLogAppender: Wait interrupted by java.lang.InterruptedException
2022-06-21 13:55:30,436 [c45c8671-7070-4be0-aa13-1f2d6b7a9218@group-7C04624AABF3-StateMachineUpdater] INFO  ratis.ContainerStateMachine (ContainerStateMachine.java:takeSnapshot(304)) - group-7C04624AABF3: Taking a snapshot at:(t:3, i:0) file /home/runner/work/ozone/ozone/hadoop-ozone/integration-test/target/test-dir/MiniOzoneClusterImpl-3f841ece-6686-4b0e-b99d-a05159fb56b1/datanode-1/data/ratis/fd3ce4dc-3006-4433-bd70-7c04624aabf3/sm/snapshot.3_0
2022-06-21 13:55:30,434 [Listener at 127.0.0.1/42759] INFO  segmented.SegmentedRaftLogWorker (SegmentedRaftLogWorker.java:close(246)) - 3f2f5716-e318-4c9d-8cf6-ca563bbe3eeb@group-E1F5367CA89E-SegmentedRaftLogWorker close()
2022-06-21 13:55:30,436 [c45c8671-7070-4be0-aa13-1f2d6b7a9218@group-7C04624AABF3->3f2f5716-e318-4c9d-8cf6-ca563bbe3eeb-GrpcLogAppender-LogAppenderDaemon] WARN  server.GrpcLogAppender (GrpcLogAppender.java:mayWait(171)) - c45c8671-7070-4be0-aa13-1f2d6b7a9218@group-7C04624AABF3->3f2f5716-e318-4c9d-8cf6-ca563bbe3eeb-GrpcLogAppender: Wait interrupted by java.lang.InterruptedException
2022-06-21 13:55:30,437 [c45c8671-7070-4be0-aa13-1f2d6b7a9218@group-7C04624AABF3-StateMachineUpdater] INFO  ratis.ContainerStateMachine (ContainerStateMachine.java:takeSnapshot(315)) - group-7C04624AABF3: Finished taking a snapshot at:(t:3, i:0) file:/home/runner/work/ozone/ozone/hadoop-ozone/integration-test/target/test-dir/MiniOzoneClusterImpl-3f841ece-6686-4b0e-b99d-a05159fb56b1/datanode-1/data/ratis/fd3ce4dc-3006-4433-bd70-7c04624aabf3/sm/snapshot.3_0 took: 1 ms
2022-06-21 13:55:30,437 [c45c8671-7070-4be0-aa13-1f2d6b7a9218@group-7C04624AABF3-StateMachineUpdater] INFO  impl.StateMachineUpdater (StateMachineUpdater.java:takeSnapshot(287)) - c45c8671-7070-4be0-aa13-1f2d6b7a9218@group-7C04624AABF3-StateMachineUpdater: Took a snapshot at index 0
2022-06-21 13:55:30,437 [grpc-default-executor-3] INFO  server.GrpcServerProtocolService (GrpcServerProtocolService.java:onCompleted(140)) - 6f924676-de29-4bda-9abe-50e624e9409e: Completed APPEND_ENTRIES, lastRequest: c45c8671-7070-4be0-aa13-1f2d6b7a9218->6f924676-de29-4bda-9abe-50e624e9409e#1-t3,previous=(t:0, i:0),leaderCommit=0,initializing? true,entries: size=1, first=(t:3, i:0), CONFIGURATIONENTRY
2022-06-21 13:55:30,437 [c45c8671-7070-4be0-aa13-1f2d6b7a9218@group-7C04624AABF3-StateMachineUpdater] INFO  impl.StateMachineUpdater (StateMachineUpdater.java:lambda$new$0(92)) - c45c8671-7070-4be0-aa13-1f2d6b7a9218@group-7C04624AABF3-StateMachineUpdater: snapshotIndex: updateIncreasingly -1 -> 0
2022-06-21 13:55:30,438 [grpc-default-executor-2] INFO  server.GrpcLogAppender (GrpcLogAppender.java:onCompleted(339)) - c45c8671-7070-4be0-aa13-1f2d6b7a9218@group-7C04624AABF3->6f924676-de29-4bda-9abe-50e624e9409e-AppendLogResponseHandler: follower responses appendEntries COMPLETED
2022-06-21 13:55:30,439 [grpc-default-executor-2] INFO  leader.FollowerInfo (FollowerInfoImpl.java:lambda$new$0(48)) - c45c8671-7070-4be0-aa13-1f2d6b7a9218@group-7C04624AABF3->6f924676-de29-4bda-9abe-50e624e9409e: nextIndex: updateUnconditionally 1 -> 0
2022-06-21 13:55:30,437 [grpc-default-executor-0] INFO  server.GrpcServerProtocolService (GrpcServerProtocolService.java:onCompleted(140)) - 3f2f5716-e318-4c9d-8cf6-ca563bbe3eeb: Completed APPEND_ENTRIES, lastRequest: c45c8671-7070-4be0-aa13-1f2d6b7a9218->3f2f5716-e318-4c9d-8cf6-ca563bbe3eeb#1-t3,previous=(t:0, i:0),leaderCommit=-1,initializing? true,entries: size=1, first=(t:3, i:0), CONFIGURATIONENTRY
2022-06-21 13:55:30,439 [Listener at 127.0.0.1/42759] INFO  server.RaftServer$Division (RaftServerImpl.java:lambda$close$4(434)) - 3f2f5716-e318-4c9d-8cf6-ca563bbe3eeb@group-7C04624AABF3: shutdown
2022-06-21 13:55:30,439 [Listener at 127.0.0.1/42759] INFO  util.JmxRegister (JmxRegister.java:unregister(73)) - Successfully un-registered JMX Bean with object name Ratis:service=RaftServer,group=group-7C04624AABF3,id=3f2f5716-e318-4c9d-8cf6-ca563bbe3eeb
2022-06-21 13:55:30,439 [Listener at 127.0.0.1/42759] INFO  impl.RoleInfo (RoleInfo.java:shutdownFollowerState(110)) - 3f2f5716-e318-4c9d-8cf6-ca563bbe3eeb: shutdown 3f2f5716-e318-4c9d-8cf6-ca563bbe3eeb@group-7C04624AABF3-FollowerState
2022-06-21 13:55:30,439 [Listener at 127.0.0.1/42759] INFO  impl.StateMachineUpdater (StateMachineUpdater.java:stopAndJoin(153)) - 3f2f5716-e318-4c9d-8cf6-ca563bbe3eeb@group-7C04624AABF3-StateMachineUpdater: set stopIndex = 0
2022-06-21 13:55:30,440 [3f2f5716-e318-4c9d-8cf6-ca563bbe3eeb@group-7C04624AABF3-FollowerState] INFO  impl.FollowerState (FollowerState.java:run(152)) - 3f2f5716-e318-4c9d-8cf6-ca563bbe3eeb@group-7C04624AABF3-FollowerState was interrupted
2022-06-21 13:55:30,440 [grpc-default-executor-2] INFO  server.GrpcLogAppender (GrpcLogAppender.java:onCompleted(339)) - c45c8671-7070-4be0-aa13-1f2d6b7a9218@group-7C04624AABF3->3f2f5716-e318-4c9d-8cf6-ca563bbe3eeb-AppendLogResponseHandler: follower responses appendEntries COMPLETED
2022-06-21 13:55:30,440 [3f2f5716-e318-4c9d-8cf6-ca563bbe3eeb@group-7C04624AABF3-StateMachineUpdater] INFO  ratis.ContainerStateMachine (ContainerStateMachine.java:takeSnapshot(304)) - group-7C04624AABF3: Taking a snapshot at:(t:3, i:0) file /home/runner/work/ozone/ozone/hadoop-ozone/integration-test/target/test-dir/MiniOzoneClusterImpl-3f841ece-6686-4b0e-b99d-a05159fb56b1/datanode-2/data/ratis/fd3ce4dc-3006-4433-bd70-7c04624aabf3/sm/snapshot.3_0
2022-06-21 13:55:30,438 [ForkJoinPool.commonPool-worker-0] INFO  server.RaftServer$Division (ServerState.java:close(429)) - c45c8671-7070-4be0-aa13-1f2d6b7a9218@group-7C04624AABF3: closes. applyIndex: 0
2022-06-21 13:55:30,440 [grpc-default-executor-2] INFO  leader.FollowerInfo (FollowerInfoImpl.java:lambda$new$0(48)) - c45c8671-7070-4be0-aa13-1f2d6b7a9218@group-7C04624AABF3->3f2f5716-e318-4c9d-8cf6-ca563bbe3eeb: nextIndex: updateUnconditionally 1 -> 0
2022-06-21 13:55:30,440 [c45c8671-7070-4be0-aa13-1f2d6b7a9218@group-7C04624AABF3-SegmentedRaftLogWorker] INFO  segmented.SegmentedRaftLogWorker (SegmentedRaftLogWorker.java:run(336)) - c45c8671-7070-4be0-aa13-1f2d6b7a9218@group-7C04624AABF3-SegmentedRaftLogWorker was interrupted, exiting. There are 0 tasks remaining in the queue.
2022-06-21 13:55:30,440 [3f2f5716-e318-4c9d-8cf6-ca563bbe3eeb@group-7C04624AABF3-StateMachineUpdater] INFO  ratis.ContainerStateMachine (ContainerStateMachine.java:takeSnapshot(315)) - group-7C04624AABF3: Finished taking a snapshot at:(t:3, i:0) file:/home/runner/work/ozone/ozone/hadoop-ozone/integration-test/target/test-dir/MiniOzoneClusterImpl-3f841ece-6686-4b0e-b99d-a05159fb56b1/datanode-2/data/ratis/fd3ce4dc-3006-4433-bd70-7c04624aabf3/sm/snapshot.3_0 took: 1 ms
2022-06-21 13:55:30,441 [3f2f5716-e318-4c9d-8cf6-ca563bbe3eeb@group-7C04624AABF3-StateMachineUpdater] INFO  impl.StateMachineUpdater (StateMachineUpdater.java:takeSnapshot(287)) - 3f2f5716-e318-4c9d-8cf6-ca563bbe3eeb@group-7C04624AABF3-StateMachineUpdater: Took a snapshot at index 0
2022-06-21 13:55:30,441 [3f2f5716-e318-4c9d-8cf6-ca563bbe3eeb@group-7C04624AABF3-StateMachineUpdater] INFO  impl.StateMachineUpdater (StateMachineUpdater.java:lambda$new$0(92)) - 3f2f5716-e318-4c9d-8cf6-ca563bbe3eeb@group-7C04624AABF3-StateMachineUpdater: snapshotIndex: updateIncreasingly -1 -> 0
2022-06-21 13:55:30,441 [Listener at 127.0.0.1/42759] INFO  server.RaftServer$Division (ServerState.java:close(429)) - 3f2f5716-e318-4c9d-8cf6-ca563bbe3eeb@group-7C04624AABF3: closes. applyIndex: 0
2022-06-21 13:55:30,441 [3f2f5716-e318-4c9d-8cf6-ca563bbe3eeb@group-7C04624AABF3-SegmentedRaftLogWorker] INFO  segmented.SegmentedRaftLogWorker (SegmentedRaftLogWorker.java:run(336)) - 3f2f5716-e318-4c9d-8cf6-ca563bbe3eeb@group-7C04624AABF3-SegmentedRaftLogWorker was interrupted, exiting. There are 0 tasks remaining in the queue.
2022-06-21 13:55:30,451 [ForkJoinPool.commonPool-worker-0] INFO  segmented.SegmentedRaftLogWorker (SegmentedRaftLogWorker.java:close(246)) - c45c8671-7070-4be0-aa13-1f2d6b7a9218@group-7C04624AABF3-SegmentedRaftLogWorker close()
2022-06-21 13:55:30,451 [Listener at 127.0.0.1/42759] INFO  segmented.SegmentedRaftLogWorker (SegmentedRaftLogWorker.java:close(246)) - 3f2f5716-e318-4c9d-8cf6-ca563bbe3eeb@group-7C04624AABF3-SegmentedRaftLogWorker close()
2022-06-21 13:55:30,461 [ForkJoinPool.commonPool-worker-0] INFO  server.GrpcService (GrpcService.java:closeImpl(269)) - c45c8671-7070-4be0-aa13-1f2d6b7a9218: shutdown server with port 39709 now
2022-06-21 13:55:30,475 [grpc-default-executor-0] WARN  server.GrpcServerProtocolService (LogUtils.java:warn(122)) - c45c8671-7070-4be0-aa13-1f2d6b7a9218: installSnapshot onError, lastRequest: 6f924676-de29-4bda-9abe-50e624e9409e->c45c8671-7070-4be0-aa13-1f2d6b7a9218#424-t1,previous=(t:1, i:28),leaderCommit=27,initializing? true,entries: size=1, first=(t:1, i:29), METADATAENTRY(c:27): org.apache.ratis.thirdparty.io.grpc.StatusRuntimeException: CANCELLED: client cancelled
2022-06-21 13:55:30,477 [grpc-default-executor-3] WARN  server.GrpcLogAppender (LogUtils.java:warn(122)) - 6f924676-de29-4bda-9abe-50e624e9409e@group-86627BF40FCD->c45c8671-7070-4be0-aa13-1f2d6b7a9218-AppendLogResponseHandler: Failed appendEntries: org.apache.ratis.thirdparty.io.grpc.StatusRuntimeException: CANCELLED: RST_STREAM closed stream. HTTP/2 error code: CANCEL
2022-06-21 13:55:30,477 [grpc-default-executor-3] INFO  leader.FollowerInfo (FollowerInfoImpl.java:lambda$new$0(48)) - 6f924676-de29-4bda-9abe-50e624e9409e@group-86627BF40FCD->c45c8671-7070-4be0-aa13-1f2d6b7a9218: nextIndex: updateUnconditionally 30 -> 29
2022-06-21 13:55:30,495 [ForkJoinPool.commonPool-worker-0] INFO  server.GrpcService (GrpcService.java:closeImpl(278)) - c45c8671-7070-4be0-aa13-1f2d6b7a9218: shutdown server with port 39709 successfully
2022-06-21 13:55:30,496 [org.apache.ratis.util.JvmPauseMonitor$$Lambda$627/290163460@81ab056] INFO  util.JvmPauseMonitor (JvmPauseMonitor.java:run(109)) - JvmPauseMonitor-c45c8671-7070-4be0-aa13-1f2d6b7a9218: Stopped
2022-06-21 13:55:30,497 [grpc-default-executor-3] WARN  server.GrpcLogAppender (LogUtils.java:warn(122)) - 6f924676-de29-4bda-9abe-50e624e9409e@group-86627BF40FCD->c45c8671-7070-4be0-aa13-1f2d6b7a9218-AppendLogResponseHandler: Failed appendEntries: org.apache.ratis.thirdparty.io.grpc.StatusRuntimeException: UNAVAILABLE: io exception
2022-06-21 13:55:30,497 [grpc-default-executor-3] INFO  leader.FollowerInfo (FollowerInfoImpl.java:lambda$new$0(48)) - 6f924676-de29-4bda-9abe-50e624e9409e@group-86627BF40FCD->c45c8671-7070-4be0-aa13-1f2d6b7a9218: nextIndex: updateUnconditionally 30 -> 29
2022-06-21 13:55:30,497 [Listener at 127.0.0.1/42759] INFO  server.GrpcService (GrpcService.java:closeImpl(269)) - 3f2f5716-e318-4c9d-8cf6-ca563bbe3eeb: shutdown server with port 41473 now
2022-06-21 13:55:30,522 [Listener at 127.0.0.1/42759] INFO  server.GrpcService (GrpcService.java:closeImpl(278)) - 3f2f5716-e318-4c9d-8cf6-ca563bbe3eeb: shutdown server with port 41473 successfully
2022-06-21 13:55:30,523 [org.apache.ratis.util.JvmPauseMonitor$$Lambda$627/290163460@70410692] INFO  util.JvmPauseMonitor (JvmPauseMonitor.java:run(109)) - JvmPauseMonitor-3f2f5716-e318-4c9d-8cf6-ca563bbe3eeb: Stopped
2022-06-21 13:55:30,539 [grpc-default-executor-0] WARN  server.GrpcServerProtocolService (LogUtils.java:warn(122)) - 3f2f5716-e318-4c9d-8cf6-ca563bbe3eeb: installSnapshot onError, lastRequest: 6f924676-de29-4bda-9abe-50e624e9409e->3f2f5716-e318-4c9d-8cf6-ca563bbe3eeb#415-t1,previous=(t:1, i:28),leaderCommit=27,initializing? true,entries: size=1, first=(t:1, i:29), METADATAENTRY(c:27): org.apache.ratis.thirdparty.io.grpc.StatusRuntimeException: CANCELLED: client cancelled
2022-06-21 13:55:30,553 [grpc-default-executor-2] WARN  server.GrpcLogAppender (LogUtils.java:warn(122)) - 6f924676-de29-4bda-9abe-50e624e9409e@group-86627BF40FCD->3f2f5716-e318-4c9d-8cf6-ca563bbe3eeb-AppendLogResponseHandler: Failed appendEntries: org.apache.ratis.thirdparty.io.grpc.StatusRuntimeException: CANCELLED: RST_STREAM closed stream. HTTP/2 error code: CANCEL
2022-06-21 13:55:30,553 [grpc-default-executor-2] INFO  leader.FollowerInfo (FollowerInfoImpl.java:lambda$new$0(48)) - 6f924676-de29-4bda-9abe-50e624e9409e@group-86627BF40FCD->3f2f5716-e318-4c9d-8cf6-ca563bbe3eeb: nextIndex: updateUnconditionally 30 -> 29
2022-06-21 13:55:30,557 [grpc-default-executor-3] WARN  server.GrpcLogAppender (LogUtils.java:warn(122)) - 6f924676-de29-4bda-9abe-50e624e9409e@group-86627BF40FCD->3f2f5716-e318-4c9d-8cf6-ca563bbe3eeb-AppendLogResponseHandler: Failed appendEntries: org.apache.ratis.thirdparty.io.grpc.StatusRuntimeException: UNAVAILABLE: io exception
2022-06-21 13:55:30,558 [grpc-default-executor-3] INFO  leader.FollowerInfo (FollowerInfoImpl.java:lambda$new$0(48)) - 6f924676-de29-4bda-9abe-50e624e9409e@group-86627BF40FCD->3f2f5716-e318-4c9d-8cf6-ca563bbe3eeb: nextIndex: updateUnconditionally 30 -> 29
2022-06-21 13:55:31,618 [grpc-default-executor-3] WARN  server.GrpcLogAppender (LogUtils.java:warn(122)) - 6f924676-de29-4bda-9abe-50e624e9409e@group-86627BF40FCD->c45c8671-7070-4be0-aa13-1f2d6b7a9218-AppendLogResponseHandler: Failed appendEntries: org.apache.ratis.thirdparty.io.grpc.StatusRuntimeException: UNAVAILABLE: io exception
2022-06-21 13:55:31,619 [grpc-default-executor-3] INFO  leader.FollowerInfo (FollowerInfoImpl.java:lambda$new$0(48)) - 6f924676-de29-4bda-9abe-50e624e9409e@group-86627BF40FCD->c45c8671-7070-4be0-aa13-1f2d6b7a9218: nextIndex: updateUnconditionally 30 -> 29
2022-06-21 13:55:31,647 [grpc-default-executor-3] WARN  server.GrpcLogAppender (LogUtils.java:warn(122)) - 6f924676-de29-4bda-9abe-50e624e9409e@group-86627BF40FCD->3f2f5716-e318-4c9d-8cf6-ca563bbe3eeb-AppendLogResponseHandler: Failed appendEntries: org.apache.ratis.thirdparty.io.grpc.StatusRuntimeException: UNAVAILABLE: io exception
2022-06-21 13:55:31,648 [grpc-default-executor-3] INFO  leader.FollowerInfo (FollowerInfoImpl.java:lambda$new$0(48)) - 6f924676-de29-4bda-9abe-50e624e9409e@group-86627BF40FCD->3f2f5716-e318-4c9d-8cf6-ca563bbe3eeb: nextIndex: updateUnconditionally 30 -> 29
2022-06-21 13:55:32,571 [ForkJoinPool.commonPool-worker-0] INFO  utils.BackgroundService (BackgroundService.java:shutdown(132)) - Shutting down service BlockDeletingService
2022-06-21 13:55:32,579 [Listener at 127.0.0.1/42759] INFO  utils.BackgroundService (BackgroundService.java:shutdown(132)) - Shutting down service BlockDeletingService
2022-06-21 13:55:32,871 [grpc-default-executor-3] WARN  server.GrpcLogAppender (LogUtils.java:warn(122)) - 6f924676-de29-4bda-9abe-50e624e9409e@group-86627BF40FCD->c45c8671-7070-4be0-aa13-1f2d6b7a9218-AppendLogResponseHandler: Failed appendEntries: org.apache.ratis.thirdparty.io.grpc.StatusRuntimeException: UNAVAILABLE: io exception
2022-06-21 13:55:32,872 [grpc-default-executor-3] INFO  leader.FollowerInfo (FollowerInfoImpl.java:lambda$new$0(48)) - 6f924676-de29-4bda-9abe-50e624e9409e@group-86627BF40FCD->c45c8671-7070-4be0-aa13-1f2d6b7a9218: nextIndex: updateUnconditionally 30 -> 29
2022-06-21 13:55:32,898 [grpc-default-executor-3] WARN  server.GrpcLogAppender (LogUtils.java:warn(122)) - 6f924676-de29-4bda-9abe-50e624e9409e@group-86627BF40FCD->3f2f5716-e318-4c9d-8cf6-ca563bbe3eeb-AppendLogResponseHandler: Failed appendEntries: org.apache.ratis.thirdparty.io.grpc.StatusRuntimeException: UNAVAILABLE: io exception
2022-06-21 13:55:32,898 [grpc-default-executor-3] INFO  leader.FollowerInfo (FollowerInfoImpl.java:lambda$new$0(48)) - 6f924676-de29-4bda-9abe-50e624e9409e@group-86627BF40FCD->3f2f5716-e318-4c9d-8cf6-ca563bbe3eeb: nextIndex: updateUnconditionally 30 -> 29
2022-06-21 13:55:33,697 [6f924676-de29-4bda-9abe-50e624e9409e@group-7C04624AABF3-FollowerState] INFO  impl.FollowerState (FollowerState.java:run(143)) - 6f924676-de29-4bda-9abe-50e624e9409e@group-7C04624AABF3-FollowerState: change to CANDIDATE, lastRpcElapsedTime:5283548099ns, electionTimeout:5052ms
2022-06-21 13:55:33,698 [6f924676-de29-4bda-9abe-50e624e9409e@group-7C04624AABF3-FollowerState] INFO  impl.RoleInfo (RoleInfo.java:shutdownFollowerState(110)) - 6f924676-de29-4bda-9abe-50e624e9409e: shutdown 6f924676-de29-4bda-9abe-50e624e9409e@group-7C04624AABF3-FollowerState
2022-06-21 13:55:33,698 [6f924676-de29-4bda-9abe-50e624e9409e@group-7C04624AABF3-FollowerState] INFO  server.RaftServer$Division (RaftServerImpl.java:setRole(299)) - 6f924676-de29-4bda-9abe-50e624e9409e@group-7C04624AABF3: changes role from  FOLLOWER to CANDIDATE at term 3 for changeToCandidate
2022-06-21 13:55:33,698 [6f924676-de29-4bda-9abe-50e624e9409e@group-7C04624AABF3-FollowerState] INFO  server.RaftServerConfigKeys (ConfUtils.java:logGet(46)) - raft.server.leaderelection.pre-vote = false (custom)
2022-06-21 13:55:33,698 [6f924676-de29-4bda-9abe-50e624e9409e@group-7C04624AABF3-FollowerState] INFO  impl.RoleInfo (RoleInfo.java:updateAndGet(139)) - 6f924676-de29-4bda-9abe-50e624e9409e: start 6f924676-de29-4bda-9abe-50e624e9409e@group-7C04624AABF3-LeaderElection40
2022-06-21 13:55:33,765 [6f924676-de29-4bda-9abe-50e624e9409e@group-7C04624AABF3-LeaderElection40] INFO  server.RaftServer$Division (ServerState.java:setLeader(287)) - 6f924676-de29-4bda-9abe-50e624e9409e@group-7C04624AABF3: change Leader from c45c8671-7070-4be0-aa13-1f2d6b7a9218 to null at term 3 for ELECTION
2022-06-21 13:55:33,767 [6f924676-de29-4bda-9abe-50e624e9409e@group-7C04624AABF3-LeaderElection40] INFO  impl.LeaderElection (LeaderElection.java:askForVotes(310)) - 6f924676-de29-4bda-9abe-50e624e9409e@group-7C04624AABF3-LeaderElection40 ELECTION round 0: submit vote requests at term 4 for 0: [3f2f5716-e318-4c9d-8cf6-ca563bbe3eeb|rpc:10.1.0.15:41473|dataStream:|priority:0, 6f924676-de29-4bda-9abe-50e624e9409e|rpc:10.1.0.15:35717|dataStream:|priority:0, c45c8671-7070-4be0-aa13-1f2d6b7a9218|rpc:10.1.0.15:39709|dataStream:|priority:1], old=null
2022-06-21 13:55:33,798 [6f924676-de29-4bda-9abe-50e624e9409e@group-7C04624AABF3-LeaderElection40] INFO  impl.LeaderElection (LogUtils.java:infoOrTrace(137)) - 6f924676-de29-4bda-9abe-50e624e9409e@group-7C04624AABF3-LeaderElection40 got exception when requesting votes: java.util.concurrent.ExecutionException: org.apache.ratis.thirdparty.io.grpc.StatusRuntimeException: UNAVAILABLE: io exception
2022-06-21 13:55:33,799 [6f924676-de29-4bda-9abe-50e624e9409e@group-7C04624AABF3-LeaderElection40] INFO  impl.LeaderElection (LogUtils.java:infoOrTrace(137)) - 6f924676-de29-4bda-9abe-50e624e9409e@group-7C04624AABF3-LeaderElection40 got exception when requesting votes: java.util.concurrent.ExecutionException: org.apache.ratis.thirdparty.io.grpc.StatusRuntimeException: UNAVAILABLE: io exception
2022-06-21 13:55:33,799 [6f924676-de29-4bda-9abe-50e624e9409e@group-7C04624AABF3-LeaderElection40] INFO  impl.LeaderElection (LeaderElection.java:logAndReturn(90)) - 6f924676-de29-4bda-9abe-50e624e9409e@group-7C04624AABF3-LeaderElection40: ELECTION REJECTED received 0 response(s) and 2 exception(s):
2022-06-21 13:55:33,799 [6f924676-de29-4bda-9abe-50e624e9409e@group-7C04624AABF3-LeaderElection40] INFO  impl.LeaderElection (LogUtils.java:infoOrTrace(137)) -   Exception 0: java.util.concurrent.ExecutionException: org.apache.ratis.thirdparty.io.grpc.StatusRuntimeException: UNAVAILABLE: io exception
2022-06-21 13:55:33,799 [6f924676-de29-4bda-9abe-50e624e9409e@group-7C04624AABF3-LeaderElection40] INFO  impl.LeaderElection (LogUtils.java:infoOrTrace(137)) -   Exception 1: java.util.concurrent.ExecutionException: org.apache.ratis.thirdparty.io.grpc.StatusRuntimeException: UNAVAILABLE: io exception
2022-06-21 13:55:33,799 [6f924676-de29-4bda-9abe-50e624e9409e@group-7C04624AABF3-LeaderElection40] INFO  impl.LeaderElection (LeaderElection.java:askForVotes(312)) - 6f924676-de29-4bda-9abe-50e624e9409e@group-7C04624AABF3-LeaderElection40 ELECTION round 0: result REJECTED
2022-06-21 13:55:33,799 [6f924676-de29-4bda-9abe-50e624e9409e@group-7C04624AABF3-LeaderElection40] INFO  server.RaftServer$Division (RaftServerImpl.java:setRole(299)) - 6f924676-de29-4bda-9abe-50e624e9409e@group-7C04624AABF3: changes role from CANDIDATE to FOLLOWER at term 4 for REJECTED
2022-06-21 13:55:33,799 [6f924676-de29-4bda-9abe-50e624e9409e@group-7C04624AABF3-LeaderElection40] INFO  impl.RoleInfo (RoleInfo.java:shutdownLeaderElection(130)) - 6f924676-de29-4bda-9abe-50e624e9409e: shutdown 6f924676-de29-4bda-9abe-50e624e9409e@group-7C04624AABF3-LeaderElection40
2022-06-21 13:55:33,799 [6f924676-de29-4bda-9abe-50e624e9409e@group-7C04624AABF3-LeaderElection40] INFO  impl.RoleInfo (RoleInfo.java:updateAndGet(139)) - 6f924676-de29-4bda-9abe-50e624e9409e: start 6f924676-de29-4bda-9abe-50e624e9409e@group-7C04624AABF3-FollowerState
2022-06-21 13:55:34,121 [grpc-default-executor-3] WARN  server.GrpcLogAppender (LogUtils.java:warn(122)) - 6f924676-de29-4bda-9abe-50e624e9409e@group-86627BF40FCD->c45c8671-7070-4be0-aa13-1f2d6b7a9218-AppendLogResponseHandler: Failed appendEntries: org.apache.ratis.thirdparty.io.grpc.StatusRuntimeException: UNAVAILABLE: io exception
2022-06-21 13:55:34,122 [grpc-default-executor-3] INFO  leader.FollowerInfo (FollowerInfoImpl.java:lambda$new$0(48)) - 6f924676-de29-4bda-9abe-50e624e9409e@group-86627BF40FCD->c45c8671-7070-4be0-aa13-1f2d6b7a9218: nextIndex: updateUnconditionally 30 -> 29
2022-06-21 13:55:34,150 [grpc-default-executor-3] WARN  server.GrpcLogAppender (LogUtils.java:warn(122)) - 6f924676-de29-4bda-9abe-50e624e9409e@group-86627BF40FCD->3f2f5716-e318-4c9d-8cf6-ca563bbe3eeb-AppendLogResponseHandler: Failed appendEntries: org.apache.ratis.thirdparty.io.grpc.StatusRuntimeException: UNAVAILABLE: io exception
2022-06-21 13:55:34,151 [grpc-default-executor-3] INFO  leader.FollowerInfo (FollowerInfoImpl.java:lambda$new$0(48)) - 6f924676-de29-4bda-9abe-50e624e9409e@group-86627BF40FCD->3f2f5716-e318-4c9d-8cf6-ca563bbe3eeb: nextIndex: updateUnconditionally 30 -> 29
2022-06-21 13:55:35,372 [grpc-default-executor-3] WARN  server.GrpcLogAppender (LogUtils.java:warn(122)) - 6f924676-de29-4bda-9abe-50e624e9409e@group-86627BF40FCD->c45c8671-7070-4be0-aa13-1f2d6b7a9218-AppendLogResponseHandler: Failed appendEntries: org.apache.ratis.thirdparty.io.grpc.StatusRuntimeException: UNAVAILABLE: io exception
2022-06-21 13:55:35,373 [grpc-default-executor-3] INFO  leader.FollowerInfo (FollowerInfoImpl.java:lambda$new$0(48)) - 6f924676-de29-4bda-9abe-50e624e9409e@group-86627BF40FCD->c45c8671-7070-4be0-aa13-1f2d6b7a9218: nextIndex: updateUnconditionally 30 -> 29
2022-06-21 13:55:35,401 [grpc-default-executor-3] WARN  server.GrpcLogAppender (LogUtils.java:warn(122)) - 6f924676-de29-4bda-9abe-50e624e9409e@group-86627BF40FCD->3f2f5716-e318-4c9d-8cf6-ca563bbe3eeb-AppendLogResponseHandler: Failed appendEntries: org.apache.ratis.thirdparty.io.grpc.StatusRuntimeException: UNAVAILABLE: io exception
2022-06-21 13:55:35,401 [grpc-default-executor-3] INFO  leader.FollowerInfo (FollowerInfoImpl.java:lambda$new$0(48)) - 6f924676-de29-4bda-9abe-50e624e9409e@group-86627BF40FCD->3f2f5716-e318-4c9d-8cf6-ca563bbe3eeb: nextIndex: updateUnconditionally 30 -> 29
2022-06-21 13:55:35,597 [Listener at 127.0.0.1/42759] INFO  statemachine.DatanodeStateMachine (DatanodeStateMachine.java:stopDaemon(580)) - Ozone container server stopped.
2022-06-21 13:55:35,605 [Listener at 127.0.0.1/42759] INFO  handler.ContextHandler (ContextHandler.java:doStop(1153)) - Stopped o.e.j.w.WebAppContext@4bfe79c{hddsDatanode,/,null,STOPPED}{jar:file:/home/runner/.m2/repository/org/apache/ozone/hdds-container-service/1.3.0-SNAPSHOT/hdds-container-service-1.3.0-SNAPSHOT.jar!/webapps/hddsDatanode}
2022-06-21 13:55:35,611 [ForkJoinPool.commonPool-worker-0] INFO  statemachine.DatanodeStateMachine (DatanodeStateMachine.java:stopDaemon(580)) - Ozone container server stopped.
2022-06-21 13:55:35,647 [Listener at 127.0.0.1/42759] INFO  server.AbstractConnector (AbstractConnector.java:doStop(381)) - Stopped ServerConnector@1b2cb89{HTTP/1.1, (http/1.1)}{0.0.0.0:0}
2022-06-21 13:55:35,647 [Listener at 127.0.0.1/42759] INFO  server.session (HouseKeeper.java:stopScavenging(149)) - node0 Stopped scavenging
2022-06-21 13:55:35,647 [Listener at 127.0.0.1/42759] INFO  handler.ContextHandler (ContextHandler.java:doStop(1153)) - Stopped o.e.j.s.ServletContextHandler@755e0969{static,/static,jar:file:/home/runner/.m2/repository/org/apache/ozone/hdds-container-service/1.3.0-SNAPSHOT/hdds-container-service-1.3.0-SNAPSHOT.jar!/webapps/static,STOPPED}
2022-06-21 13:55:35,647 [Listener at 127.0.0.1/42759] INFO  handler.ContextHandler (ContextHandler.java:doStop(1153)) - Stopped o.e.j.s.ServletContextHandler@23437c7b{logs,/logs,file:///home/runner/work/ozone/ozone/hadoop-ozone/integration-test/target/log,STOPPED}
2022-06-21 13:55:35,652 [ForkJoinPool.commonPool-worker-0] INFO  handler.ContextHandler (ContextHandler.java:doStop(1153)) - Stopped o.e.j.w.WebAppContext@24191de8{hddsDatanode,/,null,STOPPED}{jar:file:/home/runner/.m2/repository/org/apache/ozone/hdds-container-service/1.3.0-SNAPSHOT/hdds-container-service-1.3.0-SNAPSHOT.jar!/webapps/hddsDatanode}
2022-06-21 13:55:35,653 [ForkJoinPool.commonPool-worker-0] INFO  server.AbstractConnector (AbstractConnector.java:doStop(381)) - Stopped ServerConnector@6934b058{HTTP/1.1, (http/1.1)}{0.0.0.0:0}
2022-06-21 13:55:35,653 [ForkJoinPool.commonPool-worker-0] INFO  server.session (HouseKeeper.java:stopScavenging(149)) - node0 Stopped scavenging
2022-06-21 13:55:35,654 [ForkJoinPool.commonPool-worker-0] INFO  handler.ContextHandler (ContextHandler.java:doStop(1153)) - Stopped o.e.j.s.ServletContextHandler@41b6c627{static,/static,jar:file:/home/runner/.m2/repository/org/apache/ozone/hdds-container-service/1.3.0-SNAPSHOT/hdds-container-service-1.3.0-SNAPSHOT.jar!/webapps/static,STOPPED}
2022-06-21 13:55:35,655 [ForkJoinPool.commonPool-worker-0] INFO  handler.ContextHandler (ContextHandler.java:doStop(1153)) - Stopped o.e.j.s.ServletContextHandler@6c5bd8cc{logs,/logs,file:///home/runner/work/ozone/ozone/hadoop-ozone/integration-test/target/log,STOPPED}
2022-06-21 13:55:36,623 [grpc-default-executor-3] WARN  server.GrpcLogAppender (LogUtils.java:warn(122)) - 6f924676-de29-4bda-9abe-50e624e9409e@group-86627BF40FCD->c45c8671-7070-4be0-aa13-1f2d6b7a9218-AppendLogResponseHandler: Failed appendEntries: org.apache.ratis.thirdparty.io.grpc.StatusRuntimeException: UNAVAILABLE: io exception
2022-06-21 13:55:36,623 [grpc-default-executor-3] INFO  leader.FollowerInfo (FollowerInfoImpl.java:lambda$new$0(48)) - 6f924676-de29-4bda-9abe-50e624e9409e@group-86627BF40FCD->c45c8671-7070-4be0-aa13-1f2d6b7a9218: nextIndex: updateUnconditionally 30 -> 29
2022-06-21 13:55:36,651 [grpc-default-executor-3] WARN  server.GrpcLogAppender (LogUtils.java:warn(122)) - 6f924676-de29-4bda-9abe-50e624e9409e@group-86627BF40FCD->3f2f5716-e318-4c9d-8cf6-ca563bbe3eeb-AppendLogResponseHandler: Failed appendEntries: org.apache.ratis.thirdparty.io.grpc.StatusRuntimeException: UNAVAILABLE: io exception
2022-06-21 13:55:36,652 [grpc-default-executor-3] INFO  leader.FollowerInfo (FollowerInfoImpl.java:lambda$new$0(48)) - 6f924676-de29-4bda-9abe-50e624e9409e@group-86627BF40FCD->3f2f5716-e318-4c9d-8cf6-ca563bbe3eeb: nextIndex: updateUnconditionally 30 -> 29
2022-06-21 13:55:37,604 [6f924676-de29-4bda-9abe-50e624e9409e@group-86627BF40FCD-LeaderStateImpl] WARN  server.RaftServer$Division (LeaderStateImpl.java:checkLeadership(1018)) - 6f924676-de29-4bda-9abe-50e624e9409e@group-86627BF40FCD-LeaderStateImpl: Lost leadership on term: 1. Election timeout: 5200ms. In charge for: 39599ms. Conf: 0: [3f2f5716-e318-4c9d-8cf6-ca563bbe3eeb|rpc:10.1.0.15:41473|dataStream:|priority:0, 6f924676-de29-4bda-9abe-50e624e9409e|rpc:10.1.0.15:35717|dataStream:|priority:1, c45c8671-7070-4be0-aa13-1f2d6b7a9218|rpc:10.1.0.15:39709|dataStream:|priority:0], old=null
2022-06-21 13:55:37,605 [6f924676-de29-4bda-9abe-50e624e9409e@group-86627BF40FCD-LeaderStateImpl] WARN  server.RaftServer$Division (LeaderStateImpl.java:lambda$checkLeadership$17(1022)) - Follower 6f924676-de29-4bda-9abe-50e624e9409e@group-86627BF40FCD->3f2f5716-e318-4c9d-8cf6-ca563bbe3eeb(c29,m29,n29, attendVote=true, lastRpcSendTime=953, lastRpcResponseTime=8457)
2022-06-21 13:55:37,605 [6f924676-de29-4bda-9abe-50e624e9409e@group-86627BF40FCD-LeaderStateImpl] WARN  server.RaftServer$Division (LeaderStateImpl.java:lambda$checkLeadership$17(1022)) - Follower 6f924676-de29-4bda-9abe-50e624e9409e@group-86627BF40FCD->c45c8671-7070-4be0-aa13-1f2d6b7a9218(c29,m29,n29, attendVote=true, lastRpcSendTime=982, lastRpcResponseTime=8488)
2022-06-21 13:55:37,605 [6f924676-de29-4bda-9abe-50e624e9409e@group-86627BF40FCD-LeaderStateImpl] INFO  server.RaftServer$Division (RaftServerImpl.java:setRole(299)) - 6f924676-de29-4bda-9abe-50e624e9409e@group-86627BF40FCD: changes role from    LEADER to FOLLOWER at term 1 for StepDownReason:LOST_MAJORITY_HEARTBEATS
2022-06-21 13:55:37,605 [6f924676-de29-4bda-9abe-50e624e9409e@group-86627BF40FCD-LeaderStateImpl] INFO  impl.RoleInfo (RoleInfo.java:shutdownLeaderState(93)) - 6f924676-de29-4bda-9abe-50e624e9409e: shutdown 6f924676-de29-4bda-9abe-50e624e9409e@group-86627BF40FCD-LeaderStateImpl
2022-06-21 13:55:37,605 [6f924676-de29-4bda-9abe-50e624e9409e@group-86627BF40FCD-LeaderStateImpl] INFO  impl.PendingRequests (PendingRequests.java:sendNotLeaderResponses(282)) - 6f924676-de29-4bda-9abe-50e624e9409e@group-86627BF40FCD-PendingRequests: sendNotLeaderResponses
2022-06-21 13:55:37,605 [6f924676-de29-4bda-9abe-50e624e9409e@group-86627BF40FCD->3f2f5716-e318-4c9d-8cf6-ca563bbe3eeb-GrpcLogAppender-LogAppenderDaemon] WARN  server.GrpcLogAppender (GrpcLogAppender.java:mayWait(171)) - 6f924676-de29-4bda-9abe-50e624e9409e@group-86627BF40FCD->3f2f5716-e318-4c9d-8cf6-ca563bbe3eeb-GrpcLogAppender: Wait interrupted by java.lang.InterruptedException
2022-06-21 13:55:37,605 [6f924676-de29-4bda-9abe-50e624e9409e@group-86627BF40FCD->c45c8671-7070-4be0-aa13-1f2d6b7a9218-GrpcLogAppender-LogAppenderDaemon] WARN  server.GrpcLogAppender (GrpcLogAppender.java:mayWait(171)) - 6f924676-de29-4bda-9abe-50e624e9409e@group-86627BF40FCD->c45c8671-7070-4be0-aa13-1f2d6b7a9218-GrpcLogAppender: Wait interrupted by java.lang.InterruptedException
2022-06-21 13:55:37,620 [6f924676-de29-4bda-9abe-50e624e9409e@group-86627BF40FCD-LeaderStateImpl] INFO  impl.RoleInfo (RoleInfo.java:updateAndGet(139)) - 6f924676-de29-4bda-9abe-50e624e9409e: start 6f924676-de29-4bda-9abe-50e624e9409e@group-86627BF40FCD-FollowerState
2022-06-21 13:55:38,997 [6f924676-de29-4bda-9abe-50e624e9409e@group-7C04624AABF3-FollowerState] INFO  impl.FollowerState (FollowerState.java:run(143)) - 6f924676-de29-4bda-9abe-50e624e9409e@group-7C04624AABF3-FollowerState: change to CANDIDATE, lastRpcElapsedTime:5197544679ns, electionTimeout:5174ms
2022-06-21 13:55:38,997 [6f924676-de29-4bda-9abe-50e624e9409e@group-7C04624AABF3-FollowerState] INFO  impl.RoleInfo (RoleInfo.java:shutdownFollowerState(110)) - 6f924676-de29-4bda-9abe-50e624e9409e: shutdown 6f924676-de29-4bda-9abe-50e624e9409e@group-7C04624AABF3-FollowerState
2022-06-21 13:55:38,997 [6f924676-de29-4bda-9abe-50e624e9409e@group-7C04624AABF3-FollowerState] INFO  server.RaftServer$Division (RaftServerImpl.java:setRole(299)) - 6f924676-de29-4bda-9abe-50e624e9409e@group-7C04624AABF3: changes role from  FOLLOWER to CANDIDATE at term 4 for changeToCandidate
2022-06-21 13:55:38,997 [6f924676-de29-4bda-9abe-50e624e9409e@group-7C04624AABF3-FollowerState] INFO  server.RaftServerConfigKeys (ConfUtils.java:logGet(46)) - raft.server.leaderelection.pre-vote = false (custom)
2022-06-21 13:55:38,997 [6f924676-de29-4bda-9abe-50e624e9409e@group-7C04624AABF3-FollowerState] INFO  impl.RoleInfo (RoleInfo.java:updateAndGet(139)) - 6f924676-de29-4bda-9abe-50e624e9409e: start 6f924676-de29-4bda-9abe-50e624e9409e@group-7C04624AABF3-LeaderElection41
2022-06-21 13:55:39,030 [6f924676-de29-4bda-9abe-50e624e9409e@group-7C04624AABF3-LeaderElection41] INFO  impl.LeaderElection (LeaderElection.java:askForVotes(310)) - 6f924676-de29-4bda-9abe-50e624e9409e@group-7C04624AABF3-LeaderElection41 ELECTION round 0: submit vote requests at term 5 for 0: [3f2f5716-e318-4c9d-8cf6-ca563bbe3eeb|rpc:10.1.0.15:41473|dataStream:|priority:0, 6f924676-de29-4bda-9abe-50e624e9409e|rpc:10.1.0.15:35717|dataStream:|priority:0, c45c8671-7070-4be0-aa13-1f2d6b7a9218|rpc:10.1.0.15:39709|dataStream:|priority:1], old=null
2022-06-21 13:55:39,040 [6f924676-de29-4bda-9abe-50e624e9409e@group-7C04624AABF3-LeaderElection41] INFO  impl.LeaderElection (LogUtils.java:infoOrTrace(137)) - 6f924676-de29-4bda-9abe-50e624e9409e@group-7C04624AABF3-LeaderElection41 got exception when requesting votes: java.util.concurrent.ExecutionException: org.apache.ratis.thirdparty.io.grpc.StatusRuntimeException: UNAVAILABLE: io exception
2022-06-21 13:55:39,040 [6f924676-de29-4bda-9abe-50e624e9409e@group-7C04624AABF3-LeaderElection41] INFO  impl.LeaderElection (LogUtils.java:infoOrTrace(137)) - 6f924676-de29-4bda-9abe-50e624e9409e@group-7C04624AABF3-LeaderElection41 got exception when requesting votes: java.util.concurrent.ExecutionException: org.apache.ratis.thirdparty.io.grpc.StatusRuntimeException: UNAVAILABLE: io exception
2022-06-21 13:55:39,040 [6f924676-de29-4bda-9abe-50e624e9409e@group-7C04624AABF3-LeaderElection41] INFO  impl.LeaderElection (LeaderElection.java:logAndReturn(90)) - 6f924676-de29-4bda-9abe-50e624e9409e@group-7C04624AABF3-LeaderElection41: ELECTION REJECTED received 0 response(s) and 2 exception(s):
2022-06-21 13:55:39,040 [6f924676-de29-4bda-9abe-50e624e9409e@group-7C04624AABF3-LeaderElection41] INFO  impl.LeaderElection (LogUtils.java:infoOrTrace(137)) -   Exception 0: java.util.concurrent.ExecutionException: org.apache.ratis.thirdparty.io.grpc.StatusRuntimeException: UNAVAILABLE: io exception
2022-06-21 13:55:39,040 [6f924676-de29-4bda-9abe-50e624e9409e@group-7C04624AABF3-LeaderElection41] INFO  impl.LeaderElection (LogUtils.java:infoOrTrace(137)) -   Exception 1: java.util.concurrent.ExecutionException: org.apache.ratis.thirdparty.io.grpc.StatusRuntimeException: UNAVAILABLE: io exception
2022-06-21 13:55:39,040 [6f924676-de29-4bda-9abe-50e624e9409e@group-7C04624AABF3-LeaderElection41] INFO  impl.LeaderElection (LeaderElection.java:askForVotes(312)) - 6f924676-de29-4bda-9abe-50e624e9409e@group-7C04624AABF3-LeaderElection41 ELECTION round 0: result REJECTED
2022-06-21 13:55:39,040 [6f924676-de29-4bda-9abe-50e624e9409e@group-7C04624AABF3-LeaderElection41] INFO  server.RaftServer$Division (RaftServerImpl.java:setRole(299)) - 6f924676-de29-4bda-9abe-50e624e9409e@group-7C04624AABF3: changes role from CANDIDATE to FOLLOWER at term 5 for REJECTED
2022-06-21 13:55:39,040 [6f924676-de29-4bda-9abe-50e624e9409e@group-7C04624AABF3-LeaderElection41] INFO  impl.RoleInfo (RoleInfo.java:shutdownLeaderElection(130)) - 6f924676-de29-4bda-9abe-50e624e9409e: shutdown 6f924676-de29-4bda-9abe-50e624e9409e@group-7C04624AABF3-LeaderElection41
2022-06-21 13:55:39,040 [6f924676-de29-4bda-9abe-50e624e9409e@group-7C04624AABF3-LeaderElection41] INFO  impl.RoleInfo (RoleInfo.java:updateAndGet(139)) - 6f924676-de29-4bda-9abe-50e624e9409e: start 6f924676-de29-4bda-9abe-50e624e9409e@group-7C04624AABF3-FollowerState
2022-06-21 13:55:40,649 [Listener at 127.0.0.1/42759] INFO  ozoneimpl.OzoneContainer (OzoneContainer.java:stop(365)) - Attempting to stop container services.
2022-06-21 13:55:40,650 [Listener at 127.0.0.1/42759] INFO  server.RaftServer (RaftServerProxy.java:lambda$close$7(398)) - 6348a8bb-f743-4f3c-b062-6091d580fb19: close
2022-06-21 13:55:40,650 [Listener at 127.0.0.1/42759] INFO  server.RaftServer$Division (RaftServerImpl.java:lambda$close$4(434)) - 6348a8bb-f743-4f3c-b062-6091d580fb19@group-E55AEBA43CF3: shutdown
2022-06-21 13:55:40,650 [Listener at 127.0.0.1/42759] INFO  util.JmxRegister (JmxRegister.java:unregister(73)) - Successfully un-registered JMX Bean with object name Ratis:service=RaftServer,group=group-E55AEBA43CF3,id=6348a8bb-f743-4f3c-b062-6091d580fb19
2022-06-21 13:55:40,650 [Listener at 127.0.0.1/42759] INFO  impl.RoleInfo (RoleInfo.java:shutdownLeaderState(93)) - 6348a8bb-f743-4f3c-b062-6091d580fb19: shutdown 6348a8bb-f743-4f3c-b062-6091d580fb19@group-E55AEBA43CF3-LeaderStateImpl
2022-06-21 13:55:40,651 [Listener at 127.0.0.1/42759] INFO  impl.PendingRequests (PendingRequests.java:sendNotLeaderResponses(282)) - 6348a8bb-f743-4f3c-b062-6091d580fb19@group-E55AEBA43CF3-PendingRequests: sendNotLeaderResponses
2022-06-21 13:55:40,651 [Listener at 127.0.0.1/42759] INFO  impl.StateMachineUpdater (StateMachineUpdater.java:stopAndJoin(153)) - 6348a8bb-f743-4f3c-b062-6091d580fb19@group-E55AEBA43CF3-StateMachineUpdater: set stopIndex = 0
2022-06-21 13:55:40,651 [6348a8bb-f743-4f3c-b062-6091d580fb19@group-E55AEBA43CF3-StateMachineUpdater] INFO  ratis.ContainerStateMachine (ContainerStateMachine.java:takeSnapshot(304)) - group-E55AEBA43CF3: Taking a snapshot at:(t:1, i:0) file /home/runner/work/ozone/ozone/hadoop-ozone/integration-test/target/test-dir/MiniOzoneClusterImpl-3f841ece-6686-4b0e-b99d-a05159fb56b1/datanode-4/data/ratis/2d3c650f-10cf-4344-8836-e55aeba43cf3/sm/snapshot.1_0
2022-06-21 13:55:40,652 [6348a8bb-f743-4f3c-b062-6091d580fb19@group-E55AEBA43CF3-StateMachineUpdater] INFO  ratis.ContainerStateMachine (ContainerStateMachine.java:takeSnapshot(315)) - group-E55AEBA43CF3: Finished taking a snapshot at:(t:1, i:0) file:/home/runner/work/ozone/ozone/hadoop-ozone/integration-test/target/test-dir/MiniOzoneClusterImpl-3f841ece-6686-4b0e-b99d-a05159fb56b1/datanode-4/data/ratis/2d3c650f-10cf-4344-8836-e55aeba43cf3/sm/snapshot.1_0 took: 1 ms
2022-06-21 13:55:40,653 [6348a8bb-f743-4f3c-b062-6091d580fb19@group-E55AEBA43CF3-StateMachineUpdater] INFO  impl.StateMachineUpdater (StateMachineUpdater.java:takeSnapshot(287)) - 6348a8bb-f743-4f3c-b062-6091d580fb19@group-E55AEBA43CF3-StateMachineUpdater: Took a snapshot at index 0
2022-06-21 13:55:40,653 [6348a8bb-f743-4f3c-b062-6091d580fb19@group-E55AEBA43CF3-StateMachineUpdater] INFO  impl.StateMachineUpdater (StateMachineUpdater.java:lambda$new$0(92)) - 6348a8bb-f743-4f3c-b062-6091d580fb19@group-E55AEBA43CF3-StateMachineUpdater: snapshotIndex: updateIncreasingly -1 -> 0
2022-06-21 13:55:40,653 [Listener at 127.0.0.1/42759] INFO  server.RaftServer$Division (ServerState.java:close(429)) - 6348a8bb-f743-4f3c-b062-6091d580fb19@group-E55AEBA43CF3: closes. applyIndex: 0
2022-06-21 13:55:40,653 [6348a8bb-f743-4f3c-b062-6091d580fb19@group-E55AEBA43CF3-SegmentedRaftLogWorker] INFO  segmented.SegmentedRaftLogWorker (SegmentedRaftLogWorker.java:run(336)) - 6348a8bb-f743-4f3c-b062-6091d580fb19@group-E55AEBA43CF3-SegmentedRaftLogWorker was interrupted, exiting. There are 0 tasks remaining in the queue.
2022-06-21 13:55:40,676 [Listener at 127.0.0.1/42759] INFO  segmented.SegmentedRaftLogWorker (SegmentedRaftLogWorker.java:close(246)) - 6348a8bb-f743-4f3c-b062-6091d580fb19@group-E55AEBA43CF3-SegmentedRaftLogWorker close()
2022-06-21 13:55:40,678 [Listener at 127.0.0.1/42759] INFO  server.GrpcService (GrpcService.java:closeImpl(269)) - 6348a8bb-f743-4f3c-b062-6091d580fb19: shutdown server with port 33579 now
2022-06-21 13:55:40,680 [Listener at 127.0.0.1/42759] INFO  server.GrpcService (GrpcService.java:closeImpl(278)) - 6348a8bb-f743-4f3c-b062-6091d580fb19: shutdown server with port 33579 successfully
2022-06-21 13:55:40,680 [org.apache.ratis.util.JvmPauseMonitor$$Lambda$627/290163460@7728ae54] INFO  util.JvmPauseMonitor (JvmPauseMonitor.java:run(109)) - JvmPauseMonitor-6348a8bb-f743-4f3c-b062-6091d580fb19: Stopped
2022-06-21 13:55:40,691 [ForkJoinPool.commonPool-worker-0] INFO  ozoneimpl.OzoneContainer (OzoneContainer.java:stop(365)) - Attempting to stop container services.
2022-06-21 13:55:40,691 [ForkJoinPool.commonPool-worker-0] INFO  server.RaftServer (RaftServerProxy.java:lambda$close$7(398)) - 6f924676-de29-4bda-9abe-50e624e9409e: close
2022-06-21 13:55:40,692 [ForkJoinPool.commonPool-worker-0] INFO  server.RaftServer$Division (RaftServerImpl.java:lambda$close$4(434)) - 6f924676-de29-4bda-9abe-50e624e9409e@group-86627BF40FCD: shutdown
2022-06-21 13:55:40,692 [ForkJoinPool.commonPool-worker-0] INFO  util.JmxRegister (JmxRegister.java:unregister(73)) - Successfully un-registered JMX Bean with object name Ratis:service=RaftServer,group=group-86627BF40FCD,id=6f924676-de29-4bda-9abe-50e624e9409e
2022-06-21 13:55:40,692 [ForkJoinPool.commonPool-worker-0] INFO  impl.RoleInfo (RoleInfo.java:shutdownFollowerState(110)) - 6f924676-de29-4bda-9abe-50e624e9409e: shutdown 6f924676-de29-4bda-9abe-50e624e9409e@group-86627BF40FCD-FollowerState
2022-06-21 13:55:40,692 [ForkJoinPool.commonPool-worker-0] INFO  impl.StateMachineUpdater (StateMachineUpdater.java:stopAndJoin(153)) - 6f924676-de29-4bda-9abe-50e624e9409e@group-86627BF40FCD-StateMachineUpdater: set stopIndex = 29
2022-06-21 13:55:40,694 [6f924676-de29-4bda-9abe-50e624e9409e@group-86627BF40FCD-FollowerState] INFO  impl.FollowerState (FollowerState.java:run(152)) - 6f924676-de29-4bda-9abe-50e624e9409e@group-86627BF40FCD-FollowerState was interrupted
2022-06-21 13:55:40,694 [6f924676-de29-4bda-9abe-50e624e9409e@group-86627BF40FCD-StateMachineUpdater] INFO  ratis.ContainerStateMachine (ContainerStateMachine.java:takeSnapshot(304)) - group-86627BF40FCD: Taking a snapshot at:(t:1, i:29) file /home/runner/work/ozone/ozone/hadoop-ozone/integration-test/target/test-dir/MiniOzoneClusterImpl-3f841ece-6686-4b0e-b99d-a05159fb56b1/datanode-0/data/ratis/a3ee74f2-a989-4ae7-ba8a-86627bf40fcd/sm/snapshot.1_29
2022-06-21 13:55:40,695 [6f924676-de29-4bda-9abe-50e624e9409e@group-86627BF40FCD-StateMachineUpdater] INFO  ratis.ContainerStateMachine (ContainerStateMachine.java:takeSnapshot(315)) - group-86627BF40FCD: Finished taking a snapshot at:(t:1, i:29) file:/home/runner/work/ozone/ozone/hadoop-ozone/integration-test/target/test-dir/MiniOzoneClusterImpl-3f841ece-6686-4b0e-b99d-a05159fb56b1/datanode-0/data/ratis/a3ee74f2-a989-4ae7-ba8a-86627bf40fcd/sm/snapshot.1_29 took: 2 ms
2022-06-21 13:55:40,695 [6f924676-de29-4bda-9abe-50e624e9409e@group-86627BF40FCD-StateMachineUpdater] INFO  impl.StateMachineUpdater (StateMachineUpdater.java:takeSnapshot(287)) - 6f924676-de29-4bda-9abe-50e624e9409e@group-86627BF40FCD-StateMachineUpdater: Took a snapshot at index 29
2022-06-21 13:55:40,696 [6f924676-de29-4bda-9abe-50e624e9409e@group-86627BF40FCD-StateMachineUpdater] INFO  impl.StateMachineUpdater (StateMachineUpdater.java:lambda$new$0(92)) - 6f924676-de29-4bda-9abe-50e624e9409e@group-86627BF40FCD-StateMachineUpdater: snapshotIndex: updateIncreasingly -1 -> 29
2022-06-21 13:55:40,698 [ForkJoinPool.commonPool-worker-0] INFO  server.RaftServer$Division (ServerState.java:close(429)) - 6f924676-de29-4bda-9abe-50e624e9409e@group-86627BF40FCD: closes. applyIndex: 29
2022-06-21 13:55:40,699 [6f924676-de29-4bda-9abe-50e624e9409e@group-86627BF40FCD-SegmentedRaftLogWorker] INFO  segmented.SegmentedRaftLogWorker (SegmentedRaftLogWorker.java:run(336)) - 6f924676-de29-4bda-9abe-50e624e9409e@group-86627BF40FCD-SegmentedRaftLogWorker was interrupted, exiting. There are 0 tasks remaining in the queue.
2022-06-21 13:55:40,700 [ForkJoinPool.commonPool-worker-0] INFO  segmented.SegmentedRaftLogWorker (SegmentedRaftLogWorker.java:close(246)) - 6f924676-de29-4bda-9abe-50e624e9409e@group-86627BF40FCD-SegmentedRaftLogWorker close()
2022-06-21 13:55:40,700 [ForkJoinPool.commonPool-worker-0] INFO  server.RaftServer$Division (RaftServerImpl.java:lambda$close$4(434)) - 6f924676-de29-4bda-9abe-50e624e9409e@group-79D5AD7E9C4C: shutdown
2022-06-21 13:55:40,701 [ForkJoinPool.commonPool-worker-0] INFO  util.JmxRegister (JmxRegister.java:unregister(73)) - Successfully un-registered JMX Bean with object name Ratis:service=RaftServer,group=group-79D5AD7E9C4C,id=6f924676-de29-4bda-9abe-50e624e9409e
2022-06-21 13:55:40,701 [ForkJoinPool.commonPool-worker-0] INFO  impl.RoleInfo (RoleInfo.java:shutdownLeaderState(93)) - 6f924676-de29-4bda-9abe-50e624e9409e: shutdown 6f924676-de29-4bda-9abe-50e624e9409e@group-79D5AD7E9C4C-LeaderStateImpl
2022-06-21 13:55:40,701 [ForkJoinPool.commonPool-worker-0] INFO  impl.PendingRequests (PendingRequests.java:sendNotLeaderResponses(282)) - 6f924676-de29-4bda-9abe-50e624e9409e@group-79D5AD7E9C4C-PendingRequests: sendNotLeaderResponses
2022-06-21 13:55:40,701 [ForkJoinPool.commonPool-worker-0] INFO  impl.StateMachineUpdater (StateMachineUpdater.java:stopAndJoin(153)) - 6f924676-de29-4bda-9abe-50e624e9409e@group-79D5AD7E9C4C-StateMachineUpdater: set stopIndex = 0
2022-06-21 13:55:40,701 [6f924676-de29-4bda-9abe-50e624e9409e@group-79D5AD7E9C4C-StateMachineUpdater] INFO  ratis.ContainerStateMachine (ContainerStateMachine.java:takeSnapshot(304)) - group-79D5AD7E9C4C: Taking a snapshot at:(t:1, i:0) file /home/runner/work/ozone/ozone/hadoop-ozone/integration-test/target/test-dir/MiniOzoneClusterImpl-3f841ece-6686-4b0e-b99d-a05159fb56b1/datanode-0/data/ratis/00ec36d6-913b-49a2-8121-79d5ad7e9c4c/sm/snapshot.1_0
2022-06-21 13:55:40,702 [6f924676-de29-4bda-9abe-50e624e9409e@group-79D5AD7E9C4C-StateMachineUpdater] INFO  ratis.ContainerStateMachine (ContainerStateMachine.java:takeSnapshot(315)) - group-79D5AD7E9C4C: Finished taking a snapshot at:(t:1, i:0) file:/home/runner/work/ozone/ozone/hadoop-ozone/integration-test/target/test-dir/MiniOzoneClusterImpl-3f841ece-6686-4b0e-b99d-a05159fb56b1/datanode-0/data/ratis/00ec36d6-913b-49a2-8121-79d5ad7e9c4c/sm/snapshot.1_0 took: 1 ms
2022-06-21 13:55:40,703 [6f924676-de29-4bda-9abe-50e624e9409e@group-79D5AD7E9C4C-StateMachineUpdater] INFO  impl.StateMachineUpdater (StateMachineUpdater.java:takeSnapshot(287)) - 6f924676-de29-4bda-9abe-50e624e9409e@group-79D5AD7E9C4C-StateMachineUpdater: Took a snapshot at index 0
2022-06-21 13:55:40,703 [6f924676-de29-4bda-9abe-50e624e9409e@group-79D5AD7E9C4C-StateMachineUpdater] INFO  impl.StateMachineUpdater (StateMachineUpdater.java:lambda$new$0(92)) - 6f924676-de29-4bda-9abe-50e624e9409e@group-79D5AD7E9C4C-StateMachineUpdater: snapshotIndex: updateIncreasingly -1 -> 0
2022-06-21 13:55:40,703 [ForkJoinPool.commonPool-worker-0] INFO  server.RaftServer$Division (ServerState.java:close(429)) - 6f924676-de29-4bda-9abe-50e624e9409e@group-79D5AD7E9C4C: closes. applyIndex: 0
2022-06-21 13:55:40,703 [6f924676-de29-4bda-9abe-50e624e9409e@group-79D5AD7E9C4C-SegmentedRaftLogWorker] INFO  segmented.SegmentedRaftLogWorker (SegmentedRaftLogWorker.java:run(336)) - 6f924676-de29-4bda-9abe-50e624e9409e@group-79D5AD7E9C4C-SegmentedRaftLogWorker was interrupted, exiting. There are 0 tasks remaining in the queue.
2022-06-21 13:55:40,704 [ForkJoinPool.commonPool-worker-0] INFO  segmented.SegmentedRaftLogWorker (SegmentedRaftLogWorker.java:close(246)) - 6f924676-de29-4bda-9abe-50e624e9409e@group-79D5AD7E9C4C-SegmentedRaftLogWorker close()
2022-06-21 13:55:40,705 [ForkJoinPool.commonPool-worker-0] INFO  server.RaftServer$Division (RaftServerImpl.java:lambda$close$4(434)) - 6f924676-de29-4bda-9abe-50e624e9409e@group-7C04624AABF3: shutdown
2022-06-21 13:55:40,705 [ForkJoinPool.commonPool-worker-0] INFO  util.JmxRegister (JmxRegister.java:unregister(73)) - Successfully un-registered JMX Bean with object name Ratis:service=RaftServer,group=group-7C04624AABF3,id=6f924676-de29-4bda-9abe-50e624e9409e
2022-06-21 13:55:40,705 [ForkJoinPool.commonPool-worker-0] INFO  impl.RoleInfo (RoleInfo.java:shutdownFollowerState(110)) - 6f924676-de29-4bda-9abe-50e624e9409e: shutdown 6f924676-de29-4bda-9abe-50e624e9409e@group-7C04624AABF3-FollowerState
2022-06-21 13:55:40,706 [6f924676-de29-4bda-9abe-50e624e9409e@group-7C04624AABF3-FollowerState] INFO  impl.FollowerState (FollowerState.java:run(152)) - 6f924676-de29-4bda-9abe-50e624e9409e@group-7C04624AABF3-FollowerState was interrupted
2022-06-21 13:55:40,706 [ForkJoinPool.commonPool-worker-0] INFO  impl.StateMachineUpdater (StateMachineUpdater.java:stopAndJoin(153)) - 6f924676-de29-4bda-9abe-50e624e9409e@group-7C04624AABF3-StateMachineUpdater: set stopIndex = 0
2022-06-21 13:55:40,726 [6f924676-de29-4bda-9abe-50e624e9409e@group-7C04624AABF3-StateMachineUpdater] INFO  ratis.ContainerStateMachine (ContainerStateMachine.java:takeSnapshot(304)) - group-7C04624AABF3: Taking a snapshot at:(t:3, i:0) file /home/runner/work/ozone/ozone/hadoop-ozone/integration-test/target/test-dir/MiniOzoneClusterImpl-3f841ece-6686-4b0e-b99d-a05159fb56b1/datanode-0/data/ratis/fd3ce4dc-3006-4433-bd70-7c04624aabf3/sm/snapshot.3_0
2022-06-21 13:55:40,727 [6f924676-de29-4bda-9abe-50e624e9409e@group-7C04624AABF3-StateMachineUpdater] INFO  ratis.ContainerStateMachine (ContainerStateMachine.java:takeSnapshot(315)) - group-7C04624AABF3: Finished taking a snapshot at:(t:3, i:0) file:/home/runner/work/ozone/ozone/hadoop-ozone/integration-test/target/test-dir/MiniOzoneClusterImpl-3f841ece-6686-4b0e-b99d-a05159fb56b1/datanode-0/data/ratis/fd3ce4dc-3006-4433-bd70-7c04624aabf3/sm/snapshot.3_0 took: 1 ms
2022-06-21 13:55:40,727 [6f924676-de29-4bda-9abe-50e624e9409e@group-7C04624AABF3-StateMachineUpdater] INFO  impl.StateMachineUpdater (StateMachineUpdater.java:takeSnapshot(287)) - 6f924676-de29-4bda-9abe-50e624e9409e@group-7C04624AABF3-StateMachineUpdater: Took a snapshot at index 0
2022-06-21 13:55:40,727 [6f924676-de29-4bda-9abe-50e624e9409e@group-7C04624AABF3-StateMachineUpdater] INFO  impl.StateMachineUpdater (StateMachineUpdater.java:lambda$new$0(92)) - 6f924676-de29-4bda-9abe-50e624e9409e@group-7C04624AABF3-StateMachineUpdater: snapshotIndex: updateIncreasingly -1 -> 0
2022-06-21 13:55:40,727 [ForkJoinPool.commonPool-worker-0] INFO  server.RaftServer$Division (ServerState.java:close(429)) - 6f924676-de29-4bda-9abe-50e624e9409e@group-7C04624AABF3: closes. applyIndex: 0
2022-06-21 13:55:40,727 [6f924676-de29-4bda-9abe-50e624e9409e@group-7C04624AABF3-SegmentedRaftLogWorker] INFO  segmented.SegmentedRaftLogWorker (SegmentedRaftLogWorker.java:run(336)) - 6f924676-de29-4bda-9abe-50e624e9409e@group-7C04624AABF3-SegmentedRaftLogWorker was interrupted, exiting. There are 0 tasks remaining in the queue.
2022-06-21 13:55:40,731 [ForkJoinPool.commonPool-worker-0] INFO  segmented.SegmentedRaftLogWorker (SegmentedRaftLogWorker.java:close(246)) - 6f924676-de29-4bda-9abe-50e624e9409e@group-7C04624AABF3-SegmentedRaftLogWorker close()
2022-06-21 13:55:40,738 [ForkJoinPool.commonPool-worker-0] INFO  server.GrpcService (GrpcService.java:closeImpl(269)) - 6f924676-de29-4bda-9abe-50e624e9409e: shutdown server with port 35717 now
2022-06-21 13:55:40,741 [ForkJoinPool.commonPool-worker-0] INFO  server.GrpcService (GrpcService.java:closeImpl(278)) - 6f924676-de29-4bda-9abe-50e624e9409e: shutdown server with port 35717 successfully
2022-06-21 13:55:40,751 [org.apache.ratis.util.JvmPauseMonitor$$Lambda$627/290163460@79020682] INFO  util.JvmPauseMonitor (JvmPauseMonitor.java:run(109)) - JvmPauseMonitor-6f924676-de29-4bda-9abe-50e624e9409e: Stopped
2022-06-21 13:55:40,768 [grpc-default-executor-2] WARN  server.GrpcClientProtocolService (LogUtils.java:warn(122)) - 1-UnorderedRequestStreamObserver1: onError: org.apache.ratis.thirdparty.io.grpc.StatusRuntimeException: CANCELLED: client cancelled
2022-06-21 13:55:42,728 [Listener at 127.0.0.1/42759] INFO  utils.BackgroundService (BackgroundService.java:shutdown(132)) - Shutting down service BlockDeletingService
2022-06-21 13:55:42,785 [ForkJoinPool.commonPool-worker-0] INFO  utils.BackgroundService (BackgroundService.java:shutdown(132)) - Shutting down service BlockDeletingService
2022-06-21 13:55:45,734 [Listener at 127.0.0.1/42759] INFO  statemachine.DatanodeStateMachine (DatanodeStateMachine.java:stopDaemon(580)) - Ozone container server stopped.
2022-06-21 13:55:45,747 [Listener at 127.0.0.1/42759] INFO  handler.ContextHandler (ContextHandler.java:doStop(1153)) - Stopped o.e.j.w.WebAppContext@62a41f68{hddsDatanode,/,null,STOPPED}{jar:file:/home/runner/.m2/repository/org/apache/ozone/hdds-container-service/1.3.0-SNAPSHOT/hdds-container-service-1.3.0-SNAPSHOT.jar!/webapps/hddsDatanode}
2022-06-21 13:55:45,758 [Listener at 127.0.0.1/42759] INFO  server.AbstractConnector (AbstractConnector.java:doStop(381)) - Stopped ServerConnector@1d411279{HTTP/1.1, (http/1.1)}{0.0.0.0:0}
2022-06-21 13:55:45,769 [Listener at 127.0.0.1/42759] INFO  server.session (HouseKeeper.java:stopScavenging(149)) - node0 Stopped scavenging
2022-06-21 13:55:45,775 [Listener at 127.0.0.1/42759] INFO  handler.ContextHandler (ContextHandler.java:doStop(1153)) - Stopped o.e.j.s.ServletContextHandler@6a4dfee2{static,/static,jar:file:/home/runner/.m2/repository/org/apache/ozone/hdds-container-service/1.3.0-SNAPSHOT/hdds-container-service-1.3.0-SNAPSHOT.jar!/webapps/static,STOPPED}
2022-06-21 13:55:45,775 [Listener at 127.0.0.1/42759] INFO  handler.ContextHandler (ContextHandler.java:doStop(1153)) - Stopped o.e.j.s.ServletContextHandler@39287e36{logs,/logs,file:///home/runner/work/ozone/ozone/hadoop-ozone/integration-test/target/log,STOPPED}
2022-06-21 13:55:45,803 [ForkJoinPool.commonPool-worker-0] INFO  statemachine.DatanodeStateMachine (DatanodeStateMachine.java:stopDaemon(580)) - Ozone container server stopped.
2022-06-21 13:55:45,846 [ForkJoinPool.commonPool-worker-0] INFO  handler.ContextHandler (ContextHandler.java:doStop(1153)) - Stopped o.e.j.w.WebAppContext@5ca63fd8{hddsDatanode,/,null,STOPPED}{jar:file:/home/runner/.m2/repository/org/apache/ozone/hdds-container-service/1.3.0-SNAPSHOT/hdds-container-service-1.3.0-SNAPSHOT.jar!/webapps/hddsDatanode}
2022-06-21 13:55:45,847 [ForkJoinPool.commonPool-worker-0] INFO  server.AbstractConnector (AbstractConnector.java:doStop(381)) - Stopped ServerConnector@61675dd5{HTTP/1.1, (http/1.1)}{0.0.0.0:0}
2022-06-21 13:55:45,847 [ForkJoinPool.commonPool-worker-0] INFO  server.session (HouseKeeper.java:stopScavenging(149)) - node0 Stopped scavenging
2022-06-21 13:55:45,851 [ForkJoinPool.commonPool-worker-0] INFO  handler.ContextHandler (ContextHandler.java:doStop(1153)) - Stopped o.e.j.s.ServletContextHandler@49a86da{static,/static,jar:file:/home/runner/.m2/repository/org/apache/ozone/hdds-container-service/1.3.0-SNAPSHOT/hdds-container-service-1.3.0-SNAPSHOT.jar!/webapps/static,STOPPED}
2022-06-21 13:55:45,852 [ForkJoinPool.commonPool-worker-0] INFO  handler.ContextHandler (ContextHandler.java:doStop(1153)) - Stopped o.e.j.s.ServletContextHandler@4685b66e{logs,/logs,file:///home/runner/work/ozone/ozone/hadoop-ozone/integration-test/target/log,STOPPED}
2022-06-21 13:55:50,790 [Listener at 127.0.0.1/42759] INFO  ozoneimpl.OzoneContainer (OzoneContainer.java:stop(365)) - Attempting to stop container services.
2022-06-21 13:55:50,792 [Listener at 127.0.0.1/42759] INFO  server.RaftServer (RaftServerProxy.java:lambda$close$7(398)) - e8a5f4c1-362e-4bfa-a43a-3b00239108a9: close
2022-06-21 13:55:50,793 [Listener at 127.0.0.1/42759] INFO  server.RaftServer$Division (RaftServerImpl.java:lambda$close$4(434)) - e8a5f4c1-362e-4bfa-a43a-3b00239108a9@group-DC99E4621A07: shutdown
2022-06-21 13:55:50,793 [Listener at 127.0.0.1/42759] INFO  util.JmxRegister (JmxRegister.java:unregister(73)) - Successfully un-registered JMX Bean with object name Ratis:service=RaftServer,group=group-DC99E4621A07,id=e8a5f4c1-362e-4bfa-a43a-3b00239108a9
2022-06-21 13:55:50,793 [Listener at 127.0.0.1/42759] INFO  impl.RoleInfo (RoleInfo.java:shutdownLeaderState(93)) - e8a5f4c1-362e-4bfa-a43a-3b00239108a9: shutdown e8a5f4c1-362e-4bfa-a43a-3b00239108a9@group-DC99E4621A07-LeaderStateImpl
2022-06-21 13:55:50,793 [Listener at 127.0.0.1/42759] INFO  impl.PendingRequests (PendingRequests.java:sendNotLeaderResponses(282)) - e8a5f4c1-362e-4bfa-a43a-3b00239108a9@group-DC99E4621A07-PendingRequests: sendNotLeaderResponses
2022-06-21 13:55:50,794 [Listener at 127.0.0.1/42759] INFO  impl.StateMachineUpdater (StateMachineUpdater.java:stopAndJoin(153)) - e8a5f4c1-362e-4bfa-a43a-3b00239108a9@group-DC99E4621A07-StateMachineUpdater: set stopIndex = 0
2022-06-21 13:55:50,794 [e8a5f4c1-362e-4bfa-a43a-3b00239108a9@group-DC99E4621A07-StateMachineUpdater] INFO  ratis.ContainerStateMachine (ContainerStateMachine.java:takeSnapshot(304)) - group-DC99E4621A07: Taking a snapshot at:(t:1, i:0) file /home/runner/work/ozone/ozone/hadoop-ozone/integration-test/target/test-dir/MiniOzoneClusterImpl-3f841ece-6686-4b0e-b99d-a05159fb56b1/datanode-3/data/ratis/78b2b426-b7ab-43ab-a55b-dc99e4621a07/sm/snapshot.1_0
2022-06-21 13:55:50,798 [e8a5f4c1-362e-4bfa-a43a-3b00239108a9@group-DC99E4621A07-StateMachineUpdater] INFO  ratis.ContainerStateMachine (ContainerStateMachine.java:takeSnapshot(315)) - group-DC99E4621A07: Finished taking a snapshot at:(t:1, i:0) file:/home/runner/work/ozone/ozone/hadoop-ozone/integration-test/target/test-dir/MiniOzoneClusterImpl-3f841ece-6686-4b0e-b99d-a05159fb56b1/datanode-3/data/ratis/78b2b426-b7ab-43ab-a55b-dc99e4621a07/sm/snapshot.1_0 took: 3 ms
2022-06-21 13:55:50,798 [e8a5f4c1-362e-4bfa-a43a-3b00239108a9@group-DC99E4621A07-StateMachineUpdater] INFO  impl.StateMachineUpdater (StateMachineUpdater.java:takeSnapshot(287)) - e8a5f4c1-362e-4bfa-a43a-3b00239108a9@group-DC99E4621A07-StateMachineUpdater: Took a snapshot at index 0
2022-06-21 13:55:50,798 [e8a5f4c1-362e-4bfa-a43a-3b00239108a9@group-DC99E4621A07-StateMachineUpdater] INFO  impl.StateMachineUpdater (StateMachineUpdater.java:lambda$new$0(92)) - e8a5f4c1-362e-4bfa-a43a-3b00239108a9@group-DC99E4621A07-StateMachineUpdater: snapshotIndex: updateIncreasingly -1 -> 0
2022-06-21 13:55:50,798 [Listener at 127.0.0.1/42759] INFO  server.RaftServer$Division (ServerState.java:close(429)) - e8a5f4c1-362e-4bfa-a43a-3b00239108a9@group-DC99E4621A07: closes. applyIndex: 0
2022-06-21 13:55:50,799 [e8a5f4c1-362e-4bfa-a43a-3b00239108a9@group-DC99E4621A07-SegmentedRaftLogWorker] INFO  segmented.SegmentedRaftLogWorker (SegmentedRaftLogWorker.java:run(336)) - e8a5f4c1-362e-4bfa-a43a-3b00239108a9@group-DC99E4621A07-SegmentedRaftLogWorker was interrupted, exiting. There are 0 tasks remaining in the queue.
2022-06-21 13:55:50,826 [Listener at 127.0.0.1/42759] INFO  segmented.SegmentedRaftLogWorker (SegmentedRaftLogWorker.java:close(246)) - e8a5f4c1-362e-4bfa-a43a-3b00239108a9@group-DC99E4621A07-SegmentedRaftLogWorker close()
2022-06-21 13:55:50,828 [Listener at 127.0.0.1/42759] INFO  server.GrpcService (GrpcService.java:closeImpl(269)) - e8a5f4c1-362e-4bfa-a43a-3b00239108a9: shutdown server with port 43683 now
2022-06-21 13:55:50,829 [Listener at 127.0.0.1/42759] INFO  server.GrpcService (GrpcService.java:closeImpl(278)) - e8a5f4c1-362e-4bfa-a43a-3b00239108a9: shutdown server with port 43683 successfully
2022-06-21 13:55:50,829 [org.apache.ratis.util.JvmPauseMonitor$$Lambda$627/290163460@2f7ab441] INFO  util.JvmPauseMonitor (JvmPauseMonitor.java:run(109)) - JvmPauseMonitor-e8a5f4c1-362e-4bfa-a43a-3b00239108a9: Stopped
2022-06-21 13:55:52,862 [Listener at 127.0.0.1/42759] INFO  utils.BackgroundService (BackgroundService.java:shutdown(132)) - Shutting down service BlockDeletingService
2022-06-21 13:55:55,872 [Listener at 127.0.0.1/42759] INFO  statemachine.DatanodeStateMachine (DatanodeStateMachine.java:stopDaemon(580)) - Ozone container server stopped.
2022-06-21 13:55:55,884 [Listener at 127.0.0.1/42759] INFO  handler.ContextHandler (ContextHandler.java:doStop(1153)) - Stopped o.e.j.w.WebAppContext@67830628{hddsDatanode,/,null,STOPPED}{jar:file:/home/runner/.m2/repository/org/apache/ozone/hdds-container-service/1.3.0-SNAPSHOT/hdds-container-service-1.3.0-SNAPSHOT.jar!/webapps/hddsDatanode}
2022-06-21 13:55:55,891 [Listener at 127.0.0.1/42759] INFO  server.AbstractConnector (AbstractConnector.java:doStop(381)) - Stopped ServerConnector@6e3a479f{HTTP/1.1, (http/1.1)}{0.0.0.0:0}
2022-06-21 13:55:55,891 [Listener at 127.0.0.1/42759] INFO  server.session (HouseKeeper.java:stopScavenging(149)) - node0 Stopped scavenging
2022-06-21 13:55:55,891 [Listener at 127.0.0.1/42759] INFO  handler.ContextHandler (ContextHandler.java:doStop(1153)) - Stopped o.e.j.s.ServletContextHandler@33a95758{static,/static,jar:file:/home/runner/.m2/repository/org/apache/ozone/hdds-container-service/1.3.0-SNAPSHOT/hdds-container-service-1.3.0-SNAPSHOT.jar!/webapps/static,STOPPED}
2022-06-21 13:55:55,891 [Listener at 127.0.0.1/42759] INFO  handler.ContextHandler (ContextHandler.java:doStop(1153)) - Stopped o.e.j.s.ServletContextHandler@d59a45d{logs,/logs,file:///home/runner/work/ozone/ozone/hadoop-ozone/integration-test/target/log,STOPPED}
2022-06-21 13:55:55,911 [Listener at 127.0.0.1/42759] INFO  ozone.MiniOzoneClusterImpl (MiniOzoneClusterImpl.java:stopSCM(546)) - Stopping the StorageContainerManager
2022-06-21 13:55:55,911 [Listener at 127.0.0.1/42759] INFO  server.StorageContainerManager (StorageContainerManager.java:stop(1504)) - Container Balancer is not running.
2022-06-21 13:55:55,911 [Listener at 127.0.0.1/42759] INFO  server.StorageContainerManager (StorageContainerManager.java:stop(1511)) - Stopping Replication Manager Service.
2022-06-21 13:55:55,911 [Listener at 127.0.0.1/42759] INFO  replication.ReplicationManager (ReplicationManager.java:stop(212)) - Stopping Replication Monitor Thread.
2022-06-21 13:55:55,912 [ReplicationMonitor] INFO  replication.ReplicationManager (ReplicationManager.java:run(270)) - Replication Monitor Thread is stopped
2022-06-21 13:55:55,912 [Listener at 127.0.0.1/42759] INFO  server.StorageContainerManager (StorageContainerManager.java:stop(1518)) - Stopping the Datanode Admin Monitor.
2022-06-21 13:55:55,912 [Listener at 127.0.0.1/42759] INFO  server.StorageContainerManager (StorageContainerManager.java:stop(1525)) - Stopping Lease Manager of the command watchers
2022-06-21 13:55:55,912 [Listener at 127.0.0.1/42759] INFO  server.StorageContainerManager (StorageContainerManager.java:stop(1532)) - Stopping datanode service RPC server
2022-06-21 13:55:55,912 [Listener at 127.0.0.1/42759] INFO  server.SCMDatanodeProtocolServer (SCMDatanodeProtocolServer.java:stop(400)) - Stopping the RPC server for DataNodes
2022-06-21 13:55:55,913 [Listener at 127.0.0.1/42759] INFO  ipc.Server (Server.java:stop(3414)) - Stopping server on 33447
2022-06-21 13:55:55,914 [IPC Server listener on 0] INFO  ipc.Server (Server.java:run(1376)) - Stopping IPC Server listener on 0
2022-06-21 13:55:55,962 [IPC Server Responder] INFO  ipc.Server (Server.java:run(1512)) - Stopping IPC Server Responder
2022-06-21 13:55:56,035 [SCM Heartbeat Processing Thread - 0] WARN  node.NodeStateManager (NodeStateManager.java:scheduleNextHealthCheck(848)) - Current Thread is interrupted, shutting down HB processing thread for Node Manager.
2022-06-21 13:55:56,035 [Listener at 127.0.0.1/42759] INFO  server.StorageContainerManager (StorageContainerManager.java:stop(1540)) - Stopping block service RPC server
2022-06-21 13:55:56,035 [Listener at 127.0.0.1/42759] INFO  server.SCMBlockProtocolServer (SCMBlockProtocolServer.java:stop(160)) - Stopping the RPC server for Block Protocol
2022-06-21 13:55:56,035 [Listener at 127.0.0.1/42759] INFO  ipc.Server (Server.java:stop(3414)) - Stopping server on 43453
2022-06-21 13:55:56,037 [Listener at 127.0.0.1/42759] INFO  server.StorageContainerManager (StorageContainerManager.java:stop(1547)) - Stopping the StorageContainerLocationProtocol RPC server
2022-06-21 13:55:56,038 [Listener at 127.0.0.1/42759] INFO  server.SCMClientProtocolServer (SCMClientProtocolServer.java:stop(178)) - Stopping the RPC server for Client Protocol
2022-06-21 13:55:56,038 [Listener at 127.0.0.1/42759] INFO  ipc.Server (Server.java:stop(3414)) - Stopping server on 45139
2022-06-21 13:55:56,046 [Listener at 127.0.0.1/42759] INFO  server.StorageContainerManager (StorageContainerManager.java:stop(1554)) - Stopping Storage Container Manager HTTP server.
2022-06-21 13:55:56,047 [IPC Server Responder] INFO  ipc.Server (Server.java:run(1512)) - Stopping IPC Server Responder
2022-06-21 13:55:56,047 [IPC Server listener on 0] INFO  ipc.Server (Server.java:run(1376)) - Stopping IPC Server listener on 0
2022-06-21 13:55:56,071 [IPC Server listener on 0] INFO  ipc.Server (Server.java:run(1376)) - Stopping IPC Server listener on 0
2022-06-21 13:55:56,075 [Listener at 127.0.0.1/42759] INFO  handler.ContextHandler (ContextHandler.java:doStop(1153)) - Stopped o.e.j.w.WebAppContext@8a4f94f{scm,/,null,STOPPED}{file:/home/runner/work/ozone/ozone/hadoop-ozone/integration-test/target/test-classes/webapps/scm}
2022-06-21 13:55:56,088 [IPC Server Responder] INFO  ipc.Server (Server.java:run(1512)) - Stopping IPC Server Responder
2022-06-21 13:55:56,107 [Listener at 127.0.0.1/42759] INFO  server.AbstractConnector (AbstractConnector.java:doStop(381)) - Stopped ServerConnector@785bb7e9{HTTP/1.1, (http/1.1)}{0.0.0.0:0}
2022-06-21 13:55:56,107 [Listener at 127.0.0.1/42759] INFO  server.session (HouseKeeper.java:stopScavenging(149)) - node0 Stopped scavenging
2022-06-21 13:55:56,107 [Listener at 127.0.0.1/42759] INFO  handler.ContextHandler (ContextHandler.java:doStop(1153)) - Stopped o.e.j.s.ServletContextHandler@7627ad43{static,/static,file:///home/runner/work/ozone/ozone/hadoop-ozone/integration-test/target/test-classes/webapps/static,STOPPED}
2022-06-21 13:55:56,107 [Listener at 127.0.0.1/42759] INFO  handler.ContextHandler (ContextHandler.java:doStop(1153)) - Stopped o.e.j.s.ServletContextHandler@9831fa9{logs,/logs,file:///home/runner/work/ozone/ozone/hadoop-ozone/integration-test/target/log,STOPPED}
2022-06-21 13:55:56,110 [Listener at 127.0.0.1/42759] INFO  server.StorageContainerManager (StorageContainerManager.java:stop(1565)) - Stopping Block Manager Service.
2022-06-21 13:55:56,111 [Listener at 127.0.0.1/42759] INFO  utils.BackgroundService (BackgroundService.java:shutdown(132)) - Shutting down service SCMBlockDeletingService
2022-06-21 13:55:56,115 [Listener at 127.0.0.1/42759] INFO  utils.BackgroundService (BackgroundService.java:shutdown(132)) - Shutting down service SCMBlockDeletingService
2022-06-21 13:55:56,115 [Listener at 127.0.0.1/42759] INFO  server.StorageContainerManager (StorageContainerManager.java:stop(1592)) - Stopping SCM Event Queue.
2022-06-21 13:55:56,119 [Listener at 127.0.0.1/42759] INFO  server.StorageContainerManager (StorageContainerManager.java:stop(1603)) - Stopping SCM HA services.
2022-06-21 13:55:56,119 [Listener at 127.0.0.1/42759] INFO  pipeline.BackgroundPipelineCreator (BackgroundPipelineCreator.java:stop(150)) - Stopping RatisPipelineUtilsThread.
2022-06-21 13:55:56,120 [RatisPipelineUtilsThread - 0] WARN  pipeline.BackgroundPipelineCreator (BackgroundPipelineCreator.java:run(177)) - RatisPipelineUtilsThread is interrupted.
2022-06-21 13:55:56,120 [Listener at 127.0.0.1/42759] INFO  BackgroundPipelineScrubber (BackgroundSCMService.java:stop(126)) - Stopping BackgroundPipelineScrubber Service.
2022-06-21 13:55:56,120 [BackgroundPipelineScrubberThread] WARN  BackgroundPipelineScrubber (BackgroundSCMService.java:run(110)) - BackgroundPipelineScrubber is interrupted, exit
2022-06-21 13:55:56,120 [Listener at 127.0.0.1/42759] INFO  server.StorageContainerManager (StorageContainerManager.java:stop(1613)) - Stopping SCM MetadataStore.
2022-06-21 13:55:56,127 [Listener at 127.0.0.1/42759] INFO  impl.MetricsSystemImpl (MetricsSystemImpl.java:stop(210)) - Stopping HddsDatanode metrics system...
2022-06-21 13:55:56,141 [prometheus] INFO  impl.MetricsSinkAdapter (MetricsSinkAdapter.java:publishMetricsFromQueue(141)) - prometheus thread interrupted.
2022-06-21 13:55:56,142 [Listener at 127.0.0.1/42759] INFO  impl.MetricsSystemImpl (MetricsSystemImpl.java:stop(216)) - HddsDatanode metrics system stopped.
2022-06-21 13:55:56,343 [Listener at 127.0.0.1/42759] WARN  server.ServerUtils (ServerUtils.java:getScmDbDir(148)) - ozone.scm.db.dirs is not configured. We recommend adding this setting. Falling back to ozone.metadata.dirs instead.
2022-06-21 13:55:56,370 [Listener at 127.0.0.1/42759] WARN  server.ServerUtils (ServerUtils.java:getScmDbDir(148)) - ozone.scm.db.dirs is not configured. We recommend adding this setting. Falling back to ozone.metadata.dirs instead.
2022-06-21 13:55:56,371 [Listener at 127.0.0.1/42759] INFO  ha.SCMHANodeDetails (SCMHANodeDetails.java:loadSCMHAConfig(209)) - ServiceID for StorageContainerManager is null
2022-06-21 13:55:56,371 [Listener at 127.0.0.1/42759] INFO  ha.SCMHANodeDetails (SCMHANodeDetails.java:loadSCMHAConfig(214)) - ozone.scm.default.service.id is not defined, falling back to ozone.scm.service.ids to find serviceID for StorageContainerManager if it is HA enabled cluster
2022-06-21 13:55:56,373 [Listener at 127.0.0.1/42759] WARN  utils.HAUtils (HAUtils.java:getMetaDir(342)) - ozone.scm.db.dirs is not configured. We recommend adding this setting. Falling back to ozone.metadata.dirs instead.
2022-06-21 13:55:56,403 [Listener at 127.0.0.1/42759] WARN  db.DBStoreBuilder (DBStoreBuilder.java:applyDBDefinition(145)) - ozone.scm.db.dirs is not configured. We recommend adding this setting. Falling back to ozone.metadata.dirs instead.
2022-06-21 13:55:56,870 [Listener at 127.0.0.1/42759] INFO  net.NodeSchemaLoader (NodeSchemaLoader.java:loadSchemaFromFile(129)) - Loading schema from [jar:file:/home/runner/.m2/repository/org/apache/ozone/hdds-common/1.3.0-SNAPSHOT/hdds-common-1.3.0-SNAPSHOT.jar!/network-topology-default.xml]
2022-06-21 13:55:56,871 [Listener at 127.0.0.1/42759] INFO  net.NodeSchemaLoader (NodeSchemaLoader.java:loadSchema(176)) - Loading network topology layer schema file
2022-06-21 13:55:56,873 [Listener at 127.0.0.1/42759] INFO  upgrade.AbstractLayoutVersionManager (AbstractLayoutVersionManager.java:init(82)) - Initializing Layout version manager with metadata layout = DATANODE_SCHEMA_V3 (version = 4), software layout = DATANODE_SCHEMA_V3 (version = 4)
2022-06-21 13:55:57,011 [Listener at 127.0.0.1/42759] INFO  reflections.Reflections (Reflections.java:scan(232)) - Reflections took 137 ms to scan 7 urls, producing 131 keys and 315 values 
2022-06-21 13:55:57,027 [Listener at 127.0.0.1/42759] INFO  ha.SequenceIdGenerator (SequenceIdGenerator.java:upgradeToSequenceId(347)) - upgrade localId to 109611004723200000
2022-06-21 13:55:57,027 [Listener at 127.0.0.1/42759] INFO  ha.SequenceIdGenerator (SequenceIdGenerator.java:upgradeToSequenceId(357)) - upgrade delTxnId to 0
2022-06-21 13:55:57,027 [Listener at 127.0.0.1/42759] INFO  ha.SequenceIdGenerator (SequenceIdGenerator.java:upgradeToSequenceId(374)) - upgrade containerId to 0
2022-06-21 13:55:57,027 [Listener at 127.0.0.1/42759] INFO  ha.SequenceIdGenerator (SequenceIdGenerator.java:<init>(218)) - Init the HA SequenceIdGenerator.
2022-06-21 13:55:57,028 [Listener at 127.0.0.1/42759] WARN  server.ServerUtils (ServerUtils.java:sanitizeUserArgs(73)) - ozone.scm.stale.node.interval value = 300000 is larger than max = 100000 based on the key value of ozone.scm.heartbeat.thread.interval, reset to the max value 100000.
2022-06-21 13:55:57,028 [Listener at 127.0.0.1/42759] WARN  server.ServerUtils (ServerUtils.java:sanitizeUserArgs(73)) - ozone.scm.stale.node.interval value = 300000 is larger than max = 100000 based on the key value of ozone.scm.heartbeat.thread.interval, reset to the max value 100000.
2022-06-21 13:55:57,036 [Listener at 127.0.0.1/42759] INFO  node.SCMNodeManager (SCMNodeManager.java:<init>(149)) - Entering startup safe mode.
2022-06-21 13:55:57,037 [Listener at 127.0.0.1/42759] INFO  algorithms.ContainerPlacementPolicyFactory (ContainerPlacementPolicyFactory.java:getPolicyInternal(86)) - Create container placement policy of type org.apache.hadoop.hdds.scm.container.placement.algorithms.SCMContainerPlacementRandom
2022-06-21 13:55:57,037 [Listener at 127.0.0.1/42759] INFO  pipeline.PipelineStateManagerImpl (PipelineStateManagerImpl.java:initialize(78)) - No pipeline exists in current db
2022-06-21 13:55:57,037 [Listener at 127.0.0.1/42759] INFO  algorithms.LeaderChoosePolicyFactory (LeaderChoosePolicyFactory.java:getPolicy(57)) - Create leader choose policy of type org.apache.hadoop.hdds.scm.pipeline.leader.choose.algorithms.MinLeaderCountChoosePolicy
2022-06-21 13:55:57,037 [Listener at 127.0.0.1/42759] INFO  algorithms.ContainerPlacementPolicyFactory (ContainerPlacementPolicyFactory.java:getPolicyInternal(86)) - Create container placement policy of type org.apache.hadoop.hdds.scm.container.placement.algorithms.SCMContainerPlacementRackScatter
2022-06-21 13:55:57,037 [Listener at 127.0.0.1/42759] INFO  pipeline.BackgroundPipelineCreator (BackgroundPipelineCreator.java:start(125)) - Starting RatisPipelineUtilsThread.
2022-06-21 13:55:57,054 [Listener at 127.0.0.1/42759] INFO  BackgroundPipelineScrubber (BackgroundSCMService.java:start(68)) - Starting BackgroundPipelineScrubber Service.
2022-06-21 13:55:57,065 [Listener at 127.0.0.1/42759] INFO  ha.SCMServiceManager (SCMServiceManager.java:register(42)) - Registering service BackgroundPipelineCreator.
2022-06-21 13:55:57,066 [Listener at 127.0.0.1/42759] INFO  ha.SCMServiceManager (SCMServiceManager.java:register(42)) - Registering service BackgroundPipelineScrubber.
2022-06-21 13:55:57,066 [Listener at 127.0.0.1/42759] INFO  ExpiredContainerReplicaOpScrubber (BackgroundSCMService.java:start(68)) - Starting ExpiredContainerReplicaOpScrubber Service.
2022-06-21 13:55:57,086 [Listener at 127.0.0.1/42759] INFO  ha.SCMServiceManager (SCMServiceManager.java:register(42)) - Registering service ExpiredContainerReplicaOpScrubber.
2022-06-21 13:55:57,086 [Listener at 127.0.0.1/42759] INFO  algorithms.PipelineChoosePolicyFactory (PipelineChoosePolicyFactory.java:createPipelineChoosePolicyFromClass(73)) - Create pipeline choose policy of type org.apache.hadoop.hdds.scm.pipeline.choose.algorithms.RandomPipelineChoosePolicy
2022-06-21 13:55:57,087 [Listener at 127.0.0.1/42759] INFO  ha.SCMServiceManager (SCMServiceManager.java:register(42)) - Registering service SCMBlockDeletingService.
2022-06-21 13:55:57,087 [Listener at 127.0.0.1/42759] INFO  ha.SCMServiceManager (SCMServiceManager.java:register(42)) - Registering service ReplicationManager.
2022-06-21 13:55:57,087 [Listener at 127.0.0.1/42759] INFO  replication.ReplicationManager (ReplicationManager.java:start(179)) - Starting Replication Monitor Thread.
2022-06-21 13:55:57,092 [Listener at 127.0.0.1/42759] INFO  safemode.ContainerSafeModeRule (ContainerSafeModeRule.java:<init>(89)) - containers with one replica threshold count 0
2022-06-21 13:55:57,092 [Listener at 127.0.0.1/42759] INFO  safemode.HealthyPipelineSafeModeRule (HealthyPipelineSafeModeRule.java:initializeRule(156)) - Total pipeline count is 0, healthy pipeline threshold count is 1
2022-06-21 13:55:57,092 [Listener at 127.0.0.1/42759] INFO  safemode.OneReplicaPipelineSafeModeRule (OneReplicaPipelineSafeModeRule.java:initializeRule(180)) - Total pipeline count is 0, pipeline's with at least one datanode reported threshold count is 0
2022-06-21 13:55:57,093 [Listener at 127.0.0.1/42759] INFO  ipc.CallQueueManager (CallQueueManager.java:<init>(90)) - Using callQueue: class java.util.concurrent.LinkedBlockingQueue, queueCapacity: 2000, scheduler: class org.apache.hadoop.ipc.DefaultRpcScheduler, ipcBackoff: false.
2022-06-21 13:55:57,093 [Socket Reader #1 for port 0] INFO  ipc.Server (Server.java:run(1265)) - Starting Socket Reader #1 for port 0
2022-06-21 13:55:57,094 [Listener at 0.0.0.0/33833] INFO  ipc.CallQueueManager (CallQueueManager.java:<init>(90)) - Using callQueue: class java.util.concurrent.LinkedBlockingQueue, queueCapacity: 2000, scheduler: class org.apache.hadoop.ipc.DefaultRpcScheduler, ipcBackoff: false.
2022-06-21 13:55:57,099 [Listener at 0.0.0.0/37803] INFO  ipc.CallQueueManager (CallQueueManager.java:<init>(90)) - Using callQueue: class java.util.concurrent.LinkedBlockingQueue, queueCapacity: 2000, scheduler: class org.apache.hadoop.ipc.DefaultRpcScheduler, ipcBackoff: false.
2022-06-21 13:55:57,110 [ReplicationMonitor] INFO  replication.ReplicationManager (ReplicationManager.java:processAll(228)) - Replication Manager is not ready to run until 3000ms after safemode exit
2022-06-21 13:55:57,147 [Socket Reader #1 for port 0] INFO  ipc.Server (Server.java:run(1265)) - Starting Socket Reader #1 for port 0
2022-06-21 13:55:57,210 [Socket Reader #1 for port 0] INFO  ipc.Server (Server.java:run(1265)) - Starting Socket Reader #1 for port 0
2022-06-21 13:55:57,293 [Listener at 0.0.0.0/46417] INFO  ha.SCMServiceManager (SCMServiceManager.java:register(42)) - Registering service ContainerBalancer.
2022-06-21 13:55:57,293 [Listener at 0.0.0.0/46417] INFO  server.StorageContainerManager (StorageContainerManager.java:<init>(399)) - 
Container Balancer status:
Key                            Value
Running                        false
Container Balancer Configuration values:
Key                                                Value
Threshold                                          10
Max Datanodes to Involve per Iteration(percent)    20
Max Size to Move per Iteration                     500GB
Max Size Entering Target per Iteration             26GB
Max Size Leaving Source per Iteration              26GB

2022-06-21 13:55:57,293 [Listener at 0.0.0.0/46417] WARN  events.EventQueue (EventQueue.java:fireEvent(194)) - No event handler registered for event TypedEvent{payloadType=SafeModeStatus, name='Safe mode status'}
2022-06-21 13:55:57,293 [Listener at 0.0.0.0/46417] INFO  ha.SCMContext (SCMContext.java:updateSafeModeStatus(228)) - Update SafeModeStatus from SafeModeStatus{safeModeStatus=true, preCheckPassed=false} to SafeModeStatus{safeModeStatus=true, preCheckPassed=false}.
2022-06-21 13:55:57,294 [Listener at 0.0.0.0/46417] INFO  server.StorageContainerManager (StorageContainerManager.java:start(1412)) - StorageContainerLocationProtocol RPC server is listening at /0.0.0.0:46417
2022-06-21 13:55:57,386 [Listener at 0.0.0.0/46417] WARN  impl.MetricsConfig (MetricsConfig.java:loadFirst(136)) - Cannot locate configuration: tried hadoop-metrics2-storagecontainermanager.properties,hadoop-metrics2.properties
2022-06-21 13:55:57,387 [Listener at 0.0.0.0/46417] INFO  impl.MetricsSystemImpl (MetricsSystemImpl.java:startTimer(378)) - Scheduled Metric snapshot period at 10 second(s).
2022-06-21 13:55:57,387 [Listener at 0.0.0.0/46417] INFO  impl.MetricsSystemImpl (MetricsSystemImpl.java:start(191)) - StorageContainerManager metrics system started
2022-06-21 13:55:57,559 [Listener at 0.0.0.0/46417] INFO  impl.MetricsSinkAdapter (MetricsSinkAdapter.java:start(204)) - Sink prometheus started
2022-06-21 13:55:57,559 [Listener at 0.0.0.0/46417] INFO  impl.MetricsSystemImpl (MetricsSystemImpl.java:registerSink(305)) - Registered sink prometheus
2022-06-21 13:55:57,615 [Listener at 0.0.0.0/46417] INFO  server.SCMClientProtocolServer (SCMClientProtocolServer.java:start(169)) - RPC server for Client  is listening at /0.0.0.0:46417
2022-06-21 13:55:57,631 [IPC Server Responder] INFO  ipc.Server (Server.java:run(1507)) - IPC Server Responder: starting
2022-06-21 13:55:57,646 [IPC Server listener on 0] INFO  ipc.Server (Server.java:run(1344)) - IPC Server listener on 0: starting
2022-06-21 13:55:57,730 [Listener at 0.0.0.0/46417] INFO  server.StorageContainerManager (StorageContainerManager.java:start(1427)) - ScmBlockLocationProtocol RPC server is listening at /0.0.0.0:37803
2022-06-21 13:55:57,731 [Listener at 0.0.0.0/46417] INFO  server.SCMBlockProtocolServer (SCMBlockProtocolServer.java:start(151)) - RPC server for Block Protocol is listening at /0.0.0.0:37803
2022-06-21 13:55:57,743 [IPC Server Responder] INFO  ipc.Server (Server.java:run(1507)) - IPC Server Responder: starting
2022-06-21 13:55:57,748 [IPC Server listener on 0] INFO  ipc.Server (Server.java:run(1344)) - IPC Server listener on 0: starting
2022-06-21 13:55:57,843 [Listener at 0.0.0.0/46417] INFO  server.SCMDatanodeProtocolServer (SCMDatanodeProtocolServer.java:start(183)) - ScmDatanodeProtocol RPC server for DataNodes is listening at /0.0.0.0:33833
2022-06-21 13:55:57,844 [IPC Server Responder] INFO  ipc.Server (Server.java:run(1507)) - IPC Server Responder: starting
2022-06-21 13:55:57,844 [IPC Server listener on 0] INFO  ipc.Server (Server.java:run(1344)) - IPC Server listener on 0: starting
2022-06-21 13:55:57,856 [Listener at 0.0.0.0/46417] INFO  http.BaseHttpServer (BaseHttpServer.java:newHttpServer2BuilderForOzone(209)) - Starting Web-server for scm at: http://0.0.0.0:0
2022-06-21 13:55:57,856 [Listener at 0.0.0.0/46417] INFO  http.BaseHttpServer (BaseHttpServer.java:<init>(107)) - Hadoop Security Enabled: false Ozone Security Enabled: false Ozone HTTP Security Enabled: false 
2022-06-21 13:55:57,857 [Listener at 0.0.0.0/46417] INFO  server.AuthenticationFilter (AuthenticationFilter.java:constructSecretProvider(240)) - Unable to initialize FileSignerSecretProvider, falling back to use random secrets.
2022-06-21 13:55:57,891 [org.apache.hadoop.util.JvmPauseMonitor$Monitor@2cf953ac] INFO  util.JvmPauseMonitor (JvmPauseMonitor.java:run(188)) - Starting JVM pause monitor
2022-06-21 13:55:57,894 [Listener at 0.0.0.0/46417] WARN  http.HttpRequestLog (HttpRequestLog.java:getRequestLog(103)) - Jetty request log can only be enabled using Log4j
2022-06-21 13:55:57,896 [Listener at 0.0.0.0/46417] INFO  http.HttpServer2 (HttpServer2.java:addGlobalFilter(1029)) - Added global filter 'safety' (class=org.apache.hadoop.hdds.server.http.HttpServer2$QuotingInputFilter)
2022-06-21 13:55:57,896 [Listener at 0.0.0.0/46417] INFO  http.HttpServer2 (HttpServer2.java:addFilter(1005)) - Added filter static_user_filter (class=org.apache.hadoop.http.lib.StaticUserWebFilter$StaticUserFilter) to context scm
2022-06-21 13:55:57,896 [Listener at 0.0.0.0/46417] INFO  http.HttpServer2 (HttpServer2.java:addFilter(1013)) - Added filter static_user_filter (class=org.apache.hadoop.http.lib.StaticUserWebFilter$StaticUserFilter) to context logs
2022-06-21 13:55:57,896 [Listener at 0.0.0.0/46417] INFO  http.HttpServer2 (HttpServer2.java:addFilter(1013)) - Added filter static_user_filter (class=org.apache.hadoop.http.lib.StaticUserWebFilter$StaticUserFilter) to context static
2022-06-21 13:55:57,897 [Listener at 0.0.0.0/46417] INFO  http.HttpServer2 (HttpServer2.java:bindListener(1248)) - Jetty bound to port 39125
2022-06-21 13:55:57,897 [Listener at 0.0.0.0/46417] INFO  server.Server (Server.java:doStart(375)) - jetty-9.4.43.v20210629; built: 2021-06-30T11:07:22.254Z; git: 526006ecfa3af7f1a27ef3a288e2bef7ea9dd7e8; jvm 1.8.0_332-b09
2022-06-21 13:55:57,999 [Listener at 0.0.0.0/46417] INFO  server.session (DefaultSessionIdManager.java:doStart(334)) - DefaultSessionIdManager workerName=node0
2022-06-21 13:55:57,999 [Listener at 0.0.0.0/46417] INFO  server.session (DefaultSessionIdManager.java:doStart(339)) - No SessionScavenger set, using defaults
2022-06-21 13:55:57,999 [Listener at 0.0.0.0/46417] INFO  server.session (HouseKeeper.java:startScavenging(132)) - node0 Scavenging every 600000ms
2022-06-21 13:55:58,007 [Listener at 0.0.0.0/46417] INFO  handler.ContextHandler (ContextHandler.java:doStart(915)) - Started o.e.j.s.ServletContextHandler@12a69516{logs,/logs,file:///home/runner/work/ozone/ozone/hadoop-ozone/integration-test/target/log,AVAILABLE}
2022-06-21 13:55:58,008 [Listener at 0.0.0.0/46417] INFO  handler.ContextHandler (ContextHandler.java:doStart(915)) - Started o.e.j.s.ServletContextHandler@658a5112{static,/static,file:///home/runner/work/ozone/ozone/hadoop-ozone/integration-test/target/test-classes/webapps/static,AVAILABLE}
2022-06-21 13:55:58,010 [Listener at 0.0.0.0/46417] INFO  handler.ContextHandler (ContextHandler.java:doStart(915)) - Started o.e.j.w.WebAppContext@30bde125{scm,/,file:///home/runner/work/ozone/ozone/hadoop-ozone/integration-test/target/test-classes/webapps/scm/,AVAILABLE}{file:/home/runner/work/ozone/ozone/hadoop-ozone/integration-test/target/test-classes/webapps/scm}
2022-06-21 13:55:58,039 [Listener at 0.0.0.0/46417] INFO  server.AbstractConnector (AbstractConnector.java:doStart(331)) - Started ServerConnector@3a1bd3a0{HTTP/1.1, (http/1.1)}{0.0.0.0:39125}
2022-06-21 13:55:58,039 [Listener at 0.0.0.0/46417] INFO  server.Server (Server.java:doStart(415)) - Started @214032ms
2022-06-21 13:55:58,039 [Listener at 0.0.0.0/46417] WARN  impl.MetricsSystemImpl (MetricsSystemImpl.java:register(279)) - Sink prometheus already exists!
2022-06-21 13:55:58,054 [Listener at 0.0.0.0/46417] INFO  http.BaseHttpServer (BaseHttpServer.java:updateConnectorAddress(329)) - HTTP server of scm listening at http://0.0.0.0:39125
2022-06-21 13:55:58,054 [Listener at 0.0.0.0/46417] WARN  server.ServerUtils (ServerUtils.java:getDBPath(225)) - ozone.om.db.dirs is not configured. We recommend adding this setting. Falling back to ozone.metadata.dirs instead.
2022-06-21 13:55:58,060 [Listener at 0.0.0.0/46417] INFO  ha.OMHANodeDetails (OMHANodeDetails.java:loadOMHAConfig(115)) - ozone.om.internal.service.id is not defined, falling back to ozone.om.service.ids to find serviceID for OzoneManager if it is HA enabled cluster
2022-06-21 13:55:58,061 [Listener at 0.0.0.0/46417] INFO  ha.OMHANodeDetails (OMHANodeDetails.java:loadOMHAConfig(226)) - Configuration does not have ozone.om.address set. Falling back to the default OM address /127.0.0.1:0
2022-06-21 13:55:58,061 [Listener at 0.0.0.0/46417] INFO  ha.OMHANodeDetails (OMHANodeDetails.java:getOMNodeDetailsForNonHA(254)) - OM Service ID is not set. Setting it to the default ID: omServiceIdDefault
2022-06-21 13:55:58,061 [Listener at 0.0.0.0/46417] INFO  ha.OMHANodeDetails (OMHANodeDetails.java:getOMNodeDetailsForNonHA(261)) - OM Node ID is not set. Setting it to the default ID: om1
2022-06-21 13:55:58,061 [Listener at 0.0.0.0/46417] WARN  server.ServerUtils (ServerUtils.java:getDBPath(225)) - ozone.om.db.dirs is not configured. We recommend adding this setting. Falling back to ozone.metadata.dirs instead.
2022-06-21 13:55:58,061 [Listener at 0.0.0.0/46417] INFO  upgrade.AbstractLayoutVersionManager (AbstractLayoutVersionManager.java:init(82)) - Initializing Layout version manager with metadata layout = MULTITENANCY_SCHEMA (version = 3), software layout = MULTITENANCY_SCHEMA (version = 3)
2022-06-21 13:55:58,397 [Listener at 0.0.0.0/46417] INFO  reflections.Reflections (Reflections.java:scan(232)) - Reflections took 330 ms to scan 2 urls, producing 153 keys and 431 values [using 2 cores]
2022-06-21 13:55:58,397 [Listener at 0.0.0.0/46417] INFO  upgrade.OMLayoutVersionManager (OMLayoutVersionManager.java:lambda$0(115)) - Skipping Upgrade Action MockOmUpgradeAction since it has been finalized.
2022-06-21 13:55:58,397 [Listener at 0.0.0.0/46417] WARN  server.ServerUtils (ServerUtils.java:getDBPath(225)) - ozone.om.db.dirs is not configured. We recommend adding this setting. Falling back to ozone.metadata.dirs instead.
2022-06-21 13:55:58,398 [Listener at 0.0.0.0/46417] INFO  proxy.SCMBlockLocationFailoverProxyProvider (SCMBlockLocationFailoverProxyProvider.java:<init>(114)) - Created block location fail-over proxy with 1 nodes: [nodeId=scmNodeId,nodeAddress=/0.0.0.0:37803]
2022-06-21 13:55:58,412 [Listener at 0.0.0.0/46417] INFO  proxy.SCMBlockLocationFailoverProxyProvider (SCMBlockLocationFailoverProxyProvider.java:<init>(114)) - Created block location fail-over proxy with 1 nodes: [nodeId=scmNodeId,nodeAddress=/0.0.0.0:37803]
2022-06-21 13:55:58,468 [Listener at 0.0.0.0/46417] WARN  server.ServerUtils (ServerUtils.java:getDBPath(225)) - ozone.om.db.dirs is not configured. We recommend adding this setting. Falling back to ozone.metadata.dirs instead.
2022-06-21 13:55:58,468 [Listener at 0.0.0.0/46417] INFO  codec.OmKeyInfoCodec (OmKeyInfoCodec.java:<init>(49)) - OmKeyInfoCodec ignorePipeline = true
2022-06-21 13:55:58,468 [Listener at 0.0.0.0/46417] INFO  codec.RepeatedOmKeyInfoCodec (RepeatedOmKeyInfoCodec.java:<init>(41)) - RepeatedOmKeyInfoCodec ignorePipeline = true
2022-06-21 13:55:59,092 [Listener at 0.0.0.0/46417] INFO  om.OzoneManager (OzoneManager.java:instantiateServices(692)) - S3 Multi-Tenancy is disabled
2022-06-21 13:55:59,093 [Listener at 0.0.0.0/46417] INFO  om.OzoneManager (OzoneManager.java:addS3GVolumeToDB(4259)) - Created Volume s3v With Owner runner required for S3Gateway operations.
2022-06-21 13:55:59,093 [Listener at 0.0.0.0/46417] INFO  om.OzoneManager (OzoneManager.java:getRpcServer(1081)) - Creating RPC Server
2022-06-21 13:56:00,682 [Listener at 0.0.0.0/46417] INFO  reflections.Reflections (Reflections.java:scan(232)) - Reflections took 1554 ms to scan 19 urls, producing 66 keys and 4061 values [using 2 cores]
2022-06-21 13:56:00,684 [Listener at 0.0.0.0/46417] INFO  ipc.CallQueueManager (CallQueueManager.java:<init>(90)) - Using callQueue: class java.util.concurrent.LinkedBlockingQueue, queueCapacity: 2000, scheduler: class org.apache.hadoop.ipc.DefaultRpcScheduler, ipcBackoff: false.
2022-06-21 13:56:00,685 [Socket Reader #1 for port 0] INFO  ipc.Server (Server.java:run(1265)) - Starting Socket Reader #1 for port 0
2022-06-21 13:56:00,752 [Listener at 127.0.0.1/33745] INFO  impl.MetricsSystemImpl (MetricsSystemImpl.java:init(158)) - OzoneManager metrics system started (again)
2022-06-21 13:56:00,788 [Listener at 127.0.0.1/33745] INFO  om.OzoneManager (OzoneManager.java:start(1465)) - OzoneManager RPC server is listening at localhost/127.0.0.1:33745
2022-06-21 13:56:00,788 [Listener at 127.0.0.1/33745] INFO  om.OzoneManager (OzoneManager.java:start(1481)) - Version File has different layout version (3) than OM DB (null). That is expected if this OM has never been finalized to a newer layout version.
2022-06-21 13:56:00,826 [Listener at 127.0.0.1/33745] INFO  http.BaseHttpServer (BaseHttpServer.java:newHttpServer2BuilderForOzone(209)) - Starting Web-server for ozoneManager at: http://0.0.0.0:0
2022-06-21 13:56:00,827 [Listener at 127.0.0.1/33745] INFO  http.BaseHttpServer (BaseHttpServer.java:<init>(107)) - Hadoop Security Enabled: false Ozone Security Enabled: false Ozone HTTP Security Enabled: false 
2022-06-21 13:56:00,828 [Listener at 127.0.0.1/33745] INFO  server.AuthenticationFilter (AuthenticationFilter.java:constructSecretProvider(240)) - Unable to initialize FileSignerSecretProvider, falling back to use random secrets.
2022-06-21 13:56:00,842 [Listener at 127.0.0.1/33745] WARN  http.HttpRequestLog (HttpRequestLog.java:getRequestLog(103)) - Jetty request log can only be enabled using Log4j
2022-06-21 13:56:00,844 [Listener at 127.0.0.1/33745] INFO  http.HttpServer2 (HttpServer2.java:addGlobalFilter(1029)) - Added global filter 'safety' (class=org.apache.hadoop.hdds.server.http.HttpServer2$QuotingInputFilter)
2022-06-21 13:56:00,844 [Listener at 127.0.0.1/33745] INFO  http.HttpServer2 (HttpServer2.java:addFilter(1005)) - Added filter static_user_filter (class=org.apache.hadoop.http.lib.StaticUserWebFilter$StaticUserFilter) to context ozoneManager
2022-06-21 13:56:00,844 [Listener at 127.0.0.1/33745] INFO  http.HttpServer2 (HttpServer2.java:addFilter(1013)) - Added filter static_user_filter (class=org.apache.hadoop.http.lib.StaticUserWebFilter$StaticUserFilter) to context logs
2022-06-21 13:56:00,844 [Listener at 127.0.0.1/33745] INFO  http.HttpServer2 (HttpServer2.java:addFilter(1013)) - Added filter static_user_filter (class=org.apache.hadoop.http.lib.StaticUserWebFilter$StaticUserFilter) to context static
2022-06-21 13:56:00,845 [Listener at 127.0.0.1/33745] INFO  http.HttpServer2 (HttpServer2.java:bindListener(1248)) - Jetty bound to port 38301
2022-06-21 13:56:00,845 [Listener at 127.0.0.1/33745] INFO  server.Server (Server.java:doStart(375)) - jetty-9.4.43.v20210629; built: 2021-06-30T11:07:22.254Z; git: 526006ecfa3af7f1a27ef3a288e2bef7ea9dd7e8; jvm 1.8.0_332-b09
2022-06-21 13:56:00,856 [Listener at 127.0.0.1/33745] INFO  server.session (DefaultSessionIdManager.java:doStart(334)) - DefaultSessionIdManager workerName=node0
2022-06-21 13:56:00,856 [Listener at 127.0.0.1/33745] INFO  server.session (DefaultSessionIdManager.java:doStart(339)) - No SessionScavenger set, using defaults
2022-06-21 13:56:00,857 [Listener at 127.0.0.1/33745] INFO  server.session (HouseKeeper.java:startScavenging(132)) - node0 Scavenging every 600000ms
2022-06-21 13:56:00,857 [Listener at 127.0.0.1/33745] INFO  handler.ContextHandler (ContextHandler.java:doStart(915)) - Started o.e.j.s.ServletContextHandler@7c94a0dc{logs,/logs,file:///home/runner/work/ozone/ozone/hadoop-ozone/integration-test/target/log,AVAILABLE}
2022-06-21 13:56:00,857 [Listener at 127.0.0.1/33745] INFO  handler.ContextHandler (ContextHandler.java:doStart(915)) - Started o.e.j.s.ServletContextHandler@5a1da8f3{static,/static,file:///home/runner/work/ozone/ozone/hadoop-ozone/integration-test/target/test-classes/webapps/static,AVAILABLE}
2022-06-21 13:56:00,871 [Listener at 127.0.0.1/33745] INFO  handler.ContextHandler (ContextHandler.java:doStart(915)) - Started o.e.j.w.WebAppContext@86568e8{ozoneManager,/,file:///home/runner/work/ozone/ozone/hadoop-ozone/integration-test/target/test-classes/webapps/ozoneManager/,AVAILABLE}{file:/home/runner/work/ozone/ozone/hadoop-ozone/integration-test/target/test-classes/webapps/ozoneManager}
2022-06-21 13:56:00,922 [Listener at 127.0.0.1/33745] INFO  server.AbstractConnector (AbstractConnector.java:doStart(331)) - Started ServerConnector@43e81d65{HTTP/1.1, (http/1.1)}{0.0.0.0:38301}
2022-06-21 13:56:00,923 [Listener at 127.0.0.1/33745] INFO  server.Server (Server.java:doStart(415)) - Started @216916ms
2022-06-21 13:56:00,923 [Listener at 127.0.0.1/33745] WARN  impl.MetricsSystemImpl (MetricsSystemImpl.java:register(279)) - Sink prometheus already exists!
2022-06-21 13:56:00,923 [Listener at 127.0.0.1/33745] INFO  http.BaseHttpServer (BaseHttpServer.java:updateConnectorAddress(329)) - HTTP server of ozoneManager listening at http://0.0.0.0:38301
2022-06-21 13:56:00,931 [IPC Server Responder] INFO  ipc.Server (Server.java:run(1507)) - IPC Server Responder: starting
2022-06-21 13:56:00,967 [IPC Server listener on 0] INFO  ipc.Server (Server.java:run(1344)) - IPC Server listener on 0: starting
2022-06-21 13:56:01,011 [Listener at 127.0.0.1/33745] INFO  om.TrashPolicyOzone (TrashPolicyOzone.java:<init>(178)) - Ozone Manager trash configuration: Deletion interval = 0 minutes, Emptier interval = 0 minutes.
2022-06-21 13:56:01,046 [org.apache.hadoop.util.JvmPauseMonitor$Monitor@74a18710] INFO  util.JvmPauseMonitor (JvmPauseMonitor.java:run(188)) - Starting JVM pause monitor
2022-06-21 13:56:01,062 [Listener at 127.0.0.1/33745] INFO  impl.MetricsSystemImpl (MetricsSystemImpl.java:init(158)) - HddsDatanode metrics system started (again)
2022-06-21 13:56:01,108 [Listener at 127.0.0.1/33745] INFO  ozone.HddsDatanodeService (HddsDatanodeService.java:start(236)) - HddsDatanodeService host:fv-az194-567.vahfjs35atkulmpwh5ujf4txfe.jx.internal.cloudapp.net ip:10.1.0.15
2022-06-21 13:56:01,283 [Listener at 127.0.0.1/33745] INFO  upgrade.AbstractLayoutVersionManager (AbstractLayoutVersionManager.java:init(82)) - Initializing Layout version manager with metadata layout = DATANODE_SCHEMA_V3 (version = 4), software layout = DATANODE_SCHEMA_V3 (version = 4)
2022-06-21 13:56:01,406 [Listener at 127.0.0.1/33745] INFO  reflections.Reflections (Reflections.java:scan(232)) - Reflections took 95 ms to scan 7 urls, producing 131 keys and 315 values 
2022-06-21 13:56:01,424 [Listener at 127.0.0.1/33745] INFO  statemachine.DatanodeStateMachine (DatanodeStateMachine.java:getEndPointTaskThreadPoolSize(237)) - Datanode State Machine Task Thread Pool size 2
2022-06-21 13:56:01,455 [Listener at 127.0.0.1/33745] INFO  volume.HddsVolume (HddsVolume.java:<init>(116)) - Creating HddsVolume: /home/runner/work/ozone/ozone/hadoop-ozone/integration-test/target/test-dir/MiniOzoneClusterImpl-a6c63143-532c-40e3-90f6-32ed462df7e7/datanode-0/data-0/containers/hdds of storage type : DISK capacity : 9223372036854775807
2022-06-21 13:56:01,455 [Listener at 127.0.0.1/33745] INFO  volume.MutableVolumeSet (MutableVolumeSet.java:initializeVolumeSet(174)) - Added Volume : /home/runner/work/ozone/ozone/hadoop-ozone/integration-test/target/test-dir/MiniOzoneClusterImpl-a6c63143-532c-40e3-90f6-32ed462df7e7/datanode-0/data-0/containers/hdds to VolumeSet
2022-06-21 13:56:01,455 [Listener at 127.0.0.1/33745] INFO  volume.ThrottledAsyncChecker (ThrottledAsyncChecker.java:schedule(141)) - Scheduling a check for /home/runner/work/ozone/ozone/hadoop-ozone/integration-test/target/test-dir/MiniOzoneClusterImpl-a6c63143-532c-40e3-90f6-32ed462df7e7/datanode-0/data-0/containers/hdds
2022-06-21 13:56:01,498 [Listener at 127.0.0.1/33745] INFO  volume.StorageVolumeChecker (StorageVolumeChecker.java:checkAllVolumes(202)) - Scheduled health check for volume /home/runner/work/ozone/ozone/hadoop-ozone/integration-test/target/test-dir/MiniOzoneClusterImpl-a6c63143-532c-40e3-90f6-32ed462df7e7/datanode-0/data-0/containers/hdds
2022-06-21 13:56:01,510 [Listener at 127.0.0.1/33745] INFO  volume.MutableVolumeSet (MutableVolumeSet.java:initializeVolumeSet(174)) - Added Volume : /home/runner/work/ozone/ozone/hadoop-ozone/integration-test/target/test-dir/MiniOzoneClusterImpl-a6c63143-532c-40e3-90f6-32ed462df7e7/datanode-0/data/ratis to VolumeSet
2022-06-21 13:56:01,510 [Listener at 127.0.0.1/33745] INFO  volume.ThrottledAsyncChecker (ThrottledAsyncChecker.java:schedule(141)) - Scheduling a check for /home/runner/work/ozone/ozone/hadoop-ozone/integration-test/target/test-dir/MiniOzoneClusterImpl-a6c63143-532c-40e3-90f6-32ed462df7e7/datanode-0/data/ratis
2022-06-21 13:56:01,510 [Listener at 127.0.0.1/33745] INFO  volume.StorageVolumeChecker (StorageVolumeChecker.java:checkAllVolumes(202)) - Scheduled health check for volume /home/runner/work/ozone/ozone/hadoop-ozone/integration-test/target/test-dir/MiniOzoneClusterImpl-a6c63143-532c-40e3-90f6-32ed462df7e7/datanode-0/data/ratis
2022-06-21 13:56:01,551 [Thread-1387] INFO  ozoneimpl.ContainerReader (ContainerReader.java:readVolume(172)) - Finish verifying containers on volume /home/runner/work/ozone/ozone/hadoop-ozone/integration-test/target/test-dir/MiniOzoneClusterImpl-a6c63143-532c-40e3-90f6-32ed462df7e7/datanode-0/data-0/containers/hdds
2022-06-21 13:56:01,553 [Listener at 127.0.0.1/33745] INFO  ozoneimpl.OzoneContainer (OzoneContainer.java:buildContainerSet(266)) - Build ContainerSet costs 0s
2022-06-21 13:56:01,555 [Listener at 127.0.0.1/33745] INFO  server.RaftServer (ConfUtils.java:logGet(46)) - raft.rpc.type = GRPC (default)
2022-06-21 13:56:01,555 [Listener at 127.0.0.1/33745] INFO  grpc.GrpcFactory (GrpcFactory.java:checkPooledByteBufAllocatorUseCacheForAllThreads(48)) - PERFORMANCE WARNING: useCacheForAllThreads is true that may cause Netty to create a lot garbage objects and, as a result, trigger GC.
	It is recommended to disable useCacheForAllThreads by setting -Dorg.apache.ratis.thirdparty.io.netty.allocator.useCacheForAllThreads=false in command line.
2022-06-21 13:56:01,555 [Listener at 127.0.0.1/33745] INFO  grpc.GrpcConfigKeys (ConfUtils.java:logGet(46)) - raft.grpc.admin.port = 0 (custom)
2022-06-21 13:56:01,555 [Listener at 127.0.0.1/33745] INFO  grpc.GrpcConfigKeys (ConfUtils.java:logGet(46)) - raft.grpc.client.port = 0 (custom)
2022-06-21 13:56:01,555 [Listener at 127.0.0.1/33745] INFO  grpc.GrpcConfigKeys (ConfUtils.java:logGet(46)) - raft.grpc.server.port = 0 (default)
2022-06-21 13:56:01,555 [Listener at 127.0.0.1/33745] INFO  server.GrpcService (ConfUtils.java:logGet(46)) - raft.grpc.message.size.max = 32MB (=33554432) (custom)
2022-06-21 13:56:01,555 [Listener at 127.0.0.1/33745] INFO  server.RaftServerConfigKeys (ConfUtils.java:logGet(46)) - raft.server.log.appender.buffer.byte-limit = 33554432 (custom)
2022-06-21 13:56:01,556 [Listener at 127.0.0.1/33745] INFO  server.GrpcService (ConfUtils.java:logGet(46)) - raft.grpc.flow.control.window = 5MB (=5242880) (custom)
2022-06-21 13:56:01,556 [Listener at 127.0.0.1/33745] INFO  server.RaftServerConfigKeys (ConfUtils.java:logGet(46)) - raft.server.rpc.request.timeout = 60s (custom)
2022-06-21 13:56:01,556 [Listener at 127.0.0.1/33745] INFO  grpc.GrpcConfigKeys (ConfUtils.java:logGet(46)) - raft.grpc.server.async.request.thread.pool.cached = true (default)
2022-06-21 13:56:01,556 [Listener at 127.0.0.1/33745] INFO  grpc.GrpcConfigKeys (ConfUtils.java:logGet(46)) - raft.grpc.server.async.request.thread.pool.size = 32 (default)
2022-06-21 13:56:01,557 [Listener at 127.0.0.1/33745] INFO  impl.DataStreamServerImpl (ConfUtils.java:logGet(46)) - raft.datastream.type = DISABLED (default)
2022-06-21 13:56:01,557 [Listener at 127.0.0.1/33745] INFO  server.RaftServerConfigKeys (ConfUtils.java:logGet(46)) - raft.server.threadpool.proxy.cached = true (default)
2022-06-21 13:56:01,557 [Listener at 127.0.0.1/33745] INFO  server.RaftServerConfigKeys (ConfUtils.java:logGet(46)) - raft.server.threadpool.proxy.size = 0 (default)
2022-06-21 13:56:01,558 [Listener at 127.0.0.1/33745] INFO  server.RaftServerConfigKeys (ConfUtils.java:logGet(46)) - raft.server.rpc.slowness.timeout = 300s (custom)
2022-06-21 13:56:01,558 [Listener at 127.0.0.1/33745] INFO  server.RaftServerConfigKeys (ConfUtils.java:logGet(46)) - raft.server.leaderelection.leader.step-down.wait-time = 10s (default)
2022-06-21 13:56:01,558 [Listener at 127.0.0.1/33745] INFO  server.RaftServerConfigKeys (ConfUtils.java:logGet(46)) - raft.server.storage.dir = [/home/runner/work/ozone/ozone/hadoop-ozone/integration-test/target/test-dir/MiniOzoneClusterImpl-a6c63143-532c-40e3-90f6-32ed462df7e7/datanode-0/data/ratis] (custom)
2022-06-21 13:56:01,576 [Listener at 127.0.0.1/33745] INFO  server.XceiverServerGrpc (XceiverServerGrpc.java:<init>(132)) - GrpcServer channel type EpollServerSocketChannel
2022-06-21 13:56:01,596 [Listener at 127.0.0.1/33745] INFO  http.BaseHttpServer (BaseHttpServer.java:newHttpServer2BuilderForOzone(209)) - Starting Web-server for hddsDatanode at: http://0.0.0.0:0
2022-06-21 13:56:01,596 [Listener at 127.0.0.1/33745] INFO  http.BaseHttpServer (BaseHttpServer.java:<init>(107)) - Hadoop Security Enabled: false Ozone Security Enabled: false Ozone HTTP Security Enabled: false 
2022-06-21 13:56:01,602 [Listener at 127.0.0.1/33745] INFO  server.AuthenticationFilter (AuthenticationFilter.java:constructSecretProvider(240)) - Unable to initialize FileSignerSecretProvider, falling back to use random secrets.
2022-06-21 13:56:01,634 [Listener at 127.0.0.1/33745] WARN  http.HttpRequestLog (HttpRequestLog.java:getRequestLog(103)) - Jetty request log can only be enabled using Log4j
2022-06-21 13:56:01,636 [Listener at 127.0.0.1/33745] INFO  http.HttpServer2 (HttpServer2.java:addGlobalFilter(1029)) - Added global filter 'safety' (class=org.apache.hadoop.hdds.server.http.HttpServer2$QuotingInputFilter)
2022-06-21 13:56:01,636 [Listener at 127.0.0.1/33745] INFO  http.HttpServer2 (HttpServer2.java:addFilter(1005)) - Added filter static_user_filter (class=org.apache.hadoop.http.lib.StaticUserWebFilter$StaticUserFilter) to context hddsDatanode
2022-06-21 13:56:01,636 [Listener at 127.0.0.1/33745] INFO  http.HttpServer2 (HttpServer2.java:addFilter(1013)) - Added filter static_user_filter (class=org.apache.hadoop.http.lib.StaticUserWebFilter$StaticUserFilter) to context logs
2022-06-21 13:56:01,636 [Listener at 127.0.0.1/33745] INFO  http.HttpServer2 (HttpServer2.java:addFilter(1013)) - Added filter static_user_filter (class=org.apache.hadoop.http.lib.StaticUserWebFilter$StaticUserFilter) to context static
2022-06-21 13:56:01,637 [Listener at 127.0.0.1/33745] INFO  http.HttpServer2 (HttpServer2.java:bindListener(1248)) - Jetty bound to port 35487
2022-06-21 13:56:01,637 [Listener at 127.0.0.1/33745] INFO  server.Server (Server.java:doStart(375)) - jetty-9.4.43.v20210629; built: 2021-06-30T11:07:22.254Z; git: 526006ecfa3af7f1a27ef3a288e2bef7ea9dd7e8; jvm 1.8.0_332-b09
2022-06-21 13:56:01,733 [Listener at 127.0.0.1/33745] INFO  server.session (DefaultSessionIdManager.java:doStart(334)) - DefaultSessionIdManager workerName=node0
2022-06-21 13:56:01,733 [Listener at 127.0.0.1/33745] INFO  server.session (DefaultSessionIdManager.java:doStart(339)) - No SessionScavenger set, using defaults
2022-06-21 13:56:01,734 [Listener at 127.0.0.1/33745] INFO  server.session (HouseKeeper.java:startScavenging(132)) - node0 Scavenging every 600000ms
2022-06-21 13:56:01,747 [Listener at 127.0.0.1/33745] INFO  handler.ContextHandler (ContextHandler.java:doStart(915)) - Started o.e.j.s.ServletContextHandler@6fa9ed21{logs,/logs,file:///home/runner/work/ozone/ozone/hadoop-ozone/integration-test/target/log,AVAILABLE}
2022-06-21 13:56:01,747 [Listener at 127.0.0.1/33745] INFO  handler.ContextHandler (ContextHandler.java:doStart(915)) - Started o.e.j.s.ServletContextHandler@7b3ebc30{static,/static,jar:file:/home/runner/.m2/repository/org/apache/ozone/hdds-container-service/1.3.0-SNAPSHOT/hdds-container-service-1.3.0-SNAPSHOT.jar!/webapps/static,AVAILABLE}
2022-06-21 13:56:02,637 [Listener at 127.0.0.1/33745] INFO  handler.ContextHandler (ContextHandler.java:doStart(915)) - Started o.e.j.w.WebAppContext@4eeae57d{hddsDatanode,/,file:///tmp/jetty-0_0_0_0-35487-hdds-container-service-1_3_0-SNAPSHOT_jar-_-any-2004333661438211288/webapp/,AVAILABLE}{jar:file:/home/runner/.m2/repository/org/apache/ozone/hdds-container-service/1.3.0-SNAPSHOT/hdds-container-service-1.3.0-SNAPSHOT.jar!/webapps/hddsDatanode}
2022-06-21 13:56:02,651 [Listener at 127.0.0.1/33745] INFO  server.AbstractConnector (AbstractConnector.java:doStart(331)) - Started ServerConnector@7bdaec1d{HTTP/1.1, (http/1.1)}{0.0.0.0:35487}
2022-06-21 13:56:02,651 [Listener at 127.0.0.1/33745] INFO  server.Server (Server.java:doStart(415)) - Started @218645ms
2022-06-21 13:56:02,651 [Listener at 127.0.0.1/33745] WARN  impl.MetricsSystemImpl (MetricsSystemImpl.java:register(279)) - Sink prometheus already exists!
2022-06-21 13:56:02,674 [Listener at 127.0.0.1/33745] INFO  http.BaseHttpServer (BaseHttpServer.java:updateConnectorAddress(329)) - HTTP server of hddsDatanode listening at http://0.0.0.0:35487
2022-06-21 13:56:02,683 [Listener at 127.0.0.1/33745] INFO  impl.MetricsSystemImpl (MetricsSystemImpl.java:init(158)) - HddsDatanode metrics system started (again)
2022-06-21 13:56:02,686 [Datanode State Machine Daemon Thread] INFO  statemachine.DatanodeStateMachine (DatanodeStateMachine.java:lambda$startDaemon$0(492)) - Ozone container server started.
2022-06-21 13:56:02,700 [org.apache.hadoop.util.JvmPauseMonitor$Monitor@6593b73f] INFO  util.JvmPauseMonitor (JvmPauseMonitor.java:run(188)) - Starting JVM pause monitor
2022-06-21 13:56:02,724 [Datanode State Machine Task Thread - 0] INFO  datanode.InitDatanodeState (InitDatanodeState.java:persistContainerDatanodeDetails(138)) - DatanodeDetails is persisted to /home/runner/work/ozone/ozone/hadoop-ozone/integration-test/target/test-dir/MiniOzoneClusterImpl-a6c63143-532c-40e3-90f6-32ed462df7e7/datanode-0/meta/datanode.id
2022-06-21 13:56:02,740 [Listener at 127.0.0.1/33745] INFO  ozone.HddsDatanodeService (HddsDatanodeService.java:start(236)) - HddsDatanodeService host:fv-az194-567.vahfjs35atkulmpwh5ujf4txfe.jx.internal.cloudapp.net ip:10.1.0.15
2022-06-21 13:56:02,863 [Listener at 127.0.0.1/33745] INFO  upgrade.AbstractLayoutVersionManager (AbstractLayoutVersionManager.java:init(82)) - Initializing Layout version manager with metadata layout = DATANODE_SCHEMA_V3 (version = 4), software layout = DATANODE_SCHEMA_V3 (version = 4)
2022-06-21 13:56:02,985 [Listener at 127.0.0.1/33745] INFO  reflections.Reflections (Reflections.java:scan(232)) - Reflections took 121 ms to scan 7 urls, producing 131 keys and 315 values 
2022-06-21 13:56:02,986 [Listener at 127.0.0.1/33745] INFO  statemachine.DatanodeStateMachine (DatanodeStateMachine.java:getEndPointTaskThreadPoolSize(237)) - Datanode State Machine Task Thread Pool size 2
2022-06-21 13:56:02,987 [Listener at 127.0.0.1/33745] INFO  volume.HddsVolume (HddsVolume.java:<init>(116)) - Creating HddsVolume: /home/runner/work/ozone/ozone/hadoop-ozone/integration-test/target/test-dir/MiniOzoneClusterImpl-a6c63143-532c-40e3-90f6-32ed462df7e7/datanode-1/data-0/containers/hdds of storage type : DISK capacity : 9223372036854775807
2022-06-21 13:56:02,987 [Listener at 127.0.0.1/33745] INFO  volume.MutableVolumeSet (MutableVolumeSet.java:initializeVolumeSet(174)) - Added Volume : /home/runner/work/ozone/ozone/hadoop-ozone/integration-test/target/test-dir/MiniOzoneClusterImpl-a6c63143-532c-40e3-90f6-32ed462df7e7/datanode-1/data-0/containers/hdds to VolumeSet
2022-06-21 13:56:02,988 [Listener at 127.0.0.1/33745] INFO  volume.ThrottledAsyncChecker (ThrottledAsyncChecker.java:schedule(141)) - Scheduling a check for /home/runner/work/ozone/ozone/hadoop-ozone/integration-test/target/test-dir/MiniOzoneClusterImpl-a6c63143-532c-40e3-90f6-32ed462df7e7/datanode-1/data-0/containers/hdds
2022-06-21 13:56:02,988 [Listener at 127.0.0.1/33745] INFO  volume.StorageVolumeChecker (StorageVolumeChecker.java:checkAllVolumes(202)) - Scheduled health check for volume /home/runner/work/ozone/ozone/hadoop-ozone/integration-test/target/test-dir/MiniOzoneClusterImpl-a6c63143-532c-40e3-90f6-32ed462df7e7/datanode-1/data-0/containers/hdds
2022-06-21 13:56:03,017 [Listener at 127.0.0.1/33745] INFO  volume.MutableVolumeSet (MutableVolumeSet.java:initializeVolumeSet(174)) - Added Volume : /home/runner/work/ozone/ozone/hadoop-ozone/integration-test/target/test-dir/MiniOzoneClusterImpl-a6c63143-532c-40e3-90f6-32ed462df7e7/datanode-1/data/ratis to VolumeSet
2022-06-21 13:56:03,017 [Listener at 127.0.0.1/33745] INFO  volume.ThrottledAsyncChecker (ThrottledAsyncChecker.java:schedule(141)) - Scheduling a check for /home/runner/work/ozone/ozone/hadoop-ozone/integration-test/target/test-dir/MiniOzoneClusterImpl-a6c63143-532c-40e3-90f6-32ed462df7e7/datanode-1/data/ratis
2022-06-21 13:56:03,039 [Listener at 127.0.0.1/33745] INFO  volume.StorageVolumeChecker (StorageVolumeChecker.java:checkAllVolumes(202)) - Scheduled health check for volume /home/runner/work/ozone/ozone/hadoop-ozone/integration-test/target/test-dir/MiniOzoneClusterImpl-a6c63143-532c-40e3-90f6-32ed462df7e7/datanode-1/data/ratis
2022-06-21 13:56:03,115 [Thread-1400] INFO  ozoneimpl.ContainerReader (ContainerReader.java:readVolume(172)) - Finish verifying containers on volume /home/runner/work/ozone/ozone/hadoop-ozone/integration-test/target/test-dir/MiniOzoneClusterImpl-a6c63143-532c-40e3-90f6-32ed462df7e7/datanode-1/data-0/containers/hdds
2022-06-21 13:56:03,115 [Listener at 127.0.0.1/33745] INFO  ozoneimpl.OzoneContainer (OzoneContainer.java:buildContainerSet(266)) - Build ContainerSet costs 0s
2022-06-21 13:56:03,116 [Listener at 127.0.0.1/33745] INFO  server.RaftServer (ConfUtils.java:logGet(46)) - raft.rpc.type = GRPC (default)
2022-06-21 13:56:03,116 [Listener at 127.0.0.1/33745] INFO  grpc.GrpcFactory (GrpcFactory.java:checkPooledByteBufAllocatorUseCacheForAllThreads(48)) - PERFORMANCE WARNING: useCacheForAllThreads is true that may cause Netty to create a lot garbage objects and, as a result, trigger GC.
	It is recommended to disable useCacheForAllThreads by setting -Dorg.apache.ratis.thirdparty.io.netty.allocator.useCacheForAllThreads=false in command line.
2022-06-21 13:56:03,117 [Listener at 127.0.0.1/33745] INFO  grpc.GrpcConfigKeys (ConfUtils.java:logGet(46)) - raft.grpc.admin.port = 0 (custom)
2022-06-21 13:56:03,117 [Listener at 127.0.0.1/33745] INFO  grpc.GrpcConfigKeys (ConfUtils.java:logGet(46)) - raft.grpc.client.port = 0 (custom)
2022-06-21 13:56:03,117 [Listener at 127.0.0.1/33745] INFO  grpc.GrpcConfigKeys (ConfUtils.java:logGet(46)) - raft.grpc.server.port = 0 (default)
2022-06-21 13:56:03,117 [Listener at 127.0.0.1/33745] INFO  server.GrpcService (ConfUtils.java:logGet(46)) - raft.grpc.message.size.max = 32MB (=33554432) (custom)
2022-06-21 13:56:03,117 [Listener at 127.0.0.1/33745] INFO  server.RaftServerConfigKeys (ConfUtils.java:logGet(46)) - raft.server.log.appender.buffer.byte-limit = 33554432 (custom)
2022-06-21 13:56:03,117 [Listener at 127.0.0.1/33745] INFO  server.GrpcService (ConfUtils.java:logGet(46)) - raft.grpc.flow.control.window = 5MB (=5242880) (custom)
2022-06-21 13:56:03,117 [Listener at 127.0.0.1/33745] INFO  server.RaftServerConfigKeys (ConfUtils.java:logGet(46)) - raft.server.rpc.request.timeout = 60s (custom)
2022-06-21 13:56:03,117 [Listener at 127.0.0.1/33745] INFO  grpc.GrpcConfigKeys (ConfUtils.java:logGet(46)) - raft.grpc.server.async.request.thread.pool.cached = true (default)
2022-06-21 13:56:03,117 [Listener at 127.0.0.1/33745] INFO  grpc.GrpcConfigKeys (ConfUtils.java:logGet(46)) - raft.grpc.server.async.request.thread.pool.size = 32 (default)
2022-06-21 13:56:03,124 [Listener at 127.0.0.1/33745] INFO  impl.DataStreamServerImpl (ConfUtils.java:logGet(46)) - raft.datastream.type = DISABLED (default)
2022-06-21 13:56:03,124 [Listener at 127.0.0.1/33745] INFO  server.RaftServerConfigKeys (ConfUtils.java:logGet(46)) - raft.server.threadpool.proxy.cached = true (default)
2022-06-21 13:56:03,124 [Listener at 127.0.0.1/33745] INFO  server.RaftServerConfigKeys (ConfUtils.java:logGet(46)) - raft.server.threadpool.proxy.size = 0 (default)
2022-06-21 13:56:03,124 [Listener at 127.0.0.1/33745] INFO  server.RaftServerConfigKeys (ConfUtils.java:logGet(46)) - raft.server.rpc.slowness.timeout = 300s (custom)
2022-06-21 13:56:03,124 [Listener at 127.0.0.1/33745] INFO  server.RaftServerConfigKeys (ConfUtils.java:logGet(46)) - raft.server.leaderelection.leader.step-down.wait-time = 10s (default)
2022-06-21 13:56:03,124 [Listener at 127.0.0.1/33745] INFO  server.RaftServerConfigKeys (ConfUtils.java:logGet(46)) - raft.server.storage.dir = [/home/runner/work/ozone/ozone/hadoop-ozone/integration-test/target/test-dir/MiniOzoneClusterImpl-a6c63143-532c-40e3-90f6-32ed462df7e7/datanode-1/data/ratis] (custom)
2022-06-21 13:56:03,137 [Listener at 127.0.0.1/33745] INFO  server.XceiverServerGrpc (XceiverServerGrpc.java:<init>(132)) - GrpcServer channel type EpollServerSocketChannel
2022-06-21 13:56:03,160 [Listener at 127.0.0.1/33745] INFO  http.BaseHttpServer (BaseHttpServer.java:newHttpServer2BuilderForOzone(209)) - Starting Web-server for hddsDatanode at: http://0.0.0.0:0
2022-06-21 13:56:03,160 [Listener at 127.0.0.1/33745] INFO  http.BaseHttpServer (BaseHttpServer.java:<init>(107)) - Hadoop Security Enabled: false Ozone Security Enabled: false Ozone HTTP Security Enabled: false 
2022-06-21 13:56:03,161 [Listener at 127.0.0.1/33745] INFO  server.AuthenticationFilter (AuthenticationFilter.java:constructSecretProvider(240)) - Unable to initialize FileSignerSecretProvider, falling back to use random secrets.
2022-06-21 13:56:03,161 [Listener at 127.0.0.1/33745] WARN  http.HttpRequestLog (HttpRequestLog.java:getRequestLog(103)) - Jetty request log can only be enabled using Log4j
2022-06-21 13:56:03,162 [Listener at 127.0.0.1/33745] INFO  http.HttpServer2 (HttpServer2.java:addGlobalFilter(1029)) - Added global filter 'safety' (class=org.apache.hadoop.hdds.server.http.HttpServer2$QuotingInputFilter)
2022-06-21 13:56:03,164 [Listener at 127.0.0.1/33745] INFO  http.HttpServer2 (HttpServer2.java:addFilter(1005)) - Added filter static_user_filter (class=org.apache.hadoop.http.lib.StaticUserWebFilter$StaticUserFilter) to context hddsDatanode
2022-06-21 13:56:03,165 [Listener at 127.0.0.1/33745] INFO  http.HttpServer2 (HttpServer2.java:addFilter(1013)) - Added filter static_user_filter (class=org.apache.hadoop.http.lib.StaticUserWebFilter$StaticUserFilter) to context static
2022-06-21 13:56:03,165 [Listener at 127.0.0.1/33745] INFO  http.HttpServer2 (HttpServer2.java:addFilter(1013)) - Added filter static_user_filter (class=org.apache.hadoop.http.lib.StaticUserWebFilter$StaticUserFilter) to context logs
2022-06-21 13:56:03,165 [Listener at 127.0.0.1/33745] INFO  http.HttpServer2 (HttpServer2.java:bindListener(1248)) - Jetty bound to port 43837
2022-06-21 13:56:03,165 [Listener at 127.0.0.1/33745] INFO  server.Server (Server.java:doStart(375)) - jetty-9.4.43.v20210629; built: 2021-06-30T11:07:22.254Z; git: 526006ecfa3af7f1a27ef3a288e2bef7ea9dd7e8; jvm 1.8.0_332-b09
2022-06-21 13:56:03,208 [Listener at 127.0.0.1/33745] INFO  server.session (DefaultSessionIdManager.java:doStart(334)) - DefaultSessionIdManager workerName=node0
2022-06-21 13:56:03,208 [Listener at 127.0.0.1/33745] INFO  server.session (DefaultSessionIdManager.java:doStart(339)) - No SessionScavenger set, using defaults
2022-06-21 13:56:03,209 [Listener at 127.0.0.1/33745] INFO  server.session (HouseKeeper.java:startScavenging(132)) - node0 Scavenging every 600000ms
2022-06-21 13:56:03,209 [Listener at 127.0.0.1/33745] INFO  handler.ContextHandler (ContextHandler.java:doStart(915)) - Started o.e.j.s.ServletContextHandler@75aae221{logs,/logs,file:///home/runner/work/ozone/ozone/hadoop-ozone/integration-test/target/log,AVAILABLE}
2022-06-21 13:56:03,209 [Listener at 127.0.0.1/33745] INFO  handler.ContextHandler (ContextHandler.java:doStart(915)) - Started o.e.j.s.ServletContextHandler@19066e7f{static,/static,jar:file:/home/runner/.m2/repository/org/apache/ozone/hdds-container-service/1.3.0-SNAPSHOT/hdds-container-service-1.3.0-SNAPSHOT.jar!/webapps/static,AVAILABLE}
2022-06-21 13:56:03,806 [Listener at 127.0.0.1/33745] INFO  handler.ContextHandler (ContextHandler.java:doStart(915)) - Started o.e.j.w.WebAppContext@70c6238{hddsDatanode,/,file:///tmp/jetty-0_0_0_0-43837-hdds-container-service-1_3_0-SNAPSHOT_jar-_-any-5852740685550048331/webapp/,AVAILABLE}{jar:file:/home/runner/.m2/repository/org/apache/ozone/hdds-container-service/1.3.0-SNAPSHOT/hdds-container-service-1.3.0-SNAPSHOT.jar!/webapps/hddsDatanode}
2022-06-21 13:56:03,823 [Listener at 127.0.0.1/33745] INFO  server.AbstractConnector (AbstractConnector.java:doStart(331)) - Started ServerConnector@3a6b12d2{HTTP/1.1, (http/1.1)}{0.0.0.0:43837}
2022-06-21 13:56:03,823 [Listener at 127.0.0.1/33745] INFO  server.Server (Server.java:doStart(415)) - Started @219817ms
2022-06-21 13:56:03,823 [Listener at 127.0.0.1/33745] WARN  impl.MetricsSystemImpl (MetricsSystemImpl.java:register(279)) - Sink prometheus already exists!
2022-06-21 13:56:03,829 [Listener at 127.0.0.1/33745] INFO  http.BaseHttpServer (BaseHttpServer.java:updateConnectorAddress(329)) - HTTP server of hddsDatanode listening at http://0.0.0.0:43837
2022-06-21 13:56:03,861 [Listener at 127.0.0.1/33745] INFO  impl.MetricsSystemImpl (MetricsSystemImpl.java:init(158)) - HddsDatanode metrics system started (again)
2022-06-21 13:56:03,895 [Datanode State Machine Daemon Thread] INFO  statemachine.DatanodeStateMachine (DatanodeStateMachine.java:lambda$startDaemon$0(492)) - Ozone container server started.
2022-06-21 13:56:03,949 [Listener at 127.0.0.1/33745] INFO  ozone.HddsDatanodeService (HddsDatanodeService.java:start(236)) - HddsDatanodeService host:fv-az194-567.vahfjs35atkulmpwh5ujf4txfe.jx.internal.cloudapp.net ip:10.1.0.15
2022-06-21 13:56:03,963 [org.apache.hadoop.util.JvmPauseMonitor$Monitor@19ec224] INFO  util.JvmPauseMonitor (JvmPauseMonitor.java:run(188)) - Starting JVM pause monitor
2022-06-21 13:56:03,988 [Datanode State Machine Task Thread - 0] INFO  datanode.InitDatanodeState (InitDatanodeState.java:persistContainerDatanodeDetails(138)) - DatanodeDetails is persisted to /home/runner/work/ozone/ozone/hadoop-ozone/integration-test/target/test-dir/MiniOzoneClusterImpl-a6c63143-532c-40e3-90f6-32ed462df7e7/datanode-1/meta/datanode.id
2022-06-21 13:56:04,050 [Listener at 127.0.0.1/33745] INFO  upgrade.AbstractLayoutVersionManager (AbstractLayoutVersionManager.java:init(82)) - Initializing Layout version manager with metadata layout = DATANODE_SCHEMA_V3 (version = 4), software layout = DATANODE_SCHEMA_V3 (version = 4)
2022-06-21 13:56:04,142 [Listener at 127.0.0.1/33745] INFO  reflections.Reflections (Reflections.java:scan(232)) - Reflections took 91 ms to scan 7 urls, producing 131 keys and 315 values 
2022-06-21 13:56:04,144 [Listener at 127.0.0.1/33745] INFO  statemachine.DatanodeStateMachine (DatanodeStateMachine.java:getEndPointTaskThreadPoolSize(237)) - Datanode State Machine Task Thread Pool size 2
2022-06-21 13:56:04,145 [Listener at 127.0.0.1/33745] INFO  volume.HddsVolume (HddsVolume.java:<init>(116)) - Creating HddsVolume: /home/runner/work/ozone/ozone/hadoop-ozone/integration-test/target/test-dir/MiniOzoneClusterImpl-a6c63143-532c-40e3-90f6-32ed462df7e7/datanode-2/data-0/containers/hdds of storage type : DISK capacity : 9223372036854775807
2022-06-21 13:56:04,145 [Listener at 127.0.0.1/33745] INFO  volume.MutableVolumeSet (MutableVolumeSet.java:initializeVolumeSet(174)) - Added Volume : /home/runner/work/ozone/ozone/hadoop-ozone/integration-test/target/test-dir/MiniOzoneClusterImpl-a6c63143-532c-40e3-90f6-32ed462df7e7/datanode-2/data-0/containers/hdds to VolumeSet
2022-06-21 13:56:04,145 [Listener at 127.0.0.1/33745] INFO  volume.ThrottledAsyncChecker (ThrottledAsyncChecker.java:schedule(141)) - Scheduling a check for /home/runner/work/ozone/ozone/hadoop-ozone/integration-test/target/test-dir/MiniOzoneClusterImpl-a6c63143-532c-40e3-90f6-32ed462df7e7/datanode-2/data-0/containers/hdds
2022-06-21 13:56:04,146 [Listener at 127.0.0.1/33745] INFO  volume.StorageVolumeChecker (StorageVolumeChecker.java:checkAllVolumes(202)) - Scheduled health check for volume /home/runner/work/ozone/ozone/hadoop-ozone/integration-test/target/test-dir/MiniOzoneClusterImpl-a6c63143-532c-40e3-90f6-32ed462df7e7/datanode-2/data-0/containers/hdds
2022-06-21 13:56:04,183 [Listener at 127.0.0.1/33745] INFO  volume.MutableVolumeSet (MutableVolumeSet.java:initializeVolumeSet(174)) - Added Volume : /home/runner/work/ozone/ozone/hadoop-ozone/integration-test/target/test-dir/MiniOzoneClusterImpl-a6c63143-532c-40e3-90f6-32ed462df7e7/datanode-2/data/ratis to VolumeSet
2022-06-21 13:56:04,184 [Listener at 127.0.0.1/33745] INFO  volume.ThrottledAsyncChecker (ThrottledAsyncChecker.java:schedule(141)) - Scheduling a check for /home/runner/work/ozone/ozone/hadoop-ozone/integration-test/target/test-dir/MiniOzoneClusterImpl-a6c63143-532c-40e3-90f6-32ed462df7e7/datanode-2/data/ratis
2022-06-21 13:56:04,184 [Listener at 127.0.0.1/33745] INFO  volume.StorageVolumeChecker (StorageVolumeChecker.java:checkAllVolumes(202)) - Scheduled health check for volume /home/runner/work/ozone/ozone/hadoop-ozone/integration-test/target/test-dir/MiniOzoneClusterImpl-a6c63143-532c-40e3-90f6-32ed462df7e7/datanode-2/data/ratis
2022-06-21 13:56:04,244 [Thread-1413] INFO  ozoneimpl.ContainerReader (ContainerReader.java:readVolume(172)) - Finish verifying containers on volume /home/runner/work/ozone/ozone/hadoop-ozone/integration-test/target/test-dir/MiniOzoneClusterImpl-a6c63143-532c-40e3-90f6-32ed462df7e7/datanode-2/data-0/containers/hdds
2022-06-21 13:56:04,244 [Listener at 127.0.0.1/33745] INFO  ozoneimpl.OzoneContainer (OzoneContainer.java:buildContainerSet(266)) - Build ContainerSet costs 0s
2022-06-21 13:56:04,245 [Listener at 127.0.0.1/33745] INFO  server.RaftServer (ConfUtils.java:logGet(46)) - raft.rpc.type = GRPC (default)
2022-06-21 13:56:04,246 [Listener at 127.0.0.1/33745] INFO  grpc.GrpcFactory (GrpcFactory.java:checkPooledByteBufAllocatorUseCacheForAllThreads(48)) - PERFORMANCE WARNING: useCacheForAllThreads is true that may cause Netty to create a lot garbage objects and, as a result, trigger GC.
	It is recommended to disable useCacheForAllThreads by setting -Dorg.apache.ratis.thirdparty.io.netty.allocator.useCacheForAllThreads=false in command line.
2022-06-21 13:56:04,246 [Listener at 127.0.0.1/33745] INFO  grpc.GrpcConfigKeys (ConfUtils.java:logGet(46)) - raft.grpc.admin.port = 0 (custom)
2022-06-21 13:56:04,246 [Listener at 127.0.0.1/33745] INFO  grpc.GrpcConfigKeys (ConfUtils.java:logGet(46)) - raft.grpc.client.port = 0 (custom)
2022-06-21 13:56:04,246 [Listener at 127.0.0.1/33745] INFO  grpc.GrpcConfigKeys (ConfUtils.java:logGet(46)) - raft.grpc.server.port = 0 (default)
2022-06-21 13:56:04,246 [Listener at 127.0.0.1/33745] INFO  server.GrpcService (ConfUtils.java:logGet(46)) - raft.grpc.message.size.max = 32MB (=33554432) (custom)
2022-06-21 13:56:04,246 [Listener at 127.0.0.1/33745] INFO  server.RaftServerConfigKeys (ConfUtils.java:logGet(46)) - raft.server.log.appender.buffer.byte-limit = 33554432 (custom)
2022-06-21 13:56:04,246 [Listener at 127.0.0.1/33745] INFO  server.GrpcService (ConfUtils.java:logGet(46)) - raft.grpc.flow.control.window = 5MB (=5242880) (custom)
2022-06-21 13:56:04,246 [Listener at 127.0.0.1/33745] INFO  server.RaftServerConfigKeys (ConfUtils.java:logGet(46)) - raft.server.rpc.request.timeout = 60s (custom)
2022-06-21 13:56:04,246 [Listener at 127.0.0.1/33745] INFO  grpc.GrpcConfigKeys (ConfUtils.java:logGet(46)) - raft.grpc.server.async.request.thread.pool.cached = true (default)
2022-06-21 13:56:04,246 [Listener at 127.0.0.1/33745] INFO  grpc.GrpcConfigKeys (ConfUtils.java:logGet(46)) - raft.grpc.server.async.request.thread.pool.size = 32 (default)
2022-06-21 13:56:04,247 [Listener at 127.0.0.1/33745] INFO  impl.DataStreamServerImpl (ConfUtils.java:logGet(46)) - raft.datastream.type = DISABLED (default)
2022-06-21 13:56:04,247 [Listener at 127.0.0.1/33745] INFO  server.RaftServerConfigKeys (ConfUtils.java:logGet(46)) - raft.server.threadpool.proxy.cached = true (default)
2022-06-21 13:56:04,248 [Listener at 127.0.0.1/33745] INFO  server.RaftServerConfigKeys (ConfUtils.java:logGet(46)) - raft.server.threadpool.proxy.size = 0 (default)
2022-06-21 13:56:04,248 [Listener at 127.0.0.1/33745] INFO  server.RaftServerConfigKeys (ConfUtils.java:logGet(46)) - raft.server.rpc.slowness.timeout = 300s (custom)
2022-06-21 13:56:04,248 [Listener at 127.0.0.1/33745] INFO  server.RaftServerConfigKeys (ConfUtils.java:logGet(46)) - raft.server.leaderelection.leader.step-down.wait-time = 10s (default)
2022-06-21 13:56:04,248 [Listener at 127.0.0.1/33745] INFO  server.RaftServerConfigKeys (ConfUtils.java:logGet(46)) - raft.server.storage.dir = [/home/runner/work/ozone/ozone/hadoop-ozone/integration-test/target/test-dir/MiniOzoneClusterImpl-a6c63143-532c-40e3-90f6-32ed462df7e7/datanode-2/data/ratis] (custom)
2022-06-21 13:56:04,267 [Listener at 127.0.0.1/33745] INFO  server.XceiverServerGrpc (XceiverServerGrpc.java:<init>(132)) - GrpcServer channel type EpollServerSocketChannel
2022-06-21 13:56:04,278 [Listener at 127.0.0.1/33745] INFO  http.BaseHttpServer (BaseHttpServer.java:newHttpServer2BuilderForOzone(209)) - Starting Web-server for hddsDatanode at: http://0.0.0.0:0
2022-06-21 13:56:04,278 [Listener at 127.0.0.1/33745] INFO  http.BaseHttpServer (BaseHttpServer.java:<init>(107)) - Hadoop Security Enabled: false Ozone Security Enabled: false Ozone HTTP Security Enabled: false 
2022-06-21 13:56:04,279 [Listener at 127.0.0.1/33745] INFO  server.AuthenticationFilter (AuthenticationFilter.java:constructSecretProvider(240)) - Unable to initialize FileSignerSecretProvider, falling back to use random secrets.
2022-06-21 13:56:04,284 [Listener at 127.0.0.1/33745] WARN  http.HttpRequestLog (HttpRequestLog.java:getRequestLog(103)) - Jetty request log can only be enabled using Log4j
2022-06-21 13:56:04,285 [Listener at 127.0.0.1/33745] INFO  http.HttpServer2 (HttpServer2.java:addGlobalFilter(1029)) - Added global filter 'safety' (class=org.apache.hadoop.hdds.server.http.HttpServer2$QuotingInputFilter)
2022-06-21 13:56:04,286 [Listener at 127.0.0.1/33745] INFO  http.HttpServer2 (HttpServer2.java:addFilter(1005)) - Added filter static_user_filter (class=org.apache.hadoop.http.lib.StaticUserWebFilter$StaticUserFilter) to context hddsDatanode
2022-06-21 13:56:04,286 [Listener at 127.0.0.1/33745] INFO  http.HttpServer2 (HttpServer2.java:addFilter(1013)) - Added filter static_user_filter (class=org.apache.hadoop.http.lib.StaticUserWebFilter$StaticUserFilter) to context logs
2022-06-21 13:56:04,286 [Listener at 127.0.0.1/33745] INFO  http.HttpServer2 (HttpServer2.java:addFilter(1013)) - Added filter static_user_filter (class=org.apache.hadoop.http.lib.StaticUserWebFilter$StaticUserFilter) to context static
2022-06-21 13:56:04,286 [Listener at 127.0.0.1/33745] INFO  http.HttpServer2 (HttpServer2.java:bindListener(1248)) - Jetty bound to port 46307
2022-06-21 13:56:04,286 [Listener at 127.0.0.1/33745] INFO  server.Server (Server.java:doStart(375)) - jetty-9.4.43.v20210629; built: 2021-06-30T11:07:22.254Z; git: 526006ecfa3af7f1a27ef3a288e2bef7ea9dd7e8; jvm 1.8.0_332-b09
2022-06-21 13:56:04,311 [Listener at 127.0.0.1/33745] INFO  server.session (DefaultSessionIdManager.java:doStart(334)) - DefaultSessionIdManager workerName=node0
2022-06-21 13:56:04,311 [Listener at 127.0.0.1/33745] INFO  server.session (DefaultSessionIdManager.java:doStart(339)) - No SessionScavenger set, using defaults
2022-06-21 13:56:04,311 [Listener at 127.0.0.1/33745] INFO  server.session (HouseKeeper.java:startScavenging(132)) - node0 Scavenging every 600000ms
2022-06-21 13:56:04,339 [Listener at 127.0.0.1/33745] INFO  handler.ContextHandler (ContextHandler.java:doStart(915)) - Started o.e.j.s.ServletContextHandler@57bb23a{logs,/logs,file:///home/runner/work/ozone/ozone/hadoop-ozone/integration-test/target/log,AVAILABLE}
2022-06-21 13:56:04,339 [Listener at 127.0.0.1/33745] INFO  handler.ContextHandler (ContextHandler.java:doStart(915)) - Started o.e.j.s.ServletContextHandler@3e5943d4{static,/static,jar:file:/home/runner/.m2/repository/org/apache/ozone/hdds-container-service/1.3.0-SNAPSHOT/hdds-container-service-1.3.0-SNAPSHOT.jar!/webapps/static,AVAILABLE}
2022-06-21 13:56:04,987 [EndpointStateMachine task thread for /0.0.0.0:33833 - 0 ] INFO  volume.HddsVolume (HddsVolume.java:createDbStore(309)) - SchemaV3 db is created and loaded at /home/runner/work/ozone/ozone/hadoop-ozone/integration-test/target/test-dir/MiniOzoneClusterImpl-a6c63143-532c-40e3-90f6-32ed462df7e7/datanode-0/data-0/containers/hdds/a6c63143-532c-40e3-90f6-32ed462df7e7/DS-6314aa5b-13a4-4ebb-9795-c34185d44b33/container.db for volume DS-6314aa5b-13a4-4ebb-9795-c34185d44b33
2022-06-21 13:56:05,007 [EndpointStateMachine task thread for /0.0.0.0:33833 - 0 ] INFO  volume.HddsVolume (HddsVolume.java:closeDbStore(340)) - SchemaV3 db is stopped at /home/runner/work/ozone/ozone/hadoop-ozone/integration-test/target/test-dir/MiniOzoneClusterImpl-a6c63143-532c-40e3-90f6-32ed462df7e7/datanode-0/data-0/containers/hdds/a6c63143-532c-40e3-90f6-32ed462df7e7/DS-6314aa5b-13a4-4ebb-9795-c34185d44b33/container.db for volume DS-6314aa5b-13a4-4ebb-9795-c34185d44b33
2022-06-21 13:56:05,007 [EndpointStateMachine task thread for /0.0.0.0:33833 - 0 ] INFO  ozoneimpl.OzoneContainer (OzoneContainer.java:start(344)) - Attempting to start container services.
2022-06-21 13:56:05,008 [EndpointStateMachine task thread for /0.0.0.0:33833 - 0 ] INFO  ozoneimpl.OzoneContainer (OzoneContainer.java:startContainerScrub(279)) - Background container scanner has been disabled.
2022-06-21 13:56:05,062 [EndpointStateMachine task thread for /0.0.0.0:33833 - 0 ] INFO  replication.ReplicationServer (ReplicationServer.java:start(111)) - ReplicationServer is started using port 45169
2022-06-21 13:56:05,083 [EndpointStateMachine task thread for /0.0.0.0:33833 - 0 ] INFO  ratis.XceiverServerRatis (XceiverServerRatis.java:start(481)) - Starting XceiverServerRatis 661906f5-178f-45a1-86e2-0540bf739913
2022-06-21 13:56:05,084 [EndpointStateMachine task thread for /0.0.0.0:33833 - 0 ] INFO  server.RaftServer (RaftServerProxy.java:lambda$start$6(382)) - 661906f5-178f-45a1-86e2-0540bf739913: start RPC server
2022-06-21 13:56:05,099 [EndpointStateMachine task thread for /0.0.0.0:33833 - 0 ] INFO  server.GrpcService (GrpcService.java:startImpl(260)) - 661906f5-178f-45a1-86e2-0540bf739913: GrpcService started, listening on 44467
2022-06-21 13:56:05,100 [EndpointStateMachine task thread for /0.0.0.0:33833 - 0 ] INFO  ratis.XceiverServerRatis (XceiverServerRatis.java:getRealPort(502)) - XceiverServerRatis 661906f5-178f-45a1-86e2-0540bf739913 is started using port 44467 for RATIS
2022-06-21 13:56:05,100 [EndpointStateMachine task thread for /0.0.0.0:33833 - 0 ] INFO  ratis.XceiverServerRatis (XceiverServerRatis.java:getRealPort(502)) - XceiverServerRatis 661906f5-178f-45a1-86e2-0540bf739913 is started using port 44467 for RATIS_ADMIN
2022-06-21 13:56:05,100 [EndpointStateMachine task thread for /0.0.0.0:33833 - 0 ] INFO  ratis.XceiverServerRatis (XceiverServerRatis.java:getRealPort(502)) - XceiverServerRatis 661906f5-178f-45a1-86e2-0540bf739913 is started using port 44467 for RATIS_SERVER
2022-06-21 13:56:05,100 [org.apache.ratis.util.JvmPauseMonitor$$Lambda$627/290163460@68f36845] INFO  util.JvmPauseMonitor (JvmPauseMonitor.java:run(103)) - JvmPauseMonitor-661906f5-178f-45a1-86e2-0540bf739913: Started
2022-06-21 13:56:05,145 [EndpointStateMachine task thread for /0.0.0.0:33833 - 0 ] INFO  server.XceiverServerGrpc (XceiverServerGrpc.java:start(180)) - XceiverServerGrpc 661906f5-178f-45a1-86e2-0540bf739913 is started using port 45555
2022-06-21 13:56:05,290 [Listener at 127.0.0.1/33745] INFO  handler.ContextHandler (ContextHandler.java:doStart(915)) - Started o.e.j.w.WebAppContext@45d2dbdc{hddsDatanode,/,file:///tmp/jetty-0_0_0_0-46307-hdds-container-service-1_3_0-SNAPSHOT_jar-_-any-3893744579754015888/webapp/,AVAILABLE}{jar:file:/home/runner/.m2/repository/org/apache/ozone/hdds-container-service/1.3.0-SNAPSHOT/hdds-container-service-1.3.0-SNAPSHOT.jar!/webapps/hddsDatanode}
2022-06-21 13:56:05,291 [Listener at 127.0.0.1/33745] INFO  server.AbstractConnector (AbstractConnector.java:doStart(331)) - Started ServerConnector@5b9461d0{HTTP/1.1, (http/1.1)}{0.0.0.0:46307}
2022-06-21 13:56:05,292 [Listener at 127.0.0.1/33745] INFO  server.Server (Server.java:doStart(415)) - Started @221285ms
2022-06-21 13:56:05,292 [Listener at 127.0.0.1/33745] WARN  impl.MetricsSystemImpl (MetricsSystemImpl.java:register(279)) - Sink prometheus already exists!
2022-06-21 13:56:05,298 [Listener at 127.0.0.1/33745] INFO  http.BaseHttpServer (BaseHttpServer.java:updateConnectorAddress(329)) - HTTP server of hddsDatanode listening at http://0.0.0.0:46307
2022-06-21 13:56:05,308 [Listener at 127.0.0.1/33745] INFO  impl.MetricsSystemImpl (MetricsSystemImpl.java:init(158)) - HddsDatanode metrics system started (again)
2022-06-21 13:56:05,316 [Datanode State Machine Daemon Thread] INFO  statemachine.DatanodeStateMachine (DatanodeStateMachine.java:lambda$startDaemon$0(492)) - Ozone container server started.
2022-06-21 13:56:05,371 [Listener at 127.0.0.1/33745] INFO  ozone.HddsDatanodeService (HddsDatanodeService.java:start(236)) - HddsDatanodeService host:fv-az194-567.vahfjs35atkulmpwh5ujf4txfe.jx.internal.cloudapp.net ip:10.1.0.15
2022-06-21 13:56:05,436 [org.apache.hadoop.util.JvmPauseMonitor$Monitor@7623cf75] INFO  util.JvmPauseMonitor (JvmPauseMonitor.java:run(188)) - Starting JVM pause monitor
2022-06-21 13:56:05,449 [Datanode State Machine Task Thread - 0] INFO  datanode.InitDatanodeState (InitDatanodeState.java:persistContainerDatanodeDetails(138)) - DatanodeDetails is persisted to /home/runner/work/ozone/ozone/hadoop-ozone/integration-test/target/test-dir/MiniOzoneClusterImpl-a6c63143-532c-40e3-90f6-32ed462df7e7/datanode-2/meta/datanode.id
2022-06-21 13:56:05,471 [Listener at 127.0.0.1/33745] INFO  upgrade.AbstractLayoutVersionManager (AbstractLayoutVersionManager.java:init(82)) - Initializing Layout version manager with metadata layout = DATANODE_SCHEMA_V3 (version = 4), software layout = DATANODE_SCHEMA_V3 (version = 4)
2022-06-21 13:56:05,597 [Listener at 127.0.0.1/33745] INFO  reflections.Reflections (Reflections.java:scan(232)) - Reflections took 125 ms to scan 7 urls, producing 131 keys and 315 values 
2022-06-21 13:56:05,598 [Listener at 127.0.0.1/33745] INFO  statemachine.DatanodeStateMachine (DatanodeStateMachine.java:getEndPointTaskThreadPoolSize(237)) - Datanode State Machine Task Thread Pool size 2
2022-06-21 13:56:05,599 [Listener at 127.0.0.1/33745] INFO  volume.HddsVolume (HddsVolume.java:<init>(116)) - Creating HddsVolume: /home/runner/work/ozone/ozone/hadoop-ozone/integration-test/target/test-dir/MiniOzoneClusterImpl-a6c63143-532c-40e3-90f6-32ed462df7e7/datanode-3/data-0/containers/hdds of storage type : DISK capacity : 9223372036854775807
2022-06-21 13:56:05,599 [Listener at 127.0.0.1/33745] INFO  volume.MutableVolumeSet (MutableVolumeSet.java:initializeVolumeSet(174)) - Added Volume : /home/runner/work/ozone/ozone/hadoop-ozone/integration-test/target/test-dir/MiniOzoneClusterImpl-a6c63143-532c-40e3-90f6-32ed462df7e7/datanode-3/data-0/containers/hdds to VolumeSet
2022-06-21 13:56:05,600 [Listener at 127.0.0.1/33745] INFO  volume.ThrottledAsyncChecker (ThrottledAsyncChecker.java:schedule(141)) - Scheduling a check for /home/runner/work/ozone/ozone/hadoop-ozone/integration-test/target/test-dir/MiniOzoneClusterImpl-a6c63143-532c-40e3-90f6-32ed462df7e7/datanode-3/data-0/containers/hdds
2022-06-21 13:56:05,600 [Listener at 127.0.0.1/33745] INFO  volume.StorageVolumeChecker (StorageVolumeChecker.java:checkAllVolumes(202)) - Scheduled health check for volume /home/runner/work/ozone/ozone/hadoop-ozone/integration-test/target/test-dir/MiniOzoneClusterImpl-a6c63143-532c-40e3-90f6-32ed462df7e7/datanode-3/data-0/containers/hdds
2022-06-21 13:56:05,628 [Listener at 127.0.0.1/33745] INFO  volume.MutableVolumeSet (MutableVolumeSet.java:initializeVolumeSet(174)) - Added Volume : /home/runner/work/ozone/ozone/hadoop-ozone/integration-test/target/test-dir/MiniOzoneClusterImpl-a6c63143-532c-40e3-90f6-32ed462df7e7/datanode-3/data/ratis to VolumeSet
2022-06-21 13:56:05,628 [Listener at 127.0.0.1/33745] INFO  volume.ThrottledAsyncChecker (ThrottledAsyncChecker.java:schedule(141)) - Scheduling a check for /home/runner/work/ozone/ozone/hadoop-ozone/integration-test/target/test-dir/MiniOzoneClusterImpl-a6c63143-532c-40e3-90f6-32ed462df7e7/datanode-3/data/ratis
2022-06-21 13:56:05,628 [Listener at 127.0.0.1/33745] INFO  volume.StorageVolumeChecker (StorageVolumeChecker.java:checkAllVolumes(202)) - Scheduled health check for volume /home/runner/work/ozone/ozone/hadoop-ozone/integration-test/target/test-dir/MiniOzoneClusterImpl-a6c63143-532c-40e3-90f6-32ed462df7e7/datanode-3/data/ratis
2022-06-21 13:56:05,711 [Thread-1430] INFO  ozoneimpl.ContainerReader (ContainerReader.java:readVolume(172)) - Finish verifying containers on volume /home/runner/work/ozone/ozone/hadoop-ozone/integration-test/target/test-dir/MiniOzoneClusterImpl-a6c63143-532c-40e3-90f6-32ed462df7e7/datanode-3/data-0/containers/hdds
2022-06-21 13:56:05,711 [Listener at 127.0.0.1/33745] INFO  ozoneimpl.OzoneContainer (OzoneContainer.java:buildContainerSet(266)) - Build ContainerSet costs 0s
2022-06-21 13:56:05,712 [Listener at 127.0.0.1/33745] INFO  server.RaftServer (ConfUtils.java:logGet(46)) - raft.rpc.type = GRPC (default)
2022-06-21 13:56:05,712 [Listener at 127.0.0.1/33745] INFO  grpc.GrpcFactory (GrpcFactory.java:checkPooledByteBufAllocatorUseCacheForAllThreads(48)) - PERFORMANCE WARNING: useCacheForAllThreads is true that may cause Netty to create a lot garbage objects and, as a result, trigger GC.
	It is recommended to disable useCacheForAllThreads by setting -Dorg.apache.ratis.thirdparty.io.netty.allocator.useCacheForAllThreads=false in command line.
2022-06-21 13:56:05,712 [Listener at 127.0.0.1/33745] INFO  grpc.GrpcConfigKeys (ConfUtils.java:logGet(46)) - raft.grpc.admin.port = 0 (custom)
2022-06-21 13:56:05,712 [Listener at 127.0.0.1/33745] INFO  grpc.GrpcConfigKeys (ConfUtils.java:logGet(46)) - raft.grpc.client.port = 0 (custom)
2022-06-21 13:56:05,712 [Listener at 127.0.0.1/33745] INFO  grpc.GrpcConfigKeys (ConfUtils.java:logGet(46)) - raft.grpc.server.port = 0 (default)
2022-06-21 13:56:05,713 [Listener at 127.0.0.1/33745] INFO  server.GrpcService (ConfUtils.java:logGet(46)) - raft.grpc.message.size.max = 32MB (=33554432) (custom)
2022-06-21 13:56:05,713 [Listener at 127.0.0.1/33745] INFO  server.RaftServerConfigKeys (ConfUtils.java:logGet(46)) - raft.server.log.appender.buffer.byte-limit = 33554432 (custom)
2022-06-21 13:56:05,713 [Listener at 127.0.0.1/33745] INFO  server.GrpcService (ConfUtils.java:logGet(46)) - raft.grpc.flow.control.window = 5MB (=5242880) (custom)
2022-06-21 13:56:05,713 [Listener at 127.0.0.1/33745] INFO  server.RaftServerConfigKeys (ConfUtils.java:logGet(46)) - raft.server.rpc.request.timeout = 60s (custom)
2022-06-21 13:56:05,713 [Listener at 127.0.0.1/33745] INFO  grpc.GrpcConfigKeys (ConfUtils.java:logGet(46)) - raft.grpc.server.async.request.thread.pool.cached = true (default)
2022-06-21 13:56:05,713 [Listener at 127.0.0.1/33745] INFO  grpc.GrpcConfigKeys (ConfUtils.java:logGet(46)) - raft.grpc.server.async.request.thread.pool.size = 32 (default)
2022-06-21 13:56:05,714 [Listener at 127.0.0.1/33745] INFO  impl.DataStreamServerImpl (ConfUtils.java:logGet(46)) - raft.datastream.type = DISABLED (default)
2022-06-21 13:56:05,714 [Listener at 127.0.0.1/33745] INFO  server.RaftServerConfigKeys (ConfUtils.java:logGet(46)) - raft.server.threadpool.proxy.cached = true (default)
2022-06-21 13:56:05,714 [Listener at 127.0.0.1/33745] INFO  server.RaftServerConfigKeys (ConfUtils.java:logGet(46)) - raft.server.threadpool.proxy.size = 0 (default)
2022-06-21 13:56:05,714 [Listener at 127.0.0.1/33745] INFO  server.RaftServerConfigKeys (ConfUtils.java:logGet(46)) - raft.server.rpc.slowness.timeout = 300s (custom)
2022-06-21 13:56:05,714 [Listener at 127.0.0.1/33745] INFO  server.RaftServerConfigKeys (ConfUtils.java:logGet(46)) - raft.server.leaderelection.leader.step-down.wait-time = 10s (default)
2022-06-21 13:56:05,715 [Listener at 127.0.0.1/33745] INFO  server.RaftServerConfigKeys (ConfUtils.java:logGet(46)) - raft.server.storage.dir = [/home/runner/work/ozone/ozone/hadoop-ozone/integration-test/target/test-dir/MiniOzoneClusterImpl-a6c63143-532c-40e3-90f6-32ed462df7e7/datanode-3/data/ratis] (custom)
2022-06-21 13:56:05,722 [Listener at 127.0.0.1/33745] INFO  server.XceiverServerGrpc (XceiverServerGrpc.java:<init>(132)) - GrpcServer channel type EpollServerSocketChannel
2022-06-21 13:56:05,739 [Listener at 127.0.0.1/33745] INFO  http.BaseHttpServer (BaseHttpServer.java:newHttpServer2BuilderForOzone(209)) - Starting Web-server for hddsDatanode at: http://0.0.0.0:0
2022-06-21 13:56:05,739 [Listener at 127.0.0.1/33745] INFO  http.BaseHttpServer (BaseHttpServer.java:<init>(107)) - Hadoop Security Enabled: false Ozone Security Enabled: false Ozone HTTP Security Enabled: false 
2022-06-21 13:56:05,740 [Listener at 127.0.0.1/33745] INFO  server.AuthenticationFilter (AuthenticationFilter.java:constructSecretProvider(240)) - Unable to initialize FileSignerSecretProvider, falling back to use random secrets.
2022-06-21 13:56:05,744 [Listener at 127.0.0.1/33745] WARN  http.HttpRequestLog (HttpRequestLog.java:getRequestLog(103)) - Jetty request log can only be enabled using Log4j
2022-06-21 13:56:05,745 [Listener at 127.0.0.1/33745] INFO  http.HttpServer2 (HttpServer2.java:addGlobalFilter(1029)) - Added global filter 'safety' (class=org.apache.hadoop.hdds.server.http.HttpServer2$QuotingInputFilter)
2022-06-21 13:56:05,745 [Listener at 127.0.0.1/33745] INFO  http.HttpServer2 (HttpServer2.java:addFilter(1005)) - Added filter static_user_filter (class=org.apache.hadoop.http.lib.StaticUserWebFilter$StaticUserFilter) to context hddsDatanode
2022-06-21 13:56:05,746 [Listener at 127.0.0.1/33745] INFO  http.HttpServer2 (HttpServer2.java:addFilter(1013)) - Added filter static_user_filter (class=org.apache.hadoop.http.lib.StaticUserWebFilter$StaticUserFilter) to context static
2022-06-21 13:56:05,746 [Listener at 127.0.0.1/33745] INFO  http.HttpServer2 (HttpServer2.java:addFilter(1013)) - Added filter static_user_filter (class=org.apache.hadoop.http.lib.StaticUserWebFilter$StaticUserFilter) to context logs
2022-06-21 13:56:05,746 [Listener at 127.0.0.1/33745] INFO  http.HttpServer2 (HttpServer2.java:bindListener(1248)) - Jetty bound to port 44877
2022-06-21 13:56:05,746 [Listener at 127.0.0.1/33745] INFO  server.Server (Server.java:doStart(375)) - jetty-9.4.43.v20210629; built: 2021-06-30T11:07:22.254Z; git: 526006ecfa3af7f1a27ef3a288e2bef7ea9dd7e8; jvm 1.8.0_332-b09
2022-06-21 13:56:05,762 [Listener at 127.0.0.1/33745] INFO  server.session (DefaultSessionIdManager.java:doStart(334)) - DefaultSessionIdManager workerName=node0
2022-06-21 13:56:05,763 [Listener at 127.0.0.1/33745] INFO  server.session (DefaultSessionIdManager.java:doStart(339)) - No SessionScavenger set, using defaults
2022-06-21 13:56:05,763 [Listener at 127.0.0.1/33745] INFO  server.session (HouseKeeper.java:startScavenging(132)) - node0 Scavenging every 600000ms
2022-06-21 13:56:05,775 [Listener at 127.0.0.1/33745] INFO  handler.ContextHandler (ContextHandler.java:doStart(915)) - Started o.e.j.s.ServletContextHandler@5bb0103{logs,/logs,file:///home/runner/work/ozone/ozone/hadoop-ozone/integration-test/target/log,AVAILABLE}
2022-06-21 13:56:05,775 [Listener at 127.0.0.1/33745] INFO  handler.ContextHandler (ContextHandler.java:doStart(915)) - Started o.e.j.s.ServletContextHandler@4ef32a{static,/static,jar:file:/home/runner/.m2/repository/org/apache/ozone/hdds-container-service/1.3.0-SNAPSHOT/hdds-container-service-1.3.0-SNAPSHOT.jar!/webapps/static,AVAILABLE}
2022-06-21 13:56:06,119 [EndpointStateMachine task thread for /0.0.0.0:33833 - 0 ] INFO  volume.HddsVolume (HddsVolume.java:createDbStore(309)) - SchemaV3 db is created and loaded at /home/runner/work/ozone/ozone/hadoop-ozone/integration-test/target/test-dir/MiniOzoneClusterImpl-a6c63143-532c-40e3-90f6-32ed462df7e7/datanode-1/data-0/containers/hdds/a6c63143-532c-40e3-90f6-32ed462df7e7/DS-7711ab41-097b-47a4-a848-49be015a26cf/container.db for volume DS-7711ab41-097b-47a4-a848-49be015a26cf
2022-06-21 13:56:06,206 [EndpointStateMachine task thread for /0.0.0.0:33833 - 0 ] INFO  volume.HddsVolume (HddsVolume.java:closeDbStore(340)) - SchemaV3 db is stopped at /home/runner/work/ozone/ozone/hadoop-ozone/integration-test/target/test-dir/MiniOzoneClusterImpl-a6c63143-532c-40e3-90f6-32ed462df7e7/datanode-1/data-0/containers/hdds/a6c63143-532c-40e3-90f6-32ed462df7e7/DS-7711ab41-097b-47a4-a848-49be015a26cf/container.db for volume DS-7711ab41-097b-47a4-a848-49be015a26cf
2022-06-21 13:56:06,206 [EndpointStateMachine task thread for /0.0.0.0:33833 - 0 ] INFO  ozoneimpl.OzoneContainer (OzoneContainer.java:start(344)) - Attempting to start container services.
2022-06-21 13:56:06,207 [EndpointStateMachine task thread for /0.0.0.0:33833 - 0 ] INFO  ozoneimpl.OzoneContainer (OzoneContainer.java:startContainerScrub(279)) - Background container scanner has been disabled.
2022-06-21 13:56:06,250 [EndpointStateMachine task thread for /0.0.0.0:33833 - 0 ] INFO  replication.ReplicationServer (ReplicationServer.java:start(111)) - ReplicationServer is started using port 43987
2022-06-21 13:56:06,259 [EndpointStateMachine task thread for /0.0.0.0:33833 - 0 ] INFO  ratis.XceiverServerRatis (XceiverServerRatis.java:start(481)) - Starting XceiverServerRatis 0c36eeb7-8db8-48cb-9437-34913146bd8b
2022-06-21 13:56:06,260 [EndpointStateMachine task thread for /0.0.0.0:33833 - 0 ] INFO  server.RaftServer (RaftServerProxy.java:lambda$start$6(382)) - 0c36eeb7-8db8-48cb-9437-34913146bd8b: start RPC server
2022-06-21 13:56:06,276 [EndpointStateMachine task thread for /0.0.0.0:33833 - 0 ] INFO  server.GrpcService (GrpcService.java:startImpl(260)) - 0c36eeb7-8db8-48cb-9437-34913146bd8b: GrpcService started, listening on 38615
2022-06-21 13:56:06,278 [EndpointStateMachine task thread for /0.0.0.0:33833 - 0 ] INFO  ratis.XceiverServerRatis (XceiverServerRatis.java:getRealPort(502)) - XceiverServerRatis 0c36eeb7-8db8-48cb-9437-34913146bd8b is started using port 38615 for RATIS
2022-06-21 13:56:06,278 [EndpointStateMachine task thread for /0.0.0.0:33833 - 0 ] INFO  ratis.XceiverServerRatis (XceiverServerRatis.java:getRealPort(502)) - XceiverServerRatis 0c36eeb7-8db8-48cb-9437-34913146bd8b is started using port 38615 for RATIS_ADMIN
2022-06-21 13:56:06,279 [EndpointStateMachine task thread for /0.0.0.0:33833 - 0 ] INFO  ratis.XceiverServerRatis (XceiverServerRatis.java:getRealPort(502)) - XceiverServerRatis 0c36eeb7-8db8-48cb-9437-34913146bd8b is started using port 38615 for RATIS_SERVER
2022-06-21 13:56:06,279 [org.apache.ratis.util.JvmPauseMonitor$$Lambda$627/290163460@28e14e90] INFO  util.JvmPauseMonitor (JvmPauseMonitor.java:run(103)) - JvmPauseMonitor-0c36eeb7-8db8-48cb-9437-34913146bd8b: Started
2022-06-21 13:56:06,338 [EndpointStateMachine task thread for /0.0.0.0:33833 - 0 ] INFO  server.XceiverServerGrpc (XceiverServerGrpc.java:start(180)) - XceiverServerGrpc 0c36eeb7-8db8-48cb-9437-34913146bd8b is started using port 44209
2022-06-21 13:56:06,523 [Listener at 127.0.0.1/33745] INFO  handler.ContextHandler (ContextHandler.java:doStart(915)) - Started o.e.j.w.WebAppContext@37a21580{hddsDatanode,/,file:///tmp/jetty-0_0_0_0-44877-hdds-container-service-1_3_0-SNAPSHOT_jar-_-any-4969039044681769909/webapp/,AVAILABLE}{jar:file:/home/runner/.m2/repository/org/apache/ozone/hdds-container-service/1.3.0-SNAPSHOT/hdds-container-service-1.3.0-SNAPSHOT.jar!/webapps/hddsDatanode}
2022-06-21 13:56:06,547 [Listener at 127.0.0.1/33745] INFO  server.AbstractConnector (AbstractConnector.java:doStart(331)) - Started ServerConnector@264269e5{HTTP/1.1, (http/1.1)}{0.0.0.0:44877}
2022-06-21 13:56:06,547 [Listener at 127.0.0.1/33745] INFO  server.Server (Server.java:doStart(415)) - Started @222540ms
2022-06-21 13:56:06,547 [Listener at 127.0.0.1/33745] WARN  impl.MetricsSystemImpl (MetricsSystemImpl.java:register(279)) - Sink prometheus already exists!
2022-06-21 13:56:06,548 [Listener at 127.0.0.1/33745] INFO  http.BaseHttpServer (BaseHttpServer.java:updateConnectorAddress(329)) - HTTP server of hddsDatanode listening at http://0.0.0.0:44877
2022-06-21 13:56:06,548 [Listener at 127.0.0.1/33745] INFO  impl.MetricsSystemImpl (MetricsSystemImpl.java:init(158)) - HddsDatanode metrics system started (again)
2022-06-21 13:56:06,564 [Datanode State Machine Daemon Thread] INFO  statemachine.DatanodeStateMachine (DatanodeStateMachine.java:lambda$startDaemon$0(492)) - Ozone container server started.
2022-06-21 13:56:06,610 [Listener at 127.0.0.1/33745] INFO  ozone.HddsDatanodeService (HddsDatanodeService.java:start(236)) - HddsDatanodeService host:fv-az194-567.vahfjs35atkulmpwh5ujf4txfe.jx.internal.cloudapp.net ip:10.1.0.15
2022-06-21 13:56:06,695 [Listener at 127.0.0.1/33745] INFO  upgrade.AbstractLayoutVersionManager (AbstractLayoutVersionManager.java:init(82)) - Initializing Layout version manager with metadata layout = DATANODE_SCHEMA_V3 (version = 4), software layout = DATANODE_SCHEMA_V3 (version = 4)
2022-06-21 13:56:06,719 [org.apache.hadoop.util.JvmPauseMonitor$Monitor@71170bb4] INFO  util.JvmPauseMonitor (JvmPauseMonitor.java:run(188)) - Starting JVM pause monitor
2022-06-21 13:56:06,720 [Datanode State Machine Task Thread - 0] INFO  datanode.InitDatanodeState (InitDatanodeState.java:persistContainerDatanodeDetails(138)) - DatanodeDetails is persisted to /home/runner/work/ozone/ozone/hadoop-ozone/integration-test/target/test-dir/MiniOzoneClusterImpl-a6c63143-532c-40e3-90f6-32ed462df7e7/datanode-3/meta/datanode.id
2022-06-21 13:56:06,728 [IPC Server handler 18 on default port 33833] INFO  net.NetworkTopologyImpl (NetworkTopologyImpl.java:add(112)) - Added a new node: /default-rack/661906f5-178f-45a1-86e2-0540bf739913
2022-06-21 13:56:06,728 [IPC Server handler 18 on default port 33833] INFO  node.SCMNodeManager (SCMNodeManager.java:register(394)) - Registered Data node : 661906f5-178f-45a1-86e2-0540bf739913{ip: 10.1.0.15, host: fv-az194-567.vahfjs35atkulmpwh5ujf4txfe.jx.internal.cloudapp.net, ports: [REPLICATION=45169, RATIS=44467, RATIS_ADMIN=44467, RATIS_SERVER=44467, STANDALONE=45555], networkLocation: /default-rack, certSerialId: null, persistedOpState: null, persistedOpStateExpiryEpochSec: 0}
2022-06-21 13:56:06,755 [EventQueue-NodeRegistrationContainerReportForContainerSafeModeRule] INFO  safemode.SCMSafeModeManager (SCMSafeModeManager.java:validateSafeModeExitRules(204)) - ContainerSafeModeRule rule is successfully validated
2022-06-21 13:56:06,755 [EventQueue-NodeRegistrationContainerReportForDataNodeSafeModeRule] INFO  safemode.SCMSafeModeManager (DataNodeSafeModeRule.java:process(71)) - SCM in safe mode. 1 DataNodes registered, 3 required.
2022-06-21 13:56:06,795 [EventQueue-NewNodeForNewNodeHandler] INFO  pipeline.BackgroundPipelineCreator (BackgroundPipelineCreator.java:notifyEventTriggered(272)) - trigger a one-shot run on RatisPipelineUtilsThread.
2022-06-21 13:56:06,796 [RatisPipelineUtilsThread - 0] INFO  pipeline.RatisPipelineProvider (RatisPipelineProvider.java:lambda$create$0(195)) - Sending CreatePipelineCommand for pipeline:PipelineID=019833aa-3aaf-41b6-8450-a237be568b99 to datanode:661906f5-178f-45a1-86e2-0540bf739913
2022-06-21 13:56:06,797 [RatisPipelineUtilsThread - 0] INFO  pipeline.PipelineStateManagerImpl (PipelineStateManagerImpl.java:addPipeline(101)) - Created pipeline Pipeline[ Id: 019833aa-3aaf-41b6-8450-a237be568b99, Nodes: 661906f5-178f-45a1-86e2-0540bf739913{ip: 10.1.0.15, host: fv-az194-567.vahfjs35atkulmpwh5ujf4txfe.jx.internal.cloudapp.net, ports: [REPLICATION=45169, RATIS=44467, RATIS_ADMIN=44467, RATIS_SERVER=44467, STANDALONE=45555], networkLocation: /default-rack, certSerialId: null, persistedOpState: IN_SERVICE, persistedOpStateExpiryEpochSec: 0}, ReplicationConfig: RATIS/ONE, State:ALLOCATED, leaderId:, CreationTimestamp2022-06-21T13:56:06.796Z[Etc/UTC]].
2022-06-21 13:56:06,832 [EventQueue-PipelineReportForOneReplicaPipelineSafeModeRule] INFO  safemode.SCMSafeModeManager (SCMSafeModeManager.java:validateSafeModeExitRules(204)) - AtleastOneDatanodeReportedRule rule is successfully validated
2022-06-21 13:56:06,884 [Listener at 127.0.0.1/33745] INFO  reflections.Reflections (Reflections.java:scan(232)) - Reflections took 188 ms to scan 7 urls, producing 131 keys and 315 values 
2022-06-21 13:56:06,885 [Listener at 127.0.0.1/33745] INFO  statemachine.DatanodeStateMachine (DatanodeStateMachine.java:getEndPointTaskThreadPoolSize(237)) - Datanode State Machine Task Thread Pool size 2
2022-06-21 13:56:06,886 [Listener at 127.0.0.1/33745] INFO  volume.HddsVolume (HddsVolume.java:<init>(116)) - Creating HddsVolume: /home/runner/work/ozone/ozone/hadoop-ozone/integration-test/target/test-dir/MiniOzoneClusterImpl-a6c63143-532c-40e3-90f6-32ed462df7e7/datanode-4/data-0/containers/hdds of storage type : DISK capacity : 9223372036854775807
2022-06-21 13:56:06,887 [Listener at 127.0.0.1/33745] INFO  volume.MutableVolumeSet (MutableVolumeSet.java:initializeVolumeSet(174)) - Added Volume : /home/runner/work/ozone/ozone/hadoop-ozone/integration-test/target/test-dir/MiniOzoneClusterImpl-a6c63143-532c-40e3-90f6-32ed462df7e7/datanode-4/data-0/containers/hdds to VolumeSet
2022-06-21 13:56:06,887 [Listener at 127.0.0.1/33745] INFO  volume.ThrottledAsyncChecker (ThrottledAsyncChecker.java:schedule(141)) - Scheduling a check for /home/runner/work/ozone/ozone/hadoop-ozone/integration-test/target/test-dir/MiniOzoneClusterImpl-a6c63143-532c-40e3-90f6-32ed462df7e7/datanode-4/data-0/containers/hdds
2022-06-21 13:56:06,888 [Listener at 127.0.0.1/33745] INFO  volume.StorageVolumeChecker (StorageVolumeChecker.java:checkAllVolumes(202)) - Scheduled health check for volume /home/runner/work/ozone/ozone/hadoop-ozone/integration-test/target/test-dir/MiniOzoneClusterImpl-a6c63143-532c-40e3-90f6-32ed462df7e7/datanode-4/data-0/containers/hdds
2022-06-21 13:56:06,944 [Listener at 127.0.0.1/33745] INFO  volume.MutableVolumeSet (MutableVolumeSet.java:initializeVolumeSet(174)) - Added Volume : /home/runner/work/ozone/ozone/hadoop-ozone/integration-test/target/test-dir/MiniOzoneClusterImpl-a6c63143-532c-40e3-90f6-32ed462df7e7/datanode-4/data/ratis to VolumeSet
2022-06-21 13:56:06,944 [Listener at 127.0.0.1/33745] INFO  volume.ThrottledAsyncChecker (ThrottledAsyncChecker.java:schedule(141)) - Scheduling a check for /home/runner/work/ozone/ozone/hadoop-ozone/integration-test/target/test-dir/MiniOzoneClusterImpl-a6c63143-532c-40e3-90f6-32ed462df7e7/datanode-4/data/ratis
2022-06-21 13:56:06,945 [Listener at 127.0.0.1/33745] INFO  volume.StorageVolumeChecker (StorageVolumeChecker.java:checkAllVolumes(202)) - Scheduled health check for volume /home/runner/work/ozone/ozone/hadoop-ozone/integration-test/target/test-dir/MiniOzoneClusterImpl-a6c63143-532c-40e3-90f6-32ed462df7e7/datanode-4/data/ratis
2022-06-21 13:56:07,004 [Thread-1452] INFO  ozoneimpl.ContainerReader (ContainerReader.java:readVolume(172)) - Finish verifying containers on volume /home/runner/work/ozone/ozone/hadoop-ozone/integration-test/target/test-dir/MiniOzoneClusterImpl-a6c63143-532c-40e3-90f6-32ed462df7e7/datanode-4/data-0/containers/hdds
2022-06-21 13:56:07,004 [Listener at 127.0.0.1/33745] INFO  ozoneimpl.OzoneContainer (OzoneContainer.java:buildContainerSet(266)) - Build ContainerSet costs 0s
2022-06-21 13:56:07,006 [Listener at 127.0.0.1/33745] INFO  server.RaftServer (ConfUtils.java:logGet(46)) - raft.rpc.type = GRPC (default)
2022-06-21 13:56:07,006 [Listener at 127.0.0.1/33745] INFO  grpc.GrpcFactory (GrpcFactory.java:checkPooledByteBufAllocatorUseCacheForAllThreads(48)) - PERFORMANCE WARNING: useCacheForAllThreads is true that may cause Netty to create a lot garbage objects and, as a result, trigger GC.
	It is recommended to disable useCacheForAllThreads by setting -Dorg.apache.ratis.thirdparty.io.netty.allocator.useCacheForAllThreads=false in command line.
2022-06-21 13:56:07,006 [Listener at 127.0.0.1/33745] INFO  grpc.GrpcConfigKeys (ConfUtils.java:logGet(46)) - raft.grpc.admin.port = 0 (custom)
2022-06-21 13:56:07,006 [Listener at 127.0.0.1/33745] INFO  grpc.GrpcConfigKeys (ConfUtils.java:logGet(46)) - raft.grpc.client.port = 0 (custom)
2022-06-21 13:56:07,006 [Listener at 127.0.0.1/33745] INFO  grpc.GrpcConfigKeys (ConfUtils.java:logGet(46)) - raft.grpc.server.port = 0 (default)
2022-06-21 13:56:07,006 [Listener at 127.0.0.1/33745] INFO  server.GrpcService (ConfUtils.java:logGet(46)) - raft.grpc.message.size.max = 32MB (=33554432) (custom)
2022-06-21 13:56:07,006 [Listener at 127.0.0.1/33745] INFO  server.RaftServerConfigKeys (ConfUtils.java:logGet(46)) - raft.server.log.appender.buffer.byte-limit = 33554432 (custom)
2022-06-21 13:56:07,007 [Listener at 127.0.0.1/33745] INFO  server.GrpcService (ConfUtils.java:logGet(46)) - raft.grpc.flow.control.window = 5MB (=5242880) (custom)
2022-06-21 13:56:07,007 [Listener at 127.0.0.1/33745] INFO  server.RaftServerConfigKeys (ConfUtils.java:logGet(46)) - raft.server.rpc.request.timeout = 60s (custom)
2022-06-21 13:56:07,007 [Listener at 127.0.0.1/33745] INFO  grpc.GrpcConfigKeys (ConfUtils.java:logGet(46)) - raft.grpc.server.async.request.thread.pool.cached = true (default)
2022-06-21 13:56:07,007 [Listener at 127.0.0.1/33745] INFO  grpc.GrpcConfigKeys (ConfUtils.java:logGet(46)) - raft.grpc.server.async.request.thread.pool.size = 32 (default)
2022-06-21 13:56:07,008 [Listener at 127.0.0.1/33745] INFO  impl.DataStreamServerImpl (ConfUtils.java:logGet(46)) - raft.datastream.type = DISABLED (default)
2022-06-21 13:56:07,008 [Listener at 127.0.0.1/33745] INFO  server.RaftServerConfigKeys (ConfUtils.java:logGet(46)) - raft.server.threadpool.proxy.cached = true (default)
2022-06-21 13:56:07,008 [Listener at 127.0.0.1/33745] INFO  server.RaftServerConfigKeys (ConfUtils.java:logGet(46)) - raft.server.threadpool.proxy.size = 0 (default)
2022-06-21 13:56:07,011 [Listener at 127.0.0.1/33745] INFO  server.RaftServerConfigKeys (ConfUtils.java:logGet(46)) - raft.server.rpc.slowness.timeout = 300s (custom)
2022-06-21 13:56:07,011 [Listener at 127.0.0.1/33745] INFO  server.RaftServerConfigKeys (ConfUtils.java:logGet(46)) - raft.server.leaderelection.leader.step-down.wait-time = 10s (default)
2022-06-21 13:56:07,012 [Listener at 127.0.0.1/33745] INFO  server.RaftServerConfigKeys (ConfUtils.java:logGet(46)) - raft.server.storage.dir = [/home/runner/work/ozone/ozone/hadoop-ozone/integration-test/target/test-dir/MiniOzoneClusterImpl-a6c63143-532c-40e3-90f6-32ed462df7e7/datanode-4/data/ratis] (custom)
2022-06-21 13:56:07,016 [Listener at 127.0.0.1/33745] INFO  server.XceiverServerGrpc (XceiverServerGrpc.java:<init>(132)) - GrpcServer channel type EpollServerSocketChannel
2022-06-21 13:56:07,018 [Listener at 127.0.0.1/33745] INFO  http.BaseHttpServer (BaseHttpServer.java:newHttpServer2BuilderForOzone(209)) - Starting Web-server for hddsDatanode at: http://0.0.0.0:0
2022-06-21 13:56:07,018 [Listener at 127.0.0.1/33745] INFO  http.BaseHttpServer (BaseHttpServer.java:<init>(107)) - Hadoop Security Enabled: false Ozone Security Enabled: false Ozone HTTP Security Enabled: false 
2022-06-21 13:56:07,019 [Listener at 127.0.0.1/33745] INFO  server.AuthenticationFilter (AuthenticationFilter.java:constructSecretProvider(240)) - Unable to initialize FileSignerSecretProvider, falling back to use random secrets.
2022-06-21 13:56:07,038 [Listener at 127.0.0.1/33745] WARN  http.HttpRequestLog (HttpRequestLog.java:getRequestLog(103)) - Jetty request log can only be enabled using Log4j
2022-06-21 13:56:07,040 [Listener at 127.0.0.1/33745] INFO  http.HttpServer2 (HttpServer2.java:addGlobalFilter(1029)) - Added global filter 'safety' (class=org.apache.hadoop.hdds.server.http.HttpServer2$QuotingInputFilter)
2022-06-21 13:56:07,040 [Listener at 127.0.0.1/33745] INFO  http.HttpServer2 (HttpServer2.java:addFilter(1005)) - Added filter static_user_filter (class=org.apache.hadoop.http.lib.StaticUserWebFilter$StaticUserFilter) to context hddsDatanode
2022-06-21 13:56:07,040 [Listener at 127.0.0.1/33745] INFO  http.HttpServer2 (HttpServer2.java:addFilter(1013)) - Added filter static_user_filter (class=org.apache.hadoop.http.lib.StaticUserWebFilter$StaticUserFilter) to context logs
2022-06-21 13:56:07,040 [Listener at 127.0.0.1/33745] INFO  http.HttpServer2 (HttpServer2.java:addFilter(1013)) - Added filter static_user_filter (class=org.apache.hadoop.http.lib.StaticUserWebFilter$StaticUserFilter) to context static
2022-06-21 13:56:07,041 [Listener at 127.0.0.1/33745] INFO  http.HttpServer2 (HttpServer2.java:bindListener(1248)) - Jetty bound to port 33231
2022-06-21 13:56:07,041 [Listener at 127.0.0.1/33745] INFO  server.Server (Server.java:doStart(375)) - jetty-9.4.43.v20210629; built: 2021-06-30T11:07:22.254Z; git: 526006ecfa3af7f1a27ef3a288e2bef7ea9dd7e8; jvm 1.8.0_332-b09
2022-06-21 13:56:07,099 [Listener at 127.0.0.1/33745] INFO  server.session (DefaultSessionIdManager.java:doStart(334)) - DefaultSessionIdManager workerName=node0
2022-06-21 13:56:07,099 [Listener at 127.0.0.1/33745] INFO  server.session (DefaultSessionIdManager.java:doStart(339)) - No SessionScavenger set, using defaults
2022-06-21 13:56:07,099 [Listener at 127.0.0.1/33745] INFO  server.session (HouseKeeper.java:startScavenging(132)) - node0 Scavenging every 600000ms
2022-06-21 13:56:07,105 [Listener at 127.0.0.1/33745] INFO  handler.ContextHandler (ContextHandler.java:doStart(915)) - Started o.e.j.s.ServletContextHandler@3982d511{logs,/logs,file:///home/runner/work/ozone/ozone/hadoop-ozone/integration-test/target/log,AVAILABLE}
2022-06-21 13:56:07,105 [Listener at 127.0.0.1/33745] INFO  handler.ContextHandler (ContextHandler.java:doStart(915)) - Started o.e.j.s.ServletContextHandler@2e7bf072{static,/static,jar:file:/home/runner/.m2/repository/org/apache/ozone/hdds-container-service/1.3.0-SNAPSHOT/hdds-container-service-1.3.0-SNAPSHOT.jar!/webapps/static,AVAILABLE}
2022-06-21 13:56:07,791 [EndpointStateMachine task thread for /0.0.0.0:33833 - 0 ] INFO  volume.HddsVolume (HddsVolume.java:createDbStore(309)) - SchemaV3 db is created and loaded at /home/runner/work/ozone/ozone/hadoop-ozone/integration-test/target/test-dir/MiniOzoneClusterImpl-a6c63143-532c-40e3-90f6-32ed462df7e7/datanode-2/data-0/containers/hdds/a6c63143-532c-40e3-90f6-32ed462df7e7/DS-8eea51b2-e658-4641-b604-6803b99ec6c5/container.db for volume DS-8eea51b2-e658-4641-b604-6803b99ec6c5
2022-06-21 13:56:07,831 [EndpointStateMachine task thread for /0.0.0.0:33833 - 0 ] INFO  volume.HddsVolume (HddsVolume.java:closeDbStore(340)) - SchemaV3 db is stopped at /home/runner/work/ozone/ozone/hadoop-ozone/integration-test/target/test-dir/MiniOzoneClusterImpl-a6c63143-532c-40e3-90f6-32ed462df7e7/datanode-2/data-0/containers/hdds/a6c63143-532c-40e3-90f6-32ed462df7e7/DS-8eea51b2-e658-4641-b604-6803b99ec6c5/container.db for volume DS-8eea51b2-e658-4641-b604-6803b99ec6c5
2022-06-21 13:56:07,831 [EndpointStateMachine task thread for /0.0.0.0:33833 - 0 ] INFO  ozoneimpl.OzoneContainer (OzoneContainer.java:start(344)) - Attempting to start container services.
2022-06-21 13:56:07,831 [EndpointStateMachine task thread for /0.0.0.0:33833 - 0 ] INFO  ozoneimpl.OzoneContainer (OzoneContainer.java:startContainerScrub(279)) - Background container scanner has been disabled.
2022-06-21 13:56:07,861 [EndpointStateMachine task thread for /0.0.0.0:33833 - 0 ] INFO  replication.ReplicationServer (ReplicationServer.java:start(111)) - ReplicationServer is started using port 43795
2022-06-21 13:56:07,862 [EndpointStateMachine task thread for /0.0.0.0:33833 - 0 ] INFO  ratis.XceiverServerRatis (XceiverServerRatis.java:start(481)) - Starting XceiverServerRatis 7ed761f3-2892-425f-b708-b7f52bea56b6
2022-06-21 13:56:07,882 [EndpointStateMachine task thread for /0.0.0.0:33833 - 0 ] INFO  server.RaftServer (RaftServerProxy.java:lambda$start$6(382)) - 7ed761f3-2892-425f-b708-b7f52bea56b6: start RPC server
2022-06-21 13:56:07,924 [EndpointStateMachine task thread for /0.0.0.0:33833 - 0 ] INFO  server.GrpcService (GrpcService.java:startImpl(260)) - 7ed761f3-2892-425f-b708-b7f52bea56b6: GrpcService started, listening on 37391
2022-06-21 13:56:07,924 [EndpointStateMachine task thread for /0.0.0.0:33833 - 0 ] INFO  ratis.XceiverServerRatis (XceiverServerRatis.java:getRealPort(502)) - XceiverServerRatis 7ed761f3-2892-425f-b708-b7f52bea56b6 is started using port 37391 for RATIS
2022-06-21 13:56:07,924 [EndpointStateMachine task thread for /0.0.0.0:33833 - 0 ] INFO  ratis.XceiverServerRatis (XceiverServerRatis.java:getRealPort(502)) - XceiverServerRatis 7ed761f3-2892-425f-b708-b7f52bea56b6 is started using port 37391 for RATIS_ADMIN
2022-06-21 13:56:07,924 [EndpointStateMachine task thread for /0.0.0.0:33833 - 0 ] INFO  ratis.XceiverServerRatis (XceiverServerRatis.java:getRealPort(502)) - XceiverServerRatis 7ed761f3-2892-425f-b708-b7f52bea56b6 is started using port 37391 for RATIS_SERVER
2022-06-21 13:56:07,924 [org.apache.ratis.util.JvmPauseMonitor$$Lambda$627/290163460@27eadfa6] INFO  util.JvmPauseMonitor (JvmPauseMonitor.java:run(103)) - JvmPauseMonitor-7ed761f3-2892-425f-b708-b7f52bea56b6: Started
2022-06-21 13:56:07,964 [EndpointStateMachine task thread for /0.0.0.0:33833 - 0 ] INFO  server.XceiverServerGrpc (XceiverServerGrpc.java:start(180)) - XceiverServerGrpc 7ed761f3-2892-425f-b708-b7f52bea56b6 is started using port 32819
2022-06-21 13:56:07,971 [IPC Server handler 19 on default port 33833] INFO  net.NetworkTopologyImpl (NetworkTopologyImpl.java:add(112)) - Added a new node: /default-rack/0c36eeb7-8db8-48cb-9437-34913146bd8b
2022-06-21 13:56:07,971 [IPC Server handler 19 on default port 33833] INFO  node.SCMNodeManager (SCMNodeManager.java:register(394)) - Registered Data node : 0c36eeb7-8db8-48cb-9437-34913146bd8b{ip: 10.1.0.15, host: fv-az194-567.vahfjs35atkulmpwh5ujf4txfe.jx.internal.cloudapp.net, ports: [REPLICATION=43987, RATIS=38615, RATIS_ADMIN=38615, RATIS_SERVER=38615, STANDALONE=44209], networkLocation: /default-rack, certSerialId: null, persistedOpState: null, persistedOpStateExpiryEpochSec: 0}
2022-06-21 13:56:07,971 [EventQueue-NewNodeForNewNodeHandler] INFO  pipeline.BackgroundPipelineCreator (BackgroundPipelineCreator.java:notifyEventTriggered(272)) - trigger a one-shot run on RatisPipelineUtilsThread.
2022-06-21 13:56:07,979 [EventQueue-NodeRegistrationContainerReportForDataNodeSafeModeRule] INFO  safemode.SCMSafeModeManager (DataNodeSafeModeRule.java:process(71)) - SCM in safe mode. 2 DataNodes registered, 3 required.
2022-06-21 13:56:08,047 [RatisPipelineUtilsThread - 0] INFO  pipeline.RatisPipelineProvider (RatisPipelineProvider.java:lambda$create$0(195)) - Sending CreatePipelineCommand for pipeline:PipelineID=35a01174-9d29-4291-a766-d53d63fc8f22 to datanode:0c36eeb7-8db8-48cb-9437-34913146bd8b
2022-06-21 13:56:08,047 [RatisPipelineUtilsThread - 0] INFO  pipeline.PipelineStateManagerImpl (PipelineStateManagerImpl.java:addPipeline(101)) - Created pipeline Pipeline[ Id: 35a01174-9d29-4291-a766-d53d63fc8f22, Nodes: 0c36eeb7-8db8-48cb-9437-34913146bd8b{ip: 10.1.0.15, host: fv-az194-567.vahfjs35atkulmpwh5ujf4txfe.jx.internal.cloudapp.net, ports: [REPLICATION=43987, RATIS=38615, RATIS_ADMIN=38615, RATIS_SERVER=38615, STANDALONE=44209], networkLocation: /default-rack, certSerialId: null, persistedOpState: IN_SERVICE, persistedOpStateExpiryEpochSec: 0}, ReplicationConfig: RATIS/ONE, State:ALLOCATED, leaderId:, CreationTimestamp2022-06-21T13:56:08.047Z[Etc/UTC]].
2022-06-21 13:56:08,179 [Listener at 127.0.0.1/33745] INFO  handler.ContextHandler (ContextHandler.java:doStart(915)) - Started o.e.j.w.WebAppContext@24e45da9{hddsDatanode,/,file:///tmp/jetty-0_0_0_0-33231-hdds-container-service-1_3_0-SNAPSHOT_jar-_-any-8524230166285995585/webapp/,AVAILABLE}{jar:file:/home/runner/.m2/repository/org/apache/ozone/hdds-container-service/1.3.0-SNAPSHOT/hdds-container-service-1.3.0-SNAPSHOT.jar!/webapps/hddsDatanode}
2022-06-21 13:56:08,182 [Listener at 127.0.0.1/33745] INFO  server.AbstractConnector (AbstractConnector.java:doStart(331)) - Started ServerConnector@a5badf1{HTTP/1.1, (http/1.1)}{0.0.0.0:33231}
2022-06-21 13:56:08,183 [Listener at 127.0.0.1/33745] INFO  server.Server (Server.java:doStart(415)) - Started @224176ms
2022-06-21 13:56:08,183 [Listener at 127.0.0.1/33745] WARN  impl.MetricsSystemImpl (MetricsSystemImpl.java:register(279)) - Sink prometheus already exists!
2022-06-21 13:56:08,183 [Listener at 127.0.0.1/33745] INFO  http.BaseHttpServer (BaseHttpServer.java:updateConnectorAddress(329)) - HTTP server of hddsDatanode listening at http://0.0.0.0:33231
2022-06-21 13:56:08,187 [Listener at 127.0.0.1/33745] INFO  ozone.MiniOzoneClusterImpl (MiniOzoneClusterImpl.java:lambda$waitForClusterToBeReady$0(222)) - Waiting for nodes to be ready. Got 2 of 5 DN Heartbeats.
2022-06-21 13:56:08,187 [Listener at 127.0.0.1/33745] INFO  ozone.MiniOzoneClusterImpl (MiniOzoneClusterImpl.java:lambda$waitForClusterToBeReady$0(225)) - Waiting for cluster to exit safe mode
2022-06-21 13:56:08,187 [Listener at 127.0.0.1/33745] INFO  ozone.MiniOzoneClusterImpl (MiniOzoneClusterImpl.java:lambda$waitForClusterToBeReady$0(227)) - SCM became leader
2022-06-21 13:56:08,187 [Datanode State Machine Daemon Thread] INFO  statemachine.DatanodeStateMachine (DatanodeStateMachine.java:lambda$startDaemon$0(492)) - Ozone container server started.
2022-06-21 13:56:08,251 [org.apache.hadoop.util.JvmPauseMonitor$Monitor@644128f1] INFO  util.JvmPauseMonitor (JvmPauseMonitor.java:run(188)) - Starting JVM pause monitor
2022-06-21 13:56:08,296 [Datanode State Machine Task Thread - 0] INFO  datanode.InitDatanodeState (InitDatanodeState.java:persistContainerDatanodeDetails(138)) - DatanodeDetails is persisted to /home/runner/work/ozone/ozone/hadoop-ozone/integration-test/target/test-dir/MiniOzoneClusterImpl-a6c63143-532c-40e3-90f6-32ed462df7e7/datanode-4/meta/datanode.id
2022-06-21 13:56:08,899 [EndpointStateMachine task thread for /0.0.0.0:33833 - 0 ] INFO  volume.HddsVolume (HddsVolume.java:createDbStore(309)) - SchemaV3 db is created and loaded at /home/runner/work/ozone/ozone/hadoop-ozone/integration-test/target/test-dir/MiniOzoneClusterImpl-a6c63143-532c-40e3-90f6-32ed462df7e7/datanode-3/data-0/containers/hdds/a6c63143-532c-40e3-90f6-32ed462df7e7/DS-3debf8ae-4fa5-47ee-9b03-6bb716fe3b69/container.db for volume DS-3debf8ae-4fa5-47ee-9b03-6bb716fe3b69
2022-06-21 13:56:08,906 [EndpointStateMachine task thread for /0.0.0.0:33833 - 0 ] INFO  volume.HddsVolume (HddsVolume.java:closeDbStore(340)) - SchemaV3 db is stopped at /home/runner/work/ozone/ozone/hadoop-ozone/integration-test/target/test-dir/MiniOzoneClusterImpl-a6c63143-532c-40e3-90f6-32ed462df7e7/datanode-3/data-0/containers/hdds/a6c63143-532c-40e3-90f6-32ed462df7e7/DS-3debf8ae-4fa5-47ee-9b03-6bb716fe3b69/container.db for volume DS-3debf8ae-4fa5-47ee-9b03-6bb716fe3b69
2022-06-21 13:56:08,906 [EndpointStateMachine task thread for /0.0.0.0:33833 - 0 ] INFO  ozoneimpl.OzoneContainer (OzoneContainer.java:start(344)) - Attempting to start container services.
2022-06-21 13:56:08,906 [EndpointStateMachine task thread for /0.0.0.0:33833 - 0 ] INFO  ozoneimpl.OzoneContainer (OzoneContainer.java:startContainerScrub(279)) - Background container scanner has been disabled.
2022-06-21 13:56:08,911 [EndpointStateMachine task thread for /0.0.0.0:33833 - 0 ] INFO  replication.ReplicationServer (ReplicationServer.java:start(111)) - ReplicationServer is started using port 42401
2022-06-21 13:56:08,912 [EndpointStateMachine task thread for /0.0.0.0:33833 - 0 ] INFO  ratis.XceiverServerRatis (XceiverServerRatis.java:start(481)) - Starting XceiverServerRatis 46e1d9a7-823e-4b9e-8490-f50260fc9351
2022-06-21 13:56:08,912 [EndpointStateMachine task thread for /0.0.0.0:33833 - 0 ] INFO  server.RaftServer (RaftServerProxy.java:lambda$start$6(382)) - 46e1d9a7-823e-4b9e-8490-f50260fc9351: start RPC server
2022-06-21 13:56:08,924 [EndpointStateMachine task thread for /0.0.0.0:33833 - 0 ] INFO  server.GrpcService (GrpcService.java:startImpl(260)) - 46e1d9a7-823e-4b9e-8490-f50260fc9351: GrpcService started, listening on 39213
2022-06-21 13:56:08,924 [EndpointStateMachine task thread for /0.0.0.0:33833 - 0 ] INFO  ratis.XceiverServerRatis (XceiverServerRatis.java:getRealPort(502)) - XceiverServerRatis 46e1d9a7-823e-4b9e-8490-f50260fc9351 is started using port 39213 for RATIS
2022-06-21 13:56:08,924 [EndpointStateMachine task thread for /0.0.0.0:33833 - 0 ] INFO  ratis.XceiverServerRatis (XceiverServerRatis.java:getRealPort(502)) - XceiverServerRatis 46e1d9a7-823e-4b9e-8490-f50260fc9351 is started using port 39213 for RATIS_ADMIN
2022-06-21 13:56:08,924 [EndpointStateMachine task thread for /0.0.0.0:33833 - 0 ] INFO  ratis.XceiverServerRatis (XceiverServerRatis.java:getRealPort(502)) - XceiverServerRatis 46e1d9a7-823e-4b9e-8490-f50260fc9351 is started using port 39213 for RATIS_SERVER
2022-06-21 13:56:08,924 [org.apache.ratis.util.JvmPauseMonitor$$Lambda$627/290163460@74ac11f4] INFO  util.JvmPauseMonitor (JvmPauseMonitor.java:run(103)) - JvmPauseMonitor-46e1d9a7-823e-4b9e-8490-f50260fc9351: Started
2022-06-21 13:56:09,004 [EndpointStateMachine task thread for /0.0.0.0:33833 - 0 ] INFO  server.XceiverServerGrpc (XceiverServerGrpc.java:start(180)) - XceiverServerGrpc 46e1d9a7-823e-4b9e-8490-f50260fc9351 is started using port 38865
2022-06-21 13:56:09,187 [Listener at 127.0.0.1/33745] INFO  ozone.MiniOzoneClusterImpl (MiniOzoneClusterImpl.java:lambda$waitForClusterToBeReady$0(222)) - Waiting for nodes to be ready. Got 2 of 5 DN Heartbeats.
2022-06-21 13:56:09,187 [Listener at 127.0.0.1/33745] INFO  ozone.MiniOzoneClusterImpl (MiniOzoneClusterImpl.java:lambda$waitForClusterToBeReady$0(225)) - Waiting for cluster to exit safe mode
2022-06-21 13:56:09,187 [Listener at 127.0.0.1/33745] INFO  ozone.MiniOzoneClusterImpl (MiniOzoneClusterImpl.java:lambda$waitForClusterToBeReady$0(227)) - SCM became leader
2022-06-21 13:56:09,464 [IPC Server handler 18 on default port 33833] INFO  net.NetworkTopologyImpl (NetworkTopologyImpl.java:add(112)) - Added a new node: /default-rack/7ed761f3-2892-425f-b708-b7f52bea56b6
2022-06-21 13:56:09,464 [IPC Server handler 18 on default port 33833] INFO  node.SCMNodeManager (SCMNodeManager.java:register(394)) - Registered Data node : 7ed761f3-2892-425f-b708-b7f52bea56b6{ip: 10.1.0.15, host: fv-az194-567.vahfjs35atkulmpwh5ujf4txfe.jx.internal.cloudapp.net, ports: [REPLICATION=43795, RATIS=37391, RATIS_ADMIN=37391, RATIS_SERVER=37391, STANDALONE=32819], networkLocation: /default-rack, certSerialId: null, persistedOpState: null, persistedOpStateExpiryEpochSec: 0}
2022-06-21 13:56:09,464 [EventQueue-NewNodeForNewNodeHandler] INFO  pipeline.BackgroundPipelineCreator (BackgroundPipelineCreator.java:notifyEventTriggered(272)) - trigger a one-shot run on RatisPipelineUtilsThread.
2022-06-21 13:56:09,468 [EventQueue-NodeRegistrationContainerReportForDataNodeSafeModeRule] INFO  safemode.SCMSafeModeManager (DataNodeSafeModeRule.java:process(71)) - SCM in safe mode. 3 DataNodes registered, 3 required.
2022-06-21 13:56:09,468 [EventQueue-NodeRegistrationContainerReportForDataNodeSafeModeRule] INFO  safemode.SCMSafeModeManager (SCMSafeModeManager.java:validateSafeModeExitRules(204)) - DataNodeSafeModeRule rule is successfully validated
2022-06-21 13:56:09,468 [EventQueue-NodeRegistrationContainerReportForDataNodeSafeModeRule] INFO  safemode.SCMSafeModeManager (SCMSafeModeManager.java:completePreCheck(233)) - All SCM safe mode pre check rules have passed
2022-06-21 13:56:09,468 [EventQueue-NodeRegistrationContainerReportForDataNodeSafeModeRule] WARN  events.EventQueue (EventQueue.java:fireEvent(194)) - No event handler registered for event TypedEvent{payloadType=SafeModeStatus, name='Safe mode status'}
2022-06-21 13:56:09,468 [EventQueue-NodeRegistrationContainerReportForDataNodeSafeModeRule] INFO  ha.SCMContext (SCMContext.java:updateSafeModeStatus(228)) - Update SafeModeStatus from SafeModeStatus{safeModeStatus=true, preCheckPassed=false} to SafeModeStatus{safeModeStatus=true, preCheckPassed=true}.
2022-06-21 13:56:09,468 [EventQueue-NodeRegistrationContainerReportForDataNodeSafeModeRule] INFO  pipeline.BackgroundPipelineCreator (BackgroundPipelineCreator.java:notifyEventTriggered(272)) - trigger a one-shot run on RatisPipelineUtilsThread.
2022-06-21 13:56:09,468 [RatisPipelineUtilsThread - 0] INFO  pipeline.RatisPipelineProvider (RatisPipelineProvider.java:lambda$create$0(195)) - Sending CreatePipelineCommand for pipeline:PipelineID=f30d15b6-ef12-498c-8fe8-d1c1d79771ed to datanode:7ed761f3-2892-425f-b708-b7f52bea56b6
2022-06-21 13:56:09,469 [RatisPipelineUtilsThread - 0] INFO  pipeline.PipelineStateManagerImpl (PipelineStateManagerImpl.java:addPipeline(101)) - Created pipeline Pipeline[ Id: f30d15b6-ef12-498c-8fe8-d1c1d79771ed, Nodes: 7ed761f3-2892-425f-b708-b7f52bea56b6{ip: 10.1.0.15, host: fv-az194-567.vahfjs35atkulmpwh5ujf4txfe.jx.internal.cloudapp.net, ports: [REPLICATION=43795, RATIS=37391, RATIS_ADMIN=37391, RATIS_SERVER=37391, STANDALONE=32819], networkLocation: /default-rack, certSerialId: null, persistedOpState: IN_SERVICE, persistedOpStateExpiryEpochSec: 0}, ReplicationConfig: RATIS/ONE, State:ALLOCATED, leaderId:, CreationTimestamp2022-06-21T13:56:09.468Z[Etc/UTC]].
2022-06-21 13:56:09,469 [RatisPipelineUtilsThread - 0] INFO  pipeline.RatisPipelineProvider (RatisPipelineProvider.java:lambda$create$0(195)) - Sending CreatePipelineCommand for pipeline:PipelineID=e284197a-8e20-4ad3-8e60-5a6f39132922 to datanode:0c36eeb7-8db8-48cb-9437-34913146bd8b
2022-06-21 13:56:09,469 [RatisPipelineUtilsThread - 0] INFO  pipeline.RatisPipelineProvider (RatisPipelineProvider.java:lambda$create$0(195)) - Sending CreatePipelineCommand for pipeline:PipelineID=e284197a-8e20-4ad3-8e60-5a6f39132922 to datanode:7ed761f3-2892-425f-b708-b7f52bea56b6
2022-06-21 13:56:09,469 [RatisPipelineUtilsThread - 0] INFO  pipeline.RatisPipelineProvider (RatisPipelineProvider.java:lambda$create$0(195)) - Sending CreatePipelineCommand for pipeline:PipelineID=e284197a-8e20-4ad3-8e60-5a6f39132922 to datanode:661906f5-178f-45a1-86e2-0540bf739913
2022-06-21 13:56:09,469 [RatisPipelineUtilsThread - 0] INFO  pipeline.PipelineStateManagerImpl (PipelineStateManagerImpl.java:addPipeline(101)) - Created pipeline Pipeline[ Id: e284197a-8e20-4ad3-8e60-5a6f39132922, Nodes: 0c36eeb7-8db8-48cb-9437-34913146bd8b{ip: 10.1.0.15, host: fv-az194-567.vahfjs35atkulmpwh5ujf4txfe.jx.internal.cloudapp.net, ports: [REPLICATION=43987, RATIS=38615, RATIS_ADMIN=38615, RATIS_SERVER=38615, STANDALONE=44209], networkLocation: /default-rack, certSerialId: null, persistedOpState: IN_SERVICE, persistedOpStateExpiryEpochSec: 0}7ed761f3-2892-425f-b708-b7f52bea56b6{ip: 10.1.0.15, host: fv-az194-567.vahfjs35atkulmpwh5ujf4txfe.jx.internal.cloudapp.net, ports: [REPLICATION=43795, RATIS=37391, RATIS_ADMIN=37391, RATIS_SERVER=37391, STANDALONE=32819], networkLocation: /default-rack, certSerialId: null, persistedOpState: IN_SERVICE, persistedOpStateExpiryEpochSec: 0}661906f5-178f-45a1-86e2-0540bf739913{ip: 10.1.0.15, host: fv-az194-567.vahfjs35atkulmpwh5ujf4txfe.jx.internal.cloudapp.net, ports: [REPLICATION=45169, RATIS=44467, RATIS_ADMIN=44467, RATIS_SERVER=44467, STANDALONE=45555], networkLocation: /default-rack, certSerialId: null, persistedOpState: IN_SERVICE, persistedOpStateExpiryEpochSec: 0}, ReplicationConfig: RATIS/THREE, State:ALLOCATED, leaderId:, CreationTimestamp2022-06-21T13:56:09.469Z[Etc/UTC]].
2022-06-21 13:56:09,470 [RatisPipelineUtilsThread - 0] INFO  pipeline.RatisPipelineProvider (RatisPipelineProvider.java:lambda$create$0(195)) - Sending CreatePipelineCommand for pipeline:PipelineID=962f574f-fe27-410f-9c07-52bf6dee87ee to datanode:7ed761f3-2892-425f-b708-b7f52bea56b6
2022-06-21 13:56:09,470 [RatisPipelineUtilsThread - 0] INFO  pipeline.RatisPipelineProvider (RatisPipelineProvider.java:lambda$create$0(195)) - Sending CreatePipelineCommand for pipeline:PipelineID=962f574f-fe27-410f-9c07-52bf6dee87ee to datanode:0c36eeb7-8db8-48cb-9437-34913146bd8b
2022-06-21 13:56:09,470 [RatisPipelineUtilsThread - 0] INFO  pipeline.RatisPipelineProvider (RatisPipelineProvider.java:lambda$create$0(195)) - Sending CreatePipelineCommand for pipeline:PipelineID=962f574f-fe27-410f-9c07-52bf6dee87ee to datanode:661906f5-178f-45a1-86e2-0540bf739913
2022-06-21 13:56:09,470 [RatisPipelineUtilsThread - 0] INFO  pipeline.PipelineStateManagerImpl (PipelineStateManagerImpl.java:addPipeline(101)) - Created pipeline Pipeline[ Id: 962f574f-fe27-410f-9c07-52bf6dee87ee, Nodes: 7ed761f3-2892-425f-b708-b7f52bea56b6{ip: 10.1.0.15, host: fv-az194-567.vahfjs35atkulmpwh5ujf4txfe.jx.internal.cloudapp.net, ports: [REPLICATION=43795, RATIS=37391, RATIS_ADMIN=37391, RATIS_SERVER=37391, STANDALONE=32819], networkLocation: /default-rack, certSerialId: null, persistedOpState: IN_SERVICE, persistedOpStateExpiryEpochSec: 0}0c36eeb7-8db8-48cb-9437-34913146bd8b{ip: 10.1.0.15, host: fv-az194-567.vahfjs35atkulmpwh5ujf4txfe.jx.internal.cloudapp.net, ports: [REPLICATION=43987, RATIS=38615, RATIS_ADMIN=38615, RATIS_SERVER=38615, STANDALONE=44209], networkLocation: /default-rack, certSerialId: null, persistedOpState: IN_SERVICE, persistedOpStateExpiryEpochSec: 0}661906f5-178f-45a1-86e2-0540bf739913{ip: 10.1.0.15, host: fv-az194-567.vahfjs35atkulmpwh5ujf4txfe.jx.internal.cloudapp.net, ports: [REPLICATION=45169, RATIS=44467, RATIS_ADMIN=44467, RATIS_SERVER=44467, STANDALONE=45555], networkLocation: /default-rack, certSerialId: null, persistedOpState: IN_SERVICE, persistedOpStateExpiryEpochSec: 0}, ReplicationConfig: RATIS/THREE, State:ALLOCATED, leaderId:, CreationTimestamp2022-06-21T13:56:09.470Z[Etc/UTC]].
2022-06-21 13:56:09,470 [RatisPipelineUtilsThread - 0] INFO  pipeline.PipelineManagerImpl (PipelineManagerImpl.java:recordMetricsForPipeline(715)) - Pipeline: PipelineID=962f574f-fe27-410f-9c07-52bf6dee87ee contains same datanodes as previous pipelines: PipelineID=e284197a-8e20-4ad3-8e60-5a6f39132922 nodeIds: 7ed761f3-2892-425f-b708-b7f52bea56b6, 0c36eeb7-8db8-48cb-9437-34913146bd8b, 661906f5-178f-45a1-86e2-0540bf739913
2022-06-21 13:56:09,714 [Command processor thread] INFO  server.RaftServer (RaftServerProxy.java:addNew(96)) - 661906f5-178f-45a1-86e2-0540bf739913: addNew group-A237BE568B99:[661906f5-178f-45a1-86e2-0540bf739913|rpc:10.1.0.15:44467|priority:1] returns group-A237BE568B99:java.util.concurrent.CompletableFuture@2d978aab[Not completed]
2022-06-21 13:56:09,723 [pool-771-thread-1] INFO  server.RaftServer$Division (RaftServerImpl.java:<init>(190)) - 661906f5-178f-45a1-86e2-0540bf739913: new RaftServerImpl for group-A237BE568B99:[661906f5-178f-45a1-86e2-0540bf739913|rpc:10.1.0.15:44467|priority:1] with ContainerStateMachine:uninitialized
2022-06-21 13:56:09,731 [pool-771-thread-1] INFO  server.RaftServerConfigKeys (ConfUtils.java:logGet(46)) - raft.server.rpc.timeout.min = 5s (custom)
2022-06-21 13:56:09,731 [pool-771-thread-1] INFO  server.RaftServerConfigKeys (ConfUtils.java:logGet(46)) - raft.server.rpc.timeout.max = 5200ms (custom)
2022-06-21 13:56:09,731 [pool-771-thread-1] INFO  server.RaftServerConfigKeys (ConfUtils.java:logGet(46)) - raft.server.rpc.sleep.time = 25ms (default)
2022-06-21 13:56:09,731 [pool-771-thread-1] INFO  server.RaftServerConfigKeys (ConfUtils.java:logGet(46)) - raft.server.rpc.slowness.timeout = 300s (custom)
2022-06-21 13:56:09,731 [pool-771-thread-1] INFO  server.RaftServerConfigKeys (ConfUtils.java:logGet(46)) - raft.server.leaderelection.leader.step-down.wait-time = 10s (default)
2022-06-21 13:56:09,731 [pool-771-thread-1] INFO  server.RaftServerConfigKeys (ConfUtils.java:logGet(46)) - raft.server.sleep.deviation.threshold = 300ms (default)
2022-06-21 13:56:09,731 [pool-771-thread-1] INFO  server.RaftServer$Division (ServerState.java:<init>(107)) - 661906f5-178f-45a1-86e2-0540bf739913@group-A237BE568B99: ConfigurationManager, init=-1: [661906f5-178f-45a1-86e2-0540bf739913|rpc:10.1.0.15:44467|priority:1], old=null, confs=<EMPTY_MAP>
2022-06-21 13:56:09,731 [pool-771-thread-1] INFO  server.RaftServerConfigKeys (ConfUtils.java:logGet(46)) - raft.server.storage.dir = [/home/runner/work/ozone/ozone/hadoop-ozone/integration-test/target/test-dir/MiniOzoneClusterImpl-a6c63143-532c-40e3-90f6-32ed462df7e7/datanode-0/data/ratis] (custom)
2022-06-21 13:56:09,734 [pool-771-thread-1] INFO  server.RaftServerConfigKeys (ConfUtils.java:logGet(46)) - raft.server.log.corruption.policy = EXCEPTION (default)
2022-06-21 13:56:09,734 [pool-771-thread-1] INFO  server.RaftServerConfigKeys (ConfUtils.java:logGet(46)) - raft.server.storage.free-space.min = 0MB (=0) (default)
2022-06-21 13:56:09,742 [pool-771-thread-1] INFO  storage.RaftStorageDirectory (RaftStorageDirectoryImpl.java:analyzeStorage(135)) - The storage directory /home/runner/work/ozone/ozone/hadoop-ozone/integration-test/target/test-dir/MiniOzoneClusterImpl-a6c63143-532c-40e3-90f6-32ed462df7e7/datanode-0/data/ratis/019833aa-3aaf-41b6-8450-a237be568b99 does not exist. Creating ...
2022-06-21 13:56:09,756 [pool-771-thread-1] INFO  storage.RaftStorageDirectory (RaftStorageDirectoryImpl.java:tryLock(230)) - Lock on /home/runner/work/ozone/ozone/hadoop-ozone/integration-test/target/test-dir/MiniOzoneClusterImpl-a6c63143-532c-40e3-90f6-32ed462df7e7/datanode-0/data/ratis/019833aa-3aaf-41b6-8450-a237be568b99/in_use.lock acquired by nodename 17605@fv-az194-567
2022-06-21 13:56:09,767 [pool-771-thread-1] INFO  storage.RaftStorage (RaftStorageImpl.java:format(89)) - Storage directory /home/runner/work/ozone/ozone/hadoop-ozone/integration-test/target/test-dir/MiniOzoneClusterImpl-a6c63143-532c-40e3-90f6-32ed462df7e7/datanode-0/data/ratis/019833aa-3aaf-41b6-8450-a237be568b99 has been successfully formatted.
2022-06-21 13:56:09,806 [pool-771-thread-1] INFO  ratis.ContainerStateMachine (ContainerStateMachine.java:loadSnapshot(236)) - group-A237BE568B99: The snapshot info is null. Setting the last applied indexto:(t:0, i:~)
2022-06-21 13:56:09,807 [pool-771-thread-1] INFO  server.RaftServerConfigKeys (ConfUtils.java:logGet(46)) - raft.server.notification.no-leader.timeout = 300s (custom)
2022-06-21 13:56:09,807 [pool-771-thread-1] INFO  server.RaftServerConfigKeys (ConfUtils.java:logGet(46)) - raft.server.log.use.memory = false (default)
2022-06-21 13:56:09,807 [pool-771-thread-1] INFO  server.RaftServerConfigKeys (ConfUtils.java:logGet(46)) - raft.server.log.purge.gap = 1000000 (custom)
2022-06-21 13:56:09,807 [pool-771-thread-1] INFO  server.RaftServerConfigKeys (ConfUtils.java:logGet(46)) - raft.server.log.appender.buffer.byte-limit = 33554432 (custom)
2022-06-21 13:56:09,807 [pool-771-thread-1] INFO  server.RaftServerConfigKeys (ConfUtils.java:logGet(46)) - raft.server.log.statemachine.data.read.timeout = 1000ms (default)
2022-06-21 13:56:09,807 [pool-771-thread-1] INFO  server.RaftServerConfigKeys (ConfUtils.java:logGet(46)) - raft.server.log.segment.size.max = 1048576 (custom)
2022-06-21 13:56:09,808 [pool-771-thread-1] INFO  server.RaftServerConfigKeys (ConfUtils.java:logGet(46)) - raft.server.log.segment.cache.num.max = 2 (custom)
2022-06-21 13:56:09,808 [pool-771-thread-1] INFO  server.RaftServerConfigKeys (ConfUtils.java:logGet(46)) - raft.server.log.segment.cache.size.max = 200MB (=209715200) (default)
2022-06-21 13:56:09,808 [pool-771-thread-1] INFO  segmented.SegmentedRaftLogWorker (SegmentedRaftLogWorker.java:<init>(187)) - new 661906f5-178f-45a1-86e2-0540bf739913@group-A237BE568B99-SegmentedRaftLogWorker for RaftStorageImpl:Storage Directory /home/runner/work/ozone/ozone/hadoop-ozone/integration-test/target/test-dir/MiniOzoneClusterImpl-a6c63143-532c-40e3-90f6-32ed462df7e7/datanode-0/data/ratis/019833aa-3aaf-41b6-8450-a237be568b99
2022-06-21 13:56:09,808 [pool-771-thread-1] INFO  server.RaftServerConfigKeys (ConfUtils.java:logGet(46)) - raft.server.log.queue.byte-limit = 4294967296 (custom)
2022-06-21 13:56:09,808 [pool-771-thread-1] INFO  server.RaftServerConfigKeys (ConfUtils.java:logGet(46)) - raft.server.log.queue.element-limit = 1024 (custom)
2022-06-21 13:56:09,808 [pool-771-thread-1] INFO  server.RaftServerConfigKeys (ConfUtils.java:logGet(46)) - raft.server.log.segment.size.max = 1048576 (custom)
2022-06-21 13:56:09,808 [pool-771-thread-1] INFO  server.RaftServerConfigKeys (ConfUtils.java:logGet(46)) - raft.server.log.preallocated.size = 16384 (custom)
2022-06-21 13:56:09,808 [pool-771-thread-1] INFO  server.RaftServerConfigKeys (ConfUtils.java:logGet(46)) - raft.server.log.force.sync.num = 128 (default)
2022-06-21 13:56:09,808 [pool-771-thread-1] INFO  server.RaftServerConfigKeys (ConfUtils.java:logGet(46)) - raft.server.log.statemachine.data.sync = true (default)
2022-06-21 13:56:09,808 [pool-771-thread-1] INFO  server.RaftServerConfigKeys (ConfUtils.java:logGet(46)) - raft.server.log.statemachine.data.sync.timeout = 10s (default)
2022-06-21 13:56:09,808 [pool-771-thread-1] INFO  server.RaftServerConfigKeys (ConfUtils.java:logGet(46)) - raft.server.log.statemachine.data.sync.timeout.retry = -1 (default)
2022-06-21 13:56:09,809 [pool-771-thread-1] INFO  server.RaftServerConfigKeys (ConfUtils.java:logGet(46)) - raft.server.log.write.buffer.size = 1048576 (custom)
2022-06-21 13:56:09,809 [pool-771-thread-1] INFO  server.RaftServerConfigKeys (ConfUtils.java:logGet(46)) - raft.server.log.unsafe-flush.enabled = false (default)
2022-06-21 13:56:09,809 [pool-771-thread-1] INFO  server.RaftServerConfigKeys (ConfUtils.java:logGet(46)) - raft.server.log.statemachine.data.caching.enabled = true (custom)
2022-06-21 13:56:09,810 [pool-771-thread-1] INFO  segmented.SegmentedRaftLogWorker (SegmentedRaftLogWorker.java:lambda$new$0(135)) - 661906f5-178f-45a1-86e2-0540bf739913@group-A237BE568B99-SegmentedRaftLogWorker: flushIndex: setUnconditionally 0 -> -1
2022-06-21 13:56:09,810 [pool-771-thread-1] INFO  segmented.SegmentedRaftLogWorker (SegmentedRaftLogWorker.java:lambda$new$0(135)) - 661906f5-178f-45a1-86e2-0540bf739913@group-A237BE568B99-SegmentedRaftLogWorker: safeCacheEvictIndex: setUnconditionally 0 -> -1
2022-06-21 13:56:09,819 [pool-771-thread-1] INFO  server.RaftServerConfigKeys (ConfUtils.java:logGet(46)) - raft.server.snapshot.auto.trigger.enabled = true (custom)
2022-06-21 13:56:09,819 [pool-771-thread-1] INFO  server.RaftServerConfigKeys (ConfUtils.java:logGet(46)) - raft.server.snapshot.auto.trigger.threshold = 10000 (custom)
2022-06-21 13:56:09,819 [pool-771-thread-1] INFO  server.RaftServerConfigKeys (ConfUtils.java:logGet(46)) - raft.server.snapshot.retention.file.num = 5 (custom)
2022-06-21 13:56:09,819 [pool-771-thread-1] INFO  server.RaftServerConfigKeys (ConfUtils.java:logGet(46)) - raft.server.log.purge.upto.snapshot.index = false (default)
2022-06-21 13:56:09,819 [EventQueue-PipelineReportForPipelineReportHandler] INFO  pipeline.PipelineManagerImpl (PipelineManagerImpl.java:openPipeline(356)) - Pipeline Pipeline[ Id: 019833aa-3aaf-41b6-8450-a237be568b99, Nodes: 661906f5-178f-45a1-86e2-0540bf739913{ip: 10.1.0.15, host: fv-az194-567.vahfjs35atkulmpwh5ujf4txfe.jx.internal.cloudapp.net, ports: [REPLICATION=45169, RATIS=44467, RATIS_ADMIN=44467, RATIS_SERVER=44467, STANDALONE=45555], networkLocation: /default-rack, certSerialId: null, persistedOpState: IN_SERVICE, persistedOpStateExpiryEpochSec: 0}, ReplicationConfig: RATIS/ONE, State:ALLOCATED, leaderId:661906f5-178f-45a1-86e2-0540bf739913, CreationTimestamp2022-06-21T13:56:06.796Z[Etc/UTC]] moved to OPEN state
2022-06-21 13:56:09,834 [pool-771-thread-1] INFO  server.RaftServerConfigKeys (ConfUtils.java:logGet(46)) - raft.server.retrycache.expirytime = 600000ms (custom)
2022-06-21 13:56:09,834 [pool-771-thread-1] INFO  server.RaftServerConfigKeys (ConfUtils.java:logGet(46)) - raft.server.retrycache.statistics.expirytime = 100μs (default)
2022-06-21 13:56:09,836 [pool-771-thread-1] INFO  server.RaftServerConfigKeys (ConfUtils.java:logGet(46)) - raft.server.log.appender.install.snapshot.enabled = false (custom)
2022-06-21 13:56:09,836 [pool-771-thread-1] INFO  server.RaftServerConfigKeys (ConfUtils.java:logGet(46)) - raft.server.threadpool.server.cached = true (default)
2022-06-21 13:56:09,836 [pool-771-thread-1] INFO  server.RaftServerConfigKeys (ConfUtils.java:logGet(46)) - raft.server.threadpool.server.size = 0 (default)
2022-06-21 13:56:09,836 [pool-771-thread-1] INFO  server.RaftServerConfigKeys (ConfUtils.java:logGet(46)) - raft.server.threadpool.client.cached = true (default)
2022-06-21 13:56:09,836 [pool-771-thread-1] INFO  server.RaftServerConfigKeys (ConfUtils.java:logGet(46)) - raft.server.threadpool.client.size = 0 (default)
2022-06-21 13:56:09,836 [pool-771-thread-1] INFO  server.RaftServer$Division (RaftServerImpl.java:start(310)) - 661906f5-178f-45a1-86e2-0540bf739913@group-A237BE568B99: start as a follower, conf=-1: [661906f5-178f-45a1-86e2-0540bf739913|rpc:10.1.0.15:44467|priority:1], old=null
2022-06-21 13:56:09,836 [pool-771-thread-1] INFO  server.RaftServer$Division (RaftServerImpl.java:setRole(299)) - 661906f5-178f-45a1-86e2-0540bf739913@group-A237BE568B99: changes role from      null to FOLLOWER at term 0 for startAsFollower
2022-06-21 13:56:09,836 [pool-771-thread-1] INFO  impl.RoleInfo (RoleInfo.java:updateAndGet(139)) - 661906f5-178f-45a1-86e2-0540bf739913: start 661906f5-178f-45a1-86e2-0540bf739913@group-A237BE568B99-FollowerState
2022-06-21 13:56:09,850 [pool-771-thread-1] INFO  util.JmxRegister (JmxRegister.java:tryRegister(44)) - Successfully registered JMX Bean with object name Ratis:service=RaftServer,group=group-A237BE568B99,id=661906f5-178f-45a1-86e2-0540bf739913
2022-06-21 13:56:09,860 [Command processor thread] INFO  ratis.XceiverServerRatis (XceiverServerRatis.java:addGroup(765)) - Created group PipelineID=019833aa-3aaf-41b6-8450-a237be568b99
2022-06-21 13:56:09,860 [Command processor thread] INFO  commandhandler.CreatePipelineCommandHandler (CreatePipelineCommandHandler.java:handle(113)) - Created Pipeline RATIS ONE PipelineID=019833aa-3aaf-41b6-8450-a237be568b99.
2022-06-21 13:56:09,860 [Command processor thread] INFO  server.RaftServer (RaftServerProxy.java:addNew(96)) - 661906f5-178f-45a1-86e2-0540bf739913: addNew group-5A6F39132922:[7ed761f3-2892-425f-b708-b7f52bea56b6|rpc:10.1.0.15:37391|priority:0, 0c36eeb7-8db8-48cb-9437-34913146bd8b|rpc:10.1.0.15:38615|priority:0, 661906f5-178f-45a1-86e2-0540bf739913|rpc:10.1.0.15:44467|priority:1] returns group-5A6F39132922:java.util.concurrent.CompletableFuture@29a80bc1[Not completed]
2022-06-21 13:56:09,879 [EventQueue-OpenPipelineForHealthyPipelineSafeModeRule] INFO  safemode.SCMSafeModeManager (HealthyPipelineSafeModeRule.java:process(124)) - SCM in safe mode. Healthy pipelines reported count is 0, required healthy pipeline reported count is 1
2022-06-21 13:56:09,899 [pool-771-thread-1] INFO  server.RaftServer$Division (RaftServerImpl.java:<init>(190)) - 661906f5-178f-45a1-86e2-0540bf739913: new RaftServerImpl for group-5A6F39132922:[7ed761f3-2892-425f-b708-b7f52bea56b6|rpc:10.1.0.15:37391|priority:0, 0c36eeb7-8db8-48cb-9437-34913146bd8b|rpc:10.1.0.15:38615|priority:0, 661906f5-178f-45a1-86e2-0540bf739913|rpc:10.1.0.15:44467|priority:1] with ContainerStateMachine:uninitialized
2022-06-21 13:56:09,899 [pool-771-thread-1] INFO  server.RaftServerConfigKeys (ConfUtils.java:logGet(46)) - raft.server.rpc.timeout.min = 5s (custom)
2022-06-21 13:56:09,899 [pool-771-thread-1] INFO  server.RaftServerConfigKeys (ConfUtils.java:logGet(46)) - raft.server.rpc.timeout.max = 5200ms (custom)
2022-06-21 13:56:09,899 [pool-771-thread-1] INFO  server.RaftServerConfigKeys (ConfUtils.java:logGet(46)) - raft.server.rpc.sleep.time = 25ms (default)
2022-06-21 13:56:09,900 [pool-771-thread-1] INFO  server.RaftServerConfigKeys (ConfUtils.java:logGet(46)) - raft.server.rpc.slowness.timeout = 300s (custom)
2022-06-21 13:56:09,900 [pool-771-thread-1] INFO  server.RaftServerConfigKeys (ConfUtils.java:logGet(46)) - raft.server.leaderelection.leader.step-down.wait-time = 10s (default)
2022-06-21 13:56:09,900 [pool-771-thread-1] INFO  server.RaftServerConfigKeys (ConfUtils.java:logGet(46)) - raft.server.sleep.deviation.threshold = 300ms (default)
2022-06-21 13:56:09,900 [pool-771-thread-1] INFO  server.RaftServer$Division (ServerState.java:<init>(107)) - 661906f5-178f-45a1-86e2-0540bf739913@group-5A6F39132922: ConfigurationManager, init=-1: [7ed761f3-2892-425f-b708-b7f52bea56b6|rpc:10.1.0.15:37391|priority:0, 0c36eeb7-8db8-48cb-9437-34913146bd8b|rpc:10.1.0.15:38615|priority:0, 661906f5-178f-45a1-86e2-0540bf739913|rpc:10.1.0.15:44467|priority:1], old=null, confs=<EMPTY_MAP>
2022-06-21 13:56:09,900 [pool-771-thread-1] INFO  server.RaftServerConfigKeys (ConfUtils.java:logGet(46)) - raft.server.storage.dir = [/home/runner/work/ozone/ozone/hadoop-ozone/integration-test/target/test-dir/MiniOzoneClusterImpl-a6c63143-532c-40e3-90f6-32ed462df7e7/datanode-0/data/ratis] (custom)
2022-06-21 13:56:09,900 [pool-771-thread-1] INFO  server.RaftServerConfigKeys (ConfUtils.java:logGet(46)) - raft.server.log.corruption.policy = EXCEPTION (default)
2022-06-21 13:56:09,900 [pool-771-thread-1] INFO  server.RaftServerConfigKeys (ConfUtils.java:logGet(46)) - raft.server.storage.free-space.min = 0MB (=0) (default)
2022-06-21 13:56:09,900 [pool-771-thread-1] INFO  storage.RaftStorageDirectory (RaftStorageDirectoryImpl.java:analyzeStorage(135)) - The storage directory /home/runner/work/ozone/ozone/hadoop-ozone/integration-test/target/test-dir/MiniOzoneClusterImpl-a6c63143-532c-40e3-90f6-32ed462df7e7/datanode-0/data/ratis/e284197a-8e20-4ad3-8e60-5a6f39132922 does not exist. Creating ...
2022-06-21 13:56:09,904 [pool-771-thread-1] INFO  storage.RaftStorageDirectory (RaftStorageDirectoryImpl.java:tryLock(230)) - Lock on /home/runner/work/ozone/ozone/hadoop-ozone/integration-test/target/test-dir/MiniOzoneClusterImpl-a6c63143-532c-40e3-90f6-32ed462df7e7/datanode-0/data/ratis/e284197a-8e20-4ad3-8e60-5a6f39132922/in_use.lock acquired by nodename 17605@fv-az194-567
2022-06-21 13:56:09,906 [pool-771-thread-1] INFO  storage.RaftStorage (RaftStorageImpl.java:format(89)) - Storage directory /home/runner/work/ozone/ozone/hadoop-ozone/integration-test/target/test-dir/MiniOzoneClusterImpl-a6c63143-532c-40e3-90f6-32ed462df7e7/datanode-0/data/ratis/e284197a-8e20-4ad3-8e60-5a6f39132922 has been successfully formatted.
2022-06-21 13:56:09,906 [pool-771-thread-1] INFO  ratis.ContainerStateMachine (ContainerStateMachine.java:loadSnapshot(236)) - group-5A6F39132922: The snapshot info is null. Setting the last applied indexto:(t:0, i:~)
2022-06-21 13:56:09,907 [pool-771-thread-1] INFO  server.RaftServerConfigKeys (ConfUtils.java:logGet(46)) - raft.server.notification.no-leader.timeout = 300s (custom)
2022-06-21 13:56:09,907 [pool-771-thread-1] INFO  server.RaftServerConfigKeys (ConfUtils.java:logGet(46)) - raft.server.log.use.memory = false (default)
2022-06-21 13:56:09,907 [pool-771-thread-1] INFO  server.RaftServerConfigKeys (ConfUtils.java:logGet(46)) - raft.server.log.purge.gap = 1000000 (custom)
2022-06-21 13:56:09,907 [pool-771-thread-1] INFO  server.RaftServerConfigKeys (ConfUtils.java:logGet(46)) - raft.server.log.appender.buffer.byte-limit = 33554432 (custom)
2022-06-21 13:56:09,907 [pool-771-thread-1] INFO  server.RaftServerConfigKeys (ConfUtils.java:logGet(46)) - raft.server.log.statemachine.data.read.timeout = 1000ms (default)
2022-06-21 13:56:09,907 [pool-771-thread-1] INFO  server.RaftServerConfigKeys (ConfUtils.java:logGet(46)) - raft.server.log.segment.size.max = 1048576 (custom)
2022-06-21 13:56:09,908 [pool-771-thread-1] INFO  server.RaftServerConfigKeys (ConfUtils.java:logGet(46)) - raft.server.log.segment.cache.num.max = 2 (custom)
2022-06-21 13:56:09,908 [pool-771-thread-1] INFO  server.RaftServerConfigKeys (ConfUtils.java:logGet(46)) - raft.server.log.segment.cache.size.max = 200MB (=209715200) (default)
2022-06-21 13:56:09,908 [pool-771-thread-1] INFO  segmented.SegmentedRaftLogWorker (SegmentedRaftLogWorker.java:<init>(187)) - new 661906f5-178f-45a1-86e2-0540bf739913@group-5A6F39132922-SegmentedRaftLogWorker for RaftStorageImpl:Storage Directory /home/runner/work/ozone/ozone/hadoop-ozone/integration-test/target/test-dir/MiniOzoneClusterImpl-a6c63143-532c-40e3-90f6-32ed462df7e7/datanode-0/data/ratis/e284197a-8e20-4ad3-8e60-5a6f39132922
2022-06-21 13:56:09,908 [pool-771-thread-1] INFO  server.RaftServerConfigKeys (ConfUtils.java:logGet(46)) - raft.server.log.queue.byte-limit = 4294967296 (custom)
2022-06-21 13:56:09,908 [pool-771-thread-1] INFO  server.RaftServerConfigKeys (ConfUtils.java:logGet(46)) - raft.server.log.queue.element-limit = 1024 (custom)
2022-06-21 13:56:09,908 [pool-771-thread-1] INFO  server.RaftServerConfigKeys (ConfUtils.java:logGet(46)) - raft.server.log.segment.size.max = 1048576 (custom)
2022-06-21 13:56:09,908 [pool-771-thread-1] INFO  server.RaftServerConfigKeys (ConfUtils.java:logGet(46)) - raft.server.log.preallocated.size = 16384 (custom)
2022-06-21 13:56:09,908 [pool-771-thread-1] INFO  server.RaftServerConfigKeys (ConfUtils.java:logGet(46)) - raft.server.log.force.sync.num = 128 (default)
2022-06-21 13:56:09,908 [pool-771-thread-1] INFO  server.RaftServerConfigKeys (ConfUtils.java:logGet(46)) - raft.server.log.statemachine.data.sync = true (default)
2022-06-21 13:56:09,908 [pool-771-thread-1] INFO  server.RaftServerConfigKeys (ConfUtils.java:logGet(46)) - raft.server.log.statemachine.data.sync.timeout = 10s (default)
2022-06-21 13:56:09,908 [pool-771-thread-1] INFO  server.RaftServerConfigKeys (ConfUtils.java:logGet(46)) - raft.server.log.statemachine.data.sync.timeout.retry = -1 (default)
2022-06-21 13:56:09,909 [pool-771-thread-1] INFO  server.RaftServerConfigKeys (ConfUtils.java:logGet(46)) - raft.server.log.write.buffer.size = 1048576 (custom)
2022-06-21 13:56:09,909 [pool-771-thread-1] INFO  server.RaftServerConfigKeys (ConfUtils.java:logGet(46)) - raft.server.log.unsafe-flush.enabled = false (default)
2022-06-21 13:56:09,909 [pool-771-thread-1] INFO  server.RaftServerConfigKeys (ConfUtils.java:logGet(46)) - raft.server.log.statemachine.data.caching.enabled = true (custom)
2022-06-21 13:56:09,910 [pool-771-thread-1] INFO  segmented.SegmentedRaftLogWorker (SegmentedRaftLogWorker.java:lambda$new$0(135)) - 661906f5-178f-45a1-86e2-0540bf739913@group-5A6F39132922-SegmentedRaftLogWorker: flushIndex: setUnconditionally 0 -> -1
2022-06-21 13:56:09,910 [pool-771-thread-1] INFO  segmented.SegmentedRaftLogWorker (SegmentedRaftLogWorker.java:lambda$new$0(135)) - 661906f5-178f-45a1-86e2-0540bf739913@group-5A6F39132922-SegmentedRaftLogWorker: safeCacheEvictIndex: setUnconditionally 0 -> -1
2022-06-21 13:56:09,914 [pool-771-thread-1] INFO  server.RaftServerConfigKeys (ConfUtils.java:logGet(46)) - raft.server.snapshot.auto.trigger.enabled = true (custom)
2022-06-21 13:56:09,914 [pool-771-thread-1] INFO  server.RaftServerConfigKeys (ConfUtils.java:logGet(46)) - raft.server.snapshot.auto.trigger.threshold = 10000 (custom)
2022-06-21 13:56:09,914 [pool-771-thread-1] INFO  server.RaftServerConfigKeys (ConfUtils.java:logGet(46)) - raft.server.snapshot.retention.file.num = 5 (custom)
2022-06-21 13:56:09,914 [pool-771-thread-1] INFO  server.RaftServerConfigKeys (ConfUtils.java:logGet(46)) - raft.server.log.purge.upto.snapshot.index = false (default)
2022-06-21 13:56:09,914 [pool-771-thread-1] INFO  server.RaftServerConfigKeys (ConfUtils.java:logGet(46)) - raft.server.retrycache.expirytime = 600000ms (custom)
2022-06-21 13:56:09,914 [pool-771-thread-1] INFO  server.RaftServerConfigKeys (ConfUtils.java:logGet(46)) - raft.server.retrycache.statistics.expirytime = 100μs (default)
2022-06-21 13:56:09,916 [pool-771-thread-1] INFO  server.RaftServerConfigKeys (ConfUtils.java:logGet(46)) - raft.server.log.appender.install.snapshot.enabled = false (custom)
2022-06-21 13:56:09,916 [pool-771-thread-1] INFO  server.RaftServerConfigKeys (ConfUtils.java:logGet(46)) - raft.server.threadpool.server.cached = true (default)
2022-06-21 13:56:09,916 [pool-771-thread-1] INFO  server.RaftServerConfigKeys (ConfUtils.java:logGet(46)) - raft.server.threadpool.server.size = 0 (default)
2022-06-21 13:56:09,916 [pool-771-thread-1] INFO  server.RaftServerConfigKeys (ConfUtils.java:logGet(46)) - raft.server.threadpool.client.cached = true (default)
2022-06-21 13:56:09,917 [pool-771-thread-1] INFO  server.RaftServerConfigKeys (ConfUtils.java:logGet(46)) - raft.server.threadpool.client.size = 0 (default)
2022-06-21 13:56:09,917 [pool-771-thread-1] INFO  server.RaftServer$Division (RaftServerImpl.java:start(310)) - 661906f5-178f-45a1-86e2-0540bf739913@group-5A6F39132922: start as a follower, conf=-1: [7ed761f3-2892-425f-b708-b7f52bea56b6|rpc:10.1.0.15:37391|priority:0, 0c36eeb7-8db8-48cb-9437-34913146bd8b|rpc:10.1.0.15:38615|priority:0, 661906f5-178f-45a1-86e2-0540bf739913|rpc:10.1.0.15:44467|priority:1], old=null
2022-06-21 13:56:09,917 [pool-771-thread-1] INFO  server.RaftServer$Division (RaftServerImpl.java:setRole(299)) - 661906f5-178f-45a1-86e2-0540bf739913@group-5A6F39132922: changes role from      null to FOLLOWER at term 0 for startAsFollower
2022-06-21 13:56:09,917 [pool-771-thread-1] INFO  impl.RoleInfo (RoleInfo.java:updateAndGet(139)) - 661906f5-178f-45a1-86e2-0540bf739913: start 661906f5-178f-45a1-86e2-0540bf739913@group-5A6F39132922-FollowerState
2022-06-21 13:56:09,932 [pool-771-thread-1] INFO  util.JmxRegister (JmxRegister.java:tryRegister(44)) - Successfully registered JMX Bean with object name Ratis:service=RaftServer,group=group-5A6F39132922,id=661906f5-178f-45a1-86e2-0540bf739913
2022-06-21 13:56:09,934 [EventQueue-OpenPipelineForHealthyPipelineSafeModeRule] INFO  safemode.SCMSafeModeManager (HealthyPipelineSafeModeRule.java:process(124)) - SCM in safe mode. Healthy pipelines reported count is 0, required healthy pipeline reported count is 1
2022-06-21 13:56:09,935 [Command processor thread] INFO  ratis.XceiverServerRatis (XceiverServerRatis.java:addGroup(765)) - Created group PipelineID=e284197a-8e20-4ad3-8e60-5a6f39132922
2022-06-21 13:56:10,112 [grpc-default-executor-0] INFO  server.RaftServer (RaftServerProxy.java:addNew(96)) - 0c36eeb7-8db8-48cb-9437-34913146bd8b: addNew group-5A6F39132922:[7ed761f3-2892-425f-b708-b7f52bea56b6|rpc:10.1.0.15:37391|dataStream:|priority:0, 0c36eeb7-8db8-48cb-9437-34913146bd8b|rpc:10.1.0.15:38615|dataStream:|priority:0, 661906f5-178f-45a1-86e2-0540bf739913|rpc:10.1.0.15:44467|dataStream:|priority:1] returns group-5A6F39132922:java.util.concurrent.CompletableFuture@8df93cf[Not completed]
2022-06-21 13:56:10,143 [pool-794-thread-1] INFO  server.RaftServer$Division (RaftServerImpl.java:<init>(190)) - 0c36eeb7-8db8-48cb-9437-34913146bd8b: new RaftServerImpl for group-5A6F39132922:[7ed761f3-2892-425f-b708-b7f52bea56b6|rpc:10.1.0.15:37391|dataStream:|priority:0, 0c36eeb7-8db8-48cb-9437-34913146bd8b|rpc:10.1.0.15:38615|dataStream:|priority:0, 661906f5-178f-45a1-86e2-0540bf739913|rpc:10.1.0.15:44467|dataStream:|priority:1] with ContainerStateMachine:uninitialized
2022-06-21 13:56:10,143 [pool-794-thread-1] INFO  server.RaftServerConfigKeys (ConfUtils.java:logGet(46)) - raft.server.rpc.timeout.min = 5s (custom)
2022-06-21 13:56:10,143 [pool-794-thread-1] INFO  server.RaftServerConfigKeys (ConfUtils.java:logGet(46)) - raft.server.rpc.timeout.max = 5200ms (custom)
2022-06-21 13:56:10,163 [pool-794-thread-1] INFO  server.RaftServerConfigKeys (ConfUtils.java:logGet(46)) - raft.server.rpc.sleep.time = 25ms (default)
2022-06-21 13:56:10,163 [pool-794-thread-1] INFO  server.RaftServerConfigKeys (ConfUtils.java:logGet(46)) - raft.server.rpc.slowness.timeout = 300s (custom)
2022-06-21 13:56:10,163 [pool-794-thread-1] INFO  server.RaftServerConfigKeys (ConfUtils.java:logGet(46)) - raft.server.leaderelection.leader.step-down.wait-time = 10s (default)
2022-06-21 13:56:10,163 [pool-794-thread-1] INFO  server.RaftServerConfigKeys (ConfUtils.java:logGet(46)) - raft.server.sleep.deviation.threshold = 300ms (default)
2022-06-21 13:56:10,163 [pool-794-thread-1] INFO  server.RaftServer$Division (ServerState.java:<init>(107)) - 0c36eeb7-8db8-48cb-9437-34913146bd8b@group-5A6F39132922: ConfigurationManager, init=-1: [7ed761f3-2892-425f-b708-b7f52bea56b6|rpc:10.1.0.15:37391|dataStream:|priority:0, 0c36eeb7-8db8-48cb-9437-34913146bd8b|rpc:10.1.0.15:38615|dataStream:|priority:0, 661906f5-178f-45a1-86e2-0540bf739913|rpc:10.1.0.15:44467|dataStream:|priority:1], old=null, confs=<EMPTY_MAP>
2022-06-21 13:56:10,163 [pool-794-thread-1] INFO  server.RaftServerConfigKeys (ConfUtils.java:logGet(46)) - raft.server.storage.dir = [/home/runner/work/ozone/ozone/hadoop-ozone/integration-test/target/test-dir/MiniOzoneClusterImpl-a6c63143-532c-40e3-90f6-32ed462df7e7/datanode-1/data/ratis] (custom)
2022-06-21 13:56:10,163 [pool-794-thread-1] INFO  server.RaftServerConfigKeys (ConfUtils.java:logGet(46)) - raft.server.log.corruption.policy = EXCEPTION (default)
2022-06-21 13:56:10,163 [pool-794-thread-1] INFO  server.RaftServerConfigKeys (ConfUtils.java:logGet(46)) - raft.server.storage.free-space.min = 0MB (=0) (default)
2022-06-21 13:56:10,163 [pool-794-thread-1] INFO  storage.RaftStorageDirectory (RaftStorageDirectoryImpl.java:analyzeStorage(135)) - The storage directory /home/runner/work/ozone/ozone/hadoop-ozone/integration-test/target/test-dir/MiniOzoneClusterImpl-a6c63143-532c-40e3-90f6-32ed462df7e7/datanode-1/data/ratis/e284197a-8e20-4ad3-8e60-5a6f39132922 does not exist. Creating ...
2022-06-21 13:56:10,167 [pool-794-thread-1] INFO  storage.RaftStorageDirectory (RaftStorageDirectoryImpl.java:tryLock(230)) - Lock on /home/runner/work/ozone/ozone/hadoop-ozone/integration-test/target/test-dir/MiniOzoneClusterImpl-a6c63143-532c-40e3-90f6-32ed462df7e7/datanode-1/data/ratis/e284197a-8e20-4ad3-8e60-5a6f39132922/in_use.lock acquired by nodename 17605@fv-az194-567
2022-06-21 13:56:10,176 [pool-794-thread-1] INFO  storage.RaftStorage (RaftStorageImpl.java:format(89)) - Storage directory /home/runner/work/ozone/ozone/hadoop-ozone/integration-test/target/test-dir/MiniOzoneClusterImpl-a6c63143-532c-40e3-90f6-32ed462df7e7/datanode-1/data/ratis/e284197a-8e20-4ad3-8e60-5a6f39132922 has been successfully formatted.
2022-06-21 13:56:10,188 [Listener at 127.0.0.1/33745] INFO  ozone.MiniOzoneClusterImpl (MiniOzoneClusterImpl.java:lambda$waitForClusterToBeReady$0(222)) - Waiting for nodes to be ready. Got 3 of 5 DN Heartbeats.
2022-06-21 13:56:10,188 [Listener at 127.0.0.1/33745] INFO  ozone.MiniOzoneClusterImpl (MiniOzoneClusterImpl.java:lambda$waitForClusterToBeReady$0(225)) - Waiting for cluster to exit safe mode
2022-06-21 13:56:10,188 [Listener at 127.0.0.1/33745] INFO  ozone.MiniOzoneClusterImpl (MiniOzoneClusterImpl.java:lambda$waitForClusterToBeReady$0(227)) - SCM became leader
2022-06-21 13:56:10,210 [pool-794-thread-1] INFO  ratis.ContainerStateMachine (ContainerStateMachine.java:loadSnapshot(236)) - group-5A6F39132922: The snapshot info is null. Setting the last applied indexto:(t:0, i:~)
2022-06-21 13:56:10,211 [pool-794-thread-1] INFO  server.RaftServerConfigKeys (ConfUtils.java:logGet(46)) - raft.server.notification.no-leader.timeout = 300s (custom)
2022-06-21 13:56:10,211 [pool-794-thread-1] INFO  server.RaftServerConfigKeys (ConfUtils.java:logGet(46)) - raft.server.log.use.memory = false (default)
2022-06-21 13:56:10,211 [pool-794-thread-1] INFO  server.RaftServerConfigKeys (ConfUtils.java:logGet(46)) - raft.server.log.purge.gap = 1000000 (custom)
2022-06-21 13:56:10,211 [pool-794-thread-1] INFO  server.RaftServerConfigKeys (ConfUtils.java:logGet(46)) - raft.server.log.appender.buffer.byte-limit = 33554432 (custom)
2022-06-21 13:56:10,211 [pool-794-thread-1] INFO  server.RaftServerConfigKeys (ConfUtils.java:logGet(46)) - raft.server.log.statemachine.data.read.timeout = 1000ms (default)
2022-06-21 13:56:10,211 [pool-794-thread-1] INFO  server.RaftServerConfigKeys (ConfUtils.java:logGet(46)) - raft.server.log.segment.size.max = 1048576 (custom)
2022-06-21 13:56:10,211 [pool-794-thread-1] INFO  server.RaftServerConfigKeys (ConfUtils.java:logGet(46)) - raft.server.log.segment.cache.num.max = 2 (custom)
2022-06-21 13:56:10,212 [pool-794-thread-1] INFO  server.RaftServerConfigKeys (ConfUtils.java:logGet(46)) - raft.server.log.segment.cache.size.max = 200MB (=209715200) (default)
2022-06-21 13:56:10,212 [pool-794-thread-1] INFO  segmented.SegmentedRaftLogWorker (SegmentedRaftLogWorker.java:<init>(187)) - new 0c36eeb7-8db8-48cb-9437-34913146bd8b@group-5A6F39132922-SegmentedRaftLogWorker for RaftStorageImpl:Storage Directory /home/runner/work/ozone/ozone/hadoop-ozone/integration-test/target/test-dir/MiniOzoneClusterImpl-a6c63143-532c-40e3-90f6-32ed462df7e7/datanode-1/data/ratis/e284197a-8e20-4ad3-8e60-5a6f39132922
2022-06-21 13:56:10,212 [pool-794-thread-1] INFO  server.RaftServerConfigKeys (ConfUtils.java:logGet(46)) - raft.server.log.queue.byte-limit = 4294967296 (custom)
2022-06-21 13:56:10,212 [pool-794-thread-1] INFO  server.RaftServerConfigKeys (ConfUtils.java:logGet(46)) - raft.server.log.queue.element-limit = 1024 (custom)
2022-06-21 13:56:10,212 [pool-794-thread-1] INFO  server.RaftServerConfigKeys (ConfUtils.java:logGet(46)) - raft.server.log.segment.size.max = 1048576 (custom)
2022-06-21 13:56:10,212 [pool-794-thread-1] INFO  server.RaftServerConfigKeys (ConfUtils.java:logGet(46)) - raft.server.log.preallocated.size = 16384 (custom)
2022-06-21 13:56:10,212 [pool-794-thread-1] INFO  server.RaftServerConfigKeys (ConfUtils.java:logGet(46)) - raft.server.log.force.sync.num = 128 (default)
2022-06-21 13:56:10,212 [pool-794-thread-1] INFO  server.RaftServerConfigKeys (ConfUtils.java:logGet(46)) - raft.server.log.statemachine.data.sync = true (default)
2022-06-21 13:56:10,212 [pool-794-thread-1] INFO  server.RaftServerConfigKeys (ConfUtils.java:logGet(46)) - raft.server.log.statemachine.data.sync.timeout = 10s (default)
2022-06-21 13:56:10,212 [pool-794-thread-1] INFO  server.RaftServerConfigKeys (ConfUtils.java:logGet(46)) - raft.server.log.statemachine.data.sync.timeout.retry = -1 (default)
2022-06-21 13:56:10,213 [pool-794-thread-1] INFO  server.RaftServerConfigKeys (ConfUtils.java:logGet(46)) - raft.server.log.write.buffer.size = 1048576 (custom)
2022-06-21 13:56:10,213 [pool-794-thread-1] INFO  server.RaftServerConfigKeys (ConfUtils.java:logGet(46)) - raft.server.log.unsafe-flush.enabled = false (default)
2022-06-21 13:56:10,213 [pool-794-thread-1] INFO  server.RaftServerConfigKeys (ConfUtils.java:logGet(46)) - raft.server.log.statemachine.data.caching.enabled = true (custom)
2022-06-21 13:56:10,213 [pool-794-thread-1] INFO  segmented.SegmentedRaftLogWorker (SegmentedRaftLogWorker.java:lambda$new$0(135)) - 0c36eeb7-8db8-48cb-9437-34913146bd8b@group-5A6F39132922-SegmentedRaftLogWorker: flushIndex: setUnconditionally 0 -> -1
2022-06-21 13:56:10,213 [pool-794-thread-1] INFO  segmented.SegmentedRaftLogWorker (SegmentedRaftLogWorker.java:lambda$new$0(135)) - 0c36eeb7-8db8-48cb-9437-34913146bd8b@group-5A6F39132922-SegmentedRaftLogWorker: safeCacheEvictIndex: setUnconditionally 0 -> -1
2022-06-21 13:56:10,227 [pool-794-thread-1] INFO  server.RaftServerConfigKeys (ConfUtils.java:logGet(46)) - raft.server.snapshot.auto.trigger.enabled = true (custom)
2022-06-21 13:56:10,227 [pool-794-thread-1] INFO  server.RaftServerConfigKeys (ConfUtils.java:logGet(46)) - raft.server.snapshot.auto.trigger.threshold = 10000 (custom)
2022-06-21 13:56:10,227 [pool-794-thread-1] INFO  server.RaftServerConfigKeys (ConfUtils.java:logGet(46)) - raft.server.snapshot.retention.file.num = 5 (custom)
2022-06-21 13:56:10,227 [pool-794-thread-1] INFO  server.RaftServerConfigKeys (ConfUtils.java:logGet(46)) - raft.server.log.purge.upto.snapshot.index = false (default)
2022-06-21 13:56:10,227 [pool-794-thread-1] INFO  server.RaftServerConfigKeys (ConfUtils.java:logGet(46)) - raft.server.retrycache.expirytime = 600000ms (custom)
2022-06-21 13:56:10,227 [pool-794-thread-1] INFO  server.RaftServerConfigKeys (ConfUtils.java:logGet(46)) - raft.server.retrycache.statistics.expirytime = 100μs (default)
2022-06-21 13:56:10,229 [pool-794-thread-1] INFO  server.RaftServerConfigKeys (ConfUtils.java:logGet(46)) - raft.server.log.appender.install.snapshot.enabled = false (custom)
2022-06-21 13:56:10,229 [pool-794-thread-1] INFO  server.RaftServerConfigKeys (ConfUtils.java:logGet(46)) - raft.server.threadpool.server.cached = true (default)
2022-06-21 13:56:10,229 [pool-794-thread-1] INFO  server.RaftServerConfigKeys (ConfUtils.java:logGet(46)) - raft.server.threadpool.server.size = 0 (default)
2022-06-21 13:56:10,229 [pool-794-thread-1] INFO  server.RaftServerConfigKeys (ConfUtils.java:logGet(46)) - raft.server.threadpool.client.cached = true (default)
2022-06-21 13:56:10,229 [pool-794-thread-1] INFO  server.RaftServerConfigKeys (ConfUtils.java:logGet(46)) - raft.server.threadpool.client.size = 0 (default)
2022-06-21 13:56:10,229 [pool-794-thread-1] INFO  server.RaftServer$Division (RaftServerImpl.java:start(310)) - 0c36eeb7-8db8-48cb-9437-34913146bd8b@group-5A6F39132922: start as a follower, conf=-1: [7ed761f3-2892-425f-b708-b7f52bea56b6|rpc:10.1.0.15:37391|dataStream:|priority:0, 0c36eeb7-8db8-48cb-9437-34913146bd8b|rpc:10.1.0.15:38615|dataStream:|priority:0, 661906f5-178f-45a1-86e2-0540bf739913|rpc:10.1.0.15:44467|dataStream:|priority:1], old=null
2022-06-21 13:56:10,229 [pool-794-thread-1] INFO  server.RaftServer$Division (RaftServerImpl.java:setRole(299)) - 0c36eeb7-8db8-48cb-9437-34913146bd8b@group-5A6F39132922: changes role from      null to FOLLOWER at term 0 for startAsFollower
2022-06-21 13:56:10,229 [pool-794-thread-1] INFO  impl.RoleInfo (RoleInfo.java:updateAndGet(139)) - 0c36eeb7-8db8-48cb-9437-34913146bd8b: start 0c36eeb7-8db8-48cb-9437-34913146bd8b@group-5A6F39132922-FollowerState
2022-06-21 13:56:10,232 [pool-794-thread-1] INFO  util.JmxRegister (JmxRegister.java:tryRegister(44)) - Successfully registered JMX Bean with object name Ratis:service=RaftServer,group=group-5A6F39132922,id=0c36eeb7-8db8-48cb-9437-34913146bd8b
2022-06-21 13:56:10,326 [grpc-default-executor-0] INFO  server.RaftServer (RaftServerProxy.java:addNew(96)) - 7ed761f3-2892-425f-b708-b7f52bea56b6: addNew group-5A6F39132922:[7ed761f3-2892-425f-b708-b7f52bea56b6|rpc:10.1.0.15:37391|dataStream:|priority:0, 0c36eeb7-8db8-48cb-9437-34913146bd8b|rpc:10.1.0.15:38615|dataStream:|priority:0, 661906f5-178f-45a1-86e2-0540bf739913|rpc:10.1.0.15:44467|dataStream:|priority:1] returns group-5A6F39132922:java.util.concurrent.CompletableFuture@170e146b[Not completed]
2022-06-21 13:56:10,334 [pool-817-thread-1] INFO  server.RaftServer$Division (RaftServerImpl.java:<init>(190)) - 7ed761f3-2892-425f-b708-b7f52bea56b6: new RaftServerImpl for group-5A6F39132922:[7ed761f3-2892-425f-b708-b7f52bea56b6|rpc:10.1.0.15:37391|dataStream:|priority:0, 0c36eeb7-8db8-48cb-9437-34913146bd8b|rpc:10.1.0.15:38615|dataStream:|priority:0, 661906f5-178f-45a1-86e2-0540bf739913|rpc:10.1.0.15:44467|dataStream:|priority:1] with ContainerStateMachine:uninitialized
2022-06-21 13:56:10,334 [pool-817-thread-1] INFO  server.RaftServerConfigKeys (ConfUtils.java:logGet(46)) - raft.server.rpc.timeout.min = 5s (custom)
2022-06-21 13:56:10,334 [pool-817-thread-1] INFO  server.RaftServerConfigKeys (ConfUtils.java:logGet(46)) - raft.server.rpc.timeout.max = 5200ms (custom)
2022-06-21 13:56:10,334 [pool-817-thread-1] INFO  server.RaftServerConfigKeys (ConfUtils.java:logGet(46)) - raft.server.rpc.sleep.time = 25ms (default)
2022-06-21 13:56:10,334 [pool-817-thread-1] INFO  server.RaftServerConfigKeys (ConfUtils.java:logGet(46)) - raft.server.rpc.slowness.timeout = 300s (custom)
2022-06-21 13:56:10,334 [pool-817-thread-1] INFO  server.RaftServerConfigKeys (ConfUtils.java:logGet(46)) - raft.server.leaderelection.leader.step-down.wait-time = 10s (default)
2022-06-21 13:56:10,335 [pool-817-thread-1] INFO  server.RaftServerConfigKeys (ConfUtils.java:logGet(46)) - raft.server.sleep.deviation.threshold = 300ms (default)
2022-06-21 13:56:10,335 [pool-817-thread-1] INFO  server.RaftServer$Division (ServerState.java:<init>(107)) - 7ed761f3-2892-425f-b708-b7f52bea56b6@group-5A6F39132922: ConfigurationManager, init=-1: [7ed761f3-2892-425f-b708-b7f52bea56b6|rpc:10.1.0.15:37391|dataStream:|priority:0, 0c36eeb7-8db8-48cb-9437-34913146bd8b|rpc:10.1.0.15:38615|dataStream:|priority:0, 661906f5-178f-45a1-86e2-0540bf739913|rpc:10.1.0.15:44467|dataStream:|priority:1], old=null, confs=<EMPTY_MAP>
2022-06-21 13:56:10,335 [pool-817-thread-1] INFO  server.RaftServerConfigKeys (ConfUtils.java:logGet(46)) - raft.server.storage.dir = [/home/runner/work/ozone/ozone/hadoop-ozone/integration-test/target/test-dir/MiniOzoneClusterImpl-a6c63143-532c-40e3-90f6-32ed462df7e7/datanode-2/data/ratis] (custom)
2022-06-21 13:56:10,335 [pool-817-thread-1] INFO  server.RaftServerConfigKeys (ConfUtils.java:logGet(46)) - raft.server.log.corruption.policy = EXCEPTION (default)
2022-06-21 13:56:10,335 [pool-817-thread-1] INFO  server.RaftServerConfigKeys (ConfUtils.java:logGet(46)) - raft.server.storage.free-space.min = 0MB (=0) (default)
2022-06-21 13:56:10,335 [pool-817-thread-1] INFO  storage.RaftStorageDirectory (RaftStorageDirectoryImpl.java:analyzeStorage(135)) - The storage directory /home/runner/work/ozone/ozone/hadoop-ozone/integration-test/target/test-dir/MiniOzoneClusterImpl-a6c63143-532c-40e3-90f6-32ed462df7e7/datanode-2/data/ratis/e284197a-8e20-4ad3-8e60-5a6f39132922 does not exist. Creating ...
2022-06-21 13:56:10,357 [pool-817-thread-1] INFO  storage.RaftStorageDirectory (RaftStorageDirectoryImpl.java:tryLock(230)) - Lock on /home/runner/work/ozone/ozone/hadoop-ozone/integration-test/target/test-dir/MiniOzoneClusterImpl-a6c63143-532c-40e3-90f6-32ed462df7e7/datanode-2/data/ratis/e284197a-8e20-4ad3-8e60-5a6f39132922/in_use.lock acquired by nodename 17605@fv-az194-567
2022-06-21 13:56:10,364 [pool-817-thread-1] INFO  storage.RaftStorage (RaftStorageImpl.java:format(89)) - Storage directory /home/runner/work/ozone/ozone/hadoop-ozone/integration-test/target/test-dir/MiniOzoneClusterImpl-a6c63143-532c-40e3-90f6-32ed462df7e7/datanode-2/data/ratis/e284197a-8e20-4ad3-8e60-5a6f39132922 has been successfully formatted.
2022-06-21 13:56:10,366 [pool-817-thread-1] INFO  ratis.ContainerStateMachine (ContainerStateMachine.java:loadSnapshot(236)) - group-5A6F39132922: The snapshot info is null. Setting the last applied indexto:(t:0, i:~)
2022-06-21 13:56:10,375 [pool-817-thread-1] INFO  server.RaftServerConfigKeys (ConfUtils.java:logGet(46)) - raft.server.notification.no-leader.timeout = 300s (custom)
2022-06-21 13:56:10,375 [pool-817-thread-1] INFO  server.RaftServerConfigKeys (ConfUtils.java:logGet(46)) - raft.server.log.use.memory = false (default)
2022-06-21 13:56:10,375 [pool-817-thread-1] INFO  server.RaftServerConfigKeys (ConfUtils.java:logGet(46)) - raft.server.log.purge.gap = 1000000 (custom)
2022-06-21 13:56:10,375 [pool-817-thread-1] INFO  server.RaftServerConfigKeys (ConfUtils.java:logGet(46)) - raft.server.log.appender.buffer.byte-limit = 33554432 (custom)
2022-06-21 13:56:10,375 [pool-817-thread-1] INFO  server.RaftServerConfigKeys (ConfUtils.java:logGet(46)) - raft.server.log.statemachine.data.read.timeout = 1000ms (default)
2022-06-21 13:56:10,375 [pool-817-thread-1] INFO  server.RaftServerConfigKeys (ConfUtils.java:logGet(46)) - raft.server.log.segment.size.max = 1048576 (custom)
2022-06-21 13:56:10,376 [pool-817-thread-1] INFO  server.RaftServerConfigKeys (ConfUtils.java:logGet(46)) - raft.server.log.segment.cache.num.max = 2 (custom)
2022-06-21 13:56:10,376 [pool-817-thread-1] INFO  server.RaftServerConfigKeys (ConfUtils.java:logGet(46)) - raft.server.log.segment.cache.size.max = 200MB (=209715200) (default)
2022-06-21 13:56:10,376 [pool-817-thread-1] INFO  segmented.SegmentedRaftLogWorker (SegmentedRaftLogWorker.java:<init>(187)) - new 7ed761f3-2892-425f-b708-b7f52bea56b6@group-5A6F39132922-SegmentedRaftLogWorker for RaftStorageImpl:Storage Directory /home/runner/work/ozone/ozone/hadoop-ozone/integration-test/target/test-dir/MiniOzoneClusterImpl-a6c63143-532c-40e3-90f6-32ed462df7e7/datanode-2/data/ratis/e284197a-8e20-4ad3-8e60-5a6f39132922
2022-06-21 13:56:10,376 [pool-817-thread-1] INFO  server.RaftServerConfigKeys (ConfUtils.java:logGet(46)) - raft.server.log.queue.byte-limit = 4294967296 (custom)
2022-06-21 13:56:10,376 [pool-817-thread-1] INFO  server.RaftServerConfigKeys (ConfUtils.java:logGet(46)) - raft.server.log.queue.element-limit = 1024 (custom)
2022-06-21 13:56:10,376 [pool-817-thread-1] INFO  server.RaftServerConfigKeys (ConfUtils.java:logGet(46)) - raft.server.log.segment.size.max = 1048576 (custom)
2022-06-21 13:56:10,376 [pool-817-thread-1] INFO  server.RaftServerConfigKeys (ConfUtils.java:logGet(46)) - raft.server.log.preallocated.size = 16384 (custom)
2022-06-21 13:56:10,376 [pool-817-thread-1] INFO  server.RaftServerConfigKeys (ConfUtils.java:logGet(46)) - raft.server.log.force.sync.num = 128 (default)
2022-06-21 13:56:10,376 [pool-817-thread-1] INFO  server.RaftServerConfigKeys (ConfUtils.java:logGet(46)) - raft.server.log.statemachine.data.sync = true (default)
2022-06-21 13:56:10,376 [pool-817-thread-1] INFO  server.RaftServerConfigKeys (ConfUtils.java:logGet(46)) - raft.server.log.statemachine.data.sync.timeout = 10s (default)
2022-06-21 13:56:10,376 [pool-817-thread-1] INFO  server.RaftServerConfigKeys (ConfUtils.java:logGet(46)) - raft.server.log.statemachine.data.sync.timeout.retry = -1 (default)
2022-06-21 13:56:10,377 [pool-817-thread-1] INFO  server.RaftServerConfigKeys (ConfUtils.java:logGet(46)) - raft.server.log.write.buffer.size = 1048576 (custom)
2022-06-21 13:56:10,378 [pool-817-thread-1] INFO  server.RaftServerConfigKeys (ConfUtils.java:logGet(46)) - raft.server.log.unsafe-flush.enabled = false (default)
2022-06-21 13:56:10,378 [pool-817-thread-1] INFO  server.RaftServerConfigKeys (ConfUtils.java:logGet(46)) - raft.server.log.statemachine.data.caching.enabled = true (custom)
2022-06-21 13:56:10,378 [pool-817-thread-1] INFO  segmented.SegmentedRaftLogWorker (SegmentedRaftLogWorker.java:lambda$new$0(135)) - 7ed761f3-2892-425f-b708-b7f52bea56b6@group-5A6F39132922-SegmentedRaftLogWorker: flushIndex: setUnconditionally 0 -> -1
2022-06-21 13:56:10,378 [pool-817-thread-1] INFO  segmented.SegmentedRaftLogWorker (SegmentedRaftLogWorker.java:lambda$new$0(135)) - 7ed761f3-2892-425f-b708-b7f52bea56b6@group-5A6F39132922-SegmentedRaftLogWorker: safeCacheEvictIndex: setUnconditionally 0 -> -1
2022-06-21 13:56:10,399 [EndpointStateMachine task thread for /0.0.0.0:33833 - 0 ] INFO  volume.HddsVolume (HddsVolume.java:createDbStore(309)) - SchemaV3 db is created and loaded at /home/runner/work/ozone/ozone/hadoop-ozone/integration-test/target/test-dir/MiniOzoneClusterImpl-a6c63143-532c-40e3-90f6-32ed462df7e7/datanode-4/data-0/containers/hdds/a6c63143-532c-40e3-90f6-32ed462df7e7/DS-7a0fb66b-88a0-4bf1-a632-6a502a1e6860/container.db for volume DS-7a0fb66b-88a0-4bf1-a632-6a502a1e6860
2022-06-21 13:56:10,399 [EndpointStateMachine task thread for /0.0.0.0:33833 - 0 ] INFO  volume.HddsVolume (HddsVolume.java:closeDbStore(340)) - SchemaV3 db is stopped at /home/runner/work/ozone/ozone/hadoop-ozone/integration-test/target/test-dir/MiniOzoneClusterImpl-a6c63143-532c-40e3-90f6-32ed462df7e7/datanode-4/data-0/containers/hdds/a6c63143-532c-40e3-90f6-32ed462df7e7/DS-7a0fb66b-88a0-4bf1-a632-6a502a1e6860/container.db for volume DS-7a0fb66b-88a0-4bf1-a632-6a502a1e6860
2022-06-21 13:56:10,400 [EndpointStateMachine task thread for /0.0.0.0:33833 - 0 ] INFO  ozoneimpl.OzoneContainer (OzoneContainer.java:start(344)) - Attempting to start container services.
2022-06-21 13:56:10,400 [EndpointStateMachine task thread for /0.0.0.0:33833 - 0 ] INFO  ozoneimpl.OzoneContainer (OzoneContainer.java:startContainerScrub(279)) - Background container scanner has been disabled.
2022-06-21 13:56:10,406 [pool-817-thread-1] INFO  server.RaftServerConfigKeys (ConfUtils.java:logGet(46)) - raft.server.snapshot.auto.trigger.enabled = true (custom)
2022-06-21 13:56:10,407 [pool-817-thread-1] INFO  server.RaftServerConfigKeys (ConfUtils.java:logGet(46)) - raft.server.snapshot.auto.trigger.threshold = 10000 (custom)
2022-06-21 13:56:10,407 [pool-817-thread-1] INFO  server.RaftServerConfigKeys (ConfUtils.java:logGet(46)) - raft.server.snapshot.retention.file.num = 5 (custom)
2022-06-21 13:56:10,407 [pool-817-thread-1] INFO  server.RaftServerConfigKeys (ConfUtils.java:logGet(46)) - raft.server.log.purge.upto.snapshot.index = false (default)
2022-06-21 13:56:10,407 [pool-817-thread-1] INFO  server.RaftServerConfigKeys (ConfUtils.java:logGet(46)) - raft.server.retrycache.expirytime = 600000ms (custom)
2022-06-21 13:56:10,407 [pool-817-thread-1] INFO  server.RaftServerConfigKeys (ConfUtils.java:logGet(46)) - raft.server.retrycache.statistics.expirytime = 100μs (default)
2022-06-21 13:56:10,408 [pool-817-thread-1] INFO  server.RaftServerConfigKeys (ConfUtils.java:logGet(46)) - raft.server.log.appender.install.snapshot.enabled = false (custom)
2022-06-21 13:56:10,408 [pool-817-thread-1] INFO  server.RaftServerConfigKeys (ConfUtils.java:logGet(46)) - raft.server.threadpool.server.cached = true (default)
2022-06-21 13:56:10,408 [pool-817-thread-1] INFO  server.RaftServerConfigKeys (ConfUtils.java:logGet(46)) - raft.server.threadpool.server.size = 0 (default)
2022-06-21 13:56:10,408 [pool-817-thread-1] INFO  server.RaftServerConfigKeys (ConfUtils.java:logGet(46)) - raft.server.threadpool.client.cached = true (default)
2022-06-21 13:56:10,408 [pool-817-thread-1] INFO  server.RaftServerConfigKeys (ConfUtils.java:logGet(46)) - raft.server.threadpool.client.size = 0 (default)
2022-06-21 13:56:10,408 [pool-817-thread-1] INFO  server.RaftServer$Division (RaftServerImpl.java:start(310)) - 7ed761f3-2892-425f-b708-b7f52bea56b6@group-5A6F39132922: start as a follower, conf=-1: [7ed761f3-2892-425f-b708-b7f52bea56b6|rpc:10.1.0.15:37391|dataStream:|priority:0, 0c36eeb7-8db8-48cb-9437-34913146bd8b|rpc:10.1.0.15:38615|dataStream:|priority:0, 661906f5-178f-45a1-86e2-0540bf739913|rpc:10.1.0.15:44467|dataStream:|priority:1], old=null
2022-06-21 13:56:10,408 [pool-817-thread-1] INFO  server.RaftServer$Division (RaftServerImpl.java:setRole(299)) - 7ed761f3-2892-425f-b708-b7f52bea56b6@group-5A6F39132922: changes role from      null to FOLLOWER at term 0 for startAsFollower
2022-06-21 13:56:10,408 [pool-817-thread-1] INFO  impl.RoleInfo (RoleInfo.java:updateAndGet(139)) - 7ed761f3-2892-425f-b708-b7f52bea56b6: start 7ed761f3-2892-425f-b708-b7f52bea56b6@group-5A6F39132922-FollowerState
2022-06-21 13:56:10,427 [pool-817-thread-1] INFO  util.JmxRegister (JmxRegister.java:tryRegister(44)) - Successfully registered JMX Bean with object name Ratis:service=RaftServer,group=group-5A6F39132922,id=7ed761f3-2892-425f-b708-b7f52bea56b6
2022-06-21 13:56:10,453 [EndpointStateMachine task thread for /0.0.0.0:33833 - 0 ] INFO  replication.ReplicationServer (ReplicationServer.java:start(111)) - ReplicationServer is started using port 44151
2022-06-21 13:56:10,455 [EndpointStateMachine task thread for /0.0.0.0:33833 - 0 ] INFO  ratis.XceiverServerRatis (XceiverServerRatis.java:start(481)) - Starting XceiverServerRatis 685a43de-7e91-4998-9405-9025234a1f5a
2022-06-21 13:56:10,473 [EndpointStateMachine task thread for /0.0.0.0:33833 - 0 ] INFO  server.RaftServer (RaftServerProxy.java:lambda$start$6(382)) - 685a43de-7e91-4998-9405-9025234a1f5a: start RPC server
2022-06-21 13:56:10,481 [EndpointStateMachine task thread for /0.0.0.0:33833 - 0 ] INFO  server.GrpcService (GrpcService.java:startImpl(260)) - 685a43de-7e91-4998-9405-9025234a1f5a: GrpcService started, listening on 34695
2022-06-21 13:56:10,481 [EndpointStateMachine task thread for /0.0.0.0:33833 - 0 ] INFO  ratis.XceiverServerRatis (XceiverServerRatis.java:getRealPort(502)) - XceiverServerRatis 685a43de-7e91-4998-9405-9025234a1f5a is started using port 34695 for RATIS
2022-06-21 13:56:10,481 [EndpointStateMachine task thread for /0.0.0.0:33833 - 0 ] INFO  ratis.XceiverServerRatis (XceiverServerRatis.java:getRealPort(502)) - XceiverServerRatis 685a43de-7e91-4998-9405-9025234a1f5a is started using port 34695 for RATIS_ADMIN
2022-06-21 13:56:10,481 [EndpointStateMachine task thread for /0.0.0.0:33833 - 0 ] INFO  ratis.XceiverServerRatis (XceiverServerRatis.java:getRealPort(502)) - XceiverServerRatis 685a43de-7e91-4998-9405-9025234a1f5a is started using port 34695 for RATIS_SERVER
2022-06-21 13:56:10,482 [org.apache.ratis.util.JvmPauseMonitor$$Lambda$627/290163460@6f835a53] INFO  util.JvmPauseMonitor (JvmPauseMonitor.java:run(103)) - JvmPauseMonitor-685a43de-7e91-4998-9405-9025234a1f5a: Started
2022-06-21 13:56:10,519 [Command processor thread] INFO  server.RaftServer (RaftServerProxy.java:addNew(96)) - 7ed761f3-2892-425f-b708-b7f52bea56b6: addNew group-D1C1D79771ED:[7ed761f3-2892-425f-b708-b7f52bea56b6|rpc:10.1.0.15:37391|priority:1] returns group-D1C1D79771ED:java.util.concurrent.CompletableFuture@e45c5bc[Not completed]
2022-06-21 13:56:10,521 [pool-817-thread-1] INFO  server.RaftServer$Division (RaftServerImpl.java:<init>(190)) - 7ed761f3-2892-425f-b708-b7f52bea56b6: new RaftServerImpl for group-D1C1D79771ED:[7ed761f3-2892-425f-b708-b7f52bea56b6|rpc:10.1.0.15:37391|priority:1] with ContainerStateMachine:uninitialized
2022-06-21 13:56:10,521 [pool-817-thread-1] INFO  server.RaftServerConfigKeys (ConfUtils.java:logGet(46)) - raft.server.rpc.timeout.min = 5s (custom)
2022-06-21 13:56:10,521 [pool-817-thread-1] INFO  server.RaftServerConfigKeys (ConfUtils.java:logGet(46)) - raft.server.rpc.timeout.max = 5200ms (custom)
2022-06-21 13:56:10,521 [pool-817-thread-1] INFO  server.RaftServerConfigKeys (ConfUtils.java:logGet(46)) - raft.server.rpc.sleep.time = 25ms (default)
2022-06-21 13:56:10,521 [pool-817-thread-1] INFO  server.RaftServerConfigKeys (ConfUtils.java:logGet(46)) - raft.server.rpc.slowness.timeout = 300s (custom)
2022-06-21 13:56:10,521 [pool-817-thread-1] INFO  server.RaftServerConfigKeys (ConfUtils.java:logGet(46)) - raft.server.leaderelection.leader.step-down.wait-time = 10s (default)
2022-06-21 13:56:10,521 [pool-817-thread-1] INFO  server.RaftServerConfigKeys (ConfUtils.java:logGet(46)) - raft.server.sleep.deviation.threshold = 300ms (default)
2022-06-21 13:56:10,521 [pool-817-thread-1] INFO  server.RaftServer$Division (ServerState.java:<init>(107)) - 7ed761f3-2892-425f-b708-b7f52bea56b6@group-D1C1D79771ED: ConfigurationManager, init=-1: [7ed761f3-2892-425f-b708-b7f52bea56b6|rpc:10.1.0.15:37391|priority:1], old=null, confs=<EMPTY_MAP>
2022-06-21 13:56:10,521 [pool-817-thread-1] INFO  server.RaftServerConfigKeys (ConfUtils.java:logGet(46)) - raft.server.storage.dir = [/home/runner/work/ozone/ozone/hadoop-ozone/integration-test/target/test-dir/MiniOzoneClusterImpl-a6c63143-532c-40e3-90f6-32ed462df7e7/datanode-2/data/ratis] (custom)
2022-06-21 13:56:10,522 [pool-817-thread-1] INFO  server.RaftServerConfigKeys (ConfUtils.java:logGet(46)) - raft.server.log.corruption.policy = EXCEPTION (default)
2022-06-21 13:56:10,522 [pool-817-thread-1] INFO  server.RaftServerConfigKeys (ConfUtils.java:logGet(46)) - raft.server.storage.free-space.min = 0MB (=0) (default)
2022-06-21 13:56:10,522 [pool-817-thread-1] INFO  storage.RaftStorageDirectory (RaftStorageDirectoryImpl.java:analyzeStorage(135)) - The storage directory /home/runner/work/ozone/ozone/hadoop-ozone/integration-test/target/test-dir/MiniOzoneClusterImpl-a6c63143-532c-40e3-90f6-32ed462df7e7/datanode-2/data/ratis/f30d15b6-ef12-498c-8fe8-d1c1d79771ed does not exist. Creating ...
2022-06-21 13:56:10,531 [pool-817-thread-1] INFO  storage.RaftStorageDirectory (RaftStorageDirectoryImpl.java:tryLock(230)) - Lock on /home/runner/work/ozone/ozone/hadoop-ozone/integration-test/target/test-dir/MiniOzoneClusterImpl-a6c63143-532c-40e3-90f6-32ed462df7e7/datanode-2/data/ratis/f30d15b6-ef12-498c-8fe8-d1c1d79771ed/in_use.lock acquired by nodename 17605@fv-az194-567
2022-06-21 13:56:10,536 [pool-817-thread-1] INFO  storage.RaftStorage (RaftStorageImpl.java:format(89)) - Storage directory /home/runner/work/ozone/ozone/hadoop-ozone/integration-test/target/test-dir/MiniOzoneClusterImpl-a6c63143-532c-40e3-90f6-32ed462df7e7/datanode-2/data/ratis/f30d15b6-ef12-498c-8fe8-d1c1d79771ed has been successfully formatted.
2022-06-21 13:56:10,536 [pool-817-thread-1] INFO  ratis.ContainerStateMachine (ContainerStateMachine.java:loadSnapshot(236)) - group-D1C1D79771ED: The snapshot info is null. Setting the last applied indexto:(t:0, i:~)
2022-06-21 13:56:10,536 [pool-817-thread-1] INFO  server.RaftServerConfigKeys (ConfUtils.java:logGet(46)) - raft.server.notification.no-leader.timeout = 300s (custom)
2022-06-21 13:56:10,536 [pool-817-thread-1] INFO  server.RaftServerConfigKeys (ConfUtils.java:logGet(46)) - raft.server.log.use.memory = false (default)
2022-06-21 13:56:10,536 [pool-817-thread-1] INFO  server.RaftServerConfigKeys (ConfUtils.java:logGet(46)) - raft.server.log.purge.gap = 1000000 (custom)
2022-06-21 13:56:10,536 [pool-817-thread-1] INFO  server.RaftServerConfigKeys (ConfUtils.java:logGet(46)) - raft.server.log.appender.buffer.byte-limit = 33554432 (custom)
2022-06-21 13:56:10,537 [pool-817-thread-1] INFO  server.RaftServerConfigKeys (ConfUtils.java:logGet(46)) - raft.server.log.statemachine.data.read.timeout = 1000ms (default)
2022-06-21 13:56:10,537 [pool-817-thread-1] INFO  server.RaftServerConfigKeys (ConfUtils.java:logGet(46)) - raft.server.log.segment.size.max = 1048576 (custom)
2022-06-21 13:56:10,537 [pool-817-thread-1] INFO  server.RaftServerConfigKeys (ConfUtils.java:logGet(46)) - raft.server.log.segment.cache.num.max = 2 (custom)
2022-06-21 13:56:10,537 [pool-817-thread-1] INFO  server.RaftServerConfigKeys (ConfUtils.java:logGet(46)) - raft.server.log.segment.cache.size.max = 200MB (=209715200) (default)
2022-06-21 13:56:10,537 [pool-817-thread-1] INFO  segmented.SegmentedRaftLogWorker (SegmentedRaftLogWorker.java:<init>(187)) - new 7ed761f3-2892-425f-b708-b7f52bea56b6@group-D1C1D79771ED-SegmentedRaftLogWorker for RaftStorageImpl:Storage Directory /home/runner/work/ozone/ozone/hadoop-ozone/integration-test/target/test-dir/MiniOzoneClusterImpl-a6c63143-532c-40e3-90f6-32ed462df7e7/datanode-2/data/ratis/f30d15b6-ef12-498c-8fe8-d1c1d79771ed
2022-06-21 13:56:10,537 [pool-817-thread-1] INFO  server.RaftServerConfigKeys (ConfUtils.java:logGet(46)) - raft.server.log.queue.byte-limit = 4294967296 (custom)
2022-06-21 13:56:10,537 [pool-817-thread-1] INFO  server.RaftServerConfigKeys (ConfUtils.java:logGet(46)) - raft.server.log.queue.element-limit = 1024 (custom)
2022-06-21 13:56:10,537 [pool-817-thread-1] INFO  server.RaftServerConfigKeys (ConfUtils.java:logGet(46)) - raft.server.log.segment.size.max = 1048576 (custom)
2022-06-21 13:56:10,537 [pool-817-thread-1] INFO  server.RaftServerConfigKeys (ConfUtils.java:logGet(46)) - raft.server.log.preallocated.size = 16384 (custom)
2022-06-21 13:56:10,537 [pool-817-thread-1] INFO  server.RaftServerConfigKeys (ConfUtils.java:logGet(46)) - raft.server.log.force.sync.num = 128 (default)
2022-06-21 13:56:10,538 [pool-817-thread-1] INFO  server.RaftServerConfigKeys (ConfUtils.java:logGet(46)) - raft.server.log.statemachine.data.sync = true (default)
2022-06-21 13:56:10,538 [pool-817-thread-1] INFO  server.RaftServerConfigKeys (ConfUtils.java:logGet(46)) - raft.server.log.statemachine.data.sync.timeout = 10s (default)
2022-06-21 13:56:10,538 [pool-817-thread-1] INFO  server.RaftServerConfigKeys (ConfUtils.java:logGet(46)) - raft.server.log.statemachine.data.sync.timeout.retry = -1 (default)
2022-06-21 13:56:10,539 [EventQueue-PipelineReportForPipelineReportHandler] INFO  pipeline.PipelineManagerImpl (PipelineManagerImpl.java:openPipeline(356)) - Pipeline Pipeline[ Id: f30d15b6-ef12-498c-8fe8-d1c1d79771ed, Nodes: 7ed761f3-2892-425f-b708-b7f52bea56b6{ip: 10.1.0.15, host: fv-az194-567.vahfjs35atkulmpwh5ujf4txfe.jx.internal.cloudapp.net, ports: [REPLICATION=43795, RATIS=37391, RATIS_ADMIN=37391, RATIS_SERVER=37391, STANDALONE=32819], networkLocation: /default-rack, certSerialId: null, persistedOpState: IN_SERVICE, persistedOpStateExpiryEpochSec: 0}, ReplicationConfig: RATIS/ONE, State:ALLOCATED, leaderId:7ed761f3-2892-425f-b708-b7f52bea56b6, CreationTimestamp2022-06-21T13:56:09.468Z[Etc/UTC]] moved to OPEN state
2022-06-21 13:56:10,540 [EventQueue-OpenPipelineForHealthyPipelineSafeModeRule] INFO  safemode.SCMSafeModeManager (HealthyPipelineSafeModeRule.java:process(124)) - SCM in safe mode. Healthy pipelines reported count is 0, required healthy pipeline reported count is 1
2022-06-21 13:56:10,567 [pool-817-thread-1] INFO  server.RaftServerConfigKeys (ConfUtils.java:logGet(46)) - raft.server.log.write.buffer.size = 1048576 (custom)
2022-06-21 13:56:10,567 [pool-817-thread-1] INFO  server.RaftServerConfigKeys (ConfUtils.java:logGet(46)) - raft.server.log.unsafe-flush.enabled = false (default)
2022-06-21 13:56:10,567 [pool-817-thread-1] INFO  server.RaftServerConfigKeys (ConfUtils.java:logGet(46)) - raft.server.log.statemachine.data.caching.enabled = true (custom)
2022-06-21 13:56:10,567 [pool-817-thread-1] INFO  segmented.SegmentedRaftLogWorker (SegmentedRaftLogWorker.java:lambda$new$0(135)) - 7ed761f3-2892-425f-b708-b7f52bea56b6@group-D1C1D79771ED-SegmentedRaftLogWorker: flushIndex: setUnconditionally 0 -> -1
2022-06-21 13:56:10,567 [pool-817-thread-1] INFO  segmented.SegmentedRaftLogWorker (SegmentedRaftLogWorker.java:lambda$new$0(135)) - 7ed761f3-2892-425f-b708-b7f52bea56b6@group-D1C1D79771ED-SegmentedRaftLogWorker: safeCacheEvictIndex: setUnconditionally 0 -> -1
2022-06-21 13:56:10,570 [pool-817-thread-1] INFO  server.RaftServerConfigKeys (ConfUtils.java:logGet(46)) - raft.server.snapshot.auto.trigger.enabled = true (custom)
2022-06-21 13:56:10,571 [pool-817-thread-1] INFO  server.RaftServerConfigKeys (ConfUtils.java:logGet(46)) - raft.server.snapshot.auto.trigger.threshold = 10000 (custom)
2022-06-21 13:56:10,571 [pool-817-thread-1] INFO  server.RaftServerConfigKeys (ConfUtils.java:logGet(46)) - raft.server.snapshot.retention.file.num = 5 (custom)
2022-06-21 13:56:10,571 [pool-817-thread-1] INFO  server.RaftServerConfigKeys (ConfUtils.java:logGet(46)) - raft.server.log.purge.upto.snapshot.index = false (default)
2022-06-21 13:56:10,571 [pool-817-thread-1] INFO  server.RaftServerConfigKeys (ConfUtils.java:logGet(46)) - raft.server.retrycache.expirytime = 600000ms (custom)
2022-06-21 13:56:10,571 [pool-817-thread-1] INFO  server.RaftServerConfigKeys (ConfUtils.java:logGet(46)) - raft.server.retrycache.statistics.expirytime = 100μs (default)
2022-06-21 13:56:10,572 [pool-817-thread-1] INFO  server.RaftServerConfigKeys (ConfUtils.java:logGet(46)) - raft.server.log.appender.install.snapshot.enabled = false (custom)
2022-06-21 13:56:10,572 [pool-817-thread-1] INFO  server.RaftServerConfigKeys (ConfUtils.java:logGet(46)) - raft.server.threadpool.server.cached = true (default)
2022-06-21 13:56:10,572 [pool-817-thread-1] INFO  server.RaftServerConfigKeys (ConfUtils.java:logGet(46)) - raft.server.threadpool.server.size = 0 (default)
2022-06-21 13:56:10,572 [pool-817-thread-1] INFO  server.RaftServerConfigKeys (ConfUtils.java:logGet(46)) - raft.server.threadpool.client.cached = true (default)
2022-06-21 13:56:10,572 [pool-817-thread-1] INFO  server.RaftServerConfigKeys (ConfUtils.java:logGet(46)) - raft.server.threadpool.client.size = 0 (default)
2022-06-21 13:56:10,572 [pool-817-thread-1] INFO  server.RaftServer$Division (RaftServerImpl.java:start(310)) - 7ed761f3-2892-425f-b708-b7f52bea56b6@group-D1C1D79771ED: start as a follower, conf=-1: [7ed761f3-2892-425f-b708-b7f52bea56b6|rpc:10.1.0.15:37391|priority:1], old=null
2022-06-21 13:56:10,572 [pool-817-thread-1] INFO  server.RaftServer$Division (RaftServerImpl.java:setRole(299)) - 7ed761f3-2892-425f-b708-b7f52bea56b6@group-D1C1D79771ED: changes role from      null to FOLLOWER at term 0 for startAsFollower
2022-06-21 13:56:10,572 [pool-817-thread-1] INFO  impl.RoleInfo (RoleInfo.java:updateAndGet(139)) - 7ed761f3-2892-425f-b708-b7f52bea56b6: start 7ed761f3-2892-425f-b708-b7f52bea56b6@group-D1C1D79771ED-FollowerState
2022-06-21 13:56:10,575 [pool-817-thread-1] INFO  util.JmxRegister (JmxRegister.java:tryRegister(44)) - Successfully registered JMX Bean with object name Ratis:service=RaftServer,group=group-D1C1D79771ED,id=7ed761f3-2892-425f-b708-b7f52bea56b6
2022-06-21 13:56:10,582 [Command processor thread] INFO  ratis.XceiverServerRatis (XceiverServerRatis.java:addGroup(765)) - Created group PipelineID=f30d15b6-ef12-498c-8fe8-d1c1d79771ed
2022-06-21 13:56:10,582 [Command processor thread] INFO  commandhandler.CreatePipelineCommandHandler (CreatePipelineCommandHandler.java:handle(113)) - Created Pipeline RATIS ONE PipelineID=f30d15b6-ef12-498c-8fe8-d1c1d79771ed.
2022-06-21 13:56:10,583 [Command processor thread] INFO  server.RaftServer (RaftServerProxy.java:addNew(96)) - 7ed761f3-2892-425f-b708-b7f52bea56b6: addNew group-52BF6DEE87EE:[7ed761f3-2892-425f-b708-b7f52bea56b6|rpc:10.1.0.15:37391|priority:1, 0c36eeb7-8db8-48cb-9437-34913146bd8b|rpc:10.1.0.15:38615|priority:0, 661906f5-178f-45a1-86e2-0540bf739913|rpc:10.1.0.15:44467|priority:0] returns group-52BF6DEE87EE:java.util.concurrent.CompletableFuture@823a04[Not completed]
2022-06-21 13:56:10,588 [pool-817-thread-1] INFO  server.RaftServer$Division (RaftServerImpl.java:<init>(190)) - 7ed761f3-2892-425f-b708-b7f52bea56b6: new RaftServerImpl for group-52BF6DEE87EE:[7ed761f3-2892-425f-b708-b7f52bea56b6|rpc:10.1.0.15:37391|priority:1, 0c36eeb7-8db8-48cb-9437-34913146bd8b|rpc:10.1.0.15:38615|priority:0, 661906f5-178f-45a1-86e2-0540bf739913|rpc:10.1.0.15:44467|priority:0] with ContainerStateMachine:uninitialized
2022-06-21 13:56:10,588 [pool-817-thread-1] INFO  server.RaftServerConfigKeys (ConfUtils.java:logGet(46)) - raft.server.rpc.timeout.min = 5s (custom)
2022-06-21 13:56:10,588 [pool-817-thread-1] INFO  server.RaftServerConfigKeys (ConfUtils.java:logGet(46)) - raft.server.rpc.timeout.max = 5200ms (custom)
2022-06-21 13:56:10,588 [pool-817-thread-1] INFO  server.RaftServerConfigKeys (ConfUtils.java:logGet(46)) - raft.server.rpc.sleep.time = 25ms (default)
2022-06-21 13:56:10,588 [pool-817-thread-1] INFO  server.RaftServerConfigKeys (ConfUtils.java:logGet(46)) - raft.server.rpc.slowness.timeout = 300s (custom)
2022-06-21 13:56:10,588 [pool-817-thread-1] INFO  server.RaftServerConfigKeys (ConfUtils.java:logGet(46)) - raft.server.leaderelection.leader.step-down.wait-time = 10s (default)
2022-06-21 13:56:10,588 [pool-817-thread-1] INFO  server.RaftServerConfigKeys (ConfUtils.java:logGet(46)) - raft.server.sleep.deviation.threshold = 300ms (default)
2022-06-21 13:56:10,588 [pool-817-thread-1] INFO  server.RaftServer$Division (ServerState.java:<init>(107)) - 7ed761f3-2892-425f-b708-b7f52bea56b6@group-52BF6DEE87EE: ConfigurationManager, init=-1: [7ed761f3-2892-425f-b708-b7f52bea56b6|rpc:10.1.0.15:37391|priority:1, 0c36eeb7-8db8-48cb-9437-34913146bd8b|rpc:10.1.0.15:38615|priority:0, 661906f5-178f-45a1-86e2-0540bf739913|rpc:10.1.0.15:44467|priority:0], old=null, confs=<EMPTY_MAP>
2022-06-21 13:56:10,588 [pool-817-thread-1] INFO  server.RaftServerConfigKeys (ConfUtils.java:logGet(46)) - raft.server.storage.dir = [/home/runner/work/ozone/ozone/hadoop-ozone/integration-test/target/test-dir/MiniOzoneClusterImpl-a6c63143-532c-40e3-90f6-32ed462df7e7/datanode-2/data/ratis] (custom)
2022-06-21 13:56:10,588 [pool-817-thread-1] INFO  server.RaftServerConfigKeys (ConfUtils.java:logGet(46)) - raft.server.log.corruption.policy = EXCEPTION (default)
2022-06-21 13:56:10,588 [pool-817-thread-1] INFO  server.RaftServerConfigKeys (ConfUtils.java:logGet(46)) - raft.server.storage.free-space.min = 0MB (=0) (default)
2022-06-21 13:56:10,588 [pool-817-thread-1] INFO  storage.RaftStorageDirectory (RaftStorageDirectoryImpl.java:analyzeStorage(135)) - The storage directory /home/runner/work/ozone/ozone/hadoop-ozone/integration-test/target/test-dir/MiniOzoneClusterImpl-a6c63143-532c-40e3-90f6-32ed462df7e7/datanode-2/data/ratis/962f574f-fe27-410f-9c07-52bf6dee87ee does not exist. Creating ...
2022-06-21 13:56:10,591 [Command processor thread] INFO  commandhandler.CreatePipelineCommandHandler (CreatePipelineCommandHandler.java:handle(113)) - Created Pipeline RATIS THREE PipelineID=e284197a-8e20-4ad3-8e60-5a6f39132922.
2022-06-21 13:56:10,591 [Command processor thread] INFO  server.RaftServer (RaftServerProxy.java:addNew(96)) - 661906f5-178f-45a1-86e2-0540bf739913: addNew group-52BF6DEE87EE:[7ed761f3-2892-425f-b708-b7f52bea56b6|rpc:10.1.0.15:37391|priority:1, 0c36eeb7-8db8-48cb-9437-34913146bd8b|rpc:10.1.0.15:38615|priority:0, 661906f5-178f-45a1-86e2-0540bf739913|rpc:10.1.0.15:44467|priority:0] returns group-52BF6DEE87EE:java.util.concurrent.CompletableFuture@4824ecfd[Not completed]
2022-06-21 13:56:10,606 [EndpointStateMachine task thread for /0.0.0.0:33833 - 0 ] INFO  server.XceiverServerGrpc (XceiverServerGrpc.java:start(180)) - XceiverServerGrpc 685a43de-7e91-4998-9405-9025234a1f5a is started using port 41919
2022-06-21 13:56:10,631 [pool-817-thread-1] INFO  storage.RaftStorageDirectory (RaftStorageDirectoryImpl.java:tryLock(230)) - Lock on /home/runner/work/ozone/ozone/hadoop-ozone/integration-test/target/test-dir/MiniOzoneClusterImpl-a6c63143-532c-40e3-90f6-32ed462df7e7/datanode-2/data/ratis/962f574f-fe27-410f-9c07-52bf6dee87ee/in_use.lock acquired by nodename 17605@fv-az194-567
2022-06-21 13:56:10,633 [pool-771-thread-1] INFO  server.RaftServer$Division (RaftServerImpl.java:<init>(190)) - 661906f5-178f-45a1-86e2-0540bf739913: new RaftServerImpl for group-52BF6DEE87EE:[7ed761f3-2892-425f-b708-b7f52bea56b6|rpc:10.1.0.15:37391|priority:1, 0c36eeb7-8db8-48cb-9437-34913146bd8b|rpc:10.1.0.15:38615|priority:0, 661906f5-178f-45a1-86e2-0540bf739913|rpc:10.1.0.15:44467|priority:0] with ContainerStateMachine:uninitialized
2022-06-21 13:56:10,633 [pool-771-thread-1] INFO  server.RaftServerConfigKeys (ConfUtils.java:logGet(46)) - raft.server.rpc.timeout.min = 5s (custom)
2022-06-21 13:56:10,633 [pool-771-thread-1] INFO  server.RaftServerConfigKeys (ConfUtils.java:logGet(46)) - raft.server.rpc.timeout.max = 5200ms (custom)
2022-06-21 13:56:10,633 [pool-771-thread-1] INFO  server.RaftServerConfigKeys (ConfUtils.java:logGet(46)) - raft.server.rpc.sleep.time = 25ms (default)
2022-06-21 13:56:10,633 [pool-771-thread-1] INFO  server.RaftServerConfigKeys (ConfUtils.java:logGet(46)) - raft.server.rpc.slowness.timeout = 300s (custom)
2022-06-21 13:56:10,633 [pool-771-thread-1] INFO  server.RaftServerConfigKeys (ConfUtils.java:logGet(46)) - raft.server.leaderelection.leader.step-down.wait-time = 10s (default)
2022-06-21 13:56:10,633 [pool-771-thread-1] INFO  server.RaftServerConfigKeys (ConfUtils.java:logGet(46)) - raft.server.sleep.deviation.threshold = 300ms (default)
2022-06-21 13:56:10,633 [pool-771-thread-1] INFO  server.RaftServer$Division (ServerState.java:<init>(107)) - 661906f5-178f-45a1-86e2-0540bf739913@group-52BF6DEE87EE: ConfigurationManager, init=-1: [7ed761f3-2892-425f-b708-b7f52bea56b6|rpc:10.1.0.15:37391|priority:1, 0c36eeb7-8db8-48cb-9437-34913146bd8b|rpc:10.1.0.15:38615|priority:0, 661906f5-178f-45a1-86e2-0540bf739913|rpc:10.1.0.15:44467|priority:0], old=null, confs=<EMPTY_MAP>
2022-06-21 13:56:10,633 [pool-771-thread-1] INFO  server.RaftServerConfigKeys (ConfUtils.java:logGet(46)) - raft.server.storage.dir = [/home/runner/work/ozone/ozone/hadoop-ozone/integration-test/target/test-dir/MiniOzoneClusterImpl-a6c63143-532c-40e3-90f6-32ed462df7e7/datanode-0/data/ratis] (custom)
2022-06-21 13:56:10,634 [pool-771-thread-1] INFO  server.RaftServerConfigKeys (ConfUtils.java:logGet(46)) - raft.server.log.corruption.policy = EXCEPTION (default)
2022-06-21 13:56:10,634 [pool-771-thread-1] INFO  server.RaftServerConfigKeys (ConfUtils.java:logGet(46)) - raft.server.storage.free-space.min = 0MB (=0) (default)
2022-06-21 13:56:10,634 [pool-771-thread-1] INFO  storage.RaftStorageDirectory (RaftStorageDirectoryImpl.java:analyzeStorage(135)) - The storage directory /home/runner/work/ozone/ozone/hadoop-ozone/integration-test/target/test-dir/MiniOzoneClusterImpl-a6c63143-532c-40e3-90f6-32ed462df7e7/datanode-0/data/ratis/962f574f-fe27-410f-9c07-52bf6dee87ee does not exist. Creating ...
2022-06-21 13:56:10,634 [pool-817-thread-1] INFO  storage.RaftStorage (RaftStorageImpl.java:format(89)) - Storage directory /home/runner/work/ozone/ozone/hadoop-ozone/integration-test/target/test-dir/MiniOzoneClusterImpl-a6c63143-532c-40e3-90f6-32ed462df7e7/datanode-2/data/ratis/962f574f-fe27-410f-9c07-52bf6dee87ee has been successfully formatted.
2022-06-21 13:56:10,634 [pool-817-thread-1] INFO  ratis.ContainerStateMachine (ContainerStateMachine.java:loadSnapshot(236)) - group-52BF6DEE87EE: The snapshot info is null. Setting the last applied indexto:(t:0, i:~)
2022-06-21 13:56:10,634 [pool-817-thread-1] INFO  server.RaftServerConfigKeys (ConfUtils.java:logGet(46)) - raft.server.notification.no-leader.timeout = 300s (custom)
2022-06-21 13:56:10,634 [pool-817-thread-1] INFO  server.RaftServerConfigKeys (ConfUtils.java:logGet(46)) - raft.server.log.use.memory = false (default)
2022-06-21 13:56:10,634 [pool-817-thread-1] INFO  server.RaftServerConfigKeys (ConfUtils.java:logGet(46)) - raft.server.log.purge.gap = 1000000 (custom)
2022-06-21 13:56:10,634 [pool-817-thread-1] INFO  server.RaftServerConfigKeys (ConfUtils.java:logGet(46)) - raft.server.log.appender.buffer.byte-limit = 33554432 (custom)
2022-06-21 13:56:10,635 [pool-817-thread-1] INFO  server.RaftServerConfigKeys (ConfUtils.java:logGet(46)) - raft.server.log.statemachine.data.read.timeout = 1000ms (default)
2022-06-21 13:56:10,635 [pool-817-thread-1] INFO  server.RaftServerConfigKeys (ConfUtils.java:logGet(46)) - raft.server.log.segment.size.max = 1048576 (custom)
2022-06-21 13:56:10,635 [pool-817-thread-1] INFO  server.RaftServerConfigKeys (ConfUtils.java:logGet(46)) - raft.server.log.segment.cache.num.max = 2 (custom)
2022-06-21 13:56:10,635 [pool-817-thread-1] INFO  server.RaftServerConfigKeys (ConfUtils.java:logGet(46)) - raft.server.log.segment.cache.size.max = 200MB (=209715200) (default)
2022-06-21 13:56:10,635 [pool-817-thread-1] INFO  segmented.SegmentedRaftLogWorker (SegmentedRaftLogWorker.java:<init>(187)) - new 7ed761f3-2892-425f-b708-b7f52bea56b6@group-52BF6DEE87EE-SegmentedRaftLogWorker for RaftStorageImpl:Storage Directory /home/runner/work/ozone/ozone/hadoop-ozone/integration-test/target/test-dir/MiniOzoneClusterImpl-a6c63143-532c-40e3-90f6-32ed462df7e7/datanode-2/data/ratis/962f574f-fe27-410f-9c07-52bf6dee87ee
2022-06-21 13:56:10,635 [pool-817-thread-1] INFO  server.RaftServerConfigKeys (ConfUtils.java:logGet(46)) - raft.server.log.queue.byte-limit = 4294967296 (custom)
2022-06-21 13:56:10,635 [pool-817-thread-1] INFO  server.RaftServerConfigKeys (ConfUtils.java:logGet(46)) - raft.server.log.queue.element-limit = 1024 (custom)
2022-06-21 13:56:10,635 [pool-817-thread-1] INFO  server.RaftServerConfigKeys (ConfUtils.java:logGet(46)) - raft.server.log.segment.size.max = 1048576 (custom)
2022-06-21 13:56:10,635 [pool-817-thread-1] INFO  server.RaftServerConfigKeys (ConfUtils.java:logGet(46)) - raft.server.log.preallocated.size = 16384 (custom)
2022-06-21 13:56:10,635 [pool-817-thread-1] INFO  server.RaftServerConfigKeys (ConfUtils.java:logGet(46)) - raft.server.log.force.sync.num = 128 (default)
2022-06-21 13:56:10,635 [pool-817-thread-1] INFO  server.RaftServerConfigKeys (ConfUtils.java:logGet(46)) - raft.server.log.statemachine.data.sync = true (default)
2022-06-21 13:56:10,635 [pool-817-thread-1] INFO  server.RaftServerConfigKeys (ConfUtils.java:logGet(46)) - raft.server.log.statemachine.data.sync.timeout = 10s (default)
2022-06-21 13:56:10,635 [pool-817-thread-1] INFO  server.RaftServerConfigKeys (ConfUtils.java:logGet(46)) - raft.server.log.statemachine.data.sync.timeout.retry = -1 (default)
2022-06-21 13:56:10,637 [pool-771-thread-1] INFO  storage.RaftStorageDirectory (RaftStorageDirectoryImpl.java:tryLock(230)) - Lock on /home/runner/work/ozone/ozone/hadoop-ozone/integration-test/target/test-dir/MiniOzoneClusterImpl-a6c63143-532c-40e3-90f6-32ed462df7e7/datanode-0/data/ratis/962f574f-fe27-410f-9c07-52bf6dee87ee/in_use.lock acquired by nodename 17605@fv-az194-567
2022-06-21 13:56:10,637 [EventQueue-OpenPipelineForHealthyPipelineSafeModeRule] INFO  safemode.SCMSafeModeManager (HealthyPipelineSafeModeRule.java:process(124)) - SCM in safe mode. Healthy pipelines reported count is 0, required healthy pipeline reported count is 1
2022-06-21 13:56:10,638 [pool-817-thread-1] INFO  server.RaftServerConfigKeys (ConfUtils.java:logGet(46)) - raft.server.log.write.buffer.size = 1048576 (custom)
2022-06-21 13:56:10,638 [pool-817-thread-1] INFO  server.RaftServerConfigKeys (ConfUtils.java:logGet(46)) - raft.server.log.unsafe-flush.enabled = false (default)
2022-06-21 13:56:10,638 [pool-817-thread-1] INFO  server.RaftServerConfigKeys (ConfUtils.java:logGet(46)) - raft.server.log.statemachine.data.caching.enabled = true (custom)
2022-06-21 13:56:10,638 [pool-817-thread-1] INFO  segmented.SegmentedRaftLogWorker (SegmentedRaftLogWorker.java:lambda$new$0(135)) - 7ed761f3-2892-425f-b708-b7f52bea56b6@group-52BF6DEE87EE-SegmentedRaftLogWorker: flushIndex: setUnconditionally 0 -> -1
2022-06-21 13:56:10,638 [pool-817-thread-1] INFO  segmented.SegmentedRaftLogWorker (SegmentedRaftLogWorker.java:lambda$new$0(135)) - 7ed761f3-2892-425f-b708-b7f52bea56b6@group-52BF6DEE87EE-SegmentedRaftLogWorker: safeCacheEvictIndex: setUnconditionally 0 -> -1
2022-06-21 13:56:10,639 [pool-771-thread-1] INFO  storage.RaftStorage (RaftStorageImpl.java:format(89)) - Storage directory /home/runner/work/ozone/ozone/hadoop-ozone/integration-test/target/test-dir/MiniOzoneClusterImpl-a6c63143-532c-40e3-90f6-32ed462df7e7/datanode-0/data/ratis/962f574f-fe27-410f-9c07-52bf6dee87ee has been successfully formatted.
2022-06-21 13:56:10,648 [pool-771-thread-1] INFO  ratis.ContainerStateMachine (ContainerStateMachine.java:loadSnapshot(236)) - group-52BF6DEE87EE: The snapshot info is null. Setting the last applied indexto:(t:0, i:~)
2022-06-21 13:56:10,648 [pool-817-thread-1] INFO  server.RaftServerConfigKeys (ConfUtils.java:logGet(46)) - raft.server.snapshot.auto.trigger.enabled = true (custom)
2022-06-21 13:56:10,648 [pool-817-thread-1] INFO  server.RaftServerConfigKeys (ConfUtils.java:logGet(46)) - raft.server.snapshot.auto.trigger.threshold = 10000 (custom)
2022-06-21 13:56:10,648 [pool-817-thread-1] INFO  server.RaftServerConfigKeys (ConfUtils.java:logGet(46)) - raft.server.snapshot.retention.file.num = 5 (custom)
2022-06-21 13:56:10,648 [pool-817-thread-1] INFO  server.RaftServerConfigKeys (ConfUtils.java:logGet(46)) - raft.server.log.purge.upto.snapshot.index = false (default)
2022-06-21 13:56:10,650 [pool-771-thread-1] INFO  server.RaftServerConfigKeys (ConfUtils.java:logGet(46)) - raft.server.notification.no-leader.timeout = 300s (custom)
2022-06-21 13:56:10,650 [pool-771-thread-1] INFO  server.RaftServerConfigKeys (ConfUtils.java:logGet(46)) - raft.server.log.use.memory = false (default)
2022-06-21 13:56:10,651 [pool-771-thread-1] INFO  server.RaftServerConfigKeys (ConfUtils.java:logGet(46)) - raft.server.log.purge.gap = 1000000 (custom)
2022-06-21 13:56:10,651 [pool-771-thread-1] INFO  server.RaftServerConfigKeys (ConfUtils.java:logGet(46)) - raft.server.log.appender.buffer.byte-limit = 33554432 (custom)
2022-06-21 13:56:10,651 [pool-771-thread-1] INFO  server.RaftServerConfigKeys (ConfUtils.java:logGet(46)) - raft.server.log.statemachine.data.read.timeout = 1000ms (default)
2022-06-21 13:56:10,651 [pool-771-thread-1] INFO  server.RaftServerConfigKeys (ConfUtils.java:logGet(46)) - raft.server.log.segment.size.max = 1048576 (custom)
2022-06-21 13:56:10,651 [pool-771-thread-1] INFO  server.RaftServerConfigKeys (ConfUtils.java:logGet(46)) - raft.server.log.segment.cache.num.max = 2 (custom)
2022-06-21 13:56:10,651 [pool-771-thread-1] INFO  server.RaftServerConfigKeys (ConfUtils.java:logGet(46)) - raft.server.log.segment.cache.size.max = 200MB (=209715200) (default)
2022-06-21 13:56:10,651 [pool-771-thread-1] INFO  segmented.SegmentedRaftLogWorker (SegmentedRaftLogWorker.java:<init>(187)) - new 661906f5-178f-45a1-86e2-0540bf739913@group-52BF6DEE87EE-SegmentedRaftLogWorker for RaftStorageImpl:Storage Directory /home/runner/work/ozone/ozone/hadoop-ozone/integration-test/target/test-dir/MiniOzoneClusterImpl-a6c63143-532c-40e3-90f6-32ed462df7e7/datanode-0/data/ratis/962f574f-fe27-410f-9c07-52bf6dee87ee
2022-06-21 13:56:10,651 [pool-771-thread-1] INFO  server.RaftServerConfigKeys (ConfUtils.java:logGet(46)) - raft.server.log.queue.byte-limit = 4294967296 (custom)
2022-06-21 13:56:10,651 [pool-771-thread-1] INFO  server.RaftServerConfigKeys (ConfUtils.java:logGet(46)) - raft.server.log.queue.element-limit = 1024 (custom)
2022-06-21 13:56:10,651 [pool-771-thread-1] INFO  server.RaftServerConfigKeys (ConfUtils.java:logGet(46)) - raft.server.log.segment.size.max = 1048576 (custom)
2022-06-21 13:56:10,652 [pool-771-thread-1] INFO  server.RaftServerConfigKeys (ConfUtils.java:logGet(46)) - raft.server.log.preallocated.size = 16384 (custom)
2022-06-21 13:56:10,652 [pool-771-thread-1] INFO  server.RaftServerConfigKeys (ConfUtils.java:logGet(46)) - raft.server.log.force.sync.num = 128 (default)
2022-06-21 13:56:10,652 [pool-771-thread-1] INFO  server.RaftServerConfigKeys (ConfUtils.java:logGet(46)) - raft.server.log.statemachine.data.sync = true (default)
2022-06-21 13:56:10,652 [pool-771-thread-1] INFO  server.RaftServerConfigKeys (ConfUtils.java:logGet(46)) - raft.server.log.statemachine.data.sync.timeout = 10s (default)
2022-06-21 13:56:10,652 [pool-771-thread-1] INFO  server.RaftServerConfigKeys (ConfUtils.java:logGet(46)) - raft.server.log.statemachine.data.sync.timeout.retry = -1 (default)
2022-06-21 13:56:10,664 [pool-771-thread-1] INFO  server.RaftServerConfigKeys (ConfUtils.java:logGet(46)) - raft.server.log.write.buffer.size = 1048576 (custom)
2022-06-21 13:56:10,664 [pool-817-thread-1] INFO  server.RaftServerConfigKeys (ConfUtils.java:logGet(46)) - raft.server.retrycache.expirytime = 600000ms (custom)
2022-06-21 13:56:10,664 [pool-817-thread-1] INFO  server.RaftServerConfigKeys (ConfUtils.java:logGet(46)) - raft.server.retrycache.statistics.expirytime = 100μs (default)
2022-06-21 13:56:10,665 [pool-817-thread-1] INFO  server.RaftServerConfigKeys (ConfUtils.java:logGet(46)) - raft.server.log.appender.install.snapshot.enabled = false (custom)
2022-06-21 13:56:10,665 [pool-817-thread-1] INFO  server.RaftServerConfigKeys (ConfUtils.java:logGet(46)) - raft.server.threadpool.server.cached = true (default)
2022-06-21 13:56:10,665 [pool-817-thread-1] INFO  server.RaftServerConfigKeys (ConfUtils.java:logGet(46)) - raft.server.threadpool.server.size = 0 (default)
2022-06-21 13:56:10,665 [pool-817-thread-1] INFO  server.RaftServerConfigKeys (ConfUtils.java:logGet(46)) - raft.server.threadpool.client.cached = true (default)
2022-06-21 13:56:10,666 [pool-817-thread-1] INFO  server.RaftServerConfigKeys (ConfUtils.java:logGet(46)) - raft.server.threadpool.client.size = 0 (default)
2022-06-21 13:56:10,666 [pool-817-thread-1] INFO  server.RaftServer$Division (RaftServerImpl.java:start(310)) - 7ed761f3-2892-425f-b708-b7f52bea56b6@group-52BF6DEE87EE: start as a follower, conf=-1: [7ed761f3-2892-425f-b708-b7f52bea56b6|rpc:10.1.0.15:37391|priority:1, 0c36eeb7-8db8-48cb-9437-34913146bd8b|rpc:10.1.0.15:38615|priority:0, 661906f5-178f-45a1-86e2-0540bf739913|rpc:10.1.0.15:44467|priority:0], old=null
2022-06-21 13:56:10,666 [pool-817-thread-1] INFO  server.RaftServer$Division (RaftServerImpl.java:setRole(299)) - 7ed761f3-2892-425f-b708-b7f52bea56b6@group-52BF6DEE87EE: changes role from      null to FOLLOWER at term 0 for startAsFollower
2022-06-21 13:56:10,666 [pool-817-thread-1] INFO  impl.RoleInfo (RoleInfo.java:updateAndGet(139)) - 7ed761f3-2892-425f-b708-b7f52bea56b6: start 7ed761f3-2892-425f-b708-b7f52bea56b6@group-52BF6DEE87EE-FollowerState
2022-06-21 13:56:10,666 [pool-771-thread-1] INFO  server.RaftServerConfigKeys (ConfUtils.java:logGet(46)) - raft.server.log.unsafe-flush.enabled = false (default)
2022-06-21 13:56:10,666 [pool-771-thread-1] INFO  server.RaftServerConfigKeys (ConfUtils.java:logGet(46)) - raft.server.log.statemachine.data.caching.enabled = true (custom)
2022-06-21 13:56:10,666 [EventQueue-OpenPipelineForHealthyPipelineSafeModeRule] INFO  safemode.SCMSafeModeManager (HealthyPipelineSafeModeRule.java:process(124)) - SCM in safe mode. Healthy pipelines reported count is 0, required healthy pipeline reported count is 1
2022-06-21 13:56:10,667 [pool-771-thread-1] INFO  segmented.SegmentedRaftLogWorker (SegmentedRaftLogWorker.java:lambda$new$0(135)) - 661906f5-178f-45a1-86e2-0540bf739913@group-52BF6DEE87EE-SegmentedRaftLogWorker: flushIndex: setUnconditionally 0 -> -1
2022-06-21 13:56:10,667 [pool-771-thread-1] INFO  segmented.SegmentedRaftLogWorker (SegmentedRaftLogWorker.java:lambda$new$0(135)) - 661906f5-178f-45a1-86e2-0540bf739913@group-52BF6DEE87EE-SegmentedRaftLogWorker: safeCacheEvictIndex: setUnconditionally 0 -> -1
2022-06-21 13:56:10,695 [pool-817-thread-1] INFO  util.JmxRegister (JmxRegister.java:tryRegister(44)) - Successfully registered JMX Bean with object name Ratis:service=RaftServer,group=group-52BF6DEE87EE,id=7ed761f3-2892-425f-b708-b7f52bea56b6
2022-06-21 13:56:10,707 [Command processor thread] INFO  ratis.XceiverServerRatis (XceiverServerRatis.java:addGroup(765)) - Created group PipelineID=962f574f-fe27-410f-9c07-52bf6dee87ee
2022-06-21 13:56:10,712 [pool-771-thread-1] INFO  server.RaftServerConfigKeys (ConfUtils.java:logGet(46)) - raft.server.snapshot.auto.trigger.enabled = true (custom)
2022-06-21 13:56:10,712 [pool-771-thread-1] INFO  server.RaftServerConfigKeys (ConfUtils.java:logGet(46)) - raft.server.snapshot.auto.trigger.threshold = 10000 (custom)
2022-06-21 13:56:10,712 [pool-771-thread-1] INFO  server.RaftServerConfigKeys (ConfUtils.java:logGet(46)) - raft.server.snapshot.retention.file.num = 5 (custom)
2022-06-21 13:56:10,712 [pool-771-thread-1] INFO  server.RaftServerConfigKeys (ConfUtils.java:logGet(46)) - raft.server.log.purge.upto.snapshot.index = false (default)
2022-06-21 13:56:10,712 [pool-771-thread-1] INFO  server.RaftServerConfigKeys (ConfUtils.java:logGet(46)) - raft.server.retrycache.expirytime = 600000ms (custom)
2022-06-21 13:56:10,712 [pool-771-thread-1] INFO  server.RaftServerConfigKeys (ConfUtils.java:logGet(46)) - raft.server.retrycache.statistics.expirytime = 100μs (default)
2022-06-21 13:56:10,714 [pool-771-thread-1] INFO  server.RaftServerConfigKeys (ConfUtils.java:logGet(46)) - raft.server.log.appender.install.snapshot.enabled = false (custom)
2022-06-21 13:56:10,714 [pool-771-thread-1] INFO  server.RaftServerConfigKeys (ConfUtils.java:logGet(46)) - raft.server.threadpool.server.cached = true (default)
2022-06-21 13:56:10,714 [pool-771-thread-1] INFO  server.RaftServerConfigKeys (ConfUtils.java:logGet(46)) - raft.server.threadpool.server.size = 0 (default)
2022-06-21 13:56:10,714 [pool-771-thread-1] INFO  server.RaftServerConfigKeys (ConfUtils.java:logGet(46)) - raft.server.threadpool.client.cached = true (default)
2022-06-21 13:56:10,714 [pool-771-thread-1] INFO  server.RaftServerConfigKeys (ConfUtils.java:logGet(46)) - raft.server.threadpool.client.size = 0 (default)
2022-06-21 13:56:10,714 [pool-771-thread-1] INFO  server.RaftServer$Division (RaftServerImpl.java:start(310)) - 661906f5-178f-45a1-86e2-0540bf739913@group-52BF6DEE87EE: start as a follower, conf=-1: [7ed761f3-2892-425f-b708-b7f52bea56b6|rpc:10.1.0.15:37391|priority:1, 0c36eeb7-8db8-48cb-9437-34913146bd8b|rpc:10.1.0.15:38615|priority:0, 661906f5-178f-45a1-86e2-0540bf739913|rpc:10.1.0.15:44467|priority:0], old=null
2022-06-21 13:56:10,714 [pool-771-thread-1] INFO  server.RaftServer$Division (RaftServerImpl.java:setRole(299)) - 661906f5-178f-45a1-86e2-0540bf739913@group-52BF6DEE87EE: changes role from      null to FOLLOWER at term 0 for startAsFollower
2022-06-21 13:56:10,714 [pool-771-thread-1] INFO  impl.RoleInfo (RoleInfo.java:updateAndGet(139)) - 661906f5-178f-45a1-86e2-0540bf739913: start 661906f5-178f-45a1-86e2-0540bf739913@group-52BF6DEE87EE-FollowerState
2022-06-21 13:56:10,738 [pool-771-thread-1] INFO  util.JmxRegister (JmxRegister.java:tryRegister(44)) - Successfully registered JMX Bean with object name Ratis:service=RaftServer,group=group-52BF6DEE87EE,id=661906f5-178f-45a1-86e2-0540bf739913
2022-06-21 13:56:10,763 [grpc-default-executor-0] INFO  server.RaftServer (RaftServerProxy.java:addNew(96)) - 0c36eeb7-8db8-48cb-9437-34913146bd8b: addNew group-52BF6DEE87EE:[7ed761f3-2892-425f-b708-b7f52bea56b6|rpc:10.1.0.15:37391|dataStream:|priority:1, 0c36eeb7-8db8-48cb-9437-34913146bd8b|rpc:10.1.0.15:38615|dataStream:|priority:0, 661906f5-178f-45a1-86e2-0540bf739913|rpc:10.1.0.15:44467|dataStream:|priority:0] returns group-52BF6DEE87EE:java.util.concurrent.CompletableFuture@33d1eb43[Not completed]
2022-06-21 13:56:10,764 [pool-794-thread-1] INFO  server.RaftServer$Division (RaftServerImpl.java:<init>(190)) - 0c36eeb7-8db8-48cb-9437-34913146bd8b: new RaftServerImpl for group-52BF6DEE87EE:[7ed761f3-2892-425f-b708-b7f52bea56b6|rpc:10.1.0.15:37391|dataStream:|priority:1, 0c36eeb7-8db8-48cb-9437-34913146bd8b|rpc:10.1.0.15:38615|dataStream:|priority:0, 661906f5-178f-45a1-86e2-0540bf739913|rpc:10.1.0.15:44467|dataStream:|priority:0] with ContainerStateMachine:uninitialized
2022-06-21 13:56:10,764 [pool-794-thread-1] INFO  server.RaftServerConfigKeys (ConfUtils.java:logGet(46)) - raft.server.rpc.timeout.min = 5s (custom)
2022-06-21 13:56:10,764 [pool-794-thread-1] INFO  server.RaftServerConfigKeys (ConfUtils.java:logGet(46)) - raft.server.rpc.timeout.max = 5200ms (custom)
2022-06-21 13:56:10,764 [pool-794-thread-1] INFO  server.RaftServerConfigKeys (ConfUtils.java:logGet(46)) - raft.server.rpc.sleep.time = 25ms (default)
2022-06-21 13:56:10,765 [pool-794-thread-1] INFO  server.RaftServerConfigKeys (ConfUtils.java:logGet(46)) - raft.server.rpc.slowness.timeout = 300s (custom)
2022-06-21 13:56:10,765 [pool-794-thread-1] INFO  server.RaftServerConfigKeys (ConfUtils.java:logGet(46)) - raft.server.leaderelection.leader.step-down.wait-time = 10s (default)
2022-06-21 13:56:10,765 [pool-794-thread-1] INFO  server.RaftServerConfigKeys (ConfUtils.java:logGet(46)) - raft.server.sleep.deviation.threshold = 300ms (default)
2022-06-21 13:56:10,765 [pool-794-thread-1] INFO  server.RaftServer$Division (ServerState.java:<init>(107)) - 0c36eeb7-8db8-48cb-9437-34913146bd8b@group-52BF6DEE87EE: ConfigurationManager, init=-1: [7ed761f3-2892-425f-b708-b7f52bea56b6|rpc:10.1.0.15:37391|dataStream:|priority:1, 0c36eeb7-8db8-48cb-9437-34913146bd8b|rpc:10.1.0.15:38615|dataStream:|priority:0, 661906f5-178f-45a1-86e2-0540bf739913|rpc:10.1.0.15:44467|dataStream:|priority:0], old=null, confs=<EMPTY_MAP>
2022-06-21 13:56:10,765 [pool-794-thread-1] INFO  server.RaftServerConfigKeys (ConfUtils.java:logGet(46)) - raft.server.storage.dir = [/home/runner/work/ozone/ozone/hadoop-ozone/integration-test/target/test-dir/MiniOzoneClusterImpl-a6c63143-532c-40e3-90f6-32ed462df7e7/datanode-1/data/ratis] (custom)
2022-06-21 13:56:10,765 [pool-794-thread-1] INFO  server.RaftServerConfigKeys (ConfUtils.java:logGet(46)) - raft.server.log.corruption.policy = EXCEPTION (default)
2022-06-21 13:56:10,765 [pool-794-thread-1] INFO  server.RaftServerConfigKeys (ConfUtils.java:logGet(46)) - raft.server.storage.free-space.min = 0MB (=0) (default)
2022-06-21 13:56:10,765 [pool-794-thread-1] INFO  storage.RaftStorageDirectory (RaftStorageDirectoryImpl.java:analyzeStorage(135)) - The storage directory /home/runner/work/ozone/ozone/hadoop-ozone/integration-test/target/test-dir/MiniOzoneClusterImpl-a6c63143-532c-40e3-90f6-32ed462df7e7/datanode-1/data/ratis/962f574f-fe27-410f-9c07-52bf6dee87ee does not exist. Creating ...
2022-06-21 13:56:10,766 [IPC Server handler 11 on default port 33833] INFO  net.NetworkTopologyImpl (NetworkTopologyImpl.java:add(112)) - Added a new node: /default-rack/46e1d9a7-823e-4b9e-8490-f50260fc9351
2022-06-21 13:56:10,766 [IPC Server handler 11 on default port 33833] INFO  node.SCMNodeManager (SCMNodeManager.java:register(394)) - Registered Data node : 46e1d9a7-823e-4b9e-8490-f50260fc9351{ip: 10.1.0.15, host: fv-az194-567.vahfjs35atkulmpwh5ujf4txfe.jx.internal.cloudapp.net, ports: [REPLICATION=42401, RATIS=39213, RATIS_ADMIN=39213, RATIS_SERVER=39213, STANDALONE=38865], networkLocation: /default-rack, certSerialId: null, persistedOpState: null, persistedOpStateExpiryEpochSec: 0}
2022-06-21 13:56:10,766 [EventQueue-NewNodeForNewNodeHandler] INFO  pipeline.BackgroundPipelineCreator (BackgroundPipelineCreator.java:notifyEventTriggered(272)) - trigger a one-shot run on RatisPipelineUtilsThread.
2022-06-21 13:56:10,769 [RatisPipelineUtilsThread - 0] INFO  pipeline.RatisPipelineProvider (RatisPipelineProvider.java:lambda$create$0(195)) - Sending CreatePipelineCommand for pipeline:PipelineID=bde92dea-1b76-4414-b132-88108d56c7eb to datanode:46e1d9a7-823e-4b9e-8490-f50260fc9351
2022-06-21 13:56:10,769 [RatisPipelineUtilsThread - 0] INFO  pipeline.PipelineStateManagerImpl (PipelineStateManagerImpl.java:addPipeline(101)) - Created pipeline Pipeline[ Id: bde92dea-1b76-4414-b132-88108d56c7eb, Nodes: 46e1d9a7-823e-4b9e-8490-f50260fc9351{ip: 10.1.0.15, host: fv-az194-567.vahfjs35atkulmpwh5ujf4txfe.jx.internal.cloudapp.net, ports: [REPLICATION=42401, RATIS=39213, RATIS_ADMIN=39213, RATIS_SERVER=39213, STANDALONE=38865], networkLocation: /default-rack, certSerialId: null, persistedOpState: IN_SERVICE, persistedOpStateExpiryEpochSec: 0}, ReplicationConfig: RATIS/ONE, State:ALLOCATED, leaderId:, CreationTimestamp2022-06-21T13:56:10.769Z[Etc/UTC]].
2022-06-21 13:56:10,770 [pool-794-thread-1] INFO  storage.RaftStorageDirectory (RaftStorageDirectoryImpl.java:tryLock(230)) - Lock on /home/runner/work/ozone/ozone/hadoop-ozone/integration-test/target/test-dir/MiniOzoneClusterImpl-a6c63143-532c-40e3-90f6-32ed462df7e7/datanode-1/data/ratis/962f574f-fe27-410f-9c07-52bf6dee87ee/in_use.lock acquired by nodename 17605@fv-az194-567
2022-06-21 13:56:10,778 [pool-794-thread-1] INFO  storage.RaftStorage (RaftStorageImpl.java:format(89)) - Storage directory /home/runner/work/ozone/ozone/hadoop-ozone/integration-test/target/test-dir/MiniOzoneClusterImpl-a6c63143-532c-40e3-90f6-32ed462df7e7/datanode-1/data/ratis/962f574f-fe27-410f-9c07-52bf6dee87ee has been successfully formatted.
2022-06-21 13:56:10,803 [Command processor thread] INFO  ratis.XceiverServerRatis (XceiverServerRatis.java:addGroup(765)) - Created group PipelineID=962f574f-fe27-410f-9c07-52bf6dee87ee
2022-06-21 13:56:10,816 [pool-794-thread-1] INFO  ratis.ContainerStateMachine (ContainerStateMachine.java:loadSnapshot(236)) - group-52BF6DEE87EE: The snapshot info is null. Setting the last applied indexto:(t:0, i:~)
2022-06-21 13:56:10,816 [pool-794-thread-1] INFO  server.RaftServerConfigKeys (ConfUtils.java:logGet(46)) - raft.server.notification.no-leader.timeout = 300s (custom)
2022-06-21 13:56:10,816 [pool-794-thread-1] INFO  server.RaftServerConfigKeys (ConfUtils.java:logGet(46)) - raft.server.log.use.memory = false (default)
2022-06-21 13:56:10,816 [pool-794-thread-1] INFO  server.RaftServerConfigKeys (ConfUtils.java:logGet(46)) - raft.server.log.purge.gap = 1000000 (custom)
2022-06-21 13:56:10,816 [pool-794-thread-1] INFO  server.RaftServerConfigKeys (ConfUtils.java:logGet(46)) - raft.server.log.appender.buffer.byte-limit = 33554432 (custom)
2022-06-21 13:56:10,816 [pool-794-thread-1] INFO  server.RaftServerConfigKeys (ConfUtils.java:logGet(46)) - raft.server.log.statemachine.data.read.timeout = 1000ms (default)
2022-06-21 13:56:10,817 [pool-794-thread-1] INFO  server.RaftServerConfigKeys (ConfUtils.java:logGet(46)) - raft.server.log.segment.size.max = 1048576 (custom)
2022-06-21 13:56:10,817 [pool-794-thread-1] INFO  server.RaftServerConfigKeys (ConfUtils.java:logGet(46)) - raft.server.log.segment.cache.num.max = 2 (custom)
2022-06-21 13:56:10,817 [pool-794-thread-1] INFO  server.RaftServerConfigKeys (ConfUtils.java:logGet(46)) - raft.server.log.segment.cache.size.max = 200MB (=209715200) (default)
2022-06-21 13:56:10,817 [pool-794-thread-1] INFO  segmented.SegmentedRaftLogWorker (SegmentedRaftLogWorker.java:<init>(187)) - new 0c36eeb7-8db8-48cb-9437-34913146bd8b@group-52BF6DEE87EE-SegmentedRaftLogWorker for RaftStorageImpl:Storage Directory /home/runner/work/ozone/ozone/hadoop-ozone/integration-test/target/test-dir/MiniOzoneClusterImpl-a6c63143-532c-40e3-90f6-32ed462df7e7/datanode-1/data/ratis/962f574f-fe27-410f-9c07-52bf6dee87ee
2022-06-21 13:56:10,817 [pool-794-thread-1] INFO  server.RaftServerConfigKeys (ConfUtils.java:logGet(46)) - raft.server.log.queue.byte-limit = 4294967296 (custom)
2022-06-21 13:56:10,817 [pool-794-thread-1] INFO  server.RaftServerConfigKeys (ConfUtils.java:logGet(46)) - raft.server.log.queue.element-limit = 1024 (custom)
2022-06-21 13:56:10,817 [pool-794-thread-1] INFO  server.RaftServerConfigKeys (ConfUtils.java:logGet(46)) - raft.server.log.segment.size.max = 1048576 (custom)
2022-06-21 13:56:10,817 [pool-794-thread-1] INFO  server.RaftServerConfigKeys (ConfUtils.java:logGet(46)) - raft.server.log.preallocated.size = 16384 (custom)
2022-06-21 13:56:10,817 [pool-794-thread-1] INFO  server.RaftServerConfigKeys (ConfUtils.java:logGet(46)) - raft.server.log.force.sync.num = 128 (default)
2022-06-21 13:56:10,817 [pool-794-thread-1] INFO  server.RaftServerConfigKeys (ConfUtils.java:logGet(46)) - raft.server.log.statemachine.data.sync = true (default)
2022-06-21 13:56:10,817 [pool-794-thread-1] INFO  server.RaftServerConfigKeys (ConfUtils.java:logGet(46)) - raft.server.log.statemachine.data.sync.timeout = 10s (default)
2022-06-21 13:56:10,817 [pool-794-thread-1] INFO  server.RaftServerConfigKeys (ConfUtils.java:logGet(46)) - raft.server.log.statemachine.data.sync.timeout.retry = -1 (default)
2022-06-21 13:56:10,818 [pool-794-thread-1] INFO  server.RaftServerConfigKeys (ConfUtils.java:logGet(46)) - raft.server.log.write.buffer.size = 1048576 (custom)
2022-06-21 13:56:10,819 [pool-794-thread-1] INFO  server.RaftServerConfigKeys (ConfUtils.java:logGet(46)) - raft.server.log.unsafe-flush.enabled = false (default)
2022-06-21 13:56:10,819 [pool-794-thread-1] INFO  server.RaftServerConfigKeys (ConfUtils.java:logGet(46)) - raft.server.log.statemachine.data.caching.enabled = true (custom)
2022-06-21 13:56:10,819 [pool-794-thread-1] INFO  segmented.SegmentedRaftLogWorker (SegmentedRaftLogWorker.java:lambda$new$0(135)) - 0c36eeb7-8db8-48cb-9437-34913146bd8b@group-52BF6DEE87EE-SegmentedRaftLogWorker: flushIndex: setUnconditionally 0 -> -1
2022-06-21 13:56:10,820 [pool-794-thread-1] INFO  segmented.SegmentedRaftLogWorker (SegmentedRaftLogWorker.java:lambda$new$0(135)) - 0c36eeb7-8db8-48cb-9437-34913146bd8b@group-52BF6DEE87EE-SegmentedRaftLogWorker: safeCacheEvictIndex: setUnconditionally 0 -> -1
2022-06-21 13:56:10,827 [pool-794-thread-1] INFO  server.RaftServerConfigKeys (ConfUtils.java:logGet(46)) - raft.server.snapshot.auto.trigger.enabled = true (custom)
2022-06-21 13:56:10,827 [pool-794-thread-1] INFO  server.RaftServerConfigKeys (ConfUtils.java:logGet(46)) - raft.server.snapshot.auto.trigger.threshold = 10000 (custom)
2022-06-21 13:56:10,827 [pool-794-thread-1] INFO  server.RaftServerConfigKeys (ConfUtils.java:logGet(46)) - raft.server.snapshot.retention.file.num = 5 (custom)
2022-06-21 13:56:10,827 [pool-794-thread-1] INFO  server.RaftServerConfigKeys (ConfUtils.java:logGet(46)) - raft.server.log.purge.upto.snapshot.index = false (default)
2022-06-21 13:56:10,827 [pool-794-thread-1] INFO  server.RaftServerConfigKeys (ConfUtils.java:logGet(46)) - raft.server.retrycache.expirytime = 600000ms (custom)
2022-06-21 13:56:10,827 [pool-794-thread-1] INFO  server.RaftServerConfigKeys (ConfUtils.java:logGet(46)) - raft.server.retrycache.statistics.expirytime = 100μs (default)
2022-06-21 13:56:10,829 [pool-794-thread-1] INFO  server.RaftServerConfigKeys (ConfUtils.java:logGet(46)) - raft.server.log.appender.install.snapshot.enabled = false (custom)
2022-06-21 13:56:10,829 [pool-794-thread-1] INFO  server.RaftServerConfigKeys (ConfUtils.java:logGet(46)) - raft.server.threadpool.server.cached = true (default)
2022-06-21 13:56:10,829 [pool-794-thread-1] INFO  server.RaftServerConfigKeys (ConfUtils.java:logGet(46)) - raft.server.threadpool.server.size = 0 (default)
2022-06-21 13:56:10,829 [pool-794-thread-1] INFO  server.RaftServerConfigKeys (ConfUtils.java:logGet(46)) - raft.server.threadpool.client.cached = true (default)
2022-06-21 13:56:10,829 [pool-794-thread-1] INFO  server.RaftServerConfigKeys (ConfUtils.java:logGet(46)) - raft.server.threadpool.client.size = 0 (default)
2022-06-21 13:56:10,829 [pool-794-thread-1] INFO  server.RaftServer$Division (RaftServerImpl.java:start(310)) - 0c36eeb7-8db8-48cb-9437-34913146bd8b@group-52BF6DEE87EE: start as a follower, conf=-1: [7ed761f3-2892-425f-b708-b7f52bea56b6|rpc:10.1.0.15:37391|dataStream:|priority:1, 0c36eeb7-8db8-48cb-9437-34913146bd8b|rpc:10.1.0.15:38615|dataStream:|priority:0, 661906f5-178f-45a1-86e2-0540bf739913|rpc:10.1.0.15:44467|dataStream:|priority:0], old=null
2022-06-21 13:56:10,829 [pool-794-thread-1] INFO  server.RaftServer$Division (RaftServerImpl.java:setRole(299)) - 0c36eeb7-8db8-48cb-9437-34913146bd8b@group-52BF6DEE87EE: changes role from      null to FOLLOWER at term 0 for startAsFollower
2022-06-21 13:56:10,829 [pool-794-thread-1] INFO  impl.RoleInfo (RoleInfo.java:updateAndGet(139)) - 0c36eeb7-8db8-48cb-9437-34913146bd8b: start 0c36eeb7-8db8-48cb-9437-34913146bd8b@group-52BF6DEE87EE-FollowerState
2022-06-21 13:56:10,865 [pool-794-thread-1] INFO  util.JmxRegister (JmxRegister.java:tryRegister(44)) - Successfully registered JMX Bean with object name Ratis:service=RaftServer,group=group-52BF6DEE87EE,id=0c36eeb7-8db8-48cb-9437-34913146bd8b
2022-06-21 13:56:10,979 [Command processor thread] INFO  server.RaftServer (RaftServerProxy.java:addNew(96)) - 0c36eeb7-8db8-48cb-9437-34913146bd8b: addNew group-D53D63FC8F22:[0c36eeb7-8db8-48cb-9437-34913146bd8b|rpc:10.1.0.15:38615|priority:1] returns group-D53D63FC8F22:java.util.concurrent.CompletableFuture@3cdad0da[Not completed]
2022-06-21 13:56:10,980 [pool-794-thread-1] INFO  server.RaftServer$Division (RaftServerImpl.java:<init>(190)) - 0c36eeb7-8db8-48cb-9437-34913146bd8b: new RaftServerImpl for group-D53D63FC8F22:[0c36eeb7-8db8-48cb-9437-34913146bd8b|rpc:10.1.0.15:38615|priority:1] with ContainerStateMachine:uninitialized
2022-06-21 13:56:10,980 [pool-794-thread-1] INFO  server.RaftServerConfigKeys (ConfUtils.java:logGet(46)) - raft.server.rpc.timeout.min = 5s (custom)
2022-06-21 13:56:10,980 [pool-794-thread-1] INFO  server.RaftServerConfigKeys (ConfUtils.java:logGet(46)) - raft.server.rpc.timeout.max = 5200ms (custom)
2022-06-21 13:56:10,980 [pool-794-thread-1] INFO  server.RaftServerConfigKeys (ConfUtils.java:logGet(46)) - raft.server.rpc.sleep.time = 25ms (default)
2022-06-21 13:56:10,980 [pool-794-thread-1] INFO  server.RaftServerConfigKeys (ConfUtils.java:logGet(46)) - raft.server.rpc.slowness.timeout = 300s (custom)
2022-06-21 13:56:10,980 [pool-794-thread-1] INFO  server.RaftServerConfigKeys (ConfUtils.java:logGet(46)) - raft.server.leaderelection.leader.step-down.wait-time = 10s (default)
2022-06-21 13:56:10,980 [pool-794-thread-1] INFO  server.RaftServerConfigKeys (ConfUtils.java:logGet(46)) - raft.server.sleep.deviation.threshold = 300ms (default)
2022-06-21 13:56:10,980 [pool-794-thread-1] INFO  server.RaftServer$Division (ServerState.java:<init>(107)) - 0c36eeb7-8db8-48cb-9437-34913146bd8b@group-D53D63FC8F22: ConfigurationManager, init=-1: [0c36eeb7-8db8-48cb-9437-34913146bd8b|rpc:10.1.0.15:38615|priority:1], old=null, confs=<EMPTY_MAP>
2022-06-21 13:56:10,980 [pool-794-thread-1] INFO  server.RaftServerConfigKeys (ConfUtils.java:logGet(46)) - raft.server.storage.dir = [/home/runner/work/ozone/ozone/hadoop-ozone/integration-test/target/test-dir/MiniOzoneClusterImpl-a6c63143-532c-40e3-90f6-32ed462df7e7/datanode-1/data/ratis] (custom)
2022-06-21 13:56:10,980 [pool-794-thread-1] INFO  server.RaftServerConfigKeys (ConfUtils.java:logGet(46)) - raft.server.log.corruption.policy = EXCEPTION (default)
2022-06-21 13:56:10,980 [pool-794-thread-1] INFO  server.RaftServerConfigKeys (ConfUtils.java:logGet(46)) - raft.server.storage.free-space.min = 0MB (=0) (default)
2022-06-21 13:56:10,980 [pool-794-thread-1] INFO  storage.RaftStorageDirectory (RaftStorageDirectoryImpl.java:analyzeStorage(135)) - The storage directory /home/runner/work/ozone/ozone/hadoop-ozone/integration-test/target/test-dir/MiniOzoneClusterImpl-a6c63143-532c-40e3-90f6-32ed462df7e7/datanode-1/data/ratis/35a01174-9d29-4291-a766-d53d63fc8f22 does not exist. Creating ...
2022-06-21 13:56:10,985 [pool-794-thread-1] INFO  storage.RaftStorageDirectory (RaftStorageDirectoryImpl.java:tryLock(230)) - Lock on /home/runner/work/ozone/ozone/hadoop-ozone/integration-test/target/test-dir/MiniOzoneClusterImpl-a6c63143-532c-40e3-90f6-32ed462df7e7/datanode-1/data/ratis/35a01174-9d29-4291-a766-d53d63fc8f22/in_use.lock acquired by nodename 17605@fv-az194-567
2022-06-21 13:56:10,990 [pool-794-thread-1] INFO  storage.RaftStorage (RaftStorageImpl.java:format(89)) - Storage directory /home/runner/work/ozone/ozone/hadoop-ozone/integration-test/target/test-dir/MiniOzoneClusterImpl-a6c63143-532c-40e3-90f6-32ed462df7e7/datanode-1/data/ratis/35a01174-9d29-4291-a766-d53d63fc8f22 has been successfully formatted.
2022-06-21 13:56:11,038 [pool-794-thread-1] INFO  ratis.ContainerStateMachine (ContainerStateMachine.java:loadSnapshot(236)) - group-D53D63FC8F22: The snapshot info is null. Setting the last applied indexto:(t:0, i:~)
2022-06-21 13:56:11,039 [pool-794-thread-1] INFO  server.RaftServerConfigKeys (ConfUtils.java:logGet(46)) - raft.server.notification.no-leader.timeout = 300s (custom)
2022-06-21 13:56:11,039 [pool-794-thread-1] INFO  server.RaftServerConfigKeys (ConfUtils.java:logGet(46)) - raft.server.log.use.memory = false (default)
2022-06-21 13:56:11,039 [pool-794-thread-1] INFO  server.RaftServerConfigKeys (ConfUtils.java:logGet(46)) - raft.server.log.purge.gap = 1000000 (custom)
2022-06-21 13:56:11,039 [pool-794-thread-1] INFO  server.RaftServerConfigKeys (ConfUtils.java:logGet(46)) - raft.server.log.appender.buffer.byte-limit = 33554432 (custom)
2022-06-21 13:56:11,039 [pool-794-thread-1] INFO  server.RaftServerConfigKeys (ConfUtils.java:logGet(46)) - raft.server.log.statemachine.data.read.timeout = 1000ms (default)
2022-06-21 13:56:11,039 [pool-794-thread-1] INFO  server.RaftServerConfigKeys (ConfUtils.java:logGet(46)) - raft.server.log.segment.size.max = 1048576 (custom)
2022-06-21 13:56:11,039 [pool-794-thread-1] INFO  server.RaftServerConfigKeys (ConfUtils.java:logGet(46)) - raft.server.log.segment.cache.num.max = 2 (custom)
2022-06-21 13:56:11,040 [pool-794-thread-1] INFO  server.RaftServerConfigKeys (ConfUtils.java:logGet(46)) - raft.server.log.segment.cache.size.max = 200MB (=209715200) (default)
2022-06-21 13:56:11,040 [pool-794-thread-1] INFO  segmented.SegmentedRaftLogWorker (SegmentedRaftLogWorker.java:<init>(187)) - new 0c36eeb7-8db8-48cb-9437-34913146bd8b@group-D53D63FC8F22-SegmentedRaftLogWorker for RaftStorageImpl:Storage Directory /home/runner/work/ozone/ozone/hadoop-ozone/integration-test/target/test-dir/MiniOzoneClusterImpl-a6c63143-532c-40e3-90f6-32ed462df7e7/datanode-1/data/ratis/35a01174-9d29-4291-a766-d53d63fc8f22
2022-06-21 13:56:11,040 [pool-794-thread-1] INFO  server.RaftServerConfigKeys (ConfUtils.java:logGet(46)) - raft.server.log.queue.byte-limit = 4294967296 (custom)
2022-06-21 13:56:11,040 [pool-794-thread-1] INFO  server.RaftServerConfigKeys (ConfUtils.java:logGet(46)) - raft.server.log.queue.element-limit = 1024 (custom)
2022-06-21 13:56:11,040 [pool-794-thread-1] INFO  server.RaftServerConfigKeys (ConfUtils.java:logGet(46)) - raft.server.log.segment.size.max = 1048576 (custom)
2022-06-21 13:56:11,040 [pool-794-thread-1] INFO  server.RaftServerConfigKeys (ConfUtils.java:logGet(46)) - raft.server.log.preallocated.size = 16384 (custom)
2022-06-21 13:56:11,040 [pool-794-thread-1] INFO  server.RaftServerConfigKeys (ConfUtils.java:logGet(46)) - raft.server.log.force.sync.num = 128 (default)
2022-06-21 13:56:11,040 [pool-794-thread-1] INFO  server.RaftServerConfigKeys (ConfUtils.java:logGet(46)) - raft.server.log.statemachine.data.sync = true (default)
2022-06-21 13:56:11,040 [pool-794-thread-1] INFO  server.RaftServerConfigKeys (ConfUtils.java:logGet(46)) - raft.server.log.statemachine.data.sync.timeout = 10s (default)
2022-06-21 13:56:11,040 [pool-794-thread-1] INFO  server.RaftServerConfigKeys (ConfUtils.java:logGet(46)) - raft.server.log.statemachine.data.sync.timeout.retry = -1 (default)
2022-06-21 13:56:11,077 [pool-794-thread-1] INFO  server.RaftServerConfigKeys (ConfUtils.java:logGet(46)) - raft.server.log.write.buffer.size = 1048576 (custom)
2022-06-21 13:56:11,078 [pool-794-thread-1] INFO  server.RaftServerConfigKeys (ConfUtils.java:logGet(46)) - raft.server.log.unsafe-flush.enabled = false (default)
2022-06-21 13:56:11,078 [pool-794-thread-1] INFO  server.RaftServerConfigKeys (ConfUtils.java:logGet(46)) - raft.server.log.statemachine.data.caching.enabled = true (custom)
2022-06-21 13:56:11,078 [pool-794-thread-1] INFO  segmented.SegmentedRaftLogWorker (SegmentedRaftLogWorker.java:lambda$new$0(135)) - 0c36eeb7-8db8-48cb-9437-34913146bd8b@group-D53D63FC8F22-SegmentedRaftLogWorker: flushIndex: setUnconditionally 0 -> -1
2022-06-21 13:56:11,078 [pool-794-thread-1] INFO  segmented.SegmentedRaftLogWorker (SegmentedRaftLogWorker.java:lambda$new$0(135)) - 0c36eeb7-8db8-48cb-9437-34913146bd8b@group-D53D63FC8F22-SegmentedRaftLogWorker: safeCacheEvictIndex: setUnconditionally 0 -> -1
2022-06-21 13:56:11,086 [pool-794-thread-1] INFO  server.RaftServerConfigKeys (ConfUtils.java:logGet(46)) - raft.server.snapshot.auto.trigger.enabled = true (custom)
2022-06-21 13:56:11,087 [pool-794-thread-1] INFO  server.RaftServerConfigKeys (ConfUtils.java:logGet(46)) - raft.server.snapshot.auto.trigger.threshold = 10000 (custom)
2022-06-21 13:56:11,087 [pool-794-thread-1] INFO  server.RaftServerConfigKeys (ConfUtils.java:logGet(46)) - raft.server.snapshot.retention.file.num = 5 (custom)
2022-06-21 13:56:11,087 [pool-794-thread-1] INFO  server.RaftServerConfigKeys (ConfUtils.java:logGet(46)) - raft.server.log.purge.upto.snapshot.index = false (default)
2022-06-21 13:56:11,087 [pool-794-thread-1] INFO  server.RaftServerConfigKeys (ConfUtils.java:logGet(46)) - raft.server.retrycache.expirytime = 600000ms (custom)
2022-06-21 13:56:11,087 [pool-794-thread-1] INFO  server.RaftServerConfigKeys (ConfUtils.java:logGet(46)) - raft.server.retrycache.statistics.expirytime = 100μs (default)
2022-06-21 13:56:11,088 [pool-794-thread-1] INFO  server.RaftServerConfigKeys (ConfUtils.java:logGet(46)) - raft.server.log.appender.install.snapshot.enabled = false (custom)
2022-06-21 13:56:11,088 [pool-794-thread-1] INFO  server.RaftServerConfigKeys (ConfUtils.java:logGet(46)) - raft.server.threadpool.server.cached = true (default)
2022-06-21 13:56:11,088 [pool-794-thread-1] INFO  server.RaftServerConfigKeys (ConfUtils.java:logGet(46)) - raft.server.threadpool.server.size = 0 (default)
2022-06-21 13:56:11,088 [pool-794-thread-1] INFO  server.RaftServerConfigKeys (ConfUtils.java:logGet(46)) - raft.server.threadpool.client.cached = true (default)
2022-06-21 13:56:11,088 [pool-794-thread-1] INFO  server.RaftServerConfigKeys (ConfUtils.java:logGet(46)) - raft.server.threadpool.client.size = 0 (default)
2022-06-21 13:56:11,088 [pool-794-thread-1] INFO  server.RaftServer$Division (RaftServerImpl.java:start(310)) - 0c36eeb7-8db8-48cb-9437-34913146bd8b@group-D53D63FC8F22: start as a follower, conf=-1: [0c36eeb7-8db8-48cb-9437-34913146bd8b|rpc:10.1.0.15:38615|priority:1], old=null
2022-06-21 13:56:11,088 [pool-794-thread-1] INFO  server.RaftServer$Division (RaftServerImpl.java:setRole(299)) - 0c36eeb7-8db8-48cb-9437-34913146bd8b@group-D53D63FC8F22: changes role from      null to FOLLOWER at term 0 for startAsFollower
2022-06-21 13:56:11,089 [pool-794-thread-1] INFO  impl.RoleInfo (RoleInfo.java:updateAndGet(139)) - 0c36eeb7-8db8-48cb-9437-34913146bd8b: start 0c36eeb7-8db8-48cb-9437-34913146bd8b@group-D53D63FC8F22-FollowerState
2022-06-21 13:56:11,099 [pool-794-thread-1] INFO  util.JmxRegister (JmxRegister.java:tryRegister(44)) - Successfully registered JMX Bean with object name Ratis:service=RaftServer,group=group-D53D63FC8F22,id=0c36eeb7-8db8-48cb-9437-34913146bd8b
2022-06-21 13:56:11,106 [EventQueue-PipelineReportForPipelineReportHandler] INFO  pipeline.PipelineManagerImpl (PipelineManagerImpl.java:openPipeline(356)) - Pipeline Pipeline[ Id: 35a01174-9d29-4291-a766-d53d63fc8f22, Nodes: 0c36eeb7-8db8-48cb-9437-34913146bd8b{ip: 10.1.0.15, host: fv-az194-567.vahfjs35atkulmpwh5ujf4txfe.jx.internal.cloudapp.net, ports: [REPLICATION=43987, RATIS=38615, RATIS_ADMIN=38615, RATIS_SERVER=38615, STANDALONE=44209], networkLocation: /default-rack, certSerialId: null, persistedOpState: IN_SERVICE, persistedOpStateExpiryEpochSec: 0}, ReplicationConfig: RATIS/ONE, State:ALLOCATED, leaderId:0c36eeb7-8db8-48cb-9437-34913146bd8b, CreationTimestamp2022-06-21T13:56:08.047Z[Etc/UTC]] moved to OPEN state
2022-06-21 13:56:11,106 [EventQueue-OpenPipelineForHealthyPipelineSafeModeRule] INFO  safemode.SCMSafeModeManager (HealthyPipelineSafeModeRule.java:process(124)) - SCM in safe mode. Healthy pipelines reported count is 0, required healthy pipeline reported count is 1
2022-06-21 13:56:11,107 [Command processor thread] INFO  ratis.XceiverServerRatis (XceiverServerRatis.java:addGroup(765)) - Created group PipelineID=35a01174-9d29-4291-a766-d53d63fc8f22
2022-06-21 13:56:11,107 [Command processor thread] INFO  commandhandler.CreatePipelineCommandHandler (CreatePipelineCommandHandler.java:handle(113)) - Created Pipeline RATIS ONE PipelineID=35a01174-9d29-4291-a766-d53d63fc8f22.
2022-06-21 13:56:11,135 [Command processor thread] INFO  commandhandler.CreatePipelineCommandHandler (CreatePipelineCommandHandler.java:handle(113)) - Created Pipeline RATIS THREE PipelineID=962f574f-fe27-410f-9c07-52bf6dee87ee.
2022-06-21 13:56:11,154 [Command processor thread] INFO  commandhandler.CreatePipelineCommandHandler (CreatePipelineCommandHandler.java:handle(113)) - Created Pipeline RATIS THREE PipelineID=962f574f-fe27-410f-9c07-52bf6dee87ee.
2022-06-21 13:56:11,188 [Listener at 127.0.0.1/33745] INFO  ozone.MiniOzoneClusterImpl (MiniOzoneClusterImpl.java:lambda$waitForClusterToBeReady$0(222)) - Waiting for nodes to be ready. Got 4 of 5 DN Heartbeats.
2022-06-21 13:56:11,188 [Listener at 127.0.0.1/33745] INFO  ozone.MiniOzoneClusterImpl (MiniOzoneClusterImpl.java:lambda$waitForClusterToBeReady$0(225)) - Waiting for cluster to exit safe mode
2022-06-21 13:56:11,188 [Listener at 127.0.0.1/33745] INFO  ozone.MiniOzoneClusterImpl (MiniOzoneClusterImpl.java:lambda$waitForClusterToBeReady$0(227)) - SCM became leader
2022-06-21 13:56:12,189 [Listener at 127.0.0.1/33745] INFO  ozone.MiniOzoneClusterImpl (MiniOzoneClusterImpl.java:lambda$waitForClusterToBeReady$0(222)) - Waiting for nodes to be ready. Got 4 of 5 DN Heartbeats.
2022-06-21 13:56:12,189 [Listener at 127.0.0.1/33745] INFO  ozone.MiniOzoneClusterImpl (MiniOzoneClusterImpl.java:lambda$waitForClusterToBeReady$0(225)) - Waiting for cluster to exit safe mode
2022-06-21 13:56:12,189 [Listener at 127.0.0.1/33745] INFO  ozone.MiniOzoneClusterImpl (MiniOzoneClusterImpl.java:lambda$waitForClusterToBeReady$0(227)) - SCM became leader
2022-06-21 13:56:12,261 [IPC Server handler 16 on default port 33833] INFO  net.NetworkTopologyImpl (NetworkTopologyImpl.java:add(112)) - Added a new node: /default-rack/685a43de-7e91-4998-9405-9025234a1f5a
2022-06-21 13:56:12,261 [IPC Server handler 16 on default port 33833] INFO  node.SCMNodeManager (SCMNodeManager.java:register(394)) - Registered Data node : 685a43de-7e91-4998-9405-9025234a1f5a{ip: 10.1.0.15, host: fv-az194-567.vahfjs35atkulmpwh5ujf4txfe.jx.internal.cloudapp.net, ports: [REPLICATION=44151, RATIS=34695, RATIS_ADMIN=34695, RATIS_SERVER=34695, STANDALONE=41919], networkLocation: /default-rack, certSerialId: null, persistedOpState: null, persistedOpStateExpiryEpochSec: 0}
2022-06-21 13:56:12,261 [EventQueue-NewNodeForNewNodeHandler] INFO  pipeline.BackgroundPipelineCreator (BackgroundPipelineCreator.java:notifyEventTriggered(272)) - trigger a one-shot run on RatisPipelineUtilsThread.
2022-06-21 13:56:12,262 [RatisPipelineUtilsThread - 0] INFO  pipeline.RatisPipelineProvider (RatisPipelineProvider.java:lambda$create$0(195)) - Sending CreatePipelineCommand for pipeline:PipelineID=aeeed607-896a-4431-bd92-7baea5ffa74c to datanode:685a43de-7e91-4998-9405-9025234a1f5a
2022-06-21 13:56:12,262 [RatisPipelineUtilsThread - 0] INFO  pipeline.PipelineStateManagerImpl (PipelineStateManagerImpl.java:addPipeline(101)) - Created pipeline Pipeline[ Id: aeeed607-896a-4431-bd92-7baea5ffa74c, Nodes: 685a43de-7e91-4998-9405-9025234a1f5a{ip: 10.1.0.15, host: fv-az194-567.vahfjs35atkulmpwh5ujf4txfe.jx.internal.cloudapp.net, ports: [REPLICATION=44151, RATIS=34695, RATIS_ADMIN=34695, RATIS_SERVER=34695, STANDALONE=41919], networkLocation: /default-rack, certSerialId: null, persistedOpState: IN_SERVICE, persistedOpStateExpiryEpochSec: 0}, ReplicationConfig: RATIS/ONE, State:ALLOCATED, leaderId:, CreationTimestamp2022-06-21T13:56:12.262Z[Etc/UTC]].
2022-06-21 13:56:13,189 [Listener at 127.0.0.1/33745] INFO  ozone.MiniOzoneClusterImpl (MiniOzoneClusterImpl.java:lambda$waitForClusterToBeReady$0(222)) - Nodes are ready. Got 5 of 5 DN Heartbeats.
2022-06-21 13:56:13,190 [Listener at 127.0.0.1/33745] INFO  ozone.MiniOzoneClusterImpl (MiniOzoneClusterImpl.java:lambda$waitForClusterToBeReady$0(225)) - Waiting for cluster to exit safe mode
2022-06-21 13:56:13,190 [Listener at 127.0.0.1/33745] INFO  ozone.MiniOzoneClusterImpl (MiniOzoneClusterImpl.java:lambda$waitForClusterToBeReady$0(227)) - SCM became leader
2022-06-21 13:56:13,721 [Command processor thread] INFO  server.RaftServer (RaftServerProxy.java:addNew(96)) - 46e1d9a7-823e-4b9e-8490-f50260fc9351: addNew group-88108D56C7EB:[46e1d9a7-823e-4b9e-8490-f50260fc9351|rpc:10.1.0.15:39213|priority:1] returns group-88108D56C7EB:java.util.concurrent.CompletableFuture@652fc038[Not completed]
2022-06-21 13:56:13,775 [pool-845-thread-1] INFO  server.RaftServer$Division (RaftServerImpl.java:<init>(190)) - 46e1d9a7-823e-4b9e-8490-f50260fc9351: new RaftServerImpl for group-88108D56C7EB:[46e1d9a7-823e-4b9e-8490-f50260fc9351|rpc:10.1.0.15:39213|priority:1] with ContainerStateMachine:uninitialized
2022-06-21 13:56:13,775 [pool-845-thread-1] INFO  server.RaftServerConfigKeys (ConfUtils.java:logGet(46)) - raft.server.rpc.timeout.min = 5s (custom)
2022-06-21 13:56:13,775 [pool-845-thread-1] INFO  server.RaftServerConfigKeys (ConfUtils.java:logGet(46)) - raft.server.rpc.timeout.max = 5200ms (custom)
2022-06-21 13:56:13,775 [pool-845-thread-1] INFO  server.RaftServerConfigKeys (ConfUtils.java:logGet(46)) - raft.server.rpc.sleep.time = 25ms (default)
2022-06-21 13:56:13,776 [pool-845-thread-1] INFO  server.RaftServerConfigKeys (ConfUtils.java:logGet(46)) - raft.server.rpc.slowness.timeout = 300s (custom)
2022-06-21 13:56:13,776 [pool-845-thread-1] INFO  server.RaftServerConfigKeys (ConfUtils.java:logGet(46)) - raft.server.leaderelection.leader.step-down.wait-time = 10s (default)
2022-06-21 13:56:13,776 [pool-845-thread-1] INFO  server.RaftServerConfigKeys (ConfUtils.java:logGet(46)) - raft.server.sleep.deviation.threshold = 300ms (default)
2022-06-21 13:56:13,776 [pool-845-thread-1] INFO  server.RaftServer$Division (ServerState.java:<init>(107)) - 46e1d9a7-823e-4b9e-8490-f50260fc9351@group-88108D56C7EB: ConfigurationManager, init=-1: [46e1d9a7-823e-4b9e-8490-f50260fc9351|rpc:10.1.0.15:39213|priority:1], old=null, confs=<EMPTY_MAP>
2022-06-21 13:56:13,776 [pool-845-thread-1] INFO  server.RaftServerConfigKeys (ConfUtils.java:logGet(46)) - raft.server.storage.dir = [/home/runner/work/ozone/ozone/hadoop-ozone/integration-test/target/test-dir/MiniOzoneClusterImpl-a6c63143-532c-40e3-90f6-32ed462df7e7/datanode-3/data/ratis] (custom)
2022-06-21 13:56:13,776 [pool-845-thread-1] INFO  server.RaftServerConfigKeys (ConfUtils.java:logGet(46)) - raft.server.log.corruption.policy = EXCEPTION (default)
2022-06-21 13:56:13,776 [pool-845-thread-1] INFO  server.RaftServerConfigKeys (ConfUtils.java:logGet(46)) - raft.server.storage.free-space.min = 0MB (=0) (default)
2022-06-21 13:56:13,776 [pool-845-thread-1] INFO  storage.RaftStorageDirectory (RaftStorageDirectoryImpl.java:analyzeStorage(135)) - The storage directory /home/runner/work/ozone/ozone/hadoop-ozone/integration-test/target/test-dir/MiniOzoneClusterImpl-a6c63143-532c-40e3-90f6-32ed462df7e7/datanode-3/data/ratis/bde92dea-1b76-4414-b132-88108d56c7eb does not exist. Creating ...
2022-06-21 13:56:13,778 [pool-845-thread-1] INFO  storage.RaftStorageDirectory (RaftStorageDirectoryImpl.java:tryLock(230)) - Lock on /home/runner/work/ozone/ozone/hadoop-ozone/integration-test/target/test-dir/MiniOzoneClusterImpl-a6c63143-532c-40e3-90f6-32ed462df7e7/datanode-3/data/ratis/bde92dea-1b76-4414-b132-88108d56c7eb/in_use.lock acquired by nodename 17605@fv-az194-567
2022-06-21 13:56:13,779 [pool-845-thread-1] INFO  storage.RaftStorage (RaftStorageImpl.java:format(89)) - Storage directory /home/runner/work/ozone/ozone/hadoop-ozone/integration-test/target/test-dir/MiniOzoneClusterImpl-a6c63143-532c-40e3-90f6-32ed462df7e7/datanode-3/data/ratis/bde92dea-1b76-4414-b132-88108d56c7eb has been successfully formatted.
2022-06-21 13:56:13,781 [pool-845-thread-1] INFO  ratis.ContainerStateMachine (ContainerStateMachine.java:loadSnapshot(236)) - group-88108D56C7EB: The snapshot info is null. Setting the last applied indexto:(t:0, i:~)
2022-06-21 13:56:13,781 [pool-845-thread-1] INFO  server.RaftServerConfigKeys (ConfUtils.java:logGet(46)) - raft.server.notification.no-leader.timeout = 300s (custom)
2022-06-21 13:56:13,781 [pool-845-thread-1] INFO  server.RaftServerConfigKeys (ConfUtils.java:logGet(46)) - raft.server.log.use.memory = false (default)
2022-06-21 13:56:13,781 [pool-845-thread-1] INFO  server.RaftServerConfigKeys (ConfUtils.java:logGet(46)) - raft.server.log.purge.gap = 1000000 (custom)
2022-06-21 13:56:13,781 [pool-845-thread-1] INFO  server.RaftServerConfigKeys (ConfUtils.java:logGet(46)) - raft.server.log.appender.buffer.byte-limit = 33554432 (custom)
2022-06-21 13:56:13,782 [EventQueue-PipelineReportForPipelineReportHandler] INFO  pipeline.PipelineManagerImpl (PipelineManagerImpl.java:openPipeline(356)) - Pipeline Pipeline[ Id: bde92dea-1b76-4414-b132-88108d56c7eb, Nodes: 46e1d9a7-823e-4b9e-8490-f50260fc9351{ip: 10.1.0.15, host: fv-az194-567.vahfjs35atkulmpwh5ujf4txfe.jx.internal.cloudapp.net, ports: [REPLICATION=42401, RATIS=39213, RATIS_ADMIN=39213, RATIS_SERVER=39213, STANDALONE=38865], networkLocation: /default-rack, certSerialId: null, persistedOpState: IN_SERVICE, persistedOpStateExpiryEpochSec: 0}, ReplicationConfig: RATIS/ONE, State:ALLOCATED, leaderId:46e1d9a7-823e-4b9e-8490-f50260fc9351, CreationTimestamp2022-06-21T13:56:10.769Z[Etc/UTC]] moved to OPEN state
2022-06-21 13:56:13,782 [EventQueue-OpenPipelineForHealthyPipelineSafeModeRule] INFO  safemode.SCMSafeModeManager (HealthyPipelineSafeModeRule.java:process(124)) - SCM in safe mode. Healthy pipelines reported count is 0, required healthy pipeline reported count is 1
2022-06-21 13:56:13,783 [pool-845-thread-1] INFO  server.RaftServerConfigKeys (ConfUtils.java:logGet(46)) - raft.server.log.statemachine.data.read.timeout = 1000ms (default)
2022-06-21 13:56:13,783 [pool-845-thread-1] INFO  server.RaftServerConfigKeys (ConfUtils.java:logGet(46)) - raft.server.log.segment.size.max = 1048576 (custom)
2022-06-21 13:56:13,783 [pool-845-thread-1] INFO  server.RaftServerConfigKeys (ConfUtils.java:logGet(46)) - raft.server.log.segment.cache.num.max = 2 (custom)
2022-06-21 13:56:13,783 [pool-845-thread-1] INFO  server.RaftServerConfigKeys (ConfUtils.java:logGet(46)) - raft.server.log.segment.cache.size.max = 200MB (=209715200) (default)
2022-06-21 13:56:13,783 [pool-845-thread-1] INFO  segmented.SegmentedRaftLogWorker (SegmentedRaftLogWorker.java:<init>(187)) - new 46e1d9a7-823e-4b9e-8490-f50260fc9351@group-88108D56C7EB-SegmentedRaftLogWorker for RaftStorageImpl:Storage Directory /home/runner/work/ozone/ozone/hadoop-ozone/integration-test/target/test-dir/MiniOzoneClusterImpl-a6c63143-532c-40e3-90f6-32ed462df7e7/datanode-3/data/ratis/bde92dea-1b76-4414-b132-88108d56c7eb
2022-06-21 13:56:13,783 [pool-845-thread-1] INFO  server.RaftServerConfigKeys (ConfUtils.java:logGet(46)) - raft.server.log.queue.byte-limit = 4294967296 (custom)
2022-06-21 13:56:13,783 [pool-845-thread-1] INFO  server.RaftServerConfigKeys (ConfUtils.java:logGet(46)) - raft.server.log.queue.element-limit = 1024 (custom)
2022-06-21 13:56:13,783 [pool-845-thread-1] INFO  server.RaftServerConfigKeys (ConfUtils.java:logGet(46)) - raft.server.log.segment.size.max = 1048576 (custom)
2022-06-21 13:56:13,783 [pool-845-thread-1] INFO  server.RaftServerConfigKeys (ConfUtils.java:logGet(46)) - raft.server.log.preallocated.size = 16384 (custom)
2022-06-21 13:56:13,783 [pool-845-thread-1] INFO  server.RaftServerConfigKeys (ConfUtils.java:logGet(46)) - raft.server.log.force.sync.num = 128 (default)
2022-06-21 13:56:13,784 [pool-845-thread-1] INFO  server.RaftServerConfigKeys (ConfUtils.java:logGet(46)) - raft.server.log.statemachine.data.sync = true (default)
2022-06-21 13:56:13,784 [pool-845-thread-1] INFO  server.RaftServerConfigKeys (ConfUtils.java:logGet(46)) - raft.server.log.statemachine.data.sync.timeout = 10s (default)
2022-06-21 13:56:13,784 [pool-845-thread-1] INFO  server.RaftServerConfigKeys (ConfUtils.java:logGet(46)) - raft.server.log.statemachine.data.sync.timeout.retry = -1 (default)
2022-06-21 13:56:13,785 [pool-845-thread-1] INFO  server.RaftServerConfigKeys (ConfUtils.java:logGet(46)) - raft.server.log.write.buffer.size = 1048576 (custom)
2022-06-21 13:56:13,785 [pool-845-thread-1] INFO  server.RaftServerConfigKeys (ConfUtils.java:logGet(46)) - raft.server.log.unsafe-flush.enabled = false (default)
2022-06-21 13:56:13,785 [pool-845-thread-1] INFO  server.RaftServerConfigKeys (ConfUtils.java:logGet(46)) - raft.server.log.statemachine.data.caching.enabled = true (custom)
2022-06-21 13:56:13,785 [pool-845-thread-1] INFO  segmented.SegmentedRaftLogWorker (SegmentedRaftLogWorker.java:lambda$new$0(135)) - 46e1d9a7-823e-4b9e-8490-f50260fc9351@group-88108D56C7EB-SegmentedRaftLogWorker: flushIndex: setUnconditionally 0 -> -1
2022-06-21 13:56:13,785 [pool-845-thread-1] INFO  segmented.SegmentedRaftLogWorker (SegmentedRaftLogWorker.java:lambda$new$0(135)) - 46e1d9a7-823e-4b9e-8490-f50260fc9351@group-88108D56C7EB-SegmentedRaftLogWorker: safeCacheEvictIndex: setUnconditionally 0 -> -1
2022-06-21 13:56:13,785 [pool-845-thread-1] INFO  server.RaftServerConfigKeys (ConfUtils.java:logGet(46)) - raft.server.snapshot.auto.trigger.enabled = true (custom)
2022-06-21 13:56:13,794 [pool-845-thread-1] INFO  server.RaftServerConfigKeys (ConfUtils.java:logGet(46)) - raft.server.snapshot.auto.trigger.threshold = 10000 (custom)
2022-06-21 13:56:13,794 [pool-845-thread-1] INFO  server.RaftServerConfigKeys (ConfUtils.java:logGet(46)) - raft.server.snapshot.retention.file.num = 5 (custom)
2022-06-21 13:56:13,795 [pool-845-thread-1] INFO  server.RaftServerConfigKeys (ConfUtils.java:logGet(46)) - raft.server.log.purge.upto.snapshot.index = false (default)
2022-06-21 13:56:13,795 [pool-845-thread-1] INFO  server.RaftServerConfigKeys (ConfUtils.java:logGet(46)) - raft.server.retrycache.expirytime = 600000ms (custom)
2022-06-21 13:56:13,795 [pool-845-thread-1] INFO  server.RaftServerConfigKeys (ConfUtils.java:logGet(46)) - raft.server.retrycache.statistics.expirytime = 100μs (default)
2022-06-21 13:56:13,796 [pool-845-thread-1] INFO  server.RaftServerConfigKeys (ConfUtils.java:logGet(46)) - raft.server.log.appender.install.snapshot.enabled = false (custom)
2022-06-21 13:56:13,796 [pool-845-thread-1] INFO  server.RaftServerConfigKeys (ConfUtils.java:logGet(46)) - raft.server.threadpool.server.cached = true (default)
2022-06-21 13:56:13,796 [pool-845-thread-1] INFO  server.RaftServerConfigKeys (ConfUtils.java:logGet(46)) - raft.server.threadpool.server.size = 0 (default)
2022-06-21 13:56:13,796 [pool-845-thread-1] INFO  server.RaftServerConfigKeys (ConfUtils.java:logGet(46)) - raft.server.threadpool.client.cached = true (default)
2022-06-21 13:56:13,796 [pool-845-thread-1] INFO  server.RaftServerConfigKeys (ConfUtils.java:logGet(46)) - raft.server.threadpool.client.size = 0 (default)
2022-06-21 13:56:13,796 [pool-845-thread-1] INFO  server.RaftServer$Division (RaftServerImpl.java:start(310)) - 46e1d9a7-823e-4b9e-8490-f50260fc9351@group-88108D56C7EB: start as a follower, conf=-1: [46e1d9a7-823e-4b9e-8490-f50260fc9351|rpc:10.1.0.15:39213|priority:1], old=null
2022-06-21 13:56:13,796 [pool-845-thread-1] INFO  server.RaftServer$Division (RaftServerImpl.java:setRole(299)) - 46e1d9a7-823e-4b9e-8490-f50260fc9351@group-88108D56C7EB: changes role from      null to FOLLOWER at term 0 for startAsFollower
2022-06-21 13:56:13,796 [pool-845-thread-1] INFO  impl.RoleInfo (RoleInfo.java:updateAndGet(139)) - 46e1d9a7-823e-4b9e-8490-f50260fc9351: start 46e1d9a7-823e-4b9e-8490-f50260fc9351@group-88108D56C7EB-FollowerState
2022-06-21 13:56:13,815 [pool-845-thread-1] INFO  util.JmxRegister (JmxRegister.java:tryRegister(44)) - Successfully registered JMX Bean with object name Ratis:service=RaftServer,group=group-88108D56C7EB,id=46e1d9a7-823e-4b9e-8490-f50260fc9351
2022-06-21 13:56:13,831 [Command processor thread] INFO  ratis.XceiverServerRatis (XceiverServerRatis.java:addGroup(765)) - Created group PipelineID=bde92dea-1b76-4414-b132-88108d56c7eb
2022-06-21 13:56:13,831 [Command processor thread] INFO  commandhandler.CreatePipelineCommandHandler (CreatePipelineCommandHandler.java:handle(113)) - Created Pipeline RATIS ONE PipelineID=bde92dea-1b76-4414-b132-88108d56c7eb.
2022-06-21 13:56:14,190 [Listener at 127.0.0.1/33745] INFO  ozone.MiniOzoneClusterImpl (MiniOzoneClusterImpl.java:lambda$waitForClusterToBeReady$0(222)) - Nodes are ready. Got 5 of 5 DN Heartbeats.
2022-06-21 13:56:14,190 [Listener at 127.0.0.1/33745] INFO  ozone.MiniOzoneClusterImpl (MiniOzoneClusterImpl.java:lambda$waitForClusterToBeReady$0(225)) - Waiting for cluster to exit safe mode
2022-06-21 13:56:14,190 [Listener at 127.0.0.1/33745] INFO  ozone.MiniOzoneClusterImpl (MiniOzoneClusterImpl.java:lambda$waitForClusterToBeReady$0(227)) - SCM became leader
2022-06-21 13:56:14,973 [661906f5-178f-45a1-86e2-0540bf739913@group-5A6F39132922-FollowerState] INFO  impl.FollowerState (FollowerState.java:run(143)) - 661906f5-178f-45a1-86e2-0540bf739913@group-5A6F39132922-FollowerState: change to CANDIDATE, lastRpcElapsedTime:5056168444ns, electionTimeout:5038ms
2022-06-21 13:56:14,973 [661906f5-178f-45a1-86e2-0540bf739913@group-5A6F39132922-FollowerState] INFO  impl.RoleInfo (RoleInfo.java:shutdownFollowerState(110)) - 661906f5-178f-45a1-86e2-0540bf739913: shutdown 661906f5-178f-45a1-86e2-0540bf739913@group-5A6F39132922-FollowerState
2022-06-21 13:56:14,973 [661906f5-178f-45a1-86e2-0540bf739913@group-5A6F39132922-FollowerState] INFO  server.RaftServer$Division (RaftServerImpl.java:setRole(299)) - 661906f5-178f-45a1-86e2-0540bf739913@group-5A6F39132922: changes role from  FOLLOWER to CANDIDATE at term 0 for changeToCandidate
2022-06-21 13:56:14,973 [661906f5-178f-45a1-86e2-0540bf739913@group-5A6F39132922-FollowerState] INFO  server.RaftServerConfigKeys (ConfUtils.java:logGet(46)) - raft.server.leaderelection.pre-vote = false (custom)
2022-06-21 13:56:14,973 [661906f5-178f-45a1-86e2-0540bf739913@group-5A6F39132922-FollowerState] INFO  impl.RoleInfo (RoleInfo.java:updateAndGet(139)) - 661906f5-178f-45a1-86e2-0540bf739913: start 661906f5-178f-45a1-86e2-0540bf739913@group-5A6F39132922-LeaderElection42
2022-06-21 13:56:15,017 [661906f5-178f-45a1-86e2-0540bf739913@group-A237BE568B99-FollowerState] INFO  impl.FollowerState (FollowerState.java:run(143)) - 661906f5-178f-45a1-86e2-0540bf739913@group-A237BE568B99-FollowerState: change to CANDIDATE, lastRpcElapsedTime:5180836065ns, electionTimeout:5166ms
2022-06-21 13:56:15,017 [661906f5-178f-45a1-86e2-0540bf739913@group-A237BE568B99-FollowerState] INFO  impl.RoleInfo (RoleInfo.java:shutdownFollowerState(110)) - 661906f5-178f-45a1-86e2-0540bf739913: shutdown 661906f5-178f-45a1-86e2-0540bf739913@group-A237BE568B99-FollowerState
2022-06-21 13:56:15,017 [661906f5-178f-45a1-86e2-0540bf739913@group-A237BE568B99-FollowerState] INFO  server.RaftServer$Division (RaftServerImpl.java:setRole(299)) - 661906f5-178f-45a1-86e2-0540bf739913@group-A237BE568B99: changes role from  FOLLOWER to CANDIDATE at term 0 for changeToCandidate
2022-06-21 13:56:15,018 [661906f5-178f-45a1-86e2-0540bf739913@group-A237BE568B99-FollowerState] INFO  server.RaftServerConfigKeys (ConfUtils.java:logGet(46)) - raft.server.leaderelection.pre-vote = false (custom)
2022-06-21 13:56:15,018 [661906f5-178f-45a1-86e2-0540bf739913@group-A237BE568B99-FollowerState] INFO  impl.RoleInfo (RoleInfo.java:updateAndGet(139)) - 661906f5-178f-45a1-86e2-0540bf739913: start 661906f5-178f-45a1-86e2-0540bf739913@group-A237BE568B99-LeaderElection43
2022-06-21 13:56:15,051 [661906f5-178f-45a1-86e2-0540bf739913@group-5A6F39132922-LeaderElection42] INFO  impl.LeaderElection (LeaderElection.java:askForVotes(310)) - 661906f5-178f-45a1-86e2-0540bf739913@group-5A6F39132922-LeaderElection42 ELECTION round 0: submit vote requests at term 1 for -1: [7ed761f3-2892-425f-b708-b7f52bea56b6|rpc:10.1.0.15:37391|priority:0, 0c36eeb7-8db8-48cb-9437-34913146bd8b|rpc:10.1.0.15:38615|priority:0, 661906f5-178f-45a1-86e2-0540bf739913|rpc:10.1.0.15:44467|priority:1], old=null
2022-06-21 13:56:15,104 [grpc-default-executor-1] INFO  server.RaftServer$Division (RaftServerImpl.java:requestVote(1152)) - 7ed761f3-2892-425f-b708-b7f52bea56b6@group-5A6F39132922: receive requestVote(ELECTION, 661906f5-178f-45a1-86e2-0540bf739913, group-5A6F39132922, 1, (t:0, i:0))
2022-06-21 13:56:15,104 [grpc-default-executor-1] INFO  impl.VoteContext (VoteContext.java:log(48)) - 7ed761f3-2892-425f-b708-b7f52bea56b6@group-5A6F39132922-FOLLOWER: accept ELECTION from 661906f5-178f-45a1-86e2-0540bf739913: our priority 0 <= candidate's priority 1
2022-06-21 13:56:15,104 [grpc-default-executor-1] INFO  server.RaftServer$Division (RaftServerImpl.java:setRole(299)) - 7ed761f3-2892-425f-b708-b7f52bea56b6@group-5A6F39132922: changes role from  FOLLOWER to FOLLOWER at term 1 for candidate:661906f5-178f-45a1-86e2-0540bf739913
2022-06-21 13:56:15,105 [grpc-default-executor-1] INFO  impl.RoleInfo (RoleInfo.java:shutdownFollowerState(110)) - 7ed761f3-2892-425f-b708-b7f52bea56b6: shutdown 7ed761f3-2892-425f-b708-b7f52bea56b6@group-5A6F39132922-FollowerState
2022-06-21 13:56:15,105 [grpc-default-executor-1] INFO  impl.RoleInfo (RoleInfo.java:updateAndGet(139)) - 7ed761f3-2892-425f-b708-b7f52bea56b6: start 7ed761f3-2892-425f-b708-b7f52bea56b6@group-5A6F39132922-FollowerState
2022-06-21 13:56:15,105 [7ed761f3-2892-425f-b708-b7f52bea56b6@group-5A6F39132922-FollowerState] INFO  impl.FollowerState (FollowerState.java:run(152)) - 7ed761f3-2892-425f-b708-b7f52bea56b6@group-5A6F39132922-FollowerState was interrupted
2022-06-21 13:56:15,140 [661906f5-178f-45a1-86e2-0540bf739913@group-A237BE568B99-LeaderElection43] INFO  impl.LeaderElection (LeaderElection.java:askForVotes(310)) - 661906f5-178f-45a1-86e2-0540bf739913@group-A237BE568B99-LeaderElection43 ELECTION round 0: submit vote requests at term 1 for -1: [661906f5-178f-45a1-86e2-0540bf739913|rpc:10.1.0.15:44467|priority:1], old=null
2022-06-21 13:56:15,140 [661906f5-178f-45a1-86e2-0540bf739913@group-A237BE568B99-LeaderElection43] INFO  impl.LeaderElection (LeaderElection.java:askForVotes(312)) - 661906f5-178f-45a1-86e2-0540bf739913@group-A237BE568B99-LeaderElection43 ELECTION round 0: result PASSED (term=1)
2022-06-21 13:56:15,140 [661906f5-178f-45a1-86e2-0540bf739913@group-A237BE568B99-LeaderElection43] INFO  impl.RoleInfo (RoleInfo.java:shutdownLeaderElection(130)) - 661906f5-178f-45a1-86e2-0540bf739913: shutdown 661906f5-178f-45a1-86e2-0540bf739913@group-A237BE568B99-LeaderElection43
2022-06-21 13:56:15,140 [661906f5-178f-45a1-86e2-0540bf739913@group-A237BE568B99-LeaderElection43] INFO  server.RaftServer$Division (RaftServerImpl.java:setRole(299)) - 661906f5-178f-45a1-86e2-0540bf739913@group-A237BE568B99: changes role from CANDIDATE to LEADER at term 1 for changeToLeader
2022-06-21 13:56:15,140 [661906f5-178f-45a1-86e2-0540bf739913@group-A237BE568B99-LeaderElection43] INFO  ratis.XceiverServerRatis (XceiverServerRatis.java:handleLeaderChangedNotification(863)) - Leader change notification received for group: group-A237BE568B99 with new leaderId: 661906f5-178f-45a1-86e2-0540bf739913
2022-06-21 13:56:15,140 [661906f5-178f-45a1-86e2-0540bf739913@group-A237BE568B99-LeaderElection43] INFO  server.RaftServer$Division (ServerState.java:setLeader(287)) - 661906f5-178f-45a1-86e2-0540bf739913@group-A237BE568B99: change Leader from null to 661906f5-178f-45a1-86e2-0540bf739913 at term 1 for becomeLeader, leader elected after 5333ms
2022-06-21 13:56:15,140 [661906f5-178f-45a1-86e2-0540bf739913@group-A237BE568B99-LeaderElection43] INFO  server.RaftServerConfigKeys (ConfUtils.java:logGet(46)) - raft.server.staging.catchup.gap = 1000 (default)
2022-06-21 13:56:15,140 [661906f5-178f-45a1-86e2-0540bf739913@group-A237BE568B99-LeaderElection43] INFO  server.RaftServerConfigKeys (ConfUtils.java:logGet(46)) - raft.server.write.element-limit = 1024 (custom)
2022-06-21 13:56:15,141 [661906f5-178f-45a1-86e2-0540bf739913@group-A237BE568B99-LeaderElection43] INFO  server.RaftServerConfigKeys (ConfUtils.java:logGet(46)) - raft.server.write.byte-limit = 1024 M (=1073741824) (custom)
2022-06-21 13:56:15,141 [661906f5-178f-45a1-86e2-0540bf739913@group-A237BE568B99-LeaderElection43] INFO  server.RaftServerConfigKeys (ConfUtils.java:logGet(46)) - raft.server.watch.timeout = 180s (custom)
2022-06-21 13:56:15,141 [661906f5-178f-45a1-86e2-0540bf739913@group-A237BE568B99-LeaderElection43] INFO  server.RaftServerConfigKeys (ConfUtils.java:logGet(46)) - raft.server.watch.timeout.denomination = 1s (default)
2022-06-21 13:56:15,141 [661906f5-178f-45a1-86e2-0540bf739913@group-A237BE568B99-LeaderElection43] INFO  server.RaftServerConfigKeys (ConfUtils.java:logGet(46)) - raft.server.watch.element-limit = 65536 (default)
2022-06-21 13:56:15,141 [661906f5-178f-45a1-86e2-0540bf739913@group-A237BE568B99-LeaderElection43] INFO  server.RaftServerConfigKeys (ConfUtils.java:logGet(46)) - raft.server.write.element-limit = 1024 (custom)
2022-06-21 13:56:15,141 [661906f5-178f-45a1-86e2-0540bf739913@group-A237BE568B99-LeaderElection43] INFO  server.RaftServerConfigKeys (ConfUtils.java:logGet(46)) - raft.server.write.follower.gap.ratio.max = -1.0 (default)
2022-06-21 13:56:15,141 [661906f5-178f-45a1-86e2-0540bf739913@group-A237BE568B99-LeaderElection43] INFO  impl.RoleInfo (RoleInfo.java:updateAndGet(139)) - 661906f5-178f-45a1-86e2-0540bf739913: start 661906f5-178f-45a1-86e2-0540bf739913@group-A237BE568B99-LeaderStateImpl
2022-06-21 13:56:15,142 [661906f5-178f-45a1-86e2-0540bf739913@group-A237BE568B99-LeaderElection43] INFO  segmented.SegmentedRaftLogWorker (SegmentedRaftLogWorker.java:startLogSegment(425)) - 661906f5-178f-45a1-86e2-0540bf739913@group-A237BE568B99-SegmentedRaftLogWorker: Starting segment from index:0
2022-06-21 13:56:15,143 [661906f5-178f-45a1-86e2-0540bf739913@group-A237BE568B99-SegmentedRaftLogWorker] INFO  segmented.SegmentedRaftLogWorker (SegmentedRaftLogWorker.java:execute(629)) - 661906f5-178f-45a1-86e2-0540bf739913@group-A237BE568B99-SegmentedRaftLogWorker: created new log segment /home/runner/work/ozone/ozone/hadoop-ozone/integration-test/target/test-dir/MiniOzoneClusterImpl-a6c63143-532c-40e3-90f6-32ed462df7e7/datanode-0/data/ratis/019833aa-3aaf-41b6-8450-a237be568b99/current/log_inprogress_0
2022-06-21 13:56:15,147 [EventQueue-OpenPipelineForHealthyPipelineSafeModeRule] INFO  safemode.SCMSafeModeManager (HealthyPipelineSafeModeRule.java:process(124)) - SCM in safe mode. Healthy pipelines reported count is 0, required healthy pipeline reported count is 1
2022-06-21 13:56:15,160 [661906f5-178f-45a1-86e2-0540bf739913@group-A237BE568B99-LeaderElection43] INFO  server.RaftServer$Division (ServerState.java:setRaftConf(393)) - 661906f5-178f-45a1-86e2-0540bf739913@group-A237BE568B99: set configuration 0: [661906f5-178f-45a1-86e2-0540bf739913|rpc:10.1.0.15:44467|dataStream:|priority:1], old=null
2022-06-21 13:56:15,161 [grpc-default-executor-1] INFO  server.RaftServer$Division (RaftServerImpl.java:requestVote(1184)) - 7ed761f3-2892-425f-b708-b7f52bea56b6@group-5A6F39132922 replies to ELECTION vote request: 661906f5-178f-45a1-86e2-0540bf739913<-7ed761f3-2892-425f-b708-b7f52bea56b6#0:OK-t1. Peer's state: 7ed761f3-2892-425f-b708-b7f52bea56b6@group-5A6F39132922:t1, leader=null, voted=661906f5-178f-45a1-86e2-0540bf739913, raftlog=7ed761f3-2892-425f-b708-b7f52bea56b6@group-5A6F39132922-SegmentedRaftLog:OPENED:c-1, conf=-1: [7ed761f3-2892-425f-b708-b7f52bea56b6|rpc:10.1.0.15:37391|dataStream:|priority:0, 0c36eeb7-8db8-48cb-9437-34913146bd8b|rpc:10.1.0.15:38615|dataStream:|priority:0, 661906f5-178f-45a1-86e2-0540bf739913|rpc:10.1.0.15:44467|dataStream:|priority:1], old=null
2022-06-21 13:56:15,166 [661906f5-178f-45a1-86e2-0540bf739913@group-5A6F39132922-LeaderElection42] INFO  impl.LeaderElection (LeaderElection.java:logAndReturn(90)) - 661906f5-178f-45a1-86e2-0540bf739913@group-5A6F39132922-LeaderElection42: ELECTION PASSED received 1 response(s) and 0 exception(s):
2022-06-21 13:56:15,166 [661906f5-178f-45a1-86e2-0540bf739913@group-5A6F39132922-LeaderElection42] INFO  impl.LeaderElection (LeaderElection.java:logAndReturn(94)) -   Response 0: 661906f5-178f-45a1-86e2-0540bf739913<-7ed761f3-2892-425f-b708-b7f52bea56b6#0:OK-t1
2022-06-21 13:56:15,166 [661906f5-178f-45a1-86e2-0540bf739913@group-5A6F39132922-LeaderElection42] INFO  impl.LeaderElection (LeaderElection.java:askForVotes(312)) - 661906f5-178f-45a1-86e2-0540bf739913@group-5A6F39132922-LeaderElection42 ELECTION round 0: result PASSED
2022-06-21 13:56:15,166 [661906f5-178f-45a1-86e2-0540bf739913@group-5A6F39132922-LeaderElection42] INFO  impl.RoleInfo (RoleInfo.java:shutdownLeaderElection(130)) - 661906f5-178f-45a1-86e2-0540bf739913: shutdown 661906f5-178f-45a1-86e2-0540bf739913@group-5A6F39132922-LeaderElection42
2022-06-21 13:56:15,166 [661906f5-178f-45a1-86e2-0540bf739913@group-5A6F39132922-LeaderElection42] INFO  server.RaftServer$Division (RaftServerImpl.java:setRole(299)) - 661906f5-178f-45a1-86e2-0540bf739913@group-5A6F39132922: changes role from CANDIDATE to LEADER at term 1 for changeToLeader
2022-06-21 13:56:15,166 [661906f5-178f-45a1-86e2-0540bf739913@group-5A6F39132922-LeaderElection42] INFO  ratis.XceiverServerRatis (XceiverServerRatis.java:handleLeaderChangedNotification(863)) - Leader change notification received for group: group-5A6F39132922 with new leaderId: 661906f5-178f-45a1-86e2-0540bf739913
2022-06-21 13:56:15,166 [661906f5-178f-45a1-86e2-0540bf739913@group-5A6F39132922-LeaderElection42] INFO  server.RaftServer$Division (ServerState.java:setLeader(287)) - 661906f5-178f-45a1-86e2-0540bf739913@group-5A6F39132922: change Leader from null to 661906f5-178f-45a1-86e2-0540bf739913 at term 1 for becomeLeader, leader elected after 5260ms
2022-06-21 13:56:15,166 [661906f5-178f-45a1-86e2-0540bf739913@group-5A6F39132922-LeaderElection42] INFO  server.RaftServerConfigKeys (ConfUtils.java:logGet(46)) - raft.server.staging.catchup.gap = 1000 (default)
2022-06-21 13:56:15,167 [661906f5-178f-45a1-86e2-0540bf739913@group-5A6F39132922-LeaderElection42] INFO  server.RaftServerConfigKeys (ConfUtils.java:logGet(46)) - raft.server.write.element-limit = 1024 (custom)
2022-06-21 13:56:15,167 [661906f5-178f-45a1-86e2-0540bf739913@group-5A6F39132922-LeaderElection42] INFO  server.RaftServerConfigKeys (ConfUtils.java:logGet(46)) - raft.server.write.byte-limit = 1024 M (=1073741824) (custom)
2022-06-21 13:56:15,167 [661906f5-178f-45a1-86e2-0540bf739913@group-5A6F39132922-LeaderElection42] INFO  server.RaftServerConfigKeys (ConfUtils.java:logGet(46)) - raft.server.watch.timeout = 180s (custom)
2022-06-21 13:56:15,167 [661906f5-178f-45a1-86e2-0540bf739913@group-5A6F39132922-LeaderElection42] INFO  server.RaftServerConfigKeys (ConfUtils.java:logGet(46)) - raft.server.watch.timeout.denomination = 1s (default)
2022-06-21 13:56:15,167 [661906f5-178f-45a1-86e2-0540bf739913@group-5A6F39132922-LeaderElection42] INFO  server.RaftServerConfigKeys (ConfUtils.java:logGet(46)) - raft.server.watch.element-limit = 65536 (default)
2022-06-21 13:56:15,167 [661906f5-178f-45a1-86e2-0540bf739913@group-5A6F39132922-LeaderElection42] INFO  server.RaftServerConfigKeys (ConfUtils.java:logGet(46)) - raft.server.write.element-limit = 1024 (custom)
2022-06-21 13:56:15,167 [661906f5-178f-45a1-86e2-0540bf739913@group-5A6F39132922-LeaderElection42] INFO  server.RaftServerConfigKeys (ConfUtils.java:logGet(46)) - raft.server.write.follower.gap.ratio.max = -1.0 (default)
2022-06-21 13:56:15,168 [661906f5-178f-45a1-86e2-0540bf739913@group-5A6F39132922-LeaderElection42] INFO  server.RaftServerConfigKeys (ConfUtils.java:logGet(46)) - raft.server.log.appender.snapshot.chunk.size.max = 16MB (=16777216) (default)
2022-06-21 13:56:15,168 [661906f5-178f-45a1-86e2-0540bf739913@group-5A6F39132922-LeaderElection42] INFO  server.RaftServerConfigKeys (ConfUtils.java:logGet(46)) - raft.server.log.appender.buffer.byte-limit = 33554432 (custom)
2022-06-21 13:56:15,168 [661906f5-178f-45a1-86e2-0540bf739913@group-5A6F39132922-LeaderElection42] INFO  server.RaftServerConfigKeys (ConfUtils.java:logGet(46)) - raft.server.log.appender.buffer.element-limit = 1 (custom)
2022-06-21 13:56:15,168 [661906f5-178f-45a1-86e2-0540bf739913@group-5A6F39132922-LeaderElection42] INFO  grpc.GrpcConfigKeys (ConfUtils.java:logGet(46)) - raft.grpc.server.leader.outstanding.appends.max = 128 (default)
2022-06-21 13:56:15,168 [661906f5-178f-45a1-86e2-0540bf739913@group-5A6F39132922-LeaderElection42] INFO  server.RaftServerConfigKeys (ConfUtils.java:logGet(46)) - raft.server.rpc.request.timeout = 60s (custom)
2022-06-21 13:56:15,169 [661906f5-178f-45a1-86e2-0540bf739913@group-5A6F39132922-LeaderElection42] INFO  server.RaftServerConfigKeys (ConfUtils.java:logGet(46)) - raft.server.log.appender.install.snapshot.enabled = false (custom)
2022-06-21 13:56:15,171 [EventQueue-PipelineReportForPipelineReportHandler] INFO  pipeline.PipelineManagerImpl (PipelineManagerImpl.java:openPipeline(356)) - Pipeline Pipeline[ Id: e284197a-8e20-4ad3-8e60-5a6f39132922, Nodes: 0c36eeb7-8db8-48cb-9437-34913146bd8b{ip: 10.1.0.15, host: fv-az194-567.vahfjs35atkulmpwh5ujf4txfe.jx.internal.cloudapp.net, ports: [REPLICATION=43987, RATIS=38615, RATIS_ADMIN=38615, RATIS_SERVER=38615, STANDALONE=44209], networkLocation: /default-rack, certSerialId: null, persistedOpState: IN_SERVICE, persistedOpStateExpiryEpochSec: 0}7ed761f3-2892-425f-b708-b7f52bea56b6{ip: 10.1.0.15, host: fv-az194-567.vahfjs35atkulmpwh5ujf4txfe.jx.internal.cloudapp.net, ports: [REPLICATION=43795, RATIS=37391, RATIS_ADMIN=37391, RATIS_SERVER=37391, STANDALONE=32819], networkLocation: /default-rack, certSerialId: null, persistedOpState: IN_SERVICE, persistedOpStateExpiryEpochSec: 0}661906f5-178f-45a1-86e2-0540bf739913{ip: 10.1.0.15, host: fv-az194-567.vahfjs35atkulmpwh5ujf4txfe.jx.internal.cloudapp.net, ports: [REPLICATION=45169, RATIS=44467, RATIS_ADMIN=44467, RATIS_SERVER=44467, STANDALONE=45555], networkLocation: /default-rack, certSerialId: null, persistedOpState: IN_SERVICE, persistedOpStateExpiryEpochSec: 0}, ReplicationConfig: RATIS/THREE, State:ALLOCATED, leaderId:661906f5-178f-45a1-86e2-0540bf739913, CreationTimestamp2022-06-21T13:56:09.469Z[Etc/UTC]] moved to OPEN state
2022-06-21 13:56:15,171 [EventQueue-OpenPipelineForHealthyPipelineSafeModeRule] INFO  safemode.SCMSafeModeManager (HealthyPipelineSafeModeRule.java:process(124)) - SCM in safe mode. Healthy pipelines reported count is 0, required healthy pipeline reported count is 1
2022-06-21 13:56:15,174 [661906f5-178f-45a1-86e2-0540bf739913@group-5A6F39132922-LeaderElection42] INFO  server.RaftServerConfigKeys (ConfUtils.java:logGet(46)) - raft.server.log.appender.snapshot.chunk.size.max = 16MB (=16777216) (default)
2022-06-21 13:56:15,174 [661906f5-178f-45a1-86e2-0540bf739913@group-5A6F39132922-LeaderElection42] INFO  server.RaftServerConfigKeys (ConfUtils.java:logGet(46)) - raft.server.log.appender.buffer.byte-limit = 33554432 (custom)
2022-06-21 13:56:15,174 [661906f5-178f-45a1-86e2-0540bf739913@group-5A6F39132922-LeaderElection42] INFO  server.RaftServerConfigKeys (ConfUtils.java:logGet(46)) - raft.server.log.appender.buffer.element-limit = 1 (custom)
2022-06-21 13:56:15,174 [661906f5-178f-45a1-86e2-0540bf739913@group-5A6F39132922-LeaderElection42] INFO  grpc.GrpcConfigKeys (ConfUtils.java:logGet(46)) - raft.grpc.server.leader.outstanding.appends.max = 128 (default)
2022-06-21 13:56:15,174 [661906f5-178f-45a1-86e2-0540bf739913@group-5A6F39132922-LeaderElection42] INFO  server.RaftServerConfigKeys (ConfUtils.java:logGet(46)) - raft.server.rpc.request.timeout = 60s (custom)
2022-06-21 13:56:15,174 [661906f5-178f-45a1-86e2-0540bf739913@group-5A6F39132922-LeaderElection42] INFO  server.RaftServerConfigKeys (ConfUtils.java:logGet(46)) - raft.server.log.appender.install.snapshot.enabled = false (custom)
2022-06-21 13:56:15,175 [661906f5-178f-45a1-86e2-0540bf739913@group-5A6F39132922-LeaderElection42] INFO  impl.RoleInfo (RoleInfo.java:updateAndGet(139)) - 661906f5-178f-45a1-86e2-0540bf739913: start 661906f5-178f-45a1-86e2-0540bf739913@group-5A6F39132922-LeaderStateImpl
2022-06-21 13:56:15,175 [661906f5-178f-45a1-86e2-0540bf739913@group-5A6F39132922-LeaderElection42] INFO  segmented.SegmentedRaftLogWorker (SegmentedRaftLogWorker.java:startLogSegment(425)) - 661906f5-178f-45a1-86e2-0540bf739913@group-5A6F39132922-SegmentedRaftLogWorker: Starting segment from index:0
2022-06-21 13:56:15,176 [EventQueue-OpenPipelineForHealthyPipelineSafeModeRule] INFO  safemode.SCMSafeModeManager (HealthyPipelineSafeModeRule.java:process(124)) - SCM in safe mode. Healthy pipelines reported count is 1, required healthy pipeline reported count is 1
2022-06-21 13:56:15,176 [EventQueue-OpenPipelineForHealthyPipelineSafeModeRule] INFO  safemode.SCMSafeModeManager (SCMSafeModeManager.java:validateSafeModeExitRules(204)) - HealthyPipelineSafeModeRule rule is successfully validated
2022-06-21 13:56:15,176 [EventQueue-OpenPipelineForHealthyPipelineSafeModeRule] INFO  safemode.SCMSafeModeManager (SCMSafeModeManager.java:validateSafeModeExitRules(219)) - ScmSafeModeManager, all rules are successfully validated
2022-06-21 13:56:15,176 [EventQueue-OpenPipelineForHealthyPipelineSafeModeRule] INFO  safemode.SCMSafeModeManager (SCMSafeModeManager.java:exitSafeMode(248)) - SCM exiting safe mode.
2022-06-21 13:56:15,176 [EventQueue-OpenPipelineForHealthyPipelineSafeModeRule] WARN  events.EventQueue (EventQueue.java:fireEvent(194)) - No event handler registered for event TypedEvent{payloadType=SafeModeStatus, name='Safe mode status'}
2022-06-21 13:56:15,176 [EventQueue-OpenPipelineForHealthyPipelineSafeModeRule] INFO  ha.SCMContext (SCMContext.java:updateSafeModeStatus(228)) - Update SafeModeStatus from SafeModeStatus{safeModeStatus=true, preCheckPassed=true} to SafeModeStatus{safeModeStatus=false, preCheckPassed=true}.
2022-06-21 13:56:15,176 [EventQueue-OpenPipelineForHealthyPipelineSafeModeRule] INFO  pipeline.BackgroundPipelineCreator (BackgroundPipelineCreator.java:notifyStatusChanged(251)) - Service BackgroundPipelineCreator transitions to RUNNING.
2022-06-21 13:56:15,176 [EventQueue-OpenPipelineForHealthyPipelineSafeModeRule] INFO  BackgroundPipelineScrubber (BackgroundSCMService.java:notifyStatusChanged(82)) - Service BackgroundPipelineScrubber transitions to RUNNING.
2022-06-21 13:56:15,176 [EventQueue-OpenPipelineForHealthyPipelineSafeModeRule] INFO  ExpiredContainerReplicaOpScrubber (BackgroundSCMService.java:notifyStatusChanged(82)) - Service ExpiredContainerReplicaOpScrubber transitions to RUNNING.
2022-06-21 13:56:15,176 [EventQueue-OpenPipelineForHealthyPipelineSafeModeRule] INFO  replication.ReplicationManager (ReplicationManager.java:notifyStatusChanged(372)) - Service ReplicationManager transitions to RUNNING.
2022-06-21 13:56:15,176 [EventQueue-OpenPipelineForHealthyPipelineSafeModeRule] WARN  balancer.ContainerBalancer (ContainerBalancer.java:shouldRun(875)) - Could not find persisted configuration for ContainerBalancer when checking if ContainerBalancer should run. ContainerBalancer should not run now.
2022-06-21 13:56:15,177 [661906f5-178f-45a1-86e2-0540bf739913@group-5A6F39132922-SegmentedRaftLogWorker] INFO  segmented.SegmentedRaftLogWorker (SegmentedRaftLogWorker.java:execute(629)) - 661906f5-178f-45a1-86e2-0540bf739913@group-5A6F39132922-SegmentedRaftLogWorker: created new log segment /home/runner/work/ozone/ozone/hadoop-ozone/integration-test/target/test-dir/MiniOzoneClusterImpl-a6c63143-532c-40e3-90f6-32ed462df7e7/datanode-0/data/ratis/e284197a-8e20-4ad3-8e60-5a6f39132922/current/log_inprogress_0
2022-06-21 13:56:15,191 [661906f5-178f-45a1-86e2-0540bf739913@group-5A6F39132922-LeaderElection42] INFO  server.RaftServer$Division (ServerState.java:setRaftConf(393)) - 661906f5-178f-45a1-86e2-0540bf739913@group-5A6F39132922: set configuration 0: [7ed761f3-2892-425f-b708-b7f52bea56b6|rpc:10.1.0.15:37391|dataStream:|priority:0, 0c36eeb7-8db8-48cb-9437-34913146bd8b|rpc:10.1.0.15:38615|dataStream:|priority:0, 661906f5-178f-45a1-86e2-0540bf739913|rpc:10.1.0.15:44467|dataStream:|priority:1], old=null
2022-06-21 13:56:15,266 [Listener at 127.0.0.1/33745] INFO  ozone.MiniOzoneClusterImpl (MiniOzoneClusterImpl.java:lambda$waitForClusterToBeReady$0(222)) - Nodes are ready. Got 5 of 5 DN Heartbeats.
2022-06-21 13:56:15,267 [Listener at 127.0.0.1/33745] INFO  ozone.MiniOzoneClusterImpl (MiniOzoneClusterImpl.java:lambda$waitForClusterToBeReady$0(225)) - Cluster exits safe mode
2022-06-21 13:56:15,267 [Listener at 127.0.0.1/33745] INFO  ozone.MiniOzoneClusterImpl (MiniOzoneClusterImpl.java:lambda$waitForClusterToBeReady$0(227)) - SCM became leader
2022-06-21 13:56:15,287 [0c36eeb7-8db8-48cb-9437-34913146bd8b@group-5A6F39132922-FollowerState] INFO  impl.FollowerState (FollowerState.java:run(143)) - 0c36eeb7-8db8-48cb-9437-34913146bd8b@group-5A6F39132922-FollowerState: change to CANDIDATE, lastRpcElapsedTime:5058026519ns, electionTimeout:5054ms
2022-06-21 13:56:15,287 [0c36eeb7-8db8-48cb-9437-34913146bd8b@group-5A6F39132922-FollowerState] INFO  impl.RoleInfo (RoleInfo.java:shutdownFollowerState(110)) - 0c36eeb7-8db8-48cb-9437-34913146bd8b: shutdown 0c36eeb7-8db8-48cb-9437-34913146bd8b@group-5A6F39132922-FollowerState
2022-06-21 13:56:15,287 [0c36eeb7-8db8-48cb-9437-34913146bd8b@group-5A6F39132922-FollowerState] INFO  server.RaftServer$Division (RaftServerImpl.java:setRole(299)) - 0c36eeb7-8db8-48cb-9437-34913146bd8b@group-5A6F39132922: changes role from  FOLLOWER to CANDIDATE at term 0 for changeToCandidate
2022-06-21 13:56:15,307 [grpc-default-executor-1] INFO  server.RaftServer$Division (RaftServerImpl.java:requestVote(1152)) - 0c36eeb7-8db8-48cb-9437-34913146bd8b@group-5A6F39132922: receive requestVote(ELECTION, 661906f5-178f-45a1-86e2-0540bf739913, group-5A6F39132922, 1, (t:0, i:0))
2022-06-21 13:56:15,331 [0c36eeb7-8db8-48cb-9437-34913146bd8b@group-5A6F39132922-FollowerState] INFO  server.RaftServerConfigKeys (ConfUtils.java:logGet(46)) - raft.server.leaderelection.pre-vote = false (custom)
2022-06-21 13:56:15,331 [0c36eeb7-8db8-48cb-9437-34913146bd8b@group-5A6F39132922-FollowerState] INFO  impl.RoleInfo (RoleInfo.java:updateAndGet(139)) - 0c36eeb7-8db8-48cb-9437-34913146bd8b: start 0c36eeb7-8db8-48cb-9437-34913146bd8b@group-5A6F39132922-LeaderElection44
2022-06-21 13:56:15,346 [grpc-default-executor-1] INFO  impl.VoteContext (VoteContext.java:log(48)) - 0c36eeb7-8db8-48cb-9437-34913146bd8b@group-5A6F39132922-CANDIDATE: accept ELECTION from 661906f5-178f-45a1-86e2-0540bf739913: our priority 0 <= candidate's priority 1
2022-06-21 13:56:15,347 [grpc-default-executor-1] INFO  server.RaftServer$Division (RaftServerImpl.java:setRole(299)) - 0c36eeb7-8db8-48cb-9437-34913146bd8b@group-5A6F39132922: changes role from CANDIDATE to FOLLOWER at term 1 for candidate:661906f5-178f-45a1-86e2-0540bf739913
2022-06-21 13:56:15,347 [grpc-default-executor-1] INFO  impl.RoleInfo (RoleInfo.java:shutdownLeaderElection(130)) - 0c36eeb7-8db8-48cb-9437-34913146bd8b: shutdown 0c36eeb7-8db8-48cb-9437-34913146bd8b@group-5A6F39132922-LeaderElection44
2022-06-21 13:56:15,347 [grpc-default-executor-1] INFO  impl.RoleInfo (RoleInfo.java:updateAndGet(139)) - 0c36eeb7-8db8-48cb-9437-34913146bd8b: start 0c36eeb7-8db8-48cb-9437-34913146bd8b@group-5A6F39132922-FollowerState
2022-06-21 13:56:15,349 [0c36eeb7-8db8-48cb-9437-34913146bd8b@group-5A6F39132922-LeaderElection44] INFO  impl.LeaderElection (LeaderElection.java:run(231)) - 0c36eeb7-8db8-48cb-9437-34913146bd8b@group-5A6F39132922-LeaderElection44: skip running since this is already CLOSING
2022-06-21 13:56:15,367 [grpc-default-executor-1] INFO  server.RaftServer$Division (RaftServerImpl.java:requestVote(1184)) - 0c36eeb7-8db8-48cb-9437-34913146bd8b@group-5A6F39132922 replies to ELECTION vote request: 661906f5-178f-45a1-86e2-0540bf739913<-0c36eeb7-8db8-48cb-9437-34913146bd8b#0:OK-t1. Peer's state: 0c36eeb7-8db8-48cb-9437-34913146bd8b@group-5A6F39132922:t1, leader=null, voted=661906f5-178f-45a1-86e2-0540bf739913, raftlog=0c36eeb7-8db8-48cb-9437-34913146bd8b@group-5A6F39132922-SegmentedRaftLog:OPENED:c-1, conf=-1: [7ed761f3-2892-425f-b708-b7f52bea56b6|rpc:10.1.0.15:37391|dataStream:|priority:0, 0c36eeb7-8db8-48cb-9437-34913146bd8b|rpc:10.1.0.15:38615|dataStream:|priority:0, 661906f5-178f-45a1-86e2-0540bf739913|rpc:10.1.0.15:44467|dataStream:|priority:1], old=null
2022-06-21 13:56:15,394 [0c36eeb7-8db8-48cb-9437-34913146bd8b-server-thread1] INFO  ratis.XceiverServerRatis (XceiverServerRatis.java:handleLeaderChangedNotification(863)) - Leader change notification received for group: group-5A6F39132922 with new leaderId: 661906f5-178f-45a1-86e2-0540bf739913
2022-06-21 13:56:15,395 [0c36eeb7-8db8-48cb-9437-34913146bd8b-server-thread1] INFO  server.RaftServer$Division (ServerState.java:setLeader(287)) - 0c36eeb7-8db8-48cb-9437-34913146bd8b@group-5A6F39132922: change Leader from null to 661906f5-178f-45a1-86e2-0540bf739913 at term 1 for appendEntries, leader elected after 5183ms
2022-06-21 13:56:15,443 [Command processor thread] INFO  server.RaftServer (RaftServerProxy.java:addNew(96)) - 685a43de-7e91-4998-9405-9025234a1f5a: addNew group-7BAEA5FFA74C:[685a43de-7e91-4998-9405-9025234a1f5a|rpc:10.1.0.15:34695|priority:1] returns group-7BAEA5FFA74C:java.util.concurrent.CompletableFuture@1a6509c8[Not completed]
2022-06-21 13:56:15,448 [7ed761f3-2892-425f-b708-b7f52bea56b6-server-thread1] INFO  ratis.XceiverServerRatis (XceiverServerRatis.java:handleLeaderChangedNotification(863)) - Leader change notification received for group: group-5A6F39132922 with new leaderId: 661906f5-178f-45a1-86e2-0540bf739913
2022-06-21 13:56:15,448 [7ed761f3-2892-425f-b708-b7f52bea56b6-server-thread1] INFO  server.RaftServer$Division (ServerState.java:setLeader(287)) - 7ed761f3-2892-425f-b708-b7f52bea56b6@group-5A6F39132922: change Leader from null to 661906f5-178f-45a1-86e2-0540bf739913 at term 1 for appendEntries, leader elected after 5072ms
2022-06-21 13:56:15,503 [pool-872-thread-1] INFO  server.RaftServer$Division (RaftServerImpl.java:<init>(190)) - 685a43de-7e91-4998-9405-9025234a1f5a: new RaftServerImpl for group-7BAEA5FFA74C:[685a43de-7e91-4998-9405-9025234a1f5a|rpc:10.1.0.15:34695|priority:1] with ContainerStateMachine:uninitialized
2022-06-21 13:56:15,503 [pool-872-thread-1] INFO  server.RaftServerConfigKeys (ConfUtils.java:logGet(46)) - raft.server.rpc.timeout.min = 5s (custom)
2022-06-21 13:56:15,503 [pool-872-thread-1] INFO  server.RaftServerConfigKeys (ConfUtils.java:logGet(46)) - raft.server.rpc.timeout.max = 5200ms (custom)
2022-06-21 13:56:15,503 [pool-872-thread-1] INFO  server.RaftServerConfigKeys (ConfUtils.java:logGet(46)) - raft.server.rpc.sleep.time = 25ms (default)
2022-06-21 13:56:15,503 [pool-872-thread-1] INFO  server.RaftServerConfigKeys (ConfUtils.java:logGet(46)) - raft.server.rpc.slowness.timeout = 300s (custom)
2022-06-21 13:56:15,504 [pool-872-thread-1] INFO  server.RaftServerConfigKeys (ConfUtils.java:logGet(46)) - raft.server.leaderelection.leader.step-down.wait-time = 10s (default)
2022-06-21 13:56:15,504 [pool-872-thread-1] INFO  server.RaftServerConfigKeys (ConfUtils.java:logGet(46)) - raft.server.sleep.deviation.threshold = 300ms (default)
2022-06-21 13:56:15,504 [pool-872-thread-1] INFO  server.RaftServer$Division (ServerState.java:<init>(107)) - 685a43de-7e91-4998-9405-9025234a1f5a@group-7BAEA5FFA74C: ConfigurationManager, init=-1: [685a43de-7e91-4998-9405-9025234a1f5a|rpc:10.1.0.15:34695|priority:1], old=null, confs=<EMPTY_MAP>
2022-06-21 13:56:15,504 [pool-872-thread-1] INFO  server.RaftServerConfigKeys (ConfUtils.java:logGet(46)) - raft.server.storage.dir = [/home/runner/work/ozone/ozone/hadoop-ozone/integration-test/target/test-dir/MiniOzoneClusterImpl-a6c63143-532c-40e3-90f6-32ed462df7e7/datanode-4/data/ratis] (custom)
2022-06-21 13:56:15,504 [pool-872-thread-1] INFO  server.RaftServerConfigKeys (ConfUtils.java:logGet(46)) - raft.server.log.corruption.policy = EXCEPTION (default)
2022-06-21 13:56:15,504 [pool-872-thread-1] INFO  server.RaftServerConfigKeys (ConfUtils.java:logGet(46)) - raft.server.storage.free-space.min = 0MB (=0) (default)
2022-06-21 13:56:15,504 [pool-872-thread-1] INFO  storage.RaftStorageDirectory (RaftStorageDirectoryImpl.java:analyzeStorage(135)) - The storage directory /home/runner/work/ozone/ozone/hadoop-ozone/integration-test/target/test-dir/MiniOzoneClusterImpl-a6c63143-532c-40e3-90f6-32ed462df7e7/datanode-4/data/ratis/aeeed607-896a-4431-bd92-7baea5ffa74c does not exist. Creating ...
2022-06-21 13:56:15,506 [pool-872-thread-1] INFO  storage.RaftStorageDirectory (RaftStorageDirectoryImpl.java:tryLock(230)) - Lock on /home/runner/work/ozone/ozone/hadoop-ozone/integration-test/target/test-dir/MiniOzoneClusterImpl-a6c63143-532c-40e3-90f6-32ed462df7e7/datanode-4/data/ratis/aeeed607-896a-4431-bd92-7baea5ffa74c/in_use.lock acquired by nodename 17605@fv-az194-567
2022-06-21 13:56:15,515 [7ed761f3-2892-425f-b708-b7f52bea56b6-server-thread1] INFO  server.RaftServer$Division (ServerState.java:setRaftConf(393)) - 7ed761f3-2892-425f-b708-b7f52bea56b6@group-5A6F39132922: set configuration 0: [7ed761f3-2892-425f-b708-b7f52bea56b6|rpc:10.1.0.15:37391|dataStream:|priority:0, 0c36eeb7-8db8-48cb-9437-34913146bd8b|rpc:10.1.0.15:38615|dataStream:|priority:0, 661906f5-178f-45a1-86e2-0540bf739913|rpc:10.1.0.15:44467|dataStream:|priority:1], old=null
2022-06-21 13:56:15,515 [7ed761f3-2892-425f-b708-b7f52bea56b6-server-thread1] INFO  segmented.SegmentedRaftLogWorker (SegmentedRaftLogWorker.java:startLogSegment(425)) - 7ed761f3-2892-425f-b708-b7f52bea56b6@group-5A6F39132922-SegmentedRaftLogWorker: Starting segment from index:0
2022-06-21 13:56:15,515 [0c36eeb7-8db8-48cb-9437-34913146bd8b-server-thread1] INFO  server.RaftServer$Division (ServerState.java:setRaftConf(393)) - 0c36eeb7-8db8-48cb-9437-34913146bd8b@group-5A6F39132922: set configuration 0: [7ed761f3-2892-425f-b708-b7f52bea56b6|rpc:10.1.0.15:37391|dataStream:|priority:0, 0c36eeb7-8db8-48cb-9437-34913146bd8b|rpc:10.1.0.15:38615|dataStream:|priority:0, 661906f5-178f-45a1-86e2-0540bf739913|rpc:10.1.0.15:44467|dataStream:|priority:1], old=null
2022-06-21 13:56:15,515 [0c36eeb7-8db8-48cb-9437-34913146bd8b-server-thread1] INFO  segmented.SegmentedRaftLogWorker (SegmentedRaftLogWorker.java:startLogSegment(425)) - 0c36eeb7-8db8-48cb-9437-34913146bd8b@group-5A6F39132922-SegmentedRaftLogWorker: Starting segment from index:0
2022-06-21 13:56:15,516 [7ed761f3-2892-425f-b708-b7f52bea56b6@group-5A6F39132922-SegmentedRaftLogWorker] INFO  segmented.SegmentedRaftLogWorker (SegmentedRaftLogWorker.java:execute(629)) - 7ed761f3-2892-425f-b708-b7f52bea56b6@group-5A6F39132922-SegmentedRaftLogWorker: created new log segment /home/runner/work/ozone/ozone/hadoop-ozone/integration-test/target/test-dir/MiniOzoneClusterImpl-a6c63143-532c-40e3-90f6-32ed462df7e7/datanode-2/data/ratis/e284197a-8e20-4ad3-8e60-5a6f39132922/current/log_inprogress_0
2022-06-21 13:56:15,517 [pool-872-thread-1] INFO  storage.RaftStorage (RaftStorageImpl.java:format(89)) - Storage directory /home/runner/work/ozone/ozone/hadoop-ozone/integration-test/target/test-dir/MiniOzoneClusterImpl-a6c63143-532c-40e3-90f6-32ed462df7e7/datanode-4/data/ratis/aeeed607-896a-4431-bd92-7baea5ffa74c has been successfully formatted.
2022-06-21 13:56:15,518 [0c36eeb7-8db8-48cb-9437-34913146bd8b@group-5A6F39132922-SegmentedRaftLogWorker] INFO  segmented.SegmentedRaftLogWorker (SegmentedRaftLogWorker.java:execute(629)) - 0c36eeb7-8db8-48cb-9437-34913146bd8b@group-5A6F39132922-SegmentedRaftLogWorker: created new log segment /home/runner/work/ozone/ozone/hadoop-ozone/integration-test/target/test-dir/MiniOzoneClusterImpl-a6c63143-532c-40e3-90f6-32ed462df7e7/datanode-1/data/ratis/e284197a-8e20-4ad3-8e60-5a6f39132922/current/log_inprogress_0
2022-06-21 13:56:15,546 [pool-872-thread-1] INFO  ratis.ContainerStateMachine (ContainerStateMachine.java:loadSnapshot(236)) - group-7BAEA5FFA74C: The snapshot info is null. Setting the last applied indexto:(t:0, i:~)
2022-06-21 13:56:15,547 [pool-872-thread-1] INFO  server.RaftServerConfigKeys (ConfUtils.java:logGet(46)) - raft.server.notification.no-leader.timeout = 300s (custom)
2022-06-21 13:56:15,547 [pool-872-thread-1] INFO  server.RaftServerConfigKeys (ConfUtils.java:logGet(46)) - raft.server.log.use.memory = false (default)
2022-06-21 13:56:15,547 [pool-872-thread-1] INFO  server.RaftServerConfigKeys (ConfUtils.java:logGet(46)) - raft.server.log.purge.gap = 1000000 (custom)
2022-06-21 13:56:15,547 [pool-872-thread-1] INFO  server.RaftServerConfigKeys (ConfUtils.java:logGet(46)) - raft.server.log.appender.buffer.byte-limit = 33554432 (custom)
2022-06-21 13:56:15,547 [pool-872-thread-1] INFO  server.RaftServerConfigKeys (ConfUtils.java:logGet(46)) - raft.server.log.statemachine.data.read.timeout = 1000ms (default)
2022-06-21 13:56:15,547 [pool-872-thread-1] INFO  server.RaftServerConfigKeys (ConfUtils.java:logGet(46)) - raft.server.log.segment.size.max = 1048576 (custom)
2022-06-21 13:56:15,547 [pool-872-thread-1] INFO  server.RaftServerConfigKeys (ConfUtils.java:logGet(46)) - raft.server.log.segment.cache.num.max = 2 (custom)
2022-06-21 13:56:15,548 [pool-872-thread-1] INFO  server.RaftServerConfigKeys (ConfUtils.java:logGet(46)) - raft.server.log.segment.cache.size.max = 200MB (=209715200) (default)
2022-06-21 13:56:15,548 [pool-872-thread-1] INFO  segmented.SegmentedRaftLogWorker (SegmentedRaftLogWorker.java:<init>(187)) - new 685a43de-7e91-4998-9405-9025234a1f5a@group-7BAEA5FFA74C-SegmentedRaftLogWorker for RaftStorageImpl:Storage Directory /home/runner/work/ozone/ozone/hadoop-ozone/integration-test/target/test-dir/MiniOzoneClusterImpl-a6c63143-532c-40e3-90f6-32ed462df7e7/datanode-4/data/ratis/aeeed607-896a-4431-bd92-7baea5ffa74c
2022-06-21 13:56:15,548 [pool-872-thread-1] INFO  server.RaftServerConfigKeys (ConfUtils.java:logGet(46)) - raft.server.log.queue.byte-limit = 4294967296 (custom)
2022-06-21 13:56:15,548 [pool-872-thread-1] INFO  server.RaftServerConfigKeys (ConfUtils.java:logGet(46)) - raft.server.log.queue.element-limit = 1024 (custom)
2022-06-21 13:56:15,548 [pool-872-thread-1] INFO  server.RaftServerConfigKeys (ConfUtils.java:logGet(46)) - raft.server.log.segment.size.max = 1048576 (custom)
2022-06-21 13:56:15,548 [pool-872-thread-1] INFO  server.RaftServerConfigKeys (ConfUtils.java:logGet(46)) - raft.server.log.preallocated.size = 16384 (custom)
2022-06-21 13:56:15,548 [pool-872-thread-1] INFO  server.RaftServerConfigKeys (ConfUtils.java:logGet(46)) - raft.server.log.force.sync.num = 128 (default)
2022-06-21 13:56:15,548 [pool-872-thread-1] INFO  server.RaftServerConfigKeys (ConfUtils.java:logGet(46)) - raft.server.log.statemachine.data.sync = true (default)
2022-06-21 13:56:15,548 [pool-872-thread-1] INFO  server.RaftServerConfigKeys (ConfUtils.java:logGet(46)) - raft.server.log.statemachine.data.sync.timeout = 10s (default)
2022-06-21 13:56:15,548 [pool-872-thread-1] INFO  server.RaftServerConfigKeys (ConfUtils.java:logGet(46)) - raft.server.log.statemachine.data.sync.timeout.retry = -1 (default)
2022-06-21 13:56:15,549 [pool-872-thread-1] INFO  server.RaftServerConfigKeys (ConfUtils.java:logGet(46)) - raft.server.log.write.buffer.size = 1048576 (custom)
2022-06-21 13:56:15,550 [pool-872-thread-1] INFO  server.RaftServerConfigKeys (ConfUtils.java:logGet(46)) - raft.server.log.unsafe-flush.enabled = false (default)
2022-06-21 13:56:15,558 [pool-872-thread-1] INFO  server.RaftServerConfigKeys (ConfUtils.java:logGet(46)) - raft.server.log.statemachine.data.caching.enabled = true (custom)
2022-06-21 13:56:15,559 [pool-872-thread-1] INFO  segmented.SegmentedRaftLogWorker (SegmentedRaftLogWorker.java:lambda$new$0(135)) - 685a43de-7e91-4998-9405-9025234a1f5a@group-7BAEA5FFA74C-SegmentedRaftLogWorker: flushIndex: setUnconditionally 0 -> -1
2022-06-21 13:56:15,559 [pool-872-thread-1] INFO  segmented.SegmentedRaftLogWorker (SegmentedRaftLogWorker.java:lambda$new$0(135)) - 685a43de-7e91-4998-9405-9025234a1f5a@group-7BAEA5FFA74C-SegmentedRaftLogWorker: safeCacheEvictIndex: setUnconditionally 0 -> -1
2022-06-21 13:56:15,562 [pool-872-thread-1] INFO  server.RaftServerConfigKeys (ConfUtils.java:logGet(46)) - raft.server.snapshot.auto.trigger.enabled = true (custom)
2022-06-21 13:56:15,563 [pool-872-thread-1] INFO  server.RaftServerConfigKeys (ConfUtils.java:logGet(46)) - raft.server.snapshot.auto.trigger.threshold = 10000 (custom)
2022-06-21 13:56:15,563 [pool-872-thread-1] INFO  server.RaftServerConfigKeys (ConfUtils.java:logGet(46)) - raft.server.snapshot.retention.file.num = 5 (custom)
2022-06-21 13:56:15,563 [pool-872-thread-1] INFO  server.RaftServerConfigKeys (ConfUtils.java:logGet(46)) - raft.server.log.purge.upto.snapshot.index = false (default)
2022-06-21 13:56:15,563 [pool-872-thread-1] INFO  server.RaftServerConfigKeys (ConfUtils.java:logGet(46)) - raft.server.retrycache.expirytime = 600000ms (custom)
2022-06-21 13:56:15,563 [pool-872-thread-1] INFO  server.RaftServerConfigKeys (ConfUtils.java:logGet(46)) - raft.server.retrycache.statistics.expirytime = 100μs (default)
2022-06-21 13:56:15,564 [pool-872-thread-1] INFO  server.RaftServerConfigKeys (ConfUtils.java:logGet(46)) - raft.server.log.appender.install.snapshot.enabled = false (custom)
2022-06-21 13:56:15,564 [pool-872-thread-1] INFO  server.RaftServerConfigKeys (ConfUtils.java:logGet(46)) - raft.server.threadpool.server.cached = true (default)
2022-06-21 13:56:15,564 [pool-872-thread-1] INFO  server.RaftServerConfigKeys (ConfUtils.java:logGet(46)) - raft.server.threadpool.server.size = 0 (default)
2022-06-21 13:56:15,564 [pool-872-thread-1] INFO  server.RaftServerConfigKeys (ConfUtils.java:logGet(46)) - raft.server.threadpool.client.cached = true (default)
2022-06-21 13:56:15,564 [pool-872-thread-1] INFO  server.RaftServerConfigKeys (ConfUtils.java:logGet(46)) - raft.server.threadpool.client.size = 0 (default)
2022-06-21 13:56:15,564 [pool-872-thread-1] INFO  server.RaftServer$Division (RaftServerImpl.java:start(310)) - 685a43de-7e91-4998-9405-9025234a1f5a@group-7BAEA5FFA74C: start as a follower, conf=-1: [685a43de-7e91-4998-9405-9025234a1f5a|rpc:10.1.0.15:34695|priority:1], old=null
2022-06-21 13:56:15,564 [pool-872-thread-1] INFO  server.RaftServer$Division (RaftServerImpl.java:setRole(299)) - 685a43de-7e91-4998-9405-9025234a1f5a@group-7BAEA5FFA74C: changes role from      null to FOLLOWER at term 0 for startAsFollower
2022-06-21 13:56:15,564 [pool-872-thread-1] INFO  impl.RoleInfo (RoleInfo.java:updateAndGet(139)) - 685a43de-7e91-4998-9405-9025234a1f5a: start 685a43de-7e91-4998-9405-9025234a1f5a@group-7BAEA5FFA74C-FollowerState
2022-06-21 13:56:15,565 [pool-872-thread-1] INFO  util.JmxRegister (JmxRegister.java:tryRegister(44)) - Successfully registered JMX Bean with object name Ratis:service=RaftServer,group=group-7BAEA5FFA74C,id=685a43de-7e91-4998-9405-9025234a1f5a
2022-06-21 13:56:15,579 [Command processor thread] INFO  ratis.XceiverServerRatis (XceiverServerRatis.java:addGroup(765)) - Created group PipelineID=aeeed607-896a-4431-bd92-7baea5ffa74c
2022-06-21 13:56:15,579 [Command processor thread] INFO  commandhandler.CreatePipelineCommandHandler (CreatePipelineCommandHandler.java:handle(113)) - Created Pipeline RATIS ONE PipelineID=aeeed607-896a-4431-bd92-7baea5ffa74c.
2022-06-21 13:56:15,599 [EventQueue-PipelineReportForPipelineReportHandler] INFO  pipeline.PipelineManagerImpl (PipelineManagerImpl.java:openPipeline(356)) - Pipeline Pipeline[ Id: aeeed607-896a-4431-bd92-7baea5ffa74c, Nodes: 685a43de-7e91-4998-9405-9025234a1f5a{ip: 10.1.0.15, host: fv-az194-567.vahfjs35atkulmpwh5ujf4txfe.jx.internal.cloudapp.net, ports: [REPLICATION=44151, RATIS=34695, RATIS_ADMIN=34695, RATIS_SERVER=34695, STANDALONE=41919], networkLocation: /default-rack, certSerialId: null, persistedOpState: IN_SERVICE, persistedOpStateExpiryEpochSec: 0}, ReplicationConfig: RATIS/ONE, State:ALLOCATED, leaderId:685a43de-7e91-4998-9405-9025234a1f5a, CreationTimestamp2022-06-21T13:56:12.262Z[Etc/UTC]] moved to OPEN state
2022-06-21 13:56:15,636 [7ed761f3-2892-425f-b708-b7f52bea56b6@group-D1C1D79771ED-FollowerState] INFO  impl.FollowerState (FollowerState.java:run(143)) - 7ed761f3-2892-425f-b708-b7f52bea56b6@group-D1C1D79771ED-FollowerState: change to CANDIDATE, lastRpcElapsedTime:5063499818ns, electionTimeout:5060ms
2022-06-21 13:56:15,636 [7ed761f3-2892-425f-b708-b7f52bea56b6@group-D1C1D79771ED-FollowerState] INFO  impl.RoleInfo (RoleInfo.java:shutdownFollowerState(110)) - 7ed761f3-2892-425f-b708-b7f52bea56b6: shutdown 7ed761f3-2892-425f-b708-b7f52bea56b6@group-D1C1D79771ED-FollowerState
2022-06-21 13:56:15,636 [7ed761f3-2892-425f-b708-b7f52bea56b6@group-D1C1D79771ED-FollowerState] INFO  server.RaftServer$Division (RaftServerImpl.java:setRole(299)) - 7ed761f3-2892-425f-b708-b7f52bea56b6@group-D1C1D79771ED: changes role from  FOLLOWER to CANDIDATE at term 0 for changeToCandidate
2022-06-21 13:56:15,636 [7ed761f3-2892-425f-b708-b7f52bea56b6@group-D1C1D79771ED-FollowerState] INFO  server.RaftServerConfigKeys (ConfUtils.java:logGet(46)) - raft.server.leaderelection.pre-vote = false (custom)
2022-06-21 13:56:15,636 [7ed761f3-2892-425f-b708-b7f52bea56b6@group-D1C1D79771ED-FollowerState] INFO  impl.RoleInfo (RoleInfo.java:updateAndGet(139)) - 7ed761f3-2892-425f-b708-b7f52bea56b6: start 7ed761f3-2892-425f-b708-b7f52bea56b6@group-D1C1D79771ED-LeaderElection45
2022-06-21 13:56:15,702 [7ed761f3-2892-425f-b708-b7f52bea56b6@group-52BF6DEE87EE-FollowerState] INFO  impl.FollowerState (FollowerState.java:run(143)) - 7ed761f3-2892-425f-b708-b7f52bea56b6@group-52BF6DEE87EE-FollowerState: change to CANDIDATE, lastRpcElapsedTime:5036778033ns, electionTimeout:5004ms
2022-06-21 13:56:15,703 [7ed761f3-2892-425f-b708-b7f52bea56b6@group-52BF6DEE87EE-FollowerState] INFO  impl.RoleInfo (RoleInfo.java:shutdownFollowerState(110)) - 7ed761f3-2892-425f-b708-b7f52bea56b6: shutdown 7ed761f3-2892-425f-b708-b7f52bea56b6@group-52BF6DEE87EE-FollowerState
2022-06-21 13:56:15,703 [7ed761f3-2892-425f-b708-b7f52bea56b6@group-52BF6DEE87EE-FollowerState] INFO  server.RaftServer$Division (RaftServerImpl.java:setRole(299)) - 7ed761f3-2892-425f-b708-b7f52bea56b6@group-52BF6DEE87EE: changes role from  FOLLOWER to CANDIDATE at term 0 for changeToCandidate
2022-06-21 13:56:15,703 [7ed761f3-2892-425f-b708-b7f52bea56b6@group-52BF6DEE87EE-FollowerState] INFO  server.RaftServerConfigKeys (ConfUtils.java:logGet(46)) - raft.server.leaderelection.pre-vote = false (custom)
2022-06-21 13:56:15,703 [7ed761f3-2892-425f-b708-b7f52bea56b6@group-52BF6DEE87EE-FollowerState] INFO  impl.RoleInfo (RoleInfo.java:updateAndGet(139)) - 7ed761f3-2892-425f-b708-b7f52bea56b6: start 7ed761f3-2892-425f-b708-b7f52bea56b6@group-52BF6DEE87EE-LeaderElection46
2022-06-21 13:56:15,735 [7ed761f3-2892-425f-b708-b7f52bea56b6@group-D1C1D79771ED-LeaderElection45] INFO  impl.LeaderElection (LeaderElection.java:askForVotes(310)) - 7ed761f3-2892-425f-b708-b7f52bea56b6@group-D1C1D79771ED-LeaderElection45 ELECTION round 0: submit vote requests at term 1 for -1: [7ed761f3-2892-425f-b708-b7f52bea56b6|rpc:10.1.0.15:37391|priority:1], old=null
2022-06-21 13:56:15,735 [7ed761f3-2892-425f-b708-b7f52bea56b6@group-D1C1D79771ED-LeaderElection45] INFO  impl.LeaderElection (LeaderElection.java:askForVotes(312)) - 7ed761f3-2892-425f-b708-b7f52bea56b6@group-D1C1D79771ED-LeaderElection45 ELECTION round 0: result PASSED (term=1)
2022-06-21 13:56:15,735 [7ed761f3-2892-425f-b708-b7f52bea56b6@group-D1C1D79771ED-LeaderElection45] INFO  impl.RoleInfo (RoleInfo.java:shutdownLeaderElection(130)) - 7ed761f3-2892-425f-b708-b7f52bea56b6: shutdown 7ed761f3-2892-425f-b708-b7f52bea56b6@group-D1C1D79771ED-LeaderElection45
2022-06-21 13:56:15,735 [7ed761f3-2892-425f-b708-b7f52bea56b6@group-D1C1D79771ED-LeaderElection45] INFO  server.RaftServer$Division (RaftServerImpl.java:setRole(299)) - 7ed761f3-2892-425f-b708-b7f52bea56b6@group-D1C1D79771ED: changes role from CANDIDATE to LEADER at term 1 for changeToLeader
2022-06-21 13:56:15,735 [7ed761f3-2892-425f-b708-b7f52bea56b6@group-D1C1D79771ED-LeaderElection45] INFO  ratis.XceiverServerRatis (XceiverServerRatis.java:handleLeaderChangedNotification(863)) - Leader change notification received for group: group-D1C1D79771ED with new leaderId: 7ed761f3-2892-425f-b708-b7f52bea56b6
2022-06-21 13:56:15,735 [7ed761f3-2892-425f-b708-b7f52bea56b6@group-D1C1D79771ED-LeaderElection45] INFO  server.RaftServer$Division (ServerState.java:setLeader(287)) - 7ed761f3-2892-425f-b708-b7f52bea56b6@group-D1C1D79771ED: change Leader from null to 7ed761f3-2892-425f-b708-b7f52bea56b6 at term 1 for becomeLeader, leader elected after 5198ms
2022-06-21 13:56:15,735 [7ed761f3-2892-425f-b708-b7f52bea56b6@group-D1C1D79771ED-LeaderElection45] INFO  server.RaftServerConfigKeys (ConfUtils.java:logGet(46)) - raft.server.staging.catchup.gap = 1000 (default)
2022-06-21 13:56:15,736 [7ed761f3-2892-425f-b708-b7f52bea56b6@group-D1C1D79771ED-LeaderElection45] INFO  server.RaftServerConfigKeys (ConfUtils.java:logGet(46)) - raft.server.write.element-limit = 1024 (custom)
2022-06-21 13:56:15,736 [7ed761f3-2892-425f-b708-b7f52bea56b6@group-D1C1D79771ED-LeaderElection45] INFO  server.RaftServerConfigKeys (ConfUtils.java:logGet(46)) - raft.server.write.byte-limit = 1024 M (=1073741824) (custom)
2022-06-21 13:56:15,736 [7ed761f3-2892-425f-b708-b7f52bea56b6@group-D1C1D79771ED-LeaderElection45] INFO  server.RaftServerConfigKeys (ConfUtils.java:logGet(46)) - raft.server.watch.timeout = 180s (custom)
2022-06-21 13:56:15,736 [7ed761f3-2892-425f-b708-b7f52bea56b6@group-D1C1D79771ED-LeaderElection45] INFO  server.RaftServerConfigKeys (ConfUtils.java:logGet(46)) - raft.server.watch.timeout.denomination = 1s (default)
2022-06-21 13:56:15,736 [7ed761f3-2892-425f-b708-b7f52bea56b6@group-D1C1D79771ED-LeaderElection45] INFO  server.RaftServerConfigKeys (ConfUtils.java:logGet(46)) - raft.server.watch.element-limit = 65536 (default)
2022-06-21 13:56:15,736 [7ed761f3-2892-425f-b708-b7f52bea56b6@group-D1C1D79771ED-LeaderElection45] INFO  server.RaftServerConfigKeys (ConfUtils.java:logGet(46)) - raft.server.write.element-limit = 1024 (custom)
2022-06-21 13:56:15,736 [7ed761f3-2892-425f-b708-b7f52bea56b6@group-D1C1D79771ED-LeaderElection45] INFO  server.RaftServerConfigKeys (ConfUtils.java:logGet(46)) - raft.server.write.follower.gap.ratio.max = -1.0 (default)
2022-06-21 13:56:15,736 [7ed761f3-2892-425f-b708-b7f52bea56b6@group-D1C1D79771ED-LeaderElection45] INFO  impl.RoleInfo (RoleInfo.java:updateAndGet(139)) - 7ed761f3-2892-425f-b708-b7f52bea56b6: start 7ed761f3-2892-425f-b708-b7f52bea56b6@group-D1C1D79771ED-LeaderStateImpl
2022-06-21 13:56:15,737 [7ed761f3-2892-425f-b708-b7f52bea56b6@group-D1C1D79771ED-LeaderElection45] INFO  segmented.SegmentedRaftLogWorker (SegmentedRaftLogWorker.java:startLogSegment(425)) - 7ed761f3-2892-425f-b708-b7f52bea56b6@group-D1C1D79771ED-SegmentedRaftLogWorker: Starting segment from index:0
2022-06-21 13:56:15,738 [7ed761f3-2892-425f-b708-b7f52bea56b6@group-D1C1D79771ED-SegmentedRaftLogWorker] INFO  segmented.SegmentedRaftLogWorker (SegmentedRaftLogWorker.java:execute(629)) - 7ed761f3-2892-425f-b708-b7f52bea56b6@group-D1C1D79771ED-SegmentedRaftLogWorker: created new log segment /home/runner/work/ozone/ozone/hadoop-ozone/integration-test/target/test-dir/MiniOzoneClusterImpl-a6c63143-532c-40e3-90f6-32ed462df7e7/datanode-2/data/ratis/f30d15b6-ef12-498c-8fe8-d1c1d79771ed/current/log_inprogress_0
2022-06-21 13:56:15,768 [7ed761f3-2892-425f-b708-b7f52bea56b6@group-D1C1D79771ED-LeaderElection45] INFO  server.RaftServer$Division (ServerState.java:setRaftConf(393)) - 7ed761f3-2892-425f-b708-b7f52bea56b6@group-D1C1D79771ED: set configuration 0: [7ed761f3-2892-425f-b708-b7f52bea56b6|rpc:10.1.0.15:37391|dataStream:|priority:1], old=null
2022-06-21 13:56:15,801 [Listener at 127.0.0.1/33745] INFO  rpc.RpcClient (RpcClient.java:createVolume(466)) - Creating Volume: volume37829, with user06654 as owner and space quota set to -1 bytes, counts quota set to -1
2022-06-21 13:56:15,835 [IPC Server handler 4 on default port 33745] INFO  volume.OMVolumeCreateRequest (OMVolumeCreateRequest.java:validateAndUpdateCache(195)) - created volume:volume37829 for user:user06654
2022-06-21 13:56:15,835 [661906f5-178f-45a1-86e2-0540bf739913@group-52BF6DEE87EE-FollowerState] INFO  impl.FollowerState (FollowerState.java:run(143)) - 661906f5-178f-45a1-86e2-0540bf739913@group-52BF6DEE87EE-FollowerState: change to CANDIDATE, lastRpcElapsedTime:5120745985ns, electionTimeout:5023ms
2022-06-21 13:56:15,835 [661906f5-178f-45a1-86e2-0540bf739913@group-52BF6DEE87EE-FollowerState] INFO  impl.RoleInfo (RoleInfo.java:shutdownFollowerState(110)) - 661906f5-178f-45a1-86e2-0540bf739913: shutdown 661906f5-178f-45a1-86e2-0540bf739913@group-52BF6DEE87EE-FollowerState
2022-06-21 13:56:15,835 [661906f5-178f-45a1-86e2-0540bf739913@group-52BF6DEE87EE-FollowerState] INFO  server.RaftServer$Division (RaftServerImpl.java:setRole(299)) - 661906f5-178f-45a1-86e2-0540bf739913@group-52BF6DEE87EE: changes role from  FOLLOWER to CANDIDATE at term 0 for changeToCandidate
2022-06-21 13:56:15,835 [661906f5-178f-45a1-86e2-0540bf739913@group-52BF6DEE87EE-FollowerState] INFO  server.RaftServerConfigKeys (ConfUtils.java:logGet(46)) - raft.server.leaderelection.pre-vote = false (custom)
2022-06-21 13:56:15,835 [661906f5-178f-45a1-86e2-0540bf739913@group-52BF6DEE87EE-FollowerState] INFO  impl.RoleInfo (RoleInfo.java:updateAndGet(139)) - 661906f5-178f-45a1-86e2-0540bf739913: start 661906f5-178f-45a1-86e2-0540bf739913@group-52BF6DEE87EE-LeaderElection47
2022-06-21 13:56:15,851 [7ed761f3-2892-425f-b708-b7f52bea56b6@group-52BF6DEE87EE-LeaderElection46] INFO  impl.LeaderElection (LeaderElection.java:askForVotes(310)) - 7ed761f3-2892-425f-b708-b7f52bea56b6@group-52BF6DEE87EE-LeaderElection46 ELECTION round 0: submit vote requests at term 1 for -1: [7ed761f3-2892-425f-b708-b7f52bea56b6|rpc:10.1.0.15:37391|priority:1, 0c36eeb7-8db8-48cb-9437-34913146bd8b|rpc:10.1.0.15:38615|priority:0, 661906f5-178f-45a1-86e2-0540bf739913|rpc:10.1.0.15:44467|priority:0], old=null
2022-06-21 13:56:15,905 [661906f5-178f-45a1-86e2-0540bf739913@group-52BF6DEE87EE-LeaderElection47] INFO  impl.LeaderElection (LeaderElection.java:askForVotes(310)) - 661906f5-178f-45a1-86e2-0540bf739913@group-52BF6DEE87EE-LeaderElection47 ELECTION round 0: submit vote requests at term 1 for -1: [7ed761f3-2892-425f-b708-b7f52bea56b6|rpc:10.1.0.15:37391|priority:1, 0c36eeb7-8db8-48cb-9437-34913146bd8b|rpc:10.1.0.15:38615|priority:0, 661906f5-178f-45a1-86e2-0540bf739913|rpc:10.1.0.15:44467|priority:0], old=null
2022-06-21 13:56:15,954 [0c36eeb7-8db8-48cb-9437-34913146bd8b@group-52BF6DEE87EE-FollowerState] INFO  impl.FollowerState (FollowerState.java:run(143)) - 0c36eeb7-8db8-48cb-9437-34913146bd8b@group-52BF6DEE87EE-FollowerState: change to CANDIDATE, lastRpcElapsedTime:5125298155ns, electionTimeout:5052ms
2022-06-21 13:56:15,954 [0c36eeb7-8db8-48cb-9437-34913146bd8b@group-52BF6DEE87EE-FollowerState] INFO  impl.RoleInfo (RoleInfo.java:shutdownFollowerState(110)) - 0c36eeb7-8db8-48cb-9437-34913146bd8b: shutdown 0c36eeb7-8db8-48cb-9437-34913146bd8b@group-52BF6DEE87EE-FollowerState
2022-06-21 13:56:15,954 [0c36eeb7-8db8-48cb-9437-34913146bd8b@group-52BF6DEE87EE-FollowerState] INFO  server.RaftServer$Division (RaftServerImpl.java:setRole(299)) - 0c36eeb7-8db8-48cb-9437-34913146bd8b@group-52BF6DEE87EE: changes role from  FOLLOWER to CANDIDATE at term 0 for changeToCandidate
2022-06-21 13:56:15,954 [0c36eeb7-8db8-48cb-9437-34913146bd8b@group-52BF6DEE87EE-FollowerState] INFO  server.RaftServerConfigKeys (ConfUtils.java:logGet(46)) - raft.server.leaderelection.pre-vote = false (custom)
2022-06-21 13:56:15,955 [0c36eeb7-8db8-48cb-9437-34913146bd8b@group-52BF6DEE87EE-FollowerState] INFO  impl.RoleInfo (RoleInfo.java:updateAndGet(139)) - 0c36eeb7-8db8-48cb-9437-34913146bd8b: start 0c36eeb7-8db8-48cb-9437-34913146bd8b@group-52BF6DEE87EE-LeaderElection48
2022-06-21 13:56:15,972 [grpc-default-executor-3] INFO  server.RaftServer$Division (RaftServerImpl.java:requestVote(1152)) - 7ed761f3-2892-425f-b708-b7f52bea56b6@group-52BF6DEE87EE: receive requestVote(ELECTION, 661906f5-178f-45a1-86e2-0540bf739913, group-52BF6DEE87EE, 1, (t:0, i:0))
2022-06-21 13:56:15,972 [grpc-default-executor-3] INFO  impl.VoteContext (VoteContext.java:log(48)) - 7ed761f3-2892-425f-b708-b7f52bea56b6@group-52BF6DEE87EE-CANDIDATE: reject ELECTION from 661906f5-178f-45a1-86e2-0540bf739913: already has voted for 7ed761f3-2892-425f-b708-b7f52bea56b6 at current term 1
2022-06-21 13:56:15,972 [grpc-default-executor-3] INFO  server.RaftServer$Division (RaftServerImpl.java:requestVote(1184)) - 7ed761f3-2892-425f-b708-b7f52bea56b6@group-52BF6DEE87EE replies to ELECTION vote request: 661906f5-178f-45a1-86e2-0540bf739913<-7ed761f3-2892-425f-b708-b7f52bea56b6#0:FAIL-t1. Peer's state: 7ed761f3-2892-425f-b708-b7f52bea56b6@group-52BF6DEE87EE:t1, leader=null, voted=7ed761f3-2892-425f-b708-b7f52bea56b6, raftlog=7ed761f3-2892-425f-b708-b7f52bea56b6@group-52BF6DEE87EE-SegmentedRaftLog:OPENED:c-1, conf=-1: [7ed761f3-2892-425f-b708-b7f52bea56b6|rpc:10.1.0.15:37391|priority:1, 0c36eeb7-8db8-48cb-9437-34913146bd8b|rpc:10.1.0.15:38615|priority:0, 661906f5-178f-45a1-86e2-0540bf739913|rpc:10.1.0.15:44467|priority:0], old=null
2022-06-21 13:56:15,999 [661906f5-178f-45a1-86e2-0540bf739913@group-52BF6DEE87EE-LeaderElection47] INFO  impl.LeaderElection (LeaderElection.java:logAndReturn(90)) - 661906f5-178f-45a1-86e2-0540bf739913@group-52BF6DEE87EE-LeaderElection47: ELECTION REJECTED received 1 response(s) and 0 exception(s):
2022-06-21 13:56:15,999 [661906f5-178f-45a1-86e2-0540bf739913@group-52BF6DEE87EE-LeaderElection47] INFO  impl.LeaderElection (LeaderElection.java:logAndReturn(94)) -   Response 0: 661906f5-178f-45a1-86e2-0540bf739913<-7ed761f3-2892-425f-b708-b7f52bea56b6#0:FAIL-t1
2022-06-21 13:56:15,999 [661906f5-178f-45a1-86e2-0540bf739913@group-52BF6DEE87EE-LeaderElection47] INFO  impl.LeaderElection (LeaderElection.java:askForVotes(312)) - 661906f5-178f-45a1-86e2-0540bf739913@group-52BF6DEE87EE-LeaderElection47 ELECTION round 0: result REJECTED
2022-06-21 13:56:15,999 [661906f5-178f-45a1-86e2-0540bf739913@group-52BF6DEE87EE-LeaderElection47] INFO  server.RaftServer$Division (RaftServerImpl.java:setRole(299)) - 661906f5-178f-45a1-86e2-0540bf739913@group-52BF6DEE87EE: changes role from CANDIDATE to FOLLOWER at term 1 for REJECTED
2022-06-21 13:56:15,999 [661906f5-178f-45a1-86e2-0540bf739913@group-52BF6DEE87EE-LeaderElection47] INFO  impl.RoleInfo (RoleInfo.java:shutdownLeaderElection(130)) - 661906f5-178f-45a1-86e2-0540bf739913: shutdown 661906f5-178f-45a1-86e2-0540bf739913@group-52BF6DEE87EE-LeaderElection47
2022-06-21 13:56:15,999 [661906f5-178f-45a1-86e2-0540bf739913@group-52BF6DEE87EE-LeaderElection47] INFO  impl.RoleInfo (RoleInfo.java:updateAndGet(139)) - 661906f5-178f-45a1-86e2-0540bf739913: start 661906f5-178f-45a1-86e2-0540bf739913@group-52BF6DEE87EE-FollowerState
2022-06-21 13:56:16,000 [Listener at 127.0.0.1/33745] INFO  rpc.RpcClient (RpcClient.java:createBucket(666)) - Creating Bucket: volume37829/bucket78784, with the Bucket Layout LEGACY, runner as owner, Versioning false, Storage Type set to DISK and Encryption set to false 
2022-06-21 13:56:16,040 [grpc-default-executor-0] INFO  server.RaftServer$Division (RaftServerImpl.java:requestVote(1152)) - 0c36eeb7-8db8-48cb-9437-34913146bd8b@group-52BF6DEE87EE: receive requestVote(ELECTION, 661906f5-178f-45a1-86e2-0540bf739913, group-52BF6DEE87EE, 1, (t:0, i:0))
2022-06-21 13:56:16,041 [IPC Server handler 6 on default port 33745] INFO  bucket.OMBucketCreateRequest (OMBucketCreateRequest.java:validateAndUpdateCache(260)) - created bucket: bucket78784 of layout LEGACY in volume: volume37829
2022-06-21 13:56:16,044 [0c36eeb7-8db8-48cb-9437-34913146bd8b@group-52BF6DEE87EE-LeaderElection48] INFO  impl.LeaderElection (LeaderElection.java:askForVotes(310)) - 0c36eeb7-8db8-48cb-9437-34913146bd8b@group-52BF6DEE87EE-LeaderElection48 ELECTION round 0: submit vote requests at term 1 for -1: [7ed761f3-2892-425f-b708-b7f52bea56b6|rpc:10.1.0.15:37391|dataStream:|priority:1, 0c36eeb7-8db8-48cb-9437-34913146bd8b|rpc:10.1.0.15:38615|dataStream:|priority:0, 661906f5-178f-45a1-86e2-0540bf739913|rpc:10.1.0.15:44467|dataStream:|priority:0], old=null
2022-06-21 13:56:16,071 [grpc-default-executor-0] INFO  impl.VoteContext (VoteContext.java:log(48)) - 0c36eeb7-8db8-48cb-9437-34913146bd8b@group-52BF6DEE87EE-CANDIDATE: reject ELECTION from 661906f5-178f-45a1-86e2-0540bf739913: already has voted for 0c36eeb7-8db8-48cb-9437-34913146bd8b at current term 1
2022-06-21 13:56:16,071 [grpc-default-executor-0] INFO  server.RaftServer$Division (RaftServerImpl.java:requestVote(1184)) - 0c36eeb7-8db8-48cb-9437-34913146bd8b@group-52BF6DEE87EE replies to ELECTION vote request: 661906f5-178f-45a1-86e2-0540bf739913<-0c36eeb7-8db8-48cb-9437-34913146bd8b#0:FAIL-t1. Peer's state: 0c36eeb7-8db8-48cb-9437-34913146bd8b@group-52BF6DEE87EE:t1, leader=null, voted=0c36eeb7-8db8-48cb-9437-34913146bd8b, raftlog=0c36eeb7-8db8-48cb-9437-34913146bd8b@group-52BF6DEE87EE-SegmentedRaftLog:OPENED:c-1, conf=-1: [7ed761f3-2892-425f-b708-b7f52bea56b6|rpc:10.1.0.15:37391|dataStream:|priority:1, 0c36eeb7-8db8-48cb-9437-34913146bd8b|rpc:10.1.0.15:38615|dataStream:|priority:0, 661906f5-178f-45a1-86e2-0540bf739913|rpc:10.1.0.15:44467|dataStream:|priority:0], old=null
2022-06-21 13:56:16,074 [grpc-default-executor-3] INFO  server.RaftServer$Division (RaftServerImpl.java:requestVote(1152)) - 661906f5-178f-45a1-86e2-0540bf739913@group-52BF6DEE87EE: receive requestVote(ELECTION, 7ed761f3-2892-425f-b708-b7f52bea56b6, group-52BF6DEE87EE, 1, (t:0, i:0))
2022-06-21 13:56:16,075 [grpc-default-executor-3] INFO  impl.VoteContext (VoteContext.java:log(48)) - 661906f5-178f-45a1-86e2-0540bf739913@group-52BF6DEE87EE-FOLLOWER: reject ELECTION from 7ed761f3-2892-425f-b708-b7f52bea56b6: already has voted for 661906f5-178f-45a1-86e2-0540bf739913 at current term 1
2022-06-21 13:56:16,074 [grpc-default-executor-1] INFO  server.RaftServer$Division (RaftServerImpl.java:requestVote(1152)) - 0c36eeb7-8db8-48cb-9437-34913146bd8b@group-52BF6DEE87EE: receive requestVote(ELECTION, 7ed761f3-2892-425f-b708-b7f52bea56b6, group-52BF6DEE87EE, 1, (t:0, i:0))
2022-06-21 13:56:16,075 [grpc-default-executor-3] INFO  server.RaftServer$Division (RaftServerImpl.java:requestVote(1184)) - 661906f5-178f-45a1-86e2-0540bf739913@group-52BF6DEE87EE replies to ELECTION vote request: 7ed761f3-2892-425f-b708-b7f52bea56b6<-661906f5-178f-45a1-86e2-0540bf739913#0:FAIL-t1. Peer's state: 661906f5-178f-45a1-86e2-0540bf739913@group-52BF6DEE87EE:t1, leader=null, voted=661906f5-178f-45a1-86e2-0540bf739913, raftlog=661906f5-178f-45a1-86e2-0540bf739913@group-52BF6DEE87EE-SegmentedRaftLog:OPENED:c-1, conf=-1: [7ed761f3-2892-425f-b708-b7f52bea56b6|rpc:10.1.0.15:37391|priority:1, 0c36eeb7-8db8-48cb-9437-34913146bd8b|rpc:10.1.0.15:38615|priority:0, 661906f5-178f-45a1-86e2-0540bf739913|rpc:10.1.0.15:44467|priority:0], old=null
2022-06-21 13:56:16,075 [grpc-default-executor-1] INFO  impl.VoteContext (VoteContext.java:log(48)) - 0c36eeb7-8db8-48cb-9437-34913146bd8b@group-52BF6DEE87EE-CANDIDATE: reject ELECTION from 7ed761f3-2892-425f-b708-b7f52bea56b6: already has voted for 0c36eeb7-8db8-48cb-9437-34913146bd8b at current term 1
2022-06-21 13:56:16,075 [grpc-default-executor-1] INFO  server.RaftServer$Division (RaftServerImpl.java:requestVote(1184)) - 0c36eeb7-8db8-48cb-9437-34913146bd8b@group-52BF6DEE87EE replies to ELECTION vote request: 7ed761f3-2892-425f-b708-b7f52bea56b6<-0c36eeb7-8db8-48cb-9437-34913146bd8b#0:FAIL-t1. Peer's state: 0c36eeb7-8db8-48cb-9437-34913146bd8b@group-52BF6DEE87EE:t1, leader=null, voted=0c36eeb7-8db8-48cb-9437-34913146bd8b, raftlog=0c36eeb7-8db8-48cb-9437-34913146bd8b@group-52BF6DEE87EE-SegmentedRaftLog:OPENED:c-1, conf=-1: [7ed761f3-2892-425f-b708-b7f52bea56b6|rpc:10.1.0.15:37391|dataStream:|priority:1, 0c36eeb7-8db8-48cb-9437-34913146bd8b|rpc:10.1.0.15:38615|dataStream:|priority:0, 661906f5-178f-45a1-86e2-0540bf739913|rpc:10.1.0.15:44467|dataStream:|priority:0], old=null
2022-06-21 13:56:16,119 [7ed761f3-2892-425f-b708-b7f52bea56b6@group-52BF6DEE87EE-LeaderElection46] INFO  impl.LeaderElection (LeaderElection.java:logAndReturn(90)) - 7ed761f3-2892-425f-b708-b7f52bea56b6@group-52BF6DEE87EE-LeaderElection46: ELECTION REJECTED received 2 response(s) and 0 exception(s):
2022-06-21 13:56:16,119 [7ed761f3-2892-425f-b708-b7f52bea56b6@group-52BF6DEE87EE-LeaderElection46] INFO  impl.LeaderElection (LeaderElection.java:logAndReturn(94)) -   Response 0: 7ed761f3-2892-425f-b708-b7f52bea56b6<-0c36eeb7-8db8-48cb-9437-34913146bd8b#0:FAIL-t1
2022-06-21 13:56:16,119 [7ed761f3-2892-425f-b708-b7f52bea56b6@group-52BF6DEE87EE-LeaderElection46] INFO  impl.LeaderElection (LeaderElection.java:logAndReturn(94)) -   Response 1: 7ed761f3-2892-425f-b708-b7f52bea56b6<-661906f5-178f-45a1-86e2-0540bf739913#0:FAIL-t1
2022-06-21 13:56:16,119 [7ed761f3-2892-425f-b708-b7f52bea56b6@group-52BF6DEE87EE-LeaderElection46] INFO  impl.LeaderElection (LeaderElection.java:askForVotes(312)) - 7ed761f3-2892-425f-b708-b7f52bea56b6@group-52BF6DEE87EE-LeaderElection46 ELECTION round 0: result REJECTED
2022-06-21 13:56:16,119 [7ed761f3-2892-425f-b708-b7f52bea56b6@group-52BF6DEE87EE-LeaderElection46] INFO  server.RaftServer$Division (RaftServerImpl.java:setRole(299)) - 7ed761f3-2892-425f-b708-b7f52bea56b6@group-52BF6DEE87EE: changes role from CANDIDATE to FOLLOWER at term 1 for REJECTED
2022-06-21 13:56:16,149 [7ed761f3-2892-425f-b708-b7f52bea56b6@group-52BF6DEE87EE-LeaderElection46] INFO  impl.RoleInfo (RoleInfo.java:shutdownLeaderElection(130)) - 7ed761f3-2892-425f-b708-b7f52bea56b6: shutdown 7ed761f3-2892-425f-b708-b7f52bea56b6@group-52BF6DEE87EE-LeaderElection46
2022-06-21 13:56:16,149 [7ed761f3-2892-425f-b708-b7f52bea56b6@group-52BF6DEE87EE-LeaderElection46] INFO  impl.RoleInfo (RoleInfo.java:updateAndGet(139)) - 7ed761f3-2892-425f-b708-b7f52bea56b6: start 7ed761f3-2892-425f-b708-b7f52bea56b6@group-52BF6DEE87EE-FollowerState
2022-06-21 13:56:16,159 [0c36eeb7-8db8-48cb-9437-34913146bd8b@group-D53D63FC8F22-FollowerState] INFO  impl.FollowerState (FollowerState.java:run(143)) - 0c36eeb7-8db8-48cb-9437-34913146bd8b@group-D53D63FC8F22-FollowerState: change to CANDIDATE, lastRpcElapsedTime:5070646797ns, electionTimeout:5060ms
2022-06-21 13:56:16,159 [0c36eeb7-8db8-48cb-9437-34913146bd8b@group-D53D63FC8F22-FollowerState] INFO  impl.RoleInfo (RoleInfo.java:shutdownFollowerState(110)) - 0c36eeb7-8db8-48cb-9437-34913146bd8b: shutdown 0c36eeb7-8db8-48cb-9437-34913146bd8b@group-D53D63FC8F22-FollowerState
2022-06-21 13:56:16,159 [0c36eeb7-8db8-48cb-9437-34913146bd8b@group-D53D63FC8F22-FollowerState] INFO  server.RaftServer$Division (RaftServerImpl.java:setRole(299)) - 0c36eeb7-8db8-48cb-9437-34913146bd8b@group-D53D63FC8F22: changes role from  FOLLOWER to CANDIDATE at term 0 for changeToCandidate
2022-06-21 13:56:16,164 [0c36eeb7-8db8-48cb-9437-34913146bd8b@group-D53D63FC8F22-FollowerState] INFO  server.RaftServerConfigKeys (ConfUtils.java:logGet(46)) - raft.server.leaderelection.pre-vote = false (custom)
2022-06-21 13:56:16,164 [0c36eeb7-8db8-48cb-9437-34913146bd8b@group-D53D63FC8F22-FollowerState] INFO  impl.RoleInfo (RoleInfo.java:updateAndGet(139)) - 0c36eeb7-8db8-48cb-9437-34913146bd8b: start 0c36eeb7-8db8-48cb-9437-34913146bd8b@group-D53D63FC8F22-LeaderElection49
2022-06-21 13:56:16,173 [grpc-default-executor-3] INFO  server.RaftServer$Division (RaftServerImpl.java:requestVote(1152)) - 7ed761f3-2892-425f-b708-b7f52bea56b6@group-52BF6DEE87EE: receive requestVote(ELECTION, 0c36eeb7-8db8-48cb-9437-34913146bd8b, group-52BF6DEE87EE, 1, (t:0, i:0))
2022-06-21 13:56:16,173 [grpc-default-executor-3] INFO  impl.VoteContext (VoteContext.java:log(48)) - 7ed761f3-2892-425f-b708-b7f52bea56b6@group-52BF6DEE87EE-FOLLOWER: reject ELECTION from 0c36eeb7-8db8-48cb-9437-34913146bd8b: already has voted for 7ed761f3-2892-425f-b708-b7f52bea56b6 at current term 1
2022-06-21 13:56:16,173 [grpc-default-executor-3] INFO  server.RaftServer$Division (RaftServerImpl.java:requestVote(1184)) - 7ed761f3-2892-425f-b708-b7f52bea56b6@group-52BF6DEE87EE replies to ELECTION vote request: 0c36eeb7-8db8-48cb-9437-34913146bd8b<-7ed761f3-2892-425f-b708-b7f52bea56b6#0:FAIL-t1. Peer's state: 7ed761f3-2892-425f-b708-b7f52bea56b6@group-52BF6DEE87EE:t1, leader=null, voted=7ed761f3-2892-425f-b708-b7f52bea56b6, raftlog=7ed761f3-2892-425f-b708-b7f52bea56b6@group-52BF6DEE87EE-SegmentedRaftLog:OPENED:c-1, conf=-1: [7ed761f3-2892-425f-b708-b7f52bea56b6|rpc:10.1.0.15:37391|priority:1, 0c36eeb7-8db8-48cb-9437-34913146bd8b|rpc:10.1.0.15:38615|priority:0, 661906f5-178f-45a1-86e2-0540bf739913|rpc:10.1.0.15:44467|priority:0], old=null
2022-06-21 13:56:16,173 [grpc-default-executor-1] INFO  server.RaftServer$Division (RaftServerImpl.java:requestVote(1152)) - 661906f5-178f-45a1-86e2-0540bf739913@group-52BF6DEE87EE: receive requestVote(ELECTION, 0c36eeb7-8db8-48cb-9437-34913146bd8b, group-52BF6DEE87EE, 1, (t:0, i:0))
2022-06-21 13:56:16,174 [grpc-default-executor-1] INFO  impl.VoteContext (VoteContext.java:log(48)) - 661906f5-178f-45a1-86e2-0540bf739913@group-52BF6DEE87EE-FOLLOWER: reject ELECTION from 0c36eeb7-8db8-48cb-9437-34913146bd8b: already has voted for 661906f5-178f-45a1-86e2-0540bf739913 at current term 1
2022-06-21 13:56:16,174 [grpc-default-executor-1] INFO  server.RaftServer$Division (RaftServerImpl.java:requestVote(1184)) - 661906f5-178f-45a1-86e2-0540bf739913@group-52BF6DEE87EE replies to ELECTION vote request: 0c36eeb7-8db8-48cb-9437-34913146bd8b<-661906f5-178f-45a1-86e2-0540bf739913#0:FAIL-t1. Peer's state: 661906f5-178f-45a1-86e2-0540bf739913@group-52BF6DEE87EE:t1, leader=null, voted=661906f5-178f-45a1-86e2-0540bf739913, raftlog=661906f5-178f-45a1-86e2-0540bf739913@group-52BF6DEE87EE-SegmentedRaftLog:OPENED:c-1, conf=-1: [7ed761f3-2892-425f-b708-b7f52bea56b6|rpc:10.1.0.15:37391|priority:1, 0c36eeb7-8db8-48cb-9437-34913146bd8b|rpc:10.1.0.15:38615|priority:0, 661906f5-178f-45a1-86e2-0540bf739913|rpc:10.1.0.15:44467|priority:0], old=null
2022-06-21 13:56:16,176 [0c36eeb7-8db8-48cb-9437-34913146bd8b@group-52BF6DEE87EE-LeaderElection48] INFO  impl.LeaderElection (LeaderElection.java:logAndReturn(90)) - 0c36eeb7-8db8-48cb-9437-34913146bd8b@group-52BF6DEE87EE-LeaderElection48: ELECTION REJECTED received 1 response(s) and 0 exception(s):
2022-06-21 13:56:16,176 [0c36eeb7-8db8-48cb-9437-34913146bd8b@group-52BF6DEE87EE-LeaderElection48] INFO  impl.LeaderElection (LeaderElection.java:logAndReturn(94)) -   Response 0: 0c36eeb7-8db8-48cb-9437-34913146bd8b<-7ed761f3-2892-425f-b708-b7f52bea56b6#0:FAIL-t1
2022-06-21 13:56:16,176 [0c36eeb7-8db8-48cb-9437-34913146bd8b@group-52BF6DEE87EE-LeaderElection48] INFO  impl.LeaderElection (LeaderElection.java:askForVotes(312)) - 0c36eeb7-8db8-48cb-9437-34913146bd8b@group-52BF6DEE87EE-LeaderElection48 ELECTION round 0: result REJECTED
2022-06-21 13:56:16,176 [0c36eeb7-8db8-48cb-9437-34913146bd8b@group-52BF6DEE87EE-LeaderElection48] INFO  server.RaftServer$Division (RaftServerImpl.java:setRole(299)) - 0c36eeb7-8db8-48cb-9437-34913146bd8b@group-52BF6DEE87EE: changes role from CANDIDATE to FOLLOWER at term 1 for REJECTED
2022-06-21 13:56:16,176 [0c36eeb7-8db8-48cb-9437-34913146bd8b@group-52BF6DEE87EE-LeaderElection48] INFO  impl.RoleInfo (RoleInfo.java:shutdownLeaderElection(130)) - 0c36eeb7-8db8-48cb-9437-34913146bd8b: shutdown 0c36eeb7-8db8-48cb-9437-34913146bd8b@group-52BF6DEE87EE-LeaderElection48
2022-06-21 13:56:16,176 [0c36eeb7-8db8-48cb-9437-34913146bd8b@group-52BF6DEE87EE-LeaderElection48] INFO  impl.RoleInfo (RoleInfo.java:updateAndGet(139)) - 0c36eeb7-8db8-48cb-9437-34913146bd8b: start 0c36eeb7-8db8-48cb-9437-34913146bd8b@group-52BF6DEE87EE-FollowerState
]]></system-out>
  </testcase>
  <testcase name="testSeekOnFileLength" classname="TestOzoneFileSystem" time="0.801">
    <system-out><![CDATA[2022-06-21 13:52:45,811 [IPC Server handler 1 on default port 42607] INFO  ha.SequenceIdGenerator (SequenceIdGenerator.java:getNextId(127)) - Allocate a batch for containerId, change lastId from 0 to 1000.
2022-06-21 13:52:45,820 [IPC Server handler 1 on default port 42607] WARN  ha.SequenceIdGenerator (SequenceIdGenerator.java:allocateBatch(235)) - Failed to allocate a batch for localId, expected lastId is 0, actual lastId is 109611004723200000.
2022-06-21 13:52:45,820 [IPC Server handler 1 on default port 42607] INFO  ha.SequenceIdGenerator (SequenceIdGenerator.java:getNextId(127)) - Allocate a batch for localId, change lastId from 109611004723200000 to 109611004723201000.
2022-06-21 13:52:45,906 [Time-limited test] INFO  impl.MetricsSystemImpl (MetricsSystemImpl.java:init(158)) - XceiverClientMetrics metrics system started (again)
2022-06-21 13:52:46,106 [102d38b5-77ec-475a-945b-de2dedc34e4f@group-4FEC5D3AD52A-FollowerState] INFO  impl.FollowerState (FollowerState.java:run(143)) - 102d38b5-77ec-475a-945b-de2dedc34e4f@group-4FEC5D3AD52A-FollowerState: change to CANDIDATE, lastRpcElapsedTime:5068804011ns, electionTimeout:5068ms
2022-06-21 13:52:46,106 [102d38b5-77ec-475a-945b-de2dedc34e4f@group-4FEC5D3AD52A-FollowerState] INFO  impl.RoleInfo (RoleInfo.java:shutdownFollowerState(110)) - 102d38b5-77ec-475a-945b-de2dedc34e4f: shutdown 102d38b5-77ec-475a-945b-de2dedc34e4f@group-4FEC5D3AD52A-FollowerState
2022-06-21 13:52:46,107 [102d38b5-77ec-475a-945b-de2dedc34e4f@group-4FEC5D3AD52A-FollowerState] INFO  server.RaftServer$Division (RaftServerImpl.java:setRole(299)) - 102d38b5-77ec-475a-945b-de2dedc34e4f@group-4FEC5D3AD52A: changes role from  FOLLOWER to CANDIDATE at term 0 for changeToCandidate
2022-06-21 13:52:46,107 [102d38b5-77ec-475a-945b-de2dedc34e4f@group-4FEC5D3AD52A-FollowerState] INFO  server.RaftServerConfigKeys (ConfUtils.java:logGet(46)) - raft.server.leaderelection.pre-vote = false (custom)
2022-06-21 13:52:46,107 [102d38b5-77ec-475a-945b-de2dedc34e4f@group-4FEC5D3AD52A-FollowerState] INFO  impl.RoleInfo (RoleInfo.java:updateAndGet(139)) - 102d38b5-77ec-475a-945b-de2dedc34e4f: start 102d38b5-77ec-475a-945b-de2dedc34e4f@group-4FEC5D3AD52A-LeaderElection9
2022-06-21 13:52:46,131 [102d38b5-77ec-475a-945b-de2dedc34e4f@group-4FEC5D3AD52A-LeaderElection9] INFO  impl.LeaderElection (LeaderElection.java:askForVotes(310)) - 102d38b5-77ec-475a-945b-de2dedc34e4f@group-4FEC5D3AD52A-LeaderElection9 ELECTION round 0: submit vote requests at term 1 for -1: [102d38b5-77ec-475a-945b-de2dedc34e4f|rpc:10.1.0.15:41439|priority:1], old=null
2022-06-21 13:52:46,131 [102d38b5-77ec-475a-945b-de2dedc34e4f@group-4FEC5D3AD52A-LeaderElection9] INFO  impl.LeaderElection (LeaderElection.java:askForVotes(312)) - 102d38b5-77ec-475a-945b-de2dedc34e4f@group-4FEC5D3AD52A-LeaderElection9 ELECTION round 0: result PASSED (term=1)
2022-06-21 13:52:46,132 [102d38b5-77ec-475a-945b-de2dedc34e4f@group-4FEC5D3AD52A-LeaderElection9] INFO  impl.RoleInfo (RoleInfo.java:shutdownLeaderElection(130)) - 102d38b5-77ec-475a-945b-de2dedc34e4f: shutdown 102d38b5-77ec-475a-945b-de2dedc34e4f@group-4FEC5D3AD52A-LeaderElection9
2022-06-21 13:52:46,132 [102d38b5-77ec-475a-945b-de2dedc34e4f@group-4FEC5D3AD52A-LeaderElection9] INFO  server.RaftServer$Division (RaftServerImpl.java:setRole(299)) - 102d38b5-77ec-475a-945b-de2dedc34e4f@group-4FEC5D3AD52A: changes role from CANDIDATE to LEADER at term 1 for changeToLeader
2022-06-21 13:52:46,133 [102d38b5-77ec-475a-945b-de2dedc34e4f@group-4FEC5D3AD52A-LeaderElection9] INFO  ratis.XceiverServerRatis (XceiverServerRatis.java:handleLeaderChangedNotification(863)) - Leader change notification received for group: group-4FEC5D3AD52A with new leaderId: 102d38b5-77ec-475a-945b-de2dedc34e4f
2022-06-21 13:52:46,134 [102d38b5-77ec-475a-945b-de2dedc34e4f@group-4FEC5D3AD52A-LeaderElection9] INFO  server.RaftServer$Division (ServerState.java:setLeader(287)) - 102d38b5-77ec-475a-945b-de2dedc34e4f@group-4FEC5D3AD52A: change Leader from null to 102d38b5-77ec-475a-945b-de2dedc34e4f at term 1 for becomeLeader, leader elected after 5102ms
2022-06-21 13:52:46,134 [102d38b5-77ec-475a-945b-de2dedc34e4f@group-4FEC5D3AD52A-LeaderElection9] INFO  server.RaftServerConfigKeys (ConfUtils.java:logGet(46)) - raft.server.staging.catchup.gap = 1000 (default)
2022-06-21 13:52:46,137 [102d38b5-77ec-475a-945b-de2dedc34e4f@group-4FEC5D3AD52A-LeaderElection9] INFO  server.RaftServerConfigKeys (ConfUtils.java:logGet(46)) - raft.server.write.element-limit = 1024 (custom)
2022-06-21 13:52:46,137 [102d38b5-77ec-475a-945b-de2dedc34e4f@group-4FEC5D3AD52A-LeaderElection9] INFO  server.RaftServerConfigKeys (ConfUtils.java:logGet(46)) - raft.server.write.byte-limit = 1024 M (=1073741824) (custom)
2022-06-21 13:52:46,137 [102d38b5-77ec-475a-945b-de2dedc34e4f@group-4FEC5D3AD52A-LeaderElection9] INFO  server.RaftServerConfigKeys (ConfUtils.java:logGet(46)) - raft.server.watch.timeout = 180s (custom)
2022-06-21 13:52:46,137 [102d38b5-77ec-475a-945b-de2dedc34e4f@group-4FEC5D3AD52A-LeaderElection9] INFO  server.RaftServerConfigKeys (ConfUtils.java:logGet(46)) - raft.server.watch.timeout.denomination = 1s (default)
2022-06-21 13:52:46,137 [102d38b5-77ec-475a-945b-de2dedc34e4f@group-4FEC5D3AD52A-LeaderElection9] INFO  server.RaftServerConfigKeys (ConfUtils.java:logGet(46)) - raft.server.watch.element-limit = 65536 (default)
2022-06-21 13:52:46,138 [102d38b5-77ec-475a-945b-de2dedc34e4f@group-4FEC5D3AD52A-LeaderElection9] INFO  server.RaftServerConfigKeys (ConfUtils.java:logGet(46)) - raft.server.write.element-limit = 1024 (custom)
2022-06-21 13:52:46,138 [102d38b5-77ec-475a-945b-de2dedc34e4f@group-4FEC5D3AD52A-LeaderElection9] INFO  server.RaftServerConfigKeys (ConfUtils.java:logGet(46)) - raft.server.write.follower.gap.ratio.max = -1.0 (default)
2022-06-21 13:52:46,138 [102d38b5-77ec-475a-945b-de2dedc34e4f@group-4FEC5D3AD52A-LeaderElection9] INFO  impl.RoleInfo (RoleInfo.java:updateAndGet(139)) - 102d38b5-77ec-475a-945b-de2dedc34e4f: start 102d38b5-77ec-475a-945b-de2dedc34e4f@group-4FEC5D3AD52A-LeaderStateImpl
2022-06-21 13:52:46,139 [102d38b5-77ec-475a-945b-de2dedc34e4f@group-4FEC5D3AD52A-LeaderElection9] INFO  segmented.SegmentedRaftLogWorker (SegmentedRaftLogWorker.java:startLogSegment(425)) - 102d38b5-77ec-475a-945b-de2dedc34e4f@group-4FEC5D3AD52A-SegmentedRaftLogWorker: Starting segment from index:0
2022-06-21 13:52:46,147 [102d38b5-77ec-475a-945b-de2dedc34e4f@group-4FEC5D3AD52A-LeaderElection9] INFO  server.RaftServer$Division (ServerState.java:setRaftConf(393)) - 102d38b5-77ec-475a-945b-de2dedc34e4f@group-4FEC5D3AD52A: set configuration 0: [102d38b5-77ec-475a-945b-de2dedc34e4f|rpc:10.1.0.15:41439|dataStream:|priority:1], old=null
2022-06-21 13:52:46,148 [102d38b5-77ec-475a-945b-de2dedc34e4f@group-4FEC5D3AD52A-SegmentedRaftLogWorker] INFO  segmented.SegmentedRaftLogWorker (SegmentedRaftLogWorker.java:execute(629)) - 102d38b5-77ec-475a-945b-de2dedc34e4f@group-4FEC5D3AD52A-SegmentedRaftLogWorker: created new log segment /home/runner/work/ozone/ozone/hadoop-ozone/integration-test/target/test-dir/MiniOzoneClusterImpl-e16419ed-4a79-4c69-a384-d99db5bfc06c/datanode-4/data/ratis/96797442-6d75-4a04-be51-4fec5d3ad52a/current/log_inprogress_0
13:52:46.533 [IPC Server handler 11 on default port 44727] ERROR OMAudit - user=runner | ip=127.0.0.1 | op=LOOKUP_FILE {volume=volume19882, bucket=bucket92495, key=file_notexist, dataSize=0, replicationConfig=null} | ret=FAILURE
org.apache.hadoop.ozone.om.exceptions.OMException: Unable to get file status: volume: volume19882 bucket: bucket92495 key: file_notexist
	at org.apache.hadoop.ozone.om.KeyManagerImpl.getOzoneFileStatus(KeyManagerImpl.java:1311) ~[ozone-manager-1.3.0-SNAPSHOT.jar:?]
	at org.apache.hadoop.ozone.om.KeyManagerImpl.lookupFile(KeyManagerImpl.java:1423) ~[ozone-manager-1.3.0-SNAPSHOT.jar:?]
	at org.apache.hadoop.ozone.om.OzoneManager.lookupFile(OzoneManager.java:3457) ~[ozone-manager-1.3.0-SNAPSHOT.jar:?]
	at org.apache.hadoop.ozone.protocolPB.OzoneManagerRequestHandler.lookupFile(OzoneManagerRequestHandler.java:951) ~[ozone-manager-1.3.0-SNAPSHOT.jar:?]
	at org.apache.hadoop.ozone.protocolPB.OzoneManagerRequestHandler.handleReadRequest(OzoneManagerRequestHandler.java:223) ~[ozone-manager-1.3.0-SNAPSHOT.jar:?]
	at org.apache.hadoop.ozone.protocolPB.OzoneManagerProtocolServerSideTranslatorPB.submitReadRequestToOM(OzoneManagerProtocolServerSideTranslatorPB.java:225) ~[ozone-manager-1.3.0-SNAPSHOT.jar:?]
	at org.apache.hadoop.ozone.protocolPB.OzoneManagerProtocolServerSideTranslatorPB.processRequest(OzoneManagerProtocolServerSideTranslatorPB.java:175) ~[ozone-manager-1.3.0-SNAPSHOT.jar:?]
	at org.apache.hadoop.hdds.server.OzoneProtocolMessageDispatcher.processRequest(OzoneProtocolMessageDispatcher.java:87) [hdds-server-framework-1.3.0-SNAPSHOT.jar:?]
	at org.apache.hadoop.ozone.protocolPB.OzoneManagerProtocolServerSideTranslatorPB.submitRequest(OzoneManagerProtocolServerSideTranslatorPB.java:147) [ozone-manager-1.3.0-SNAPSHOT.jar:?]
	at org.apache.hadoop.ozone.protocol.proto.OzoneManagerProtocolProtos$OzoneManagerService$2.callBlockingMethod(OzoneManagerProtocolProtos.java) [ozone-interface-client-1.3.0-SNAPSHOT.jar:?]
	at org.apache.hadoop.ipc.ProtobufRpcEngine$Server.processCall(ProtobufRpcEngine.java:466) [hadoop-common-3.3.1.jar:?]
	at org.apache.hadoop.ipc.ProtobufRpcEngine2$Server$ProtoBufRpcInvoker.call(ProtobufRpcEngine2.java:574) [hadoop-common-3.3.1.jar:?]
	at org.apache.hadoop.ipc.ProtobufRpcEngine2$Server$ProtoBufRpcInvoker.call(ProtobufRpcEngine2.java:552) [hadoop-common-3.3.1.jar:?]
	at org.apache.hadoop.ipc.RPC$Server.call(RPC.java:1093) [hadoop-common-3.3.1.jar:?]
	at org.apache.hadoop.ipc.Server$RpcCall.run(Server.java:1035) [hadoop-common-3.3.1.jar:?]
	at org.apache.hadoop.ipc.Server$RpcCall.run(Server.java:963) [hadoop-common-3.3.1.jar:?]
	at java.security.AccessController.doPrivileged(Native Method) ~[?:1.8.0_332]
	at javax.security.auth.Subject.doAs(Subject.java:422) [?:1.8.0_332]
	at org.apache.hadoop.security.UserGroupInformation.doAs(UserGroupInformation.java:1878) [hadoop-common-3.3.1.jar:?]
	at org.apache.hadoop.ipc.Server$Handler.run(Server.java:2966) [hadoop-common-3.3.1.jar:?]
]]></system-out>
  </testcase>
  <testcase name="testSeekOnFileLength" classname="TestOzoneFileSystem" time="0.56">
    <system-out><![CDATA[2022-06-21 13:53:54,506 [IPC Server handler 4 on default port 42141] INFO  ha.SequenceIdGenerator (SequenceIdGenerator.java:getNextId(127)) - Allocate a batch for containerId, change lastId from 0 to 1000.
2022-06-21 13:53:54,507 [IPC Server handler 4 on default port 42141] WARN  ha.SequenceIdGenerator (SequenceIdGenerator.java:allocateBatch(235)) - Failed to allocate a batch for localId, expected lastId is 0, actual lastId is 109611004723200000.
2022-06-21 13:53:54,507 [IPC Server handler 4 on default port 42141] INFO  ha.SequenceIdGenerator (SequenceIdGenerator.java:getNextId(127)) - Allocate a batch for localId, change lastId from 109611004723200000 to 109611004723201000.
13:53:55.021 [IPC Server handler 3 on default port 34499] ERROR OMAudit - user=runner | ip=127.0.0.1 | op=LOOKUP_FILE {volume=volume69434, bucket=bucket16378, key=file_notexist, dataSize=0, replicationConfig=null} | ret=FAILURE
org.apache.hadoop.ozone.om.exceptions.OMException: Unable to get file status: volume: volume69434 bucket: bucket16378 key: file_notexist
	at org.apache.hadoop.ozone.om.KeyManagerImpl.getOzoneFileStatus(KeyManagerImpl.java:1311) ~[ozone-manager-1.3.0-SNAPSHOT.jar:?]
	at org.apache.hadoop.ozone.om.KeyManagerImpl.lookupFile(KeyManagerImpl.java:1423) ~[ozone-manager-1.3.0-SNAPSHOT.jar:?]
	at org.apache.hadoop.ozone.om.OzoneManager.lookupFile(OzoneManager.java:3457) ~[ozone-manager-1.3.0-SNAPSHOT.jar:?]
	at org.apache.hadoop.ozone.protocolPB.OzoneManagerRequestHandler.lookupFile(OzoneManagerRequestHandler.java:951) ~[ozone-manager-1.3.0-SNAPSHOT.jar:?]
	at org.apache.hadoop.ozone.protocolPB.OzoneManagerRequestHandler.handleReadRequest(OzoneManagerRequestHandler.java:223) ~[ozone-manager-1.3.0-SNAPSHOT.jar:?]
	at org.apache.hadoop.ozone.protocolPB.OzoneManagerProtocolServerSideTranslatorPB.submitRequestDirectlyToOM(OzoneManagerProtocolServerSideTranslatorPB.java:284) ~[ozone-manager-1.3.0-SNAPSHOT.jar:?]
	at org.apache.hadoop.ozone.protocolPB.OzoneManagerProtocolServerSideTranslatorPB.processRequest(OzoneManagerProtocolServerSideTranslatorPB.java:207) ~[ozone-manager-1.3.0-SNAPSHOT.jar:?]
	at org.apache.hadoop.hdds.server.OzoneProtocolMessageDispatcher.processRequest(OzoneProtocolMessageDispatcher.java:87) [hdds-server-framework-1.3.0-SNAPSHOT.jar:?]
	at org.apache.hadoop.ozone.protocolPB.OzoneManagerProtocolServerSideTranslatorPB.submitRequest(OzoneManagerProtocolServerSideTranslatorPB.java:147) [ozone-manager-1.3.0-SNAPSHOT.jar:?]
	at org.apache.hadoop.ozone.protocol.proto.OzoneManagerProtocolProtos$OzoneManagerService$2.callBlockingMethod(OzoneManagerProtocolProtos.java) [ozone-interface-client-1.3.0-SNAPSHOT.jar:?]
	at org.apache.hadoop.ipc.ProtobufRpcEngine$Server.processCall(ProtobufRpcEngine.java:466) [hadoop-common-3.3.1.jar:?]
	at org.apache.hadoop.ipc.ProtobufRpcEngine2$Server$ProtoBufRpcInvoker.call(ProtobufRpcEngine2.java:574) [hadoop-common-3.3.1.jar:?]
	at org.apache.hadoop.ipc.ProtobufRpcEngine2$Server$ProtoBufRpcInvoker.call(ProtobufRpcEngine2.java:552) [hadoop-common-3.3.1.jar:?]
	at org.apache.hadoop.ipc.RPC$Server.call(RPC.java:1093) [hadoop-common-3.3.1.jar:?]
	at org.apache.hadoop.ipc.Server$RpcCall.run(Server.java:1035) [hadoop-common-3.3.1.jar:?]
	at org.apache.hadoop.ipc.Server$RpcCall.run(Server.java:963) [hadoop-common-3.3.1.jar:?]
	at java.security.AccessController.doPrivileged(Native Method) ~[?:1.8.0_332]
	at javax.security.auth.Subject.doAs(Subject.java:422) [?:1.8.0_332]
	at org.apache.hadoop.security.UserGroupInformation.doAs(UserGroupInformation.java:1878) [hadoop-common-3.3.1.jar:?]
	at org.apache.hadoop.ipc.Server$Handler.run(Server.java:2966) [hadoop-common-3.3.1.jar:?]
]]></system-out>
  </testcase>
  <testcase name="testSeekOnFileLength" classname="TestOzoneFileSystem" time="0.683">
    <system-out><![CDATA[2022-06-21 13:54:58,999 [IPC Server handler 0 on default port 43453] INFO  ha.SequenceIdGenerator (SequenceIdGenerator.java:getNextId(127)) - Allocate a batch for containerId, change lastId from 0 to 1000.
2022-06-21 13:54:58,999 [IPC Server handler 0 on default port 43453] WARN  ha.SequenceIdGenerator (SequenceIdGenerator.java:allocateBatch(235)) - Failed to allocate a batch for localId, expected lastId is 0, actual lastId is 109611004723200000.
2022-06-21 13:54:59,000 [IPC Server handler 0 on default port 43453] INFO  ha.SequenceIdGenerator (SequenceIdGenerator.java:getNextId(127)) - Allocate a batch for localId, change lastId from 109611004723200000 to 109611004723201000.
2022-06-21 13:54:59,178 [3f2f5716-e318-4c9d-8cf6-ca563bbe3eeb@group-E1F5367CA89E-FollowerState] INFO  impl.FollowerState (FollowerState.java:run(143)) - 3f2f5716-e318-4c9d-8cf6-ca563bbe3eeb@group-E1F5367CA89E-FollowerState: change to CANDIDATE, lastRpcElapsedTime:5193514937ns, electionTimeout:5181ms
2022-06-21 13:54:59,178 [3f2f5716-e318-4c9d-8cf6-ca563bbe3eeb@group-E1F5367CA89E-FollowerState] INFO  impl.RoleInfo (RoleInfo.java:shutdownFollowerState(110)) - 3f2f5716-e318-4c9d-8cf6-ca563bbe3eeb: shutdown 3f2f5716-e318-4c9d-8cf6-ca563bbe3eeb@group-E1F5367CA89E-FollowerState
2022-06-21 13:54:59,178 [3f2f5716-e318-4c9d-8cf6-ca563bbe3eeb@group-E1F5367CA89E-FollowerState] INFO  server.RaftServer$Division (RaftServerImpl.java:setRole(299)) - 3f2f5716-e318-4c9d-8cf6-ca563bbe3eeb@group-E1F5367CA89E: changes role from  FOLLOWER to CANDIDATE at term 0 for changeToCandidate
2022-06-21 13:54:59,178 [3f2f5716-e318-4c9d-8cf6-ca563bbe3eeb@group-E1F5367CA89E-FollowerState] INFO  server.RaftServerConfigKeys (ConfUtils.java:logGet(46)) - raft.server.leaderelection.pre-vote = false (custom)
2022-06-21 13:54:59,178 [3f2f5716-e318-4c9d-8cf6-ca563bbe3eeb@group-E1F5367CA89E-FollowerState] INFO  impl.RoleInfo (RoleInfo.java:updateAndGet(139)) - 3f2f5716-e318-4c9d-8cf6-ca563bbe3eeb: start 3f2f5716-e318-4c9d-8cf6-ca563bbe3eeb@group-E1F5367CA89E-LeaderElection33
2022-06-21 13:54:59,241 [3f2f5716-e318-4c9d-8cf6-ca563bbe3eeb@group-E1F5367CA89E-LeaderElection33] INFO  impl.LeaderElection (LeaderElection.java:askForVotes(310)) - 3f2f5716-e318-4c9d-8cf6-ca563bbe3eeb@group-E1F5367CA89E-LeaderElection33 ELECTION round 0: submit vote requests at term 1 for -1: [3f2f5716-e318-4c9d-8cf6-ca563bbe3eeb|rpc:10.1.0.15:41473|priority:1], old=null
2022-06-21 13:54:59,241 [3f2f5716-e318-4c9d-8cf6-ca563bbe3eeb@group-E1F5367CA89E-LeaderElection33] INFO  impl.LeaderElection (LeaderElection.java:askForVotes(312)) - 3f2f5716-e318-4c9d-8cf6-ca563bbe3eeb@group-E1F5367CA89E-LeaderElection33 ELECTION round 0: result PASSED (term=1)
2022-06-21 13:54:59,241 [3f2f5716-e318-4c9d-8cf6-ca563bbe3eeb@group-E1F5367CA89E-LeaderElection33] INFO  impl.RoleInfo (RoleInfo.java:shutdownLeaderElection(130)) - 3f2f5716-e318-4c9d-8cf6-ca563bbe3eeb: shutdown 3f2f5716-e318-4c9d-8cf6-ca563bbe3eeb@group-E1F5367CA89E-LeaderElection33
2022-06-21 13:54:59,241 [3f2f5716-e318-4c9d-8cf6-ca563bbe3eeb@group-E1F5367CA89E-LeaderElection33] INFO  server.RaftServer$Division (RaftServerImpl.java:setRole(299)) - 3f2f5716-e318-4c9d-8cf6-ca563bbe3eeb@group-E1F5367CA89E: changes role from CANDIDATE to LEADER at term 1 for changeToLeader
2022-06-21 13:54:59,241 [3f2f5716-e318-4c9d-8cf6-ca563bbe3eeb@group-E1F5367CA89E-LeaderElection33] INFO  ratis.XceiverServerRatis (XceiverServerRatis.java:handleLeaderChangedNotification(863)) - Leader change notification received for group: group-E1F5367CA89E with new leaderId: 3f2f5716-e318-4c9d-8cf6-ca563bbe3eeb
2022-06-21 13:54:59,241 [3f2f5716-e318-4c9d-8cf6-ca563bbe3eeb@group-E1F5367CA89E-LeaderElection33] INFO  server.RaftServer$Division (ServerState.java:setLeader(287)) - 3f2f5716-e318-4c9d-8cf6-ca563bbe3eeb@group-E1F5367CA89E: change Leader from null to 3f2f5716-e318-4c9d-8cf6-ca563bbe3eeb at term 1 for becomeLeader, leader elected after 5288ms
2022-06-21 13:54:59,241 [3f2f5716-e318-4c9d-8cf6-ca563bbe3eeb@group-E1F5367CA89E-LeaderElection33] INFO  server.RaftServerConfigKeys (ConfUtils.java:logGet(46)) - raft.server.staging.catchup.gap = 1000 (default)
2022-06-21 13:54:59,241 [3f2f5716-e318-4c9d-8cf6-ca563bbe3eeb@group-E1F5367CA89E-LeaderElection33] INFO  server.RaftServerConfigKeys (ConfUtils.java:logGet(46)) - raft.server.write.element-limit = 1024 (custom)
2022-06-21 13:54:59,241 [3f2f5716-e318-4c9d-8cf6-ca563bbe3eeb@group-E1F5367CA89E-LeaderElection33] INFO  server.RaftServerConfigKeys (ConfUtils.java:logGet(46)) - raft.server.write.byte-limit = 1024 M (=1073741824) (custom)
2022-06-21 13:54:59,242 [3f2f5716-e318-4c9d-8cf6-ca563bbe3eeb@group-E1F5367CA89E-LeaderElection33] INFO  server.RaftServerConfigKeys (ConfUtils.java:logGet(46)) - raft.server.watch.timeout = 180s (custom)
2022-06-21 13:54:59,242 [3f2f5716-e318-4c9d-8cf6-ca563bbe3eeb@group-E1F5367CA89E-LeaderElection33] INFO  server.RaftServerConfigKeys (ConfUtils.java:logGet(46)) - raft.server.watch.timeout.denomination = 1s (default)
2022-06-21 13:54:59,242 [3f2f5716-e318-4c9d-8cf6-ca563bbe3eeb@group-E1F5367CA89E-LeaderElection33] INFO  server.RaftServerConfigKeys (ConfUtils.java:logGet(46)) - raft.server.watch.element-limit = 65536 (default)
2022-06-21 13:54:59,242 [3f2f5716-e318-4c9d-8cf6-ca563bbe3eeb@group-E1F5367CA89E-LeaderElection33] INFO  server.RaftServerConfigKeys (ConfUtils.java:logGet(46)) - raft.server.write.element-limit = 1024 (custom)
2022-06-21 13:54:59,242 [3f2f5716-e318-4c9d-8cf6-ca563bbe3eeb@group-E1F5367CA89E-LeaderElection33] INFO  server.RaftServerConfigKeys (ConfUtils.java:logGet(46)) - raft.server.write.follower.gap.ratio.max = -1.0 (default)
2022-06-21 13:54:59,242 [3f2f5716-e318-4c9d-8cf6-ca563bbe3eeb@group-E1F5367CA89E-LeaderElection33] INFO  impl.RoleInfo (RoleInfo.java:updateAndGet(139)) - 3f2f5716-e318-4c9d-8cf6-ca563bbe3eeb: start 3f2f5716-e318-4c9d-8cf6-ca563bbe3eeb@group-E1F5367CA89E-LeaderStateImpl
2022-06-21 13:54:59,242 [3f2f5716-e318-4c9d-8cf6-ca563bbe3eeb@group-E1F5367CA89E-LeaderElection33] INFO  segmented.SegmentedRaftLogWorker (SegmentedRaftLogWorker.java:startLogSegment(425)) - 3f2f5716-e318-4c9d-8cf6-ca563bbe3eeb@group-E1F5367CA89E-SegmentedRaftLogWorker: Starting segment from index:0
2022-06-21 13:54:59,245 [3f2f5716-e318-4c9d-8cf6-ca563bbe3eeb@group-E1F5367CA89E-SegmentedRaftLogWorker] INFO  segmented.SegmentedRaftLogWorker (SegmentedRaftLogWorker.java:execute(629)) - 3f2f5716-e318-4c9d-8cf6-ca563bbe3eeb@group-E1F5367CA89E-SegmentedRaftLogWorker: created new log segment /home/runner/work/ozone/ozone/hadoop-ozone/integration-test/target/test-dir/MiniOzoneClusterImpl-3f841ece-6686-4b0e-b99d-a05159fb56b1/datanode-2/data/ratis/81ce5971-3efe-42ec-939d-e1f5367ca89e/current/log_inprogress_0
2022-06-21 13:54:59,256 [3f2f5716-e318-4c9d-8cf6-ca563bbe3eeb@group-E1F5367CA89E-LeaderElection33] INFO  server.RaftServer$Division (ServerState.java:setRaftConf(393)) - 3f2f5716-e318-4c9d-8cf6-ca563bbe3eeb@group-E1F5367CA89E: set configuration 0: [3f2f5716-e318-4c9d-8cf6-ca563bbe3eeb|rpc:10.1.0.15:41473|dataStream:|priority:1], old=null
13:54:59.637 [IPC Server handler 17 on default port 42759] ERROR OMAudit - user=runner | ip=127.0.0.1 | op=LOOKUP_FILE {volume=volume68340, bucket=bucket67715, key=file_notexist, dataSize=0, replicationConfig=null} | ret=FAILURE
org.apache.hadoop.ozone.om.exceptions.OMException: Unable to get file status: volume: volume68340 bucket: bucket67715 key: file_notexist
	at org.apache.hadoop.ozone.om.KeyManagerImpl.getOzoneFileStatus(KeyManagerImpl.java:1311) ~[ozone-manager-1.3.0-SNAPSHOT.jar:?]
	at org.apache.hadoop.ozone.om.KeyManagerImpl.lookupFile(KeyManagerImpl.java:1423) ~[ozone-manager-1.3.0-SNAPSHOT.jar:?]
	at org.apache.hadoop.ozone.om.OzoneManager.lookupFile(OzoneManager.java:3457) ~[ozone-manager-1.3.0-SNAPSHOT.jar:?]
	at org.apache.hadoop.ozone.protocolPB.OzoneManagerRequestHandler.lookupFile(OzoneManagerRequestHandler.java:951) ~[ozone-manager-1.3.0-SNAPSHOT.jar:?]
	at org.apache.hadoop.ozone.protocolPB.OzoneManagerRequestHandler.handleReadRequest(OzoneManagerRequestHandler.java:223) ~[ozone-manager-1.3.0-SNAPSHOT.jar:?]
	at org.apache.hadoop.ozone.protocolPB.OzoneManagerProtocolServerSideTranslatorPB.submitReadRequestToOM(OzoneManagerProtocolServerSideTranslatorPB.java:225) ~[ozone-manager-1.3.0-SNAPSHOT.jar:?]
	at org.apache.hadoop.ozone.protocolPB.OzoneManagerProtocolServerSideTranslatorPB.processRequest(OzoneManagerProtocolServerSideTranslatorPB.java:175) ~[ozone-manager-1.3.0-SNAPSHOT.jar:?]
	at org.apache.hadoop.hdds.server.OzoneProtocolMessageDispatcher.processRequest(OzoneProtocolMessageDispatcher.java:87) [hdds-server-framework-1.3.0-SNAPSHOT.jar:?]
	at org.apache.hadoop.ozone.protocolPB.OzoneManagerProtocolServerSideTranslatorPB.submitRequest(OzoneManagerProtocolServerSideTranslatorPB.java:147) [ozone-manager-1.3.0-SNAPSHOT.jar:?]
	at org.apache.hadoop.ozone.protocol.proto.OzoneManagerProtocolProtos$OzoneManagerService$2.callBlockingMethod(OzoneManagerProtocolProtos.java) [ozone-interface-client-1.3.0-SNAPSHOT.jar:?]
	at org.apache.hadoop.ipc.ProtobufRpcEngine$Server.processCall(ProtobufRpcEngine.java:466) [hadoop-common-3.3.1.jar:?]
	at org.apache.hadoop.ipc.ProtobufRpcEngine2$Server$ProtoBufRpcInvoker.call(ProtobufRpcEngine2.java:574) [hadoop-common-3.3.1.jar:?]
	at org.apache.hadoop.ipc.ProtobufRpcEngine2$Server$ProtoBufRpcInvoker.call(ProtobufRpcEngine2.java:552) [hadoop-common-3.3.1.jar:?]
	at org.apache.hadoop.ipc.RPC$Server.call(RPC.java:1093) [hadoop-common-3.3.1.jar:?]
	at org.apache.hadoop.ipc.Server$RpcCall.run(Server.java:1035) [hadoop-common-3.3.1.jar:?]
	at org.apache.hadoop.ipc.Server$RpcCall.run(Server.java:963) [hadoop-common-3.3.1.jar:?]
	at java.security.AccessController.doPrivileged(Native Method) ~[?:1.8.0_332]
	at javax.security.auth.Subject.doAs(Subject.java:422) [?:1.8.0_332]
	at org.apache.hadoop.security.UserGroupInformation.doAs(UserGroupInformation.java:1878) [hadoop-common-3.3.1.jar:?]
	at org.apache.hadoop.ipc.Server$Handler.run(Server.java:2966) [hadoop-common-3.3.1.jar:?]
]]></system-out>
  </testcase>
  <testcase name="testSeekOnFileLength" classname="TestOzoneFileSystem" time="0.757">
    <system-out><![CDATA[2022-06-21 13:56:16,232 [0c36eeb7-8db8-48cb-9437-34913146bd8b@group-D53D63FC8F22-LeaderElection49] INFO  impl.LeaderElection (LeaderElection.java:askForVotes(310)) - 0c36eeb7-8db8-48cb-9437-34913146bd8b@group-D53D63FC8F22-LeaderElection49 ELECTION round 0: submit vote requests at term 1 for -1: [0c36eeb7-8db8-48cb-9437-34913146bd8b|rpc:10.1.0.15:38615|priority:1], old=null
2022-06-21 13:56:16,232 [0c36eeb7-8db8-48cb-9437-34913146bd8b@group-D53D63FC8F22-LeaderElection49] INFO  impl.LeaderElection (LeaderElection.java:askForVotes(312)) - 0c36eeb7-8db8-48cb-9437-34913146bd8b@group-D53D63FC8F22-LeaderElection49 ELECTION round 0: result PASSED (term=1)
2022-06-21 13:56:16,232 [0c36eeb7-8db8-48cb-9437-34913146bd8b@group-D53D63FC8F22-LeaderElection49] INFO  impl.RoleInfo (RoleInfo.java:shutdownLeaderElection(130)) - 0c36eeb7-8db8-48cb-9437-34913146bd8b: shutdown 0c36eeb7-8db8-48cb-9437-34913146bd8b@group-D53D63FC8F22-LeaderElection49
2022-06-21 13:56:16,232 [0c36eeb7-8db8-48cb-9437-34913146bd8b@group-D53D63FC8F22-LeaderElection49] INFO  server.RaftServer$Division (RaftServerImpl.java:setRole(299)) - 0c36eeb7-8db8-48cb-9437-34913146bd8b@group-D53D63FC8F22: changes role from CANDIDATE to LEADER at term 1 for changeToLeader
2022-06-21 13:56:16,232 [0c36eeb7-8db8-48cb-9437-34913146bd8b@group-D53D63FC8F22-LeaderElection49] INFO  ratis.XceiverServerRatis (XceiverServerRatis.java:handleLeaderChangedNotification(863)) - Leader change notification received for group: group-D53D63FC8F22 with new leaderId: 0c36eeb7-8db8-48cb-9437-34913146bd8b
2022-06-21 13:56:16,232 [0c36eeb7-8db8-48cb-9437-34913146bd8b@group-D53D63FC8F22-LeaderElection49] INFO  server.RaftServer$Division (ServerState.java:setLeader(287)) - 0c36eeb7-8db8-48cb-9437-34913146bd8b@group-D53D63FC8F22: change Leader from null to 0c36eeb7-8db8-48cb-9437-34913146bd8b at term 1 for becomeLeader, leader elected after 5193ms
2022-06-21 13:56:16,232 [0c36eeb7-8db8-48cb-9437-34913146bd8b@group-D53D63FC8F22-LeaderElection49] INFO  server.RaftServerConfigKeys (ConfUtils.java:logGet(46)) - raft.server.staging.catchup.gap = 1000 (default)
2022-06-21 13:56:16,233 [0c36eeb7-8db8-48cb-9437-34913146bd8b@group-D53D63FC8F22-LeaderElection49] INFO  server.RaftServerConfigKeys (ConfUtils.java:logGet(46)) - raft.server.write.element-limit = 1024 (custom)
2022-06-21 13:56:16,233 [0c36eeb7-8db8-48cb-9437-34913146bd8b@group-D53D63FC8F22-LeaderElection49] INFO  server.RaftServerConfigKeys (ConfUtils.java:logGet(46)) - raft.server.write.byte-limit = 1024 M (=1073741824) (custom)
2022-06-21 13:56:16,233 [0c36eeb7-8db8-48cb-9437-34913146bd8b@group-D53D63FC8F22-LeaderElection49] INFO  server.RaftServerConfigKeys (ConfUtils.java:logGet(46)) - raft.server.watch.timeout = 180s (custom)
2022-06-21 13:56:16,233 [0c36eeb7-8db8-48cb-9437-34913146bd8b@group-D53D63FC8F22-LeaderElection49] INFO  server.RaftServerConfigKeys (ConfUtils.java:logGet(46)) - raft.server.watch.timeout.denomination = 1s (default)
2022-06-21 13:56:16,233 [0c36eeb7-8db8-48cb-9437-34913146bd8b@group-D53D63FC8F22-LeaderElection49] INFO  server.RaftServerConfigKeys (ConfUtils.java:logGet(46)) - raft.server.watch.element-limit = 65536 (default)
2022-06-21 13:56:16,233 [0c36eeb7-8db8-48cb-9437-34913146bd8b@group-D53D63FC8F22-LeaderElection49] INFO  server.RaftServerConfigKeys (ConfUtils.java:logGet(46)) - raft.server.write.element-limit = 1024 (custom)
2022-06-21 13:56:16,233 [0c36eeb7-8db8-48cb-9437-34913146bd8b@group-D53D63FC8F22-LeaderElection49] INFO  server.RaftServerConfigKeys (ConfUtils.java:logGet(46)) - raft.server.write.follower.gap.ratio.max = -1.0 (default)
2022-06-21 13:56:16,233 [0c36eeb7-8db8-48cb-9437-34913146bd8b@group-D53D63FC8F22-LeaderElection49] INFO  impl.RoleInfo (RoleInfo.java:updateAndGet(139)) - 0c36eeb7-8db8-48cb-9437-34913146bd8b: start 0c36eeb7-8db8-48cb-9437-34913146bd8b@group-D53D63FC8F22-LeaderStateImpl
2022-06-21 13:56:16,233 [0c36eeb7-8db8-48cb-9437-34913146bd8b@group-D53D63FC8F22-LeaderElection49] INFO  segmented.SegmentedRaftLogWorker (SegmentedRaftLogWorker.java:startLogSegment(425)) - 0c36eeb7-8db8-48cb-9437-34913146bd8b@group-D53D63FC8F22-SegmentedRaftLogWorker: Starting segment from index:0
2022-06-21 13:56:16,235 [0c36eeb7-8db8-48cb-9437-34913146bd8b@group-D53D63FC8F22-SegmentedRaftLogWorker] INFO  segmented.SegmentedRaftLogWorker (SegmentedRaftLogWorker.java:execute(629)) - 0c36eeb7-8db8-48cb-9437-34913146bd8b@group-D53D63FC8F22-SegmentedRaftLogWorker: created new log segment /home/runner/work/ozone/ozone/hadoop-ozone/integration-test/target/test-dir/MiniOzoneClusterImpl-a6c63143-532c-40e3-90f6-32ed462df7e7/datanode-1/data/ratis/35a01174-9d29-4291-a766-d53d63fc8f22/current/log_inprogress_0
2022-06-21 13:56:16,289 [0c36eeb7-8db8-48cb-9437-34913146bd8b@group-D53D63FC8F22-LeaderElection49] INFO  server.RaftServer$Division (ServerState.java:setRaftConf(393)) - 0c36eeb7-8db8-48cb-9437-34913146bd8b@group-D53D63FC8F22: set configuration 0: [0c36eeb7-8db8-48cb-9437-34913146bd8b|rpc:10.1.0.15:38615|dataStream:|priority:1], old=null
2022-06-21 13:56:16,331 [IPC Server handler 0 on default port 37803] INFO  ha.SequenceIdGenerator (SequenceIdGenerator.java:getNextId(127)) - Allocate a batch for containerId, change lastId from 0 to 1000.
2022-06-21 13:56:16,331 [IPC Server handler 0 on default port 37803] WARN  ha.SequenceIdGenerator (SequenceIdGenerator.java:allocateBatch(235)) - Failed to allocate a batch for localId, expected lastId is 0, actual lastId is 109611004723200000.
2022-06-21 13:56:16,331 [IPC Server handler 0 on default port 37803] INFO  ha.SequenceIdGenerator (SequenceIdGenerator.java:getNextId(127)) - Allocate a batch for localId, change lastId from 109611004723200000 to 109611004723201000.
13:56:16.960 [IPC Server handler 11 on default port 33745] ERROR OMAudit - user=runner | ip=127.0.0.1 | op=LOOKUP_FILE {volume=volume37829, bucket=bucket78784, key=file_notexist, dataSize=0, replicationConfig=null} | ret=FAILURE
org.apache.hadoop.ozone.om.exceptions.OMException: Unable to get file status: volume: volume37829 bucket: bucket78784 key: file_notexist
	at org.apache.hadoop.ozone.om.KeyManagerImpl.getOzoneFileStatus(KeyManagerImpl.java:1311) ~[ozone-manager-1.3.0-SNAPSHOT.jar:?]
	at org.apache.hadoop.ozone.om.KeyManagerImpl.lookupFile(KeyManagerImpl.java:1423) ~[ozone-manager-1.3.0-SNAPSHOT.jar:?]
	at org.apache.hadoop.ozone.om.OzoneManager.lookupFile(OzoneManager.java:3457) ~[ozone-manager-1.3.0-SNAPSHOT.jar:?]
	at org.apache.hadoop.ozone.protocolPB.OzoneManagerRequestHandler.lookupFile(OzoneManagerRequestHandler.java:951) ~[ozone-manager-1.3.0-SNAPSHOT.jar:?]
	at org.apache.hadoop.ozone.protocolPB.OzoneManagerRequestHandler.handleReadRequest(OzoneManagerRequestHandler.java:223) ~[ozone-manager-1.3.0-SNAPSHOT.jar:?]
	at org.apache.hadoop.ozone.protocolPB.OzoneManagerProtocolServerSideTranslatorPB.submitRequestDirectlyToOM(OzoneManagerProtocolServerSideTranslatorPB.java:284) ~[ozone-manager-1.3.0-SNAPSHOT.jar:?]
	at org.apache.hadoop.ozone.protocolPB.OzoneManagerProtocolServerSideTranslatorPB.processRequest(OzoneManagerProtocolServerSideTranslatorPB.java:207) ~[ozone-manager-1.3.0-SNAPSHOT.jar:?]
	at org.apache.hadoop.hdds.server.OzoneProtocolMessageDispatcher.processRequest(OzoneProtocolMessageDispatcher.java:87) [hdds-server-framework-1.3.0-SNAPSHOT.jar:?]
	at org.apache.hadoop.ozone.protocolPB.OzoneManagerProtocolServerSideTranslatorPB.submitRequest(OzoneManagerProtocolServerSideTranslatorPB.java:147) [ozone-manager-1.3.0-SNAPSHOT.jar:?]
	at org.apache.hadoop.ozone.protocol.proto.OzoneManagerProtocolProtos$OzoneManagerService$2.callBlockingMethod(OzoneManagerProtocolProtos.java) [ozone-interface-client-1.3.0-SNAPSHOT.jar:?]
	at org.apache.hadoop.ipc.ProtobufRpcEngine$Server.processCall(ProtobufRpcEngine.java:466) [hadoop-common-3.3.1.jar:?]
	at org.apache.hadoop.ipc.ProtobufRpcEngine2$Server$ProtoBufRpcInvoker.call(ProtobufRpcEngine2.java:574) [hadoop-common-3.3.1.jar:?]
	at org.apache.hadoop.ipc.ProtobufRpcEngine2$Server$ProtoBufRpcInvoker.call(ProtobufRpcEngine2.java:552) [hadoop-common-3.3.1.jar:?]
	at org.apache.hadoop.ipc.RPC$Server.call(RPC.java:1093) [hadoop-common-3.3.1.jar:?]
	at org.apache.hadoop.ipc.Server$RpcCall.run(Server.java:1035) [hadoop-common-3.3.1.jar:?]
	at org.apache.hadoop.ipc.Server$RpcCall.run(Server.java:963) [hadoop-common-3.3.1.jar:?]
	at java.security.AccessController.doPrivileged(Native Method) ~[?:1.8.0_332]
	at javax.security.auth.Subject.doAs(Subject.java:422) [?:1.8.0_332]
	at org.apache.hadoop.security.UserGroupInformation.doAs(UserGroupInformation.java:1878) [hadoop-common-3.3.1.jar:?]
	at org.apache.hadoop.ipc.Server$Handler.run(Server.java:2966) [hadoop-common-3.3.1.jar:?]
]]></system-out>
  </testcase>
  <testcase name="testRenameFile" classname="TestOzoneFileSystem" time="0.094">
    <system-out><![CDATA[13:52:46.590 [IPC Server handler 17 on default port 44727] ERROR OMAudit - user=runner | ip=127.0.0.1 | op=GET_FILE_STATUS {volume=volume19882, bucket=bucket92495, key=root/file1, dataSize=0, replicationConfig=null} | ret=FAILURE
org.apache.hadoop.ozone.om.exceptions.OMException: Unable to get file status: volume: volume19882 bucket: bucket92495 key: root/file1
	at org.apache.hadoop.ozone.om.KeyManagerImpl.getOzoneFileStatus(KeyManagerImpl.java:1311) ~[ozone-manager-1.3.0-SNAPSHOT.jar:?]
	at org.apache.hadoop.ozone.om.KeyManagerImpl.getFileStatus(KeyManagerImpl.java:1241) ~[ozone-manager-1.3.0-SNAPSHOT.jar:?]
	at org.apache.hadoop.ozone.om.OzoneManager.getFileStatus(OzoneManager.java:3419) ~[ozone-manager-1.3.0-SNAPSHOT.jar:?]
	at org.apache.hadoop.ozone.protocolPB.OzoneManagerRequestHandler.getOzoneFileStatus(OzoneManagerRequestHandler.java:871) ~[ozone-manager-1.3.0-SNAPSHOT.jar:?]
	at org.apache.hadoop.ozone.protocolPB.OzoneManagerRequestHandler.handleReadRequest(OzoneManagerRequestHandler.java:217) ~[ozone-manager-1.3.0-SNAPSHOT.jar:?]
	at org.apache.hadoop.ozone.protocolPB.OzoneManagerProtocolServerSideTranslatorPB.submitReadRequestToOM(OzoneManagerProtocolServerSideTranslatorPB.java:225) ~[ozone-manager-1.3.0-SNAPSHOT.jar:?]
	at org.apache.hadoop.ozone.protocolPB.OzoneManagerProtocolServerSideTranslatorPB.processRequest(OzoneManagerProtocolServerSideTranslatorPB.java:175) ~[ozone-manager-1.3.0-SNAPSHOT.jar:?]
	at org.apache.hadoop.hdds.server.OzoneProtocolMessageDispatcher.processRequest(OzoneProtocolMessageDispatcher.java:87) [hdds-server-framework-1.3.0-SNAPSHOT.jar:?]
	at org.apache.hadoop.ozone.protocolPB.OzoneManagerProtocolServerSideTranslatorPB.submitRequest(OzoneManagerProtocolServerSideTranslatorPB.java:147) [ozone-manager-1.3.0-SNAPSHOT.jar:?]
	at org.apache.hadoop.ozone.protocol.proto.OzoneManagerProtocolProtos$OzoneManagerService$2.callBlockingMethod(OzoneManagerProtocolProtos.java) [ozone-interface-client-1.3.0-SNAPSHOT.jar:?]
	at org.apache.hadoop.ipc.ProtobufRpcEngine$Server.processCall(ProtobufRpcEngine.java:466) [hadoop-common-3.3.1.jar:?]
	at org.apache.hadoop.ipc.ProtobufRpcEngine2$Server$ProtoBufRpcInvoker.call(ProtobufRpcEngine2.java:574) [hadoop-common-3.3.1.jar:?]
	at org.apache.hadoop.ipc.ProtobufRpcEngine2$Server$ProtoBufRpcInvoker.call(ProtobufRpcEngine2.java:552) [hadoop-common-3.3.1.jar:?]
	at org.apache.hadoop.ipc.RPC$Server.call(RPC.java:1093) [hadoop-common-3.3.1.jar:?]
	at org.apache.hadoop.ipc.Server$RpcCall.run(Server.java:1035) [hadoop-common-3.3.1.jar:?]
	at org.apache.hadoop.ipc.Server$RpcCall.run(Server.java:963) [hadoop-common-3.3.1.jar:?]
	at java.security.AccessController.doPrivileged(Native Method) ~[?:1.8.0_332]
	at javax.security.auth.Subject.doAs(Subject.java:422) [?:1.8.0_332]
	at org.apache.hadoop.security.UserGroupInformation.doAs(UserGroupInformation.java:1878) [hadoop-common-3.3.1.jar:?]
	at org.apache.hadoop.ipc.Server$Handler.run(Server.java:2966) [hadoop-common-3.3.1.jar:?]
]]></system-out>
  </testcase>
  <testcase name="testRenameFile" classname="TestOzoneFileSystem" time="0.07">
    <system-out><![CDATA[2022-06-21 13:53:55,040 [da1def5c-cec2-4abd-8fe1-fa8043868437@group-3A0DCB9BB53C-FollowerState] INFO  impl.FollowerState (FollowerState.java:run(143)) - da1def5c-cec2-4abd-8fe1-fa8043868437@group-3A0DCB9BB53C-FollowerState: change to CANDIDATE, lastRpcElapsedTime:5112134426ns, electionTimeout:5105ms
2022-06-21 13:53:55,041 [da1def5c-cec2-4abd-8fe1-fa8043868437@group-3A0DCB9BB53C-FollowerState] INFO  impl.RoleInfo (RoleInfo.java:shutdownFollowerState(110)) - da1def5c-cec2-4abd-8fe1-fa8043868437: shutdown da1def5c-cec2-4abd-8fe1-fa8043868437@group-3A0DCB9BB53C-FollowerState
2022-06-21 13:53:55,041 [da1def5c-cec2-4abd-8fe1-fa8043868437@group-3A0DCB9BB53C-FollowerState] INFO  server.RaftServer$Division (RaftServerImpl.java:setRole(299)) - da1def5c-cec2-4abd-8fe1-fa8043868437@group-3A0DCB9BB53C: changes role from  FOLLOWER to CANDIDATE at term 0 for changeToCandidate
2022-06-21 13:53:55,041 [da1def5c-cec2-4abd-8fe1-fa8043868437@group-3A0DCB9BB53C-FollowerState] INFO  server.RaftServerConfigKeys (ConfUtils.java:logGet(46)) - raft.server.leaderelection.pre-vote = false (custom)
2022-06-21 13:53:55,041 [da1def5c-cec2-4abd-8fe1-fa8043868437@group-3A0DCB9BB53C-FollowerState] INFO  impl.RoleInfo (RoleInfo.java:updateAndGet(139)) - da1def5c-cec2-4abd-8fe1-fa8043868437: start da1def5c-cec2-4abd-8fe1-fa8043868437@group-3A0DCB9BB53C-LeaderElection17
13:53:55.059 [IPC Server handler 5 on default port 34499] ERROR OMAudit - user=runner | ip=127.0.0.1 | op=GET_FILE_STATUS {volume=volume69434, bucket=bucket16378, key=root/file1, dataSize=0, replicationConfig=null} | ret=FAILURE
org.apache.hadoop.ozone.om.exceptions.OMException: Unable to get file status: volume: volume69434 bucket: bucket16378 key: root/file1
	at org.apache.hadoop.ozone.om.KeyManagerImpl.getOzoneFileStatus(KeyManagerImpl.java:1311) ~[ozone-manager-1.3.0-SNAPSHOT.jar:?]
	at org.apache.hadoop.ozone.om.KeyManagerImpl.getFileStatus(KeyManagerImpl.java:1241) ~[ozone-manager-1.3.0-SNAPSHOT.jar:?]
	at org.apache.hadoop.ozone.om.OzoneManager.getFileStatus(OzoneManager.java:3419) ~[ozone-manager-1.3.0-SNAPSHOT.jar:?]
	at org.apache.hadoop.ozone.protocolPB.OzoneManagerRequestHandler.getOzoneFileStatus(OzoneManagerRequestHandler.java:871) ~[ozone-manager-1.3.0-SNAPSHOT.jar:?]
	at org.apache.hadoop.ozone.protocolPB.OzoneManagerRequestHandler.handleReadRequest(OzoneManagerRequestHandler.java:217) ~[ozone-manager-1.3.0-SNAPSHOT.jar:?]
	at org.apache.hadoop.ozone.protocolPB.OzoneManagerProtocolServerSideTranslatorPB.submitRequestDirectlyToOM(OzoneManagerProtocolServerSideTranslatorPB.java:284) ~[ozone-manager-1.3.0-SNAPSHOT.jar:?]
	at org.apache.hadoop.ozone.protocolPB.OzoneManagerProtocolServerSideTranslatorPB.processRequest(OzoneManagerProtocolServerSideTranslatorPB.java:207) ~[ozone-manager-1.3.0-SNAPSHOT.jar:?]
	at org.apache.hadoop.hdds.server.OzoneProtocolMessageDispatcher.processRequest(OzoneProtocolMessageDispatcher.java:87) [hdds-server-framework-1.3.0-SNAPSHOT.jar:?]
	at org.apache.hadoop.ozone.protocolPB.OzoneManagerProtocolServerSideTranslatorPB.submitRequest(OzoneManagerProtocolServerSideTranslatorPB.java:147) [ozone-manager-1.3.0-SNAPSHOT.jar:?]
	at org.apache.hadoop.ozone.protocol.proto.OzoneManagerProtocolProtos$OzoneManagerService$2.callBlockingMethod(OzoneManagerProtocolProtos.java) [ozone-interface-client-1.3.0-SNAPSHOT.jar:?]
	at org.apache.hadoop.ipc.ProtobufRpcEngine$Server.processCall(ProtobufRpcEngine.java:466) [hadoop-common-3.3.1.jar:?]
	at org.apache.hadoop.ipc.ProtobufRpcEngine2$Server$ProtoBufRpcInvoker.call(ProtobufRpcEngine2.java:574) [hadoop-common-3.3.1.jar:?]
	at org.apache.hadoop.ipc.ProtobufRpcEngine2$Server$ProtoBufRpcInvoker.call(ProtobufRpcEngine2.java:552) [hadoop-common-3.3.1.jar:?]
	at org.apache.hadoop.ipc.RPC$Server.call(RPC.java:1093) [hadoop-common-3.3.1.jar:?]
	at org.apache.hadoop.ipc.Server$RpcCall.run(Server.java:1035) [hadoop-common-3.3.1.jar:?]
	at org.apache.hadoop.ipc.Server$RpcCall.run(Server.java:963) [hadoop-common-3.3.1.jar:?]
	at java.security.AccessController.doPrivileged(Native Method) ~[?:1.8.0_332]
	at javax.security.auth.Subject.doAs(Subject.java:422) [?:1.8.0_332]
	at org.apache.hadoop.security.UserGroupInformation.doAs(UserGroupInformation.java:1878) [hadoop-common-3.3.1.jar:?]
	at org.apache.hadoop.ipc.Server$Handler.run(Server.java:2966) [hadoop-common-3.3.1.jar:?]
2022-06-21 13:53:55,083 [da1def5c-cec2-4abd-8fe1-fa8043868437@group-3A0DCB9BB53C-LeaderElection17] INFO  impl.LeaderElection (LeaderElection.java:askForVotes(310)) - da1def5c-cec2-4abd-8fe1-fa8043868437@group-3A0DCB9BB53C-LeaderElection17 ELECTION round 0: submit vote requests at term 1 for -1: [da1def5c-cec2-4abd-8fe1-fa8043868437|rpc:10.1.0.15:45839|priority:1], old=null
2022-06-21 13:53:55,083 [da1def5c-cec2-4abd-8fe1-fa8043868437@group-3A0DCB9BB53C-LeaderElection17] INFO  impl.LeaderElection (LeaderElection.java:askForVotes(312)) - da1def5c-cec2-4abd-8fe1-fa8043868437@group-3A0DCB9BB53C-LeaderElection17 ELECTION round 0: result PASSED (term=1)
2022-06-21 13:53:55,083 [da1def5c-cec2-4abd-8fe1-fa8043868437@group-3A0DCB9BB53C-LeaderElection17] INFO  impl.RoleInfo (RoleInfo.java:shutdownLeaderElection(130)) - da1def5c-cec2-4abd-8fe1-fa8043868437: shutdown da1def5c-cec2-4abd-8fe1-fa8043868437@group-3A0DCB9BB53C-LeaderElection17
2022-06-21 13:53:55,083 [da1def5c-cec2-4abd-8fe1-fa8043868437@group-3A0DCB9BB53C-LeaderElection17] INFO  server.RaftServer$Division (RaftServerImpl.java:setRole(299)) - da1def5c-cec2-4abd-8fe1-fa8043868437@group-3A0DCB9BB53C: changes role from CANDIDATE to LEADER at term 1 for changeToLeader
2022-06-21 13:53:55,083 [da1def5c-cec2-4abd-8fe1-fa8043868437@group-3A0DCB9BB53C-LeaderElection17] INFO  ratis.XceiverServerRatis (XceiverServerRatis.java:handleLeaderChangedNotification(863)) - Leader change notification received for group: group-3A0DCB9BB53C with new leaderId: da1def5c-cec2-4abd-8fe1-fa8043868437
2022-06-21 13:53:55,083 [da1def5c-cec2-4abd-8fe1-fa8043868437@group-3A0DCB9BB53C-LeaderElection17] INFO  server.RaftServer$Division (ServerState.java:setLeader(287)) - da1def5c-cec2-4abd-8fe1-fa8043868437@group-3A0DCB9BB53C: change Leader from null to da1def5c-cec2-4abd-8fe1-fa8043868437 at term 1 for becomeLeader, leader elected after 5173ms
2022-06-21 13:53:55,083 [da1def5c-cec2-4abd-8fe1-fa8043868437@group-3A0DCB9BB53C-LeaderElection17] INFO  server.RaftServerConfigKeys (ConfUtils.java:logGet(46)) - raft.server.staging.catchup.gap = 1000 (default)
2022-06-21 13:53:55,083 [da1def5c-cec2-4abd-8fe1-fa8043868437@group-3A0DCB9BB53C-LeaderElection17] INFO  server.RaftServerConfigKeys (ConfUtils.java:logGet(46)) - raft.server.write.element-limit = 1024 (custom)
2022-06-21 13:53:55,083 [da1def5c-cec2-4abd-8fe1-fa8043868437@group-3A0DCB9BB53C-LeaderElection17] INFO  server.RaftServerConfigKeys (ConfUtils.java:logGet(46)) - raft.server.write.byte-limit = 1024 M (=1073741824) (custom)
2022-06-21 13:53:55,084 [da1def5c-cec2-4abd-8fe1-fa8043868437@group-3A0DCB9BB53C-LeaderElection17] INFO  server.RaftServerConfigKeys (ConfUtils.java:logGet(46)) - raft.server.watch.timeout = 180s (custom)
2022-06-21 13:53:55,084 [da1def5c-cec2-4abd-8fe1-fa8043868437@group-3A0DCB9BB53C-LeaderElection17] INFO  server.RaftServerConfigKeys (ConfUtils.java:logGet(46)) - raft.server.watch.timeout.denomination = 1s (default)
2022-06-21 13:53:55,084 [da1def5c-cec2-4abd-8fe1-fa8043868437@group-3A0DCB9BB53C-LeaderElection17] INFO  server.RaftServerConfigKeys (ConfUtils.java:logGet(46)) - raft.server.watch.element-limit = 65536 (default)
2022-06-21 13:53:55,084 [da1def5c-cec2-4abd-8fe1-fa8043868437@group-3A0DCB9BB53C-LeaderElection17] INFO  server.RaftServerConfigKeys (ConfUtils.java:logGet(46)) - raft.server.write.element-limit = 1024 (custom)
2022-06-21 13:53:55,084 [da1def5c-cec2-4abd-8fe1-fa8043868437@group-3A0DCB9BB53C-LeaderElection17] INFO  server.RaftServerConfigKeys (ConfUtils.java:logGet(46)) - raft.server.write.follower.gap.ratio.max = -1.0 (default)
2022-06-21 13:53:55,084 [da1def5c-cec2-4abd-8fe1-fa8043868437@group-3A0DCB9BB53C-LeaderElection17] INFO  impl.RoleInfo (RoleInfo.java:updateAndGet(139)) - da1def5c-cec2-4abd-8fe1-fa8043868437: start da1def5c-cec2-4abd-8fe1-fa8043868437@group-3A0DCB9BB53C-LeaderStateImpl
2022-06-21 13:53:55,084 [da1def5c-cec2-4abd-8fe1-fa8043868437@group-3A0DCB9BB53C-LeaderElection17] INFO  segmented.SegmentedRaftLogWorker (SegmentedRaftLogWorker.java:startLogSegment(425)) - da1def5c-cec2-4abd-8fe1-fa8043868437@group-3A0DCB9BB53C-SegmentedRaftLogWorker: Starting segment from index:0
2022-06-21 13:53:55,086 [da1def5c-cec2-4abd-8fe1-fa8043868437@group-3A0DCB9BB53C-SegmentedRaftLogWorker] INFO  segmented.SegmentedRaftLogWorker (SegmentedRaftLogWorker.java:execute(629)) - da1def5c-cec2-4abd-8fe1-fa8043868437@group-3A0DCB9BB53C-SegmentedRaftLogWorker: created new log segment /home/runner/work/ozone/ozone/hadoop-ozone/integration-test/target/test-dir/MiniOzoneClusterImpl-034e9286-fd65-458d-99c2-fe4308dd713a/datanode-2/data/ratis/2ed6b8d1-976f-427d-a0b9-3a0dcb9bb53c/current/log_inprogress_0
]]></system-out>
  </testcase>
  <testcase name="testRenameFile" classname="TestOzoneFileSystem" time="0.051">
    <system-out><![CDATA[13:54:59.679 [IPC Server handler 12 on default port 42759] ERROR OMAudit - user=runner | ip=127.0.0.1 | op=GET_FILE_STATUS {volume=volume68340, bucket=bucket67715, key=root/file1, dataSize=0, replicationConfig=null} | ret=FAILURE
org.apache.hadoop.ozone.om.exceptions.OMException: Unable to get file status: volume: volume68340 bucket: bucket67715 key: root/file1
	at org.apache.hadoop.ozone.om.KeyManagerImpl.getOzoneFileStatus(KeyManagerImpl.java:1311) ~[ozone-manager-1.3.0-SNAPSHOT.jar:?]
	at org.apache.hadoop.ozone.om.KeyManagerImpl.getFileStatus(KeyManagerImpl.java:1241) ~[ozone-manager-1.3.0-SNAPSHOT.jar:?]
	at org.apache.hadoop.ozone.om.OzoneManager.getFileStatus(OzoneManager.java:3419) ~[ozone-manager-1.3.0-SNAPSHOT.jar:?]
	at org.apache.hadoop.ozone.protocolPB.OzoneManagerRequestHandler.getOzoneFileStatus(OzoneManagerRequestHandler.java:871) ~[ozone-manager-1.3.0-SNAPSHOT.jar:?]
	at org.apache.hadoop.ozone.protocolPB.OzoneManagerRequestHandler.handleReadRequest(OzoneManagerRequestHandler.java:217) ~[ozone-manager-1.3.0-SNAPSHOT.jar:?]
	at org.apache.hadoop.ozone.protocolPB.OzoneManagerProtocolServerSideTranslatorPB.submitReadRequestToOM(OzoneManagerProtocolServerSideTranslatorPB.java:225) ~[ozone-manager-1.3.0-SNAPSHOT.jar:?]
	at org.apache.hadoop.ozone.protocolPB.OzoneManagerProtocolServerSideTranslatorPB.processRequest(OzoneManagerProtocolServerSideTranslatorPB.java:175) ~[ozone-manager-1.3.0-SNAPSHOT.jar:?]
	at org.apache.hadoop.hdds.server.OzoneProtocolMessageDispatcher.processRequest(OzoneProtocolMessageDispatcher.java:87) [hdds-server-framework-1.3.0-SNAPSHOT.jar:?]
	at org.apache.hadoop.ozone.protocolPB.OzoneManagerProtocolServerSideTranslatorPB.submitRequest(OzoneManagerProtocolServerSideTranslatorPB.java:147) [ozone-manager-1.3.0-SNAPSHOT.jar:?]
	at org.apache.hadoop.ozone.protocol.proto.OzoneManagerProtocolProtos$OzoneManagerService$2.callBlockingMethod(OzoneManagerProtocolProtos.java) [ozone-interface-client-1.3.0-SNAPSHOT.jar:?]
	at org.apache.hadoop.ipc.ProtobufRpcEngine$Server.processCall(ProtobufRpcEngine.java:466) [hadoop-common-3.3.1.jar:?]
	at org.apache.hadoop.ipc.ProtobufRpcEngine2$Server$ProtoBufRpcInvoker.call(ProtobufRpcEngine2.java:574) [hadoop-common-3.3.1.jar:?]
	at org.apache.hadoop.ipc.ProtobufRpcEngine2$Server$ProtoBufRpcInvoker.call(ProtobufRpcEngine2.java:552) [hadoop-common-3.3.1.jar:?]
	at org.apache.hadoop.ipc.RPC$Server.call(RPC.java:1093) [hadoop-common-3.3.1.jar:?]
	at org.apache.hadoop.ipc.Server$RpcCall.run(Server.java:1035) [hadoop-common-3.3.1.jar:?]
	at org.apache.hadoop.ipc.Server$RpcCall.run(Server.java:963) [hadoop-common-3.3.1.jar:?]
	at java.security.AccessController.doPrivileged(Native Method) ~[?:1.8.0_332]
	at javax.security.auth.Subject.doAs(Subject.java:422) [?:1.8.0_332]
	at org.apache.hadoop.security.UserGroupInformation.doAs(UserGroupInformation.java:1878) [hadoop-common-3.3.1.jar:?]
	at org.apache.hadoop.ipc.Server$Handler.run(Server.java:2966) [hadoop-common-3.3.1.jar:?]
]]></system-out>
  </testcase>
  <testcase name="testRenameFile" classname="TestOzoneFileSystem" time="0.103">
    <system-out><![CDATA[13:56:17.021 [IPC Server handler 15 on default port 33745] ERROR OMAudit - user=runner | ip=127.0.0.1 | op=GET_FILE_STATUS {volume=volume37829, bucket=bucket78784, key=root/file1, dataSize=0, replicationConfig=null} | ret=FAILURE
org.apache.hadoop.ozone.om.exceptions.OMException: Unable to get file status: volume: volume37829 bucket: bucket78784 key: root/file1
	at org.apache.hadoop.ozone.om.KeyManagerImpl.getOzoneFileStatus(KeyManagerImpl.java:1311) ~[ozone-manager-1.3.0-SNAPSHOT.jar:?]
	at org.apache.hadoop.ozone.om.KeyManagerImpl.getFileStatus(KeyManagerImpl.java:1241) ~[ozone-manager-1.3.0-SNAPSHOT.jar:?]
	at org.apache.hadoop.ozone.om.OzoneManager.getFileStatus(OzoneManager.java:3419) ~[ozone-manager-1.3.0-SNAPSHOT.jar:?]
	at org.apache.hadoop.ozone.protocolPB.OzoneManagerRequestHandler.getOzoneFileStatus(OzoneManagerRequestHandler.java:871) ~[ozone-manager-1.3.0-SNAPSHOT.jar:?]
	at org.apache.hadoop.ozone.protocolPB.OzoneManagerRequestHandler.handleReadRequest(OzoneManagerRequestHandler.java:217) ~[ozone-manager-1.3.0-SNAPSHOT.jar:?]
	at org.apache.hadoop.ozone.protocolPB.OzoneManagerProtocolServerSideTranslatorPB.submitRequestDirectlyToOM(OzoneManagerProtocolServerSideTranslatorPB.java:284) ~[ozone-manager-1.3.0-SNAPSHOT.jar:?]
	at org.apache.hadoop.ozone.protocolPB.OzoneManagerProtocolServerSideTranslatorPB.processRequest(OzoneManagerProtocolServerSideTranslatorPB.java:207) ~[ozone-manager-1.3.0-SNAPSHOT.jar:?]
	at org.apache.hadoop.hdds.server.OzoneProtocolMessageDispatcher.processRequest(OzoneProtocolMessageDispatcher.java:87) [hdds-server-framework-1.3.0-SNAPSHOT.jar:?]
	at org.apache.hadoop.ozone.protocolPB.OzoneManagerProtocolServerSideTranslatorPB.submitRequest(OzoneManagerProtocolServerSideTranslatorPB.java:147) [ozone-manager-1.3.0-SNAPSHOT.jar:?]
	at org.apache.hadoop.ozone.protocol.proto.OzoneManagerProtocolProtos$OzoneManagerService$2.callBlockingMethod(OzoneManagerProtocolProtos.java) [ozone-interface-client-1.3.0-SNAPSHOT.jar:?]
	at org.apache.hadoop.ipc.ProtobufRpcEngine$Server.processCall(ProtobufRpcEngine.java:466) [hadoop-common-3.3.1.jar:?]
	at org.apache.hadoop.ipc.ProtobufRpcEngine2$Server$ProtoBufRpcInvoker.call(ProtobufRpcEngine2.java:574) [hadoop-common-3.3.1.jar:?]
	at org.apache.hadoop.ipc.ProtobufRpcEngine2$Server$ProtoBufRpcInvoker.call(ProtobufRpcEngine2.java:552) [hadoop-common-3.3.1.jar:?]
	at org.apache.hadoop.ipc.RPC$Server.call(RPC.java:1093) [hadoop-common-3.3.1.jar:?]
	at org.apache.hadoop.ipc.Server$RpcCall.run(Server.java:1035) [hadoop-common-3.3.1.jar:?]
	at org.apache.hadoop.ipc.Server$RpcCall.run(Server.java:963) [hadoop-common-3.3.1.jar:?]
	at java.security.AccessController.doPrivileged(Native Method) ~[?:1.8.0_332]
	at javax.security.auth.Subject.doAs(Subject.java:422) [?:1.8.0_332]
	at org.apache.hadoop.security.UserGroupInformation.doAs(UserGroupInformation.java:1878) [hadoop-common-3.3.1.jar:?]
	at org.apache.hadoop.ipc.Server$Handler.run(Server.java:2966) [hadoop-common-3.3.1.jar:?]
]]></system-out>
  </testcase>
  <testcase name="testRenameDir" classname="TestOzoneFileSystem" time="0.046">
    <system-out><![CDATA[2022-06-21 13:52:46,669 [Time-limited test] INFO  ozone.TestOzoneFileSystem (TestOzoneFileSystem.java:testRenameDir(1113)) - Created dir o3fs://bucket92495.volume19882/root_dir/dir1/sub_dir1
2022-06-21 13:52:46,669 [Time-limited test] INFO  ozone.TestOzoneFileSystem (TestOzoneFileSystem.java:testRenameDir(1114)) - Will move o3fs://bucket92495.volume19882/root_dir/dir1 to o3fs://bucket92495.volume19882/root_dir/dir1.renamed
13:52:46.672 [IPC Server handler 8 on default port 44727] ERROR OMAudit - user=runner | ip=127.0.0.1 | op=GET_FILE_STATUS {volume=volume19882, bucket=bucket92495, key=root_dir/dir1.renamed, dataSize=0, replicationConfig=null} | ret=FAILURE
org.apache.hadoop.ozone.om.exceptions.OMException: Unable to get file status: volume: volume19882 bucket: bucket92495 key: root_dir/dir1.renamed
	at org.apache.hadoop.ozone.om.KeyManagerImpl.getOzoneFileStatus(KeyManagerImpl.java:1311) ~[ozone-manager-1.3.0-SNAPSHOT.jar:?]
	at org.apache.hadoop.ozone.om.KeyManagerImpl.getFileStatus(KeyManagerImpl.java:1241) ~[ozone-manager-1.3.0-SNAPSHOT.jar:?]
	at org.apache.hadoop.ozone.om.OzoneManager.getFileStatus(OzoneManager.java:3419) ~[ozone-manager-1.3.0-SNAPSHOT.jar:?]
	at org.apache.hadoop.ozone.protocolPB.OzoneManagerRequestHandler.getOzoneFileStatus(OzoneManagerRequestHandler.java:871) ~[ozone-manager-1.3.0-SNAPSHOT.jar:?]
	at org.apache.hadoop.ozone.protocolPB.OzoneManagerRequestHandler.handleReadRequest(OzoneManagerRequestHandler.java:217) ~[ozone-manager-1.3.0-SNAPSHOT.jar:?]
	at org.apache.hadoop.ozone.protocolPB.OzoneManagerProtocolServerSideTranslatorPB.submitReadRequestToOM(OzoneManagerProtocolServerSideTranslatorPB.java:225) ~[ozone-manager-1.3.0-SNAPSHOT.jar:?]
	at org.apache.hadoop.ozone.protocolPB.OzoneManagerProtocolServerSideTranslatorPB.processRequest(OzoneManagerProtocolServerSideTranslatorPB.java:175) ~[ozone-manager-1.3.0-SNAPSHOT.jar:?]
	at org.apache.hadoop.hdds.server.OzoneProtocolMessageDispatcher.processRequest(OzoneProtocolMessageDispatcher.java:87) [hdds-server-framework-1.3.0-SNAPSHOT.jar:?]
	at org.apache.hadoop.ozone.protocolPB.OzoneManagerProtocolServerSideTranslatorPB.submitRequest(OzoneManagerProtocolServerSideTranslatorPB.java:147) [ozone-manager-1.3.0-SNAPSHOT.jar:?]
	at org.apache.hadoop.ozone.protocol.proto.OzoneManagerProtocolProtos$OzoneManagerService$2.callBlockingMethod(OzoneManagerProtocolProtos.java) [ozone-interface-client-1.3.0-SNAPSHOT.jar:?]
	at org.apache.hadoop.ipc.ProtobufRpcEngine$Server.processCall(ProtobufRpcEngine.java:466) [hadoop-common-3.3.1.jar:?]
	at org.apache.hadoop.ipc.ProtobufRpcEngine2$Server$ProtoBufRpcInvoker.call(ProtobufRpcEngine2.java:574) [hadoop-common-3.3.1.jar:?]
	at org.apache.hadoop.ipc.ProtobufRpcEngine2$Server$ProtoBufRpcInvoker.call(ProtobufRpcEngine2.java:552) [hadoop-common-3.3.1.jar:?]
	at org.apache.hadoop.ipc.RPC$Server.call(RPC.java:1093) [hadoop-common-3.3.1.jar:?]
	at org.apache.hadoop.ipc.Server$RpcCall.run(Server.java:1035) [hadoop-common-3.3.1.jar:?]
	at org.apache.hadoop.ipc.Server$RpcCall.run(Server.java:963) [hadoop-common-3.3.1.jar:?]
	at java.security.AccessController.doPrivileged(Native Method) ~[?:1.8.0_332]
	at javax.security.auth.Subject.doAs(Subject.java:422) [?:1.8.0_332]
	at org.apache.hadoop.security.UserGroupInformation.doAs(UserGroupInformation.java:1878) [hadoop-common-3.3.1.jar:?]
	at org.apache.hadoop.ipc.Server$Handler.run(Server.java:2966) [hadoop-common-3.3.1.jar:?]
]]></system-out>
  </testcase>
  <testcase name="testRenameDir" classname="TestOzoneFileSystem" time="0.052">
    <system-out><![CDATA[2022-06-21 13:53:55,121 [da1def5c-cec2-4abd-8fe1-fa8043868437@group-3A0DCB9BB53C-LeaderElection17] INFO  server.RaftServer$Division (ServerState.java:setRaftConf(393)) - da1def5c-cec2-4abd-8fe1-fa8043868437@group-3A0DCB9BB53C: set configuration 0: [da1def5c-cec2-4abd-8fe1-fa8043868437|rpc:10.1.0.15:45839|dataStream:|priority:1], old=null
2022-06-21 13:53:55,140 [Time-limited test] INFO  ozone.TestOzoneFileSystem (TestOzoneFileSystem.java:testRenameDir(1113)) - Created dir o3fs://bucket16378.volume69434/root_dir/dir1/sub_dir1
2022-06-21 13:53:55,140 [Time-limited test] INFO  ozone.TestOzoneFileSystem (TestOzoneFileSystem.java:testRenameDir(1114)) - Will move o3fs://bucket16378.volume69434/root_dir/dir1 to o3fs://bucket16378.volume69434/root_dir/dir1.renamed
13:53:55.141 [IPC Server handler 14 on default port 34499] ERROR OMAudit - user=runner | ip=127.0.0.1 | op=GET_FILE_STATUS {volume=volume69434, bucket=bucket16378, key=root_dir/dir1.renamed, dataSize=0, replicationConfig=null} | ret=FAILURE
org.apache.hadoop.ozone.om.exceptions.OMException: Unable to get file status: volume: volume69434 bucket: bucket16378 key: root_dir/dir1.renamed
	at org.apache.hadoop.ozone.om.KeyManagerImpl.getOzoneFileStatus(KeyManagerImpl.java:1311) ~[ozone-manager-1.3.0-SNAPSHOT.jar:?]
	at org.apache.hadoop.ozone.om.KeyManagerImpl.getFileStatus(KeyManagerImpl.java:1241) ~[ozone-manager-1.3.0-SNAPSHOT.jar:?]
	at org.apache.hadoop.ozone.om.OzoneManager.getFileStatus(OzoneManager.java:3419) ~[ozone-manager-1.3.0-SNAPSHOT.jar:?]
	at org.apache.hadoop.ozone.protocolPB.OzoneManagerRequestHandler.getOzoneFileStatus(OzoneManagerRequestHandler.java:871) ~[ozone-manager-1.3.0-SNAPSHOT.jar:?]
	at org.apache.hadoop.ozone.protocolPB.OzoneManagerRequestHandler.handleReadRequest(OzoneManagerRequestHandler.java:217) ~[ozone-manager-1.3.0-SNAPSHOT.jar:?]
	at org.apache.hadoop.ozone.protocolPB.OzoneManagerProtocolServerSideTranslatorPB.submitRequestDirectlyToOM(OzoneManagerProtocolServerSideTranslatorPB.java:284) ~[ozone-manager-1.3.0-SNAPSHOT.jar:?]
	at org.apache.hadoop.ozone.protocolPB.OzoneManagerProtocolServerSideTranslatorPB.processRequest(OzoneManagerProtocolServerSideTranslatorPB.java:207) ~[ozone-manager-1.3.0-SNAPSHOT.jar:?]
	at org.apache.hadoop.hdds.server.OzoneProtocolMessageDispatcher.processRequest(OzoneProtocolMessageDispatcher.java:87) [hdds-server-framework-1.3.0-SNAPSHOT.jar:?]
	at org.apache.hadoop.ozone.protocolPB.OzoneManagerProtocolServerSideTranslatorPB.submitRequest(OzoneManagerProtocolServerSideTranslatorPB.java:147) [ozone-manager-1.3.0-SNAPSHOT.jar:?]
	at org.apache.hadoop.ozone.protocol.proto.OzoneManagerProtocolProtos$OzoneManagerService$2.callBlockingMethod(OzoneManagerProtocolProtos.java) [ozone-interface-client-1.3.0-SNAPSHOT.jar:?]
	at org.apache.hadoop.ipc.ProtobufRpcEngine$Server.processCall(ProtobufRpcEngine.java:466) [hadoop-common-3.3.1.jar:?]
	at org.apache.hadoop.ipc.ProtobufRpcEngine2$Server$ProtoBufRpcInvoker.call(ProtobufRpcEngine2.java:574) [hadoop-common-3.3.1.jar:?]
	at org.apache.hadoop.ipc.ProtobufRpcEngine2$Server$ProtoBufRpcInvoker.call(ProtobufRpcEngine2.java:552) [hadoop-common-3.3.1.jar:?]
	at org.apache.hadoop.ipc.RPC$Server.call(RPC.java:1093) [hadoop-common-3.3.1.jar:?]
	at org.apache.hadoop.ipc.Server$RpcCall.run(Server.java:1035) [hadoop-common-3.3.1.jar:?]
	at org.apache.hadoop.ipc.Server$RpcCall.run(Server.java:963) [hadoop-common-3.3.1.jar:?]
	at java.security.AccessController.doPrivileged(Native Method) ~[?:1.8.0_332]
	at javax.security.auth.Subject.doAs(Subject.java:422) [?:1.8.0_332]
	at org.apache.hadoop.security.UserGroupInformation.doAs(UserGroupInformation.java:1878) [hadoop-common-3.3.1.jar:?]
	at org.apache.hadoop.ipc.Server$Handler.run(Server.java:2966) [hadoop-common-3.3.1.jar:?]
]]></system-out>
  </testcase>
  <testcase name="testRenameDir" classname="TestOzoneFileSystem" time="0.057">
    <system-out><![CDATA[2022-06-21 13:54:59,718 [Time-limited test] INFO  ozone.TestOzoneFileSystem (TestOzoneFileSystem.java:testRenameDir(1113)) - Created dir o3fs://bucket67715.volume68340/root_dir/dir1/sub_dir1
2022-06-21 13:54:59,719 [Time-limited test] INFO  ozone.TestOzoneFileSystem (TestOzoneFileSystem.java:testRenameDir(1114)) - Will move o3fs://bucket67715.volume68340/root_dir/dir1 to o3fs://bucket67715.volume68340/root_dir/dir1.renamed
13:54:59.719 [IPC Server handler 7 on default port 42759] ERROR OMAudit - user=runner | ip=127.0.0.1 | op=GET_FILE_STATUS {volume=volume68340, bucket=bucket67715, key=root_dir/dir1.renamed, dataSize=0, replicationConfig=null} | ret=FAILURE
org.apache.hadoop.ozone.om.exceptions.OMException: Unable to get file status: volume: volume68340 bucket: bucket67715 key: root_dir/dir1.renamed
	at org.apache.hadoop.ozone.om.KeyManagerImpl.getOzoneFileStatus(KeyManagerImpl.java:1311) ~[ozone-manager-1.3.0-SNAPSHOT.jar:?]
	at org.apache.hadoop.ozone.om.KeyManagerImpl.getFileStatus(KeyManagerImpl.java:1241) ~[ozone-manager-1.3.0-SNAPSHOT.jar:?]
	at org.apache.hadoop.ozone.om.OzoneManager.getFileStatus(OzoneManager.java:3419) ~[ozone-manager-1.3.0-SNAPSHOT.jar:?]
	at org.apache.hadoop.ozone.protocolPB.OzoneManagerRequestHandler.getOzoneFileStatus(OzoneManagerRequestHandler.java:871) ~[ozone-manager-1.3.0-SNAPSHOT.jar:?]
	at org.apache.hadoop.ozone.protocolPB.OzoneManagerRequestHandler.handleReadRequest(OzoneManagerRequestHandler.java:217) ~[ozone-manager-1.3.0-SNAPSHOT.jar:?]
	at org.apache.hadoop.ozone.protocolPB.OzoneManagerProtocolServerSideTranslatorPB.submitReadRequestToOM(OzoneManagerProtocolServerSideTranslatorPB.java:225) ~[ozone-manager-1.3.0-SNAPSHOT.jar:?]
	at org.apache.hadoop.ozone.protocolPB.OzoneManagerProtocolServerSideTranslatorPB.processRequest(OzoneManagerProtocolServerSideTranslatorPB.java:175) ~[ozone-manager-1.3.0-SNAPSHOT.jar:?]
	at org.apache.hadoop.hdds.server.OzoneProtocolMessageDispatcher.processRequest(OzoneProtocolMessageDispatcher.java:87) [hdds-server-framework-1.3.0-SNAPSHOT.jar:?]
	at org.apache.hadoop.ozone.protocolPB.OzoneManagerProtocolServerSideTranslatorPB.submitRequest(OzoneManagerProtocolServerSideTranslatorPB.java:147) [ozone-manager-1.3.0-SNAPSHOT.jar:?]
	at org.apache.hadoop.ozone.protocol.proto.OzoneManagerProtocolProtos$OzoneManagerService$2.callBlockingMethod(OzoneManagerProtocolProtos.java) [ozone-interface-client-1.3.0-SNAPSHOT.jar:?]
	at org.apache.hadoop.ipc.ProtobufRpcEngine$Server.processCall(ProtobufRpcEngine.java:466) [hadoop-common-3.3.1.jar:?]
	at org.apache.hadoop.ipc.ProtobufRpcEngine2$Server$ProtoBufRpcInvoker.call(ProtobufRpcEngine2.java:574) [hadoop-common-3.3.1.jar:?]
	at org.apache.hadoop.ipc.ProtobufRpcEngine2$Server$ProtoBufRpcInvoker.call(ProtobufRpcEngine2.java:552) [hadoop-common-3.3.1.jar:?]
	at org.apache.hadoop.ipc.RPC$Server.call(RPC.java:1093) [hadoop-common-3.3.1.jar:?]
	at org.apache.hadoop.ipc.Server$RpcCall.run(Server.java:1035) [hadoop-common-3.3.1.jar:?]
	at org.apache.hadoop.ipc.Server$RpcCall.run(Server.java:963) [hadoop-common-3.3.1.jar:?]
	at java.security.AccessController.doPrivileged(Native Method) ~[?:1.8.0_332]
	at javax.security.auth.Subject.doAs(Subject.java:422) [?:1.8.0_332]
	at org.apache.hadoop.security.UserGroupInformation.doAs(UserGroupInformation.java:1878) [hadoop-common-3.3.1.jar:?]
	at org.apache.hadoop.ipc.Server$Handler.run(Server.java:2966) [hadoop-common-3.3.1.jar:?]
]]></system-out>
  </testcase>
  <testcase name="testRenameDir" classname="TestOzoneFileSystem" time="0.059">
    <system-out><![CDATA[2022-06-21 13:56:17,111 [Time-limited test] INFO  ozone.TestOzoneFileSystem (TestOzoneFileSystem.java:testRenameDir(1113)) - Created dir o3fs://bucket78784.volume37829/root_dir/dir1/sub_dir1
2022-06-21 13:56:17,111 [Time-limited test] INFO  ozone.TestOzoneFileSystem (TestOzoneFileSystem.java:testRenameDir(1114)) - Will move o3fs://bucket78784.volume37829/root_dir/dir1 to o3fs://bucket78784.volume37829/root_dir/dir1.renamed
13:56:17.114 [IPC Server handler 2 on default port 33745] ERROR OMAudit - user=runner | ip=127.0.0.1 | op=GET_FILE_STATUS {volume=volume37829, bucket=bucket78784, key=root_dir/dir1.renamed, dataSize=0, replicationConfig=null} | ret=FAILURE
org.apache.hadoop.ozone.om.exceptions.OMException: Unable to get file status: volume: volume37829 bucket: bucket78784 key: root_dir/dir1.renamed
	at org.apache.hadoop.ozone.om.KeyManagerImpl.getOzoneFileStatus(KeyManagerImpl.java:1311) ~[ozone-manager-1.3.0-SNAPSHOT.jar:?]
	at org.apache.hadoop.ozone.om.KeyManagerImpl.getFileStatus(KeyManagerImpl.java:1241) ~[ozone-manager-1.3.0-SNAPSHOT.jar:?]
	at org.apache.hadoop.ozone.om.OzoneManager.getFileStatus(OzoneManager.java:3419) ~[ozone-manager-1.3.0-SNAPSHOT.jar:?]
	at org.apache.hadoop.ozone.protocolPB.OzoneManagerRequestHandler.getOzoneFileStatus(OzoneManagerRequestHandler.java:871) ~[ozone-manager-1.3.0-SNAPSHOT.jar:?]
	at org.apache.hadoop.ozone.protocolPB.OzoneManagerRequestHandler.handleReadRequest(OzoneManagerRequestHandler.java:217) ~[ozone-manager-1.3.0-SNAPSHOT.jar:?]
	at org.apache.hadoop.ozone.protocolPB.OzoneManagerProtocolServerSideTranslatorPB.submitRequestDirectlyToOM(OzoneManagerProtocolServerSideTranslatorPB.java:284) ~[ozone-manager-1.3.0-SNAPSHOT.jar:?]
	at org.apache.hadoop.ozone.protocolPB.OzoneManagerProtocolServerSideTranslatorPB.processRequest(OzoneManagerProtocolServerSideTranslatorPB.java:207) ~[ozone-manager-1.3.0-SNAPSHOT.jar:?]
	at org.apache.hadoop.hdds.server.OzoneProtocolMessageDispatcher.processRequest(OzoneProtocolMessageDispatcher.java:87) [hdds-server-framework-1.3.0-SNAPSHOT.jar:?]
	at org.apache.hadoop.ozone.protocolPB.OzoneManagerProtocolServerSideTranslatorPB.submitRequest(OzoneManagerProtocolServerSideTranslatorPB.java:147) [ozone-manager-1.3.0-SNAPSHOT.jar:?]
	at org.apache.hadoop.ozone.protocol.proto.OzoneManagerProtocolProtos$OzoneManagerService$2.callBlockingMethod(OzoneManagerProtocolProtos.java) [ozone-interface-client-1.3.0-SNAPSHOT.jar:?]
	at org.apache.hadoop.ipc.ProtobufRpcEngine$Server.processCall(ProtobufRpcEngine.java:466) [hadoop-common-3.3.1.jar:?]
	at org.apache.hadoop.ipc.ProtobufRpcEngine2$Server$ProtoBufRpcInvoker.call(ProtobufRpcEngine2.java:574) [hadoop-common-3.3.1.jar:?]
	at org.apache.hadoop.ipc.ProtobufRpcEngine2$Server$ProtoBufRpcInvoker.call(ProtobufRpcEngine2.java:552) [hadoop-common-3.3.1.jar:?]
	at org.apache.hadoop.ipc.RPC$Server.call(RPC.java:1093) [hadoop-common-3.3.1.jar:?]
	at org.apache.hadoop.ipc.Server$RpcCall.run(Server.java:1035) [hadoop-common-3.3.1.jar:?]
	at org.apache.hadoop.ipc.Server$RpcCall.run(Server.java:963) [hadoop-common-3.3.1.jar:?]
	at java.security.AccessController.doPrivileged(Native Method) ~[?:1.8.0_332]
	at javax.security.auth.Subject.doAs(Subject.java:422) [?:1.8.0_332]
	at org.apache.hadoop.security.UserGroupInformation.doAs(UserGroupInformation.java:1878) [hadoop-common-3.3.1.jar:?]
	at org.apache.hadoop.ipc.Server$Handler.run(Server.java:2966) [hadoop-common-3.3.1.jar:?]
]]></system-out>
  </testcase>
  <testcase name="testAllocateMoreThanOneBlock" classname="TestOzoneFileSystem" time="0.623"/>
  <testcase name="testAllocateMoreThanOneBlock" classname="TestOzoneFileSystem" time="0.925">
    <system-out><![CDATA[2022-06-21 13:53:55,717 [17ea812a-a858-40de-b252-af3db1058d73@group-31A39DBD2754-FollowerState] INFO  impl.FollowerState (FollowerState.java:run(143)) - 17ea812a-a858-40de-b252-af3db1058d73@group-31A39DBD2754-FollowerState: change to CANDIDATE, lastRpcElapsedTime:5083895364ns, electionTimeout:5083ms
2022-06-21 13:53:55,717 [17ea812a-a858-40de-b252-af3db1058d73@group-31A39DBD2754-FollowerState] INFO  impl.RoleInfo (RoleInfo.java:shutdownFollowerState(110)) - 17ea812a-a858-40de-b252-af3db1058d73: shutdown 17ea812a-a858-40de-b252-af3db1058d73@group-31A39DBD2754-FollowerState
2022-06-21 13:53:55,717 [17ea812a-a858-40de-b252-af3db1058d73@group-31A39DBD2754-FollowerState] INFO  server.RaftServer$Division (RaftServerImpl.java:setRole(299)) - 17ea812a-a858-40de-b252-af3db1058d73@group-31A39DBD2754: changes role from  FOLLOWER to CANDIDATE at term 0 for changeToCandidate
2022-06-21 13:53:55,732 [17ea812a-a858-40de-b252-af3db1058d73@group-31A39DBD2754-FollowerState] INFO  server.RaftServerConfigKeys (ConfUtils.java:logGet(46)) - raft.server.leaderelection.pre-vote = false (custom)
2022-06-21 13:53:55,732 [17ea812a-a858-40de-b252-af3db1058d73@group-31A39DBD2754-FollowerState] INFO  impl.RoleInfo (RoleInfo.java:updateAndGet(139)) - 17ea812a-a858-40de-b252-af3db1058d73: start 17ea812a-a858-40de-b252-af3db1058d73@group-31A39DBD2754-LeaderElection18
2022-06-21 13:53:55,788 [17ea812a-a858-40de-b252-af3db1058d73@group-31A39DBD2754-LeaderElection18] INFO  impl.LeaderElection (LeaderElection.java:askForVotes(310)) - 17ea812a-a858-40de-b252-af3db1058d73@group-31A39DBD2754-LeaderElection18 ELECTION round 0: submit vote requests at term 1 for -1: [17ea812a-a858-40de-b252-af3db1058d73|rpc:10.1.0.15:45467|priority:1], old=null
2022-06-21 13:53:55,789 [17ea812a-a858-40de-b252-af3db1058d73@group-31A39DBD2754-LeaderElection18] INFO  impl.LeaderElection (LeaderElection.java:askForVotes(312)) - 17ea812a-a858-40de-b252-af3db1058d73@group-31A39DBD2754-LeaderElection18 ELECTION round 0: result PASSED (term=1)
2022-06-21 13:53:55,789 [17ea812a-a858-40de-b252-af3db1058d73@group-31A39DBD2754-LeaderElection18] INFO  impl.RoleInfo (RoleInfo.java:shutdownLeaderElection(130)) - 17ea812a-a858-40de-b252-af3db1058d73: shutdown 17ea812a-a858-40de-b252-af3db1058d73@group-31A39DBD2754-LeaderElection18
2022-06-21 13:53:55,789 [17ea812a-a858-40de-b252-af3db1058d73@group-31A39DBD2754-LeaderElection18] INFO  server.RaftServer$Division (RaftServerImpl.java:setRole(299)) - 17ea812a-a858-40de-b252-af3db1058d73@group-31A39DBD2754: changes role from CANDIDATE to LEADER at term 1 for changeToLeader
2022-06-21 13:53:55,789 [17ea812a-a858-40de-b252-af3db1058d73@group-31A39DBD2754-LeaderElection18] INFO  ratis.XceiverServerRatis (XceiverServerRatis.java:handleLeaderChangedNotification(863)) - Leader change notification received for group: group-31A39DBD2754 with new leaderId: 17ea812a-a858-40de-b252-af3db1058d73
2022-06-21 13:53:55,790 [17ea812a-a858-40de-b252-af3db1058d73@group-31A39DBD2754-LeaderElection18] INFO  server.RaftServer$Division (ServerState.java:setLeader(287)) - 17ea812a-a858-40de-b252-af3db1058d73@group-31A39DBD2754: change Leader from null to 17ea812a-a858-40de-b252-af3db1058d73 at term 1 for becomeLeader, leader elected after 5190ms
2022-06-21 13:53:55,790 [17ea812a-a858-40de-b252-af3db1058d73@group-31A39DBD2754-LeaderElection18] INFO  server.RaftServerConfigKeys (ConfUtils.java:logGet(46)) - raft.server.staging.catchup.gap = 1000 (default)
2022-06-21 13:53:55,790 [17ea812a-a858-40de-b252-af3db1058d73@group-31A39DBD2754-LeaderElection18] INFO  server.RaftServerConfigKeys (ConfUtils.java:logGet(46)) - raft.server.write.element-limit = 1024 (custom)
2022-06-21 13:53:55,790 [17ea812a-a858-40de-b252-af3db1058d73@group-31A39DBD2754-LeaderElection18] INFO  server.RaftServerConfigKeys (ConfUtils.java:logGet(46)) - raft.server.write.byte-limit = 1024 M (=1073741824) (custom)
2022-06-21 13:53:55,790 [17ea812a-a858-40de-b252-af3db1058d73@group-31A39DBD2754-LeaderElection18] INFO  server.RaftServerConfigKeys (ConfUtils.java:logGet(46)) - raft.server.watch.timeout = 180s (custom)
2022-06-21 13:53:55,790 [17ea812a-a858-40de-b252-af3db1058d73@group-31A39DBD2754-LeaderElection18] INFO  server.RaftServerConfigKeys (ConfUtils.java:logGet(46)) - raft.server.watch.timeout.denomination = 1s (default)
2022-06-21 13:53:55,790 [17ea812a-a858-40de-b252-af3db1058d73@group-31A39DBD2754-LeaderElection18] INFO  server.RaftServerConfigKeys (ConfUtils.java:logGet(46)) - raft.server.watch.element-limit = 65536 (default)
2022-06-21 13:53:55,790 [17ea812a-a858-40de-b252-af3db1058d73@group-31A39DBD2754-LeaderElection18] INFO  server.RaftServerConfigKeys (ConfUtils.java:logGet(46)) - raft.server.write.element-limit = 1024 (custom)
2022-06-21 13:53:55,790 [17ea812a-a858-40de-b252-af3db1058d73@group-31A39DBD2754-LeaderElection18] INFO  server.RaftServerConfigKeys (ConfUtils.java:logGet(46)) - raft.server.write.follower.gap.ratio.max = -1.0 (default)
2022-06-21 13:53:55,791 [17ea812a-a858-40de-b252-af3db1058d73@group-31A39DBD2754-LeaderElection18] INFO  impl.RoleInfo (RoleInfo.java:updateAndGet(139)) - 17ea812a-a858-40de-b252-af3db1058d73: start 17ea812a-a858-40de-b252-af3db1058d73@group-31A39DBD2754-LeaderStateImpl
2022-06-21 13:53:55,791 [17ea812a-a858-40de-b252-af3db1058d73@group-31A39DBD2754-LeaderElection18] INFO  segmented.SegmentedRaftLogWorker (SegmentedRaftLogWorker.java:startLogSegment(425)) - 17ea812a-a858-40de-b252-af3db1058d73@group-31A39DBD2754-SegmentedRaftLogWorker: Starting segment from index:0
2022-06-21 13:53:55,793 [17ea812a-a858-40de-b252-af3db1058d73@group-31A39DBD2754-SegmentedRaftLogWorker] INFO  segmented.SegmentedRaftLogWorker (SegmentedRaftLogWorker.java:execute(629)) - 17ea812a-a858-40de-b252-af3db1058d73@group-31A39DBD2754-SegmentedRaftLogWorker: created new log segment /home/runner/work/ozone/ozone/hadoop-ozone/integration-test/target/test-dir/MiniOzoneClusterImpl-034e9286-fd65-458d-99c2-fe4308dd713a/datanode-3/data/ratis/08b007a8-17d7-4620-8422-31a39dbd2754/current/log_inprogress_0
2022-06-21 13:53:55,814 [17ea812a-a858-40de-b252-af3db1058d73@group-31A39DBD2754-LeaderElection18] INFO  server.RaftServer$Division (ServerState.java:setRaftConf(393)) - 17ea812a-a858-40de-b252-af3db1058d73@group-31A39DBD2754: set configuration 0: [17ea812a-a858-40de-b252-af3db1058d73|rpc:10.1.0.15:45467|dataStream:|priority:1], old=null
]]></system-out>
  </testcase>
  <testcase name="testAllocateMoreThanOneBlock" classname="TestOzoneFileSystem" time="1.25">
    <system-out><![CDATA[2022-06-21 13:55:00,675 [e8a5f4c1-362e-4bfa-a43a-3b00239108a9@group-DC99E4621A07-FollowerState] INFO  impl.FollowerState (FollowerState.java:run(143)) - e8a5f4c1-362e-4bfa-a43a-3b00239108a9@group-DC99E4621A07-FollowerState: change to CANDIDATE, lastRpcElapsedTime:5159360351ns, electionTimeout:5150ms
2022-06-21 13:55:00,675 [e8a5f4c1-362e-4bfa-a43a-3b00239108a9@group-DC99E4621A07-FollowerState] INFO  impl.RoleInfo (RoleInfo.java:shutdownFollowerState(110)) - e8a5f4c1-362e-4bfa-a43a-3b00239108a9: shutdown e8a5f4c1-362e-4bfa-a43a-3b00239108a9@group-DC99E4621A07-FollowerState
2022-06-21 13:55:00,675 [e8a5f4c1-362e-4bfa-a43a-3b00239108a9@group-DC99E4621A07-FollowerState] INFO  server.RaftServer$Division (RaftServerImpl.java:setRole(299)) - e8a5f4c1-362e-4bfa-a43a-3b00239108a9@group-DC99E4621A07: changes role from  FOLLOWER to CANDIDATE at term 0 for changeToCandidate
2022-06-21 13:55:00,675 [e8a5f4c1-362e-4bfa-a43a-3b00239108a9@group-DC99E4621A07-FollowerState] INFO  server.RaftServerConfigKeys (ConfUtils.java:logGet(46)) - raft.server.leaderelection.pre-vote = false (custom)
2022-06-21 13:55:00,675 [e8a5f4c1-362e-4bfa-a43a-3b00239108a9@group-DC99E4621A07-FollowerState] INFO  impl.RoleInfo (RoleInfo.java:updateAndGet(139)) - e8a5f4c1-362e-4bfa-a43a-3b00239108a9: start e8a5f4c1-362e-4bfa-a43a-3b00239108a9@group-DC99E4621A07-LeaderElection34
2022-06-21 13:55:00,718 [e8a5f4c1-362e-4bfa-a43a-3b00239108a9@group-DC99E4621A07-LeaderElection34] INFO  impl.LeaderElection (LeaderElection.java:askForVotes(310)) - e8a5f4c1-362e-4bfa-a43a-3b00239108a9@group-DC99E4621A07-LeaderElection34 ELECTION round 0: submit vote requests at term 1 for -1: [e8a5f4c1-362e-4bfa-a43a-3b00239108a9|rpc:10.1.0.15:43683|priority:1], old=null
2022-06-21 13:55:00,718 [e8a5f4c1-362e-4bfa-a43a-3b00239108a9@group-DC99E4621A07-LeaderElection34] INFO  impl.LeaderElection (LeaderElection.java:askForVotes(312)) - e8a5f4c1-362e-4bfa-a43a-3b00239108a9@group-DC99E4621A07-LeaderElection34 ELECTION round 0: result PASSED (term=1)
2022-06-21 13:55:00,718 [e8a5f4c1-362e-4bfa-a43a-3b00239108a9@group-DC99E4621A07-LeaderElection34] INFO  impl.RoleInfo (RoleInfo.java:shutdownLeaderElection(130)) - e8a5f4c1-362e-4bfa-a43a-3b00239108a9: shutdown e8a5f4c1-362e-4bfa-a43a-3b00239108a9@group-DC99E4621A07-LeaderElection34
2022-06-21 13:55:00,718 [e8a5f4c1-362e-4bfa-a43a-3b00239108a9@group-DC99E4621A07-LeaderElection34] INFO  server.RaftServer$Division (RaftServerImpl.java:setRole(299)) - e8a5f4c1-362e-4bfa-a43a-3b00239108a9@group-DC99E4621A07: changes role from CANDIDATE to LEADER at term 1 for changeToLeader
2022-06-21 13:55:00,718 [e8a5f4c1-362e-4bfa-a43a-3b00239108a9@group-DC99E4621A07-LeaderElection34] INFO  ratis.XceiverServerRatis (XceiverServerRatis.java:handleLeaderChangedNotification(863)) - Leader change notification received for group: group-DC99E4621A07 with new leaderId: e8a5f4c1-362e-4bfa-a43a-3b00239108a9
2022-06-21 13:55:00,718 [e8a5f4c1-362e-4bfa-a43a-3b00239108a9@group-DC99E4621A07-LeaderElection34] INFO  server.RaftServer$Division (ServerState.java:setLeader(287)) - e8a5f4c1-362e-4bfa-a43a-3b00239108a9@group-DC99E4621A07: change Leader from null to e8a5f4c1-362e-4bfa-a43a-3b00239108a9 at term 1 for becomeLeader, leader elected after 5235ms
2022-06-21 13:55:00,718 [e8a5f4c1-362e-4bfa-a43a-3b00239108a9@group-DC99E4621A07-LeaderElection34] INFO  server.RaftServerConfigKeys (ConfUtils.java:logGet(46)) - raft.server.staging.catchup.gap = 1000 (default)
2022-06-21 13:55:00,718 [e8a5f4c1-362e-4bfa-a43a-3b00239108a9@group-DC99E4621A07-LeaderElection34] INFO  server.RaftServerConfigKeys (ConfUtils.java:logGet(46)) - raft.server.write.element-limit = 1024 (custom)
2022-06-21 13:55:00,718 [e8a5f4c1-362e-4bfa-a43a-3b00239108a9@group-DC99E4621A07-LeaderElection34] INFO  server.RaftServerConfigKeys (ConfUtils.java:logGet(46)) - raft.server.write.byte-limit = 1024 M (=1073741824) (custom)
2022-06-21 13:55:00,719 [e8a5f4c1-362e-4bfa-a43a-3b00239108a9@group-DC99E4621A07-LeaderElection34] INFO  server.RaftServerConfigKeys (ConfUtils.java:logGet(46)) - raft.server.watch.timeout = 180s (custom)
2022-06-21 13:55:00,719 [e8a5f4c1-362e-4bfa-a43a-3b00239108a9@group-DC99E4621A07-LeaderElection34] INFO  server.RaftServerConfigKeys (ConfUtils.java:logGet(46)) - raft.server.watch.timeout.denomination = 1s (default)
2022-06-21 13:55:00,719 [e8a5f4c1-362e-4bfa-a43a-3b00239108a9@group-DC99E4621A07-LeaderElection34] INFO  server.RaftServerConfigKeys (ConfUtils.java:logGet(46)) - raft.server.watch.element-limit = 65536 (default)
2022-06-21 13:55:00,762 [e8a5f4c1-362e-4bfa-a43a-3b00239108a9@group-DC99E4621A07-LeaderElection34] INFO  server.RaftServerConfigKeys (ConfUtils.java:logGet(46)) - raft.server.write.element-limit = 1024 (custom)
2022-06-21 13:55:00,762 [e8a5f4c1-362e-4bfa-a43a-3b00239108a9@group-DC99E4621A07-LeaderElection34] INFO  server.RaftServerConfigKeys (ConfUtils.java:logGet(46)) - raft.server.write.follower.gap.ratio.max = -1.0 (default)
2022-06-21 13:55:00,762 [e8a5f4c1-362e-4bfa-a43a-3b00239108a9@group-DC99E4621A07-LeaderElection34] INFO  impl.RoleInfo (RoleInfo.java:updateAndGet(139)) - e8a5f4c1-362e-4bfa-a43a-3b00239108a9: start e8a5f4c1-362e-4bfa-a43a-3b00239108a9@group-DC99E4621A07-LeaderStateImpl
2022-06-21 13:55:00,763 [e8a5f4c1-362e-4bfa-a43a-3b00239108a9@group-DC99E4621A07-LeaderElection34] INFO  segmented.SegmentedRaftLogWorker (SegmentedRaftLogWorker.java:startLogSegment(425)) - e8a5f4c1-362e-4bfa-a43a-3b00239108a9@group-DC99E4621A07-SegmentedRaftLogWorker: Starting segment from index:0
2022-06-21 13:55:00,766 [e8a5f4c1-362e-4bfa-a43a-3b00239108a9@group-DC99E4621A07-SegmentedRaftLogWorker] INFO  segmented.SegmentedRaftLogWorker (SegmentedRaftLogWorker.java:execute(629)) - e8a5f4c1-362e-4bfa-a43a-3b00239108a9@group-DC99E4621A07-SegmentedRaftLogWorker: created new log segment /home/runner/work/ozone/ozone/hadoop-ozone/integration-test/target/test-dir/MiniOzoneClusterImpl-3f841ece-6686-4b0e-b99d-a05159fb56b1/datanode-3/data/ratis/78b2b426-b7ab-43ab-a55b-dc99e4621a07/current/log_inprogress_0
2022-06-21 13:55:00,791 [e8a5f4c1-362e-4bfa-a43a-3b00239108a9@group-DC99E4621A07-LeaderElection34] INFO  server.RaftServer$Division (ServerState.java:setRaftConf(393)) - e8a5f4c1-362e-4bfa-a43a-3b00239108a9@group-DC99E4621A07: set configuration 0: [e8a5f4c1-362e-4bfa-a43a-3b00239108a9|rpc:10.1.0.15:43683|dataStream:|priority:1], old=null
]]></system-out>
  </testcase>
  <testcase name="testAllocateMoreThanOneBlock" classname="TestOzoneFileSystem" time="1.246"/>
  <testcase name="testRenameToExistingDir" classname="TestOzoneFileSystem" time="0.052">
    <system-out><![CDATA[13:52:47.350 [IPC Server handler 15 on default port 44727] ERROR OMAudit - user=runner | ip=127.0.0.1 | op=LIST_STATUS {volume=volume19882, bucket=bucket92495, key=b/a, dataSize=0, replicationConfig=null} | ret=FAILURE
org.apache.hadoop.ozone.om.exceptions.OMException: Unable to get file status: volume: volume19882 bucket: bucket92495 key: b/a
	at org.apache.hadoop.ozone.om.KeyManagerImpl.getOzoneFileStatus(KeyManagerImpl.java:1311) ~[ozone-manager-1.3.0-SNAPSHOT.jar:?]
	at org.apache.hadoop.ozone.om.KeyManagerImpl.getFileStatus(KeyManagerImpl.java:1241) ~[ozone-manager-1.3.0-SNAPSHOT.jar:?]
	at org.apache.hadoop.ozone.om.KeyManagerImpl.listStatus(KeyManagerImpl.java:1565) ~[ozone-manager-1.3.0-SNAPSHOT.jar:?]
	at org.apache.hadoop.ozone.om.OzoneManager.listStatus(OzoneManager.java:3497) ~[ozone-manager-1.3.0-SNAPSHOT.jar:?]
	at org.apache.hadoop.ozone.protocolPB.OzoneManagerRequestHandler.listStatus(OzoneManagerRequestHandler.java:1028) ~[ozone-manager-1.3.0-SNAPSHOT.jar:?]
	at org.apache.hadoop.ozone.protocolPB.OzoneManagerRequestHandler.handleReadRequest(OzoneManagerRequestHandler.java:228) ~[ozone-manager-1.3.0-SNAPSHOT.jar:?]
	at org.apache.hadoop.ozone.protocolPB.OzoneManagerProtocolServerSideTranslatorPB.submitReadRequestToOM(OzoneManagerProtocolServerSideTranslatorPB.java:225) ~[ozone-manager-1.3.0-SNAPSHOT.jar:?]
	at org.apache.hadoop.ozone.protocolPB.OzoneManagerProtocolServerSideTranslatorPB.processRequest(OzoneManagerProtocolServerSideTranslatorPB.java:175) ~[ozone-manager-1.3.0-SNAPSHOT.jar:?]
	at org.apache.hadoop.hdds.server.OzoneProtocolMessageDispatcher.processRequest(OzoneProtocolMessageDispatcher.java:87) [hdds-server-framework-1.3.0-SNAPSHOT.jar:?]
	at org.apache.hadoop.ozone.protocolPB.OzoneManagerProtocolServerSideTranslatorPB.submitRequest(OzoneManagerProtocolServerSideTranslatorPB.java:147) [ozone-manager-1.3.0-SNAPSHOT.jar:?]
	at org.apache.hadoop.ozone.protocol.proto.OzoneManagerProtocolProtos$OzoneManagerService$2.callBlockingMethod(OzoneManagerProtocolProtos.java) [ozone-interface-client-1.3.0-SNAPSHOT.jar:?]
	at org.apache.hadoop.ipc.ProtobufRpcEngine$Server.processCall(ProtobufRpcEngine.java:466) [hadoop-common-3.3.1.jar:?]
	at org.apache.hadoop.ipc.ProtobufRpcEngine2$Server$ProtoBufRpcInvoker.call(ProtobufRpcEngine2.java:574) [hadoop-common-3.3.1.jar:?]
	at org.apache.hadoop.ipc.ProtobufRpcEngine2$Server$ProtoBufRpcInvoker.call(ProtobufRpcEngine2.java:552) [hadoop-common-3.3.1.jar:?]
	at org.apache.hadoop.ipc.RPC$Server.call(RPC.java:1093) [hadoop-common-3.3.1.jar:?]
	at org.apache.hadoop.ipc.Server$RpcCall.run(Server.java:1035) [hadoop-common-3.3.1.jar:?]
	at org.apache.hadoop.ipc.Server$RpcCall.run(Server.java:963) [hadoop-common-3.3.1.jar:?]
	at java.security.AccessController.doPrivileged(Native Method) ~[?:1.8.0_332]
	at javax.security.auth.Subject.doAs(Subject.java:422) [?:1.8.0_332]
	at org.apache.hadoop.security.UserGroupInformation.doAs(UserGroupInformation.java:1878) [hadoop-common-3.3.1.jar:?]
	at org.apache.hadoop.ipc.Server$Handler.run(Server.java:2966) [hadoop-common-3.3.1.jar:?]
]]></system-out>
  </testcase>
  <testcase name="testRenameToExistingDir" classname="TestOzoneFileSystem" time="0.028">
    <system-out><![CDATA[13:53:56.094 [IPC Server handler 9 on default port 34499] ERROR OMAudit - user=runner | ip=127.0.0.1 | op=LIST_STATUS {volume=volume69434, bucket=bucket16378, key=b/a, dataSize=0, replicationConfig=null} | ret=FAILURE
org.apache.hadoop.ozone.om.exceptions.OMException: Unable to get file status: volume: volume69434 bucket: bucket16378 key: b/a
	at org.apache.hadoop.ozone.om.KeyManagerImpl.getOzoneFileStatus(KeyManagerImpl.java:1311) ~[ozone-manager-1.3.0-SNAPSHOT.jar:?]
	at org.apache.hadoop.ozone.om.KeyManagerImpl.getFileStatus(KeyManagerImpl.java:1241) ~[ozone-manager-1.3.0-SNAPSHOT.jar:?]
	at org.apache.hadoop.ozone.om.KeyManagerImpl.listStatus(KeyManagerImpl.java:1565) ~[ozone-manager-1.3.0-SNAPSHOT.jar:?]
	at org.apache.hadoop.ozone.om.OzoneManager.listStatus(OzoneManager.java:3497) ~[ozone-manager-1.3.0-SNAPSHOT.jar:?]
	at org.apache.hadoop.ozone.protocolPB.OzoneManagerRequestHandler.listStatus(OzoneManagerRequestHandler.java:1028) ~[ozone-manager-1.3.0-SNAPSHOT.jar:?]
	at org.apache.hadoop.ozone.protocolPB.OzoneManagerRequestHandler.handleReadRequest(OzoneManagerRequestHandler.java:228) ~[ozone-manager-1.3.0-SNAPSHOT.jar:?]
	at org.apache.hadoop.ozone.protocolPB.OzoneManagerProtocolServerSideTranslatorPB.submitRequestDirectlyToOM(OzoneManagerProtocolServerSideTranslatorPB.java:284) ~[ozone-manager-1.3.0-SNAPSHOT.jar:?]
	at org.apache.hadoop.ozone.protocolPB.OzoneManagerProtocolServerSideTranslatorPB.processRequest(OzoneManagerProtocolServerSideTranslatorPB.java:207) ~[ozone-manager-1.3.0-SNAPSHOT.jar:?]
	at org.apache.hadoop.hdds.server.OzoneProtocolMessageDispatcher.processRequest(OzoneProtocolMessageDispatcher.java:87) [hdds-server-framework-1.3.0-SNAPSHOT.jar:?]
	at org.apache.hadoop.ozone.protocolPB.OzoneManagerProtocolServerSideTranslatorPB.submitRequest(OzoneManagerProtocolServerSideTranslatorPB.java:147) [ozone-manager-1.3.0-SNAPSHOT.jar:?]
	at org.apache.hadoop.ozone.protocol.proto.OzoneManagerProtocolProtos$OzoneManagerService$2.callBlockingMethod(OzoneManagerProtocolProtos.java) [ozone-interface-client-1.3.0-SNAPSHOT.jar:?]
	at org.apache.hadoop.ipc.ProtobufRpcEngine$Server.processCall(ProtobufRpcEngine.java:466) [hadoop-common-3.3.1.jar:?]
	at org.apache.hadoop.ipc.ProtobufRpcEngine2$Server$ProtoBufRpcInvoker.call(ProtobufRpcEngine2.java:574) [hadoop-common-3.3.1.jar:?]
	at org.apache.hadoop.ipc.ProtobufRpcEngine2$Server$ProtoBufRpcInvoker.call(ProtobufRpcEngine2.java:552) [hadoop-common-3.3.1.jar:?]
	at org.apache.hadoop.ipc.RPC$Server.call(RPC.java:1093) [hadoop-common-3.3.1.jar:?]
	at org.apache.hadoop.ipc.Server$RpcCall.run(Server.java:1035) [hadoop-common-3.3.1.jar:?]
	at org.apache.hadoop.ipc.Server$RpcCall.run(Server.java:963) [hadoop-common-3.3.1.jar:?]
	at java.security.AccessController.doPrivileged(Native Method) ~[?:1.8.0_332]
	at javax.security.auth.Subject.doAs(Subject.java:422) [?:1.8.0_332]
	at org.apache.hadoop.security.UserGroupInformation.doAs(UserGroupInformation.java:1878) [hadoop-common-3.3.1.jar:?]
	at org.apache.hadoop.ipc.Server$Handler.run(Server.java:2966) [hadoop-common-3.3.1.jar:?]
]]></system-out>
  </testcase>
  <testcase name="testRenameToExistingDir" classname="TestOzoneFileSystem" time="0.029">
    <system-out><![CDATA[13:55:01.021 [IPC Server handler 10 on default port 42759] ERROR OMAudit - user=runner | ip=127.0.0.1 | op=LIST_STATUS {volume=volume68340, bucket=bucket67715, key=b/a, dataSize=0, replicationConfig=null} | ret=FAILURE
org.apache.hadoop.ozone.om.exceptions.OMException: Unable to get file status: volume: volume68340 bucket: bucket67715 key: b/a
	at org.apache.hadoop.ozone.om.KeyManagerImpl.getOzoneFileStatus(KeyManagerImpl.java:1311) ~[ozone-manager-1.3.0-SNAPSHOT.jar:?]
	at org.apache.hadoop.ozone.om.KeyManagerImpl.getFileStatus(KeyManagerImpl.java:1241) ~[ozone-manager-1.3.0-SNAPSHOT.jar:?]
	at org.apache.hadoop.ozone.om.KeyManagerImpl.listStatus(KeyManagerImpl.java:1565) ~[ozone-manager-1.3.0-SNAPSHOT.jar:?]
	at org.apache.hadoop.ozone.om.OzoneManager.listStatus(OzoneManager.java:3497) ~[ozone-manager-1.3.0-SNAPSHOT.jar:?]
	at org.apache.hadoop.ozone.protocolPB.OzoneManagerRequestHandler.listStatus(OzoneManagerRequestHandler.java:1028) ~[ozone-manager-1.3.0-SNAPSHOT.jar:?]
	at org.apache.hadoop.ozone.protocolPB.OzoneManagerRequestHandler.handleReadRequest(OzoneManagerRequestHandler.java:228) ~[ozone-manager-1.3.0-SNAPSHOT.jar:?]
	at org.apache.hadoop.ozone.protocolPB.OzoneManagerProtocolServerSideTranslatorPB.submitReadRequestToOM(OzoneManagerProtocolServerSideTranslatorPB.java:225) ~[ozone-manager-1.3.0-SNAPSHOT.jar:?]
	at org.apache.hadoop.ozone.protocolPB.OzoneManagerProtocolServerSideTranslatorPB.processRequest(OzoneManagerProtocolServerSideTranslatorPB.java:175) ~[ozone-manager-1.3.0-SNAPSHOT.jar:?]
	at org.apache.hadoop.hdds.server.OzoneProtocolMessageDispatcher.processRequest(OzoneProtocolMessageDispatcher.java:87) [hdds-server-framework-1.3.0-SNAPSHOT.jar:?]
	at org.apache.hadoop.ozone.protocolPB.OzoneManagerProtocolServerSideTranslatorPB.submitRequest(OzoneManagerProtocolServerSideTranslatorPB.java:147) [ozone-manager-1.3.0-SNAPSHOT.jar:?]
	at org.apache.hadoop.ozone.protocol.proto.OzoneManagerProtocolProtos$OzoneManagerService$2.callBlockingMethod(OzoneManagerProtocolProtos.java) [ozone-interface-client-1.3.0-SNAPSHOT.jar:?]
	at org.apache.hadoop.ipc.ProtobufRpcEngine$Server.processCall(ProtobufRpcEngine.java:466) [hadoop-common-3.3.1.jar:?]
	at org.apache.hadoop.ipc.ProtobufRpcEngine2$Server$ProtoBufRpcInvoker.call(ProtobufRpcEngine2.java:574) [hadoop-common-3.3.1.jar:?]
	at org.apache.hadoop.ipc.ProtobufRpcEngine2$Server$ProtoBufRpcInvoker.call(ProtobufRpcEngine2.java:552) [hadoop-common-3.3.1.jar:?]
	at org.apache.hadoop.ipc.RPC$Server.call(RPC.java:1093) [hadoop-common-3.3.1.jar:?]
	at org.apache.hadoop.ipc.Server$RpcCall.run(Server.java:1035) [hadoop-common-3.3.1.jar:?]
	at org.apache.hadoop.ipc.Server$RpcCall.run(Server.java:963) [hadoop-common-3.3.1.jar:?]
	at java.security.AccessController.doPrivileged(Native Method) ~[?:1.8.0_332]
	at javax.security.auth.Subject.doAs(Subject.java:422) [?:1.8.0_332]
	at org.apache.hadoop.security.UserGroupInformation.doAs(UserGroupInformation.java:1878) [hadoop-common-3.3.1.jar:?]
	at org.apache.hadoop.ipc.Server$Handler.run(Server.java:2966) [hadoop-common-3.3.1.jar:?]
]]></system-out>
  </testcase>
  <testcase name="testRenameToExistingDir" classname="TestOzoneFileSystem" time="0.028">
    <system-out><![CDATA[13:56:18.397 [IPC Server handler 13 on default port 33745] ERROR OMAudit - user=runner | ip=127.0.0.1 | op=LIST_STATUS {volume=volume37829, bucket=bucket78784, key=b/a, dataSize=0, replicationConfig=null} | ret=FAILURE
org.apache.hadoop.ozone.om.exceptions.OMException: Unable to get file status: volume: volume37829 bucket: bucket78784 key: b/a
	at org.apache.hadoop.ozone.om.KeyManagerImpl.getOzoneFileStatus(KeyManagerImpl.java:1311) ~[ozone-manager-1.3.0-SNAPSHOT.jar:?]
	at org.apache.hadoop.ozone.om.KeyManagerImpl.getFileStatus(KeyManagerImpl.java:1241) ~[ozone-manager-1.3.0-SNAPSHOT.jar:?]
	at org.apache.hadoop.ozone.om.KeyManagerImpl.listStatus(KeyManagerImpl.java:1565) ~[ozone-manager-1.3.0-SNAPSHOT.jar:?]
	at org.apache.hadoop.ozone.om.OzoneManager.listStatus(OzoneManager.java:3497) ~[ozone-manager-1.3.0-SNAPSHOT.jar:?]
	at org.apache.hadoop.ozone.protocolPB.OzoneManagerRequestHandler.listStatus(OzoneManagerRequestHandler.java:1028) ~[ozone-manager-1.3.0-SNAPSHOT.jar:?]
	at org.apache.hadoop.ozone.protocolPB.OzoneManagerRequestHandler.handleReadRequest(OzoneManagerRequestHandler.java:228) ~[ozone-manager-1.3.0-SNAPSHOT.jar:?]
	at org.apache.hadoop.ozone.protocolPB.OzoneManagerProtocolServerSideTranslatorPB.submitRequestDirectlyToOM(OzoneManagerProtocolServerSideTranslatorPB.java:284) ~[ozone-manager-1.3.0-SNAPSHOT.jar:?]
	at org.apache.hadoop.ozone.protocolPB.OzoneManagerProtocolServerSideTranslatorPB.processRequest(OzoneManagerProtocolServerSideTranslatorPB.java:207) ~[ozone-manager-1.3.0-SNAPSHOT.jar:?]
	at org.apache.hadoop.hdds.server.OzoneProtocolMessageDispatcher.processRequest(OzoneProtocolMessageDispatcher.java:87) [hdds-server-framework-1.3.0-SNAPSHOT.jar:?]
	at org.apache.hadoop.ozone.protocolPB.OzoneManagerProtocolServerSideTranslatorPB.submitRequest(OzoneManagerProtocolServerSideTranslatorPB.java:147) [ozone-manager-1.3.0-SNAPSHOT.jar:?]
	at org.apache.hadoop.ozone.protocol.proto.OzoneManagerProtocolProtos$OzoneManagerService$2.callBlockingMethod(OzoneManagerProtocolProtos.java) [ozone-interface-client-1.3.0-SNAPSHOT.jar:?]
	at org.apache.hadoop.ipc.ProtobufRpcEngine$Server.processCall(ProtobufRpcEngine.java:466) [hadoop-common-3.3.1.jar:?]
	at org.apache.hadoop.ipc.ProtobufRpcEngine2$Server$ProtoBufRpcInvoker.call(ProtobufRpcEngine2.java:574) [hadoop-common-3.3.1.jar:?]
	at org.apache.hadoop.ipc.ProtobufRpcEngine2$Server$ProtoBufRpcInvoker.call(ProtobufRpcEngine2.java:552) [hadoop-common-3.3.1.jar:?]
	at org.apache.hadoop.ipc.RPC$Server.call(RPC.java:1093) [hadoop-common-3.3.1.jar:?]
	at org.apache.hadoop.ipc.Server$RpcCall.run(Server.java:1035) [hadoop-common-3.3.1.jar:?]
	at org.apache.hadoop.ipc.Server$RpcCall.run(Server.java:963) [hadoop-common-3.3.1.jar:?]
	at java.security.AccessController.doPrivileged(Native Method) ~[?:1.8.0_332]
	at javax.security.auth.Subject.doAs(Subject.java:422) [?:1.8.0_332]
	at org.apache.hadoop.security.UserGroupInformation.doAs(UserGroupInformation.java:1878) [hadoop-common-3.3.1.jar:?]
	at org.apache.hadoop.ipc.Server$Handler.run(Server.java:2966) [hadoop-common-3.3.1.jar:?]
]]></system-out>
  </testcase>
  <testcase name="testRenameDirToItsOwnSubDir" classname="TestOzoneFileSystem" time="0.024">
    <system-out><![CDATA[2022-06-21 13:52:47,388 [Time-limited test] INFO  ozone.TestOzoneFileSystem (TestOzoneFileSystem.java:testRenameDirToItsOwnSubDir(870)) - Created dir1 o3fs://bucket92495.volume19882/root/dir1/sub_dir1
2022-06-21 13:52:47,388 [Time-limited test] INFO  ozone.TestOzoneFileSystem (TestOzoneFileSystem.java:testRenameDirToItsOwnSubDir(873)) - Rename op-> source:o3fs://bucket92495.volume19882/root to destin:o3fs://bucket92495.volume19882/root/dir1/sub_dir1
]]></system-out>
  </testcase>
  <testcase name="testRenameDirToItsOwnSubDir" classname="TestOzoneFileSystem" time="0.024">
    <system-out><![CDATA[2022-06-21 13:53:56,123 [Time-limited test] INFO  ozone.TestOzoneFileSystem (TestOzoneFileSystem.java:testRenameDirToItsOwnSubDir(870)) - Created dir1 o3fs://bucket16378.volume69434/root/dir1/sub_dir1
2022-06-21 13:53:56,124 [Time-limited test] INFO  ozone.TestOzoneFileSystem (TestOzoneFileSystem.java:testRenameDirToItsOwnSubDir(873)) - Rename op-> source:o3fs://bucket16378.volume69434/root to destin:o3fs://bucket16378.volume69434/root/dir1/sub_dir1
]]></system-out>
  </testcase>
  <testcase name="testRenameDirToItsOwnSubDir" classname="TestOzoneFileSystem" time="0.026">
    <system-out><![CDATA[2022-06-21 13:55:01,041 [Time-limited test] INFO  ozone.TestOzoneFileSystem (TestOzoneFileSystem.java:testRenameDirToItsOwnSubDir(870)) - Created dir1 o3fs://bucket67715.volume68340/root/dir1/sub_dir1
2022-06-21 13:55:01,041 [Time-limited test] INFO  ozone.TestOzoneFileSystem (TestOzoneFileSystem.java:testRenameDirToItsOwnSubDir(873)) - Rename op-> source:o3fs://bucket67715.volume68340/root to destin:o3fs://bucket67715.volume68340/root/dir1/sub_dir1
]]></system-out>
  </testcase>
  <testcase name="testRenameDirToItsOwnSubDir" classname="TestOzoneFileSystem" time="0.024">
    <system-out><![CDATA[2022-06-21 13:56:18,418 [Time-limited test] INFO  ozone.TestOzoneFileSystem (TestOzoneFileSystem.java:testRenameDirToItsOwnSubDir(870)) - Created dir1 o3fs://bucket78784.volume37829/root/dir1/sub_dir1
2022-06-21 13:56:18,419 [Time-limited test] INFO  ozone.TestOzoneFileSystem (TestOzoneFileSystem.java:testRenameDirToItsOwnSubDir(873)) - Rename op-> source:o3fs://bucket78784.volume37829/root to destin:o3fs://bucket78784.volume37829/root/dir1/sub_dir1
]]></system-out>
  </testcase>
  <testcase name="testGetDirectoryModificationTime" classname="TestOzoneFileSystem" time="0.148"/>
  <testcase name="testGetDirectoryModificationTime" classname="TestOzoneFileSystem" time="0.144"/>
  <testcase name="testGetDirectoryModificationTime" classname="TestOzoneFileSystem" time="0.145"/>
  <testcase name="testGetDirectoryModificationTime" classname="TestOzoneFileSystem" time="0.164"/>
  <testcase name="testOzoneFsServiceLoader" classname="TestOzoneFileSystem" time="0.003"/>
  <testcase name="testOzoneFsServiceLoader" classname="TestOzoneFileSystem" time="0.009"/>
  <testcase name="testOzoneFsServiceLoader" classname="TestOzoneFileSystem" time="0.024"/>
  <testcase name="testOzoneFsServiceLoader" classname="TestOzoneFileSystem" time="0.013"/>
  <testcase name="testTrash" classname="TestOzoneFileSystem" time="4.089">
    <system-out><![CDATA[13:52:47.577 [IPC Server handler 17 on default port 44727] ERROR OMAudit - user=runner | ip=127.0.0.1 | op=GET_FILE_STATUS {volume=volume19882, bucket=bucket92495, key=.Trash/runner/Current/testKey2, dataSize=0, replicationConfig=null} | ret=FAILURE
org.apache.hadoop.ozone.om.exceptions.OMException: Unable to get file status: volume: volume19882 bucket: bucket92495 key: .Trash/runner/Current/testKey2
	at org.apache.hadoop.ozone.om.KeyManagerImpl.getOzoneFileStatus(KeyManagerImpl.java:1311) ~[ozone-manager-1.3.0-SNAPSHOT.jar:?]
	at org.apache.hadoop.ozone.om.KeyManagerImpl.getFileStatus(KeyManagerImpl.java:1241) ~[ozone-manager-1.3.0-SNAPSHOT.jar:?]
	at org.apache.hadoop.ozone.om.OzoneManager.getFileStatus(OzoneManager.java:3419) ~[ozone-manager-1.3.0-SNAPSHOT.jar:?]
	at org.apache.hadoop.ozone.protocolPB.OzoneManagerRequestHandler.getOzoneFileStatus(OzoneManagerRequestHandler.java:871) ~[ozone-manager-1.3.0-SNAPSHOT.jar:?]
	at org.apache.hadoop.ozone.protocolPB.OzoneManagerRequestHandler.handleReadRequest(OzoneManagerRequestHandler.java:217) ~[ozone-manager-1.3.0-SNAPSHOT.jar:?]
	at org.apache.hadoop.ozone.protocolPB.OzoneManagerProtocolServerSideTranslatorPB.submitReadRequestToOM(OzoneManagerProtocolServerSideTranslatorPB.java:225) ~[ozone-manager-1.3.0-SNAPSHOT.jar:?]
	at org.apache.hadoop.ozone.protocolPB.OzoneManagerProtocolServerSideTranslatorPB.processRequest(OzoneManagerProtocolServerSideTranslatorPB.java:175) ~[ozone-manager-1.3.0-SNAPSHOT.jar:?]
	at org.apache.hadoop.hdds.server.OzoneProtocolMessageDispatcher.processRequest(OzoneProtocolMessageDispatcher.java:87) [hdds-server-framework-1.3.0-SNAPSHOT.jar:?]
	at org.apache.hadoop.ozone.protocolPB.OzoneManagerProtocolServerSideTranslatorPB.submitRequest(OzoneManagerProtocolServerSideTranslatorPB.java:147) [ozone-manager-1.3.0-SNAPSHOT.jar:?]
	at org.apache.hadoop.ozone.protocol.proto.OzoneManagerProtocolProtos$OzoneManagerService$2.callBlockingMethod(OzoneManagerProtocolProtos.java) [ozone-interface-client-1.3.0-SNAPSHOT.jar:?]
	at org.apache.hadoop.ipc.ProtobufRpcEngine$Server.processCall(ProtobufRpcEngine.java:466) [hadoop-common-3.3.1.jar:?]
	at org.apache.hadoop.ipc.ProtobufRpcEngine2$Server$ProtoBufRpcInvoker.call(ProtobufRpcEngine2.java:574) [hadoop-common-3.3.1.jar:?]
	at org.apache.hadoop.ipc.ProtobufRpcEngine2$Server$ProtoBufRpcInvoker.call(ProtobufRpcEngine2.java:552) [hadoop-common-3.3.1.jar:?]
	at org.apache.hadoop.ipc.RPC$Server.call(RPC.java:1093) [hadoop-common-3.3.1.jar:?]
	at org.apache.hadoop.ipc.Server$RpcCall.run(Server.java:1035) [hadoop-common-3.3.1.jar:?]
	at org.apache.hadoop.ipc.Server$RpcCall.run(Server.java:963) [hadoop-common-3.3.1.jar:?]
	at java.security.AccessController.doPrivileged(Native Method) ~[?:1.8.0_332]
	at javax.security.auth.Subject.doAs(Subject.java:422) [?:1.8.0_332]
	at org.apache.hadoop.security.UserGroupInformation.doAs(UserGroupInformation.java:1878) [hadoop-common-3.3.1.jar:?]
	at org.apache.hadoop.ipc.Server$Handler.run(Server.java:2966) [hadoop-common-3.3.1.jar:?]
13:52:47.581 [IPC Server handler 4 on default port 44727] ERROR OMAudit - user=runner | ip=127.0.0.1 | op=GET_FILE_STATUS {volume=volume19882, bucket=bucket92495, key=.Trash/runner/Current/testKey2, dataSize=0, replicationConfig=null} | ret=FAILURE
org.apache.hadoop.ozone.om.exceptions.OMException: Unable to get file status: volume: volume19882 bucket: bucket92495 key: .Trash/runner/Current/testKey2
	at org.apache.hadoop.ozone.om.KeyManagerImpl.getOzoneFileStatus(KeyManagerImpl.java:1311) ~[ozone-manager-1.3.0-SNAPSHOT.jar:?]
	at org.apache.hadoop.ozone.om.KeyManagerImpl.getFileStatus(KeyManagerImpl.java:1241) ~[ozone-manager-1.3.0-SNAPSHOT.jar:?]
	at org.apache.hadoop.ozone.om.OzoneManager.getFileStatus(OzoneManager.java:3419) ~[ozone-manager-1.3.0-SNAPSHOT.jar:?]
	at org.apache.hadoop.ozone.protocolPB.OzoneManagerRequestHandler.getOzoneFileStatus(OzoneManagerRequestHandler.java:871) ~[ozone-manager-1.3.0-SNAPSHOT.jar:?]
	at org.apache.hadoop.ozone.protocolPB.OzoneManagerRequestHandler.handleReadRequest(OzoneManagerRequestHandler.java:217) ~[ozone-manager-1.3.0-SNAPSHOT.jar:?]
	at org.apache.hadoop.ozone.protocolPB.OzoneManagerProtocolServerSideTranslatorPB.submitReadRequestToOM(OzoneManagerProtocolServerSideTranslatorPB.java:225) ~[ozone-manager-1.3.0-SNAPSHOT.jar:?]
	at org.apache.hadoop.ozone.protocolPB.OzoneManagerProtocolServerSideTranslatorPB.processRequest(OzoneManagerProtocolServerSideTranslatorPB.java:175) ~[ozone-manager-1.3.0-SNAPSHOT.jar:?]
	at org.apache.hadoop.hdds.server.OzoneProtocolMessageDispatcher.processRequest(OzoneProtocolMessageDispatcher.java:87) [hdds-server-framework-1.3.0-SNAPSHOT.jar:?]
	at org.apache.hadoop.ozone.protocolPB.OzoneManagerProtocolServerSideTranslatorPB.submitRequest(OzoneManagerProtocolServerSideTranslatorPB.java:147) [ozone-manager-1.3.0-SNAPSHOT.jar:?]
	at org.apache.hadoop.ozone.protocol.proto.OzoneManagerProtocolProtos$OzoneManagerService$2.callBlockingMethod(OzoneManagerProtocolProtos.java) [ozone-interface-client-1.3.0-SNAPSHOT.jar:?]
	at org.apache.hadoop.ipc.ProtobufRpcEngine$Server.processCall(ProtobufRpcEngine.java:466) [hadoop-common-3.3.1.jar:?]
	at org.apache.hadoop.ipc.ProtobufRpcEngine2$Server$ProtoBufRpcInvoker.call(ProtobufRpcEngine2.java:574) [hadoop-common-3.3.1.jar:?]
	at org.apache.hadoop.ipc.ProtobufRpcEngine2$Server$ProtoBufRpcInvoker.call(ProtobufRpcEngine2.java:552) [hadoop-common-3.3.1.jar:?]
	at org.apache.hadoop.ipc.RPC$Server.call(RPC.java:1093) [hadoop-common-3.3.1.jar:?]
	at org.apache.hadoop.ipc.Server$RpcCall.run(Server.java:1035) [hadoop-common-3.3.1.jar:?]
	at org.apache.hadoop.ipc.Server$RpcCall.run(Server.java:963) [hadoop-common-3.3.1.jar:?]
	at java.security.AccessController.doPrivileged(Native Method) ~[?:1.8.0_332]
	at javax.security.auth.Subject.doAs(Subject.java:422) [?:1.8.0_332]
	at org.apache.hadoop.security.UserGroupInformation.doAs(UserGroupInformation.java:1878) [hadoop-common-3.3.1.jar:?]
	at org.apache.hadoop.ipc.Server$Handler.run(Server.java:2966) [hadoop-common-3.3.1.jar:?]
2022-06-21 13:52:47,592 [Time-limited test] INFO  fs.TrashPolicyDefault (TrashPolicyDefault.java:moveToTrash(188)) - Moved: '/testKey2' to trash at: /.Trash/runner/Current/testKey2
13:52:48.597 [IPC Server handler 1 on default port 44727] ERROR OMAudit - user=runner | ip=127.0.0.1 | op=GET_FILE_STATUS {volume=volume19882, bucket=bucket92495, key=.Trash/runner/Current/testKey2, dataSize=0, replicationConfig=null} | ret=FAILURE
org.apache.hadoop.ozone.om.exceptions.OMException: Unable to get file status: volume: volume19882 bucket: bucket92495 key: .Trash/runner/Current/testKey2
	at org.apache.hadoop.ozone.om.KeyManagerImpl.getOzoneFileStatus(KeyManagerImpl.java:1311) ~[ozone-manager-1.3.0-SNAPSHOT.jar:?]
	at org.apache.hadoop.ozone.om.KeyManagerImpl.getFileStatus(KeyManagerImpl.java:1241) ~[ozone-manager-1.3.0-SNAPSHOT.jar:?]
	at org.apache.hadoop.ozone.om.OzoneManager.getFileStatus(OzoneManager.java:3419) ~[ozone-manager-1.3.0-SNAPSHOT.jar:?]
	at org.apache.hadoop.ozone.protocolPB.OzoneManagerRequestHandler.getOzoneFileStatus(OzoneManagerRequestHandler.java:871) ~[ozone-manager-1.3.0-SNAPSHOT.jar:?]
	at org.apache.hadoop.ozone.protocolPB.OzoneManagerRequestHandler.handleReadRequest(OzoneManagerRequestHandler.java:217) ~[ozone-manager-1.3.0-SNAPSHOT.jar:?]
	at org.apache.hadoop.ozone.protocolPB.OzoneManagerProtocolServerSideTranslatorPB.submitReadRequestToOM(OzoneManagerProtocolServerSideTranslatorPB.java:225) ~[ozone-manager-1.3.0-SNAPSHOT.jar:?]
	at org.apache.hadoop.ozone.protocolPB.OzoneManagerProtocolServerSideTranslatorPB.processRequest(OzoneManagerProtocolServerSideTranslatorPB.java:175) ~[ozone-manager-1.3.0-SNAPSHOT.jar:?]
	at org.apache.hadoop.hdds.server.OzoneProtocolMessageDispatcher.processRequest(OzoneProtocolMessageDispatcher.java:87) [hdds-server-framework-1.3.0-SNAPSHOT.jar:?]
	at org.apache.hadoop.ozone.protocolPB.OzoneManagerProtocolServerSideTranslatorPB.submitRequest(OzoneManagerProtocolServerSideTranslatorPB.java:147) [ozone-manager-1.3.0-SNAPSHOT.jar:?]
	at org.apache.hadoop.ozone.protocol.proto.OzoneManagerProtocolProtos$OzoneManagerService$2.callBlockingMethod(OzoneManagerProtocolProtos.java) [ozone-interface-client-1.3.0-SNAPSHOT.jar:?]
	at org.apache.hadoop.ipc.ProtobufRpcEngine$Server.processCall(ProtobufRpcEngine.java:466) [hadoop-common-3.3.1.jar:?]
	at org.apache.hadoop.ipc.ProtobufRpcEngine2$Server$ProtoBufRpcInvoker.call(ProtobufRpcEngine2.java:574) [hadoop-common-3.3.1.jar:?]
	at org.apache.hadoop.ipc.ProtobufRpcEngine2$Server$ProtoBufRpcInvoker.call(ProtobufRpcEngine2.java:552) [hadoop-common-3.3.1.jar:?]
	at org.apache.hadoop.ipc.RPC$Server.call(RPC.java:1093) [hadoop-common-3.3.1.jar:?]
	at org.apache.hadoop.ipc.Server$RpcCall.run(Server.java:1035) [hadoop-common-3.3.1.jar:?]
	at org.apache.hadoop.ipc.Server$RpcCall.run(Server.java:963) [hadoop-common-3.3.1.jar:?]
	at java.security.AccessController.doPrivileged(Native Method) ~[?:1.8.0_332]
	at javax.security.auth.Subject.doAs(Subject.java:422) [?:1.8.0_332]
	at org.apache.hadoop.security.UserGroupInformation.doAs(UserGroupInformation.java:1878) [hadoop-common-3.3.1.jar:?]
	at org.apache.hadoop.ipc.Server$Handler.run(Server.java:2966) [hadoop-common-3.3.1.jar:?]
]]></system-out>
  </testcase>
  <testcase name="testTrash" classname="TestOzoneFileSystem" time="4.045">
    <system-out><![CDATA[13:53:56.307 [IPC Server handler 5 on default port 34499] ERROR OMAudit - user=runner | ip=127.0.0.1 | op=GET_FILE_STATUS {volume=volume69434, bucket=bucket16378, key=.Trash/runner/Current/testKey2, dataSize=0, replicationConfig=null} | ret=FAILURE
org.apache.hadoop.ozone.om.exceptions.OMException: Unable to get file status: volume: volume69434 bucket: bucket16378 key: .Trash/runner/Current/testKey2
	at org.apache.hadoop.ozone.om.KeyManagerImpl.getOzoneFileStatus(KeyManagerImpl.java:1311) ~[ozone-manager-1.3.0-SNAPSHOT.jar:?]
	at org.apache.hadoop.ozone.om.KeyManagerImpl.getFileStatus(KeyManagerImpl.java:1241) ~[ozone-manager-1.3.0-SNAPSHOT.jar:?]
	at org.apache.hadoop.ozone.om.OzoneManager.getFileStatus(OzoneManager.java:3419) ~[ozone-manager-1.3.0-SNAPSHOT.jar:?]
	at org.apache.hadoop.ozone.protocolPB.OzoneManagerRequestHandler.getOzoneFileStatus(OzoneManagerRequestHandler.java:871) ~[ozone-manager-1.3.0-SNAPSHOT.jar:?]
	at org.apache.hadoop.ozone.protocolPB.OzoneManagerRequestHandler.handleReadRequest(OzoneManagerRequestHandler.java:217) ~[ozone-manager-1.3.0-SNAPSHOT.jar:?]
	at org.apache.hadoop.ozone.protocolPB.OzoneManagerProtocolServerSideTranslatorPB.submitRequestDirectlyToOM(OzoneManagerProtocolServerSideTranslatorPB.java:284) ~[ozone-manager-1.3.0-SNAPSHOT.jar:?]
	at org.apache.hadoop.ozone.protocolPB.OzoneManagerProtocolServerSideTranslatorPB.processRequest(OzoneManagerProtocolServerSideTranslatorPB.java:207) ~[ozone-manager-1.3.0-SNAPSHOT.jar:?]
	at org.apache.hadoop.hdds.server.OzoneProtocolMessageDispatcher.processRequest(OzoneProtocolMessageDispatcher.java:87) [hdds-server-framework-1.3.0-SNAPSHOT.jar:?]
	at org.apache.hadoop.ozone.protocolPB.OzoneManagerProtocolServerSideTranslatorPB.submitRequest(OzoneManagerProtocolServerSideTranslatorPB.java:147) [ozone-manager-1.3.0-SNAPSHOT.jar:?]
	at org.apache.hadoop.ozone.protocol.proto.OzoneManagerProtocolProtos$OzoneManagerService$2.callBlockingMethod(OzoneManagerProtocolProtos.java) [ozone-interface-client-1.3.0-SNAPSHOT.jar:?]
	at org.apache.hadoop.ipc.ProtobufRpcEngine$Server.processCall(ProtobufRpcEngine.java:466) [hadoop-common-3.3.1.jar:?]
	at org.apache.hadoop.ipc.ProtobufRpcEngine2$Server$ProtoBufRpcInvoker.call(ProtobufRpcEngine2.java:574) [hadoop-common-3.3.1.jar:?]
	at org.apache.hadoop.ipc.ProtobufRpcEngine2$Server$ProtoBufRpcInvoker.call(ProtobufRpcEngine2.java:552) [hadoop-common-3.3.1.jar:?]
	at org.apache.hadoop.ipc.RPC$Server.call(RPC.java:1093) [hadoop-common-3.3.1.jar:?]
	at org.apache.hadoop.ipc.Server$RpcCall.run(Server.java:1035) [hadoop-common-3.3.1.jar:?]
	at org.apache.hadoop.ipc.Server$RpcCall.run(Server.java:963) [hadoop-common-3.3.1.jar:?]
	at java.security.AccessController.doPrivileged(Native Method) ~[?:1.8.0_332]
	at javax.security.auth.Subject.doAs(Subject.java:422) [?:1.8.0_332]
	at org.apache.hadoop.security.UserGroupInformation.doAs(UserGroupInformation.java:1878) [hadoop-common-3.3.1.jar:?]
	at org.apache.hadoop.ipc.Server$Handler.run(Server.java:2966) [hadoop-common-3.3.1.jar:?]
13:53:56.312 [IPC Server handler 17 on default port 34499] ERROR OMAudit - user=runner | ip=127.0.0.1 | op=GET_FILE_STATUS {volume=volume69434, bucket=bucket16378, key=.Trash/runner/Current/testKey2, dataSize=0, replicationConfig=null} | ret=FAILURE
org.apache.hadoop.ozone.om.exceptions.OMException: Unable to get file status: volume: volume69434 bucket: bucket16378 key: .Trash/runner/Current/testKey2
	at org.apache.hadoop.ozone.om.KeyManagerImpl.getOzoneFileStatus(KeyManagerImpl.java:1311) ~[ozone-manager-1.3.0-SNAPSHOT.jar:?]
	at org.apache.hadoop.ozone.om.KeyManagerImpl.getFileStatus(KeyManagerImpl.java:1241) ~[ozone-manager-1.3.0-SNAPSHOT.jar:?]
	at org.apache.hadoop.ozone.om.OzoneManager.getFileStatus(OzoneManager.java:3419) ~[ozone-manager-1.3.0-SNAPSHOT.jar:?]
	at org.apache.hadoop.ozone.protocolPB.OzoneManagerRequestHandler.getOzoneFileStatus(OzoneManagerRequestHandler.java:871) ~[ozone-manager-1.3.0-SNAPSHOT.jar:?]
	at org.apache.hadoop.ozone.protocolPB.OzoneManagerRequestHandler.handleReadRequest(OzoneManagerRequestHandler.java:217) ~[ozone-manager-1.3.0-SNAPSHOT.jar:?]
	at org.apache.hadoop.ozone.protocolPB.OzoneManagerProtocolServerSideTranslatorPB.submitRequestDirectlyToOM(OzoneManagerProtocolServerSideTranslatorPB.java:284) ~[ozone-manager-1.3.0-SNAPSHOT.jar:?]
	at org.apache.hadoop.ozone.protocolPB.OzoneManagerProtocolServerSideTranslatorPB.processRequest(OzoneManagerProtocolServerSideTranslatorPB.java:207) ~[ozone-manager-1.3.0-SNAPSHOT.jar:?]
	at org.apache.hadoop.hdds.server.OzoneProtocolMessageDispatcher.processRequest(OzoneProtocolMessageDispatcher.java:87) [hdds-server-framework-1.3.0-SNAPSHOT.jar:?]
	at org.apache.hadoop.ozone.protocolPB.OzoneManagerProtocolServerSideTranslatorPB.submitRequest(OzoneManagerProtocolServerSideTranslatorPB.java:147) [ozone-manager-1.3.0-SNAPSHOT.jar:?]
	at org.apache.hadoop.ozone.protocol.proto.OzoneManagerProtocolProtos$OzoneManagerService$2.callBlockingMethod(OzoneManagerProtocolProtos.java) [ozone-interface-client-1.3.0-SNAPSHOT.jar:?]
	at org.apache.hadoop.ipc.ProtobufRpcEngine$Server.processCall(ProtobufRpcEngine.java:466) [hadoop-common-3.3.1.jar:?]
	at org.apache.hadoop.ipc.ProtobufRpcEngine2$Server$ProtoBufRpcInvoker.call(ProtobufRpcEngine2.java:574) [hadoop-common-3.3.1.jar:?]
	at org.apache.hadoop.ipc.ProtobufRpcEngine2$Server$ProtoBufRpcInvoker.call(ProtobufRpcEngine2.java:552) [hadoop-common-3.3.1.jar:?]
	at org.apache.hadoop.ipc.RPC$Server.call(RPC.java:1093) [hadoop-common-3.3.1.jar:?]
	at org.apache.hadoop.ipc.Server$RpcCall.run(Server.java:1035) [hadoop-common-3.3.1.jar:?]
	at org.apache.hadoop.ipc.Server$RpcCall.run(Server.java:963) [hadoop-common-3.3.1.jar:?]
	at java.security.AccessController.doPrivileged(Native Method) ~[?:1.8.0_332]
	at javax.security.auth.Subject.doAs(Subject.java:422) [?:1.8.0_332]
	at org.apache.hadoop.security.UserGroupInformation.doAs(UserGroupInformation.java:1878) [hadoop-common-3.3.1.jar:?]
	at org.apache.hadoop.ipc.Server$Handler.run(Server.java:2966) [hadoop-common-3.3.1.jar:?]
2022-06-21 13:53:56,315 [Time-limited test] INFO  fs.TrashPolicyDefault (TrashPolicyDefault.java:moveToTrash(188)) - Moved: '/testKey2' to trash at: /.Trash/runner/Current/testKey2
2022-06-21 13:53:56,454 [180d6f1c-5c2b-4c1e-a1bc-902f2625267f@group-EA7B0534F32E-FollowerState] INFO  impl.FollowerState (FollowerState.java:run(143)) - 180d6f1c-5c2b-4c1e-a1bc-902f2625267f@group-EA7B0534F32E-FollowerState: change to CANDIDATE, lastRpcElapsedTime:5066019890ns, electionTimeout:5062ms
2022-06-21 13:53:56,455 [180d6f1c-5c2b-4c1e-a1bc-902f2625267f@group-EA7B0534F32E-FollowerState] INFO  impl.RoleInfo (RoleInfo.java:shutdownFollowerState(110)) - 180d6f1c-5c2b-4c1e-a1bc-902f2625267f: shutdown 180d6f1c-5c2b-4c1e-a1bc-902f2625267f@group-EA7B0534F32E-FollowerState
2022-06-21 13:53:56,455 [180d6f1c-5c2b-4c1e-a1bc-902f2625267f@group-EA7B0534F32E-FollowerState] INFO  server.RaftServer$Division (RaftServerImpl.java:setRole(299)) - 180d6f1c-5c2b-4c1e-a1bc-902f2625267f@group-EA7B0534F32E: changes role from  FOLLOWER to CANDIDATE at term 0 for changeToCandidate
2022-06-21 13:53:56,455 [180d6f1c-5c2b-4c1e-a1bc-902f2625267f@group-EA7B0534F32E-FollowerState] INFO  server.RaftServerConfigKeys (ConfUtils.java:logGet(46)) - raft.server.leaderelection.pre-vote = false (custom)
2022-06-21 13:53:56,455 [180d6f1c-5c2b-4c1e-a1bc-902f2625267f@group-EA7B0534F32E-FollowerState] INFO  impl.RoleInfo (RoleInfo.java:updateAndGet(139)) - 180d6f1c-5c2b-4c1e-a1bc-902f2625267f: start 180d6f1c-5c2b-4c1e-a1bc-902f2625267f@group-EA7B0534F32E-LeaderElection19
2022-06-21 13:53:56,469 [180d6f1c-5c2b-4c1e-a1bc-902f2625267f@group-EA7B0534F32E-LeaderElection19] INFO  impl.LeaderElection (LeaderElection.java:askForVotes(310)) - 180d6f1c-5c2b-4c1e-a1bc-902f2625267f@group-EA7B0534F32E-LeaderElection19 ELECTION round 0: submit vote requests at term 1 for -1: [180d6f1c-5c2b-4c1e-a1bc-902f2625267f|rpc:10.1.0.15:38173|priority:1], old=null
2022-06-21 13:53:56,470 [180d6f1c-5c2b-4c1e-a1bc-902f2625267f@group-EA7B0534F32E-LeaderElection19] INFO  impl.LeaderElection (LeaderElection.java:askForVotes(312)) - 180d6f1c-5c2b-4c1e-a1bc-902f2625267f@group-EA7B0534F32E-LeaderElection19 ELECTION round 0: result PASSED (term=1)
2022-06-21 13:53:56,470 [180d6f1c-5c2b-4c1e-a1bc-902f2625267f@group-EA7B0534F32E-LeaderElection19] INFO  impl.RoleInfo (RoleInfo.java:shutdownLeaderElection(130)) - 180d6f1c-5c2b-4c1e-a1bc-902f2625267f: shutdown 180d6f1c-5c2b-4c1e-a1bc-902f2625267f@group-EA7B0534F32E-LeaderElection19
2022-06-21 13:53:56,470 [180d6f1c-5c2b-4c1e-a1bc-902f2625267f@group-EA7B0534F32E-LeaderElection19] INFO  server.RaftServer$Division (RaftServerImpl.java:setRole(299)) - 180d6f1c-5c2b-4c1e-a1bc-902f2625267f@group-EA7B0534F32E: changes role from CANDIDATE to LEADER at term 1 for changeToLeader
2022-06-21 13:53:56,470 [180d6f1c-5c2b-4c1e-a1bc-902f2625267f@group-EA7B0534F32E-LeaderElection19] INFO  ratis.XceiverServerRatis (XceiverServerRatis.java:handleLeaderChangedNotification(863)) - Leader change notification received for group: group-EA7B0534F32E with new leaderId: 180d6f1c-5c2b-4c1e-a1bc-902f2625267f
2022-06-21 13:53:56,470 [180d6f1c-5c2b-4c1e-a1bc-902f2625267f@group-EA7B0534F32E-LeaderElection19] INFO  server.RaftServer$Division (ServerState.java:setLeader(287)) - 180d6f1c-5c2b-4c1e-a1bc-902f2625267f@group-EA7B0534F32E: change Leader from null to 180d6f1c-5c2b-4c1e-a1bc-902f2625267f at term 1 for becomeLeader, leader elected after 5107ms
2022-06-21 13:53:56,470 [180d6f1c-5c2b-4c1e-a1bc-902f2625267f@group-EA7B0534F32E-LeaderElection19] INFO  server.RaftServerConfigKeys (ConfUtils.java:logGet(46)) - raft.server.staging.catchup.gap = 1000 (default)
2022-06-21 13:53:56,470 [180d6f1c-5c2b-4c1e-a1bc-902f2625267f@group-EA7B0534F32E-LeaderElection19] INFO  server.RaftServerConfigKeys (ConfUtils.java:logGet(46)) - raft.server.write.element-limit = 1024 (custom)
2022-06-21 13:53:56,470 [180d6f1c-5c2b-4c1e-a1bc-902f2625267f@group-EA7B0534F32E-LeaderElection19] INFO  server.RaftServerConfigKeys (ConfUtils.java:logGet(46)) - raft.server.write.byte-limit = 1024 M (=1073741824) (custom)
2022-06-21 13:53:56,470 [180d6f1c-5c2b-4c1e-a1bc-902f2625267f@group-EA7B0534F32E-LeaderElection19] INFO  server.RaftServerConfigKeys (ConfUtils.java:logGet(46)) - raft.server.watch.timeout = 180s (custom)
2022-06-21 13:53:56,471 [180d6f1c-5c2b-4c1e-a1bc-902f2625267f@group-EA7B0534F32E-LeaderElection19] INFO  server.RaftServerConfigKeys (ConfUtils.java:logGet(46)) - raft.server.watch.timeout.denomination = 1s (default)
2022-06-21 13:53:56,471 [180d6f1c-5c2b-4c1e-a1bc-902f2625267f@group-EA7B0534F32E-LeaderElection19] INFO  server.RaftServerConfigKeys (ConfUtils.java:logGet(46)) - raft.server.watch.element-limit = 65536 (default)
2022-06-21 13:53:56,471 [180d6f1c-5c2b-4c1e-a1bc-902f2625267f@group-EA7B0534F32E-LeaderElection19] INFO  server.RaftServerConfigKeys (ConfUtils.java:logGet(46)) - raft.server.write.element-limit = 1024 (custom)
2022-06-21 13:53:56,471 [180d6f1c-5c2b-4c1e-a1bc-902f2625267f@group-EA7B0534F32E-LeaderElection19] INFO  server.RaftServerConfigKeys (ConfUtils.java:logGet(46)) - raft.server.write.follower.gap.ratio.max = -1.0 (default)
2022-06-21 13:53:56,471 [180d6f1c-5c2b-4c1e-a1bc-902f2625267f@group-EA7B0534F32E-LeaderElection19] INFO  impl.RoleInfo (RoleInfo.java:updateAndGet(139)) - 180d6f1c-5c2b-4c1e-a1bc-902f2625267f: start 180d6f1c-5c2b-4c1e-a1bc-902f2625267f@group-EA7B0534F32E-LeaderStateImpl
2022-06-21 13:53:56,471 [180d6f1c-5c2b-4c1e-a1bc-902f2625267f@group-EA7B0534F32E-LeaderElection19] INFO  segmented.SegmentedRaftLogWorker (SegmentedRaftLogWorker.java:startLogSegment(425)) - 180d6f1c-5c2b-4c1e-a1bc-902f2625267f@group-EA7B0534F32E-SegmentedRaftLogWorker: Starting segment from index:0
2022-06-21 13:53:56,475 [180d6f1c-5c2b-4c1e-a1bc-902f2625267f@group-EA7B0534F32E-SegmentedRaftLogWorker] INFO  segmented.SegmentedRaftLogWorker (SegmentedRaftLogWorker.java:execute(629)) - 180d6f1c-5c2b-4c1e-a1bc-902f2625267f@group-EA7B0534F32E-SegmentedRaftLogWorker: created new log segment /home/runner/work/ozone/ozone/hadoop-ozone/integration-test/target/test-dir/MiniOzoneClusterImpl-034e9286-fd65-458d-99c2-fe4308dd713a/datanode-4/data/ratis/1323396a-528d-4257-9d16-ea7b0534f32e/current/log_inprogress_0
2022-06-21 13:53:56,499 [180d6f1c-5c2b-4c1e-a1bc-902f2625267f@group-EA7B0534F32E-LeaderElection19] INFO  server.RaftServer$Division (ServerState.java:setRaftConf(393)) - 180d6f1c-5c2b-4c1e-a1bc-902f2625267f@group-EA7B0534F32E: set configuration 0: [180d6f1c-5c2b-4c1e-a1bc-902f2625267f|rpc:10.1.0.15:38173|dataStream:|priority:1], old=null
13:53:57.316 [IPC Server handler 19 on default port 34499] ERROR OMAudit - user=runner | ip=127.0.0.1 | op=GET_FILE_STATUS {volume=volume69434, bucket=bucket16378, key=.Trash/runner/Current/testKey2, dataSize=0, replicationConfig=null} | ret=FAILURE
org.apache.hadoop.ozone.om.exceptions.OMException: Unable to get file status: volume: volume69434 bucket: bucket16378 key: .Trash/runner/Current/testKey2
	at org.apache.hadoop.ozone.om.KeyManagerImpl.getOzoneFileStatus(KeyManagerImpl.java:1311) ~[ozone-manager-1.3.0-SNAPSHOT.jar:?]
	at org.apache.hadoop.ozone.om.KeyManagerImpl.getFileStatus(KeyManagerImpl.java:1241) ~[ozone-manager-1.3.0-SNAPSHOT.jar:?]
	at org.apache.hadoop.ozone.om.OzoneManager.getFileStatus(OzoneManager.java:3419) ~[ozone-manager-1.3.0-SNAPSHOT.jar:?]
	at org.apache.hadoop.ozone.protocolPB.OzoneManagerRequestHandler.getOzoneFileStatus(OzoneManagerRequestHandler.java:871) ~[ozone-manager-1.3.0-SNAPSHOT.jar:?]
	at org.apache.hadoop.ozone.protocolPB.OzoneManagerRequestHandler.handleReadRequest(OzoneManagerRequestHandler.java:217) ~[ozone-manager-1.3.0-SNAPSHOT.jar:?]
	at org.apache.hadoop.ozone.protocolPB.OzoneManagerProtocolServerSideTranslatorPB.submitRequestDirectlyToOM(OzoneManagerProtocolServerSideTranslatorPB.java:284) ~[ozone-manager-1.3.0-SNAPSHOT.jar:?]
	at org.apache.hadoop.ozone.protocolPB.OzoneManagerProtocolServerSideTranslatorPB.processRequest(OzoneManagerProtocolServerSideTranslatorPB.java:207) ~[ozone-manager-1.3.0-SNAPSHOT.jar:?]
	at org.apache.hadoop.hdds.server.OzoneProtocolMessageDispatcher.processRequest(OzoneProtocolMessageDispatcher.java:87) [hdds-server-framework-1.3.0-SNAPSHOT.jar:?]
	at org.apache.hadoop.ozone.protocolPB.OzoneManagerProtocolServerSideTranslatorPB.submitRequest(OzoneManagerProtocolServerSideTranslatorPB.java:147) [ozone-manager-1.3.0-SNAPSHOT.jar:?]
	at org.apache.hadoop.ozone.protocol.proto.OzoneManagerProtocolProtos$OzoneManagerService$2.callBlockingMethod(OzoneManagerProtocolProtos.java) [ozone-interface-client-1.3.0-SNAPSHOT.jar:?]
	at org.apache.hadoop.ipc.ProtobufRpcEngine$Server.processCall(ProtobufRpcEngine.java:466) [hadoop-common-3.3.1.jar:?]
	at org.apache.hadoop.ipc.ProtobufRpcEngine2$Server$ProtoBufRpcInvoker.call(ProtobufRpcEngine2.java:574) [hadoop-common-3.3.1.jar:?]
	at org.apache.hadoop.ipc.ProtobufRpcEngine2$Server$ProtoBufRpcInvoker.call(ProtobufRpcEngine2.java:552) [hadoop-common-3.3.1.jar:?]
	at org.apache.hadoop.ipc.RPC$Server.call(RPC.java:1093) [hadoop-common-3.3.1.jar:?]
	at org.apache.hadoop.ipc.Server$RpcCall.run(Server.java:1035) [hadoop-common-3.3.1.jar:?]
	at org.apache.hadoop.ipc.Server$RpcCall.run(Server.java:963) [hadoop-common-3.3.1.jar:?]
	at java.security.AccessController.doPrivileged(Native Method) ~[?:1.8.0_332]
	at javax.security.auth.Subject.doAs(Subject.java:422) [?:1.8.0_332]
	at org.apache.hadoop.security.UserGroupInformation.doAs(UserGroupInformation.java:1878) [hadoop-common-3.3.1.jar:?]
	at org.apache.hadoop.ipc.Server$Handler.run(Server.java:2966) [hadoop-common-3.3.1.jar:?]
2022-06-21 13:53:59,108 [81fc78bc-3d93-43eb-a149-ca8877d229a2@group-A3DC51EC3215-FollowerState] INFO  impl.FollowerState (FollowerState.java:run(143)) - 81fc78bc-3d93-43eb-a149-ca8877d229a2@group-A3DC51EC3215-FollowerState: change to CANDIDATE, lastRpcElapsedTime:5021473996ns, electionTimeout:5016ms
2022-06-21 13:53:59,109 [81fc78bc-3d93-43eb-a149-ca8877d229a2@group-A3DC51EC3215-FollowerState] INFO  impl.RoleInfo (RoleInfo.java:shutdownFollowerState(110)) - 81fc78bc-3d93-43eb-a149-ca8877d229a2: shutdown 81fc78bc-3d93-43eb-a149-ca8877d229a2@group-A3DC51EC3215-FollowerState
2022-06-21 13:53:59,109 [81fc78bc-3d93-43eb-a149-ca8877d229a2@group-A3DC51EC3215-FollowerState] INFO  server.RaftServer$Division (RaftServerImpl.java:setRole(299)) - 81fc78bc-3d93-43eb-a149-ca8877d229a2@group-A3DC51EC3215: changes role from  FOLLOWER to CANDIDATE at term 1 for changeToCandidate
2022-06-21 13:53:59,109 [81fc78bc-3d93-43eb-a149-ca8877d229a2@group-A3DC51EC3215-FollowerState] INFO  server.RaftServerConfigKeys (ConfUtils.java:logGet(46)) - raft.server.leaderelection.pre-vote = false (custom)
2022-06-21 13:53:59,109 [81fc78bc-3d93-43eb-a149-ca8877d229a2@group-A3DC51EC3215-FollowerState] INFO  impl.RoleInfo (RoleInfo.java:updateAndGet(139)) - 81fc78bc-3d93-43eb-a149-ca8877d229a2: start 81fc78bc-3d93-43eb-a149-ca8877d229a2@group-A3DC51EC3215-LeaderElection20
2022-06-21 13:53:59,123 [81fc78bc-3d93-43eb-a149-ca8877d229a2@group-A3DC51EC3215-LeaderElection20] INFO  impl.LeaderElection (LeaderElection.java:askForVotes(310)) - 81fc78bc-3d93-43eb-a149-ca8877d229a2@group-A3DC51EC3215-LeaderElection20 ELECTION round 0: submit vote requests at term 2 for -1: [d57b37be-f0fe-43c7-a820-540586909dc7|rpc:10.1.0.15:46147|priority:1, da1def5c-cec2-4abd-8fe1-fa8043868437|rpc:10.1.0.15:45839|priority:0, 81fc78bc-3d93-43eb-a149-ca8877d229a2|rpc:10.1.0.15:44705|priority:0], old=null
2022-06-21 13:53:59,133 [grpc-default-executor-2] INFO  server.RaftServer$Division (RaftServerImpl.java:requestVote(1152)) - d57b37be-f0fe-43c7-a820-540586909dc7@group-A3DC51EC3215: receive requestVote(ELECTION, 81fc78bc-3d93-43eb-a149-ca8877d229a2, group-A3DC51EC3215, 2, (t:0, i:0))
2022-06-21 13:53:59,134 [grpc-default-executor-2] INFO  impl.VoteContext (VoteContext.java:log(48)) - d57b37be-f0fe-43c7-a820-540586909dc7@group-A3DC51EC3215-FOLLOWER: reject ELECTION from 81fc78bc-3d93-43eb-a149-ca8877d229a2: our priority 1 > candidate's priority 0
2022-06-21 13:53:59,134 [grpc-default-executor-2] INFO  server.RaftServer$Division (RaftServerImpl.java:setRole(299)) - d57b37be-f0fe-43c7-a820-540586909dc7@group-A3DC51EC3215: changes role from  FOLLOWER to FOLLOWER at term 2 for candidate:81fc78bc-3d93-43eb-a149-ca8877d229a2
2022-06-21 13:53:59,134 [grpc-default-executor-2] INFO  impl.RoleInfo (RoleInfo.java:shutdownFollowerState(110)) - d57b37be-f0fe-43c7-a820-540586909dc7: shutdown d57b37be-f0fe-43c7-a820-540586909dc7@group-A3DC51EC3215-FollowerState
2022-06-21 13:53:59,134 [grpc-default-executor-2] INFO  impl.RoleInfo (RoleInfo.java:updateAndGet(139)) - d57b37be-f0fe-43c7-a820-540586909dc7: start d57b37be-f0fe-43c7-a820-540586909dc7@group-A3DC51EC3215-FollowerState
2022-06-21 13:53:59,134 [d57b37be-f0fe-43c7-a820-540586909dc7@group-A3DC51EC3215-FollowerState] INFO  impl.FollowerState (FollowerState.java:run(152)) - d57b37be-f0fe-43c7-a820-540586909dc7@group-A3DC51EC3215-FollowerState was interrupted
2022-06-21 13:53:59,140 [grpc-default-executor-2] INFO  server.RaftServer$Division (RaftServerImpl.java:requestVote(1184)) - d57b37be-f0fe-43c7-a820-540586909dc7@group-A3DC51EC3215 replies to ELECTION vote request: 81fc78bc-3d93-43eb-a149-ca8877d229a2<-d57b37be-f0fe-43c7-a820-540586909dc7#0:FAIL-t2. Peer's state: d57b37be-f0fe-43c7-a820-540586909dc7@group-A3DC51EC3215:t2, leader=null, voted=null, raftlog=d57b37be-f0fe-43c7-a820-540586909dc7@group-A3DC51EC3215-SegmentedRaftLog:OPENED:c-1, conf=-1: [d57b37be-f0fe-43c7-a820-540586909dc7|rpc:10.1.0.15:46147|dataStream:|priority:1, da1def5c-cec2-4abd-8fe1-fa8043868437|rpc:10.1.0.15:45839|dataStream:|priority:0, 81fc78bc-3d93-43eb-a149-ca8877d229a2|rpc:10.1.0.15:44705|dataStream:|priority:0], old=null
2022-06-21 13:53:59,145 [81fc78bc-3d93-43eb-a149-ca8877d229a2@group-A3DC51EC3215-LeaderElection20] INFO  impl.LeaderElection (LeaderElection.java:logAndReturn(90)) - 81fc78bc-3d93-43eb-a149-ca8877d229a2@group-A3DC51EC3215-LeaderElection20: ELECTION REJECTED received 1 response(s) and 0 exception(s):
2022-06-21 13:53:59,145 [81fc78bc-3d93-43eb-a149-ca8877d229a2@group-A3DC51EC3215-LeaderElection20] INFO  impl.LeaderElection (LeaderElection.java:logAndReturn(94)) -   Response 0: 81fc78bc-3d93-43eb-a149-ca8877d229a2<-d57b37be-f0fe-43c7-a820-540586909dc7#0:FAIL-t2
2022-06-21 13:53:59,145 [81fc78bc-3d93-43eb-a149-ca8877d229a2@group-A3DC51EC3215-LeaderElection20] INFO  impl.LeaderElection (LeaderElection.java:askForVotes(312)) - 81fc78bc-3d93-43eb-a149-ca8877d229a2@group-A3DC51EC3215-LeaderElection20 ELECTION round 0: result REJECTED
2022-06-21 13:53:59,145 [81fc78bc-3d93-43eb-a149-ca8877d229a2@group-A3DC51EC3215-LeaderElection20] INFO  server.RaftServer$Division (RaftServerImpl.java:setRole(299)) - 81fc78bc-3d93-43eb-a149-ca8877d229a2@group-A3DC51EC3215: changes role from CANDIDATE to FOLLOWER at term 2 for REJECTED
2022-06-21 13:53:59,145 [81fc78bc-3d93-43eb-a149-ca8877d229a2@group-A3DC51EC3215-LeaderElection20] INFO  impl.RoleInfo (RoleInfo.java:shutdownLeaderElection(130)) - 81fc78bc-3d93-43eb-a149-ca8877d229a2: shutdown 81fc78bc-3d93-43eb-a149-ca8877d229a2@group-A3DC51EC3215-LeaderElection20
2022-06-21 13:53:59,145 [81fc78bc-3d93-43eb-a149-ca8877d229a2@group-A3DC51EC3215-LeaderElection20] INFO  impl.RoleInfo (RoleInfo.java:updateAndGet(139)) - 81fc78bc-3d93-43eb-a149-ca8877d229a2: start 81fc78bc-3d93-43eb-a149-ca8877d229a2@group-A3DC51EC3215-FollowerState
2022-06-21 13:53:59,170 [grpc-default-executor-2] INFO  server.RaftServer$Division (RaftServerImpl.java:requestVote(1152)) - da1def5c-cec2-4abd-8fe1-fa8043868437@group-A3DC51EC3215: receive requestVote(ELECTION, 81fc78bc-3d93-43eb-a149-ca8877d229a2, group-A3DC51EC3215, 2, (t:0, i:0))
2022-06-21 13:53:59,173 [grpc-default-executor-2] INFO  impl.VoteContext (VoteContext.java:log(48)) - da1def5c-cec2-4abd-8fe1-fa8043868437@group-A3DC51EC3215-FOLLOWER: accept ELECTION from 81fc78bc-3d93-43eb-a149-ca8877d229a2: our priority 0 <= candidate's priority 0
2022-06-21 13:53:59,173 [grpc-default-executor-2] INFO  server.RaftServer$Division (RaftServerImpl.java:setRole(299)) - da1def5c-cec2-4abd-8fe1-fa8043868437@group-A3DC51EC3215: changes role from  FOLLOWER to FOLLOWER at term 2 for candidate:81fc78bc-3d93-43eb-a149-ca8877d229a2
2022-06-21 13:53:59,173 [grpc-default-executor-2] INFO  impl.RoleInfo (RoleInfo.java:shutdownFollowerState(110)) - da1def5c-cec2-4abd-8fe1-fa8043868437: shutdown da1def5c-cec2-4abd-8fe1-fa8043868437@group-A3DC51EC3215-FollowerState
2022-06-21 13:53:59,173 [grpc-default-executor-2] INFO  impl.RoleInfo (RoleInfo.java:updateAndGet(139)) - da1def5c-cec2-4abd-8fe1-fa8043868437: start da1def5c-cec2-4abd-8fe1-fa8043868437@group-A3DC51EC3215-FollowerState
2022-06-21 13:53:59,173 [da1def5c-cec2-4abd-8fe1-fa8043868437@group-A3DC51EC3215-FollowerState] INFO  impl.FollowerState (FollowerState.java:run(152)) - da1def5c-cec2-4abd-8fe1-fa8043868437@group-A3DC51EC3215-FollowerState was interrupted
2022-06-21 13:53:59,180 [grpc-default-executor-2] INFO  server.RaftServer$Division (RaftServerImpl.java:requestVote(1184)) - da1def5c-cec2-4abd-8fe1-fa8043868437@group-A3DC51EC3215 replies to ELECTION vote request: 81fc78bc-3d93-43eb-a149-ca8877d229a2<-da1def5c-cec2-4abd-8fe1-fa8043868437#0:OK-t2. Peer's state: da1def5c-cec2-4abd-8fe1-fa8043868437@group-A3DC51EC3215:t2, leader=null, voted=81fc78bc-3d93-43eb-a149-ca8877d229a2, raftlog=da1def5c-cec2-4abd-8fe1-fa8043868437@group-A3DC51EC3215-SegmentedRaftLog:OPENED:c-1, conf=-1: [d57b37be-f0fe-43c7-a820-540586909dc7|rpc:10.1.0.15:46147|dataStream:|priority:1, da1def5c-cec2-4abd-8fe1-fa8043868437|rpc:10.1.0.15:45839|dataStream:|priority:0, 81fc78bc-3d93-43eb-a149-ca8877d229a2|rpc:10.1.0.15:44705|dataStream:|priority:0], old=null
]]></system-out>
  </testcase>
  <testcase name="testTrash" classname="TestOzoneFileSystem" time="4.053">
    <system-out><![CDATA[13:55:01.251 [IPC Server handler 13 on default port 42759] ERROR OMAudit - user=runner | ip=127.0.0.1 | op=GET_FILE_STATUS {volume=volume68340, bucket=bucket67715, key=.Trash/runner/Current/testKey2, dataSize=0, replicationConfig=null} | ret=FAILURE
org.apache.hadoop.ozone.om.exceptions.OMException: Unable to get file status: volume: volume68340 bucket: bucket67715 key: .Trash/runner/Current/testKey2
	at org.apache.hadoop.ozone.om.KeyManagerImpl.getOzoneFileStatus(KeyManagerImpl.java:1311) ~[ozone-manager-1.3.0-SNAPSHOT.jar:?]
	at org.apache.hadoop.ozone.om.KeyManagerImpl.getFileStatus(KeyManagerImpl.java:1241) ~[ozone-manager-1.3.0-SNAPSHOT.jar:?]
	at org.apache.hadoop.ozone.om.OzoneManager.getFileStatus(OzoneManager.java:3419) ~[ozone-manager-1.3.0-SNAPSHOT.jar:?]
	at org.apache.hadoop.ozone.protocolPB.OzoneManagerRequestHandler.getOzoneFileStatus(OzoneManagerRequestHandler.java:871) ~[ozone-manager-1.3.0-SNAPSHOT.jar:?]
	at org.apache.hadoop.ozone.protocolPB.OzoneManagerRequestHandler.handleReadRequest(OzoneManagerRequestHandler.java:217) ~[ozone-manager-1.3.0-SNAPSHOT.jar:?]
	at org.apache.hadoop.ozone.protocolPB.OzoneManagerProtocolServerSideTranslatorPB.submitReadRequestToOM(OzoneManagerProtocolServerSideTranslatorPB.java:225) ~[ozone-manager-1.3.0-SNAPSHOT.jar:?]
	at org.apache.hadoop.ozone.protocolPB.OzoneManagerProtocolServerSideTranslatorPB.processRequest(OzoneManagerProtocolServerSideTranslatorPB.java:175) ~[ozone-manager-1.3.0-SNAPSHOT.jar:?]
	at org.apache.hadoop.hdds.server.OzoneProtocolMessageDispatcher.processRequest(OzoneProtocolMessageDispatcher.java:87) [hdds-server-framework-1.3.0-SNAPSHOT.jar:?]
	at org.apache.hadoop.ozone.protocolPB.OzoneManagerProtocolServerSideTranslatorPB.submitRequest(OzoneManagerProtocolServerSideTranslatorPB.java:147) [ozone-manager-1.3.0-SNAPSHOT.jar:?]
	at org.apache.hadoop.ozone.protocol.proto.OzoneManagerProtocolProtos$OzoneManagerService$2.callBlockingMethod(OzoneManagerProtocolProtos.java) [ozone-interface-client-1.3.0-SNAPSHOT.jar:?]
	at org.apache.hadoop.ipc.ProtobufRpcEngine$Server.processCall(ProtobufRpcEngine.java:466) [hadoop-common-3.3.1.jar:?]
	at org.apache.hadoop.ipc.ProtobufRpcEngine2$Server$ProtoBufRpcInvoker.call(ProtobufRpcEngine2.java:574) [hadoop-common-3.3.1.jar:?]
	at org.apache.hadoop.ipc.ProtobufRpcEngine2$Server$ProtoBufRpcInvoker.call(ProtobufRpcEngine2.java:552) [hadoop-common-3.3.1.jar:?]
	at org.apache.hadoop.ipc.RPC$Server.call(RPC.java:1093) [hadoop-common-3.3.1.jar:?]
	at org.apache.hadoop.ipc.Server$RpcCall.run(Server.java:1035) [hadoop-common-3.3.1.jar:?]
	at org.apache.hadoop.ipc.Server$RpcCall.run(Server.java:963) [hadoop-common-3.3.1.jar:?]
	at java.security.AccessController.doPrivileged(Native Method) ~[?:1.8.0_332]
	at javax.security.auth.Subject.doAs(Subject.java:422) [?:1.8.0_332]
	at org.apache.hadoop.security.UserGroupInformation.doAs(UserGroupInformation.java:1878) [hadoop-common-3.3.1.jar:?]
	at org.apache.hadoop.ipc.Server$Handler.run(Server.java:2966) [hadoop-common-3.3.1.jar:?]
13:55:01.252 [IPC Server handler 18 on default port 42759] ERROR OMAudit - user=runner | ip=127.0.0.1 | op=GET_FILE_STATUS {volume=volume68340, bucket=bucket67715, key=.Trash/runner/Current/testKey2, dataSize=0, replicationConfig=null} | ret=FAILURE
org.apache.hadoop.ozone.om.exceptions.OMException: Unable to get file status: volume: volume68340 bucket: bucket67715 key: .Trash/runner/Current/testKey2
	at org.apache.hadoop.ozone.om.KeyManagerImpl.getOzoneFileStatus(KeyManagerImpl.java:1311) ~[ozone-manager-1.3.0-SNAPSHOT.jar:?]
	at org.apache.hadoop.ozone.om.KeyManagerImpl.getFileStatus(KeyManagerImpl.java:1241) ~[ozone-manager-1.3.0-SNAPSHOT.jar:?]
	at org.apache.hadoop.ozone.om.OzoneManager.getFileStatus(OzoneManager.java:3419) ~[ozone-manager-1.3.0-SNAPSHOT.jar:?]
	at org.apache.hadoop.ozone.protocolPB.OzoneManagerRequestHandler.getOzoneFileStatus(OzoneManagerRequestHandler.java:871) ~[ozone-manager-1.3.0-SNAPSHOT.jar:?]
	at org.apache.hadoop.ozone.protocolPB.OzoneManagerRequestHandler.handleReadRequest(OzoneManagerRequestHandler.java:217) ~[ozone-manager-1.3.0-SNAPSHOT.jar:?]
	at org.apache.hadoop.ozone.protocolPB.OzoneManagerProtocolServerSideTranslatorPB.submitReadRequestToOM(OzoneManagerProtocolServerSideTranslatorPB.java:225) ~[ozone-manager-1.3.0-SNAPSHOT.jar:?]
	at org.apache.hadoop.ozone.protocolPB.OzoneManagerProtocolServerSideTranslatorPB.processRequest(OzoneManagerProtocolServerSideTranslatorPB.java:175) ~[ozone-manager-1.3.0-SNAPSHOT.jar:?]
	at org.apache.hadoop.hdds.server.OzoneProtocolMessageDispatcher.processRequest(OzoneProtocolMessageDispatcher.java:87) [hdds-server-framework-1.3.0-SNAPSHOT.jar:?]
	at org.apache.hadoop.ozone.protocolPB.OzoneManagerProtocolServerSideTranslatorPB.submitRequest(OzoneManagerProtocolServerSideTranslatorPB.java:147) [ozone-manager-1.3.0-SNAPSHOT.jar:?]
	at org.apache.hadoop.ozone.protocol.proto.OzoneManagerProtocolProtos$OzoneManagerService$2.callBlockingMethod(OzoneManagerProtocolProtos.java) [ozone-interface-client-1.3.0-SNAPSHOT.jar:?]
	at org.apache.hadoop.ipc.ProtobufRpcEngine$Server.processCall(ProtobufRpcEngine.java:466) [hadoop-common-3.3.1.jar:?]
	at org.apache.hadoop.ipc.ProtobufRpcEngine2$Server$ProtoBufRpcInvoker.call(ProtobufRpcEngine2.java:574) [hadoop-common-3.3.1.jar:?]
	at org.apache.hadoop.ipc.ProtobufRpcEngine2$Server$ProtoBufRpcInvoker.call(ProtobufRpcEngine2.java:552) [hadoop-common-3.3.1.jar:?]
	at org.apache.hadoop.ipc.RPC$Server.call(RPC.java:1093) [hadoop-common-3.3.1.jar:?]
	at org.apache.hadoop.ipc.Server$RpcCall.run(Server.java:1035) [hadoop-common-3.3.1.jar:?]
	at org.apache.hadoop.ipc.Server$RpcCall.run(Server.java:963) [hadoop-common-3.3.1.jar:?]
	at java.security.AccessController.doPrivileged(Native Method) ~[?:1.8.0_332]
	at javax.security.auth.Subject.doAs(Subject.java:422) [?:1.8.0_332]
	at org.apache.hadoop.security.UserGroupInformation.doAs(UserGroupInformation.java:1878) [hadoop-common-3.3.1.jar:?]
	at org.apache.hadoop.ipc.Server$Handler.run(Server.java:2966) [hadoop-common-3.3.1.jar:?]
2022-06-21 13:55:01,261 [Time-limited test] INFO  fs.TrashPolicyDefault (TrashPolicyDefault.java:moveToTrash(188)) - Moved: '/testKey2' to trash at: /.Trash/runner/Current/testKey2
2022-06-21 13:55:01,827 [6348a8bb-f743-4f3c-b062-6091d580fb19@group-E55AEBA43CF3-FollowerState] INFO  impl.FollowerState (FollowerState.java:run(143)) - 6348a8bb-f743-4f3c-b062-6091d580fb19@group-E55AEBA43CF3-FollowerState: change to CANDIDATE, lastRpcElapsedTime:5154299920ns, electionTimeout:5144ms
2022-06-21 13:55:01,827 [6348a8bb-f743-4f3c-b062-6091d580fb19@group-E55AEBA43CF3-FollowerState] INFO  impl.RoleInfo (RoleInfo.java:shutdownFollowerState(110)) - 6348a8bb-f743-4f3c-b062-6091d580fb19: shutdown 6348a8bb-f743-4f3c-b062-6091d580fb19@group-E55AEBA43CF3-FollowerState
2022-06-21 13:55:01,827 [6348a8bb-f743-4f3c-b062-6091d580fb19@group-E55AEBA43CF3-FollowerState] INFO  server.RaftServer$Division (RaftServerImpl.java:setRole(299)) - 6348a8bb-f743-4f3c-b062-6091d580fb19@group-E55AEBA43CF3: changes role from  FOLLOWER to CANDIDATE at term 0 for changeToCandidate
2022-06-21 13:55:01,828 [6348a8bb-f743-4f3c-b062-6091d580fb19@group-E55AEBA43CF3-FollowerState] INFO  server.RaftServerConfigKeys (ConfUtils.java:logGet(46)) - raft.server.leaderelection.pre-vote = false (custom)
2022-06-21 13:55:01,828 [6348a8bb-f743-4f3c-b062-6091d580fb19@group-E55AEBA43CF3-FollowerState] INFO  impl.RoleInfo (RoleInfo.java:updateAndGet(139)) - 6348a8bb-f743-4f3c-b062-6091d580fb19: start 6348a8bb-f743-4f3c-b062-6091d580fb19@group-E55AEBA43CF3-LeaderElection35
2022-06-21 13:55:01,865 [6348a8bb-f743-4f3c-b062-6091d580fb19@group-E55AEBA43CF3-LeaderElection35] INFO  impl.LeaderElection (LeaderElection.java:askForVotes(310)) - 6348a8bb-f743-4f3c-b062-6091d580fb19@group-E55AEBA43CF3-LeaderElection35 ELECTION round 0: submit vote requests at term 1 for -1: [6348a8bb-f743-4f3c-b062-6091d580fb19|rpc:10.1.0.15:33579|priority:1], old=null
2022-06-21 13:55:01,865 [6348a8bb-f743-4f3c-b062-6091d580fb19@group-E55AEBA43CF3-LeaderElection35] INFO  impl.LeaderElection (LeaderElection.java:askForVotes(312)) - 6348a8bb-f743-4f3c-b062-6091d580fb19@group-E55AEBA43CF3-LeaderElection35 ELECTION round 0: result PASSED (term=1)
2022-06-21 13:55:01,865 [6348a8bb-f743-4f3c-b062-6091d580fb19@group-E55AEBA43CF3-LeaderElection35] INFO  impl.RoleInfo (RoleInfo.java:shutdownLeaderElection(130)) - 6348a8bb-f743-4f3c-b062-6091d580fb19: shutdown 6348a8bb-f743-4f3c-b062-6091d580fb19@group-E55AEBA43CF3-LeaderElection35
2022-06-21 13:55:01,866 [6348a8bb-f743-4f3c-b062-6091d580fb19@group-E55AEBA43CF3-LeaderElection35] INFO  server.RaftServer$Division (RaftServerImpl.java:setRole(299)) - 6348a8bb-f743-4f3c-b062-6091d580fb19@group-E55AEBA43CF3: changes role from CANDIDATE to LEADER at term 1 for changeToLeader
2022-06-21 13:55:01,866 [6348a8bb-f743-4f3c-b062-6091d580fb19@group-E55AEBA43CF3-LeaderElection35] INFO  ratis.XceiverServerRatis (XceiverServerRatis.java:handleLeaderChangedNotification(863)) - Leader change notification received for group: group-E55AEBA43CF3 with new leaderId: 6348a8bb-f743-4f3c-b062-6091d580fb19
2022-06-21 13:55:01,866 [6348a8bb-f743-4f3c-b062-6091d580fb19@group-E55AEBA43CF3-LeaderElection35] INFO  server.RaftServer$Division (ServerState.java:setLeader(287)) - 6348a8bb-f743-4f3c-b062-6091d580fb19@group-E55AEBA43CF3: change Leader from null to 6348a8bb-f743-4f3c-b062-6091d580fb19 at term 1 for becomeLeader, leader elected after 5250ms
2022-06-21 13:55:01,866 [6348a8bb-f743-4f3c-b062-6091d580fb19@group-E55AEBA43CF3-LeaderElection35] INFO  server.RaftServerConfigKeys (ConfUtils.java:logGet(46)) - raft.server.staging.catchup.gap = 1000 (default)
2022-06-21 13:55:01,866 [6348a8bb-f743-4f3c-b062-6091d580fb19@group-E55AEBA43CF3-LeaderElection35] INFO  server.RaftServerConfigKeys (ConfUtils.java:logGet(46)) - raft.server.write.element-limit = 1024 (custom)
2022-06-21 13:55:01,866 [6348a8bb-f743-4f3c-b062-6091d580fb19@group-E55AEBA43CF3-LeaderElection35] INFO  server.RaftServerConfigKeys (ConfUtils.java:logGet(46)) - raft.server.write.byte-limit = 1024 M (=1073741824) (custom)
2022-06-21 13:55:01,866 [6348a8bb-f743-4f3c-b062-6091d580fb19@group-E55AEBA43CF3-LeaderElection35] INFO  server.RaftServerConfigKeys (ConfUtils.java:logGet(46)) - raft.server.watch.timeout = 180s (custom)
2022-06-21 13:55:01,866 [6348a8bb-f743-4f3c-b062-6091d580fb19@group-E55AEBA43CF3-LeaderElection35] INFO  server.RaftServerConfigKeys (ConfUtils.java:logGet(46)) - raft.server.watch.timeout.denomination = 1s (default)
2022-06-21 13:55:01,867 [6348a8bb-f743-4f3c-b062-6091d580fb19@group-E55AEBA43CF3-LeaderElection35] INFO  server.RaftServerConfigKeys (ConfUtils.java:logGet(46)) - raft.server.watch.element-limit = 65536 (default)
2022-06-21 13:55:01,867 [6348a8bb-f743-4f3c-b062-6091d580fb19@group-E55AEBA43CF3-LeaderElection35] INFO  server.RaftServerConfigKeys (ConfUtils.java:logGet(46)) - raft.server.write.element-limit = 1024 (custom)
2022-06-21 13:55:01,867 [6348a8bb-f743-4f3c-b062-6091d580fb19@group-E55AEBA43CF3-LeaderElection35] INFO  server.RaftServerConfigKeys (ConfUtils.java:logGet(46)) - raft.server.write.follower.gap.ratio.max = -1.0 (default)
2022-06-21 13:55:01,867 [6348a8bb-f743-4f3c-b062-6091d580fb19@group-E55AEBA43CF3-LeaderElection35] INFO  impl.RoleInfo (RoleInfo.java:updateAndGet(139)) - 6348a8bb-f743-4f3c-b062-6091d580fb19: start 6348a8bb-f743-4f3c-b062-6091d580fb19@group-E55AEBA43CF3-LeaderStateImpl
2022-06-21 13:55:01,867 [6348a8bb-f743-4f3c-b062-6091d580fb19@group-E55AEBA43CF3-LeaderElection35] INFO  segmented.SegmentedRaftLogWorker (SegmentedRaftLogWorker.java:startLogSegment(425)) - 6348a8bb-f743-4f3c-b062-6091d580fb19@group-E55AEBA43CF3-SegmentedRaftLogWorker: Starting segment from index:0
2022-06-21 13:55:01,872 [6348a8bb-f743-4f3c-b062-6091d580fb19@group-E55AEBA43CF3-SegmentedRaftLogWorker] INFO  segmented.SegmentedRaftLogWorker (SegmentedRaftLogWorker.java:execute(629)) - 6348a8bb-f743-4f3c-b062-6091d580fb19@group-E55AEBA43CF3-SegmentedRaftLogWorker: created new log segment /home/runner/work/ozone/ozone/hadoop-ozone/integration-test/target/test-dir/MiniOzoneClusterImpl-3f841ece-6686-4b0e-b99d-a05159fb56b1/datanode-4/data/ratis/2d3c650f-10cf-4344-8836-e55aeba43cf3/current/log_inprogress_0
2022-06-21 13:55:01,886 [6348a8bb-f743-4f3c-b062-6091d580fb19@group-E55AEBA43CF3-LeaderElection35] INFO  server.RaftServer$Division (ServerState.java:setRaftConf(393)) - 6348a8bb-f743-4f3c-b062-6091d580fb19@group-E55AEBA43CF3: set configuration 0: [6348a8bb-f743-4f3c-b062-6091d580fb19|rpc:10.1.0.15:33579|dataStream:|priority:1], old=null
13:55:02.262 [IPC Server handler 11 on default port 42759] ERROR OMAudit - user=runner | ip=127.0.0.1 | op=GET_FILE_STATUS {volume=volume68340, bucket=bucket67715, key=.Trash/runner/Current/testKey2, dataSize=0, replicationConfig=null} | ret=FAILURE
org.apache.hadoop.ozone.om.exceptions.OMException: Unable to get file status: volume: volume68340 bucket: bucket67715 key: .Trash/runner/Current/testKey2
	at org.apache.hadoop.ozone.om.KeyManagerImpl.getOzoneFileStatus(KeyManagerImpl.java:1311) ~[ozone-manager-1.3.0-SNAPSHOT.jar:?]
	at org.apache.hadoop.ozone.om.KeyManagerImpl.getFileStatus(KeyManagerImpl.java:1241) ~[ozone-manager-1.3.0-SNAPSHOT.jar:?]
	at org.apache.hadoop.ozone.om.OzoneManager.getFileStatus(OzoneManager.java:3419) ~[ozone-manager-1.3.0-SNAPSHOT.jar:?]
	at org.apache.hadoop.ozone.protocolPB.OzoneManagerRequestHandler.getOzoneFileStatus(OzoneManagerRequestHandler.java:871) ~[ozone-manager-1.3.0-SNAPSHOT.jar:?]
	at org.apache.hadoop.ozone.protocolPB.OzoneManagerRequestHandler.handleReadRequest(OzoneManagerRequestHandler.java:217) ~[ozone-manager-1.3.0-SNAPSHOT.jar:?]
	at org.apache.hadoop.ozone.protocolPB.OzoneManagerProtocolServerSideTranslatorPB.submitReadRequestToOM(OzoneManagerProtocolServerSideTranslatorPB.java:225) ~[ozone-manager-1.3.0-SNAPSHOT.jar:?]
	at org.apache.hadoop.ozone.protocolPB.OzoneManagerProtocolServerSideTranslatorPB.processRequest(OzoneManagerProtocolServerSideTranslatorPB.java:175) ~[ozone-manager-1.3.0-SNAPSHOT.jar:?]
	at org.apache.hadoop.hdds.server.OzoneProtocolMessageDispatcher.processRequest(OzoneProtocolMessageDispatcher.java:87) [hdds-server-framework-1.3.0-SNAPSHOT.jar:?]
	at org.apache.hadoop.ozone.protocolPB.OzoneManagerProtocolServerSideTranslatorPB.submitRequest(OzoneManagerProtocolServerSideTranslatorPB.java:147) [ozone-manager-1.3.0-SNAPSHOT.jar:?]
	at org.apache.hadoop.ozone.protocol.proto.OzoneManagerProtocolProtos$OzoneManagerService$2.callBlockingMethod(OzoneManagerProtocolProtos.java) [ozone-interface-client-1.3.0-SNAPSHOT.jar:?]
	at org.apache.hadoop.ipc.ProtobufRpcEngine$Server.processCall(ProtobufRpcEngine.java:466) [hadoop-common-3.3.1.jar:?]
	at org.apache.hadoop.ipc.ProtobufRpcEngine2$Server$ProtoBufRpcInvoker.call(ProtobufRpcEngine2.java:574) [hadoop-common-3.3.1.jar:?]
	at org.apache.hadoop.ipc.ProtobufRpcEngine2$Server$ProtoBufRpcInvoker.call(ProtobufRpcEngine2.java:552) [hadoop-common-3.3.1.jar:?]
	at org.apache.hadoop.ipc.RPC$Server.call(RPC.java:1093) [hadoop-common-3.3.1.jar:?]
	at org.apache.hadoop.ipc.Server$RpcCall.run(Server.java:1035) [hadoop-common-3.3.1.jar:?]
	at org.apache.hadoop.ipc.Server$RpcCall.run(Server.java:963) [hadoop-common-3.3.1.jar:?]
	at java.security.AccessController.doPrivileged(Native Method) ~[?:1.8.0_332]
	at javax.security.auth.Subject.doAs(Subject.java:422) [?:1.8.0_332]
	at org.apache.hadoop.security.UserGroupInformation.doAs(UserGroupInformation.java:1878) [hadoop-common-3.3.1.jar:?]
	at org.apache.hadoop.ipc.Server$Handler.run(Server.java:2966) [hadoop-common-3.3.1.jar:?]
2022-06-21 13:55:02,699 [3f2f5716-e318-4c9d-8cf6-ca563bbe3eeb@group-7C04624AABF3-FollowerState] INFO  impl.FollowerState (FollowerState.java:run(143)) - 3f2f5716-e318-4c9d-8cf6-ca563bbe3eeb@group-7C04624AABF3-FollowerState: change to CANDIDATE, lastRpcElapsedTime:5135059416ns, electionTimeout:5107ms
2022-06-21 13:55:02,699 [3f2f5716-e318-4c9d-8cf6-ca563bbe3eeb@group-7C04624AABF3-FollowerState] INFO  impl.RoleInfo (RoleInfo.java:shutdownFollowerState(110)) - 3f2f5716-e318-4c9d-8cf6-ca563bbe3eeb: shutdown 3f2f5716-e318-4c9d-8cf6-ca563bbe3eeb@group-7C04624AABF3-FollowerState
2022-06-21 13:55:02,700 [3f2f5716-e318-4c9d-8cf6-ca563bbe3eeb@group-7C04624AABF3-FollowerState] INFO  server.RaftServer$Division (RaftServerImpl.java:setRole(299)) - 3f2f5716-e318-4c9d-8cf6-ca563bbe3eeb@group-7C04624AABF3: changes role from  FOLLOWER to CANDIDATE at term 1 for changeToCandidate
2022-06-21 13:55:02,700 [3f2f5716-e318-4c9d-8cf6-ca563bbe3eeb@group-7C04624AABF3-FollowerState] INFO  server.RaftServerConfigKeys (ConfUtils.java:logGet(46)) - raft.server.leaderelection.pre-vote = false (custom)
2022-06-21 13:55:02,700 [3f2f5716-e318-4c9d-8cf6-ca563bbe3eeb@group-7C04624AABF3-FollowerState] INFO  impl.RoleInfo (RoleInfo.java:updateAndGet(139)) - 3f2f5716-e318-4c9d-8cf6-ca563bbe3eeb: start 3f2f5716-e318-4c9d-8cf6-ca563bbe3eeb@group-7C04624AABF3-LeaderElection36
2022-06-21 13:55:02,726 [6f924676-de29-4bda-9abe-50e624e9409e@group-7C04624AABF3-FollowerState] INFO  impl.FollowerState (FollowerState.java:run(143)) - 6f924676-de29-4bda-9abe-50e624e9409e@group-7C04624AABF3-FollowerState: change to CANDIDATE, lastRpcElapsedTime:5052495850ns, electionTimeout:5052ms
2022-06-21 13:55:02,726 [6f924676-de29-4bda-9abe-50e624e9409e@group-7C04624AABF3-FollowerState] INFO  impl.RoleInfo (RoleInfo.java:shutdownFollowerState(110)) - 6f924676-de29-4bda-9abe-50e624e9409e: shutdown 6f924676-de29-4bda-9abe-50e624e9409e@group-7C04624AABF3-FollowerState
2022-06-21 13:55:02,726 [6f924676-de29-4bda-9abe-50e624e9409e@group-7C04624AABF3-FollowerState] INFO  server.RaftServer$Division (RaftServerImpl.java:setRole(299)) - 6f924676-de29-4bda-9abe-50e624e9409e@group-7C04624AABF3: changes role from  FOLLOWER to CANDIDATE at term 1 for changeToCandidate
2022-06-21 13:55:02,727 [6f924676-de29-4bda-9abe-50e624e9409e@group-7C04624AABF3-FollowerState] INFO  server.RaftServerConfigKeys (ConfUtils.java:logGet(46)) - raft.server.leaderelection.pre-vote = false (custom)
2022-06-21 13:55:02,727 [6f924676-de29-4bda-9abe-50e624e9409e@group-7C04624AABF3-FollowerState] INFO  impl.RoleInfo (RoleInfo.java:updateAndGet(139)) - 6f924676-de29-4bda-9abe-50e624e9409e: start 6f924676-de29-4bda-9abe-50e624e9409e@group-7C04624AABF3-LeaderElection37
2022-06-21 13:55:02,758 [3f2f5716-e318-4c9d-8cf6-ca563bbe3eeb@group-7C04624AABF3-LeaderElection36] INFO  impl.LeaderElection (LeaderElection.java:askForVotes(310)) - 3f2f5716-e318-4c9d-8cf6-ca563bbe3eeb@group-7C04624AABF3-LeaderElection36 ELECTION round 0: submit vote requests at term 2 for -1: [3f2f5716-e318-4c9d-8cf6-ca563bbe3eeb|rpc:10.1.0.15:41473|dataStream:|priority:0, 6f924676-de29-4bda-9abe-50e624e9409e|rpc:10.1.0.15:35717|dataStream:|priority:0, c45c8671-7070-4be0-aa13-1f2d6b7a9218|rpc:10.1.0.15:39709|dataStream:|priority:1], old=null
2022-06-21 13:55:02,763 [6f924676-de29-4bda-9abe-50e624e9409e@group-7C04624AABF3-LeaderElection37] INFO  impl.LeaderElection (LeaderElection.java:askForVotes(310)) - 6f924676-de29-4bda-9abe-50e624e9409e@group-7C04624AABF3-LeaderElection37 ELECTION round 0: submit vote requests at term 2 for -1: [3f2f5716-e318-4c9d-8cf6-ca563bbe3eeb|rpc:10.1.0.15:41473|priority:0, 6f924676-de29-4bda-9abe-50e624e9409e|rpc:10.1.0.15:35717|priority:0, c45c8671-7070-4be0-aa13-1f2d6b7a9218|rpc:10.1.0.15:39709|priority:1], old=null
2022-06-21 13:55:02,808 [grpc-default-executor-2] INFO  server.RaftServer$Division (RaftServerImpl.java:requestVote(1152)) - c45c8671-7070-4be0-aa13-1f2d6b7a9218@group-7C04624AABF3: receive requestVote(ELECTION, 3f2f5716-e318-4c9d-8cf6-ca563bbe3eeb, group-7C04624AABF3, 2, (t:0, i:0))
2022-06-21 13:55:02,811 [grpc-default-executor-2] INFO  impl.VoteContext (VoteContext.java:log(48)) - c45c8671-7070-4be0-aa13-1f2d6b7a9218@group-7C04624AABF3-FOLLOWER: reject ELECTION from 3f2f5716-e318-4c9d-8cf6-ca563bbe3eeb: our priority 1 > candidate's priority 0
2022-06-21 13:55:02,811 [grpc-default-executor-2] INFO  server.RaftServer$Division (RaftServerImpl.java:setRole(299)) - c45c8671-7070-4be0-aa13-1f2d6b7a9218@group-7C04624AABF3: changes role from  FOLLOWER to FOLLOWER at term 2 for candidate:3f2f5716-e318-4c9d-8cf6-ca563bbe3eeb
2022-06-21 13:55:02,811 [grpc-default-executor-2] INFO  impl.RoleInfo (RoleInfo.java:shutdownFollowerState(110)) - c45c8671-7070-4be0-aa13-1f2d6b7a9218: shutdown c45c8671-7070-4be0-aa13-1f2d6b7a9218@group-7C04624AABF3-FollowerState
2022-06-21 13:55:02,811 [grpc-default-executor-2] INFO  impl.RoleInfo (RoleInfo.java:updateAndGet(139)) - c45c8671-7070-4be0-aa13-1f2d6b7a9218: start c45c8671-7070-4be0-aa13-1f2d6b7a9218@group-7C04624AABF3-FollowerState
2022-06-21 13:55:02,811 [c45c8671-7070-4be0-aa13-1f2d6b7a9218@group-7C04624AABF3-FollowerState] INFO  impl.FollowerState (FollowerState.java:run(152)) - c45c8671-7070-4be0-aa13-1f2d6b7a9218@group-7C04624AABF3-FollowerState was interrupted
2022-06-21 13:55:02,827 [grpc-default-executor-2] INFO  server.RaftServer$Division (RaftServerImpl.java:requestVote(1184)) - c45c8671-7070-4be0-aa13-1f2d6b7a9218@group-7C04624AABF3 replies to ELECTION vote request: 3f2f5716-e318-4c9d-8cf6-ca563bbe3eeb<-c45c8671-7070-4be0-aa13-1f2d6b7a9218#0:FAIL-t2. Peer's state: c45c8671-7070-4be0-aa13-1f2d6b7a9218@group-7C04624AABF3:t2, leader=null, voted=null, raftlog=c45c8671-7070-4be0-aa13-1f2d6b7a9218@group-7C04624AABF3-SegmentedRaftLog:OPENED:c-1, conf=-1: [3f2f5716-e318-4c9d-8cf6-ca563bbe3eeb|rpc:10.1.0.15:41473|dataStream:|priority:0, 6f924676-de29-4bda-9abe-50e624e9409e|rpc:10.1.0.15:35717|dataStream:|priority:0, c45c8671-7070-4be0-aa13-1f2d6b7a9218|rpc:10.1.0.15:39709|dataStream:|priority:1], old=null
2022-06-21 13:55:02,832 [3f2f5716-e318-4c9d-8cf6-ca563bbe3eeb@group-7C04624AABF3-LeaderElection36] INFO  impl.LeaderElection (LeaderElection.java:logAndReturn(90)) - 3f2f5716-e318-4c9d-8cf6-ca563bbe3eeb@group-7C04624AABF3-LeaderElection36: ELECTION REJECTED received 1 response(s) and 0 exception(s):
2022-06-21 13:55:02,832 [3f2f5716-e318-4c9d-8cf6-ca563bbe3eeb@group-7C04624AABF3-LeaderElection36] INFO  impl.LeaderElection (LeaderElection.java:logAndReturn(94)) -   Response 0: 3f2f5716-e318-4c9d-8cf6-ca563bbe3eeb<-c45c8671-7070-4be0-aa13-1f2d6b7a9218#0:FAIL-t2
2022-06-21 13:55:02,832 [3f2f5716-e318-4c9d-8cf6-ca563bbe3eeb@group-7C04624AABF3-LeaderElection36] INFO  impl.LeaderElection (LeaderElection.java:askForVotes(312)) - 3f2f5716-e318-4c9d-8cf6-ca563bbe3eeb@group-7C04624AABF3-LeaderElection36 ELECTION round 0: result REJECTED
2022-06-21 13:55:02,832 [3f2f5716-e318-4c9d-8cf6-ca563bbe3eeb@group-7C04624AABF3-LeaderElection36] INFO  server.RaftServer$Division (RaftServerImpl.java:setRole(299)) - 3f2f5716-e318-4c9d-8cf6-ca563bbe3eeb@group-7C04624AABF3: changes role from CANDIDATE to FOLLOWER at term 2 for REJECTED
2022-06-21 13:55:02,832 [3f2f5716-e318-4c9d-8cf6-ca563bbe3eeb@group-7C04624AABF3-LeaderElection36] INFO  impl.RoleInfo (RoleInfo.java:shutdownLeaderElection(130)) - 3f2f5716-e318-4c9d-8cf6-ca563bbe3eeb: shutdown 3f2f5716-e318-4c9d-8cf6-ca563bbe3eeb@group-7C04624AABF3-LeaderElection36
2022-06-21 13:55:02,832 [3f2f5716-e318-4c9d-8cf6-ca563bbe3eeb@group-7C04624AABF3-LeaderElection36] INFO  impl.RoleInfo (RoleInfo.java:updateAndGet(139)) - 3f2f5716-e318-4c9d-8cf6-ca563bbe3eeb: start 3f2f5716-e318-4c9d-8cf6-ca563bbe3eeb@group-7C04624AABF3-FollowerState
2022-06-21 13:55:02,843 [grpc-default-executor-3] INFO  server.RaftServer$Division (RaftServerImpl.java:requestVote(1152)) - 6f924676-de29-4bda-9abe-50e624e9409e@group-7C04624AABF3: receive requestVote(ELECTION, 3f2f5716-e318-4c9d-8cf6-ca563bbe3eeb, group-7C04624AABF3, 2, (t:0, i:0))
2022-06-21 13:55:02,851 [grpc-default-executor-3] INFO  impl.VoteContext (VoteContext.java:log(48)) - 6f924676-de29-4bda-9abe-50e624e9409e@group-7C04624AABF3-CANDIDATE: reject ELECTION from 3f2f5716-e318-4c9d-8cf6-ca563bbe3eeb: already has voted for 6f924676-de29-4bda-9abe-50e624e9409e at current term 2
2022-06-21 13:55:02,851 [grpc-default-executor-3] INFO  server.RaftServer$Division (RaftServerImpl.java:requestVote(1184)) - 6f924676-de29-4bda-9abe-50e624e9409e@group-7C04624AABF3 replies to ELECTION vote request: 3f2f5716-e318-4c9d-8cf6-ca563bbe3eeb<-6f924676-de29-4bda-9abe-50e624e9409e#0:FAIL-t2. Peer's state: 6f924676-de29-4bda-9abe-50e624e9409e@group-7C04624AABF3:t2, leader=null, voted=6f924676-de29-4bda-9abe-50e624e9409e, raftlog=6f924676-de29-4bda-9abe-50e624e9409e@group-7C04624AABF3-SegmentedRaftLog:OPENED:c-1, conf=-1: [3f2f5716-e318-4c9d-8cf6-ca563bbe3eeb|rpc:10.1.0.15:41473|priority:0, 6f924676-de29-4bda-9abe-50e624e9409e|rpc:10.1.0.15:35717|priority:0, c45c8671-7070-4be0-aa13-1f2d6b7a9218|rpc:10.1.0.15:39709|priority:1], old=null
2022-06-21 13:55:02,843 [grpc-default-executor-1] INFO  server.RaftServer$Division (RaftServerImpl.java:requestVote(1152)) - c45c8671-7070-4be0-aa13-1f2d6b7a9218@group-7C04624AABF3: receive requestVote(ELECTION, 6f924676-de29-4bda-9abe-50e624e9409e, group-7C04624AABF3, 2, (t:0, i:0))
2022-06-21 13:55:02,851 [grpc-default-executor-1] INFO  impl.VoteContext (VoteContext.java:log(48)) - c45c8671-7070-4be0-aa13-1f2d6b7a9218@group-7C04624AABF3-FOLLOWER: reject ELECTION from 6f924676-de29-4bda-9abe-50e624e9409e: our priority 1 > candidate's priority 0
2022-06-21 13:55:02,852 [grpc-default-executor-1] INFO  server.RaftServer$Division (RaftServerImpl.java:setRole(299)) - c45c8671-7070-4be0-aa13-1f2d6b7a9218@group-7C04624AABF3: changes role from  FOLLOWER to FOLLOWER at term 2 for candidate:6f924676-de29-4bda-9abe-50e624e9409e
2022-06-21 13:55:02,852 [grpc-default-executor-1] INFO  impl.RoleInfo (RoleInfo.java:shutdownFollowerState(110)) - c45c8671-7070-4be0-aa13-1f2d6b7a9218: shutdown c45c8671-7070-4be0-aa13-1f2d6b7a9218@group-7C04624AABF3-FollowerState
2022-06-21 13:55:02,852 [grpc-default-executor-1] INFO  impl.RoleInfo (RoleInfo.java:updateAndGet(139)) - c45c8671-7070-4be0-aa13-1f2d6b7a9218: start c45c8671-7070-4be0-aa13-1f2d6b7a9218@group-7C04624AABF3-FollowerState
2022-06-21 13:55:02,843 [grpc-default-executor-0] INFO  server.RaftServer$Division (RaftServerImpl.java:requestVote(1152)) - 3f2f5716-e318-4c9d-8cf6-ca563bbe3eeb@group-7C04624AABF3: receive requestVote(ELECTION, 6f924676-de29-4bda-9abe-50e624e9409e, group-7C04624AABF3, 2, (t:0, i:0))
2022-06-21 13:55:02,861 [grpc-default-executor-0] INFO  impl.VoteContext (VoteContext.java:log(48)) - 3f2f5716-e318-4c9d-8cf6-ca563bbe3eeb@group-7C04624AABF3-FOLLOWER: reject ELECTION from 6f924676-de29-4bda-9abe-50e624e9409e: already has voted for 3f2f5716-e318-4c9d-8cf6-ca563bbe3eeb at current term 2
2022-06-21 13:55:02,861 [grpc-default-executor-0] INFO  server.RaftServer$Division (RaftServerImpl.java:requestVote(1184)) - 3f2f5716-e318-4c9d-8cf6-ca563bbe3eeb@group-7C04624AABF3 replies to ELECTION vote request: 6f924676-de29-4bda-9abe-50e624e9409e<-3f2f5716-e318-4c9d-8cf6-ca563bbe3eeb#0:FAIL-t2. Peer's state: 3f2f5716-e318-4c9d-8cf6-ca563bbe3eeb@group-7C04624AABF3:t2, leader=null, voted=3f2f5716-e318-4c9d-8cf6-ca563bbe3eeb, raftlog=3f2f5716-e318-4c9d-8cf6-ca563bbe3eeb@group-7C04624AABF3-SegmentedRaftLog:OPENED:c-1, conf=-1: [3f2f5716-e318-4c9d-8cf6-ca563bbe3eeb|rpc:10.1.0.15:41473|dataStream:|priority:0, 6f924676-de29-4bda-9abe-50e624e9409e|rpc:10.1.0.15:35717|dataStream:|priority:0, c45c8671-7070-4be0-aa13-1f2d6b7a9218|rpc:10.1.0.15:39709|dataStream:|priority:1], old=null
2022-06-21 13:55:02,852 [grpc-default-executor-1] INFO  server.RaftServer$Division (RaftServerImpl.java:requestVote(1184)) - c45c8671-7070-4be0-aa13-1f2d6b7a9218@group-7C04624AABF3 replies to ELECTION vote request: 6f924676-de29-4bda-9abe-50e624e9409e<-c45c8671-7070-4be0-aa13-1f2d6b7a9218#0:FAIL-t2. Peer's state: c45c8671-7070-4be0-aa13-1f2d6b7a9218@group-7C04624AABF3:t2, leader=null, voted=null, raftlog=c45c8671-7070-4be0-aa13-1f2d6b7a9218@group-7C04624AABF3-SegmentedRaftLog:OPENED:c-1, conf=-1: [3f2f5716-e318-4c9d-8cf6-ca563bbe3eeb|rpc:10.1.0.15:41473|dataStream:|priority:0, 6f924676-de29-4bda-9abe-50e624e9409e|rpc:10.1.0.15:35717|dataStream:|priority:0, c45c8671-7070-4be0-aa13-1f2d6b7a9218|rpc:10.1.0.15:39709|dataStream:|priority:1], old=null
2022-06-21 13:55:02,858 [c45c8671-7070-4be0-aa13-1f2d6b7a9218@group-7C04624AABF3-FollowerState] INFO  impl.FollowerState (FollowerState.java:shouldRun(117)) - c45c8671-7070-4be0-aa13-1f2d6b7a9218@group-7C04624AABF3-FollowerState: Stopping now (isRunning? false, role = FOLLOWER)
2022-06-21 13:55:02,882 [6f924676-de29-4bda-9abe-50e624e9409e@group-7C04624AABF3-LeaderElection37] INFO  impl.LeaderElection (LeaderElection.java:logAndReturn(90)) - 6f924676-de29-4bda-9abe-50e624e9409e@group-7C04624AABF3-LeaderElection37: ELECTION REJECTED received 2 response(s) and 0 exception(s):
2022-06-21 13:55:02,885 [6f924676-de29-4bda-9abe-50e624e9409e@group-7C04624AABF3-LeaderElection37] INFO  impl.LeaderElection (LeaderElection.java:logAndReturn(94)) -   Response 0: 6f924676-de29-4bda-9abe-50e624e9409e<-3f2f5716-e318-4c9d-8cf6-ca563bbe3eeb#0:FAIL-t2
2022-06-21 13:55:02,885 [6f924676-de29-4bda-9abe-50e624e9409e@group-7C04624AABF3-LeaderElection37] INFO  impl.LeaderElection (LeaderElection.java:logAndReturn(94)) -   Response 1: 6f924676-de29-4bda-9abe-50e624e9409e<-c45c8671-7070-4be0-aa13-1f2d6b7a9218#0:FAIL-t2
2022-06-21 13:55:02,886 [6f924676-de29-4bda-9abe-50e624e9409e@group-7C04624AABF3-LeaderElection37] INFO  impl.LeaderElection (LeaderElection.java:askForVotes(312)) - 6f924676-de29-4bda-9abe-50e624e9409e@group-7C04624AABF3-LeaderElection37 ELECTION round 0: result REJECTED
2022-06-21 13:55:02,886 [6f924676-de29-4bda-9abe-50e624e9409e@group-7C04624AABF3-LeaderElection37] INFO  server.RaftServer$Division (RaftServerImpl.java:setRole(299)) - 6f924676-de29-4bda-9abe-50e624e9409e@group-7C04624AABF3: changes role from CANDIDATE to FOLLOWER at term 2 for REJECTED
2022-06-21 13:55:02,886 [6f924676-de29-4bda-9abe-50e624e9409e@group-7C04624AABF3-LeaderElection37] INFO  impl.RoleInfo (RoleInfo.java:shutdownLeaderElection(130)) - 6f924676-de29-4bda-9abe-50e624e9409e: shutdown 6f924676-de29-4bda-9abe-50e624e9409e@group-7C04624AABF3-LeaderElection37
2022-06-21 13:55:02,886 [6f924676-de29-4bda-9abe-50e624e9409e@group-7C04624AABF3-LeaderElection37] INFO  impl.RoleInfo (RoleInfo.java:updateAndGet(139)) - 6f924676-de29-4bda-9abe-50e624e9409e: start 6f924676-de29-4bda-9abe-50e624e9409e@group-7C04624AABF3-FollowerState
]]></system-out>
  </testcase>
  <testcase name="testTrash" classname="TestOzoneFileSystem" time="4.074">
    <system-out><![CDATA[13:56:18.638 [IPC Server handler 14 on default port 33745] ERROR OMAudit - user=runner | ip=127.0.0.1 | op=GET_FILE_STATUS {volume=volume37829, bucket=bucket78784, key=.Trash/runner/Current/testKey2, dataSize=0, replicationConfig=null} | ret=FAILURE
org.apache.hadoop.ozone.om.exceptions.OMException: Unable to get file status: volume: volume37829 bucket: bucket78784 key: .Trash/runner/Current/testKey2
	at org.apache.hadoop.ozone.om.KeyManagerImpl.getOzoneFileStatus(KeyManagerImpl.java:1311) ~[ozone-manager-1.3.0-SNAPSHOT.jar:?]
	at org.apache.hadoop.ozone.om.KeyManagerImpl.getFileStatus(KeyManagerImpl.java:1241) ~[ozone-manager-1.3.0-SNAPSHOT.jar:?]
	at org.apache.hadoop.ozone.om.OzoneManager.getFileStatus(OzoneManager.java:3419) ~[ozone-manager-1.3.0-SNAPSHOT.jar:?]
	at org.apache.hadoop.ozone.protocolPB.OzoneManagerRequestHandler.getOzoneFileStatus(OzoneManagerRequestHandler.java:871) ~[ozone-manager-1.3.0-SNAPSHOT.jar:?]
	at org.apache.hadoop.ozone.protocolPB.OzoneManagerRequestHandler.handleReadRequest(OzoneManagerRequestHandler.java:217) ~[ozone-manager-1.3.0-SNAPSHOT.jar:?]
	at org.apache.hadoop.ozone.protocolPB.OzoneManagerProtocolServerSideTranslatorPB.submitRequestDirectlyToOM(OzoneManagerProtocolServerSideTranslatorPB.java:284) ~[ozone-manager-1.3.0-SNAPSHOT.jar:?]
	at org.apache.hadoop.ozone.protocolPB.OzoneManagerProtocolServerSideTranslatorPB.processRequest(OzoneManagerProtocolServerSideTranslatorPB.java:207) ~[ozone-manager-1.3.0-SNAPSHOT.jar:?]
	at org.apache.hadoop.hdds.server.OzoneProtocolMessageDispatcher.processRequest(OzoneProtocolMessageDispatcher.java:87) [hdds-server-framework-1.3.0-SNAPSHOT.jar:?]
	at org.apache.hadoop.ozone.protocolPB.OzoneManagerProtocolServerSideTranslatorPB.submitRequest(OzoneManagerProtocolServerSideTranslatorPB.java:147) [ozone-manager-1.3.0-SNAPSHOT.jar:?]
	at org.apache.hadoop.ozone.protocol.proto.OzoneManagerProtocolProtos$OzoneManagerService$2.callBlockingMethod(OzoneManagerProtocolProtos.java) [ozone-interface-client-1.3.0-SNAPSHOT.jar:?]
	at org.apache.hadoop.ipc.ProtobufRpcEngine$Server.processCall(ProtobufRpcEngine.java:466) [hadoop-common-3.3.1.jar:?]
	at org.apache.hadoop.ipc.ProtobufRpcEngine2$Server$ProtoBufRpcInvoker.call(ProtobufRpcEngine2.java:574) [hadoop-common-3.3.1.jar:?]
	at org.apache.hadoop.ipc.ProtobufRpcEngine2$Server$ProtoBufRpcInvoker.call(ProtobufRpcEngine2.java:552) [hadoop-common-3.3.1.jar:?]
	at org.apache.hadoop.ipc.RPC$Server.call(RPC.java:1093) [hadoop-common-3.3.1.jar:?]
	at org.apache.hadoop.ipc.Server$RpcCall.run(Server.java:1035) [hadoop-common-3.3.1.jar:?]
	at org.apache.hadoop.ipc.Server$RpcCall.run(Server.java:963) [hadoop-common-3.3.1.jar:?]
	at java.security.AccessController.doPrivileged(Native Method) ~[?:1.8.0_332]
	at javax.security.auth.Subject.doAs(Subject.java:422) [?:1.8.0_332]
	at org.apache.hadoop.security.UserGroupInformation.doAs(UserGroupInformation.java:1878) [hadoop-common-3.3.1.jar:?]
	at org.apache.hadoop.ipc.Server$Handler.run(Server.java:2966) [hadoop-common-3.3.1.jar:?]
13:56:18.639 [IPC Server handler 16 on default port 33745] ERROR OMAudit - user=runner | ip=127.0.0.1 | op=GET_FILE_STATUS {volume=volume37829, bucket=bucket78784, key=.Trash/runner/Current/testKey2, dataSize=0, replicationConfig=null} | ret=FAILURE
org.apache.hadoop.ozone.om.exceptions.OMException: Unable to get file status: volume: volume37829 bucket: bucket78784 key: .Trash/runner/Current/testKey2
	at org.apache.hadoop.ozone.om.KeyManagerImpl.getOzoneFileStatus(KeyManagerImpl.java:1311) ~[ozone-manager-1.3.0-SNAPSHOT.jar:?]
	at org.apache.hadoop.ozone.om.KeyManagerImpl.getFileStatus(KeyManagerImpl.java:1241) ~[ozone-manager-1.3.0-SNAPSHOT.jar:?]
	at org.apache.hadoop.ozone.om.OzoneManager.getFileStatus(OzoneManager.java:3419) ~[ozone-manager-1.3.0-SNAPSHOT.jar:?]
	at org.apache.hadoop.ozone.protocolPB.OzoneManagerRequestHandler.getOzoneFileStatus(OzoneManagerRequestHandler.java:871) ~[ozone-manager-1.3.0-SNAPSHOT.jar:?]
	at org.apache.hadoop.ozone.protocolPB.OzoneManagerRequestHandler.handleReadRequest(OzoneManagerRequestHandler.java:217) ~[ozone-manager-1.3.0-SNAPSHOT.jar:?]
	at org.apache.hadoop.ozone.protocolPB.OzoneManagerProtocolServerSideTranslatorPB.submitRequestDirectlyToOM(OzoneManagerProtocolServerSideTranslatorPB.java:284) ~[ozone-manager-1.3.0-SNAPSHOT.jar:?]
	at org.apache.hadoop.ozone.protocolPB.OzoneManagerProtocolServerSideTranslatorPB.processRequest(OzoneManagerProtocolServerSideTranslatorPB.java:207) ~[ozone-manager-1.3.0-SNAPSHOT.jar:?]
	at org.apache.hadoop.hdds.server.OzoneProtocolMessageDispatcher.processRequest(OzoneProtocolMessageDispatcher.java:87) [hdds-server-framework-1.3.0-SNAPSHOT.jar:?]
	at org.apache.hadoop.ozone.protocolPB.OzoneManagerProtocolServerSideTranslatorPB.submitRequest(OzoneManagerProtocolServerSideTranslatorPB.java:147) [ozone-manager-1.3.0-SNAPSHOT.jar:?]
	at org.apache.hadoop.ozone.protocol.proto.OzoneManagerProtocolProtos$OzoneManagerService$2.callBlockingMethod(OzoneManagerProtocolProtos.java) [ozone-interface-client-1.3.0-SNAPSHOT.jar:?]
	at org.apache.hadoop.ipc.ProtobufRpcEngine$Server.processCall(ProtobufRpcEngine.java:466) [hadoop-common-3.3.1.jar:?]
	at org.apache.hadoop.ipc.ProtobufRpcEngine2$Server$ProtoBufRpcInvoker.call(ProtobufRpcEngine2.java:574) [hadoop-common-3.3.1.jar:?]
	at org.apache.hadoop.ipc.ProtobufRpcEngine2$Server$ProtoBufRpcInvoker.call(ProtobufRpcEngine2.java:552) [hadoop-common-3.3.1.jar:?]
	at org.apache.hadoop.ipc.RPC$Server.call(RPC.java:1093) [hadoop-common-3.3.1.jar:?]
	at org.apache.hadoop.ipc.Server$RpcCall.run(Server.java:1035) [hadoop-common-3.3.1.jar:?]
	at org.apache.hadoop.ipc.Server$RpcCall.run(Server.java:963) [hadoop-common-3.3.1.jar:?]
	at java.security.AccessController.doPrivileged(Native Method) ~[?:1.8.0_332]
	at javax.security.auth.Subject.doAs(Subject.java:422) [?:1.8.0_332]
	at org.apache.hadoop.security.UserGroupInformation.doAs(UserGroupInformation.java:1878) [hadoop-common-3.3.1.jar:?]
	at org.apache.hadoop.ipc.Server$Handler.run(Server.java:2966) [hadoop-common-3.3.1.jar:?]
2022-06-21 13:56:18,642 [Time-limited test] INFO  fs.TrashPolicyDefault (TrashPolicyDefault.java:moveToTrash(188)) - Moved: '/testKey2' to trash at: /.Trash/runner/Current/testKey2
2022-06-21 13:56:18,906 [46e1d9a7-823e-4b9e-8490-f50260fc9351@group-88108D56C7EB-FollowerState] INFO  impl.FollowerState (FollowerState.java:run(143)) - 46e1d9a7-823e-4b9e-8490-f50260fc9351@group-88108D56C7EB-FollowerState: change to CANDIDATE, lastRpcElapsedTime:5109897104ns, electionTimeout:5091ms
2022-06-21 13:56:18,907 [46e1d9a7-823e-4b9e-8490-f50260fc9351@group-88108D56C7EB-FollowerState] INFO  impl.RoleInfo (RoleInfo.java:shutdownFollowerState(110)) - 46e1d9a7-823e-4b9e-8490-f50260fc9351: shutdown 46e1d9a7-823e-4b9e-8490-f50260fc9351@group-88108D56C7EB-FollowerState
2022-06-21 13:56:18,907 [46e1d9a7-823e-4b9e-8490-f50260fc9351@group-88108D56C7EB-FollowerState] INFO  server.RaftServer$Division (RaftServerImpl.java:setRole(299)) - 46e1d9a7-823e-4b9e-8490-f50260fc9351@group-88108D56C7EB: changes role from  FOLLOWER to CANDIDATE at term 0 for changeToCandidate
2022-06-21 13:56:18,907 [46e1d9a7-823e-4b9e-8490-f50260fc9351@group-88108D56C7EB-FollowerState] INFO  server.RaftServerConfigKeys (ConfUtils.java:logGet(46)) - raft.server.leaderelection.pre-vote = false (custom)
2022-06-21 13:56:18,907 [46e1d9a7-823e-4b9e-8490-f50260fc9351@group-88108D56C7EB-FollowerState] INFO  impl.RoleInfo (RoleInfo.java:updateAndGet(139)) - 46e1d9a7-823e-4b9e-8490-f50260fc9351: start 46e1d9a7-823e-4b9e-8490-f50260fc9351@group-88108D56C7EB-LeaderElection50
2022-06-21 13:56:18,955 [46e1d9a7-823e-4b9e-8490-f50260fc9351@group-88108D56C7EB-LeaderElection50] INFO  impl.LeaderElection (LeaderElection.java:askForVotes(310)) - 46e1d9a7-823e-4b9e-8490-f50260fc9351@group-88108D56C7EB-LeaderElection50 ELECTION round 0: submit vote requests at term 1 for -1: [46e1d9a7-823e-4b9e-8490-f50260fc9351|rpc:10.1.0.15:39213|priority:1], old=null
2022-06-21 13:56:18,955 [46e1d9a7-823e-4b9e-8490-f50260fc9351@group-88108D56C7EB-LeaderElection50] INFO  impl.LeaderElection (LeaderElection.java:askForVotes(312)) - 46e1d9a7-823e-4b9e-8490-f50260fc9351@group-88108D56C7EB-LeaderElection50 ELECTION round 0: result PASSED (term=1)
2022-06-21 13:56:18,955 [46e1d9a7-823e-4b9e-8490-f50260fc9351@group-88108D56C7EB-LeaderElection50] INFO  impl.RoleInfo (RoleInfo.java:shutdownLeaderElection(130)) - 46e1d9a7-823e-4b9e-8490-f50260fc9351: shutdown 46e1d9a7-823e-4b9e-8490-f50260fc9351@group-88108D56C7EB-LeaderElection50
2022-06-21 13:56:18,955 [46e1d9a7-823e-4b9e-8490-f50260fc9351@group-88108D56C7EB-LeaderElection50] INFO  server.RaftServer$Division (RaftServerImpl.java:setRole(299)) - 46e1d9a7-823e-4b9e-8490-f50260fc9351@group-88108D56C7EB: changes role from CANDIDATE to LEADER at term 1 for changeToLeader
2022-06-21 13:56:18,955 [46e1d9a7-823e-4b9e-8490-f50260fc9351@group-88108D56C7EB-LeaderElection50] INFO  ratis.XceiverServerRatis (XceiverServerRatis.java:handleLeaderChangedNotification(863)) - Leader change notification received for group: group-88108D56C7EB with new leaderId: 46e1d9a7-823e-4b9e-8490-f50260fc9351
2022-06-21 13:56:18,955 [46e1d9a7-823e-4b9e-8490-f50260fc9351@group-88108D56C7EB-LeaderElection50] INFO  server.RaftServer$Division (ServerState.java:setLeader(287)) - 46e1d9a7-823e-4b9e-8490-f50260fc9351@group-88108D56C7EB: change Leader from null to 46e1d9a7-823e-4b9e-8490-f50260fc9351 at term 1 for becomeLeader, leader elected after 5173ms
2022-06-21 13:56:18,955 [46e1d9a7-823e-4b9e-8490-f50260fc9351@group-88108D56C7EB-LeaderElection50] INFO  server.RaftServerConfigKeys (ConfUtils.java:logGet(46)) - raft.server.staging.catchup.gap = 1000 (default)
2022-06-21 13:56:18,955 [46e1d9a7-823e-4b9e-8490-f50260fc9351@group-88108D56C7EB-LeaderElection50] INFO  server.RaftServerConfigKeys (ConfUtils.java:logGet(46)) - raft.server.write.element-limit = 1024 (custom)
2022-06-21 13:56:18,955 [46e1d9a7-823e-4b9e-8490-f50260fc9351@group-88108D56C7EB-LeaderElection50] INFO  server.RaftServerConfigKeys (ConfUtils.java:logGet(46)) - raft.server.write.byte-limit = 1024 M (=1073741824) (custom)
2022-06-21 13:56:18,956 [46e1d9a7-823e-4b9e-8490-f50260fc9351@group-88108D56C7EB-LeaderElection50] INFO  server.RaftServerConfigKeys (ConfUtils.java:logGet(46)) - raft.server.watch.timeout = 180s (custom)
2022-06-21 13:56:18,956 [46e1d9a7-823e-4b9e-8490-f50260fc9351@group-88108D56C7EB-LeaderElection50] INFO  server.RaftServerConfigKeys (ConfUtils.java:logGet(46)) - raft.server.watch.timeout.denomination = 1s (default)
2022-06-21 13:56:18,956 [46e1d9a7-823e-4b9e-8490-f50260fc9351@group-88108D56C7EB-LeaderElection50] INFO  server.RaftServerConfigKeys (ConfUtils.java:logGet(46)) - raft.server.watch.element-limit = 65536 (default)
2022-06-21 13:56:18,956 [46e1d9a7-823e-4b9e-8490-f50260fc9351@group-88108D56C7EB-LeaderElection50] INFO  server.RaftServerConfigKeys (ConfUtils.java:logGet(46)) - raft.server.write.element-limit = 1024 (custom)
2022-06-21 13:56:18,956 [46e1d9a7-823e-4b9e-8490-f50260fc9351@group-88108D56C7EB-LeaderElection50] INFO  server.RaftServerConfigKeys (ConfUtils.java:logGet(46)) - raft.server.write.follower.gap.ratio.max = -1.0 (default)
2022-06-21 13:56:18,956 [46e1d9a7-823e-4b9e-8490-f50260fc9351@group-88108D56C7EB-LeaderElection50] INFO  impl.RoleInfo (RoleInfo.java:updateAndGet(139)) - 46e1d9a7-823e-4b9e-8490-f50260fc9351: start 46e1d9a7-823e-4b9e-8490-f50260fc9351@group-88108D56C7EB-LeaderStateImpl
2022-06-21 13:56:18,956 [46e1d9a7-823e-4b9e-8490-f50260fc9351@group-88108D56C7EB-LeaderElection50] INFO  segmented.SegmentedRaftLogWorker (SegmentedRaftLogWorker.java:startLogSegment(425)) - 46e1d9a7-823e-4b9e-8490-f50260fc9351@group-88108D56C7EB-SegmentedRaftLogWorker: Starting segment from index:0
2022-06-21 13:56:18,959 [46e1d9a7-823e-4b9e-8490-f50260fc9351@group-88108D56C7EB-SegmentedRaftLogWorker] INFO  segmented.SegmentedRaftLogWorker (SegmentedRaftLogWorker.java:execute(629)) - 46e1d9a7-823e-4b9e-8490-f50260fc9351@group-88108D56C7EB-SegmentedRaftLogWorker: created new log segment /home/runner/work/ozone/ozone/hadoop-ozone/integration-test/target/test-dir/MiniOzoneClusterImpl-a6c63143-532c-40e3-90f6-32ed462df7e7/datanode-3/data/ratis/bde92dea-1b76-4414-b132-88108d56c7eb/current/log_inprogress_0
2022-06-21 13:56:19,011 [46e1d9a7-823e-4b9e-8490-f50260fc9351@group-88108D56C7EB-LeaderElection50] INFO  server.RaftServer$Division (ServerState.java:setRaftConf(393)) - 46e1d9a7-823e-4b9e-8490-f50260fc9351@group-88108D56C7EB: set configuration 0: [46e1d9a7-823e-4b9e-8490-f50260fc9351|rpc:10.1.0.15:39213|dataStream:|priority:1], old=null
13:56:19.646 [IPC Server handler 5 on default port 33745] ERROR OMAudit - user=runner | ip=127.0.0.1 | op=GET_FILE_STATUS {volume=volume37829, bucket=bucket78784, key=.Trash/runner/Current/testKey2, dataSize=0, replicationConfig=null} | ret=FAILURE
org.apache.hadoop.ozone.om.exceptions.OMException: Unable to get file status: volume: volume37829 bucket: bucket78784 key: .Trash/runner/Current/testKey2
	at org.apache.hadoop.ozone.om.KeyManagerImpl.getOzoneFileStatus(KeyManagerImpl.java:1311) ~[ozone-manager-1.3.0-SNAPSHOT.jar:?]
	at org.apache.hadoop.ozone.om.KeyManagerImpl.getFileStatus(KeyManagerImpl.java:1241) ~[ozone-manager-1.3.0-SNAPSHOT.jar:?]
	at org.apache.hadoop.ozone.om.OzoneManager.getFileStatus(OzoneManager.java:3419) ~[ozone-manager-1.3.0-SNAPSHOT.jar:?]
	at org.apache.hadoop.ozone.protocolPB.OzoneManagerRequestHandler.getOzoneFileStatus(OzoneManagerRequestHandler.java:871) ~[ozone-manager-1.3.0-SNAPSHOT.jar:?]
	at org.apache.hadoop.ozone.protocolPB.OzoneManagerRequestHandler.handleReadRequest(OzoneManagerRequestHandler.java:217) ~[ozone-manager-1.3.0-SNAPSHOT.jar:?]
	at org.apache.hadoop.ozone.protocolPB.OzoneManagerProtocolServerSideTranslatorPB.submitRequestDirectlyToOM(OzoneManagerProtocolServerSideTranslatorPB.java:284) ~[ozone-manager-1.3.0-SNAPSHOT.jar:?]
	at org.apache.hadoop.ozone.protocolPB.OzoneManagerProtocolServerSideTranslatorPB.processRequest(OzoneManagerProtocolServerSideTranslatorPB.java:207) ~[ozone-manager-1.3.0-SNAPSHOT.jar:?]
	at org.apache.hadoop.hdds.server.OzoneProtocolMessageDispatcher.processRequest(OzoneProtocolMessageDispatcher.java:87) [hdds-server-framework-1.3.0-SNAPSHOT.jar:?]
	at org.apache.hadoop.ozone.protocolPB.OzoneManagerProtocolServerSideTranslatorPB.submitRequest(OzoneManagerProtocolServerSideTranslatorPB.java:147) [ozone-manager-1.3.0-SNAPSHOT.jar:?]
	at org.apache.hadoop.ozone.protocol.proto.OzoneManagerProtocolProtos$OzoneManagerService$2.callBlockingMethod(OzoneManagerProtocolProtos.java) [ozone-interface-client-1.3.0-SNAPSHOT.jar:?]
	at org.apache.hadoop.ipc.ProtobufRpcEngine$Server.processCall(ProtobufRpcEngine.java:466) [hadoop-common-3.3.1.jar:?]
	at org.apache.hadoop.ipc.ProtobufRpcEngine2$Server$ProtoBufRpcInvoker.call(ProtobufRpcEngine2.java:574) [hadoop-common-3.3.1.jar:?]
	at org.apache.hadoop.ipc.ProtobufRpcEngine2$Server$ProtoBufRpcInvoker.call(ProtobufRpcEngine2.java:552) [hadoop-common-3.3.1.jar:?]
	at org.apache.hadoop.ipc.RPC$Server.call(RPC.java:1093) [hadoop-common-3.3.1.jar:?]
	at org.apache.hadoop.ipc.Server$RpcCall.run(Server.java:1035) [hadoop-common-3.3.1.jar:?]
	at org.apache.hadoop.ipc.Server$RpcCall.run(Server.java:963) [hadoop-common-3.3.1.jar:?]
	at java.security.AccessController.doPrivileged(Native Method) ~[?:1.8.0_332]
	at javax.security.auth.Subject.doAs(Subject.java:422) [?:1.8.0_332]
	at org.apache.hadoop.security.UserGroupInformation.doAs(UserGroupInformation.java:1878) [hadoop-common-3.3.1.jar:?]
	at org.apache.hadoop.ipc.Server$Handler.run(Server.java:2966) [hadoop-common-3.3.1.jar:?]
2022-06-21 13:56:20,622 [685a43de-7e91-4998-9405-9025234a1f5a@group-7BAEA5FFA74C-FollowerState] INFO  impl.FollowerState (FollowerState.java:run(143)) - 685a43de-7e91-4998-9405-9025234a1f5a@group-7BAEA5FFA74C-FollowerState: change to CANDIDATE, lastRpcElapsedTime:5057345992ns, electionTimeout:5056ms
2022-06-21 13:56:20,622 [685a43de-7e91-4998-9405-9025234a1f5a@group-7BAEA5FFA74C-FollowerState] INFO  impl.RoleInfo (RoleInfo.java:shutdownFollowerState(110)) - 685a43de-7e91-4998-9405-9025234a1f5a: shutdown 685a43de-7e91-4998-9405-9025234a1f5a@group-7BAEA5FFA74C-FollowerState
2022-06-21 13:56:20,622 [685a43de-7e91-4998-9405-9025234a1f5a@group-7BAEA5FFA74C-FollowerState] INFO  server.RaftServer$Division (RaftServerImpl.java:setRole(299)) - 685a43de-7e91-4998-9405-9025234a1f5a@group-7BAEA5FFA74C: changes role from  FOLLOWER to CANDIDATE at term 0 for changeToCandidate
2022-06-21 13:56:20,622 [685a43de-7e91-4998-9405-9025234a1f5a@group-7BAEA5FFA74C-FollowerState] INFO  server.RaftServerConfigKeys (ConfUtils.java:logGet(46)) - raft.server.leaderelection.pre-vote = false (custom)
2022-06-21 13:56:20,622 [685a43de-7e91-4998-9405-9025234a1f5a@group-7BAEA5FFA74C-FollowerState] INFO  impl.RoleInfo (RoleInfo.java:updateAndGet(139)) - 685a43de-7e91-4998-9405-9025234a1f5a: start 685a43de-7e91-4998-9405-9025234a1f5a@group-7BAEA5FFA74C-LeaderElection51
2022-06-21 13:56:20,661 [685a43de-7e91-4998-9405-9025234a1f5a@group-7BAEA5FFA74C-LeaderElection51] INFO  impl.LeaderElection (LeaderElection.java:askForVotes(310)) - 685a43de-7e91-4998-9405-9025234a1f5a@group-7BAEA5FFA74C-LeaderElection51 ELECTION round 0: submit vote requests at term 1 for -1: [685a43de-7e91-4998-9405-9025234a1f5a|rpc:10.1.0.15:34695|priority:1], old=null
2022-06-21 13:56:20,661 [685a43de-7e91-4998-9405-9025234a1f5a@group-7BAEA5FFA74C-LeaderElection51] INFO  impl.LeaderElection (LeaderElection.java:askForVotes(312)) - 685a43de-7e91-4998-9405-9025234a1f5a@group-7BAEA5FFA74C-LeaderElection51 ELECTION round 0: result PASSED (term=1)
2022-06-21 13:56:20,661 [685a43de-7e91-4998-9405-9025234a1f5a@group-7BAEA5FFA74C-LeaderElection51] INFO  impl.RoleInfo (RoleInfo.java:shutdownLeaderElection(130)) - 685a43de-7e91-4998-9405-9025234a1f5a: shutdown 685a43de-7e91-4998-9405-9025234a1f5a@group-7BAEA5FFA74C-LeaderElection51
2022-06-21 13:56:20,661 [685a43de-7e91-4998-9405-9025234a1f5a@group-7BAEA5FFA74C-LeaderElection51] INFO  server.RaftServer$Division (RaftServerImpl.java:setRole(299)) - 685a43de-7e91-4998-9405-9025234a1f5a@group-7BAEA5FFA74C: changes role from CANDIDATE to LEADER at term 1 for changeToLeader
2022-06-21 13:56:20,661 [685a43de-7e91-4998-9405-9025234a1f5a@group-7BAEA5FFA74C-LeaderElection51] INFO  ratis.XceiverServerRatis (XceiverServerRatis.java:handleLeaderChangedNotification(863)) - Leader change notification received for group: group-7BAEA5FFA74C with new leaderId: 685a43de-7e91-4998-9405-9025234a1f5a
2022-06-21 13:56:20,662 [685a43de-7e91-4998-9405-9025234a1f5a@group-7BAEA5FFA74C-LeaderElection51] INFO  server.RaftServer$Division (ServerState.java:setLeader(287)) - 685a43de-7e91-4998-9405-9025234a1f5a@group-7BAEA5FFA74C: change Leader from null to 685a43de-7e91-4998-9405-9025234a1f5a at term 1 for becomeLeader, leader elected after 5114ms
2022-06-21 13:56:20,662 [685a43de-7e91-4998-9405-9025234a1f5a@group-7BAEA5FFA74C-LeaderElection51] INFO  server.RaftServerConfigKeys (ConfUtils.java:logGet(46)) - raft.server.staging.catchup.gap = 1000 (default)
2022-06-21 13:56:20,665 [685a43de-7e91-4998-9405-9025234a1f5a@group-7BAEA5FFA74C-LeaderElection51] INFO  server.RaftServerConfigKeys (ConfUtils.java:logGet(46)) - raft.server.write.element-limit = 1024 (custom)
2022-06-21 13:56:20,665 [685a43de-7e91-4998-9405-9025234a1f5a@group-7BAEA5FFA74C-LeaderElection51] INFO  server.RaftServerConfigKeys (ConfUtils.java:logGet(46)) - raft.server.write.byte-limit = 1024 M (=1073741824) (custom)
2022-06-21 13:56:20,666 [685a43de-7e91-4998-9405-9025234a1f5a@group-7BAEA5FFA74C-LeaderElection51] INFO  server.RaftServerConfigKeys (ConfUtils.java:logGet(46)) - raft.server.watch.timeout = 180s (custom)
2022-06-21 13:56:20,666 [685a43de-7e91-4998-9405-9025234a1f5a@group-7BAEA5FFA74C-LeaderElection51] INFO  server.RaftServerConfigKeys (ConfUtils.java:logGet(46)) - raft.server.watch.timeout.denomination = 1s (default)
2022-06-21 13:56:20,666 [685a43de-7e91-4998-9405-9025234a1f5a@group-7BAEA5FFA74C-LeaderElection51] INFO  server.RaftServerConfigKeys (ConfUtils.java:logGet(46)) - raft.server.watch.element-limit = 65536 (default)
2022-06-21 13:56:20,666 [685a43de-7e91-4998-9405-9025234a1f5a@group-7BAEA5FFA74C-LeaderElection51] INFO  server.RaftServerConfigKeys (ConfUtils.java:logGet(46)) - raft.server.write.element-limit = 1024 (custom)
2022-06-21 13:56:20,666 [685a43de-7e91-4998-9405-9025234a1f5a@group-7BAEA5FFA74C-LeaderElection51] INFO  server.RaftServerConfigKeys (ConfUtils.java:logGet(46)) - raft.server.write.follower.gap.ratio.max = -1.0 (default)
2022-06-21 13:56:20,666 [685a43de-7e91-4998-9405-9025234a1f5a@group-7BAEA5FFA74C-LeaderElection51] INFO  impl.RoleInfo (RoleInfo.java:updateAndGet(139)) - 685a43de-7e91-4998-9405-9025234a1f5a: start 685a43de-7e91-4998-9405-9025234a1f5a@group-7BAEA5FFA74C-LeaderStateImpl
2022-06-21 13:56:20,666 [685a43de-7e91-4998-9405-9025234a1f5a@group-7BAEA5FFA74C-LeaderElection51] INFO  segmented.SegmentedRaftLogWorker (SegmentedRaftLogWorker.java:startLogSegment(425)) - 685a43de-7e91-4998-9405-9025234a1f5a@group-7BAEA5FFA74C-SegmentedRaftLogWorker: Starting segment from index:0
2022-06-21 13:56:20,671 [685a43de-7e91-4998-9405-9025234a1f5a@group-7BAEA5FFA74C-SegmentedRaftLogWorker] INFO  segmented.SegmentedRaftLogWorker (SegmentedRaftLogWorker.java:execute(629)) - 685a43de-7e91-4998-9405-9025234a1f5a@group-7BAEA5FFA74C-SegmentedRaftLogWorker: created new log segment /home/runner/work/ozone/ozone/hadoop-ozone/integration-test/target/test-dir/MiniOzoneClusterImpl-a6c63143-532c-40e3-90f6-32ed462df7e7/datanode-4/data/ratis/aeeed607-896a-4431-bd92-7baea5ffa74c/current/log_inprogress_0
2022-06-21 13:56:20,702 [685a43de-7e91-4998-9405-9025234a1f5a@group-7BAEA5FFA74C-LeaderElection51] INFO  server.RaftServer$Division (ServerState.java:setRaftConf(393)) - 685a43de-7e91-4998-9405-9025234a1f5a@group-7BAEA5FFA74C: set configuration 0: [685a43de-7e91-4998-9405-9025234a1f5a|rpc:10.1.0.15:34695|dataStream:|priority:1], old=null
2022-06-21 13:56:21,024 [661906f5-178f-45a1-86e2-0540bf739913@group-52BF6DEE87EE-FollowerState] INFO  impl.FollowerState (FollowerState.java:run(143)) - 661906f5-178f-45a1-86e2-0540bf739913@group-52BF6DEE87EE-FollowerState: change to CANDIDATE, lastRpcElapsedTime:5024555787ns, electionTimeout:5015ms
2022-06-21 13:56:21,024 [661906f5-178f-45a1-86e2-0540bf739913@group-52BF6DEE87EE-FollowerState] INFO  impl.RoleInfo (RoleInfo.java:shutdownFollowerState(110)) - 661906f5-178f-45a1-86e2-0540bf739913: shutdown 661906f5-178f-45a1-86e2-0540bf739913@group-52BF6DEE87EE-FollowerState
2022-06-21 13:56:21,024 [661906f5-178f-45a1-86e2-0540bf739913@group-52BF6DEE87EE-FollowerState] INFO  server.RaftServer$Division (RaftServerImpl.java:setRole(299)) - 661906f5-178f-45a1-86e2-0540bf739913@group-52BF6DEE87EE: changes role from  FOLLOWER to CANDIDATE at term 1 for changeToCandidate
2022-06-21 13:56:21,024 [661906f5-178f-45a1-86e2-0540bf739913@group-52BF6DEE87EE-FollowerState] INFO  server.RaftServerConfigKeys (ConfUtils.java:logGet(46)) - raft.server.leaderelection.pre-vote = false (custom)
2022-06-21 13:56:21,024 [661906f5-178f-45a1-86e2-0540bf739913@group-52BF6DEE87EE-FollowerState] INFO  impl.RoleInfo (RoleInfo.java:updateAndGet(139)) - 661906f5-178f-45a1-86e2-0540bf739913: start 661906f5-178f-45a1-86e2-0540bf739913@group-52BF6DEE87EE-LeaderElection52
2022-06-21 13:56:21,085 [661906f5-178f-45a1-86e2-0540bf739913@group-52BF6DEE87EE-LeaderElection52] INFO  impl.LeaderElection (LeaderElection.java:askForVotes(310)) - 661906f5-178f-45a1-86e2-0540bf739913@group-52BF6DEE87EE-LeaderElection52 ELECTION round 0: submit vote requests at term 2 for -1: [7ed761f3-2892-425f-b708-b7f52bea56b6|rpc:10.1.0.15:37391|priority:1, 0c36eeb7-8db8-48cb-9437-34913146bd8b|rpc:10.1.0.15:38615|priority:0, 661906f5-178f-45a1-86e2-0540bf739913|rpc:10.1.0.15:44467|priority:0], old=null
2022-06-21 13:56:21,092 [grpc-default-executor-1] INFO  server.RaftServer$Division (RaftServerImpl.java:requestVote(1152)) - 7ed761f3-2892-425f-b708-b7f52bea56b6@group-52BF6DEE87EE: receive requestVote(ELECTION, 661906f5-178f-45a1-86e2-0540bf739913, group-52BF6DEE87EE, 2, (t:0, i:0))
2022-06-21 13:56:21,092 [grpc-default-executor-1] INFO  impl.VoteContext (VoteContext.java:log(48)) - 7ed761f3-2892-425f-b708-b7f52bea56b6@group-52BF6DEE87EE-FOLLOWER: reject ELECTION from 661906f5-178f-45a1-86e2-0540bf739913: our priority 1 > candidate's priority 0
2022-06-21 13:56:21,092 [grpc-default-executor-1] INFO  server.RaftServer$Division (RaftServerImpl.java:setRole(299)) - 7ed761f3-2892-425f-b708-b7f52bea56b6@group-52BF6DEE87EE: changes role from  FOLLOWER to FOLLOWER at term 2 for candidate:661906f5-178f-45a1-86e2-0540bf739913
2022-06-21 13:56:21,092 [grpc-default-executor-1] INFO  impl.RoleInfo (RoleInfo.java:shutdownFollowerState(110)) - 7ed761f3-2892-425f-b708-b7f52bea56b6: shutdown 7ed761f3-2892-425f-b708-b7f52bea56b6@group-52BF6DEE87EE-FollowerState
2022-06-21 13:56:21,092 [grpc-default-executor-1] INFO  impl.RoleInfo (RoleInfo.java:updateAndGet(139)) - 7ed761f3-2892-425f-b708-b7f52bea56b6: start 7ed761f3-2892-425f-b708-b7f52bea56b6@group-52BF6DEE87EE-FollowerState
2022-06-21 13:56:21,092 [7ed761f3-2892-425f-b708-b7f52bea56b6@group-52BF6DEE87EE-FollowerState] INFO  impl.FollowerState (FollowerState.java:run(152)) - 7ed761f3-2892-425f-b708-b7f52bea56b6@group-52BF6DEE87EE-FollowerState was interrupted
2022-06-21 13:56:21,093 [grpc-default-executor-1] INFO  server.RaftServer$Division (RaftServerImpl.java:requestVote(1184)) - 7ed761f3-2892-425f-b708-b7f52bea56b6@group-52BF6DEE87EE replies to ELECTION vote request: 661906f5-178f-45a1-86e2-0540bf739913<-7ed761f3-2892-425f-b708-b7f52bea56b6#0:FAIL-t2. Peer's state: 7ed761f3-2892-425f-b708-b7f52bea56b6@group-52BF6DEE87EE:t2, leader=null, voted=null, raftlog=7ed761f3-2892-425f-b708-b7f52bea56b6@group-52BF6DEE87EE-SegmentedRaftLog:OPENED:c-1, conf=-1: [7ed761f3-2892-425f-b708-b7f52bea56b6|rpc:10.1.0.15:37391|priority:1, 0c36eeb7-8db8-48cb-9437-34913146bd8b|rpc:10.1.0.15:38615|priority:0, 661906f5-178f-45a1-86e2-0540bf739913|rpc:10.1.0.15:44467|priority:0], old=null
2022-06-21 13:56:21,098 [661906f5-178f-45a1-86e2-0540bf739913@group-52BF6DEE87EE-LeaderElection52] INFO  impl.LeaderElection (LeaderElection.java:logAndReturn(90)) - 661906f5-178f-45a1-86e2-0540bf739913@group-52BF6DEE87EE-LeaderElection52: ELECTION REJECTED received 1 response(s) and 0 exception(s):
2022-06-21 13:56:21,098 [661906f5-178f-45a1-86e2-0540bf739913@group-52BF6DEE87EE-LeaderElection52] INFO  impl.LeaderElection (LeaderElection.java:logAndReturn(94)) -   Response 0: 661906f5-178f-45a1-86e2-0540bf739913<-7ed761f3-2892-425f-b708-b7f52bea56b6#0:FAIL-t2
2022-06-21 13:56:21,099 [661906f5-178f-45a1-86e2-0540bf739913@group-52BF6DEE87EE-LeaderElection52] INFO  impl.LeaderElection (LeaderElection.java:askForVotes(312)) - 661906f5-178f-45a1-86e2-0540bf739913@group-52BF6DEE87EE-LeaderElection52 ELECTION round 0: result REJECTED
2022-06-21 13:56:21,099 [661906f5-178f-45a1-86e2-0540bf739913@group-52BF6DEE87EE-LeaderElection52] INFO  server.RaftServer$Division (RaftServerImpl.java:setRole(299)) - 661906f5-178f-45a1-86e2-0540bf739913@group-52BF6DEE87EE: changes role from CANDIDATE to FOLLOWER at term 2 for REJECTED
2022-06-21 13:56:21,099 [661906f5-178f-45a1-86e2-0540bf739913@group-52BF6DEE87EE-LeaderElection52] INFO  impl.RoleInfo (RoleInfo.java:shutdownLeaderElection(130)) - 661906f5-178f-45a1-86e2-0540bf739913: shutdown 661906f5-178f-45a1-86e2-0540bf739913@group-52BF6DEE87EE-LeaderElection52
2022-06-21 13:56:21,099 [661906f5-178f-45a1-86e2-0540bf739913@group-52BF6DEE87EE-LeaderElection52] INFO  impl.RoleInfo (RoleInfo.java:updateAndGet(139)) - 661906f5-178f-45a1-86e2-0540bf739913: start 661906f5-178f-45a1-86e2-0540bf739913@group-52BF6DEE87EE-FollowerState
2022-06-21 13:56:21,160 [grpc-default-executor-1] INFO  server.RaftServer$Division (RaftServerImpl.java:requestVote(1152)) - 0c36eeb7-8db8-48cb-9437-34913146bd8b@group-52BF6DEE87EE: receive requestVote(ELECTION, 661906f5-178f-45a1-86e2-0540bf739913, group-52BF6DEE87EE, 2, (t:0, i:0))
2022-06-21 13:56:21,160 [grpc-default-executor-1] INFO  impl.VoteContext (VoteContext.java:log(48)) - 0c36eeb7-8db8-48cb-9437-34913146bd8b@group-52BF6DEE87EE-FOLLOWER: accept ELECTION from 661906f5-178f-45a1-86e2-0540bf739913: our priority 0 <= candidate's priority 0
2022-06-21 13:56:21,160 [grpc-default-executor-1] INFO  server.RaftServer$Division (RaftServerImpl.java:setRole(299)) - 0c36eeb7-8db8-48cb-9437-34913146bd8b@group-52BF6DEE87EE: changes role from  FOLLOWER to FOLLOWER at term 2 for candidate:661906f5-178f-45a1-86e2-0540bf739913
2022-06-21 13:56:21,160 [grpc-default-executor-1] INFO  impl.RoleInfo (RoleInfo.java:shutdownFollowerState(110)) - 0c36eeb7-8db8-48cb-9437-34913146bd8b: shutdown 0c36eeb7-8db8-48cb-9437-34913146bd8b@group-52BF6DEE87EE-FollowerState
2022-06-21 13:56:21,160 [grpc-default-executor-1] INFO  impl.RoleInfo (RoleInfo.java:updateAndGet(139)) - 0c36eeb7-8db8-48cb-9437-34913146bd8b: start 0c36eeb7-8db8-48cb-9437-34913146bd8b@group-52BF6DEE87EE-FollowerState
2022-06-21 13:56:21,162 [0c36eeb7-8db8-48cb-9437-34913146bd8b@group-52BF6DEE87EE-FollowerState] INFO  impl.FollowerState (FollowerState.java:run(152)) - 0c36eeb7-8db8-48cb-9437-34913146bd8b@group-52BF6DEE87EE-FollowerState was interrupted
2022-06-21 13:56:21,190 [grpc-default-executor-1] INFO  server.RaftServer$Division (RaftServerImpl.java:requestVote(1184)) - 0c36eeb7-8db8-48cb-9437-34913146bd8b@group-52BF6DEE87EE replies to ELECTION vote request: 661906f5-178f-45a1-86e2-0540bf739913<-0c36eeb7-8db8-48cb-9437-34913146bd8b#0:OK-t2. Peer's state: 0c36eeb7-8db8-48cb-9437-34913146bd8b@group-52BF6DEE87EE:t2, leader=null, voted=661906f5-178f-45a1-86e2-0540bf739913, raftlog=0c36eeb7-8db8-48cb-9437-34913146bd8b@group-52BF6DEE87EE-SegmentedRaftLog:OPENED:c-1, conf=-1: [7ed761f3-2892-425f-b708-b7f52bea56b6|rpc:10.1.0.15:37391|dataStream:|priority:1, 0c36eeb7-8db8-48cb-9437-34913146bd8b|rpc:10.1.0.15:38615|dataStream:|priority:0, 661906f5-178f-45a1-86e2-0540bf739913|rpc:10.1.0.15:44467|dataStream:|priority:0], old=null
]]></system-out>
  </testcase>
  <testcase name="testRenameDestinationParentDoesntExist" classname="TestOzoneFileSystem" time="0.061">
    <system-out><![CDATA[13:52:51.664 [IPC Server handler 19 on default port 44727] ERROR OMAudit - user=runner | ip=127.0.0.1 | op=GET_FILE_STATUS {volume=volume19882, bucket=bucket92495, key=root_dir/b/c, dataSize=0, replicationConfig=null} | ret=FAILURE
org.apache.hadoop.ozone.om.exceptions.OMException: Unable to get file status: volume: volume19882 bucket: bucket92495 key: root_dir/b/c
	at org.apache.hadoop.ozone.om.KeyManagerImpl.getOzoneFileStatus(KeyManagerImpl.java:1311) ~[ozone-manager-1.3.0-SNAPSHOT.jar:?]
	at org.apache.hadoop.ozone.om.KeyManagerImpl.getFileStatus(KeyManagerImpl.java:1241) ~[ozone-manager-1.3.0-SNAPSHOT.jar:?]
	at org.apache.hadoop.ozone.om.OzoneManager.getFileStatus(OzoneManager.java:3419) ~[ozone-manager-1.3.0-SNAPSHOT.jar:?]
	at org.apache.hadoop.ozone.protocolPB.OzoneManagerRequestHandler.getOzoneFileStatus(OzoneManagerRequestHandler.java:871) ~[ozone-manager-1.3.0-SNAPSHOT.jar:?]
	at org.apache.hadoop.ozone.protocolPB.OzoneManagerRequestHandler.handleReadRequest(OzoneManagerRequestHandler.java:217) ~[ozone-manager-1.3.0-SNAPSHOT.jar:?]
	at org.apache.hadoop.ozone.protocolPB.OzoneManagerProtocolServerSideTranslatorPB.submitReadRequestToOM(OzoneManagerProtocolServerSideTranslatorPB.java:225) ~[ozone-manager-1.3.0-SNAPSHOT.jar:?]
	at org.apache.hadoop.ozone.protocolPB.OzoneManagerProtocolServerSideTranslatorPB.processRequest(OzoneManagerProtocolServerSideTranslatorPB.java:175) ~[ozone-manager-1.3.0-SNAPSHOT.jar:?]
	at org.apache.hadoop.hdds.server.OzoneProtocolMessageDispatcher.processRequest(OzoneProtocolMessageDispatcher.java:87) [hdds-server-framework-1.3.0-SNAPSHOT.jar:?]
	at org.apache.hadoop.ozone.protocolPB.OzoneManagerProtocolServerSideTranslatorPB.submitRequest(OzoneManagerProtocolServerSideTranslatorPB.java:147) [ozone-manager-1.3.0-SNAPSHOT.jar:?]
	at org.apache.hadoop.ozone.protocol.proto.OzoneManagerProtocolProtos$OzoneManagerService$2.callBlockingMethod(OzoneManagerProtocolProtos.java) [ozone-interface-client-1.3.0-SNAPSHOT.jar:?]
	at org.apache.hadoop.ipc.ProtobufRpcEngine$Server.processCall(ProtobufRpcEngine.java:466) [hadoop-common-3.3.1.jar:?]
	at org.apache.hadoop.ipc.ProtobufRpcEngine2$Server$ProtoBufRpcInvoker.call(ProtobufRpcEngine2.java:574) [hadoop-common-3.3.1.jar:?]
	at org.apache.hadoop.ipc.ProtobufRpcEngine2$Server$ProtoBufRpcInvoker.call(ProtobufRpcEngine2.java:552) [hadoop-common-3.3.1.jar:?]
	at org.apache.hadoop.ipc.RPC$Server.call(RPC.java:1093) [hadoop-common-3.3.1.jar:?]
	at org.apache.hadoop.ipc.Server$RpcCall.run(Server.java:1035) [hadoop-common-3.3.1.jar:?]
	at org.apache.hadoop.ipc.Server$RpcCall.run(Server.java:963) [hadoop-common-3.3.1.jar:?]
	at java.security.AccessController.doPrivileged(Native Method) ~[?:1.8.0_332]
	at javax.security.auth.Subject.doAs(Subject.java:422) [?:1.8.0_332]
	at org.apache.hadoop.security.UserGroupInformation.doAs(UserGroupInformation.java:1878) [hadoop-common-3.3.1.jar:?]
	at org.apache.hadoop.ipc.Server$Handler.run(Server.java:2966) [hadoop-common-3.3.1.jar:?]
13:52:51.669 [IPC Server handler 4 on default port 44727] ERROR OMAudit - user=runner | ip=127.0.0.1 | op=GET_FILE_STATUS {volume=volume19882, bucket=bucket92495, key=root_dir/b, dataSize=0, replicationConfig=null} | ret=FAILURE
org.apache.hadoop.ozone.om.exceptions.OMException: Unable to get file status: volume: volume19882 bucket: bucket92495 key: root_dir/b
	at org.apache.hadoop.ozone.om.KeyManagerImpl.getOzoneFileStatus(KeyManagerImpl.java:1311) ~[ozone-manager-1.3.0-SNAPSHOT.jar:?]
	at org.apache.hadoop.ozone.om.KeyManagerImpl.getFileStatus(KeyManagerImpl.java:1241) ~[ozone-manager-1.3.0-SNAPSHOT.jar:?]
	at org.apache.hadoop.ozone.om.OzoneManager.getFileStatus(OzoneManager.java:3419) ~[ozone-manager-1.3.0-SNAPSHOT.jar:?]
	at org.apache.hadoop.ozone.protocolPB.OzoneManagerRequestHandler.getOzoneFileStatus(OzoneManagerRequestHandler.java:871) ~[ozone-manager-1.3.0-SNAPSHOT.jar:?]
	at org.apache.hadoop.ozone.protocolPB.OzoneManagerRequestHandler.handleReadRequest(OzoneManagerRequestHandler.java:217) ~[ozone-manager-1.3.0-SNAPSHOT.jar:?]
	at org.apache.hadoop.ozone.protocolPB.OzoneManagerProtocolServerSideTranslatorPB.submitReadRequestToOM(OzoneManagerProtocolServerSideTranslatorPB.java:225) ~[ozone-manager-1.3.0-SNAPSHOT.jar:?]
	at org.apache.hadoop.ozone.protocolPB.OzoneManagerProtocolServerSideTranslatorPB.processRequest(OzoneManagerProtocolServerSideTranslatorPB.java:175) ~[ozone-manager-1.3.0-SNAPSHOT.jar:?]
	at org.apache.hadoop.hdds.server.OzoneProtocolMessageDispatcher.processRequest(OzoneProtocolMessageDispatcher.java:87) [hdds-server-framework-1.3.0-SNAPSHOT.jar:?]
	at org.apache.hadoop.ozone.protocolPB.OzoneManagerProtocolServerSideTranslatorPB.submitRequest(OzoneManagerProtocolServerSideTranslatorPB.java:147) [ozone-manager-1.3.0-SNAPSHOT.jar:?]
	at org.apache.hadoop.ozone.protocol.proto.OzoneManagerProtocolProtos$OzoneManagerService$2.callBlockingMethod(OzoneManagerProtocolProtos.java) [ozone-interface-client-1.3.0-SNAPSHOT.jar:?]
	at org.apache.hadoop.ipc.ProtobufRpcEngine$Server.processCall(ProtobufRpcEngine.java:466) [hadoop-common-3.3.1.jar:?]
	at org.apache.hadoop.ipc.ProtobufRpcEngine2$Server$ProtoBufRpcInvoker.call(ProtobufRpcEngine2.java:574) [hadoop-common-3.3.1.jar:?]
	at org.apache.hadoop.ipc.ProtobufRpcEngine2$Server$ProtoBufRpcInvoker.call(ProtobufRpcEngine2.java:552) [hadoop-common-3.3.1.jar:?]
	at org.apache.hadoop.ipc.RPC$Server.call(RPC.java:1093) [hadoop-common-3.3.1.jar:?]
	at org.apache.hadoop.ipc.Server$RpcCall.run(Server.java:1035) [hadoop-common-3.3.1.jar:?]
	at org.apache.hadoop.ipc.Server$RpcCall.run(Server.java:963) [hadoop-common-3.3.1.jar:?]
	at java.security.AccessController.doPrivileged(Native Method) ~[?:1.8.0_332]
	at javax.security.auth.Subject.doAs(Subject.java:422) [?:1.8.0_332]
	at org.apache.hadoop.security.UserGroupInformation.doAs(UserGroupInformation.java:1878) [hadoop-common-3.3.1.jar:?]
	at org.apache.hadoop.ipc.Server$Handler.run(Server.java:2966) [hadoop-common-3.3.1.jar:?]
13:52:51.694 [IPC Server handler 10 on default port 44727] ERROR OMAudit - user=runner | ip=127.0.0.1 | op=GET_FILE_STATUS {volume=volume19882, bucket=bucket92495, key=root_dir/file1/c, dataSize=0, replicationConfig=null} | ret=FAILURE
org.apache.hadoop.ozone.om.exceptions.OMException: Unable to get file status: volume: volume19882 bucket: bucket92495 key: root_dir/file1/c
	at org.apache.hadoop.ozone.om.KeyManagerImpl.getOzoneFileStatus(KeyManagerImpl.java:1311) ~[ozone-manager-1.3.0-SNAPSHOT.jar:?]
	at org.apache.hadoop.ozone.om.KeyManagerImpl.getFileStatus(KeyManagerImpl.java:1241) ~[ozone-manager-1.3.0-SNAPSHOT.jar:?]
	at org.apache.hadoop.ozone.om.OzoneManager.getFileStatus(OzoneManager.java:3419) ~[ozone-manager-1.3.0-SNAPSHOT.jar:?]
	at org.apache.hadoop.ozone.protocolPB.OzoneManagerRequestHandler.getOzoneFileStatus(OzoneManagerRequestHandler.java:871) ~[ozone-manager-1.3.0-SNAPSHOT.jar:?]
	at org.apache.hadoop.ozone.protocolPB.OzoneManagerRequestHandler.handleReadRequest(OzoneManagerRequestHandler.java:217) ~[ozone-manager-1.3.0-SNAPSHOT.jar:?]
	at org.apache.hadoop.ozone.protocolPB.OzoneManagerProtocolServerSideTranslatorPB.submitReadRequestToOM(OzoneManagerProtocolServerSideTranslatorPB.java:225) ~[ozone-manager-1.3.0-SNAPSHOT.jar:?]
	at org.apache.hadoop.ozone.protocolPB.OzoneManagerProtocolServerSideTranslatorPB.processRequest(OzoneManagerProtocolServerSideTranslatorPB.java:175) ~[ozone-manager-1.3.0-SNAPSHOT.jar:?]
	at org.apache.hadoop.hdds.server.OzoneProtocolMessageDispatcher.processRequest(OzoneProtocolMessageDispatcher.java:87) [hdds-server-framework-1.3.0-SNAPSHOT.jar:?]
	at org.apache.hadoop.ozone.protocolPB.OzoneManagerProtocolServerSideTranslatorPB.submitRequest(OzoneManagerProtocolServerSideTranslatorPB.java:147) [ozone-manager-1.3.0-SNAPSHOT.jar:?]
	at org.apache.hadoop.ozone.protocol.proto.OzoneManagerProtocolProtos$OzoneManagerService$2.callBlockingMethod(OzoneManagerProtocolProtos.java) [ozone-interface-client-1.3.0-SNAPSHOT.jar:?]
	at org.apache.hadoop.ipc.ProtobufRpcEngine$Server.processCall(ProtobufRpcEngine.java:466) [hadoop-common-3.3.1.jar:?]
	at org.apache.hadoop.ipc.ProtobufRpcEngine2$Server$ProtoBufRpcInvoker.call(ProtobufRpcEngine2.java:574) [hadoop-common-3.3.1.jar:?]
	at org.apache.hadoop.ipc.ProtobufRpcEngine2$Server$ProtoBufRpcInvoker.call(ProtobufRpcEngine2.java:552) [hadoop-common-3.3.1.jar:?]
	at org.apache.hadoop.ipc.RPC$Server.call(RPC.java:1093) [hadoop-common-3.3.1.jar:?]
	at org.apache.hadoop.ipc.Server$RpcCall.run(Server.java:1035) [hadoop-common-3.3.1.jar:?]
	at org.apache.hadoop.ipc.Server$RpcCall.run(Server.java:963) [hadoop-common-3.3.1.jar:?]
	at java.security.AccessController.doPrivileged(Native Method) ~[?:1.8.0_332]
	at javax.security.auth.Subject.doAs(Subject.java:422) [?:1.8.0_332]
	at org.apache.hadoop.security.UserGroupInformation.doAs(UserGroupInformation.java:1878) [hadoop-common-3.3.1.jar:?]
	at org.apache.hadoop.ipc.Server$Handler.run(Server.java:2966) [hadoop-common-3.3.1.jar:?]
]]></system-out>
  </testcase>
  <testcase name="testRenameDestinationParentDoesntExist" classname="TestOzoneFileSystem" time="0.061">
    <system-out><![CDATA[13:54:00.353 [IPC Server handler 17 on default port 34499] ERROR OMAudit - user=runner | ip=127.0.0.1 | op=GET_FILE_STATUS {volume=volume69434, bucket=bucket16378, key=root_dir/b/c, dataSize=0, replicationConfig=null} | ret=FAILURE
org.apache.hadoop.ozone.om.exceptions.OMException: Unable to get file status: volume: volume69434 bucket: bucket16378 key: root_dir/b/c
	at org.apache.hadoop.ozone.om.KeyManagerImpl.getOzoneFileStatus(KeyManagerImpl.java:1311) ~[ozone-manager-1.3.0-SNAPSHOT.jar:?]
	at org.apache.hadoop.ozone.om.KeyManagerImpl.getFileStatus(KeyManagerImpl.java:1241) ~[ozone-manager-1.3.0-SNAPSHOT.jar:?]
	at org.apache.hadoop.ozone.om.OzoneManager.getFileStatus(OzoneManager.java:3419) ~[ozone-manager-1.3.0-SNAPSHOT.jar:?]
	at org.apache.hadoop.ozone.protocolPB.OzoneManagerRequestHandler.getOzoneFileStatus(OzoneManagerRequestHandler.java:871) ~[ozone-manager-1.3.0-SNAPSHOT.jar:?]
	at org.apache.hadoop.ozone.protocolPB.OzoneManagerRequestHandler.handleReadRequest(OzoneManagerRequestHandler.java:217) ~[ozone-manager-1.3.0-SNAPSHOT.jar:?]
	at org.apache.hadoop.ozone.protocolPB.OzoneManagerProtocolServerSideTranslatorPB.submitRequestDirectlyToOM(OzoneManagerProtocolServerSideTranslatorPB.java:284) ~[ozone-manager-1.3.0-SNAPSHOT.jar:?]
	at org.apache.hadoop.ozone.protocolPB.OzoneManagerProtocolServerSideTranslatorPB.processRequest(OzoneManagerProtocolServerSideTranslatorPB.java:207) ~[ozone-manager-1.3.0-SNAPSHOT.jar:?]
	at org.apache.hadoop.hdds.server.OzoneProtocolMessageDispatcher.processRequest(OzoneProtocolMessageDispatcher.java:87) [hdds-server-framework-1.3.0-SNAPSHOT.jar:?]
	at org.apache.hadoop.ozone.protocolPB.OzoneManagerProtocolServerSideTranslatorPB.submitRequest(OzoneManagerProtocolServerSideTranslatorPB.java:147) [ozone-manager-1.3.0-SNAPSHOT.jar:?]
	at org.apache.hadoop.ozone.protocol.proto.OzoneManagerProtocolProtos$OzoneManagerService$2.callBlockingMethod(OzoneManagerProtocolProtos.java) [ozone-interface-client-1.3.0-SNAPSHOT.jar:?]
	at org.apache.hadoop.ipc.ProtobufRpcEngine$Server.processCall(ProtobufRpcEngine.java:466) [hadoop-common-3.3.1.jar:?]
	at org.apache.hadoop.ipc.ProtobufRpcEngine2$Server$ProtoBufRpcInvoker.call(ProtobufRpcEngine2.java:574) [hadoop-common-3.3.1.jar:?]
	at org.apache.hadoop.ipc.ProtobufRpcEngine2$Server$ProtoBufRpcInvoker.call(ProtobufRpcEngine2.java:552) [hadoop-common-3.3.1.jar:?]
	at org.apache.hadoop.ipc.RPC$Server.call(RPC.java:1093) [hadoop-common-3.3.1.jar:?]
	at org.apache.hadoop.ipc.Server$RpcCall.run(Server.java:1035) [hadoop-common-3.3.1.jar:?]
	at org.apache.hadoop.ipc.Server$RpcCall.run(Server.java:963) [hadoop-common-3.3.1.jar:?]
	at java.security.AccessController.doPrivileged(Native Method) ~[?:1.8.0_332]
	at javax.security.auth.Subject.doAs(Subject.java:422) [?:1.8.0_332]
	at org.apache.hadoop.security.UserGroupInformation.doAs(UserGroupInformation.java:1878) [hadoop-common-3.3.1.jar:?]
	at org.apache.hadoop.ipc.Server$Handler.run(Server.java:2966) [hadoop-common-3.3.1.jar:?]
13:54:00.354 [IPC Server handler 16 on default port 34499] ERROR OMAudit - user=runner | ip=127.0.0.1 | op=GET_FILE_STATUS {volume=volume69434, bucket=bucket16378, key=root_dir/b, dataSize=0, replicationConfig=null} | ret=FAILURE
org.apache.hadoop.ozone.om.exceptions.OMException: Unable to get file status: volume: volume69434 bucket: bucket16378 key: root_dir/b
	at org.apache.hadoop.ozone.om.KeyManagerImpl.getOzoneFileStatus(KeyManagerImpl.java:1311) ~[ozone-manager-1.3.0-SNAPSHOT.jar:?]
	at org.apache.hadoop.ozone.om.KeyManagerImpl.getFileStatus(KeyManagerImpl.java:1241) ~[ozone-manager-1.3.0-SNAPSHOT.jar:?]
	at org.apache.hadoop.ozone.om.OzoneManager.getFileStatus(OzoneManager.java:3419) ~[ozone-manager-1.3.0-SNAPSHOT.jar:?]
	at org.apache.hadoop.ozone.protocolPB.OzoneManagerRequestHandler.getOzoneFileStatus(OzoneManagerRequestHandler.java:871) ~[ozone-manager-1.3.0-SNAPSHOT.jar:?]
	at org.apache.hadoop.ozone.protocolPB.OzoneManagerRequestHandler.handleReadRequest(OzoneManagerRequestHandler.java:217) ~[ozone-manager-1.3.0-SNAPSHOT.jar:?]
	at org.apache.hadoop.ozone.protocolPB.OzoneManagerProtocolServerSideTranslatorPB.submitRequestDirectlyToOM(OzoneManagerProtocolServerSideTranslatorPB.java:284) ~[ozone-manager-1.3.0-SNAPSHOT.jar:?]
	at org.apache.hadoop.ozone.protocolPB.OzoneManagerProtocolServerSideTranslatorPB.processRequest(OzoneManagerProtocolServerSideTranslatorPB.java:207) ~[ozone-manager-1.3.0-SNAPSHOT.jar:?]
	at org.apache.hadoop.hdds.server.OzoneProtocolMessageDispatcher.processRequest(OzoneProtocolMessageDispatcher.java:87) [hdds-server-framework-1.3.0-SNAPSHOT.jar:?]
	at org.apache.hadoop.ozone.protocolPB.OzoneManagerProtocolServerSideTranslatorPB.submitRequest(OzoneManagerProtocolServerSideTranslatorPB.java:147) [ozone-manager-1.3.0-SNAPSHOT.jar:?]
	at org.apache.hadoop.ozone.protocol.proto.OzoneManagerProtocolProtos$OzoneManagerService$2.callBlockingMethod(OzoneManagerProtocolProtos.java) [ozone-interface-client-1.3.0-SNAPSHOT.jar:?]
	at org.apache.hadoop.ipc.ProtobufRpcEngine$Server.processCall(ProtobufRpcEngine.java:466) [hadoop-common-3.3.1.jar:?]
	at org.apache.hadoop.ipc.ProtobufRpcEngine2$Server$ProtoBufRpcInvoker.call(ProtobufRpcEngine2.java:574) [hadoop-common-3.3.1.jar:?]
	at org.apache.hadoop.ipc.ProtobufRpcEngine2$Server$ProtoBufRpcInvoker.call(ProtobufRpcEngine2.java:552) [hadoop-common-3.3.1.jar:?]
	at org.apache.hadoop.ipc.RPC$Server.call(RPC.java:1093) [hadoop-common-3.3.1.jar:?]
	at org.apache.hadoop.ipc.Server$RpcCall.run(Server.java:1035) [hadoop-common-3.3.1.jar:?]
	at org.apache.hadoop.ipc.Server$RpcCall.run(Server.java:963) [hadoop-common-3.3.1.jar:?]
	at java.security.AccessController.doPrivileged(Native Method) ~[?:1.8.0_332]
	at javax.security.auth.Subject.doAs(Subject.java:422) [?:1.8.0_332]
	at org.apache.hadoop.security.UserGroupInformation.doAs(UserGroupInformation.java:1878) [hadoop-common-3.3.1.jar:?]
	at org.apache.hadoop.ipc.Server$Handler.run(Server.java:2966) [hadoop-common-3.3.1.jar:?]
13:54:00.366 [IPC Server handler 12 on default port 34499] ERROR OMAudit - user=runner | ip=127.0.0.1 | op=GET_FILE_STATUS {volume=volume69434, bucket=bucket16378, key=root_dir/file1/c, dataSize=0, replicationConfig=null} | ret=FAILURE
org.apache.hadoop.ozone.om.exceptions.OMException: Unable to get file status: volume: volume69434 bucket: bucket16378 key: root_dir/file1/c
	at org.apache.hadoop.ozone.om.KeyManagerImpl.getOzoneFileStatus(KeyManagerImpl.java:1311) ~[ozone-manager-1.3.0-SNAPSHOT.jar:?]
	at org.apache.hadoop.ozone.om.KeyManagerImpl.getFileStatus(KeyManagerImpl.java:1241) ~[ozone-manager-1.3.0-SNAPSHOT.jar:?]
	at org.apache.hadoop.ozone.om.OzoneManager.getFileStatus(OzoneManager.java:3419) ~[ozone-manager-1.3.0-SNAPSHOT.jar:?]
	at org.apache.hadoop.ozone.protocolPB.OzoneManagerRequestHandler.getOzoneFileStatus(OzoneManagerRequestHandler.java:871) ~[ozone-manager-1.3.0-SNAPSHOT.jar:?]
	at org.apache.hadoop.ozone.protocolPB.OzoneManagerRequestHandler.handleReadRequest(OzoneManagerRequestHandler.java:217) ~[ozone-manager-1.3.0-SNAPSHOT.jar:?]
	at org.apache.hadoop.ozone.protocolPB.OzoneManagerProtocolServerSideTranslatorPB.submitRequestDirectlyToOM(OzoneManagerProtocolServerSideTranslatorPB.java:284) ~[ozone-manager-1.3.0-SNAPSHOT.jar:?]
	at org.apache.hadoop.ozone.protocolPB.OzoneManagerProtocolServerSideTranslatorPB.processRequest(OzoneManagerProtocolServerSideTranslatorPB.java:207) ~[ozone-manager-1.3.0-SNAPSHOT.jar:?]
	at org.apache.hadoop.hdds.server.OzoneProtocolMessageDispatcher.processRequest(OzoneProtocolMessageDispatcher.java:87) [hdds-server-framework-1.3.0-SNAPSHOT.jar:?]
	at org.apache.hadoop.ozone.protocolPB.OzoneManagerProtocolServerSideTranslatorPB.submitRequest(OzoneManagerProtocolServerSideTranslatorPB.java:147) [ozone-manager-1.3.0-SNAPSHOT.jar:?]
	at org.apache.hadoop.ozone.protocol.proto.OzoneManagerProtocolProtos$OzoneManagerService$2.callBlockingMethod(OzoneManagerProtocolProtos.java) [ozone-interface-client-1.3.0-SNAPSHOT.jar:?]
	at org.apache.hadoop.ipc.ProtobufRpcEngine$Server.processCall(ProtobufRpcEngine.java:466) [hadoop-common-3.3.1.jar:?]
	at org.apache.hadoop.ipc.ProtobufRpcEngine2$Server$ProtoBufRpcInvoker.call(ProtobufRpcEngine2.java:574) [hadoop-common-3.3.1.jar:?]
	at org.apache.hadoop.ipc.ProtobufRpcEngine2$Server$ProtoBufRpcInvoker.call(ProtobufRpcEngine2.java:552) [hadoop-common-3.3.1.jar:?]
	at org.apache.hadoop.ipc.RPC$Server.call(RPC.java:1093) [hadoop-common-3.3.1.jar:?]
	at org.apache.hadoop.ipc.Server$RpcCall.run(Server.java:1035) [hadoop-common-3.3.1.jar:?]
	at org.apache.hadoop.ipc.Server$RpcCall.run(Server.java:963) [hadoop-common-3.3.1.jar:?]
	at java.security.AccessController.doPrivileged(Native Method) ~[?:1.8.0_332]
	at javax.security.auth.Subject.doAs(Subject.java:422) [?:1.8.0_332]
	at org.apache.hadoop.security.UserGroupInformation.doAs(UserGroupInformation.java:1878) [hadoop-common-3.3.1.jar:?]
	at org.apache.hadoop.ipc.Server$Handler.run(Server.java:2966) [hadoop-common-3.3.1.jar:?]
]]></system-out>
  </testcase>
  <testcase name="testRenameDestinationParentDoesntExist" classname="TestOzoneFileSystem" time="0.052">
    <system-out><![CDATA[13:55:05.311 [IPC Server handler 13 on default port 42759] ERROR OMAudit - user=runner | ip=127.0.0.1 | op=GET_FILE_STATUS {volume=volume68340, bucket=bucket67715, key=root_dir/b/c, dataSize=0, replicationConfig=null} | ret=FAILURE
org.apache.hadoop.ozone.om.exceptions.OMException: Unable to get file status: volume: volume68340 bucket: bucket67715 key: root_dir/b/c
	at org.apache.hadoop.ozone.om.KeyManagerImpl.getOzoneFileStatus(KeyManagerImpl.java:1311) ~[ozone-manager-1.3.0-SNAPSHOT.jar:?]
	at org.apache.hadoop.ozone.om.KeyManagerImpl.getFileStatus(KeyManagerImpl.java:1241) ~[ozone-manager-1.3.0-SNAPSHOT.jar:?]
	at org.apache.hadoop.ozone.om.OzoneManager.getFileStatus(OzoneManager.java:3419) ~[ozone-manager-1.3.0-SNAPSHOT.jar:?]
	at org.apache.hadoop.ozone.protocolPB.OzoneManagerRequestHandler.getOzoneFileStatus(OzoneManagerRequestHandler.java:871) ~[ozone-manager-1.3.0-SNAPSHOT.jar:?]
	at org.apache.hadoop.ozone.protocolPB.OzoneManagerRequestHandler.handleReadRequest(OzoneManagerRequestHandler.java:217) ~[ozone-manager-1.3.0-SNAPSHOT.jar:?]
	at org.apache.hadoop.ozone.protocolPB.OzoneManagerProtocolServerSideTranslatorPB.submitReadRequestToOM(OzoneManagerProtocolServerSideTranslatorPB.java:225) ~[ozone-manager-1.3.0-SNAPSHOT.jar:?]
	at org.apache.hadoop.ozone.protocolPB.OzoneManagerProtocolServerSideTranslatorPB.processRequest(OzoneManagerProtocolServerSideTranslatorPB.java:175) ~[ozone-manager-1.3.0-SNAPSHOT.jar:?]
	at org.apache.hadoop.hdds.server.OzoneProtocolMessageDispatcher.processRequest(OzoneProtocolMessageDispatcher.java:87) [hdds-server-framework-1.3.0-SNAPSHOT.jar:?]
	at org.apache.hadoop.ozone.protocolPB.OzoneManagerProtocolServerSideTranslatorPB.submitRequest(OzoneManagerProtocolServerSideTranslatorPB.java:147) [ozone-manager-1.3.0-SNAPSHOT.jar:?]
	at org.apache.hadoop.ozone.protocol.proto.OzoneManagerProtocolProtos$OzoneManagerService$2.callBlockingMethod(OzoneManagerProtocolProtos.java) [ozone-interface-client-1.3.0-SNAPSHOT.jar:?]
	at org.apache.hadoop.ipc.ProtobufRpcEngine$Server.processCall(ProtobufRpcEngine.java:466) [hadoop-common-3.3.1.jar:?]
	at org.apache.hadoop.ipc.ProtobufRpcEngine2$Server$ProtoBufRpcInvoker.call(ProtobufRpcEngine2.java:574) [hadoop-common-3.3.1.jar:?]
	at org.apache.hadoop.ipc.ProtobufRpcEngine2$Server$ProtoBufRpcInvoker.call(ProtobufRpcEngine2.java:552) [hadoop-common-3.3.1.jar:?]
	at org.apache.hadoop.ipc.RPC$Server.call(RPC.java:1093) [hadoop-common-3.3.1.jar:?]
	at org.apache.hadoop.ipc.Server$RpcCall.run(Server.java:1035) [hadoop-common-3.3.1.jar:?]
	at org.apache.hadoop.ipc.Server$RpcCall.run(Server.java:963) [hadoop-common-3.3.1.jar:?]
	at java.security.AccessController.doPrivileged(Native Method) ~[?:1.8.0_332]
	at javax.security.auth.Subject.doAs(Subject.java:422) [?:1.8.0_332]
	at org.apache.hadoop.security.UserGroupInformation.doAs(UserGroupInformation.java:1878) [hadoop-common-3.3.1.jar:?]
	at org.apache.hadoop.ipc.Server$Handler.run(Server.java:2966) [hadoop-common-3.3.1.jar:?]
13:55:05.312 [IPC Server handler 4 on default port 42759] ERROR OMAudit - user=runner | ip=127.0.0.1 | op=GET_FILE_STATUS {volume=volume68340, bucket=bucket67715, key=root_dir/b, dataSize=0, replicationConfig=null} | ret=FAILURE
org.apache.hadoop.ozone.om.exceptions.OMException: Unable to get file status: volume: volume68340 bucket: bucket67715 key: root_dir/b
	at org.apache.hadoop.ozone.om.KeyManagerImpl.getOzoneFileStatus(KeyManagerImpl.java:1311) ~[ozone-manager-1.3.0-SNAPSHOT.jar:?]
	at org.apache.hadoop.ozone.om.KeyManagerImpl.getFileStatus(KeyManagerImpl.java:1241) ~[ozone-manager-1.3.0-SNAPSHOT.jar:?]
	at org.apache.hadoop.ozone.om.OzoneManager.getFileStatus(OzoneManager.java:3419) ~[ozone-manager-1.3.0-SNAPSHOT.jar:?]
	at org.apache.hadoop.ozone.protocolPB.OzoneManagerRequestHandler.getOzoneFileStatus(OzoneManagerRequestHandler.java:871) ~[ozone-manager-1.3.0-SNAPSHOT.jar:?]
	at org.apache.hadoop.ozone.protocolPB.OzoneManagerRequestHandler.handleReadRequest(OzoneManagerRequestHandler.java:217) ~[ozone-manager-1.3.0-SNAPSHOT.jar:?]
	at org.apache.hadoop.ozone.protocolPB.OzoneManagerProtocolServerSideTranslatorPB.submitReadRequestToOM(OzoneManagerProtocolServerSideTranslatorPB.java:225) ~[ozone-manager-1.3.0-SNAPSHOT.jar:?]
	at org.apache.hadoop.ozone.protocolPB.OzoneManagerProtocolServerSideTranslatorPB.processRequest(OzoneManagerProtocolServerSideTranslatorPB.java:175) ~[ozone-manager-1.3.0-SNAPSHOT.jar:?]
	at org.apache.hadoop.hdds.server.OzoneProtocolMessageDispatcher.processRequest(OzoneProtocolMessageDispatcher.java:87) [hdds-server-framework-1.3.0-SNAPSHOT.jar:?]
	at org.apache.hadoop.ozone.protocolPB.OzoneManagerProtocolServerSideTranslatorPB.submitRequest(OzoneManagerProtocolServerSideTranslatorPB.java:147) [ozone-manager-1.3.0-SNAPSHOT.jar:?]
	at org.apache.hadoop.ozone.protocol.proto.OzoneManagerProtocolProtos$OzoneManagerService$2.callBlockingMethod(OzoneManagerProtocolProtos.java) [ozone-interface-client-1.3.0-SNAPSHOT.jar:?]
	at org.apache.hadoop.ipc.ProtobufRpcEngine$Server.processCall(ProtobufRpcEngine.java:466) [hadoop-common-3.3.1.jar:?]
	at org.apache.hadoop.ipc.ProtobufRpcEngine2$Server$ProtoBufRpcInvoker.call(ProtobufRpcEngine2.java:574) [hadoop-common-3.3.1.jar:?]
	at org.apache.hadoop.ipc.ProtobufRpcEngine2$Server$ProtoBufRpcInvoker.call(ProtobufRpcEngine2.java:552) [hadoop-common-3.3.1.jar:?]
	at org.apache.hadoop.ipc.RPC$Server.call(RPC.java:1093) [hadoop-common-3.3.1.jar:?]
	at org.apache.hadoop.ipc.Server$RpcCall.run(Server.java:1035) [hadoop-common-3.3.1.jar:?]
	at org.apache.hadoop.ipc.Server$RpcCall.run(Server.java:963) [hadoop-common-3.3.1.jar:?]
	at java.security.AccessController.doPrivileged(Native Method) ~[?:1.8.0_332]
	at javax.security.auth.Subject.doAs(Subject.java:422) [?:1.8.0_332]
	at org.apache.hadoop.security.UserGroupInformation.doAs(UserGroupInformation.java:1878) [hadoop-common-3.3.1.jar:?]
	at org.apache.hadoop.ipc.Server$Handler.run(Server.java:2966) [hadoop-common-3.3.1.jar:?]
13:55:05.321 [IPC Server handler 7 on default port 42759] ERROR OMAudit - user=runner | ip=127.0.0.1 | op=GET_FILE_STATUS {volume=volume68340, bucket=bucket67715, key=root_dir/file1/c, dataSize=0, replicationConfig=null} | ret=FAILURE
org.apache.hadoop.ozone.om.exceptions.OMException: Unable to get file status: volume: volume68340 bucket: bucket67715 key: root_dir/file1/c
	at org.apache.hadoop.ozone.om.KeyManagerImpl.getOzoneFileStatus(KeyManagerImpl.java:1311) ~[ozone-manager-1.3.0-SNAPSHOT.jar:?]
	at org.apache.hadoop.ozone.om.KeyManagerImpl.getFileStatus(KeyManagerImpl.java:1241) ~[ozone-manager-1.3.0-SNAPSHOT.jar:?]
	at org.apache.hadoop.ozone.om.OzoneManager.getFileStatus(OzoneManager.java:3419) ~[ozone-manager-1.3.0-SNAPSHOT.jar:?]
	at org.apache.hadoop.ozone.protocolPB.OzoneManagerRequestHandler.getOzoneFileStatus(OzoneManagerRequestHandler.java:871) ~[ozone-manager-1.3.0-SNAPSHOT.jar:?]
	at org.apache.hadoop.ozone.protocolPB.OzoneManagerRequestHandler.handleReadRequest(OzoneManagerRequestHandler.java:217) ~[ozone-manager-1.3.0-SNAPSHOT.jar:?]
	at org.apache.hadoop.ozone.protocolPB.OzoneManagerProtocolServerSideTranslatorPB.submitReadRequestToOM(OzoneManagerProtocolServerSideTranslatorPB.java:225) ~[ozone-manager-1.3.0-SNAPSHOT.jar:?]
	at org.apache.hadoop.ozone.protocolPB.OzoneManagerProtocolServerSideTranslatorPB.processRequest(OzoneManagerProtocolServerSideTranslatorPB.java:175) ~[ozone-manager-1.3.0-SNAPSHOT.jar:?]
	at org.apache.hadoop.hdds.server.OzoneProtocolMessageDispatcher.processRequest(OzoneProtocolMessageDispatcher.java:87) [hdds-server-framework-1.3.0-SNAPSHOT.jar:?]
	at org.apache.hadoop.ozone.protocolPB.OzoneManagerProtocolServerSideTranslatorPB.submitRequest(OzoneManagerProtocolServerSideTranslatorPB.java:147) [ozone-manager-1.3.0-SNAPSHOT.jar:?]
	at org.apache.hadoop.ozone.protocol.proto.OzoneManagerProtocolProtos$OzoneManagerService$2.callBlockingMethod(OzoneManagerProtocolProtos.java) [ozone-interface-client-1.3.0-SNAPSHOT.jar:?]
	at org.apache.hadoop.ipc.ProtobufRpcEngine$Server.processCall(ProtobufRpcEngine.java:466) [hadoop-common-3.3.1.jar:?]
	at org.apache.hadoop.ipc.ProtobufRpcEngine2$Server$ProtoBufRpcInvoker.call(ProtobufRpcEngine2.java:574) [hadoop-common-3.3.1.jar:?]
	at org.apache.hadoop.ipc.ProtobufRpcEngine2$Server$ProtoBufRpcInvoker.call(ProtobufRpcEngine2.java:552) [hadoop-common-3.3.1.jar:?]
	at org.apache.hadoop.ipc.RPC$Server.call(RPC.java:1093) [hadoop-common-3.3.1.jar:?]
	at org.apache.hadoop.ipc.Server$RpcCall.run(Server.java:1035) [hadoop-common-3.3.1.jar:?]
	at org.apache.hadoop.ipc.Server$RpcCall.run(Server.java:963) [hadoop-common-3.3.1.jar:?]
	at java.security.AccessController.doPrivileged(Native Method) ~[?:1.8.0_332]
	at javax.security.auth.Subject.doAs(Subject.java:422) [?:1.8.0_332]
	at org.apache.hadoop.security.UserGroupInformation.doAs(UserGroupInformation.java:1878) [hadoop-common-3.3.1.jar:?]
	at org.apache.hadoop.ipc.Server$Handler.run(Server.java:2966) [hadoop-common-3.3.1.jar:?]
]]></system-out>
  </testcase>
  <testcase name="testRenameDestinationParentDoesntExist" classname="TestOzoneFileSystem" time="0.061">
    <system-out><![CDATA[13:56:22.712 [IPC Server handler 17 on default port 33745] ERROR OMAudit - user=runner | ip=127.0.0.1 | op=GET_FILE_STATUS {volume=volume37829, bucket=bucket78784, key=root_dir/b/c, dataSize=0, replicationConfig=null} | ret=FAILURE
org.apache.hadoop.ozone.om.exceptions.OMException: Unable to get file status: volume: volume37829 bucket: bucket78784 key: root_dir/b/c
	at org.apache.hadoop.ozone.om.KeyManagerImpl.getOzoneFileStatus(KeyManagerImpl.java:1311) ~[ozone-manager-1.3.0-SNAPSHOT.jar:?]
	at org.apache.hadoop.ozone.om.KeyManagerImpl.getFileStatus(KeyManagerImpl.java:1241) ~[ozone-manager-1.3.0-SNAPSHOT.jar:?]
	at org.apache.hadoop.ozone.om.OzoneManager.getFileStatus(OzoneManager.java:3419) ~[ozone-manager-1.3.0-SNAPSHOT.jar:?]
	at org.apache.hadoop.ozone.protocolPB.OzoneManagerRequestHandler.getOzoneFileStatus(OzoneManagerRequestHandler.java:871) ~[ozone-manager-1.3.0-SNAPSHOT.jar:?]
	at org.apache.hadoop.ozone.protocolPB.OzoneManagerRequestHandler.handleReadRequest(OzoneManagerRequestHandler.java:217) ~[ozone-manager-1.3.0-SNAPSHOT.jar:?]
	at org.apache.hadoop.ozone.protocolPB.OzoneManagerProtocolServerSideTranslatorPB.submitRequestDirectlyToOM(OzoneManagerProtocolServerSideTranslatorPB.java:284) ~[ozone-manager-1.3.0-SNAPSHOT.jar:?]
	at org.apache.hadoop.ozone.protocolPB.OzoneManagerProtocolServerSideTranslatorPB.processRequest(OzoneManagerProtocolServerSideTranslatorPB.java:207) ~[ozone-manager-1.3.0-SNAPSHOT.jar:?]
	at org.apache.hadoop.hdds.server.OzoneProtocolMessageDispatcher.processRequest(OzoneProtocolMessageDispatcher.java:87) [hdds-server-framework-1.3.0-SNAPSHOT.jar:?]
	at org.apache.hadoop.ozone.protocolPB.OzoneManagerProtocolServerSideTranslatorPB.submitRequest(OzoneManagerProtocolServerSideTranslatorPB.java:147) [ozone-manager-1.3.0-SNAPSHOT.jar:?]
	at org.apache.hadoop.ozone.protocol.proto.OzoneManagerProtocolProtos$OzoneManagerService$2.callBlockingMethod(OzoneManagerProtocolProtos.java) [ozone-interface-client-1.3.0-SNAPSHOT.jar:?]
	at org.apache.hadoop.ipc.ProtobufRpcEngine$Server.processCall(ProtobufRpcEngine.java:466) [hadoop-common-3.3.1.jar:?]
	at org.apache.hadoop.ipc.ProtobufRpcEngine2$Server$ProtoBufRpcInvoker.call(ProtobufRpcEngine2.java:574) [hadoop-common-3.3.1.jar:?]
	at org.apache.hadoop.ipc.ProtobufRpcEngine2$Server$ProtoBufRpcInvoker.call(ProtobufRpcEngine2.java:552) [hadoop-common-3.3.1.jar:?]
	at org.apache.hadoop.ipc.RPC$Server.call(RPC.java:1093) [hadoop-common-3.3.1.jar:?]
	at org.apache.hadoop.ipc.Server$RpcCall.run(Server.java:1035) [hadoop-common-3.3.1.jar:?]
	at org.apache.hadoop.ipc.Server$RpcCall.run(Server.java:963) [hadoop-common-3.3.1.jar:?]
	at java.security.AccessController.doPrivileged(Native Method) ~[?:1.8.0_332]
	at javax.security.auth.Subject.doAs(Subject.java:422) [?:1.8.0_332]
	at org.apache.hadoop.security.UserGroupInformation.doAs(UserGroupInformation.java:1878) [hadoop-common-3.3.1.jar:?]
	at org.apache.hadoop.ipc.Server$Handler.run(Server.java:2966) [hadoop-common-3.3.1.jar:?]
13:56:22.713 [IPC Server handler 14 on default port 33745] ERROR OMAudit - user=runner | ip=127.0.0.1 | op=GET_FILE_STATUS {volume=volume37829, bucket=bucket78784, key=root_dir/b, dataSize=0, replicationConfig=null} | ret=FAILURE
org.apache.hadoop.ozone.om.exceptions.OMException: Unable to get file status: volume: volume37829 bucket: bucket78784 key: root_dir/b
	at org.apache.hadoop.ozone.om.KeyManagerImpl.getOzoneFileStatus(KeyManagerImpl.java:1311) ~[ozone-manager-1.3.0-SNAPSHOT.jar:?]
	at org.apache.hadoop.ozone.om.KeyManagerImpl.getFileStatus(KeyManagerImpl.java:1241) ~[ozone-manager-1.3.0-SNAPSHOT.jar:?]
	at org.apache.hadoop.ozone.om.OzoneManager.getFileStatus(OzoneManager.java:3419) ~[ozone-manager-1.3.0-SNAPSHOT.jar:?]
	at org.apache.hadoop.ozone.protocolPB.OzoneManagerRequestHandler.getOzoneFileStatus(OzoneManagerRequestHandler.java:871) ~[ozone-manager-1.3.0-SNAPSHOT.jar:?]
	at org.apache.hadoop.ozone.protocolPB.OzoneManagerRequestHandler.handleReadRequest(OzoneManagerRequestHandler.java:217) ~[ozone-manager-1.3.0-SNAPSHOT.jar:?]
	at org.apache.hadoop.ozone.protocolPB.OzoneManagerProtocolServerSideTranslatorPB.submitRequestDirectlyToOM(OzoneManagerProtocolServerSideTranslatorPB.java:284) ~[ozone-manager-1.3.0-SNAPSHOT.jar:?]
	at org.apache.hadoop.ozone.protocolPB.OzoneManagerProtocolServerSideTranslatorPB.processRequest(OzoneManagerProtocolServerSideTranslatorPB.java:207) ~[ozone-manager-1.3.0-SNAPSHOT.jar:?]
	at org.apache.hadoop.hdds.server.OzoneProtocolMessageDispatcher.processRequest(OzoneProtocolMessageDispatcher.java:87) [hdds-server-framework-1.3.0-SNAPSHOT.jar:?]
	at org.apache.hadoop.ozone.protocolPB.OzoneManagerProtocolServerSideTranslatorPB.submitRequest(OzoneManagerProtocolServerSideTranslatorPB.java:147) [ozone-manager-1.3.0-SNAPSHOT.jar:?]
	at org.apache.hadoop.ozone.protocol.proto.OzoneManagerProtocolProtos$OzoneManagerService$2.callBlockingMethod(OzoneManagerProtocolProtos.java) [ozone-interface-client-1.3.0-SNAPSHOT.jar:?]
	at org.apache.hadoop.ipc.ProtobufRpcEngine$Server.processCall(ProtobufRpcEngine.java:466) [hadoop-common-3.3.1.jar:?]
	at org.apache.hadoop.ipc.ProtobufRpcEngine2$Server$ProtoBufRpcInvoker.call(ProtobufRpcEngine2.java:574) [hadoop-common-3.3.1.jar:?]
	at org.apache.hadoop.ipc.ProtobufRpcEngine2$Server$ProtoBufRpcInvoker.call(ProtobufRpcEngine2.java:552) [hadoop-common-3.3.1.jar:?]
	at org.apache.hadoop.ipc.RPC$Server.call(RPC.java:1093) [hadoop-common-3.3.1.jar:?]
	at org.apache.hadoop.ipc.Server$RpcCall.run(Server.java:1035) [hadoop-common-3.3.1.jar:?]
	at org.apache.hadoop.ipc.Server$RpcCall.run(Server.java:963) [hadoop-common-3.3.1.jar:?]
	at java.security.AccessController.doPrivileged(Native Method) ~[?:1.8.0_332]
	at javax.security.auth.Subject.doAs(Subject.java:422) [?:1.8.0_332]
	at org.apache.hadoop.security.UserGroupInformation.doAs(UserGroupInformation.java:1878) [hadoop-common-3.3.1.jar:?]
	at org.apache.hadoop.ipc.Server$Handler.run(Server.java:2966) [hadoop-common-3.3.1.jar:?]
13:56:22.721 [IPC Server handler 2 on default port 33745] ERROR OMAudit - user=runner | ip=127.0.0.1 | op=GET_FILE_STATUS {volume=volume37829, bucket=bucket78784, key=root_dir/file1/c, dataSize=0, replicationConfig=null} | ret=FAILURE
org.apache.hadoop.ozone.om.exceptions.OMException: Unable to get file status: volume: volume37829 bucket: bucket78784 key: root_dir/file1/c
	at org.apache.hadoop.ozone.om.KeyManagerImpl.getOzoneFileStatus(KeyManagerImpl.java:1311) ~[ozone-manager-1.3.0-SNAPSHOT.jar:?]
	at org.apache.hadoop.ozone.om.KeyManagerImpl.getFileStatus(KeyManagerImpl.java:1241) ~[ozone-manager-1.3.0-SNAPSHOT.jar:?]
	at org.apache.hadoop.ozone.om.OzoneManager.getFileStatus(OzoneManager.java:3419) ~[ozone-manager-1.3.0-SNAPSHOT.jar:?]
	at org.apache.hadoop.ozone.protocolPB.OzoneManagerRequestHandler.getOzoneFileStatus(OzoneManagerRequestHandler.java:871) ~[ozone-manager-1.3.0-SNAPSHOT.jar:?]
	at org.apache.hadoop.ozone.protocolPB.OzoneManagerRequestHandler.handleReadRequest(OzoneManagerRequestHandler.java:217) ~[ozone-manager-1.3.0-SNAPSHOT.jar:?]
	at org.apache.hadoop.ozone.protocolPB.OzoneManagerProtocolServerSideTranslatorPB.submitRequestDirectlyToOM(OzoneManagerProtocolServerSideTranslatorPB.java:284) ~[ozone-manager-1.3.0-SNAPSHOT.jar:?]
	at org.apache.hadoop.ozone.protocolPB.OzoneManagerProtocolServerSideTranslatorPB.processRequest(OzoneManagerProtocolServerSideTranslatorPB.java:207) ~[ozone-manager-1.3.0-SNAPSHOT.jar:?]
	at org.apache.hadoop.hdds.server.OzoneProtocolMessageDispatcher.processRequest(OzoneProtocolMessageDispatcher.java:87) [hdds-server-framework-1.3.0-SNAPSHOT.jar:?]
	at org.apache.hadoop.ozone.protocolPB.OzoneManagerProtocolServerSideTranslatorPB.submitRequest(OzoneManagerProtocolServerSideTranslatorPB.java:147) [ozone-manager-1.3.0-SNAPSHOT.jar:?]
	at org.apache.hadoop.ozone.protocol.proto.OzoneManagerProtocolProtos$OzoneManagerService$2.callBlockingMethod(OzoneManagerProtocolProtos.java) [ozone-interface-client-1.3.0-SNAPSHOT.jar:?]
	at org.apache.hadoop.ipc.ProtobufRpcEngine$Server.processCall(ProtobufRpcEngine.java:466) [hadoop-common-3.3.1.jar:?]
	at org.apache.hadoop.ipc.ProtobufRpcEngine2$Server$ProtoBufRpcInvoker.call(ProtobufRpcEngine2.java:574) [hadoop-common-3.3.1.jar:?]
	at org.apache.hadoop.ipc.ProtobufRpcEngine2$Server$ProtoBufRpcInvoker.call(ProtobufRpcEngine2.java:552) [hadoop-common-3.3.1.jar:?]
	at org.apache.hadoop.ipc.RPC$Server.call(RPC.java:1093) [hadoop-common-3.3.1.jar:?]
	at org.apache.hadoop.ipc.Server$RpcCall.run(Server.java:1035) [hadoop-common-3.3.1.jar:?]
	at org.apache.hadoop.ipc.Server$RpcCall.run(Server.java:963) [hadoop-common-3.3.1.jar:?]
	at java.security.AccessController.doPrivileged(Native Method) ~[?:1.8.0_332]
	at javax.security.auth.Subject.doAs(Subject.java:422) [?:1.8.0_332]
	at org.apache.hadoop.security.UserGroupInformation.doAs(UserGroupInformation.java:1878) [hadoop-common-3.3.1.jar:?]
	at org.apache.hadoop.ipc.Server$Handler.run(Server.java:2966) [hadoop-common-3.3.1.jar:?]
]]></system-out>
  </testcase>
  <testcase name="testCreateWithInvalidPaths" classname="TestOzoneFileSystem" time="0.009"/>
  <testcase name="testCreateWithInvalidPaths" classname="TestOzoneFileSystem" time="0.011"/>
  <testcase name="testCreateWithInvalidPaths" classname="TestOzoneFileSystem" time="0.012"/>
  <testcase name="testCreateWithInvalidPaths" classname="TestOzoneFileSystem" time="0.02"/>
  <testcase name="testListStatusOnRoot" classname="TestOzoneFileSystem" time="0.035"/>
  <testcase name="testListStatusOnRoot" classname="TestOzoneFileSystem" time="0.028"/>
  <testcase name="testListStatusOnRoot" classname="TestOzoneFileSystem" time="0.031"/>
  <testcase name="testListStatusOnRoot" classname="TestOzoneFileSystem" time="0.068"/>
  <testcase name="testRenameWithNonExistentSource" classname="TestOzoneFileSystem" time="0.026">
    <system-out><![CDATA[2022-06-21 13:52:51,767 [Time-limited test] INFO  ozone.TestOzoneFileSystem (TestOzoneFileSystem.java:testRenameWithNonExistentSource(852)) - Created destin dir: o3fs://bucket92495.volume19882/root/dir2
2022-06-21 13:52:51,767 [Time-limited test] INFO  ozone.TestOzoneFileSystem (TestOzoneFileSystem.java:testRenameWithNonExistentSource(854)) - Rename op-> source:o3fs://bucket92495.volume19882/root/dir1 to destin:o3fs://bucket92495.volume19882/root/dir2}
13:52:51.768 [IPC Server handler 5 on default port 44727] ERROR OMAudit - user=runner | ip=127.0.0.1 | op=GET_FILE_STATUS {volume=volume19882, bucket=bucket92495, key=root/dir1, dataSize=0, replicationConfig=null} | ret=FAILURE
org.apache.hadoop.ozone.om.exceptions.OMException: Unable to get file status: volume: volume19882 bucket: bucket92495 key: root/dir1
	at org.apache.hadoop.ozone.om.KeyManagerImpl.getOzoneFileStatus(KeyManagerImpl.java:1311) ~[ozone-manager-1.3.0-SNAPSHOT.jar:?]
	at org.apache.hadoop.ozone.om.KeyManagerImpl.getFileStatus(KeyManagerImpl.java:1241) ~[ozone-manager-1.3.0-SNAPSHOT.jar:?]
	at org.apache.hadoop.ozone.om.OzoneManager.getFileStatus(OzoneManager.java:3419) ~[ozone-manager-1.3.0-SNAPSHOT.jar:?]
	at org.apache.hadoop.ozone.protocolPB.OzoneManagerRequestHandler.getOzoneFileStatus(OzoneManagerRequestHandler.java:871) ~[ozone-manager-1.3.0-SNAPSHOT.jar:?]
	at org.apache.hadoop.ozone.protocolPB.OzoneManagerRequestHandler.handleReadRequest(OzoneManagerRequestHandler.java:217) ~[ozone-manager-1.3.0-SNAPSHOT.jar:?]
	at org.apache.hadoop.ozone.protocolPB.OzoneManagerProtocolServerSideTranslatorPB.submitReadRequestToOM(OzoneManagerProtocolServerSideTranslatorPB.java:225) ~[ozone-manager-1.3.0-SNAPSHOT.jar:?]
	at org.apache.hadoop.ozone.protocolPB.OzoneManagerProtocolServerSideTranslatorPB.processRequest(OzoneManagerProtocolServerSideTranslatorPB.java:175) ~[ozone-manager-1.3.0-SNAPSHOT.jar:?]
	at org.apache.hadoop.hdds.server.OzoneProtocolMessageDispatcher.processRequest(OzoneProtocolMessageDispatcher.java:87) [hdds-server-framework-1.3.0-SNAPSHOT.jar:?]
	at org.apache.hadoop.ozone.protocolPB.OzoneManagerProtocolServerSideTranslatorPB.submitRequest(OzoneManagerProtocolServerSideTranslatorPB.java:147) [ozone-manager-1.3.0-SNAPSHOT.jar:?]
	at org.apache.hadoop.ozone.protocol.proto.OzoneManagerProtocolProtos$OzoneManagerService$2.callBlockingMethod(OzoneManagerProtocolProtos.java) [ozone-interface-client-1.3.0-SNAPSHOT.jar:?]
	at org.apache.hadoop.ipc.ProtobufRpcEngine$Server.processCall(ProtobufRpcEngine.java:466) [hadoop-common-3.3.1.jar:?]
	at org.apache.hadoop.ipc.ProtobufRpcEngine2$Server$ProtoBufRpcInvoker.call(ProtobufRpcEngine2.java:574) [hadoop-common-3.3.1.jar:?]
	at org.apache.hadoop.ipc.ProtobufRpcEngine2$Server$ProtoBufRpcInvoker.call(ProtobufRpcEngine2.java:552) [hadoop-common-3.3.1.jar:?]
	at org.apache.hadoop.ipc.RPC$Server.call(RPC.java:1093) [hadoop-common-3.3.1.jar:?]
	at org.apache.hadoop.ipc.Server$RpcCall.run(Server.java:1035) [hadoop-common-3.3.1.jar:?]
	at org.apache.hadoop.ipc.Server$RpcCall.run(Server.java:963) [hadoop-common-3.3.1.jar:?]
	at java.security.AccessController.doPrivileged(Native Method) ~[?:1.8.0_332]
	at javax.security.auth.Subject.doAs(Subject.java:422) [?:1.8.0_332]
	at org.apache.hadoop.security.UserGroupInformation.doAs(UserGroupInformation.java:1878) [hadoop-common-3.3.1.jar:?]
	at org.apache.hadoop.ipc.Server$Handler.run(Server.java:2966) [hadoop-common-3.3.1.jar:?]
]]></system-out>
  </testcase>
  <testcase name="testRenameWithNonExistentSource" classname="TestOzoneFileSystem" time="0.023">
    <system-out><![CDATA[2022-06-21 13:54:00,440 [Time-limited test] INFO  ozone.TestOzoneFileSystem (TestOzoneFileSystem.java:testRenameWithNonExistentSource(852)) - Created destin dir: o3fs://bucket16378.volume69434/root/dir2
2022-06-21 13:54:00,440 [Time-limited test] INFO  ozone.TestOzoneFileSystem (TestOzoneFileSystem.java:testRenameWithNonExistentSource(854)) - Rename op-> source:o3fs://bucket16378.volume69434/root/dir1 to destin:o3fs://bucket16378.volume69434/root/dir2}
13:54:00.443 [IPC Server handler 2 on default port 34499] ERROR OMAudit - user=runner | ip=127.0.0.1 | op=GET_FILE_STATUS {volume=volume69434, bucket=bucket16378, key=root/dir1, dataSize=0, replicationConfig=null} | ret=FAILURE
org.apache.hadoop.ozone.om.exceptions.OMException: Unable to get file status: volume: volume69434 bucket: bucket16378 key: root/dir1
	at org.apache.hadoop.ozone.om.KeyManagerImpl.getOzoneFileStatus(KeyManagerImpl.java:1311) ~[ozone-manager-1.3.0-SNAPSHOT.jar:?]
	at org.apache.hadoop.ozone.om.KeyManagerImpl.getFileStatus(KeyManagerImpl.java:1241) ~[ozone-manager-1.3.0-SNAPSHOT.jar:?]
	at org.apache.hadoop.ozone.om.OzoneManager.getFileStatus(OzoneManager.java:3419) ~[ozone-manager-1.3.0-SNAPSHOT.jar:?]
	at org.apache.hadoop.ozone.protocolPB.OzoneManagerRequestHandler.getOzoneFileStatus(OzoneManagerRequestHandler.java:871) ~[ozone-manager-1.3.0-SNAPSHOT.jar:?]
	at org.apache.hadoop.ozone.protocolPB.OzoneManagerRequestHandler.handleReadRequest(OzoneManagerRequestHandler.java:217) ~[ozone-manager-1.3.0-SNAPSHOT.jar:?]
	at org.apache.hadoop.ozone.protocolPB.OzoneManagerProtocolServerSideTranslatorPB.submitRequestDirectlyToOM(OzoneManagerProtocolServerSideTranslatorPB.java:284) ~[ozone-manager-1.3.0-SNAPSHOT.jar:?]
	at org.apache.hadoop.ozone.protocolPB.OzoneManagerProtocolServerSideTranslatorPB.processRequest(OzoneManagerProtocolServerSideTranslatorPB.java:207) ~[ozone-manager-1.3.0-SNAPSHOT.jar:?]
	at org.apache.hadoop.hdds.server.OzoneProtocolMessageDispatcher.processRequest(OzoneProtocolMessageDispatcher.java:87) [hdds-server-framework-1.3.0-SNAPSHOT.jar:?]
	at org.apache.hadoop.ozone.protocolPB.OzoneManagerProtocolServerSideTranslatorPB.submitRequest(OzoneManagerProtocolServerSideTranslatorPB.java:147) [ozone-manager-1.3.0-SNAPSHOT.jar:?]
	at org.apache.hadoop.ozone.protocol.proto.OzoneManagerProtocolProtos$OzoneManagerService$2.callBlockingMethod(OzoneManagerProtocolProtos.java) [ozone-interface-client-1.3.0-SNAPSHOT.jar:?]
	at org.apache.hadoop.ipc.ProtobufRpcEngine$Server.processCall(ProtobufRpcEngine.java:466) [hadoop-common-3.3.1.jar:?]
	at org.apache.hadoop.ipc.ProtobufRpcEngine2$Server$ProtoBufRpcInvoker.call(ProtobufRpcEngine2.java:574) [hadoop-common-3.3.1.jar:?]
	at org.apache.hadoop.ipc.ProtobufRpcEngine2$Server$ProtoBufRpcInvoker.call(ProtobufRpcEngine2.java:552) [hadoop-common-3.3.1.jar:?]
	at org.apache.hadoop.ipc.RPC$Server.call(RPC.java:1093) [hadoop-common-3.3.1.jar:?]
	at org.apache.hadoop.ipc.Server$RpcCall.run(Server.java:1035) [hadoop-common-3.3.1.jar:?]
	at org.apache.hadoop.ipc.Server$RpcCall.run(Server.java:963) [hadoop-common-3.3.1.jar:?]
	at java.security.AccessController.doPrivileged(Native Method) ~[?:1.8.0_332]
	at javax.security.auth.Subject.doAs(Subject.java:422) [?:1.8.0_332]
	at org.apache.hadoop.security.UserGroupInformation.doAs(UserGroupInformation.java:1878) [hadoop-common-3.3.1.jar:?]
	at org.apache.hadoop.ipc.Server$Handler.run(Server.java:2966) [hadoop-common-3.3.1.jar:?]
]]></system-out>
  </testcase>
  <testcase name="testRenameWithNonExistentSource" classname="TestOzoneFileSystem" time="0.028">
    <system-out><![CDATA[2022-06-21 13:55:05,387 [Time-limited test] INFO  ozone.TestOzoneFileSystem (TestOzoneFileSystem.java:testRenameWithNonExistentSource(852)) - Created destin dir: o3fs://bucket67715.volume68340/root/dir2
2022-06-21 13:55:05,387 [Time-limited test] INFO  ozone.TestOzoneFileSystem (TestOzoneFileSystem.java:testRenameWithNonExistentSource(854)) - Rename op-> source:o3fs://bucket67715.volume68340/root/dir1 to destin:o3fs://bucket67715.volume68340/root/dir2}
13:55:05.391 [IPC Server handler 10 on default port 42759] ERROR OMAudit - user=runner | ip=127.0.0.1 | op=GET_FILE_STATUS {volume=volume68340, bucket=bucket67715, key=root/dir1, dataSize=0, replicationConfig=null} | ret=FAILURE
org.apache.hadoop.ozone.om.exceptions.OMException: Unable to get file status: volume: volume68340 bucket: bucket67715 key: root/dir1
	at org.apache.hadoop.ozone.om.KeyManagerImpl.getOzoneFileStatus(KeyManagerImpl.java:1311) ~[ozone-manager-1.3.0-SNAPSHOT.jar:?]
	at org.apache.hadoop.ozone.om.KeyManagerImpl.getFileStatus(KeyManagerImpl.java:1241) ~[ozone-manager-1.3.0-SNAPSHOT.jar:?]
	at org.apache.hadoop.ozone.om.OzoneManager.getFileStatus(OzoneManager.java:3419) ~[ozone-manager-1.3.0-SNAPSHOT.jar:?]
	at org.apache.hadoop.ozone.protocolPB.OzoneManagerRequestHandler.getOzoneFileStatus(OzoneManagerRequestHandler.java:871) ~[ozone-manager-1.3.0-SNAPSHOT.jar:?]
	at org.apache.hadoop.ozone.protocolPB.OzoneManagerRequestHandler.handleReadRequest(OzoneManagerRequestHandler.java:217) ~[ozone-manager-1.3.0-SNAPSHOT.jar:?]
	at org.apache.hadoop.ozone.protocolPB.OzoneManagerProtocolServerSideTranslatorPB.submitReadRequestToOM(OzoneManagerProtocolServerSideTranslatorPB.java:225) ~[ozone-manager-1.3.0-SNAPSHOT.jar:?]
	at org.apache.hadoop.ozone.protocolPB.OzoneManagerProtocolServerSideTranslatorPB.processRequest(OzoneManagerProtocolServerSideTranslatorPB.java:175) ~[ozone-manager-1.3.0-SNAPSHOT.jar:?]
	at org.apache.hadoop.hdds.server.OzoneProtocolMessageDispatcher.processRequest(OzoneProtocolMessageDispatcher.java:87) [hdds-server-framework-1.3.0-SNAPSHOT.jar:?]
	at org.apache.hadoop.ozone.protocolPB.OzoneManagerProtocolServerSideTranslatorPB.submitRequest(OzoneManagerProtocolServerSideTranslatorPB.java:147) [ozone-manager-1.3.0-SNAPSHOT.jar:?]
	at org.apache.hadoop.ozone.protocol.proto.OzoneManagerProtocolProtos$OzoneManagerService$2.callBlockingMethod(OzoneManagerProtocolProtos.java) [ozone-interface-client-1.3.0-SNAPSHOT.jar:?]
	at org.apache.hadoop.ipc.ProtobufRpcEngine$Server.processCall(ProtobufRpcEngine.java:466) [hadoop-common-3.3.1.jar:?]
	at org.apache.hadoop.ipc.ProtobufRpcEngine2$Server$ProtoBufRpcInvoker.call(ProtobufRpcEngine2.java:574) [hadoop-common-3.3.1.jar:?]
	at org.apache.hadoop.ipc.ProtobufRpcEngine2$Server$ProtoBufRpcInvoker.call(ProtobufRpcEngine2.java:552) [hadoop-common-3.3.1.jar:?]
	at org.apache.hadoop.ipc.RPC$Server.call(RPC.java:1093) [hadoop-common-3.3.1.jar:?]
	at org.apache.hadoop.ipc.Server$RpcCall.run(Server.java:1035) [hadoop-common-3.3.1.jar:?]
	at org.apache.hadoop.ipc.Server$RpcCall.run(Server.java:963) [hadoop-common-3.3.1.jar:?]
	at java.security.AccessController.doPrivileged(Native Method) ~[?:1.8.0_332]
	at javax.security.auth.Subject.doAs(Subject.java:422) [?:1.8.0_332]
	at org.apache.hadoop.security.UserGroupInformation.doAs(UserGroupInformation.java:1878) [hadoop-common-3.3.1.jar:?]
	at org.apache.hadoop.ipc.Server$Handler.run(Server.java:2966) [hadoop-common-3.3.1.jar:?]
]]></system-out>
  </testcase>
  <testcase name="testRenameWithNonExistentSource" classname="TestOzoneFileSystem" time="0.024">
    <system-out><![CDATA[2022-06-21 13:56:22,849 [Time-limited test] INFO  ozone.TestOzoneFileSystem (TestOzoneFileSystem.java:testRenameWithNonExistentSource(852)) - Created destin dir: o3fs://bucket78784.volume37829/root/dir2
2022-06-21 13:56:22,850 [Time-limited test] INFO  ozone.TestOzoneFileSystem (TestOzoneFileSystem.java:testRenameWithNonExistentSource(854)) - Rename op-> source:o3fs://bucket78784.volume37829/root/dir1 to destin:o3fs://bucket78784.volume37829/root/dir2}
13:56:22.850 [IPC Server handler 5 on default port 33745] ERROR OMAudit - user=runner | ip=127.0.0.1 | op=GET_FILE_STATUS {volume=volume37829, bucket=bucket78784, key=root/dir1, dataSize=0, replicationConfig=null} | ret=FAILURE
org.apache.hadoop.ozone.om.exceptions.OMException: Unable to get file status: volume: volume37829 bucket: bucket78784 key: root/dir1
	at org.apache.hadoop.ozone.om.KeyManagerImpl.getOzoneFileStatus(KeyManagerImpl.java:1311) ~[ozone-manager-1.3.0-SNAPSHOT.jar:?]
	at org.apache.hadoop.ozone.om.KeyManagerImpl.getFileStatus(KeyManagerImpl.java:1241) ~[ozone-manager-1.3.0-SNAPSHOT.jar:?]
	at org.apache.hadoop.ozone.om.OzoneManager.getFileStatus(OzoneManager.java:3419) ~[ozone-manager-1.3.0-SNAPSHOT.jar:?]
	at org.apache.hadoop.ozone.protocolPB.OzoneManagerRequestHandler.getOzoneFileStatus(OzoneManagerRequestHandler.java:871) ~[ozone-manager-1.3.0-SNAPSHOT.jar:?]
	at org.apache.hadoop.ozone.protocolPB.OzoneManagerRequestHandler.handleReadRequest(OzoneManagerRequestHandler.java:217) ~[ozone-manager-1.3.0-SNAPSHOT.jar:?]
	at org.apache.hadoop.ozone.protocolPB.OzoneManagerProtocolServerSideTranslatorPB.submitRequestDirectlyToOM(OzoneManagerProtocolServerSideTranslatorPB.java:284) ~[ozone-manager-1.3.0-SNAPSHOT.jar:?]
	at org.apache.hadoop.ozone.protocolPB.OzoneManagerProtocolServerSideTranslatorPB.processRequest(OzoneManagerProtocolServerSideTranslatorPB.java:207) ~[ozone-manager-1.3.0-SNAPSHOT.jar:?]
	at org.apache.hadoop.hdds.server.OzoneProtocolMessageDispatcher.processRequest(OzoneProtocolMessageDispatcher.java:87) [hdds-server-framework-1.3.0-SNAPSHOT.jar:?]
	at org.apache.hadoop.ozone.protocolPB.OzoneManagerProtocolServerSideTranslatorPB.submitRequest(OzoneManagerProtocolServerSideTranslatorPB.java:147) [ozone-manager-1.3.0-SNAPSHOT.jar:?]
	at org.apache.hadoop.ozone.protocol.proto.OzoneManagerProtocolProtos$OzoneManagerService$2.callBlockingMethod(OzoneManagerProtocolProtos.java) [ozone-interface-client-1.3.0-SNAPSHOT.jar:?]
	at org.apache.hadoop.ipc.ProtobufRpcEngine$Server.processCall(ProtobufRpcEngine.java:466) [hadoop-common-3.3.1.jar:?]
	at org.apache.hadoop.ipc.ProtobufRpcEngine2$Server$ProtoBufRpcInvoker.call(ProtobufRpcEngine2.java:574) [hadoop-common-3.3.1.jar:?]
	at org.apache.hadoop.ipc.ProtobufRpcEngine2$Server$ProtoBufRpcInvoker.call(ProtobufRpcEngine2.java:552) [hadoop-common-3.3.1.jar:?]
	at org.apache.hadoop.ipc.RPC$Server.call(RPC.java:1093) [hadoop-common-3.3.1.jar:?]
	at org.apache.hadoop.ipc.Server$RpcCall.run(Server.java:1035) [hadoop-common-3.3.1.jar:?]
	at org.apache.hadoop.ipc.Server$RpcCall.run(Server.java:963) [hadoop-common-3.3.1.jar:?]
	at java.security.AccessController.doPrivileged(Native Method) ~[?:1.8.0_332]
	at javax.security.auth.Subject.doAs(Subject.java:422) [?:1.8.0_332]
	at org.apache.hadoop.security.UserGroupInformation.doAs(UserGroupInformation.java:1878) [hadoop-common-3.3.1.jar:?]
	at org.apache.hadoop.ipc.Server$Handler.run(Server.java:2966) [hadoop-common-3.3.1.jar:?]
]]></system-out>
  </testcase>
  <testcase name="testRenameToParentDir" classname="TestOzoneFileSystem" time="0.065">
    <system-out><![CDATA[13:52:51.808 [IPC Server handler 4 on default port 44727] ERROR OMAudit - user=runner | ip=127.0.0.1 | op=LIST_STATUS {volume=volume19882, bucket=bucket92495, key=root_dir/dir2, dataSize=0, replicationConfig=null} | ret=FAILURE
org.apache.hadoop.ozone.om.exceptions.OMException: Unable to get file status: volume: volume19882 bucket: bucket92495 key: root_dir/dir2
	at org.apache.hadoop.ozone.om.KeyManagerImpl.getOzoneFileStatus(KeyManagerImpl.java:1311) ~[ozone-manager-1.3.0-SNAPSHOT.jar:?]
	at org.apache.hadoop.ozone.om.KeyManagerImpl.getFileStatus(KeyManagerImpl.java:1241) ~[ozone-manager-1.3.0-SNAPSHOT.jar:?]
	at org.apache.hadoop.ozone.om.KeyManagerImpl.listStatus(KeyManagerImpl.java:1565) ~[ozone-manager-1.3.0-SNAPSHOT.jar:?]
	at org.apache.hadoop.ozone.om.OzoneManager.listStatus(OzoneManager.java:3497) ~[ozone-manager-1.3.0-SNAPSHOT.jar:?]
	at org.apache.hadoop.ozone.protocolPB.OzoneManagerRequestHandler.listStatus(OzoneManagerRequestHandler.java:1028) ~[ozone-manager-1.3.0-SNAPSHOT.jar:?]
	at org.apache.hadoop.ozone.protocolPB.OzoneManagerRequestHandler.handleReadRequest(OzoneManagerRequestHandler.java:228) ~[ozone-manager-1.3.0-SNAPSHOT.jar:?]
	at org.apache.hadoop.ozone.protocolPB.OzoneManagerProtocolServerSideTranslatorPB.submitReadRequestToOM(OzoneManagerProtocolServerSideTranslatorPB.java:225) ~[ozone-manager-1.3.0-SNAPSHOT.jar:?]
	at org.apache.hadoop.ozone.protocolPB.OzoneManagerProtocolServerSideTranslatorPB.processRequest(OzoneManagerProtocolServerSideTranslatorPB.java:175) ~[ozone-manager-1.3.0-SNAPSHOT.jar:?]
	at org.apache.hadoop.hdds.server.OzoneProtocolMessageDispatcher.processRequest(OzoneProtocolMessageDispatcher.java:87) [hdds-server-framework-1.3.0-SNAPSHOT.jar:?]
	at org.apache.hadoop.ozone.protocolPB.OzoneManagerProtocolServerSideTranslatorPB.submitRequest(OzoneManagerProtocolServerSideTranslatorPB.java:147) [ozone-manager-1.3.0-SNAPSHOT.jar:?]
	at org.apache.hadoop.ozone.protocol.proto.OzoneManagerProtocolProtos$OzoneManagerService$2.callBlockingMethod(OzoneManagerProtocolProtos.java) [ozone-interface-client-1.3.0-SNAPSHOT.jar:?]
	at org.apache.hadoop.ipc.ProtobufRpcEngine$Server.processCall(ProtobufRpcEngine.java:466) [hadoop-common-3.3.1.jar:?]
	at org.apache.hadoop.ipc.ProtobufRpcEngine2$Server$ProtoBufRpcInvoker.call(ProtobufRpcEngine2.java:574) [hadoop-common-3.3.1.jar:?]
	at org.apache.hadoop.ipc.ProtobufRpcEngine2$Server$ProtoBufRpcInvoker.call(ProtobufRpcEngine2.java:552) [hadoop-common-3.3.1.jar:?]
	at org.apache.hadoop.ipc.RPC$Server.call(RPC.java:1093) [hadoop-common-3.3.1.jar:?]
	at org.apache.hadoop.ipc.Server$RpcCall.run(Server.java:1035) [hadoop-common-3.3.1.jar:?]
	at org.apache.hadoop.ipc.Server$RpcCall.run(Server.java:963) [hadoop-common-3.3.1.jar:?]
	at java.security.AccessController.doPrivileged(Native Method) ~[?:1.8.0_332]
	at javax.security.auth.Subject.doAs(Subject.java:422) [?:1.8.0_332]
	at org.apache.hadoop.security.UserGroupInformation.doAs(UserGroupInformation.java:1878) [hadoop-common-3.3.1.jar:?]
	at org.apache.hadoop.ipc.Server$Handler.run(Server.java:2966) [hadoop-common-3.3.1.jar:?]
13:52:51.826 [IPC Server handler 9 on default port 44727] ERROR OMAudit - user=runner | ip=127.0.0.1 | op=LIST_STATUS {volume=volume19882, bucket=bucket92495, key=root_dir/file2, dataSize=0, replicationConfig=null} | ret=FAILURE
org.apache.hadoop.ozone.om.exceptions.OMException: Unable to get file status: volume: volume19882 bucket: bucket92495 key: root_dir/file2
	at org.apache.hadoop.ozone.om.KeyManagerImpl.getOzoneFileStatus(KeyManagerImpl.java:1311) ~[ozone-manager-1.3.0-SNAPSHOT.jar:?]
	at org.apache.hadoop.ozone.om.KeyManagerImpl.getFileStatus(KeyManagerImpl.java:1241) ~[ozone-manager-1.3.0-SNAPSHOT.jar:?]
	at org.apache.hadoop.ozone.om.KeyManagerImpl.listStatus(KeyManagerImpl.java:1565) ~[ozone-manager-1.3.0-SNAPSHOT.jar:?]
	at org.apache.hadoop.ozone.om.OzoneManager.listStatus(OzoneManager.java:3497) ~[ozone-manager-1.3.0-SNAPSHOT.jar:?]
	at org.apache.hadoop.ozone.protocolPB.OzoneManagerRequestHandler.listStatus(OzoneManagerRequestHandler.java:1028) ~[ozone-manager-1.3.0-SNAPSHOT.jar:?]
	at org.apache.hadoop.ozone.protocolPB.OzoneManagerRequestHandler.handleReadRequest(OzoneManagerRequestHandler.java:228) ~[ozone-manager-1.3.0-SNAPSHOT.jar:?]
	at org.apache.hadoop.ozone.protocolPB.OzoneManagerProtocolServerSideTranslatorPB.submitReadRequestToOM(OzoneManagerProtocolServerSideTranslatorPB.java:225) ~[ozone-manager-1.3.0-SNAPSHOT.jar:?]
	at org.apache.hadoop.ozone.protocolPB.OzoneManagerProtocolServerSideTranslatorPB.processRequest(OzoneManagerProtocolServerSideTranslatorPB.java:175) ~[ozone-manager-1.3.0-SNAPSHOT.jar:?]
	at org.apache.hadoop.hdds.server.OzoneProtocolMessageDispatcher.processRequest(OzoneProtocolMessageDispatcher.java:87) [hdds-server-framework-1.3.0-SNAPSHOT.jar:?]
	at org.apache.hadoop.ozone.protocolPB.OzoneManagerProtocolServerSideTranslatorPB.submitRequest(OzoneManagerProtocolServerSideTranslatorPB.java:147) [ozone-manager-1.3.0-SNAPSHOT.jar:?]
	at org.apache.hadoop.ozone.protocol.proto.OzoneManagerProtocolProtos$OzoneManagerService$2.callBlockingMethod(OzoneManagerProtocolProtos.java) [ozone-interface-client-1.3.0-SNAPSHOT.jar:?]
	at org.apache.hadoop.ipc.ProtobufRpcEngine$Server.processCall(ProtobufRpcEngine.java:466) [hadoop-common-3.3.1.jar:?]
	at org.apache.hadoop.ipc.ProtobufRpcEngine2$Server$ProtoBufRpcInvoker.call(ProtobufRpcEngine2.java:574) [hadoop-common-3.3.1.jar:?]
	at org.apache.hadoop.ipc.ProtobufRpcEngine2$Server$ProtoBufRpcInvoker.call(ProtobufRpcEngine2.java:552) [hadoop-common-3.3.1.jar:?]
	at org.apache.hadoop.ipc.RPC$Server.call(RPC.java:1093) [hadoop-common-3.3.1.jar:?]
	at org.apache.hadoop.ipc.Server$RpcCall.run(Server.java:1035) [hadoop-common-3.3.1.jar:?]
	at org.apache.hadoop.ipc.Server$RpcCall.run(Server.java:963) [hadoop-common-3.3.1.jar:?]
	at java.security.AccessController.doPrivileged(Native Method) ~[?:1.8.0_332]
	at javax.security.auth.Subject.doAs(Subject.java:422) [?:1.8.0_332]
	at org.apache.hadoop.security.UserGroupInformation.doAs(UserGroupInformation.java:1878) [hadoop-common-3.3.1.jar:?]
	at org.apache.hadoop.ipc.Server$Handler.run(Server.java:2966) [hadoop-common-3.3.1.jar:?]
]]></system-out>
  </testcase>
  <testcase name="testRenameToParentDir" classname="TestOzoneFileSystem" time="0.035">
    <system-out><![CDATA[13:54:00.473 [IPC Server handler 16 on default port 34499] ERROR OMAudit - user=runner | ip=127.0.0.1 | op=LIST_STATUS {volume=volume69434, bucket=bucket16378, key=root_dir/dir2, dataSize=0, replicationConfig=null} | ret=FAILURE
org.apache.hadoop.ozone.om.exceptions.OMException: Unable to get file status: volume: volume69434 bucket: bucket16378 key: root_dir/dir2
	at org.apache.hadoop.ozone.om.KeyManagerImpl.getOzoneFileStatus(KeyManagerImpl.java:1311) ~[ozone-manager-1.3.0-SNAPSHOT.jar:?]
	at org.apache.hadoop.ozone.om.KeyManagerImpl.getFileStatus(KeyManagerImpl.java:1241) ~[ozone-manager-1.3.0-SNAPSHOT.jar:?]
	at org.apache.hadoop.ozone.om.KeyManagerImpl.listStatus(KeyManagerImpl.java:1565) ~[ozone-manager-1.3.0-SNAPSHOT.jar:?]
	at org.apache.hadoop.ozone.om.OzoneManager.listStatus(OzoneManager.java:3497) ~[ozone-manager-1.3.0-SNAPSHOT.jar:?]
	at org.apache.hadoop.ozone.protocolPB.OzoneManagerRequestHandler.listStatus(OzoneManagerRequestHandler.java:1028) ~[ozone-manager-1.3.0-SNAPSHOT.jar:?]
	at org.apache.hadoop.ozone.protocolPB.OzoneManagerRequestHandler.handleReadRequest(OzoneManagerRequestHandler.java:228) ~[ozone-manager-1.3.0-SNAPSHOT.jar:?]
	at org.apache.hadoop.ozone.protocolPB.OzoneManagerProtocolServerSideTranslatorPB.submitRequestDirectlyToOM(OzoneManagerProtocolServerSideTranslatorPB.java:284) ~[ozone-manager-1.3.0-SNAPSHOT.jar:?]
	at org.apache.hadoop.ozone.protocolPB.OzoneManagerProtocolServerSideTranslatorPB.processRequest(OzoneManagerProtocolServerSideTranslatorPB.java:207) ~[ozone-manager-1.3.0-SNAPSHOT.jar:?]
	at org.apache.hadoop.hdds.server.OzoneProtocolMessageDispatcher.processRequest(OzoneProtocolMessageDispatcher.java:87) [hdds-server-framework-1.3.0-SNAPSHOT.jar:?]
	at org.apache.hadoop.ozone.protocolPB.OzoneManagerProtocolServerSideTranslatorPB.submitRequest(OzoneManagerProtocolServerSideTranslatorPB.java:147) [ozone-manager-1.3.0-SNAPSHOT.jar:?]
	at org.apache.hadoop.ozone.protocol.proto.OzoneManagerProtocolProtos$OzoneManagerService$2.callBlockingMethod(OzoneManagerProtocolProtos.java) [ozone-interface-client-1.3.0-SNAPSHOT.jar:?]
	at org.apache.hadoop.ipc.ProtobufRpcEngine$Server.processCall(ProtobufRpcEngine.java:466) [hadoop-common-3.3.1.jar:?]
	at org.apache.hadoop.ipc.ProtobufRpcEngine2$Server$ProtoBufRpcInvoker.call(ProtobufRpcEngine2.java:574) [hadoop-common-3.3.1.jar:?]
	at org.apache.hadoop.ipc.ProtobufRpcEngine2$Server$ProtoBufRpcInvoker.call(ProtobufRpcEngine2.java:552) [hadoop-common-3.3.1.jar:?]
	at org.apache.hadoop.ipc.RPC$Server.call(RPC.java:1093) [hadoop-common-3.3.1.jar:?]
	at org.apache.hadoop.ipc.Server$RpcCall.run(Server.java:1035) [hadoop-common-3.3.1.jar:?]
	at org.apache.hadoop.ipc.Server$RpcCall.run(Server.java:963) [hadoop-common-3.3.1.jar:?]
	at java.security.AccessController.doPrivileged(Native Method) ~[?:1.8.0_332]
	at javax.security.auth.Subject.doAs(Subject.java:422) [?:1.8.0_332]
	at org.apache.hadoop.security.UserGroupInformation.doAs(UserGroupInformation.java:1878) [hadoop-common-3.3.1.jar:?]
	at org.apache.hadoop.ipc.Server$Handler.run(Server.java:2966) [hadoop-common-3.3.1.jar:?]
13:54:00.478 [IPC Server handler 3 on default port 34499] ERROR OMAudit - user=runner | ip=127.0.0.1 | op=LIST_STATUS {volume=volume69434, bucket=bucket16378, key=root_dir/file2, dataSize=0, replicationConfig=null} | ret=FAILURE
org.apache.hadoop.ozone.om.exceptions.OMException: Unable to get file status: volume: volume69434 bucket: bucket16378 key: root_dir/file2
	at org.apache.hadoop.ozone.om.KeyManagerImpl.getOzoneFileStatus(KeyManagerImpl.java:1311) ~[ozone-manager-1.3.0-SNAPSHOT.jar:?]
	at org.apache.hadoop.ozone.om.KeyManagerImpl.getFileStatus(KeyManagerImpl.java:1241) ~[ozone-manager-1.3.0-SNAPSHOT.jar:?]
	at org.apache.hadoop.ozone.om.KeyManagerImpl.listStatus(KeyManagerImpl.java:1565) ~[ozone-manager-1.3.0-SNAPSHOT.jar:?]
	at org.apache.hadoop.ozone.om.OzoneManager.listStatus(OzoneManager.java:3497) ~[ozone-manager-1.3.0-SNAPSHOT.jar:?]
	at org.apache.hadoop.ozone.protocolPB.OzoneManagerRequestHandler.listStatus(OzoneManagerRequestHandler.java:1028) ~[ozone-manager-1.3.0-SNAPSHOT.jar:?]
	at org.apache.hadoop.ozone.protocolPB.OzoneManagerRequestHandler.handleReadRequest(OzoneManagerRequestHandler.java:228) ~[ozone-manager-1.3.0-SNAPSHOT.jar:?]
	at org.apache.hadoop.ozone.protocolPB.OzoneManagerProtocolServerSideTranslatorPB.submitRequestDirectlyToOM(OzoneManagerProtocolServerSideTranslatorPB.java:284) ~[ozone-manager-1.3.0-SNAPSHOT.jar:?]
	at org.apache.hadoop.ozone.protocolPB.OzoneManagerProtocolServerSideTranslatorPB.processRequest(OzoneManagerProtocolServerSideTranslatorPB.java:207) ~[ozone-manager-1.3.0-SNAPSHOT.jar:?]
	at org.apache.hadoop.hdds.server.OzoneProtocolMessageDispatcher.processRequest(OzoneProtocolMessageDispatcher.java:87) [hdds-server-framework-1.3.0-SNAPSHOT.jar:?]
	at org.apache.hadoop.ozone.protocolPB.OzoneManagerProtocolServerSideTranslatorPB.submitRequest(OzoneManagerProtocolServerSideTranslatorPB.java:147) [ozone-manager-1.3.0-SNAPSHOT.jar:?]
	at org.apache.hadoop.ozone.protocol.proto.OzoneManagerProtocolProtos$OzoneManagerService$2.callBlockingMethod(OzoneManagerProtocolProtos.java) [ozone-interface-client-1.3.0-SNAPSHOT.jar:?]
	at org.apache.hadoop.ipc.ProtobufRpcEngine$Server.processCall(ProtobufRpcEngine.java:466) [hadoop-common-3.3.1.jar:?]
	at org.apache.hadoop.ipc.ProtobufRpcEngine2$Server$ProtoBufRpcInvoker.call(ProtobufRpcEngine2.java:574) [hadoop-common-3.3.1.jar:?]
	at org.apache.hadoop.ipc.ProtobufRpcEngine2$Server$ProtoBufRpcInvoker.call(ProtobufRpcEngine2.java:552) [hadoop-common-3.3.1.jar:?]
	at org.apache.hadoop.ipc.RPC$Server.call(RPC.java:1093) [hadoop-common-3.3.1.jar:?]
	at org.apache.hadoop.ipc.Server$RpcCall.run(Server.java:1035) [hadoop-common-3.3.1.jar:?]
	at org.apache.hadoop.ipc.Server$RpcCall.run(Server.java:963) [hadoop-common-3.3.1.jar:?]
	at java.security.AccessController.doPrivileged(Native Method) ~[?:1.8.0_332]
	at javax.security.auth.Subject.doAs(Subject.java:422) [?:1.8.0_332]
	at org.apache.hadoop.security.UserGroupInformation.doAs(UserGroupInformation.java:1878) [hadoop-common-3.3.1.jar:?]
	at org.apache.hadoop.ipc.Server$Handler.run(Server.java:2966) [hadoop-common-3.3.1.jar:?]
]]></system-out>
  </testcase>
  <testcase name="testRenameToParentDir" classname="TestOzoneFileSystem" time="0.063">
    <system-out><![CDATA[13:55:05.440 [IPC Server handler 4 on default port 42759] ERROR OMAudit - user=runner | ip=127.0.0.1 | op=LIST_STATUS {volume=volume68340, bucket=bucket67715, key=root_dir/dir2, dataSize=0, replicationConfig=null} | ret=FAILURE
org.apache.hadoop.ozone.om.exceptions.OMException: Unable to get file status: volume: volume68340 bucket: bucket67715 key: root_dir/dir2
	at org.apache.hadoop.ozone.om.KeyManagerImpl.getOzoneFileStatus(KeyManagerImpl.java:1311) ~[ozone-manager-1.3.0-SNAPSHOT.jar:?]
	at org.apache.hadoop.ozone.om.KeyManagerImpl.getFileStatus(KeyManagerImpl.java:1241) ~[ozone-manager-1.3.0-SNAPSHOT.jar:?]
	at org.apache.hadoop.ozone.om.KeyManagerImpl.listStatus(KeyManagerImpl.java:1565) ~[ozone-manager-1.3.0-SNAPSHOT.jar:?]
	at org.apache.hadoop.ozone.om.OzoneManager.listStatus(OzoneManager.java:3497) ~[ozone-manager-1.3.0-SNAPSHOT.jar:?]
	at org.apache.hadoop.ozone.protocolPB.OzoneManagerRequestHandler.listStatus(OzoneManagerRequestHandler.java:1028) ~[ozone-manager-1.3.0-SNAPSHOT.jar:?]
	at org.apache.hadoop.ozone.protocolPB.OzoneManagerRequestHandler.handleReadRequest(OzoneManagerRequestHandler.java:228) ~[ozone-manager-1.3.0-SNAPSHOT.jar:?]
	at org.apache.hadoop.ozone.protocolPB.OzoneManagerProtocolServerSideTranslatorPB.submitReadRequestToOM(OzoneManagerProtocolServerSideTranslatorPB.java:225) ~[ozone-manager-1.3.0-SNAPSHOT.jar:?]
	at org.apache.hadoop.ozone.protocolPB.OzoneManagerProtocolServerSideTranslatorPB.processRequest(OzoneManagerProtocolServerSideTranslatorPB.java:175) ~[ozone-manager-1.3.0-SNAPSHOT.jar:?]
	at org.apache.hadoop.hdds.server.OzoneProtocolMessageDispatcher.processRequest(OzoneProtocolMessageDispatcher.java:87) [hdds-server-framework-1.3.0-SNAPSHOT.jar:?]
	at org.apache.hadoop.ozone.protocolPB.OzoneManagerProtocolServerSideTranslatorPB.submitRequest(OzoneManagerProtocolServerSideTranslatorPB.java:147) [ozone-manager-1.3.0-SNAPSHOT.jar:?]
	at org.apache.hadoop.ozone.protocol.proto.OzoneManagerProtocolProtos$OzoneManagerService$2.callBlockingMethod(OzoneManagerProtocolProtos.java) [ozone-interface-client-1.3.0-SNAPSHOT.jar:?]
	at org.apache.hadoop.ipc.ProtobufRpcEngine$Server.processCall(ProtobufRpcEngine.java:466) [hadoop-common-3.3.1.jar:?]
	at org.apache.hadoop.ipc.ProtobufRpcEngine2$Server$ProtoBufRpcInvoker.call(ProtobufRpcEngine2.java:574) [hadoop-common-3.3.1.jar:?]
	at org.apache.hadoop.ipc.ProtobufRpcEngine2$Server$ProtoBufRpcInvoker.call(ProtobufRpcEngine2.java:552) [hadoop-common-3.3.1.jar:?]
	at org.apache.hadoop.ipc.RPC$Server.call(RPC.java:1093) [hadoop-common-3.3.1.jar:?]
	at org.apache.hadoop.ipc.Server$RpcCall.run(Server.java:1035) [hadoop-common-3.3.1.jar:?]
	at org.apache.hadoop.ipc.Server$RpcCall.run(Server.java:963) [hadoop-common-3.3.1.jar:?]
	at java.security.AccessController.doPrivileged(Native Method) ~[?:1.8.0_332]
	at javax.security.auth.Subject.doAs(Subject.java:422) [?:1.8.0_332]
	at org.apache.hadoop.security.UserGroupInformation.doAs(UserGroupInformation.java:1878) [hadoop-common-3.3.1.jar:?]
	at org.apache.hadoop.ipc.Server$Handler.run(Server.java:2966) [hadoop-common-3.3.1.jar:?]
13:55:05.445 [IPC Server handler 0 on default port 42759] ERROR OMAudit - user=runner | ip=127.0.0.1 | op=LIST_STATUS {volume=volume68340, bucket=bucket67715, key=root_dir/file2, dataSize=0, replicationConfig=null} | ret=FAILURE
org.apache.hadoop.ozone.om.exceptions.OMException: Unable to get file status: volume: volume68340 bucket: bucket67715 key: root_dir/file2
	at org.apache.hadoop.ozone.om.KeyManagerImpl.getOzoneFileStatus(KeyManagerImpl.java:1311) ~[ozone-manager-1.3.0-SNAPSHOT.jar:?]
	at org.apache.hadoop.ozone.om.KeyManagerImpl.getFileStatus(KeyManagerImpl.java:1241) ~[ozone-manager-1.3.0-SNAPSHOT.jar:?]
	at org.apache.hadoop.ozone.om.KeyManagerImpl.listStatus(KeyManagerImpl.java:1565) ~[ozone-manager-1.3.0-SNAPSHOT.jar:?]
	at org.apache.hadoop.ozone.om.OzoneManager.listStatus(OzoneManager.java:3497) ~[ozone-manager-1.3.0-SNAPSHOT.jar:?]
	at org.apache.hadoop.ozone.protocolPB.OzoneManagerRequestHandler.listStatus(OzoneManagerRequestHandler.java:1028) ~[ozone-manager-1.3.0-SNAPSHOT.jar:?]
	at org.apache.hadoop.ozone.protocolPB.OzoneManagerRequestHandler.handleReadRequest(OzoneManagerRequestHandler.java:228) ~[ozone-manager-1.3.0-SNAPSHOT.jar:?]
	at org.apache.hadoop.ozone.protocolPB.OzoneManagerProtocolServerSideTranslatorPB.submitReadRequestToOM(OzoneManagerProtocolServerSideTranslatorPB.java:225) ~[ozone-manager-1.3.0-SNAPSHOT.jar:?]
	at org.apache.hadoop.ozone.protocolPB.OzoneManagerProtocolServerSideTranslatorPB.processRequest(OzoneManagerProtocolServerSideTranslatorPB.java:175) ~[ozone-manager-1.3.0-SNAPSHOT.jar:?]
	at org.apache.hadoop.hdds.server.OzoneProtocolMessageDispatcher.processRequest(OzoneProtocolMessageDispatcher.java:87) [hdds-server-framework-1.3.0-SNAPSHOT.jar:?]
	at org.apache.hadoop.ozone.protocolPB.OzoneManagerProtocolServerSideTranslatorPB.submitRequest(OzoneManagerProtocolServerSideTranslatorPB.java:147) [ozone-manager-1.3.0-SNAPSHOT.jar:?]
	at org.apache.hadoop.ozone.protocol.proto.OzoneManagerProtocolProtos$OzoneManagerService$2.callBlockingMethod(OzoneManagerProtocolProtos.java) [ozone-interface-client-1.3.0-SNAPSHOT.jar:?]
	at org.apache.hadoop.ipc.ProtobufRpcEngine$Server.processCall(ProtobufRpcEngine.java:466) [hadoop-common-3.3.1.jar:?]
	at org.apache.hadoop.ipc.ProtobufRpcEngine2$Server$ProtoBufRpcInvoker.call(ProtobufRpcEngine2.java:574) [hadoop-common-3.3.1.jar:?]
	at org.apache.hadoop.ipc.ProtobufRpcEngine2$Server$ProtoBufRpcInvoker.call(ProtobufRpcEngine2.java:552) [hadoop-common-3.3.1.jar:?]
	at org.apache.hadoop.ipc.RPC$Server.call(RPC.java:1093) [hadoop-common-3.3.1.jar:?]
	at org.apache.hadoop.ipc.Server$RpcCall.run(Server.java:1035) [hadoop-common-3.3.1.jar:?]
	at org.apache.hadoop.ipc.Server$RpcCall.run(Server.java:963) [hadoop-common-3.3.1.jar:?]
	at java.security.AccessController.doPrivileged(Native Method) ~[?:1.8.0_332]
	at javax.security.auth.Subject.doAs(Subject.java:422) [?:1.8.0_332]
	at org.apache.hadoop.security.UserGroupInformation.doAs(UserGroupInformation.java:1878) [hadoop-common-3.3.1.jar:?]
	at org.apache.hadoop.ipc.Server$Handler.run(Server.java:2966) [hadoop-common-3.3.1.jar:?]
]]></system-out>
  </testcase>
  <testcase name="testRenameToParentDir" classname="TestOzoneFileSystem" time="0.052">
    <system-out><![CDATA[13:56:22.884 [IPC Server handler 14 on default port 33745] ERROR OMAudit - user=runner | ip=127.0.0.1 | op=LIST_STATUS {volume=volume37829, bucket=bucket78784, key=root_dir/dir2, dataSize=0, replicationConfig=null} | ret=FAILURE
org.apache.hadoop.ozone.om.exceptions.OMException: Unable to get file status: volume: volume37829 bucket: bucket78784 key: root_dir/dir2
	at org.apache.hadoop.ozone.om.KeyManagerImpl.getOzoneFileStatus(KeyManagerImpl.java:1311) ~[ozone-manager-1.3.0-SNAPSHOT.jar:?]
	at org.apache.hadoop.ozone.om.KeyManagerImpl.getFileStatus(KeyManagerImpl.java:1241) ~[ozone-manager-1.3.0-SNAPSHOT.jar:?]
	at org.apache.hadoop.ozone.om.KeyManagerImpl.listStatus(KeyManagerImpl.java:1565) ~[ozone-manager-1.3.0-SNAPSHOT.jar:?]
	at org.apache.hadoop.ozone.om.OzoneManager.listStatus(OzoneManager.java:3497) ~[ozone-manager-1.3.0-SNAPSHOT.jar:?]
	at org.apache.hadoop.ozone.protocolPB.OzoneManagerRequestHandler.listStatus(OzoneManagerRequestHandler.java:1028) ~[ozone-manager-1.3.0-SNAPSHOT.jar:?]
	at org.apache.hadoop.ozone.protocolPB.OzoneManagerRequestHandler.handleReadRequest(OzoneManagerRequestHandler.java:228) ~[ozone-manager-1.3.0-SNAPSHOT.jar:?]
	at org.apache.hadoop.ozone.protocolPB.OzoneManagerProtocolServerSideTranslatorPB.submitRequestDirectlyToOM(OzoneManagerProtocolServerSideTranslatorPB.java:284) ~[ozone-manager-1.3.0-SNAPSHOT.jar:?]
	at org.apache.hadoop.ozone.protocolPB.OzoneManagerProtocolServerSideTranslatorPB.processRequest(OzoneManagerProtocolServerSideTranslatorPB.java:207) ~[ozone-manager-1.3.0-SNAPSHOT.jar:?]
	at org.apache.hadoop.hdds.server.OzoneProtocolMessageDispatcher.processRequest(OzoneProtocolMessageDispatcher.java:87) [hdds-server-framework-1.3.0-SNAPSHOT.jar:?]
	at org.apache.hadoop.ozone.protocolPB.OzoneManagerProtocolServerSideTranslatorPB.submitRequest(OzoneManagerProtocolServerSideTranslatorPB.java:147) [ozone-manager-1.3.0-SNAPSHOT.jar:?]
	at org.apache.hadoop.ozone.protocol.proto.OzoneManagerProtocolProtos$OzoneManagerService$2.callBlockingMethod(OzoneManagerProtocolProtos.java) [ozone-interface-client-1.3.0-SNAPSHOT.jar:?]
	at org.apache.hadoop.ipc.ProtobufRpcEngine$Server.processCall(ProtobufRpcEngine.java:466) [hadoop-common-3.3.1.jar:?]
	at org.apache.hadoop.ipc.ProtobufRpcEngine2$Server$ProtoBufRpcInvoker.call(ProtobufRpcEngine2.java:574) [hadoop-common-3.3.1.jar:?]
	at org.apache.hadoop.ipc.ProtobufRpcEngine2$Server$ProtoBufRpcInvoker.call(ProtobufRpcEngine2.java:552) [hadoop-common-3.3.1.jar:?]
	at org.apache.hadoop.ipc.RPC$Server.call(RPC.java:1093) [hadoop-common-3.3.1.jar:?]
	at org.apache.hadoop.ipc.Server$RpcCall.run(Server.java:1035) [hadoop-common-3.3.1.jar:?]
	at org.apache.hadoop.ipc.Server$RpcCall.run(Server.java:963) [hadoop-common-3.3.1.jar:?]
	at java.security.AccessController.doPrivileged(Native Method) ~[?:1.8.0_332]
	at javax.security.auth.Subject.doAs(Subject.java:422) [?:1.8.0_332]
	at org.apache.hadoop.security.UserGroupInformation.doAs(UserGroupInformation.java:1878) [hadoop-common-3.3.1.jar:?]
	at org.apache.hadoop.ipc.Server$Handler.run(Server.java:2966) [hadoop-common-3.3.1.jar:?]
13:56:22.890 [IPC Server handler 9 on default port 33745] ERROR OMAudit - user=runner | ip=127.0.0.1 | op=LIST_STATUS {volume=volume37829, bucket=bucket78784, key=root_dir/file2, dataSize=0, replicationConfig=null} | ret=FAILURE
org.apache.hadoop.ozone.om.exceptions.OMException: Unable to get file status: volume: volume37829 bucket: bucket78784 key: root_dir/file2
	at org.apache.hadoop.ozone.om.KeyManagerImpl.getOzoneFileStatus(KeyManagerImpl.java:1311) ~[ozone-manager-1.3.0-SNAPSHOT.jar:?]
	at org.apache.hadoop.ozone.om.KeyManagerImpl.getFileStatus(KeyManagerImpl.java:1241) ~[ozone-manager-1.3.0-SNAPSHOT.jar:?]
	at org.apache.hadoop.ozone.om.KeyManagerImpl.listStatus(KeyManagerImpl.java:1565) ~[ozone-manager-1.3.0-SNAPSHOT.jar:?]
	at org.apache.hadoop.ozone.om.OzoneManager.listStatus(OzoneManager.java:3497) ~[ozone-manager-1.3.0-SNAPSHOT.jar:?]
	at org.apache.hadoop.ozone.protocolPB.OzoneManagerRequestHandler.listStatus(OzoneManagerRequestHandler.java:1028) ~[ozone-manager-1.3.0-SNAPSHOT.jar:?]
	at org.apache.hadoop.ozone.protocolPB.OzoneManagerRequestHandler.handleReadRequest(OzoneManagerRequestHandler.java:228) ~[ozone-manager-1.3.0-SNAPSHOT.jar:?]
	at org.apache.hadoop.ozone.protocolPB.OzoneManagerProtocolServerSideTranslatorPB.submitRequestDirectlyToOM(OzoneManagerProtocolServerSideTranslatorPB.java:284) ~[ozone-manager-1.3.0-SNAPSHOT.jar:?]
	at org.apache.hadoop.ozone.protocolPB.OzoneManagerProtocolServerSideTranslatorPB.processRequest(OzoneManagerProtocolServerSideTranslatorPB.java:207) ~[ozone-manager-1.3.0-SNAPSHOT.jar:?]
	at org.apache.hadoop.hdds.server.OzoneProtocolMessageDispatcher.processRequest(OzoneProtocolMessageDispatcher.java:87) [hdds-server-framework-1.3.0-SNAPSHOT.jar:?]
	at org.apache.hadoop.ozone.protocolPB.OzoneManagerProtocolServerSideTranslatorPB.submitRequest(OzoneManagerProtocolServerSideTranslatorPB.java:147) [ozone-manager-1.3.0-SNAPSHOT.jar:?]
	at org.apache.hadoop.ozone.protocol.proto.OzoneManagerProtocolProtos$OzoneManagerService$2.callBlockingMethod(OzoneManagerProtocolProtos.java) [ozone-interface-client-1.3.0-SNAPSHOT.jar:?]
	at org.apache.hadoop.ipc.ProtobufRpcEngine$Server.processCall(ProtobufRpcEngine.java:466) [hadoop-common-3.3.1.jar:?]
	at org.apache.hadoop.ipc.ProtobufRpcEngine2$Server$ProtoBufRpcInvoker.call(ProtobufRpcEngine2.java:574) [hadoop-common-3.3.1.jar:?]
	at org.apache.hadoop.ipc.ProtobufRpcEngine2$Server$ProtoBufRpcInvoker.call(ProtobufRpcEngine2.java:552) [hadoop-common-3.3.1.jar:?]
	at org.apache.hadoop.ipc.RPC$Server.call(RPC.java:1093) [hadoop-common-3.3.1.jar:?]
	at org.apache.hadoop.ipc.Server$RpcCall.run(Server.java:1035) [hadoop-common-3.3.1.jar:?]
	at org.apache.hadoop.ipc.Server$RpcCall.run(Server.java:963) [hadoop-common-3.3.1.jar:?]
	at java.security.AccessController.doPrivileged(Native Method) ~[?:1.8.0_332]
	at javax.security.auth.Subject.doAs(Subject.java:422) [?:1.8.0_332]
	at org.apache.hadoop.security.UserGroupInformation.doAs(UserGroupInformation.java:1878) [hadoop-common-3.3.1.jar:?]
	at org.apache.hadoop.ipc.Server$Handler.run(Server.java:2966) [hadoop-common-3.3.1.jar:?]
]]></system-out>
  </testcase>
  <testcase name="testListStatusOnSubDirs" classname="TestOzoneFileSystem" time="0.059"/>
  <testcase name="testListStatusOnSubDirs" classname="TestOzoneFileSystem" time="0.038"/>
  <testcase name="testListStatusOnSubDirs" classname="TestOzoneFileSystem" time="0.031"/>
  <testcase name="testListStatusOnSubDirs" classname="TestOzoneFileSystem" time="0.042"/>
  <testcase name="testListStatus" classname="TestOzoneFileSystem" time="0.067"/>
  <testcase name="testListStatus" classname="TestOzoneFileSystem" time="0.095"/>
  <testcase name="testListStatus" classname="TestOzoneFileSystem" time="0.055"/>
  <testcase name="testListStatus" classname="TestOzoneFileSystem" time="0.054"/>
  <testcase name="testRecursiveDelete" classname="TestOzoneFileSystem" time="0.329">
    <system-out><![CDATA[13:52:52.115 [IPC Server handler 16 on default port 44727] ERROR OMAudit - user=runner | ip=127.0.0.1 | op=GET_FILE_STATUS {volume=volume19882, bucket=bucket92495, key=gdir1, dataSize=0, replicationConfig=null} | ret=FAILURE
org.apache.hadoop.ozone.om.exceptions.OMException: Unable to get file status: volume: volume19882 bucket: bucket92495 key: gdir1
	at org.apache.hadoop.ozone.om.KeyManagerImpl.getOzoneFileStatus(KeyManagerImpl.java:1311) ~[ozone-manager-1.3.0-SNAPSHOT.jar:?]
	at org.apache.hadoop.ozone.om.KeyManagerImpl.getFileStatus(KeyManagerImpl.java:1241) ~[ozone-manager-1.3.0-SNAPSHOT.jar:?]
	at org.apache.hadoop.ozone.om.OzoneManager.getFileStatus(OzoneManager.java:3419) ~[ozone-manager-1.3.0-SNAPSHOT.jar:?]
	at org.apache.hadoop.ozone.protocolPB.OzoneManagerRequestHandler.getOzoneFileStatus(OzoneManagerRequestHandler.java:871) ~[ozone-manager-1.3.0-SNAPSHOT.jar:?]
	at org.apache.hadoop.ozone.protocolPB.OzoneManagerRequestHandler.handleReadRequest(OzoneManagerRequestHandler.java:217) ~[ozone-manager-1.3.0-SNAPSHOT.jar:?]
	at org.apache.hadoop.ozone.protocolPB.OzoneManagerProtocolServerSideTranslatorPB.submitReadRequestToOM(OzoneManagerProtocolServerSideTranslatorPB.java:225) ~[ozone-manager-1.3.0-SNAPSHOT.jar:?]
	at org.apache.hadoop.ozone.protocolPB.OzoneManagerProtocolServerSideTranslatorPB.processRequest(OzoneManagerProtocolServerSideTranslatorPB.java:175) ~[ozone-manager-1.3.0-SNAPSHOT.jar:?]
	at org.apache.hadoop.hdds.server.OzoneProtocolMessageDispatcher.processRequest(OzoneProtocolMessageDispatcher.java:87) [hdds-server-framework-1.3.0-SNAPSHOT.jar:?]
	at org.apache.hadoop.ozone.protocolPB.OzoneManagerProtocolServerSideTranslatorPB.submitRequest(OzoneManagerProtocolServerSideTranslatorPB.java:147) [ozone-manager-1.3.0-SNAPSHOT.jar:?]
	at org.apache.hadoop.ozone.protocol.proto.OzoneManagerProtocolProtos$OzoneManagerService$2.callBlockingMethod(OzoneManagerProtocolProtos.java) [ozone-interface-client-1.3.0-SNAPSHOT.jar:?]
	at org.apache.hadoop.ipc.ProtobufRpcEngine$Server.processCall(ProtobufRpcEngine.java:466) [hadoop-common-3.3.1.jar:?]
	at org.apache.hadoop.ipc.ProtobufRpcEngine2$Server$ProtoBufRpcInvoker.call(ProtobufRpcEngine2.java:574) [hadoop-common-3.3.1.jar:?]
	at org.apache.hadoop.ipc.ProtobufRpcEngine2$Server$ProtoBufRpcInvoker.call(ProtobufRpcEngine2.java:552) [hadoop-common-3.3.1.jar:?]
	at org.apache.hadoop.ipc.RPC$Server.call(RPC.java:1093) [hadoop-common-3.3.1.jar:?]
	at org.apache.hadoop.ipc.Server$RpcCall.run(Server.java:1035) [hadoop-common-3.3.1.jar:?]
	at org.apache.hadoop.ipc.Server$RpcCall.run(Server.java:963) [hadoop-common-3.3.1.jar:?]
	at java.security.AccessController.doPrivileged(Native Method) ~[?:1.8.0_332]
	at javax.security.auth.Subject.doAs(Subject.java:422) [?:1.8.0_332]
	at org.apache.hadoop.security.UserGroupInformation.doAs(UserGroupInformation.java:1878) [hadoop-common-3.3.1.jar:?]
	at org.apache.hadoop.ipc.Server$Handler.run(Server.java:2966) [hadoop-common-3.3.1.jar:?]
13:52:52.117 [IPC Server handler 14 on default port 44727] ERROR OMAudit - user=runner | ip=127.0.0.1 | op=GET_FILE_STATUS {volume=volume19882, bucket=bucket92495, key=gdir1/dir1, dataSize=0, replicationConfig=null} | ret=FAILURE
org.apache.hadoop.ozone.om.exceptions.OMException: Unable to get file status: volume: volume19882 bucket: bucket92495 key: gdir1/dir1
	at org.apache.hadoop.ozone.om.KeyManagerImpl.getOzoneFileStatus(KeyManagerImpl.java:1311) ~[ozone-manager-1.3.0-SNAPSHOT.jar:?]
	at org.apache.hadoop.ozone.om.KeyManagerImpl.getFileStatus(KeyManagerImpl.java:1241) ~[ozone-manager-1.3.0-SNAPSHOT.jar:?]
	at org.apache.hadoop.ozone.om.OzoneManager.getFileStatus(OzoneManager.java:3419) ~[ozone-manager-1.3.0-SNAPSHOT.jar:?]
	at org.apache.hadoop.ozone.protocolPB.OzoneManagerRequestHandler.getOzoneFileStatus(OzoneManagerRequestHandler.java:871) ~[ozone-manager-1.3.0-SNAPSHOT.jar:?]
	at org.apache.hadoop.ozone.protocolPB.OzoneManagerRequestHandler.handleReadRequest(OzoneManagerRequestHandler.java:217) ~[ozone-manager-1.3.0-SNAPSHOT.jar:?]
	at org.apache.hadoop.ozone.protocolPB.OzoneManagerProtocolServerSideTranslatorPB.submitReadRequestToOM(OzoneManagerProtocolServerSideTranslatorPB.java:225) ~[ozone-manager-1.3.0-SNAPSHOT.jar:?]
	at org.apache.hadoop.ozone.protocolPB.OzoneManagerProtocolServerSideTranslatorPB.processRequest(OzoneManagerProtocolServerSideTranslatorPB.java:175) ~[ozone-manager-1.3.0-SNAPSHOT.jar:?]
	at org.apache.hadoop.hdds.server.OzoneProtocolMessageDispatcher.processRequest(OzoneProtocolMessageDispatcher.java:87) [hdds-server-framework-1.3.0-SNAPSHOT.jar:?]
	at org.apache.hadoop.ozone.protocolPB.OzoneManagerProtocolServerSideTranslatorPB.submitRequest(OzoneManagerProtocolServerSideTranslatorPB.java:147) [ozone-manager-1.3.0-SNAPSHOT.jar:?]
	at org.apache.hadoop.ozone.protocol.proto.OzoneManagerProtocolProtos$OzoneManagerService$2.callBlockingMethod(OzoneManagerProtocolProtos.java) [ozone-interface-client-1.3.0-SNAPSHOT.jar:?]
	at org.apache.hadoop.ipc.ProtobufRpcEngine$Server.processCall(ProtobufRpcEngine.java:466) [hadoop-common-3.3.1.jar:?]
	at org.apache.hadoop.ipc.ProtobufRpcEngine2$Server$ProtoBufRpcInvoker.call(ProtobufRpcEngine2.java:574) [hadoop-common-3.3.1.jar:?]
	at org.apache.hadoop.ipc.ProtobufRpcEngine2$Server$ProtoBufRpcInvoker.call(ProtobufRpcEngine2.java:552) [hadoop-common-3.3.1.jar:?]
	at org.apache.hadoop.ipc.RPC$Server.call(RPC.java:1093) [hadoop-common-3.3.1.jar:?]
	at org.apache.hadoop.ipc.Server$RpcCall.run(Server.java:1035) [hadoop-common-3.3.1.jar:?]
	at org.apache.hadoop.ipc.Server$RpcCall.run(Server.java:963) [hadoop-common-3.3.1.jar:?]
	at java.security.AccessController.doPrivileged(Native Method) ~[?:1.8.0_332]
	at javax.security.auth.Subject.doAs(Subject.java:422) [?:1.8.0_332]
	at org.apache.hadoop.security.UserGroupInformation.doAs(UserGroupInformation.java:1878) [hadoop-common-3.3.1.jar:?]
	at org.apache.hadoop.ipc.Server$Handler.run(Server.java:2966) [hadoop-common-3.3.1.jar:?]
13:52:52.118 [IPC Server handler 13 on default port 44727] ERROR OMAudit - user=runner | ip=127.0.0.1 | op=GET_FILE_STATUS {volume=volume19882, bucket=bucket92495, key=gdir1/dir1/child, dataSize=0, replicationConfig=null} | ret=FAILURE
org.apache.hadoop.ozone.om.exceptions.OMException: Unable to get file status: volume: volume19882 bucket: bucket92495 key: gdir1/dir1/child
	at org.apache.hadoop.ozone.om.KeyManagerImpl.getOzoneFileStatus(KeyManagerImpl.java:1311) ~[ozone-manager-1.3.0-SNAPSHOT.jar:?]
	at org.apache.hadoop.ozone.om.KeyManagerImpl.getFileStatus(KeyManagerImpl.java:1241) ~[ozone-manager-1.3.0-SNAPSHOT.jar:?]
	at org.apache.hadoop.ozone.om.OzoneManager.getFileStatus(OzoneManager.java:3419) ~[ozone-manager-1.3.0-SNAPSHOT.jar:?]
	at org.apache.hadoop.ozone.protocolPB.OzoneManagerRequestHandler.getOzoneFileStatus(OzoneManagerRequestHandler.java:871) ~[ozone-manager-1.3.0-SNAPSHOT.jar:?]
	at org.apache.hadoop.ozone.protocolPB.OzoneManagerRequestHandler.handleReadRequest(OzoneManagerRequestHandler.java:217) ~[ozone-manager-1.3.0-SNAPSHOT.jar:?]
	at org.apache.hadoop.ozone.protocolPB.OzoneManagerProtocolServerSideTranslatorPB.submitReadRequestToOM(OzoneManagerProtocolServerSideTranslatorPB.java:225) ~[ozone-manager-1.3.0-SNAPSHOT.jar:?]
	at org.apache.hadoop.ozone.protocolPB.OzoneManagerProtocolServerSideTranslatorPB.processRequest(OzoneManagerProtocolServerSideTranslatorPB.java:175) ~[ozone-manager-1.3.0-SNAPSHOT.jar:?]
	at org.apache.hadoop.hdds.server.OzoneProtocolMessageDispatcher.processRequest(OzoneProtocolMessageDispatcher.java:87) [hdds-server-framework-1.3.0-SNAPSHOT.jar:?]
	at org.apache.hadoop.ozone.protocolPB.OzoneManagerProtocolServerSideTranslatorPB.submitRequest(OzoneManagerProtocolServerSideTranslatorPB.java:147) [ozone-manager-1.3.0-SNAPSHOT.jar:?]
	at org.apache.hadoop.ozone.protocol.proto.OzoneManagerProtocolProtos$OzoneManagerService$2.callBlockingMethod(OzoneManagerProtocolProtos.java) [ozone-interface-client-1.3.0-SNAPSHOT.jar:?]
	at org.apache.hadoop.ipc.ProtobufRpcEngine$Server.processCall(ProtobufRpcEngine.java:466) [hadoop-common-3.3.1.jar:?]
	at org.apache.hadoop.ipc.ProtobufRpcEngine2$Server$ProtoBufRpcInvoker.call(ProtobufRpcEngine2.java:574) [hadoop-common-3.3.1.jar:?]
	at org.apache.hadoop.ipc.ProtobufRpcEngine2$Server$ProtoBufRpcInvoker.call(ProtobufRpcEngine2.java:552) [hadoop-common-3.3.1.jar:?]
	at org.apache.hadoop.ipc.RPC$Server.call(RPC.java:1093) [hadoop-common-3.3.1.jar:?]
	at org.apache.hadoop.ipc.Server$RpcCall.run(Server.java:1035) [hadoop-common-3.3.1.jar:?]
	at org.apache.hadoop.ipc.Server$RpcCall.run(Server.java:963) [hadoop-common-3.3.1.jar:?]
	at java.security.AccessController.doPrivileged(Native Method) ~[?:1.8.0_332]
	at javax.security.auth.Subject.doAs(Subject.java:422) [?:1.8.0_332]
	at org.apache.hadoop.security.UserGroupInformation.doAs(UserGroupInformation.java:1878) [hadoop-common-3.3.1.jar:?]
	at org.apache.hadoop.ipc.Server$Handler.run(Server.java:2966) [hadoop-common-3.3.1.jar:?]
13:52:52.120 [IPC Server handler 17 on default port 44727] ERROR OMAudit - user=runner | ip=127.0.0.1 | op=GET_FILE_STATUS {volume=volume19882, bucket=bucket92495, key=gdir1/dir2, dataSize=0, replicationConfig=null} | ret=FAILURE
org.apache.hadoop.ozone.om.exceptions.OMException: Unable to get file status: volume: volume19882 bucket: bucket92495 key: gdir1/dir2
	at org.apache.hadoop.ozone.om.KeyManagerImpl.getOzoneFileStatus(KeyManagerImpl.java:1311) ~[ozone-manager-1.3.0-SNAPSHOT.jar:?]
	at org.apache.hadoop.ozone.om.KeyManagerImpl.getFileStatus(KeyManagerImpl.java:1241) ~[ozone-manager-1.3.0-SNAPSHOT.jar:?]
	at org.apache.hadoop.ozone.om.OzoneManager.getFileStatus(OzoneManager.java:3419) ~[ozone-manager-1.3.0-SNAPSHOT.jar:?]
	at org.apache.hadoop.ozone.protocolPB.OzoneManagerRequestHandler.getOzoneFileStatus(OzoneManagerRequestHandler.java:871) ~[ozone-manager-1.3.0-SNAPSHOT.jar:?]
	at org.apache.hadoop.ozone.protocolPB.OzoneManagerRequestHandler.handleReadRequest(OzoneManagerRequestHandler.java:217) ~[ozone-manager-1.3.0-SNAPSHOT.jar:?]
	at org.apache.hadoop.ozone.protocolPB.OzoneManagerProtocolServerSideTranslatorPB.submitReadRequestToOM(OzoneManagerProtocolServerSideTranslatorPB.java:225) ~[ozone-manager-1.3.0-SNAPSHOT.jar:?]
	at org.apache.hadoop.ozone.protocolPB.OzoneManagerProtocolServerSideTranslatorPB.processRequest(OzoneManagerProtocolServerSideTranslatorPB.java:175) ~[ozone-manager-1.3.0-SNAPSHOT.jar:?]
	at org.apache.hadoop.hdds.server.OzoneProtocolMessageDispatcher.processRequest(OzoneProtocolMessageDispatcher.java:87) [hdds-server-framework-1.3.0-SNAPSHOT.jar:?]
	at org.apache.hadoop.ozone.protocolPB.OzoneManagerProtocolServerSideTranslatorPB.submitRequest(OzoneManagerProtocolServerSideTranslatorPB.java:147) [ozone-manager-1.3.0-SNAPSHOT.jar:?]
	at org.apache.hadoop.ozone.protocol.proto.OzoneManagerProtocolProtos$OzoneManagerService$2.callBlockingMethod(OzoneManagerProtocolProtos.java) [ozone-interface-client-1.3.0-SNAPSHOT.jar:?]
	at org.apache.hadoop.ipc.ProtobufRpcEngine$Server.processCall(ProtobufRpcEngine.java:466) [hadoop-common-3.3.1.jar:?]
	at org.apache.hadoop.ipc.ProtobufRpcEngine2$Server$ProtoBufRpcInvoker.call(ProtobufRpcEngine2.java:574) [hadoop-common-3.3.1.jar:?]
	at org.apache.hadoop.ipc.ProtobufRpcEngine2$Server$ProtoBufRpcInvoker.call(ProtobufRpcEngine2.java:552) [hadoop-common-3.3.1.jar:?]
	at org.apache.hadoop.ipc.RPC$Server.call(RPC.java:1093) [hadoop-common-3.3.1.jar:?]
	at org.apache.hadoop.ipc.Server$RpcCall.run(Server.java:1035) [hadoop-common-3.3.1.jar:?]
	at org.apache.hadoop.ipc.Server$RpcCall.run(Server.java:963) [hadoop-common-3.3.1.jar:?]
	at java.security.AccessController.doPrivileged(Native Method) ~[?:1.8.0_332]
	at javax.security.auth.Subject.doAs(Subject.java:422) [?:1.8.0_332]
	at org.apache.hadoop.security.UserGroupInformation.doAs(UserGroupInformation.java:1878) [hadoop-common-3.3.1.jar:?]
	at org.apache.hadoop.ipc.Server$Handler.run(Server.java:2966) [hadoop-common-3.3.1.jar:?]
13:52:52.121 [IPC Server handler 19 on default port 44727] ERROR OMAudit - user=runner | ip=127.0.0.1 | op=GET_FILE_STATUS {volume=volume19882, bucket=bucket92495, key=gdir1/dir2/child, dataSize=0, replicationConfig=null} | ret=FAILURE
org.apache.hadoop.ozone.om.exceptions.OMException: Unable to get file status: volume: volume19882 bucket: bucket92495 key: gdir1/dir2/child
	at org.apache.hadoop.ozone.om.KeyManagerImpl.getOzoneFileStatus(KeyManagerImpl.java:1311) ~[ozone-manager-1.3.0-SNAPSHOT.jar:?]
	at org.apache.hadoop.ozone.om.KeyManagerImpl.getFileStatus(KeyManagerImpl.java:1241) ~[ozone-manager-1.3.0-SNAPSHOT.jar:?]
	at org.apache.hadoop.ozone.om.OzoneManager.getFileStatus(OzoneManager.java:3419) ~[ozone-manager-1.3.0-SNAPSHOT.jar:?]
	at org.apache.hadoop.ozone.protocolPB.OzoneManagerRequestHandler.getOzoneFileStatus(OzoneManagerRequestHandler.java:871) ~[ozone-manager-1.3.0-SNAPSHOT.jar:?]
	at org.apache.hadoop.ozone.protocolPB.OzoneManagerRequestHandler.handleReadRequest(OzoneManagerRequestHandler.java:217) ~[ozone-manager-1.3.0-SNAPSHOT.jar:?]
	at org.apache.hadoop.ozone.protocolPB.OzoneManagerProtocolServerSideTranslatorPB.submitReadRequestToOM(OzoneManagerProtocolServerSideTranslatorPB.java:225) ~[ozone-manager-1.3.0-SNAPSHOT.jar:?]
	at org.apache.hadoop.ozone.protocolPB.OzoneManagerProtocolServerSideTranslatorPB.processRequest(OzoneManagerProtocolServerSideTranslatorPB.java:175) ~[ozone-manager-1.3.0-SNAPSHOT.jar:?]
	at org.apache.hadoop.hdds.server.OzoneProtocolMessageDispatcher.processRequest(OzoneProtocolMessageDispatcher.java:87) [hdds-server-framework-1.3.0-SNAPSHOT.jar:?]
	at org.apache.hadoop.ozone.protocolPB.OzoneManagerProtocolServerSideTranslatorPB.submitRequest(OzoneManagerProtocolServerSideTranslatorPB.java:147) [ozone-manager-1.3.0-SNAPSHOT.jar:?]
	at org.apache.hadoop.ozone.protocol.proto.OzoneManagerProtocolProtos$OzoneManagerService$2.callBlockingMethod(OzoneManagerProtocolProtos.java) [ozone-interface-client-1.3.0-SNAPSHOT.jar:?]
	at org.apache.hadoop.ipc.ProtobufRpcEngine$Server.processCall(ProtobufRpcEngine.java:466) [hadoop-common-3.3.1.jar:?]
	at org.apache.hadoop.ipc.ProtobufRpcEngine2$Server$ProtoBufRpcInvoker.call(ProtobufRpcEngine2.java:574) [hadoop-common-3.3.1.jar:?]
	at org.apache.hadoop.ipc.ProtobufRpcEngine2$Server$ProtoBufRpcInvoker.call(ProtobufRpcEngine2.java:552) [hadoop-common-3.3.1.jar:?]
	at org.apache.hadoop.ipc.RPC$Server.call(RPC.java:1093) [hadoop-common-3.3.1.jar:?]
	at org.apache.hadoop.ipc.Server$RpcCall.run(Server.java:1035) [hadoop-common-3.3.1.jar:?]
	at org.apache.hadoop.ipc.Server$RpcCall.run(Server.java:963) [hadoop-common-3.3.1.jar:?]
	at java.security.AccessController.doPrivileged(Native Method) ~[?:1.8.0_332]
	at javax.security.auth.Subject.doAs(Subject.java:422) [?:1.8.0_332]
	at org.apache.hadoop.security.UserGroupInformation.doAs(UserGroupInformation.java:1878) [hadoop-common-3.3.1.jar:?]
	at org.apache.hadoop.ipc.Server$Handler.run(Server.java:2966) [hadoop-common-3.3.1.jar:?]
13:52:52.122 [IPC Server handler 4 on default port 44727] ERROR OMAudit - user=runner | ip=127.0.0.1 | op=GET_FILE_STATUS {volume=volume19882, bucket=bucket92495, key=gdir1/dir3, dataSize=0, replicationConfig=null} | ret=FAILURE
org.apache.hadoop.ozone.om.exceptions.OMException: Unable to get file status: volume: volume19882 bucket: bucket92495 key: gdir1/dir3
	at org.apache.hadoop.ozone.om.KeyManagerImpl.getOzoneFileStatus(KeyManagerImpl.java:1311) ~[ozone-manager-1.3.0-SNAPSHOT.jar:?]
	at org.apache.hadoop.ozone.om.KeyManagerImpl.getFileStatus(KeyManagerImpl.java:1241) ~[ozone-manager-1.3.0-SNAPSHOT.jar:?]
	at org.apache.hadoop.ozone.om.OzoneManager.getFileStatus(OzoneManager.java:3419) ~[ozone-manager-1.3.0-SNAPSHOT.jar:?]
	at org.apache.hadoop.ozone.protocolPB.OzoneManagerRequestHandler.getOzoneFileStatus(OzoneManagerRequestHandler.java:871) ~[ozone-manager-1.3.0-SNAPSHOT.jar:?]
	at org.apache.hadoop.ozone.protocolPB.OzoneManagerRequestHandler.handleReadRequest(OzoneManagerRequestHandler.java:217) ~[ozone-manager-1.3.0-SNAPSHOT.jar:?]
	at org.apache.hadoop.ozone.protocolPB.OzoneManagerProtocolServerSideTranslatorPB.submitReadRequestToOM(OzoneManagerProtocolServerSideTranslatorPB.java:225) ~[ozone-manager-1.3.0-SNAPSHOT.jar:?]
	at org.apache.hadoop.ozone.protocolPB.OzoneManagerProtocolServerSideTranslatorPB.processRequest(OzoneManagerProtocolServerSideTranslatorPB.java:175) ~[ozone-manager-1.3.0-SNAPSHOT.jar:?]
	at org.apache.hadoop.hdds.server.OzoneProtocolMessageDispatcher.processRequest(OzoneProtocolMessageDispatcher.java:87) [hdds-server-framework-1.3.0-SNAPSHOT.jar:?]
	at org.apache.hadoop.ozone.protocolPB.OzoneManagerProtocolServerSideTranslatorPB.submitRequest(OzoneManagerProtocolServerSideTranslatorPB.java:147) [ozone-manager-1.3.0-SNAPSHOT.jar:?]
	at org.apache.hadoop.ozone.protocol.proto.OzoneManagerProtocolProtos$OzoneManagerService$2.callBlockingMethod(OzoneManagerProtocolProtos.java) [ozone-interface-client-1.3.0-SNAPSHOT.jar:?]
	at org.apache.hadoop.ipc.ProtobufRpcEngine$Server.processCall(ProtobufRpcEngine.java:466) [hadoop-common-3.3.1.jar:?]
	at org.apache.hadoop.ipc.ProtobufRpcEngine2$Server$ProtoBufRpcInvoker.call(ProtobufRpcEngine2.java:574) [hadoop-common-3.3.1.jar:?]
	at org.apache.hadoop.ipc.ProtobufRpcEngine2$Server$ProtoBufRpcInvoker.call(ProtobufRpcEngine2.java:552) [hadoop-common-3.3.1.jar:?]
	at org.apache.hadoop.ipc.RPC$Server.call(RPC.java:1093) [hadoop-common-3.3.1.jar:?]
	at org.apache.hadoop.ipc.Server$RpcCall.run(Server.java:1035) [hadoop-common-3.3.1.jar:?]
	at org.apache.hadoop.ipc.Server$RpcCall.run(Server.java:963) [hadoop-common-3.3.1.jar:?]
	at java.security.AccessController.doPrivileged(Native Method) ~[?:1.8.0_332]
	at javax.security.auth.Subject.doAs(Subject.java:422) [?:1.8.0_332]
	at org.apache.hadoop.security.UserGroupInformation.doAs(UserGroupInformation.java:1878) [hadoop-common-3.3.1.jar:?]
	at org.apache.hadoop.ipc.Server$Handler.run(Server.java:2966) [hadoop-common-3.3.1.jar:?]
13:52:52.124 [IPC Server handler 0 on default port 44727] ERROR OMAudit - user=runner | ip=127.0.0.1 | op=GET_FILE_STATUS {volume=volume19882, bucket=bucket92495, key=gdir1/dir3/child, dataSize=0, replicationConfig=null} | ret=FAILURE
org.apache.hadoop.ozone.om.exceptions.OMException: Unable to get file status: volume: volume19882 bucket: bucket92495 key: gdir1/dir3/child
	at org.apache.hadoop.ozone.om.KeyManagerImpl.getOzoneFileStatus(KeyManagerImpl.java:1311) ~[ozone-manager-1.3.0-SNAPSHOT.jar:?]
	at org.apache.hadoop.ozone.om.KeyManagerImpl.getFileStatus(KeyManagerImpl.java:1241) ~[ozone-manager-1.3.0-SNAPSHOT.jar:?]
	at org.apache.hadoop.ozone.om.OzoneManager.getFileStatus(OzoneManager.java:3419) ~[ozone-manager-1.3.0-SNAPSHOT.jar:?]
	at org.apache.hadoop.ozone.protocolPB.OzoneManagerRequestHandler.getOzoneFileStatus(OzoneManagerRequestHandler.java:871) ~[ozone-manager-1.3.0-SNAPSHOT.jar:?]
	at org.apache.hadoop.ozone.protocolPB.OzoneManagerRequestHandler.handleReadRequest(OzoneManagerRequestHandler.java:217) ~[ozone-manager-1.3.0-SNAPSHOT.jar:?]
	at org.apache.hadoop.ozone.protocolPB.OzoneManagerProtocolServerSideTranslatorPB.submitReadRequestToOM(OzoneManagerProtocolServerSideTranslatorPB.java:225) ~[ozone-manager-1.3.0-SNAPSHOT.jar:?]
	at org.apache.hadoop.ozone.protocolPB.OzoneManagerProtocolServerSideTranslatorPB.processRequest(OzoneManagerProtocolServerSideTranslatorPB.java:175) ~[ozone-manager-1.3.0-SNAPSHOT.jar:?]
	at org.apache.hadoop.hdds.server.OzoneProtocolMessageDispatcher.processRequest(OzoneProtocolMessageDispatcher.java:87) [hdds-server-framework-1.3.0-SNAPSHOT.jar:?]
	at org.apache.hadoop.ozone.protocolPB.OzoneManagerProtocolServerSideTranslatorPB.submitRequest(OzoneManagerProtocolServerSideTranslatorPB.java:147) [ozone-manager-1.3.0-SNAPSHOT.jar:?]
	at org.apache.hadoop.ozone.protocol.proto.OzoneManagerProtocolProtos$OzoneManagerService$2.callBlockingMethod(OzoneManagerProtocolProtos.java) [ozone-interface-client-1.3.0-SNAPSHOT.jar:?]
	at org.apache.hadoop.ipc.ProtobufRpcEngine$Server.processCall(ProtobufRpcEngine.java:466) [hadoop-common-3.3.1.jar:?]
	at org.apache.hadoop.ipc.ProtobufRpcEngine2$Server$ProtoBufRpcInvoker.call(ProtobufRpcEngine2.java:574) [hadoop-common-3.3.1.jar:?]
	at org.apache.hadoop.ipc.ProtobufRpcEngine2$Server$ProtoBufRpcInvoker.call(ProtobufRpcEngine2.java:552) [hadoop-common-3.3.1.jar:?]
	at org.apache.hadoop.ipc.RPC$Server.call(RPC.java:1093) [hadoop-common-3.3.1.jar:?]
	at org.apache.hadoop.ipc.Server$RpcCall.run(Server.java:1035) [hadoop-common-3.3.1.jar:?]
	at org.apache.hadoop.ipc.Server$RpcCall.run(Server.java:963) [hadoop-common-3.3.1.jar:?]
	at java.security.AccessController.doPrivileged(Native Method) ~[?:1.8.0_332]
	at javax.security.auth.Subject.doAs(Subject.java:422) [?:1.8.0_332]
	at org.apache.hadoop.security.UserGroupInformation.doAs(UserGroupInformation.java:1878) [hadoop-common-3.3.1.jar:?]
	at org.apache.hadoop.ipc.Server$Handler.run(Server.java:2966) [hadoop-common-3.3.1.jar:?]
13:52:52.125 [IPC Server handler 3 on default port 44727] ERROR OMAudit - user=runner | ip=127.0.0.1 | op=GET_FILE_STATUS {volume=volume19882, bucket=bucket92495, key=gdir1/dir4, dataSize=0, replicationConfig=null} | ret=FAILURE
org.apache.hadoop.ozone.om.exceptions.OMException: Unable to get file status: volume: volume19882 bucket: bucket92495 key: gdir1/dir4
	at org.apache.hadoop.ozone.om.KeyManagerImpl.getOzoneFileStatus(KeyManagerImpl.java:1311) ~[ozone-manager-1.3.0-SNAPSHOT.jar:?]
	at org.apache.hadoop.ozone.om.KeyManagerImpl.getFileStatus(KeyManagerImpl.java:1241) ~[ozone-manager-1.3.0-SNAPSHOT.jar:?]
	at org.apache.hadoop.ozone.om.OzoneManager.getFileStatus(OzoneManager.java:3419) ~[ozone-manager-1.3.0-SNAPSHOT.jar:?]
	at org.apache.hadoop.ozone.protocolPB.OzoneManagerRequestHandler.getOzoneFileStatus(OzoneManagerRequestHandler.java:871) ~[ozone-manager-1.3.0-SNAPSHOT.jar:?]
	at org.apache.hadoop.ozone.protocolPB.OzoneManagerRequestHandler.handleReadRequest(OzoneManagerRequestHandler.java:217) ~[ozone-manager-1.3.0-SNAPSHOT.jar:?]
	at org.apache.hadoop.ozone.protocolPB.OzoneManagerProtocolServerSideTranslatorPB.submitReadRequestToOM(OzoneManagerProtocolServerSideTranslatorPB.java:225) ~[ozone-manager-1.3.0-SNAPSHOT.jar:?]
	at org.apache.hadoop.ozone.protocolPB.OzoneManagerProtocolServerSideTranslatorPB.processRequest(OzoneManagerProtocolServerSideTranslatorPB.java:175) ~[ozone-manager-1.3.0-SNAPSHOT.jar:?]
	at org.apache.hadoop.hdds.server.OzoneProtocolMessageDispatcher.processRequest(OzoneProtocolMessageDispatcher.java:87) [hdds-server-framework-1.3.0-SNAPSHOT.jar:?]
	at org.apache.hadoop.ozone.protocolPB.OzoneManagerProtocolServerSideTranslatorPB.submitRequest(OzoneManagerProtocolServerSideTranslatorPB.java:147) [ozone-manager-1.3.0-SNAPSHOT.jar:?]
	at org.apache.hadoop.ozone.protocol.proto.OzoneManagerProtocolProtos$OzoneManagerService$2.callBlockingMethod(OzoneManagerProtocolProtos.java) [ozone-interface-client-1.3.0-SNAPSHOT.jar:?]
	at org.apache.hadoop.ipc.ProtobufRpcEngine$Server.processCall(ProtobufRpcEngine.java:466) [hadoop-common-3.3.1.jar:?]
	at org.apache.hadoop.ipc.ProtobufRpcEngine2$Server$ProtoBufRpcInvoker.call(ProtobufRpcEngine2.java:574) [hadoop-common-3.3.1.jar:?]
	at org.apache.hadoop.ipc.ProtobufRpcEngine2$Server$ProtoBufRpcInvoker.call(ProtobufRpcEngine2.java:552) [hadoop-common-3.3.1.jar:?]
	at org.apache.hadoop.ipc.RPC$Server.call(RPC.java:1093) [hadoop-common-3.3.1.jar:?]
	at org.apache.hadoop.ipc.Server$RpcCall.run(Server.java:1035) [hadoop-common-3.3.1.jar:?]
	at org.apache.hadoop.ipc.Server$RpcCall.run(Server.java:963) [hadoop-common-3.3.1.jar:?]
	at java.security.AccessController.doPrivileged(Native Method) ~[?:1.8.0_332]
	at javax.security.auth.Subject.doAs(Subject.java:422) [?:1.8.0_332]
	at org.apache.hadoop.security.UserGroupInformation.doAs(UserGroupInformation.java:1878) [hadoop-common-3.3.1.jar:?]
	at org.apache.hadoop.ipc.Server$Handler.run(Server.java:2966) [hadoop-common-3.3.1.jar:?]
13:52:52.127 [IPC Server handler 8 on default port 44727] ERROR OMAudit - user=runner | ip=127.0.0.1 | op=GET_FILE_STATUS {volume=volume19882, bucket=bucket92495, key=gdir1/dir4/child, dataSize=0, replicationConfig=null} | ret=FAILURE
org.apache.hadoop.ozone.om.exceptions.OMException: Unable to get file status: volume: volume19882 bucket: bucket92495 key: gdir1/dir4/child
	at org.apache.hadoop.ozone.om.KeyManagerImpl.getOzoneFileStatus(KeyManagerImpl.java:1311) ~[ozone-manager-1.3.0-SNAPSHOT.jar:?]
	at org.apache.hadoop.ozone.om.KeyManagerImpl.getFileStatus(KeyManagerImpl.java:1241) ~[ozone-manager-1.3.0-SNAPSHOT.jar:?]
	at org.apache.hadoop.ozone.om.OzoneManager.getFileStatus(OzoneManager.java:3419) ~[ozone-manager-1.3.0-SNAPSHOT.jar:?]
	at org.apache.hadoop.ozone.protocolPB.OzoneManagerRequestHandler.getOzoneFileStatus(OzoneManagerRequestHandler.java:871) ~[ozone-manager-1.3.0-SNAPSHOT.jar:?]
	at org.apache.hadoop.ozone.protocolPB.OzoneManagerRequestHandler.handleReadRequest(OzoneManagerRequestHandler.java:217) ~[ozone-manager-1.3.0-SNAPSHOT.jar:?]
	at org.apache.hadoop.ozone.protocolPB.OzoneManagerProtocolServerSideTranslatorPB.submitReadRequestToOM(OzoneManagerProtocolServerSideTranslatorPB.java:225) ~[ozone-manager-1.3.0-SNAPSHOT.jar:?]
	at org.apache.hadoop.ozone.protocolPB.OzoneManagerProtocolServerSideTranslatorPB.processRequest(OzoneManagerProtocolServerSideTranslatorPB.java:175) ~[ozone-manager-1.3.0-SNAPSHOT.jar:?]
	at org.apache.hadoop.hdds.server.OzoneProtocolMessageDispatcher.processRequest(OzoneProtocolMessageDispatcher.java:87) [hdds-server-framework-1.3.0-SNAPSHOT.jar:?]
	at org.apache.hadoop.ozone.protocolPB.OzoneManagerProtocolServerSideTranslatorPB.submitRequest(OzoneManagerProtocolServerSideTranslatorPB.java:147) [ozone-manager-1.3.0-SNAPSHOT.jar:?]
	at org.apache.hadoop.ozone.protocol.proto.OzoneManagerProtocolProtos$OzoneManagerService$2.callBlockingMethod(OzoneManagerProtocolProtos.java) [ozone-interface-client-1.3.0-SNAPSHOT.jar:?]
	at org.apache.hadoop.ipc.ProtobufRpcEngine$Server.processCall(ProtobufRpcEngine.java:466) [hadoop-common-3.3.1.jar:?]
	at org.apache.hadoop.ipc.ProtobufRpcEngine2$Server$ProtoBufRpcInvoker.call(ProtobufRpcEngine2.java:574) [hadoop-common-3.3.1.jar:?]
	at org.apache.hadoop.ipc.ProtobufRpcEngine2$Server$ProtoBufRpcInvoker.call(ProtobufRpcEngine2.java:552) [hadoop-common-3.3.1.jar:?]
	at org.apache.hadoop.ipc.RPC$Server.call(RPC.java:1093) [hadoop-common-3.3.1.jar:?]
	at org.apache.hadoop.ipc.Server$RpcCall.run(Server.java:1035) [hadoop-common-3.3.1.jar:?]
	at org.apache.hadoop.ipc.Server$RpcCall.run(Server.java:963) [hadoop-common-3.3.1.jar:?]
	at java.security.AccessController.doPrivileged(Native Method) ~[?:1.8.0_332]
	at javax.security.auth.Subject.doAs(Subject.java:422) [?:1.8.0_332]
	at org.apache.hadoop.security.UserGroupInformation.doAs(UserGroupInformation.java:1878) [hadoop-common-3.3.1.jar:?]
	at org.apache.hadoop.ipc.Server$Handler.run(Server.java:2966) [hadoop-common-3.3.1.jar:?]
13:52:52.128 [IPC Server handler 10 on default port 44727] ERROR OMAudit - user=runner | ip=127.0.0.1 | op=GET_FILE_STATUS {volume=volume19882, bucket=bucket92495, key=gdir1/dir5, dataSize=0, replicationConfig=null} | ret=FAILURE
org.apache.hadoop.ozone.om.exceptions.OMException: Unable to get file status: volume: volume19882 bucket: bucket92495 key: gdir1/dir5
	at org.apache.hadoop.ozone.om.KeyManagerImpl.getOzoneFileStatus(KeyManagerImpl.java:1311) ~[ozone-manager-1.3.0-SNAPSHOT.jar:?]
	at org.apache.hadoop.ozone.om.KeyManagerImpl.getFileStatus(KeyManagerImpl.java:1241) ~[ozone-manager-1.3.0-SNAPSHOT.jar:?]
	at org.apache.hadoop.ozone.om.OzoneManager.getFileStatus(OzoneManager.java:3419) ~[ozone-manager-1.3.0-SNAPSHOT.jar:?]
	at org.apache.hadoop.ozone.protocolPB.OzoneManagerRequestHandler.getOzoneFileStatus(OzoneManagerRequestHandler.java:871) ~[ozone-manager-1.3.0-SNAPSHOT.jar:?]
	at org.apache.hadoop.ozone.protocolPB.OzoneManagerRequestHandler.handleReadRequest(OzoneManagerRequestHandler.java:217) ~[ozone-manager-1.3.0-SNAPSHOT.jar:?]
	at org.apache.hadoop.ozone.protocolPB.OzoneManagerProtocolServerSideTranslatorPB.submitReadRequestToOM(OzoneManagerProtocolServerSideTranslatorPB.java:225) ~[ozone-manager-1.3.0-SNAPSHOT.jar:?]
	at org.apache.hadoop.ozone.protocolPB.OzoneManagerProtocolServerSideTranslatorPB.processRequest(OzoneManagerProtocolServerSideTranslatorPB.java:175) ~[ozone-manager-1.3.0-SNAPSHOT.jar:?]
	at org.apache.hadoop.hdds.server.OzoneProtocolMessageDispatcher.processRequest(OzoneProtocolMessageDispatcher.java:87) [hdds-server-framework-1.3.0-SNAPSHOT.jar:?]
	at org.apache.hadoop.ozone.protocolPB.OzoneManagerProtocolServerSideTranslatorPB.submitRequest(OzoneManagerProtocolServerSideTranslatorPB.java:147) [ozone-manager-1.3.0-SNAPSHOT.jar:?]
	at org.apache.hadoop.ozone.protocol.proto.OzoneManagerProtocolProtos$OzoneManagerService$2.callBlockingMethod(OzoneManagerProtocolProtos.java) [ozone-interface-client-1.3.0-SNAPSHOT.jar:?]
	at org.apache.hadoop.ipc.ProtobufRpcEngine$Server.processCall(ProtobufRpcEngine.java:466) [hadoop-common-3.3.1.jar:?]
	at org.apache.hadoop.ipc.ProtobufRpcEngine2$Server$ProtoBufRpcInvoker.call(ProtobufRpcEngine2.java:574) [hadoop-common-3.3.1.jar:?]
	at org.apache.hadoop.ipc.ProtobufRpcEngine2$Server$ProtoBufRpcInvoker.call(ProtobufRpcEngine2.java:552) [hadoop-common-3.3.1.jar:?]
	at org.apache.hadoop.ipc.RPC$Server.call(RPC.java:1093) [hadoop-common-3.3.1.jar:?]
	at org.apache.hadoop.ipc.Server$RpcCall.run(Server.java:1035) [hadoop-common-3.3.1.jar:?]
	at org.apache.hadoop.ipc.Server$RpcCall.run(Server.java:963) [hadoop-common-3.3.1.jar:?]
	at java.security.AccessController.doPrivileged(Native Method) ~[?:1.8.0_332]
	at javax.security.auth.Subject.doAs(Subject.java:422) [?:1.8.0_332]
	at org.apache.hadoop.security.UserGroupInformation.doAs(UserGroupInformation.java:1878) [hadoop-common-3.3.1.jar:?]
	at org.apache.hadoop.ipc.Server$Handler.run(Server.java:2966) [hadoop-common-3.3.1.jar:?]
13:52:52.129 [IPC Server handler 2 on default port 44727] ERROR OMAudit - user=runner | ip=127.0.0.1 | op=GET_FILE_STATUS {volume=volume19882, bucket=bucket92495, key=gdir1/dir5/child, dataSize=0, replicationConfig=null} | ret=FAILURE
org.apache.hadoop.ozone.om.exceptions.OMException: Unable to get file status: volume: volume19882 bucket: bucket92495 key: gdir1/dir5/child
	at org.apache.hadoop.ozone.om.KeyManagerImpl.getOzoneFileStatus(KeyManagerImpl.java:1311) ~[ozone-manager-1.3.0-SNAPSHOT.jar:?]
	at org.apache.hadoop.ozone.om.KeyManagerImpl.getFileStatus(KeyManagerImpl.java:1241) ~[ozone-manager-1.3.0-SNAPSHOT.jar:?]
	at org.apache.hadoop.ozone.om.OzoneManager.getFileStatus(OzoneManager.java:3419) ~[ozone-manager-1.3.0-SNAPSHOT.jar:?]
	at org.apache.hadoop.ozone.protocolPB.OzoneManagerRequestHandler.getOzoneFileStatus(OzoneManagerRequestHandler.java:871) ~[ozone-manager-1.3.0-SNAPSHOT.jar:?]
	at org.apache.hadoop.ozone.protocolPB.OzoneManagerRequestHandler.handleReadRequest(OzoneManagerRequestHandler.java:217) ~[ozone-manager-1.3.0-SNAPSHOT.jar:?]
	at org.apache.hadoop.ozone.protocolPB.OzoneManagerProtocolServerSideTranslatorPB.submitReadRequestToOM(OzoneManagerProtocolServerSideTranslatorPB.java:225) ~[ozone-manager-1.3.0-SNAPSHOT.jar:?]
	at org.apache.hadoop.ozone.protocolPB.OzoneManagerProtocolServerSideTranslatorPB.processRequest(OzoneManagerProtocolServerSideTranslatorPB.java:175) ~[ozone-manager-1.3.0-SNAPSHOT.jar:?]
	at org.apache.hadoop.hdds.server.OzoneProtocolMessageDispatcher.processRequest(OzoneProtocolMessageDispatcher.java:87) [hdds-server-framework-1.3.0-SNAPSHOT.jar:?]
	at org.apache.hadoop.ozone.protocolPB.OzoneManagerProtocolServerSideTranslatorPB.submitRequest(OzoneManagerProtocolServerSideTranslatorPB.java:147) [ozone-manager-1.3.0-SNAPSHOT.jar:?]
	at org.apache.hadoop.ozone.protocol.proto.OzoneManagerProtocolProtos$OzoneManagerService$2.callBlockingMethod(OzoneManagerProtocolProtos.java) [ozone-interface-client-1.3.0-SNAPSHOT.jar:?]
	at org.apache.hadoop.ipc.ProtobufRpcEngine$Server.processCall(ProtobufRpcEngine.java:466) [hadoop-common-3.3.1.jar:?]
	at org.apache.hadoop.ipc.ProtobufRpcEngine2$Server$ProtoBufRpcInvoker.call(ProtobufRpcEngine2.java:574) [hadoop-common-3.3.1.jar:?]
	at org.apache.hadoop.ipc.ProtobufRpcEngine2$Server$ProtoBufRpcInvoker.call(ProtobufRpcEngine2.java:552) [hadoop-common-3.3.1.jar:?]
	at org.apache.hadoop.ipc.RPC$Server.call(RPC.java:1093) [hadoop-common-3.3.1.jar:?]
	at org.apache.hadoop.ipc.Server$RpcCall.run(Server.java:1035) [hadoop-common-3.3.1.jar:?]
	at org.apache.hadoop.ipc.Server$RpcCall.run(Server.java:963) [hadoop-common-3.3.1.jar:?]
	at java.security.AccessController.doPrivileged(Native Method) ~[?:1.8.0_332]
	at javax.security.auth.Subject.doAs(Subject.java:422) [?:1.8.0_332]
	at org.apache.hadoop.security.UserGroupInformation.doAs(UserGroupInformation.java:1878) [hadoop-common-3.3.1.jar:?]
	at org.apache.hadoop.ipc.Server$Handler.run(Server.java:2966) [hadoop-common-3.3.1.jar:?]
13:52:52.131 [IPC Server handler 1 on default port 44727] ERROR OMAudit - user=runner | ip=127.0.0.1 | op=GET_FILE_STATUS {volume=volume19882, bucket=bucket92495, key=gdir1/dir6, dataSize=0, replicationConfig=null} | ret=FAILURE
org.apache.hadoop.ozone.om.exceptions.OMException: Unable to get file status: volume: volume19882 bucket: bucket92495 key: gdir1/dir6
	at org.apache.hadoop.ozone.om.KeyManagerImpl.getOzoneFileStatus(KeyManagerImpl.java:1311) ~[ozone-manager-1.3.0-SNAPSHOT.jar:?]
	at org.apache.hadoop.ozone.om.KeyManagerImpl.getFileStatus(KeyManagerImpl.java:1241) ~[ozone-manager-1.3.0-SNAPSHOT.jar:?]
	at org.apache.hadoop.ozone.om.OzoneManager.getFileStatus(OzoneManager.java:3419) ~[ozone-manager-1.3.0-SNAPSHOT.jar:?]
	at org.apache.hadoop.ozone.protocolPB.OzoneManagerRequestHandler.getOzoneFileStatus(OzoneManagerRequestHandler.java:871) ~[ozone-manager-1.3.0-SNAPSHOT.jar:?]
	at org.apache.hadoop.ozone.protocolPB.OzoneManagerRequestHandler.handleReadRequest(OzoneManagerRequestHandler.java:217) ~[ozone-manager-1.3.0-SNAPSHOT.jar:?]
	at org.apache.hadoop.ozone.protocolPB.OzoneManagerProtocolServerSideTranslatorPB.submitReadRequestToOM(OzoneManagerProtocolServerSideTranslatorPB.java:225) ~[ozone-manager-1.3.0-SNAPSHOT.jar:?]
	at org.apache.hadoop.ozone.protocolPB.OzoneManagerProtocolServerSideTranslatorPB.processRequest(OzoneManagerProtocolServerSideTranslatorPB.java:175) ~[ozone-manager-1.3.0-SNAPSHOT.jar:?]
	at org.apache.hadoop.hdds.server.OzoneProtocolMessageDispatcher.processRequest(OzoneProtocolMessageDispatcher.java:87) [hdds-server-framework-1.3.0-SNAPSHOT.jar:?]
	at org.apache.hadoop.ozone.protocolPB.OzoneManagerProtocolServerSideTranslatorPB.submitRequest(OzoneManagerProtocolServerSideTranslatorPB.java:147) [ozone-manager-1.3.0-SNAPSHOT.jar:?]
	at org.apache.hadoop.ozone.protocol.proto.OzoneManagerProtocolProtos$OzoneManagerService$2.callBlockingMethod(OzoneManagerProtocolProtos.java) [ozone-interface-client-1.3.0-SNAPSHOT.jar:?]
	at org.apache.hadoop.ipc.ProtobufRpcEngine$Server.processCall(ProtobufRpcEngine.java:466) [hadoop-common-3.3.1.jar:?]
	at org.apache.hadoop.ipc.ProtobufRpcEngine2$Server$ProtoBufRpcInvoker.call(ProtobufRpcEngine2.java:574) [hadoop-common-3.3.1.jar:?]
	at org.apache.hadoop.ipc.ProtobufRpcEngine2$Server$ProtoBufRpcInvoker.call(ProtobufRpcEngine2.java:552) [hadoop-common-3.3.1.jar:?]
	at org.apache.hadoop.ipc.RPC$Server.call(RPC.java:1093) [hadoop-common-3.3.1.jar:?]
	at org.apache.hadoop.ipc.Server$RpcCall.run(Server.java:1035) [hadoop-common-3.3.1.jar:?]
	at org.apache.hadoop.ipc.Server$RpcCall.run(Server.java:963) [hadoop-common-3.3.1.jar:?]
	at java.security.AccessController.doPrivileged(Native Method) ~[?:1.8.0_332]
	at javax.security.auth.Subject.doAs(Subject.java:422) [?:1.8.0_332]
	at org.apache.hadoop.security.UserGroupInformation.doAs(UserGroupInformation.java:1878) [hadoop-common-3.3.1.jar:?]
	at org.apache.hadoop.ipc.Server$Handler.run(Server.java:2966) [hadoop-common-3.3.1.jar:?]
13:52:52.132 [IPC Server handler 6 on default port 44727] ERROR OMAudit - user=runner | ip=127.0.0.1 | op=GET_FILE_STATUS {volume=volume19882, bucket=bucket92495, key=gdir1/dir6/child, dataSize=0, replicationConfig=null} | ret=FAILURE
org.apache.hadoop.ozone.om.exceptions.OMException: Unable to get file status: volume: volume19882 bucket: bucket92495 key: gdir1/dir6/child
	at org.apache.hadoop.ozone.om.KeyManagerImpl.getOzoneFileStatus(KeyManagerImpl.java:1311) ~[ozone-manager-1.3.0-SNAPSHOT.jar:?]
	at org.apache.hadoop.ozone.om.KeyManagerImpl.getFileStatus(KeyManagerImpl.java:1241) ~[ozone-manager-1.3.0-SNAPSHOT.jar:?]
	at org.apache.hadoop.ozone.om.OzoneManager.getFileStatus(OzoneManager.java:3419) ~[ozone-manager-1.3.0-SNAPSHOT.jar:?]
	at org.apache.hadoop.ozone.protocolPB.OzoneManagerRequestHandler.getOzoneFileStatus(OzoneManagerRequestHandler.java:871) ~[ozone-manager-1.3.0-SNAPSHOT.jar:?]
	at org.apache.hadoop.ozone.protocolPB.OzoneManagerRequestHandler.handleReadRequest(OzoneManagerRequestHandler.java:217) ~[ozone-manager-1.3.0-SNAPSHOT.jar:?]
	at org.apache.hadoop.ozone.protocolPB.OzoneManagerProtocolServerSideTranslatorPB.submitReadRequestToOM(OzoneManagerProtocolServerSideTranslatorPB.java:225) ~[ozone-manager-1.3.0-SNAPSHOT.jar:?]
	at org.apache.hadoop.ozone.protocolPB.OzoneManagerProtocolServerSideTranslatorPB.processRequest(OzoneManagerProtocolServerSideTranslatorPB.java:175) ~[ozone-manager-1.3.0-SNAPSHOT.jar:?]
	at org.apache.hadoop.hdds.server.OzoneProtocolMessageDispatcher.processRequest(OzoneProtocolMessageDispatcher.java:87) [hdds-server-framework-1.3.0-SNAPSHOT.jar:?]
	at org.apache.hadoop.ozone.protocolPB.OzoneManagerProtocolServerSideTranslatorPB.submitRequest(OzoneManagerProtocolServerSideTranslatorPB.java:147) [ozone-manager-1.3.0-SNAPSHOT.jar:?]
	at org.apache.hadoop.ozone.protocol.proto.OzoneManagerProtocolProtos$OzoneManagerService$2.callBlockingMethod(OzoneManagerProtocolProtos.java) [ozone-interface-client-1.3.0-SNAPSHOT.jar:?]
	at org.apache.hadoop.ipc.ProtobufRpcEngine$Server.processCall(ProtobufRpcEngine.java:466) [hadoop-common-3.3.1.jar:?]
	at org.apache.hadoop.ipc.ProtobufRpcEngine2$Server$ProtoBufRpcInvoker.call(ProtobufRpcEngine2.java:574) [hadoop-common-3.3.1.jar:?]
	at org.apache.hadoop.ipc.ProtobufRpcEngine2$Server$ProtoBufRpcInvoker.call(ProtobufRpcEngine2.java:552) [hadoop-common-3.3.1.jar:?]
	at org.apache.hadoop.ipc.RPC$Server.call(RPC.java:1093) [hadoop-common-3.3.1.jar:?]
	at org.apache.hadoop.ipc.Server$RpcCall.run(Server.java:1035) [hadoop-common-3.3.1.jar:?]
	at org.apache.hadoop.ipc.Server$RpcCall.run(Server.java:963) [hadoop-common-3.3.1.jar:?]
	at java.security.AccessController.doPrivileged(Native Method) ~[?:1.8.0_332]
	at javax.security.auth.Subject.doAs(Subject.java:422) [?:1.8.0_332]
	at org.apache.hadoop.security.UserGroupInformation.doAs(UserGroupInformation.java:1878) [hadoop-common-3.3.1.jar:?]
	at org.apache.hadoop.ipc.Server$Handler.run(Server.java:2966) [hadoop-common-3.3.1.jar:?]
13:52:52.133 [IPC Server handler 5 on default port 44727] ERROR OMAudit - user=runner | ip=127.0.0.1 | op=GET_FILE_STATUS {volume=volume19882, bucket=bucket92495, key=gdir1/dir7, dataSize=0, replicationConfig=null} | ret=FAILURE
org.apache.hadoop.ozone.om.exceptions.OMException: Unable to get file status: volume: volume19882 bucket: bucket92495 key: gdir1/dir7
	at org.apache.hadoop.ozone.om.KeyManagerImpl.getOzoneFileStatus(KeyManagerImpl.java:1311) ~[ozone-manager-1.3.0-SNAPSHOT.jar:?]
	at org.apache.hadoop.ozone.om.KeyManagerImpl.getFileStatus(KeyManagerImpl.java:1241) ~[ozone-manager-1.3.0-SNAPSHOT.jar:?]
	at org.apache.hadoop.ozone.om.OzoneManager.getFileStatus(OzoneManager.java:3419) ~[ozone-manager-1.3.0-SNAPSHOT.jar:?]
	at org.apache.hadoop.ozone.protocolPB.OzoneManagerRequestHandler.getOzoneFileStatus(OzoneManagerRequestHandler.java:871) ~[ozone-manager-1.3.0-SNAPSHOT.jar:?]
	at org.apache.hadoop.ozone.protocolPB.OzoneManagerRequestHandler.handleReadRequest(OzoneManagerRequestHandler.java:217) ~[ozone-manager-1.3.0-SNAPSHOT.jar:?]
	at org.apache.hadoop.ozone.protocolPB.OzoneManagerProtocolServerSideTranslatorPB.submitReadRequestToOM(OzoneManagerProtocolServerSideTranslatorPB.java:225) ~[ozone-manager-1.3.0-SNAPSHOT.jar:?]
	at org.apache.hadoop.ozone.protocolPB.OzoneManagerProtocolServerSideTranslatorPB.processRequest(OzoneManagerProtocolServerSideTranslatorPB.java:175) ~[ozone-manager-1.3.0-SNAPSHOT.jar:?]
	at org.apache.hadoop.hdds.server.OzoneProtocolMessageDispatcher.processRequest(OzoneProtocolMessageDispatcher.java:87) [hdds-server-framework-1.3.0-SNAPSHOT.jar:?]
	at org.apache.hadoop.ozone.protocolPB.OzoneManagerProtocolServerSideTranslatorPB.submitRequest(OzoneManagerProtocolServerSideTranslatorPB.java:147) [ozone-manager-1.3.0-SNAPSHOT.jar:?]
	at org.apache.hadoop.ozone.protocol.proto.OzoneManagerProtocolProtos$OzoneManagerService$2.callBlockingMethod(OzoneManagerProtocolProtos.java) [ozone-interface-client-1.3.0-SNAPSHOT.jar:?]
	at org.apache.hadoop.ipc.ProtobufRpcEngine$Server.processCall(ProtobufRpcEngine.java:466) [hadoop-common-3.3.1.jar:?]
	at org.apache.hadoop.ipc.ProtobufRpcEngine2$Server$ProtoBufRpcInvoker.call(ProtobufRpcEngine2.java:574) [hadoop-common-3.3.1.jar:?]
	at org.apache.hadoop.ipc.ProtobufRpcEngine2$Server$ProtoBufRpcInvoker.call(ProtobufRpcEngine2.java:552) [hadoop-common-3.3.1.jar:?]
	at org.apache.hadoop.ipc.RPC$Server.call(RPC.java:1093) [hadoop-common-3.3.1.jar:?]
	at org.apache.hadoop.ipc.Server$RpcCall.run(Server.java:1035) [hadoop-common-3.3.1.jar:?]
	at org.apache.hadoop.ipc.Server$RpcCall.run(Server.java:963) [hadoop-common-3.3.1.jar:?]
	at java.security.AccessController.doPrivileged(Native Method) ~[?:1.8.0_332]
	at javax.security.auth.Subject.doAs(Subject.java:422) [?:1.8.0_332]
	at org.apache.hadoop.security.UserGroupInformation.doAs(UserGroupInformation.java:1878) [hadoop-common-3.3.1.jar:?]
	at org.apache.hadoop.ipc.Server$Handler.run(Server.java:2966) [hadoop-common-3.3.1.jar:?]
13:52:52.134 [IPC Server handler 9 on default port 44727] ERROR OMAudit - user=runner | ip=127.0.0.1 | op=GET_FILE_STATUS {volume=volume19882, bucket=bucket92495, key=gdir1/dir7/child, dataSize=0, replicationConfig=null} | ret=FAILURE
org.apache.hadoop.ozone.om.exceptions.OMException: Unable to get file status: volume: volume19882 bucket: bucket92495 key: gdir1/dir7/child
	at org.apache.hadoop.ozone.om.KeyManagerImpl.getOzoneFileStatus(KeyManagerImpl.java:1311) ~[ozone-manager-1.3.0-SNAPSHOT.jar:?]
	at org.apache.hadoop.ozone.om.KeyManagerImpl.getFileStatus(KeyManagerImpl.java:1241) ~[ozone-manager-1.3.0-SNAPSHOT.jar:?]
	at org.apache.hadoop.ozone.om.OzoneManager.getFileStatus(OzoneManager.java:3419) ~[ozone-manager-1.3.0-SNAPSHOT.jar:?]
	at org.apache.hadoop.ozone.protocolPB.OzoneManagerRequestHandler.getOzoneFileStatus(OzoneManagerRequestHandler.java:871) ~[ozone-manager-1.3.0-SNAPSHOT.jar:?]
	at org.apache.hadoop.ozone.protocolPB.OzoneManagerRequestHandler.handleReadRequest(OzoneManagerRequestHandler.java:217) ~[ozone-manager-1.3.0-SNAPSHOT.jar:?]
	at org.apache.hadoop.ozone.protocolPB.OzoneManagerProtocolServerSideTranslatorPB.submitReadRequestToOM(OzoneManagerProtocolServerSideTranslatorPB.java:225) ~[ozone-manager-1.3.0-SNAPSHOT.jar:?]
	at org.apache.hadoop.ozone.protocolPB.OzoneManagerProtocolServerSideTranslatorPB.processRequest(OzoneManagerProtocolServerSideTranslatorPB.java:175) ~[ozone-manager-1.3.0-SNAPSHOT.jar:?]
	at org.apache.hadoop.hdds.server.OzoneProtocolMessageDispatcher.processRequest(OzoneProtocolMessageDispatcher.java:87) [hdds-server-framework-1.3.0-SNAPSHOT.jar:?]
	at org.apache.hadoop.ozone.protocolPB.OzoneManagerProtocolServerSideTranslatorPB.submitRequest(OzoneManagerProtocolServerSideTranslatorPB.java:147) [ozone-manager-1.3.0-SNAPSHOT.jar:?]
	at org.apache.hadoop.ozone.protocol.proto.OzoneManagerProtocolProtos$OzoneManagerService$2.callBlockingMethod(OzoneManagerProtocolProtos.java) [ozone-interface-client-1.3.0-SNAPSHOT.jar:?]
	at org.apache.hadoop.ipc.ProtobufRpcEngine$Server.processCall(ProtobufRpcEngine.java:466) [hadoop-common-3.3.1.jar:?]
	at org.apache.hadoop.ipc.ProtobufRpcEngine2$Server$ProtoBufRpcInvoker.call(ProtobufRpcEngine2.java:574) [hadoop-common-3.3.1.jar:?]
	at org.apache.hadoop.ipc.ProtobufRpcEngine2$Server$ProtoBufRpcInvoker.call(ProtobufRpcEngine2.java:552) [hadoop-common-3.3.1.jar:?]
	at org.apache.hadoop.ipc.RPC$Server.call(RPC.java:1093) [hadoop-common-3.3.1.jar:?]
	at org.apache.hadoop.ipc.Server$RpcCall.run(Server.java:1035) [hadoop-common-3.3.1.jar:?]
	at org.apache.hadoop.ipc.Server$RpcCall.run(Server.java:963) [hadoop-common-3.3.1.jar:?]
	at java.security.AccessController.doPrivileged(Native Method) ~[?:1.8.0_332]
	at javax.security.auth.Subject.doAs(Subject.java:422) [?:1.8.0_332]
	at org.apache.hadoop.security.UserGroupInformation.doAs(UserGroupInformation.java:1878) [hadoop-common-3.3.1.jar:?]
	at org.apache.hadoop.ipc.Server$Handler.run(Server.java:2966) [hadoop-common-3.3.1.jar:?]
13:52:52.136 [IPC Server handler 11 on default port 44727] ERROR OMAudit - user=runner | ip=127.0.0.1 | op=GET_FILE_STATUS {volume=volume19882, bucket=bucket92495, key=gdir1/dir8, dataSize=0, replicationConfig=null} | ret=FAILURE
org.apache.hadoop.ozone.om.exceptions.OMException: Unable to get file status: volume: volume19882 bucket: bucket92495 key: gdir1/dir8
	at org.apache.hadoop.ozone.om.KeyManagerImpl.getOzoneFileStatus(KeyManagerImpl.java:1311) ~[ozone-manager-1.3.0-SNAPSHOT.jar:?]
	at org.apache.hadoop.ozone.om.KeyManagerImpl.getFileStatus(KeyManagerImpl.java:1241) ~[ozone-manager-1.3.0-SNAPSHOT.jar:?]
	at org.apache.hadoop.ozone.om.OzoneManager.getFileStatus(OzoneManager.java:3419) ~[ozone-manager-1.3.0-SNAPSHOT.jar:?]
	at org.apache.hadoop.ozone.protocolPB.OzoneManagerRequestHandler.getOzoneFileStatus(OzoneManagerRequestHandler.java:871) ~[ozone-manager-1.3.0-SNAPSHOT.jar:?]
	at org.apache.hadoop.ozone.protocolPB.OzoneManagerRequestHandler.handleReadRequest(OzoneManagerRequestHandler.java:217) ~[ozone-manager-1.3.0-SNAPSHOT.jar:?]
	at org.apache.hadoop.ozone.protocolPB.OzoneManagerProtocolServerSideTranslatorPB.submitReadRequestToOM(OzoneManagerProtocolServerSideTranslatorPB.java:225) ~[ozone-manager-1.3.0-SNAPSHOT.jar:?]
	at org.apache.hadoop.ozone.protocolPB.OzoneManagerProtocolServerSideTranslatorPB.processRequest(OzoneManagerProtocolServerSideTranslatorPB.java:175) ~[ozone-manager-1.3.0-SNAPSHOT.jar:?]
	at org.apache.hadoop.hdds.server.OzoneProtocolMessageDispatcher.processRequest(OzoneProtocolMessageDispatcher.java:87) [hdds-server-framework-1.3.0-SNAPSHOT.jar:?]
	at org.apache.hadoop.ozone.protocolPB.OzoneManagerProtocolServerSideTranslatorPB.submitRequest(OzoneManagerProtocolServerSideTranslatorPB.java:147) [ozone-manager-1.3.0-SNAPSHOT.jar:?]
	at org.apache.hadoop.ozone.protocol.proto.OzoneManagerProtocolProtos$OzoneManagerService$2.callBlockingMethod(OzoneManagerProtocolProtos.java) [ozone-interface-client-1.3.0-SNAPSHOT.jar:?]
	at org.apache.hadoop.ipc.ProtobufRpcEngine$Server.processCall(ProtobufRpcEngine.java:466) [hadoop-common-3.3.1.jar:?]
	at org.apache.hadoop.ipc.ProtobufRpcEngine2$Server$ProtoBufRpcInvoker.call(ProtobufRpcEngine2.java:574) [hadoop-common-3.3.1.jar:?]
	at org.apache.hadoop.ipc.ProtobufRpcEngine2$Server$ProtoBufRpcInvoker.call(ProtobufRpcEngine2.java:552) [hadoop-common-3.3.1.jar:?]
	at org.apache.hadoop.ipc.RPC$Server.call(RPC.java:1093) [hadoop-common-3.3.1.jar:?]
	at org.apache.hadoop.ipc.Server$RpcCall.run(Server.java:1035) [hadoop-common-3.3.1.jar:?]
	at org.apache.hadoop.ipc.Server$RpcCall.run(Server.java:963) [hadoop-common-3.3.1.jar:?]
	at java.security.AccessController.doPrivileged(Native Method) ~[?:1.8.0_332]
	at javax.security.auth.Subject.doAs(Subject.java:422) [?:1.8.0_332]
	at org.apache.hadoop.security.UserGroupInformation.doAs(UserGroupInformation.java:1878) [hadoop-common-3.3.1.jar:?]
	at org.apache.hadoop.ipc.Server$Handler.run(Server.java:2966) [hadoop-common-3.3.1.jar:?]
13:52:52.138 [IPC Server handler 7 on default port 44727] ERROR OMAudit - user=runner | ip=127.0.0.1 | op=GET_FILE_STATUS {volume=volume19882, bucket=bucket92495, key=gdir1/dir8/child, dataSize=0, replicationConfig=null} | ret=FAILURE
org.apache.hadoop.ozone.om.exceptions.OMException: Unable to get file status: volume: volume19882 bucket: bucket92495 key: gdir1/dir8/child
	at org.apache.hadoop.ozone.om.KeyManagerImpl.getOzoneFileStatus(KeyManagerImpl.java:1311) ~[ozone-manager-1.3.0-SNAPSHOT.jar:?]
	at org.apache.hadoop.ozone.om.KeyManagerImpl.getFileStatus(KeyManagerImpl.java:1241) ~[ozone-manager-1.3.0-SNAPSHOT.jar:?]
	at org.apache.hadoop.ozone.om.OzoneManager.getFileStatus(OzoneManager.java:3419) ~[ozone-manager-1.3.0-SNAPSHOT.jar:?]
	at org.apache.hadoop.ozone.protocolPB.OzoneManagerRequestHandler.getOzoneFileStatus(OzoneManagerRequestHandler.java:871) ~[ozone-manager-1.3.0-SNAPSHOT.jar:?]
	at org.apache.hadoop.ozone.protocolPB.OzoneManagerRequestHandler.handleReadRequest(OzoneManagerRequestHandler.java:217) ~[ozone-manager-1.3.0-SNAPSHOT.jar:?]
	at org.apache.hadoop.ozone.protocolPB.OzoneManagerProtocolServerSideTranslatorPB.submitReadRequestToOM(OzoneManagerProtocolServerSideTranslatorPB.java:225) ~[ozone-manager-1.3.0-SNAPSHOT.jar:?]
	at org.apache.hadoop.ozone.protocolPB.OzoneManagerProtocolServerSideTranslatorPB.processRequest(OzoneManagerProtocolServerSideTranslatorPB.java:175) ~[ozone-manager-1.3.0-SNAPSHOT.jar:?]
	at org.apache.hadoop.hdds.server.OzoneProtocolMessageDispatcher.processRequest(OzoneProtocolMessageDispatcher.java:87) [hdds-server-framework-1.3.0-SNAPSHOT.jar:?]
	at org.apache.hadoop.ozone.protocolPB.OzoneManagerProtocolServerSideTranslatorPB.submitRequest(OzoneManagerProtocolServerSideTranslatorPB.java:147) [ozone-manager-1.3.0-SNAPSHOT.jar:?]
	at org.apache.hadoop.ozone.protocol.proto.OzoneManagerProtocolProtos$OzoneManagerService$2.callBlockingMethod(OzoneManagerProtocolProtos.java) [ozone-interface-client-1.3.0-SNAPSHOT.jar:?]
	at org.apache.hadoop.ipc.ProtobufRpcEngine$Server.processCall(ProtobufRpcEngine.java:466) [hadoop-common-3.3.1.jar:?]
	at org.apache.hadoop.ipc.ProtobufRpcEngine2$Server$ProtoBufRpcInvoker.call(ProtobufRpcEngine2.java:574) [hadoop-common-3.3.1.jar:?]
	at org.apache.hadoop.ipc.ProtobufRpcEngine2$Server$ProtoBufRpcInvoker.call(ProtobufRpcEngine2.java:552) [hadoop-common-3.3.1.jar:?]
	at org.apache.hadoop.ipc.RPC$Server.call(RPC.java:1093) [hadoop-common-3.3.1.jar:?]
	at org.apache.hadoop.ipc.Server$RpcCall.run(Server.java:1035) [hadoop-common-3.3.1.jar:?]
	at org.apache.hadoop.ipc.Server$RpcCall.run(Server.java:963) [hadoop-common-3.3.1.jar:?]
	at java.security.AccessController.doPrivileged(Native Method) ~[?:1.8.0_332]
	at javax.security.auth.Subject.doAs(Subject.java:422) [?:1.8.0_332]
	at org.apache.hadoop.security.UserGroupInformation.doAs(UserGroupInformation.java:1878) [hadoop-common-3.3.1.jar:?]
	at org.apache.hadoop.ipc.Server$Handler.run(Server.java:2966) [hadoop-common-3.3.1.jar:?]
13:52:52.140 [IPC Server handler 15 on default port 44727] ERROR OMAudit - user=runner | ip=127.0.0.1 | op=GET_FILE_STATUS {volume=volume19882, bucket=bucket92495, key=gdir1/dir9, dataSize=0, replicationConfig=null} | ret=FAILURE
org.apache.hadoop.ozone.om.exceptions.OMException: Unable to get file status: volume: volume19882 bucket: bucket92495 key: gdir1/dir9
	at org.apache.hadoop.ozone.om.KeyManagerImpl.getOzoneFileStatus(KeyManagerImpl.java:1311) ~[ozone-manager-1.3.0-SNAPSHOT.jar:?]
	at org.apache.hadoop.ozone.om.KeyManagerImpl.getFileStatus(KeyManagerImpl.java:1241) ~[ozone-manager-1.3.0-SNAPSHOT.jar:?]
	at org.apache.hadoop.ozone.om.OzoneManager.getFileStatus(OzoneManager.java:3419) ~[ozone-manager-1.3.0-SNAPSHOT.jar:?]
	at org.apache.hadoop.ozone.protocolPB.OzoneManagerRequestHandler.getOzoneFileStatus(OzoneManagerRequestHandler.java:871) ~[ozone-manager-1.3.0-SNAPSHOT.jar:?]
	at org.apache.hadoop.ozone.protocolPB.OzoneManagerRequestHandler.handleReadRequest(OzoneManagerRequestHandler.java:217) ~[ozone-manager-1.3.0-SNAPSHOT.jar:?]
	at org.apache.hadoop.ozone.protocolPB.OzoneManagerProtocolServerSideTranslatorPB.submitReadRequestToOM(OzoneManagerProtocolServerSideTranslatorPB.java:225) ~[ozone-manager-1.3.0-SNAPSHOT.jar:?]
	at org.apache.hadoop.ozone.protocolPB.OzoneManagerProtocolServerSideTranslatorPB.processRequest(OzoneManagerProtocolServerSideTranslatorPB.java:175) ~[ozone-manager-1.3.0-SNAPSHOT.jar:?]
	at org.apache.hadoop.hdds.server.OzoneProtocolMessageDispatcher.processRequest(OzoneProtocolMessageDispatcher.java:87) [hdds-server-framework-1.3.0-SNAPSHOT.jar:?]
	at org.apache.hadoop.ozone.protocolPB.OzoneManagerProtocolServerSideTranslatorPB.submitRequest(OzoneManagerProtocolServerSideTranslatorPB.java:147) [ozone-manager-1.3.0-SNAPSHOT.jar:?]
	at org.apache.hadoop.ozone.protocol.proto.OzoneManagerProtocolProtos$OzoneManagerService$2.callBlockingMethod(OzoneManagerProtocolProtos.java) [ozone-interface-client-1.3.0-SNAPSHOT.jar:?]
	at org.apache.hadoop.ipc.ProtobufRpcEngine$Server.processCall(ProtobufRpcEngine.java:466) [hadoop-common-3.3.1.jar:?]
	at org.apache.hadoop.ipc.ProtobufRpcEngine2$Server$ProtoBufRpcInvoker.call(ProtobufRpcEngine2.java:574) [hadoop-common-3.3.1.jar:?]
	at org.apache.hadoop.ipc.ProtobufRpcEngine2$Server$ProtoBufRpcInvoker.call(ProtobufRpcEngine2.java:552) [hadoop-common-3.3.1.jar:?]
	at org.apache.hadoop.ipc.RPC$Server.call(RPC.java:1093) [hadoop-common-3.3.1.jar:?]
	at org.apache.hadoop.ipc.Server$RpcCall.run(Server.java:1035) [hadoop-common-3.3.1.jar:?]
	at org.apache.hadoop.ipc.Server$RpcCall.run(Server.java:963) [hadoop-common-3.3.1.jar:?]
	at java.security.AccessController.doPrivileged(Native Method) ~[?:1.8.0_332]
	at javax.security.auth.Subject.doAs(Subject.java:422) [?:1.8.0_332]
	at org.apache.hadoop.security.UserGroupInformation.doAs(UserGroupInformation.java:1878) [hadoop-common-3.3.1.jar:?]
	at org.apache.hadoop.ipc.Server$Handler.run(Server.java:2966) [hadoop-common-3.3.1.jar:?]
13:52:52.142 [IPC Server handler 18 on default port 44727] ERROR OMAudit - user=runner | ip=127.0.0.1 | op=GET_FILE_STATUS {volume=volume19882, bucket=bucket92495, key=gdir1/dir9/child, dataSize=0, replicationConfig=null} | ret=FAILURE
org.apache.hadoop.ozone.om.exceptions.OMException: Unable to get file status: volume: volume19882 bucket: bucket92495 key: gdir1/dir9/child
	at org.apache.hadoop.ozone.om.KeyManagerImpl.getOzoneFileStatus(KeyManagerImpl.java:1311) ~[ozone-manager-1.3.0-SNAPSHOT.jar:?]
	at org.apache.hadoop.ozone.om.KeyManagerImpl.getFileStatus(KeyManagerImpl.java:1241) ~[ozone-manager-1.3.0-SNAPSHOT.jar:?]
	at org.apache.hadoop.ozone.om.OzoneManager.getFileStatus(OzoneManager.java:3419) ~[ozone-manager-1.3.0-SNAPSHOT.jar:?]
	at org.apache.hadoop.ozone.protocolPB.OzoneManagerRequestHandler.getOzoneFileStatus(OzoneManagerRequestHandler.java:871) ~[ozone-manager-1.3.0-SNAPSHOT.jar:?]
	at org.apache.hadoop.ozone.protocolPB.OzoneManagerRequestHandler.handleReadRequest(OzoneManagerRequestHandler.java:217) ~[ozone-manager-1.3.0-SNAPSHOT.jar:?]
	at org.apache.hadoop.ozone.protocolPB.OzoneManagerProtocolServerSideTranslatorPB.submitReadRequestToOM(OzoneManagerProtocolServerSideTranslatorPB.java:225) ~[ozone-manager-1.3.0-SNAPSHOT.jar:?]
	at org.apache.hadoop.ozone.protocolPB.OzoneManagerProtocolServerSideTranslatorPB.processRequest(OzoneManagerProtocolServerSideTranslatorPB.java:175) ~[ozone-manager-1.3.0-SNAPSHOT.jar:?]
	at org.apache.hadoop.hdds.server.OzoneProtocolMessageDispatcher.processRequest(OzoneProtocolMessageDispatcher.java:87) [hdds-server-framework-1.3.0-SNAPSHOT.jar:?]
	at org.apache.hadoop.ozone.protocolPB.OzoneManagerProtocolServerSideTranslatorPB.submitRequest(OzoneManagerProtocolServerSideTranslatorPB.java:147) [ozone-manager-1.3.0-SNAPSHOT.jar:?]
	at org.apache.hadoop.ozone.protocol.proto.OzoneManagerProtocolProtos$OzoneManagerService$2.callBlockingMethod(OzoneManagerProtocolProtos.java) [ozone-interface-client-1.3.0-SNAPSHOT.jar:?]
	at org.apache.hadoop.ipc.ProtobufRpcEngine$Server.processCall(ProtobufRpcEngine.java:466) [hadoop-common-3.3.1.jar:?]
	at org.apache.hadoop.ipc.ProtobufRpcEngine2$Server$ProtoBufRpcInvoker.call(ProtobufRpcEngine2.java:574) [hadoop-common-3.3.1.jar:?]
	at org.apache.hadoop.ipc.ProtobufRpcEngine2$Server$ProtoBufRpcInvoker.call(ProtobufRpcEngine2.java:552) [hadoop-common-3.3.1.jar:?]
	at org.apache.hadoop.ipc.RPC$Server.call(RPC.java:1093) [hadoop-common-3.3.1.jar:?]
	at org.apache.hadoop.ipc.Server$RpcCall.run(Server.java:1035) [hadoop-common-3.3.1.jar:?]
	at org.apache.hadoop.ipc.Server$RpcCall.run(Server.java:963) [hadoop-common-3.3.1.jar:?]
	at java.security.AccessController.doPrivileged(Native Method) ~[?:1.8.0_332]
	at javax.security.auth.Subject.doAs(Subject.java:422) [?:1.8.0_332]
	at org.apache.hadoop.security.UserGroupInformation.doAs(UserGroupInformation.java:1878) [hadoop-common-3.3.1.jar:?]
	at org.apache.hadoop.ipc.Server$Handler.run(Server.java:2966) [hadoop-common-3.3.1.jar:?]
13:52:52.143 [IPC Server handler 12 on default port 44727] ERROR OMAudit - user=runner | ip=127.0.0.1 | op=GET_FILE_STATUS {volume=volume19882, bucket=bucket92495, key=gdir1/dir10, dataSize=0, replicationConfig=null} | ret=FAILURE
org.apache.hadoop.ozone.om.exceptions.OMException: Unable to get file status: volume: volume19882 bucket: bucket92495 key: gdir1/dir10
	at org.apache.hadoop.ozone.om.KeyManagerImpl.getOzoneFileStatus(KeyManagerImpl.java:1311) ~[ozone-manager-1.3.0-SNAPSHOT.jar:?]
	at org.apache.hadoop.ozone.om.KeyManagerImpl.getFileStatus(KeyManagerImpl.java:1241) ~[ozone-manager-1.3.0-SNAPSHOT.jar:?]
	at org.apache.hadoop.ozone.om.OzoneManager.getFileStatus(OzoneManager.java:3419) ~[ozone-manager-1.3.0-SNAPSHOT.jar:?]
	at org.apache.hadoop.ozone.protocolPB.OzoneManagerRequestHandler.getOzoneFileStatus(OzoneManagerRequestHandler.java:871) ~[ozone-manager-1.3.0-SNAPSHOT.jar:?]
	at org.apache.hadoop.ozone.protocolPB.OzoneManagerRequestHandler.handleReadRequest(OzoneManagerRequestHandler.java:217) ~[ozone-manager-1.3.0-SNAPSHOT.jar:?]
	at org.apache.hadoop.ozone.protocolPB.OzoneManagerProtocolServerSideTranslatorPB.submitReadRequestToOM(OzoneManagerProtocolServerSideTranslatorPB.java:225) ~[ozone-manager-1.3.0-SNAPSHOT.jar:?]
	at org.apache.hadoop.ozone.protocolPB.OzoneManagerProtocolServerSideTranslatorPB.processRequest(OzoneManagerProtocolServerSideTranslatorPB.java:175) ~[ozone-manager-1.3.0-SNAPSHOT.jar:?]
	at org.apache.hadoop.hdds.server.OzoneProtocolMessageDispatcher.processRequest(OzoneProtocolMessageDispatcher.java:87) [hdds-server-framework-1.3.0-SNAPSHOT.jar:?]
	at org.apache.hadoop.ozone.protocolPB.OzoneManagerProtocolServerSideTranslatorPB.submitRequest(OzoneManagerProtocolServerSideTranslatorPB.java:147) [ozone-manager-1.3.0-SNAPSHOT.jar:?]
	at org.apache.hadoop.ozone.protocol.proto.OzoneManagerProtocolProtos$OzoneManagerService$2.callBlockingMethod(OzoneManagerProtocolProtos.java) [ozone-interface-client-1.3.0-SNAPSHOT.jar:?]
	at org.apache.hadoop.ipc.ProtobufRpcEngine$Server.processCall(ProtobufRpcEngine.java:466) [hadoop-common-3.3.1.jar:?]
	at org.apache.hadoop.ipc.ProtobufRpcEngine2$Server$ProtoBufRpcInvoker.call(ProtobufRpcEngine2.java:574) [hadoop-common-3.3.1.jar:?]
	at org.apache.hadoop.ipc.ProtobufRpcEngine2$Server$ProtoBufRpcInvoker.call(ProtobufRpcEngine2.java:552) [hadoop-common-3.3.1.jar:?]
	at org.apache.hadoop.ipc.RPC$Server.call(RPC.java:1093) [hadoop-common-3.3.1.jar:?]
	at org.apache.hadoop.ipc.Server$RpcCall.run(Server.java:1035) [hadoop-common-3.3.1.jar:?]
	at org.apache.hadoop.ipc.Server$RpcCall.run(Server.java:963) [hadoop-common-3.3.1.jar:?]
	at java.security.AccessController.doPrivileged(Native Method) ~[?:1.8.0_332]
	at javax.security.auth.Subject.doAs(Subject.java:422) [?:1.8.0_332]
	at org.apache.hadoop.security.UserGroupInformation.doAs(UserGroupInformation.java:1878) [hadoop-common-3.3.1.jar:?]
	at org.apache.hadoop.ipc.Server$Handler.run(Server.java:2966) [hadoop-common-3.3.1.jar:?]
13:52:52.144 [IPC Server handler 16 on default port 44727] ERROR OMAudit - user=runner | ip=127.0.0.1 | op=GET_FILE_STATUS {volume=volume19882, bucket=bucket92495, key=gdir1/dir10/child, dataSize=0, replicationConfig=null} | ret=FAILURE
org.apache.hadoop.ozone.om.exceptions.OMException: Unable to get file status: volume: volume19882 bucket: bucket92495 key: gdir1/dir10/child
	at org.apache.hadoop.ozone.om.KeyManagerImpl.getOzoneFileStatus(KeyManagerImpl.java:1311) ~[ozone-manager-1.3.0-SNAPSHOT.jar:?]
	at org.apache.hadoop.ozone.om.KeyManagerImpl.getFileStatus(KeyManagerImpl.java:1241) ~[ozone-manager-1.3.0-SNAPSHOT.jar:?]
	at org.apache.hadoop.ozone.om.OzoneManager.getFileStatus(OzoneManager.java:3419) ~[ozone-manager-1.3.0-SNAPSHOT.jar:?]
	at org.apache.hadoop.ozone.protocolPB.OzoneManagerRequestHandler.getOzoneFileStatus(OzoneManagerRequestHandler.java:871) ~[ozone-manager-1.3.0-SNAPSHOT.jar:?]
	at org.apache.hadoop.ozone.protocolPB.OzoneManagerRequestHandler.handleReadRequest(OzoneManagerRequestHandler.java:217) ~[ozone-manager-1.3.0-SNAPSHOT.jar:?]
	at org.apache.hadoop.ozone.protocolPB.OzoneManagerProtocolServerSideTranslatorPB.submitReadRequestToOM(OzoneManagerProtocolServerSideTranslatorPB.java:225) ~[ozone-manager-1.3.0-SNAPSHOT.jar:?]
	at org.apache.hadoop.ozone.protocolPB.OzoneManagerProtocolServerSideTranslatorPB.processRequest(OzoneManagerProtocolServerSideTranslatorPB.java:175) ~[ozone-manager-1.3.0-SNAPSHOT.jar:?]
	at org.apache.hadoop.hdds.server.OzoneProtocolMessageDispatcher.processRequest(OzoneProtocolMessageDispatcher.java:87) [hdds-server-framework-1.3.0-SNAPSHOT.jar:?]
	at org.apache.hadoop.ozone.protocolPB.OzoneManagerProtocolServerSideTranslatorPB.submitRequest(OzoneManagerProtocolServerSideTranslatorPB.java:147) [ozone-manager-1.3.0-SNAPSHOT.jar:?]
	at org.apache.hadoop.ozone.protocol.proto.OzoneManagerProtocolProtos$OzoneManagerService$2.callBlockingMethod(OzoneManagerProtocolProtos.java) [ozone-interface-client-1.3.0-SNAPSHOT.jar:?]
	at org.apache.hadoop.ipc.ProtobufRpcEngine$Server.processCall(ProtobufRpcEngine.java:466) [hadoop-common-3.3.1.jar:?]
	at org.apache.hadoop.ipc.ProtobufRpcEngine2$Server$ProtoBufRpcInvoker.call(ProtobufRpcEngine2.java:574) [hadoop-common-3.3.1.jar:?]
	at org.apache.hadoop.ipc.ProtobufRpcEngine2$Server$ProtoBufRpcInvoker.call(ProtobufRpcEngine2.java:552) [hadoop-common-3.3.1.jar:?]
	at org.apache.hadoop.ipc.RPC$Server.call(RPC.java:1093) [hadoop-common-3.3.1.jar:?]
	at org.apache.hadoop.ipc.Server$RpcCall.run(Server.java:1035) [hadoop-common-3.3.1.jar:?]
	at org.apache.hadoop.ipc.Server$RpcCall.run(Server.java:963) [hadoop-common-3.3.1.jar:?]
	at java.security.AccessController.doPrivileged(Native Method) ~[?:1.8.0_332]
	at javax.security.auth.Subject.doAs(Subject.java:422) [?:1.8.0_332]
	at org.apache.hadoop.security.UserGroupInformation.doAs(UserGroupInformation.java:1878) [hadoop-common-3.3.1.jar:?]
	at org.apache.hadoop.ipc.Server$Handler.run(Server.java:2966) [hadoop-common-3.3.1.jar:?]
13:52:52.278 [IPC Server handler 9 on default port 44727] ERROR OMAudit - user=runner | ip=127.0.0.1 | op=GET_FILE_STATUS {volume=volume19882, bucket=bucket92495, key=level0, dataSize=0, replicationConfig=null} | ret=FAILURE
org.apache.hadoop.ozone.om.exceptions.OMException: Unable to get file status: volume: volume19882 bucket: bucket92495 key: level0
	at org.apache.hadoop.ozone.om.KeyManagerImpl.getOzoneFileStatus(KeyManagerImpl.java:1311) ~[ozone-manager-1.3.0-SNAPSHOT.jar:?]
	at org.apache.hadoop.ozone.om.KeyManagerImpl.getFileStatus(KeyManagerImpl.java:1241) ~[ozone-manager-1.3.0-SNAPSHOT.jar:?]
	at org.apache.hadoop.ozone.om.OzoneManager.getFileStatus(OzoneManager.java:3419) ~[ozone-manager-1.3.0-SNAPSHOT.jar:?]
	at org.apache.hadoop.ozone.protocolPB.OzoneManagerRequestHandler.getOzoneFileStatus(OzoneManagerRequestHandler.java:871) ~[ozone-manager-1.3.0-SNAPSHOT.jar:?]
	at org.apache.hadoop.ozone.protocolPB.OzoneManagerRequestHandler.handleReadRequest(OzoneManagerRequestHandler.java:217) ~[ozone-manager-1.3.0-SNAPSHOT.jar:?]
	at org.apache.hadoop.ozone.protocolPB.OzoneManagerProtocolServerSideTranslatorPB.submitReadRequestToOM(OzoneManagerProtocolServerSideTranslatorPB.java:225) ~[ozone-manager-1.3.0-SNAPSHOT.jar:?]
	at org.apache.hadoop.ozone.protocolPB.OzoneManagerProtocolServerSideTranslatorPB.processRequest(OzoneManagerProtocolServerSideTranslatorPB.java:175) ~[ozone-manager-1.3.0-SNAPSHOT.jar:?]
	at org.apache.hadoop.hdds.server.OzoneProtocolMessageDispatcher.processRequest(OzoneProtocolMessageDispatcher.java:87) [hdds-server-framework-1.3.0-SNAPSHOT.jar:?]
	at org.apache.hadoop.ozone.protocolPB.OzoneManagerProtocolServerSideTranslatorPB.submitRequest(OzoneManagerProtocolServerSideTranslatorPB.java:147) [ozone-manager-1.3.0-SNAPSHOT.jar:?]
	at org.apache.hadoop.ozone.protocol.proto.OzoneManagerProtocolProtos$OzoneManagerService$2.callBlockingMethod(OzoneManagerProtocolProtos.java) [ozone-interface-client-1.3.0-SNAPSHOT.jar:?]
	at org.apache.hadoop.ipc.ProtobufRpcEngine$Server.processCall(ProtobufRpcEngine.java:466) [hadoop-common-3.3.1.jar:?]
	at org.apache.hadoop.ipc.ProtobufRpcEngine2$Server$ProtoBufRpcInvoker.call(ProtobufRpcEngine2.java:574) [hadoop-common-3.3.1.jar:?]
	at org.apache.hadoop.ipc.ProtobufRpcEngine2$Server$ProtoBufRpcInvoker.call(ProtobufRpcEngine2.java:552) [hadoop-common-3.3.1.jar:?]
	at org.apache.hadoop.ipc.RPC$Server.call(RPC.java:1093) [hadoop-common-3.3.1.jar:?]
	at org.apache.hadoop.ipc.Server$RpcCall.run(Server.java:1035) [hadoop-common-3.3.1.jar:?]
	at org.apache.hadoop.ipc.Server$RpcCall.run(Server.java:963) [hadoop-common-3.3.1.jar:?]
	at java.security.AccessController.doPrivileged(Native Method) ~[?:1.8.0_332]
	at javax.security.auth.Subject.doAs(Subject.java:422) [?:1.8.0_332]
	at org.apache.hadoop.security.UserGroupInformation.doAs(UserGroupInformation.java:1878) [hadoop-common-3.3.1.jar:?]
	at org.apache.hadoop.ipc.Server$Handler.run(Server.java:2966) [hadoop-common-3.3.1.jar:?]
13:52:52.279 [IPC Server handler 11 on default port 44727] ERROR OMAudit - user=runner | ip=127.0.0.1 | op=GET_FILE_STATUS {volume=volume19882, bucket=bucket92495, key=level0/level1, dataSize=0, replicationConfig=null} | ret=FAILURE
org.apache.hadoop.ozone.om.exceptions.OMException: Unable to get file status: volume: volume19882 bucket: bucket92495 key: level0/level1
	at org.apache.hadoop.ozone.om.KeyManagerImpl.getOzoneFileStatus(KeyManagerImpl.java:1311) ~[ozone-manager-1.3.0-SNAPSHOT.jar:?]
	at org.apache.hadoop.ozone.om.KeyManagerImpl.getFileStatus(KeyManagerImpl.java:1241) ~[ozone-manager-1.3.0-SNAPSHOT.jar:?]
	at org.apache.hadoop.ozone.om.OzoneManager.getFileStatus(OzoneManager.java:3419) ~[ozone-manager-1.3.0-SNAPSHOT.jar:?]
	at org.apache.hadoop.ozone.protocolPB.OzoneManagerRequestHandler.getOzoneFileStatus(OzoneManagerRequestHandler.java:871) ~[ozone-manager-1.3.0-SNAPSHOT.jar:?]
	at org.apache.hadoop.ozone.protocolPB.OzoneManagerRequestHandler.handleReadRequest(OzoneManagerRequestHandler.java:217) ~[ozone-manager-1.3.0-SNAPSHOT.jar:?]
	at org.apache.hadoop.ozone.protocolPB.OzoneManagerProtocolServerSideTranslatorPB.submitReadRequestToOM(OzoneManagerProtocolServerSideTranslatorPB.java:225) ~[ozone-manager-1.3.0-SNAPSHOT.jar:?]
	at org.apache.hadoop.ozone.protocolPB.OzoneManagerProtocolServerSideTranslatorPB.processRequest(OzoneManagerProtocolServerSideTranslatorPB.java:175) ~[ozone-manager-1.3.0-SNAPSHOT.jar:?]
	at org.apache.hadoop.hdds.server.OzoneProtocolMessageDispatcher.processRequest(OzoneProtocolMessageDispatcher.java:87) [hdds-server-framework-1.3.0-SNAPSHOT.jar:?]
	at org.apache.hadoop.ozone.protocolPB.OzoneManagerProtocolServerSideTranslatorPB.submitRequest(OzoneManagerProtocolServerSideTranslatorPB.java:147) [ozone-manager-1.3.0-SNAPSHOT.jar:?]
	at org.apache.hadoop.ozone.protocol.proto.OzoneManagerProtocolProtos$OzoneManagerService$2.callBlockingMethod(OzoneManagerProtocolProtos.java) [ozone-interface-client-1.3.0-SNAPSHOT.jar:?]
	at org.apache.hadoop.ipc.ProtobufRpcEngine$Server.processCall(ProtobufRpcEngine.java:466) [hadoop-common-3.3.1.jar:?]
	at org.apache.hadoop.ipc.ProtobufRpcEngine2$Server$ProtoBufRpcInvoker.call(ProtobufRpcEngine2.java:574) [hadoop-common-3.3.1.jar:?]
	at org.apache.hadoop.ipc.ProtobufRpcEngine2$Server$ProtoBufRpcInvoker.call(ProtobufRpcEngine2.java:552) [hadoop-common-3.3.1.jar:?]
	at org.apache.hadoop.ipc.RPC$Server.call(RPC.java:1093) [hadoop-common-3.3.1.jar:?]
	at org.apache.hadoop.ipc.Server$RpcCall.run(Server.java:1035) [hadoop-common-3.3.1.jar:?]
	at org.apache.hadoop.ipc.Server$RpcCall.run(Server.java:963) [hadoop-common-3.3.1.jar:?]
	at java.security.AccessController.doPrivileged(Native Method) ~[?:1.8.0_332]
	at javax.security.auth.Subject.doAs(Subject.java:422) [?:1.8.0_332]
	at org.apache.hadoop.security.UserGroupInformation.doAs(UserGroupInformation.java:1878) [hadoop-common-3.3.1.jar:?]
	at org.apache.hadoop.ipc.Server$Handler.run(Server.java:2966) [hadoop-common-3.3.1.jar:?]
13:52:52.280 [IPC Server handler 7 on default port 44727] ERROR OMAudit - user=runner | ip=127.0.0.1 | op=GET_FILE_STATUS {volume=volume19882, bucket=bucket92495, key=level0/level1/level1, dataSize=0, replicationConfig=null} | ret=FAILURE
org.apache.hadoop.ozone.om.exceptions.OMException: Unable to get file status: volume: volume19882 bucket: bucket92495 key: level0/level1/level1
	at org.apache.hadoop.ozone.om.KeyManagerImpl.getOzoneFileStatus(KeyManagerImpl.java:1311) ~[ozone-manager-1.3.0-SNAPSHOT.jar:?]
	at org.apache.hadoop.ozone.om.KeyManagerImpl.getFileStatus(KeyManagerImpl.java:1241) ~[ozone-manager-1.3.0-SNAPSHOT.jar:?]
	at org.apache.hadoop.ozone.om.OzoneManager.getFileStatus(OzoneManager.java:3419) ~[ozone-manager-1.3.0-SNAPSHOT.jar:?]
	at org.apache.hadoop.ozone.protocolPB.OzoneManagerRequestHandler.getOzoneFileStatus(OzoneManagerRequestHandler.java:871) ~[ozone-manager-1.3.0-SNAPSHOT.jar:?]
	at org.apache.hadoop.ozone.protocolPB.OzoneManagerRequestHandler.handleReadRequest(OzoneManagerRequestHandler.java:217) ~[ozone-manager-1.3.0-SNAPSHOT.jar:?]
	at org.apache.hadoop.ozone.protocolPB.OzoneManagerProtocolServerSideTranslatorPB.submitReadRequestToOM(OzoneManagerProtocolServerSideTranslatorPB.java:225) ~[ozone-manager-1.3.0-SNAPSHOT.jar:?]
	at org.apache.hadoop.ozone.protocolPB.OzoneManagerProtocolServerSideTranslatorPB.processRequest(OzoneManagerProtocolServerSideTranslatorPB.java:175) ~[ozone-manager-1.3.0-SNAPSHOT.jar:?]
	at org.apache.hadoop.hdds.server.OzoneProtocolMessageDispatcher.processRequest(OzoneProtocolMessageDispatcher.java:87) [hdds-server-framework-1.3.0-SNAPSHOT.jar:?]
	at org.apache.hadoop.ozone.protocolPB.OzoneManagerProtocolServerSideTranslatorPB.submitRequest(OzoneManagerProtocolServerSideTranslatorPB.java:147) [ozone-manager-1.3.0-SNAPSHOT.jar:?]
	at org.apache.hadoop.ozone.protocol.proto.OzoneManagerProtocolProtos$OzoneManagerService$2.callBlockingMethod(OzoneManagerProtocolProtos.java) [ozone-interface-client-1.3.0-SNAPSHOT.jar:?]
	at org.apache.hadoop.ipc.ProtobufRpcEngine$Server.processCall(ProtobufRpcEngine.java:466) [hadoop-common-3.3.1.jar:?]
	at org.apache.hadoop.ipc.ProtobufRpcEngine2$Server$ProtoBufRpcInvoker.call(ProtobufRpcEngine2.java:574) [hadoop-common-3.3.1.jar:?]
	at org.apache.hadoop.ipc.ProtobufRpcEngine2$Server$ProtoBufRpcInvoker.call(ProtobufRpcEngine2.java:552) [hadoop-common-3.3.1.jar:?]
	at org.apache.hadoop.ipc.RPC$Server.call(RPC.java:1093) [hadoop-common-3.3.1.jar:?]
	at org.apache.hadoop.ipc.Server$RpcCall.run(Server.java:1035) [hadoop-common-3.3.1.jar:?]
	at org.apache.hadoop.ipc.Server$RpcCall.run(Server.java:963) [hadoop-common-3.3.1.jar:?]
	at java.security.AccessController.doPrivileged(Native Method) ~[?:1.8.0_332]
	at javax.security.auth.Subject.doAs(Subject.java:422) [?:1.8.0_332]
	at org.apache.hadoop.security.UserGroupInformation.doAs(UserGroupInformation.java:1878) [hadoop-common-3.3.1.jar:?]
	at org.apache.hadoop.ipc.Server$Handler.run(Server.java:2966) [hadoop-common-3.3.1.jar:?]
13:52:52.282 [IPC Server handler 15 on default port 44727] ERROR OMAudit - user=runner | ip=127.0.0.1 | op=GET_FILE_STATUS {volume=volume19882, bucket=bucket92495, key=level0/level1/file1, dataSize=0, replicationConfig=null} | ret=FAILURE
org.apache.hadoop.ozone.om.exceptions.OMException: Unable to get file status: volume: volume19882 bucket: bucket92495 key: level0/level1/file1
	at org.apache.hadoop.ozone.om.KeyManagerImpl.getOzoneFileStatus(KeyManagerImpl.java:1311) ~[ozone-manager-1.3.0-SNAPSHOT.jar:?]
	at org.apache.hadoop.ozone.om.KeyManagerImpl.getFileStatus(KeyManagerImpl.java:1241) ~[ozone-manager-1.3.0-SNAPSHOT.jar:?]
	at org.apache.hadoop.ozone.om.OzoneManager.getFileStatus(OzoneManager.java:3419) ~[ozone-manager-1.3.0-SNAPSHOT.jar:?]
	at org.apache.hadoop.ozone.protocolPB.OzoneManagerRequestHandler.getOzoneFileStatus(OzoneManagerRequestHandler.java:871) ~[ozone-manager-1.3.0-SNAPSHOT.jar:?]
	at org.apache.hadoop.ozone.protocolPB.OzoneManagerRequestHandler.handleReadRequest(OzoneManagerRequestHandler.java:217) ~[ozone-manager-1.3.0-SNAPSHOT.jar:?]
	at org.apache.hadoop.ozone.protocolPB.OzoneManagerProtocolServerSideTranslatorPB.submitReadRequestToOM(OzoneManagerProtocolServerSideTranslatorPB.java:225) ~[ozone-manager-1.3.0-SNAPSHOT.jar:?]
	at org.apache.hadoop.ozone.protocolPB.OzoneManagerProtocolServerSideTranslatorPB.processRequest(OzoneManagerProtocolServerSideTranslatorPB.java:175) ~[ozone-manager-1.3.0-SNAPSHOT.jar:?]
	at org.apache.hadoop.hdds.server.OzoneProtocolMessageDispatcher.processRequest(OzoneProtocolMessageDispatcher.java:87) [hdds-server-framework-1.3.0-SNAPSHOT.jar:?]
	at org.apache.hadoop.ozone.protocolPB.OzoneManagerProtocolServerSideTranslatorPB.submitRequest(OzoneManagerProtocolServerSideTranslatorPB.java:147) [ozone-manager-1.3.0-SNAPSHOT.jar:?]
	at org.apache.hadoop.ozone.protocol.proto.OzoneManagerProtocolProtos$OzoneManagerService$2.callBlockingMethod(OzoneManagerProtocolProtos.java) [ozone-interface-client-1.3.0-SNAPSHOT.jar:?]
	at org.apache.hadoop.ipc.ProtobufRpcEngine$Server.processCall(ProtobufRpcEngine.java:466) [hadoop-common-3.3.1.jar:?]
	at org.apache.hadoop.ipc.ProtobufRpcEngine2$Server$ProtoBufRpcInvoker.call(ProtobufRpcEngine2.java:574) [hadoop-common-3.3.1.jar:?]
	at org.apache.hadoop.ipc.ProtobufRpcEngine2$Server$ProtoBufRpcInvoker.call(ProtobufRpcEngine2.java:552) [hadoop-common-3.3.1.jar:?]
	at org.apache.hadoop.ipc.RPC$Server.call(RPC.java:1093) [hadoop-common-3.3.1.jar:?]
	at org.apache.hadoop.ipc.Server$RpcCall.run(Server.java:1035) [hadoop-common-3.3.1.jar:?]
	at org.apache.hadoop.ipc.Server$RpcCall.run(Server.java:963) [hadoop-common-3.3.1.jar:?]
	at java.security.AccessController.doPrivileged(Native Method) ~[?:1.8.0_332]
	at javax.security.auth.Subject.doAs(Subject.java:422) [?:1.8.0_332]
	at org.apache.hadoop.security.UserGroupInformation.doAs(UserGroupInformation.java:1878) [hadoop-common-3.3.1.jar:?]
	at org.apache.hadoop.ipc.Server$Handler.run(Server.java:2966) [hadoop-common-3.3.1.jar:?]
13:52:52.284 [IPC Server handler 18 on default port 44727] ERROR OMAudit - user=runner | ip=127.0.0.1 | op=GET_FILE_STATUS {volume=volume19882, bucket=bucket92495, key=level0/level1/level1/file1, dataSize=0, replicationConfig=null} | ret=FAILURE
org.apache.hadoop.ozone.om.exceptions.OMException: Unable to get file status: volume: volume19882 bucket: bucket92495 key: level0/level1/level1/file1
	at org.apache.hadoop.ozone.om.KeyManagerImpl.getOzoneFileStatus(KeyManagerImpl.java:1311) ~[ozone-manager-1.3.0-SNAPSHOT.jar:?]
	at org.apache.hadoop.ozone.om.KeyManagerImpl.getFileStatus(KeyManagerImpl.java:1241) ~[ozone-manager-1.3.0-SNAPSHOT.jar:?]
	at org.apache.hadoop.ozone.om.OzoneManager.getFileStatus(OzoneManager.java:3419) ~[ozone-manager-1.3.0-SNAPSHOT.jar:?]
	at org.apache.hadoop.ozone.protocolPB.OzoneManagerRequestHandler.getOzoneFileStatus(OzoneManagerRequestHandler.java:871) ~[ozone-manager-1.3.0-SNAPSHOT.jar:?]
	at org.apache.hadoop.ozone.protocolPB.OzoneManagerRequestHandler.handleReadRequest(OzoneManagerRequestHandler.java:217) ~[ozone-manager-1.3.0-SNAPSHOT.jar:?]
	at org.apache.hadoop.ozone.protocolPB.OzoneManagerProtocolServerSideTranslatorPB.submitReadRequestToOM(OzoneManagerProtocolServerSideTranslatorPB.java:225) ~[ozone-manager-1.3.0-SNAPSHOT.jar:?]
	at org.apache.hadoop.ozone.protocolPB.OzoneManagerProtocolServerSideTranslatorPB.processRequest(OzoneManagerProtocolServerSideTranslatorPB.java:175) ~[ozone-manager-1.3.0-SNAPSHOT.jar:?]
	at org.apache.hadoop.hdds.server.OzoneProtocolMessageDispatcher.processRequest(OzoneProtocolMessageDispatcher.java:87) [hdds-server-framework-1.3.0-SNAPSHOT.jar:?]
	at org.apache.hadoop.ozone.protocolPB.OzoneManagerProtocolServerSideTranslatorPB.submitRequest(OzoneManagerProtocolServerSideTranslatorPB.java:147) [ozone-manager-1.3.0-SNAPSHOT.jar:?]
	at org.apache.hadoop.ozone.protocol.proto.OzoneManagerProtocolProtos$OzoneManagerService$2.callBlockingMethod(OzoneManagerProtocolProtos.java) [ozone-interface-client-1.3.0-SNAPSHOT.jar:?]
	at org.apache.hadoop.ipc.ProtobufRpcEngine$Server.processCall(ProtobufRpcEngine.java:466) [hadoop-common-3.3.1.jar:?]
	at org.apache.hadoop.ipc.ProtobufRpcEngine2$Server$ProtoBufRpcInvoker.call(ProtobufRpcEngine2.java:574) [hadoop-common-3.3.1.jar:?]
	at org.apache.hadoop.ipc.ProtobufRpcEngine2$Server$ProtoBufRpcInvoker.call(ProtobufRpcEngine2.java:552) [hadoop-common-3.3.1.jar:?]
	at org.apache.hadoop.ipc.RPC$Server.call(RPC.java:1093) [hadoop-common-3.3.1.jar:?]
	at org.apache.hadoop.ipc.Server$RpcCall.run(Server.java:1035) [hadoop-common-3.3.1.jar:?]
	at org.apache.hadoop.ipc.Server$RpcCall.run(Server.java:963) [hadoop-common-3.3.1.jar:?]
	at java.security.AccessController.doPrivileged(Native Method) ~[?:1.8.0_332]
	at javax.security.auth.Subject.doAs(Subject.java:422) [?:1.8.0_332]
	at org.apache.hadoop.security.UserGroupInformation.doAs(UserGroupInformation.java:1878) [hadoop-common-3.3.1.jar:?]
	at org.apache.hadoop.ipc.Server$Handler.run(Server.java:2966) [hadoop-common-3.3.1.jar:?]
13:52:52.285 [IPC Server handler 12 on default port 44727] ERROR OMAudit - user=runner | ip=127.0.0.1 | op=GET_FILE_STATUS {volume=volume19882, bucket=bucket92495, key=level0/level2, dataSize=0, replicationConfig=null} | ret=FAILURE
org.apache.hadoop.ozone.om.exceptions.OMException: Unable to get file status: volume: volume19882 bucket: bucket92495 key: level0/level2
	at org.apache.hadoop.ozone.om.KeyManagerImpl.getOzoneFileStatus(KeyManagerImpl.java:1311) ~[ozone-manager-1.3.0-SNAPSHOT.jar:?]
	at org.apache.hadoop.ozone.om.KeyManagerImpl.getFileStatus(KeyManagerImpl.java:1241) ~[ozone-manager-1.3.0-SNAPSHOT.jar:?]
	at org.apache.hadoop.ozone.om.OzoneManager.getFileStatus(OzoneManager.java:3419) ~[ozone-manager-1.3.0-SNAPSHOT.jar:?]
	at org.apache.hadoop.ozone.protocolPB.OzoneManagerRequestHandler.getOzoneFileStatus(OzoneManagerRequestHandler.java:871) ~[ozone-manager-1.3.0-SNAPSHOT.jar:?]
	at org.apache.hadoop.ozone.protocolPB.OzoneManagerRequestHandler.handleReadRequest(OzoneManagerRequestHandler.java:217) ~[ozone-manager-1.3.0-SNAPSHOT.jar:?]
	at org.apache.hadoop.ozone.protocolPB.OzoneManagerProtocolServerSideTranslatorPB.submitReadRequestToOM(OzoneManagerProtocolServerSideTranslatorPB.java:225) ~[ozone-manager-1.3.0-SNAPSHOT.jar:?]
	at org.apache.hadoop.ozone.protocolPB.OzoneManagerProtocolServerSideTranslatorPB.processRequest(OzoneManagerProtocolServerSideTranslatorPB.java:175) ~[ozone-manager-1.3.0-SNAPSHOT.jar:?]
	at org.apache.hadoop.hdds.server.OzoneProtocolMessageDispatcher.processRequest(OzoneProtocolMessageDispatcher.java:87) [hdds-server-framework-1.3.0-SNAPSHOT.jar:?]
	at org.apache.hadoop.ozone.protocolPB.OzoneManagerProtocolServerSideTranslatorPB.submitRequest(OzoneManagerProtocolServerSideTranslatorPB.java:147) [ozone-manager-1.3.0-SNAPSHOT.jar:?]
	at org.apache.hadoop.ozone.protocol.proto.OzoneManagerProtocolProtos$OzoneManagerService$2.callBlockingMethod(OzoneManagerProtocolProtos.java) [ozone-interface-client-1.3.0-SNAPSHOT.jar:?]
	at org.apache.hadoop.ipc.ProtobufRpcEngine$Server.processCall(ProtobufRpcEngine.java:466) [hadoop-common-3.3.1.jar:?]
	at org.apache.hadoop.ipc.ProtobufRpcEngine2$Server$ProtoBufRpcInvoker.call(ProtobufRpcEngine2.java:574) [hadoop-common-3.3.1.jar:?]
	at org.apache.hadoop.ipc.ProtobufRpcEngine2$Server$ProtoBufRpcInvoker.call(ProtobufRpcEngine2.java:552) [hadoop-common-3.3.1.jar:?]
	at org.apache.hadoop.ipc.RPC$Server.call(RPC.java:1093) [hadoop-common-3.3.1.jar:?]
	at org.apache.hadoop.ipc.Server$RpcCall.run(Server.java:1035) [hadoop-common-3.3.1.jar:?]
	at org.apache.hadoop.ipc.Server$RpcCall.run(Server.java:963) [hadoop-common-3.3.1.jar:?]
	at java.security.AccessController.doPrivileged(Native Method) ~[?:1.8.0_332]
	at javax.security.auth.Subject.doAs(Subject.java:422) [?:1.8.0_332]
	at org.apache.hadoop.security.UserGroupInformation.doAs(UserGroupInformation.java:1878) [hadoop-common-3.3.1.jar:?]
	at org.apache.hadoop.ipc.Server$Handler.run(Server.java:2966) [hadoop-common-3.3.1.jar:?]
13:52:52.286 [IPC Server handler 16 on default port 44727] ERROR OMAudit - user=runner | ip=127.0.0.1 | op=GET_FILE_STATUS {volume=volume19882, bucket=bucket92495, key=level0/level2/level2, dataSize=0, replicationConfig=null} | ret=FAILURE
org.apache.hadoop.ozone.om.exceptions.OMException: Unable to get file status: volume: volume19882 bucket: bucket92495 key: level0/level2/level2
	at org.apache.hadoop.ozone.om.KeyManagerImpl.getOzoneFileStatus(KeyManagerImpl.java:1311) ~[ozone-manager-1.3.0-SNAPSHOT.jar:?]
	at org.apache.hadoop.ozone.om.KeyManagerImpl.getFileStatus(KeyManagerImpl.java:1241) ~[ozone-manager-1.3.0-SNAPSHOT.jar:?]
	at org.apache.hadoop.ozone.om.OzoneManager.getFileStatus(OzoneManager.java:3419) ~[ozone-manager-1.3.0-SNAPSHOT.jar:?]
	at org.apache.hadoop.ozone.protocolPB.OzoneManagerRequestHandler.getOzoneFileStatus(OzoneManagerRequestHandler.java:871) ~[ozone-manager-1.3.0-SNAPSHOT.jar:?]
	at org.apache.hadoop.ozone.protocolPB.OzoneManagerRequestHandler.handleReadRequest(OzoneManagerRequestHandler.java:217) ~[ozone-manager-1.3.0-SNAPSHOT.jar:?]
	at org.apache.hadoop.ozone.protocolPB.OzoneManagerProtocolServerSideTranslatorPB.submitReadRequestToOM(OzoneManagerProtocolServerSideTranslatorPB.java:225) ~[ozone-manager-1.3.0-SNAPSHOT.jar:?]
	at org.apache.hadoop.ozone.protocolPB.OzoneManagerProtocolServerSideTranslatorPB.processRequest(OzoneManagerProtocolServerSideTranslatorPB.java:175) ~[ozone-manager-1.3.0-SNAPSHOT.jar:?]
	at org.apache.hadoop.hdds.server.OzoneProtocolMessageDispatcher.processRequest(OzoneProtocolMessageDispatcher.java:87) [hdds-server-framework-1.3.0-SNAPSHOT.jar:?]
	at org.apache.hadoop.ozone.protocolPB.OzoneManagerProtocolServerSideTranslatorPB.submitRequest(OzoneManagerProtocolServerSideTranslatorPB.java:147) [ozone-manager-1.3.0-SNAPSHOT.jar:?]
	at org.apache.hadoop.ozone.protocol.proto.OzoneManagerProtocolProtos$OzoneManagerService$2.callBlockingMethod(OzoneManagerProtocolProtos.java) [ozone-interface-client-1.3.0-SNAPSHOT.jar:?]
	at org.apache.hadoop.ipc.ProtobufRpcEngine$Server.processCall(ProtobufRpcEngine.java:466) [hadoop-common-3.3.1.jar:?]
	at org.apache.hadoop.ipc.ProtobufRpcEngine2$Server$ProtoBufRpcInvoker.call(ProtobufRpcEngine2.java:574) [hadoop-common-3.3.1.jar:?]
	at org.apache.hadoop.ipc.ProtobufRpcEngine2$Server$ProtoBufRpcInvoker.call(ProtobufRpcEngine2.java:552) [hadoop-common-3.3.1.jar:?]
	at org.apache.hadoop.ipc.RPC$Server.call(RPC.java:1093) [hadoop-common-3.3.1.jar:?]
	at org.apache.hadoop.ipc.Server$RpcCall.run(Server.java:1035) [hadoop-common-3.3.1.jar:?]
	at org.apache.hadoop.ipc.Server$RpcCall.run(Server.java:963) [hadoop-common-3.3.1.jar:?]
	at java.security.AccessController.doPrivileged(Native Method) ~[?:1.8.0_332]
	at javax.security.auth.Subject.doAs(Subject.java:422) [?:1.8.0_332]
	at org.apache.hadoop.security.UserGroupInformation.doAs(UserGroupInformation.java:1878) [hadoop-common-3.3.1.jar:?]
	at org.apache.hadoop.ipc.Server$Handler.run(Server.java:2966) [hadoop-common-3.3.1.jar:?]
13:52:52.287 [IPC Server handler 14 on default port 44727] ERROR OMAudit - user=runner | ip=127.0.0.1 | op=GET_FILE_STATUS {volume=volume19882, bucket=bucket92495, key=level0/level2/file1, dataSize=0, replicationConfig=null} | ret=FAILURE
org.apache.hadoop.ozone.om.exceptions.OMException: Unable to get file status: volume: volume19882 bucket: bucket92495 key: level0/level2/file1
	at org.apache.hadoop.ozone.om.KeyManagerImpl.getOzoneFileStatus(KeyManagerImpl.java:1311) ~[ozone-manager-1.3.0-SNAPSHOT.jar:?]
	at org.apache.hadoop.ozone.om.KeyManagerImpl.getFileStatus(KeyManagerImpl.java:1241) ~[ozone-manager-1.3.0-SNAPSHOT.jar:?]
	at org.apache.hadoop.ozone.om.OzoneManager.getFileStatus(OzoneManager.java:3419) ~[ozone-manager-1.3.0-SNAPSHOT.jar:?]
	at org.apache.hadoop.ozone.protocolPB.OzoneManagerRequestHandler.getOzoneFileStatus(OzoneManagerRequestHandler.java:871) ~[ozone-manager-1.3.0-SNAPSHOT.jar:?]
	at org.apache.hadoop.ozone.protocolPB.OzoneManagerRequestHandler.handleReadRequest(OzoneManagerRequestHandler.java:217) ~[ozone-manager-1.3.0-SNAPSHOT.jar:?]
	at org.apache.hadoop.ozone.protocolPB.OzoneManagerProtocolServerSideTranslatorPB.submitReadRequestToOM(OzoneManagerProtocolServerSideTranslatorPB.java:225) ~[ozone-manager-1.3.0-SNAPSHOT.jar:?]
	at org.apache.hadoop.ozone.protocolPB.OzoneManagerProtocolServerSideTranslatorPB.processRequest(OzoneManagerProtocolServerSideTranslatorPB.java:175) ~[ozone-manager-1.3.0-SNAPSHOT.jar:?]
	at org.apache.hadoop.hdds.server.OzoneProtocolMessageDispatcher.processRequest(OzoneProtocolMessageDispatcher.java:87) [hdds-server-framework-1.3.0-SNAPSHOT.jar:?]
	at org.apache.hadoop.ozone.protocolPB.OzoneManagerProtocolServerSideTranslatorPB.submitRequest(OzoneManagerProtocolServerSideTranslatorPB.java:147) [ozone-manager-1.3.0-SNAPSHOT.jar:?]
	at org.apache.hadoop.ozone.protocol.proto.OzoneManagerProtocolProtos$OzoneManagerService$2.callBlockingMethod(OzoneManagerProtocolProtos.java) [ozone-interface-client-1.3.0-SNAPSHOT.jar:?]
	at org.apache.hadoop.ipc.ProtobufRpcEngine$Server.processCall(ProtobufRpcEngine.java:466) [hadoop-common-3.3.1.jar:?]
	at org.apache.hadoop.ipc.ProtobufRpcEngine2$Server$ProtoBufRpcInvoker.call(ProtobufRpcEngine2.java:574) [hadoop-common-3.3.1.jar:?]
	at org.apache.hadoop.ipc.ProtobufRpcEngine2$Server$ProtoBufRpcInvoker.call(ProtobufRpcEngine2.java:552) [hadoop-common-3.3.1.jar:?]
	at org.apache.hadoop.ipc.RPC$Server.call(RPC.java:1093) [hadoop-common-3.3.1.jar:?]
	at org.apache.hadoop.ipc.Server$RpcCall.run(Server.java:1035) [hadoop-common-3.3.1.jar:?]
	at org.apache.hadoop.ipc.Server$RpcCall.run(Server.java:963) [hadoop-common-3.3.1.jar:?]
	at java.security.AccessController.doPrivileged(Native Method) ~[?:1.8.0_332]
	at javax.security.auth.Subject.doAs(Subject.java:422) [?:1.8.0_332]
	at org.apache.hadoop.security.UserGroupInformation.doAs(UserGroupInformation.java:1878) [hadoop-common-3.3.1.jar:?]
	at org.apache.hadoop.ipc.Server$Handler.run(Server.java:2966) [hadoop-common-3.3.1.jar:?]
13:52:52.289 [IPC Server handler 13 on default port 44727] ERROR OMAudit - user=runner | ip=127.0.0.1 | op=GET_FILE_STATUS {volume=volume19882, bucket=bucket92495, key=level0/level2/level2/file1, dataSize=0, replicationConfig=null} | ret=FAILURE
org.apache.hadoop.ozone.om.exceptions.OMException: Unable to get file status: volume: volume19882 bucket: bucket92495 key: level0/level2/level2/file1
	at org.apache.hadoop.ozone.om.KeyManagerImpl.getOzoneFileStatus(KeyManagerImpl.java:1311) ~[ozone-manager-1.3.0-SNAPSHOT.jar:?]
	at org.apache.hadoop.ozone.om.KeyManagerImpl.getFileStatus(KeyManagerImpl.java:1241) ~[ozone-manager-1.3.0-SNAPSHOT.jar:?]
	at org.apache.hadoop.ozone.om.OzoneManager.getFileStatus(OzoneManager.java:3419) ~[ozone-manager-1.3.0-SNAPSHOT.jar:?]
	at org.apache.hadoop.ozone.protocolPB.OzoneManagerRequestHandler.getOzoneFileStatus(OzoneManagerRequestHandler.java:871) ~[ozone-manager-1.3.0-SNAPSHOT.jar:?]
	at org.apache.hadoop.ozone.protocolPB.OzoneManagerRequestHandler.handleReadRequest(OzoneManagerRequestHandler.java:217) ~[ozone-manager-1.3.0-SNAPSHOT.jar:?]
	at org.apache.hadoop.ozone.protocolPB.OzoneManagerProtocolServerSideTranslatorPB.submitReadRequestToOM(OzoneManagerProtocolServerSideTranslatorPB.java:225) ~[ozone-manager-1.3.0-SNAPSHOT.jar:?]
	at org.apache.hadoop.ozone.protocolPB.OzoneManagerProtocolServerSideTranslatorPB.processRequest(OzoneManagerProtocolServerSideTranslatorPB.java:175) ~[ozone-manager-1.3.0-SNAPSHOT.jar:?]
	at org.apache.hadoop.hdds.server.OzoneProtocolMessageDispatcher.processRequest(OzoneProtocolMessageDispatcher.java:87) [hdds-server-framework-1.3.0-SNAPSHOT.jar:?]
	at org.apache.hadoop.ozone.protocolPB.OzoneManagerProtocolServerSideTranslatorPB.submitRequest(OzoneManagerProtocolServerSideTranslatorPB.java:147) [ozone-manager-1.3.0-SNAPSHOT.jar:?]
	at org.apache.hadoop.ozone.protocol.proto.OzoneManagerProtocolProtos$OzoneManagerService$2.callBlockingMethod(OzoneManagerProtocolProtos.java) [ozone-interface-client-1.3.0-SNAPSHOT.jar:?]
	at org.apache.hadoop.ipc.ProtobufRpcEngine$Server.processCall(ProtobufRpcEngine.java:466) [hadoop-common-3.3.1.jar:?]
	at org.apache.hadoop.ipc.ProtobufRpcEngine2$Server$ProtoBufRpcInvoker.call(ProtobufRpcEngine2.java:574) [hadoop-common-3.3.1.jar:?]
	at org.apache.hadoop.ipc.ProtobufRpcEngine2$Server$ProtoBufRpcInvoker.call(ProtobufRpcEngine2.java:552) [hadoop-common-3.3.1.jar:?]
	at org.apache.hadoop.ipc.RPC$Server.call(RPC.java:1093) [hadoop-common-3.3.1.jar:?]
	at org.apache.hadoop.ipc.Server$RpcCall.run(Server.java:1035) [hadoop-common-3.3.1.jar:?]
	at org.apache.hadoop.ipc.Server$RpcCall.run(Server.java:963) [hadoop-common-3.3.1.jar:?]
	at java.security.AccessController.doPrivileged(Native Method) ~[?:1.8.0_332]
	at javax.security.auth.Subject.doAs(Subject.java:422) [?:1.8.0_332]
	at org.apache.hadoop.security.UserGroupInformation.doAs(UserGroupInformation.java:1878) [hadoop-common-3.3.1.jar:?]
	at org.apache.hadoop.ipc.Server$Handler.run(Server.java:2966) [hadoop-common-3.3.1.jar:?]
13:52:52.291 [IPC Server handler 17 on default port 44727] ERROR OMAudit - user=runner | ip=127.0.0.1 | op=GET_FILE_STATUS {volume=volume19882, bucket=bucket92495, key=level0/level3, dataSize=0, replicationConfig=null} | ret=FAILURE
org.apache.hadoop.ozone.om.exceptions.OMException: Unable to get file status: volume: volume19882 bucket: bucket92495 key: level0/level3
	at org.apache.hadoop.ozone.om.KeyManagerImpl.getOzoneFileStatus(KeyManagerImpl.java:1311) ~[ozone-manager-1.3.0-SNAPSHOT.jar:?]
	at org.apache.hadoop.ozone.om.KeyManagerImpl.getFileStatus(KeyManagerImpl.java:1241) ~[ozone-manager-1.3.0-SNAPSHOT.jar:?]
	at org.apache.hadoop.ozone.om.OzoneManager.getFileStatus(OzoneManager.java:3419) ~[ozone-manager-1.3.0-SNAPSHOT.jar:?]
	at org.apache.hadoop.ozone.protocolPB.OzoneManagerRequestHandler.getOzoneFileStatus(OzoneManagerRequestHandler.java:871) ~[ozone-manager-1.3.0-SNAPSHOT.jar:?]
	at org.apache.hadoop.ozone.protocolPB.OzoneManagerRequestHandler.handleReadRequest(OzoneManagerRequestHandler.java:217) ~[ozone-manager-1.3.0-SNAPSHOT.jar:?]
	at org.apache.hadoop.ozone.protocolPB.OzoneManagerProtocolServerSideTranslatorPB.submitReadRequestToOM(OzoneManagerProtocolServerSideTranslatorPB.java:225) ~[ozone-manager-1.3.0-SNAPSHOT.jar:?]
	at org.apache.hadoop.ozone.protocolPB.OzoneManagerProtocolServerSideTranslatorPB.processRequest(OzoneManagerProtocolServerSideTranslatorPB.java:175) ~[ozone-manager-1.3.0-SNAPSHOT.jar:?]
	at org.apache.hadoop.hdds.server.OzoneProtocolMessageDispatcher.processRequest(OzoneProtocolMessageDispatcher.java:87) [hdds-server-framework-1.3.0-SNAPSHOT.jar:?]
	at org.apache.hadoop.ozone.protocolPB.OzoneManagerProtocolServerSideTranslatorPB.submitRequest(OzoneManagerProtocolServerSideTranslatorPB.java:147) [ozone-manager-1.3.0-SNAPSHOT.jar:?]
	at org.apache.hadoop.ozone.protocol.proto.OzoneManagerProtocolProtos$OzoneManagerService$2.callBlockingMethod(OzoneManagerProtocolProtos.java) [ozone-interface-client-1.3.0-SNAPSHOT.jar:?]
	at org.apache.hadoop.ipc.ProtobufRpcEngine$Server.processCall(ProtobufRpcEngine.java:466) [hadoop-common-3.3.1.jar:?]
	at org.apache.hadoop.ipc.ProtobufRpcEngine2$Server$ProtoBufRpcInvoker.call(ProtobufRpcEngine2.java:574) [hadoop-common-3.3.1.jar:?]
	at org.apache.hadoop.ipc.ProtobufRpcEngine2$Server$ProtoBufRpcInvoker.call(ProtobufRpcEngine2.java:552) [hadoop-common-3.3.1.jar:?]
	at org.apache.hadoop.ipc.RPC$Server.call(RPC.java:1093) [hadoop-common-3.3.1.jar:?]
	at org.apache.hadoop.ipc.Server$RpcCall.run(Server.java:1035) [hadoop-common-3.3.1.jar:?]
	at org.apache.hadoop.ipc.Server$RpcCall.run(Server.java:963) [hadoop-common-3.3.1.jar:?]
	at java.security.AccessController.doPrivileged(Native Method) ~[?:1.8.0_332]
	at javax.security.auth.Subject.doAs(Subject.java:422) [?:1.8.0_332]
	at org.apache.hadoop.security.UserGroupInformation.doAs(UserGroupInformation.java:1878) [hadoop-common-3.3.1.jar:?]
	at org.apache.hadoop.ipc.Server$Handler.run(Server.java:2966) [hadoop-common-3.3.1.jar:?]
13:52:52.292 [IPC Server handler 19 on default port 44727] ERROR OMAudit - user=runner | ip=127.0.0.1 | op=GET_FILE_STATUS {volume=volume19882, bucket=bucket92495, key=level0/level3/level3, dataSize=0, replicationConfig=null} | ret=FAILURE
org.apache.hadoop.ozone.om.exceptions.OMException: Unable to get file status: volume: volume19882 bucket: bucket92495 key: level0/level3/level3
	at org.apache.hadoop.ozone.om.KeyManagerImpl.getOzoneFileStatus(KeyManagerImpl.java:1311) ~[ozone-manager-1.3.0-SNAPSHOT.jar:?]
	at org.apache.hadoop.ozone.om.KeyManagerImpl.getFileStatus(KeyManagerImpl.java:1241) ~[ozone-manager-1.3.0-SNAPSHOT.jar:?]
	at org.apache.hadoop.ozone.om.OzoneManager.getFileStatus(OzoneManager.java:3419) ~[ozone-manager-1.3.0-SNAPSHOT.jar:?]
	at org.apache.hadoop.ozone.protocolPB.OzoneManagerRequestHandler.getOzoneFileStatus(OzoneManagerRequestHandler.java:871) ~[ozone-manager-1.3.0-SNAPSHOT.jar:?]
	at org.apache.hadoop.ozone.protocolPB.OzoneManagerRequestHandler.handleReadRequest(OzoneManagerRequestHandler.java:217) ~[ozone-manager-1.3.0-SNAPSHOT.jar:?]
	at org.apache.hadoop.ozone.protocolPB.OzoneManagerProtocolServerSideTranslatorPB.submitReadRequestToOM(OzoneManagerProtocolServerSideTranslatorPB.java:225) ~[ozone-manager-1.3.0-SNAPSHOT.jar:?]
	at org.apache.hadoop.ozone.protocolPB.OzoneManagerProtocolServerSideTranslatorPB.processRequest(OzoneManagerProtocolServerSideTranslatorPB.java:175) ~[ozone-manager-1.3.0-SNAPSHOT.jar:?]
	at org.apache.hadoop.hdds.server.OzoneProtocolMessageDispatcher.processRequest(OzoneProtocolMessageDispatcher.java:87) [hdds-server-framework-1.3.0-SNAPSHOT.jar:?]
	at org.apache.hadoop.ozone.protocolPB.OzoneManagerProtocolServerSideTranslatorPB.submitRequest(OzoneManagerProtocolServerSideTranslatorPB.java:147) [ozone-manager-1.3.0-SNAPSHOT.jar:?]
	at org.apache.hadoop.ozone.protocol.proto.OzoneManagerProtocolProtos$OzoneManagerService$2.callBlockingMethod(OzoneManagerProtocolProtos.java) [ozone-interface-client-1.3.0-SNAPSHOT.jar:?]
	at org.apache.hadoop.ipc.ProtobufRpcEngine$Server.processCall(ProtobufRpcEngine.java:466) [hadoop-common-3.3.1.jar:?]
	at org.apache.hadoop.ipc.ProtobufRpcEngine2$Server$ProtoBufRpcInvoker.call(ProtobufRpcEngine2.java:574) [hadoop-common-3.3.1.jar:?]
	at org.apache.hadoop.ipc.ProtobufRpcEngine2$Server$ProtoBufRpcInvoker.call(ProtobufRpcEngine2.java:552) [hadoop-common-3.3.1.jar:?]
	at org.apache.hadoop.ipc.RPC$Server.call(RPC.java:1093) [hadoop-common-3.3.1.jar:?]
	at org.apache.hadoop.ipc.Server$RpcCall.run(Server.java:1035) [hadoop-common-3.3.1.jar:?]
	at org.apache.hadoop.ipc.Server$RpcCall.run(Server.java:963) [hadoop-common-3.3.1.jar:?]
	at java.security.AccessController.doPrivileged(Native Method) ~[?:1.8.0_332]
	at javax.security.auth.Subject.doAs(Subject.java:422) [?:1.8.0_332]
	at org.apache.hadoop.security.UserGroupInformation.doAs(UserGroupInformation.java:1878) [hadoop-common-3.3.1.jar:?]
	at org.apache.hadoop.ipc.Server$Handler.run(Server.java:2966) [hadoop-common-3.3.1.jar:?]
13:52:52.293 [IPC Server handler 4 on default port 44727] ERROR OMAudit - user=runner | ip=127.0.0.1 | op=GET_FILE_STATUS {volume=volume19882, bucket=bucket92495, key=level0/level3/file1, dataSize=0, replicationConfig=null} | ret=FAILURE
org.apache.hadoop.ozone.om.exceptions.OMException: Unable to get file status: volume: volume19882 bucket: bucket92495 key: level0/level3/file1
	at org.apache.hadoop.ozone.om.KeyManagerImpl.getOzoneFileStatus(KeyManagerImpl.java:1311) ~[ozone-manager-1.3.0-SNAPSHOT.jar:?]
	at org.apache.hadoop.ozone.om.KeyManagerImpl.getFileStatus(KeyManagerImpl.java:1241) ~[ozone-manager-1.3.0-SNAPSHOT.jar:?]
	at org.apache.hadoop.ozone.om.OzoneManager.getFileStatus(OzoneManager.java:3419) ~[ozone-manager-1.3.0-SNAPSHOT.jar:?]
	at org.apache.hadoop.ozone.protocolPB.OzoneManagerRequestHandler.getOzoneFileStatus(OzoneManagerRequestHandler.java:871) ~[ozone-manager-1.3.0-SNAPSHOT.jar:?]
	at org.apache.hadoop.ozone.protocolPB.OzoneManagerRequestHandler.handleReadRequest(OzoneManagerRequestHandler.java:217) ~[ozone-manager-1.3.0-SNAPSHOT.jar:?]
	at org.apache.hadoop.ozone.protocolPB.OzoneManagerProtocolServerSideTranslatorPB.submitReadRequestToOM(OzoneManagerProtocolServerSideTranslatorPB.java:225) ~[ozone-manager-1.3.0-SNAPSHOT.jar:?]
	at org.apache.hadoop.ozone.protocolPB.OzoneManagerProtocolServerSideTranslatorPB.processRequest(OzoneManagerProtocolServerSideTranslatorPB.java:175) ~[ozone-manager-1.3.0-SNAPSHOT.jar:?]
	at org.apache.hadoop.hdds.server.OzoneProtocolMessageDispatcher.processRequest(OzoneProtocolMessageDispatcher.java:87) [hdds-server-framework-1.3.0-SNAPSHOT.jar:?]
	at org.apache.hadoop.ozone.protocolPB.OzoneManagerProtocolServerSideTranslatorPB.submitRequest(OzoneManagerProtocolServerSideTranslatorPB.java:147) [ozone-manager-1.3.0-SNAPSHOT.jar:?]
	at org.apache.hadoop.ozone.protocol.proto.OzoneManagerProtocolProtos$OzoneManagerService$2.callBlockingMethod(OzoneManagerProtocolProtos.java) [ozone-interface-client-1.3.0-SNAPSHOT.jar:?]
	at org.apache.hadoop.ipc.ProtobufRpcEngine$Server.processCall(ProtobufRpcEngine.java:466) [hadoop-common-3.3.1.jar:?]
	at org.apache.hadoop.ipc.ProtobufRpcEngine2$Server$ProtoBufRpcInvoker.call(ProtobufRpcEngine2.java:574) [hadoop-common-3.3.1.jar:?]
	at org.apache.hadoop.ipc.ProtobufRpcEngine2$Server$ProtoBufRpcInvoker.call(ProtobufRpcEngine2.java:552) [hadoop-common-3.3.1.jar:?]
	at org.apache.hadoop.ipc.RPC$Server.call(RPC.java:1093) [hadoop-common-3.3.1.jar:?]
	at org.apache.hadoop.ipc.Server$RpcCall.run(Server.java:1035) [hadoop-common-3.3.1.jar:?]
	at org.apache.hadoop.ipc.Server$RpcCall.run(Server.java:963) [hadoop-common-3.3.1.jar:?]
	at java.security.AccessController.doPrivileged(Native Method) ~[?:1.8.0_332]
	at javax.security.auth.Subject.doAs(Subject.java:422) [?:1.8.0_332]
	at org.apache.hadoop.security.UserGroupInformation.doAs(UserGroupInformation.java:1878) [hadoop-common-3.3.1.jar:?]
	at org.apache.hadoop.ipc.Server$Handler.run(Server.java:2966) [hadoop-common-3.3.1.jar:?]
13:52:52.297 [IPC Server handler 0 on default port 44727] ERROR OMAudit - user=runner | ip=127.0.0.1 | op=GET_FILE_STATUS {volume=volume19882, bucket=bucket92495, key=level0/level3/level3/file1, dataSize=0, replicationConfig=null} | ret=FAILURE
org.apache.hadoop.ozone.om.exceptions.OMException: Unable to get file status: volume: volume19882 bucket: bucket92495 key: level0/level3/level3/file1
	at org.apache.hadoop.ozone.om.KeyManagerImpl.getOzoneFileStatus(KeyManagerImpl.java:1311) ~[ozone-manager-1.3.0-SNAPSHOT.jar:?]
	at org.apache.hadoop.ozone.om.KeyManagerImpl.getFileStatus(KeyManagerImpl.java:1241) ~[ozone-manager-1.3.0-SNAPSHOT.jar:?]
	at org.apache.hadoop.ozone.om.OzoneManager.getFileStatus(OzoneManager.java:3419) ~[ozone-manager-1.3.0-SNAPSHOT.jar:?]
	at org.apache.hadoop.ozone.protocolPB.OzoneManagerRequestHandler.getOzoneFileStatus(OzoneManagerRequestHandler.java:871) ~[ozone-manager-1.3.0-SNAPSHOT.jar:?]
	at org.apache.hadoop.ozone.protocolPB.OzoneManagerRequestHandler.handleReadRequest(OzoneManagerRequestHandler.java:217) ~[ozone-manager-1.3.0-SNAPSHOT.jar:?]
	at org.apache.hadoop.ozone.protocolPB.OzoneManagerProtocolServerSideTranslatorPB.submitReadRequestToOM(OzoneManagerProtocolServerSideTranslatorPB.java:225) ~[ozone-manager-1.3.0-SNAPSHOT.jar:?]
	at org.apache.hadoop.ozone.protocolPB.OzoneManagerProtocolServerSideTranslatorPB.processRequest(OzoneManagerProtocolServerSideTranslatorPB.java:175) ~[ozone-manager-1.3.0-SNAPSHOT.jar:?]
	at org.apache.hadoop.hdds.server.OzoneProtocolMessageDispatcher.processRequest(OzoneProtocolMessageDispatcher.java:87) [hdds-server-framework-1.3.0-SNAPSHOT.jar:?]
	at org.apache.hadoop.ozone.protocolPB.OzoneManagerProtocolServerSideTranslatorPB.submitRequest(OzoneManagerProtocolServerSideTranslatorPB.java:147) [ozone-manager-1.3.0-SNAPSHOT.jar:?]
	at org.apache.hadoop.ozone.protocol.proto.OzoneManagerProtocolProtos$OzoneManagerService$2.callBlockingMethod(OzoneManagerProtocolProtos.java) [ozone-interface-client-1.3.0-SNAPSHOT.jar:?]
	at org.apache.hadoop.ipc.ProtobufRpcEngine$Server.processCall(ProtobufRpcEngine.java:466) [hadoop-common-3.3.1.jar:?]
	at org.apache.hadoop.ipc.ProtobufRpcEngine2$Server$ProtoBufRpcInvoker.call(ProtobufRpcEngine2.java:574) [hadoop-common-3.3.1.jar:?]
	at org.apache.hadoop.ipc.ProtobufRpcEngine2$Server$ProtoBufRpcInvoker.call(ProtobufRpcEngine2.java:552) [hadoop-common-3.3.1.jar:?]
	at org.apache.hadoop.ipc.RPC$Server.call(RPC.java:1093) [hadoop-common-3.3.1.jar:?]
	at org.apache.hadoop.ipc.Server$RpcCall.run(Server.java:1035) [hadoop-common-3.3.1.jar:?]
	at org.apache.hadoop.ipc.Server$RpcCall.run(Server.java:963) [hadoop-common-3.3.1.jar:?]
	at java.security.AccessController.doPrivileged(Native Method) ~[?:1.8.0_332]
	at javax.security.auth.Subject.doAs(Subject.java:422) [?:1.8.0_332]
	at org.apache.hadoop.security.UserGroupInformation.doAs(UserGroupInformation.java:1878) [hadoop-common-3.3.1.jar:?]
	at org.apache.hadoop.ipc.Server$Handler.run(Server.java:2966) [hadoop-common-3.3.1.jar:?]
]]></system-out>
  </testcase>
  <testcase name="testRecursiveDelete" classname="TestOzoneFileSystem" time="0.182">
    <system-out><![CDATA[13:54:00.695 [IPC Server handler 7 on default port 34499] ERROR OMAudit - user=runner | ip=127.0.0.1 | op=GET_FILE_STATUS {volume=volume69434, bucket=bucket16378, key=gdir1, dataSize=0, replicationConfig=null} | ret=FAILURE
org.apache.hadoop.ozone.om.exceptions.OMException: Unable to get file status: volume: volume69434 bucket: bucket16378 key: gdir1
	at org.apache.hadoop.ozone.om.KeyManagerImpl.getOzoneFileStatus(KeyManagerImpl.java:1311) ~[ozone-manager-1.3.0-SNAPSHOT.jar:?]
	at org.apache.hadoop.ozone.om.KeyManagerImpl.getFileStatus(KeyManagerImpl.java:1241) ~[ozone-manager-1.3.0-SNAPSHOT.jar:?]
	at org.apache.hadoop.ozone.om.OzoneManager.getFileStatus(OzoneManager.java:3419) ~[ozone-manager-1.3.0-SNAPSHOT.jar:?]
	at org.apache.hadoop.ozone.protocolPB.OzoneManagerRequestHandler.getOzoneFileStatus(OzoneManagerRequestHandler.java:871) ~[ozone-manager-1.3.0-SNAPSHOT.jar:?]
	at org.apache.hadoop.ozone.protocolPB.OzoneManagerRequestHandler.handleReadRequest(OzoneManagerRequestHandler.java:217) ~[ozone-manager-1.3.0-SNAPSHOT.jar:?]
	at org.apache.hadoop.ozone.protocolPB.OzoneManagerProtocolServerSideTranslatorPB.submitRequestDirectlyToOM(OzoneManagerProtocolServerSideTranslatorPB.java:284) ~[ozone-manager-1.3.0-SNAPSHOT.jar:?]
	at org.apache.hadoop.ozone.protocolPB.OzoneManagerProtocolServerSideTranslatorPB.processRequest(OzoneManagerProtocolServerSideTranslatorPB.java:207) ~[ozone-manager-1.3.0-SNAPSHOT.jar:?]
	at org.apache.hadoop.hdds.server.OzoneProtocolMessageDispatcher.processRequest(OzoneProtocolMessageDispatcher.java:87) [hdds-server-framework-1.3.0-SNAPSHOT.jar:?]
	at org.apache.hadoop.ozone.protocolPB.OzoneManagerProtocolServerSideTranslatorPB.submitRequest(OzoneManagerProtocolServerSideTranslatorPB.java:147) [ozone-manager-1.3.0-SNAPSHOT.jar:?]
	at org.apache.hadoop.ozone.protocol.proto.OzoneManagerProtocolProtos$OzoneManagerService$2.callBlockingMethod(OzoneManagerProtocolProtos.java) [ozone-interface-client-1.3.0-SNAPSHOT.jar:?]
	at org.apache.hadoop.ipc.ProtobufRpcEngine$Server.processCall(ProtobufRpcEngine.java:466) [hadoop-common-3.3.1.jar:?]
	at org.apache.hadoop.ipc.ProtobufRpcEngine2$Server$ProtoBufRpcInvoker.call(ProtobufRpcEngine2.java:574) [hadoop-common-3.3.1.jar:?]
	at org.apache.hadoop.ipc.ProtobufRpcEngine2$Server$ProtoBufRpcInvoker.call(ProtobufRpcEngine2.java:552) [hadoop-common-3.3.1.jar:?]
	at org.apache.hadoop.ipc.RPC$Server.call(RPC.java:1093) [hadoop-common-3.3.1.jar:?]
	at org.apache.hadoop.ipc.Server$RpcCall.run(Server.java:1035) [hadoop-common-3.3.1.jar:?]
	at org.apache.hadoop.ipc.Server$RpcCall.run(Server.java:963) [hadoop-common-3.3.1.jar:?]
	at java.security.AccessController.doPrivileged(Native Method) ~[?:1.8.0_332]
	at javax.security.auth.Subject.doAs(Subject.java:422) [?:1.8.0_332]
	at org.apache.hadoop.security.UserGroupInformation.doAs(UserGroupInformation.java:1878) [hadoop-common-3.3.1.jar:?]
	at org.apache.hadoop.ipc.Server$Handler.run(Server.java:2966) [hadoop-common-3.3.1.jar:?]
13:54:00.696 [IPC Server handler 6 on default port 34499] ERROR OMAudit - user=runner | ip=127.0.0.1 | op=GET_FILE_STATUS {volume=volume69434, bucket=bucket16378, key=gdir1/dir1, dataSize=0, replicationConfig=null} | ret=FAILURE
org.apache.hadoop.ozone.om.exceptions.OMException: Unable to get file status: volume: volume69434 bucket: bucket16378 key: gdir1/dir1
	at org.apache.hadoop.ozone.om.KeyManagerImpl.getOzoneFileStatus(KeyManagerImpl.java:1311) ~[ozone-manager-1.3.0-SNAPSHOT.jar:?]
	at org.apache.hadoop.ozone.om.KeyManagerImpl.getFileStatus(KeyManagerImpl.java:1241) ~[ozone-manager-1.3.0-SNAPSHOT.jar:?]
	at org.apache.hadoop.ozone.om.OzoneManager.getFileStatus(OzoneManager.java:3419) ~[ozone-manager-1.3.0-SNAPSHOT.jar:?]
	at org.apache.hadoop.ozone.protocolPB.OzoneManagerRequestHandler.getOzoneFileStatus(OzoneManagerRequestHandler.java:871) ~[ozone-manager-1.3.0-SNAPSHOT.jar:?]
	at org.apache.hadoop.ozone.protocolPB.OzoneManagerRequestHandler.handleReadRequest(OzoneManagerRequestHandler.java:217) ~[ozone-manager-1.3.0-SNAPSHOT.jar:?]
	at org.apache.hadoop.ozone.protocolPB.OzoneManagerProtocolServerSideTranslatorPB.submitRequestDirectlyToOM(OzoneManagerProtocolServerSideTranslatorPB.java:284) ~[ozone-manager-1.3.0-SNAPSHOT.jar:?]
	at org.apache.hadoop.ozone.protocolPB.OzoneManagerProtocolServerSideTranslatorPB.processRequest(OzoneManagerProtocolServerSideTranslatorPB.java:207) ~[ozone-manager-1.3.0-SNAPSHOT.jar:?]
	at org.apache.hadoop.hdds.server.OzoneProtocolMessageDispatcher.processRequest(OzoneProtocolMessageDispatcher.java:87) [hdds-server-framework-1.3.0-SNAPSHOT.jar:?]
	at org.apache.hadoop.ozone.protocolPB.OzoneManagerProtocolServerSideTranslatorPB.submitRequest(OzoneManagerProtocolServerSideTranslatorPB.java:147) [ozone-manager-1.3.0-SNAPSHOT.jar:?]
	at org.apache.hadoop.ozone.protocol.proto.OzoneManagerProtocolProtos$OzoneManagerService$2.callBlockingMethod(OzoneManagerProtocolProtos.java) [ozone-interface-client-1.3.0-SNAPSHOT.jar:?]
	at org.apache.hadoop.ipc.ProtobufRpcEngine$Server.processCall(ProtobufRpcEngine.java:466) [hadoop-common-3.3.1.jar:?]
	at org.apache.hadoop.ipc.ProtobufRpcEngine2$Server$ProtoBufRpcInvoker.call(ProtobufRpcEngine2.java:574) [hadoop-common-3.3.1.jar:?]
	at org.apache.hadoop.ipc.ProtobufRpcEngine2$Server$ProtoBufRpcInvoker.call(ProtobufRpcEngine2.java:552) [hadoop-common-3.3.1.jar:?]
	at org.apache.hadoop.ipc.RPC$Server.call(RPC.java:1093) [hadoop-common-3.3.1.jar:?]
	at org.apache.hadoop.ipc.Server$RpcCall.run(Server.java:1035) [hadoop-common-3.3.1.jar:?]
	at org.apache.hadoop.ipc.Server$RpcCall.run(Server.java:963) [hadoop-common-3.3.1.jar:?]
	at java.security.AccessController.doPrivileged(Native Method) ~[?:1.8.0_332]
	at javax.security.auth.Subject.doAs(Subject.java:422) [?:1.8.0_332]
	at org.apache.hadoop.security.UserGroupInformation.doAs(UserGroupInformation.java:1878) [hadoop-common-3.3.1.jar:?]
	at org.apache.hadoop.ipc.Server$Handler.run(Server.java:2966) [hadoop-common-3.3.1.jar:?]
13:54:00.697 [IPC Server handler 5 on default port 34499] ERROR OMAudit - user=runner | ip=127.0.0.1 | op=GET_FILE_STATUS {volume=volume69434, bucket=bucket16378, key=gdir1/dir1/child, dataSize=0, replicationConfig=null} | ret=FAILURE
org.apache.hadoop.ozone.om.exceptions.OMException: Unable to get file status: volume: volume69434 bucket: bucket16378 key: gdir1/dir1/child
	at org.apache.hadoop.ozone.om.KeyManagerImpl.getOzoneFileStatus(KeyManagerImpl.java:1311) ~[ozone-manager-1.3.0-SNAPSHOT.jar:?]
	at org.apache.hadoop.ozone.om.KeyManagerImpl.getFileStatus(KeyManagerImpl.java:1241) ~[ozone-manager-1.3.0-SNAPSHOT.jar:?]
	at org.apache.hadoop.ozone.om.OzoneManager.getFileStatus(OzoneManager.java:3419) ~[ozone-manager-1.3.0-SNAPSHOT.jar:?]
	at org.apache.hadoop.ozone.protocolPB.OzoneManagerRequestHandler.getOzoneFileStatus(OzoneManagerRequestHandler.java:871) ~[ozone-manager-1.3.0-SNAPSHOT.jar:?]
	at org.apache.hadoop.ozone.protocolPB.OzoneManagerRequestHandler.handleReadRequest(OzoneManagerRequestHandler.java:217) ~[ozone-manager-1.3.0-SNAPSHOT.jar:?]
	at org.apache.hadoop.ozone.protocolPB.OzoneManagerProtocolServerSideTranslatorPB.submitRequestDirectlyToOM(OzoneManagerProtocolServerSideTranslatorPB.java:284) ~[ozone-manager-1.3.0-SNAPSHOT.jar:?]
	at org.apache.hadoop.ozone.protocolPB.OzoneManagerProtocolServerSideTranslatorPB.processRequest(OzoneManagerProtocolServerSideTranslatorPB.java:207) ~[ozone-manager-1.3.0-SNAPSHOT.jar:?]
	at org.apache.hadoop.hdds.server.OzoneProtocolMessageDispatcher.processRequest(OzoneProtocolMessageDispatcher.java:87) [hdds-server-framework-1.3.0-SNAPSHOT.jar:?]
	at org.apache.hadoop.ozone.protocolPB.OzoneManagerProtocolServerSideTranslatorPB.submitRequest(OzoneManagerProtocolServerSideTranslatorPB.java:147) [ozone-manager-1.3.0-SNAPSHOT.jar:?]
	at org.apache.hadoop.ozone.protocol.proto.OzoneManagerProtocolProtos$OzoneManagerService$2.callBlockingMethod(OzoneManagerProtocolProtos.java) [ozone-interface-client-1.3.0-SNAPSHOT.jar:?]
	at org.apache.hadoop.ipc.ProtobufRpcEngine$Server.processCall(ProtobufRpcEngine.java:466) [hadoop-common-3.3.1.jar:?]
	at org.apache.hadoop.ipc.ProtobufRpcEngine2$Server$ProtoBufRpcInvoker.call(ProtobufRpcEngine2.java:574) [hadoop-common-3.3.1.jar:?]
	at org.apache.hadoop.ipc.ProtobufRpcEngine2$Server$ProtoBufRpcInvoker.call(ProtobufRpcEngine2.java:552) [hadoop-common-3.3.1.jar:?]
	at org.apache.hadoop.ipc.RPC$Server.call(RPC.java:1093) [hadoop-common-3.3.1.jar:?]
	at org.apache.hadoop.ipc.Server$RpcCall.run(Server.java:1035) [hadoop-common-3.3.1.jar:?]
	at org.apache.hadoop.ipc.Server$RpcCall.run(Server.java:963) [hadoop-common-3.3.1.jar:?]
	at java.security.AccessController.doPrivileged(Native Method) ~[?:1.8.0_332]
	at javax.security.auth.Subject.doAs(Subject.java:422) [?:1.8.0_332]
	at org.apache.hadoop.security.UserGroupInformation.doAs(UserGroupInformation.java:1878) [hadoop-common-3.3.1.jar:?]
	at org.apache.hadoop.ipc.Server$Handler.run(Server.java:2966) [hadoop-common-3.3.1.jar:?]
13:54:00.698 [IPC Server handler 18 on default port 34499] ERROR OMAudit - user=runner | ip=127.0.0.1 | op=GET_FILE_STATUS {volume=volume69434, bucket=bucket16378, key=gdir1/dir2, dataSize=0, replicationConfig=null} | ret=FAILURE
org.apache.hadoop.ozone.om.exceptions.OMException: Unable to get file status: volume: volume69434 bucket: bucket16378 key: gdir1/dir2
	at org.apache.hadoop.ozone.om.KeyManagerImpl.getOzoneFileStatus(KeyManagerImpl.java:1311) ~[ozone-manager-1.3.0-SNAPSHOT.jar:?]
	at org.apache.hadoop.ozone.om.KeyManagerImpl.getFileStatus(KeyManagerImpl.java:1241) ~[ozone-manager-1.3.0-SNAPSHOT.jar:?]
	at org.apache.hadoop.ozone.om.OzoneManager.getFileStatus(OzoneManager.java:3419) ~[ozone-manager-1.3.0-SNAPSHOT.jar:?]
	at org.apache.hadoop.ozone.protocolPB.OzoneManagerRequestHandler.getOzoneFileStatus(OzoneManagerRequestHandler.java:871) ~[ozone-manager-1.3.0-SNAPSHOT.jar:?]
	at org.apache.hadoop.ozone.protocolPB.OzoneManagerRequestHandler.handleReadRequest(OzoneManagerRequestHandler.java:217) ~[ozone-manager-1.3.0-SNAPSHOT.jar:?]
	at org.apache.hadoop.ozone.protocolPB.OzoneManagerProtocolServerSideTranslatorPB.submitRequestDirectlyToOM(OzoneManagerProtocolServerSideTranslatorPB.java:284) ~[ozone-manager-1.3.0-SNAPSHOT.jar:?]
	at org.apache.hadoop.ozone.protocolPB.OzoneManagerProtocolServerSideTranslatorPB.processRequest(OzoneManagerProtocolServerSideTranslatorPB.java:207) ~[ozone-manager-1.3.0-SNAPSHOT.jar:?]
	at org.apache.hadoop.hdds.server.OzoneProtocolMessageDispatcher.processRequest(OzoneProtocolMessageDispatcher.java:87) [hdds-server-framework-1.3.0-SNAPSHOT.jar:?]
	at org.apache.hadoop.ozone.protocolPB.OzoneManagerProtocolServerSideTranslatorPB.submitRequest(OzoneManagerProtocolServerSideTranslatorPB.java:147) [ozone-manager-1.3.0-SNAPSHOT.jar:?]
	at org.apache.hadoop.ozone.protocol.proto.OzoneManagerProtocolProtos$OzoneManagerService$2.callBlockingMethod(OzoneManagerProtocolProtos.java) [ozone-interface-client-1.3.0-SNAPSHOT.jar:?]
	at org.apache.hadoop.ipc.ProtobufRpcEngine$Server.processCall(ProtobufRpcEngine.java:466) [hadoop-common-3.3.1.jar:?]
	at org.apache.hadoop.ipc.ProtobufRpcEngine2$Server$ProtoBufRpcInvoker.call(ProtobufRpcEngine2.java:574) [hadoop-common-3.3.1.jar:?]
	at org.apache.hadoop.ipc.ProtobufRpcEngine2$Server$ProtoBufRpcInvoker.call(ProtobufRpcEngine2.java:552) [hadoop-common-3.3.1.jar:?]
	at org.apache.hadoop.ipc.RPC$Server.call(RPC.java:1093) [hadoop-common-3.3.1.jar:?]
	at org.apache.hadoop.ipc.Server$RpcCall.run(Server.java:1035) [hadoop-common-3.3.1.jar:?]
	at org.apache.hadoop.ipc.Server$RpcCall.run(Server.java:963) [hadoop-common-3.3.1.jar:?]
	at java.security.AccessController.doPrivileged(Native Method) ~[?:1.8.0_332]
	at javax.security.auth.Subject.doAs(Subject.java:422) [?:1.8.0_332]
	at org.apache.hadoop.security.UserGroupInformation.doAs(UserGroupInformation.java:1878) [hadoop-common-3.3.1.jar:?]
	at org.apache.hadoop.ipc.Server$Handler.run(Server.java:2966) [hadoop-common-3.3.1.jar:?]
13:54:00.699 [IPC Server handler 17 on default port 34499] ERROR OMAudit - user=runner | ip=127.0.0.1 | op=GET_FILE_STATUS {volume=volume69434, bucket=bucket16378, key=gdir1/dir2/child, dataSize=0, replicationConfig=null} | ret=FAILURE
org.apache.hadoop.ozone.om.exceptions.OMException: Unable to get file status: volume: volume69434 bucket: bucket16378 key: gdir1/dir2/child
	at org.apache.hadoop.ozone.om.KeyManagerImpl.getOzoneFileStatus(KeyManagerImpl.java:1311) ~[ozone-manager-1.3.0-SNAPSHOT.jar:?]
	at org.apache.hadoop.ozone.om.KeyManagerImpl.getFileStatus(KeyManagerImpl.java:1241) ~[ozone-manager-1.3.0-SNAPSHOT.jar:?]
	at org.apache.hadoop.ozone.om.OzoneManager.getFileStatus(OzoneManager.java:3419) ~[ozone-manager-1.3.0-SNAPSHOT.jar:?]
	at org.apache.hadoop.ozone.protocolPB.OzoneManagerRequestHandler.getOzoneFileStatus(OzoneManagerRequestHandler.java:871) ~[ozone-manager-1.3.0-SNAPSHOT.jar:?]
	at org.apache.hadoop.ozone.protocolPB.OzoneManagerRequestHandler.handleReadRequest(OzoneManagerRequestHandler.java:217) ~[ozone-manager-1.3.0-SNAPSHOT.jar:?]
	at org.apache.hadoop.ozone.protocolPB.OzoneManagerProtocolServerSideTranslatorPB.submitRequestDirectlyToOM(OzoneManagerProtocolServerSideTranslatorPB.java:284) ~[ozone-manager-1.3.0-SNAPSHOT.jar:?]
	at org.apache.hadoop.ozone.protocolPB.OzoneManagerProtocolServerSideTranslatorPB.processRequest(OzoneManagerProtocolServerSideTranslatorPB.java:207) ~[ozone-manager-1.3.0-SNAPSHOT.jar:?]
	at org.apache.hadoop.hdds.server.OzoneProtocolMessageDispatcher.processRequest(OzoneProtocolMessageDispatcher.java:87) [hdds-server-framework-1.3.0-SNAPSHOT.jar:?]
	at org.apache.hadoop.ozone.protocolPB.OzoneManagerProtocolServerSideTranslatorPB.submitRequest(OzoneManagerProtocolServerSideTranslatorPB.java:147) [ozone-manager-1.3.0-SNAPSHOT.jar:?]
	at org.apache.hadoop.ozone.protocol.proto.OzoneManagerProtocolProtos$OzoneManagerService$2.callBlockingMethod(OzoneManagerProtocolProtos.java) [ozone-interface-client-1.3.0-SNAPSHOT.jar:?]
	at org.apache.hadoop.ipc.ProtobufRpcEngine$Server.processCall(ProtobufRpcEngine.java:466) [hadoop-common-3.3.1.jar:?]
	at org.apache.hadoop.ipc.ProtobufRpcEngine2$Server$ProtoBufRpcInvoker.call(ProtobufRpcEngine2.java:574) [hadoop-common-3.3.1.jar:?]
	at org.apache.hadoop.ipc.ProtobufRpcEngine2$Server$ProtoBufRpcInvoker.call(ProtobufRpcEngine2.java:552) [hadoop-common-3.3.1.jar:?]
	at org.apache.hadoop.ipc.RPC$Server.call(RPC.java:1093) [hadoop-common-3.3.1.jar:?]
	at org.apache.hadoop.ipc.Server$RpcCall.run(Server.java:1035) [hadoop-common-3.3.1.jar:?]
	at org.apache.hadoop.ipc.Server$RpcCall.run(Server.java:963) [hadoop-common-3.3.1.jar:?]
	at java.security.AccessController.doPrivileged(Native Method) ~[?:1.8.0_332]
	at javax.security.auth.Subject.doAs(Subject.java:422) [?:1.8.0_332]
	at org.apache.hadoop.security.UserGroupInformation.doAs(UserGroupInformation.java:1878) [hadoop-common-3.3.1.jar:?]
	at org.apache.hadoop.ipc.Server$Handler.run(Server.java:2966) [hadoop-common-3.3.1.jar:?]
13:54:00.700 [IPC Server handler 16 on default port 34499] ERROR OMAudit - user=runner | ip=127.0.0.1 | op=GET_FILE_STATUS {volume=volume69434, bucket=bucket16378, key=gdir1/dir3, dataSize=0, replicationConfig=null} | ret=FAILURE
org.apache.hadoop.ozone.om.exceptions.OMException: Unable to get file status: volume: volume69434 bucket: bucket16378 key: gdir1/dir3
	at org.apache.hadoop.ozone.om.KeyManagerImpl.getOzoneFileStatus(KeyManagerImpl.java:1311) ~[ozone-manager-1.3.0-SNAPSHOT.jar:?]
	at org.apache.hadoop.ozone.om.KeyManagerImpl.getFileStatus(KeyManagerImpl.java:1241) ~[ozone-manager-1.3.0-SNAPSHOT.jar:?]
	at org.apache.hadoop.ozone.om.OzoneManager.getFileStatus(OzoneManager.java:3419) ~[ozone-manager-1.3.0-SNAPSHOT.jar:?]
	at org.apache.hadoop.ozone.protocolPB.OzoneManagerRequestHandler.getOzoneFileStatus(OzoneManagerRequestHandler.java:871) ~[ozone-manager-1.3.0-SNAPSHOT.jar:?]
	at org.apache.hadoop.ozone.protocolPB.OzoneManagerRequestHandler.handleReadRequest(OzoneManagerRequestHandler.java:217) ~[ozone-manager-1.3.0-SNAPSHOT.jar:?]
	at org.apache.hadoop.ozone.protocolPB.OzoneManagerProtocolServerSideTranslatorPB.submitRequestDirectlyToOM(OzoneManagerProtocolServerSideTranslatorPB.java:284) ~[ozone-manager-1.3.0-SNAPSHOT.jar:?]
	at org.apache.hadoop.ozone.protocolPB.OzoneManagerProtocolServerSideTranslatorPB.processRequest(OzoneManagerProtocolServerSideTranslatorPB.java:207) ~[ozone-manager-1.3.0-SNAPSHOT.jar:?]
	at org.apache.hadoop.hdds.server.OzoneProtocolMessageDispatcher.processRequest(OzoneProtocolMessageDispatcher.java:87) [hdds-server-framework-1.3.0-SNAPSHOT.jar:?]
	at org.apache.hadoop.ozone.protocolPB.OzoneManagerProtocolServerSideTranslatorPB.submitRequest(OzoneManagerProtocolServerSideTranslatorPB.java:147) [ozone-manager-1.3.0-SNAPSHOT.jar:?]
	at org.apache.hadoop.ozone.protocol.proto.OzoneManagerProtocolProtos$OzoneManagerService$2.callBlockingMethod(OzoneManagerProtocolProtos.java) [ozone-interface-client-1.3.0-SNAPSHOT.jar:?]
	at org.apache.hadoop.ipc.ProtobufRpcEngine$Server.processCall(ProtobufRpcEngine.java:466) [hadoop-common-3.3.1.jar:?]
	at org.apache.hadoop.ipc.ProtobufRpcEngine2$Server$ProtoBufRpcInvoker.call(ProtobufRpcEngine2.java:574) [hadoop-common-3.3.1.jar:?]
	at org.apache.hadoop.ipc.ProtobufRpcEngine2$Server$ProtoBufRpcInvoker.call(ProtobufRpcEngine2.java:552) [hadoop-common-3.3.1.jar:?]
	at org.apache.hadoop.ipc.RPC$Server.call(RPC.java:1093) [hadoop-common-3.3.1.jar:?]
	at org.apache.hadoop.ipc.Server$RpcCall.run(Server.java:1035) [hadoop-common-3.3.1.jar:?]
	at org.apache.hadoop.ipc.Server$RpcCall.run(Server.java:963) [hadoop-common-3.3.1.jar:?]
	at java.security.AccessController.doPrivileged(Native Method) ~[?:1.8.0_332]
	at javax.security.auth.Subject.doAs(Subject.java:422) [?:1.8.0_332]
	at org.apache.hadoop.security.UserGroupInformation.doAs(UserGroupInformation.java:1878) [hadoop-common-3.3.1.jar:?]
	at org.apache.hadoop.ipc.Server$Handler.run(Server.java:2966) [hadoop-common-3.3.1.jar:?]
13:54:00.700 [IPC Server handler 15 on default port 34499] ERROR OMAudit - user=runner | ip=127.0.0.1 | op=GET_FILE_STATUS {volume=volume69434, bucket=bucket16378, key=gdir1/dir3/child, dataSize=0, replicationConfig=null} | ret=FAILURE
org.apache.hadoop.ozone.om.exceptions.OMException: Unable to get file status: volume: volume69434 bucket: bucket16378 key: gdir1/dir3/child
	at org.apache.hadoop.ozone.om.KeyManagerImpl.getOzoneFileStatus(KeyManagerImpl.java:1311) ~[ozone-manager-1.3.0-SNAPSHOT.jar:?]
	at org.apache.hadoop.ozone.om.KeyManagerImpl.getFileStatus(KeyManagerImpl.java:1241) ~[ozone-manager-1.3.0-SNAPSHOT.jar:?]
	at org.apache.hadoop.ozone.om.OzoneManager.getFileStatus(OzoneManager.java:3419) ~[ozone-manager-1.3.0-SNAPSHOT.jar:?]
	at org.apache.hadoop.ozone.protocolPB.OzoneManagerRequestHandler.getOzoneFileStatus(OzoneManagerRequestHandler.java:871) ~[ozone-manager-1.3.0-SNAPSHOT.jar:?]
	at org.apache.hadoop.ozone.protocolPB.OzoneManagerRequestHandler.handleReadRequest(OzoneManagerRequestHandler.java:217) ~[ozone-manager-1.3.0-SNAPSHOT.jar:?]
	at org.apache.hadoop.ozone.protocolPB.OzoneManagerProtocolServerSideTranslatorPB.submitRequestDirectlyToOM(OzoneManagerProtocolServerSideTranslatorPB.java:284) ~[ozone-manager-1.3.0-SNAPSHOT.jar:?]
	at org.apache.hadoop.ozone.protocolPB.OzoneManagerProtocolServerSideTranslatorPB.processRequest(OzoneManagerProtocolServerSideTranslatorPB.java:207) ~[ozone-manager-1.3.0-SNAPSHOT.jar:?]
	at org.apache.hadoop.hdds.server.OzoneProtocolMessageDispatcher.processRequest(OzoneProtocolMessageDispatcher.java:87) [hdds-server-framework-1.3.0-SNAPSHOT.jar:?]
	at org.apache.hadoop.ozone.protocolPB.OzoneManagerProtocolServerSideTranslatorPB.submitRequest(OzoneManagerProtocolServerSideTranslatorPB.java:147) [ozone-manager-1.3.0-SNAPSHOT.jar:?]
	at org.apache.hadoop.ozone.protocol.proto.OzoneManagerProtocolProtos$OzoneManagerService$2.callBlockingMethod(OzoneManagerProtocolProtos.java) [ozone-interface-client-1.3.0-SNAPSHOT.jar:?]
	at org.apache.hadoop.ipc.ProtobufRpcEngine$Server.processCall(ProtobufRpcEngine.java:466) [hadoop-common-3.3.1.jar:?]
	at org.apache.hadoop.ipc.ProtobufRpcEngine2$Server$ProtoBufRpcInvoker.call(ProtobufRpcEngine2.java:574) [hadoop-common-3.3.1.jar:?]
	at org.apache.hadoop.ipc.ProtobufRpcEngine2$Server$ProtoBufRpcInvoker.call(ProtobufRpcEngine2.java:552) [hadoop-common-3.3.1.jar:?]
	at org.apache.hadoop.ipc.RPC$Server.call(RPC.java:1093) [hadoop-common-3.3.1.jar:?]
	at org.apache.hadoop.ipc.Server$RpcCall.run(Server.java:1035) [hadoop-common-3.3.1.jar:?]
	at org.apache.hadoop.ipc.Server$RpcCall.run(Server.java:963) [hadoop-common-3.3.1.jar:?]
	at java.security.AccessController.doPrivileged(Native Method) ~[?:1.8.0_332]
	at javax.security.auth.Subject.doAs(Subject.java:422) [?:1.8.0_332]
	at org.apache.hadoop.security.UserGroupInformation.doAs(UserGroupInformation.java:1878) [hadoop-common-3.3.1.jar:?]
	at org.apache.hadoop.ipc.Server$Handler.run(Server.java:2966) [hadoop-common-3.3.1.jar:?]
13:54:00.701 [IPC Server handler 14 on default port 34499] ERROR OMAudit - user=runner | ip=127.0.0.1 | op=GET_FILE_STATUS {volume=volume69434, bucket=bucket16378, key=gdir1/dir4, dataSize=0, replicationConfig=null} | ret=FAILURE
org.apache.hadoop.ozone.om.exceptions.OMException: Unable to get file status: volume: volume69434 bucket: bucket16378 key: gdir1/dir4
	at org.apache.hadoop.ozone.om.KeyManagerImpl.getOzoneFileStatus(KeyManagerImpl.java:1311) ~[ozone-manager-1.3.0-SNAPSHOT.jar:?]
	at org.apache.hadoop.ozone.om.KeyManagerImpl.getFileStatus(KeyManagerImpl.java:1241) ~[ozone-manager-1.3.0-SNAPSHOT.jar:?]
	at org.apache.hadoop.ozone.om.OzoneManager.getFileStatus(OzoneManager.java:3419) ~[ozone-manager-1.3.0-SNAPSHOT.jar:?]
	at org.apache.hadoop.ozone.protocolPB.OzoneManagerRequestHandler.getOzoneFileStatus(OzoneManagerRequestHandler.java:871) ~[ozone-manager-1.3.0-SNAPSHOT.jar:?]
	at org.apache.hadoop.ozone.protocolPB.OzoneManagerRequestHandler.handleReadRequest(OzoneManagerRequestHandler.java:217) ~[ozone-manager-1.3.0-SNAPSHOT.jar:?]
	at org.apache.hadoop.ozone.protocolPB.OzoneManagerProtocolServerSideTranslatorPB.submitRequestDirectlyToOM(OzoneManagerProtocolServerSideTranslatorPB.java:284) ~[ozone-manager-1.3.0-SNAPSHOT.jar:?]
	at org.apache.hadoop.ozone.protocolPB.OzoneManagerProtocolServerSideTranslatorPB.processRequest(OzoneManagerProtocolServerSideTranslatorPB.java:207) ~[ozone-manager-1.3.0-SNAPSHOT.jar:?]
	at org.apache.hadoop.hdds.server.OzoneProtocolMessageDispatcher.processRequest(OzoneProtocolMessageDispatcher.java:87) [hdds-server-framework-1.3.0-SNAPSHOT.jar:?]
	at org.apache.hadoop.ozone.protocolPB.OzoneManagerProtocolServerSideTranslatorPB.submitRequest(OzoneManagerProtocolServerSideTranslatorPB.java:147) [ozone-manager-1.3.0-SNAPSHOT.jar:?]
	at org.apache.hadoop.ozone.protocol.proto.OzoneManagerProtocolProtos$OzoneManagerService$2.callBlockingMethod(OzoneManagerProtocolProtos.java) [ozone-interface-client-1.3.0-SNAPSHOT.jar:?]
	at org.apache.hadoop.ipc.ProtobufRpcEngine$Server.processCall(ProtobufRpcEngine.java:466) [hadoop-common-3.3.1.jar:?]
	at org.apache.hadoop.ipc.ProtobufRpcEngine2$Server$ProtoBufRpcInvoker.call(ProtobufRpcEngine2.java:574) [hadoop-common-3.3.1.jar:?]
	at org.apache.hadoop.ipc.ProtobufRpcEngine2$Server$ProtoBufRpcInvoker.call(ProtobufRpcEngine2.java:552) [hadoop-common-3.3.1.jar:?]
	at org.apache.hadoop.ipc.RPC$Server.call(RPC.java:1093) [hadoop-common-3.3.1.jar:?]
	at org.apache.hadoop.ipc.Server$RpcCall.run(Server.java:1035) [hadoop-common-3.3.1.jar:?]
	at org.apache.hadoop.ipc.Server$RpcCall.run(Server.java:963) [hadoop-common-3.3.1.jar:?]
	at java.security.AccessController.doPrivileged(Native Method) ~[?:1.8.0_332]
	at javax.security.auth.Subject.doAs(Subject.java:422) [?:1.8.0_332]
	at org.apache.hadoop.security.UserGroupInformation.doAs(UserGroupInformation.java:1878) [hadoop-common-3.3.1.jar:?]
	at org.apache.hadoop.ipc.Server$Handler.run(Server.java:2966) [hadoop-common-3.3.1.jar:?]
13:54:00.702 [IPC Server handler 13 on default port 34499] ERROR OMAudit - user=runner | ip=127.0.0.1 | op=GET_FILE_STATUS {volume=volume69434, bucket=bucket16378, key=gdir1/dir4/child, dataSize=0, replicationConfig=null} | ret=FAILURE
org.apache.hadoop.ozone.om.exceptions.OMException: Unable to get file status: volume: volume69434 bucket: bucket16378 key: gdir1/dir4/child
	at org.apache.hadoop.ozone.om.KeyManagerImpl.getOzoneFileStatus(KeyManagerImpl.java:1311) ~[ozone-manager-1.3.0-SNAPSHOT.jar:?]
	at org.apache.hadoop.ozone.om.KeyManagerImpl.getFileStatus(KeyManagerImpl.java:1241) ~[ozone-manager-1.3.0-SNAPSHOT.jar:?]
	at org.apache.hadoop.ozone.om.OzoneManager.getFileStatus(OzoneManager.java:3419) ~[ozone-manager-1.3.0-SNAPSHOT.jar:?]
	at org.apache.hadoop.ozone.protocolPB.OzoneManagerRequestHandler.getOzoneFileStatus(OzoneManagerRequestHandler.java:871) ~[ozone-manager-1.3.0-SNAPSHOT.jar:?]
	at org.apache.hadoop.ozone.protocolPB.OzoneManagerRequestHandler.handleReadRequest(OzoneManagerRequestHandler.java:217) ~[ozone-manager-1.3.0-SNAPSHOT.jar:?]
	at org.apache.hadoop.ozone.protocolPB.OzoneManagerProtocolServerSideTranslatorPB.submitRequestDirectlyToOM(OzoneManagerProtocolServerSideTranslatorPB.java:284) ~[ozone-manager-1.3.0-SNAPSHOT.jar:?]
	at org.apache.hadoop.ozone.protocolPB.OzoneManagerProtocolServerSideTranslatorPB.processRequest(OzoneManagerProtocolServerSideTranslatorPB.java:207) ~[ozone-manager-1.3.0-SNAPSHOT.jar:?]
	at org.apache.hadoop.hdds.server.OzoneProtocolMessageDispatcher.processRequest(OzoneProtocolMessageDispatcher.java:87) [hdds-server-framework-1.3.0-SNAPSHOT.jar:?]
	at org.apache.hadoop.ozone.protocolPB.OzoneManagerProtocolServerSideTranslatorPB.submitRequest(OzoneManagerProtocolServerSideTranslatorPB.java:147) [ozone-manager-1.3.0-SNAPSHOT.jar:?]
	at org.apache.hadoop.ozone.protocol.proto.OzoneManagerProtocolProtos$OzoneManagerService$2.callBlockingMethod(OzoneManagerProtocolProtos.java) [ozone-interface-client-1.3.0-SNAPSHOT.jar:?]
	at org.apache.hadoop.ipc.ProtobufRpcEngine$Server.processCall(ProtobufRpcEngine.java:466) [hadoop-common-3.3.1.jar:?]
	at org.apache.hadoop.ipc.ProtobufRpcEngine2$Server$ProtoBufRpcInvoker.call(ProtobufRpcEngine2.java:574) [hadoop-common-3.3.1.jar:?]
	at org.apache.hadoop.ipc.ProtobufRpcEngine2$Server$ProtoBufRpcInvoker.call(ProtobufRpcEngine2.java:552) [hadoop-common-3.3.1.jar:?]
	at org.apache.hadoop.ipc.RPC$Server.call(RPC.java:1093) [hadoop-common-3.3.1.jar:?]
	at org.apache.hadoop.ipc.Server$RpcCall.run(Server.java:1035) [hadoop-common-3.3.1.jar:?]
	at org.apache.hadoop.ipc.Server$RpcCall.run(Server.java:963) [hadoop-common-3.3.1.jar:?]
	at java.security.AccessController.doPrivileged(Native Method) ~[?:1.8.0_332]
	at javax.security.auth.Subject.doAs(Subject.java:422) [?:1.8.0_332]
	at org.apache.hadoop.security.UserGroupInformation.doAs(UserGroupInformation.java:1878) [hadoop-common-3.3.1.jar:?]
	at org.apache.hadoop.ipc.Server$Handler.run(Server.java:2966) [hadoop-common-3.3.1.jar:?]
13:54:00.703 [IPC Server handler 12 on default port 34499] ERROR OMAudit - user=runner | ip=127.0.0.1 | op=GET_FILE_STATUS {volume=volume69434, bucket=bucket16378, key=gdir1/dir5, dataSize=0, replicationConfig=null} | ret=FAILURE
org.apache.hadoop.ozone.om.exceptions.OMException: Unable to get file status: volume: volume69434 bucket: bucket16378 key: gdir1/dir5
	at org.apache.hadoop.ozone.om.KeyManagerImpl.getOzoneFileStatus(KeyManagerImpl.java:1311) ~[ozone-manager-1.3.0-SNAPSHOT.jar:?]
	at org.apache.hadoop.ozone.om.KeyManagerImpl.getFileStatus(KeyManagerImpl.java:1241) ~[ozone-manager-1.3.0-SNAPSHOT.jar:?]
	at org.apache.hadoop.ozone.om.OzoneManager.getFileStatus(OzoneManager.java:3419) ~[ozone-manager-1.3.0-SNAPSHOT.jar:?]
	at org.apache.hadoop.ozone.protocolPB.OzoneManagerRequestHandler.getOzoneFileStatus(OzoneManagerRequestHandler.java:871) ~[ozone-manager-1.3.0-SNAPSHOT.jar:?]
	at org.apache.hadoop.ozone.protocolPB.OzoneManagerRequestHandler.handleReadRequest(OzoneManagerRequestHandler.java:217) ~[ozone-manager-1.3.0-SNAPSHOT.jar:?]
	at org.apache.hadoop.ozone.protocolPB.OzoneManagerProtocolServerSideTranslatorPB.submitRequestDirectlyToOM(OzoneManagerProtocolServerSideTranslatorPB.java:284) ~[ozone-manager-1.3.0-SNAPSHOT.jar:?]
	at org.apache.hadoop.ozone.protocolPB.OzoneManagerProtocolServerSideTranslatorPB.processRequest(OzoneManagerProtocolServerSideTranslatorPB.java:207) ~[ozone-manager-1.3.0-SNAPSHOT.jar:?]
	at org.apache.hadoop.hdds.server.OzoneProtocolMessageDispatcher.processRequest(OzoneProtocolMessageDispatcher.java:87) [hdds-server-framework-1.3.0-SNAPSHOT.jar:?]
	at org.apache.hadoop.ozone.protocolPB.OzoneManagerProtocolServerSideTranslatorPB.submitRequest(OzoneManagerProtocolServerSideTranslatorPB.java:147) [ozone-manager-1.3.0-SNAPSHOT.jar:?]
	at org.apache.hadoop.ozone.protocol.proto.OzoneManagerProtocolProtos$OzoneManagerService$2.callBlockingMethod(OzoneManagerProtocolProtos.java) [ozone-interface-client-1.3.0-SNAPSHOT.jar:?]
	at org.apache.hadoop.ipc.ProtobufRpcEngine$Server.processCall(ProtobufRpcEngine.java:466) [hadoop-common-3.3.1.jar:?]
	at org.apache.hadoop.ipc.ProtobufRpcEngine2$Server$ProtoBufRpcInvoker.call(ProtobufRpcEngine2.java:574) [hadoop-common-3.3.1.jar:?]
	at org.apache.hadoop.ipc.ProtobufRpcEngine2$Server$ProtoBufRpcInvoker.call(ProtobufRpcEngine2.java:552) [hadoop-common-3.3.1.jar:?]
	at org.apache.hadoop.ipc.RPC$Server.call(RPC.java:1093) [hadoop-common-3.3.1.jar:?]
	at org.apache.hadoop.ipc.Server$RpcCall.run(Server.java:1035) [hadoop-common-3.3.1.jar:?]
	at org.apache.hadoop.ipc.Server$RpcCall.run(Server.java:963) [hadoop-common-3.3.1.jar:?]
	at java.security.AccessController.doPrivileged(Native Method) ~[?:1.8.0_332]
	at javax.security.auth.Subject.doAs(Subject.java:422) [?:1.8.0_332]
	at org.apache.hadoop.security.UserGroupInformation.doAs(UserGroupInformation.java:1878) [hadoop-common-3.3.1.jar:?]
	at org.apache.hadoop.ipc.Server$Handler.run(Server.java:2966) [hadoop-common-3.3.1.jar:?]
13:54:00.704 [IPC Server handler 19 on default port 34499] ERROR OMAudit - user=runner | ip=127.0.0.1 | op=GET_FILE_STATUS {volume=volume69434, bucket=bucket16378, key=gdir1/dir5/child, dataSize=0, replicationConfig=null} | ret=FAILURE
org.apache.hadoop.ozone.om.exceptions.OMException: Unable to get file status: volume: volume69434 bucket: bucket16378 key: gdir1/dir5/child
	at org.apache.hadoop.ozone.om.KeyManagerImpl.getOzoneFileStatus(KeyManagerImpl.java:1311) ~[ozone-manager-1.3.0-SNAPSHOT.jar:?]
	at org.apache.hadoop.ozone.om.KeyManagerImpl.getFileStatus(KeyManagerImpl.java:1241) ~[ozone-manager-1.3.0-SNAPSHOT.jar:?]
	at org.apache.hadoop.ozone.om.OzoneManager.getFileStatus(OzoneManager.java:3419) ~[ozone-manager-1.3.0-SNAPSHOT.jar:?]
	at org.apache.hadoop.ozone.protocolPB.OzoneManagerRequestHandler.getOzoneFileStatus(OzoneManagerRequestHandler.java:871) ~[ozone-manager-1.3.0-SNAPSHOT.jar:?]
	at org.apache.hadoop.ozone.protocolPB.OzoneManagerRequestHandler.handleReadRequest(OzoneManagerRequestHandler.java:217) ~[ozone-manager-1.3.0-SNAPSHOT.jar:?]
	at org.apache.hadoop.ozone.protocolPB.OzoneManagerProtocolServerSideTranslatorPB.submitRequestDirectlyToOM(OzoneManagerProtocolServerSideTranslatorPB.java:284) ~[ozone-manager-1.3.0-SNAPSHOT.jar:?]
	at org.apache.hadoop.ozone.protocolPB.OzoneManagerProtocolServerSideTranslatorPB.processRequest(OzoneManagerProtocolServerSideTranslatorPB.java:207) ~[ozone-manager-1.3.0-SNAPSHOT.jar:?]
	at org.apache.hadoop.hdds.server.OzoneProtocolMessageDispatcher.processRequest(OzoneProtocolMessageDispatcher.java:87) [hdds-server-framework-1.3.0-SNAPSHOT.jar:?]
	at org.apache.hadoop.ozone.protocolPB.OzoneManagerProtocolServerSideTranslatorPB.submitRequest(OzoneManagerProtocolServerSideTranslatorPB.java:147) [ozone-manager-1.3.0-SNAPSHOT.jar:?]
	at org.apache.hadoop.ozone.protocol.proto.OzoneManagerProtocolProtos$OzoneManagerService$2.callBlockingMethod(OzoneManagerProtocolProtos.java) [ozone-interface-client-1.3.0-SNAPSHOT.jar:?]
	at org.apache.hadoop.ipc.ProtobufRpcEngine$Server.processCall(ProtobufRpcEngine.java:466) [hadoop-common-3.3.1.jar:?]
	at org.apache.hadoop.ipc.ProtobufRpcEngine2$Server$ProtoBufRpcInvoker.call(ProtobufRpcEngine2.java:574) [hadoop-common-3.3.1.jar:?]
	at org.apache.hadoop.ipc.ProtobufRpcEngine2$Server$ProtoBufRpcInvoker.call(ProtobufRpcEngine2.java:552) [hadoop-common-3.3.1.jar:?]
	at org.apache.hadoop.ipc.RPC$Server.call(RPC.java:1093) [hadoop-common-3.3.1.jar:?]
	at org.apache.hadoop.ipc.Server$RpcCall.run(Server.java:1035) [hadoop-common-3.3.1.jar:?]
	at org.apache.hadoop.ipc.Server$RpcCall.run(Server.java:963) [hadoop-common-3.3.1.jar:?]
	at java.security.AccessController.doPrivileged(Native Method) ~[?:1.8.0_332]
	at javax.security.auth.Subject.doAs(Subject.java:422) [?:1.8.0_332]
	at org.apache.hadoop.security.UserGroupInformation.doAs(UserGroupInformation.java:1878) [hadoop-common-3.3.1.jar:?]
	at org.apache.hadoop.ipc.Server$Handler.run(Server.java:2966) [hadoop-common-3.3.1.jar:?]
13:54:00.705 [IPC Server handler 0 on default port 34499] ERROR OMAudit - user=runner | ip=127.0.0.1 | op=GET_FILE_STATUS {volume=volume69434, bucket=bucket16378, key=gdir1/dir6, dataSize=0, replicationConfig=null} | ret=FAILURE
org.apache.hadoop.ozone.om.exceptions.OMException: Unable to get file status: volume: volume69434 bucket: bucket16378 key: gdir1/dir6
	at org.apache.hadoop.ozone.om.KeyManagerImpl.getOzoneFileStatus(KeyManagerImpl.java:1311) ~[ozone-manager-1.3.0-SNAPSHOT.jar:?]
	at org.apache.hadoop.ozone.om.KeyManagerImpl.getFileStatus(KeyManagerImpl.java:1241) ~[ozone-manager-1.3.0-SNAPSHOT.jar:?]
	at org.apache.hadoop.ozone.om.OzoneManager.getFileStatus(OzoneManager.java:3419) ~[ozone-manager-1.3.0-SNAPSHOT.jar:?]
	at org.apache.hadoop.ozone.protocolPB.OzoneManagerRequestHandler.getOzoneFileStatus(OzoneManagerRequestHandler.java:871) ~[ozone-manager-1.3.0-SNAPSHOT.jar:?]
	at org.apache.hadoop.ozone.protocolPB.OzoneManagerRequestHandler.handleReadRequest(OzoneManagerRequestHandler.java:217) ~[ozone-manager-1.3.0-SNAPSHOT.jar:?]
	at org.apache.hadoop.ozone.protocolPB.OzoneManagerProtocolServerSideTranslatorPB.submitRequestDirectlyToOM(OzoneManagerProtocolServerSideTranslatorPB.java:284) ~[ozone-manager-1.3.0-SNAPSHOT.jar:?]
	at org.apache.hadoop.ozone.protocolPB.OzoneManagerProtocolServerSideTranslatorPB.processRequest(OzoneManagerProtocolServerSideTranslatorPB.java:207) ~[ozone-manager-1.3.0-SNAPSHOT.jar:?]
	at org.apache.hadoop.hdds.server.OzoneProtocolMessageDispatcher.processRequest(OzoneProtocolMessageDispatcher.java:87) [hdds-server-framework-1.3.0-SNAPSHOT.jar:?]
	at org.apache.hadoop.ozone.protocolPB.OzoneManagerProtocolServerSideTranslatorPB.submitRequest(OzoneManagerProtocolServerSideTranslatorPB.java:147) [ozone-manager-1.3.0-SNAPSHOT.jar:?]
	at org.apache.hadoop.ozone.protocol.proto.OzoneManagerProtocolProtos$OzoneManagerService$2.callBlockingMethod(OzoneManagerProtocolProtos.java) [ozone-interface-client-1.3.0-SNAPSHOT.jar:?]
	at org.apache.hadoop.ipc.ProtobufRpcEngine$Server.processCall(ProtobufRpcEngine.java:466) [hadoop-common-3.3.1.jar:?]
	at org.apache.hadoop.ipc.ProtobufRpcEngine2$Server$ProtoBufRpcInvoker.call(ProtobufRpcEngine2.java:574) [hadoop-common-3.3.1.jar:?]
	at org.apache.hadoop.ipc.ProtobufRpcEngine2$Server$ProtoBufRpcInvoker.call(ProtobufRpcEngine2.java:552) [hadoop-common-3.3.1.jar:?]
	at org.apache.hadoop.ipc.RPC$Server.call(RPC.java:1093) [hadoop-common-3.3.1.jar:?]
	at org.apache.hadoop.ipc.Server$RpcCall.run(Server.java:1035) [hadoop-common-3.3.1.jar:?]
	at org.apache.hadoop.ipc.Server$RpcCall.run(Server.java:963) [hadoop-common-3.3.1.jar:?]
	at java.security.AccessController.doPrivileged(Native Method) ~[?:1.8.0_332]
	at javax.security.auth.Subject.doAs(Subject.java:422) [?:1.8.0_332]
	at org.apache.hadoop.security.UserGroupInformation.doAs(UserGroupInformation.java:1878) [hadoop-common-3.3.1.jar:?]
	at org.apache.hadoop.ipc.Server$Handler.run(Server.java:2966) [hadoop-common-3.3.1.jar:?]
13:54:00.705 [IPC Server handler 1 on default port 34499] ERROR OMAudit - user=runner | ip=127.0.0.1 | op=GET_FILE_STATUS {volume=volume69434, bucket=bucket16378, key=gdir1/dir6/child, dataSize=0, replicationConfig=null} | ret=FAILURE
org.apache.hadoop.ozone.om.exceptions.OMException: Unable to get file status: volume: volume69434 bucket: bucket16378 key: gdir1/dir6/child
	at org.apache.hadoop.ozone.om.KeyManagerImpl.getOzoneFileStatus(KeyManagerImpl.java:1311) ~[ozone-manager-1.3.0-SNAPSHOT.jar:?]
	at org.apache.hadoop.ozone.om.KeyManagerImpl.getFileStatus(KeyManagerImpl.java:1241) ~[ozone-manager-1.3.0-SNAPSHOT.jar:?]
	at org.apache.hadoop.ozone.om.OzoneManager.getFileStatus(OzoneManager.java:3419) ~[ozone-manager-1.3.0-SNAPSHOT.jar:?]
	at org.apache.hadoop.ozone.protocolPB.OzoneManagerRequestHandler.getOzoneFileStatus(OzoneManagerRequestHandler.java:871) ~[ozone-manager-1.3.0-SNAPSHOT.jar:?]
	at org.apache.hadoop.ozone.protocolPB.OzoneManagerRequestHandler.handleReadRequest(OzoneManagerRequestHandler.java:217) ~[ozone-manager-1.3.0-SNAPSHOT.jar:?]
	at org.apache.hadoop.ozone.protocolPB.OzoneManagerProtocolServerSideTranslatorPB.submitRequestDirectlyToOM(OzoneManagerProtocolServerSideTranslatorPB.java:284) ~[ozone-manager-1.3.0-SNAPSHOT.jar:?]
	at org.apache.hadoop.ozone.protocolPB.OzoneManagerProtocolServerSideTranslatorPB.processRequest(OzoneManagerProtocolServerSideTranslatorPB.java:207) ~[ozone-manager-1.3.0-SNAPSHOT.jar:?]
	at org.apache.hadoop.hdds.server.OzoneProtocolMessageDispatcher.processRequest(OzoneProtocolMessageDispatcher.java:87) [hdds-server-framework-1.3.0-SNAPSHOT.jar:?]
	at org.apache.hadoop.ozone.protocolPB.OzoneManagerProtocolServerSideTranslatorPB.submitRequest(OzoneManagerProtocolServerSideTranslatorPB.java:147) [ozone-manager-1.3.0-SNAPSHOT.jar:?]
	at org.apache.hadoop.ozone.protocol.proto.OzoneManagerProtocolProtos$OzoneManagerService$2.callBlockingMethod(OzoneManagerProtocolProtos.java) [ozone-interface-client-1.3.0-SNAPSHOT.jar:?]
	at org.apache.hadoop.ipc.ProtobufRpcEngine$Server.processCall(ProtobufRpcEngine.java:466) [hadoop-common-3.3.1.jar:?]
	at org.apache.hadoop.ipc.ProtobufRpcEngine2$Server$ProtoBufRpcInvoker.call(ProtobufRpcEngine2.java:574) [hadoop-common-3.3.1.jar:?]
	at org.apache.hadoop.ipc.ProtobufRpcEngine2$Server$ProtoBufRpcInvoker.call(ProtobufRpcEngine2.java:552) [hadoop-common-3.3.1.jar:?]
	at org.apache.hadoop.ipc.RPC$Server.call(RPC.java:1093) [hadoop-common-3.3.1.jar:?]
	at org.apache.hadoop.ipc.Server$RpcCall.run(Server.java:1035) [hadoop-common-3.3.1.jar:?]
	at org.apache.hadoop.ipc.Server$RpcCall.run(Server.java:963) [hadoop-common-3.3.1.jar:?]
	at java.security.AccessController.doPrivileged(Native Method) ~[?:1.8.0_332]
	at javax.security.auth.Subject.doAs(Subject.java:422) [?:1.8.0_332]
	at org.apache.hadoop.security.UserGroupInformation.doAs(UserGroupInformation.java:1878) [hadoop-common-3.3.1.jar:?]
	at org.apache.hadoop.ipc.Server$Handler.run(Server.java:2966) [hadoop-common-3.3.1.jar:?]
13:54:00.706 [IPC Server handler 2 on default port 34499] ERROR OMAudit - user=runner | ip=127.0.0.1 | op=GET_FILE_STATUS {volume=volume69434, bucket=bucket16378, key=gdir1/dir7, dataSize=0, replicationConfig=null} | ret=FAILURE
org.apache.hadoop.ozone.om.exceptions.OMException: Unable to get file status: volume: volume69434 bucket: bucket16378 key: gdir1/dir7
	at org.apache.hadoop.ozone.om.KeyManagerImpl.getOzoneFileStatus(KeyManagerImpl.java:1311) ~[ozone-manager-1.3.0-SNAPSHOT.jar:?]
	at org.apache.hadoop.ozone.om.KeyManagerImpl.getFileStatus(KeyManagerImpl.java:1241) ~[ozone-manager-1.3.0-SNAPSHOT.jar:?]
	at org.apache.hadoop.ozone.om.OzoneManager.getFileStatus(OzoneManager.java:3419) ~[ozone-manager-1.3.0-SNAPSHOT.jar:?]
	at org.apache.hadoop.ozone.protocolPB.OzoneManagerRequestHandler.getOzoneFileStatus(OzoneManagerRequestHandler.java:871) ~[ozone-manager-1.3.0-SNAPSHOT.jar:?]
	at org.apache.hadoop.ozone.protocolPB.OzoneManagerRequestHandler.handleReadRequest(OzoneManagerRequestHandler.java:217) ~[ozone-manager-1.3.0-SNAPSHOT.jar:?]
	at org.apache.hadoop.ozone.protocolPB.OzoneManagerProtocolServerSideTranslatorPB.submitRequestDirectlyToOM(OzoneManagerProtocolServerSideTranslatorPB.java:284) ~[ozone-manager-1.3.0-SNAPSHOT.jar:?]
	at org.apache.hadoop.ozone.protocolPB.OzoneManagerProtocolServerSideTranslatorPB.processRequest(OzoneManagerProtocolServerSideTranslatorPB.java:207) ~[ozone-manager-1.3.0-SNAPSHOT.jar:?]
	at org.apache.hadoop.hdds.server.OzoneProtocolMessageDispatcher.processRequest(OzoneProtocolMessageDispatcher.java:87) [hdds-server-framework-1.3.0-SNAPSHOT.jar:?]
	at org.apache.hadoop.ozone.protocolPB.OzoneManagerProtocolServerSideTranslatorPB.submitRequest(OzoneManagerProtocolServerSideTranslatorPB.java:147) [ozone-manager-1.3.0-SNAPSHOT.jar:?]
	at org.apache.hadoop.ozone.protocol.proto.OzoneManagerProtocolProtos$OzoneManagerService$2.callBlockingMethod(OzoneManagerProtocolProtos.java) [ozone-interface-client-1.3.0-SNAPSHOT.jar:?]
	at org.apache.hadoop.ipc.ProtobufRpcEngine$Server.processCall(ProtobufRpcEngine.java:466) [hadoop-common-3.3.1.jar:?]
	at org.apache.hadoop.ipc.ProtobufRpcEngine2$Server$ProtoBufRpcInvoker.call(ProtobufRpcEngine2.java:574) [hadoop-common-3.3.1.jar:?]
	at org.apache.hadoop.ipc.ProtobufRpcEngine2$Server$ProtoBufRpcInvoker.call(ProtobufRpcEngine2.java:552) [hadoop-common-3.3.1.jar:?]
	at org.apache.hadoop.ipc.RPC$Server.call(RPC.java:1093) [hadoop-common-3.3.1.jar:?]
	at org.apache.hadoop.ipc.Server$RpcCall.run(Server.java:1035) [hadoop-common-3.3.1.jar:?]
	at org.apache.hadoop.ipc.Server$RpcCall.run(Server.java:963) [hadoop-common-3.3.1.jar:?]
	at java.security.AccessController.doPrivileged(Native Method) ~[?:1.8.0_332]
	at javax.security.auth.Subject.doAs(Subject.java:422) [?:1.8.0_332]
	at org.apache.hadoop.security.UserGroupInformation.doAs(UserGroupInformation.java:1878) [hadoop-common-3.3.1.jar:?]
	at org.apache.hadoop.ipc.Server$Handler.run(Server.java:2966) [hadoop-common-3.3.1.jar:?]
13:54:00.707 [IPC Server handler 3 on default port 34499] ERROR OMAudit - user=runner | ip=127.0.0.1 | op=GET_FILE_STATUS {volume=volume69434, bucket=bucket16378, key=gdir1/dir7/child, dataSize=0, replicationConfig=null} | ret=FAILURE
org.apache.hadoop.ozone.om.exceptions.OMException: Unable to get file status: volume: volume69434 bucket: bucket16378 key: gdir1/dir7/child
	at org.apache.hadoop.ozone.om.KeyManagerImpl.getOzoneFileStatus(KeyManagerImpl.java:1311) ~[ozone-manager-1.3.0-SNAPSHOT.jar:?]
	at org.apache.hadoop.ozone.om.KeyManagerImpl.getFileStatus(KeyManagerImpl.java:1241) ~[ozone-manager-1.3.0-SNAPSHOT.jar:?]
	at org.apache.hadoop.ozone.om.OzoneManager.getFileStatus(OzoneManager.java:3419) ~[ozone-manager-1.3.0-SNAPSHOT.jar:?]
	at org.apache.hadoop.ozone.protocolPB.OzoneManagerRequestHandler.getOzoneFileStatus(OzoneManagerRequestHandler.java:871) ~[ozone-manager-1.3.0-SNAPSHOT.jar:?]
	at org.apache.hadoop.ozone.protocolPB.OzoneManagerRequestHandler.handleReadRequest(OzoneManagerRequestHandler.java:217) ~[ozone-manager-1.3.0-SNAPSHOT.jar:?]
	at org.apache.hadoop.ozone.protocolPB.OzoneManagerProtocolServerSideTranslatorPB.submitRequestDirectlyToOM(OzoneManagerProtocolServerSideTranslatorPB.java:284) ~[ozone-manager-1.3.0-SNAPSHOT.jar:?]
	at org.apache.hadoop.ozone.protocolPB.OzoneManagerProtocolServerSideTranslatorPB.processRequest(OzoneManagerProtocolServerSideTranslatorPB.java:207) ~[ozone-manager-1.3.0-SNAPSHOT.jar:?]
	at org.apache.hadoop.hdds.server.OzoneProtocolMessageDispatcher.processRequest(OzoneProtocolMessageDispatcher.java:87) [hdds-server-framework-1.3.0-SNAPSHOT.jar:?]
	at org.apache.hadoop.ozone.protocolPB.OzoneManagerProtocolServerSideTranslatorPB.submitRequest(OzoneManagerProtocolServerSideTranslatorPB.java:147) [ozone-manager-1.3.0-SNAPSHOT.jar:?]
	at org.apache.hadoop.ozone.protocol.proto.OzoneManagerProtocolProtos$OzoneManagerService$2.callBlockingMethod(OzoneManagerProtocolProtos.java) [ozone-interface-client-1.3.0-SNAPSHOT.jar:?]
	at org.apache.hadoop.ipc.ProtobufRpcEngine$Server.processCall(ProtobufRpcEngine.java:466) [hadoop-common-3.3.1.jar:?]
	at org.apache.hadoop.ipc.ProtobufRpcEngine2$Server$ProtoBufRpcInvoker.call(ProtobufRpcEngine2.java:574) [hadoop-common-3.3.1.jar:?]
	at org.apache.hadoop.ipc.ProtobufRpcEngine2$Server$ProtoBufRpcInvoker.call(ProtobufRpcEngine2.java:552) [hadoop-common-3.3.1.jar:?]
	at org.apache.hadoop.ipc.RPC$Server.call(RPC.java:1093) [hadoop-common-3.3.1.jar:?]
	at org.apache.hadoop.ipc.Server$RpcCall.run(Server.java:1035) [hadoop-common-3.3.1.jar:?]
	at org.apache.hadoop.ipc.Server$RpcCall.run(Server.java:963) [hadoop-common-3.3.1.jar:?]
	at java.security.AccessController.doPrivileged(Native Method) ~[?:1.8.0_332]
	at javax.security.auth.Subject.doAs(Subject.java:422) [?:1.8.0_332]
	at org.apache.hadoop.security.UserGroupInformation.doAs(UserGroupInformation.java:1878) [hadoop-common-3.3.1.jar:?]
	at org.apache.hadoop.ipc.Server$Handler.run(Server.java:2966) [hadoop-common-3.3.1.jar:?]
13:54:00.708 [IPC Server handler 4 on default port 34499] ERROR OMAudit - user=runner | ip=127.0.0.1 | op=GET_FILE_STATUS {volume=volume69434, bucket=bucket16378, key=gdir1/dir8, dataSize=0, replicationConfig=null} | ret=FAILURE
org.apache.hadoop.ozone.om.exceptions.OMException: Unable to get file status: volume: volume69434 bucket: bucket16378 key: gdir1/dir8
	at org.apache.hadoop.ozone.om.KeyManagerImpl.getOzoneFileStatus(KeyManagerImpl.java:1311) ~[ozone-manager-1.3.0-SNAPSHOT.jar:?]
	at org.apache.hadoop.ozone.om.KeyManagerImpl.getFileStatus(KeyManagerImpl.java:1241) ~[ozone-manager-1.3.0-SNAPSHOT.jar:?]
	at org.apache.hadoop.ozone.om.OzoneManager.getFileStatus(OzoneManager.java:3419) ~[ozone-manager-1.3.0-SNAPSHOT.jar:?]
	at org.apache.hadoop.ozone.protocolPB.OzoneManagerRequestHandler.getOzoneFileStatus(OzoneManagerRequestHandler.java:871) ~[ozone-manager-1.3.0-SNAPSHOT.jar:?]
	at org.apache.hadoop.ozone.protocolPB.OzoneManagerRequestHandler.handleReadRequest(OzoneManagerRequestHandler.java:217) ~[ozone-manager-1.3.0-SNAPSHOT.jar:?]
	at org.apache.hadoop.ozone.protocolPB.OzoneManagerProtocolServerSideTranslatorPB.submitRequestDirectlyToOM(OzoneManagerProtocolServerSideTranslatorPB.java:284) ~[ozone-manager-1.3.0-SNAPSHOT.jar:?]
	at org.apache.hadoop.ozone.protocolPB.OzoneManagerProtocolServerSideTranslatorPB.processRequest(OzoneManagerProtocolServerSideTranslatorPB.java:207) ~[ozone-manager-1.3.0-SNAPSHOT.jar:?]
	at org.apache.hadoop.hdds.server.OzoneProtocolMessageDispatcher.processRequest(OzoneProtocolMessageDispatcher.java:87) [hdds-server-framework-1.3.0-SNAPSHOT.jar:?]
	at org.apache.hadoop.ozone.protocolPB.OzoneManagerProtocolServerSideTranslatorPB.submitRequest(OzoneManagerProtocolServerSideTranslatorPB.java:147) [ozone-manager-1.3.0-SNAPSHOT.jar:?]
	at org.apache.hadoop.ozone.protocol.proto.OzoneManagerProtocolProtos$OzoneManagerService$2.callBlockingMethod(OzoneManagerProtocolProtos.java) [ozone-interface-client-1.3.0-SNAPSHOT.jar:?]
	at org.apache.hadoop.ipc.ProtobufRpcEngine$Server.processCall(ProtobufRpcEngine.java:466) [hadoop-common-3.3.1.jar:?]
	at org.apache.hadoop.ipc.ProtobufRpcEngine2$Server$ProtoBufRpcInvoker.call(ProtobufRpcEngine2.java:574) [hadoop-common-3.3.1.jar:?]
	at org.apache.hadoop.ipc.ProtobufRpcEngine2$Server$ProtoBufRpcInvoker.call(ProtobufRpcEngine2.java:552) [hadoop-common-3.3.1.jar:?]
	at org.apache.hadoop.ipc.RPC$Server.call(RPC.java:1093) [hadoop-common-3.3.1.jar:?]
	at org.apache.hadoop.ipc.Server$RpcCall.run(Server.java:1035) [hadoop-common-3.3.1.jar:?]
	at org.apache.hadoop.ipc.Server$RpcCall.run(Server.java:963) [hadoop-common-3.3.1.jar:?]
	at java.security.AccessController.doPrivileged(Native Method) ~[?:1.8.0_332]
	at javax.security.auth.Subject.doAs(Subject.java:422) [?:1.8.0_332]
	at org.apache.hadoop.security.UserGroupInformation.doAs(UserGroupInformation.java:1878) [hadoop-common-3.3.1.jar:?]
	at org.apache.hadoop.ipc.Server$Handler.run(Server.java:2966) [hadoop-common-3.3.1.jar:?]
13:54:00.709 [IPC Server handler 9 on default port 34499] ERROR OMAudit - user=runner | ip=127.0.0.1 | op=GET_FILE_STATUS {volume=volume69434, bucket=bucket16378, key=gdir1/dir8/child, dataSize=0, replicationConfig=null} | ret=FAILURE
org.apache.hadoop.ozone.om.exceptions.OMException: Unable to get file status: volume: volume69434 bucket: bucket16378 key: gdir1/dir8/child
	at org.apache.hadoop.ozone.om.KeyManagerImpl.getOzoneFileStatus(KeyManagerImpl.java:1311) ~[ozone-manager-1.3.0-SNAPSHOT.jar:?]
	at org.apache.hadoop.ozone.om.KeyManagerImpl.getFileStatus(KeyManagerImpl.java:1241) ~[ozone-manager-1.3.0-SNAPSHOT.jar:?]
	at org.apache.hadoop.ozone.om.OzoneManager.getFileStatus(OzoneManager.java:3419) ~[ozone-manager-1.3.0-SNAPSHOT.jar:?]
	at org.apache.hadoop.ozone.protocolPB.OzoneManagerRequestHandler.getOzoneFileStatus(OzoneManagerRequestHandler.java:871) ~[ozone-manager-1.3.0-SNAPSHOT.jar:?]
	at org.apache.hadoop.ozone.protocolPB.OzoneManagerRequestHandler.handleReadRequest(OzoneManagerRequestHandler.java:217) ~[ozone-manager-1.3.0-SNAPSHOT.jar:?]
	at org.apache.hadoop.ozone.protocolPB.OzoneManagerProtocolServerSideTranslatorPB.submitRequestDirectlyToOM(OzoneManagerProtocolServerSideTranslatorPB.java:284) ~[ozone-manager-1.3.0-SNAPSHOT.jar:?]
	at org.apache.hadoop.ozone.protocolPB.OzoneManagerProtocolServerSideTranslatorPB.processRequest(OzoneManagerProtocolServerSideTranslatorPB.java:207) ~[ozone-manager-1.3.0-SNAPSHOT.jar:?]
	at org.apache.hadoop.hdds.server.OzoneProtocolMessageDispatcher.processRequest(OzoneProtocolMessageDispatcher.java:87) [hdds-server-framework-1.3.0-SNAPSHOT.jar:?]
	at org.apache.hadoop.ozone.protocolPB.OzoneManagerProtocolServerSideTranslatorPB.submitRequest(OzoneManagerProtocolServerSideTranslatorPB.java:147) [ozone-manager-1.3.0-SNAPSHOT.jar:?]
	at org.apache.hadoop.ozone.protocol.proto.OzoneManagerProtocolProtos$OzoneManagerService$2.callBlockingMethod(OzoneManagerProtocolProtos.java) [ozone-interface-client-1.3.0-SNAPSHOT.jar:?]
	at org.apache.hadoop.ipc.ProtobufRpcEngine$Server.processCall(ProtobufRpcEngine.java:466) [hadoop-common-3.3.1.jar:?]
	at org.apache.hadoop.ipc.ProtobufRpcEngine2$Server$ProtoBufRpcInvoker.call(ProtobufRpcEngine2.java:574) [hadoop-common-3.3.1.jar:?]
	at org.apache.hadoop.ipc.ProtobufRpcEngine2$Server$ProtoBufRpcInvoker.call(ProtobufRpcEngine2.java:552) [hadoop-common-3.3.1.jar:?]
	at org.apache.hadoop.ipc.RPC$Server.call(RPC.java:1093) [hadoop-common-3.3.1.jar:?]
	at org.apache.hadoop.ipc.Server$RpcCall.run(Server.java:1035) [hadoop-common-3.3.1.jar:?]
	at org.apache.hadoop.ipc.Server$RpcCall.run(Server.java:963) [hadoop-common-3.3.1.jar:?]
	at java.security.AccessController.doPrivileged(Native Method) ~[?:1.8.0_332]
	at javax.security.auth.Subject.doAs(Subject.java:422) [?:1.8.0_332]
	at org.apache.hadoop.security.UserGroupInformation.doAs(UserGroupInformation.java:1878) [hadoop-common-3.3.1.jar:?]
	at org.apache.hadoop.ipc.Server$Handler.run(Server.java:2966) [hadoop-common-3.3.1.jar:?]
13:54:00.712 [IPC Server handler 10 on default port 34499] ERROR OMAudit - user=runner | ip=127.0.0.1 | op=GET_FILE_STATUS {volume=volume69434, bucket=bucket16378, key=gdir1/dir9, dataSize=0, replicationConfig=null} | ret=FAILURE
org.apache.hadoop.ozone.om.exceptions.OMException: Unable to get file status: volume: volume69434 bucket: bucket16378 key: gdir1/dir9
	at org.apache.hadoop.ozone.om.KeyManagerImpl.getOzoneFileStatus(KeyManagerImpl.java:1311) ~[ozone-manager-1.3.0-SNAPSHOT.jar:?]
	at org.apache.hadoop.ozone.om.KeyManagerImpl.getFileStatus(KeyManagerImpl.java:1241) ~[ozone-manager-1.3.0-SNAPSHOT.jar:?]
	at org.apache.hadoop.ozone.om.OzoneManager.getFileStatus(OzoneManager.java:3419) ~[ozone-manager-1.3.0-SNAPSHOT.jar:?]
	at org.apache.hadoop.ozone.protocolPB.OzoneManagerRequestHandler.getOzoneFileStatus(OzoneManagerRequestHandler.java:871) ~[ozone-manager-1.3.0-SNAPSHOT.jar:?]
	at org.apache.hadoop.ozone.protocolPB.OzoneManagerRequestHandler.handleReadRequest(OzoneManagerRequestHandler.java:217) ~[ozone-manager-1.3.0-SNAPSHOT.jar:?]
	at org.apache.hadoop.ozone.protocolPB.OzoneManagerProtocolServerSideTranslatorPB.submitRequestDirectlyToOM(OzoneManagerProtocolServerSideTranslatorPB.java:284) ~[ozone-manager-1.3.0-SNAPSHOT.jar:?]
	at org.apache.hadoop.ozone.protocolPB.OzoneManagerProtocolServerSideTranslatorPB.processRequest(OzoneManagerProtocolServerSideTranslatorPB.java:207) ~[ozone-manager-1.3.0-SNAPSHOT.jar:?]
	at org.apache.hadoop.hdds.server.OzoneProtocolMessageDispatcher.processRequest(OzoneProtocolMessageDispatcher.java:87) [hdds-server-framework-1.3.0-SNAPSHOT.jar:?]
	at org.apache.hadoop.ozone.protocolPB.OzoneManagerProtocolServerSideTranslatorPB.submitRequest(OzoneManagerProtocolServerSideTranslatorPB.java:147) [ozone-manager-1.3.0-SNAPSHOT.jar:?]
	at org.apache.hadoop.ozone.protocol.proto.OzoneManagerProtocolProtos$OzoneManagerService$2.callBlockingMethod(OzoneManagerProtocolProtos.java) [ozone-interface-client-1.3.0-SNAPSHOT.jar:?]
	at org.apache.hadoop.ipc.ProtobufRpcEngine$Server.processCall(ProtobufRpcEngine.java:466) [hadoop-common-3.3.1.jar:?]
	at org.apache.hadoop.ipc.ProtobufRpcEngine2$Server$ProtoBufRpcInvoker.call(ProtobufRpcEngine2.java:574) [hadoop-common-3.3.1.jar:?]
	at org.apache.hadoop.ipc.ProtobufRpcEngine2$Server$ProtoBufRpcInvoker.call(ProtobufRpcEngine2.java:552) [hadoop-common-3.3.1.jar:?]
	at org.apache.hadoop.ipc.RPC$Server.call(RPC.java:1093) [hadoop-common-3.3.1.jar:?]
	at org.apache.hadoop.ipc.Server$RpcCall.run(Server.java:1035) [hadoop-common-3.3.1.jar:?]
	at org.apache.hadoop.ipc.Server$RpcCall.run(Server.java:963) [hadoop-common-3.3.1.jar:?]
	at java.security.AccessController.doPrivileged(Native Method) ~[?:1.8.0_332]
	at javax.security.auth.Subject.doAs(Subject.java:422) [?:1.8.0_332]
	at org.apache.hadoop.security.UserGroupInformation.doAs(UserGroupInformation.java:1878) [hadoop-common-3.3.1.jar:?]
	at org.apache.hadoop.ipc.Server$Handler.run(Server.java:2966) [hadoop-common-3.3.1.jar:?]
13:54:00.713 [IPC Server handler 11 on default port 34499] ERROR OMAudit - user=runner | ip=127.0.0.1 | op=GET_FILE_STATUS {volume=volume69434, bucket=bucket16378, key=gdir1/dir9/child, dataSize=0, replicationConfig=null} | ret=FAILURE
org.apache.hadoop.ozone.om.exceptions.OMException: Unable to get file status: volume: volume69434 bucket: bucket16378 key: gdir1/dir9/child
	at org.apache.hadoop.ozone.om.KeyManagerImpl.getOzoneFileStatus(KeyManagerImpl.java:1311) ~[ozone-manager-1.3.0-SNAPSHOT.jar:?]
	at org.apache.hadoop.ozone.om.KeyManagerImpl.getFileStatus(KeyManagerImpl.java:1241) ~[ozone-manager-1.3.0-SNAPSHOT.jar:?]
	at org.apache.hadoop.ozone.om.OzoneManager.getFileStatus(OzoneManager.java:3419) ~[ozone-manager-1.3.0-SNAPSHOT.jar:?]
	at org.apache.hadoop.ozone.protocolPB.OzoneManagerRequestHandler.getOzoneFileStatus(OzoneManagerRequestHandler.java:871) ~[ozone-manager-1.3.0-SNAPSHOT.jar:?]
	at org.apache.hadoop.ozone.protocolPB.OzoneManagerRequestHandler.handleReadRequest(OzoneManagerRequestHandler.java:217) ~[ozone-manager-1.3.0-SNAPSHOT.jar:?]
	at org.apache.hadoop.ozone.protocolPB.OzoneManagerProtocolServerSideTranslatorPB.submitRequestDirectlyToOM(OzoneManagerProtocolServerSideTranslatorPB.java:284) ~[ozone-manager-1.3.0-SNAPSHOT.jar:?]
	at org.apache.hadoop.ozone.protocolPB.OzoneManagerProtocolServerSideTranslatorPB.processRequest(OzoneManagerProtocolServerSideTranslatorPB.java:207) ~[ozone-manager-1.3.0-SNAPSHOT.jar:?]
	at org.apache.hadoop.hdds.server.OzoneProtocolMessageDispatcher.processRequest(OzoneProtocolMessageDispatcher.java:87) [hdds-server-framework-1.3.0-SNAPSHOT.jar:?]
	at org.apache.hadoop.ozone.protocolPB.OzoneManagerProtocolServerSideTranslatorPB.submitRequest(OzoneManagerProtocolServerSideTranslatorPB.java:147) [ozone-manager-1.3.0-SNAPSHOT.jar:?]
	at org.apache.hadoop.ozone.protocol.proto.OzoneManagerProtocolProtos$OzoneManagerService$2.callBlockingMethod(OzoneManagerProtocolProtos.java) [ozone-interface-client-1.3.0-SNAPSHOT.jar:?]
	at org.apache.hadoop.ipc.ProtobufRpcEngine$Server.processCall(ProtobufRpcEngine.java:466) [hadoop-common-3.3.1.jar:?]
	at org.apache.hadoop.ipc.ProtobufRpcEngine2$Server$ProtoBufRpcInvoker.call(ProtobufRpcEngine2.java:574) [hadoop-common-3.3.1.jar:?]
	at org.apache.hadoop.ipc.ProtobufRpcEngine2$Server$ProtoBufRpcInvoker.call(ProtobufRpcEngine2.java:552) [hadoop-common-3.3.1.jar:?]
	at org.apache.hadoop.ipc.RPC$Server.call(RPC.java:1093) [hadoop-common-3.3.1.jar:?]
	at org.apache.hadoop.ipc.Server$RpcCall.run(Server.java:1035) [hadoop-common-3.3.1.jar:?]
	at org.apache.hadoop.ipc.Server$RpcCall.run(Server.java:963) [hadoop-common-3.3.1.jar:?]
	at java.security.AccessController.doPrivileged(Native Method) ~[?:1.8.0_332]
	at javax.security.auth.Subject.doAs(Subject.java:422) [?:1.8.0_332]
	at org.apache.hadoop.security.UserGroupInformation.doAs(UserGroupInformation.java:1878) [hadoop-common-3.3.1.jar:?]
	at org.apache.hadoop.ipc.Server$Handler.run(Server.java:2966) [hadoop-common-3.3.1.jar:?]
13:54:00.714 [IPC Server handler 8 on default port 34499] ERROR OMAudit - user=runner | ip=127.0.0.1 | op=GET_FILE_STATUS {volume=volume69434, bucket=bucket16378, key=gdir1/dir10, dataSize=0, replicationConfig=null} | ret=FAILURE
org.apache.hadoop.ozone.om.exceptions.OMException: Unable to get file status: volume: volume69434 bucket: bucket16378 key: gdir1/dir10
	at org.apache.hadoop.ozone.om.KeyManagerImpl.getOzoneFileStatus(KeyManagerImpl.java:1311) ~[ozone-manager-1.3.0-SNAPSHOT.jar:?]
	at org.apache.hadoop.ozone.om.KeyManagerImpl.getFileStatus(KeyManagerImpl.java:1241) ~[ozone-manager-1.3.0-SNAPSHOT.jar:?]
	at org.apache.hadoop.ozone.om.OzoneManager.getFileStatus(OzoneManager.java:3419) ~[ozone-manager-1.3.0-SNAPSHOT.jar:?]
	at org.apache.hadoop.ozone.protocolPB.OzoneManagerRequestHandler.getOzoneFileStatus(OzoneManagerRequestHandler.java:871) ~[ozone-manager-1.3.0-SNAPSHOT.jar:?]
	at org.apache.hadoop.ozone.protocolPB.OzoneManagerRequestHandler.handleReadRequest(OzoneManagerRequestHandler.java:217) ~[ozone-manager-1.3.0-SNAPSHOT.jar:?]
	at org.apache.hadoop.ozone.protocolPB.OzoneManagerProtocolServerSideTranslatorPB.submitRequestDirectlyToOM(OzoneManagerProtocolServerSideTranslatorPB.java:284) ~[ozone-manager-1.3.0-SNAPSHOT.jar:?]
	at org.apache.hadoop.ozone.protocolPB.OzoneManagerProtocolServerSideTranslatorPB.processRequest(OzoneManagerProtocolServerSideTranslatorPB.java:207) ~[ozone-manager-1.3.0-SNAPSHOT.jar:?]
	at org.apache.hadoop.hdds.server.OzoneProtocolMessageDispatcher.processRequest(OzoneProtocolMessageDispatcher.java:87) [hdds-server-framework-1.3.0-SNAPSHOT.jar:?]
	at org.apache.hadoop.ozone.protocolPB.OzoneManagerProtocolServerSideTranslatorPB.submitRequest(OzoneManagerProtocolServerSideTranslatorPB.java:147) [ozone-manager-1.3.0-SNAPSHOT.jar:?]
	at org.apache.hadoop.ozone.protocol.proto.OzoneManagerProtocolProtos$OzoneManagerService$2.callBlockingMethod(OzoneManagerProtocolProtos.java) [ozone-interface-client-1.3.0-SNAPSHOT.jar:?]
	at org.apache.hadoop.ipc.ProtobufRpcEngine$Server.processCall(ProtobufRpcEngine.java:466) [hadoop-common-3.3.1.jar:?]
	at org.apache.hadoop.ipc.ProtobufRpcEngine2$Server$ProtoBufRpcInvoker.call(ProtobufRpcEngine2.java:574) [hadoop-common-3.3.1.jar:?]
	at org.apache.hadoop.ipc.ProtobufRpcEngine2$Server$ProtoBufRpcInvoker.call(ProtobufRpcEngine2.java:552) [hadoop-common-3.3.1.jar:?]
	at org.apache.hadoop.ipc.RPC$Server.call(RPC.java:1093) [hadoop-common-3.3.1.jar:?]
	at org.apache.hadoop.ipc.Server$RpcCall.run(Server.java:1035) [hadoop-common-3.3.1.jar:?]
	at org.apache.hadoop.ipc.Server$RpcCall.run(Server.java:963) [hadoop-common-3.3.1.jar:?]
	at java.security.AccessController.doPrivileged(Native Method) ~[?:1.8.0_332]
	at javax.security.auth.Subject.doAs(Subject.java:422) [?:1.8.0_332]
	at org.apache.hadoop.security.UserGroupInformation.doAs(UserGroupInformation.java:1878) [hadoop-common-3.3.1.jar:?]
	at org.apache.hadoop.ipc.Server$Handler.run(Server.java:2966) [hadoop-common-3.3.1.jar:?]
13:54:00.714 [IPC Server handler 7 on default port 34499] ERROR OMAudit - user=runner | ip=127.0.0.1 | op=GET_FILE_STATUS {volume=volume69434, bucket=bucket16378, key=gdir1/dir10/child, dataSize=0, replicationConfig=null} | ret=FAILURE
org.apache.hadoop.ozone.om.exceptions.OMException: Unable to get file status: volume: volume69434 bucket: bucket16378 key: gdir1/dir10/child
	at org.apache.hadoop.ozone.om.KeyManagerImpl.getOzoneFileStatus(KeyManagerImpl.java:1311) ~[ozone-manager-1.3.0-SNAPSHOT.jar:?]
	at org.apache.hadoop.ozone.om.KeyManagerImpl.getFileStatus(KeyManagerImpl.java:1241) ~[ozone-manager-1.3.0-SNAPSHOT.jar:?]
	at org.apache.hadoop.ozone.om.OzoneManager.getFileStatus(OzoneManager.java:3419) ~[ozone-manager-1.3.0-SNAPSHOT.jar:?]
	at org.apache.hadoop.ozone.protocolPB.OzoneManagerRequestHandler.getOzoneFileStatus(OzoneManagerRequestHandler.java:871) ~[ozone-manager-1.3.0-SNAPSHOT.jar:?]
	at org.apache.hadoop.ozone.protocolPB.OzoneManagerRequestHandler.handleReadRequest(OzoneManagerRequestHandler.java:217) ~[ozone-manager-1.3.0-SNAPSHOT.jar:?]
	at org.apache.hadoop.ozone.protocolPB.OzoneManagerProtocolServerSideTranslatorPB.submitRequestDirectlyToOM(OzoneManagerProtocolServerSideTranslatorPB.java:284) ~[ozone-manager-1.3.0-SNAPSHOT.jar:?]
	at org.apache.hadoop.ozone.protocolPB.OzoneManagerProtocolServerSideTranslatorPB.processRequest(OzoneManagerProtocolServerSideTranslatorPB.java:207) ~[ozone-manager-1.3.0-SNAPSHOT.jar:?]
	at org.apache.hadoop.hdds.server.OzoneProtocolMessageDispatcher.processRequest(OzoneProtocolMessageDispatcher.java:87) [hdds-server-framework-1.3.0-SNAPSHOT.jar:?]
	at org.apache.hadoop.ozone.protocolPB.OzoneManagerProtocolServerSideTranslatorPB.submitRequest(OzoneManagerProtocolServerSideTranslatorPB.java:147) [ozone-manager-1.3.0-SNAPSHOT.jar:?]
	at org.apache.hadoop.ozone.protocol.proto.OzoneManagerProtocolProtos$OzoneManagerService$2.callBlockingMethod(OzoneManagerProtocolProtos.java) [ozone-interface-client-1.3.0-SNAPSHOT.jar:?]
	at org.apache.hadoop.ipc.ProtobufRpcEngine$Server.processCall(ProtobufRpcEngine.java:466) [hadoop-common-3.3.1.jar:?]
	at org.apache.hadoop.ipc.ProtobufRpcEngine2$Server$ProtoBufRpcInvoker.call(ProtobufRpcEngine2.java:574) [hadoop-common-3.3.1.jar:?]
	at org.apache.hadoop.ipc.ProtobufRpcEngine2$Server$ProtoBufRpcInvoker.call(ProtobufRpcEngine2.java:552) [hadoop-common-3.3.1.jar:?]
	at org.apache.hadoop.ipc.RPC$Server.call(RPC.java:1093) [hadoop-common-3.3.1.jar:?]
	at org.apache.hadoop.ipc.Server$RpcCall.run(Server.java:1035) [hadoop-common-3.3.1.jar:?]
	at org.apache.hadoop.ipc.Server$RpcCall.run(Server.java:963) [hadoop-common-3.3.1.jar:?]
	at java.security.AccessController.doPrivileged(Native Method) ~[?:1.8.0_332]
	at javax.security.auth.Subject.doAs(Subject.java:422) [?:1.8.0_332]
	at org.apache.hadoop.security.UserGroupInformation.doAs(UserGroupInformation.java:1878) [hadoop-common-3.3.1.jar:?]
	at org.apache.hadoop.ipc.Server$Handler.run(Server.java:2966) [hadoop-common-3.3.1.jar:?]
13:54:00.783 [IPC Server handler 3 on default port 34499] ERROR OMAudit - user=runner | ip=127.0.0.1 | op=GET_FILE_STATUS {volume=volume69434, bucket=bucket16378, key=level0, dataSize=0, replicationConfig=null} | ret=FAILURE
org.apache.hadoop.ozone.om.exceptions.OMException: Unable to get file status: volume: volume69434 bucket: bucket16378 key: level0
	at org.apache.hadoop.ozone.om.KeyManagerImpl.getOzoneFileStatus(KeyManagerImpl.java:1311) ~[ozone-manager-1.3.0-SNAPSHOT.jar:?]
	at org.apache.hadoop.ozone.om.KeyManagerImpl.getFileStatus(KeyManagerImpl.java:1241) ~[ozone-manager-1.3.0-SNAPSHOT.jar:?]
	at org.apache.hadoop.ozone.om.OzoneManager.getFileStatus(OzoneManager.java:3419) ~[ozone-manager-1.3.0-SNAPSHOT.jar:?]
	at org.apache.hadoop.ozone.protocolPB.OzoneManagerRequestHandler.getOzoneFileStatus(OzoneManagerRequestHandler.java:871) ~[ozone-manager-1.3.0-SNAPSHOT.jar:?]
	at org.apache.hadoop.ozone.protocolPB.OzoneManagerRequestHandler.handleReadRequest(OzoneManagerRequestHandler.java:217) ~[ozone-manager-1.3.0-SNAPSHOT.jar:?]
	at org.apache.hadoop.ozone.protocolPB.OzoneManagerProtocolServerSideTranslatorPB.submitRequestDirectlyToOM(OzoneManagerProtocolServerSideTranslatorPB.java:284) ~[ozone-manager-1.3.0-SNAPSHOT.jar:?]
	at org.apache.hadoop.ozone.protocolPB.OzoneManagerProtocolServerSideTranslatorPB.processRequest(OzoneManagerProtocolServerSideTranslatorPB.java:207) ~[ozone-manager-1.3.0-SNAPSHOT.jar:?]
	at org.apache.hadoop.hdds.server.OzoneProtocolMessageDispatcher.processRequest(OzoneProtocolMessageDispatcher.java:87) [hdds-server-framework-1.3.0-SNAPSHOT.jar:?]
	at org.apache.hadoop.ozone.protocolPB.OzoneManagerProtocolServerSideTranslatorPB.submitRequest(OzoneManagerProtocolServerSideTranslatorPB.java:147) [ozone-manager-1.3.0-SNAPSHOT.jar:?]
	at org.apache.hadoop.ozone.protocol.proto.OzoneManagerProtocolProtos$OzoneManagerService$2.callBlockingMethod(OzoneManagerProtocolProtos.java) [ozone-interface-client-1.3.0-SNAPSHOT.jar:?]
	at org.apache.hadoop.ipc.ProtobufRpcEngine$Server.processCall(ProtobufRpcEngine.java:466) [hadoop-common-3.3.1.jar:?]
	at org.apache.hadoop.ipc.ProtobufRpcEngine2$Server$ProtoBufRpcInvoker.call(ProtobufRpcEngine2.java:574) [hadoop-common-3.3.1.jar:?]
	at org.apache.hadoop.ipc.ProtobufRpcEngine2$Server$ProtoBufRpcInvoker.call(ProtobufRpcEngine2.java:552) [hadoop-common-3.3.1.jar:?]
	at org.apache.hadoop.ipc.RPC$Server.call(RPC.java:1093) [hadoop-common-3.3.1.jar:?]
	at org.apache.hadoop.ipc.Server$RpcCall.run(Server.java:1035) [hadoop-common-3.3.1.jar:?]
	at org.apache.hadoop.ipc.Server$RpcCall.run(Server.java:963) [hadoop-common-3.3.1.jar:?]
	at java.security.AccessController.doPrivileged(Native Method) ~[?:1.8.0_332]
	at javax.security.auth.Subject.doAs(Subject.java:422) [?:1.8.0_332]
	at org.apache.hadoop.security.UserGroupInformation.doAs(UserGroupInformation.java:1878) [hadoop-common-3.3.1.jar:?]
	at org.apache.hadoop.ipc.Server$Handler.run(Server.java:2966) [hadoop-common-3.3.1.jar:?]
13:54:00.786 [IPC Server handler 4 on default port 34499] ERROR OMAudit - user=runner | ip=127.0.0.1 | op=GET_FILE_STATUS {volume=volume69434, bucket=bucket16378, key=level0/level1, dataSize=0, replicationConfig=null} | ret=FAILURE
org.apache.hadoop.ozone.om.exceptions.OMException: Unable to get file status: volume: volume69434 bucket: bucket16378 key: level0/level1
	at org.apache.hadoop.ozone.om.KeyManagerImpl.getOzoneFileStatus(KeyManagerImpl.java:1311) ~[ozone-manager-1.3.0-SNAPSHOT.jar:?]
	at org.apache.hadoop.ozone.om.KeyManagerImpl.getFileStatus(KeyManagerImpl.java:1241) ~[ozone-manager-1.3.0-SNAPSHOT.jar:?]
	at org.apache.hadoop.ozone.om.OzoneManager.getFileStatus(OzoneManager.java:3419) ~[ozone-manager-1.3.0-SNAPSHOT.jar:?]
	at org.apache.hadoop.ozone.protocolPB.OzoneManagerRequestHandler.getOzoneFileStatus(OzoneManagerRequestHandler.java:871) ~[ozone-manager-1.3.0-SNAPSHOT.jar:?]
	at org.apache.hadoop.ozone.protocolPB.OzoneManagerRequestHandler.handleReadRequest(OzoneManagerRequestHandler.java:217) ~[ozone-manager-1.3.0-SNAPSHOT.jar:?]
	at org.apache.hadoop.ozone.protocolPB.OzoneManagerProtocolServerSideTranslatorPB.submitRequestDirectlyToOM(OzoneManagerProtocolServerSideTranslatorPB.java:284) ~[ozone-manager-1.3.0-SNAPSHOT.jar:?]
	at org.apache.hadoop.ozone.protocolPB.OzoneManagerProtocolServerSideTranslatorPB.processRequest(OzoneManagerProtocolServerSideTranslatorPB.java:207) ~[ozone-manager-1.3.0-SNAPSHOT.jar:?]
	at org.apache.hadoop.hdds.server.OzoneProtocolMessageDispatcher.processRequest(OzoneProtocolMessageDispatcher.java:87) [hdds-server-framework-1.3.0-SNAPSHOT.jar:?]
	at org.apache.hadoop.ozone.protocolPB.OzoneManagerProtocolServerSideTranslatorPB.submitRequest(OzoneManagerProtocolServerSideTranslatorPB.java:147) [ozone-manager-1.3.0-SNAPSHOT.jar:?]
	at org.apache.hadoop.ozone.protocol.proto.OzoneManagerProtocolProtos$OzoneManagerService$2.callBlockingMethod(OzoneManagerProtocolProtos.java) [ozone-interface-client-1.3.0-SNAPSHOT.jar:?]
	at org.apache.hadoop.ipc.ProtobufRpcEngine$Server.processCall(ProtobufRpcEngine.java:466) [hadoop-common-3.3.1.jar:?]
	at org.apache.hadoop.ipc.ProtobufRpcEngine2$Server$ProtoBufRpcInvoker.call(ProtobufRpcEngine2.java:574) [hadoop-common-3.3.1.jar:?]
	at org.apache.hadoop.ipc.ProtobufRpcEngine2$Server$ProtoBufRpcInvoker.call(ProtobufRpcEngine2.java:552) [hadoop-common-3.3.1.jar:?]
	at org.apache.hadoop.ipc.RPC$Server.call(RPC.java:1093) [hadoop-common-3.3.1.jar:?]
	at org.apache.hadoop.ipc.Server$RpcCall.run(Server.java:1035) [hadoop-common-3.3.1.jar:?]
	at org.apache.hadoop.ipc.Server$RpcCall.run(Server.java:963) [hadoop-common-3.3.1.jar:?]
	at java.security.AccessController.doPrivileged(Native Method) ~[?:1.8.0_332]
	at javax.security.auth.Subject.doAs(Subject.java:422) [?:1.8.0_332]
	at org.apache.hadoop.security.UserGroupInformation.doAs(UserGroupInformation.java:1878) [hadoop-common-3.3.1.jar:?]
	at org.apache.hadoop.ipc.Server$Handler.run(Server.java:2966) [hadoop-common-3.3.1.jar:?]
13:54:00.787 [IPC Server handler 9 on default port 34499] ERROR OMAudit - user=runner | ip=127.0.0.1 | op=GET_FILE_STATUS {volume=volume69434, bucket=bucket16378, key=level0/level1/level1, dataSize=0, replicationConfig=null} | ret=FAILURE
org.apache.hadoop.ozone.om.exceptions.OMException: Unable to get file status: volume: volume69434 bucket: bucket16378 key: level0/level1/level1
	at org.apache.hadoop.ozone.om.KeyManagerImpl.getOzoneFileStatus(KeyManagerImpl.java:1311) ~[ozone-manager-1.3.0-SNAPSHOT.jar:?]
	at org.apache.hadoop.ozone.om.KeyManagerImpl.getFileStatus(KeyManagerImpl.java:1241) ~[ozone-manager-1.3.0-SNAPSHOT.jar:?]
	at org.apache.hadoop.ozone.om.OzoneManager.getFileStatus(OzoneManager.java:3419) ~[ozone-manager-1.3.0-SNAPSHOT.jar:?]
	at org.apache.hadoop.ozone.protocolPB.OzoneManagerRequestHandler.getOzoneFileStatus(OzoneManagerRequestHandler.java:871) ~[ozone-manager-1.3.0-SNAPSHOT.jar:?]
	at org.apache.hadoop.ozone.protocolPB.OzoneManagerRequestHandler.handleReadRequest(OzoneManagerRequestHandler.java:217) ~[ozone-manager-1.3.0-SNAPSHOT.jar:?]
	at org.apache.hadoop.ozone.protocolPB.OzoneManagerProtocolServerSideTranslatorPB.submitRequestDirectlyToOM(OzoneManagerProtocolServerSideTranslatorPB.java:284) ~[ozone-manager-1.3.0-SNAPSHOT.jar:?]
	at org.apache.hadoop.ozone.protocolPB.OzoneManagerProtocolServerSideTranslatorPB.processRequest(OzoneManagerProtocolServerSideTranslatorPB.java:207) ~[ozone-manager-1.3.0-SNAPSHOT.jar:?]
	at org.apache.hadoop.hdds.server.OzoneProtocolMessageDispatcher.processRequest(OzoneProtocolMessageDispatcher.java:87) [hdds-server-framework-1.3.0-SNAPSHOT.jar:?]
	at org.apache.hadoop.ozone.protocolPB.OzoneManagerProtocolServerSideTranslatorPB.submitRequest(OzoneManagerProtocolServerSideTranslatorPB.java:147) [ozone-manager-1.3.0-SNAPSHOT.jar:?]
	at org.apache.hadoop.ozone.protocol.proto.OzoneManagerProtocolProtos$OzoneManagerService$2.callBlockingMethod(OzoneManagerProtocolProtos.java) [ozone-interface-client-1.3.0-SNAPSHOT.jar:?]
	at org.apache.hadoop.ipc.ProtobufRpcEngine$Server.processCall(ProtobufRpcEngine.java:466) [hadoop-common-3.3.1.jar:?]
	at org.apache.hadoop.ipc.ProtobufRpcEngine2$Server$ProtoBufRpcInvoker.call(ProtobufRpcEngine2.java:574) [hadoop-common-3.3.1.jar:?]
	at org.apache.hadoop.ipc.ProtobufRpcEngine2$Server$ProtoBufRpcInvoker.call(ProtobufRpcEngine2.java:552) [hadoop-common-3.3.1.jar:?]
	at org.apache.hadoop.ipc.RPC$Server.call(RPC.java:1093) [hadoop-common-3.3.1.jar:?]
	at org.apache.hadoop.ipc.Server$RpcCall.run(Server.java:1035) [hadoop-common-3.3.1.jar:?]
	at org.apache.hadoop.ipc.Server$RpcCall.run(Server.java:963) [hadoop-common-3.3.1.jar:?]
	at java.security.AccessController.doPrivileged(Native Method) ~[?:1.8.0_332]
	at javax.security.auth.Subject.doAs(Subject.java:422) [?:1.8.0_332]
	at org.apache.hadoop.security.UserGroupInformation.doAs(UserGroupInformation.java:1878) [hadoop-common-3.3.1.jar:?]
	at org.apache.hadoop.ipc.Server$Handler.run(Server.java:2966) [hadoop-common-3.3.1.jar:?]
13:54:00.788 [IPC Server handler 10 on default port 34499] ERROR OMAudit - user=runner | ip=127.0.0.1 | op=GET_FILE_STATUS {volume=volume69434, bucket=bucket16378, key=level0/level1/file1, dataSize=0, replicationConfig=null} | ret=FAILURE
org.apache.hadoop.ozone.om.exceptions.OMException: Unable to get file status: volume: volume69434 bucket: bucket16378 key: level0/level1/file1
	at org.apache.hadoop.ozone.om.KeyManagerImpl.getOzoneFileStatus(KeyManagerImpl.java:1311) ~[ozone-manager-1.3.0-SNAPSHOT.jar:?]
	at org.apache.hadoop.ozone.om.KeyManagerImpl.getFileStatus(KeyManagerImpl.java:1241) ~[ozone-manager-1.3.0-SNAPSHOT.jar:?]
	at org.apache.hadoop.ozone.om.OzoneManager.getFileStatus(OzoneManager.java:3419) ~[ozone-manager-1.3.0-SNAPSHOT.jar:?]
	at org.apache.hadoop.ozone.protocolPB.OzoneManagerRequestHandler.getOzoneFileStatus(OzoneManagerRequestHandler.java:871) ~[ozone-manager-1.3.0-SNAPSHOT.jar:?]
	at org.apache.hadoop.ozone.protocolPB.OzoneManagerRequestHandler.handleReadRequest(OzoneManagerRequestHandler.java:217) ~[ozone-manager-1.3.0-SNAPSHOT.jar:?]
	at org.apache.hadoop.ozone.protocolPB.OzoneManagerProtocolServerSideTranslatorPB.submitRequestDirectlyToOM(OzoneManagerProtocolServerSideTranslatorPB.java:284) ~[ozone-manager-1.3.0-SNAPSHOT.jar:?]
	at org.apache.hadoop.ozone.protocolPB.OzoneManagerProtocolServerSideTranslatorPB.processRequest(OzoneManagerProtocolServerSideTranslatorPB.java:207) ~[ozone-manager-1.3.0-SNAPSHOT.jar:?]
	at org.apache.hadoop.hdds.server.OzoneProtocolMessageDispatcher.processRequest(OzoneProtocolMessageDispatcher.java:87) [hdds-server-framework-1.3.0-SNAPSHOT.jar:?]
	at org.apache.hadoop.ozone.protocolPB.OzoneManagerProtocolServerSideTranslatorPB.submitRequest(OzoneManagerProtocolServerSideTranslatorPB.java:147) [ozone-manager-1.3.0-SNAPSHOT.jar:?]
	at org.apache.hadoop.ozone.protocol.proto.OzoneManagerProtocolProtos$OzoneManagerService$2.callBlockingMethod(OzoneManagerProtocolProtos.java) [ozone-interface-client-1.3.0-SNAPSHOT.jar:?]
	at org.apache.hadoop.ipc.ProtobufRpcEngine$Server.processCall(ProtobufRpcEngine.java:466) [hadoop-common-3.3.1.jar:?]
	at org.apache.hadoop.ipc.ProtobufRpcEngine2$Server$ProtoBufRpcInvoker.call(ProtobufRpcEngine2.java:574) [hadoop-common-3.3.1.jar:?]
	at org.apache.hadoop.ipc.ProtobufRpcEngine2$Server$ProtoBufRpcInvoker.call(ProtobufRpcEngine2.java:552) [hadoop-common-3.3.1.jar:?]
	at org.apache.hadoop.ipc.RPC$Server.call(RPC.java:1093) [hadoop-common-3.3.1.jar:?]
	at org.apache.hadoop.ipc.Server$RpcCall.run(Server.java:1035) [hadoop-common-3.3.1.jar:?]
	at org.apache.hadoop.ipc.Server$RpcCall.run(Server.java:963) [hadoop-common-3.3.1.jar:?]
	at java.security.AccessController.doPrivileged(Native Method) ~[?:1.8.0_332]
	at javax.security.auth.Subject.doAs(Subject.java:422) [?:1.8.0_332]
	at org.apache.hadoop.security.UserGroupInformation.doAs(UserGroupInformation.java:1878) [hadoop-common-3.3.1.jar:?]
	at org.apache.hadoop.ipc.Server$Handler.run(Server.java:2966) [hadoop-common-3.3.1.jar:?]
13:54:00.788 [IPC Server handler 11 on default port 34499] ERROR OMAudit - user=runner | ip=127.0.0.1 | op=GET_FILE_STATUS {volume=volume69434, bucket=bucket16378, key=level0/level1/level1/file1, dataSize=0, replicationConfig=null} | ret=FAILURE
org.apache.hadoop.ozone.om.exceptions.OMException: Unable to get file status: volume: volume69434 bucket: bucket16378 key: level0/level1/level1/file1
	at org.apache.hadoop.ozone.om.KeyManagerImpl.getOzoneFileStatus(KeyManagerImpl.java:1311) ~[ozone-manager-1.3.0-SNAPSHOT.jar:?]
	at org.apache.hadoop.ozone.om.KeyManagerImpl.getFileStatus(KeyManagerImpl.java:1241) ~[ozone-manager-1.3.0-SNAPSHOT.jar:?]
	at org.apache.hadoop.ozone.om.OzoneManager.getFileStatus(OzoneManager.java:3419) ~[ozone-manager-1.3.0-SNAPSHOT.jar:?]
	at org.apache.hadoop.ozone.protocolPB.OzoneManagerRequestHandler.getOzoneFileStatus(OzoneManagerRequestHandler.java:871) ~[ozone-manager-1.3.0-SNAPSHOT.jar:?]
	at org.apache.hadoop.ozone.protocolPB.OzoneManagerRequestHandler.handleReadRequest(OzoneManagerRequestHandler.java:217) ~[ozone-manager-1.3.0-SNAPSHOT.jar:?]
	at org.apache.hadoop.ozone.protocolPB.OzoneManagerProtocolServerSideTranslatorPB.submitRequestDirectlyToOM(OzoneManagerProtocolServerSideTranslatorPB.java:284) ~[ozone-manager-1.3.0-SNAPSHOT.jar:?]
	at org.apache.hadoop.ozone.protocolPB.OzoneManagerProtocolServerSideTranslatorPB.processRequest(OzoneManagerProtocolServerSideTranslatorPB.java:207) ~[ozone-manager-1.3.0-SNAPSHOT.jar:?]
	at org.apache.hadoop.hdds.server.OzoneProtocolMessageDispatcher.processRequest(OzoneProtocolMessageDispatcher.java:87) [hdds-server-framework-1.3.0-SNAPSHOT.jar:?]
	at org.apache.hadoop.ozone.protocolPB.OzoneManagerProtocolServerSideTranslatorPB.submitRequest(OzoneManagerProtocolServerSideTranslatorPB.java:147) [ozone-manager-1.3.0-SNAPSHOT.jar:?]
	at org.apache.hadoop.ozone.protocol.proto.OzoneManagerProtocolProtos$OzoneManagerService$2.callBlockingMethod(OzoneManagerProtocolProtos.java) [ozone-interface-client-1.3.0-SNAPSHOT.jar:?]
	at org.apache.hadoop.ipc.ProtobufRpcEngine$Server.processCall(ProtobufRpcEngine.java:466) [hadoop-common-3.3.1.jar:?]
	at org.apache.hadoop.ipc.ProtobufRpcEngine2$Server$ProtoBufRpcInvoker.call(ProtobufRpcEngine2.java:574) [hadoop-common-3.3.1.jar:?]
	at org.apache.hadoop.ipc.ProtobufRpcEngine2$Server$ProtoBufRpcInvoker.call(ProtobufRpcEngine2.java:552) [hadoop-common-3.3.1.jar:?]
	at org.apache.hadoop.ipc.RPC$Server.call(RPC.java:1093) [hadoop-common-3.3.1.jar:?]
	at org.apache.hadoop.ipc.Server$RpcCall.run(Server.java:1035) [hadoop-common-3.3.1.jar:?]
	at org.apache.hadoop.ipc.Server$RpcCall.run(Server.java:963) [hadoop-common-3.3.1.jar:?]
	at java.security.AccessController.doPrivileged(Native Method) ~[?:1.8.0_332]
	at javax.security.auth.Subject.doAs(Subject.java:422) [?:1.8.0_332]
	at org.apache.hadoop.security.UserGroupInformation.doAs(UserGroupInformation.java:1878) [hadoop-common-3.3.1.jar:?]
	at org.apache.hadoop.ipc.Server$Handler.run(Server.java:2966) [hadoop-common-3.3.1.jar:?]
13:54:00.789 [IPC Server handler 8 on default port 34499] ERROR OMAudit - user=runner | ip=127.0.0.1 | op=GET_FILE_STATUS {volume=volume69434, bucket=bucket16378, key=level0/level2, dataSize=0, replicationConfig=null} | ret=FAILURE
org.apache.hadoop.ozone.om.exceptions.OMException: Unable to get file status: volume: volume69434 bucket: bucket16378 key: level0/level2
	at org.apache.hadoop.ozone.om.KeyManagerImpl.getOzoneFileStatus(KeyManagerImpl.java:1311) ~[ozone-manager-1.3.0-SNAPSHOT.jar:?]
	at org.apache.hadoop.ozone.om.KeyManagerImpl.getFileStatus(KeyManagerImpl.java:1241) ~[ozone-manager-1.3.0-SNAPSHOT.jar:?]
	at org.apache.hadoop.ozone.om.OzoneManager.getFileStatus(OzoneManager.java:3419) ~[ozone-manager-1.3.0-SNAPSHOT.jar:?]
	at org.apache.hadoop.ozone.protocolPB.OzoneManagerRequestHandler.getOzoneFileStatus(OzoneManagerRequestHandler.java:871) ~[ozone-manager-1.3.0-SNAPSHOT.jar:?]
	at org.apache.hadoop.ozone.protocolPB.OzoneManagerRequestHandler.handleReadRequest(OzoneManagerRequestHandler.java:217) ~[ozone-manager-1.3.0-SNAPSHOT.jar:?]
	at org.apache.hadoop.ozone.protocolPB.OzoneManagerProtocolServerSideTranslatorPB.submitRequestDirectlyToOM(OzoneManagerProtocolServerSideTranslatorPB.java:284) ~[ozone-manager-1.3.0-SNAPSHOT.jar:?]
	at org.apache.hadoop.ozone.protocolPB.OzoneManagerProtocolServerSideTranslatorPB.processRequest(OzoneManagerProtocolServerSideTranslatorPB.java:207) ~[ozone-manager-1.3.0-SNAPSHOT.jar:?]
	at org.apache.hadoop.hdds.server.OzoneProtocolMessageDispatcher.processRequest(OzoneProtocolMessageDispatcher.java:87) [hdds-server-framework-1.3.0-SNAPSHOT.jar:?]
	at org.apache.hadoop.ozone.protocolPB.OzoneManagerProtocolServerSideTranslatorPB.submitRequest(OzoneManagerProtocolServerSideTranslatorPB.java:147) [ozone-manager-1.3.0-SNAPSHOT.jar:?]
	at org.apache.hadoop.ozone.protocol.proto.OzoneManagerProtocolProtos$OzoneManagerService$2.callBlockingMethod(OzoneManagerProtocolProtos.java) [ozone-interface-client-1.3.0-SNAPSHOT.jar:?]
	at org.apache.hadoop.ipc.ProtobufRpcEngine$Server.processCall(ProtobufRpcEngine.java:466) [hadoop-common-3.3.1.jar:?]
	at org.apache.hadoop.ipc.ProtobufRpcEngine2$Server$ProtoBufRpcInvoker.call(ProtobufRpcEngine2.java:574) [hadoop-common-3.3.1.jar:?]
	at org.apache.hadoop.ipc.ProtobufRpcEngine2$Server$ProtoBufRpcInvoker.call(ProtobufRpcEngine2.java:552) [hadoop-common-3.3.1.jar:?]
	at org.apache.hadoop.ipc.RPC$Server.call(RPC.java:1093) [hadoop-common-3.3.1.jar:?]
	at org.apache.hadoop.ipc.Server$RpcCall.run(Server.java:1035) [hadoop-common-3.3.1.jar:?]
	at org.apache.hadoop.ipc.Server$RpcCall.run(Server.java:963) [hadoop-common-3.3.1.jar:?]
	at java.security.AccessController.doPrivileged(Native Method) ~[?:1.8.0_332]
	at javax.security.auth.Subject.doAs(Subject.java:422) [?:1.8.0_332]
	at org.apache.hadoop.security.UserGroupInformation.doAs(UserGroupInformation.java:1878) [hadoop-common-3.3.1.jar:?]
	at org.apache.hadoop.ipc.Server$Handler.run(Server.java:2966) [hadoop-common-3.3.1.jar:?]
13:54:00.790 [IPC Server handler 7 on default port 34499] ERROR OMAudit - user=runner | ip=127.0.0.1 | op=GET_FILE_STATUS {volume=volume69434, bucket=bucket16378, key=level0/level2/level2, dataSize=0, replicationConfig=null} | ret=FAILURE
org.apache.hadoop.ozone.om.exceptions.OMException: Unable to get file status: volume: volume69434 bucket: bucket16378 key: level0/level2/level2
	at org.apache.hadoop.ozone.om.KeyManagerImpl.getOzoneFileStatus(KeyManagerImpl.java:1311) ~[ozone-manager-1.3.0-SNAPSHOT.jar:?]
	at org.apache.hadoop.ozone.om.KeyManagerImpl.getFileStatus(KeyManagerImpl.java:1241) ~[ozone-manager-1.3.0-SNAPSHOT.jar:?]
	at org.apache.hadoop.ozone.om.OzoneManager.getFileStatus(OzoneManager.java:3419) ~[ozone-manager-1.3.0-SNAPSHOT.jar:?]
	at org.apache.hadoop.ozone.protocolPB.OzoneManagerRequestHandler.getOzoneFileStatus(OzoneManagerRequestHandler.java:871) ~[ozone-manager-1.3.0-SNAPSHOT.jar:?]
	at org.apache.hadoop.ozone.protocolPB.OzoneManagerRequestHandler.handleReadRequest(OzoneManagerRequestHandler.java:217) ~[ozone-manager-1.3.0-SNAPSHOT.jar:?]
	at org.apache.hadoop.ozone.protocolPB.OzoneManagerProtocolServerSideTranslatorPB.submitRequestDirectlyToOM(OzoneManagerProtocolServerSideTranslatorPB.java:284) ~[ozone-manager-1.3.0-SNAPSHOT.jar:?]
	at org.apache.hadoop.ozone.protocolPB.OzoneManagerProtocolServerSideTranslatorPB.processRequest(OzoneManagerProtocolServerSideTranslatorPB.java:207) ~[ozone-manager-1.3.0-SNAPSHOT.jar:?]
	at org.apache.hadoop.hdds.server.OzoneProtocolMessageDispatcher.processRequest(OzoneProtocolMessageDispatcher.java:87) [hdds-server-framework-1.3.0-SNAPSHOT.jar:?]
	at org.apache.hadoop.ozone.protocolPB.OzoneManagerProtocolServerSideTranslatorPB.submitRequest(OzoneManagerProtocolServerSideTranslatorPB.java:147) [ozone-manager-1.3.0-SNAPSHOT.jar:?]
	at org.apache.hadoop.ozone.protocol.proto.OzoneManagerProtocolProtos$OzoneManagerService$2.callBlockingMethod(OzoneManagerProtocolProtos.java) [ozone-interface-client-1.3.0-SNAPSHOT.jar:?]
	at org.apache.hadoop.ipc.ProtobufRpcEngine$Server.processCall(ProtobufRpcEngine.java:466) [hadoop-common-3.3.1.jar:?]
	at org.apache.hadoop.ipc.ProtobufRpcEngine2$Server$ProtoBufRpcInvoker.call(ProtobufRpcEngine2.java:574) [hadoop-common-3.3.1.jar:?]
	at org.apache.hadoop.ipc.ProtobufRpcEngine2$Server$ProtoBufRpcInvoker.call(ProtobufRpcEngine2.java:552) [hadoop-common-3.3.1.jar:?]
	at org.apache.hadoop.ipc.RPC$Server.call(RPC.java:1093) [hadoop-common-3.3.1.jar:?]
	at org.apache.hadoop.ipc.Server$RpcCall.run(Server.java:1035) [hadoop-common-3.3.1.jar:?]
	at org.apache.hadoop.ipc.Server$RpcCall.run(Server.java:963) [hadoop-common-3.3.1.jar:?]
	at java.security.AccessController.doPrivileged(Native Method) ~[?:1.8.0_332]
	at javax.security.auth.Subject.doAs(Subject.java:422) [?:1.8.0_332]
	at org.apache.hadoop.security.UserGroupInformation.doAs(UserGroupInformation.java:1878) [hadoop-common-3.3.1.jar:?]
	at org.apache.hadoop.ipc.Server$Handler.run(Server.java:2966) [hadoop-common-3.3.1.jar:?]
13:54:00.792 [IPC Server handler 6 on default port 34499] ERROR OMAudit - user=runner | ip=127.0.0.1 | op=GET_FILE_STATUS {volume=volume69434, bucket=bucket16378, key=level0/level2/file1, dataSize=0, replicationConfig=null} | ret=FAILURE
org.apache.hadoop.ozone.om.exceptions.OMException: Unable to get file status: volume: volume69434 bucket: bucket16378 key: level0/level2/file1
	at org.apache.hadoop.ozone.om.KeyManagerImpl.getOzoneFileStatus(KeyManagerImpl.java:1311) ~[ozone-manager-1.3.0-SNAPSHOT.jar:?]
	at org.apache.hadoop.ozone.om.KeyManagerImpl.getFileStatus(KeyManagerImpl.java:1241) ~[ozone-manager-1.3.0-SNAPSHOT.jar:?]
	at org.apache.hadoop.ozone.om.OzoneManager.getFileStatus(OzoneManager.java:3419) ~[ozone-manager-1.3.0-SNAPSHOT.jar:?]
	at org.apache.hadoop.ozone.protocolPB.OzoneManagerRequestHandler.getOzoneFileStatus(OzoneManagerRequestHandler.java:871) ~[ozone-manager-1.3.0-SNAPSHOT.jar:?]
	at org.apache.hadoop.ozone.protocolPB.OzoneManagerRequestHandler.handleReadRequest(OzoneManagerRequestHandler.java:217) ~[ozone-manager-1.3.0-SNAPSHOT.jar:?]
	at org.apache.hadoop.ozone.protocolPB.OzoneManagerProtocolServerSideTranslatorPB.submitRequestDirectlyToOM(OzoneManagerProtocolServerSideTranslatorPB.java:284) ~[ozone-manager-1.3.0-SNAPSHOT.jar:?]
	at org.apache.hadoop.ozone.protocolPB.OzoneManagerProtocolServerSideTranslatorPB.processRequest(OzoneManagerProtocolServerSideTranslatorPB.java:207) ~[ozone-manager-1.3.0-SNAPSHOT.jar:?]
	at org.apache.hadoop.hdds.server.OzoneProtocolMessageDispatcher.processRequest(OzoneProtocolMessageDispatcher.java:87) [hdds-server-framework-1.3.0-SNAPSHOT.jar:?]
	at org.apache.hadoop.ozone.protocolPB.OzoneManagerProtocolServerSideTranslatorPB.submitRequest(OzoneManagerProtocolServerSideTranslatorPB.java:147) [ozone-manager-1.3.0-SNAPSHOT.jar:?]
	at org.apache.hadoop.ozone.protocol.proto.OzoneManagerProtocolProtos$OzoneManagerService$2.callBlockingMethod(OzoneManagerProtocolProtos.java) [ozone-interface-client-1.3.0-SNAPSHOT.jar:?]
	at org.apache.hadoop.ipc.ProtobufRpcEngine$Server.processCall(ProtobufRpcEngine.java:466) [hadoop-common-3.3.1.jar:?]
	at org.apache.hadoop.ipc.ProtobufRpcEngine2$Server$ProtoBufRpcInvoker.call(ProtobufRpcEngine2.java:574) [hadoop-common-3.3.1.jar:?]
	at org.apache.hadoop.ipc.ProtobufRpcEngine2$Server$ProtoBufRpcInvoker.call(ProtobufRpcEngine2.java:552) [hadoop-common-3.3.1.jar:?]
	at org.apache.hadoop.ipc.RPC$Server.call(RPC.java:1093) [hadoop-common-3.3.1.jar:?]
	at org.apache.hadoop.ipc.Server$RpcCall.run(Server.java:1035) [hadoop-common-3.3.1.jar:?]
	at org.apache.hadoop.ipc.Server$RpcCall.run(Server.java:963) [hadoop-common-3.3.1.jar:?]
	at java.security.AccessController.doPrivileged(Native Method) ~[?:1.8.0_332]
	at javax.security.auth.Subject.doAs(Subject.java:422) [?:1.8.0_332]
	at org.apache.hadoop.security.UserGroupInformation.doAs(UserGroupInformation.java:1878) [hadoop-common-3.3.1.jar:?]
	at org.apache.hadoop.ipc.Server$Handler.run(Server.java:2966) [hadoop-common-3.3.1.jar:?]
13:54:00.793 [IPC Server handler 5 on default port 34499] ERROR OMAudit - user=runner | ip=127.0.0.1 | op=GET_FILE_STATUS {volume=volume69434, bucket=bucket16378, key=level0/level2/level2/file1, dataSize=0, replicationConfig=null} | ret=FAILURE
org.apache.hadoop.ozone.om.exceptions.OMException: Unable to get file status: volume: volume69434 bucket: bucket16378 key: level0/level2/level2/file1
	at org.apache.hadoop.ozone.om.KeyManagerImpl.getOzoneFileStatus(KeyManagerImpl.java:1311) ~[ozone-manager-1.3.0-SNAPSHOT.jar:?]
	at org.apache.hadoop.ozone.om.KeyManagerImpl.getFileStatus(KeyManagerImpl.java:1241) ~[ozone-manager-1.3.0-SNAPSHOT.jar:?]
	at org.apache.hadoop.ozone.om.OzoneManager.getFileStatus(OzoneManager.java:3419) ~[ozone-manager-1.3.0-SNAPSHOT.jar:?]
	at org.apache.hadoop.ozone.protocolPB.OzoneManagerRequestHandler.getOzoneFileStatus(OzoneManagerRequestHandler.java:871) ~[ozone-manager-1.3.0-SNAPSHOT.jar:?]
	at org.apache.hadoop.ozone.protocolPB.OzoneManagerRequestHandler.handleReadRequest(OzoneManagerRequestHandler.java:217) ~[ozone-manager-1.3.0-SNAPSHOT.jar:?]
	at org.apache.hadoop.ozone.protocolPB.OzoneManagerProtocolServerSideTranslatorPB.submitRequestDirectlyToOM(OzoneManagerProtocolServerSideTranslatorPB.java:284) ~[ozone-manager-1.3.0-SNAPSHOT.jar:?]
	at org.apache.hadoop.ozone.protocolPB.OzoneManagerProtocolServerSideTranslatorPB.processRequest(OzoneManagerProtocolServerSideTranslatorPB.java:207) ~[ozone-manager-1.3.0-SNAPSHOT.jar:?]
	at org.apache.hadoop.hdds.server.OzoneProtocolMessageDispatcher.processRequest(OzoneProtocolMessageDispatcher.java:87) [hdds-server-framework-1.3.0-SNAPSHOT.jar:?]
	at org.apache.hadoop.ozone.protocolPB.OzoneManagerProtocolServerSideTranslatorPB.submitRequest(OzoneManagerProtocolServerSideTranslatorPB.java:147) [ozone-manager-1.3.0-SNAPSHOT.jar:?]
	at org.apache.hadoop.ozone.protocol.proto.OzoneManagerProtocolProtos$OzoneManagerService$2.callBlockingMethod(OzoneManagerProtocolProtos.java) [ozone-interface-client-1.3.0-SNAPSHOT.jar:?]
	at org.apache.hadoop.ipc.ProtobufRpcEngine$Server.processCall(ProtobufRpcEngine.java:466) [hadoop-common-3.3.1.jar:?]
	at org.apache.hadoop.ipc.ProtobufRpcEngine2$Server$ProtoBufRpcInvoker.call(ProtobufRpcEngine2.java:574) [hadoop-common-3.3.1.jar:?]
	at org.apache.hadoop.ipc.ProtobufRpcEngine2$Server$ProtoBufRpcInvoker.call(ProtobufRpcEngine2.java:552) [hadoop-common-3.3.1.jar:?]
	at org.apache.hadoop.ipc.RPC$Server.call(RPC.java:1093) [hadoop-common-3.3.1.jar:?]
	at org.apache.hadoop.ipc.Server$RpcCall.run(Server.java:1035) [hadoop-common-3.3.1.jar:?]
	at org.apache.hadoop.ipc.Server$RpcCall.run(Server.java:963) [hadoop-common-3.3.1.jar:?]
	at java.security.AccessController.doPrivileged(Native Method) ~[?:1.8.0_332]
	at javax.security.auth.Subject.doAs(Subject.java:422) [?:1.8.0_332]
	at org.apache.hadoop.security.UserGroupInformation.doAs(UserGroupInformation.java:1878) [hadoop-common-3.3.1.jar:?]
	at org.apache.hadoop.ipc.Server$Handler.run(Server.java:2966) [hadoop-common-3.3.1.jar:?]
13:54:00.795 [IPC Server handler 18 on default port 34499] ERROR OMAudit - user=runner | ip=127.0.0.1 | op=GET_FILE_STATUS {volume=volume69434, bucket=bucket16378, key=level0/level3, dataSize=0, replicationConfig=null} | ret=FAILURE
org.apache.hadoop.ozone.om.exceptions.OMException: Unable to get file status: volume: volume69434 bucket: bucket16378 key: level0/level3
	at org.apache.hadoop.ozone.om.KeyManagerImpl.getOzoneFileStatus(KeyManagerImpl.java:1311) ~[ozone-manager-1.3.0-SNAPSHOT.jar:?]
	at org.apache.hadoop.ozone.om.KeyManagerImpl.getFileStatus(KeyManagerImpl.java:1241) ~[ozone-manager-1.3.0-SNAPSHOT.jar:?]
	at org.apache.hadoop.ozone.om.OzoneManager.getFileStatus(OzoneManager.java:3419) ~[ozone-manager-1.3.0-SNAPSHOT.jar:?]
	at org.apache.hadoop.ozone.protocolPB.OzoneManagerRequestHandler.getOzoneFileStatus(OzoneManagerRequestHandler.java:871) ~[ozone-manager-1.3.0-SNAPSHOT.jar:?]
	at org.apache.hadoop.ozone.protocolPB.OzoneManagerRequestHandler.handleReadRequest(OzoneManagerRequestHandler.java:217) ~[ozone-manager-1.3.0-SNAPSHOT.jar:?]
	at org.apache.hadoop.ozone.protocolPB.OzoneManagerProtocolServerSideTranslatorPB.submitRequestDirectlyToOM(OzoneManagerProtocolServerSideTranslatorPB.java:284) ~[ozone-manager-1.3.0-SNAPSHOT.jar:?]
	at org.apache.hadoop.ozone.protocolPB.OzoneManagerProtocolServerSideTranslatorPB.processRequest(OzoneManagerProtocolServerSideTranslatorPB.java:207) ~[ozone-manager-1.3.0-SNAPSHOT.jar:?]
	at org.apache.hadoop.hdds.server.OzoneProtocolMessageDispatcher.processRequest(OzoneProtocolMessageDispatcher.java:87) [hdds-server-framework-1.3.0-SNAPSHOT.jar:?]
	at org.apache.hadoop.ozone.protocolPB.OzoneManagerProtocolServerSideTranslatorPB.submitRequest(OzoneManagerProtocolServerSideTranslatorPB.java:147) [ozone-manager-1.3.0-SNAPSHOT.jar:?]
	at org.apache.hadoop.ozone.protocol.proto.OzoneManagerProtocolProtos$OzoneManagerService$2.callBlockingMethod(OzoneManagerProtocolProtos.java) [ozone-interface-client-1.3.0-SNAPSHOT.jar:?]
	at org.apache.hadoop.ipc.ProtobufRpcEngine$Server.processCall(ProtobufRpcEngine.java:466) [hadoop-common-3.3.1.jar:?]
	at org.apache.hadoop.ipc.ProtobufRpcEngine2$Server$ProtoBufRpcInvoker.call(ProtobufRpcEngine2.java:574) [hadoop-common-3.3.1.jar:?]
	at org.apache.hadoop.ipc.ProtobufRpcEngine2$Server$ProtoBufRpcInvoker.call(ProtobufRpcEngine2.java:552) [hadoop-common-3.3.1.jar:?]
	at org.apache.hadoop.ipc.RPC$Server.call(RPC.java:1093) [hadoop-common-3.3.1.jar:?]
	at org.apache.hadoop.ipc.Server$RpcCall.run(Server.java:1035) [hadoop-common-3.3.1.jar:?]
	at org.apache.hadoop.ipc.Server$RpcCall.run(Server.java:963) [hadoop-common-3.3.1.jar:?]
	at java.security.AccessController.doPrivileged(Native Method) ~[?:1.8.0_332]
	at javax.security.auth.Subject.doAs(Subject.java:422) [?:1.8.0_332]
	at org.apache.hadoop.security.UserGroupInformation.doAs(UserGroupInformation.java:1878) [hadoop-common-3.3.1.jar:?]
	at org.apache.hadoop.ipc.Server$Handler.run(Server.java:2966) [hadoop-common-3.3.1.jar:?]
13:54:00.795 [IPC Server handler 17 on default port 34499] ERROR OMAudit - user=runner | ip=127.0.0.1 | op=GET_FILE_STATUS {volume=volume69434, bucket=bucket16378, key=level0/level3/level3, dataSize=0, replicationConfig=null} | ret=FAILURE
org.apache.hadoop.ozone.om.exceptions.OMException: Unable to get file status: volume: volume69434 bucket: bucket16378 key: level0/level3/level3
	at org.apache.hadoop.ozone.om.KeyManagerImpl.getOzoneFileStatus(KeyManagerImpl.java:1311) ~[ozone-manager-1.3.0-SNAPSHOT.jar:?]
	at org.apache.hadoop.ozone.om.KeyManagerImpl.getFileStatus(KeyManagerImpl.java:1241) ~[ozone-manager-1.3.0-SNAPSHOT.jar:?]
	at org.apache.hadoop.ozone.om.OzoneManager.getFileStatus(OzoneManager.java:3419) ~[ozone-manager-1.3.0-SNAPSHOT.jar:?]
	at org.apache.hadoop.ozone.protocolPB.OzoneManagerRequestHandler.getOzoneFileStatus(OzoneManagerRequestHandler.java:871) ~[ozone-manager-1.3.0-SNAPSHOT.jar:?]
	at org.apache.hadoop.ozone.protocolPB.OzoneManagerRequestHandler.handleReadRequest(OzoneManagerRequestHandler.java:217) ~[ozone-manager-1.3.0-SNAPSHOT.jar:?]
	at org.apache.hadoop.ozone.protocolPB.OzoneManagerProtocolServerSideTranslatorPB.submitRequestDirectlyToOM(OzoneManagerProtocolServerSideTranslatorPB.java:284) ~[ozone-manager-1.3.0-SNAPSHOT.jar:?]
	at org.apache.hadoop.ozone.protocolPB.OzoneManagerProtocolServerSideTranslatorPB.processRequest(OzoneManagerProtocolServerSideTranslatorPB.java:207) ~[ozone-manager-1.3.0-SNAPSHOT.jar:?]
	at org.apache.hadoop.hdds.server.OzoneProtocolMessageDispatcher.processRequest(OzoneProtocolMessageDispatcher.java:87) [hdds-server-framework-1.3.0-SNAPSHOT.jar:?]
	at org.apache.hadoop.ozone.protocolPB.OzoneManagerProtocolServerSideTranslatorPB.submitRequest(OzoneManagerProtocolServerSideTranslatorPB.java:147) [ozone-manager-1.3.0-SNAPSHOT.jar:?]
	at org.apache.hadoop.ozone.protocol.proto.OzoneManagerProtocolProtos$OzoneManagerService$2.callBlockingMethod(OzoneManagerProtocolProtos.java) [ozone-interface-client-1.3.0-SNAPSHOT.jar:?]
	at org.apache.hadoop.ipc.ProtobufRpcEngine$Server.processCall(ProtobufRpcEngine.java:466) [hadoop-common-3.3.1.jar:?]
	at org.apache.hadoop.ipc.ProtobufRpcEngine2$Server$ProtoBufRpcInvoker.call(ProtobufRpcEngine2.java:574) [hadoop-common-3.3.1.jar:?]
	at org.apache.hadoop.ipc.ProtobufRpcEngine2$Server$ProtoBufRpcInvoker.call(ProtobufRpcEngine2.java:552) [hadoop-common-3.3.1.jar:?]
	at org.apache.hadoop.ipc.RPC$Server.call(RPC.java:1093) [hadoop-common-3.3.1.jar:?]
	at org.apache.hadoop.ipc.Server$RpcCall.run(Server.java:1035) [hadoop-common-3.3.1.jar:?]
	at org.apache.hadoop.ipc.Server$RpcCall.run(Server.java:963) [hadoop-common-3.3.1.jar:?]
	at java.security.AccessController.doPrivileged(Native Method) ~[?:1.8.0_332]
	at javax.security.auth.Subject.doAs(Subject.java:422) [?:1.8.0_332]
	at org.apache.hadoop.security.UserGroupInformation.doAs(UserGroupInformation.java:1878) [hadoop-common-3.3.1.jar:?]
	at org.apache.hadoop.ipc.Server$Handler.run(Server.java:2966) [hadoop-common-3.3.1.jar:?]
13:54:00.796 [IPC Server handler 16 on default port 34499] ERROR OMAudit - user=runner | ip=127.0.0.1 | op=GET_FILE_STATUS {volume=volume69434, bucket=bucket16378, key=level0/level3/file1, dataSize=0, replicationConfig=null} | ret=FAILURE
org.apache.hadoop.ozone.om.exceptions.OMException: Unable to get file status: volume: volume69434 bucket: bucket16378 key: level0/level3/file1
	at org.apache.hadoop.ozone.om.KeyManagerImpl.getOzoneFileStatus(KeyManagerImpl.java:1311) ~[ozone-manager-1.3.0-SNAPSHOT.jar:?]
	at org.apache.hadoop.ozone.om.KeyManagerImpl.getFileStatus(KeyManagerImpl.java:1241) ~[ozone-manager-1.3.0-SNAPSHOT.jar:?]
	at org.apache.hadoop.ozone.om.OzoneManager.getFileStatus(OzoneManager.java:3419) ~[ozone-manager-1.3.0-SNAPSHOT.jar:?]
	at org.apache.hadoop.ozone.protocolPB.OzoneManagerRequestHandler.getOzoneFileStatus(OzoneManagerRequestHandler.java:871) ~[ozone-manager-1.3.0-SNAPSHOT.jar:?]
	at org.apache.hadoop.ozone.protocolPB.OzoneManagerRequestHandler.handleReadRequest(OzoneManagerRequestHandler.java:217) ~[ozone-manager-1.3.0-SNAPSHOT.jar:?]
	at org.apache.hadoop.ozone.protocolPB.OzoneManagerProtocolServerSideTranslatorPB.submitRequestDirectlyToOM(OzoneManagerProtocolServerSideTranslatorPB.java:284) ~[ozone-manager-1.3.0-SNAPSHOT.jar:?]
	at org.apache.hadoop.ozone.protocolPB.OzoneManagerProtocolServerSideTranslatorPB.processRequest(OzoneManagerProtocolServerSideTranslatorPB.java:207) ~[ozone-manager-1.3.0-SNAPSHOT.jar:?]
	at org.apache.hadoop.hdds.server.OzoneProtocolMessageDispatcher.processRequest(OzoneProtocolMessageDispatcher.java:87) [hdds-server-framework-1.3.0-SNAPSHOT.jar:?]
	at org.apache.hadoop.ozone.protocolPB.OzoneManagerProtocolServerSideTranslatorPB.submitRequest(OzoneManagerProtocolServerSideTranslatorPB.java:147) [ozone-manager-1.3.0-SNAPSHOT.jar:?]
	at org.apache.hadoop.ozone.protocol.proto.OzoneManagerProtocolProtos$OzoneManagerService$2.callBlockingMethod(OzoneManagerProtocolProtos.java) [ozone-interface-client-1.3.0-SNAPSHOT.jar:?]
	at org.apache.hadoop.ipc.ProtobufRpcEngine$Server.processCall(ProtobufRpcEngine.java:466) [hadoop-common-3.3.1.jar:?]
	at org.apache.hadoop.ipc.ProtobufRpcEngine2$Server$ProtoBufRpcInvoker.call(ProtobufRpcEngine2.java:574) [hadoop-common-3.3.1.jar:?]
	at org.apache.hadoop.ipc.ProtobufRpcEngine2$Server$ProtoBufRpcInvoker.call(ProtobufRpcEngine2.java:552) [hadoop-common-3.3.1.jar:?]
	at org.apache.hadoop.ipc.RPC$Server.call(RPC.java:1093) [hadoop-common-3.3.1.jar:?]
	at org.apache.hadoop.ipc.Server$RpcCall.run(Server.java:1035) [hadoop-common-3.3.1.jar:?]
	at org.apache.hadoop.ipc.Server$RpcCall.run(Server.java:963) [hadoop-common-3.3.1.jar:?]
	at java.security.AccessController.doPrivileged(Native Method) ~[?:1.8.0_332]
	at javax.security.auth.Subject.doAs(Subject.java:422) [?:1.8.0_332]
	at org.apache.hadoop.security.UserGroupInformation.doAs(UserGroupInformation.java:1878) [hadoop-common-3.3.1.jar:?]
	at org.apache.hadoop.ipc.Server$Handler.run(Server.java:2966) [hadoop-common-3.3.1.jar:?]
13:54:00.799 [IPC Server handler 15 on default port 34499] ERROR OMAudit - user=runner | ip=127.0.0.1 | op=GET_FILE_STATUS {volume=volume69434, bucket=bucket16378, key=level0/level3/level3/file1, dataSize=0, replicationConfig=null} | ret=FAILURE
org.apache.hadoop.ozone.om.exceptions.OMException: Unable to get file status: volume: volume69434 bucket: bucket16378 key: level0/level3/level3/file1
	at org.apache.hadoop.ozone.om.KeyManagerImpl.getOzoneFileStatus(KeyManagerImpl.java:1311) ~[ozone-manager-1.3.0-SNAPSHOT.jar:?]
	at org.apache.hadoop.ozone.om.KeyManagerImpl.getFileStatus(KeyManagerImpl.java:1241) ~[ozone-manager-1.3.0-SNAPSHOT.jar:?]
	at org.apache.hadoop.ozone.om.OzoneManager.getFileStatus(OzoneManager.java:3419) ~[ozone-manager-1.3.0-SNAPSHOT.jar:?]
	at org.apache.hadoop.ozone.protocolPB.OzoneManagerRequestHandler.getOzoneFileStatus(OzoneManagerRequestHandler.java:871) ~[ozone-manager-1.3.0-SNAPSHOT.jar:?]
	at org.apache.hadoop.ozone.protocolPB.OzoneManagerRequestHandler.handleReadRequest(OzoneManagerRequestHandler.java:217) ~[ozone-manager-1.3.0-SNAPSHOT.jar:?]
	at org.apache.hadoop.ozone.protocolPB.OzoneManagerProtocolServerSideTranslatorPB.submitRequestDirectlyToOM(OzoneManagerProtocolServerSideTranslatorPB.java:284) ~[ozone-manager-1.3.0-SNAPSHOT.jar:?]
	at org.apache.hadoop.ozone.protocolPB.OzoneManagerProtocolServerSideTranslatorPB.processRequest(OzoneManagerProtocolServerSideTranslatorPB.java:207) ~[ozone-manager-1.3.0-SNAPSHOT.jar:?]
	at org.apache.hadoop.hdds.server.OzoneProtocolMessageDispatcher.processRequest(OzoneProtocolMessageDispatcher.java:87) [hdds-server-framework-1.3.0-SNAPSHOT.jar:?]
	at org.apache.hadoop.ozone.protocolPB.OzoneManagerProtocolServerSideTranslatorPB.submitRequest(OzoneManagerProtocolServerSideTranslatorPB.java:147) [ozone-manager-1.3.0-SNAPSHOT.jar:?]
	at org.apache.hadoop.ozone.protocol.proto.OzoneManagerProtocolProtos$OzoneManagerService$2.callBlockingMethod(OzoneManagerProtocolProtos.java) [ozone-interface-client-1.3.0-SNAPSHOT.jar:?]
	at org.apache.hadoop.ipc.ProtobufRpcEngine$Server.processCall(ProtobufRpcEngine.java:466) [hadoop-common-3.3.1.jar:?]
	at org.apache.hadoop.ipc.ProtobufRpcEngine2$Server$ProtoBufRpcInvoker.call(ProtobufRpcEngine2.java:574) [hadoop-common-3.3.1.jar:?]
	at org.apache.hadoop.ipc.ProtobufRpcEngine2$Server$ProtoBufRpcInvoker.call(ProtobufRpcEngine2.java:552) [hadoop-common-3.3.1.jar:?]
	at org.apache.hadoop.ipc.RPC$Server.call(RPC.java:1093) [hadoop-common-3.3.1.jar:?]
	at org.apache.hadoop.ipc.Server$RpcCall.run(Server.java:1035) [hadoop-common-3.3.1.jar:?]
	at org.apache.hadoop.ipc.Server$RpcCall.run(Server.java:963) [hadoop-common-3.3.1.jar:?]
	at java.security.AccessController.doPrivileged(Native Method) ~[?:1.8.0_332]
	at javax.security.auth.Subject.doAs(Subject.java:422) [?:1.8.0_332]
	at org.apache.hadoop.security.UserGroupInformation.doAs(UserGroupInformation.java:1878) [hadoop-common-3.3.1.jar:?]
	at org.apache.hadoop.ipc.Server$Handler.run(Server.java:2966) [hadoop-common-3.3.1.jar:?]
]]></system-out>
  </testcase>
  <testcase name="testRecursiveDelete" classname="TestOzoneFileSystem" time="0.165">
    <system-out><![CDATA[13:55:05.639 [IPC Server handler 15 on default port 42759] ERROR OMAudit - user=runner | ip=127.0.0.1 | op=GET_FILE_STATUS {volume=volume68340, bucket=bucket67715, key=gdir1, dataSize=0, replicationConfig=null} | ret=FAILURE
org.apache.hadoop.ozone.om.exceptions.OMException: Unable to get file status: volume: volume68340 bucket: bucket67715 key: gdir1
	at org.apache.hadoop.ozone.om.KeyManagerImpl.getOzoneFileStatus(KeyManagerImpl.java:1311) ~[ozone-manager-1.3.0-SNAPSHOT.jar:?]
	at org.apache.hadoop.ozone.om.KeyManagerImpl.getFileStatus(KeyManagerImpl.java:1241) ~[ozone-manager-1.3.0-SNAPSHOT.jar:?]
	at org.apache.hadoop.ozone.om.OzoneManager.getFileStatus(OzoneManager.java:3419) ~[ozone-manager-1.3.0-SNAPSHOT.jar:?]
	at org.apache.hadoop.ozone.protocolPB.OzoneManagerRequestHandler.getOzoneFileStatus(OzoneManagerRequestHandler.java:871) ~[ozone-manager-1.3.0-SNAPSHOT.jar:?]
	at org.apache.hadoop.ozone.protocolPB.OzoneManagerRequestHandler.handleReadRequest(OzoneManagerRequestHandler.java:217) ~[ozone-manager-1.3.0-SNAPSHOT.jar:?]
	at org.apache.hadoop.ozone.protocolPB.OzoneManagerProtocolServerSideTranslatorPB.submitReadRequestToOM(OzoneManagerProtocolServerSideTranslatorPB.java:225) ~[ozone-manager-1.3.0-SNAPSHOT.jar:?]
	at org.apache.hadoop.ozone.protocolPB.OzoneManagerProtocolServerSideTranslatorPB.processRequest(OzoneManagerProtocolServerSideTranslatorPB.java:175) ~[ozone-manager-1.3.0-SNAPSHOT.jar:?]
	at org.apache.hadoop.hdds.server.OzoneProtocolMessageDispatcher.processRequest(OzoneProtocolMessageDispatcher.java:87) [hdds-server-framework-1.3.0-SNAPSHOT.jar:?]
	at org.apache.hadoop.ozone.protocolPB.OzoneManagerProtocolServerSideTranslatorPB.submitRequest(OzoneManagerProtocolServerSideTranslatorPB.java:147) [ozone-manager-1.3.0-SNAPSHOT.jar:?]
	at org.apache.hadoop.ozone.protocol.proto.OzoneManagerProtocolProtos$OzoneManagerService$2.callBlockingMethod(OzoneManagerProtocolProtos.java) [ozone-interface-client-1.3.0-SNAPSHOT.jar:?]
	at org.apache.hadoop.ipc.ProtobufRpcEngine$Server.processCall(ProtobufRpcEngine.java:466) [hadoop-common-3.3.1.jar:?]
	at org.apache.hadoop.ipc.ProtobufRpcEngine2$Server$ProtoBufRpcInvoker.call(ProtobufRpcEngine2.java:574) [hadoop-common-3.3.1.jar:?]
	at org.apache.hadoop.ipc.ProtobufRpcEngine2$Server$ProtoBufRpcInvoker.call(ProtobufRpcEngine2.java:552) [hadoop-common-3.3.1.jar:?]
	at org.apache.hadoop.ipc.RPC$Server.call(RPC.java:1093) [hadoop-common-3.3.1.jar:?]
	at org.apache.hadoop.ipc.Server$RpcCall.run(Server.java:1035) [hadoop-common-3.3.1.jar:?]
	at org.apache.hadoop.ipc.Server$RpcCall.run(Server.java:963) [hadoop-common-3.3.1.jar:?]
	at java.security.AccessController.doPrivileged(Native Method) ~[?:1.8.0_332]
	at javax.security.auth.Subject.doAs(Subject.java:422) [?:1.8.0_332]
	at org.apache.hadoop.security.UserGroupInformation.doAs(UserGroupInformation.java:1878) [hadoop-common-3.3.1.jar:?]
	at org.apache.hadoop.ipc.Server$Handler.run(Server.java:2966) [hadoop-common-3.3.1.jar:?]
13:55:05.640 [IPC Server handler 14 on default port 42759] ERROR OMAudit - user=runner | ip=127.0.0.1 | op=GET_FILE_STATUS {volume=volume68340, bucket=bucket67715, key=gdir1/dir1, dataSize=0, replicationConfig=null} | ret=FAILURE
org.apache.hadoop.ozone.om.exceptions.OMException: Unable to get file status: volume: volume68340 bucket: bucket67715 key: gdir1/dir1
	at org.apache.hadoop.ozone.om.KeyManagerImpl.getOzoneFileStatus(KeyManagerImpl.java:1311) ~[ozone-manager-1.3.0-SNAPSHOT.jar:?]
	at org.apache.hadoop.ozone.om.KeyManagerImpl.getFileStatus(KeyManagerImpl.java:1241) ~[ozone-manager-1.3.0-SNAPSHOT.jar:?]
	at org.apache.hadoop.ozone.om.OzoneManager.getFileStatus(OzoneManager.java:3419) ~[ozone-manager-1.3.0-SNAPSHOT.jar:?]
	at org.apache.hadoop.ozone.protocolPB.OzoneManagerRequestHandler.getOzoneFileStatus(OzoneManagerRequestHandler.java:871) ~[ozone-manager-1.3.0-SNAPSHOT.jar:?]
	at org.apache.hadoop.ozone.protocolPB.OzoneManagerRequestHandler.handleReadRequest(OzoneManagerRequestHandler.java:217) ~[ozone-manager-1.3.0-SNAPSHOT.jar:?]
	at org.apache.hadoop.ozone.protocolPB.OzoneManagerProtocolServerSideTranslatorPB.submitReadRequestToOM(OzoneManagerProtocolServerSideTranslatorPB.java:225) ~[ozone-manager-1.3.0-SNAPSHOT.jar:?]
	at org.apache.hadoop.ozone.protocolPB.OzoneManagerProtocolServerSideTranslatorPB.processRequest(OzoneManagerProtocolServerSideTranslatorPB.java:175) ~[ozone-manager-1.3.0-SNAPSHOT.jar:?]
	at org.apache.hadoop.hdds.server.OzoneProtocolMessageDispatcher.processRequest(OzoneProtocolMessageDispatcher.java:87) [hdds-server-framework-1.3.0-SNAPSHOT.jar:?]
	at org.apache.hadoop.ozone.protocolPB.OzoneManagerProtocolServerSideTranslatorPB.submitRequest(OzoneManagerProtocolServerSideTranslatorPB.java:147) [ozone-manager-1.3.0-SNAPSHOT.jar:?]
	at org.apache.hadoop.ozone.protocol.proto.OzoneManagerProtocolProtos$OzoneManagerService$2.callBlockingMethod(OzoneManagerProtocolProtos.java) [ozone-interface-client-1.3.0-SNAPSHOT.jar:?]
	at org.apache.hadoop.ipc.ProtobufRpcEngine$Server.processCall(ProtobufRpcEngine.java:466) [hadoop-common-3.3.1.jar:?]
	at org.apache.hadoop.ipc.ProtobufRpcEngine2$Server$ProtoBufRpcInvoker.call(ProtobufRpcEngine2.java:574) [hadoop-common-3.3.1.jar:?]
	at org.apache.hadoop.ipc.ProtobufRpcEngine2$Server$ProtoBufRpcInvoker.call(ProtobufRpcEngine2.java:552) [hadoop-common-3.3.1.jar:?]
	at org.apache.hadoop.ipc.RPC$Server.call(RPC.java:1093) [hadoop-common-3.3.1.jar:?]
	at org.apache.hadoop.ipc.Server$RpcCall.run(Server.java:1035) [hadoop-common-3.3.1.jar:?]
	at org.apache.hadoop.ipc.Server$RpcCall.run(Server.java:963) [hadoop-common-3.3.1.jar:?]
	at java.security.AccessController.doPrivileged(Native Method) ~[?:1.8.0_332]
	at javax.security.auth.Subject.doAs(Subject.java:422) [?:1.8.0_332]
	at org.apache.hadoop.security.UserGroupInformation.doAs(UserGroupInformation.java:1878) [hadoop-common-3.3.1.jar:?]
	at org.apache.hadoop.ipc.Server$Handler.run(Server.java:2966) [hadoop-common-3.3.1.jar:?]
13:55:05.640 [IPC Server handler 18 on default port 42759] ERROR OMAudit - user=runner | ip=127.0.0.1 | op=GET_FILE_STATUS {volume=volume68340, bucket=bucket67715, key=gdir1/dir1/child, dataSize=0, replicationConfig=null} | ret=FAILURE
org.apache.hadoop.ozone.om.exceptions.OMException: Unable to get file status: volume: volume68340 bucket: bucket67715 key: gdir1/dir1/child
	at org.apache.hadoop.ozone.om.KeyManagerImpl.getOzoneFileStatus(KeyManagerImpl.java:1311) ~[ozone-manager-1.3.0-SNAPSHOT.jar:?]
	at org.apache.hadoop.ozone.om.KeyManagerImpl.getFileStatus(KeyManagerImpl.java:1241) ~[ozone-manager-1.3.0-SNAPSHOT.jar:?]
	at org.apache.hadoop.ozone.om.OzoneManager.getFileStatus(OzoneManager.java:3419) ~[ozone-manager-1.3.0-SNAPSHOT.jar:?]
	at org.apache.hadoop.ozone.protocolPB.OzoneManagerRequestHandler.getOzoneFileStatus(OzoneManagerRequestHandler.java:871) ~[ozone-manager-1.3.0-SNAPSHOT.jar:?]
	at org.apache.hadoop.ozone.protocolPB.OzoneManagerRequestHandler.handleReadRequest(OzoneManagerRequestHandler.java:217) ~[ozone-manager-1.3.0-SNAPSHOT.jar:?]
	at org.apache.hadoop.ozone.protocolPB.OzoneManagerProtocolServerSideTranslatorPB.submitReadRequestToOM(OzoneManagerProtocolServerSideTranslatorPB.java:225) ~[ozone-manager-1.3.0-SNAPSHOT.jar:?]
	at org.apache.hadoop.ozone.protocolPB.OzoneManagerProtocolServerSideTranslatorPB.processRequest(OzoneManagerProtocolServerSideTranslatorPB.java:175) ~[ozone-manager-1.3.0-SNAPSHOT.jar:?]
	at org.apache.hadoop.hdds.server.OzoneProtocolMessageDispatcher.processRequest(OzoneProtocolMessageDispatcher.java:87) [hdds-server-framework-1.3.0-SNAPSHOT.jar:?]
	at org.apache.hadoop.ozone.protocolPB.OzoneManagerProtocolServerSideTranslatorPB.submitRequest(OzoneManagerProtocolServerSideTranslatorPB.java:147) [ozone-manager-1.3.0-SNAPSHOT.jar:?]
	at org.apache.hadoop.ozone.protocol.proto.OzoneManagerProtocolProtos$OzoneManagerService$2.callBlockingMethod(OzoneManagerProtocolProtos.java) [ozone-interface-client-1.3.0-SNAPSHOT.jar:?]
	at org.apache.hadoop.ipc.ProtobufRpcEngine$Server.processCall(ProtobufRpcEngine.java:466) [hadoop-common-3.3.1.jar:?]
	at org.apache.hadoop.ipc.ProtobufRpcEngine2$Server$ProtoBufRpcInvoker.call(ProtobufRpcEngine2.java:574) [hadoop-common-3.3.1.jar:?]
	at org.apache.hadoop.ipc.ProtobufRpcEngine2$Server$ProtoBufRpcInvoker.call(ProtobufRpcEngine2.java:552) [hadoop-common-3.3.1.jar:?]
	at org.apache.hadoop.ipc.RPC$Server.call(RPC.java:1093) [hadoop-common-3.3.1.jar:?]
	at org.apache.hadoop.ipc.Server$RpcCall.run(Server.java:1035) [hadoop-common-3.3.1.jar:?]
	at org.apache.hadoop.ipc.Server$RpcCall.run(Server.java:963) [hadoop-common-3.3.1.jar:?]
	at java.security.AccessController.doPrivileged(Native Method) ~[?:1.8.0_332]
	at javax.security.auth.Subject.doAs(Subject.java:422) [?:1.8.0_332]
	at org.apache.hadoop.security.UserGroupInformation.doAs(UserGroupInformation.java:1878) [hadoop-common-3.3.1.jar:?]
	at org.apache.hadoop.ipc.Server$Handler.run(Server.java:2966) [hadoop-common-3.3.1.jar:?]
13:55:05.643 [IPC Server handler 12 on default port 42759] ERROR OMAudit - user=runner | ip=127.0.0.1 | op=GET_FILE_STATUS {volume=volume68340, bucket=bucket67715, key=gdir1/dir2, dataSize=0, replicationConfig=null} | ret=FAILURE
org.apache.hadoop.ozone.om.exceptions.OMException: Unable to get file status: volume: volume68340 bucket: bucket67715 key: gdir1/dir2
	at org.apache.hadoop.ozone.om.KeyManagerImpl.getOzoneFileStatus(KeyManagerImpl.java:1311) ~[ozone-manager-1.3.0-SNAPSHOT.jar:?]
	at org.apache.hadoop.ozone.om.KeyManagerImpl.getFileStatus(KeyManagerImpl.java:1241) ~[ozone-manager-1.3.0-SNAPSHOT.jar:?]
	at org.apache.hadoop.ozone.om.OzoneManager.getFileStatus(OzoneManager.java:3419) ~[ozone-manager-1.3.0-SNAPSHOT.jar:?]
	at org.apache.hadoop.ozone.protocolPB.OzoneManagerRequestHandler.getOzoneFileStatus(OzoneManagerRequestHandler.java:871) ~[ozone-manager-1.3.0-SNAPSHOT.jar:?]
	at org.apache.hadoop.ozone.protocolPB.OzoneManagerRequestHandler.handleReadRequest(OzoneManagerRequestHandler.java:217) ~[ozone-manager-1.3.0-SNAPSHOT.jar:?]
	at org.apache.hadoop.ozone.protocolPB.OzoneManagerProtocolServerSideTranslatorPB.submitReadRequestToOM(OzoneManagerProtocolServerSideTranslatorPB.java:225) ~[ozone-manager-1.3.0-SNAPSHOT.jar:?]
	at org.apache.hadoop.ozone.protocolPB.OzoneManagerProtocolServerSideTranslatorPB.processRequest(OzoneManagerProtocolServerSideTranslatorPB.java:175) ~[ozone-manager-1.3.0-SNAPSHOT.jar:?]
	at org.apache.hadoop.hdds.server.OzoneProtocolMessageDispatcher.processRequest(OzoneProtocolMessageDispatcher.java:87) [hdds-server-framework-1.3.0-SNAPSHOT.jar:?]
	at org.apache.hadoop.ozone.protocolPB.OzoneManagerProtocolServerSideTranslatorPB.submitRequest(OzoneManagerProtocolServerSideTranslatorPB.java:147) [ozone-manager-1.3.0-SNAPSHOT.jar:?]
	at org.apache.hadoop.ozone.protocol.proto.OzoneManagerProtocolProtos$OzoneManagerService$2.callBlockingMethod(OzoneManagerProtocolProtos.java) [ozone-interface-client-1.3.0-SNAPSHOT.jar:?]
	at org.apache.hadoop.ipc.ProtobufRpcEngine$Server.processCall(ProtobufRpcEngine.java:466) [hadoop-common-3.3.1.jar:?]
	at org.apache.hadoop.ipc.ProtobufRpcEngine2$Server$ProtoBufRpcInvoker.call(ProtobufRpcEngine2.java:574) [hadoop-common-3.3.1.jar:?]
	at org.apache.hadoop.ipc.ProtobufRpcEngine2$Server$ProtoBufRpcInvoker.call(ProtobufRpcEngine2.java:552) [hadoop-common-3.3.1.jar:?]
	at org.apache.hadoop.ipc.RPC$Server.call(RPC.java:1093) [hadoop-common-3.3.1.jar:?]
	at org.apache.hadoop.ipc.Server$RpcCall.run(Server.java:1035) [hadoop-common-3.3.1.jar:?]
	at org.apache.hadoop.ipc.Server$RpcCall.run(Server.java:963) [hadoop-common-3.3.1.jar:?]
	at java.security.AccessController.doPrivileged(Native Method) ~[?:1.8.0_332]
	at javax.security.auth.Subject.doAs(Subject.java:422) [?:1.8.0_332]
	at org.apache.hadoop.security.UserGroupInformation.doAs(UserGroupInformation.java:1878) [hadoop-common-3.3.1.jar:?]
	at org.apache.hadoop.ipc.Server$Handler.run(Server.java:2966) [hadoop-common-3.3.1.jar:?]
13:55:05.643 [IPC Server handler 13 on default port 42759] ERROR OMAudit - user=runner | ip=127.0.0.1 | op=GET_FILE_STATUS {volume=volume68340, bucket=bucket67715, key=gdir1/dir2/child, dataSize=0, replicationConfig=null} | ret=FAILURE
org.apache.hadoop.ozone.om.exceptions.OMException: Unable to get file status: volume: volume68340 bucket: bucket67715 key: gdir1/dir2/child
	at org.apache.hadoop.ozone.om.KeyManagerImpl.getOzoneFileStatus(KeyManagerImpl.java:1311) ~[ozone-manager-1.3.0-SNAPSHOT.jar:?]
	at org.apache.hadoop.ozone.om.KeyManagerImpl.getFileStatus(KeyManagerImpl.java:1241) ~[ozone-manager-1.3.0-SNAPSHOT.jar:?]
	at org.apache.hadoop.ozone.om.OzoneManager.getFileStatus(OzoneManager.java:3419) ~[ozone-manager-1.3.0-SNAPSHOT.jar:?]
	at org.apache.hadoop.ozone.protocolPB.OzoneManagerRequestHandler.getOzoneFileStatus(OzoneManagerRequestHandler.java:871) ~[ozone-manager-1.3.0-SNAPSHOT.jar:?]
	at org.apache.hadoop.ozone.protocolPB.OzoneManagerRequestHandler.handleReadRequest(OzoneManagerRequestHandler.java:217) ~[ozone-manager-1.3.0-SNAPSHOT.jar:?]
	at org.apache.hadoop.ozone.protocolPB.OzoneManagerProtocolServerSideTranslatorPB.submitReadRequestToOM(OzoneManagerProtocolServerSideTranslatorPB.java:225) ~[ozone-manager-1.3.0-SNAPSHOT.jar:?]
	at org.apache.hadoop.ozone.protocolPB.OzoneManagerProtocolServerSideTranslatorPB.processRequest(OzoneManagerProtocolServerSideTranslatorPB.java:175) ~[ozone-manager-1.3.0-SNAPSHOT.jar:?]
	at org.apache.hadoop.hdds.server.OzoneProtocolMessageDispatcher.processRequest(OzoneProtocolMessageDispatcher.java:87) [hdds-server-framework-1.3.0-SNAPSHOT.jar:?]
	at org.apache.hadoop.ozone.protocolPB.OzoneManagerProtocolServerSideTranslatorPB.submitRequest(OzoneManagerProtocolServerSideTranslatorPB.java:147) [ozone-manager-1.3.0-SNAPSHOT.jar:?]
	at org.apache.hadoop.ozone.protocol.proto.OzoneManagerProtocolProtos$OzoneManagerService$2.callBlockingMethod(OzoneManagerProtocolProtos.java) [ozone-interface-client-1.3.0-SNAPSHOT.jar:?]
	at org.apache.hadoop.ipc.ProtobufRpcEngine$Server.processCall(ProtobufRpcEngine.java:466) [hadoop-common-3.3.1.jar:?]
	at org.apache.hadoop.ipc.ProtobufRpcEngine2$Server$ProtoBufRpcInvoker.call(ProtobufRpcEngine2.java:574) [hadoop-common-3.3.1.jar:?]
	at org.apache.hadoop.ipc.ProtobufRpcEngine2$Server$ProtoBufRpcInvoker.call(ProtobufRpcEngine2.java:552) [hadoop-common-3.3.1.jar:?]
	at org.apache.hadoop.ipc.RPC$Server.call(RPC.java:1093) [hadoop-common-3.3.1.jar:?]
	at org.apache.hadoop.ipc.Server$RpcCall.run(Server.java:1035) [hadoop-common-3.3.1.jar:?]
	at org.apache.hadoop.ipc.Server$RpcCall.run(Server.java:963) [hadoop-common-3.3.1.jar:?]
	at java.security.AccessController.doPrivileged(Native Method) ~[?:1.8.0_332]
	at javax.security.auth.Subject.doAs(Subject.java:422) [?:1.8.0_332]
	at org.apache.hadoop.security.UserGroupInformation.doAs(UserGroupInformation.java:1878) [hadoop-common-3.3.1.jar:?]
	at org.apache.hadoop.ipc.Server$Handler.run(Server.java:2966) [hadoop-common-3.3.1.jar:?]
13:55:05.644 [IPC Server handler 4 on default port 42759] ERROR OMAudit - user=runner | ip=127.0.0.1 | op=GET_FILE_STATUS {volume=volume68340, bucket=bucket67715, key=gdir1/dir3, dataSize=0, replicationConfig=null} | ret=FAILURE
org.apache.hadoop.ozone.om.exceptions.OMException: Unable to get file status: volume: volume68340 bucket: bucket67715 key: gdir1/dir3
	at org.apache.hadoop.ozone.om.KeyManagerImpl.getOzoneFileStatus(KeyManagerImpl.java:1311) ~[ozone-manager-1.3.0-SNAPSHOT.jar:?]
	at org.apache.hadoop.ozone.om.KeyManagerImpl.getFileStatus(KeyManagerImpl.java:1241) ~[ozone-manager-1.3.0-SNAPSHOT.jar:?]
	at org.apache.hadoop.ozone.om.OzoneManager.getFileStatus(OzoneManager.java:3419) ~[ozone-manager-1.3.0-SNAPSHOT.jar:?]
	at org.apache.hadoop.ozone.protocolPB.OzoneManagerRequestHandler.getOzoneFileStatus(OzoneManagerRequestHandler.java:871) ~[ozone-manager-1.3.0-SNAPSHOT.jar:?]
	at org.apache.hadoop.ozone.protocolPB.OzoneManagerRequestHandler.handleReadRequest(OzoneManagerRequestHandler.java:217) ~[ozone-manager-1.3.0-SNAPSHOT.jar:?]
	at org.apache.hadoop.ozone.protocolPB.OzoneManagerProtocolServerSideTranslatorPB.submitReadRequestToOM(OzoneManagerProtocolServerSideTranslatorPB.java:225) ~[ozone-manager-1.3.0-SNAPSHOT.jar:?]
	at org.apache.hadoop.ozone.protocolPB.OzoneManagerProtocolServerSideTranslatorPB.processRequest(OzoneManagerProtocolServerSideTranslatorPB.java:175) ~[ozone-manager-1.3.0-SNAPSHOT.jar:?]
	at org.apache.hadoop.hdds.server.OzoneProtocolMessageDispatcher.processRequest(OzoneProtocolMessageDispatcher.java:87) [hdds-server-framework-1.3.0-SNAPSHOT.jar:?]
	at org.apache.hadoop.ozone.protocolPB.OzoneManagerProtocolServerSideTranslatorPB.submitRequest(OzoneManagerProtocolServerSideTranslatorPB.java:147) [ozone-manager-1.3.0-SNAPSHOT.jar:?]
	at org.apache.hadoop.ozone.protocol.proto.OzoneManagerProtocolProtos$OzoneManagerService$2.callBlockingMethod(OzoneManagerProtocolProtos.java) [ozone-interface-client-1.3.0-SNAPSHOT.jar:?]
	at org.apache.hadoop.ipc.ProtobufRpcEngine$Server.processCall(ProtobufRpcEngine.java:466) [hadoop-common-3.3.1.jar:?]
	at org.apache.hadoop.ipc.ProtobufRpcEngine2$Server$ProtoBufRpcInvoker.call(ProtobufRpcEngine2.java:574) [hadoop-common-3.3.1.jar:?]
	at org.apache.hadoop.ipc.ProtobufRpcEngine2$Server$ProtoBufRpcInvoker.call(ProtobufRpcEngine2.java:552) [hadoop-common-3.3.1.jar:?]
	at org.apache.hadoop.ipc.RPC$Server.call(RPC.java:1093) [hadoop-common-3.3.1.jar:?]
	at org.apache.hadoop.ipc.Server$RpcCall.run(Server.java:1035) [hadoop-common-3.3.1.jar:?]
	at org.apache.hadoop.ipc.Server$RpcCall.run(Server.java:963) [hadoop-common-3.3.1.jar:?]
	at java.security.AccessController.doPrivileged(Native Method) ~[?:1.8.0_332]
	at javax.security.auth.Subject.doAs(Subject.java:422) [?:1.8.0_332]
	at org.apache.hadoop.security.UserGroupInformation.doAs(UserGroupInformation.java:1878) [hadoop-common-3.3.1.jar:?]
	at org.apache.hadoop.ipc.Server$Handler.run(Server.java:2966) [hadoop-common-3.3.1.jar:?]
13:55:05.644 [IPC Server handler 5 on default port 42759] ERROR OMAudit - user=runner | ip=127.0.0.1 | op=GET_FILE_STATUS {volume=volume68340, bucket=bucket67715, key=gdir1/dir3/child, dataSize=0, replicationConfig=null} | ret=FAILURE
org.apache.hadoop.ozone.om.exceptions.OMException: Unable to get file status: volume: volume68340 bucket: bucket67715 key: gdir1/dir3/child
	at org.apache.hadoop.ozone.om.KeyManagerImpl.getOzoneFileStatus(KeyManagerImpl.java:1311) ~[ozone-manager-1.3.0-SNAPSHOT.jar:?]
	at org.apache.hadoop.ozone.om.KeyManagerImpl.getFileStatus(KeyManagerImpl.java:1241) ~[ozone-manager-1.3.0-SNAPSHOT.jar:?]
	at org.apache.hadoop.ozone.om.OzoneManager.getFileStatus(OzoneManager.java:3419) ~[ozone-manager-1.3.0-SNAPSHOT.jar:?]
	at org.apache.hadoop.ozone.protocolPB.OzoneManagerRequestHandler.getOzoneFileStatus(OzoneManagerRequestHandler.java:871) ~[ozone-manager-1.3.0-SNAPSHOT.jar:?]
	at org.apache.hadoop.ozone.protocolPB.OzoneManagerRequestHandler.handleReadRequest(OzoneManagerRequestHandler.java:217) ~[ozone-manager-1.3.0-SNAPSHOT.jar:?]
	at org.apache.hadoop.ozone.protocolPB.OzoneManagerProtocolServerSideTranslatorPB.submitReadRequestToOM(OzoneManagerProtocolServerSideTranslatorPB.java:225) ~[ozone-manager-1.3.0-SNAPSHOT.jar:?]
	at org.apache.hadoop.ozone.protocolPB.OzoneManagerProtocolServerSideTranslatorPB.processRequest(OzoneManagerProtocolServerSideTranslatorPB.java:175) ~[ozone-manager-1.3.0-SNAPSHOT.jar:?]
	at org.apache.hadoop.hdds.server.OzoneProtocolMessageDispatcher.processRequest(OzoneProtocolMessageDispatcher.java:87) [hdds-server-framework-1.3.0-SNAPSHOT.jar:?]
	at org.apache.hadoop.ozone.protocolPB.OzoneManagerProtocolServerSideTranslatorPB.submitRequest(OzoneManagerProtocolServerSideTranslatorPB.java:147) [ozone-manager-1.3.0-SNAPSHOT.jar:?]
	at org.apache.hadoop.ozone.protocol.proto.OzoneManagerProtocolProtos$OzoneManagerService$2.callBlockingMethod(OzoneManagerProtocolProtos.java) [ozone-interface-client-1.3.0-SNAPSHOT.jar:?]
	at org.apache.hadoop.ipc.ProtobufRpcEngine$Server.processCall(ProtobufRpcEngine.java:466) [hadoop-common-3.3.1.jar:?]
	at org.apache.hadoop.ipc.ProtobufRpcEngine2$Server$ProtoBufRpcInvoker.call(ProtobufRpcEngine2.java:574) [hadoop-common-3.3.1.jar:?]
	at org.apache.hadoop.ipc.ProtobufRpcEngine2$Server$ProtoBufRpcInvoker.call(ProtobufRpcEngine2.java:552) [hadoop-common-3.3.1.jar:?]
	at org.apache.hadoop.ipc.RPC$Server.call(RPC.java:1093) [hadoop-common-3.3.1.jar:?]
	at org.apache.hadoop.ipc.Server$RpcCall.run(Server.java:1035) [hadoop-common-3.3.1.jar:?]
	at org.apache.hadoop.ipc.Server$RpcCall.run(Server.java:963) [hadoop-common-3.3.1.jar:?]
	at java.security.AccessController.doPrivileged(Native Method) ~[?:1.8.0_332]
	at javax.security.auth.Subject.doAs(Subject.java:422) [?:1.8.0_332]
	at org.apache.hadoop.security.UserGroupInformation.doAs(UserGroupInformation.java:1878) [hadoop-common-3.3.1.jar:?]
	at org.apache.hadoop.ipc.Server$Handler.run(Server.java:2966) [hadoop-common-3.3.1.jar:?]
13:55:05.645 [IPC Server handler 3 on default port 42759] ERROR OMAudit - user=runner | ip=127.0.0.1 | op=GET_FILE_STATUS {volume=volume68340, bucket=bucket67715, key=gdir1/dir4, dataSize=0, replicationConfig=null} | ret=FAILURE
org.apache.hadoop.ozone.om.exceptions.OMException: Unable to get file status: volume: volume68340 bucket: bucket67715 key: gdir1/dir4
	at org.apache.hadoop.ozone.om.KeyManagerImpl.getOzoneFileStatus(KeyManagerImpl.java:1311) ~[ozone-manager-1.3.0-SNAPSHOT.jar:?]
	at org.apache.hadoop.ozone.om.KeyManagerImpl.getFileStatus(KeyManagerImpl.java:1241) ~[ozone-manager-1.3.0-SNAPSHOT.jar:?]
	at org.apache.hadoop.ozone.om.OzoneManager.getFileStatus(OzoneManager.java:3419) ~[ozone-manager-1.3.0-SNAPSHOT.jar:?]
	at org.apache.hadoop.ozone.protocolPB.OzoneManagerRequestHandler.getOzoneFileStatus(OzoneManagerRequestHandler.java:871) ~[ozone-manager-1.3.0-SNAPSHOT.jar:?]
	at org.apache.hadoop.ozone.protocolPB.OzoneManagerRequestHandler.handleReadRequest(OzoneManagerRequestHandler.java:217) ~[ozone-manager-1.3.0-SNAPSHOT.jar:?]
	at org.apache.hadoop.ozone.protocolPB.OzoneManagerProtocolServerSideTranslatorPB.submitReadRequestToOM(OzoneManagerProtocolServerSideTranslatorPB.java:225) ~[ozone-manager-1.3.0-SNAPSHOT.jar:?]
	at org.apache.hadoop.ozone.protocolPB.OzoneManagerProtocolServerSideTranslatorPB.processRequest(OzoneManagerProtocolServerSideTranslatorPB.java:175) ~[ozone-manager-1.3.0-SNAPSHOT.jar:?]
	at org.apache.hadoop.hdds.server.OzoneProtocolMessageDispatcher.processRequest(OzoneProtocolMessageDispatcher.java:87) [hdds-server-framework-1.3.0-SNAPSHOT.jar:?]
	at org.apache.hadoop.ozone.protocolPB.OzoneManagerProtocolServerSideTranslatorPB.submitRequest(OzoneManagerProtocolServerSideTranslatorPB.java:147) [ozone-manager-1.3.0-SNAPSHOT.jar:?]
	at org.apache.hadoop.ozone.protocol.proto.OzoneManagerProtocolProtos$OzoneManagerService$2.callBlockingMethod(OzoneManagerProtocolProtos.java) [ozone-interface-client-1.3.0-SNAPSHOT.jar:?]
	at org.apache.hadoop.ipc.ProtobufRpcEngine$Server.processCall(ProtobufRpcEngine.java:466) [hadoop-common-3.3.1.jar:?]
	at org.apache.hadoop.ipc.ProtobufRpcEngine2$Server$ProtoBufRpcInvoker.call(ProtobufRpcEngine2.java:574) [hadoop-common-3.3.1.jar:?]
	at org.apache.hadoop.ipc.ProtobufRpcEngine2$Server$ProtoBufRpcInvoker.call(ProtobufRpcEngine2.java:552) [hadoop-common-3.3.1.jar:?]
	at org.apache.hadoop.ipc.RPC$Server.call(RPC.java:1093) [hadoop-common-3.3.1.jar:?]
	at org.apache.hadoop.ipc.Server$RpcCall.run(Server.java:1035) [hadoop-common-3.3.1.jar:?]
	at org.apache.hadoop.ipc.Server$RpcCall.run(Server.java:963) [hadoop-common-3.3.1.jar:?]
	at java.security.AccessController.doPrivileged(Native Method) ~[?:1.8.0_332]
	at javax.security.auth.Subject.doAs(Subject.java:422) [?:1.8.0_332]
	at org.apache.hadoop.security.UserGroupInformation.doAs(UserGroupInformation.java:1878) [hadoop-common-3.3.1.jar:?]
	at org.apache.hadoop.ipc.Server$Handler.run(Server.java:2966) [hadoop-common-3.3.1.jar:?]
13:55:05.645 [IPC Server handler 6 on default port 42759] ERROR OMAudit - user=runner | ip=127.0.0.1 | op=GET_FILE_STATUS {volume=volume68340, bucket=bucket67715, key=gdir1/dir4/child, dataSize=0, replicationConfig=null} | ret=FAILURE
org.apache.hadoop.ozone.om.exceptions.OMException: Unable to get file status: volume: volume68340 bucket: bucket67715 key: gdir1/dir4/child
	at org.apache.hadoop.ozone.om.KeyManagerImpl.getOzoneFileStatus(KeyManagerImpl.java:1311) ~[ozone-manager-1.3.0-SNAPSHOT.jar:?]
	at org.apache.hadoop.ozone.om.KeyManagerImpl.getFileStatus(KeyManagerImpl.java:1241) ~[ozone-manager-1.3.0-SNAPSHOT.jar:?]
	at org.apache.hadoop.ozone.om.OzoneManager.getFileStatus(OzoneManager.java:3419) ~[ozone-manager-1.3.0-SNAPSHOT.jar:?]
	at org.apache.hadoop.ozone.protocolPB.OzoneManagerRequestHandler.getOzoneFileStatus(OzoneManagerRequestHandler.java:871) ~[ozone-manager-1.3.0-SNAPSHOT.jar:?]
	at org.apache.hadoop.ozone.protocolPB.OzoneManagerRequestHandler.handleReadRequest(OzoneManagerRequestHandler.java:217) ~[ozone-manager-1.3.0-SNAPSHOT.jar:?]
	at org.apache.hadoop.ozone.protocolPB.OzoneManagerProtocolServerSideTranslatorPB.submitReadRequestToOM(OzoneManagerProtocolServerSideTranslatorPB.java:225) ~[ozone-manager-1.3.0-SNAPSHOT.jar:?]
	at org.apache.hadoop.ozone.protocolPB.OzoneManagerProtocolServerSideTranslatorPB.processRequest(OzoneManagerProtocolServerSideTranslatorPB.java:175) ~[ozone-manager-1.3.0-SNAPSHOT.jar:?]
	at org.apache.hadoop.hdds.server.OzoneProtocolMessageDispatcher.processRequest(OzoneProtocolMessageDispatcher.java:87) [hdds-server-framework-1.3.0-SNAPSHOT.jar:?]
	at org.apache.hadoop.ozone.protocolPB.OzoneManagerProtocolServerSideTranslatorPB.submitRequest(OzoneManagerProtocolServerSideTranslatorPB.java:147) [ozone-manager-1.3.0-SNAPSHOT.jar:?]
	at org.apache.hadoop.ozone.protocol.proto.OzoneManagerProtocolProtos$OzoneManagerService$2.callBlockingMethod(OzoneManagerProtocolProtos.java) [ozone-interface-client-1.3.0-SNAPSHOT.jar:?]
	at org.apache.hadoop.ipc.ProtobufRpcEngine$Server.processCall(ProtobufRpcEngine.java:466) [hadoop-common-3.3.1.jar:?]
	at org.apache.hadoop.ipc.ProtobufRpcEngine2$Server$ProtoBufRpcInvoker.call(ProtobufRpcEngine2.java:574) [hadoop-common-3.3.1.jar:?]
	at org.apache.hadoop.ipc.ProtobufRpcEngine2$Server$ProtoBufRpcInvoker.call(ProtobufRpcEngine2.java:552) [hadoop-common-3.3.1.jar:?]
	at org.apache.hadoop.ipc.RPC$Server.call(RPC.java:1093) [hadoop-common-3.3.1.jar:?]
	at org.apache.hadoop.ipc.Server$RpcCall.run(Server.java:1035) [hadoop-common-3.3.1.jar:?]
	at org.apache.hadoop.ipc.Server$RpcCall.run(Server.java:963) [hadoop-common-3.3.1.jar:?]
	at java.security.AccessController.doPrivileged(Native Method) ~[?:1.8.0_332]
	at javax.security.auth.Subject.doAs(Subject.java:422) [?:1.8.0_332]
	at org.apache.hadoop.security.UserGroupInformation.doAs(UserGroupInformation.java:1878) [hadoop-common-3.3.1.jar:?]
	at org.apache.hadoop.ipc.Server$Handler.run(Server.java:2966) [hadoop-common-3.3.1.jar:?]
13:55:05.646 [IPC Server handler 7 on default port 42759] ERROR OMAudit - user=runner | ip=127.0.0.1 | op=GET_FILE_STATUS {volume=volume68340, bucket=bucket67715, key=gdir1/dir5, dataSize=0, replicationConfig=null} | ret=FAILURE
org.apache.hadoop.ozone.om.exceptions.OMException: Unable to get file status: volume: volume68340 bucket: bucket67715 key: gdir1/dir5
	at org.apache.hadoop.ozone.om.KeyManagerImpl.getOzoneFileStatus(KeyManagerImpl.java:1311) ~[ozone-manager-1.3.0-SNAPSHOT.jar:?]
	at org.apache.hadoop.ozone.om.KeyManagerImpl.getFileStatus(KeyManagerImpl.java:1241) ~[ozone-manager-1.3.0-SNAPSHOT.jar:?]
	at org.apache.hadoop.ozone.om.OzoneManager.getFileStatus(OzoneManager.java:3419) ~[ozone-manager-1.3.0-SNAPSHOT.jar:?]
	at org.apache.hadoop.ozone.protocolPB.OzoneManagerRequestHandler.getOzoneFileStatus(OzoneManagerRequestHandler.java:871) ~[ozone-manager-1.3.0-SNAPSHOT.jar:?]
	at org.apache.hadoop.ozone.protocolPB.OzoneManagerRequestHandler.handleReadRequest(OzoneManagerRequestHandler.java:217) ~[ozone-manager-1.3.0-SNAPSHOT.jar:?]
	at org.apache.hadoop.ozone.protocolPB.OzoneManagerProtocolServerSideTranslatorPB.submitReadRequestToOM(OzoneManagerProtocolServerSideTranslatorPB.java:225) ~[ozone-manager-1.3.0-SNAPSHOT.jar:?]
	at org.apache.hadoop.ozone.protocolPB.OzoneManagerProtocolServerSideTranslatorPB.processRequest(OzoneManagerProtocolServerSideTranslatorPB.java:175) ~[ozone-manager-1.3.0-SNAPSHOT.jar:?]
	at org.apache.hadoop.hdds.server.OzoneProtocolMessageDispatcher.processRequest(OzoneProtocolMessageDispatcher.java:87) [hdds-server-framework-1.3.0-SNAPSHOT.jar:?]
	at org.apache.hadoop.ozone.protocolPB.OzoneManagerProtocolServerSideTranslatorPB.submitRequest(OzoneManagerProtocolServerSideTranslatorPB.java:147) [ozone-manager-1.3.0-SNAPSHOT.jar:?]
	at org.apache.hadoop.ozone.protocol.proto.OzoneManagerProtocolProtos$OzoneManagerService$2.callBlockingMethod(OzoneManagerProtocolProtos.java) [ozone-interface-client-1.3.0-SNAPSHOT.jar:?]
	at org.apache.hadoop.ipc.ProtobufRpcEngine$Server.processCall(ProtobufRpcEngine.java:466) [hadoop-common-3.3.1.jar:?]
	at org.apache.hadoop.ipc.ProtobufRpcEngine2$Server$ProtoBufRpcInvoker.call(ProtobufRpcEngine2.java:574) [hadoop-common-3.3.1.jar:?]
	at org.apache.hadoop.ipc.ProtobufRpcEngine2$Server$ProtoBufRpcInvoker.call(ProtobufRpcEngine2.java:552) [hadoop-common-3.3.1.jar:?]
	at org.apache.hadoop.ipc.RPC$Server.call(RPC.java:1093) [hadoop-common-3.3.1.jar:?]
	at org.apache.hadoop.ipc.Server$RpcCall.run(Server.java:1035) [hadoop-common-3.3.1.jar:?]
	at org.apache.hadoop.ipc.Server$RpcCall.run(Server.java:963) [hadoop-common-3.3.1.jar:?]
	at java.security.AccessController.doPrivileged(Native Method) ~[?:1.8.0_332]
	at javax.security.auth.Subject.doAs(Subject.java:422) [?:1.8.0_332]
	at org.apache.hadoop.security.UserGroupInformation.doAs(UserGroupInformation.java:1878) [hadoop-common-3.3.1.jar:?]
	at org.apache.hadoop.ipc.Server$Handler.run(Server.java:2966) [hadoop-common-3.3.1.jar:?]
13:55:05.647 [IPC Server handler 2 on default port 42759] ERROR OMAudit - user=runner | ip=127.0.0.1 | op=GET_FILE_STATUS {volume=volume68340, bucket=bucket67715, key=gdir1/dir5/child, dataSize=0, replicationConfig=null} | ret=FAILURE
org.apache.hadoop.ozone.om.exceptions.OMException: Unable to get file status: volume: volume68340 bucket: bucket67715 key: gdir1/dir5/child
	at org.apache.hadoop.ozone.om.KeyManagerImpl.getOzoneFileStatus(KeyManagerImpl.java:1311) ~[ozone-manager-1.3.0-SNAPSHOT.jar:?]
	at org.apache.hadoop.ozone.om.KeyManagerImpl.getFileStatus(KeyManagerImpl.java:1241) ~[ozone-manager-1.3.0-SNAPSHOT.jar:?]
	at org.apache.hadoop.ozone.om.OzoneManager.getFileStatus(OzoneManager.java:3419) ~[ozone-manager-1.3.0-SNAPSHOT.jar:?]
	at org.apache.hadoop.ozone.protocolPB.OzoneManagerRequestHandler.getOzoneFileStatus(OzoneManagerRequestHandler.java:871) ~[ozone-manager-1.3.0-SNAPSHOT.jar:?]
	at org.apache.hadoop.ozone.protocolPB.OzoneManagerRequestHandler.handleReadRequest(OzoneManagerRequestHandler.java:217) ~[ozone-manager-1.3.0-SNAPSHOT.jar:?]
	at org.apache.hadoop.ozone.protocolPB.OzoneManagerProtocolServerSideTranslatorPB.submitReadRequestToOM(OzoneManagerProtocolServerSideTranslatorPB.java:225) ~[ozone-manager-1.3.0-SNAPSHOT.jar:?]
	at org.apache.hadoop.ozone.protocolPB.OzoneManagerProtocolServerSideTranslatorPB.processRequest(OzoneManagerProtocolServerSideTranslatorPB.java:175) ~[ozone-manager-1.3.0-SNAPSHOT.jar:?]
	at org.apache.hadoop.hdds.server.OzoneProtocolMessageDispatcher.processRequest(OzoneProtocolMessageDispatcher.java:87) [hdds-server-framework-1.3.0-SNAPSHOT.jar:?]
	at org.apache.hadoop.ozone.protocolPB.OzoneManagerProtocolServerSideTranslatorPB.submitRequest(OzoneManagerProtocolServerSideTranslatorPB.java:147) [ozone-manager-1.3.0-SNAPSHOT.jar:?]
	at org.apache.hadoop.ozone.protocol.proto.OzoneManagerProtocolProtos$OzoneManagerService$2.callBlockingMethod(OzoneManagerProtocolProtos.java) [ozone-interface-client-1.3.0-SNAPSHOT.jar:?]
	at org.apache.hadoop.ipc.ProtobufRpcEngine$Server.processCall(ProtobufRpcEngine.java:466) [hadoop-common-3.3.1.jar:?]
	at org.apache.hadoop.ipc.ProtobufRpcEngine2$Server$ProtoBufRpcInvoker.call(ProtobufRpcEngine2.java:574) [hadoop-common-3.3.1.jar:?]
	at org.apache.hadoop.ipc.ProtobufRpcEngine2$Server$ProtoBufRpcInvoker.call(ProtobufRpcEngine2.java:552) [hadoop-common-3.3.1.jar:?]
	at org.apache.hadoop.ipc.RPC$Server.call(RPC.java:1093) [hadoop-common-3.3.1.jar:?]
	at org.apache.hadoop.ipc.Server$RpcCall.run(Server.java:1035) [hadoop-common-3.3.1.jar:?]
	at org.apache.hadoop.ipc.Server$RpcCall.run(Server.java:963) [hadoop-common-3.3.1.jar:?]
	at java.security.AccessController.doPrivileged(Native Method) ~[?:1.8.0_332]
	at javax.security.auth.Subject.doAs(Subject.java:422) [?:1.8.0_332]
	at org.apache.hadoop.security.UserGroupInformation.doAs(UserGroupInformation.java:1878) [hadoop-common-3.3.1.jar:?]
	at org.apache.hadoop.ipc.Server$Handler.run(Server.java:2966) [hadoop-common-3.3.1.jar:?]
13:55:05.647 [IPC Server handler 19 on default port 42759] ERROR OMAudit - user=runner | ip=127.0.0.1 | op=GET_FILE_STATUS {volume=volume68340, bucket=bucket67715, key=gdir1/dir6, dataSize=0, replicationConfig=null} | ret=FAILURE
org.apache.hadoop.ozone.om.exceptions.OMException: Unable to get file status: volume: volume68340 bucket: bucket67715 key: gdir1/dir6
	at org.apache.hadoop.ozone.om.KeyManagerImpl.getOzoneFileStatus(KeyManagerImpl.java:1311) ~[ozone-manager-1.3.0-SNAPSHOT.jar:?]
	at org.apache.hadoop.ozone.om.KeyManagerImpl.getFileStatus(KeyManagerImpl.java:1241) ~[ozone-manager-1.3.0-SNAPSHOT.jar:?]
	at org.apache.hadoop.ozone.om.OzoneManager.getFileStatus(OzoneManager.java:3419) ~[ozone-manager-1.3.0-SNAPSHOT.jar:?]
	at org.apache.hadoop.ozone.protocolPB.OzoneManagerRequestHandler.getOzoneFileStatus(OzoneManagerRequestHandler.java:871) ~[ozone-manager-1.3.0-SNAPSHOT.jar:?]
	at org.apache.hadoop.ozone.protocolPB.OzoneManagerRequestHandler.handleReadRequest(OzoneManagerRequestHandler.java:217) ~[ozone-manager-1.3.0-SNAPSHOT.jar:?]
	at org.apache.hadoop.ozone.protocolPB.OzoneManagerProtocolServerSideTranslatorPB.submitReadRequestToOM(OzoneManagerProtocolServerSideTranslatorPB.java:225) ~[ozone-manager-1.3.0-SNAPSHOT.jar:?]
	at org.apache.hadoop.ozone.protocolPB.OzoneManagerProtocolServerSideTranslatorPB.processRequest(OzoneManagerProtocolServerSideTranslatorPB.java:175) ~[ozone-manager-1.3.0-SNAPSHOT.jar:?]
	at org.apache.hadoop.hdds.server.OzoneProtocolMessageDispatcher.processRequest(OzoneProtocolMessageDispatcher.java:87) [hdds-server-framework-1.3.0-SNAPSHOT.jar:?]
	at org.apache.hadoop.ozone.protocolPB.OzoneManagerProtocolServerSideTranslatorPB.submitRequest(OzoneManagerProtocolServerSideTranslatorPB.java:147) [ozone-manager-1.3.0-SNAPSHOT.jar:?]
	at org.apache.hadoop.ozone.protocol.proto.OzoneManagerProtocolProtos$OzoneManagerService$2.callBlockingMethod(OzoneManagerProtocolProtos.java) [ozone-interface-client-1.3.0-SNAPSHOT.jar:?]
	at org.apache.hadoop.ipc.ProtobufRpcEngine$Server.processCall(ProtobufRpcEngine.java:466) [hadoop-common-3.3.1.jar:?]
	at org.apache.hadoop.ipc.ProtobufRpcEngine2$Server$ProtoBufRpcInvoker.call(ProtobufRpcEngine2.java:574) [hadoop-common-3.3.1.jar:?]
	at org.apache.hadoop.ipc.ProtobufRpcEngine2$Server$ProtoBufRpcInvoker.call(ProtobufRpcEngine2.java:552) [hadoop-common-3.3.1.jar:?]
	at org.apache.hadoop.ipc.RPC$Server.call(RPC.java:1093) [hadoop-common-3.3.1.jar:?]
	at org.apache.hadoop.ipc.Server$RpcCall.run(Server.java:1035) [hadoop-common-3.3.1.jar:?]
	at org.apache.hadoop.ipc.Server$RpcCall.run(Server.java:963) [hadoop-common-3.3.1.jar:?]
	at java.security.AccessController.doPrivileged(Native Method) ~[?:1.8.0_332]
	at javax.security.auth.Subject.doAs(Subject.java:422) [?:1.8.0_332]
	at org.apache.hadoop.security.UserGroupInformation.doAs(UserGroupInformation.java:1878) [hadoop-common-3.3.1.jar:?]
	at org.apache.hadoop.ipc.Server$Handler.run(Server.java:2966) [hadoop-common-3.3.1.jar:?]
13:55:05.648 [IPC Server handler 11 on default port 42759] ERROR OMAudit - user=runner | ip=127.0.0.1 | op=GET_FILE_STATUS {volume=volume68340, bucket=bucket67715, key=gdir1/dir6/child, dataSize=0, replicationConfig=null} | ret=FAILURE
org.apache.hadoop.ozone.om.exceptions.OMException: Unable to get file status: volume: volume68340 bucket: bucket67715 key: gdir1/dir6/child
	at org.apache.hadoop.ozone.om.KeyManagerImpl.getOzoneFileStatus(KeyManagerImpl.java:1311) ~[ozone-manager-1.3.0-SNAPSHOT.jar:?]
	at org.apache.hadoop.ozone.om.KeyManagerImpl.getFileStatus(KeyManagerImpl.java:1241) ~[ozone-manager-1.3.0-SNAPSHOT.jar:?]
	at org.apache.hadoop.ozone.om.OzoneManager.getFileStatus(OzoneManager.java:3419) ~[ozone-manager-1.3.0-SNAPSHOT.jar:?]
	at org.apache.hadoop.ozone.protocolPB.OzoneManagerRequestHandler.getOzoneFileStatus(OzoneManagerRequestHandler.java:871) ~[ozone-manager-1.3.0-SNAPSHOT.jar:?]
	at org.apache.hadoop.ozone.protocolPB.OzoneManagerRequestHandler.handleReadRequest(OzoneManagerRequestHandler.java:217) ~[ozone-manager-1.3.0-SNAPSHOT.jar:?]
	at org.apache.hadoop.ozone.protocolPB.OzoneManagerProtocolServerSideTranslatorPB.submitReadRequestToOM(OzoneManagerProtocolServerSideTranslatorPB.java:225) ~[ozone-manager-1.3.0-SNAPSHOT.jar:?]
	at org.apache.hadoop.ozone.protocolPB.OzoneManagerProtocolServerSideTranslatorPB.processRequest(OzoneManagerProtocolServerSideTranslatorPB.java:175) ~[ozone-manager-1.3.0-SNAPSHOT.jar:?]
	at org.apache.hadoop.hdds.server.OzoneProtocolMessageDispatcher.processRequest(OzoneProtocolMessageDispatcher.java:87) [hdds-server-framework-1.3.0-SNAPSHOT.jar:?]
	at org.apache.hadoop.ozone.protocolPB.OzoneManagerProtocolServerSideTranslatorPB.submitRequest(OzoneManagerProtocolServerSideTranslatorPB.java:147) [ozone-manager-1.3.0-SNAPSHOT.jar:?]
	at org.apache.hadoop.ozone.protocol.proto.OzoneManagerProtocolProtos$OzoneManagerService$2.callBlockingMethod(OzoneManagerProtocolProtos.java) [ozone-interface-client-1.3.0-SNAPSHOT.jar:?]
	at org.apache.hadoop.ipc.ProtobufRpcEngine$Server.processCall(ProtobufRpcEngine.java:466) [hadoop-common-3.3.1.jar:?]
	at org.apache.hadoop.ipc.ProtobufRpcEngine2$Server$ProtoBufRpcInvoker.call(ProtobufRpcEngine2.java:574) [hadoop-common-3.3.1.jar:?]
	at org.apache.hadoop.ipc.ProtobufRpcEngine2$Server$ProtoBufRpcInvoker.call(ProtobufRpcEngine2.java:552) [hadoop-common-3.3.1.jar:?]
	at org.apache.hadoop.ipc.RPC$Server.call(RPC.java:1093) [hadoop-common-3.3.1.jar:?]
	at org.apache.hadoop.ipc.Server$RpcCall.run(Server.java:1035) [hadoop-common-3.3.1.jar:?]
	at org.apache.hadoop.ipc.Server$RpcCall.run(Server.java:963) [hadoop-common-3.3.1.jar:?]
	at java.security.AccessController.doPrivileged(Native Method) ~[?:1.8.0_332]
	at javax.security.auth.Subject.doAs(Subject.java:422) [?:1.8.0_332]
	at org.apache.hadoop.security.UserGroupInformation.doAs(UserGroupInformation.java:1878) [hadoop-common-3.3.1.jar:?]
	at org.apache.hadoop.ipc.Server$Handler.run(Server.java:2966) [hadoop-common-3.3.1.jar:?]
13:55:05.648 [IPC Server handler 10 on default port 42759] ERROR OMAudit - user=runner | ip=127.0.0.1 | op=GET_FILE_STATUS {volume=volume68340, bucket=bucket67715, key=gdir1/dir7, dataSize=0, replicationConfig=null} | ret=FAILURE
org.apache.hadoop.ozone.om.exceptions.OMException: Unable to get file status: volume: volume68340 bucket: bucket67715 key: gdir1/dir7
	at org.apache.hadoop.ozone.om.KeyManagerImpl.getOzoneFileStatus(KeyManagerImpl.java:1311) ~[ozone-manager-1.3.0-SNAPSHOT.jar:?]
	at org.apache.hadoop.ozone.om.KeyManagerImpl.getFileStatus(KeyManagerImpl.java:1241) ~[ozone-manager-1.3.0-SNAPSHOT.jar:?]
	at org.apache.hadoop.ozone.om.OzoneManager.getFileStatus(OzoneManager.java:3419) ~[ozone-manager-1.3.0-SNAPSHOT.jar:?]
	at org.apache.hadoop.ozone.protocolPB.OzoneManagerRequestHandler.getOzoneFileStatus(OzoneManagerRequestHandler.java:871) ~[ozone-manager-1.3.0-SNAPSHOT.jar:?]
	at org.apache.hadoop.ozone.protocolPB.OzoneManagerRequestHandler.handleReadRequest(OzoneManagerRequestHandler.java:217) ~[ozone-manager-1.3.0-SNAPSHOT.jar:?]
	at org.apache.hadoop.ozone.protocolPB.OzoneManagerProtocolServerSideTranslatorPB.submitReadRequestToOM(OzoneManagerProtocolServerSideTranslatorPB.java:225) ~[ozone-manager-1.3.0-SNAPSHOT.jar:?]
	at org.apache.hadoop.ozone.protocolPB.OzoneManagerProtocolServerSideTranslatorPB.processRequest(OzoneManagerProtocolServerSideTranslatorPB.java:175) ~[ozone-manager-1.3.0-SNAPSHOT.jar:?]
	at org.apache.hadoop.hdds.server.OzoneProtocolMessageDispatcher.processRequest(OzoneProtocolMessageDispatcher.java:87) [hdds-server-framework-1.3.0-SNAPSHOT.jar:?]
	at org.apache.hadoop.ozone.protocolPB.OzoneManagerProtocolServerSideTranslatorPB.submitRequest(OzoneManagerProtocolServerSideTranslatorPB.java:147) [ozone-manager-1.3.0-SNAPSHOT.jar:?]
	at org.apache.hadoop.ozone.protocol.proto.OzoneManagerProtocolProtos$OzoneManagerService$2.callBlockingMethod(OzoneManagerProtocolProtos.java) [ozone-interface-client-1.3.0-SNAPSHOT.jar:?]
	at org.apache.hadoop.ipc.ProtobufRpcEngine$Server.processCall(ProtobufRpcEngine.java:466) [hadoop-common-3.3.1.jar:?]
	at org.apache.hadoop.ipc.ProtobufRpcEngine2$Server$ProtoBufRpcInvoker.call(ProtobufRpcEngine2.java:574) [hadoop-common-3.3.1.jar:?]
	at org.apache.hadoop.ipc.ProtobufRpcEngine2$Server$ProtoBufRpcInvoker.call(ProtobufRpcEngine2.java:552) [hadoop-common-3.3.1.jar:?]
	at org.apache.hadoop.ipc.RPC$Server.call(RPC.java:1093) [hadoop-common-3.3.1.jar:?]
	at org.apache.hadoop.ipc.Server$RpcCall.run(Server.java:1035) [hadoop-common-3.3.1.jar:?]
	at org.apache.hadoop.ipc.Server$RpcCall.run(Server.java:963) [hadoop-common-3.3.1.jar:?]
	at java.security.AccessController.doPrivileged(Native Method) ~[?:1.8.0_332]
	at javax.security.auth.Subject.doAs(Subject.java:422) [?:1.8.0_332]
	at org.apache.hadoop.security.UserGroupInformation.doAs(UserGroupInformation.java:1878) [hadoop-common-3.3.1.jar:?]
	at org.apache.hadoop.ipc.Server$Handler.run(Server.java:2966) [hadoop-common-3.3.1.jar:?]
13:55:05.649 [IPC Server handler 0 on default port 42759] ERROR OMAudit - user=runner | ip=127.0.0.1 | op=GET_FILE_STATUS {volume=volume68340, bucket=bucket67715, key=gdir1/dir7/child, dataSize=0, replicationConfig=null} | ret=FAILURE
org.apache.hadoop.ozone.om.exceptions.OMException: Unable to get file status: volume: volume68340 bucket: bucket67715 key: gdir1/dir7/child
	at org.apache.hadoop.ozone.om.KeyManagerImpl.getOzoneFileStatus(KeyManagerImpl.java:1311) ~[ozone-manager-1.3.0-SNAPSHOT.jar:?]
	at org.apache.hadoop.ozone.om.KeyManagerImpl.getFileStatus(KeyManagerImpl.java:1241) ~[ozone-manager-1.3.0-SNAPSHOT.jar:?]
	at org.apache.hadoop.ozone.om.OzoneManager.getFileStatus(OzoneManager.java:3419) ~[ozone-manager-1.3.0-SNAPSHOT.jar:?]
	at org.apache.hadoop.ozone.protocolPB.OzoneManagerRequestHandler.getOzoneFileStatus(OzoneManagerRequestHandler.java:871) ~[ozone-manager-1.3.0-SNAPSHOT.jar:?]
	at org.apache.hadoop.ozone.protocolPB.OzoneManagerRequestHandler.handleReadRequest(OzoneManagerRequestHandler.java:217) ~[ozone-manager-1.3.0-SNAPSHOT.jar:?]
	at org.apache.hadoop.ozone.protocolPB.OzoneManagerProtocolServerSideTranslatorPB.submitReadRequestToOM(OzoneManagerProtocolServerSideTranslatorPB.java:225) ~[ozone-manager-1.3.0-SNAPSHOT.jar:?]
	at org.apache.hadoop.ozone.protocolPB.OzoneManagerProtocolServerSideTranslatorPB.processRequest(OzoneManagerProtocolServerSideTranslatorPB.java:175) ~[ozone-manager-1.3.0-SNAPSHOT.jar:?]
	at org.apache.hadoop.hdds.server.OzoneProtocolMessageDispatcher.processRequest(OzoneProtocolMessageDispatcher.java:87) [hdds-server-framework-1.3.0-SNAPSHOT.jar:?]
	at org.apache.hadoop.ozone.protocolPB.OzoneManagerProtocolServerSideTranslatorPB.submitRequest(OzoneManagerProtocolServerSideTranslatorPB.java:147) [ozone-manager-1.3.0-SNAPSHOT.jar:?]
	at org.apache.hadoop.ozone.protocol.proto.OzoneManagerProtocolProtos$OzoneManagerService$2.callBlockingMethod(OzoneManagerProtocolProtos.java) [ozone-interface-client-1.3.0-SNAPSHOT.jar:?]
	at org.apache.hadoop.ipc.ProtobufRpcEngine$Server.processCall(ProtobufRpcEngine.java:466) [hadoop-common-3.3.1.jar:?]
	at org.apache.hadoop.ipc.ProtobufRpcEngine2$Server$ProtoBufRpcInvoker.call(ProtobufRpcEngine2.java:574) [hadoop-common-3.3.1.jar:?]
	at org.apache.hadoop.ipc.ProtobufRpcEngine2$Server$ProtoBufRpcInvoker.call(ProtobufRpcEngine2.java:552) [hadoop-common-3.3.1.jar:?]
	at org.apache.hadoop.ipc.RPC$Server.call(RPC.java:1093) [hadoop-common-3.3.1.jar:?]
	at org.apache.hadoop.ipc.Server$RpcCall.run(Server.java:1035) [hadoop-common-3.3.1.jar:?]
	at org.apache.hadoop.ipc.Server$RpcCall.run(Server.java:963) [hadoop-common-3.3.1.jar:?]
	at java.security.AccessController.doPrivileged(Native Method) ~[?:1.8.0_332]
	at javax.security.auth.Subject.doAs(Subject.java:422) [?:1.8.0_332]
	at org.apache.hadoop.security.UserGroupInformation.doAs(UserGroupInformation.java:1878) [hadoop-common-3.3.1.jar:?]
	at org.apache.hadoop.ipc.Server$Handler.run(Server.java:2966) [hadoop-common-3.3.1.jar:?]
13:55:05.649 [IPC Server handler 17 on default port 42759] ERROR OMAudit - user=runner | ip=127.0.0.1 | op=GET_FILE_STATUS {volume=volume68340, bucket=bucket67715, key=gdir1/dir8, dataSize=0, replicationConfig=null} | ret=FAILURE
org.apache.hadoop.ozone.om.exceptions.OMException: Unable to get file status: volume: volume68340 bucket: bucket67715 key: gdir1/dir8
	at org.apache.hadoop.ozone.om.KeyManagerImpl.getOzoneFileStatus(KeyManagerImpl.java:1311) ~[ozone-manager-1.3.0-SNAPSHOT.jar:?]
	at org.apache.hadoop.ozone.om.KeyManagerImpl.getFileStatus(KeyManagerImpl.java:1241) ~[ozone-manager-1.3.0-SNAPSHOT.jar:?]
	at org.apache.hadoop.ozone.om.OzoneManager.getFileStatus(OzoneManager.java:3419) ~[ozone-manager-1.3.0-SNAPSHOT.jar:?]
	at org.apache.hadoop.ozone.protocolPB.OzoneManagerRequestHandler.getOzoneFileStatus(OzoneManagerRequestHandler.java:871) ~[ozone-manager-1.3.0-SNAPSHOT.jar:?]
	at org.apache.hadoop.ozone.protocolPB.OzoneManagerRequestHandler.handleReadRequest(OzoneManagerRequestHandler.java:217) ~[ozone-manager-1.3.0-SNAPSHOT.jar:?]
	at org.apache.hadoop.ozone.protocolPB.OzoneManagerProtocolServerSideTranslatorPB.submitReadRequestToOM(OzoneManagerProtocolServerSideTranslatorPB.java:225) ~[ozone-manager-1.3.0-SNAPSHOT.jar:?]
	at org.apache.hadoop.ozone.protocolPB.OzoneManagerProtocolServerSideTranslatorPB.processRequest(OzoneManagerProtocolServerSideTranslatorPB.java:175) ~[ozone-manager-1.3.0-SNAPSHOT.jar:?]
	at org.apache.hadoop.hdds.server.OzoneProtocolMessageDispatcher.processRequest(OzoneProtocolMessageDispatcher.java:87) [hdds-server-framework-1.3.0-SNAPSHOT.jar:?]
	at org.apache.hadoop.ozone.protocolPB.OzoneManagerProtocolServerSideTranslatorPB.submitRequest(OzoneManagerProtocolServerSideTranslatorPB.java:147) [ozone-manager-1.3.0-SNAPSHOT.jar:?]
	at org.apache.hadoop.ozone.protocol.proto.OzoneManagerProtocolProtos$OzoneManagerService$2.callBlockingMethod(OzoneManagerProtocolProtos.java) [ozone-interface-client-1.3.0-SNAPSHOT.jar:?]
	at org.apache.hadoop.ipc.ProtobufRpcEngine$Server.processCall(ProtobufRpcEngine.java:466) [hadoop-common-3.3.1.jar:?]
	at org.apache.hadoop.ipc.ProtobufRpcEngine2$Server$ProtoBufRpcInvoker.call(ProtobufRpcEngine2.java:574) [hadoop-common-3.3.1.jar:?]
	at org.apache.hadoop.ipc.ProtobufRpcEngine2$Server$ProtoBufRpcInvoker.call(ProtobufRpcEngine2.java:552) [hadoop-common-3.3.1.jar:?]
	at org.apache.hadoop.ipc.RPC$Server.call(RPC.java:1093) [hadoop-common-3.3.1.jar:?]
	at org.apache.hadoop.ipc.Server$RpcCall.run(Server.java:1035) [hadoop-common-3.3.1.jar:?]
	at org.apache.hadoop.ipc.Server$RpcCall.run(Server.java:963) [hadoop-common-3.3.1.jar:?]
	at java.security.AccessController.doPrivileged(Native Method) ~[?:1.8.0_332]
	at javax.security.auth.Subject.doAs(Subject.java:422) [?:1.8.0_332]
	at org.apache.hadoop.security.UserGroupInformation.doAs(UserGroupInformation.java:1878) [hadoop-common-3.3.1.jar:?]
	at org.apache.hadoop.ipc.Server$Handler.run(Server.java:2966) [hadoop-common-3.3.1.jar:?]
13:55:05.650 [IPC Server handler 1 on default port 42759] ERROR OMAudit - user=runner | ip=127.0.0.1 | op=GET_FILE_STATUS {volume=volume68340, bucket=bucket67715, key=gdir1/dir8/child, dataSize=0, replicationConfig=null} | ret=FAILURE
org.apache.hadoop.ozone.om.exceptions.OMException: Unable to get file status: volume: volume68340 bucket: bucket67715 key: gdir1/dir8/child
	at org.apache.hadoop.ozone.om.KeyManagerImpl.getOzoneFileStatus(KeyManagerImpl.java:1311) ~[ozone-manager-1.3.0-SNAPSHOT.jar:?]
	at org.apache.hadoop.ozone.om.KeyManagerImpl.getFileStatus(KeyManagerImpl.java:1241) ~[ozone-manager-1.3.0-SNAPSHOT.jar:?]
	at org.apache.hadoop.ozone.om.OzoneManager.getFileStatus(OzoneManager.java:3419) ~[ozone-manager-1.3.0-SNAPSHOT.jar:?]
	at org.apache.hadoop.ozone.protocolPB.OzoneManagerRequestHandler.getOzoneFileStatus(OzoneManagerRequestHandler.java:871) ~[ozone-manager-1.3.0-SNAPSHOT.jar:?]
	at org.apache.hadoop.ozone.protocolPB.OzoneManagerRequestHandler.handleReadRequest(OzoneManagerRequestHandler.java:217) ~[ozone-manager-1.3.0-SNAPSHOT.jar:?]
	at org.apache.hadoop.ozone.protocolPB.OzoneManagerProtocolServerSideTranslatorPB.submitReadRequestToOM(OzoneManagerProtocolServerSideTranslatorPB.java:225) ~[ozone-manager-1.3.0-SNAPSHOT.jar:?]
	at org.apache.hadoop.ozone.protocolPB.OzoneManagerProtocolServerSideTranslatorPB.processRequest(OzoneManagerProtocolServerSideTranslatorPB.java:175) ~[ozone-manager-1.3.0-SNAPSHOT.jar:?]
	at org.apache.hadoop.hdds.server.OzoneProtocolMessageDispatcher.processRequest(OzoneProtocolMessageDispatcher.java:87) [hdds-server-framework-1.3.0-SNAPSHOT.jar:?]
	at org.apache.hadoop.ozone.protocolPB.OzoneManagerProtocolServerSideTranslatorPB.submitRequest(OzoneManagerProtocolServerSideTranslatorPB.java:147) [ozone-manager-1.3.0-SNAPSHOT.jar:?]
	at org.apache.hadoop.ozone.protocol.proto.OzoneManagerProtocolProtos$OzoneManagerService$2.callBlockingMethod(OzoneManagerProtocolProtos.java) [ozone-interface-client-1.3.0-SNAPSHOT.jar:?]
	at org.apache.hadoop.ipc.ProtobufRpcEngine$Server.processCall(ProtobufRpcEngine.java:466) [hadoop-common-3.3.1.jar:?]
	at org.apache.hadoop.ipc.ProtobufRpcEngine2$Server$ProtoBufRpcInvoker.call(ProtobufRpcEngine2.java:574) [hadoop-common-3.3.1.jar:?]
	at org.apache.hadoop.ipc.ProtobufRpcEngine2$Server$ProtoBufRpcInvoker.call(ProtobufRpcEngine2.java:552) [hadoop-common-3.3.1.jar:?]
	at org.apache.hadoop.ipc.RPC$Server.call(RPC.java:1093) [hadoop-common-3.3.1.jar:?]
	at org.apache.hadoop.ipc.Server$RpcCall.run(Server.java:1035) [hadoop-common-3.3.1.jar:?]
	at org.apache.hadoop.ipc.Server$RpcCall.run(Server.java:963) [hadoop-common-3.3.1.jar:?]
	at java.security.AccessController.doPrivileged(Native Method) ~[?:1.8.0_332]
	at javax.security.auth.Subject.doAs(Subject.java:422) [?:1.8.0_332]
	at org.apache.hadoop.security.UserGroupInformation.doAs(UserGroupInformation.java:1878) [hadoop-common-3.3.1.jar:?]
	at org.apache.hadoop.ipc.Server$Handler.run(Server.java:2966) [hadoop-common-3.3.1.jar:?]
13:55:05.652 [IPC Server handler 16 on default port 42759] ERROR OMAudit - user=runner | ip=127.0.0.1 | op=GET_FILE_STATUS {volume=volume68340, bucket=bucket67715, key=gdir1/dir9, dataSize=0, replicationConfig=null} | ret=FAILURE
org.apache.hadoop.ozone.om.exceptions.OMException: Unable to get file status: volume: volume68340 bucket: bucket67715 key: gdir1/dir9
	at org.apache.hadoop.ozone.om.KeyManagerImpl.getOzoneFileStatus(KeyManagerImpl.java:1311) ~[ozone-manager-1.3.0-SNAPSHOT.jar:?]
	at org.apache.hadoop.ozone.om.KeyManagerImpl.getFileStatus(KeyManagerImpl.java:1241) ~[ozone-manager-1.3.0-SNAPSHOT.jar:?]
	at org.apache.hadoop.ozone.om.OzoneManager.getFileStatus(OzoneManager.java:3419) ~[ozone-manager-1.3.0-SNAPSHOT.jar:?]
	at org.apache.hadoop.ozone.protocolPB.OzoneManagerRequestHandler.getOzoneFileStatus(OzoneManagerRequestHandler.java:871) ~[ozone-manager-1.3.0-SNAPSHOT.jar:?]
	at org.apache.hadoop.ozone.protocolPB.OzoneManagerRequestHandler.handleReadRequest(OzoneManagerRequestHandler.java:217) ~[ozone-manager-1.3.0-SNAPSHOT.jar:?]
	at org.apache.hadoop.ozone.protocolPB.OzoneManagerProtocolServerSideTranslatorPB.submitReadRequestToOM(OzoneManagerProtocolServerSideTranslatorPB.java:225) ~[ozone-manager-1.3.0-SNAPSHOT.jar:?]
	at org.apache.hadoop.ozone.protocolPB.OzoneManagerProtocolServerSideTranslatorPB.processRequest(OzoneManagerProtocolServerSideTranslatorPB.java:175) ~[ozone-manager-1.3.0-SNAPSHOT.jar:?]
	at org.apache.hadoop.hdds.server.OzoneProtocolMessageDispatcher.processRequest(OzoneProtocolMessageDispatcher.java:87) [hdds-server-framework-1.3.0-SNAPSHOT.jar:?]
	at org.apache.hadoop.ozone.protocolPB.OzoneManagerProtocolServerSideTranslatorPB.submitRequest(OzoneManagerProtocolServerSideTranslatorPB.java:147) [ozone-manager-1.3.0-SNAPSHOT.jar:?]
	at org.apache.hadoop.ozone.protocol.proto.OzoneManagerProtocolProtos$OzoneManagerService$2.callBlockingMethod(OzoneManagerProtocolProtos.java) [ozone-interface-client-1.3.0-SNAPSHOT.jar:?]
	at org.apache.hadoop.ipc.ProtobufRpcEngine$Server.processCall(ProtobufRpcEngine.java:466) [hadoop-common-3.3.1.jar:?]
	at org.apache.hadoop.ipc.ProtobufRpcEngine2$Server$ProtoBufRpcInvoker.call(ProtobufRpcEngine2.java:574) [hadoop-common-3.3.1.jar:?]
	at org.apache.hadoop.ipc.ProtobufRpcEngine2$Server$ProtoBufRpcInvoker.call(ProtobufRpcEngine2.java:552) [hadoop-common-3.3.1.jar:?]
	at org.apache.hadoop.ipc.RPC$Server.call(RPC.java:1093) [hadoop-common-3.3.1.jar:?]
	at org.apache.hadoop.ipc.Server$RpcCall.run(Server.java:1035) [hadoop-common-3.3.1.jar:?]
	at org.apache.hadoop.ipc.Server$RpcCall.run(Server.java:963) [hadoop-common-3.3.1.jar:?]
	at java.security.AccessController.doPrivileged(Native Method) ~[?:1.8.0_332]
	at javax.security.auth.Subject.doAs(Subject.java:422) [?:1.8.0_332]
	at org.apache.hadoop.security.UserGroupInformation.doAs(UserGroupInformation.java:1878) [hadoop-common-3.3.1.jar:?]
	at org.apache.hadoop.ipc.Server$Handler.run(Server.java:2966) [hadoop-common-3.3.1.jar:?]
13:55:05.652 [IPC Server handler 8 on default port 42759] ERROR OMAudit - user=runner | ip=127.0.0.1 | op=GET_FILE_STATUS {volume=volume68340, bucket=bucket67715, key=gdir1/dir9/child, dataSize=0, replicationConfig=null} | ret=FAILURE
org.apache.hadoop.ozone.om.exceptions.OMException: Unable to get file status: volume: volume68340 bucket: bucket67715 key: gdir1/dir9/child
	at org.apache.hadoop.ozone.om.KeyManagerImpl.getOzoneFileStatus(KeyManagerImpl.java:1311) ~[ozone-manager-1.3.0-SNAPSHOT.jar:?]
	at org.apache.hadoop.ozone.om.KeyManagerImpl.getFileStatus(KeyManagerImpl.java:1241) ~[ozone-manager-1.3.0-SNAPSHOT.jar:?]
	at org.apache.hadoop.ozone.om.OzoneManager.getFileStatus(OzoneManager.java:3419) ~[ozone-manager-1.3.0-SNAPSHOT.jar:?]
	at org.apache.hadoop.ozone.protocolPB.OzoneManagerRequestHandler.getOzoneFileStatus(OzoneManagerRequestHandler.java:871) ~[ozone-manager-1.3.0-SNAPSHOT.jar:?]
	at org.apache.hadoop.ozone.protocolPB.OzoneManagerRequestHandler.handleReadRequest(OzoneManagerRequestHandler.java:217) ~[ozone-manager-1.3.0-SNAPSHOT.jar:?]
	at org.apache.hadoop.ozone.protocolPB.OzoneManagerProtocolServerSideTranslatorPB.submitReadRequestToOM(OzoneManagerProtocolServerSideTranslatorPB.java:225) ~[ozone-manager-1.3.0-SNAPSHOT.jar:?]
	at org.apache.hadoop.ozone.protocolPB.OzoneManagerProtocolServerSideTranslatorPB.processRequest(OzoneManagerProtocolServerSideTranslatorPB.java:175) ~[ozone-manager-1.3.0-SNAPSHOT.jar:?]
	at org.apache.hadoop.hdds.server.OzoneProtocolMessageDispatcher.processRequest(OzoneProtocolMessageDispatcher.java:87) [hdds-server-framework-1.3.0-SNAPSHOT.jar:?]
	at org.apache.hadoop.ozone.protocolPB.OzoneManagerProtocolServerSideTranslatorPB.submitRequest(OzoneManagerProtocolServerSideTranslatorPB.java:147) [ozone-manager-1.3.0-SNAPSHOT.jar:?]
	at org.apache.hadoop.ozone.protocol.proto.OzoneManagerProtocolProtos$OzoneManagerService$2.callBlockingMethod(OzoneManagerProtocolProtos.java) [ozone-interface-client-1.3.0-SNAPSHOT.jar:?]
	at org.apache.hadoop.ipc.ProtobufRpcEngine$Server.processCall(ProtobufRpcEngine.java:466) [hadoop-common-3.3.1.jar:?]
	at org.apache.hadoop.ipc.ProtobufRpcEngine2$Server$ProtoBufRpcInvoker.call(ProtobufRpcEngine2.java:574) [hadoop-common-3.3.1.jar:?]
	at org.apache.hadoop.ipc.ProtobufRpcEngine2$Server$ProtoBufRpcInvoker.call(ProtobufRpcEngine2.java:552) [hadoop-common-3.3.1.jar:?]
	at org.apache.hadoop.ipc.RPC$Server.call(RPC.java:1093) [hadoop-common-3.3.1.jar:?]
	at org.apache.hadoop.ipc.Server$RpcCall.run(Server.java:1035) [hadoop-common-3.3.1.jar:?]
	at org.apache.hadoop.ipc.Server$RpcCall.run(Server.java:963) [hadoop-common-3.3.1.jar:?]
	at java.security.AccessController.doPrivileged(Native Method) ~[?:1.8.0_332]
	at javax.security.auth.Subject.doAs(Subject.java:422) [?:1.8.0_332]
	at org.apache.hadoop.security.UserGroupInformation.doAs(UserGroupInformation.java:1878) [hadoop-common-3.3.1.jar:?]
	at org.apache.hadoop.ipc.Server$Handler.run(Server.java:2966) [hadoop-common-3.3.1.jar:?]
13:55:05.653 [IPC Server handler 9 on default port 42759] ERROR OMAudit - user=runner | ip=127.0.0.1 | op=GET_FILE_STATUS {volume=volume68340, bucket=bucket67715, key=gdir1/dir10, dataSize=0, replicationConfig=null} | ret=FAILURE
org.apache.hadoop.ozone.om.exceptions.OMException: Unable to get file status: volume: volume68340 bucket: bucket67715 key: gdir1/dir10
	at org.apache.hadoop.ozone.om.KeyManagerImpl.getOzoneFileStatus(KeyManagerImpl.java:1311) ~[ozone-manager-1.3.0-SNAPSHOT.jar:?]
	at org.apache.hadoop.ozone.om.KeyManagerImpl.getFileStatus(KeyManagerImpl.java:1241) ~[ozone-manager-1.3.0-SNAPSHOT.jar:?]
	at org.apache.hadoop.ozone.om.OzoneManager.getFileStatus(OzoneManager.java:3419) ~[ozone-manager-1.3.0-SNAPSHOT.jar:?]
	at org.apache.hadoop.ozone.protocolPB.OzoneManagerRequestHandler.getOzoneFileStatus(OzoneManagerRequestHandler.java:871) ~[ozone-manager-1.3.0-SNAPSHOT.jar:?]
	at org.apache.hadoop.ozone.protocolPB.OzoneManagerRequestHandler.handleReadRequest(OzoneManagerRequestHandler.java:217) ~[ozone-manager-1.3.0-SNAPSHOT.jar:?]
	at org.apache.hadoop.ozone.protocolPB.OzoneManagerProtocolServerSideTranslatorPB.submitReadRequestToOM(OzoneManagerProtocolServerSideTranslatorPB.java:225) ~[ozone-manager-1.3.0-SNAPSHOT.jar:?]
	at org.apache.hadoop.ozone.protocolPB.OzoneManagerProtocolServerSideTranslatorPB.processRequest(OzoneManagerProtocolServerSideTranslatorPB.java:175) ~[ozone-manager-1.3.0-SNAPSHOT.jar:?]
	at org.apache.hadoop.hdds.server.OzoneProtocolMessageDispatcher.processRequest(OzoneProtocolMessageDispatcher.java:87) [hdds-server-framework-1.3.0-SNAPSHOT.jar:?]
	at org.apache.hadoop.ozone.protocolPB.OzoneManagerProtocolServerSideTranslatorPB.submitRequest(OzoneManagerProtocolServerSideTranslatorPB.java:147) [ozone-manager-1.3.0-SNAPSHOT.jar:?]
	at org.apache.hadoop.ozone.protocol.proto.OzoneManagerProtocolProtos$OzoneManagerService$2.callBlockingMethod(OzoneManagerProtocolProtos.java) [ozone-interface-client-1.3.0-SNAPSHOT.jar:?]
	at org.apache.hadoop.ipc.ProtobufRpcEngine$Server.processCall(ProtobufRpcEngine.java:466) [hadoop-common-3.3.1.jar:?]
	at org.apache.hadoop.ipc.ProtobufRpcEngine2$Server$ProtoBufRpcInvoker.call(ProtobufRpcEngine2.java:574) [hadoop-common-3.3.1.jar:?]
	at org.apache.hadoop.ipc.ProtobufRpcEngine2$Server$ProtoBufRpcInvoker.call(ProtobufRpcEngine2.java:552) [hadoop-common-3.3.1.jar:?]
	at org.apache.hadoop.ipc.RPC$Server.call(RPC.java:1093) [hadoop-common-3.3.1.jar:?]
	at org.apache.hadoop.ipc.Server$RpcCall.run(Server.java:1035) [hadoop-common-3.3.1.jar:?]
	at org.apache.hadoop.ipc.Server$RpcCall.run(Server.java:963) [hadoop-common-3.3.1.jar:?]
	at java.security.AccessController.doPrivileged(Native Method) ~[?:1.8.0_332]
	at javax.security.auth.Subject.doAs(Subject.java:422) [?:1.8.0_332]
	at org.apache.hadoop.security.UserGroupInformation.doAs(UserGroupInformation.java:1878) [hadoop-common-3.3.1.jar:?]
	at org.apache.hadoop.ipc.Server$Handler.run(Server.java:2966) [hadoop-common-3.3.1.jar:?]
13:55:05.654 [IPC Server handler 15 on default port 42759] ERROR OMAudit - user=runner | ip=127.0.0.1 | op=GET_FILE_STATUS {volume=volume68340, bucket=bucket67715, key=gdir1/dir10/child, dataSize=0, replicationConfig=null} | ret=FAILURE
org.apache.hadoop.ozone.om.exceptions.OMException: Unable to get file status: volume: volume68340 bucket: bucket67715 key: gdir1/dir10/child
	at org.apache.hadoop.ozone.om.KeyManagerImpl.getOzoneFileStatus(KeyManagerImpl.java:1311) ~[ozone-manager-1.3.0-SNAPSHOT.jar:?]
	at org.apache.hadoop.ozone.om.KeyManagerImpl.getFileStatus(KeyManagerImpl.java:1241) ~[ozone-manager-1.3.0-SNAPSHOT.jar:?]
	at org.apache.hadoop.ozone.om.OzoneManager.getFileStatus(OzoneManager.java:3419) ~[ozone-manager-1.3.0-SNAPSHOT.jar:?]
	at org.apache.hadoop.ozone.protocolPB.OzoneManagerRequestHandler.getOzoneFileStatus(OzoneManagerRequestHandler.java:871) ~[ozone-manager-1.3.0-SNAPSHOT.jar:?]
	at org.apache.hadoop.ozone.protocolPB.OzoneManagerRequestHandler.handleReadRequest(OzoneManagerRequestHandler.java:217) ~[ozone-manager-1.3.0-SNAPSHOT.jar:?]
	at org.apache.hadoop.ozone.protocolPB.OzoneManagerProtocolServerSideTranslatorPB.submitReadRequestToOM(OzoneManagerProtocolServerSideTranslatorPB.java:225) ~[ozone-manager-1.3.0-SNAPSHOT.jar:?]
	at org.apache.hadoop.ozone.protocolPB.OzoneManagerProtocolServerSideTranslatorPB.processRequest(OzoneManagerProtocolServerSideTranslatorPB.java:175) ~[ozone-manager-1.3.0-SNAPSHOT.jar:?]
	at org.apache.hadoop.hdds.server.OzoneProtocolMessageDispatcher.processRequest(OzoneProtocolMessageDispatcher.java:87) [hdds-server-framework-1.3.0-SNAPSHOT.jar:?]
	at org.apache.hadoop.ozone.protocolPB.OzoneManagerProtocolServerSideTranslatorPB.submitRequest(OzoneManagerProtocolServerSideTranslatorPB.java:147) [ozone-manager-1.3.0-SNAPSHOT.jar:?]
	at org.apache.hadoop.ozone.protocol.proto.OzoneManagerProtocolProtos$OzoneManagerService$2.callBlockingMethod(OzoneManagerProtocolProtos.java) [ozone-interface-client-1.3.0-SNAPSHOT.jar:?]
	at org.apache.hadoop.ipc.ProtobufRpcEngine$Server.processCall(ProtobufRpcEngine.java:466) [hadoop-common-3.3.1.jar:?]
	at org.apache.hadoop.ipc.ProtobufRpcEngine2$Server$ProtoBufRpcInvoker.call(ProtobufRpcEngine2.java:574) [hadoop-common-3.3.1.jar:?]
	at org.apache.hadoop.ipc.ProtobufRpcEngine2$Server$ProtoBufRpcInvoker.call(ProtobufRpcEngine2.java:552) [hadoop-common-3.3.1.jar:?]
	at org.apache.hadoop.ipc.RPC$Server.call(RPC.java:1093) [hadoop-common-3.3.1.jar:?]
	at org.apache.hadoop.ipc.Server$RpcCall.run(Server.java:1035) [hadoop-common-3.3.1.jar:?]
	at org.apache.hadoop.ipc.Server$RpcCall.run(Server.java:963) [hadoop-common-3.3.1.jar:?]
	at java.security.AccessController.doPrivileged(Native Method) ~[?:1.8.0_332]
	at javax.security.auth.Subject.doAs(Subject.java:422) [?:1.8.0_332]
	at org.apache.hadoop.security.UserGroupInformation.doAs(UserGroupInformation.java:1878) [hadoop-common-3.3.1.jar:?]
	at org.apache.hadoop.ipc.Server$Handler.run(Server.java:2966) [hadoop-common-3.3.1.jar:?]
13:55:05.707 [IPC Server handler 0 on default port 42759] ERROR OMAudit - user=runner | ip=127.0.0.1 | op=GET_FILE_STATUS {volume=volume68340, bucket=bucket67715, key=level0, dataSize=0, replicationConfig=null} | ret=FAILURE
org.apache.hadoop.ozone.om.exceptions.OMException: Unable to get file status: volume: volume68340 bucket: bucket67715 key: level0
	at org.apache.hadoop.ozone.om.KeyManagerImpl.getOzoneFileStatus(KeyManagerImpl.java:1311) ~[ozone-manager-1.3.0-SNAPSHOT.jar:?]
	at org.apache.hadoop.ozone.om.KeyManagerImpl.getFileStatus(KeyManagerImpl.java:1241) ~[ozone-manager-1.3.0-SNAPSHOT.jar:?]
	at org.apache.hadoop.ozone.om.OzoneManager.getFileStatus(OzoneManager.java:3419) ~[ozone-manager-1.3.0-SNAPSHOT.jar:?]
	at org.apache.hadoop.ozone.protocolPB.OzoneManagerRequestHandler.getOzoneFileStatus(OzoneManagerRequestHandler.java:871) ~[ozone-manager-1.3.0-SNAPSHOT.jar:?]
	at org.apache.hadoop.ozone.protocolPB.OzoneManagerRequestHandler.handleReadRequest(OzoneManagerRequestHandler.java:217) ~[ozone-manager-1.3.0-SNAPSHOT.jar:?]
	at org.apache.hadoop.ozone.protocolPB.OzoneManagerProtocolServerSideTranslatorPB.submitReadRequestToOM(OzoneManagerProtocolServerSideTranslatorPB.java:225) ~[ozone-manager-1.3.0-SNAPSHOT.jar:?]
	at org.apache.hadoop.ozone.protocolPB.OzoneManagerProtocolServerSideTranslatorPB.processRequest(OzoneManagerProtocolServerSideTranslatorPB.java:175) ~[ozone-manager-1.3.0-SNAPSHOT.jar:?]
	at org.apache.hadoop.hdds.server.OzoneProtocolMessageDispatcher.processRequest(OzoneProtocolMessageDispatcher.java:87) [hdds-server-framework-1.3.0-SNAPSHOT.jar:?]
	at org.apache.hadoop.ozone.protocolPB.OzoneManagerProtocolServerSideTranslatorPB.submitRequest(OzoneManagerProtocolServerSideTranslatorPB.java:147) [ozone-manager-1.3.0-SNAPSHOT.jar:?]
	at org.apache.hadoop.ozone.protocol.proto.OzoneManagerProtocolProtos$OzoneManagerService$2.callBlockingMethod(OzoneManagerProtocolProtos.java) [ozone-interface-client-1.3.0-SNAPSHOT.jar:?]
	at org.apache.hadoop.ipc.ProtobufRpcEngine$Server.processCall(ProtobufRpcEngine.java:466) [hadoop-common-3.3.1.jar:?]
	at org.apache.hadoop.ipc.ProtobufRpcEngine2$Server$ProtoBufRpcInvoker.call(ProtobufRpcEngine2.java:574) [hadoop-common-3.3.1.jar:?]
	at org.apache.hadoop.ipc.ProtobufRpcEngine2$Server$ProtoBufRpcInvoker.call(ProtobufRpcEngine2.java:552) [hadoop-common-3.3.1.jar:?]
	at org.apache.hadoop.ipc.RPC$Server.call(RPC.java:1093) [hadoop-common-3.3.1.jar:?]
	at org.apache.hadoop.ipc.Server$RpcCall.run(Server.java:1035) [hadoop-common-3.3.1.jar:?]
	at org.apache.hadoop.ipc.Server$RpcCall.run(Server.java:963) [hadoop-common-3.3.1.jar:?]
	at java.security.AccessController.doPrivileged(Native Method) ~[?:1.8.0_332]
	at javax.security.auth.Subject.doAs(Subject.java:422) [?:1.8.0_332]
	at org.apache.hadoop.security.UserGroupInformation.doAs(UserGroupInformation.java:1878) [hadoop-common-3.3.1.jar:?]
	at org.apache.hadoop.ipc.Server$Handler.run(Server.java:2966) [hadoop-common-3.3.1.jar:?]
13:55:05.708 [IPC Server handler 17 on default port 42759] ERROR OMAudit - user=runner | ip=127.0.0.1 | op=GET_FILE_STATUS {volume=volume68340, bucket=bucket67715, key=level0/level1, dataSize=0, replicationConfig=null} | ret=FAILURE
org.apache.hadoop.ozone.om.exceptions.OMException: Unable to get file status: volume: volume68340 bucket: bucket67715 key: level0/level1
	at org.apache.hadoop.ozone.om.KeyManagerImpl.getOzoneFileStatus(KeyManagerImpl.java:1311) ~[ozone-manager-1.3.0-SNAPSHOT.jar:?]
	at org.apache.hadoop.ozone.om.KeyManagerImpl.getFileStatus(KeyManagerImpl.java:1241) ~[ozone-manager-1.3.0-SNAPSHOT.jar:?]
	at org.apache.hadoop.ozone.om.OzoneManager.getFileStatus(OzoneManager.java:3419) ~[ozone-manager-1.3.0-SNAPSHOT.jar:?]
	at org.apache.hadoop.ozone.protocolPB.OzoneManagerRequestHandler.getOzoneFileStatus(OzoneManagerRequestHandler.java:871) ~[ozone-manager-1.3.0-SNAPSHOT.jar:?]
	at org.apache.hadoop.ozone.protocolPB.OzoneManagerRequestHandler.handleReadRequest(OzoneManagerRequestHandler.java:217) ~[ozone-manager-1.3.0-SNAPSHOT.jar:?]
	at org.apache.hadoop.ozone.protocolPB.OzoneManagerProtocolServerSideTranslatorPB.submitReadRequestToOM(OzoneManagerProtocolServerSideTranslatorPB.java:225) ~[ozone-manager-1.3.0-SNAPSHOT.jar:?]
	at org.apache.hadoop.ozone.protocolPB.OzoneManagerProtocolServerSideTranslatorPB.processRequest(OzoneManagerProtocolServerSideTranslatorPB.java:175) ~[ozone-manager-1.3.0-SNAPSHOT.jar:?]
	at org.apache.hadoop.hdds.server.OzoneProtocolMessageDispatcher.processRequest(OzoneProtocolMessageDispatcher.java:87) [hdds-server-framework-1.3.0-SNAPSHOT.jar:?]
	at org.apache.hadoop.ozone.protocolPB.OzoneManagerProtocolServerSideTranslatorPB.submitRequest(OzoneManagerProtocolServerSideTranslatorPB.java:147) [ozone-manager-1.3.0-SNAPSHOT.jar:?]
	at org.apache.hadoop.ozone.protocol.proto.OzoneManagerProtocolProtos$OzoneManagerService$2.callBlockingMethod(OzoneManagerProtocolProtos.java) [ozone-interface-client-1.3.0-SNAPSHOT.jar:?]
	at org.apache.hadoop.ipc.ProtobufRpcEngine$Server.processCall(ProtobufRpcEngine.java:466) [hadoop-common-3.3.1.jar:?]
	at org.apache.hadoop.ipc.ProtobufRpcEngine2$Server$ProtoBufRpcInvoker.call(ProtobufRpcEngine2.java:574) [hadoop-common-3.3.1.jar:?]
	at org.apache.hadoop.ipc.ProtobufRpcEngine2$Server$ProtoBufRpcInvoker.call(ProtobufRpcEngine2.java:552) [hadoop-common-3.3.1.jar:?]
	at org.apache.hadoop.ipc.RPC$Server.call(RPC.java:1093) [hadoop-common-3.3.1.jar:?]
	at org.apache.hadoop.ipc.Server$RpcCall.run(Server.java:1035) [hadoop-common-3.3.1.jar:?]
	at org.apache.hadoop.ipc.Server$RpcCall.run(Server.java:963) [hadoop-common-3.3.1.jar:?]
	at java.security.AccessController.doPrivileged(Native Method) ~[?:1.8.0_332]
	at javax.security.auth.Subject.doAs(Subject.java:422) [?:1.8.0_332]
	at org.apache.hadoop.security.UserGroupInformation.doAs(UserGroupInformation.java:1878) [hadoop-common-3.3.1.jar:?]
	at org.apache.hadoop.ipc.Server$Handler.run(Server.java:2966) [hadoop-common-3.3.1.jar:?]
13:55:05.708 [IPC Server handler 1 on default port 42759] ERROR OMAudit - user=runner | ip=127.0.0.1 | op=GET_FILE_STATUS {volume=volume68340, bucket=bucket67715, key=level0/level1/level1, dataSize=0, replicationConfig=null} | ret=FAILURE
org.apache.hadoop.ozone.om.exceptions.OMException: Unable to get file status: volume: volume68340 bucket: bucket67715 key: level0/level1/level1
	at org.apache.hadoop.ozone.om.KeyManagerImpl.getOzoneFileStatus(KeyManagerImpl.java:1311) ~[ozone-manager-1.3.0-SNAPSHOT.jar:?]
	at org.apache.hadoop.ozone.om.KeyManagerImpl.getFileStatus(KeyManagerImpl.java:1241) ~[ozone-manager-1.3.0-SNAPSHOT.jar:?]
	at org.apache.hadoop.ozone.om.OzoneManager.getFileStatus(OzoneManager.java:3419) ~[ozone-manager-1.3.0-SNAPSHOT.jar:?]
	at org.apache.hadoop.ozone.protocolPB.OzoneManagerRequestHandler.getOzoneFileStatus(OzoneManagerRequestHandler.java:871) ~[ozone-manager-1.3.0-SNAPSHOT.jar:?]
	at org.apache.hadoop.ozone.protocolPB.OzoneManagerRequestHandler.handleReadRequest(OzoneManagerRequestHandler.java:217) ~[ozone-manager-1.3.0-SNAPSHOT.jar:?]
	at org.apache.hadoop.ozone.protocolPB.OzoneManagerProtocolServerSideTranslatorPB.submitReadRequestToOM(OzoneManagerProtocolServerSideTranslatorPB.java:225) ~[ozone-manager-1.3.0-SNAPSHOT.jar:?]
	at org.apache.hadoop.ozone.protocolPB.OzoneManagerProtocolServerSideTranslatorPB.processRequest(OzoneManagerProtocolServerSideTranslatorPB.java:175) ~[ozone-manager-1.3.0-SNAPSHOT.jar:?]
	at org.apache.hadoop.hdds.server.OzoneProtocolMessageDispatcher.processRequest(OzoneProtocolMessageDispatcher.java:87) [hdds-server-framework-1.3.0-SNAPSHOT.jar:?]
	at org.apache.hadoop.ozone.protocolPB.OzoneManagerProtocolServerSideTranslatorPB.submitRequest(OzoneManagerProtocolServerSideTranslatorPB.java:147) [ozone-manager-1.3.0-SNAPSHOT.jar:?]
	at org.apache.hadoop.ozone.protocol.proto.OzoneManagerProtocolProtos$OzoneManagerService$2.callBlockingMethod(OzoneManagerProtocolProtos.java) [ozone-interface-client-1.3.0-SNAPSHOT.jar:?]
	at org.apache.hadoop.ipc.ProtobufRpcEngine$Server.processCall(ProtobufRpcEngine.java:466) [hadoop-common-3.3.1.jar:?]
	at org.apache.hadoop.ipc.ProtobufRpcEngine2$Server$ProtoBufRpcInvoker.call(ProtobufRpcEngine2.java:574) [hadoop-common-3.3.1.jar:?]
	at org.apache.hadoop.ipc.ProtobufRpcEngine2$Server$ProtoBufRpcInvoker.call(ProtobufRpcEngine2.java:552) [hadoop-common-3.3.1.jar:?]
	at org.apache.hadoop.ipc.RPC$Server.call(RPC.java:1093) [hadoop-common-3.3.1.jar:?]
	at org.apache.hadoop.ipc.Server$RpcCall.run(Server.java:1035) [hadoop-common-3.3.1.jar:?]
	at org.apache.hadoop.ipc.Server$RpcCall.run(Server.java:963) [hadoop-common-3.3.1.jar:?]
	at java.security.AccessController.doPrivileged(Native Method) ~[?:1.8.0_332]
	at javax.security.auth.Subject.doAs(Subject.java:422) [?:1.8.0_332]
	at org.apache.hadoop.security.UserGroupInformation.doAs(UserGroupInformation.java:1878) [hadoop-common-3.3.1.jar:?]
	at org.apache.hadoop.ipc.Server$Handler.run(Server.java:2966) [hadoop-common-3.3.1.jar:?]
13:55:05.709 [IPC Server handler 16 on default port 42759] ERROR OMAudit - user=runner | ip=127.0.0.1 | op=GET_FILE_STATUS {volume=volume68340, bucket=bucket67715, key=level0/level1/file1, dataSize=0, replicationConfig=null} | ret=FAILURE
org.apache.hadoop.ozone.om.exceptions.OMException: Unable to get file status: volume: volume68340 bucket: bucket67715 key: level0/level1/file1
	at org.apache.hadoop.ozone.om.KeyManagerImpl.getOzoneFileStatus(KeyManagerImpl.java:1311) ~[ozone-manager-1.3.0-SNAPSHOT.jar:?]
	at org.apache.hadoop.ozone.om.KeyManagerImpl.getFileStatus(KeyManagerImpl.java:1241) ~[ozone-manager-1.3.0-SNAPSHOT.jar:?]
	at org.apache.hadoop.ozone.om.OzoneManager.getFileStatus(OzoneManager.java:3419) ~[ozone-manager-1.3.0-SNAPSHOT.jar:?]
	at org.apache.hadoop.ozone.protocolPB.OzoneManagerRequestHandler.getOzoneFileStatus(OzoneManagerRequestHandler.java:871) ~[ozone-manager-1.3.0-SNAPSHOT.jar:?]
	at org.apache.hadoop.ozone.protocolPB.OzoneManagerRequestHandler.handleReadRequest(OzoneManagerRequestHandler.java:217) ~[ozone-manager-1.3.0-SNAPSHOT.jar:?]
	at org.apache.hadoop.ozone.protocolPB.OzoneManagerProtocolServerSideTranslatorPB.submitReadRequestToOM(OzoneManagerProtocolServerSideTranslatorPB.java:225) ~[ozone-manager-1.3.0-SNAPSHOT.jar:?]
	at org.apache.hadoop.ozone.protocolPB.OzoneManagerProtocolServerSideTranslatorPB.processRequest(OzoneManagerProtocolServerSideTranslatorPB.java:175) ~[ozone-manager-1.3.0-SNAPSHOT.jar:?]
	at org.apache.hadoop.hdds.server.OzoneProtocolMessageDispatcher.processRequest(OzoneProtocolMessageDispatcher.java:87) [hdds-server-framework-1.3.0-SNAPSHOT.jar:?]
	at org.apache.hadoop.ozone.protocolPB.OzoneManagerProtocolServerSideTranslatorPB.submitRequest(OzoneManagerProtocolServerSideTranslatorPB.java:147) [ozone-manager-1.3.0-SNAPSHOT.jar:?]
	at org.apache.hadoop.ozone.protocol.proto.OzoneManagerProtocolProtos$OzoneManagerService$2.callBlockingMethod(OzoneManagerProtocolProtos.java) [ozone-interface-client-1.3.0-SNAPSHOT.jar:?]
	at org.apache.hadoop.ipc.ProtobufRpcEngine$Server.processCall(ProtobufRpcEngine.java:466) [hadoop-common-3.3.1.jar:?]
	at org.apache.hadoop.ipc.ProtobufRpcEngine2$Server$ProtoBufRpcInvoker.call(ProtobufRpcEngine2.java:574) [hadoop-common-3.3.1.jar:?]
	at org.apache.hadoop.ipc.ProtobufRpcEngine2$Server$ProtoBufRpcInvoker.call(ProtobufRpcEngine2.java:552) [hadoop-common-3.3.1.jar:?]
	at org.apache.hadoop.ipc.RPC$Server.call(RPC.java:1093) [hadoop-common-3.3.1.jar:?]
	at org.apache.hadoop.ipc.Server$RpcCall.run(Server.java:1035) [hadoop-common-3.3.1.jar:?]
	at org.apache.hadoop.ipc.Server$RpcCall.run(Server.java:963) [hadoop-common-3.3.1.jar:?]
	at java.security.AccessController.doPrivileged(Native Method) ~[?:1.8.0_332]
	at javax.security.auth.Subject.doAs(Subject.java:422) [?:1.8.0_332]
	at org.apache.hadoop.security.UserGroupInformation.doAs(UserGroupInformation.java:1878) [hadoop-common-3.3.1.jar:?]
	at org.apache.hadoop.ipc.Server$Handler.run(Server.java:2966) [hadoop-common-3.3.1.jar:?]
13:55:05.710 [IPC Server handler 8 on default port 42759] ERROR OMAudit - user=runner | ip=127.0.0.1 | op=GET_FILE_STATUS {volume=volume68340, bucket=bucket67715, key=level0/level1/level1/file1, dataSize=0, replicationConfig=null} | ret=FAILURE
org.apache.hadoop.ozone.om.exceptions.OMException: Unable to get file status: volume: volume68340 bucket: bucket67715 key: level0/level1/level1/file1
	at org.apache.hadoop.ozone.om.KeyManagerImpl.getOzoneFileStatus(KeyManagerImpl.java:1311) ~[ozone-manager-1.3.0-SNAPSHOT.jar:?]
	at org.apache.hadoop.ozone.om.KeyManagerImpl.getFileStatus(KeyManagerImpl.java:1241) ~[ozone-manager-1.3.0-SNAPSHOT.jar:?]
	at org.apache.hadoop.ozone.om.OzoneManager.getFileStatus(OzoneManager.java:3419) ~[ozone-manager-1.3.0-SNAPSHOT.jar:?]
	at org.apache.hadoop.ozone.protocolPB.OzoneManagerRequestHandler.getOzoneFileStatus(OzoneManagerRequestHandler.java:871) ~[ozone-manager-1.3.0-SNAPSHOT.jar:?]
	at org.apache.hadoop.ozone.protocolPB.OzoneManagerRequestHandler.handleReadRequest(OzoneManagerRequestHandler.java:217) ~[ozone-manager-1.3.0-SNAPSHOT.jar:?]
	at org.apache.hadoop.ozone.protocolPB.OzoneManagerProtocolServerSideTranslatorPB.submitReadRequestToOM(OzoneManagerProtocolServerSideTranslatorPB.java:225) ~[ozone-manager-1.3.0-SNAPSHOT.jar:?]
	at org.apache.hadoop.ozone.protocolPB.OzoneManagerProtocolServerSideTranslatorPB.processRequest(OzoneManagerProtocolServerSideTranslatorPB.java:175) ~[ozone-manager-1.3.0-SNAPSHOT.jar:?]
	at org.apache.hadoop.hdds.server.OzoneProtocolMessageDispatcher.processRequest(OzoneProtocolMessageDispatcher.java:87) [hdds-server-framework-1.3.0-SNAPSHOT.jar:?]
	at org.apache.hadoop.ozone.protocolPB.OzoneManagerProtocolServerSideTranslatorPB.submitRequest(OzoneManagerProtocolServerSideTranslatorPB.java:147) [ozone-manager-1.3.0-SNAPSHOT.jar:?]
	at org.apache.hadoop.ozone.protocol.proto.OzoneManagerProtocolProtos$OzoneManagerService$2.callBlockingMethod(OzoneManagerProtocolProtos.java) [ozone-interface-client-1.3.0-SNAPSHOT.jar:?]
	at org.apache.hadoop.ipc.ProtobufRpcEngine$Server.processCall(ProtobufRpcEngine.java:466) [hadoop-common-3.3.1.jar:?]
	at org.apache.hadoop.ipc.ProtobufRpcEngine2$Server$ProtoBufRpcInvoker.call(ProtobufRpcEngine2.java:574) [hadoop-common-3.3.1.jar:?]
	at org.apache.hadoop.ipc.ProtobufRpcEngine2$Server$ProtoBufRpcInvoker.call(ProtobufRpcEngine2.java:552) [hadoop-common-3.3.1.jar:?]
	at org.apache.hadoop.ipc.RPC$Server.call(RPC.java:1093) [hadoop-common-3.3.1.jar:?]
	at org.apache.hadoop.ipc.Server$RpcCall.run(Server.java:1035) [hadoop-common-3.3.1.jar:?]
	at org.apache.hadoop.ipc.Server$RpcCall.run(Server.java:963) [hadoop-common-3.3.1.jar:?]
	at java.security.AccessController.doPrivileged(Native Method) ~[?:1.8.0_332]
	at javax.security.auth.Subject.doAs(Subject.java:422) [?:1.8.0_332]
	at org.apache.hadoop.security.UserGroupInformation.doAs(UserGroupInformation.java:1878) [hadoop-common-3.3.1.jar:?]
	at org.apache.hadoop.ipc.Server$Handler.run(Server.java:2966) [hadoop-common-3.3.1.jar:?]
13:55:05.710 [IPC Server handler 9 on default port 42759] ERROR OMAudit - user=runner | ip=127.0.0.1 | op=GET_FILE_STATUS {volume=volume68340, bucket=bucket67715, key=level0/level2, dataSize=0, replicationConfig=null} | ret=FAILURE
org.apache.hadoop.ozone.om.exceptions.OMException: Unable to get file status: volume: volume68340 bucket: bucket67715 key: level0/level2
	at org.apache.hadoop.ozone.om.KeyManagerImpl.getOzoneFileStatus(KeyManagerImpl.java:1311) ~[ozone-manager-1.3.0-SNAPSHOT.jar:?]
	at org.apache.hadoop.ozone.om.KeyManagerImpl.getFileStatus(KeyManagerImpl.java:1241) ~[ozone-manager-1.3.0-SNAPSHOT.jar:?]
	at org.apache.hadoop.ozone.om.OzoneManager.getFileStatus(OzoneManager.java:3419) ~[ozone-manager-1.3.0-SNAPSHOT.jar:?]
	at org.apache.hadoop.ozone.protocolPB.OzoneManagerRequestHandler.getOzoneFileStatus(OzoneManagerRequestHandler.java:871) ~[ozone-manager-1.3.0-SNAPSHOT.jar:?]
	at org.apache.hadoop.ozone.protocolPB.OzoneManagerRequestHandler.handleReadRequest(OzoneManagerRequestHandler.java:217) ~[ozone-manager-1.3.0-SNAPSHOT.jar:?]
	at org.apache.hadoop.ozone.protocolPB.OzoneManagerProtocolServerSideTranslatorPB.submitReadRequestToOM(OzoneManagerProtocolServerSideTranslatorPB.java:225) ~[ozone-manager-1.3.0-SNAPSHOT.jar:?]
	at org.apache.hadoop.ozone.protocolPB.OzoneManagerProtocolServerSideTranslatorPB.processRequest(OzoneManagerProtocolServerSideTranslatorPB.java:175) ~[ozone-manager-1.3.0-SNAPSHOT.jar:?]
	at org.apache.hadoop.hdds.server.OzoneProtocolMessageDispatcher.processRequest(OzoneProtocolMessageDispatcher.java:87) [hdds-server-framework-1.3.0-SNAPSHOT.jar:?]
	at org.apache.hadoop.ozone.protocolPB.OzoneManagerProtocolServerSideTranslatorPB.submitRequest(OzoneManagerProtocolServerSideTranslatorPB.java:147) [ozone-manager-1.3.0-SNAPSHOT.jar:?]
	at org.apache.hadoop.ozone.protocol.proto.OzoneManagerProtocolProtos$OzoneManagerService$2.callBlockingMethod(OzoneManagerProtocolProtos.java) [ozone-interface-client-1.3.0-SNAPSHOT.jar:?]
	at org.apache.hadoop.ipc.ProtobufRpcEngine$Server.processCall(ProtobufRpcEngine.java:466) [hadoop-common-3.3.1.jar:?]
	at org.apache.hadoop.ipc.ProtobufRpcEngine2$Server$ProtoBufRpcInvoker.call(ProtobufRpcEngine2.java:574) [hadoop-common-3.3.1.jar:?]
	at org.apache.hadoop.ipc.ProtobufRpcEngine2$Server$ProtoBufRpcInvoker.call(ProtobufRpcEngine2.java:552) [hadoop-common-3.3.1.jar:?]
	at org.apache.hadoop.ipc.RPC$Server.call(RPC.java:1093) [hadoop-common-3.3.1.jar:?]
	at org.apache.hadoop.ipc.Server$RpcCall.run(Server.java:1035) [hadoop-common-3.3.1.jar:?]
	at org.apache.hadoop.ipc.Server$RpcCall.run(Server.java:963) [hadoop-common-3.3.1.jar:?]
	at java.security.AccessController.doPrivileged(Native Method) ~[?:1.8.0_332]
	at javax.security.auth.Subject.doAs(Subject.java:422) [?:1.8.0_332]
	at org.apache.hadoop.security.UserGroupInformation.doAs(UserGroupInformation.java:1878) [hadoop-common-3.3.1.jar:?]
	at org.apache.hadoop.ipc.Server$Handler.run(Server.java:2966) [hadoop-common-3.3.1.jar:?]
13:55:05.711 [IPC Server handler 15 on default port 42759] ERROR OMAudit - user=runner | ip=127.0.0.1 | op=GET_FILE_STATUS {volume=volume68340, bucket=bucket67715, key=level0/level2/level2, dataSize=0, replicationConfig=null} | ret=FAILURE
org.apache.hadoop.ozone.om.exceptions.OMException: Unable to get file status: volume: volume68340 bucket: bucket67715 key: level0/level2/level2
	at org.apache.hadoop.ozone.om.KeyManagerImpl.getOzoneFileStatus(KeyManagerImpl.java:1311) ~[ozone-manager-1.3.0-SNAPSHOT.jar:?]
	at org.apache.hadoop.ozone.om.KeyManagerImpl.getFileStatus(KeyManagerImpl.java:1241) ~[ozone-manager-1.3.0-SNAPSHOT.jar:?]
	at org.apache.hadoop.ozone.om.OzoneManager.getFileStatus(OzoneManager.java:3419) ~[ozone-manager-1.3.0-SNAPSHOT.jar:?]
	at org.apache.hadoop.ozone.protocolPB.OzoneManagerRequestHandler.getOzoneFileStatus(OzoneManagerRequestHandler.java:871) ~[ozone-manager-1.3.0-SNAPSHOT.jar:?]
	at org.apache.hadoop.ozone.protocolPB.OzoneManagerRequestHandler.handleReadRequest(OzoneManagerRequestHandler.java:217) ~[ozone-manager-1.3.0-SNAPSHOT.jar:?]
	at org.apache.hadoop.ozone.protocolPB.OzoneManagerProtocolServerSideTranslatorPB.submitReadRequestToOM(OzoneManagerProtocolServerSideTranslatorPB.java:225) ~[ozone-manager-1.3.0-SNAPSHOT.jar:?]
	at org.apache.hadoop.ozone.protocolPB.OzoneManagerProtocolServerSideTranslatorPB.processRequest(OzoneManagerProtocolServerSideTranslatorPB.java:175) ~[ozone-manager-1.3.0-SNAPSHOT.jar:?]
	at org.apache.hadoop.hdds.server.OzoneProtocolMessageDispatcher.processRequest(OzoneProtocolMessageDispatcher.java:87) [hdds-server-framework-1.3.0-SNAPSHOT.jar:?]
	at org.apache.hadoop.ozone.protocolPB.OzoneManagerProtocolServerSideTranslatorPB.submitRequest(OzoneManagerProtocolServerSideTranslatorPB.java:147) [ozone-manager-1.3.0-SNAPSHOT.jar:?]
	at org.apache.hadoop.ozone.protocol.proto.OzoneManagerProtocolProtos$OzoneManagerService$2.callBlockingMethod(OzoneManagerProtocolProtos.java) [ozone-interface-client-1.3.0-SNAPSHOT.jar:?]
	at org.apache.hadoop.ipc.ProtobufRpcEngine$Server.processCall(ProtobufRpcEngine.java:466) [hadoop-common-3.3.1.jar:?]
	at org.apache.hadoop.ipc.ProtobufRpcEngine2$Server$ProtoBufRpcInvoker.call(ProtobufRpcEngine2.java:574) [hadoop-common-3.3.1.jar:?]
	at org.apache.hadoop.ipc.ProtobufRpcEngine2$Server$ProtoBufRpcInvoker.call(ProtobufRpcEngine2.java:552) [hadoop-common-3.3.1.jar:?]
	at org.apache.hadoop.ipc.RPC$Server.call(RPC.java:1093) [hadoop-common-3.3.1.jar:?]
	at org.apache.hadoop.ipc.Server$RpcCall.run(Server.java:1035) [hadoop-common-3.3.1.jar:?]
	at org.apache.hadoop.ipc.Server$RpcCall.run(Server.java:963) [hadoop-common-3.3.1.jar:?]
	at java.security.AccessController.doPrivileged(Native Method) ~[?:1.8.0_332]
	at javax.security.auth.Subject.doAs(Subject.java:422) [?:1.8.0_332]
	at org.apache.hadoop.security.UserGroupInformation.doAs(UserGroupInformation.java:1878) [hadoop-common-3.3.1.jar:?]
	at org.apache.hadoop.ipc.Server$Handler.run(Server.java:2966) [hadoop-common-3.3.1.jar:?]
13:55:05.711 [IPC Server handler 14 on default port 42759] ERROR OMAudit - user=runner | ip=127.0.0.1 | op=GET_FILE_STATUS {volume=volume68340, bucket=bucket67715, key=level0/level2/file1, dataSize=0, replicationConfig=null} | ret=FAILURE
org.apache.hadoop.ozone.om.exceptions.OMException: Unable to get file status: volume: volume68340 bucket: bucket67715 key: level0/level2/file1
	at org.apache.hadoop.ozone.om.KeyManagerImpl.getOzoneFileStatus(KeyManagerImpl.java:1311) ~[ozone-manager-1.3.0-SNAPSHOT.jar:?]
	at org.apache.hadoop.ozone.om.KeyManagerImpl.getFileStatus(KeyManagerImpl.java:1241) ~[ozone-manager-1.3.0-SNAPSHOT.jar:?]
	at org.apache.hadoop.ozone.om.OzoneManager.getFileStatus(OzoneManager.java:3419) ~[ozone-manager-1.3.0-SNAPSHOT.jar:?]
	at org.apache.hadoop.ozone.protocolPB.OzoneManagerRequestHandler.getOzoneFileStatus(OzoneManagerRequestHandler.java:871) ~[ozone-manager-1.3.0-SNAPSHOT.jar:?]
	at org.apache.hadoop.ozone.protocolPB.OzoneManagerRequestHandler.handleReadRequest(OzoneManagerRequestHandler.java:217) ~[ozone-manager-1.3.0-SNAPSHOT.jar:?]
	at org.apache.hadoop.ozone.protocolPB.OzoneManagerProtocolServerSideTranslatorPB.submitReadRequestToOM(OzoneManagerProtocolServerSideTranslatorPB.java:225) ~[ozone-manager-1.3.0-SNAPSHOT.jar:?]
	at org.apache.hadoop.ozone.protocolPB.OzoneManagerProtocolServerSideTranslatorPB.processRequest(OzoneManagerProtocolServerSideTranslatorPB.java:175) ~[ozone-manager-1.3.0-SNAPSHOT.jar:?]
	at org.apache.hadoop.hdds.server.OzoneProtocolMessageDispatcher.processRequest(OzoneProtocolMessageDispatcher.java:87) [hdds-server-framework-1.3.0-SNAPSHOT.jar:?]
	at org.apache.hadoop.ozone.protocolPB.OzoneManagerProtocolServerSideTranslatorPB.submitRequest(OzoneManagerProtocolServerSideTranslatorPB.java:147) [ozone-manager-1.3.0-SNAPSHOT.jar:?]
	at org.apache.hadoop.ozone.protocol.proto.OzoneManagerProtocolProtos$OzoneManagerService$2.callBlockingMethod(OzoneManagerProtocolProtos.java) [ozone-interface-client-1.3.0-SNAPSHOT.jar:?]
	at org.apache.hadoop.ipc.ProtobufRpcEngine$Server.processCall(ProtobufRpcEngine.java:466) [hadoop-common-3.3.1.jar:?]
	at org.apache.hadoop.ipc.ProtobufRpcEngine2$Server$ProtoBufRpcInvoker.call(ProtobufRpcEngine2.java:574) [hadoop-common-3.3.1.jar:?]
	at org.apache.hadoop.ipc.ProtobufRpcEngine2$Server$ProtoBufRpcInvoker.call(ProtobufRpcEngine2.java:552) [hadoop-common-3.3.1.jar:?]
	at org.apache.hadoop.ipc.RPC$Server.call(RPC.java:1093) [hadoop-common-3.3.1.jar:?]
	at org.apache.hadoop.ipc.Server$RpcCall.run(Server.java:1035) [hadoop-common-3.3.1.jar:?]
	at org.apache.hadoop.ipc.Server$RpcCall.run(Server.java:963) [hadoop-common-3.3.1.jar:?]
	at java.security.AccessController.doPrivileged(Native Method) ~[?:1.8.0_332]
	at javax.security.auth.Subject.doAs(Subject.java:422) [?:1.8.0_332]
	at org.apache.hadoop.security.UserGroupInformation.doAs(UserGroupInformation.java:1878) [hadoop-common-3.3.1.jar:?]
	at org.apache.hadoop.ipc.Server$Handler.run(Server.java:2966) [hadoop-common-3.3.1.jar:?]
13:55:05.712 [IPC Server handler 18 on default port 42759] ERROR OMAudit - user=runner | ip=127.0.0.1 | op=GET_FILE_STATUS {volume=volume68340, bucket=bucket67715, key=level0/level2/level2/file1, dataSize=0, replicationConfig=null} | ret=FAILURE
org.apache.hadoop.ozone.om.exceptions.OMException: Unable to get file status: volume: volume68340 bucket: bucket67715 key: level0/level2/level2/file1
	at org.apache.hadoop.ozone.om.KeyManagerImpl.getOzoneFileStatus(KeyManagerImpl.java:1311) ~[ozone-manager-1.3.0-SNAPSHOT.jar:?]
	at org.apache.hadoop.ozone.om.KeyManagerImpl.getFileStatus(KeyManagerImpl.java:1241) ~[ozone-manager-1.3.0-SNAPSHOT.jar:?]
	at org.apache.hadoop.ozone.om.OzoneManager.getFileStatus(OzoneManager.java:3419) ~[ozone-manager-1.3.0-SNAPSHOT.jar:?]
	at org.apache.hadoop.ozone.protocolPB.OzoneManagerRequestHandler.getOzoneFileStatus(OzoneManagerRequestHandler.java:871) ~[ozone-manager-1.3.0-SNAPSHOT.jar:?]
	at org.apache.hadoop.ozone.protocolPB.OzoneManagerRequestHandler.handleReadRequest(OzoneManagerRequestHandler.java:217) ~[ozone-manager-1.3.0-SNAPSHOT.jar:?]
	at org.apache.hadoop.ozone.protocolPB.OzoneManagerProtocolServerSideTranslatorPB.submitReadRequestToOM(OzoneManagerProtocolServerSideTranslatorPB.java:225) ~[ozone-manager-1.3.0-SNAPSHOT.jar:?]
	at org.apache.hadoop.ozone.protocolPB.OzoneManagerProtocolServerSideTranslatorPB.processRequest(OzoneManagerProtocolServerSideTranslatorPB.java:175) ~[ozone-manager-1.3.0-SNAPSHOT.jar:?]
	at org.apache.hadoop.hdds.server.OzoneProtocolMessageDispatcher.processRequest(OzoneProtocolMessageDispatcher.java:87) [hdds-server-framework-1.3.0-SNAPSHOT.jar:?]
	at org.apache.hadoop.ozone.protocolPB.OzoneManagerProtocolServerSideTranslatorPB.submitRequest(OzoneManagerProtocolServerSideTranslatorPB.java:147) [ozone-manager-1.3.0-SNAPSHOT.jar:?]
	at org.apache.hadoop.ozone.protocol.proto.OzoneManagerProtocolProtos$OzoneManagerService$2.callBlockingMethod(OzoneManagerProtocolProtos.java) [ozone-interface-client-1.3.0-SNAPSHOT.jar:?]
	at org.apache.hadoop.ipc.ProtobufRpcEngine$Server.processCall(ProtobufRpcEngine.java:466) [hadoop-common-3.3.1.jar:?]
	at org.apache.hadoop.ipc.ProtobufRpcEngine2$Server$ProtoBufRpcInvoker.call(ProtobufRpcEngine2.java:574) [hadoop-common-3.3.1.jar:?]
	at org.apache.hadoop.ipc.ProtobufRpcEngine2$Server$ProtoBufRpcInvoker.call(ProtobufRpcEngine2.java:552) [hadoop-common-3.3.1.jar:?]
	at org.apache.hadoop.ipc.RPC$Server.call(RPC.java:1093) [hadoop-common-3.3.1.jar:?]
	at org.apache.hadoop.ipc.Server$RpcCall.run(Server.java:1035) [hadoop-common-3.3.1.jar:?]
	at org.apache.hadoop.ipc.Server$RpcCall.run(Server.java:963) [hadoop-common-3.3.1.jar:?]
	at java.security.AccessController.doPrivileged(Native Method) ~[?:1.8.0_332]
	at javax.security.auth.Subject.doAs(Subject.java:422) [?:1.8.0_332]
	at org.apache.hadoop.security.UserGroupInformation.doAs(UserGroupInformation.java:1878) [hadoop-common-3.3.1.jar:?]
	at org.apache.hadoop.ipc.Server$Handler.run(Server.java:2966) [hadoop-common-3.3.1.jar:?]
13:55:05.713 [IPC Server handler 12 on default port 42759] ERROR OMAudit - user=runner | ip=127.0.0.1 | op=GET_FILE_STATUS {volume=volume68340, bucket=bucket67715, key=level0/level3, dataSize=0, replicationConfig=null} | ret=FAILURE
org.apache.hadoop.ozone.om.exceptions.OMException: Unable to get file status: volume: volume68340 bucket: bucket67715 key: level0/level3
	at org.apache.hadoop.ozone.om.KeyManagerImpl.getOzoneFileStatus(KeyManagerImpl.java:1311) ~[ozone-manager-1.3.0-SNAPSHOT.jar:?]
	at org.apache.hadoop.ozone.om.KeyManagerImpl.getFileStatus(KeyManagerImpl.java:1241) ~[ozone-manager-1.3.0-SNAPSHOT.jar:?]
	at org.apache.hadoop.ozone.om.OzoneManager.getFileStatus(OzoneManager.java:3419) ~[ozone-manager-1.3.0-SNAPSHOT.jar:?]
	at org.apache.hadoop.ozone.protocolPB.OzoneManagerRequestHandler.getOzoneFileStatus(OzoneManagerRequestHandler.java:871) ~[ozone-manager-1.3.0-SNAPSHOT.jar:?]
	at org.apache.hadoop.ozone.protocolPB.OzoneManagerRequestHandler.handleReadRequest(OzoneManagerRequestHandler.java:217) ~[ozone-manager-1.3.0-SNAPSHOT.jar:?]
	at org.apache.hadoop.ozone.protocolPB.OzoneManagerProtocolServerSideTranslatorPB.submitReadRequestToOM(OzoneManagerProtocolServerSideTranslatorPB.java:225) ~[ozone-manager-1.3.0-SNAPSHOT.jar:?]
	at org.apache.hadoop.ozone.protocolPB.OzoneManagerProtocolServerSideTranslatorPB.processRequest(OzoneManagerProtocolServerSideTranslatorPB.java:175) ~[ozone-manager-1.3.0-SNAPSHOT.jar:?]
	at org.apache.hadoop.hdds.server.OzoneProtocolMessageDispatcher.processRequest(OzoneProtocolMessageDispatcher.java:87) [hdds-server-framework-1.3.0-SNAPSHOT.jar:?]
	at org.apache.hadoop.ozone.protocolPB.OzoneManagerProtocolServerSideTranslatorPB.submitRequest(OzoneManagerProtocolServerSideTranslatorPB.java:147) [ozone-manager-1.3.0-SNAPSHOT.jar:?]
	at org.apache.hadoop.ozone.protocol.proto.OzoneManagerProtocolProtos$OzoneManagerService$2.callBlockingMethod(OzoneManagerProtocolProtos.java) [ozone-interface-client-1.3.0-SNAPSHOT.jar:?]
	at org.apache.hadoop.ipc.ProtobufRpcEngine$Server.processCall(ProtobufRpcEngine.java:466) [hadoop-common-3.3.1.jar:?]
	at org.apache.hadoop.ipc.ProtobufRpcEngine2$Server$ProtoBufRpcInvoker.call(ProtobufRpcEngine2.java:574) [hadoop-common-3.3.1.jar:?]
	at org.apache.hadoop.ipc.ProtobufRpcEngine2$Server$ProtoBufRpcInvoker.call(ProtobufRpcEngine2.java:552) [hadoop-common-3.3.1.jar:?]
	at org.apache.hadoop.ipc.RPC$Server.call(RPC.java:1093) [hadoop-common-3.3.1.jar:?]
	at org.apache.hadoop.ipc.Server$RpcCall.run(Server.java:1035) [hadoop-common-3.3.1.jar:?]
	at org.apache.hadoop.ipc.Server$RpcCall.run(Server.java:963) [hadoop-common-3.3.1.jar:?]
	at java.security.AccessController.doPrivileged(Native Method) ~[?:1.8.0_332]
	at javax.security.auth.Subject.doAs(Subject.java:422) [?:1.8.0_332]
	at org.apache.hadoop.security.UserGroupInformation.doAs(UserGroupInformation.java:1878) [hadoop-common-3.3.1.jar:?]
	at org.apache.hadoop.ipc.Server$Handler.run(Server.java:2966) [hadoop-common-3.3.1.jar:?]
13:55:05.713 [IPC Server handler 13 on default port 42759] ERROR OMAudit - user=runner | ip=127.0.0.1 | op=GET_FILE_STATUS {volume=volume68340, bucket=bucket67715, key=level0/level3/level3, dataSize=0, replicationConfig=null} | ret=FAILURE
org.apache.hadoop.ozone.om.exceptions.OMException: Unable to get file status: volume: volume68340 bucket: bucket67715 key: level0/level3/level3
	at org.apache.hadoop.ozone.om.KeyManagerImpl.getOzoneFileStatus(KeyManagerImpl.java:1311) ~[ozone-manager-1.3.0-SNAPSHOT.jar:?]
	at org.apache.hadoop.ozone.om.KeyManagerImpl.getFileStatus(KeyManagerImpl.java:1241) ~[ozone-manager-1.3.0-SNAPSHOT.jar:?]
	at org.apache.hadoop.ozone.om.OzoneManager.getFileStatus(OzoneManager.java:3419) ~[ozone-manager-1.3.0-SNAPSHOT.jar:?]
	at org.apache.hadoop.ozone.protocolPB.OzoneManagerRequestHandler.getOzoneFileStatus(OzoneManagerRequestHandler.java:871) ~[ozone-manager-1.3.0-SNAPSHOT.jar:?]
	at org.apache.hadoop.ozone.protocolPB.OzoneManagerRequestHandler.handleReadRequest(OzoneManagerRequestHandler.java:217) ~[ozone-manager-1.3.0-SNAPSHOT.jar:?]
	at org.apache.hadoop.ozone.protocolPB.OzoneManagerProtocolServerSideTranslatorPB.submitReadRequestToOM(OzoneManagerProtocolServerSideTranslatorPB.java:225) ~[ozone-manager-1.3.0-SNAPSHOT.jar:?]
	at org.apache.hadoop.ozone.protocolPB.OzoneManagerProtocolServerSideTranslatorPB.processRequest(OzoneManagerProtocolServerSideTranslatorPB.java:175) ~[ozone-manager-1.3.0-SNAPSHOT.jar:?]
	at org.apache.hadoop.hdds.server.OzoneProtocolMessageDispatcher.processRequest(OzoneProtocolMessageDispatcher.java:87) [hdds-server-framework-1.3.0-SNAPSHOT.jar:?]
	at org.apache.hadoop.ozone.protocolPB.OzoneManagerProtocolServerSideTranslatorPB.submitRequest(OzoneManagerProtocolServerSideTranslatorPB.java:147) [ozone-manager-1.3.0-SNAPSHOT.jar:?]
	at org.apache.hadoop.ozone.protocol.proto.OzoneManagerProtocolProtos$OzoneManagerService$2.callBlockingMethod(OzoneManagerProtocolProtos.java) [ozone-interface-client-1.3.0-SNAPSHOT.jar:?]
	at org.apache.hadoop.ipc.ProtobufRpcEngine$Server.processCall(ProtobufRpcEngine.java:466) [hadoop-common-3.3.1.jar:?]
	at org.apache.hadoop.ipc.ProtobufRpcEngine2$Server$ProtoBufRpcInvoker.call(ProtobufRpcEngine2.java:574) [hadoop-common-3.3.1.jar:?]
	at org.apache.hadoop.ipc.ProtobufRpcEngine2$Server$ProtoBufRpcInvoker.call(ProtobufRpcEngine2.java:552) [hadoop-common-3.3.1.jar:?]
	at org.apache.hadoop.ipc.RPC$Server.call(RPC.java:1093) [hadoop-common-3.3.1.jar:?]
	at org.apache.hadoop.ipc.Server$RpcCall.run(Server.java:1035) [hadoop-common-3.3.1.jar:?]
	at org.apache.hadoop.ipc.Server$RpcCall.run(Server.java:963) [hadoop-common-3.3.1.jar:?]
	at java.security.AccessController.doPrivileged(Native Method) ~[?:1.8.0_332]
	at javax.security.auth.Subject.doAs(Subject.java:422) [?:1.8.0_332]
	at org.apache.hadoop.security.UserGroupInformation.doAs(UserGroupInformation.java:1878) [hadoop-common-3.3.1.jar:?]
	at org.apache.hadoop.ipc.Server$Handler.run(Server.java:2966) [hadoop-common-3.3.1.jar:?]
13:55:05.714 [IPC Server handler 4 on default port 42759] ERROR OMAudit - user=runner | ip=127.0.0.1 | op=GET_FILE_STATUS {volume=volume68340, bucket=bucket67715, key=level0/level3/file1, dataSize=0, replicationConfig=null} | ret=FAILURE
org.apache.hadoop.ozone.om.exceptions.OMException: Unable to get file status: volume: volume68340 bucket: bucket67715 key: level0/level3/file1
	at org.apache.hadoop.ozone.om.KeyManagerImpl.getOzoneFileStatus(KeyManagerImpl.java:1311) ~[ozone-manager-1.3.0-SNAPSHOT.jar:?]
	at org.apache.hadoop.ozone.om.KeyManagerImpl.getFileStatus(KeyManagerImpl.java:1241) ~[ozone-manager-1.3.0-SNAPSHOT.jar:?]
	at org.apache.hadoop.ozone.om.OzoneManager.getFileStatus(OzoneManager.java:3419) ~[ozone-manager-1.3.0-SNAPSHOT.jar:?]
	at org.apache.hadoop.ozone.protocolPB.OzoneManagerRequestHandler.getOzoneFileStatus(OzoneManagerRequestHandler.java:871) ~[ozone-manager-1.3.0-SNAPSHOT.jar:?]
	at org.apache.hadoop.ozone.protocolPB.OzoneManagerRequestHandler.handleReadRequest(OzoneManagerRequestHandler.java:217) ~[ozone-manager-1.3.0-SNAPSHOT.jar:?]
	at org.apache.hadoop.ozone.protocolPB.OzoneManagerProtocolServerSideTranslatorPB.submitReadRequestToOM(OzoneManagerProtocolServerSideTranslatorPB.java:225) ~[ozone-manager-1.3.0-SNAPSHOT.jar:?]
	at org.apache.hadoop.ozone.protocolPB.OzoneManagerProtocolServerSideTranslatorPB.processRequest(OzoneManagerProtocolServerSideTranslatorPB.java:175) ~[ozone-manager-1.3.0-SNAPSHOT.jar:?]
	at org.apache.hadoop.hdds.server.OzoneProtocolMessageDispatcher.processRequest(OzoneProtocolMessageDispatcher.java:87) [hdds-server-framework-1.3.0-SNAPSHOT.jar:?]
	at org.apache.hadoop.ozone.protocolPB.OzoneManagerProtocolServerSideTranslatorPB.submitRequest(OzoneManagerProtocolServerSideTranslatorPB.java:147) [ozone-manager-1.3.0-SNAPSHOT.jar:?]
	at org.apache.hadoop.ozone.protocol.proto.OzoneManagerProtocolProtos$OzoneManagerService$2.callBlockingMethod(OzoneManagerProtocolProtos.java) [ozone-interface-client-1.3.0-SNAPSHOT.jar:?]
	at org.apache.hadoop.ipc.ProtobufRpcEngine$Server.processCall(ProtobufRpcEngine.java:466) [hadoop-common-3.3.1.jar:?]
	at org.apache.hadoop.ipc.ProtobufRpcEngine2$Server$ProtoBufRpcInvoker.call(ProtobufRpcEngine2.java:574) [hadoop-common-3.3.1.jar:?]
	at org.apache.hadoop.ipc.ProtobufRpcEngine2$Server$ProtoBufRpcInvoker.call(ProtobufRpcEngine2.java:552) [hadoop-common-3.3.1.jar:?]
	at org.apache.hadoop.ipc.RPC$Server.call(RPC.java:1093) [hadoop-common-3.3.1.jar:?]
	at org.apache.hadoop.ipc.Server$RpcCall.run(Server.java:1035) [hadoop-common-3.3.1.jar:?]
	at org.apache.hadoop.ipc.Server$RpcCall.run(Server.java:963) [hadoop-common-3.3.1.jar:?]
	at java.security.AccessController.doPrivileged(Native Method) ~[?:1.8.0_332]
	at javax.security.auth.Subject.doAs(Subject.java:422) [?:1.8.0_332]
	at org.apache.hadoop.security.UserGroupInformation.doAs(UserGroupInformation.java:1878) [hadoop-common-3.3.1.jar:?]
	at org.apache.hadoop.ipc.Server$Handler.run(Server.java:2966) [hadoop-common-3.3.1.jar:?]
13:55:05.716 [IPC Server handler 5 on default port 42759] ERROR OMAudit - user=runner | ip=127.0.0.1 | op=GET_FILE_STATUS {volume=volume68340, bucket=bucket67715, key=level0/level3/level3/file1, dataSize=0, replicationConfig=null} | ret=FAILURE
org.apache.hadoop.ozone.om.exceptions.OMException: Unable to get file status: volume: volume68340 bucket: bucket67715 key: level0/level3/level3/file1
	at org.apache.hadoop.ozone.om.KeyManagerImpl.getOzoneFileStatus(KeyManagerImpl.java:1311) ~[ozone-manager-1.3.0-SNAPSHOT.jar:?]
	at org.apache.hadoop.ozone.om.KeyManagerImpl.getFileStatus(KeyManagerImpl.java:1241) ~[ozone-manager-1.3.0-SNAPSHOT.jar:?]
	at org.apache.hadoop.ozone.om.OzoneManager.getFileStatus(OzoneManager.java:3419) ~[ozone-manager-1.3.0-SNAPSHOT.jar:?]
	at org.apache.hadoop.ozone.protocolPB.OzoneManagerRequestHandler.getOzoneFileStatus(OzoneManagerRequestHandler.java:871) ~[ozone-manager-1.3.0-SNAPSHOT.jar:?]
	at org.apache.hadoop.ozone.protocolPB.OzoneManagerRequestHandler.handleReadRequest(OzoneManagerRequestHandler.java:217) ~[ozone-manager-1.3.0-SNAPSHOT.jar:?]
	at org.apache.hadoop.ozone.protocolPB.OzoneManagerProtocolServerSideTranslatorPB.submitReadRequestToOM(OzoneManagerProtocolServerSideTranslatorPB.java:225) ~[ozone-manager-1.3.0-SNAPSHOT.jar:?]
	at org.apache.hadoop.ozone.protocolPB.OzoneManagerProtocolServerSideTranslatorPB.processRequest(OzoneManagerProtocolServerSideTranslatorPB.java:175) ~[ozone-manager-1.3.0-SNAPSHOT.jar:?]
	at org.apache.hadoop.hdds.server.OzoneProtocolMessageDispatcher.processRequest(OzoneProtocolMessageDispatcher.java:87) [hdds-server-framework-1.3.0-SNAPSHOT.jar:?]
	at org.apache.hadoop.ozone.protocolPB.OzoneManagerProtocolServerSideTranslatorPB.submitRequest(OzoneManagerProtocolServerSideTranslatorPB.java:147) [ozone-manager-1.3.0-SNAPSHOT.jar:?]
	at org.apache.hadoop.ozone.protocol.proto.OzoneManagerProtocolProtos$OzoneManagerService$2.callBlockingMethod(OzoneManagerProtocolProtos.java) [ozone-interface-client-1.3.0-SNAPSHOT.jar:?]
	at org.apache.hadoop.ipc.ProtobufRpcEngine$Server.processCall(ProtobufRpcEngine.java:466) [hadoop-common-3.3.1.jar:?]
	at org.apache.hadoop.ipc.ProtobufRpcEngine2$Server$ProtoBufRpcInvoker.call(ProtobufRpcEngine2.java:574) [hadoop-common-3.3.1.jar:?]
	at org.apache.hadoop.ipc.ProtobufRpcEngine2$Server$ProtoBufRpcInvoker.call(ProtobufRpcEngine2.java:552) [hadoop-common-3.3.1.jar:?]
	at org.apache.hadoop.ipc.RPC$Server.call(RPC.java:1093) [hadoop-common-3.3.1.jar:?]
	at org.apache.hadoop.ipc.Server$RpcCall.run(Server.java:1035) [hadoop-common-3.3.1.jar:?]
	at org.apache.hadoop.ipc.Server$RpcCall.run(Server.java:963) [hadoop-common-3.3.1.jar:?]
	at java.security.AccessController.doPrivileged(Native Method) ~[?:1.8.0_332]
	at javax.security.auth.Subject.doAs(Subject.java:422) [?:1.8.0_332]
	at org.apache.hadoop.security.UserGroupInformation.doAs(UserGroupInformation.java:1878) [hadoop-common-3.3.1.jar:?]
	at org.apache.hadoop.ipc.Server$Handler.run(Server.java:2966) [hadoop-common-3.3.1.jar:?]
]]></system-out>
  </testcase>
  <testcase name="testRecursiveDelete" classname="TestOzoneFileSystem" time="0.244">
    <system-out><![CDATA[13:56:23.105 [IPC Server handler 1 on default port 33745] ERROR OMAudit - user=runner | ip=127.0.0.1 | op=GET_FILE_STATUS {volume=volume37829, bucket=bucket78784, key=gdir1, dataSize=0, replicationConfig=null} | ret=FAILURE
org.apache.hadoop.ozone.om.exceptions.OMException: Unable to get file status: volume: volume37829 bucket: bucket78784 key: gdir1
	at org.apache.hadoop.ozone.om.KeyManagerImpl.getOzoneFileStatus(KeyManagerImpl.java:1311) ~[ozone-manager-1.3.0-SNAPSHOT.jar:?]
	at org.apache.hadoop.ozone.om.KeyManagerImpl.getFileStatus(KeyManagerImpl.java:1241) ~[ozone-manager-1.3.0-SNAPSHOT.jar:?]
	at org.apache.hadoop.ozone.om.OzoneManager.getFileStatus(OzoneManager.java:3419) ~[ozone-manager-1.3.0-SNAPSHOT.jar:?]
	at org.apache.hadoop.ozone.protocolPB.OzoneManagerRequestHandler.getOzoneFileStatus(OzoneManagerRequestHandler.java:871) ~[ozone-manager-1.3.0-SNAPSHOT.jar:?]
	at org.apache.hadoop.ozone.protocolPB.OzoneManagerRequestHandler.handleReadRequest(OzoneManagerRequestHandler.java:217) ~[ozone-manager-1.3.0-SNAPSHOT.jar:?]
	at org.apache.hadoop.ozone.protocolPB.OzoneManagerProtocolServerSideTranslatorPB.submitRequestDirectlyToOM(OzoneManagerProtocolServerSideTranslatorPB.java:284) ~[ozone-manager-1.3.0-SNAPSHOT.jar:?]
	at org.apache.hadoop.ozone.protocolPB.OzoneManagerProtocolServerSideTranslatorPB.processRequest(OzoneManagerProtocolServerSideTranslatorPB.java:207) ~[ozone-manager-1.3.0-SNAPSHOT.jar:?]
	at org.apache.hadoop.hdds.server.OzoneProtocolMessageDispatcher.processRequest(OzoneProtocolMessageDispatcher.java:87) [hdds-server-framework-1.3.0-SNAPSHOT.jar:?]
	at org.apache.hadoop.ozone.protocolPB.OzoneManagerProtocolServerSideTranslatorPB.submitRequest(OzoneManagerProtocolServerSideTranslatorPB.java:147) [ozone-manager-1.3.0-SNAPSHOT.jar:?]
	at org.apache.hadoop.ozone.protocol.proto.OzoneManagerProtocolProtos$OzoneManagerService$2.callBlockingMethod(OzoneManagerProtocolProtos.java) [ozone-interface-client-1.3.0-SNAPSHOT.jar:?]
	at org.apache.hadoop.ipc.ProtobufRpcEngine$Server.processCall(ProtobufRpcEngine.java:466) [hadoop-common-3.3.1.jar:?]
	at org.apache.hadoop.ipc.ProtobufRpcEngine2$Server$ProtoBufRpcInvoker.call(ProtobufRpcEngine2.java:574) [hadoop-common-3.3.1.jar:?]
	at org.apache.hadoop.ipc.ProtobufRpcEngine2$Server$ProtoBufRpcInvoker.call(ProtobufRpcEngine2.java:552) [hadoop-common-3.3.1.jar:?]
	at org.apache.hadoop.ipc.RPC$Server.call(RPC.java:1093) [hadoop-common-3.3.1.jar:?]
	at org.apache.hadoop.ipc.Server$RpcCall.run(Server.java:1035) [hadoop-common-3.3.1.jar:?]
	at org.apache.hadoop.ipc.Server$RpcCall.run(Server.java:963) [hadoop-common-3.3.1.jar:?]
	at java.security.AccessController.doPrivileged(Native Method) ~[?:1.8.0_332]
	at javax.security.auth.Subject.doAs(Subject.java:422) [?:1.8.0_332]
	at org.apache.hadoop.security.UserGroupInformation.doAs(UserGroupInformation.java:1878) [hadoop-common-3.3.1.jar:?]
	at org.apache.hadoop.ipc.Server$Handler.run(Server.java:2966) [hadoop-common-3.3.1.jar:?]
13:56:23.106 [IPC Server handler 6 on default port 33745] ERROR OMAudit - user=runner | ip=127.0.0.1 | op=GET_FILE_STATUS {volume=volume37829, bucket=bucket78784, key=gdir1/dir1, dataSize=0, replicationConfig=null} | ret=FAILURE
org.apache.hadoop.ozone.om.exceptions.OMException: Unable to get file status: volume: volume37829 bucket: bucket78784 key: gdir1/dir1
	at org.apache.hadoop.ozone.om.KeyManagerImpl.getOzoneFileStatus(KeyManagerImpl.java:1311) ~[ozone-manager-1.3.0-SNAPSHOT.jar:?]
	at org.apache.hadoop.ozone.om.KeyManagerImpl.getFileStatus(KeyManagerImpl.java:1241) ~[ozone-manager-1.3.0-SNAPSHOT.jar:?]
	at org.apache.hadoop.ozone.om.OzoneManager.getFileStatus(OzoneManager.java:3419) ~[ozone-manager-1.3.0-SNAPSHOT.jar:?]
	at org.apache.hadoop.ozone.protocolPB.OzoneManagerRequestHandler.getOzoneFileStatus(OzoneManagerRequestHandler.java:871) ~[ozone-manager-1.3.0-SNAPSHOT.jar:?]
	at org.apache.hadoop.ozone.protocolPB.OzoneManagerRequestHandler.handleReadRequest(OzoneManagerRequestHandler.java:217) ~[ozone-manager-1.3.0-SNAPSHOT.jar:?]
	at org.apache.hadoop.ozone.protocolPB.OzoneManagerProtocolServerSideTranslatorPB.submitRequestDirectlyToOM(OzoneManagerProtocolServerSideTranslatorPB.java:284) ~[ozone-manager-1.3.0-SNAPSHOT.jar:?]
	at org.apache.hadoop.ozone.protocolPB.OzoneManagerProtocolServerSideTranslatorPB.processRequest(OzoneManagerProtocolServerSideTranslatorPB.java:207) ~[ozone-manager-1.3.0-SNAPSHOT.jar:?]
	at org.apache.hadoop.hdds.server.OzoneProtocolMessageDispatcher.processRequest(OzoneProtocolMessageDispatcher.java:87) [hdds-server-framework-1.3.0-SNAPSHOT.jar:?]
	at org.apache.hadoop.ozone.protocolPB.OzoneManagerProtocolServerSideTranslatorPB.submitRequest(OzoneManagerProtocolServerSideTranslatorPB.java:147) [ozone-manager-1.3.0-SNAPSHOT.jar:?]
	at org.apache.hadoop.ozone.protocol.proto.OzoneManagerProtocolProtos$OzoneManagerService$2.callBlockingMethod(OzoneManagerProtocolProtos.java) [ozone-interface-client-1.3.0-SNAPSHOT.jar:?]
	at org.apache.hadoop.ipc.ProtobufRpcEngine$Server.processCall(ProtobufRpcEngine.java:466) [hadoop-common-3.3.1.jar:?]
	at org.apache.hadoop.ipc.ProtobufRpcEngine2$Server$ProtoBufRpcInvoker.call(ProtobufRpcEngine2.java:574) [hadoop-common-3.3.1.jar:?]
	at org.apache.hadoop.ipc.ProtobufRpcEngine2$Server$ProtoBufRpcInvoker.call(ProtobufRpcEngine2.java:552) [hadoop-common-3.3.1.jar:?]
	at org.apache.hadoop.ipc.RPC$Server.call(RPC.java:1093) [hadoop-common-3.3.1.jar:?]
	at org.apache.hadoop.ipc.Server$RpcCall.run(Server.java:1035) [hadoop-common-3.3.1.jar:?]
	at org.apache.hadoop.ipc.Server$RpcCall.run(Server.java:963) [hadoop-common-3.3.1.jar:?]
	at java.security.AccessController.doPrivileged(Native Method) ~[?:1.8.0_332]
	at javax.security.auth.Subject.doAs(Subject.java:422) [?:1.8.0_332]
	at org.apache.hadoop.security.UserGroupInformation.doAs(UserGroupInformation.java:1878) [hadoop-common-3.3.1.jar:?]
	at org.apache.hadoop.ipc.Server$Handler.run(Server.java:2966) [hadoop-common-3.3.1.jar:?]
13:56:23.106 [IPC Server handler 15 on default port 33745] ERROR OMAudit - user=runner | ip=127.0.0.1 | op=GET_FILE_STATUS {volume=volume37829, bucket=bucket78784, key=gdir1/dir1/child, dataSize=0, replicationConfig=null} | ret=FAILURE
org.apache.hadoop.ozone.om.exceptions.OMException: Unable to get file status: volume: volume37829 bucket: bucket78784 key: gdir1/dir1/child
	at org.apache.hadoop.ozone.om.KeyManagerImpl.getOzoneFileStatus(KeyManagerImpl.java:1311) ~[ozone-manager-1.3.0-SNAPSHOT.jar:?]
	at org.apache.hadoop.ozone.om.KeyManagerImpl.getFileStatus(KeyManagerImpl.java:1241) ~[ozone-manager-1.3.0-SNAPSHOT.jar:?]
	at org.apache.hadoop.ozone.om.OzoneManager.getFileStatus(OzoneManager.java:3419) ~[ozone-manager-1.3.0-SNAPSHOT.jar:?]
	at org.apache.hadoop.ozone.protocolPB.OzoneManagerRequestHandler.getOzoneFileStatus(OzoneManagerRequestHandler.java:871) ~[ozone-manager-1.3.0-SNAPSHOT.jar:?]
	at org.apache.hadoop.ozone.protocolPB.OzoneManagerRequestHandler.handleReadRequest(OzoneManagerRequestHandler.java:217) ~[ozone-manager-1.3.0-SNAPSHOT.jar:?]
	at org.apache.hadoop.ozone.protocolPB.OzoneManagerProtocolServerSideTranslatorPB.submitRequestDirectlyToOM(OzoneManagerProtocolServerSideTranslatorPB.java:284) ~[ozone-manager-1.3.0-SNAPSHOT.jar:?]
	at org.apache.hadoop.ozone.protocolPB.OzoneManagerProtocolServerSideTranslatorPB.processRequest(OzoneManagerProtocolServerSideTranslatorPB.java:207) ~[ozone-manager-1.3.0-SNAPSHOT.jar:?]
	at org.apache.hadoop.hdds.server.OzoneProtocolMessageDispatcher.processRequest(OzoneProtocolMessageDispatcher.java:87) [hdds-server-framework-1.3.0-SNAPSHOT.jar:?]
	at org.apache.hadoop.ozone.protocolPB.OzoneManagerProtocolServerSideTranslatorPB.submitRequest(OzoneManagerProtocolServerSideTranslatorPB.java:147) [ozone-manager-1.3.0-SNAPSHOT.jar:?]
	at org.apache.hadoop.ozone.protocol.proto.OzoneManagerProtocolProtos$OzoneManagerService$2.callBlockingMethod(OzoneManagerProtocolProtos.java) [ozone-interface-client-1.3.0-SNAPSHOT.jar:?]
	at org.apache.hadoop.ipc.ProtobufRpcEngine$Server.processCall(ProtobufRpcEngine.java:466) [hadoop-common-3.3.1.jar:?]
	at org.apache.hadoop.ipc.ProtobufRpcEngine2$Server$ProtoBufRpcInvoker.call(ProtobufRpcEngine2.java:574) [hadoop-common-3.3.1.jar:?]
	at org.apache.hadoop.ipc.ProtobufRpcEngine2$Server$ProtoBufRpcInvoker.call(ProtobufRpcEngine2.java:552) [hadoop-common-3.3.1.jar:?]
	at org.apache.hadoop.ipc.RPC$Server.call(RPC.java:1093) [hadoop-common-3.3.1.jar:?]
	at org.apache.hadoop.ipc.Server$RpcCall.run(Server.java:1035) [hadoop-common-3.3.1.jar:?]
	at org.apache.hadoop.ipc.Server$RpcCall.run(Server.java:963) [hadoop-common-3.3.1.jar:?]
	at java.security.AccessController.doPrivileged(Native Method) ~[?:1.8.0_332]
	at javax.security.auth.Subject.doAs(Subject.java:422) [?:1.8.0_332]
	at org.apache.hadoop.security.UserGroupInformation.doAs(UserGroupInformation.java:1878) [hadoop-common-3.3.1.jar:?]
	at org.apache.hadoop.ipc.Server$Handler.run(Server.java:2966) [hadoop-common-3.3.1.jar:?]
13:56:23.107 [IPC Server handler 19 on default port 33745] ERROR OMAudit - user=runner | ip=127.0.0.1 | op=GET_FILE_STATUS {volume=volume37829, bucket=bucket78784, key=gdir1/dir2, dataSize=0, replicationConfig=null} | ret=FAILURE
org.apache.hadoop.ozone.om.exceptions.OMException: Unable to get file status: volume: volume37829 bucket: bucket78784 key: gdir1/dir2
	at org.apache.hadoop.ozone.om.KeyManagerImpl.getOzoneFileStatus(KeyManagerImpl.java:1311) ~[ozone-manager-1.3.0-SNAPSHOT.jar:?]
	at org.apache.hadoop.ozone.om.KeyManagerImpl.getFileStatus(KeyManagerImpl.java:1241) ~[ozone-manager-1.3.0-SNAPSHOT.jar:?]
	at org.apache.hadoop.ozone.om.OzoneManager.getFileStatus(OzoneManager.java:3419) ~[ozone-manager-1.3.0-SNAPSHOT.jar:?]
	at org.apache.hadoop.ozone.protocolPB.OzoneManagerRequestHandler.getOzoneFileStatus(OzoneManagerRequestHandler.java:871) ~[ozone-manager-1.3.0-SNAPSHOT.jar:?]
	at org.apache.hadoop.ozone.protocolPB.OzoneManagerRequestHandler.handleReadRequest(OzoneManagerRequestHandler.java:217) ~[ozone-manager-1.3.0-SNAPSHOT.jar:?]
	at org.apache.hadoop.ozone.protocolPB.OzoneManagerProtocolServerSideTranslatorPB.submitRequestDirectlyToOM(OzoneManagerProtocolServerSideTranslatorPB.java:284) ~[ozone-manager-1.3.0-SNAPSHOT.jar:?]
	at org.apache.hadoop.ozone.protocolPB.OzoneManagerProtocolServerSideTranslatorPB.processRequest(OzoneManagerProtocolServerSideTranslatorPB.java:207) ~[ozone-manager-1.3.0-SNAPSHOT.jar:?]
	at org.apache.hadoop.hdds.server.OzoneProtocolMessageDispatcher.processRequest(OzoneProtocolMessageDispatcher.java:87) [hdds-server-framework-1.3.0-SNAPSHOT.jar:?]
	at org.apache.hadoop.ozone.protocolPB.OzoneManagerProtocolServerSideTranslatorPB.submitRequest(OzoneManagerProtocolServerSideTranslatorPB.java:147) [ozone-manager-1.3.0-SNAPSHOT.jar:?]
	at org.apache.hadoop.ozone.protocol.proto.OzoneManagerProtocolProtos$OzoneManagerService$2.callBlockingMethod(OzoneManagerProtocolProtos.java) [ozone-interface-client-1.3.0-SNAPSHOT.jar:?]
	at org.apache.hadoop.ipc.ProtobufRpcEngine$Server.processCall(ProtobufRpcEngine.java:466) [hadoop-common-3.3.1.jar:?]
	at org.apache.hadoop.ipc.ProtobufRpcEngine2$Server$ProtoBufRpcInvoker.call(ProtobufRpcEngine2.java:574) [hadoop-common-3.3.1.jar:?]
	at org.apache.hadoop.ipc.ProtobufRpcEngine2$Server$ProtoBufRpcInvoker.call(ProtobufRpcEngine2.java:552) [hadoop-common-3.3.1.jar:?]
	at org.apache.hadoop.ipc.RPC$Server.call(RPC.java:1093) [hadoop-common-3.3.1.jar:?]
	at org.apache.hadoop.ipc.Server$RpcCall.run(Server.java:1035) [hadoop-common-3.3.1.jar:?]
	at org.apache.hadoop.ipc.Server$RpcCall.run(Server.java:963) [hadoop-common-3.3.1.jar:?]
	at java.security.AccessController.doPrivileged(Native Method) ~[?:1.8.0_332]
	at javax.security.auth.Subject.doAs(Subject.java:422) [?:1.8.0_332]
	at org.apache.hadoop.security.UserGroupInformation.doAs(UserGroupInformation.java:1878) [hadoop-common-3.3.1.jar:?]
	at org.apache.hadoop.ipc.Server$Handler.run(Server.java:2966) [hadoop-common-3.3.1.jar:?]
13:56:23.108 [IPC Server handler 17 on default port 33745] ERROR OMAudit - user=runner | ip=127.0.0.1 | op=GET_FILE_STATUS {volume=volume37829, bucket=bucket78784, key=gdir1/dir2/child, dataSize=0, replicationConfig=null} | ret=FAILURE
org.apache.hadoop.ozone.om.exceptions.OMException: Unable to get file status: volume: volume37829 bucket: bucket78784 key: gdir1/dir2/child
	at org.apache.hadoop.ozone.om.KeyManagerImpl.getOzoneFileStatus(KeyManagerImpl.java:1311) ~[ozone-manager-1.3.0-SNAPSHOT.jar:?]
	at org.apache.hadoop.ozone.om.KeyManagerImpl.getFileStatus(KeyManagerImpl.java:1241) ~[ozone-manager-1.3.0-SNAPSHOT.jar:?]
	at org.apache.hadoop.ozone.om.OzoneManager.getFileStatus(OzoneManager.java:3419) ~[ozone-manager-1.3.0-SNAPSHOT.jar:?]
	at org.apache.hadoop.ozone.protocolPB.OzoneManagerRequestHandler.getOzoneFileStatus(OzoneManagerRequestHandler.java:871) ~[ozone-manager-1.3.0-SNAPSHOT.jar:?]
	at org.apache.hadoop.ozone.protocolPB.OzoneManagerRequestHandler.handleReadRequest(OzoneManagerRequestHandler.java:217) ~[ozone-manager-1.3.0-SNAPSHOT.jar:?]
	at org.apache.hadoop.ozone.protocolPB.OzoneManagerProtocolServerSideTranslatorPB.submitRequestDirectlyToOM(OzoneManagerProtocolServerSideTranslatorPB.java:284) ~[ozone-manager-1.3.0-SNAPSHOT.jar:?]
	at org.apache.hadoop.ozone.protocolPB.OzoneManagerProtocolServerSideTranslatorPB.processRequest(OzoneManagerProtocolServerSideTranslatorPB.java:207) ~[ozone-manager-1.3.0-SNAPSHOT.jar:?]
	at org.apache.hadoop.hdds.server.OzoneProtocolMessageDispatcher.processRequest(OzoneProtocolMessageDispatcher.java:87) [hdds-server-framework-1.3.0-SNAPSHOT.jar:?]
	at org.apache.hadoop.ozone.protocolPB.OzoneManagerProtocolServerSideTranslatorPB.submitRequest(OzoneManagerProtocolServerSideTranslatorPB.java:147) [ozone-manager-1.3.0-SNAPSHOT.jar:?]
	at org.apache.hadoop.ozone.protocol.proto.OzoneManagerProtocolProtos$OzoneManagerService$2.callBlockingMethod(OzoneManagerProtocolProtos.java) [ozone-interface-client-1.3.0-SNAPSHOT.jar:?]
	at org.apache.hadoop.ipc.ProtobufRpcEngine$Server.processCall(ProtobufRpcEngine.java:466) [hadoop-common-3.3.1.jar:?]
	at org.apache.hadoop.ipc.ProtobufRpcEngine2$Server$ProtoBufRpcInvoker.call(ProtobufRpcEngine2.java:574) [hadoop-common-3.3.1.jar:?]
	at org.apache.hadoop.ipc.ProtobufRpcEngine2$Server$ProtoBufRpcInvoker.call(ProtobufRpcEngine2.java:552) [hadoop-common-3.3.1.jar:?]
	at org.apache.hadoop.ipc.RPC$Server.call(RPC.java:1093) [hadoop-common-3.3.1.jar:?]
	at org.apache.hadoop.ipc.Server$RpcCall.run(Server.java:1035) [hadoop-common-3.3.1.jar:?]
	at org.apache.hadoop.ipc.Server$RpcCall.run(Server.java:963) [hadoop-common-3.3.1.jar:?]
	at java.security.AccessController.doPrivileged(Native Method) ~[?:1.8.0_332]
	at javax.security.auth.Subject.doAs(Subject.java:422) [?:1.8.0_332]
	at org.apache.hadoop.security.UserGroupInformation.doAs(UserGroupInformation.java:1878) [hadoop-common-3.3.1.jar:?]
	at org.apache.hadoop.ipc.Server$Handler.run(Server.java:2966) [hadoop-common-3.3.1.jar:?]
13:56:23.109 [IPC Server handler 14 on default port 33745] ERROR OMAudit - user=runner | ip=127.0.0.1 | op=GET_FILE_STATUS {volume=volume37829, bucket=bucket78784, key=gdir1/dir3, dataSize=0, replicationConfig=null} | ret=FAILURE
org.apache.hadoop.ozone.om.exceptions.OMException: Unable to get file status: volume: volume37829 bucket: bucket78784 key: gdir1/dir3
	at org.apache.hadoop.ozone.om.KeyManagerImpl.getOzoneFileStatus(KeyManagerImpl.java:1311) ~[ozone-manager-1.3.0-SNAPSHOT.jar:?]
	at org.apache.hadoop.ozone.om.KeyManagerImpl.getFileStatus(KeyManagerImpl.java:1241) ~[ozone-manager-1.3.0-SNAPSHOT.jar:?]
	at org.apache.hadoop.ozone.om.OzoneManager.getFileStatus(OzoneManager.java:3419) ~[ozone-manager-1.3.0-SNAPSHOT.jar:?]
	at org.apache.hadoop.ozone.protocolPB.OzoneManagerRequestHandler.getOzoneFileStatus(OzoneManagerRequestHandler.java:871) ~[ozone-manager-1.3.0-SNAPSHOT.jar:?]
	at org.apache.hadoop.ozone.protocolPB.OzoneManagerRequestHandler.handleReadRequest(OzoneManagerRequestHandler.java:217) ~[ozone-manager-1.3.0-SNAPSHOT.jar:?]
	at org.apache.hadoop.ozone.protocolPB.OzoneManagerProtocolServerSideTranslatorPB.submitRequestDirectlyToOM(OzoneManagerProtocolServerSideTranslatorPB.java:284) ~[ozone-manager-1.3.0-SNAPSHOT.jar:?]
	at org.apache.hadoop.ozone.protocolPB.OzoneManagerProtocolServerSideTranslatorPB.processRequest(OzoneManagerProtocolServerSideTranslatorPB.java:207) ~[ozone-manager-1.3.0-SNAPSHOT.jar:?]
	at org.apache.hadoop.hdds.server.OzoneProtocolMessageDispatcher.processRequest(OzoneProtocolMessageDispatcher.java:87) [hdds-server-framework-1.3.0-SNAPSHOT.jar:?]
	at org.apache.hadoop.ozone.protocolPB.OzoneManagerProtocolServerSideTranslatorPB.submitRequest(OzoneManagerProtocolServerSideTranslatorPB.java:147) [ozone-manager-1.3.0-SNAPSHOT.jar:?]
	at org.apache.hadoop.ozone.protocol.proto.OzoneManagerProtocolProtos$OzoneManagerService$2.callBlockingMethod(OzoneManagerProtocolProtos.java) [ozone-interface-client-1.3.0-SNAPSHOT.jar:?]
	at org.apache.hadoop.ipc.ProtobufRpcEngine$Server.processCall(ProtobufRpcEngine.java:466) [hadoop-common-3.3.1.jar:?]
	at org.apache.hadoop.ipc.ProtobufRpcEngine2$Server$ProtoBufRpcInvoker.call(ProtobufRpcEngine2.java:574) [hadoop-common-3.3.1.jar:?]
	at org.apache.hadoop.ipc.ProtobufRpcEngine2$Server$ProtoBufRpcInvoker.call(ProtobufRpcEngine2.java:552) [hadoop-common-3.3.1.jar:?]
	at org.apache.hadoop.ipc.RPC$Server.call(RPC.java:1093) [hadoop-common-3.3.1.jar:?]
	at org.apache.hadoop.ipc.Server$RpcCall.run(Server.java:1035) [hadoop-common-3.3.1.jar:?]
	at org.apache.hadoop.ipc.Server$RpcCall.run(Server.java:963) [hadoop-common-3.3.1.jar:?]
	at java.security.AccessController.doPrivileged(Native Method) ~[?:1.8.0_332]
	at javax.security.auth.Subject.doAs(Subject.java:422) [?:1.8.0_332]
	at org.apache.hadoop.security.UserGroupInformation.doAs(UserGroupInformation.java:1878) [hadoop-common-3.3.1.jar:?]
	at org.apache.hadoop.ipc.Server$Handler.run(Server.java:2966) [hadoop-common-3.3.1.jar:?]
13:56:23.109 [IPC Server handler 16 on default port 33745] ERROR OMAudit - user=runner | ip=127.0.0.1 | op=GET_FILE_STATUS {volume=volume37829, bucket=bucket78784, key=gdir1/dir3/child, dataSize=0, replicationConfig=null} | ret=FAILURE
org.apache.hadoop.ozone.om.exceptions.OMException: Unable to get file status: volume: volume37829 bucket: bucket78784 key: gdir1/dir3/child
	at org.apache.hadoop.ozone.om.KeyManagerImpl.getOzoneFileStatus(KeyManagerImpl.java:1311) ~[ozone-manager-1.3.0-SNAPSHOT.jar:?]
	at org.apache.hadoop.ozone.om.KeyManagerImpl.getFileStatus(KeyManagerImpl.java:1241) ~[ozone-manager-1.3.0-SNAPSHOT.jar:?]
	at org.apache.hadoop.ozone.om.OzoneManager.getFileStatus(OzoneManager.java:3419) ~[ozone-manager-1.3.0-SNAPSHOT.jar:?]
	at org.apache.hadoop.ozone.protocolPB.OzoneManagerRequestHandler.getOzoneFileStatus(OzoneManagerRequestHandler.java:871) ~[ozone-manager-1.3.0-SNAPSHOT.jar:?]
	at org.apache.hadoop.ozone.protocolPB.OzoneManagerRequestHandler.handleReadRequest(OzoneManagerRequestHandler.java:217) ~[ozone-manager-1.3.0-SNAPSHOT.jar:?]
	at org.apache.hadoop.ozone.protocolPB.OzoneManagerProtocolServerSideTranslatorPB.submitRequestDirectlyToOM(OzoneManagerProtocolServerSideTranslatorPB.java:284) ~[ozone-manager-1.3.0-SNAPSHOT.jar:?]
	at org.apache.hadoop.ozone.protocolPB.OzoneManagerProtocolServerSideTranslatorPB.processRequest(OzoneManagerProtocolServerSideTranslatorPB.java:207) ~[ozone-manager-1.3.0-SNAPSHOT.jar:?]
	at org.apache.hadoop.hdds.server.OzoneProtocolMessageDispatcher.processRequest(OzoneProtocolMessageDispatcher.java:87) [hdds-server-framework-1.3.0-SNAPSHOT.jar:?]
	at org.apache.hadoop.ozone.protocolPB.OzoneManagerProtocolServerSideTranslatorPB.submitRequest(OzoneManagerProtocolServerSideTranslatorPB.java:147) [ozone-manager-1.3.0-SNAPSHOT.jar:?]
	at org.apache.hadoop.ozone.protocol.proto.OzoneManagerProtocolProtos$OzoneManagerService$2.callBlockingMethod(OzoneManagerProtocolProtos.java) [ozone-interface-client-1.3.0-SNAPSHOT.jar:?]
	at org.apache.hadoop.ipc.ProtobufRpcEngine$Server.processCall(ProtobufRpcEngine.java:466) [hadoop-common-3.3.1.jar:?]
	at org.apache.hadoop.ipc.ProtobufRpcEngine2$Server$ProtoBufRpcInvoker.call(ProtobufRpcEngine2.java:574) [hadoop-common-3.3.1.jar:?]
	at org.apache.hadoop.ipc.ProtobufRpcEngine2$Server$ProtoBufRpcInvoker.call(ProtobufRpcEngine2.java:552) [hadoop-common-3.3.1.jar:?]
	at org.apache.hadoop.ipc.RPC$Server.call(RPC.java:1093) [hadoop-common-3.3.1.jar:?]
	at org.apache.hadoop.ipc.Server$RpcCall.run(Server.java:1035) [hadoop-common-3.3.1.jar:?]
	at org.apache.hadoop.ipc.Server$RpcCall.run(Server.java:963) [hadoop-common-3.3.1.jar:?]
	at java.security.AccessController.doPrivileged(Native Method) ~[?:1.8.0_332]
	at javax.security.auth.Subject.doAs(Subject.java:422) [?:1.8.0_332]
	at org.apache.hadoop.security.UserGroupInformation.doAs(UserGroupInformation.java:1878) [hadoop-common-3.3.1.jar:?]
	at org.apache.hadoop.ipc.Server$Handler.run(Server.java:2966) [hadoop-common-3.3.1.jar:?]
13:56:23.110 [IPC Server handler 18 on default port 33745] ERROR OMAudit - user=runner | ip=127.0.0.1 | op=GET_FILE_STATUS {volume=volume37829, bucket=bucket78784, key=gdir1/dir4, dataSize=0, replicationConfig=null} | ret=FAILURE
org.apache.hadoop.ozone.om.exceptions.OMException: Unable to get file status: volume: volume37829 bucket: bucket78784 key: gdir1/dir4
	at org.apache.hadoop.ozone.om.KeyManagerImpl.getOzoneFileStatus(KeyManagerImpl.java:1311) ~[ozone-manager-1.3.0-SNAPSHOT.jar:?]
	at org.apache.hadoop.ozone.om.KeyManagerImpl.getFileStatus(KeyManagerImpl.java:1241) ~[ozone-manager-1.3.0-SNAPSHOT.jar:?]
	at org.apache.hadoop.ozone.om.OzoneManager.getFileStatus(OzoneManager.java:3419) ~[ozone-manager-1.3.0-SNAPSHOT.jar:?]
	at org.apache.hadoop.ozone.protocolPB.OzoneManagerRequestHandler.getOzoneFileStatus(OzoneManagerRequestHandler.java:871) ~[ozone-manager-1.3.0-SNAPSHOT.jar:?]
	at org.apache.hadoop.ozone.protocolPB.OzoneManagerRequestHandler.handleReadRequest(OzoneManagerRequestHandler.java:217) ~[ozone-manager-1.3.0-SNAPSHOT.jar:?]
	at org.apache.hadoop.ozone.protocolPB.OzoneManagerProtocolServerSideTranslatorPB.submitRequestDirectlyToOM(OzoneManagerProtocolServerSideTranslatorPB.java:284) ~[ozone-manager-1.3.0-SNAPSHOT.jar:?]
	at org.apache.hadoop.ozone.protocolPB.OzoneManagerProtocolServerSideTranslatorPB.processRequest(OzoneManagerProtocolServerSideTranslatorPB.java:207) ~[ozone-manager-1.3.0-SNAPSHOT.jar:?]
	at org.apache.hadoop.hdds.server.OzoneProtocolMessageDispatcher.processRequest(OzoneProtocolMessageDispatcher.java:87) [hdds-server-framework-1.3.0-SNAPSHOT.jar:?]
	at org.apache.hadoop.ozone.protocolPB.OzoneManagerProtocolServerSideTranslatorPB.submitRequest(OzoneManagerProtocolServerSideTranslatorPB.java:147) [ozone-manager-1.3.0-SNAPSHOT.jar:?]
	at org.apache.hadoop.ozone.protocol.proto.OzoneManagerProtocolProtos$OzoneManagerService$2.callBlockingMethod(OzoneManagerProtocolProtos.java) [ozone-interface-client-1.3.0-SNAPSHOT.jar:?]
	at org.apache.hadoop.ipc.ProtobufRpcEngine$Server.processCall(ProtobufRpcEngine.java:466) [hadoop-common-3.3.1.jar:?]
	at org.apache.hadoop.ipc.ProtobufRpcEngine2$Server$ProtoBufRpcInvoker.call(ProtobufRpcEngine2.java:574) [hadoop-common-3.3.1.jar:?]
	at org.apache.hadoop.ipc.ProtobufRpcEngine2$Server$ProtoBufRpcInvoker.call(ProtobufRpcEngine2.java:552) [hadoop-common-3.3.1.jar:?]
	at org.apache.hadoop.ipc.RPC$Server.call(RPC.java:1093) [hadoop-common-3.3.1.jar:?]
	at org.apache.hadoop.ipc.Server$RpcCall.run(Server.java:1035) [hadoop-common-3.3.1.jar:?]
	at org.apache.hadoop.ipc.Server$RpcCall.run(Server.java:963) [hadoop-common-3.3.1.jar:?]
	at java.security.AccessController.doPrivileged(Native Method) ~[?:1.8.0_332]
	at javax.security.auth.Subject.doAs(Subject.java:422) [?:1.8.0_332]
	at org.apache.hadoop.security.UserGroupInformation.doAs(UserGroupInformation.java:1878) [hadoop-common-3.3.1.jar:?]
	at org.apache.hadoop.ipc.Server$Handler.run(Server.java:2966) [hadoop-common-3.3.1.jar:?]
13:56:23.111 [IPC Server handler 0 on default port 33745] ERROR OMAudit - user=runner | ip=127.0.0.1 | op=GET_FILE_STATUS {volume=volume37829, bucket=bucket78784, key=gdir1/dir4/child, dataSize=0, replicationConfig=null} | ret=FAILURE
org.apache.hadoop.ozone.om.exceptions.OMException: Unable to get file status: volume: volume37829 bucket: bucket78784 key: gdir1/dir4/child
	at org.apache.hadoop.ozone.om.KeyManagerImpl.getOzoneFileStatus(KeyManagerImpl.java:1311) ~[ozone-manager-1.3.0-SNAPSHOT.jar:?]
	at org.apache.hadoop.ozone.om.KeyManagerImpl.getFileStatus(KeyManagerImpl.java:1241) ~[ozone-manager-1.3.0-SNAPSHOT.jar:?]
	at org.apache.hadoop.ozone.om.OzoneManager.getFileStatus(OzoneManager.java:3419) ~[ozone-manager-1.3.0-SNAPSHOT.jar:?]
	at org.apache.hadoop.ozone.protocolPB.OzoneManagerRequestHandler.getOzoneFileStatus(OzoneManagerRequestHandler.java:871) ~[ozone-manager-1.3.0-SNAPSHOT.jar:?]
	at org.apache.hadoop.ozone.protocolPB.OzoneManagerRequestHandler.handleReadRequest(OzoneManagerRequestHandler.java:217) ~[ozone-manager-1.3.0-SNAPSHOT.jar:?]
	at org.apache.hadoop.ozone.protocolPB.OzoneManagerProtocolServerSideTranslatorPB.submitRequestDirectlyToOM(OzoneManagerProtocolServerSideTranslatorPB.java:284) ~[ozone-manager-1.3.0-SNAPSHOT.jar:?]
	at org.apache.hadoop.ozone.protocolPB.OzoneManagerProtocolServerSideTranslatorPB.processRequest(OzoneManagerProtocolServerSideTranslatorPB.java:207) ~[ozone-manager-1.3.0-SNAPSHOT.jar:?]
	at org.apache.hadoop.hdds.server.OzoneProtocolMessageDispatcher.processRequest(OzoneProtocolMessageDispatcher.java:87) [hdds-server-framework-1.3.0-SNAPSHOT.jar:?]
	at org.apache.hadoop.ozone.protocolPB.OzoneManagerProtocolServerSideTranslatorPB.submitRequest(OzoneManagerProtocolServerSideTranslatorPB.java:147) [ozone-manager-1.3.0-SNAPSHOT.jar:?]
	at org.apache.hadoop.ozone.protocol.proto.OzoneManagerProtocolProtos$OzoneManagerService$2.callBlockingMethod(OzoneManagerProtocolProtos.java) [ozone-interface-client-1.3.0-SNAPSHOT.jar:?]
	at org.apache.hadoop.ipc.ProtobufRpcEngine$Server.processCall(ProtobufRpcEngine.java:466) [hadoop-common-3.3.1.jar:?]
	at org.apache.hadoop.ipc.ProtobufRpcEngine2$Server$ProtoBufRpcInvoker.call(ProtobufRpcEngine2.java:574) [hadoop-common-3.3.1.jar:?]
	at org.apache.hadoop.ipc.ProtobufRpcEngine2$Server$ProtoBufRpcInvoker.call(ProtobufRpcEngine2.java:552) [hadoop-common-3.3.1.jar:?]
	at org.apache.hadoop.ipc.RPC$Server.call(RPC.java:1093) [hadoop-common-3.3.1.jar:?]
	at org.apache.hadoop.ipc.Server$RpcCall.run(Server.java:1035) [hadoop-common-3.3.1.jar:?]
	at org.apache.hadoop.ipc.Server$RpcCall.run(Server.java:963) [hadoop-common-3.3.1.jar:?]
	at java.security.AccessController.doPrivileged(Native Method) ~[?:1.8.0_332]
	at javax.security.auth.Subject.doAs(Subject.java:422) [?:1.8.0_332]
	at org.apache.hadoop.security.UserGroupInformation.doAs(UserGroupInformation.java:1878) [hadoop-common-3.3.1.jar:?]
	at org.apache.hadoop.ipc.Server$Handler.run(Server.java:2966) [hadoop-common-3.3.1.jar:?]
13:56:23.111 [IPC Server handler 2 on default port 33745] ERROR OMAudit - user=runner | ip=127.0.0.1 | op=GET_FILE_STATUS {volume=volume37829, bucket=bucket78784, key=gdir1/dir5, dataSize=0, replicationConfig=null} | ret=FAILURE
org.apache.hadoop.ozone.om.exceptions.OMException: Unable to get file status: volume: volume37829 bucket: bucket78784 key: gdir1/dir5
	at org.apache.hadoop.ozone.om.KeyManagerImpl.getOzoneFileStatus(KeyManagerImpl.java:1311) ~[ozone-manager-1.3.0-SNAPSHOT.jar:?]
	at org.apache.hadoop.ozone.om.KeyManagerImpl.getFileStatus(KeyManagerImpl.java:1241) ~[ozone-manager-1.3.0-SNAPSHOT.jar:?]
	at org.apache.hadoop.ozone.om.OzoneManager.getFileStatus(OzoneManager.java:3419) ~[ozone-manager-1.3.0-SNAPSHOT.jar:?]
	at org.apache.hadoop.ozone.protocolPB.OzoneManagerRequestHandler.getOzoneFileStatus(OzoneManagerRequestHandler.java:871) ~[ozone-manager-1.3.0-SNAPSHOT.jar:?]
	at org.apache.hadoop.ozone.protocolPB.OzoneManagerRequestHandler.handleReadRequest(OzoneManagerRequestHandler.java:217) ~[ozone-manager-1.3.0-SNAPSHOT.jar:?]
	at org.apache.hadoop.ozone.protocolPB.OzoneManagerProtocolServerSideTranslatorPB.submitRequestDirectlyToOM(OzoneManagerProtocolServerSideTranslatorPB.java:284) ~[ozone-manager-1.3.0-SNAPSHOT.jar:?]
	at org.apache.hadoop.ozone.protocolPB.OzoneManagerProtocolServerSideTranslatorPB.processRequest(OzoneManagerProtocolServerSideTranslatorPB.java:207) ~[ozone-manager-1.3.0-SNAPSHOT.jar:?]
	at org.apache.hadoop.hdds.server.OzoneProtocolMessageDispatcher.processRequest(OzoneProtocolMessageDispatcher.java:87) [hdds-server-framework-1.3.0-SNAPSHOT.jar:?]
	at org.apache.hadoop.ozone.protocolPB.OzoneManagerProtocolServerSideTranslatorPB.submitRequest(OzoneManagerProtocolServerSideTranslatorPB.java:147) [ozone-manager-1.3.0-SNAPSHOT.jar:?]
	at org.apache.hadoop.ozone.protocol.proto.OzoneManagerProtocolProtos$OzoneManagerService$2.callBlockingMethod(OzoneManagerProtocolProtos.java) [ozone-interface-client-1.3.0-SNAPSHOT.jar:?]
	at org.apache.hadoop.ipc.ProtobufRpcEngine$Server.processCall(ProtobufRpcEngine.java:466) [hadoop-common-3.3.1.jar:?]
	at org.apache.hadoop.ipc.ProtobufRpcEngine2$Server$ProtoBufRpcInvoker.call(ProtobufRpcEngine2.java:574) [hadoop-common-3.3.1.jar:?]
	at org.apache.hadoop.ipc.ProtobufRpcEngine2$Server$ProtoBufRpcInvoker.call(ProtobufRpcEngine2.java:552) [hadoop-common-3.3.1.jar:?]
	at org.apache.hadoop.ipc.RPC$Server.call(RPC.java:1093) [hadoop-common-3.3.1.jar:?]
	at org.apache.hadoop.ipc.Server$RpcCall.run(Server.java:1035) [hadoop-common-3.3.1.jar:?]
	at org.apache.hadoop.ipc.Server$RpcCall.run(Server.java:963) [hadoop-common-3.3.1.jar:?]
	at java.security.AccessController.doPrivileged(Native Method) ~[?:1.8.0_332]
	at javax.security.auth.Subject.doAs(Subject.java:422) [?:1.8.0_332]
	at org.apache.hadoop.security.UserGroupInformation.doAs(UserGroupInformation.java:1878) [hadoop-common-3.3.1.jar:?]
	at org.apache.hadoop.ipc.Server$Handler.run(Server.java:2966) [hadoop-common-3.3.1.jar:?]
13:56:23.112 [IPC Server handler 7 on default port 33745] ERROR OMAudit - user=runner | ip=127.0.0.1 | op=GET_FILE_STATUS {volume=volume37829, bucket=bucket78784, key=gdir1/dir5/child, dataSize=0, replicationConfig=null} | ret=FAILURE
org.apache.hadoop.ozone.om.exceptions.OMException: Unable to get file status: volume: volume37829 bucket: bucket78784 key: gdir1/dir5/child
	at org.apache.hadoop.ozone.om.KeyManagerImpl.getOzoneFileStatus(KeyManagerImpl.java:1311) ~[ozone-manager-1.3.0-SNAPSHOT.jar:?]
	at org.apache.hadoop.ozone.om.KeyManagerImpl.getFileStatus(KeyManagerImpl.java:1241) ~[ozone-manager-1.3.0-SNAPSHOT.jar:?]
	at org.apache.hadoop.ozone.om.OzoneManager.getFileStatus(OzoneManager.java:3419) ~[ozone-manager-1.3.0-SNAPSHOT.jar:?]
	at org.apache.hadoop.ozone.protocolPB.OzoneManagerRequestHandler.getOzoneFileStatus(OzoneManagerRequestHandler.java:871) ~[ozone-manager-1.3.0-SNAPSHOT.jar:?]
	at org.apache.hadoop.ozone.protocolPB.OzoneManagerRequestHandler.handleReadRequest(OzoneManagerRequestHandler.java:217) ~[ozone-manager-1.3.0-SNAPSHOT.jar:?]
	at org.apache.hadoop.ozone.protocolPB.OzoneManagerProtocolServerSideTranslatorPB.submitRequestDirectlyToOM(OzoneManagerProtocolServerSideTranslatorPB.java:284) ~[ozone-manager-1.3.0-SNAPSHOT.jar:?]
	at org.apache.hadoop.ozone.protocolPB.OzoneManagerProtocolServerSideTranslatorPB.processRequest(OzoneManagerProtocolServerSideTranslatorPB.java:207) ~[ozone-manager-1.3.0-SNAPSHOT.jar:?]
	at org.apache.hadoop.hdds.server.OzoneProtocolMessageDispatcher.processRequest(OzoneProtocolMessageDispatcher.java:87) [hdds-server-framework-1.3.0-SNAPSHOT.jar:?]
	at org.apache.hadoop.ozone.protocolPB.OzoneManagerProtocolServerSideTranslatorPB.submitRequest(OzoneManagerProtocolServerSideTranslatorPB.java:147) [ozone-manager-1.3.0-SNAPSHOT.jar:?]
	at org.apache.hadoop.ozone.protocol.proto.OzoneManagerProtocolProtos$OzoneManagerService$2.callBlockingMethod(OzoneManagerProtocolProtos.java) [ozone-interface-client-1.3.0-SNAPSHOT.jar:?]
	at org.apache.hadoop.ipc.ProtobufRpcEngine$Server.processCall(ProtobufRpcEngine.java:466) [hadoop-common-3.3.1.jar:?]
	at org.apache.hadoop.ipc.ProtobufRpcEngine2$Server$ProtoBufRpcInvoker.call(ProtobufRpcEngine2.java:574) [hadoop-common-3.3.1.jar:?]
	at org.apache.hadoop.ipc.ProtobufRpcEngine2$Server$ProtoBufRpcInvoker.call(ProtobufRpcEngine2.java:552) [hadoop-common-3.3.1.jar:?]
	at org.apache.hadoop.ipc.RPC$Server.call(RPC.java:1093) [hadoop-common-3.3.1.jar:?]
	at org.apache.hadoop.ipc.Server$RpcCall.run(Server.java:1035) [hadoop-common-3.3.1.jar:?]
	at org.apache.hadoop.ipc.Server$RpcCall.run(Server.java:963) [hadoop-common-3.3.1.jar:?]
	at java.security.AccessController.doPrivileged(Native Method) ~[?:1.8.0_332]
	at javax.security.auth.Subject.doAs(Subject.java:422) [?:1.8.0_332]
	at org.apache.hadoop.security.UserGroupInformation.doAs(UserGroupInformation.java:1878) [hadoop-common-3.3.1.jar:?]
	at org.apache.hadoop.ipc.Server$Handler.run(Server.java:2966) [hadoop-common-3.3.1.jar:?]
13:56:23.114 [IPC Server handler 8 on default port 33745] ERROR OMAudit - user=runner | ip=127.0.0.1 | op=GET_FILE_STATUS {volume=volume37829, bucket=bucket78784, key=gdir1/dir6, dataSize=0, replicationConfig=null} | ret=FAILURE
org.apache.hadoop.ozone.om.exceptions.OMException: Unable to get file status: volume: volume37829 bucket: bucket78784 key: gdir1/dir6
	at org.apache.hadoop.ozone.om.KeyManagerImpl.getOzoneFileStatus(KeyManagerImpl.java:1311) ~[ozone-manager-1.3.0-SNAPSHOT.jar:?]
	at org.apache.hadoop.ozone.om.KeyManagerImpl.getFileStatus(KeyManagerImpl.java:1241) ~[ozone-manager-1.3.0-SNAPSHOT.jar:?]
	at org.apache.hadoop.ozone.om.OzoneManager.getFileStatus(OzoneManager.java:3419) ~[ozone-manager-1.3.0-SNAPSHOT.jar:?]
	at org.apache.hadoop.ozone.protocolPB.OzoneManagerRequestHandler.getOzoneFileStatus(OzoneManagerRequestHandler.java:871) ~[ozone-manager-1.3.0-SNAPSHOT.jar:?]
	at org.apache.hadoop.ozone.protocolPB.OzoneManagerRequestHandler.handleReadRequest(OzoneManagerRequestHandler.java:217) ~[ozone-manager-1.3.0-SNAPSHOT.jar:?]
	at org.apache.hadoop.ozone.protocolPB.OzoneManagerProtocolServerSideTranslatorPB.submitRequestDirectlyToOM(OzoneManagerProtocolServerSideTranslatorPB.java:284) ~[ozone-manager-1.3.0-SNAPSHOT.jar:?]
	at org.apache.hadoop.ozone.protocolPB.OzoneManagerProtocolServerSideTranslatorPB.processRequest(OzoneManagerProtocolServerSideTranslatorPB.java:207) ~[ozone-manager-1.3.0-SNAPSHOT.jar:?]
	at org.apache.hadoop.hdds.server.OzoneProtocolMessageDispatcher.processRequest(OzoneProtocolMessageDispatcher.java:87) [hdds-server-framework-1.3.0-SNAPSHOT.jar:?]
	at org.apache.hadoop.ozone.protocolPB.OzoneManagerProtocolServerSideTranslatorPB.submitRequest(OzoneManagerProtocolServerSideTranslatorPB.java:147) [ozone-manager-1.3.0-SNAPSHOT.jar:?]
	at org.apache.hadoop.ozone.protocol.proto.OzoneManagerProtocolProtos$OzoneManagerService$2.callBlockingMethod(OzoneManagerProtocolProtos.java) [ozone-interface-client-1.3.0-SNAPSHOT.jar:?]
	at org.apache.hadoop.ipc.ProtobufRpcEngine$Server.processCall(ProtobufRpcEngine.java:466) [hadoop-common-3.3.1.jar:?]
	at org.apache.hadoop.ipc.ProtobufRpcEngine2$Server$ProtoBufRpcInvoker.call(ProtobufRpcEngine2.java:574) [hadoop-common-3.3.1.jar:?]
	at org.apache.hadoop.ipc.ProtobufRpcEngine2$Server$ProtoBufRpcInvoker.call(ProtobufRpcEngine2.java:552) [hadoop-common-3.3.1.jar:?]
	at org.apache.hadoop.ipc.RPC$Server.call(RPC.java:1093) [hadoop-common-3.3.1.jar:?]
	at org.apache.hadoop.ipc.Server$RpcCall.run(Server.java:1035) [hadoop-common-3.3.1.jar:?]
	at org.apache.hadoop.ipc.Server$RpcCall.run(Server.java:963) [hadoop-common-3.3.1.jar:?]
	at java.security.AccessController.doPrivileged(Native Method) ~[?:1.8.0_332]
	at javax.security.auth.Subject.doAs(Subject.java:422) [?:1.8.0_332]
	at org.apache.hadoop.security.UserGroupInformation.doAs(UserGroupInformation.java:1878) [hadoop-common-3.3.1.jar:?]
	at org.apache.hadoop.ipc.Server$Handler.run(Server.java:2966) [hadoop-common-3.3.1.jar:?]
13:56:23.116 [IPC Server handler 4 on default port 33745] ERROR OMAudit - user=runner | ip=127.0.0.1 | op=GET_FILE_STATUS {volume=volume37829, bucket=bucket78784, key=gdir1/dir6/child, dataSize=0, replicationConfig=null} | ret=FAILURE
org.apache.hadoop.ozone.om.exceptions.OMException: Unable to get file status: volume: volume37829 bucket: bucket78784 key: gdir1/dir6/child
	at org.apache.hadoop.ozone.om.KeyManagerImpl.getOzoneFileStatus(KeyManagerImpl.java:1311) ~[ozone-manager-1.3.0-SNAPSHOT.jar:?]
	at org.apache.hadoop.ozone.om.KeyManagerImpl.getFileStatus(KeyManagerImpl.java:1241) ~[ozone-manager-1.3.0-SNAPSHOT.jar:?]
	at org.apache.hadoop.ozone.om.OzoneManager.getFileStatus(OzoneManager.java:3419) ~[ozone-manager-1.3.0-SNAPSHOT.jar:?]
	at org.apache.hadoop.ozone.protocolPB.OzoneManagerRequestHandler.getOzoneFileStatus(OzoneManagerRequestHandler.java:871) ~[ozone-manager-1.3.0-SNAPSHOT.jar:?]
	at org.apache.hadoop.ozone.protocolPB.OzoneManagerRequestHandler.handleReadRequest(OzoneManagerRequestHandler.java:217) ~[ozone-manager-1.3.0-SNAPSHOT.jar:?]
	at org.apache.hadoop.ozone.protocolPB.OzoneManagerProtocolServerSideTranslatorPB.submitRequestDirectlyToOM(OzoneManagerProtocolServerSideTranslatorPB.java:284) ~[ozone-manager-1.3.0-SNAPSHOT.jar:?]
	at org.apache.hadoop.ozone.protocolPB.OzoneManagerProtocolServerSideTranslatorPB.processRequest(OzoneManagerProtocolServerSideTranslatorPB.java:207) ~[ozone-manager-1.3.0-SNAPSHOT.jar:?]
	at org.apache.hadoop.hdds.server.OzoneProtocolMessageDispatcher.processRequest(OzoneProtocolMessageDispatcher.java:87) [hdds-server-framework-1.3.0-SNAPSHOT.jar:?]
	at org.apache.hadoop.ozone.protocolPB.OzoneManagerProtocolServerSideTranslatorPB.submitRequest(OzoneManagerProtocolServerSideTranslatorPB.java:147) [ozone-manager-1.3.0-SNAPSHOT.jar:?]
	at org.apache.hadoop.ozone.protocol.proto.OzoneManagerProtocolProtos$OzoneManagerService$2.callBlockingMethod(OzoneManagerProtocolProtos.java) [ozone-interface-client-1.3.0-SNAPSHOT.jar:?]
	at org.apache.hadoop.ipc.ProtobufRpcEngine$Server.processCall(ProtobufRpcEngine.java:466) [hadoop-common-3.3.1.jar:?]
	at org.apache.hadoop.ipc.ProtobufRpcEngine2$Server$ProtoBufRpcInvoker.call(ProtobufRpcEngine2.java:574) [hadoop-common-3.3.1.jar:?]
	at org.apache.hadoop.ipc.ProtobufRpcEngine2$Server$ProtoBufRpcInvoker.call(ProtobufRpcEngine2.java:552) [hadoop-common-3.3.1.jar:?]
	at org.apache.hadoop.ipc.RPC$Server.call(RPC.java:1093) [hadoop-common-3.3.1.jar:?]
	at org.apache.hadoop.ipc.Server$RpcCall.run(Server.java:1035) [hadoop-common-3.3.1.jar:?]
	at org.apache.hadoop.ipc.Server$RpcCall.run(Server.java:963) [hadoop-common-3.3.1.jar:?]
	at java.security.AccessController.doPrivileged(Native Method) ~[?:1.8.0_332]
	at javax.security.auth.Subject.doAs(Subject.java:422) [?:1.8.0_332]
	at org.apache.hadoop.security.UserGroupInformation.doAs(UserGroupInformation.java:1878) [hadoop-common-3.3.1.jar:?]
	at org.apache.hadoop.ipc.Server$Handler.run(Server.java:2966) [hadoop-common-3.3.1.jar:?]
13:56:23.118 [IPC Server handler 5 on default port 33745] ERROR OMAudit - user=runner | ip=127.0.0.1 | op=GET_FILE_STATUS {volume=volume37829, bucket=bucket78784, key=gdir1/dir7, dataSize=0, replicationConfig=null} | ret=FAILURE
org.apache.hadoop.ozone.om.exceptions.OMException: Unable to get file status: volume: volume37829 bucket: bucket78784 key: gdir1/dir7
	at org.apache.hadoop.ozone.om.KeyManagerImpl.getOzoneFileStatus(KeyManagerImpl.java:1311) ~[ozone-manager-1.3.0-SNAPSHOT.jar:?]
	at org.apache.hadoop.ozone.om.KeyManagerImpl.getFileStatus(KeyManagerImpl.java:1241) ~[ozone-manager-1.3.0-SNAPSHOT.jar:?]
	at org.apache.hadoop.ozone.om.OzoneManager.getFileStatus(OzoneManager.java:3419) ~[ozone-manager-1.3.0-SNAPSHOT.jar:?]
	at org.apache.hadoop.ozone.protocolPB.OzoneManagerRequestHandler.getOzoneFileStatus(OzoneManagerRequestHandler.java:871) ~[ozone-manager-1.3.0-SNAPSHOT.jar:?]
	at org.apache.hadoop.ozone.protocolPB.OzoneManagerRequestHandler.handleReadRequest(OzoneManagerRequestHandler.java:217) ~[ozone-manager-1.3.0-SNAPSHOT.jar:?]
	at org.apache.hadoop.ozone.protocolPB.OzoneManagerProtocolServerSideTranslatorPB.submitRequestDirectlyToOM(OzoneManagerProtocolServerSideTranslatorPB.java:284) ~[ozone-manager-1.3.0-SNAPSHOT.jar:?]
	at org.apache.hadoop.ozone.protocolPB.OzoneManagerProtocolServerSideTranslatorPB.processRequest(OzoneManagerProtocolServerSideTranslatorPB.java:207) ~[ozone-manager-1.3.0-SNAPSHOT.jar:?]
	at org.apache.hadoop.hdds.server.OzoneProtocolMessageDispatcher.processRequest(OzoneProtocolMessageDispatcher.java:87) [hdds-server-framework-1.3.0-SNAPSHOT.jar:?]
	at org.apache.hadoop.ozone.protocolPB.OzoneManagerProtocolServerSideTranslatorPB.submitRequest(OzoneManagerProtocolServerSideTranslatorPB.java:147) [ozone-manager-1.3.0-SNAPSHOT.jar:?]
	at org.apache.hadoop.ozone.protocol.proto.OzoneManagerProtocolProtos$OzoneManagerService$2.callBlockingMethod(OzoneManagerProtocolProtos.java) [ozone-interface-client-1.3.0-SNAPSHOT.jar:?]
	at org.apache.hadoop.ipc.ProtobufRpcEngine$Server.processCall(ProtobufRpcEngine.java:466) [hadoop-common-3.3.1.jar:?]
	at org.apache.hadoop.ipc.ProtobufRpcEngine2$Server$ProtoBufRpcInvoker.call(ProtobufRpcEngine2.java:574) [hadoop-common-3.3.1.jar:?]
	at org.apache.hadoop.ipc.ProtobufRpcEngine2$Server$ProtoBufRpcInvoker.call(ProtobufRpcEngine2.java:552) [hadoop-common-3.3.1.jar:?]
	at org.apache.hadoop.ipc.RPC$Server.call(RPC.java:1093) [hadoop-common-3.3.1.jar:?]
	at org.apache.hadoop.ipc.Server$RpcCall.run(Server.java:1035) [hadoop-common-3.3.1.jar:?]
	at org.apache.hadoop.ipc.Server$RpcCall.run(Server.java:963) [hadoop-common-3.3.1.jar:?]
	at java.security.AccessController.doPrivileged(Native Method) ~[?:1.8.0_332]
	at javax.security.auth.Subject.doAs(Subject.java:422) [?:1.8.0_332]
	at org.apache.hadoop.security.UserGroupInformation.doAs(UserGroupInformation.java:1878) [hadoop-common-3.3.1.jar:?]
	at org.apache.hadoop.ipc.Server$Handler.run(Server.java:2966) [hadoop-common-3.3.1.jar:?]
13:56:23.118 [IPC Server handler 9 on default port 33745] ERROR OMAudit - user=runner | ip=127.0.0.1 | op=GET_FILE_STATUS {volume=volume37829, bucket=bucket78784, key=gdir1/dir7/child, dataSize=0, replicationConfig=null} | ret=FAILURE
org.apache.hadoop.ozone.om.exceptions.OMException: Unable to get file status: volume: volume37829 bucket: bucket78784 key: gdir1/dir7/child
	at org.apache.hadoop.ozone.om.KeyManagerImpl.getOzoneFileStatus(KeyManagerImpl.java:1311) ~[ozone-manager-1.3.0-SNAPSHOT.jar:?]
	at org.apache.hadoop.ozone.om.KeyManagerImpl.getFileStatus(KeyManagerImpl.java:1241) ~[ozone-manager-1.3.0-SNAPSHOT.jar:?]
	at org.apache.hadoop.ozone.om.OzoneManager.getFileStatus(OzoneManager.java:3419) ~[ozone-manager-1.3.0-SNAPSHOT.jar:?]
	at org.apache.hadoop.ozone.protocolPB.OzoneManagerRequestHandler.getOzoneFileStatus(OzoneManagerRequestHandler.java:871) ~[ozone-manager-1.3.0-SNAPSHOT.jar:?]
	at org.apache.hadoop.ozone.protocolPB.OzoneManagerRequestHandler.handleReadRequest(OzoneManagerRequestHandler.java:217) ~[ozone-manager-1.3.0-SNAPSHOT.jar:?]
	at org.apache.hadoop.ozone.protocolPB.OzoneManagerProtocolServerSideTranslatorPB.submitRequestDirectlyToOM(OzoneManagerProtocolServerSideTranslatorPB.java:284) ~[ozone-manager-1.3.0-SNAPSHOT.jar:?]
	at org.apache.hadoop.ozone.protocolPB.OzoneManagerProtocolServerSideTranslatorPB.processRequest(OzoneManagerProtocolServerSideTranslatorPB.java:207) ~[ozone-manager-1.3.0-SNAPSHOT.jar:?]
	at org.apache.hadoop.hdds.server.OzoneProtocolMessageDispatcher.processRequest(OzoneProtocolMessageDispatcher.java:87) [hdds-server-framework-1.3.0-SNAPSHOT.jar:?]
	at org.apache.hadoop.ozone.protocolPB.OzoneManagerProtocolServerSideTranslatorPB.submitRequest(OzoneManagerProtocolServerSideTranslatorPB.java:147) [ozone-manager-1.3.0-SNAPSHOT.jar:?]
	at org.apache.hadoop.ozone.protocol.proto.OzoneManagerProtocolProtos$OzoneManagerService$2.callBlockingMethod(OzoneManagerProtocolProtos.java) [ozone-interface-client-1.3.0-SNAPSHOT.jar:?]
	at org.apache.hadoop.ipc.ProtobufRpcEngine$Server.processCall(ProtobufRpcEngine.java:466) [hadoop-common-3.3.1.jar:?]
	at org.apache.hadoop.ipc.ProtobufRpcEngine2$Server$ProtoBufRpcInvoker.call(ProtobufRpcEngine2.java:574) [hadoop-common-3.3.1.jar:?]
	at org.apache.hadoop.ipc.ProtobufRpcEngine2$Server$ProtoBufRpcInvoker.call(ProtobufRpcEngine2.java:552) [hadoop-common-3.3.1.jar:?]
	at org.apache.hadoop.ipc.RPC$Server.call(RPC.java:1093) [hadoop-common-3.3.1.jar:?]
	at org.apache.hadoop.ipc.Server$RpcCall.run(Server.java:1035) [hadoop-common-3.3.1.jar:?]
	at org.apache.hadoop.ipc.Server$RpcCall.run(Server.java:963) [hadoop-common-3.3.1.jar:?]
	at java.security.AccessController.doPrivileged(Native Method) ~[?:1.8.0_332]
	at javax.security.auth.Subject.doAs(Subject.java:422) [?:1.8.0_332]
	at org.apache.hadoop.security.UserGroupInformation.doAs(UserGroupInformation.java:1878) [hadoop-common-3.3.1.jar:?]
	at org.apache.hadoop.ipc.Server$Handler.run(Server.java:2966) [hadoop-common-3.3.1.jar:?]
13:56:23.127 [IPC Server handler 10 on default port 33745] ERROR OMAudit - user=runner | ip=127.0.0.1 | op=GET_FILE_STATUS {volume=volume37829, bucket=bucket78784, key=gdir1/dir8, dataSize=0, replicationConfig=null} | ret=FAILURE
org.apache.hadoop.ozone.om.exceptions.OMException: Unable to get file status: volume: volume37829 bucket: bucket78784 key: gdir1/dir8
	at org.apache.hadoop.ozone.om.KeyManagerImpl.getOzoneFileStatus(KeyManagerImpl.java:1311) ~[ozone-manager-1.3.0-SNAPSHOT.jar:?]
	at org.apache.hadoop.ozone.om.KeyManagerImpl.getFileStatus(KeyManagerImpl.java:1241) ~[ozone-manager-1.3.0-SNAPSHOT.jar:?]
	at org.apache.hadoop.ozone.om.OzoneManager.getFileStatus(OzoneManager.java:3419) ~[ozone-manager-1.3.0-SNAPSHOT.jar:?]
	at org.apache.hadoop.ozone.protocolPB.OzoneManagerRequestHandler.getOzoneFileStatus(OzoneManagerRequestHandler.java:871) ~[ozone-manager-1.3.0-SNAPSHOT.jar:?]
	at org.apache.hadoop.ozone.protocolPB.OzoneManagerRequestHandler.handleReadRequest(OzoneManagerRequestHandler.java:217) ~[ozone-manager-1.3.0-SNAPSHOT.jar:?]
	at org.apache.hadoop.ozone.protocolPB.OzoneManagerProtocolServerSideTranslatorPB.submitRequestDirectlyToOM(OzoneManagerProtocolServerSideTranslatorPB.java:284) ~[ozone-manager-1.3.0-SNAPSHOT.jar:?]
	at org.apache.hadoop.ozone.protocolPB.OzoneManagerProtocolServerSideTranslatorPB.processRequest(OzoneManagerProtocolServerSideTranslatorPB.java:207) ~[ozone-manager-1.3.0-SNAPSHOT.jar:?]
	at org.apache.hadoop.hdds.server.OzoneProtocolMessageDispatcher.processRequest(OzoneProtocolMessageDispatcher.java:87) [hdds-server-framework-1.3.0-SNAPSHOT.jar:?]
	at org.apache.hadoop.ozone.protocolPB.OzoneManagerProtocolServerSideTranslatorPB.submitRequest(OzoneManagerProtocolServerSideTranslatorPB.java:147) [ozone-manager-1.3.0-SNAPSHOT.jar:?]
	at org.apache.hadoop.ozone.protocol.proto.OzoneManagerProtocolProtos$OzoneManagerService$2.callBlockingMethod(OzoneManagerProtocolProtos.java) [ozone-interface-client-1.3.0-SNAPSHOT.jar:?]
	at org.apache.hadoop.ipc.ProtobufRpcEngine$Server.processCall(ProtobufRpcEngine.java:466) [hadoop-common-3.3.1.jar:?]
	at org.apache.hadoop.ipc.ProtobufRpcEngine2$Server$ProtoBufRpcInvoker.call(ProtobufRpcEngine2.java:574) [hadoop-common-3.3.1.jar:?]
	at org.apache.hadoop.ipc.ProtobufRpcEngine2$Server$ProtoBufRpcInvoker.call(ProtobufRpcEngine2.java:552) [hadoop-common-3.3.1.jar:?]
	at org.apache.hadoop.ipc.RPC$Server.call(RPC.java:1093) [hadoop-common-3.3.1.jar:?]
	at org.apache.hadoop.ipc.Server$RpcCall.run(Server.java:1035) [hadoop-common-3.3.1.jar:?]
	at org.apache.hadoop.ipc.Server$RpcCall.run(Server.java:963) [hadoop-common-3.3.1.jar:?]
	at java.security.AccessController.doPrivileged(Native Method) ~[?:1.8.0_332]
	at javax.security.auth.Subject.doAs(Subject.java:422) [?:1.8.0_332]
	at org.apache.hadoop.security.UserGroupInformation.doAs(UserGroupInformation.java:1878) [hadoop-common-3.3.1.jar:?]
	at org.apache.hadoop.ipc.Server$Handler.run(Server.java:2966) [hadoop-common-3.3.1.jar:?]
13:56:23.128 [IPC Server handler 13 on default port 33745] ERROR OMAudit - user=runner | ip=127.0.0.1 | op=GET_FILE_STATUS {volume=volume37829, bucket=bucket78784, key=gdir1/dir8/child, dataSize=0, replicationConfig=null} | ret=FAILURE
org.apache.hadoop.ozone.om.exceptions.OMException: Unable to get file status: volume: volume37829 bucket: bucket78784 key: gdir1/dir8/child
	at org.apache.hadoop.ozone.om.KeyManagerImpl.getOzoneFileStatus(KeyManagerImpl.java:1311) ~[ozone-manager-1.3.0-SNAPSHOT.jar:?]
	at org.apache.hadoop.ozone.om.KeyManagerImpl.getFileStatus(KeyManagerImpl.java:1241) ~[ozone-manager-1.3.0-SNAPSHOT.jar:?]
	at org.apache.hadoop.ozone.om.OzoneManager.getFileStatus(OzoneManager.java:3419) ~[ozone-manager-1.3.0-SNAPSHOT.jar:?]
	at org.apache.hadoop.ozone.protocolPB.OzoneManagerRequestHandler.getOzoneFileStatus(OzoneManagerRequestHandler.java:871) ~[ozone-manager-1.3.0-SNAPSHOT.jar:?]
	at org.apache.hadoop.ozone.protocolPB.OzoneManagerRequestHandler.handleReadRequest(OzoneManagerRequestHandler.java:217) ~[ozone-manager-1.3.0-SNAPSHOT.jar:?]
	at org.apache.hadoop.ozone.protocolPB.OzoneManagerProtocolServerSideTranslatorPB.submitRequestDirectlyToOM(OzoneManagerProtocolServerSideTranslatorPB.java:284) ~[ozone-manager-1.3.0-SNAPSHOT.jar:?]
	at org.apache.hadoop.ozone.protocolPB.OzoneManagerProtocolServerSideTranslatorPB.processRequest(OzoneManagerProtocolServerSideTranslatorPB.java:207) ~[ozone-manager-1.3.0-SNAPSHOT.jar:?]
	at org.apache.hadoop.hdds.server.OzoneProtocolMessageDispatcher.processRequest(OzoneProtocolMessageDispatcher.java:87) [hdds-server-framework-1.3.0-SNAPSHOT.jar:?]
	at org.apache.hadoop.ozone.protocolPB.OzoneManagerProtocolServerSideTranslatorPB.submitRequest(OzoneManagerProtocolServerSideTranslatorPB.java:147) [ozone-manager-1.3.0-SNAPSHOT.jar:?]
	at org.apache.hadoop.ozone.protocol.proto.OzoneManagerProtocolProtos$OzoneManagerService$2.callBlockingMethod(OzoneManagerProtocolProtos.java) [ozone-interface-client-1.3.0-SNAPSHOT.jar:?]
	at org.apache.hadoop.ipc.ProtobufRpcEngine$Server.processCall(ProtobufRpcEngine.java:466) [hadoop-common-3.3.1.jar:?]
	at org.apache.hadoop.ipc.ProtobufRpcEngine2$Server$ProtoBufRpcInvoker.call(ProtobufRpcEngine2.java:574) [hadoop-common-3.3.1.jar:?]
	at org.apache.hadoop.ipc.ProtobufRpcEngine2$Server$ProtoBufRpcInvoker.call(ProtobufRpcEngine2.java:552) [hadoop-common-3.3.1.jar:?]
	at org.apache.hadoop.ipc.RPC$Server.call(RPC.java:1093) [hadoop-common-3.3.1.jar:?]
	at org.apache.hadoop.ipc.Server$RpcCall.run(Server.java:1035) [hadoop-common-3.3.1.jar:?]
	at org.apache.hadoop.ipc.Server$RpcCall.run(Server.java:963) [hadoop-common-3.3.1.jar:?]
	at java.security.AccessController.doPrivileged(Native Method) ~[?:1.8.0_332]
	at javax.security.auth.Subject.doAs(Subject.java:422) [?:1.8.0_332]
	at org.apache.hadoop.security.UserGroupInformation.doAs(UserGroupInformation.java:1878) [hadoop-common-3.3.1.jar:?]
	at org.apache.hadoop.ipc.Server$Handler.run(Server.java:2966) [hadoop-common-3.3.1.jar:?]
13:56:23.130 [IPC Server handler 11 on default port 33745] ERROR OMAudit - user=runner | ip=127.0.0.1 | op=GET_FILE_STATUS {volume=volume37829, bucket=bucket78784, key=gdir1/dir9, dataSize=0, replicationConfig=null} | ret=FAILURE
org.apache.hadoop.ozone.om.exceptions.OMException: Unable to get file status: volume: volume37829 bucket: bucket78784 key: gdir1/dir9
	at org.apache.hadoop.ozone.om.KeyManagerImpl.getOzoneFileStatus(KeyManagerImpl.java:1311) ~[ozone-manager-1.3.0-SNAPSHOT.jar:?]
	at org.apache.hadoop.ozone.om.KeyManagerImpl.getFileStatus(KeyManagerImpl.java:1241) ~[ozone-manager-1.3.0-SNAPSHOT.jar:?]
	at org.apache.hadoop.ozone.om.OzoneManager.getFileStatus(OzoneManager.java:3419) ~[ozone-manager-1.3.0-SNAPSHOT.jar:?]
	at org.apache.hadoop.ozone.protocolPB.OzoneManagerRequestHandler.getOzoneFileStatus(OzoneManagerRequestHandler.java:871) ~[ozone-manager-1.3.0-SNAPSHOT.jar:?]
	at org.apache.hadoop.ozone.protocolPB.OzoneManagerRequestHandler.handleReadRequest(OzoneManagerRequestHandler.java:217) ~[ozone-manager-1.3.0-SNAPSHOT.jar:?]
	at org.apache.hadoop.ozone.protocolPB.OzoneManagerProtocolServerSideTranslatorPB.submitRequestDirectlyToOM(OzoneManagerProtocolServerSideTranslatorPB.java:284) ~[ozone-manager-1.3.0-SNAPSHOT.jar:?]
	at org.apache.hadoop.ozone.protocolPB.OzoneManagerProtocolServerSideTranslatorPB.processRequest(OzoneManagerProtocolServerSideTranslatorPB.java:207) ~[ozone-manager-1.3.0-SNAPSHOT.jar:?]
	at org.apache.hadoop.hdds.server.OzoneProtocolMessageDispatcher.processRequest(OzoneProtocolMessageDispatcher.java:87) [hdds-server-framework-1.3.0-SNAPSHOT.jar:?]
	at org.apache.hadoop.ozone.protocolPB.OzoneManagerProtocolServerSideTranslatorPB.submitRequest(OzoneManagerProtocolServerSideTranslatorPB.java:147) [ozone-manager-1.3.0-SNAPSHOT.jar:?]
	at org.apache.hadoop.ozone.protocol.proto.OzoneManagerProtocolProtos$OzoneManagerService$2.callBlockingMethod(OzoneManagerProtocolProtos.java) [ozone-interface-client-1.3.0-SNAPSHOT.jar:?]
	at org.apache.hadoop.ipc.ProtobufRpcEngine$Server.processCall(ProtobufRpcEngine.java:466) [hadoop-common-3.3.1.jar:?]
	at org.apache.hadoop.ipc.ProtobufRpcEngine2$Server$ProtoBufRpcInvoker.call(ProtobufRpcEngine2.java:574) [hadoop-common-3.3.1.jar:?]
	at org.apache.hadoop.ipc.ProtobufRpcEngine2$Server$ProtoBufRpcInvoker.call(ProtobufRpcEngine2.java:552) [hadoop-common-3.3.1.jar:?]
	at org.apache.hadoop.ipc.RPC$Server.call(RPC.java:1093) [hadoop-common-3.3.1.jar:?]
	at org.apache.hadoop.ipc.Server$RpcCall.run(Server.java:1035) [hadoop-common-3.3.1.jar:?]
	at org.apache.hadoop.ipc.Server$RpcCall.run(Server.java:963) [hadoop-common-3.3.1.jar:?]
	at java.security.AccessController.doPrivileged(Native Method) ~[?:1.8.0_332]
	at javax.security.auth.Subject.doAs(Subject.java:422) [?:1.8.0_332]
	at org.apache.hadoop.security.UserGroupInformation.doAs(UserGroupInformation.java:1878) [hadoop-common-3.3.1.jar:?]
	at org.apache.hadoop.ipc.Server$Handler.run(Server.java:2966) [hadoop-common-3.3.1.jar:?]
13:56:23.131 [IPC Server handler 12 on default port 33745] ERROR OMAudit - user=runner | ip=127.0.0.1 | op=GET_FILE_STATUS {volume=volume37829, bucket=bucket78784, key=gdir1/dir9/child, dataSize=0, replicationConfig=null} | ret=FAILURE
org.apache.hadoop.ozone.om.exceptions.OMException: Unable to get file status: volume: volume37829 bucket: bucket78784 key: gdir1/dir9/child
	at org.apache.hadoop.ozone.om.KeyManagerImpl.getOzoneFileStatus(KeyManagerImpl.java:1311) ~[ozone-manager-1.3.0-SNAPSHOT.jar:?]
	at org.apache.hadoop.ozone.om.KeyManagerImpl.getFileStatus(KeyManagerImpl.java:1241) ~[ozone-manager-1.3.0-SNAPSHOT.jar:?]
	at org.apache.hadoop.ozone.om.OzoneManager.getFileStatus(OzoneManager.java:3419) ~[ozone-manager-1.3.0-SNAPSHOT.jar:?]
	at org.apache.hadoop.ozone.protocolPB.OzoneManagerRequestHandler.getOzoneFileStatus(OzoneManagerRequestHandler.java:871) ~[ozone-manager-1.3.0-SNAPSHOT.jar:?]
	at org.apache.hadoop.ozone.protocolPB.OzoneManagerRequestHandler.handleReadRequest(OzoneManagerRequestHandler.java:217) ~[ozone-manager-1.3.0-SNAPSHOT.jar:?]
	at org.apache.hadoop.ozone.protocolPB.OzoneManagerProtocolServerSideTranslatorPB.submitRequestDirectlyToOM(OzoneManagerProtocolServerSideTranslatorPB.java:284) ~[ozone-manager-1.3.0-SNAPSHOT.jar:?]
	at org.apache.hadoop.ozone.protocolPB.OzoneManagerProtocolServerSideTranslatorPB.processRequest(OzoneManagerProtocolServerSideTranslatorPB.java:207) ~[ozone-manager-1.3.0-SNAPSHOT.jar:?]
	at org.apache.hadoop.hdds.server.OzoneProtocolMessageDispatcher.processRequest(OzoneProtocolMessageDispatcher.java:87) [hdds-server-framework-1.3.0-SNAPSHOT.jar:?]
	at org.apache.hadoop.ozone.protocolPB.OzoneManagerProtocolServerSideTranslatorPB.submitRequest(OzoneManagerProtocolServerSideTranslatorPB.java:147) [ozone-manager-1.3.0-SNAPSHOT.jar:?]
	at org.apache.hadoop.ozone.protocol.proto.OzoneManagerProtocolProtos$OzoneManagerService$2.callBlockingMethod(OzoneManagerProtocolProtos.java) [ozone-interface-client-1.3.0-SNAPSHOT.jar:?]
	at org.apache.hadoop.ipc.ProtobufRpcEngine$Server.processCall(ProtobufRpcEngine.java:466) [hadoop-common-3.3.1.jar:?]
	at org.apache.hadoop.ipc.ProtobufRpcEngine2$Server$ProtoBufRpcInvoker.call(ProtobufRpcEngine2.java:574) [hadoop-common-3.3.1.jar:?]
	at org.apache.hadoop.ipc.ProtobufRpcEngine2$Server$ProtoBufRpcInvoker.call(ProtobufRpcEngine2.java:552) [hadoop-common-3.3.1.jar:?]
	at org.apache.hadoop.ipc.RPC$Server.call(RPC.java:1093) [hadoop-common-3.3.1.jar:?]
	at org.apache.hadoop.ipc.Server$RpcCall.run(Server.java:1035) [hadoop-common-3.3.1.jar:?]
	at org.apache.hadoop.ipc.Server$RpcCall.run(Server.java:963) [hadoop-common-3.3.1.jar:?]
	at java.security.AccessController.doPrivileged(Native Method) ~[?:1.8.0_332]
	at javax.security.auth.Subject.doAs(Subject.java:422) [?:1.8.0_332]
	at org.apache.hadoop.security.UserGroupInformation.doAs(UserGroupInformation.java:1878) [hadoop-common-3.3.1.jar:?]
	at org.apache.hadoop.ipc.Server$Handler.run(Server.java:2966) [hadoop-common-3.3.1.jar:?]
13:56:23.133 [IPC Server handler 3 on default port 33745] ERROR OMAudit - user=runner | ip=127.0.0.1 | op=GET_FILE_STATUS {volume=volume37829, bucket=bucket78784, key=gdir1/dir10, dataSize=0, replicationConfig=null} | ret=FAILURE
org.apache.hadoop.ozone.om.exceptions.OMException: Unable to get file status: volume: volume37829 bucket: bucket78784 key: gdir1/dir10
	at org.apache.hadoop.ozone.om.KeyManagerImpl.getOzoneFileStatus(KeyManagerImpl.java:1311) ~[ozone-manager-1.3.0-SNAPSHOT.jar:?]
	at org.apache.hadoop.ozone.om.KeyManagerImpl.getFileStatus(KeyManagerImpl.java:1241) ~[ozone-manager-1.3.0-SNAPSHOT.jar:?]
	at org.apache.hadoop.ozone.om.OzoneManager.getFileStatus(OzoneManager.java:3419) ~[ozone-manager-1.3.0-SNAPSHOT.jar:?]
	at org.apache.hadoop.ozone.protocolPB.OzoneManagerRequestHandler.getOzoneFileStatus(OzoneManagerRequestHandler.java:871) ~[ozone-manager-1.3.0-SNAPSHOT.jar:?]
	at org.apache.hadoop.ozone.protocolPB.OzoneManagerRequestHandler.handleReadRequest(OzoneManagerRequestHandler.java:217) ~[ozone-manager-1.3.0-SNAPSHOT.jar:?]
	at org.apache.hadoop.ozone.protocolPB.OzoneManagerProtocolServerSideTranslatorPB.submitRequestDirectlyToOM(OzoneManagerProtocolServerSideTranslatorPB.java:284) ~[ozone-manager-1.3.0-SNAPSHOT.jar:?]
	at org.apache.hadoop.ozone.protocolPB.OzoneManagerProtocolServerSideTranslatorPB.processRequest(OzoneManagerProtocolServerSideTranslatorPB.java:207) ~[ozone-manager-1.3.0-SNAPSHOT.jar:?]
	at org.apache.hadoop.hdds.server.OzoneProtocolMessageDispatcher.processRequest(OzoneProtocolMessageDispatcher.java:87) [hdds-server-framework-1.3.0-SNAPSHOT.jar:?]
	at org.apache.hadoop.ozone.protocolPB.OzoneManagerProtocolServerSideTranslatorPB.submitRequest(OzoneManagerProtocolServerSideTranslatorPB.java:147) [ozone-manager-1.3.0-SNAPSHOT.jar:?]
	at org.apache.hadoop.ozone.protocol.proto.OzoneManagerProtocolProtos$OzoneManagerService$2.callBlockingMethod(OzoneManagerProtocolProtos.java) [ozone-interface-client-1.3.0-SNAPSHOT.jar:?]
	at org.apache.hadoop.ipc.ProtobufRpcEngine$Server.processCall(ProtobufRpcEngine.java:466) [hadoop-common-3.3.1.jar:?]
	at org.apache.hadoop.ipc.ProtobufRpcEngine2$Server$ProtoBufRpcInvoker.call(ProtobufRpcEngine2.java:574) [hadoop-common-3.3.1.jar:?]
	at org.apache.hadoop.ipc.ProtobufRpcEngine2$Server$ProtoBufRpcInvoker.call(ProtobufRpcEngine2.java:552) [hadoop-common-3.3.1.jar:?]
	at org.apache.hadoop.ipc.RPC$Server.call(RPC.java:1093) [hadoop-common-3.3.1.jar:?]
	at org.apache.hadoop.ipc.Server$RpcCall.run(Server.java:1035) [hadoop-common-3.3.1.jar:?]
	at org.apache.hadoop.ipc.Server$RpcCall.run(Server.java:963) [hadoop-common-3.3.1.jar:?]
	at java.security.AccessController.doPrivileged(Native Method) ~[?:1.8.0_332]
	at javax.security.auth.Subject.doAs(Subject.java:422) [?:1.8.0_332]
	at org.apache.hadoop.security.UserGroupInformation.doAs(UserGroupInformation.java:1878) [hadoop-common-3.3.1.jar:?]
	at org.apache.hadoop.ipc.Server$Handler.run(Server.java:2966) [hadoop-common-3.3.1.jar:?]
13:56:23.133 [IPC Server handler 1 on default port 33745] ERROR OMAudit - user=runner | ip=127.0.0.1 | op=GET_FILE_STATUS {volume=volume37829, bucket=bucket78784, key=gdir1/dir10/child, dataSize=0, replicationConfig=null} | ret=FAILURE
org.apache.hadoop.ozone.om.exceptions.OMException: Unable to get file status: volume: volume37829 bucket: bucket78784 key: gdir1/dir10/child
	at org.apache.hadoop.ozone.om.KeyManagerImpl.getOzoneFileStatus(KeyManagerImpl.java:1311) ~[ozone-manager-1.3.0-SNAPSHOT.jar:?]
	at org.apache.hadoop.ozone.om.KeyManagerImpl.getFileStatus(KeyManagerImpl.java:1241) ~[ozone-manager-1.3.0-SNAPSHOT.jar:?]
	at org.apache.hadoop.ozone.om.OzoneManager.getFileStatus(OzoneManager.java:3419) ~[ozone-manager-1.3.0-SNAPSHOT.jar:?]
	at org.apache.hadoop.ozone.protocolPB.OzoneManagerRequestHandler.getOzoneFileStatus(OzoneManagerRequestHandler.java:871) ~[ozone-manager-1.3.0-SNAPSHOT.jar:?]
	at org.apache.hadoop.ozone.protocolPB.OzoneManagerRequestHandler.handleReadRequest(OzoneManagerRequestHandler.java:217) ~[ozone-manager-1.3.0-SNAPSHOT.jar:?]
	at org.apache.hadoop.ozone.protocolPB.OzoneManagerProtocolServerSideTranslatorPB.submitRequestDirectlyToOM(OzoneManagerProtocolServerSideTranslatorPB.java:284) ~[ozone-manager-1.3.0-SNAPSHOT.jar:?]
	at org.apache.hadoop.ozone.protocolPB.OzoneManagerProtocolServerSideTranslatorPB.processRequest(OzoneManagerProtocolServerSideTranslatorPB.java:207) ~[ozone-manager-1.3.0-SNAPSHOT.jar:?]
	at org.apache.hadoop.hdds.server.OzoneProtocolMessageDispatcher.processRequest(OzoneProtocolMessageDispatcher.java:87) [hdds-server-framework-1.3.0-SNAPSHOT.jar:?]
	at org.apache.hadoop.ozone.protocolPB.OzoneManagerProtocolServerSideTranslatorPB.submitRequest(OzoneManagerProtocolServerSideTranslatorPB.java:147) [ozone-manager-1.3.0-SNAPSHOT.jar:?]
	at org.apache.hadoop.ozone.protocol.proto.OzoneManagerProtocolProtos$OzoneManagerService$2.callBlockingMethod(OzoneManagerProtocolProtos.java) [ozone-interface-client-1.3.0-SNAPSHOT.jar:?]
	at org.apache.hadoop.ipc.ProtobufRpcEngine$Server.processCall(ProtobufRpcEngine.java:466) [hadoop-common-3.3.1.jar:?]
	at org.apache.hadoop.ipc.ProtobufRpcEngine2$Server$ProtoBufRpcInvoker.call(ProtobufRpcEngine2.java:574) [hadoop-common-3.3.1.jar:?]
	at org.apache.hadoop.ipc.ProtobufRpcEngine2$Server$ProtoBufRpcInvoker.call(ProtobufRpcEngine2.java:552) [hadoop-common-3.3.1.jar:?]
	at org.apache.hadoop.ipc.RPC$Server.call(RPC.java:1093) [hadoop-common-3.3.1.jar:?]
	at org.apache.hadoop.ipc.Server$RpcCall.run(Server.java:1035) [hadoop-common-3.3.1.jar:?]
	at org.apache.hadoop.ipc.Server$RpcCall.run(Server.java:963) [hadoop-common-3.3.1.jar:?]
	at java.security.AccessController.doPrivileged(Native Method) ~[?:1.8.0_332]
	at javax.security.auth.Subject.doAs(Subject.java:422) [?:1.8.0_332]
	at org.apache.hadoop.security.UserGroupInformation.doAs(UserGroupInformation.java:1878) [hadoop-common-3.3.1.jar:?]
	at org.apache.hadoop.ipc.Server$Handler.run(Server.java:2966) [hadoop-common-3.3.1.jar:?]
13:56:23.239 [IPC Server handler 9 on default port 33745] ERROR OMAudit - user=runner | ip=127.0.0.1 | op=GET_FILE_STATUS {volume=volume37829, bucket=bucket78784, key=level0, dataSize=0, replicationConfig=null} | ret=FAILURE
org.apache.hadoop.ozone.om.exceptions.OMException: Unable to get file status: volume: volume37829 bucket: bucket78784 key: level0
	at org.apache.hadoop.ozone.om.KeyManagerImpl.getOzoneFileStatus(KeyManagerImpl.java:1311) ~[ozone-manager-1.3.0-SNAPSHOT.jar:?]
	at org.apache.hadoop.ozone.om.KeyManagerImpl.getFileStatus(KeyManagerImpl.java:1241) ~[ozone-manager-1.3.0-SNAPSHOT.jar:?]
	at org.apache.hadoop.ozone.om.OzoneManager.getFileStatus(OzoneManager.java:3419) ~[ozone-manager-1.3.0-SNAPSHOT.jar:?]
	at org.apache.hadoop.ozone.protocolPB.OzoneManagerRequestHandler.getOzoneFileStatus(OzoneManagerRequestHandler.java:871) ~[ozone-manager-1.3.0-SNAPSHOT.jar:?]
	at org.apache.hadoop.ozone.protocolPB.OzoneManagerRequestHandler.handleReadRequest(OzoneManagerRequestHandler.java:217) ~[ozone-manager-1.3.0-SNAPSHOT.jar:?]
	at org.apache.hadoop.ozone.protocolPB.OzoneManagerProtocolServerSideTranslatorPB.submitRequestDirectlyToOM(OzoneManagerProtocolServerSideTranslatorPB.java:284) ~[ozone-manager-1.3.0-SNAPSHOT.jar:?]
	at org.apache.hadoop.ozone.protocolPB.OzoneManagerProtocolServerSideTranslatorPB.processRequest(OzoneManagerProtocolServerSideTranslatorPB.java:207) ~[ozone-manager-1.3.0-SNAPSHOT.jar:?]
	at org.apache.hadoop.hdds.server.OzoneProtocolMessageDispatcher.processRequest(OzoneProtocolMessageDispatcher.java:87) [hdds-server-framework-1.3.0-SNAPSHOT.jar:?]
	at org.apache.hadoop.ozone.protocolPB.OzoneManagerProtocolServerSideTranslatorPB.submitRequest(OzoneManagerProtocolServerSideTranslatorPB.java:147) [ozone-manager-1.3.0-SNAPSHOT.jar:?]
	at org.apache.hadoop.ozone.protocol.proto.OzoneManagerProtocolProtos$OzoneManagerService$2.callBlockingMethod(OzoneManagerProtocolProtos.java) [ozone-interface-client-1.3.0-SNAPSHOT.jar:?]
	at org.apache.hadoop.ipc.ProtobufRpcEngine$Server.processCall(ProtobufRpcEngine.java:466) [hadoop-common-3.3.1.jar:?]
	at org.apache.hadoop.ipc.ProtobufRpcEngine2$Server$ProtoBufRpcInvoker.call(ProtobufRpcEngine2.java:574) [hadoop-common-3.3.1.jar:?]
	at org.apache.hadoop.ipc.ProtobufRpcEngine2$Server$ProtoBufRpcInvoker.call(ProtobufRpcEngine2.java:552) [hadoop-common-3.3.1.jar:?]
	at org.apache.hadoop.ipc.RPC$Server.call(RPC.java:1093) [hadoop-common-3.3.1.jar:?]
	at org.apache.hadoop.ipc.Server$RpcCall.run(Server.java:1035) [hadoop-common-3.3.1.jar:?]
	at org.apache.hadoop.ipc.Server$RpcCall.run(Server.java:963) [hadoop-common-3.3.1.jar:?]
	at java.security.AccessController.doPrivileged(Native Method) ~[?:1.8.0_332]
	at javax.security.auth.Subject.doAs(Subject.java:422) [?:1.8.0_332]
	at org.apache.hadoop.security.UserGroupInformation.doAs(UserGroupInformation.java:1878) [hadoop-common-3.3.1.jar:?]
	at org.apache.hadoop.ipc.Server$Handler.run(Server.java:2966) [hadoop-common-3.3.1.jar:?]
13:56:23.240 [IPC Server handler 10 on default port 33745] ERROR OMAudit - user=runner | ip=127.0.0.1 | op=GET_FILE_STATUS {volume=volume37829, bucket=bucket78784, key=level0/level1, dataSize=0, replicationConfig=null} | ret=FAILURE
org.apache.hadoop.ozone.om.exceptions.OMException: Unable to get file status: volume: volume37829 bucket: bucket78784 key: level0/level1
	at org.apache.hadoop.ozone.om.KeyManagerImpl.getOzoneFileStatus(KeyManagerImpl.java:1311) ~[ozone-manager-1.3.0-SNAPSHOT.jar:?]
	at org.apache.hadoop.ozone.om.KeyManagerImpl.getFileStatus(KeyManagerImpl.java:1241) ~[ozone-manager-1.3.0-SNAPSHOT.jar:?]
	at org.apache.hadoop.ozone.om.OzoneManager.getFileStatus(OzoneManager.java:3419) ~[ozone-manager-1.3.0-SNAPSHOT.jar:?]
	at org.apache.hadoop.ozone.protocolPB.OzoneManagerRequestHandler.getOzoneFileStatus(OzoneManagerRequestHandler.java:871) ~[ozone-manager-1.3.0-SNAPSHOT.jar:?]
	at org.apache.hadoop.ozone.protocolPB.OzoneManagerRequestHandler.handleReadRequest(OzoneManagerRequestHandler.java:217) ~[ozone-manager-1.3.0-SNAPSHOT.jar:?]
	at org.apache.hadoop.ozone.protocolPB.OzoneManagerProtocolServerSideTranslatorPB.submitRequestDirectlyToOM(OzoneManagerProtocolServerSideTranslatorPB.java:284) ~[ozone-manager-1.3.0-SNAPSHOT.jar:?]
	at org.apache.hadoop.ozone.protocolPB.OzoneManagerProtocolServerSideTranslatorPB.processRequest(OzoneManagerProtocolServerSideTranslatorPB.java:207) ~[ozone-manager-1.3.0-SNAPSHOT.jar:?]
	at org.apache.hadoop.hdds.server.OzoneProtocolMessageDispatcher.processRequest(OzoneProtocolMessageDispatcher.java:87) [hdds-server-framework-1.3.0-SNAPSHOT.jar:?]
	at org.apache.hadoop.ozone.protocolPB.OzoneManagerProtocolServerSideTranslatorPB.submitRequest(OzoneManagerProtocolServerSideTranslatorPB.java:147) [ozone-manager-1.3.0-SNAPSHOT.jar:?]
	at org.apache.hadoop.ozone.protocol.proto.OzoneManagerProtocolProtos$OzoneManagerService$2.callBlockingMethod(OzoneManagerProtocolProtos.java) [ozone-interface-client-1.3.0-SNAPSHOT.jar:?]
	at org.apache.hadoop.ipc.ProtobufRpcEngine$Server.processCall(ProtobufRpcEngine.java:466) [hadoop-common-3.3.1.jar:?]
	at org.apache.hadoop.ipc.ProtobufRpcEngine2$Server$ProtoBufRpcInvoker.call(ProtobufRpcEngine2.java:574) [hadoop-common-3.3.1.jar:?]
	at org.apache.hadoop.ipc.ProtobufRpcEngine2$Server$ProtoBufRpcInvoker.call(ProtobufRpcEngine2.java:552) [hadoop-common-3.3.1.jar:?]
	at org.apache.hadoop.ipc.RPC$Server.call(RPC.java:1093) [hadoop-common-3.3.1.jar:?]
	at org.apache.hadoop.ipc.Server$RpcCall.run(Server.java:1035) [hadoop-common-3.3.1.jar:?]
	at org.apache.hadoop.ipc.Server$RpcCall.run(Server.java:963) [hadoop-common-3.3.1.jar:?]
	at java.security.AccessController.doPrivileged(Native Method) ~[?:1.8.0_332]
	at javax.security.auth.Subject.doAs(Subject.java:422) [?:1.8.0_332]
	at org.apache.hadoop.security.UserGroupInformation.doAs(UserGroupInformation.java:1878) [hadoop-common-3.3.1.jar:?]
	at org.apache.hadoop.ipc.Server$Handler.run(Server.java:2966) [hadoop-common-3.3.1.jar:?]
13:56:23.241 [IPC Server handler 13 on default port 33745] ERROR OMAudit - user=runner | ip=127.0.0.1 | op=GET_FILE_STATUS {volume=volume37829, bucket=bucket78784, key=level0/level1/level1, dataSize=0, replicationConfig=null} | ret=FAILURE
org.apache.hadoop.ozone.om.exceptions.OMException: Unable to get file status: volume: volume37829 bucket: bucket78784 key: level0/level1/level1
	at org.apache.hadoop.ozone.om.KeyManagerImpl.getOzoneFileStatus(KeyManagerImpl.java:1311) ~[ozone-manager-1.3.0-SNAPSHOT.jar:?]
	at org.apache.hadoop.ozone.om.KeyManagerImpl.getFileStatus(KeyManagerImpl.java:1241) ~[ozone-manager-1.3.0-SNAPSHOT.jar:?]
	at org.apache.hadoop.ozone.om.OzoneManager.getFileStatus(OzoneManager.java:3419) ~[ozone-manager-1.3.0-SNAPSHOT.jar:?]
	at org.apache.hadoop.ozone.protocolPB.OzoneManagerRequestHandler.getOzoneFileStatus(OzoneManagerRequestHandler.java:871) ~[ozone-manager-1.3.0-SNAPSHOT.jar:?]
	at org.apache.hadoop.ozone.protocolPB.OzoneManagerRequestHandler.handleReadRequest(OzoneManagerRequestHandler.java:217) ~[ozone-manager-1.3.0-SNAPSHOT.jar:?]
	at org.apache.hadoop.ozone.protocolPB.OzoneManagerProtocolServerSideTranslatorPB.submitRequestDirectlyToOM(OzoneManagerProtocolServerSideTranslatorPB.java:284) ~[ozone-manager-1.3.0-SNAPSHOT.jar:?]
	at org.apache.hadoop.ozone.protocolPB.OzoneManagerProtocolServerSideTranslatorPB.processRequest(OzoneManagerProtocolServerSideTranslatorPB.java:207) ~[ozone-manager-1.3.0-SNAPSHOT.jar:?]
	at org.apache.hadoop.hdds.server.OzoneProtocolMessageDispatcher.processRequest(OzoneProtocolMessageDispatcher.java:87) [hdds-server-framework-1.3.0-SNAPSHOT.jar:?]
	at org.apache.hadoop.ozone.protocolPB.OzoneManagerProtocolServerSideTranslatorPB.submitRequest(OzoneManagerProtocolServerSideTranslatorPB.java:147) [ozone-manager-1.3.0-SNAPSHOT.jar:?]
	at org.apache.hadoop.ozone.protocol.proto.OzoneManagerProtocolProtos$OzoneManagerService$2.callBlockingMethod(OzoneManagerProtocolProtos.java) [ozone-interface-client-1.3.0-SNAPSHOT.jar:?]
	at org.apache.hadoop.ipc.ProtobufRpcEngine$Server.processCall(ProtobufRpcEngine.java:466) [hadoop-common-3.3.1.jar:?]
	at org.apache.hadoop.ipc.ProtobufRpcEngine2$Server$ProtoBufRpcInvoker.call(ProtobufRpcEngine2.java:574) [hadoop-common-3.3.1.jar:?]
	at org.apache.hadoop.ipc.ProtobufRpcEngine2$Server$ProtoBufRpcInvoker.call(ProtobufRpcEngine2.java:552) [hadoop-common-3.3.1.jar:?]
	at org.apache.hadoop.ipc.RPC$Server.call(RPC.java:1093) [hadoop-common-3.3.1.jar:?]
	at org.apache.hadoop.ipc.Server$RpcCall.run(Server.java:1035) [hadoop-common-3.3.1.jar:?]
	at org.apache.hadoop.ipc.Server$RpcCall.run(Server.java:963) [hadoop-common-3.3.1.jar:?]
	at java.security.AccessController.doPrivileged(Native Method) ~[?:1.8.0_332]
	at javax.security.auth.Subject.doAs(Subject.java:422) [?:1.8.0_332]
	at org.apache.hadoop.security.UserGroupInformation.doAs(UserGroupInformation.java:1878) [hadoop-common-3.3.1.jar:?]
	at org.apache.hadoop.ipc.Server$Handler.run(Server.java:2966) [hadoop-common-3.3.1.jar:?]
13:56:23.241 [IPC Server handler 11 on default port 33745] ERROR OMAudit - user=runner | ip=127.0.0.1 | op=GET_FILE_STATUS {volume=volume37829, bucket=bucket78784, key=level0/level1/file1, dataSize=0, replicationConfig=null} | ret=FAILURE
org.apache.hadoop.ozone.om.exceptions.OMException: Unable to get file status: volume: volume37829 bucket: bucket78784 key: level0/level1/file1
	at org.apache.hadoop.ozone.om.KeyManagerImpl.getOzoneFileStatus(KeyManagerImpl.java:1311) ~[ozone-manager-1.3.0-SNAPSHOT.jar:?]
	at org.apache.hadoop.ozone.om.KeyManagerImpl.getFileStatus(KeyManagerImpl.java:1241) ~[ozone-manager-1.3.0-SNAPSHOT.jar:?]
	at org.apache.hadoop.ozone.om.OzoneManager.getFileStatus(OzoneManager.java:3419) ~[ozone-manager-1.3.0-SNAPSHOT.jar:?]
	at org.apache.hadoop.ozone.protocolPB.OzoneManagerRequestHandler.getOzoneFileStatus(OzoneManagerRequestHandler.java:871) ~[ozone-manager-1.3.0-SNAPSHOT.jar:?]
	at org.apache.hadoop.ozone.protocolPB.OzoneManagerRequestHandler.handleReadRequest(OzoneManagerRequestHandler.java:217) ~[ozone-manager-1.3.0-SNAPSHOT.jar:?]
	at org.apache.hadoop.ozone.protocolPB.OzoneManagerProtocolServerSideTranslatorPB.submitRequestDirectlyToOM(OzoneManagerProtocolServerSideTranslatorPB.java:284) ~[ozone-manager-1.3.0-SNAPSHOT.jar:?]
	at org.apache.hadoop.ozone.protocolPB.OzoneManagerProtocolServerSideTranslatorPB.processRequest(OzoneManagerProtocolServerSideTranslatorPB.java:207) ~[ozone-manager-1.3.0-SNAPSHOT.jar:?]
	at org.apache.hadoop.hdds.server.OzoneProtocolMessageDispatcher.processRequest(OzoneProtocolMessageDispatcher.java:87) [hdds-server-framework-1.3.0-SNAPSHOT.jar:?]
	at org.apache.hadoop.ozone.protocolPB.OzoneManagerProtocolServerSideTranslatorPB.submitRequest(OzoneManagerProtocolServerSideTranslatorPB.java:147) [ozone-manager-1.3.0-SNAPSHOT.jar:?]
	at org.apache.hadoop.ozone.protocol.proto.OzoneManagerProtocolProtos$OzoneManagerService$2.callBlockingMethod(OzoneManagerProtocolProtos.java) [ozone-interface-client-1.3.0-SNAPSHOT.jar:?]
	at org.apache.hadoop.ipc.ProtobufRpcEngine$Server.processCall(ProtobufRpcEngine.java:466) [hadoop-common-3.3.1.jar:?]
	at org.apache.hadoop.ipc.ProtobufRpcEngine2$Server$ProtoBufRpcInvoker.call(ProtobufRpcEngine2.java:574) [hadoop-common-3.3.1.jar:?]
	at org.apache.hadoop.ipc.ProtobufRpcEngine2$Server$ProtoBufRpcInvoker.call(ProtobufRpcEngine2.java:552) [hadoop-common-3.3.1.jar:?]
	at org.apache.hadoop.ipc.RPC$Server.call(RPC.java:1093) [hadoop-common-3.3.1.jar:?]
	at org.apache.hadoop.ipc.Server$RpcCall.run(Server.java:1035) [hadoop-common-3.3.1.jar:?]
	at org.apache.hadoop.ipc.Server$RpcCall.run(Server.java:963) [hadoop-common-3.3.1.jar:?]
	at java.security.AccessController.doPrivileged(Native Method) ~[?:1.8.0_332]
	at javax.security.auth.Subject.doAs(Subject.java:422) [?:1.8.0_332]
	at org.apache.hadoop.security.UserGroupInformation.doAs(UserGroupInformation.java:1878) [hadoop-common-3.3.1.jar:?]
	at org.apache.hadoop.ipc.Server$Handler.run(Server.java:2966) [hadoop-common-3.3.1.jar:?]
13:56:23.242 [IPC Server handler 12 on default port 33745] ERROR OMAudit - user=runner | ip=127.0.0.1 | op=GET_FILE_STATUS {volume=volume37829, bucket=bucket78784, key=level0/level1/level1/file1, dataSize=0, replicationConfig=null} | ret=FAILURE
org.apache.hadoop.ozone.om.exceptions.OMException: Unable to get file status: volume: volume37829 bucket: bucket78784 key: level0/level1/level1/file1
	at org.apache.hadoop.ozone.om.KeyManagerImpl.getOzoneFileStatus(KeyManagerImpl.java:1311) ~[ozone-manager-1.3.0-SNAPSHOT.jar:?]
	at org.apache.hadoop.ozone.om.KeyManagerImpl.getFileStatus(KeyManagerImpl.java:1241) ~[ozone-manager-1.3.0-SNAPSHOT.jar:?]
	at org.apache.hadoop.ozone.om.OzoneManager.getFileStatus(OzoneManager.java:3419) ~[ozone-manager-1.3.0-SNAPSHOT.jar:?]
	at org.apache.hadoop.ozone.protocolPB.OzoneManagerRequestHandler.getOzoneFileStatus(OzoneManagerRequestHandler.java:871) ~[ozone-manager-1.3.0-SNAPSHOT.jar:?]
	at org.apache.hadoop.ozone.protocolPB.OzoneManagerRequestHandler.handleReadRequest(OzoneManagerRequestHandler.java:217) ~[ozone-manager-1.3.0-SNAPSHOT.jar:?]
	at org.apache.hadoop.ozone.protocolPB.OzoneManagerProtocolServerSideTranslatorPB.submitRequestDirectlyToOM(OzoneManagerProtocolServerSideTranslatorPB.java:284) ~[ozone-manager-1.3.0-SNAPSHOT.jar:?]
	at org.apache.hadoop.ozone.protocolPB.OzoneManagerProtocolServerSideTranslatorPB.processRequest(OzoneManagerProtocolServerSideTranslatorPB.java:207) ~[ozone-manager-1.3.0-SNAPSHOT.jar:?]
	at org.apache.hadoop.hdds.server.OzoneProtocolMessageDispatcher.processRequest(OzoneProtocolMessageDispatcher.java:87) [hdds-server-framework-1.3.0-SNAPSHOT.jar:?]
	at org.apache.hadoop.ozone.protocolPB.OzoneManagerProtocolServerSideTranslatorPB.submitRequest(OzoneManagerProtocolServerSideTranslatorPB.java:147) [ozone-manager-1.3.0-SNAPSHOT.jar:?]
	at org.apache.hadoop.ozone.protocol.proto.OzoneManagerProtocolProtos$OzoneManagerService$2.callBlockingMethod(OzoneManagerProtocolProtos.java) [ozone-interface-client-1.3.0-SNAPSHOT.jar:?]
	at org.apache.hadoop.ipc.ProtobufRpcEngine$Server.processCall(ProtobufRpcEngine.java:466) [hadoop-common-3.3.1.jar:?]
	at org.apache.hadoop.ipc.ProtobufRpcEngine2$Server$ProtoBufRpcInvoker.call(ProtobufRpcEngine2.java:574) [hadoop-common-3.3.1.jar:?]
	at org.apache.hadoop.ipc.ProtobufRpcEngine2$Server$ProtoBufRpcInvoker.call(ProtobufRpcEngine2.java:552) [hadoop-common-3.3.1.jar:?]
	at org.apache.hadoop.ipc.RPC$Server.call(RPC.java:1093) [hadoop-common-3.3.1.jar:?]
	at org.apache.hadoop.ipc.Server$RpcCall.run(Server.java:1035) [hadoop-common-3.3.1.jar:?]
	at org.apache.hadoop.ipc.Server$RpcCall.run(Server.java:963) [hadoop-common-3.3.1.jar:?]
	at java.security.AccessController.doPrivileged(Native Method) ~[?:1.8.0_332]
	at javax.security.auth.Subject.doAs(Subject.java:422) [?:1.8.0_332]
	at org.apache.hadoop.security.UserGroupInformation.doAs(UserGroupInformation.java:1878) [hadoop-common-3.3.1.jar:?]
	at org.apache.hadoop.ipc.Server$Handler.run(Server.java:2966) [hadoop-common-3.3.1.jar:?]
13:56:23.243 [IPC Server handler 3 on default port 33745] ERROR OMAudit - user=runner | ip=127.0.0.1 | op=GET_FILE_STATUS {volume=volume37829, bucket=bucket78784, key=level0/level2, dataSize=0, replicationConfig=null} | ret=FAILURE
org.apache.hadoop.ozone.om.exceptions.OMException: Unable to get file status: volume: volume37829 bucket: bucket78784 key: level0/level2
	at org.apache.hadoop.ozone.om.KeyManagerImpl.getOzoneFileStatus(KeyManagerImpl.java:1311) ~[ozone-manager-1.3.0-SNAPSHOT.jar:?]
	at org.apache.hadoop.ozone.om.KeyManagerImpl.getFileStatus(KeyManagerImpl.java:1241) ~[ozone-manager-1.3.0-SNAPSHOT.jar:?]
	at org.apache.hadoop.ozone.om.OzoneManager.getFileStatus(OzoneManager.java:3419) ~[ozone-manager-1.3.0-SNAPSHOT.jar:?]
	at org.apache.hadoop.ozone.protocolPB.OzoneManagerRequestHandler.getOzoneFileStatus(OzoneManagerRequestHandler.java:871) ~[ozone-manager-1.3.0-SNAPSHOT.jar:?]
	at org.apache.hadoop.ozone.protocolPB.OzoneManagerRequestHandler.handleReadRequest(OzoneManagerRequestHandler.java:217) ~[ozone-manager-1.3.0-SNAPSHOT.jar:?]
	at org.apache.hadoop.ozone.protocolPB.OzoneManagerProtocolServerSideTranslatorPB.submitRequestDirectlyToOM(OzoneManagerProtocolServerSideTranslatorPB.java:284) ~[ozone-manager-1.3.0-SNAPSHOT.jar:?]
	at org.apache.hadoop.ozone.protocolPB.OzoneManagerProtocolServerSideTranslatorPB.processRequest(OzoneManagerProtocolServerSideTranslatorPB.java:207) ~[ozone-manager-1.3.0-SNAPSHOT.jar:?]
	at org.apache.hadoop.hdds.server.OzoneProtocolMessageDispatcher.processRequest(OzoneProtocolMessageDispatcher.java:87) [hdds-server-framework-1.3.0-SNAPSHOT.jar:?]
	at org.apache.hadoop.ozone.protocolPB.OzoneManagerProtocolServerSideTranslatorPB.submitRequest(OzoneManagerProtocolServerSideTranslatorPB.java:147) [ozone-manager-1.3.0-SNAPSHOT.jar:?]
	at org.apache.hadoop.ozone.protocol.proto.OzoneManagerProtocolProtos$OzoneManagerService$2.callBlockingMethod(OzoneManagerProtocolProtos.java) [ozone-interface-client-1.3.0-SNAPSHOT.jar:?]
	at org.apache.hadoop.ipc.ProtobufRpcEngine$Server.processCall(ProtobufRpcEngine.java:466) [hadoop-common-3.3.1.jar:?]
	at org.apache.hadoop.ipc.ProtobufRpcEngine2$Server$ProtoBufRpcInvoker.call(ProtobufRpcEngine2.java:574) [hadoop-common-3.3.1.jar:?]
	at org.apache.hadoop.ipc.ProtobufRpcEngine2$Server$ProtoBufRpcInvoker.call(ProtobufRpcEngine2.java:552) [hadoop-common-3.3.1.jar:?]
	at org.apache.hadoop.ipc.RPC$Server.call(RPC.java:1093) [hadoop-common-3.3.1.jar:?]
	at org.apache.hadoop.ipc.Server$RpcCall.run(Server.java:1035) [hadoop-common-3.3.1.jar:?]
	at org.apache.hadoop.ipc.Server$RpcCall.run(Server.java:963) [hadoop-common-3.3.1.jar:?]
	at java.security.AccessController.doPrivileged(Native Method) ~[?:1.8.0_332]
	at javax.security.auth.Subject.doAs(Subject.java:422) [?:1.8.0_332]
	at org.apache.hadoop.security.UserGroupInformation.doAs(UserGroupInformation.java:1878) [hadoop-common-3.3.1.jar:?]
	at org.apache.hadoop.ipc.Server$Handler.run(Server.java:2966) [hadoop-common-3.3.1.jar:?]
13:56:23.243 [IPC Server handler 1 on default port 33745] ERROR OMAudit - user=runner | ip=127.0.0.1 | op=GET_FILE_STATUS {volume=volume37829, bucket=bucket78784, key=level0/level2/level2, dataSize=0, replicationConfig=null} | ret=FAILURE
org.apache.hadoop.ozone.om.exceptions.OMException: Unable to get file status: volume: volume37829 bucket: bucket78784 key: level0/level2/level2
	at org.apache.hadoop.ozone.om.KeyManagerImpl.getOzoneFileStatus(KeyManagerImpl.java:1311) ~[ozone-manager-1.3.0-SNAPSHOT.jar:?]
	at org.apache.hadoop.ozone.om.KeyManagerImpl.getFileStatus(KeyManagerImpl.java:1241) ~[ozone-manager-1.3.0-SNAPSHOT.jar:?]
	at org.apache.hadoop.ozone.om.OzoneManager.getFileStatus(OzoneManager.java:3419) ~[ozone-manager-1.3.0-SNAPSHOT.jar:?]
	at org.apache.hadoop.ozone.protocolPB.OzoneManagerRequestHandler.getOzoneFileStatus(OzoneManagerRequestHandler.java:871) ~[ozone-manager-1.3.0-SNAPSHOT.jar:?]
	at org.apache.hadoop.ozone.protocolPB.OzoneManagerRequestHandler.handleReadRequest(OzoneManagerRequestHandler.java:217) ~[ozone-manager-1.3.0-SNAPSHOT.jar:?]
	at org.apache.hadoop.ozone.protocolPB.OzoneManagerProtocolServerSideTranslatorPB.submitRequestDirectlyToOM(OzoneManagerProtocolServerSideTranslatorPB.java:284) ~[ozone-manager-1.3.0-SNAPSHOT.jar:?]
	at org.apache.hadoop.ozone.protocolPB.OzoneManagerProtocolServerSideTranslatorPB.processRequest(OzoneManagerProtocolServerSideTranslatorPB.java:207) ~[ozone-manager-1.3.0-SNAPSHOT.jar:?]
	at org.apache.hadoop.hdds.server.OzoneProtocolMessageDispatcher.processRequest(OzoneProtocolMessageDispatcher.java:87) [hdds-server-framework-1.3.0-SNAPSHOT.jar:?]
	at org.apache.hadoop.ozone.protocolPB.OzoneManagerProtocolServerSideTranslatorPB.submitRequest(OzoneManagerProtocolServerSideTranslatorPB.java:147) [ozone-manager-1.3.0-SNAPSHOT.jar:?]
	at org.apache.hadoop.ozone.protocol.proto.OzoneManagerProtocolProtos$OzoneManagerService$2.callBlockingMethod(OzoneManagerProtocolProtos.java) [ozone-interface-client-1.3.0-SNAPSHOT.jar:?]
	at org.apache.hadoop.ipc.ProtobufRpcEngine$Server.processCall(ProtobufRpcEngine.java:466) [hadoop-common-3.3.1.jar:?]
	at org.apache.hadoop.ipc.ProtobufRpcEngine2$Server$ProtoBufRpcInvoker.call(ProtobufRpcEngine2.java:574) [hadoop-common-3.3.1.jar:?]
	at org.apache.hadoop.ipc.ProtobufRpcEngine2$Server$ProtoBufRpcInvoker.call(ProtobufRpcEngine2.java:552) [hadoop-common-3.3.1.jar:?]
	at org.apache.hadoop.ipc.RPC$Server.call(RPC.java:1093) [hadoop-common-3.3.1.jar:?]
	at org.apache.hadoop.ipc.Server$RpcCall.run(Server.java:1035) [hadoop-common-3.3.1.jar:?]
	at org.apache.hadoop.ipc.Server$RpcCall.run(Server.java:963) [hadoop-common-3.3.1.jar:?]
	at java.security.AccessController.doPrivileged(Native Method) ~[?:1.8.0_332]
	at javax.security.auth.Subject.doAs(Subject.java:422) [?:1.8.0_332]
	at org.apache.hadoop.security.UserGroupInformation.doAs(UserGroupInformation.java:1878) [hadoop-common-3.3.1.jar:?]
	at org.apache.hadoop.ipc.Server$Handler.run(Server.java:2966) [hadoop-common-3.3.1.jar:?]
13:56:23.244 [IPC Server handler 6 on default port 33745] ERROR OMAudit - user=runner | ip=127.0.0.1 | op=GET_FILE_STATUS {volume=volume37829, bucket=bucket78784, key=level0/level2/file1, dataSize=0, replicationConfig=null} | ret=FAILURE
org.apache.hadoop.ozone.om.exceptions.OMException: Unable to get file status: volume: volume37829 bucket: bucket78784 key: level0/level2/file1
	at org.apache.hadoop.ozone.om.KeyManagerImpl.getOzoneFileStatus(KeyManagerImpl.java:1311) ~[ozone-manager-1.3.0-SNAPSHOT.jar:?]
	at org.apache.hadoop.ozone.om.KeyManagerImpl.getFileStatus(KeyManagerImpl.java:1241) ~[ozone-manager-1.3.0-SNAPSHOT.jar:?]
	at org.apache.hadoop.ozone.om.OzoneManager.getFileStatus(OzoneManager.java:3419) ~[ozone-manager-1.3.0-SNAPSHOT.jar:?]
	at org.apache.hadoop.ozone.protocolPB.OzoneManagerRequestHandler.getOzoneFileStatus(OzoneManagerRequestHandler.java:871) ~[ozone-manager-1.3.0-SNAPSHOT.jar:?]
	at org.apache.hadoop.ozone.protocolPB.OzoneManagerRequestHandler.handleReadRequest(OzoneManagerRequestHandler.java:217) ~[ozone-manager-1.3.0-SNAPSHOT.jar:?]
	at org.apache.hadoop.ozone.protocolPB.OzoneManagerProtocolServerSideTranslatorPB.submitRequestDirectlyToOM(OzoneManagerProtocolServerSideTranslatorPB.java:284) ~[ozone-manager-1.3.0-SNAPSHOT.jar:?]
	at org.apache.hadoop.ozone.protocolPB.OzoneManagerProtocolServerSideTranslatorPB.processRequest(OzoneManagerProtocolServerSideTranslatorPB.java:207) ~[ozone-manager-1.3.0-SNAPSHOT.jar:?]
	at org.apache.hadoop.hdds.server.OzoneProtocolMessageDispatcher.processRequest(OzoneProtocolMessageDispatcher.java:87) [hdds-server-framework-1.3.0-SNAPSHOT.jar:?]
	at org.apache.hadoop.ozone.protocolPB.OzoneManagerProtocolServerSideTranslatorPB.submitRequest(OzoneManagerProtocolServerSideTranslatorPB.java:147) [ozone-manager-1.3.0-SNAPSHOT.jar:?]
	at org.apache.hadoop.ozone.protocol.proto.OzoneManagerProtocolProtos$OzoneManagerService$2.callBlockingMethod(OzoneManagerProtocolProtos.java) [ozone-interface-client-1.3.0-SNAPSHOT.jar:?]
	at org.apache.hadoop.ipc.ProtobufRpcEngine$Server.processCall(ProtobufRpcEngine.java:466) [hadoop-common-3.3.1.jar:?]
	at org.apache.hadoop.ipc.ProtobufRpcEngine2$Server$ProtoBufRpcInvoker.call(ProtobufRpcEngine2.java:574) [hadoop-common-3.3.1.jar:?]
	at org.apache.hadoop.ipc.ProtobufRpcEngine2$Server$ProtoBufRpcInvoker.call(ProtobufRpcEngine2.java:552) [hadoop-common-3.3.1.jar:?]
	at org.apache.hadoop.ipc.RPC$Server.call(RPC.java:1093) [hadoop-common-3.3.1.jar:?]
	at org.apache.hadoop.ipc.Server$RpcCall.run(Server.java:1035) [hadoop-common-3.3.1.jar:?]
	at org.apache.hadoop.ipc.Server$RpcCall.run(Server.java:963) [hadoop-common-3.3.1.jar:?]
	at java.security.AccessController.doPrivileged(Native Method) ~[?:1.8.0_332]
	at javax.security.auth.Subject.doAs(Subject.java:422) [?:1.8.0_332]
	at org.apache.hadoop.security.UserGroupInformation.doAs(UserGroupInformation.java:1878) [hadoop-common-3.3.1.jar:?]
	at org.apache.hadoop.ipc.Server$Handler.run(Server.java:2966) [hadoop-common-3.3.1.jar:?]
13:56:23.244 [IPC Server handler 15 on default port 33745] ERROR OMAudit - user=runner | ip=127.0.0.1 | op=GET_FILE_STATUS {volume=volume37829, bucket=bucket78784, key=level0/level2/level2/file1, dataSize=0, replicationConfig=null} | ret=FAILURE
org.apache.hadoop.ozone.om.exceptions.OMException: Unable to get file status: volume: volume37829 bucket: bucket78784 key: level0/level2/level2/file1
	at org.apache.hadoop.ozone.om.KeyManagerImpl.getOzoneFileStatus(KeyManagerImpl.java:1311) ~[ozone-manager-1.3.0-SNAPSHOT.jar:?]
	at org.apache.hadoop.ozone.om.KeyManagerImpl.getFileStatus(KeyManagerImpl.java:1241) ~[ozone-manager-1.3.0-SNAPSHOT.jar:?]
	at org.apache.hadoop.ozone.om.OzoneManager.getFileStatus(OzoneManager.java:3419) ~[ozone-manager-1.3.0-SNAPSHOT.jar:?]
	at org.apache.hadoop.ozone.protocolPB.OzoneManagerRequestHandler.getOzoneFileStatus(OzoneManagerRequestHandler.java:871) ~[ozone-manager-1.3.0-SNAPSHOT.jar:?]
	at org.apache.hadoop.ozone.protocolPB.OzoneManagerRequestHandler.handleReadRequest(OzoneManagerRequestHandler.java:217) ~[ozone-manager-1.3.0-SNAPSHOT.jar:?]
	at org.apache.hadoop.ozone.protocolPB.OzoneManagerProtocolServerSideTranslatorPB.submitRequestDirectlyToOM(OzoneManagerProtocolServerSideTranslatorPB.java:284) ~[ozone-manager-1.3.0-SNAPSHOT.jar:?]
	at org.apache.hadoop.ozone.protocolPB.OzoneManagerProtocolServerSideTranslatorPB.processRequest(OzoneManagerProtocolServerSideTranslatorPB.java:207) ~[ozone-manager-1.3.0-SNAPSHOT.jar:?]
	at org.apache.hadoop.hdds.server.OzoneProtocolMessageDispatcher.processRequest(OzoneProtocolMessageDispatcher.java:87) [hdds-server-framework-1.3.0-SNAPSHOT.jar:?]
	at org.apache.hadoop.ozone.protocolPB.OzoneManagerProtocolServerSideTranslatorPB.submitRequest(OzoneManagerProtocolServerSideTranslatorPB.java:147) [ozone-manager-1.3.0-SNAPSHOT.jar:?]
	at org.apache.hadoop.ozone.protocol.proto.OzoneManagerProtocolProtos$OzoneManagerService$2.callBlockingMethod(OzoneManagerProtocolProtos.java) [ozone-interface-client-1.3.0-SNAPSHOT.jar:?]
	at org.apache.hadoop.ipc.ProtobufRpcEngine$Server.processCall(ProtobufRpcEngine.java:466) [hadoop-common-3.3.1.jar:?]
	at org.apache.hadoop.ipc.ProtobufRpcEngine2$Server$ProtoBufRpcInvoker.call(ProtobufRpcEngine2.java:574) [hadoop-common-3.3.1.jar:?]
	at org.apache.hadoop.ipc.ProtobufRpcEngine2$Server$ProtoBufRpcInvoker.call(ProtobufRpcEngine2.java:552) [hadoop-common-3.3.1.jar:?]
	at org.apache.hadoop.ipc.RPC$Server.call(RPC.java:1093) [hadoop-common-3.3.1.jar:?]
	at org.apache.hadoop.ipc.Server$RpcCall.run(Server.java:1035) [hadoop-common-3.3.1.jar:?]
	at org.apache.hadoop.ipc.Server$RpcCall.run(Server.java:963) [hadoop-common-3.3.1.jar:?]
	at java.security.AccessController.doPrivileged(Native Method) ~[?:1.8.0_332]
	at javax.security.auth.Subject.doAs(Subject.java:422) [?:1.8.0_332]
	at org.apache.hadoop.security.UserGroupInformation.doAs(UserGroupInformation.java:1878) [hadoop-common-3.3.1.jar:?]
	at org.apache.hadoop.ipc.Server$Handler.run(Server.java:2966) [hadoop-common-3.3.1.jar:?]
13:56:23.245 [IPC Server handler 19 on default port 33745] ERROR OMAudit - user=runner | ip=127.0.0.1 | op=GET_FILE_STATUS {volume=volume37829, bucket=bucket78784, key=level0/level3, dataSize=0, replicationConfig=null} | ret=FAILURE
org.apache.hadoop.ozone.om.exceptions.OMException: Unable to get file status: volume: volume37829 bucket: bucket78784 key: level0/level3
	at org.apache.hadoop.ozone.om.KeyManagerImpl.getOzoneFileStatus(KeyManagerImpl.java:1311) ~[ozone-manager-1.3.0-SNAPSHOT.jar:?]
	at org.apache.hadoop.ozone.om.KeyManagerImpl.getFileStatus(KeyManagerImpl.java:1241) ~[ozone-manager-1.3.0-SNAPSHOT.jar:?]
	at org.apache.hadoop.ozone.om.OzoneManager.getFileStatus(OzoneManager.java:3419) ~[ozone-manager-1.3.0-SNAPSHOT.jar:?]
	at org.apache.hadoop.ozone.protocolPB.OzoneManagerRequestHandler.getOzoneFileStatus(OzoneManagerRequestHandler.java:871) ~[ozone-manager-1.3.0-SNAPSHOT.jar:?]
	at org.apache.hadoop.ozone.protocolPB.OzoneManagerRequestHandler.handleReadRequest(OzoneManagerRequestHandler.java:217) ~[ozone-manager-1.3.0-SNAPSHOT.jar:?]
	at org.apache.hadoop.ozone.protocolPB.OzoneManagerProtocolServerSideTranslatorPB.submitRequestDirectlyToOM(OzoneManagerProtocolServerSideTranslatorPB.java:284) ~[ozone-manager-1.3.0-SNAPSHOT.jar:?]
	at org.apache.hadoop.ozone.protocolPB.OzoneManagerProtocolServerSideTranslatorPB.processRequest(OzoneManagerProtocolServerSideTranslatorPB.java:207) ~[ozone-manager-1.3.0-SNAPSHOT.jar:?]
	at org.apache.hadoop.hdds.server.OzoneProtocolMessageDispatcher.processRequest(OzoneProtocolMessageDispatcher.java:87) [hdds-server-framework-1.3.0-SNAPSHOT.jar:?]
	at org.apache.hadoop.ozone.protocolPB.OzoneManagerProtocolServerSideTranslatorPB.submitRequest(OzoneManagerProtocolServerSideTranslatorPB.java:147) [ozone-manager-1.3.0-SNAPSHOT.jar:?]
	at org.apache.hadoop.ozone.protocol.proto.OzoneManagerProtocolProtos$OzoneManagerService$2.callBlockingMethod(OzoneManagerProtocolProtos.java) [ozone-interface-client-1.3.0-SNAPSHOT.jar:?]
	at org.apache.hadoop.ipc.ProtobufRpcEngine$Server.processCall(ProtobufRpcEngine.java:466) [hadoop-common-3.3.1.jar:?]
	at org.apache.hadoop.ipc.ProtobufRpcEngine2$Server$ProtoBufRpcInvoker.call(ProtobufRpcEngine2.java:574) [hadoop-common-3.3.1.jar:?]
	at org.apache.hadoop.ipc.ProtobufRpcEngine2$Server$ProtoBufRpcInvoker.call(ProtobufRpcEngine2.java:552) [hadoop-common-3.3.1.jar:?]
	at org.apache.hadoop.ipc.RPC$Server.call(RPC.java:1093) [hadoop-common-3.3.1.jar:?]
	at org.apache.hadoop.ipc.Server$RpcCall.run(Server.java:1035) [hadoop-common-3.3.1.jar:?]
	at org.apache.hadoop.ipc.Server$RpcCall.run(Server.java:963) [hadoop-common-3.3.1.jar:?]
	at java.security.AccessController.doPrivileged(Native Method) ~[?:1.8.0_332]
	at javax.security.auth.Subject.doAs(Subject.java:422) [?:1.8.0_332]
	at org.apache.hadoop.security.UserGroupInformation.doAs(UserGroupInformation.java:1878) [hadoop-common-3.3.1.jar:?]
	at org.apache.hadoop.ipc.Server$Handler.run(Server.java:2966) [hadoop-common-3.3.1.jar:?]
13:56:23.246 [IPC Server handler 17 on default port 33745] ERROR OMAudit - user=runner | ip=127.0.0.1 | op=GET_FILE_STATUS {volume=volume37829, bucket=bucket78784, key=level0/level3/level3, dataSize=0, replicationConfig=null} | ret=FAILURE
org.apache.hadoop.ozone.om.exceptions.OMException: Unable to get file status: volume: volume37829 bucket: bucket78784 key: level0/level3/level3
	at org.apache.hadoop.ozone.om.KeyManagerImpl.getOzoneFileStatus(KeyManagerImpl.java:1311) ~[ozone-manager-1.3.0-SNAPSHOT.jar:?]
	at org.apache.hadoop.ozone.om.KeyManagerImpl.getFileStatus(KeyManagerImpl.java:1241) ~[ozone-manager-1.3.0-SNAPSHOT.jar:?]
	at org.apache.hadoop.ozone.om.OzoneManager.getFileStatus(OzoneManager.java:3419) ~[ozone-manager-1.3.0-SNAPSHOT.jar:?]
	at org.apache.hadoop.ozone.protocolPB.OzoneManagerRequestHandler.getOzoneFileStatus(OzoneManagerRequestHandler.java:871) ~[ozone-manager-1.3.0-SNAPSHOT.jar:?]
	at org.apache.hadoop.ozone.protocolPB.OzoneManagerRequestHandler.handleReadRequest(OzoneManagerRequestHandler.java:217) ~[ozone-manager-1.3.0-SNAPSHOT.jar:?]
	at org.apache.hadoop.ozone.protocolPB.OzoneManagerProtocolServerSideTranslatorPB.submitRequestDirectlyToOM(OzoneManagerProtocolServerSideTranslatorPB.java:284) ~[ozone-manager-1.3.0-SNAPSHOT.jar:?]
	at org.apache.hadoop.ozone.protocolPB.OzoneManagerProtocolServerSideTranslatorPB.processRequest(OzoneManagerProtocolServerSideTranslatorPB.java:207) ~[ozone-manager-1.3.0-SNAPSHOT.jar:?]
	at org.apache.hadoop.hdds.server.OzoneProtocolMessageDispatcher.processRequest(OzoneProtocolMessageDispatcher.java:87) [hdds-server-framework-1.3.0-SNAPSHOT.jar:?]
	at org.apache.hadoop.ozone.protocolPB.OzoneManagerProtocolServerSideTranslatorPB.submitRequest(OzoneManagerProtocolServerSideTranslatorPB.java:147) [ozone-manager-1.3.0-SNAPSHOT.jar:?]
	at org.apache.hadoop.ozone.protocol.proto.OzoneManagerProtocolProtos$OzoneManagerService$2.callBlockingMethod(OzoneManagerProtocolProtos.java) [ozone-interface-client-1.3.0-SNAPSHOT.jar:?]
	at org.apache.hadoop.ipc.ProtobufRpcEngine$Server.processCall(ProtobufRpcEngine.java:466) [hadoop-common-3.3.1.jar:?]
	at org.apache.hadoop.ipc.ProtobufRpcEngine2$Server$ProtoBufRpcInvoker.call(ProtobufRpcEngine2.java:574) [hadoop-common-3.3.1.jar:?]
	at org.apache.hadoop.ipc.ProtobufRpcEngine2$Server$ProtoBufRpcInvoker.call(ProtobufRpcEngine2.java:552) [hadoop-common-3.3.1.jar:?]
	at org.apache.hadoop.ipc.RPC$Server.call(RPC.java:1093) [hadoop-common-3.3.1.jar:?]
	at org.apache.hadoop.ipc.Server$RpcCall.run(Server.java:1035) [hadoop-common-3.3.1.jar:?]
	at org.apache.hadoop.ipc.Server$RpcCall.run(Server.java:963) [hadoop-common-3.3.1.jar:?]
	at java.security.AccessController.doPrivileged(Native Method) ~[?:1.8.0_332]
	at javax.security.auth.Subject.doAs(Subject.java:422) [?:1.8.0_332]
	at org.apache.hadoop.security.UserGroupInformation.doAs(UserGroupInformation.java:1878) [hadoop-common-3.3.1.jar:?]
	at org.apache.hadoop.ipc.Server$Handler.run(Server.java:2966) [hadoop-common-3.3.1.jar:?]
13:56:23.246 [IPC Server handler 14 on default port 33745] ERROR OMAudit - user=runner | ip=127.0.0.1 | op=GET_FILE_STATUS {volume=volume37829, bucket=bucket78784, key=level0/level3/file1, dataSize=0, replicationConfig=null} | ret=FAILURE
org.apache.hadoop.ozone.om.exceptions.OMException: Unable to get file status: volume: volume37829 bucket: bucket78784 key: level0/level3/file1
	at org.apache.hadoop.ozone.om.KeyManagerImpl.getOzoneFileStatus(KeyManagerImpl.java:1311) ~[ozone-manager-1.3.0-SNAPSHOT.jar:?]
	at org.apache.hadoop.ozone.om.KeyManagerImpl.getFileStatus(KeyManagerImpl.java:1241) ~[ozone-manager-1.3.0-SNAPSHOT.jar:?]
	at org.apache.hadoop.ozone.om.OzoneManager.getFileStatus(OzoneManager.java:3419) ~[ozone-manager-1.3.0-SNAPSHOT.jar:?]
	at org.apache.hadoop.ozone.protocolPB.OzoneManagerRequestHandler.getOzoneFileStatus(OzoneManagerRequestHandler.java:871) ~[ozone-manager-1.3.0-SNAPSHOT.jar:?]
	at org.apache.hadoop.ozone.protocolPB.OzoneManagerRequestHandler.handleReadRequest(OzoneManagerRequestHandler.java:217) ~[ozone-manager-1.3.0-SNAPSHOT.jar:?]
	at org.apache.hadoop.ozone.protocolPB.OzoneManagerProtocolServerSideTranslatorPB.submitRequestDirectlyToOM(OzoneManagerProtocolServerSideTranslatorPB.java:284) ~[ozone-manager-1.3.0-SNAPSHOT.jar:?]
	at org.apache.hadoop.ozone.protocolPB.OzoneManagerProtocolServerSideTranslatorPB.processRequest(OzoneManagerProtocolServerSideTranslatorPB.java:207) ~[ozone-manager-1.3.0-SNAPSHOT.jar:?]
	at org.apache.hadoop.hdds.server.OzoneProtocolMessageDispatcher.processRequest(OzoneProtocolMessageDispatcher.java:87) [hdds-server-framework-1.3.0-SNAPSHOT.jar:?]
	at org.apache.hadoop.ozone.protocolPB.OzoneManagerProtocolServerSideTranslatorPB.submitRequest(OzoneManagerProtocolServerSideTranslatorPB.java:147) [ozone-manager-1.3.0-SNAPSHOT.jar:?]
	at org.apache.hadoop.ozone.protocol.proto.OzoneManagerProtocolProtos$OzoneManagerService$2.callBlockingMethod(OzoneManagerProtocolProtos.java) [ozone-interface-client-1.3.0-SNAPSHOT.jar:?]
	at org.apache.hadoop.ipc.ProtobufRpcEngine$Server.processCall(ProtobufRpcEngine.java:466) [hadoop-common-3.3.1.jar:?]
	at org.apache.hadoop.ipc.ProtobufRpcEngine2$Server$ProtoBufRpcInvoker.call(ProtobufRpcEngine2.java:574) [hadoop-common-3.3.1.jar:?]
	at org.apache.hadoop.ipc.ProtobufRpcEngine2$Server$ProtoBufRpcInvoker.call(ProtobufRpcEngine2.java:552) [hadoop-common-3.3.1.jar:?]
	at org.apache.hadoop.ipc.RPC$Server.call(RPC.java:1093) [hadoop-common-3.3.1.jar:?]
	at org.apache.hadoop.ipc.Server$RpcCall.run(Server.java:1035) [hadoop-common-3.3.1.jar:?]
	at org.apache.hadoop.ipc.Server$RpcCall.run(Server.java:963) [hadoop-common-3.3.1.jar:?]
	at java.security.AccessController.doPrivileged(Native Method) ~[?:1.8.0_332]
	at javax.security.auth.Subject.doAs(Subject.java:422) [?:1.8.0_332]
	at org.apache.hadoop.security.UserGroupInformation.doAs(UserGroupInformation.java:1878) [hadoop-common-3.3.1.jar:?]
	at org.apache.hadoop.ipc.Server$Handler.run(Server.java:2966) [hadoop-common-3.3.1.jar:?]
13:56:23.247 [IPC Server handler 16 on default port 33745] ERROR OMAudit - user=runner | ip=127.0.0.1 | op=GET_FILE_STATUS {volume=volume37829, bucket=bucket78784, key=level0/level3/level3/file1, dataSize=0, replicationConfig=null} | ret=FAILURE
org.apache.hadoop.ozone.om.exceptions.OMException: Unable to get file status: volume: volume37829 bucket: bucket78784 key: level0/level3/level3/file1
	at org.apache.hadoop.ozone.om.KeyManagerImpl.getOzoneFileStatus(KeyManagerImpl.java:1311) ~[ozone-manager-1.3.0-SNAPSHOT.jar:?]
	at org.apache.hadoop.ozone.om.KeyManagerImpl.getFileStatus(KeyManagerImpl.java:1241) ~[ozone-manager-1.3.0-SNAPSHOT.jar:?]
	at org.apache.hadoop.ozone.om.OzoneManager.getFileStatus(OzoneManager.java:3419) ~[ozone-manager-1.3.0-SNAPSHOT.jar:?]
	at org.apache.hadoop.ozone.protocolPB.OzoneManagerRequestHandler.getOzoneFileStatus(OzoneManagerRequestHandler.java:871) ~[ozone-manager-1.3.0-SNAPSHOT.jar:?]
	at org.apache.hadoop.ozone.protocolPB.OzoneManagerRequestHandler.handleReadRequest(OzoneManagerRequestHandler.java:217) ~[ozone-manager-1.3.0-SNAPSHOT.jar:?]
	at org.apache.hadoop.ozone.protocolPB.OzoneManagerProtocolServerSideTranslatorPB.submitRequestDirectlyToOM(OzoneManagerProtocolServerSideTranslatorPB.java:284) ~[ozone-manager-1.3.0-SNAPSHOT.jar:?]
	at org.apache.hadoop.ozone.protocolPB.OzoneManagerProtocolServerSideTranslatorPB.processRequest(OzoneManagerProtocolServerSideTranslatorPB.java:207) ~[ozone-manager-1.3.0-SNAPSHOT.jar:?]
	at org.apache.hadoop.hdds.server.OzoneProtocolMessageDispatcher.processRequest(OzoneProtocolMessageDispatcher.java:87) [hdds-server-framework-1.3.0-SNAPSHOT.jar:?]
	at org.apache.hadoop.ozone.protocolPB.OzoneManagerProtocolServerSideTranslatorPB.submitRequest(OzoneManagerProtocolServerSideTranslatorPB.java:147) [ozone-manager-1.3.0-SNAPSHOT.jar:?]
	at org.apache.hadoop.ozone.protocol.proto.OzoneManagerProtocolProtos$OzoneManagerService$2.callBlockingMethod(OzoneManagerProtocolProtos.java) [ozone-interface-client-1.3.0-SNAPSHOT.jar:?]
	at org.apache.hadoop.ipc.ProtobufRpcEngine$Server.processCall(ProtobufRpcEngine.java:466) [hadoop-common-3.3.1.jar:?]
	at org.apache.hadoop.ipc.ProtobufRpcEngine2$Server$ProtoBufRpcInvoker.call(ProtobufRpcEngine2.java:574) [hadoop-common-3.3.1.jar:?]
	at org.apache.hadoop.ipc.ProtobufRpcEngine2$Server$ProtoBufRpcInvoker.call(ProtobufRpcEngine2.java:552) [hadoop-common-3.3.1.jar:?]
	at org.apache.hadoop.ipc.RPC$Server.call(RPC.java:1093) [hadoop-common-3.3.1.jar:?]
	at org.apache.hadoop.ipc.Server$RpcCall.run(Server.java:1035) [hadoop-common-3.3.1.jar:?]
	at org.apache.hadoop.ipc.Server$RpcCall.run(Server.java:963) [hadoop-common-3.3.1.jar:?]
	at java.security.AccessController.doPrivileged(Native Method) ~[?:1.8.0_332]
	at javax.security.auth.Subject.doAs(Subject.java:422) [?:1.8.0_332]
	at org.apache.hadoop.security.UserGroupInformation.doAs(UserGroupInformation.java:1878) [hadoop-common-3.3.1.jar:?]
	at org.apache.hadoop.ipc.Server$Handler.run(Server.java:2966) [hadoop-common-3.3.1.jar:?]
]]></system-out>
  </testcase>
  <testcase name="testGetTrashRoots" classname="TestOzoneFileSystem" time="0.071">
    <system-out><![CDATA[13:52:52.306 [IPC Server handler 8 on default port 44727] ERROR OMAudit - user=runner | ip=127.0.0.1 | op=GET_FILE_STATUS {volume=volume19882, bucket=bucket92495, key=.Trash/runner, dataSize=0, replicationConfig=null} | ret=FAILURE
org.apache.hadoop.ozone.om.exceptions.OMException: Unable to get file status: volume: volume19882 bucket: bucket92495 key: .Trash/runner
	at org.apache.hadoop.ozone.om.KeyManagerImpl.getOzoneFileStatus(KeyManagerImpl.java:1311) ~[ozone-manager-1.3.0-SNAPSHOT.jar:?]
	at org.apache.hadoop.ozone.om.KeyManagerImpl.getFileStatus(KeyManagerImpl.java:1241) ~[ozone-manager-1.3.0-SNAPSHOT.jar:?]
	at org.apache.hadoop.ozone.om.OzoneManager.getFileStatus(OzoneManager.java:3419) ~[ozone-manager-1.3.0-SNAPSHOT.jar:?]
	at org.apache.hadoop.ozone.protocolPB.OzoneManagerRequestHandler.getOzoneFileStatus(OzoneManagerRequestHandler.java:871) ~[ozone-manager-1.3.0-SNAPSHOT.jar:?]
	at org.apache.hadoop.ozone.protocolPB.OzoneManagerRequestHandler.handleReadRequest(OzoneManagerRequestHandler.java:217) ~[ozone-manager-1.3.0-SNAPSHOT.jar:?]
	at org.apache.hadoop.ozone.protocolPB.OzoneManagerProtocolServerSideTranslatorPB.submitReadRequestToOM(OzoneManagerProtocolServerSideTranslatorPB.java:225) ~[ozone-manager-1.3.0-SNAPSHOT.jar:?]
	at org.apache.hadoop.ozone.protocolPB.OzoneManagerProtocolServerSideTranslatorPB.processRequest(OzoneManagerProtocolServerSideTranslatorPB.java:175) ~[ozone-manager-1.3.0-SNAPSHOT.jar:?]
	at org.apache.hadoop.hdds.server.OzoneProtocolMessageDispatcher.processRequest(OzoneProtocolMessageDispatcher.java:87) [hdds-server-framework-1.3.0-SNAPSHOT.jar:?]
	at org.apache.hadoop.ozone.protocolPB.OzoneManagerProtocolServerSideTranslatorPB.submitRequest(OzoneManagerProtocolServerSideTranslatorPB.java:147) [ozone-manager-1.3.0-SNAPSHOT.jar:?]
	at org.apache.hadoop.ozone.protocol.proto.OzoneManagerProtocolProtos$OzoneManagerService$2.callBlockingMethod(OzoneManagerProtocolProtos.java) [ozone-interface-client-1.3.0-SNAPSHOT.jar:?]
	at org.apache.hadoop.ipc.ProtobufRpcEngine$Server.processCall(ProtobufRpcEngine.java:466) [hadoop-common-3.3.1.jar:?]
	at org.apache.hadoop.ipc.ProtobufRpcEngine2$Server$ProtoBufRpcInvoker.call(ProtobufRpcEngine2.java:574) [hadoop-common-3.3.1.jar:?]
	at org.apache.hadoop.ipc.ProtobufRpcEngine2$Server$ProtoBufRpcInvoker.call(ProtobufRpcEngine2.java:552) [hadoop-common-3.3.1.jar:?]
	at org.apache.hadoop.ipc.RPC$Server.call(RPC.java:1093) [hadoop-common-3.3.1.jar:?]
	at org.apache.hadoop.ipc.Server$RpcCall.run(Server.java:1035) [hadoop-common-3.3.1.jar:?]
	at org.apache.hadoop.ipc.Server$RpcCall.run(Server.java:963) [hadoop-common-3.3.1.jar:?]
	at java.security.AccessController.doPrivileged(Native Method) ~[?:1.8.0_332]
	at javax.security.auth.Subject.doAs(Subject.java:422) [?:1.8.0_332]
	at org.apache.hadoop.security.UserGroupInformation.doAs(UserGroupInformation.java:1878) [hadoop-common-3.3.1.jar:?]
	at org.apache.hadoop.ipc.Server$Handler.run(Server.java:2966) [hadoop-common-3.3.1.jar:?]
]]></system-out>
  </testcase>
  <testcase name="testGetTrashRoots" classname="TestOzoneFileSystem" time="0.034">
    <system-out><![CDATA[13:54:00.810 [IPC Server handler 13 on default port 34499] ERROR OMAudit - user=runner | ip=127.0.0.1 | op=GET_FILE_STATUS {volume=volume69434, bucket=bucket16378, key=.Trash/runner, dataSize=0, replicationConfig=null} | ret=FAILURE
org.apache.hadoop.ozone.om.exceptions.OMException: Unable to get file status: volume: volume69434 bucket: bucket16378 key: .Trash/runner
	at org.apache.hadoop.ozone.om.KeyManagerImpl.getOzoneFileStatus(KeyManagerImpl.java:1311) ~[ozone-manager-1.3.0-SNAPSHOT.jar:?]
	at org.apache.hadoop.ozone.om.KeyManagerImpl.getFileStatus(KeyManagerImpl.java:1241) ~[ozone-manager-1.3.0-SNAPSHOT.jar:?]
	at org.apache.hadoop.ozone.om.OzoneManager.getFileStatus(OzoneManager.java:3419) ~[ozone-manager-1.3.0-SNAPSHOT.jar:?]
	at org.apache.hadoop.ozone.protocolPB.OzoneManagerRequestHandler.getOzoneFileStatus(OzoneManagerRequestHandler.java:871) ~[ozone-manager-1.3.0-SNAPSHOT.jar:?]
	at org.apache.hadoop.ozone.protocolPB.OzoneManagerRequestHandler.handleReadRequest(OzoneManagerRequestHandler.java:217) ~[ozone-manager-1.3.0-SNAPSHOT.jar:?]
	at org.apache.hadoop.ozone.protocolPB.OzoneManagerProtocolServerSideTranslatorPB.submitRequestDirectlyToOM(OzoneManagerProtocolServerSideTranslatorPB.java:284) ~[ozone-manager-1.3.0-SNAPSHOT.jar:?]
	at org.apache.hadoop.ozone.protocolPB.OzoneManagerProtocolServerSideTranslatorPB.processRequest(OzoneManagerProtocolServerSideTranslatorPB.java:207) ~[ozone-manager-1.3.0-SNAPSHOT.jar:?]
	at org.apache.hadoop.hdds.server.OzoneProtocolMessageDispatcher.processRequest(OzoneProtocolMessageDispatcher.java:87) [hdds-server-framework-1.3.0-SNAPSHOT.jar:?]
	at org.apache.hadoop.ozone.protocolPB.OzoneManagerProtocolServerSideTranslatorPB.submitRequest(OzoneManagerProtocolServerSideTranslatorPB.java:147) [ozone-manager-1.3.0-SNAPSHOT.jar:?]
	at org.apache.hadoop.ozone.protocol.proto.OzoneManagerProtocolProtos$OzoneManagerService$2.callBlockingMethod(OzoneManagerProtocolProtos.java) [ozone-interface-client-1.3.0-SNAPSHOT.jar:?]
	at org.apache.hadoop.ipc.ProtobufRpcEngine$Server.processCall(ProtobufRpcEngine.java:466) [hadoop-common-3.3.1.jar:?]
	at org.apache.hadoop.ipc.ProtobufRpcEngine2$Server$ProtoBufRpcInvoker.call(ProtobufRpcEngine2.java:574) [hadoop-common-3.3.1.jar:?]
	at org.apache.hadoop.ipc.ProtobufRpcEngine2$Server$ProtoBufRpcInvoker.call(ProtobufRpcEngine2.java:552) [hadoop-common-3.3.1.jar:?]
	at org.apache.hadoop.ipc.RPC$Server.call(RPC.java:1093) [hadoop-common-3.3.1.jar:?]
	at org.apache.hadoop.ipc.Server$RpcCall.run(Server.java:1035) [hadoop-common-3.3.1.jar:?]
	at org.apache.hadoop.ipc.Server$RpcCall.run(Server.java:963) [hadoop-common-3.3.1.jar:?]
	at java.security.AccessController.doPrivileged(Native Method) ~[?:1.8.0_332]
	at javax.security.auth.Subject.doAs(Subject.java:422) [?:1.8.0_332]
	at org.apache.hadoop.security.UserGroupInformation.doAs(UserGroupInformation.java:1878) [hadoop-common-3.3.1.jar:?]
	at org.apache.hadoop.ipc.Server$Handler.run(Server.java:2966) [hadoop-common-3.3.1.jar:?]
]]></system-out>
  </testcase>
  <testcase name="testGetTrashRoots" classname="TestOzoneFileSystem" time="0.033">
    <system-out><![CDATA[13:55:05.723 [IPC Server handler 6 on default port 42759] ERROR OMAudit - user=runner | ip=127.0.0.1 | op=GET_FILE_STATUS {volume=volume68340, bucket=bucket67715, key=.Trash/runner, dataSize=0, replicationConfig=null} | ret=FAILURE
org.apache.hadoop.ozone.om.exceptions.OMException: Unable to get file status: volume: volume68340 bucket: bucket67715 key: .Trash/runner
	at org.apache.hadoop.ozone.om.KeyManagerImpl.getOzoneFileStatus(KeyManagerImpl.java:1311) ~[ozone-manager-1.3.0-SNAPSHOT.jar:?]
	at org.apache.hadoop.ozone.om.KeyManagerImpl.getFileStatus(KeyManagerImpl.java:1241) ~[ozone-manager-1.3.0-SNAPSHOT.jar:?]
	at org.apache.hadoop.ozone.om.OzoneManager.getFileStatus(OzoneManager.java:3419) ~[ozone-manager-1.3.0-SNAPSHOT.jar:?]
	at org.apache.hadoop.ozone.protocolPB.OzoneManagerRequestHandler.getOzoneFileStatus(OzoneManagerRequestHandler.java:871) ~[ozone-manager-1.3.0-SNAPSHOT.jar:?]
	at org.apache.hadoop.ozone.protocolPB.OzoneManagerRequestHandler.handleReadRequest(OzoneManagerRequestHandler.java:217) ~[ozone-manager-1.3.0-SNAPSHOT.jar:?]
	at org.apache.hadoop.ozone.protocolPB.OzoneManagerProtocolServerSideTranslatorPB.submitReadRequestToOM(OzoneManagerProtocolServerSideTranslatorPB.java:225) ~[ozone-manager-1.3.0-SNAPSHOT.jar:?]
	at org.apache.hadoop.ozone.protocolPB.OzoneManagerProtocolServerSideTranslatorPB.processRequest(OzoneManagerProtocolServerSideTranslatorPB.java:175) ~[ozone-manager-1.3.0-SNAPSHOT.jar:?]
	at org.apache.hadoop.hdds.server.OzoneProtocolMessageDispatcher.processRequest(OzoneProtocolMessageDispatcher.java:87) [hdds-server-framework-1.3.0-SNAPSHOT.jar:?]
	at org.apache.hadoop.ozone.protocolPB.OzoneManagerProtocolServerSideTranslatorPB.submitRequest(OzoneManagerProtocolServerSideTranslatorPB.java:147) [ozone-manager-1.3.0-SNAPSHOT.jar:?]
	at org.apache.hadoop.ozone.protocol.proto.OzoneManagerProtocolProtos$OzoneManagerService$2.callBlockingMethod(OzoneManagerProtocolProtos.java) [ozone-interface-client-1.3.0-SNAPSHOT.jar:?]
	at org.apache.hadoop.ipc.ProtobufRpcEngine$Server.processCall(ProtobufRpcEngine.java:466) [hadoop-common-3.3.1.jar:?]
	at org.apache.hadoop.ipc.ProtobufRpcEngine2$Server$ProtoBufRpcInvoker.call(ProtobufRpcEngine2.java:574) [hadoop-common-3.3.1.jar:?]
	at org.apache.hadoop.ipc.ProtobufRpcEngine2$Server$ProtoBufRpcInvoker.call(ProtobufRpcEngine2.java:552) [hadoop-common-3.3.1.jar:?]
	at org.apache.hadoop.ipc.RPC$Server.call(RPC.java:1093) [hadoop-common-3.3.1.jar:?]
	at org.apache.hadoop.ipc.Server$RpcCall.run(Server.java:1035) [hadoop-common-3.3.1.jar:?]
	at org.apache.hadoop.ipc.Server$RpcCall.run(Server.java:963) [hadoop-common-3.3.1.jar:?]
	at java.security.AccessController.doPrivileged(Native Method) ~[?:1.8.0_332]
	at javax.security.auth.Subject.doAs(Subject.java:422) [?:1.8.0_332]
	at org.apache.hadoop.security.UserGroupInformation.doAs(UserGroupInformation.java:1878) [hadoop-common-3.3.1.jar:?]
	at org.apache.hadoop.ipc.Server$Handler.run(Server.java:2966) [hadoop-common-3.3.1.jar:?]
]]></system-out>
  </testcase>
  <testcase name="testGetTrashRoots" classname="TestOzoneFileSystem" time="0.046">
    <system-out><![CDATA[13:56:23.275 [IPC Server handler 0 on default port 33745] ERROR OMAudit - user=runner | ip=127.0.0.1 | op=GET_FILE_STATUS {volume=volume37829, bucket=bucket78784, key=.Trash/runner, dataSize=0, replicationConfig=null} | ret=FAILURE
org.apache.hadoop.ozone.om.exceptions.OMException: Unable to get file status: volume: volume37829 bucket: bucket78784 key: .Trash/runner
	at org.apache.hadoop.ozone.om.KeyManagerImpl.getOzoneFileStatus(KeyManagerImpl.java:1311) ~[ozone-manager-1.3.0-SNAPSHOT.jar:?]
	at org.apache.hadoop.ozone.om.KeyManagerImpl.getFileStatus(KeyManagerImpl.java:1241) ~[ozone-manager-1.3.0-SNAPSHOT.jar:?]
	at org.apache.hadoop.ozone.om.OzoneManager.getFileStatus(OzoneManager.java:3419) ~[ozone-manager-1.3.0-SNAPSHOT.jar:?]
	at org.apache.hadoop.ozone.protocolPB.OzoneManagerRequestHandler.getOzoneFileStatus(OzoneManagerRequestHandler.java:871) ~[ozone-manager-1.3.0-SNAPSHOT.jar:?]
	at org.apache.hadoop.ozone.protocolPB.OzoneManagerRequestHandler.handleReadRequest(OzoneManagerRequestHandler.java:217) ~[ozone-manager-1.3.0-SNAPSHOT.jar:?]
	at org.apache.hadoop.ozone.protocolPB.OzoneManagerProtocolServerSideTranslatorPB.submitRequestDirectlyToOM(OzoneManagerProtocolServerSideTranslatorPB.java:284) ~[ozone-manager-1.3.0-SNAPSHOT.jar:?]
	at org.apache.hadoop.ozone.protocolPB.OzoneManagerProtocolServerSideTranslatorPB.processRequest(OzoneManagerProtocolServerSideTranslatorPB.java:207) ~[ozone-manager-1.3.0-SNAPSHOT.jar:?]
	at org.apache.hadoop.hdds.server.OzoneProtocolMessageDispatcher.processRequest(OzoneProtocolMessageDispatcher.java:87) [hdds-server-framework-1.3.0-SNAPSHOT.jar:?]
	at org.apache.hadoop.ozone.protocolPB.OzoneManagerProtocolServerSideTranslatorPB.submitRequest(OzoneManagerProtocolServerSideTranslatorPB.java:147) [ozone-manager-1.3.0-SNAPSHOT.jar:?]
	at org.apache.hadoop.ozone.protocol.proto.OzoneManagerProtocolProtos$OzoneManagerService$2.callBlockingMethod(OzoneManagerProtocolProtos.java) [ozone-interface-client-1.3.0-SNAPSHOT.jar:?]
	at org.apache.hadoop.ipc.ProtobufRpcEngine$Server.processCall(ProtobufRpcEngine.java:466) [hadoop-common-3.3.1.jar:?]
	at org.apache.hadoop.ipc.ProtobufRpcEngine2$Server$ProtoBufRpcInvoker.call(ProtobufRpcEngine2.java:574) [hadoop-common-3.3.1.jar:?]
	at org.apache.hadoop.ipc.ProtobufRpcEngine2$Server$ProtoBufRpcInvoker.call(ProtobufRpcEngine2.java:552) [hadoop-common-3.3.1.jar:?]
	at org.apache.hadoop.ipc.RPC$Server.call(RPC.java:1093) [hadoop-common-3.3.1.jar:?]
	at org.apache.hadoop.ipc.Server$RpcCall.run(Server.java:1035) [hadoop-common-3.3.1.jar:?]
	at org.apache.hadoop.ipc.Server$RpcCall.run(Server.java:963) [hadoop-common-3.3.1.jar:?]
	at java.security.AccessController.doPrivileged(Native Method) ~[?:1.8.0_332]
	at javax.security.auth.Subject.doAs(Subject.java:422) [?:1.8.0_332]
	at org.apache.hadoop.security.UserGroupInformation.doAs(UserGroupInformation.java:1878) [hadoop-common-3.3.1.jar:?]
	at org.apache.hadoop.ipc.Server$Handler.run(Server.java:2966) [hadoop-common-3.3.1.jar:?]
]]></system-out>
  </testcase>
  <testcase name="testCreateDoesNotAddParentDirKeys" classname="TestOzoneFileSystem" time="0.08">
    <system-out><![CDATA[13:52:52.442 [IPC Server handler 13 on default port 44727] ERROR OMAudit - user=runner | ip=127.0.0.1 | op=READ_KEY {volume=volume19882, bucket=bucket92495, key=testCreateDoesNotAddParentDirKeys/parent/, dataSize=0, replicationConfig=null} | ret=FAILURE
org.apache.hadoop.ozone.om.exceptions.OMException: Key:testCreateDoesNotAddParentDirKeys/parent not found
	at org.apache.hadoop.ozone.om.KeyManagerImpl.lookupKey(KeyManagerImpl.java:399) ~[ozone-manager-1.3.0-SNAPSHOT.jar:?]
	at org.apache.hadoop.ozone.om.OzoneManager.lookupKey(OzoneManager.java:2817) ~[ozone-manager-1.3.0-SNAPSHOT.jar:?]
	at org.apache.hadoop.ozone.protocolPB.OzoneManagerRequestHandler.lookupKey(OzoneManagerRequestHandler.java:484) ~[ozone-manager-1.3.0-SNAPSHOT.jar:?]
	at org.apache.hadoop.ozone.protocolPB.OzoneManagerRequestHandler.handleReadRequest(OzoneManagerRequestHandler.java:182) ~[ozone-manager-1.3.0-SNAPSHOT.jar:?]
	at org.apache.hadoop.ozone.protocolPB.OzoneManagerProtocolServerSideTranslatorPB.submitReadRequestToOM(OzoneManagerProtocolServerSideTranslatorPB.java:225) ~[ozone-manager-1.3.0-SNAPSHOT.jar:?]
	at org.apache.hadoop.ozone.protocolPB.OzoneManagerProtocolServerSideTranslatorPB.processRequest(OzoneManagerProtocolServerSideTranslatorPB.java:175) ~[ozone-manager-1.3.0-SNAPSHOT.jar:?]
	at org.apache.hadoop.hdds.server.OzoneProtocolMessageDispatcher.processRequest(OzoneProtocolMessageDispatcher.java:87) [hdds-server-framework-1.3.0-SNAPSHOT.jar:?]
	at org.apache.hadoop.ozone.protocolPB.OzoneManagerProtocolServerSideTranslatorPB.submitRequest(OzoneManagerProtocolServerSideTranslatorPB.java:147) [ozone-manager-1.3.0-SNAPSHOT.jar:?]
	at org.apache.hadoop.ozone.protocol.proto.OzoneManagerProtocolProtos$OzoneManagerService$2.callBlockingMethod(OzoneManagerProtocolProtos.java) [ozone-interface-client-1.3.0-SNAPSHOT.jar:?]
	at org.apache.hadoop.ipc.ProtobufRpcEngine$Server.processCall(ProtobufRpcEngine.java:466) [hadoop-common-3.3.1.jar:?]
	at org.apache.hadoop.ipc.ProtobufRpcEngine2$Server$ProtoBufRpcInvoker.call(ProtobufRpcEngine2.java:574) [hadoop-common-3.3.1.jar:?]
	at org.apache.hadoop.ipc.ProtobufRpcEngine2$Server$ProtoBufRpcInvoker.call(ProtobufRpcEngine2.java:552) [hadoop-common-3.3.1.jar:?]
	at org.apache.hadoop.ipc.RPC$Server.call(RPC.java:1093) [hadoop-common-3.3.1.jar:?]
	at org.apache.hadoop.ipc.Server$RpcCall.run(Server.java:1035) [hadoop-common-3.3.1.jar:?]
	at org.apache.hadoop.ipc.Server$RpcCall.run(Server.java:963) [hadoop-common-3.3.1.jar:?]
	at java.security.AccessController.doPrivileged(Native Method) ~[?:1.8.0_332]
	at javax.security.auth.Subject.doAs(Subject.java:422) [?:1.8.0_332]
	at org.apache.hadoop.security.UserGroupInformation.doAs(UserGroupInformation.java:1878) [hadoop-common-3.3.1.jar:?]
	at org.apache.hadoop.ipc.Server$Handler.run(Server.java:2966) [hadoop-common-3.3.1.jar:?]
]]></system-out>
  </testcase>
  <testcase name="testCreateDoesNotAddParentDirKeys" classname="TestOzoneFileSystem" time="0.108">
    <system-out><![CDATA[13:54:00.932 [IPC Server handler 5 on default port 34499] ERROR OMAudit - user=runner | ip=127.0.0.1 | op=READ_KEY {volume=volume69434, bucket=bucket16378, key=testCreateDoesNotAddParentDirKeys/parent/, dataSize=0, replicationConfig=null} | ret=FAILURE
org.apache.hadoop.ozone.om.exceptions.OMException: Key:testCreateDoesNotAddParentDirKeys/parent not found
	at org.apache.hadoop.ozone.om.KeyManagerImpl.lookupKey(KeyManagerImpl.java:399) ~[ozone-manager-1.3.0-SNAPSHOT.jar:?]
	at org.apache.hadoop.ozone.om.OzoneManager.lookupKey(OzoneManager.java:2817) ~[ozone-manager-1.3.0-SNAPSHOT.jar:?]
	at org.apache.hadoop.ozone.protocolPB.OzoneManagerRequestHandler.lookupKey(OzoneManagerRequestHandler.java:484) ~[ozone-manager-1.3.0-SNAPSHOT.jar:?]
	at org.apache.hadoop.ozone.protocolPB.OzoneManagerRequestHandler.handleReadRequest(OzoneManagerRequestHandler.java:182) ~[ozone-manager-1.3.0-SNAPSHOT.jar:?]
	at org.apache.hadoop.ozone.protocolPB.OzoneManagerProtocolServerSideTranslatorPB.submitRequestDirectlyToOM(OzoneManagerProtocolServerSideTranslatorPB.java:284) ~[ozone-manager-1.3.0-SNAPSHOT.jar:?]
	at org.apache.hadoop.ozone.protocolPB.OzoneManagerProtocolServerSideTranslatorPB.processRequest(OzoneManagerProtocolServerSideTranslatorPB.java:207) ~[ozone-manager-1.3.0-SNAPSHOT.jar:?]
	at org.apache.hadoop.hdds.server.OzoneProtocolMessageDispatcher.processRequest(OzoneProtocolMessageDispatcher.java:87) [hdds-server-framework-1.3.0-SNAPSHOT.jar:?]
	at org.apache.hadoop.ozone.protocolPB.OzoneManagerProtocolServerSideTranslatorPB.submitRequest(OzoneManagerProtocolServerSideTranslatorPB.java:147) [ozone-manager-1.3.0-SNAPSHOT.jar:?]
	at org.apache.hadoop.ozone.protocol.proto.OzoneManagerProtocolProtos$OzoneManagerService$2.callBlockingMethod(OzoneManagerProtocolProtos.java) [ozone-interface-client-1.3.0-SNAPSHOT.jar:?]
	at org.apache.hadoop.ipc.ProtobufRpcEngine$Server.processCall(ProtobufRpcEngine.java:466) [hadoop-common-3.3.1.jar:?]
	at org.apache.hadoop.ipc.ProtobufRpcEngine2$Server$ProtoBufRpcInvoker.call(ProtobufRpcEngine2.java:574) [hadoop-common-3.3.1.jar:?]
	at org.apache.hadoop.ipc.ProtobufRpcEngine2$Server$ProtoBufRpcInvoker.call(ProtobufRpcEngine2.java:552) [hadoop-common-3.3.1.jar:?]
	at org.apache.hadoop.ipc.RPC$Server.call(RPC.java:1093) [hadoop-common-3.3.1.jar:?]
	at org.apache.hadoop.ipc.Server$RpcCall.run(Server.java:1035) [hadoop-common-3.3.1.jar:?]
	at org.apache.hadoop.ipc.Server$RpcCall.run(Server.java:963) [hadoop-common-3.3.1.jar:?]
	at java.security.AccessController.doPrivileged(Native Method) ~[?:1.8.0_332]
	at javax.security.auth.Subject.doAs(Subject.java:422) [?:1.8.0_332]
	at org.apache.hadoop.security.UserGroupInformation.doAs(UserGroupInformation.java:1878) [hadoop-common-3.3.1.jar:?]
	at org.apache.hadoop.ipc.Server$Handler.run(Server.java:2966) [hadoop-common-3.3.1.jar:?]
]]></system-out>
  </testcase>
  <testcase name="testCreateDoesNotAddParentDirKeys" classname="TestOzoneFileSystem" time="0.162"/>
  <testcase name="testCreateDoesNotAddParentDirKeys" classname="TestOzoneFileSystem" time="0.211"/>
  <testcase name="testDeleteCreatesFakeParentDir" classname="TestOzoneFileSystem" time="0.042">
    <system-out><![CDATA[13:52:52.478 [IPC Server handler 7 on default port 44727] ERROR OMAudit - user=runner | ip=127.0.0.1 | op=READ_KEY {volume=volume19882, bucket=bucket92495, key=testDeleteCreatesFakeParentDir/parent/, dataSize=0, replicationConfig=null} | ret=FAILURE
org.apache.hadoop.ozone.om.exceptions.OMException: Key:testDeleteCreatesFakeParentDir/parent not found
	at org.apache.hadoop.ozone.om.KeyManagerImpl.lookupKey(KeyManagerImpl.java:399) ~[ozone-manager-1.3.0-SNAPSHOT.jar:?]
	at org.apache.hadoop.ozone.om.OzoneManager.lookupKey(OzoneManager.java:2817) ~[ozone-manager-1.3.0-SNAPSHOT.jar:?]
	at org.apache.hadoop.ozone.protocolPB.OzoneManagerRequestHandler.lookupKey(OzoneManagerRequestHandler.java:484) ~[ozone-manager-1.3.0-SNAPSHOT.jar:?]
	at org.apache.hadoop.ozone.protocolPB.OzoneManagerRequestHandler.handleReadRequest(OzoneManagerRequestHandler.java:182) ~[ozone-manager-1.3.0-SNAPSHOT.jar:?]
	at org.apache.hadoop.ozone.protocolPB.OzoneManagerProtocolServerSideTranslatorPB.submitReadRequestToOM(OzoneManagerProtocolServerSideTranslatorPB.java:225) ~[ozone-manager-1.3.0-SNAPSHOT.jar:?]
	at org.apache.hadoop.ozone.protocolPB.OzoneManagerProtocolServerSideTranslatorPB.processRequest(OzoneManagerProtocolServerSideTranslatorPB.java:175) ~[ozone-manager-1.3.0-SNAPSHOT.jar:?]
	at org.apache.hadoop.hdds.server.OzoneProtocolMessageDispatcher.processRequest(OzoneProtocolMessageDispatcher.java:87) [hdds-server-framework-1.3.0-SNAPSHOT.jar:?]
	at org.apache.hadoop.ozone.protocolPB.OzoneManagerProtocolServerSideTranslatorPB.submitRequest(OzoneManagerProtocolServerSideTranslatorPB.java:147) [ozone-manager-1.3.0-SNAPSHOT.jar:?]
	at org.apache.hadoop.ozone.protocol.proto.OzoneManagerProtocolProtos$OzoneManagerService$2.callBlockingMethod(OzoneManagerProtocolProtos.java) [ozone-interface-client-1.3.0-SNAPSHOT.jar:?]
	at org.apache.hadoop.ipc.ProtobufRpcEngine$Server.processCall(ProtobufRpcEngine.java:466) [hadoop-common-3.3.1.jar:?]
	at org.apache.hadoop.ipc.ProtobufRpcEngine2$Server$ProtoBufRpcInvoker.call(ProtobufRpcEngine2.java:574) [hadoop-common-3.3.1.jar:?]
	at org.apache.hadoop.ipc.ProtobufRpcEngine2$Server$ProtoBufRpcInvoker.call(ProtobufRpcEngine2.java:552) [hadoop-common-3.3.1.jar:?]
	at org.apache.hadoop.ipc.RPC$Server.call(RPC.java:1093) [hadoop-common-3.3.1.jar:?]
	at org.apache.hadoop.ipc.Server$RpcCall.run(Server.java:1035) [hadoop-common-3.3.1.jar:?]
	at org.apache.hadoop.ipc.Server$RpcCall.run(Server.java:963) [hadoop-common-3.3.1.jar:?]
	at java.security.AccessController.doPrivileged(Native Method) ~[?:1.8.0_332]
	at javax.security.auth.Subject.doAs(Subject.java:422) [?:1.8.0_332]
	at org.apache.hadoop.security.UserGroupInformation.doAs(UserGroupInformation.java:1878) [hadoop-common-3.3.1.jar:?]
	at org.apache.hadoop.ipc.Server$Handler.run(Server.java:2966) [hadoop-common-3.3.1.jar:?]
]]></system-out>
  </testcase>
  <testcase name="testDeleteCreatesFakeParentDir" classname="TestOzoneFileSystem" time="0.069">
    <system-out><![CDATA[13:54:01.004 [IPC Server handler 9 on default port 34499] ERROR OMAudit - user=runner | ip=127.0.0.1 | op=READ_KEY {volume=volume69434, bucket=bucket16378, key=testDeleteCreatesFakeParentDir/parent/, dataSize=0, replicationConfig=null} | ret=FAILURE
org.apache.hadoop.ozone.om.exceptions.OMException: Key:testDeleteCreatesFakeParentDir/parent not found
	at org.apache.hadoop.ozone.om.KeyManagerImpl.lookupKey(KeyManagerImpl.java:399) ~[ozone-manager-1.3.0-SNAPSHOT.jar:?]
	at org.apache.hadoop.ozone.om.OzoneManager.lookupKey(OzoneManager.java:2817) ~[ozone-manager-1.3.0-SNAPSHOT.jar:?]
	at org.apache.hadoop.ozone.protocolPB.OzoneManagerRequestHandler.lookupKey(OzoneManagerRequestHandler.java:484) ~[ozone-manager-1.3.0-SNAPSHOT.jar:?]
	at org.apache.hadoop.ozone.protocolPB.OzoneManagerRequestHandler.handleReadRequest(OzoneManagerRequestHandler.java:182) ~[ozone-manager-1.3.0-SNAPSHOT.jar:?]
	at org.apache.hadoop.ozone.protocolPB.OzoneManagerProtocolServerSideTranslatorPB.submitRequestDirectlyToOM(OzoneManagerProtocolServerSideTranslatorPB.java:284) ~[ozone-manager-1.3.0-SNAPSHOT.jar:?]
	at org.apache.hadoop.ozone.protocolPB.OzoneManagerProtocolServerSideTranslatorPB.processRequest(OzoneManagerProtocolServerSideTranslatorPB.java:207) ~[ozone-manager-1.3.0-SNAPSHOT.jar:?]
	at org.apache.hadoop.hdds.server.OzoneProtocolMessageDispatcher.processRequest(OzoneProtocolMessageDispatcher.java:87) [hdds-server-framework-1.3.0-SNAPSHOT.jar:?]
	at org.apache.hadoop.ozone.protocolPB.OzoneManagerProtocolServerSideTranslatorPB.submitRequest(OzoneManagerProtocolServerSideTranslatorPB.java:147) [ozone-manager-1.3.0-SNAPSHOT.jar:?]
	at org.apache.hadoop.ozone.protocol.proto.OzoneManagerProtocolProtos$OzoneManagerService$2.callBlockingMethod(OzoneManagerProtocolProtos.java) [ozone-interface-client-1.3.0-SNAPSHOT.jar:?]
	at org.apache.hadoop.ipc.ProtobufRpcEngine$Server.processCall(ProtobufRpcEngine.java:466) [hadoop-common-3.3.1.jar:?]
	at org.apache.hadoop.ipc.ProtobufRpcEngine2$Server$ProtoBufRpcInvoker.call(ProtobufRpcEngine2.java:574) [hadoop-common-3.3.1.jar:?]
	at org.apache.hadoop.ipc.ProtobufRpcEngine2$Server$ProtoBufRpcInvoker.call(ProtobufRpcEngine2.java:552) [hadoop-common-3.3.1.jar:?]
	at org.apache.hadoop.ipc.RPC$Server.call(RPC.java:1093) [hadoop-common-3.3.1.jar:?]
	at org.apache.hadoop.ipc.Server$RpcCall.run(Server.java:1035) [hadoop-common-3.3.1.jar:?]
	at org.apache.hadoop.ipc.Server$RpcCall.run(Server.java:963) [hadoop-common-3.3.1.jar:?]
	at java.security.AccessController.doPrivileged(Native Method) ~[?:1.8.0_332]
	at javax.security.auth.Subject.doAs(Subject.java:422) [?:1.8.0_332]
	at org.apache.hadoop.security.UserGroupInformation.doAs(UserGroupInformation.java:1878) [hadoop-common-3.3.1.jar:?]
	at org.apache.hadoop.ipc.Server$Handler.run(Server.java:2966) [hadoop-common-3.3.1.jar:?]
]]></system-out>
  </testcase>
  <testcase name="testDeleteCreatesFakeParentDir" classname="TestOzoneFileSystem" time="0.124"/>
  <testcase name="testDeleteCreatesFakeParentDir" classname="TestOzoneFileSystem" time="0.16"/>
  <testcase name="testNonExplicitlyCreatedPathExistsAfterItsLeafsWereRemoved" classname="TestOzoneFileSystem" time="0.05">
    <system-out><![CDATA[13:52:52.510 [IPC Server handler 1 on default port 44727] ERROR OMAudit - user=runner | ip=127.0.0.1 | op=GET_FILE_STATUS {volume=volume19882, bucket=bucket92495, key=target/leaf, dataSize=0, replicationConfig=null} | ret=FAILURE
org.apache.hadoop.ozone.om.exceptions.OMException: Unable to get file status: volume: volume19882 bucket: bucket92495 key: target/leaf
	at org.apache.hadoop.ozone.om.KeyManagerImpl.getOzoneFileStatus(KeyManagerImpl.java:1311) ~[ozone-manager-1.3.0-SNAPSHOT.jar:?]
	at org.apache.hadoop.ozone.om.KeyManagerImpl.getFileStatus(KeyManagerImpl.java:1241) ~[ozone-manager-1.3.0-SNAPSHOT.jar:?]
	at org.apache.hadoop.ozone.om.OzoneManager.getFileStatus(OzoneManager.java:3419) ~[ozone-manager-1.3.0-SNAPSHOT.jar:?]
	at org.apache.hadoop.ozone.protocolPB.OzoneManagerRequestHandler.getOzoneFileStatus(OzoneManagerRequestHandler.java:871) ~[ozone-manager-1.3.0-SNAPSHOT.jar:?]
	at org.apache.hadoop.ozone.protocolPB.OzoneManagerRequestHandler.handleReadRequest(OzoneManagerRequestHandler.java:217) ~[ozone-manager-1.3.0-SNAPSHOT.jar:?]
	at org.apache.hadoop.ozone.protocolPB.OzoneManagerProtocolServerSideTranslatorPB.submitReadRequestToOM(OzoneManagerProtocolServerSideTranslatorPB.java:225) ~[ozone-manager-1.3.0-SNAPSHOT.jar:?]
	at org.apache.hadoop.ozone.protocolPB.OzoneManagerProtocolServerSideTranslatorPB.processRequest(OzoneManagerProtocolServerSideTranslatorPB.java:175) ~[ozone-manager-1.3.0-SNAPSHOT.jar:?]
	at org.apache.hadoop.hdds.server.OzoneProtocolMessageDispatcher.processRequest(OzoneProtocolMessageDispatcher.java:87) [hdds-server-framework-1.3.0-SNAPSHOT.jar:?]
	at org.apache.hadoop.ozone.protocolPB.OzoneManagerProtocolServerSideTranslatorPB.submitRequest(OzoneManagerProtocolServerSideTranslatorPB.java:147) [ozone-manager-1.3.0-SNAPSHOT.jar:?]
	at org.apache.hadoop.ozone.protocol.proto.OzoneManagerProtocolProtos$OzoneManagerService$2.callBlockingMethod(OzoneManagerProtocolProtos.java) [ozone-interface-client-1.3.0-SNAPSHOT.jar:?]
	at org.apache.hadoop.ipc.ProtobufRpcEngine$Server.processCall(ProtobufRpcEngine.java:466) [hadoop-common-3.3.1.jar:?]
	at org.apache.hadoop.ipc.ProtobufRpcEngine2$Server$ProtoBufRpcInvoker.call(ProtobufRpcEngine2.java:574) [hadoop-common-3.3.1.jar:?]
	at org.apache.hadoop.ipc.ProtobufRpcEngine2$Server$ProtoBufRpcInvoker.call(ProtobufRpcEngine2.java:552) [hadoop-common-3.3.1.jar:?]
	at org.apache.hadoop.ipc.RPC$Server.call(RPC.java:1093) [hadoop-common-3.3.1.jar:?]
	at org.apache.hadoop.ipc.Server$RpcCall.run(Server.java:1035) [hadoop-common-3.3.1.jar:?]
	at org.apache.hadoop.ipc.Server$RpcCall.run(Server.java:963) [hadoop-common-3.3.1.jar:?]
	at java.security.AccessController.doPrivileged(Native Method) ~[?:1.8.0_332]
	at javax.security.auth.Subject.doAs(Subject.java:422) [?:1.8.0_332]
	at org.apache.hadoop.security.UserGroupInformation.doAs(UserGroupInformation.java:1878) [hadoop-common-3.3.1.jar:?]
	at org.apache.hadoop.ipc.Server$Handler.run(Server.java:2966) [hadoop-common-3.3.1.jar:?]
]]></system-out>
  </testcase>
  <testcase name="testNonExplicitlyCreatedPathExistsAfterItsLeafsWereRemoved" classname="TestOzoneFileSystem" time="0.033">
    <system-out><![CDATA[13:54:01.031 [IPC Server handler 0 on default port 34499] ERROR OMAudit - user=runner | ip=127.0.0.1 | op=GET_FILE_STATUS {volume=volume69434, bucket=bucket16378, key=target/leaf, dataSize=0, replicationConfig=null} | ret=FAILURE
org.apache.hadoop.ozone.om.exceptions.OMException: Unable to get file status: volume: volume69434 bucket: bucket16378 key: target/leaf
	at org.apache.hadoop.ozone.om.KeyManagerImpl.getOzoneFileStatus(KeyManagerImpl.java:1311) ~[ozone-manager-1.3.0-SNAPSHOT.jar:?]
	at org.apache.hadoop.ozone.om.KeyManagerImpl.getFileStatus(KeyManagerImpl.java:1241) ~[ozone-manager-1.3.0-SNAPSHOT.jar:?]
	at org.apache.hadoop.ozone.om.OzoneManager.getFileStatus(OzoneManager.java:3419) ~[ozone-manager-1.3.0-SNAPSHOT.jar:?]
	at org.apache.hadoop.ozone.protocolPB.OzoneManagerRequestHandler.getOzoneFileStatus(OzoneManagerRequestHandler.java:871) ~[ozone-manager-1.3.0-SNAPSHOT.jar:?]
	at org.apache.hadoop.ozone.protocolPB.OzoneManagerRequestHandler.handleReadRequest(OzoneManagerRequestHandler.java:217) ~[ozone-manager-1.3.0-SNAPSHOT.jar:?]
	at org.apache.hadoop.ozone.protocolPB.OzoneManagerProtocolServerSideTranslatorPB.submitRequestDirectlyToOM(OzoneManagerProtocolServerSideTranslatorPB.java:284) ~[ozone-manager-1.3.0-SNAPSHOT.jar:?]
	at org.apache.hadoop.ozone.protocolPB.OzoneManagerProtocolServerSideTranslatorPB.processRequest(OzoneManagerProtocolServerSideTranslatorPB.java:207) ~[ozone-manager-1.3.0-SNAPSHOT.jar:?]
	at org.apache.hadoop.hdds.server.OzoneProtocolMessageDispatcher.processRequest(OzoneProtocolMessageDispatcher.java:87) [hdds-server-framework-1.3.0-SNAPSHOT.jar:?]
	at org.apache.hadoop.ozone.protocolPB.OzoneManagerProtocolServerSideTranslatorPB.submitRequest(OzoneManagerProtocolServerSideTranslatorPB.java:147) [ozone-manager-1.3.0-SNAPSHOT.jar:?]
	at org.apache.hadoop.ozone.protocol.proto.OzoneManagerProtocolProtos$OzoneManagerService$2.callBlockingMethod(OzoneManagerProtocolProtos.java) [ozone-interface-client-1.3.0-SNAPSHOT.jar:?]
	at org.apache.hadoop.ipc.ProtobufRpcEngine$Server.processCall(ProtobufRpcEngine.java:466) [hadoop-common-3.3.1.jar:?]
	at org.apache.hadoop.ipc.ProtobufRpcEngine2$Server$ProtoBufRpcInvoker.call(ProtobufRpcEngine2.java:574) [hadoop-common-3.3.1.jar:?]
	at org.apache.hadoop.ipc.ProtobufRpcEngine2$Server$ProtoBufRpcInvoker.call(ProtobufRpcEngine2.java:552) [hadoop-common-3.3.1.jar:?]
	at org.apache.hadoop.ipc.RPC$Server.call(RPC.java:1093) [hadoop-common-3.3.1.jar:?]
	at org.apache.hadoop.ipc.Server$RpcCall.run(Server.java:1035) [hadoop-common-3.3.1.jar:?]
	at org.apache.hadoop.ipc.Server$RpcCall.run(Server.java:963) [hadoop-common-3.3.1.jar:?]
	at java.security.AccessController.doPrivileged(Native Method) ~[?:1.8.0_332]
	at javax.security.auth.Subject.doAs(Subject.java:422) [?:1.8.0_332]
	at org.apache.hadoop.security.UserGroupInformation.doAs(UserGroupInformation.java:1878) [hadoop-common-3.3.1.jar:?]
	at org.apache.hadoop.ipc.Server$Handler.run(Server.java:2966) [hadoop-common-3.3.1.jar:?]
]]></system-out>
  </testcase>
  <testcase name="testNonExplicitlyCreatedPathExistsAfterItsLeafsWereRemoved" classname="TestOzoneFileSystem" time="0.045">
    <system-out><![CDATA[13:55:06.062 [IPC Server handler 19 on default port 42759] ERROR OMAudit - user=runner | ip=127.0.0.1 | op=GET_FILE_STATUS {volume=volume68340, bucket=bucket67715, key=target/leaf, dataSize=0, replicationConfig=null} | ret=FAILURE
org.apache.hadoop.ozone.om.exceptions.OMException: Unable to get file status: volume: volume68340 bucket: bucket67715 key: target/leaf
	at org.apache.hadoop.ozone.om.KeyManagerImpl.getOzoneFileStatus(KeyManagerImpl.java:1311) ~[ozone-manager-1.3.0-SNAPSHOT.jar:?]
	at org.apache.hadoop.ozone.om.KeyManagerImpl.getFileStatus(KeyManagerImpl.java:1241) ~[ozone-manager-1.3.0-SNAPSHOT.jar:?]
	at org.apache.hadoop.ozone.om.OzoneManager.getFileStatus(OzoneManager.java:3419) ~[ozone-manager-1.3.0-SNAPSHOT.jar:?]
	at org.apache.hadoop.ozone.protocolPB.OzoneManagerRequestHandler.getOzoneFileStatus(OzoneManagerRequestHandler.java:871) ~[ozone-manager-1.3.0-SNAPSHOT.jar:?]
	at org.apache.hadoop.ozone.protocolPB.OzoneManagerRequestHandler.handleReadRequest(OzoneManagerRequestHandler.java:217) ~[ozone-manager-1.3.0-SNAPSHOT.jar:?]
	at org.apache.hadoop.ozone.protocolPB.OzoneManagerProtocolServerSideTranslatorPB.submitReadRequestToOM(OzoneManagerProtocolServerSideTranslatorPB.java:225) ~[ozone-manager-1.3.0-SNAPSHOT.jar:?]
	at org.apache.hadoop.ozone.protocolPB.OzoneManagerProtocolServerSideTranslatorPB.processRequest(OzoneManagerProtocolServerSideTranslatorPB.java:175) ~[ozone-manager-1.3.0-SNAPSHOT.jar:?]
	at org.apache.hadoop.hdds.server.OzoneProtocolMessageDispatcher.processRequest(OzoneProtocolMessageDispatcher.java:87) [hdds-server-framework-1.3.0-SNAPSHOT.jar:?]
	at org.apache.hadoop.ozone.protocolPB.OzoneManagerProtocolServerSideTranslatorPB.submitRequest(OzoneManagerProtocolServerSideTranslatorPB.java:147) [ozone-manager-1.3.0-SNAPSHOT.jar:?]
	at org.apache.hadoop.ozone.protocol.proto.OzoneManagerProtocolProtos$OzoneManagerService$2.callBlockingMethod(OzoneManagerProtocolProtos.java) [ozone-interface-client-1.3.0-SNAPSHOT.jar:?]
	at org.apache.hadoop.ipc.ProtobufRpcEngine$Server.processCall(ProtobufRpcEngine.java:466) [hadoop-common-3.3.1.jar:?]
	at org.apache.hadoop.ipc.ProtobufRpcEngine2$Server$ProtoBufRpcInvoker.call(ProtobufRpcEngine2.java:574) [hadoop-common-3.3.1.jar:?]
	at org.apache.hadoop.ipc.ProtobufRpcEngine2$Server$ProtoBufRpcInvoker.call(ProtobufRpcEngine2.java:552) [hadoop-common-3.3.1.jar:?]
	at org.apache.hadoop.ipc.RPC$Server.call(RPC.java:1093) [hadoop-common-3.3.1.jar:?]
	at org.apache.hadoop.ipc.Server$RpcCall.run(Server.java:1035) [hadoop-common-3.3.1.jar:?]
	at org.apache.hadoop.ipc.Server$RpcCall.run(Server.java:963) [hadoop-common-3.3.1.jar:?]
	at java.security.AccessController.doPrivileged(Native Method) ~[?:1.8.0_332]
	at javax.security.auth.Subject.doAs(Subject.java:422) [?:1.8.0_332]
	at org.apache.hadoop.security.UserGroupInformation.doAs(UserGroupInformation.java:1878) [hadoop-common-3.3.1.jar:?]
	at org.apache.hadoop.ipc.Server$Handler.run(Server.java:2966) [hadoop-common-3.3.1.jar:?]
]]></system-out>
  </testcase>
  <testcase name="testNonExplicitlyCreatedPathExistsAfterItsLeafsWereRemoved" classname="TestOzoneFileSystem" time="0.072">
    <system-out><![CDATA[13:56:23.706 [IPC Server handler 8 on default port 33745] ERROR OMAudit - user=runner | ip=127.0.0.1 | op=GET_FILE_STATUS {volume=volume37829, bucket=bucket78784, key=target/leaf, dataSize=0, replicationConfig=null} | ret=FAILURE
org.apache.hadoop.ozone.om.exceptions.OMException: Unable to get file status: volume: volume37829 bucket: bucket78784 key: target/leaf
	at org.apache.hadoop.ozone.om.KeyManagerImpl.getOzoneFileStatus(KeyManagerImpl.java:1311) ~[ozone-manager-1.3.0-SNAPSHOT.jar:?]
	at org.apache.hadoop.ozone.om.KeyManagerImpl.getFileStatus(KeyManagerImpl.java:1241) ~[ozone-manager-1.3.0-SNAPSHOT.jar:?]
	at org.apache.hadoop.ozone.om.OzoneManager.getFileStatus(OzoneManager.java:3419) ~[ozone-manager-1.3.0-SNAPSHOT.jar:?]
	at org.apache.hadoop.ozone.protocolPB.OzoneManagerRequestHandler.getOzoneFileStatus(OzoneManagerRequestHandler.java:871) ~[ozone-manager-1.3.0-SNAPSHOT.jar:?]
	at org.apache.hadoop.ozone.protocolPB.OzoneManagerRequestHandler.handleReadRequest(OzoneManagerRequestHandler.java:217) ~[ozone-manager-1.3.0-SNAPSHOT.jar:?]
	at org.apache.hadoop.ozone.protocolPB.OzoneManagerProtocolServerSideTranslatorPB.submitRequestDirectlyToOM(OzoneManagerProtocolServerSideTranslatorPB.java:284) ~[ozone-manager-1.3.0-SNAPSHOT.jar:?]
	at org.apache.hadoop.ozone.protocolPB.OzoneManagerProtocolServerSideTranslatorPB.processRequest(OzoneManagerProtocolServerSideTranslatorPB.java:207) ~[ozone-manager-1.3.0-SNAPSHOT.jar:?]
	at org.apache.hadoop.hdds.server.OzoneProtocolMessageDispatcher.processRequest(OzoneProtocolMessageDispatcher.java:87) [hdds-server-framework-1.3.0-SNAPSHOT.jar:?]
	at org.apache.hadoop.ozone.protocolPB.OzoneManagerProtocolServerSideTranslatorPB.submitRequest(OzoneManagerProtocolServerSideTranslatorPB.java:147) [ozone-manager-1.3.0-SNAPSHOT.jar:?]
	at org.apache.hadoop.ozone.protocol.proto.OzoneManagerProtocolProtos$OzoneManagerService$2.callBlockingMethod(OzoneManagerProtocolProtos.java) [ozone-interface-client-1.3.0-SNAPSHOT.jar:?]
	at org.apache.hadoop.ipc.ProtobufRpcEngine$Server.processCall(ProtobufRpcEngine.java:466) [hadoop-common-3.3.1.jar:?]
	at org.apache.hadoop.ipc.ProtobufRpcEngine2$Server$ProtoBufRpcInvoker.call(ProtobufRpcEngine2.java:574) [hadoop-common-3.3.1.jar:?]
	at org.apache.hadoop.ipc.ProtobufRpcEngine2$Server$ProtoBufRpcInvoker.call(ProtobufRpcEngine2.java:552) [hadoop-common-3.3.1.jar:?]
	at org.apache.hadoop.ipc.RPC$Server.call(RPC.java:1093) [hadoop-common-3.3.1.jar:?]
	at org.apache.hadoop.ipc.Server$RpcCall.run(Server.java:1035) [hadoop-common-3.3.1.jar:?]
	at org.apache.hadoop.ipc.Server$RpcCall.run(Server.java:963) [hadoop-common-3.3.1.jar:?]
	at java.security.AccessController.doPrivileged(Native Method) ~[?:1.8.0_332]
	at javax.security.auth.Subject.doAs(Subject.java:422) [?:1.8.0_332]
	at org.apache.hadoop.security.UserGroupInformation.doAs(UserGroupInformation.java:1878) [hadoop-common-3.3.1.jar:?]
	at org.apache.hadoop.ipc.Server$Handler.run(Server.java:2966) [hadoop-common-3.3.1.jar:?]
]]></system-out>
  </testcase>
  <testcase name="testCreateFileShouldCheckExistenceOfDirWithSameName" classname="TestOzoneFileSystem" time="0.056">
    <system-out><![CDATA[13:52:52.566 [OM StateMachine ApplyTransaction Thread - 0] ERROR OMAudit - user=runner | ip=127.0.0.1 | op=CREATE_FILE {volume=volume19882, bucket=bucket92495, key=d1/d2/d3/d4/key2, dataSize=4194304, replicationType=RATIS, replicationFactor=THREE} | ret=FAILURE
org.apache.hadoop.ozone.om.exceptions.OMException: Can not write to directory: d1/d2/d3/d4/key2
	at org.apache.hadoop.ozone.om.request.file.OMFileCreateRequest.checkDirectoryResult(OMFileCreateRequest.java:364) ~[ozone-manager-1.3.0-SNAPSHOT.jar:?]
	at org.apache.hadoop.ozone.om.request.file.OMFileCreateRequest.validateAndUpdateCache(OMFileCreateRequest.java:240) ~[ozone-manager-1.3.0-SNAPSHOT.jar:?]
	at org.apache.hadoop.ozone.protocolPB.OzoneManagerRequestHandler.handleWriteRequest(OzoneManagerRequestHandler.java:293) ~[ozone-manager-1.3.0-SNAPSHOT.jar:?]
	at org.apache.hadoop.ozone.om.ratis.OzoneManagerStateMachine.runCommand(OzoneManagerStateMachine.java:529) ~[ozone-manager-1.3.0-SNAPSHOT.jar:?]
	at org.apache.hadoop.ozone.om.ratis.OzoneManagerStateMachine.lambda$1(OzoneManagerStateMachine.java:324) ~[ozone-manager-1.3.0-SNAPSHOT.jar:?]
	at java.util.concurrent.CompletableFuture$AsyncSupply.run(CompletableFuture.java:1604) [?:1.8.0_332]
	at java.util.concurrent.ThreadPoolExecutor.runWorker(ThreadPoolExecutor.java:1149) [?:1.8.0_332]
	at java.util.concurrent.ThreadPoolExecutor$Worker.run(ThreadPoolExecutor.java:624) [?:1.8.0_332]
	at java.lang.Thread.run(Thread.java:750) [?:1.8.0_332]
2022-06-21 13:52:52,567 [OM StateMachine ApplyTransaction Thread - 0] ERROR file.OMFileCreateRequest (OMFileCreateRequest.java:validateAndUpdateCache(337)) - File create failed. Volume:volume19882, Bucket:bucket92495, Keyd1/d2/d3/d4/key2.
NOT_A_FILE org.apache.hadoop.ozone.om.exceptions.OMException: Can not write to directory: d1/d2/d3/d4/key2
	at org.apache.hadoop.ozone.om.request.file.OMFileCreateRequest.checkDirectoryResult(OMFileCreateRequest.java:364)
	at org.apache.hadoop.ozone.om.request.file.OMFileCreateRequest.validateAndUpdateCache(OMFileCreateRequest.java:240)
	at org.apache.hadoop.ozone.protocolPB.OzoneManagerRequestHandler.handleWriteRequest(OzoneManagerRequestHandler.java:293)
	at org.apache.hadoop.ozone.om.ratis.OzoneManagerStateMachine.runCommand(OzoneManagerStateMachine.java:529)
	at org.apache.hadoop.ozone.om.ratis.OzoneManagerStateMachine.lambda$1(OzoneManagerStateMachine.java:324)
	at java.util.concurrent.CompletableFuture$AsyncSupply.run(CompletableFuture.java:1604)
	at java.util.concurrent.ThreadPoolExecutor.runWorker(ThreadPoolExecutor.java:1149)
	at java.util.concurrent.ThreadPoolExecutor$Worker.run(ThreadPoolExecutor.java:624)
	at java.lang.Thread.run(Thread.java:750)
13:52:52.580 [OM StateMachine ApplyTransaction Thread - 0] ERROR OMAudit - user=runner | ip=127.0.0.1 | op=CREATE_DIRECTORY {volume=volume19882, bucket=bucket92495, key=d1/d2/d3/d4/key3, dataSize=0, replicationType=NONE, replicationFactor=ZERO} | ret=FAILURE
org.apache.hadoop.ozone.om.exceptions.OMException: Unable to create directory: d1/d2/d3/d4/key3 in volume/bucket: volume19882/bucket92495
	at org.apache.hadoop.ozone.om.request.file.OMDirectoryCreateRequest.validateAndUpdateCache(OMDirectoryCreateRequest.java:198) ~[ozone-manager-1.3.0-SNAPSHOT.jar:?]
	at org.apache.hadoop.ozone.protocolPB.OzoneManagerRequestHandler.handleWriteRequest(OzoneManagerRequestHandler.java:293) ~[ozone-manager-1.3.0-SNAPSHOT.jar:?]
	at org.apache.hadoop.ozone.om.ratis.OzoneManagerStateMachine.runCommand(OzoneManagerStateMachine.java:529) ~[ozone-manager-1.3.0-SNAPSHOT.jar:?]
	at org.apache.hadoop.ozone.om.ratis.OzoneManagerStateMachine.lambda$1(OzoneManagerStateMachine.java:324) ~[ozone-manager-1.3.0-SNAPSHOT.jar:?]
	at java.util.concurrent.CompletableFuture$AsyncSupply.run(CompletableFuture.java:1604) [?:1.8.0_332]
	at java.util.concurrent.ThreadPoolExecutor.runWorker(ThreadPoolExecutor.java:1149) [?:1.8.0_332]
	at java.util.concurrent.ThreadPoolExecutor$Worker.run(ThreadPoolExecutor.java:624) [?:1.8.0_332]
	at java.lang.Thread.run(Thread.java:750) [?:1.8.0_332]
2022-06-21 13:52:52,580 [OM StateMachine ApplyTransaction Thread - 0] ERROR file.OMDirectoryCreateRequest (OMDirectoryCreateRequest.java:logResult(331)) - Directory creation failed. Volume:volume19882, Bucket:bucket92495, Keyd1/d2/d3/d4/key3. Exception:{}
FILE_ALREADY_EXISTS org.apache.hadoop.ozone.om.exceptions.OMException: Unable to create directory: d1/d2/d3/d4/key3 in volume/bucket: volume19882/bucket92495
	at org.apache.hadoop.ozone.om.request.file.OMDirectoryCreateRequest.validateAndUpdateCache(OMDirectoryCreateRequest.java:198)
	at org.apache.hadoop.ozone.protocolPB.OzoneManagerRequestHandler.handleWriteRequest(OzoneManagerRequestHandler.java:293)
	at org.apache.hadoop.ozone.om.ratis.OzoneManagerStateMachine.runCommand(OzoneManagerStateMachine.java:529)
	at org.apache.hadoop.ozone.om.ratis.OzoneManagerStateMachine.lambda$1(OzoneManagerStateMachine.java:324)
	at java.util.concurrent.CompletableFuture$AsyncSupply.run(CompletableFuture.java:1604)
	at java.util.concurrent.ThreadPoolExecutor.runWorker(ThreadPoolExecutor.java:1149)
	at java.util.concurrent.ThreadPoolExecutor$Worker.run(ThreadPoolExecutor.java:624)
	at java.lang.Thread.run(Thread.java:750)
13:52:52.585 [OM StateMachine ApplyTransaction Thread - 0] ERROR OMAudit - user=runner | ip=127.0.0.1 | op=CREATE_FILE {volume=volume19882, bucket=bucket92495, key=d1/d2/d3, dataSize=4194304, replicationType=RATIS, replicationFactor=THREE} | ret=FAILURE
org.apache.hadoop.ozone.om.exceptions.OMException: Can not write to directory: d1/d2/d3
	at org.apache.hadoop.ozone.om.request.file.OMFileCreateRequest.checkDirectoryResult(OMFileCreateRequest.java:364) ~[ozone-manager-1.3.0-SNAPSHOT.jar:?]
	at org.apache.hadoop.ozone.om.request.file.OMFileCreateRequest.validateAndUpdateCache(OMFileCreateRequest.java:240) ~[ozone-manager-1.3.0-SNAPSHOT.jar:?]
	at org.apache.hadoop.ozone.protocolPB.OzoneManagerRequestHandler.handleWriteRequest(OzoneManagerRequestHandler.java:293) ~[ozone-manager-1.3.0-SNAPSHOT.jar:?]
	at org.apache.hadoop.ozone.om.ratis.OzoneManagerStateMachine.runCommand(OzoneManagerStateMachine.java:529) ~[ozone-manager-1.3.0-SNAPSHOT.jar:?]
	at org.apache.hadoop.ozone.om.ratis.OzoneManagerStateMachine.lambda$1(OzoneManagerStateMachine.java:324) ~[ozone-manager-1.3.0-SNAPSHOT.jar:?]
	at java.util.concurrent.CompletableFuture$AsyncSupply.run(CompletableFuture.java:1604) [?:1.8.0_332]
	at java.util.concurrent.ThreadPoolExecutor.runWorker(ThreadPoolExecutor.java:1149) [?:1.8.0_332]
	at java.util.concurrent.ThreadPoolExecutor$Worker.run(ThreadPoolExecutor.java:624) [?:1.8.0_332]
	at java.lang.Thread.run(Thread.java:750) [?:1.8.0_332]
2022-06-21 13:52:52,585 [OM StateMachine ApplyTransaction Thread - 0] ERROR file.OMFileCreateRequest (OMFileCreateRequest.java:validateAndUpdateCache(337)) - File create failed. Volume:volume19882, Bucket:bucket92495, Keyd1/d2/d3.
NOT_A_FILE org.apache.hadoop.ozone.om.exceptions.OMException: Can not write to directory: d1/d2/d3
	at org.apache.hadoop.ozone.om.request.file.OMFileCreateRequest.checkDirectoryResult(OMFileCreateRequest.java:364)
	at org.apache.hadoop.ozone.om.request.file.OMFileCreateRequest.validateAndUpdateCache(OMFileCreateRequest.java:240)
	at org.apache.hadoop.ozone.protocolPB.OzoneManagerRequestHandler.handleWriteRequest(OzoneManagerRequestHandler.java:293)
	at org.apache.hadoop.ozone.om.ratis.OzoneManagerStateMachine.runCommand(OzoneManagerStateMachine.java:529)
	at org.apache.hadoop.ozone.om.ratis.OzoneManagerStateMachine.lambda$1(OzoneManagerStateMachine.java:324)
	at java.util.concurrent.CompletableFuture$AsyncSupply.run(CompletableFuture.java:1604)
	at java.util.concurrent.ThreadPoolExecutor.runWorker(ThreadPoolExecutor.java:1149)
	at java.util.concurrent.ThreadPoolExecutor$Worker.run(ThreadPoolExecutor.java:624)
	at java.lang.Thread.run(Thread.java:750)
13:52:52.587 [IPC Server handler 16 on default port 44727] ERROR OMAudit - user=runner | ip=127.0.0.1 | op=GET_FILE_STATUS {volume=volume19882, bucket=bucket92495, key=d1/d2/d3/d4/key3/invalid, dataSize=0, replicationConfig=null} | ret=FAILURE
org.apache.hadoop.ozone.om.exceptions.OMException: Unable to get file status: volume: volume19882 bucket: bucket92495 key: d1/d2/d3/d4/key3/invalid
	at org.apache.hadoop.ozone.om.KeyManagerImpl.getOzoneFileStatus(KeyManagerImpl.java:1311) ~[ozone-manager-1.3.0-SNAPSHOT.jar:?]
	at org.apache.hadoop.ozone.om.KeyManagerImpl.getFileStatus(KeyManagerImpl.java:1241) ~[ozone-manager-1.3.0-SNAPSHOT.jar:?]
	at org.apache.hadoop.ozone.om.OzoneManager.getFileStatus(OzoneManager.java:3419) ~[ozone-manager-1.3.0-SNAPSHOT.jar:?]
	at org.apache.hadoop.ozone.protocolPB.OzoneManagerRequestHandler.getOzoneFileStatus(OzoneManagerRequestHandler.java:871) ~[ozone-manager-1.3.0-SNAPSHOT.jar:?]
	at org.apache.hadoop.ozone.protocolPB.OzoneManagerRequestHandler.handleReadRequest(OzoneManagerRequestHandler.java:217) ~[ozone-manager-1.3.0-SNAPSHOT.jar:?]
	at org.apache.hadoop.ozone.protocolPB.OzoneManagerProtocolServerSideTranslatorPB.submitReadRequestToOM(OzoneManagerProtocolServerSideTranslatorPB.java:225) ~[ozone-manager-1.3.0-SNAPSHOT.jar:?]
	at org.apache.hadoop.ozone.protocolPB.OzoneManagerProtocolServerSideTranslatorPB.processRequest(OzoneManagerProtocolServerSideTranslatorPB.java:175) ~[ozone-manager-1.3.0-SNAPSHOT.jar:?]
	at org.apache.hadoop.hdds.server.OzoneProtocolMessageDispatcher.processRequest(OzoneProtocolMessageDispatcher.java:87) [hdds-server-framework-1.3.0-SNAPSHOT.jar:?]
	at org.apache.hadoop.ozone.protocolPB.OzoneManagerProtocolServerSideTranslatorPB.submitRequest(OzoneManagerProtocolServerSideTranslatorPB.java:147) [ozone-manager-1.3.0-SNAPSHOT.jar:?]
	at org.apache.hadoop.ozone.protocol.proto.OzoneManagerProtocolProtos$OzoneManagerService$2.callBlockingMethod(OzoneManagerProtocolProtos.java) [ozone-interface-client-1.3.0-SNAPSHOT.jar:?]
	at org.apache.hadoop.ipc.ProtobufRpcEngine$Server.processCall(ProtobufRpcEngine.java:466) [hadoop-common-3.3.1.jar:?]
	at org.apache.hadoop.ipc.ProtobufRpcEngine2$Server$ProtoBufRpcInvoker.call(ProtobufRpcEngine2.java:574) [hadoop-common-3.3.1.jar:?]
	at org.apache.hadoop.ipc.ProtobufRpcEngine2$Server$ProtoBufRpcInvoker.call(ProtobufRpcEngine2.java:552) [hadoop-common-3.3.1.jar:?]
	at org.apache.hadoop.ipc.RPC$Server.call(RPC.java:1093) [hadoop-common-3.3.1.jar:?]
	at org.apache.hadoop.ipc.Server$RpcCall.run(Server.java:1035) [hadoop-common-3.3.1.jar:?]
	at org.apache.hadoop.ipc.Server$RpcCall.run(Server.java:963) [hadoop-common-3.3.1.jar:?]
	at java.security.AccessController.doPrivileged(Native Method) ~[?:1.8.0_332]
	at javax.security.auth.Subject.doAs(Subject.java:422) [?:1.8.0_332]
	at org.apache.hadoop.security.UserGroupInformation.doAs(UserGroupInformation.java:1878) [hadoop-common-3.3.1.jar:?]
	at org.apache.hadoop.ipc.Server$Handler.run(Server.java:2966) [hadoop-common-3.3.1.jar:?]
13:52:52.589 [IPC Server handler 14 on default port 44727] ERROR OMAudit - user=runner | ip=127.0.0.1 | op=GET_FILE_STATUS {volume=volume19882, bucket=bucket92495, key=d1/d2/d3/d4/invalidkey, dataSize=0, replicationConfig=null} | ret=FAILURE
org.apache.hadoop.ozone.om.exceptions.OMException: Unable to get file status: volume: volume19882 bucket: bucket92495 key: d1/d2/d3/d4/invalidkey
	at org.apache.hadoop.ozone.om.KeyManagerImpl.getOzoneFileStatus(KeyManagerImpl.java:1311) ~[ozone-manager-1.3.0-SNAPSHOT.jar:?]
	at org.apache.hadoop.ozone.om.KeyManagerImpl.getFileStatus(KeyManagerImpl.java:1241) ~[ozone-manager-1.3.0-SNAPSHOT.jar:?]
	at org.apache.hadoop.ozone.om.OzoneManager.getFileStatus(OzoneManager.java:3419) ~[ozone-manager-1.3.0-SNAPSHOT.jar:?]
	at org.apache.hadoop.ozone.protocolPB.OzoneManagerRequestHandler.getOzoneFileStatus(OzoneManagerRequestHandler.java:871) ~[ozone-manager-1.3.0-SNAPSHOT.jar:?]
	at org.apache.hadoop.ozone.protocolPB.OzoneManagerRequestHandler.handleReadRequest(OzoneManagerRequestHandler.java:217) ~[ozone-manager-1.3.0-SNAPSHOT.jar:?]
	at org.apache.hadoop.ozone.protocolPB.OzoneManagerProtocolServerSideTranslatorPB.submitReadRequestToOM(OzoneManagerProtocolServerSideTranslatorPB.java:225) ~[ozone-manager-1.3.0-SNAPSHOT.jar:?]
	at org.apache.hadoop.ozone.protocolPB.OzoneManagerProtocolServerSideTranslatorPB.processRequest(OzoneManagerProtocolServerSideTranslatorPB.java:175) ~[ozone-manager-1.3.0-SNAPSHOT.jar:?]
	at org.apache.hadoop.hdds.server.OzoneProtocolMessageDispatcher.processRequest(OzoneProtocolMessageDispatcher.java:87) [hdds-server-framework-1.3.0-SNAPSHOT.jar:?]
	at org.apache.hadoop.ozone.protocolPB.OzoneManagerProtocolServerSideTranslatorPB.submitRequest(OzoneManagerProtocolServerSideTranslatorPB.java:147) [ozone-manager-1.3.0-SNAPSHOT.jar:?]
	at org.apache.hadoop.ozone.protocol.proto.OzoneManagerProtocolProtos$OzoneManagerService$2.callBlockingMethod(OzoneManagerProtocolProtos.java) [ozone-interface-client-1.3.0-SNAPSHOT.jar:?]
	at org.apache.hadoop.ipc.ProtobufRpcEngine$Server.processCall(ProtobufRpcEngine.java:466) [hadoop-common-3.3.1.jar:?]
	at org.apache.hadoop.ipc.ProtobufRpcEngine2$Server$ProtoBufRpcInvoker.call(ProtobufRpcEngine2.java:574) [hadoop-common-3.3.1.jar:?]
	at org.apache.hadoop.ipc.ProtobufRpcEngine2$Server$ProtoBufRpcInvoker.call(ProtobufRpcEngine2.java:552) [hadoop-common-3.3.1.jar:?]
	at org.apache.hadoop.ipc.RPC$Server.call(RPC.java:1093) [hadoop-common-3.3.1.jar:?]
	at org.apache.hadoop.ipc.Server$RpcCall.run(Server.java:1035) [hadoop-common-3.3.1.jar:?]
	at org.apache.hadoop.ipc.Server$RpcCall.run(Server.java:963) [hadoop-common-3.3.1.jar:?]
	at java.security.AccessController.doPrivileged(Native Method) ~[?:1.8.0_332]
	at javax.security.auth.Subject.doAs(Subject.java:422) [?:1.8.0_332]
	at org.apache.hadoop.security.UserGroupInformation.doAs(UserGroupInformation.java:1878) [hadoop-common-3.3.1.jar:?]
	at org.apache.hadoop.ipc.Server$Handler.run(Server.java:2966) [hadoop-common-3.3.1.jar:?]
]]></system-out>
  </testcase>
  <testcase name="testCreateFileShouldCheckExistenceOfDirWithSameName" classname="TestOzoneFileSystem" time="0.057">
    <system-out><![CDATA[13:54:01.069 [IPC Server handler 3 on default port 34499] ERROR OMAudit - user=runner | ip=127.0.0.1 | op=CREATE_FILE {volume=volume69434, bucket=bucket16378, key=d1/d2/d3/d4/key2, dataSize=4194304, replicationType=RATIS, replicationFactor=THREE} | ret=FAILURE
org.apache.hadoop.ozone.om.exceptions.OMException: Can not write to directory: d1/d2/d3/d4/key2
	at org.apache.hadoop.ozone.om.request.file.OMFileCreateRequest.checkDirectoryResult(OMFileCreateRequest.java:364) ~[ozone-manager-1.3.0-SNAPSHOT.jar:?]
	at org.apache.hadoop.ozone.om.request.file.OMFileCreateRequest.validateAndUpdateCache(OMFileCreateRequest.java:240) ~[ozone-manager-1.3.0-SNAPSHOT.jar:?]
	at org.apache.hadoop.ozone.protocolPB.OzoneManagerRequestHandler.handleWriteRequest(OzoneManagerRequestHandler.java:293) ~[ozone-manager-1.3.0-SNAPSHOT.jar:?]
	at org.apache.hadoop.ozone.protocolPB.OzoneManagerProtocolServerSideTranslatorPB.submitRequestDirectlyToOM(OzoneManagerProtocolServerSideTranslatorPB.java:293) ~[ozone-manager-1.3.0-SNAPSHOT.jar:?]
	at org.apache.hadoop.ozone.protocolPB.OzoneManagerProtocolServerSideTranslatorPB.processRequest(OzoneManagerProtocolServerSideTranslatorPB.java:207) ~[ozone-manager-1.3.0-SNAPSHOT.jar:?]
	at org.apache.hadoop.hdds.server.OzoneProtocolMessageDispatcher.processRequest(OzoneProtocolMessageDispatcher.java:87) [hdds-server-framework-1.3.0-SNAPSHOT.jar:?]
	at org.apache.hadoop.ozone.protocolPB.OzoneManagerProtocolServerSideTranslatorPB.submitRequest(OzoneManagerProtocolServerSideTranslatorPB.java:147) [ozone-manager-1.3.0-SNAPSHOT.jar:?]
	at org.apache.hadoop.ozone.protocol.proto.OzoneManagerProtocolProtos$OzoneManagerService$2.callBlockingMethod(OzoneManagerProtocolProtos.java) [ozone-interface-client-1.3.0-SNAPSHOT.jar:?]
	at org.apache.hadoop.ipc.ProtobufRpcEngine$Server.processCall(ProtobufRpcEngine.java:466) [hadoop-common-3.3.1.jar:?]
	at org.apache.hadoop.ipc.ProtobufRpcEngine2$Server$ProtoBufRpcInvoker.call(ProtobufRpcEngine2.java:574) [hadoop-common-3.3.1.jar:?]
	at org.apache.hadoop.ipc.ProtobufRpcEngine2$Server$ProtoBufRpcInvoker.call(ProtobufRpcEngine2.java:552) [hadoop-common-3.3.1.jar:?]
	at org.apache.hadoop.ipc.RPC$Server.call(RPC.java:1093) [hadoop-common-3.3.1.jar:?]
	at org.apache.hadoop.ipc.Server$RpcCall.run(Server.java:1035) [hadoop-common-3.3.1.jar:?]
	at org.apache.hadoop.ipc.Server$RpcCall.run(Server.java:963) [hadoop-common-3.3.1.jar:?]
	at java.security.AccessController.doPrivileged(Native Method) ~[?:1.8.0_332]
	at javax.security.auth.Subject.doAs(Subject.java:422) [?:1.8.0_332]
	at org.apache.hadoop.security.UserGroupInformation.doAs(UserGroupInformation.java:1878) [hadoop-common-3.3.1.jar:?]
	at org.apache.hadoop.ipc.Server$Handler.run(Server.java:2966) [hadoop-common-3.3.1.jar:?]
2022-06-21 13:54:01,069 [IPC Server handler 3 on default port 34499] ERROR file.OMFileCreateRequest (OMFileCreateRequest.java:validateAndUpdateCache(337)) - File create failed. Volume:volume69434, Bucket:bucket16378, Keyd1/d2/d3/d4/key2.
NOT_A_FILE org.apache.hadoop.ozone.om.exceptions.OMException: Can not write to directory: d1/d2/d3/d4/key2
	at org.apache.hadoop.ozone.om.request.file.OMFileCreateRequest.checkDirectoryResult(OMFileCreateRequest.java:364)
	at org.apache.hadoop.ozone.om.request.file.OMFileCreateRequest.validateAndUpdateCache(OMFileCreateRequest.java:240)
	at org.apache.hadoop.ozone.protocolPB.OzoneManagerRequestHandler.handleWriteRequest(OzoneManagerRequestHandler.java:293)
	at org.apache.hadoop.ozone.protocolPB.OzoneManagerProtocolServerSideTranslatorPB.submitRequestDirectlyToOM(OzoneManagerProtocolServerSideTranslatorPB.java:293)
	at org.apache.hadoop.ozone.protocolPB.OzoneManagerProtocolServerSideTranslatorPB.processRequest(OzoneManagerProtocolServerSideTranslatorPB.java:207)
	at org.apache.hadoop.hdds.server.OzoneProtocolMessageDispatcher.processRequest(OzoneProtocolMessageDispatcher.java:87)
	at org.apache.hadoop.ozone.protocolPB.OzoneManagerProtocolServerSideTranslatorPB.submitRequest(OzoneManagerProtocolServerSideTranslatorPB.java:147)
	at org.apache.hadoop.ozone.protocol.proto.OzoneManagerProtocolProtos$OzoneManagerService$2.callBlockingMethod(OzoneManagerProtocolProtos.java)
	at org.apache.hadoop.ipc.ProtobufRpcEngine$Server.processCall(ProtobufRpcEngine.java:466)
	at org.apache.hadoop.ipc.ProtobufRpcEngine2$Server$ProtoBufRpcInvoker.call(ProtobufRpcEngine2.java:574)
	at org.apache.hadoop.ipc.ProtobufRpcEngine2$Server$ProtoBufRpcInvoker.call(ProtobufRpcEngine2.java:552)
	at org.apache.hadoop.ipc.RPC$Server.call(RPC.java:1093)
	at org.apache.hadoop.ipc.Server$RpcCall.run(Server.java:1035)
	at org.apache.hadoop.ipc.Server$RpcCall.run(Server.java:963)
	at java.security.AccessController.doPrivileged(Native Method)
	at javax.security.auth.Subject.doAs(Subject.java:422)
	at org.apache.hadoop.security.UserGroupInformation.doAs(UserGroupInformation.java:1878)
	at org.apache.hadoop.ipc.Server$Handler.run(Server.java:2966)
13:54:01.085 [IPC Server handler 10 on default port 34499] ERROR OMAudit - user=runner | ip=127.0.0.1 | op=CREATE_DIRECTORY {volume=volume69434, bucket=bucket16378, key=d1/d2/d3/d4/key3, dataSize=0, replicationType=NONE, replicationFactor=ZERO} | ret=FAILURE
org.apache.hadoop.ozone.om.exceptions.OMException: Unable to create directory: d1/d2/d3/d4/key3 in volume/bucket: volume69434/bucket16378
	at org.apache.hadoop.ozone.om.request.file.OMDirectoryCreateRequest.validateAndUpdateCache(OMDirectoryCreateRequest.java:198) ~[ozone-manager-1.3.0-SNAPSHOT.jar:?]
	at org.apache.hadoop.ozone.protocolPB.OzoneManagerRequestHandler.handleWriteRequest(OzoneManagerRequestHandler.java:293) ~[ozone-manager-1.3.0-SNAPSHOT.jar:?]
	at org.apache.hadoop.ozone.protocolPB.OzoneManagerProtocolServerSideTranslatorPB.submitRequestDirectlyToOM(OzoneManagerProtocolServerSideTranslatorPB.java:293) ~[ozone-manager-1.3.0-SNAPSHOT.jar:?]
	at org.apache.hadoop.ozone.protocolPB.OzoneManagerProtocolServerSideTranslatorPB.processRequest(OzoneManagerProtocolServerSideTranslatorPB.java:207) ~[ozone-manager-1.3.0-SNAPSHOT.jar:?]
	at org.apache.hadoop.hdds.server.OzoneProtocolMessageDispatcher.processRequest(OzoneProtocolMessageDispatcher.java:87) [hdds-server-framework-1.3.0-SNAPSHOT.jar:?]
	at org.apache.hadoop.ozone.protocolPB.OzoneManagerProtocolServerSideTranslatorPB.submitRequest(OzoneManagerProtocolServerSideTranslatorPB.java:147) [ozone-manager-1.3.0-SNAPSHOT.jar:?]
	at org.apache.hadoop.ozone.protocol.proto.OzoneManagerProtocolProtos$OzoneManagerService$2.callBlockingMethod(OzoneManagerProtocolProtos.java) [ozone-interface-client-1.3.0-SNAPSHOT.jar:?]
	at org.apache.hadoop.ipc.ProtobufRpcEngine$Server.processCall(ProtobufRpcEngine.java:466) [hadoop-common-3.3.1.jar:?]
	at org.apache.hadoop.ipc.ProtobufRpcEngine2$Server$ProtoBufRpcInvoker.call(ProtobufRpcEngine2.java:574) [hadoop-common-3.3.1.jar:?]
	at org.apache.hadoop.ipc.ProtobufRpcEngine2$Server$ProtoBufRpcInvoker.call(ProtobufRpcEngine2.java:552) [hadoop-common-3.3.1.jar:?]
	at org.apache.hadoop.ipc.RPC$Server.call(RPC.java:1093) [hadoop-common-3.3.1.jar:?]
	at org.apache.hadoop.ipc.Server$RpcCall.run(Server.java:1035) [hadoop-common-3.3.1.jar:?]
	at org.apache.hadoop.ipc.Server$RpcCall.run(Server.java:963) [hadoop-common-3.3.1.jar:?]
	at java.security.AccessController.doPrivileged(Native Method) ~[?:1.8.0_332]
	at javax.security.auth.Subject.doAs(Subject.java:422) [?:1.8.0_332]
	at org.apache.hadoop.security.UserGroupInformation.doAs(UserGroupInformation.java:1878) [hadoop-common-3.3.1.jar:?]
	at org.apache.hadoop.ipc.Server$Handler.run(Server.java:2966) [hadoop-common-3.3.1.jar:?]
2022-06-21 13:54:01,086 [IPC Server handler 10 on default port 34499] ERROR file.OMDirectoryCreateRequest (OMDirectoryCreateRequest.java:logResult(331)) - Directory creation failed. Volume:volume69434, Bucket:bucket16378, Keyd1/d2/d3/d4/key3. Exception:{}
FILE_ALREADY_EXISTS org.apache.hadoop.ozone.om.exceptions.OMException: Unable to create directory: d1/d2/d3/d4/key3 in volume/bucket: volume69434/bucket16378
	at org.apache.hadoop.ozone.om.request.file.OMDirectoryCreateRequest.validateAndUpdateCache(OMDirectoryCreateRequest.java:198)
	at org.apache.hadoop.ozone.protocolPB.OzoneManagerRequestHandler.handleWriteRequest(OzoneManagerRequestHandler.java:293)
	at org.apache.hadoop.ozone.protocolPB.OzoneManagerProtocolServerSideTranslatorPB.submitRequestDirectlyToOM(OzoneManagerProtocolServerSideTranslatorPB.java:293)
	at org.apache.hadoop.ozone.protocolPB.OzoneManagerProtocolServerSideTranslatorPB.processRequest(OzoneManagerProtocolServerSideTranslatorPB.java:207)
	at org.apache.hadoop.hdds.server.OzoneProtocolMessageDispatcher.processRequest(OzoneProtocolMessageDispatcher.java:87)
	at org.apache.hadoop.ozone.protocolPB.OzoneManagerProtocolServerSideTranslatorPB.submitRequest(OzoneManagerProtocolServerSideTranslatorPB.java:147)
	at org.apache.hadoop.ozone.protocol.proto.OzoneManagerProtocolProtos$OzoneManagerService$2.callBlockingMethod(OzoneManagerProtocolProtos.java)
	at org.apache.hadoop.ipc.ProtobufRpcEngine$Server.processCall(ProtobufRpcEngine.java:466)
	at org.apache.hadoop.ipc.ProtobufRpcEngine2$Server$ProtoBufRpcInvoker.call(ProtobufRpcEngine2.java:574)
	at org.apache.hadoop.ipc.ProtobufRpcEngine2$Server$ProtoBufRpcInvoker.call(ProtobufRpcEngine2.java:552)
	at org.apache.hadoop.ipc.RPC$Server.call(RPC.java:1093)
	at org.apache.hadoop.ipc.Server$RpcCall.run(Server.java:1035)
	at org.apache.hadoop.ipc.Server$RpcCall.run(Server.java:963)
	at java.security.AccessController.doPrivileged(Native Method)
	at javax.security.auth.Subject.doAs(Subject.java:422)
	at org.apache.hadoop.security.UserGroupInformation.doAs(UserGroupInformation.java:1878)
	at org.apache.hadoop.ipc.Server$Handler.run(Server.java:2966)
13:54:01.089 [IPC Server handler 11 on default port 34499] ERROR OMAudit - user=runner | ip=127.0.0.1 | op=CREATE_FILE {volume=volume69434, bucket=bucket16378, key=d1/d2/d3, dataSize=4194304, replicationType=RATIS, replicationFactor=THREE} | ret=FAILURE
org.apache.hadoop.ozone.om.exceptions.OMException: Can not write to directory: d1/d2/d3
	at org.apache.hadoop.ozone.om.request.file.OMFileCreateRequest.checkDirectoryResult(OMFileCreateRequest.java:364) ~[ozone-manager-1.3.0-SNAPSHOT.jar:?]
	at org.apache.hadoop.ozone.om.request.file.OMFileCreateRequest.validateAndUpdateCache(OMFileCreateRequest.java:240) ~[ozone-manager-1.3.0-SNAPSHOT.jar:?]
	at org.apache.hadoop.ozone.protocolPB.OzoneManagerRequestHandler.handleWriteRequest(OzoneManagerRequestHandler.java:293) ~[ozone-manager-1.3.0-SNAPSHOT.jar:?]
	at org.apache.hadoop.ozone.protocolPB.OzoneManagerProtocolServerSideTranslatorPB.submitRequestDirectlyToOM(OzoneManagerProtocolServerSideTranslatorPB.java:293) ~[ozone-manager-1.3.0-SNAPSHOT.jar:?]
	at org.apache.hadoop.ozone.protocolPB.OzoneManagerProtocolServerSideTranslatorPB.processRequest(OzoneManagerProtocolServerSideTranslatorPB.java:207) ~[ozone-manager-1.3.0-SNAPSHOT.jar:?]
	at org.apache.hadoop.hdds.server.OzoneProtocolMessageDispatcher.processRequest(OzoneProtocolMessageDispatcher.java:87) [hdds-server-framework-1.3.0-SNAPSHOT.jar:?]
	at org.apache.hadoop.ozone.protocolPB.OzoneManagerProtocolServerSideTranslatorPB.submitRequest(OzoneManagerProtocolServerSideTranslatorPB.java:147) [ozone-manager-1.3.0-SNAPSHOT.jar:?]
	at org.apache.hadoop.ozone.protocol.proto.OzoneManagerProtocolProtos$OzoneManagerService$2.callBlockingMethod(OzoneManagerProtocolProtos.java) [ozone-interface-client-1.3.0-SNAPSHOT.jar:?]
	at org.apache.hadoop.ipc.ProtobufRpcEngine$Server.processCall(ProtobufRpcEngine.java:466) [hadoop-common-3.3.1.jar:?]
	at org.apache.hadoop.ipc.ProtobufRpcEngine2$Server$ProtoBufRpcInvoker.call(ProtobufRpcEngine2.java:574) [hadoop-common-3.3.1.jar:?]
	at org.apache.hadoop.ipc.ProtobufRpcEngine2$Server$ProtoBufRpcInvoker.call(ProtobufRpcEngine2.java:552) [hadoop-common-3.3.1.jar:?]
	at org.apache.hadoop.ipc.RPC$Server.call(RPC.java:1093) [hadoop-common-3.3.1.jar:?]
	at org.apache.hadoop.ipc.Server$RpcCall.run(Server.java:1035) [hadoop-common-3.3.1.jar:?]
	at org.apache.hadoop.ipc.Server$RpcCall.run(Server.java:963) [hadoop-common-3.3.1.jar:?]
	at java.security.AccessController.doPrivileged(Native Method) ~[?:1.8.0_332]
	at javax.security.auth.Subject.doAs(Subject.java:422) [?:1.8.0_332]
	at org.apache.hadoop.security.UserGroupInformation.doAs(UserGroupInformation.java:1878) [hadoop-common-3.3.1.jar:?]
	at org.apache.hadoop.ipc.Server$Handler.run(Server.java:2966) [hadoop-common-3.3.1.jar:?]
2022-06-21 13:54:01,089 [IPC Server handler 11 on default port 34499] ERROR file.OMFileCreateRequest (OMFileCreateRequest.java:validateAndUpdateCache(337)) - File create failed. Volume:volume69434, Bucket:bucket16378, Keyd1/d2/d3.
NOT_A_FILE org.apache.hadoop.ozone.om.exceptions.OMException: Can not write to directory: d1/d2/d3
	at org.apache.hadoop.ozone.om.request.file.OMFileCreateRequest.checkDirectoryResult(OMFileCreateRequest.java:364)
	at org.apache.hadoop.ozone.om.request.file.OMFileCreateRequest.validateAndUpdateCache(OMFileCreateRequest.java:240)
	at org.apache.hadoop.ozone.protocolPB.OzoneManagerRequestHandler.handleWriteRequest(OzoneManagerRequestHandler.java:293)
	at org.apache.hadoop.ozone.protocolPB.OzoneManagerProtocolServerSideTranslatorPB.submitRequestDirectlyToOM(OzoneManagerProtocolServerSideTranslatorPB.java:293)
	at org.apache.hadoop.ozone.protocolPB.OzoneManagerProtocolServerSideTranslatorPB.processRequest(OzoneManagerProtocolServerSideTranslatorPB.java:207)
	at org.apache.hadoop.hdds.server.OzoneProtocolMessageDispatcher.processRequest(OzoneProtocolMessageDispatcher.java:87)
	at org.apache.hadoop.ozone.protocolPB.OzoneManagerProtocolServerSideTranslatorPB.submitRequest(OzoneManagerProtocolServerSideTranslatorPB.java:147)
	at org.apache.hadoop.ozone.protocol.proto.OzoneManagerProtocolProtos$OzoneManagerService$2.callBlockingMethod(OzoneManagerProtocolProtos.java)
	at org.apache.hadoop.ipc.ProtobufRpcEngine$Server.processCall(ProtobufRpcEngine.java:466)
	at org.apache.hadoop.ipc.ProtobufRpcEngine2$Server$ProtoBufRpcInvoker.call(ProtobufRpcEngine2.java:574)
	at org.apache.hadoop.ipc.ProtobufRpcEngine2$Server$ProtoBufRpcInvoker.call(ProtobufRpcEngine2.java:552)
	at org.apache.hadoop.ipc.RPC$Server.call(RPC.java:1093)
	at org.apache.hadoop.ipc.Server$RpcCall.run(Server.java:1035)
	at org.apache.hadoop.ipc.Server$RpcCall.run(Server.java:963)
	at java.security.AccessController.doPrivileged(Native Method)
	at javax.security.auth.Subject.doAs(Subject.java:422)
	at org.apache.hadoop.security.UserGroupInformation.doAs(UserGroupInformation.java:1878)
	at org.apache.hadoop.ipc.Server$Handler.run(Server.java:2966)
13:54:01.091 [IPC Server handler 7 on default port 34499] ERROR OMAudit - user=runner | ip=127.0.0.1 | op=GET_FILE_STATUS {volume=volume69434, bucket=bucket16378, key=d1/d2/d3/d4/key3/invalid, dataSize=0, replicationConfig=null} | ret=FAILURE
org.apache.hadoop.ozone.om.exceptions.OMException: Unable to get file status: volume: volume69434 bucket: bucket16378 key: d1/d2/d3/d4/key3/invalid
	at org.apache.hadoop.ozone.om.KeyManagerImpl.getOzoneFileStatus(KeyManagerImpl.java:1311) ~[ozone-manager-1.3.0-SNAPSHOT.jar:?]
	at org.apache.hadoop.ozone.om.KeyManagerImpl.getFileStatus(KeyManagerImpl.java:1241) ~[ozone-manager-1.3.0-SNAPSHOT.jar:?]
	at org.apache.hadoop.ozone.om.OzoneManager.getFileStatus(OzoneManager.java:3419) ~[ozone-manager-1.3.0-SNAPSHOT.jar:?]
	at org.apache.hadoop.ozone.protocolPB.OzoneManagerRequestHandler.getOzoneFileStatus(OzoneManagerRequestHandler.java:871) ~[ozone-manager-1.3.0-SNAPSHOT.jar:?]
	at org.apache.hadoop.ozone.protocolPB.OzoneManagerRequestHandler.handleReadRequest(OzoneManagerRequestHandler.java:217) ~[ozone-manager-1.3.0-SNAPSHOT.jar:?]
	at org.apache.hadoop.ozone.protocolPB.OzoneManagerProtocolServerSideTranslatorPB.submitRequestDirectlyToOM(OzoneManagerProtocolServerSideTranslatorPB.java:284) ~[ozone-manager-1.3.0-SNAPSHOT.jar:?]
	at org.apache.hadoop.ozone.protocolPB.OzoneManagerProtocolServerSideTranslatorPB.processRequest(OzoneManagerProtocolServerSideTranslatorPB.java:207) ~[ozone-manager-1.3.0-SNAPSHOT.jar:?]
	at org.apache.hadoop.hdds.server.OzoneProtocolMessageDispatcher.processRequest(OzoneProtocolMessageDispatcher.java:87) [hdds-server-framework-1.3.0-SNAPSHOT.jar:?]
	at org.apache.hadoop.ozone.protocolPB.OzoneManagerProtocolServerSideTranslatorPB.submitRequest(OzoneManagerProtocolServerSideTranslatorPB.java:147) [ozone-manager-1.3.0-SNAPSHOT.jar:?]
	at org.apache.hadoop.ozone.protocol.proto.OzoneManagerProtocolProtos$OzoneManagerService$2.callBlockingMethod(OzoneManagerProtocolProtos.java) [ozone-interface-client-1.3.0-SNAPSHOT.jar:?]
	at org.apache.hadoop.ipc.ProtobufRpcEngine$Server.processCall(ProtobufRpcEngine.java:466) [hadoop-common-3.3.1.jar:?]
	at org.apache.hadoop.ipc.ProtobufRpcEngine2$Server$ProtoBufRpcInvoker.call(ProtobufRpcEngine2.java:574) [hadoop-common-3.3.1.jar:?]
	at org.apache.hadoop.ipc.ProtobufRpcEngine2$Server$ProtoBufRpcInvoker.call(ProtobufRpcEngine2.java:552) [hadoop-common-3.3.1.jar:?]
	at org.apache.hadoop.ipc.RPC$Server.call(RPC.java:1093) [hadoop-common-3.3.1.jar:?]
	at org.apache.hadoop.ipc.Server$RpcCall.run(Server.java:1035) [hadoop-common-3.3.1.jar:?]
	at org.apache.hadoop.ipc.Server$RpcCall.run(Server.java:963) [hadoop-common-3.3.1.jar:?]
	at java.security.AccessController.doPrivileged(Native Method) ~[?:1.8.0_332]
	at javax.security.auth.Subject.doAs(Subject.java:422) [?:1.8.0_332]
	at org.apache.hadoop.security.UserGroupInformation.doAs(UserGroupInformation.java:1878) [hadoop-common-3.3.1.jar:?]
	at org.apache.hadoop.ipc.Server$Handler.run(Server.java:2966) [hadoop-common-3.3.1.jar:?]
13:54:01.094 [IPC Server handler 6 on default port 34499] ERROR OMAudit - user=runner | ip=127.0.0.1 | op=GET_FILE_STATUS {volume=volume69434, bucket=bucket16378, key=d1/d2/d3/d4/invalidkey, dataSize=0, replicationConfig=null} | ret=FAILURE
org.apache.hadoop.ozone.om.exceptions.OMException: Unable to get file status: volume: volume69434 bucket: bucket16378 key: d1/d2/d3/d4/invalidkey
	at org.apache.hadoop.ozone.om.KeyManagerImpl.getOzoneFileStatus(KeyManagerImpl.java:1311) ~[ozone-manager-1.3.0-SNAPSHOT.jar:?]
	at org.apache.hadoop.ozone.om.KeyManagerImpl.getFileStatus(KeyManagerImpl.java:1241) ~[ozone-manager-1.3.0-SNAPSHOT.jar:?]
	at org.apache.hadoop.ozone.om.OzoneManager.getFileStatus(OzoneManager.java:3419) ~[ozone-manager-1.3.0-SNAPSHOT.jar:?]
	at org.apache.hadoop.ozone.protocolPB.OzoneManagerRequestHandler.getOzoneFileStatus(OzoneManagerRequestHandler.java:871) ~[ozone-manager-1.3.0-SNAPSHOT.jar:?]
	at org.apache.hadoop.ozone.protocolPB.OzoneManagerRequestHandler.handleReadRequest(OzoneManagerRequestHandler.java:217) ~[ozone-manager-1.3.0-SNAPSHOT.jar:?]
	at org.apache.hadoop.ozone.protocolPB.OzoneManagerProtocolServerSideTranslatorPB.submitRequestDirectlyToOM(OzoneManagerProtocolServerSideTranslatorPB.java:284) ~[ozone-manager-1.3.0-SNAPSHOT.jar:?]
	at org.apache.hadoop.ozone.protocolPB.OzoneManagerProtocolServerSideTranslatorPB.processRequest(OzoneManagerProtocolServerSideTranslatorPB.java:207) ~[ozone-manager-1.3.0-SNAPSHOT.jar:?]
	at org.apache.hadoop.hdds.server.OzoneProtocolMessageDispatcher.processRequest(OzoneProtocolMessageDispatcher.java:87) [hdds-server-framework-1.3.0-SNAPSHOT.jar:?]
	at org.apache.hadoop.ozone.protocolPB.OzoneManagerProtocolServerSideTranslatorPB.submitRequest(OzoneManagerProtocolServerSideTranslatorPB.java:147) [ozone-manager-1.3.0-SNAPSHOT.jar:?]
	at org.apache.hadoop.ozone.protocol.proto.OzoneManagerProtocolProtos$OzoneManagerService$2.callBlockingMethod(OzoneManagerProtocolProtos.java) [ozone-interface-client-1.3.0-SNAPSHOT.jar:?]
	at org.apache.hadoop.ipc.ProtobufRpcEngine$Server.processCall(ProtobufRpcEngine.java:466) [hadoop-common-3.3.1.jar:?]
	at org.apache.hadoop.ipc.ProtobufRpcEngine2$Server$ProtoBufRpcInvoker.call(ProtobufRpcEngine2.java:574) [hadoop-common-3.3.1.jar:?]
	at org.apache.hadoop.ipc.ProtobufRpcEngine2$Server$ProtoBufRpcInvoker.call(ProtobufRpcEngine2.java:552) [hadoop-common-3.3.1.jar:?]
	at org.apache.hadoop.ipc.RPC$Server.call(RPC.java:1093) [hadoop-common-3.3.1.jar:?]
	at org.apache.hadoop.ipc.Server$RpcCall.run(Server.java:1035) [hadoop-common-3.3.1.jar:?]
	at org.apache.hadoop.ipc.Server$RpcCall.run(Server.java:963) [hadoop-common-3.3.1.jar:?]
	at java.security.AccessController.doPrivileged(Native Method) ~[?:1.8.0_332]
	at javax.security.auth.Subject.doAs(Subject.java:422) [?:1.8.0_332]
	at org.apache.hadoop.security.UserGroupInformation.doAs(UserGroupInformation.java:1878) [hadoop-common-3.3.1.jar:?]
	at org.apache.hadoop.ipc.Server$Handler.run(Server.java:2966) [hadoop-common-3.3.1.jar:?]
]]></system-out>
  </testcase>
  <testcase name="testCreateFileShouldCheckExistenceOfDirWithSameName" classname="TestOzoneFileSystem" time="0.041">
    <system-out><![CDATA[13:55:06.104 [OM StateMachine ApplyTransaction Thread - 0] ERROR OMAudit - user=runner | ip=127.0.0.1 | op=CREATE_FILE {volume=volume68340, bucket=bucket67715, key=d1/d2/d3/d4/key2, dataSize=4194304, replicationType=RATIS, replicationFactor=THREE} | ret=FAILURE
org.apache.hadoop.ozone.om.exceptions.OMException: Can not write to directory: d1/d2/d3/d4/key2
	at org.apache.hadoop.ozone.om.request.file.OMFileCreateRequest.checkDirectoryResult(OMFileCreateRequest.java:364) ~[ozone-manager-1.3.0-SNAPSHOT.jar:?]
	at org.apache.hadoop.ozone.om.request.file.OMFileCreateRequest.validateAndUpdateCache(OMFileCreateRequest.java:240) ~[ozone-manager-1.3.0-SNAPSHOT.jar:?]
	at org.apache.hadoop.ozone.protocolPB.OzoneManagerRequestHandler.handleWriteRequest(OzoneManagerRequestHandler.java:293) ~[ozone-manager-1.3.0-SNAPSHOT.jar:?]
	at org.apache.hadoop.ozone.om.ratis.OzoneManagerStateMachine.runCommand(OzoneManagerStateMachine.java:529) ~[ozone-manager-1.3.0-SNAPSHOT.jar:?]
	at org.apache.hadoop.ozone.om.ratis.OzoneManagerStateMachine.lambda$1(OzoneManagerStateMachine.java:324) ~[ozone-manager-1.3.0-SNAPSHOT.jar:?]
	at java.util.concurrent.CompletableFuture$AsyncSupply.run(CompletableFuture.java:1604) [?:1.8.0_332]
	at java.util.concurrent.ThreadPoolExecutor.runWorker(ThreadPoolExecutor.java:1149) [?:1.8.0_332]
	at java.util.concurrent.ThreadPoolExecutor$Worker.run(ThreadPoolExecutor.java:624) [?:1.8.0_332]
	at java.lang.Thread.run(Thread.java:750) [?:1.8.0_332]
2022-06-21 13:55:06,104 [OM StateMachine ApplyTransaction Thread - 0] ERROR file.OMFileCreateRequest (OMFileCreateRequest.java:validateAndUpdateCache(337)) - File create failed. Volume:volume68340, Bucket:bucket67715, Keyd1/d2/d3/d4/key2.
NOT_A_FILE org.apache.hadoop.ozone.om.exceptions.OMException: Can not write to directory: d1/d2/d3/d4/key2
	at org.apache.hadoop.ozone.om.request.file.OMFileCreateRequest.checkDirectoryResult(OMFileCreateRequest.java:364)
	at org.apache.hadoop.ozone.om.request.file.OMFileCreateRequest.validateAndUpdateCache(OMFileCreateRequest.java:240)
	at org.apache.hadoop.ozone.protocolPB.OzoneManagerRequestHandler.handleWriteRequest(OzoneManagerRequestHandler.java:293)
	at org.apache.hadoop.ozone.om.ratis.OzoneManagerStateMachine.runCommand(OzoneManagerStateMachine.java:529)
	at org.apache.hadoop.ozone.om.ratis.OzoneManagerStateMachine.lambda$1(OzoneManagerStateMachine.java:324)
	at java.util.concurrent.CompletableFuture$AsyncSupply.run(CompletableFuture.java:1604)
	at java.util.concurrent.ThreadPoolExecutor.runWorker(ThreadPoolExecutor.java:1149)
	at java.util.concurrent.ThreadPoolExecutor$Worker.run(ThreadPoolExecutor.java:624)
	at java.lang.Thread.run(Thread.java:750)
13:55:06.111 [OM StateMachine ApplyTransaction Thread - 0] ERROR OMAudit - user=runner | ip=127.0.0.1 | op=CREATE_DIRECTORY {volume=volume68340, bucket=bucket67715, key=d1/d2/d3/d4/key3, dataSize=0, replicationType=NONE, replicationFactor=ZERO} | ret=FAILURE
org.apache.hadoop.ozone.om.exceptions.OMException: Unable to create directory: d1/d2/d3/d4/key3 in volume/bucket: volume68340/bucket67715
	at org.apache.hadoop.ozone.om.request.file.OMDirectoryCreateRequest.validateAndUpdateCache(OMDirectoryCreateRequest.java:198) ~[ozone-manager-1.3.0-SNAPSHOT.jar:?]
	at org.apache.hadoop.ozone.protocolPB.OzoneManagerRequestHandler.handleWriteRequest(OzoneManagerRequestHandler.java:293) ~[ozone-manager-1.3.0-SNAPSHOT.jar:?]
	at org.apache.hadoop.ozone.om.ratis.OzoneManagerStateMachine.runCommand(OzoneManagerStateMachine.java:529) ~[ozone-manager-1.3.0-SNAPSHOT.jar:?]
	at org.apache.hadoop.ozone.om.ratis.OzoneManagerStateMachine.lambda$1(OzoneManagerStateMachine.java:324) ~[ozone-manager-1.3.0-SNAPSHOT.jar:?]
	at java.util.concurrent.CompletableFuture$AsyncSupply.run(CompletableFuture.java:1604) [?:1.8.0_332]
	at java.util.concurrent.ThreadPoolExecutor.runWorker(ThreadPoolExecutor.java:1149) [?:1.8.0_332]
	at java.util.concurrent.ThreadPoolExecutor$Worker.run(ThreadPoolExecutor.java:624) [?:1.8.0_332]
	at java.lang.Thread.run(Thread.java:750) [?:1.8.0_332]
2022-06-21 13:55:06,111 [OM StateMachine ApplyTransaction Thread - 0] ERROR file.OMDirectoryCreateRequest (OMDirectoryCreateRequest.java:logResult(331)) - Directory creation failed. Volume:volume68340, Bucket:bucket67715, Keyd1/d2/d3/d4/key3. Exception:{}
FILE_ALREADY_EXISTS org.apache.hadoop.ozone.om.exceptions.OMException: Unable to create directory: d1/d2/d3/d4/key3 in volume/bucket: volume68340/bucket67715
	at org.apache.hadoop.ozone.om.request.file.OMDirectoryCreateRequest.validateAndUpdateCache(OMDirectoryCreateRequest.java:198)
	at org.apache.hadoop.ozone.protocolPB.OzoneManagerRequestHandler.handleWriteRequest(OzoneManagerRequestHandler.java:293)
	at org.apache.hadoop.ozone.om.ratis.OzoneManagerStateMachine.runCommand(OzoneManagerStateMachine.java:529)
	at org.apache.hadoop.ozone.om.ratis.OzoneManagerStateMachine.lambda$1(OzoneManagerStateMachine.java:324)
	at java.util.concurrent.CompletableFuture$AsyncSupply.run(CompletableFuture.java:1604)
	at java.util.concurrent.ThreadPoolExecutor.runWorker(ThreadPoolExecutor.java:1149)
	at java.util.concurrent.ThreadPoolExecutor$Worker.run(ThreadPoolExecutor.java:624)
	at java.lang.Thread.run(Thread.java:750)
13:55:06.114 [OM StateMachine ApplyTransaction Thread - 0] ERROR OMAudit - user=runner | ip=127.0.0.1 | op=CREATE_FILE {volume=volume68340, bucket=bucket67715, key=d1/d2/d3, dataSize=4194304, replicationType=RATIS, replicationFactor=THREE} | ret=FAILURE
org.apache.hadoop.ozone.om.exceptions.OMException: Can not write to directory: d1/d2/d3
	at org.apache.hadoop.ozone.om.request.file.OMFileCreateRequest.checkDirectoryResult(OMFileCreateRequest.java:364) ~[ozone-manager-1.3.0-SNAPSHOT.jar:?]
	at org.apache.hadoop.ozone.om.request.file.OMFileCreateRequest.validateAndUpdateCache(OMFileCreateRequest.java:240) ~[ozone-manager-1.3.0-SNAPSHOT.jar:?]
	at org.apache.hadoop.ozone.protocolPB.OzoneManagerRequestHandler.handleWriteRequest(OzoneManagerRequestHandler.java:293) ~[ozone-manager-1.3.0-SNAPSHOT.jar:?]
	at org.apache.hadoop.ozone.om.ratis.OzoneManagerStateMachine.runCommand(OzoneManagerStateMachine.java:529) ~[ozone-manager-1.3.0-SNAPSHOT.jar:?]
	at org.apache.hadoop.ozone.om.ratis.OzoneManagerStateMachine.lambda$1(OzoneManagerStateMachine.java:324) ~[ozone-manager-1.3.0-SNAPSHOT.jar:?]
	at java.util.concurrent.CompletableFuture$AsyncSupply.run(CompletableFuture.java:1604) [?:1.8.0_332]
	at java.util.concurrent.ThreadPoolExecutor.runWorker(ThreadPoolExecutor.java:1149) [?:1.8.0_332]
	at java.util.concurrent.ThreadPoolExecutor$Worker.run(ThreadPoolExecutor.java:624) [?:1.8.0_332]
	at java.lang.Thread.run(Thread.java:750) [?:1.8.0_332]
2022-06-21 13:55:06,114 [OM StateMachine ApplyTransaction Thread - 0] ERROR file.OMFileCreateRequest (OMFileCreateRequest.java:validateAndUpdateCache(337)) - File create failed. Volume:volume68340, Bucket:bucket67715, Keyd1/d2/d3.
NOT_A_FILE org.apache.hadoop.ozone.om.exceptions.OMException: Can not write to directory: d1/d2/d3
	at org.apache.hadoop.ozone.om.request.file.OMFileCreateRequest.checkDirectoryResult(OMFileCreateRequest.java:364)
	at org.apache.hadoop.ozone.om.request.file.OMFileCreateRequest.validateAndUpdateCache(OMFileCreateRequest.java:240)
	at org.apache.hadoop.ozone.protocolPB.OzoneManagerRequestHandler.handleWriteRequest(OzoneManagerRequestHandler.java:293)
	at org.apache.hadoop.ozone.om.ratis.OzoneManagerStateMachine.runCommand(OzoneManagerStateMachine.java:529)
	at org.apache.hadoop.ozone.om.ratis.OzoneManagerStateMachine.lambda$1(OzoneManagerStateMachine.java:324)
	at java.util.concurrent.CompletableFuture$AsyncSupply.run(CompletableFuture.java:1604)
	at java.util.concurrent.ThreadPoolExecutor.runWorker(ThreadPoolExecutor.java:1149)
	at java.util.concurrent.ThreadPoolExecutor$Worker.run(ThreadPoolExecutor.java:624)
	at java.lang.Thread.run(Thread.java:750)
13:55:06.115 [IPC Server handler 15 on default port 42759] ERROR OMAudit - user=runner | ip=127.0.0.1 | op=GET_FILE_STATUS {volume=volume68340, bucket=bucket67715, key=d1/d2/d3/d4/key3/invalid, dataSize=0, replicationConfig=null} | ret=FAILURE
org.apache.hadoop.ozone.om.exceptions.OMException: Unable to get file status: volume: volume68340 bucket: bucket67715 key: d1/d2/d3/d4/key3/invalid
	at org.apache.hadoop.ozone.om.KeyManagerImpl.getOzoneFileStatus(KeyManagerImpl.java:1311) ~[ozone-manager-1.3.0-SNAPSHOT.jar:?]
	at org.apache.hadoop.ozone.om.KeyManagerImpl.getFileStatus(KeyManagerImpl.java:1241) ~[ozone-manager-1.3.0-SNAPSHOT.jar:?]
	at org.apache.hadoop.ozone.om.OzoneManager.getFileStatus(OzoneManager.java:3419) ~[ozone-manager-1.3.0-SNAPSHOT.jar:?]
	at org.apache.hadoop.ozone.protocolPB.OzoneManagerRequestHandler.getOzoneFileStatus(OzoneManagerRequestHandler.java:871) ~[ozone-manager-1.3.0-SNAPSHOT.jar:?]
	at org.apache.hadoop.ozone.protocolPB.OzoneManagerRequestHandler.handleReadRequest(OzoneManagerRequestHandler.java:217) ~[ozone-manager-1.3.0-SNAPSHOT.jar:?]
	at org.apache.hadoop.ozone.protocolPB.OzoneManagerProtocolServerSideTranslatorPB.submitReadRequestToOM(OzoneManagerProtocolServerSideTranslatorPB.java:225) ~[ozone-manager-1.3.0-SNAPSHOT.jar:?]
	at org.apache.hadoop.ozone.protocolPB.OzoneManagerProtocolServerSideTranslatorPB.processRequest(OzoneManagerProtocolServerSideTranslatorPB.java:175) ~[ozone-manager-1.3.0-SNAPSHOT.jar:?]
	at org.apache.hadoop.hdds.server.OzoneProtocolMessageDispatcher.processRequest(OzoneProtocolMessageDispatcher.java:87) [hdds-server-framework-1.3.0-SNAPSHOT.jar:?]
	at org.apache.hadoop.ozone.protocolPB.OzoneManagerProtocolServerSideTranslatorPB.submitRequest(OzoneManagerProtocolServerSideTranslatorPB.java:147) [ozone-manager-1.3.0-SNAPSHOT.jar:?]
	at org.apache.hadoop.ozone.protocol.proto.OzoneManagerProtocolProtos$OzoneManagerService$2.callBlockingMethod(OzoneManagerProtocolProtos.java) [ozone-interface-client-1.3.0-SNAPSHOT.jar:?]
	at org.apache.hadoop.ipc.ProtobufRpcEngine$Server.processCall(ProtobufRpcEngine.java:466) [hadoop-common-3.3.1.jar:?]
	at org.apache.hadoop.ipc.ProtobufRpcEngine2$Server$ProtoBufRpcInvoker.call(ProtobufRpcEngine2.java:574) [hadoop-common-3.3.1.jar:?]
	at org.apache.hadoop.ipc.ProtobufRpcEngine2$Server$ProtoBufRpcInvoker.call(ProtobufRpcEngine2.java:552) [hadoop-common-3.3.1.jar:?]
	at org.apache.hadoop.ipc.RPC$Server.call(RPC.java:1093) [hadoop-common-3.3.1.jar:?]
	at org.apache.hadoop.ipc.Server$RpcCall.run(Server.java:1035) [hadoop-common-3.3.1.jar:?]
	at org.apache.hadoop.ipc.Server$RpcCall.run(Server.java:963) [hadoop-common-3.3.1.jar:?]
	at java.security.AccessController.doPrivileged(Native Method) ~[?:1.8.0_332]
	at javax.security.auth.Subject.doAs(Subject.java:422) [?:1.8.0_332]
	at org.apache.hadoop.security.UserGroupInformation.doAs(UserGroupInformation.java:1878) [hadoop-common-3.3.1.jar:?]
	at org.apache.hadoop.ipc.Server$Handler.run(Server.java:2966) [hadoop-common-3.3.1.jar:?]
13:55:06.116 [IPC Server handler 14 on default port 42759] ERROR OMAudit - user=runner | ip=127.0.0.1 | op=GET_FILE_STATUS {volume=volume68340, bucket=bucket67715, key=d1/d2/d3/d4/invalidkey, dataSize=0, replicationConfig=null} | ret=FAILURE
org.apache.hadoop.ozone.om.exceptions.OMException: Unable to get file status: volume: volume68340 bucket: bucket67715 key: d1/d2/d3/d4/invalidkey
	at org.apache.hadoop.ozone.om.KeyManagerImpl.getOzoneFileStatus(KeyManagerImpl.java:1311) ~[ozone-manager-1.3.0-SNAPSHOT.jar:?]
	at org.apache.hadoop.ozone.om.KeyManagerImpl.getFileStatus(KeyManagerImpl.java:1241) ~[ozone-manager-1.3.0-SNAPSHOT.jar:?]
	at org.apache.hadoop.ozone.om.OzoneManager.getFileStatus(OzoneManager.java:3419) ~[ozone-manager-1.3.0-SNAPSHOT.jar:?]
	at org.apache.hadoop.ozone.protocolPB.OzoneManagerRequestHandler.getOzoneFileStatus(OzoneManagerRequestHandler.java:871) ~[ozone-manager-1.3.0-SNAPSHOT.jar:?]
	at org.apache.hadoop.ozone.protocolPB.OzoneManagerRequestHandler.handleReadRequest(OzoneManagerRequestHandler.java:217) ~[ozone-manager-1.3.0-SNAPSHOT.jar:?]
	at org.apache.hadoop.ozone.protocolPB.OzoneManagerProtocolServerSideTranslatorPB.submitReadRequestToOM(OzoneManagerProtocolServerSideTranslatorPB.java:225) ~[ozone-manager-1.3.0-SNAPSHOT.jar:?]
	at org.apache.hadoop.ozone.protocolPB.OzoneManagerProtocolServerSideTranslatorPB.processRequest(OzoneManagerProtocolServerSideTranslatorPB.java:175) ~[ozone-manager-1.3.0-SNAPSHOT.jar:?]
	at org.apache.hadoop.hdds.server.OzoneProtocolMessageDispatcher.processRequest(OzoneProtocolMessageDispatcher.java:87) [hdds-server-framework-1.3.0-SNAPSHOT.jar:?]
	at org.apache.hadoop.ozone.protocolPB.OzoneManagerProtocolServerSideTranslatorPB.submitRequest(OzoneManagerProtocolServerSideTranslatorPB.java:147) [ozone-manager-1.3.0-SNAPSHOT.jar:?]
	at org.apache.hadoop.ozone.protocol.proto.OzoneManagerProtocolProtos$OzoneManagerService$2.callBlockingMethod(OzoneManagerProtocolProtos.java) [ozone-interface-client-1.3.0-SNAPSHOT.jar:?]
	at org.apache.hadoop.ipc.ProtobufRpcEngine$Server.processCall(ProtobufRpcEngine.java:466) [hadoop-common-3.3.1.jar:?]
	at org.apache.hadoop.ipc.ProtobufRpcEngine2$Server$ProtoBufRpcInvoker.call(ProtobufRpcEngine2.java:574) [hadoop-common-3.3.1.jar:?]
	at org.apache.hadoop.ipc.ProtobufRpcEngine2$Server$ProtoBufRpcInvoker.call(ProtobufRpcEngine2.java:552) [hadoop-common-3.3.1.jar:?]
	at org.apache.hadoop.ipc.RPC$Server.call(RPC.java:1093) [hadoop-common-3.3.1.jar:?]
	at org.apache.hadoop.ipc.Server$RpcCall.run(Server.java:1035) [hadoop-common-3.3.1.jar:?]
	at org.apache.hadoop.ipc.Server$RpcCall.run(Server.java:963) [hadoop-common-3.3.1.jar:?]
	at java.security.AccessController.doPrivileged(Native Method) ~[?:1.8.0_332]
	at javax.security.auth.Subject.doAs(Subject.java:422) [?:1.8.0_332]
	at org.apache.hadoop.security.UserGroupInformation.doAs(UserGroupInformation.java:1878) [hadoop-common-3.3.1.jar:?]
	at org.apache.hadoop.ipc.Server$Handler.run(Server.java:2966) [hadoop-common-3.3.1.jar:?]
]]></system-out>
  </testcase>
  <testcase name="testCreateFileShouldCheckExistenceOfDirWithSameName" classname="TestOzoneFileSystem" time="0.092">
    <system-out><![CDATA[13:56:23.781 [IPC Server handler 9 on default port 33745] ERROR OMAudit - user=runner | ip=127.0.0.1 | op=CREATE_FILE {volume=volume37829, bucket=bucket78784, key=d1/d2/d3/d4/key2, dataSize=4194304, replicationType=RATIS, replicationFactor=THREE} | ret=FAILURE
org.apache.hadoop.ozone.om.exceptions.OMException: Can not write to directory: d1/d2/d3/d4/key2
	at org.apache.hadoop.ozone.om.request.file.OMFileCreateRequest.checkDirectoryResult(OMFileCreateRequest.java:364) ~[ozone-manager-1.3.0-SNAPSHOT.jar:?]
	at org.apache.hadoop.ozone.om.request.file.OMFileCreateRequest.validateAndUpdateCache(OMFileCreateRequest.java:240) ~[ozone-manager-1.3.0-SNAPSHOT.jar:?]
	at org.apache.hadoop.ozone.protocolPB.OzoneManagerRequestHandler.handleWriteRequest(OzoneManagerRequestHandler.java:293) ~[ozone-manager-1.3.0-SNAPSHOT.jar:?]
	at org.apache.hadoop.ozone.protocolPB.OzoneManagerProtocolServerSideTranslatorPB.submitRequestDirectlyToOM(OzoneManagerProtocolServerSideTranslatorPB.java:293) ~[ozone-manager-1.3.0-SNAPSHOT.jar:?]
	at org.apache.hadoop.ozone.protocolPB.OzoneManagerProtocolServerSideTranslatorPB.processRequest(OzoneManagerProtocolServerSideTranslatorPB.java:207) ~[ozone-manager-1.3.0-SNAPSHOT.jar:?]
	at org.apache.hadoop.hdds.server.OzoneProtocolMessageDispatcher.processRequest(OzoneProtocolMessageDispatcher.java:87) [hdds-server-framework-1.3.0-SNAPSHOT.jar:?]
	at org.apache.hadoop.ozone.protocolPB.OzoneManagerProtocolServerSideTranslatorPB.submitRequest(OzoneManagerProtocolServerSideTranslatorPB.java:147) [ozone-manager-1.3.0-SNAPSHOT.jar:?]
	at org.apache.hadoop.ozone.protocol.proto.OzoneManagerProtocolProtos$OzoneManagerService$2.callBlockingMethod(OzoneManagerProtocolProtos.java) [ozone-interface-client-1.3.0-SNAPSHOT.jar:?]
	at org.apache.hadoop.ipc.ProtobufRpcEngine$Server.processCall(ProtobufRpcEngine.java:466) [hadoop-common-3.3.1.jar:?]
	at org.apache.hadoop.ipc.ProtobufRpcEngine2$Server$ProtoBufRpcInvoker.call(ProtobufRpcEngine2.java:574) [hadoop-common-3.3.1.jar:?]
	at org.apache.hadoop.ipc.ProtobufRpcEngine2$Server$ProtoBufRpcInvoker.call(ProtobufRpcEngine2.java:552) [hadoop-common-3.3.1.jar:?]
	at org.apache.hadoop.ipc.RPC$Server.call(RPC.java:1093) [hadoop-common-3.3.1.jar:?]
	at org.apache.hadoop.ipc.Server$RpcCall.run(Server.java:1035) [hadoop-common-3.3.1.jar:?]
	at org.apache.hadoop.ipc.Server$RpcCall.run(Server.java:963) [hadoop-common-3.3.1.jar:?]
	at java.security.AccessController.doPrivileged(Native Method) ~[?:1.8.0_332]
	at javax.security.auth.Subject.doAs(Subject.java:422) [?:1.8.0_332]
	at org.apache.hadoop.security.UserGroupInformation.doAs(UserGroupInformation.java:1878) [hadoop-common-3.3.1.jar:?]
	at org.apache.hadoop.ipc.Server$Handler.run(Server.java:2966) [hadoop-common-3.3.1.jar:?]
2022-06-21 13:56:23,781 [IPC Server handler 9 on default port 33745] ERROR file.OMFileCreateRequest (OMFileCreateRequest.java:validateAndUpdateCache(337)) - File create failed. Volume:volume37829, Bucket:bucket78784, Keyd1/d2/d3/d4/key2.
NOT_A_FILE org.apache.hadoop.ozone.om.exceptions.OMException: Can not write to directory: d1/d2/d3/d4/key2
	at org.apache.hadoop.ozone.om.request.file.OMFileCreateRequest.checkDirectoryResult(OMFileCreateRequest.java:364)
	at org.apache.hadoop.ozone.om.request.file.OMFileCreateRequest.validateAndUpdateCache(OMFileCreateRequest.java:240)
	at org.apache.hadoop.ozone.protocolPB.OzoneManagerRequestHandler.handleWriteRequest(OzoneManagerRequestHandler.java:293)
	at org.apache.hadoop.ozone.protocolPB.OzoneManagerProtocolServerSideTranslatorPB.submitRequestDirectlyToOM(OzoneManagerProtocolServerSideTranslatorPB.java:293)
	at org.apache.hadoop.ozone.protocolPB.OzoneManagerProtocolServerSideTranslatorPB.processRequest(OzoneManagerProtocolServerSideTranslatorPB.java:207)
	at org.apache.hadoop.hdds.server.OzoneProtocolMessageDispatcher.processRequest(OzoneProtocolMessageDispatcher.java:87)
	at org.apache.hadoop.ozone.protocolPB.OzoneManagerProtocolServerSideTranslatorPB.submitRequest(OzoneManagerProtocolServerSideTranslatorPB.java:147)
	at org.apache.hadoop.ozone.protocol.proto.OzoneManagerProtocolProtos$OzoneManagerService$2.callBlockingMethod(OzoneManagerProtocolProtos.java)
	at org.apache.hadoop.ipc.ProtobufRpcEngine$Server.processCall(ProtobufRpcEngine.java:466)
	at org.apache.hadoop.ipc.ProtobufRpcEngine2$Server$ProtoBufRpcInvoker.call(ProtobufRpcEngine2.java:574)
	at org.apache.hadoop.ipc.ProtobufRpcEngine2$Server$ProtoBufRpcInvoker.call(ProtobufRpcEngine2.java:552)
	at org.apache.hadoop.ipc.RPC$Server.call(RPC.java:1093)
	at org.apache.hadoop.ipc.Server$RpcCall.run(Server.java:1035)
	at org.apache.hadoop.ipc.Server$RpcCall.run(Server.java:963)
	at java.security.AccessController.doPrivileged(Native Method)
	at javax.security.auth.Subject.doAs(Subject.java:422)
	at org.apache.hadoop.security.UserGroupInformation.doAs(UserGroupInformation.java:1878)
	at org.apache.hadoop.ipc.Server$Handler.run(Server.java:2966)
13:56:23.798 [IPC Server handler 11 on default port 33745] ERROR OMAudit - user=runner | ip=127.0.0.1 | op=CREATE_DIRECTORY {volume=volume37829, bucket=bucket78784, key=d1/d2/d3/d4/key3, dataSize=0, replicationType=NONE, replicationFactor=ZERO} | ret=FAILURE
org.apache.hadoop.ozone.om.exceptions.OMException: Unable to create directory: d1/d2/d3/d4/key3 in volume/bucket: volume37829/bucket78784
	at org.apache.hadoop.ozone.om.request.file.OMDirectoryCreateRequest.validateAndUpdateCache(OMDirectoryCreateRequest.java:198) ~[ozone-manager-1.3.0-SNAPSHOT.jar:?]
	at org.apache.hadoop.ozone.protocolPB.OzoneManagerRequestHandler.handleWriteRequest(OzoneManagerRequestHandler.java:293) ~[ozone-manager-1.3.0-SNAPSHOT.jar:?]
	at org.apache.hadoop.ozone.protocolPB.OzoneManagerProtocolServerSideTranslatorPB.submitRequestDirectlyToOM(OzoneManagerProtocolServerSideTranslatorPB.java:293) ~[ozone-manager-1.3.0-SNAPSHOT.jar:?]
	at org.apache.hadoop.ozone.protocolPB.OzoneManagerProtocolServerSideTranslatorPB.processRequest(OzoneManagerProtocolServerSideTranslatorPB.java:207) ~[ozone-manager-1.3.0-SNAPSHOT.jar:?]
	at org.apache.hadoop.hdds.server.OzoneProtocolMessageDispatcher.processRequest(OzoneProtocolMessageDispatcher.java:87) [hdds-server-framework-1.3.0-SNAPSHOT.jar:?]
	at org.apache.hadoop.ozone.protocolPB.OzoneManagerProtocolServerSideTranslatorPB.submitRequest(OzoneManagerProtocolServerSideTranslatorPB.java:147) [ozone-manager-1.3.0-SNAPSHOT.jar:?]
	at org.apache.hadoop.ozone.protocol.proto.OzoneManagerProtocolProtos$OzoneManagerService$2.callBlockingMethod(OzoneManagerProtocolProtos.java) [ozone-interface-client-1.3.0-SNAPSHOT.jar:?]
	at org.apache.hadoop.ipc.ProtobufRpcEngine$Server.processCall(ProtobufRpcEngine.java:466) [hadoop-common-3.3.1.jar:?]
	at org.apache.hadoop.ipc.ProtobufRpcEngine2$Server$ProtoBufRpcInvoker.call(ProtobufRpcEngine2.java:574) [hadoop-common-3.3.1.jar:?]
	at org.apache.hadoop.ipc.ProtobufRpcEngine2$Server$ProtoBufRpcInvoker.call(ProtobufRpcEngine2.java:552) [hadoop-common-3.3.1.jar:?]
	at org.apache.hadoop.ipc.RPC$Server.call(RPC.java:1093) [hadoop-common-3.3.1.jar:?]
	at org.apache.hadoop.ipc.Server$RpcCall.run(Server.java:1035) [hadoop-common-3.3.1.jar:?]
	at org.apache.hadoop.ipc.Server$RpcCall.run(Server.java:963) [hadoop-common-3.3.1.jar:?]
	at java.security.AccessController.doPrivileged(Native Method) ~[?:1.8.0_332]
	at javax.security.auth.Subject.doAs(Subject.java:422) [?:1.8.0_332]
	at org.apache.hadoop.security.UserGroupInformation.doAs(UserGroupInformation.java:1878) [hadoop-common-3.3.1.jar:?]
	at org.apache.hadoop.ipc.Server$Handler.run(Server.java:2966) [hadoop-common-3.3.1.jar:?]
2022-06-21 13:56:23,798 [IPC Server handler 11 on default port 33745] ERROR file.OMDirectoryCreateRequest (OMDirectoryCreateRequest.java:logResult(331)) - Directory creation failed. Volume:volume37829, Bucket:bucket78784, Keyd1/d2/d3/d4/key3. Exception:{}
FILE_ALREADY_EXISTS org.apache.hadoop.ozone.om.exceptions.OMException: Unable to create directory: d1/d2/d3/d4/key3 in volume/bucket: volume37829/bucket78784
	at org.apache.hadoop.ozone.om.request.file.OMDirectoryCreateRequest.validateAndUpdateCache(OMDirectoryCreateRequest.java:198)
	at org.apache.hadoop.ozone.protocolPB.OzoneManagerRequestHandler.handleWriteRequest(OzoneManagerRequestHandler.java:293)
	at org.apache.hadoop.ozone.protocolPB.OzoneManagerProtocolServerSideTranslatorPB.submitRequestDirectlyToOM(OzoneManagerProtocolServerSideTranslatorPB.java:293)
	at org.apache.hadoop.ozone.protocolPB.OzoneManagerProtocolServerSideTranslatorPB.processRequest(OzoneManagerProtocolServerSideTranslatorPB.java:207)
	at org.apache.hadoop.hdds.server.OzoneProtocolMessageDispatcher.processRequest(OzoneProtocolMessageDispatcher.java:87)
	at org.apache.hadoop.ozone.protocolPB.OzoneManagerProtocolServerSideTranslatorPB.submitRequest(OzoneManagerProtocolServerSideTranslatorPB.java:147)
	at org.apache.hadoop.ozone.protocol.proto.OzoneManagerProtocolProtos$OzoneManagerService$2.callBlockingMethod(OzoneManagerProtocolProtos.java)
	at org.apache.hadoop.ipc.ProtobufRpcEngine$Server.processCall(ProtobufRpcEngine.java:466)
	at org.apache.hadoop.ipc.ProtobufRpcEngine2$Server$ProtoBufRpcInvoker.call(ProtobufRpcEngine2.java:574)
	at org.apache.hadoop.ipc.ProtobufRpcEngine2$Server$ProtoBufRpcInvoker.call(ProtobufRpcEngine2.java:552)
	at org.apache.hadoop.ipc.RPC$Server.call(RPC.java:1093)
	at org.apache.hadoop.ipc.Server$RpcCall.run(Server.java:1035)
	at org.apache.hadoop.ipc.Server$RpcCall.run(Server.java:963)
	at java.security.AccessController.doPrivileged(Native Method)
	at javax.security.auth.Subject.doAs(Subject.java:422)
	at org.apache.hadoop.security.UserGroupInformation.doAs(UserGroupInformation.java:1878)
	at org.apache.hadoop.ipc.Server$Handler.run(Server.java:2966)
13:56:23.800 [IPC Server handler 12 on default port 33745] ERROR OMAudit - user=runner | ip=127.0.0.1 | op=CREATE_FILE {volume=volume37829, bucket=bucket78784, key=d1/d2/d3, dataSize=4194304, replicationType=RATIS, replicationFactor=THREE} | ret=FAILURE
org.apache.hadoop.ozone.om.exceptions.OMException: Can not write to directory: d1/d2/d3
	at org.apache.hadoop.ozone.om.request.file.OMFileCreateRequest.checkDirectoryResult(OMFileCreateRequest.java:364) ~[ozone-manager-1.3.0-SNAPSHOT.jar:?]
	at org.apache.hadoop.ozone.om.request.file.OMFileCreateRequest.validateAndUpdateCache(OMFileCreateRequest.java:240) ~[ozone-manager-1.3.0-SNAPSHOT.jar:?]
	at org.apache.hadoop.ozone.protocolPB.OzoneManagerRequestHandler.handleWriteRequest(OzoneManagerRequestHandler.java:293) ~[ozone-manager-1.3.0-SNAPSHOT.jar:?]
	at org.apache.hadoop.ozone.protocolPB.OzoneManagerProtocolServerSideTranslatorPB.submitRequestDirectlyToOM(OzoneManagerProtocolServerSideTranslatorPB.java:293) ~[ozone-manager-1.3.0-SNAPSHOT.jar:?]
	at org.apache.hadoop.ozone.protocolPB.OzoneManagerProtocolServerSideTranslatorPB.processRequest(OzoneManagerProtocolServerSideTranslatorPB.java:207) ~[ozone-manager-1.3.0-SNAPSHOT.jar:?]
	at org.apache.hadoop.hdds.server.OzoneProtocolMessageDispatcher.processRequest(OzoneProtocolMessageDispatcher.java:87) [hdds-server-framework-1.3.0-SNAPSHOT.jar:?]
	at org.apache.hadoop.ozone.protocolPB.OzoneManagerProtocolServerSideTranslatorPB.submitRequest(OzoneManagerProtocolServerSideTranslatorPB.java:147) [ozone-manager-1.3.0-SNAPSHOT.jar:?]
	at org.apache.hadoop.ozone.protocol.proto.OzoneManagerProtocolProtos$OzoneManagerService$2.callBlockingMethod(OzoneManagerProtocolProtos.java) [ozone-interface-client-1.3.0-SNAPSHOT.jar:?]
	at org.apache.hadoop.ipc.ProtobufRpcEngine$Server.processCall(ProtobufRpcEngine.java:466) [hadoop-common-3.3.1.jar:?]
	at org.apache.hadoop.ipc.ProtobufRpcEngine2$Server$ProtoBufRpcInvoker.call(ProtobufRpcEngine2.java:574) [hadoop-common-3.3.1.jar:?]
	at org.apache.hadoop.ipc.ProtobufRpcEngine2$Server$ProtoBufRpcInvoker.call(ProtobufRpcEngine2.java:552) [hadoop-common-3.3.1.jar:?]
	at org.apache.hadoop.ipc.RPC$Server.call(RPC.java:1093) [hadoop-common-3.3.1.jar:?]
	at org.apache.hadoop.ipc.Server$RpcCall.run(Server.java:1035) [hadoop-common-3.3.1.jar:?]
	at org.apache.hadoop.ipc.Server$RpcCall.run(Server.java:963) [hadoop-common-3.3.1.jar:?]
	at java.security.AccessController.doPrivileged(Native Method) ~[?:1.8.0_332]
	at javax.security.auth.Subject.doAs(Subject.java:422) [?:1.8.0_332]
	at org.apache.hadoop.security.UserGroupInformation.doAs(UserGroupInformation.java:1878) [hadoop-common-3.3.1.jar:?]
	at org.apache.hadoop.ipc.Server$Handler.run(Server.java:2966) [hadoop-common-3.3.1.jar:?]
2022-06-21 13:56:23,800 [IPC Server handler 12 on default port 33745] ERROR file.OMFileCreateRequest (OMFileCreateRequest.java:validateAndUpdateCache(337)) - File create failed. Volume:volume37829, Bucket:bucket78784, Keyd1/d2/d3.
NOT_A_FILE org.apache.hadoop.ozone.om.exceptions.OMException: Can not write to directory: d1/d2/d3
	at org.apache.hadoop.ozone.om.request.file.OMFileCreateRequest.checkDirectoryResult(OMFileCreateRequest.java:364)
	at org.apache.hadoop.ozone.om.request.file.OMFileCreateRequest.validateAndUpdateCache(OMFileCreateRequest.java:240)
	at org.apache.hadoop.ozone.protocolPB.OzoneManagerRequestHandler.handleWriteRequest(OzoneManagerRequestHandler.java:293)
	at org.apache.hadoop.ozone.protocolPB.OzoneManagerProtocolServerSideTranslatorPB.submitRequestDirectlyToOM(OzoneManagerProtocolServerSideTranslatorPB.java:293)
	at org.apache.hadoop.ozone.protocolPB.OzoneManagerProtocolServerSideTranslatorPB.processRequest(OzoneManagerProtocolServerSideTranslatorPB.java:207)
	at org.apache.hadoop.hdds.server.OzoneProtocolMessageDispatcher.processRequest(OzoneProtocolMessageDispatcher.java:87)
	at org.apache.hadoop.ozone.protocolPB.OzoneManagerProtocolServerSideTranslatorPB.submitRequest(OzoneManagerProtocolServerSideTranslatorPB.java:147)
	at org.apache.hadoop.ozone.protocol.proto.OzoneManagerProtocolProtos$OzoneManagerService$2.callBlockingMethod(OzoneManagerProtocolProtos.java)
	at org.apache.hadoop.ipc.ProtobufRpcEngine$Server.processCall(ProtobufRpcEngine.java:466)
	at org.apache.hadoop.ipc.ProtobufRpcEngine2$Server$ProtoBufRpcInvoker.call(ProtobufRpcEngine2.java:574)
	at org.apache.hadoop.ipc.ProtobufRpcEngine2$Server$ProtoBufRpcInvoker.call(ProtobufRpcEngine2.java:552)
	at org.apache.hadoop.ipc.RPC$Server.call(RPC.java:1093)
	at org.apache.hadoop.ipc.Server$RpcCall.run(Server.java:1035)
	at org.apache.hadoop.ipc.Server$RpcCall.run(Server.java:963)
	at java.security.AccessController.doPrivileged(Native Method)
	at javax.security.auth.Subject.doAs(Subject.java:422)
	at org.apache.hadoop.security.UserGroupInformation.doAs(UserGroupInformation.java:1878)
	at org.apache.hadoop.ipc.Server$Handler.run(Server.java:2966)
13:56:23.802 [IPC Server handler 1 on default port 33745] ERROR OMAudit - user=runner | ip=127.0.0.1 | op=GET_FILE_STATUS {volume=volume37829, bucket=bucket78784, key=d1/d2/d3/d4/key3/invalid, dataSize=0, replicationConfig=null} | ret=FAILURE
org.apache.hadoop.ozone.om.exceptions.OMException: Unable to get file status: volume: volume37829 bucket: bucket78784 key: d1/d2/d3/d4/key3/invalid
	at org.apache.hadoop.ozone.om.KeyManagerImpl.getOzoneFileStatus(KeyManagerImpl.java:1311) ~[ozone-manager-1.3.0-SNAPSHOT.jar:?]
	at org.apache.hadoop.ozone.om.KeyManagerImpl.getFileStatus(KeyManagerImpl.java:1241) ~[ozone-manager-1.3.0-SNAPSHOT.jar:?]
	at org.apache.hadoop.ozone.om.OzoneManager.getFileStatus(OzoneManager.java:3419) ~[ozone-manager-1.3.0-SNAPSHOT.jar:?]
	at org.apache.hadoop.ozone.protocolPB.OzoneManagerRequestHandler.getOzoneFileStatus(OzoneManagerRequestHandler.java:871) ~[ozone-manager-1.3.0-SNAPSHOT.jar:?]
	at org.apache.hadoop.ozone.protocolPB.OzoneManagerRequestHandler.handleReadRequest(OzoneManagerRequestHandler.java:217) ~[ozone-manager-1.3.0-SNAPSHOT.jar:?]
	at org.apache.hadoop.ozone.protocolPB.OzoneManagerProtocolServerSideTranslatorPB.submitRequestDirectlyToOM(OzoneManagerProtocolServerSideTranslatorPB.java:284) ~[ozone-manager-1.3.0-SNAPSHOT.jar:?]
	at org.apache.hadoop.ozone.protocolPB.OzoneManagerProtocolServerSideTranslatorPB.processRequest(OzoneManagerProtocolServerSideTranslatorPB.java:207) ~[ozone-manager-1.3.0-SNAPSHOT.jar:?]
	at org.apache.hadoop.hdds.server.OzoneProtocolMessageDispatcher.processRequest(OzoneProtocolMessageDispatcher.java:87) [hdds-server-framework-1.3.0-SNAPSHOT.jar:?]
	at org.apache.hadoop.ozone.protocolPB.OzoneManagerProtocolServerSideTranslatorPB.submitRequest(OzoneManagerProtocolServerSideTranslatorPB.java:147) [ozone-manager-1.3.0-SNAPSHOT.jar:?]
	at org.apache.hadoop.ozone.protocol.proto.OzoneManagerProtocolProtos$OzoneManagerService$2.callBlockingMethod(OzoneManagerProtocolProtos.java) [ozone-interface-client-1.3.0-SNAPSHOT.jar:?]
	at org.apache.hadoop.ipc.ProtobufRpcEngine$Server.processCall(ProtobufRpcEngine.java:466) [hadoop-common-3.3.1.jar:?]
	at org.apache.hadoop.ipc.ProtobufRpcEngine2$Server$ProtoBufRpcInvoker.call(ProtobufRpcEngine2.java:574) [hadoop-common-3.3.1.jar:?]
	at org.apache.hadoop.ipc.ProtobufRpcEngine2$Server$ProtoBufRpcInvoker.call(ProtobufRpcEngine2.java:552) [hadoop-common-3.3.1.jar:?]
	at org.apache.hadoop.ipc.RPC$Server.call(RPC.java:1093) [hadoop-common-3.3.1.jar:?]
	at org.apache.hadoop.ipc.Server$RpcCall.run(Server.java:1035) [hadoop-common-3.3.1.jar:?]
	at org.apache.hadoop.ipc.Server$RpcCall.run(Server.java:963) [hadoop-common-3.3.1.jar:?]
	at java.security.AccessController.doPrivileged(Native Method) ~[?:1.8.0_332]
	at javax.security.auth.Subject.doAs(Subject.java:422) [?:1.8.0_332]
	at org.apache.hadoop.security.UserGroupInformation.doAs(UserGroupInformation.java:1878) [hadoop-common-3.3.1.jar:?]
	at org.apache.hadoop.ipc.Server$Handler.run(Server.java:2966) [hadoop-common-3.3.1.jar:?]
13:56:23.802 [IPC Server handler 6 on default port 33745] ERROR OMAudit - user=runner | ip=127.0.0.1 | op=GET_FILE_STATUS {volume=volume37829, bucket=bucket78784, key=d1/d2/d3/d4/invalidkey, dataSize=0, replicationConfig=null} | ret=FAILURE
org.apache.hadoop.ozone.om.exceptions.OMException: Unable to get file status: volume: volume37829 bucket: bucket78784 key: d1/d2/d3/d4/invalidkey
	at org.apache.hadoop.ozone.om.KeyManagerImpl.getOzoneFileStatus(KeyManagerImpl.java:1311) ~[ozone-manager-1.3.0-SNAPSHOT.jar:?]
	at org.apache.hadoop.ozone.om.KeyManagerImpl.getFileStatus(KeyManagerImpl.java:1241) ~[ozone-manager-1.3.0-SNAPSHOT.jar:?]
	at org.apache.hadoop.ozone.om.OzoneManager.getFileStatus(OzoneManager.java:3419) ~[ozone-manager-1.3.0-SNAPSHOT.jar:?]
	at org.apache.hadoop.ozone.protocolPB.OzoneManagerRequestHandler.getOzoneFileStatus(OzoneManagerRequestHandler.java:871) ~[ozone-manager-1.3.0-SNAPSHOT.jar:?]
	at org.apache.hadoop.ozone.protocolPB.OzoneManagerRequestHandler.handleReadRequest(OzoneManagerRequestHandler.java:217) ~[ozone-manager-1.3.0-SNAPSHOT.jar:?]
	at org.apache.hadoop.ozone.protocolPB.OzoneManagerProtocolServerSideTranslatorPB.submitRequestDirectlyToOM(OzoneManagerProtocolServerSideTranslatorPB.java:284) ~[ozone-manager-1.3.0-SNAPSHOT.jar:?]
	at org.apache.hadoop.ozone.protocolPB.OzoneManagerProtocolServerSideTranslatorPB.processRequest(OzoneManagerProtocolServerSideTranslatorPB.java:207) ~[ozone-manager-1.3.0-SNAPSHOT.jar:?]
	at org.apache.hadoop.hdds.server.OzoneProtocolMessageDispatcher.processRequest(OzoneProtocolMessageDispatcher.java:87) [hdds-server-framework-1.3.0-SNAPSHOT.jar:?]
	at org.apache.hadoop.ozone.protocolPB.OzoneManagerProtocolServerSideTranslatorPB.submitRequest(OzoneManagerProtocolServerSideTranslatorPB.java:147) [ozone-manager-1.3.0-SNAPSHOT.jar:?]
	at org.apache.hadoop.ozone.protocol.proto.OzoneManagerProtocolProtos$OzoneManagerService$2.callBlockingMethod(OzoneManagerProtocolProtos.java) [ozone-interface-client-1.3.0-SNAPSHOT.jar:?]
	at org.apache.hadoop.ipc.ProtobufRpcEngine$Server.processCall(ProtobufRpcEngine.java:466) [hadoop-common-3.3.1.jar:?]
	at org.apache.hadoop.ipc.ProtobufRpcEngine2$Server$ProtoBufRpcInvoker.call(ProtobufRpcEngine2.java:574) [hadoop-common-3.3.1.jar:?]
	at org.apache.hadoop.ipc.ProtobufRpcEngine2$Server$ProtoBufRpcInvoker.call(ProtobufRpcEngine2.java:552) [hadoop-common-3.3.1.jar:?]
	at org.apache.hadoop.ipc.RPC$Server.call(RPC.java:1093) [hadoop-common-3.3.1.jar:?]
	at org.apache.hadoop.ipc.Server$RpcCall.run(Server.java:1035) [hadoop-common-3.3.1.jar:?]
	at org.apache.hadoop.ipc.Server$RpcCall.run(Server.java:963) [hadoop-common-3.3.1.jar:?]
	at java.security.AccessController.doPrivileged(Native Method) ~[?:1.8.0_332]
	at javax.security.auth.Subject.doAs(Subject.java:422) [?:1.8.0_332]
	at org.apache.hadoop.security.UserGroupInformation.doAs(UserGroupInformation.java:1878) [hadoop-common-3.3.1.jar:?]
	at org.apache.hadoop.ipc.Server$Handler.run(Server.java:2966) [hadoop-common-3.3.1.jar:?]
]]></system-out>
  </testcase>
  <testcase name="testFileDelete" classname="TestOzoneFileSystem" time="0.19">
    <system-out><![CDATA[13:52:52.767 [IPC Server handler 6 on default port 44727] ERROR OMAudit - user=runner | ip=127.0.0.1 | op=GET_FILE_STATUS {volume=volume19882, bucket=bucket92495, key=testBatchDelete, dataSize=0, replicationConfig=null} | ret=FAILURE
org.apache.hadoop.ozone.om.exceptions.OMException: Unable to get file status: volume: volume19882 bucket: bucket92495 key: testBatchDelete
	at org.apache.hadoop.ozone.om.KeyManagerImpl.getOzoneFileStatus(KeyManagerImpl.java:1311) ~[ozone-manager-1.3.0-SNAPSHOT.jar:?]
	at org.apache.hadoop.ozone.om.KeyManagerImpl.getFileStatus(KeyManagerImpl.java:1241) ~[ozone-manager-1.3.0-SNAPSHOT.jar:?]
	at org.apache.hadoop.ozone.om.OzoneManager.getFileStatus(OzoneManager.java:3419) ~[ozone-manager-1.3.0-SNAPSHOT.jar:?]
	at org.apache.hadoop.ozone.protocolPB.OzoneManagerRequestHandler.getOzoneFileStatus(OzoneManagerRequestHandler.java:871) ~[ozone-manager-1.3.0-SNAPSHOT.jar:?]
	at org.apache.hadoop.ozone.protocolPB.OzoneManagerRequestHandler.handleReadRequest(OzoneManagerRequestHandler.java:217) ~[ozone-manager-1.3.0-SNAPSHOT.jar:?]
	at org.apache.hadoop.ozone.protocolPB.OzoneManagerProtocolServerSideTranslatorPB.submitReadRequestToOM(OzoneManagerProtocolServerSideTranslatorPB.java:225) ~[ozone-manager-1.3.0-SNAPSHOT.jar:?]
	at org.apache.hadoop.ozone.protocolPB.OzoneManagerProtocolServerSideTranslatorPB.processRequest(OzoneManagerProtocolServerSideTranslatorPB.java:175) ~[ozone-manager-1.3.0-SNAPSHOT.jar:?]
	at org.apache.hadoop.hdds.server.OzoneProtocolMessageDispatcher.processRequest(OzoneProtocolMessageDispatcher.java:87) [hdds-server-framework-1.3.0-SNAPSHOT.jar:?]
	at org.apache.hadoop.ozone.protocolPB.OzoneManagerProtocolServerSideTranslatorPB.submitRequest(OzoneManagerProtocolServerSideTranslatorPB.java:147) [ozone-manager-1.3.0-SNAPSHOT.jar:?]
	at org.apache.hadoop.ozone.protocol.proto.OzoneManagerProtocolProtos$OzoneManagerService$2.callBlockingMethod(OzoneManagerProtocolProtos.java) [ozone-interface-client-1.3.0-SNAPSHOT.jar:?]
	at org.apache.hadoop.ipc.ProtobufRpcEngine$Server.processCall(ProtobufRpcEngine.java:466) [hadoop-common-3.3.1.jar:?]
	at org.apache.hadoop.ipc.ProtobufRpcEngine2$Server$ProtoBufRpcInvoker.call(ProtobufRpcEngine2.java:574) [hadoop-common-3.3.1.jar:?]
	at org.apache.hadoop.ipc.ProtobufRpcEngine2$Server$ProtoBufRpcInvoker.call(ProtobufRpcEngine2.java:552) [hadoop-common-3.3.1.jar:?]
	at org.apache.hadoop.ipc.RPC$Server.call(RPC.java:1093) [hadoop-common-3.3.1.jar:?]
	at org.apache.hadoop.ipc.Server$RpcCall.run(Server.java:1035) [hadoop-common-3.3.1.jar:?]
	at org.apache.hadoop.ipc.Server$RpcCall.run(Server.java:963) [hadoop-common-3.3.1.jar:?]
	at java.security.AccessController.doPrivileged(Native Method) ~[?:1.8.0_332]
	at javax.security.auth.Subject.doAs(Subject.java:422) [?:1.8.0_332]
	at org.apache.hadoop.security.UserGroupInformation.doAs(UserGroupInformation.java:1878) [hadoop-common-3.3.1.jar:?]
	at org.apache.hadoop.ipc.Server$Handler.run(Server.java:2966) [hadoop-common-3.3.1.jar:?]
13:52:52.769 [IPC Server handler 5 on default port 44727] ERROR OMAudit - user=runner | ip=127.0.0.1 | op=GET_FILE_STATUS {volume=volume19882, bucket=bucket92495, key=testBatchDelete/parent/child0, dataSize=0, replicationConfig=null} | ret=FAILURE
org.apache.hadoop.ozone.om.exceptions.OMException: Unable to get file status: volume: volume19882 bucket: bucket92495 key: testBatchDelete/parent/child0
	at org.apache.hadoop.ozone.om.KeyManagerImpl.getOzoneFileStatus(KeyManagerImpl.java:1311) ~[ozone-manager-1.3.0-SNAPSHOT.jar:?]
	at org.apache.hadoop.ozone.om.KeyManagerImpl.getFileStatus(KeyManagerImpl.java:1241) ~[ozone-manager-1.3.0-SNAPSHOT.jar:?]
	at org.apache.hadoop.ozone.om.OzoneManager.getFileStatus(OzoneManager.java:3419) ~[ozone-manager-1.3.0-SNAPSHOT.jar:?]
	at org.apache.hadoop.ozone.protocolPB.OzoneManagerRequestHandler.getOzoneFileStatus(OzoneManagerRequestHandler.java:871) ~[ozone-manager-1.3.0-SNAPSHOT.jar:?]
	at org.apache.hadoop.ozone.protocolPB.OzoneManagerRequestHandler.handleReadRequest(OzoneManagerRequestHandler.java:217) ~[ozone-manager-1.3.0-SNAPSHOT.jar:?]
	at org.apache.hadoop.ozone.protocolPB.OzoneManagerProtocolServerSideTranslatorPB.submitReadRequestToOM(OzoneManagerProtocolServerSideTranslatorPB.java:225) ~[ozone-manager-1.3.0-SNAPSHOT.jar:?]
	at org.apache.hadoop.ozone.protocolPB.OzoneManagerProtocolServerSideTranslatorPB.processRequest(OzoneManagerProtocolServerSideTranslatorPB.java:175) ~[ozone-manager-1.3.0-SNAPSHOT.jar:?]
	at org.apache.hadoop.hdds.server.OzoneProtocolMessageDispatcher.processRequest(OzoneProtocolMessageDispatcher.java:87) [hdds-server-framework-1.3.0-SNAPSHOT.jar:?]
	at org.apache.hadoop.ozone.protocolPB.OzoneManagerProtocolServerSideTranslatorPB.submitRequest(OzoneManagerProtocolServerSideTranslatorPB.java:147) [ozone-manager-1.3.0-SNAPSHOT.jar:?]
	at org.apache.hadoop.ozone.protocol.proto.OzoneManagerProtocolProtos$OzoneManagerService$2.callBlockingMethod(OzoneManagerProtocolProtos.java) [ozone-interface-client-1.3.0-SNAPSHOT.jar:?]
	at org.apache.hadoop.ipc.ProtobufRpcEngine$Server.processCall(ProtobufRpcEngine.java:466) [hadoop-common-3.3.1.jar:?]
	at org.apache.hadoop.ipc.ProtobufRpcEngine2$Server$ProtoBufRpcInvoker.call(ProtobufRpcEngine2.java:574) [hadoop-common-3.3.1.jar:?]
	at org.apache.hadoop.ipc.ProtobufRpcEngine2$Server$ProtoBufRpcInvoker.call(ProtobufRpcEngine2.java:552) [hadoop-common-3.3.1.jar:?]
	at org.apache.hadoop.ipc.RPC$Server.call(RPC.java:1093) [hadoop-common-3.3.1.jar:?]
	at org.apache.hadoop.ipc.Server$RpcCall.run(Server.java:1035) [hadoop-common-3.3.1.jar:?]
	at org.apache.hadoop.ipc.Server$RpcCall.run(Server.java:963) [hadoop-common-3.3.1.jar:?]
	at java.security.AccessController.doPrivileged(Native Method) ~[?:1.8.0_332]
	at javax.security.auth.Subject.doAs(Subject.java:422) [?:1.8.0_332]
	at org.apache.hadoop.security.UserGroupInformation.doAs(UserGroupInformation.java:1878) [hadoop-common-3.3.1.jar:?]
	at org.apache.hadoop.ipc.Server$Handler.run(Server.java:2966) [hadoop-common-3.3.1.jar:?]
13:52:52.770 [IPC Server handler 9 on default port 44727] ERROR OMAudit - user=runner | ip=127.0.0.1 | op=GET_FILE_STATUS {volume=volume19882, bucket=bucket92495, key=testBatchDelete/parent/childFolder/child0, dataSize=0, replicationConfig=null} | ret=FAILURE
org.apache.hadoop.ozone.om.exceptions.OMException: Unable to get file status: volume: volume19882 bucket: bucket92495 key: testBatchDelete/parent/childFolder/child0
	at org.apache.hadoop.ozone.om.KeyManagerImpl.getOzoneFileStatus(KeyManagerImpl.java:1311) ~[ozone-manager-1.3.0-SNAPSHOT.jar:?]
	at org.apache.hadoop.ozone.om.KeyManagerImpl.getFileStatus(KeyManagerImpl.java:1241) ~[ozone-manager-1.3.0-SNAPSHOT.jar:?]
	at org.apache.hadoop.ozone.om.OzoneManager.getFileStatus(OzoneManager.java:3419) ~[ozone-manager-1.3.0-SNAPSHOT.jar:?]
	at org.apache.hadoop.ozone.protocolPB.OzoneManagerRequestHandler.getOzoneFileStatus(OzoneManagerRequestHandler.java:871) ~[ozone-manager-1.3.0-SNAPSHOT.jar:?]
	at org.apache.hadoop.ozone.protocolPB.OzoneManagerRequestHandler.handleReadRequest(OzoneManagerRequestHandler.java:217) ~[ozone-manager-1.3.0-SNAPSHOT.jar:?]
	at org.apache.hadoop.ozone.protocolPB.OzoneManagerProtocolServerSideTranslatorPB.submitReadRequestToOM(OzoneManagerProtocolServerSideTranslatorPB.java:225) ~[ozone-manager-1.3.0-SNAPSHOT.jar:?]
	at org.apache.hadoop.ozone.protocolPB.OzoneManagerProtocolServerSideTranslatorPB.processRequest(OzoneManagerProtocolServerSideTranslatorPB.java:175) ~[ozone-manager-1.3.0-SNAPSHOT.jar:?]
	at org.apache.hadoop.hdds.server.OzoneProtocolMessageDispatcher.processRequest(OzoneProtocolMessageDispatcher.java:87) [hdds-server-framework-1.3.0-SNAPSHOT.jar:?]
	at org.apache.hadoop.ozone.protocolPB.OzoneManagerProtocolServerSideTranslatorPB.submitRequest(OzoneManagerProtocolServerSideTranslatorPB.java:147) [ozone-manager-1.3.0-SNAPSHOT.jar:?]
	at org.apache.hadoop.ozone.protocol.proto.OzoneManagerProtocolProtos$OzoneManagerService$2.callBlockingMethod(OzoneManagerProtocolProtos.java) [ozone-interface-client-1.3.0-SNAPSHOT.jar:?]
	at org.apache.hadoop.ipc.ProtobufRpcEngine$Server.processCall(ProtobufRpcEngine.java:466) [hadoop-common-3.3.1.jar:?]
	at org.apache.hadoop.ipc.ProtobufRpcEngine2$Server$ProtoBufRpcInvoker.call(ProtobufRpcEngine2.java:574) [hadoop-common-3.3.1.jar:?]
	at org.apache.hadoop.ipc.ProtobufRpcEngine2$Server$ProtoBufRpcInvoker.call(ProtobufRpcEngine2.java:552) [hadoop-common-3.3.1.jar:?]
	at org.apache.hadoop.ipc.RPC$Server.call(RPC.java:1093) [hadoop-common-3.3.1.jar:?]
	at org.apache.hadoop.ipc.Server$RpcCall.run(Server.java:1035) [hadoop-common-3.3.1.jar:?]
	at org.apache.hadoop.ipc.Server$RpcCall.run(Server.java:963) [hadoop-common-3.3.1.jar:?]
	at java.security.AccessController.doPrivileged(Native Method) ~[?:1.8.0_332]
	at javax.security.auth.Subject.doAs(Subject.java:422) [?:1.8.0_332]
	at org.apache.hadoop.security.UserGroupInformation.doAs(UserGroupInformation.java:1878) [hadoop-common-3.3.1.jar:?]
	at org.apache.hadoop.ipc.Server$Handler.run(Server.java:2966) [hadoop-common-3.3.1.jar:?]
13:52:52.771 [IPC Server handler 11 on default port 44727] ERROR OMAudit - user=runner | ip=127.0.0.1 | op=GET_FILE_STATUS {volume=volume19882, bucket=bucket92495, key=testBatchDelete/parent/child1, dataSize=0, replicationConfig=null} | ret=FAILURE
org.apache.hadoop.ozone.om.exceptions.OMException: Unable to get file status: volume: volume19882 bucket: bucket92495 key: testBatchDelete/parent/child1
	at org.apache.hadoop.ozone.om.KeyManagerImpl.getOzoneFileStatus(KeyManagerImpl.java:1311) ~[ozone-manager-1.3.0-SNAPSHOT.jar:?]
	at org.apache.hadoop.ozone.om.KeyManagerImpl.getFileStatus(KeyManagerImpl.java:1241) ~[ozone-manager-1.3.0-SNAPSHOT.jar:?]
	at org.apache.hadoop.ozone.om.OzoneManager.getFileStatus(OzoneManager.java:3419) ~[ozone-manager-1.3.0-SNAPSHOT.jar:?]
	at org.apache.hadoop.ozone.protocolPB.OzoneManagerRequestHandler.getOzoneFileStatus(OzoneManagerRequestHandler.java:871) ~[ozone-manager-1.3.0-SNAPSHOT.jar:?]
	at org.apache.hadoop.ozone.protocolPB.OzoneManagerRequestHandler.handleReadRequest(OzoneManagerRequestHandler.java:217) ~[ozone-manager-1.3.0-SNAPSHOT.jar:?]
	at org.apache.hadoop.ozone.protocolPB.OzoneManagerProtocolServerSideTranslatorPB.submitReadRequestToOM(OzoneManagerProtocolServerSideTranslatorPB.java:225) ~[ozone-manager-1.3.0-SNAPSHOT.jar:?]
	at org.apache.hadoop.ozone.protocolPB.OzoneManagerProtocolServerSideTranslatorPB.processRequest(OzoneManagerProtocolServerSideTranslatorPB.java:175) ~[ozone-manager-1.3.0-SNAPSHOT.jar:?]
	at org.apache.hadoop.hdds.server.OzoneProtocolMessageDispatcher.processRequest(OzoneProtocolMessageDispatcher.java:87) [hdds-server-framework-1.3.0-SNAPSHOT.jar:?]
	at org.apache.hadoop.ozone.protocolPB.OzoneManagerProtocolServerSideTranslatorPB.submitRequest(OzoneManagerProtocolServerSideTranslatorPB.java:147) [ozone-manager-1.3.0-SNAPSHOT.jar:?]
	at org.apache.hadoop.ozone.protocol.proto.OzoneManagerProtocolProtos$OzoneManagerService$2.callBlockingMethod(OzoneManagerProtocolProtos.java) [ozone-interface-client-1.3.0-SNAPSHOT.jar:?]
	at org.apache.hadoop.ipc.ProtobufRpcEngine$Server.processCall(ProtobufRpcEngine.java:466) [hadoop-common-3.3.1.jar:?]
	at org.apache.hadoop.ipc.ProtobufRpcEngine2$Server$ProtoBufRpcInvoker.call(ProtobufRpcEngine2.java:574) [hadoop-common-3.3.1.jar:?]
	at org.apache.hadoop.ipc.ProtobufRpcEngine2$Server$ProtoBufRpcInvoker.call(ProtobufRpcEngine2.java:552) [hadoop-common-3.3.1.jar:?]
	at org.apache.hadoop.ipc.RPC$Server.call(RPC.java:1093) [hadoop-common-3.3.1.jar:?]
	at org.apache.hadoop.ipc.Server$RpcCall.run(Server.java:1035) [hadoop-common-3.3.1.jar:?]
	at org.apache.hadoop.ipc.Server$RpcCall.run(Server.java:963) [hadoop-common-3.3.1.jar:?]
	at java.security.AccessController.doPrivileged(Native Method) ~[?:1.8.0_332]
	at javax.security.auth.Subject.doAs(Subject.java:422) [?:1.8.0_332]
	at org.apache.hadoop.security.UserGroupInformation.doAs(UserGroupInformation.java:1878) [hadoop-common-3.3.1.jar:?]
	at org.apache.hadoop.ipc.Server$Handler.run(Server.java:2966) [hadoop-common-3.3.1.jar:?]
13:52:52.772 [IPC Server handler 7 on default port 44727] ERROR OMAudit - user=runner | ip=127.0.0.1 | op=GET_FILE_STATUS {volume=volume19882, bucket=bucket92495, key=testBatchDelete/parent/childFolder/child1, dataSize=0, replicationConfig=null} | ret=FAILURE
org.apache.hadoop.ozone.om.exceptions.OMException: Unable to get file status: volume: volume19882 bucket: bucket92495 key: testBatchDelete/parent/childFolder/child1
	at org.apache.hadoop.ozone.om.KeyManagerImpl.getOzoneFileStatus(KeyManagerImpl.java:1311) ~[ozone-manager-1.3.0-SNAPSHOT.jar:?]
	at org.apache.hadoop.ozone.om.KeyManagerImpl.getFileStatus(KeyManagerImpl.java:1241) ~[ozone-manager-1.3.0-SNAPSHOT.jar:?]
	at org.apache.hadoop.ozone.om.OzoneManager.getFileStatus(OzoneManager.java:3419) ~[ozone-manager-1.3.0-SNAPSHOT.jar:?]
	at org.apache.hadoop.ozone.protocolPB.OzoneManagerRequestHandler.getOzoneFileStatus(OzoneManagerRequestHandler.java:871) ~[ozone-manager-1.3.0-SNAPSHOT.jar:?]
	at org.apache.hadoop.ozone.protocolPB.OzoneManagerRequestHandler.handleReadRequest(OzoneManagerRequestHandler.java:217) ~[ozone-manager-1.3.0-SNAPSHOT.jar:?]
	at org.apache.hadoop.ozone.protocolPB.OzoneManagerProtocolServerSideTranslatorPB.submitReadRequestToOM(OzoneManagerProtocolServerSideTranslatorPB.java:225) ~[ozone-manager-1.3.0-SNAPSHOT.jar:?]
	at org.apache.hadoop.ozone.protocolPB.OzoneManagerProtocolServerSideTranslatorPB.processRequest(OzoneManagerProtocolServerSideTranslatorPB.java:175) ~[ozone-manager-1.3.0-SNAPSHOT.jar:?]
	at org.apache.hadoop.hdds.server.OzoneProtocolMessageDispatcher.processRequest(OzoneProtocolMessageDispatcher.java:87) [hdds-server-framework-1.3.0-SNAPSHOT.jar:?]
	at org.apache.hadoop.ozone.protocolPB.OzoneManagerProtocolServerSideTranslatorPB.submitRequest(OzoneManagerProtocolServerSideTranslatorPB.java:147) [ozone-manager-1.3.0-SNAPSHOT.jar:?]
	at org.apache.hadoop.ozone.protocol.proto.OzoneManagerProtocolProtos$OzoneManagerService$2.callBlockingMethod(OzoneManagerProtocolProtos.java) [ozone-interface-client-1.3.0-SNAPSHOT.jar:?]
	at org.apache.hadoop.ipc.ProtobufRpcEngine$Server.processCall(ProtobufRpcEngine.java:466) [hadoop-common-3.3.1.jar:?]
	at org.apache.hadoop.ipc.ProtobufRpcEngine2$Server$ProtoBufRpcInvoker.call(ProtobufRpcEngine2.java:574) [hadoop-common-3.3.1.jar:?]
	at org.apache.hadoop.ipc.ProtobufRpcEngine2$Server$ProtoBufRpcInvoker.call(ProtobufRpcEngine2.java:552) [hadoop-common-3.3.1.jar:?]
	at org.apache.hadoop.ipc.RPC$Server.call(RPC.java:1093) [hadoop-common-3.3.1.jar:?]
	at org.apache.hadoop.ipc.Server$RpcCall.run(Server.java:1035) [hadoop-common-3.3.1.jar:?]
	at org.apache.hadoop.ipc.Server$RpcCall.run(Server.java:963) [hadoop-common-3.3.1.jar:?]
	at java.security.AccessController.doPrivileged(Native Method) ~[?:1.8.0_332]
	at javax.security.auth.Subject.doAs(Subject.java:422) [?:1.8.0_332]
	at org.apache.hadoop.security.UserGroupInformation.doAs(UserGroupInformation.java:1878) [hadoop-common-3.3.1.jar:?]
	at org.apache.hadoop.ipc.Server$Handler.run(Server.java:2966) [hadoop-common-3.3.1.jar:?]
13:52:52.774 [IPC Server handler 15 on default port 44727] ERROR OMAudit - user=runner | ip=127.0.0.1 | op=GET_FILE_STATUS {volume=volume19882, bucket=bucket92495, key=testBatchDelete/parent/child2, dataSize=0, replicationConfig=null} | ret=FAILURE
org.apache.hadoop.ozone.om.exceptions.OMException: Unable to get file status: volume: volume19882 bucket: bucket92495 key: testBatchDelete/parent/child2
	at org.apache.hadoop.ozone.om.KeyManagerImpl.getOzoneFileStatus(KeyManagerImpl.java:1311) ~[ozone-manager-1.3.0-SNAPSHOT.jar:?]
	at org.apache.hadoop.ozone.om.KeyManagerImpl.getFileStatus(KeyManagerImpl.java:1241) ~[ozone-manager-1.3.0-SNAPSHOT.jar:?]
	at org.apache.hadoop.ozone.om.OzoneManager.getFileStatus(OzoneManager.java:3419) ~[ozone-manager-1.3.0-SNAPSHOT.jar:?]
	at org.apache.hadoop.ozone.protocolPB.OzoneManagerRequestHandler.getOzoneFileStatus(OzoneManagerRequestHandler.java:871) ~[ozone-manager-1.3.0-SNAPSHOT.jar:?]
	at org.apache.hadoop.ozone.protocolPB.OzoneManagerRequestHandler.handleReadRequest(OzoneManagerRequestHandler.java:217) ~[ozone-manager-1.3.0-SNAPSHOT.jar:?]
	at org.apache.hadoop.ozone.protocolPB.OzoneManagerProtocolServerSideTranslatorPB.submitReadRequestToOM(OzoneManagerProtocolServerSideTranslatorPB.java:225) ~[ozone-manager-1.3.0-SNAPSHOT.jar:?]
	at org.apache.hadoop.ozone.protocolPB.OzoneManagerProtocolServerSideTranslatorPB.processRequest(OzoneManagerProtocolServerSideTranslatorPB.java:175) ~[ozone-manager-1.3.0-SNAPSHOT.jar:?]
	at org.apache.hadoop.hdds.server.OzoneProtocolMessageDispatcher.processRequest(OzoneProtocolMessageDispatcher.java:87) [hdds-server-framework-1.3.0-SNAPSHOT.jar:?]
	at org.apache.hadoop.ozone.protocolPB.OzoneManagerProtocolServerSideTranslatorPB.submitRequest(OzoneManagerProtocolServerSideTranslatorPB.java:147) [ozone-manager-1.3.0-SNAPSHOT.jar:?]
	at org.apache.hadoop.ozone.protocol.proto.OzoneManagerProtocolProtos$OzoneManagerService$2.callBlockingMethod(OzoneManagerProtocolProtos.java) [ozone-interface-client-1.3.0-SNAPSHOT.jar:?]
	at org.apache.hadoop.ipc.ProtobufRpcEngine$Server.processCall(ProtobufRpcEngine.java:466) [hadoop-common-3.3.1.jar:?]
	at org.apache.hadoop.ipc.ProtobufRpcEngine2$Server$ProtoBufRpcInvoker.call(ProtobufRpcEngine2.java:574) [hadoop-common-3.3.1.jar:?]
	at org.apache.hadoop.ipc.ProtobufRpcEngine2$Server$ProtoBufRpcInvoker.call(ProtobufRpcEngine2.java:552) [hadoop-common-3.3.1.jar:?]
	at org.apache.hadoop.ipc.RPC$Server.call(RPC.java:1093) [hadoop-common-3.3.1.jar:?]
	at org.apache.hadoop.ipc.Server$RpcCall.run(Server.java:1035) [hadoop-common-3.3.1.jar:?]
	at org.apache.hadoop.ipc.Server$RpcCall.run(Server.java:963) [hadoop-common-3.3.1.jar:?]
	at java.security.AccessController.doPrivileged(Native Method) ~[?:1.8.0_332]
	at javax.security.auth.Subject.doAs(Subject.java:422) [?:1.8.0_332]
	at org.apache.hadoop.security.UserGroupInformation.doAs(UserGroupInformation.java:1878) [hadoop-common-3.3.1.jar:?]
	at org.apache.hadoop.ipc.Server$Handler.run(Server.java:2966) [hadoop-common-3.3.1.jar:?]
13:52:52.775 [IPC Server handler 18 on default port 44727] ERROR OMAudit - user=runner | ip=127.0.0.1 | op=GET_FILE_STATUS {volume=volume19882, bucket=bucket92495, key=testBatchDelete/parent/childFolder/child2, dataSize=0, replicationConfig=null} | ret=FAILURE
org.apache.hadoop.ozone.om.exceptions.OMException: Unable to get file status: volume: volume19882 bucket: bucket92495 key: testBatchDelete/parent/childFolder/child2
	at org.apache.hadoop.ozone.om.KeyManagerImpl.getOzoneFileStatus(KeyManagerImpl.java:1311) ~[ozone-manager-1.3.0-SNAPSHOT.jar:?]
	at org.apache.hadoop.ozone.om.KeyManagerImpl.getFileStatus(KeyManagerImpl.java:1241) ~[ozone-manager-1.3.0-SNAPSHOT.jar:?]
	at org.apache.hadoop.ozone.om.OzoneManager.getFileStatus(OzoneManager.java:3419) ~[ozone-manager-1.3.0-SNAPSHOT.jar:?]
	at org.apache.hadoop.ozone.protocolPB.OzoneManagerRequestHandler.getOzoneFileStatus(OzoneManagerRequestHandler.java:871) ~[ozone-manager-1.3.0-SNAPSHOT.jar:?]
	at org.apache.hadoop.ozone.protocolPB.OzoneManagerRequestHandler.handleReadRequest(OzoneManagerRequestHandler.java:217) ~[ozone-manager-1.3.0-SNAPSHOT.jar:?]
	at org.apache.hadoop.ozone.protocolPB.OzoneManagerProtocolServerSideTranslatorPB.submitReadRequestToOM(OzoneManagerProtocolServerSideTranslatorPB.java:225) ~[ozone-manager-1.3.0-SNAPSHOT.jar:?]
	at org.apache.hadoop.ozone.protocolPB.OzoneManagerProtocolServerSideTranslatorPB.processRequest(OzoneManagerProtocolServerSideTranslatorPB.java:175) ~[ozone-manager-1.3.0-SNAPSHOT.jar:?]
	at org.apache.hadoop.hdds.server.OzoneProtocolMessageDispatcher.processRequest(OzoneProtocolMessageDispatcher.java:87) [hdds-server-framework-1.3.0-SNAPSHOT.jar:?]
	at org.apache.hadoop.ozone.protocolPB.OzoneManagerProtocolServerSideTranslatorPB.submitRequest(OzoneManagerProtocolServerSideTranslatorPB.java:147) [ozone-manager-1.3.0-SNAPSHOT.jar:?]
	at org.apache.hadoop.ozone.protocol.proto.OzoneManagerProtocolProtos$OzoneManagerService$2.callBlockingMethod(OzoneManagerProtocolProtos.java) [ozone-interface-client-1.3.0-SNAPSHOT.jar:?]
	at org.apache.hadoop.ipc.ProtobufRpcEngine$Server.processCall(ProtobufRpcEngine.java:466) [hadoop-common-3.3.1.jar:?]
	at org.apache.hadoop.ipc.ProtobufRpcEngine2$Server$ProtoBufRpcInvoker.call(ProtobufRpcEngine2.java:574) [hadoop-common-3.3.1.jar:?]
	at org.apache.hadoop.ipc.ProtobufRpcEngine2$Server$ProtoBufRpcInvoker.call(ProtobufRpcEngine2.java:552) [hadoop-common-3.3.1.jar:?]
	at org.apache.hadoop.ipc.RPC$Server.call(RPC.java:1093) [hadoop-common-3.3.1.jar:?]
	at org.apache.hadoop.ipc.Server$RpcCall.run(Server.java:1035) [hadoop-common-3.3.1.jar:?]
	at org.apache.hadoop.ipc.Server$RpcCall.run(Server.java:963) [hadoop-common-3.3.1.jar:?]
	at java.security.AccessController.doPrivileged(Native Method) ~[?:1.8.0_332]
	at javax.security.auth.Subject.doAs(Subject.java:422) [?:1.8.0_332]
	at org.apache.hadoop.security.UserGroupInformation.doAs(UserGroupInformation.java:1878) [hadoop-common-3.3.1.jar:?]
	at org.apache.hadoop.ipc.Server$Handler.run(Server.java:2966) [hadoop-common-3.3.1.jar:?]
13:52:52.776 [IPC Server handler 12 on default port 44727] ERROR OMAudit - user=runner | ip=127.0.0.1 | op=GET_FILE_STATUS {volume=volume19882, bucket=bucket92495, key=testBatchDelete/parent/child3, dataSize=0, replicationConfig=null} | ret=FAILURE
org.apache.hadoop.ozone.om.exceptions.OMException: Unable to get file status: volume: volume19882 bucket: bucket92495 key: testBatchDelete/parent/child3
	at org.apache.hadoop.ozone.om.KeyManagerImpl.getOzoneFileStatus(KeyManagerImpl.java:1311) ~[ozone-manager-1.3.0-SNAPSHOT.jar:?]
	at org.apache.hadoop.ozone.om.KeyManagerImpl.getFileStatus(KeyManagerImpl.java:1241) ~[ozone-manager-1.3.0-SNAPSHOT.jar:?]
	at org.apache.hadoop.ozone.om.OzoneManager.getFileStatus(OzoneManager.java:3419) ~[ozone-manager-1.3.0-SNAPSHOT.jar:?]
	at org.apache.hadoop.ozone.protocolPB.OzoneManagerRequestHandler.getOzoneFileStatus(OzoneManagerRequestHandler.java:871) ~[ozone-manager-1.3.0-SNAPSHOT.jar:?]
	at org.apache.hadoop.ozone.protocolPB.OzoneManagerRequestHandler.handleReadRequest(OzoneManagerRequestHandler.java:217) ~[ozone-manager-1.3.0-SNAPSHOT.jar:?]
	at org.apache.hadoop.ozone.protocolPB.OzoneManagerProtocolServerSideTranslatorPB.submitReadRequestToOM(OzoneManagerProtocolServerSideTranslatorPB.java:225) ~[ozone-manager-1.3.0-SNAPSHOT.jar:?]
	at org.apache.hadoop.ozone.protocolPB.OzoneManagerProtocolServerSideTranslatorPB.processRequest(OzoneManagerProtocolServerSideTranslatorPB.java:175) ~[ozone-manager-1.3.0-SNAPSHOT.jar:?]
	at org.apache.hadoop.hdds.server.OzoneProtocolMessageDispatcher.processRequest(OzoneProtocolMessageDispatcher.java:87) [hdds-server-framework-1.3.0-SNAPSHOT.jar:?]
	at org.apache.hadoop.ozone.protocolPB.OzoneManagerProtocolServerSideTranslatorPB.submitRequest(OzoneManagerProtocolServerSideTranslatorPB.java:147) [ozone-manager-1.3.0-SNAPSHOT.jar:?]
	at org.apache.hadoop.ozone.protocol.proto.OzoneManagerProtocolProtos$OzoneManagerService$2.callBlockingMethod(OzoneManagerProtocolProtos.java) [ozone-interface-client-1.3.0-SNAPSHOT.jar:?]
	at org.apache.hadoop.ipc.ProtobufRpcEngine$Server.processCall(ProtobufRpcEngine.java:466) [hadoop-common-3.3.1.jar:?]
	at org.apache.hadoop.ipc.ProtobufRpcEngine2$Server$ProtoBufRpcInvoker.call(ProtobufRpcEngine2.java:574) [hadoop-common-3.3.1.jar:?]
	at org.apache.hadoop.ipc.ProtobufRpcEngine2$Server$ProtoBufRpcInvoker.call(ProtobufRpcEngine2.java:552) [hadoop-common-3.3.1.jar:?]
	at org.apache.hadoop.ipc.RPC$Server.call(RPC.java:1093) [hadoop-common-3.3.1.jar:?]
	at org.apache.hadoop.ipc.Server$RpcCall.run(Server.java:1035) [hadoop-common-3.3.1.jar:?]
	at org.apache.hadoop.ipc.Server$RpcCall.run(Server.java:963) [hadoop-common-3.3.1.jar:?]
	at java.security.AccessController.doPrivileged(Native Method) ~[?:1.8.0_332]
	at javax.security.auth.Subject.doAs(Subject.java:422) [?:1.8.0_332]
	at org.apache.hadoop.security.UserGroupInformation.doAs(UserGroupInformation.java:1878) [hadoop-common-3.3.1.jar:?]
	at org.apache.hadoop.ipc.Server$Handler.run(Server.java:2966) [hadoop-common-3.3.1.jar:?]
13:52:52.777 [IPC Server handler 16 on default port 44727] ERROR OMAudit - user=runner | ip=127.0.0.1 | op=GET_FILE_STATUS {volume=volume19882, bucket=bucket92495, key=testBatchDelete/parent/childFolder/child3, dataSize=0, replicationConfig=null} | ret=FAILURE
org.apache.hadoop.ozone.om.exceptions.OMException: Unable to get file status: volume: volume19882 bucket: bucket92495 key: testBatchDelete/parent/childFolder/child3
	at org.apache.hadoop.ozone.om.KeyManagerImpl.getOzoneFileStatus(KeyManagerImpl.java:1311) ~[ozone-manager-1.3.0-SNAPSHOT.jar:?]
	at org.apache.hadoop.ozone.om.KeyManagerImpl.getFileStatus(KeyManagerImpl.java:1241) ~[ozone-manager-1.3.0-SNAPSHOT.jar:?]
	at org.apache.hadoop.ozone.om.OzoneManager.getFileStatus(OzoneManager.java:3419) ~[ozone-manager-1.3.0-SNAPSHOT.jar:?]
	at org.apache.hadoop.ozone.protocolPB.OzoneManagerRequestHandler.getOzoneFileStatus(OzoneManagerRequestHandler.java:871) ~[ozone-manager-1.3.0-SNAPSHOT.jar:?]
	at org.apache.hadoop.ozone.protocolPB.OzoneManagerRequestHandler.handleReadRequest(OzoneManagerRequestHandler.java:217) ~[ozone-manager-1.3.0-SNAPSHOT.jar:?]
	at org.apache.hadoop.ozone.protocolPB.OzoneManagerProtocolServerSideTranslatorPB.submitReadRequestToOM(OzoneManagerProtocolServerSideTranslatorPB.java:225) ~[ozone-manager-1.3.0-SNAPSHOT.jar:?]
	at org.apache.hadoop.ozone.protocolPB.OzoneManagerProtocolServerSideTranslatorPB.processRequest(OzoneManagerProtocolServerSideTranslatorPB.java:175) ~[ozone-manager-1.3.0-SNAPSHOT.jar:?]
	at org.apache.hadoop.hdds.server.OzoneProtocolMessageDispatcher.processRequest(OzoneProtocolMessageDispatcher.java:87) [hdds-server-framework-1.3.0-SNAPSHOT.jar:?]
	at org.apache.hadoop.ozone.protocolPB.OzoneManagerProtocolServerSideTranslatorPB.submitRequest(OzoneManagerProtocolServerSideTranslatorPB.java:147) [ozone-manager-1.3.0-SNAPSHOT.jar:?]
	at org.apache.hadoop.ozone.protocol.proto.OzoneManagerProtocolProtos$OzoneManagerService$2.callBlockingMethod(OzoneManagerProtocolProtos.java) [ozone-interface-client-1.3.0-SNAPSHOT.jar:?]
	at org.apache.hadoop.ipc.ProtobufRpcEngine$Server.processCall(ProtobufRpcEngine.java:466) [hadoop-common-3.3.1.jar:?]
	at org.apache.hadoop.ipc.ProtobufRpcEngine2$Server$ProtoBufRpcInvoker.call(ProtobufRpcEngine2.java:574) [hadoop-common-3.3.1.jar:?]
	at org.apache.hadoop.ipc.ProtobufRpcEngine2$Server$ProtoBufRpcInvoker.call(ProtobufRpcEngine2.java:552) [hadoop-common-3.3.1.jar:?]
	at org.apache.hadoop.ipc.RPC$Server.call(RPC.java:1093) [hadoop-common-3.3.1.jar:?]
	at org.apache.hadoop.ipc.Server$RpcCall.run(Server.java:1035) [hadoop-common-3.3.1.jar:?]
	at org.apache.hadoop.ipc.Server$RpcCall.run(Server.java:963) [hadoop-common-3.3.1.jar:?]
	at java.security.AccessController.doPrivileged(Native Method) ~[?:1.8.0_332]
	at javax.security.auth.Subject.doAs(Subject.java:422) [?:1.8.0_332]
	at org.apache.hadoop.security.UserGroupInformation.doAs(UserGroupInformation.java:1878) [hadoop-common-3.3.1.jar:?]
	at org.apache.hadoop.ipc.Server$Handler.run(Server.java:2966) [hadoop-common-3.3.1.jar:?]
13:52:52.778 [IPC Server handler 14 on default port 44727] ERROR OMAudit - user=runner | ip=127.0.0.1 | op=GET_FILE_STATUS {volume=volume19882, bucket=bucket92495, key=testBatchDelete/parent/child4, dataSize=0, replicationConfig=null} | ret=FAILURE
org.apache.hadoop.ozone.om.exceptions.OMException: Unable to get file status: volume: volume19882 bucket: bucket92495 key: testBatchDelete/parent/child4
	at org.apache.hadoop.ozone.om.KeyManagerImpl.getOzoneFileStatus(KeyManagerImpl.java:1311) ~[ozone-manager-1.3.0-SNAPSHOT.jar:?]
	at org.apache.hadoop.ozone.om.KeyManagerImpl.getFileStatus(KeyManagerImpl.java:1241) ~[ozone-manager-1.3.0-SNAPSHOT.jar:?]
	at org.apache.hadoop.ozone.om.OzoneManager.getFileStatus(OzoneManager.java:3419) ~[ozone-manager-1.3.0-SNAPSHOT.jar:?]
	at org.apache.hadoop.ozone.protocolPB.OzoneManagerRequestHandler.getOzoneFileStatus(OzoneManagerRequestHandler.java:871) ~[ozone-manager-1.3.0-SNAPSHOT.jar:?]
	at org.apache.hadoop.ozone.protocolPB.OzoneManagerRequestHandler.handleReadRequest(OzoneManagerRequestHandler.java:217) ~[ozone-manager-1.3.0-SNAPSHOT.jar:?]
	at org.apache.hadoop.ozone.protocolPB.OzoneManagerProtocolServerSideTranslatorPB.submitReadRequestToOM(OzoneManagerProtocolServerSideTranslatorPB.java:225) ~[ozone-manager-1.3.0-SNAPSHOT.jar:?]
	at org.apache.hadoop.ozone.protocolPB.OzoneManagerProtocolServerSideTranslatorPB.processRequest(OzoneManagerProtocolServerSideTranslatorPB.java:175) ~[ozone-manager-1.3.0-SNAPSHOT.jar:?]
	at org.apache.hadoop.hdds.server.OzoneProtocolMessageDispatcher.processRequest(OzoneProtocolMessageDispatcher.java:87) [hdds-server-framework-1.3.0-SNAPSHOT.jar:?]
	at org.apache.hadoop.ozone.protocolPB.OzoneManagerProtocolServerSideTranslatorPB.submitRequest(OzoneManagerProtocolServerSideTranslatorPB.java:147) [ozone-manager-1.3.0-SNAPSHOT.jar:?]
	at org.apache.hadoop.ozone.protocol.proto.OzoneManagerProtocolProtos$OzoneManagerService$2.callBlockingMethod(OzoneManagerProtocolProtos.java) [ozone-interface-client-1.3.0-SNAPSHOT.jar:?]
	at org.apache.hadoop.ipc.ProtobufRpcEngine$Server.processCall(ProtobufRpcEngine.java:466) [hadoop-common-3.3.1.jar:?]
	at org.apache.hadoop.ipc.ProtobufRpcEngine2$Server$ProtoBufRpcInvoker.call(ProtobufRpcEngine2.java:574) [hadoop-common-3.3.1.jar:?]
	at org.apache.hadoop.ipc.ProtobufRpcEngine2$Server$ProtoBufRpcInvoker.call(ProtobufRpcEngine2.java:552) [hadoop-common-3.3.1.jar:?]
	at org.apache.hadoop.ipc.RPC$Server.call(RPC.java:1093) [hadoop-common-3.3.1.jar:?]
	at org.apache.hadoop.ipc.Server$RpcCall.run(Server.java:1035) [hadoop-common-3.3.1.jar:?]
	at org.apache.hadoop.ipc.Server$RpcCall.run(Server.java:963) [hadoop-common-3.3.1.jar:?]
	at java.security.AccessController.doPrivileged(Native Method) ~[?:1.8.0_332]
	at javax.security.auth.Subject.doAs(Subject.java:422) [?:1.8.0_332]
	at org.apache.hadoop.security.UserGroupInformation.doAs(UserGroupInformation.java:1878) [hadoop-common-3.3.1.jar:?]
	at org.apache.hadoop.ipc.Server$Handler.run(Server.java:2966) [hadoop-common-3.3.1.jar:?]
13:52:52.780 [IPC Server handler 13 on default port 44727] ERROR OMAudit - user=runner | ip=127.0.0.1 | op=GET_FILE_STATUS {volume=volume19882, bucket=bucket92495, key=testBatchDelete/parent/childFolder/child4, dataSize=0, replicationConfig=null} | ret=FAILURE
org.apache.hadoop.ozone.om.exceptions.OMException: Unable to get file status: volume: volume19882 bucket: bucket92495 key: testBatchDelete/parent/childFolder/child4
	at org.apache.hadoop.ozone.om.KeyManagerImpl.getOzoneFileStatus(KeyManagerImpl.java:1311) ~[ozone-manager-1.3.0-SNAPSHOT.jar:?]
	at org.apache.hadoop.ozone.om.KeyManagerImpl.getFileStatus(KeyManagerImpl.java:1241) ~[ozone-manager-1.3.0-SNAPSHOT.jar:?]
	at org.apache.hadoop.ozone.om.OzoneManager.getFileStatus(OzoneManager.java:3419) ~[ozone-manager-1.3.0-SNAPSHOT.jar:?]
	at org.apache.hadoop.ozone.protocolPB.OzoneManagerRequestHandler.getOzoneFileStatus(OzoneManagerRequestHandler.java:871) ~[ozone-manager-1.3.0-SNAPSHOT.jar:?]
	at org.apache.hadoop.ozone.protocolPB.OzoneManagerRequestHandler.handleReadRequest(OzoneManagerRequestHandler.java:217) ~[ozone-manager-1.3.0-SNAPSHOT.jar:?]
	at org.apache.hadoop.ozone.protocolPB.OzoneManagerProtocolServerSideTranslatorPB.submitReadRequestToOM(OzoneManagerProtocolServerSideTranslatorPB.java:225) ~[ozone-manager-1.3.0-SNAPSHOT.jar:?]
	at org.apache.hadoop.ozone.protocolPB.OzoneManagerProtocolServerSideTranslatorPB.processRequest(OzoneManagerProtocolServerSideTranslatorPB.java:175) ~[ozone-manager-1.3.0-SNAPSHOT.jar:?]
	at org.apache.hadoop.hdds.server.OzoneProtocolMessageDispatcher.processRequest(OzoneProtocolMessageDispatcher.java:87) [hdds-server-framework-1.3.0-SNAPSHOT.jar:?]
	at org.apache.hadoop.ozone.protocolPB.OzoneManagerProtocolServerSideTranslatorPB.submitRequest(OzoneManagerProtocolServerSideTranslatorPB.java:147) [ozone-manager-1.3.0-SNAPSHOT.jar:?]
	at org.apache.hadoop.ozone.protocol.proto.OzoneManagerProtocolProtos$OzoneManagerService$2.callBlockingMethod(OzoneManagerProtocolProtos.java) [ozone-interface-client-1.3.0-SNAPSHOT.jar:?]
	at org.apache.hadoop.ipc.ProtobufRpcEngine$Server.processCall(ProtobufRpcEngine.java:466) [hadoop-common-3.3.1.jar:?]
	at org.apache.hadoop.ipc.ProtobufRpcEngine2$Server$ProtoBufRpcInvoker.call(ProtobufRpcEngine2.java:574) [hadoop-common-3.3.1.jar:?]
	at org.apache.hadoop.ipc.ProtobufRpcEngine2$Server$ProtoBufRpcInvoker.call(ProtobufRpcEngine2.java:552) [hadoop-common-3.3.1.jar:?]
	at org.apache.hadoop.ipc.RPC$Server.call(RPC.java:1093) [hadoop-common-3.3.1.jar:?]
	at org.apache.hadoop.ipc.Server$RpcCall.run(Server.java:1035) [hadoop-common-3.3.1.jar:?]
	at org.apache.hadoop.ipc.Server$RpcCall.run(Server.java:963) [hadoop-common-3.3.1.jar:?]
	at java.security.AccessController.doPrivileged(Native Method) ~[?:1.8.0_332]
	at javax.security.auth.Subject.doAs(Subject.java:422) [?:1.8.0_332]
	at org.apache.hadoop.security.UserGroupInformation.doAs(UserGroupInformation.java:1878) [hadoop-common-3.3.1.jar:?]
	at org.apache.hadoop.ipc.Server$Handler.run(Server.java:2966) [hadoop-common-3.3.1.jar:?]
13:52:52.781 [IPC Server handler 17 on default port 44727] ERROR OMAudit - user=runner | ip=127.0.0.1 | op=GET_FILE_STATUS {volume=volume19882, bucket=bucket92495, key=testBatchDelete/parent/child5, dataSize=0, replicationConfig=null} | ret=FAILURE
org.apache.hadoop.ozone.om.exceptions.OMException: Unable to get file status: volume: volume19882 bucket: bucket92495 key: testBatchDelete/parent/child5
	at org.apache.hadoop.ozone.om.KeyManagerImpl.getOzoneFileStatus(KeyManagerImpl.java:1311) ~[ozone-manager-1.3.0-SNAPSHOT.jar:?]
	at org.apache.hadoop.ozone.om.KeyManagerImpl.getFileStatus(KeyManagerImpl.java:1241) ~[ozone-manager-1.3.0-SNAPSHOT.jar:?]
	at org.apache.hadoop.ozone.om.OzoneManager.getFileStatus(OzoneManager.java:3419) ~[ozone-manager-1.3.0-SNAPSHOT.jar:?]
	at org.apache.hadoop.ozone.protocolPB.OzoneManagerRequestHandler.getOzoneFileStatus(OzoneManagerRequestHandler.java:871) ~[ozone-manager-1.3.0-SNAPSHOT.jar:?]
	at org.apache.hadoop.ozone.protocolPB.OzoneManagerRequestHandler.handleReadRequest(OzoneManagerRequestHandler.java:217) ~[ozone-manager-1.3.0-SNAPSHOT.jar:?]
	at org.apache.hadoop.ozone.protocolPB.OzoneManagerProtocolServerSideTranslatorPB.submitReadRequestToOM(OzoneManagerProtocolServerSideTranslatorPB.java:225) ~[ozone-manager-1.3.0-SNAPSHOT.jar:?]
	at org.apache.hadoop.ozone.protocolPB.OzoneManagerProtocolServerSideTranslatorPB.processRequest(OzoneManagerProtocolServerSideTranslatorPB.java:175) ~[ozone-manager-1.3.0-SNAPSHOT.jar:?]
	at org.apache.hadoop.hdds.server.OzoneProtocolMessageDispatcher.processRequest(OzoneProtocolMessageDispatcher.java:87) [hdds-server-framework-1.3.0-SNAPSHOT.jar:?]
	at org.apache.hadoop.ozone.protocolPB.OzoneManagerProtocolServerSideTranslatorPB.submitRequest(OzoneManagerProtocolServerSideTranslatorPB.java:147) [ozone-manager-1.3.0-SNAPSHOT.jar:?]
	at org.apache.hadoop.ozone.protocol.proto.OzoneManagerProtocolProtos$OzoneManagerService$2.callBlockingMethod(OzoneManagerProtocolProtos.java) [ozone-interface-client-1.3.0-SNAPSHOT.jar:?]
	at org.apache.hadoop.ipc.ProtobufRpcEngine$Server.processCall(ProtobufRpcEngine.java:466) [hadoop-common-3.3.1.jar:?]
	at org.apache.hadoop.ipc.ProtobufRpcEngine2$Server$ProtoBufRpcInvoker.call(ProtobufRpcEngine2.java:574) [hadoop-common-3.3.1.jar:?]
	at org.apache.hadoop.ipc.ProtobufRpcEngine2$Server$ProtoBufRpcInvoker.call(ProtobufRpcEngine2.java:552) [hadoop-common-3.3.1.jar:?]
	at org.apache.hadoop.ipc.RPC$Server.call(RPC.java:1093) [hadoop-common-3.3.1.jar:?]
	at org.apache.hadoop.ipc.Server$RpcCall.run(Server.java:1035) [hadoop-common-3.3.1.jar:?]
	at org.apache.hadoop.ipc.Server$RpcCall.run(Server.java:963) [hadoop-common-3.3.1.jar:?]
	at java.security.AccessController.doPrivileged(Native Method) ~[?:1.8.0_332]
	at javax.security.auth.Subject.doAs(Subject.java:422) [?:1.8.0_332]
	at org.apache.hadoop.security.UserGroupInformation.doAs(UserGroupInformation.java:1878) [hadoop-common-3.3.1.jar:?]
	at org.apache.hadoop.ipc.Server$Handler.run(Server.java:2966) [hadoop-common-3.3.1.jar:?]
13:52:52.782 [IPC Server handler 19 on default port 44727] ERROR OMAudit - user=runner | ip=127.0.0.1 | op=GET_FILE_STATUS {volume=volume19882, bucket=bucket92495, key=testBatchDelete/parent/childFolder/child5, dataSize=0, replicationConfig=null} | ret=FAILURE
org.apache.hadoop.ozone.om.exceptions.OMException: Unable to get file status: volume: volume19882 bucket: bucket92495 key: testBatchDelete/parent/childFolder/child5
	at org.apache.hadoop.ozone.om.KeyManagerImpl.getOzoneFileStatus(KeyManagerImpl.java:1311) ~[ozone-manager-1.3.0-SNAPSHOT.jar:?]
	at org.apache.hadoop.ozone.om.KeyManagerImpl.getFileStatus(KeyManagerImpl.java:1241) ~[ozone-manager-1.3.0-SNAPSHOT.jar:?]
	at org.apache.hadoop.ozone.om.OzoneManager.getFileStatus(OzoneManager.java:3419) ~[ozone-manager-1.3.0-SNAPSHOT.jar:?]
	at org.apache.hadoop.ozone.protocolPB.OzoneManagerRequestHandler.getOzoneFileStatus(OzoneManagerRequestHandler.java:871) ~[ozone-manager-1.3.0-SNAPSHOT.jar:?]
	at org.apache.hadoop.ozone.protocolPB.OzoneManagerRequestHandler.handleReadRequest(OzoneManagerRequestHandler.java:217) ~[ozone-manager-1.3.0-SNAPSHOT.jar:?]
	at org.apache.hadoop.ozone.protocolPB.OzoneManagerProtocolServerSideTranslatorPB.submitReadRequestToOM(OzoneManagerProtocolServerSideTranslatorPB.java:225) ~[ozone-manager-1.3.0-SNAPSHOT.jar:?]
	at org.apache.hadoop.ozone.protocolPB.OzoneManagerProtocolServerSideTranslatorPB.processRequest(OzoneManagerProtocolServerSideTranslatorPB.java:175) ~[ozone-manager-1.3.0-SNAPSHOT.jar:?]
	at org.apache.hadoop.hdds.server.OzoneProtocolMessageDispatcher.processRequest(OzoneProtocolMessageDispatcher.java:87) [hdds-server-framework-1.3.0-SNAPSHOT.jar:?]
	at org.apache.hadoop.ozone.protocolPB.OzoneManagerProtocolServerSideTranslatorPB.submitRequest(OzoneManagerProtocolServerSideTranslatorPB.java:147) [ozone-manager-1.3.0-SNAPSHOT.jar:?]
	at org.apache.hadoop.ozone.protocol.proto.OzoneManagerProtocolProtos$OzoneManagerService$2.callBlockingMethod(OzoneManagerProtocolProtos.java) [ozone-interface-client-1.3.0-SNAPSHOT.jar:?]
	at org.apache.hadoop.ipc.ProtobufRpcEngine$Server.processCall(ProtobufRpcEngine.java:466) [hadoop-common-3.3.1.jar:?]
	at org.apache.hadoop.ipc.ProtobufRpcEngine2$Server$ProtoBufRpcInvoker.call(ProtobufRpcEngine2.java:574) [hadoop-common-3.3.1.jar:?]
	at org.apache.hadoop.ipc.ProtobufRpcEngine2$Server$ProtoBufRpcInvoker.call(ProtobufRpcEngine2.java:552) [hadoop-common-3.3.1.jar:?]
	at org.apache.hadoop.ipc.RPC$Server.call(RPC.java:1093) [hadoop-common-3.3.1.jar:?]
	at org.apache.hadoop.ipc.Server$RpcCall.run(Server.java:1035) [hadoop-common-3.3.1.jar:?]
	at org.apache.hadoop.ipc.Server$RpcCall.run(Server.java:963) [hadoop-common-3.3.1.jar:?]
	at java.security.AccessController.doPrivileged(Native Method) ~[?:1.8.0_332]
	at javax.security.auth.Subject.doAs(Subject.java:422) [?:1.8.0_332]
	at org.apache.hadoop.security.UserGroupInformation.doAs(UserGroupInformation.java:1878) [hadoop-common-3.3.1.jar:?]
	at org.apache.hadoop.ipc.Server$Handler.run(Server.java:2966) [hadoop-common-3.3.1.jar:?]
13:52:52.783 [IPC Server handler 4 on default port 44727] ERROR OMAudit - user=runner | ip=127.0.0.1 | op=GET_FILE_STATUS {volume=volume19882, bucket=bucket92495, key=testBatchDelete/parent/child6, dataSize=0, replicationConfig=null} | ret=FAILURE
org.apache.hadoop.ozone.om.exceptions.OMException: Unable to get file status: volume: volume19882 bucket: bucket92495 key: testBatchDelete/parent/child6
	at org.apache.hadoop.ozone.om.KeyManagerImpl.getOzoneFileStatus(KeyManagerImpl.java:1311) ~[ozone-manager-1.3.0-SNAPSHOT.jar:?]
	at org.apache.hadoop.ozone.om.KeyManagerImpl.getFileStatus(KeyManagerImpl.java:1241) ~[ozone-manager-1.3.0-SNAPSHOT.jar:?]
	at org.apache.hadoop.ozone.om.OzoneManager.getFileStatus(OzoneManager.java:3419) ~[ozone-manager-1.3.0-SNAPSHOT.jar:?]
	at org.apache.hadoop.ozone.protocolPB.OzoneManagerRequestHandler.getOzoneFileStatus(OzoneManagerRequestHandler.java:871) ~[ozone-manager-1.3.0-SNAPSHOT.jar:?]
	at org.apache.hadoop.ozone.protocolPB.OzoneManagerRequestHandler.handleReadRequest(OzoneManagerRequestHandler.java:217) ~[ozone-manager-1.3.0-SNAPSHOT.jar:?]
	at org.apache.hadoop.ozone.protocolPB.OzoneManagerProtocolServerSideTranslatorPB.submitReadRequestToOM(OzoneManagerProtocolServerSideTranslatorPB.java:225) ~[ozone-manager-1.3.0-SNAPSHOT.jar:?]
	at org.apache.hadoop.ozone.protocolPB.OzoneManagerProtocolServerSideTranslatorPB.processRequest(OzoneManagerProtocolServerSideTranslatorPB.java:175) ~[ozone-manager-1.3.0-SNAPSHOT.jar:?]
	at org.apache.hadoop.hdds.server.OzoneProtocolMessageDispatcher.processRequest(OzoneProtocolMessageDispatcher.java:87) [hdds-server-framework-1.3.0-SNAPSHOT.jar:?]
	at org.apache.hadoop.ozone.protocolPB.OzoneManagerProtocolServerSideTranslatorPB.submitRequest(OzoneManagerProtocolServerSideTranslatorPB.java:147) [ozone-manager-1.3.0-SNAPSHOT.jar:?]
	at org.apache.hadoop.ozone.protocol.proto.OzoneManagerProtocolProtos$OzoneManagerService$2.callBlockingMethod(OzoneManagerProtocolProtos.java) [ozone-interface-client-1.3.0-SNAPSHOT.jar:?]
	at org.apache.hadoop.ipc.ProtobufRpcEngine$Server.processCall(ProtobufRpcEngine.java:466) [hadoop-common-3.3.1.jar:?]
	at org.apache.hadoop.ipc.ProtobufRpcEngine2$Server$ProtoBufRpcInvoker.call(ProtobufRpcEngine2.java:574) [hadoop-common-3.3.1.jar:?]
	at org.apache.hadoop.ipc.ProtobufRpcEngine2$Server$ProtoBufRpcInvoker.call(ProtobufRpcEngine2.java:552) [hadoop-common-3.3.1.jar:?]
	at org.apache.hadoop.ipc.RPC$Server.call(RPC.java:1093) [hadoop-common-3.3.1.jar:?]
	at org.apache.hadoop.ipc.Server$RpcCall.run(Server.java:1035) [hadoop-common-3.3.1.jar:?]
	at org.apache.hadoop.ipc.Server$RpcCall.run(Server.java:963) [hadoop-common-3.3.1.jar:?]
	at java.security.AccessController.doPrivileged(Native Method) ~[?:1.8.0_332]
	at javax.security.auth.Subject.doAs(Subject.java:422) [?:1.8.0_332]
	at org.apache.hadoop.security.UserGroupInformation.doAs(UserGroupInformation.java:1878) [hadoop-common-3.3.1.jar:?]
	at org.apache.hadoop.ipc.Server$Handler.run(Server.java:2966) [hadoop-common-3.3.1.jar:?]
13:52:52.785 [IPC Server handler 0 on default port 44727] ERROR OMAudit - user=runner | ip=127.0.0.1 | op=GET_FILE_STATUS {volume=volume19882, bucket=bucket92495, key=testBatchDelete/parent/childFolder/child6, dataSize=0, replicationConfig=null} | ret=FAILURE
org.apache.hadoop.ozone.om.exceptions.OMException: Unable to get file status: volume: volume19882 bucket: bucket92495 key: testBatchDelete/parent/childFolder/child6
	at org.apache.hadoop.ozone.om.KeyManagerImpl.getOzoneFileStatus(KeyManagerImpl.java:1311) ~[ozone-manager-1.3.0-SNAPSHOT.jar:?]
	at org.apache.hadoop.ozone.om.KeyManagerImpl.getFileStatus(KeyManagerImpl.java:1241) ~[ozone-manager-1.3.0-SNAPSHOT.jar:?]
	at org.apache.hadoop.ozone.om.OzoneManager.getFileStatus(OzoneManager.java:3419) ~[ozone-manager-1.3.0-SNAPSHOT.jar:?]
	at org.apache.hadoop.ozone.protocolPB.OzoneManagerRequestHandler.getOzoneFileStatus(OzoneManagerRequestHandler.java:871) ~[ozone-manager-1.3.0-SNAPSHOT.jar:?]
	at org.apache.hadoop.ozone.protocolPB.OzoneManagerRequestHandler.handleReadRequest(OzoneManagerRequestHandler.java:217) ~[ozone-manager-1.3.0-SNAPSHOT.jar:?]
	at org.apache.hadoop.ozone.protocolPB.OzoneManagerProtocolServerSideTranslatorPB.submitReadRequestToOM(OzoneManagerProtocolServerSideTranslatorPB.java:225) ~[ozone-manager-1.3.0-SNAPSHOT.jar:?]
	at org.apache.hadoop.ozone.protocolPB.OzoneManagerProtocolServerSideTranslatorPB.processRequest(OzoneManagerProtocolServerSideTranslatorPB.java:175) ~[ozone-manager-1.3.0-SNAPSHOT.jar:?]
	at org.apache.hadoop.hdds.server.OzoneProtocolMessageDispatcher.processRequest(OzoneProtocolMessageDispatcher.java:87) [hdds-server-framework-1.3.0-SNAPSHOT.jar:?]
	at org.apache.hadoop.ozone.protocolPB.OzoneManagerProtocolServerSideTranslatorPB.submitRequest(OzoneManagerProtocolServerSideTranslatorPB.java:147) [ozone-manager-1.3.0-SNAPSHOT.jar:?]
	at org.apache.hadoop.ozone.protocol.proto.OzoneManagerProtocolProtos$OzoneManagerService$2.callBlockingMethod(OzoneManagerProtocolProtos.java) [ozone-interface-client-1.3.0-SNAPSHOT.jar:?]
	at org.apache.hadoop.ipc.ProtobufRpcEngine$Server.processCall(ProtobufRpcEngine.java:466) [hadoop-common-3.3.1.jar:?]
	at org.apache.hadoop.ipc.ProtobufRpcEngine2$Server$ProtoBufRpcInvoker.call(ProtobufRpcEngine2.java:574) [hadoop-common-3.3.1.jar:?]
	at org.apache.hadoop.ipc.ProtobufRpcEngine2$Server$ProtoBufRpcInvoker.call(ProtobufRpcEngine2.java:552) [hadoop-common-3.3.1.jar:?]
	at org.apache.hadoop.ipc.RPC$Server.call(RPC.java:1093) [hadoop-common-3.3.1.jar:?]
	at org.apache.hadoop.ipc.Server$RpcCall.run(Server.java:1035) [hadoop-common-3.3.1.jar:?]
	at org.apache.hadoop.ipc.Server$RpcCall.run(Server.java:963) [hadoop-common-3.3.1.jar:?]
	at java.security.AccessController.doPrivileged(Native Method) ~[?:1.8.0_332]
	at javax.security.auth.Subject.doAs(Subject.java:422) [?:1.8.0_332]
	at org.apache.hadoop.security.UserGroupInformation.doAs(UserGroupInformation.java:1878) [hadoop-common-3.3.1.jar:?]
	at org.apache.hadoop.ipc.Server$Handler.run(Server.java:2966) [hadoop-common-3.3.1.jar:?]
13:52:52.786 [IPC Server handler 3 on default port 44727] ERROR OMAudit - user=runner | ip=127.0.0.1 | op=GET_FILE_STATUS {volume=volume19882, bucket=bucket92495, key=testBatchDelete/parent/child7, dataSize=0, replicationConfig=null} | ret=FAILURE
org.apache.hadoop.ozone.om.exceptions.OMException: Unable to get file status: volume: volume19882 bucket: bucket92495 key: testBatchDelete/parent/child7
	at org.apache.hadoop.ozone.om.KeyManagerImpl.getOzoneFileStatus(KeyManagerImpl.java:1311) ~[ozone-manager-1.3.0-SNAPSHOT.jar:?]
	at org.apache.hadoop.ozone.om.KeyManagerImpl.getFileStatus(KeyManagerImpl.java:1241) ~[ozone-manager-1.3.0-SNAPSHOT.jar:?]
	at org.apache.hadoop.ozone.om.OzoneManager.getFileStatus(OzoneManager.java:3419) ~[ozone-manager-1.3.0-SNAPSHOT.jar:?]
	at org.apache.hadoop.ozone.protocolPB.OzoneManagerRequestHandler.getOzoneFileStatus(OzoneManagerRequestHandler.java:871) ~[ozone-manager-1.3.0-SNAPSHOT.jar:?]
	at org.apache.hadoop.ozone.protocolPB.OzoneManagerRequestHandler.handleReadRequest(OzoneManagerRequestHandler.java:217) ~[ozone-manager-1.3.0-SNAPSHOT.jar:?]
	at org.apache.hadoop.ozone.protocolPB.OzoneManagerProtocolServerSideTranslatorPB.submitReadRequestToOM(OzoneManagerProtocolServerSideTranslatorPB.java:225) ~[ozone-manager-1.3.0-SNAPSHOT.jar:?]
	at org.apache.hadoop.ozone.protocolPB.OzoneManagerProtocolServerSideTranslatorPB.processRequest(OzoneManagerProtocolServerSideTranslatorPB.java:175) ~[ozone-manager-1.3.0-SNAPSHOT.jar:?]
	at org.apache.hadoop.hdds.server.OzoneProtocolMessageDispatcher.processRequest(OzoneProtocolMessageDispatcher.java:87) [hdds-server-framework-1.3.0-SNAPSHOT.jar:?]
	at org.apache.hadoop.ozone.protocolPB.OzoneManagerProtocolServerSideTranslatorPB.submitRequest(OzoneManagerProtocolServerSideTranslatorPB.java:147) [ozone-manager-1.3.0-SNAPSHOT.jar:?]
	at org.apache.hadoop.ozone.protocol.proto.OzoneManagerProtocolProtos$OzoneManagerService$2.callBlockingMethod(OzoneManagerProtocolProtos.java) [ozone-interface-client-1.3.0-SNAPSHOT.jar:?]
	at org.apache.hadoop.ipc.ProtobufRpcEngine$Server.processCall(ProtobufRpcEngine.java:466) [hadoop-common-3.3.1.jar:?]
	at org.apache.hadoop.ipc.ProtobufRpcEngine2$Server$ProtoBufRpcInvoker.call(ProtobufRpcEngine2.java:574) [hadoop-common-3.3.1.jar:?]
	at org.apache.hadoop.ipc.ProtobufRpcEngine2$Server$ProtoBufRpcInvoker.call(ProtobufRpcEngine2.java:552) [hadoop-common-3.3.1.jar:?]
	at org.apache.hadoop.ipc.RPC$Server.call(RPC.java:1093) [hadoop-common-3.3.1.jar:?]
	at org.apache.hadoop.ipc.Server$RpcCall.run(Server.java:1035) [hadoop-common-3.3.1.jar:?]
	at org.apache.hadoop.ipc.Server$RpcCall.run(Server.java:963) [hadoop-common-3.3.1.jar:?]
	at java.security.AccessController.doPrivileged(Native Method) ~[?:1.8.0_332]
	at javax.security.auth.Subject.doAs(Subject.java:422) [?:1.8.0_332]
	at org.apache.hadoop.security.UserGroupInformation.doAs(UserGroupInformation.java:1878) [hadoop-common-3.3.1.jar:?]
	at org.apache.hadoop.ipc.Server$Handler.run(Server.java:2966) [hadoop-common-3.3.1.jar:?]
13:52:52.789 [IPC Server handler 8 on default port 44727] ERROR OMAudit - user=runner | ip=127.0.0.1 | op=GET_FILE_STATUS {volume=volume19882, bucket=bucket92495, key=testBatchDelete/parent/childFolder/child7, dataSize=0, replicationConfig=null} | ret=FAILURE
org.apache.hadoop.ozone.om.exceptions.OMException: Unable to get file status: volume: volume19882 bucket: bucket92495 key: testBatchDelete/parent/childFolder/child7
	at org.apache.hadoop.ozone.om.KeyManagerImpl.getOzoneFileStatus(KeyManagerImpl.java:1311) ~[ozone-manager-1.3.0-SNAPSHOT.jar:?]
	at org.apache.hadoop.ozone.om.KeyManagerImpl.getFileStatus(KeyManagerImpl.java:1241) ~[ozone-manager-1.3.0-SNAPSHOT.jar:?]
	at org.apache.hadoop.ozone.om.OzoneManager.getFileStatus(OzoneManager.java:3419) ~[ozone-manager-1.3.0-SNAPSHOT.jar:?]
	at org.apache.hadoop.ozone.protocolPB.OzoneManagerRequestHandler.getOzoneFileStatus(OzoneManagerRequestHandler.java:871) ~[ozone-manager-1.3.0-SNAPSHOT.jar:?]
	at org.apache.hadoop.ozone.protocolPB.OzoneManagerRequestHandler.handleReadRequest(OzoneManagerRequestHandler.java:217) ~[ozone-manager-1.3.0-SNAPSHOT.jar:?]
	at org.apache.hadoop.ozone.protocolPB.OzoneManagerProtocolServerSideTranslatorPB.submitReadRequestToOM(OzoneManagerProtocolServerSideTranslatorPB.java:225) ~[ozone-manager-1.3.0-SNAPSHOT.jar:?]
	at org.apache.hadoop.ozone.protocolPB.OzoneManagerProtocolServerSideTranslatorPB.processRequest(OzoneManagerProtocolServerSideTranslatorPB.java:175) ~[ozone-manager-1.3.0-SNAPSHOT.jar:?]
	at org.apache.hadoop.hdds.server.OzoneProtocolMessageDispatcher.processRequest(OzoneProtocolMessageDispatcher.java:87) [hdds-server-framework-1.3.0-SNAPSHOT.jar:?]
	at org.apache.hadoop.ozone.protocolPB.OzoneManagerProtocolServerSideTranslatorPB.submitRequest(OzoneManagerProtocolServerSideTranslatorPB.java:147) [ozone-manager-1.3.0-SNAPSHOT.jar:?]
	at org.apache.hadoop.ozone.protocol.proto.OzoneManagerProtocolProtos$OzoneManagerService$2.callBlockingMethod(OzoneManagerProtocolProtos.java) [ozone-interface-client-1.3.0-SNAPSHOT.jar:?]
	at org.apache.hadoop.ipc.ProtobufRpcEngine$Server.processCall(ProtobufRpcEngine.java:466) [hadoop-common-3.3.1.jar:?]
	at org.apache.hadoop.ipc.ProtobufRpcEngine2$Server$ProtoBufRpcInvoker.call(ProtobufRpcEngine2.java:574) [hadoop-common-3.3.1.jar:?]
	at org.apache.hadoop.ipc.ProtobufRpcEngine2$Server$ProtoBufRpcInvoker.call(ProtobufRpcEngine2.java:552) [hadoop-common-3.3.1.jar:?]
	at org.apache.hadoop.ipc.RPC$Server.call(RPC.java:1093) [hadoop-common-3.3.1.jar:?]
	at org.apache.hadoop.ipc.Server$RpcCall.run(Server.java:1035) [hadoop-common-3.3.1.jar:?]
	at org.apache.hadoop.ipc.Server$RpcCall.run(Server.java:963) [hadoop-common-3.3.1.jar:?]
	at java.security.AccessController.doPrivileged(Native Method) ~[?:1.8.0_332]
	at javax.security.auth.Subject.doAs(Subject.java:422) [?:1.8.0_332]
	at org.apache.hadoop.security.UserGroupInformation.doAs(UserGroupInformation.java:1878) [hadoop-common-3.3.1.jar:?]
	at org.apache.hadoop.ipc.Server$Handler.run(Server.java:2966) [hadoop-common-3.3.1.jar:?]
13:52:52.790 [IPC Server handler 10 on default port 44727] ERROR OMAudit - user=runner | ip=127.0.0.1 | op=GET_FILE_STATUS {volume=volume19882, bucket=bucket92495, key=testBatchDelete/parent, dataSize=0, replicationConfig=null} | ret=FAILURE
org.apache.hadoop.ozone.om.exceptions.OMException: Unable to get file status: volume: volume19882 bucket: bucket92495 key: testBatchDelete/parent
	at org.apache.hadoop.ozone.om.KeyManagerImpl.getOzoneFileStatus(KeyManagerImpl.java:1311) ~[ozone-manager-1.3.0-SNAPSHOT.jar:?]
	at org.apache.hadoop.ozone.om.KeyManagerImpl.getFileStatus(KeyManagerImpl.java:1241) ~[ozone-manager-1.3.0-SNAPSHOT.jar:?]
	at org.apache.hadoop.ozone.om.OzoneManager.getFileStatus(OzoneManager.java:3419) ~[ozone-manager-1.3.0-SNAPSHOT.jar:?]
	at org.apache.hadoop.ozone.protocolPB.OzoneManagerRequestHandler.getOzoneFileStatus(OzoneManagerRequestHandler.java:871) ~[ozone-manager-1.3.0-SNAPSHOT.jar:?]
	at org.apache.hadoop.ozone.protocolPB.OzoneManagerRequestHandler.handleReadRequest(OzoneManagerRequestHandler.java:217) ~[ozone-manager-1.3.0-SNAPSHOT.jar:?]
	at org.apache.hadoop.ozone.protocolPB.OzoneManagerProtocolServerSideTranslatorPB.submitReadRequestToOM(OzoneManagerProtocolServerSideTranslatorPB.java:225) ~[ozone-manager-1.3.0-SNAPSHOT.jar:?]
	at org.apache.hadoop.ozone.protocolPB.OzoneManagerProtocolServerSideTranslatorPB.processRequest(OzoneManagerProtocolServerSideTranslatorPB.java:175) ~[ozone-manager-1.3.0-SNAPSHOT.jar:?]
	at org.apache.hadoop.hdds.server.OzoneProtocolMessageDispatcher.processRequest(OzoneProtocolMessageDispatcher.java:87) [hdds-server-framework-1.3.0-SNAPSHOT.jar:?]
	at org.apache.hadoop.ozone.protocolPB.OzoneManagerProtocolServerSideTranslatorPB.submitRequest(OzoneManagerProtocolServerSideTranslatorPB.java:147) [ozone-manager-1.3.0-SNAPSHOT.jar:?]
	at org.apache.hadoop.ozone.protocol.proto.OzoneManagerProtocolProtos$OzoneManagerService$2.callBlockingMethod(OzoneManagerProtocolProtos.java) [ozone-interface-client-1.3.0-SNAPSHOT.jar:?]
	at org.apache.hadoop.ipc.ProtobufRpcEngine$Server.processCall(ProtobufRpcEngine.java:466) [hadoop-common-3.3.1.jar:?]
	at org.apache.hadoop.ipc.ProtobufRpcEngine2$Server$ProtoBufRpcInvoker.call(ProtobufRpcEngine2.java:574) [hadoop-common-3.3.1.jar:?]
	at org.apache.hadoop.ipc.ProtobufRpcEngine2$Server$ProtoBufRpcInvoker.call(ProtobufRpcEngine2.java:552) [hadoop-common-3.3.1.jar:?]
	at org.apache.hadoop.ipc.RPC$Server.call(RPC.java:1093) [hadoop-common-3.3.1.jar:?]
	at org.apache.hadoop.ipc.Server$RpcCall.run(Server.java:1035) [hadoop-common-3.3.1.jar:?]
	at org.apache.hadoop.ipc.Server$RpcCall.run(Server.java:963) [hadoop-common-3.3.1.jar:?]
	at java.security.AccessController.doPrivileged(Native Method) ~[?:1.8.0_332]
	at javax.security.auth.Subject.doAs(Subject.java:422) [?:1.8.0_332]
	at org.apache.hadoop.security.UserGroupInformation.doAs(UserGroupInformation.java:1878) [hadoop-common-3.3.1.jar:?]
	at org.apache.hadoop.ipc.Server$Handler.run(Server.java:2966) [hadoop-common-3.3.1.jar:?]
2022-06-21 13:52:52,791 [Time-limited test] WARN  ozone.BasicOzoneFileSystem (BasicOzoneFileSystem.java:delete(532)) - delete: Path does not exist: /testBatchDelete/parent
]]></system-out>
  </testcase>
  <testcase name="testFileDelete" classname="TestOzoneFileSystem" time="0.11">
    <system-out><![CDATA[13:54:01.184 [IPC Server handler 1 on default port 34499] ERROR OMAudit - user=runner | ip=127.0.0.1 | op=GET_FILE_STATUS {volume=volume69434, bucket=bucket16378, key=testBatchDelete, dataSize=0, replicationConfig=null} | ret=FAILURE
org.apache.hadoop.ozone.om.exceptions.OMException: Unable to get file status: volume: volume69434 bucket: bucket16378 key: testBatchDelete
	at org.apache.hadoop.ozone.om.KeyManagerImpl.getOzoneFileStatus(KeyManagerImpl.java:1311) ~[ozone-manager-1.3.0-SNAPSHOT.jar:?]
	at org.apache.hadoop.ozone.om.KeyManagerImpl.getFileStatus(KeyManagerImpl.java:1241) ~[ozone-manager-1.3.0-SNAPSHOT.jar:?]
	at org.apache.hadoop.ozone.om.OzoneManager.getFileStatus(OzoneManager.java:3419) ~[ozone-manager-1.3.0-SNAPSHOT.jar:?]
	at org.apache.hadoop.ozone.protocolPB.OzoneManagerRequestHandler.getOzoneFileStatus(OzoneManagerRequestHandler.java:871) ~[ozone-manager-1.3.0-SNAPSHOT.jar:?]
	at org.apache.hadoop.ozone.protocolPB.OzoneManagerRequestHandler.handleReadRequest(OzoneManagerRequestHandler.java:217) ~[ozone-manager-1.3.0-SNAPSHOT.jar:?]
	at org.apache.hadoop.ozone.protocolPB.OzoneManagerProtocolServerSideTranslatorPB.submitRequestDirectlyToOM(OzoneManagerProtocolServerSideTranslatorPB.java:284) ~[ozone-manager-1.3.0-SNAPSHOT.jar:?]
	at org.apache.hadoop.ozone.protocolPB.OzoneManagerProtocolServerSideTranslatorPB.processRequest(OzoneManagerProtocolServerSideTranslatorPB.java:207) ~[ozone-manager-1.3.0-SNAPSHOT.jar:?]
	at org.apache.hadoop.hdds.server.OzoneProtocolMessageDispatcher.processRequest(OzoneProtocolMessageDispatcher.java:87) [hdds-server-framework-1.3.0-SNAPSHOT.jar:?]
	at org.apache.hadoop.ozone.protocolPB.OzoneManagerProtocolServerSideTranslatorPB.submitRequest(OzoneManagerProtocolServerSideTranslatorPB.java:147) [ozone-manager-1.3.0-SNAPSHOT.jar:?]
	at org.apache.hadoop.ozone.protocol.proto.OzoneManagerProtocolProtos$OzoneManagerService$2.callBlockingMethod(OzoneManagerProtocolProtos.java) [ozone-interface-client-1.3.0-SNAPSHOT.jar:?]
	at org.apache.hadoop.ipc.ProtobufRpcEngine$Server.processCall(ProtobufRpcEngine.java:466) [hadoop-common-3.3.1.jar:?]
	at org.apache.hadoop.ipc.ProtobufRpcEngine2$Server$ProtoBufRpcInvoker.call(ProtobufRpcEngine2.java:574) [hadoop-common-3.3.1.jar:?]
	at org.apache.hadoop.ipc.ProtobufRpcEngine2$Server$ProtoBufRpcInvoker.call(ProtobufRpcEngine2.java:552) [hadoop-common-3.3.1.jar:?]
	at org.apache.hadoop.ipc.RPC$Server.call(RPC.java:1093) [hadoop-common-3.3.1.jar:?]
	at org.apache.hadoop.ipc.Server$RpcCall.run(Server.java:1035) [hadoop-common-3.3.1.jar:?]
	at org.apache.hadoop.ipc.Server$RpcCall.run(Server.java:963) [hadoop-common-3.3.1.jar:?]
	at java.security.AccessController.doPrivileged(Native Method) ~[?:1.8.0_332]
	at javax.security.auth.Subject.doAs(Subject.java:422) [?:1.8.0_332]
	at org.apache.hadoop.security.UserGroupInformation.doAs(UserGroupInformation.java:1878) [hadoop-common-3.3.1.jar:?]
	at org.apache.hadoop.ipc.Server$Handler.run(Server.java:2966) [hadoop-common-3.3.1.jar:?]
13:54:01.185 [IPC Server handler 2 on default port 34499] ERROR OMAudit - user=runner | ip=127.0.0.1 | op=GET_FILE_STATUS {volume=volume69434, bucket=bucket16378, key=testBatchDelete/parent/child0, dataSize=0, replicationConfig=null} | ret=FAILURE
org.apache.hadoop.ozone.om.exceptions.OMException: Unable to get file status: volume: volume69434 bucket: bucket16378 key: testBatchDelete/parent/child0
	at org.apache.hadoop.ozone.om.KeyManagerImpl.getOzoneFileStatus(KeyManagerImpl.java:1311) ~[ozone-manager-1.3.0-SNAPSHOT.jar:?]
	at org.apache.hadoop.ozone.om.KeyManagerImpl.getFileStatus(KeyManagerImpl.java:1241) ~[ozone-manager-1.3.0-SNAPSHOT.jar:?]
	at org.apache.hadoop.ozone.om.OzoneManager.getFileStatus(OzoneManager.java:3419) ~[ozone-manager-1.3.0-SNAPSHOT.jar:?]
	at org.apache.hadoop.ozone.protocolPB.OzoneManagerRequestHandler.getOzoneFileStatus(OzoneManagerRequestHandler.java:871) ~[ozone-manager-1.3.0-SNAPSHOT.jar:?]
	at org.apache.hadoop.ozone.protocolPB.OzoneManagerRequestHandler.handleReadRequest(OzoneManagerRequestHandler.java:217) ~[ozone-manager-1.3.0-SNAPSHOT.jar:?]
	at org.apache.hadoop.ozone.protocolPB.OzoneManagerProtocolServerSideTranslatorPB.submitRequestDirectlyToOM(OzoneManagerProtocolServerSideTranslatorPB.java:284) ~[ozone-manager-1.3.0-SNAPSHOT.jar:?]
	at org.apache.hadoop.ozone.protocolPB.OzoneManagerProtocolServerSideTranslatorPB.processRequest(OzoneManagerProtocolServerSideTranslatorPB.java:207) ~[ozone-manager-1.3.0-SNAPSHOT.jar:?]
	at org.apache.hadoop.hdds.server.OzoneProtocolMessageDispatcher.processRequest(OzoneProtocolMessageDispatcher.java:87) [hdds-server-framework-1.3.0-SNAPSHOT.jar:?]
	at org.apache.hadoop.ozone.protocolPB.OzoneManagerProtocolServerSideTranslatorPB.submitRequest(OzoneManagerProtocolServerSideTranslatorPB.java:147) [ozone-manager-1.3.0-SNAPSHOT.jar:?]
	at org.apache.hadoop.ozone.protocol.proto.OzoneManagerProtocolProtos$OzoneManagerService$2.callBlockingMethod(OzoneManagerProtocolProtos.java) [ozone-interface-client-1.3.0-SNAPSHOT.jar:?]
	at org.apache.hadoop.ipc.ProtobufRpcEngine$Server.processCall(ProtobufRpcEngine.java:466) [hadoop-common-3.3.1.jar:?]
	at org.apache.hadoop.ipc.ProtobufRpcEngine2$Server$ProtoBufRpcInvoker.call(ProtobufRpcEngine2.java:574) [hadoop-common-3.3.1.jar:?]
	at org.apache.hadoop.ipc.ProtobufRpcEngine2$Server$ProtoBufRpcInvoker.call(ProtobufRpcEngine2.java:552) [hadoop-common-3.3.1.jar:?]
	at org.apache.hadoop.ipc.RPC$Server.call(RPC.java:1093) [hadoop-common-3.3.1.jar:?]
	at org.apache.hadoop.ipc.Server$RpcCall.run(Server.java:1035) [hadoop-common-3.3.1.jar:?]
	at org.apache.hadoop.ipc.Server$RpcCall.run(Server.java:963) [hadoop-common-3.3.1.jar:?]
	at java.security.AccessController.doPrivileged(Native Method) ~[?:1.8.0_332]
	at javax.security.auth.Subject.doAs(Subject.java:422) [?:1.8.0_332]
	at org.apache.hadoop.security.UserGroupInformation.doAs(UserGroupInformation.java:1878) [hadoop-common-3.3.1.jar:?]
	at org.apache.hadoop.ipc.Server$Handler.run(Server.java:2966) [hadoop-common-3.3.1.jar:?]
13:54:01.185 [IPC Server handler 3 on default port 34499] ERROR OMAudit - user=runner | ip=127.0.0.1 | op=GET_FILE_STATUS {volume=volume69434, bucket=bucket16378, key=testBatchDelete/parent/childFolder/child0, dataSize=0, replicationConfig=null} | ret=FAILURE
org.apache.hadoop.ozone.om.exceptions.OMException: Unable to get file status: volume: volume69434 bucket: bucket16378 key: testBatchDelete/parent/childFolder/child0
	at org.apache.hadoop.ozone.om.KeyManagerImpl.getOzoneFileStatus(KeyManagerImpl.java:1311) ~[ozone-manager-1.3.0-SNAPSHOT.jar:?]
	at org.apache.hadoop.ozone.om.KeyManagerImpl.getFileStatus(KeyManagerImpl.java:1241) ~[ozone-manager-1.3.0-SNAPSHOT.jar:?]
	at org.apache.hadoop.ozone.om.OzoneManager.getFileStatus(OzoneManager.java:3419) ~[ozone-manager-1.3.0-SNAPSHOT.jar:?]
	at org.apache.hadoop.ozone.protocolPB.OzoneManagerRequestHandler.getOzoneFileStatus(OzoneManagerRequestHandler.java:871) ~[ozone-manager-1.3.0-SNAPSHOT.jar:?]
	at org.apache.hadoop.ozone.protocolPB.OzoneManagerRequestHandler.handleReadRequest(OzoneManagerRequestHandler.java:217) ~[ozone-manager-1.3.0-SNAPSHOT.jar:?]
	at org.apache.hadoop.ozone.protocolPB.OzoneManagerProtocolServerSideTranslatorPB.submitRequestDirectlyToOM(OzoneManagerProtocolServerSideTranslatorPB.java:284) ~[ozone-manager-1.3.0-SNAPSHOT.jar:?]
	at org.apache.hadoop.ozone.protocolPB.OzoneManagerProtocolServerSideTranslatorPB.processRequest(OzoneManagerProtocolServerSideTranslatorPB.java:207) ~[ozone-manager-1.3.0-SNAPSHOT.jar:?]
	at org.apache.hadoop.hdds.server.OzoneProtocolMessageDispatcher.processRequest(OzoneProtocolMessageDispatcher.java:87) [hdds-server-framework-1.3.0-SNAPSHOT.jar:?]
	at org.apache.hadoop.ozone.protocolPB.OzoneManagerProtocolServerSideTranslatorPB.submitRequest(OzoneManagerProtocolServerSideTranslatorPB.java:147) [ozone-manager-1.3.0-SNAPSHOT.jar:?]
	at org.apache.hadoop.ozone.protocol.proto.OzoneManagerProtocolProtos$OzoneManagerService$2.callBlockingMethod(OzoneManagerProtocolProtos.java) [ozone-interface-client-1.3.0-SNAPSHOT.jar:?]
	at org.apache.hadoop.ipc.ProtobufRpcEngine$Server.processCall(ProtobufRpcEngine.java:466) [hadoop-common-3.3.1.jar:?]
	at org.apache.hadoop.ipc.ProtobufRpcEngine2$Server$ProtoBufRpcInvoker.call(ProtobufRpcEngine2.java:574) [hadoop-common-3.3.1.jar:?]
	at org.apache.hadoop.ipc.ProtobufRpcEngine2$Server$ProtoBufRpcInvoker.call(ProtobufRpcEngine2.java:552) [hadoop-common-3.3.1.jar:?]
	at org.apache.hadoop.ipc.RPC$Server.call(RPC.java:1093) [hadoop-common-3.3.1.jar:?]
	at org.apache.hadoop.ipc.Server$RpcCall.run(Server.java:1035) [hadoop-common-3.3.1.jar:?]
	at org.apache.hadoop.ipc.Server$RpcCall.run(Server.java:963) [hadoop-common-3.3.1.jar:?]
	at java.security.AccessController.doPrivileged(Native Method) ~[?:1.8.0_332]
	at javax.security.auth.Subject.doAs(Subject.java:422) [?:1.8.0_332]
	at org.apache.hadoop.security.UserGroupInformation.doAs(UserGroupInformation.java:1878) [hadoop-common-3.3.1.jar:?]
	at org.apache.hadoop.ipc.Server$Handler.run(Server.java:2966) [hadoop-common-3.3.1.jar:?]
13:54:01.186 [IPC Server handler 4 on default port 34499] ERROR OMAudit - user=runner | ip=127.0.0.1 | op=GET_FILE_STATUS {volume=volume69434, bucket=bucket16378, key=testBatchDelete/parent/child1, dataSize=0, replicationConfig=null} | ret=FAILURE
org.apache.hadoop.ozone.om.exceptions.OMException: Unable to get file status: volume: volume69434 bucket: bucket16378 key: testBatchDelete/parent/child1
	at org.apache.hadoop.ozone.om.KeyManagerImpl.getOzoneFileStatus(KeyManagerImpl.java:1311) ~[ozone-manager-1.3.0-SNAPSHOT.jar:?]
	at org.apache.hadoop.ozone.om.KeyManagerImpl.getFileStatus(KeyManagerImpl.java:1241) ~[ozone-manager-1.3.0-SNAPSHOT.jar:?]
	at org.apache.hadoop.ozone.om.OzoneManager.getFileStatus(OzoneManager.java:3419) ~[ozone-manager-1.3.0-SNAPSHOT.jar:?]
	at org.apache.hadoop.ozone.protocolPB.OzoneManagerRequestHandler.getOzoneFileStatus(OzoneManagerRequestHandler.java:871) ~[ozone-manager-1.3.0-SNAPSHOT.jar:?]
	at org.apache.hadoop.ozone.protocolPB.OzoneManagerRequestHandler.handleReadRequest(OzoneManagerRequestHandler.java:217) ~[ozone-manager-1.3.0-SNAPSHOT.jar:?]
	at org.apache.hadoop.ozone.protocolPB.OzoneManagerProtocolServerSideTranslatorPB.submitRequestDirectlyToOM(OzoneManagerProtocolServerSideTranslatorPB.java:284) ~[ozone-manager-1.3.0-SNAPSHOT.jar:?]
	at org.apache.hadoop.ozone.protocolPB.OzoneManagerProtocolServerSideTranslatorPB.processRequest(OzoneManagerProtocolServerSideTranslatorPB.java:207) ~[ozone-manager-1.3.0-SNAPSHOT.jar:?]
	at org.apache.hadoop.hdds.server.OzoneProtocolMessageDispatcher.processRequest(OzoneProtocolMessageDispatcher.java:87) [hdds-server-framework-1.3.0-SNAPSHOT.jar:?]
	at org.apache.hadoop.ozone.protocolPB.OzoneManagerProtocolServerSideTranslatorPB.submitRequest(OzoneManagerProtocolServerSideTranslatorPB.java:147) [ozone-manager-1.3.0-SNAPSHOT.jar:?]
	at org.apache.hadoop.ozone.protocol.proto.OzoneManagerProtocolProtos$OzoneManagerService$2.callBlockingMethod(OzoneManagerProtocolProtos.java) [ozone-interface-client-1.3.0-SNAPSHOT.jar:?]
	at org.apache.hadoop.ipc.ProtobufRpcEngine$Server.processCall(ProtobufRpcEngine.java:466) [hadoop-common-3.3.1.jar:?]
	at org.apache.hadoop.ipc.ProtobufRpcEngine2$Server$ProtoBufRpcInvoker.call(ProtobufRpcEngine2.java:574) [hadoop-common-3.3.1.jar:?]
	at org.apache.hadoop.ipc.ProtobufRpcEngine2$Server$ProtoBufRpcInvoker.call(ProtobufRpcEngine2.java:552) [hadoop-common-3.3.1.jar:?]
	at org.apache.hadoop.ipc.RPC$Server.call(RPC.java:1093) [hadoop-common-3.3.1.jar:?]
	at org.apache.hadoop.ipc.Server$RpcCall.run(Server.java:1035) [hadoop-common-3.3.1.jar:?]
	at org.apache.hadoop.ipc.Server$RpcCall.run(Server.java:963) [hadoop-common-3.3.1.jar:?]
	at java.security.AccessController.doPrivileged(Native Method) ~[?:1.8.0_332]
	at javax.security.auth.Subject.doAs(Subject.java:422) [?:1.8.0_332]
	at org.apache.hadoop.security.UserGroupInformation.doAs(UserGroupInformation.java:1878) [hadoop-common-3.3.1.jar:?]
	at org.apache.hadoop.ipc.Server$Handler.run(Server.java:2966) [hadoop-common-3.3.1.jar:?]
13:54:01.187 [IPC Server handler 9 on default port 34499] ERROR OMAudit - user=runner | ip=127.0.0.1 | op=GET_FILE_STATUS {volume=volume69434, bucket=bucket16378, key=testBatchDelete/parent/childFolder/child1, dataSize=0, replicationConfig=null} | ret=FAILURE
org.apache.hadoop.ozone.om.exceptions.OMException: Unable to get file status: volume: volume69434 bucket: bucket16378 key: testBatchDelete/parent/childFolder/child1
	at org.apache.hadoop.ozone.om.KeyManagerImpl.getOzoneFileStatus(KeyManagerImpl.java:1311) ~[ozone-manager-1.3.0-SNAPSHOT.jar:?]
	at org.apache.hadoop.ozone.om.KeyManagerImpl.getFileStatus(KeyManagerImpl.java:1241) ~[ozone-manager-1.3.0-SNAPSHOT.jar:?]
	at org.apache.hadoop.ozone.om.OzoneManager.getFileStatus(OzoneManager.java:3419) ~[ozone-manager-1.3.0-SNAPSHOT.jar:?]
	at org.apache.hadoop.ozone.protocolPB.OzoneManagerRequestHandler.getOzoneFileStatus(OzoneManagerRequestHandler.java:871) ~[ozone-manager-1.3.0-SNAPSHOT.jar:?]
	at org.apache.hadoop.ozone.protocolPB.OzoneManagerRequestHandler.handleReadRequest(OzoneManagerRequestHandler.java:217) ~[ozone-manager-1.3.0-SNAPSHOT.jar:?]
	at org.apache.hadoop.ozone.protocolPB.OzoneManagerProtocolServerSideTranslatorPB.submitRequestDirectlyToOM(OzoneManagerProtocolServerSideTranslatorPB.java:284) ~[ozone-manager-1.3.0-SNAPSHOT.jar:?]
	at org.apache.hadoop.ozone.protocolPB.OzoneManagerProtocolServerSideTranslatorPB.processRequest(OzoneManagerProtocolServerSideTranslatorPB.java:207) ~[ozone-manager-1.3.0-SNAPSHOT.jar:?]
	at org.apache.hadoop.hdds.server.OzoneProtocolMessageDispatcher.processRequest(OzoneProtocolMessageDispatcher.java:87) [hdds-server-framework-1.3.0-SNAPSHOT.jar:?]
	at org.apache.hadoop.ozone.protocolPB.OzoneManagerProtocolServerSideTranslatorPB.submitRequest(OzoneManagerProtocolServerSideTranslatorPB.java:147) [ozone-manager-1.3.0-SNAPSHOT.jar:?]
	at org.apache.hadoop.ozone.protocol.proto.OzoneManagerProtocolProtos$OzoneManagerService$2.callBlockingMethod(OzoneManagerProtocolProtos.java) [ozone-interface-client-1.3.0-SNAPSHOT.jar:?]
	at org.apache.hadoop.ipc.ProtobufRpcEngine$Server.processCall(ProtobufRpcEngine.java:466) [hadoop-common-3.3.1.jar:?]
	at org.apache.hadoop.ipc.ProtobufRpcEngine2$Server$ProtoBufRpcInvoker.call(ProtobufRpcEngine2.java:574) [hadoop-common-3.3.1.jar:?]
	at org.apache.hadoop.ipc.ProtobufRpcEngine2$Server$ProtoBufRpcInvoker.call(ProtobufRpcEngine2.java:552) [hadoop-common-3.3.1.jar:?]
	at org.apache.hadoop.ipc.RPC$Server.call(RPC.java:1093) [hadoop-common-3.3.1.jar:?]
	at org.apache.hadoop.ipc.Server$RpcCall.run(Server.java:1035) [hadoop-common-3.3.1.jar:?]
	at org.apache.hadoop.ipc.Server$RpcCall.run(Server.java:963) [hadoop-common-3.3.1.jar:?]
	at java.security.AccessController.doPrivileged(Native Method) ~[?:1.8.0_332]
	at javax.security.auth.Subject.doAs(Subject.java:422) [?:1.8.0_332]
	at org.apache.hadoop.security.UserGroupInformation.doAs(UserGroupInformation.java:1878) [hadoop-common-3.3.1.jar:?]
	at org.apache.hadoop.ipc.Server$Handler.run(Server.java:2966) [hadoop-common-3.3.1.jar:?]
13:54:01.195 [IPC Server handler 10 on default port 34499] ERROR OMAudit - user=runner | ip=127.0.0.1 | op=GET_FILE_STATUS {volume=volume69434, bucket=bucket16378, key=testBatchDelete/parent/child2, dataSize=0, replicationConfig=null} | ret=FAILURE
org.apache.hadoop.ozone.om.exceptions.OMException: Unable to get file status: volume: volume69434 bucket: bucket16378 key: testBatchDelete/parent/child2
	at org.apache.hadoop.ozone.om.KeyManagerImpl.getOzoneFileStatus(KeyManagerImpl.java:1311) ~[ozone-manager-1.3.0-SNAPSHOT.jar:?]
	at org.apache.hadoop.ozone.om.KeyManagerImpl.getFileStatus(KeyManagerImpl.java:1241) ~[ozone-manager-1.3.0-SNAPSHOT.jar:?]
	at org.apache.hadoop.ozone.om.OzoneManager.getFileStatus(OzoneManager.java:3419) ~[ozone-manager-1.3.0-SNAPSHOT.jar:?]
	at org.apache.hadoop.ozone.protocolPB.OzoneManagerRequestHandler.getOzoneFileStatus(OzoneManagerRequestHandler.java:871) ~[ozone-manager-1.3.0-SNAPSHOT.jar:?]
	at org.apache.hadoop.ozone.protocolPB.OzoneManagerRequestHandler.handleReadRequest(OzoneManagerRequestHandler.java:217) ~[ozone-manager-1.3.0-SNAPSHOT.jar:?]
	at org.apache.hadoop.ozone.protocolPB.OzoneManagerProtocolServerSideTranslatorPB.submitRequestDirectlyToOM(OzoneManagerProtocolServerSideTranslatorPB.java:284) ~[ozone-manager-1.3.0-SNAPSHOT.jar:?]
	at org.apache.hadoop.ozone.protocolPB.OzoneManagerProtocolServerSideTranslatorPB.processRequest(OzoneManagerProtocolServerSideTranslatorPB.java:207) ~[ozone-manager-1.3.0-SNAPSHOT.jar:?]
	at org.apache.hadoop.hdds.server.OzoneProtocolMessageDispatcher.processRequest(OzoneProtocolMessageDispatcher.java:87) [hdds-server-framework-1.3.0-SNAPSHOT.jar:?]
	at org.apache.hadoop.ozone.protocolPB.OzoneManagerProtocolServerSideTranslatorPB.submitRequest(OzoneManagerProtocolServerSideTranslatorPB.java:147) [ozone-manager-1.3.0-SNAPSHOT.jar:?]
	at org.apache.hadoop.ozone.protocol.proto.OzoneManagerProtocolProtos$OzoneManagerService$2.callBlockingMethod(OzoneManagerProtocolProtos.java) [ozone-interface-client-1.3.0-SNAPSHOT.jar:?]
	at org.apache.hadoop.ipc.ProtobufRpcEngine$Server.processCall(ProtobufRpcEngine.java:466) [hadoop-common-3.3.1.jar:?]
	at org.apache.hadoop.ipc.ProtobufRpcEngine2$Server$ProtoBufRpcInvoker.call(ProtobufRpcEngine2.java:574) [hadoop-common-3.3.1.jar:?]
	at org.apache.hadoop.ipc.ProtobufRpcEngine2$Server$ProtoBufRpcInvoker.call(ProtobufRpcEngine2.java:552) [hadoop-common-3.3.1.jar:?]
	at org.apache.hadoop.ipc.RPC$Server.call(RPC.java:1093) [hadoop-common-3.3.1.jar:?]
	at org.apache.hadoop.ipc.Server$RpcCall.run(Server.java:1035) [hadoop-common-3.3.1.jar:?]
	at org.apache.hadoop.ipc.Server$RpcCall.run(Server.java:963) [hadoop-common-3.3.1.jar:?]
	at java.security.AccessController.doPrivileged(Native Method) ~[?:1.8.0_332]
	at javax.security.auth.Subject.doAs(Subject.java:422) [?:1.8.0_332]
	at org.apache.hadoop.security.UserGroupInformation.doAs(UserGroupInformation.java:1878) [hadoop-common-3.3.1.jar:?]
	at org.apache.hadoop.ipc.Server$Handler.run(Server.java:2966) [hadoop-common-3.3.1.jar:?]
13:54:01.197 [IPC Server handler 11 on default port 34499] ERROR OMAudit - user=runner | ip=127.0.0.1 | op=GET_FILE_STATUS {volume=volume69434, bucket=bucket16378, key=testBatchDelete/parent/childFolder/child2, dataSize=0, replicationConfig=null} | ret=FAILURE
org.apache.hadoop.ozone.om.exceptions.OMException: Unable to get file status: volume: volume69434 bucket: bucket16378 key: testBatchDelete/parent/childFolder/child2
	at org.apache.hadoop.ozone.om.KeyManagerImpl.getOzoneFileStatus(KeyManagerImpl.java:1311) ~[ozone-manager-1.3.0-SNAPSHOT.jar:?]
	at org.apache.hadoop.ozone.om.KeyManagerImpl.getFileStatus(KeyManagerImpl.java:1241) ~[ozone-manager-1.3.0-SNAPSHOT.jar:?]
	at org.apache.hadoop.ozone.om.OzoneManager.getFileStatus(OzoneManager.java:3419) ~[ozone-manager-1.3.0-SNAPSHOT.jar:?]
	at org.apache.hadoop.ozone.protocolPB.OzoneManagerRequestHandler.getOzoneFileStatus(OzoneManagerRequestHandler.java:871) ~[ozone-manager-1.3.0-SNAPSHOT.jar:?]
	at org.apache.hadoop.ozone.protocolPB.OzoneManagerRequestHandler.handleReadRequest(OzoneManagerRequestHandler.java:217) ~[ozone-manager-1.3.0-SNAPSHOT.jar:?]
	at org.apache.hadoop.ozone.protocolPB.OzoneManagerProtocolServerSideTranslatorPB.submitRequestDirectlyToOM(OzoneManagerProtocolServerSideTranslatorPB.java:284) ~[ozone-manager-1.3.0-SNAPSHOT.jar:?]
	at org.apache.hadoop.ozone.protocolPB.OzoneManagerProtocolServerSideTranslatorPB.processRequest(OzoneManagerProtocolServerSideTranslatorPB.java:207) ~[ozone-manager-1.3.0-SNAPSHOT.jar:?]
	at org.apache.hadoop.hdds.server.OzoneProtocolMessageDispatcher.processRequest(OzoneProtocolMessageDispatcher.java:87) [hdds-server-framework-1.3.0-SNAPSHOT.jar:?]
	at org.apache.hadoop.ozone.protocolPB.OzoneManagerProtocolServerSideTranslatorPB.submitRequest(OzoneManagerProtocolServerSideTranslatorPB.java:147) [ozone-manager-1.3.0-SNAPSHOT.jar:?]
	at org.apache.hadoop.ozone.protocol.proto.OzoneManagerProtocolProtos$OzoneManagerService$2.callBlockingMethod(OzoneManagerProtocolProtos.java) [ozone-interface-client-1.3.0-SNAPSHOT.jar:?]
	at org.apache.hadoop.ipc.ProtobufRpcEngine$Server.processCall(ProtobufRpcEngine.java:466) [hadoop-common-3.3.1.jar:?]
	at org.apache.hadoop.ipc.ProtobufRpcEngine2$Server$ProtoBufRpcInvoker.call(ProtobufRpcEngine2.java:574) [hadoop-common-3.3.1.jar:?]
	at org.apache.hadoop.ipc.ProtobufRpcEngine2$Server$ProtoBufRpcInvoker.call(ProtobufRpcEngine2.java:552) [hadoop-common-3.3.1.jar:?]
	at org.apache.hadoop.ipc.RPC$Server.call(RPC.java:1093) [hadoop-common-3.3.1.jar:?]
	at org.apache.hadoop.ipc.Server$RpcCall.run(Server.java:1035) [hadoop-common-3.3.1.jar:?]
	at org.apache.hadoop.ipc.Server$RpcCall.run(Server.java:963) [hadoop-common-3.3.1.jar:?]
	at java.security.AccessController.doPrivileged(Native Method) ~[?:1.8.0_332]
	at javax.security.auth.Subject.doAs(Subject.java:422) [?:1.8.0_332]
	at org.apache.hadoop.security.UserGroupInformation.doAs(UserGroupInformation.java:1878) [hadoop-common-3.3.1.jar:?]
	at org.apache.hadoop.ipc.Server$Handler.run(Server.java:2966) [hadoop-common-3.3.1.jar:?]
13:54:01.198 [IPC Server handler 8 on default port 34499] ERROR OMAudit - user=runner | ip=127.0.0.1 | op=GET_FILE_STATUS {volume=volume69434, bucket=bucket16378, key=testBatchDelete/parent/child3, dataSize=0, replicationConfig=null} | ret=FAILURE
org.apache.hadoop.ozone.om.exceptions.OMException: Unable to get file status: volume: volume69434 bucket: bucket16378 key: testBatchDelete/parent/child3
	at org.apache.hadoop.ozone.om.KeyManagerImpl.getOzoneFileStatus(KeyManagerImpl.java:1311) ~[ozone-manager-1.3.0-SNAPSHOT.jar:?]
	at org.apache.hadoop.ozone.om.KeyManagerImpl.getFileStatus(KeyManagerImpl.java:1241) ~[ozone-manager-1.3.0-SNAPSHOT.jar:?]
	at org.apache.hadoop.ozone.om.OzoneManager.getFileStatus(OzoneManager.java:3419) ~[ozone-manager-1.3.0-SNAPSHOT.jar:?]
	at org.apache.hadoop.ozone.protocolPB.OzoneManagerRequestHandler.getOzoneFileStatus(OzoneManagerRequestHandler.java:871) ~[ozone-manager-1.3.0-SNAPSHOT.jar:?]
	at org.apache.hadoop.ozone.protocolPB.OzoneManagerRequestHandler.handleReadRequest(OzoneManagerRequestHandler.java:217) ~[ozone-manager-1.3.0-SNAPSHOT.jar:?]
	at org.apache.hadoop.ozone.protocolPB.OzoneManagerProtocolServerSideTranslatorPB.submitRequestDirectlyToOM(OzoneManagerProtocolServerSideTranslatorPB.java:284) ~[ozone-manager-1.3.0-SNAPSHOT.jar:?]
	at org.apache.hadoop.ozone.protocolPB.OzoneManagerProtocolServerSideTranslatorPB.processRequest(OzoneManagerProtocolServerSideTranslatorPB.java:207) ~[ozone-manager-1.3.0-SNAPSHOT.jar:?]
	at org.apache.hadoop.hdds.server.OzoneProtocolMessageDispatcher.processRequest(OzoneProtocolMessageDispatcher.java:87) [hdds-server-framework-1.3.0-SNAPSHOT.jar:?]
	at org.apache.hadoop.ozone.protocolPB.OzoneManagerProtocolServerSideTranslatorPB.submitRequest(OzoneManagerProtocolServerSideTranslatorPB.java:147) [ozone-manager-1.3.0-SNAPSHOT.jar:?]
	at org.apache.hadoop.ozone.protocol.proto.OzoneManagerProtocolProtos$OzoneManagerService$2.callBlockingMethod(OzoneManagerProtocolProtos.java) [ozone-interface-client-1.3.0-SNAPSHOT.jar:?]
	at org.apache.hadoop.ipc.ProtobufRpcEngine$Server.processCall(ProtobufRpcEngine.java:466) [hadoop-common-3.3.1.jar:?]
	at org.apache.hadoop.ipc.ProtobufRpcEngine2$Server$ProtoBufRpcInvoker.call(ProtobufRpcEngine2.java:574) [hadoop-common-3.3.1.jar:?]
	at org.apache.hadoop.ipc.ProtobufRpcEngine2$Server$ProtoBufRpcInvoker.call(ProtobufRpcEngine2.java:552) [hadoop-common-3.3.1.jar:?]
	at org.apache.hadoop.ipc.RPC$Server.call(RPC.java:1093) [hadoop-common-3.3.1.jar:?]
	at org.apache.hadoop.ipc.Server$RpcCall.run(Server.java:1035) [hadoop-common-3.3.1.jar:?]
	at org.apache.hadoop.ipc.Server$RpcCall.run(Server.java:963) [hadoop-common-3.3.1.jar:?]
	at java.security.AccessController.doPrivileged(Native Method) ~[?:1.8.0_332]
	at javax.security.auth.Subject.doAs(Subject.java:422) [?:1.8.0_332]
	at org.apache.hadoop.security.UserGroupInformation.doAs(UserGroupInformation.java:1878) [hadoop-common-3.3.1.jar:?]
	at org.apache.hadoop.ipc.Server$Handler.run(Server.java:2966) [hadoop-common-3.3.1.jar:?]
13:54:01.198 [IPC Server handler 7 on default port 34499] ERROR OMAudit - user=runner | ip=127.0.0.1 | op=GET_FILE_STATUS {volume=volume69434, bucket=bucket16378, key=testBatchDelete/parent/childFolder/child3, dataSize=0, replicationConfig=null} | ret=FAILURE
org.apache.hadoop.ozone.om.exceptions.OMException: Unable to get file status: volume: volume69434 bucket: bucket16378 key: testBatchDelete/parent/childFolder/child3
	at org.apache.hadoop.ozone.om.KeyManagerImpl.getOzoneFileStatus(KeyManagerImpl.java:1311) ~[ozone-manager-1.3.0-SNAPSHOT.jar:?]
	at org.apache.hadoop.ozone.om.KeyManagerImpl.getFileStatus(KeyManagerImpl.java:1241) ~[ozone-manager-1.3.0-SNAPSHOT.jar:?]
	at org.apache.hadoop.ozone.om.OzoneManager.getFileStatus(OzoneManager.java:3419) ~[ozone-manager-1.3.0-SNAPSHOT.jar:?]
	at org.apache.hadoop.ozone.protocolPB.OzoneManagerRequestHandler.getOzoneFileStatus(OzoneManagerRequestHandler.java:871) ~[ozone-manager-1.3.0-SNAPSHOT.jar:?]
	at org.apache.hadoop.ozone.protocolPB.OzoneManagerRequestHandler.handleReadRequest(OzoneManagerRequestHandler.java:217) ~[ozone-manager-1.3.0-SNAPSHOT.jar:?]
	at org.apache.hadoop.ozone.protocolPB.OzoneManagerProtocolServerSideTranslatorPB.submitRequestDirectlyToOM(OzoneManagerProtocolServerSideTranslatorPB.java:284) ~[ozone-manager-1.3.0-SNAPSHOT.jar:?]
	at org.apache.hadoop.ozone.protocolPB.OzoneManagerProtocolServerSideTranslatorPB.processRequest(OzoneManagerProtocolServerSideTranslatorPB.java:207) ~[ozone-manager-1.3.0-SNAPSHOT.jar:?]
	at org.apache.hadoop.hdds.server.OzoneProtocolMessageDispatcher.processRequest(OzoneProtocolMessageDispatcher.java:87) [hdds-server-framework-1.3.0-SNAPSHOT.jar:?]
	at org.apache.hadoop.ozone.protocolPB.OzoneManagerProtocolServerSideTranslatorPB.submitRequest(OzoneManagerProtocolServerSideTranslatorPB.java:147) [ozone-manager-1.3.0-SNAPSHOT.jar:?]
	at org.apache.hadoop.ozone.protocol.proto.OzoneManagerProtocolProtos$OzoneManagerService$2.callBlockingMethod(OzoneManagerProtocolProtos.java) [ozone-interface-client-1.3.0-SNAPSHOT.jar:?]
	at org.apache.hadoop.ipc.ProtobufRpcEngine$Server.processCall(ProtobufRpcEngine.java:466) [hadoop-common-3.3.1.jar:?]
	at org.apache.hadoop.ipc.ProtobufRpcEngine2$Server$ProtoBufRpcInvoker.call(ProtobufRpcEngine2.java:574) [hadoop-common-3.3.1.jar:?]
	at org.apache.hadoop.ipc.ProtobufRpcEngine2$Server$ProtoBufRpcInvoker.call(ProtobufRpcEngine2.java:552) [hadoop-common-3.3.1.jar:?]
	at org.apache.hadoop.ipc.RPC$Server.call(RPC.java:1093) [hadoop-common-3.3.1.jar:?]
	at org.apache.hadoop.ipc.Server$RpcCall.run(Server.java:1035) [hadoop-common-3.3.1.jar:?]
	at org.apache.hadoop.ipc.Server$RpcCall.run(Server.java:963) [hadoop-common-3.3.1.jar:?]
	at java.security.AccessController.doPrivileged(Native Method) ~[?:1.8.0_332]
	at javax.security.auth.Subject.doAs(Subject.java:422) [?:1.8.0_332]
	at org.apache.hadoop.security.UserGroupInformation.doAs(UserGroupInformation.java:1878) [hadoop-common-3.3.1.jar:?]
	at org.apache.hadoop.ipc.Server$Handler.run(Server.java:2966) [hadoop-common-3.3.1.jar:?]
13:54:01.199 [IPC Server handler 6 on default port 34499] ERROR OMAudit - user=runner | ip=127.0.0.1 | op=GET_FILE_STATUS {volume=volume69434, bucket=bucket16378, key=testBatchDelete/parent/child4, dataSize=0, replicationConfig=null} | ret=FAILURE
org.apache.hadoop.ozone.om.exceptions.OMException: Unable to get file status: volume: volume69434 bucket: bucket16378 key: testBatchDelete/parent/child4
	at org.apache.hadoop.ozone.om.KeyManagerImpl.getOzoneFileStatus(KeyManagerImpl.java:1311) ~[ozone-manager-1.3.0-SNAPSHOT.jar:?]
	at org.apache.hadoop.ozone.om.KeyManagerImpl.getFileStatus(KeyManagerImpl.java:1241) ~[ozone-manager-1.3.0-SNAPSHOT.jar:?]
	at org.apache.hadoop.ozone.om.OzoneManager.getFileStatus(OzoneManager.java:3419) ~[ozone-manager-1.3.0-SNAPSHOT.jar:?]
	at org.apache.hadoop.ozone.protocolPB.OzoneManagerRequestHandler.getOzoneFileStatus(OzoneManagerRequestHandler.java:871) ~[ozone-manager-1.3.0-SNAPSHOT.jar:?]
	at org.apache.hadoop.ozone.protocolPB.OzoneManagerRequestHandler.handleReadRequest(OzoneManagerRequestHandler.java:217) ~[ozone-manager-1.3.0-SNAPSHOT.jar:?]
	at org.apache.hadoop.ozone.protocolPB.OzoneManagerProtocolServerSideTranslatorPB.submitRequestDirectlyToOM(OzoneManagerProtocolServerSideTranslatorPB.java:284) ~[ozone-manager-1.3.0-SNAPSHOT.jar:?]
	at org.apache.hadoop.ozone.protocolPB.OzoneManagerProtocolServerSideTranslatorPB.processRequest(OzoneManagerProtocolServerSideTranslatorPB.java:207) ~[ozone-manager-1.3.0-SNAPSHOT.jar:?]
	at org.apache.hadoop.hdds.server.OzoneProtocolMessageDispatcher.processRequest(OzoneProtocolMessageDispatcher.java:87) [hdds-server-framework-1.3.0-SNAPSHOT.jar:?]
	at org.apache.hadoop.ozone.protocolPB.OzoneManagerProtocolServerSideTranslatorPB.submitRequest(OzoneManagerProtocolServerSideTranslatorPB.java:147) [ozone-manager-1.3.0-SNAPSHOT.jar:?]
	at org.apache.hadoop.ozone.protocol.proto.OzoneManagerProtocolProtos$OzoneManagerService$2.callBlockingMethod(OzoneManagerProtocolProtos.java) [ozone-interface-client-1.3.0-SNAPSHOT.jar:?]
	at org.apache.hadoop.ipc.ProtobufRpcEngine$Server.processCall(ProtobufRpcEngine.java:466) [hadoop-common-3.3.1.jar:?]
	at org.apache.hadoop.ipc.ProtobufRpcEngine2$Server$ProtoBufRpcInvoker.call(ProtobufRpcEngine2.java:574) [hadoop-common-3.3.1.jar:?]
	at org.apache.hadoop.ipc.ProtobufRpcEngine2$Server$ProtoBufRpcInvoker.call(ProtobufRpcEngine2.java:552) [hadoop-common-3.3.1.jar:?]
	at org.apache.hadoop.ipc.RPC$Server.call(RPC.java:1093) [hadoop-common-3.3.1.jar:?]
	at org.apache.hadoop.ipc.Server$RpcCall.run(Server.java:1035) [hadoop-common-3.3.1.jar:?]
	at org.apache.hadoop.ipc.Server$RpcCall.run(Server.java:963) [hadoop-common-3.3.1.jar:?]
	at java.security.AccessController.doPrivileged(Native Method) ~[?:1.8.0_332]
	at javax.security.auth.Subject.doAs(Subject.java:422) [?:1.8.0_332]
	at org.apache.hadoop.security.UserGroupInformation.doAs(UserGroupInformation.java:1878) [hadoop-common-3.3.1.jar:?]
	at org.apache.hadoop.ipc.Server$Handler.run(Server.java:2966) [hadoop-common-3.3.1.jar:?]
13:54:01.200 [IPC Server handler 5 on default port 34499] ERROR OMAudit - user=runner | ip=127.0.0.1 | op=GET_FILE_STATUS {volume=volume69434, bucket=bucket16378, key=testBatchDelete/parent/childFolder/child4, dataSize=0, replicationConfig=null} | ret=FAILURE
org.apache.hadoop.ozone.om.exceptions.OMException: Unable to get file status: volume: volume69434 bucket: bucket16378 key: testBatchDelete/parent/childFolder/child4
	at org.apache.hadoop.ozone.om.KeyManagerImpl.getOzoneFileStatus(KeyManagerImpl.java:1311) ~[ozone-manager-1.3.0-SNAPSHOT.jar:?]
	at org.apache.hadoop.ozone.om.KeyManagerImpl.getFileStatus(KeyManagerImpl.java:1241) ~[ozone-manager-1.3.0-SNAPSHOT.jar:?]
	at org.apache.hadoop.ozone.om.OzoneManager.getFileStatus(OzoneManager.java:3419) ~[ozone-manager-1.3.0-SNAPSHOT.jar:?]
	at org.apache.hadoop.ozone.protocolPB.OzoneManagerRequestHandler.getOzoneFileStatus(OzoneManagerRequestHandler.java:871) ~[ozone-manager-1.3.0-SNAPSHOT.jar:?]
	at org.apache.hadoop.ozone.protocolPB.OzoneManagerRequestHandler.handleReadRequest(OzoneManagerRequestHandler.java:217) ~[ozone-manager-1.3.0-SNAPSHOT.jar:?]
	at org.apache.hadoop.ozone.protocolPB.OzoneManagerProtocolServerSideTranslatorPB.submitRequestDirectlyToOM(OzoneManagerProtocolServerSideTranslatorPB.java:284) ~[ozone-manager-1.3.0-SNAPSHOT.jar:?]
	at org.apache.hadoop.ozone.protocolPB.OzoneManagerProtocolServerSideTranslatorPB.processRequest(OzoneManagerProtocolServerSideTranslatorPB.java:207) ~[ozone-manager-1.3.0-SNAPSHOT.jar:?]
	at org.apache.hadoop.hdds.server.OzoneProtocolMessageDispatcher.processRequest(OzoneProtocolMessageDispatcher.java:87) [hdds-server-framework-1.3.0-SNAPSHOT.jar:?]
	at org.apache.hadoop.ozone.protocolPB.OzoneManagerProtocolServerSideTranslatorPB.submitRequest(OzoneManagerProtocolServerSideTranslatorPB.java:147) [ozone-manager-1.3.0-SNAPSHOT.jar:?]
	at org.apache.hadoop.ozone.protocol.proto.OzoneManagerProtocolProtos$OzoneManagerService$2.callBlockingMethod(OzoneManagerProtocolProtos.java) [ozone-interface-client-1.3.0-SNAPSHOT.jar:?]
	at org.apache.hadoop.ipc.ProtobufRpcEngine$Server.processCall(ProtobufRpcEngine.java:466) [hadoop-common-3.3.1.jar:?]
	at org.apache.hadoop.ipc.ProtobufRpcEngine2$Server$ProtoBufRpcInvoker.call(ProtobufRpcEngine2.java:574) [hadoop-common-3.3.1.jar:?]
	at org.apache.hadoop.ipc.ProtobufRpcEngine2$Server$ProtoBufRpcInvoker.call(ProtobufRpcEngine2.java:552) [hadoop-common-3.3.1.jar:?]
	at org.apache.hadoop.ipc.RPC$Server.call(RPC.java:1093) [hadoop-common-3.3.1.jar:?]
	at org.apache.hadoop.ipc.Server$RpcCall.run(Server.java:1035) [hadoop-common-3.3.1.jar:?]
	at org.apache.hadoop.ipc.Server$RpcCall.run(Server.java:963) [hadoop-common-3.3.1.jar:?]
	at java.security.AccessController.doPrivileged(Native Method) ~[?:1.8.0_332]
	at javax.security.auth.Subject.doAs(Subject.java:422) [?:1.8.0_332]
	at org.apache.hadoop.security.UserGroupInformation.doAs(UserGroupInformation.java:1878) [hadoop-common-3.3.1.jar:?]
	at org.apache.hadoop.ipc.Server$Handler.run(Server.java:2966) [hadoop-common-3.3.1.jar:?]
13:54:01.201 [IPC Server handler 18 on default port 34499] ERROR OMAudit - user=runner | ip=127.0.0.1 | op=GET_FILE_STATUS {volume=volume69434, bucket=bucket16378, key=testBatchDelete/parent/child5, dataSize=0, replicationConfig=null} | ret=FAILURE
org.apache.hadoop.ozone.om.exceptions.OMException: Unable to get file status: volume: volume69434 bucket: bucket16378 key: testBatchDelete/parent/child5
	at org.apache.hadoop.ozone.om.KeyManagerImpl.getOzoneFileStatus(KeyManagerImpl.java:1311) ~[ozone-manager-1.3.0-SNAPSHOT.jar:?]
	at org.apache.hadoop.ozone.om.KeyManagerImpl.getFileStatus(KeyManagerImpl.java:1241) ~[ozone-manager-1.3.0-SNAPSHOT.jar:?]
	at org.apache.hadoop.ozone.om.OzoneManager.getFileStatus(OzoneManager.java:3419) ~[ozone-manager-1.3.0-SNAPSHOT.jar:?]
	at org.apache.hadoop.ozone.protocolPB.OzoneManagerRequestHandler.getOzoneFileStatus(OzoneManagerRequestHandler.java:871) ~[ozone-manager-1.3.0-SNAPSHOT.jar:?]
	at org.apache.hadoop.ozone.protocolPB.OzoneManagerRequestHandler.handleReadRequest(OzoneManagerRequestHandler.java:217) ~[ozone-manager-1.3.0-SNAPSHOT.jar:?]
	at org.apache.hadoop.ozone.protocolPB.OzoneManagerProtocolServerSideTranslatorPB.submitRequestDirectlyToOM(OzoneManagerProtocolServerSideTranslatorPB.java:284) ~[ozone-manager-1.3.0-SNAPSHOT.jar:?]
	at org.apache.hadoop.ozone.protocolPB.OzoneManagerProtocolServerSideTranslatorPB.processRequest(OzoneManagerProtocolServerSideTranslatorPB.java:207) ~[ozone-manager-1.3.0-SNAPSHOT.jar:?]
	at org.apache.hadoop.hdds.server.OzoneProtocolMessageDispatcher.processRequest(OzoneProtocolMessageDispatcher.java:87) [hdds-server-framework-1.3.0-SNAPSHOT.jar:?]
	at org.apache.hadoop.ozone.protocolPB.OzoneManagerProtocolServerSideTranslatorPB.submitRequest(OzoneManagerProtocolServerSideTranslatorPB.java:147) [ozone-manager-1.3.0-SNAPSHOT.jar:?]
	at org.apache.hadoop.ozone.protocol.proto.OzoneManagerProtocolProtos$OzoneManagerService$2.callBlockingMethod(OzoneManagerProtocolProtos.java) [ozone-interface-client-1.3.0-SNAPSHOT.jar:?]
	at org.apache.hadoop.ipc.ProtobufRpcEngine$Server.processCall(ProtobufRpcEngine.java:466) [hadoop-common-3.3.1.jar:?]
	at org.apache.hadoop.ipc.ProtobufRpcEngine2$Server$ProtoBufRpcInvoker.call(ProtobufRpcEngine2.java:574) [hadoop-common-3.3.1.jar:?]
	at org.apache.hadoop.ipc.ProtobufRpcEngine2$Server$ProtoBufRpcInvoker.call(ProtobufRpcEngine2.java:552) [hadoop-common-3.3.1.jar:?]
	at org.apache.hadoop.ipc.RPC$Server.call(RPC.java:1093) [hadoop-common-3.3.1.jar:?]
	at org.apache.hadoop.ipc.Server$RpcCall.run(Server.java:1035) [hadoop-common-3.3.1.jar:?]
	at org.apache.hadoop.ipc.Server$RpcCall.run(Server.java:963) [hadoop-common-3.3.1.jar:?]
	at java.security.AccessController.doPrivileged(Native Method) ~[?:1.8.0_332]
	at javax.security.auth.Subject.doAs(Subject.java:422) [?:1.8.0_332]
	at org.apache.hadoop.security.UserGroupInformation.doAs(UserGroupInformation.java:1878) [hadoop-common-3.3.1.jar:?]
	at org.apache.hadoop.ipc.Server$Handler.run(Server.java:2966) [hadoop-common-3.3.1.jar:?]
13:54:01.201 [IPC Server handler 17 on default port 34499] ERROR OMAudit - user=runner | ip=127.0.0.1 | op=GET_FILE_STATUS {volume=volume69434, bucket=bucket16378, key=testBatchDelete/parent/childFolder/child5, dataSize=0, replicationConfig=null} | ret=FAILURE
org.apache.hadoop.ozone.om.exceptions.OMException: Unable to get file status: volume: volume69434 bucket: bucket16378 key: testBatchDelete/parent/childFolder/child5
	at org.apache.hadoop.ozone.om.KeyManagerImpl.getOzoneFileStatus(KeyManagerImpl.java:1311) ~[ozone-manager-1.3.0-SNAPSHOT.jar:?]
	at org.apache.hadoop.ozone.om.KeyManagerImpl.getFileStatus(KeyManagerImpl.java:1241) ~[ozone-manager-1.3.0-SNAPSHOT.jar:?]
	at org.apache.hadoop.ozone.om.OzoneManager.getFileStatus(OzoneManager.java:3419) ~[ozone-manager-1.3.0-SNAPSHOT.jar:?]
	at org.apache.hadoop.ozone.protocolPB.OzoneManagerRequestHandler.getOzoneFileStatus(OzoneManagerRequestHandler.java:871) ~[ozone-manager-1.3.0-SNAPSHOT.jar:?]
	at org.apache.hadoop.ozone.protocolPB.OzoneManagerRequestHandler.handleReadRequest(OzoneManagerRequestHandler.java:217) ~[ozone-manager-1.3.0-SNAPSHOT.jar:?]
	at org.apache.hadoop.ozone.protocolPB.OzoneManagerProtocolServerSideTranslatorPB.submitRequestDirectlyToOM(OzoneManagerProtocolServerSideTranslatorPB.java:284) ~[ozone-manager-1.3.0-SNAPSHOT.jar:?]
	at org.apache.hadoop.ozone.protocolPB.OzoneManagerProtocolServerSideTranslatorPB.processRequest(OzoneManagerProtocolServerSideTranslatorPB.java:207) ~[ozone-manager-1.3.0-SNAPSHOT.jar:?]
	at org.apache.hadoop.hdds.server.OzoneProtocolMessageDispatcher.processRequest(OzoneProtocolMessageDispatcher.java:87) [hdds-server-framework-1.3.0-SNAPSHOT.jar:?]
	at org.apache.hadoop.ozone.protocolPB.OzoneManagerProtocolServerSideTranslatorPB.submitRequest(OzoneManagerProtocolServerSideTranslatorPB.java:147) [ozone-manager-1.3.0-SNAPSHOT.jar:?]
	at org.apache.hadoop.ozone.protocol.proto.OzoneManagerProtocolProtos$OzoneManagerService$2.callBlockingMethod(OzoneManagerProtocolProtos.java) [ozone-interface-client-1.3.0-SNAPSHOT.jar:?]
	at org.apache.hadoop.ipc.ProtobufRpcEngine$Server.processCall(ProtobufRpcEngine.java:466) [hadoop-common-3.3.1.jar:?]
	at org.apache.hadoop.ipc.ProtobufRpcEngine2$Server$ProtoBufRpcInvoker.call(ProtobufRpcEngine2.java:574) [hadoop-common-3.3.1.jar:?]
	at org.apache.hadoop.ipc.ProtobufRpcEngine2$Server$ProtoBufRpcInvoker.call(ProtobufRpcEngine2.java:552) [hadoop-common-3.3.1.jar:?]
	at org.apache.hadoop.ipc.RPC$Server.call(RPC.java:1093) [hadoop-common-3.3.1.jar:?]
	at org.apache.hadoop.ipc.Server$RpcCall.run(Server.java:1035) [hadoop-common-3.3.1.jar:?]
	at org.apache.hadoop.ipc.Server$RpcCall.run(Server.java:963) [hadoop-common-3.3.1.jar:?]
	at java.security.AccessController.doPrivileged(Native Method) ~[?:1.8.0_332]
	at javax.security.auth.Subject.doAs(Subject.java:422) [?:1.8.0_332]
	at org.apache.hadoop.security.UserGroupInformation.doAs(UserGroupInformation.java:1878) [hadoop-common-3.3.1.jar:?]
	at org.apache.hadoop.ipc.Server$Handler.run(Server.java:2966) [hadoop-common-3.3.1.jar:?]
13:54:01.202 [IPC Server handler 16 on default port 34499] ERROR OMAudit - user=runner | ip=127.0.0.1 | op=GET_FILE_STATUS {volume=volume69434, bucket=bucket16378, key=testBatchDelete/parent/child6, dataSize=0, replicationConfig=null} | ret=FAILURE
org.apache.hadoop.ozone.om.exceptions.OMException: Unable to get file status: volume: volume69434 bucket: bucket16378 key: testBatchDelete/parent/child6
	at org.apache.hadoop.ozone.om.KeyManagerImpl.getOzoneFileStatus(KeyManagerImpl.java:1311) ~[ozone-manager-1.3.0-SNAPSHOT.jar:?]
	at org.apache.hadoop.ozone.om.KeyManagerImpl.getFileStatus(KeyManagerImpl.java:1241) ~[ozone-manager-1.3.0-SNAPSHOT.jar:?]
	at org.apache.hadoop.ozone.om.OzoneManager.getFileStatus(OzoneManager.java:3419) ~[ozone-manager-1.3.0-SNAPSHOT.jar:?]
	at org.apache.hadoop.ozone.protocolPB.OzoneManagerRequestHandler.getOzoneFileStatus(OzoneManagerRequestHandler.java:871) ~[ozone-manager-1.3.0-SNAPSHOT.jar:?]
	at org.apache.hadoop.ozone.protocolPB.OzoneManagerRequestHandler.handleReadRequest(OzoneManagerRequestHandler.java:217) ~[ozone-manager-1.3.0-SNAPSHOT.jar:?]
	at org.apache.hadoop.ozone.protocolPB.OzoneManagerProtocolServerSideTranslatorPB.submitRequestDirectlyToOM(OzoneManagerProtocolServerSideTranslatorPB.java:284) ~[ozone-manager-1.3.0-SNAPSHOT.jar:?]
	at org.apache.hadoop.ozone.protocolPB.OzoneManagerProtocolServerSideTranslatorPB.processRequest(OzoneManagerProtocolServerSideTranslatorPB.java:207) ~[ozone-manager-1.3.0-SNAPSHOT.jar:?]
	at org.apache.hadoop.hdds.server.OzoneProtocolMessageDispatcher.processRequest(OzoneProtocolMessageDispatcher.java:87) [hdds-server-framework-1.3.0-SNAPSHOT.jar:?]
	at org.apache.hadoop.ozone.protocolPB.OzoneManagerProtocolServerSideTranslatorPB.submitRequest(OzoneManagerProtocolServerSideTranslatorPB.java:147) [ozone-manager-1.3.0-SNAPSHOT.jar:?]
	at org.apache.hadoop.ozone.protocol.proto.OzoneManagerProtocolProtos$OzoneManagerService$2.callBlockingMethod(OzoneManagerProtocolProtos.java) [ozone-interface-client-1.3.0-SNAPSHOT.jar:?]
	at org.apache.hadoop.ipc.ProtobufRpcEngine$Server.processCall(ProtobufRpcEngine.java:466) [hadoop-common-3.3.1.jar:?]
	at org.apache.hadoop.ipc.ProtobufRpcEngine2$Server$ProtoBufRpcInvoker.call(ProtobufRpcEngine2.java:574) [hadoop-common-3.3.1.jar:?]
	at org.apache.hadoop.ipc.ProtobufRpcEngine2$Server$ProtoBufRpcInvoker.call(ProtobufRpcEngine2.java:552) [hadoop-common-3.3.1.jar:?]
	at org.apache.hadoop.ipc.RPC$Server.call(RPC.java:1093) [hadoop-common-3.3.1.jar:?]
	at org.apache.hadoop.ipc.Server$RpcCall.run(Server.java:1035) [hadoop-common-3.3.1.jar:?]
	at org.apache.hadoop.ipc.Server$RpcCall.run(Server.java:963) [hadoop-common-3.3.1.jar:?]
	at java.security.AccessController.doPrivileged(Native Method) ~[?:1.8.0_332]
	at javax.security.auth.Subject.doAs(Subject.java:422) [?:1.8.0_332]
	at org.apache.hadoop.security.UserGroupInformation.doAs(UserGroupInformation.java:1878) [hadoop-common-3.3.1.jar:?]
	at org.apache.hadoop.ipc.Server$Handler.run(Server.java:2966) [hadoop-common-3.3.1.jar:?]
13:54:01.203 [IPC Server handler 15 on default port 34499] ERROR OMAudit - user=runner | ip=127.0.0.1 | op=GET_FILE_STATUS {volume=volume69434, bucket=bucket16378, key=testBatchDelete/parent/childFolder/child6, dataSize=0, replicationConfig=null} | ret=FAILURE
org.apache.hadoop.ozone.om.exceptions.OMException: Unable to get file status: volume: volume69434 bucket: bucket16378 key: testBatchDelete/parent/childFolder/child6
	at org.apache.hadoop.ozone.om.KeyManagerImpl.getOzoneFileStatus(KeyManagerImpl.java:1311) ~[ozone-manager-1.3.0-SNAPSHOT.jar:?]
	at org.apache.hadoop.ozone.om.KeyManagerImpl.getFileStatus(KeyManagerImpl.java:1241) ~[ozone-manager-1.3.0-SNAPSHOT.jar:?]
	at org.apache.hadoop.ozone.om.OzoneManager.getFileStatus(OzoneManager.java:3419) ~[ozone-manager-1.3.0-SNAPSHOT.jar:?]
	at org.apache.hadoop.ozone.protocolPB.OzoneManagerRequestHandler.getOzoneFileStatus(OzoneManagerRequestHandler.java:871) ~[ozone-manager-1.3.0-SNAPSHOT.jar:?]
	at org.apache.hadoop.ozone.protocolPB.OzoneManagerRequestHandler.handleReadRequest(OzoneManagerRequestHandler.java:217) ~[ozone-manager-1.3.0-SNAPSHOT.jar:?]
	at org.apache.hadoop.ozone.protocolPB.OzoneManagerProtocolServerSideTranslatorPB.submitRequestDirectlyToOM(OzoneManagerProtocolServerSideTranslatorPB.java:284) ~[ozone-manager-1.3.0-SNAPSHOT.jar:?]
	at org.apache.hadoop.ozone.protocolPB.OzoneManagerProtocolServerSideTranslatorPB.processRequest(OzoneManagerProtocolServerSideTranslatorPB.java:207) ~[ozone-manager-1.3.0-SNAPSHOT.jar:?]
	at org.apache.hadoop.hdds.server.OzoneProtocolMessageDispatcher.processRequest(OzoneProtocolMessageDispatcher.java:87) [hdds-server-framework-1.3.0-SNAPSHOT.jar:?]
	at org.apache.hadoop.ozone.protocolPB.OzoneManagerProtocolServerSideTranslatorPB.submitRequest(OzoneManagerProtocolServerSideTranslatorPB.java:147) [ozone-manager-1.3.0-SNAPSHOT.jar:?]
	at org.apache.hadoop.ozone.protocol.proto.OzoneManagerProtocolProtos$OzoneManagerService$2.callBlockingMethod(OzoneManagerProtocolProtos.java) [ozone-interface-client-1.3.0-SNAPSHOT.jar:?]
	at org.apache.hadoop.ipc.ProtobufRpcEngine$Server.processCall(ProtobufRpcEngine.java:466) [hadoop-common-3.3.1.jar:?]
	at org.apache.hadoop.ipc.ProtobufRpcEngine2$Server$ProtoBufRpcInvoker.call(ProtobufRpcEngine2.java:574) [hadoop-common-3.3.1.jar:?]
	at org.apache.hadoop.ipc.ProtobufRpcEngine2$Server$ProtoBufRpcInvoker.call(ProtobufRpcEngine2.java:552) [hadoop-common-3.3.1.jar:?]
	at org.apache.hadoop.ipc.RPC$Server.call(RPC.java:1093) [hadoop-common-3.3.1.jar:?]
	at org.apache.hadoop.ipc.Server$RpcCall.run(Server.java:1035) [hadoop-common-3.3.1.jar:?]
	at org.apache.hadoop.ipc.Server$RpcCall.run(Server.java:963) [hadoop-common-3.3.1.jar:?]
	at java.security.AccessController.doPrivileged(Native Method) ~[?:1.8.0_332]
	at javax.security.auth.Subject.doAs(Subject.java:422) [?:1.8.0_332]
	at org.apache.hadoop.security.UserGroupInformation.doAs(UserGroupInformation.java:1878) [hadoop-common-3.3.1.jar:?]
	at org.apache.hadoop.ipc.Server$Handler.run(Server.java:2966) [hadoop-common-3.3.1.jar:?]
13:54:01.203 [IPC Server handler 14 on default port 34499] ERROR OMAudit - user=runner | ip=127.0.0.1 | op=GET_FILE_STATUS {volume=volume69434, bucket=bucket16378, key=testBatchDelete/parent/child7, dataSize=0, replicationConfig=null} | ret=FAILURE
org.apache.hadoop.ozone.om.exceptions.OMException: Unable to get file status: volume: volume69434 bucket: bucket16378 key: testBatchDelete/parent/child7
	at org.apache.hadoop.ozone.om.KeyManagerImpl.getOzoneFileStatus(KeyManagerImpl.java:1311) ~[ozone-manager-1.3.0-SNAPSHOT.jar:?]
	at org.apache.hadoop.ozone.om.KeyManagerImpl.getFileStatus(KeyManagerImpl.java:1241) ~[ozone-manager-1.3.0-SNAPSHOT.jar:?]
	at org.apache.hadoop.ozone.om.OzoneManager.getFileStatus(OzoneManager.java:3419) ~[ozone-manager-1.3.0-SNAPSHOT.jar:?]
	at org.apache.hadoop.ozone.protocolPB.OzoneManagerRequestHandler.getOzoneFileStatus(OzoneManagerRequestHandler.java:871) ~[ozone-manager-1.3.0-SNAPSHOT.jar:?]
	at org.apache.hadoop.ozone.protocolPB.OzoneManagerRequestHandler.handleReadRequest(OzoneManagerRequestHandler.java:217) ~[ozone-manager-1.3.0-SNAPSHOT.jar:?]
	at org.apache.hadoop.ozone.protocolPB.OzoneManagerProtocolServerSideTranslatorPB.submitRequestDirectlyToOM(OzoneManagerProtocolServerSideTranslatorPB.java:284) ~[ozone-manager-1.3.0-SNAPSHOT.jar:?]
	at org.apache.hadoop.ozone.protocolPB.OzoneManagerProtocolServerSideTranslatorPB.processRequest(OzoneManagerProtocolServerSideTranslatorPB.java:207) ~[ozone-manager-1.3.0-SNAPSHOT.jar:?]
	at org.apache.hadoop.hdds.server.OzoneProtocolMessageDispatcher.processRequest(OzoneProtocolMessageDispatcher.java:87) [hdds-server-framework-1.3.0-SNAPSHOT.jar:?]
	at org.apache.hadoop.ozone.protocolPB.OzoneManagerProtocolServerSideTranslatorPB.submitRequest(OzoneManagerProtocolServerSideTranslatorPB.java:147) [ozone-manager-1.3.0-SNAPSHOT.jar:?]
	at org.apache.hadoop.ozone.protocol.proto.OzoneManagerProtocolProtos$OzoneManagerService$2.callBlockingMethod(OzoneManagerProtocolProtos.java) [ozone-interface-client-1.3.0-SNAPSHOT.jar:?]
	at org.apache.hadoop.ipc.ProtobufRpcEngine$Server.processCall(ProtobufRpcEngine.java:466) [hadoop-common-3.3.1.jar:?]
	at org.apache.hadoop.ipc.ProtobufRpcEngine2$Server$ProtoBufRpcInvoker.call(ProtobufRpcEngine2.java:574) [hadoop-common-3.3.1.jar:?]
	at org.apache.hadoop.ipc.ProtobufRpcEngine2$Server$ProtoBufRpcInvoker.call(ProtobufRpcEngine2.java:552) [hadoop-common-3.3.1.jar:?]
	at org.apache.hadoop.ipc.RPC$Server.call(RPC.java:1093) [hadoop-common-3.3.1.jar:?]
	at org.apache.hadoop.ipc.Server$RpcCall.run(Server.java:1035) [hadoop-common-3.3.1.jar:?]
	at org.apache.hadoop.ipc.Server$RpcCall.run(Server.java:963) [hadoop-common-3.3.1.jar:?]
	at java.security.AccessController.doPrivileged(Native Method) ~[?:1.8.0_332]
	at javax.security.auth.Subject.doAs(Subject.java:422) [?:1.8.0_332]
	at org.apache.hadoop.security.UserGroupInformation.doAs(UserGroupInformation.java:1878) [hadoop-common-3.3.1.jar:?]
	at org.apache.hadoop.ipc.Server$Handler.run(Server.java:2966) [hadoop-common-3.3.1.jar:?]
13:54:01.205 [IPC Server handler 13 on default port 34499] ERROR OMAudit - user=runner | ip=127.0.0.1 | op=GET_FILE_STATUS {volume=volume69434, bucket=bucket16378, key=testBatchDelete/parent/childFolder/child7, dataSize=0, replicationConfig=null} | ret=FAILURE
org.apache.hadoop.ozone.om.exceptions.OMException: Unable to get file status: volume: volume69434 bucket: bucket16378 key: testBatchDelete/parent/childFolder/child7
	at org.apache.hadoop.ozone.om.KeyManagerImpl.getOzoneFileStatus(KeyManagerImpl.java:1311) ~[ozone-manager-1.3.0-SNAPSHOT.jar:?]
	at org.apache.hadoop.ozone.om.KeyManagerImpl.getFileStatus(KeyManagerImpl.java:1241) ~[ozone-manager-1.3.0-SNAPSHOT.jar:?]
	at org.apache.hadoop.ozone.om.OzoneManager.getFileStatus(OzoneManager.java:3419) ~[ozone-manager-1.3.0-SNAPSHOT.jar:?]
	at org.apache.hadoop.ozone.protocolPB.OzoneManagerRequestHandler.getOzoneFileStatus(OzoneManagerRequestHandler.java:871) ~[ozone-manager-1.3.0-SNAPSHOT.jar:?]
	at org.apache.hadoop.ozone.protocolPB.OzoneManagerRequestHandler.handleReadRequest(OzoneManagerRequestHandler.java:217) ~[ozone-manager-1.3.0-SNAPSHOT.jar:?]
	at org.apache.hadoop.ozone.protocolPB.OzoneManagerProtocolServerSideTranslatorPB.submitRequestDirectlyToOM(OzoneManagerProtocolServerSideTranslatorPB.java:284) ~[ozone-manager-1.3.0-SNAPSHOT.jar:?]
	at org.apache.hadoop.ozone.protocolPB.OzoneManagerProtocolServerSideTranslatorPB.processRequest(OzoneManagerProtocolServerSideTranslatorPB.java:207) ~[ozone-manager-1.3.0-SNAPSHOT.jar:?]
	at org.apache.hadoop.hdds.server.OzoneProtocolMessageDispatcher.processRequest(OzoneProtocolMessageDispatcher.java:87) [hdds-server-framework-1.3.0-SNAPSHOT.jar:?]
	at org.apache.hadoop.ozone.protocolPB.OzoneManagerProtocolServerSideTranslatorPB.submitRequest(OzoneManagerProtocolServerSideTranslatorPB.java:147) [ozone-manager-1.3.0-SNAPSHOT.jar:?]
	at org.apache.hadoop.ozone.protocol.proto.OzoneManagerProtocolProtos$OzoneManagerService$2.callBlockingMethod(OzoneManagerProtocolProtos.java) [ozone-interface-client-1.3.0-SNAPSHOT.jar:?]
	at org.apache.hadoop.ipc.ProtobufRpcEngine$Server.processCall(ProtobufRpcEngine.java:466) [hadoop-common-3.3.1.jar:?]
	at org.apache.hadoop.ipc.ProtobufRpcEngine2$Server$ProtoBufRpcInvoker.call(ProtobufRpcEngine2.java:574) [hadoop-common-3.3.1.jar:?]
	at org.apache.hadoop.ipc.ProtobufRpcEngine2$Server$ProtoBufRpcInvoker.call(ProtobufRpcEngine2.java:552) [hadoop-common-3.3.1.jar:?]
	at org.apache.hadoop.ipc.RPC$Server.call(RPC.java:1093) [hadoop-common-3.3.1.jar:?]
	at org.apache.hadoop.ipc.Server$RpcCall.run(Server.java:1035) [hadoop-common-3.3.1.jar:?]
	at org.apache.hadoop.ipc.Server$RpcCall.run(Server.java:963) [hadoop-common-3.3.1.jar:?]
	at java.security.AccessController.doPrivileged(Native Method) ~[?:1.8.0_332]
	at javax.security.auth.Subject.doAs(Subject.java:422) [?:1.8.0_332]
	at org.apache.hadoop.security.UserGroupInformation.doAs(UserGroupInformation.java:1878) [hadoop-common-3.3.1.jar:?]
	at org.apache.hadoop.ipc.Server$Handler.run(Server.java:2966) [hadoop-common-3.3.1.jar:?]
13:54:01.211 [IPC Server handler 12 on default port 34499] ERROR OMAudit - user=runner | ip=127.0.0.1 | op=GET_FILE_STATUS {volume=volume69434, bucket=bucket16378, key=testBatchDelete/parent, dataSize=0, replicationConfig=null} | ret=FAILURE
org.apache.hadoop.ozone.om.exceptions.OMException: Unable to get file status: volume: volume69434 bucket: bucket16378 key: testBatchDelete/parent
	at org.apache.hadoop.ozone.om.KeyManagerImpl.getOzoneFileStatus(KeyManagerImpl.java:1311) ~[ozone-manager-1.3.0-SNAPSHOT.jar:?]
	at org.apache.hadoop.ozone.om.KeyManagerImpl.getFileStatus(KeyManagerImpl.java:1241) ~[ozone-manager-1.3.0-SNAPSHOT.jar:?]
	at org.apache.hadoop.ozone.om.OzoneManager.getFileStatus(OzoneManager.java:3419) ~[ozone-manager-1.3.0-SNAPSHOT.jar:?]
	at org.apache.hadoop.ozone.protocolPB.OzoneManagerRequestHandler.getOzoneFileStatus(OzoneManagerRequestHandler.java:871) ~[ozone-manager-1.3.0-SNAPSHOT.jar:?]
	at org.apache.hadoop.ozone.protocolPB.OzoneManagerRequestHandler.handleReadRequest(OzoneManagerRequestHandler.java:217) ~[ozone-manager-1.3.0-SNAPSHOT.jar:?]
	at org.apache.hadoop.ozone.protocolPB.OzoneManagerProtocolServerSideTranslatorPB.submitRequestDirectlyToOM(OzoneManagerProtocolServerSideTranslatorPB.java:284) ~[ozone-manager-1.3.0-SNAPSHOT.jar:?]
	at org.apache.hadoop.ozone.protocolPB.OzoneManagerProtocolServerSideTranslatorPB.processRequest(OzoneManagerProtocolServerSideTranslatorPB.java:207) ~[ozone-manager-1.3.0-SNAPSHOT.jar:?]
	at org.apache.hadoop.hdds.server.OzoneProtocolMessageDispatcher.processRequest(OzoneProtocolMessageDispatcher.java:87) [hdds-server-framework-1.3.0-SNAPSHOT.jar:?]
	at org.apache.hadoop.ozone.protocolPB.OzoneManagerProtocolServerSideTranslatorPB.submitRequest(OzoneManagerProtocolServerSideTranslatorPB.java:147) [ozone-manager-1.3.0-SNAPSHOT.jar:?]
	at org.apache.hadoop.ozone.protocol.proto.OzoneManagerProtocolProtos$OzoneManagerService$2.callBlockingMethod(OzoneManagerProtocolProtos.java) [ozone-interface-client-1.3.0-SNAPSHOT.jar:?]
	at org.apache.hadoop.ipc.ProtobufRpcEngine$Server.processCall(ProtobufRpcEngine.java:466) [hadoop-common-3.3.1.jar:?]
	at org.apache.hadoop.ipc.ProtobufRpcEngine2$Server$ProtoBufRpcInvoker.call(ProtobufRpcEngine2.java:574) [hadoop-common-3.3.1.jar:?]
	at org.apache.hadoop.ipc.ProtobufRpcEngine2$Server$ProtoBufRpcInvoker.call(ProtobufRpcEngine2.java:552) [hadoop-common-3.3.1.jar:?]
	at org.apache.hadoop.ipc.RPC$Server.call(RPC.java:1093) [hadoop-common-3.3.1.jar:?]
	at org.apache.hadoop.ipc.Server$RpcCall.run(Server.java:1035) [hadoop-common-3.3.1.jar:?]
	at org.apache.hadoop.ipc.Server$RpcCall.run(Server.java:963) [hadoop-common-3.3.1.jar:?]
	at java.security.AccessController.doPrivileged(Native Method) ~[?:1.8.0_332]
	at javax.security.auth.Subject.doAs(Subject.java:422) [?:1.8.0_332]
	at org.apache.hadoop.security.UserGroupInformation.doAs(UserGroupInformation.java:1878) [hadoop-common-3.3.1.jar:?]
	at org.apache.hadoop.ipc.Server$Handler.run(Server.java:2966) [hadoop-common-3.3.1.jar:?]
2022-06-21 13:54:01,211 [Time-limited test] WARN  ozone.BasicOzoneFileSystem (BasicOzoneFileSystem.java:delete(532)) - delete: Path does not exist: /testBatchDelete/parent
]]></system-out>
  </testcase>
  <testcase name="testFileDelete" classname="TestOzoneFileSystem" time="0.157">
    <system-out><![CDATA[13:55:06.263 [IPC Server handler 11 on default port 42759] ERROR OMAudit - user=runner | ip=127.0.0.1 | op=GET_FILE_STATUS {volume=volume68340, bucket=bucket67715, key=testBatchDelete, dataSize=0, replicationConfig=null} | ret=FAILURE
org.apache.hadoop.ozone.om.exceptions.OMException: Unable to get file status: volume: volume68340 bucket: bucket67715 key: testBatchDelete
	at org.apache.hadoop.ozone.om.KeyManagerImpl.getOzoneFileStatus(KeyManagerImpl.java:1311) ~[ozone-manager-1.3.0-SNAPSHOT.jar:?]
	at org.apache.hadoop.ozone.om.KeyManagerImpl.getFileStatus(KeyManagerImpl.java:1241) ~[ozone-manager-1.3.0-SNAPSHOT.jar:?]
	at org.apache.hadoop.ozone.om.OzoneManager.getFileStatus(OzoneManager.java:3419) ~[ozone-manager-1.3.0-SNAPSHOT.jar:?]
	at org.apache.hadoop.ozone.protocolPB.OzoneManagerRequestHandler.getOzoneFileStatus(OzoneManagerRequestHandler.java:871) ~[ozone-manager-1.3.0-SNAPSHOT.jar:?]
	at org.apache.hadoop.ozone.protocolPB.OzoneManagerRequestHandler.handleReadRequest(OzoneManagerRequestHandler.java:217) ~[ozone-manager-1.3.0-SNAPSHOT.jar:?]
	at org.apache.hadoop.ozone.protocolPB.OzoneManagerProtocolServerSideTranslatorPB.submitReadRequestToOM(OzoneManagerProtocolServerSideTranslatorPB.java:225) ~[ozone-manager-1.3.0-SNAPSHOT.jar:?]
	at org.apache.hadoop.ozone.protocolPB.OzoneManagerProtocolServerSideTranslatorPB.processRequest(OzoneManagerProtocolServerSideTranslatorPB.java:175) ~[ozone-manager-1.3.0-SNAPSHOT.jar:?]
	at org.apache.hadoop.hdds.server.OzoneProtocolMessageDispatcher.processRequest(OzoneProtocolMessageDispatcher.java:87) [hdds-server-framework-1.3.0-SNAPSHOT.jar:?]
	at org.apache.hadoop.ozone.protocolPB.OzoneManagerProtocolServerSideTranslatorPB.submitRequest(OzoneManagerProtocolServerSideTranslatorPB.java:147) [ozone-manager-1.3.0-SNAPSHOT.jar:?]
	at org.apache.hadoop.ozone.protocol.proto.OzoneManagerProtocolProtos$OzoneManagerService$2.callBlockingMethod(OzoneManagerProtocolProtos.java) [ozone-interface-client-1.3.0-SNAPSHOT.jar:?]
	at org.apache.hadoop.ipc.ProtobufRpcEngine$Server.processCall(ProtobufRpcEngine.java:466) [hadoop-common-3.3.1.jar:?]
	at org.apache.hadoop.ipc.ProtobufRpcEngine2$Server$ProtoBufRpcInvoker.call(ProtobufRpcEngine2.java:574) [hadoop-common-3.3.1.jar:?]
	at org.apache.hadoop.ipc.ProtobufRpcEngine2$Server$ProtoBufRpcInvoker.call(ProtobufRpcEngine2.java:552) [hadoop-common-3.3.1.jar:?]
	at org.apache.hadoop.ipc.RPC$Server.call(RPC.java:1093) [hadoop-common-3.3.1.jar:?]
	at org.apache.hadoop.ipc.Server$RpcCall.run(Server.java:1035) [hadoop-common-3.3.1.jar:?]
	at org.apache.hadoop.ipc.Server$RpcCall.run(Server.java:963) [hadoop-common-3.3.1.jar:?]
	at java.security.AccessController.doPrivileged(Native Method) ~[?:1.8.0_332]
	at javax.security.auth.Subject.doAs(Subject.java:422) [?:1.8.0_332]
	at org.apache.hadoop.security.UserGroupInformation.doAs(UserGroupInformation.java:1878) [hadoop-common-3.3.1.jar:?]
	at org.apache.hadoop.ipc.Server$Handler.run(Server.java:2966) [hadoop-common-3.3.1.jar:?]
13:55:06.264 [IPC Server handler 10 on default port 42759] ERROR OMAudit - user=runner | ip=127.0.0.1 | op=GET_FILE_STATUS {volume=volume68340, bucket=bucket67715, key=testBatchDelete/parent/child0, dataSize=0, replicationConfig=null} | ret=FAILURE
org.apache.hadoop.ozone.om.exceptions.OMException: Unable to get file status: volume: volume68340 bucket: bucket67715 key: testBatchDelete/parent/child0
	at org.apache.hadoop.ozone.om.KeyManagerImpl.getOzoneFileStatus(KeyManagerImpl.java:1311) ~[ozone-manager-1.3.0-SNAPSHOT.jar:?]
	at org.apache.hadoop.ozone.om.KeyManagerImpl.getFileStatus(KeyManagerImpl.java:1241) ~[ozone-manager-1.3.0-SNAPSHOT.jar:?]
	at org.apache.hadoop.ozone.om.OzoneManager.getFileStatus(OzoneManager.java:3419) ~[ozone-manager-1.3.0-SNAPSHOT.jar:?]
	at org.apache.hadoop.ozone.protocolPB.OzoneManagerRequestHandler.getOzoneFileStatus(OzoneManagerRequestHandler.java:871) ~[ozone-manager-1.3.0-SNAPSHOT.jar:?]
	at org.apache.hadoop.ozone.protocolPB.OzoneManagerRequestHandler.handleReadRequest(OzoneManagerRequestHandler.java:217) ~[ozone-manager-1.3.0-SNAPSHOT.jar:?]
	at org.apache.hadoop.ozone.protocolPB.OzoneManagerProtocolServerSideTranslatorPB.submitReadRequestToOM(OzoneManagerProtocolServerSideTranslatorPB.java:225) ~[ozone-manager-1.3.0-SNAPSHOT.jar:?]
	at org.apache.hadoop.ozone.protocolPB.OzoneManagerProtocolServerSideTranslatorPB.processRequest(OzoneManagerProtocolServerSideTranslatorPB.java:175) ~[ozone-manager-1.3.0-SNAPSHOT.jar:?]
	at org.apache.hadoop.hdds.server.OzoneProtocolMessageDispatcher.processRequest(OzoneProtocolMessageDispatcher.java:87) [hdds-server-framework-1.3.0-SNAPSHOT.jar:?]
	at org.apache.hadoop.ozone.protocolPB.OzoneManagerProtocolServerSideTranslatorPB.submitRequest(OzoneManagerProtocolServerSideTranslatorPB.java:147) [ozone-manager-1.3.0-SNAPSHOT.jar:?]
	at org.apache.hadoop.ozone.protocol.proto.OzoneManagerProtocolProtos$OzoneManagerService$2.callBlockingMethod(OzoneManagerProtocolProtos.java) [ozone-interface-client-1.3.0-SNAPSHOT.jar:?]
	at org.apache.hadoop.ipc.ProtobufRpcEngine$Server.processCall(ProtobufRpcEngine.java:466) [hadoop-common-3.3.1.jar:?]
	at org.apache.hadoop.ipc.ProtobufRpcEngine2$Server$ProtoBufRpcInvoker.call(ProtobufRpcEngine2.java:574) [hadoop-common-3.3.1.jar:?]
	at org.apache.hadoop.ipc.ProtobufRpcEngine2$Server$ProtoBufRpcInvoker.call(ProtobufRpcEngine2.java:552) [hadoop-common-3.3.1.jar:?]
	at org.apache.hadoop.ipc.RPC$Server.call(RPC.java:1093) [hadoop-common-3.3.1.jar:?]
	at org.apache.hadoop.ipc.Server$RpcCall.run(Server.java:1035) [hadoop-common-3.3.1.jar:?]
	at org.apache.hadoop.ipc.Server$RpcCall.run(Server.java:963) [hadoop-common-3.3.1.jar:?]
	at java.security.AccessController.doPrivileged(Native Method) ~[?:1.8.0_332]
	at javax.security.auth.Subject.doAs(Subject.java:422) [?:1.8.0_332]
	at org.apache.hadoop.security.UserGroupInformation.doAs(UserGroupInformation.java:1878) [hadoop-common-3.3.1.jar:?]
	at org.apache.hadoop.ipc.Server$Handler.run(Server.java:2966) [hadoop-common-3.3.1.jar:?]
13:55:06.265 [IPC Server handler 0 on default port 42759] ERROR OMAudit - user=runner | ip=127.0.0.1 | op=GET_FILE_STATUS {volume=volume68340, bucket=bucket67715, key=testBatchDelete/parent/childFolder/child0, dataSize=0, replicationConfig=null} | ret=FAILURE
org.apache.hadoop.ozone.om.exceptions.OMException: Unable to get file status: volume: volume68340 bucket: bucket67715 key: testBatchDelete/parent/childFolder/child0
	at org.apache.hadoop.ozone.om.KeyManagerImpl.getOzoneFileStatus(KeyManagerImpl.java:1311) ~[ozone-manager-1.3.0-SNAPSHOT.jar:?]
	at org.apache.hadoop.ozone.om.KeyManagerImpl.getFileStatus(KeyManagerImpl.java:1241) ~[ozone-manager-1.3.0-SNAPSHOT.jar:?]
	at org.apache.hadoop.ozone.om.OzoneManager.getFileStatus(OzoneManager.java:3419) ~[ozone-manager-1.3.0-SNAPSHOT.jar:?]
	at org.apache.hadoop.ozone.protocolPB.OzoneManagerRequestHandler.getOzoneFileStatus(OzoneManagerRequestHandler.java:871) ~[ozone-manager-1.3.0-SNAPSHOT.jar:?]
	at org.apache.hadoop.ozone.protocolPB.OzoneManagerRequestHandler.handleReadRequest(OzoneManagerRequestHandler.java:217) ~[ozone-manager-1.3.0-SNAPSHOT.jar:?]
	at org.apache.hadoop.ozone.protocolPB.OzoneManagerProtocolServerSideTranslatorPB.submitReadRequestToOM(OzoneManagerProtocolServerSideTranslatorPB.java:225) ~[ozone-manager-1.3.0-SNAPSHOT.jar:?]
	at org.apache.hadoop.ozone.protocolPB.OzoneManagerProtocolServerSideTranslatorPB.processRequest(OzoneManagerProtocolServerSideTranslatorPB.java:175) ~[ozone-manager-1.3.0-SNAPSHOT.jar:?]
	at org.apache.hadoop.hdds.server.OzoneProtocolMessageDispatcher.processRequest(OzoneProtocolMessageDispatcher.java:87) [hdds-server-framework-1.3.0-SNAPSHOT.jar:?]
	at org.apache.hadoop.ozone.protocolPB.OzoneManagerProtocolServerSideTranslatorPB.submitRequest(OzoneManagerProtocolServerSideTranslatorPB.java:147) [ozone-manager-1.3.0-SNAPSHOT.jar:?]
	at org.apache.hadoop.ozone.protocol.proto.OzoneManagerProtocolProtos$OzoneManagerService$2.callBlockingMethod(OzoneManagerProtocolProtos.java) [ozone-interface-client-1.3.0-SNAPSHOT.jar:?]
	at org.apache.hadoop.ipc.ProtobufRpcEngine$Server.processCall(ProtobufRpcEngine.java:466) [hadoop-common-3.3.1.jar:?]
	at org.apache.hadoop.ipc.ProtobufRpcEngine2$Server$ProtoBufRpcInvoker.call(ProtobufRpcEngine2.java:574) [hadoop-common-3.3.1.jar:?]
	at org.apache.hadoop.ipc.ProtobufRpcEngine2$Server$ProtoBufRpcInvoker.call(ProtobufRpcEngine2.java:552) [hadoop-common-3.3.1.jar:?]
	at org.apache.hadoop.ipc.RPC$Server.call(RPC.java:1093) [hadoop-common-3.3.1.jar:?]
	at org.apache.hadoop.ipc.Server$RpcCall.run(Server.java:1035) [hadoop-common-3.3.1.jar:?]
	at org.apache.hadoop.ipc.Server$RpcCall.run(Server.java:963) [hadoop-common-3.3.1.jar:?]
	at java.security.AccessController.doPrivileged(Native Method) ~[?:1.8.0_332]
	at javax.security.auth.Subject.doAs(Subject.java:422) [?:1.8.0_332]
	at org.apache.hadoop.security.UserGroupInformation.doAs(UserGroupInformation.java:1878) [hadoop-common-3.3.1.jar:?]
	at org.apache.hadoop.ipc.Server$Handler.run(Server.java:2966) [hadoop-common-3.3.1.jar:?]
13:55:06.266 [IPC Server handler 17 on default port 42759] ERROR OMAudit - user=runner | ip=127.0.0.1 | op=GET_FILE_STATUS {volume=volume68340, bucket=bucket67715, key=testBatchDelete/parent/child1, dataSize=0, replicationConfig=null} | ret=FAILURE
org.apache.hadoop.ozone.om.exceptions.OMException: Unable to get file status: volume: volume68340 bucket: bucket67715 key: testBatchDelete/parent/child1
	at org.apache.hadoop.ozone.om.KeyManagerImpl.getOzoneFileStatus(KeyManagerImpl.java:1311) ~[ozone-manager-1.3.0-SNAPSHOT.jar:?]
	at org.apache.hadoop.ozone.om.KeyManagerImpl.getFileStatus(KeyManagerImpl.java:1241) ~[ozone-manager-1.3.0-SNAPSHOT.jar:?]
	at org.apache.hadoop.ozone.om.OzoneManager.getFileStatus(OzoneManager.java:3419) ~[ozone-manager-1.3.0-SNAPSHOT.jar:?]
	at org.apache.hadoop.ozone.protocolPB.OzoneManagerRequestHandler.getOzoneFileStatus(OzoneManagerRequestHandler.java:871) ~[ozone-manager-1.3.0-SNAPSHOT.jar:?]
	at org.apache.hadoop.ozone.protocolPB.OzoneManagerRequestHandler.handleReadRequest(OzoneManagerRequestHandler.java:217) ~[ozone-manager-1.3.0-SNAPSHOT.jar:?]
	at org.apache.hadoop.ozone.protocolPB.OzoneManagerProtocolServerSideTranslatorPB.submitReadRequestToOM(OzoneManagerProtocolServerSideTranslatorPB.java:225) ~[ozone-manager-1.3.0-SNAPSHOT.jar:?]
	at org.apache.hadoop.ozone.protocolPB.OzoneManagerProtocolServerSideTranslatorPB.processRequest(OzoneManagerProtocolServerSideTranslatorPB.java:175) ~[ozone-manager-1.3.0-SNAPSHOT.jar:?]
	at org.apache.hadoop.hdds.server.OzoneProtocolMessageDispatcher.processRequest(OzoneProtocolMessageDispatcher.java:87) [hdds-server-framework-1.3.0-SNAPSHOT.jar:?]
	at org.apache.hadoop.ozone.protocolPB.OzoneManagerProtocolServerSideTranslatorPB.submitRequest(OzoneManagerProtocolServerSideTranslatorPB.java:147) [ozone-manager-1.3.0-SNAPSHOT.jar:?]
	at org.apache.hadoop.ozone.protocol.proto.OzoneManagerProtocolProtos$OzoneManagerService$2.callBlockingMethod(OzoneManagerProtocolProtos.java) [ozone-interface-client-1.3.0-SNAPSHOT.jar:?]
	at org.apache.hadoop.ipc.ProtobufRpcEngine$Server.processCall(ProtobufRpcEngine.java:466) [hadoop-common-3.3.1.jar:?]
	at org.apache.hadoop.ipc.ProtobufRpcEngine2$Server$ProtoBufRpcInvoker.call(ProtobufRpcEngine2.java:574) [hadoop-common-3.3.1.jar:?]
	at org.apache.hadoop.ipc.ProtobufRpcEngine2$Server$ProtoBufRpcInvoker.call(ProtobufRpcEngine2.java:552) [hadoop-common-3.3.1.jar:?]
	at org.apache.hadoop.ipc.RPC$Server.call(RPC.java:1093) [hadoop-common-3.3.1.jar:?]
	at org.apache.hadoop.ipc.Server$RpcCall.run(Server.java:1035) [hadoop-common-3.3.1.jar:?]
	at org.apache.hadoop.ipc.Server$RpcCall.run(Server.java:963) [hadoop-common-3.3.1.jar:?]
	at java.security.AccessController.doPrivileged(Native Method) ~[?:1.8.0_332]
	at javax.security.auth.Subject.doAs(Subject.java:422) [?:1.8.0_332]
	at org.apache.hadoop.security.UserGroupInformation.doAs(UserGroupInformation.java:1878) [hadoop-common-3.3.1.jar:?]
	at org.apache.hadoop.ipc.Server$Handler.run(Server.java:2966) [hadoop-common-3.3.1.jar:?]
13:55:06.266 [IPC Server handler 1 on default port 42759] ERROR OMAudit - user=runner | ip=127.0.0.1 | op=GET_FILE_STATUS {volume=volume68340, bucket=bucket67715, key=testBatchDelete/parent/childFolder/child1, dataSize=0, replicationConfig=null} | ret=FAILURE
org.apache.hadoop.ozone.om.exceptions.OMException: Unable to get file status: volume: volume68340 bucket: bucket67715 key: testBatchDelete/parent/childFolder/child1
	at org.apache.hadoop.ozone.om.KeyManagerImpl.getOzoneFileStatus(KeyManagerImpl.java:1311) ~[ozone-manager-1.3.0-SNAPSHOT.jar:?]
	at org.apache.hadoop.ozone.om.KeyManagerImpl.getFileStatus(KeyManagerImpl.java:1241) ~[ozone-manager-1.3.0-SNAPSHOT.jar:?]
	at org.apache.hadoop.ozone.om.OzoneManager.getFileStatus(OzoneManager.java:3419) ~[ozone-manager-1.3.0-SNAPSHOT.jar:?]
	at org.apache.hadoop.ozone.protocolPB.OzoneManagerRequestHandler.getOzoneFileStatus(OzoneManagerRequestHandler.java:871) ~[ozone-manager-1.3.0-SNAPSHOT.jar:?]
	at org.apache.hadoop.ozone.protocolPB.OzoneManagerRequestHandler.handleReadRequest(OzoneManagerRequestHandler.java:217) ~[ozone-manager-1.3.0-SNAPSHOT.jar:?]
	at org.apache.hadoop.ozone.protocolPB.OzoneManagerProtocolServerSideTranslatorPB.submitReadRequestToOM(OzoneManagerProtocolServerSideTranslatorPB.java:225) ~[ozone-manager-1.3.0-SNAPSHOT.jar:?]
	at org.apache.hadoop.ozone.protocolPB.OzoneManagerProtocolServerSideTranslatorPB.processRequest(OzoneManagerProtocolServerSideTranslatorPB.java:175) ~[ozone-manager-1.3.0-SNAPSHOT.jar:?]
	at org.apache.hadoop.hdds.server.OzoneProtocolMessageDispatcher.processRequest(OzoneProtocolMessageDispatcher.java:87) [hdds-server-framework-1.3.0-SNAPSHOT.jar:?]
	at org.apache.hadoop.ozone.protocolPB.OzoneManagerProtocolServerSideTranslatorPB.submitRequest(OzoneManagerProtocolServerSideTranslatorPB.java:147) [ozone-manager-1.3.0-SNAPSHOT.jar:?]
	at org.apache.hadoop.ozone.protocol.proto.OzoneManagerProtocolProtos$OzoneManagerService$2.callBlockingMethod(OzoneManagerProtocolProtos.java) [ozone-interface-client-1.3.0-SNAPSHOT.jar:?]
	at org.apache.hadoop.ipc.ProtobufRpcEngine$Server.processCall(ProtobufRpcEngine.java:466) [hadoop-common-3.3.1.jar:?]
	at org.apache.hadoop.ipc.ProtobufRpcEngine2$Server$ProtoBufRpcInvoker.call(ProtobufRpcEngine2.java:574) [hadoop-common-3.3.1.jar:?]
	at org.apache.hadoop.ipc.ProtobufRpcEngine2$Server$ProtoBufRpcInvoker.call(ProtobufRpcEngine2.java:552) [hadoop-common-3.3.1.jar:?]
	at org.apache.hadoop.ipc.RPC$Server.call(RPC.java:1093) [hadoop-common-3.3.1.jar:?]
	at org.apache.hadoop.ipc.Server$RpcCall.run(Server.java:1035) [hadoop-common-3.3.1.jar:?]
	at org.apache.hadoop.ipc.Server$RpcCall.run(Server.java:963) [hadoop-common-3.3.1.jar:?]
	at java.security.AccessController.doPrivileged(Native Method) ~[?:1.8.0_332]
	at javax.security.auth.Subject.doAs(Subject.java:422) [?:1.8.0_332]
	at org.apache.hadoop.security.UserGroupInformation.doAs(UserGroupInformation.java:1878) [hadoop-common-3.3.1.jar:?]
	at org.apache.hadoop.ipc.Server$Handler.run(Server.java:2966) [hadoop-common-3.3.1.jar:?]
13:55:06.267 [IPC Server handler 16 on default port 42759] ERROR OMAudit - user=runner | ip=127.0.0.1 | op=GET_FILE_STATUS {volume=volume68340, bucket=bucket67715, key=testBatchDelete/parent/child2, dataSize=0, replicationConfig=null} | ret=FAILURE
org.apache.hadoop.ozone.om.exceptions.OMException: Unable to get file status: volume: volume68340 bucket: bucket67715 key: testBatchDelete/parent/child2
	at org.apache.hadoop.ozone.om.KeyManagerImpl.getOzoneFileStatus(KeyManagerImpl.java:1311) ~[ozone-manager-1.3.0-SNAPSHOT.jar:?]
	at org.apache.hadoop.ozone.om.KeyManagerImpl.getFileStatus(KeyManagerImpl.java:1241) ~[ozone-manager-1.3.0-SNAPSHOT.jar:?]
	at org.apache.hadoop.ozone.om.OzoneManager.getFileStatus(OzoneManager.java:3419) ~[ozone-manager-1.3.0-SNAPSHOT.jar:?]
	at org.apache.hadoop.ozone.protocolPB.OzoneManagerRequestHandler.getOzoneFileStatus(OzoneManagerRequestHandler.java:871) ~[ozone-manager-1.3.0-SNAPSHOT.jar:?]
	at org.apache.hadoop.ozone.protocolPB.OzoneManagerRequestHandler.handleReadRequest(OzoneManagerRequestHandler.java:217) ~[ozone-manager-1.3.0-SNAPSHOT.jar:?]
	at org.apache.hadoop.ozone.protocolPB.OzoneManagerProtocolServerSideTranslatorPB.submitReadRequestToOM(OzoneManagerProtocolServerSideTranslatorPB.java:225) ~[ozone-manager-1.3.0-SNAPSHOT.jar:?]
	at org.apache.hadoop.ozone.protocolPB.OzoneManagerProtocolServerSideTranslatorPB.processRequest(OzoneManagerProtocolServerSideTranslatorPB.java:175) ~[ozone-manager-1.3.0-SNAPSHOT.jar:?]
	at org.apache.hadoop.hdds.server.OzoneProtocolMessageDispatcher.processRequest(OzoneProtocolMessageDispatcher.java:87) [hdds-server-framework-1.3.0-SNAPSHOT.jar:?]
	at org.apache.hadoop.ozone.protocolPB.OzoneManagerProtocolServerSideTranslatorPB.submitRequest(OzoneManagerProtocolServerSideTranslatorPB.java:147) [ozone-manager-1.3.0-SNAPSHOT.jar:?]
	at org.apache.hadoop.ozone.protocol.proto.OzoneManagerProtocolProtos$OzoneManagerService$2.callBlockingMethod(OzoneManagerProtocolProtos.java) [ozone-interface-client-1.3.0-SNAPSHOT.jar:?]
	at org.apache.hadoop.ipc.ProtobufRpcEngine$Server.processCall(ProtobufRpcEngine.java:466) [hadoop-common-3.3.1.jar:?]
	at org.apache.hadoop.ipc.ProtobufRpcEngine2$Server$ProtoBufRpcInvoker.call(ProtobufRpcEngine2.java:574) [hadoop-common-3.3.1.jar:?]
	at org.apache.hadoop.ipc.ProtobufRpcEngine2$Server$ProtoBufRpcInvoker.call(ProtobufRpcEngine2.java:552) [hadoop-common-3.3.1.jar:?]
	at org.apache.hadoop.ipc.RPC$Server.call(RPC.java:1093) [hadoop-common-3.3.1.jar:?]
	at org.apache.hadoop.ipc.Server$RpcCall.run(Server.java:1035) [hadoop-common-3.3.1.jar:?]
	at org.apache.hadoop.ipc.Server$RpcCall.run(Server.java:963) [hadoop-common-3.3.1.jar:?]
	at java.security.AccessController.doPrivileged(Native Method) ~[?:1.8.0_332]
	at javax.security.auth.Subject.doAs(Subject.java:422) [?:1.8.0_332]
	at org.apache.hadoop.security.UserGroupInformation.doAs(UserGroupInformation.java:1878) [hadoop-common-3.3.1.jar:?]
	at org.apache.hadoop.ipc.Server$Handler.run(Server.java:2966) [hadoop-common-3.3.1.jar:?]
13:55:06.268 [IPC Server handler 8 on default port 42759] ERROR OMAudit - user=runner | ip=127.0.0.1 | op=GET_FILE_STATUS {volume=volume68340, bucket=bucket67715, key=testBatchDelete/parent/childFolder/child2, dataSize=0, replicationConfig=null} | ret=FAILURE
org.apache.hadoop.ozone.om.exceptions.OMException: Unable to get file status: volume: volume68340 bucket: bucket67715 key: testBatchDelete/parent/childFolder/child2
	at org.apache.hadoop.ozone.om.KeyManagerImpl.getOzoneFileStatus(KeyManagerImpl.java:1311) ~[ozone-manager-1.3.0-SNAPSHOT.jar:?]
	at org.apache.hadoop.ozone.om.KeyManagerImpl.getFileStatus(KeyManagerImpl.java:1241) ~[ozone-manager-1.3.0-SNAPSHOT.jar:?]
	at org.apache.hadoop.ozone.om.OzoneManager.getFileStatus(OzoneManager.java:3419) ~[ozone-manager-1.3.0-SNAPSHOT.jar:?]
	at org.apache.hadoop.ozone.protocolPB.OzoneManagerRequestHandler.getOzoneFileStatus(OzoneManagerRequestHandler.java:871) ~[ozone-manager-1.3.0-SNAPSHOT.jar:?]
	at org.apache.hadoop.ozone.protocolPB.OzoneManagerRequestHandler.handleReadRequest(OzoneManagerRequestHandler.java:217) ~[ozone-manager-1.3.0-SNAPSHOT.jar:?]
	at org.apache.hadoop.ozone.protocolPB.OzoneManagerProtocolServerSideTranslatorPB.submitReadRequestToOM(OzoneManagerProtocolServerSideTranslatorPB.java:225) ~[ozone-manager-1.3.0-SNAPSHOT.jar:?]
	at org.apache.hadoop.ozone.protocolPB.OzoneManagerProtocolServerSideTranslatorPB.processRequest(OzoneManagerProtocolServerSideTranslatorPB.java:175) ~[ozone-manager-1.3.0-SNAPSHOT.jar:?]
	at org.apache.hadoop.hdds.server.OzoneProtocolMessageDispatcher.processRequest(OzoneProtocolMessageDispatcher.java:87) [hdds-server-framework-1.3.0-SNAPSHOT.jar:?]
	at org.apache.hadoop.ozone.protocolPB.OzoneManagerProtocolServerSideTranslatorPB.submitRequest(OzoneManagerProtocolServerSideTranslatorPB.java:147) [ozone-manager-1.3.0-SNAPSHOT.jar:?]
	at org.apache.hadoop.ozone.protocol.proto.OzoneManagerProtocolProtos$OzoneManagerService$2.callBlockingMethod(OzoneManagerProtocolProtos.java) [ozone-interface-client-1.3.0-SNAPSHOT.jar:?]
	at org.apache.hadoop.ipc.ProtobufRpcEngine$Server.processCall(ProtobufRpcEngine.java:466) [hadoop-common-3.3.1.jar:?]
	at org.apache.hadoop.ipc.ProtobufRpcEngine2$Server$ProtoBufRpcInvoker.call(ProtobufRpcEngine2.java:574) [hadoop-common-3.3.1.jar:?]
	at org.apache.hadoop.ipc.ProtobufRpcEngine2$Server$ProtoBufRpcInvoker.call(ProtobufRpcEngine2.java:552) [hadoop-common-3.3.1.jar:?]
	at org.apache.hadoop.ipc.RPC$Server.call(RPC.java:1093) [hadoop-common-3.3.1.jar:?]
	at org.apache.hadoop.ipc.Server$RpcCall.run(Server.java:1035) [hadoop-common-3.3.1.jar:?]
	at org.apache.hadoop.ipc.Server$RpcCall.run(Server.java:963) [hadoop-common-3.3.1.jar:?]
	at java.security.AccessController.doPrivileged(Native Method) ~[?:1.8.0_332]
	at javax.security.auth.Subject.doAs(Subject.java:422) [?:1.8.0_332]
	at org.apache.hadoop.security.UserGroupInformation.doAs(UserGroupInformation.java:1878) [hadoop-common-3.3.1.jar:?]
	at org.apache.hadoop.ipc.Server$Handler.run(Server.java:2966) [hadoop-common-3.3.1.jar:?]
13:55:06.268 [IPC Server handler 9 on default port 42759] ERROR OMAudit - user=runner | ip=127.0.0.1 | op=GET_FILE_STATUS {volume=volume68340, bucket=bucket67715, key=testBatchDelete/parent/child3, dataSize=0, replicationConfig=null} | ret=FAILURE
org.apache.hadoop.ozone.om.exceptions.OMException: Unable to get file status: volume: volume68340 bucket: bucket67715 key: testBatchDelete/parent/child3
	at org.apache.hadoop.ozone.om.KeyManagerImpl.getOzoneFileStatus(KeyManagerImpl.java:1311) ~[ozone-manager-1.3.0-SNAPSHOT.jar:?]
	at org.apache.hadoop.ozone.om.KeyManagerImpl.getFileStatus(KeyManagerImpl.java:1241) ~[ozone-manager-1.3.0-SNAPSHOT.jar:?]
	at org.apache.hadoop.ozone.om.OzoneManager.getFileStatus(OzoneManager.java:3419) ~[ozone-manager-1.3.0-SNAPSHOT.jar:?]
	at org.apache.hadoop.ozone.protocolPB.OzoneManagerRequestHandler.getOzoneFileStatus(OzoneManagerRequestHandler.java:871) ~[ozone-manager-1.3.0-SNAPSHOT.jar:?]
	at org.apache.hadoop.ozone.protocolPB.OzoneManagerRequestHandler.handleReadRequest(OzoneManagerRequestHandler.java:217) ~[ozone-manager-1.3.0-SNAPSHOT.jar:?]
	at org.apache.hadoop.ozone.protocolPB.OzoneManagerProtocolServerSideTranslatorPB.submitReadRequestToOM(OzoneManagerProtocolServerSideTranslatorPB.java:225) ~[ozone-manager-1.3.0-SNAPSHOT.jar:?]
	at org.apache.hadoop.ozone.protocolPB.OzoneManagerProtocolServerSideTranslatorPB.processRequest(OzoneManagerProtocolServerSideTranslatorPB.java:175) ~[ozone-manager-1.3.0-SNAPSHOT.jar:?]
	at org.apache.hadoop.hdds.server.OzoneProtocolMessageDispatcher.processRequest(OzoneProtocolMessageDispatcher.java:87) [hdds-server-framework-1.3.0-SNAPSHOT.jar:?]
	at org.apache.hadoop.ozone.protocolPB.OzoneManagerProtocolServerSideTranslatorPB.submitRequest(OzoneManagerProtocolServerSideTranslatorPB.java:147) [ozone-manager-1.3.0-SNAPSHOT.jar:?]
	at org.apache.hadoop.ozone.protocol.proto.OzoneManagerProtocolProtos$OzoneManagerService$2.callBlockingMethod(OzoneManagerProtocolProtos.java) [ozone-interface-client-1.3.0-SNAPSHOT.jar:?]
	at org.apache.hadoop.ipc.ProtobufRpcEngine$Server.processCall(ProtobufRpcEngine.java:466) [hadoop-common-3.3.1.jar:?]
	at org.apache.hadoop.ipc.ProtobufRpcEngine2$Server$ProtoBufRpcInvoker.call(ProtobufRpcEngine2.java:574) [hadoop-common-3.3.1.jar:?]
	at org.apache.hadoop.ipc.ProtobufRpcEngine2$Server$ProtoBufRpcInvoker.call(ProtobufRpcEngine2.java:552) [hadoop-common-3.3.1.jar:?]
	at org.apache.hadoop.ipc.RPC$Server.call(RPC.java:1093) [hadoop-common-3.3.1.jar:?]
	at org.apache.hadoop.ipc.Server$RpcCall.run(Server.java:1035) [hadoop-common-3.3.1.jar:?]
	at org.apache.hadoop.ipc.Server$RpcCall.run(Server.java:963) [hadoop-common-3.3.1.jar:?]
	at java.security.AccessController.doPrivileged(Native Method) ~[?:1.8.0_332]
	at javax.security.auth.Subject.doAs(Subject.java:422) [?:1.8.0_332]
	at org.apache.hadoop.security.UserGroupInformation.doAs(UserGroupInformation.java:1878) [hadoop-common-3.3.1.jar:?]
	at org.apache.hadoop.ipc.Server$Handler.run(Server.java:2966) [hadoop-common-3.3.1.jar:?]
13:55:06.269 [IPC Server handler 15 on default port 42759] ERROR OMAudit - user=runner | ip=127.0.0.1 | op=GET_FILE_STATUS {volume=volume68340, bucket=bucket67715, key=testBatchDelete/parent/childFolder/child3, dataSize=0, replicationConfig=null} | ret=FAILURE
org.apache.hadoop.ozone.om.exceptions.OMException: Unable to get file status: volume: volume68340 bucket: bucket67715 key: testBatchDelete/parent/childFolder/child3
	at org.apache.hadoop.ozone.om.KeyManagerImpl.getOzoneFileStatus(KeyManagerImpl.java:1311) ~[ozone-manager-1.3.0-SNAPSHOT.jar:?]
	at org.apache.hadoop.ozone.om.KeyManagerImpl.getFileStatus(KeyManagerImpl.java:1241) ~[ozone-manager-1.3.0-SNAPSHOT.jar:?]
	at org.apache.hadoop.ozone.om.OzoneManager.getFileStatus(OzoneManager.java:3419) ~[ozone-manager-1.3.0-SNAPSHOT.jar:?]
	at org.apache.hadoop.ozone.protocolPB.OzoneManagerRequestHandler.getOzoneFileStatus(OzoneManagerRequestHandler.java:871) ~[ozone-manager-1.3.0-SNAPSHOT.jar:?]
	at org.apache.hadoop.ozone.protocolPB.OzoneManagerRequestHandler.handleReadRequest(OzoneManagerRequestHandler.java:217) ~[ozone-manager-1.3.0-SNAPSHOT.jar:?]
	at org.apache.hadoop.ozone.protocolPB.OzoneManagerProtocolServerSideTranslatorPB.submitReadRequestToOM(OzoneManagerProtocolServerSideTranslatorPB.java:225) ~[ozone-manager-1.3.0-SNAPSHOT.jar:?]
	at org.apache.hadoop.ozone.protocolPB.OzoneManagerProtocolServerSideTranslatorPB.processRequest(OzoneManagerProtocolServerSideTranslatorPB.java:175) ~[ozone-manager-1.3.0-SNAPSHOT.jar:?]
	at org.apache.hadoop.hdds.server.OzoneProtocolMessageDispatcher.processRequest(OzoneProtocolMessageDispatcher.java:87) [hdds-server-framework-1.3.0-SNAPSHOT.jar:?]
	at org.apache.hadoop.ozone.protocolPB.OzoneManagerProtocolServerSideTranslatorPB.submitRequest(OzoneManagerProtocolServerSideTranslatorPB.java:147) [ozone-manager-1.3.0-SNAPSHOT.jar:?]
	at org.apache.hadoop.ozone.protocol.proto.OzoneManagerProtocolProtos$OzoneManagerService$2.callBlockingMethod(OzoneManagerProtocolProtos.java) [ozone-interface-client-1.3.0-SNAPSHOT.jar:?]
	at org.apache.hadoop.ipc.ProtobufRpcEngine$Server.processCall(ProtobufRpcEngine.java:466) [hadoop-common-3.3.1.jar:?]
	at org.apache.hadoop.ipc.ProtobufRpcEngine2$Server$ProtoBufRpcInvoker.call(ProtobufRpcEngine2.java:574) [hadoop-common-3.3.1.jar:?]
	at org.apache.hadoop.ipc.ProtobufRpcEngine2$Server$ProtoBufRpcInvoker.call(ProtobufRpcEngine2.java:552) [hadoop-common-3.3.1.jar:?]
	at org.apache.hadoop.ipc.RPC$Server.call(RPC.java:1093) [hadoop-common-3.3.1.jar:?]
	at org.apache.hadoop.ipc.Server$RpcCall.run(Server.java:1035) [hadoop-common-3.3.1.jar:?]
	at org.apache.hadoop.ipc.Server$RpcCall.run(Server.java:963) [hadoop-common-3.3.1.jar:?]
	at java.security.AccessController.doPrivileged(Native Method) ~[?:1.8.0_332]
	at javax.security.auth.Subject.doAs(Subject.java:422) [?:1.8.0_332]
	at org.apache.hadoop.security.UserGroupInformation.doAs(UserGroupInformation.java:1878) [hadoop-common-3.3.1.jar:?]
	at org.apache.hadoop.ipc.Server$Handler.run(Server.java:2966) [hadoop-common-3.3.1.jar:?]
13:55:06.270 [IPC Server handler 14 on default port 42759] ERROR OMAudit - user=runner | ip=127.0.0.1 | op=GET_FILE_STATUS {volume=volume68340, bucket=bucket67715, key=testBatchDelete/parent/child4, dataSize=0, replicationConfig=null} | ret=FAILURE
org.apache.hadoop.ozone.om.exceptions.OMException: Unable to get file status: volume: volume68340 bucket: bucket67715 key: testBatchDelete/parent/child4
	at org.apache.hadoop.ozone.om.KeyManagerImpl.getOzoneFileStatus(KeyManagerImpl.java:1311) ~[ozone-manager-1.3.0-SNAPSHOT.jar:?]
	at org.apache.hadoop.ozone.om.KeyManagerImpl.getFileStatus(KeyManagerImpl.java:1241) ~[ozone-manager-1.3.0-SNAPSHOT.jar:?]
	at org.apache.hadoop.ozone.om.OzoneManager.getFileStatus(OzoneManager.java:3419) ~[ozone-manager-1.3.0-SNAPSHOT.jar:?]
	at org.apache.hadoop.ozone.protocolPB.OzoneManagerRequestHandler.getOzoneFileStatus(OzoneManagerRequestHandler.java:871) ~[ozone-manager-1.3.0-SNAPSHOT.jar:?]
	at org.apache.hadoop.ozone.protocolPB.OzoneManagerRequestHandler.handleReadRequest(OzoneManagerRequestHandler.java:217) ~[ozone-manager-1.3.0-SNAPSHOT.jar:?]
	at org.apache.hadoop.ozone.protocolPB.OzoneManagerProtocolServerSideTranslatorPB.submitReadRequestToOM(OzoneManagerProtocolServerSideTranslatorPB.java:225) ~[ozone-manager-1.3.0-SNAPSHOT.jar:?]
	at org.apache.hadoop.ozone.protocolPB.OzoneManagerProtocolServerSideTranslatorPB.processRequest(OzoneManagerProtocolServerSideTranslatorPB.java:175) ~[ozone-manager-1.3.0-SNAPSHOT.jar:?]
	at org.apache.hadoop.hdds.server.OzoneProtocolMessageDispatcher.processRequest(OzoneProtocolMessageDispatcher.java:87) [hdds-server-framework-1.3.0-SNAPSHOT.jar:?]
	at org.apache.hadoop.ozone.protocolPB.OzoneManagerProtocolServerSideTranslatorPB.submitRequest(OzoneManagerProtocolServerSideTranslatorPB.java:147) [ozone-manager-1.3.0-SNAPSHOT.jar:?]
	at org.apache.hadoop.ozone.protocol.proto.OzoneManagerProtocolProtos$OzoneManagerService$2.callBlockingMethod(OzoneManagerProtocolProtos.java) [ozone-interface-client-1.3.0-SNAPSHOT.jar:?]
	at org.apache.hadoop.ipc.ProtobufRpcEngine$Server.processCall(ProtobufRpcEngine.java:466) [hadoop-common-3.3.1.jar:?]
	at org.apache.hadoop.ipc.ProtobufRpcEngine2$Server$ProtoBufRpcInvoker.call(ProtobufRpcEngine2.java:574) [hadoop-common-3.3.1.jar:?]
	at org.apache.hadoop.ipc.ProtobufRpcEngine2$Server$ProtoBufRpcInvoker.call(ProtobufRpcEngine2.java:552) [hadoop-common-3.3.1.jar:?]
	at org.apache.hadoop.ipc.RPC$Server.call(RPC.java:1093) [hadoop-common-3.3.1.jar:?]
	at org.apache.hadoop.ipc.Server$RpcCall.run(Server.java:1035) [hadoop-common-3.3.1.jar:?]
	at org.apache.hadoop.ipc.Server$RpcCall.run(Server.java:963) [hadoop-common-3.3.1.jar:?]
	at java.security.AccessController.doPrivileged(Native Method) ~[?:1.8.0_332]
	at javax.security.auth.Subject.doAs(Subject.java:422) [?:1.8.0_332]
	at org.apache.hadoop.security.UserGroupInformation.doAs(UserGroupInformation.java:1878) [hadoop-common-3.3.1.jar:?]
	at org.apache.hadoop.ipc.Server$Handler.run(Server.java:2966) [hadoop-common-3.3.1.jar:?]
13:55:06.270 [IPC Server handler 18 on default port 42759] ERROR OMAudit - user=runner | ip=127.0.0.1 | op=GET_FILE_STATUS {volume=volume68340, bucket=bucket67715, key=testBatchDelete/parent/childFolder/child4, dataSize=0, replicationConfig=null} | ret=FAILURE
org.apache.hadoop.ozone.om.exceptions.OMException: Unable to get file status: volume: volume68340 bucket: bucket67715 key: testBatchDelete/parent/childFolder/child4
	at org.apache.hadoop.ozone.om.KeyManagerImpl.getOzoneFileStatus(KeyManagerImpl.java:1311) ~[ozone-manager-1.3.0-SNAPSHOT.jar:?]
	at org.apache.hadoop.ozone.om.KeyManagerImpl.getFileStatus(KeyManagerImpl.java:1241) ~[ozone-manager-1.3.0-SNAPSHOT.jar:?]
	at org.apache.hadoop.ozone.om.OzoneManager.getFileStatus(OzoneManager.java:3419) ~[ozone-manager-1.3.0-SNAPSHOT.jar:?]
	at org.apache.hadoop.ozone.protocolPB.OzoneManagerRequestHandler.getOzoneFileStatus(OzoneManagerRequestHandler.java:871) ~[ozone-manager-1.3.0-SNAPSHOT.jar:?]
	at org.apache.hadoop.ozone.protocolPB.OzoneManagerRequestHandler.handleReadRequest(OzoneManagerRequestHandler.java:217) ~[ozone-manager-1.3.0-SNAPSHOT.jar:?]
	at org.apache.hadoop.ozone.protocolPB.OzoneManagerProtocolServerSideTranslatorPB.submitReadRequestToOM(OzoneManagerProtocolServerSideTranslatorPB.java:225) ~[ozone-manager-1.3.0-SNAPSHOT.jar:?]
	at org.apache.hadoop.ozone.protocolPB.OzoneManagerProtocolServerSideTranslatorPB.processRequest(OzoneManagerProtocolServerSideTranslatorPB.java:175) ~[ozone-manager-1.3.0-SNAPSHOT.jar:?]
	at org.apache.hadoop.hdds.server.OzoneProtocolMessageDispatcher.processRequest(OzoneProtocolMessageDispatcher.java:87) [hdds-server-framework-1.3.0-SNAPSHOT.jar:?]
	at org.apache.hadoop.ozone.protocolPB.OzoneManagerProtocolServerSideTranslatorPB.submitRequest(OzoneManagerProtocolServerSideTranslatorPB.java:147) [ozone-manager-1.3.0-SNAPSHOT.jar:?]
	at org.apache.hadoop.ozone.protocol.proto.OzoneManagerProtocolProtos$OzoneManagerService$2.callBlockingMethod(OzoneManagerProtocolProtos.java) [ozone-interface-client-1.3.0-SNAPSHOT.jar:?]
	at org.apache.hadoop.ipc.ProtobufRpcEngine$Server.processCall(ProtobufRpcEngine.java:466) [hadoop-common-3.3.1.jar:?]
	at org.apache.hadoop.ipc.ProtobufRpcEngine2$Server$ProtoBufRpcInvoker.call(ProtobufRpcEngine2.java:574) [hadoop-common-3.3.1.jar:?]
	at org.apache.hadoop.ipc.ProtobufRpcEngine2$Server$ProtoBufRpcInvoker.call(ProtobufRpcEngine2.java:552) [hadoop-common-3.3.1.jar:?]
	at org.apache.hadoop.ipc.RPC$Server.call(RPC.java:1093) [hadoop-common-3.3.1.jar:?]
	at org.apache.hadoop.ipc.Server$RpcCall.run(Server.java:1035) [hadoop-common-3.3.1.jar:?]
	at org.apache.hadoop.ipc.Server$RpcCall.run(Server.java:963) [hadoop-common-3.3.1.jar:?]
	at java.security.AccessController.doPrivileged(Native Method) ~[?:1.8.0_332]
	at javax.security.auth.Subject.doAs(Subject.java:422) [?:1.8.0_332]
	at org.apache.hadoop.security.UserGroupInformation.doAs(UserGroupInformation.java:1878) [hadoop-common-3.3.1.jar:?]
	at org.apache.hadoop.ipc.Server$Handler.run(Server.java:2966) [hadoop-common-3.3.1.jar:?]
13:55:06.271 [IPC Server handler 12 on default port 42759] ERROR OMAudit - user=runner | ip=127.0.0.1 | op=GET_FILE_STATUS {volume=volume68340, bucket=bucket67715, key=testBatchDelete/parent/child5, dataSize=0, replicationConfig=null} | ret=FAILURE
org.apache.hadoop.ozone.om.exceptions.OMException: Unable to get file status: volume: volume68340 bucket: bucket67715 key: testBatchDelete/parent/child5
	at org.apache.hadoop.ozone.om.KeyManagerImpl.getOzoneFileStatus(KeyManagerImpl.java:1311) ~[ozone-manager-1.3.0-SNAPSHOT.jar:?]
	at org.apache.hadoop.ozone.om.KeyManagerImpl.getFileStatus(KeyManagerImpl.java:1241) ~[ozone-manager-1.3.0-SNAPSHOT.jar:?]
	at org.apache.hadoop.ozone.om.OzoneManager.getFileStatus(OzoneManager.java:3419) ~[ozone-manager-1.3.0-SNAPSHOT.jar:?]
	at org.apache.hadoop.ozone.protocolPB.OzoneManagerRequestHandler.getOzoneFileStatus(OzoneManagerRequestHandler.java:871) ~[ozone-manager-1.3.0-SNAPSHOT.jar:?]
	at org.apache.hadoop.ozone.protocolPB.OzoneManagerRequestHandler.handleReadRequest(OzoneManagerRequestHandler.java:217) ~[ozone-manager-1.3.0-SNAPSHOT.jar:?]
	at org.apache.hadoop.ozone.protocolPB.OzoneManagerProtocolServerSideTranslatorPB.submitReadRequestToOM(OzoneManagerProtocolServerSideTranslatorPB.java:225) ~[ozone-manager-1.3.0-SNAPSHOT.jar:?]
	at org.apache.hadoop.ozone.protocolPB.OzoneManagerProtocolServerSideTranslatorPB.processRequest(OzoneManagerProtocolServerSideTranslatorPB.java:175) ~[ozone-manager-1.3.0-SNAPSHOT.jar:?]
	at org.apache.hadoop.hdds.server.OzoneProtocolMessageDispatcher.processRequest(OzoneProtocolMessageDispatcher.java:87) [hdds-server-framework-1.3.0-SNAPSHOT.jar:?]
	at org.apache.hadoop.ozone.protocolPB.OzoneManagerProtocolServerSideTranslatorPB.submitRequest(OzoneManagerProtocolServerSideTranslatorPB.java:147) [ozone-manager-1.3.0-SNAPSHOT.jar:?]
	at org.apache.hadoop.ozone.protocol.proto.OzoneManagerProtocolProtos$OzoneManagerService$2.callBlockingMethod(OzoneManagerProtocolProtos.java) [ozone-interface-client-1.3.0-SNAPSHOT.jar:?]
	at org.apache.hadoop.ipc.ProtobufRpcEngine$Server.processCall(ProtobufRpcEngine.java:466) [hadoop-common-3.3.1.jar:?]
	at org.apache.hadoop.ipc.ProtobufRpcEngine2$Server$ProtoBufRpcInvoker.call(ProtobufRpcEngine2.java:574) [hadoop-common-3.3.1.jar:?]
	at org.apache.hadoop.ipc.ProtobufRpcEngine2$Server$ProtoBufRpcInvoker.call(ProtobufRpcEngine2.java:552) [hadoop-common-3.3.1.jar:?]
	at org.apache.hadoop.ipc.RPC$Server.call(RPC.java:1093) [hadoop-common-3.3.1.jar:?]
	at org.apache.hadoop.ipc.Server$RpcCall.run(Server.java:1035) [hadoop-common-3.3.1.jar:?]
	at org.apache.hadoop.ipc.Server$RpcCall.run(Server.java:963) [hadoop-common-3.3.1.jar:?]
	at java.security.AccessController.doPrivileged(Native Method) ~[?:1.8.0_332]
	at javax.security.auth.Subject.doAs(Subject.java:422) [?:1.8.0_332]
	at org.apache.hadoop.security.UserGroupInformation.doAs(UserGroupInformation.java:1878) [hadoop-common-3.3.1.jar:?]
	at org.apache.hadoop.ipc.Server$Handler.run(Server.java:2966) [hadoop-common-3.3.1.jar:?]
13:55:06.271 [IPC Server handler 13 on default port 42759] ERROR OMAudit - user=runner | ip=127.0.0.1 | op=GET_FILE_STATUS {volume=volume68340, bucket=bucket67715, key=testBatchDelete/parent/childFolder/child5, dataSize=0, replicationConfig=null} | ret=FAILURE
org.apache.hadoop.ozone.om.exceptions.OMException: Unable to get file status: volume: volume68340 bucket: bucket67715 key: testBatchDelete/parent/childFolder/child5
	at org.apache.hadoop.ozone.om.KeyManagerImpl.getOzoneFileStatus(KeyManagerImpl.java:1311) ~[ozone-manager-1.3.0-SNAPSHOT.jar:?]
	at org.apache.hadoop.ozone.om.KeyManagerImpl.getFileStatus(KeyManagerImpl.java:1241) ~[ozone-manager-1.3.0-SNAPSHOT.jar:?]
	at org.apache.hadoop.ozone.om.OzoneManager.getFileStatus(OzoneManager.java:3419) ~[ozone-manager-1.3.0-SNAPSHOT.jar:?]
	at org.apache.hadoop.ozone.protocolPB.OzoneManagerRequestHandler.getOzoneFileStatus(OzoneManagerRequestHandler.java:871) ~[ozone-manager-1.3.0-SNAPSHOT.jar:?]
	at org.apache.hadoop.ozone.protocolPB.OzoneManagerRequestHandler.handleReadRequest(OzoneManagerRequestHandler.java:217) ~[ozone-manager-1.3.0-SNAPSHOT.jar:?]
	at org.apache.hadoop.ozone.protocolPB.OzoneManagerProtocolServerSideTranslatorPB.submitReadRequestToOM(OzoneManagerProtocolServerSideTranslatorPB.java:225) ~[ozone-manager-1.3.0-SNAPSHOT.jar:?]
	at org.apache.hadoop.ozone.protocolPB.OzoneManagerProtocolServerSideTranslatorPB.processRequest(OzoneManagerProtocolServerSideTranslatorPB.java:175) ~[ozone-manager-1.3.0-SNAPSHOT.jar:?]
	at org.apache.hadoop.hdds.server.OzoneProtocolMessageDispatcher.processRequest(OzoneProtocolMessageDispatcher.java:87) [hdds-server-framework-1.3.0-SNAPSHOT.jar:?]
	at org.apache.hadoop.ozone.protocolPB.OzoneManagerProtocolServerSideTranslatorPB.submitRequest(OzoneManagerProtocolServerSideTranslatorPB.java:147) [ozone-manager-1.3.0-SNAPSHOT.jar:?]
	at org.apache.hadoop.ozone.protocol.proto.OzoneManagerProtocolProtos$OzoneManagerService$2.callBlockingMethod(OzoneManagerProtocolProtos.java) [ozone-interface-client-1.3.0-SNAPSHOT.jar:?]
	at org.apache.hadoop.ipc.ProtobufRpcEngine$Server.processCall(ProtobufRpcEngine.java:466) [hadoop-common-3.3.1.jar:?]
	at org.apache.hadoop.ipc.ProtobufRpcEngine2$Server$ProtoBufRpcInvoker.call(ProtobufRpcEngine2.java:574) [hadoop-common-3.3.1.jar:?]
	at org.apache.hadoop.ipc.ProtobufRpcEngine2$Server$ProtoBufRpcInvoker.call(ProtobufRpcEngine2.java:552) [hadoop-common-3.3.1.jar:?]
	at org.apache.hadoop.ipc.RPC$Server.call(RPC.java:1093) [hadoop-common-3.3.1.jar:?]
	at org.apache.hadoop.ipc.Server$RpcCall.run(Server.java:1035) [hadoop-common-3.3.1.jar:?]
	at org.apache.hadoop.ipc.Server$RpcCall.run(Server.java:963) [hadoop-common-3.3.1.jar:?]
	at java.security.AccessController.doPrivileged(Native Method) ~[?:1.8.0_332]
	at javax.security.auth.Subject.doAs(Subject.java:422) [?:1.8.0_332]
	at org.apache.hadoop.security.UserGroupInformation.doAs(UserGroupInformation.java:1878) [hadoop-common-3.3.1.jar:?]
	at org.apache.hadoop.ipc.Server$Handler.run(Server.java:2966) [hadoop-common-3.3.1.jar:?]
13:55:06.272 [IPC Server handler 4 on default port 42759] ERROR OMAudit - user=runner | ip=127.0.0.1 | op=GET_FILE_STATUS {volume=volume68340, bucket=bucket67715, key=testBatchDelete/parent/child6, dataSize=0, replicationConfig=null} | ret=FAILURE
org.apache.hadoop.ozone.om.exceptions.OMException: Unable to get file status: volume: volume68340 bucket: bucket67715 key: testBatchDelete/parent/child6
	at org.apache.hadoop.ozone.om.KeyManagerImpl.getOzoneFileStatus(KeyManagerImpl.java:1311) ~[ozone-manager-1.3.0-SNAPSHOT.jar:?]
	at org.apache.hadoop.ozone.om.KeyManagerImpl.getFileStatus(KeyManagerImpl.java:1241) ~[ozone-manager-1.3.0-SNAPSHOT.jar:?]
	at org.apache.hadoop.ozone.om.OzoneManager.getFileStatus(OzoneManager.java:3419) ~[ozone-manager-1.3.0-SNAPSHOT.jar:?]
	at org.apache.hadoop.ozone.protocolPB.OzoneManagerRequestHandler.getOzoneFileStatus(OzoneManagerRequestHandler.java:871) ~[ozone-manager-1.3.0-SNAPSHOT.jar:?]
	at org.apache.hadoop.ozone.protocolPB.OzoneManagerRequestHandler.handleReadRequest(OzoneManagerRequestHandler.java:217) ~[ozone-manager-1.3.0-SNAPSHOT.jar:?]
	at org.apache.hadoop.ozone.protocolPB.OzoneManagerProtocolServerSideTranslatorPB.submitReadRequestToOM(OzoneManagerProtocolServerSideTranslatorPB.java:225) ~[ozone-manager-1.3.0-SNAPSHOT.jar:?]
	at org.apache.hadoop.ozone.protocolPB.OzoneManagerProtocolServerSideTranslatorPB.processRequest(OzoneManagerProtocolServerSideTranslatorPB.java:175) ~[ozone-manager-1.3.0-SNAPSHOT.jar:?]
	at org.apache.hadoop.hdds.server.OzoneProtocolMessageDispatcher.processRequest(OzoneProtocolMessageDispatcher.java:87) [hdds-server-framework-1.3.0-SNAPSHOT.jar:?]
	at org.apache.hadoop.ozone.protocolPB.OzoneManagerProtocolServerSideTranslatorPB.submitRequest(OzoneManagerProtocolServerSideTranslatorPB.java:147) [ozone-manager-1.3.0-SNAPSHOT.jar:?]
	at org.apache.hadoop.ozone.protocol.proto.OzoneManagerProtocolProtos$OzoneManagerService$2.callBlockingMethod(OzoneManagerProtocolProtos.java) [ozone-interface-client-1.3.0-SNAPSHOT.jar:?]
	at org.apache.hadoop.ipc.ProtobufRpcEngine$Server.processCall(ProtobufRpcEngine.java:466) [hadoop-common-3.3.1.jar:?]
	at org.apache.hadoop.ipc.ProtobufRpcEngine2$Server$ProtoBufRpcInvoker.call(ProtobufRpcEngine2.java:574) [hadoop-common-3.3.1.jar:?]
	at org.apache.hadoop.ipc.ProtobufRpcEngine2$Server$ProtoBufRpcInvoker.call(ProtobufRpcEngine2.java:552) [hadoop-common-3.3.1.jar:?]
	at org.apache.hadoop.ipc.RPC$Server.call(RPC.java:1093) [hadoop-common-3.3.1.jar:?]
	at org.apache.hadoop.ipc.Server$RpcCall.run(Server.java:1035) [hadoop-common-3.3.1.jar:?]
	at org.apache.hadoop.ipc.Server$RpcCall.run(Server.java:963) [hadoop-common-3.3.1.jar:?]
	at java.security.AccessController.doPrivileged(Native Method) ~[?:1.8.0_332]
	at javax.security.auth.Subject.doAs(Subject.java:422) [?:1.8.0_332]
	at org.apache.hadoop.security.UserGroupInformation.doAs(UserGroupInformation.java:1878) [hadoop-common-3.3.1.jar:?]
	at org.apache.hadoop.ipc.Server$Handler.run(Server.java:2966) [hadoop-common-3.3.1.jar:?]
13:55:06.273 [IPC Server handler 5 on default port 42759] ERROR OMAudit - user=runner | ip=127.0.0.1 | op=GET_FILE_STATUS {volume=volume68340, bucket=bucket67715, key=testBatchDelete/parent/childFolder/child6, dataSize=0, replicationConfig=null} | ret=FAILURE
org.apache.hadoop.ozone.om.exceptions.OMException: Unable to get file status: volume: volume68340 bucket: bucket67715 key: testBatchDelete/parent/childFolder/child6
	at org.apache.hadoop.ozone.om.KeyManagerImpl.getOzoneFileStatus(KeyManagerImpl.java:1311) ~[ozone-manager-1.3.0-SNAPSHOT.jar:?]
	at org.apache.hadoop.ozone.om.KeyManagerImpl.getFileStatus(KeyManagerImpl.java:1241) ~[ozone-manager-1.3.0-SNAPSHOT.jar:?]
	at org.apache.hadoop.ozone.om.OzoneManager.getFileStatus(OzoneManager.java:3419) ~[ozone-manager-1.3.0-SNAPSHOT.jar:?]
	at org.apache.hadoop.ozone.protocolPB.OzoneManagerRequestHandler.getOzoneFileStatus(OzoneManagerRequestHandler.java:871) ~[ozone-manager-1.3.0-SNAPSHOT.jar:?]
	at org.apache.hadoop.ozone.protocolPB.OzoneManagerRequestHandler.handleReadRequest(OzoneManagerRequestHandler.java:217) ~[ozone-manager-1.3.0-SNAPSHOT.jar:?]
	at org.apache.hadoop.ozone.protocolPB.OzoneManagerProtocolServerSideTranslatorPB.submitReadRequestToOM(OzoneManagerProtocolServerSideTranslatorPB.java:225) ~[ozone-manager-1.3.0-SNAPSHOT.jar:?]
	at org.apache.hadoop.ozone.protocolPB.OzoneManagerProtocolServerSideTranslatorPB.processRequest(OzoneManagerProtocolServerSideTranslatorPB.java:175) ~[ozone-manager-1.3.0-SNAPSHOT.jar:?]
	at org.apache.hadoop.hdds.server.OzoneProtocolMessageDispatcher.processRequest(OzoneProtocolMessageDispatcher.java:87) [hdds-server-framework-1.3.0-SNAPSHOT.jar:?]
	at org.apache.hadoop.ozone.protocolPB.OzoneManagerProtocolServerSideTranslatorPB.submitRequest(OzoneManagerProtocolServerSideTranslatorPB.java:147) [ozone-manager-1.3.0-SNAPSHOT.jar:?]
	at org.apache.hadoop.ozone.protocol.proto.OzoneManagerProtocolProtos$OzoneManagerService$2.callBlockingMethod(OzoneManagerProtocolProtos.java) [ozone-interface-client-1.3.0-SNAPSHOT.jar:?]
	at org.apache.hadoop.ipc.ProtobufRpcEngine$Server.processCall(ProtobufRpcEngine.java:466) [hadoop-common-3.3.1.jar:?]
	at org.apache.hadoop.ipc.ProtobufRpcEngine2$Server$ProtoBufRpcInvoker.call(ProtobufRpcEngine2.java:574) [hadoop-common-3.3.1.jar:?]
	at org.apache.hadoop.ipc.ProtobufRpcEngine2$Server$ProtoBufRpcInvoker.call(ProtobufRpcEngine2.java:552) [hadoop-common-3.3.1.jar:?]
	at org.apache.hadoop.ipc.RPC$Server.call(RPC.java:1093) [hadoop-common-3.3.1.jar:?]
	at org.apache.hadoop.ipc.Server$RpcCall.run(Server.java:1035) [hadoop-common-3.3.1.jar:?]
	at org.apache.hadoop.ipc.Server$RpcCall.run(Server.java:963) [hadoop-common-3.3.1.jar:?]
	at java.security.AccessController.doPrivileged(Native Method) ~[?:1.8.0_332]
	at javax.security.auth.Subject.doAs(Subject.java:422) [?:1.8.0_332]
	at org.apache.hadoop.security.UserGroupInformation.doAs(UserGroupInformation.java:1878) [hadoop-common-3.3.1.jar:?]
	at org.apache.hadoop.ipc.Server$Handler.run(Server.java:2966) [hadoop-common-3.3.1.jar:?]
13:55:06.273 [IPC Server handler 3 on default port 42759] ERROR OMAudit - user=runner | ip=127.0.0.1 | op=GET_FILE_STATUS {volume=volume68340, bucket=bucket67715, key=testBatchDelete/parent/child7, dataSize=0, replicationConfig=null} | ret=FAILURE
org.apache.hadoop.ozone.om.exceptions.OMException: Unable to get file status: volume: volume68340 bucket: bucket67715 key: testBatchDelete/parent/child7
	at org.apache.hadoop.ozone.om.KeyManagerImpl.getOzoneFileStatus(KeyManagerImpl.java:1311) ~[ozone-manager-1.3.0-SNAPSHOT.jar:?]
	at org.apache.hadoop.ozone.om.KeyManagerImpl.getFileStatus(KeyManagerImpl.java:1241) ~[ozone-manager-1.3.0-SNAPSHOT.jar:?]
	at org.apache.hadoop.ozone.om.OzoneManager.getFileStatus(OzoneManager.java:3419) ~[ozone-manager-1.3.0-SNAPSHOT.jar:?]
	at org.apache.hadoop.ozone.protocolPB.OzoneManagerRequestHandler.getOzoneFileStatus(OzoneManagerRequestHandler.java:871) ~[ozone-manager-1.3.0-SNAPSHOT.jar:?]
	at org.apache.hadoop.ozone.protocolPB.OzoneManagerRequestHandler.handleReadRequest(OzoneManagerRequestHandler.java:217) ~[ozone-manager-1.3.0-SNAPSHOT.jar:?]
	at org.apache.hadoop.ozone.protocolPB.OzoneManagerProtocolServerSideTranslatorPB.submitReadRequestToOM(OzoneManagerProtocolServerSideTranslatorPB.java:225) ~[ozone-manager-1.3.0-SNAPSHOT.jar:?]
	at org.apache.hadoop.ozone.protocolPB.OzoneManagerProtocolServerSideTranslatorPB.processRequest(OzoneManagerProtocolServerSideTranslatorPB.java:175) ~[ozone-manager-1.3.0-SNAPSHOT.jar:?]
	at org.apache.hadoop.hdds.server.OzoneProtocolMessageDispatcher.processRequest(OzoneProtocolMessageDispatcher.java:87) [hdds-server-framework-1.3.0-SNAPSHOT.jar:?]
	at org.apache.hadoop.ozone.protocolPB.OzoneManagerProtocolServerSideTranslatorPB.submitRequest(OzoneManagerProtocolServerSideTranslatorPB.java:147) [ozone-manager-1.3.0-SNAPSHOT.jar:?]
	at org.apache.hadoop.ozone.protocol.proto.OzoneManagerProtocolProtos$OzoneManagerService$2.callBlockingMethod(OzoneManagerProtocolProtos.java) [ozone-interface-client-1.3.0-SNAPSHOT.jar:?]
	at org.apache.hadoop.ipc.ProtobufRpcEngine$Server.processCall(ProtobufRpcEngine.java:466) [hadoop-common-3.3.1.jar:?]
	at org.apache.hadoop.ipc.ProtobufRpcEngine2$Server$ProtoBufRpcInvoker.call(ProtobufRpcEngine2.java:574) [hadoop-common-3.3.1.jar:?]
	at org.apache.hadoop.ipc.ProtobufRpcEngine2$Server$ProtoBufRpcInvoker.call(ProtobufRpcEngine2.java:552) [hadoop-common-3.3.1.jar:?]
	at org.apache.hadoop.ipc.RPC$Server.call(RPC.java:1093) [hadoop-common-3.3.1.jar:?]
	at org.apache.hadoop.ipc.Server$RpcCall.run(Server.java:1035) [hadoop-common-3.3.1.jar:?]
	at org.apache.hadoop.ipc.Server$RpcCall.run(Server.java:963) [hadoop-common-3.3.1.jar:?]
	at java.security.AccessController.doPrivileged(Native Method) ~[?:1.8.0_332]
	at javax.security.auth.Subject.doAs(Subject.java:422) [?:1.8.0_332]
	at org.apache.hadoop.security.UserGroupInformation.doAs(UserGroupInformation.java:1878) [hadoop-common-3.3.1.jar:?]
	at org.apache.hadoop.ipc.Server$Handler.run(Server.java:2966) [hadoop-common-3.3.1.jar:?]
13:55:06.276 [IPC Server handler 6 on default port 42759] ERROR OMAudit - user=runner | ip=127.0.0.1 | op=GET_FILE_STATUS {volume=volume68340, bucket=bucket67715, key=testBatchDelete/parent/childFolder/child7, dataSize=0, replicationConfig=null} | ret=FAILURE
org.apache.hadoop.ozone.om.exceptions.OMException: Unable to get file status: volume: volume68340 bucket: bucket67715 key: testBatchDelete/parent/childFolder/child7
	at org.apache.hadoop.ozone.om.KeyManagerImpl.getOzoneFileStatus(KeyManagerImpl.java:1311) ~[ozone-manager-1.3.0-SNAPSHOT.jar:?]
	at org.apache.hadoop.ozone.om.KeyManagerImpl.getFileStatus(KeyManagerImpl.java:1241) ~[ozone-manager-1.3.0-SNAPSHOT.jar:?]
	at org.apache.hadoop.ozone.om.OzoneManager.getFileStatus(OzoneManager.java:3419) ~[ozone-manager-1.3.0-SNAPSHOT.jar:?]
	at org.apache.hadoop.ozone.protocolPB.OzoneManagerRequestHandler.getOzoneFileStatus(OzoneManagerRequestHandler.java:871) ~[ozone-manager-1.3.0-SNAPSHOT.jar:?]
	at org.apache.hadoop.ozone.protocolPB.OzoneManagerRequestHandler.handleReadRequest(OzoneManagerRequestHandler.java:217) ~[ozone-manager-1.3.0-SNAPSHOT.jar:?]
	at org.apache.hadoop.ozone.protocolPB.OzoneManagerProtocolServerSideTranslatorPB.submitReadRequestToOM(OzoneManagerProtocolServerSideTranslatorPB.java:225) ~[ozone-manager-1.3.0-SNAPSHOT.jar:?]
	at org.apache.hadoop.ozone.protocolPB.OzoneManagerProtocolServerSideTranslatorPB.processRequest(OzoneManagerProtocolServerSideTranslatorPB.java:175) ~[ozone-manager-1.3.0-SNAPSHOT.jar:?]
	at org.apache.hadoop.hdds.server.OzoneProtocolMessageDispatcher.processRequest(OzoneProtocolMessageDispatcher.java:87) [hdds-server-framework-1.3.0-SNAPSHOT.jar:?]
	at org.apache.hadoop.ozone.protocolPB.OzoneManagerProtocolServerSideTranslatorPB.submitRequest(OzoneManagerProtocolServerSideTranslatorPB.java:147) [ozone-manager-1.3.0-SNAPSHOT.jar:?]
	at org.apache.hadoop.ozone.protocol.proto.OzoneManagerProtocolProtos$OzoneManagerService$2.callBlockingMethod(OzoneManagerProtocolProtos.java) [ozone-interface-client-1.3.0-SNAPSHOT.jar:?]
	at org.apache.hadoop.ipc.ProtobufRpcEngine$Server.processCall(ProtobufRpcEngine.java:466) [hadoop-common-3.3.1.jar:?]
	at org.apache.hadoop.ipc.ProtobufRpcEngine2$Server$ProtoBufRpcInvoker.call(ProtobufRpcEngine2.java:574) [hadoop-common-3.3.1.jar:?]
	at org.apache.hadoop.ipc.ProtobufRpcEngine2$Server$ProtoBufRpcInvoker.call(ProtobufRpcEngine2.java:552) [hadoop-common-3.3.1.jar:?]
	at org.apache.hadoop.ipc.RPC$Server.call(RPC.java:1093) [hadoop-common-3.3.1.jar:?]
	at org.apache.hadoop.ipc.Server$RpcCall.run(Server.java:1035) [hadoop-common-3.3.1.jar:?]
	at org.apache.hadoop.ipc.Server$RpcCall.run(Server.java:963) [hadoop-common-3.3.1.jar:?]
	at java.security.AccessController.doPrivileged(Native Method) ~[?:1.8.0_332]
	at javax.security.auth.Subject.doAs(Subject.java:422) [?:1.8.0_332]
	at org.apache.hadoop.security.UserGroupInformation.doAs(UserGroupInformation.java:1878) [hadoop-common-3.3.1.jar:?]
	at org.apache.hadoop.ipc.Server$Handler.run(Server.java:2966) [hadoop-common-3.3.1.jar:?]
13:55:06.276 [IPC Server handler 7 on default port 42759] ERROR OMAudit - user=runner | ip=127.0.0.1 | op=GET_FILE_STATUS {volume=volume68340, bucket=bucket67715, key=testBatchDelete/parent, dataSize=0, replicationConfig=null} | ret=FAILURE
org.apache.hadoop.ozone.om.exceptions.OMException: Unable to get file status: volume: volume68340 bucket: bucket67715 key: testBatchDelete/parent
	at org.apache.hadoop.ozone.om.KeyManagerImpl.getOzoneFileStatus(KeyManagerImpl.java:1311) ~[ozone-manager-1.3.0-SNAPSHOT.jar:?]
	at org.apache.hadoop.ozone.om.KeyManagerImpl.getFileStatus(KeyManagerImpl.java:1241) ~[ozone-manager-1.3.0-SNAPSHOT.jar:?]
	at org.apache.hadoop.ozone.om.OzoneManager.getFileStatus(OzoneManager.java:3419) ~[ozone-manager-1.3.0-SNAPSHOT.jar:?]
	at org.apache.hadoop.ozone.protocolPB.OzoneManagerRequestHandler.getOzoneFileStatus(OzoneManagerRequestHandler.java:871) ~[ozone-manager-1.3.0-SNAPSHOT.jar:?]
	at org.apache.hadoop.ozone.protocolPB.OzoneManagerRequestHandler.handleReadRequest(OzoneManagerRequestHandler.java:217) ~[ozone-manager-1.3.0-SNAPSHOT.jar:?]
	at org.apache.hadoop.ozone.protocolPB.OzoneManagerProtocolServerSideTranslatorPB.submitReadRequestToOM(OzoneManagerProtocolServerSideTranslatorPB.java:225) ~[ozone-manager-1.3.0-SNAPSHOT.jar:?]
	at org.apache.hadoop.ozone.protocolPB.OzoneManagerProtocolServerSideTranslatorPB.processRequest(OzoneManagerProtocolServerSideTranslatorPB.java:175) ~[ozone-manager-1.3.0-SNAPSHOT.jar:?]
	at org.apache.hadoop.hdds.server.OzoneProtocolMessageDispatcher.processRequest(OzoneProtocolMessageDispatcher.java:87) [hdds-server-framework-1.3.0-SNAPSHOT.jar:?]
	at org.apache.hadoop.ozone.protocolPB.OzoneManagerProtocolServerSideTranslatorPB.submitRequest(OzoneManagerProtocolServerSideTranslatorPB.java:147) [ozone-manager-1.3.0-SNAPSHOT.jar:?]
	at org.apache.hadoop.ozone.protocol.proto.OzoneManagerProtocolProtos$OzoneManagerService$2.callBlockingMethod(OzoneManagerProtocolProtos.java) [ozone-interface-client-1.3.0-SNAPSHOT.jar:?]
	at org.apache.hadoop.ipc.ProtobufRpcEngine$Server.processCall(ProtobufRpcEngine.java:466) [hadoop-common-3.3.1.jar:?]
	at org.apache.hadoop.ipc.ProtobufRpcEngine2$Server$ProtoBufRpcInvoker.call(ProtobufRpcEngine2.java:574) [hadoop-common-3.3.1.jar:?]
	at org.apache.hadoop.ipc.ProtobufRpcEngine2$Server$ProtoBufRpcInvoker.call(ProtobufRpcEngine2.java:552) [hadoop-common-3.3.1.jar:?]
	at org.apache.hadoop.ipc.RPC$Server.call(RPC.java:1093) [hadoop-common-3.3.1.jar:?]
	at org.apache.hadoop.ipc.Server$RpcCall.run(Server.java:1035) [hadoop-common-3.3.1.jar:?]
	at org.apache.hadoop.ipc.Server$RpcCall.run(Server.java:963) [hadoop-common-3.3.1.jar:?]
	at java.security.AccessController.doPrivileged(Native Method) ~[?:1.8.0_332]
	at javax.security.auth.Subject.doAs(Subject.java:422) [?:1.8.0_332]
	at org.apache.hadoop.security.UserGroupInformation.doAs(UserGroupInformation.java:1878) [hadoop-common-3.3.1.jar:?]
	at org.apache.hadoop.ipc.Server$Handler.run(Server.java:2966) [hadoop-common-3.3.1.jar:?]
2022-06-21 13:55:06,277 [Time-limited test] WARN  ozone.BasicOzoneFileSystem (BasicOzoneFileSystem.java:delete(532)) - delete: Path does not exist: /testBatchDelete/parent
]]></system-out>
  </testcase>
  <testcase name="testFileDelete" classname="TestOzoneFileSystem" time="0.165">
    <system-out><![CDATA[13:56:23.976 [IPC Server handler 4 on default port 33745] ERROR OMAudit - user=runner | ip=127.0.0.1 | op=GET_FILE_STATUS {volume=volume37829, bucket=bucket78784, key=testBatchDelete, dataSize=0, replicationConfig=null} | ret=FAILURE
org.apache.hadoop.ozone.om.exceptions.OMException: Unable to get file status: volume: volume37829 bucket: bucket78784 key: testBatchDelete
	at org.apache.hadoop.ozone.om.KeyManagerImpl.getOzoneFileStatus(KeyManagerImpl.java:1311) ~[ozone-manager-1.3.0-SNAPSHOT.jar:?]
	at org.apache.hadoop.ozone.om.KeyManagerImpl.getFileStatus(KeyManagerImpl.java:1241) ~[ozone-manager-1.3.0-SNAPSHOT.jar:?]
	at org.apache.hadoop.ozone.om.OzoneManager.getFileStatus(OzoneManager.java:3419) ~[ozone-manager-1.3.0-SNAPSHOT.jar:?]
	at org.apache.hadoop.ozone.protocolPB.OzoneManagerRequestHandler.getOzoneFileStatus(OzoneManagerRequestHandler.java:871) ~[ozone-manager-1.3.0-SNAPSHOT.jar:?]
	at org.apache.hadoop.ozone.protocolPB.OzoneManagerRequestHandler.handleReadRequest(OzoneManagerRequestHandler.java:217) ~[ozone-manager-1.3.0-SNAPSHOT.jar:?]
	at org.apache.hadoop.ozone.protocolPB.OzoneManagerProtocolServerSideTranslatorPB.submitRequestDirectlyToOM(OzoneManagerProtocolServerSideTranslatorPB.java:284) ~[ozone-manager-1.3.0-SNAPSHOT.jar:?]
	at org.apache.hadoop.ozone.protocolPB.OzoneManagerProtocolServerSideTranslatorPB.processRequest(OzoneManagerProtocolServerSideTranslatorPB.java:207) ~[ozone-manager-1.3.0-SNAPSHOT.jar:?]
	at org.apache.hadoop.hdds.server.OzoneProtocolMessageDispatcher.processRequest(OzoneProtocolMessageDispatcher.java:87) [hdds-server-framework-1.3.0-SNAPSHOT.jar:?]
	at org.apache.hadoop.ozone.protocolPB.OzoneManagerProtocolServerSideTranslatorPB.submitRequest(OzoneManagerProtocolServerSideTranslatorPB.java:147) [ozone-manager-1.3.0-SNAPSHOT.jar:?]
	at org.apache.hadoop.ozone.protocol.proto.OzoneManagerProtocolProtos$OzoneManagerService$2.callBlockingMethod(OzoneManagerProtocolProtos.java) [ozone-interface-client-1.3.0-SNAPSHOT.jar:?]
	at org.apache.hadoop.ipc.ProtobufRpcEngine$Server.processCall(ProtobufRpcEngine.java:466) [hadoop-common-3.3.1.jar:?]
	at org.apache.hadoop.ipc.ProtobufRpcEngine2$Server$ProtoBufRpcInvoker.call(ProtobufRpcEngine2.java:574) [hadoop-common-3.3.1.jar:?]
	at org.apache.hadoop.ipc.ProtobufRpcEngine2$Server$ProtoBufRpcInvoker.call(ProtobufRpcEngine2.java:552) [hadoop-common-3.3.1.jar:?]
	at org.apache.hadoop.ipc.RPC$Server.call(RPC.java:1093) [hadoop-common-3.3.1.jar:?]
	at org.apache.hadoop.ipc.Server$RpcCall.run(Server.java:1035) [hadoop-common-3.3.1.jar:?]
	at org.apache.hadoop.ipc.Server$RpcCall.run(Server.java:963) [hadoop-common-3.3.1.jar:?]
	at java.security.AccessController.doPrivileged(Native Method) ~[?:1.8.0_332]
	at javax.security.auth.Subject.doAs(Subject.java:422) [?:1.8.0_332]
	at org.apache.hadoop.security.UserGroupInformation.doAs(UserGroupInformation.java:1878) [hadoop-common-3.3.1.jar:?]
	at org.apache.hadoop.ipc.Server$Handler.run(Server.java:2966) [hadoop-common-3.3.1.jar:?]
13:56:23.977 [IPC Server handler 5 on default port 33745] ERROR OMAudit - user=runner | ip=127.0.0.1 | op=GET_FILE_STATUS {volume=volume37829, bucket=bucket78784, key=testBatchDelete/parent/child0, dataSize=0, replicationConfig=null} | ret=FAILURE
org.apache.hadoop.ozone.om.exceptions.OMException: Unable to get file status: volume: volume37829 bucket: bucket78784 key: testBatchDelete/parent/child0
	at org.apache.hadoop.ozone.om.KeyManagerImpl.getOzoneFileStatus(KeyManagerImpl.java:1311) ~[ozone-manager-1.3.0-SNAPSHOT.jar:?]
	at org.apache.hadoop.ozone.om.KeyManagerImpl.getFileStatus(KeyManagerImpl.java:1241) ~[ozone-manager-1.3.0-SNAPSHOT.jar:?]
	at org.apache.hadoop.ozone.om.OzoneManager.getFileStatus(OzoneManager.java:3419) ~[ozone-manager-1.3.0-SNAPSHOT.jar:?]
	at org.apache.hadoop.ozone.protocolPB.OzoneManagerRequestHandler.getOzoneFileStatus(OzoneManagerRequestHandler.java:871) ~[ozone-manager-1.3.0-SNAPSHOT.jar:?]
	at org.apache.hadoop.ozone.protocolPB.OzoneManagerRequestHandler.handleReadRequest(OzoneManagerRequestHandler.java:217) ~[ozone-manager-1.3.0-SNAPSHOT.jar:?]
	at org.apache.hadoop.ozone.protocolPB.OzoneManagerProtocolServerSideTranslatorPB.submitRequestDirectlyToOM(OzoneManagerProtocolServerSideTranslatorPB.java:284) ~[ozone-manager-1.3.0-SNAPSHOT.jar:?]
	at org.apache.hadoop.ozone.protocolPB.OzoneManagerProtocolServerSideTranslatorPB.processRequest(OzoneManagerProtocolServerSideTranslatorPB.java:207) ~[ozone-manager-1.3.0-SNAPSHOT.jar:?]
	at org.apache.hadoop.hdds.server.OzoneProtocolMessageDispatcher.processRequest(OzoneProtocolMessageDispatcher.java:87) [hdds-server-framework-1.3.0-SNAPSHOT.jar:?]
	at org.apache.hadoop.ozone.protocolPB.OzoneManagerProtocolServerSideTranslatorPB.submitRequest(OzoneManagerProtocolServerSideTranslatorPB.java:147) [ozone-manager-1.3.0-SNAPSHOT.jar:?]
	at org.apache.hadoop.ozone.protocol.proto.OzoneManagerProtocolProtos$OzoneManagerService$2.callBlockingMethod(OzoneManagerProtocolProtos.java) [ozone-interface-client-1.3.0-SNAPSHOT.jar:?]
	at org.apache.hadoop.ipc.ProtobufRpcEngine$Server.processCall(ProtobufRpcEngine.java:466) [hadoop-common-3.3.1.jar:?]
	at org.apache.hadoop.ipc.ProtobufRpcEngine2$Server$ProtoBufRpcInvoker.call(ProtobufRpcEngine2.java:574) [hadoop-common-3.3.1.jar:?]
	at org.apache.hadoop.ipc.ProtobufRpcEngine2$Server$ProtoBufRpcInvoker.call(ProtobufRpcEngine2.java:552) [hadoop-common-3.3.1.jar:?]
	at org.apache.hadoop.ipc.RPC$Server.call(RPC.java:1093) [hadoop-common-3.3.1.jar:?]
	at org.apache.hadoop.ipc.Server$RpcCall.run(Server.java:1035) [hadoop-common-3.3.1.jar:?]
	at org.apache.hadoop.ipc.Server$RpcCall.run(Server.java:963) [hadoop-common-3.3.1.jar:?]
	at java.security.AccessController.doPrivileged(Native Method) ~[?:1.8.0_332]
	at javax.security.auth.Subject.doAs(Subject.java:422) [?:1.8.0_332]
	at org.apache.hadoop.security.UserGroupInformation.doAs(UserGroupInformation.java:1878) [hadoop-common-3.3.1.jar:?]
	at org.apache.hadoop.ipc.Server$Handler.run(Server.java:2966) [hadoop-common-3.3.1.jar:?]
13:56:23.977 [IPC Server handler 9 on default port 33745] ERROR OMAudit - user=runner | ip=127.0.0.1 | op=GET_FILE_STATUS {volume=volume37829, bucket=bucket78784, key=testBatchDelete/parent/childFolder/child0, dataSize=0, replicationConfig=null} | ret=FAILURE
org.apache.hadoop.ozone.om.exceptions.OMException: Unable to get file status: volume: volume37829 bucket: bucket78784 key: testBatchDelete/parent/childFolder/child0
	at org.apache.hadoop.ozone.om.KeyManagerImpl.getOzoneFileStatus(KeyManagerImpl.java:1311) ~[ozone-manager-1.3.0-SNAPSHOT.jar:?]
	at org.apache.hadoop.ozone.om.KeyManagerImpl.getFileStatus(KeyManagerImpl.java:1241) ~[ozone-manager-1.3.0-SNAPSHOT.jar:?]
	at org.apache.hadoop.ozone.om.OzoneManager.getFileStatus(OzoneManager.java:3419) ~[ozone-manager-1.3.0-SNAPSHOT.jar:?]
	at org.apache.hadoop.ozone.protocolPB.OzoneManagerRequestHandler.getOzoneFileStatus(OzoneManagerRequestHandler.java:871) ~[ozone-manager-1.3.0-SNAPSHOT.jar:?]
	at org.apache.hadoop.ozone.protocolPB.OzoneManagerRequestHandler.handleReadRequest(OzoneManagerRequestHandler.java:217) ~[ozone-manager-1.3.0-SNAPSHOT.jar:?]
	at org.apache.hadoop.ozone.protocolPB.OzoneManagerProtocolServerSideTranslatorPB.submitRequestDirectlyToOM(OzoneManagerProtocolServerSideTranslatorPB.java:284) ~[ozone-manager-1.3.0-SNAPSHOT.jar:?]
	at org.apache.hadoop.ozone.protocolPB.OzoneManagerProtocolServerSideTranslatorPB.processRequest(OzoneManagerProtocolServerSideTranslatorPB.java:207) ~[ozone-manager-1.3.0-SNAPSHOT.jar:?]
	at org.apache.hadoop.hdds.server.OzoneProtocolMessageDispatcher.processRequest(OzoneProtocolMessageDispatcher.java:87) [hdds-server-framework-1.3.0-SNAPSHOT.jar:?]
	at org.apache.hadoop.ozone.protocolPB.OzoneManagerProtocolServerSideTranslatorPB.submitRequest(OzoneManagerProtocolServerSideTranslatorPB.java:147) [ozone-manager-1.3.0-SNAPSHOT.jar:?]
	at org.apache.hadoop.ozone.protocol.proto.OzoneManagerProtocolProtos$OzoneManagerService$2.callBlockingMethod(OzoneManagerProtocolProtos.java) [ozone-interface-client-1.3.0-SNAPSHOT.jar:?]
	at org.apache.hadoop.ipc.ProtobufRpcEngine$Server.processCall(ProtobufRpcEngine.java:466) [hadoop-common-3.3.1.jar:?]
	at org.apache.hadoop.ipc.ProtobufRpcEngine2$Server$ProtoBufRpcInvoker.call(ProtobufRpcEngine2.java:574) [hadoop-common-3.3.1.jar:?]
	at org.apache.hadoop.ipc.ProtobufRpcEngine2$Server$ProtoBufRpcInvoker.call(ProtobufRpcEngine2.java:552) [hadoop-common-3.3.1.jar:?]
	at org.apache.hadoop.ipc.RPC$Server.call(RPC.java:1093) [hadoop-common-3.3.1.jar:?]
	at org.apache.hadoop.ipc.Server$RpcCall.run(Server.java:1035) [hadoop-common-3.3.1.jar:?]
	at org.apache.hadoop.ipc.Server$RpcCall.run(Server.java:963) [hadoop-common-3.3.1.jar:?]
	at java.security.AccessController.doPrivileged(Native Method) ~[?:1.8.0_332]
	at javax.security.auth.Subject.doAs(Subject.java:422) [?:1.8.0_332]
	at org.apache.hadoop.security.UserGroupInformation.doAs(UserGroupInformation.java:1878) [hadoop-common-3.3.1.jar:?]
	at org.apache.hadoop.ipc.Server$Handler.run(Server.java:2966) [hadoop-common-3.3.1.jar:?]
13:56:23.978 [IPC Server handler 10 on default port 33745] ERROR OMAudit - user=runner | ip=127.0.0.1 | op=GET_FILE_STATUS {volume=volume37829, bucket=bucket78784, key=testBatchDelete/parent/child1, dataSize=0, replicationConfig=null} | ret=FAILURE
org.apache.hadoop.ozone.om.exceptions.OMException: Unable to get file status: volume: volume37829 bucket: bucket78784 key: testBatchDelete/parent/child1
	at org.apache.hadoop.ozone.om.KeyManagerImpl.getOzoneFileStatus(KeyManagerImpl.java:1311) ~[ozone-manager-1.3.0-SNAPSHOT.jar:?]
	at org.apache.hadoop.ozone.om.KeyManagerImpl.getFileStatus(KeyManagerImpl.java:1241) ~[ozone-manager-1.3.0-SNAPSHOT.jar:?]
	at org.apache.hadoop.ozone.om.OzoneManager.getFileStatus(OzoneManager.java:3419) ~[ozone-manager-1.3.0-SNAPSHOT.jar:?]
	at org.apache.hadoop.ozone.protocolPB.OzoneManagerRequestHandler.getOzoneFileStatus(OzoneManagerRequestHandler.java:871) ~[ozone-manager-1.3.0-SNAPSHOT.jar:?]
	at org.apache.hadoop.ozone.protocolPB.OzoneManagerRequestHandler.handleReadRequest(OzoneManagerRequestHandler.java:217) ~[ozone-manager-1.3.0-SNAPSHOT.jar:?]
	at org.apache.hadoop.ozone.protocolPB.OzoneManagerProtocolServerSideTranslatorPB.submitRequestDirectlyToOM(OzoneManagerProtocolServerSideTranslatorPB.java:284) ~[ozone-manager-1.3.0-SNAPSHOT.jar:?]
	at org.apache.hadoop.ozone.protocolPB.OzoneManagerProtocolServerSideTranslatorPB.processRequest(OzoneManagerProtocolServerSideTranslatorPB.java:207) ~[ozone-manager-1.3.0-SNAPSHOT.jar:?]
	at org.apache.hadoop.hdds.server.OzoneProtocolMessageDispatcher.processRequest(OzoneProtocolMessageDispatcher.java:87) [hdds-server-framework-1.3.0-SNAPSHOT.jar:?]
	at org.apache.hadoop.ozone.protocolPB.OzoneManagerProtocolServerSideTranslatorPB.submitRequest(OzoneManagerProtocolServerSideTranslatorPB.java:147) [ozone-manager-1.3.0-SNAPSHOT.jar:?]
	at org.apache.hadoop.ozone.protocol.proto.OzoneManagerProtocolProtos$OzoneManagerService$2.callBlockingMethod(OzoneManagerProtocolProtos.java) [ozone-interface-client-1.3.0-SNAPSHOT.jar:?]
	at org.apache.hadoop.ipc.ProtobufRpcEngine$Server.processCall(ProtobufRpcEngine.java:466) [hadoop-common-3.3.1.jar:?]
	at org.apache.hadoop.ipc.ProtobufRpcEngine2$Server$ProtoBufRpcInvoker.call(ProtobufRpcEngine2.java:574) [hadoop-common-3.3.1.jar:?]
	at org.apache.hadoop.ipc.ProtobufRpcEngine2$Server$ProtoBufRpcInvoker.call(ProtobufRpcEngine2.java:552) [hadoop-common-3.3.1.jar:?]
	at org.apache.hadoop.ipc.RPC$Server.call(RPC.java:1093) [hadoop-common-3.3.1.jar:?]
	at org.apache.hadoop.ipc.Server$RpcCall.run(Server.java:1035) [hadoop-common-3.3.1.jar:?]
	at org.apache.hadoop.ipc.Server$RpcCall.run(Server.java:963) [hadoop-common-3.3.1.jar:?]
	at java.security.AccessController.doPrivileged(Native Method) ~[?:1.8.0_332]
	at javax.security.auth.Subject.doAs(Subject.java:422) [?:1.8.0_332]
	at org.apache.hadoop.security.UserGroupInformation.doAs(UserGroupInformation.java:1878) [hadoop-common-3.3.1.jar:?]
	at org.apache.hadoop.ipc.Server$Handler.run(Server.java:2966) [hadoop-common-3.3.1.jar:?]
13:56:23.979 [IPC Server handler 13 on default port 33745] ERROR OMAudit - user=runner | ip=127.0.0.1 | op=GET_FILE_STATUS {volume=volume37829, bucket=bucket78784, key=testBatchDelete/parent/childFolder/child1, dataSize=0, replicationConfig=null} | ret=FAILURE
org.apache.hadoop.ozone.om.exceptions.OMException: Unable to get file status: volume: volume37829 bucket: bucket78784 key: testBatchDelete/parent/childFolder/child1
	at org.apache.hadoop.ozone.om.KeyManagerImpl.getOzoneFileStatus(KeyManagerImpl.java:1311) ~[ozone-manager-1.3.0-SNAPSHOT.jar:?]
	at org.apache.hadoop.ozone.om.KeyManagerImpl.getFileStatus(KeyManagerImpl.java:1241) ~[ozone-manager-1.3.0-SNAPSHOT.jar:?]
	at org.apache.hadoop.ozone.om.OzoneManager.getFileStatus(OzoneManager.java:3419) ~[ozone-manager-1.3.0-SNAPSHOT.jar:?]
	at org.apache.hadoop.ozone.protocolPB.OzoneManagerRequestHandler.getOzoneFileStatus(OzoneManagerRequestHandler.java:871) ~[ozone-manager-1.3.0-SNAPSHOT.jar:?]
	at org.apache.hadoop.ozone.protocolPB.OzoneManagerRequestHandler.handleReadRequest(OzoneManagerRequestHandler.java:217) ~[ozone-manager-1.3.0-SNAPSHOT.jar:?]
	at org.apache.hadoop.ozone.protocolPB.OzoneManagerProtocolServerSideTranslatorPB.submitRequestDirectlyToOM(OzoneManagerProtocolServerSideTranslatorPB.java:284) ~[ozone-manager-1.3.0-SNAPSHOT.jar:?]
	at org.apache.hadoop.ozone.protocolPB.OzoneManagerProtocolServerSideTranslatorPB.processRequest(OzoneManagerProtocolServerSideTranslatorPB.java:207) ~[ozone-manager-1.3.0-SNAPSHOT.jar:?]
	at org.apache.hadoop.hdds.server.OzoneProtocolMessageDispatcher.processRequest(OzoneProtocolMessageDispatcher.java:87) [hdds-server-framework-1.3.0-SNAPSHOT.jar:?]
	at org.apache.hadoop.ozone.protocolPB.OzoneManagerProtocolServerSideTranslatorPB.submitRequest(OzoneManagerProtocolServerSideTranslatorPB.java:147) [ozone-manager-1.3.0-SNAPSHOT.jar:?]
	at org.apache.hadoop.ozone.protocol.proto.OzoneManagerProtocolProtos$OzoneManagerService$2.callBlockingMethod(OzoneManagerProtocolProtos.java) [ozone-interface-client-1.3.0-SNAPSHOT.jar:?]
	at org.apache.hadoop.ipc.ProtobufRpcEngine$Server.processCall(ProtobufRpcEngine.java:466) [hadoop-common-3.3.1.jar:?]
	at org.apache.hadoop.ipc.ProtobufRpcEngine2$Server$ProtoBufRpcInvoker.call(ProtobufRpcEngine2.java:574) [hadoop-common-3.3.1.jar:?]
	at org.apache.hadoop.ipc.ProtobufRpcEngine2$Server$ProtoBufRpcInvoker.call(ProtobufRpcEngine2.java:552) [hadoop-common-3.3.1.jar:?]
	at org.apache.hadoop.ipc.RPC$Server.call(RPC.java:1093) [hadoop-common-3.3.1.jar:?]
	at org.apache.hadoop.ipc.Server$RpcCall.run(Server.java:1035) [hadoop-common-3.3.1.jar:?]
	at org.apache.hadoop.ipc.Server$RpcCall.run(Server.java:963) [hadoop-common-3.3.1.jar:?]
	at java.security.AccessController.doPrivileged(Native Method) ~[?:1.8.0_332]
	at javax.security.auth.Subject.doAs(Subject.java:422) [?:1.8.0_332]
	at org.apache.hadoop.security.UserGroupInformation.doAs(UserGroupInformation.java:1878) [hadoop-common-3.3.1.jar:?]
	at org.apache.hadoop.ipc.Server$Handler.run(Server.java:2966) [hadoop-common-3.3.1.jar:?]
13:56:23.979 [IPC Server handler 11 on default port 33745] ERROR OMAudit - user=runner | ip=127.0.0.1 | op=GET_FILE_STATUS {volume=volume37829, bucket=bucket78784, key=testBatchDelete/parent/child2, dataSize=0, replicationConfig=null} | ret=FAILURE
org.apache.hadoop.ozone.om.exceptions.OMException: Unable to get file status: volume: volume37829 bucket: bucket78784 key: testBatchDelete/parent/child2
	at org.apache.hadoop.ozone.om.KeyManagerImpl.getOzoneFileStatus(KeyManagerImpl.java:1311) ~[ozone-manager-1.3.0-SNAPSHOT.jar:?]
	at org.apache.hadoop.ozone.om.KeyManagerImpl.getFileStatus(KeyManagerImpl.java:1241) ~[ozone-manager-1.3.0-SNAPSHOT.jar:?]
	at org.apache.hadoop.ozone.om.OzoneManager.getFileStatus(OzoneManager.java:3419) ~[ozone-manager-1.3.0-SNAPSHOT.jar:?]
	at org.apache.hadoop.ozone.protocolPB.OzoneManagerRequestHandler.getOzoneFileStatus(OzoneManagerRequestHandler.java:871) ~[ozone-manager-1.3.0-SNAPSHOT.jar:?]
	at org.apache.hadoop.ozone.protocolPB.OzoneManagerRequestHandler.handleReadRequest(OzoneManagerRequestHandler.java:217) ~[ozone-manager-1.3.0-SNAPSHOT.jar:?]
	at org.apache.hadoop.ozone.protocolPB.OzoneManagerProtocolServerSideTranslatorPB.submitRequestDirectlyToOM(OzoneManagerProtocolServerSideTranslatorPB.java:284) ~[ozone-manager-1.3.0-SNAPSHOT.jar:?]
	at org.apache.hadoop.ozone.protocolPB.OzoneManagerProtocolServerSideTranslatorPB.processRequest(OzoneManagerProtocolServerSideTranslatorPB.java:207) ~[ozone-manager-1.3.0-SNAPSHOT.jar:?]
	at org.apache.hadoop.hdds.server.OzoneProtocolMessageDispatcher.processRequest(OzoneProtocolMessageDispatcher.java:87) [hdds-server-framework-1.3.0-SNAPSHOT.jar:?]
	at org.apache.hadoop.ozone.protocolPB.OzoneManagerProtocolServerSideTranslatorPB.submitRequest(OzoneManagerProtocolServerSideTranslatorPB.java:147) [ozone-manager-1.3.0-SNAPSHOT.jar:?]
	at org.apache.hadoop.ozone.protocol.proto.OzoneManagerProtocolProtos$OzoneManagerService$2.callBlockingMethod(OzoneManagerProtocolProtos.java) [ozone-interface-client-1.3.0-SNAPSHOT.jar:?]
	at org.apache.hadoop.ipc.ProtobufRpcEngine$Server.processCall(ProtobufRpcEngine.java:466) [hadoop-common-3.3.1.jar:?]
	at org.apache.hadoop.ipc.ProtobufRpcEngine2$Server$ProtoBufRpcInvoker.call(ProtobufRpcEngine2.java:574) [hadoop-common-3.3.1.jar:?]
	at org.apache.hadoop.ipc.ProtobufRpcEngine2$Server$ProtoBufRpcInvoker.call(ProtobufRpcEngine2.java:552) [hadoop-common-3.3.1.jar:?]
	at org.apache.hadoop.ipc.RPC$Server.call(RPC.java:1093) [hadoop-common-3.3.1.jar:?]
	at org.apache.hadoop.ipc.Server$RpcCall.run(Server.java:1035) [hadoop-common-3.3.1.jar:?]
	at org.apache.hadoop.ipc.Server$RpcCall.run(Server.java:963) [hadoop-common-3.3.1.jar:?]
	at java.security.AccessController.doPrivileged(Native Method) ~[?:1.8.0_332]
	at javax.security.auth.Subject.doAs(Subject.java:422) [?:1.8.0_332]
	at org.apache.hadoop.security.UserGroupInformation.doAs(UserGroupInformation.java:1878) [hadoop-common-3.3.1.jar:?]
	at org.apache.hadoop.ipc.Server$Handler.run(Server.java:2966) [hadoop-common-3.3.1.jar:?]
13:56:23.983 [IPC Server handler 12 on default port 33745] ERROR OMAudit - user=runner | ip=127.0.0.1 | op=GET_FILE_STATUS {volume=volume37829, bucket=bucket78784, key=testBatchDelete/parent/childFolder/child2, dataSize=0, replicationConfig=null} | ret=FAILURE
org.apache.hadoop.ozone.om.exceptions.OMException: Unable to get file status: volume: volume37829 bucket: bucket78784 key: testBatchDelete/parent/childFolder/child2
	at org.apache.hadoop.ozone.om.KeyManagerImpl.getOzoneFileStatus(KeyManagerImpl.java:1311) ~[ozone-manager-1.3.0-SNAPSHOT.jar:?]
	at org.apache.hadoop.ozone.om.KeyManagerImpl.getFileStatus(KeyManagerImpl.java:1241) ~[ozone-manager-1.3.0-SNAPSHOT.jar:?]
	at org.apache.hadoop.ozone.om.OzoneManager.getFileStatus(OzoneManager.java:3419) ~[ozone-manager-1.3.0-SNAPSHOT.jar:?]
	at org.apache.hadoop.ozone.protocolPB.OzoneManagerRequestHandler.getOzoneFileStatus(OzoneManagerRequestHandler.java:871) ~[ozone-manager-1.3.0-SNAPSHOT.jar:?]
	at org.apache.hadoop.ozone.protocolPB.OzoneManagerRequestHandler.handleReadRequest(OzoneManagerRequestHandler.java:217) ~[ozone-manager-1.3.0-SNAPSHOT.jar:?]
	at org.apache.hadoop.ozone.protocolPB.OzoneManagerProtocolServerSideTranslatorPB.submitRequestDirectlyToOM(OzoneManagerProtocolServerSideTranslatorPB.java:284) ~[ozone-manager-1.3.0-SNAPSHOT.jar:?]
	at org.apache.hadoop.ozone.protocolPB.OzoneManagerProtocolServerSideTranslatorPB.processRequest(OzoneManagerProtocolServerSideTranslatorPB.java:207) ~[ozone-manager-1.3.0-SNAPSHOT.jar:?]
	at org.apache.hadoop.hdds.server.OzoneProtocolMessageDispatcher.processRequest(OzoneProtocolMessageDispatcher.java:87) [hdds-server-framework-1.3.0-SNAPSHOT.jar:?]
	at org.apache.hadoop.ozone.protocolPB.OzoneManagerProtocolServerSideTranslatorPB.submitRequest(OzoneManagerProtocolServerSideTranslatorPB.java:147) [ozone-manager-1.3.0-SNAPSHOT.jar:?]
	at org.apache.hadoop.ozone.protocol.proto.OzoneManagerProtocolProtos$OzoneManagerService$2.callBlockingMethod(OzoneManagerProtocolProtos.java) [ozone-interface-client-1.3.0-SNAPSHOT.jar:?]
	at org.apache.hadoop.ipc.ProtobufRpcEngine$Server.processCall(ProtobufRpcEngine.java:466) [hadoop-common-3.3.1.jar:?]
	at org.apache.hadoop.ipc.ProtobufRpcEngine2$Server$ProtoBufRpcInvoker.call(ProtobufRpcEngine2.java:574) [hadoop-common-3.3.1.jar:?]
	at org.apache.hadoop.ipc.ProtobufRpcEngine2$Server$ProtoBufRpcInvoker.call(ProtobufRpcEngine2.java:552) [hadoop-common-3.3.1.jar:?]
	at org.apache.hadoop.ipc.RPC$Server.call(RPC.java:1093) [hadoop-common-3.3.1.jar:?]
	at org.apache.hadoop.ipc.Server$RpcCall.run(Server.java:1035) [hadoop-common-3.3.1.jar:?]
	at org.apache.hadoop.ipc.Server$RpcCall.run(Server.java:963) [hadoop-common-3.3.1.jar:?]
	at java.security.AccessController.doPrivileged(Native Method) ~[?:1.8.0_332]
	at javax.security.auth.Subject.doAs(Subject.java:422) [?:1.8.0_332]
	at org.apache.hadoop.security.UserGroupInformation.doAs(UserGroupInformation.java:1878) [hadoop-common-3.3.1.jar:?]
	at org.apache.hadoop.ipc.Server$Handler.run(Server.java:2966) [hadoop-common-3.3.1.jar:?]
13:56:23.983 [IPC Server handler 3 on default port 33745] ERROR OMAudit - user=runner | ip=127.0.0.1 | op=GET_FILE_STATUS {volume=volume37829, bucket=bucket78784, key=testBatchDelete/parent/child3, dataSize=0, replicationConfig=null} | ret=FAILURE
org.apache.hadoop.ozone.om.exceptions.OMException: Unable to get file status: volume: volume37829 bucket: bucket78784 key: testBatchDelete/parent/child3
	at org.apache.hadoop.ozone.om.KeyManagerImpl.getOzoneFileStatus(KeyManagerImpl.java:1311) ~[ozone-manager-1.3.0-SNAPSHOT.jar:?]
	at org.apache.hadoop.ozone.om.KeyManagerImpl.getFileStatus(KeyManagerImpl.java:1241) ~[ozone-manager-1.3.0-SNAPSHOT.jar:?]
	at org.apache.hadoop.ozone.om.OzoneManager.getFileStatus(OzoneManager.java:3419) ~[ozone-manager-1.3.0-SNAPSHOT.jar:?]
	at org.apache.hadoop.ozone.protocolPB.OzoneManagerRequestHandler.getOzoneFileStatus(OzoneManagerRequestHandler.java:871) ~[ozone-manager-1.3.0-SNAPSHOT.jar:?]
	at org.apache.hadoop.ozone.protocolPB.OzoneManagerRequestHandler.handleReadRequest(OzoneManagerRequestHandler.java:217) ~[ozone-manager-1.3.0-SNAPSHOT.jar:?]
	at org.apache.hadoop.ozone.protocolPB.OzoneManagerProtocolServerSideTranslatorPB.submitRequestDirectlyToOM(OzoneManagerProtocolServerSideTranslatorPB.java:284) ~[ozone-manager-1.3.0-SNAPSHOT.jar:?]
	at org.apache.hadoop.ozone.protocolPB.OzoneManagerProtocolServerSideTranslatorPB.processRequest(OzoneManagerProtocolServerSideTranslatorPB.java:207) ~[ozone-manager-1.3.0-SNAPSHOT.jar:?]
	at org.apache.hadoop.hdds.server.OzoneProtocolMessageDispatcher.processRequest(OzoneProtocolMessageDispatcher.java:87) [hdds-server-framework-1.3.0-SNAPSHOT.jar:?]
	at org.apache.hadoop.ozone.protocolPB.OzoneManagerProtocolServerSideTranslatorPB.submitRequest(OzoneManagerProtocolServerSideTranslatorPB.java:147) [ozone-manager-1.3.0-SNAPSHOT.jar:?]
	at org.apache.hadoop.ozone.protocol.proto.OzoneManagerProtocolProtos$OzoneManagerService$2.callBlockingMethod(OzoneManagerProtocolProtos.java) [ozone-interface-client-1.3.0-SNAPSHOT.jar:?]
	at org.apache.hadoop.ipc.ProtobufRpcEngine$Server.processCall(ProtobufRpcEngine.java:466) [hadoop-common-3.3.1.jar:?]
	at org.apache.hadoop.ipc.ProtobufRpcEngine2$Server$ProtoBufRpcInvoker.call(ProtobufRpcEngine2.java:574) [hadoop-common-3.3.1.jar:?]
	at org.apache.hadoop.ipc.ProtobufRpcEngine2$Server$ProtoBufRpcInvoker.call(ProtobufRpcEngine2.java:552) [hadoop-common-3.3.1.jar:?]
	at org.apache.hadoop.ipc.RPC$Server.call(RPC.java:1093) [hadoop-common-3.3.1.jar:?]
	at org.apache.hadoop.ipc.Server$RpcCall.run(Server.java:1035) [hadoop-common-3.3.1.jar:?]
	at org.apache.hadoop.ipc.Server$RpcCall.run(Server.java:963) [hadoop-common-3.3.1.jar:?]
	at java.security.AccessController.doPrivileged(Native Method) ~[?:1.8.0_332]
	at javax.security.auth.Subject.doAs(Subject.java:422) [?:1.8.0_332]
	at org.apache.hadoop.security.UserGroupInformation.doAs(UserGroupInformation.java:1878) [hadoop-common-3.3.1.jar:?]
	at org.apache.hadoop.ipc.Server$Handler.run(Server.java:2966) [hadoop-common-3.3.1.jar:?]
13:56:23.984 [IPC Server handler 1 on default port 33745] ERROR OMAudit - user=runner | ip=127.0.0.1 | op=GET_FILE_STATUS {volume=volume37829, bucket=bucket78784, key=testBatchDelete/parent/childFolder/child3, dataSize=0, replicationConfig=null} | ret=FAILURE
org.apache.hadoop.ozone.om.exceptions.OMException: Unable to get file status: volume: volume37829 bucket: bucket78784 key: testBatchDelete/parent/childFolder/child3
	at org.apache.hadoop.ozone.om.KeyManagerImpl.getOzoneFileStatus(KeyManagerImpl.java:1311) ~[ozone-manager-1.3.0-SNAPSHOT.jar:?]
	at org.apache.hadoop.ozone.om.KeyManagerImpl.getFileStatus(KeyManagerImpl.java:1241) ~[ozone-manager-1.3.0-SNAPSHOT.jar:?]
	at org.apache.hadoop.ozone.om.OzoneManager.getFileStatus(OzoneManager.java:3419) ~[ozone-manager-1.3.0-SNAPSHOT.jar:?]
	at org.apache.hadoop.ozone.protocolPB.OzoneManagerRequestHandler.getOzoneFileStatus(OzoneManagerRequestHandler.java:871) ~[ozone-manager-1.3.0-SNAPSHOT.jar:?]
	at org.apache.hadoop.ozone.protocolPB.OzoneManagerRequestHandler.handleReadRequest(OzoneManagerRequestHandler.java:217) ~[ozone-manager-1.3.0-SNAPSHOT.jar:?]
	at org.apache.hadoop.ozone.protocolPB.OzoneManagerProtocolServerSideTranslatorPB.submitRequestDirectlyToOM(OzoneManagerProtocolServerSideTranslatorPB.java:284) ~[ozone-manager-1.3.0-SNAPSHOT.jar:?]
	at org.apache.hadoop.ozone.protocolPB.OzoneManagerProtocolServerSideTranslatorPB.processRequest(OzoneManagerProtocolServerSideTranslatorPB.java:207) ~[ozone-manager-1.3.0-SNAPSHOT.jar:?]
	at org.apache.hadoop.hdds.server.OzoneProtocolMessageDispatcher.processRequest(OzoneProtocolMessageDispatcher.java:87) [hdds-server-framework-1.3.0-SNAPSHOT.jar:?]
	at org.apache.hadoop.ozone.protocolPB.OzoneManagerProtocolServerSideTranslatorPB.submitRequest(OzoneManagerProtocolServerSideTranslatorPB.java:147) [ozone-manager-1.3.0-SNAPSHOT.jar:?]
	at org.apache.hadoop.ozone.protocol.proto.OzoneManagerProtocolProtos$OzoneManagerService$2.callBlockingMethod(OzoneManagerProtocolProtos.java) [ozone-interface-client-1.3.0-SNAPSHOT.jar:?]
	at org.apache.hadoop.ipc.ProtobufRpcEngine$Server.processCall(ProtobufRpcEngine.java:466) [hadoop-common-3.3.1.jar:?]
	at org.apache.hadoop.ipc.ProtobufRpcEngine2$Server$ProtoBufRpcInvoker.call(ProtobufRpcEngine2.java:574) [hadoop-common-3.3.1.jar:?]
	at org.apache.hadoop.ipc.ProtobufRpcEngine2$Server$ProtoBufRpcInvoker.call(ProtobufRpcEngine2.java:552) [hadoop-common-3.3.1.jar:?]
	at org.apache.hadoop.ipc.RPC$Server.call(RPC.java:1093) [hadoop-common-3.3.1.jar:?]
	at org.apache.hadoop.ipc.Server$RpcCall.run(Server.java:1035) [hadoop-common-3.3.1.jar:?]
	at org.apache.hadoop.ipc.Server$RpcCall.run(Server.java:963) [hadoop-common-3.3.1.jar:?]
	at java.security.AccessController.doPrivileged(Native Method) ~[?:1.8.0_332]
	at javax.security.auth.Subject.doAs(Subject.java:422) [?:1.8.0_332]
	at org.apache.hadoop.security.UserGroupInformation.doAs(UserGroupInformation.java:1878) [hadoop-common-3.3.1.jar:?]
	at org.apache.hadoop.ipc.Server$Handler.run(Server.java:2966) [hadoop-common-3.3.1.jar:?]
13:56:23.985 [IPC Server handler 6 on default port 33745] ERROR OMAudit - user=runner | ip=127.0.0.1 | op=GET_FILE_STATUS {volume=volume37829, bucket=bucket78784, key=testBatchDelete/parent/child4, dataSize=0, replicationConfig=null} | ret=FAILURE
org.apache.hadoop.ozone.om.exceptions.OMException: Unable to get file status: volume: volume37829 bucket: bucket78784 key: testBatchDelete/parent/child4
	at org.apache.hadoop.ozone.om.KeyManagerImpl.getOzoneFileStatus(KeyManagerImpl.java:1311) ~[ozone-manager-1.3.0-SNAPSHOT.jar:?]
	at org.apache.hadoop.ozone.om.KeyManagerImpl.getFileStatus(KeyManagerImpl.java:1241) ~[ozone-manager-1.3.0-SNAPSHOT.jar:?]
	at org.apache.hadoop.ozone.om.OzoneManager.getFileStatus(OzoneManager.java:3419) ~[ozone-manager-1.3.0-SNAPSHOT.jar:?]
	at org.apache.hadoop.ozone.protocolPB.OzoneManagerRequestHandler.getOzoneFileStatus(OzoneManagerRequestHandler.java:871) ~[ozone-manager-1.3.0-SNAPSHOT.jar:?]
	at org.apache.hadoop.ozone.protocolPB.OzoneManagerRequestHandler.handleReadRequest(OzoneManagerRequestHandler.java:217) ~[ozone-manager-1.3.0-SNAPSHOT.jar:?]
	at org.apache.hadoop.ozone.protocolPB.OzoneManagerProtocolServerSideTranslatorPB.submitRequestDirectlyToOM(OzoneManagerProtocolServerSideTranslatorPB.java:284) ~[ozone-manager-1.3.0-SNAPSHOT.jar:?]
	at org.apache.hadoop.ozone.protocolPB.OzoneManagerProtocolServerSideTranslatorPB.processRequest(OzoneManagerProtocolServerSideTranslatorPB.java:207) ~[ozone-manager-1.3.0-SNAPSHOT.jar:?]
	at org.apache.hadoop.hdds.server.OzoneProtocolMessageDispatcher.processRequest(OzoneProtocolMessageDispatcher.java:87) [hdds-server-framework-1.3.0-SNAPSHOT.jar:?]
	at org.apache.hadoop.ozone.protocolPB.OzoneManagerProtocolServerSideTranslatorPB.submitRequest(OzoneManagerProtocolServerSideTranslatorPB.java:147) [ozone-manager-1.3.0-SNAPSHOT.jar:?]
	at org.apache.hadoop.ozone.protocol.proto.OzoneManagerProtocolProtos$OzoneManagerService$2.callBlockingMethod(OzoneManagerProtocolProtos.java) [ozone-interface-client-1.3.0-SNAPSHOT.jar:?]
	at org.apache.hadoop.ipc.ProtobufRpcEngine$Server.processCall(ProtobufRpcEngine.java:466) [hadoop-common-3.3.1.jar:?]
	at org.apache.hadoop.ipc.ProtobufRpcEngine2$Server$ProtoBufRpcInvoker.call(ProtobufRpcEngine2.java:574) [hadoop-common-3.3.1.jar:?]
	at org.apache.hadoop.ipc.ProtobufRpcEngine2$Server$ProtoBufRpcInvoker.call(ProtobufRpcEngine2.java:552) [hadoop-common-3.3.1.jar:?]
	at org.apache.hadoop.ipc.RPC$Server.call(RPC.java:1093) [hadoop-common-3.3.1.jar:?]
	at org.apache.hadoop.ipc.Server$RpcCall.run(Server.java:1035) [hadoop-common-3.3.1.jar:?]
	at org.apache.hadoop.ipc.Server$RpcCall.run(Server.java:963) [hadoop-common-3.3.1.jar:?]
	at java.security.AccessController.doPrivileged(Native Method) ~[?:1.8.0_332]
	at javax.security.auth.Subject.doAs(Subject.java:422) [?:1.8.0_332]
	at org.apache.hadoop.security.UserGroupInformation.doAs(UserGroupInformation.java:1878) [hadoop-common-3.3.1.jar:?]
	at org.apache.hadoop.ipc.Server$Handler.run(Server.java:2966) [hadoop-common-3.3.1.jar:?]
13:56:23.986 [IPC Server handler 15 on default port 33745] ERROR OMAudit - user=runner | ip=127.0.0.1 | op=GET_FILE_STATUS {volume=volume37829, bucket=bucket78784, key=testBatchDelete/parent/childFolder/child4, dataSize=0, replicationConfig=null} | ret=FAILURE
org.apache.hadoop.ozone.om.exceptions.OMException: Unable to get file status: volume: volume37829 bucket: bucket78784 key: testBatchDelete/parent/childFolder/child4
	at org.apache.hadoop.ozone.om.KeyManagerImpl.getOzoneFileStatus(KeyManagerImpl.java:1311) ~[ozone-manager-1.3.0-SNAPSHOT.jar:?]
	at org.apache.hadoop.ozone.om.KeyManagerImpl.getFileStatus(KeyManagerImpl.java:1241) ~[ozone-manager-1.3.0-SNAPSHOT.jar:?]
	at org.apache.hadoop.ozone.om.OzoneManager.getFileStatus(OzoneManager.java:3419) ~[ozone-manager-1.3.0-SNAPSHOT.jar:?]
	at org.apache.hadoop.ozone.protocolPB.OzoneManagerRequestHandler.getOzoneFileStatus(OzoneManagerRequestHandler.java:871) ~[ozone-manager-1.3.0-SNAPSHOT.jar:?]
	at org.apache.hadoop.ozone.protocolPB.OzoneManagerRequestHandler.handleReadRequest(OzoneManagerRequestHandler.java:217) ~[ozone-manager-1.3.0-SNAPSHOT.jar:?]
	at org.apache.hadoop.ozone.protocolPB.OzoneManagerProtocolServerSideTranslatorPB.submitRequestDirectlyToOM(OzoneManagerProtocolServerSideTranslatorPB.java:284) ~[ozone-manager-1.3.0-SNAPSHOT.jar:?]
	at org.apache.hadoop.ozone.protocolPB.OzoneManagerProtocolServerSideTranslatorPB.processRequest(OzoneManagerProtocolServerSideTranslatorPB.java:207) ~[ozone-manager-1.3.0-SNAPSHOT.jar:?]
	at org.apache.hadoop.hdds.server.OzoneProtocolMessageDispatcher.processRequest(OzoneProtocolMessageDispatcher.java:87) [hdds-server-framework-1.3.0-SNAPSHOT.jar:?]
	at org.apache.hadoop.ozone.protocolPB.OzoneManagerProtocolServerSideTranslatorPB.submitRequest(OzoneManagerProtocolServerSideTranslatorPB.java:147) [ozone-manager-1.3.0-SNAPSHOT.jar:?]
	at org.apache.hadoop.ozone.protocol.proto.OzoneManagerProtocolProtos$OzoneManagerService$2.callBlockingMethod(OzoneManagerProtocolProtos.java) [ozone-interface-client-1.3.0-SNAPSHOT.jar:?]
	at org.apache.hadoop.ipc.ProtobufRpcEngine$Server.processCall(ProtobufRpcEngine.java:466) [hadoop-common-3.3.1.jar:?]
	at org.apache.hadoop.ipc.ProtobufRpcEngine2$Server$ProtoBufRpcInvoker.call(ProtobufRpcEngine2.java:574) [hadoop-common-3.3.1.jar:?]
	at org.apache.hadoop.ipc.ProtobufRpcEngine2$Server$ProtoBufRpcInvoker.call(ProtobufRpcEngine2.java:552) [hadoop-common-3.3.1.jar:?]
	at org.apache.hadoop.ipc.RPC$Server.call(RPC.java:1093) [hadoop-common-3.3.1.jar:?]
	at org.apache.hadoop.ipc.Server$RpcCall.run(Server.java:1035) [hadoop-common-3.3.1.jar:?]
	at org.apache.hadoop.ipc.Server$RpcCall.run(Server.java:963) [hadoop-common-3.3.1.jar:?]
	at java.security.AccessController.doPrivileged(Native Method) ~[?:1.8.0_332]
	at javax.security.auth.Subject.doAs(Subject.java:422) [?:1.8.0_332]
	at org.apache.hadoop.security.UserGroupInformation.doAs(UserGroupInformation.java:1878) [hadoop-common-3.3.1.jar:?]
	at org.apache.hadoop.ipc.Server$Handler.run(Server.java:2966) [hadoop-common-3.3.1.jar:?]
13:56:23.987 [IPC Server handler 19 on default port 33745] ERROR OMAudit - user=runner | ip=127.0.0.1 | op=GET_FILE_STATUS {volume=volume37829, bucket=bucket78784, key=testBatchDelete/parent/child5, dataSize=0, replicationConfig=null} | ret=FAILURE
org.apache.hadoop.ozone.om.exceptions.OMException: Unable to get file status: volume: volume37829 bucket: bucket78784 key: testBatchDelete/parent/child5
	at org.apache.hadoop.ozone.om.KeyManagerImpl.getOzoneFileStatus(KeyManagerImpl.java:1311) ~[ozone-manager-1.3.0-SNAPSHOT.jar:?]
	at org.apache.hadoop.ozone.om.KeyManagerImpl.getFileStatus(KeyManagerImpl.java:1241) ~[ozone-manager-1.3.0-SNAPSHOT.jar:?]
	at org.apache.hadoop.ozone.om.OzoneManager.getFileStatus(OzoneManager.java:3419) ~[ozone-manager-1.3.0-SNAPSHOT.jar:?]
	at org.apache.hadoop.ozone.protocolPB.OzoneManagerRequestHandler.getOzoneFileStatus(OzoneManagerRequestHandler.java:871) ~[ozone-manager-1.3.0-SNAPSHOT.jar:?]
	at org.apache.hadoop.ozone.protocolPB.OzoneManagerRequestHandler.handleReadRequest(OzoneManagerRequestHandler.java:217) ~[ozone-manager-1.3.0-SNAPSHOT.jar:?]
	at org.apache.hadoop.ozone.protocolPB.OzoneManagerProtocolServerSideTranslatorPB.submitRequestDirectlyToOM(OzoneManagerProtocolServerSideTranslatorPB.java:284) ~[ozone-manager-1.3.0-SNAPSHOT.jar:?]
	at org.apache.hadoop.ozone.protocolPB.OzoneManagerProtocolServerSideTranslatorPB.processRequest(OzoneManagerProtocolServerSideTranslatorPB.java:207) ~[ozone-manager-1.3.0-SNAPSHOT.jar:?]
	at org.apache.hadoop.hdds.server.OzoneProtocolMessageDispatcher.processRequest(OzoneProtocolMessageDispatcher.java:87) [hdds-server-framework-1.3.0-SNAPSHOT.jar:?]
	at org.apache.hadoop.ozone.protocolPB.OzoneManagerProtocolServerSideTranslatorPB.submitRequest(OzoneManagerProtocolServerSideTranslatorPB.java:147) [ozone-manager-1.3.0-SNAPSHOT.jar:?]
	at org.apache.hadoop.ozone.protocol.proto.OzoneManagerProtocolProtos$OzoneManagerService$2.callBlockingMethod(OzoneManagerProtocolProtos.java) [ozone-interface-client-1.3.0-SNAPSHOT.jar:?]
	at org.apache.hadoop.ipc.ProtobufRpcEngine$Server.processCall(ProtobufRpcEngine.java:466) [hadoop-common-3.3.1.jar:?]
	at org.apache.hadoop.ipc.ProtobufRpcEngine2$Server$ProtoBufRpcInvoker.call(ProtobufRpcEngine2.java:574) [hadoop-common-3.3.1.jar:?]
	at org.apache.hadoop.ipc.ProtobufRpcEngine2$Server$ProtoBufRpcInvoker.call(ProtobufRpcEngine2.java:552) [hadoop-common-3.3.1.jar:?]
	at org.apache.hadoop.ipc.RPC$Server.call(RPC.java:1093) [hadoop-common-3.3.1.jar:?]
	at org.apache.hadoop.ipc.Server$RpcCall.run(Server.java:1035) [hadoop-common-3.3.1.jar:?]
	at org.apache.hadoop.ipc.Server$RpcCall.run(Server.java:963) [hadoop-common-3.3.1.jar:?]
	at java.security.AccessController.doPrivileged(Native Method) ~[?:1.8.0_332]
	at javax.security.auth.Subject.doAs(Subject.java:422) [?:1.8.0_332]
	at org.apache.hadoop.security.UserGroupInformation.doAs(UserGroupInformation.java:1878) [hadoop-common-3.3.1.jar:?]
	at org.apache.hadoop.ipc.Server$Handler.run(Server.java:2966) [hadoop-common-3.3.1.jar:?]
13:56:23.987 [IPC Server handler 17 on default port 33745] ERROR OMAudit - user=runner | ip=127.0.0.1 | op=GET_FILE_STATUS {volume=volume37829, bucket=bucket78784, key=testBatchDelete/parent/childFolder/child5, dataSize=0, replicationConfig=null} | ret=FAILURE
org.apache.hadoop.ozone.om.exceptions.OMException: Unable to get file status: volume: volume37829 bucket: bucket78784 key: testBatchDelete/parent/childFolder/child5
	at org.apache.hadoop.ozone.om.KeyManagerImpl.getOzoneFileStatus(KeyManagerImpl.java:1311) ~[ozone-manager-1.3.0-SNAPSHOT.jar:?]
	at org.apache.hadoop.ozone.om.KeyManagerImpl.getFileStatus(KeyManagerImpl.java:1241) ~[ozone-manager-1.3.0-SNAPSHOT.jar:?]
	at org.apache.hadoop.ozone.om.OzoneManager.getFileStatus(OzoneManager.java:3419) ~[ozone-manager-1.3.0-SNAPSHOT.jar:?]
	at org.apache.hadoop.ozone.protocolPB.OzoneManagerRequestHandler.getOzoneFileStatus(OzoneManagerRequestHandler.java:871) ~[ozone-manager-1.3.0-SNAPSHOT.jar:?]
	at org.apache.hadoop.ozone.protocolPB.OzoneManagerRequestHandler.handleReadRequest(OzoneManagerRequestHandler.java:217) ~[ozone-manager-1.3.0-SNAPSHOT.jar:?]
	at org.apache.hadoop.ozone.protocolPB.OzoneManagerProtocolServerSideTranslatorPB.submitRequestDirectlyToOM(OzoneManagerProtocolServerSideTranslatorPB.java:284) ~[ozone-manager-1.3.0-SNAPSHOT.jar:?]
	at org.apache.hadoop.ozone.protocolPB.OzoneManagerProtocolServerSideTranslatorPB.processRequest(OzoneManagerProtocolServerSideTranslatorPB.java:207) ~[ozone-manager-1.3.0-SNAPSHOT.jar:?]
	at org.apache.hadoop.hdds.server.OzoneProtocolMessageDispatcher.processRequest(OzoneProtocolMessageDispatcher.java:87) [hdds-server-framework-1.3.0-SNAPSHOT.jar:?]
	at org.apache.hadoop.ozone.protocolPB.OzoneManagerProtocolServerSideTranslatorPB.submitRequest(OzoneManagerProtocolServerSideTranslatorPB.java:147) [ozone-manager-1.3.0-SNAPSHOT.jar:?]
	at org.apache.hadoop.ozone.protocol.proto.OzoneManagerProtocolProtos$OzoneManagerService$2.callBlockingMethod(OzoneManagerProtocolProtos.java) [ozone-interface-client-1.3.0-SNAPSHOT.jar:?]
	at org.apache.hadoop.ipc.ProtobufRpcEngine$Server.processCall(ProtobufRpcEngine.java:466) [hadoop-common-3.3.1.jar:?]
	at org.apache.hadoop.ipc.ProtobufRpcEngine2$Server$ProtoBufRpcInvoker.call(ProtobufRpcEngine2.java:574) [hadoop-common-3.3.1.jar:?]
	at org.apache.hadoop.ipc.ProtobufRpcEngine2$Server$ProtoBufRpcInvoker.call(ProtobufRpcEngine2.java:552) [hadoop-common-3.3.1.jar:?]
	at org.apache.hadoop.ipc.RPC$Server.call(RPC.java:1093) [hadoop-common-3.3.1.jar:?]
	at org.apache.hadoop.ipc.Server$RpcCall.run(Server.java:1035) [hadoop-common-3.3.1.jar:?]
	at org.apache.hadoop.ipc.Server$RpcCall.run(Server.java:963) [hadoop-common-3.3.1.jar:?]
	at java.security.AccessController.doPrivileged(Native Method) ~[?:1.8.0_332]
	at javax.security.auth.Subject.doAs(Subject.java:422) [?:1.8.0_332]
	at org.apache.hadoop.security.UserGroupInformation.doAs(UserGroupInformation.java:1878) [hadoop-common-3.3.1.jar:?]
	at org.apache.hadoop.ipc.Server$Handler.run(Server.java:2966) [hadoop-common-3.3.1.jar:?]
13:56:23.988 [IPC Server handler 14 on default port 33745] ERROR OMAudit - user=runner | ip=127.0.0.1 | op=GET_FILE_STATUS {volume=volume37829, bucket=bucket78784, key=testBatchDelete/parent/child6, dataSize=0, replicationConfig=null} | ret=FAILURE
org.apache.hadoop.ozone.om.exceptions.OMException: Unable to get file status: volume: volume37829 bucket: bucket78784 key: testBatchDelete/parent/child6
	at org.apache.hadoop.ozone.om.KeyManagerImpl.getOzoneFileStatus(KeyManagerImpl.java:1311) ~[ozone-manager-1.3.0-SNAPSHOT.jar:?]
	at org.apache.hadoop.ozone.om.KeyManagerImpl.getFileStatus(KeyManagerImpl.java:1241) ~[ozone-manager-1.3.0-SNAPSHOT.jar:?]
	at org.apache.hadoop.ozone.om.OzoneManager.getFileStatus(OzoneManager.java:3419) ~[ozone-manager-1.3.0-SNAPSHOT.jar:?]
	at org.apache.hadoop.ozone.protocolPB.OzoneManagerRequestHandler.getOzoneFileStatus(OzoneManagerRequestHandler.java:871) ~[ozone-manager-1.3.0-SNAPSHOT.jar:?]
	at org.apache.hadoop.ozone.protocolPB.OzoneManagerRequestHandler.handleReadRequest(OzoneManagerRequestHandler.java:217) ~[ozone-manager-1.3.0-SNAPSHOT.jar:?]
	at org.apache.hadoop.ozone.protocolPB.OzoneManagerProtocolServerSideTranslatorPB.submitRequestDirectlyToOM(OzoneManagerProtocolServerSideTranslatorPB.java:284) ~[ozone-manager-1.3.0-SNAPSHOT.jar:?]
	at org.apache.hadoop.ozone.protocolPB.OzoneManagerProtocolServerSideTranslatorPB.processRequest(OzoneManagerProtocolServerSideTranslatorPB.java:207) ~[ozone-manager-1.3.0-SNAPSHOT.jar:?]
	at org.apache.hadoop.hdds.server.OzoneProtocolMessageDispatcher.processRequest(OzoneProtocolMessageDispatcher.java:87) [hdds-server-framework-1.3.0-SNAPSHOT.jar:?]
	at org.apache.hadoop.ozone.protocolPB.OzoneManagerProtocolServerSideTranslatorPB.submitRequest(OzoneManagerProtocolServerSideTranslatorPB.java:147) [ozone-manager-1.3.0-SNAPSHOT.jar:?]
	at org.apache.hadoop.ozone.protocol.proto.OzoneManagerProtocolProtos$OzoneManagerService$2.callBlockingMethod(OzoneManagerProtocolProtos.java) [ozone-interface-client-1.3.0-SNAPSHOT.jar:?]
	at org.apache.hadoop.ipc.ProtobufRpcEngine$Server.processCall(ProtobufRpcEngine.java:466) [hadoop-common-3.3.1.jar:?]
	at org.apache.hadoop.ipc.ProtobufRpcEngine2$Server$ProtoBufRpcInvoker.call(ProtobufRpcEngine2.java:574) [hadoop-common-3.3.1.jar:?]
	at org.apache.hadoop.ipc.ProtobufRpcEngine2$Server$ProtoBufRpcInvoker.call(ProtobufRpcEngine2.java:552) [hadoop-common-3.3.1.jar:?]
	at org.apache.hadoop.ipc.RPC$Server.call(RPC.java:1093) [hadoop-common-3.3.1.jar:?]
	at org.apache.hadoop.ipc.Server$RpcCall.run(Server.java:1035) [hadoop-common-3.3.1.jar:?]
	at org.apache.hadoop.ipc.Server$RpcCall.run(Server.java:963) [hadoop-common-3.3.1.jar:?]
	at java.security.AccessController.doPrivileged(Native Method) ~[?:1.8.0_332]
	at javax.security.auth.Subject.doAs(Subject.java:422) [?:1.8.0_332]
	at org.apache.hadoop.security.UserGroupInformation.doAs(UserGroupInformation.java:1878) [hadoop-common-3.3.1.jar:?]
	at org.apache.hadoop.ipc.Server$Handler.run(Server.java:2966) [hadoop-common-3.3.1.jar:?]
13:56:23.989 [IPC Server handler 16 on default port 33745] ERROR OMAudit - user=runner | ip=127.0.0.1 | op=GET_FILE_STATUS {volume=volume37829, bucket=bucket78784, key=testBatchDelete/parent/childFolder/child6, dataSize=0, replicationConfig=null} | ret=FAILURE
org.apache.hadoop.ozone.om.exceptions.OMException: Unable to get file status: volume: volume37829 bucket: bucket78784 key: testBatchDelete/parent/childFolder/child6
	at org.apache.hadoop.ozone.om.KeyManagerImpl.getOzoneFileStatus(KeyManagerImpl.java:1311) ~[ozone-manager-1.3.0-SNAPSHOT.jar:?]
	at org.apache.hadoop.ozone.om.KeyManagerImpl.getFileStatus(KeyManagerImpl.java:1241) ~[ozone-manager-1.3.0-SNAPSHOT.jar:?]
	at org.apache.hadoop.ozone.om.OzoneManager.getFileStatus(OzoneManager.java:3419) ~[ozone-manager-1.3.0-SNAPSHOT.jar:?]
	at org.apache.hadoop.ozone.protocolPB.OzoneManagerRequestHandler.getOzoneFileStatus(OzoneManagerRequestHandler.java:871) ~[ozone-manager-1.3.0-SNAPSHOT.jar:?]
	at org.apache.hadoop.ozone.protocolPB.OzoneManagerRequestHandler.handleReadRequest(OzoneManagerRequestHandler.java:217) ~[ozone-manager-1.3.0-SNAPSHOT.jar:?]
	at org.apache.hadoop.ozone.protocolPB.OzoneManagerProtocolServerSideTranslatorPB.submitRequestDirectlyToOM(OzoneManagerProtocolServerSideTranslatorPB.java:284) ~[ozone-manager-1.3.0-SNAPSHOT.jar:?]
	at org.apache.hadoop.ozone.protocolPB.OzoneManagerProtocolServerSideTranslatorPB.processRequest(OzoneManagerProtocolServerSideTranslatorPB.java:207) ~[ozone-manager-1.3.0-SNAPSHOT.jar:?]
	at org.apache.hadoop.hdds.server.OzoneProtocolMessageDispatcher.processRequest(OzoneProtocolMessageDispatcher.java:87) [hdds-server-framework-1.3.0-SNAPSHOT.jar:?]
	at org.apache.hadoop.ozone.protocolPB.OzoneManagerProtocolServerSideTranslatorPB.submitRequest(OzoneManagerProtocolServerSideTranslatorPB.java:147) [ozone-manager-1.3.0-SNAPSHOT.jar:?]
	at org.apache.hadoop.ozone.protocol.proto.OzoneManagerProtocolProtos$OzoneManagerService$2.callBlockingMethod(OzoneManagerProtocolProtos.java) [ozone-interface-client-1.3.0-SNAPSHOT.jar:?]
	at org.apache.hadoop.ipc.ProtobufRpcEngine$Server.processCall(ProtobufRpcEngine.java:466) [hadoop-common-3.3.1.jar:?]
	at org.apache.hadoop.ipc.ProtobufRpcEngine2$Server$ProtoBufRpcInvoker.call(ProtobufRpcEngine2.java:574) [hadoop-common-3.3.1.jar:?]
	at org.apache.hadoop.ipc.ProtobufRpcEngine2$Server$ProtoBufRpcInvoker.call(ProtobufRpcEngine2.java:552) [hadoop-common-3.3.1.jar:?]
	at org.apache.hadoop.ipc.RPC$Server.call(RPC.java:1093) [hadoop-common-3.3.1.jar:?]
	at org.apache.hadoop.ipc.Server$RpcCall.run(Server.java:1035) [hadoop-common-3.3.1.jar:?]
	at org.apache.hadoop.ipc.Server$RpcCall.run(Server.java:963) [hadoop-common-3.3.1.jar:?]
	at java.security.AccessController.doPrivileged(Native Method) ~[?:1.8.0_332]
	at javax.security.auth.Subject.doAs(Subject.java:422) [?:1.8.0_332]
	at org.apache.hadoop.security.UserGroupInformation.doAs(UserGroupInformation.java:1878) [hadoop-common-3.3.1.jar:?]
	at org.apache.hadoop.ipc.Server$Handler.run(Server.java:2966) [hadoop-common-3.3.1.jar:?]
13:56:23.989 [IPC Server handler 18 on default port 33745] ERROR OMAudit - user=runner | ip=127.0.0.1 | op=GET_FILE_STATUS {volume=volume37829, bucket=bucket78784, key=testBatchDelete/parent/child7, dataSize=0, replicationConfig=null} | ret=FAILURE
org.apache.hadoop.ozone.om.exceptions.OMException: Unable to get file status: volume: volume37829 bucket: bucket78784 key: testBatchDelete/parent/child7
	at org.apache.hadoop.ozone.om.KeyManagerImpl.getOzoneFileStatus(KeyManagerImpl.java:1311) ~[ozone-manager-1.3.0-SNAPSHOT.jar:?]
	at org.apache.hadoop.ozone.om.KeyManagerImpl.getFileStatus(KeyManagerImpl.java:1241) ~[ozone-manager-1.3.0-SNAPSHOT.jar:?]
	at org.apache.hadoop.ozone.om.OzoneManager.getFileStatus(OzoneManager.java:3419) ~[ozone-manager-1.3.0-SNAPSHOT.jar:?]
	at org.apache.hadoop.ozone.protocolPB.OzoneManagerRequestHandler.getOzoneFileStatus(OzoneManagerRequestHandler.java:871) ~[ozone-manager-1.3.0-SNAPSHOT.jar:?]
	at org.apache.hadoop.ozone.protocolPB.OzoneManagerRequestHandler.handleReadRequest(OzoneManagerRequestHandler.java:217) ~[ozone-manager-1.3.0-SNAPSHOT.jar:?]
	at org.apache.hadoop.ozone.protocolPB.OzoneManagerProtocolServerSideTranslatorPB.submitRequestDirectlyToOM(OzoneManagerProtocolServerSideTranslatorPB.java:284) ~[ozone-manager-1.3.0-SNAPSHOT.jar:?]
	at org.apache.hadoop.ozone.protocolPB.OzoneManagerProtocolServerSideTranslatorPB.processRequest(OzoneManagerProtocolServerSideTranslatorPB.java:207) ~[ozone-manager-1.3.0-SNAPSHOT.jar:?]
	at org.apache.hadoop.hdds.server.OzoneProtocolMessageDispatcher.processRequest(OzoneProtocolMessageDispatcher.java:87) [hdds-server-framework-1.3.0-SNAPSHOT.jar:?]
	at org.apache.hadoop.ozone.protocolPB.OzoneManagerProtocolServerSideTranslatorPB.submitRequest(OzoneManagerProtocolServerSideTranslatorPB.java:147) [ozone-manager-1.3.0-SNAPSHOT.jar:?]
	at org.apache.hadoop.ozone.protocol.proto.OzoneManagerProtocolProtos$OzoneManagerService$2.callBlockingMethod(OzoneManagerProtocolProtos.java) [ozone-interface-client-1.3.0-SNAPSHOT.jar:?]
	at org.apache.hadoop.ipc.ProtobufRpcEngine$Server.processCall(ProtobufRpcEngine.java:466) [hadoop-common-3.3.1.jar:?]
	at org.apache.hadoop.ipc.ProtobufRpcEngine2$Server$ProtoBufRpcInvoker.call(ProtobufRpcEngine2.java:574) [hadoop-common-3.3.1.jar:?]
	at org.apache.hadoop.ipc.ProtobufRpcEngine2$Server$ProtoBufRpcInvoker.call(ProtobufRpcEngine2.java:552) [hadoop-common-3.3.1.jar:?]
	at org.apache.hadoop.ipc.RPC$Server.call(RPC.java:1093) [hadoop-common-3.3.1.jar:?]
	at org.apache.hadoop.ipc.Server$RpcCall.run(Server.java:1035) [hadoop-common-3.3.1.jar:?]
	at org.apache.hadoop.ipc.Server$RpcCall.run(Server.java:963) [hadoop-common-3.3.1.jar:?]
	at java.security.AccessController.doPrivileged(Native Method) ~[?:1.8.0_332]
	at javax.security.auth.Subject.doAs(Subject.java:422) [?:1.8.0_332]
	at org.apache.hadoop.security.UserGroupInformation.doAs(UserGroupInformation.java:1878) [hadoop-common-3.3.1.jar:?]
	at org.apache.hadoop.ipc.Server$Handler.run(Server.java:2966) [hadoop-common-3.3.1.jar:?]
13:56:23.992 [IPC Server handler 0 on default port 33745] ERROR OMAudit - user=runner | ip=127.0.0.1 | op=GET_FILE_STATUS {volume=volume37829, bucket=bucket78784, key=testBatchDelete/parent/childFolder/child7, dataSize=0, replicationConfig=null} | ret=FAILURE
org.apache.hadoop.ozone.om.exceptions.OMException: Unable to get file status: volume: volume37829 bucket: bucket78784 key: testBatchDelete/parent/childFolder/child7
	at org.apache.hadoop.ozone.om.KeyManagerImpl.getOzoneFileStatus(KeyManagerImpl.java:1311) ~[ozone-manager-1.3.0-SNAPSHOT.jar:?]
	at org.apache.hadoop.ozone.om.KeyManagerImpl.getFileStatus(KeyManagerImpl.java:1241) ~[ozone-manager-1.3.0-SNAPSHOT.jar:?]
	at org.apache.hadoop.ozone.om.OzoneManager.getFileStatus(OzoneManager.java:3419) ~[ozone-manager-1.3.0-SNAPSHOT.jar:?]
	at org.apache.hadoop.ozone.protocolPB.OzoneManagerRequestHandler.getOzoneFileStatus(OzoneManagerRequestHandler.java:871) ~[ozone-manager-1.3.0-SNAPSHOT.jar:?]
	at org.apache.hadoop.ozone.protocolPB.OzoneManagerRequestHandler.handleReadRequest(OzoneManagerRequestHandler.java:217) ~[ozone-manager-1.3.0-SNAPSHOT.jar:?]
	at org.apache.hadoop.ozone.protocolPB.OzoneManagerProtocolServerSideTranslatorPB.submitRequestDirectlyToOM(OzoneManagerProtocolServerSideTranslatorPB.java:284) ~[ozone-manager-1.3.0-SNAPSHOT.jar:?]
	at org.apache.hadoop.ozone.protocolPB.OzoneManagerProtocolServerSideTranslatorPB.processRequest(OzoneManagerProtocolServerSideTranslatorPB.java:207) ~[ozone-manager-1.3.0-SNAPSHOT.jar:?]
	at org.apache.hadoop.hdds.server.OzoneProtocolMessageDispatcher.processRequest(OzoneProtocolMessageDispatcher.java:87) [hdds-server-framework-1.3.0-SNAPSHOT.jar:?]
	at org.apache.hadoop.ozone.protocolPB.OzoneManagerProtocolServerSideTranslatorPB.submitRequest(OzoneManagerProtocolServerSideTranslatorPB.java:147) [ozone-manager-1.3.0-SNAPSHOT.jar:?]
	at org.apache.hadoop.ozone.protocol.proto.OzoneManagerProtocolProtos$OzoneManagerService$2.callBlockingMethod(OzoneManagerProtocolProtos.java) [ozone-interface-client-1.3.0-SNAPSHOT.jar:?]
	at org.apache.hadoop.ipc.ProtobufRpcEngine$Server.processCall(ProtobufRpcEngine.java:466) [hadoop-common-3.3.1.jar:?]
	at org.apache.hadoop.ipc.ProtobufRpcEngine2$Server$ProtoBufRpcInvoker.call(ProtobufRpcEngine2.java:574) [hadoop-common-3.3.1.jar:?]
	at org.apache.hadoop.ipc.ProtobufRpcEngine2$Server$ProtoBufRpcInvoker.call(ProtobufRpcEngine2.java:552) [hadoop-common-3.3.1.jar:?]
	at org.apache.hadoop.ipc.RPC$Server.call(RPC.java:1093) [hadoop-common-3.3.1.jar:?]
	at org.apache.hadoop.ipc.Server$RpcCall.run(Server.java:1035) [hadoop-common-3.3.1.jar:?]
	at org.apache.hadoop.ipc.Server$RpcCall.run(Server.java:963) [hadoop-common-3.3.1.jar:?]
	at java.security.AccessController.doPrivileged(Native Method) ~[?:1.8.0_332]
	at javax.security.auth.Subject.doAs(Subject.java:422) [?:1.8.0_332]
	at org.apache.hadoop.security.UserGroupInformation.doAs(UserGroupInformation.java:1878) [hadoop-common-3.3.1.jar:?]
	at org.apache.hadoop.ipc.Server$Handler.run(Server.java:2966) [hadoop-common-3.3.1.jar:?]
13:56:23.992 [IPC Server handler 2 on default port 33745] ERROR OMAudit - user=runner | ip=127.0.0.1 | op=GET_FILE_STATUS {volume=volume37829, bucket=bucket78784, key=testBatchDelete/parent, dataSize=0, replicationConfig=null} | ret=FAILURE
org.apache.hadoop.ozone.om.exceptions.OMException: Unable to get file status: volume: volume37829 bucket: bucket78784 key: testBatchDelete/parent
	at org.apache.hadoop.ozone.om.KeyManagerImpl.getOzoneFileStatus(KeyManagerImpl.java:1311) ~[ozone-manager-1.3.0-SNAPSHOT.jar:?]
	at org.apache.hadoop.ozone.om.KeyManagerImpl.getFileStatus(KeyManagerImpl.java:1241) ~[ozone-manager-1.3.0-SNAPSHOT.jar:?]
	at org.apache.hadoop.ozone.om.OzoneManager.getFileStatus(OzoneManager.java:3419) ~[ozone-manager-1.3.0-SNAPSHOT.jar:?]
	at org.apache.hadoop.ozone.protocolPB.OzoneManagerRequestHandler.getOzoneFileStatus(OzoneManagerRequestHandler.java:871) ~[ozone-manager-1.3.0-SNAPSHOT.jar:?]
	at org.apache.hadoop.ozone.protocolPB.OzoneManagerRequestHandler.handleReadRequest(OzoneManagerRequestHandler.java:217) ~[ozone-manager-1.3.0-SNAPSHOT.jar:?]
	at org.apache.hadoop.ozone.protocolPB.OzoneManagerProtocolServerSideTranslatorPB.submitRequestDirectlyToOM(OzoneManagerProtocolServerSideTranslatorPB.java:284) ~[ozone-manager-1.3.0-SNAPSHOT.jar:?]
	at org.apache.hadoop.ozone.protocolPB.OzoneManagerProtocolServerSideTranslatorPB.processRequest(OzoneManagerProtocolServerSideTranslatorPB.java:207) ~[ozone-manager-1.3.0-SNAPSHOT.jar:?]
	at org.apache.hadoop.hdds.server.OzoneProtocolMessageDispatcher.processRequest(OzoneProtocolMessageDispatcher.java:87) [hdds-server-framework-1.3.0-SNAPSHOT.jar:?]
	at org.apache.hadoop.ozone.protocolPB.OzoneManagerProtocolServerSideTranslatorPB.submitRequest(OzoneManagerProtocolServerSideTranslatorPB.java:147) [ozone-manager-1.3.0-SNAPSHOT.jar:?]
	at org.apache.hadoop.ozone.protocol.proto.OzoneManagerProtocolProtos$OzoneManagerService$2.callBlockingMethod(OzoneManagerProtocolProtos.java) [ozone-interface-client-1.3.0-SNAPSHOT.jar:?]
	at org.apache.hadoop.ipc.ProtobufRpcEngine$Server.processCall(ProtobufRpcEngine.java:466) [hadoop-common-3.3.1.jar:?]
	at org.apache.hadoop.ipc.ProtobufRpcEngine2$Server$ProtoBufRpcInvoker.call(ProtobufRpcEngine2.java:574) [hadoop-common-3.3.1.jar:?]
	at org.apache.hadoop.ipc.ProtobufRpcEngine2$Server$ProtoBufRpcInvoker.call(ProtobufRpcEngine2.java:552) [hadoop-common-3.3.1.jar:?]
	at org.apache.hadoop.ipc.RPC$Server.call(RPC.java:1093) [hadoop-common-3.3.1.jar:?]
	at org.apache.hadoop.ipc.Server$RpcCall.run(Server.java:1035) [hadoop-common-3.3.1.jar:?]
	at org.apache.hadoop.ipc.Server$RpcCall.run(Server.java:963) [hadoop-common-3.3.1.jar:?]
	at java.security.AccessController.doPrivileged(Native Method) ~[?:1.8.0_332]
	at javax.security.auth.Subject.doAs(Subject.java:422) [?:1.8.0_332]
	at org.apache.hadoop.security.UserGroupInformation.doAs(UserGroupInformation.java:1878) [hadoop-common-3.3.1.jar:?]
	at org.apache.hadoop.ipc.Server$Handler.run(Server.java:2966) [hadoop-common-3.3.1.jar:?]
2022-06-21 13:56:23,994 [Time-limited test] WARN  ozone.BasicOzoneFileSystem (BasicOzoneFileSystem.java:delete(532)) - delete: Path does not exist: /testBatchDelete/parent
]]></system-out>
  </testcase>
  <testcase name="testRenameToTrashEnabled" classname="TestOzoneFileSystem" time="0.136">
    <system-out><![CDATA[13:52:52.899 [IPC Server handler 11 on default port 44727] ERROR OMAudit - user=runner | ip=127.0.0.1 | op=GET_FILE_STATUS {volume=volume19882, bucket=bucket92495, key=.Trash/runner/Current/testKey1, dataSize=0, replicationConfig=null} | ret=FAILURE
org.apache.hadoop.ozone.om.exceptions.OMException: Unable to get file status: volume: volume19882 bucket: bucket92495 key: .Trash/runner/Current/testKey1
	at org.apache.hadoop.ozone.om.KeyManagerImpl.getOzoneFileStatus(KeyManagerImpl.java:1311) ~[ozone-manager-1.3.0-SNAPSHOT.jar:?]
	at org.apache.hadoop.ozone.om.KeyManagerImpl.getFileStatus(KeyManagerImpl.java:1241) ~[ozone-manager-1.3.0-SNAPSHOT.jar:?]
	at org.apache.hadoop.ozone.om.OzoneManager.getFileStatus(OzoneManager.java:3419) ~[ozone-manager-1.3.0-SNAPSHOT.jar:?]
	at org.apache.hadoop.ozone.protocolPB.OzoneManagerRequestHandler.getOzoneFileStatus(OzoneManagerRequestHandler.java:871) ~[ozone-manager-1.3.0-SNAPSHOT.jar:?]
	at org.apache.hadoop.ozone.protocolPB.OzoneManagerRequestHandler.handleReadRequest(OzoneManagerRequestHandler.java:217) ~[ozone-manager-1.3.0-SNAPSHOT.jar:?]
	at org.apache.hadoop.ozone.protocolPB.OzoneManagerProtocolServerSideTranslatorPB.submitReadRequestToOM(OzoneManagerProtocolServerSideTranslatorPB.java:225) ~[ozone-manager-1.3.0-SNAPSHOT.jar:?]
	at org.apache.hadoop.ozone.protocolPB.OzoneManagerProtocolServerSideTranslatorPB.processRequest(OzoneManagerProtocolServerSideTranslatorPB.java:175) ~[ozone-manager-1.3.0-SNAPSHOT.jar:?]
	at org.apache.hadoop.hdds.server.OzoneProtocolMessageDispatcher.processRequest(OzoneProtocolMessageDispatcher.java:87) [hdds-server-framework-1.3.0-SNAPSHOT.jar:?]
	at org.apache.hadoop.ozone.protocolPB.OzoneManagerProtocolServerSideTranslatorPB.submitRequest(OzoneManagerProtocolServerSideTranslatorPB.java:147) [ozone-manager-1.3.0-SNAPSHOT.jar:?]
	at org.apache.hadoop.ozone.protocol.proto.OzoneManagerProtocolProtos$OzoneManagerService$2.callBlockingMethod(OzoneManagerProtocolProtos.java) [ozone-interface-client-1.3.0-SNAPSHOT.jar:?]
	at org.apache.hadoop.ipc.ProtobufRpcEngine$Server.processCall(ProtobufRpcEngine.java:466) [hadoop-common-3.3.1.jar:?]
	at org.apache.hadoop.ipc.ProtobufRpcEngine2$Server$ProtoBufRpcInvoker.call(ProtobufRpcEngine2.java:574) [hadoop-common-3.3.1.jar:?]
	at org.apache.hadoop.ipc.ProtobufRpcEngine2$Server$ProtoBufRpcInvoker.call(ProtobufRpcEngine2.java:552) [hadoop-common-3.3.1.jar:?]
	at org.apache.hadoop.ipc.RPC$Server.call(RPC.java:1093) [hadoop-common-3.3.1.jar:?]
	at org.apache.hadoop.ipc.Server$RpcCall.run(Server.java:1035) [hadoop-common-3.3.1.jar:?]
	at org.apache.hadoop.ipc.Server$RpcCall.run(Server.java:963) [hadoop-common-3.3.1.jar:?]
	at java.security.AccessController.doPrivileged(Native Method) ~[?:1.8.0_332]
	at javax.security.auth.Subject.doAs(Subject.java:422) [?:1.8.0_332]
	at org.apache.hadoop.security.UserGroupInformation.doAs(UserGroupInformation.java:1878) [hadoop-common-3.3.1.jar:?]
	at org.apache.hadoop.ipc.Server$Handler.run(Server.java:2966) [hadoop-common-3.3.1.jar:?]
13:52:52.906 [IPC Server handler 15 on default port 44727] ERROR OMAudit - user=runner | ip=127.0.0.1 | op=GET_FILE_STATUS {volume=volume19882, bucket=bucket92495, key=.Trash/runner/Current/testKey1, dataSize=0, replicationConfig=null} | ret=FAILURE
org.apache.hadoop.ozone.om.exceptions.OMException: Unable to get file status: volume: volume19882 bucket: bucket92495 key: .Trash/runner/Current/testKey1
	at org.apache.hadoop.ozone.om.KeyManagerImpl.getOzoneFileStatus(KeyManagerImpl.java:1311) ~[ozone-manager-1.3.0-SNAPSHOT.jar:?]
	at org.apache.hadoop.ozone.om.KeyManagerImpl.getFileStatus(KeyManagerImpl.java:1241) ~[ozone-manager-1.3.0-SNAPSHOT.jar:?]
	at org.apache.hadoop.ozone.om.OzoneManager.getFileStatus(OzoneManager.java:3419) ~[ozone-manager-1.3.0-SNAPSHOT.jar:?]
	at org.apache.hadoop.ozone.protocolPB.OzoneManagerRequestHandler.getOzoneFileStatus(OzoneManagerRequestHandler.java:871) ~[ozone-manager-1.3.0-SNAPSHOT.jar:?]
	at org.apache.hadoop.ozone.protocolPB.OzoneManagerRequestHandler.handleReadRequest(OzoneManagerRequestHandler.java:217) ~[ozone-manager-1.3.0-SNAPSHOT.jar:?]
	at org.apache.hadoop.ozone.protocolPB.OzoneManagerProtocolServerSideTranslatorPB.submitReadRequestToOM(OzoneManagerProtocolServerSideTranslatorPB.java:225) ~[ozone-manager-1.3.0-SNAPSHOT.jar:?]
	at org.apache.hadoop.ozone.protocolPB.OzoneManagerProtocolServerSideTranslatorPB.processRequest(OzoneManagerProtocolServerSideTranslatorPB.java:175) ~[ozone-manager-1.3.0-SNAPSHOT.jar:?]
	at org.apache.hadoop.hdds.server.OzoneProtocolMessageDispatcher.processRequest(OzoneProtocolMessageDispatcher.java:87) [hdds-server-framework-1.3.0-SNAPSHOT.jar:?]
	at org.apache.hadoop.ozone.protocolPB.OzoneManagerProtocolServerSideTranslatorPB.submitRequest(OzoneManagerProtocolServerSideTranslatorPB.java:147) [ozone-manager-1.3.0-SNAPSHOT.jar:?]
	at org.apache.hadoop.ozone.protocol.proto.OzoneManagerProtocolProtos$OzoneManagerService$2.callBlockingMethod(OzoneManagerProtocolProtos.java) [ozone-interface-client-1.3.0-SNAPSHOT.jar:?]
	at org.apache.hadoop.ipc.ProtobufRpcEngine$Server.processCall(ProtobufRpcEngine.java:466) [hadoop-common-3.3.1.jar:?]
	at org.apache.hadoop.ipc.ProtobufRpcEngine2$Server$ProtoBufRpcInvoker.call(ProtobufRpcEngine2.java:574) [hadoop-common-3.3.1.jar:?]
	at org.apache.hadoop.ipc.ProtobufRpcEngine2$Server$ProtoBufRpcInvoker.call(ProtobufRpcEngine2.java:552) [hadoop-common-3.3.1.jar:?]
	at org.apache.hadoop.ipc.RPC$Server.call(RPC.java:1093) [hadoop-common-3.3.1.jar:?]
	at org.apache.hadoop.ipc.Server$RpcCall.run(Server.java:1035) [hadoop-common-3.3.1.jar:?]
	at org.apache.hadoop.ipc.Server$RpcCall.run(Server.java:963) [hadoop-common-3.3.1.jar:?]
	at java.security.AccessController.doPrivileged(Native Method) ~[?:1.8.0_332]
	at javax.security.auth.Subject.doAs(Subject.java:422) [?:1.8.0_332]
	at org.apache.hadoop.security.UserGroupInformation.doAs(UserGroupInformation.java:1878) [hadoop-common-3.3.1.jar:?]
	at org.apache.hadoop.ipc.Server$Handler.run(Server.java:2966) [hadoop-common-3.3.1.jar:?]
2022-06-21 13:52:52,915 [Time-limited test] INFO  fs.TrashPolicyDefault (TrashPolicyDefault.java:moveToTrash(188)) - Moved: '/testKey1' to trash at: /.Trash/runner/Current/testKey1
]]></system-out>
  </testcase>
  <testcase name="testRenameToTrashEnabled" classname="TestOzoneFileSystem" time="0.195">
    <system-out><![CDATA[13:54:01.392 [IPC Server handler 4 on default port 34499] ERROR OMAudit - user=runner | ip=127.0.0.1 | op=GET_FILE_STATUS {volume=volume69434, bucket=bucket16378, key=.Trash/runner/Current/testKey1, dataSize=0, replicationConfig=null} | ret=FAILURE
org.apache.hadoop.ozone.om.exceptions.OMException: Unable to get file status: volume: volume69434 bucket: bucket16378 key: .Trash/runner/Current/testKey1
	at org.apache.hadoop.ozone.om.KeyManagerImpl.getOzoneFileStatus(KeyManagerImpl.java:1311) ~[ozone-manager-1.3.0-SNAPSHOT.jar:?]
	at org.apache.hadoop.ozone.om.KeyManagerImpl.getFileStatus(KeyManagerImpl.java:1241) ~[ozone-manager-1.3.0-SNAPSHOT.jar:?]
	at org.apache.hadoop.ozone.om.OzoneManager.getFileStatus(OzoneManager.java:3419) ~[ozone-manager-1.3.0-SNAPSHOT.jar:?]
	at org.apache.hadoop.ozone.protocolPB.OzoneManagerRequestHandler.getOzoneFileStatus(OzoneManagerRequestHandler.java:871) ~[ozone-manager-1.3.0-SNAPSHOT.jar:?]
	at org.apache.hadoop.ozone.protocolPB.OzoneManagerRequestHandler.handleReadRequest(OzoneManagerRequestHandler.java:217) ~[ozone-manager-1.3.0-SNAPSHOT.jar:?]
	at org.apache.hadoop.ozone.protocolPB.OzoneManagerProtocolServerSideTranslatorPB.submitRequestDirectlyToOM(OzoneManagerProtocolServerSideTranslatorPB.java:284) ~[ozone-manager-1.3.0-SNAPSHOT.jar:?]
	at org.apache.hadoop.ozone.protocolPB.OzoneManagerProtocolServerSideTranslatorPB.processRequest(OzoneManagerProtocolServerSideTranslatorPB.java:207) ~[ozone-manager-1.3.0-SNAPSHOT.jar:?]
	at org.apache.hadoop.hdds.server.OzoneProtocolMessageDispatcher.processRequest(OzoneProtocolMessageDispatcher.java:87) [hdds-server-framework-1.3.0-SNAPSHOT.jar:?]
	at org.apache.hadoop.ozone.protocolPB.OzoneManagerProtocolServerSideTranslatorPB.submitRequest(OzoneManagerProtocolServerSideTranslatorPB.java:147) [ozone-manager-1.3.0-SNAPSHOT.jar:?]
	at org.apache.hadoop.ozone.protocol.proto.OzoneManagerProtocolProtos$OzoneManagerService$2.callBlockingMethod(OzoneManagerProtocolProtos.java) [ozone-interface-client-1.3.0-SNAPSHOT.jar:?]
	at org.apache.hadoop.ipc.ProtobufRpcEngine$Server.processCall(ProtobufRpcEngine.java:466) [hadoop-common-3.3.1.jar:?]
	at org.apache.hadoop.ipc.ProtobufRpcEngine2$Server$ProtoBufRpcInvoker.call(ProtobufRpcEngine2.java:574) [hadoop-common-3.3.1.jar:?]
	at org.apache.hadoop.ipc.ProtobufRpcEngine2$Server$ProtoBufRpcInvoker.call(ProtobufRpcEngine2.java:552) [hadoop-common-3.3.1.jar:?]
	at org.apache.hadoop.ipc.RPC$Server.call(RPC.java:1093) [hadoop-common-3.3.1.jar:?]
	at org.apache.hadoop.ipc.Server$RpcCall.run(Server.java:1035) [hadoop-common-3.3.1.jar:?]
	at org.apache.hadoop.ipc.Server$RpcCall.run(Server.java:963) [hadoop-common-3.3.1.jar:?]
	at java.security.AccessController.doPrivileged(Native Method) ~[?:1.8.0_332]
	at javax.security.auth.Subject.doAs(Subject.java:422) [?:1.8.0_332]
	at org.apache.hadoop.security.UserGroupInformation.doAs(UserGroupInformation.java:1878) [hadoop-common-3.3.1.jar:?]
	at org.apache.hadoop.ipc.Server$Handler.run(Server.java:2966) [hadoop-common-3.3.1.jar:?]
13:54:01.395 [IPC Server handler 10 on default port 34499] ERROR OMAudit - user=runner | ip=127.0.0.1 | op=GET_FILE_STATUS {volume=volume69434, bucket=bucket16378, key=.Trash/runner/Current/testKey1, dataSize=0, replicationConfig=null} | ret=FAILURE
org.apache.hadoop.ozone.om.exceptions.OMException: Unable to get file status: volume: volume69434 bucket: bucket16378 key: .Trash/runner/Current/testKey1
	at org.apache.hadoop.ozone.om.KeyManagerImpl.getOzoneFileStatus(KeyManagerImpl.java:1311) ~[ozone-manager-1.3.0-SNAPSHOT.jar:?]
	at org.apache.hadoop.ozone.om.KeyManagerImpl.getFileStatus(KeyManagerImpl.java:1241) ~[ozone-manager-1.3.0-SNAPSHOT.jar:?]
	at org.apache.hadoop.ozone.om.OzoneManager.getFileStatus(OzoneManager.java:3419) ~[ozone-manager-1.3.0-SNAPSHOT.jar:?]
	at org.apache.hadoop.ozone.protocolPB.OzoneManagerRequestHandler.getOzoneFileStatus(OzoneManagerRequestHandler.java:871) ~[ozone-manager-1.3.0-SNAPSHOT.jar:?]
	at org.apache.hadoop.ozone.protocolPB.OzoneManagerRequestHandler.handleReadRequest(OzoneManagerRequestHandler.java:217) ~[ozone-manager-1.3.0-SNAPSHOT.jar:?]
	at org.apache.hadoop.ozone.protocolPB.OzoneManagerProtocolServerSideTranslatorPB.submitRequestDirectlyToOM(OzoneManagerProtocolServerSideTranslatorPB.java:284) ~[ozone-manager-1.3.0-SNAPSHOT.jar:?]
	at org.apache.hadoop.ozone.protocolPB.OzoneManagerProtocolServerSideTranslatorPB.processRequest(OzoneManagerProtocolServerSideTranslatorPB.java:207) ~[ozone-manager-1.3.0-SNAPSHOT.jar:?]
	at org.apache.hadoop.hdds.server.OzoneProtocolMessageDispatcher.processRequest(OzoneProtocolMessageDispatcher.java:87) [hdds-server-framework-1.3.0-SNAPSHOT.jar:?]
	at org.apache.hadoop.ozone.protocolPB.OzoneManagerProtocolServerSideTranslatorPB.submitRequest(OzoneManagerProtocolServerSideTranslatorPB.java:147) [ozone-manager-1.3.0-SNAPSHOT.jar:?]
	at org.apache.hadoop.ozone.protocol.proto.OzoneManagerProtocolProtos$OzoneManagerService$2.callBlockingMethod(OzoneManagerProtocolProtos.java) [ozone-interface-client-1.3.0-SNAPSHOT.jar:?]
	at org.apache.hadoop.ipc.ProtobufRpcEngine$Server.processCall(ProtobufRpcEngine.java:466) [hadoop-common-3.3.1.jar:?]
	at org.apache.hadoop.ipc.ProtobufRpcEngine2$Server$ProtoBufRpcInvoker.call(ProtobufRpcEngine2.java:574) [hadoop-common-3.3.1.jar:?]
	at org.apache.hadoop.ipc.ProtobufRpcEngine2$Server$ProtoBufRpcInvoker.call(ProtobufRpcEngine2.java:552) [hadoop-common-3.3.1.jar:?]
	at org.apache.hadoop.ipc.RPC$Server.call(RPC.java:1093) [hadoop-common-3.3.1.jar:?]
	at org.apache.hadoop.ipc.Server$RpcCall.run(Server.java:1035) [hadoop-common-3.3.1.jar:?]
	at org.apache.hadoop.ipc.Server$RpcCall.run(Server.java:963) [hadoop-common-3.3.1.jar:?]
	at java.security.AccessController.doPrivileged(Native Method) ~[?:1.8.0_332]
	at javax.security.auth.Subject.doAs(Subject.java:422) [?:1.8.0_332]
	at org.apache.hadoop.security.UserGroupInformation.doAs(UserGroupInformation.java:1878) [hadoop-common-3.3.1.jar:?]
	at org.apache.hadoop.ipc.Server$Handler.run(Server.java:2966) [hadoop-common-3.3.1.jar:?]
2022-06-21 13:54:01,400 [Time-limited test] INFO  fs.TrashPolicyDefault (TrashPolicyDefault.java:moveToTrash(188)) - Moved: '/testKey1' to trash at: /.Trash/runner/Current/testKey1
]]></system-out>
  </testcase>
  <testcase name="testRenameToTrashEnabled" classname="TestOzoneFileSystem" time="2.764">
    <failure type="java.lang.AssertionError"><![CDATA[java.lang.AssertionError
	at org.junit.Assert.fail(Assert.java:87)
	at org.junit.Assert.assertTrue(Assert.java:42)
	at org.junit.Assert.assertTrue(Assert.java:53)
	at org.apache.hadoop.fs.ozone.TestOzoneFileSystem.testRenameToTrashEnabled(TestOzoneFileSystem.java:1319)
	at sun.reflect.NativeMethodAccessorImpl.invoke0(Native Method)
	at sun.reflect.NativeMethodAccessorImpl.invoke(NativeMethodAccessorImpl.java:62)
	at sun.reflect.DelegatingMethodAccessorImpl.invoke(DelegatingMethodAccessorImpl.java:43)
	at java.lang.reflect.Method.invoke(Method.java:498)
	at org.junit.runners.model.FrameworkMethod$1.runReflectiveCall(FrameworkMethod.java:59)
	at org.junit.internal.runners.model.ReflectiveCallable.run(ReflectiveCallable.java:12)
	at org.junit.runners.model.FrameworkMethod.invokeExplosively(FrameworkMethod.java:56)
	at org.junit.internal.runners.statements.InvokeMethod.evaluate(InvokeMethod.java:17)
	at org.junit.internal.runners.statements.RunAfters.evaluate(RunAfters.java:27)
	at org.junit.internal.runners.statements.FailOnTimeout$CallableStatement.call(FailOnTimeout.java:288)
	at org.junit.internal.runners.statements.FailOnTimeout$CallableStatement.call(FailOnTimeout.java:282)
	at java.util.concurrent.FutureTask.run(FutureTask.java:266)
	at java.lang.Thread.run(Thread.java:750)
]]></failure>
    <system-out><![CDATA[2022-06-21 13:55:07,930 [c45c8671-7070-4be0-aa13-1f2d6b7a9218@group-7C04624AABF3-FollowerState] INFO  impl.FollowerState (FollowerState.java:run(143)) - c45c8671-7070-4be0-aa13-1f2d6b7a9218@group-7C04624AABF3-FollowerState: change to CANDIDATE, lastRpcElapsedTime:5078712361ns, electionTimeout:5078ms
2022-06-21 13:55:07,931 [c45c8671-7070-4be0-aa13-1f2d6b7a9218@group-7C04624AABF3-FollowerState] INFO  impl.RoleInfo (RoleInfo.java:shutdownFollowerState(110)) - c45c8671-7070-4be0-aa13-1f2d6b7a9218: shutdown c45c8671-7070-4be0-aa13-1f2d6b7a9218@group-7C04624AABF3-FollowerState
2022-06-21 13:55:07,931 [c45c8671-7070-4be0-aa13-1f2d6b7a9218@group-7C04624AABF3-FollowerState] INFO  server.RaftServer$Division (RaftServerImpl.java:setRole(299)) - c45c8671-7070-4be0-aa13-1f2d6b7a9218@group-7C04624AABF3: changes role from  FOLLOWER to CANDIDATE at term 2 for changeToCandidate
2022-06-21 13:55:07,931 [c45c8671-7070-4be0-aa13-1f2d6b7a9218@group-7C04624AABF3-FollowerState] INFO  server.RaftServerConfigKeys (ConfUtils.java:logGet(46)) - raft.server.leaderelection.pre-vote = false (custom)
2022-06-21 13:55:07,931 [c45c8671-7070-4be0-aa13-1f2d6b7a9218@group-7C04624AABF3-FollowerState] INFO  impl.RoleInfo (RoleInfo.java:updateAndGet(139)) - c45c8671-7070-4be0-aa13-1f2d6b7a9218: start c45c8671-7070-4be0-aa13-1f2d6b7a9218@group-7C04624AABF3-LeaderElection38
2022-06-21 13:55:07,958 [3f2f5716-e318-4c9d-8cf6-ca563bbe3eeb@group-7C04624AABF3-FollowerState] INFO  impl.FollowerState (FollowerState.java:run(143)) - 3f2f5716-e318-4c9d-8cf6-ca563bbe3eeb@group-7C04624AABF3-FollowerState: change to CANDIDATE, lastRpcElapsedTime:5126459549ns, electionTimeout:5126ms
2022-06-21 13:55:07,958 [3f2f5716-e318-4c9d-8cf6-ca563bbe3eeb@group-7C04624AABF3-FollowerState] INFO  impl.RoleInfo (RoleInfo.java:shutdownFollowerState(110)) - 3f2f5716-e318-4c9d-8cf6-ca563bbe3eeb: shutdown 3f2f5716-e318-4c9d-8cf6-ca563bbe3eeb@group-7C04624AABF3-FollowerState
2022-06-21 13:55:07,958 [3f2f5716-e318-4c9d-8cf6-ca563bbe3eeb@group-7C04624AABF3-FollowerState] INFO  server.RaftServer$Division (RaftServerImpl.java:setRole(299)) - 3f2f5716-e318-4c9d-8cf6-ca563bbe3eeb@group-7C04624AABF3: changes role from  FOLLOWER to CANDIDATE at term 2 for changeToCandidate
2022-06-21 13:55:07,959 [3f2f5716-e318-4c9d-8cf6-ca563bbe3eeb@group-7C04624AABF3-FollowerState] INFO  server.RaftServerConfigKeys (ConfUtils.java:logGet(46)) - raft.server.leaderelection.pre-vote = false (custom)
2022-06-21 13:55:07,959 [3f2f5716-e318-4c9d-8cf6-ca563bbe3eeb@group-7C04624AABF3-FollowerState] INFO  impl.RoleInfo (RoleInfo.java:updateAndGet(139)) - 3f2f5716-e318-4c9d-8cf6-ca563bbe3eeb: start 3f2f5716-e318-4c9d-8cf6-ca563bbe3eeb@group-7C04624AABF3-LeaderElection39
2022-06-21 13:55:07,961 [c45c8671-7070-4be0-aa13-1f2d6b7a9218@group-7C04624AABF3-LeaderElection38] INFO  impl.LeaderElection (LeaderElection.java:askForVotes(310)) - c45c8671-7070-4be0-aa13-1f2d6b7a9218@group-7C04624AABF3-LeaderElection38 ELECTION round 0: submit vote requests at term 3 for -1: [3f2f5716-e318-4c9d-8cf6-ca563bbe3eeb|rpc:10.1.0.15:41473|dataStream:|priority:0, 6f924676-de29-4bda-9abe-50e624e9409e|rpc:10.1.0.15:35717|dataStream:|priority:0, c45c8671-7070-4be0-aa13-1f2d6b7a9218|rpc:10.1.0.15:39709|dataStream:|priority:1], old=null
2022-06-21 13:55:07,974 [3f2f5716-e318-4c9d-8cf6-ca563bbe3eeb@group-7C04624AABF3-LeaderElection39] INFO  impl.LeaderElection (LeaderElection.java:askForVotes(310)) - 3f2f5716-e318-4c9d-8cf6-ca563bbe3eeb@group-7C04624AABF3-LeaderElection39 ELECTION round 0: submit vote requests at term 3 for -1: [3f2f5716-e318-4c9d-8cf6-ca563bbe3eeb|rpc:10.1.0.15:41473|dataStream:|priority:0, 6f924676-de29-4bda-9abe-50e624e9409e|rpc:10.1.0.15:35717|dataStream:|priority:0, c45c8671-7070-4be0-aa13-1f2d6b7a9218|rpc:10.1.0.15:39709|dataStream:|priority:1], old=null
2022-06-21 13:55:08,003 [grpc-default-executor-3] INFO  server.RaftServer$Division (RaftServerImpl.java:requestVote(1152)) - 6f924676-de29-4bda-9abe-50e624e9409e@group-7C04624AABF3: receive requestVote(ELECTION, c45c8671-7070-4be0-aa13-1f2d6b7a9218, group-7C04624AABF3, 3, (t:0, i:0))
2022-06-21 13:55:08,010 [grpc-default-executor-3] INFO  impl.VoteContext (VoteContext.java:log(48)) - 6f924676-de29-4bda-9abe-50e624e9409e@group-7C04624AABF3-FOLLOWER: accept ELECTION from c45c8671-7070-4be0-aa13-1f2d6b7a9218: our priority 0 <= candidate's priority 1
2022-06-21 13:55:08,010 [grpc-default-executor-3] INFO  server.RaftServer$Division (RaftServerImpl.java:setRole(299)) - 6f924676-de29-4bda-9abe-50e624e9409e@group-7C04624AABF3: changes role from  FOLLOWER to FOLLOWER at term 3 for candidate:c45c8671-7070-4be0-aa13-1f2d6b7a9218
2022-06-21 13:55:08,010 [grpc-default-executor-3] INFO  impl.RoleInfo (RoleInfo.java:shutdownFollowerState(110)) - 6f924676-de29-4bda-9abe-50e624e9409e: shutdown 6f924676-de29-4bda-9abe-50e624e9409e@group-7C04624AABF3-FollowerState
2022-06-21 13:55:08,010 [6f924676-de29-4bda-9abe-50e624e9409e@group-7C04624AABF3-FollowerState] INFO  impl.FollowerState (FollowerState.java:run(152)) - 6f924676-de29-4bda-9abe-50e624e9409e@group-7C04624AABF3-FollowerState was interrupted
2022-06-21 13:55:08,010 [grpc-default-executor-1] INFO  server.RaftServer$Division (RaftServerImpl.java:requestVote(1152)) - c45c8671-7070-4be0-aa13-1f2d6b7a9218@group-7C04624AABF3: receive requestVote(ELECTION, 3f2f5716-e318-4c9d-8cf6-ca563bbe3eeb, group-7C04624AABF3, 3, (t:0, i:0))
2022-06-21 13:55:08,014 [grpc-default-executor-1] INFO  impl.VoteContext (VoteContext.java:log(48)) - c45c8671-7070-4be0-aa13-1f2d6b7a9218@group-7C04624AABF3-CANDIDATE: reject ELECTION from 3f2f5716-e318-4c9d-8cf6-ca563bbe3eeb: already has voted for c45c8671-7070-4be0-aa13-1f2d6b7a9218 at current term 3
2022-06-21 13:55:08,015 [grpc-default-executor-1] INFO  server.RaftServer$Division (RaftServerImpl.java:requestVote(1184)) - c45c8671-7070-4be0-aa13-1f2d6b7a9218@group-7C04624AABF3 replies to ELECTION vote request: 3f2f5716-e318-4c9d-8cf6-ca563bbe3eeb<-c45c8671-7070-4be0-aa13-1f2d6b7a9218#0:FAIL-t3. Peer's state: c45c8671-7070-4be0-aa13-1f2d6b7a9218@group-7C04624AABF3:t3, leader=null, voted=c45c8671-7070-4be0-aa13-1f2d6b7a9218, raftlog=c45c8671-7070-4be0-aa13-1f2d6b7a9218@group-7C04624AABF3-SegmentedRaftLog:OPENED:c-1, conf=-1: [3f2f5716-e318-4c9d-8cf6-ca563bbe3eeb|rpc:10.1.0.15:41473|dataStream:|priority:0, 6f924676-de29-4bda-9abe-50e624e9409e|rpc:10.1.0.15:35717|dataStream:|priority:0, c45c8671-7070-4be0-aa13-1f2d6b7a9218|rpc:10.1.0.15:39709|dataStream:|priority:1], old=null
2022-06-21 13:55:08,010 [grpc-default-executor-0] INFO  server.RaftServer$Division (RaftServerImpl.java:requestVote(1152)) - 6f924676-de29-4bda-9abe-50e624e9409e@group-7C04624AABF3: receive requestVote(ELECTION, 3f2f5716-e318-4c9d-8cf6-ca563bbe3eeb, group-7C04624AABF3, 3, (t:0, i:0))
2022-06-21 13:55:08,010 [grpc-default-executor-2] INFO  server.RaftServer$Division (RaftServerImpl.java:requestVote(1152)) - 3f2f5716-e318-4c9d-8cf6-ca563bbe3eeb@group-7C04624AABF3: receive requestVote(ELECTION, c45c8671-7070-4be0-aa13-1f2d6b7a9218, group-7C04624AABF3, 3, (t:0, i:0))
2022-06-21 13:55:08,020 [grpc-default-executor-2] INFO  impl.VoteContext (VoteContext.java:log(48)) - 3f2f5716-e318-4c9d-8cf6-ca563bbe3eeb@group-7C04624AABF3-CANDIDATE: reject ELECTION from c45c8671-7070-4be0-aa13-1f2d6b7a9218: already has voted for 3f2f5716-e318-4c9d-8cf6-ca563bbe3eeb at current term 3
2022-06-21 13:55:08,020 [grpc-default-executor-2] INFO  server.RaftServer$Division (RaftServerImpl.java:requestVote(1184)) - 3f2f5716-e318-4c9d-8cf6-ca563bbe3eeb@group-7C04624AABF3 replies to ELECTION vote request: c45c8671-7070-4be0-aa13-1f2d6b7a9218<-3f2f5716-e318-4c9d-8cf6-ca563bbe3eeb#0:FAIL-t3. Peer's state: 3f2f5716-e318-4c9d-8cf6-ca563bbe3eeb@group-7C04624AABF3:t3, leader=null, voted=3f2f5716-e318-4c9d-8cf6-ca563bbe3eeb, raftlog=3f2f5716-e318-4c9d-8cf6-ca563bbe3eeb@group-7C04624AABF3-SegmentedRaftLog:OPENED:c-1, conf=-1: [3f2f5716-e318-4c9d-8cf6-ca563bbe3eeb|rpc:10.1.0.15:41473|dataStream:|priority:0, 6f924676-de29-4bda-9abe-50e624e9409e|rpc:10.1.0.15:35717|dataStream:|priority:0, c45c8671-7070-4be0-aa13-1f2d6b7a9218|rpc:10.1.0.15:39709|dataStream:|priority:1], old=null
2022-06-21 13:55:08,010 [grpc-default-executor-3] INFO  impl.RoleInfo (RoleInfo.java:updateAndGet(139)) - 6f924676-de29-4bda-9abe-50e624e9409e: start 6f924676-de29-4bda-9abe-50e624e9409e@group-7C04624AABF3-FollowerState
2022-06-21 13:55:08,015 [3f2f5716-e318-4c9d-8cf6-ca563bbe3eeb@group-7C04624AABF3-LeaderElection39] INFO  impl.LeaderElection (LeaderElection.java:logAndReturn(90)) - 3f2f5716-e318-4c9d-8cf6-ca563bbe3eeb@group-7C04624AABF3-LeaderElection39: ELECTION REJECTED received 1 response(s) and 0 exception(s):
2022-06-21 13:55:08,039 [3f2f5716-e318-4c9d-8cf6-ca563bbe3eeb@group-7C04624AABF3-LeaderElection39] INFO  impl.LeaderElection (LeaderElection.java:logAndReturn(94)) -   Response 0: 3f2f5716-e318-4c9d-8cf6-ca563bbe3eeb<-c45c8671-7070-4be0-aa13-1f2d6b7a9218#0:FAIL-t3
2022-06-21 13:55:08,039 [3f2f5716-e318-4c9d-8cf6-ca563bbe3eeb@group-7C04624AABF3-LeaderElection39] INFO  impl.LeaderElection (LeaderElection.java:askForVotes(312)) - 3f2f5716-e318-4c9d-8cf6-ca563bbe3eeb@group-7C04624AABF3-LeaderElection39 ELECTION round 0: result REJECTED
2022-06-21 13:55:08,039 [3f2f5716-e318-4c9d-8cf6-ca563bbe3eeb@group-7C04624AABF3-LeaderElection39] INFO  server.RaftServer$Division (RaftServerImpl.java:setRole(299)) - 3f2f5716-e318-4c9d-8cf6-ca563bbe3eeb@group-7C04624AABF3: changes role from CANDIDATE to FOLLOWER at term 3 for REJECTED
2022-06-21 13:55:08,040 [3f2f5716-e318-4c9d-8cf6-ca563bbe3eeb@group-7C04624AABF3-LeaderElection39] INFO  impl.RoleInfo (RoleInfo.java:shutdownLeaderElection(130)) - 3f2f5716-e318-4c9d-8cf6-ca563bbe3eeb: shutdown 3f2f5716-e318-4c9d-8cf6-ca563bbe3eeb@group-7C04624AABF3-LeaderElection39
2022-06-21 13:55:08,040 [3f2f5716-e318-4c9d-8cf6-ca563bbe3eeb@group-7C04624AABF3-LeaderElection39] INFO  impl.RoleInfo (RoleInfo.java:updateAndGet(139)) - 3f2f5716-e318-4c9d-8cf6-ca563bbe3eeb: start 3f2f5716-e318-4c9d-8cf6-ca563bbe3eeb@group-7C04624AABF3-FollowerState
2022-06-21 13:55:08,022 [grpc-default-executor-3] INFO  server.RaftServer$Division (RaftServerImpl.java:requestVote(1184)) - 6f924676-de29-4bda-9abe-50e624e9409e@group-7C04624AABF3 replies to ELECTION vote request: c45c8671-7070-4be0-aa13-1f2d6b7a9218<-6f924676-de29-4bda-9abe-50e624e9409e#0:OK-t3. Peer's state: 6f924676-de29-4bda-9abe-50e624e9409e@group-7C04624AABF3:t3, leader=null, voted=c45c8671-7070-4be0-aa13-1f2d6b7a9218, raftlog=6f924676-de29-4bda-9abe-50e624e9409e@group-7C04624AABF3-SegmentedRaftLog:OPENED:c-1, conf=-1: [3f2f5716-e318-4c9d-8cf6-ca563bbe3eeb|rpc:10.1.0.15:41473|priority:0, 6f924676-de29-4bda-9abe-50e624e9409e|rpc:10.1.0.15:35717|priority:0, c45c8671-7070-4be0-aa13-1f2d6b7a9218|rpc:10.1.0.15:39709|priority:1], old=null
2022-06-21 13:55:08,043 [grpc-default-executor-0] INFO  impl.VoteContext (VoteContext.java:log(48)) - 6f924676-de29-4bda-9abe-50e624e9409e@group-7C04624AABF3-FOLLOWER: reject ELECTION from 3f2f5716-e318-4c9d-8cf6-ca563bbe3eeb: already has voted for c45c8671-7070-4be0-aa13-1f2d6b7a9218 at current term 3
2022-06-21 13:55:08,043 [grpc-default-executor-0] INFO  server.RaftServer$Division (RaftServerImpl.java:requestVote(1184)) - 6f924676-de29-4bda-9abe-50e624e9409e@group-7C04624AABF3 replies to ELECTION vote request: 3f2f5716-e318-4c9d-8cf6-ca563bbe3eeb<-6f924676-de29-4bda-9abe-50e624e9409e#0:FAIL-t3. Peer's state: 6f924676-de29-4bda-9abe-50e624e9409e@group-7C04624AABF3:t3, leader=null, voted=c45c8671-7070-4be0-aa13-1f2d6b7a9218, raftlog=6f924676-de29-4bda-9abe-50e624e9409e@group-7C04624AABF3-SegmentedRaftLog:OPENED:c-1, conf=-1: [3f2f5716-e318-4c9d-8cf6-ca563bbe3eeb|rpc:10.1.0.15:41473|priority:0, 6f924676-de29-4bda-9abe-50e624e9409e|rpc:10.1.0.15:35717|priority:0, c45c8671-7070-4be0-aa13-1f2d6b7a9218|rpc:10.1.0.15:39709|priority:1], old=null
2022-06-21 13:55:08,050 [c45c8671-7070-4be0-aa13-1f2d6b7a9218@group-7C04624AABF3-LeaderElection38] INFO  impl.LeaderElection (LeaderElection.java:logAndReturn(90)) - c45c8671-7070-4be0-aa13-1f2d6b7a9218@group-7C04624AABF3-LeaderElection38: ELECTION PASSED received 2 response(s) and 0 exception(s):
2022-06-21 13:55:08,056 [c45c8671-7070-4be0-aa13-1f2d6b7a9218@group-7C04624AABF3-LeaderElection38] INFO  impl.LeaderElection (LeaderElection.java:logAndReturn(94)) -   Response 0: c45c8671-7070-4be0-aa13-1f2d6b7a9218<-3f2f5716-e318-4c9d-8cf6-ca563bbe3eeb#0:FAIL-t3
2022-06-21 13:55:08,056 [c45c8671-7070-4be0-aa13-1f2d6b7a9218@group-7C04624AABF3-LeaderElection38] INFO  impl.LeaderElection (LeaderElection.java:logAndReturn(94)) -   Response 1: c45c8671-7070-4be0-aa13-1f2d6b7a9218<-6f924676-de29-4bda-9abe-50e624e9409e#0:OK-t3
2022-06-21 13:55:08,056 [c45c8671-7070-4be0-aa13-1f2d6b7a9218@group-7C04624AABF3-LeaderElection38] INFO  impl.LeaderElection (LeaderElection.java:askForVotes(312)) - c45c8671-7070-4be0-aa13-1f2d6b7a9218@group-7C04624AABF3-LeaderElection38 ELECTION round 0: result PASSED
2022-06-21 13:55:08,056 [c45c8671-7070-4be0-aa13-1f2d6b7a9218@group-7C04624AABF3-LeaderElection38] INFO  impl.RoleInfo (RoleInfo.java:shutdownLeaderElection(130)) - c45c8671-7070-4be0-aa13-1f2d6b7a9218: shutdown c45c8671-7070-4be0-aa13-1f2d6b7a9218@group-7C04624AABF3-LeaderElection38
2022-06-21 13:55:08,056 [c45c8671-7070-4be0-aa13-1f2d6b7a9218@group-7C04624AABF3-LeaderElection38] INFO  server.RaftServer$Division (RaftServerImpl.java:setRole(299)) - c45c8671-7070-4be0-aa13-1f2d6b7a9218@group-7C04624AABF3: changes role from CANDIDATE to LEADER at term 3 for changeToLeader
2022-06-21 13:55:08,056 [c45c8671-7070-4be0-aa13-1f2d6b7a9218@group-7C04624AABF3-LeaderElection38] INFO  ratis.XceiverServerRatis (XceiverServerRatis.java:handleLeaderChangedNotification(863)) - Leader change notification received for group: group-7C04624AABF3 with new leaderId: c45c8671-7070-4be0-aa13-1f2d6b7a9218
2022-06-21 13:55:08,056 [c45c8671-7070-4be0-aa13-1f2d6b7a9218@group-7C04624AABF3-LeaderElection38] INFO  server.RaftServer$Division (ServerState.java:setLeader(287)) - c45c8671-7070-4be0-aa13-1f2d6b7a9218@group-7C04624AABF3: change Leader from null to c45c8671-7070-4be0-aa13-1f2d6b7a9218 at term 3 for becomeLeader, leader elected after 15600ms
2022-06-21 13:55:08,056 [c45c8671-7070-4be0-aa13-1f2d6b7a9218@group-7C04624AABF3-LeaderElection38] INFO  server.RaftServerConfigKeys (ConfUtils.java:logGet(46)) - raft.server.staging.catchup.gap = 1000 (default)
2022-06-21 13:55:08,057 [c45c8671-7070-4be0-aa13-1f2d6b7a9218@group-7C04624AABF3-LeaderElection38] INFO  server.RaftServerConfigKeys (ConfUtils.java:logGet(46)) - raft.server.write.element-limit = 1024 (custom)
2022-06-21 13:55:08,057 [c45c8671-7070-4be0-aa13-1f2d6b7a9218@group-7C04624AABF3-LeaderElection38] INFO  server.RaftServerConfigKeys (ConfUtils.java:logGet(46)) - raft.server.write.byte-limit = 1024 M (=1073741824) (custom)
2022-06-21 13:55:08,057 [c45c8671-7070-4be0-aa13-1f2d6b7a9218@group-7C04624AABF3-LeaderElection38] INFO  server.RaftServerConfigKeys (ConfUtils.java:logGet(46)) - raft.server.watch.timeout = 180s (custom)
2022-06-21 13:55:08,057 [c45c8671-7070-4be0-aa13-1f2d6b7a9218@group-7C04624AABF3-LeaderElection38] INFO  server.RaftServerConfigKeys (ConfUtils.java:logGet(46)) - raft.server.watch.timeout.denomination = 1s (default)
2022-06-21 13:55:08,057 [c45c8671-7070-4be0-aa13-1f2d6b7a9218@group-7C04624AABF3-LeaderElection38] INFO  server.RaftServerConfigKeys (ConfUtils.java:logGet(46)) - raft.server.watch.element-limit = 65536 (default)
2022-06-21 13:55:08,057 [c45c8671-7070-4be0-aa13-1f2d6b7a9218@group-7C04624AABF3-LeaderElection38] INFO  server.RaftServerConfigKeys (ConfUtils.java:logGet(46)) - raft.server.write.element-limit = 1024 (custom)
2022-06-21 13:55:08,057 [c45c8671-7070-4be0-aa13-1f2d6b7a9218@group-7C04624AABF3-LeaderElection38] INFO  server.RaftServerConfigKeys (ConfUtils.java:logGet(46)) - raft.server.write.follower.gap.ratio.max = -1.0 (default)
2022-06-21 13:55:08,058 [c45c8671-7070-4be0-aa13-1f2d6b7a9218@group-7C04624AABF3-LeaderElection38] INFO  server.RaftServerConfigKeys (ConfUtils.java:logGet(46)) - raft.server.log.appender.snapshot.chunk.size.max = 16MB (=16777216) (default)
2022-06-21 13:55:08,058 [c45c8671-7070-4be0-aa13-1f2d6b7a9218@group-7C04624AABF3-LeaderElection38] INFO  server.RaftServerConfigKeys (ConfUtils.java:logGet(46)) - raft.server.log.appender.buffer.byte-limit = 33554432 (custom)
2022-06-21 13:55:08,058 [c45c8671-7070-4be0-aa13-1f2d6b7a9218@group-7C04624AABF3-LeaderElection38] INFO  server.RaftServerConfigKeys (ConfUtils.java:logGet(46)) - raft.server.log.appender.buffer.element-limit = 1 (custom)
2022-06-21 13:55:08,058 [c45c8671-7070-4be0-aa13-1f2d6b7a9218@group-7C04624AABF3-LeaderElection38] INFO  grpc.GrpcConfigKeys (ConfUtils.java:logGet(46)) - raft.grpc.server.leader.outstanding.appends.max = 128 (default)
2022-06-21 13:55:08,058 [c45c8671-7070-4be0-aa13-1f2d6b7a9218@group-7C04624AABF3-LeaderElection38] INFO  server.RaftServerConfigKeys (ConfUtils.java:logGet(46)) - raft.server.rpc.request.timeout = 60s (custom)
2022-06-21 13:55:08,058 [c45c8671-7070-4be0-aa13-1f2d6b7a9218@group-7C04624AABF3-LeaderElection38] INFO  server.RaftServerConfigKeys (ConfUtils.java:logGet(46)) - raft.server.log.appender.install.snapshot.enabled = false (custom)
2022-06-21 13:55:08,063 [EventQueue-PipelineReportForPipelineReportHandler] INFO  pipeline.PipelineManagerImpl (PipelineManagerImpl.java:openPipeline(356)) - Pipeline Pipeline[ Id: fd3ce4dc-3006-4433-bd70-7c04624aabf3, Nodes: 6f924676-de29-4bda-9abe-50e624e9409e{ip: 10.1.0.15, host: fv-az194-567.vahfjs35atkulmpwh5ujf4txfe.jx.internal.cloudapp.net, ports: [REPLICATION=39601, RATIS=35717, RATIS_ADMIN=35717, RATIS_SERVER=35717, STANDALONE=35283], networkLocation: /default-rack, certSerialId: null, persistedOpState: IN_SERVICE, persistedOpStateExpiryEpochSec: 0}c45c8671-7070-4be0-aa13-1f2d6b7a9218{ip: 10.1.0.15, host: fv-az194-567.vahfjs35atkulmpwh5ujf4txfe.jx.internal.cloudapp.net, ports: [REPLICATION=36691, RATIS=39709, RATIS_ADMIN=39709, RATIS_SERVER=39709, STANDALONE=35267], networkLocation: /default-rack, certSerialId: null, persistedOpState: IN_SERVICE, persistedOpStateExpiryEpochSec: 0}3f2f5716-e318-4c9d-8cf6-ca563bbe3eeb{ip: 10.1.0.15, host: fv-az194-567.vahfjs35atkulmpwh5ujf4txfe.jx.internal.cloudapp.net, ports: [REPLICATION=36603, RATIS=41473, RATIS_ADMIN=41473, RATIS_SERVER=41473, STANDALONE=33845], networkLocation: /default-rack, certSerialId: null, persistedOpState: IN_SERVICE, persistedOpStateExpiryEpochSec: 0}, ReplicationConfig: RATIS/THREE, State:ALLOCATED, leaderId:c45c8671-7070-4be0-aa13-1f2d6b7a9218, CreationTimestamp2022-06-21T13:54:50.940Z[Etc/UTC]] moved to OPEN state
2022-06-21 13:55:08,083 [c45c8671-7070-4be0-aa13-1f2d6b7a9218@group-7C04624AABF3-LeaderElection38] INFO  server.RaftServerConfigKeys (ConfUtils.java:logGet(46)) - raft.server.log.appender.snapshot.chunk.size.max = 16MB (=16777216) (default)
2022-06-21 13:55:08,085 [c45c8671-7070-4be0-aa13-1f2d6b7a9218@group-7C04624AABF3-LeaderElection38] INFO  server.RaftServerConfigKeys (ConfUtils.java:logGet(46)) - raft.server.log.appender.buffer.byte-limit = 33554432 (custom)
2022-06-21 13:55:08,085 [c45c8671-7070-4be0-aa13-1f2d6b7a9218@group-7C04624AABF3-LeaderElection38] INFO  server.RaftServerConfigKeys (ConfUtils.java:logGet(46)) - raft.server.log.appender.buffer.element-limit = 1 (custom)
2022-06-21 13:55:08,085 [c45c8671-7070-4be0-aa13-1f2d6b7a9218@group-7C04624AABF3-LeaderElection38] INFO  grpc.GrpcConfigKeys (ConfUtils.java:logGet(46)) - raft.grpc.server.leader.outstanding.appends.max = 128 (default)
2022-06-21 13:55:08,085 [c45c8671-7070-4be0-aa13-1f2d6b7a9218@group-7C04624AABF3-LeaderElection38] INFO  server.RaftServerConfigKeys (ConfUtils.java:logGet(46)) - raft.server.rpc.request.timeout = 60s (custom)
2022-06-21 13:55:08,085 [c45c8671-7070-4be0-aa13-1f2d6b7a9218@group-7C04624AABF3-LeaderElection38] INFO  server.RaftServerConfigKeys (ConfUtils.java:logGet(46)) - raft.server.log.appender.install.snapshot.enabled = false (custom)
2022-06-21 13:55:08,086 [c45c8671-7070-4be0-aa13-1f2d6b7a9218@group-7C04624AABF3-LeaderElection38] INFO  impl.RoleInfo (RoleInfo.java:updateAndGet(139)) - c45c8671-7070-4be0-aa13-1f2d6b7a9218: start c45c8671-7070-4be0-aa13-1f2d6b7a9218@group-7C04624AABF3-LeaderStateImpl
2022-06-21 13:55:08,086 [c45c8671-7070-4be0-aa13-1f2d6b7a9218@group-7C04624AABF3-LeaderElection38] INFO  segmented.SegmentedRaftLogWorker (SegmentedRaftLogWorker.java:startLogSegment(425)) - c45c8671-7070-4be0-aa13-1f2d6b7a9218@group-7C04624AABF3-SegmentedRaftLogWorker: Starting segment from index:0
2022-06-21 13:55:08,088 [c45c8671-7070-4be0-aa13-1f2d6b7a9218@group-7C04624AABF3-SegmentedRaftLogWorker] INFO  segmented.SegmentedRaftLogWorker (SegmentedRaftLogWorker.java:execute(629)) - c45c8671-7070-4be0-aa13-1f2d6b7a9218@group-7C04624AABF3-SegmentedRaftLogWorker: created new log segment /home/runner/work/ozone/ozone/hadoop-ozone/integration-test/target/test-dir/MiniOzoneClusterImpl-3f841ece-6686-4b0e-b99d-a05159fb56b1/datanode-1/data/ratis/fd3ce4dc-3006-4433-bd70-7c04624aabf3/current/log_inprogress_0
2022-06-21 13:55:08,138 [c45c8671-7070-4be0-aa13-1f2d6b7a9218@group-7C04624AABF3-LeaderElection38] INFO  server.RaftServer$Division (ServerState.java:setRaftConf(393)) - c45c8671-7070-4be0-aa13-1f2d6b7a9218@group-7C04624AABF3: set configuration 0: [3f2f5716-e318-4c9d-8cf6-ca563bbe3eeb|rpc:10.1.0.15:41473|dataStream:|priority:0, 6f924676-de29-4bda-9abe-50e624e9409e|rpc:10.1.0.15:35717|dataStream:|priority:0, c45c8671-7070-4be0-aa13-1f2d6b7a9218|rpc:10.1.0.15:39709|dataStream:|priority:1], old=null
2022-06-21 13:55:08,149 [3f2f5716-e318-4c9d-8cf6-ca563bbe3eeb-server-thread1] INFO  ratis.XceiverServerRatis (XceiverServerRatis.java:handleLeaderChangedNotification(863)) - Leader change notification received for group: group-7C04624AABF3 with new leaderId: c45c8671-7070-4be0-aa13-1f2d6b7a9218
2022-06-21 13:55:08,149 [3f2f5716-e318-4c9d-8cf6-ca563bbe3eeb-server-thread1] INFO  server.RaftServer$Division (ServerState.java:setLeader(287)) - 3f2f5716-e318-4c9d-8cf6-ca563bbe3eeb@group-7C04624AABF3: change Leader from null to c45c8671-7070-4be0-aa13-1f2d6b7a9218 at term 3 for appendEntries, leader elected after 15510ms
2022-06-21 13:55:08,180 [3f2f5716-e318-4c9d-8cf6-ca563bbe3eeb-server-thread1] INFO  server.RaftServer$Division (ServerState.java:setRaftConf(393)) - 3f2f5716-e318-4c9d-8cf6-ca563bbe3eeb@group-7C04624AABF3: set configuration 0: [3f2f5716-e318-4c9d-8cf6-ca563bbe3eeb|rpc:10.1.0.15:41473|dataStream:|priority:0, 6f924676-de29-4bda-9abe-50e624e9409e|rpc:10.1.0.15:35717|dataStream:|priority:0, c45c8671-7070-4be0-aa13-1f2d6b7a9218|rpc:10.1.0.15:39709|dataStream:|priority:1], old=null
2022-06-21 13:55:08,181 [3f2f5716-e318-4c9d-8cf6-ca563bbe3eeb-server-thread1] INFO  segmented.SegmentedRaftLogWorker (SegmentedRaftLogWorker.java:startLogSegment(425)) - 3f2f5716-e318-4c9d-8cf6-ca563bbe3eeb@group-7C04624AABF3-SegmentedRaftLogWorker: Starting segment from index:0
2022-06-21 13:55:08,183 [3f2f5716-e318-4c9d-8cf6-ca563bbe3eeb@group-7C04624AABF3-SegmentedRaftLogWorker] INFO  segmented.SegmentedRaftLogWorker (SegmentedRaftLogWorker.java:execute(629)) - 3f2f5716-e318-4c9d-8cf6-ca563bbe3eeb@group-7C04624AABF3-SegmentedRaftLogWorker: created new log segment /home/runner/work/ozone/ozone/hadoop-ozone/integration-test/target/test-dir/MiniOzoneClusterImpl-3f841ece-6686-4b0e-b99d-a05159fb56b1/datanode-2/data/ratis/fd3ce4dc-3006-4433-bd70-7c04624aabf3/current/log_inprogress_0
2022-06-21 13:55:08,223 [6f924676-de29-4bda-9abe-50e624e9409e-server-thread1] INFO  ratis.XceiverServerRatis (XceiverServerRatis.java:handleLeaderChangedNotification(863)) - Leader change notification received for group: group-7C04624AABF3 with new leaderId: c45c8671-7070-4be0-aa13-1f2d6b7a9218
2022-06-21 13:55:08,223 [6f924676-de29-4bda-9abe-50e624e9409e-server-thread1] INFO  server.RaftServer$Division (ServerState.java:setLeader(287)) - 6f924676-de29-4bda-9abe-50e624e9409e@group-7C04624AABF3: change Leader from null to c45c8671-7070-4be0-aa13-1f2d6b7a9218 at term 3 for appendEntries, leader elected after 15921ms
2022-06-21 13:55:08,252 [6f924676-de29-4bda-9abe-50e624e9409e-server-thread2] INFO  server.RaftServer$Division (ServerState.java:setRaftConf(393)) - 6f924676-de29-4bda-9abe-50e624e9409e@group-7C04624AABF3: set configuration 0: [3f2f5716-e318-4c9d-8cf6-ca563bbe3eeb|rpc:10.1.0.15:41473|dataStream:|priority:0, 6f924676-de29-4bda-9abe-50e624e9409e|rpc:10.1.0.15:35717|dataStream:|priority:0, c45c8671-7070-4be0-aa13-1f2d6b7a9218|rpc:10.1.0.15:39709|dataStream:|priority:1], old=null
2022-06-21 13:55:08,252 [6f924676-de29-4bda-9abe-50e624e9409e-server-thread2] INFO  segmented.SegmentedRaftLogWorker (SegmentedRaftLogWorker.java:startLogSegment(425)) - 6f924676-de29-4bda-9abe-50e624e9409e@group-7C04624AABF3-SegmentedRaftLogWorker: Starting segment from index:0
2022-06-21 13:55:08,257 [6f924676-de29-4bda-9abe-50e624e9409e@group-7C04624AABF3-SegmentedRaftLogWorker] INFO  segmented.SegmentedRaftLogWorker (SegmentedRaftLogWorker.java:execute(629)) - 6f924676-de29-4bda-9abe-50e624e9409e@group-7C04624AABF3-SegmentedRaftLogWorker: created new log segment /home/runner/work/ozone/ozone/hadoop-ozone/integration-test/target/test-dir/MiniOzoneClusterImpl-3f841ece-6686-4b0e-b99d-a05159fb56b1/datanode-0/data/ratis/fd3ce4dc-3006-4433-bd70-7c04624aabf3/current/log_inprogress_0
13:55:08.997 [IPC Server handler 10 on default port 42759] ERROR OMAudit - user=runner | ip=127.0.0.1 | op=GET_FILE_STATUS {volume=volume68340, bucket=bucket67715, key=.Trash/runner/Current/testKey1, dataSize=0, replicationConfig=null} | ret=FAILURE
org.apache.hadoop.ozone.om.exceptions.OMException: Unable to get file status: volume: volume68340 bucket: bucket67715 key: .Trash/runner/Current/testKey1
	at org.apache.hadoop.ozone.om.KeyManagerImpl.getOzoneFileStatus(KeyManagerImpl.java:1311) ~[ozone-manager-1.3.0-SNAPSHOT.jar:?]
	at org.apache.hadoop.ozone.om.KeyManagerImpl.getFileStatus(KeyManagerImpl.java:1241) ~[ozone-manager-1.3.0-SNAPSHOT.jar:?]
	at org.apache.hadoop.ozone.om.OzoneManager.getFileStatus(OzoneManager.java:3419) ~[ozone-manager-1.3.0-SNAPSHOT.jar:?]
	at org.apache.hadoop.ozone.protocolPB.OzoneManagerRequestHandler.getOzoneFileStatus(OzoneManagerRequestHandler.java:871) ~[ozone-manager-1.3.0-SNAPSHOT.jar:?]
	at org.apache.hadoop.ozone.protocolPB.OzoneManagerRequestHandler.handleReadRequest(OzoneManagerRequestHandler.java:217) ~[ozone-manager-1.3.0-SNAPSHOT.jar:?]
	at org.apache.hadoop.ozone.protocolPB.OzoneManagerProtocolServerSideTranslatorPB.submitReadRequestToOM(OzoneManagerProtocolServerSideTranslatorPB.java:225) ~[ozone-manager-1.3.0-SNAPSHOT.jar:?]
	at org.apache.hadoop.ozone.protocolPB.OzoneManagerProtocolServerSideTranslatorPB.processRequest(OzoneManagerProtocolServerSideTranslatorPB.java:175) ~[ozone-manager-1.3.0-SNAPSHOT.jar:?]
	at org.apache.hadoop.hdds.server.OzoneProtocolMessageDispatcher.processRequest(OzoneProtocolMessageDispatcher.java:87) [hdds-server-framework-1.3.0-SNAPSHOT.jar:?]
	at org.apache.hadoop.ozone.protocolPB.OzoneManagerProtocolServerSideTranslatorPB.submitRequest(OzoneManagerProtocolServerSideTranslatorPB.java:147) [ozone-manager-1.3.0-SNAPSHOT.jar:?]
	at org.apache.hadoop.ozone.protocol.proto.OzoneManagerProtocolProtos$OzoneManagerService$2.callBlockingMethod(OzoneManagerProtocolProtos.java) [ozone-interface-client-1.3.0-SNAPSHOT.jar:?]
	at org.apache.hadoop.ipc.ProtobufRpcEngine$Server.processCall(ProtobufRpcEngine.java:466) [hadoop-common-3.3.1.jar:?]
	at org.apache.hadoop.ipc.ProtobufRpcEngine2$Server$ProtoBufRpcInvoker.call(ProtobufRpcEngine2.java:574) [hadoop-common-3.3.1.jar:?]
	at org.apache.hadoop.ipc.ProtobufRpcEngine2$Server$ProtoBufRpcInvoker.call(ProtobufRpcEngine2.java:552) [hadoop-common-3.3.1.jar:?]
	at org.apache.hadoop.ipc.RPC$Server.call(RPC.java:1093) [hadoop-common-3.3.1.jar:?]
	at org.apache.hadoop.ipc.Server$RpcCall.run(Server.java:1035) [hadoop-common-3.3.1.jar:?]
	at org.apache.hadoop.ipc.Server$RpcCall.run(Server.java:963) [hadoop-common-3.3.1.jar:?]
	at java.security.AccessController.doPrivileged(Native Method) ~[?:1.8.0_332]
	at javax.security.auth.Subject.doAs(Subject.java:422) [?:1.8.0_332]
	at org.apache.hadoop.security.UserGroupInformation.doAs(UserGroupInformation.java:1878) [hadoop-common-3.3.1.jar:?]
	at org.apache.hadoop.ipc.Server$Handler.run(Server.java:2966) [hadoop-common-3.3.1.jar:?]
13:55:08.999 [IPC Server handler 1 on default port 42759] ERROR OMAudit - user=runner | ip=127.0.0.1 | op=GET_FILE_STATUS {volume=volume68340, bucket=bucket67715, key=.Trash/runner/Current/testKey1, dataSize=0, replicationConfig=null} | ret=FAILURE
org.apache.hadoop.ozone.om.exceptions.OMException: Unable to get file status: volume: volume68340 bucket: bucket67715 key: .Trash/runner/Current/testKey1
	at org.apache.hadoop.ozone.om.KeyManagerImpl.getOzoneFileStatus(KeyManagerImpl.java:1311) ~[ozone-manager-1.3.0-SNAPSHOT.jar:?]
	at org.apache.hadoop.ozone.om.KeyManagerImpl.getFileStatus(KeyManagerImpl.java:1241) ~[ozone-manager-1.3.0-SNAPSHOT.jar:?]
	at org.apache.hadoop.ozone.om.OzoneManager.getFileStatus(OzoneManager.java:3419) ~[ozone-manager-1.3.0-SNAPSHOT.jar:?]
	at org.apache.hadoop.ozone.protocolPB.OzoneManagerRequestHandler.getOzoneFileStatus(OzoneManagerRequestHandler.java:871) ~[ozone-manager-1.3.0-SNAPSHOT.jar:?]
	at org.apache.hadoop.ozone.protocolPB.OzoneManagerRequestHandler.handleReadRequest(OzoneManagerRequestHandler.java:217) ~[ozone-manager-1.3.0-SNAPSHOT.jar:?]
	at org.apache.hadoop.ozone.protocolPB.OzoneManagerProtocolServerSideTranslatorPB.submitReadRequestToOM(OzoneManagerProtocolServerSideTranslatorPB.java:225) ~[ozone-manager-1.3.0-SNAPSHOT.jar:?]
	at org.apache.hadoop.ozone.protocolPB.OzoneManagerProtocolServerSideTranslatorPB.processRequest(OzoneManagerProtocolServerSideTranslatorPB.java:175) ~[ozone-manager-1.3.0-SNAPSHOT.jar:?]
	at org.apache.hadoop.hdds.server.OzoneProtocolMessageDispatcher.processRequest(OzoneProtocolMessageDispatcher.java:87) [hdds-server-framework-1.3.0-SNAPSHOT.jar:?]
	at org.apache.hadoop.ozone.protocolPB.OzoneManagerProtocolServerSideTranslatorPB.submitRequest(OzoneManagerProtocolServerSideTranslatorPB.java:147) [ozone-manager-1.3.0-SNAPSHOT.jar:?]
	at org.apache.hadoop.ozone.protocol.proto.OzoneManagerProtocolProtos$OzoneManagerService$2.callBlockingMethod(OzoneManagerProtocolProtos.java) [ozone-interface-client-1.3.0-SNAPSHOT.jar:?]
	at org.apache.hadoop.ipc.ProtobufRpcEngine$Server.processCall(ProtobufRpcEngine.java:466) [hadoop-common-3.3.1.jar:?]
	at org.apache.hadoop.ipc.ProtobufRpcEngine2$Server$ProtoBufRpcInvoker.call(ProtobufRpcEngine2.java:574) [hadoop-common-3.3.1.jar:?]
	at org.apache.hadoop.ipc.ProtobufRpcEngine2$Server$ProtoBufRpcInvoker.call(ProtobufRpcEngine2.java:552) [hadoop-common-3.3.1.jar:?]
	at org.apache.hadoop.ipc.RPC$Server.call(RPC.java:1093) [hadoop-common-3.3.1.jar:?]
	at org.apache.hadoop.ipc.Server$RpcCall.run(Server.java:1035) [hadoop-common-3.3.1.jar:?]
	at org.apache.hadoop.ipc.Server$RpcCall.run(Server.java:963) [hadoop-common-3.3.1.jar:?]
	at java.security.AccessController.doPrivileged(Native Method) ~[?:1.8.0_332]
	at javax.security.auth.Subject.doAs(Subject.java:422) [?:1.8.0_332]
	at org.apache.hadoop.security.UserGroupInformation.doAs(UserGroupInformation.java:1878) [hadoop-common-3.3.1.jar:?]
	at org.apache.hadoop.ipc.Server$Handler.run(Server.java:2966) [hadoop-common-3.3.1.jar:?]
2022-06-21 13:55:09,034 [Time-limited test] INFO  fs.TrashPolicyDefault (TrashPolicyDefault.java:moveToTrash(188)) - Moved: '/testKey1' to trash at: /.Trash/runner/Current/testKey1
13:55:09.034 [IPC Server handler 18 on default port 42759] ERROR OMAudit - user=runner | ip=127.0.0.1 | op=GET_FILE_STATUS {volume=volume68340, bucket=bucket67715, key=.Trash/runner/Current, dataSize=0, replicationConfig=null} | ret=FAILURE
org.apache.hadoop.ozone.om.exceptions.OMException: Unable to get file status: volume: volume68340 bucket: bucket67715 key: .Trash/runner/Current
	at org.apache.hadoop.ozone.om.KeyManagerImpl.getOzoneFileStatus(KeyManagerImpl.java:1311) ~[ozone-manager-1.3.0-SNAPSHOT.jar:?]
	at org.apache.hadoop.ozone.om.KeyManagerImpl.getFileStatus(KeyManagerImpl.java:1241) ~[ozone-manager-1.3.0-SNAPSHOT.jar:?]
	at org.apache.hadoop.ozone.om.OzoneManager.getFileStatus(OzoneManager.java:3419) ~[ozone-manager-1.3.0-SNAPSHOT.jar:?]
	at org.apache.hadoop.ozone.protocolPB.OzoneManagerRequestHandler.getOzoneFileStatus(OzoneManagerRequestHandler.java:871) ~[ozone-manager-1.3.0-SNAPSHOT.jar:?]
	at org.apache.hadoop.ozone.protocolPB.OzoneManagerRequestHandler.handleReadRequest(OzoneManagerRequestHandler.java:217) ~[ozone-manager-1.3.0-SNAPSHOT.jar:?]
	at org.apache.hadoop.ozone.protocolPB.OzoneManagerProtocolServerSideTranslatorPB.submitReadRequestToOM(OzoneManagerProtocolServerSideTranslatorPB.java:225) ~[ozone-manager-1.3.0-SNAPSHOT.jar:?]
	at org.apache.hadoop.ozone.protocolPB.OzoneManagerProtocolServerSideTranslatorPB.processRequest(OzoneManagerProtocolServerSideTranslatorPB.java:175) ~[ozone-manager-1.3.0-SNAPSHOT.jar:?]
	at org.apache.hadoop.hdds.server.OzoneProtocolMessageDispatcher.processRequest(OzoneProtocolMessageDispatcher.java:87) [hdds-server-framework-1.3.0-SNAPSHOT.jar:?]
	at org.apache.hadoop.ozone.protocolPB.OzoneManagerProtocolServerSideTranslatorPB.submitRequest(OzoneManagerProtocolServerSideTranslatorPB.java:147) [ozone-manager-1.3.0-SNAPSHOT.jar:?]
	at org.apache.hadoop.ozone.protocol.proto.OzoneManagerProtocolProtos$OzoneManagerService$2.callBlockingMethod(OzoneManagerProtocolProtos.java) [ozone-interface-client-1.3.0-SNAPSHOT.jar:?]
	at org.apache.hadoop.ipc.ProtobufRpcEngine$Server.processCall(ProtobufRpcEngine.java:466) [hadoop-common-3.3.1.jar:?]
	at org.apache.hadoop.ipc.ProtobufRpcEngine2$Server$ProtoBufRpcInvoker.call(ProtobufRpcEngine2.java:574) [hadoop-common-3.3.1.jar:?]
	at org.apache.hadoop.ipc.ProtobufRpcEngine2$Server$ProtoBufRpcInvoker.call(ProtobufRpcEngine2.java:552) [hadoop-common-3.3.1.jar:?]
	at org.apache.hadoop.ipc.RPC$Server.call(RPC.java:1093) [hadoop-common-3.3.1.jar:?]
	at org.apache.hadoop.ipc.Server$RpcCall.run(Server.java:1035) [hadoop-common-3.3.1.jar:?]
	at org.apache.hadoop.ipc.Server$RpcCall.run(Server.java:963) [hadoop-common-3.3.1.jar:?]
	at java.security.AccessController.doPrivileged(Native Method) ~[?:1.8.0_332]
	at javax.security.auth.Subject.doAs(Subject.java:422) [?:1.8.0_332]
	at org.apache.hadoop.security.UserGroupInformation.doAs(UserGroupInformation.java:1878) [hadoop-common-3.3.1.jar:?]
	at org.apache.hadoop.ipc.Server$Handler.run(Server.java:2966) [hadoop-common-3.3.1.jar:?]
]]></system-out>
  </testcase>
  <testcase name="testRenameToTrashEnabled" classname="TestOzoneFileSystem" time="0.465">
    <system-out><![CDATA[13:56:24.437 [IPC Server handler 10 on default port 33745] ERROR OMAudit - user=runner | ip=127.0.0.1 | op=GET_FILE_STATUS {volume=volume37829, bucket=bucket78784, key=.Trash/runner/Current/testKey1, dataSize=0, replicationConfig=null} | ret=FAILURE
org.apache.hadoop.ozone.om.exceptions.OMException: Unable to get file status: volume: volume37829 bucket: bucket78784 key: .Trash/runner/Current/testKey1
	at org.apache.hadoop.ozone.om.KeyManagerImpl.getOzoneFileStatus(KeyManagerImpl.java:1311) ~[ozone-manager-1.3.0-SNAPSHOT.jar:?]
	at org.apache.hadoop.ozone.om.KeyManagerImpl.getFileStatus(KeyManagerImpl.java:1241) ~[ozone-manager-1.3.0-SNAPSHOT.jar:?]
	at org.apache.hadoop.ozone.om.OzoneManager.getFileStatus(OzoneManager.java:3419) ~[ozone-manager-1.3.0-SNAPSHOT.jar:?]
	at org.apache.hadoop.ozone.protocolPB.OzoneManagerRequestHandler.getOzoneFileStatus(OzoneManagerRequestHandler.java:871) ~[ozone-manager-1.3.0-SNAPSHOT.jar:?]
	at org.apache.hadoop.ozone.protocolPB.OzoneManagerRequestHandler.handleReadRequest(OzoneManagerRequestHandler.java:217) ~[ozone-manager-1.3.0-SNAPSHOT.jar:?]
	at org.apache.hadoop.ozone.protocolPB.OzoneManagerProtocolServerSideTranslatorPB.submitRequestDirectlyToOM(OzoneManagerProtocolServerSideTranslatorPB.java:284) ~[ozone-manager-1.3.0-SNAPSHOT.jar:?]
	at org.apache.hadoop.ozone.protocolPB.OzoneManagerProtocolServerSideTranslatorPB.processRequest(OzoneManagerProtocolServerSideTranslatorPB.java:207) ~[ozone-manager-1.3.0-SNAPSHOT.jar:?]
	at org.apache.hadoop.hdds.server.OzoneProtocolMessageDispatcher.processRequest(OzoneProtocolMessageDispatcher.java:87) [hdds-server-framework-1.3.0-SNAPSHOT.jar:?]
	at org.apache.hadoop.ozone.protocolPB.OzoneManagerProtocolServerSideTranslatorPB.submitRequest(OzoneManagerProtocolServerSideTranslatorPB.java:147) [ozone-manager-1.3.0-SNAPSHOT.jar:?]
	at org.apache.hadoop.ozone.protocol.proto.OzoneManagerProtocolProtos$OzoneManagerService$2.callBlockingMethod(OzoneManagerProtocolProtos.java) [ozone-interface-client-1.3.0-SNAPSHOT.jar:?]
	at org.apache.hadoop.ipc.ProtobufRpcEngine$Server.processCall(ProtobufRpcEngine.java:466) [hadoop-common-3.3.1.jar:?]
	at org.apache.hadoop.ipc.ProtobufRpcEngine2$Server$ProtoBufRpcInvoker.call(ProtobufRpcEngine2.java:574) [hadoop-common-3.3.1.jar:?]
	at org.apache.hadoop.ipc.ProtobufRpcEngine2$Server$ProtoBufRpcInvoker.call(ProtobufRpcEngine2.java:552) [hadoop-common-3.3.1.jar:?]
	at org.apache.hadoop.ipc.RPC$Server.call(RPC.java:1093) [hadoop-common-3.3.1.jar:?]
	at org.apache.hadoop.ipc.Server$RpcCall.run(Server.java:1035) [hadoop-common-3.3.1.jar:?]
	at org.apache.hadoop.ipc.Server$RpcCall.run(Server.java:963) [hadoop-common-3.3.1.jar:?]
	at java.security.AccessController.doPrivileged(Native Method) ~[?:1.8.0_332]
	at javax.security.auth.Subject.doAs(Subject.java:422) [?:1.8.0_332]
	at org.apache.hadoop.security.UserGroupInformation.doAs(UserGroupInformation.java:1878) [hadoop-common-3.3.1.jar:?]
	at org.apache.hadoop.ipc.Server$Handler.run(Server.java:2966) [hadoop-common-3.3.1.jar:?]
13:56:24.440 [IPC Server handler 11 on default port 33745] ERROR OMAudit - user=runner | ip=127.0.0.1 | op=GET_FILE_STATUS {volume=volume37829, bucket=bucket78784, key=.Trash/runner/Current/testKey1, dataSize=0, replicationConfig=null} | ret=FAILURE
org.apache.hadoop.ozone.om.exceptions.OMException: Unable to get file status: volume: volume37829 bucket: bucket78784 key: .Trash/runner/Current/testKey1
	at org.apache.hadoop.ozone.om.KeyManagerImpl.getOzoneFileStatus(KeyManagerImpl.java:1311) ~[ozone-manager-1.3.0-SNAPSHOT.jar:?]
	at org.apache.hadoop.ozone.om.KeyManagerImpl.getFileStatus(KeyManagerImpl.java:1241) ~[ozone-manager-1.3.0-SNAPSHOT.jar:?]
	at org.apache.hadoop.ozone.om.OzoneManager.getFileStatus(OzoneManager.java:3419) ~[ozone-manager-1.3.0-SNAPSHOT.jar:?]
	at org.apache.hadoop.ozone.protocolPB.OzoneManagerRequestHandler.getOzoneFileStatus(OzoneManagerRequestHandler.java:871) ~[ozone-manager-1.3.0-SNAPSHOT.jar:?]
	at org.apache.hadoop.ozone.protocolPB.OzoneManagerRequestHandler.handleReadRequest(OzoneManagerRequestHandler.java:217) ~[ozone-manager-1.3.0-SNAPSHOT.jar:?]
	at org.apache.hadoop.ozone.protocolPB.OzoneManagerProtocolServerSideTranslatorPB.submitRequestDirectlyToOM(OzoneManagerProtocolServerSideTranslatorPB.java:284) ~[ozone-manager-1.3.0-SNAPSHOT.jar:?]
	at org.apache.hadoop.ozone.protocolPB.OzoneManagerProtocolServerSideTranslatorPB.processRequest(OzoneManagerProtocolServerSideTranslatorPB.java:207) ~[ozone-manager-1.3.0-SNAPSHOT.jar:?]
	at org.apache.hadoop.hdds.server.OzoneProtocolMessageDispatcher.processRequest(OzoneProtocolMessageDispatcher.java:87) [hdds-server-framework-1.3.0-SNAPSHOT.jar:?]
	at org.apache.hadoop.ozone.protocolPB.OzoneManagerProtocolServerSideTranslatorPB.submitRequest(OzoneManagerProtocolServerSideTranslatorPB.java:147) [ozone-manager-1.3.0-SNAPSHOT.jar:?]
	at org.apache.hadoop.ozone.protocol.proto.OzoneManagerProtocolProtos$OzoneManagerService$2.callBlockingMethod(OzoneManagerProtocolProtos.java) [ozone-interface-client-1.3.0-SNAPSHOT.jar:?]
	at org.apache.hadoop.ipc.ProtobufRpcEngine$Server.processCall(ProtobufRpcEngine.java:466) [hadoop-common-3.3.1.jar:?]
	at org.apache.hadoop.ipc.ProtobufRpcEngine2$Server$ProtoBufRpcInvoker.call(ProtobufRpcEngine2.java:574) [hadoop-common-3.3.1.jar:?]
	at org.apache.hadoop.ipc.ProtobufRpcEngine2$Server$ProtoBufRpcInvoker.call(ProtobufRpcEngine2.java:552) [hadoop-common-3.3.1.jar:?]
	at org.apache.hadoop.ipc.RPC$Server.call(RPC.java:1093) [hadoop-common-3.3.1.jar:?]
	at org.apache.hadoop.ipc.Server$RpcCall.run(Server.java:1035) [hadoop-common-3.3.1.jar:?]
	at org.apache.hadoop.ipc.Server$RpcCall.run(Server.java:963) [hadoop-common-3.3.1.jar:?]
	at java.security.AccessController.doPrivileged(Native Method) ~[?:1.8.0_332]
	at javax.security.auth.Subject.doAs(Subject.java:422) [?:1.8.0_332]
	at org.apache.hadoop.security.UserGroupInformation.doAs(UserGroupInformation.java:1878) [hadoop-common-3.3.1.jar:?]
	at org.apache.hadoop.ipc.Server$Handler.run(Server.java:2966) [hadoop-common-3.3.1.jar:?]
2022-06-21 13:56:24,453 [Time-limited test] INFO  fs.TrashPolicyDefault (TrashPolicyDefault.java:moveToTrash(188)) - Moved: '/testKey1' to trash at: /.Trash/runner/Current/testKey1
]]></system-out>
  </testcase>
  <testcase name="testListStatusWithIntermediateDir" classname="TestOzoneFileSystem" time="0.051">
    <system-out><![CDATA[2022-06-21 13:52:52,945 [IPC Server handler 8 on default port 42607] INFO  pipeline.PipelineStateManagerImpl (PipelineStateManagerImpl.java:addPipeline(101)) - Created pipeline Pipeline[ Id: 5089163c-0072-410f-999b-f035509768a6, Nodes: c9799e9e-32ad-41be-876b-db1cefc7f700{ip: 10.1.0.15, host: fv-az194-567.vahfjs35atkulmpwh5ujf4txfe.jx.internal.cloudapp.net, ports: [REPLICATION=37895, RATIS=37541, RATIS_ADMIN=37541, RATIS_SERVER=37541, STANDALONE=43517], networkLocation: /default-rack, certSerialId: null, persistedOpState: IN_SERVICE, persistedOpStateExpiryEpochSec: 0}, ReplicationConfig: STANDALONE/ONE, State:OPEN, leaderId:, CreationTimestamp2022-06-21T13:52:52.944Z[Etc/UTC]].
]]></system-out>
  </testcase>
  <testcase name="testListStatusWithIntermediateDir" classname="TestOzoneFileSystem" time="0.022">
    <system-out><![CDATA[2022-06-21 13:54:01,418 [IPC Server handler 18 on default port 42141] INFO  pipeline.PipelineStateManagerImpl (PipelineStateManagerImpl.java:addPipeline(101)) - Created pipeline Pipeline[ Id: bbdc3397-3e4e-42e4-bb1c-f3cf2ad6a82d, Nodes: 81fc78bc-3d93-43eb-a149-ca8877d229a2{ip: 10.1.0.15, host: fv-az194-567.vahfjs35atkulmpwh5ujf4txfe.jx.internal.cloudapp.net, ports: [REPLICATION=44627, RATIS=44705, RATIS_ADMIN=44705, RATIS_SERVER=44705, STANDALONE=46361], networkLocation: /default-rack, certSerialId: null, persistedOpState: IN_SERVICE, persistedOpStateExpiryEpochSec: 0}, ReplicationConfig: STANDALONE/ONE, State:OPEN, leaderId:, CreationTimestamp2022-06-21T13:54:01.417Z[Etc/UTC]].
]]></system-out>
  </testcase>
  <testcase name="testListStatusWithIntermediateDir" classname="TestOzoneFileSystem" time="1.085">
    <system-out><![CDATA[2022-06-21 13:55:09,122 [IPC Server handler 7 on default port 43453] INFO  pipeline.PipelineStateManagerImpl (PipelineStateManagerImpl.java:addPipeline(101)) - Created pipeline Pipeline[ Id: 605d5ca5-c3d5-4001-bc66-9a544ded80ae, Nodes: c45c8671-7070-4be0-aa13-1f2d6b7a9218{ip: 10.1.0.15, host: fv-az194-567.vahfjs35atkulmpwh5ujf4txfe.jx.internal.cloudapp.net, ports: [REPLICATION=36691, RATIS=39709, RATIS_ADMIN=39709, RATIS_SERVER=39709, STANDALONE=35267], networkLocation: /default-rack, certSerialId: null, persistedOpState: IN_SERVICE, persistedOpStateExpiryEpochSec: 0}, ReplicationConfig: STANDALONE/ONE, State:OPEN, leaderId:, CreationTimestamp2022-06-21T13:55:09.113Z[Etc/UTC]].
]]></system-out>
  </testcase>
  <testcase name="testListStatusWithIntermediateDir" classname="TestOzoneFileSystem" time="0.047">
    <system-out><![CDATA[2022-06-21 13:56:24,495 [IPC Server handler 6 on default port 37803] INFO  pipeline.PipelineStateManagerImpl (PipelineStateManagerImpl.java:addPipeline(101)) - Created pipeline Pipeline[ Id: 62cdcebd-286f-4875-8d3d-2622365f2e84, Nodes: 661906f5-178f-45a1-86e2-0540bf739913{ip: 10.1.0.15, host: fv-az194-567.vahfjs35atkulmpwh5ujf4txfe.jx.internal.cloudapp.net, ports: [REPLICATION=45169, RATIS=44467, RATIS_ADMIN=44467, RATIS_SERVER=44467, STANDALONE=45555], networkLocation: /default-rack, certSerialId: null, persistedOpState: IN_SERVICE, persistedOpStateExpiryEpochSec: 0}, ReplicationConfig: STANDALONE/ONE, State:OPEN, leaderId:, CreationTimestamp2022-06-21T13:56:24.494Z[Etc/UTC]].
]]></system-out>
  </testcase>
  <testcase name="testRenameSourceAndDestinAreSame" classname="TestOzoneFileSystem" time="0.026"/>
  <testcase name="testRenameSourceAndDestinAreSame" classname="TestOzoneFileSystem" time="0.02"/>
  <testcase name="testRenameSourceAndDestinAreSame" classname="TestOzoneFileSystem" time="0.086"/>
  <testcase name="testRenameSourceAndDestinAreSame" classname="TestOzoneFileSystem" time="0.048"/>
  <testcase name="testListStatusOnLargeDirectory" classname="TestOzoneFileSystem" time="10.126"/>
  <testcase name="testListStatusOnLargeDirectory" classname="TestOzoneFileSystem" time="6.274">
    <system-out><![CDATA[2022-06-21 13:54:04,175 [81fc78bc-3d93-43eb-a149-ca8877d229a2@group-A3DC51EC3215-FollowerState] INFO  impl.FollowerState (FollowerState.java:run(143)) - 81fc78bc-3d93-43eb-a149-ca8877d229a2@group-A3DC51EC3215-FollowerState: change to CANDIDATE, lastRpcElapsedTime:5029837857ns, electionTimeout:5012ms
2022-06-21 13:54:04,175 [81fc78bc-3d93-43eb-a149-ca8877d229a2@group-A3DC51EC3215-FollowerState] INFO  impl.RoleInfo (RoleInfo.java:shutdownFollowerState(110)) - 81fc78bc-3d93-43eb-a149-ca8877d229a2: shutdown 81fc78bc-3d93-43eb-a149-ca8877d229a2@group-A3DC51EC3215-FollowerState
2022-06-21 13:54:04,175 [81fc78bc-3d93-43eb-a149-ca8877d229a2@group-A3DC51EC3215-FollowerState] INFO  server.RaftServer$Division (RaftServerImpl.java:setRole(299)) - 81fc78bc-3d93-43eb-a149-ca8877d229a2@group-A3DC51EC3215: changes role from  FOLLOWER to CANDIDATE at term 2 for changeToCandidate
2022-06-21 13:54:04,175 [81fc78bc-3d93-43eb-a149-ca8877d229a2@group-A3DC51EC3215-FollowerState] INFO  server.RaftServerConfigKeys (ConfUtils.java:logGet(46)) - raft.server.leaderelection.pre-vote = false (custom)
2022-06-21 13:54:04,175 [81fc78bc-3d93-43eb-a149-ca8877d229a2@group-A3DC51EC3215-FollowerState] INFO  impl.RoleInfo (RoleInfo.java:updateAndGet(139)) - 81fc78bc-3d93-43eb-a149-ca8877d229a2: start 81fc78bc-3d93-43eb-a149-ca8877d229a2@group-A3DC51EC3215-LeaderElection21
2022-06-21 13:54:04,207 [81fc78bc-3d93-43eb-a149-ca8877d229a2@group-A3DC51EC3215-LeaderElection21] INFO  impl.LeaderElection (LeaderElection.java:askForVotes(310)) - 81fc78bc-3d93-43eb-a149-ca8877d229a2@group-A3DC51EC3215-LeaderElection21 ELECTION round 0: submit vote requests at term 3 for -1: [d57b37be-f0fe-43c7-a820-540586909dc7|rpc:10.1.0.15:46147|priority:1, da1def5c-cec2-4abd-8fe1-fa8043868437|rpc:10.1.0.15:45839|priority:0, 81fc78bc-3d93-43eb-a149-ca8877d229a2|rpc:10.1.0.15:44705|priority:0], old=null
2022-06-21 13:54:04,227 [grpc-default-executor-2] INFO  server.RaftServer$Division (RaftServerImpl.java:requestVote(1152)) - d57b37be-f0fe-43c7-a820-540586909dc7@group-A3DC51EC3215: receive requestVote(ELECTION, 81fc78bc-3d93-43eb-a149-ca8877d229a2, group-A3DC51EC3215, 3, (t:0, i:0))
2022-06-21 13:54:04,228 [grpc-default-executor-2] INFO  impl.VoteContext (VoteContext.java:log(48)) - d57b37be-f0fe-43c7-a820-540586909dc7@group-A3DC51EC3215-FOLLOWER: reject ELECTION from 81fc78bc-3d93-43eb-a149-ca8877d229a2: our priority 1 > candidate's priority 0
2022-06-21 13:54:04,228 [grpc-default-executor-2] INFO  server.RaftServer$Division (RaftServerImpl.java:setRole(299)) - d57b37be-f0fe-43c7-a820-540586909dc7@group-A3DC51EC3215: changes role from  FOLLOWER to FOLLOWER at term 3 for candidate:81fc78bc-3d93-43eb-a149-ca8877d229a2
2022-06-21 13:54:04,228 [grpc-default-executor-2] INFO  impl.RoleInfo (RoleInfo.java:shutdownFollowerState(110)) - d57b37be-f0fe-43c7-a820-540586909dc7: shutdown d57b37be-f0fe-43c7-a820-540586909dc7@group-A3DC51EC3215-FollowerState
2022-06-21 13:54:04,228 [grpc-default-executor-2] INFO  impl.RoleInfo (RoleInfo.java:updateAndGet(139)) - d57b37be-f0fe-43c7-a820-540586909dc7: start d57b37be-f0fe-43c7-a820-540586909dc7@group-A3DC51EC3215-FollowerState
2022-06-21 13:54:04,228 [d57b37be-f0fe-43c7-a820-540586909dc7@group-A3DC51EC3215-FollowerState] INFO  impl.FollowerState (FollowerState.java:run(152)) - d57b37be-f0fe-43c7-a820-540586909dc7@group-A3DC51EC3215-FollowerState was interrupted
2022-06-21 13:54:04,243 [grpc-default-executor-2] INFO  server.RaftServer$Division (RaftServerImpl.java:requestVote(1184)) - d57b37be-f0fe-43c7-a820-540586909dc7@group-A3DC51EC3215 replies to ELECTION vote request: 81fc78bc-3d93-43eb-a149-ca8877d229a2<-d57b37be-f0fe-43c7-a820-540586909dc7#0:FAIL-t3. Peer's state: d57b37be-f0fe-43c7-a820-540586909dc7@group-A3DC51EC3215:t3, leader=null, voted=null, raftlog=d57b37be-f0fe-43c7-a820-540586909dc7@group-A3DC51EC3215-SegmentedRaftLog:OPENED:c-1, conf=-1: [d57b37be-f0fe-43c7-a820-540586909dc7|rpc:10.1.0.15:46147|dataStream:|priority:1, da1def5c-cec2-4abd-8fe1-fa8043868437|rpc:10.1.0.15:45839|dataStream:|priority:0, 81fc78bc-3d93-43eb-a149-ca8877d229a2|rpc:10.1.0.15:44705|dataStream:|priority:0], old=null
2022-06-21 13:54:04,245 [81fc78bc-3d93-43eb-a149-ca8877d229a2@group-A3DC51EC3215-LeaderElection21] INFO  impl.LeaderElection (LeaderElection.java:logAndReturn(90)) - 81fc78bc-3d93-43eb-a149-ca8877d229a2@group-A3DC51EC3215-LeaderElection21: ELECTION REJECTED received 1 response(s) and 0 exception(s):
2022-06-21 13:54:04,245 [81fc78bc-3d93-43eb-a149-ca8877d229a2@group-A3DC51EC3215-LeaderElection21] INFO  impl.LeaderElection (LeaderElection.java:logAndReturn(94)) -   Response 0: 81fc78bc-3d93-43eb-a149-ca8877d229a2<-d57b37be-f0fe-43c7-a820-540586909dc7#0:FAIL-t3
2022-06-21 13:54:04,245 [81fc78bc-3d93-43eb-a149-ca8877d229a2@group-A3DC51EC3215-LeaderElection21] INFO  impl.LeaderElection (LeaderElection.java:askForVotes(312)) - 81fc78bc-3d93-43eb-a149-ca8877d229a2@group-A3DC51EC3215-LeaderElection21 ELECTION round 0: result REJECTED
2022-06-21 13:54:04,245 [81fc78bc-3d93-43eb-a149-ca8877d229a2@group-A3DC51EC3215-LeaderElection21] INFO  server.RaftServer$Division (RaftServerImpl.java:setRole(299)) - 81fc78bc-3d93-43eb-a149-ca8877d229a2@group-A3DC51EC3215: changes role from CANDIDATE to FOLLOWER at term 3 for REJECTED
2022-06-21 13:54:04,245 [81fc78bc-3d93-43eb-a149-ca8877d229a2@group-A3DC51EC3215-LeaderElection21] INFO  impl.RoleInfo (RoleInfo.java:shutdownLeaderElection(130)) - 81fc78bc-3d93-43eb-a149-ca8877d229a2: shutdown 81fc78bc-3d93-43eb-a149-ca8877d229a2@group-A3DC51EC3215-LeaderElection21
2022-06-21 13:54:04,245 [81fc78bc-3d93-43eb-a149-ca8877d229a2@group-A3DC51EC3215-LeaderElection21] INFO  impl.RoleInfo (RoleInfo.java:updateAndGet(139)) - 81fc78bc-3d93-43eb-a149-ca8877d229a2: start 81fc78bc-3d93-43eb-a149-ca8877d229a2@group-A3DC51EC3215-FollowerState
2022-06-21 13:54:04,262 [grpc-default-executor-2] INFO  server.RaftServer$Division (RaftServerImpl.java:requestVote(1152)) - da1def5c-cec2-4abd-8fe1-fa8043868437@group-A3DC51EC3215: receive requestVote(ELECTION, 81fc78bc-3d93-43eb-a149-ca8877d229a2, group-A3DC51EC3215, 3, (t:0, i:0))
2022-06-21 13:54:04,262 [grpc-default-executor-2] INFO  impl.VoteContext (VoteContext.java:log(48)) - da1def5c-cec2-4abd-8fe1-fa8043868437@group-A3DC51EC3215-FOLLOWER: accept ELECTION from 81fc78bc-3d93-43eb-a149-ca8877d229a2: our priority 0 <= candidate's priority 0
2022-06-21 13:54:04,262 [grpc-default-executor-2] INFO  server.RaftServer$Division (RaftServerImpl.java:setRole(299)) - da1def5c-cec2-4abd-8fe1-fa8043868437@group-A3DC51EC3215: changes role from  FOLLOWER to FOLLOWER at term 3 for candidate:81fc78bc-3d93-43eb-a149-ca8877d229a2
2022-06-21 13:54:04,262 [grpc-default-executor-2] INFO  impl.RoleInfo (RoleInfo.java:shutdownFollowerState(110)) - da1def5c-cec2-4abd-8fe1-fa8043868437: shutdown da1def5c-cec2-4abd-8fe1-fa8043868437@group-A3DC51EC3215-FollowerState
2022-06-21 13:54:04,262 [grpc-default-executor-2] INFO  impl.RoleInfo (RoleInfo.java:updateAndGet(139)) - da1def5c-cec2-4abd-8fe1-fa8043868437: start da1def5c-cec2-4abd-8fe1-fa8043868437@group-A3DC51EC3215-FollowerState
2022-06-21 13:54:04,262 [da1def5c-cec2-4abd-8fe1-fa8043868437@group-A3DC51EC3215-FollowerState] INFO  impl.FollowerState (FollowerState.java:run(152)) - da1def5c-cec2-4abd-8fe1-fa8043868437@group-A3DC51EC3215-FollowerState was interrupted
2022-06-21 13:54:04,294 [grpc-default-executor-2] INFO  server.RaftServer$Division (RaftServerImpl.java:requestVote(1184)) - da1def5c-cec2-4abd-8fe1-fa8043868437@group-A3DC51EC3215 replies to ELECTION vote request: 81fc78bc-3d93-43eb-a149-ca8877d229a2<-da1def5c-cec2-4abd-8fe1-fa8043868437#0:OK-t3. Peer's state: da1def5c-cec2-4abd-8fe1-fa8043868437@group-A3DC51EC3215:t3, leader=null, voted=81fc78bc-3d93-43eb-a149-ca8877d229a2, raftlog=da1def5c-cec2-4abd-8fe1-fa8043868437@group-A3DC51EC3215-SegmentedRaftLog:OPENED:c-1, conf=-1: [d57b37be-f0fe-43c7-a820-540586909dc7|rpc:10.1.0.15:46147|dataStream:|priority:1, da1def5c-cec2-4abd-8fe1-fa8043868437|rpc:10.1.0.15:45839|dataStream:|priority:0, 81fc78bc-3d93-43eb-a149-ca8877d229a2|rpc:10.1.0.15:44705|dataStream:|priority:0], old=null
]]></system-out>
  </testcase>
  <testcase name="testListStatusOnLargeDirectory" classname="TestOzoneFileSystem" time="10.221"/>
  <testcase name="testListStatusOnLargeDirectory" classname="TestOzoneFileSystem" time="9.564">
    <system-out><![CDATA[2022-06-21 13:56:26,108 [7ed761f3-2892-425f-b708-b7f52bea56b6@group-52BF6DEE87EE-FollowerState] INFO  impl.FollowerState (FollowerState.java:run(143)) - 7ed761f3-2892-425f-b708-b7f52bea56b6@group-52BF6DEE87EE-FollowerState: change to CANDIDATE, lastRpcElapsedTime:5015605594ns, electionTimeout:5015ms
2022-06-21 13:56:26,108 [7ed761f3-2892-425f-b708-b7f52bea56b6@group-52BF6DEE87EE-FollowerState] INFO  impl.RoleInfo (RoleInfo.java:shutdownFollowerState(110)) - 7ed761f3-2892-425f-b708-b7f52bea56b6: shutdown 7ed761f3-2892-425f-b708-b7f52bea56b6@group-52BF6DEE87EE-FollowerState
2022-06-21 13:56:26,108 [7ed761f3-2892-425f-b708-b7f52bea56b6@group-52BF6DEE87EE-FollowerState] INFO  server.RaftServer$Division (RaftServerImpl.java:setRole(299)) - 7ed761f3-2892-425f-b708-b7f52bea56b6@group-52BF6DEE87EE: changes role from  FOLLOWER to CANDIDATE at term 2 for changeToCandidate
2022-06-21 13:56:26,108 [7ed761f3-2892-425f-b708-b7f52bea56b6@group-52BF6DEE87EE-FollowerState] INFO  server.RaftServerConfigKeys (ConfUtils.java:logGet(46)) - raft.server.leaderelection.pre-vote = false (custom)
2022-06-21 13:56:26,108 [7ed761f3-2892-425f-b708-b7f52bea56b6@group-52BF6DEE87EE-FollowerState] INFO  impl.RoleInfo (RoleInfo.java:updateAndGet(139)) - 7ed761f3-2892-425f-b708-b7f52bea56b6: start 7ed761f3-2892-425f-b708-b7f52bea56b6@group-52BF6DEE87EE-LeaderElection53
2022-06-21 13:56:26,150 [7ed761f3-2892-425f-b708-b7f52bea56b6@group-52BF6DEE87EE-LeaderElection53] INFO  impl.LeaderElection (LeaderElection.java:askForVotes(310)) - 7ed761f3-2892-425f-b708-b7f52bea56b6@group-52BF6DEE87EE-LeaderElection53 ELECTION round 0: submit vote requests at term 3 for -1: [7ed761f3-2892-425f-b708-b7f52bea56b6|rpc:10.1.0.15:37391|priority:1, 0c36eeb7-8db8-48cb-9437-34913146bd8b|rpc:10.1.0.15:38615|priority:0, 661906f5-178f-45a1-86e2-0540bf739913|rpc:10.1.0.15:44467|priority:0], old=null
2022-06-21 13:56:26,211 [0c36eeb7-8db8-48cb-9437-34913146bd8b@group-52BF6DEE87EE-FollowerState] INFO  impl.FollowerState (FollowerState.java:run(143)) - 0c36eeb7-8db8-48cb-9437-34913146bd8b@group-52BF6DEE87EE-FollowerState: change to CANDIDATE, lastRpcElapsedTime:5021230632ns, electionTimeout:5020ms
2022-06-21 13:56:26,211 [0c36eeb7-8db8-48cb-9437-34913146bd8b@group-52BF6DEE87EE-FollowerState] INFO  impl.RoleInfo (RoleInfo.java:shutdownFollowerState(110)) - 0c36eeb7-8db8-48cb-9437-34913146bd8b: shutdown 0c36eeb7-8db8-48cb-9437-34913146bd8b@group-52BF6DEE87EE-FollowerState
2022-06-21 13:56:26,211 [0c36eeb7-8db8-48cb-9437-34913146bd8b@group-52BF6DEE87EE-FollowerState] INFO  server.RaftServer$Division (RaftServerImpl.java:setRole(299)) - 0c36eeb7-8db8-48cb-9437-34913146bd8b@group-52BF6DEE87EE: changes role from  FOLLOWER to CANDIDATE at term 2 for changeToCandidate
2022-06-21 13:56:26,211 [0c36eeb7-8db8-48cb-9437-34913146bd8b@group-52BF6DEE87EE-FollowerState] INFO  server.RaftServerConfigKeys (ConfUtils.java:logGet(46)) - raft.server.leaderelection.pre-vote = false (custom)
2022-06-21 13:56:26,211 [0c36eeb7-8db8-48cb-9437-34913146bd8b@group-52BF6DEE87EE-FollowerState] INFO  impl.RoleInfo (RoleInfo.java:updateAndGet(139)) - 0c36eeb7-8db8-48cb-9437-34913146bd8b: start 0c36eeb7-8db8-48cb-9437-34913146bd8b@group-52BF6DEE87EE-LeaderElection54
2022-06-21 13:56:26,213 [661906f5-178f-45a1-86e2-0540bf739913@group-52BF6DEE87EE-FollowerState] INFO  impl.FollowerState (FollowerState.java:run(143)) - 661906f5-178f-45a1-86e2-0540bf739913@group-52BF6DEE87EE-FollowerState: change to CANDIDATE, lastRpcElapsedTime:5114272245ns, electionTimeout:5050ms
2022-06-21 13:56:26,213 [661906f5-178f-45a1-86e2-0540bf739913@group-52BF6DEE87EE-FollowerState] INFO  impl.RoleInfo (RoleInfo.java:shutdownFollowerState(110)) - 661906f5-178f-45a1-86e2-0540bf739913: shutdown 661906f5-178f-45a1-86e2-0540bf739913@group-52BF6DEE87EE-FollowerState
2022-06-21 13:56:26,213 [661906f5-178f-45a1-86e2-0540bf739913@group-52BF6DEE87EE-FollowerState] INFO  server.RaftServer$Division (RaftServerImpl.java:setRole(299)) - 661906f5-178f-45a1-86e2-0540bf739913@group-52BF6DEE87EE: changes role from  FOLLOWER to CANDIDATE at term 2 for changeToCandidate
2022-06-21 13:56:26,224 [grpc-default-executor-1] INFO  server.RaftServer$Division (RaftServerImpl.java:requestVote(1152)) - 0c36eeb7-8db8-48cb-9437-34913146bd8b@group-52BF6DEE87EE: receive requestVote(ELECTION, 7ed761f3-2892-425f-b708-b7f52bea56b6, group-52BF6DEE87EE, 3, (t:0, i:0))
2022-06-21 13:56:26,224 [grpc-default-executor-0] INFO  server.RaftServer$Division (RaftServerImpl.java:requestVote(1152)) - 661906f5-178f-45a1-86e2-0540bf739913@group-52BF6DEE87EE: receive requestVote(ELECTION, 7ed761f3-2892-425f-b708-b7f52bea56b6, group-52BF6DEE87EE, 3, (t:0, i:0))
2022-06-21 13:56:26,226 [grpc-default-executor-1] INFO  impl.VoteContext (VoteContext.java:log(48)) - 0c36eeb7-8db8-48cb-9437-34913146bd8b@group-52BF6DEE87EE-CANDIDATE: reject ELECTION from 7ed761f3-2892-425f-b708-b7f52bea56b6: already has voted for 0c36eeb7-8db8-48cb-9437-34913146bd8b at current term 3
2022-06-21 13:56:26,226 [grpc-default-executor-1] INFO  server.RaftServer$Division (RaftServerImpl.java:requestVote(1184)) - 0c36eeb7-8db8-48cb-9437-34913146bd8b@group-52BF6DEE87EE replies to ELECTION vote request: 7ed761f3-2892-425f-b708-b7f52bea56b6<-0c36eeb7-8db8-48cb-9437-34913146bd8b#0:FAIL-t3. Peer's state: 0c36eeb7-8db8-48cb-9437-34913146bd8b@group-52BF6DEE87EE:t3, leader=null, voted=0c36eeb7-8db8-48cb-9437-34913146bd8b, raftlog=0c36eeb7-8db8-48cb-9437-34913146bd8b@group-52BF6DEE87EE-SegmentedRaftLog:OPENED:c-1, conf=-1: [7ed761f3-2892-425f-b708-b7f52bea56b6|rpc:10.1.0.15:37391|dataStream:|priority:1, 0c36eeb7-8db8-48cb-9437-34913146bd8b|rpc:10.1.0.15:38615|dataStream:|priority:0, 661906f5-178f-45a1-86e2-0540bf739913|rpc:10.1.0.15:44467|dataStream:|priority:0], old=null
2022-06-21 13:56:26,226 [0c36eeb7-8db8-48cb-9437-34913146bd8b@group-52BF6DEE87EE-LeaderElection54] INFO  impl.LeaderElection (LeaderElection.java:askForVotes(310)) - 0c36eeb7-8db8-48cb-9437-34913146bd8b@group-52BF6DEE87EE-LeaderElection54 ELECTION round 0: submit vote requests at term 3 for -1: [7ed761f3-2892-425f-b708-b7f52bea56b6|rpc:10.1.0.15:37391|dataStream:|priority:1, 0c36eeb7-8db8-48cb-9437-34913146bd8b|rpc:10.1.0.15:38615|dataStream:|priority:0, 661906f5-178f-45a1-86e2-0540bf739913|rpc:10.1.0.15:44467|dataStream:|priority:0], old=null
2022-06-21 13:56:26,255 [661906f5-178f-45a1-86e2-0540bf739913@group-52BF6DEE87EE-FollowerState] INFO  server.RaftServerConfigKeys (ConfUtils.java:logGet(46)) - raft.server.leaderelection.pre-vote = false (custom)
2022-06-21 13:56:26,255 [661906f5-178f-45a1-86e2-0540bf739913@group-52BF6DEE87EE-FollowerState] INFO  impl.RoleInfo (RoleInfo.java:updateAndGet(139)) - 661906f5-178f-45a1-86e2-0540bf739913: start 661906f5-178f-45a1-86e2-0540bf739913@group-52BF6DEE87EE-LeaderElection55
2022-06-21 13:56:26,315 [grpc-default-executor-0] INFO  impl.VoteContext (VoteContext.java:log(48)) - 661906f5-178f-45a1-86e2-0540bf739913@group-52BF6DEE87EE-CANDIDATE: accept ELECTION from 7ed761f3-2892-425f-b708-b7f52bea56b6: our priority 0 <= candidate's priority 1
2022-06-21 13:56:26,316 [grpc-default-executor-0] INFO  server.RaftServer$Division (RaftServerImpl.java:setRole(299)) - 661906f5-178f-45a1-86e2-0540bf739913@group-52BF6DEE87EE: changes role from CANDIDATE to FOLLOWER at term 3 for candidate:7ed761f3-2892-425f-b708-b7f52bea56b6
2022-06-21 13:56:26,316 [grpc-default-executor-0] INFO  impl.RoleInfo (RoleInfo.java:shutdownLeaderElection(130)) - 661906f5-178f-45a1-86e2-0540bf739913: shutdown 661906f5-178f-45a1-86e2-0540bf739913@group-52BF6DEE87EE-LeaderElection55
2022-06-21 13:56:26,316 [grpc-default-executor-0] INFO  impl.RoleInfo (RoleInfo.java:updateAndGet(139)) - 661906f5-178f-45a1-86e2-0540bf739913: start 661906f5-178f-45a1-86e2-0540bf739913@group-52BF6DEE87EE-FollowerState
2022-06-21 13:56:26,316 [661906f5-178f-45a1-86e2-0540bf739913@group-52BF6DEE87EE-LeaderElection55] INFO  impl.LeaderElection (LeaderElection.java:run(231)) - 661906f5-178f-45a1-86e2-0540bf739913@group-52BF6DEE87EE-LeaderElection55: skip running since this is already CLOSING
2022-06-21 13:56:26,332 [grpc-default-executor-1] INFO  server.RaftServer$Division (RaftServerImpl.java:requestVote(1152)) - 661906f5-178f-45a1-86e2-0540bf739913@group-52BF6DEE87EE: receive requestVote(ELECTION, 0c36eeb7-8db8-48cb-9437-34913146bd8b, group-52BF6DEE87EE, 3, (t:0, i:0))
2022-06-21 13:56:26,332 [grpc-default-executor-3] INFO  server.RaftServer$Division (RaftServerImpl.java:requestVote(1152)) - 7ed761f3-2892-425f-b708-b7f52bea56b6@group-52BF6DEE87EE: receive requestVote(ELECTION, 0c36eeb7-8db8-48cb-9437-34913146bd8b, group-52BF6DEE87EE, 3, (t:0, i:0))
2022-06-21 13:56:26,332 [grpc-default-executor-3] INFO  impl.VoteContext (VoteContext.java:log(48)) - 7ed761f3-2892-425f-b708-b7f52bea56b6@group-52BF6DEE87EE-CANDIDATE: reject ELECTION from 0c36eeb7-8db8-48cb-9437-34913146bd8b: already has voted for 7ed761f3-2892-425f-b708-b7f52bea56b6 at current term 3
2022-06-21 13:56:26,333 [grpc-default-executor-3] INFO  server.RaftServer$Division (RaftServerImpl.java:requestVote(1184)) - 7ed761f3-2892-425f-b708-b7f52bea56b6@group-52BF6DEE87EE replies to ELECTION vote request: 0c36eeb7-8db8-48cb-9437-34913146bd8b<-7ed761f3-2892-425f-b708-b7f52bea56b6#0:FAIL-t3. Peer's state: 7ed761f3-2892-425f-b708-b7f52bea56b6@group-52BF6DEE87EE:t3, leader=null, voted=7ed761f3-2892-425f-b708-b7f52bea56b6, raftlog=7ed761f3-2892-425f-b708-b7f52bea56b6@group-52BF6DEE87EE-SegmentedRaftLog:OPENED:c-1, conf=-1: [7ed761f3-2892-425f-b708-b7f52bea56b6|rpc:10.1.0.15:37391|priority:1, 0c36eeb7-8db8-48cb-9437-34913146bd8b|rpc:10.1.0.15:38615|priority:0, 661906f5-178f-45a1-86e2-0540bf739913|rpc:10.1.0.15:44467|priority:0], old=null
2022-06-21 13:56:26,333 [grpc-default-executor-0] INFO  server.RaftServer$Division (RaftServerImpl.java:requestVote(1184)) - 661906f5-178f-45a1-86e2-0540bf739913@group-52BF6DEE87EE replies to ELECTION vote request: 7ed761f3-2892-425f-b708-b7f52bea56b6<-661906f5-178f-45a1-86e2-0540bf739913#0:OK-t3. Peer's state: 661906f5-178f-45a1-86e2-0540bf739913@group-52BF6DEE87EE:t3, leader=null, voted=7ed761f3-2892-425f-b708-b7f52bea56b6, raftlog=661906f5-178f-45a1-86e2-0540bf739913@group-52BF6DEE87EE-SegmentedRaftLog:OPENED:c-1, conf=-1: [7ed761f3-2892-425f-b708-b7f52bea56b6|rpc:10.1.0.15:37391|priority:1, 0c36eeb7-8db8-48cb-9437-34913146bd8b|rpc:10.1.0.15:38615|priority:0, 661906f5-178f-45a1-86e2-0540bf739913|rpc:10.1.0.15:44467|priority:0], old=null
2022-06-21 13:56:26,333 [grpc-default-executor-1] INFO  impl.VoteContext (VoteContext.java:log(48)) - 661906f5-178f-45a1-86e2-0540bf739913@group-52BF6DEE87EE-FOLLOWER: reject ELECTION from 0c36eeb7-8db8-48cb-9437-34913146bd8b: already has voted for 7ed761f3-2892-425f-b708-b7f52bea56b6 at current term 3
2022-06-21 13:56:26,333 [grpc-default-executor-1] INFO  server.RaftServer$Division (RaftServerImpl.java:requestVote(1184)) - 661906f5-178f-45a1-86e2-0540bf739913@group-52BF6DEE87EE replies to ELECTION vote request: 0c36eeb7-8db8-48cb-9437-34913146bd8b<-661906f5-178f-45a1-86e2-0540bf739913#0:FAIL-t3. Peer's state: 661906f5-178f-45a1-86e2-0540bf739913@group-52BF6DEE87EE:t3, leader=null, voted=7ed761f3-2892-425f-b708-b7f52bea56b6, raftlog=661906f5-178f-45a1-86e2-0540bf739913@group-52BF6DEE87EE-SegmentedRaftLog:OPENED:c-1, conf=-1: [7ed761f3-2892-425f-b708-b7f52bea56b6|rpc:10.1.0.15:37391|priority:1, 0c36eeb7-8db8-48cb-9437-34913146bd8b|rpc:10.1.0.15:38615|priority:0, 661906f5-178f-45a1-86e2-0540bf739913|rpc:10.1.0.15:44467|priority:0], old=null
2022-06-21 13:56:26,336 [0c36eeb7-8db8-48cb-9437-34913146bd8b@group-52BF6DEE87EE-LeaderElection54] INFO  impl.LeaderElection (LeaderElection.java:logAndReturn(90)) - 0c36eeb7-8db8-48cb-9437-34913146bd8b@group-52BF6DEE87EE-LeaderElection54: ELECTION REJECTED received 1 response(s) and 0 exception(s):
2022-06-21 13:56:26,336 [0c36eeb7-8db8-48cb-9437-34913146bd8b@group-52BF6DEE87EE-LeaderElection54] INFO  impl.LeaderElection (LeaderElection.java:logAndReturn(94)) -   Response 0: 0c36eeb7-8db8-48cb-9437-34913146bd8b<-7ed761f3-2892-425f-b708-b7f52bea56b6#0:FAIL-t3
2022-06-21 13:56:26,337 [0c36eeb7-8db8-48cb-9437-34913146bd8b@group-52BF6DEE87EE-LeaderElection54] INFO  impl.LeaderElection (LeaderElection.java:askForVotes(312)) - 0c36eeb7-8db8-48cb-9437-34913146bd8b@group-52BF6DEE87EE-LeaderElection54 ELECTION round 0: result REJECTED
2022-06-21 13:56:26,337 [0c36eeb7-8db8-48cb-9437-34913146bd8b@group-52BF6DEE87EE-LeaderElection54] INFO  server.RaftServer$Division (RaftServerImpl.java:setRole(299)) - 0c36eeb7-8db8-48cb-9437-34913146bd8b@group-52BF6DEE87EE: changes role from CANDIDATE to FOLLOWER at term 3 for REJECTED
2022-06-21 13:56:26,337 [0c36eeb7-8db8-48cb-9437-34913146bd8b@group-52BF6DEE87EE-LeaderElection54] INFO  impl.RoleInfo (RoleInfo.java:shutdownLeaderElection(130)) - 0c36eeb7-8db8-48cb-9437-34913146bd8b: shutdown 0c36eeb7-8db8-48cb-9437-34913146bd8b@group-52BF6DEE87EE-LeaderElection54
2022-06-21 13:56:26,337 [0c36eeb7-8db8-48cb-9437-34913146bd8b@group-52BF6DEE87EE-LeaderElection54] INFO  impl.RoleInfo (RoleInfo.java:updateAndGet(139)) - 0c36eeb7-8db8-48cb-9437-34913146bd8b: start 0c36eeb7-8db8-48cb-9437-34913146bd8b@group-52BF6DEE87EE-FollowerState
2022-06-21 13:56:26,367 [7ed761f3-2892-425f-b708-b7f52bea56b6@group-52BF6DEE87EE-LeaderElection53] INFO  impl.LeaderElection (LeaderElection.java:logAndReturn(90)) - 7ed761f3-2892-425f-b708-b7f52bea56b6@group-52BF6DEE87EE-LeaderElection53: ELECTION PASSED received 2 response(s) and 0 exception(s):
2022-06-21 13:56:26,367 [7ed761f3-2892-425f-b708-b7f52bea56b6@group-52BF6DEE87EE-LeaderElection53] INFO  impl.LeaderElection (LeaderElection.java:logAndReturn(94)) -   Response 0: 7ed761f3-2892-425f-b708-b7f52bea56b6<-0c36eeb7-8db8-48cb-9437-34913146bd8b#0:FAIL-t3
2022-06-21 13:56:26,367 [7ed761f3-2892-425f-b708-b7f52bea56b6@group-52BF6DEE87EE-LeaderElection53] INFO  impl.LeaderElection (LeaderElection.java:logAndReturn(94)) -   Response 1: 7ed761f3-2892-425f-b708-b7f52bea56b6<-661906f5-178f-45a1-86e2-0540bf739913#0:OK-t3
2022-06-21 13:56:26,367 [7ed761f3-2892-425f-b708-b7f52bea56b6@group-52BF6DEE87EE-LeaderElection53] INFO  impl.LeaderElection (LeaderElection.java:askForVotes(312)) - 7ed761f3-2892-425f-b708-b7f52bea56b6@group-52BF6DEE87EE-LeaderElection53 ELECTION round 0: result PASSED
2022-06-21 13:56:26,367 [7ed761f3-2892-425f-b708-b7f52bea56b6@group-52BF6DEE87EE-LeaderElection53] INFO  impl.RoleInfo (RoleInfo.java:shutdownLeaderElection(130)) - 7ed761f3-2892-425f-b708-b7f52bea56b6: shutdown 7ed761f3-2892-425f-b708-b7f52bea56b6@group-52BF6DEE87EE-LeaderElection53
2022-06-21 13:56:26,367 [7ed761f3-2892-425f-b708-b7f52bea56b6@group-52BF6DEE87EE-LeaderElection53] INFO  server.RaftServer$Division (RaftServerImpl.java:setRole(299)) - 7ed761f3-2892-425f-b708-b7f52bea56b6@group-52BF6DEE87EE: changes role from CANDIDATE to LEADER at term 3 for changeToLeader
2022-06-21 13:56:26,367 [7ed761f3-2892-425f-b708-b7f52bea56b6@group-52BF6DEE87EE-LeaderElection53] INFO  ratis.XceiverServerRatis (XceiverServerRatis.java:handleLeaderChangedNotification(863)) - Leader change notification received for group: group-52BF6DEE87EE with new leaderId: 7ed761f3-2892-425f-b708-b7f52bea56b6
2022-06-21 13:56:26,368 [7ed761f3-2892-425f-b708-b7f52bea56b6@group-52BF6DEE87EE-LeaderElection53] INFO  server.RaftServer$Division (ServerState.java:setLeader(287)) - 7ed761f3-2892-425f-b708-b7f52bea56b6@group-52BF6DEE87EE: change Leader from null to 7ed761f3-2892-425f-b708-b7f52bea56b6 at term 3 for becomeLeader, leader elected after 15733ms
2022-06-21 13:56:26,368 [7ed761f3-2892-425f-b708-b7f52bea56b6@group-52BF6DEE87EE-LeaderElection53] INFO  server.RaftServerConfigKeys (ConfUtils.java:logGet(46)) - raft.server.staging.catchup.gap = 1000 (default)
2022-06-21 13:56:26,368 [7ed761f3-2892-425f-b708-b7f52bea56b6@group-52BF6DEE87EE-LeaderElection53] INFO  server.RaftServerConfigKeys (ConfUtils.java:logGet(46)) - raft.server.write.element-limit = 1024 (custom)
2022-06-21 13:56:26,368 [7ed761f3-2892-425f-b708-b7f52bea56b6@group-52BF6DEE87EE-LeaderElection53] INFO  server.RaftServerConfigKeys (ConfUtils.java:logGet(46)) - raft.server.write.byte-limit = 1024 M (=1073741824) (custom)
2022-06-21 13:56:26,368 [7ed761f3-2892-425f-b708-b7f52bea56b6@group-52BF6DEE87EE-LeaderElection53] INFO  server.RaftServerConfigKeys (ConfUtils.java:logGet(46)) - raft.server.watch.timeout = 180s (custom)
2022-06-21 13:56:26,368 [7ed761f3-2892-425f-b708-b7f52bea56b6@group-52BF6DEE87EE-LeaderElection53] INFO  server.RaftServerConfigKeys (ConfUtils.java:logGet(46)) - raft.server.watch.timeout.denomination = 1s (default)
2022-06-21 13:56:26,368 [7ed761f3-2892-425f-b708-b7f52bea56b6@group-52BF6DEE87EE-LeaderElection53] INFO  server.RaftServerConfigKeys (ConfUtils.java:logGet(46)) - raft.server.watch.element-limit = 65536 (default)
2022-06-21 13:56:26,368 [7ed761f3-2892-425f-b708-b7f52bea56b6@group-52BF6DEE87EE-LeaderElection53] INFO  server.RaftServerConfigKeys (ConfUtils.java:logGet(46)) - raft.server.write.element-limit = 1024 (custom)
2022-06-21 13:56:26,368 [7ed761f3-2892-425f-b708-b7f52bea56b6@group-52BF6DEE87EE-LeaderElection53] INFO  server.RaftServerConfigKeys (ConfUtils.java:logGet(46)) - raft.server.write.follower.gap.ratio.max = -1.0 (default)
2022-06-21 13:56:26,369 [7ed761f3-2892-425f-b708-b7f52bea56b6@group-52BF6DEE87EE-LeaderElection53] INFO  server.RaftServerConfigKeys (ConfUtils.java:logGet(46)) - raft.server.log.appender.snapshot.chunk.size.max = 16MB (=16777216) (default)
2022-06-21 13:56:26,369 [7ed761f3-2892-425f-b708-b7f52bea56b6@group-52BF6DEE87EE-LeaderElection53] INFO  server.RaftServerConfigKeys (ConfUtils.java:logGet(46)) - raft.server.log.appender.buffer.byte-limit = 33554432 (custom)
2022-06-21 13:56:26,369 [7ed761f3-2892-425f-b708-b7f52bea56b6@group-52BF6DEE87EE-LeaderElection53] INFO  server.RaftServerConfigKeys (ConfUtils.java:logGet(46)) - raft.server.log.appender.buffer.element-limit = 1 (custom)
2022-06-21 13:56:26,369 [7ed761f3-2892-425f-b708-b7f52bea56b6@group-52BF6DEE87EE-LeaderElection53] INFO  grpc.GrpcConfigKeys (ConfUtils.java:logGet(46)) - raft.grpc.server.leader.outstanding.appends.max = 128 (default)
2022-06-21 13:56:26,369 [7ed761f3-2892-425f-b708-b7f52bea56b6@group-52BF6DEE87EE-LeaderElection53] INFO  server.RaftServerConfigKeys (ConfUtils.java:logGet(46)) - raft.server.rpc.request.timeout = 60s (custom)
2022-06-21 13:56:26,370 [7ed761f3-2892-425f-b708-b7f52bea56b6@group-52BF6DEE87EE-LeaderElection53] INFO  server.RaftServerConfigKeys (ConfUtils.java:logGet(46)) - raft.server.log.appender.install.snapshot.enabled = false (custom)
2022-06-21 13:56:26,372 [EventQueue-PipelineReportForPipelineReportHandler] INFO  pipeline.PipelineManagerImpl (PipelineManagerImpl.java:openPipeline(356)) - Pipeline Pipeline[ Id: 962f574f-fe27-410f-9c07-52bf6dee87ee, Nodes: 7ed761f3-2892-425f-b708-b7f52bea56b6{ip: 10.1.0.15, host: fv-az194-567.vahfjs35atkulmpwh5ujf4txfe.jx.internal.cloudapp.net, ports: [REPLICATION=43795, RATIS=37391, RATIS_ADMIN=37391, RATIS_SERVER=37391, STANDALONE=32819], networkLocation: /default-rack, certSerialId: null, persistedOpState: IN_SERVICE, persistedOpStateExpiryEpochSec: 0}0c36eeb7-8db8-48cb-9437-34913146bd8b{ip: 10.1.0.15, host: fv-az194-567.vahfjs35atkulmpwh5ujf4txfe.jx.internal.cloudapp.net, ports: [REPLICATION=43987, RATIS=38615, RATIS_ADMIN=38615, RATIS_SERVER=38615, STANDALONE=44209], networkLocation: /default-rack, certSerialId: null, persistedOpState: IN_SERVICE, persistedOpStateExpiryEpochSec: 0}661906f5-178f-45a1-86e2-0540bf739913{ip: 10.1.0.15, host: fv-az194-567.vahfjs35atkulmpwh5ujf4txfe.jx.internal.cloudapp.net, ports: [REPLICATION=45169, RATIS=44467, RATIS_ADMIN=44467, RATIS_SERVER=44467, STANDALONE=45555], networkLocation: /default-rack, certSerialId: null, persistedOpState: IN_SERVICE, persistedOpStateExpiryEpochSec: 0}, ReplicationConfig: RATIS/THREE, State:ALLOCATED, leaderId:7ed761f3-2892-425f-b708-b7f52bea56b6, CreationTimestamp2022-06-21T13:56:09.470Z[Etc/UTC]] moved to OPEN state
2022-06-21 13:56:26,386 [7ed761f3-2892-425f-b708-b7f52bea56b6@group-52BF6DEE87EE-LeaderElection53] INFO  server.RaftServerConfigKeys (ConfUtils.java:logGet(46)) - raft.server.log.appender.snapshot.chunk.size.max = 16MB (=16777216) (default)
2022-06-21 13:56:26,386 [7ed761f3-2892-425f-b708-b7f52bea56b6@group-52BF6DEE87EE-LeaderElection53] INFO  server.RaftServerConfigKeys (ConfUtils.java:logGet(46)) - raft.server.log.appender.buffer.byte-limit = 33554432 (custom)
2022-06-21 13:56:26,386 [7ed761f3-2892-425f-b708-b7f52bea56b6@group-52BF6DEE87EE-LeaderElection53] INFO  server.RaftServerConfigKeys (ConfUtils.java:logGet(46)) - raft.server.log.appender.buffer.element-limit = 1 (custom)
2022-06-21 13:56:26,386 [7ed761f3-2892-425f-b708-b7f52bea56b6@group-52BF6DEE87EE-LeaderElection53] INFO  grpc.GrpcConfigKeys (ConfUtils.java:logGet(46)) - raft.grpc.server.leader.outstanding.appends.max = 128 (default)
2022-06-21 13:56:26,386 [7ed761f3-2892-425f-b708-b7f52bea56b6@group-52BF6DEE87EE-LeaderElection53] INFO  server.RaftServerConfigKeys (ConfUtils.java:logGet(46)) - raft.server.rpc.request.timeout = 60s (custom)
2022-06-21 13:56:26,386 [7ed761f3-2892-425f-b708-b7f52bea56b6@group-52BF6DEE87EE-LeaderElection53] INFO  server.RaftServerConfigKeys (ConfUtils.java:logGet(46)) - raft.server.log.appender.install.snapshot.enabled = false (custom)
2022-06-21 13:56:26,387 [7ed761f3-2892-425f-b708-b7f52bea56b6@group-52BF6DEE87EE-LeaderElection53] INFO  impl.RoleInfo (RoleInfo.java:updateAndGet(139)) - 7ed761f3-2892-425f-b708-b7f52bea56b6: start 7ed761f3-2892-425f-b708-b7f52bea56b6@group-52BF6DEE87EE-LeaderStateImpl
2022-06-21 13:56:26,387 [7ed761f3-2892-425f-b708-b7f52bea56b6@group-52BF6DEE87EE-LeaderElection53] INFO  segmented.SegmentedRaftLogWorker (SegmentedRaftLogWorker.java:startLogSegment(425)) - 7ed761f3-2892-425f-b708-b7f52bea56b6@group-52BF6DEE87EE-SegmentedRaftLogWorker: Starting segment from index:0
2022-06-21 13:56:26,413 [7ed761f3-2892-425f-b708-b7f52bea56b6@group-52BF6DEE87EE-SegmentedRaftLogWorker] INFO  segmented.SegmentedRaftLogWorker (SegmentedRaftLogWorker.java:execute(629)) - 7ed761f3-2892-425f-b708-b7f52bea56b6@group-52BF6DEE87EE-SegmentedRaftLogWorker: created new log segment /home/runner/work/ozone/ozone/hadoop-ozone/integration-test/target/test-dir/MiniOzoneClusterImpl-a6c63143-532c-40e3-90f6-32ed462df7e7/datanode-2/data/ratis/962f574f-fe27-410f-9c07-52bf6dee87ee/current/log_inprogress_0
2022-06-21 13:56:26,475 [7ed761f3-2892-425f-b708-b7f52bea56b6@group-52BF6DEE87EE-LeaderElection53] INFO  server.RaftServer$Division (ServerState.java:setRaftConf(393)) - 7ed761f3-2892-425f-b708-b7f52bea56b6@group-52BF6DEE87EE: set configuration 0: [7ed761f3-2892-425f-b708-b7f52bea56b6|rpc:10.1.0.15:37391|dataStream:|priority:1, 0c36eeb7-8db8-48cb-9437-34913146bd8b|rpc:10.1.0.15:38615|dataStream:|priority:0, 661906f5-178f-45a1-86e2-0540bf739913|rpc:10.1.0.15:44467|dataStream:|priority:0], old=null
2022-06-21 13:56:26,551 [0c36eeb7-8db8-48cb-9437-34913146bd8b-server-thread1] INFO  ratis.XceiverServerRatis (XceiverServerRatis.java:handleLeaderChangedNotification(863)) - Leader change notification received for group: group-52BF6DEE87EE with new leaderId: 7ed761f3-2892-425f-b708-b7f52bea56b6
2022-06-21 13:56:26,551 [0c36eeb7-8db8-48cb-9437-34913146bd8b-server-thread1] INFO  server.RaftServer$Division (ServerState.java:setLeader(287)) - 0c36eeb7-8db8-48cb-9437-34913146bd8b@group-52BF6DEE87EE: change Leader from null to 7ed761f3-2892-425f-b708-b7f52bea56b6 at term 3 for appendEntries, leader elected after 15734ms
2022-06-21 13:56:26,551 [661906f5-178f-45a1-86e2-0540bf739913-server-thread1] INFO  ratis.XceiverServerRatis (XceiverServerRatis.java:handleLeaderChangedNotification(863)) - Leader change notification received for group: group-52BF6DEE87EE with new leaderId: 7ed761f3-2892-425f-b708-b7f52bea56b6
2022-06-21 13:56:26,552 [661906f5-178f-45a1-86e2-0540bf739913-server-thread1] INFO  server.RaftServer$Division (ServerState.java:setLeader(287)) - 661906f5-178f-45a1-86e2-0540bf739913@group-52BF6DEE87EE: change Leader from null to 7ed761f3-2892-425f-b708-b7f52bea56b6 at term 3 for appendEntries, leader elected after 15900ms
2022-06-21 13:56:26,620 [0c36eeb7-8db8-48cb-9437-34913146bd8b-server-thread1] INFO  server.RaftServer$Division (ServerState.java:setRaftConf(393)) - 0c36eeb7-8db8-48cb-9437-34913146bd8b@group-52BF6DEE87EE: set configuration 0: [7ed761f3-2892-425f-b708-b7f52bea56b6|rpc:10.1.0.15:37391|dataStream:|priority:1, 0c36eeb7-8db8-48cb-9437-34913146bd8b|rpc:10.1.0.15:38615|dataStream:|priority:0, 661906f5-178f-45a1-86e2-0540bf739913|rpc:10.1.0.15:44467|dataStream:|priority:0], old=null
2022-06-21 13:56:26,621 [0c36eeb7-8db8-48cb-9437-34913146bd8b-server-thread1] INFO  segmented.SegmentedRaftLogWorker (SegmentedRaftLogWorker.java:startLogSegment(425)) - 0c36eeb7-8db8-48cb-9437-34913146bd8b@group-52BF6DEE87EE-SegmentedRaftLogWorker: Starting segment from index:0
2022-06-21 13:56:26,622 [661906f5-178f-45a1-86e2-0540bf739913-server-thread1] INFO  server.RaftServer$Division (ServerState.java:setRaftConf(393)) - 661906f5-178f-45a1-86e2-0540bf739913@group-52BF6DEE87EE: set configuration 0: [7ed761f3-2892-425f-b708-b7f52bea56b6|rpc:10.1.0.15:37391|dataStream:|priority:1, 0c36eeb7-8db8-48cb-9437-34913146bd8b|rpc:10.1.0.15:38615|dataStream:|priority:0, 661906f5-178f-45a1-86e2-0540bf739913|rpc:10.1.0.15:44467|dataStream:|priority:0], old=null
2022-06-21 13:56:26,622 [661906f5-178f-45a1-86e2-0540bf739913-server-thread1] INFO  segmented.SegmentedRaftLogWorker (SegmentedRaftLogWorker.java:startLogSegment(425)) - 661906f5-178f-45a1-86e2-0540bf739913@group-52BF6DEE87EE-SegmentedRaftLogWorker: Starting segment from index:0
2022-06-21 13:56:26,624 [0c36eeb7-8db8-48cb-9437-34913146bd8b@group-52BF6DEE87EE-SegmentedRaftLogWorker] INFO  segmented.SegmentedRaftLogWorker (SegmentedRaftLogWorker.java:execute(629)) - 0c36eeb7-8db8-48cb-9437-34913146bd8b@group-52BF6DEE87EE-SegmentedRaftLogWorker: created new log segment /home/runner/work/ozone/ozone/hadoop-ozone/integration-test/target/test-dir/MiniOzoneClusterImpl-a6c63143-532c-40e3-90f6-32ed462df7e7/datanode-1/data/ratis/962f574f-fe27-410f-9c07-52bf6dee87ee/current/log_inprogress_0
2022-06-21 13:56:26,625 [661906f5-178f-45a1-86e2-0540bf739913@group-52BF6DEE87EE-SegmentedRaftLogWorker] INFO  segmented.SegmentedRaftLogWorker (SegmentedRaftLogWorker.java:execute(629)) - 661906f5-178f-45a1-86e2-0540bf739913@group-52BF6DEE87EE-SegmentedRaftLogWorker: created new log segment /home/runner/work/ozone/ozone/hadoop-ozone/integration-test/target/test-dir/MiniOzoneClusterImpl-a6c63143-532c-40e3-90f6-32ed462df7e7/datanode-0/data/ratis/962f574f-fe27-410f-9c07-52bf6dee87ee/current/log_inprogress_0
]]></system-out>
  </testcase>
  <testcase name="testCreateKeyShouldUseRefreshedBucketReplicationConfig" classname="TestOzoneFileSystem" time="0.318">
    <system-out><![CDATA[2022-06-21 13:53:03,164 [Time-limited test] INFO  rpc.RpcClient (RpcClient.java:createVolume(466)) - Creating Volume: volume51517, with user95748 as owner and space quota set to -1 bytes, counts quota set to -1
2022-06-21 13:53:03,167 [OM StateMachine ApplyTransaction Thread - 0] INFO  volume.OMVolumeCreateRequest (OMVolumeCreateRequest.java:validateAndUpdateCache(195)) - created volume:volume51517 for user:user95748
2022-06-21 13:53:03,171 [Time-limited test] INFO  rpc.RpcClient (RpcClient.java:createBucket(666)) - Creating Bucket: volume51517/bucket95202, with the Bucket Layout LEGACY, runner as owner, Versioning false, Storage Type set to DISK and Encryption set to false 
2022-06-21 13:53:03,176 [OM StateMachine ApplyTransaction Thread - 0] INFO  bucket.OMBucketCreateRequest (OMBucketCreateRequest.java:validateAndUpdateCache(260)) - created bucket: bucket95202 of layout LEGACY in volume: volume51517
2022-06-21 13:53:03,239 [IPC Server handler 11 on default port 42607] INFO  pipeline.PipelineStateManagerImpl (PipelineStateManagerImpl.java:addPipeline(101)) - Created pipeline Pipeline[ Id: 30f5b481-5aef-4081-9332-c4a707c97bc9, Nodes: d64d628d-84bc-46a4-b938-9b06d3101fa8{ip: 10.1.0.15, host: fv-az194-567.vahfjs35atkulmpwh5ujf4txfe.jx.internal.cloudapp.net, ports: [REPLICATION=41935, RATIS=45443, RATIS_ADMIN=45443, RATIS_SERVER=45443, STANDALONE=42049], networkLocation: /default-rack, certSerialId: null, persistedOpState: null, persistedOpStateExpiryEpochSec: 0}102d38b5-77ec-475a-945b-de2dedc34e4f{ip: 10.1.0.15, host: fv-az194-567.vahfjs35atkulmpwh5ujf4txfe.jx.internal.cloudapp.net, ports: [REPLICATION=45765, RATIS=41439, RATIS_ADMIN=41439, RATIS_SERVER=41439, STANDALONE=39115], networkLocation: /default-rack, certSerialId: null, persistedOpState: null, persistedOpStateExpiryEpochSec: 0}dfa3a740-454f-4489-b3be-017282a57706{ip: 10.1.0.15, host: fv-az194-567.vahfjs35atkulmpwh5ujf4txfe.jx.internal.cloudapp.net, ports: [REPLICATION=37027, RATIS=41741, RATIS_ADMIN=41741, RATIS_SERVER=41741, STANDALONE=42827], networkLocation: /default-rack, certSerialId: null, persistedOpState: null, persistedOpStateExpiryEpochSec: 0}c9799e9e-32ad-41be-876b-db1cefc7f700{ip: 10.1.0.15, host: fv-az194-567.vahfjs35atkulmpwh5ujf4txfe.jx.internal.cloudapp.net, ports: [REPLICATION=37895, RATIS=37541, RATIS_ADMIN=37541, RATIS_SERVER=37541, STANDALONE=43517], networkLocation: /default-rack, certSerialId: null, persistedOpState: null, persistedOpStateExpiryEpochSec: 0}d0cd1932-8d4e-4243-b37a-4fe60b6778b1{ip: 10.1.0.15, host: fv-az194-567.vahfjs35atkulmpwh5ujf4txfe.jx.internal.cloudapp.net, ports: [REPLICATION=38753, RATIS=42757, RATIS_ADMIN=42757, RATIS_SERVER=42757, STANDALONE=36543], networkLocation: /default-rack, certSerialId: null, persistedOpState: null, persistedOpStateExpiryEpochSec: 0}, ReplicationConfig: EC/ECReplicationConfig{data=3, parity=2, ecChunkSize=1048576, codec=rs}, State:ALLOCATED, leaderId:, CreationTimestamp2022-06-21T13:53:03.238Z[Etc/UTC]].
2022-06-21 13:53:03,239 [IPC Server handler 11 on default port 42607] INFO  pipeline.PipelineManagerImpl (PipelineManagerImpl.java:openPipeline(356)) - Pipeline Pipeline[ Id: 30f5b481-5aef-4081-9332-c4a707c97bc9, Nodes: d64d628d-84bc-46a4-b938-9b06d3101fa8{ip: 10.1.0.15, host: fv-az194-567.vahfjs35atkulmpwh5ujf4txfe.jx.internal.cloudapp.net, ports: [REPLICATION=41935, RATIS=45443, RATIS_ADMIN=45443, RATIS_SERVER=45443, STANDALONE=42049], networkLocation: /default-rack, certSerialId: null, persistedOpState: null, persistedOpStateExpiryEpochSec: 0}102d38b5-77ec-475a-945b-de2dedc34e4f{ip: 10.1.0.15, host: fv-az194-567.vahfjs35atkulmpwh5ujf4txfe.jx.internal.cloudapp.net, ports: [REPLICATION=45765, RATIS=41439, RATIS_ADMIN=41439, RATIS_SERVER=41439, STANDALONE=39115], networkLocation: /default-rack, certSerialId: null, persistedOpState: null, persistedOpStateExpiryEpochSec: 0}dfa3a740-454f-4489-b3be-017282a57706{ip: 10.1.0.15, host: fv-az194-567.vahfjs35atkulmpwh5ujf4txfe.jx.internal.cloudapp.net, ports: [REPLICATION=37027, RATIS=41741, RATIS_ADMIN=41741, RATIS_SERVER=41741, STANDALONE=42827], networkLocation: /default-rack, certSerialId: null, persistedOpState: null, persistedOpStateExpiryEpochSec: 0}c9799e9e-32ad-41be-876b-db1cefc7f700{ip: 10.1.0.15, host: fv-az194-567.vahfjs35atkulmpwh5ujf4txfe.jx.internal.cloudapp.net, ports: [REPLICATION=37895, RATIS=37541, RATIS_ADMIN=37541, RATIS_SERVER=37541, STANDALONE=43517], networkLocation: /default-rack, certSerialId: null, persistedOpState: null, persistedOpStateExpiryEpochSec: 0}d0cd1932-8d4e-4243-b37a-4fe60b6778b1{ip: 10.1.0.15, host: fv-az194-567.vahfjs35atkulmpwh5ujf4txfe.jx.internal.cloudapp.net, ports: [REPLICATION=38753, RATIS=42757, RATIS_ADMIN=42757, RATIS_SERVER=42757, STANDALONE=36543], networkLocation: /default-rack, certSerialId: null, persistedOpState: null, persistedOpStateExpiryEpochSec: 0}, ReplicationConfig: EC/ECReplicationConfig{data=3, parity=2, ecChunkSize=1048576, codec=rs}, State:ALLOCATED, leaderId:, CreationTimestamp2022-06-21T13:53:03.238Z[Etc/UTC]] moved to OPEN state
2022-06-21 13:53:03,282 [Time-limited test] WARN  erasurecode.ErasureCodeNative (ErasureCodeNative.java:<clinit>(55)) - ISA-L support is not available in your platform... using builtin-java codec where applicable
2022-06-21 13:53:03,393 [IPC Server handler 17 on default port 42607] INFO  pipeline.PipelineStateManagerImpl (PipelineStateManagerImpl.java:addPipeline(101)) - Created pipeline Pipeline[ Id: 6a615780-b60e-483a-9b40-f3426f3c08ff, Nodes: c9799e9e-32ad-41be-876b-db1cefc7f700{ip: 10.1.0.15, host: fv-az194-567.vahfjs35atkulmpwh5ujf4txfe.jx.internal.cloudapp.net, ports: [REPLICATION=37895, RATIS=37541, RATIS_ADMIN=37541, RATIS_SERVER=37541, STANDALONE=43517], networkLocation: /default-rack, certSerialId: null, persistedOpState: null, persistedOpStateExpiryEpochSec: 0}102d38b5-77ec-475a-945b-de2dedc34e4f{ip: 10.1.0.15, host: fv-az194-567.vahfjs35atkulmpwh5ujf4txfe.jx.internal.cloudapp.net, ports: [REPLICATION=45765, RATIS=41439, RATIS_ADMIN=41439, RATIS_SERVER=41439, STANDALONE=39115], networkLocation: /default-rack, certSerialId: null, persistedOpState: null, persistedOpStateExpiryEpochSec: 0}d64d628d-84bc-46a4-b938-9b06d3101fa8{ip: 10.1.0.15, host: fv-az194-567.vahfjs35atkulmpwh5ujf4txfe.jx.internal.cloudapp.net, ports: [REPLICATION=41935, RATIS=45443, RATIS_ADMIN=45443, RATIS_SERVER=45443, STANDALONE=42049], networkLocation: /default-rack, certSerialId: null, persistedOpState: null, persistedOpStateExpiryEpochSec: 0}d0cd1932-8d4e-4243-b37a-4fe60b6778b1{ip: 10.1.0.15, host: fv-az194-567.vahfjs35atkulmpwh5ujf4txfe.jx.internal.cloudapp.net, ports: [REPLICATION=38753, RATIS=42757, RATIS_ADMIN=42757, RATIS_SERVER=42757, STANDALONE=36543], networkLocation: /default-rack, certSerialId: null, persistedOpState: null, persistedOpStateExpiryEpochSec: 0}dfa3a740-454f-4489-b3be-017282a57706{ip: 10.1.0.15, host: fv-az194-567.vahfjs35atkulmpwh5ujf4txfe.jx.internal.cloudapp.net, ports: [REPLICATION=37027, RATIS=41741, RATIS_ADMIN=41741, RATIS_SERVER=41741, STANDALONE=42827], networkLocation: /default-rack, certSerialId: null, persistedOpState: null, persistedOpStateExpiryEpochSec: 0}, ReplicationConfig: EC/ECReplicationConfig{data=3, parity=2, ecChunkSize=1048576, codec=rs}, State:ALLOCATED, leaderId:, CreationTimestamp2022-06-21T13:53:03.393Z[Etc/UTC]].
2022-06-21 13:53:03,395 [IPC Server handler 17 on default port 42607] INFO  pipeline.PipelineManagerImpl (PipelineManagerImpl.java:openPipeline(356)) - Pipeline Pipeline[ Id: 6a615780-b60e-483a-9b40-f3426f3c08ff, Nodes: c9799e9e-32ad-41be-876b-db1cefc7f700{ip: 10.1.0.15, host: fv-az194-567.vahfjs35atkulmpwh5ujf4txfe.jx.internal.cloudapp.net, ports: [REPLICATION=37895, RATIS=37541, RATIS_ADMIN=37541, RATIS_SERVER=37541, STANDALONE=43517], networkLocation: /default-rack, certSerialId: null, persistedOpState: null, persistedOpStateExpiryEpochSec: 0}102d38b5-77ec-475a-945b-de2dedc34e4f{ip: 10.1.0.15, host: fv-az194-567.vahfjs35atkulmpwh5ujf4txfe.jx.internal.cloudapp.net, ports: [REPLICATION=45765, RATIS=41439, RATIS_ADMIN=41439, RATIS_SERVER=41439, STANDALONE=39115], networkLocation: /default-rack, certSerialId: null, persistedOpState: null, persistedOpStateExpiryEpochSec: 0}d64d628d-84bc-46a4-b938-9b06d3101fa8{ip: 10.1.0.15, host: fv-az194-567.vahfjs35atkulmpwh5ujf4txfe.jx.internal.cloudapp.net, ports: [REPLICATION=41935, RATIS=45443, RATIS_ADMIN=45443, RATIS_SERVER=45443, STANDALONE=42049], networkLocation: /default-rack, certSerialId: null, persistedOpState: null, persistedOpStateExpiryEpochSec: 0}d0cd1932-8d4e-4243-b37a-4fe60b6778b1{ip: 10.1.0.15, host: fv-az194-567.vahfjs35atkulmpwh5ujf4txfe.jx.internal.cloudapp.net, ports: [REPLICATION=38753, RATIS=42757, RATIS_ADMIN=42757, RATIS_SERVER=42757, STANDALONE=36543], networkLocation: /default-rack, certSerialId: null, persistedOpState: null, persistedOpStateExpiryEpochSec: 0}dfa3a740-454f-4489-b3be-017282a57706{ip: 10.1.0.15, host: fv-az194-567.vahfjs35atkulmpwh5ujf4txfe.jx.internal.cloudapp.net, ports: [REPLICATION=37027, RATIS=41741, RATIS_ADMIN=41741, RATIS_SERVER=41741, STANDALONE=42827], networkLocation: /default-rack, certSerialId: null, persistedOpState: null, persistedOpStateExpiryEpochSec: 0}, ReplicationConfig: EC/ECReplicationConfig{data=3, parity=2, ecChunkSize=1048576, codec=rs}, State:ALLOCATED, leaderId:, CreationTimestamp2022-06-21T13:53:03.393Z[Etc/UTC]] moved to OPEN state
]]></system-out>
  </testcase>
  <testcase name="testCreateKeyShouldUseRefreshedBucketReplicationConfig" classname="TestOzoneFileSystem" time="0.312">
    <system-out><![CDATA[2022-06-21 13:54:07,849 [Time-limited test] INFO  rpc.RpcClient (RpcClient.java:createVolume(466)) - Creating Volume: volume52504, with user08817 as owner and space quota set to -1 bytes, counts quota set to -1
2022-06-21 13:54:07,850 [IPC Server handler 1 on default port 34499] INFO  volume.OMVolumeCreateRequest (OMVolumeCreateRequest.java:validateAndUpdateCache(195)) - created volume:volume52504 for user:user08817
2022-06-21 13:54:07,868 [Time-limited test] INFO  rpc.RpcClient (RpcClient.java:createBucket(666)) - Creating Bucket: volume52504/bucket53691, with the Bucket Layout LEGACY, runner as owner, Versioning false, Storage Type set to DISK and Encryption set to false 
2022-06-21 13:54:07,869 [IPC Server handler 3 on default port 34499] INFO  bucket.OMBucketCreateRequest (OMBucketCreateRequest.java:validateAndUpdateCache(260)) - created bucket: bucket53691 of layout LEGACY in volume: volume52504
2022-06-21 13:54:07,929 [IPC Server handler 12 on default port 42141] INFO  pipeline.PipelineStateManagerImpl (PipelineStateManagerImpl.java:addPipeline(101)) - Created pipeline Pipeline[ Id: 8565d5fd-423e-4960-b887-b354ab56c0a3, Nodes: 81fc78bc-3d93-43eb-a149-ca8877d229a2{ip: 10.1.0.15, host: fv-az194-567.vahfjs35atkulmpwh5ujf4txfe.jx.internal.cloudapp.net, ports: [REPLICATION=44627, RATIS=44705, RATIS_ADMIN=44705, RATIS_SERVER=44705, STANDALONE=46361], networkLocation: /default-rack, certSerialId: null, persistedOpState: null, persistedOpStateExpiryEpochSec: 0}17ea812a-a858-40de-b252-af3db1058d73{ip: 10.1.0.15, host: fv-az194-567.vahfjs35atkulmpwh5ujf4txfe.jx.internal.cloudapp.net, ports: [REPLICATION=35519, RATIS=45467, RATIS_ADMIN=45467, RATIS_SERVER=45467, STANDALONE=43219], networkLocation: /default-rack, certSerialId: null, persistedOpState: null, persistedOpStateExpiryEpochSec: 0}d57b37be-f0fe-43c7-a820-540586909dc7{ip: 10.1.0.15, host: fv-az194-567.vahfjs35atkulmpwh5ujf4txfe.jx.internal.cloudapp.net, ports: [REPLICATION=45065, RATIS=46147, RATIS_ADMIN=46147, RATIS_SERVER=46147, STANDALONE=43085], networkLocation: /default-rack, certSerialId: null, persistedOpState: null, persistedOpStateExpiryEpochSec: 0}180d6f1c-5c2b-4c1e-a1bc-902f2625267f{ip: 10.1.0.15, host: fv-az194-567.vahfjs35atkulmpwh5ujf4txfe.jx.internal.cloudapp.net, ports: [REPLICATION=38031, RATIS=38173, RATIS_ADMIN=38173, RATIS_SERVER=38173, STANDALONE=34193], networkLocation: /default-rack, certSerialId: null, persistedOpState: null, persistedOpStateExpiryEpochSec: 0}da1def5c-cec2-4abd-8fe1-fa8043868437{ip: 10.1.0.15, host: fv-az194-567.vahfjs35atkulmpwh5ujf4txfe.jx.internal.cloudapp.net, ports: [REPLICATION=42435, RATIS=45839, RATIS_ADMIN=45839, RATIS_SERVER=45839, STANDALONE=42299], networkLocation: /default-rack, certSerialId: null, persistedOpState: null, persistedOpStateExpiryEpochSec: 0}, ReplicationConfig: EC/ECReplicationConfig{data=3, parity=2, ecChunkSize=1048576, codec=rs}, State:ALLOCATED, leaderId:, CreationTimestamp2022-06-21T13:54:07.928Z[Etc/UTC]].
2022-06-21 13:54:07,929 [IPC Server handler 12 on default port 42141] INFO  pipeline.PipelineManagerImpl (PipelineManagerImpl.java:openPipeline(356)) - Pipeline Pipeline[ Id: 8565d5fd-423e-4960-b887-b354ab56c0a3, Nodes: 81fc78bc-3d93-43eb-a149-ca8877d229a2{ip: 10.1.0.15, host: fv-az194-567.vahfjs35atkulmpwh5ujf4txfe.jx.internal.cloudapp.net, ports: [REPLICATION=44627, RATIS=44705, RATIS_ADMIN=44705, RATIS_SERVER=44705, STANDALONE=46361], networkLocation: /default-rack, certSerialId: null, persistedOpState: null, persistedOpStateExpiryEpochSec: 0}17ea812a-a858-40de-b252-af3db1058d73{ip: 10.1.0.15, host: fv-az194-567.vahfjs35atkulmpwh5ujf4txfe.jx.internal.cloudapp.net, ports: [REPLICATION=35519, RATIS=45467, RATIS_ADMIN=45467, RATIS_SERVER=45467, STANDALONE=43219], networkLocation: /default-rack, certSerialId: null, persistedOpState: null, persistedOpStateExpiryEpochSec: 0}d57b37be-f0fe-43c7-a820-540586909dc7{ip: 10.1.0.15, host: fv-az194-567.vahfjs35atkulmpwh5ujf4txfe.jx.internal.cloudapp.net, ports: [REPLICATION=45065, RATIS=46147, RATIS_ADMIN=46147, RATIS_SERVER=46147, STANDALONE=43085], networkLocation: /default-rack, certSerialId: null, persistedOpState: null, persistedOpStateExpiryEpochSec: 0}180d6f1c-5c2b-4c1e-a1bc-902f2625267f{ip: 10.1.0.15, host: fv-az194-567.vahfjs35atkulmpwh5ujf4txfe.jx.internal.cloudapp.net, ports: [REPLICATION=38031, RATIS=38173, RATIS_ADMIN=38173, RATIS_SERVER=38173, STANDALONE=34193], networkLocation: /default-rack, certSerialId: null, persistedOpState: null, persistedOpStateExpiryEpochSec: 0}da1def5c-cec2-4abd-8fe1-fa8043868437{ip: 10.1.0.15, host: fv-az194-567.vahfjs35atkulmpwh5ujf4txfe.jx.internal.cloudapp.net, ports: [REPLICATION=42435, RATIS=45839, RATIS_ADMIN=45839, RATIS_SERVER=45839, STANDALONE=42299], networkLocation: /default-rack, certSerialId: null, persistedOpState: null, persistedOpStateExpiryEpochSec: 0}, ReplicationConfig: EC/ECReplicationConfig{data=3, parity=2, ecChunkSize=1048576, codec=rs}, State:ALLOCATED, leaderId:, CreationTimestamp2022-06-21T13:54:07.928Z[Etc/UTC]] moved to OPEN state
2022-06-21 13:54:07,985 [IPC Server handler 9 on default port 42141] INFO  pipeline.PipelineStateManagerImpl (PipelineStateManagerImpl.java:addPipeline(101)) - Created pipeline Pipeline[ Id: 84aee504-6010-47c2-af44-7571cb2b57ac, Nodes: 81fc78bc-3d93-43eb-a149-ca8877d229a2{ip: 10.1.0.15, host: fv-az194-567.vahfjs35atkulmpwh5ujf4txfe.jx.internal.cloudapp.net, ports: [REPLICATION=44627, RATIS=44705, RATIS_ADMIN=44705, RATIS_SERVER=44705, STANDALONE=46361], networkLocation: /default-rack, certSerialId: null, persistedOpState: null, persistedOpStateExpiryEpochSec: 0}17ea812a-a858-40de-b252-af3db1058d73{ip: 10.1.0.15, host: fv-az194-567.vahfjs35atkulmpwh5ujf4txfe.jx.internal.cloudapp.net, ports: [REPLICATION=35519, RATIS=45467, RATIS_ADMIN=45467, RATIS_SERVER=45467, STANDALONE=43219], networkLocation: /default-rack, certSerialId: null, persistedOpState: null, persistedOpStateExpiryEpochSec: 0}d57b37be-f0fe-43c7-a820-540586909dc7{ip: 10.1.0.15, host: fv-az194-567.vahfjs35atkulmpwh5ujf4txfe.jx.internal.cloudapp.net, ports: [REPLICATION=45065, RATIS=46147, RATIS_ADMIN=46147, RATIS_SERVER=46147, STANDALONE=43085], networkLocation: /default-rack, certSerialId: null, persistedOpState: null, persistedOpStateExpiryEpochSec: 0}180d6f1c-5c2b-4c1e-a1bc-902f2625267f{ip: 10.1.0.15, host: fv-az194-567.vahfjs35atkulmpwh5ujf4txfe.jx.internal.cloudapp.net, ports: [REPLICATION=38031, RATIS=38173, RATIS_ADMIN=38173, RATIS_SERVER=38173, STANDALONE=34193], networkLocation: /default-rack, certSerialId: null, persistedOpState: null, persistedOpStateExpiryEpochSec: 0}da1def5c-cec2-4abd-8fe1-fa8043868437{ip: 10.1.0.15, host: fv-az194-567.vahfjs35atkulmpwh5ujf4txfe.jx.internal.cloudapp.net, ports: [REPLICATION=42435, RATIS=45839, RATIS_ADMIN=45839, RATIS_SERVER=45839, STANDALONE=42299], networkLocation: /default-rack, certSerialId: null, persistedOpState: null, persistedOpStateExpiryEpochSec: 0}, ReplicationConfig: EC/ECReplicationConfig{data=3, parity=2, ecChunkSize=1048576, codec=rs}, State:ALLOCATED, leaderId:, CreationTimestamp2022-06-21T13:54:07.985Z[Etc/UTC]].
2022-06-21 13:54:07,987 [IPC Server handler 9 on default port 42141] INFO  pipeline.PipelineManagerImpl (PipelineManagerImpl.java:openPipeline(356)) - Pipeline Pipeline[ Id: 84aee504-6010-47c2-af44-7571cb2b57ac, Nodes: 81fc78bc-3d93-43eb-a149-ca8877d229a2{ip: 10.1.0.15, host: fv-az194-567.vahfjs35atkulmpwh5ujf4txfe.jx.internal.cloudapp.net, ports: [REPLICATION=44627, RATIS=44705, RATIS_ADMIN=44705, RATIS_SERVER=44705, STANDALONE=46361], networkLocation: /default-rack, certSerialId: null, persistedOpState: null, persistedOpStateExpiryEpochSec: 0}17ea812a-a858-40de-b252-af3db1058d73{ip: 10.1.0.15, host: fv-az194-567.vahfjs35atkulmpwh5ujf4txfe.jx.internal.cloudapp.net, ports: [REPLICATION=35519, RATIS=45467, RATIS_ADMIN=45467, RATIS_SERVER=45467, STANDALONE=43219], networkLocation: /default-rack, certSerialId: null, persistedOpState: null, persistedOpStateExpiryEpochSec: 0}d57b37be-f0fe-43c7-a820-540586909dc7{ip: 10.1.0.15, host: fv-az194-567.vahfjs35atkulmpwh5ujf4txfe.jx.internal.cloudapp.net, ports: [REPLICATION=45065, RATIS=46147, RATIS_ADMIN=46147, RATIS_SERVER=46147, STANDALONE=43085], networkLocation: /default-rack, certSerialId: null, persistedOpState: null, persistedOpStateExpiryEpochSec: 0}180d6f1c-5c2b-4c1e-a1bc-902f2625267f{ip: 10.1.0.15, host: fv-az194-567.vahfjs35atkulmpwh5ujf4txfe.jx.internal.cloudapp.net, ports: [REPLICATION=38031, RATIS=38173, RATIS_ADMIN=38173, RATIS_SERVER=38173, STANDALONE=34193], networkLocation: /default-rack, certSerialId: null, persistedOpState: null, persistedOpStateExpiryEpochSec: 0}da1def5c-cec2-4abd-8fe1-fa8043868437{ip: 10.1.0.15, host: fv-az194-567.vahfjs35atkulmpwh5ujf4txfe.jx.internal.cloudapp.net, ports: [REPLICATION=42435, RATIS=45839, RATIS_ADMIN=45839, RATIS_SERVER=45839, STANDALONE=42299], networkLocation: /default-rack, certSerialId: null, persistedOpState: null, persistedOpStateExpiryEpochSec: 0}, ReplicationConfig: EC/ECReplicationConfig{data=3, parity=2, ecChunkSize=1048576, codec=rs}, State:ALLOCATED, leaderId:, CreationTimestamp2022-06-21T13:54:07.985Z[Etc/UTC]] moved to OPEN state
]]></system-out>
  </testcase>
  <testcase name="testCreateKeyShouldUseRefreshedBucketReplicationConfig" classname="TestOzoneFileSystem" time="0.645">
    <system-out><![CDATA[2022-06-21 13:55:20,654 [Time-limited test] INFO  rpc.RpcClient (RpcClient.java:createVolume(466)) - Creating Volume: volume17630, with user52830 as owner and space quota set to -1 bytes, counts quota set to -1
2022-06-21 13:55:20,656 [OM StateMachine ApplyTransaction Thread - 0] INFO  volume.OMVolumeCreateRequest (OMVolumeCreateRequest.java:validateAndUpdateCache(195)) - created volume:volume17630 for user:user52830
2022-06-21 13:55:20,668 [Time-limited test] INFO  rpc.RpcClient (RpcClient.java:createBucket(666)) - Creating Bucket: volume17630/bucket32761, with the Bucket Layout LEGACY, runner as owner, Versioning false, Storage Type set to DISK and Encryption set to false 
2022-06-21 13:55:20,675 [OM StateMachine ApplyTransaction Thread - 0] INFO  bucket.OMBucketCreateRequest (OMBucketCreateRequest.java:validateAndUpdateCache(260)) - created bucket: bucket32761 of layout LEGACY in volume: volume17630
2022-06-21 13:55:20,854 [IPC Server handler 7 on default port 43453] INFO  pipeline.PipelineStateManagerImpl (PipelineStateManagerImpl.java:addPipeline(101)) - Created pipeline Pipeline[ Id: dff6f8d4-9d65-46e9-a4a9-b242425838ba, Nodes: 6348a8bb-f743-4f3c-b062-6091d580fb19{ip: 10.1.0.15, host: fv-az194-567.vahfjs35atkulmpwh5ujf4txfe.jx.internal.cloudapp.net, ports: [REPLICATION=40781, RATIS=33579, RATIS_ADMIN=33579, RATIS_SERVER=33579, STANDALONE=34519], networkLocation: /default-rack, certSerialId: null, persistedOpState: null, persistedOpStateExpiryEpochSec: 0}c45c8671-7070-4be0-aa13-1f2d6b7a9218{ip: 10.1.0.15, host: fv-az194-567.vahfjs35atkulmpwh5ujf4txfe.jx.internal.cloudapp.net, ports: [REPLICATION=36691, RATIS=39709, RATIS_ADMIN=39709, RATIS_SERVER=39709, STANDALONE=35267], networkLocation: /default-rack, certSerialId: null, persistedOpState: null, persistedOpStateExpiryEpochSec: 0}6f924676-de29-4bda-9abe-50e624e9409e{ip: 10.1.0.15, host: fv-az194-567.vahfjs35atkulmpwh5ujf4txfe.jx.internal.cloudapp.net, ports: [REPLICATION=39601, RATIS=35717, RATIS_ADMIN=35717, RATIS_SERVER=35717, STANDALONE=35283], networkLocation: /default-rack, certSerialId: null, persistedOpState: null, persistedOpStateExpiryEpochSec: 0}e8a5f4c1-362e-4bfa-a43a-3b00239108a9{ip: 10.1.0.15, host: fv-az194-567.vahfjs35atkulmpwh5ujf4txfe.jx.internal.cloudapp.net, ports: [REPLICATION=36063, RATIS=43683, RATIS_ADMIN=43683, RATIS_SERVER=43683, STANDALONE=43593], networkLocation: /default-rack, certSerialId: null, persistedOpState: null, persistedOpStateExpiryEpochSec: 0}3f2f5716-e318-4c9d-8cf6-ca563bbe3eeb{ip: 10.1.0.15, host: fv-az194-567.vahfjs35atkulmpwh5ujf4txfe.jx.internal.cloudapp.net, ports: [REPLICATION=36603, RATIS=41473, RATIS_ADMIN=41473, RATIS_SERVER=41473, STANDALONE=33845], networkLocation: /default-rack, certSerialId: null, persistedOpState: null, persistedOpStateExpiryEpochSec: 0}, ReplicationConfig: EC/ECReplicationConfig{data=3, parity=2, ecChunkSize=1048576, codec=rs}, State:ALLOCATED, leaderId:, CreationTimestamp2022-06-21T13:55:20.854Z[Etc/UTC]].
2022-06-21 13:55:20,855 [IPC Server handler 7 on default port 43453] INFO  pipeline.PipelineManagerImpl (PipelineManagerImpl.java:openPipeline(356)) - Pipeline Pipeline[ Id: dff6f8d4-9d65-46e9-a4a9-b242425838ba, Nodes: 6348a8bb-f743-4f3c-b062-6091d580fb19{ip: 10.1.0.15, host: fv-az194-567.vahfjs35atkulmpwh5ujf4txfe.jx.internal.cloudapp.net, ports: [REPLICATION=40781, RATIS=33579, RATIS_ADMIN=33579, RATIS_SERVER=33579, STANDALONE=34519], networkLocation: /default-rack, certSerialId: null, persistedOpState: null, persistedOpStateExpiryEpochSec: 0}c45c8671-7070-4be0-aa13-1f2d6b7a9218{ip: 10.1.0.15, host: fv-az194-567.vahfjs35atkulmpwh5ujf4txfe.jx.internal.cloudapp.net, ports: [REPLICATION=36691, RATIS=39709, RATIS_ADMIN=39709, RATIS_SERVER=39709, STANDALONE=35267], networkLocation: /default-rack, certSerialId: null, persistedOpState: null, persistedOpStateExpiryEpochSec: 0}6f924676-de29-4bda-9abe-50e624e9409e{ip: 10.1.0.15, host: fv-az194-567.vahfjs35atkulmpwh5ujf4txfe.jx.internal.cloudapp.net, ports: [REPLICATION=39601, RATIS=35717, RATIS_ADMIN=35717, RATIS_SERVER=35717, STANDALONE=35283], networkLocation: /default-rack, certSerialId: null, persistedOpState: null, persistedOpStateExpiryEpochSec: 0}e8a5f4c1-362e-4bfa-a43a-3b00239108a9{ip: 10.1.0.15, host: fv-az194-567.vahfjs35atkulmpwh5ujf4txfe.jx.internal.cloudapp.net, ports: [REPLICATION=36063, RATIS=43683, RATIS_ADMIN=43683, RATIS_SERVER=43683, STANDALONE=43593], networkLocation: /default-rack, certSerialId: null, persistedOpState: null, persistedOpStateExpiryEpochSec: 0}3f2f5716-e318-4c9d-8cf6-ca563bbe3eeb{ip: 10.1.0.15, host: fv-az194-567.vahfjs35atkulmpwh5ujf4txfe.jx.internal.cloudapp.net, ports: [REPLICATION=36603, RATIS=41473, RATIS_ADMIN=41473, RATIS_SERVER=41473, STANDALONE=33845], networkLocation: /default-rack, certSerialId: null, persistedOpState: null, persistedOpStateExpiryEpochSec: 0}, ReplicationConfig: EC/ECReplicationConfig{data=3, parity=2, ecChunkSize=1048576, codec=rs}, State:ALLOCATED, leaderId:, CreationTimestamp2022-06-21T13:55:20.854Z[Etc/UTC]] moved to OPEN state
2022-06-21 13:55:20,950 [IPC Server handler 1 on default port 43453] INFO  pipeline.PipelineStateManagerImpl (PipelineStateManagerImpl.java:addPipeline(101)) - Created pipeline Pipeline[ Id: 0c084511-81ec-4d92-8b93-4b6680288305, Nodes: c45c8671-7070-4be0-aa13-1f2d6b7a9218{ip: 10.1.0.15, host: fv-az194-567.vahfjs35atkulmpwh5ujf4txfe.jx.internal.cloudapp.net, ports: [REPLICATION=36691, RATIS=39709, RATIS_ADMIN=39709, RATIS_SERVER=39709, STANDALONE=35267], networkLocation: /default-rack, certSerialId: null, persistedOpState: null, persistedOpStateExpiryEpochSec: 0}e8a5f4c1-362e-4bfa-a43a-3b00239108a9{ip: 10.1.0.15, host: fv-az194-567.vahfjs35atkulmpwh5ujf4txfe.jx.internal.cloudapp.net, ports: [REPLICATION=36063, RATIS=43683, RATIS_ADMIN=43683, RATIS_SERVER=43683, STANDALONE=43593], networkLocation: /default-rack, certSerialId: null, persistedOpState: null, persistedOpStateExpiryEpochSec: 0}6348a8bb-f743-4f3c-b062-6091d580fb19{ip: 10.1.0.15, host: fv-az194-567.vahfjs35atkulmpwh5ujf4txfe.jx.internal.cloudapp.net, ports: [REPLICATION=40781, RATIS=33579, RATIS_ADMIN=33579, RATIS_SERVER=33579, STANDALONE=34519], networkLocation: /default-rack, certSerialId: null, persistedOpState: null, persistedOpStateExpiryEpochSec: 0}6f924676-de29-4bda-9abe-50e624e9409e{ip: 10.1.0.15, host: fv-az194-567.vahfjs35atkulmpwh5ujf4txfe.jx.internal.cloudapp.net, ports: [REPLICATION=39601, RATIS=35717, RATIS_ADMIN=35717, RATIS_SERVER=35717, STANDALONE=35283], networkLocation: /default-rack, certSerialId: null, persistedOpState: null, persistedOpStateExpiryEpochSec: 0}3f2f5716-e318-4c9d-8cf6-ca563bbe3eeb{ip: 10.1.0.15, host: fv-az194-567.vahfjs35atkulmpwh5ujf4txfe.jx.internal.cloudapp.net, ports: [REPLICATION=36603, RATIS=41473, RATIS_ADMIN=41473, RATIS_SERVER=41473, STANDALONE=33845], networkLocation: /default-rack, certSerialId: null, persistedOpState: null, persistedOpStateExpiryEpochSec: 0}, ReplicationConfig: EC/ECReplicationConfig{data=3, parity=2, ecChunkSize=1048576, codec=rs}, State:ALLOCATED, leaderId:, CreationTimestamp2022-06-21T13:55:20.948Z[Etc/UTC]].
2022-06-21 13:55:20,952 [IPC Server handler 1 on default port 43453] INFO  pipeline.PipelineManagerImpl (PipelineManagerImpl.java:openPipeline(356)) - Pipeline Pipeline[ Id: 0c084511-81ec-4d92-8b93-4b6680288305, Nodes: c45c8671-7070-4be0-aa13-1f2d6b7a9218{ip: 10.1.0.15, host: fv-az194-567.vahfjs35atkulmpwh5ujf4txfe.jx.internal.cloudapp.net, ports: [REPLICATION=36691, RATIS=39709, RATIS_ADMIN=39709, RATIS_SERVER=39709, STANDALONE=35267], networkLocation: /default-rack, certSerialId: null, persistedOpState: null, persistedOpStateExpiryEpochSec: 0}e8a5f4c1-362e-4bfa-a43a-3b00239108a9{ip: 10.1.0.15, host: fv-az194-567.vahfjs35atkulmpwh5ujf4txfe.jx.internal.cloudapp.net, ports: [REPLICATION=36063, RATIS=43683, RATIS_ADMIN=43683, RATIS_SERVER=43683, STANDALONE=43593], networkLocation: /default-rack, certSerialId: null, persistedOpState: null, persistedOpStateExpiryEpochSec: 0}6348a8bb-f743-4f3c-b062-6091d580fb19{ip: 10.1.0.15, host: fv-az194-567.vahfjs35atkulmpwh5ujf4txfe.jx.internal.cloudapp.net, ports: [REPLICATION=40781, RATIS=33579, RATIS_ADMIN=33579, RATIS_SERVER=33579, STANDALONE=34519], networkLocation: /default-rack, certSerialId: null, persistedOpState: null, persistedOpStateExpiryEpochSec: 0}6f924676-de29-4bda-9abe-50e624e9409e{ip: 10.1.0.15, host: fv-az194-567.vahfjs35atkulmpwh5ujf4txfe.jx.internal.cloudapp.net, ports: [REPLICATION=39601, RATIS=35717, RATIS_ADMIN=35717, RATIS_SERVER=35717, STANDALONE=35283], networkLocation: /default-rack, certSerialId: null, persistedOpState: null, persistedOpStateExpiryEpochSec: 0}3f2f5716-e318-4c9d-8cf6-ca563bbe3eeb{ip: 10.1.0.15, host: fv-az194-567.vahfjs35atkulmpwh5ujf4txfe.jx.internal.cloudapp.net, ports: [REPLICATION=36603, RATIS=41473, RATIS_ADMIN=41473, RATIS_SERVER=41473, STANDALONE=33845], networkLocation: /default-rack, certSerialId: null, persistedOpState: null, persistedOpStateExpiryEpochSec: 0}, ReplicationConfig: EC/ECReplicationConfig{data=3, parity=2, ecChunkSize=1048576, codec=rs}, State:ALLOCATED, leaderId:, CreationTimestamp2022-06-21T13:55:20.948Z[Etc/UTC]] moved to OPEN state
]]></system-out>
  </testcase>
  <testcase name="testCreateKeyShouldUseRefreshedBucketReplicationConfig" classname="TestOzoneFileSystem" time="0.636">
    <system-out><![CDATA[2022-06-21 13:56:34,410 [Time-limited test] INFO  rpc.RpcClient (RpcClient.java:createVolume(466)) - Creating Volume: volume44205, with user03514 as owner and space quota set to -1 bytes, counts quota set to -1
2022-06-21 13:56:34,411 [IPC Server handler 0 on default port 33745] INFO  volume.OMVolumeCreateRequest (OMVolumeCreateRequest.java:validateAndUpdateCache(195)) - created volume:volume44205 for user:user03514
2022-06-21 13:56:34,456 [Time-limited test] INFO  rpc.RpcClient (RpcClient.java:createBucket(666)) - Creating Bucket: volume44205/bucket07169, with the Bucket Layout LEGACY, runner as owner, Versioning false, Storage Type set to DISK and Encryption set to false 
2022-06-21 13:56:34,457 [IPC Server handler 7 on default port 33745] INFO  bucket.OMBucketCreateRequest (OMBucketCreateRequest.java:validateAndUpdateCache(260)) - created bucket: bucket07169 of layout LEGACY in volume: volume44205
2022-06-21 13:56:34,571 [IPC Server handler 18 on default port 37803] INFO  pipeline.PipelineStateManagerImpl (PipelineStateManagerImpl.java:addPipeline(101)) - Created pipeline Pipeline[ Id: a3c49a3f-fb40-407b-8d2e-c2b7feca58dd, Nodes: 661906f5-178f-45a1-86e2-0540bf739913{ip: 10.1.0.15, host: fv-az194-567.vahfjs35atkulmpwh5ujf4txfe.jx.internal.cloudapp.net, ports: [REPLICATION=45169, RATIS=44467, RATIS_ADMIN=44467, RATIS_SERVER=44467, STANDALONE=45555], networkLocation: /default-rack, certSerialId: null, persistedOpState: null, persistedOpStateExpiryEpochSec: 0}46e1d9a7-823e-4b9e-8490-f50260fc9351{ip: 10.1.0.15, host: fv-az194-567.vahfjs35atkulmpwh5ujf4txfe.jx.internal.cloudapp.net, ports: [REPLICATION=42401, RATIS=39213, RATIS_ADMIN=39213, RATIS_SERVER=39213, STANDALONE=38865], networkLocation: /default-rack, certSerialId: null, persistedOpState: null, persistedOpStateExpiryEpochSec: 0}685a43de-7e91-4998-9405-9025234a1f5a{ip: 10.1.0.15, host: fv-az194-567.vahfjs35atkulmpwh5ujf4txfe.jx.internal.cloudapp.net, ports: [REPLICATION=44151, RATIS=34695, RATIS_ADMIN=34695, RATIS_SERVER=34695, STANDALONE=41919], networkLocation: /default-rack, certSerialId: null, persistedOpState: null, persistedOpStateExpiryEpochSec: 0}7ed761f3-2892-425f-b708-b7f52bea56b6{ip: 10.1.0.15, host: fv-az194-567.vahfjs35atkulmpwh5ujf4txfe.jx.internal.cloudapp.net, ports: [REPLICATION=43795, RATIS=37391, RATIS_ADMIN=37391, RATIS_SERVER=37391, STANDALONE=32819], networkLocation: /default-rack, certSerialId: null, persistedOpState: null, persistedOpStateExpiryEpochSec: 0}0c36eeb7-8db8-48cb-9437-34913146bd8b{ip: 10.1.0.15, host: fv-az194-567.vahfjs35atkulmpwh5ujf4txfe.jx.internal.cloudapp.net, ports: [REPLICATION=43987, RATIS=38615, RATIS_ADMIN=38615, RATIS_SERVER=38615, STANDALONE=44209], networkLocation: /default-rack, certSerialId: null, persistedOpState: null, persistedOpStateExpiryEpochSec: 0}, ReplicationConfig: EC/ECReplicationConfig{data=3, parity=2, ecChunkSize=1048576, codec=rs}, State:ALLOCATED, leaderId:, CreationTimestamp2022-06-21T13:56:34.571Z[Etc/UTC]].
2022-06-21 13:56:34,572 [IPC Server handler 18 on default port 37803] INFO  pipeline.PipelineManagerImpl (PipelineManagerImpl.java:openPipeline(356)) - Pipeline Pipeline[ Id: a3c49a3f-fb40-407b-8d2e-c2b7feca58dd, Nodes: 661906f5-178f-45a1-86e2-0540bf739913{ip: 10.1.0.15, host: fv-az194-567.vahfjs35atkulmpwh5ujf4txfe.jx.internal.cloudapp.net, ports: [REPLICATION=45169, RATIS=44467, RATIS_ADMIN=44467, RATIS_SERVER=44467, STANDALONE=45555], networkLocation: /default-rack, certSerialId: null, persistedOpState: null, persistedOpStateExpiryEpochSec: 0}46e1d9a7-823e-4b9e-8490-f50260fc9351{ip: 10.1.0.15, host: fv-az194-567.vahfjs35atkulmpwh5ujf4txfe.jx.internal.cloudapp.net, ports: [REPLICATION=42401, RATIS=39213, RATIS_ADMIN=39213, RATIS_SERVER=39213, STANDALONE=38865], networkLocation: /default-rack, certSerialId: null, persistedOpState: null, persistedOpStateExpiryEpochSec: 0}685a43de-7e91-4998-9405-9025234a1f5a{ip: 10.1.0.15, host: fv-az194-567.vahfjs35atkulmpwh5ujf4txfe.jx.internal.cloudapp.net, ports: [REPLICATION=44151, RATIS=34695, RATIS_ADMIN=34695, RATIS_SERVER=34695, STANDALONE=41919], networkLocation: /default-rack, certSerialId: null, persistedOpState: null, persistedOpStateExpiryEpochSec: 0}7ed761f3-2892-425f-b708-b7f52bea56b6{ip: 10.1.0.15, host: fv-az194-567.vahfjs35atkulmpwh5ujf4txfe.jx.internal.cloudapp.net, ports: [REPLICATION=43795, RATIS=37391, RATIS_ADMIN=37391, RATIS_SERVER=37391, STANDALONE=32819], networkLocation: /default-rack, certSerialId: null, persistedOpState: null, persistedOpStateExpiryEpochSec: 0}0c36eeb7-8db8-48cb-9437-34913146bd8b{ip: 10.1.0.15, host: fv-az194-567.vahfjs35atkulmpwh5ujf4txfe.jx.internal.cloudapp.net, ports: [REPLICATION=43987, RATIS=38615, RATIS_ADMIN=38615, RATIS_SERVER=38615, STANDALONE=44209], networkLocation: /default-rack, certSerialId: null, persistedOpState: null, persistedOpStateExpiryEpochSec: 0}, ReplicationConfig: EC/ECReplicationConfig{data=3, parity=2, ecChunkSize=1048576, codec=rs}, State:ALLOCATED, leaderId:, CreationTimestamp2022-06-21T13:56:34.571Z[Etc/UTC]] moved to OPEN state
2022-06-21 13:56:34,663 [IPC Server handler 8 on default port 37803] INFO  pipeline.PipelineStateManagerImpl (PipelineStateManagerImpl.java:addPipeline(101)) - Created pipeline Pipeline[ Id: 6e160a54-684d-40c8-b8db-b35f1002cc1b, Nodes: 0c36eeb7-8db8-48cb-9437-34913146bd8b{ip: 10.1.0.15, host: fv-az194-567.vahfjs35atkulmpwh5ujf4txfe.jx.internal.cloudapp.net, ports: [REPLICATION=43987, RATIS=38615, RATIS_ADMIN=38615, RATIS_SERVER=38615, STANDALONE=44209], networkLocation: /default-rack, certSerialId: null, persistedOpState: null, persistedOpStateExpiryEpochSec: 0}685a43de-7e91-4998-9405-9025234a1f5a{ip: 10.1.0.15, host: fv-az194-567.vahfjs35atkulmpwh5ujf4txfe.jx.internal.cloudapp.net, ports: [REPLICATION=44151, RATIS=34695, RATIS_ADMIN=34695, RATIS_SERVER=34695, STANDALONE=41919], networkLocation: /default-rack, certSerialId: null, persistedOpState: null, persistedOpStateExpiryEpochSec: 0}7ed761f3-2892-425f-b708-b7f52bea56b6{ip: 10.1.0.15, host: fv-az194-567.vahfjs35atkulmpwh5ujf4txfe.jx.internal.cloudapp.net, ports: [REPLICATION=43795, RATIS=37391, RATIS_ADMIN=37391, RATIS_SERVER=37391, STANDALONE=32819], networkLocation: /default-rack, certSerialId: null, persistedOpState: null, persistedOpStateExpiryEpochSec: 0}661906f5-178f-45a1-86e2-0540bf739913{ip: 10.1.0.15, host: fv-az194-567.vahfjs35atkulmpwh5ujf4txfe.jx.internal.cloudapp.net, ports: [REPLICATION=45169, RATIS=44467, RATIS_ADMIN=44467, RATIS_SERVER=44467, STANDALONE=45555], networkLocation: /default-rack, certSerialId: null, persistedOpState: null, persistedOpStateExpiryEpochSec: 0}46e1d9a7-823e-4b9e-8490-f50260fc9351{ip: 10.1.0.15, host: fv-az194-567.vahfjs35atkulmpwh5ujf4txfe.jx.internal.cloudapp.net, ports: [REPLICATION=42401, RATIS=39213, RATIS_ADMIN=39213, RATIS_SERVER=39213, STANDALONE=38865], networkLocation: /default-rack, certSerialId: null, persistedOpState: null, persistedOpStateExpiryEpochSec: 0}, ReplicationConfig: EC/ECReplicationConfig{data=3, parity=2, ecChunkSize=1048576, codec=rs}, State:ALLOCATED, leaderId:, CreationTimestamp2022-06-21T13:56:34.663Z[Etc/UTC]].
2022-06-21 13:56:34,664 [IPC Server handler 8 on default port 37803] INFO  pipeline.PipelineManagerImpl (PipelineManagerImpl.java:openPipeline(356)) - Pipeline Pipeline[ Id: 6e160a54-684d-40c8-b8db-b35f1002cc1b, Nodes: 0c36eeb7-8db8-48cb-9437-34913146bd8b{ip: 10.1.0.15, host: fv-az194-567.vahfjs35atkulmpwh5ujf4txfe.jx.internal.cloudapp.net, ports: [REPLICATION=43987, RATIS=38615, RATIS_ADMIN=38615, RATIS_SERVER=38615, STANDALONE=44209], networkLocation: /default-rack, certSerialId: null, persistedOpState: null, persistedOpStateExpiryEpochSec: 0}685a43de-7e91-4998-9405-9025234a1f5a{ip: 10.1.0.15, host: fv-az194-567.vahfjs35atkulmpwh5ujf4txfe.jx.internal.cloudapp.net, ports: [REPLICATION=44151, RATIS=34695, RATIS_ADMIN=34695, RATIS_SERVER=34695, STANDALONE=41919], networkLocation: /default-rack, certSerialId: null, persistedOpState: null, persistedOpStateExpiryEpochSec: 0}7ed761f3-2892-425f-b708-b7f52bea56b6{ip: 10.1.0.15, host: fv-az194-567.vahfjs35atkulmpwh5ujf4txfe.jx.internal.cloudapp.net, ports: [REPLICATION=43795, RATIS=37391, RATIS_ADMIN=37391, RATIS_SERVER=37391, STANDALONE=32819], networkLocation: /default-rack, certSerialId: null, persistedOpState: null, persistedOpStateExpiryEpochSec: 0}661906f5-178f-45a1-86e2-0540bf739913{ip: 10.1.0.15, host: fv-az194-567.vahfjs35atkulmpwh5ujf4txfe.jx.internal.cloudapp.net, ports: [REPLICATION=45169, RATIS=44467, RATIS_ADMIN=44467, RATIS_SERVER=44467, STANDALONE=45555], networkLocation: /default-rack, certSerialId: null, persistedOpState: null, persistedOpStateExpiryEpochSec: 0}46e1d9a7-823e-4b9e-8490-f50260fc9351{ip: 10.1.0.15, host: fv-az194-567.vahfjs35atkulmpwh5ujf4txfe.jx.internal.cloudapp.net, ports: [REPLICATION=42401, RATIS=39213, RATIS_ADMIN=39213, RATIS_SERVER=39213, STANDALONE=38865], networkLocation: /default-rack, certSerialId: null, persistedOpState: null, persistedOpStateExpiryEpochSec: 0}, ReplicationConfig: EC/ECReplicationConfig{data=3, parity=2, ecChunkSize=1048576, codec=rs}, State:ALLOCATED, leaderId:, CreationTimestamp2022-06-21T13:56:34.663Z[Etc/UTC]] moved to OPEN state
]]></system-out>
  </testcase>
  <testcase name="testRenameDirToFile" classname="TestOzoneFileSystem" time="0.034">
    <system-out><![CDATA[2022-06-21 13:53:03,473 [Time-limited test] WARN  ozone.BasicOzoneFileSystem (BasicOzoneFileSystem.java:rename(396)) - Failed to rename o3fs://bucket92495.volume19882/a/b/c to o3fs://bucket92495.volume19882/root/file1, file already exists!
]]></system-out>
  </testcase>
  <testcase name="testRenameDirToFile" classname="TestOzoneFileSystem" time="0.047">
    <system-out><![CDATA[2022-06-21 13:54:08,060 [Time-limited test] WARN  ozone.BasicOzoneFileSystem (BasicOzoneFileSystem.java:rename(396)) - Failed to rename o3fs://bucket16378.volume69434/a/b/c to o3fs://bucket16378.volume69434/root/file1, file already exists!
]]></system-out>
  </testcase>
  <testcase name="testRenameDirToFile" classname="TestOzoneFileSystem" time="0.061">
    <system-out><![CDATA[2022-06-21 13:55:21,116 [Time-limited test] WARN  ozone.BasicOzoneFileSystem (BasicOzoneFileSystem.java:rename(396)) - Failed to rename o3fs://bucket67715.volume68340/a/b/c to o3fs://bucket67715.volume68340/root/file1, file already exists!
]]></system-out>
  </testcase>
  <testcase name="testRenameDirToFile" classname="TestOzoneFileSystem" time="0.029">
    <system-out><![CDATA[2022-06-21 13:56:34,776 [Time-limited test] WARN  ozone.BasicOzoneFileSystem (BasicOzoneFileSystem.java:rename(396)) - Failed to rename o3fs://bucket78784.volume37829/a/b/c to o3fs://bucket78784.volume37829/root/file1, file already exists!
]]></system-out>
  </testcase>
  <testcase name="testRenameToNewSubDirShouldNotExist" classname="TestOzoneFileSystem" time="0.043">
    <system-out><![CDATA[2022-06-21 13:53:03,503 [Time-limited test] WARN  ozone.BasicOzoneFileSystem (BasicOzoneFileSystem.java:rename(390)) - Failed to rename o3fs://bucket92495.volume19882/a to o3fs://bucket92495.volume19882/b/a, file already exists or not empty!
2022-06-21 13:53:03,519 [Time-limited test] WARN  ozone.BasicOzoneFileSystem (BasicOzoneFileSystem.java:rename(390)) - Failed to rename o3fs://bucket92495.volume19882/file1 to o3fs://bucket92495.volume19882/a/file1, file already exists or not empty!
]]></system-out>
  </testcase>
  <testcase name="testRenameToNewSubDirShouldNotExist" classname="TestOzoneFileSystem" time="0.026">
    <system-out><![CDATA[2022-06-21 13:54:08,093 [Time-limited test] WARN  ozone.BasicOzoneFileSystem (BasicOzoneFileSystem.java:rename(390)) - Failed to rename o3fs://bucket16378.volume69434/a to o3fs://bucket16378.volume69434/b/a, file already exists or not empty!
2022-06-21 13:54:08,102 [Time-limited test] WARN  ozone.BasicOzoneFileSystem (BasicOzoneFileSystem.java:rename(390)) - Failed to rename o3fs://bucket16378.volume69434/file1 to o3fs://bucket16378.volume69434/a/file1, file already exists or not empty!
]]></system-out>
  </testcase>
  <testcase name="testRenameToNewSubDirShouldNotExist" classname="TestOzoneFileSystem" time="0.058">
    <system-out><![CDATA[2022-06-21 13:55:21,171 [Time-limited test] WARN  ozone.BasicOzoneFileSystem (BasicOzoneFileSystem.java:rename(390)) - Failed to rename o3fs://bucket67715.volume68340/a to o3fs://bucket67715.volume68340/b/a, file already exists or not empty!
2022-06-21 13:55:21,204 [Time-limited test] WARN  ozone.BasicOzoneFileSystem (BasicOzoneFileSystem.java:rename(390)) - Failed to rename o3fs://bucket67715.volume68340/file1 to o3fs://bucket67715.volume68340/a/file1, file already exists or not empty!
]]></system-out>
  </testcase>
  <testcase name="testRenameToNewSubDirShouldNotExist" classname="TestOzoneFileSystem" time="0.092">
    <system-out><![CDATA[2022-06-21 13:56:34,833 [Time-limited test] WARN  ozone.BasicOzoneFileSystem (BasicOzoneFileSystem.java:rename(390)) - Failed to rename o3fs://bucket78784.volume37829/a to o3fs://bucket78784.volume37829/b/a, file already exists or not empty!
2022-06-21 13:56:34,841 [Time-limited test] WARN  ozone.BasicOzoneFileSystem (BasicOzoneFileSystem.java:rename(390)) - Failed to rename o3fs://bucket78784.volume37829/file1 to o3fs://bucket78784.volume37829/a/file1, file already exists or not empty!
]]></system-out>
  </testcase>
  <testcase name="testListStatusOnLargeDirectoryForACLCheck" classname="TestOzoneFileSystem" time="3.381"/>
  <testcase name="testListStatusOnLargeDirectoryForACLCheck" classname="TestOzoneFileSystem" time="1.76">
    <system-out><![CDATA[2022-06-21 13:54:09,315 [d57b37be-f0fe-43c7-a820-540586909dc7@group-A3DC51EC3215-FollowerState] INFO  impl.FollowerState (FollowerState.java:run(143)) - d57b37be-f0fe-43c7-a820-540586909dc7@group-A3DC51EC3215-FollowerState: change to CANDIDATE, lastRpcElapsedTime:5087500222ns, electionTimeout:5073ms
2022-06-21 13:54:09,317 [d57b37be-f0fe-43c7-a820-540586909dc7@group-A3DC51EC3215-FollowerState] INFO  impl.RoleInfo (RoleInfo.java:shutdownFollowerState(110)) - d57b37be-f0fe-43c7-a820-540586909dc7: shutdown d57b37be-f0fe-43c7-a820-540586909dc7@group-A3DC51EC3215-FollowerState
2022-06-21 13:54:09,317 [d57b37be-f0fe-43c7-a820-540586909dc7@group-A3DC51EC3215-FollowerState] INFO  server.RaftServer$Division (RaftServerImpl.java:setRole(299)) - d57b37be-f0fe-43c7-a820-540586909dc7@group-A3DC51EC3215: changes role from  FOLLOWER to CANDIDATE at term 3 for changeToCandidate
2022-06-21 13:54:09,317 [d57b37be-f0fe-43c7-a820-540586909dc7@group-A3DC51EC3215-FollowerState] INFO  server.RaftServerConfigKeys (ConfUtils.java:logGet(46)) - raft.server.leaderelection.pre-vote = false (custom)
2022-06-21 13:54:09,317 [d57b37be-f0fe-43c7-a820-540586909dc7@group-A3DC51EC3215-FollowerState] INFO  impl.RoleInfo (RoleInfo.java:updateAndGet(139)) - d57b37be-f0fe-43c7-a820-540586909dc7: start d57b37be-f0fe-43c7-a820-540586909dc7@group-A3DC51EC3215-LeaderElection22
2022-06-21 13:54:09,337 [81fc78bc-3d93-43eb-a149-ca8877d229a2@group-A3DC51EC3215-FollowerState] INFO  impl.FollowerState (FollowerState.java:run(143)) - 81fc78bc-3d93-43eb-a149-ca8877d229a2@group-A3DC51EC3215-FollowerState: change to CANDIDATE, lastRpcElapsedTime:5091614493ns, electionTimeout:5054ms
2022-06-21 13:54:09,337 [81fc78bc-3d93-43eb-a149-ca8877d229a2@group-A3DC51EC3215-FollowerState] INFO  impl.RoleInfo (RoleInfo.java:shutdownFollowerState(110)) - 81fc78bc-3d93-43eb-a149-ca8877d229a2: shutdown 81fc78bc-3d93-43eb-a149-ca8877d229a2@group-A3DC51EC3215-FollowerState
2022-06-21 13:54:09,337 [81fc78bc-3d93-43eb-a149-ca8877d229a2@group-A3DC51EC3215-FollowerState] INFO  server.RaftServer$Division (RaftServerImpl.java:setRole(299)) - 81fc78bc-3d93-43eb-a149-ca8877d229a2@group-A3DC51EC3215: changes role from  FOLLOWER to CANDIDATE at term 3 for changeToCandidate
2022-06-21 13:54:09,337 [81fc78bc-3d93-43eb-a149-ca8877d229a2@group-A3DC51EC3215-FollowerState] INFO  server.RaftServerConfigKeys (ConfUtils.java:logGet(46)) - raft.server.leaderelection.pre-vote = false (custom)
2022-06-21 13:54:09,337 [81fc78bc-3d93-43eb-a149-ca8877d229a2@group-A3DC51EC3215-FollowerState] INFO  impl.RoleInfo (RoleInfo.java:updateAndGet(139)) - 81fc78bc-3d93-43eb-a149-ca8877d229a2: start 81fc78bc-3d93-43eb-a149-ca8877d229a2@group-A3DC51EC3215-LeaderElection23
2022-06-21 13:54:09,352 [d57b37be-f0fe-43c7-a820-540586909dc7@group-A3DC51EC3215-LeaderElection22] INFO  impl.LeaderElection (LeaderElection.java:askForVotes(310)) - d57b37be-f0fe-43c7-a820-540586909dc7@group-A3DC51EC3215-LeaderElection22 ELECTION round 0: submit vote requests at term 4 for -1: [d57b37be-f0fe-43c7-a820-540586909dc7|rpc:10.1.0.15:46147|dataStream:|priority:1, da1def5c-cec2-4abd-8fe1-fa8043868437|rpc:10.1.0.15:45839|dataStream:|priority:0, 81fc78bc-3d93-43eb-a149-ca8877d229a2|rpc:10.1.0.15:44705|dataStream:|priority:0], old=null
2022-06-21 13:54:09,367 [da1def5c-cec2-4abd-8fe1-fa8043868437@group-A3DC51EC3215-FollowerState] INFO  impl.FollowerState (FollowerState.java:run(143)) - da1def5c-cec2-4abd-8fe1-fa8043868437@group-A3DC51EC3215-FollowerState: change to CANDIDATE, lastRpcElapsedTime:5072486705ns, electionTimeout:5056ms
2022-06-21 13:54:09,367 [da1def5c-cec2-4abd-8fe1-fa8043868437@group-A3DC51EC3215-FollowerState] INFO  impl.RoleInfo (RoleInfo.java:shutdownFollowerState(110)) - da1def5c-cec2-4abd-8fe1-fa8043868437: shutdown da1def5c-cec2-4abd-8fe1-fa8043868437@group-A3DC51EC3215-FollowerState
2022-06-21 13:54:09,367 [da1def5c-cec2-4abd-8fe1-fa8043868437@group-A3DC51EC3215-FollowerState] INFO  server.RaftServer$Division (RaftServerImpl.java:setRole(299)) - da1def5c-cec2-4abd-8fe1-fa8043868437@group-A3DC51EC3215: changes role from  FOLLOWER to CANDIDATE at term 3 for changeToCandidate
2022-06-21 13:54:09,367 [da1def5c-cec2-4abd-8fe1-fa8043868437@group-A3DC51EC3215-FollowerState] INFO  server.RaftServerConfigKeys (ConfUtils.java:logGet(46)) - raft.server.leaderelection.pre-vote = false (custom)
2022-06-21 13:54:09,367 [da1def5c-cec2-4abd-8fe1-fa8043868437@group-A3DC51EC3215-FollowerState] INFO  impl.RoleInfo (RoleInfo.java:updateAndGet(139)) - da1def5c-cec2-4abd-8fe1-fa8043868437: start da1def5c-cec2-4abd-8fe1-fa8043868437@group-A3DC51EC3215-LeaderElection24
2022-06-21 13:54:09,375 [grpc-default-executor-2] INFO  server.RaftServer$Division (RaftServerImpl.java:requestVote(1152)) - da1def5c-cec2-4abd-8fe1-fa8043868437@group-A3DC51EC3215: receive requestVote(ELECTION, d57b37be-f0fe-43c7-a820-540586909dc7, group-A3DC51EC3215, 4, (t:0, i:0))
2022-06-21 13:54:09,376 [grpc-default-executor-2] INFO  impl.VoteContext (VoteContext.java:log(48)) - da1def5c-cec2-4abd-8fe1-fa8043868437@group-A3DC51EC3215-CANDIDATE: accept ELECTION from d57b37be-f0fe-43c7-a820-540586909dc7: our priority 0 <= candidate's priority 1
2022-06-21 13:54:09,376 [grpc-default-executor-2] INFO  server.RaftServer$Division (RaftServerImpl.java:setRole(299)) - da1def5c-cec2-4abd-8fe1-fa8043868437@group-A3DC51EC3215: changes role from CANDIDATE to FOLLOWER at term 4 for candidate:d57b37be-f0fe-43c7-a820-540586909dc7
2022-06-21 13:54:09,377 [grpc-default-executor-2] INFO  impl.RoleInfo (RoleInfo.java:shutdownLeaderElection(130)) - da1def5c-cec2-4abd-8fe1-fa8043868437: shutdown da1def5c-cec2-4abd-8fe1-fa8043868437@group-A3DC51EC3215-LeaderElection24
2022-06-21 13:54:09,377 [grpc-default-executor-2] INFO  impl.RoleInfo (RoleInfo.java:updateAndGet(139)) - da1def5c-cec2-4abd-8fe1-fa8043868437: start da1def5c-cec2-4abd-8fe1-fa8043868437@group-A3DC51EC3215-FollowerState
2022-06-21 13:54:09,376 [grpc-default-executor-1] INFO  server.RaftServer$Division (RaftServerImpl.java:requestVote(1152)) - 81fc78bc-3d93-43eb-a149-ca8877d229a2@group-A3DC51EC3215: receive requestVote(ELECTION, d57b37be-f0fe-43c7-a820-540586909dc7, group-A3DC51EC3215, 4, (t:0, i:0))
2022-06-21 13:54:09,378 [grpc-default-executor-2] INFO  server.RaftServer$Division (RaftServerImpl.java:requestVote(1184)) - da1def5c-cec2-4abd-8fe1-fa8043868437@group-A3DC51EC3215 replies to ELECTION vote request: d57b37be-f0fe-43c7-a820-540586909dc7<-da1def5c-cec2-4abd-8fe1-fa8043868437#0:OK-t4. Peer's state: da1def5c-cec2-4abd-8fe1-fa8043868437@group-A3DC51EC3215:t4, leader=null, voted=d57b37be-f0fe-43c7-a820-540586909dc7, raftlog=da1def5c-cec2-4abd-8fe1-fa8043868437@group-A3DC51EC3215-SegmentedRaftLog:OPENED:c-1, conf=-1: [d57b37be-f0fe-43c7-a820-540586909dc7|rpc:10.1.0.15:46147|dataStream:|priority:1, da1def5c-cec2-4abd-8fe1-fa8043868437|rpc:10.1.0.15:45839|dataStream:|priority:0, 81fc78bc-3d93-43eb-a149-ca8877d229a2|rpc:10.1.0.15:44705|dataStream:|priority:0], old=null
2022-06-21 13:54:09,379 [d57b37be-f0fe-43c7-a820-540586909dc7@group-A3DC51EC3215-LeaderElection22] INFO  impl.LeaderElection (LeaderElection.java:logAndReturn(90)) - d57b37be-f0fe-43c7-a820-540586909dc7@group-A3DC51EC3215-LeaderElection22: ELECTION PASSED received 1 response(s) and 0 exception(s):
2022-06-21 13:54:09,380 [d57b37be-f0fe-43c7-a820-540586909dc7@group-A3DC51EC3215-LeaderElection22] INFO  impl.LeaderElection (LeaderElection.java:logAndReturn(94)) -   Response 0: d57b37be-f0fe-43c7-a820-540586909dc7<-da1def5c-cec2-4abd-8fe1-fa8043868437#0:OK-t4
2022-06-21 13:54:09,380 [d57b37be-f0fe-43c7-a820-540586909dc7@group-A3DC51EC3215-LeaderElection22] INFO  impl.LeaderElection (LeaderElection.java:askForVotes(312)) - d57b37be-f0fe-43c7-a820-540586909dc7@group-A3DC51EC3215-LeaderElection22 ELECTION round 0: result PASSED
2022-06-21 13:54:09,380 [d57b37be-f0fe-43c7-a820-540586909dc7@group-A3DC51EC3215-LeaderElection22] INFO  impl.RoleInfo (RoleInfo.java:shutdownLeaderElection(130)) - d57b37be-f0fe-43c7-a820-540586909dc7: shutdown d57b37be-f0fe-43c7-a820-540586909dc7@group-A3DC51EC3215-LeaderElection22
2022-06-21 13:54:09,380 [d57b37be-f0fe-43c7-a820-540586909dc7@group-A3DC51EC3215-LeaderElection22] INFO  server.RaftServer$Division (RaftServerImpl.java:setRole(299)) - d57b37be-f0fe-43c7-a820-540586909dc7@group-A3DC51EC3215: changes role from CANDIDATE to LEADER at term 4 for changeToLeader
2022-06-21 13:54:09,380 [d57b37be-f0fe-43c7-a820-540586909dc7@group-A3DC51EC3215-LeaderElection22] INFO  ratis.XceiverServerRatis (XceiverServerRatis.java:handleLeaderChangedNotification(863)) - Leader change notification received for group: group-A3DC51EC3215 with new leaderId: d57b37be-f0fe-43c7-a820-540586909dc7
2022-06-21 13:54:09,380 [d57b37be-f0fe-43c7-a820-540586909dc7@group-A3DC51EC3215-LeaderElection22] INFO  server.RaftServer$Division (ServerState.java:setLeader(287)) - d57b37be-f0fe-43c7-a820-540586909dc7@group-A3DC51EC3215: change Leader from null to d57b37be-f0fe-43c7-a820-540586909dc7 at term 4 for becomeLeader, leader elected after 20460ms
2022-06-21 13:54:09,380 [d57b37be-f0fe-43c7-a820-540586909dc7@group-A3DC51EC3215-LeaderElection22] INFO  server.RaftServerConfigKeys (ConfUtils.java:logGet(46)) - raft.server.staging.catchup.gap = 1000 (default)
2022-06-21 13:54:09,380 [d57b37be-f0fe-43c7-a820-540586909dc7@group-A3DC51EC3215-LeaderElection22] INFO  server.RaftServerConfigKeys (ConfUtils.java:logGet(46)) - raft.server.write.element-limit = 1024 (custom)
2022-06-21 13:54:09,380 [d57b37be-f0fe-43c7-a820-540586909dc7@group-A3DC51EC3215-LeaderElection22] INFO  server.RaftServerConfigKeys (ConfUtils.java:logGet(46)) - raft.server.write.byte-limit = 1024 M (=1073741824) (custom)
2022-06-21 13:54:09,380 [da1def5c-cec2-4abd-8fe1-fa8043868437@group-A3DC51EC3215-LeaderElection24] INFO  impl.LeaderElection (LeaderElection.java:run(231)) - da1def5c-cec2-4abd-8fe1-fa8043868437@group-A3DC51EC3215-LeaderElection24: skip running since this is already CLOSING
2022-06-21 13:54:09,380 [d57b37be-f0fe-43c7-a820-540586909dc7@group-A3DC51EC3215-LeaderElection22] INFO  server.RaftServerConfigKeys (ConfUtils.java:logGet(46)) - raft.server.watch.timeout = 180s (custom)
2022-06-21 13:54:09,383 [d57b37be-f0fe-43c7-a820-540586909dc7@group-A3DC51EC3215-LeaderElection22] INFO  server.RaftServerConfigKeys (ConfUtils.java:logGet(46)) - raft.server.watch.timeout.denomination = 1s (default)
2022-06-21 13:54:09,382 [EventQueue-PipelineReportForPipelineReportHandler] INFO  pipeline.PipelineManagerImpl (PipelineManagerImpl.java:openPipeline(356)) - Pipeline Pipeline[ Id: 1591b29d-177a-435d-942b-a3dc51ec3215, Nodes: 81fc78bc-3d93-43eb-a149-ca8877d229a2{ip: 10.1.0.15, host: fv-az194-567.vahfjs35atkulmpwh5ujf4txfe.jx.internal.cloudapp.net, ports: [REPLICATION=44627, RATIS=44705, RATIS_ADMIN=44705, RATIS_SERVER=44705, STANDALONE=46361], networkLocation: /default-rack, certSerialId: null, persistedOpState: IN_SERVICE, persistedOpStateExpiryEpochSec: 0}d57b37be-f0fe-43c7-a820-540586909dc7{ip: 10.1.0.15, host: fv-az194-567.vahfjs35atkulmpwh5ujf4txfe.jx.internal.cloudapp.net, ports: [REPLICATION=45065, RATIS=46147, RATIS_ADMIN=46147, RATIS_SERVER=46147, STANDALONE=43085], networkLocation: /default-rack, certSerialId: null, persistedOpState: IN_SERVICE, persistedOpStateExpiryEpochSec: 0}da1def5c-cec2-4abd-8fe1-fa8043868437{ip: 10.1.0.15, host: fv-az194-567.vahfjs35atkulmpwh5ujf4txfe.jx.internal.cloudapp.net, ports: [REPLICATION=42435, RATIS=45839, RATIS_ADMIN=45839, RATIS_SERVER=45839, STANDALONE=42299], networkLocation: /default-rack, certSerialId: null, persistedOpState: IN_SERVICE, persistedOpStateExpiryEpochSec: 0}, ReplicationConfig: RATIS/THREE, State:ALLOCATED, leaderId:d57b37be-f0fe-43c7-a820-540586909dc7, CreationTimestamp2022-06-21T13:53:46.912Z[Etc/UTC]] moved to OPEN state
2022-06-21 13:54:09,383 [d57b37be-f0fe-43c7-a820-540586909dc7@group-A3DC51EC3215-LeaderElection22] INFO  server.RaftServerConfigKeys (ConfUtils.java:logGet(46)) - raft.server.watch.element-limit = 65536 (default)
2022-06-21 13:54:09,384 [d57b37be-f0fe-43c7-a820-540586909dc7@group-A3DC51EC3215-LeaderElection22] INFO  server.RaftServerConfigKeys (ConfUtils.java:logGet(46)) - raft.server.write.element-limit = 1024 (custom)
2022-06-21 13:54:09,384 [d57b37be-f0fe-43c7-a820-540586909dc7@group-A3DC51EC3215-LeaderElection22] INFO  server.RaftServerConfigKeys (ConfUtils.java:logGet(46)) - raft.server.write.follower.gap.ratio.max = -1.0 (default)
2022-06-21 13:54:09,384 [d57b37be-f0fe-43c7-a820-540586909dc7@group-A3DC51EC3215-LeaderElection22] INFO  server.RaftServerConfigKeys (ConfUtils.java:logGet(46)) - raft.server.log.appender.snapshot.chunk.size.max = 16MB (=16777216) (default)
2022-06-21 13:54:09,384 [grpc-default-executor-1] INFO  impl.VoteContext (VoteContext.java:log(48)) - 81fc78bc-3d93-43eb-a149-ca8877d229a2@group-A3DC51EC3215-CANDIDATE: reject ELECTION from d57b37be-f0fe-43c7-a820-540586909dc7: already has voted for 81fc78bc-3d93-43eb-a149-ca8877d229a2 at current term 4
2022-06-21 13:54:09,384 [81fc78bc-3d93-43eb-a149-ca8877d229a2@group-A3DC51EC3215-LeaderElection23] INFO  impl.LeaderElection (LeaderElection.java:askForVotes(310)) - 81fc78bc-3d93-43eb-a149-ca8877d229a2@group-A3DC51EC3215-LeaderElection23 ELECTION round 0: submit vote requests at term 4 for -1: [d57b37be-f0fe-43c7-a820-540586909dc7|rpc:10.1.0.15:46147|priority:1, da1def5c-cec2-4abd-8fe1-fa8043868437|rpc:10.1.0.15:45839|priority:0, 81fc78bc-3d93-43eb-a149-ca8877d229a2|rpc:10.1.0.15:44705|priority:0], old=null
2022-06-21 13:54:09,387 [grpc-default-executor-1] INFO  server.RaftServer$Division (RaftServerImpl.java:requestVote(1184)) - 81fc78bc-3d93-43eb-a149-ca8877d229a2@group-A3DC51EC3215 replies to ELECTION vote request: d57b37be-f0fe-43c7-a820-540586909dc7<-81fc78bc-3d93-43eb-a149-ca8877d229a2#0:FAIL-t4. Peer's state: 81fc78bc-3d93-43eb-a149-ca8877d229a2@group-A3DC51EC3215:t4, leader=null, voted=81fc78bc-3d93-43eb-a149-ca8877d229a2, raftlog=81fc78bc-3d93-43eb-a149-ca8877d229a2@group-A3DC51EC3215-SegmentedRaftLog:OPENED:c-1, conf=-1: [d57b37be-f0fe-43c7-a820-540586909dc7|rpc:10.1.0.15:46147|priority:1, da1def5c-cec2-4abd-8fe1-fa8043868437|rpc:10.1.0.15:45839|priority:0, 81fc78bc-3d93-43eb-a149-ca8877d229a2|rpc:10.1.0.15:44705|priority:0], old=null
2022-06-21 13:54:09,384 [d57b37be-f0fe-43c7-a820-540586909dc7@group-A3DC51EC3215-LeaderElection22] INFO  server.RaftServerConfigKeys (ConfUtils.java:logGet(46)) - raft.server.log.appender.buffer.byte-limit = 33554432 (custom)
2022-06-21 13:54:09,387 [d57b37be-f0fe-43c7-a820-540586909dc7@group-A3DC51EC3215-LeaderElection22] INFO  server.RaftServerConfigKeys (ConfUtils.java:logGet(46)) - raft.server.log.appender.buffer.element-limit = 1 (custom)
2022-06-21 13:54:09,398 [d57b37be-f0fe-43c7-a820-540586909dc7@group-A3DC51EC3215-LeaderElection22] INFO  grpc.GrpcConfigKeys (ConfUtils.java:logGet(46)) - raft.grpc.server.leader.outstanding.appends.max = 128 (default)
2022-06-21 13:54:09,398 [d57b37be-f0fe-43c7-a820-540586909dc7@group-A3DC51EC3215-LeaderElection22] INFO  server.RaftServerConfigKeys (ConfUtils.java:logGet(46)) - raft.server.rpc.request.timeout = 60s (custom)
2022-06-21 13:54:09,398 [d57b37be-f0fe-43c7-a820-540586909dc7@group-A3DC51EC3215-LeaderElection22] INFO  server.RaftServerConfigKeys (ConfUtils.java:logGet(46)) - raft.server.log.appender.install.snapshot.enabled = false (custom)
2022-06-21 13:54:09,399 [d57b37be-f0fe-43c7-a820-540586909dc7@group-A3DC51EC3215-LeaderElection22] INFO  server.RaftServerConfigKeys (ConfUtils.java:logGet(46)) - raft.server.log.appender.snapshot.chunk.size.max = 16MB (=16777216) (default)
2022-06-21 13:54:09,399 [d57b37be-f0fe-43c7-a820-540586909dc7@group-A3DC51EC3215-LeaderElection22] INFO  server.RaftServerConfigKeys (ConfUtils.java:logGet(46)) - raft.server.log.appender.buffer.byte-limit = 33554432 (custom)
2022-06-21 13:54:09,399 [d57b37be-f0fe-43c7-a820-540586909dc7@group-A3DC51EC3215-LeaderElection22] INFO  server.RaftServerConfigKeys (ConfUtils.java:logGet(46)) - raft.server.log.appender.buffer.element-limit = 1 (custom)
2022-06-21 13:54:09,399 [d57b37be-f0fe-43c7-a820-540586909dc7@group-A3DC51EC3215-LeaderElection22] INFO  grpc.GrpcConfigKeys (ConfUtils.java:logGet(46)) - raft.grpc.server.leader.outstanding.appends.max = 128 (default)
2022-06-21 13:54:09,399 [d57b37be-f0fe-43c7-a820-540586909dc7@group-A3DC51EC3215-LeaderElection22] INFO  server.RaftServerConfigKeys (ConfUtils.java:logGet(46)) - raft.server.rpc.request.timeout = 60s (custom)
2022-06-21 13:54:09,399 [d57b37be-f0fe-43c7-a820-540586909dc7@group-A3DC51EC3215-LeaderElection22] INFO  server.RaftServerConfigKeys (ConfUtils.java:logGet(46)) - raft.server.log.appender.install.snapshot.enabled = false (custom)
2022-06-21 13:54:09,399 [d57b37be-f0fe-43c7-a820-540586909dc7@group-A3DC51EC3215-LeaderElection22] INFO  impl.RoleInfo (RoleInfo.java:updateAndGet(139)) - d57b37be-f0fe-43c7-a820-540586909dc7: start d57b37be-f0fe-43c7-a820-540586909dc7@group-A3DC51EC3215-LeaderStateImpl
2022-06-21 13:54:09,399 [d57b37be-f0fe-43c7-a820-540586909dc7@group-A3DC51EC3215-LeaderElection22] INFO  segmented.SegmentedRaftLogWorker (SegmentedRaftLogWorker.java:startLogSegment(425)) - d57b37be-f0fe-43c7-a820-540586909dc7@group-A3DC51EC3215-SegmentedRaftLogWorker: Starting segment from index:0
2022-06-21 13:54:09,401 [d57b37be-f0fe-43c7-a820-540586909dc7@group-A3DC51EC3215-SegmentedRaftLogWorker] INFO  segmented.SegmentedRaftLogWorker (SegmentedRaftLogWorker.java:execute(629)) - d57b37be-f0fe-43c7-a820-540586909dc7@group-A3DC51EC3215-SegmentedRaftLogWorker: created new log segment /home/runner/work/ozone/ozone/hadoop-ozone/integration-test/target/test-dir/MiniOzoneClusterImpl-034e9286-fd65-458d-99c2-fe4308dd713a/datanode-1/data/ratis/1591b29d-177a-435d-942b-a3dc51ec3215/current/log_inprogress_0
2022-06-21 13:54:09,467 [grpc-default-executor-1] INFO  server.RaftServer$Division (RaftServerImpl.java:requestVote(1152)) - da1def5c-cec2-4abd-8fe1-fa8043868437@group-A3DC51EC3215: receive requestVote(ELECTION, 81fc78bc-3d93-43eb-a149-ca8877d229a2, group-A3DC51EC3215, 4, (t:0, i:0))
2022-06-21 13:54:09,467 [grpc-default-executor-1] INFO  impl.VoteContext (VoteContext.java:log(48)) - da1def5c-cec2-4abd-8fe1-fa8043868437@group-A3DC51EC3215-FOLLOWER: reject ELECTION from 81fc78bc-3d93-43eb-a149-ca8877d229a2: already has voted for d57b37be-f0fe-43c7-a820-540586909dc7 at current term 4
2022-06-21 13:54:09,467 [grpc-default-executor-1] INFO  server.RaftServer$Division (RaftServerImpl.java:requestVote(1184)) - da1def5c-cec2-4abd-8fe1-fa8043868437@group-A3DC51EC3215 replies to ELECTION vote request: 81fc78bc-3d93-43eb-a149-ca8877d229a2<-da1def5c-cec2-4abd-8fe1-fa8043868437#0:FAIL-t4. Peer's state: da1def5c-cec2-4abd-8fe1-fa8043868437@group-A3DC51EC3215:t4, leader=null, voted=d57b37be-f0fe-43c7-a820-540586909dc7, raftlog=da1def5c-cec2-4abd-8fe1-fa8043868437@group-A3DC51EC3215-SegmentedRaftLog:OPENED:c-1, conf=-1: [d57b37be-f0fe-43c7-a820-540586909dc7|rpc:10.1.0.15:46147|dataStream:|priority:1, da1def5c-cec2-4abd-8fe1-fa8043868437|rpc:10.1.0.15:45839|dataStream:|priority:0, 81fc78bc-3d93-43eb-a149-ca8877d229a2|rpc:10.1.0.15:44705|dataStream:|priority:0], old=null
2022-06-21 13:54:09,467 [grpc-default-executor-2] INFO  server.RaftServer$Division (RaftServerImpl.java:requestVote(1152)) - d57b37be-f0fe-43c7-a820-540586909dc7@group-A3DC51EC3215: receive requestVote(ELECTION, 81fc78bc-3d93-43eb-a149-ca8877d229a2, group-A3DC51EC3215, 4, (t:0, i:0))
2022-06-21 13:54:09,459 [81fc78bc-3d93-43eb-a149-ca8877d229a2-server-thread1] INFO  server.RaftServer$Division (RaftServerImpl.java:setRole(299)) - 81fc78bc-3d93-43eb-a149-ca8877d229a2@group-A3DC51EC3215: changes role from CANDIDATE to FOLLOWER at term 4 for appendEntries
2022-06-21 13:54:09,470 [81fc78bc-3d93-43eb-a149-ca8877d229a2-server-thread1] INFO  impl.RoleInfo (RoleInfo.java:shutdownLeaderElection(130)) - 81fc78bc-3d93-43eb-a149-ca8877d229a2: shutdown 81fc78bc-3d93-43eb-a149-ca8877d229a2@group-A3DC51EC3215-LeaderElection23
2022-06-21 13:54:09,470 [81fc78bc-3d93-43eb-a149-ca8877d229a2-server-thread1] INFO  impl.RoleInfo (RoleInfo.java:updateAndGet(139)) - 81fc78bc-3d93-43eb-a149-ca8877d229a2: start 81fc78bc-3d93-43eb-a149-ca8877d229a2@group-A3DC51EC3215-FollowerState
2022-06-21 13:54:09,434 [d57b37be-f0fe-43c7-a820-540586909dc7@group-A3DC51EC3215-LeaderElection22] INFO  server.RaftServer$Division (ServerState.java:setRaftConf(393)) - d57b37be-f0fe-43c7-a820-540586909dc7@group-A3DC51EC3215: set configuration 0: [d57b37be-f0fe-43c7-a820-540586909dc7|rpc:10.1.0.15:46147|dataStream:|priority:1, da1def5c-cec2-4abd-8fe1-fa8043868437|rpc:10.1.0.15:45839|dataStream:|priority:0, 81fc78bc-3d93-43eb-a149-ca8877d229a2|rpc:10.1.0.15:44705|dataStream:|priority:0], old=null
2022-06-21 13:54:09,470 [grpc-default-executor-2] INFO  impl.VoteContext (VoteContext.java:log(48)) - d57b37be-f0fe-43c7-a820-540586909dc7@group-A3DC51EC3215-LEADER: reject ELECTION from 81fc78bc-3d93-43eb-a149-ca8877d229a2: already has voted for d57b37be-f0fe-43c7-a820-540586909dc7 at current term 4
2022-06-21 13:54:09,471 [grpc-default-executor-2] INFO  server.RaftServer$Division (RaftServerImpl.java:requestVote(1184)) - d57b37be-f0fe-43c7-a820-540586909dc7@group-A3DC51EC3215 replies to ELECTION vote request: 81fc78bc-3d93-43eb-a149-ca8877d229a2<-d57b37be-f0fe-43c7-a820-540586909dc7#0:FAIL-t4. Peer's state: d57b37be-f0fe-43c7-a820-540586909dc7@group-A3DC51EC3215:t4, leader=d57b37be-f0fe-43c7-a820-540586909dc7, voted=d57b37be-f0fe-43c7-a820-540586909dc7, raftlog=d57b37be-f0fe-43c7-a820-540586909dc7@group-A3DC51EC3215-SegmentedRaftLog:OPENED:c-1, conf=0: [d57b37be-f0fe-43c7-a820-540586909dc7|rpc:10.1.0.15:46147|dataStream:|priority:1, da1def5c-cec2-4abd-8fe1-fa8043868437|rpc:10.1.0.15:45839|dataStream:|priority:0, 81fc78bc-3d93-43eb-a149-ca8877d229a2|rpc:10.1.0.15:44705|dataStream:|priority:0], old=null
2022-06-21 13:54:09,473 [81fc78bc-3d93-43eb-a149-ca8877d229a2-server-thread1] INFO  ratis.XceiverServerRatis (XceiverServerRatis.java:handleLeaderChangedNotification(863)) - Leader change notification received for group: group-A3DC51EC3215 with new leaderId: d57b37be-f0fe-43c7-a820-540586909dc7
2022-06-21 13:54:09,473 [81fc78bc-3d93-43eb-a149-ca8877d229a2-server-thread1] INFO  server.RaftServer$Division (ServerState.java:setLeader(287)) - 81fc78bc-3d93-43eb-a149-ca8877d229a2@group-A3DC51EC3215: change Leader from null to d57b37be-f0fe-43c7-a820-540586909dc7 at term 4 for appendEntries, leader elected after 20626ms
2022-06-21 13:54:09,479 [da1def5c-cec2-4abd-8fe1-fa8043868437-server-thread1] INFO  ratis.XceiverServerRatis (XceiverServerRatis.java:handleLeaderChangedNotification(863)) - Leader change notification received for group: group-A3DC51EC3215 with new leaderId: d57b37be-f0fe-43c7-a820-540586909dc7
2022-06-21 13:54:09,480 [da1def5c-cec2-4abd-8fe1-fa8043868437-server-thread1] INFO  server.RaftServer$Division (ServerState.java:setLeader(287)) - da1def5c-cec2-4abd-8fe1-fa8043868437@group-A3DC51EC3215: change Leader from null to d57b37be-f0fe-43c7-a820-540586909dc7 at term 4 for appendEntries, leader elected after 20452ms
2022-06-21 13:54:09,480 [da1def5c-cec2-4abd-8fe1-fa8043868437-server-thread1] INFO  server.RaftServer$Division (ServerState.java:setRaftConf(393)) - da1def5c-cec2-4abd-8fe1-fa8043868437@group-A3DC51EC3215: set configuration 0: [d57b37be-f0fe-43c7-a820-540586909dc7|rpc:10.1.0.15:46147|dataStream:|priority:1, da1def5c-cec2-4abd-8fe1-fa8043868437|rpc:10.1.0.15:45839|dataStream:|priority:0, 81fc78bc-3d93-43eb-a149-ca8877d229a2|rpc:10.1.0.15:44705|dataStream:|priority:0], old=null
2022-06-21 13:54:09,481 [da1def5c-cec2-4abd-8fe1-fa8043868437-server-thread1] INFO  segmented.SegmentedRaftLogWorker (SegmentedRaftLogWorker.java:startLogSegment(425)) - da1def5c-cec2-4abd-8fe1-fa8043868437@group-A3DC51EC3215-SegmentedRaftLogWorker: Starting segment from index:0
2022-06-21 13:54:09,482 [da1def5c-cec2-4abd-8fe1-fa8043868437@group-A3DC51EC3215-SegmentedRaftLogWorker] INFO  segmented.SegmentedRaftLogWorker (SegmentedRaftLogWorker.java:execute(629)) - da1def5c-cec2-4abd-8fe1-fa8043868437@group-A3DC51EC3215-SegmentedRaftLogWorker: created new log segment /home/runner/work/ozone/ozone/hadoop-ozone/integration-test/target/test-dir/MiniOzoneClusterImpl-034e9286-fd65-458d-99c2-fe4308dd713a/datanode-2/data/ratis/1591b29d-177a-435d-942b-a3dc51ec3215/current/log_inprogress_0
2022-06-21 13:54:09,491 [81fc78bc-3d93-43eb-a149-ca8877d229a2@group-A3DC51EC3215-LeaderElection23] INFO  impl.LeaderElection (LeaderElection.java:logAndReturn(90)) - 81fc78bc-3d93-43eb-a149-ca8877d229a2@group-A3DC51EC3215-LeaderElection23: ELECTION REJECTED received 2 response(s) and 0 exception(s):
2022-06-21 13:54:09,491 [81fc78bc-3d93-43eb-a149-ca8877d229a2@group-A3DC51EC3215-LeaderElection23] INFO  impl.LeaderElection (LeaderElection.java:logAndReturn(94)) -   Response 0: 81fc78bc-3d93-43eb-a149-ca8877d229a2<-d57b37be-f0fe-43c7-a820-540586909dc7#0:FAIL-t4
2022-06-21 13:54:09,491 [81fc78bc-3d93-43eb-a149-ca8877d229a2@group-A3DC51EC3215-LeaderElection23] INFO  impl.LeaderElection (LeaderElection.java:logAndReturn(94)) -   Response 1: 81fc78bc-3d93-43eb-a149-ca8877d229a2<-da1def5c-cec2-4abd-8fe1-fa8043868437#0:FAIL-t4
2022-06-21 13:54:09,491 [81fc78bc-3d93-43eb-a149-ca8877d229a2@group-A3DC51EC3215-LeaderElection23] INFO  impl.LeaderElection (LeaderElection.java:askForVotes(312)) - 81fc78bc-3d93-43eb-a149-ca8877d229a2@group-A3DC51EC3215-LeaderElection23 ELECTION round 0: result REJECTED
2022-06-21 13:54:09,495 [81fc78bc-3d93-43eb-a149-ca8877d229a2-server-thread1] INFO  server.RaftServer$Division (ServerState.java:setRaftConf(393)) - 81fc78bc-3d93-43eb-a149-ca8877d229a2@group-A3DC51EC3215: set configuration 0: [d57b37be-f0fe-43c7-a820-540586909dc7|rpc:10.1.0.15:46147|dataStream:|priority:1, da1def5c-cec2-4abd-8fe1-fa8043868437|rpc:10.1.0.15:45839|dataStream:|priority:0, 81fc78bc-3d93-43eb-a149-ca8877d229a2|rpc:10.1.0.15:44705|dataStream:|priority:0], old=null
2022-06-21 13:54:09,495 [81fc78bc-3d93-43eb-a149-ca8877d229a2-server-thread1] INFO  segmented.SegmentedRaftLogWorker (SegmentedRaftLogWorker.java:startLogSegment(425)) - 81fc78bc-3d93-43eb-a149-ca8877d229a2@group-A3DC51EC3215-SegmentedRaftLogWorker: Starting segment from index:0
2022-06-21 13:54:09,496 [81fc78bc-3d93-43eb-a149-ca8877d229a2@group-A3DC51EC3215-SegmentedRaftLogWorker] INFO  segmented.SegmentedRaftLogWorker (SegmentedRaftLogWorker.java:execute(629)) - 81fc78bc-3d93-43eb-a149-ca8877d229a2@group-A3DC51EC3215-SegmentedRaftLogWorker: created new log segment /home/runner/work/ozone/ozone/hadoop-ozone/integration-test/target/test-dir/MiniOzoneClusterImpl-034e9286-fd65-458d-99c2-fe4308dd713a/datanode-0/data/ratis/1591b29d-177a-435d-942b-a3dc51ec3215/current/log_inprogress_0
]]></system-out>
  </testcase>
  <testcase name="testListStatusOnLargeDirectoryForACLCheck" classname="TestOzoneFileSystem" time="3.899"/>
  <testcase name="testListStatusOnLargeDirectoryForACLCheck" classname="TestOzoneFileSystem" time="4.47"/>
  <testcase name="testRenameFileToDir" classname="TestOzoneFileSystem" time="0.041">
    <system-out><![CDATA[13:53:06.937 [IPC Server handler 16 on default port 44727] ERROR OMAudit - user=runner | ip=127.0.0.1 | op=LIST_STATUS {volume=volume19882, bucket=bucket92495, key=a/b/c/file1, dataSize=0, replicationConfig=null} | ret=FAILURE
org.apache.hadoop.ozone.om.exceptions.OMException: Unable to get file status: volume: volume19882 bucket: bucket92495 key: a/b/c/file1
	at org.apache.hadoop.ozone.om.KeyManagerImpl.getOzoneFileStatus(KeyManagerImpl.java:1311) ~[ozone-manager-1.3.0-SNAPSHOT.jar:?]
	at org.apache.hadoop.ozone.om.KeyManagerImpl.getFileStatus(KeyManagerImpl.java:1241) ~[ozone-manager-1.3.0-SNAPSHOT.jar:?]
	at org.apache.hadoop.ozone.om.KeyManagerImpl.listStatus(KeyManagerImpl.java:1565) ~[ozone-manager-1.3.0-SNAPSHOT.jar:?]
	at org.apache.hadoop.ozone.om.OzoneManager.listStatus(OzoneManager.java:3497) ~[ozone-manager-1.3.0-SNAPSHOT.jar:?]
	at org.apache.hadoop.ozone.protocolPB.OzoneManagerRequestHandler.listStatus(OzoneManagerRequestHandler.java:1028) ~[ozone-manager-1.3.0-SNAPSHOT.jar:?]
	at org.apache.hadoop.ozone.protocolPB.OzoneManagerRequestHandler.handleReadRequest(OzoneManagerRequestHandler.java:228) ~[ozone-manager-1.3.0-SNAPSHOT.jar:?]
	at org.apache.hadoop.ozone.protocolPB.OzoneManagerProtocolServerSideTranslatorPB.submitReadRequestToOM(OzoneManagerProtocolServerSideTranslatorPB.java:225) ~[ozone-manager-1.3.0-SNAPSHOT.jar:?]
	at org.apache.hadoop.ozone.protocolPB.OzoneManagerProtocolServerSideTranslatorPB.processRequest(OzoneManagerProtocolServerSideTranslatorPB.java:175) ~[ozone-manager-1.3.0-SNAPSHOT.jar:?]
	at org.apache.hadoop.hdds.server.OzoneProtocolMessageDispatcher.processRequest(OzoneProtocolMessageDispatcher.java:87) [hdds-server-framework-1.3.0-SNAPSHOT.jar:?]
	at org.apache.hadoop.ozone.protocolPB.OzoneManagerProtocolServerSideTranslatorPB.submitRequest(OzoneManagerProtocolServerSideTranslatorPB.java:147) [ozone-manager-1.3.0-SNAPSHOT.jar:?]
	at org.apache.hadoop.ozone.protocol.proto.OzoneManagerProtocolProtos$OzoneManagerService$2.callBlockingMethod(OzoneManagerProtocolProtos.java) [ozone-interface-client-1.3.0-SNAPSHOT.jar:?]
	at org.apache.hadoop.ipc.ProtobufRpcEngine$Server.processCall(ProtobufRpcEngine.java:466) [hadoop-common-3.3.1.jar:?]
	at org.apache.hadoop.ipc.ProtobufRpcEngine2$Server$ProtoBufRpcInvoker.call(ProtobufRpcEngine2.java:574) [hadoop-common-3.3.1.jar:?]
	at org.apache.hadoop.ipc.ProtobufRpcEngine2$Server$ProtoBufRpcInvoker.call(ProtobufRpcEngine2.java:552) [hadoop-common-3.3.1.jar:?]
	at org.apache.hadoop.ipc.RPC$Server.call(RPC.java:1093) [hadoop-common-3.3.1.jar:?]
	at org.apache.hadoop.ipc.Server$RpcCall.run(Server.java:1035) [hadoop-common-3.3.1.jar:?]
	at org.apache.hadoop.ipc.Server$RpcCall.run(Server.java:963) [hadoop-common-3.3.1.jar:?]
	at java.security.AccessController.doPrivileged(Native Method) ~[?:1.8.0_332]
	at javax.security.auth.Subject.doAs(Subject.java:422) [?:1.8.0_332]
	at org.apache.hadoop.security.UserGroupInformation.doAs(UserGroupInformation.java:1878) [hadoop-common-3.3.1.jar:?]
	at org.apache.hadoop.ipc.Server$Handler.run(Server.java:2966) [hadoop-common-3.3.1.jar:?]
]]></system-out>
  </testcase>
  <testcase name="testRenameFileToDir" classname="TestOzoneFileSystem" time="0.04">
    <system-out><![CDATA[13:54:09.900 [IPC Server handler 7 on default port 34499] ERROR OMAudit - user=runner | ip=127.0.0.1 | op=LIST_STATUS {volume=volume69434, bucket=bucket16378, key=a/b/c/file1, dataSize=0, replicationConfig=null} | ret=FAILURE
org.apache.hadoop.ozone.om.exceptions.OMException: Unable to get file status: volume: volume69434 bucket: bucket16378 key: a/b/c/file1
	at org.apache.hadoop.ozone.om.KeyManagerImpl.getOzoneFileStatus(KeyManagerImpl.java:1311) ~[ozone-manager-1.3.0-SNAPSHOT.jar:?]
	at org.apache.hadoop.ozone.om.KeyManagerImpl.getFileStatus(KeyManagerImpl.java:1241) ~[ozone-manager-1.3.0-SNAPSHOT.jar:?]
	at org.apache.hadoop.ozone.om.KeyManagerImpl.listStatus(KeyManagerImpl.java:1565) ~[ozone-manager-1.3.0-SNAPSHOT.jar:?]
	at org.apache.hadoop.ozone.om.OzoneManager.listStatus(OzoneManager.java:3497) ~[ozone-manager-1.3.0-SNAPSHOT.jar:?]
	at org.apache.hadoop.ozone.protocolPB.OzoneManagerRequestHandler.listStatus(OzoneManagerRequestHandler.java:1028) ~[ozone-manager-1.3.0-SNAPSHOT.jar:?]
	at org.apache.hadoop.ozone.protocolPB.OzoneManagerRequestHandler.handleReadRequest(OzoneManagerRequestHandler.java:228) ~[ozone-manager-1.3.0-SNAPSHOT.jar:?]
	at org.apache.hadoop.ozone.protocolPB.OzoneManagerProtocolServerSideTranslatorPB.submitRequestDirectlyToOM(OzoneManagerProtocolServerSideTranslatorPB.java:284) ~[ozone-manager-1.3.0-SNAPSHOT.jar:?]
	at org.apache.hadoop.ozone.protocolPB.OzoneManagerProtocolServerSideTranslatorPB.processRequest(OzoneManagerProtocolServerSideTranslatorPB.java:207) ~[ozone-manager-1.3.0-SNAPSHOT.jar:?]
	at org.apache.hadoop.hdds.server.OzoneProtocolMessageDispatcher.processRequest(OzoneProtocolMessageDispatcher.java:87) [hdds-server-framework-1.3.0-SNAPSHOT.jar:?]
	at org.apache.hadoop.ozone.protocolPB.OzoneManagerProtocolServerSideTranslatorPB.submitRequest(OzoneManagerProtocolServerSideTranslatorPB.java:147) [ozone-manager-1.3.0-SNAPSHOT.jar:?]
	at org.apache.hadoop.ozone.protocol.proto.OzoneManagerProtocolProtos$OzoneManagerService$2.callBlockingMethod(OzoneManagerProtocolProtos.java) [ozone-interface-client-1.3.0-SNAPSHOT.jar:?]
	at org.apache.hadoop.ipc.ProtobufRpcEngine$Server.processCall(ProtobufRpcEngine.java:466) [hadoop-common-3.3.1.jar:?]
	at org.apache.hadoop.ipc.ProtobufRpcEngine2$Server$ProtoBufRpcInvoker.call(ProtobufRpcEngine2.java:574) [hadoop-common-3.3.1.jar:?]
	at org.apache.hadoop.ipc.ProtobufRpcEngine2$Server$ProtoBufRpcInvoker.call(ProtobufRpcEngine2.java:552) [hadoop-common-3.3.1.jar:?]
	at org.apache.hadoop.ipc.RPC$Server.call(RPC.java:1093) [hadoop-common-3.3.1.jar:?]
	at org.apache.hadoop.ipc.Server$RpcCall.run(Server.java:1035) [hadoop-common-3.3.1.jar:?]
	at org.apache.hadoop.ipc.Server$RpcCall.run(Server.java:963) [hadoop-common-3.3.1.jar:?]
	at java.security.AccessController.doPrivileged(Native Method) ~[?:1.8.0_332]
	at javax.security.auth.Subject.doAs(Subject.java:422) [?:1.8.0_332]
	at org.apache.hadoop.security.UserGroupInformation.doAs(UserGroupInformation.java:1878) [hadoop-common-3.3.1.jar:?]
	at org.apache.hadoop.ipc.Server$Handler.run(Server.java:2966) [hadoop-common-3.3.1.jar:?]
]]></system-out>
  </testcase>
  <testcase name="testRenameFileToDir" classname="TestOzoneFileSystem" time="0.04">
    <system-out><![CDATA[13:55:25.134 [IPC Server handler 10 on default port 42759] ERROR OMAudit - user=runner | ip=127.0.0.1 | op=LIST_STATUS {volume=volume68340, bucket=bucket67715, key=a/b/c/file1, dataSize=0, replicationConfig=null} | ret=FAILURE
org.apache.hadoop.ozone.om.exceptions.OMException: Unable to get file status: volume: volume68340 bucket: bucket67715 key: a/b/c/file1
	at org.apache.hadoop.ozone.om.KeyManagerImpl.getOzoneFileStatus(KeyManagerImpl.java:1311) ~[ozone-manager-1.3.0-SNAPSHOT.jar:?]
	at org.apache.hadoop.ozone.om.KeyManagerImpl.getFileStatus(KeyManagerImpl.java:1241) ~[ozone-manager-1.3.0-SNAPSHOT.jar:?]
	at org.apache.hadoop.ozone.om.KeyManagerImpl.listStatus(KeyManagerImpl.java:1565) ~[ozone-manager-1.3.0-SNAPSHOT.jar:?]
	at org.apache.hadoop.ozone.om.OzoneManager.listStatus(OzoneManager.java:3497) ~[ozone-manager-1.3.0-SNAPSHOT.jar:?]
	at org.apache.hadoop.ozone.protocolPB.OzoneManagerRequestHandler.listStatus(OzoneManagerRequestHandler.java:1028) ~[ozone-manager-1.3.0-SNAPSHOT.jar:?]
	at org.apache.hadoop.ozone.protocolPB.OzoneManagerRequestHandler.handleReadRequest(OzoneManagerRequestHandler.java:228) ~[ozone-manager-1.3.0-SNAPSHOT.jar:?]
	at org.apache.hadoop.ozone.protocolPB.OzoneManagerProtocolServerSideTranslatorPB.submitReadRequestToOM(OzoneManagerProtocolServerSideTranslatorPB.java:225) ~[ozone-manager-1.3.0-SNAPSHOT.jar:?]
	at org.apache.hadoop.ozone.protocolPB.OzoneManagerProtocolServerSideTranslatorPB.processRequest(OzoneManagerProtocolServerSideTranslatorPB.java:175) ~[ozone-manager-1.3.0-SNAPSHOT.jar:?]
	at org.apache.hadoop.hdds.server.OzoneProtocolMessageDispatcher.processRequest(OzoneProtocolMessageDispatcher.java:87) [hdds-server-framework-1.3.0-SNAPSHOT.jar:?]
	at org.apache.hadoop.ozone.protocolPB.OzoneManagerProtocolServerSideTranslatorPB.submitRequest(OzoneManagerProtocolServerSideTranslatorPB.java:147) [ozone-manager-1.3.0-SNAPSHOT.jar:?]
	at org.apache.hadoop.ozone.protocol.proto.OzoneManagerProtocolProtos$OzoneManagerService$2.callBlockingMethod(OzoneManagerProtocolProtos.java) [ozone-interface-client-1.3.0-SNAPSHOT.jar:?]
	at org.apache.hadoop.ipc.ProtobufRpcEngine$Server.processCall(ProtobufRpcEngine.java:466) [hadoop-common-3.3.1.jar:?]
	at org.apache.hadoop.ipc.ProtobufRpcEngine2$Server$ProtoBufRpcInvoker.call(ProtobufRpcEngine2.java:574) [hadoop-common-3.3.1.jar:?]
	at org.apache.hadoop.ipc.ProtobufRpcEngine2$Server$ProtoBufRpcInvoker.call(ProtobufRpcEngine2.java:552) [hadoop-common-3.3.1.jar:?]
	at org.apache.hadoop.ipc.RPC$Server.call(RPC.java:1093) [hadoop-common-3.3.1.jar:?]
	at org.apache.hadoop.ipc.Server$RpcCall.run(Server.java:1035) [hadoop-common-3.3.1.jar:?]
	at org.apache.hadoop.ipc.Server$RpcCall.run(Server.java:963) [hadoop-common-3.3.1.jar:?]
	at java.security.AccessController.doPrivileged(Native Method) ~[?:1.8.0_332]
	at javax.security.auth.Subject.doAs(Subject.java:422) [?:1.8.0_332]
	at org.apache.hadoop.security.UserGroupInformation.doAs(UserGroupInformation.java:1878) [hadoop-common-3.3.1.jar:?]
	at org.apache.hadoop.ipc.Server$Handler.run(Server.java:2966) [hadoop-common-3.3.1.jar:?]
]]></system-out>
  </testcase>
  <testcase name="testRenameFileToDir" classname="TestOzoneFileSystem" time="0.058">
    <system-out><![CDATA[13:56:39.389 [IPC Server handler 13 on default port 33745] ERROR OMAudit - user=runner | ip=127.0.0.1 | op=LIST_STATUS {volume=volume37829, bucket=bucket78784, key=a/b/c/file1, dataSize=0, replicationConfig=null} | ret=FAILURE
org.apache.hadoop.ozone.om.exceptions.OMException: Unable to get file status: volume: volume37829 bucket: bucket78784 key: a/b/c/file1
	at org.apache.hadoop.ozone.om.KeyManagerImpl.getOzoneFileStatus(KeyManagerImpl.java:1311) ~[ozone-manager-1.3.0-SNAPSHOT.jar:?]
	at org.apache.hadoop.ozone.om.KeyManagerImpl.getFileStatus(KeyManagerImpl.java:1241) ~[ozone-manager-1.3.0-SNAPSHOT.jar:?]
	at org.apache.hadoop.ozone.om.KeyManagerImpl.listStatus(KeyManagerImpl.java:1565) ~[ozone-manager-1.3.0-SNAPSHOT.jar:?]
	at org.apache.hadoop.ozone.om.OzoneManager.listStatus(OzoneManager.java:3497) ~[ozone-manager-1.3.0-SNAPSHOT.jar:?]
	at org.apache.hadoop.ozone.protocolPB.OzoneManagerRequestHandler.listStatus(OzoneManagerRequestHandler.java:1028) ~[ozone-manager-1.3.0-SNAPSHOT.jar:?]
	at org.apache.hadoop.ozone.protocolPB.OzoneManagerRequestHandler.handleReadRequest(OzoneManagerRequestHandler.java:228) ~[ozone-manager-1.3.0-SNAPSHOT.jar:?]
	at org.apache.hadoop.ozone.protocolPB.OzoneManagerProtocolServerSideTranslatorPB.submitRequestDirectlyToOM(OzoneManagerProtocolServerSideTranslatorPB.java:284) ~[ozone-manager-1.3.0-SNAPSHOT.jar:?]
	at org.apache.hadoop.ozone.protocolPB.OzoneManagerProtocolServerSideTranslatorPB.processRequest(OzoneManagerProtocolServerSideTranslatorPB.java:207) ~[ozone-manager-1.3.0-SNAPSHOT.jar:?]
	at org.apache.hadoop.hdds.server.OzoneProtocolMessageDispatcher.processRequest(OzoneProtocolMessageDispatcher.java:87) [hdds-server-framework-1.3.0-SNAPSHOT.jar:?]
	at org.apache.hadoop.ozone.protocolPB.OzoneManagerProtocolServerSideTranslatorPB.submitRequest(OzoneManagerProtocolServerSideTranslatorPB.java:147) [ozone-manager-1.3.0-SNAPSHOT.jar:?]
	at org.apache.hadoop.ozone.protocol.proto.OzoneManagerProtocolProtos$OzoneManagerService$2.callBlockingMethod(OzoneManagerProtocolProtos.java) [ozone-interface-client-1.3.0-SNAPSHOT.jar:?]
	at org.apache.hadoop.ipc.ProtobufRpcEngine$Server.processCall(ProtobufRpcEngine.java:466) [hadoop-common-3.3.1.jar:?]
	at org.apache.hadoop.ipc.ProtobufRpcEngine2$Server$ProtoBufRpcInvoker.call(ProtobufRpcEngine2.java:574) [hadoop-common-3.3.1.jar:?]
	at org.apache.hadoop.ipc.ProtobufRpcEngine2$Server$ProtoBufRpcInvoker.call(ProtobufRpcEngine2.java:552) [hadoop-common-3.3.1.jar:?]
	at org.apache.hadoop.ipc.RPC$Server.call(RPC.java:1093) [hadoop-common-3.3.1.jar:?]
	at org.apache.hadoop.ipc.Server$RpcCall.run(Server.java:1035) [hadoop-common-3.3.1.jar:?]
	at org.apache.hadoop.ipc.Server$RpcCall.run(Server.java:963) [hadoop-common-3.3.1.jar:?]
	at java.security.AccessController.doPrivileged(Native Method) ~[?:1.8.0_332]
	at javax.security.auth.Subject.doAs(Subject.java:422) [?:1.8.0_332]
	at org.apache.hadoop.security.UserGroupInformation.doAs(UserGroupInformation.java:1878) [hadoop-common-3.3.1.jar:?]
	at org.apache.hadoop.ipc.Server$Handler.run(Server.java:2966) [hadoop-common-3.3.1.jar:?]
]]></system-out>
  </testcase>
  <testcase name="testMakeDirsWithAnExistingDirectoryPath" classname="TestOzoneFileSystem" time="0.016"/>
  <testcase name="testMakeDirsWithAnExistingDirectoryPath" classname="TestOzoneFileSystem" time="0.029"/>
  <testcase name="testMakeDirsWithAnExistingDirectoryPath" classname="TestOzoneFileSystem" time="0.05"/>
  <testcase name="testMakeDirsWithAnExistingDirectoryPath" classname="TestOzoneFileSystem" time="0.058"/>
</testsuite>